<?xml version="1.0" encoding="UTF-8"?>
<testsuite xmlns:xsi="http://www.w3.org/2001/XMLSchema-instance" xsi:noNamespaceSchemaLocation="https://maven.apache.org/surefire/maven-surefire-plugin/xsd/surefire-test-report.xsd" name="org.apache.ratis.grpc.TestLeaderInstallSnapshot" time="15.67" tests="4" errors="0" skipped="0" failures="1">
  <properties>
    <property name="awt.toolkit" value="sun.awt.X11.XToolkit"/>
    <property name="java.specification.version" value="11"/>
    <property name="sun.cpu.isalist" value=""/>
    <property name="sun.jnu.encoding" value="UTF-8"/>
    <property name="java.class.path" value="/home/runner/work/ratis/ratis/ratis-test/target/test-classes:/home/runner/work/ratis/ratis/ratis-test/target/classes:/home/runner/work/ratis/ratis/ratis-common/target/classes:/home/runner/.m2/repository/org/apache/ratis/ratis-thirdparty-misc/1.0.3/ratis-thirdparty-misc-1.0.3.jar:/home/runner/work/ratis/ratis/ratis-proto/target/ratis-proto-3.0.0-SNAPSHOT.jar:/home/runner/work/ratis/ratis/ratis-common/target/test-classes:/home/runner/work/ratis/ratis/ratis-client/target/classes:/home/runner/work/ratis/ratis/ratis-server/target/classes:/home/runner/work/ratis/ratis/ratis-server-api/target/classes:/home/runner/work/ratis/ratis/ratis-metrics-api/target/classes:/home/runner/work/ratis/ratis/ratis-server/target/test-classes:/home/runner/work/ratis/ratis/ratis-metrics-default/target/classes:/home/runner/work/ratis/ratis/ratis-netty/target/classes:/home/runner/work/ratis/ratis/ratis-netty/target/test-classes:/home/runner/work/ratis/ratis/ratis-grpc/target/classes:/home/runner/work/ratis/ratis/ratis-grpc/target/test-classes:/home/runner/work/ratis/ratis/ratis-shell/target/classes:/home/runner/.m2/repository/commons-cli/commons-cli/1.5.0/commons-cli-1.5.0.jar:/home/runner/.m2/repository/org/reflections/reflections/0.10.2/reflections-0.10.2.jar:/home/runner/.m2/repository/org/javassist/javassist/3.28.0-GA/javassist-3.28.0-GA.jar:/home/runner/.m2/repository/com/google/code/findbugs/jsr305/3.0.2/jsr305-3.0.2.jar:/home/runner/.m2/repository/org/bouncycastle/bcprov-jdk15on/1.70/bcprov-jdk15on-1.70.jar:/home/runner/.m2/repository/org/bouncycastle/bcpkix-jdk15on/1.70/bcpkix-jdk15on-1.70.jar:/home/runner/.m2/repository/org/bouncycastle/bcutil-jdk15on/1.70/bcutil-jdk15on-1.70.jar:/home/runner/.m2/repository/org/slf4j/slf4j-api/1.7.36/slf4j-api-1.7.36.jar:/home/runner/.m2/repository/org/slf4j/slf4j-reload4j/1.7.36/slf4j-reload4j-1.7.36.jar:/home/runner/.m2/repository/ch/qos/reload4j/reload4j/1.2.19/reload4j-1.2.19.jar:/home/runner/.m2/repository/junit/junit/4.13.2/junit-4.13.2.jar:/home/runner/.m2/repository/org/hamcrest/hamcrest-core/1.3/hamcrest-core-1.3.jar:/home/runner/.m2/repository/org/mockito/mockito-core/4.3.1/mockito-core-4.3.1.jar:/home/runner/.m2/repository/net/bytebuddy/byte-buddy/1.12.7/byte-buddy-1.12.7.jar:/home/runner/.m2/repository/net/bytebuddy/byte-buddy-agent/1.12.7/byte-buddy-agent-1.12.7.jar:/home/runner/.m2/repository/org/objenesis/objenesis/3.2/objenesis-3.2.jar:"/>
    <property name="java.vm.vendor" value="Eclipse Adoptium"/>
    <property name="sun.arch.data.model" value="64"/>
    <property name="java.vendor.url" value="https://adoptium.net/"/>
    <property name="user.timezone" value=""/>
    <property name="java.vm.specification.version" value="11"/>
    <property name="os.name" value="Linux"/>
    <property name="sun.java.launcher" value="SUN_STANDARD"/>
    <property name="sun.boot.library.path" value="/usr/lib/jvm/temurin-11-jdk-amd64/lib"/>
    <property name="sun.java.command" value="/home/runner/work/ratis/ratis/ratis-test/target/surefire/surefirebooter9699511961937956880.jar /home/runner/work/ratis/ratis/ratis-test/target/surefire 2023-03-02T04-35-31_845-jvmRun1 surefire14676303553379741511tmp surefire_214520774223553774923tmp"/>
    <property name="jdk.debug" value="release"/>
    <property name="surefire.test.class.path" value="/home/runner/work/ratis/ratis/ratis-test/target/test-classes:/home/runner/work/ratis/ratis/ratis-test/target/classes:/home/runner/work/ratis/ratis/ratis-common/target/classes:/home/runner/.m2/repository/org/apache/ratis/ratis-thirdparty-misc/1.0.3/ratis-thirdparty-misc-1.0.3.jar:/home/runner/work/ratis/ratis/ratis-proto/target/ratis-proto-3.0.0-SNAPSHOT.jar:/home/runner/work/ratis/ratis/ratis-common/target/test-classes:/home/runner/work/ratis/ratis/ratis-client/target/classes:/home/runner/work/ratis/ratis/ratis-server/target/classes:/home/runner/work/ratis/ratis/ratis-server-api/target/classes:/home/runner/work/ratis/ratis/ratis-metrics-api/target/classes:/home/runner/work/ratis/ratis/ratis-server/target/test-classes:/home/runner/work/ratis/ratis/ratis-metrics-default/target/classes:/home/runner/work/ratis/ratis/ratis-netty/target/classes:/home/runner/work/ratis/ratis/ratis-netty/target/test-classes:/home/runner/work/ratis/ratis/ratis-grpc/target/classes:/home/runner/work/ratis/ratis/ratis-grpc/target/test-classes:/home/runner/work/ratis/ratis/ratis-shell/target/classes:/home/runner/.m2/repository/commons-cli/commons-cli/1.5.0/commons-cli-1.5.0.jar:/home/runner/.m2/repository/org/reflections/reflections/0.10.2/reflections-0.10.2.jar:/home/runner/.m2/repository/org/javassist/javassist/3.28.0-GA/javassist-3.28.0-GA.jar:/home/runner/.m2/repository/com/google/code/findbugs/jsr305/3.0.2/jsr305-3.0.2.jar:/home/runner/.m2/repository/org/bouncycastle/bcprov-jdk15on/1.70/bcprov-jdk15on-1.70.jar:/home/runner/.m2/repository/org/bouncycastle/bcpkix-jdk15on/1.70/bcpkix-jdk15on-1.70.jar:/home/runner/.m2/repository/org/bouncycastle/bcutil-jdk15on/1.70/bcutil-jdk15on-1.70.jar:/home/runner/.m2/repository/org/slf4j/slf4j-api/1.7.36/slf4j-api-1.7.36.jar:/home/runner/.m2/repository/org/slf4j/slf4j-reload4j/1.7.36/slf4j-reload4j-1.7.36.jar:/home/runner/.m2/repository/ch/qos/reload4j/reload4j/1.2.19/reload4j-1.2.19.jar:/home/runner/.m2/repository/junit/junit/4.13.2/junit-4.13.2.jar:/home/runner/.m2/repository/org/hamcrest/hamcrest-core/1.3/hamcrest-core-1.3.jar:/home/runner/.m2/repository/org/mockito/mockito-core/4.3.1/mockito-core-4.3.1.jar:/home/runner/.m2/repository/net/bytebuddy/byte-buddy/1.12.7/byte-buddy-1.12.7.jar:/home/runner/.m2/repository/net/bytebuddy/byte-buddy-agent/1.12.7/byte-buddy-agent-1.12.7.jar:/home/runner/.m2/repository/org/objenesis/objenesis/3.2/objenesis-3.2.jar:"/>
    <property name="sun.cpu.endian" value="little"/>
    <property name="user.home" value="/home/runner"/>
    <property name="user.language" value="en"/>
    <property name="java.specification.vendor" value="Oracle Corporation"/>
    <property name="java.version.date" value="2023-01-17"/>
    <property name="java.home" value="/usr/lib/jvm/temurin-11-jdk-amd64"/>
    <property name="file.separator" value="/"/>
    <property name="basedir" value="/home/runner/work/ratis/ratis/ratis-test"/>
    <property name="java.vm.compressedOopsMode" value="32-bit"/>
    <property name="line.separator" value="&#10;"/>
    <property name="java.specification.name" value="Java Platform API Specification"/>
    <property name="java.vm.specification.vendor" value="Oracle Corporation"/>
    <property name="java.awt.graphicsenv" value="sun.awt.X11GraphicsEnvironment"/>
    <property name="surefire.real.class.path" value="/home/runner/work/ratis/ratis/ratis-test/target/surefire/surefirebooter9699511961937956880.jar"/>
    <property name="sun.management.compiler" value="HotSpot 64-Bit Tiered Compilers"/>
    <property name="java.runtime.version" value="11.0.18+10"/>
    <property name="user.name" value="runner"/>
    <property name="java.net.preferIPv4Stack" value="true"/>
    <property name="path.separator" value=":"/>
    <property name="os.version" value="5.15.0-1033-azure"/>
    <property name="java.runtime.name" value="OpenJDK Runtime Environment"/>
    <property name="file.encoding" value="UTF-8"/>
    <property name="java.vm.name" value="OpenJDK 64-Bit Server VM"/>
    <property name="java.vendor.version" value="Temurin-11.0.18+10"/>
    <property name="localRepository" value="/home/runner/.m2/repository"/>
    <property name="java.vendor.url.bug" value="https://github.com/adoptium/adoptium-support/issues"/>
    <property name="java.io.tmpdir" value="/tmp"/>
    <property name="java.version" value="11.0.18"/>
    <property name="user.dir" value="/home/runner/work/ratis/ratis/ratis-test"/>
    <property name="os.arch" value="amd64"/>
    <property name="ratis.tmp.dir" value="/home/runner/work/ratis/ratis/ratis-test/target/tmp"/>
    <property name="java.vm.specification.name" value="Java Virtual Machine Specification"/>
    <property name="java.awt.printerjob" value="sun.print.PSPrinterJob"/>
    <property name="ratis.log.dir" value="/home/runner/work/ratis/ratis/ratis-test/target/log"/>
    <property name="sun.os.patch.level" value="unknown"/>
    <property name="java.library.path" value="/usr/java/packages/lib:/usr/lib64:/lib64:/lib:/usr/lib"/>
    <property name="java.vm.info" value="mixed mode"/>
    <property name="java.vendor" value="Eclipse Adoptium"/>
    <property name="java.vm.version" value="11.0.18+10"/>
    <property name="sun.io.unicode.encoding" value="UnicodeLittle"/>
    <property name="java.class.version" value="55.0"/>
  </properties>
  <testcase name="testMultiFileInstallSnapshot[0]" classname="org.apache.ratis.grpc.TestLeaderInstallSnapshot" time="4.315"/>
  <testcase name="testSeparateSnapshotInstallPath[0]" classname="org.apache.ratis.grpc.TestLeaderInstallSnapshot" time="6.263">
    <failure type="java.lang.AssertionError">java.lang.AssertionError
	at org.junit.Assert.fail(Assert.java:87)
	at org.junit.Assert.assertTrue(Assert.java:42)
	at org.junit.Assert.assertNotNull(Assert.java:713)
	at org.junit.Assert.assertNotNull(Assert.java:723)
	at org.apache.ratis.InstallSnapshotFromLeaderTests.testMultiFileInstallSnapshot(InstallSnapshotFromLeaderTests.java:121)
	at org.apache.ratis.server.impl.MiniRaftCluster$Factory$Get.runWithNewCluster(MiniRaftCluster.java:141)
	at org.apache.ratis.server.impl.MiniRaftCluster$Factory$Get.runWithNewCluster(MiniRaftCluster.java:121)
	at org.apache.ratis.InstallSnapshotFromLeaderTests.testSeparateSnapshotInstallPath(InstallSnapshotFromLeaderTests.java:86)
	at java.base/jdk.internal.reflect.NativeMethodAccessorImpl.invoke0(Native Method)
	at java.base/jdk.internal.reflect.NativeMethodAccessorImpl.invoke(NativeMethodAccessorImpl.java:62)
	at java.base/jdk.internal.reflect.DelegatingMethodAccessorImpl.invoke(DelegatingMethodAccessorImpl.java:43)
	at java.base/java.lang.reflect.Method.invoke(Method.java:566)
	at org.junit.runners.model.FrameworkMethod$1.runReflectiveCall(FrameworkMethod.java:59)
	at org.junit.internal.runners.model.ReflectiveCallable.run(ReflectiveCallable.java:12)
	at org.junit.runners.model.FrameworkMethod.invokeExplosively(FrameworkMethod.java:56)
	at org.junit.internal.runners.statements.InvokeMethod.evaluate(InvokeMethod.java:17)
	at org.junit.internal.runners.statements.RunAfters.evaluate(RunAfters.java:27)
	at org.junit.internal.runners.statements.FailOnTimeout$CallableStatement.call(FailOnTimeout.java:299)
	at org.junit.internal.runners.statements.FailOnTimeout$CallableStatement.call(FailOnTimeout.java:293)
	at java.base/java.util.concurrent.FutureTask.run(FutureTask.java:264)
	at java.base/java.lang.Thread.run(Thread.java:829)
</failure>
    <system-out><![CDATA[2023-03-02 04:37:29,471 [main] INFO  util.LogUtils (Slf4jUtils.java:setLogLevel(38)) - Successfully set org.apache.ratis.conf.ConfUtils log level to WARN
2023-03-02 04:37:29,472 [main] INFO  util.LogUtils (Slf4jUtils.java:setLogLevel(38)) - Successfully set org.apache.ratis.util.FileUtils log level to TRACE
2023-03-02 04:37:29,476 [Time-limited test] INFO  impl.MiniRaftCluster (MiniRaftCluster.java:runWithNewCluster(135)) - Running runWithNewCluster
2023-03-02 04:37:29,477 [Time-limited test] INFO  impl.MiniRaftCluster (MiniRaftCluster.java:<init>(306)) - new MiniRaftClusterWithGrpc with group-E4E80BC40051:[s0|rpc:localhost:33827|admin:localhost:42195|client:localhost:46875|dataStream:localhost:35449|priority:0|startupRole:FOLLOWER]
2023-03-02 04:37:29,477 [Time-limited test] INFO  impl.MiniRaftCluster (MiniRaftCluster.java:start(339)) - .............................................................. 
2023-03-02 04:37:29,477 [Time-limited test] INFO  impl.MiniRaftCluster (MiniRaftCluster.java:start(340)) - ... 
2023-03-02 04:37:29,477 [Time-limited test] INFO  impl.MiniRaftCluster (MiniRaftCluster.java:start(341)) - ...     Starting MiniRaftClusterWithGrpc
2023-03-02 04:37:29,477 [Time-limited test] INFO  impl.MiniRaftCluster (MiniRaftCluster.java:start(342)) - ... 
2023-03-02 04:37:29,477 [Time-limited test] INFO  impl.MiniRaftCluster (MiniRaftCluster.java:start(343)) - .............................................................. 
2023-03-02 04:37:29,477 [Time-limited test] INFO  impl.MiniRaftCluster (MiniRaftCluster.java:initServers(318)) - servers = {}
2023-03-02 04:37:29,477 [Time-limited test] INFO  impl.MiniRaftCluster (MiniRaftCluster.java:newRaftServer(382)) - newRaftServer: s0, group-E4E80BC40051:[s0|rpc:localhost:33827|admin:localhost:42195|client:localhost:46875|dataStream:localhost:35449|priority:0|startupRole:FOLLOWER], format? true
2023-03-02 04:37:29,477 [Time-limited test] TRACE util.FileUtils (FileUtils.java:deleteFully(201)) - deleteFully target/test/data/b8bdf87b/MiniRaftClusterWithGrpc28879643/s0
2023-03-02 04:37:29,477 [Time-limited test] TRACE util.FileUtils (FileUtils.java:deleteFully(217)) - deleteFully: target/test/data/b8bdf87b/MiniRaftClusterWithGrpc28879643/s0 does not exist.
2023-03-02 04:37:29,477 [Time-limited test] INFO  impl.MiniRaftCluster (MiniRaftCluster.java:newRaftServer(387)) - Formatted directory target/test/data/b8bdf87b/MiniRaftClusterWithGrpc28879643/s0
2023-03-02 04:37:29,480 [Time-limited test] INFO  server.RaftServer (ConfUtils.java:logGet(46)) - raft.rpc.type = GRPC (default)
2023-03-02 04:37:29,480 [Time-limited test] INFO  grpc.GrpcConfigKeys (ConfUtils.java:logFallback(53)) - raft.grpc.admin.host = null (fallback to raft.grpc.server.host)
2023-03-02 04:37:29,480 [Time-limited test] INFO  grpc.GrpcConfigKeys (ConfUtils.java:logGet(46)) - raft.grpc.admin.port = 42195 (custom)
2023-03-02 04:37:29,480 [Time-limited test] INFO  grpc.GrpcConfigKeys (ConfUtils.java:logFallback(53)) - raft.grpc.client.host = null (fallback to raft.grpc.server.host)
2023-03-02 04:37:29,480 [Time-limited test] INFO  grpc.GrpcConfigKeys (ConfUtils.java:logGet(46)) - raft.grpc.client.port = 46875 (custom)
2023-03-02 04:37:29,480 [Time-limited test] INFO  grpc.GrpcConfigKeys (ConfUtils.java:logGet(46)) - raft.grpc.server.host = null (default)
2023-03-02 04:37:29,480 [Time-limited test] INFO  grpc.GrpcConfigKeys (ConfUtils.java:logGet(46)) - raft.grpc.server.port = 33827 (custom)
2023-03-02 04:37:29,480 [Time-limited test] INFO  server.GrpcService (ConfUtils.java:logGet(46)) - raft.grpc.message.size.max = 64MB (=67108864) (default)
2023-03-02 04:37:29,480 [Time-limited test] INFO  server.RaftServerConfigKeys (ConfUtils.java:logGet(46)) - raft.server.log.appender.buffer.byte-limit = 4MB (=4194304) (default)
2023-03-02 04:37:29,480 [Time-limited test] INFO  server.GrpcService (ConfUtils.java:logGet(46)) - raft.grpc.flow.control.window = 1MB (=1048576) (default)
2023-03-02 04:37:29,480 [Time-limited test] INFO  server.RaftServerConfigKeys (ConfUtils.java:logGet(46)) - raft.server.rpc.request.timeout = 3000ms (default)
2023-03-02 04:37:29,480 [Time-limited test] INFO  grpc.GrpcConfigKeys (ConfUtils.java:logGet(46)) - raft.grpc.server.heartbeat.channel = false (custom)
2023-03-02 04:37:29,480 [Time-limited test] INFO  grpc.GrpcConfigKeys (ConfUtils.java:logGet(46)) - raft.grpc.server.async.request.thread.pool.cached = true (default)
2023-03-02 04:37:29,481 [Time-limited test] INFO  grpc.GrpcConfigKeys (ConfUtils.java:logGet(46)) - raft.grpc.server.async.request.thread.pool.size = 32 (default)
2023-03-02 04:37:29,482 [Time-limited test] INFO  impl.DataStreamServerImpl (ConfUtils.java:logGet(46)) - raft.datastream.type = DISABLED (default)
2023-03-02 04:37:29,482 [Time-limited test] INFO  server.RaftServerConfigKeys (ConfUtils.java:logGet(46)) - raft.server.threadpool.proxy.cached = true (default)
2023-03-02 04:37:29,482 [Time-limited test] INFO  server.RaftServerConfigKeys (ConfUtils.java:logGet(46)) - raft.server.threadpool.proxy.size = 0 (default)
2023-03-02 04:37:29,482 [Time-limited test] INFO  server.RaftServerConfigKeys (ConfUtils.java:logGet(46)) - raft.server.rpc.slowness.timeout = 60s (default)
2023-03-02 04:37:29,482 [Time-limited test] INFO  server.RaftServerConfigKeys (ConfUtils.java:logGet(46)) - raft.server.leaderelection.leader.step-down.wait-time = 10s (default)
2023-03-02 04:37:29,482 [Time-limited test] INFO  server.RaftServerConfigKeys (ConfUtils.java:logGet(46)) - raft.server.storage.dir = [/home/runner/work/ratis/ratis/ratis-test/target/test/data/b8bdf87b/MiniRaftClusterWithGrpc28879643/s0] (custom)
2023-03-02 04:37:29,483 [Time-limited test] INFO  server.RaftServer (RaftServerProxy.java:addNew(99)) - s0: addNew group-E4E80BC40051:[s0|rpc:localhost:33827|admin:localhost:42195|client:localhost:46875|dataStream:localhost:35449|priority:0|startupRole:FOLLOWER] returns group-E4E80BC40051:java.util.concurrent.CompletableFuture@6f32a0db[Not completed]
2023-03-02 04:37:29,483 [s0-groupManagement] INFO  server.RaftServerConfigKeys (ConfUtils.java:logGet(46)) - raft.server.log.segment.size.max = 8MB (=8388608) (default)
2023-03-02 04:37:29,483 [s0-groupManagement] INFO  server.RaftServerConfigKeys (ConfUtils.java:logGet(46)) - raft.server.log.preallocated.size = 4MB (=4194304) (default)
2023-03-02 04:37:29,483 [s0-groupManagement] INFO  server.RaftServerConfigKeys (ConfUtils.java:logGet(46)) - raft.server.log.write.buffer.size = 64KB (=65536) (default)
2023-03-02 04:37:29,483 [s0-groupManagement] INFO  server.RaftServer$Division (RaftServerImpl.java:<init>(198)) - s0: new RaftServerImpl for group-E4E80BC40051:[s0|rpc:localhost:33827|admin:localhost:42195|client:localhost:46875|dataStream:localhost:35449|priority:0|startupRole:FOLLOWER] with StateMachineWithSeparatedSnapshotPath:uninitialized
2023-03-02 04:37:29,483 [s0-groupManagement] INFO  server.RaftServerConfigKeys (ConfUtils.java:logGet(46)) - raft.server.rpc.timeout.min = 150ms (default)
2023-03-02 04:37:29,483 [s0-groupManagement] INFO  server.RaftServerConfigKeys (ConfUtils.java:logGet(46)) - raft.server.rpc.timeout.max = 300ms (default)
2023-03-02 04:37:29,483 [s0-groupManagement] INFO  server.RaftServerConfigKeys (ConfUtils.java:logGet(46)) - raft.server.rpc.sleep.time = 25ms (default)
2023-03-02 04:37:29,484 [s0-groupManagement] INFO  server.RaftServerConfigKeys (ConfUtils.java:logGet(46)) - raft.server.rpc.slowness.timeout = 60s (default)
2023-03-02 04:37:29,484 [s0-groupManagement] INFO  server.RaftServerConfigKeys (ConfUtils.java:logGet(46)) - raft.server.leaderelection.leader.step-down.wait-time = 10s (default)
2023-03-02 04:37:29,484 [s0-groupManagement] INFO  server.RaftServerConfigKeys (ConfUtils.java:logGet(46)) - raft.server.sleep.deviation.threshold = 300ms (default)
2023-03-02 04:37:29,484 [s0-groupManagement] INFO  server.RaftServer$Division (ServerState.java:<init>(113)) - s0@group-E4E80BC40051: ConfigurationManager, init=-1: peers:[s0|rpc:localhost:33827|admin:localhost:42195|client:localhost:46875|dataStream:localhost:35449|priority:0|startupRole:FOLLOWER]|listeners:[], old=null, confs=<EMPTY_MAP>
2023-03-02 04:37:29,484 [s0-groupManagement] INFO  server.RaftServerConfigKeys (ConfUtils.java:logGet(46)) - raft.server.notification.no-leader.timeout = 60s (default)
2023-03-02 04:37:29,484 [s0-groupManagement] INFO  server.RaftServerConfigKeys (ConfUtils.java:logGet(46)) - raft.server.read.timeout = 10s (default)
2023-03-02 04:37:29,484 [s0-groupManagement] INFO  server.RaftServerConfigKeys (ConfUtils.java:logGet(46)) - raft.server.retrycache.expirytime = 60s (default)
2023-03-02 04:37:29,484 [s0-groupManagement] INFO  server.RaftServerConfigKeys (ConfUtils.java:logGet(46)) - raft.server.retrycache.statistics.expirytime = 100μs (default)
2023-03-02 04:37:29,484 [s0-groupManagement] INFO  server.RaftServerConfigKeys (ConfUtils.java:logGet(46)) - raft.server.read.option = DEFAULT (default)
2023-03-02 04:37:29,486 [s0-groupManagement] INFO  server.RaftServerConfigKeys (ConfUtils.java:logGet(46)) - raft.server.log.appender.install.snapshot.enabled = true (default)
2023-03-02 04:37:29,486 [s0-groupManagement] INFO  server.RaftServerConfigKeys (ConfUtils.java:logGet(46)) - raft.server.threadpool.server.cached = true (default)
2023-03-02 04:37:29,486 [s0-groupManagement] INFO  server.RaftServerConfigKeys (ConfUtils.java:logGet(46)) - raft.server.threadpool.server.size = 0 (default)
2023-03-02 04:37:29,486 [s0-groupManagement] INFO  server.RaftServerConfigKeys (ConfUtils.java:logGet(46)) - raft.server.threadpool.client.cached = true (default)
2023-03-02 04:37:29,486 [s0-groupManagement] INFO  server.RaftServerConfigKeys (ConfUtils.java:logGet(46)) - raft.server.threadpool.client.size = 0 (default)
2023-03-02 04:37:29,486 [s0-impl-thread1] INFO  server.RaftServerConfigKeys (ConfUtils.java:logGet(46)) - raft.server.storage.free-space.min = 0MB (=0) (default)
2023-03-02 04:37:29,486 [s0-impl-thread1] INFO  server.RaftServerConfigKeys (ConfUtils.java:logGet(46)) - raft.server.log.corruption.policy = EXCEPTION (default)
2023-03-02 04:37:29,486 [s0-impl-thread1] INFO  server.RaftServerConfigKeys (ConfUtils.java:logGet(46)) - raft.server.storage.dir = [/home/runner/work/ratis/ratis/ratis-test/target/test/data/b8bdf87b/MiniRaftClusterWithGrpc28879643/s0] (custom)
2023-03-02 04:37:29,486 [s0-impl-thread1] INFO  storage.RaftStorageDirectory (RaftStorageDirectoryImpl.java:analyzeStorage(138)) - The storage directory /home/runner/work/ratis/ratis/ratis-test/target/test/data/b8bdf87b/MiniRaftClusterWithGrpc28879643/s0/e246a637-550b-44da-a28b-e4e80bc40051 does not exist. Creating ...
2023-03-02 04:37:29,487 [s0-impl-thread1] TRACE util.FileUtils (LogUtils.java:runAndLog(49)) - Successfully ran Files.createDirectories /home/runner/work/ratis/ratis/ratis-test/target/test/data/b8bdf87b/MiniRaftClusterWithGrpc28879643/s0/e246a637-550b-44da-a28b-e4e80bc40051
2023-03-02 04:37:29,489 [s0-impl-thread1] INFO  storage.RaftStorageDirectory (RaftStorageDirectoryImpl.java:tryLock(232)) - Lock on /home/runner/work/ratis/ratis/ratis-test/target/test/data/b8bdf87b/MiniRaftClusterWithGrpc28879643/s0/e246a637-550b-44da-a28b-e4e80bc40051/in_use.lock acquired by nodename 3720@fv-az163-990
2023-03-02 04:37:29,489 [s0-impl-thread1] TRACE util.FileUtils (LogUtils.java:runAndLog(49)) - Successfully ran Files.createDirectories /home/runner/work/ratis/ratis/ratis-test/target/test/data/b8bdf87b/MiniRaftClusterWithGrpc28879643/s0/e246a637-550b-44da-a28b-e4e80bc40051/current
2023-03-02 04:37:29,489 [s0-impl-thread1] TRACE util.FileUtils (LogUtils.java:runAndLog(49)) - Successfully ran Files.createDirectories /home/runner/work/ratis/ratis/ratis-test/target/test/data/b8bdf87b/MiniRaftClusterWithGrpc28879643/s0/e246a637-550b-44da-a28b-e4e80bc40051/sm
2023-03-02 04:37:29,491 [s0-impl-thread1] INFO  storage.RaftStorage (RaftStorageImpl.java:format(96)) - Storage directory /home/runner/work/ratis/ratis/ratis-test/target/test/data/b8bdf87b/MiniRaftClusterWithGrpc28879643/s0/e246a637-550b-44da-a28b-e4e80bc40051 has been successfully formatted.
2023-03-02 04:37:29,491 [s0-impl-thread1] INFO  impl.SimpleStateMachine4Testing (SimpleStateMachine4Testing.java:initialize(213)) - Initializing StateMachineWithSeparatedSnapshotPath:uninitialized
2023-03-02 04:37:29,491 [s0-impl-thread1] INFO  impl.SimpleStateMachine4Testing (SimpleStateMachine4Testing.java:loadSnapshot(293)) - Loading snapshot null
2023-03-02 04:37:29,491 [s0-impl-thread1] TRACE util.FileUtils (FileUtils.java:deleteFully(201)) - deleteFully /tmp/ratis-tests/statemachine/s0
2023-03-02 04:37:29,491 [s0-impl-thread1] TRACE util.FileUtils (FileUtils.java:deleteFully(217)) - deleteFully: /tmp/ratis-tests/statemachine/s0 does not exist.
2023-03-02 04:37:29,491 [s0-impl-thread1] INFO  server.RaftServerConfigKeys (ConfUtils.java:logGet(46)) - raft.server.log.use.memory = false (default)
2023-03-02 04:37:29,492 [s0-impl-thread1] INFO  server.RaftServerConfigKeys (ConfUtils.java:logGet(46)) - raft.server.log.purge.gap = 8 (custom)
2023-03-02 04:37:29,492 [s0-impl-thread1] INFO  server.RaftServerConfigKeys (ConfUtils.java:logGet(46)) - raft.server.log.appender.buffer.byte-limit = 4MB (=4194304) (default)
2023-03-02 04:37:29,492 [s0-impl-thread1] INFO  server.RaftServerConfigKeys (ConfUtils.java:logGet(46)) - raft.server.log.statemachine.data.read.timeout = 1000ms (default)
2023-03-02 04:37:29,492 [s0-impl-thread1] INFO  server.RaftServerConfigKeys (ConfUtils.java:logGet(46)) - raft.server.log.purge.preservation.log.num = 0 (default)
2023-03-02 04:37:29,493 [s0-impl-thread1] INFO  server.RaftServerConfigKeys (ConfUtils.java:logGet(46)) - raft.server.log.segment.size.max = 8MB (=8388608) (default)
2023-03-02 04:37:29,494 [s0-impl-thread1] INFO  server.RaftServerConfigKeys (ConfUtils.java:logGet(46)) - raft.server.log.segment.cache.num.max = 6 (default)
2023-03-02 04:37:29,494 [s0-impl-thread1] INFO  server.RaftServerConfigKeys (ConfUtils.java:logGet(46)) - raft.server.log.segment.cache.size.max = 200MB (=209715200) (default)
2023-03-02 04:37:29,494 [s0-impl-thread1] INFO  server.RaftServerConfigKeys (ConfUtils.java:logGet(46)) - raft.server.log.appender.buffer.byte-limit = 4MB (=4194304) (default)
2023-03-02 04:37:29,494 [s0-impl-thread1] INFO  segmented.SegmentedRaftLogWorker (SegmentedRaftLogWorker.java:<init>(183)) - new s0@group-E4E80BC40051-SegmentedRaftLogWorker for RaftStorageImpl:Storage Directory /home/runner/work/ratis/ratis/ratis-test/target/test/data/b8bdf87b/MiniRaftClusterWithGrpc28879643/s0/e246a637-550b-44da-a28b-e4e80bc40051
2023-03-02 04:37:29,494 [s0-impl-thread1] INFO  server.RaftServerConfigKeys (ConfUtils.java:logGet(46)) - raft.server.log.queue.byte-limit = 64MB (=67108864) (default)
2023-03-02 04:37:29,494 [s0-impl-thread1] INFO  server.RaftServerConfigKeys (ConfUtils.java:logGet(46)) - raft.server.log.queue.element-limit = 4096 (default)
2023-03-02 04:37:29,494 [s0-impl-thread1] INFO  server.RaftServerConfigKeys (ConfUtils.java:logGet(46)) - raft.server.log.segment.size.max = 8MB (=8388608) (default)
2023-03-02 04:37:29,494 [s0-impl-thread1] INFO  server.RaftServerConfigKeys (ConfUtils.java:logGet(46)) - raft.server.log.preallocated.size = 4MB (=4194304) (default)
2023-03-02 04:37:29,494 [s0-impl-thread1] INFO  server.RaftServerConfigKeys (ConfUtils.java:logGet(46)) - raft.server.log.force.sync.num = 128 (default)
2023-03-02 04:37:29,494 [s0-impl-thread1] INFO  server.RaftServerConfigKeys (ConfUtils.java:logGet(46)) - raft.server.log.statemachine.data.sync = true (default)
2023-03-02 04:37:29,494 [s0-impl-thread1] INFO  server.RaftServerConfigKeys (ConfUtils.java:logGet(46)) - raft.server.log.statemachine.data.sync.timeout = 10s (default)
2023-03-02 04:37:29,494 [s0-impl-thread1] INFO  server.RaftServerConfigKeys (ConfUtils.java:logGet(46)) - raft.server.log.statemachine.data.sync.timeout.retry = -1 (default)
2023-03-02 04:37:29,494 [s0-impl-thread1] INFO  server.RaftServerConfigKeys (ConfUtils.java:logGet(46)) - raft.server.log.write.buffer.size = 64KB (=65536) (default)
2023-03-02 04:37:29,495 [s0-impl-thread1] INFO  server.RaftServerConfigKeys (ConfUtils.java:logGet(46)) - raft.server.log.appender.buffer.byte-limit = 4MB (=4194304) (default)
2023-03-02 04:37:29,496 [s0-impl-thread1] INFO  server.RaftServerConfigKeys (ConfUtils.java:logGet(46)) - raft.server.log.unsafe-flush.enabled = false (default)
2023-03-02 04:37:29,496 [s0-impl-thread1] INFO  server.RaftServerConfigKeys (ConfUtils.java:logGet(46)) - raft.server.log.async-flush.enabled = false (default)
2023-03-02 04:37:29,496 [s0-impl-thread1] INFO  server.RaftServerConfigKeys (ConfUtils.java:logGet(46)) - raft.server.log.statemachine.data.caching.enabled = false (default)
2023-03-02 04:37:29,496 [s0-impl-thread1] INFO  segmented.SegmentedRaftLogWorker (SegmentedRaftLogWorker.java:lambda$new$0(134)) - s0@group-E4E80BC40051-SegmentedRaftLogWorker: flushIndex: setUnconditionally 0 -> -1
2023-03-02 04:37:29,496 [s0-impl-thread1] INFO  segmented.SegmentedRaftLogWorker (SegmentedRaftLogWorker.java:lambda$new$0(134)) - s0@group-E4E80BC40051-SegmentedRaftLogWorker: safeCacheEvictIndex: setUnconditionally 0 -> -1
2023-03-02 04:37:29,501 [s0-impl-thread1] INFO  server.RaftServer$Division (RaftServerImpl.java:start(342)) - s0@group-E4E80BC40051: start as a follower, conf=-1: peers:[s0|rpc:localhost:33827|admin:localhost:42195|client:localhost:46875|dataStream:localhost:35449|priority:0|startupRole:FOLLOWER]|listeners:[], old=null
2023-03-02 04:37:29,501 [s0-impl-thread1] INFO  server.RaftServer$Division (RaftServerImpl.java:setRole(329)) - s0@group-E4E80BC40051: changes role from      null to FOLLOWER at term 0 for startAsFollower
2023-03-02 04:37:29,501 [s0-impl-thread1] INFO  impl.RoleInfo (RoleInfo.java:updateAndGet(139)) - s0: start s0@group-E4E80BC40051-FollowerState
2023-03-02 04:37:29,501 [s0-impl-thread1] INFO  util.JmxRegister (JmxRegister.java:tryRegister(44)) - Successfully registered JMX Bean with object name Ratis:service=RaftServer,group=group-E4E80BC40051,id=s0
2023-03-02 04:37:29,501 [s0-impl-thread1] INFO  server.RaftServerConfigKeys (ConfUtils.java:logGet(46)) - raft.server.snapshot.auto.trigger.enabled = true (custom)
2023-03-02 04:37:29,501 [s0-impl-thread1] INFO  server.RaftServerConfigKeys (ConfUtils.java:logGet(46)) - raft.server.snapshot.auto.trigger.threshold = 64 (custom)
2023-03-02 04:37:29,502 [s0-impl-thread1] INFO  server.RaftServerConfigKeys (ConfUtils.java:logGet(46)) - raft.server.snapshot.retention.file.num = -1 (default)
2023-03-02 04:37:29,502 [s0-impl-thread1] INFO  server.RaftServerConfigKeys (ConfUtils.java:logGet(46)) - raft.server.log.purge.upto.snapshot.index = false (default)
2023-03-02 04:37:29,502 [s0@group-E4E80BC40051-FollowerState] INFO  server.RaftServerConfigKeys (ConfUtils.java:logFallback(53)) - raft.server.rpc.first-election.timeout.min = 150ms (fallback to raft.server.rpc.timeout.min)
2023-03-02 04:37:29,502 [s0@group-E4E80BC40051-FollowerState] INFO  server.RaftServerConfigKeys (ConfUtils.java:logFallback(53)) - raft.server.rpc.first-election.timeout.max = 300ms (fallback to raft.server.rpc.timeout.max)
2023-03-02 04:37:29,502 [Time-limited test] INFO  server.RaftServer (RaftServerProxy.java:startImpl(401)) - s0: start RPC server
2023-03-02 04:37:29,503 [Time-limited test] INFO  server.GrpcService (GrpcService.java:startImpl(302)) - s0: GrpcService started, listening on 46875
2023-03-02 04:37:29,504 [Time-limited test] INFO  server.GrpcService (GrpcService.java:startImpl(302)) - s0: GrpcService started, listening on 33827
2023-03-02 04:37:29,505 [Time-limited test] INFO  server.GrpcService (GrpcService.java:startImpl(302)) - s0: GrpcService started, listening on 42195
2023-03-02 04:37:29,507 [JvmPauseMonitor3] INFO  util.JvmPauseMonitor (JvmPauseMonitor.java:run(103)) - JvmPauseMonitor-s0: Started
2023-03-02 04:37:29,509 [Time-limited test] INFO  server.RaftServerConfigKeys (ConfUtils.java:logGet(46)) - raft.server.rpc.timeout.max = 300ms (default)
2023-03-02 04:37:29,509 [Time-limited test] INFO  ratis.RaftTestUtil (RaftTestUtil.java:waitForLeader(100)) - printing ALL groups
  s0:  RUNNING  FOLLOWER s0@group-E4E80BC40051:t0, leader=null, voted=, raftlog=Memoized:s0@group-E4E80BC40051-SegmentedRaftLog:OPENED:c-1, conf=-1: peers:[s0|rpc:localhost:33827|admin:localhost:42195|client:localhost:46875|dataStream:localhost:35449|priority:0|startupRole:FOLLOWER]|listeners:[], old=null RUNNING
2023-03-02 04:37:29,509 [Time-limited test] WARN  ratis.RaftTestUtil (JavaUtils.java:attempt(217)) - FAILED "waitForLeader-null-(expectLeader? true)", attempt #1/100: java.lang.IllegalStateException: No leader yet : printing ALL groups
  s0:  RUNNING  FOLLOWER s0@group-E4E80BC40051:t0, leader=null, voted=, raftlog=Memoized:s0@group-E4E80BC40051-SegmentedRaftLog:OPENED:c-1, conf=-1: peers:[s0|rpc:localhost:33827|admin:localhost:42195|client:localhost:46875|dataStream:localhost:35449|priority:0|startupRole:FOLLOWER]|listeners:[], old=null RUNNING, sleep 450ms and then retry.
java.lang.IllegalStateException: No leader yet : printing ALL groups
  s0:  RUNNING  FOLLOWER s0@group-E4E80BC40051:t0, leader=null, voted=, raftlog=Memoized:s0@group-E4E80BC40051-SegmentedRaftLog:OPENED:c-1, conf=-1: peers:[s0|rpc:localhost:33827|admin:localhost:42195|client:localhost:46875|dataStream:localhost:35449|priority:0|startupRole:FOLLOWER]|listeners:[], old=null RUNNING
	at org.apache.ratis.server.impl.MiniRaftCluster.newIllegalStateExceptionForNoLeaders(MiniRaftCluster.java:581)
	at org.apache.ratis.RaftTestUtil.lambda$waitForLeader$1(RaftTestUtil.java:104)
	at org.apache.ratis.server.impl.MiniRaftCluster.getLeader(MiniRaftCluster.java:615)
	at org.apache.ratis.server.impl.MiniRaftCluster.getLeader(MiniRaftCluster.java:608)
	at org.apache.ratis.RaftTestUtil.lambda$waitForLeader$3(RaftTestUtil.java:112)
	at org.apache.ratis.util.JavaUtils.attempt(JavaUtils.java:211)
	at org.apache.ratis.util.JavaUtils.attemptRepeatedly(JavaUtils.java:197)
	at org.apache.ratis.RaftTestUtil.waitForLeader(RaftTestUtil.java:111)
	at org.apache.ratis.RaftTestUtil.waitForLeader(RaftTestUtil.java:92)
	at org.apache.ratis.RaftTestUtil.waitForLeader(RaftTestUtil.java:87)
	at org.apache.ratis.InstallSnapshotFromLeaderTests.testMultiFileInstallSnapshot(InstallSnapshotFromLeaderTests.java:92)
	at org.apache.ratis.server.impl.MiniRaftCluster$Factory$Get.runWithNewCluster(MiniRaftCluster.java:141)
	at org.apache.ratis.server.impl.MiniRaftCluster$Factory$Get.runWithNewCluster(MiniRaftCluster.java:121)
	at org.apache.ratis.InstallSnapshotFromLeaderTests.testSeparateSnapshotInstallPath(InstallSnapshotFromLeaderTests.java:86)
	at java.base/jdk.internal.reflect.NativeMethodAccessorImpl.invoke0(Native Method)
	at java.base/jdk.internal.reflect.NativeMethodAccessorImpl.invoke(NativeMethodAccessorImpl.java:62)
	at java.base/jdk.internal.reflect.DelegatingMethodAccessorImpl.invoke(DelegatingMethodAccessorImpl.java:43)
	at java.base/java.lang.reflect.Method.invoke(Method.java:566)
	at org.junit.runners.model.FrameworkMethod$1.runReflectiveCall(FrameworkMethod.java:59)
	at org.junit.internal.runners.model.ReflectiveCallable.run(ReflectiveCallable.java:12)
	at org.junit.runners.model.FrameworkMethod.invokeExplosively(FrameworkMethod.java:56)
	at org.junit.internal.runners.statements.InvokeMethod.evaluate(InvokeMethod.java:17)
	at org.junit.internal.runners.statements.RunAfters.evaluate(RunAfters.java:27)
	at org.junit.internal.runners.statements.FailOnTimeout$CallableStatement.call(FailOnTimeout.java:299)
	at org.junit.internal.runners.statements.FailOnTimeout$CallableStatement.call(FailOnTimeout.java:293)
	at java.base/java.util.concurrent.FutureTask.run(FutureTask.java:264)
	at java.base/java.lang.Thread.run(Thread.java:829)
2023-03-02 04:37:29,656 [s0@group-E4E80BC40051-FollowerState] INFO  impl.FollowerState (FollowerState.java:run(143)) - s0@group-E4E80BC40051-FollowerState: change to CANDIDATE, lastRpcElapsedTime:155522559ns, electionTimeout:154ms
2023-03-02 04:37:29,656 [s0@group-E4E80BC40051-FollowerState] INFO  impl.RoleInfo (RoleInfo.java:shutdownFollowerState(110)) - s0: shutdown s0@group-E4E80BC40051-FollowerState
2023-03-02 04:37:29,657 [s0@group-E4E80BC40051-FollowerState] INFO  server.RaftServer$Division (RaftServerImpl.java:setRole(329)) - s0@group-E4E80BC40051: changes role from  FOLLOWER to CANDIDATE at term 0 for changeToCandidate
2023-03-02 04:37:29,657 [s0@group-E4E80BC40051-FollowerState] INFO  server.RaftServerConfigKeys (ConfUtils.java:logGet(46)) - raft.server.leaderelection.pre-vote = true (default)
2023-03-02 04:37:29,657 [s0@group-E4E80BC40051-FollowerState] INFO  impl.RoleInfo (RoleInfo.java:updateAndGet(139)) - s0: start s0@group-E4E80BC40051-LeaderElection2
2023-03-02 04:37:29,661 [s0@group-E4E80BC40051-LeaderElection2] INFO  impl.LeaderElection (LeaderElection.java:askForVotes(309)) - s0@group-E4E80BC40051-LeaderElection2 PRE_VOTE round 0: submit vote requests at term 0 for -1: peers:[s0|rpc:localhost:33827|admin:localhost:42195|client:localhost:46875|dataStream:localhost:35449|priority:0|startupRole:FOLLOWER]|listeners:[], old=null
2023-03-02 04:37:29,662 [s0@group-E4E80BC40051-LeaderElection2] INFO  impl.LeaderElection (LeaderElection.java:askForVotes(311)) - s0@group-E4E80BC40051-LeaderElection2 PRE_VOTE round 0: result PASSED (term=0)
2023-03-02 04:37:29,663 [s0@group-E4E80BC40051-LeaderElection2] INFO  impl.LeaderElection (LeaderElection.java:askForVotes(309)) - s0@group-E4E80BC40051-LeaderElection2 ELECTION round 0: submit vote requests at term 1 for -1: peers:[s0|rpc:localhost:33827|admin:localhost:42195|client:localhost:46875|dataStream:localhost:35449|priority:0|startupRole:FOLLOWER]|listeners:[], old=null
2023-03-02 04:37:29,664 [s0@group-E4E80BC40051-LeaderElection2] INFO  impl.LeaderElection (LeaderElection.java:askForVotes(311)) - s0@group-E4E80BC40051-LeaderElection2 ELECTION round 0: result PASSED (term=1)
2023-03-02 04:37:29,664 [s0@group-E4E80BC40051-LeaderElection2] INFO  impl.RoleInfo (RoleInfo.java:shutdownLeaderElection(130)) - s0: shutdown s0@group-E4E80BC40051-LeaderElection2
2023-03-02 04:37:29,664 [s0@group-E4E80BC40051-LeaderElection2] INFO  server.RaftServer$Division (RaftServerImpl.java:setRole(329)) - s0@group-E4E80BC40051: changes role from CANDIDATE to LEADER at term 1 for changeToLeader
2023-03-02 04:37:29,664 [s0@group-E4E80BC40051-LeaderElection2] INFO  server.RaftServer$Division (ServerState.java:setLeader(260)) - s0@group-E4E80BC40051: change Leader from null to s0 at term 1 for becomeLeader, leader elected after 180ms
2023-03-02 04:37:29,664 [s0@group-E4E80BC40051-LeaderElection2] INFO  server.RaftServerConfigKeys (ConfUtils.java:logGet(46)) - raft.server.staging.catchup.gap = 1000 (default)
2023-03-02 04:37:29,664 [s0@group-E4E80BC40051-LeaderElection2] INFO  server.RaftServerConfigKeys (ConfUtils.java:logGet(46)) - raft.server.write.element-limit = 4096 (default)
2023-03-02 04:37:29,664 [s0@group-E4E80BC40051-LeaderElection2] INFO  server.RaftServerConfigKeys (ConfUtils.java:logGet(46)) - raft.server.write.byte-limit = 64MB (=67108864) (default)
2023-03-02 04:37:29,666 [s0@group-E4E80BC40051-LeaderElection2] INFO  server.RaftServerConfigKeys (ConfUtils.java:logGet(46)) - raft.server.watch.timeout = 10s (default)
2023-03-02 04:37:29,666 [s0@group-E4E80BC40051-LeaderElection2] INFO  server.RaftServerConfigKeys (ConfUtils.java:logGet(46)) - raft.server.watch.timeout.denomination = 1s (default)
2023-03-02 04:37:29,666 [s0@group-E4E80BC40051-LeaderElection2] INFO  server.RaftServerConfigKeys (ConfUtils.java:logGet(46)) - raft.server.watch.element-limit = 65536 (default)
2023-03-02 04:37:29,666 [s0@group-E4E80BC40051-LeaderElection2] INFO  server.RaftServerConfigKeys (ConfUtils.java:logGet(46)) - raft.server.write.element-limit = 4096 (default)
2023-03-02 04:37:29,666 [s0@group-E4E80BC40051-LeaderElection2] INFO  server.RaftServerConfigKeys (ConfUtils.java:logGet(46)) - raft.server.write.follower.gap.ratio.max = -1.0 (default)
2023-03-02 04:37:29,666 [s0@group-E4E80BC40051-LeaderElection2] INFO  impl.RoleInfo (RoleInfo.java:updateAndGet(139)) - s0: start s0@group-E4E80BC40051-LeaderStateImpl
2023-03-02 04:37:29,666 [s0@group-E4E80BC40051-LeaderElection2] INFO  segmented.SegmentedRaftLogWorker (SegmentedRaftLogWorker.java:startLogSegment(426)) - s0@group-E4E80BC40051-SegmentedRaftLogWorker: Starting segment from index:0
2023-03-02 04:37:29,667 [s0@group-E4E80BC40051-LeaderElection2] INFO  server.RaftServer$Division (ServerState.java:setRaftConf(378)) - s0@group-E4E80BC40051: set configuration 0: peers:[s0|rpc:localhost:33827|admin:localhost:42195|client:localhost:46875|dataStream:localhost:35449|priority:0|startupRole:FOLLOWER]|listeners:[], old=null
2023-03-02 04:37:29,678 [s0@group-E4E80BC40051-SegmentedRaftLogWorker] INFO  segmented.SegmentedRaftLogWorker (SegmentedRaftLogWorker.java:execute(630)) - s0@group-E4E80BC40051-SegmentedRaftLogWorker: created new log segment /home/runner/work/ratis/ratis/ratis-test/target/test/data/b8bdf87b/MiniRaftClusterWithGrpc28879643/s0/e246a637-550b-44da-a28b-e4e80bc40051/current/log_inprogress_0
2023-03-02 04:37:29,960 [Time-limited test] INFO  ratis.RaftTestUtil (RaftTestUtil.java:waitForLeader(119)) - printing ALL groups
  s0:  RUNNING    LEADER s0@group-E4E80BC40051:t1, leader=s0, voted=s0, raftlog=Memoized:s0@group-E4E80BC40051-SegmentedRaftLog:OPENED:c0, conf=0: peers:[s0|rpc:localhost:33827|admin:localhost:42195|client:localhost:46875|dataStream:localhost:35449|priority:0|startupRole:FOLLOWER]|listeners:[], old=null RUNNING
2023-03-02 04:37:29,974 [s0@group-E4E80BC40051-StateMachineUpdater] INFO  impl.SimpleStateMachine4Testing (SimpleStateMachine4Testing.java:put(205)) - s0: put 1, m0 -> (t:1, i:1), STATEMACHINELOGENTRY, 129@client-2FF6AA34DAAC
2023-03-02 04:37:29,981 [s0@group-E4E80BC40051-StateMachineUpdater] INFO  impl.SimpleStateMachine4Testing (SimpleStateMachine4Testing.java:put(205)) - s0: put 3, m1 -> (t:1, i:3), STATEMACHINELOGENTRY, 130@client-2FF6AA34DAAC
2023-03-02 04:37:29,987 [s0@group-E4E80BC40051-StateMachineUpdater] INFO  impl.SimpleStateMachine4Testing (SimpleStateMachine4Testing.java:put(205)) - s0: put 5, m2 -> (t:1, i:5), STATEMACHINELOGENTRY, 131@client-2FF6AA34DAAC
2023-03-02 04:37:29,993 [s0@group-E4E80BC40051-StateMachineUpdater] INFO  impl.SimpleStateMachine4Testing (SimpleStateMachine4Testing.java:put(205)) - s0: put 7, m3 -> (t:1, i:7), STATEMACHINELOGENTRY, 132@client-2FF6AA34DAAC
2023-03-02 04:37:29,997 [s0@group-E4E80BC40051-StateMachineUpdater] INFO  impl.SimpleStateMachine4Testing (SimpleStateMachine4Testing.java:put(205)) - s0: put 9, m4 -> (t:1, i:9), STATEMACHINELOGENTRY, 133@client-2FF6AA34DAAC
2023-03-02 04:37:30,000 [s0@group-E4E80BC40051-StateMachineUpdater] INFO  impl.SimpleStateMachine4Testing (SimpleStateMachine4Testing.java:put(205)) - s0: put 11, m5 -> (t:1, i:11), STATEMACHINELOGENTRY, 134@client-2FF6AA34DAAC
2023-03-02 04:37:30,004 [s0@group-E4E80BC40051-StateMachineUpdater] INFO  impl.SimpleStateMachine4Testing (SimpleStateMachine4Testing.java:put(205)) - s0: put 13, m6 -> (t:1, i:13), STATEMACHINELOGENTRY, 135@client-2FF6AA34DAAC
2023-03-02 04:37:30,008 [s0@group-E4E80BC40051-StateMachineUpdater] INFO  impl.SimpleStateMachine4Testing (SimpleStateMachine4Testing.java:put(205)) - s0: put 15, m7 -> (t:1, i:15), STATEMACHINELOGENTRY, 136@client-2FF6AA34DAAC
2023-03-02 04:37:30,014 [s0@group-E4E80BC40051-StateMachineUpdater] INFO  impl.SimpleStateMachine4Testing (SimpleStateMachine4Testing.java:put(205)) - s0: put 17, m8 -> (t:1, i:17), STATEMACHINELOGENTRY, 137@client-2FF6AA34DAAC
2023-03-02 04:37:30,017 [s0@group-E4E80BC40051-StateMachineUpdater] INFO  impl.SimpleStateMachine4Testing (SimpleStateMachine4Testing.java:put(205)) - s0: put 19, m9 -> (t:1, i:19), STATEMACHINELOGENTRY, 138@client-2FF6AA34DAAC
2023-03-02 04:37:30,021 [s0@group-E4E80BC40051-StateMachineUpdater] INFO  impl.SimpleStateMachine4Testing (SimpleStateMachine4Testing.java:put(205)) - s0: put 21, m10 -> (t:1, i:21), STATEMACHINELOGENTRY, 139@client-2FF6AA34DAAC
2023-03-02 04:37:30,025 [s0@group-E4E80BC40051-StateMachineUpdater] INFO  impl.SimpleStateMachine4Testing (SimpleStateMachine4Testing.java:put(205)) - s0: put 23, m11 -> (t:1, i:23), STATEMACHINELOGENTRY, 140@client-2FF6AA34DAAC
2023-03-02 04:37:30,028 [s0@group-E4E80BC40051-StateMachineUpdater] INFO  impl.SimpleStateMachine4Testing (SimpleStateMachine4Testing.java:put(205)) - s0: put 25, m12 -> (t:1, i:25), STATEMACHINELOGENTRY, 141@client-2FF6AA34DAAC
2023-03-02 04:37:30,032 [s0@group-E4E80BC40051-StateMachineUpdater] INFO  impl.SimpleStateMachine4Testing (SimpleStateMachine4Testing.java:put(205)) - s0: put 27, m13 -> (t:1, i:27), STATEMACHINELOGENTRY, 142@client-2FF6AA34DAAC
2023-03-02 04:37:30,035 [s0@group-E4E80BC40051-StateMachineUpdater] INFO  impl.SimpleStateMachine4Testing (SimpleStateMachine4Testing.java:put(205)) - s0: put 29, m14 -> (t:1, i:29), STATEMACHINELOGENTRY, 143@client-2FF6AA34DAAC
2023-03-02 04:37:30,038 [s0@group-E4E80BC40051-StateMachineUpdater] INFO  impl.SimpleStateMachine4Testing (SimpleStateMachine4Testing.java:put(205)) - s0: put 31, m15 -> (t:1, i:31), STATEMACHINELOGENTRY, 144@client-2FF6AA34DAAC
2023-03-02 04:37:30,042 [s0@group-E4E80BC40051-StateMachineUpdater] INFO  impl.SimpleStateMachine4Testing (SimpleStateMachine4Testing.java:put(205)) - s0: put 33, m16 -> (t:1, i:33), STATEMACHINELOGENTRY, 145@client-2FF6AA34DAAC
2023-03-02 04:37:30,045 [s0@group-E4E80BC40051-StateMachineUpdater] INFO  impl.SimpleStateMachine4Testing (SimpleStateMachine4Testing.java:put(205)) - s0: put 35, m17 -> (t:1, i:35), STATEMACHINELOGENTRY, 146@client-2FF6AA34DAAC
2023-03-02 04:37:30,048 [s0@group-E4E80BC40051-StateMachineUpdater] INFO  impl.SimpleStateMachine4Testing (SimpleStateMachine4Testing.java:put(205)) - s0: put 37, m18 -> (t:1, i:37), STATEMACHINELOGENTRY, 147@client-2FF6AA34DAAC
2023-03-02 04:37:30,052 [s0@group-E4E80BC40051-StateMachineUpdater] INFO  impl.SimpleStateMachine4Testing (SimpleStateMachine4Testing.java:put(205)) - s0: put 39, m19 -> (t:1, i:39), STATEMACHINELOGENTRY, 148@client-2FF6AA34DAAC
2023-03-02 04:37:30,056 [s0@group-E4E80BC40051-StateMachineUpdater] INFO  impl.SimpleStateMachine4Testing (SimpleStateMachine4Testing.java:put(205)) - s0: put 41, m20 -> (t:1, i:41), STATEMACHINELOGENTRY, 149@client-2FF6AA34DAAC
2023-03-02 04:37:30,059 [s0@group-E4E80BC40051-StateMachineUpdater] INFO  impl.SimpleStateMachine4Testing (SimpleStateMachine4Testing.java:put(205)) - s0: put 43, m21 -> (t:1, i:43), STATEMACHINELOGENTRY, 150@client-2FF6AA34DAAC
2023-03-02 04:37:30,063 [s0@group-E4E80BC40051-StateMachineUpdater] INFO  impl.SimpleStateMachine4Testing (SimpleStateMachine4Testing.java:put(205)) - s0: put 45, m22 -> (t:1, i:45), STATEMACHINELOGENTRY, 151@client-2FF6AA34DAAC
2023-03-02 04:37:30,067 [s0@group-E4E80BC40051-StateMachineUpdater] INFO  impl.SimpleStateMachine4Testing (SimpleStateMachine4Testing.java:put(205)) - s0: put 47, m23 -> (t:1, i:47), STATEMACHINELOGENTRY, 152@client-2FF6AA34DAAC
2023-03-02 04:37:30,070 [s0@group-E4E80BC40051-StateMachineUpdater] INFO  impl.SimpleStateMachine4Testing (SimpleStateMachine4Testing.java:put(205)) - s0: put 49, m24 -> (t:1, i:49), STATEMACHINELOGENTRY, 153@client-2FF6AA34DAAC
2023-03-02 04:37:30,074 [s0@group-E4E80BC40051-StateMachineUpdater] INFO  impl.SimpleStateMachine4Testing (SimpleStateMachine4Testing.java:put(205)) - s0: put 51, m25 -> (t:1, i:51), STATEMACHINELOGENTRY, 154@client-2FF6AA34DAAC
2023-03-02 04:37:30,077 [s0@group-E4E80BC40051-StateMachineUpdater] INFO  impl.SimpleStateMachine4Testing (SimpleStateMachine4Testing.java:put(205)) - s0: put 53, m26 -> (t:1, i:53), STATEMACHINELOGENTRY, 155@client-2FF6AA34DAAC
2023-03-02 04:37:30,080 [s0@group-E4E80BC40051-StateMachineUpdater] INFO  impl.SimpleStateMachine4Testing (SimpleStateMachine4Testing.java:put(205)) - s0: put 55, m27 -> (t:1, i:55), STATEMACHINELOGENTRY, 156@client-2FF6AA34DAAC
2023-03-02 04:37:30,084 [s0@group-E4E80BC40051-StateMachineUpdater] INFO  impl.SimpleStateMachine4Testing (SimpleStateMachine4Testing.java:put(205)) - s0: put 57, m28 -> (t:1, i:57), STATEMACHINELOGENTRY, 157@client-2FF6AA34DAAC
2023-03-02 04:37:30,087 [s0@group-E4E80BC40051-StateMachineUpdater] INFO  impl.SimpleStateMachine4Testing (SimpleStateMachine4Testing.java:put(205)) - s0: put 59, m29 -> (t:1, i:59), STATEMACHINELOGENTRY, 158@client-2FF6AA34DAAC
2023-03-02 04:37:30,090 [s0@group-E4E80BC40051-StateMachineUpdater] INFO  impl.SimpleStateMachine4Testing (SimpleStateMachine4Testing.java:put(205)) - s0: put 61, m30 -> (t:1, i:61), STATEMACHINELOGENTRY, 159@client-2FF6AA34DAAC
2023-03-02 04:37:30,094 [s0@group-E4E80BC40051-StateMachineUpdater] INFO  impl.SimpleStateMachine4Testing (SimpleStateMachine4Testing.java:put(205)) - s0: put 63, m31 -> (t:1, i:63), STATEMACHINELOGENTRY, 160@client-2FF6AA34DAAC
2023-03-02 04:37:30,094 [s0@group-E4E80BC40051-StateMachineUpdater] TRACE util.FileUtils (FileUtils.java:deleteFully(201)) - deleteFully /tmp/ratis-tests/statemachine/s0/snapshot/1_63
2023-03-02 04:37:30,094 [s0@group-E4E80BC40051-StateMachineUpdater] TRACE util.FileUtils (FileUtils.java:deleteFully(217)) - deleteFully: /tmp/ratis-tests/statemachine/s0/snapshot/1_63 does not exist.
2023-03-02 04:37:30,094 [s0@group-E4E80BC40051-StateMachineUpdater] TRACE util.FileUtils (FileUtils.java:deleteFully(201)) - deleteFully /tmp/ratis-tests/statemachine/s0/tmp/ff96e037-4086-457b-a3e1-6a8716239919
2023-03-02 04:37:30,094 [s0@group-E4E80BC40051-StateMachineUpdater] TRACE util.FileUtils (FileUtils.java:deleteFully(217)) - deleteFully: /tmp/ratis-tests/statemachine/s0/tmp/ff96e037-4086-457b-a3e1-6a8716239919 does not exist.
2023-03-02 04:37:30,095 [s0@group-E4E80BC40051-StateMachineUpdater] TRACE util.FileUtils (LogUtils.java:runAndLog(49)) - Successfully ran Atomic Files.move /tmp/ratis-tests/statemachine/s0/tmp/ff96e037-4086-457b-a3e1-6a8716239919 to /tmp/ratis-tests/statemachine/s0/snapshot/1_63
2023-03-02 04:37:30,095 [s0@group-E4E80BC40051-StateMachineUpdater] INFO  impl.StateMachineUpdater (StateMachineUpdater.java:takeSnapshot(290)) - s0@group-E4E80BC40051-StateMachineUpdater: Took a snapshot at index 63
2023-03-02 04:37:30,095 [s0@group-E4E80BC40051-StateMachineUpdater] INFO  impl.StateMachineUpdater (StateMachineUpdater.java:lambda$new$0(96)) - s0@group-E4E80BC40051-StateMachineUpdater: snapshotIndex: updateIncreasingly -1 -> 63
2023-03-02 04:37:30,095 [s0@group-E4E80BC40051-StateMachineUpdater] INFO  raftlog.RaftLog (RaftLogBase.java:purge(314)) - s0@group-E4E80BC40051-SegmentedRaftLog: purge 63
2023-03-02 04:37:30,095 [s0@group-E4E80BC40051-StateMachineUpdater] INFO  raftlog.RaftLog (RaftLogBase.java:lambda$new$0(53)) - s0@group-E4E80BC40051-SegmentedRaftLog: snapshotIndex: updateIncreasingly -1 -> 63
2023-03-02 04:37:30,095 [s0@group-E4E80BC40051-StateMachineUpdater] INFO  raftlog.RaftLog (RaftLogBase.java:lambda$new$0(53)) - s0@group-E4E80BC40051-SegmentedRaftLog: purgeIndex: updateToMax old=-1, new=63, updated? true
2023-03-02 04:37:30,099 [s0@group-E4E80BC40051-StateMachineUpdater] INFO  impl.SimpleStateMachine4Testing (SimpleStateMachine4Testing.java:put(205)) - s0: put 65, m32 -> (t:1, i:65), STATEMACHINELOGENTRY, 161@client-2FF6AA34DAAC
2023-03-02 04:37:30,102 [s0@group-E4E80BC40051-StateMachineUpdater] INFO  impl.SimpleStateMachine4Testing (SimpleStateMachine4Testing.java:put(205)) - s0: put 67, m33 -> (t:1, i:67), STATEMACHINELOGENTRY, 162@client-2FF6AA34DAAC
2023-03-02 04:37:30,105 [s0@group-E4E80BC40051-StateMachineUpdater] INFO  impl.SimpleStateMachine4Testing (SimpleStateMachine4Testing.java:put(205)) - s0: put 69, m34 -> (t:1, i:69), STATEMACHINELOGENTRY, 163@client-2FF6AA34DAAC
2023-03-02 04:37:30,109 [s0@group-E4E80BC40051-StateMachineUpdater] INFO  impl.SimpleStateMachine4Testing (SimpleStateMachine4Testing.java:put(205)) - s0: put 71, m35 -> (t:1, i:71), STATEMACHINELOGENTRY, 164@client-2FF6AA34DAAC
2023-03-02 04:37:30,112 [s0@group-E4E80BC40051-StateMachineUpdater] INFO  impl.SimpleStateMachine4Testing (SimpleStateMachine4Testing.java:put(205)) - s0: put 73, m36 -> (t:1, i:73), STATEMACHINELOGENTRY, 165@client-2FF6AA34DAAC
2023-03-02 04:37:30,116 [s0@group-E4E80BC40051-StateMachineUpdater] INFO  impl.SimpleStateMachine4Testing (SimpleStateMachine4Testing.java:put(205)) - s0: put 75, m37 -> (t:1, i:75), STATEMACHINELOGENTRY, 166@client-2FF6AA34DAAC
2023-03-02 04:37:30,119 [s0@group-E4E80BC40051-StateMachineUpdater] INFO  impl.SimpleStateMachine4Testing (SimpleStateMachine4Testing.java:put(205)) - s0: put 77, m38 -> (t:1, i:77), STATEMACHINELOGENTRY, 167@client-2FF6AA34DAAC
2023-03-02 04:37:30,122 [s0@group-E4E80BC40051-StateMachineUpdater] INFO  impl.SimpleStateMachine4Testing (SimpleStateMachine4Testing.java:put(205)) - s0: put 79, m39 -> (t:1, i:79), STATEMACHINELOGENTRY, 168@client-2FF6AA34DAAC
2023-03-02 04:37:30,126 [s0@group-E4E80BC40051-StateMachineUpdater] INFO  impl.SimpleStateMachine4Testing (SimpleStateMachine4Testing.java:put(205)) - s0: put 81, m40 -> (t:1, i:81), STATEMACHINELOGENTRY, 169@client-2FF6AA34DAAC
2023-03-02 04:37:30,129 [s0@group-E4E80BC40051-StateMachineUpdater] INFO  impl.SimpleStateMachine4Testing (SimpleStateMachine4Testing.java:put(205)) - s0: put 83, m41 -> (t:1, i:83), STATEMACHINELOGENTRY, 170@client-2FF6AA34DAAC
2023-03-02 04:37:30,133 [s0@group-E4E80BC40051-StateMachineUpdater] INFO  impl.SimpleStateMachine4Testing (SimpleStateMachine4Testing.java:put(205)) - s0: put 85, m42 -> (t:1, i:85), STATEMACHINELOGENTRY, 171@client-2FF6AA34DAAC
2023-03-02 04:37:30,136 [s0@group-E4E80BC40051-StateMachineUpdater] INFO  impl.SimpleStateMachine4Testing (SimpleStateMachine4Testing.java:put(205)) - s0: put 87, m43 -> (t:1, i:87), STATEMACHINELOGENTRY, 172@client-2FF6AA34DAAC
2023-03-02 04:37:30,139 [s0@group-E4E80BC40051-StateMachineUpdater] INFO  impl.SimpleStateMachine4Testing (SimpleStateMachine4Testing.java:put(205)) - s0: put 89, m44 -> (t:1, i:89), STATEMACHINELOGENTRY, 173@client-2FF6AA34DAAC
2023-03-02 04:37:30,142 [s0@group-E4E80BC40051-StateMachineUpdater] INFO  impl.SimpleStateMachine4Testing (SimpleStateMachine4Testing.java:put(205)) - s0: put 91, m45 -> (t:1, i:91), STATEMACHINELOGENTRY, 174@client-2FF6AA34DAAC
2023-03-02 04:37:30,146 [s0@group-E4E80BC40051-StateMachineUpdater] INFO  impl.SimpleStateMachine4Testing (SimpleStateMachine4Testing.java:put(205)) - s0: put 93, m46 -> (t:1, i:93), STATEMACHINELOGENTRY, 175@client-2FF6AA34DAAC
2023-03-02 04:37:30,149 [s0@group-E4E80BC40051-StateMachineUpdater] INFO  impl.SimpleStateMachine4Testing (SimpleStateMachine4Testing.java:put(205)) - s0: put 95, m47 -> (t:1, i:95), STATEMACHINELOGENTRY, 176@client-2FF6AA34DAAC
2023-03-02 04:37:30,152 [s0@group-E4E80BC40051-StateMachineUpdater] INFO  impl.SimpleStateMachine4Testing (SimpleStateMachine4Testing.java:put(205)) - s0: put 97, m48 -> (t:1, i:97), STATEMACHINELOGENTRY, 177@client-2FF6AA34DAAC
2023-03-02 04:37:30,155 [s0@group-E4E80BC40051-StateMachineUpdater] INFO  impl.SimpleStateMachine4Testing (SimpleStateMachine4Testing.java:put(205)) - s0: put 99, m49 -> (t:1, i:99), STATEMACHINELOGENTRY, 178@client-2FF6AA34DAAC
2023-03-02 04:37:30,159 [s0@group-E4E80BC40051-StateMachineUpdater] INFO  impl.SimpleStateMachine4Testing (SimpleStateMachine4Testing.java:put(205)) - s0: put 101, m50 -> (t:1, i:101), STATEMACHINELOGENTRY, 179@client-2FF6AA34DAAC
2023-03-02 04:37:30,162 [s0@group-E4E80BC40051-StateMachineUpdater] INFO  impl.SimpleStateMachine4Testing (SimpleStateMachine4Testing.java:put(205)) - s0: put 103, m51 -> (t:1, i:103), STATEMACHINELOGENTRY, 180@client-2FF6AA34DAAC
2023-03-02 04:37:30,165 [s0@group-E4E80BC40051-StateMachineUpdater] INFO  impl.SimpleStateMachine4Testing (SimpleStateMachine4Testing.java:put(205)) - s0: put 105, m52 -> (t:1, i:105), STATEMACHINELOGENTRY, 181@client-2FF6AA34DAAC
2023-03-02 04:37:30,169 [s0@group-E4E80BC40051-StateMachineUpdater] INFO  impl.SimpleStateMachine4Testing (SimpleStateMachine4Testing.java:put(205)) - s0: put 107, m53 -> (t:1, i:107), STATEMACHINELOGENTRY, 182@client-2FF6AA34DAAC
2023-03-02 04:37:30,172 [s0@group-E4E80BC40051-StateMachineUpdater] INFO  impl.SimpleStateMachine4Testing (SimpleStateMachine4Testing.java:put(205)) - s0: put 109, m54 -> (t:1, i:109), STATEMACHINELOGENTRY, 183@client-2FF6AA34DAAC
2023-03-02 04:37:30,175 [s0@group-E4E80BC40051-StateMachineUpdater] INFO  impl.SimpleStateMachine4Testing (SimpleStateMachine4Testing.java:put(205)) - s0: put 111, m55 -> (t:1, i:111), STATEMACHINELOGENTRY, 184@client-2FF6AA34DAAC
2023-03-02 04:37:30,178 [s0@group-E4E80BC40051-StateMachineUpdater] INFO  impl.SimpleStateMachine4Testing (SimpleStateMachine4Testing.java:put(205)) - s0: put 113, m56 -> (t:1, i:113), STATEMACHINELOGENTRY, 185@client-2FF6AA34DAAC
2023-03-02 04:37:30,182 [s0@group-E4E80BC40051-StateMachineUpdater] INFO  impl.SimpleStateMachine4Testing (SimpleStateMachine4Testing.java:put(205)) - s0: put 115, m57 -> (t:1, i:115), STATEMACHINELOGENTRY, 186@client-2FF6AA34DAAC
2023-03-02 04:37:30,185 [s0@group-E4E80BC40051-StateMachineUpdater] INFO  impl.SimpleStateMachine4Testing (SimpleStateMachine4Testing.java:put(205)) - s0: put 117, m58 -> (t:1, i:117), STATEMACHINELOGENTRY, 187@client-2FF6AA34DAAC
2023-03-02 04:37:30,188 [s0@group-E4E80BC40051-StateMachineUpdater] INFO  impl.SimpleStateMachine4Testing (SimpleStateMachine4Testing.java:put(205)) - s0: put 119, m59 -> (t:1, i:119), STATEMACHINELOGENTRY, 188@client-2FF6AA34DAAC
2023-03-02 04:37:30,191 [s0@group-E4E80BC40051-StateMachineUpdater] INFO  impl.SimpleStateMachine4Testing (SimpleStateMachine4Testing.java:put(205)) - s0: put 121, m60 -> (t:1, i:121), STATEMACHINELOGENTRY, 189@client-2FF6AA34DAAC
2023-03-02 04:37:30,195 [s0@group-E4E80BC40051-StateMachineUpdater] INFO  impl.SimpleStateMachine4Testing (SimpleStateMachine4Testing.java:put(205)) - s0: put 123, m61 -> (t:1, i:123), STATEMACHINELOGENTRY, 190@client-2FF6AA34DAAC
2023-03-02 04:37:30,198 [s0@group-E4E80BC40051-StateMachineUpdater] INFO  impl.SimpleStateMachine4Testing (SimpleStateMachine4Testing.java:put(205)) - s0: put 125, m62 -> (t:1, i:125), STATEMACHINELOGENTRY, 191@client-2FF6AA34DAAC
2023-03-02 04:37:30,201 [s0@group-E4E80BC40051-StateMachineUpdater] INFO  impl.SimpleStateMachine4Testing (SimpleStateMachine4Testing.java:put(205)) - s0: put 127, m63 -> (t:1, i:127), STATEMACHINELOGENTRY, 192@client-2FF6AA34DAAC
2023-03-02 04:37:30,201 [s0@group-E4E80BC40051-StateMachineUpdater] TRACE util.FileUtils (FileUtils.java:deleteFully(201)) - deleteFully /tmp/ratis-tests/statemachine/s0/snapshot/1_127
2023-03-02 04:37:30,201 [s0@group-E4E80BC40051-StateMachineUpdater] TRACE util.FileUtils (FileUtils.java:deleteFully(217)) - deleteFully: /tmp/ratis-tests/statemachine/s0/snapshot/1_127 does not exist.
2023-03-02 04:37:30,201 [s0@group-E4E80BC40051-StateMachineUpdater] TRACE util.FileUtils (FileUtils.java:deleteFully(201)) - deleteFully /tmp/ratis-tests/statemachine/s0/tmp/ea2950cf-c8c3-467a-ae63-8ac78b398dd0
2023-03-02 04:37:30,201 [s0@group-E4E80BC40051-StateMachineUpdater] TRACE util.FileUtils (FileUtils.java:deleteFully(217)) - deleteFully: /tmp/ratis-tests/statemachine/s0/tmp/ea2950cf-c8c3-467a-ae63-8ac78b398dd0 does not exist.
2023-03-02 04:37:30,202 [s0@group-E4E80BC40051-StateMachineUpdater] TRACE util.FileUtils (LogUtils.java:runAndLog(49)) - Successfully ran Atomic Files.move /tmp/ratis-tests/statemachine/s0/tmp/ea2950cf-c8c3-467a-ae63-8ac78b398dd0 to /tmp/ratis-tests/statemachine/s0/snapshot/1_127
2023-03-02 04:37:30,202 [s0@group-E4E80BC40051-StateMachineUpdater] INFO  impl.StateMachineUpdater (StateMachineUpdater.java:takeSnapshot(290)) - s0@group-E4E80BC40051-StateMachineUpdater: Took a snapshot at index 127
2023-03-02 04:37:30,202 [s0@group-E4E80BC40051-StateMachineUpdater] INFO  impl.StateMachineUpdater (StateMachineUpdater.java:lambda$new$0(96)) - s0@group-E4E80BC40051-StateMachineUpdater: snapshotIndex: updateIncreasingly 63 -> 127
2023-03-02 04:37:30,202 [s0@group-E4E80BC40051-StateMachineUpdater] INFO  raftlog.RaftLog (RaftLogBase.java:purge(314)) - s0@group-E4E80BC40051-SegmentedRaftLog: purge 127
2023-03-02 04:37:30,202 [s0@group-E4E80BC40051-StateMachineUpdater] INFO  raftlog.RaftLog (RaftLogBase.java:lambda$new$0(53)) - s0@group-E4E80BC40051-SegmentedRaftLog: snapshotIndex: updateIncreasingly 63 -> 127
2023-03-02 04:37:30,202 [s0@group-E4E80BC40051-StateMachineUpdater] INFO  raftlog.RaftLog (RaftLogBase.java:lambda$new$0(53)) - s0@group-E4E80BC40051-SegmentedRaftLog: purgeIndex: updateToMax old=63, new=127, updated? true
2023-03-02 04:37:30,205 [s0@group-E4E80BC40051-StateMachineUpdater] INFO  impl.SimpleStateMachine4Testing (SimpleStateMachine4Testing.java:put(205)) - s0: put 129, m64 -> (t:1, i:129), STATEMACHINELOGENTRY, 193@client-2FF6AA34DAAC
2023-03-02 04:37:30,209 [s0@group-E4E80BC40051-StateMachineUpdater] INFO  impl.SimpleStateMachine4Testing (SimpleStateMachine4Testing.java:put(205)) - s0: put 131, m65 -> (t:1, i:131), STATEMACHINELOGENTRY, 194@client-2FF6AA34DAAC
2023-03-02 04:37:30,212 [s0@group-E4E80BC40051-StateMachineUpdater] INFO  impl.SimpleStateMachine4Testing (SimpleStateMachine4Testing.java:put(205)) - s0: put 133, m66 -> (t:1, i:133), STATEMACHINELOGENTRY, 195@client-2FF6AA34DAAC
2023-03-02 04:37:30,215 [s0@group-E4E80BC40051-StateMachineUpdater] INFO  impl.SimpleStateMachine4Testing (SimpleStateMachine4Testing.java:put(205)) - s0: put 135, m67 -> (t:1, i:135), STATEMACHINELOGENTRY, 196@client-2FF6AA34DAAC
2023-03-02 04:37:30,218 [s0@group-E4E80BC40051-StateMachineUpdater] INFO  impl.SimpleStateMachine4Testing (SimpleStateMachine4Testing.java:put(205)) - s0: put 137, m68 -> (t:1, i:137), STATEMACHINELOGENTRY, 197@client-2FF6AA34DAAC
2023-03-02 04:37:30,221 [s0@group-E4E80BC40051-StateMachineUpdater] INFO  impl.SimpleStateMachine4Testing (SimpleStateMachine4Testing.java:put(205)) - s0: put 139, m69 -> (t:1, i:139), STATEMACHINELOGENTRY, 198@client-2FF6AA34DAAC
2023-03-02 04:37:30,225 [s0@group-E4E80BC40051-StateMachineUpdater] INFO  impl.SimpleStateMachine4Testing (SimpleStateMachine4Testing.java:put(205)) - s0: put 141, m70 -> (t:1, i:141), STATEMACHINELOGENTRY, 199@client-2FF6AA34DAAC
2023-03-02 04:37:30,228 [s0@group-E4E80BC40051-StateMachineUpdater] INFO  impl.SimpleStateMachine4Testing (SimpleStateMachine4Testing.java:put(205)) - s0: put 143, m71 -> (t:1, i:143), STATEMACHINELOGENTRY, 200@client-2FF6AA34DAAC
2023-03-02 04:37:30,231 [s0@group-E4E80BC40051-StateMachineUpdater] INFO  impl.SimpleStateMachine4Testing (SimpleStateMachine4Testing.java:put(205)) - s0: put 145, m72 -> (t:1, i:145), STATEMACHINELOGENTRY, 201@client-2FF6AA34DAAC
2023-03-02 04:37:30,234 [s0@group-E4E80BC40051-StateMachineUpdater] INFO  impl.SimpleStateMachine4Testing (SimpleStateMachine4Testing.java:put(205)) - s0: put 147, m73 -> (t:1, i:147), STATEMACHINELOGENTRY, 202@client-2FF6AA34DAAC
2023-03-02 04:37:30,238 [s0@group-E4E80BC40051-StateMachineUpdater] INFO  impl.SimpleStateMachine4Testing (SimpleStateMachine4Testing.java:put(205)) - s0: put 149, m74 -> (t:1, i:149), STATEMACHINELOGENTRY, 203@client-2FF6AA34DAAC
2023-03-02 04:37:30,241 [s0@group-E4E80BC40051-StateMachineUpdater] INFO  impl.SimpleStateMachine4Testing (SimpleStateMachine4Testing.java:put(205)) - s0: put 151, m75 -> (t:1, i:151), STATEMACHINELOGENTRY, 204@client-2FF6AA34DAAC
2023-03-02 04:37:30,244 [s0@group-E4E80BC40051-StateMachineUpdater] INFO  impl.SimpleStateMachine4Testing (SimpleStateMachine4Testing.java:put(205)) - s0: put 153, m76 -> (t:1, i:153), STATEMACHINELOGENTRY, 205@client-2FF6AA34DAAC
2023-03-02 04:37:30,247 [s0@group-E4E80BC40051-StateMachineUpdater] INFO  impl.SimpleStateMachine4Testing (SimpleStateMachine4Testing.java:put(205)) - s0: put 155, m77 -> (t:1, i:155), STATEMACHINELOGENTRY, 206@client-2FF6AA34DAAC
2023-03-02 04:37:30,250 [s0@group-E4E80BC40051-StateMachineUpdater] INFO  impl.SimpleStateMachine4Testing (SimpleStateMachine4Testing.java:put(205)) - s0: put 157, m78 -> (t:1, i:157), STATEMACHINELOGENTRY, 207@client-2FF6AA34DAAC
2023-03-02 04:37:30,253 [s0@group-E4E80BC40051-StateMachineUpdater] INFO  impl.SimpleStateMachine4Testing (SimpleStateMachine4Testing.java:put(205)) - s0: put 159, m79 -> (t:1, i:159), STATEMACHINELOGENTRY, 208@client-2FF6AA34DAAC
2023-03-02 04:37:30,257 [s0@group-E4E80BC40051-StateMachineUpdater] INFO  impl.SimpleStateMachine4Testing (SimpleStateMachine4Testing.java:put(205)) - s0: put 161, m80 -> (t:1, i:161), STATEMACHINELOGENTRY, 209@client-2FF6AA34DAAC
2023-03-02 04:37:30,264 [s0@group-E4E80BC40051-StateMachineUpdater] INFO  impl.SimpleStateMachine4Testing (SimpleStateMachine4Testing.java:put(205)) - s0: put 163, m81 -> (t:1, i:163), STATEMACHINELOGENTRY, 210@client-2FF6AA34DAAC
2023-03-02 04:37:30,268 [s0@group-E4E80BC40051-StateMachineUpdater] INFO  impl.SimpleStateMachine4Testing (SimpleStateMachine4Testing.java:put(205)) - s0: put 165, m82 -> (t:1, i:165), STATEMACHINELOGENTRY, 211@client-2FF6AA34DAAC
2023-03-02 04:37:30,271 [s0@group-E4E80BC40051-StateMachineUpdater] INFO  impl.SimpleStateMachine4Testing (SimpleStateMachine4Testing.java:put(205)) - s0: put 167, m83 -> (t:1, i:167), STATEMACHINELOGENTRY, 212@client-2FF6AA34DAAC
2023-03-02 04:37:30,274 [s0@group-E4E80BC40051-StateMachineUpdater] INFO  impl.SimpleStateMachine4Testing (SimpleStateMachine4Testing.java:put(205)) - s0: put 169, m84 -> (t:1, i:169), STATEMACHINELOGENTRY, 213@client-2FF6AA34DAAC
2023-03-02 04:37:30,277 [s0@group-E4E80BC40051-StateMachineUpdater] INFO  impl.SimpleStateMachine4Testing (SimpleStateMachine4Testing.java:put(205)) - s0: put 171, m85 -> (t:1, i:171), STATEMACHINELOGENTRY, 214@client-2FF6AA34DAAC
2023-03-02 04:37:30,280 [s0@group-E4E80BC40051-StateMachineUpdater] INFO  impl.SimpleStateMachine4Testing (SimpleStateMachine4Testing.java:put(205)) - s0: put 173, m86 -> (t:1, i:173), STATEMACHINELOGENTRY, 215@client-2FF6AA34DAAC
2023-03-02 04:37:30,285 [s0@group-E4E80BC40051-StateMachineUpdater] INFO  impl.SimpleStateMachine4Testing (SimpleStateMachine4Testing.java:put(205)) - s0: put 175, m87 -> (t:1, i:175), STATEMACHINELOGENTRY, 216@client-2FF6AA34DAAC
2023-03-02 04:37:30,288 [s0@group-E4E80BC40051-StateMachineUpdater] INFO  impl.SimpleStateMachine4Testing (SimpleStateMachine4Testing.java:put(205)) - s0: put 177, m88 -> (t:1, i:177), STATEMACHINELOGENTRY, 217@client-2FF6AA34DAAC
2023-03-02 04:37:30,291 [s0@group-E4E80BC40051-StateMachineUpdater] INFO  impl.SimpleStateMachine4Testing (SimpleStateMachine4Testing.java:put(205)) - s0: put 179, m89 -> (t:1, i:179), STATEMACHINELOGENTRY, 218@client-2FF6AA34DAAC
2023-03-02 04:37:30,294 [s0@group-E4E80BC40051-StateMachineUpdater] INFO  impl.SimpleStateMachine4Testing (SimpleStateMachine4Testing.java:put(205)) - s0: put 181, m90 -> (t:1, i:181), STATEMACHINELOGENTRY, 219@client-2FF6AA34DAAC
2023-03-02 04:37:30,297 [s0@group-E4E80BC40051-StateMachineUpdater] INFO  impl.SimpleStateMachine4Testing (SimpleStateMachine4Testing.java:put(205)) - s0: put 183, m91 -> (t:1, i:183), STATEMACHINELOGENTRY, 220@client-2FF6AA34DAAC
2023-03-02 04:37:30,300 [s0@group-E4E80BC40051-StateMachineUpdater] INFO  impl.SimpleStateMachine4Testing (SimpleStateMachine4Testing.java:put(205)) - s0: put 185, m92 -> (t:1, i:185), STATEMACHINELOGENTRY, 221@client-2FF6AA34DAAC
2023-03-02 04:37:30,304 [s0@group-E4E80BC40051-StateMachineUpdater] INFO  impl.SimpleStateMachine4Testing (SimpleStateMachine4Testing.java:put(205)) - s0: put 187, m93 -> (t:1, i:187), STATEMACHINELOGENTRY, 222@client-2FF6AA34DAAC
2023-03-02 04:37:30,307 [s0@group-E4E80BC40051-StateMachineUpdater] INFO  impl.SimpleStateMachine4Testing (SimpleStateMachine4Testing.java:put(205)) - s0: put 189, m94 -> (t:1, i:189), STATEMACHINELOGENTRY, 223@client-2FF6AA34DAAC
2023-03-02 04:37:30,310 [s0@group-E4E80BC40051-StateMachineUpdater] INFO  impl.SimpleStateMachine4Testing (SimpleStateMachine4Testing.java:put(205)) - s0: put 191, m95 -> (t:1, i:191), STATEMACHINELOGENTRY, 224@client-2FF6AA34DAAC
2023-03-02 04:37:30,311 [s0@group-E4E80BC40051-StateMachineUpdater] TRACE util.FileUtils (FileUtils.java:deleteFully(201)) - deleteFully /tmp/ratis-tests/statemachine/s0/snapshot/1_191
2023-03-02 04:37:30,311 [s0@group-E4E80BC40051-StateMachineUpdater] TRACE util.FileUtils (FileUtils.java:deleteFully(217)) - deleteFully: /tmp/ratis-tests/statemachine/s0/snapshot/1_191 does not exist.
2023-03-02 04:37:30,311 [s0@group-E4E80BC40051-StateMachineUpdater] TRACE util.FileUtils (FileUtils.java:deleteFully(201)) - deleteFully /tmp/ratis-tests/statemachine/s0/tmp/22f38111-7eca-4b53-815e-8cd7c5e3b953
2023-03-02 04:37:30,311 [s0@group-E4E80BC40051-StateMachineUpdater] TRACE util.FileUtils (FileUtils.java:deleteFully(217)) - deleteFully: /tmp/ratis-tests/statemachine/s0/tmp/22f38111-7eca-4b53-815e-8cd7c5e3b953 does not exist.
2023-03-02 04:37:30,311 [s0@group-E4E80BC40051-StateMachineUpdater] TRACE util.FileUtils (LogUtils.java:runAndLog(49)) - Successfully ran Atomic Files.move /tmp/ratis-tests/statemachine/s0/tmp/22f38111-7eca-4b53-815e-8cd7c5e3b953 to /tmp/ratis-tests/statemachine/s0/snapshot/1_191
2023-03-02 04:37:30,311 [s0@group-E4E80BC40051-StateMachineUpdater] INFO  impl.StateMachineUpdater (StateMachineUpdater.java:takeSnapshot(290)) - s0@group-E4E80BC40051-StateMachineUpdater: Took a snapshot at index 191
2023-03-02 04:37:30,311 [s0@group-E4E80BC40051-StateMachineUpdater] INFO  impl.StateMachineUpdater (StateMachineUpdater.java:lambda$new$0(96)) - s0@group-E4E80BC40051-StateMachineUpdater: snapshotIndex: updateIncreasingly 127 -> 191
2023-03-02 04:37:30,311 [s0@group-E4E80BC40051-StateMachineUpdater] INFO  raftlog.RaftLog (RaftLogBase.java:purge(314)) - s0@group-E4E80BC40051-SegmentedRaftLog: purge 191
2023-03-02 04:37:30,311 [s0@group-E4E80BC40051-StateMachineUpdater] INFO  raftlog.RaftLog (RaftLogBase.java:lambda$new$0(53)) - s0@group-E4E80BC40051-SegmentedRaftLog: snapshotIndex: updateIncreasingly 127 -> 191
2023-03-02 04:37:30,312 [s0@group-E4E80BC40051-StateMachineUpdater] INFO  raftlog.RaftLog (RaftLogBase.java:lambda$new$0(53)) - s0@group-E4E80BC40051-SegmentedRaftLog: purgeIndex: updateToMax old=127, new=191, updated? true
2023-03-02 04:37:30,315 [s0@group-E4E80BC40051-StateMachineUpdater] INFO  impl.SimpleStateMachine4Testing (SimpleStateMachine4Testing.java:put(205)) - s0: put 193, m96 -> (t:1, i:193), STATEMACHINELOGENTRY, 225@client-2FF6AA34DAAC
2023-03-02 04:37:30,318 [s0@group-E4E80BC40051-StateMachineUpdater] INFO  impl.SimpleStateMachine4Testing (SimpleStateMachine4Testing.java:put(205)) - s0: put 195, m97 -> (t:1, i:195), STATEMACHINELOGENTRY, 226@client-2FF6AA34DAAC
2023-03-02 04:37:30,321 [s0@group-E4E80BC40051-StateMachineUpdater] INFO  impl.SimpleStateMachine4Testing (SimpleStateMachine4Testing.java:put(205)) - s0: put 197, m98 -> (t:1, i:197), STATEMACHINELOGENTRY, 227@client-2FF6AA34DAAC
2023-03-02 04:37:30,324 [s0@group-E4E80BC40051-StateMachineUpdater] INFO  impl.SimpleStateMachine4Testing (SimpleStateMachine4Testing.java:put(205)) - s0: put 199, m99 -> (t:1, i:199), STATEMACHINELOGENTRY, 228@client-2FF6AA34DAAC
2023-03-02 04:37:30,334 [s0@group-E4E80BC40051-StateMachineUpdater] INFO  impl.SimpleStateMachine4Testing (SimpleStateMachine4Testing.java:put(205)) - s0: put 201, m100 -> (t:1, i:201), STATEMACHINELOGENTRY, 229@client-2FF6AA34DAAC
2023-03-02 04:37:30,338 [s0@group-E4E80BC40051-StateMachineUpdater] INFO  impl.SimpleStateMachine4Testing (SimpleStateMachine4Testing.java:put(205)) - s0: put 203, m101 -> (t:1, i:203), STATEMACHINELOGENTRY, 230@client-2FF6AA34DAAC
2023-03-02 04:37:30,342 [s0@group-E4E80BC40051-StateMachineUpdater] INFO  impl.SimpleStateMachine4Testing (SimpleStateMachine4Testing.java:put(205)) - s0: put 205, m102 -> (t:1, i:205), STATEMACHINELOGENTRY, 231@client-2FF6AA34DAAC
2023-03-02 04:37:30,349 [s0@group-E4E80BC40051-StateMachineUpdater] INFO  impl.SimpleStateMachine4Testing (SimpleStateMachine4Testing.java:put(205)) - s0: put 207, m103 -> (t:1, i:207), STATEMACHINELOGENTRY, 232@client-2FF6AA34DAAC
2023-03-02 04:37:30,358 [s0@group-E4E80BC40051-StateMachineUpdater] INFO  impl.SimpleStateMachine4Testing (SimpleStateMachine4Testing.java:put(205)) - s0: put 209, m104 -> (t:1, i:209), STATEMACHINELOGENTRY, 233@client-2FF6AA34DAAC
2023-03-02 04:37:30,361 [s0@group-E4E80BC40051-StateMachineUpdater] INFO  impl.SimpleStateMachine4Testing (SimpleStateMachine4Testing.java:put(205)) - s0: put 211, m105 -> (t:1, i:211), STATEMACHINELOGENTRY, 234@client-2FF6AA34DAAC
2023-03-02 04:37:30,364 [s0@group-E4E80BC40051-StateMachineUpdater] INFO  impl.SimpleStateMachine4Testing (SimpleStateMachine4Testing.java:put(205)) - s0: put 213, m106 -> (t:1, i:213), STATEMACHINELOGENTRY, 235@client-2FF6AA34DAAC
2023-03-02 04:37:30,366 [s0@group-E4E80BC40051-StateMachineUpdater] INFO  impl.SimpleStateMachine4Testing (SimpleStateMachine4Testing.java:put(205)) - s0: put 215, m107 -> (t:1, i:215), STATEMACHINELOGENTRY, 236@client-2FF6AA34DAAC
2023-03-02 04:37:30,369 [s0@group-E4E80BC40051-StateMachineUpdater] INFO  impl.SimpleStateMachine4Testing (SimpleStateMachine4Testing.java:put(205)) - s0: put 217, m108 -> (t:1, i:217), STATEMACHINELOGENTRY, 237@client-2FF6AA34DAAC
2023-03-02 04:37:30,372 [s0@group-E4E80BC40051-StateMachineUpdater] INFO  impl.SimpleStateMachine4Testing (SimpleStateMachine4Testing.java:put(205)) - s0: put 219, m109 -> (t:1, i:219), STATEMACHINELOGENTRY, 238@client-2FF6AA34DAAC
2023-03-02 04:37:30,374 [s0@group-E4E80BC40051-StateMachineUpdater] INFO  impl.SimpleStateMachine4Testing (SimpleStateMachine4Testing.java:put(205)) - s0: put 221, m110 -> (t:1, i:221), STATEMACHINELOGENTRY, 239@client-2FF6AA34DAAC
2023-03-02 04:37:30,377 [s0@group-E4E80BC40051-StateMachineUpdater] INFO  impl.SimpleStateMachine4Testing (SimpleStateMachine4Testing.java:put(205)) - s0: put 223, m111 -> (t:1, i:223), STATEMACHINELOGENTRY, 240@client-2FF6AA34DAAC
2023-03-02 04:37:30,381 [s0@group-E4E80BC40051-StateMachineUpdater] INFO  impl.SimpleStateMachine4Testing (SimpleStateMachine4Testing.java:put(205)) - s0: put 225, m112 -> (t:1, i:225), STATEMACHINELOGENTRY, 241@client-2FF6AA34DAAC
2023-03-02 04:37:30,383 [s0@group-E4E80BC40051-StateMachineUpdater] INFO  impl.SimpleStateMachine4Testing (SimpleStateMachine4Testing.java:put(205)) - s0: put 227, m113 -> (t:1, i:227), STATEMACHINELOGENTRY, 242@client-2FF6AA34DAAC
2023-03-02 04:37:30,386 [s0@group-E4E80BC40051-StateMachineUpdater] INFO  impl.SimpleStateMachine4Testing (SimpleStateMachine4Testing.java:put(205)) - s0: put 229, m114 -> (t:1, i:229), STATEMACHINELOGENTRY, 243@client-2FF6AA34DAAC
2023-03-02 04:37:30,392 [s0@group-E4E80BC40051-StateMachineUpdater] INFO  impl.SimpleStateMachine4Testing (SimpleStateMachine4Testing.java:put(205)) - s0: put 231, m115 -> (t:1, i:231), STATEMACHINELOGENTRY, 244@client-2FF6AA34DAAC
2023-03-02 04:37:30,395 [s0@group-E4E80BC40051-StateMachineUpdater] INFO  impl.SimpleStateMachine4Testing (SimpleStateMachine4Testing.java:put(205)) - s0: put 233, m116 -> (t:1, i:233), STATEMACHINELOGENTRY, 245@client-2FF6AA34DAAC
2023-03-02 04:37:30,398 [s0@group-E4E80BC40051-StateMachineUpdater] INFO  impl.SimpleStateMachine4Testing (SimpleStateMachine4Testing.java:put(205)) - s0: put 235, m117 -> (t:1, i:235), STATEMACHINELOGENTRY, 246@client-2FF6AA34DAAC
2023-03-02 04:37:30,401 [s0@group-E4E80BC40051-StateMachineUpdater] INFO  impl.SimpleStateMachine4Testing (SimpleStateMachine4Testing.java:put(205)) - s0: put 237, m118 -> (t:1, i:237), STATEMACHINELOGENTRY, 247@client-2FF6AA34DAAC
2023-03-02 04:37:30,403 [s0@group-E4E80BC40051-StateMachineUpdater] INFO  impl.SimpleStateMachine4Testing (SimpleStateMachine4Testing.java:put(205)) - s0: put 239, m119 -> (t:1, i:239), STATEMACHINELOGENTRY, 248@client-2FF6AA34DAAC
2023-03-02 04:37:30,405 [s0@group-E4E80BC40051-StateMachineUpdater] INFO  impl.SimpleStateMachine4Testing (SimpleStateMachine4Testing.java:put(205)) - s0: put 241, m120 -> (t:1, i:241), STATEMACHINELOGENTRY, 249@client-2FF6AA34DAAC
2023-03-02 04:37:30,408 [s0@group-E4E80BC40051-StateMachineUpdater] INFO  impl.SimpleStateMachine4Testing (SimpleStateMachine4Testing.java:put(205)) - s0: put 243, m121 -> (t:1, i:243), STATEMACHINELOGENTRY, 250@client-2FF6AA34DAAC
2023-03-02 04:37:30,411 [s0@group-E4E80BC40051-StateMachineUpdater] INFO  impl.SimpleStateMachine4Testing (SimpleStateMachine4Testing.java:put(205)) - s0: put 245, m122 -> (t:1, i:245), STATEMACHINELOGENTRY, 251@client-2FF6AA34DAAC
2023-03-02 04:37:30,414 [s0@group-E4E80BC40051-StateMachineUpdater] INFO  impl.SimpleStateMachine4Testing (SimpleStateMachine4Testing.java:put(205)) - s0: put 247, m123 -> (t:1, i:247), STATEMACHINELOGENTRY, 252@client-2FF6AA34DAAC
2023-03-02 04:37:30,420 [s0@group-E4E80BC40051-StateMachineUpdater] INFO  impl.SimpleStateMachine4Testing (SimpleStateMachine4Testing.java:put(205)) - s0: put 249, m124 -> (t:1, i:249), STATEMACHINELOGENTRY, 253@client-2FF6AA34DAAC
2023-03-02 04:37:30,425 [s0@group-E4E80BC40051-StateMachineUpdater] INFO  impl.SimpleStateMachine4Testing (SimpleStateMachine4Testing.java:put(205)) - s0: put 251, m125 -> (t:1, i:251), STATEMACHINELOGENTRY, 254@client-2FF6AA34DAAC
2023-03-02 04:37:30,428 [s0@group-E4E80BC40051-StateMachineUpdater] INFO  impl.SimpleStateMachine4Testing (SimpleStateMachine4Testing.java:put(205)) - s0: put 253, m126 -> (t:1, i:253), STATEMACHINELOGENTRY, 255@client-2FF6AA34DAAC
2023-03-02 04:37:30,434 [s0-server-thread1] INFO  server.RaftServer$Division (RaftServerImpl.java:takeSnapshotAsync(1128)) - s0@group-E4E80BC40051: takeSnapshotAsync SnapshotManagementRequest:client-2FF6AA34DAAC->s0@group-E4E80BC40051, cid=256, seq=0, RO, null, Create:
2023-03-02 04:37:30,434 [s0-server-thread1] INFO  server.RaftServerConfigKeys (ConfUtils.java:logGet(46)) - raft.server.snapshot.creation.gap = 1024 (default)
2023-03-02 04:37:30,444 [Time-limited test] INFO  impl.MiniRaftCluster (MiniRaftCluster.java:addNewPeers(464)) - Add new peers [s1, s2]
2023-03-02 04:37:30,444 [Time-limited test] INFO  impl.MiniRaftCluster (MiniRaftCluster.java:newRaftServer(382)) - newRaftServer: s1, group-E4E80BC40051:[], format? true
2023-03-02 04:37:30,445 [Time-limited test] TRACE util.FileUtils (FileUtils.java:deleteFully(201)) - deleteFully target/test/data/b8bdf87b/MiniRaftClusterWithGrpc28879643/s1
2023-03-02 04:37:30,445 [Time-limited test] TRACE util.FileUtils (FileUtils.java:deleteFully(217)) - deleteFully: target/test/data/b8bdf87b/MiniRaftClusterWithGrpc28879643/s1 does not exist.
2023-03-02 04:37:30,445 [Time-limited test] INFO  impl.MiniRaftCluster (MiniRaftCluster.java:newRaftServer(387)) - Formatted directory target/test/data/b8bdf87b/MiniRaftClusterWithGrpc28879643/s1
2023-03-02 04:37:30,445 [Time-limited test] INFO  server.RaftServer (ConfUtils.java:logGet(46)) - raft.rpc.type = GRPC (default)
2023-03-02 04:37:30,445 [Time-limited test] INFO  grpc.GrpcConfigKeys (ConfUtils.java:logFallback(53)) - raft.grpc.admin.host = null (fallback to raft.grpc.server.host)
2023-03-02 04:37:30,445 [Time-limited test] INFO  grpc.GrpcConfigKeys (ConfUtils.java:logFallback(53)) - raft.grpc.admin.port = 34987 (fallback to raft.grpc.server.port)
2023-03-02 04:37:30,445 [Time-limited test] INFO  grpc.GrpcConfigKeys (ConfUtils.java:logFallback(53)) - raft.grpc.client.host = null (fallback to raft.grpc.server.host)
2023-03-02 04:37:30,445 [Time-limited test] INFO  grpc.GrpcConfigKeys (ConfUtils.java:logFallback(53)) - raft.grpc.client.port = 34987 (fallback to raft.grpc.server.port)
2023-03-02 04:37:30,445 [Time-limited test] INFO  grpc.GrpcConfigKeys (ConfUtils.java:logGet(46)) - raft.grpc.server.host = null (default)
2023-03-02 04:37:30,445 [Time-limited test] INFO  grpc.GrpcConfigKeys (ConfUtils.java:logGet(46)) - raft.grpc.server.port = 34987 (custom)
2023-03-02 04:37:30,445 [Time-limited test] INFO  server.GrpcService (ConfUtils.java:logGet(46)) - raft.grpc.message.size.max = 64MB (=67108864) (default)
2023-03-02 04:37:30,445 [Time-limited test] INFO  server.RaftServerConfigKeys (ConfUtils.java:logGet(46)) - raft.server.log.appender.buffer.byte-limit = 4MB (=4194304) (default)
2023-03-02 04:37:30,446 [Time-limited test] INFO  server.GrpcService (ConfUtils.java:logGet(46)) - raft.grpc.flow.control.window = 1MB (=1048576) (default)
2023-03-02 04:37:30,446 [Time-limited test] INFO  server.RaftServerConfigKeys (ConfUtils.java:logGet(46)) - raft.server.rpc.request.timeout = 3000ms (default)
2023-03-02 04:37:30,446 [Time-limited test] INFO  grpc.GrpcConfigKeys (ConfUtils.java:logGet(46)) - raft.grpc.server.heartbeat.channel = false (custom)
2023-03-02 04:37:30,446 [Time-limited test] INFO  grpc.GrpcConfigKeys (ConfUtils.java:logGet(46)) - raft.grpc.server.async.request.thread.pool.cached = true (default)
2023-03-02 04:37:30,446 [Time-limited test] INFO  grpc.GrpcConfigKeys (ConfUtils.java:logGet(46)) - raft.grpc.server.async.request.thread.pool.size = 32 (default)
2023-03-02 04:37:30,446 [Time-limited test] INFO  impl.DataStreamServerImpl (ConfUtils.java:logGet(46)) - raft.datastream.type = DISABLED (default)
2023-03-02 04:37:30,447 [Time-limited test] INFO  server.RaftServerConfigKeys (ConfUtils.java:logGet(46)) - raft.server.threadpool.proxy.cached = true (default)
2023-03-02 04:37:30,447 [Time-limited test] INFO  server.RaftServerConfigKeys (ConfUtils.java:logGet(46)) - raft.server.threadpool.proxy.size = 0 (default)
2023-03-02 04:37:30,447 [Time-limited test] INFO  server.RaftServerConfigKeys (ConfUtils.java:logGet(46)) - raft.server.rpc.slowness.timeout = 60s (default)
2023-03-02 04:37:30,447 [Time-limited test] INFO  server.RaftServerConfigKeys (ConfUtils.java:logGet(46)) - raft.server.leaderelection.leader.step-down.wait-time = 10s (default)
2023-03-02 04:37:30,447 [Time-limited test] INFO  server.RaftServerConfigKeys (ConfUtils.java:logGet(46)) - raft.server.storage.dir = [/home/runner/work/ratis/ratis/ratis-test/target/test/data/b8bdf87b/MiniRaftClusterWithGrpc28879643/s1] (custom)
2023-03-02 04:37:30,450 [Time-limited test] INFO  server.RaftServer (RaftServerProxy.java:addNew(99)) - s1: addNew group-E4E80BC40051:[] returns group-E4E80BC40051:java.util.concurrent.CompletableFuture@579044d5[Not completed]
2023-03-02 04:37:30,450 [Time-limited test] INFO  impl.MiniRaftCluster (MiniRaftCluster.java:newRaftServer(382)) - newRaftServer: s2, group-E4E80BC40051:[], format? true
2023-03-02 04:37:30,450 [Time-limited test] TRACE util.FileUtils (FileUtils.java:deleteFully(201)) - deleteFully target/test/data/b8bdf87b/MiniRaftClusterWithGrpc28879643/s2
2023-03-02 04:37:30,450 [Time-limited test] TRACE util.FileUtils (FileUtils.java:deleteFully(217)) - deleteFully: target/test/data/b8bdf87b/MiniRaftClusterWithGrpc28879643/s2 does not exist.
2023-03-02 04:37:30,450 [Time-limited test] INFO  impl.MiniRaftCluster (MiniRaftCluster.java:newRaftServer(387)) - Formatted directory target/test/data/b8bdf87b/MiniRaftClusterWithGrpc28879643/s2
2023-03-02 04:37:30,450 [Time-limited test] INFO  server.RaftServer (ConfUtils.java:logGet(46)) - raft.rpc.type = GRPC (default)
2023-03-02 04:37:30,451 [Time-limited test] INFO  grpc.GrpcConfigKeys (ConfUtils.java:logFallback(53)) - raft.grpc.admin.host = null (fallback to raft.grpc.server.host)
2023-03-02 04:37:30,451 [Time-limited test] INFO  grpc.GrpcConfigKeys (ConfUtils.java:logFallback(53)) - raft.grpc.admin.port = 33415 (fallback to raft.grpc.server.port)
2023-03-02 04:37:30,451 [Time-limited test] INFO  grpc.GrpcConfigKeys (ConfUtils.java:logFallback(53)) - raft.grpc.client.host = null (fallback to raft.grpc.server.host)
2023-03-02 04:37:30,451 [Time-limited test] INFO  grpc.GrpcConfigKeys (ConfUtils.java:logFallback(53)) - raft.grpc.client.port = 33415 (fallback to raft.grpc.server.port)
2023-03-02 04:37:30,451 [Time-limited test] INFO  grpc.GrpcConfigKeys (ConfUtils.java:logGet(46)) - raft.grpc.server.host = null (default)
2023-03-02 04:37:30,451 [Time-limited test] INFO  grpc.GrpcConfigKeys (ConfUtils.java:logGet(46)) - raft.grpc.server.port = 33415 (custom)
2023-03-02 04:37:30,451 [Time-limited test] INFO  server.GrpcService (ConfUtils.java:logGet(46)) - raft.grpc.message.size.max = 64MB (=67108864) (default)
2023-03-02 04:37:30,451 [Time-limited test] INFO  server.RaftServerConfigKeys (ConfUtils.java:logGet(46)) - raft.server.log.appender.buffer.byte-limit = 4MB (=4194304) (default)
2023-03-02 04:37:30,451 [Time-limited test] INFO  server.GrpcService (ConfUtils.java:logGet(46)) - raft.grpc.flow.control.window = 1MB (=1048576) (default)
2023-03-02 04:37:30,451 [Time-limited test] INFO  server.RaftServerConfigKeys (ConfUtils.java:logGet(46)) - raft.server.rpc.request.timeout = 3000ms (default)
2023-03-02 04:37:30,451 [Time-limited test] INFO  grpc.GrpcConfigKeys (ConfUtils.java:logGet(46)) - raft.grpc.server.heartbeat.channel = false (custom)
2023-03-02 04:37:30,451 [Time-limited test] INFO  grpc.GrpcConfigKeys (ConfUtils.java:logGet(46)) - raft.grpc.server.async.request.thread.pool.cached = true (default)
2023-03-02 04:37:30,451 [Time-limited test] INFO  grpc.GrpcConfigKeys (ConfUtils.java:logGet(46)) - raft.grpc.server.async.request.thread.pool.size = 32 (default)
2023-03-02 04:37:30,452 [Time-limited test] INFO  impl.DataStreamServerImpl (ConfUtils.java:logGet(46)) - raft.datastream.type = DISABLED (default)
2023-03-02 04:37:30,452 [Time-limited test] INFO  server.RaftServerConfigKeys (ConfUtils.java:logGet(46)) - raft.server.threadpool.proxy.cached = true (default)
2023-03-02 04:37:30,452 [Time-limited test] INFO  server.RaftServerConfigKeys (ConfUtils.java:logGet(46)) - raft.server.threadpool.proxy.size = 0 (default)
2023-03-02 04:37:30,452 [Time-limited test] INFO  server.RaftServerConfigKeys (ConfUtils.java:logGet(46)) - raft.server.rpc.slowness.timeout = 60s (default)
2023-03-02 04:37:30,452 [Time-limited test] INFO  server.RaftServerConfigKeys (ConfUtils.java:logGet(46)) - raft.server.leaderelection.leader.step-down.wait-time = 10s (default)
2023-03-02 04:37:30,452 [Time-limited test] INFO  server.RaftServerConfigKeys (ConfUtils.java:logGet(46)) - raft.server.storage.dir = [/home/runner/work/ratis/ratis/ratis-test/target/test/data/b8bdf87b/MiniRaftClusterWithGrpc28879643/s2] (custom)
2023-03-02 04:37:30,453 [s1-groupManagement] INFO  server.RaftServerConfigKeys (ConfUtils.java:logGet(46)) - raft.server.log.segment.size.max = 8MB (=8388608) (default)
2023-03-02 04:37:30,453 [s1-groupManagement] INFO  server.RaftServerConfigKeys (ConfUtils.java:logGet(46)) - raft.server.log.preallocated.size = 4MB (=4194304) (default)
2023-03-02 04:37:30,453 [s1-groupManagement] INFO  server.RaftServerConfigKeys (ConfUtils.java:logGet(46)) - raft.server.log.write.buffer.size = 64KB (=65536) (default)
2023-03-02 04:37:30,453 [s1-groupManagement] INFO  server.RaftServer$Division (RaftServerImpl.java:<init>(198)) - s1: new RaftServerImpl for group-E4E80BC40051:[] with StateMachineWithSeparatedSnapshotPath:uninitialized
2023-03-02 04:37:30,453 [s1-groupManagement] INFO  server.RaftServerConfigKeys (ConfUtils.java:logGet(46)) - raft.server.rpc.timeout.min = 150ms (default)
2023-03-02 04:37:30,454 [s1-groupManagement] INFO  server.RaftServerConfigKeys (ConfUtils.java:logGet(46)) - raft.server.rpc.timeout.max = 300ms (default)
2023-03-02 04:37:30,454 [s1-groupManagement] INFO  server.RaftServerConfigKeys (ConfUtils.java:logGet(46)) - raft.server.rpc.sleep.time = 25ms (default)
2023-03-02 04:37:30,454 [s1-groupManagement] INFO  server.RaftServerConfigKeys (ConfUtils.java:logGet(46)) - raft.server.rpc.slowness.timeout = 60s (default)
2023-03-02 04:37:30,454 [s1-groupManagement] INFO  server.RaftServerConfigKeys (ConfUtils.java:logGet(46)) - raft.server.leaderelection.leader.step-down.wait-time = 10s (default)
2023-03-02 04:37:30,454 [s1-groupManagement] INFO  server.RaftServerConfigKeys (ConfUtils.java:logGet(46)) - raft.server.sleep.deviation.threshold = 300ms (default)
2023-03-02 04:37:30,454 [s1-groupManagement] INFO  server.RaftServer$Division (ServerState.java:<init>(113)) - s1@group-E4E80BC40051: ConfigurationManager, init=-1: peers:[]|listeners:[], old=null, confs=<EMPTY_MAP>
2023-03-02 04:37:30,454 [s1-groupManagement] INFO  server.RaftServerConfigKeys (ConfUtils.java:logGet(46)) - raft.server.notification.no-leader.timeout = 60s (default)
2023-03-02 04:37:30,454 [s1-groupManagement] INFO  server.RaftServerConfigKeys (ConfUtils.java:logGet(46)) - raft.server.read.timeout = 10s (default)
2023-03-02 04:37:30,454 [s1-groupManagement] INFO  server.RaftServerConfigKeys (ConfUtils.java:logGet(46)) - raft.server.retrycache.expirytime = 60s (default)
2023-03-02 04:37:30,454 [s1-groupManagement] INFO  server.RaftServerConfigKeys (ConfUtils.java:logGet(46)) - raft.server.retrycache.statistics.expirytime = 100μs (default)
2023-03-02 04:37:30,454 [s1-groupManagement] INFO  server.RaftServerConfigKeys (ConfUtils.java:logGet(46)) - raft.server.read.option = DEFAULT (default)
2023-03-02 04:37:30,458 [s1-groupManagement] INFO  server.RaftServerConfigKeys (ConfUtils.java:logGet(46)) - raft.server.log.appender.install.snapshot.enabled = true (default)
2023-03-02 04:37:30,458 [s1-groupManagement] INFO  server.RaftServerConfigKeys (ConfUtils.java:logGet(46)) - raft.server.threadpool.server.cached = true (default)
2023-03-02 04:37:30,458 [s1-groupManagement] INFO  server.RaftServerConfigKeys (ConfUtils.java:logGet(46)) - raft.server.threadpool.server.size = 0 (default)
2023-03-02 04:37:30,458 [s1-groupManagement] INFO  server.RaftServerConfigKeys (ConfUtils.java:logGet(46)) - raft.server.threadpool.client.cached = true (default)
2023-03-02 04:37:30,458 [s1-groupManagement] INFO  server.RaftServerConfigKeys (ConfUtils.java:logGet(46)) - raft.server.threadpool.client.size = 0 (default)
2023-03-02 04:37:30,458 [Time-limited test] INFO  server.RaftServer (RaftServerProxy.java:addNew(99)) - s2: addNew group-E4E80BC40051:[] returns group-E4E80BC40051:java.util.concurrent.CompletableFuture@212e603b[Not completed]
2023-03-02 04:37:30,458 [s1-impl-thread1] INFO  server.RaftServerConfigKeys (ConfUtils.java:logGet(46)) - raft.server.storage.free-space.min = 0MB (=0) (default)
2023-03-02 04:37:30,458 [s1-impl-thread1] INFO  server.RaftServerConfigKeys (ConfUtils.java:logGet(46)) - raft.server.log.corruption.policy = EXCEPTION (default)
2023-03-02 04:37:30,458 [s2-groupManagement] INFO  server.RaftServerConfigKeys (ConfUtils.java:logGet(46)) - raft.server.log.segment.size.max = 8MB (=8388608) (default)
2023-03-02 04:37:30,459 [s1-impl-thread1] INFO  server.RaftServerConfigKeys (ConfUtils.java:logGet(46)) - raft.server.storage.dir = [/home/runner/work/ratis/ratis/ratis-test/target/test/data/b8bdf87b/MiniRaftClusterWithGrpc28879643/s1] (custom)
2023-03-02 04:37:30,459 [s1-impl-thread1] INFO  storage.RaftStorageDirectory (RaftStorageDirectoryImpl.java:analyzeStorage(138)) - The storage directory /home/runner/work/ratis/ratis/ratis-test/target/test/data/b8bdf87b/MiniRaftClusterWithGrpc28879643/s1/e246a637-550b-44da-a28b-e4e80bc40051 does not exist. Creating ...
2023-03-02 04:37:30,459 [s1-impl-thread1] TRACE util.FileUtils (LogUtils.java:runAndLog(49)) - Successfully ran Files.createDirectories /home/runner/work/ratis/ratis/ratis-test/target/test/data/b8bdf87b/MiniRaftClusterWithGrpc28879643/s1/e246a637-550b-44da-a28b-e4e80bc40051
2023-03-02 04:37:30,459 [s2-groupManagement] INFO  server.RaftServerConfigKeys (ConfUtils.java:logGet(46)) - raft.server.log.preallocated.size = 4MB (=4194304) (default)
2023-03-02 04:37:30,460 [s2-groupManagement] INFO  server.RaftServerConfigKeys (ConfUtils.java:logGet(46)) - raft.server.log.write.buffer.size = 64KB (=65536) (default)
2023-03-02 04:37:30,460 [s2-groupManagement] INFO  server.RaftServer$Division (RaftServerImpl.java:<init>(198)) - s2: new RaftServerImpl for group-E4E80BC40051:[] with StateMachineWithSeparatedSnapshotPath:uninitialized
2023-03-02 04:37:30,460 [s2-groupManagement] INFO  server.RaftServerConfigKeys (ConfUtils.java:logGet(46)) - raft.server.rpc.timeout.min = 150ms (default)
2023-03-02 04:37:30,460 [s2-groupManagement] INFO  server.RaftServerConfigKeys (ConfUtils.java:logGet(46)) - raft.server.rpc.timeout.max = 300ms (default)
2023-03-02 04:37:30,460 [s2-groupManagement] INFO  server.RaftServerConfigKeys (ConfUtils.java:logGet(46)) - raft.server.rpc.sleep.time = 25ms (default)
2023-03-02 04:37:30,460 [s2-groupManagement] INFO  server.RaftServerConfigKeys (ConfUtils.java:logGet(46)) - raft.server.rpc.slowness.timeout = 60s (default)
2023-03-02 04:37:30,460 [s2-groupManagement] INFO  server.RaftServerConfigKeys (ConfUtils.java:logGet(46)) - raft.server.leaderelection.leader.step-down.wait-time = 10s (default)
2023-03-02 04:37:30,460 [s2-groupManagement] INFO  server.RaftServerConfigKeys (ConfUtils.java:logGet(46)) - raft.server.sleep.deviation.threshold = 300ms (default)
2023-03-02 04:37:30,460 [s2-groupManagement] INFO  server.RaftServer$Division (ServerState.java:<init>(113)) - s2@group-E4E80BC40051: ConfigurationManager, init=-1: peers:[]|listeners:[], old=null, confs=<EMPTY_MAP>
2023-03-02 04:37:30,460 [s2-groupManagement] INFO  server.RaftServerConfigKeys (ConfUtils.java:logGet(46)) - raft.server.notification.no-leader.timeout = 60s (default)
2023-03-02 04:37:30,460 [s2-groupManagement] INFO  server.RaftServerConfigKeys (ConfUtils.java:logGet(46)) - raft.server.read.timeout = 10s (default)
2023-03-02 04:37:30,460 [s2-groupManagement] INFO  server.RaftServerConfigKeys (ConfUtils.java:logGet(46)) - raft.server.retrycache.expirytime = 60s (default)
2023-03-02 04:37:30,460 [s2-groupManagement] INFO  server.RaftServerConfigKeys (ConfUtils.java:logGet(46)) - raft.server.retrycache.statistics.expirytime = 100μs (default)
2023-03-02 04:37:30,461 [s1-impl-thread1] INFO  storage.RaftStorageDirectory (RaftStorageDirectoryImpl.java:tryLock(232)) - Lock on /home/runner/work/ratis/ratis/ratis-test/target/test/data/b8bdf87b/MiniRaftClusterWithGrpc28879643/s1/e246a637-550b-44da-a28b-e4e80bc40051/in_use.lock acquired by nodename 3720@fv-az163-990
2023-03-02 04:37:30,461 [s1-impl-thread1] TRACE util.FileUtils (LogUtils.java:runAndLog(49)) - Successfully ran Files.createDirectories /home/runner/work/ratis/ratis/ratis-test/target/test/data/b8bdf87b/MiniRaftClusterWithGrpc28879643/s1/e246a637-550b-44da-a28b-e4e80bc40051/current
2023-03-02 04:37:30,461 [s1-impl-thread1] TRACE util.FileUtils (LogUtils.java:runAndLog(49)) - Successfully ran Files.createDirectories /home/runner/work/ratis/ratis/ratis-test/target/test/data/b8bdf87b/MiniRaftClusterWithGrpc28879643/s1/e246a637-550b-44da-a28b-e4e80bc40051/sm
2023-03-02 04:37:30,462 [s1-impl-thread1] INFO  storage.RaftStorage (RaftStorageImpl.java:format(96)) - Storage directory /home/runner/work/ratis/ratis/ratis-test/target/test/data/b8bdf87b/MiniRaftClusterWithGrpc28879643/s1/e246a637-550b-44da-a28b-e4e80bc40051 has been successfully formatted.
2023-03-02 04:37:30,462 [s1-impl-thread1] INFO  impl.SimpleStateMachine4Testing (SimpleStateMachine4Testing.java:initialize(213)) - Initializing StateMachineWithSeparatedSnapshotPath:uninitialized
2023-03-02 04:37:30,463 [s1-impl-thread1] INFO  impl.SimpleStateMachine4Testing (SimpleStateMachine4Testing.java:loadSnapshot(293)) - Loading snapshot null
2023-03-02 04:37:30,463 [s1-impl-thread1] TRACE util.FileUtils (FileUtils.java:deleteFully(201)) - deleteFully /tmp/ratis-tests/statemachine/s1
2023-03-02 04:37:30,463 [s1-impl-thread1] TRACE util.FileUtils (FileUtils.java:deleteFully(217)) - deleteFully: /tmp/ratis-tests/statemachine/s1 does not exist.
2023-03-02 04:37:30,463 [s1-impl-thread1] INFO  server.RaftServerConfigKeys (ConfUtils.java:logGet(46)) - raft.server.log.use.memory = false (default)
2023-03-02 04:37:30,463 [s1-impl-thread1] INFO  server.RaftServerConfigKeys (ConfUtils.java:logGet(46)) - raft.server.log.purge.gap = 8 (custom)
2023-03-02 04:37:30,463 [s1-impl-thread1] INFO  server.RaftServerConfigKeys (ConfUtils.java:logGet(46)) - raft.server.log.appender.buffer.byte-limit = 4MB (=4194304) (default)
2023-03-02 04:37:30,463 [s1-impl-thread1] INFO  server.RaftServerConfigKeys (ConfUtils.java:logGet(46)) - raft.server.log.statemachine.data.read.timeout = 1000ms (default)
2023-03-02 04:37:30,463 [s1-impl-thread1] INFO  server.RaftServerConfigKeys (ConfUtils.java:logGet(46)) - raft.server.log.purge.preservation.log.num = 0 (default)
2023-03-02 04:37:30,464 [s1-impl-thread1] INFO  server.RaftServerConfigKeys (ConfUtils.java:logGet(46)) - raft.server.log.segment.size.max = 8MB (=8388608) (default)
2023-03-02 04:37:30,464 [s1-impl-thread1] INFO  server.RaftServerConfigKeys (ConfUtils.java:logGet(46)) - raft.server.log.segment.cache.num.max = 6 (default)
2023-03-02 04:37:30,464 [s1-impl-thread1] INFO  server.RaftServerConfigKeys (ConfUtils.java:logGet(46)) - raft.server.log.segment.cache.size.max = 200MB (=209715200) (default)
2023-03-02 04:37:30,464 [s1-impl-thread1] INFO  server.RaftServerConfigKeys (ConfUtils.java:logGet(46)) - raft.server.log.appender.buffer.byte-limit = 4MB (=4194304) (default)
2023-03-02 04:37:30,464 [s1-impl-thread1] INFO  segmented.SegmentedRaftLogWorker (SegmentedRaftLogWorker.java:<init>(183)) - new s1@group-E4E80BC40051-SegmentedRaftLogWorker for RaftStorageImpl:Storage Directory /home/runner/work/ratis/ratis/ratis-test/target/test/data/b8bdf87b/MiniRaftClusterWithGrpc28879643/s1/e246a637-550b-44da-a28b-e4e80bc40051
2023-03-02 04:37:30,464 [s1-impl-thread1] INFO  server.RaftServerConfigKeys (ConfUtils.java:logGet(46)) - raft.server.log.queue.byte-limit = 64MB (=67108864) (default)
2023-03-02 04:37:30,464 [s1-impl-thread1] INFO  server.RaftServerConfigKeys (ConfUtils.java:logGet(46)) - raft.server.log.queue.element-limit = 4096 (default)
2023-03-02 04:37:30,465 [s1-impl-thread1] INFO  server.RaftServerConfigKeys (ConfUtils.java:logGet(46)) - raft.server.log.segment.size.max = 8MB (=8388608) (default)
2023-03-02 04:37:30,465 [s1-impl-thread1] INFO  server.RaftServerConfigKeys (ConfUtils.java:logGet(46)) - raft.server.log.preallocated.size = 4MB (=4194304) (default)
2023-03-02 04:37:30,465 [s1-impl-thread1] INFO  server.RaftServerConfigKeys (ConfUtils.java:logGet(46)) - raft.server.log.force.sync.num = 128 (default)
2023-03-02 04:37:30,465 [s1-impl-thread1] INFO  server.RaftServerConfigKeys (ConfUtils.java:logGet(46)) - raft.server.log.statemachine.data.sync = true (default)
2023-03-02 04:37:30,465 [s1-impl-thread1] INFO  server.RaftServerConfigKeys (ConfUtils.java:logGet(46)) - raft.server.log.statemachine.data.sync.timeout = 10s (default)
2023-03-02 04:37:30,465 [s1-impl-thread1] INFO  server.RaftServerConfigKeys (ConfUtils.java:logGet(46)) - raft.server.log.statemachine.data.sync.timeout.retry = -1 (default)
2023-03-02 04:37:30,465 [s1-impl-thread1] INFO  server.RaftServerConfigKeys (ConfUtils.java:logGet(46)) - raft.server.log.write.buffer.size = 64KB (=65536) (default)
2023-03-02 04:37:30,465 [s1-impl-thread1] INFO  server.RaftServerConfigKeys (ConfUtils.java:logGet(46)) - raft.server.log.appender.buffer.byte-limit = 4MB (=4194304) (default)
2023-03-02 04:37:30,467 [s1-impl-thread1] INFO  server.RaftServerConfigKeys (ConfUtils.java:logGet(46)) - raft.server.log.unsafe-flush.enabled = false (default)
2023-03-02 04:37:30,467 [s1-impl-thread1] INFO  server.RaftServerConfigKeys (ConfUtils.java:logGet(46)) - raft.server.log.async-flush.enabled = false (default)
2023-03-02 04:37:30,467 [s1-impl-thread1] INFO  server.RaftServerConfigKeys (ConfUtils.java:logGet(46)) - raft.server.log.statemachine.data.caching.enabled = false (default)
2023-03-02 04:37:30,467 [s1-impl-thread1] INFO  segmented.SegmentedRaftLogWorker (SegmentedRaftLogWorker.java:lambda$new$0(134)) - s1@group-E4E80BC40051-SegmentedRaftLogWorker: flushIndex: setUnconditionally 0 -> -1
2023-03-02 04:37:30,467 [s1-impl-thread1] INFO  segmented.SegmentedRaftLogWorker (SegmentedRaftLogWorker.java:lambda$new$0(134)) - s1@group-E4E80BC40051-SegmentedRaftLogWorker: safeCacheEvictIndex: setUnconditionally 0 -> -1
2023-03-02 04:37:30,467 [s2-groupManagement] INFO  server.RaftServerConfigKeys (ConfUtils.java:logGet(46)) - raft.server.read.option = DEFAULT (default)
2023-03-02 04:37:30,472 [s1-impl-thread1] INFO  server.RaftServer$Division (RaftServerImpl.java:start(348)) - s1@group-E4E80BC40051: start with initializing state, conf=-1: peers:[]|listeners:[], old=null
2023-03-02 04:37:30,473 [s1-impl-thread1] INFO  server.RaftServer$Division (RaftServerImpl.java:setRole(329)) - s1@group-E4E80BC40051: changes role from      null to FOLLOWER at term 0 for startInitializing
2023-03-02 04:37:30,473 [s1-impl-thread1] INFO  util.JmxRegister (JmxRegister.java:tryRegister(44)) - Successfully registered JMX Bean with object name Ratis:service=RaftServer,group=group-E4E80BC40051,id=s1
2023-03-02 04:37:30,473 [s1-impl-thread1] INFO  server.RaftServerConfigKeys (ConfUtils.java:logGet(46)) - raft.server.snapshot.auto.trigger.enabled = true (custom)
2023-03-02 04:37:30,473 [s1-impl-thread1] INFO  server.RaftServerConfigKeys (ConfUtils.java:logGet(46)) - raft.server.snapshot.auto.trigger.threshold = 64 (custom)
2023-03-02 04:37:30,473 [s1-impl-thread1] INFO  server.RaftServerConfigKeys (ConfUtils.java:logGet(46)) - raft.server.snapshot.retention.file.num = -1 (default)
2023-03-02 04:37:30,473 [s1-impl-thread1] INFO  server.RaftServerConfigKeys (ConfUtils.java:logGet(46)) - raft.server.log.purge.upto.snapshot.index = false (default)
2023-03-02 04:37:30,474 [Time-limited test] INFO  server.RaftServer (RaftServerProxy.java:startImpl(401)) - s1: start RPC server
2023-03-02 04:37:30,475 [Time-limited test] INFO  server.GrpcService (GrpcService.java:startImpl(302)) - s1: GrpcService started, listening on 34987
2023-03-02 04:37:30,475 [JvmPauseMonitor4] INFO  util.JvmPauseMonitor (JvmPauseMonitor.java:run(103)) - JvmPauseMonitor-s1: Started
2023-03-02 04:37:30,484 [s2-groupManagement] INFO  server.RaftServerConfigKeys (ConfUtils.java:logGet(46)) - raft.server.log.appender.install.snapshot.enabled = true (default)
2023-03-02 04:37:30,484 [s2-groupManagement] INFO  server.RaftServerConfigKeys (ConfUtils.java:logGet(46)) - raft.server.threadpool.server.cached = true (default)
2023-03-02 04:37:30,484 [s2-groupManagement] INFO  server.RaftServerConfigKeys (ConfUtils.java:logGet(46)) - raft.server.threadpool.server.size = 0 (default)
2023-03-02 04:37:30,484 [s2-groupManagement] INFO  server.RaftServerConfigKeys (ConfUtils.java:logGet(46)) - raft.server.threadpool.client.cached = true (default)
2023-03-02 04:37:30,484 [s2-groupManagement] INFO  server.RaftServerConfigKeys (ConfUtils.java:logGet(46)) - raft.server.threadpool.client.size = 0 (default)
2023-03-02 04:37:30,485 [s2-impl-thread1] INFO  server.RaftServerConfigKeys (ConfUtils.java:logGet(46)) - raft.server.storage.free-space.min = 0MB (=0) (default)
2023-03-02 04:37:30,485 [s2-impl-thread1] INFO  server.RaftServerConfigKeys (ConfUtils.java:logGet(46)) - raft.server.log.corruption.policy = EXCEPTION (default)
2023-03-02 04:37:30,485 [s2-impl-thread1] INFO  server.RaftServerConfigKeys (ConfUtils.java:logGet(46)) - raft.server.storage.dir = [/home/runner/work/ratis/ratis/ratis-test/target/test/data/b8bdf87b/MiniRaftClusterWithGrpc28879643/s2] (custom)
2023-03-02 04:37:30,485 [s2-impl-thread1] INFO  storage.RaftStorageDirectory (RaftStorageDirectoryImpl.java:analyzeStorage(138)) - The storage directory /home/runner/work/ratis/ratis/ratis-test/target/test/data/b8bdf87b/MiniRaftClusterWithGrpc28879643/s2/e246a637-550b-44da-a28b-e4e80bc40051 does not exist. Creating ...
2023-03-02 04:37:30,485 [s2-impl-thread1] TRACE util.FileUtils (LogUtils.java:runAndLog(49)) - Successfully ran Files.createDirectories /home/runner/work/ratis/ratis/ratis-test/target/test/data/b8bdf87b/MiniRaftClusterWithGrpc28879643/s2/e246a637-550b-44da-a28b-e4e80bc40051
2023-03-02 04:37:30,487 [s2-impl-thread1] INFO  storage.RaftStorageDirectory (RaftStorageDirectoryImpl.java:tryLock(232)) - Lock on /home/runner/work/ratis/ratis/ratis-test/target/test/data/b8bdf87b/MiniRaftClusterWithGrpc28879643/s2/e246a637-550b-44da-a28b-e4e80bc40051/in_use.lock acquired by nodename 3720@fv-az163-990
2023-03-02 04:37:30,487 [s2-impl-thread1] TRACE util.FileUtils (LogUtils.java:runAndLog(49)) - Successfully ran Files.createDirectories /home/runner/work/ratis/ratis/ratis-test/target/test/data/b8bdf87b/MiniRaftClusterWithGrpc28879643/s2/e246a637-550b-44da-a28b-e4e80bc40051/current
2023-03-02 04:37:30,487 [s2-impl-thread1] TRACE util.FileUtils (LogUtils.java:runAndLog(49)) - Successfully ran Files.createDirectories /home/runner/work/ratis/ratis/ratis-test/target/test/data/b8bdf87b/MiniRaftClusterWithGrpc28879643/s2/e246a637-550b-44da-a28b-e4e80bc40051/sm
2023-03-02 04:37:30,488 [s2-impl-thread1] INFO  storage.RaftStorage (RaftStorageImpl.java:format(96)) - Storage directory /home/runner/work/ratis/ratis/ratis-test/target/test/data/b8bdf87b/MiniRaftClusterWithGrpc28879643/s2/e246a637-550b-44da-a28b-e4e80bc40051 has been successfully formatted.
2023-03-02 04:37:30,489 [s2-impl-thread1] INFO  impl.SimpleStateMachine4Testing (SimpleStateMachine4Testing.java:initialize(213)) - Initializing StateMachineWithSeparatedSnapshotPath:uninitialized
2023-03-02 04:37:30,489 [s2-impl-thread1] INFO  impl.SimpleStateMachine4Testing (SimpleStateMachine4Testing.java:loadSnapshot(293)) - Loading snapshot null
2023-03-02 04:37:30,489 [s2-impl-thread1] TRACE util.FileUtils (FileUtils.java:deleteFully(201)) - deleteFully /tmp/ratis-tests/statemachine/s2
2023-03-02 04:37:30,489 [s2-impl-thread1] TRACE util.FileUtils (FileUtils.java:deleteFully(217)) - deleteFully: /tmp/ratis-tests/statemachine/s2 does not exist.
2023-03-02 04:37:30,489 [s2-impl-thread1] INFO  server.RaftServerConfigKeys (ConfUtils.java:logGet(46)) - raft.server.log.use.memory = false (default)
2023-03-02 04:37:30,489 [s2-impl-thread1] INFO  server.RaftServerConfigKeys (ConfUtils.java:logGet(46)) - raft.server.log.purge.gap = 8 (custom)
2023-03-02 04:37:30,490 [s2-impl-thread1] INFO  server.RaftServerConfigKeys (ConfUtils.java:logGet(46)) - raft.server.log.appender.buffer.byte-limit = 4MB (=4194304) (default)
2023-03-02 04:37:30,490 [s2-impl-thread1] INFO  server.RaftServerConfigKeys (ConfUtils.java:logGet(46)) - raft.server.log.statemachine.data.read.timeout = 1000ms (default)
2023-03-02 04:37:30,490 [s2-impl-thread1] INFO  server.RaftServerConfigKeys (ConfUtils.java:logGet(46)) - raft.server.log.purge.preservation.log.num = 0 (default)
2023-03-02 04:37:30,490 [s2-impl-thread1] INFO  server.RaftServerConfigKeys (ConfUtils.java:logGet(46)) - raft.server.log.segment.size.max = 8MB (=8388608) (default)
2023-03-02 04:37:30,491 [s2-impl-thread1] INFO  server.RaftServerConfigKeys (ConfUtils.java:logGet(46)) - raft.server.log.segment.cache.num.max = 6 (default)
2023-03-02 04:37:30,491 [s2-impl-thread1] INFO  server.RaftServerConfigKeys (ConfUtils.java:logGet(46)) - raft.server.log.segment.cache.size.max = 200MB (=209715200) (default)
2023-03-02 04:37:30,491 [s2-impl-thread1] INFO  server.RaftServerConfigKeys (ConfUtils.java:logGet(46)) - raft.server.log.appender.buffer.byte-limit = 4MB (=4194304) (default)
2023-03-02 04:37:30,491 [s2-impl-thread1] INFO  segmented.SegmentedRaftLogWorker (SegmentedRaftLogWorker.java:<init>(183)) - new s2@group-E4E80BC40051-SegmentedRaftLogWorker for RaftStorageImpl:Storage Directory /home/runner/work/ratis/ratis/ratis-test/target/test/data/b8bdf87b/MiniRaftClusterWithGrpc28879643/s2/e246a637-550b-44da-a28b-e4e80bc40051
2023-03-02 04:37:30,491 [s2-impl-thread1] INFO  server.RaftServerConfigKeys (ConfUtils.java:logGet(46)) - raft.server.log.queue.byte-limit = 64MB (=67108864) (default)
2023-03-02 04:37:30,491 [s2-impl-thread1] INFO  server.RaftServerConfigKeys (ConfUtils.java:logGet(46)) - raft.server.log.queue.element-limit = 4096 (default)
2023-03-02 04:37:30,491 [s2-impl-thread1] INFO  server.RaftServerConfigKeys (ConfUtils.java:logGet(46)) - raft.server.log.segment.size.max = 8MB (=8388608) (default)
2023-03-02 04:37:30,491 [s2-impl-thread1] INFO  server.RaftServerConfigKeys (ConfUtils.java:logGet(46)) - raft.server.log.preallocated.size = 4MB (=4194304) (default)
2023-03-02 04:37:30,491 [s2-impl-thread1] INFO  server.RaftServerConfigKeys (ConfUtils.java:logGet(46)) - raft.server.log.force.sync.num = 128 (default)
2023-03-02 04:37:30,491 [s2-impl-thread1] INFO  server.RaftServerConfigKeys (ConfUtils.java:logGet(46)) - raft.server.log.statemachine.data.sync = true (default)
2023-03-02 04:37:30,491 [s2-impl-thread1] INFO  server.RaftServerConfigKeys (ConfUtils.java:logGet(46)) - raft.server.log.statemachine.data.sync.timeout = 10s (default)
2023-03-02 04:37:30,491 [s2-impl-thread1] INFO  server.RaftServerConfigKeys (ConfUtils.java:logGet(46)) - raft.server.log.statemachine.data.sync.timeout.retry = -1 (default)
2023-03-02 04:37:30,491 [s2-impl-thread1] INFO  server.RaftServerConfigKeys (ConfUtils.java:logGet(46)) - raft.server.log.write.buffer.size = 64KB (=65536) (default)
2023-03-02 04:37:30,491 [s2-impl-thread1] INFO  server.RaftServerConfigKeys (ConfUtils.java:logGet(46)) - raft.server.log.appender.buffer.byte-limit = 4MB (=4194304) (default)
2023-03-02 04:37:30,493 [s2-impl-thread1] INFO  server.RaftServerConfigKeys (ConfUtils.java:logGet(46)) - raft.server.log.unsafe-flush.enabled = false (default)
2023-03-02 04:37:30,493 [s2-impl-thread1] INFO  server.RaftServerConfigKeys (ConfUtils.java:logGet(46)) - raft.server.log.async-flush.enabled = false (default)
2023-03-02 04:37:30,493 [s2-impl-thread1] INFO  server.RaftServerConfigKeys (ConfUtils.java:logGet(46)) - raft.server.log.statemachine.data.caching.enabled = false (default)
2023-03-02 04:37:30,493 [s2-impl-thread1] INFO  segmented.SegmentedRaftLogWorker (SegmentedRaftLogWorker.java:lambda$new$0(134)) - s2@group-E4E80BC40051-SegmentedRaftLogWorker: flushIndex: setUnconditionally 0 -> -1
2023-03-02 04:37:30,493 [s2-impl-thread1] INFO  segmented.SegmentedRaftLogWorker (SegmentedRaftLogWorker.java:lambda$new$0(134)) - s2@group-E4E80BC40051-SegmentedRaftLogWorker: safeCacheEvictIndex: setUnconditionally 0 -> -1
2023-03-02 04:37:30,496 [s2-impl-thread1] INFO  server.RaftServer$Division (RaftServerImpl.java:start(348)) - s2@group-E4E80BC40051: start with initializing state, conf=-1: peers:[]|listeners:[], old=null
2023-03-02 04:37:30,497 [s2-impl-thread1] INFO  server.RaftServer$Division (RaftServerImpl.java:setRole(329)) - s2@group-E4E80BC40051: changes role from      null to FOLLOWER at term 0 for startInitializing
2023-03-02 04:37:30,497 [s2-impl-thread1] INFO  util.JmxRegister (JmxRegister.java:tryRegister(44)) - Successfully registered JMX Bean with object name Ratis:service=RaftServer,group=group-E4E80BC40051,id=s2
2023-03-02 04:37:30,497 [s2-impl-thread1] INFO  server.RaftServerConfigKeys (ConfUtils.java:logGet(46)) - raft.server.snapshot.auto.trigger.enabled = true (custom)
2023-03-02 04:37:30,497 [s2-impl-thread1] INFO  server.RaftServerConfigKeys (ConfUtils.java:logGet(46)) - raft.server.snapshot.auto.trigger.threshold = 64 (custom)
2023-03-02 04:37:30,497 [s2-impl-thread1] INFO  server.RaftServerConfigKeys (ConfUtils.java:logGet(46)) - raft.server.snapshot.retention.file.num = -1 (default)
2023-03-02 04:37:30,497 [s2-impl-thread1] INFO  server.RaftServerConfigKeys (ConfUtils.java:logGet(46)) - raft.server.log.purge.upto.snapshot.index = false (default)
2023-03-02 04:37:30,500 [Time-limited test] INFO  server.RaftServer (RaftServerProxy.java:startImpl(401)) - s2: start RPC server
2023-03-02 04:37:30,502 [Time-limited test] INFO  server.GrpcService (GrpcService.java:startImpl(302)) - s2: GrpcService started, listening on 33415
2023-03-02 04:37:30,505 [Time-limited test] INFO  impl.MiniRaftCluster (MiniRaftCluster.java:setConfiguration(819)) - Start changing the configuration: [s1|rpc:0.0.0.0:34987|priority:0|startupRole:FOLLOWER, s2|rpc:0.0.0.0:33415|priority:0|startupRole:FOLLOWER, s0|rpc:localhost:33827|admin:localhost:42195|client:localhost:46875|dataStream:localhost:35449|priority:0|startupRole:FOLLOWER]
2023-03-02 04:37:30,512 [JvmPauseMonitor5] INFO  util.JvmPauseMonitor (JvmPauseMonitor.java:run(103)) - JvmPauseMonitor-s2: Started
2023-03-02 04:37:30,519 [s0-server-thread1] INFO  server.RaftServer$Division (RaftServerImpl.java:setConfigurationAsync(1196)) - s0@group-E4E80BC40051: receive setConfiguration SetConfigurationRequest:client-E326210C7C17->s0@group-E4E80BC40051, cid=257, seq=0, RW, null, SET_UNCONDITIONALLY, servers:[s1|rpc:0.0.0.0:34987|dataStream:|priority:0|startupRole:FOLLOWER, s2|rpc:0.0.0.0:33415|dataStream:|priority:0|startupRole:FOLLOWER, s0|rpc:localhost:33827|admin:localhost:42195|client:localhost:46875|dataStream:localhost:35449|priority:0|startupRole:FOLLOWER], listeners:[]
2023-03-02 04:37:30,519 [s0-server-thread1] INFO  server.RaftServer$Division (LeaderStateImpl.java:startSetConfiguration(440)) - s0@group-E4E80BC40051-LeaderStateImpl: startSetConfiguration SetConfigurationRequest:client-E326210C7C17->s0@group-E4E80BC40051, cid=257, seq=0, RW, null, SET_UNCONDITIONALLY, servers:[s1|rpc:0.0.0.0:34987|dataStream:|priority:0|startupRole:FOLLOWER, s2|rpc:0.0.0.0:33415|dataStream:|priority:0|startupRole:FOLLOWER, s0|rpc:localhost:33827|admin:localhost:42195|client:localhost:46875|dataStream:localhost:35449|priority:0|startupRole:FOLLOWER], listeners:[]
2023-03-02 04:37:30,519 [s0-server-thread1] INFO  server.RaftServerConfigKeys (ConfUtils.java:logGet(46)) - raft.server.log.appender.snapshot.chunk.size.max = 1k (=1024) (custom)
2023-03-02 04:37:30,519 [s0-server-thread1] INFO  server.RaftServerConfigKeys (ConfUtils.java:logGet(46)) - raft.server.log.appender.buffer.byte-limit = 4MB (=4194304) (default)
2023-03-02 04:37:30,520 [s0-server-thread1] INFO  server.RaftServerConfigKeys (ConfUtils.java:logGet(46)) - raft.server.log.appender.buffer.element-limit = 0 (default)
2023-03-02 04:37:30,520 [s0-server-thread1] INFO  server.RaftServerConfigKeys (ConfUtils.java:logGet(46)) - raft.server.log.appender.wait-time.min = 10ms (default)
2023-03-02 04:37:30,520 [s0-server-thread1] INFO  grpc.GrpcConfigKeys (ConfUtils.java:logGet(46)) - raft.grpc.server.leader.outstanding.appends.max = 128 (default)
2023-03-02 04:37:30,520 [s0-server-thread1] INFO  server.RaftServerConfigKeys (ConfUtils.java:logGet(46)) - raft.server.rpc.request.timeout = 3000ms (default)
2023-03-02 04:37:30,520 [s0-server-thread1] INFO  server.RaftServerConfigKeys (ConfUtils.java:logGet(46)) - raft.server.log.appender.install.snapshot.enabled = true (default)
2023-03-02 04:37:30,520 [s0-server-thread1] INFO  grpc.GrpcConfigKeys (ConfUtils.java:logGet(46)) - raft.grpc.server.heartbeat.channel = false (custom)
2023-03-02 04:37:30,520 [s0-server-thread1] INFO  server.RaftServerConfigKeys (ConfUtils.java:logGet(46)) - raft.server.log.appender.snapshot.chunk.size.max = 1k (=1024) (custom)
2023-03-02 04:37:30,520 [s0-server-thread1] INFO  server.RaftServerConfigKeys (ConfUtils.java:logGet(46)) - raft.server.log.appender.buffer.byte-limit = 4MB (=4194304) (default)
2023-03-02 04:37:30,520 [s0-server-thread1] INFO  server.RaftServerConfigKeys (ConfUtils.java:logGet(46)) - raft.server.log.appender.buffer.element-limit = 0 (default)
2023-03-02 04:37:30,520 [s0-server-thread1] INFO  server.RaftServerConfigKeys (ConfUtils.java:logGet(46)) - raft.server.log.appender.wait-time.min = 10ms (default)
2023-03-02 04:37:30,521 [s0-server-thread1] INFO  grpc.GrpcConfigKeys (ConfUtils.java:logGet(46)) - raft.grpc.server.leader.outstanding.appends.max = 128 (default)
2023-03-02 04:37:30,521 [s0-server-thread1] INFO  server.RaftServerConfigKeys (ConfUtils.java:logGet(46)) - raft.server.rpc.request.timeout = 3000ms (default)
2023-03-02 04:37:30,521 [s0-server-thread1] INFO  server.RaftServerConfigKeys (ConfUtils.java:logGet(46)) - raft.server.log.appender.install.snapshot.enabled = true (default)
2023-03-02 04:37:30,521 [s0-server-thread1] INFO  grpc.GrpcConfigKeys (ConfUtils.java:logGet(46)) - raft.grpc.server.heartbeat.channel = false (custom)
2023-03-02 04:37:30,529 [s0@group-E4E80BC40051->s1-GrpcLogAppender-LogAppenderDaemon] INFO  server.GrpcLogAppender (GrpcLogAppender.java:installSnapshot(590)) - s0@group-E4E80BC40051->s1-GrpcLogAppender: followerNextIndex = 0 but logStartIndex = 0, send snapshot FileListSnapshotInfo(t:1, i:191):[/tmp/ratis-tests/statemachine/s0/snapshot/1_191/deer, /tmp/ratis-tests/statemachine/s0/snapshot/1_191/loves, /tmp/ratis-tests/statemachine/s0/snapshot/1_191/vegetable] to follower
2023-03-02 04:37:30,532 [s0@group-E4E80BC40051->s1-GrpcLogAppender-LogAppenderDaemon] INFO  server.GrpcServerProtocolClient (GrpcServerProtocolClient.java:<init>(63)) - Build channel for s1
2023-03-02 04:37:30,538 [s0@group-E4E80BC40051->s2-GrpcLogAppender-LogAppenderDaemon] INFO  server.GrpcLogAppender (GrpcLogAppender.java:installSnapshot(590)) - s0@group-E4E80BC40051->s2-GrpcLogAppender: followerNextIndex = 0 but logStartIndex = 0, send snapshot FileListSnapshotInfo(t:1, i:191):[/tmp/ratis-tests/statemachine/s0/snapshot/1_191/deer, /tmp/ratis-tests/statemachine/s0/snapshot/1_191/loves, /tmp/ratis-tests/statemachine/s0/snapshot/1_191/vegetable] to follower
2023-03-02 04:37:30,539 [s0@group-E4E80BC40051->s2-GrpcLogAppender-LogAppenderDaemon] INFO  server.GrpcServerProtocolClient (GrpcServerProtocolClient.java:<init>(63)) - Build channel for s2
2023-03-02 04:37:30,543 [grpc-default-executor-0] INFO  impl.SnapshotInstallationHandler (SnapshotInstallationHandler.java:installSnapshot(89)) - s1@group-E4E80BC40051: receive installSnapshot: s0->s1#0-t1,chunk:6d7b1462-fb73-4d50-a463-156c516cd3a7,0
2023-03-02 04:37:30,544 [grpc-default-executor-0] INFO  server.RaftServer$Division (ServerState.java:setLeader(260)) - s1@group-E4E80BC40051: change Leader from null to s0 at term 1 for installSnapshot, leader elected after 90ms
2023-03-02 04:37:30,545 [grpc-default-executor-0] TRACE util.FileUtils (LogUtils.java:runAndLog(49)) - Successfully ran Files.createDirectories /tmp/ratis-tests/statemachine/s1/tmp/snapshot-6d7b1462-fb73-4d50-a463-156c516cd3a7
2023-03-02 04:37:30,545 [grpc-default-executor-0] INFO  storage.SnapshotManager (SnapshotManager.java:installSnapshot(89)) - Installing snapshot:s0->s1#0-t1,chunk:6d7b1462-fb73-4d50-a463-156c516cd3a7,0, to tmp dir:/tmp/ratis-tests/statemachine/s1/tmp/snapshot-6d7b1462-fb73-4d50-a463-156c516cd3a7
2023-03-02 04:37:30,546 [grpc-default-executor-0] TRACE util.FileUtils (LogUtils.java:runAndLog(49)) - Successfully ran Files.createDirectories /tmp/ratis-tests/statemachine/s1/tmp/snapshot-6d7b1462-fb73-4d50-a463-156c516cd3a7/1_191
2023-03-02 04:37:30,547 [grpc-default-executor-0] INFO  segmented.SegmentedRaftLogWorker (SegmentedRaftLogWorker.java:lambda$new$0(134)) - s1@group-E4E80BC40051-SegmentedRaftLogWorker: flushIndex: setUnconditionally -1 -> 191
2023-03-02 04:37:30,547 [grpc-default-executor-0] INFO  segmented.SegmentedRaftLogWorker (SegmentedRaftLogWorker.java:lambda$new$0(134)) - s1@group-E4E80BC40051-SegmentedRaftLogWorker: safeCacheEvictIndex: setUnconditionally -1 -> 191
2023-03-02 04:37:30,548 [grpc-default-executor-0] INFO  impl.SnapshotInstallationHandler (SnapshotInstallationHandler.java:installSnapshotImpl(134)) - s1@group-E4E80BC40051: set new configuration configurationEntry {
  peers {
    id: "s0"
    address: "localhost:33827"
    dataStreamAddress: "localhost:35449"
    clientAddress: "localhost:46875"
    adminAddress: "localhost:42195"
    startupRole: FOLLOWER
  }
}
 from snapshot
2023-03-02 04:37:30,549 [grpc-default-executor-0] INFO  server.RaftServer$Division (ServerState.java:setRaftConf(378)) - s1@group-E4E80BC40051: set configuration 0: peers:[s0|rpc:localhost:33827|admin:localhost:42195|client:localhost:46875|dataStream:localhost:35449|priority:0|startupRole:FOLLOWER]|listeners:[], old=null
2023-03-02 04:37:30,550 [grpc-default-executor-0] INFO  impl.SnapshotInstallationHandler (SnapshotInstallationHandler.java:installSnapshot(100)) - s1@group-E4E80BC40051: reply installSnapshot: s0<-s1#0:OK-t0,SUCCESS,requestIndex=0
2023-03-02 04:37:30,550 [grpc-default-executor-2] INFO  server.GrpcLogAppender (GrpcLogAppender.java:onNext(496)) - s0@group-E4E80BC40051->s1-InstallSnapshotResponseHandler: received the first reply s0<-s1#0:OK-t0,SUCCESS,requestIndex=0
2023-03-02 04:37:30,551 [grpc-default-executor-2] INFO  server.GrpcLogAppender (GrpcLogAppender.java:onNext(509)) - s0@group-E4E80BC40051->s1-InstallSnapshotResponseHandler: Completed InstallSnapshot. Reply: serverReply {
  requestorId: "s0"
  replyId: "s1"
  raftGroupId {
    id: "\342F\2467U\vD\332\242\213\344\350\v\304\000Q"
  }
  success: true
}
requestIndex: 0

2023-03-02 04:37:30,551 [grpc-default-executor-2] INFO  leader.FollowerInfo (FollowerInfoImpl.java:setAttemptedToInstallSnapshot(126)) - Follower s0@group-E4E80BC40051->s1 acknowledged installing snapshot
2023-03-02 04:37:30,551 [grpc-default-executor-0] INFO  impl.SnapshotInstallationHandler (SnapshotInstallationHandler.java:installSnapshot(89)) - s1@group-E4E80BC40051: receive installSnapshot: s0->s1#0-t1,chunk:6d7b1462-fb73-4d50-a463-156c516cd3a7,1
2023-03-02 04:37:30,551 [grpc-default-executor-0] TRACE util.FileUtils (LogUtils.java:runAndLog(49)) - Successfully ran Files.createDirectories /tmp/ratis-tests/statemachine/s1/tmp/snapshot-6d7b1462-fb73-4d50-a463-156c516cd3a7
2023-03-02 04:37:30,551 [grpc-default-executor-0] INFO  storage.SnapshotManager (SnapshotManager.java:installSnapshot(89)) - Installing snapshot:s0->s1#0-t1,chunk:6d7b1462-fb73-4d50-a463-156c516cd3a7,1, to tmp dir:/tmp/ratis-tests/statemachine/s1/tmp/snapshot-6d7b1462-fb73-4d50-a463-156c516cd3a7
2023-03-02 04:37:30,551 [grpc-default-executor-0] TRACE util.FileUtils (LogUtils.java:runAndLog(49)) - Successfully ran Files.createDirectories /tmp/ratis-tests/statemachine/s1/tmp/snapshot-6d7b1462-fb73-4d50-a463-156c516cd3a7/1_191
2023-03-02 04:37:30,553 [grpc-default-executor-0] INFO  impl.SnapshotInstallationHandler (SnapshotInstallationHandler.java:installSnapshot(100)) - s1@group-E4E80BC40051: reply installSnapshot: s0<-s1#0:OK-t1,SUCCESS,requestIndex=1
2023-03-02 04:37:30,553 [grpc-default-executor-2] INFO  server.GrpcLogAppender (GrpcLogAppender.java:onNext(496)) - s0@group-E4E80BC40051->s1-InstallSnapshotResponseHandler: received a reply s0<-s1#0:OK-t1,SUCCESS,requestIndex=1
2023-03-02 04:37:30,553 [grpc-default-executor-2] INFO  server.GrpcLogAppender (GrpcLogAppender.java:onNext(509)) - s0@group-E4E80BC40051->s1-InstallSnapshotResponseHandler: Completed InstallSnapshot. Reply: serverReply {
  requestorId: "s0"
  replyId: "s1"
  raftGroupId {
    id: "\342F\2467U\vD\332\242\213\344\350\v\304\000Q"
  }
  success: true
}
term: 1
requestIndex: 1

2023-03-02 04:37:30,553 [grpc-default-executor-2] INFO  leader.FollowerInfo (FollowerInfoImpl.java:setAttemptedToInstallSnapshot(126)) - Follower s0@group-E4E80BC40051->s1 acknowledged installing snapshot
2023-03-02 04:37:30,555 [grpc-default-executor-2] WARN  server.GrpcLogAppender (LogUtils.java:warn(122)) - s0@group-E4E80BC40051->s1-InstallSnapshotResponseHandler: Failed InstallSnapshot: org.apache.ratis.thirdparty.io.grpc.StatusRuntimeException: CANCELLED: Failed to read message.
2023-03-02 04:37:30,556 [grpc-default-executor-0] WARN  server.GrpcServerProtocolService (LogUtils.java:warn(122)) - s1: installSnapshot onError, lastRequest: s0->s1#0-t1,chunk:6d7b1462-fb73-4d50-a463-156c516cd3a7,1: org.apache.ratis.thirdparty.io.grpc.StatusRuntimeException: CANCELLED: client cancelled
2023-03-02 04:37:30,565 [grpc-default-executor-0] INFO  impl.SnapshotInstallationHandler (SnapshotInstallationHandler.java:installSnapshot(89)) - s2@group-E4E80BC40051: receive installSnapshot: s0->s2#0-t1,chunk:1ec864da-8ce4-41e5-ad74-1eac66a5d23f,0
2023-03-02 04:37:30,567 [grpc-default-executor-0] INFO  server.RaftServer$Division (ServerState.java:setLeader(260)) - s2@group-E4E80BC40051: change Leader from null to s0 at term 1 for installSnapshot, leader elected after 106ms
2023-03-02 04:37:30,568 [grpc-default-executor-0] TRACE util.FileUtils (LogUtils.java:runAndLog(49)) - Successfully ran Files.createDirectories /tmp/ratis-tests/statemachine/s2/tmp/snapshot-1ec864da-8ce4-41e5-ad74-1eac66a5d23f
2023-03-02 04:37:30,568 [grpc-default-executor-0] INFO  storage.SnapshotManager (SnapshotManager.java:installSnapshot(89)) - Installing snapshot:s0->s2#0-t1,chunk:1ec864da-8ce4-41e5-ad74-1eac66a5d23f,0, to tmp dir:/tmp/ratis-tests/statemachine/s2/tmp/snapshot-1ec864da-8ce4-41e5-ad74-1eac66a5d23f
2023-03-02 04:37:30,568 [grpc-default-executor-0] TRACE util.FileUtils (LogUtils.java:runAndLog(49)) - Successfully ran Files.createDirectories /tmp/ratis-tests/statemachine/s2/tmp/snapshot-1ec864da-8ce4-41e5-ad74-1eac66a5d23f/1_191
2023-03-02 04:37:30,570 [grpc-default-executor-0] INFO  segmented.SegmentedRaftLogWorker (SegmentedRaftLogWorker.java:lambda$new$0(134)) - s2@group-E4E80BC40051-SegmentedRaftLogWorker: flushIndex: setUnconditionally -1 -> 191
2023-03-02 04:37:30,570 [grpc-default-executor-0] INFO  segmented.SegmentedRaftLogWorker (SegmentedRaftLogWorker.java:lambda$new$0(134)) - s2@group-E4E80BC40051-SegmentedRaftLogWorker: safeCacheEvictIndex: setUnconditionally -1 -> 191
2023-03-02 04:37:30,570 [grpc-default-executor-0] INFO  impl.SnapshotInstallationHandler (SnapshotInstallationHandler.java:installSnapshotImpl(134)) - s2@group-E4E80BC40051: set new configuration configurationEntry {
  peers {
    id: "s0"
    address: "localhost:33827"
    dataStreamAddress: "localhost:35449"
    clientAddress: "localhost:46875"
    adminAddress: "localhost:42195"
    startupRole: FOLLOWER
  }
}
 from snapshot
2023-03-02 04:37:30,575 [grpc-default-executor-0] INFO  server.RaftServer$Division (ServerState.java:setRaftConf(378)) - s2@group-E4E80BC40051: set configuration 0: peers:[s0|rpc:localhost:33827|admin:localhost:42195|client:localhost:46875|dataStream:localhost:35449|priority:0|startupRole:FOLLOWER]|listeners:[], old=null
2023-03-02 04:37:30,576 [grpc-default-executor-0] INFO  impl.SnapshotInstallationHandler (SnapshotInstallationHandler.java:installSnapshot(100)) - s2@group-E4E80BC40051: reply installSnapshot: s0<-s2#0:OK-t0,SUCCESS,requestIndex=0
2023-03-02 04:37:30,576 [grpc-default-executor-1] INFO  server.GrpcLogAppender (GrpcLogAppender.java:onNext(496)) - s0@group-E4E80BC40051->s2-InstallSnapshotResponseHandler: received the first reply s0<-s2#0:OK-t0,SUCCESS,requestIndex=0
2023-03-02 04:37:30,577 [grpc-default-executor-1] INFO  server.GrpcLogAppender (GrpcLogAppender.java:onNext(509)) - s0@group-E4E80BC40051->s2-InstallSnapshotResponseHandler: Completed InstallSnapshot. Reply: serverReply {
  requestorId: "s0"
  replyId: "s2"
  raftGroupId {
    id: "\342F\2467U\vD\332\242\213\344\350\v\304\000Q"
  }
  success: true
}
requestIndex: 0

2023-03-02 04:37:30,577 [grpc-default-executor-1] INFO  leader.FollowerInfo (FollowerInfoImpl.java:setAttemptedToInstallSnapshot(126)) - Follower s0@group-E4E80BC40051->s2 acknowledged installing snapshot
2023-03-02 04:37:30,577 [grpc-default-executor-0] INFO  impl.SnapshotInstallationHandler (SnapshotInstallationHandler.java:installSnapshot(89)) - s2@group-E4E80BC40051: receive installSnapshot: s0->s2#0-t1,chunk:1ec864da-8ce4-41e5-ad74-1eac66a5d23f,1
2023-03-02 04:37:30,577 [grpc-default-executor-0] TRACE util.FileUtils (LogUtils.java:runAndLog(49)) - Successfully ran Files.createDirectories /tmp/ratis-tests/statemachine/s2/tmp/snapshot-1ec864da-8ce4-41e5-ad74-1eac66a5d23f
2023-03-02 04:37:30,577 [grpc-default-executor-0] INFO  storage.SnapshotManager (SnapshotManager.java:installSnapshot(89)) - Installing snapshot:s0->s2#0-t1,chunk:1ec864da-8ce4-41e5-ad74-1eac66a5d23f,1, to tmp dir:/tmp/ratis-tests/statemachine/s2/tmp/snapshot-1ec864da-8ce4-41e5-ad74-1eac66a5d23f
2023-03-02 04:37:30,577 [grpc-default-executor-0] TRACE util.FileUtils (LogUtils.java:runAndLog(49)) - Successfully ran Files.createDirectories /tmp/ratis-tests/statemachine/s2/tmp/snapshot-1ec864da-8ce4-41e5-ad74-1eac66a5d23f/1_191
2023-03-02 04:37:30,578 [s1-server-thread1] INFO  impl.RoleInfo (RoleInfo.java:updateAndGet(139)) - s1: start s1@group-E4E80BC40051-FollowerState
2023-03-02 04:37:30,579 [grpc-default-executor-0] INFO  impl.SnapshotInstallationHandler (SnapshotInstallationHandler.java:installSnapshot(100)) - s2@group-E4E80BC40051: reply installSnapshot: s0<-s2#0:OK-t1,SUCCESS,requestIndex=1
2023-03-02 04:37:30,580 [grpc-default-executor-1] INFO  server.GrpcLogAppender (GrpcLogAppender.java:onNext(496)) - s0@group-E4E80BC40051->s2-InstallSnapshotResponseHandler: received a reply s0<-s2#0:OK-t1,SUCCESS,requestIndex=1
2023-03-02 04:37:30,580 [grpc-default-executor-1] INFO  server.GrpcLogAppender (GrpcLogAppender.java:onNext(509)) - s0@group-E4E80BC40051->s2-InstallSnapshotResponseHandler: Completed InstallSnapshot. Reply: serverReply {
  requestorId: "s0"
  replyId: "s2"
  raftGroupId {
    id: "\342F\2467U\vD\332\242\213\344\350\v\304\000Q"
  }
  success: true
}
term: 1
requestIndex: 1

2023-03-02 04:37:30,580 [grpc-default-executor-1] INFO  leader.FollowerInfo (FollowerInfoImpl.java:setAttemptedToInstallSnapshot(126)) - Follower s0@group-E4E80BC40051->s2 acknowledged installing snapshot
2023-03-02 04:37:30,580 [grpc-default-executor-0] INFO  impl.SnapshotInstallationHandler (SnapshotInstallationHandler.java:installSnapshot(89)) - s2@group-E4E80BC40051: receive installSnapshot: s0->s2#0-t1,chunk:1ec864da-8ce4-41e5-ad74-1eac66a5d23f,2
2023-03-02 04:37:30,580 [grpc-default-executor-0] TRACE util.FileUtils (LogUtils.java:runAndLog(49)) - Successfully ran Files.createDirectories /tmp/ratis-tests/statemachine/s2/tmp/snapshot-1ec864da-8ce4-41e5-ad74-1eac66a5d23f
2023-03-02 04:37:30,580 [grpc-default-executor-0] INFO  storage.SnapshotManager (SnapshotManager.java:installSnapshot(89)) - Installing snapshot:s0->s2#0-t1,chunk:1ec864da-8ce4-41e5-ad74-1eac66a5d23f,2, to tmp dir:/tmp/ratis-tests/statemachine/s2/tmp/snapshot-1ec864da-8ce4-41e5-ad74-1eac66a5d23f
2023-03-02 04:37:30,583 [grpc-default-executor-0] TRACE util.FileUtils (LogUtils.java:runAndLog(49)) - Successfully ran Files.createDirectories /tmp/ratis-tests/statemachine/s2/tmp/snapshot-1ec864da-8ce4-41e5-ad74-1eac66a5d23f/1_191
2023-03-02 04:37:30,584 [grpc-default-executor-0] INFO  storage.SnapshotManager (SnapshotManager.java:rename(168)) - Installed snapshot, renaming temporary dir /tmp/ratis-tests/statemachine/s2/tmp/snapshot-1ec864da-8ce4-41e5-ad74-1eac66a5d23f to /tmp/ratis-tests/statemachine/s2/snapshot
2023-03-02 04:37:30,585 [grpc-default-executor-0] TRACE util.FileUtils (LogUtils.java:runAndLog(49)) - Successfully ran Atomic Files.move /tmp/ratis-tests/statemachine/s2/snapshot to /tmp/ratis-tests/statemachine/s2/snapshot.tmp20230302-043730_585
2023-03-02 04:37:30,585 [grpc-default-executor-0] TRACE util.FileUtils (LogUtils.java:runAndLog(49)) - Successfully ran Atomic Files.move /tmp/ratis-tests/statemachine/s2/tmp/snapshot-1ec864da-8ce4-41e5-ad74-1eac66a5d23f to /tmp/ratis-tests/statemachine/s2/snapshot
2023-03-02 04:37:30,585 [grpc-default-executor-0] TRACE util.FileUtils (FileUtils.java:deleteFully(201)) - deleteFully /tmp/ratis-tests/statemachine/s2/snapshot.tmp20230302-043730_585
2023-03-02 04:37:30,585 [grpc-default-executor-0] TRACE util.FileUtils (LogUtils.java:runAndLog(49)) - Successfully ran Files.delete /tmp/ratis-tests/statemachine/s2/snapshot.tmp20230302-043730_585
2023-03-02 04:37:30,585 [grpc-default-executor-0] INFO  raftlog.RaftLog (RaftLogBase.java:lambda$new$0(53)) - s2@group-E4E80BC40051-SegmentedRaftLog: snapshotIndex: updateIncreasingly -1 -> 191
2023-03-02 04:37:30,585 [grpc-default-executor-0] INFO  impl.SnapshotInstallationHandler (SnapshotInstallationHandler.java:checkAndInstallSnapshot(193)) - s2@group-E4E80BC40051: successfully install the entire snapshot-191
2023-03-02 04:37:30,585 [s2@group-E4E80BC40051-StateMachineUpdater] INFO  impl.SimpleStateMachine4Testing (SimpleStateMachine4Testing.java:reinitialize(236)) - Reinitializing StateMachineWithSeparatedSnapshotPath:s2:group-E4E80BC40051
2023-03-02 04:37:30,585 [grpc-default-executor-0] INFO  impl.SnapshotInstallationHandler (SnapshotInstallationHandler.java:installSnapshot(100)) - s2@group-E4E80BC40051: reply installSnapshot: s0<-s2#0:OK-t1,SUCCESS,requestIndex=2
2023-03-02 04:37:30,586 [s2@group-E4E80BC40051-StateMachineUpdater] INFO  impl.SimpleStateMachine4Testing (SimpleStateMachine4Testing.java:loadSnapshot(293)) - Loading snapshot null
2023-03-02 04:37:30,586 [s2@group-E4E80BC40051-StateMachineUpdater] INFO  impl.StateMachineUpdater (StateMachineUpdater.java:lambda$new$0(96)) - s2@group-E4E80BC40051-StateMachineUpdater: snapshotIndex: setUnconditionally -1 -> 191
2023-03-02 04:37:30,586 [grpc-default-executor-0] INFO  server.GrpcServerProtocolService (GrpcServerProtocolService.java:onCompleted(143)) - s2: Completed INSTALL_SNAPSHOT, lastRequest: s0->s2#0-t1,chunk:1ec864da-8ce4-41e5-ad74-1eac66a5d23f,2
2023-03-02 04:37:30,586 [s2@group-E4E80BC40051-StateMachineUpdater] INFO  impl.StateMachineUpdater (StateMachineUpdater.java:lambda$new$0(96)) - s2@group-E4E80BC40051-StateMachineUpdater: appliedIndex: setUnconditionally -1 -> 191
2023-03-02 04:37:30,591 [grpc-default-executor-0] INFO  server.GrpcLogAppender (GrpcLogAppender.java:onNext(496)) - s0@group-E4E80BC40051->s2-InstallSnapshotResponseHandler: received a reply s0<-s2#0:OK-t1,SUCCESS,requestIndex=2
2023-03-02 04:37:30,592 [grpc-default-executor-0] INFO  server.GrpcLogAppender (GrpcLogAppender.java:onNext(509)) - s0@group-E4E80BC40051->s2-InstallSnapshotResponseHandler: Completed InstallSnapshot. Reply: serverReply {
  requestorId: "s0"
  replyId: "s2"
  raftGroupId {
    id: "\342F\2467U\vD\332\242\213\344\350\v\304\000Q"
  }
  success: true
}
term: 1
requestIndex: 2

2023-03-02 04:37:30,592 [grpc-default-executor-0] INFO  leader.FollowerInfo (FollowerInfoImpl.java:setAttemptedToInstallSnapshot(126)) - Follower s0@group-E4E80BC40051->s2 acknowledged installing snapshot
2023-03-02 04:37:30,592 [grpc-default-executor-0] INFO  server.GrpcLogAppender (GrpcLogAppender.java:onCompleted(574)) - s0@group-E4E80BC40051->s2-InstallSnapshotResponseHandler: follower responded installSnapshot COMPLETED
2023-03-02 04:37:30,592 [s0@group-E4E80BC40051->s2-GrpcLogAppender-LogAppenderDaemon] INFO  leader.FollowerInfo (FollowerInfoImpl.java:lambda$new$0(52)) - s0@group-E4E80BC40051->s2: snapshotIndex: setUnconditionally 0 -> 191
2023-03-02 04:37:30,592 [s0@group-E4E80BC40051->s2-GrpcLogAppender-LogAppenderDaemon] INFO  leader.FollowerInfo (FollowerInfoImpl.java:lambda$new$0(52)) - s0@group-E4E80BC40051->s2: matchIndex: setUnconditionally -1 -> 191
2023-03-02 04:37:30,592 [s0@group-E4E80BC40051->s2-GrpcLogAppender-LogAppenderDaemon] INFO  leader.FollowerInfo (FollowerInfoImpl.java:lambda$new$0(52)) - s0@group-E4E80BC40051->s2: nextIndex: setUnconditionally 0 -> 192
2023-03-02 04:37:30,592 [s0@group-E4E80BC40051->s2-GrpcLogAppender-LogAppenderDaemon] INFO  server.GrpcLogAppender (GrpcLogAppender.java:installSnapshot(627)) - s0@group-E4E80BC40051->s2-GrpcLogAppender: installed snapshot FileListSnapshotInfo(t:1, i:191):[/tmp/ratis-tests/statemachine/s0/snapshot/1_191/deer, /tmp/ratis-tests/statemachine/s0/snapshot/1_191/loves, /tmp/ratis-tests/statemachine/s0/snapshot/1_191/vegetable] successfully
2023-03-02 04:37:30,598 [s1-server-thread1] INFO  server.RaftServer$Division (RaftServerImpl.java:checkInconsistentAppendEntries(1599)) - s1@group-E4E80BC40051: Failed appendEntries as the first entry (index 0) already exists (snapshotIndex: 191, commitIndex: -1)
2023-03-02 04:37:30,598 [s1-server-thread1] INFO  server.RaftServer$Division (RaftServerImpl.java:checkInconsistentAppendEntries(1579)) - s1@group-E4E80BC40051: inconsistency entries. Reply:s0<-s1#1:FAIL-t1,INCONSISTENCY,nextIndex=192,followerCommit=-1,matchIndex=-1
2023-03-02 04:37:30,600 [grpc-default-executor-2] WARN  server.GrpcLogAppender (GrpcLogAppender.java:onNextImpl(390)) - s0@group-E4E80BC40051->s1-AppendLogResponseHandler: received INCONSISTENCY reply with nextIndex 192
2023-03-02 04:37:30,600 [grpc-default-executor-2] INFO  leader.FollowerInfo (FollowerInfoImpl.java:lambda$new$0(52)) - s0@group-E4E80BC40051->s1: setNextIndex nextIndex: updateUnconditionally 255 -> 192
2023-03-02 04:37:30,602 [s1-server-thread1] INFO  segmented.SegmentedRaftLogWorker (SegmentedRaftLogWorker.java:startLogSegment(426)) - s1@group-E4E80BC40051-SegmentedRaftLogWorker: Starting segment from index:192
2023-03-02 04:37:30,617 [s1@group-E4E80BC40051-SegmentedRaftLogWorker] INFO  segmented.SegmentedRaftLogWorker (SegmentedRaftLogWorker.java:execute(630)) - s1@group-E4E80BC40051-SegmentedRaftLogWorker: created new log segment /home/runner/work/ratis/ratis/ratis-test/target/test/data/b8bdf87b/MiniRaftClusterWithGrpc28879643/s1/e246a637-550b-44da-a28b-e4e80bc40051/current/log_inprogress_192
2023-03-02 04:37:30,637 [s2-server-thread1] INFO  impl.RoleInfo (RoleInfo.java:updateAndGet(139)) - s2: start s2@group-E4E80BC40051-FollowerState
2023-03-02 04:37:30,653 [s2-server-thread1] INFO  segmented.SegmentedRaftLogWorker (SegmentedRaftLogWorker.java:startLogSegment(426)) - s2@group-E4E80BC40051-SegmentedRaftLogWorker: Starting segment from index:192
2023-03-02 04:37:30,657 [s0@group-E4E80BC40051-LeaderStateImpl] INFO  server.RaftServer$Division (ServerState.java:setRaftConf(378)) - s0@group-E4E80BC40051: set configuration 255: peers:[s0|rpc:localhost:33827|admin:localhost:42195|client:localhost:46875|dataStream:localhost:35449|priority:0|startupRole:FOLLOWER, s1|rpc:0.0.0.0:34987|dataStream:|priority:0|startupRole:FOLLOWER, s2|rpc:0.0.0.0:33415|dataStream:|priority:0|startupRole:FOLLOWER]|listeners:[], old=peers:[s0|rpc:localhost:33827|admin:localhost:42195|client:localhost:46875|dataStream:localhost:35449|priority:0|startupRole:FOLLOWER]|listeners:[]
2023-03-02 04:37:30,659 [s1-server-thread1] INFO  server.RaftServer$Division (ServerState.java:setRaftConf(378)) - s1@group-E4E80BC40051: set configuration 255: peers:[s0|rpc:localhost:33827|admin:localhost:42195|client:localhost:46875|dataStream:localhost:35449|priority:0|startupRole:FOLLOWER, s1|rpc:0.0.0.0:34987|dataStream:|priority:0|startupRole:FOLLOWER, s2|rpc:0.0.0.0:33415|dataStream:|priority:0|startupRole:FOLLOWER]|listeners:[], old=peers:[s0|rpc:localhost:33827|admin:localhost:42195|client:localhost:46875|dataStream:localhost:35449|priority:0|startupRole:FOLLOWER]|listeners:[]
2023-03-02 04:37:30,661 [s0@group-E4E80BC40051-LeaderStateImpl] INFO  server.RaftServer$Division (ServerState.java:setRaftConf(378)) - s0@group-E4E80BC40051: set configuration 257: peers:[s0|rpc:localhost:33827|admin:localhost:42195|client:localhost:46875|dataStream:localhost:35449|priority:0|startupRole:FOLLOWER, s1|rpc:0.0.0.0:34987|dataStream:|priority:0|startupRole:FOLLOWER, s2|rpc:0.0.0.0:33415|dataStream:|priority:0|startupRole:FOLLOWER]|listeners:[], old=null
2023-03-02 04:37:30,669 [s1-server-thread1] INFO  server.RaftServer$Division (ServerState.java:setRaftConf(378)) - s1@group-E4E80BC40051: set configuration 257: peers:[s0|rpc:localhost:33827|admin:localhost:42195|client:localhost:46875|dataStream:localhost:35449|priority:0|startupRole:FOLLOWER, s1|rpc:0.0.0.0:34987|dataStream:|priority:0|startupRole:FOLLOWER, s2|rpc:0.0.0.0:33415|dataStream:|priority:0|startupRole:FOLLOWER]|listeners:[], old=null
2023-03-02 04:37:30,670 [s0@group-E4E80BC40051-StateMachineUpdater] TRACE util.FileUtils (FileUtils.java:deleteFully(201)) - deleteFully /tmp/ratis-tests/statemachine/s0/snapshot/1_255
2023-03-02 04:37:30,677 [s2-server-thread2] INFO  server.RaftServer$Division (ServerState.java:setRaftConf(378)) - s2@group-E4E80BC40051: set configuration 255: peers:[s0|rpc:localhost:33827|admin:localhost:42195|client:localhost:46875|dataStream:localhost:35449|priority:0|startupRole:FOLLOWER, s1|rpc:0.0.0.0:34987|dataStream:|priority:0|startupRole:FOLLOWER, s2|rpc:0.0.0.0:33415|dataStream:|priority:0|startupRole:FOLLOWER]|listeners:[], old=peers:[s0|rpc:localhost:33827|admin:localhost:42195|client:localhost:46875|dataStream:localhost:35449|priority:0|startupRole:FOLLOWER]|listeners:[]
2023-03-02 04:37:30,678 [s0@group-E4E80BC40051-StateMachineUpdater] TRACE util.FileUtils (FileUtils.java:deleteFully(217)) - deleteFully: /tmp/ratis-tests/statemachine/s0/snapshot/1_255 does not exist.
2023-03-02 04:37:30,678 [s0@group-E4E80BC40051-StateMachineUpdater] TRACE util.FileUtils (FileUtils.java:deleteFully(201)) - deleteFully /tmp/ratis-tests/statemachine/s0/tmp/5e67bcaf-8d70-42f2-a7e0-117fe12e5d69
2023-03-02 04:37:30,678 [s0@group-E4E80BC40051-StateMachineUpdater] TRACE util.FileUtils (FileUtils.java:deleteFully(217)) - deleteFully: /tmp/ratis-tests/statemachine/s0/tmp/5e67bcaf-8d70-42f2-a7e0-117fe12e5d69 does not exist.
2023-03-02 04:37:30,678 [s0@group-E4E80BC40051-StateMachineUpdater] TRACE util.FileUtils (LogUtils.java:runAndLog(49)) - Successfully ran Atomic Files.move /tmp/ratis-tests/statemachine/s0/tmp/5e67bcaf-8d70-42f2-a7e0-117fe12e5d69 to /tmp/ratis-tests/statemachine/s0/snapshot/1_255
2023-03-02 04:37:30,678 [s0@group-E4E80BC40051-StateMachineUpdater] INFO  impl.StateMachineUpdater (StateMachineUpdater.java:takeSnapshot(290)) - s0@group-E4E80BC40051-StateMachineUpdater: Took a snapshot at index 255
2023-03-02 04:37:30,679 [s0@group-E4E80BC40051-StateMachineUpdater] INFO  impl.StateMachineUpdater (StateMachineUpdater.java:lambda$new$0(96)) - s0@group-E4E80BC40051-StateMachineUpdater: snapshotIndex: updateIncreasingly 191 -> 255
2023-03-02 04:37:30,680 [s2@group-E4E80BC40051-SegmentedRaftLogWorker] INFO  segmented.SegmentedRaftLogWorker (SegmentedRaftLogWorker.java:execute(630)) - s2@group-E4E80BC40051-SegmentedRaftLogWorker: created new log segment /home/runner/work/ratis/ratis/ratis-test/target/test/data/b8bdf87b/MiniRaftClusterWithGrpc28879643/s2/e246a637-550b-44da-a28b-e4e80bc40051/current/log_inprogress_192
2023-03-02 04:37:30,680 [s2-server-thread2] INFO  server.RaftServer$Division (ServerState.java:setRaftConf(378)) - s2@group-E4E80BC40051: set configuration 257: peers:[s0|rpc:localhost:33827|admin:localhost:42195|client:localhost:46875|dataStream:localhost:35449|priority:0|startupRole:FOLLOWER, s1|rpc:0.0.0.0:34987|dataStream:|priority:0|startupRole:FOLLOWER, s2|rpc:0.0.0.0:33415|dataStream:|priority:0|startupRole:FOLLOWER]|listeners:[], old=null
2023-03-02 04:37:30,682 [s2@group-E4E80BC40051-StateMachineUpdater] INFO  impl.SimpleStateMachine4Testing (SimpleStateMachine4Testing.java:put(205)) - s2: put 193, m96 -> (t:1, i:193), STATEMACHINELOGENTRY, 225@client-2FF6AA34DAAC
2023-03-02 04:37:30,683 [s2@group-E4E80BC40051-StateMachineUpdater] INFO  impl.SimpleStateMachine4Testing (SimpleStateMachine4Testing.java:put(205)) - s2: put 195, m97 -> (t:1, i:195), STATEMACHINELOGENTRY, 226@client-2FF6AA34DAAC
2023-03-02 04:37:30,683 [s2@group-E4E80BC40051-StateMachineUpdater] INFO  impl.SimpleStateMachine4Testing (SimpleStateMachine4Testing.java:put(205)) - s2: put 197, m98 -> (t:1, i:197), STATEMACHINELOGENTRY, 227@client-2FF6AA34DAAC
2023-03-02 04:37:30,683 [s2@group-E4E80BC40051-StateMachineUpdater] INFO  impl.SimpleStateMachine4Testing (SimpleStateMachine4Testing.java:put(205)) - s2: put 199, m99 -> (t:1, i:199), STATEMACHINELOGENTRY, 228@client-2FF6AA34DAAC
2023-03-02 04:37:30,684 [s2@group-E4E80BC40051-StateMachineUpdater] INFO  impl.SimpleStateMachine4Testing (SimpleStateMachine4Testing.java:put(205)) - s2: put 201, m100 -> (t:1, i:201), STATEMACHINELOGENTRY, 229@client-2FF6AA34DAAC
2023-03-02 04:37:30,684 [s2@group-E4E80BC40051-StateMachineUpdater] INFO  impl.SimpleStateMachine4Testing (SimpleStateMachine4Testing.java:put(205)) - s2: put 203, m101 -> (t:1, i:203), STATEMACHINELOGENTRY, 230@client-2FF6AA34DAAC
2023-03-02 04:37:30,685 [s2@group-E4E80BC40051-StateMachineUpdater] INFO  impl.SimpleStateMachine4Testing (SimpleStateMachine4Testing.java:put(205)) - s2: put 205, m102 -> (t:1, i:205), STATEMACHINELOGENTRY, 231@client-2FF6AA34DAAC
2023-03-02 04:37:30,685 [s2@group-E4E80BC40051-StateMachineUpdater] INFO  impl.SimpleStateMachine4Testing (SimpleStateMachine4Testing.java:put(205)) - s2: put 207, m103 -> (t:1, i:207), STATEMACHINELOGENTRY, 232@client-2FF6AA34DAAC
2023-03-02 04:37:30,685 [s2@group-E4E80BC40051-StateMachineUpdater] INFO  impl.SimpleStateMachine4Testing (SimpleStateMachine4Testing.java:put(205)) - s2: put 209, m104 -> (t:1, i:209), STATEMACHINELOGENTRY, 233@client-2FF6AA34DAAC
2023-03-02 04:37:30,685 [s2@group-E4E80BC40051-StateMachineUpdater] INFO  impl.SimpleStateMachine4Testing (SimpleStateMachine4Testing.java:put(205)) - s2: put 211, m105 -> (t:1, i:211), STATEMACHINELOGENTRY, 234@client-2FF6AA34DAAC
2023-03-02 04:37:30,685 [s2@group-E4E80BC40051-StateMachineUpdater] INFO  impl.SimpleStateMachine4Testing (SimpleStateMachine4Testing.java:put(205)) - s2: put 213, m106 -> (t:1, i:213), STATEMACHINELOGENTRY, 235@client-2FF6AA34DAAC
2023-03-02 04:37:30,685 [s2@group-E4E80BC40051-StateMachineUpdater] INFO  impl.SimpleStateMachine4Testing (SimpleStateMachine4Testing.java:put(205)) - s2: put 215, m107 -> (t:1, i:215), STATEMACHINELOGENTRY, 236@client-2FF6AA34DAAC
2023-03-02 04:37:30,686 [s2@group-E4E80BC40051-StateMachineUpdater] INFO  impl.SimpleStateMachine4Testing (SimpleStateMachine4Testing.java:put(205)) - s2: put 217, m108 -> (t:1, i:217), STATEMACHINELOGENTRY, 237@client-2FF6AA34DAAC
2023-03-02 04:37:30,686 [s2@group-E4E80BC40051-StateMachineUpdater] INFO  impl.SimpleStateMachine4Testing (SimpleStateMachine4Testing.java:put(205)) - s2: put 219, m109 -> (t:1, i:219), STATEMACHINELOGENTRY, 238@client-2FF6AA34DAAC
2023-03-02 04:37:30,686 [s2@group-E4E80BC40051-StateMachineUpdater] INFO  impl.SimpleStateMachine4Testing (SimpleStateMachine4Testing.java:put(205)) - s2: put 221, m110 -> (t:1, i:221), STATEMACHINELOGENTRY, 239@client-2FF6AA34DAAC
2023-03-02 04:37:30,686 [s2@group-E4E80BC40051-StateMachineUpdater] INFO  impl.SimpleStateMachine4Testing (SimpleStateMachine4Testing.java:put(205)) - s2: put 223, m111 -> (t:1, i:223), STATEMACHINELOGENTRY, 240@client-2FF6AA34DAAC
2023-03-02 04:37:30,686 [s2@group-E4E80BC40051-StateMachineUpdater] INFO  impl.SimpleStateMachine4Testing (SimpleStateMachine4Testing.java:put(205)) - s2: put 225, m112 -> (t:1, i:225), STATEMACHINELOGENTRY, 241@client-2FF6AA34DAAC
2023-03-02 04:37:30,686 [s2@group-E4E80BC40051-StateMachineUpdater] INFO  impl.SimpleStateMachine4Testing (SimpleStateMachine4Testing.java:put(205)) - s2: put 227, m113 -> (t:1, i:227), STATEMACHINELOGENTRY, 242@client-2FF6AA34DAAC
2023-03-02 04:37:30,687 [s2@group-E4E80BC40051-StateMachineUpdater] INFO  impl.SimpleStateMachine4Testing (SimpleStateMachine4Testing.java:put(205)) - s2: put 229, m114 -> (t:1, i:229), STATEMACHINELOGENTRY, 243@client-2FF6AA34DAAC
2023-03-02 04:37:30,687 [s2@group-E4E80BC40051-StateMachineUpdater] INFO  impl.SimpleStateMachine4Testing (SimpleStateMachine4Testing.java:put(205)) - s2: put 231, m115 -> (t:1, i:231), STATEMACHINELOGENTRY, 244@client-2FF6AA34DAAC
2023-03-02 04:37:30,688 [s2@group-E4E80BC40051-StateMachineUpdater] INFO  impl.SimpleStateMachine4Testing (SimpleStateMachine4Testing.java:put(205)) - s2: put 233, m116 -> (t:1, i:233), STATEMACHINELOGENTRY, 245@client-2FF6AA34DAAC
2023-03-02 04:37:30,688 [s2@group-E4E80BC40051-StateMachineUpdater] INFO  impl.SimpleStateMachine4Testing (SimpleStateMachine4Testing.java:put(205)) - s2: put 235, m117 -> (t:1, i:235), STATEMACHINELOGENTRY, 246@client-2FF6AA34DAAC
2023-03-02 04:37:30,688 [s2@group-E4E80BC40051-StateMachineUpdater] INFO  impl.SimpleStateMachine4Testing (SimpleStateMachine4Testing.java:put(205)) - s2: put 237, m118 -> (t:1, i:237), STATEMACHINELOGENTRY, 247@client-2FF6AA34DAAC
2023-03-02 04:37:30,688 [s2@group-E4E80BC40051-StateMachineUpdater] INFO  impl.SimpleStateMachine4Testing (SimpleStateMachine4Testing.java:put(205)) - s2: put 239, m119 -> (t:1, i:239), STATEMACHINELOGENTRY, 248@client-2FF6AA34DAAC
2023-03-02 04:37:30,688 [s2@group-E4E80BC40051-StateMachineUpdater] INFO  impl.SimpleStateMachine4Testing (SimpleStateMachine4Testing.java:put(205)) - s2: put 241, m120 -> (t:1, i:241), STATEMACHINELOGENTRY, 249@client-2FF6AA34DAAC
2023-03-02 04:37:30,688 [s2@group-E4E80BC40051-StateMachineUpdater] INFO  impl.SimpleStateMachine4Testing (SimpleStateMachine4Testing.java:put(205)) - s2: put 243, m121 -> (t:1, i:243), STATEMACHINELOGENTRY, 250@client-2FF6AA34DAAC
2023-03-02 04:37:30,689 [s2@group-E4E80BC40051-StateMachineUpdater] INFO  impl.SimpleStateMachine4Testing (SimpleStateMachine4Testing.java:put(205)) - s2: put 245, m122 -> (t:1, i:245), STATEMACHINELOGENTRY, 251@client-2FF6AA34DAAC
2023-03-02 04:37:30,689 [s2@group-E4E80BC40051-StateMachineUpdater] INFO  impl.SimpleStateMachine4Testing (SimpleStateMachine4Testing.java:put(205)) - s2: put 247, m123 -> (t:1, i:247), STATEMACHINELOGENTRY, 252@client-2FF6AA34DAAC
2023-03-02 04:37:30,689 [s2@group-E4E80BC40051-StateMachineUpdater] INFO  impl.SimpleStateMachine4Testing (SimpleStateMachine4Testing.java:put(205)) - s2: put 249, m124 -> (t:1, i:249), STATEMACHINELOGENTRY, 253@client-2FF6AA34DAAC
2023-03-02 04:37:30,689 [s2@group-E4E80BC40051-StateMachineUpdater] INFO  impl.SimpleStateMachine4Testing (SimpleStateMachine4Testing.java:put(205)) - s2: put 251, m125 -> (t:1, i:251), STATEMACHINELOGENTRY, 254@client-2FF6AA34DAAC
2023-03-02 04:37:30,690 [s2@group-E4E80BC40051-StateMachineUpdater] INFO  impl.SimpleStateMachine4Testing (SimpleStateMachine4Testing.java:put(205)) - s2: put 253, m126 -> (t:1, i:253), STATEMACHINELOGENTRY, 255@client-2FF6AA34DAAC
2023-03-02 04:37:30,690 [s2@group-E4E80BC40051-StateMachineUpdater] TRACE util.FileUtils (FileUtils.java:deleteFully(201)) - deleteFully /tmp/ratis-tests/statemachine/s2/snapshot/1_255
2023-03-02 04:37:30,690 [s2@group-E4E80BC40051-StateMachineUpdater] TRACE util.FileUtils (FileUtils.java:deleteFully(217)) - deleteFully: /tmp/ratis-tests/statemachine/s2/snapshot/1_255 does not exist.
2023-03-02 04:37:30,690 [s2@group-E4E80BC40051-StateMachineUpdater] TRACE util.FileUtils (FileUtils.java:deleteFully(201)) - deleteFully /tmp/ratis-tests/statemachine/s2/tmp/55fa313b-5538-44ab-bfb4-d8af6df2d0c4
2023-03-02 04:37:30,690 [Time-limited test] INFO  server.RaftServerConfigKeys (ConfUtils.java:logGet(46)) - raft.server.rpc.timeout.max = 300ms (default)
2023-03-02 04:37:30,690 [Time-limited test] INFO  impl.RaftServerTestUtil (RaftServerTestUtil.java:waitAndCheckNewConf(87)) - waitAndCheckNewConf: peers=[s1|rpc:0.0.0.0:34987|priority:0|startupRole:FOLLOWER, s2|rpc:0.0.0.0:33415|priority:0|startupRole:FOLLOWER, s0|rpc:localhost:33827|admin:localhost:42195|client:localhost:46875|dataStream:localhost:35449|priority:0|startupRole:FOLLOWER], deadPeers=null, printing ALL groups
  s0:  RUNNING    LEADER s0@group-E4E80BC40051:t1, leader=s0, voted=s0, raftlog=Memoized:s0@group-E4E80BC40051-SegmentedRaftLog:OPENED:c257, conf=257: peers:[s0|rpc:localhost:33827|admin:localhost:42195|client:localhost:46875|dataStream:localhost:35449|priority:0|startupRole:FOLLOWER, s1|rpc:0.0.0.0:34987|dataStream:|priority:0|startupRole:FOLLOWER, s2|rpc:0.0.0.0:33415|dataStream:|priority:0|startupRole:FOLLOWER]|listeners:[], old=null RUNNING
  s1:  RUNNING  FOLLOWER s1@group-E4E80BC40051:t1, leader=s0, voted=null, raftlog=Memoized:s1@group-E4E80BC40051-SegmentedRaftLog:OPENED:c255, conf=257: peers:[s0|rpc:localhost:33827|admin:localhost:42195|client:localhost:46875|dataStream:localhost:35449|priority:0|startupRole:FOLLOWER, s1|rpc:0.0.0.0:34987|dataStream:|priority:0|startupRole:FOLLOWER, s2|rpc:0.0.0.0:33415|dataStream:|priority:0|startupRole:FOLLOWER]|listeners:[], old=null RUNNING
  s2:  RUNNING  FOLLOWER s2@group-E4E80BC40051:t1, leader=s0, voted=null, raftlog=Memoized:s2@group-E4E80BC40051-SegmentedRaftLog:OPENED:c255, conf=257: peers:[s0|rpc:localhost:33827|admin:localhost:42195|client:localhost:46875|dataStream:localhost:35449|priority:0|startupRole:FOLLOWER, s1|rpc:0.0.0.0:34987|dataStream:|priority:0|startupRole:FOLLOWER, s2|rpc:0.0.0.0:33415|dataStream:|priority:0|startupRole:FOLLOWER]|listeners:[], old=null RUNNING
2023-03-02 04:37:30,690 [Time-limited test] INFO  impl.RaftServerTestUtil (RaftServerTestUtil.java:waitAndCheckNewConf(96)) - checking    LEADER s0@group-E4E80BC40051:t1, leader=s0, voted=s0, raftlog=Memoized:s0@group-E4E80BC40051-SegmentedRaftLog:OPENED:c257, conf=257: peers:[s0|rpc:localhost:33827|admin:localhost:42195|client:localhost:46875|dataStream:localhost:35449|priority:0|startupRole:FOLLOWER, s1|rpc:0.0.0.0:34987|dataStream:|priority:0|startupRole:FOLLOWER, s2|rpc:0.0.0.0:33415|dataStream:|priority:0|startupRole:FOLLOWER]|listeners:[], old=null RUNNING
2023-03-02 04:37:30,691 [Time-limited test] INFO  impl.RaftServerTestUtil (RaftServerTestUtil.java:waitAndCheckNewConf(96)) - checking  FOLLOWER s1@group-E4E80BC40051:t1, leader=s0, voted=null, raftlog=Memoized:s1@group-E4E80BC40051-SegmentedRaftLog:OPENED:c255, conf=257: peers:[s0|rpc:localhost:33827|admin:localhost:42195|client:localhost:46875|dataStream:localhost:35449|priority:0|startupRole:FOLLOWER, s1|rpc:0.0.0.0:34987|dataStream:|priority:0|startupRole:FOLLOWER, s2|rpc:0.0.0.0:33415|dataStream:|priority:0|startupRole:FOLLOWER]|listeners:[], old=null RUNNING
2023-03-02 04:37:30,691 [Time-limited test] INFO  impl.RaftServerTestUtil (RaftServerTestUtil.java:waitAndCheckNewConf(96)) - checking  FOLLOWER s2@group-E4E80BC40051:t1, leader=s0, voted=null, raftlog=Memoized:s2@group-E4E80BC40051-SegmentedRaftLog:OPENED:c255, conf=257: peers:[s0|rpc:localhost:33827|admin:localhost:42195|client:localhost:46875|dataStream:localhost:35449|priority:0|startupRole:FOLLOWER, s1|rpc:0.0.0.0:34987|dataStream:|priority:0|startupRole:FOLLOWER, s2|rpc:0.0.0.0:33415|dataStream:|priority:0|startupRole:FOLLOWER]|listeners:[], old=null RUNNING
2023-03-02 04:37:30,691 [Time-limited test] INFO  impl.MiniRaftCluster (MiniRaftCluster.java:shutdown(831)) - ************************************************************** 
2023-03-02 04:37:30,691 [Time-limited test] INFO  impl.MiniRaftCluster (MiniRaftCluster.java:shutdown(832)) - *** 
2023-03-02 04:37:30,691 [Time-limited test] INFO  impl.MiniRaftCluster (MiniRaftCluster.java:shutdown(833)) - ***     Stopping MiniRaftClusterWithGrpc
2023-03-02 04:37:30,691 [Time-limited test] INFO  impl.MiniRaftCluster (MiniRaftCluster.java:shutdown(834)) - *** 
2023-03-02 04:37:30,691 [Time-limited test] INFO  impl.MiniRaftCluster (MiniRaftCluster.java:shutdown(835)) - ************************************************************** 
2023-03-02 04:37:30,691 [Time-limited test] INFO  impl.MiniRaftCluster (MiniRaftCluster.java:shutdown(836)) - printing ALL groups
  s0:  RUNNING    LEADER s0@group-E4E80BC40051:t1, leader=s0, voted=s0, raftlog=Memoized:s0@group-E4E80BC40051-SegmentedRaftLog:OPENED:c257, conf=257: peers:[s0|rpc:localhost:33827|admin:localhost:42195|client:localhost:46875|dataStream:localhost:35449|priority:0|startupRole:FOLLOWER, s1|rpc:0.0.0.0:34987|dataStream:|priority:0|startupRole:FOLLOWER, s2|rpc:0.0.0.0:33415|dataStream:|priority:0|startupRole:FOLLOWER]|listeners:[], old=null RUNNING
  s1:  RUNNING  FOLLOWER s1@group-E4E80BC40051:t1, leader=s0, voted=null, raftlog=Memoized:s1@group-E4E80BC40051-SegmentedRaftLog:OPENED:c255, conf=257: peers:[s0|rpc:localhost:33827|admin:localhost:42195|client:localhost:46875|dataStream:localhost:35449|priority:0|startupRole:FOLLOWER, s1|rpc:0.0.0.0:34987|dataStream:|priority:0|startupRole:FOLLOWER, s2|rpc:0.0.0.0:33415|dataStream:|priority:0|startupRole:FOLLOWER]|listeners:[], old=null RUNNING
  s2:  RUNNING  FOLLOWER s2@group-E4E80BC40051:t1, leader=s0, voted=null, raftlog=Memoized:s2@group-E4E80BC40051-SegmentedRaftLog:OPENED:c255, conf=257: peers:[s0|rpc:localhost:33827|admin:localhost:42195|client:localhost:46875|dataStream:localhost:35449|priority:0|startupRole:FOLLOWER, s1|rpc:0.0.0.0:34987|dataStream:|priority:0|startupRole:FOLLOWER, s2|rpc:0.0.0.0:33415|dataStream:|priority:0|startupRole:FOLLOWER]|listeners:[], old=null RUNNING
2023-03-02 04:37:30,696 [s2@group-E4E80BC40051-StateMachineUpdater] TRACE util.FileUtils (FileUtils.java:deleteFully(217)) - deleteFully: /tmp/ratis-tests/statemachine/s2/tmp/55fa313b-5538-44ab-bfb4-d8af6df2d0c4 does not exist.
2023-03-02 04:37:30,708 [s2@group-E4E80BC40051-StateMachineUpdater] TRACE util.FileUtils (LogUtils.java:runAndLog(49)) - Successfully ran Atomic Files.move /tmp/ratis-tests/statemachine/s2/tmp/55fa313b-5538-44ab-bfb4-d8af6df2d0c4 to /tmp/ratis-tests/statemachine/s2/snapshot/1_255
2023-03-02 04:37:30,708 [s2@group-E4E80BC40051-StateMachineUpdater] INFO  impl.StateMachineUpdater (StateMachineUpdater.java:takeSnapshot(290)) - s2@group-E4E80BC40051-StateMachineUpdater: Took a snapshot at index 255
2023-03-02 04:37:30,708 [s2@group-E4E80BC40051-StateMachineUpdater] INFO  impl.StateMachineUpdater (StateMachineUpdater.java:lambda$new$0(96)) - s2@group-E4E80BC40051-StateMachineUpdater: snapshotIndex: updateIncreasingly 191 -> 255
2023-03-02 04:37:30,699 [MiniRaftCluster-7] INFO  server.RaftServer (RaftServerProxy.java:lambda$close$7(417)) - s0: close
2023-03-02 04:37:30,709 [MiniRaftCluster-9] INFO  server.RaftServer (RaftServerProxy.java:lambda$close$7(417)) - s2: close
2023-03-02 04:37:30,709 [MiniRaftCluster-8] INFO  server.RaftServer (RaftServerProxy.java:lambda$close$7(417)) - s1: close
2023-03-02 04:37:30,733 [s2@group-E4E80BC40051-StateMachineUpdater] INFO  raftlog.RaftLog (RaftLogBase.java:purge(314)) - s2@group-E4E80BC40051-SegmentedRaftLog: purge 255
2023-03-02 04:37:30,733 [s2@group-E4E80BC40051-StateMachineUpdater] INFO  raftlog.RaftLog (RaftLogBase.java:lambda$new$0(53)) - s2@group-E4E80BC40051-SegmentedRaftLog: snapshotIndex: updateIncreasingly 191 -> 255
2023-03-02 04:37:30,733 [s2@group-E4E80BC40051-StateMachineUpdater] INFO  raftlog.RaftLog (RaftLogBase.java:lambda$new$0(53)) - s2@group-E4E80BC40051-SegmentedRaftLog: purgeIndex: updateToMax old=-1, new=255, updated? true
2023-03-02 04:37:30,720 [s2-impl-thread1] INFO  server.RaftServer$Division (RaftServerImpl.java:lambda$close$4(466)) - s2@group-E4E80BC40051: shutdown
2023-03-02 04:37:30,734 [s2-impl-thread1] INFO  util.JmxRegister (JmxRegister.java:unregister(73)) - Successfully un-registered JMX Bean with object name Ratis:service=RaftServer,group=group-E4E80BC40051,id=s2
2023-03-02 04:37:30,734 [s2-impl-thread1] INFO  impl.RoleInfo (RoleInfo.java:shutdownFollowerState(110)) - s2: shutdown s2@group-E4E80BC40051-FollowerState
2023-03-02 04:37:30,734 [s2-impl-thread1] INFO  impl.StateMachineUpdater (StateMachineUpdater.java:stopAndJoin(154)) - s2@group-E4E80BC40051-StateMachineUpdater: set stopIndex = 257
2023-03-02 04:37:30,720 [MiniRaftCluster-9] INFO  server.GrpcService (GrpcService.java:closeImpl(311)) - s2: shutdown server GrpcServerProtocolService now
2023-03-02 04:37:30,720 [s0-impl-thread1] INFO  server.RaftServer$Division (RaftServerImpl.java:lambda$close$4(466)) - s0@group-E4E80BC40051: shutdown
2023-03-02 04:37:30,720 [MiniRaftCluster-7] INFO  server.GrpcService (GrpcService.java:closeImpl(311)) - s0: shutdown server org.apache.ratis.grpc.server.GrpcClientProtocolService now
2023-03-02 04:37:30,759 [grpc-default-executor-0] WARN  server.GrpcLogAppender (LogUtils.java:warn(122)) - s0@group-E4E80BC40051->s2-AppendLogResponseHandler: Failed appendEntries: org.apache.ratis.thirdparty.io.grpc.StatusRuntimeException: CANCELLED: RST_STREAM closed stream. HTTP/2 error code: CANCEL
2023-03-02 04:37:30,793 [grpc-default-executor-0] INFO  leader.FollowerInfo (FollowerInfoImpl.java:lambda$new$0(52)) - s0@group-E4E80BC40051->s2: decreaseNextIndex nextIndex: updateUnconditionally 259 -> 258
2023-03-02 04:37:30,758 [grpc-default-executor-1] WARN  server.GrpcServerProtocolService (LogUtils.java:warn(122)) - s2: installSnapshot onError, lastRequest: s0->s2#94-t1,previous=(t:1, i:257),leaderCommit=257,initializing? true,entries: size=1, first=(t:1, i:258), METADATAENTRY(c:257): org.apache.ratis.thirdparty.io.grpc.StatusRuntimeException: CANCELLED: client cancelled
2023-03-02 04:37:30,749 [s0-impl-thread1] INFO  util.JmxRegister (JmxRegister.java:unregister(73)) - Successfully un-registered JMX Bean with object name Ratis:service=RaftServer,group=group-E4E80BC40051,id=s0
2023-03-02 04:37:30,793 [s0-impl-thread1] INFO  impl.RoleInfo (RoleInfo.java:shutdownLeaderState(93)) - s0: shutdown s0@group-E4E80BC40051-LeaderStateImpl
2023-03-02 04:37:30,744 [s2@group-E4E80BC40051-FollowerState] INFO  impl.FollowerState (FollowerState.java:run(152)) - s2@group-E4E80BC40051-FollowerState was interrupted
2023-03-02 04:37:30,740 [s2@group-E4E80BC40051-StateMachineUpdater] TRACE util.FileUtils (FileUtils.java:deleteFully(201)) - deleteFully /tmp/ratis-tests/statemachine/s2/snapshot/1_257
2023-03-02 04:37:30,794 [s2@group-E4E80BC40051-StateMachineUpdater] TRACE util.FileUtils (FileUtils.java:deleteFully(217)) - deleteFully: /tmp/ratis-tests/statemachine/s2/snapshot/1_257 does not exist.
2023-03-02 04:37:30,794 [s2@group-E4E80BC40051-StateMachineUpdater] TRACE util.FileUtils (FileUtils.java:deleteFully(201)) - deleteFully /tmp/ratis-tests/statemachine/s2/tmp/e5d1caac-20c6-41a2-9c28-e86da4c8c5e4
2023-03-02 04:37:30,794 [s2@group-E4E80BC40051-StateMachineUpdater] TRACE util.FileUtils (FileUtils.java:deleteFully(217)) - deleteFully: /tmp/ratis-tests/statemachine/s2/tmp/e5d1caac-20c6-41a2-9c28-e86da4c8c5e4 does not exist.
2023-03-02 04:37:30,794 [s2@group-E4E80BC40051-StateMachineUpdater] TRACE util.FileUtils (LogUtils.java:runAndLog(49)) - Successfully ran Atomic Files.move /tmp/ratis-tests/statemachine/s2/tmp/e5d1caac-20c6-41a2-9c28-e86da4c8c5e4 to /tmp/ratis-tests/statemachine/s2/snapshot/1_257
2023-03-02 04:37:30,794 [s2@group-E4E80BC40051-StateMachineUpdater] INFO  impl.StateMachineUpdater (StateMachineUpdater.java:takeSnapshot(290)) - s2@group-E4E80BC40051-StateMachineUpdater: Took a snapshot at index 257
2023-03-02 04:37:30,794 [s2@group-E4E80BC40051-StateMachineUpdater] INFO  impl.StateMachineUpdater (StateMachineUpdater.java:lambda$new$0(96)) - s2@group-E4E80BC40051-StateMachineUpdater: snapshotIndex: updateIncreasingly 255 -> 257
2023-03-02 04:37:30,736 [s1-impl-thread1] INFO  server.RaftServer$Division (RaftServerImpl.java:lambda$close$4(466)) - s1@group-E4E80BC40051: shutdown
2023-03-02 04:37:30,736 [MiniRaftCluster-8] INFO  server.GrpcService (GrpcService.java:closeImpl(311)) - s1: shutdown server GrpcServerProtocolService now
2023-03-02 04:37:30,795 [s1-impl-thread1] INFO  util.JmxRegister (JmxRegister.java:unregister(73)) - Successfully un-registered JMX Bean with object name Ratis:service=RaftServer,group=group-E4E80BC40051,id=s1
2023-03-02 04:37:30,795 [s1-impl-thread1] INFO  impl.RoleInfo (RoleInfo.java:shutdownFollowerState(110)) - s1: shutdown s1@group-E4E80BC40051-FollowerState
2023-03-02 04:37:30,795 [s1-impl-thread1] INFO  impl.StateMachineUpdater (StateMachineUpdater.java:stopAndJoin(154)) - s1@group-E4E80BC40051-StateMachineUpdater: set stopIndex = 257
2023-03-02 04:37:30,795 [s1@group-E4E80BC40051-FollowerState] INFO  impl.FollowerState (FollowerState.java:run(152)) - s1@group-E4E80BC40051-FollowerState was interrupted
2023-03-02 04:37:30,794 [s2-impl-thread1] INFO  server.RaftServer$Division (ServerState.java:close(414)) - s2@group-E4E80BC40051: applyIndex: 257
2023-03-02 04:37:30,795 [s0@group-E4E80BC40051->s2-GrpcLogAppender-LogAppenderDaemon] WARN  server.GrpcLogAppender (GrpcLogAppender.java:mayWait(190)) - s0@group-E4E80BC40051->s2-GrpcLogAppender: Wait interrupted by java.lang.InterruptedException
2023-03-02 04:37:30,795 [s0@group-E4E80BC40051->s1-GrpcLogAppender-LogAppenderDaemon] WARN  server.GrpcLogAppender (GrpcLogAppender.java:mayWait(190)) - s0@group-E4E80BC40051->s1-GrpcLogAppender: Wait interrupted by java.lang.InterruptedException
2023-03-02 04:37:30,796 [grpc-default-executor-1] INFO  server.GrpcServerProtocolService (GrpcServerProtocolService.java:onCompleted(143)) - s1: Completed APPEND_ENTRIES, lastRequest: s0->s1#79-t1,previous=(t:1, i:257),leaderCommit=257,initializing? true,entries: size=1, first=(t:1, i:258), METADATAENTRY(c:257)
2023-03-02 04:37:30,797 [grpc-default-executor-0] INFO  server.GrpcLogAppender (GrpcLogAppender.java:onCompleted(417)) - s0@group-E4E80BC40051->s1-AppendLogResponseHandler: follower responses appendEntries COMPLETED
2023-03-02 04:37:30,797 [grpc-default-executor-0] INFO  leader.FollowerInfo (FollowerInfoImpl.java:lambda$new$0(52)) - s0@group-E4E80BC40051->s1: decreaseNextIndex nextIndex: updateUnconditionally 259 -> 258
2023-03-02 04:37:30,813 [MiniRaftCluster-9] INFO  server.GrpcService (GrpcService.java:closeImpl(320)) - s2: shutdown server GrpcServerProtocolService successfully
2023-03-02 04:37:30,795 [s0-impl-thread1] INFO  impl.PendingRequests (PendingRequests.java:sendNotLeaderResponses(282)) - s0@group-E4E80BC40051-PendingRequests: sendNotLeaderResponses
2023-03-02 04:37:30,826 [Thread-115] INFO  server.GrpcServerProtocolClient (GrpcServerProtocolClient.java:close(101)) - s1 Close channels
2023-03-02 04:37:30,826 [Thread-116] INFO  server.GrpcServerProtocolClient (GrpcServerProtocolClient.java:close(101)) - s2 Close channels
2023-03-02 04:37:30,838 [MiniRaftCluster-7] INFO  server.GrpcService (GrpcService.java:closeImpl(320)) - s0: shutdown server org.apache.ratis.grpc.server.GrpcClientProtocolService successfully
2023-03-02 04:37:30,841 [MiniRaftCluster-7] INFO  server.GrpcService (GrpcService.java:closeImpl(311)) - s0: shutdown server GrpcServerProtocolService now
2023-03-02 04:37:30,842 [MiniRaftCluster-8] INFO  server.GrpcService (GrpcService.java:closeImpl(320)) - s1: shutdown server GrpcServerProtocolService successfully
2023-03-02 04:37:30,849 [s0-impl-thread1] INFO  impl.StateMachineUpdater (StateMachineUpdater.java:stopAndJoin(154)) - s0@group-E4E80BC40051-StateMachineUpdater: set stopIndex = 258
2023-03-02 04:37:30,849 [s0@group-E4E80BC40051-StateMachineUpdater] TRACE util.FileUtils (FileUtils.java:deleteFully(201)) - deleteFully /tmp/ratis-tests/statemachine/s0/snapshot/1_258
2023-03-02 04:37:30,849 [s0@group-E4E80BC40051-StateMachineUpdater] TRACE util.FileUtils (FileUtils.java:deleteFully(217)) - deleteFully: /tmp/ratis-tests/statemachine/s0/snapshot/1_258 does not exist.
2023-03-02 04:37:30,849 [s0@group-E4E80BC40051-StateMachineUpdater] TRACE util.FileUtils (FileUtils.java:deleteFully(201)) - deleteFully /tmp/ratis-tests/statemachine/s0/tmp/87499e7f-7bcb-470d-8c95-6092c859019a
2023-03-02 04:37:30,849 [s0@group-E4E80BC40051-StateMachineUpdater] TRACE util.FileUtils (FileUtils.java:deleteFully(217)) - deleteFully: /tmp/ratis-tests/statemachine/s0/tmp/87499e7f-7bcb-470d-8c95-6092c859019a does not exist.
2023-03-02 04:37:30,850 [s0@group-E4E80BC40051-StateMachineUpdater] TRACE util.FileUtils (LogUtils.java:runAndLog(49)) - Successfully ran Atomic Files.move /tmp/ratis-tests/statemachine/s0/tmp/87499e7f-7bcb-470d-8c95-6092c859019a to /tmp/ratis-tests/statemachine/s0/snapshot/1_258
2023-03-02 04:37:30,850 [s0@group-E4E80BC40051-StateMachineUpdater] INFO  impl.StateMachineUpdater (StateMachineUpdater.java:takeSnapshot(290)) - s0@group-E4E80BC40051-StateMachineUpdater: Took a snapshot at index 258
2023-03-02 04:37:30,850 [s0@group-E4E80BC40051-StateMachineUpdater] INFO  impl.StateMachineUpdater (StateMachineUpdater.java:lambda$new$0(96)) - s0@group-E4E80BC40051-StateMachineUpdater: snapshotIndex: updateIncreasingly 255 -> 258
2023-03-02 04:37:30,850 [s0@group-E4E80BC40051-StateMachineUpdater] INFO  raftlog.RaftLog (RaftLogBase.java:purge(314)) - s0@group-E4E80BC40051-SegmentedRaftLog: purge 258
2023-03-02 04:37:30,850 [s0@group-E4E80BC40051-StateMachineUpdater] INFO  raftlog.RaftLog (RaftLogBase.java:lambda$new$0(53)) - s0@group-E4E80BC40051-SegmentedRaftLog: snapshotIndex: updateIncreasingly 191 -> 258
2023-03-02 04:37:30,850 [s0@group-E4E80BC40051-StateMachineUpdater] INFO  raftlog.RaftLog (RaftLogBase.java:lambda$new$0(53)) - s0@group-E4E80BC40051-SegmentedRaftLog: purgeIndex: updateToMax old=191, new=258, updated? true
2023-03-02 04:37:30,851 [s0-impl-thread1] INFO  server.RaftServer$Division (ServerState.java:close(414)) - s0@group-E4E80BC40051: applyIndex: 258
2023-03-02 04:37:30,865 [MiniRaftCluster-7] INFO  server.GrpcService (GrpcService.java:closeImpl(320)) - s0: shutdown server GrpcServerProtocolService successfully
2023-03-02 04:37:30,865 [MiniRaftCluster-7] INFO  server.GrpcService (GrpcService.java:closeImpl(311)) - s0: shutdown server org.apache.ratis.grpc.server.GrpcAdminProtocolService now
2023-03-02 04:37:30,893 [MiniRaftCluster-7] INFO  server.GrpcService (GrpcService.java:closeImpl(320)) - s0: shutdown server org.apache.ratis.grpc.server.GrpcAdminProtocolService successfully
2023-03-02 04:37:31,682 [s0-impl-thread1] INFO  segmented.SegmentedRaftLogWorker (SegmentedRaftLogWorker.java:close(242)) - s0@group-E4E80BC40051-SegmentedRaftLogWorker close()
2023-03-02 04:37:31,683 [JvmPauseMonitor3] INFO  util.JvmPauseMonitor (JvmPauseMonitor.java:run(109)) - JvmPauseMonitor-s0: Stopped
2023-03-02 04:37:31,700 [s2-impl-thread1] INFO  segmented.SegmentedRaftLogWorker (SegmentedRaftLogWorker.java:close(242)) - s2@group-E4E80BC40051-SegmentedRaftLogWorker close()
2023-03-02 04:37:31,716 [JvmPauseMonitor5] INFO  util.JvmPauseMonitor (JvmPauseMonitor.java:run(109)) - JvmPauseMonitor-s2: Stopped
2023-03-02 04:37:35,709 [Time-limited test] INFO  impl.MiniRaftCluster (MiniRaftCluster.java:shutdown(855)) - MiniRaftClusterWithGrpc shutdown completed
2023-03-02 04:37:35,709 [Time-limited test] INFO  impl.MiniRaftCluster (MiniRaftCluster.java:shutdown(831)) - ************************************************************** 
2023-03-02 04:37:35,709 [Time-limited test] INFO  impl.MiniRaftCluster (MiniRaftCluster.java:shutdown(832)) - *** 
2023-03-02 04:37:35,709 [Time-limited test] INFO  impl.MiniRaftCluster (MiniRaftCluster.java:shutdown(833)) - ***     Stopping MiniRaftClusterWithGrpc
2023-03-02 04:37:35,709 [Time-limited test] INFO  impl.MiniRaftCluster (MiniRaftCluster.java:shutdown(834)) - *** 
2023-03-02 04:37:35,709 [Time-limited test] INFO  impl.MiniRaftCluster (MiniRaftCluster.java:shutdown(835)) - ************************************************************** 
2023-03-02 04:37:35,710 [Time-limited test] INFO  impl.MiniRaftCluster (MiniRaftCluster.java:shutdown(836)) - printing ALL groups
  s0:   CLOSED    LEADER s0@group-E4E80BC40051:t1, leader=s0, voted=s0, raftlog=Memoized:s0@group-E4E80BC40051-SegmentedRaftLog:CLOSED:c258, conf=257: peers:[s0|rpc:localhost:33827|admin:localhost:42195|client:localhost:46875|dataStream:localhost:35449|priority:0|startupRole:FOLLOWER, s1|rpc:0.0.0.0:34987|dataStream:|priority:0|startupRole:FOLLOWER, s2|rpc:0.0.0.0:33415|dataStream:|priority:0|startupRole:FOLLOWER]|listeners:[], old=null CLOSED
  s1:  CLOSING  FOLLOWER s1@group-E4E80BC40051:t1, leader=s0, voted=null, raftlog=Memoized:s1@group-E4E80BC40051-SegmentedRaftLog:OPENED:c257, conf=257: peers:[s0|rpc:localhost:33827|admin:localhost:42195|client:localhost:46875|dataStream:localhost:35449|priority:0|startupRole:FOLLOWER, s1|rpc:0.0.0.0:34987|dataStream:|priority:0|startupRole:FOLLOWER, s2|rpc:0.0.0.0:33415|dataStream:|priority:0|startupRole:FOLLOWER]|listeners:[], old=null CLOSING
  s2:   CLOSED  FOLLOWER s2@group-E4E80BC40051:t1, leader=s0, voted=null, raftlog=Memoized:s2@group-E4E80BC40051-SegmentedRaftLog:CLOSED:c257, conf=257: peers:[s0|rpc:localhost:33827|admin:localhost:42195|client:localhost:46875|dataStream:localhost:35449|priority:0|startupRole:FOLLOWER, s1|rpc:0.0.0.0:34987|dataStream:|priority:0|startupRole:FOLLOWER, s2|rpc:0.0.0.0:33415|dataStream:|priority:0|startupRole:FOLLOWER]|listeners:[], old=null CLOSED
2023-03-02 04:37:35,710 [JvmPauseMonitor4] INFO  util.JvmPauseMonitor (JvmPauseMonitor.java:run(109)) - JvmPauseMonitor-s1: Stopped
2023-03-02 04:37:35,719 [Time-limited test] INFO  impl.MiniRaftCluster (MiniRaftCluster.java:shutdown(855)) - MiniRaftClusterWithGrpc shutdown completed
]]></system-out>
  </testcase>
  <testcase name="testMultiFileInstallSnapshot[1]" classname="org.apache.ratis.grpc.TestLeaderInstallSnapshot" time="2.55"/>
  <testcase name="testSeparateSnapshotInstallPath[1]" classname="org.apache.ratis.grpc.TestLeaderInstallSnapshot" time="2.319"/>
</testsuite>