<?xml version="1.0" encoding="UTF-8"?>
<testsuite xmlns:xsi="http://www.w3.org/2001/XMLSchema-instance" xsi:noNamespaceSchemaLocation="https://maven.apache.org/surefire/maven-surefire-plugin/xsd/surefire-test-report.xsd" name="org.apache.ratis.grpc.TestLogAppenderWithGrpc" time="41.261" tests="10" errors="0" skipped="0" failures="2">
  <properties>
    <property name="awt.toolkit" value="sun.awt.X11.XToolkit"/>
    <property name="java.specification.version" value="11"/>
    <property name="sun.cpu.isalist" value=""/>
    <property name="sun.jnu.encoding" value="UTF-8"/>
    <property name="java.class.path" value="/home/runner/work/ratis/ratis/ratis-test/target/test-classes:/home/runner/work/ratis/ratis/ratis-test/target/classes:/home/runner/work/ratis/ratis/ratis-common/target/classes:/home/runner/.m2/repository/org/apache/ratis/ratis-thirdparty-misc/1.0.3/ratis-thirdparty-misc-1.0.3.jar:/home/runner/work/ratis/ratis/ratis-proto/target/ratis-proto-3.0.0-SNAPSHOT.jar:/home/runner/work/ratis/ratis/ratis-common/target/test-classes:/home/runner/work/ratis/ratis/ratis-client/target/classes:/home/runner/work/ratis/ratis/ratis-server/target/classes:/home/runner/work/ratis/ratis/ratis-server-api/target/classes:/home/runner/work/ratis/ratis/ratis-metrics-api/target/classes:/home/runner/work/ratis/ratis/ratis-server/target/test-classes:/home/runner/work/ratis/ratis/ratis-metrics-default/target/classes:/home/runner/work/ratis/ratis/ratis-netty/target/classes:/home/runner/work/ratis/ratis/ratis-netty/target/test-classes:/home/runner/work/ratis/ratis/ratis-grpc/target/classes:/home/runner/work/ratis/ratis/ratis-grpc/target/test-classes:/home/runner/work/ratis/ratis/ratis-shell/target/classes:/home/runner/.m2/repository/commons-cli/commons-cli/1.5.0/commons-cli-1.5.0.jar:/home/runner/.m2/repository/org/reflections/reflections/0.10.2/reflections-0.10.2.jar:/home/runner/.m2/repository/org/javassist/javassist/3.28.0-GA/javassist-3.28.0-GA.jar:/home/runner/.m2/repository/com/google/code/findbugs/jsr305/3.0.2/jsr305-3.0.2.jar:/home/runner/.m2/repository/org/bouncycastle/bcprov-jdk15on/1.70/bcprov-jdk15on-1.70.jar:/home/runner/.m2/repository/org/bouncycastle/bcpkix-jdk15on/1.70/bcpkix-jdk15on-1.70.jar:/home/runner/.m2/repository/org/bouncycastle/bcutil-jdk15on/1.70/bcutil-jdk15on-1.70.jar:/home/runner/.m2/repository/org/slf4j/slf4j-api/1.7.36/slf4j-api-1.7.36.jar:/home/runner/.m2/repository/org/slf4j/slf4j-reload4j/1.7.36/slf4j-reload4j-1.7.36.jar:/home/runner/.m2/repository/ch/qos/reload4j/reload4j/1.2.19/reload4j-1.2.19.jar:/home/runner/.m2/repository/junit/junit/4.13.2/junit-4.13.2.jar:/home/runner/.m2/repository/org/hamcrest/hamcrest-core/1.3/hamcrest-core-1.3.jar:/home/runner/.m2/repository/org/mockito/mockito-core/4.3.1/mockito-core-4.3.1.jar:/home/runner/.m2/repository/net/bytebuddy/byte-buddy/1.12.7/byte-buddy-1.12.7.jar:/home/runner/.m2/repository/net/bytebuddy/byte-buddy-agent/1.12.7/byte-buddy-agent-1.12.7.jar:/home/runner/.m2/repository/org/objenesis/objenesis/3.2/objenesis-3.2.jar:"/>
    <property name="java.vm.vendor" value="Eclipse Adoptium"/>
    <property name="sun.arch.data.model" value="64"/>
    <property name="java.vendor.url" value="https://adoptium.net/"/>
    <property name="user.timezone" value=""/>
    <property name="java.vm.specification.version" value="11"/>
    <property name="os.name" value="Linux"/>
    <property name="sun.java.launcher" value="SUN_STANDARD"/>
    <property name="sun.boot.library.path" value="/usr/lib/jvm/temurin-11-jdk-amd64/lib"/>
    <property name="sun.java.command" value="/home/runner/work/ratis/ratis/ratis-test/target/surefire/surefirebooter195948478023953780.jar /home/runner/work/ratis/ratis/ratis-test/target/surefire 2023-03-02T04-35-31_845-jvmRun1 surefire15925929328168701561tmp surefire_177083780929618981269tmp"/>
    <property name="jdk.debug" value="release"/>
    <property name="surefire.test.class.path" value="/home/runner/work/ratis/ratis/ratis-test/target/test-classes:/home/runner/work/ratis/ratis/ratis-test/target/classes:/home/runner/work/ratis/ratis/ratis-common/target/classes:/home/runner/.m2/repository/org/apache/ratis/ratis-thirdparty-misc/1.0.3/ratis-thirdparty-misc-1.0.3.jar:/home/runner/work/ratis/ratis/ratis-proto/target/ratis-proto-3.0.0-SNAPSHOT.jar:/home/runner/work/ratis/ratis/ratis-common/target/test-classes:/home/runner/work/ratis/ratis/ratis-client/target/classes:/home/runner/work/ratis/ratis/ratis-server/target/classes:/home/runner/work/ratis/ratis/ratis-server-api/target/classes:/home/runner/work/ratis/ratis/ratis-metrics-api/target/classes:/home/runner/work/ratis/ratis/ratis-server/target/test-classes:/home/runner/work/ratis/ratis/ratis-metrics-default/target/classes:/home/runner/work/ratis/ratis/ratis-netty/target/classes:/home/runner/work/ratis/ratis/ratis-netty/target/test-classes:/home/runner/work/ratis/ratis/ratis-grpc/target/classes:/home/runner/work/ratis/ratis/ratis-grpc/target/test-classes:/home/runner/work/ratis/ratis/ratis-shell/target/classes:/home/runner/.m2/repository/commons-cli/commons-cli/1.5.0/commons-cli-1.5.0.jar:/home/runner/.m2/repository/org/reflections/reflections/0.10.2/reflections-0.10.2.jar:/home/runner/.m2/repository/org/javassist/javassist/3.28.0-GA/javassist-3.28.0-GA.jar:/home/runner/.m2/repository/com/google/code/findbugs/jsr305/3.0.2/jsr305-3.0.2.jar:/home/runner/.m2/repository/org/bouncycastle/bcprov-jdk15on/1.70/bcprov-jdk15on-1.70.jar:/home/runner/.m2/repository/org/bouncycastle/bcpkix-jdk15on/1.70/bcpkix-jdk15on-1.70.jar:/home/runner/.m2/repository/org/bouncycastle/bcutil-jdk15on/1.70/bcutil-jdk15on-1.70.jar:/home/runner/.m2/repository/org/slf4j/slf4j-api/1.7.36/slf4j-api-1.7.36.jar:/home/runner/.m2/repository/org/slf4j/slf4j-reload4j/1.7.36/slf4j-reload4j-1.7.36.jar:/home/runner/.m2/repository/ch/qos/reload4j/reload4j/1.2.19/reload4j-1.2.19.jar:/home/runner/.m2/repository/junit/junit/4.13.2/junit-4.13.2.jar:/home/runner/.m2/repository/org/hamcrest/hamcrest-core/1.3/hamcrest-core-1.3.jar:/home/runner/.m2/repository/org/mockito/mockito-core/4.3.1/mockito-core-4.3.1.jar:/home/runner/.m2/repository/net/bytebuddy/byte-buddy/1.12.7/byte-buddy-1.12.7.jar:/home/runner/.m2/repository/net/bytebuddy/byte-buddy-agent/1.12.7/byte-buddy-agent-1.12.7.jar:/home/runner/.m2/repository/org/objenesis/objenesis/3.2/objenesis-3.2.jar:"/>
    <property name="sun.cpu.endian" value="little"/>
    <property name="user.home" value="/home/runner"/>
    <property name="user.language" value="en"/>
    <property name="java.specification.vendor" value="Oracle Corporation"/>
    <property name="java.version.date" value="2023-01-17"/>
    <property name="java.home" value="/usr/lib/jvm/temurin-11-jdk-amd64"/>
    <property name="file.separator" value="/"/>
    <property name="basedir" value="/home/runner/work/ratis/ratis/ratis-test"/>
    <property name="java.vm.compressedOopsMode" value="32-bit"/>
    <property name="line.separator" value="&#10;"/>
    <property name="java.specification.name" value="Java Platform API Specification"/>
    <property name="java.vm.specification.vendor" value="Oracle Corporation"/>
    <property name="java.awt.graphicsenv" value="sun.awt.X11GraphicsEnvironment"/>
    <property name="surefire.real.class.path" value="/home/runner/work/ratis/ratis/ratis-test/target/surefire/surefirebooter195948478023953780.jar"/>
    <property name="sun.management.compiler" value="HotSpot 64-Bit Tiered Compilers"/>
    <property name="java.runtime.version" value="11.0.18+10"/>
    <property name="user.name" value="runner"/>
    <property name="java.net.preferIPv4Stack" value="true"/>
    <property name="path.separator" value=":"/>
    <property name="os.version" value="5.15.0-1033-azure"/>
    <property name="java.runtime.name" value="OpenJDK Runtime Environment"/>
    <property name="file.encoding" value="UTF-8"/>
    <property name="java.vm.name" value="OpenJDK 64-Bit Server VM"/>
    <property name="java.vendor.version" value="Temurin-11.0.18+10"/>
    <property name="localRepository" value="/home/runner/.m2/repository"/>
    <property name="java.vendor.url.bug" value="https://github.com/adoptium/adoptium-support/issues"/>
    <property name="java.io.tmpdir" value="/tmp"/>
    <property name="java.version" value="11.0.18"/>
    <property name="user.dir" value="/home/runner/work/ratis/ratis/ratis-test"/>
    <property name="os.arch" value="amd64"/>
    <property name="ratis.tmp.dir" value="/home/runner/work/ratis/ratis/ratis-test/target/tmp"/>
    <property name="java.vm.specification.name" value="Java Virtual Machine Specification"/>
    <property name="java.awt.printerjob" value="sun.print.PSPrinterJob"/>
    <property name="ratis.log.dir" value="/home/runner/work/ratis/ratis/ratis-test/target/log"/>
    <property name="sun.os.patch.level" value="unknown"/>
    <property name="java.library.path" value="/usr/java/packages/lib:/usr/lib64:/lib64:/lib:/usr/lib"/>
    <property name="java.vm.info" value="mixed mode"/>
    <property name="java.vendor" value="Eclipse Adoptium"/>
    <property name="java.vm.version" value="11.0.18+10"/>
    <property name="sun.io.unicode.encoding" value="UnicodeLittle"/>
    <property name="java.class.version" value="55.0"/>
  </properties>
  <testcase name="testRestartLogAppender[0]" classname="org.apache.ratis.grpc.TestLogAppenderWithGrpc" time="3.961"/>
  <testcase name="testPendingLimits[0]" classname="org.apache.ratis.grpc.TestLogAppenderWithGrpc" time="4.659">
    <failure message="expected:&lt;13&gt; but was:&lt;11&gt;" type="java.lang.AssertionError"><![CDATA[java.lang.AssertionError: expected:<13> but was:<11>
	at org.junit.Assert.fail(Assert.java:89)
	at org.junit.Assert.failNotEquals(Assert.java:835)
	at org.junit.Assert.assertEquals(Assert.java:647)
	at org.junit.Assert.assertEquals(Assert.java:633)
	at org.apache.ratis.grpc.TestLogAppenderWithGrpc.lambda$testPendingLimits$0(TestLogAppenderWithGrpc.java:95)
	at org.apache.ratis.util.function.CheckedRunnable.lambda$asCheckedSupplier$0(CheckedRunnable.java:32)
	at org.apache.ratis.util.JavaUtils.attempt(JavaUtils.java:211)
	at org.apache.ratis.util.JavaUtils.attemptRepeatedly(JavaUtils.java:197)
	at org.apache.ratis.util.JavaUtils.attempt(JavaUtils.java:231)
	at org.apache.ratis.grpc.TestLogAppenderWithGrpc.testPendingLimits(TestLogAppenderWithGrpc.java:92)
	at java.base/jdk.internal.reflect.NativeMethodAccessorImpl.invoke0(Native Method)
	at java.base/jdk.internal.reflect.NativeMethodAccessorImpl.invoke(NativeMethodAccessorImpl.java:62)
	at java.base/jdk.internal.reflect.DelegatingMethodAccessorImpl.invoke(DelegatingMethodAccessorImpl.java:43)
	at java.base/java.lang.reflect.Method.invoke(Method.java:566)
	at org.junit.runners.model.FrameworkMethod$1.runReflectiveCall(FrameworkMethod.java:59)
	at org.junit.internal.runners.model.ReflectiveCallable.run(ReflectiveCallable.java:12)
	at org.junit.runners.model.FrameworkMethod.invokeExplosively(FrameworkMethod.java:56)
	at org.junit.internal.runners.statements.InvokeMethod.evaluate(InvokeMethod.java:17)
	at org.junit.internal.runners.statements.RunAfters.evaluate(RunAfters.java:27)
	at org.junit.internal.runners.statements.FailOnTimeout$CallableStatement.call(FailOnTimeout.java:299)
	at org.junit.internal.runners.statements.FailOnTimeout$CallableStatement.call(FailOnTimeout.java:293)
	at java.base/java.util.concurrent.FutureTask.run(FutureTask.java:264)
	at java.base/java.lang.Thread.run(Thread.java:829)
]]></failure>
    <system-out><![CDATA[2023-03-02 04:44:18,527 [main] INFO  util.LogUtils (Slf4jUtils.java:setLogLevel(38)) - Successfully set org.apache.ratis.conf.ConfUtils log level to WARN
2023-03-02 04:44:18,527 [main] INFO  util.LogUtils (Slf4jUtils.java:setLogLevel(38)) - Successfully set org.apache.ratis.util.FileUtils log level to TRACE
2023-03-02 04:44:18,527 [main] INFO  util.LogUtils (Slf4jUtils.java:setLogLevel(38)) - Successfully set org.apache.ratis.server.leader.LogAppender log level to DEBUG
2023-03-02 04:44:18,527 [main] INFO  util.LogUtils (Slf4jUtils.java:setLogLevel(38)) - Successfully set org.apache.ratis.server.leader.FollowerInfo log level to DEBUG
2023-03-02 04:44:18,529 [Time-limited test] INFO  impl.MiniRaftCluster (MiniRaftCluster.java:<init>(306)) - new MiniRaftClusterWithGrpc with group-90C0D205C76F:[s0|rpc:localhost:36217|admin:localhost:39885|client:localhost:39421|dataStream:localhost:43973|priority:0|startupRole:FOLLOWER, s1|rpc:localhost:35151|admin:localhost:34843|client:localhost:45507|dataStream:localhost:35593|priority:0|startupRole:FOLLOWER, s2|rpc:localhost:46271|admin:localhost:36499|client:localhost:40381|dataStream:localhost:32969|priority:0|startupRole:FOLLOWER]
2023-03-02 04:44:18,529 [Time-limited test] INFO  impl.MiniRaftCluster (MiniRaftCluster.java:start(339)) - .............................................................. 
2023-03-02 04:44:18,529 [Time-limited test] INFO  impl.MiniRaftCluster (MiniRaftCluster.java:start(340)) - ... 
2023-03-02 04:44:18,529 [Time-limited test] INFO  impl.MiniRaftCluster (MiniRaftCluster.java:start(341)) - ...     Starting MiniRaftClusterWithGrpc
2023-03-02 04:44:18,529 [Time-limited test] INFO  impl.MiniRaftCluster (MiniRaftCluster.java:start(342)) - ... 
2023-03-02 04:44:18,529 [Time-limited test] INFO  impl.MiniRaftCluster (MiniRaftCluster.java:start(343)) - .............................................................. 
2023-03-02 04:44:18,529 [Time-limited test] INFO  impl.MiniRaftCluster (MiniRaftCluster.java:initServers(318)) - servers = {}
2023-03-02 04:44:18,530 [Time-limited test] INFO  impl.MiniRaftCluster (MiniRaftCluster.java:newRaftServer(382)) - newRaftServer: s0, group-90C0D205C76F:[s0|rpc:localhost:36217|admin:localhost:39885|client:localhost:39421|dataStream:localhost:43973|priority:0|startupRole:FOLLOWER, s1|rpc:localhost:35151|admin:localhost:34843|client:localhost:45507|dataStream:localhost:35593|priority:0|startupRole:FOLLOWER, s2|rpc:localhost:46271|admin:localhost:36499|client:localhost:40381|dataStream:localhost:32969|priority:0|startupRole:FOLLOWER], format? true
2023-03-02 04:44:18,530 [Time-limited test] TRACE util.FileUtils (FileUtils.java:deleteFully(201)) - deleteFully target/test/data/57495553/MiniRaftClusterWithGrpc1f6093ef/s0
2023-03-02 04:44:18,530 [Time-limited test] TRACE util.FileUtils (FileUtils.java:deleteFully(217)) - deleteFully: target/test/data/57495553/MiniRaftClusterWithGrpc1f6093ef/s0 does not exist.
2023-03-02 04:44:18,530 [Time-limited test] INFO  impl.MiniRaftCluster (MiniRaftCluster.java:newRaftServer(387)) - Formatted directory target/test/data/57495553/MiniRaftClusterWithGrpc1f6093ef/s0
2023-03-02 04:44:18,530 [Time-limited test] INFO  server.RaftServer (ConfUtils.java:logGet(46)) - raft.rpc.type = GRPC (default)
2023-03-02 04:44:18,530 [Time-limited test] INFO  grpc.GrpcConfigKeys (ConfUtils.java:logFallback(53)) - raft.grpc.admin.host = null (fallback to raft.grpc.server.host)
2023-03-02 04:44:18,530 [Time-limited test] INFO  grpc.GrpcConfigKeys (ConfUtils.java:logGet(46)) - raft.grpc.admin.port = 39885 (custom)
2023-03-02 04:44:18,531 [Time-limited test] INFO  grpc.GrpcConfigKeys (ConfUtils.java:logFallback(53)) - raft.grpc.client.host = null (fallback to raft.grpc.server.host)
2023-03-02 04:44:18,531 [Time-limited test] INFO  grpc.GrpcConfigKeys (ConfUtils.java:logGet(46)) - raft.grpc.client.port = 39421 (custom)
2023-03-02 04:44:18,531 [Time-limited test] INFO  grpc.GrpcConfigKeys (ConfUtils.java:logGet(46)) - raft.grpc.server.host = null (default)
2023-03-02 04:44:18,531 [Time-limited test] INFO  grpc.GrpcConfigKeys (ConfUtils.java:logGet(46)) - raft.grpc.server.port = 36217 (custom)
2023-03-02 04:44:18,531 [Time-limited test] INFO  server.GrpcService (ConfUtils.java:logGet(46)) - raft.grpc.message.size.max = 64MB (=67108864) (default)
2023-03-02 04:44:18,531 [Time-limited test] INFO  server.RaftServerConfigKeys (ConfUtils.java:logGet(46)) - raft.server.log.appender.buffer.byte-limit = 4MB (=4194304) (default)
2023-03-02 04:44:18,531 [Time-limited test] INFO  server.GrpcService (ConfUtils.java:logGet(46)) - raft.grpc.flow.control.window = 1MB (=1048576) (default)
2023-03-02 04:44:18,531 [Time-limited test] INFO  server.RaftServerConfigKeys (ConfUtils.java:logGet(46)) - raft.server.rpc.request.timeout = 3000ms (default)
2023-03-02 04:44:18,531 [Time-limited test] INFO  grpc.GrpcConfigKeys (ConfUtils.java:logGet(46)) - raft.grpc.server.heartbeat.channel = true (default)
2023-03-02 04:44:18,531 [Time-limited test] INFO  grpc.GrpcConfigKeys (ConfUtils.java:logGet(46)) - raft.grpc.server.async.request.thread.pool.cached = true (default)
2023-03-02 04:44:18,531 [Time-limited test] INFO  grpc.GrpcConfigKeys (ConfUtils.java:logGet(46)) - raft.grpc.server.async.request.thread.pool.size = 32 (default)
2023-03-02 04:44:18,533 [Time-limited test] INFO  impl.DataStreamServerImpl (ConfUtils.java:logGet(46)) - raft.datastream.type = DISABLED (default)
2023-03-02 04:44:18,533 [Time-limited test] INFO  server.RaftServerConfigKeys (ConfUtils.java:logGet(46)) - raft.server.threadpool.proxy.cached = true (default)
2023-03-02 04:44:18,533 [Time-limited test] INFO  server.RaftServerConfigKeys (ConfUtils.java:logGet(46)) - raft.server.threadpool.proxy.size = 0 (default)
2023-03-02 04:44:18,533 [Time-limited test] INFO  server.RaftServerConfigKeys (ConfUtils.java:logGet(46)) - raft.server.rpc.slowness.timeout = 60s (default)
2023-03-02 04:44:18,533 [Time-limited test] INFO  server.RaftServerConfigKeys (ConfUtils.java:logGet(46)) - raft.server.leaderelection.leader.step-down.wait-time = 10s (default)
2023-03-02 04:44:18,534 [Time-limited test] INFO  server.RaftServerConfigKeys (ConfUtils.java:logGet(46)) - raft.server.storage.dir = [/home/runner/work/ratis/ratis/ratis-test/target/test/data/57495553/MiniRaftClusterWithGrpc1f6093ef/s0] (custom)
2023-03-02 04:44:18,534 [Time-limited test] INFO  server.RaftServer (RaftServerProxy.java:addNew(99)) - s0: addNew group-90C0D205C76F:[s0|rpc:localhost:36217|admin:localhost:39885|client:localhost:39421|dataStream:localhost:43973|priority:0|startupRole:FOLLOWER, s1|rpc:localhost:35151|admin:localhost:34843|client:localhost:45507|dataStream:localhost:35593|priority:0|startupRole:FOLLOWER, s2|rpc:localhost:46271|admin:localhost:36499|client:localhost:40381|dataStream:localhost:32969|priority:0|startupRole:FOLLOWER] returns group-90C0D205C76F:java.util.concurrent.CompletableFuture@ecdf109[Not completed]
2023-03-02 04:44:18,534 [Time-limited test] INFO  impl.MiniRaftCluster (MiniRaftCluster.java:newRaftServer(382)) - newRaftServer: s1, group-90C0D205C76F:[s0|rpc:localhost:36217|admin:localhost:39885|client:localhost:39421|dataStream:localhost:43973|priority:0|startupRole:FOLLOWER, s1|rpc:localhost:35151|admin:localhost:34843|client:localhost:45507|dataStream:localhost:35593|priority:0|startupRole:FOLLOWER, s2|rpc:localhost:46271|admin:localhost:36499|client:localhost:40381|dataStream:localhost:32969|priority:0|startupRole:FOLLOWER], format? true
2023-03-02 04:44:18,534 [Time-limited test] TRACE util.FileUtils (FileUtils.java:deleteFully(201)) - deleteFully target/test/data/57495553/MiniRaftClusterWithGrpc1f6093ef/s1
2023-03-02 04:44:18,534 [Time-limited test] TRACE util.FileUtils (FileUtils.java:deleteFully(217)) - deleteFully: target/test/data/57495553/MiniRaftClusterWithGrpc1f6093ef/s1 does not exist.
2023-03-02 04:44:18,534 [Time-limited test] INFO  impl.MiniRaftCluster (MiniRaftCluster.java:newRaftServer(387)) - Formatted directory target/test/data/57495553/MiniRaftClusterWithGrpc1f6093ef/s1
2023-03-02 04:44:18,535 [Time-limited test] INFO  server.RaftServer (ConfUtils.java:logGet(46)) - raft.rpc.type = GRPC (default)
2023-03-02 04:44:18,535 [Time-limited test] INFO  grpc.GrpcConfigKeys (ConfUtils.java:logFallback(53)) - raft.grpc.admin.host = null (fallback to raft.grpc.server.host)
2023-03-02 04:44:18,535 [Time-limited test] INFO  grpc.GrpcConfigKeys (ConfUtils.java:logGet(46)) - raft.grpc.admin.port = 34843 (custom)
2023-03-02 04:44:18,535 [Time-limited test] INFO  grpc.GrpcConfigKeys (ConfUtils.java:logFallback(53)) - raft.grpc.client.host = null (fallback to raft.grpc.server.host)
2023-03-02 04:44:18,535 [Time-limited test] INFO  grpc.GrpcConfigKeys (ConfUtils.java:logGet(46)) - raft.grpc.client.port = 45507 (custom)
2023-03-02 04:44:18,535 [s0-groupManagement] INFO  server.RaftServerConfigKeys (ConfUtils.java:logGet(46)) - raft.server.log.segment.size.max = 8MB (=8388608) (default)
2023-03-02 04:44:18,535 [Time-limited test] INFO  grpc.GrpcConfigKeys (ConfUtils.java:logGet(46)) - raft.grpc.server.host = null (default)
2023-03-02 04:44:18,537 [Time-limited test] INFO  grpc.GrpcConfigKeys (ConfUtils.java:logGet(46)) - raft.grpc.server.port = 35151 (custom)
2023-03-02 04:44:18,537 [Time-limited test] INFO  server.GrpcService (ConfUtils.java:logGet(46)) - raft.grpc.message.size.max = 64MB (=67108864) (default)
2023-03-02 04:44:18,537 [Time-limited test] INFO  server.RaftServerConfigKeys (ConfUtils.java:logGet(46)) - raft.server.log.appender.buffer.byte-limit = 4MB (=4194304) (default)
2023-03-02 04:44:18,537 [Time-limited test] INFO  server.GrpcService (ConfUtils.java:logGet(46)) - raft.grpc.flow.control.window = 1MB (=1048576) (default)
2023-03-02 04:44:18,537 [Time-limited test] INFO  server.RaftServerConfigKeys (ConfUtils.java:logGet(46)) - raft.server.rpc.request.timeout = 3000ms (default)
2023-03-02 04:44:18,537 [Time-limited test] INFO  grpc.GrpcConfigKeys (ConfUtils.java:logGet(46)) - raft.grpc.server.heartbeat.channel = true (default)
2023-03-02 04:44:18,537 [Time-limited test] INFO  grpc.GrpcConfigKeys (ConfUtils.java:logGet(46)) - raft.grpc.server.async.request.thread.pool.cached = true (default)
2023-03-02 04:44:18,537 [Time-limited test] INFO  grpc.GrpcConfigKeys (ConfUtils.java:logGet(46)) - raft.grpc.server.async.request.thread.pool.size = 32 (default)
2023-03-02 04:44:18,538 [Time-limited test] INFO  impl.DataStreamServerImpl (ConfUtils.java:logGet(46)) - raft.datastream.type = DISABLED (default)
2023-03-02 04:44:18,538 [Time-limited test] INFO  server.RaftServerConfigKeys (ConfUtils.java:logGet(46)) - raft.server.threadpool.proxy.cached = true (default)
2023-03-02 04:44:18,539 [Time-limited test] INFO  server.RaftServerConfigKeys (ConfUtils.java:logGet(46)) - raft.server.threadpool.proxy.size = 0 (default)
2023-03-02 04:44:18,539 [Time-limited test] INFO  server.RaftServerConfigKeys (ConfUtils.java:logGet(46)) - raft.server.rpc.slowness.timeout = 60s (default)
2023-03-02 04:44:18,539 [Time-limited test] INFO  server.RaftServerConfigKeys (ConfUtils.java:logGet(46)) - raft.server.leaderelection.leader.step-down.wait-time = 10s (default)
2023-03-02 04:44:18,539 [Time-limited test] INFO  server.RaftServerConfigKeys (ConfUtils.java:logGet(46)) - raft.server.storage.dir = [/home/runner/work/ratis/ratis/ratis-test/target/test/data/57495553/MiniRaftClusterWithGrpc1f6093ef/s1] (custom)
2023-03-02 04:44:18,539 [s0-groupManagement] INFO  server.RaftServerConfigKeys (ConfUtils.java:logGet(46)) - raft.server.log.preallocated.size = 4MB (=4194304) (default)
2023-03-02 04:44:18,539 [s0-groupManagement] INFO  server.RaftServerConfigKeys (ConfUtils.java:logGet(46)) - raft.server.log.write.buffer.size = 64KB (=65536) (default)
2023-03-02 04:44:18,539 [s0-groupManagement] INFO  server.RaftServer$Division (RaftServerImpl.java:<init>(198)) - s0: new RaftServerImpl for group-90C0D205C76F:[s0|rpc:localhost:36217|admin:localhost:39885|client:localhost:39421|dataStream:localhost:43973|priority:0|startupRole:FOLLOWER, s1|rpc:localhost:35151|admin:localhost:34843|client:localhost:45507|dataStream:localhost:35593|priority:0|startupRole:FOLLOWER, s2|rpc:localhost:46271|admin:localhost:36499|client:localhost:40381|dataStream:localhost:32969|priority:0|startupRole:FOLLOWER] with SimpleStateMachine4Testing:uninitialized
2023-03-02 04:44:18,539 [s0-groupManagement] INFO  server.RaftServerConfigKeys (ConfUtils.java:logGet(46)) - raft.server.rpc.timeout.min = 150ms (default)
2023-03-02 04:44:18,539 [s0-groupManagement] INFO  server.RaftServerConfigKeys (ConfUtils.java:logGet(46)) - raft.server.rpc.timeout.max = 300ms (default)
2023-03-02 04:44:18,540 [s0-groupManagement] INFO  server.RaftServerConfigKeys (ConfUtils.java:logGet(46)) - raft.server.rpc.sleep.time = 25ms (default)
2023-03-02 04:44:18,540 [s0-groupManagement] INFO  server.RaftServerConfigKeys (ConfUtils.java:logGet(46)) - raft.server.rpc.slowness.timeout = 60s (default)
2023-03-02 04:44:18,540 [s0-groupManagement] INFO  server.RaftServerConfigKeys (ConfUtils.java:logGet(46)) - raft.server.leaderelection.leader.step-down.wait-time = 10s (default)
2023-03-02 04:44:18,540 [s0-groupManagement] INFO  server.RaftServerConfigKeys (ConfUtils.java:logGet(46)) - raft.server.sleep.deviation.threshold = 300ms (default)
2023-03-02 04:44:18,540 [s0-groupManagement] INFO  server.RaftServer$Division (ServerState.java:<init>(113)) - s0@group-90C0D205C76F: ConfigurationManager, init=-1: peers:[s0|rpc:localhost:36217|admin:localhost:39885|client:localhost:39421|dataStream:localhost:43973|priority:0|startupRole:FOLLOWER, s1|rpc:localhost:35151|admin:localhost:34843|client:localhost:45507|dataStream:localhost:35593|priority:0|startupRole:FOLLOWER, s2|rpc:localhost:46271|admin:localhost:36499|client:localhost:40381|dataStream:localhost:32969|priority:0|startupRole:FOLLOWER]|listeners:[], old=null, confs=<EMPTY_MAP>
2023-03-02 04:44:18,540 [s0-groupManagement] INFO  server.RaftServerConfigKeys (ConfUtils.java:logGet(46)) - raft.server.notification.no-leader.timeout = 60s (default)
2023-03-02 04:44:18,540 [s0-groupManagement] INFO  server.RaftServerConfigKeys (ConfUtils.java:logGet(46)) - raft.server.read.timeout = 10s (default)
2023-03-02 04:44:18,540 [s0-groupManagement] INFO  server.RaftServerConfigKeys (ConfUtils.java:logGet(46)) - raft.server.retrycache.expirytime = 60s (default)
2023-03-02 04:44:18,540 [s0-groupManagement] INFO  server.RaftServerConfigKeys (ConfUtils.java:logGet(46)) - raft.server.retrycache.statistics.expirytime = 100μs (default)
2023-03-02 04:44:18,541 [s0-groupManagement] INFO  server.RaftServerConfigKeys (ConfUtils.java:logGet(46)) - raft.server.read.option = DEFAULT (default)
2023-03-02 04:44:18,543 [s0-groupManagement] INFO  server.RaftServerConfigKeys (ConfUtils.java:logGet(46)) - raft.server.log.appender.install.snapshot.enabled = true (default)
2023-03-02 04:44:18,544 [s0-groupManagement] INFO  server.RaftServerConfigKeys (ConfUtils.java:logGet(46)) - raft.server.threadpool.server.cached = true (default)
2023-03-02 04:44:18,544 [s0-groupManagement] INFO  server.RaftServerConfigKeys (ConfUtils.java:logGet(46)) - raft.server.threadpool.server.size = 0 (default)
2023-03-02 04:44:18,544 [s0-groupManagement] INFO  server.RaftServerConfigKeys (ConfUtils.java:logGet(46)) - raft.server.threadpool.client.cached = true (default)
2023-03-02 04:44:18,544 [s0-groupManagement] INFO  server.RaftServerConfigKeys (ConfUtils.java:logGet(46)) - raft.server.threadpool.client.size = 0 (default)
2023-03-02 04:44:18,544 [Time-limited test] INFO  server.RaftServer (RaftServerProxy.java:addNew(99)) - s1: addNew group-90C0D205C76F:[s0|rpc:localhost:36217|admin:localhost:39885|client:localhost:39421|dataStream:localhost:43973|priority:0|startupRole:FOLLOWER, s1|rpc:localhost:35151|admin:localhost:34843|client:localhost:45507|dataStream:localhost:35593|priority:0|startupRole:FOLLOWER, s2|rpc:localhost:46271|admin:localhost:36499|client:localhost:40381|dataStream:localhost:32969|priority:0|startupRole:FOLLOWER] returns group-90C0D205C76F:java.util.concurrent.CompletableFuture@75ed35d2[Not completed]
2023-03-02 04:44:18,548 [Time-limited test] INFO  impl.MiniRaftCluster (MiniRaftCluster.java:newRaftServer(382)) - newRaftServer: s2, group-90C0D205C76F:[s0|rpc:localhost:36217|admin:localhost:39885|client:localhost:39421|dataStream:localhost:43973|priority:0|startupRole:FOLLOWER, s1|rpc:localhost:35151|admin:localhost:34843|client:localhost:45507|dataStream:localhost:35593|priority:0|startupRole:FOLLOWER, s2|rpc:localhost:46271|admin:localhost:36499|client:localhost:40381|dataStream:localhost:32969|priority:0|startupRole:FOLLOWER], format? true
2023-03-02 04:44:18,548 [Time-limited test] TRACE util.FileUtils (FileUtils.java:deleteFully(201)) - deleteFully target/test/data/57495553/MiniRaftClusterWithGrpc1f6093ef/s2
2023-03-02 04:44:18,548 [Time-limited test] TRACE util.FileUtils (FileUtils.java:deleteFully(217)) - deleteFully: target/test/data/57495553/MiniRaftClusterWithGrpc1f6093ef/s2 does not exist.
2023-03-02 04:44:18,548 [Time-limited test] INFO  impl.MiniRaftCluster (MiniRaftCluster.java:newRaftServer(387)) - Formatted directory target/test/data/57495553/MiniRaftClusterWithGrpc1f6093ef/s2
2023-03-02 04:44:18,548 [Time-limited test] INFO  server.RaftServer (ConfUtils.java:logGet(46)) - raft.rpc.type = GRPC (default)
2023-03-02 04:44:18,548 [Time-limited test] INFO  grpc.GrpcConfigKeys (ConfUtils.java:logFallback(53)) - raft.grpc.admin.host = null (fallback to raft.grpc.server.host)
2023-03-02 04:44:18,548 [Time-limited test] INFO  grpc.GrpcConfigKeys (ConfUtils.java:logGet(46)) - raft.grpc.admin.port = 36499 (custom)
2023-03-02 04:44:18,548 [Time-limited test] INFO  grpc.GrpcConfigKeys (ConfUtils.java:logFallback(53)) - raft.grpc.client.host = null (fallback to raft.grpc.server.host)
2023-03-02 04:44:18,549 [Time-limited test] INFO  grpc.GrpcConfigKeys (ConfUtils.java:logGet(46)) - raft.grpc.client.port = 40381 (custom)
2023-03-02 04:44:18,549 [Time-limited test] INFO  grpc.GrpcConfigKeys (ConfUtils.java:logGet(46)) - raft.grpc.server.host = null (default)
2023-03-02 04:44:18,549 [Time-limited test] INFO  grpc.GrpcConfigKeys (ConfUtils.java:logGet(46)) - raft.grpc.server.port = 46271 (custom)
2023-03-02 04:44:18,549 [Time-limited test] INFO  server.GrpcService (ConfUtils.java:logGet(46)) - raft.grpc.message.size.max = 64MB (=67108864) (default)
2023-03-02 04:44:18,549 [Time-limited test] INFO  server.RaftServerConfigKeys (ConfUtils.java:logGet(46)) - raft.server.log.appender.buffer.byte-limit = 4MB (=4194304) (default)
2023-03-02 04:44:18,549 [Time-limited test] INFO  server.GrpcService (ConfUtils.java:logGet(46)) - raft.grpc.flow.control.window = 1MB (=1048576) (default)
2023-03-02 04:44:18,549 [Time-limited test] INFO  server.RaftServerConfigKeys (ConfUtils.java:logGet(46)) - raft.server.rpc.request.timeout = 3000ms (default)
2023-03-02 04:44:18,549 [Time-limited test] INFO  grpc.GrpcConfigKeys (ConfUtils.java:logGet(46)) - raft.grpc.server.heartbeat.channel = true (default)
2023-03-02 04:44:18,549 [Time-limited test] INFO  grpc.GrpcConfigKeys (ConfUtils.java:logGet(46)) - raft.grpc.server.async.request.thread.pool.cached = true (default)
2023-03-02 04:44:18,549 [Time-limited test] INFO  grpc.GrpcConfigKeys (ConfUtils.java:logGet(46)) - raft.grpc.server.async.request.thread.pool.size = 32 (default)
2023-03-02 04:44:18,550 [Time-limited test] INFO  impl.DataStreamServerImpl (ConfUtils.java:logGet(46)) - raft.datastream.type = DISABLED (default)
2023-03-02 04:44:18,551 [Time-limited test] INFO  server.RaftServerConfigKeys (ConfUtils.java:logGet(46)) - raft.server.threadpool.proxy.cached = true (default)
2023-03-02 04:44:18,551 [Time-limited test] INFO  server.RaftServerConfigKeys (ConfUtils.java:logGet(46)) - raft.server.threadpool.proxy.size = 0 (default)
2023-03-02 04:44:18,551 [Time-limited test] INFO  server.RaftServerConfigKeys (ConfUtils.java:logGet(46)) - raft.server.rpc.slowness.timeout = 60s (default)
2023-03-02 04:44:18,551 [Time-limited test] INFO  server.RaftServerConfigKeys (ConfUtils.java:logGet(46)) - raft.server.leaderelection.leader.step-down.wait-time = 10s (default)
2023-03-02 04:44:18,551 [Time-limited test] INFO  server.RaftServerConfigKeys (ConfUtils.java:logGet(46)) - raft.server.storage.dir = [/home/runner/work/ratis/ratis/ratis-test/target/test/data/57495553/MiniRaftClusterWithGrpc1f6093ef/s2] (custom)
2023-03-02 04:44:18,560 [Time-limited test] INFO  server.RaftServer (RaftServerProxy.java:addNew(99)) - s2: addNew group-90C0D205C76F:[s0|rpc:localhost:36217|admin:localhost:39885|client:localhost:39421|dataStream:localhost:43973|priority:0|startupRole:FOLLOWER, s1|rpc:localhost:35151|admin:localhost:34843|client:localhost:45507|dataStream:localhost:35593|priority:0|startupRole:FOLLOWER, s2|rpc:localhost:46271|admin:localhost:36499|client:localhost:40381|dataStream:localhost:32969|priority:0|startupRole:FOLLOWER] returns group-90C0D205C76F:java.util.concurrent.CompletableFuture@6dfcd74e[Not completed]
2023-03-02 04:44:18,561 [s0-impl-thread1] INFO  server.RaftServerConfigKeys (ConfUtils.java:logGet(46)) - raft.server.storage.free-space.min = 0MB (=0) (default)
2023-03-02 04:44:18,561 [s0-impl-thread1] INFO  server.RaftServerConfigKeys (ConfUtils.java:logGet(46)) - raft.server.log.corruption.policy = EXCEPTION (default)
2023-03-02 04:44:18,561 [s0-impl-thread1] INFO  server.RaftServerConfigKeys (ConfUtils.java:logGet(46)) - raft.server.storage.dir = [/home/runner/work/ratis/ratis/ratis-test/target/test/data/57495553/MiniRaftClusterWithGrpc1f6093ef/s0] (custom)
2023-03-02 04:44:18,561 [s1-groupManagement] INFO  server.RaftServerConfigKeys (ConfUtils.java:logGet(46)) - raft.server.log.segment.size.max = 8MB (=8388608) (default)
2023-03-02 04:44:18,562 [s1-groupManagement] INFO  server.RaftServerConfigKeys (ConfUtils.java:logGet(46)) - raft.server.log.preallocated.size = 4MB (=4194304) (default)
2023-03-02 04:44:18,562 [s1-groupManagement] INFO  server.RaftServerConfigKeys (ConfUtils.java:logGet(46)) - raft.server.log.write.buffer.size = 64KB (=65536) (default)
2023-03-02 04:44:18,562 [s1-groupManagement] INFO  server.RaftServer$Division (RaftServerImpl.java:<init>(198)) - s1: new RaftServerImpl for group-90C0D205C76F:[s0|rpc:localhost:36217|admin:localhost:39885|client:localhost:39421|dataStream:localhost:43973|priority:0|startupRole:FOLLOWER, s1|rpc:localhost:35151|admin:localhost:34843|client:localhost:45507|dataStream:localhost:35593|priority:0|startupRole:FOLLOWER, s2|rpc:localhost:46271|admin:localhost:36499|client:localhost:40381|dataStream:localhost:32969|priority:0|startupRole:FOLLOWER] with SimpleStateMachine4Testing:uninitialized
2023-03-02 04:44:18,562 [s1-groupManagement] INFO  server.RaftServerConfigKeys (ConfUtils.java:logGet(46)) - raft.server.rpc.timeout.min = 150ms (default)
2023-03-02 04:44:18,562 [s1-groupManagement] INFO  server.RaftServerConfigKeys (ConfUtils.java:logGet(46)) - raft.server.rpc.timeout.max = 300ms (default)
2023-03-02 04:44:18,562 [s1-groupManagement] INFO  server.RaftServerConfigKeys (ConfUtils.java:logGet(46)) - raft.server.rpc.sleep.time = 25ms (default)
2023-03-02 04:44:18,563 [s1-groupManagement] INFO  server.RaftServerConfigKeys (ConfUtils.java:logGet(46)) - raft.server.rpc.slowness.timeout = 60s (default)
2023-03-02 04:44:18,563 [s1-groupManagement] INFO  server.RaftServerConfigKeys (ConfUtils.java:logGet(46)) - raft.server.leaderelection.leader.step-down.wait-time = 10s (default)
2023-03-02 04:44:18,563 [s1-groupManagement] INFO  server.RaftServerConfigKeys (ConfUtils.java:logGet(46)) - raft.server.sleep.deviation.threshold = 300ms (default)
2023-03-02 04:44:18,563 [s1-groupManagement] INFO  server.RaftServer$Division (ServerState.java:<init>(113)) - s1@group-90C0D205C76F: ConfigurationManager, init=-1: peers:[s0|rpc:localhost:36217|admin:localhost:39885|client:localhost:39421|dataStream:localhost:43973|priority:0|startupRole:FOLLOWER, s1|rpc:localhost:35151|admin:localhost:34843|client:localhost:45507|dataStream:localhost:35593|priority:0|startupRole:FOLLOWER, s2|rpc:localhost:46271|admin:localhost:36499|client:localhost:40381|dataStream:localhost:32969|priority:0|startupRole:FOLLOWER]|listeners:[], old=null, confs=<EMPTY_MAP>
2023-03-02 04:44:18,563 [s1-groupManagement] INFO  server.RaftServerConfigKeys (ConfUtils.java:logGet(46)) - raft.server.notification.no-leader.timeout = 60s (default)
2023-03-02 04:44:18,563 [s1-groupManagement] INFO  server.RaftServerConfigKeys (ConfUtils.java:logGet(46)) - raft.server.read.timeout = 10s (default)
2023-03-02 04:44:18,563 [s1-groupManagement] INFO  server.RaftServerConfigKeys (ConfUtils.java:logGet(46)) - raft.server.retrycache.expirytime = 60s (default)
2023-03-02 04:44:18,563 [s1-groupManagement] INFO  server.RaftServerConfigKeys (ConfUtils.java:logGet(46)) - raft.server.retrycache.statistics.expirytime = 100μs (default)
2023-03-02 04:44:18,563 [s1-groupManagement] INFO  server.RaftServerConfigKeys (ConfUtils.java:logGet(46)) - raft.server.read.option = DEFAULT (default)
2023-03-02 04:44:18,565 [s2-groupManagement] INFO  server.RaftServerConfigKeys (ConfUtils.java:logGet(46)) - raft.server.log.segment.size.max = 8MB (=8388608) (default)
2023-03-02 04:44:18,567 [s1-groupManagement] INFO  server.RaftServerConfigKeys (ConfUtils.java:logGet(46)) - raft.server.log.appender.install.snapshot.enabled = true (default)
2023-03-02 04:44:18,565 [s0-impl-thread1] INFO  storage.RaftStorageDirectory (RaftStorageDirectoryImpl.java:analyzeStorage(138)) - The storage directory /home/runner/work/ratis/ratis/ratis-test/target/test/data/57495553/MiniRaftClusterWithGrpc1f6093ef/s0/7cb74bf2-147c-47ee-8937-90c0d205c76f does not exist. Creating ...
2023-03-02 04:44:18,568 [s0-impl-thread1] TRACE util.FileUtils (LogUtils.java:runAndLog(49)) - Successfully ran Files.createDirectories /home/runner/work/ratis/ratis/ratis-test/target/test/data/57495553/MiniRaftClusterWithGrpc1f6093ef/s0/7cb74bf2-147c-47ee-8937-90c0d205c76f
2023-03-02 04:44:18,568 [s1-groupManagement] INFO  server.RaftServerConfigKeys (ConfUtils.java:logGet(46)) - raft.server.threadpool.server.cached = true (default)
2023-03-02 04:44:18,568 [s2-groupManagement] INFO  server.RaftServerConfigKeys (ConfUtils.java:logGet(46)) - raft.server.log.preallocated.size = 4MB (=4194304) (default)
2023-03-02 04:44:18,568 [s1-groupManagement] INFO  server.RaftServerConfigKeys (ConfUtils.java:logGet(46)) - raft.server.threadpool.server.size = 0 (default)
2023-03-02 04:44:18,568 [s2-groupManagement] INFO  server.RaftServerConfigKeys (ConfUtils.java:logGet(46)) - raft.server.log.write.buffer.size = 64KB (=65536) (default)
2023-03-02 04:44:18,569 [s1-groupManagement] INFO  server.RaftServerConfigKeys (ConfUtils.java:logGet(46)) - raft.server.threadpool.client.cached = true (default)
2023-03-02 04:44:18,569 [s2-groupManagement] INFO  server.RaftServer$Division (RaftServerImpl.java:<init>(198)) - s2: new RaftServerImpl for group-90C0D205C76F:[s0|rpc:localhost:36217|admin:localhost:39885|client:localhost:39421|dataStream:localhost:43973|priority:0|startupRole:FOLLOWER, s1|rpc:localhost:35151|admin:localhost:34843|client:localhost:45507|dataStream:localhost:35593|priority:0|startupRole:FOLLOWER, s2|rpc:localhost:46271|admin:localhost:36499|client:localhost:40381|dataStream:localhost:32969|priority:0|startupRole:FOLLOWER] with SimpleStateMachine4Testing:uninitialized
2023-03-02 04:44:18,569 [s1-groupManagement] INFO  server.RaftServerConfigKeys (ConfUtils.java:logGet(46)) - raft.server.threadpool.client.size = 0 (default)
2023-03-02 04:44:18,569 [s2-groupManagement] INFO  server.RaftServerConfigKeys (ConfUtils.java:logGet(46)) - raft.server.rpc.timeout.min = 150ms (default)
2023-03-02 04:44:18,569 [s2-groupManagement] INFO  server.RaftServerConfigKeys (ConfUtils.java:logGet(46)) - raft.server.rpc.timeout.max = 300ms (default)
2023-03-02 04:44:18,569 [s0-impl-thread1] INFO  storage.RaftStorageDirectory (RaftStorageDirectoryImpl.java:tryLock(232)) - Lock on /home/runner/work/ratis/ratis/ratis-test/target/test/data/57495553/MiniRaftClusterWithGrpc1f6093ef/s0/7cb74bf2-147c-47ee-8937-90c0d205c76f/in_use.lock acquired by nodename 15125@fv-az163-990
2023-03-02 04:44:18,570 [s0-impl-thread1] TRACE util.FileUtils (LogUtils.java:runAndLog(49)) - Successfully ran Files.createDirectories /home/runner/work/ratis/ratis/ratis-test/target/test/data/57495553/MiniRaftClusterWithGrpc1f6093ef/s0/7cb74bf2-147c-47ee-8937-90c0d205c76f/current
2023-03-02 04:44:18,570 [s0-impl-thread1] TRACE util.FileUtils (LogUtils.java:runAndLog(49)) - Successfully ran Files.createDirectories /home/runner/work/ratis/ratis/ratis-test/target/test/data/57495553/MiniRaftClusterWithGrpc1f6093ef/s0/7cb74bf2-147c-47ee-8937-90c0d205c76f/sm
2023-03-02 04:44:18,570 [s2-groupManagement] INFO  server.RaftServerConfigKeys (ConfUtils.java:logGet(46)) - raft.server.rpc.sleep.time = 25ms (default)
2023-03-02 04:44:18,570 [s2-groupManagement] INFO  server.RaftServerConfigKeys (ConfUtils.java:logGet(46)) - raft.server.rpc.slowness.timeout = 60s (default)
2023-03-02 04:44:18,571 [s2-groupManagement] INFO  server.RaftServerConfigKeys (ConfUtils.java:logGet(46)) - raft.server.leaderelection.leader.step-down.wait-time = 10s (default)
2023-03-02 04:44:18,571 [s2-groupManagement] INFO  server.RaftServerConfigKeys (ConfUtils.java:logGet(46)) - raft.server.sleep.deviation.threshold = 300ms (default)
2023-03-02 04:44:18,571 [s2-groupManagement] INFO  server.RaftServer$Division (ServerState.java:<init>(113)) - s2@group-90C0D205C76F: ConfigurationManager, init=-1: peers:[s0|rpc:localhost:36217|admin:localhost:39885|client:localhost:39421|dataStream:localhost:43973|priority:0|startupRole:FOLLOWER, s1|rpc:localhost:35151|admin:localhost:34843|client:localhost:45507|dataStream:localhost:35593|priority:0|startupRole:FOLLOWER, s2|rpc:localhost:46271|admin:localhost:36499|client:localhost:40381|dataStream:localhost:32969|priority:0|startupRole:FOLLOWER]|listeners:[], old=null, confs=<EMPTY_MAP>
2023-03-02 04:44:18,571 [s0-impl-thread1] INFO  storage.RaftStorage (RaftStorageImpl.java:format(96)) - Storage directory /home/runner/work/ratis/ratis/ratis-test/target/test/data/57495553/MiniRaftClusterWithGrpc1f6093ef/s0/7cb74bf2-147c-47ee-8937-90c0d205c76f has been successfully formatted.
2023-03-02 04:44:18,571 [s0-impl-thread1] INFO  impl.SimpleStateMachine4Testing (SimpleStateMachine4Testing.java:initialize(213)) - Initializing SimpleStateMachine4Testing:uninitialized
2023-03-02 04:44:18,571 [s0-impl-thread1] INFO  impl.SimpleStateMachine4Testing (SimpleStateMachine4Testing.java:loadSnapshot(293)) - Loading snapshot null
2023-03-02 04:44:18,572 [s0-impl-thread1] INFO  server.RaftServerConfigKeys (ConfUtils.java:logGet(46)) - raft.server.log.use.memory = false (default)
2023-03-02 04:44:18,572 [s0-impl-thread1] INFO  server.RaftServerConfigKeys (ConfUtils.java:logGet(46)) - raft.server.log.purge.gap = 1024 (default)
2023-03-02 04:44:18,572 [s0-impl-thread1] INFO  server.RaftServerConfigKeys (ConfUtils.java:logGet(46)) - raft.server.log.appender.buffer.byte-limit = 4MB (=4194304) (default)
2023-03-02 04:44:18,572 [s0-impl-thread1] INFO  server.RaftServerConfigKeys (ConfUtils.java:logGet(46)) - raft.server.log.statemachine.data.read.timeout = 1000ms (default)
2023-03-02 04:44:18,572 [s0-impl-thread1] INFO  server.RaftServerConfigKeys (ConfUtils.java:logGet(46)) - raft.server.log.purge.preservation.log.num = 0 (default)
2023-03-02 04:44:18,573 [s0-impl-thread1] INFO  server.RaftServerConfigKeys (ConfUtils.java:logGet(46)) - raft.server.log.segment.size.max = 8MB (=8388608) (default)
2023-03-02 04:44:18,573 [s0-impl-thread1] INFO  server.RaftServerConfigKeys (ConfUtils.java:logGet(46)) - raft.server.log.segment.cache.num.max = 6 (default)
2023-03-02 04:44:18,574 [s0-impl-thread1] INFO  server.RaftServerConfigKeys (ConfUtils.java:logGet(46)) - raft.server.log.segment.cache.size.max = 200MB (=209715200) (default)
2023-03-02 04:44:18,574 [s0-impl-thread1] INFO  server.RaftServerConfigKeys (ConfUtils.java:logGet(46)) - raft.server.log.appender.buffer.byte-limit = 4MB (=4194304) (default)
2023-03-02 04:44:18,574 [s0-impl-thread1] INFO  segmented.SegmentedRaftLogWorker (SegmentedRaftLogWorker.java:<init>(183)) - new s0@group-90C0D205C76F-SegmentedRaftLogWorker for RaftStorageImpl:Storage Directory /home/runner/work/ratis/ratis/ratis-test/target/test/data/57495553/MiniRaftClusterWithGrpc1f6093ef/s0/7cb74bf2-147c-47ee-8937-90c0d205c76f
2023-03-02 04:44:18,574 [s0-impl-thread1] INFO  server.RaftServerConfigKeys (ConfUtils.java:logGet(46)) - raft.server.log.queue.byte-limit = 64MB (=67108864) (default)
2023-03-02 04:44:18,574 [s0-impl-thread1] INFO  server.RaftServerConfigKeys (ConfUtils.java:logGet(46)) - raft.server.log.queue.element-limit = 4096 (default)
2023-03-02 04:44:18,574 [s0-impl-thread1] INFO  server.RaftServerConfigKeys (ConfUtils.java:logGet(46)) - raft.server.log.segment.size.max = 8MB (=8388608) (default)
2023-03-02 04:44:18,574 [s0-impl-thread1] INFO  server.RaftServerConfigKeys (ConfUtils.java:logGet(46)) - raft.server.log.preallocated.size = 4MB (=4194304) (default)
2023-03-02 04:44:18,574 [s0-impl-thread1] INFO  server.RaftServerConfigKeys (ConfUtils.java:logGet(46)) - raft.server.log.force.sync.num = 128 (default)
2023-03-02 04:44:18,574 [s0-impl-thread1] INFO  server.RaftServerConfigKeys (ConfUtils.java:logGet(46)) - raft.server.log.statemachine.data.sync = true (default)
2023-03-02 04:44:18,574 [s0-impl-thread1] INFO  server.RaftServerConfigKeys (ConfUtils.java:logGet(46)) - raft.server.log.statemachine.data.sync.timeout = 10s (default)
2023-03-02 04:44:18,574 [s0-impl-thread1] INFO  server.RaftServerConfigKeys (ConfUtils.java:logGet(46)) - raft.server.log.statemachine.data.sync.timeout.retry = -1 (default)
2023-03-02 04:44:18,574 [s0-impl-thread1] INFO  server.RaftServerConfigKeys (ConfUtils.java:logGet(46)) - raft.server.log.write.buffer.size = 64KB (=65536) (default)
2023-03-02 04:44:18,574 [s0-impl-thread1] INFO  server.RaftServerConfigKeys (ConfUtils.java:logGet(46)) - raft.server.log.appender.buffer.byte-limit = 4MB (=4194304) (default)
2023-03-02 04:44:18,576 [s0-impl-thread1] INFO  server.RaftServerConfigKeys (ConfUtils.java:logGet(46)) - raft.server.log.unsafe-flush.enabled = false (default)
2023-03-02 04:44:18,576 [s2-groupManagement] INFO  server.RaftServerConfigKeys (ConfUtils.java:logGet(46)) - raft.server.notification.no-leader.timeout = 60s (default)
2023-03-02 04:44:18,577 [s2-groupManagement] INFO  server.RaftServerConfigKeys (ConfUtils.java:logGet(46)) - raft.server.read.timeout = 10s (default)
2023-03-02 04:44:18,577 [s2-groupManagement] INFO  server.RaftServerConfigKeys (ConfUtils.java:logGet(46)) - raft.server.retrycache.expirytime = 60s (default)
2023-03-02 04:44:18,577 [s2-groupManagement] INFO  server.RaftServerConfigKeys (ConfUtils.java:logGet(46)) - raft.server.retrycache.statistics.expirytime = 100μs (default)
2023-03-02 04:44:18,577 [s2-groupManagement] INFO  server.RaftServerConfigKeys (ConfUtils.java:logGet(46)) - raft.server.read.option = DEFAULT (default)
2023-03-02 04:44:18,580 [s2-groupManagement] INFO  server.RaftServerConfigKeys (ConfUtils.java:logGet(46)) - raft.server.log.appender.install.snapshot.enabled = true (default)
2023-03-02 04:44:18,580 [s2-groupManagement] INFO  server.RaftServerConfigKeys (ConfUtils.java:logGet(46)) - raft.server.threadpool.server.cached = true (default)
2023-03-02 04:44:18,580 [s0-impl-thread1] INFO  server.RaftServerConfigKeys (ConfUtils.java:logGet(46)) - raft.server.log.async-flush.enabled = false (default)
2023-03-02 04:44:18,580 [s0-impl-thread1] INFO  server.RaftServerConfigKeys (ConfUtils.java:logGet(46)) - raft.server.log.statemachine.data.caching.enabled = false (default)
2023-03-02 04:44:18,580 [s0-impl-thread1] INFO  segmented.SegmentedRaftLogWorker (SegmentedRaftLogWorker.java:lambda$new$0(134)) - s0@group-90C0D205C76F-SegmentedRaftLogWorker: flushIndex: setUnconditionally 0 -> -1
2023-03-02 04:44:18,580 [s0-impl-thread1] INFO  segmented.SegmentedRaftLogWorker (SegmentedRaftLogWorker.java:lambda$new$0(134)) - s0@group-90C0D205C76F-SegmentedRaftLogWorker: safeCacheEvictIndex: setUnconditionally 0 -> -1
2023-03-02 04:44:18,580 [s2-groupManagement] INFO  server.RaftServerConfigKeys (ConfUtils.java:logGet(46)) - raft.server.threadpool.server.size = 0 (default)
2023-03-02 04:44:18,581 [s2-groupManagement] INFO  server.RaftServerConfigKeys (ConfUtils.java:logGet(46)) - raft.server.threadpool.client.cached = true (default)
2023-03-02 04:44:18,581 [s2-groupManagement] INFO  server.RaftServerConfigKeys (ConfUtils.java:logGet(46)) - raft.server.threadpool.client.size = 0 (default)
2023-03-02 04:44:18,582 [s0-impl-thread1] INFO  server.RaftServer$Division (RaftServerImpl.java:start(342)) - s0@group-90C0D205C76F: start as a follower, conf=-1: peers:[s0|rpc:localhost:36217|admin:localhost:39885|client:localhost:39421|dataStream:localhost:43973|priority:0|startupRole:FOLLOWER, s1|rpc:localhost:35151|admin:localhost:34843|client:localhost:45507|dataStream:localhost:35593|priority:0|startupRole:FOLLOWER, s2|rpc:localhost:46271|admin:localhost:36499|client:localhost:40381|dataStream:localhost:32969|priority:0|startupRole:FOLLOWER]|listeners:[], old=null
2023-03-02 04:44:18,582 [s0-impl-thread1] INFO  server.RaftServer$Division (RaftServerImpl.java:setRole(329)) - s0@group-90C0D205C76F: changes role from      null to FOLLOWER at term 0 for startAsFollower
2023-03-02 04:44:18,582 [s0-impl-thread1] INFO  impl.RoleInfo (RoleInfo.java:updateAndGet(139)) - s0: start s0@group-90C0D205C76F-FollowerState
2023-03-02 04:44:18,582 [s0-impl-thread1] INFO  util.JmxRegister (JmxRegister.java:tryRegister(44)) - Successfully registered JMX Bean with object name Ratis:service=RaftServer,group=group-90C0D205C76F,id=s0
2023-03-02 04:44:18,582 [s0-impl-thread1] INFO  server.RaftServerConfigKeys (ConfUtils.java:logGet(46)) - raft.server.snapshot.auto.trigger.enabled = false (default)
2023-03-02 04:44:18,582 [s0-impl-thread1] INFO  server.RaftServerConfigKeys (ConfUtils.java:logGet(46)) - raft.server.snapshot.retention.file.num = -1 (default)
2023-03-02 04:44:18,582 [s0-impl-thread1] INFO  server.RaftServerConfigKeys (ConfUtils.java:logGet(46)) - raft.server.log.purge.upto.snapshot.index = false (default)
2023-03-02 04:44:18,583 [Time-limited test] INFO  server.RaftServer (RaftServerProxy.java:startImpl(401)) - s0: start RPC server
2023-03-02 04:44:18,586 [Time-limited test] INFO  server.GrpcService (GrpcService.java:startImpl(302)) - s0: GrpcService started, listening on 39421
2023-03-02 04:44:18,587 [Time-limited test] INFO  server.GrpcService (GrpcService.java:startImpl(302)) - s0: GrpcService started, listening on 36217
2023-03-02 04:44:18,587 [Time-limited test] INFO  server.GrpcService (GrpcService.java:startImpl(302)) - s0: GrpcService started, listening on 39885
2023-03-02 04:44:18,587 [s0@group-90C0D205C76F-FollowerState] INFO  server.RaftServerConfigKeys (ConfUtils.java:logFallback(53)) - raft.server.rpc.first-election.timeout.min = 150ms (fallback to raft.server.rpc.timeout.min)
2023-03-02 04:44:18,588 [s0@group-90C0D205C76F-FollowerState] INFO  server.RaftServerConfigKeys (ConfUtils.java:logFallback(53)) - raft.server.rpc.first-election.timeout.max = 300ms (fallback to raft.server.rpc.timeout.max)
2023-03-02 04:44:18,588 [s1-impl-thread1] INFO  server.RaftServerConfigKeys (ConfUtils.java:logGet(46)) - raft.server.storage.free-space.min = 0MB (=0) (default)
2023-03-02 04:44:18,588 [s1-impl-thread1] INFO  server.RaftServerConfigKeys (ConfUtils.java:logGet(46)) - raft.server.log.corruption.policy = EXCEPTION (default)
2023-03-02 04:44:18,588 [s1-impl-thread1] INFO  server.RaftServerConfigKeys (ConfUtils.java:logGet(46)) - raft.server.storage.dir = [/home/runner/work/ratis/ratis/ratis-test/target/test/data/57495553/MiniRaftClusterWithGrpc1f6093ef/s1] (custom)
2023-03-02 04:44:18,588 [s1-impl-thread1] INFO  storage.RaftStorageDirectory (RaftStorageDirectoryImpl.java:analyzeStorage(138)) - The storage directory /home/runner/work/ratis/ratis/ratis-test/target/test/data/57495553/MiniRaftClusterWithGrpc1f6093ef/s1/7cb74bf2-147c-47ee-8937-90c0d205c76f does not exist. Creating ...
2023-03-02 04:44:18,589 [s1-impl-thread1] TRACE util.FileUtils (LogUtils.java:runAndLog(49)) - Successfully ran Files.createDirectories /home/runner/work/ratis/ratis/ratis-test/target/test/data/57495553/MiniRaftClusterWithGrpc1f6093ef/s1/7cb74bf2-147c-47ee-8937-90c0d205c76f
2023-03-02 04:44:18,590 [JvmPauseMonitor2] INFO  util.JvmPauseMonitor (JvmPauseMonitor.java:run(103)) - JvmPauseMonitor-s0: Started
2023-03-02 04:44:18,590 [s1-impl-thread1] INFO  storage.RaftStorageDirectory (RaftStorageDirectoryImpl.java:tryLock(232)) - Lock on /home/runner/work/ratis/ratis/ratis-test/target/test/data/57495553/MiniRaftClusterWithGrpc1f6093ef/s1/7cb74bf2-147c-47ee-8937-90c0d205c76f/in_use.lock acquired by nodename 15125@fv-az163-990
2023-03-02 04:44:18,590 [s1-impl-thread1] TRACE util.FileUtils (LogUtils.java:runAndLog(49)) - Successfully ran Files.createDirectories /home/runner/work/ratis/ratis/ratis-test/target/test/data/57495553/MiniRaftClusterWithGrpc1f6093ef/s1/7cb74bf2-147c-47ee-8937-90c0d205c76f/current
2023-03-02 04:44:18,590 [s1-impl-thread1] TRACE util.FileUtils (LogUtils.java:runAndLog(49)) - Successfully ran Files.createDirectories /home/runner/work/ratis/ratis/ratis-test/target/test/data/57495553/MiniRaftClusterWithGrpc1f6093ef/s1/7cb74bf2-147c-47ee-8937-90c0d205c76f/sm
2023-03-02 04:44:18,594 [s1-impl-thread1] INFO  storage.RaftStorage (RaftStorageImpl.java:format(96)) - Storage directory /home/runner/work/ratis/ratis/ratis-test/target/test/data/57495553/MiniRaftClusterWithGrpc1f6093ef/s1/7cb74bf2-147c-47ee-8937-90c0d205c76f has been successfully formatted.
2023-03-02 04:44:18,594 [s1-impl-thread1] INFO  impl.SimpleStateMachine4Testing (SimpleStateMachine4Testing.java:initialize(213)) - Initializing SimpleStateMachine4Testing:uninitialized
2023-03-02 04:44:18,594 [s1-impl-thread1] INFO  impl.SimpleStateMachine4Testing (SimpleStateMachine4Testing.java:loadSnapshot(293)) - Loading snapshot null
2023-03-02 04:44:18,594 [s1-impl-thread1] INFO  server.RaftServerConfigKeys (ConfUtils.java:logGet(46)) - raft.server.log.use.memory = false (default)
2023-03-02 04:44:18,594 [s1-impl-thread1] INFO  server.RaftServerConfigKeys (ConfUtils.java:logGet(46)) - raft.server.log.purge.gap = 1024 (default)
2023-03-02 04:44:18,594 [s1-impl-thread1] INFO  server.RaftServerConfigKeys (ConfUtils.java:logGet(46)) - raft.server.log.appender.buffer.byte-limit = 4MB (=4194304) (default)
2023-03-02 04:44:18,595 [s1-impl-thread1] INFO  server.RaftServerConfigKeys (ConfUtils.java:logGet(46)) - raft.server.log.statemachine.data.read.timeout = 1000ms (default)
2023-03-02 04:44:18,595 [s1-impl-thread1] INFO  server.RaftServerConfigKeys (ConfUtils.java:logGet(46)) - raft.server.log.purge.preservation.log.num = 0 (default)
2023-03-02 04:44:18,596 [s1-impl-thread1] INFO  server.RaftServerConfigKeys (ConfUtils.java:logGet(46)) - raft.server.log.segment.size.max = 8MB (=8388608) (default)
2023-03-02 04:44:18,596 [s1-impl-thread1] INFO  server.RaftServerConfigKeys (ConfUtils.java:logGet(46)) - raft.server.log.segment.cache.num.max = 6 (default)
2023-03-02 04:44:18,596 [s1-impl-thread1] INFO  server.RaftServerConfigKeys (ConfUtils.java:logGet(46)) - raft.server.log.segment.cache.size.max = 200MB (=209715200) (default)
2023-03-02 04:44:18,596 [s1-impl-thread1] INFO  server.RaftServerConfigKeys (ConfUtils.java:logGet(46)) - raft.server.log.appender.buffer.byte-limit = 4MB (=4194304) (default)
2023-03-02 04:44:18,596 [s1-impl-thread1] INFO  segmented.SegmentedRaftLogWorker (SegmentedRaftLogWorker.java:<init>(183)) - new s1@group-90C0D205C76F-SegmentedRaftLogWorker for RaftStorageImpl:Storage Directory /home/runner/work/ratis/ratis/ratis-test/target/test/data/57495553/MiniRaftClusterWithGrpc1f6093ef/s1/7cb74bf2-147c-47ee-8937-90c0d205c76f
2023-03-02 04:44:18,596 [s1-impl-thread1] INFO  server.RaftServerConfigKeys (ConfUtils.java:logGet(46)) - raft.server.log.queue.byte-limit = 64MB (=67108864) (default)
2023-03-02 04:44:18,596 [s1-impl-thread1] INFO  server.RaftServerConfigKeys (ConfUtils.java:logGet(46)) - raft.server.log.queue.element-limit = 4096 (default)
2023-03-02 04:44:18,596 [s1-impl-thread1] INFO  server.RaftServerConfigKeys (ConfUtils.java:logGet(46)) - raft.server.log.segment.size.max = 8MB (=8388608) (default)
2023-03-02 04:44:18,596 [s1-impl-thread1] INFO  server.RaftServerConfigKeys (ConfUtils.java:logGet(46)) - raft.server.log.preallocated.size = 4MB (=4194304) (default)
2023-03-02 04:44:18,596 [s1-impl-thread1] INFO  server.RaftServerConfigKeys (ConfUtils.java:logGet(46)) - raft.server.log.force.sync.num = 128 (default)
2023-03-02 04:44:18,596 [s1-impl-thread1] INFO  server.RaftServerConfigKeys (ConfUtils.java:logGet(46)) - raft.server.log.statemachine.data.sync = true (default)
2023-03-02 04:44:18,596 [s1-impl-thread1] INFO  server.RaftServerConfigKeys (ConfUtils.java:logGet(46)) - raft.server.log.statemachine.data.sync.timeout = 10s (default)
2023-03-02 04:44:18,598 [s1-impl-thread1] INFO  server.RaftServerConfigKeys (ConfUtils.java:logGet(46)) - raft.server.log.statemachine.data.sync.timeout.retry = -1 (default)
2023-03-02 04:44:18,601 [s1-impl-thread1] INFO  server.RaftServerConfigKeys (ConfUtils.java:logGet(46)) - raft.server.log.write.buffer.size = 64KB (=65536) (default)
2023-03-02 04:44:18,601 [s1-impl-thread1] INFO  server.RaftServerConfigKeys (ConfUtils.java:logGet(46)) - raft.server.log.appender.buffer.byte-limit = 4MB (=4194304) (default)
2023-03-02 04:44:18,603 [s1-impl-thread1] INFO  server.RaftServerConfigKeys (ConfUtils.java:logGet(46)) - raft.server.log.unsafe-flush.enabled = false (default)
2023-03-02 04:44:18,603 [s1-impl-thread1] INFO  server.RaftServerConfigKeys (ConfUtils.java:logGet(46)) - raft.server.log.async-flush.enabled = false (default)
2023-03-02 04:44:18,603 [s1-impl-thread1] INFO  server.RaftServerConfigKeys (ConfUtils.java:logGet(46)) - raft.server.log.statemachine.data.caching.enabled = false (default)
2023-03-02 04:44:18,603 [s1-impl-thread1] INFO  segmented.SegmentedRaftLogWorker (SegmentedRaftLogWorker.java:lambda$new$0(134)) - s1@group-90C0D205C76F-SegmentedRaftLogWorker: flushIndex: setUnconditionally 0 -> -1
2023-03-02 04:44:18,603 [s1-impl-thread1] INFO  segmented.SegmentedRaftLogWorker (SegmentedRaftLogWorker.java:lambda$new$0(134)) - s1@group-90C0D205C76F-SegmentedRaftLogWorker: safeCacheEvictIndex: setUnconditionally 0 -> -1
2023-03-02 04:44:18,603 [s1-impl-thread1] INFO  server.RaftServer$Division (RaftServerImpl.java:start(342)) - s1@group-90C0D205C76F: start as a follower, conf=-1: peers:[s0|rpc:localhost:36217|admin:localhost:39885|client:localhost:39421|dataStream:localhost:43973|priority:0|startupRole:FOLLOWER, s1|rpc:localhost:35151|admin:localhost:34843|client:localhost:45507|dataStream:localhost:35593|priority:0|startupRole:FOLLOWER, s2|rpc:localhost:46271|admin:localhost:36499|client:localhost:40381|dataStream:localhost:32969|priority:0|startupRole:FOLLOWER]|listeners:[], old=null
2023-03-02 04:44:18,604 [s1-impl-thread1] INFO  server.RaftServer$Division (RaftServerImpl.java:setRole(329)) - s1@group-90C0D205C76F: changes role from      null to FOLLOWER at term 0 for startAsFollower
2023-03-02 04:44:18,604 [s1-impl-thread1] INFO  impl.RoleInfo (RoleInfo.java:updateAndGet(139)) - s1: start s1@group-90C0D205C76F-FollowerState
2023-03-02 04:44:18,604 [s1@group-90C0D205C76F-FollowerState] INFO  server.RaftServerConfigKeys (ConfUtils.java:logFallback(53)) - raft.server.rpc.first-election.timeout.min = 150ms (fallback to raft.server.rpc.timeout.min)
2023-03-02 04:44:18,604 [s1@group-90C0D205C76F-FollowerState] INFO  server.RaftServerConfigKeys (ConfUtils.java:logFallback(53)) - raft.server.rpc.first-election.timeout.max = 300ms (fallback to raft.server.rpc.timeout.max)
2023-03-02 04:44:18,604 [s1-impl-thread1] INFO  util.JmxRegister (JmxRegister.java:tryRegister(44)) - Successfully registered JMX Bean with object name Ratis:service=RaftServer,group=group-90C0D205C76F,id=s1
2023-03-02 04:44:18,604 [s1-impl-thread1] INFO  server.RaftServerConfigKeys (ConfUtils.java:logGet(46)) - raft.server.snapshot.auto.trigger.enabled = false (default)
2023-03-02 04:44:18,604 [s1-impl-thread1] INFO  server.RaftServerConfigKeys (ConfUtils.java:logGet(46)) - raft.server.snapshot.retention.file.num = -1 (default)
2023-03-02 04:44:18,605 [s1-impl-thread1] INFO  server.RaftServerConfigKeys (ConfUtils.java:logGet(46)) - raft.server.log.purge.upto.snapshot.index = false (default)
2023-03-02 04:44:18,605 [Time-limited test] INFO  server.RaftServer (RaftServerProxy.java:startImpl(401)) - s1: start RPC server
2023-03-02 04:44:18,606 [Time-limited test] INFO  server.GrpcService (GrpcService.java:startImpl(302)) - s1: GrpcService started, listening on 45507
2023-03-02 04:44:18,607 [Time-limited test] INFO  server.GrpcService (GrpcService.java:startImpl(302)) - s1: GrpcService started, listening on 35151
2023-03-02 04:44:18,609 [Time-limited test] INFO  server.GrpcService (GrpcService.java:startImpl(302)) - s1: GrpcService started, listening on 34843
2023-03-02 04:44:18,610 [JvmPauseMonitor3] INFO  util.JvmPauseMonitor (JvmPauseMonitor.java:run(103)) - JvmPauseMonitor-s1: Started
2023-03-02 04:44:18,610 [s2-impl-thread1] INFO  server.RaftServerConfigKeys (ConfUtils.java:logGet(46)) - raft.server.storage.free-space.min = 0MB (=0) (default)
2023-03-02 04:44:18,610 [s2-impl-thread1] INFO  server.RaftServerConfigKeys (ConfUtils.java:logGet(46)) - raft.server.log.corruption.policy = EXCEPTION (default)
2023-03-02 04:44:18,610 [s2-impl-thread1] INFO  server.RaftServerConfigKeys (ConfUtils.java:logGet(46)) - raft.server.storage.dir = [/home/runner/work/ratis/ratis/ratis-test/target/test/data/57495553/MiniRaftClusterWithGrpc1f6093ef/s2] (custom)
2023-03-02 04:44:18,610 [s2-impl-thread1] INFO  storage.RaftStorageDirectory (RaftStorageDirectoryImpl.java:analyzeStorage(138)) - The storage directory /home/runner/work/ratis/ratis/ratis-test/target/test/data/57495553/MiniRaftClusterWithGrpc1f6093ef/s2/7cb74bf2-147c-47ee-8937-90c0d205c76f does not exist. Creating ...
2023-03-02 04:44:18,610 [s2-impl-thread1] TRACE util.FileUtils (LogUtils.java:runAndLog(49)) - Successfully ran Files.createDirectories /home/runner/work/ratis/ratis/ratis-test/target/test/data/57495553/MiniRaftClusterWithGrpc1f6093ef/s2/7cb74bf2-147c-47ee-8937-90c0d205c76f
2023-03-02 04:44:18,612 [s2-impl-thread1] INFO  storage.RaftStorageDirectory (RaftStorageDirectoryImpl.java:tryLock(232)) - Lock on /home/runner/work/ratis/ratis/ratis-test/target/test/data/57495553/MiniRaftClusterWithGrpc1f6093ef/s2/7cb74bf2-147c-47ee-8937-90c0d205c76f/in_use.lock acquired by nodename 15125@fv-az163-990
2023-03-02 04:44:18,612 [s2-impl-thread1] TRACE util.FileUtils (LogUtils.java:runAndLog(49)) - Successfully ran Files.createDirectories /home/runner/work/ratis/ratis/ratis-test/target/test/data/57495553/MiniRaftClusterWithGrpc1f6093ef/s2/7cb74bf2-147c-47ee-8937-90c0d205c76f/current
2023-03-02 04:44:18,612 [s2-impl-thread1] TRACE util.FileUtils (LogUtils.java:runAndLog(49)) - Successfully ran Files.createDirectories /home/runner/work/ratis/ratis/ratis-test/target/test/data/57495553/MiniRaftClusterWithGrpc1f6093ef/s2/7cb74bf2-147c-47ee-8937-90c0d205c76f/sm
2023-03-02 04:44:18,613 [s2-impl-thread1] INFO  storage.RaftStorage (RaftStorageImpl.java:format(96)) - Storage directory /home/runner/work/ratis/ratis/ratis-test/target/test/data/57495553/MiniRaftClusterWithGrpc1f6093ef/s2/7cb74bf2-147c-47ee-8937-90c0d205c76f has been successfully formatted.
2023-03-02 04:44:18,614 [s2-impl-thread1] INFO  impl.SimpleStateMachine4Testing (SimpleStateMachine4Testing.java:initialize(213)) - Initializing SimpleStateMachine4Testing:uninitialized
2023-03-02 04:44:18,614 [s2-impl-thread1] INFO  impl.SimpleStateMachine4Testing (SimpleStateMachine4Testing.java:loadSnapshot(293)) - Loading snapshot null
2023-03-02 04:44:18,614 [s2-impl-thread1] INFO  server.RaftServerConfigKeys (ConfUtils.java:logGet(46)) - raft.server.log.use.memory = false (default)
2023-03-02 04:44:18,614 [s2-impl-thread1] INFO  server.RaftServerConfigKeys (ConfUtils.java:logGet(46)) - raft.server.log.purge.gap = 1024 (default)
2023-03-02 04:44:18,614 [s2-impl-thread1] INFO  server.RaftServerConfigKeys (ConfUtils.java:logGet(46)) - raft.server.log.appender.buffer.byte-limit = 4MB (=4194304) (default)
2023-03-02 04:44:18,614 [s2-impl-thread1] INFO  server.RaftServerConfigKeys (ConfUtils.java:logGet(46)) - raft.server.log.statemachine.data.read.timeout = 1000ms (default)
2023-03-02 04:44:18,614 [s2-impl-thread1] INFO  server.RaftServerConfigKeys (ConfUtils.java:logGet(46)) - raft.server.log.purge.preservation.log.num = 0 (default)
2023-03-02 04:44:18,615 [s2-impl-thread1] INFO  server.RaftServerConfigKeys (ConfUtils.java:logGet(46)) - raft.server.log.segment.size.max = 8MB (=8388608) (default)
2023-03-02 04:44:18,616 [s2-impl-thread1] INFO  server.RaftServerConfigKeys (ConfUtils.java:logGet(46)) - raft.server.log.segment.cache.num.max = 6 (default)
2023-03-02 04:44:18,616 [s2-impl-thread1] INFO  server.RaftServerConfigKeys (ConfUtils.java:logGet(46)) - raft.server.log.segment.cache.size.max = 200MB (=209715200) (default)
2023-03-02 04:44:18,616 [s2-impl-thread1] INFO  server.RaftServerConfigKeys (ConfUtils.java:logGet(46)) - raft.server.log.appender.buffer.byte-limit = 4MB (=4194304) (default)
2023-03-02 04:44:18,616 [s2-impl-thread1] INFO  segmented.SegmentedRaftLogWorker (SegmentedRaftLogWorker.java:<init>(183)) - new s2@group-90C0D205C76F-SegmentedRaftLogWorker for RaftStorageImpl:Storage Directory /home/runner/work/ratis/ratis/ratis-test/target/test/data/57495553/MiniRaftClusterWithGrpc1f6093ef/s2/7cb74bf2-147c-47ee-8937-90c0d205c76f
2023-03-02 04:44:18,616 [s2-impl-thread1] INFO  server.RaftServerConfigKeys (ConfUtils.java:logGet(46)) - raft.server.log.queue.byte-limit = 64MB (=67108864) (default)
2023-03-02 04:44:18,616 [s2-impl-thread1] INFO  server.RaftServerConfigKeys (ConfUtils.java:logGet(46)) - raft.server.log.queue.element-limit = 4096 (default)
2023-03-02 04:44:18,616 [s2-impl-thread1] INFO  server.RaftServerConfigKeys (ConfUtils.java:logGet(46)) - raft.server.log.segment.size.max = 8MB (=8388608) (default)
2023-03-02 04:44:18,616 [s2-impl-thread1] INFO  server.RaftServerConfigKeys (ConfUtils.java:logGet(46)) - raft.server.log.preallocated.size = 4MB (=4194304) (default)
2023-03-02 04:44:18,616 [s2-impl-thread1] INFO  server.RaftServerConfigKeys (ConfUtils.java:logGet(46)) - raft.server.log.force.sync.num = 128 (default)
2023-03-02 04:44:18,616 [s2-impl-thread1] INFO  server.RaftServerConfigKeys (ConfUtils.java:logGet(46)) - raft.server.log.statemachine.data.sync = true (default)
2023-03-02 04:44:18,616 [s2-impl-thread1] INFO  server.RaftServerConfigKeys (ConfUtils.java:logGet(46)) - raft.server.log.statemachine.data.sync.timeout = 10s (default)
2023-03-02 04:44:18,616 [s2-impl-thread1] INFO  server.RaftServerConfigKeys (ConfUtils.java:logGet(46)) - raft.server.log.statemachine.data.sync.timeout.retry = -1 (default)
2023-03-02 04:44:18,616 [s2-impl-thread1] INFO  server.RaftServerConfigKeys (ConfUtils.java:logGet(46)) - raft.server.log.write.buffer.size = 64KB (=65536) (default)
2023-03-02 04:44:18,617 [s2-impl-thread1] INFO  server.RaftServerConfigKeys (ConfUtils.java:logGet(46)) - raft.server.log.appender.buffer.byte-limit = 4MB (=4194304) (default)
2023-03-02 04:44:18,619 [s2-impl-thread1] INFO  server.RaftServerConfigKeys (ConfUtils.java:logGet(46)) - raft.server.log.unsafe-flush.enabled = false (default)
2023-03-02 04:44:18,619 [s2-impl-thread1] INFO  server.RaftServerConfigKeys (ConfUtils.java:logGet(46)) - raft.server.log.async-flush.enabled = false (default)
2023-03-02 04:44:18,619 [s2-impl-thread1] INFO  server.RaftServerConfigKeys (ConfUtils.java:logGet(46)) - raft.server.log.statemachine.data.caching.enabled = false (default)
2023-03-02 04:44:18,619 [s2-impl-thread1] INFO  segmented.SegmentedRaftLogWorker (SegmentedRaftLogWorker.java:lambda$new$0(134)) - s2@group-90C0D205C76F-SegmentedRaftLogWorker: flushIndex: setUnconditionally 0 -> -1
2023-03-02 04:44:18,619 [s2-impl-thread1] INFO  segmented.SegmentedRaftLogWorker (SegmentedRaftLogWorker.java:lambda$new$0(134)) - s2@group-90C0D205C76F-SegmentedRaftLogWorker: safeCacheEvictIndex: setUnconditionally 0 -> -1
2023-03-02 04:44:18,620 [s2-impl-thread1] INFO  server.RaftServer$Division (RaftServerImpl.java:start(342)) - s2@group-90C0D205C76F: start as a follower, conf=-1: peers:[s0|rpc:localhost:36217|admin:localhost:39885|client:localhost:39421|dataStream:localhost:43973|priority:0|startupRole:FOLLOWER, s1|rpc:localhost:35151|admin:localhost:34843|client:localhost:45507|dataStream:localhost:35593|priority:0|startupRole:FOLLOWER, s2|rpc:localhost:46271|admin:localhost:36499|client:localhost:40381|dataStream:localhost:32969|priority:0|startupRole:FOLLOWER]|listeners:[], old=null
2023-03-02 04:44:18,620 [s2-impl-thread1] INFO  server.RaftServer$Division (RaftServerImpl.java:setRole(329)) - s2@group-90C0D205C76F: changes role from      null to FOLLOWER at term 0 for startAsFollower
2023-03-02 04:44:18,620 [s2-impl-thread1] INFO  impl.RoleInfo (RoleInfo.java:updateAndGet(139)) - s2: start s2@group-90C0D205C76F-FollowerState
2023-03-02 04:44:18,621 [s2-impl-thread1] INFO  util.JmxRegister (JmxRegister.java:tryRegister(44)) - Successfully registered JMX Bean with object name Ratis:service=RaftServer,group=group-90C0D205C76F,id=s2
2023-03-02 04:44:18,621 [s2-impl-thread1] INFO  server.RaftServerConfigKeys (ConfUtils.java:logGet(46)) - raft.server.snapshot.auto.trigger.enabled = false (default)
2023-03-02 04:44:18,621 [s2-impl-thread1] INFO  server.RaftServerConfigKeys (ConfUtils.java:logGet(46)) - raft.server.snapshot.retention.file.num = -1 (default)
2023-03-02 04:44:18,621 [s2-impl-thread1] INFO  server.RaftServerConfigKeys (ConfUtils.java:logGet(46)) - raft.server.log.purge.upto.snapshot.index = false (default)
2023-03-02 04:44:18,621 [s2@group-90C0D205C76F-FollowerState] INFO  server.RaftServerConfigKeys (ConfUtils.java:logFallback(53)) - raft.server.rpc.first-election.timeout.min = 150ms (fallback to raft.server.rpc.timeout.min)
2023-03-02 04:44:18,628 [Time-limited test] INFO  server.RaftServer (RaftServerProxy.java:startImpl(401)) - s2: start RPC server
2023-03-02 04:44:18,632 [Time-limited test] INFO  server.GrpcService (GrpcService.java:startImpl(302)) - s2: GrpcService started, listening on 40381
2023-03-02 04:44:18,632 [s2@group-90C0D205C76F-FollowerState] INFO  server.RaftServerConfigKeys (ConfUtils.java:logFallback(53)) - raft.server.rpc.first-election.timeout.max = 300ms (fallback to raft.server.rpc.timeout.max)
2023-03-02 04:44:18,633 [Time-limited test] INFO  server.GrpcService (GrpcService.java:startImpl(302)) - s2: GrpcService started, listening on 46271
2023-03-02 04:44:18,634 [Time-limited test] INFO  server.GrpcService (GrpcService.java:startImpl(302)) - s2: GrpcService started, listening on 36499
2023-03-02 04:44:18,634 [JvmPauseMonitor4] INFO  util.JvmPauseMonitor (JvmPauseMonitor.java:run(103)) - JvmPauseMonitor-s2: Started
2023-03-02 04:44:18,650 [null-request--thread1] INFO  server.GrpcClientProtocolService (GrpcClientProtocolService.java:lambda$processClientRequest$0(284)) - Failed RaftClientRequest:client-EE3AC89268CA->s0@group-90C0D205C76F, cid=20, seq=0, RW, Message:6d, reply=RaftClientReply:client-EE3AC89268CA->s0@group-90C0D205C76F, cid=20, FAILED org.apache.ratis.protocol.exceptions.NotLeaderException: Server s0@group-90C0D205C76F is not the leader, logIndex=0, commits[s0:c-1]
2023-03-02 04:44:18,773 [null-request--thread1] INFO  server.GrpcClientProtocolService (GrpcClientProtocolService.java:lambda$processClientRequest$0(284)) - Failed RaftClientRequest:client-EE3AC89268CA->s2@group-90C0D205C76F, cid=20, seq=0, RW, Message:6d, reply=RaftClientReply:client-EE3AC89268CA->s2@group-90C0D205C76F, cid=20, FAILED org.apache.ratis.protocol.exceptions.NotLeaderException: Server s2@group-90C0D205C76F is not the leader, logIndex=0, commits[s2:c-1]
2023-03-02 04:44:18,833 [s1@group-90C0D205C76F-FollowerState] INFO  impl.FollowerState (FollowerState.java:run(143)) - s1@group-90C0D205C76F-FollowerState: change to CANDIDATE, lastRpcElapsedTime:228881561ns, electionTimeout:228ms
2023-03-02 04:44:18,833 [s1@group-90C0D205C76F-FollowerState] INFO  impl.RoleInfo (RoleInfo.java:shutdownFollowerState(110)) - s1: shutdown s1@group-90C0D205C76F-FollowerState
2023-03-02 04:44:18,833 [s1@group-90C0D205C76F-FollowerState] INFO  server.RaftServer$Division (RaftServerImpl.java:setRole(329)) - s1@group-90C0D205C76F: changes role from  FOLLOWER to CANDIDATE at term 0 for changeToCandidate
2023-03-02 04:44:18,833 [s1@group-90C0D205C76F-FollowerState] INFO  server.RaftServerConfigKeys (ConfUtils.java:logGet(46)) - raft.server.leaderelection.pre-vote = true (default)
2023-03-02 04:44:18,833 [s1@group-90C0D205C76F-FollowerState] INFO  impl.RoleInfo (RoleInfo.java:updateAndGet(139)) - s1: start s1@group-90C0D205C76F-LeaderElection4
2023-03-02 04:44:18,839 [s1@group-90C0D205C76F-LeaderElection4] INFO  impl.LeaderElection (LeaderElection.java:askForVotes(309)) - s1@group-90C0D205C76F-LeaderElection4 PRE_VOTE round 0: submit vote requests at term 0 for -1: peers:[s0|rpc:localhost:36217|admin:localhost:39885|client:localhost:39421|dataStream:localhost:43973|priority:0|startupRole:FOLLOWER, s1|rpc:localhost:35151|admin:localhost:34843|client:localhost:45507|dataStream:localhost:35593|priority:0|startupRole:FOLLOWER, s2|rpc:localhost:46271|admin:localhost:36499|client:localhost:40381|dataStream:localhost:32969|priority:0|startupRole:FOLLOWER]|listeners:[], old=null
2023-03-02 04:44:18,840 [s1@group-90C0D205C76F-LeaderElection4-1] INFO  server.GrpcServerProtocolClient (GrpcServerProtocolClient.java:<init>(63)) - Build channel for s0
2023-03-02 04:44:18,842 [s1@group-90C0D205C76F-LeaderElection4] INFO  server.RaftServerConfigKeys (ConfUtils.java:logFallback(53)) - raft.server.rpc.first-election.timeout.min = 150ms (fallback to raft.server.rpc.timeout.min)
2023-03-02 04:44:18,845 [s1@group-90C0D205C76F-LeaderElection4] INFO  server.RaftServerConfigKeys (ConfUtils.java:logFallback(53)) - raft.server.rpc.first-election.timeout.max = 300ms (fallback to raft.server.rpc.timeout.max)
2023-03-02 04:44:18,845 [s1@group-90C0D205C76F-LeaderElection4-2] INFO  server.GrpcServerProtocolClient (GrpcServerProtocolClient.java:<init>(63)) - Build channel for s2
2023-03-02 04:44:18,850 [s2@group-90C0D205C76F-FollowerState] INFO  impl.FollowerState (FollowerState.java:run(143)) - s2@group-90C0D205C76F-FollowerState: change to CANDIDATE, lastRpcElapsedTime:229792216ns, electionTimeout:217ms
2023-03-02 04:44:18,850 [s2@group-90C0D205C76F-FollowerState] INFO  impl.RoleInfo (RoleInfo.java:shutdownFollowerState(110)) - s2: shutdown s2@group-90C0D205C76F-FollowerState
2023-03-02 04:44:18,850 [s2@group-90C0D205C76F-FollowerState] INFO  server.RaftServer$Division (RaftServerImpl.java:setRole(329)) - s2@group-90C0D205C76F: changes role from  FOLLOWER to CANDIDATE at term 0 for changeToCandidate
2023-03-02 04:44:18,852 [s0@group-90C0D205C76F-FollowerState] INFO  impl.FollowerState (FollowerState.java:run(143)) - s0@group-90C0D205C76F-FollowerState: change to CANDIDATE, lastRpcElapsedTime:270037618ns, electionTimeout:264ms
2023-03-02 04:44:18,852 [s0@group-90C0D205C76F-FollowerState] INFO  impl.RoleInfo (RoleInfo.java:shutdownFollowerState(110)) - s0: shutdown s0@group-90C0D205C76F-FollowerState
2023-03-02 04:44:18,852 [s0@group-90C0D205C76F-FollowerState] INFO  server.RaftServer$Division (RaftServerImpl.java:setRole(329)) - s0@group-90C0D205C76F: changes role from  FOLLOWER to CANDIDATE at term 0 for changeToCandidate
2023-03-02 04:44:18,852 [s0@group-90C0D205C76F-FollowerState] INFO  server.RaftServerConfigKeys (ConfUtils.java:logGet(46)) - raft.server.leaderelection.pre-vote = true (default)
2023-03-02 04:44:18,852 [s0@group-90C0D205C76F-FollowerState] INFO  impl.RoleInfo (RoleInfo.java:updateAndGet(139)) - s0: start s0@group-90C0D205C76F-LeaderElection6
2023-03-02 04:44:18,852 [s2@group-90C0D205C76F-FollowerState] INFO  server.RaftServerConfigKeys (ConfUtils.java:logGet(46)) - raft.server.leaderelection.pre-vote = true (default)
2023-03-02 04:44:18,853 [s2@group-90C0D205C76F-FollowerState] INFO  impl.RoleInfo (RoleInfo.java:updateAndGet(139)) - s2: start s2@group-90C0D205C76F-LeaderElection5
2023-03-02 04:44:18,864 [grpc-default-executor-0] INFO  server.RaftServer$Division (RaftServerImpl.java:requestVote(1302)) - s0@group-90C0D205C76F: receive requestVote(PRE_VOTE, s1, group-90C0D205C76F, 0, (t:0, i:0))
2023-03-02 04:44:18,868 [s0@group-90C0D205C76F-LeaderElection6] INFO  impl.LeaderElection (LeaderElection.java:askForVotes(309)) - s0@group-90C0D205C76F-LeaderElection6 PRE_VOTE round 0: submit vote requests at term 0 for -1: peers:[s0|rpc:localhost:36217|admin:localhost:39885|client:localhost:39421|dataStream:localhost:43973|priority:0|startupRole:FOLLOWER, s1|rpc:localhost:35151|admin:localhost:34843|client:localhost:45507|dataStream:localhost:35593|priority:0|startupRole:FOLLOWER, s2|rpc:localhost:46271|admin:localhost:36499|client:localhost:40381|dataStream:localhost:32969|priority:0|startupRole:FOLLOWER]|listeners:[], old=null
2023-03-02 04:44:18,868 [grpc-default-executor-0] INFO  impl.VoteContext (VoteContext.java:log(49)) - s0@group-90C0D205C76F-CANDIDATE: accept PRE_VOTE from s1: our priority 0 <= candidate's priority 0
2023-03-02 04:44:18,869 [grpc-default-executor-0] INFO  server.RaftServer$Division (RaftServerImpl.java:requestVote(1335)) - s0@group-90C0D205C76F replies to PRE_VOTE vote request: s1<-s0#0:OK-t0. Peer's state: s0@group-90C0D205C76F:t0, leader=null, voted=, raftlog=Memoized:s0@group-90C0D205C76F-SegmentedRaftLog:OPENED:c-1, conf=-1: peers:[s0|rpc:localhost:36217|admin:localhost:39885|client:localhost:39421|dataStream:localhost:43973|priority:0|startupRole:FOLLOWER, s1|rpc:localhost:35151|admin:localhost:34843|client:localhost:45507|dataStream:localhost:35593|priority:0|startupRole:FOLLOWER, s2|rpc:localhost:46271|admin:localhost:36499|client:localhost:40381|dataStream:localhost:32969|priority:0|startupRole:FOLLOWER]|listeners:[], old=null
2023-03-02 04:44:18,869 [s0@group-90C0D205C76F-LeaderElection6-1] INFO  server.GrpcServerProtocolClient (GrpcServerProtocolClient.java:<init>(63)) - Build channel for s1
2023-03-02 04:44:18,876 [s2@group-90C0D205C76F-LeaderElection5] INFO  impl.LeaderElection (LeaderElection.java:askForVotes(309)) - s2@group-90C0D205C76F-LeaderElection5 PRE_VOTE round 0: submit vote requests at term 0 for -1: peers:[s0|rpc:localhost:36217|admin:localhost:39885|client:localhost:39421|dataStream:localhost:43973|priority:0|startupRole:FOLLOWER, s1|rpc:localhost:35151|admin:localhost:34843|client:localhost:45507|dataStream:localhost:35593|priority:0|startupRole:FOLLOWER, s2|rpc:localhost:46271|admin:localhost:36499|client:localhost:40381|dataStream:localhost:32969|priority:0|startupRole:FOLLOWER]|listeners:[], old=null
2023-03-02 04:44:18,876 [s0@group-90C0D205C76F-LeaderElection6-2] INFO  server.GrpcServerProtocolClient (GrpcServerProtocolClient.java:<init>(63)) - Build channel for s2
2023-03-02 04:44:18,873 [s0@group-90C0D205C76F-LeaderElection6] INFO  server.RaftServerConfigKeys (ConfUtils.java:logFallback(53)) - raft.server.rpc.first-election.timeout.min = 150ms (fallback to raft.server.rpc.timeout.min)
2023-03-02 04:44:18,886 [s0@group-90C0D205C76F-LeaderElection6] INFO  server.RaftServerConfigKeys (ConfUtils.java:logFallback(53)) - raft.server.rpc.first-election.timeout.max = 300ms (fallback to raft.server.rpc.timeout.max)
2023-03-02 04:44:18,885 [s2@group-90C0D205C76F-LeaderElection5-2] INFO  server.GrpcServerProtocolClient (GrpcServerProtocolClient.java:<init>(63)) - Build channel for s1
2023-03-02 04:44:18,885 [s2@group-90C0D205C76F-LeaderElection5] INFO  server.RaftServerConfigKeys (ConfUtils.java:logFallback(53)) - raft.server.rpc.first-election.timeout.min = 150ms (fallback to raft.server.rpc.timeout.min)
2023-03-02 04:44:18,886 [s2@group-90C0D205C76F-LeaderElection5] INFO  server.RaftServerConfigKeys (ConfUtils.java:logFallback(53)) - raft.server.rpc.first-election.timeout.max = 300ms (fallback to raft.server.rpc.timeout.max)
2023-03-02 04:44:18,885 [s2@group-90C0D205C76F-LeaderElection5-1] INFO  server.GrpcServerProtocolClient (GrpcServerProtocolClient.java:<init>(63)) - Build channel for s0
2023-03-02 04:44:18,887 [s1@group-90C0D205C76F-LeaderElection4] INFO  impl.LeaderElection (LeaderElection.java:logAndReturn(89)) - s1@group-90C0D205C76F-LeaderElection4: PRE_VOTE PASSED received 1 response(s) and 0 exception(s):
2023-03-02 04:44:18,887 [s1@group-90C0D205C76F-LeaderElection4] INFO  impl.LeaderElection (LeaderElection.java:logAndReturn(93)) -   Response 0: s1<-s0#0:OK-t0
2023-03-02 04:44:18,887 [s1@group-90C0D205C76F-LeaderElection4] INFO  impl.LeaderElection (LeaderElection.java:askForVotes(311)) - s1@group-90C0D205C76F-LeaderElection4 PRE_VOTE round 0: result PASSED
2023-03-02 04:44:18,901 [s1@group-90C0D205C76F-LeaderElection4] INFO  impl.LeaderElection (LeaderElection.java:askForVotes(309)) - s1@group-90C0D205C76F-LeaderElection4 ELECTION round 0: submit vote requests at term 1 for -1: peers:[s0|rpc:localhost:36217|admin:localhost:39885|client:localhost:39421|dataStream:localhost:43973|priority:0|startupRole:FOLLOWER, s1|rpc:localhost:35151|admin:localhost:34843|client:localhost:45507|dataStream:localhost:35593|priority:0|startupRole:FOLLOWER, s2|rpc:localhost:46271|admin:localhost:36499|client:localhost:40381|dataStream:localhost:32969|priority:0|startupRole:FOLLOWER]|listeners:[], old=null
2023-03-02 04:44:18,904 [s1@group-90C0D205C76F-LeaderElection4] INFO  server.RaftServerConfigKeys (ConfUtils.java:logFallback(53)) - raft.server.rpc.first-election.timeout.min = 150ms (fallback to raft.server.rpc.timeout.min)
2023-03-02 04:44:18,904 [s1@group-90C0D205C76F-LeaderElection4] INFO  server.RaftServerConfigKeys (ConfUtils.java:logFallback(53)) - raft.server.rpc.first-election.timeout.max = 300ms (fallback to raft.server.rpc.timeout.max)
2023-03-02 04:44:18,916 [grpc-default-executor-2] INFO  server.RaftServer$Division (RaftServerImpl.java:requestVote(1302)) - s2@group-90C0D205C76F: receive requestVote(ELECTION, s1, group-90C0D205C76F, 1, (t:0, i:0))
2023-03-02 04:44:18,917 [grpc-default-executor-2] INFO  impl.VoteContext (VoteContext.java:log(49)) - s2@group-90C0D205C76F-CANDIDATE: accept ELECTION from s1: our priority 0 <= candidate's priority 0
2023-03-02 04:44:18,917 [grpc-default-executor-2] INFO  server.RaftServer$Division (RaftServerImpl.java:setRole(329)) - s2@group-90C0D205C76F: changes role from CANDIDATE to FOLLOWER at term 1 for candidate:s1
2023-03-02 04:44:18,917 [grpc-default-executor-2] INFO  impl.RoleInfo (RoleInfo.java:shutdownLeaderElection(130)) - s2: shutdown s2@group-90C0D205C76F-LeaderElection5
2023-03-02 04:44:18,917 [grpc-default-executor-2] INFO  impl.RoleInfo (RoleInfo.java:updateAndGet(139)) - s2: start s2@group-90C0D205C76F-FollowerState
2023-03-02 04:44:18,917 [grpc-default-executor-1] INFO  server.RaftServer$Division (RaftServerImpl.java:requestVote(1302)) - s1@group-90C0D205C76F: receive requestVote(PRE_VOTE, s0, group-90C0D205C76F, 0, (t:0, i:0))
2023-03-02 04:44:18,918 [grpc-default-executor-1] INFO  impl.VoteContext (VoteContext.java:log(49)) - s1@group-90C0D205C76F-CANDIDATE: accept PRE_VOTE from s0: our priority 0 <= candidate's priority 0
2023-03-02 04:44:18,918 [grpc-default-executor-1] INFO  server.RaftServer$Division (RaftServerImpl.java:requestVote(1335)) - s1@group-90C0D205C76F replies to PRE_VOTE vote request: s0<-s1#0:OK-t1. Peer's state: s1@group-90C0D205C76F:t1, leader=null, voted=s1, raftlog=Memoized:s1@group-90C0D205C76F-SegmentedRaftLog:OPENED:c-1, conf=-1: peers:[s0|rpc:localhost:36217|admin:localhost:39885|client:localhost:39421|dataStream:localhost:43973|priority:0|startupRole:FOLLOWER, s1|rpc:localhost:35151|admin:localhost:34843|client:localhost:45507|dataStream:localhost:35593|priority:0|startupRole:FOLLOWER, s2|rpc:localhost:46271|admin:localhost:36499|client:localhost:40381|dataStream:localhost:32969|priority:0|startupRole:FOLLOWER]|listeners:[], old=null
2023-03-02 04:44:18,917 [grpc-default-executor-0] INFO  server.RaftServer$Division (RaftServerImpl.java:requestVote(1302)) - s0@group-90C0D205C76F: receive requestVote(ELECTION, s1, group-90C0D205C76F, 1, (t:0, i:0))
2023-03-02 04:44:18,918 [grpc-default-executor-0] INFO  impl.VoteContext (VoteContext.java:log(49)) - s0@group-90C0D205C76F-CANDIDATE: accept ELECTION from s1: our priority 0 <= candidate's priority 0
2023-03-02 04:44:18,918 [grpc-default-executor-0] INFO  server.RaftServer$Division (RaftServerImpl.java:setRole(329)) - s0@group-90C0D205C76F: changes role from CANDIDATE to FOLLOWER at term 1 for candidate:s1
2023-03-02 04:44:18,918 [grpc-default-executor-0] INFO  impl.RoleInfo (RoleInfo.java:shutdownLeaderElection(130)) - s0: shutdown s0@group-90C0D205C76F-LeaderElection6
2023-03-02 04:44:18,919 [grpc-default-executor-0] INFO  impl.RoleInfo (RoleInfo.java:updateAndGet(139)) - s0: start s0@group-90C0D205C76F-FollowerState
2023-03-02 04:44:18,919 [grpc-default-executor-1] INFO  server.RaftServer$Division (RaftServerImpl.java:requestVote(1302)) - s2@group-90C0D205C76F: receive requestVote(PRE_VOTE, s1, group-90C0D205C76F, 0, (t:0, i:0))
2023-03-02 04:44:18,934 [s0@group-90C0D205C76F-LeaderElection6] INFO  impl.LeaderElection (LeaderElection.java:logAndReturn(89)) - s0@group-90C0D205C76F-LeaderElection6: PRE_VOTE DISCOVERED_A_NEW_TERM (term=1) received 1 response(s) and 0 exception(s):
2023-03-02 04:44:18,934 [s0@group-90C0D205C76F-LeaderElection6] INFO  impl.LeaderElection (LeaderElection.java:logAndReturn(93)) -   Response 0: s0<-s1#0:OK-t1
2023-03-02 04:44:18,935 [s0@group-90C0D205C76F-LeaderElection6] INFO  impl.LeaderElection (LeaderElection.java:askForVotes(311)) - s0@group-90C0D205C76F-LeaderElection6 PRE_VOTE round 0: result DISCOVERED_A_NEW_TERM (term=1)
2023-03-02 04:44:18,935 [grpc-default-executor-3] INFO  server.RaftServer$Division (RaftServerImpl.java:requestVote(1302)) - s1@group-90C0D205C76F: receive requestVote(PRE_VOTE, s2, group-90C0D205C76F, 0, (t:0, i:0))
2023-03-02 04:44:18,935 [grpc-default-executor-3] INFO  impl.VoteContext (VoteContext.java:log(49)) - s1@group-90C0D205C76F-CANDIDATE: accept PRE_VOTE from s2: our priority 0 <= candidate's priority 0
2023-03-02 04:44:18,935 [grpc-default-executor-3] INFO  server.RaftServer$Division (RaftServerImpl.java:requestVote(1335)) - s1@group-90C0D205C76F replies to PRE_VOTE vote request: s2<-s1#0:OK-t1. Peer's state: s1@group-90C0D205C76F:t1, leader=null, voted=s1, raftlog=Memoized:s1@group-90C0D205C76F-SegmentedRaftLog:OPENED:c-1, conf=-1: peers:[s0|rpc:localhost:36217|admin:localhost:39885|client:localhost:39421|dataStream:localhost:43973|priority:0|startupRole:FOLLOWER, s1|rpc:localhost:35151|admin:localhost:34843|client:localhost:45507|dataStream:localhost:35593|priority:0|startupRole:FOLLOWER, s2|rpc:localhost:46271|admin:localhost:36499|client:localhost:40381|dataStream:localhost:32969|priority:0|startupRole:FOLLOWER]|listeners:[], old=null
2023-03-02 04:44:18,930 [grpc-default-executor-2] INFO  server.RaftServer$Division (RaftServerImpl.java:requestVote(1335)) - s2@group-90C0D205C76F replies to ELECTION vote request: s1<-s2#0:OK-t1. Peer's state: s2@group-90C0D205C76F:t1, leader=null, voted=s1, raftlog=Memoized:s2@group-90C0D205C76F-SegmentedRaftLog:OPENED:c-1, conf=-1: peers:[s0|rpc:localhost:36217|admin:localhost:39885|client:localhost:39421|dataStream:localhost:43973|priority:0|startupRole:FOLLOWER, s1|rpc:localhost:35151|admin:localhost:34843|client:localhost:45507|dataStream:localhost:35593|priority:0|startupRole:FOLLOWER, s2|rpc:localhost:46271|admin:localhost:36499|client:localhost:40381|dataStream:localhost:32969|priority:0|startupRole:FOLLOWER]|listeners:[], old=null
2023-03-02 04:44:18,929 [s2@group-90C0D205C76F-FollowerState] INFO  server.RaftServerConfigKeys (ConfUtils.java:logFallback(53)) - raft.server.rpc.first-election.timeout.min = 150ms (fallback to raft.server.rpc.timeout.min)
2023-03-02 04:44:18,941 [s2@group-90C0D205C76F-FollowerState] INFO  server.RaftServerConfigKeys (ConfUtils.java:logFallback(53)) - raft.server.rpc.first-election.timeout.max = 300ms (fallback to raft.server.rpc.timeout.max)
2023-03-02 04:44:18,937 [s1@group-90C0D205C76F-LeaderElection4] INFO  impl.LeaderElection (LeaderElection.java:logAndReturn(89)) - s1@group-90C0D205C76F-LeaderElection4: ELECTION PASSED received 1 response(s) and 0 exception(s):
2023-03-02 04:44:18,949 [s1@group-90C0D205C76F-LeaderElection4] INFO  impl.LeaderElection (LeaderElection.java:logAndReturn(93)) -   Response 0: s1<-s2#0:OK-t1
2023-03-02 04:44:18,949 [s0@group-90C0D205C76F-FollowerState] INFO  server.RaftServerConfigKeys (ConfUtils.java:logFallback(53)) - raft.server.rpc.first-election.timeout.min = 150ms (fallback to raft.server.rpc.timeout.min)
2023-03-02 04:44:18,949 [s0@group-90C0D205C76F-FollowerState] INFO  server.RaftServerConfigKeys (ConfUtils.java:logFallback(53)) - raft.server.rpc.first-election.timeout.max = 300ms (fallback to raft.server.rpc.timeout.max)
2023-03-02 04:44:18,936 [grpc-default-executor-1] INFO  impl.VoteContext (VoteContext.java:log(49)) - s2@group-90C0D205C76F-FOLLOWER: accept PRE_VOTE from s1: our priority 0 <= candidate's priority 0
2023-03-02 04:44:18,950 [grpc-default-executor-1] INFO  server.RaftServer$Division (RaftServerImpl.java:requestVote(1335)) - s2@group-90C0D205C76F replies to PRE_VOTE vote request: s1<-s2#0:OK-t1. Peer's state: s2@group-90C0D205C76F:t1, leader=null, voted=s1, raftlog=Memoized:s2@group-90C0D205C76F-SegmentedRaftLog:OPENED:c-1, conf=-1: peers:[s0|rpc:localhost:36217|admin:localhost:39885|client:localhost:39421|dataStream:localhost:43973|priority:0|startupRole:FOLLOWER, s1|rpc:localhost:35151|admin:localhost:34843|client:localhost:45507|dataStream:localhost:35593|priority:0|startupRole:FOLLOWER, s2|rpc:localhost:46271|admin:localhost:36499|client:localhost:40381|dataStream:localhost:32969|priority:0|startupRole:FOLLOWER]|listeners:[], old=null
2023-03-02 04:44:18,950 [grpc-default-executor-0] INFO  server.RaftServer$Division (RaftServerImpl.java:requestVote(1335)) - s0@group-90C0D205C76F replies to ELECTION vote request: s1<-s0#0:OK-t1. Peer's state: s0@group-90C0D205C76F:t1, leader=null, voted=s1, raftlog=Memoized:s0@group-90C0D205C76F-SegmentedRaftLog:OPENED:c-1, conf=-1: peers:[s0|rpc:localhost:36217|admin:localhost:39885|client:localhost:39421|dataStream:localhost:43973|priority:0|startupRole:FOLLOWER, s1|rpc:localhost:35151|admin:localhost:34843|client:localhost:45507|dataStream:localhost:35593|priority:0|startupRole:FOLLOWER, s2|rpc:localhost:46271|admin:localhost:36499|client:localhost:40381|dataStream:localhost:32969|priority:0|startupRole:FOLLOWER]|listeners:[], old=null
2023-03-02 04:44:18,949 [s1@group-90C0D205C76F-LeaderElection4] INFO  impl.LeaderElection (LeaderElection.java:askForVotes(311)) - s1@group-90C0D205C76F-LeaderElection4 ELECTION round 0: result PASSED
2023-03-02 04:44:18,953 [s1@group-90C0D205C76F-LeaderElection4] INFO  impl.RoleInfo (RoleInfo.java:shutdownLeaderElection(130)) - s1: shutdown s1@group-90C0D205C76F-LeaderElection4
2023-03-02 04:44:18,953 [s1@group-90C0D205C76F-LeaderElection4] INFO  server.RaftServer$Division (RaftServerImpl.java:setRole(329)) - s1@group-90C0D205C76F: changes role from CANDIDATE to LEADER at term 1 for changeToLeader
2023-03-02 04:44:18,953 [s1@group-90C0D205C76F-LeaderElection4] INFO  server.RaftServer$Division (ServerState.java:setLeader(260)) - s1@group-90C0D205C76F: change Leader from null to s1 at term 1 for becomeLeader, leader elected after 390ms
2023-03-02 04:44:18,953 [s1@group-90C0D205C76F-LeaderElection4] INFO  server.RaftServerConfigKeys (ConfUtils.java:logGet(46)) - raft.server.staging.catchup.gap = 1000 (default)
2023-03-02 04:44:18,954 [s1@group-90C0D205C76F-LeaderElection4] INFO  server.RaftServerConfigKeys (ConfUtils.java:logGet(46)) - raft.server.write.element-limit = 4096 (default)
2023-03-02 04:44:18,954 [s1@group-90C0D205C76F-LeaderElection4] INFO  server.RaftServerConfigKeys (ConfUtils.java:logGet(46)) - raft.server.write.byte-limit = 64MB (=67108864) (default)
2023-03-02 04:44:18,954 [s1@group-90C0D205C76F-LeaderElection4] INFO  server.RaftServerConfigKeys (ConfUtils.java:logGet(46)) - raft.server.watch.timeout = 10s (default)
2023-03-02 04:44:18,954 [s1@group-90C0D205C76F-LeaderElection4] INFO  server.RaftServerConfigKeys (ConfUtils.java:logGet(46)) - raft.server.watch.timeout.denomination = 1s (default)
2023-03-02 04:44:18,954 [s1@group-90C0D205C76F-LeaderElection4] INFO  server.RaftServerConfigKeys (ConfUtils.java:logGet(46)) - raft.server.watch.element-limit = 65536 (default)
2023-03-02 04:44:18,951 [null-request--thread1] INFO  server.GrpcClientProtocolService (GrpcClientProtocolService.java:lambda$processClientRequest$0(284)) - Failed RaftClientRequest:client-EE3AC89268CA->s0@group-90C0D205C76F, cid=20, seq=0, RW, Message:6d, reply=RaftClientReply:client-EE3AC89268CA->s0@group-90C0D205C76F, cid=20, FAILED org.apache.ratis.protocol.exceptions.NotLeaderException: Server s0@group-90C0D205C76F is not the leader, logIndex=0, commits[s0:c-1]
2023-03-02 04:44:18,955 [s1@group-90C0D205C76F-LeaderElection4] INFO  server.RaftServerConfigKeys (ConfUtils.java:logGet(46)) - raft.server.write.element-limit = 4096 (default)
2023-03-02 04:44:18,955 [s1@group-90C0D205C76F-LeaderElection4] INFO  server.RaftServerConfigKeys (ConfUtils.java:logGet(46)) - raft.server.write.follower.gap.ratio.max = -1.0 (default)
2023-03-02 04:44:18,955 [s1@group-90C0D205C76F-LeaderElection4] INFO  server.RaftServerConfigKeys (ConfUtils.java:logGet(46)) - raft.server.log.appender.snapshot.chunk.size.max = 16MB (=16777216) (default)
2023-03-02 04:44:18,955 [s1@group-90C0D205C76F-LeaderElection4] INFO  server.RaftServerConfigKeys (ConfUtils.java:logGet(46)) - raft.server.log.appender.buffer.byte-limit = 4MB (=4194304) (default)
2023-03-02 04:44:18,955 [s1@group-90C0D205C76F-LeaderElection4] INFO  server.RaftServerConfigKeys (ConfUtils.java:logGet(46)) - raft.server.log.appender.buffer.element-limit = 1 (custom)
2023-03-02 04:44:18,955 [s2@group-90C0D205C76F-LeaderElection5] INFO  impl.LeaderElection (LeaderElection.java:logAndReturn(89)) - s2@group-90C0D205C76F-LeaderElection5: PRE_VOTE DISCOVERED_A_NEW_TERM (term=1) received 1 response(s) and 0 exception(s):
2023-03-02 04:44:18,956 [s2@group-90C0D205C76F-LeaderElection5] INFO  impl.LeaderElection (LeaderElection.java:logAndReturn(93)) -   Response 0: s2<-s1#0:OK-t1
2023-03-02 04:44:18,956 [s2@group-90C0D205C76F-LeaderElection5] INFO  impl.LeaderElection (LeaderElection.java:askForVotes(311)) - s2@group-90C0D205C76F-LeaderElection5 PRE_VOTE round 0: result DISCOVERED_A_NEW_TERM (term=1)
2023-03-02 04:44:18,956 [grpc-default-executor-4] INFO  server.RaftServer$Division (RaftServerImpl.java:requestVote(1302)) - s2@group-90C0D205C76F: receive requestVote(PRE_VOTE, s0, group-90C0D205C76F, 0, (t:0, i:0))
2023-03-02 04:44:18,956 [s1@group-90C0D205C76F-LeaderElection4] INFO  server.RaftServerConfigKeys (ConfUtils.java:logGet(46)) - raft.server.log.appender.wait-time.min = 10ms (default)
2023-03-02 04:44:18,956 [grpc-default-executor-4] INFO  impl.VoteContext (VoteContext.java:log(49)) - s2@group-90C0D205C76F-FOLLOWER: accept PRE_VOTE from s0: our priority 0 <= candidate's priority 0
2023-03-02 04:44:18,956 [s1@group-90C0D205C76F-LeaderElection4] INFO  grpc.GrpcConfigKeys (ConfUtils.java:logGet(46)) - raft.grpc.server.leader.outstanding.appends.max = 10 (custom)
2023-03-02 04:44:18,956 [grpc-default-executor-4] INFO  server.RaftServer$Division (RaftServerImpl.java:requestVote(1335)) - s2@group-90C0D205C76F replies to PRE_VOTE vote request: s0<-s2#0:OK-t1. Peer's state: s2@group-90C0D205C76F:t1, leader=null, voted=s1, raftlog=Memoized:s2@group-90C0D205C76F-SegmentedRaftLog:OPENED:c-1, conf=-1: peers:[s0|rpc:localhost:36217|admin:localhost:39885|client:localhost:39421|dataStream:localhost:43973|priority:0|startupRole:FOLLOWER, s1|rpc:localhost:35151|admin:localhost:34843|client:localhost:45507|dataStream:localhost:35593|priority:0|startupRole:FOLLOWER, s2|rpc:localhost:46271|admin:localhost:36499|client:localhost:40381|dataStream:localhost:32969|priority:0|startupRole:FOLLOWER]|listeners:[], old=null
2023-03-02 04:44:18,956 [s1@group-90C0D205C76F-LeaderElection4] INFO  server.RaftServerConfigKeys (ConfUtils.java:logGet(46)) - raft.server.rpc.request.timeout = 3000ms (default)
2023-03-02 04:44:18,956 [s1@group-90C0D205C76F-LeaderElection4] INFO  server.RaftServerConfigKeys (ConfUtils.java:logGet(46)) - raft.server.log.appender.install.snapshot.enabled = true (default)
2023-03-02 04:44:18,957 [s1@group-90C0D205C76F-LeaderElection4] INFO  grpc.GrpcConfigKeys (ConfUtils.java:logGet(46)) - raft.grpc.server.heartbeat.channel = true (default)
2023-03-02 04:44:18,959 [grpc-default-executor-5] INFO  server.RaftServer$Division (RaftServerImpl.java:requestVote(1302)) - s0@group-90C0D205C76F: receive requestVote(PRE_VOTE, s2, group-90C0D205C76F, 0, (t:0, i:0))
2023-03-02 04:44:18,959 [s1@group-90C0D205C76F-LeaderElection4] INFO  server.RaftServerConfigKeys (ConfUtils.java:logGet(46)) - raft.server.log.appender.snapshot.chunk.size.max = 16MB (=16777216) (default)
2023-03-02 04:44:18,964 [s1@group-90C0D205C76F-LeaderElection4] INFO  server.RaftServerConfigKeys (ConfUtils.java:logGet(46)) - raft.server.log.appender.buffer.byte-limit = 4MB (=4194304) (default)
2023-03-02 04:44:18,964 [s1@group-90C0D205C76F-LeaderElection4] INFO  server.RaftServerConfigKeys (ConfUtils.java:logGet(46)) - raft.server.log.appender.buffer.element-limit = 1 (custom)
2023-03-02 04:44:18,964 [s1@group-90C0D205C76F-LeaderElection4] INFO  server.RaftServerConfigKeys (ConfUtils.java:logGet(46)) - raft.server.log.appender.wait-time.min = 10ms (default)
2023-03-02 04:44:18,964 [s1@group-90C0D205C76F-LeaderElection4] INFO  grpc.GrpcConfigKeys (ConfUtils.java:logGet(46)) - raft.grpc.server.leader.outstanding.appends.max = 10 (custom)
2023-03-02 04:44:18,964 [s1@group-90C0D205C76F-LeaderElection4] INFO  server.RaftServerConfigKeys (ConfUtils.java:logGet(46)) - raft.server.rpc.request.timeout = 3000ms (default)
2023-03-02 04:44:18,964 [s1@group-90C0D205C76F-LeaderElection4] INFO  server.RaftServerConfigKeys (ConfUtils.java:logGet(46)) - raft.server.log.appender.install.snapshot.enabled = true (default)
2023-03-02 04:44:18,964 [s1@group-90C0D205C76F-LeaderElection4] INFO  grpc.GrpcConfigKeys (ConfUtils.java:logGet(46)) - raft.grpc.server.heartbeat.channel = true (default)
2023-03-02 04:44:18,965 [grpc-default-executor-5] INFO  impl.VoteContext (VoteContext.java:log(49)) - s0@group-90C0D205C76F-FOLLOWER: accept PRE_VOTE from s2: our priority 0 <= candidate's priority 0
2023-03-02 04:44:18,965 [grpc-default-executor-5] INFO  server.RaftServer$Division (RaftServerImpl.java:requestVote(1335)) - s0@group-90C0D205C76F replies to PRE_VOTE vote request: s2<-s0#0:OK-t1. Peer's state: s0@group-90C0D205C76F:t1, leader=null, voted=s1, raftlog=Memoized:s0@group-90C0D205C76F-SegmentedRaftLog:OPENED:c-1, conf=-1: peers:[s0|rpc:localhost:36217|admin:localhost:39885|client:localhost:39421|dataStream:localhost:43973|priority:0|startupRole:FOLLOWER, s1|rpc:localhost:35151|admin:localhost:34843|client:localhost:45507|dataStream:localhost:35593|priority:0|startupRole:FOLLOWER, s2|rpc:localhost:46271|admin:localhost:36499|client:localhost:40381|dataStream:localhost:32969|priority:0|startupRole:FOLLOWER]|listeners:[], old=null
2023-03-02 04:44:18,965 [s1@group-90C0D205C76F-LeaderElection4] INFO  impl.RoleInfo (RoleInfo.java:updateAndGet(139)) - s1: start s1@group-90C0D205C76F-LeaderStateImpl
2023-03-02 04:44:18,965 [s1@group-90C0D205C76F-LeaderElection4] INFO  segmented.SegmentedRaftLogWorker (SegmentedRaftLogWorker.java:startLogSegment(426)) - s1@group-90C0D205C76F-SegmentedRaftLogWorker: Starting segment from index:0
2023-03-02 04:44:18,975 [s1@group-90C0D205C76F-LeaderElection4] INFO  server.RaftServer$Division (ServerState.java:setRaftConf(378)) - s1@group-90C0D205C76F: set configuration 0: peers:[s0|rpc:localhost:36217|admin:localhost:39885|client:localhost:39421|dataStream:localhost:43973|priority:0|startupRole:FOLLOWER, s1|rpc:localhost:35151|admin:localhost:34843|client:localhost:45507|dataStream:localhost:35593|priority:0|startupRole:FOLLOWER, s2|rpc:localhost:46271|admin:localhost:36499|client:localhost:40381|dataStream:localhost:32969|priority:0|startupRole:FOLLOWER]|listeners:[], old=null
2023-03-02 04:44:18,978 [s1@group-90C0D205C76F-SegmentedRaftLogWorker] INFO  segmented.SegmentedRaftLogWorker (SegmentedRaftLogWorker.java:execute(630)) - s1@group-90C0D205C76F-SegmentedRaftLogWorker: created new log segment /home/runner/work/ratis/ratis/ratis-test/target/test/data/57495553/MiniRaftClusterWithGrpc1f6093ef/s1/7cb74bf2-147c-47ee-8937-90c0d205c76f/current/log_inprogress_0
2023-03-02 04:44:18,995 [s1@group-90C0D205C76F->s2-GrpcLogAppender-LogAppenderDaemon] DEBUG leader.FollowerInfo (FollowerInfoImpl.java:lambda$new$1(53)) - s1@group-90C0D205C76F->s2: nextIndex: updateIncreasingly 0 -> 1
2023-03-02 04:44:18,997 [s1@group-90C0D205C76F->s0-GrpcLogAppender-LogAppenderDaemon] DEBUG leader.FollowerInfo (FollowerInfoImpl.java:lambda$new$1(53)) - s1@group-90C0D205C76F->s0: nextIndex: updateIncreasingly 0 -> 1
2023-03-02 04:44:19,009 [s0-server-thread1] INFO  server.RaftServer$Division (ServerState.java:setLeader(260)) - s0@group-90C0D205C76F: change Leader from null to s1 at term 1 for appendEntries, leader elected after 468ms
2023-03-02 04:44:19,009 [s2-server-thread1] INFO  server.RaftServer$Division (ServerState.java:setLeader(260)) - s2@group-90C0D205C76F: change Leader from null to s1 at term 1 for appendEntries, leader elected after 432ms
2023-03-02 04:44:19,020 [s2-server-thread3] INFO  server.RaftServer$Division (ServerState.java:setRaftConf(378)) - s2@group-90C0D205C76F: set configuration 0: peers:[s0|rpc:localhost:36217|admin:localhost:39885|client:localhost:39421|dataStream:localhost:43973|priority:0|startupRole:FOLLOWER, s1|rpc:localhost:35151|admin:localhost:34843|client:localhost:45507|dataStream:localhost:35593|priority:0|startupRole:FOLLOWER, s2|rpc:localhost:46271|admin:localhost:36499|client:localhost:40381|dataStream:localhost:32969|priority:0|startupRole:FOLLOWER]|listeners:[], old=null
2023-03-02 04:44:19,021 [s2-server-thread3] INFO  segmented.SegmentedRaftLogWorker (SegmentedRaftLogWorker.java:startLogSegment(426)) - s2@group-90C0D205C76F-SegmentedRaftLogWorker: Starting segment from index:0
2023-03-02 04:44:19,021 [s0-server-thread3] INFO  server.RaftServer$Division (ServerState.java:setRaftConf(378)) - s0@group-90C0D205C76F: set configuration 0: peers:[s0|rpc:localhost:36217|admin:localhost:39885|client:localhost:39421|dataStream:localhost:43973|priority:0|startupRole:FOLLOWER, s1|rpc:localhost:35151|admin:localhost:34843|client:localhost:45507|dataStream:localhost:35593|priority:0|startupRole:FOLLOWER, s2|rpc:localhost:46271|admin:localhost:36499|client:localhost:40381|dataStream:localhost:32969|priority:0|startupRole:FOLLOWER]|listeners:[], old=null
2023-03-02 04:44:19,022 [s0-server-thread3] INFO  segmented.SegmentedRaftLogWorker (SegmentedRaftLogWorker.java:startLogSegment(426)) - s0@group-90C0D205C76F-SegmentedRaftLogWorker: Starting segment from index:0
2023-03-02 04:44:19,039 [s0@group-90C0D205C76F-SegmentedRaftLogWorker] INFO  segmented.SegmentedRaftLogWorker (SegmentedRaftLogWorker.java:execute(630)) - s0@group-90C0D205C76F-SegmentedRaftLogWorker: created new log segment /home/runner/work/ratis/ratis/ratis-test/target/test/data/57495553/MiniRaftClusterWithGrpc1f6093ef/s0/7cb74bf2-147c-47ee-8937-90c0d205c76f/current/log_inprogress_0
2023-03-02 04:44:19,044 [grpc-default-executor-0] DEBUG leader.FollowerInfo (FollowerInfoImpl.java:lambda$new$1(53)) - s1@group-90C0D205C76F->s0: matchIndex: updateToMax old=-1, new=0, updated? true
2023-03-02 04:44:19,045 [s2@group-90C0D205C76F-SegmentedRaftLogWorker] INFO  segmented.SegmentedRaftLogWorker (SegmentedRaftLogWorker.java:execute(630)) - s2@group-90C0D205C76F-SegmentedRaftLogWorker: created new log segment /home/runner/work/ratis/ratis/ratis-test/target/test/data/57495553/MiniRaftClusterWithGrpc1f6093ef/s2/7cb74bf2-147c-47ee-8937-90c0d205c76f/current/log_inprogress_0
2023-03-02 04:44:19,053 [grpc-default-executor-0] DEBUG leader.FollowerInfo (FollowerInfoImpl.java:lambda$new$1(53)) - s1@group-90C0D205C76F->s2: matchIndex: updateToMax old=-1, new=0, updated? true
2023-03-02 04:44:19,095 [s1@group-90C0D205C76F->s2-GrpcLogAppender-LogAppenderDaemon] DEBUG leader.FollowerInfo (FollowerInfoImpl.java:lambda$new$1(53)) - s1@group-90C0D205C76F->s2: nextIndex: updateIncreasingly 1 -> 2
2023-03-02 04:44:19,097 [grpc-default-executor-5] DEBUG leader.FollowerInfo (FollowerInfoImpl.java:lambda$new$1(53)) - s1@group-90C0D205C76F->s2: commitIndex: updateToMax old=-1, new=0, updated? true
2023-03-02 04:44:19,099 [grpc-default-executor-5] DEBUG leader.FollowerInfo (FollowerInfoImpl.java:lambda$new$1(53)) - s1@group-90C0D205C76F->s2: matchIndex: updateToMax old=0, new=1, updated? true
2023-03-02 04:44:19,099 [s1@group-90C0D205C76F-StateMachineUpdater] INFO  impl.SimpleStateMachine4Testing (SimpleStateMachine4Testing.java:put(205)) - s1: put 1, m -> (t:1, i:1), STATEMACHINELOGENTRY, 20@client-EE3AC89268CA
2023-03-02 04:44:19,100 [s1@group-90C0D205C76F->s2-GrpcLogAppender-LogAppenderDaemon] DEBUG leader.FollowerInfo (FollowerInfoImpl.java:lambda$new$1(53)) - s1@group-90C0D205C76F->s2: nextIndex: updateIncreasingly 2 -> 3
2023-03-02 04:44:19,102 [s1@group-90C0D205C76F->s0-GrpcLogAppender-LogAppenderDaemon] DEBUG leader.FollowerInfo (FollowerInfoImpl.java:lambda$new$1(53)) - s1@group-90C0D205C76F->s0: nextIndex: updateIncreasingly 1 -> 2
2023-03-02 04:44:19,103 [Time-limited test] INFO  server.RaftServerConfigKeys (ConfUtils.java:logGet(46)) - raft.server.rpc.timeout.max = 300ms (default)
2023-03-02 04:44:19,104 [Time-limited test] INFO  ratis.RaftTestUtil (RaftTestUtil.java:waitForLeader(100)) - printing ALL groups
  s0:  RUNNING  FOLLOWER s0@group-90C0D205C76F:t1, leader=s1, voted=s1, raftlog=Memoized:s0@group-90C0D205C76F-SegmentedRaftLog:OPENED:c-1, conf=0: peers:[s0|rpc:localhost:36217|admin:localhost:39885|client:localhost:39421|dataStream:localhost:43973|priority:0|startupRole:FOLLOWER, s1|rpc:localhost:35151|admin:localhost:34843|client:localhost:45507|dataStream:localhost:35593|priority:0|startupRole:FOLLOWER, s2|rpc:localhost:46271|admin:localhost:36499|client:localhost:40381|dataStream:localhost:32969|priority:0|startupRole:FOLLOWER]|listeners:[], old=null RUNNING
  s1:  RUNNING    LEADER s1@group-90C0D205C76F:t1, leader=s1, voted=s1, raftlog=Memoized:s1@group-90C0D205C76F-SegmentedRaftLog:OPENED:c1, conf=0: peers:[s0|rpc:localhost:36217|admin:localhost:39885|client:localhost:39421|dataStream:localhost:43973|priority:0|startupRole:FOLLOWER, s1|rpc:localhost:35151|admin:localhost:34843|client:localhost:45507|dataStream:localhost:35593|priority:0|startupRole:FOLLOWER, s2|rpc:localhost:46271|admin:localhost:36499|client:localhost:40381|dataStream:localhost:32969|priority:0|startupRole:FOLLOWER]|listeners:[], old=null RUNNING
  s2:  RUNNING  FOLLOWER s2@group-90C0D205C76F:t1, leader=s1, voted=s1, raftlog=Memoized:s2@group-90C0D205C76F-SegmentedRaftLog:OPENED:c0, conf=0: peers:[s0|rpc:localhost:36217|admin:localhost:39885|client:localhost:39421|dataStream:localhost:43973|priority:0|startupRole:FOLLOWER, s1|rpc:localhost:35151|admin:localhost:34843|client:localhost:45507|dataStream:localhost:35593|priority:0|startupRole:FOLLOWER, s2|rpc:localhost:46271|admin:localhost:36499|client:localhost:40381|dataStream:localhost:32969|priority:0|startupRole:FOLLOWER]|listeners:[], old=null RUNNING
2023-03-02 04:44:19,104 [Time-limited test] INFO  ratis.RaftTestUtil (RaftTestUtil.java:waitForLeader(119)) - printing ALL groups
  s0:  RUNNING  FOLLOWER s0@group-90C0D205C76F:t1, leader=s1, voted=s1, raftlog=Memoized:s0@group-90C0D205C76F-SegmentedRaftLog:OPENED:c-1, conf=0: peers:[s0|rpc:localhost:36217|admin:localhost:39885|client:localhost:39421|dataStream:localhost:43973|priority:0|startupRole:FOLLOWER, s1|rpc:localhost:35151|admin:localhost:34843|client:localhost:45507|dataStream:localhost:35593|priority:0|startupRole:FOLLOWER, s2|rpc:localhost:46271|admin:localhost:36499|client:localhost:40381|dataStream:localhost:32969|priority:0|startupRole:FOLLOWER]|listeners:[], old=null RUNNING
  s1:  RUNNING    LEADER s1@group-90C0D205C76F:t1, leader=s1, voted=s1, raftlog=Memoized:s1@group-90C0D205C76F-SegmentedRaftLog:OPENED:c1, conf=0: peers:[s0|rpc:localhost:36217|admin:localhost:39885|client:localhost:39421|dataStream:localhost:43973|priority:0|startupRole:FOLLOWER, s1|rpc:localhost:35151|admin:localhost:34843|client:localhost:45507|dataStream:localhost:35593|priority:0|startupRole:FOLLOWER, s2|rpc:localhost:46271|admin:localhost:36499|client:localhost:40381|dataStream:localhost:32969|priority:0|startupRole:FOLLOWER]|listeners:[], old=null RUNNING
  s2:  RUNNING  FOLLOWER s2@group-90C0D205C76F:t1, leader=s1, voted=s1, raftlog=Memoized:s2@group-90C0D205C76F-SegmentedRaftLog:OPENED:c0, conf=0: peers:[s0|rpc:localhost:36217|admin:localhost:39885|client:localhost:39421|dataStream:localhost:43973|priority:0|startupRole:FOLLOWER, s1|rpc:localhost:35151|admin:localhost:34843|client:localhost:45507|dataStream:localhost:35593|priority:0|startupRole:FOLLOWER, s2|rpc:localhost:46271|admin:localhost:36499|client:localhost:40381|dataStream:localhost:32969|priority:0|startupRole:FOLLOWER]|listeners:[], old=null RUNNING
2023-03-02 04:44:19,104 [Time-limited test] INFO  impl.SimpleStateMachine4Testing (SimpleStateMachine4Testing.java:block(135)) - block WRITE_STATE_MACHINE_DATA
2023-03-02 04:44:19,105 [Time-limited test] INFO  impl.SimpleStateMachine4Testing (SimpleStateMachine4Testing.java:block(135)) - block WRITE_STATE_MACHINE_DATA
2023-03-02 04:44:19,109 [s2@group-90C0D205C76F-StateMachineUpdater] INFO  impl.SimpleStateMachine4Testing (SimpleStateMachine4Testing.java:put(205)) - s2: put 1, m -> (t:1, i:1), STATEMACHINELOGENTRY, 20@client-EE3AC89268CA
2023-03-02 04:44:19,110 [grpc-default-executor-5] DEBUG leader.FollowerInfo (FollowerInfoImpl.java:lambda$new$1(53)) - s1@group-90C0D205C76F->s2: commitIndex: updateToMax old=0, new=1, updated? true
2023-03-02 04:44:19,110 [grpc-default-executor-5] DEBUG leader.FollowerInfo (FollowerInfoImpl.java:lambda$new$1(53)) - s1@group-90C0D205C76F->s2: matchIndex: updateToMax old=1, new=2, updated? true
2023-03-02 04:44:19,128 [grpc-default-executor-5] DEBUG leader.FollowerInfo (FollowerInfoImpl.java:lambda$new$1(53)) - s1@group-90C0D205C76F->s0: commitIndex: updateToMax old=-1, new=0, updated? true
2023-03-02 04:44:19,128 [s1@group-90C0D205C76F->s0-GrpcLogAppender-LogAppenderDaemon] DEBUG leader.FollowerInfo (FollowerInfoImpl.java:lambda$new$1(53)) - s1@group-90C0D205C76F->s0: nextIndex: updateIncreasingly 2 -> 3
2023-03-02 04:44:19,138 [s1@group-90C0D205C76F->s0-GrpcLogAppender-LogAppenderDaemon] DEBUG leader.FollowerInfo (FollowerInfoImpl.java:lambda$new$1(53)) - s1@group-90C0D205C76F->s0: nextIndex: updateIncreasingly 3 -> 4
2023-03-02 04:44:19,138 [s1@group-90C0D205C76F->s2-GrpcLogAppender-LogAppenderDaemon] DEBUG leader.FollowerInfo (FollowerInfoImpl.java:lambda$new$1(53)) - s1@group-90C0D205C76F->s2: nextIndex: updateIncreasingly 3 -> 4
2023-03-02 04:44:19,163 [s1@group-90C0D205C76F->s2-GrpcLogAppender-LogAppenderDaemon] DEBUG leader.FollowerInfo (FollowerInfoImpl.java:lambda$new$1(53)) - s1@group-90C0D205C76F->s2: nextIndex: updateIncreasingly 4 -> 5
2023-03-02 04:44:19,164 [s1@group-90C0D205C76F->s2-GrpcLogAppender-LogAppenderDaemon] DEBUG leader.FollowerInfo (FollowerInfoImpl.java:lambda$new$1(53)) - s1@group-90C0D205C76F->s2: nextIndex: updateIncreasingly 5 -> 6
2023-03-02 04:44:19,164 [s1@group-90C0D205C76F->s0-GrpcLogAppender-LogAppenderDaemon] DEBUG leader.FollowerInfo (FollowerInfoImpl.java:lambda$new$1(53)) - s1@group-90C0D205C76F->s0: nextIndex: updateIncreasingly 4 -> 5
2023-03-02 04:44:19,166 [Time-limited test] WARN  grpc.TestLogAppenderWithGrpc (JavaUtils.java:attempt(217)) - FAILED "matching nextIndex", attempt #1/5: java.lang.AssertionError: expected:<13> but was:<5>, sleep 1s and then retry.
java.lang.AssertionError: expected:<13> but was:<5>
	at org.junit.Assert.fail(Assert.java:89)
	at org.junit.Assert.failNotEquals(Assert.java:835)
	at org.junit.Assert.assertEquals(Assert.java:647)
	at org.junit.Assert.assertEquals(Assert.java:633)
	at org.apache.ratis.grpc.TestLogAppenderWithGrpc.lambda$testPendingLimits$0(TestLogAppenderWithGrpc.java:95)
	at org.apache.ratis.util.function.CheckedRunnable.lambda$asCheckedSupplier$0(CheckedRunnable.java:32)
	at org.apache.ratis.util.JavaUtils.attempt(JavaUtils.java:211)
	at org.apache.ratis.util.JavaUtils.attemptRepeatedly(JavaUtils.java:197)
	at org.apache.ratis.util.JavaUtils.attempt(JavaUtils.java:231)
	at org.apache.ratis.grpc.TestLogAppenderWithGrpc.testPendingLimits(TestLogAppenderWithGrpc.java:92)
	at java.base/jdk.internal.reflect.NativeMethodAccessorImpl.invoke0(Native Method)
	at java.base/jdk.internal.reflect.NativeMethodAccessorImpl.invoke(NativeMethodAccessorImpl.java:62)
	at java.base/jdk.internal.reflect.DelegatingMethodAccessorImpl.invoke(DelegatingMethodAccessorImpl.java:43)
	at java.base/java.lang.reflect.Method.invoke(Method.java:566)
	at org.junit.runners.model.FrameworkMethod$1.runReflectiveCall(FrameworkMethod.java:59)
	at org.junit.internal.runners.model.ReflectiveCallable.run(ReflectiveCallable.java:12)
	at org.junit.runners.model.FrameworkMethod.invokeExplosively(FrameworkMethod.java:56)
	at org.junit.internal.runners.statements.InvokeMethod.evaluate(InvokeMethod.java:17)
	at org.junit.internal.runners.statements.RunAfters.evaluate(RunAfters.java:27)
	at org.junit.internal.runners.statements.FailOnTimeout$CallableStatement.call(FailOnTimeout.java:299)
	at org.junit.internal.runners.statements.FailOnTimeout$CallableStatement.call(FailOnTimeout.java:293)
	at java.base/java.util.concurrent.FutureTask.run(FutureTask.java:264)
	at java.base/java.lang.Thread.run(Thread.java:829)
2023-03-02 04:44:19,173 [s1@group-90C0D205C76F->s0-GrpcLogAppender-LogAppenderDaemon] DEBUG leader.FollowerInfo (FollowerInfoImpl.java:lambda$new$1(53)) - s1@group-90C0D205C76F->s0: nextIndex: updateIncreasingly 5 -> 6
2023-03-02 04:44:19,176 [s1@group-90C0D205C76F->s2-GrpcLogAppender-LogAppenderDaemon] DEBUG leader.FollowerInfo (FollowerInfoImpl.java:lambda$new$1(53)) - s1@group-90C0D205C76F->s2: nextIndex: updateIncreasingly 6 -> 7
2023-03-02 04:44:19,187 [s1@group-90C0D205C76F->s0-GrpcLogAppender-LogAppenderDaemon] DEBUG leader.FollowerInfo (FollowerInfoImpl.java:lambda$new$1(53)) - s1@group-90C0D205C76F->s0: nextIndex: updateIncreasingly 6 -> 7
2023-03-02 04:44:19,199 [s1@group-90C0D205C76F->s2-GrpcLogAppender-LogAppenderDaemon] DEBUG leader.FollowerInfo (FollowerInfoImpl.java:lambda$new$1(53)) - s1@group-90C0D205C76F->s2: nextIndex: updateIncreasingly 7 -> 8
2023-03-02 04:44:19,210 [s1@group-90C0D205C76F->s0-GrpcLogAppender-LogAppenderDaemon] DEBUG leader.FollowerInfo (FollowerInfoImpl.java:lambda$new$1(53)) - s1@group-90C0D205C76F->s0: nextIndex: updateIncreasingly 7 -> 8
2023-03-02 04:44:19,219 [s1@group-90C0D205C76F->s2-GrpcLogAppender-LogAppenderDaemon] DEBUG leader.FollowerInfo (FollowerInfoImpl.java:lambda$new$1(53)) - s1@group-90C0D205C76F->s2: nextIndex: updateIncreasingly 8 -> 9
2023-03-02 04:44:19,228 [s1@group-90C0D205C76F->s0-GrpcLogAppender-LogAppenderDaemon] DEBUG leader.FollowerInfo (FollowerInfoImpl.java:lambda$new$1(53)) - s1@group-90C0D205C76F->s0: nextIndex: updateIncreasingly 8 -> 9
2023-03-02 04:44:19,230 [s1@group-90C0D205C76F->s2-GrpcLogAppender-LogAppenderDaemon] DEBUG leader.FollowerInfo (FollowerInfoImpl.java:lambda$new$1(53)) - s1@group-90C0D205C76F->s2: nextIndex: updateIncreasingly 9 -> 10
2023-03-02 04:44:19,239 [s1@group-90C0D205C76F->s0-GrpcLogAppender-LogAppenderDaemon] DEBUG leader.FollowerInfo (FollowerInfoImpl.java:lambda$new$1(53)) - s1@group-90C0D205C76F->s0: nextIndex: updateIncreasingly 9 -> 10
2023-03-02 04:44:19,240 [s1@group-90C0D205C76F->s2-GrpcLogAppender-LogAppenderDaemon] DEBUG leader.FollowerInfo (FollowerInfoImpl.java:lambda$new$1(53)) - s1@group-90C0D205C76F->s2: nextIndex: updateIncreasingly 10 -> 11
2023-03-02 04:44:19,249 [s1@group-90C0D205C76F->s0-GrpcLogAppender-LogAppenderDaemon] DEBUG leader.FollowerInfo (FollowerInfoImpl.java:lambda$new$1(53)) - s1@group-90C0D205C76F->s0: nextIndex: updateIncreasingly 10 -> 11
2023-03-02 04:44:19,251 [s1@group-90C0D205C76F->s2-GrpcLogAppender-LogAppenderDaemon] DEBUG leader.FollowerInfo (FollowerInfoImpl.java:lambda$new$1(53)) - s1@group-90C0D205C76F->s2: nextIndex: updateIncreasingly 11 -> 12
2023-03-02 04:44:19,261 [s1@group-90C0D205C76F->s2-GrpcLogAppender-LogAppenderDaemon] DEBUG leader.FollowerInfo (FollowerInfoImpl.java:lambda$new$1(53)) - s1@group-90C0D205C76F->s2: nextIndex: updateIncreasingly 12 -> 13
2023-03-02 04:44:20,172 [Time-limited test] WARN  grpc.TestLogAppenderWithGrpc (JavaUtils.java:attempt(217)) - FAILED "matching nextIndex", attempt #2/5: java.lang.AssertionError: expected:<13> but was:<11>, sleep 1s and then retry.
java.lang.AssertionError: expected:<13> but was:<11>
	at org.junit.Assert.fail(Assert.java:89)
	at org.junit.Assert.failNotEquals(Assert.java:835)
	at org.junit.Assert.assertEquals(Assert.java:647)
	at org.junit.Assert.assertEquals(Assert.java:633)
	at org.apache.ratis.grpc.TestLogAppenderWithGrpc.lambda$testPendingLimits$0(TestLogAppenderWithGrpc.java:95)
	at org.apache.ratis.util.function.CheckedRunnable.lambda$asCheckedSupplier$0(CheckedRunnable.java:32)
	at org.apache.ratis.util.JavaUtils.attempt(JavaUtils.java:211)
	at org.apache.ratis.util.JavaUtils.attemptRepeatedly(JavaUtils.java:197)
	at org.apache.ratis.util.JavaUtils.attempt(JavaUtils.java:231)
	at org.apache.ratis.grpc.TestLogAppenderWithGrpc.testPendingLimits(TestLogAppenderWithGrpc.java:92)
	at java.base/jdk.internal.reflect.NativeMethodAccessorImpl.invoke0(Native Method)
	at java.base/jdk.internal.reflect.NativeMethodAccessorImpl.invoke(NativeMethodAccessorImpl.java:62)
	at java.base/jdk.internal.reflect.DelegatingMethodAccessorImpl.invoke(DelegatingMethodAccessorImpl.java:43)
	at java.base/java.lang.reflect.Method.invoke(Method.java:566)
	at org.junit.runners.model.FrameworkMethod$1.runReflectiveCall(FrameworkMethod.java:59)
	at org.junit.internal.runners.model.ReflectiveCallable.run(ReflectiveCallable.java:12)
	at org.junit.runners.model.FrameworkMethod.invokeExplosively(FrameworkMethod.java:56)
	at org.junit.internal.runners.statements.InvokeMethod.evaluate(InvokeMethod.java:17)
	at org.junit.internal.runners.statements.RunAfters.evaluate(RunAfters.java:27)
	at org.junit.internal.runners.statements.FailOnTimeout$CallableStatement.call(FailOnTimeout.java:299)
	at org.junit.internal.runners.statements.FailOnTimeout$CallableStatement.call(FailOnTimeout.java:293)
	at java.base/java.util.concurrent.FutureTask.run(FutureTask.java:264)
	at java.base/java.lang.Thread.run(Thread.java:829)
2023-03-02 04:44:21,172 [Time-limited test] WARN  grpc.TestLogAppenderWithGrpc (JavaUtils.java:attempt(217)) - FAILED "matching nextIndex", attempt #3/5: java.lang.AssertionError: expected:<13> but was:<11>, sleep 1s and then retry.
java.lang.AssertionError: expected:<13> but was:<11>
	at org.junit.Assert.fail(Assert.java:89)
	at org.junit.Assert.failNotEquals(Assert.java:835)
	at org.junit.Assert.assertEquals(Assert.java:647)
	at org.junit.Assert.assertEquals(Assert.java:633)
	at org.apache.ratis.grpc.TestLogAppenderWithGrpc.lambda$testPendingLimits$0(TestLogAppenderWithGrpc.java:95)
	at org.apache.ratis.util.function.CheckedRunnable.lambda$asCheckedSupplier$0(CheckedRunnable.java:32)
	at org.apache.ratis.util.JavaUtils.attempt(JavaUtils.java:211)
	at org.apache.ratis.util.JavaUtils.attemptRepeatedly(JavaUtils.java:197)
	at org.apache.ratis.util.JavaUtils.attempt(JavaUtils.java:231)
	at org.apache.ratis.grpc.TestLogAppenderWithGrpc.testPendingLimits(TestLogAppenderWithGrpc.java:92)
	at java.base/jdk.internal.reflect.NativeMethodAccessorImpl.invoke0(Native Method)
	at java.base/jdk.internal.reflect.NativeMethodAccessorImpl.invoke(NativeMethodAccessorImpl.java:62)
	at java.base/jdk.internal.reflect.DelegatingMethodAccessorImpl.invoke(DelegatingMethodAccessorImpl.java:43)
	at java.base/java.lang.reflect.Method.invoke(Method.java:566)
	at org.junit.runners.model.FrameworkMethod$1.runReflectiveCall(FrameworkMethod.java:59)
	at org.junit.internal.runners.model.ReflectiveCallable.run(ReflectiveCallable.java:12)
	at org.junit.runners.model.FrameworkMethod.invokeExplosively(FrameworkMethod.java:56)
	at org.junit.internal.runners.statements.InvokeMethod.evaluate(InvokeMethod.java:17)
	at org.junit.internal.runners.statements.RunAfters.evaluate(RunAfters.java:27)
	at org.junit.internal.runners.statements.FailOnTimeout$CallableStatement.call(FailOnTimeout.java:299)
	at org.junit.internal.runners.statements.FailOnTimeout$CallableStatement.call(FailOnTimeout.java:293)
	at java.base/java.util.concurrent.FutureTask.run(FutureTask.java:264)
	at java.base/java.lang.Thread.run(Thread.java:829)
2023-03-02 04:44:22,113 [timer2] WARN  server.GrpcLogAppender (GrpcLogAppender.java:timeoutAppendRequest(311)) - s1@group-90C0D205C76F->s0-GrpcLogAppender:  appendEntries Timeout, request=AppendEntriesRequest:cid=924,entriesCount=1,lastEntry=(t:1, i:1)
2023-03-02 04:44:22,136 [timer5] WARN  server.GrpcLogAppender (GrpcLogAppender.java:timeoutAppendRequest(311)) - s1@group-90C0D205C76F->s0-GrpcLogAppender:  appendEntries Timeout, request=AppendEntriesRequest:cid=926,entriesCount=1,lastEntry=(t:1, i:2)
2023-03-02 04:44:22,141 [timer7] WARN  server.GrpcLogAppender (GrpcLogAppender.java:timeoutAppendRequest(311)) - s1@group-90C0D205C76F->s2-GrpcLogAppender:  appendEntries Timeout, request=AppendEntriesRequest:cid=1545,entriesCount=1,lastEntry=(t:1, i:3)
2023-03-02 04:44:22,161 [timer3] WARN  server.GrpcLogAppender (GrpcLogAppender.java:timeoutAppendRequest(311)) - s1@group-90C0D205C76F->s0-GrpcLogAppender:  appendEntries Timeout, request=AppendEntriesRequest:cid=927,entriesCount=1,lastEntry=(t:1, i:3)
2023-03-02 04:44:22,164 [timer4] WARN  server.GrpcLogAppender (GrpcLogAppender.java:timeoutAppendRequest(311)) - s1@group-90C0D205C76F->s2-GrpcLogAppender:  appendEntries Timeout, request=AppendEntriesRequest:cid=1546,entriesCount=1,lastEntry=(t:1, i:4)
2023-03-02 04:44:22,172 [timer5] WARN  server.GrpcLogAppender (GrpcLogAppender.java:timeoutAppendRequest(311)) - s1@group-90C0D205C76F->s0-GrpcLogAppender:  appendEntries Timeout, request=AppendEntriesRequest:cid=928,entriesCount=1,lastEntry=(t:1, i:4)
2023-03-02 04:44:22,173 [Time-limited test] WARN  grpc.TestLogAppenderWithGrpc (JavaUtils.java:attempt(217)) - FAILED "matching nextIndex", attempt #4/5: java.lang.AssertionError: expected:<13> but was:<11>, sleep 1s and then retry.
java.lang.AssertionError: expected:<13> but was:<11>
	at org.junit.Assert.fail(Assert.java:89)
	at org.junit.Assert.failNotEquals(Assert.java:835)
	at org.junit.Assert.assertEquals(Assert.java:647)
	at org.junit.Assert.assertEquals(Assert.java:633)
	at org.apache.ratis.grpc.TestLogAppenderWithGrpc.lambda$testPendingLimits$0(TestLogAppenderWithGrpc.java:95)
	at org.apache.ratis.util.function.CheckedRunnable.lambda$asCheckedSupplier$0(CheckedRunnable.java:32)
	at org.apache.ratis.util.JavaUtils.attempt(JavaUtils.java:211)
	at org.apache.ratis.util.JavaUtils.attemptRepeatedly(JavaUtils.java:197)
	at org.apache.ratis.util.JavaUtils.attempt(JavaUtils.java:231)
	at org.apache.ratis.grpc.TestLogAppenderWithGrpc.testPendingLimits(TestLogAppenderWithGrpc.java:92)
	at java.base/jdk.internal.reflect.NativeMethodAccessorImpl.invoke0(Native Method)
	at java.base/jdk.internal.reflect.NativeMethodAccessorImpl.invoke(NativeMethodAccessorImpl.java:62)
	at java.base/jdk.internal.reflect.DelegatingMethodAccessorImpl.invoke(DelegatingMethodAccessorImpl.java:43)
	at java.base/java.lang.reflect.Method.invoke(Method.java:566)
	at org.junit.runners.model.FrameworkMethod$1.runReflectiveCall(FrameworkMethod.java:59)
	at org.junit.internal.runners.model.ReflectiveCallable.run(ReflectiveCallable.java:12)
	at org.junit.runners.model.FrameworkMethod.invokeExplosively(FrameworkMethod.java:56)
	at org.junit.internal.runners.statements.InvokeMethod.evaluate(InvokeMethod.java:17)
	at org.junit.internal.runners.statements.RunAfters.evaluate(RunAfters.java:27)
	at org.junit.internal.runners.statements.FailOnTimeout$CallableStatement.call(FailOnTimeout.java:299)
	at org.junit.internal.runners.statements.FailOnTimeout$CallableStatement.call(FailOnTimeout.java:293)
	at java.base/java.util.concurrent.FutureTask.run(FutureTask.java:264)
	at java.base/java.lang.Thread.run(Thread.java:829)
2023-03-02 04:44:22,186 [timer7] WARN  server.GrpcLogAppender (GrpcLogAppender.java:timeoutAppendRequest(311)) - s1@group-90C0D205C76F->s2-GrpcLogAppender:  appendEntries Timeout, request=AppendEntriesRequest:cid=1548,entriesCount=1,lastEntry=(t:1, i:6)
2023-03-02 04:44:22,186 [timer0] WARN  server.GrpcLogAppender (GrpcLogAppender.java:timeoutAppendRequest(311)) - s1@group-90C0D205C76F->s0-GrpcLogAppender:  appendEntries Timeout, request=AppendEntriesRequest:cid=929,entriesCount=1,lastEntry=(t:1, i:5)
2023-03-02 04:44:22,197 [timer1] WARN  server.GrpcLogAppender (GrpcLogAppender.java:timeoutAppendRequest(311)) - s1@group-90C0D205C76F->s0-GrpcLogAppender:  appendEntries Timeout, request=AppendEntriesRequest:cid=930,entriesCount=1,lastEntry=(t:1, i:6)
2023-03-02 04:44:22,209 [timer4] WARN  server.GrpcLogAppender (GrpcLogAppender.java:timeoutAppendRequest(311)) - s1@group-90C0D205C76F->s2-GrpcLogAppender:  appendEntries Timeout, request=AppendEntriesRequest:cid=1550,entriesCount=1,lastEntry=(t:1, i:7)
2023-03-02 04:44:22,218 [timer5] WARN  server.GrpcLogAppender (GrpcLogAppender.java:timeoutAppendRequest(311)) - s1@group-90C0D205C76F->s0-GrpcLogAppender:  appendEntries Timeout, request=AppendEntriesRequest:cid=932,entriesCount=1,lastEntry=(t:1, i:7)
2023-03-02 04:44:22,229 [timer7] WARN  server.GrpcLogAppender (GrpcLogAppender.java:timeoutAppendRequest(311)) - s1@group-90C0D205C76F->s0-GrpcLogAppender:  appendEntries Timeout, request=AppendEntriesRequest:cid=933,entriesCount=1,lastEntry=(t:1, i:8)
2023-03-02 04:44:22,230 [timer0] WARN  server.GrpcLogAppender (GrpcLogAppender.java:timeoutAppendRequest(311)) - s1@group-90C0D205C76F->s2-GrpcLogAppender:  appendEntries Timeout, request=AppendEntriesRequest:cid=1552,entriesCount=1,lastEntry=(t:1, i:9)
2023-03-02 04:44:22,239 [timer1] WARN  server.GrpcLogAppender (GrpcLogAppender.java:timeoutAppendRequest(311)) - s1@group-90C0D205C76F->s0-GrpcLogAppender:  appendEntries Timeout, request=AppendEntriesRequest:cid=934,entriesCount=1,lastEntry=(t:1, i:9)
2023-03-02 04:44:22,240 [timer2] WARN  server.GrpcLogAppender (GrpcLogAppender.java:timeoutAppendRequest(311)) - s1@group-90C0D205C76F->s2-GrpcLogAppender:  appendEntries Timeout, request=AppendEntriesRequest:cid=1553,entriesCount=1,lastEntry=(t:1, i:10)
2023-03-02 04:44:22,250 [timer3] WARN  server.GrpcLogAppender (GrpcLogAppender.java:timeoutAppendRequest(311)) - s1@group-90C0D205C76F->s0-GrpcLogAppender:  appendEntries Timeout, request=AppendEntriesRequest:cid=935,entriesCount=1,lastEntry=(t:1, i:10)
2023-03-02 04:44:22,251 [timer4] WARN  server.GrpcLogAppender (GrpcLogAppender.java:timeoutAppendRequest(311)) - s1@group-90C0D205C76F->s2-GrpcLogAppender:  appendEntries Timeout, request=AppendEntriesRequest:cid=1554,entriesCount=1,lastEntry=(t:1, i:11)
2023-03-02 04:44:22,261 [timer5] WARN  server.GrpcLogAppender (GrpcLogAppender.java:timeoutAppendRequest(311)) - s1@group-90C0D205C76F->s2-GrpcLogAppender:  appendEntries Timeout, request=AppendEntriesRequest:cid=1555,entriesCount=1,lastEntry=(t:1, i:12)
]]></system-out>
  </testcase>
  <testcase name="testSingleElementBuffer[0]" classname="org.apache.ratis.grpc.TestLogAppenderWithGrpc" time="8.079"/>
  <testcase name="testFollowerHeartbeatMetric[0]" classname="org.apache.ratis.grpc.TestLogAppenderWithGrpc" time="0.771"/>
  <testcase name="testUnlimitedElementBuffer[0]" classname="org.apache.ratis.grpc.TestLogAppenderWithGrpc" time="3.882"/>
  <testcase name="testRestartLogAppender[1]" classname="org.apache.ratis.grpc.TestLogAppenderWithGrpc" time="2.029"/>
  <testcase name="testPendingLimits[1]" classname="org.apache.ratis.grpc.TestLogAppenderWithGrpc" time="4.576">
    <failure message="expected:&lt;13&gt; but was:&lt;11&gt;" type="java.lang.AssertionError"><![CDATA[java.lang.AssertionError: expected:<13> but was:<11>
	at org.junit.Assert.fail(Assert.java:89)
	at org.junit.Assert.failNotEquals(Assert.java:835)
	at org.junit.Assert.assertEquals(Assert.java:647)
	at org.junit.Assert.assertEquals(Assert.java:633)
	at org.apache.ratis.grpc.TestLogAppenderWithGrpc.lambda$testPendingLimits$0(TestLogAppenderWithGrpc.java:95)
	at org.apache.ratis.util.function.CheckedRunnable.lambda$asCheckedSupplier$0(CheckedRunnable.java:32)
	at org.apache.ratis.util.JavaUtils.attempt(JavaUtils.java:211)
	at org.apache.ratis.util.JavaUtils.attemptRepeatedly(JavaUtils.java:197)
	at org.apache.ratis.util.JavaUtils.attempt(JavaUtils.java:231)
	at org.apache.ratis.grpc.TestLogAppenderWithGrpc.testPendingLimits(TestLogAppenderWithGrpc.java:92)
	at java.base/jdk.internal.reflect.NativeMethodAccessorImpl.invoke0(Native Method)
	at java.base/jdk.internal.reflect.NativeMethodAccessorImpl.invoke(NativeMethodAccessorImpl.java:62)
	at java.base/jdk.internal.reflect.DelegatingMethodAccessorImpl.invoke(DelegatingMethodAccessorImpl.java:43)
	at java.base/java.lang.reflect.Method.invoke(Method.java:566)
	at org.junit.runners.model.FrameworkMethod$1.runReflectiveCall(FrameworkMethod.java:59)
	at org.junit.internal.runners.model.ReflectiveCallable.run(ReflectiveCallable.java:12)
	at org.junit.runners.model.FrameworkMethod.invokeExplosively(FrameworkMethod.java:56)
	at org.junit.internal.runners.statements.InvokeMethod.evaluate(InvokeMethod.java:17)
	at org.junit.internal.runners.statements.RunAfters.evaluate(RunAfters.java:27)
	at org.junit.internal.runners.statements.FailOnTimeout$CallableStatement.call(FailOnTimeout.java:299)
	at org.junit.internal.runners.statements.FailOnTimeout$CallableStatement.call(FailOnTimeout.java:293)
	at java.base/java.util.concurrent.FutureTask.run(FutureTask.java:264)
	at java.base/java.lang.Thread.run(Thread.java:829)
]]></failure>
    <system-out><![CDATA[2023-03-02 04:44:37,946 [main] INFO  util.LogUtils (Slf4jUtils.java:setLogLevel(38)) - Successfully set org.apache.ratis.conf.ConfUtils log level to WARN
2023-03-02 04:44:37,946 [main] INFO  util.LogUtils (Slf4jUtils.java:setLogLevel(38)) - Successfully set org.apache.ratis.util.FileUtils log level to TRACE
2023-03-02 04:44:37,946 [main] INFO  util.LogUtils (Slf4jUtils.java:setLogLevel(38)) - Successfully set org.apache.ratis.server.leader.LogAppender log level to DEBUG
2023-03-02 04:44:37,946 [main] INFO  util.LogUtils (Slf4jUtils.java:setLogLevel(38)) - Successfully set org.apache.ratis.server.leader.FollowerInfo log level to DEBUG
2023-03-02 04:44:37,948 [Time-limited test] INFO  impl.MiniRaftCluster (MiniRaftCluster.java:<init>(306)) - new MiniRaftClusterWithGrpc with group-772B8532511D:[s0|rpc:localhost:34267|admin:localhost:32949|client:localhost:35923|dataStream:localhost:46235|priority:0|startupRole:FOLLOWER, s1|rpc:localhost:37243|admin:localhost:44551|client:localhost:33805|dataStream:localhost:37499|priority:0|startupRole:FOLLOWER, s2|rpc:localhost:42943|admin:localhost:33533|client:localhost:39405|dataStream:localhost:42543|priority:0|startupRole:FOLLOWER]
2023-03-02 04:44:37,948 [Time-limited test] INFO  impl.MiniRaftCluster (MiniRaftCluster.java:start(339)) - .............................................................. 
2023-03-02 04:44:37,948 [Time-limited test] INFO  impl.MiniRaftCluster (MiniRaftCluster.java:start(340)) - ... 
2023-03-02 04:44:37,949 [Time-limited test] INFO  impl.MiniRaftCluster (MiniRaftCluster.java:start(341)) - ...     Starting MiniRaftClusterWithGrpc
2023-03-02 04:44:37,949 [Time-limited test] INFO  impl.MiniRaftCluster (MiniRaftCluster.java:start(342)) - ... 
2023-03-02 04:44:37,949 [Time-limited test] INFO  impl.MiniRaftCluster (MiniRaftCluster.java:start(343)) - .............................................................. 
2023-03-02 04:44:37,949 [Time-limited test] INFO  impl.MiniRaftCluster (MiniRaftCluster.java:initServers(318)) - servers = {}
2023-03-02 04:44:37,949 [Time-limited test] INFO  impl.MiniRaftCluster (MiniRaftCluster.java:newRaftServer(382)) - newRaftServer: s0, group-772B8532511D:[s0|rpc:localhost:34267|admin:localhost:32949|client:localhost:35923|dataStream:localhost:46235|priority:0|startupRole:FOLLOWER, s1|rpc:localhost:37243|admin:localhost:44551|client:localhost:33805|dataStream:localhost:37499|priority:0|startupRole:FOLLOWER, s2|rpc:localhost:42943|admin:localhost:33533|client:localhost:39405|dataStream:localhost:42543|priority:0|startupRole:FOLLOWER], format? true
2023-03-02 04:44:37,949 [Time-limited test] TRACE util.FileUtils (FileUtils.java:deleteFully(201)) - deleteFully target/test/data/57495553/MiniRaftClusterWithGrpcb4d6295b/s0
2023-03-02 04:44:37,949 [Time-limited test] TRACE util.FileUtils (FileUtils.java:deleteFully(217)) - deleteFully: target/test/data/57495553/MiniRaftClusterWithGrpcb4d6295b/s0 does not exist.
2023-03-02 04:44:37,949 [Time-limited test] INFO  impl.MiniRaftCluster (MiniRaftCluster.java:newRaftServer(387)) - Formatted directory target/test/data/57495553/MiniRaftClusterWithGrpcb4d6295b/s0
2023-03-02 04:44:37,949 [Time-limited test] INFO  server.RaftServer (ConfUtils.java:logGet(46)) - raft.rpc.type = GRPC (default)
2023-03-02 04:44:37,950 [Time-limited test] INFO  grpc.GrpcConfigKeys (ConfUtils.java:logFallback(53)) - raft.grpc.admin.host = null (fallback to raft.grpc.server.host)
2023-03-02 04:44:37,950 [Time-limited test] INFO  grpc.GrpcConfigKeys (ConfUtils.java:logGet(46)) - raft.grpc.admin.port = 32949 (custom)
2023-03-02 04:44:37,950 [Time-limited test] INFO  grpc.GrpcConfigKeys (ConfUtils.java:logFallback(53)) - raft.grpc.client.host = null (fallback to raft.grpc.server.host)
2023-03-02 04:44:37,950 [Time-limited test] INFO  grpc.GrpcConfigKeys (ConfUtils.java:logGet(46)) - raft.grpc.client.port = 35923 (custom)
2023-03-02 04:44:37,950 [Time-limited test] INFO  grpc.GrpcConfigKeys (ConfUtils.java:logGet(46)) - raft.grpc.server.host = null (default)
2023-03-02 04:44:37,950 [Time-limited test] INFO  grpc.GrpcConfigKeys (ConfUtils.java:logGet(46)) - raft.grpc.server.port = 34267 (custom)
2023-03-02 04:44:37,950 [Time-limited test] INFO  server.GrpcService (ConfUtils.java:logGet(46)) - raft.grpc.message.size.max = 64MB (=67108864) (default)
2023-03-02 04:44:37,950 [Time-limited test] INFO  server.RaftServerConfigKeys (ConfUtils.java:logGet(46)) - raft.server.log.appender.buffer.byte-limit = 4MB (=4194304) (default)
2023-03-02 04:44:37,950 [Time-limited test] INFO  server.GrpcService (ConfUtils.java:logGet(46)) - raft.grpc.flow.control.window = 1MB (=1048576) (default)
2023-03-02 04:44:37,950 [Time-limited test] INFO  server.RaftServerConfigKeys (ConfUtils.java:logGet(46)) - raft.server.rpc.request.timeout = 3000ms (default)
2023-03-02 04:44:37,950 [Time-limited test] INFO  grpc.GrpcConfigKeys (ConfUtils.java:logGet(46)) - raft.grpc.server.heartbeat.channel = true (default)
2023-03-02 04:44:37,950 [Time-limited test] INFO  grpc.GrpcConfigKeys (ConfUtils.java:logGet(46)) - raft.grpc.server.async.request.thread.pool.cached = true (default)
2023-03-02 04:44:37,951 [Time-limited test] INFO  grpc.GrpcConfigKeys (ConfUtils.java:logGet(46)) - raft.grpc.server.async.request.thread.pool.size = 32 (default)
2023-03-02 04:44:37,954 [Time-limited test] INFO  impl.DataStreamServerImpl (ConfUtils.java:logGet(46)) - raft.datastream.type = DISABLED (default)
2023-03-02 04:44:37,954 [Time-limited test] INFO  server.RaftServerConfigKeys (ConfUtils.java:logGet(46)) - raft.server.threadpool.proxy.cached = true (default)
2023-03-02 04:44:37,954 [Time-limited test] INFO  server.RaftServerConfigKeys (ConfUtils.java:logGet(46)) - raft.server.threadpool.proxy.size = 0 (default)
2023-03-02 04:44:37,954 [Time-limited test] INFO  server.RaftServerConfigKeys (ConfUtils.java:logGet(46)) - raft.server.rpc.slowness.timeout = 60s (default)
2023-03-02 04:44:37,954 [Time-limited test] INFO  server.RaftServerConfigKeys (ConfUtils.java:logGet(46)) - raft.server.leaderelection.leader.step-down.wait-time = 10s (default)
2023-03-02 04:44:37,954 [Time-limited test] INFO  server.RaftServerConfigKeys (ConfUtils.java:logGet(46)) - raft.server.storage.dir = [/home/runner/work/ratis/ratis/ratis-test/target/test/data/57495553/MiniRaftClusterWithGrpcb4d6295b/s0] (custom)
2023-03-02 04:44:37,955 [Time-limited test] INFO  server.RaftServer (RaftServerProxy.java:addNew(99)) - s0: addNew group-772B8532511D:[s0|rpc:localhost:34267|admin:localhost:32949|client:localhost:35923|dataStream:localhost:46235|priority:0|startupRole:FOLLOWER, s1|rpc:localhost:37243|admin:localhost:44551|client:localhost:33805|dataStream:localhost:37499|priority:0|startupRole:FOLLOWER, s2|rpc:localhost:42943|admin:localhost:33533|client:localhost:39405|dataStream:localhost:42543|priority:0|startupRole:FOLLOWER] returns group-772B8532511D:java.util.concurrent.CompletableFuture@3bda51e5[Not completed]
2023-03-02 04:44:37,955 [s0-groupManagement] INFO  server.RaftServerConfigKeys (ConfUtils.java:logGet(46)) - raft.server.log.segment.size.max = 8MB (=8388608) (default)
2023-03-02 04:44:37,957 [s0-groupManagement] INFO  server.RaftServerConfigKeys (ConfUtils.java:logGet(46)) - raft.server.log.preallocated.size = 4MB (=4194304) (default)
2023-03-02 04:44:37,957 [s0-groupManagement] INFO  server.RaftServerConfigKeys (ConfUtils.java:logGet(46)) - raft.server.log.write.buffer.size = 64KB (=65536) (default)
2023-03-02 04:44:37,957 [s0-groupManagement] INFO  server.RaftServer$Division (RaftServerImpl.java:<init>(198)) - s0: new RaftServerImpl for group-772B8532511D:[s0|rpc:localhost:34267|admin:localhost:32949|client:localhost:35923|dataStream:localhost:46235|priority:0|startupRole:FOLLOWER, s1|rpc:localhost:37243|admin:localhost:44551|client:localhost:33805|dataStream:localhost:37499|priority:0|startupRole:FOLLOWER, s2|rpc:localhost:42943|admin:localhost:33533|client:localhost:39405|dataStream:localhost:42543|priority:0|startupRole:FOLLOWER] with SimpleStateMachine4Testing:uninitialized
2023-03-02 04:44:37,957 [s0-groupManagement] INFO  server.RaftServerConfigKeys (ConfUtils.java:logGet(46)) - raft.server.rpc.timeout.min = 150ms (default)
2023-03-02 04:44:37,957 [s0-groupManagement] INFO  server.RaftServerConfigKeys (ConfUtils.java:logGet(46)) - raft.server.rpc.timeout.max = 300ms (default)
2023-03-02 04:44:37,957 [s0-groupManagement] INFO  server.RaftServerConfigKeys (ConfUtils.java:logGet(46)) - raft.server.rpc.sleep.time = 25ms (default)
2023-03-02 04:44:37,957 [s0-groupManagement] INFO  server.RaftServerConfigKeys (ConfUtils.java:logGet(46)) - raft.server.rpc.slowness.timeout = 60s (default)
2023-03-02 04:44:37,957 [s0-groupManagement] INFO  server.RaftServerConfigKeys (ConfUtils.java:logGet(46)) - raft.server.leaderelection.leader.step-down.wait-time = 10s (default)
2023-03-02 04:44:37,958 [s0-groupManagement] INFO  server.RaftServerConfigKeys (ConfUtils.java:logGet(46)) - raft.server.sleep.deviation.threshold = 300ms (default)
2023-03-02 04:44:37,958 [s0-groupManagement] INFO  server.RaftServer$Division (ServerState.java:<init>(113)) - s0@group-772B8532511D: ConfigurationManager, init=-1: peers:[s0|rpc:localhost:34267|admin:localhost:32949|client:localhost:35923|dataStream:localhost:46235|priority:0|startupRole:FOLLOWER, s1|rpc:localhost:37243|admin:localhost:44551|client:localhost:33805|dataStream:localhost:37499|priority:0|startupRole:FOLLOWER, s2|rpc:localhost:42943|admin:localhost:33533|client:localhost:39405|dataStream:localhost:42543|priority:0|startupRole:FOLLOWER]|listeners:[], old=null, confs=<EMPTY_MAP>
2023-03-02 04:44:37,958 [s0-groupManagement] INFO  server.RaftServerConfigKeys (ConfUtils.java:logGet(46)) - raft.server.notification.no-leader.timeout = 60s (default)
2023-03-02 04:44:37,958 [s0-groupManagement] INFO  server.RaftServerConfigKeys (ConfUtils.java:logGet(46)) - raft.server.read.timeout = 10s (default)
2023-03-02 04:44:37,958 [s0-groupManagement] INFO  server.RaftServerConfigKeys (ConfUtils.java:logGet(46)) - raft.server.retrycache.expirytime = 60s (default)
2023-03-02 04:44:37,958 [s0-groupManagement] INFO  server.RaftServerConfigKeys (ConfUtils.java:logGet(46)) - raft.server.retrycache.statistics.expirytime = 100μs (default)
2023-03-02 04:44:37,958 [s0-groupManagement] INFO  server.RaftServerConfigKeys (ConfUtils.java:logGet(46)) - raft.server.read.option = DEFAULT (default)
2023-03-02 04:44:37,955 [Time-limited test] INFO  impl.MiniRaftCluster (MiniRaftCluster.java:newRaftServer(382)) - newRaftServer: s1, group-772B8532511D:[s0|rpc:localhost:34267|admin:localhost:32949|client:localhost:35923|dataStream:localhost:46235|priority:0|startupRole:FOLLOWER, s1|rpc:localhost:37243|admin:localhost:44551|client:localhost:33805|dataStream:localhost:37499|priority:0|startupRole:FOLLOWER, s2|rpc:localhost:42943|admin:localhost:33533|client:localhost:39405|dataStream:localhost:42543|priority:0|startupRole:FOLLOWER], format? true
2023-03-02 04:44:37,959 [Time-limited test] TRACE util.FileUtils (FileUtils.java:deleteFully(201)) - deleteFully target/test/data/57495553/MiniRaftClusterWithGrpcb4d6295b/s1
2023-03-02 04:44:37,959 [Time-limited test] TRACE util.FileUtils (FileUtils.java:deleteFully(217)) - deleteFully: target/test/data/57495553/MiniRaftClusterWithGrpcb4d6295b/s1 does not exist.
2023-03-02 04:44:37,959 [Time-limited test] INFO  impl.MiniRaftCluster (MiniRaftCluster.java:newRaftServer(387)) - Formatted directory target/test/data/57495553/MiniRaftClusterWithGrpcb4d6295b/s1
2023-03-02 04:44:37,960 [Time-limited test] INFO  server.RaftServer (ConfUtils.java:logGet(46)) - raft.rpc.type = GRPC (default)
2023-03-02 04:44:37,960 [Time-limited test] INFO  grpc.GrpcConfigKeys (ConfUtils.java:logFallback(53)) - raft.grpc.admin.host = null (fallback to raft.grpc.server.host)
2023-03-02 04:44:37,961 [Time-limited test] INFO  grpc.GrpcConfigKeys (ConfUtils.java:logGet(46)) - raft.grpc.admin.port = 44551 (custom)
2023-03-02 04:44:37,961 [Time-limited test] INFO  grpc.GrpcConfigKeys (ConfUtils.java:logFallback(53)) - raft.grpc.client.host = null (fallback to raft.grpc.server.host)
2023-03-02 04:44:37,962 [Time-limited test] INFO  grpc.GrpcConfigKeys (ConfUtils.java:logGet(46)) - raft.grpc.client.port = 33805 (custom)
2023-03-02 04:44:37,962 [Time-limited test] INFO  grpc.GrpcConfigKeys (ConfUtils.java:logGet(46)) - raft.grpc.server.host = null (default)
2023-03-02 04:44:37,963 [Time-limited test] INFO  grpc.GrpcConfigKeys (ConfUtils.java:logGet(46)) - raft.grpc.server.port = 37243 (custom)
2023-03-02 04:44:37,963 [Time-limited test] INFO  server.GrpcService (ConfUtils.java:logGet(46)) - raft.grpc.message.size.max = 64MB (=67108864) (default)
2023-03-02 04:44:37,963 [Time-limited test] INFO  server.RaftServerConfigKeys (ConfUtils.java:logGet(46)) - raft.server.log.appender.buffer.byte-limit = 4MB (=4194304) (default)
2023-03-02 04:44:37,963 [Time-limited test] INFO  server.GrpcService (ConfUtils.java:logGet(46)) - raft.grpc.flow.control.window = 1MB (=1048576) (default)
2023-03-02 04:44:37,963 [Time-limited test] INFO  server.RaftServerConfigKeys (ConfUtils.java:logGet(46)) - raft.server.rpc.request.timeout = 3000ms (default)
2023-03-02 04:44:37,963 [Time-limited test] INFO  grpc.GrpcConfigKeys (ConfUtils.java:logGet(46)) - raft.grpc.server.heartbeat.channel = true (default)
2023-03-02 04:44:37,963 [Time-limited test] INFO  grpc.GrpcConfigKeys (ConfUtils.java:logGet(46)) - raft.grpc.server.async.request.thread.pool.cached = true (default)
2023-03-02 04:44:37,970 [Time-limited test] INFO  grpc.GrpcConfigKeys (ConfUtils.java:logGet(46)) - raft.grpc.server.async.request.thread.pool.size = 32 (default)
2023-03-02 04:44:37,973 [s0-groupManagement] INFO  server.RaftServerConfigKeys (ConfUtils.java:logGet(46)) - raft.server.log.appender.install.snapshot.enabled = true (default)
2023-03-02 04:44:37,973 [s0-groupManagement] INFO  server.RaftServerConfigKeys (ConfUtils.java:logGet(46)) - raft.server.threadpool.server.cached = true (default)
2023-03-02 04:44:37,973 [s0-groupManagement] INFO  server.RaftServerConfigKeys (ConfUtils.java:logGet(46)) - raft.server.threadpool.server.size = 0 (default)
2023-03-02 04:44:37,973 [s0-groupManagement] INFO  server.RaftServerConfigKeys (ConfUtils.java:logGet(46)) - raft.server.threadpool.client.cached = true (default)
2023-03-02 04:44:37,973 [s0-groupManagement] INFO  server.RaftServerConfigKeys (ConfUtils.java:logGet(46)) - raft.server.threadpool.client.size = 0 (default)
2023-03-02 04:44:37,973 [Time-limited test] INFO  impl.DataStreamServerImpl (ConfUtils.java:logGet(46)) - raft.datastream.type = DISABLED (default)
2023-03-02 04:44:37,973 [Time-limited test] INFO  server.RaftServerConfigKeys (ConfUtils.java:logGet(46)) - raft.server.threadpool.proxy.cached = true (default)
2023-03-02 04:44:37,973 [Time-limited test] INFO  server.RaftServerConfigKeys (ConfUtils.java:logGet(46)) - raft.server.threadpool.proxy.size = 0 (default)
2023-03-02 04:44:37,974 [Time-limited test] INFO  server.RaftServerConfigKeys (ConfUtils.java:logGet(46)) - raft.server.rpc.slowness.timeout = 60s (default)
2023-03-02 04:44:37,974 [Time-limited test] INFO  server.RaftServerConfigKeys (ConfUtils.java:logGet(46)) - raft.server.leaderelection.leader.step-down.wait-time = 10s (default)
2023-03-02 04:44:37,974 [Time-limited test] INFO  server.RaftServerConfigKeys (ConfUtils.java:logGet(46)) - raft.server.storage.dir = [/home/runner/work/ratis/ratis/ratis-test/target/test/data/57495553/MiniRaftClusterWithGrpcb4d6295b/s1] (custom)
2023-03-02 04:44:37,996 [Time-limited test] INFO  server.RaftServer (RaftServerProxy.java:addNew(99)) - s1: addNew group-772B8532511D:[s0|rpc:localhost:34267|admin:localhost:32949|client:localhost:35923|dataStream:localhost:46235|priority:0|startupRole:FOLLOWER, s1|rpc:localhost:37243|admin:localhost:44551|client:localhost:33805|dataStream:localhost:37499|priority:0|startupRole:FOLLOWER, s2|rpc:localhost:42943|admin:localhost:33533|client:localhost:39405|dataStream:localhost:42543|priority:0|startupRole:FOLLOWER] returns group-772B8532511D:java.util.concurrent.CompletableFuture@4f6c91ec[Not completed]
2023-03-02 04:44:37,996 [Time-limited test] INFO  impl.MiniRaftCluster (MiniRaftCluster.java:newRaftServer(382)) - newRaftServer: s2, group-772B8532511D:[s0|rpc:localhost:34267|admin:localhost:32949|client:localhost:35923|dataStream:localhost:46235|priority:0|startupRole:FOLLOWER, s1|rpc:localhost:37243|admin:localhost:44551|client:localhost:33805|dataStream:localhost:37499|priority:0|startupRole:FOLLOWER, s2|rpc:localhost:42943|admin:localhost:33533|client:localhost:39405|dataStream:localhost:42543|priority:0|startupRole:FOLLOWER], format? true
2023-03-02 04:44:37,996 [Time-limited test] TRACE util.FileUtils (FileUtils.java:deleteFully(201)) - deleteFully target/test/data/57495553/MiniRaftClusterWithGrpcb4d6295b/s2
2023-03-02 04:44:37,996 [Time-limited test] TRACE util.FileUtils (FileUtils.java:deleteFully(217)) - deleteFully: target/test/data/57495553/MiniRaftClusterWithGrpcb4d6295b/s2 does not exist.
2023-03-02 04:44:37,996 [Time-limited test] INFO  impl.MiniRaftCluster (MiniRaftCluster.java:newRaftServer(387)) - Formatted directory target/test/data/57495553/MiniRaftClusterWithGrpcb4d6295b/s2
2023-03-02 04:44:37,996 [Time-limited test] INFO  server.RaftServer (ConfUtils.java:logGet(46)) - raft.rpc.type = GRPC (default)
2023-03-02 04:44:37,997 [Time-limited test] INFO  grpc.GrpcConfigKeys (ConfUtils.java:logFallback(53)) - raft.grpc.admin.host = null (fallback to raft.grpc.server.host)
2023-03-02 04:44:37,997 [Time-limited test] INFO  grpc.GrpcConfigKeys (ConfUtils.java:logGet(46)) - raft.grpc.admin.port = 33533 (custom)
2023-03-02 04:44:37,997 [Time-limited test] INFO  grpc.GrpcConfigKeys (ConfUtils.java:logFallback(53)) - raft.grpc.client.host = null (fallback to raft.grpc.server.host)
2023-03-02 04:44:37,997 [Time-limited test] INFO  grpc.GrpcConfigKeys (ConfUtils.java:logGet(46)) - raft.grpc.client.port = 39405 (custom)
2023-03-02 04:44:37,997 [Time-limited test] INFO  grpc.GrpcConfigKeys (ConfUtils.java:logGet(46)) - raft.grpc.server.host = null (default)
2023-03-02 04:44:37,997 [Time-limited test] INFO  grpc.GrpcConfigKeys (ConfUtils.java:logGet(46)) - raft.grpc.server.port = 42943 (custom)
2023-03-02 04:44:37,997 [Time-limited test] INFO  server.GrpcService (ConfUtils.java:logGet(46)) - raft.grpc.message.size.max = 64MB (=67108864) (default)
2023-03-02 04:44:37,997 [Time-limited test] INFO  server.RaftServerConfigKeys (ConfUtils.java:logGet(46)) - raft.server.log.appender.buffer.byte-limit = 4MB (=4194304) (default)
2023-03-02 04:44:37,997 [Time-limited test] INFO  server.GrpcService (ConfUtils.java:logGet(46)) - raft.grpc.flow.control.window = 1MB (=1048576) (default)
2023-03-02 04:44:37,997 [Time-limited test] INFO  server.RaftServerConfigKeys (ConfUtils.java:logGet(46)) - raft.server.rpc.request.timeout = 3000ms (default)
2023-03-02 04:44:37,997 [Time-limited test] INFO  grpc.GrpcConfigKeys (ConfUtils.java:logGet(46)) - raft.grpc.server.heartbeat.channel = true (default)
2023-03-02 04:44:37,997 [Time-limited test] INFO  grpc.GrpcConfigKeys (ConfUtils.java:logGet(46)) - raft.grpc.server.async.request.thread.pool.cached = true (default)
2023-03-02 04:44:37,997 [Time-limited test] INFO  grpc.GrpcConfigKeys (ConfUtils.java:logGet(46)) - raft.grpc.server.async.request.thread.pool.size = 32 (default)
2023-03-02 04:44:37,998 [Time-limited test] INFO  impl.DataStreamServerImpl (ConfUtils.java:logGet(46)) - raft.datastream.type = DISABLED (default)
2023-03-02 04:44:37,998 [Time-limited test] INFO  server.RaftServerConfigKeys (ConfUtils.java:logGet(46)) - raft.server.threadpool.proxy.cached = true (default)
2023-03-02 04:44:37,998 [Time-limited test] INFO  server.RaftServerConfigKeys (ConfUtils.java:logGet(46)) - raft.server.threadpool.proxy.size = 0 (default)
2023-03-02 04:44:37,998 [Time-limited test] INFO  server.RaftServerConfigKeys (ConfUtils.java:logGet(46)) - raft.server.rpc.slowness.timeout = 60s (default)
2023-03-02 04:44:37,998 [Time-limited test] INFO  server.RaftServerConfigKeys (ConfUtils.java:logGet(46)) - raft.server.leaderelection.leader.step-down.wait-time = 10s (default)
2023-03-02 04:44:37,998 [Time-limited test] INFO  server.RaftServerConfigKeys (ConfUtils.java:logGet(46)) - raft.server.storage.dir = [/home/runner/work/ratis/ratis/ratis-test/target/test/data/57495553/MiniRaftClusterWithGrpcb4d6295b/s2] (custom)
2023-03-02 04:44:37,999 [s1-groupManagement] INFO  server.RaftServerConfigKeys (ConfUtils.java:logGet(46)) - raft.server.log.segment.size.max = 8MB (=8388608) (default)
2023-03-02 04:44:38,004 [s1-groupManagement] INFO  server.RaftServerConfigKeys (ConfUtils.java:logGet(46)) - raft.server.log.preallocated.size = 4MB (=4194304) (default)
2023-03-02 04:44:38,004 [s1-groupManagement] INFO  server.RaftServerConfigKeys (ConfUtils.java:logGet(46)) - raft.server.log.write.buffer.size = 64KB (=65536) (default)
2023-03-02 04:44:38,004 [s1-groupManagement] INFO  server.RaftServer$Division (RaftServerImpl.java:<init>(198)) - s1: new RaftServerImpl for group-772B8532511D:[s0|rpc:localhost:34267|admin:localhost:32949|client:localhost:35923|dataStream:localhost:46235|priority:0|startupRole:FOLLOWER, s1|rpc:localhost:37243|admin:localhost:44551|client:localhost:33805|dataStream:localhost:37499|priority:0|startupRole:FOLLOWER, s2|rpc:localhost:42943|admin:localhost:33533|client:localhost:39405|dataStream:localhost:42543|priority:0|startupRole:FOLLOWER] with SimpleStateMachine4Testing:uninitialized
2023-03-02 04:44:38,004 [s1-groupManagement] INFO  server.RaftServerConfigKeys (ConfUtils.java:logGet(46)) - raft.server.rpc.timeout.min = 150ms (default)
2023-03-02 04:44:38,004 [s1-groupManagement] INFO  server.RaftServerConfigKeys (ConfUtils.java:logGet(46)) - raft.server.rpc.timeout.max = 300ms (default)
2023-03-02 04:44:38,004 [s1-groupManagement] INFO  server.RaftServerConfigKeys (ConfUtils.java:logGet(46)) - raft.server.rpc.sleep.time = 25ms (default)
2023-03-02 04:44:38,004 [s1-groupManagement] INFO  server.RaftServerConfigKeys (ConfUtils.java:logGet(46)) - raft.server.rpc.slowness.timeout = 60s (default)
2023-03-02 04:44:38,004 [s1-groupManagement] INFO  server.RaftServerConfigKeys (ConfUtils.java:logGet(46)) - raft.server.leaderelection.leader.step-down.wait-time = 10s (default)
2023-03-02 04:44:38,004 [s1-groupManagement] INFO  server.RaftServerConfigKeys (ConfUtils.java:logGet(46)) - raft.server.sleep.deviation.threshold = 300ms (default)
2023-03-02 04:44:38,004 [s1-groupManagement] INFO  server.RaftServer$Division (ServerState.java:<init>(113)) - s1@group-772B8532511D: ConfigurationManager, init=-1: peers:[s0|rpc:localhost:34267|admin:localhost:32949|client:localhost:35923|dataStream:localhost:46235|priority:0|startupRole:FOLLOWER, s1|rpc:localhost:37243|admin:localhost:44551|client:localhost:33805|dataStream:localhost:37499|priority:0|startupRole:FOLLOWER, s2|rpc:localhost:42943|admin:localhost:33533|client:localhost:39405|dataStream:localhost:42543|priority:0|startupRole:FOLLOWER]|listeners:[], old=null, confs=<EMPTY_MAP>
2023-03-02 04:44:38,004 [s1-groupManagement] INFO  server.RaftServerConfigKeys (ConfUtils.java:logGet(46)) - raft.server.notification.no-leader.timeout = 60s (default)
2023-03-02 04:44:38,004 [s1-groupManagement] INFO  server.RaftServerConfigKeys (ConfUtils.java:logGet(46)) - raft.server.read.timeout = 10s (default)
2023-03-02 04:44:38,004 [s1-groupManagement] INFO  server.RaftServerConfigKeys (ConfUtils.java:logGet(46)) - raft.server.retrycache.expirytime = 60s (default)
2023-03-02 04:44:38,004 [s1-groupManagement] INFO  server.RaftServerConfigKeys (ConfUtils.java:logGet(46)) - raft.server.retrycache.statistics.expirytime = 100μs (default)
2023-03-02 04:44:38,005 [s1-groupManagement] INFO  server.RaftServerConfigKeys (ConfUtils.java:logGet(46)) - raft.server.read.option = DEFAULT (default)
2023-03-02 04:44:38,006 [s1-groupManagement] INFO  server.RaftServerConfigKeys (ConfUtils.java:logGet(46)) - raft.server.log.appender.install.snapshot.enabled = true (default)
2023-03-02 04:44:38,006 [s1-groupManagement] INFO  server.RaftServerConfigKeys (ConfUtils.java:logGet(46)) - raft.server.threadpool.server.cached = true (default)
2023-03-02 04:44:38,006 [s1-groupManagement] INFO  server.RaftServerConfigKeys (ConfUtils.java:logGet(46)) - raft.server.threadpool.server.size = 0 (default)
2023-03-02 04:44:38,006 [s1-groupManagement] INFO  server.RaftServerConfigKeys (ConfUtils.java:logGet(46)) - raft.server.threadpool.client.cached = true (default)
2023-03-02 04:44:38,006 [s1-groupManagement] INFO  server.RaftServerConfigKeys (ConfUtils.java:logGet(46)) - raft.server.threadpool.client.size = 0 (default)
2023-03-02 04:44:38,018 [Time-limited test] INFO  server.RaftServer (RaftServerProxy.java:addNew(99)) - s2: addNew group-772B8532511D:[s0|rpc:localhost:34267|admin:localhost:32949|client:localhost:35923|dataStream:localhost:46235|priority:0|startupRole:FOLLOWER, s1|rpc:localhost:37243|admin:localhost:44551|client:localhost:33805|dataStream:localhost:37499|priority:0|startupRole:FOLLOWER, s2|rpc:localhost:42943|admin:localhost:33533|client:localhost:39405|dataStream:localhost:42543|priority:0|startupRole:FOLLOWER] returns group-772B8532511D:java.util.concurrent.CompletableFuture@35cb20ce[Not completed]
2023-03-02 04:44:38,018 [s0-impl-thread1] INFO  server.RaftServerConfigKeys (ConfUtils.java:logGet(46)) - raft.server.storage.free-space.min = 0MB (=0) (default)
2023-03-02 04:44:38,018 [s0-impl-thread1] INFO  server.RaftServerConfigKeys (ConfUtils.java:logGet(46)) - raft.server.log.corruption.policy = EXCEPTION (default)
2023-03-02 04:44:38,018 [s2-groupManagement] INFO  server.RaftServerConfigKeys (ConfUtils.java:logGet(46)) - raft.server.log.segment.size.max = 8MB (=8388608) (default)
2023-03-02 04:44:38,018 [s0-impl-thread1] INFO  server.RaftServerConfigKeys (ConfUtils.java:logGet(46)) - raft.server.storage.dir = [/home/runner/work/ratis/ratis/ratis-test/target/test/data/57495553/MiniRaftClusterWithGrpcb4d6295b/s0] (custom)
2023-03-02 04:44:38,018 [s2-groupManagement] INFO  server.RaftServerConfigKeys (ConfUtils.java:logGet(46)) - raft.server.log.preallocated.size = 4MB (=4194304) (default)
2023-03-02 04:44:38,019 [s2-groupManagement] INFO  server.RaftServerConfigKeys (ConfUtils.java:logGet(46)) - raft.server.log.write.buffer.size = 64KB (=65536) (default)
2023-03-02 04:44:38,019 [s2-groupManagement] INFO  server.RaftServer$Division (RaftServerImpl.java:<init>(198)) - s2: new RaftServerImpl for group-772B8532511D:[s0|rpc:localhost:34267|admin:localhost:32949|client:localhost:35923|dataStream:localhost:46235|priority:0|startupRole:FOLLOWER, s1|rpc:localhost:37243|admin:localhost:44551|client:localhost:33805|dataStream:localhost:37499|priority:0|startupRole:FOLLOWER, s2|rpc:localhost:42943|admin:localhost:33533|client:localhost:39405|dataStream:localhost:42543|priority:0|startupRole:FOLLOWER] with SimpleStateMachine4Testing:uninitialized
2023-03-02 04:44:38,019 [s2-groupManagement] INFO  server.RaftServerConfigKeys (ConfUtils.java:logGet(46)) - raft.server.rpc.timeout.min = 150ms (default)
2023-03-02 04:44:38,019 [s2-groupManagement] INFO  server.RaftServerConfigKeys (ConfUtils.java:logGet(46)) - raft.server.rpc.timeout.max = 300ms (default)
2023-03-02 04:44:38,019 [s2-groupManagement] INFO  server.RaftServerConfigKeys (ConfUtils.java:logGet(46)) - raft.server.rpc.sleep.time = 25ms (default)
2023-03-02 04:44:38,019 [s2-groupManagement] INFO  server.RaftServerConfigKeys (ConfUtils.java:logGet(46)) - raft.server.rpc.slowness.timeout = 60s (default)
2023-03-02 04:44:38,019 [s2-groupManagement] INFO  server.RaftServerConfigKeys (ConfUtils.java:logGet(46)) - raft.server.leaderelection.leader.step-down.wait-time = 10s (default)
2023-03-02 04:44:38,019 [s2-groupManagement] INFO  server.RaftServerConfigKeys (ConfUtils.java:logGet(46)) - raft.server.sleep.deviation.threshold = 300ms (default)
2023-03-02 04:44:38,019 [s0-impl-thread1] INFO  storage.RaftStorageDirectory (RaftStorageDirectoryImpl.java:analyzeStorage(138)) - The storage directory /home/runner/work/ratis/ratis/ratis-test/target/test/data/57495553/MiniRaftClusterWithGrpcb4d6295b/s0/14cfed2c-36c4-4e42-b6ce-772b8532511d does not exist. Creating ...
2023-03-02 04:44:38,019 [s2-groupManagement] INFO  server.RaftServer$Division (ServerState.java:<init>(113)) - s2@group-772B8532511D: ConfigurationManager, init=-1: peers:[s0|rpc:localhost:34267|admin:localhost:32949|client:localhost:35923|dataStream:localhost:46235|priority:0|startupRole:FOLLOWER, s1|rpc:localhost:37243|admin:localhost:44551|client:localhost:33805|dataStream:localhost:37499|priority:0|startupRole:FOLLOWER, s2|rpc:localhost:42943|admin:localhost:33533|client:localhost:39405|dataStream:localhost:42543|priority:0|startupRole:FOLLOWER]|listeners:[], old=null, confs=<EMPTY_MAP>
2023-03-02 04:44:38,019 [s2-groupManagement] INFO  server.RaftServerConfigKeys (ConfUtils.java:logGet(46)) - raft.server.notification.no-leader.timeout = 60s (default)
2023-03-02 04:44:38,019 [s2-groupManagement] INFO  server.RaftServerConfigKeys (ConfUtils.java:logGet(46)) - raft.server.read.timeout = 10s (default)
2023-03-02 04:44:38,019 [s2-groupManagement] INFO  server.RaftServerConfigKeys (ConfUtils.java:logGet(46)) - raft.server.retrycache.expirytime = 60s (default)
2023-03-02 04:44:38,019 [s2-groupManagement] INFO  server.RaftServerConfigKeys (ConfUtils.java:logGet(46)) - raft.server.retrycache.statistics.expirytime = 100μs (default)
2023-03-02 04:44:38,019 [s2-groupManagement] INFO  server.RaftServerConfigKeys (ConfUtils.java:logGet(46)) - raft.server.read.option = DEFAULT (default)
2023-03-02 04:44:38,019 [s0-impl-thread1] TRACE util.FileUtils (LogUtils.java:runAndLog(49)) - Successfully ran Files.createDirectories /home/runner/work/ratis/ratis/ratis-test/target/test/data/57495553/MiniRaftClusterWithGrpcb4d6295b/s0/14cfed2c-36c4-4e42-b6ce-772b8532511d
2023-03-02 04:44:38,020 [s2-groupManagement] INFO  server.RaftServerConfigKeys (ConfUtils.java:logGet(46)) - raft.server.log.appender.install.snapshot.enabled = true (default)
2023-03-02 04:44:38,020 [s2-groupManagement] INFO  server.RaftServerConfigKeys (ConfUtils.java:logGet(46)) - raft.server.threadpool.server.cached = true (default)
2023-03-02 04:44:38,020 [s2-groupManagement] INFO  server.RaftServerConfigKeys (ConfUtils.java:logGet(46)) - raft.server.threadpool.server.size = 0 (default)
2023-03-02 04:44:38,020 [s2-groupManagement] INFO  server.RaftServerConfigKeys (ConfUtils.java:logGet(46)) - raft.server.threadpool.client.cached = true (default)
2023-03-02 04:44:38,020 [s2-groupManagement] INFO  server.RaftServerConfigKeys (ConfUtils.java:logGet(46)) - raft.server.threadpool.client.size = 0 (default)
2023-03-02 04:44:38,021 [s0-impl-thread1] INFO  storage.RaftStorageDirectory (RaftStorageDirectoryImpl.java:tryLock(232)) - Lock on /home/runner/work/ratis/ratis/ratis-test/target/test/data/57495553/MiniRaftClusterWithGrpcb4d6295b/s0/14cfed2c-36c4-4e42-b6ce-772b8532511d/in_use.lock acquired by nodename 15125@fv-az163-990
2023-03-02 04:44:38,021 [s0-impl-thread1] TRACE util.FileUtils (LogUtils.java:runAndLog(49)) - Successfully ran Files.createDirectories /home/runner/work/ratis/ratis/ratis-test/target/test/data/57495553/MiniRaftClusterWithGrpcb4d6295b/s0/14cfed2c-36c4-4e42-b6ce-772b8532511d/current
2023-03-02 04:44:38,021 [s0-impl-thread1] TRACE util.FileUtils (LogUtils.java:runAndLog(49)) - Successfully ran Files.createDirectories /home/runner/work/ratis/ratis/ratis-test/target/test/data/57495553/MiniRaftClusterWithGrpcb4d6295b/s0/14cfed2c-36c4-4e42-b6ce-772b8532511d/sm
2023-03-02 04:44:38,023 [s0-impl-thread1] INFO  storage.RaftStorage (RaftStorageImpl.java:format(96)) - Storage directory /home/runner/work/ratis/ratis/ratis-test/target/test/data/57495553/MiniRaftClusterWithGrpcb4d6295b/s0/14cfed2c-36c4-4e42-b6ce-772b8532511d has been successfully formatted.
2023-03-02 04:44:38,023 [s0-impl-thread1] INFO  impl.SimpleStateMachine4Testing (SimpleStateMachine4Testing.java:initialize(213)) - Initializing SimpleStateMachine4Testing:uninitialized
2023-03-02 04:44:38,023 [s0-impl-thread1] INFO  impl.SimpleStateMachine4Testing (SimpleStateMachine4Testing.java:loadSnapshot(293)) - Loading snapshot null
2023-03-02 04:44:38,023 [s0-impl-thread1] INFO  server.RaftServerConfigKeys (ConfUtils.java:logGet(46)) - raft.server.log.use.memory = false (default)
2023-03-02 04:44:38,023 [s0-impl-thread1] INFO  server.RaftServerConfigKeys (ConfUtils.java:logGet(46)) - raft.server.log.purge.gap = 1024 (default)
2023-03-02 04:44:38,023 [s0-impl-thread1] INFO  server.RaftServerConfigKeys (ConfUtils.java:logGet(46)) - raft.server.log.appender.buffer.byte-limit = 4MB (=4194304) (default)
2023-03-02 04:44:38,023 [s0-impl-thread1] INFO  server.RaftServerConfigKeys (ConfUtils.java:logGet(46)) - raft.server.log.statemachine.data.read.timeout = 1000ms (default)
2023-03-02 04:44:38,023 [s0-impl-thread1] INFO  server.RaftServerConfigKeys (ConfUtils.java:logGet(46)) - raft.server.log.purge.preservation.log.num = 0 (default)
2023-03-02 04:44:38,023 [s0-impl-thread1] INFO  server.RaftServerConfigKeys (ConfUtils.java:logGet(46)) - raft.server.log.segment.size.max = 8MB (=8388608) (default)
2023-03-02 04:44:38,024 [s0-impl-thread1] INFO  server.RaftServerConfigKeys (ConfUtils.java:logGet(46)) - raft.server.log.segment.cache.num.max = 6 (default)
2023-03-02 04:44:38,024 [s0-impl-thread1] INFO  server.RaftServerConfigKeys (ConfUtils.java:logGet(46)) - raft.server.log.segment.cache.size.max = 200MB (=209715200) (default)
2023-03-02 04:44:38,024 [s0-impl-thread1] INFO  server.RaftServerConfigKeys (ConfUtils.java:logGet(46)) - raft.server.log.appender.buffer.byte-limit = 4MB (=4194304) (default)
2023-03-02 04:44:38,024 [s0-impl-thread1] INFO  segmented.SegmentedRaftLogWorker (SegmentedRaftLogWorker.java:<init>(183)) - new s0@group-772B8532511D-SegmentedRaftLogWorker for RaftStorageImpl:Storage Directory /home/runner/work/ratis/ratis/ratis-test/target/test/data/57495553/MiniRaftClusterWithGrpcb4d6295b/s0/14cfed2c-36c4-4e42-b6ce-772b8532511d
2023-03-02 04:44:38,024 [s0-impl-thread1] INFO  server.RaftServerConfigKeys (ConfUtils.java:logGet(46)) - raft.server.log.queue.byte-limit = 64MB (=67108864) (default)
2023-03-02 04:44:38,024 [s0-impl-thread1] INFO  server.RaftServerConfigKeys (ConfUtils.java:logGet(46)) - raft.server.log.queue.element-limit = 4096 (default)
2023-03-02 04:44:38,024 [s0-impl-thread1] INFO  server.RaftServerConfigKeys (ConfUtils.java:logGet(46)) - raft.server.log.segment.size.max = 8MB (=8388608) (default)
2023-03-02 04:44:38,024 [s0-impl-thread1] INFO  server.RaftServerConfigKeys (ConfUtils.java:logGet(46)) - raft.server.log.preallocated.size = 4MB (=4194304) (default)
2023-03-02 04:44:38,024 [s0-impl-thread1] INFO  server.RaftServerConfigKeys (ConfUtils.java:logGet(46)) - raft.server.log.force.sync.num = 128 (default)
2023-03-02 04:44:38,024 [s0-impl-thread1] INFO  server.RaftServerConfigKeys (ConfUtils.java:logGet(46)) - raft.server.log.statemachine.data.sync = true (default)
2023-03-02 04:44:38,024 [s0-impl-thread1] INFO  server.RaftServerConfigKeys (ConfUtils.java:logGet(46)) - raft.server.log.statemachine.data.sync.timeout = 10s (default)
2023-03-02 04:44:38,024 [s0-impl-thread1] INFO  server.RaftServerConfigKeys (ConfUtils.java:logGet(46)) - raft.server.log.statemachine.data.sync.timeout.retry = -1 (default)
2023-03-02 04:44:38,024 [s0-impl-thread1] INFO  server.RaftServerConfigKeys (ConfUtils.java:logGet(46)) - raft.server.log.write.buffer.size = 64KB (=65536) (default)
2023-03-02 04:44:38,024 [s0-impl-thread1] INFO  server.RaftServerConfigKeys (ConfUtils.java:logGet(46)) - raft.server.log.appender.buffer.byte-limit = 4MB (=4194304) (default)
2023-03-02 04:44:38,026 [s0-impl-thread1] INFO  server.RaftServerConfigKeys (ConfUtils.java:logGet(46)) - raft.server.log.unsafe-flush.enabled = false (default)
2023-03-02 04:44:38,026 [s0-impl-thread1] INFO  server.RaftServerConfigKeys (ConfUtils.java:logGet(46)) - raft.server.log.async-flush.enabled = false (default)
2023-03-02 04:44:38,026 [s0-impl-thread1] INFO  server.RaftServerConfigKeys (ConfUtils.java:logGet(46)) - raft.server.log.statemachine.data.caching.enabled = false (default)
2023-03-02 04:44:38,026 [s0-impl-thread1] INFO  segmented.SegmentedRaftLogWorker (SegmentedRaftLogWorker.java:lambda$new$0(134)) - s0@group-772B8532511D-SegmentedRaftLogWorker: flushIndex: setUnconditionally 0 -> -1
2023-03-02 04:44:38,026 [s0-impl-thread1] INFO  segmented.SegmentedRaftLogWorker (SegmentedRaftLogWorker.java:lambda$new$0(134)) - s0@group-772B8532511D-SegmentedRaftLogWorker: safeCacheEvictIndex: setUnconditionally 0 -> -1
2023-03-02 04:44:38,028 [s0-impl-thread1] INFO  server.RaftServer$Division (RaftServerImpl.java:start(342)) - s0@group-772B8532511D: start as a follower, conf=-1: peers:[s0|rpc:localhost:34267|admin:localhost:32949|client:localhost:35923|dataStream:localhost:46235|priority:0|startupRole:FOLLOWER, s1|rpc:localhost:37243|admin:localhost:44551|client:localhost:33805|dataStream:localhost:37499|priority:0|startupRole:FOLLOWER, s2|rpc:localhost:42943|admin:localhost:33533|client:localhost:39405|dataStream:localhost:42543|priority:0|startupRole:FOLLOWER]|listeners:[], old=null
2023-03-02 04:44:38,029 [s0-impl-thread1] INFO  server.RaftServer$Division (RaftServerImpl.java:setRole(329)) - s0@group-772B8532511D: changes role from      null to FOLLOWER at term 0 for startAsFollower
2023-03-02 04:44:38,029 [s0-impl-thread1] INFO  impl.RoleInfo (RoleInfo.java:updateAndGet(139)) - s0: start s0@group-772B8532511D-FollowerState
2023-03-02 04:44:38,041 [s0@group-772B8532511D-FollowerState] INFO  server.RaftServerConfigKeys (ConfUtils.java:logFallback(53)) - raft.server.rpc.first-election.timeout.min = 150ms (fallback to raft.server.rpc.timeout.min)
2023-03-02 04:44:38,041 [s0@group-772B8532511D-FollowerState] INFO  server.RaftServerConfigKeys (ConfUtils.java:logFallback(53)) - raft.server.rpc.first-election.timeout.max = 300ms (fallback to raft.server.rpc.timeout.max)
2023-03-02 04:44:38,041 [s0-impl-thread1] INFO  util.JmxRegister (JmxRegister.java:tryRegister(44)) - Successfully registered JMX Bean with object name Ratis:service=RaftServer,group=group-772B8532511D,id=s0
2023-03-02 04:44:38,041 [s0-impl-thread1] INFO  server.RaftServerConfigKeys (ConfUtils.java:logGet(46)) - raft.server.snapshot.auto.trigger.enabled = false (default)
2023-03-02 04:44:38,041 [s0-impl-thread1] INFO  server.RaftServerConfigKeys (ConfUtils.java:logGet(46)) - raft.server.snapshot.retention.file.num = -1 (default)
2023-03-02 04:44:38,041 [s0-impl-thread1] INFO  server.RaftServerConfigKeys (ConfUtils.java:logGet(46)) - raft.server.log.purge.upto.snapshot.index = false (default)
2023-03-02 04:44:38,048 [Time-limited test] INFO  server.RaftServer (RaftServerProxy.java:startImpl(401)) - s0: start RPC server
2023-03-02 04:44:38,049 [Time-limited test] INFO  server.GrpcService (GrpcService.java:startImpl(302)) - s0: GrpcService started, listening on 35923
2023-03-02 04:44:38,050 [Time-limited test] INFO  server.GrpcService (GrpcService.java:startImpl(302)) - s0: GrpcService started, listening on 34267
2023-03-02 04:44:38,050 [Time-limited test] INFO  server.GrpcService (GrpcService.java:startImpl(302)) - s0: GrpcService started, listening on 32949
2023-03-02 04:44:38,061 [JvmPauseMonitor16] INFO  util.JvmPauseMonitor (JvmPauseMonitor.java:run(103)) - JvmPauseMonitor-s0: Started
2023-03-02 04:44:38,061 [s1-impl-thread1] INFO  server.RaftServerConfigKeys (ConfUtils.java:logGet(46)) - raft.server.storage.free-space.min = 0MB (=0) (default)
2023-03-02 04:44:38,061 [s1-impl-thread1] INFO  server.RaftServerConfigKeys (ConfUtils.java:logGet(46)) - raft.server.log.corruption.policy = EXCEPTION (default)
2023-03-02 04:44:38,062 [s1-impl-thread1] INFO  server.RaftServerConfigKeys (ConfUtils.java:logGet(46)) - raft.server.storage.dir = [/home/runner/work/ratis/ratis/ratis-test/target/test/data/57495553/MiniRaftClusterWithGrpcb4d6295b/s1] (custom)
2023-03-02 04:44:38,062 [s1-impl-thread1] INFO  storage.RaftStorageDirectory (RaftStorageDirectoryImpl.java:analyzeStorage(138)) - The storage directory /home/runner/work/ratis/ratis/ratis-test/target/test/data/57495553/MiniRaftClusterWithGrpcb4d6295b/s1/14cfed2c-36c4-4e42-b6ce-772b8532511d does not exist. Creating ...
2023-03-02 04:44:38,062 [s1-impl-thread1] TRACE util.FileUtils (LogUtils.java:runAndLog(49)) - Successfully ran Files.createDirectories /home/runner/work/ratis/ratis/ratis-test/target/test/data/57495553/MiniRaftClusterWithGrpcb4d6295b/s1/14cfed2c-36c4-4e42-b6ce-772b8532511d
2023-03-02 04:44:38,064 [s1-impl-thread1] INFO  storage.RaftStorageDirectory (RaftStorageDirectoryImpl.java:tryLock(232)) - Lock on /home/runner/work/ratis/ratis/ratis-test/target/test/data/57495553/MiniRaftClusterWithGrpcb4d6295b/s1/14cfed2c-36c4-4e42-b6ce-772b8532511d/in_use.lock acquired by nodename 15125@fv-az163-990
2023-03-02 04:44:38,065 [s1-impl-thread1] TRACE util.FileUtils (LogUtils.java:runAndLog(49)) - Successfully ran Files.createDirectories /home/runner/work/ratis/ratis/ratis-test/target/test/data/57495553/MiniRaftClusterWithGrpcb4d6295b/s1/14cfed2c-36c4-4e42-b6ce-772b8532511d/current
2023-03-02 04:44:38,065 [s1-impl-thread1] TRACE util.FileUtils (LogUtils.java:runAndLog(49)) - Successfully ran Files.createDirectories /home/runner/work/ratis/ratis/ratis-test/target/test/data/57495553/MiniRaftClusterWithGrpcb4d6295b/s1/14cfed2c-36c4-4e42-b6ce-772b8532511d/sm
2023-03-02 04:44:38,066 [s1-impl-thread1] INFO  storage.RaftStorage (RaftStorageImpl.java:format(96)) - Storage directory /home/runner/work/ratis/ratis/ratis-test/target/test/data/57495553/MiniRaftClusterWithGrpcb4d6295b/s1/14cfed2c-36c4-4e42-b6ce-772b8532511d has been successfully formatted.
2023-03-02 04:44:38,066 [s1-impl-thread1] INFO  impl.SimpleStateMachine4Testing (SimpleStateMachine4Testing.java:initialize(213)) - Initializing SimpleStateMachine4Testing:uninitialized
2023-03-02 04:44:38,066 [s1-impl-thread1] INFO  impl.SimpleStateMachine4Testing (SimpleStateMachine4Testing.java:loadSnapshot(293)) - Loading snapshot null
2023-03-02 04:44:38,066 [s1-impl-thread1] INFO  server.RaftServerConfigKeys (ConfUtils.java:logGet(46)) - raft.server.log.use.memory = false (default)
2023-03-02 04:44:38,066 [s1-impl-thread1] INFO  server.RaftServerConfigKeys (ConfUtils.java:logGet(46)) - raft.server.log.purge.gap = 1024 (default)
2023-03-02 04:44:38,066 [s1-impl-thread1] INFO  server.RaftServerConfigKeys (ConfUtils.java:logGet(46)) - raft.server.log.appender.buffer.byte-limit = 4MB (=4194304) (default)
2023-03-02 04:44:38,066 [s1-impl-thread1] INFO  server.RaftServerConfigKeys (ConfUtils.java:logGet(46)) - raft.server.log.statemachine.data.read.timeout = 1000ms (default)
2023-03-02 04:44:38,066 [s1-impl-thread1] INFO  server.RaftServerConfigKeys (ConfUtils.java:logGet(46)) - raft.server.log.purge.preservation.log.num = 0 (default)
2023-03-02 04:44:38,067 [s1-impl-thread1] INFO  server.RaftServerConfigKeys (ConfUtils.java:logGet(46)) - raft.server.log.segment.size.max = 8MB (=8388608) (default)
2023-03-02 04:44:38,067 [s1-impl-thread1] INFO  server.RaftServerConfigKeys (ConfUtils.java:logGet(46)) - raft.server.log.segment.cache.num.max = 6 (default)
2023-03-02 04:44:38,067 [s1-impl-thread1] INFO  server.RaftServerConfigKeys (ConfUtils.java:logGet(46)) - raft.server.log.segment.cache.size.max = 200MB (=209715200) (default)
2023-03-02 04:44:38,067 [s1-impl-thread1] INFO  server.RaftServerConfigKeys (ConfUtils.java:logGet(46)) - raft.server.log.appender.buffer.byte-limit = 4MB (=4194304) (default)
2023-03-02 04:44:38,067 [s1-impl-thread1] INFO  segmented.SegmentedRaftLogWorker (SegmentedRaftLogWorker.java:<init>(183)) - new s1@group-772B8532511D-SegmentedRaftLogWorker for RaftStorageImpl:Storage Directory /home/runner/work/ratis/ratis/ratis-test/target/test/data/57495553/MiniRaftClusterWithGrpcb4d6295b/s1/14cfed2c-36c4-4e42-b6ce-772b8532511d
2023-03-02 04:44:38,067 [s1-impl-thread1] INFO  server.RaftServerConfigKeys (ConfUtils.java:logGet(46)) - raft.server.log.queue.byte-limit = 64MB (=67108864) (default)
2023-03-02 04:44:38,067 [s1-impl-thread1] INFO  server.RaftServerConfigKeys (ConfUtils.java:logGet(46)) - raft.server.log.queue.element-limit = 4096 (default)
2023-03-02 04:44:38,067 [s1-impl-thread1] INFO  server.RaftServerConfigKeys (ConfUtils.java:logGet(46)) - raft.server.log.segment.size.max = 8MB (=8388608) (default)
2023-03-02 04:44:38,067 [s1-impl-thread1] INFO  server.RaftServerConfigKeys (ConfUtils.java:logGet(46)) - raft.server.log.preallocated.size = 4MB (=4194304) (default)
2023-03-02 04:44:38,067 [s1-impl-thread1] INFO  server.RaftServerConfigKeys (ConfUtils.java:logGet(46)) - raft.server.log.force.sync.num = 128 (default)
2023-03-02 04:44:38,067 [s1-impl-thread1] INFO  server.RaftServerConfigKeys (ConfUtils.java:logGet(46)) - raft.server.log.statemachine.data.sync = true (default)
2023-03-02 04:44:38,067 [s1-impl-thread1] INFO  server.RaftServerConfigKeys (ConfUtils.java:logGet(46)) - raft.server.log.statemachine.data.sync.timeout = 10s (default)
2023-03-02 04:44:38,067 [s1-impl-thread1] INFO  server.RaftServerConfigKeys (ConfUtils.java:logGet(46)) - raft.server.log.statemachine.data.sync.timeout.retry = -1 (default)
2023-03-02 04:44:38,068 [s1-impl-thread1] INFO  server.RaftServerConfigKeys (ConfUtils.java:logGet(46)) - raft.server.log.write.buffer.size = 64KB (=65536) (default)
2023-03-02 04:44:38,068 [s1-impl-thread1] INFO  server.RaftServerConfigKeys (ConfUtils.java:logGet(46)) - raft.server.log.appender.buffer.byte-limit = 4MB (=4194304) (default)
2023-03-02 04:44:38,070 [s1-impl-thread1] INFO  server.RaftServerConfigKeys (ConfUtils.java:logGet(46)) - raft.server.log.unsafe-flush.enabled = false (default)
2023-03-02 04:44:38,071 [s1-impl-thread1] INFO  server.RaftServerConfigKeys (ConfUtils.java:logGet(46)) - raft.server.log.async-flush.enabled = false (default)
2023-03-02 04:44:38,071 [s1-impl-thread1] INFO  server.RaftServerConfigKeys (ConfUtils.java:logGet(46)) - raft.server.log.statemachine.data.caching.enabled = false (default)
2023-03-02 04:44:38,071 [s1-impl-thread1] INFO  segmented.SegmentedRaftLogWorker (SegmentedRaftLogWorker.java:lambda$new$0(134)) - s1@group-772B8532511D-SegmentedRaftLogWorker: flushIndex: setUnconditionally 0 -> -1
2023-03-02 04:44:38,071 [s1-impl-thread1] INFO  segmented.SegmentedRaftLogWorker (SegmentedRaftLogWorker.java:lambda$new$0(134)) - s1@group-772B8532511D-SegmentedRaftLogWorker: safeCacheEvictIndex: setUnconditionally 0 -> -1
2023-03-02 04:44:38,074 [s1-impl-thread1] INFO  server.RaftServer$Division (RaftServerImpl.java:start(342)) - s1@group-772B8532511D: start as a follower, conf=-1: peers:[s0|rpc:localhost:34267|admin:localhost:32949|client:localhost:35923|dataStream:localhost:46235|priority:0|startupRole:FOLLOWER, s1|rpc:localhost:37243|admin:localhost:44551|client:localhost:33805|dataStream:localhost:37499|priority:0|startupRole:FOLLOWER, s2|rpc:localhost:42943|admin:localhost:33533|client:localhost:39405|dataStream:localhost:42543|priority:0|startupRole:FOLLOWER]|listeners:[], old=null
2023-03-02 04:44:38,074 [s1-impl-thread1] INFO  server.RaftServer$Division (RaftServerImpl.java:setRole(329)) - s1@group-772B8532511D: changes role from      null to FOLLOWER at term 0 for startAsFollower
2023-03-02 04:44:38,074 [s1-impl-thread1] INFO  impl.RoleInfo (RoleInfo.java:updateAndGet(139)) - s1: start s1@group-772B8532511D-FollowerState
2023-03-02 04:44:38,081 [s1-impl-thread1] INFO  util.JmxRegister (JmxRegister.java:tryRegister(44)) - Successfully registered JMX Bean with object name Ratis:service=RaftServer,group=group-772B8532511D,id=s1
2023-03-02 04:44:38,081 [s1-impl-thread1] INFO  server.RaftServerConfigKeys (ConfUtils.java:logGet(46)) - raft.server.snapshot.auto.trigger.enabled = false (default)
2023-03-02 04:44:38,081 [s1-impl-thread1] INFO  server.RaftServerConfigKeys (ConfUtils.java:logGet(46)) - raft.server.snapshot.retention.file.num = -1 (default)
2023-03-02 04:44:38,081 [s1-impl-thread1] INFO  server.RaftServerConfigKeys (ConfUtils.java:logGet(46)) - raft.server.log.purge.upto.snapshot.index = false (default)
2023-03-02 04:44:38,081 [s1@group-772B8532511D-FollowerState] INFO  server.RaftServerConfigKeys (ConfUtils.java:logFallback(53)) - raft.server.rpc.first-election.timeout.min = 150ms (fallback to raft.server.rpc.timeout.min)
2023-03-02 04:44:38,081 [s1@group-772B8532511D-FollowerState] INFO  server.RaftServerConfigKeys (ConfUtils.java:logFallback(53)) - raft.server.rpc.first-election.timeout.max = 300ms (fallback to raft.server.rpc.timeout.max)
2023-03-02 04:44:38,085 [Time-limited test] INFO  server.RaftServer (RaftServerProxy.java:startImpl(401)) - s1: start RPC server
2023-03-02 04:44:38,086 [Time-limited test] INFO  server.GrpcService (GrpcService.java:startImpl(302)) - s1: GrpcService started, listening on 33805
2023-03-02 04:44:38,086 [Time-limited test] INFO  server.GrpcService (GrpcService.java:startImpl(302)) - s1: GrpcService started, listening on 37243
2023-03-02 04:44:38,090 [Time-limited test] INFO  server.GrpcService (GrpcService.java:startImpl(302)) - s1: GrpcService started, listening on 44551
2023-03-02 04:44:38,090 [s2-impl-thread1] INFO  server.RaftServerConfigKeys (ConfUtils.java:logGet(46)) - raft.server.storage.free-space.min = 0MB (=0) (default)
2023-03-02 04:44:38,090 [s2-impl-thread1] INFO  server.RaftServerConfigKeys (ConfUtils.java:logGet(46)) - raft.server.log.corruption.policy = EXCEPTION (default)
2023-03-02 04:44:38,090 [s2-impl-thread1] INFO  server.RaftServerConfigKeys (ConfUtils.java:logGet(46)) - raft.server.storage.dir = [/home/runner/work/ratis/ratis/ratis-test/target/test/data/57495553/MiniRaftClusterWithGrpcb4d6295b/s2] (custom)
2023-03-02 04:44:38,090 [s2-impl-thread1] INFO  storage.RaftStorageDirectory (RaftStorageDirectoryImpl.java:analyzeStorage(138)) - The storage directory /home/runner/work/ratis/ratis/ratis-test/target/test/data/57495553/MiniRaftClusterWithGrpcb4d6295b/s2/14cfed2c-36c4-4e42-b6ce-772b8532511d does not exist. Creating ...
2023-03-02 04:44:38,091 [s2-impl-thread1] TRACE util.FileUtils (LogUtils.java:runAndLog(49)) - Successfully ran Files.createDirectories /home/runner/work/ratis/ratis/ratis-test/target/test/data/57495553/MiniRaftClusterWithGrpcb4d6295b/s2/14cfed2c-36c4-4e42-b6ce-772b8532511d
2023-03-02 04:44:38,093 [s2-impl-thread1] INFO  storage.RaftStorageDirectory (RaftStorageDirectoryImpl.java:tryLock(232)) - Lock on /home/runner/work/ratis/ratis/ratis-test/target/test/data/57495553/MiniRaftClusterWithGrpcb4d6295b/s2/14cfed2c-36c4-4e42-b6ce-772b8532511d/in_use.lock acquired by nodename 15125@fv-az163-990
2023-03-02 04:44:38,093 [s2-impl-thread1] TRACE util.FileUtils (LogUtils.java:runAndLog(49)) - Successfully ran Files.createDirectories /home/runner/work/ratis/ratis/ratis-test/target/test/data/57495553/MiniRaftClusterWithGrpcb4d6295b/s2/14cfed2c-36c4-4e42-b6ce-772b8532511d/current
2023-03-02 04:44:38,093 [s2-impl-thread1] TRACE util.FileUtils (LogUtils.java:runAndLog(49)) - Successfully ran Files.createDirectories /home/runner/work/ratis/ratis/ratis-test/target/test/data/57495553/MiniRaftClusterWithGrpcb4d6295b/s2/14cfed2c-36c4-4e42-b6ce-772b8532511d/sm
2023-03-02 04:44:38,095 [s2-impl-thread1] INFO  storage.RaftStorage (RaftStorageImpl.java:format(96)) - Storage directory /home/runner/work/ratis/ratis/ratis-test/target/test/data/57495553/MiniRaftClusterWithGrpcb4d6295b/s2/14cfed2c-36c4-4e42-b6ce-772b8532511d has been successfully formatted.
2023-03-02 04:44:38,095 [s2-impl-thread1] INFO  impl.SimpleStateMachine4Testing (SimpleStateMachine4Testing.java:initialize(213)) - Initializing SimpleStateMachine4Testing:uninitialized
2023-03-02 04:44:38,095 [s2-impl-thread1] INFO  impl.SimpleStateMachine4Testing (SimpleStateMachine4Testing.java:loadSnapshot(293)) - Loading snapshot null
2023-03-02 04:44:38,095 [s2-impl-thread1] INFO  server.RaftServerConfigKeys (ConfUtils.java:logGet(46)) - raft.server.log.use.memory = false (default)
2023-03-02 04:44:38,095 [s2-impl-thread1] INFO  server.RaftServerConfigKeys (ConfUtils.java:logGet(46)) - raft.server.log.purge.gap = 1024 (default)
2023-03-02 04:44:38,095 [s2-impl-thread1] INFO  server.RaftServerConfigKeys (ConfUtils.java:logGet(46)) - raft.server.log.appender.buffer.byte-limit = 4MB (=4194304) (default)
2023-03-02 04:44:38,095 [s2-impl-thread1] INFO  server.RaftServerConfigKeys (ConfUtils.java:logGet(46)) - raft.server.log.statemachine.data.read.timeout = 1000ms (default)
2023-03-02 04:44:38,095 [s2-impl-thread1] INFO  server.RaftServerConfigKeys (ConfUtils.java:logGet(46)) - raft.server.log.purge.preservation.log.num = 0 (default)
2023-03-02 04:44:38,096 [s2-impl-thread1] INFO  server.RaftServerConfigKeys (ConfUtils.java:logGet(46)) - raft.server.log.segment.size.max = 8MB (=8388608) (default)
2023-03-02 04:44:38,097 [s2-impl-thread1] INFO  server.RaftServerConfigKeys (ConfUtils.java:logGet(46)) - raft.server.log.segment.cache.num.max = 6 (default)
2023-03-02 04:44:38,097 [s2-impl-thread1] INFO  server.RaftServerConfigKeys (ConfUtils.java:logGet(46)) - raft.server.log.segment.cache.size.max = 200MB (=209715200) (default)
2023-03-02 04:44:38,097 [s2-impl-thread1] INFO  server.RaftServerConfigKeys (ConfUtils.java:logGet(46)) - raft.server.log.appender.buffer.byte-limit = 4MB (=4194304) (default)
2023-03-02 04:44:38,097 [s2-impl-thread1] INFO  segmented.SegmentedRaftLogWorker (SegmentedRaftLogWorker.java:<init>(183)) - new s2@group-772B8532511D-SegmentedRaftLogWorker for RaftStorageImpl:Storage Directory /home/runner/work/ratis/ratis/ratis-test/target/test/data/57495553/MiniRaftClusterWithGrpcb4d6295b/s2/14cfed2c-36c4-4e42-b6ce-772b8532511d
2023-03-02 04:44:38,097 [s2-impl-thread1] INFO  server.RaftServerConfigKeys (ConfUtils.java:logGet(46)) - raft.server.log.queue.byte-limit = 64MB (=67108864) (default)
2023-03-02 04:44:38,097 [s2-impl-thread1] INFO  server.RaftServerConfigKeys (ConfUtils.java:logGet(46)) - raft.server.log.queue.element-limit = 4096 (default)
2023-03-02 04:44:38,097 [s2-impl-thread1] INFO  server.RaftServerConfigKeys (ConfUtils.java:logGet(46)) - raft.server.log.segment.size.max = 8MB (=8388608) (default)
2023-03-02 04:44:38,097 [s2-impl-thread1] INFO  server.RaftServerConfigKeys (ConfUtils.java:logGet(46)) - raft.server.log.preallocated.size = 4MB (=4194304) (default)
2023-03-02 04:44:38,097 [s2-impl-thread1] INFO  server.RaftServerConfigKeys (ConfUtils.java:logGet(46)) - raft.server.log.force.sync.num = 128 (default)
2023-03-02 04:44:38,097 [s2-impl-thread1] INFO  server.RaftServerConfigKeys (ConfUtils.java:logGet(46)) - raft.server.log.statemachine.data.sync = true (default)
2023-03-02 04:44:38,097 [s2-impl-thread1] INFO  server.RaftServerConfigKeys (ConfUtils.java:logGet(46)) - raft.server.log.statemachine.data.sync.timeout = 10s (default)
2023-03-02 04:44:38,097 [s2-impl-thread1] INFO  server.RaftServerConfigKeys (ConfUtils.java:logGet(46)) - raft.server.log.statemachine.data.sync.timeout.retry = -1 (default)
2023-03-02 04:44:38,097 [s2-impl-thread1] INFO  server.RaftServerConfigKeys (ConfUtils.java:logGet(46)) - raft.server.log.write.buffer.size = 64KB (=65536) (default)
2023-03-02 04:44:38,097 [s2-impl-thread1] INFO  server.RaftServerConfigKeys (ConfUtils.java:logGet(46)) - raft.server.log.appender.buffer.byte-limit = 4MB (=4194304) (default)
2023-03-02 04:44:38,099 [s2-impl-thread1] INFO  server.RaftServerConfigKeys (ConfUtils.java:logGet(46)) - raft.server.log.unsafe-flush.enabled = false (default)
2023-03-02 04:44:38,099 [s2-impl-thread1] INFO  server.RaftServerConfigKeys (ConfUtils.java:logGet(46)) - raft.server.log.async-flush.enabled = false (default)
2023-03-02 04:44:38,099 [s2-impl-thread1] INFO  server.RaftServerConfigKeys (ConfUtils.java:logGet(46)) - raft.server.log.statemachine.data.caching.enabled = false (default)
2023-03-02 04:44:38,099 [s2-impl-thread1] INFO  segmented.SegmentedRaftLogWorker (SegmentedRaftLogWorker.java:lambda$new$0(134)) - s2@group-772B8532511D-SegmentedRaftLogWorker: flushIndex: setUnconditionally 0 -> -1
2023-03-02 04:44:38,099 [s2-impl-thread1] INFO  segmented.SegmentedRaftLogWorker (SegmentedRaftLogWorker.java:lambda$new$0(134)) - s2@group-772B8532511D-SegmentedRaftLogWorker: safeCacheEvictIndex: setUnconditionally 0 -> -1
2023-03-02 04:44:38,100 [JvmPauseMonitor17] INFO  util.JvmPauseMonitor (JvmPauseMonitor.java:run(103)) - JvmPauseMonitor-s1: Started
2023-03-02 04:44:38,102 [s2-impl-thread1] INFO  server.RaftServer$Division (RaftServerImpl.java:start(342)) - s2@group-772B8532511D: start as a follower, conf=-1: peers:[s0|rpc:localhost:34267|admin:localhost:32949|client:localhost:35923|dataStream:localhost:46235|priority:0|startupRole:FOLLOWER, s1|rpc:localhost:37243|admin:localhost:44551|client:localhost:33805|dataStream:localhost:37499|priority:0|startupRole:FOLLOWER, s2|rpc:localhost:42943|admin:localhost:33533|client:localhost:39405|dataStream:localhost:42543|priority:0|startupRole:FOLLOWER]|listeners:[], old=null
2023-03-02 04:44:38,102 [s2-impl-thread1] INFO  server.RaftServer$Division (RaftServerImpl.java:setRole(329)) - s2@group-772B8532511D: changes role from      null to FOLLOWER at term 0 for startAsFollower
2023-03-02 04:44:38,102 [s2-impl-thread1] INFO  impl.RoleInfo (RoleInfo.java:updateAndGet(139)) - s2: start s2@group-772B8532511D-FollowerState
2023-03-02 04:44:38,102 [s2-impl-thread1] INFO  util.JmxRegister (JmxRegister.java:tryRegister(44)) - Successfully registered JMX Bean with object name Ratis:service=RaftServer,group=group-772B8532511D,id=s2
2023-03-02 04:44:38,102 [s2-impl-thread1] INFO  server.RaftServerConfigKeys (ConfUtils.java:logGet(46)) - raft.server.snapshot.auto.trigger.enabled = false (default)
2023-03-02 04:44:38,102 [s2-impl-thread1] INFO  server.RaftServerConfigKeys (ConfUtils.java:logGet(46)) - raft.server.snapshot.retention.file.num = -1 (default)
2023-03-02 04:44:38,102 [s2-impl-thread1] INFO  server.RaftServerConfigKeys (ConfUtils.java:logGet(46)) - raft.server.log.purge.upto.snapshot.index = false (default)
2023-03-02 04:44:38,103 [Time-limited test] INFO  server.RaftServer (RaftServerProxy.java:startImpl(401)) - s2: start RPC server
2023-03-02 04:44:38,103 [s2@group-772B8532511D-FollowerState] INFO  server.RaftServerConfigKeys (ConfUtils.java:logFallback(53)) - raft.server.rpc.first-election.timeout.min = 150ms (fallback to raft.server.rpc.timeout.min)
2023-03-02 04:44:38,103 [s2@group-772B8532511D-FollowerState] INFO  server.RaftServerConfigKeys (ConfUtils.java:logFallback(53)) - raft.server.rpc.first-election.timeout.max = 300ms (fallback to raft.server.rpc.timeout.max)
2023-03-02 04:44:38,104 [Time-limited test] INFO  server.GrpcService (GrpcService.java:startImpl(302)) - s2: GrpcService started, listening on 39405
2023-03-02 04:44:38,104 [Time-limited test] INFO  server.GrpcService (GrpcService.java:startImpl(302)) - s2: GrpcService started, listening on 42943
2023-03-02 04:44:38,104 [Time-limited test] INFO  server.GrpcService (GrpcService.java:startImpl(302)) - s2: GrpcService started, listening on 33533
2023-03-02 04:44:38,105 [JvmPauseMonitor18] INFO  util.JvmPauseMonitor (JvmPauseMonitor.java:run(103)) - JvmPauseMonitor-s2: Started
2023-03-02 04:44:38,111 [null-request--thread1] INFO  server.GrpcClientProtocolService (GrpcClientProtocolService.java:lambda$processClientRequest$0(284)) - Failed RaftClientRequest:client-7597AC6B4C29->s0@group-772B8532511D, cid=672, seq=0, RW, Message:6d, reply=RaftClientReply:client-7597AC6B4C29->s0@group-772B8532511D, cid=672, FAILED org.apache.ratis.protocol.exceptions.NotLeaderException: Server s0@group-772B8532511D is not the leader, logIndex=0, commits[s0:c-1]
2023-03-02 04:44:38,207 [s0@group-772B8532511D-FollowerState] INFO  impl.FollowerState (FollowerState.java:run(143)) - s0@group-772B8532511D-FollowerState: change to CANDIDATE, lastRpcElapsedTime:178103226ns, electionTimeout:166ms
2023-03-02 04:44:38,207 [s0@group-772B8532511D-FollowerState] INFO  impl.RoleInfo (RoleInfo.java:shutdownFollowerState(110)) - s0: shutdown s0@group-772B8532511D-FollowerState
2023-03-02 04:44:38,207 [s0@group-772B8532511D-FollowerState] INFO  server.RaftServer$Division (RaftServerImpl.java:setRole(329)) - s0@group-772B8532511D: changes role from  FOLLOWER to CANDIDATE at term 0 for changeToCandidate
2023-03-02 04:44:38,211 [s0@group-772B8532511D-FollowerState] INFO  server.RaftServerConfigKeys (ConfUtils.java:logGet(46)) - raft.server.leaderelection.pre-vote = true (default)
2023-03-02 04:44:38,211 [s0@group-772B8532511D-FollowerState] INFO  impl.RoleInfo (RoleInfo.java:updateAndGet(139)) - s0: start s0@group-772B8532511D-LeaderElection12
2023-03-02 04:44:38,230 [s0@group-772B8532511D-LeaderElection12] INFO  impl.LeaderElection (LeaderElection.java:askForVotes(309)) - s0@group-772B8532511D-LeaderElection12 PRE_VOTE round 0: submit vote requests at term 0 for -1: peers:[s0|rpc:localhost:34267|admin:localhost:32949|client:localhost:35923|dataStream:localhost:46235|priority:0|startupRole:FOLLOWER, s1|rpc:localhost:37243|admin:localhost:44551|client:localhost:33805|dataStream:localhost:37499|priority:0|startupRole:FOLLOWER, s2|rpc:localhost:42943|admin:localhost:33533|client:localhost:39405|dataStream:localhost:42543|priority:0|startupRole:FOLLOWER]|listeners:[], old=null
2023-03-02 04:44:38,237 [s0@group-772B8532511D-LeaderElection12-1] INFO  server.GrpcServerProtocolClient (GrpcServerProtocolClient.java:<init>(63)) - Build channel for s1
2023-03-02 04:44:38,241 [s1@group-772B8532511D-FollowerState] INFO  impl.FollowerState (FollowerState.java:run(143)) - s1@group-772B8532511D-FollowerState: change to CANDIDATE, lastRpcElapsedTime:166457131ns, electionTimeout:159ms
2023-03-02 04:44:38,241 [s1@group-772B8532511D-FollowerState] INFO  impl.RoleInfo (RoleInfo.java:shutdownFollowerState(110)) - s1: shutdown s1@group-772B8532511D-FollowerState
2023-03-02 04:44:38,241 [s1@group-772B8532511D-FollowerState] INFO  server.RaftServer$Division (RaftServerImpl.java:setRole(329)) - s1@group-772B8532511D: changes role from  FOLLOWER to CANDIDATE at term 0 for changeToCandidate
2023-03-02 04:44:38,241 [grpc-default-executor-6] INFO  server.RaftServer$Division (RaftServerImpl.java:requestVote(1302)) - s1@group-772B8532511D: receive requestVote(PRE_VOTE, s0, group-772B8532511D, 0, (t:0, i:0))
2023-03-02 04:44:38,243 [s0@group-772B8532511D-LeaderElection12] INFO  server.RaftServerConfigKeys (ConfUtils.java:logFallback(53)) - raft.server.rpc.first-election.timeout.min = 150ms (fallback to raft.server.rpc.timeout.min)
2023-03-02 04:44:38,243 [s0@group-772B8532511D-LeaderElection12] INFO  server.RaftServerConfigKeys (ConfUtils.java:logFallback(53)) - raft.server.rpc.first-election.timeout.max = 300ms (fallback to raft.server.rpc.timeout.max)
2023-03-02 04:44:38,244 [s0@group-772B8532511D-LeaderElection12-2] INFO  server.GrpcServerProtocolClient (GrpcServerProtocolClient.java:<init>(63)) - Build channel for s2
2023-03-02 04:44:38,248 [s1@group-772B8532511D-FollowerState] INFO  server.RaftServerConfigKeys (ConfUtils.java:logGet(46)) - raft.server.leaderelection.pre-vote = true (default)
2023-03-02 04:44:38,248 [s1@group-772B8532511D-FollowerState] INFO  impl.RoleInfo (RoleInfo.java:updateAndGet(139)) - s1: start s1@group-772B8532511D-LeaderElection13
2023-03-02 04:44:38,252 [grpc-default-executor-6] INFO  impl.VoteContext (VoteContext.java:log(49)) - s1@group-772B8532511D-CANDIDATE: accept PRE_VOTE from s0: our priority 0 <= candidate's priority 0
2023-03-02 04:44:38,253 [grpc-default-executor-6] INFO  server.RaftServer$Division (RaftServerImpl.java:requestVote(1335)) - s1@group-772B8532511D replies to PRE_VOTE vote request: s0<-s1#0:OK-t0. Peer's state: s1@group-772B8532511D:t0, leader=null, voted=, raftlog=Memoized:s1@group-772B8532511D-SegmentedRaftLog:OPENED:c-1, conf=-1: peers:[s0|rpc:localhost:34267|admin:localhost:32949|client:localhost:35923|dataStream:localhost:46235|priority:0|startupRole:FOLLOWER, s1|rpc:localhost:37243|admin:localhost:44551|client:localhost:33805|dataStream:localhost:37499|priority:0|startupRole:FOLLOWER, s2|rpc:localhost:42943|admin:localhost:33533|client:localhost:39405|dataStream:localhost:42543|priority:0|startupRole:FOLLOWER]|listeners:[], old=null
2023-03-02 04:44:38,260 [s0@group-772B8532511D-LeaderElection12] INFO  impl.LeaderElection (LeaderElection.java:logAndReturn(89)) - s0@group-772B8532511D-LeaderElection12: PRE_VOTE PASSED received 1 response(s) and 0 exception(s):
2023-03-02 04:44:38,260 [s0@group-772B8532511D-LeaderElection12] INFO  impl.LeaderElection (LeaderElection.java:logAndReturn(93)) -   Response 0: s0<-s1#0:OK-t0
2023-03-02 04:44:38,260 [s0@group-772B8532511D-LeaderElection12] INFO  impl.LeaderElection (LeaderElection.java:askForVotes(311)) - s0@group-772B8532511D-LeaderElection12 PRE_VOTE round 0: result PASSED
2023-03-02 04:44:38,262 [s0@group-772B8532511D-LeaderElection12] INFO  impl.LeaderElection (LeaderElection.java:askForVotes(309)) - s0@group-772B8532511D-LeaderElection12 ELECTION round 0: submit vote requests at term 1 for -1: peers:[s0|rpc:localhost:34267|admin:localhost:32949|client:localhost:35923|dataStream:localhost:46235|priority:0|startupRole:FOLLOWER, s1|rpc:localhost:37243|admin:localhost:44551|client:localhost:33805|dataStream:localhost:37499|priority:0|startupRole:FOLLOWER, s2|rpc:localhost:42943|admin:localhost:33533|client:localhost:39405|dataStream:localhost:42543|priority:0|startupRole:FOLLOWER]|listeners:[], old=null
2023-03-02 04:44:38,263 [grpc-default-executor-6] INFO  server.RaftServer$Division (RaftServerImpl.java:requestVote(1302)) - s2@group-772B8532511D: receive requestVote(PRE_VOTE, s0, group-772B8532511D, 0, (t:0, i:0))
2023-03-02 04:44:38,263 [grpc-default-executor-6] INFO  impl.VoteContext (VoteContext.java:log(49)) - s2@group-772B8532511D-FOLLOWER: accept PRE_VOTE from s0: our priority 0 <= candidate's priority 0
2023-03-02 04:44:38,263 [grpc-default-executor-6] INFO  server.RaftServer$Division (RaftServerImpl.java:requestVote(1335)) - s2@group-772B8532511D replies to PRE_VOTE vote request: s0<-s2#0:OK-t0. Peer's state: s2@group-772B8532511D:t0, leader=null, voted=, raftlog=Memoized:s2@group-772B8532511D-SegmentedRaftLog:OPENED:c-1, conf=-1: peers:[s0|rpc:localhost:34267|admin:localhost:32949|client:localhost:35923|dataStream:localhost:46235|priority:0|startupRole:FOLLOWER, s1|rpc:localhost:37243|admin:localhost:44551|client:localhost:33805|dataStream:localhost:37499|priority:0|startupRole:FOLLOWER, s2|rpc:localhost:42943|admin:localhost:33533|client:localhost:39405|dataStream:localhost:42543|priority:0|startupRole:FOLLOWER]|listeners:[], old=null
2023-03-02 04:44:38,263 [s1@group-772B8532511D-LeaderElection13] INFO  impl.LeaderElection (LeaderElection.java:askForVotes(309)) - s1@group-772B8532511D-LeaderElection13 PRE_VOTE round 0: submit vote requests at term 0 for -1: peers:[s0|rpc:localhost:34267|admin:localhost:32949|client:localhost:35923|dataStream:localhost:46235|priority:0|startupRole:FOLLOWER, s1|rpc:localhost:37243|admin:localhost:44551|client:localhost:33805|dataStream:localhost:37499|priority:0|startupRole:FOLLOWER, s2|rpc:localhost:42943|admin:localhost:33533|client:localhost:39405|dataStream:localhost:42543|priority:0|startupRole:FOLLOWER]|listeners:[], old=null
2023-03-02 04:44:38,264 [null-request--thread1] INFO  server.GrpcClientProtocolService (GrpcClientProtocolService.java:lambda$processClientRequest$0(284)) - Failed RaftClientRequest:client-7597AC6B4C29->s1@group-772B8532511D, cid=672, seq=0, RW, Message:6d, reply=RaftClientReply:client-7597AC6B4C29->s1@group-772B8532511D, cid=672, FAILED org.apache.ratis.protocol.exceptions.NotLeaderException: Server s1@group-772B8532511D is not the leader, logIndex=0, commits[s1:c-1]
2023-03-02 04:44:38,266 [s0@group-772B8532511D-LeaderElection12] INFO  server.RaftServerConfigKeys (ConfUtils.java:logFallback(53)) - raft.server.rpc.first-election.timeout.min = 150ms (fallback to raft.server.rpc.timeout.min)
2023-03-02 04:44:38,266 [s0@group-772B8532511D-LeaderElection12] INFO  server.RaftServerConfigKeys (ConfUtils.java:logFallback(53)) - raft.server.rpc.first-election.timeout.max = 300ms (fallback to raft.server.rpc.timeout.max)
2023-03-02 04:44:38,267 [grpc-default-executor-4] INFO  server.RaftServer$Division (RaftServerImpl.java:requestVote(1302)) - s1@group-772B8532511D: receive requestVote(ELECTION, s0, group-772B8532511D, 1, (t:0, i:0))
2023-03-02 04:44:38,267 [grpc-default-executor-4] INFO  impl.VoteContext (VoteContext.java:log(49)) - s1@group-772B8532511D-CANDIDATE: accept ELECTION from s0: our priority 0 <= candidate's priority 0
2023-03-02 04:44:38,267 [grpc-default-executor-4] INFO  server.RaftServer$Division (RaftServerImpl.java:setRole(329)) - s1@group-772B8532511D: changes role from CANDIDATE to FOLLOWER at term 1 for candidate:s0
2023-03-02 04:44:38,267 [grpc-default-executor-4] INFO  impl.RoleInfo (RoleInfo.java:shutdownLeaderElection(130)) - s1: shutdown s1@group-772B8532511D-LeaderElection13
2023-03-02 04:44:38,268 [grpc-default-executor-4] INFO  impl.RoleInfo (RoleInfo.java:updateAndGet(139)) - s1: start s1@group-772B8532511D-FollowerState
2023-03-02 04:44:38,268 [s1@group-772B8532511D-LeaderElection13-1] INFO  server.GrpcServerProtocolClient (GrpcServerProtocolClient.java:<init>(63)) - Build channel for s0
2023-03-02 04:44:38,274 [grpc-default-executor-6] INFO  server.RaftServer$Division (RaftServerImpl.java:requestVote(1302)) - s0@group-772B8532511D: receive requestVote(PRE_VOTE, s1, group-772B8532511D, 0, (t:0, i:0))
2023-03-02 04:44:38,274 [grpc-default-executor-6] INFO  impl.VoteContext (VoteContext.java:log(49)) - s0@group-772B8532511D-CANDIDATE: accept PRE_VOTE from s1: our priority 0 <= candidate's priority 0
2023-03-02 04:44:38,274 [grpc-default-executor-6] INFO  server.RaftServer$Division (RaftServerImpl.java:requestVote(1335)) - s0@group-772B8532511D replies to PRE_VOTE vote request: s1<-s0#0:OK-t1. Peer's state: s0@group-772B8532511D:t1, leader=null, voted=s0, raftlog=Memoized:s0@group-772B8532511D-SegmentedRaftLog:OPENED:c-1, conf=-1: peers:[s0|rpc:localhost:34267|admin:localhost:32949|client:localhost:35923|dataStream:localhost:46235|priority:0|startupRole:FOLLOWER, s1|rpc:localhost:37243|admin:localhost:44551|client:localhost:33805|dataStream:localhost:37499|priority:0|startupRole:FOLLOWER, s2|rpc:localhost:42943|admin:localhost:33533|client:localhost:39405|dataStream:localhost:42543|priority:0|startupRole:FOLLOWER]|listeners:[], old=null
2023-03-02 04:44:38,276 [s1@group-772B8532511D-LeaderElection13] INFO  server.RaftServerConfigKeys (ConfUtils.java:logFallback(53)) - raft.server.rpc.first-election.timeout.min = 150ms (fallback to raft.server.rpc.timeout.min)
2023-03-02 04:44:38,276 [s1@group-772B8532511D-LeaderElection13] INFO  server.RaftServerConfigKeys (ConfUtils.java:logFallback(53)) - raft.server.rpc.first-election.timeout.max = 300ms (fallback to raft.server.rpc.timeout.max)
2023-03-02 04:44:38,276 [s1@group-772B8532511D-LeaderElection13] INFO  impl.LeaderElection (LeaderElection.java:logAndReturn(89)) - s1@group-772B8532511D-LeaderElection13: PRE_VOTE REJECTED received 0 response(s) and 0 exception(s):
2023-03-02 04:44:38,276 [s1@group-772B8532511D-LeaderElection13] INFO  impl.LeaderElection (LeaderElection.java:askForVotes(311)) - s1@group-772B8532511D-LeaderElection13 PRE_VOTE round 0: result REJECTED
2023-03-02 04:44:38,276 [grpc-default-executor-6] INFO  server.RaftServer$Division (RaftServerImpl.java:requestVote(1302)) - s2@group-772B8532511D: receive requestVote(ELECTION, s0, group-772B8532511D, 1, (t:0, i:0))
2023-03-02 04:44:38,276 [grpc-default-executor-6] INFO  impl.VoteContext (VoteContext.java:log(49)) - s2@group-772B8532511D-FOLLOWER: accept ELECTION from s0: our priority 0 <= candidate's priority 0
2023-03-02 04:44:38,276 [grpc-default-executor-6] INFO  server.RaftServer$Division (RaftServerImpl.java:setRole(329)) - s2@group-772B8532511D: changes role from  FOLLOWER to FOLLOWER at term 1 for candidate:s0
2023-03-02 04:44:38,276 [grpc-default-executor-6] INFO  impl.RoleInfo (RoleInfo.java:shutdownFollowerState(110)) - s2: shutdown s2@group-772B8532511D-FollowerState
2023-03-02 04:44:38,277 [grpc-default-executor-6] INFO  impl.RoleInfo (RoleInfo.java:updateAndGet(139)) - s2: start s2@group-772B8532511D-FollowerState
2023-03-02 04:44:38,277 [s2@group-772B8532511D-FollowerState] INFO  impl.FollowerState (FollowerState.java:run(152)) - s2@group-772B8532511D-FollowerState was interrupted
2023-03-02 04:44:38,281 [s1@group-772B8532511D-LeaderElection13-2] INFO  server.GrpcServerProtocolClient (GrpcServerProtocolClient.java:<init>(63)) - Build channel for s2
2023-03-02 04:44:38,297 [s1@group-772B8532511D-FollowerState] INFO  server.RaftServerConfigKeys (ConfUtils.java:logFallback(53)) - raft.server.rpc.first-election.timeout.min = 150ms (fallback to raft.server.rpc.timeout.min)
2023-03-02 04:44:38,297 [s1@group-772B8532511D-FollowerState] INFO  server.RaftServerConfigKeys (ConfUtils.java:logFallback(53)) - raft.server.rpc.first-election.timeout.max = 300ms (fallback to raft.server.rpc.timeout.max)
2023-03-02 04:44:38,298 [grpc-default-executor-3] INFO  server.RaftServer$Division (RaftServerImpl.java:requestVote(1302)) - s2@group-772B8532511D: receive requestVote(PRE_VOTE, s1, group-772B8532511D, 0, (t:0, i:0))
2023-03-02 04:44:38,299 [grpc-default-executor-6] INFO  server.RaftServer$Division (RaftServerImpl.java:requestVote(1335)) - s2@group-772B8532511D replies to ELECTION vote request: s0<-s2#0:OK-t1. Peer's state: s2@group-772B8532511D:t1, leader=null, voted=s0, raftlog=Memoized:s2@group-772B8532511D-SegmentedRaftLog:OPENED:c-1, conf=-1: peers:[s0|rpc:localhost:34267|admin:localhost:32949|client:localhost:35923|dataStream:localhost:46235|priority:0|startupRole:FOLLOWER, s1|rpc:localhost:37243|admin:localhost:44551|client:localhost:33805|dataStream:localhost:37499|priority:0|startupRole:FOLLOWER, s2|rpc:localhost:42943|admin:localhost:33533|client:localhost:39405|dataStream:localhost:42543|priority:0|startupRole:FOLLOWER]|listeners:[], old=null
2023-03-02 04:44:38,300 [grpc-default-executor-3] INFO  impl.VoteContext (VoteContext.java:log(49)) - s2@group-772B8532511D-FOLLOWER: accept PRE_VOTE from s1: our priority 0 <= candidate's priority 0
2023-03-02 04:44:38,300 [grpc-default-executor-3] INFO  server.RaftServer$Division (RaftServerImpl.java:requestVote(1335)) - s2@group-772B8532511D replies to PRE_VOTE vote request: s1<-s2#0:OK-t1. Peer's state: s2@group-772B8532511D:t1, leader=null, voted=s0, raftlog=Memoized:s2@group-772B8532511D-SegmentedRaftLog:OPENED:c-1, conf=-1: peers:[s0|rpc:localhost:34267|admin:localhost:32949|client:localhost:35923|dataStream:localhost:46235|priority:0|startupRole:FOLLOWER, s1|rpc:localhost:37243|admin:localhost:44551|client:localhost:33805|dataStream:localhost:37499|priority:0|startupRole:FOLLOWER, s2|rpc:localhost:42943|admin:localhost:33533|client:localhost:39405|dataStream:localhost:42543|priority:0|startupRole:FOLLOWER]|listeners:[], old=null
2023-03-02 04:44:38,300 [s0@group-772B8532511D-LeaderElection12] INFO  impl.LeaderElection (LeaderElection.java:logAndReturn(89)) - s0@group-772B8532511D-LeaderElection12: ELECTION PASSED received 1 response(s) and 0 exception(s):
2023-03-02 04:44:38,300 [s0@group-772B8532511D-LeaderElection12] INFO  impl.LeaderElection (LeaderElection.java:logAndReturn(93)) -   Response 0: s0<-s2#0:OK-t1
2023-03-02 04:44:38,300 [s0@group-772B8532511D-LeaderElection12] INFO  impl.LeaderElection (LeaderElection.java:askForVotes(311)) - s0@group-772B8532511D-LeaderElection12 ELECTION round 0: result PASSED
2023-03-02 04:44:38,300 [s0@group-772B8532511D-LeaderElection12] INFO  impl.RoleInfo (RoleInfo.java:shutdownLeaderElection(130)) - s0: shutdown s0@group-772B8532511D-LeaderElection12
2023-03-02 04:44:38,300 [s0@group-772B8532511D-LeaderElection12] INFO  server.RaftServer$Division (RaftServerImpl.java:setRole(329)) - s0@group-772B8532511D: changes role from CANDIDATE to LEADER at term 1 for changeToLeader
2023-03-02 04:44:38,300 [s0@group-772B8532511D-LeaderElection12] INFO  server.RaftServer$Division (ServerState.java:setLeader(260)) - s0@group-772B8532511D: change Leader from null to s0 at term 1 for becomeLeader, leader elected after 342ms
2023-03-02 04:44:38,300 [s0@group-772B8532511D-LeaderElection12] INFO  server.RaftServerConfigKeys (ConfUtils.java:logGet(46)) - raft.server.staging.catchup.gap = 1000 (default)
2023-03-02 04:44:38,300 [s0@group-772B8532511D-LeaderElection12] INFO  server.RaftServerConfigKeys (ConfUtils.java:logGet(46)) - raft.server.write.element-limit = 4096 (default)
2023-03-02 04:44:38,301 [s0@group-772B8532511D-LeaderElection12] INFO  server.RaftServerConfigKeys (ConfUtils.java:logGet(46)) - raft.server.write.byte-limit = 64MB (=67108864) (default)
2023-03-02 04:44:38,301 [s0@group-772B8532511D-LeaderElection12] INFO  server.RaftServerConfigKeys (ConfUtils.java:logGet(46)) - raft.server.watch.timeout = 10s (default)
2023-03-02 04:44:38,301 [s0@group-772B8532511D-LeaderElection12] INFO  server.RaftServerConfigKeys (ConfUtils.java:logGet(46)) - raft.server.watch.timeout.denomination = 1s (default)
2023-03-02 04:44:38,301 [s0@group-772B8532511D-LeaderElection12] INFO  server.RaftServerConfigKeys (ConfUtils.java:logGet(46)) - raft.server.watch.element-limit = 65536 (default)
2023-03-02 04:44:38,301 [s0@group-772B8532511D-LeaderElection12] INFO  server.RaftServerConfigKeys (ConfUtils.java:logGet(46)) - raft.server.write.element-limit = 4096 (default)
2023-03-02 04:44:38,301 [s0@group-772B8532511D-LeaderElection12] INFO  server.RaftServerConfigKeys (ConfUtils.java:logGet(46)) - raft.server.write.follower.gap.ratio.max = -1.0 (default)
2023-03-02 04:44:38,301 [s0@group-772B8532511D-LeaderElection12] INFO  server.RaftServerConfigKeys (ConfUtils.java:logGet(46)) - raft.server.log.appender.snapshot.chunk.size.max = 16MB (=16777216) (default)
2023-03-02 04:44:38,301 [s0@group-772B8532511D-LeaderElection12] INFO  server.RaftServerConfigKeys (ConfUtils.java:logGet(46)) - raft.server.log.appender.buffer.byte-limit = 4MB (=4194304) (default)
2023-03-02 04:44:38,301 [s0@group-772B8532511D-LeaderElection12] INFO  server.RaftServerConfigKeys (ConfUtils.java:logGet(46)) - raft.server.log.appender.buffer.element-limit = 1 (custom)
2023-03-02 04:44:38,301 [s0@group-772B8532511D-LeaderElection12] INFO  server.RaftServerConfigKeys (ConfUtils.java:logGet(46)) - raft.server.log.appender.wait-time.min = 10ms (default)
2023-03-02 04:44:38,301 [s0@group-772B8532511D-LeaderElection12] INFO  grpc.GrpcConfigKeys (ConfUtils.java:logGet(46)) - raft.grpc.server.leader.outstanding.appends.max = 10 (custom)
2023-03-02 04:44:38,301 [s0@group-772B8532511D-LeaderElection12] INFO  server.RaftServerConfigKeys (ConfUtils.java:logGet(46)) - raft.server.rpc.request.timeout = 3000ms (default)
2023-03-02 04:44:38,301 [s0@group-772B8532511D-LeaderElection12] INFO  server.RaftServerConfigKeys (ConfUtils.java:logGet(46)) - raft.server.log.appender.install.snapshot.enabled = true (default)
2023-03-02 04:44:38,301 [s0@group-772B8532511D-LeaderElection12] INFO  grpc.GrpcConfigKeys (ConfUtils.java:logGet(46)) - raft.grpc.server.heartbeat.channel = true (default)
2023-03-02 04:44:38,302 [s0@group-772B8532511D-LeaderElection12] INFO  server.RaftServerConfigKeys (ConfUtils.java:logGet(46)) - raft.server.log.appender.snapshot.chunk.size.max = 16MB (=16777216) (default)
2023-03-02 04:44:38,302 [s0@group-772B8532511D-LeaderElection12] INFO  server.RaftServerConfigKeys (ConfUtils.java:logGet(46)) - raft.server.log.appender.buffer.byte-limit = 4MB (=4194304) (default)
2023-03-02 04:44:38,302 [s0@group-772B8532511D-LeaderElection12] INFO  server.RaftServerConfigKeys (ConfUtils.java:logGet(46)) - raft.server.log.appender.buffer.element-limit = 1 (custom)
2023-03-02 04:44:38,302 [s0@group-772B8532511D-LeaderElection12] INFO  server.RaftServerConfigKeys (ConfUtils.java:logGet(46)) - raft.server.log.appender.wait-time.min = 10ms (default)
2023-03-02 04:44:38,302 [s0@group-772B8532511D-LeaderElection12] INFO  grpc.GrpcConfigKeys (ConfUtils.java:logGet(46)) - raft.grpc.server.leader.outstanding.appends.max = 10 (custom)
2023-03-02 04:44:38,302 [s0@group-772B8532511D-LeaderElection12] INFO  server.RaftServerConfigKeys (ConfUtils.java:logGet(46)) - raft.server.rpc.request.timeout = 3000ms (default)
2023-03-02 04:44:38,302 [s0@group-772B8532511D-LeaderElection12] INFO  server.RaftServerConfigKeys (ConfUtils.java:logGet(46)) - raft.server.log.appender.install.snapshot.enabled = true (default)
2023-03-02 04:44:38,302 [s0@group-772B8532511D-LeaderElection12] INFO  grpc.GrpcConfigKeys (ConfUtils.java:logGet(46)) - raft.grpc.server.heartbeat.channel = true (default)
2023-03-02 04:44:38,302 [s0@group-772B8532511D-LeaderElection12] INFO  impl.RoleInfo (RoleInfo.java:updateAndGet(139)) - s0: start s0@group-772B8532511D-LeaderStateImpl
2023-03-02 04:44:38,302 [s0@group-772B8532511D-LeaderElection12] INFO  segmented.SegmentedRaftLogWorker (SegmentedRaftLogWorker.java:startLogSegment(426)) - s0@group-772B8532511D-SegmentedRaftLogWorker: Starting segment from index:0
2023-03-02 04:44:38,311 [s2@group-772B8532511D-FollowerState] INFO  server.RaftServerConfigKeys (ConfUtils.java:logFallback(53)) - raft.server.rpc.first-election.timeout.min = 150ms (fallback to raft.server.rpc.timeout.min)
2023-03-02 04:44:38,311 [s2@group-772B8532511D-FollowerState] INFO  server.RaftServerConfigKeys (ConfUtils.java:logFallback(53)) - raft.server.rpc.first-election.timeout.max = 300ms (fallback to raft.server.rpc.timeout.max)
2023-03-02 04:44:38,315 [s0@group-772B8532511D-SegmentedRaftLogWorker] INFO  segmented.SegmentedRaftLogWorker (SegmentedRaftLogWorker.java:execute(630)) - s0@group-772B8532511D-SegmentedRaftLogWorker: created new log segment /home/runner/work/ratis/ratis/ratis-test/target/test/data/57495553/MiniRaftClusterWithGrpcb4d6295b/s0/14cfed2c-36c4-4e42-b6ce-772b8532511d/current/log_inprogress_0
2023-03-02 04:44:38,337 [grpc-default-executor-4] INFO  server.RaftServer$Division (RaftServerImpl.java:requestVote(1335)) - s1@group-772B8532511D replies to ELECTION vote request: s0<-s1#0:OK-t1. Peer's state: s1@group-772B8532511D:t1, leader=null, voted=s0, raftlog=Memoized:s1@group-772B8532511D-SegmentedRaftLog:OPENED:c-1, conf=-1: peers:[s0|rpc:localhost:34267|admin:localhost:32949|client:localhost:35923|dataStream:localhost:46235|priority:0|startupRole:FOLLOWER, s1|rpc:localhost:37243|admin:localhost:44551|client:localhost:33805|dataStream:localhost:37499|priority:0|startupRole:FOLLOWER, s2|rpc:localhost:42943|admin:localhost:33533|client:localhost:39405|dataStream:localhost:42543|priority:0|startupRole:FOLLOWER]|listeners:[], old=null
2023-03-02 04:44:38,342 [s0@group-772B8532511D-LeaderElection12] INFO  server.RaftServer$Division (ServerState.java:setRaftConf(378)) - s0@group-772B8532511D: set configuration 0: peers:[s0|rpc:localhost:34267|admin:localhost:32949|client:localhost:35923|dataStream:localhost:46235|priority:0|startupRole:FOLLOWER, s1|rpc:localhost:37243|admin:localhost:44551|client:localhost:33805|dataStream:localhost:37499|priority:0|startupRole:FOLLOWER, s2|rpc:localhost:42943|admin:localhost:33533|client:localhost:39405|dataStream:localhost:42543|priority:0|startupRole:FOLLOWER]|listeners:[], old=null
2023-03-02 04:44:38,343 [s1-server-thread1] INFO  server.RaftServer$Division (ServerState.java:setLeader(260)) - s1@group-772B8532511D: change Leader from null to s0 at term 1 for appendEntries, leader elected after 339ms
2023-03-02 04:44:38,347 [s2-server-thread1] INFO  server.RaftServer$Division (ServerState.java:setLeader(260)) - s2@group-772B8532511D: change Leader from null to s0 at term 1 for appendEntries, leader elected after 327ms
2023-03-02 04:44:38,347 [s0@group-772B8532511D->s1-GrpcLogAppender-LogAppenderDaemon] DEBUG leader.FollowerInfo (FollowerInfoImpl.java:lambda$new$1(53)) - s0@group-772B8532511D->s1: nextIndex: updateIncreasingly 0 -> 1
2023-03-02 04:44:38,352 [s1-server-thread1] INFO  server.RaftServer$Division (ServerState.java:setRaftConf(378)) - s1@group-772B8532511D: set configuration 0: peers:[s0|rpc:localhost:34267|admin:localhost:32949|client:localhost:35923|dataStream:localhost:46235|priority:0|startupRole:FOLLOWER, s1|rpc:localhost:37243|admin:localhost:44551|client:localhost:33805|dataStream:localhost:37499|priority:0|startupRole:FOLLOWER, s2|rpc:localhost:42943|admin:localhost:33533|client:localhost:39405|dataStream:localhost:42543|priority:0|startupRole:FOLLOWER]|listeners:[], old=null
2023-03-02 04:44:38,352 [s1-server-thread1] INFO  segmented.SegmentedRaftLogWorker (SegmentedRaftLogWorker.java:startLogSegment(426)) - s1@group-772B8532511D-SegmentedRaftLogWorker: Starting segment from index:0
2023-03-02 04:44:38,354 [s0@group-772B8532511D->s2-GrpcLogAppender-LogAppenderDaemon] DEBUG leader.FollowerInfo (FollowerInfoImpl.java:lambda$new$1(53)) - s0@group-772B8532511D->s2: nextIndex: updateIncreasingly 0 -> 1
2023-03-02 04:44:38,363 [s2-server-thread1] INFO  server.RaftServer$Division (ServerState.java:setRaftConf(378)) - s2@group-772B8532511D: set configuration 0: peers:[s0|rpc:localhost:34267|admin:localhost:32949|client:localhost:35923|dataStream:localhost:46235|priority:0|startupRole:FOLLOWER, s1|rpc:localhost:37243|admin:localhost:44551|client:localhost:33805|dataStream:localhost:37499|priority:0|startupRole:FOLLOWER, s2|rpc:localhost:42943|admin:localhost:33533|client:localhost:39405|dataStream:localhost:42543|priority:0|startupRole:FOLLOWER]|listeners:[], old=null
2023-03-02 04:44:38,363 [s2-server-thread1] INFO  segmented.SegmentedRaftLogWorker (SegmentedRaftLogWorker.java:startLogSegment(426)) - s2@group-772B8532511D-SegmentedRaftLogWorker: Starting segment from index:0
2023-03-02 04:44:38,376 [null-request--thread1] INFO  server.GrpcClientProtocolService (GrpcClientProtocolService.java:lambda$processClientRequest$0(284)) - Failed RaftClientRequest:client-7597AC6B4C29->s0@group-772B8532511D, cid=672, seq=0, RW, Message:6d, reply=RaftClientReply:client-7597AC6B4C29->s0@group-772B8532511D, cid=672, FAILED org.apache.ratis.protocol.exceptions.LeaderNotReadyException: s0@group-772B8532511D is in LEADER state but not ready yet., logIndex=0, commits[s0:c-1, s1:c-1, s2:c-1]
2023-03-02 04:44:38,385 [s2@group-772B8532511D-SegmentedRaftLogWorker] INFO  segmented.SegmentedRaftLogWorker (SegmentedRaftLogWorker.java:execute(630)) - s2@group-772B8532511D-SegmentedRaftLogWorker: created new log segment /home/runner/work/ratis/ratis/ratis-test/target/test/data/57495553/MiniRaftClusterWithGrpcb4d6295b/s2/14cfed2c-36c4-4e42-b6ce-772b8532511d/current/log_inprogress_0
2023-03-02 04:44:38,385 [s1@group-772B8532511D-SegmentedRaftLogWorker] INFO  segmented.SegmentedRaftLogWorker (SegmentedRaftLogWorker.java:execute(630)) - s1@group-772B8532511D-SegmentedRaftLogWorker: created new log segment /home/runner/work/ratis/ratis/ratis-test/target/test/data/57495553/MiniRaftClusterWithGrpcb4d6295b/s1/14cfed2c-36c4-4e42-b6ce-772b8532511d/current/log_inprogress_0
2023-03-02 04:44:38,385 [grpc-default-executor-4] DEBUG leader.FollowerInfo (FollowerInfoImpl.java:lambda$new$1(53)) - s0@group-772B8532511D->s2: matchIndex: updateToMax old=-1, new=0, updated? true
2023-03-02 04:44:38,386 [grpc-default-executor-4] DEBUG leader.FollowerInfo (FollowerInfoImpl.java:lambda$new$1(53)) - s0@group-772B8532511D->s1: matchIndex: updateToMax old=-1, new=0, updated? true
2023-03-02 04:44:38,466 [grpc-default-executor-3] DEBUG leader.FollowerInfo (FollowerInfoImpl.java:lambda$new$1(53)) - s0@group-772B8532511D->s2: commitIndex: updateToMax old=-1, new=0, updated? true
2023-03-02 04:44:38,479 [s0@group-772B8532511D->s1-GrpcLogAppender-LogAppenderDaemon] DEBUG leader.FollowerInfo (FollowerInfoImpl.java:lambda$new$1(53)) - s0@group-772B8532511D->s1: nextIndex: updateIncreasingly 1 -> 2
2023-03-02 04:44:38,484 [grpc-default-executor-3] DEBUG leader.FollowerInfo (FollowerInfoImpl.java:lambda$new$1(53)) - s0@group-772B8532511D->s1: commitIndex: updateToMax old=-1, new=0, updated? true
2023-03-02 04:44:38,487 [s0@group-772B8532511D->s2-GrpcLogAppender-LogAppenderDaemon] DEBUG leader.FollowerInfo (FollowerInfoImpl.java:lambda$new$1(53)) - s0@group-772B8532511D->s2: nextIndex: updateIncreasingly 1 -> 2
2023-03-02 04:44:38,492 [grpc-default-executor-4] DEBUG leader.FollowerInfo (FollowerInfoImpl.java:lambda$new$1(53)) - s0@group-772B8532511D->s2: matchIndex: updateToMax old=0, new=1, updated? true
2023-03-02 04:44:38,492 [s0@group-772B8532511D-StateMachineUpdater] INFO  impl.SimpleStateMachine4Testing (SimpleStateMachine4Testing.java:put(205)) - s0: put 1, m -> (t:1, i:1), STATEMACHINELOGENTRY, 672@client-7597AC6B4C29
2023-03-02 04:44:38,493 [Time-limited test] INFO  server.RaftServerConfigKeys (ConfUtils.java:logGet(46)) - raft.server.rpc.timeout.max = 300ms (default)
2023-03-02 04:44:38,493 [s0@group-772B8532511D->s2-GrpcLogAppender-LogAppenderDaemon] DEBUG leader.FollowerInfo (FollowerInfoImpl.java:lambda$new$1(53)) - s0@group-772B8532511D->s2: nextIndex: updateIncreasingly 2 -> 3
2023-03-02 04:44:38,494 [Time-limited test] INFO  ratis.RaftTestUtil (RaftTestUtil.java:waitForLeader(100)) - printing ALL groups
  s0:  RUNNING    LEADER s0@group-772B8532511D:t1, leader=s0, voted=s0, raftlog=Memoized:s0@group-772B8532511D-SegmentedRaftLog:OPENED:c1, conf=0: peers:[s0|rpc:localhost:34267|admin:localhost:32949|client:localhost:35923|dataStream:localhost:46235|priority:0|startupRole:FOLLOWER, s1|rpc:localhost:37243|admin:localhost:44551|client:localhost:33805|dataStream:localhost:37499|priority:0|startupRole:FOLLOWER, s2|rpc:localhost:42943|admin:localhost:33533|client:localhost:39405|dataStream:localhost:42543|priority:0|startupRole:FOLLOWER]|listeners:[], old=null RUNNING
  s1:  RUNNING  FOLLOWER s1@group-772B8532511D:t1, leader=s0, voted=s0, raftlog=Memoized:s1@group-772B8532511D-SegmentedRaftLog:OPENED:c0, conf=0: peers:[s0|rpc:localhost:34267|admin:localhost:32949|client:localhost:35923|dataStream:localhost:46235|priority:0|startupRole:FOLLOWER, s1|rpc:localhost:37243|admin:localhost:44551|client:localhost:33805|dataStream:localhost:37499|priority:0|startupRole:FOLLOWER, s2|rpc:localhost:42943|admin:localhost:33533|client:localhost:39405|dataStream:localhost:42543|priority:0|startupRole:FOLLOWER]|listeners:[], old=null RUNNING
  s2:  RUNNING  FOLLOWER s2@group-772B8532511D:t1, leader=s0, voted=s0, raftlog=Memoized:s2@group-772B8532511D-SegmentedRaftLog:OPENED:c0, conf=0: peers:[s0|rpc:localhost:34267|admin:localhost:32949|client:localhost:35923|dataStream:localhost:46235|priority:0|startupRole:FOLLOWER, s1|rpc:localhost:37243|admin:localhost:44551|client:localhost:33805|dataStream:localhost:37499|priority:0|startupRole:FOLLOWER, s2|rpc:localhost:42943|admin:localhost:33533|client:localhost:39405|dataStream:localhost:42543|priority:0|startupRole:FOLLOWER]|listeners:[], old=null RUNNING
2023-03-02 04:44:38,494 [Time-limited test] INFO  ratis.RaftTestUtil (RaftTestUtil.java:waitForLeader(119)) - printing ALL groups
  s0:  RUNNING    LEADER s0@group-772B8532511D:t1, leader=s0, voted=s0, raftlog=Memoized:s0@group-772B8532511D-SegmentedRaftLog:OPENED:c1, conf=0: peers:[s0|rpc:localhost:34267|admin:localhost:32949|client:localhost:35923|dataStream:localhost:46235|priority:0|startupRole:FOLLOWER, s1|rpc:localhost:37243|admin:localhost:44551|client:localhost:33805|dataStream:localhost:37499|priority:0|startupRole:FOLLOWER, s2|rpc:localhost:42943|admin:localhost:33533|client:localhost:39405|dataStream:localhost:42543|priority:0|startupRole:FOLLOWER]|listeners:[], old=null RUNNING
  s1:  RUNNING  FOLLOWER s1@group-772B8532511D:t1, leader=s0, voted=s0, raftlog=Memoized:s1@group-772B8532511D-SegmentedRaftLog:OPENED:c0, conf=0: peers:[s0|rpc:localhost:34267|admin:localhost:32949|client:localhost:35923|dataStream:localhost:46235|priority:0|startupRole:FOLLOWER, s1|rpc:localhost:37243|admin:localhost:44551|client:localhost:33805|dataStream:localhost:37499|priority:0|startupRole:FOLLOWER, s2|rpc:localhost:42943|admin:localhost:33533|client:localhost:39405|dataStream:localhost:42543|priority:0|startupRole:FOLLOWER]|listeners:[], old=null RUNNING
  s2:  RUNNING  FOLLOWER s2@group-772B8532511D:t1, leader=s0, voted=s0, raftlog=Memoized:s2@group-772B8532511D-SegmentedRaftLog:OPENED:c0, conf=0: peers:[s0|rpc:localhost:34267|admin:localhost:32949|client:localhost:35923|dataStream:localhost:46235|priority:0|startupRole:FOLLOWER, s1|rpc:localhost:37243|admin:localhost:44551|client:localhost:33805|dataStream:localhost:37499|priority:0|startupRole:FOLLOWER, s2|rpc:localhost:42943|admin:localhost:33533|client:localhost:39405|dataStream:localhost:42543|priority:0|startupRole:FOLLOWER]|listeners:[], old=null RUNNING
2023-03-02 04:44:38,494 [Time-limited test] INFO  impl.SimpleStateMachine4Testing (SimpleStateMachine4Testing.java:block(135)) - block WRITE_STATE_MACHINE_DATA
2023-03-02 04:44:38,494 [Time-limited test] INFO  impl.SimpleStateMachine4Testing (SimpleStateMachine4Testing.java:block(135)) - block WRITE_STATE_MACHINE_DATA
2023-03-02 04:44:38,495 [Time-limited test] WARN  grpc.TestLogAppenderWithGrpc (JavaUtils.java:attempt(217)) - FAILED "matching nextIndex", attempt #1/5: java.lang.AssertionError: expected:<13> but was:<2>, sleep 1s and then retry.
java.lang.AssertionError: expected:<13> but was:<2>
	at org.junit.Assert.fail(Assert.java:89)
	at org.junit.Assert.failNotEquals(Assert.java:835)
	at org.junit.Assert.assertEquals(Assert.java:647)
	at org.junit.Assert.assertEquals(Assert.java:633)
	at org.apache.ratis.grpc.TestLogAppenderWithGrpc.lambda$testPendingLimits$0(TestLogAppenderWithGrpc.java:95)
	at org.apache.ratis.util.function.CheckedRunnable.lambda$asCheckedSupplier$0(CheckedRunnable.java:32)
	at org.apache.ratis.util.JavaUtils.attempt(JavaUtils.java:211)
	at org.apache.ratis.util.JavaUtils.attemptRepeatedly(JavaUtils.java:197)
	at org.apache.ratis.util.JavaUtils.attempt(JavaUtils.java:231)
	at org.apache.ratis.grpc.TestLogAppenderWithGrpc.testPendingLimits(TestLogAppenderWithGrpc.java:92)
	at java.base/jdk.internal.reflect.NativeMethodAccessorImpl.invoke0(Native Method)
	at java.base/jdk.internal.reflect.NativeMethodAccessorImpl.invoke(NativeMethodAccessorImpl.java:62)
	at java.base/jdk.internal.reflect.DelegatingMethodAccessorImpl.invoke(DelegatingMethodAccessorImpl.java:43)
	at java.base/java.lang.reflect.Method.invoke(Method.java:566)
	at org.junit.runners.model.FrameworkMethod$1.runReflectiveCall(FrameworkMethod.java:59)
	at org.junit.internal.runners.model.ReflectiveCallable.run(ReflectiveCallable.java:12)
	at org.junit.runners.model.FrameworkMethod.invokeExplosively(FrameworkMethod.java:56)
	at org.junit.internal.runners.statements.InvokeMethod.evaluate(InvokeMethod.java:17)
	at org.junit.internal.runners.statements.RunAfters.evaluate(RunAfters.java:27)
	at org.junit.internal.runners.statements.FailOnTimeout$CallableStatement.call(FailOnTimeout.java:299)
	at org.junit.internal.runners.statements.FailOnTimeout$CallableStatement.call(FailOnTimeout.java:293)
	at java.base/java.util.concurrent.FutureTask.run(FutureTask.java:264)
	at java.base/java.lang.Thread.run(Thread.java:829)
2023-03-02 04:44:38,500 [s0@group-772B8532511D->s1-GrpcLogAppender-LogAppenderDaemon] DEBUG leader.FollowerInfo (FollowerInfoImpl.java:lambda$new$1(53)) - s0@group-772B8532511D->s1: nextIndex: updateIncreasingly 2 -> 3
2023-03-02 04:44:38,505 [s0@group-772B8532511D->s1-GrpcLogAppender-LogAppenderDaemon] DEBUG leader.FollowerInfo (FollowerInfoImpl.java:lambda$new$1(53)) - s0@group-772B8532511D->s1: nextIndex: updateIncreasingly 3 -> 4
2023-03-02 04:44:38,510 [s2@group-772B8532511D-StateMachineUpdater] INFO  impl.SimpleStateMachine4Testing (SimpleStateMachine4Testing.java:put(205)) - s2: put 1, m -> (t:1, i:1), STATEMACHINELOGENTRY, 672@client-7597AC6B4C29
2023-03-02 04:44:38,512 [grpc-default-executor-2] DEBUG leader.FollowerInfo (FollowerInfoImpl.java:lambda$new$1(53)) - s0@group-772B8532511D->s2: commitIndex: updateToMax old=0, new=1, updated? true
2023-03-02 04:44:38,512 [grpc-default-executor-2] DEBUG leader.FollowerInfo (FollowerInfoImpl.java:lambda$new$1(53)) - s0@group-772B8532511D->s2: matchIndex: updateToMax old=1, new=2, updated? true
2023-03-02 04:44:38,512 [s0@group-772B8532511D->s2-GrpcLogAppender-LogAppenderDaemon] DEBUG leader.FollowerInfo (FollowerInfoImpl.java:lambda$new$1(53)) - s0@group-772B8532511D->s2: nextIndex: updateIncreasingly 3 -> 4
2023-03-02 04:44:38,526 [s0@group-772B8532511D->s1-GrpcLogAppender-LogAppenderDaemon] DEBUG leader.FollowerInfo (FollowerInfoImpl.java:lambda$new$1(53)) - s0@group-772B8532511D->s1: nextIndex: updateIncreasingly 4 -> 5
2023-03-02 04:44:38,530 [s0@group-772B8532511D->s2-GrpcLogAppender-LogAppenderDaemon] DEBUG leader.FollowerInfo (FollowerInfoImpl.java:lambda$new$1(53)) - s0@group-772B8532511D->s2: nextIndex: updateIncreasingly 4 -> 5
2023-03-02 04:44:38,536 [s0@group-772B8532511D->s1-GrpcLogAppender-LogAppenderDaemon] DEBUG leader.FollowerInfo (FollowerInfoImpl.java:lambda$new$1(53)) - s0@group-772B8532511D->s1: nextIndex: updateIncreasingly 5 -> 6
2023-03-02 04:44:38,541 [s0@group-772B8532511D->s2-GrpcLogAppender-LogAppenderDaemon] DEBUG leader.FollowerInfo (FollowerInfoImpl.java:lambda$new$1(53)) - s0@group-772B8532511D->s2: nextIndex: updateIncreasingly 5 -> 6
2023-03-02 04:44:38,546 [s0@group-772B8532511D->s1-GrpcLogAppender-LogAppenderDaemon] DEBUG leader.FollowerInfo (FollowerInfoImpl.java:lambda$new$1(53)) - s0@group-772B8532511D->s1: nextIndex: updateIncreasingly 6 -> 7
2023-03-02 04:44:38,551 [s0@group-772B8532511D->s2-GrpcLogAppender-LogAppenderDaemon] DEBUG leader.FollowerInfo (FollowerInfoImpl.java:lambda$new$1(53)) - s0@group-772B8532511D->s2: nextIndex: updateIncreasingly 6 -> 7
2023-03-02 04:44:38,556 [s0@group-772B8532511D->s1-GrpcLogAppender-LogAppenderDaemon] DEBUG leader.FollowerInfo (FollowerInfoImpl.java:lambda$new$1(53)) - s0@group-772B8532511D->s1: nextIndex: updateIncreasingly 7 -> 8
2023-03-02 04:44:38,561 [s0@group-772B8532511D->s2-GrpcLogAppender-LogAppenderDaemon] DEBUG leader.FollowerInfo (FollowerInfoImpl.java:lambda$new$1(53)) - s0@group-772B8532511D->s2: nextIndex: updateIncreasingly 7 -> 8
2023-03-02 04:44:38,567 [s0@group-772B8532511D->s1-GrpcLogAppender-LogAppenderDaemon] DEBUG leader.FollowerInfo (FollowerInfoImpl.java:lambda$new$1(53)) - s0@group-772B8532511D->s1: nextIndex: updateIncreasingly 8 -> 9
2023-03-02 04:44:38,571 [s0@group-772B8532511D->s2-GrpcLogAppender-LogAppenderDaemon] DEBUG leader.FollowerInfo (FollowerInfoImpl.java:lambda$new$1(53)) - s0@group-772B8532511D->s2: nextIndex: updateIncreasingly 8 -> 9
2023-03-02 04:44:38,582 [s0@group-772B8532511D->s2-GrpcLogAppender-LogAppenderDaemon] DEBUG leader.FollowerInfo (FollowerInfoImpl.java:lambda$new$1(53)) - s0@group-772B8532511D->s2: nextIndex: updateIncreasingly 9 -> 10
2023-03-02 04:44:38,587 [s0@group-772B8532511D->s1-GrpcLogAppender-LogAppenderDaemon] DEBUG leader.FollowerInfo (FollowerInfoImpl.java:lambda$new$1(53)) - s0@group-772B8532511D->s1: nextIndex: updateIncreasingly 9 -> 10
2023-03-02 04:44:38,592 [s0@group-772B8532511D->s2-GrpcLogAppender-LogAppenderDaemon] DEBUG leader.FollowerInfo (FollowerInfoImpl.java:lambda$new$1(53)) - s0@group-772B8532511D->s2: nextIndex: updateIncreasingly 10 -> 11
2023-03-02 04:44:38,598 [s0@group-772B8532511D->s1-GrpcLogAppender-LogAppenderDaemon] DEBUG leader.FollowerInfo (FollowerInfoImpl.java:lambda$new$1(53)) - s0@group-772B8532511D->s1: nextIndex: updateIncreasingly 10 -> 11
2023-03-02 04:44:38,613 [s0@group-772B8532511D->s2-GrpcLogAppender-LogAppenderDaemon] DEBUG leader.FollowerInfo (FollowerInfoImpl.java:lambda$new$1(53)) - s0@group-772B8532511D->s2: nextIndex: updateIncreasingly 11 -> 12
2023-03-02 04:44:38,623 [s0@group-772B8532511D->s2-GrpcLogAppender-LogAppenderDaemon] DEBUG leader.FollowerInfo (FollowerInfoImpl.java:lambda$new$1(53)) - s0@group-772B8532511D->s2: nextIndex: updateIncreasingly 12 -> 13
2023-03-02 04:44:38,634 [Timer-1] INFO  impl.MiniRaftCluster (MiniRaftCluster.java:lambda$start$6(349)) - TIMED-PRINT: printing ALL groups
  s0:  RUNNING  FOLLOWER s0@group-90C0D205C76F:t1, leader=s1, voted=s1, raftlog=Memoized:s0@group-90C0D205C76F-SegmentedRaftLog:OPENED:c0, conf=0: peers:[s0|rpc:localhost:36217|admin:localhost:39885|client:localhost:39421|dataStream:localhost:43973|priority:0|startupRole:FOLLOWER, s1|rpc:localhost:35151|admin:localhost:34843|client:localhost:45507|dataStream:localhost:35593|priority:0|startupRole:FOLLOWER, s2|rpc:localhost:46271|admin:localhost:36499|client:localhost:40381|dataStream:localhost:32969|priority:0|startupRole:FOLLOWER]|listeners:[], old=null RUNNING
  s1:  RUNNING    LEADER s1@group-90C0D205C76F:t1, leader=s1, voted=s1, raftlog=Memoized:s1@group-90C0D205C76F-SegmentedRaftLog:OPENED:c2, conf=0: peers:[s0|rpc:localhost:36217|admin:localhost:39885|client:localhost:39421|dataStream:localhost:43973|priority:0|startupRole:FOLLOWER, s1|rpc:localhost:35151|admin:localhost:34843|client:localhost:45507|dataStream:localhost:35593|priority:0|startupRole:FOLLOWER, s2|rpc:localhost:46271|admin:localhost:36499|client:localhost:40381|dataStream:localhost:32969|priority:0|startupRole:FOLLOWER]|listeners:[], old=null RUNNING
  s2:  RUNNING  FOLLOWER s2@group-90C0D205C76F:t1, leader=s1, voted=s1, raftlog=Memoized:s2@group-90C0D205C76F-SegmentedRaftLog:OPENED:c1, conf=0: peers:[s0|rpc:localhost:36217|admin:localhost:39885|client:localhost:39421|dataStream:localhost:43973|priority:0|startupRole:FOLLOWER, s1|rpc:localhost:35151|admin:localhost:34843|client:localhost:45507|dataStream:localhost:35593|priority:0|startupRole:FOLLOWER, s2|rpc:localhost:46271|admin:localhost:36499|client:localhost:40381|dataStream:localhost:32969|priority:0|startupRole:FOLLOWER]|listeners:[], old=null RUNNING
2023-03-02 04:44:39,138 [s0@group-90C0D205C76F-SegmentedRaftLogWorker] WARN  segmented.SegmentedRaftLogWorker (SegmentedRaftLogWorker.java:getFromFuture(91)) - Timeout 1/~
org.apache.ratis.protocol.exceptions.TimeoutIOException: Timeout 10s: WriteLog:1: (t:1, i:1), STATEMACHINELOGENTRY, StateMachineLogEntryProto:20@client-EE3AC89268CA-writeStateMachineData
	at org.apache.ratis.util.IOUtils.getFromFuture(IOUtils.java:89)
	at org.apache.ratis.server.raftlog.segmented.SegmentedRaftLogWorker$StateMachineDataPolicy.getFromFuture(SegmentedRaftLogWorker.java:88)
	at org.apache.ratis.server.raftlog.segmented.SegmentedRaftLogWorker$WriteLog.execute(SegmentedRaftLogWorker.java:535)
	at org.apache.ratis.server.raftlog.segmented.SegmentedRaftLogWorker.run(SegmentedRaftLogWorker.java:303)
	at java.base/java.util.concurrent.Executors$RunnableAdapter.call(Executors.java:515)
	at java.base/java.util.concurrent.FutureTask.run(FutureTask.java:264)
	at java.base/java.util.concurrent.ThreadPoolExecutor.runWorker(ThreadPoolExecutor.java:1128)
	at java.base/java.util.concurrent.ThreadPoolExecutor$Worker.run(ThreadPoolExecutor.java:628)
	at java.base/java.lang.Thread.run(Thread.java:829)
Caused by: java.util.concurrent.TimeoutException
	at java.base/java.util.concurrent.CompletableFuture.timedGet(CompletableFuture.java:1886)
	at java.base/java.util.concurrent.CompletableFuture.get(CompletableFuture.java:2021)
	at org.apache.ratis.util.IOUtils.getFromFuture(IOUtils.java:80)
	... 8 more
2023-03-02 04:44:39,140 [s2@group-90C0D205C76F-SegmentedRaftLogWorker] WARN  segmented.SegmentedRaftLogWorker (SegmentedRaftLogWorker.java:getFromFuture(91)) - Timeout 1/~
org.apache.ratis.protocol.exceptions.TimeoutIOException: Timeout 10s: WriteLog:3: (t:1, i:3), STATEMACHINELOGENTRY, StateMachineLogEntryProto:22@client-EE3AC89268CA-writeStateMachineData
	at org.apache.ratis.util.IOUtils.getFromFuture(IOUtils.java:89)
	at org.apache.ratis.server.raftlog.segmented.SegmentedRaftLogWorker$StateMachineDataPolicy.getFromFuture(SegmentedRaftLogWorker.java:88)
	at org.apache.ratis.server.raftlog.segmented.SegmentedRaftLogWorker$WriteLog.execute(SegmentedRaftLogWorker.java:535)
	at org.apache.ratis.server.raftlog.segmented.SegmentedRaftLogWorker.run(SegmentedRaftLogWorker.java:303)
	at java.base/java.util.concurrent.Executors$RunnableAdapter.call(Executors.java:515)
	at java.base/java.util.concurrent.FutureTask.run(FutureTask.java:264)
	at java.base/java.util.concurrent.ThreadPoolExecutor.runWorker(ThreadPoolExecutor.java:1128)
	at java.base/java.util.concurrent.ThreadPoolExecutor$Worker.run(ThreadPoolExecutor.java:628)
	at java.base/java.lang.Thread.run(Thread.java:829)
Caused by: java.util.concurrent.TimeoutException
	at java.base/java.util.concurrent.CompletableFuture.timedGet(CompletableFuture.java:1886)
	at java.base/java.util.concurrent.CompletableFuture.get(CompletableFuture.java:2021)
	at org.apache.ratis.util.IOUtils.getFromFuture(IOUtils.java:80)
	... 8 more
2023-03-02 04:44:39,495 [Time-limited test] WARN  grpc.TestLogAppenderWithGrpc (JavaUtils.java:attempt(217)) - FAILED "matching nextIndex", attempt #2/5: java.lang.AssertionError: expected:<13> but was:<11>, sleep 1s and then retry.
java.lang.AssertionError: expected:<13> but was:<11>
	at org.junit.Assert.fail(Assert.java:89)
	at org.junit.Assert.failNotEquals(Assert.java:835)
	at org.junit.Assert.assertEquals(Assert.java:647)
	at org.junit.Assert.assertEquals(Assert.java:633)
	at org.apache.ratis.grpc.TestLogAppenderWithGrpc.lambda$testPendingLimits$0(TestLogAppenderWithGrpc.java:95)
	at org.apache.ratis.util.function.CheckedRunnable.lambda$asCheckedSupplier$0(CheckedRunnable.java:32)
	at org.apache.ratis.util.JavaUtils.attempt(JavaUtils.java:211)
	at org.apache.ratis.util.JavaUtils.attemptRepeatedly(JavaUtils.java:197)
	at org.apache.ratis.util.JavaUtils.attempt(JavaUtils.java:231)
	at org.apache.ratis.grpc.TestLogAppenderWithGrpc.testPendingLimits(TestLogAppenderWithGrpc.java:92)
	at java.base/jdk.internal.reflect.NativeMethodAccessorImpl.invoke0(Native Method)
	at java.base/jdk.internal.reflect.NativeMethodAccessorImpl.invoke(NativeMethodAccessorImpl.java:62)
	at java.base/jdk.internal.reflect.DelegatingMethodAccessorImpl.invoke(DelegatingMethodAccessorImpl.java:43)
	at java.base/java.lang.reflect.Method.invoke(Method.java:566)
	at org.junit.runners.model.FrameworkMethod$1.runReflectiveCall(FrameworkMethod.java:59)
	at org.junit.internal.runners.model.ReflectiveCallable.run(ReflectiveCallable.java:12)
	at org.junit.runners.model.FrameworkMethod.invokeExplosively(FrameworkMethod.java:56)
	at org.junit.internal.runners.statements.InvokeMethod.evaluate(InvokeMethod.java:17)
	at org.junit.internal.runners.statements.RunAfters.evaluate(RunAfters.java:27)
	at org.junit.internal.runners.statements.FailOnTimeout$CallableStatement.call(FailOnTimeout.java:299)
	at org.junit.internal.runners.statements.FailOnTimeout$CallableStatement.call(FailOnTimeout.java:293)
	at java.base/java.util.concurrent.FutureTask.run(FutureTask.java:264)
	at java.base/java.lang.Thread.run(Thread.java:829)
2023-03-02 04:44:40,496 [Time-limited test] WARN  grpc.TestLogAppenderWithGrpc (JavaUtils.java:attempt(217)) - FAILED "matching nextIndex", attempt #3/5: java.lang.AssertionError: expected:<13> but was:<11>, sleep 1s and then retry.
java.lang.AssertionError: expected:<13> but was:<11>
	at org.junit.Assert.fail(Assert.java:89)
	at org.junit.Assert.failNotEquals(Assert.java:835)
	at org.junit.Assert.assertEquals(Assert.java:647)
	at org.junit.Assert.assertEquals(Assert.java:633)
	at org.apache.ratis.grpc.TestLogAppenderWithGrpc.lambda$testPendingLimits$0(TestLogAppenderWithGrpc.java:95)
	at org.apache.ratis.util.function.CheckedRunnable.lambda$asCheckedSupplier$0(CheckedRunnable.java:32)
	at org.apache.ratis.util.JavaUtils.attempt(JavaUtils.java:211)
	at org.apache.ratis.util.JavaUtils.attemptRepeatedly(JavaUtils.java:197)
	at org.apache.ratis.util.JavaUtils.attempt(JavaUtils.java:231)
	at org.apache.ratis.grpc.TestLogAppenderWithGrpc.testPendingLimits(TestLogAppenderWithGrpc.java:92)
	at java.base/jdk.internal.reflect.NativeMethodAccessorImpl.invoke0(Native Method)
	at java.base/jdk.internal.reflect.NativeMethodAccessorImpl.invoke(NativeMethodAccessorImpl.java:62)
	at java.base/jdk.internal.reflect.DelegatingMethodAccessorImpl.invoke(DelegatingMethodAccessorImpl.java:43)
	at java.base/java.lang.reflect.Method.invoke(Method.java:566)
	at org.junit.runners.model.FrameworkMethod$1.runReflectiveCall(FrameworkMethod.java:59)
	at org.junit.internal.runners.model.ReflectiveCallable.run(ReflectiveCallable.java:12)
	at org.junit.runners.model.FrameworkMethod.invokeExplosively(FrameworkMethod.java:56)
	at org.junit.internal.runners.statements.InvokeMethod.evaluate(InvokeMethod.java:17)
	at org.junit.internal.runners.statements.RunAfters.evaluate(RunAfters.java:27)
	at org.junit.internal.runners.statements.FailOnTimeout$CallableStatement.call(FailOnTimeout.java:299)
	at org.junit.internal.runners.statements.FailOnTimeout$CallableStatement.call(FailOnTimeout.java:293)
	at java.base/java.util.concurrent.FutureTask.run(FutureTask.java:264)
	at java.base/java.lang.Thread.run(Thread.java:829)
2023-03-02 04:44:41,353 [Timer-3] INFO  impl.MiniRaftCluster (MiniRaftCluster.java:lambda$start$6(349)) - TIMED-PRINT: printing ALL groups
  s0:  RUNNING    LEADER s0@group-A0F68B03B983:t1, leader=s0, voted=s0, raftlog=Memoized:s0@group-A0F68B03B983-SegmentedRaftLog:OPENED:c20, conf=0: peers:[s0|rpc:localhost:45753|admin:localhost:39117|client:localhost:33253|dataStream:localhost:43655|priority:0|startupRole:FOLLOWER, s1|rpc:localhost:42891|admin:localhost:42091|client:localhost:35375|dataStream:localhost:43701|priority:0|startupRole:FOLLOWER, s2|rpc:localhost:34779|admin:localhost:43251|client:localhost:36161|dataStream:localhost:35847|priority:0|startupRole:FOLLOWER]|listeners:[], old=null RUNNING
  s1:  RUNNING  FOLLOWER s1@group-A0F68B03B983:t1, leader=s0, voted=s1, raftlog=Memoized:s1@group-A0F68B03B983-SegmentedRaftLog:OPENED:c20, conf=0: peers:[s0|rpc:localhost:45753|admin:localhost:39117|client:localhost:33253|dataStream:localhost:43655|priority:0|startupRole:FOLLOWER, s1|rpc:localhost:42891|admin:localhost:42091|client:localhost:35375|dataStream:localhost:43701|priority:0|startupRole:FOLLOWER, s2|rpc:localhost:34779|admin:localhost:43251|client:localhost:36161|dataStream:localhost:35847|priority:0|startupRole:FOLLOWER]|listeners:[], old=null RUNNING
  s2:  RUNNING  FOLLOWER s2@group-A0F68B03B983:t1, leader=s0, voted=s0, raftlog=Memoized:s2@group-A0F68B03B983-SegmentedRaftLog:OPENED:c20, conf=0: peers:[s0|rpc:localhost:45753|admin:localhost:39117|client:localhost:33253|dataStream:localhost:43655|priority:0|startupRole:FOLLOWER, s1|rpc:localhost:42891|admin:localhost:42091|client:localhost:35375|dataStream:localhost:43701|priority:0|startupRole:FOLLOWER, s2|rpc:localhost:34779|admin:localhost:43251|client:localhost:36161|dataStream:localhost:35847|priority:0|startupRole:FOLLOWER]|listeners:[], old=null RUNNING
2023-03-02 04:44:41,496 [Time-limited test] WARN  grpc.TestLogAppenderWithGrpc (JavaUtils.java:attempt(217)) - FAILED "matching nextIndex", attempt #4/5: java.lang.AssertionError: expected:<13> but was:<11>, sleep 1s and then retry.
java.lang.AssertionError: expected:<13> but was:<11>
	at org.junit.Assert.fail(Assert.java:89)
	at org.junit.Assert.failNotEquals(Assert.java:835)
	at org.junit.Assert.assertEquals(Assert.java:647)
	at org.junit.Assert.assertEquals(Assert.java:633)
	at org.apache.ratis.grpc.TestLogAppenderWithGrpc.lambda$testPendingLimits$0(TestLogAppenderWithGrpc.java:95)
	at org.apache.ratis.util.function.CheckedRunnable.lambda$asCheckedSupplier$0(CheckedRunnable.java:32)
	at org.apache.ratis.util.JavaUtils.attempt(JavaUtils.java:211)
	at org.apache.ratis.util.JavaUtils.attemptRepeatedly(JavaUtils.java:197)
	at org.apache.ratis.util.JavaUtils.attempt(JavaUtils.java:231)
	at org.apache.ratis.grpc.TestLogAppenderWithGrpc.testPendingLimits(TestLogAppenderWithGrpc.java:92)
	at java.base/jdk.internal.reflect.NativeMethodAccessorImpl.invoke0(Native Method)
	at java.base/jdk.internal.reflect.NativeMethodAccessorImpl.invoke(NativeMethodAccessorImpl.java:62)
	at java.base/jdk.internal.reflect.DelegatingMethodAccessorImpl.invoke(DelegatingMethodAccessorImpl.java:43)
	at java.base/java.lang.reflect.Method.invoke(Method.java:566)
	at org.junit.runners.model.FrameworkMethod$1.runReflectiveCall(FrameworkMethod.java:59)
	at org.junit.internal.runners.model.ReflectiveCallable.run(ReflectiveCallable.java:12)
	at org.junit.runners.model.FrameworkMethod.invokeExplosively(FrameworkMethod.java:56)
	at org.junit.internal.runners.statements.InvokeMethod.evaluate(InvokeMethod.java:17)
	at org.junit.internal.runners.statements.RunAfters.evaluate(RunAfters.java:27)
	at org.junit.internal.runners.statements.FailOnTimeout$CallableStatement.call(FailOnTimeout.java:299)
	at org.junit.internal.runners.statements.FailOnTimeout$CallableStatement.call(FailOnTimeout.java:293)
	at java.base/java.util.concurrent.FutureTask.run(FutureTask.java:264)
	at java.base/java.lang.Thread.run(Thread.java:829)
2023-03-02 04:44:41,515 [timer7] WARN  server.GrpcLogAppender (GrpcLogAppender.java:timeoutAppendRequest(311)) - s0@group-772B8532511D->s1-GrpcLogAppender:  appendEntries Timeout, request=AppendEntriesRequest:cid=2083,entriesCount=1,lastEntry=(t:1, i:3)
2023-03-02 04:44:41,526 [timer1] WARN  server.GrpcLogAppender (GrpcLogAppender.java:timeoutAppendRequest(311)) - s0@group-772B8532511D->s1-GrpcLogAppender:  appendEntries Timeout, request=AppendEntriesRequest:cid=2084,entriesCount=1,lastEntry=(t:1, i:4)
2023-03-02 04:44:41,530 [timer0] WARN  server.GrpcLogAppender (GrpcLogAppender.java:timeoutAppendRequest(311)) - s0@group-772B8532511D->s2-GrpcLogAppender:  appendEntries Timeout, request=AppendEntriesRequest:cid=2590,entriesCount=1,lastEntry=(t:1, i:4)
2023-03-02 04:44:41,536 [timer3] WARN  server.GrpcLogAppender (GrpcLogAppender.java:timeoutAppendRequest(311)) - s0@group-772B8532511D->s1-GrpcLogAppender:  appendEntries Timeout, request=AppendEntriesRequest:cid=2085,entriesCount=1,lastEntry=(t:1, i:5)
2023-03-02 04:44:41,541 [timer1] WARN  server.GrpcLogAppender (GrpcLogAppender.java:timeoutAppendRequest(311)) - s0@group-772B8532511D->s2-GrpcLogAppender:  appendEntries Timeout, request=AppendEntriesRequest:cid=2591,entriesCount=1,lastEntry=(t:1, i:5)
2023-03-02 04:44:41,551 [timer3] WARN  server.GrpcLogAppender (GrpcLogAppender.java:timeoutAppendRequest(311)) - s0@group-772B8532511D->s2-GrpcLogAppender:  appendEntries Timeout, request=AppendEntriesRequest:cid=2592,entriesCount=1,lastEntry=(t:1, i:6)
2023-03-02 04:44:41,561 [timer5] WARN  server.GrpcLogAppender (GrpcLogAppender.java:timeoutAppendRequest(311)) - s0@group-772B8532511D->s2-GrpcLogAppender:  appendEntries Timeout, request=AppendEntriesRequest:cid=2593,entriesCount=1,lastEntry=(t:1, i:7)
2023-03-02 04:44:41,578 [timer1] WARN  server.GrpcLogAppender (GrpcLogAppender.java:timeoutAppendRequest(311)) - s0@group-772B8532511D->s1-GrpcLogAppender:  appendEntries Timeout, request=AppendEntriesRequest:cid=2089,entriesCount=1,lastEntry=(t:1, i:8)
2023-03-02 04:44:41,582 [timer0] WARN  server.GrpcLogAppender (GrpcLogAppender.java:timeoutAppendRequest(311)) - s0@group-772B8532511D->s2-GrpcLogAppender:  appendEntries Timeout, request=AppendEntriesRequest:cid=2595,entriesCount=1,lastEntry=(t:1, i:9)
2023-03-02 04:44:41,588 [timer5] WARN  server.GrpcLogAppender (GrpcLogAppender.java:timeoutAppendRequest(311)) - s0@group-772B8532511D->s1-GrpcLogAppender:  appendEntries Timeout, request=AppendEntriesRequest:cid=2090,entriesCount=1,lastEntry=(t:1, i:9)
2023-03-02 04:44:41,600 [timer7] WARN  server.GrpcLogAppender (GrpcLogAppender.java:timeoutAppendRequest(311)) - s0@group-772B8532511D->s1-GrpcLogAppender:  appendEntries Timeout, request=AppendEntriesRequest:cid=2091,entriesCount=1,lastEntry=(t:1, i:10)
2023-03-02 04:44:41,603 [timer0] WARN  server.GrpcLogAppender (GrpcLogAppender.java:timeoutAppendRequest(311)) - s0@group-772B8532511D->s2-GrpcLogAppender:  appendEntries Timeout, request=AppendEntriesRequest:cid=2597,entriesCount=1,lastEntry=(t:1, i:10)
2023-03-02 04:44:41,613 [timer0] WARN  server.GrpcLogAppender (GrpcLogAppender.java:timeoutAppendRequest(311)) - s0@group-772B8532511D->s2-GrpcLogAppender:  appendEntries Timeout, request=AppendEntriesRequest:cid=2598,entriesCount=1,lastEntry=(t:1, i:11)
2023-03-02 04:44:41,623 [timer1] WARN  server.GrpcLogAppender (GrpcLogAppender.java:timeoutAppendRequest(311)) - s0@group-772B8532511D->s2-GrpcLogAppender:  appendEntries Timeout, request=AppendEntriesRequest:cid=2599,entriesCount=1,lastEntry=(t:1, i:12)
]]></system-out>
  </testcase>
  <testcase name="testSingleElementBuffer[1]" classname="org.apache.ratis.grpc.TestLogAppenderWithGrpc" time="8.208"/>
  <testcase name="testFollowerHeartbeatMetric[1]" classname="org.apache.ratis.grpc.TestLogAppenderWithGrpc" time="0.839"/>
  <testcase name="testUnlimitedElementBuffer[1]" classname="org.apache.ratis.grpc.TestLogAppenderWithGrpc" time="4.025"/>
</testsuite>