<?xml version="1.0" encoding="UTF-8"?>
<testsuite xmlns:xsi="http://www.w3.org/2001/XMLSchema-instance" xsi:noNamespaceSchemaLocation="https://maven.apache.org/surefire/maven-surefire-plugin/xsd/surefire-test-report.xsd" name="org.apache.ratis.grpc.TestRaftServerWithGrpc" time="33.432" tests="12" errors="0" skipped="0" failures="1">
  <properties>
    <property name="awt.toolkit" value="sun.awt.X11.XToolkit"/>
    <property name="java.specification.version" value="11"/>
    <property name="sun.cpu.isalist" value=""/>
    <property name="sun.jnu.encoding" value="UTF-8"/>
    <property name="java.class.path" value="/home/runner/work/ratis/ratis/ratis-test/target/test-classes:/home/runner/work/ratis/ratis/ratis-test/target/classes:/home/runner/work/ratis/ratis/ratis-common/target/classes:/home/runner/.m2/repository/org/apache/ratis/ratis-thirdparty-misc/1.0.3/ratis-thirdparty-misc-1.0.3.jar:/home/runner/work/ratis/ratis/ratis-proto/target/ratis-proto-3.0.0-SNAPSHOT.jar:/home/runner/work/ratis/ratis/ratis-common/target/test-classes:/home/runner/work/ratis/ratis/ratis-client/target/classes:/home/runner/work/ratis/ratis/ratis-server/target/classes:/home/runner/work/ratis/ratis/ratis-server-api/target/classes:/home/runner/work/ratis/ratis/ratis-metrics-api/target/classes:/home/runner/work/ratis/ratis/ratis-server/target/test-classes:/home/runner/work/ratis/ratis/ratis-metrics-default/target/classes:/home/runner/work/ratis/ratis/ratis-netty/target/classes:/home/runner/work/ratis/ratis/ratis-netty/target/test-classes:/home/runner/work/ratis/ratis/ratis-grpc/target/classes:/home/runner/work/ratis/ratis/ratis-grpc/target/test-classes:/home/runner/work/ratis/ratis/ratis-shell/target/classes:/home/runner/.m2/repository/commons-cli/commons-cli/1.5.0/commons-cli-1.5.0.jar:/home/runner/.m2/repository/org/reflections/reflections/0.10.2/reflections-0.10.2.jar:/home/runner/.m2/repository/org/javassist/javassist/3.28.0-GA/javassist-3.28.0-GA.jar:/home/runner/.m2/repository/com/google/code/findbugs/jsr305/3.0.2/jsr305-3.0.2.jar:/home/runner/.m2/repository/org/bouncycastle/bcprov-jdk15on/1.70/bcprov-jdk15on-1.70.jar:/home/runner/.m2/repository/org/bouncycastle/bcpkix-jdk15on/1.70/bcpkix-jdk15on-1.70.jar:/home/runner/.m2/repository/org/bouncycastle/bcutil-jdk15on/1.70/bcutil-jdk15on-1.70.jar:/home/runner/.m2/repository/org/slf4j/slf4j-api/1.7.29/slf4j-api-1.7.29.jar:/home/runner/.m2/repository/org/slf4j/slf4j-log4j12/1.7.29/slf4j-log4j12-1.7.29.jar:/home/runner/.m2/repository/log4j/log4j/1.2.17/log4j-1.2.17.jar:/home/runner/.m2/repository/junit/junit/4.13.2/junit-4.13.2.jar:/home/runner/.m2/repository/org/hamcrest/hamcrest-core/1.3/hamcrest-core-1.3.jar:/home/runner/.m2/repository/org/mockito/mockito-core/4.3.1/mockito-core-4.3.1.jar:/home/runner/.m2/repository/net/bytebuddy/byte-buddy/1.12.7/byte-buddy-1.12.7.jar:/home/runner/.m2/repository/net/bytebuddy/byte-buddy-agent/1.12.7/byte-buddy-agent-1.12.7.jar:/home/runner/.m2/repository/org/objenesis/objenesis/3.2/objenesis-3.2.jar:"/>
    <property name="java.vm.vendor" value="Eclipse Adoptium"/>
    <property name="sun.arch.data.model" value="64"/>
    <property name="java.vendor.url" value="https://adoptium.net/"/>
    <property name="user.timezone" value=""/>
    <property name="java.vm.specification.version" value="11"/>
    <property name="os.name" value="Linux"/>
    <property name="sun.java.launcher" value="SUN_STANDARD"/>
    <property name="sun.boot.library.path" value="/usr/lib/jvm/temurin-11-jdk-amd64/lib"/>
    <property name="sun.java.command" value="/home/runner/work/ratis/ratis/ratis-test/target/surefire/surefirebooter13297263711596047823.jar /home/runner/work/ratis/ratis/ratis-test/target/surefire 2022-12-24T08-42-12_311-jvmRun1 surefire3696989254761932144tmp surefire_010800553008070401758tmp"/>
    <property name="jdk.debug" value="release"/>
    <property name="surefire.test.class.path" value="/home/runner/work/ratis/ratis/ratis-test/target/test-classes:/home/runner/work/ratis/ratis/ratis-test/target/classes:/home/runner/work/ratis/ratis/ratis-common/target/classes:/home/runner/.m2/repository/org/apache/ratis/ratis-thirdparty-misc/1.0.3/ratis-thirdparty-misc-1.0.3.jar:/home/runner/work/ratis/ratis/ratis-proto/target/ratis-proto-3.0.0-SNAPSHOT.jar:/home/runner/work/ratis/ratis/ratis-common/target/test-classes:/home/runner/work/ratis/ratis/ratis-client/target/classes:/home/runner/work/ratis/ratis/ratis-server/target/classes:/home/runner/work/ratis/ratis/ratis-server-api/target/classes:/home/runner/work/ratis/ratis/ratis-metrics-api/target/classes:/home/runner/work/ratis/ratis/ratis-server/target/test-classes:/home/runner/work/ratis/ratis/ratis-metrics-default/target/classes:/home/runner/work/ratis/ratis/ratis-netty/target/classes:/home/runner/work/ratis/ratis/ratis-netty/target/test-classes:/home/runner/work/ratis/ratis/ratis-grpc/target/classes:/home/runner/work/ratis/ratis/ratis-grpc/target/test-classes:/home/runner/work/ratis/ratis/ratis-shell/target/classes:/home/runner/.m2/repository/commons-cli/commons-cli/1.5.0/commons-cli-1.5.0.jar:/home/runner/.m2/repository/org/reflections/reflections/0.10.2/reflections-0.10.2.jar:/home/runner/.m2/repository/org/javassist/javassist/3.28.0-GA/javassist-3.28.0-GA.jar:/home/runner/.m2/repository/com/google/code/findbugs/jsr305/3.0.2/jsr305-3.0.2.jar:/home/runner/.m2/repository/org/bouncycastle/bcprov-jdk15on/1.70/bcprov-jdk15on-1.70.jar:/home/runner/.m2/repository/org/bouncycastle/bcpkix-jdk15on/1.70/bcpkix-jdk15on-1.70.jar:/home/runner/.m2/repository/org/bouncycastle/bcutil-jdk15on/1.70/bcutil-jdk15on-1.70.jar:/home/runner/.m2/repository/org/slf4j/slf4j-api/1.7.29/slf4j-api-1.7.29.jar:/home/runner/.m2/repository/org/slf4j/slf4j-log4j12/1.7.29/slf4j-log4j12-1.7.29.jar:/home/runner/.m2/repository/log4j/log4j/1.2.17/log4j-1.2.17.jar:/home/runner/.m2/repository/junit/junit/4.13.2/junit-4.13.2.jar:/home/runner/.m2/repository/org/hamcrest/hamcrest-core/1.3/hamcrest-core-1.3.jar:/home/runner/.m2/repository/org/mockito/mockito-core/4.3.1/mockito-core-4.3.1.jar:/home/runner/.m2/repository/net/bytebuddy/byte-buddy/1.12.7/byte-buddy-1.12.7.jar:/home/runner/.m2/repository/net/bytebuddy/byte-buddy-agent/1.12.7/byte-buddy-agent-1.12.7.jar:/home/runner/.m2/repository/org/objenesis/objenesis/3.2/objenesis-3.2.jar:"/>
    <property name="sun.cpu.endian" value="little"/>
    <property name="user.home" value="/home/runner"/>
    <property name="user.language" value="en"/>
    <property name="java.specification.vendor" value="Oracle Corporation"/>
    <property name="java.version.date" value="2022-10-18"/>
    <property name="java.home" value="/usr/lib/jvm/temurin-11-jdk-amd64"/>
    <property name="file.separator" value="/"/>
    <property name="basedir" value="/home/runner/work/ratis/ratis/ratis-test"/>
    <property name="java.vm.compressedOopsMode" value="32-bit"/>
    <property name="line.separator" value="&#10;"/>
    <property name="java.specification.name" value="Java Platform API Specification"/>
    <property name="java.vm.specification.vendor" value="Oracle Corporation"/>
    <property name="java.awt.graphicsenv" value="sun.awt.X11GraphicsEnvironment"/>
    <property name="surefire.real.class.path" value="/home/runner/work/ratis/ratis/ratis-test/target/surefire/surefirebooter13297263711596047823.jar"/>
    <property name="sun.management.compiler" value="HotSpot 64-Bit Tiered Compilers"/>
    <property name="java.runtime.version" value="11.0.17+8"/>
    <property name="user.name" value="runner"/>
    <property name="java.net.preferIPv4Stack" value="true"/>
    <property name="path.separator" value=":"/>
    <property name="os.version" value="5.15.0-1023-azure"/>
    <property name="java.runtime.name" value="OpenJDK Runtime Environment"/>
    <property name="file.encoding" value="UTF-8"/>
    <property name="java.vm.name" value="OpenJDK 64-Bit Server VM"/>
    <property name="java.vendor.version" value="Temurin-11.0.17+8"/>
    <property name="localRepository" value="/home/runner/.m2/repository"/>
    <property name="java.vendor.url.bug" value="https://github.com/adoptium/adoptium-support/issues"/>
    <property name="java.io.tmpdir" value="/tmp"/>
    <property name="java.version" value="11.0.17"/>
    <property name="user.dir" value="/home/runner/work/ratis/ratis/ratis-test"/>
    <property name="os.arch" value="amd64"/>
    <property name="ratis.tmp.dir" value="/home/runner/work/ratis/ratis/ratis-test/target/tmp"/>
    <property name="java.vm.specification.name" value="Java Virtual Machine Specification"/>
    <property name="java.awt.printerjob" value="sun.print.PSPrinterJob"/>
    <property name="ratis.log.dir" value="/home/runner/work/ratis/ratis/ratis-test/target/log"/>
    <property name="sun.os.patch.level" value="unknown"/>
    <property name="java.library.path" value="/usr/java/packages/lib:/usr/lib64:/lib64:/lib:/usr/lib"/>
    <property name="java.vm.info" value="mixed mode"/>
    <property name="java.vendor" value="Eclipse Adoptium"/>
    <property name="java.vm.version" value="11.0.17+8"/>
    <property name="sun.io.unicode.encoding" value="UnicodeLittle"/>
    <property name="java.class.version" value="55.0"/>
  </properties>
  <testcase name="testRaftClientMetrics[0]" classname="org.apache.ratis.grpc.TestRaftServerWithGrpc" time="2.122">
    <failure type="java.lang.AssertionError">java.lang.AssertionError
	at org.junit.Assert.fail(Assert.java:87)
	at org.junit.Assert.assertTrue(Assert.java:42)
	at org.junit.Assert.assertTrue(Assert.java:53)
	at org.apache.ratis.grpc.TestRaftServerWithGrpc.testRaftClientRequestMetrics(TestRaftServerWithGrpc.java:316)
	at org.apache.ratis.server.impl.MiniRaftCluster$Factory$Get.runWithNewCluster(MiniRaftCluster.java:141)
	at org.apache.ratis.server.impl.MiniRaftCluster$Factory$Get.runWithNewCluster(MiniRaftCluster.java:121)
	at org.apache.ratis.grpc.TestRaftServerWithGrpc.testRaftClientMetrics(TestRaftServerWithGrpc.java:219)
	at java.base/jdk.internal.reflect.NativeMethodAccessorImpl.invoke0(Native Method)
	at java.base/jdk.internal.reflect.NativeMethodAccessorImpl.invoke(NativeMethodAccessorImpl.java:62)
	at java.base/jdk.internal.reflect.DelegatingMethodAccessorImpl.invoke(DelegatingMethodAccessorImpl.java:43)
	at java.base/java.lang.reflect.Method.invoke(Method.java:566)
	at org.junit.runners.model.FrameworkMethod$1.runReflectiveCall(FrameworkMethod.java:59)
	at org.junit.internal.runners.model.ReflectiveCallable.run(ReflectiveCallable.java:12)
	at org.junit.runners.model.FrameworkMethod.invokeExplosively(FrameworkMethod.java:56)
	at org.junit.internal.runners.statements.InvokeMethod.evaluate(InvokeMethod.java:17)
	at org.junit.internal.runners.statements.RunBefores.evaluate(RunBefores.java:26)
	at org.junit.internal.runners.statements.RunAfters.evaluate(RunAfters.java:27)
	at org.junit.internal.runners.statements.FailOnTimeout$CallableStatement.call(FailOnTimeout.java:299)
	at org.junit.internal.runners.statements.FailOnTimeout$CallableStatement.call(FailOnTimeout.java:293)
	at java.base/java.util.concurrent.FutureTask.run(FutureTask.java:264)
	at java.base/java.lang.Thread.run(Thread.java:829)
</failure>
    <system-out><![CDATA[2022-12-24 08:43:00,092 [main] INFO  util.LogUtils (Slf4jUtils.java:setLogLevel(38)) - Successfully set org.apache.ratis.conf.ConfUtils log level to WARN
2022-12-24 08:43:00,096 [main] INFO  util.LogUtils (Slf4jUtils.java:setLogLevel(38)) - Successfully set org.apache.ratis.util.FileUtils log level to TRACE
2022-12-24 08:43:00,101 [main] INFO  util.LogUtils (Slf4jUtils.java:setLogLevel(38)) - Successfully set org.apache.ratis.grpc.client.GrpcClientProtocolClient log level to TRACE
2022-12-24 08:43:00,117 [Time-limited test] INFO  impl.MiniRaftCluster (MiniRaftCluster.java:runWithNewCluster(135)) - Running runWithNewCluster
2022-12-24 08:43:00,161 [Time-limited test] INFO  impl.MiniRaftCluster (MiniRaftCluster.java:<init>(306)) - new MiniRaftClusterWithGrpc with group-5810656FACBA:[s0|rpc:localhost:39091|admin:localhost:34953|client:localhost:41209|dataStream:localhost:36861|priority:0|startupRole:FOLLOWER, s1|rpc:localhost:36175|admin:localhost:38443|client:localhost:40627|dataStream:localhost:33361|priority:0|startupRole:FOLLOWER, s2|rpc:localhost:39591|admin:localhost:34357|client:localhost:35123|dataStream:localhost:34495|priority:0|startupRole:FOLLOWER]
2022-12-24 08:43:00,161 [Time-limited test] INFO  impl.MiniRaftCluster (MiniRaftCluster.java:start(339)) - .............................................................. 
2022-12-24 08:43:00,162 [Time-limited test] INFO  impl.MiniRaftCluster (MiniRaftCluster.java:start(340)) - ... 
2022-12-24 08:43:00,163 [Time-limited test] INFO  impl.MiniRaftCluster (MiniRaftCluster.java:start(341)) - ...     Starting MiniRaftClusterWithGrpc
2022-12-24 08:43:00,163 [Time-limited test] INFO  impl.MiniRaftCluster (MiniRaftCluster.java:start(342)) - ... 
2022-12-24 08:43:00,163 [Time-limited test] INFO  impl.MiniRaftCluster (MiniRaftCluster.java:start(343)) - .............................................................. 
2022-12-24 08:43:00,163 [Time-limited test] INFO  impl.MiniRaftCluster (MiniRaftCluster.java:initServers(318)) - servers = {}
2022-12-24 08:43:00,167 [Time-limited test] INFO  impl.MiniRaftCluster (MiniRaftCluster.java:newRaftServer(382)) - newRaftServer: s0, group-5810656FACBA:[s0|rpc:localhost:39091|admin:localhost:34953|client:localhost:41209|dataStream:localhost:36861|priority:0|startupRole:FOLLOWER, s1|rpc:localhost:36175|admin:localhost:38443|client:localhost:40627|dataStream:localhost:33361|priority:0|startupRole:FOLLOWER, s2|rpc:localhost:39591|admin:localhost:34357|client:localhost:35123|dataStream:localhost:34495|priority:0|startupRole:FOLLOWER], format? true
2022-12-24 08:43:00,169 [Time-limited test] TRACE util.FileUtils (FileUtils.java:deleteFully(186)) - deleteFully target/test/data/7f3cb107/MiniRaftClusterWithGrpcc5efbf3e/s0
2022-12-24 08:43:00,169 [Time-limited test] TRACE util.FileUtils (FileUtils.java:deleteFully(202)) - deleteFully: target/test/data/7f3cb107/MiniRaftClusterWithGrpcc5efbf3e/s0 does not exist.
2022-12-24 08:43:00,170 [Time-limited test] INFO  impl.MiniRaftCluster (MiniRaftCluster.java:newRaftServer(387)) - Formatted directory target/test/data/7f3cb107/MiniRaftClusterWithGrpcc5efbf3e/s0
2022-12-24 08:43:00,203 [Time-limited test] INFO  server.RaftServer (ConfUtils.java:logGet(46)) - raft.rpc.type = GRPC (default)
2022-12-24 08:43:00,280 [Time-limited test] INFO  grpc.GrpcConfigKeys (ConfUtils.java:logFallback(53)) - raft.grpc.admin.host = null (fallback to raft.grpc.server.host)
2022-12-24 08:43:00,283 [Time-limited test] INFO  grpc.GrpcConfigKeys (ConfUtils.java:logGet(46)) - raft.grpc.admin.port = 34953 (custom)
2022-12-24 08:43:00,283 [Time-limited test] INFO  grpc.GrpcConfigKeys (ConfUtils.java:logFallback(53)) - raft.grpc.client.host = null (fallback to raft.grpc.server.host)
2022-12-24 08:43:00,284 [Time-limited test] INFO  grpc.GrpcConfigKeys (ConfUtils.java:logGet(46)) - raft.grpc.client.port = 41209 (custom)
2022-12-24 08:43:00,284 [Time-limited test] INFO  grpc.GrpcConfigKeys (ConfUtils.java:logGet(46)) - raft.grpc.server.host = null (default)
2022-12-24 08:43:00,285 [Time-limited test] INFO  grpc.GrpcConfigKeys (ConfUtils.java:logGet(46)) - raft.grpc.server.port = 39091 (custom)
2022-12-24 08:43:00,286 [Time-limited test] INFO  server.GrpcService (ConfUtils.java:logGet(46)) - raft.grpc.message.size.max = 64MB (=67108864) (default)
2022-12-24 08:43:00,292 [Time-limited test] INFO  server.RaftServerConfigKeys (ConfUtils.java:logGet(46)) - raft.server.log.appender.buffer.byte-limit = 4MB (=4194304) (default)
2022-12-24 08:43:00,293 [Time-limited test] INFO  server.GrpcService (ConfUtils.java:logGet(46)) - raft.grpc.flow.control.window = 1MB (=1048576) (default)
2022-12-24 08:43:00,294 [Time-limited test] INFO  server.RaftServerConfigKeys (ConfUtils.java:logGet(46)) - raft.server.rpc.request.timeout = 3000ms (default)
2022-12-24 08:43:00,318 [Time-limited test] INFO  grpc.GrpcConfigKeys (ConfUtils.java:logGet(46)) - raft.grpc.server.heartbeat.channel = false (custom)
2022-12-24 08:43:00,323 [Time-limited test] INFO  grpc.GrpcConfigKeys (ConfUtils.java:logGet(46)) - raft.grpc.server.async.request.thread.pool.cached = true (default)
2022-12-24 08:43:00,324 [Time-limited test] INFO  grpc.GrpcConfigKeys (ConfUtils.java:logGet(46)) - raft.grpc.server.async.request.thread.pool.size = 32 (default)
2022-12-24 08:43:00,531 [Time-limited test] INFO  impl.DataStreamServerImpl (ConfUtils.java:logGet(46)) - raft.datastream.type = DISABLED (default)
2022-12-24 08:43:00,534 [Time-limited test] INFO  server.RaftServerConfigKeys (ConfUtils.java:logGet(46)) - raft.server.threadpool.proxy.cached = true (default)
2022-12-24 08:43:00,535 [Time-limited test] INFO  server.RaftServerConfigKeys (ConfUtils.java:logGet(46)) - raft.server.threadpool.proxy.size = 0 (default)
2022-12-24 08:43:00,535 [Time-limited test] INFO  server.RaftServerConfigKeys (ConfUtils.java:logGet(46)) - raft.server.rpc.slowness.timeout = 60s (default)
2022-12-24 08:43:00,537 [Time-limited test] INFO  server.RaftServerConfigKeys (ConfUtils.java:logGet(46)) - raft.server.leaderelection.leader.step-down.wait-time = 10s (default)
2022-12-24 08:43:00,539 [Time-limited test] INFO  server.RaftServerConfigKeys (ConfUtils.java:logGet(46)) - raft.server.storage.dir = [/home/runner/work/ratis/ratis/ratis-test/target/test/data/7f3cb107/MiniRaftClusterWithGrpcc5efbf3e/s0] (custom)
2022-12-24 08:43:00,549 [Time-limited test] INFO  server.RaftServer (RaftServerProxy.java:addNew(99)) - s0: addNew group-5810656FACBA:[s0|rpc:localhost:39091|admin:localhost:34953|client:localhost:41209|dataStream:localhost:36861|priority:0|startupRole:FOLLOWER, s1|rpc:localhost:36175|admin:localhost:38443|client:localhost:40627|dataStream:localhost:33361|priority:0|startupRole:FOLLOWER, s2|rpc:localhost:39591|admin:localhost:34357|client:localhost:35123|dataStream:localhost:34495|priority:0|startupRole:FOLLOWER] returns group-5810656FACBA:java.util.concurrent.CompletableFuture@c063523[Not completed]
2022-12-24 08:43:00,550 [Time-limited test] INFO  impl.MiniRaftCluster (MiniRaftCluster.java:newRaftServer(382)) - newRaftServer: s1, group-5810656FACBA:[s0|rpc:localhost:39091|admin:localhost:34953|client:localhost:41209|dataStream:localhost:36861|priority:0|startupRole:FOLLOWER, s1|rpc:localhost:36175|admin:localhost:38443|client:localhost:40627|dataStream:localhost:33361|priority:0|startupRole:FOLLOWER, s2|rpc:localhost:39591|admin:localhost:34357|client:localhost:35123|dataStream:localhost:34495|priority:0|startupRole:FOLLOWER], format? true
2022-12-24 08:43:00,550 [Time-limited test] TRACE util.FileUtils (FileUtils.java:deleteFully(186)) - deleteFully target/test/data/7f3cb107/MiniRaftClusterWithGrpcc5efbf3e/s1
2022-12-24 08:43:00,550 [Time-limited test] TRACE util.FileUtils (FileUtils.java:deleteFully(202)) - deleteFully: target/test/data/7f3cb107/MiniRaftClusterWithGrpcc5efbf3e/s1 does not exist.
2022-12-24 08:43:00,550 [Time-limited test] INFO  impl.MiniRaftCluster (MiniRaftCluster.java:newRaftServer(387)) - Formatted directory target/test/data/7f3cb107/MiniRaftClusterWithGrpcc5efbf3e/s1
2022-12-24 08:43:00,551 [Time-limited test] INFO  server.RaftServer (ConfUtils.java:logGet(46)) - raft.rpc.type = GRPC (default)
2022-12-24 08:43:00,551 [Time-limited test] INFO  grpc.GrpcConfigKeys (ConfUtils.java:logFallback(53)) - raft.grpc.admin.host = null (fallback to raft.grpc.server.host)
2022-12-24 08:43:00,551 [Time-limited test] INFO  grpc.GrpcConfigKeys (ConfUtils.java:logGet(46)) - raft.grpc.admin.port = 38443 (custom)
2022-12-24 08:43:00,551 [Time-limited test] INFO  grpc.GrpcConfigKeys (ConfUtils.java:logFallback(53)) - raft.grpc.client.host = null (fallback to raft.grpc.server.host)
2022-12-24 08:43:00,552 [Time-limited test] INFO  grpc.GrpcConfigKeys (ConfUtils.java:logGet(46)) - raft.grpc.client.port = 40627 (custom)
2022-12-24 08:43:00,552 [Time-limited test] INFO  grpc.GrpcConfigKeys (ConfUtils.java:logGet(46)) - raft.grpc.server.host = null (default)
2022-12-24 08:43:00,552 [Time-limited test] INFO  grpc.GrpcConfigKeys (ConfUtils.java:logGet(46)) - raft.grpc.server.port = 36175 (custom)
2022-12-24 08:43:00,552 [Time-limited test] INFO  server.GrpcService (ConfUtils.java:logGet(46)) - raft.grpc.message.size.max = 64MB (=67108864) (default)
2022-12-24 08:43:00,552 [Time-limited test] INFO  server.RaftServerConfigKeys (ConfUtils.java:logGet(46)) - raft.server.log.appender.buffer.byte-limit = 4MB (=4194304) (default)
2022-12-24 08:43:00,552 [Time-limited test] INFO  server.GrpcService (ConfUtils.java:logGet(46)) - raft.grpc.flow.control.window = 1MB (=1048576) (default)
2022-12-24 08:43:00,553 [Time-limited test] INFO  server.RaftServerConfigKeys (ConfUtils.java:logGet(46)) - raft.server.rpc.request.timeout = 3000ms (default)
2022-12-24 08:43:00,553 [Time-limited test] INFO  grpc.GrpcConfigKeys (ConfUtils.java:logGet(46)) - raft.grpc.server.heartbeat.channel = false (custom)
2022-12-24 08:43:00,553 [Time-limited test] INFO  grpc.GrpcConfigKeys (ConfUtils.java:logGet(46)) - raft.grpc.server.async.request.thread.pool.cached = true (default)
2022-12-24 08:43:00,553 [Time-limited test] INFO  grpc.GrpcConfigKeys (ConfUtils.java:logGet(46)) - raft.grpc.server.async.request.thread.pool.size = 32 (default)
2022-12-24 08:43:00,565 [Time-limited test] INFO  impl.DataStreamServerImpl (ConfUtils.java:logGet(46)) - raft.datastream.type = DISABLED (default)
2022-12-24 08:43:00,566 [Time-limited test] INFO  server.RaftServerConfigKeys (ConfUtils.java:logGet(46)) - raft.server.threadpool.proxy.cached = true (default)
2022-12-24 08:43:00,566 [Time-limited test] INFO  server.RaftServerConfigKeys (ConfUtils.java:logGet(46)) - raft.server.threadpool.proxy.size = 0 (default)
2022-12-24 08:43:00,566 [Time-limited test] INFO  server.RaftServerConfigKeys (ConfUtils.java:logGet(46)) - raft.server.rpc.slowness.timeout = 60s (default)
2022-12-24 08:43:00,566 [Time-limited test] INFO  server.RaftServerConfigKeys (ConfUtils.java:logGet(46)) - raft.server.leaderelection.leader.step-down.wait-time = 10s (default)
2022-12-24 08:43:00,566 [Time-limited test] INFO  server.RaftServerConfigKeys (ConfUtils.java:logGet(46)) - raft.server.storage.dir = [/home/runner/work/ratis/ratis/ratis-test/target/test/data/7f3cb107/MiniRaftClusterWithGrpcc5efbf3e/s1] (custom)
2022-12-24 08:43:00,578 [Time-limited test] INFO  server.RaftServer (RaftServerProxy.java:addNew(99)) - s1: addNew group-5810656FACBA:[s0|rpc:localhost:39091|admin:localhost:34953|client:localhost:41209|dataStream:localhost:36861|priority:0|startupRole:FOLLOWER, s1|rpc:localhost:36175|admin:localhost:38443|client:localhost:40627|dataStream:localhost:33361|priority:0|startupRole:FOLLOWER, s2|rpc:localhost:39591|admin:localhost:34357|client:localhost:35123|dataStream:localhost:34495|priority:0|startupRole:FOLLOWER] returns group-5810656FACBA:java.util.concurrent.CompletableFuture@31a1389f[Not completed]
2022-12-24 08:43:00,578 [Time-limited test] INFO  impl.MiniRaftCluster (MiniRaftCluster.java:newRaftServer(382)) - newRaftServer: s2, group-5810656FACBA:[s0|rpc:localhost:39091|admin:localhost:34953|client:localhost:41209|dataStream:localhost:36861|priority:0|startupRole:FOLLOWER, s1|rpc:localhost:36175|admin:localhost:38443|client:localhost:40627|dataStream:localhost:33361|priority:0|startupRole:FOLLOWER, s2|rpc:localhost:39591|admin:localhost:34357|client:localhost:35123|dataStream:localhost:34495|priority:0|startupRole:FOLLOWER], format? true
2022-12-24 08:43:00,578 [Time-limited test] TRACE util.FileUtils (FileUtils.java:deleteFully(186)) - deleteFully target/test/data/7f3cb107/MiniRaftClusterWithGrpcc5efbf3e/s2
2022-12-24 08:43:00,579 [Time-limited test] TRACE util.FileUtils (FileUtils.java:deleteFully(202)) - deleteFully: target/test/data/7f3cb107/MiniRaftClusterWithGrpcc5efbf3e/s2 does not exist.
2022-12-24 08:43:00,579 [Time-limited test] INFO  impl.MiniRaftCluster (MiniRaftCluster.java:newRaftServer(387)) - Formatted directory target/test/data/7f3cb107/MiniRaftClusterWithGrpcc5efbf3e/s2
2022-12-24 08:43:00,579 [Time-limited test] INFO  server.RaftServer (ConfUtils.java:logGet(46)) - raft.rpc.type = GRPC (default)
2022-12-24 08:43:00,579 [Time-limited test] INFO  grpc.GrpcConfigKeys (ConfUtils.java:logFallback(53)) - raft.grpc.admin.host = null (fallback to raft.grpc.server.host)
2022-12-24 08:43:00,580 [Time-limited test] INFO  grpc.GrpcConfigKeys (ConfUtils.java:logGet(46)) - raft.grpc.admin.port = 34357 (custom)
2022-12-24 08:43:00,580 [Time-limited test] INFO  grpc.GrpcConfigKeys (ConfUtils.java:logFallback(53)) - raft.grpc.client.host = null (fallback to raft.grpc.server.host)
2022-12-24 08:43:00,580 [Time-limited test] INFO  grpc.GrpcConfigKeys (ConfUtils.java:logGet(46)) - raft.grpc.client.port = 35123 (custom)
2022-12-24 08:43:00,580 [Time-limited test] INFO  grpc.GrpcConfigKeys (ConfUtils.java:logGet(46)) - raft.grpc.server.host = null (default)
2022-12-24 08:43:00,580 [Time-limited test] INFO  grpc.GrpcConfigKeys (ConfUtils.java:logGet(46)) - raft.grpc.server.port = 39591 (custom)
2022-12-24 08:43:00,580 [Time-limited test] INFO  server.GrpcService (ConfUtils.java:logGet(46)) - raft.grpc.message.size.max = 64MB (=67108864) (default)
2022-12-24 08:43:00,581 [Time-limited test] INFO  server.RaftServerConfigKeys (ConfUtils.java:logGet(46)) - raft.server.log.appender.buffer.byte-limit = 4MB (=4194304) (default)
2022-12-24 08:43:00,581 [Time-limited test] INFO  server.GrpcService (ConfUtils.java:logGet(46)) - raft.grpc.flow.control.window = 1MB (=1048576) (default)
2022-12-24 08:43:00,581 [Time-limited test] INFO  server.RaftServerConfigKeys (ConfUtils.java:logGet(46)) - raft.server.rpc.request.timeout = 3000ms (default)
2022-12-24 08:43:00,581 [Time-limited test] INFO  grpc.GrpcConfigKeys (ConfUtils.java:logGet(46)) - raft.grpc.server.heartbeat.channel = false (custom)
2022-12-24 08:43:00,581 [Time-limited test] INFO  grpc.GrpcConfigKeys (ConfUtils.java:logGet(46)) - raft.grpc.server.async.request.thread.pool.cached = true (default)
2022-12-24 08:43:00,581 [Time-limited test] INFO  grpc.GrpcConfigKeys (ConfUtils.java:logGet(46)) - raft.grpc.server.async.request.thread.pool.size = 32 (default)
2022-12-24 08:43:00,583 [Time-limited test] INFO  impl.DataStreamServerImpl (ConfUtils.java:logGet(46)) - raft.datastream.type = DISABLED (default)
2022-12-24 08:43:00,583 [Time-limited test] INFO  server.RaftServerConfigKeys (ConfUtils.java:logGet(46)) - raft.server.threadpool.proxy.cached = true (default)
2022-12-24 08:43:00,583 [Time-limited test] INFO  server.RaftServerConfigKeys (ConfUtils.java:logGet(46)) - raft.server.threadpool.proxy.size = 0 (default)
2022-12-24 08:43:00,583 [Time-limited test] INFO  server.RaftServerConfigKeys (ConfUtils.java:logGet(46)) - raft.server.rpc.slowness.timeout = 60s (default)
2022-12-24 08:43:00,584 [Time-limited test] INFO  server.RaftServerConfigKeys (ConfUtils.java:logGet(46)) - raft.server.leaderelection.leader.step-down.wait-time = 10s (default)
2022-12-24 08:43:00,584 [Time-limited test] INFO  server.RaftServerConfigKeys (ConfUtils.java:logGet(46)) - raft.server.storage.dir = [/home/runner/work/ratis/ratis/ratis-test/target/test/data/7f3cb107/MiniRaftClusterWithGrpcc5efbf3e/s2] (custom)
2022-12-24 08:43:00,591 [pool-1-thread-1] INFO  server.RaftServerConfigKeys (ConfUtils.java:logGet(46)) - raft.server.log.segment.size.max = 8MB (=8388608) (default)
2022-12-24 08:43:00,594 [pool-1-thread-1] INFO  server.RaftServerConfigKeys (ConfUtils.java:logGet(46)) - raft.server.log.preallocated.size = 4MB (=4194304) (default)
2022-12-24 08:43:00,595 [pool-1-thread-1] INFO  server.RaftServerConfigKeys (ConfUtils.java:logGet(46)) - raft.server.log.write.buffer.size = 64KB (=65536) (default)
2022-12-24 08:43:00,598 [pool-2-thread-1] INFO  server.RaftServerConfigKeys (ConfUtils.java:logGet(46)) - raft.server.log.segment.size.max = 8MB (=8388608) (default)
2022-12-24 08:43:00,599 [pool-2-thread-1] INFO  server.RaftServerConfigKeys (ConfUtils.java:logGet(46)) - raft.server.log.preallocated.size = 4MB (=4194304) (default)
2022-12-24 08:43:00,599 [pool-2-thread-1] INFO  server.RaftServerConfigKeys (ConfUtils.java:logGet(46)) - raft.server.log.write.buffer.size = 64KB (=65536) (default)
2022-12-24 08:43:00,599 [pool-1-thread-1] INFO  server.RaftServer$Division (RaftServerImpl.java:<init>(198)) - s0: new RaftServerImpl for group-5810656FACBA:[s0|rpc:localhost:39091|admin:localhost:34953|client:localhost:41209|dataStream:localhost:36861|priority:0|startupRole:FOLLOWER, s1|rpc:localhost:36175|admin:localhost:38443|client:localhost:40627|dataStream:localhost:33361|priority:0|startupRole:FOLLOWER, s2|rpc:localhost:39591|admin:localhost:34357|client:localhost:35123|dataStream:localhost:34495|priority:0|startupRole:FOLLOWER] with SimpleStateMachine4Testing:uninitialized
2022-12-24 08:43:00,599 [pool-2-thread-1] INFO  server.RaftServer$Division (RaftServerImpl.java:<init>(198)) - s1: new RaftServerImpl for group-5810656FACBA:[s0|rpc:localhost:39091|admin:localhost:34953|client:localhost:41209|dataStream:localhost:36861|priority:0|startupRole:FOLLOWER, s1|rpc:localhost:36175|admin:localhost:38443|client:localhost:40627|dataStream:localhost:33361|priority:0|startupRole:FOLLOWER, s2|rpc:localhost:39591|admin:localhost:34357|client:localhost:35123|dataStream:localhost:34495|priority:0|startupRole:FOLLOWER] with SimpleStateMachine4Testing:uninitialized
2022-12-24 08:43:00,605 [Time-limited test] INFO  server.RaftServer (RaftServerProxy.java:addNew(99)) - s2: addNew group-5810656FACBA:[s0|rpc:localhost:39091|admin:localhost:34953|client:localhost:41209|dataStream:localhost:36861|priority:0|startupRole:FOLLOWER, s1|rpc:localhost:36175|admin:localhost:38443|client:localhost:40627|dataStream:localhost:33361|priority:0|startupRole:FOLLOWER, s2|rpc:localhost:39591|admin:localhost:34357|client:localhost:35123|dataStream:localhost:34495|priority:0|startupRole:FOLLOWER] returns group-5810656FACBA:java.util.concurrent.CompletableFuture@4a97396e[Not completed]
2022-12-24 08:43:00,608 [pool-2-thread-1] INFO  server.RaftServerConfigKeys (ConfUtils.java:logGet(46)) - raft.server.rpc.timeout.min = 150ms (default)
2022-12-24 08:43:00,609 [pool-2-thread-1] INFO  server.RaftServerConfigKeys (ConfUtils.java:logGet(46)) - raft.server.rpc.timeout.max = 300ms (default)
2022-12-24 08:43:00,610 [pool-2-thread-1] INFO  server.RaftServerConfigKeys (ConfUtils.java:logGet(46)) - raft.server.rpc.sleep.time = 25ms (default)
2022-12-24 08:43:00,610 [pool-2-thread-1] INFO  server.RaftServerConfigKeys (ConfUtils.java:logGet(46)) - raft.server.rpc.slowness.timeout = 60s (default)
2022-12-24 08:43:00,610 [pool-2-thread-1] INFO  server.RaftServerConfigKeys (ConfUtils.java:logGet(46)) - raft.server.leaderelection.leader.step-down.wait-time = 10s (default)
2022-12-24 08:43:00,610 [pool-2-thread-1] INFO  server.RaftServerConfigKeys (ConfUtils.java:logGet(46)) - raft.server.sleep.deviation.threshold = 300ms (default)
2022-12-24 08:43:00,609 [pool-3-thread-1] INFO  server.RaftServerConfigKeys (ConfUtils.java:logGet(46)) - raft.server.log.segment.size.max = 8MB (=8388608) (default)
2022-12-24 08:43:00,616 [pool-3-thread-1] INFO  server.RaftServerConfigKeys (ConfUtils.java:logGet(46)) - raft.server.log.preallocated.size = 4MB (=4194304) (default)
2022-12-24 08:43:00,616 [pool-3-thread-1] INFO  server.RaftServerConfigKeys (ConfUtils.java:logGet(46)) - raft.server.log.write.buffer.size = 64KB (=65536) (default)
2022-12-24 08:43:00,616 [pool-3-thread-1] INFO  server.RaftServer$Division (RaftServerImpl.java:<init>(198)) - s2: new RaftServerImpl for group-5810656FACBA:[s0|rpc:localhost:39091|admin:localhost:34953|client:localhost:41209|dataStream:localhost:36861|priority:0|startupRole:FOLLOWER, s1|rpc:localhost:36175|admin:localhost:38443|client:localhost:40627|dataStream:localhost:33361|priority:0|startupRole:FOLLOWER, s2|rpc:localhost:39591|admin:localhost:34357|client:localhost:35123|dataStream:localhost:34495|priority:0|startupRole:FOLLOWER] with SimpleStateMachine4Testing:uninitialized
2022-12-24 08:43:00,616 [pool-3-thread-1] INFO  server.RaftServerConfigKeys (ConfUtils.java:logGet(46)) - raft.server.rpc.timeout.min = 150ms (default)
2022-12-24 08:43:00,616 [pool-3-thread-1] INFO  server.RaftServerConfigKeys (ConfUtils.java:logGet(46)) - raft.server.rpc.timeout.max = 300ms (default)
2022-12-24 08:43:00,616 [pool-3-thread-1] INFO  server.RaftServerConfigKeys (ConfUtils.java:logGet(46)) - raft.server.rpc.sleep.time = 25ms (default)
2022-12-24 08:43:00,616 [pool-3-thread-1] INFO  server.RaftServerConfigKeys (ConfUtils.java:logGet(46)) - raft.server.rpc.slowness.timeout = 60s (default)
2022-12-24 08:43:00,617 [pool-3-thread-1] INFO  server.RaftServerConfigKeys (ConfUtils.java:logGet(46)) - raft.server.leaderelection.leader.step-down.wait-time = 10s (default)
2022-12-24 08:43:00,617 [pool-3-thread-1] INFO  server.RaftServerConfigKeys (ConfUtils.java:logGet(46)) - raft.server.sleep.deviation.threshold = 300ms (default)
2022-12-24 08:43:00,617 [pool-3-thread-1] INFO  server.RaftServer$Division (ServerState.java:<init>(113)) - s2@group-5810656FACBA: ConfigurationManager, init=-1: peers:[s0|rpc:localhost:39091|admin:localhost:34953|client:localhost:41209|dataStream:localhost:36861|priority:0|startupRole:FOLLOWER, s1|rpc:localhost:36175|admin:localhost:38443|client:localhost:40627|dataStream:localhost:33361|priority:0|startupRole:FOLLOWER, s2|rpc:localhost:39591|admin:localhost:34357|client:localhost:35123|dataStream:localhost:34495|priority:0|startupRole:FOLLOWER]|listeners:[], old=null, confs=<EMPTY_MAP>
2022-12-24 08:43:00,618 [pool-2-thread-1] INFO  server.RaftServer$Division (ServerState.java:<init>(113)) - s1@group-5810656FACBA: ConfigurationManager, init=-1: peers:[s0|rpc:localhost:39091|admin:localhost:34953|client:localhost:41209|dataStream:localhost:36861|priority:0|startupRole:FOLLOWER, s1|rpc:localhost:36175|admin:localhost:38443|client:localhost:40627|dataStream:localhost:33361|priority:0|startupRole:FOLLOWER, s2|rpc:localhost:39591|admin:localhost:34357|client:localhost:35123|dataStream:localhost:34495|priority:0|startupRole:FOLLOWER]|listeners:[], old=null, confs=<EMPTY_MAP>
2022-12-24 08:43:00,609 [pool-1-thread-1] INFO  server.RaftServerConfigKeys (ConfUtils.java:logGet(46)) - raft.server.rpc.timeout.min = 150ms (default)
2022-12-24 08:43:00,639 [pool-3-thread-1] INFO  server.RaftServerConfigKeys (ConfUtils.java:logGet(46)) - raft.server.notification.no-leader.timeout = 60s (default)
2022-12-24 08:43:00,645 [pool-3-thread-1] INFO  server.RaftServerConfigKeys (ConfUtils.java:logGet(46)) - raft.server.read.timeout = 10s (default)
2022-12-24 08:43:00,648 [pool-3-thread-1] INFO  server.RaftServerConfigKeys (ConfUtils.java:logGet(46)) - raft.server.retrycache.expirytime = 60s (default)
2022-12-24 08:43:00,649 [pool-3-thread-1] INFO  server.RaftServerConfigKeys (ConfUtils.java:logGet(46)) - raft.server.retrycache.statistics.expirytime = 100μs (default)
2022-12-24 08:43:00,639 [pool-2-thread-1] INFO  server.RaftServerConfigKeys (ConfUtils.java:logGet(46)) - raft.server.notification.no-leader.timeout = 60s (default)
2022-12-24 08:43:00,649 [pool-2-thread-1] INFO  server.RaftServerConfigKeys (ConfUtils.java:logGet(46)) - raft.server.read.timeout = 10s (default)
2022-12-24 08:43:00,649 [pool-2-thread-1] INFO  server.RaftServerConfigKeys (ConfUtils.java:logGet(46)) - raft.server.retrycache.expirytime = 60s (default)
2022-12-24 08:43:00,650 [pool-2-thread-1] INFO  server.RaftServerConfigKeys (ConfUtils.java:logGet(46)) - raft.server.retrycache.statistics.expirytime = 100μs (default)
2022-12-24 08:43:00,642 [pool-1-thread-1] INFO  server.RaftServerConfigKeys (ConfUtils.java:logGet(46)) - raft.server.rpc.timeout.max = 300ms (default)
2022-12-24 08:43:00,650 [pool-1-thread-1] INFO  server.RaftServerConfigKeys (ConfUtils.java:logGet(46)) - raft.server.rpc.sleep.time = 25ms (default)
2022-12-24 08:43:00,650 [pool-1-thread-1] INFO  server.RaftServerConfigKeys (ConfUtils.java:logGet(46)) - raft.server.rpc.slowness.timeout = 60s (default)
2022-12-24 08:43:00,650 [pool-1-thread-1] INFO  server.RaftServerConfigKeys (ConfUtils.java:logGet(46)) - raft.server.leaderelection.leader.step-down.wait-time = 10s (default)
2022-12-24 08:43:00,650 [pool-1-thread-1] INFO  server.RaftServerConfigKeys (ConfUtils.java:logGet(46)) - raft.server.sleep.deviation.threshold = 300ms (default)
2022-12-24 08:43:00,650 [pool-1-thread-1] INFO  server.RaftServer$Division (ServerState.java:<init>(113)) - s0@group-5810656FACBA: ConfigurationManager, init=-1: peers:[s0|rpc:localhost:39091|admin:localhost:34953|client:localhost:41209|dataStream:localhost:36861|priority:0|startupRole:FOLLOWER, s1|rpc:localhost:36175|admin:localhost:38443|client:localhost:40627|dataStream:localhost:33361|priority:0|startupRole:FOLLOWER, s2|rpc:localhost:39591|admin:localhost:34357|client:localhost:35123|dataStream:localhost:34495|priority:0|startupRole:FOLLOWER]|listeners:[], old=null, confs=<EMPTY_MAP>
2022-12-24 08:43:00,651 [pool-1-thread-1] INFO  server.RaftServerConfigKeys (ConfUtils.java:logGet(46)) - raft.server.notification.no-leader.timeout = 60s (default)
2022-12-24 08:43:00,651 [pool-1-thread-1] INFO  server.RaftServerConfigKeys (ConfUtils.java:logGet(46)) - raft.server.read.timeout = 10s (default)
2022-12-24 08:43:00,651 [pool-1-thread-1] INFO  server.RaftServerConfigKeys (ConfUtils.java:logGet(46)) - raft.server.retrycache.expirytime = 60s (default)
2022-12-24 08:43:00,651 [pool-1-thread-1] INFO  server.RaftServerConfigKeys (ConfUtils.java:logGet(46)) - raft.server.retrycache.statistics.expirytime = 100μs (default)
2022-12-24 08:43:00,671 [pool-3-thread-1] INFO  server.RaftServerConfigKeys (ConfUtils.java:logGet(46)) - raft.server.read.option = DEFAULT (default)
2022-12-24 08:43:00,672 [pool-2-thread-1] INFO  server.RaftServerConfigKeys (ConfUtils.java:logGet(46)) - raft.server.read.option = DEFAULT (default)
2022-12-24 08:43:00,671 [pool-1-thread-1] INFO  server.RaftServerConfigKeys (ConfUtils.java:logGet(46)) - raft.server.read.option = DEFAULT (default)
2022-12-24 08:43:00,686 [pool-1-thread-1] INFO  metrics.MetricRegistries (MetricRegistriesLoader.java:load(64)) - Loaded MetricRegistries class org.apache.ratis.metrics.impl.MetricRegistriesImpl
2022-12-24 08:43:00,815 [pool-3-thread-1] INFO  server.RaftServerConfigKeys (ConfUtils.java:logGet(46)) - raft.server.log.appender.install.snapshot.enabled = true (default)
2022-12-24 08:43:00,816 [pool-3-thread-1] INFO  server.RaftServerConfigKeys (ConfUtils.java:logGet(46)) - raft.server.threadpool.server.cached = true (default)
2022-12-24 08:43:00,816 [pool-3-thread-1] INFO  server.RaftServerConfigKeys (ConfUtils.java:logGet(46)) - raft.server.threadpool.server.size = 0 (default)
2022-12-24 08:43:00,817 [pool-3-thread-1] INFO  server.RaftServerConfigKeys (ConfUtils.java:logGet(46)) - raft.server.threadpool.client.cached = true (default)
2022-12-24 08:43:00,817 [pool-3-thread-1] INFO  server.RaftServerConfigKeys (ConfUtils.java:logGet(46)) - raft.server.threadpool.client.size = 0 (default)
2022-12-24 08:43:00,817 [pool-2-thread-1] INFO  server.RaftServerConfigKeys (ConfUtils.java:logGet(46)) - raft.server.log.appender.install.snapshot.enabled = true (default)
2022-12-24 08:43:00,817 [pool-2-thread-1] INFO  server.RaftServerConfigKeys (ConfUtils.java:logGet(46)) - raft.server.threadpool.server.cached = true (default)
2022-12-24 08:43:00,817 [pool-2-thread-1] INFO  server.RaftServerConfigKeys (ConfUtils.java:logGet(46)) - raft.server.threadpool.server.size = 0 (default)
2022-12-24 08:43:00,818 [pool-2-thread-1] INFO  server.RaftServerConfigKeys (ConfUtils.java:logGet(46)) - raft.server.threadpool.client.cached = true (default)
2022-12-24 08:43:00,818 [pool-2-thread-1] INFO  server.RaftServerConfigKeys (ConfUtils.java:logGet(46)) - raft.server.threadpool.client.size = 0 (default)
2022-12-24 08:43:00,818 [pool-1-thread-1] INFO  server.RaftServerConfigKeys (ConfUtils.java:logGet(46)) - raft.server.log.appender.install.snapshot.enabled = true (default)
2022-12-24 08:43:00,818 [pool-1-thread-1] INFO  server.RaftServerConfigKeys (ConfUtils.java:logGet(46)) - raft.server.threadpool.server.cached = true (default)
2022-12-24 08:43:00,818 [pool-1-thread-1] INFO  server.RaftServerConfigKeys (ConfUtils.java:logGet(46)) - raft.server.threadpool.server.size = 0 (default)
2022-12-24 08:43:00,818 [pool-1-thread-1] INFO  server.RaftServerConfigKeys (ConfUtils.java:logGet(46)) - raft.server.threadpool.client.cached = true (default)
2022-12-24 08:43:00,818 [pool-1-thread-1] INFO  server.RaftServerConfigKeys (ConfUtils.java:logGet(46)) - raft.server.threadpool.client.size = 0 (default)
2022-12-24 08:43:00,820 [s0-impl-thread1] INFO  server.RaftServerConfigKeys (ConfUtils.java:logGet(46)) - raft.server.storage.free-space.min = 0MB (=0) (default)
2022-12-24 08:43:00,820 [s0-impl-thread1] INFO  server.RaftServerConfigKeys (ConfUtils.java:logGet(46)) - raft.server.log.corruption.policy = EXCEPTION (default)
2022-12-24 08:43:00,821 [s0-impl-thread1] INFO  server.RaftServerConfigKeys (ConfUtils.java:logGet(46)) - raft.server.storage.dir = [/home/runner/work/ratis/ratis/ratis-test/target/test/data/7f3cb107/MiniRaftClusterWithGrpcc5efbf3e/s0] (custom)
2022-12-24 08:43:00,828 [s0-impl-thread1] INFO  storage.RaftStorageDirectory (RaftStorageDirectoryImpl.java:analyzeStorage(138)) - The storage directory /home/runner/work/ratis/ratis/ratis-test/target/test/data/7f3cb107/MiniRaftClusterWithGrpcc5efbf3e/s0/213d97cd-749e-4f81-8120-5810656facba does not exist. Creating ...
2022-12-24 08:43:00,830 [s0-impl-thread1] TRACE util.FileUtils (LogUtils.java:runAndLog(49)) - Successfully ran Files.createDirectories /home/runner/work/ratis/ratis/ratis-test/target/test/data/7f3cb107/MiniRaftClusterWithGrpcc5efbf3e/s0/213d97cd-749e-4f81-8120-5810656facba
2022-12-24 08:43:00,834 [s0-impl-thread1] INFO  storage.RaftStorageDirectory (RaftStorageDirectoryImpl.java:tryLock(232)) - Lock on /home/runner/work/ratis/ratis/ratis-test/target/test/data/7f3cb107/MiniRaftClusterWithGrpcc5efbf3e/s0/213d97cd-749e-4f81-8120-5810656facba/in_use.lock acquired by nodename 2516@fv-az167-329
2022-12-24 08:43:00,837 [s0-impl-thread1] TRACE util.FileUtils (LogUtils.java:runAndLog(49)) - Successfully ran Files.createDirectories /home/runner/work/ratis/ratis/ratis-test/target/test/data/7f3cb107/MiniRaftClusterWithGrpcc5efbf3e/s0/213d97cd-749e-4f81-8120-5810656facba/current
2022-12-24 08:43:00,837 [s0-impl-thread1] TRACE util.FileUtils (LogUtils.java:runAndLog(49)) - Successfully ran Files.createDirectories /home/runner/work/ratis/ratis/ratis-test/target/test/data/7f3cb107/MiniRaftClusterWithGrpcc5efbf3e/s0/213d97cd-749e-4f81-8120-5810656facba/sm
2022-12-24 08:43:00,850 [s0-impl-thread1] INFO  storage.RaftStorage (RaftStorageImpl.java:format(96)) - Storage directory /home/runner/work/ratis/ratis/ratis-test/target/test/data/7f3cb107/MiniRaftClusterWithGrpcc5efbf3e/s0/213d97cd-749e-4f81-8120-5810656facba has been successfully formatted.
2022-12-24 08:43:00,850 [s0-impl-thread1] INFO  impl.SimpleStateMachine4Testing (SimpleStateMachine4Testing.java:initialize(213)) - Initializing SimpleStateMachine4Testing:uninitialized
2022-12-24 08:43:00,854 [s0-impl-thread1] INFO  impl.SimpleStateMachine4Testing (SimpleStateMachine4Testing.java:loadSnapshot(293)) - Loading snapshot null
2022-12-24 08:43:00,855 [s0-impl-thread1] INFO  server.RaftServerConfigKeys (ConfUtils.java:logGet(46)) - raft.server.log.use.memory = false (default)
2022-12-24 08:43:00,862 [s0-impl-thread1] INFO  server.RaftServerConfigKeys (ConfUtils.java:logGet(46)) - raft.server.log.purge.gap = 1024 (default)
2022-12-24 08:43:00,862 [s0-impl-thread1] INFO  server.RaftServerConfigKeys (ConfUtils.java:logGet(46)) - raft.server.log.appender.buffer.byte-limit = 4MB (=4194304) (default)
2022-12-24 08:43:00,864 [s0-impl-thread1] INFO  server.RaftServerConfigKeys (ConfUtils.java:logGet(46)) - raft.server.log.statemachine.data.read.timeout = 1000ms (default)
2022-12-24 08:43:00,865 [s0-impl-thread1] INFO  server.RaftServerConfigKeys (ConfUtils.java:logGet(46)) - raft.server.log.purge.preservation.log.num = 0 (default)
2022-12-24 08:43:00,869 [s0-impl-thread1] INFO  server.RaftServerConfigKeys (ConfUtils.java:logGet(46)) - raft.server.log.segment.size.max = 8MB (=8388608) (default)
2022-12-24 08:43:00,874 [s0-impl-thread1] INFO  server.RaftServerConfigKeys (ConfUtils.java:logGet(46)) - raft.server.log.segment.cache.num.max = 6 (default)
2022-12-24 08:43:00,874 [s0-impl-thread1] INFO  server.RaftServerConfigKeys (ConfUtils.java:logGet(46)) - raft.server.log.segment.cache.size.max = 200MB (=209715200) (default)
2022-12-24 08:43:00,877 [s0-impl-thread1] INFO  segmented.SegmentedRaftLogWorker (SegmentedRaftLogWorker.java:<init>(184)) - new s0@group-5810656FACBA-SegmentedRaftLogWorker for RaftStorageImpl:Storage Directory /home/runner/work/ratis/ratis/ratis-test/target/test/data/7f3cb107/MiniRaftClusterWithGrpcc5efbf3e/s0/213d97cd-749e-4f81-8120-5810656facba
2022-12-24 08:43:00,878 [s0-impl-thread1] INFO  server.RaftServerConfigKeys (ConfUtils.java:logGet(46)) - raft.server.log.queue.byte-limit = 64MB (=67108864) (default)
2022-12-24 08:43:00,879 [s0-impl-thread1] INFO  server.RaftServerConfigKeys (ConfUtils.java:logGet(46)) - raft.server.log.queue.element-limit = 4096 (default)
2022-12-24 08:43:00,881 [s0-impl-thread1] INFO  server.RaftServerConfigKeys (ConfUtils.java:logGet(46)) - raft.server.log.segment.size.max = 8MB (=8388608) (default)
2022-12-24 08:43:00,881 [s0-impl-thread1] INFO  server.RaftServerConfigKeys (ConfUtils.java:logGet(46)) - raft.server.log.preallocated.size = 4MB (=4194304) (default)
2022-12-24 08:43:00,882 [s0-impl-thread1] INFO  server.RaftServerConfigKeys (ConfUtils.java:logGet(46)) - raft.server.log.force.sync.num = 128 (default)
2022-12-24 08:43:00,882 [s0-impl-thread1] INFO  server.RaftServerConfigKeys (ConfUtils.java:logGet(46)) - raft.server.log.statemachine.data.sync = true (default)
2022-12-24 08:43:00,883 [s0-impl-thread1] INFO  server.RaftServerConfigKeys (ConfUtils.java:logGet(46)) - raft.server.log.statemachine.data.sync.timeout = 10s (default)
2022-12-24 08:43:00,883 [s0-impl-thread1] INFO  server.RaftServerConfigKeys (ConfUtils.java:logGet(46)) - raft.server.log.statemachine.data.sync.timeout.retry = -1 (default)
2022-12-24 08:43:00,885 [s0-impl-thread1] INFO  server.RaftServerConfigKeys (ConfUtils.java:logGet(46)) - raft.server.log.write.buffer.size = 64KB (=65536) (default)
2022-12-24 08:43:00,885 [s0-impl-thread1] INFO  server.RaftServerConfigKeys (ConfUtils.java:logGet(46)) - raft.server.log.appender.buffer.byte-limit = 4MB (=4194304) (default)
2022-12-24 08:43:00,887 [s0-impl-thread1] INFO  server.RaftServerConfigKeys (ConfUtils.java:logGet(46)) - raft.server.log.unsafe-flush.enabled = false (default)
2022-12-24 08:43:00,888 [s0-impl-thread1] INFO  server.RaftServerConfigKeys (ConfUtils.java:logGet(46)) - raft.server.log.async-flush.enabled = false (default)
2022-12-24 08:43:00,888 [s0-impl-thread1] INFO  server.RaftServerConfigKeys (ConfUtils.java:logGet(46)) - raft.server.log.statemachine.data.caching.enabled = false (default)
2022-12-24 08:43:00,895 [s0-impl-thread1] INFO  segmented.SegmentedRaftLogWorker (SegmentedRaftLogWorker.java:lambda$new$0(134)) - s0@group-5810656FACBA-SegmentedRaftLogWorker: flushIndex: setUnconditionally 0 -> -1
2022-12-24 08:43:00,895 [s0-impl-thread1] INFO  segmented.SegmentedRaftLogWorker (SegmentedRaftLogWorker.java:lambda$new$0(134)) - s0@group-5810656FACBA-SegmentedRaftLogWorker: safeCacheEvictIndex: setUnconditionally 0 -> -1
2022-12-24 08:43:00,897 [s0-impl-thread1] INFO  server.RaftServer$Division (RaftServerImpl.java:start(338)) - s0@group-5810656FACBA: start as a follower, conf=-1: peers:[s0|rpc:localhost:39091|admin:localhost:34953|client:localhost:41209|dataStream:localhost:36861|priority:0|startupRole:FOLLOWER, s1|rpc:localhost:36175|admin:localhost:38443|client:localhost:40627|dataStream:localhost:33361|priority:0|startupRole:FOLLOWER, s2|rpc:localhost:39591|admin:localhost:34357|client:localhost:35123|dataStream:localhost:34495|priority:0|startupRole:FOLLOWER]|listeners:[], old=null
2022-12-24 08:43:00,897 [s0-impl-thread1] INFO  server.RaftServer$Division (RaftServerImpl.java:setRole(325)) - s0@group-5810656FACBA: changes role from      null to FOLLOWER at term 0 for startAsFollower
2022-12-24 08:43:00,898 [s0-impl-thread1] INFO  impl.RoleInfo (RoleInfo.java:updateAndGet(139)) - s0: start s0@group-5810656FACBA-FollowerState
2022-12-24 08:43:00,905 [s0@group-5810656FACBA-FollowerState] INFO  server.RaftServerConfigKeys (ConfUtils.java:logFallback(53)) - raft.server.rpc.first-election.timeout.min = 150ms (fallback to raft.server.rpc.timeout.min)
2022-12-24 08:43:00,911 [s0-impl-thread1] INFO  util.JmxRegister (JmxRegister.java:tryRegister(44)) - Successfully registered JMX Bean with object name Ratis:service=RaftServer,group=group-5810656FACBA,id=s0
2022-12-24 08:43:00,912 [s0@group-5810656FACBA-FollowerState] INFO  server.RaftServerConfigKeys (ConfUtils.java:logFallback(53)) - raft.server.rpc.first-election.timeout.max = 300ms (fallback to raft.server.rpc.timeout.max)
2022-12-24 08:43:00,913 [s0-impl-thread1] INFO  server.RaftServerConfigKeys (ConfUtils.java:logGet(46)) - raft.server.snapshot.auto.trigger.enabled = false (default)
2022-12-24 08:43:00,914 [s0-impl-thread1] INFO  server.RaftServerConfigKeys (ConfUtils.java:logGet(46)) - raft.server.snapshot.retention.file.num = -1 (default)
2022-12-24 08:43:00,914 [s0-impl-thread1] INFO  server.RaftServerConfigKeys (ConfUtils.java:logGet(46)) - raft.server.log.purge.upto.snapshot.index = false (default)
2022-12-24 08:43:00,925 [Time-limited test] INFO  server.RaftServer (RaftServerProxy.java:startImpl(396)) - s0: start RPC server
2022-12-24 08:43:00,979 [Time-limited test] INFO  server.GrpcService (GrpcService.java:startImpl(302)) - s0: GrpcService started, listening on 41209
2022-12-24 08:43:00,981 [Time-limited test] INFO  server.GrpcService (GrpcService.java:startImpl(302)) - s0: GrpcService started, listening on 39091
2022-12-24 08:43:00,983 [Time-limited test] INFO  server.GrpcService (GrpcService.java:startImpl(302)) - s0: GrpcService started, listening on 34953
2022-12-24 08:43:00,985 [s1-impl-thread1] INFO  server.RaftServerConfigKeys (ConfUtils.java:logGet(46)) - raft.server.storage.free-space.min = 0MB (=0) (default)
2022-12-24 08:43:00,985 [s1-impl-thread1] INFO  server.RaftServerConfigKeys (ConfUtils.java:logGet(46)) - raft.server.log.corruption.policy = EXCEPTION (default)
2022-12-24 08:43:00,985 [JvmPauseMonitor0] INFO  util.JvmPauseMonitor (JvmPauseMonitor.java:run(105)) - JvmPauseMonitor-s0: Started
2022-12-24 08:43:00,986 [s1-impl-thread1] INFO  server.RaftServerConfigKeys (ConfUtils.java:logGet(46)) - raft.server.storage.dir = [/home/runner/work/ratis/ratis/ratis-test/target/test/data/7f3cb107/MiniRaftClusterWithGrpcc5efbf3e/s1] (custom)
2022-12-24 08:43:00,986 [s1-impl-thread1] INFO  storage.RaftStorageDirectory (RaftStorageDirectoryImpl.java:analyzeStorage(138)) - The storage directory /home/runner/work/ratis/ratis/ratis-test/target/test/data/7f3cb107/MiniRaftClusterWithGrpcc5efbf3e/s1/213d97cd-749e-4f81-8120-5810656facba does not exist. Creating ...
2022-12-24 08:43:00,987 [s1-impl-thread1] TRACE util.FileUtils (LogUtils.java:runAndLog(49)) - Successfully ran Files.createDirectories /home/runner/work/ratis/ratis/ratis-test/target/test/data/7f3cb107/MiniRaftClusterWithGrpcc5efbf3e/s1/213d97cd-749e-4f81-8120-5810656facba
2022-12-24 08:43:00,988 [s1-impl-thread1] INFO  storage.RaftStorageDirectory (RaftStorageDirectoryImpl.java:tryLock(232)) - Lock on /home/runner/work/ratis/ratis/ratis-test/target/test/data/7f3cb107/MiniRaftClusterWithGrpcc5efbf3e/s1/213d97cd-749e-4f81-8120-5810656facba/in_use.lock acquired by nodename 2516@fv-az167-329
2022-12-24 08:43:00,988 [s1-impl-thread1] TRACE util.FileUtils (LogUtils.java:runAndLog(49)) - Successfully ran Files.createDirectories /home/runner/work/ratis/ratis/ratis-test/target/test/data/7f3cb107/MiniRaftClusterWithGrpcc5efbf3e/s1/213d97cd-749e-4f81-8120-5810656facba/current
2022-12-24 08:43:00,989 [s1-impl-thread1] TRACE util.FileUtils (LogUtils.java:runAndLog(49)) - Successfully ran Files.createDirectories /home/runner/work/ratis/ratis/ratis-test/target/test/data/7f3cb107/MiniRaftClusterWithGrpcc5efbf3e/s1/213d97cd-749e-4f81-8120-5810656facba/sm
2022-12-24 08:43:00,990 [s1-impl-thread1] INFO  storage.RaftStorage (RaftStorageImpl.java:format(96)) - Storage directory /home/runner/work/ratis/ratis/ratis-test/target/test/data/7f3cb107/MiniRaftClusterWithGrpcc5efbf3e/s1/213d97cd-749e-4f81-8120-5810656facba has been successfully formatted.
2022-12-24 08:43:00,990 [s1-impl-thread1] INFO  impl.SimpleStateMachine4Testing (SimpleStateMachine4Testing.java:initialize(213)) - Initializing SimpleStateMachine4Testing:uninitialized
2022-12-24 08:43:00,991 [s1-impl-thread1] INFO  impl.SimpleStateMachine4Testing (SimpleStateMachine4Testing.java:loadSnapshot(293)) - Loading snapshot null
2022-12-24 08:43:00,991 [s1-impl-thread1] INFO  server.RaftServerConfigKeys (ConfUtils.java:logGet(46)) - raft.server.log.use.memory = false (default)
2022-12-24 08:43:00,991 [s1-impl-thread1] INFO  server.RaftServerConfigKeys (ConfUtils.java:logGet(46)) - raft.server.log.purge.gap = 1024 (default)
2022-12-24 08:43:00,991 [s1-impl-thread1] INFO  server.RaftServerConfigKeys (ConfUtils.java:logGet(46)) - raft.server.log.appender.buffer.byte-limit = 4MB (=4194304) (default)
2022-12-24 08:43:00,991 [s1-impl-thread1] INFO  server.RaftServerConfigKeys (ConfUtils.java:logGet(46)) - raft.server.log.statemachine.data.read.timeout = 1000ms (default)
2022-12-24 08:43:00,991 [s1-impl-thread1] INFO  server.RaftServerConfigKeys (ConfUtils.java:logGet(46)) - raft.server.log.purge.preservation.log.num = 0 (default)
2022-12-24 08:43:00,992 [s1-impl-thread1] INFO  server.RaftServerConfigKeys (ConfUtils.java:logGet(46)) - raft.server.log.segment.size.max = 8MB (=8388608) (default)
2022-12-24 08:43:00,993 [s1-impl-thread1] INFO  server.RaftServerConfigKeys (ConfUtils.java:logGet(46)) - raft.server.log.segment.cache.num.max = 6 (default)
2022-12-24 08:43:00,993 [s1-impl-thread1] INFO  server.RaftServerConfigKeys (ConfUtils.java:logGet(46)) - raft.server.log.segment.cache.size.max = 200MB (=209715200) (default)
2022-12-24 08:43:00,993 [s1-impl-thread1] INFO  segmented.SegmentedRaftLogWorker (SegmentedRaftLogWorker.java:<init>(184)) - new s1@group-5810656FACBA-SegmentedRaftLogWorker for RaftStorageImpl:Storage Directory /home/runner/work/ratis/ratis/ratis-test/target/test/data/7f3cb107/MiniRaftClusterWithGrpcc5efbf3e/s1/213d97cd-749e-4f81-8120-5810656facba
2022-12-24 08:43:00,993 [s1-impl-thread1] INFO  server.RaftServerConfigKeys (ConfUtils.java:logGet(46)) - raft.server.log.queue.byte-limit = 64MB (=67108864) (default)
2022-12-24 08:43:00,994 [s1-impl-thread1] INFO  server.RaftServerConfigKeys (ConfUtils.java:logGet(46)) - raft.server.log.queue.element-limit = 4096 (default)
2022-12-24 08:43:00,994 [s1-impl-thread1] INFO  server.RaftServerConfigKeys (ConfUtils.java:logGet(46)) - raft.server.log.segment.size.max = 8MB (=8388608) (default)
2022-12-24 08:43:00,994 [s1-impl-thread1] INFO  server.RaftServerConfigKeys (ConfUtils.java:logGet(46)) - raft.server.log.preallocated.size = 4MB (=4194304) (default)
2022-12-24 08:43:00,994 [s1-impl-thread1] INFO  server.RaftServerConfigKeys (ConfUtils.java:logGet(46)) - raft.server.log.force.sync.num = 128 (default)
2022-12-24 08:43:00,994 [s1-impl-thread1] INFO  server.RaftServerConfigKeys (ConfUtils.java:logGet(46)) - raft.server.log.statemachine.data.sync = true (default)
2022-12-24 08:43:00,994 [s1-impl-thread1] INFO  server.RaftServerConfigKeys (ConfUtils.java:logGet(46)) - raft.server.log.statemachine.data.sync.timeout = 10s (default)
2022-12-24 08:43:00,994 [s1-impl-thread1] INFO  server.RaftServerConfigKeys (ConfUtils.java:logGet(46)) - raft.server.log.statemachine.data.sync.timeout.retry = -1 (default)
2022-12-24 08:43:00,995 [s1-impl-thread1] INFO  server.RaftServerConfigKeys (ConfUtils.java:logGet(46)) - raft.server.log.write.buffer.size = 64KB (=65536) (default)
2022-12-24 08:43:00,995 [s1-impl-thread1] INFO  server.RaftServerConfigKeys (ConfUtils.java:logGet(46)) - raft.server.log.appender.buffer.byte-limit = 4MB (=4194304) (default)
2022-12-24 08:43:00,997 [s1-impl-thread1] INFO  server.RaftServerConfigKeys (ConfUtils.java:logGet(46)) - raft.server.log.unsafe-flush.enabled = false (default)
2022-12-24 08:43:00,997 [s1-impl-thread1] INFO  server.RaftServerConfigKeys (ConfUtils.java:logGet(46)) - raft.server.log.async-flush.enabled = false (default)
2022-12-24 08:43:00,997 [s1-impl-thread1] INFO  server.RaftServerConfigKeys (ConfUtils.java:logGet(46)) - raft.server.log.statemachine.data.caching.enabled = false (default)
2022-12-24 08:43:00,997 [s1-impl-thread1] INFO  segmented.SegmentedRaftLogWorker (SegmentedRaftLogWorker.java:lambda$new$0(134)) - s1@group-5810656FACBA-SegmentedRaftLogWorker: flushIndex: setUnconditionally 0 -> -1
2022-12-24 08:43:00,998 [s1-impl-thread1] INFO  segmented.SegmentedRaftLogWorker (SegmentedRaftLogWorker.java:lambda$new$0(134)) - s1@group-5810656FACBA-SegmentedRaftLogWorker: safeCacheEvictIndex: setUnconditionally 0 -> -1
2022-12-24 08:43:00,998 [s1-impl-thread1] INFO  server.RaftServer$Division (RaftServerImpl.java:start(338)) - s1@group-5810656FACBA: start as a follower, conf=-1: peers:[s0|rpc:localhost:39091|admin:localhost:34953|client:localhost:41209|dataStream:localhost:36861|priority:0|startupRole:FOLLOWER, s1|rpc:localhost:36175|admin:localhost:38443|client:localhost:40627|dataStream:localhost:33361|priority:0|startupRole:FOLLOWER, s2|rpc:localhost:39591|admin:localhost:34357|client:localhost:35123|dataStream:localhost:34495|priority:0|startupRole:FOLLOWER]|listeners:[], old=null
2022-12-24 08:43:00,998 [s1-impl-thread1] INFO  server.RaftServer$Division (RaftServerImpl.java:setRole(325)) - s1@group-5810656FACBA: changes role from      null to FOLLOWER at term 0 for startAsFollower
2022-12-24 08:43:00,998 [s1-impl-thread1] INFO  impl.RoleInfo (RoleInfo.java:updateAndGet(139)) - s1: start s1@group-5810656FACBA-FollowerState
2022-12-24 08:43:01,005 [s1-impl-thread1] INFO  util.JmxRegister (JmxRegister.java:tryRegister(44)) - Successfully registered JMX Bean with object name Ratis:service=RaftServer,group=group-5810656FACBA,id=s1
2022-12-24 08:43:01,009 [s1-impl-thread1] INFO  server.RaftServerConfigKeys (ConfUtils.java:logGet(46)) - raft.server.snapshot.auto.trigger.enabled = false (default)
2022-12-24 08:43:01,009 [s1-impl-thread1] INFO  server.RaftServerConfigKeys (ConfUtils.java:logGet(46)) - raft.server.snapshot.retention.file.num = -1 (default)
2022-12-24 08:43:01,009 [s1-impl-thread1] INFO  server.RaftServerConfigKeys (ConfUtils.java:logGet(46)) - raft.server.log.purge.upto.snapshot.index = false (default)
2022-12-24 08:43:01,013 [Time-limited test] INFO  server.RaftServer (RaftServerProxy.java:startImpl(396)) - s1: start RPC server
2022-12-24 08:43:01,015 [s1@group-5810656FACBA-FollowerState] INFO  server.RaftServerConfigKeys (ConfUtils.java:logFallback(53)) - raft.server.rpc.first-election.timeout.min = 150ms (fallback to raft.server.rpc.timeout.min)
2022-12-24 08:43:01,015 [s1@group-5810656FACBA-FollowerState] INFO  server.RaftServerConfigKeys (ConfUtils.java:logFallback(53)) - raft.server.rpc.first-election.timeout.max = 300ms (fallback to raft.server.rpc.timeout.max)
2022-12-24 08:43:01,015 [Time-limited test] INFO  server.GrpcService (GrpcService.java:startImpl(302)) - s1: GrpcService started, listening on 40627
2022-12-24 08:43:01,016 [Time-limited test] INFO  server.GrpcService (GrpcService.java:startImpl(302)) - s1: GrpcService started, listening on 36175
2022-12-24 08:43:01,017 [Time-limited test] INFO  server.GrpcService (GrpcService.java:startImpl(302)) - s1: GrpcService started, listening on 38443
2022-12-24 08:43:01,025 [s2-impl-thread1] INFO  server.RaftServerConfigKeys (ConfUtils.java:logGet(46)) - raft.server.storage.free-space.min = 0MB (=0) (default)
2022-12-24 08:43:01,025 [s2-impl-thread1] INFO  server.RaftServerConfigKeys (ConfUtils.java:logGet(46)) - raft.server.log.corruption.policy = EXCEPTION (default)
2022-12-24 08:43:01,026 [s2-impl-thread1] INFO  server.RaftServerConfigKeys (ConfUtils.java:logGet(46)) - raft.server.storage.dir = [/home/runner/work/ratis/ratis/ratis-test/target/test/data/7f3cb107/MiniRaftClusterWithGrpcc5efbf3e/s2] (custom)
2022-12-24 08:43:01,026 [s2-impl-thread1] INFO  storage.RaftStorageDirectory (RaftStorageDirectoryImpl.java:analyzeStorage(138)) - The storage directory /home/runner/work/ratis/ratis/ratis-test/target/test/data/7f3cb107/MiniRaftClusterWithGrpcc5efbf3e/s2/213d97cd-749e-4f81-8120-5810656facba does not exist. Creating ...
2022-12-24 08:43:01,026 [s2-impl-thread1] TRACE util.FileUtils (LogUtils.java:runAndLog(49)) - Successfully ran Files.createDirectories /home/runner/work/ratis/ratis/ratis-test/target/test/data/7f3cb107/MiniRaftClusterWithGrpcc5efbf3e/s2/213d97cd-749e-4f81-8120-5810656facba
2022-12-24 08:43:01,028 [JvmPauseMonitor1] INFO  util.JvmPauseMonitor (JvmPauseMonitor.java:run(105)) - JvmPauseMonitor-s1: Started
2022-12-24 08:43:01,028 [s2-impl-thread1] INFO  storage.RaftStorageDirectory (RaftStorageDirectoryImpl.java:tryLock(232)) - Lock on /home/runner/work/ratis/ratis/ratis-test/target/test/data/7f3cb107/MiniRaftClusterWithGrpcc5efbf3e/s2/213d97cd-749e-4f81-8120-5810656facba/in_use.lock acquired by nodename 2516@fv-az167-329
2022-12-24 08:43:01,028 [s2-impl-thread1] TRACE util.FileUtils (LogUtils.java:runAndLog(49)) - Successfully ran Files.createDirectories /home/runner/work/ratis/ratis/ratis-test/target/test/data/7f3cb107/MiniRaftClusterWithGrpcc5efbf3e/s2/213d97cd-749e-4f81-8120-5810656facba/current
2022-12-24 08:43:01,029 [s2-impl-thread1] TRACE util.FileUtils (LogUtils.java:runAndLog(49)) - Successfully ran Files.createDirectories /home/runner/work/ratis/ratis/ratis-test/target/test/data/7f3cb107/MiniRaftClusterWithGrpcc5efbf3e/s2/213d97cd-749e-4f81-8120-5810656facba/sm
2022-12-24 08:43:01,032 [s2-impl-thread1] INFO  storage.RaftStorage (RaftStorageImpl.java:format(96)) - Storage directory /home/runner/work/ratis/ratis/ratis-test/target/test/data/7f3cb107/MiniRaftClusterWithGrpcc5efbf3e/s2/213d97cd-749e-4f81-8120-5810656facba has been successfully formatted.
2022-12-24 08:43:01,032 [s2-impl-thread1] INFO  impl.SimpleStateMachine4Testing (SimpleStateMachine4Testing.java:initialize(213)) - Initializing SimpleStateMachine4Testing:uninitialized
2022-12-24 08:43:01,033 [s2-impl-thread1] INFO  impl.SimpleStateMachine4Testing (SimpleStateMachine4Testing.java:loadSnapshot(293)) - Loading snapshot null
2022-12-24 08:43:01,033 [s2-impl-thread1] INFO  server.RaftServerConfigKeys (ConfUtils.java:logGet(46)) - raft.server.log.use.memory = false (default)
2022-12-24 08:43:01,033 [s2-impl-thread1] INFO  server.RaftServerConfigKeys (ConfUtils.java:logGet(46)) - raft.server.log.purge.gap = 1024 (default)
2022-12-24 08:43:01,033 [s2-impl-thread1] INFO  server.RaftServerConfigKeys (ConfUtils.java:logGet(46)) - raft.server.log.appender.buffer.byte-limit = 4MB (=4194304) (default)
2022-12-24 08:43:01,034 [s2-impl-thread1] INFO  server.RaftServerConfigKeys (ConfUtils.java:logGet(46)) - raft.server.log.statemachine.data.read.timeout = 1000ms (default)
2022-12-24 08:43:01,034 [s2-impl-thread1] INFO  server.RaftServerConfigKeys (ConfUtils.java:logGet(46)) - raft.server.log.purge.preservation.log.num = 0 (default)
2022-12-24 08:43:01,035 [s2-impl-thread1] INFO  server.RaftServerConfigKeys (ConfUtils.java:logGet(46)) - raft.server.log.segment.size.max = 8MB (=8388608) (default)
2022-12-24 08:43:01,035 [s2-impl-thread1] INFO  server.RaftServerConfigKeys (ConfUtils.java:logGet(46)) - raft.server.log.segment.cache.num.max = 6 (default)
2022-12-24 08:43:01,035 [s2-impl-thread1] INFO  server.RaftServerConfigKeys (ConfUtils.java:logGet(46)) - raft.server.log.segment.cache.size.max = 200MB (=209715200) (default)
2022-12-24 08:43:01,035 [s2-impl-thread1] INFO  segmented.SegmentedRaftLogWorker (SegmentedRaftLogWorker.java:<init>(184)) - new s2@group-5810656FACBA-SegmentedRaftLogWorker for RaftStorageImpl:Storage Directory /home/runner/work/ratis/ratis/ratis-test/target/test/data/7f3cb107/MiniRaftClusterWithGrpcc5efbf3e/s2/213d97cd-749e-4f81-8120-5810656facba
2022-12-24 08:43:01,035 [s2-impl-thread1] INFO  server.RaftServerConfigKeys (ConfUtils.java:logGet(46)) - raft.server.log.queue.byte-limit = 64MB (=67108864) (default)
2022-12-24 08:43:01,035 [s2-impl-thread1] INFO  server.RaftServerConfigKeys (ConfUtils.java:logGet(46)) - raft.server.log.queue.element-limit = 4096 (default)
2022-12-24 08:43:01,036 [s2-impl-thread1] INFO  server.RaftServerConfigKeys (ConfUtils.java:logGet(46)) - raft.server.log.segment.size.max = 8MB (=8388608) (default)
2022-12-24 08:43:01,036 [s2-impl-thread1] INFO  server.RaftServerConfigKeys (ConfUtils.java:logGet(46)) - raft.server.log.preallocated.size = 4MB (=4194304) (default)
2022-12-24 08:43:01,036 [s2-impl-thread1] INFO  server.RaftServerConfigKeys (ConfUtils.java:logGet(46)) - raft.server.log.force.sync.num = 128 (default)
2022-12-24 08:43:01,036 [s2-impl-thread1] INFO  server.RaftServerConfigKeys (ConfUtils.java:logGet(46)) - raft.server.log.statemachine.data.sync = true (default)
2022-12-24 08:43:01,036 [s2-impl-thread1] INFO  server.RaftServerConfigKeys (ConfUtils.java:logGet(46)) - raft.server.log.statemachine.data.sync.timeout = 10s (default)
2022-12-24 08:43:01,036 [s2-impl-thread1] INFO  server.RaftServerConfigKeys (ConfUtils.java:logGet(46)) - raft.server.log.statemachine.data.sync.timeout.retry = -1 (default)
2022-12-24 08:43:01,036 [s2-impl-thread1] INFO  server.RaftServerConfigKeys (ConfUtils.java:logGet(46)) - raft.server.log.write.buffer.size = 64KB (=65536) (default)
2022-12-24 08:43:01,036 [s2-impl-thread1] INFO  server.RaftServerConfigKeys (ConfUtils.java:logGet(46)) - raft.server.log.appender.buffer.byte-limit = 4MB (=4194304) (default)
2022-12-24 08:43:01,041 [s2-impl-thread1] INFO  server.RaftServerConfigKeys (ConfUtils.java:logGet(46)) - raft.server.log.unsafe-flush.enabled = false (default)
2022-12-24 08:43:01,042 [s2-impl-thread1] INFO  server.RaftServerConfigKeys (ConfUtils.java:logGet(46)) - raft.server.log.async-flush.enabled = false (default)
2022-12-24 08:43:01,042 [s2-impl-thread1] INFO  server.RaftServerConfigKeys (ConfUtils.java:logGet(46)) - raft.server.log.statemachine.data.caching.enabled = false (default)
2022-12-24 08:43:01,042 [s2-impl-thread1] INFO  segmented.SegmentedRaftLogWorker (SegmentedRaftLogWorker.java:lambda$new$0(134)) - s2@group-5810656FACBA-SegmentedRaftLogWorker: flushIndex: setUnconditionally 0 -> -1
2022-12-24 08:43:01,042 [s2-impl-thread1] INFO  segmented.SegmentedRaftLogWorker (SegmentedRaftLogWorker.java:lambda$new$0(134)) - s2@group-5810656FACBA-SegmentedRaftLogWorker: safeCacheEvictIndex: setUnconditionally 0 -> -1
2022-12-24 08:43:01,043 [s2-impl-thread1] INFO  server.RaftServer$Division (RaftServerImpl.java:start(338)) - s2@group-5810656FACBA: start as a follower, conf=-1: peers:[s0|rpc:localhost:39091|admin:localhost:34953|client:localhost:41209|dataStream:localhost:36861|priority:0|startupRole:FOLLOWER, s1|rpc:localhost:36175|admin:localhost:38443|client:localhost:40627|dataStream:localhost:33361|priority:0|startupRole:FOLLOWER, s2|rpc:localhost:39591|admin:localhost:34357|client:localhost:35123|dataStream:localhost:34495|priority:0|startupRole:FOLLOWER]|listeners:[], old=null
2022-12-24 08:43:01,043 [s2-impl-thread1] INFO  server.RaftServer$Division (RaftServerImpl.java:setRole(325)) - s2@group-5810656FACBA: changes role from      null to FOLLOWER at term 0 for startAsFollower
2022-12-24 08:43:01,043 [s2-impl-thread1] INFO  impl.RoleInfo (RoleInfo.java:updateAndGet(139)) - s2: start s2@group-5810656FACBA-FollowerState
2022-12-24 08:43:01,044 [s2-impl-thread1] INFO  util.JmxRegister (JmxRegister.java:tryRegister(44)) - Successfully registered JMX Bean with object name Ratis:service=RaftServer,group=group-5810656FACBA,id=s2
2022-12-24 08:43:01,044 [s2-impl-thread1] INFO  server.RaftServerConfigKeys (ConfUtils.java:logGet(46)) - raft.server.snapshot.auto.trigger.enabled = false (default)
2022-12-24 08:43:01,044 [s2-impl-thread1] INFO  server.RaftServerConfigKeys (ConfUtils.java:logGet(46)) - raft.server.snapshot.retention.file.num = -1 (default)
2022-12-24 08:43:01,044 [s2-impl-thread1] INFO  server.RaftServerConfigKeys (ConfUtils.java:logGet(46)) - raft.server.log.purge.upto.snapshot.index = false (default)
2022-12-24 08:43:01,045 [s2@group-5810656FACBA-FollowerState] INFO  server.RaftServerConfigKeys (ConfUtils.java:logFallback(53)) - raft.server.rpc.first-election.timeout.min = 150ms (fallback to raft.server.rpc.timeout.min)
2022-12-24 08:43:01,048 [s2@group-5810656FACBA-FollowerState] INFO  server.RaftServerConfigKeys (ConfUtils.java:logFallback(53)) - raft.server.rpc.first-election.timeout.max = 300ms (fallback to raft.server.rpc.timeout.max)
2022-12-24 08:43:01,048 [Time-limited test] INFO  server.RaftServer (RaftServerProxy.java:startImpl(396)) - s2: start RPC server
2022-12-24 08:43:01,052 [Time-limited test] INFO  server.GrpcService (GrpcService.java:startImpl(302)) - s2: GrpcService started, listening on 35123
2022-12-24 08:43:01,053 [Time-limited test] INFO  server.GrpcService (GrpcService.java:startImpl(302)) - s2: GrpcService started, listening on 39591
2022-12-24 08:43:01,054 [Time-limited test] INFO  server.GrpcService (GrpcService.java:startImpl(302)) - s2: GrpcService started, listening on 34357
2022-12-24 08:43:01,061 [JvmPauseMonitor2] INFO  util.JvmPauseMonitor (JvmPauseMonitor.java:run(105)) - JvmPauseMonitor-s2: Started
2022-12-24 08:43:01,064 [Time-limited test] INFO  server.RaftServerConfigKeys (ConfUtils.java:logGet(46)) - raft.server.rpc.timeout.max = 300ms (default)
2022-12-24 08:43:01,066 [Time-limited test] INFO  ratis.RaftTestUtil (RaftTestUtil.java:waitForLeader(100)) - printing ALL groups
  s0:  RUNNING  FOLLOWER s0@group-5810656FACBA:t0, leader=null, voted=, raftlog=Memoized:s0@group-5810656FACBA-SegmentedRaftLog:OPENED:c-1, conf=-1: peers:[s0|rpc:localhost:39091|admin:localhost:34953|client:localhost:41209|dataStream:localhost:36861|priority:0|startupRole:FOLLOWER, s1|rpc:localhost:36175|admin:localhost:38443|client:localhost:40627|dataStream:localhost:33361|priority:0|startupRole:FOLLOWER, s2|rpc:localhost:39591|admin:localhost:34357|client:localhost:35123|dataStream:localhost:34495|priority:0|startupRole:FOLLOWER]|listeners:[], old=null RUNNING
  s1:  RUNNING  FOLLOWER s1@group-5810656FACBA:t0, leader=null, voted=, raftlog=Memoized:s1@group-5810656FACBA-SegmentedRaftLog:OPENED:c-1, conf=-1: peers:[s0|rpc:localhost:39091|admin:localhost:34953|client:localhost:41209|dataStream:localhost:36861|priority:0|startupRole:FOLLOWER, s1|rpc:localhost:36175|admin:localhost:38443|client:localhost:40627|dataStream:localhost:33361|priority:0|startupRole:FOLLOWER, s2|rpc:localhost:39591|admin:localhost:34357|client:localhost:35123|dataStream:localhost:34495|priority:0|startupRole:FOLLOWER]|listeners:[], old=null RUNNING
  s2:  RUNNING  FOLLOWER s2@group-5810656FACBA:t0, leader=null, voted=, raftlog=Memoized:s2@group-5810656FACBA-SegmentedRaftLog:OPENED:c-1, conf=-1: peers:[s0|rpc:localhost:39091|admin:localhost:34953|client:localhost:41209|dataStream:localhost:36861|priority:0|startupRole:FOLLOWER, s1|rpc:localhost:36175|admin:localhost:38443|client:localhost:40627|dataStream:localhost:33361|priority:0|startupRole:FOLLOWER, s2|rpc:localhost:39591|admin:localhost:34357|client:localhost:35123|dataStream:localhost:34495|priority:0|startupRole:FOLLOWER]|listeners:[], old=null RUNNING
2022-12-24 08:43:01,072 [Time-limited test] WARN  ratis.RaftTestUtil (JavaUtils.java:attempt(217)) - FAILED "waitForLeader-null-(expectLeader? true)", attempt #1/100: java.lang.IllegalStateException: No leader yet : printing ALL groups
  s0:  RUNNING  FOLLOWER s0@group-5810656FACBA:t0, leader=null, voted=, raftlog=Memoized:s0@group-5810656FACBA-SegmentedRaftLog:OPENED:c-1, conf=-1: peers:[s0|rpc:localhost:39091|admin:localhost:34953|client:localhost:41209|dataStream:localhost:36861|priority:0|startupRole:FOLLOWER, s1|rpc:localhost:36175|admin:localhost:38443|client:localhost:40627|dataStream:localhost:33361|priority:0|startupRole:FOLLOWER, s2|rpc:localhost:39591|admin:localhost:34357|client:localhost:35123|dataStream:localhost:34495|priority:0|startupRole:FOLLOWER]|listeners:[], old=null RUNNING
  s1:  RUNNING  FOLLOWER s1@group-5810656FACBA:t0, leader=null, voted=, raftlog=Memoized:s1@group-5810656FACBA-SegmentedRaftLog:OPENED:c-1, conf=-1: peers:[s0|rpc:localhost:39091|admin:localhost:34953|client:localhost:41209|dataStream:localhost:36861|priority:0|startupRole:FOLLOWER, s1|rpc:localhost:36175|admin:localhost:38443|client:localhost:40627|dataStream:localhost:33361|priority:0|startupRole:FOLLOWER, s2|rpc:localhost:39591|admin:localhost:34357|client:localhost:35123|dataStream:localhost:34495|priority:0|startupRole:FOLLOWER]|listeners:[], old=null RUNNING
  s2:  RUNNING  FOLLOWER s2@group-5810656FACBA:t0, leader=null, voted=, raftlog=Memoized:s2@group-5810656FACBA-SegmentedRaftLog:OPENED:c-1, conf=-1: peers:[s0|rpc:localhost:39091|admin:localhost:34953|client:localhost:41209|dataStream:localhost:36861|priority:0|startupRole:FOLLOWER, s1|rpc:localhost:36175|admin:localhost:38443|client:localhost:40627|dataStream:localhost:33361|priority:0|startupRole:FOLLOWER, s2|rpc:localhost:39591|admin:localhost:34357|client:localhost:35123|dataStream:localhost:34495|priority:0|startupRole:FOLLOWER]|listeners:[], old=null RUNNING, sleep 450ms and then retry.
java.lang.IllegalStateException: No leader yet : printing ALL groups
  s0:  RUNNING  FOLLOWER s0@group-5810656FACBA:t0, leader=null, voted=, raftlog=Memoized:s0@group-5810656FACBA-SegmentedRaftLog:OPENED:c-1, conf=-1: peers:[s0|rpc:localhost:39091|admin:localhost:34953|client:localhost:41209|dataStream:localhost:36861|priority:0|startupRole:FOLLOWER, s1|rpc:localhost:36175|admin:localhost:38443|client:localhost:40627|dataStream:localhost:33361|priority:0|startupRole:FOLLOWER, s2|rpc:localhost:39591|admin:localhost:34357|client:localhost:35123|dataStream:localhost:34495|priority:0|startupRole:FOLLOWER]|listeners:[], old=null RUNNING
  s1:  RUNNING  FOLLOWER s1@group-5810656FACBA:t0, leader=null, voted=, raftlog=Memoized:s1@group-5810656FACBA-SegmentedRaftLog:OPENED:c-1, conf=-1: peers:[s0|rpc:localhost:39091|admin:localhost:34953|client:localhost:41209|dataStream:localhost:36861|priority:0|startupRole:FOLLOWER, s1|rpc:localhost:36175|admin:localhost:38443|client:localhost:40627|dataStream:localhost:33361|priority:0|startupRole:FOLLOWER, s2|rpc:localhost:39591|admin:localhost:34357|client:localhost:35123|dataStream:localhost:34495|priority:0|startupRole:FOLLOWER]|listeners:[], old=null RUNNING
  s2:  RUNNING  FOLLOWER s2@group-5810656FACBA:t0, leader=null, voted=, raftlog=Memoized:s2@group-5810656FACBA-SegmentedRaftLog:OPENED:c-1, conf=-1: peers:[s0|rpc:localhost:39091|admin:localhost:34953|client:localhost:41209|dataStream:localhost:36861|priority:0|startupRole:FOLLOWER, s1|rpc:localhost:36175|admin:localhost:38443|client:localhost:40627|dataStream:localhost:33361|priority:0|startupRole:FOLLOWER, s2|rpc:localhost:39591|admin:localhost:34357|client:localhost:35123|dataStream:localhost:34495|priority:0|startupRole:FOLLOWER]|listeners:[], old=null RUNNING
	at org.apache.ratis.server.impl.MiniRaftCluster.newIllegalStateExceptionForNoLeaders(MiniRaftCluster.java:581)
	at org.apache.ratis.RaftTestUtil.lambda$waitForLeader$1(RaftTestUtil.java:104)
	at org.apache.ratis.server.impl.MiniRaftCluster.getLeader(MiniRaftCluster.java:615)
	at org.apache.ratis.server.impl.MiniRaftCluster.getLeader(MiniRaftCluster.java:608)
	at org.apache.ratis.RaftTestUtil.lambda$waitForLeader$3(RaftTestUtil.java:112)
	at org.apache.ratis.util.JavaUtils.attempt(JavaUtils.java:211)
	at org.apache.ratis.util.JavaUtils.attemptRepeatedly(JavaUtils.java:197)
	at org.apache.ratis.RaftTestUtil.waitForLeader(RaftTestUtil.java:111)
	at org.apache.ratis.RaftTestUtil.waitForLeader(RaftTestUtil.java:92)
	at org.apache.ratis.RaftTestUtil.waitForLeader(RaftTestUtil.java:87)
	at org.apache.ratis.grpc.TestRaftServerWithGrpc.testRaftClientRequestMetrics(TestRaftServerWithGrpc.java:308)
	at org.apache.ratis.server.impl.MiniRaftCluster$Factory$Get.runWithNewCluster(MiniRaftCluster.java:141)
	at org.apache.ratis.server.impl.MiniRaftCluster$Factory$Get.runWithNewCluster(MiniRaftCluster.java:121)
	at org.apache.ratis.grpc.TestRaftServerWithGrpc.testRaftClientMetrics(TestRaftServerWithGrpc.java:219)
	at java.base/jdk.internal.reflect.NativeMethodAccessorImpl.invoke0(Native Method)
	at java.base/jdk.internal.reflect.NativeMethodAccessorImpl.invoke(NativeMethodAccessorImpl.java:62)
	at java.base/jdk.internal.reflect.DelegatingMethodAccessorImpl.invoke(DelegatingMethodAccessorImpl.java:43)
	at java.base/java.lang.reflect.Method.invoke(Method.java:566)
	at org.junit.runners.model.FrameworkMethod$1.runReflectiveCall(FrameworkMethod.java:59)
	at org.junit.internal.runners.model.ReflectiveCallable.run(ReflectiveCallable.java:12)
	at org.junit.runners.model.FrameworkMethod.invokeExplosively(FrameworkMethod.java:56)
	at org.junit.internal.runners.statements.InvokeMethod.evaluate(InvokeMethod.java:17)
	at org.junit.internal.runners.statements.RunBefores.evaluate(RunBefores.java:26)
	at org.junit.internal.runners.statements.RunAfters.evaluate(RunAfters.java:27)
	at org.junit.internal.runners.statements.FailOnTimeout$CallableStatement.call(FailOnTimeout.java:299)
	at org.junit.internal.runners.statements.FailOnTimeout$CallableStatement.call(FailOnTimeout.java:293)
	at java.base/java.util.concurrent.FutureTask.run(FutureTask.java:264)
	at java.base/java.lang.Thread.run(Thread.java:829)
2022-12-24 08:43:01,090 [s0@group-5810656FACBA-FollowerState] INFO  impl.FollowerState (FollowerState.java:run(143)) - s0@group-5810656FACBA-FollowerState: change to CANDIDATE, lastRpcElapsedTime:192258608ns, electionTimeout:176ms
2022-12-24 08:43:01,090 [s0@group-5810656FACBA-FollowerState] INFO  impl.RoleInfo (RoleInfo.java:shutdownFollowerState(110)) - s0: shutdown s0@group-5810656FACBA-FollowerState
2022-12-24 08:43:01,091 [s0@group-5810656FACBA-FollowerState] INFO  server.RaftServer$Division (RaftServerImpl.java:setRole(325)) - s0@group-5810656FACBA: changes role from  FOLLOWER to CANDIDATE at term 0 for changeToCandidate
2022-12-24 08:43:01,093 [s0@group-5810656FACBA-FollowerState] INFO  server.RaftServerConfigKeys (ConfUtils.java:logGet(46)) - raft.server.leaderelection.pre-vote = true (default)
2022-12-24 08:43:01,094 [s0@group-5810656FACBA-FollowerState] INFO  impl.RoleInfo (RoleInfo.java:updateAndGet(139)) - s0: start s0@group-5810656FACBA-LeaderElection1
2022-12-24 08:43:01,105 [s0@group-5810656FACBA-LeaderElection1] INFO  impl.LeaderElection (LeaderElection.java:askForVotes(309)) - s0@group-5810656FACBA-LeaderElection1 PRE_VOTE round 0: submit vote requests at term 0 for -1: peers:[s0|rpc:localhost:39091|admin:localhost:34953|client:localhost:41209|dataStream:localhost:36861|priority:0|startupRole:FOLLOWER, s1|rpc:localhost:36175|admin:localhost:38443|client:localhost:40627|dataStream:localhost:33361|priority:0|startupRole:FOLLOWER, s2|rpc:localhost:39591|admin:localhost:34357|client:localhost:35123|dataStream:localhost:34495|priority:0|startupRole:FOLLOWER]|listeners:[], old=null
2022-12-24 08:43:01,125 [s0@group-5810656FACBA-LeaderElection1] INFO  server.RaftServerConfigKeys (ConfUtils.java:logFallback(53)) - raft.server.rpc.first-election.timeout.min = 150ms (fallback to raft.server.rpc.timeout.min)
2022-12-24 08:43:01,125 [s0@group-5810656FACBA-LeaderElection1] INFO  server.RaftServerConfigKeys (ConfUtils.java:logFallback(53)) - raft.server.rpc.first-election.timeout.max = 300ms (fallback to raft.server.rpc.timeout.max)
2022-12-24 08:43:01,129 [s0@group-5810656FACBA-LeaderElection1-1] INFO  server.GrpcServerProtocolClient (GrpcServerProtocolClient.java:<init>(63)) - Build channel for s1
2022-12-24 08:43:01,129 [s0@group-5810656FACBA-LeaderElection1-2] INFO  server.GrpcServerProtocolClient (GrpcServerProtocolClient.java:<init>(63)) - Build channel for s2
2022-12-24 08:43:01,257 [s1@group-5810656FACBA-FollowerState] INFO  impl.FollowerState (FollowerState.java:run(143)) - s1@group-5810656FACBA-FollowerState: change to CANDIDATE, lastRpcElapsedTime:258815749ns, electionTimeout:242ms
2022-12-24 08:43:01,257 [s1@group-5810656FACBA-FollowerState] INFO  impl.RoleInfo (RoleInfo.java:shutdownFollowerState(110)) - s1: shutdown s1@group-5810656FACBA-FollowerState
2022-12-24 08:43:01,257 [s1@group-5810656FACBA-FollowerState] INFO  server.RaftServer$Division (RaftServerImpl.java:setRole(325)) - s1@group-5810656FACBA: changes role from  FOLLOWER to CANDIDATE at term 0 for changeToCandidate
2022-12-24 08:43:01,258 [s1@group-5810656FACBA-FollowerState] INFO  server.RaftServerConfigKeys (ConfUtils.java:logGet(46)) - raft.server.leaderelection.pre-vote = true (default)
2022-12-24 08:43:01,258 [s1@group-5810656FACBA-FollowerState] INFO  impl.RoleInfo (RoleInfo.java:updateAndGet(139)) - s1: start s1@group-5810656FACBA-LeaderElection2
2022-12-24 08:43:01,274 [s1@group-5810656FACBA-LeaderElection2] INFO  impl.LeaderElection (LeaderElection.java:askForVotes(309)) - s1@group-5810656FACBA-LeaderElection2 PRE_VOTE round 0: submit vote requests at term 0 for -1: peers:[s0|rpc:localhost:39091|admin:localhost:34953|client:localhost:41209|dataStream:localhost:36861|priority:0|startupRole:FOLLOWER, s1|rpc:localhost:36175|admin:localhost:38443|client:localhost:40627|dataStream:localhost:33361|priority:0|startupRole:FOLLOWER, s2|rpc:localhost:39591|admin:localhost:34357|client:localhost:35123|dataStream:localhost:34495|priority:0|startupRole:FOLLOWER]|listeners:[], old=null
2022-12-24 08:43:01,277 [s1@group-5810656FACBA-LeaderElection2-1] INFO  server.GrpcServerProtocolClient (GrpcServerProtocolClient.java:<init>(63)) - Build channel for s0
2022-12-24 08:43:01,279 [s1@group-5810656FACBA-LeaderElection2] INFO  server.RaftServerConfigKeys (ConfUtils.java:logFallback(53)) - raft.server.rpc.first-election.timeout.min = 150ms (fallback to raft.server.rpc.timeout.min)
2022-12-24 08:43:01,288 [s1@group-5810656FACBA-LeaderElection2] INFO  server.RaftServerConfigKeys (ConfUtils.java:logFallback(53)) - raft.server.rpc.first-election.timeout.max = 300ms (fallback to raft.server.rpc.timeout.max)
2022-12-24 08:43:01,289 [s1@group-5810656FACBA-LeaderElection2-2] INFO  server.GrpcServerProtocolClient (GrpcServerProtocolClient.java:<init>(63)) - Build channel for s2
2022-12-24 08:43:01,303 [s2@group-5810656FACBA-FollowerState] INFO  impl.FollowerState (FollowerState.java:run(143)) - s2@group-5810656FACBA-FollowerState: change to CANDIDATE, lastRpcElapsedTime:259687911ns, electionTimeout:245ms
2022-12-24 08:43:01,303 [s2@group-5810656FACBA-FollowerState] INFO  impl.RoleInfo (RoleInfo.java:shutdownFollowerState(110)) - s2: shutdown s2@group-5810656FACBA-FollowerState
2022-12-24 08:43:01,303 [s2@group-5810656FACBA-FollowerState] INFO  server.RaftServer$Division (RaftServerImpl.java:setRole(325)) - s2@group-5810656FACBA: changes role from  FOLLOWER to CANDIDATE at term 0 for changeToCandidate
2022-12-24 08:43:01,304 [s2@group-5810656FACBA-FollowerState] INFO  server.RaftServerConfigKeys (ConfUtils.java:logGet(46)) - raft.server.leaderelection.pre-vote = true (default)
2022-12-24 08:43:01,304 [s2@group-5810656FACBA-FollowerState] INFO  impl.RoleInfo (RoleInfo.java:updateAndGet(139)) - s2: start s2@group-5810656FACBA-LeaderElection3
2022-12-24 08:43:01,312 [s2@group-5810656FACBA-LeaderElection3] INFO  impl.LeaderElection (LeaderElection.java:askForVotes(309)) - s2@group-5810656FACBA-LeaderElection3 PRE_VOTE round 0: submit vote requests at term 0 for -1: peers:[s0|rpc:localhost:39091|admin:localhost:34953|client:localhost:41209|dataStream:localhost:36861|priority:0|startupRole:FOLLOWER, s1|rpc:localhost:36175|admin:localhost:38443|client:localhost:40627|dataStream:localhost:33361|priority:0|startupRole:FOLLOWER, s2|rpc:localhost:39591|admin:localhost:34357|client:localhost:35123|dataStream:localhost:34495|priority:0|startupRole:FOLLOWER]|listeners:[], old=null
2022-12-24 08:43:01,313 [s0@group-5810656FACBA-LeaderElection1] INFO  impl.LeaderElection (LeaderElection.java:logAndReturn(89)) - s0@group-5810656FACBA-LeaderElection1: PRE_VOTE TIMEOUT received 0 response(s) and 0 exception(s):
2022-12-24 08:43:01,313 [s0@group-5810656FACBA-LeaderElection1] INFO  impl.LeaderElection (LeaderElection.java:askForVotes(311)) - s0@group-5810656FACBA-LeaderElection1 PRE_VOTE round 0: result TIMEOUT
2022-12-24 08:43:01,313 [s0@group-5810656FACBA-LeaderElection1] INFO  impl.LeaderElection (LeaderElection.java:askForVotes(309)) - s0@group-5810656FACBA-LeaderElection1 PRE_VOTE round 1: submit vote requests at term 0 for -1: peers:[s0|rpc:localhost:39091|admin:localhost:34953|client:localhost:41209|dataStream:localhost:36861|priority:0|startupRole:FOLLOWER, s1|rpc:localhost:36175|admin:localhost:38443|client:localhost:40627|dataStream:localhost:33361|priority:0|startupRole:FOLLOWER, s2|rpc:localhost:39591|admin:localhost:34357|client:localhost:35123|dataStream:localhost:34495|priority:0|startupRole:FOLLOWER]|listeners:[], old=null
2022-12-24 08:43:01,313 [s2@group-5810656FACBA-LeaderElection3-1] INFO  server.GrpcServerProtocolClient (GrpcServerProtocolClient.java:<init>(63)) - Build channel for s0
2022-12-24 08:43:01,318 [s0@group-5810656FACBA-LeaderElection1] INFO  server.RaftServerConfigKeys (ConfUtils.java:logFallback(53)) - raft.server.rpc.first-election.timeout.min = 150ms (fallback to raft.server.rpc.timeout.min)
2022-12-24 08:43:01,314 [s2@group-5810656FACBA-LeaderElection3-2] INFO  server.GrpcServerProtocolClient (GrpcServerProtocolClient.java:<init>(63)) - Build channel for s1
2022-12-24 08:43:01,314 [s2@group-5810656FACBA-LeaderElection3] INFO  server.RaftServerConfigKeys (ConfUtils.java:logFallback(53)) - raft.server.rpc.first-election.timeout.min = 150ms (fallback to raft.server.rpc.timeout.min)
2022-12-24 08:43:01,326 [s2@group-5810656FACBA-LeaderElection3] INFO  server.RaftServerConfigKeys (ConfUtils.java:logFallback(53)) - raft.server.rpc.first-election.timeout.max = 300ms (fallback to raft.server.rpc.timeout.max)
2022-12-24 08:43:01,325 [s0@group-5810656FACBA-LeaderElection1] INFO  server.RaftServerConfigKeys (ConfUtils.java:logFallback(53)) - raft.server.rpc.first-election.timeout.max = 300ms (fallback to raft.server.rpc.timeout.max)
2022-12-24 08:43:01,486 [s0@group-5810656FACBA-LeaderElection1] INFO  impl.LeaderElection (LeaderElection.java:logAndReturn(89)) - s0@group-5810656FACBA-LeaderElection1: PRE_VOTE TIMEOUT received 0 response(s) and 0 exception(s):
2022-12-24 08:43:01,487 [s0@group-5810656FACBA-LeaderElection1] INFO  impl.LeaderElection (LeaderElection.java:askForVotes(311)) - s0@group-5810656FACBA-LeaderElection1 PRE_VOTE round 1: result TIMEOUT
2022-12-24 08:43:01,487 [s0@group-5810656FACBA-LeaderElection1] INFO  impl.LeaderElection (LeaderElection.java:askForVotes(309)) - s0@group-5810656FACBA-LeaderElection1 PRE_VOTE round 2: submit vote requests at term 0 for -1: peers:[s0|rpc:localhost:39091|admin:localhost:34953|client:localhost:41209|dataStream:localhost:36861|priority:0|startupRole:FOLLOWER, s1|rpc:localhost:36175|admin:localhost:38443|client:localhost:40627|dataStream:localhost:33361|priority:0|startupRole:FOLLOWER, s2|rpc:localhost:39591|admin:localhost:34357|client:localhost:35123|dataStream:localhost:34495|priority:0|startupRole:FOLLOWER]|listeners:[], old=null
2022-12-24 08:43:01,501 [s0@group-5810656FACBA-LeaderElection1] INFO  server.RaftServerConfigKeys (ConfUtils.java:logFallback(53)) - raft.server.rpc.first-election.timeout.min = 150ms (fallback to raft.server.rpc.timeout.min)
2022-12-24 08:43:01,501 [s0@group-5810656FACBA-LeaderElection1] INFO  server.RaftServerConfigKeys (ConfUtils.java:logFallback(53)) - raft.server.rpc.first-election.timeout.max = 300ms (fallback to raft.server.rpc.timeout.max)
2022-12-24 08:43:01,509 [grpc-default-executor-1] INFO  server.RaftServer$Division (RaftServerImpl.java:requestVote(1297)) - s1@group-5810656FACBA: receive requestVote(PRE_VOTE, s0, group-5810656FACBA, 0, (t:0, i:0))
2022-12-24 08:43:01,511 [s2@group-5810656FACBA-LeaderElection3] INFO  impl.LeaderElection (LeaderElection.java:logAndReturn(89)) - s2@group-5810656FACBA-LeaderElection3: PRE_VOTE TIMEOUT received 0 response(s) and 0 exception(s):
2022-12-24 08:43:01,511 [s2@group-5810656FACBA-LeaderElection3] INFO  impl.LeaderElection (LeaderElection.java:askForVotes(311)) - s2@group-5810656FACBA-LeaderElection3 PRE_VOTE round 0: result TIMEOUT
2022-12-24 08:43:01,511 [s2@group-5810656FACBA-LeaderElection3] INFO  impl.LeaderElection (LeaderElection.java:askForVotes(309)) - s2@group-5810656FACBA-LeaderElection3 PRE_VOTE round 1: submit vote requests at term 0 for -1: peers:[s0|rpc:localhost:39091|admin:localhost:34953|client:localhost:41209|dataStream:localhost:36861|priority:0|startupRole:FOLLOWER, s1|rpc:localhost:36175|admin:localhost:38443|client:localhost:40627|dataStream:localhost:33361|priority:0|startupRole:FOLLOWER, s2|rpc:localhost:39591|admin:localhost:34357|client:localhost:35123|dataStream:localhost:34495|priority:0|startupRole:FOLLOWER]|listeners:[], old=null
2022-12-24 08:43:01,510 [s1@group-5810656FACBA-LeaderElection2] INFO  impl.LeaderElection (LeaderElection.java:logAndReturn(89)) - s1@group-5810656FACBA-LeaderElection2: PRE_VOTE TIMEOUT received 0 response(s) and 0 exception(s):
2022-12-24 08:43:01,512 [s1@group-5810656FACBA-LeaderElection2] INFO  impl.LeaderElection (LeaderElection.java:askForVotes(311)) - s1@group-5810656FACBA-LeaderElection2 PRE_VOTE round 0: result TIMEOUT
2022-12-24 08:43:01,512 [s1@group-5810656FACBA-LeaderElection2] INFO  impl.LeaderElection (LeaderElection.java:askForVotes(309)) - s1@group-5810656FACBA-LeaderElection2 PRE_VOTE round 1: submit vote requests at term 0 for -1: peers:[s0|rpc:localhost:39091|admin:localhost:34953|client:localhost:41209|dataStream:localhost:36861|priority:0|startupRole:FOLLOWER, s1|rpc:localhost:36175|admin:localhost:38443|client:localhost:40627|dataStream:localhost:33361|priority:0|startupRole:FOLLOWER, s2|rpc:localhost:39591|admin:localhost:34357|client:localhost:35123|dataStream:localhost:34495|priority:0|startupRole:FOLLOWER]|listeners:[], old=null
2022-12-24 08:43:01,510 [grpc-default-executor-2] INFO  server.RaftServer$Division (RaftServerImpl.java:requestVote(1297)) - s0@group-5810656FACBA: receive requestVote(PRE_VOTE, s2, group-5810656FACBA, 0, (t:0, i:0))
2022-12-24 08:43:01,510 [grpc-default-executor-5] INFO  server.RaftServer$Division (RaftServerImpl.java:requestVote(1297)) - s1@group-5810656FACBA: receive requestVote(PRE_VOTE, s2, group-5810656FACBA, 0, (t:0, i:0))
2022-12-24 08:43:01,510 [grpc-default-executor-0] INFO  server.RaftServer$Division (RaftServerImpl.java:requestVote(1297)) - s1@group-5810656FACBA: receive requestVote(PRE_VOTE, s0, group-5810656FACBA, 0, (t:0, i:0))
2022-12-24 08:43:01,509 [grpc-default-executor-4] INFO  server.RaftServer$Division (RaftServerImpl.java:requestVote(1297)) - s2@group-5810656FACBA: receive requestVote(PRE_VOTE, s1, group-5810656FACBA, 0, (t:0, i:0))
2022-12-24 08:43:01,518 [grpc-default-executor-6] INFO  server.RaftServer$Division (RaftServerImpl.java:requestVote(1297)) - s2@group-5810656FACBA: receive requestVote(PRE_VOTE, s0, group-5810656FACBA, 0, (t:0, i:0))
2022-12-24 08:43:01,519 [grpc-default-executor-4] INFO  impl.VoteContext (VoteContext.java:log(49)) - s2@group-5810656FACBA-CANDIDATE: accept PRE_VOTE from s1: our priority 0 <= candidate's priority 0
2022-12-24 08:43:01,515 [grpc-default-executor-2] INFO  impl.VoteContext (VoteContext.java:log(49)) - s0@group-5810656FACBA-CANDIDATE: accept PRE_VOTE from s2: our priority 0 <= candidate's priority 0
2022-12-24 08:43:01,513 [s2@group-5810656FACBA-LeaderElection3] INFO  server.RaftServerConfigKeys (ConfUtils.java:logFallback(53)) - raft.server.rpc.first-election.timeout.min = 150ms (fallback to raft.server.rpc.timeout.min)
2022-12-24 08:43:01,521 [s2@group-5810656FACBA-LeaderElection3] INFO  server.RaftServerConfigKeys (ConfUtils.java:logFallback(53)) - raft.server.rpc.first-election.timeout.max = 300ms (fallback to raft.server.rpc.timeout.max)
2022-12-24 08:43:01,512 [grpc-default-executor-3] INFO  server.RaftServer$Division (RaftServerImpl.java:requestVote(1297)) - s2@group-5810656FACBA: receive requestVote(PRE_VOTE, s0, group-5810656FACBA, 0, (t:0, i:0))
2022-12-24 08:43:01,525 [s1@group-5810656FACBA-LeaderElection2] INFO  server.RaftServerConfigKeys (ConfUtils.java:logFallback(53)) - raft.server.rpc.first-election.timeout.min = 150ms (fallback to raft.server.rpc.timeout.min)
2022-12-24 08:43:01,525 [s1@group-5810656FACBA-LeaderElection2] INFO  server.RaftServerConfigKeys (ConfUtils.java:logFallback(53)) - raft.server.rpc.first-election.timeout.max = 300ms (fallback to raft.server.rpc.timeout.max)
2022-12-24 08:43:01,526 [grpc-default-executor-7] INFO  server.RaftServer$Division (RaftServerImpl.java:requestVote(1297)) - s0@group-5810656FACBA: receive requestVote(PRE_VOTE, s1, group-5810656FACBA, 0, (t:0, i:0))
2022-12-24 08:43:01,517 [grpc-default-executor-1] INFO  impl.VoteContext (VoteContext.java:log(49)) - s1@group-5810656FACBA-CANDIDATE: accept PRE_VOTE from s0: our priority 0 <= candidate's priority 0
2022-12-24 08:43:01,528 [grpc-default-executor-4] INFO  server.RaftServer$Division (RaftServerImpl.java:requestVote(1330)) - s2@group-5810656FACBA replies to PRE_VOTE vote request: s1<-s2#0:OK-t0. Peer's state: s2@group-5810656FACBA:t0, leader=null, voted=, raftlog=Memoized:s2@group-5810656FACBA-SegmentedRaftLog:OPENED:c-1, conf=-1: peers:[s0|rpc:localhost:39091|admin:localhost:34953|client:localhost:41209|dataStream:localhost:36861|priority:0|startupRole:FOLLOWER, s1|rpc:localhost:36175|admin:localhost:38443|client:localhost:40627|dataStream:localhost:33361|priority:0|startupRole:FOLLOWER, s2|rpc:localhost:39591|admin:localhost:34357|client:localhost:35123|dataStream:localhost:34495|priority:0|startupRole:FOLLOWER]|listeners:[], old=null
2022-12-24 08:43:01,530 [grpc-default-executor-3] INFO  impl.VoteContext (VoteContext.java:log(49)) - s2@group-5810656FACBA-CANDIDATE: accept PRE_VOTE from s0: our priority 0 <= candidate's priority 0
2022-12-24 08:43:01,530 [grpc-default-executor-3] INFO  server.RaftServer$Division (RaftServerImpl.java:requestVote(1330)) - s2@group-5810656FACBA replies to PRE_VOTE vote request: s0<-s2#0:OK-t0. Peer's state: s2@group-5810656FACBA:t0, leader=null, voted=, raftlog=Memoized:s2@group-5810656FACBA-SegmentedRaftLog:OPENED:c-1, conf=-1: peers:[s0|rpc:localhost:39091|admin:localhost:34953|client:localhost:41209|dataStream:localhost:36861|priority:0|startupRole:FOLLOWER, s1|rpc:localhost:36175|admin:localhost:38443|client:localhost:40627|dataStream:localhost:33361|priority:0|startupRole:FOLLOWER, s2|rpc:localhost:39591|admin:localhost:34357|client:localhost:35123|dataStream:localhost:34495|priority:0|startupRole:FOLLOWER]|listeners:[], old=null
2022-12-24 08:43:01,530 [grpc-default-executor-6] INFO  impl.VoteContext (VoteContext.java:log(49)) - s2@group-5810656FACBA-CANDIDATE: accept PRE_VOTE from s0: our priority 0 <= candidate's priority 0
2022-12-24 08:43:01,532 [grpc-default-executor-6] INFO  server.RaftServer$Division (RaftServerImpl.java:requestVote(1330)) - s2@group-5810656FACBA replies to PRE_VOTE vote request: s0<-s2#0:OK-t0. Peer's state: s2@group-5810656FACBA:t0, leader=null, voted=, raftlog=Memoized:s2@group-5810656FACBA-SegmentedRaftLog:OPENED:c-1, conf=-1: peers:[s0|rpc:localhost:39091|admin:localhost:34953|client:localhost:41209|dataStream:localhost:36861|priority:0|startupRole:FOLLOWER, s1|rpc:localhost:36175|admin:localhost:38443|client:localhost:40627|dataStream:localhost:33361|priority:0|startupRole:FOLLOWER, s2|rpc:localhost:39591|admin:localhost:34357|client:localhost:35123|dataStream:localhost:34495|priority:0|startupRole:FOLLOWER]|listeners:[], old=null
2022-12-24 08:43:01,531 [grpc-default-executor-2] INFO  server.RaftServer$Division (RaftServerImpl.java:requestVote(1330)) - s0@group-5810656FACBA replies to PRE_VOTE vote request: s2<-s0#0:OK-t0. Peer's state: s0@group-5810656FACBA:t0, leader=null, voted=, raftlog=Memoized:s0@group-5810656FACBA-SegmentedRaftLog:OPENED:c-1, conf=-1: peers:[s0|rpc:localhost:39091|admin:localhost:34953|client:localhost:41209|dataStream:localhost:36861|priority:0|startupRole:FOLLOWER, s1|rpc:localhost:36175|admin:localhost:38443|client:localhost:40627|dataStream:localhost:33361|priority:0|startupRole:FOLLOWER, s2|rpc:localhost:39591|admin:localhost:34357|client:localhost:35123|dataStream:localhost:34495|priority:0|startupRole:FOLLOWER]|listeners:[], old=null
2022-12-24 08:43:01,532 [grpc-default-executor-1] INFO  server.RaftServer$Division (RaftServerImpl.java:requestVote(1330)) - s1@group-5810656FACBA replies to PRE_VOTE vote request: s0<-s1#0:OK-t0. Peer's state: s1@group-5810656FACBA:t0, leader=null, voted=, raftlog=Memoized:s1@group-5810656FACBA-SegmentedRaftLog:OPENED:c-1, conf=-1: peers:[s0|rpc:localhost:39091|admin:localhost:34953|client:localhost:41209|dataStream:localhost:36861|priority:0|startupRole:FOLLOWER, s1|rpc:localhost:36175|admin:localhost:38443|client:localhost:40627|dataStream:localhost:33361|priority:0|startupRole:FOLLOWER, s2|rpc:localhost:39591|admin:localhost:34357|client:localhost:35123|dataStream:localhost:34495|priority:0|startupRole:FOLLOWER]|listeners:[], old=null
2022-12-24 08:43:01,541 [grpc-default-executor-0] INFO  impl.VoteContext (VoteContext.java:log(49)) - s1@group-5810656FACBA-CANDIDATE: accept PRE_VOTE from s0: our priority 0 <= candidate's priority 0
2022-12-24 08:43:01,541 [grpc-default-executor-0] INFO  server.RaftServer$Division (RaftServerImpl.java:requestVote(1330)) - s1@group-5810656FACBA replies to PRE_VOTE vote request: s0<-s1#0:OK-t0. Peer's state: s1@group-5810656FACBA:t0, leader=null, voted=, raftlog=Memoized:s1@group-5810656FACBA-SegmentedRaftLog:OPENED:c-1, conf=-1: peers:[s0|rpc:localhost:39091|admin:localhost:34953|client:localhost:41209|dataStream:localhost:36861|priority:0|startupRole:FOLLOWER, s1|rpc:localhost:36175|admin:localhost:38443|client:localhost:40627|dataStream:localhost:33361|priority:0|startupRole:FOLLOWER, s2|rpc:localhost:39591|admin:localhost:34357|client:localhost:35123|dataStream:localhost:34495|priority:0|startupRole:FOLLOWER]|listeners:[], old=null
2022-12-24 08:43:01,541 [grpc-default-executor-5] INFO  impl.VoteContext (VoteContext.java:log(49)) - s1@group-5810656FACBA-CANDIDATE: accept PRE_VOTE from s2: our priority 0 <= candidate's priority 0
2022-12-24 08:43:01,534 [Time-limited test] WARN  ratis.RaftTestUtil (JavaUtils.java:attempt(217)) - FAILED "waitForLeader-null-(expectLeader? true)", attempt #2/100: java.lang.IllegalStateException: No leader yet : printing ALL groups
  s0:  RUNNING CANDIDATE s0@group-5810656FACBA:t0, leader=null, voted=, raftlog=Memoized:s0@group-5810656FACBA-SegmentedRaftLog:OPENED:c-1, conf=-1: peers:[s0|rpc:localhost:39091|admin:localhost:34953|client:localhost:41209|dataStream:localhost:36861|priority:0|startupRole:FOLLOWER, s1|rpc:localhost:36175|admin:localhost:38443|client:localhost:40627|dataStream:localhost:33361|priority:0|startupRole:FOLLOWER, s2|rpc:localhost:39591|admin:localhost:34357|client:localhost:35123|dataStream:localhost:34495|priority:0|startupRole:FOLLOWER]|listeners:[], old=null RUNNING
  s1:  RUNNING CANDIDATE s1@group-5810656FACBA:t0, leader=null, voted=, raftlog=Memoized:s1@group-5810656FACBA-SegmentedRaftLog:OPENED:c-1, conf=-1: peers:[s0|rpc:localhost:39091|admin:localhost:34953|client:localhost:41209|dataStream:localhost:36861|priority:0|startupRole:FOLLOWER, s1|rpc:localhost:36175|admin:localhost:38443|client:localhost:40627|dataStream:localhost:33361|priority:0|startupRole:FOLLOWER, s2|rpc:localhost:39591|admin:localhost:34357|client:localhost:35123|dataStream:localhost:34495|priority:0|startupRole:FOLLOWER]|listeners:[], old=null RUNNING
  s2:  RUNNING CANDIDATE s2@group-5810656FACBA:t0, leader=null, voted=, raftlog=Memoized:s2@group-5810656FACBA-SegmentedRaftLog:OPENED:c-1, conf=-1: peers:[s0|rpc:localhost:39091|admin:localhost:34953|client:localhost:41209|dataStream:localhost:36861|priority:0|startupRole:FOLLOWER, s1|rpc:localhost:36175|admin:localhost:38443|client:localhost:40627|dataStream:localhost:33361|priority:0|startupRole:FOLLOWER, s2|rpc:localhost:39591|admin:localhost:34357|client:localhost:35123|dataStream:localhost:34495|priority:0|startupRole:FOLLOWER]|listeners:[], old=null RUNNING, sleep 450ms and then retry.
java.lang.IllegalStateException: No leader yet : printing ALL groups
  s0:  RUNNING CANDIDATE s0@group-5810656FACBA:t0, leader=null, voted=, raftlog=Memoized:s0@group-5810656FACBA-SegmentedRaftLog:OPENED:c-1, conf=-1: peers:[s0|rpc:localhost:39091|admin:localhost:34953|client:localhost:41209|dataStream:localhost:36861|priority:0|startupRole:FOLLOWER, s1|rpc:localhost:36175|admin:localhost:38443|client:localhost:40627|dataStream:localhost:33361|priority:0|startupRole:FOLLOWER, s2|rpc:localhost:39591|admin:localhost:34357|client:localhost:35123|dataStream:localhost:34495|priority:0|startupRole:FOLLOWER]|listeners:[], old=null RUNNING
  s1:  RUNNING CANDIDATE s1@group-5810656FACBA:t0, leader=null, voted=, raftlog=Memoized:s1@group-5810656FACBA-SegmentedRaftLog:OPENED:c-1, conf=-1: peers:[s0|rpc:localhost:39091|admin:localhost:34953|client:localhost:41209|dataStream:localhost:36861|priority:0|startupRole:FOLLOWER, s1|rpc:localhost:36175|admin:localhost:38443|client:localhost:40627|dataStream:localhost:33361|priority:0|startupRole:FOLLOWER, s2|rpc:localhost:39591|admin:localhost:34357|client:localhost:35123|dataStream:localhost:34495|priority:0|startupRole:FOLLOWER]|listeners:[], old=null RUNNING
  s2:  RUNNING CANDIDATE s2@group-5810656FACBA:t0, leader=null, voted=, raftlog=Memoized:s2@group-5810656FACBA-SegmentedRaftLog:OPENED:c-1, conf=-1: peers:[s0|rpc:localhost:39091|admin:localhost:34953|client:localhost:41209|dataStream:localhost:36861|priority:0|startupRole:FOLLOWER, s1|rpc:localhost:36175|admin:localhost:38443|client:localhost:40627|dataStream:localhost:33361|priority:0|startupRole:FOLLOWER, s2|rpc:localhost:39591|admin:localhost:34357|client:localhost:35123|dataStream:localhost:34495|priority:0|startupRole:FOLLOWER]|listeners:[], old=null RUNNING
	at org.apache.ratis.server.impl.MiniRaftCluster.newIllegalStateExceptionForNoLeaders(MiniRaftCluster.java:581)
	at org.apache.ratis.RaftTestUtil.lambda$waitForLeader$1(RaftTestUtil.java:104)
	at org.apache.ratis.server.impl.MiniRaftCluster.getLeader(MiniRaftCluster.java:615)
	at org.apache.ratis.server.impl.MiniRaftCluster.getLeader(MiniRaftCluster.java:608)
	at org.apache.ratis.RaftTestUtil.lambda$waitForLeader$3(RaftTestUtil.java:112)
	at org.apache.ratis.util.JavaUtils.attempt(JavaUtils.java:211)
	at org.apache.ratis.util.JavaUtils.attemptRepeatedly(JavaUtils.java:197)
	at org.apache.ratis.RaftTestUtil.waitForLeader(RaftTestUtil.java:111)
	at org.apache.ratis.RaftTestUtil.waitForLeader(RaftTestUtil.java:92)
	at org.apache.ratis.RaftTestUtil.waitForLeader(RaftTestUtil.java:87)
	at org.apache.ratis.grpc.TestRaftServerWithGrpc.testRaftClientRequestMetrics(TestRaftServerWithGrpc.java:308)
	at org.apache.ratis.server.impl.MiniRaftCluster$Factory$Get.runWithNewCluster(MiniRaftCluster.java:141)
	at org.apache.ratis.server.impl.MiniRaftCluster$Factory$Get.runWithNewCluster(MiniRaftCluster.java:121)
	at org.apache.ratis.grpc.TestRaftServerWithGrpc.testRaftClientMetrics(TestRaftServerWithGrpc.java:219)
	at java.base/jdk.internal.reflect.NativeMethodAccessorImpl.invoke0(Native Method)
	at java.base/jdk.internal.reflect.NativeMethodAccessorImpl.invoke(NativeMethodAccessorImpl.java:62)
	at java.base/jdk.internal.reflect.DelegatingMethodAccessorImpl.invoke(DelegatingMethodAccessorImpl.java:43)
	at java.base/java.lang.reflect.Method.invoke(Method.java:566)
	at org.junit.runners.model.FrameworkMethod$1.runReflectiveCall(FrameworkMethod.java:59)
	at org.junit.internal.runners.model.ReflectiveCallable.run(ReflectiveCallable.java:12)
	at org.junit.runners.model.FrameworkMethod.invokeExplosively(FrameworkMethod.java:56)
	at org.junit.internal.runners.statements.InvokeMethod.evaluate(InvokeMethod.java:17)
	at org.junit.internal.runners.statements.RunBefores.evaluate(RunBefores.java:26)
	at org.junit.internal.runners.statements.RunAfters.evaluate(RunAfters.java:27)
	at org.junit.internal.runners.statements.FailOnTimeout$CallableStatement.call(FailOnTimeout.java:299)
	at org.junit.internal.runners.statements.FailOnTimeout$CallableStatement.call(FailOnTimeout.java:293)
	at java.base/java.util.concurrent.FutureTask.run(FutureTask.java:264)
	at java.base/java.lang.Thread.run(Thread.java:829)
2022-12-24 08:43:01,543 [grpc-default-executor-5] INFO  server.RaftServer$Division (RaftServerImpl.java:requestVote(1330)) - s1@group-5810656FACBA replies to PRE_VOTE vote request: s2<-s1#0:OK-t0. Peer's state: s1@group-5810656FACBA:t0, leader=null, voted=, raftlog=Memoized:s1@group-5810656FACBA-SegmentedRaftLog:OPENED:c-1, conf=-1: peers:[s0|rpc:localhost:39091|admin:localhost:34953|client:localhost:41209|dataStream:localhost:36861|priority:0|startupRole:FOLLOWER, s1|rpc:localhost:36175|admin:localhost:38443|client:localhost:40627|dataStream:localhost:33361|priority:0|startupRole:FOLLOWER, s2|rpc:localhost:39591|admin:localhost:34357|client:localhost:35123|dataStream:localhost:34495|priority:0|startupRole:FOLLOWER]|listeners:[], old=null
2022-12-24 08:43:01,542 [grpc-default-executor-7] INFO  impl.VoteContext (VoteContext.java:log(49)) - s0@group-5810656FACBA-CANDIDATE: accept PRE_VOTE from s1: our priority 0 <= candidate's priority 0
2022-12-24 08:43:01,546 [grpc-default-executor-7] INFO  server.RaftServer$Division (RaftServerImpl.java:requestVote(1330)) - s0@group-5810656FACBA replies to PRE_VOTE vote request: s1<-s0#0:OK-t0. Peer's state: s0@group-5810656FACBA:t0, leader=null, voted=, raftlog=Memoized:s0@group-5810656FACBA-SegmentedRaftLog:OPENED:c-1, conf=-1: peers:[s0|rpc:localhost:39091|admin:localhost:34953|client:localhost:41209|dataStream:localhost:36861|priority:0|startupRole:FOLLOWER, s1|rpc:localhost:36175|admin:localhost:38443|client:localhost:40627|dataStream:localhost:33361|priority:0|startupRole:FOLLOWER, s2|rpc:localhost:39591|admin:localhost:34357|client:localhost:35123|dataStream:localhost:34495|priority:0|startupRole:FOLLOWER]|listeners:[], old=null
2022-12-24 08:43:01,546 [grpc-default-executor-7] INFO  server.RaftServer$Division (RaftServerImpl.java:requestVote(1297)) - s0@group-5810656FACBA: receive requestVote(PRE_VOTE, s2, group-5810656FACBA, 0, (t:0, i:0))
2022-12-24 08:43:01,546 [grpc-default-executor-7] INFO  impl.VoteContext (VoteContext.java:log(49)) - s0@group-5810656FACBA-CANDIDATE: accept PRE_VOTE from s2: our priority 0 <= candidate's priority 0
2022-12-24 08:43:01,547 [grpc-default-executor-7] INFO  server.RaftServer$Division (RaftServerImpl.java:requestVote(1330)) - s0@group-5810656FACBA replies to PRE_VOTE vote request: s2<-s0#0:OK-t0. Peer's state: s0@group-5810656FACBA:t0, leader=null, voted=, raftlog=Memoized:s0@group-5810656FACBA-SegmentedRaftLog:OPENED:c-1, conf=-1: peers:[s0|rpc:localhost:39091|admin:localhost:34953|client:localhost:41209|dataStream:localhost:36861|priority:0|startupRole:FOLLOWER, s1|rpc:localhost:36175|admin:localhost:38443|client:localhost:40627|dataStream:localhost:33361|priority:0|startupRole:FOLLOWER, s2|rpc:localhost:39591|admin:localhost:34357|client:localhost:35123|dataStream:localhost:34495|priority:0|startupRole:FOLLOWER]|listeners:[], old=null
2022-12-24 08:43:01,556 [grpc-default-executor-7] INFO  server.RaftServer$Division (RaftServerImpl.java:requestVote(1297)) - s1@group-5810656FACBA: receive requestVote(PRE_VOTE, s0, group-5810656FACBA, 0, (t:0, i:0))
2022-12-24 08:43:01,556 [grpc-default-executor-7] INFO  impl.VoteContext (VoteContext.java:log(49)) - s1@group-5810656FACBA-CANDIDATE: accept PRE_VOTE from s0: our priority 0 <= candidate's priority 0
2022-12-24 08:43:01,556 [grpc-default-executor-7] INFO  server.RaftServer$Division (RaftServerImpl.java:requestVote(1330)) - s1@group-5810656FACBA replies to PRE_VOTE vote request: s0<-s1#0:OK-t0. Peer's state: s1@group-5810656FACBA:t0, leader=null, voted=, raftlog=Memoized:s1@group-5810656FACBA-SegmentedRaftLog:OPENED:c-1, conf=-1: peers:[s0|rpc:localhost:39091|admin:localhost:34953|client:localhost:41209|dataStream:localhost:36861|priority:0|startupRole:FOLLOWER, s1|rpc:localhost:36175|admin:localhost:38443|client:localhost:40627|dataStream:localhost:33361|priority:0|startupRole:FOLLOWER, s2|rpc:localhost:39591|admin:localhost:34357|client:localhost:35123|dataStream:localhost:34495|priority:0|startupRole:FOLLOWER]|listeners:[], old=null
2022-12-24 08:43:01,558 [grpc-default-executor-5] INFO  server.RaftServer$Division (RaftServerImpl.java:requestVote(1297)) - s2@group-5810656FACBA: receive requestVote(PRE_VOTE, s0, group-5810656FACBA, 0, (t:0, i:0))
2022-12-24 08:43:01,561 [grpc-default-executor-5] INFO  impl.VoteContext (VoteContext.java:log(49)) - s2@group-5810656FACBA-CANDIDATE: accept PRE_VOTE from s0: our priority 0 <= candidate's priority 0
2022-12-24 08:43:01,561 [grpc-default-executor-5] INFO  server.RaftServer$Division (RaftServerImpl.java:requestVote(1330)) - s2@group-5810656FACBA replies to PRE_VOTE vote request: s0<-s2#0:OK-t0. Peer's state: s2@group-5810656FACBA:t0, leader=null, voted=, raftlog=Memoized:s2@group-5810656FACBA-SegmentedRaftLog:OPENED:c-1, conf=-1: peers:[s0|rpc:localhost:39091|admin:localhost:34953|client:localhost:41209|dataStream:localhost:36861|priority:0|startupRole:FOLLOWER, s1|rpc:localhost:36175|admin:localhost:38443|client:localhost:40627|dataStream:localhost:33361|priority:0|startupRole:FOLLOWER, s2|rpc:localhost:39591|admin:localhost:34357|client:localhost:35123|dataStream:localhost:34495|priority:0|startupRole:FOLLOWER]|listeners:[], old=null
2022-12-24 08:43:01,574 [s2@group-5810656FACBA-LeaderElection3] INFO  impl.LeaderElection (LeaderElection.java:logAndReturn(89)) - s2@group-5810656FACBA-LeaderElection3: PRE_VOTE PASSED received 1 response(s) and 0 exception(s):
2022-12-24 08:43:01,574 [s2@group-5810656FACBA-LeaderElection3] INFO  impl.LeaderElection (LeaderElection.java:logAndReturn(93)) -   Response 0: s2<-s0#0:OK-t0
2022-12-24 08:43:01,574 [s2@group-5810656FACBA-LeaderElection3] INFO  impl.LeaderElection (LeaderElection.java:askForVotes(311)) - s2@group-5810656FACBA-LeaderElection3 PRE_VOTE round 1: result PASSED
2022-12-24 08:43:01,575 [s0@group-5810656FACBA-LeaderElection1] INFO  impl.LeaderElection (LeaderElection.java:logAndReturn(89)) - s0@group-5810656FACBA-LeaderElection1: PRE_VOTE PASSED received 1 response(s) and 0 exception(s):
2022-12-24 08:43:01,575 [s0@group-5810656FACBA-LeaderElection1] INFO  impl.LeaderElection (LeaderElection.java:logAndReturn(93)) -   Response 0: s0<-s1#0:OK-t0
2022-12-24 08:43:01,575 [s0@group-5810656FACBA-LeaderElection1] INFO  impl.LeaderElection (LeaderElection.java:askForVotes(311)) - s0@group-5810656FACBA-LeaderElection1 PRE_VOTE round 2: result PASSED
2022-12-24 08:43:01,575 [grpc-default-executor-7] INFO  server.RaftServer$Division (RaftServerImpl.java:requestVote(1297)) - s1@group-5810656FACBA: receive requestVote(PRE_VOTE, s2, group-5810656FACBA, 0, (t:0, i:0))
2022-12-24 08:43:01,576 [grpc-default-executor-7] INFO  impl.VoteContext (VoteContext.java:log(49)) - s1@group-5810656FACBA-CANDIDATE: accept PRE_VOTE from s2: our priority 0 <= candidate's priority 0
2022-12-24 08:43:01,576 [grpc-default-executor-7] INFO  server.RaftServer$Division (RaftServerImpl.java:requestVote(1330)) - s1@group-5810656FACBA replies to PRE_VOTE vote request: s2<-s1#0:OK-t0. Peer's state: s1@group-5810656FACBA:t0, leader=null, voted=, raftlog=Memoized:s1@group-5810656FACBA-SegmentedRaftLog:OPENED:c-1, conf=-1: peers:[s0|rpc:localhost:39091|admin:localhost:34953|client:localhost:41209|dataStream:localhost:36861|priority:0|startupRole:FOLLOWER, s1|rpc:localhost:36175|admin:localhost:38443|client:localhost:40627|dataStream:localhost:33361|priority:0|startupRole:FOLLOWER, s2|rpc:localhost:39591|admin:localhost:34357|client:localhost:35123|dataStream:localhost:34495|priority:0|startupRole:FOLLOWER]|listeners:[], old=null
2022-12-24 08:43:01,576 [s2@group-5810656FACBA-LeaderElection3] INFO  impl.LeaderElection (LeaderElection.java:askForVotes(309)) - s2@group-5810656FACBA-LeaderElection3 ELECTION round 0: submit vote requests at term 1 for -1: peers:[s0|rpc:localhost:39091|admin:localhost:34953|client:localhost:41209|dataStream:localhost:36861|priority:0|startupRole:FOLLOWER, s1|rpc:localhost:36175|admin:localhost:38443|client:localhost:40627|dataStream:localhost:33361|priority:0|startupRole:FOLLOWER, s2|rpc:localhost:39591|admin:localhost:34357|client:localhost:35123|dataStream:localhost:34495|priority:0|startupRole:FOLLOWER]|listeners:[], old=null
2022-12-24 08:43:01,577 [grpc-default-executor-7] INFO  server.RaftServer$Division (RaftServerImpl.java:requestVote(1297)) - s0@group-5810656FACBA: receive requestVote(PRE_VOTE, s1, group-5810656FACBA, 0, (t:0, i:0))
2022-12-24 08:43:01,589 [grpc-default-executor-7] INFO  impl.VoteContext (VoteContext.java:log(49)) - s0@group-5810656FACBA-CANDIDATE: accept PRE_VOTE from s1: our priority 0 <= candidate's priority 0
2022-12-24 08:43:01,589 [grpc-default-executor-7] INFO  server.RaftServer$Division (RaftServerImpl.java:requestVote(1330)) - s0@group-5810656FACBA replies to PRE_VOTE vote request: s1<-s0#0:OK-t1. Peer's state: s0@group-5810656FACBA:t1, leader=null, voted=s0, raftlog=Memoized:s0@group-5810656FACBA-SegmentedRaftLog:OPENED:c-1, conf=-1: peers:[s0|rpc:localhost:39091|admin:localhost:34953|client:localhost:41209|dataStream:localhost:36861|priority:0|startupRole:FOLLOWER, s1|rpc:localhost:36175|admin:localhost:38443|client:localhost:40627|dataStream:localhost:33361|priority:0|startupRole:FOLLOWER, s2|rpc:localhost:39591|admin:localhost:34357|client:localhost:35123|dataStream:localhost:34495|priority:0|startupRole:FOLLOWER]|listeners:[], old=null
2022-12-24 08:43:01,585 [s2@group-5810656FACBA-LeaderElection3] INFO  server.RaftServerConfigKeys (ConfUtils.java:logFallback(53)) - raft.server.rpc.first-election.timeout.min = 150ms (fallback to raft.server.rpc.timeout.min)
2022-12-24 08:43:01,589 [s2@group-5810656FACBA-LeaderElection3] INFO  server.RaftServerConfigKeys (ConfUtils.java:logFallback(53)) - raft.server.rpc.first-election.timeout.max = 300ms (fallback to raft.server.rpc.timeout.max)
2022-12-24 08:43:01,585 [grpc-default-executor-5] INFO  server.RaftServer$Division (RaftServerImpl.java:requestVote(1297)) - s2@group-5810656FACBA: receive requestVote(PRE_VOTE, s1, group-5810656FACBA, 0, (t:0, i:0))
2022-12-24 08:43:01,590 [grpc-default-executor-5] INFO  impl.VoteContext (VoteContext.java:log(49)) - s2@group-5810656FACBA-CANDIDATE: accept PRE_VOTE from s1: our priority 0 <= candidate's priority 0
2022-12-24 08:43:01,590 [grpc-default-executor-5] INFO  server.RaftServer$Division (RaftServerImpl.java:requestVote(1330)) - s2@group-5810656FACBA replies to PRE_VOTE vote request: s1<-s2#0:OK-t1. Peer's state: s2@group-5810656FACBA:t1, leader=null, voted=s2, raftlog=Memoized:s2@group-5810656FACBA-SegmentedRaftLog:OPENED:c-1, conf=-1: peers:[s0|rpc:localhost:39091|admin:localhost:34953|client:localhost:41209|dataStream:localhost:36861|priority:0|startupRole:FOLLOWER, s1|rpc:localhost:36175|admin:localhost:38443|client:localhost:40627|dataStream:localhost:33361|priority:0|startupRole:FOLLOWER, s2|rpc:localhost:39591|admin:localhost:34357|client:localhost:35123|dataStream:localhost:34495|priority:0|startupRole:FOLLOWER]|listeners:[], old=null
2022-12-24 08:43:01,577 [s0@group-5810656FACBA-LeaderElection1] INFO  impl.LeaderElection (LeaderElection.java:askForVotes(309)) - s0@group-5810656FACBA-LeaderElection1 ELECTION round 0: submit vote requests at term 1 for -1: peers:[s0|rpc:localhost:39091|admin:localhost:34953|client:localhost:41209|dataStream:localhost:36861|priority:0|startupRole:FOLLOWER, s1|rpc:localhost:36175|admin:localhost:38443|client:localhost:40627|dataStream:localhost:33361|priority:0|startupRole:FOLLOWER, s2|rpc:localhost:39591|admin:localhost:34357|client:localhost:35123|dataStream:localhost:34495|priority:0|startupRole:FOLLOWER]|listeners:[], old=null
2022-12-24 08:43:01,592 [s0@group-5810656FACBA-LeaderElection1] INFO  server.RaftServerConfigKeys (ConfUtils.java:logFallback(53)) - raft.server.rpc.first-election.timeout.min = 150ms (fallback to raft.server.rpc.timeout.min)
2022-12-24 08:43:01,592 [s0@group-5810656FACBA-LeaderElection1] INFO  server.RaftServerConfigKeys (ConfUtils.java:logFallback(53)) - raft.server.rpc.first-election.timeout.max = 300ms (fallback to raft.server.rpc.timeout.max)
2022-12-24 08:43:01,597 [s1@group-5810656FACBA-LeaderElection2] INFO  impl.LeaderElection (LeaderElection.java:logAndReturn(89)) - s1@group-5810656FACBA-LeaderElection2: PRE_VOTE DISCOVERED_A_NEW_TERM (term=1) received 1 response(s) and 0 exception(s):
2022-12-24 08:43:01,599 [s1@group-5810656FACBA-LeaderElection2] INFO  impl.LeaderElection (LeaderElection.java:logAndReturn(93)) -   Response 0: s1<-s2#0:OK-t1
2022-12-24 08:43:01,599 [s1@group-5810656FACBA-LeaderElection2] INFO  impl.LeaderElection (LeaderElection.java:askForVotes(311)) - s1@group-5810656FACBA-LeaderElection2 PRE_VOTE round 1: result DISCOVERED_A_NEW_TERM (term=1)
2022-12-24 08:43:01,600 [grpc-default-executor-5] INFO  server.RaftServer$Division (RaftServerImpl.java:requestVote(1297)) - s2@group-5810656FACBA: receive requestVote(ELECTION, s0, group-5810656FACBA, 1, (t:0, i:0))
2022-12-24 08:43:01,600 [grpc-default-executor-5] INFO  impl.VoteContext (VoteContext.java:log(49)) - s2@group-5810656FACBA-CANDIDATE: reject ELECTION from s0: already has voted for s2 at current term 1
2022-12-24 08:43:01,601 [grpc-default-executor-5] INFO  server.RaftServer$Division (RaftServerImpl.java:requestVote(1330)) - s2@group-5810656FACBA replies to ELECTION vote request: s0<-s2#0:FAIL-t1. Peer's state: s2@group-5810656FACBA:t1, leader=null, voted=s2, raftlog=Memoized:s2@group-5810656FACBA-SegmentedRaftLog:OPENED:c-1, conf=-1: peers:[s0|rpc:localhost:39091|admin:localhost:34953|client:localhost:41209|dataStream:localhost:36861|priority:0|startupRole:FOLLOWER, s1|rpc:localhost:36175|admin:localhost:38443|client:localhost:40627|dataStream:localhost:33361|priority:0|startupRole:FOLLOWER, s2|rpc:localhost:39591|admin:localhost:34357|client:localhost:35123|dataStream:localhost:34495|priority:0|startupRole:FOLLOWER]|listeners:[], old=null
2022-12-24 08:43:01,599 [grpc-default-executor-2] INFO  server.RaftServer$Division (RaftServerImpl.java:requestVote(1297)) - s0@group-5810656FACBA: receive requestVote(ELECTION, s2, group-5810656FACBA, 1, (t:0, i:0))
2022-12-24 08:43:01,601 [grpc-default-executor-2] INFO  impl.VoteContext (VoteContext.java:log(49)) - s0@group-5810656FACBA-CANDIDATE: reject ELECTION from s2: already has voted for s0 at current term 1
2022-12-24 08:43:01,601 [grpc-default-executor-2] INFO  server.RaftServer$Division (RaftServerImpl.java:requestVote(1330)) - s0@group-5810656FACBA replies to ELECTION vote request: s2<-s0#0:FAIL-t1. Peer's state: s0@group-5810656FACBA:t1, leader=null, voted=s0, raftlog=Memoized:s0@group-5810656FACBA-SegmentedRaftLog:OPENED:c-1, conf=-1: peers:[s0|rpc:localhost:39091|admin:localhost:34953|client:localhost:41209|dataStream:localhost:36861|priority:0|startupRole:FOLLOWER, s1|rpc:localhost:36175|admin:localhost:38443|client:localhost:40627|dataStream:localhost:33361|priority:0|startupRole:FOLLOWER, s2|rpc:localhost:39591|admin:localhost:34357|client:localhost:35123|dataStream:localhost:34495|priority:0|startupRole:FOLLOWER]|listeners:[], old=null
2022-12-24 08:43:01,600 [s1@group-5810656FACBA-LeaderElection2] INFO  server.RaftServer$Division (RaftServerImpl.java:setRole(325)) - s1@group-5810656FACBA: changes role from CANDIDATE to FOLLOWER at term 1 for DISCOVERED_A_NEW_TERM (term=1)
2022-12-24 08:43:01,605 [s1@group-5810656FACBA-LeaderElection2] INFO  impl.RoleInfo (RoleInfo.java:shutdownLeaderElection(130)) - s1: shutdown s1@group-5810656FACBA-LeaderElection2
2022-12-24 08:43:01,605 [s1@group-5810656FACBA-LeaderElection2] INFO  impl.RoleInfo (RoleInfo.java:updateAndGet(139)) - s1: start s1@group-5810656FACBA-FollowerState
2022-12-24 08:43:01,606 [s1@group-5810656FACBA-FollowerState] INFO  server.RaftServerConfigKeys (ConfUtils.java:logFallback(53)) - raft.server.rpc.first-election.timeout.min = 150ms (fallback to raft.server.rpc.timeout.min)
2022-12-24 08:43:01,606 [s1@group-5810656FACBA-FollowerState] INFO  server.RaftServerConfigKeys (ConfUtils.java:logFallback(53)) - raft.server.rpc.first-election.timeout.max = 300ms (fallback to raft.server.rpc.timeout.max)
2022-12-24 08:43:01,606 [grpc-default-executor-2] INFO  server.RaftServer$Division (RaftServerImpl.java:requestVote(1297)) - s1@group-5810656FACBA: receive requestVote(ELECTION, s0, group-5810656FACBA, 1, (t:0, i:0))
2022-12-24 08:43:01,609 [grpc-default-executor-2] INFO  impl.VoteContext (VoteContext.java:log(49)) - s1@group-5810656FACBA-FOLLOWER: accept ELECTION from s0: our priority 0 <= candidate's priority 0
2022-12-24 08:43:01,609 [grpc-default-executor-2] INFO  server.RaftServer$Division (RaftServerImpl.java:setRole(325)) - s1@group-5810656FACBA: changes role from  FOLLOWER to FOLLOWER at term 1 for candidate:s0
2022-12-24 08:43:01,609 [grpc-default-executor-2] INFO  impl.RoleInfo (RoleInfo.java:shutdownFollowerState(110)) - s1: shutdown s1@group-5810656FACBA-FollowerState
2022-12-24 08:43:01,613 [grpc-default-executor-5] INFO  server.RaftServer$Division (RaftServerImpl.java:requestVote(1297)) - s1@group-5810656FACBA: receive requestVote(ELECTION, s2, group-5810656FACBA, 1, (t:0, i:0))
2022-12-24 08:43:01,613 [grpc-default-executor-2] INFO  impl.RoleInfo (RoleInfo.java:updateAndGet(139)) - s1: start s1@group-5810656FACBA-FollowerState
2022-12-24 08:43:01,614 [s1@group-5810656FACBA-FollowerState] INFO  impl.FollowerState (FollowerState.java:run(152)) - s1@group-5810656FACBA-FollowerState was interrupted
2022-12-24 08:43:01,622 [s1@group-5810656FACBA-FollowerState] INFO  server.RaftServerConfigKeys (ConfUtils.java:logFallback(53)) - raft.server.rpc.first-election.timeout.min = 150ms (fallback to raft.server.rpc.timeout.min)
2022-12-24 08:43:01,622 [s1@group-5810656FACBA-FollowerState] INFO  server.RaftServerConfigKeys (ConfUtils.java:logFallback(53)) - raft.server.rpc.first-election.timeout.max = 300ms (fallback to raft.server.rpc.timeout.max)
2022-12-24 08:43:01,623 [grpc-default-executor-2] INFO  server.RaftServer$Division (RaftServerImpl.java:requestVote(1330)) - s1@group-5810656FACBA replies to ELECTION vote request: s0<-s1#0:OK-t1. Peer's state: s1@group-5810656FACBA:t1, leader=null, voted=s0, raftlog=Memoized:s1@group-5810656FACBA-SegmentedRaftLog:OPENED:c-1, conf=-1: peers:[s0|rpc:localhost:39091|admin:localhost:34953|client:localhost:41209|dataStream:localhost:36861|priority:0|startupRole:FOLLOWER, s1|rpc:localhost:36175|admin:localhost:38443|client:localhost:40627|dataStream:localhost:33361|priority:0|startupRole:FOLLOWER, s2|rpc:localhost:39591|admin:localhost:34357|client:localhost:35123|dataStream:localhost:34495|priority:0|startupRole:FOLLOWER]|listeners:[], old=null
2022-12-24 08:43:01,624 [grpc-default-executor-5] INFO  impl.VoteContext (VoteContext.java:log(49)) - s1@group-5810656FACBA-FOLLOWER: reject ELECTION from s2: already has voted for s0 at current term 1
2022-12-24 08:43:01,624 [grpc-default-executor-5] INFO  server.RaftServer$Division (RaftServerImpl.java:requestVote(1330)) - s1@group-5810656FACBA replies to ELECTION vote request: s2<-s1#0:FAIL-t1. Peer's state: s1@group-5810656FACBA:t1, leader=null, voted=s0, raftlog=Memoized:s1@group-5810656FACBA-SegmentedRaftLog:OPENED:c-1, conf=-1: peers:[s0|rpc:localhost:39091|admin:localhost:34953|client:localhost:41209|dataStream:localhost:36861|priority:0|startupRole:FOLLOWER, s1|rpc:localhost:36175|admin:localhost:38443|client:localhost:40627|dataStream:localhost:33361|priority:0|startupRole:FOLLOWER, s2|rpc:localhost:39591|admin:localhost:34357|client:localhost:35123|dataStream:localhost:34495|priority:0|startupRole:FOLLOWER]|listeners:[], old=null
2022-12-24 08:43:01,626 [s2@group-5810656FACBA-LeaderElection3] INFO  impl.LeaderElection (LeaderElection.java:logAndReturn(89)) - s2@group-5810656FACBA-LeaderElection3: ELECTION REJECTED received 2 response(s) and 0 exception(s):
2022-12-24 08:43:01,626 [s2@group-5810656FACBA-LeaderElection3] INFO  impl.LeaderElection (LeaderElection.java:logAndReturn(93)) -   Response 0: s2<-s0#0:FAIL-t1
2022-12-24 08:43:01,626 [s2@group-5810656FACBA-LeaderElection3] INFO  impl.LeaderElection (LeaderElection.java:logAndReturn(93)) -   Response 1: s2<-s1#0:FAIL-t1
2022-12-24 08:43:01,626 [s2@group-5810656FACBA-LeaderElection3] INFO  impl.LeaderElection (LeaderElection.java:askForVotes(311)) - s2@group-5810656FACBA-LeaderElection3 ELECTION round 0: result REJECTED
2022-12-24 08:43:01,626 [s2@group-5810656FACBA-LeaderElection3] INFO  server.RaftServer$Division (RaftServerImpl.java:setRole(325)) - s2@group-5810656FACBA: changes role from CANDIDATE to FOLLOWER at term 1 for REJECTED
2022-12-24 08:43:01,627 [s2@group-5810656FACBA-LeaderElection3] INFO  impl.RoleInfo (RoleInfo.java:shutdownLeaderElection(130)) - s2: shutdown s2@group-5810656FACBA-LeaderElection3
2022-12-24 08:43:01,627 [s2@group-5810656FACBA-LeaderElection3] INFO  impl.RoleInfo (RoleInfo.java:updateAndGet(139)) - s2: start s2@group-5810656FACBA-FollowerState
2022-12-24 08:43:01,626 [s0@group-5810656FACBA-LeaderElection1] INFO  impl.LeaderElection (LeaderElection.java:logAndReturn(89)) - s0@group-5810656FACBA-LeaderElection1: ELECTION PASSED received 2 response(s) and 0 exception(s):
2022-12-24 08:43:01,630 [s0@group-5810656FACBA-LeaderElection1] INFO  impl.LeaderElection (LeaderElection.java:logAndReturn(93)) -   Response 0: s0<-s1#0:OK-t1
2022-12-24 08:43:01,630 [s0@group-5810656FACBA-LeaderElection1] INFO  impl.LeaderElection (LeaderElection.java:logAndReturn(93)) -   Response 1: s0<-s2#0:FAIL-t1
2022-12-24 08:43:01,630 [s0@group-5810656FACBA-LeaderElection1] INFO  impl.LeaderElection (LeaderElection.java:askForVotes(311)) - s0@group-5810656FACBA-LeaderElection1 ELECTION round 0: result PASSED
2022-12-24 08:43:01,630 [s0@group-5810656FACBA-LeaderElection1] INFO  impl.RoleInfo (RoleInfo.java:shutdownLeaderElection(130)) - s0: shutdown s0@group-5810656FACBA-LeaderElection1
2022-12-24 08:43:01,630 [s0@group-5810656FACBA-LeaderElection1] INFO  server.RaftServer$Division (RaftServerImpl.java:setRole(325)) - s0@group-5810656FACBA: changes role from CANDIDATE to LEADER at term 1 for changeToLeader
2022-12-24 08:43:01,631 [s0@group-5810656FACBA-LeaderElection1] INFO  server.RaftServer$Division (ServerState.java:setLeader(260)) - s0@group-5810656FACBA: change Leader from null to s0 at term 1 for becomeLeader, leader elected after 980ms
2022-12-24 08:43:01,627 [s2@group-5810656FACBA-FollowerState] INFO  server.RaftServerConfigKeys (ConfUtils.java:logFallback(53)) - raft.server.rpc.first-election.timeout.min = 150ms (fallback to raft.server.rpc.timeout.min)
2022-12-24 08:43:01,636 [s0@group-5810656FACBA-LeaderElection1] INFO  server.RaftServerConfigKeys (ConfUtils.java:logGet(46)) - raft.server.staging.catchup.gap = 1000 (default)
2022-12-24 08:43:01,636 [s2@group-5810656FACBA-FollowerState] INFO  server.RaftServerConfigKeys (ConfUtils.java:logFallback(53)) - raft.server.rpc.first-election.timeout.max = 300ms (fallback to raft.server.rpc.timeout.max)
2022-12-24 08:43:01,640 [s0@group-5810656FACBA-LeaderElection1] INFO  server.RaftServerConfigKeys (ConfUtils.java:logGet(46)) - raft.server.write.element-limit = 4096 (default)
2022-12-24 08:43:01,640 [s0@group-5810656FACBA-LeaderElection1] INFO  server.RaftServerConfigKeys (ConfUtils.java:logGet(46)) - raft.server.write.byte-limit = 64MB (=67108864) (default)
2022-12-24 08:43:01,643 [s0@group-5810656FACBA-LeaderElection1] INFO  server.RaftServerConfigKeys (ConfUtils.java:logGet(46)) - raft.server.watch.timeout = 10s (default)
2022-12-24 08:43:01,643 [s0@group-5810656FACBA-LeaderElection1] INFO  server.RaftServerConfigKeys (ConfUtils.java:logGet(46)) - raft.server.watch.timeout.denomination = 1s (default)
2022-12-24 08:43:01,644 [s0@group-5810656FACBA-LeaderElection1] INFO  server.RaftServerConfigKeys (ConfUtils.java:logGet(46)) - raft.server.watch.element-limit = 65536 (default)
2022-12-24 08:43:01,660 [s0@group-5810656FACBA-LeaderElection1] INFO  server.RaftServerConfigKeys (ConfUtils.java:logGet(46)) - raft.server.write.element-limit = 4096 (default)
2022-12-24 08:43:01,661 [s0@group-5810656FACBA-LeaderElection1] INFO  server.RaftServerConfigKeys (ConfUtils.java:logGet(46)) - raft.server.write.follower.gap.ratio.max = -1.0 (default)
2022-12-24 08:43:01,674 [s0@group-5810656FACBA-LeaderElection1] INFO  server.RaftServerConfigKeys (ConfUtils.java:logGet(46)) - raft.server.log.appender.snapshot.chunk.size.max = 16MB (=16777216) (default)
2022-12-24 08:43:01,674 [s0@group-5810656FACBA-LeaderElection1] INFO  server.RaftServerConfigKeys (ConfUtils.java:logGet(46)) - raft.server.log.appender.buffer.byte-limit = 4MB (=4194304) (default)
2022-12-24 08:43:01,675 [s0@group-5810656FACBA-LeaderElection1] INFO  server.RaftServerConfigKeys (ConfUtils.java:logGet(46)) - raft.server.log.appender.buffer.element-limit = 0 (default)
2022-12-24 08:43:01,677 [s0@group-5810656FACBA-LeaderElection1] INFO  grpc.GrpcConfigKeys (ConfUtils.java:logGet(46)) - raft.grpc.server.leader.outstanding.appends.max = 128 (default)
2022-12-24 08:43:01,677 [s0@group-5810656FACBA-LeaderElection1] INFO  server.RaftServerConfigKeys (ConfUtils.java:logGet(46)) - raft.server.rpc.request.timeout = 3000ms (default)
2022-12-24 08:43:01,677 [s0@group-5810656FACBA-LeaderElection1] INFO  server.RaftServerConfigKeys (ConfUtils.java:logGet(46)) - raft.server.log.appender.install.snapshot.enabled = true (default)
2022-12-24 08:43:01,677 [s0@group-5810656FACBA-LeaderElection1] INFO  grpc.GrpcConfigKeys (ConfUtils.java:logGet(46)) - raft.grpc.server.heartbeat.channel = false (custom)
2022-12-24 08:43:01,677 [s0@group-5810656FACBA-LeaderElection1] INFO  server.RaftServerConfigKeys (ConfUtils.java:logGet(46)) - raft.server.log.appender.wait-time.min = 10ms (default)
2022-12-24 08:43:01,680 [s0@group-5810656FACBA-LeaderElection1] INFO  server.RaftServerConfigKeys (ConfUtils.java:logGet(46)) - raft.server.log.appender.snapshot.chunk.size.max = 16MB (=16777216) (default)
2022-12-24 08:43:01,680 [s0@group-5810656FACBA-LeaderElection1] INFO  server.RaftServerConfigKeys (ConfUtils.java:logGet(46)) - raft.server.log.appender.buffer.byte-limit = 4MB (=4194304) (default)
2022-12-24 08:43:01,680 [s0@group-5810656FACBA-LeaderElection1] INFO  server.RaftServerConfigKeys (ConfUtils.java:logGet(46)) - raft.server.log.appender.buffer.element-limit = 0 (default)
2022-12-24 08:43:01,680 [s0@group-5810656FACBA-LeaderElection1] INFO  grpc.GrpcConfigKeys (ConfUtils.java:logGet(46)) - raft.grpc.server.leader.outstanding.appends.max = 128 (default)
2022-12-24 08:43:01,680 [s0@group-5810656FACBA-LeaderElection1] INFO  server.RaftServerConfigKeys (ConfUtils.java:logGet(46)) - raft.server.rpc.request.timeout = 3000ms (default)
2022-12-24 08:43:01,680 [s0@group-5810656FACBA-LeaderElection1] INFO  server.RaftServerConfigKeys (ConfUtils.java:logGet(46)) - raft.server.log.appender.install.snapshot.enabled = true (default)
2022-12-24 08:43:01,680 [s0@group-5810656FACBA-LeaderElection1] INFO  grpc.GrpcConfigKeys (ConfUtils.java:logGet(46)) - raft.grpc.server.heartbeat.channel = false (custom)
2022-12-24 08:43:01,680 [s0@group-5810656FACBA-LeaderElection1] INFO  server.RaftServerConfigKeys (ConfUtils.java:logGet(46)) - raft.server.log.appender.wait-time.min = 10ms (default)
2022-12-24 08:43:01,681 [s0@group-5810656FACBA-LeaderElection1] INFO  impl.RoleInfo (RoleInfo.java:updateAndGet(139)) - s0: start s0@group-5810656FACBA-LeaderStateImpl
2022-12-24 08:43:01,696 [s0@group-5810656FACBA-LeaderElection1] INFO  segmented.SegmentedRaftLogWorker (SegmentedRaftLogWorker.java:startLogSegment(431)) - s0@group-5810656FACBA-SegmentedRaftLogWorker: Starting segment from index:0
2022-12-24 08:43:01,748 [s0@group-5810656FACBA-LeaderElection1] INFO  server.RaftServer$Division (ServerState.java:setRaftConf(378)) - s0@group-5810656FACBA: set configuration 0: peers:[s0|rpc:localhost:39091|admin:localhost:34953|client:localhost:41209|dataStream:localhost:36861|priority:0|startupRole:FOLLOWER, s1|rpc:localhost:36175|admin:localhost:38443|client:localhost:40627|dataStream:localhost:33361|priority:0|startupRole:FOLLOWER, s2|rpc:localhost:39591|admin:localhost:34357|client:localhost:35123|dataStream:localhost:34495|priority:0|startupRole:FOLLOWER]|listeners:[], old=null
2022-12-24 08:43:01,782 [s1@group-5810656FACBA-FollowerState] INFO  server.RaftServerConfigKeys (ConfUtils.java:logFallback(53)) - raft.server.rpc.first-election.timeout.min = 150ms (fallback to raft.server.rpc.timeout.min)
2022-12-24 08:43:01,782 [s1@group-5810656FACBA-FollowerState] INFO  server.RaftServerConfigKeys (ConfUtils.java:logFallback(53)) - raft.server.rpc.first-election.timeout.max = 300ms (fallback to raft.server.rpc.timeout.max)
2022-12-24 08:43:01,794 [s1-server-thread1] INFO  server.RaftServer$Division (ServerState.java:setLeader(260)) - s1@group-5810656FACBA: change Leader from null to s0 at term 1 for appendEntries, leader elected after 1155ms
2022-12-24 08:43:01,809 [s2-server-thread1] INFO  server.RaftServer$Division (ServerState.java:setLeader(260)) - s2@group-5810656FACBA: change Leader from null to s0 at term 1 for appendEntries, leader elected after 1170ms
2022-12-24 08:43:01,837 [s2-server-thread1] INFO  server.RaftServer$Division (ServerState.java:setRaftConf(378)) - s2@group-5810656FACBA: set configuration 0: peers:[s0|rpc:localhost:39091|admin:localhost:34953|client:localhost:41209|dataStream:localhost:36861|priority:0|startupRole:FOLLOWER, s1|rpc:localhost:36175|admin:localhost:38443|client:localhost:40627|dataStream:localhost:33361|priority:0|startupRole:FOLLOWER, s2|rpc:localhost:39591|admin:localhost:34357|client:localhost:35123|dataStream:localhost:34495|priority:0|startupRole:FOLLOWER]|listeners:[], old=null
2022-12-24 08:43:01,837 [s2-server-thread1] INFO  segmented.SegmentedRaftLogWorker (SegmentedRaftLogWorker.java:startLogSegment(431)) - s2@group-5810656FACBA-SegmentedRaftLogWorker: Starting segment from index:0
2022-12-24 08:43:01,840 [s1-server-thread2] INFO  server.RaftServer$Division (ServerState.java:setRaftConf(378)) - s1@group-5810656FACBA: set configuration 0: peers:[s0|rpc:localhost:39091|admin:localhost:34953|client:localhost:41209|dataStream:localhost:36861|priority:0|startupRole:FOLLOWER, s1|rpc:localhost:36175|admin:localhost:38443|client:localhost:40627|dataStream:localhost:33361|priority:0|startupRole:FOLLOWER, s2|rpc:localhost:39591|admin:localhost:34357|client:localhost:35123|dataStream:localhost:34495|priority:0|startupRole:FOLLOWER]|listeners:[], old=null
2022-12-24 08:43:01,840 [s1-server-thread2] INFO  segmented.SegmentedRaftLogWorker (SegmentedRaftLogWorker.java:startLogSegment(431)) - s1@group-5810656FACBA-SegmentedRaftLogWorker: Starting segment from index:0
2022-12-24 08:43:01,874 [s1@group-5810656FACBA-SegmentedRaftLogWorker] INFO  segmented.SegmentedRaftLogWorker (SegmentedRaftLogWorker.java:execute(635)) - s1@group-5810656FACBA-SegmentedRaftLogWorker: created new log segment /home/runner/work/ratis/ratis/ratis-test/target/test/data/7f3cb107/MiniRaftClusterWithGrpcc5efbf3e/s1/213d97cd-749e-4f81-8120-5810656facba/current/log_inprogress_0
2022-12-24 08:43:01,874 [s2@group-5810656FACBA-SegmentedRaftLogWorker] INFO  segmented.SegmentedRaftLogWorker (SegmentedRaftLogWorker.java:execute(635)) - s2@group-5810656FACBA-SegmentedRaftLogWorker: created new log segment /home/runner/work/ratis/ratis/ratis-test/target/test/data/7f3cb107/MiniRaftClusterWithGrpcc5efbf3e/s2/213d97cd-749e-4f81-8120-5810656facba/current/log_inprogress_0
2022-12-24 08:43:01,877 [s0@group-5810656FACBA-SegmentedRaftLogWorker] INFO  segmented.SegmentedRaftLogWorker (SegmentedRaftLogWorker.java:execute(635)) - s0@group-5810656FACBA-SegmentedRaftLogWorker: created new log segment /home/runner/work/ratis/ratis/ratis-test/target/test/data/7f3cb107/MiniRaftClusterWithGrpcc5efbf3e/s0/213d97cd-749e-4f81-8120-5810656facba/current/log_inprogress_0
2022-12-24 08:43:01,994 [Time-limited test] INFO  ratis.RaftTestUtil (RaftTestUtil.java:waitForLeader(119)) - printing ALL groups
  s0:  RUNNING    LEADER s0@group-5810656FACBA:t1, leader=s0, voted=s0, raftlog=Memoized:s0@group-5810656FACBA-SegmentedRaftLog:OPENED:c0, conf=0: peers:[s0|rpc:localhost:39091|admin:localhost:34953|client:localhost:41209|dataStream:localhost:36861|priority:0|startupRole:FOLLOWER, s1|rpc:localhost:36175|admin:localhost:38443|client:localhost:40627|dataStream:localhost:33361|priority:0|startupRole:FOLLOWER, s2|rpc:localhost:39591|admin:localhost:34357|client:localhost:35123|dataStream:localhost:34495|priority:0|startupRole:FOLLOWER]|listeners:[], old=null RUNNING
  s1:  RUNNING  FOLLOWER s1@group-5810656FACBA:t1, leader=s0, voted=s0, raftlog=Memoized:s1@group-5810656FACBA-SegmentedRaftLog:OPENED:c0, conf=0: peers:[s0|rpc:localhost:39091|admin:localhost:34953|client:localhost:41209|dataStream:localhost:36861|priority:0|startupRole:FOLLOWER, s1|rpc:localhost:36175|admin:localhost:38443|client:localhost:40627|dataStream:localhost:33361|priority:0|startupRole:FOLLOWER, s2|rpc:localhost:39591|admin:localhost:34357|client:localhost:35123|dataStream:localhost:34495|priority:0|startupRole:FOLLOWER]|listeners:[], old=null RUNNING
  s2:  RUNNING  FOLLOWER s2@group-5810656FACBA:t1, leader=s0, voted=s2, raftlog=Memoized:s2@group-5810656FACBA-SegmentedRaftLog:OPENED:c0, conf=0: peers:[s0|rpc:localhost:39091|admin:localhost:34953|client:localhost:41209|dataStream:localhost:36861|priority:0|startupRole:FOLLOWER, s1|rpc:localhost:36175|admin:localhost:38443|client:localhost:40627|dataStream:localhost:33361|priority:0|startupRole:FOLLOWER, s2|rpc:localhost:39591|admin:localhost:34357|client:localhost:35123|dataStream:localhost:34495|priority:0|startupRole:FOLLOWER]|listeners:[], old=null RUNNING
2022-12-24 08:43:02,023 [Time-limited test] DEBUG client.GrpcClientProtocolClient (ConfUtils.java:logGet(46)) - raft.grpc.flow.control.window = 1MB (=1048576) (default)
2022-12-24 08:43:02,024 [Time-limited test] DEBUG client.GrpcClientProtocolClient (ConfUtils.java:logGet(46)) - raft.grpc.message.size.max = 64MB (=67108864) (default)
2022-12-24 08:43:02,076 [grpc-default-executor-5] TRACE client.GrpcClientProtocolClient (GrpcClientProtocolClient.java:onNext(311)) - client-B49F4D664334->s0: receive RaftClientReply:client-B49F4D664334->s0@group-5810656FACBA, cid=0, SUCCESS, logIndex=0, commits[s0:c0, s1:c0, s2:c0]
2022-12-24 08:43:02,102 [s0@group-5810656FACBA-StateMachineUpdater] INFO  impl.SimpleStateMachine4Testing (SimpleStateMachine4Testing.java:put(205)) - s0: put 1, testing -> (t:1, i:1), STATEMACHINELOGENTRY, 1@client-B49F4D664334
2022-12-24 08:43:02,108 [grpc-default-executor-5] TRACE client.GrpcClientProtocolClient (GrpcClientProtocolClient.java:onNext(311)) - client-B49F4D664334->s0: receive RaftClientReply:client-B49F4D664334->s0@group-5810656FACBA, cid=1, SUCCESS, logIndex=1, commits[s0:c1, s1:c0, s2:c0]
2022-12-24 08:43:02,112 [s2@group-5810656FACBA-StateMachineUpdater] INFO  impl.SimpleStateMachine4Testing (SimpleStateMachine4Testing.java:put(205)) - s2: put 1, testing -> (t:1, i:1), STATEMACHINELOGENTRY, 1@client-B49F4D664334
2022-12-24 08:43:02,114 [s1@group-5810656FACBA-StateMachineUpdater] INFO  impl.SimpleStateMachine4Testing (SimpleStateMachine4Testing.java:put(205)) - s1: put 1, testing -> (t:1, i:1), STATEMACHINELOGENTRY, 1@client-B49F4D664334
2022-12-24 08:43:02,132 [Time-limited test] INFO  impl.MiniRaftCluster (MiniRaftCluster.java:shutdown(831)) - ************************************************************** 
2022-12-24 08:43:02,132 [Time-limited test] INFO  impl.MiniRaftCluster (MiniRaftCluster.java:shutdown(832)) - *** 
2022-12-24 08:43:02,132 [Time-limited test] INFO  impl.MiniRaftCluster (MiniRaftCluster.java:shutdown(833)) - ***     Stopping MiniRaftClusterWithGrpc
2022-12-24 08:43:02,132 [Time-limited test] INFO  impl.MiniRaftCluster (MiniRaftCluster.java:shutdown(834)) - *** 
2022-12-24 08:43:02,132 [Time-limited test] INFO  impl.MiniRaftCluster (MiniRaftCluster.java:shutdown(835)) - ************************************************************** 
2022-12-24 08:43:02,133 [Time-limited test] INFO  impl.MiniRaftCluster (MiniRaftCluster.java:shutdown(836)) - printing ALL groups
  s0:  RUNNING    LEADER s0@group-5810656FACBA:t1, leader=s0, voted=s0, raftlog=Memoized:s0@group-5810656FACBA-SegmentedRaftLog:OPENED:c2, conf=0: peers:[s0|rpc:localhost:39091|admin:localhost:34953|client:localhost:41209|dataStream:localhost:36861|priority:0|startupRole:FOLLOWER, s1|rpc:localhost:36175|admin:localhost:38443|client:localhost:40627|dataStream:localhost:33361|priority:0|startupRole:FOLLOWER, s2|rpc:localhost:39591|admin:localhost:34357|client:localhost:35123|dataStream:localhost:34495|priority:0|startupRole:FOLLOWER]|listeners:[], old=null RUNNING
  s1:  RUNNING  FOLLOWER s1@group-5810656FACBA:t1, leader=s0, voted=s0, raftlog=Memoized:s1@group-5810656FACBA-SegmentedRaftLog:OPENED:c1, conf=0: peers:[s0|rpc:localhost:39091|admin:localhost:34953|client:localhost:41209|dataStream:localhost:36861|priority:0|startupRole:FOLLOWER, s1|rpc:localhost:36175|admin:localhost:38443|client:localhost:40627|dataStream:localhost:33361|priority:0|startupRole:FOLLOWER, s2|rpc:localhost:39591|admin:localhost:34357|client:localhost:35123|dataStream:localhost:34495|priority:0|startupRole:FOLLOWER]|listeners:[], old=null RUNNING
  s2:  RUNNING  FOLLOWER s2@group-5810656FACBA:t1, leader=s0, voted=s2, raftlog=Memoized:s2@group-5810656FACBA-SegmentedRaftLog:OPENED:c1, conf=0: peers:[s0|rpc:localhost:39091|admin:localhost:34953|client:localhost:41209|dataStream:localhost:36861|priority:0|startupRole:FOLLOWER, s1|rpc:localhost:36175|admin:localhost:38443|client:localhost:40627|dataStream:localhost:33361|priority:0|startupRole:FOLLOWER, s2|rpc:localhost:39591|admin:localhost:34357|client:localhost:35123|dataStream:localhost:34495|priority:0|startupRole:FOLLOWER]|listeners:[], old=null RUNNING
2022-12-24 08:43:02,137 [MiniRaftCluster-1] INFO  server.RaftServer (RaftServerProxy.java:lambda$close$7(412)) - s0: close
2022-12-24 08:43:02,139 [s0-impl-thread1] INFO  server.RaftServer$Division (RaftServerImpl.java:lambda$close$4(462)) - s0@group-5810656FACBA: shutdown
2022-12-24 08:43:02,139 [s0-impl-thread1] INFO  util.JmxRegister (JmxRegister.java:unregister(73)) - Successfully un-registered JMX Bean with object name Ratis:service=RaftServer,group=group-5810656FACBA,id=s0
2022-12-24 08:43:02,139 [s0-impl-thread1] INFO  impl.RoleInfo (RoleInfo.java:shutdownLeaderState(93)) - s0: shutdown s0@group-5810656FACBA-LeaderStateImpl
2022-12-24 08:43:02,139 [MiniRaftCluster-2] INFO  server.RaftServer (RaftServerProxy.java:lambda$close$7(412)) - s1: close
2022-12-24 08:43:02,139 [MiniRaftCluster-1] INFO  server.GrpcService (GrpcService.java:closeImpl(311)) - s0: shutdown server org.apache.ratis.grpc.server.GrpcClientProtocolService now
2022-12-24 08:43:02,140 [s0-impl-thread1] INFO  impl.PendingRequests (PendingRequests.java:sendNotLeaderResponses(282)) - s0@group-5810656FACBA-PendingRequests: sendNotLeaderResponses
2022-12-24 08:43:02,140 [s0@group-5810656FACBA->s2-GrpcLogAppender-LogAppenderDaemon] WARN  server.GrpcLogAppender (GrpcLogAppender.java:mayWait(199)) - s0@group-5810656FACBA->s2-GrpcLogAppender: Wait interrupted by java.lang.InterruptedException
2022-12-24 08:43:02,141 [s0@group-5810656FACBA->s1-GrpcLogAppender-LogAppenderDaemon] WARN  server.GrpcLogAppender (GrpcLogAppender.java:mayWait(199)) - s0@group-5810656FACBA->s1-GrpcLogAppender: Wait interrupted by java.lang.InterruptedException
2022-12-24 08:43:02,144 [MiniRaftCluster-3] INFO  server.RaftServer (RaftServerProxy.java:lambda$close$7(412)) - s2: close
2022-12-24 08:43:02,144 [s1-impl-thread1] INFO  server.RaftServer$Division (RaftServerImpl.java:lambda$close$4(462)) - s1@group-5810656FACBA: shutdown
2022-12-24 08:43:02,151 [s1-impl-thread1] INFO  util.JmxRegister (JmxRegister.java:unregister(73)) - Successfully un-registered JMX Bean with object name Ratis:service=RaftServer,group=group-5810656FACBA,id=s1
2022-12-24 08:43:02,151 [s1-impl-thread1] INFO  impl.RoleInfo (RoleInfo.java:shutdownFollowerState(110)) - s1: shutdown s1@group-5810656FACBA-FollowerState
2022-12-24 08:43:02,152 [s1-impl-thread1] INFO  impl.StateMachineUpdater (StateMachineUpdater.java:stopAndJoin(154)) - s1@group-5810656FACBA-StateMachineUpdater: set stopIndex = 1
2022-12-24 08:43:02,152 [s1@group-5810656FACBA-FollowerState] INFO  impl.FollowerState (FollowerState.java:run(152)) - s1@group-5810656FACBA-FollowerState was interrupted
2022-12-24 08:43:02,144 [MiniRaftCluster-2] INFO  server.GrpcService (GrpcService.java:closeImpl(311)) - s1: shutdown server org.apache.ratis.grpc.server.GrpcClientProtocolService now
2022-12-24 08:43:02,146 [grpc-default-executor-9] INFO  server.GrpcServerProtocolService (GrpcServerProtocolService.java:onCompleted(143)) - s1: Completed APPEND_ENTRIES, lastRequest: s0->s1#14-t1,previous=(t:1, i:1),leaderCommit=1,initializing? true,entries: size=1, first=(t:1, i:2), METADATAENTRY(c:1)
2022-12-24 08:43:02,146 [grpc-default-executor-2] INFO  server.GrpcServerProtocolService (GrpcServerProtocolService.java:onCompleted(143)) - s2: Completed APPEND_ENTRIES, lastRequest: s0->s2#16-t1,previous=(t:1, i:1),leaderCommit=1,initializing? true,entries: size=1, first=(t:1, i:2), METADATAENTRY(c:1)
2022-12-24 08:43:02,154 [grpc-default-executor-5] INFO  server.GrpcLogAppender (GrpcLogAppender.java:onCompleted(413)) - s0@group-5810656FACBA->s1-AppendLogResponseHandler: follower responses appendEntries COMPLETED
2022-12-24 08:43:02,156 [grpc-default-executor-5] INFO  leader.FollowerInfo (FollowerInfoImpl.java:lambda$new$0(48)) - s0@group-5810656FACBA->s1: nextIndex: updateUnconditionally 3 -> 2
2022-12-24 08:43:02,156 [grpc-default-executor-5] INFO  server.GrpcLogAppender (GrpcLogAppender.java:onCompleted(413)) - s0@group-5810656FACBA->s2-AppendLogResponseHandler: follower responses appendEntries COMPLETED
2022-12-24 08:43:02,157 [s1-impl-thread1] INFO  server.RaftServer$Division (ServerState.java:close(414)) - s1@group-5810656FACBA: applyIndex: 1
2022-12-24 08:43:02,157 [grpc-default-executor-5] INFO  leader.FollowerInfo (FollowerInfoImpl.java:lambda$new$0(48)) - s0@group-5810656FACBA->s2: nextIndex: updateUnconditionally 3 -> 2
2022-12-24 08:43:02,157 [s1@group-5810656FACBA-SegmentedRaftLogWorker] INFO  segmented.SegmentedRaftLogWorker (SegmentedRaftLogWorker.java:run(334)) - s1@group-5810656FACBA-SegmentedRaftLogWorker was interrupted, exiting. There are 0 tasks remaining in the queue.
2022-12-24 08:43:02,159 [MiniRaftCluster-3] INFO  server.GrpcService (GrpcService.java:closeImpl(311)) - s2: shutdown server org.apache.ratis.grpc.server.GrpcClientProtocolService now
2022-12-24 08:43:02,159 [s2-impl-thread1] INFO  server.RaftServer$Division (RaftServerImpl.java:lambda$close$4(462)) - s2@group-5810656FACBA: shutdown
2022-12-24 08:43:02,159 [s2-impl-thread1] INFO  util.JmxRegister (JmxRegister.java:unregister(73)) - Successfully un-registered JMX Bean with object name Ratis:service=RaftServer,group=group-5810656FACBA,id=s2
2022-12-24 08:43:02,159 [s2-impl-thread1] INFO  impl.RoleInfo (RoleInfo.java:shutdownFollowerState(110)) - s2: shutdown s2@group-5810656FACBA-FollowerState
2022-12-24 08:43:02,159 [s2-impl-thread1] INFO  impl.StateMachineUpdater (StateMachineUpdater.java:stopAndJoin(154)) - s2@group-5810656FACBA-StateMachineUpdater: set stopIndex = 1
2022-12-24 08:43:02,159 [s2@group-5810656FACBA-FollowerState] INFO  impl.FollowerState (FollowerState.java:run(152)) - s2@group-5810656FACBA-FollowerState was interrupted
2022-12-24 08:43:02,159 [s2-impl-thread1] INFO  server.RaftServer$Division (ServerState.java:close(414)) - s2@group-5810656FACBA: applyIndex: 1
2022-12-24 08:43:02,160 [s2@group-5810656FACBA-SegmentedRaftLogWorker] INFO  segmented.SegmentedRaftLogWorker (SegmentedRaftLogWorker.java:run(334)) - s2@group-5810656FACBA-SegmentedRaftLogWorker was interrupted, exiting. There are 0 tasks remaining in the queue.
2022-12-24 08:43:02,158 [s0-impl-thread1] INFO  impl.StateMachineUpdater (StateMachineUpdater.java:stopAndJoin(154)) - s0@group-5810656FACBA-StateMachineUpdater: set stopIndex = 2
2022-12-24 08:43:02,161 [s0-impl-thread1] INFO  server.RaftServer$Division (ServerState.java:close(414)) - s0@group-5810656FACBA: applyIndex: 2
2022-12-24 08:43:02,161 [s0@group-5810656FACBA-SegmentedRaftLogWorker] INFO  segmented.SegmentedRaftLogWorker (SegmentedRaftLogWorker.java:run(334)) - s0@group-5810656FACBA-SegmentedRaftLogWorker was interrupted, exiting. There are 0 tasks remaining in the queue.
2022-12-24 08:43:02,162 [MiniRaftCluster-2] INFO  server.GrpcServerProtocolClient (GrpcServerProtocolClient.java:close(101)) - s0 Close channels
2022-12-24 08:43:02,164 [s0-impl-thread1] INFO  segmented.SegmentedRaftLogWorker (SegmentedRaftLogWorker.java:close(247)) - s0@group-5810656FACBA-SegmentedRaftLogWorker close()
2022-12-24 08:43:02,163 [s1-impl-thread1] INFO  segmented.SegmentedRaftLogWorker (SegmentedRaftLogWorker.java:close(247)) - s1@group-5810656FACBA-SegmentedRaftLogWorker close()
2022-12-24 08:43:02,163 [s2-impl-thread1] INFO  segmented.SegmentedRaftLogWorker (SegmentedRaftLogWorker.java:close(247)) - s2@group-5810656FACBA-SegmentedRaftLogWorker close()
2022-12-24 08:43:02,163 [MiniRaftCluster-1] INFO  server.GrpcServerProtocolClient (GrpcServerProtocolClient.java:close(101)) - s1 Close channels
2022-12-24 08:43:02,169 [MiniRaftCluster-3] INFO  server.GrpcServerProtocolClient (GrpcServerProtocolClient.java:close(101)) - s0 Close channels
2022-12-24 08:43:02,170 [MiniRaftCluster-2] INFO  server.GrpcServerProtocolClient (GrpcServerProtocolClient.java:close(101)) - s2 Close channels
2022-12-24 08:43:02,170 [MiniRaftCluster-1] INFO  server.GrpcServerProtocolClient (GrpcServerProtocolClient.java:close(101)) - s2 Close channels
2022-12-24 08:43:02,171 [MiniRaftCluster-2] INFO  server.GrpcService (GrpcService.java:closeImpl(320)) - s1: shutdown server org.apache.ratis.grpc.server.GrpcClientProtocolService successfully
2022-12-24 08:43:02,174 [MiniRaftCluster-2] INFO  server.GrpcService (GrpcService.java:closeImpl(311)) - s1: shutdown server GrpcServerProtocolService now
2022-12-24 08:43:02,174 [MiniRaftCluster-1] INFO  server.GrpcService (GrpcService.java:closeImpl(320)) - s0: shutdown server org.apache.ratis.grpc.server.GrpcClientProtocolService successfully
2022-12-24 08:43:02,174 [MiniRaftCluster-1] INFO  server.GrpcService (GrpcService.java:closeImpl(311)) - s0: shutdown server GrpcServerProtocolService now
2022-12-24 08:43:02,172 [MiniRaftCluster-3] INFO  server.GrpcServerProtocolClient (GrpcServerProtocolClient.java:close(101)) - s1 Close channels
2022-12-24 08:43:02,177 [MiniRaftCluster-3] INFO  server.GrpcService (GrpcService.java:closeImpl(320)) - s2: shutdown server org.apache.ratis.grpc.server.GrpcClientProtocolService successfully
2022-12-24 08:43:02,177 [MiniRaftCluster-3] INFO  server.GrpcService (GrpcService.java:closeImpl(311)) - s2: shutdown server GrpcServerProtocolService now
2022-12-24 08:43:02,177 [MiniRaftCluster-3] INFO  server.GrpcService (GrpcService.java:closeImpl(320)) - s2: shutdown server GrpcServerProtocolService successfully
2022-12-24 08:43:02,178 [MiniRaftCluster-3] INFO  server.GrpcService (GrpcService.java:closeImpl(311)) - s2: shutdown server org.apache.ratis.grpc.server.GrpcAdminProtocolService now
2022-12-24 08:43:02,178 [MiniRaftCluster-3] INFO  server.GrpcService (GrpcService.java:closeImpl(320)) - s2: shutdown server org.apache.ratis.grpc.server.GrpcAdminProtocolService successfully
2022-12-24 08:43:02,179 [MiniRaftCluster-1] INFO  server.GrpcService (GrpcService.java:closeImpl(320)) - s0: shutdown server GrpcServerProtocolService successfully
2022-12-24 08:43:02,179 [JvmPauseMonitor2] INFO  util.JvmPauseMonitor (JvmPauseMonitor.java:run(111)) - JvmPauseMonitor-s2: Stopped
2022-12-24 08:43:02,179 [MiniRaftCluster-2] INFO  server.GrpcService (GrpcService.java:closeImpl(320)) - s1: shutdown server GrpcServerProtocolService successfully
2022-12-24 08:43:02,179 [MiniRaftCluster-2] INFO  server.GrpcService (GrpcService.java:closeImpl(311)) - s1: shutdown server org.apache.ratis.grpc.server.GrpcAdminProtocolService now
2022-12-24 08:43:02,179 [MiniRaftCluster-1] INFO  server.GrpcService (GrpcService.java:closeImpl(311)) - s0: shutdown server org.apache.ratis.grpc.server.GrpcAdminProtocolService now
2022-12-24 08:43:02,180 [MiniRaftCluster-1] INFO  server.GrpcService (GrpcService.java:closeImpl(320)) - s0: shutdown server org.apache.ratis.grpc.server.GrpcAdminProtocolService successfully
2022-12-24 08:43:02,182 [MiniRaftCluster-2] INFO  server.GrpcService (GrpcService.java:closeImpl(320)) - s1: shutdown server org.apache.ratis.grpc.server.GrpcAdminProtocolService successfully
2022-12-24 08:43:02,182 [JvmPauseMonitor0] INFO  util.JvmPauseMonitor (JvmPauseMonitor.java:run(111)) - JvmPauseMonitor-s0: Stopped
2022-12-24 08:43:02,185 [JvmPauseMonitor1] INFO  util.JvmPauseMonitor (JvmPauseMonitor.java:run(111)) - JvmPauseMonitor-s1: Stopped
2022-12-24 08:43:02,186 [Time-limited test] INFO  impl.MiniRaftCluster (MiniRaftCluster.java:shutdown(855)) - MiniRaftClusterWithGrpc shutdown completed
]]></system-out>
  </testcase>
  <testcase name="testTlsWithKeyAndTrustManager[0]" classname="org.apache.ratis.grpc.TestRaftServerWithGrpc" time="2.516"/>
  <testcase name="testRaftServerMetrics[0]" classname="org.apache.ratis.grpc.TestRaftServerWithGrpc" time="0.898"/>
  <testcase name="testUnsupportedMethods[0]" classname="org.apache.ratis.grpc.TestRaftServerWithGrpc" time="0.491"/>
  <testcase name="testServerRestartOnException[0]" classname="org.apache.ratis.grpc.TestRaftServerWithGrpc" time="4.514"/>
  <testcase name="testLeaderRestart[0]" classname="org.apache.ratis.grpc.TestRaftServerWithGrpc" time="4.931"/>
  <testcase name="testRaftClientMetrics[1]" classname="org.apache.ratis.grpc.TestRaftServerWithGrpc" time="4.78"/>
  <testcase name="testTlsWithKeyAndTrustManager[1]" classname="org.apache.ratis.grpc.TestRaftServerWithGrpc" time="1.364"/>
  <testcase name="testRaftServerMetrics[1]" classname="org.apache.ratis.grpc.TestRaftServerWithGrpc" time="1.165"/>
  <testcase name="testUnsupportedMethods[1]" classname="org.apache.ratis.grpc.TestRaftServerWithGrpc" time="0.485"/>
  <testcase name="testServerRestartOnException[1]" classname="org.apache.ratis.grpc.TestRaftServerWithGrpc" time="4.543"/>
  <testcase name="testLeaderRestart[1]" classname="org.apache.ratis.grpc.TestRaftServerWithGrpc" time="5.357"/>
</testsuite>