<?xml version="1.0" encoding="UTF-8"?>
<testsuite xmlns:xsi="http://www.w3.org/2001/XMLSchema-instance" xsi:noNamespaceSchemaLocation="https://maven.apache.org/surefire/maven-surefire-plugin/xsd/surefire-test-report.xsd" name="org.apache.ratis.server.raftlog.TestRaftLogMetrics" time="1.238" tests="1" errors="0" skipped="0" failures="1">
  <properties>
    <property name="awt.toolkit" value="sun.awt.X11.XToolkit"/>
    <property name="file.encoding.pkg" value="sun.io"/>
    <property name="java.specification.version" value="1.8"/>
    <property name="sun.cpu.isalist" value=""/>
    <property name="sun.jnu.encoding" value="UTF-8"/>
    <property name="java.class.path" value="/home/runner/work/ratis/ratis/ratis-test/target/test-classes:/home/runner/work/ratis/ratis/ratis-test/target/classes:/home/runner/work/ratis/ratis/ratis-common/target/classes:/home/runner/.m2/repository/org/apache/ratis/ratis-thirdparty-misc/1.0.1/ratis-thirdparty-misc-1.0.1.jar:/home/runner/work/ratis/ratis/ratis-proto/target/ratis-proto-3.0.0-SNAPSHOT.jar:/home/runner/work/ratis/ratis/ratis-common/target/test-classes:/home/runner/work/ratis/ratis/ratis-client/target/classes:/home/runner/work/ratis/ratis/ratis-server/target/classes:/home/runner/work/ratis/ratis/ratis-server-api/target/classes:/home/runner/work/ratis/ratis/ratis-metrics/target/classes:/home/runner/work/ratis/ratis/ratis-server/target/test-classes:/home/runner/work/ratis/ratis/ratis-netty/target/classes:/home/runner/work/ratis/ratis/ratis-netty/target/test-classes:/home/runner/work/ratis/ratis/ratis-grpc/target/classes:/home/runner/work/ratis/ratis/ratis-grpc/target/test-classes:/home/runner/.m2/repository/org/slf4j/slf4j-api/1.7.29/slf4j-api-1.7.29.jar:/home/runner/.m2/repository/org/slf4j/slf4j-log4j12/1.7.29/slf4j-log4j12-1.7.29.jar:/home/runner/.m2/repository/log4j/log4j/1.2.17/log4j-1.2.17.jar:/home/runner/.m2/repository/junit/junit/4.13.2/junit-4.13.2.jar:/home/runner/.m2/repository/org/hamcrest/hamcrest-core/1.3/hamcrest-core-1.3.jar:/home/runner/.m2/repository/org/mockito/mockito-core/4.3.1/mockito-core-4.3.1.jar:/home/runner/.m2/repository/net/bytebuddy/byte-buddy/1.12.7/byte-buddy-1.12.7.jar:/home/runner/.m2/repository/net/bytebuddy/byte-buddy-agent/1.12.7/byte-buddy-agent-1.12.7.jar:/home/runner/.m2/repository/org/objenesis/objenesis/3.2/objenesis-3.2.jar:/home/runner/work/ratis/ratis/ratis-shell/target/classes:/home/runner/.m2/repository/commons-cli/commons-cli/1.5.0/commons-cli-1.5.0.jar:/home/runner/.m2/repository/org/reflections/reflections/0.10.2/reflections-0.10.2.jar:/home/runner/.m2/repository/org/javassist/javassist/3.28.0-GA/javassist-3.28.0-GA.jar:/home/runner/.m2/repository/com/google/code/findbugs/jsr305/3.0.2/jsr305-3.0.2.jar:"/>
    <property name="java.vm.vendor" value="Temurin"/>
    <property name="sun.arch.data.model" value="64"/>
    <property name="java.vendor.url" value="https://adoptium.net/"/>
    <property name="user.timezone" value=""/>
    <property name="java.vm.specification.version" value="1.8"/>
    <property name="os.name" value="Linux"/>
    <property name="sun.java.launcher" value="SUN_STANDARD"/>
    <property name="sun.boot.library.path" value="/usr/lib/jvm/temurin-8-jdk-amd64/jre/lib/amd64"/>
    <property name="sun.java.command" value="/home/runner/work/ratis/ratis/ratis-test/target/surefire/surefirebooter2805578549729718553.jar /home/runner/work/ratis/ratis/ratis-test/target/surefire 2022-08-10T08-50-06_205-jvmRun1 surefire3948842639314803961tmp surefire_252924943197107046987tmp"/>
    <property name="surefire.test.class.path" value="/home/runner/work/ratis/ratis/ratis-test/target/test-classes:/home/runner/work/ratis/ratis/ratis-test/target/classes:/home/runner/work/ratis/ratis/ratis-common/target/classes:/home/runner/.m2/repository/org/apache/ratis/ratis-thirdparty-misc/1.0.1/ratis-thirdparty-misc-1.0.1.jar:/home/runner/work/ratis/ratis/ratis-proto/target/ratis-proto-3.0.0-SNAPSHOT.jar:/home/runner/work/ratis/ratis/ratis-common/target/test-classes:/home/runner/work/ratis/ratis/ratis-client/target/classes:/home/runner/work/ratis/ratis/ratis-server/target/classes:/home/runner/work/ratis/ratis/ratis-server-api/target/classes:/home/runner/work/ratis/ratis/ratis-metrics/target/classes:/home/runner/work/ratis/ratis/ratis-server/target/test-classes:/home/runner/work/ratis/ratis/ratis-netty/target/classes:/home/runner/work/ratis/ratis/ratis-netty/target/test-classes:/home/runner/work/ratis/ratis/ratis-grpc/target/classes:/home/runner/work/ratis/ratis/ratis-grpc/target/test-classes:/home/runner/.m2/repository/org/slf4j/slf4j-api/1.7.29/slf4j-api-1.7.29.jar:/home/runner/.m2/repository/org/slf4j/slf4j-log4j12/1.7.29/slf4j-log4j12-1.7.29.jar:/home/runner/.m2/repository/log4j/log4j/1.2.17/log4j-1.2.17.jar:/home/runner/.m2/repository/junit/junit/4.13.2/junit-4.13.2.jar:/home/runner/.m2/repository/org/hamcrest/hamcrest-core/1.3/hamcrest-core-1.3.jar:/home/runner/.m2/repository/org/mockito/mockito-core/4.3.1/mockito-core-4.3.1.jar:/home/runner/.m2/repository/net/bytebuddy/byte-buddy/1.12.7/byte-buddy-1.12.7.jar:/home/runner/.m2/repository/net/bytebuddy/byte-buddy-agent/1.12.7/byte-buddy-agent-1.12.7.jar:/home/runner/.m2/repository/org/objenesis/objenesis/3.2/objenesis-3.2.jar:/home/runner/work/ratis/ratis/ratis-shell/target/classes:/home/runner/.m2/repository/commons-cli/commons-cli/1.5.0/commons-cli-1.5.0.jar:/home/runner/.m2/repository/org/reflections/reflections/0.10.2/reflections-0.10.2.jar:/home/runner/.m2/repository/org/javassist/javassist/3.28.0-GA/javassist-3.28.0-GA.jar:/home/runner/.m2/repository/com/google/code/findbugs/jsr305/3.0.2/jsr305-3.0.2.jar:"/>
    <property name="sun.cpu.endian" value="little"/>
    <property name="user.home" value="/home/runner"/>
    <property name="user.language" value="en"/>
    <property name="java.specification.vendor" value="Oracle Corporation"/>
    <property name="java.home" value="/usr/lib/jvm/temurin-8-jdk-amd64/jre"/>
    <property name="basedir" value="/home/runner/work/ratis/ratis/ratis-test"/>
    <property name="file.separator" value="/"/>
    <property name="line.separator" value="&#10;"/>
    <property name="java.vm.specification.vendor" value="Oracle Corporation"/>
    <property name="java.specification.name" value="Java Platform API Specification"/>
    <property name="java.awt.graphicsenv" value="sun.awt.X11GraphicsEnvironment"/>
    <property name="surefire.real.class.path" value="/home/runner/work/ratis/ratis/ratis-test/target/surefire/surefirebooter2805578549729718553.jar"/>
    <property name="sun.boot.class.path" value="/usr/lib/jvm/temurin-8-jdk-amd64/jre/lib/resources.jar:/usr/lib/jvm/temurin-8-jdk-amd64/jre/lib/rt.jar:/usr/lib/jvm/temurin-8-jdk-amd64/jre/lib/sunrsasign.jar:/usr/lib/jvm/temurin-8-jdk-amd64/jre/lib/jsse.jar:/usr/lib/jvm/temurin-8-jdk-amd64/jre/lib/jce.jar:/usr/lib/jvm/temurin-8-jdk-amd64/jre/lib/charsets.jar:/usr/lib/jvm/temurin-8-jdk-amd64/jre/lib/jfr.jar:/usr/lib/jvm/temurin-8-jdk-amd64/jre/classes"/>
    <property name="sun.management.compiler" value="HotSpot 64-Bit Tiered Compilers"/>
    <property name="java.runtime.version" value="1.8.0_332-b09"/>
    <property name="java.net.preferIPv4Stack" value="true"/>
    <property name="user.name" value="runner"/>
    <property name="path.separator" value=":"/>
    <property name="os.version" value="5.4.0-1086-azure"/>
    <property name="java.endorsed.dirs" value="/usr/lib/jvm/temurin-8-jdk-amd64/jre/lib/endorsed"/>
    <property name="java.runtime.name" value="OpenJDK Runtime Environment"/>
    <property name="file.encoding" value="UTF-8"/>
    <property name="java.vm.name" value="OpenJDK 64-Bit Server VM"/>
    <property name="localRepository" value="/home/runner/.m2/repository"/>
    <property name="java.vendor.url.bug" value="https://github.com/adoptium/adoptium-support/issues"/>
    <property name="java.io.tmpdir" value="/tmp"/>
    <property name="java.version" value="1.8.0_332"/>
    <property name="user.dir" value="/home/runner/work/ratis/ratis/ratis-test"/>
    <property name="os.arch" value="amd64"/>
    <property name="ratis.tmp.dir" value="/home/runner/work/ratis/ratis/ratis-test/target/tmp"/>
    <property name="java.vm.specification.name" value="Java Virtual Machine Specification"/>
    <property name="java.awt.printerjob" value="sun.print.PSPrinterJob"/>
    <property name="ratis.log.dir" value="/home/runner/work/ratis/ratis/ratis-test/target/log"/>
    <property name="sun.os.patch.level" value="unknown"/>
    <property name="java.library.path" value="/usr/java/packages/lib/amd64:/usr/lib64:/lib64:/lib:/usr/lib"/>
    <property name="java.vm.info" value="mixed mode"/>
    <property name="java.vendor" value="Temurin"/>
    <property name="java.vm.version" value="25.332-b09"/>
    <property name="java.ext.dirs" value="/usr/lib/jvm/temurin-8-jdk-amd64/jre/lib/ext:/usr/java/packages/lib/ext"/>
    <property name="sun.io.unicode.encoding" value="UnicodeLittle"/>
    <property name="java.class.version" value="52.0"/>
  </properties>
  <testcase name="testRaftLogMetrics" classname="org.apache.ratis.server.raftlog.TestRaftLogMetrics" time="1.147">
    <failure message="expected:&lt;4&gt; but was:&lt;5&gt;" type="java.lang.AssertionError"><![CDATA[java.lang.AssertionError: expected:<4> but was:<5>
	at org.junit.Assert.fail(Assert.java:89)
	at org.junit.Assert.failNotEquals(Assert.java:835)
	at org.junit.Assert.assertEquals(Assert.java:647)
	at org.junit.Assert.assertEquals(Assert.java:633)
	at org.apache.ratis.server.raftlog.TestRaftLogMetrics.assertFlushCount(TestRaftLogMetrics.java:137)
	at org.apache.ratis.server.raftlog.TestRaftLogMetrics.runTestRaftLogMetrics(TestRaftLogMetrics.java:99)
	at org.apache.ratis.server.raftlog.TestRaftLogMetrics.testRaftLogMetrics(TestRaftLogMetrics.java:84)
	at sun.reflect.NativeMethodAccessorImpl.invoke0(Native Method)
	at sun.reflect.NativeMethodAccessorImpl.invoke(NativeMethodAccessorImpl.java:62)
	at sun.reflect.DelegatingMethodAccessorImpl.invoke(DelegatingMethodAccessorImpl.java:43)
	at java.lang.reflect.Method.invoke(Method.java:498)
	at org.junit.runners.model.FrameworkMethod$1.runReflectiveCall(FrameworkMethod.java:59)
	at org.junit.internal.runners.model.ReflectiveCallable.run(ReflectiveCallable.java:12)
	at org.junit.runners.model.FrameworkMethod.invokeExplosively(FrameworkMethod.java:56)
	at org.junit.internal.runners.statements.InvokeMethod.evaluate(InvokeMethod.java:17)
	at org.junit.internal.runners.statements.RunAfters.evaluate(RunAfters.java:27)
	at org.junit.internal.runners.statements.FailOnTimeout$CallableStatement.call(FailOnTimeout.java:299)
	at org.junit.internal.runners.statements.FailOnTimeout$CallableStatement.call(FailOnTimeout.java:293)
	at java.util.concurrent.FutureTask.run(FutureTask.java:266)
	at java.lang.Thread.run(Thread.java:750)
]]></failure>
    <system-out><![CDATA[2022-08-10 08:55:05,411 [main] INFO  metrics.MetricRegistries (MetricRegistriesLoader.java:load(64)) - Loaded MetricRegistries class org.apache.ratis.metrics.impl.MetricRegistriesImpl
2022-08-10 08:55:05,522 [main] WARN  impl.MetricRegistriesImpl (MetricRegistriesImpl.java:addReporterRegistration(111)) - New reporters are added after registries were created. Some metrics will be missing from the reporter. Please add reporter before adding any new registry.
2022-08-10 08:55:05,523 [main] WARN  impl.MetricRegistriesImpl (MetricRegistriesImpl.java:addReporterRegistration(111)) - New reporters are added after registries were created. Some metrics will be missing from the reporter. Please add reporter before adding any new registry.
2022-08-10 08:55:05,526 [main] INFO  util.LogUtils (Log4jUtils.java:setLogLevel(32)) - Set org.apache.ratis.conf.ConfUtils log level to WARN
2022-08-10 08:55:05,526 [main] INFO  util.LogUtils (Log4jUtils.java:setLogLevel(32)) - Set org.apache.ratis.util.FileUtils log level to TRACE
2022-08-10 08:55:05,558 [Time-limited test] INFO  simulation.MiniRaftClusterWithSimulatedRpc (ConfUtils.java:logGet(46)) - org.apache.ratis.server.simulation.SimulatedRequestReply.simulateLatencyMs = 0 (custom)
2022-08-10 08:55:05,607 [Time-limited test] INFO  impl.MiniRaftCluster (MiniRaftCluster.java:<init>(303)) - new MiniRaftClusterWithSimulatedRpc with group-85A9A6583457:[s0|rpc:localhost:36261|admin:localhost:42811|client:localhost:41329|dataStream:localhost:45267|priority:0|startupRole:FOLLOWER, s1|rpc:localhost:38265|admin:localhost:36803|client:localhost:43103|dataStream:localhost:34439|priority:0|startupRole:FOLLOWER, s2|rpc:localhost:34107|admin:localhost:34633|client:localhost:32783|dataStream:localhost:46369|priority:0|startupRole:FOLLOWER]
2022-08-10 08:55:05,608 [Time-limited test] INFO  impl.MiniRaftCluster (MiniRaftCluster.java:start(336)) - .............................................................. 
2022-08-10 08:55:05,608 [Time-limited test] INFO  impl.MiniRaftCluster (MiniRaftCluster.java:start(337)) - ... 
2022-08-10 08:55:05,608 [Time-limited test] INFO  impl.MiniRaftCluster (MiniRaftCluster.java:start(338)) - ...     Starting MiniRaftClusterWithSimulatedRpc
2022-08-10 08:55:05,608 [Time-limited test] INFO  impl.MiniRaftCluster (MiniRaftCluster.java:start(339)) - ... 
2022-08-10 08:55:05,609 [Time-limited test] INFO  impl.MiniRaftCluster (MiniRaftCluster.java:start(340)) - .............................................................. 
2022-08-10 08:55:05,609 [Time-limited test] INFO  impl.MiniRaftCluster (MiniRaftCluster.java:initServers(315)) - servers = {}
2022-08-10 08:55:05,621 [Time-limited test] INFO  impl.MiniRaftCluster (MiniRaftCluster.java:newRaftServer(379)) - newRaftServer: s0, group-85A9A6583457:[s0|rpc:localhost:36261|admin:localhost:42811|client:localhost:41329|dataStream:localhost:45267|priority:0|startupRole:FOLLOWER, s1|rpc:localhost:38265|admin:localhost:36803|client:localhost:43103|dataStream:localhost:34439|priority:0|startupRole:FOLLOWER, s2|rpc:localhost:34107|admin:localhost:34633|client:localhost:32783|dataStream:localhost:46369|priority:0|startupRole:FOLLOWER], format? true
2022-08-10 08:55:05,627 [Time-limited test] TRACE util.FileUtils (FileUtils.java:deleteFully(162)) - deleteFully target/test/data/fa9aa11c/MiniRaftClusterWithSimulatedRpc1c1acee4/s0
2022-08-10 08:55:05,633 [Time-limited test] TRACE util.FileUtils (FileUtils.java:deleteFully(178)) - deleteFully: target/test/data/fa9aa11c/MiniRaftClusterWithSimulatedRpc1c1acee4/s0 does not exist.
2022-08-10 08:55:05,635 [Time-limited test] INFO  impl.MiniRaftCluster (MiniRaftCluster.java:newRaftServer(384)) - Formatted directory target/test/data/fa9aa11c/MiniRaftClusterWithSimulatedRpc1c1acee4/s0
2022-08-10 08:55:05,660 [Time-limited test] INFO  server.RaftServer (ConfUtils.java:logGet(46)) - raft.rpc.type = org.apache.ratis.server.simulation.SimulatedRpc (custom)
2022-08-10 08:55:05,666 [Time-limited test] INFO  impl.DataStreamServerImpl (ConfUtils.java:logGet(46)) - raft.datastream.type = DISABLED (default)
2022-08-10 08:55:05,686 [Time-limited test] INFO  server.RaftServerConfigKeys (ConfUtils.java:logGet(46)) - raft.server.threadpool.proxy.cached = true (default)
2022-08-10 08:55:05,687 [Time-limited test] INFO  server.RaftServerConfigKeys (ConfUtils.java:logGet(46)) - raft.server.threadpool.proxy.size = 0 (default)
2022-08-10 08:55:05,690 [Time-limited test] INFO  server.RaftServerConfigKeys (ConfUtils.java:logGet(46)) - raft.server.rpc.slowness.timeout = 60s (default)
2022-08-10 08:55:05,691 [Time-limited test] INFO  server.RaftServerConfigKeys (ConfUtils.java:logGet(46)) - raft.server.leaderelection.leader.step-down.wait-time = 10s (default)
2022-08-10 08:55:05,694 [Time-limited test] INFO  server.RaftServerConfigKeys (ConfUtils.java:logGet(46)) - raft.server.storage.dir = [/home/runner/work/ratis/ratis/ratis-test/target/test/data/fa9aa11c/MiniRaftClusterWithSimulatedRpc1c1acee4/s0] (custom)
2022-08-10 08:55:05,702 [Time-limited test] INFO  server.RaftServer (RaftServerProxy.java:addNew(96)) - s0: addNew group-85A9A6583457:[s0|rpc:localhost:36261|admin:localhost:42811|client:localhost:41329|dataStream:localhost:45267|priority:0|startupRole:FOLLOWER, s1|rpc:localhost:38265|admin:localhost:36803|client:localhost:43103|dataStream:localhost:34439|priority:0|startupRole:FOLLOWER, s2|rpc:localhost:34107|admin:localhost:34633|client:localhost:32783|dataStream:localhost:46369|priority:0|startupRole:FOLLOWER] returns group-85A9A6583457:java.util.concurrent.CompletableFuture@3ef62a5c[Not completed]
2022-08-10 08:55:05,702 [Time-limited test] INFO  impl.MiniRaftCluster (MiniRaftCluster.java:newRaftServer(379)) - newRaftServer: s1, group-85A9A6583457:[s0|rpc:localhost:36261|admin:localhost:42811|client:localhost:41329|dataStream:localhost:45267|priority:0|startupRole:FOLLOWER, s1|rpc:localhost:38265|admin:localhost:36803|client:localhost:43103|dataStream:localhost:34439|priority:0|startupRole:FOLLOWER, s2|rpc:localhost:34107|admin:localhost:34633|client:localhost:32783|dataStream:localhost:46369|priority:0|startupRole:FOLLOWER], format? true
2022-08-10 08:55:05,702 [Time-limited test] TRACE util.FileUtils (FileUtils.java:deleteFully(162)) - deleteFully target/test/data/fa9aa11c/MiniRaftClusterWithSimulatedRpc1c1acee4/s1
2022-08-10 08:55:05,702 [Time-limited test] TRACE util.FileUtils (FileUtils.java:deleteFully(178)) - deleteFully: target/test/data/fa9aa11c/MiniRaftClusterWithSimulatedRpc1c1acee4/s1 does not exist.
2022-08-10 08:55:05,702 [Time-limited test] INFO  impl.MiniRaftCluster (MiniRaftCluster.java:newRaftServer(384)) - Formatted directory target/test/data/fa9aa11c/MiniRaftClusterWithSimulatedRpc1c1acee4/s1
2022-08-10 08:55:05,703 [Time-limited test] INFO  server.RaftServer (ConfUtils.java:logGet(46)) - raft.rpc.type = org.apache.ratis.server.simulation.SimulatedRpc (custom)
2022-08-10 08:55:05,703 [Time-limited test] INFO  impl.DataStreamServerImpl (ConfUtils.java:logGet(46)) - raft.datastream.type = DISABLED (default)
2022-08-10 08:55:05,703 [Time-limited test] INFO  server.RaftServerConfigKeys (ConfUtils.java:logGet(46)) - raft.server.threadpool.proxy.cached = true (default)
2022-08-10 08:55:05,704 [Time-limited test] INFO  server.RaftServerConfigKeys (ConfUtils.java:logGet(46)) - raft.server.threadpool.proxy.size = 0 (default)
2022-08-10 08:55:05,704 [Time-limited test] INFO  server.RaftServerConfigKeys (ConfUtils.java:logGet(46)) - raft.server.rpc.slowness.timeout = 60s (default)
2022-08-10 08:55:05,704 [Time-limited test] INFO  server.RaftServerConfigKeys (ConfUtils.java:logGet(46)) - raft.server.leaderelection.leader.step-down.wait-time = 10s (default)
2022-08-10 08:55:05,704 [Time-limited test] INFO  server.RaftServerConfigKeys (ConfUtils.java:logGet(46)) - raft.server.storage.dir = [/home/runner/work/ratis/ratis/ratis-test/target/test/data/fa9aa11c/MiniRaftClusterWithSimulatedRpc1c1acee4/s1] (custom)
2022-08-10 08:55:05,714 [pool-1-thread-1] INFO  server.RaftServer$Division (RaftServerImpl.java:<init>(192)) - s0: new RaftServerImpl for group-85A9A6583457:[s0|rpc:localhost:36261|admin:localhost:42811|client:localhost:41329|dataStream:localhost:45267|priority:0|startupRole:FOLLOWER, s1|rpc:localhost:38265|admin:localhost:36803|client:localhost:43103|dataStream:localhost:34439|priority:0|startupRole:FOLLOWER, s2|rpc:localhost:34107|admin:localhost:34633|client:localhost:32783|dataStream:localhost:46369|priority:0|startupRole:FOLLOWER] with MetricsStateMachine:uninitialized
2022-08-10 08:55:05,715 [pool-1-thread-1] INFO  server.RaftServerConfigKeys (ConfUtils.java:logGet(46)) - raft.server.rpc.timeout.min = 150ms (default)
2022-08-10 08:55:05,716 [pool-1-thread-1] INFO  server.RaftServerConfigKeys (ConfUtils.java:logGet(46)) - raft.server.rpc.timeout.max = 300ms (default)
2022-08-10 08:55:05,716 [pool-1-thread-1] INFO  server.RaftServerConfigKeys (ConfUtils.java:logGet(46)) - raft.server.rpc.sleep.time = 25ms (default)
2022-08-10 08:55:05,716 [pool-1-thread-1] INFO  server.RaftServerConfigKeys (ConfUtils.java:logGet(46)) - raft.server.rpc.slowness.timeout = 60s (default)
2022-08-10 08:55:05,716 [pool-1-thread-1] INFO  server.RaftServerConfigKeys (ConfUtils.java:logGet(46)) - raft.server.leaderelection.leader.step-down.wait-time = 10s (default)
2022-08-10 08:55:05,716 [pool-1-thread-1] INFO  server.RaftServerConfigKeys (ConfUtils.java:logGet(46)) - raft.server.sleep.deviation.threshold = 300ms (default)
2022-08-10 08:55:05,717 [Time-limited test] INFO  server.RaftServer (RaftServerProxy.java:addNew(96)) - s1: addNew group-85A9A6583457:[s0|rpc:localhost:36261|admin:localhost:42811|client:localhost:41329|dataStream:localhost:45267|priority:0|startupRole:FOLLOWER, s1|rpc:localhost:38265|admin:localhost:36803|client:localhost:43103|dataStream:localhost:34439|priority:0|startupRole:FOLLOWER, s2|rpc:localhost:34107|admin:localhost:34633|client:localhost:32783|dataStream:localhost:46369|priority:0|startupRole:FOLLOWER] returns group-85A9A6583457:java.util.concurrent.CompletableFuture@2f87cc81[Not completed]
2022-08-10 08:55:05,717 [Time-limited test] INFO  impl.MiniRaftCluster (MiniRaftCluster.java:newRaftServer(379)) - newRaftServer: s2, group-85A9A6583457:[s0|rpc:localhost:36261|admin:localhost:42811|client:localhost:41329|dataStream:localhost:45267|priority:0|startupRole:FOLLOWER, s1|rpc:localhost:38265|admin:localhost:36803|client:localhost:43103|dataStream:localhost:34439|priority:0|startupRole:FOLLOWER, s2|rpc:localhost:34107|admin:localhost:34633|client:localhost:32783|dataStream:localhost:46369|priority:0|startupRole:FOLLOWER], format? true
2022-08-10 08:55:05,717 [Time-limited test] TRACE util.FileUtils (FileUtils.java:deleteFully(162)) - deleteFully target/test/data/fa9aa11c/MiniRaftClusterWithSimulatedRpc1c1acee4/s2
2022-08-10 08:55:05,718 [Time-limited test] TRACE util.FileUtils (FileUtils.java:deleteFully(178)) - deleteFully: target/test/data/fa9aa11c/MiniRaftClusterWithSimulatedRpc1c1acee4/s2 does not exist.
2022-08-10 08:55:05,718 [Time-limited test] INFO  impl.MiniRaftCluster (MiniRaftCluster.java:newRaftServer(384)) - Formatted directory target/test/data/fa9aa11c/MiniRaftClusterWithSimulatedRpc1c1acee4/s2
2022-08-10 08:55:05,718 [Time-limited test] INFO  server.RaftServer (ConfUtils.java:logGet(46)) - raft.rpc.type = org.apache.ratis.server.simulation.SimulatedRpc (custom)
2022-08-10 08:55:05,718 [Time-limited test] INFO  impl.DataStreamServerImpl (ConfUtils.java:logGet(46)) - raft.datastream.type = DISABLED (default)
2022-08-10 08:55:05,719 [Time-limited test] INFO  server.RaftServerConfigKeys (ConfUtils.java:logGet(46)) - raft.server.threadpool.proxy.cached = true (default)
2022-08-10 08:55:05,719 [Time-limited test] INFO  server.RaftServerConfigKeys (ConfUtils.java:logGet(46)) - raft.server.threadpool.proxy.size = 0 (default)
2022-08-10 08:55:05,719 [Time-limited test] INFO  server.RaftServerConfigKeys (ConfUtils.java:logGet(46)) - raft.server.rpc.slowness.timeout = 60s (default)
2022-08-10 08:55:05,719 [Time-limited test] INFO  server.RaftServerConfigKeys (ConfUtils.java:logGet(46)) - raft.server.leaderelection.leader.step-down.wait-time = 10s (default)
2022-08-10 08:55:05,719 [Time-limited test] INFO  server.RaftServerConfigKeys (ConfUtils.java:logGet(46)) - raft.server.storage.dir = [/home/runner/work/ratis/ratis/ratis-test/target/test/data/fa9aa11c/MiniRaftClusterWithSimulatedRpc1c1acee4/s2] (custom)
2022-08-10 08:55:05,721 [pool-2-thread-1] INFO  server.RaftServer$Division (RaftServerImpl.java:<init>(192)) - s1: new RaftServerImpl for group-85A9A6583457:[s0|rpc:localhost:36261|admin:localhost:42811|client:localhost:41329|dataStream:localhost:45267|priority:0|startupRole:FOLLOWER, s1|rpc:localhost:38265|admin:localhost:36803|client:localhost:43103|dataStream:localhost:34439|priority:0|startupRole:FOLLOWER, s2|rpc:localhost:34107|admin:localhost:34633|client:localhost:32783|dataStream:localhost:46369|priority:0|startupRole:FOLLOWER] with MetricsStateMachine:uninitialized
2022-08-10 08:55:05,722 [pool-2-thread-1] INFO  server.RaftServerConfigKeys (ConfUtils.java:logGet(46)) - raft.server.rpc.timeout.min = 150ms (default)
2022-08-10 08:55:05,722 [pool-2-thread-1] INFO  server.RaftServerConfigKeys (ConfUtils.java:logGet(46)) - raft.server.rpc.timeout.max = 300ms (default)
2022-08-10 08:55:05,722 [pool-2-thread-1] INFO  server.RaftServerConfigKeys (ConfUtils.java:logGet(46)) - raft.server.rpc.sleep.time = 25ms (default)
2022-08-10 08:55:05,722 [pool-2-thread-1] INFO  server.RaftServerConfigKeys (ConfUtils.java:logGet(46)) - raft.server.rpc.slowness.timeout = 60s (default)
2022-08-10 08:55:05,722 [pool-2-thread-1] INFO  server.RaftServerConfigKeys (ConfUtils.java:logGet(46)) - raft.server.leaderelection.leader.step-down.wait-time = 10s (default)
2022-08-10 08:55:05,723 [pool-2-thread-1] INFO  server.RaftServerConfigKeys (ConfUtils.java:logGet(46)) - raft.server.sleep.deviation.threshold = 300ms (default)
2022-08-10 08:55:05,723 [pool-2-thread-1] INFO  server.RaftServer$Division (ServerState.java:<init>(118)) - s1@group-85A9A6583457: ConfigurationManager, init=-1: peers:[s0|rpc:localhost:36261|admin:localhost:42811|client:localhost:41329|dataStream:localhost:45267|priority:0|startupRole:FOLLOWER, s1|rpc:localhost:38265|admin:localhost:36803|client:localhost:43103|dataStream:localhost:34439|priority:0|startupRole:FOLLOWER, s2|rpc:localhost:34107|admin:localhost:34633|client:localhost:32783|dataStream:localhost:46369|priority:0|startupRole:FOLLOWER]|listeners:[], old=null, confs=<EMPTY_MAP>
2022-08-10 08:55:05,723 [pool-2-thread-1] INFO  server.RaftServerConfigKeys (ConfUtils.java:logGet(46)) - raft.server.storage.dir = [/home/runner/work/ratis/ratis/ratis-test/target/test/data/fa9aa11c/MiniRaftClusterWithSimulatedRpc1c1acee4/s1] (custom)
2022-08-10 08:55:05,724 [pool-1-thread-1] INFO  server.RaftServer$Division (ServerState.java:<init>(118)) - s0@group-85A9A6583457: ConfigurationManager, init=-1: peers:[s0|rpc:localhost:36261|admin:localhost:42811|client:localhost:41329|dataStream:localhost:45267|priority:0|startupRole:FOLLOWER, s1|rpc:localhost:38265|admin:localhost:36803|client:localhost:43103|dataStream:localhost:34439|priority:0|startupRole:FOLLOWER, s2|rpc:localhost:34107|admin:localhost:34633|client:localhost:32783|dataStream:localhost:46369|priority:0|startupRole:FOLLOWER]|listeners:[], old=null, confs=<EMPTY_MAP>
2022-08-10 08:55:05,724 [pool-1-thread-1] INFO  server.RaftServerConfigKeys (ConfUtils.java:logGet(46)) - raft.server.storage.dir = [/home/runner/work/ratis/ratis/ratis-test/target/test/data/fa9aa11c/MiniRaftClusterWithSimulatedRpc1c1acee4/s0] (custom)
2022-08-10 08:55:05,728 [pool-2-thread-1] INFO  server.RaftServerConfigKeys (ConfUtils.java:logGet(46)) - raft.server.log.corruption.policy = EXCEPTION (default)
2022-08-10 08:55:05,729 [pool-2-thread-1] INFO  server.RaftServerConfigKeys (ConfUtils.java:logGet(46)) - raft.server.storage.free-space.min = 0MB (=0) (default)
2022-08-10 08:55:05,729 [Time-limited test] INFO  server.RaftServer (RaftServerProxy.java:addNew(96)) - s2: addNew group-85A9A6583457:[s0|rpc:localhost:36261|admin:localhost:42811|client:localhost:41329|dataStream:localhost:45267|priority:0|startupRole:FOLLOWER, s1|rpc:localhost:38265|admin:localhost:36803|client:localhost:43103|dataStream:localhost:34439|priority:0|startupRole:FOLLOWER, s2|rpc:localhost:34107|admin:localhost:34633|client:localhost:32783|dataStream:localhost:46369|priority:0|startupRole:FOLLOWER] returns group-85A9A6583457:java.util.concurrent.CompletableFuture@6b136541[Not completed]
2022-08-10 08:55:05,729 [pool-3-thread-1] INFO  server.RaftServer$Division (RaftServerImpl.java:<init>(192)) - s2: new RaftServerImpl for group-85A9A6583457:[s0|rpc:localhost:36261|admin:localhost:42811|client:localhost:41329|dataStream:localhost:45267|priority:0|startupRole:FOLLOWER, s1|rpc:localhost:38265|admin:localhost:36803|client:localhost:43103|dataStream:localhost:34439|priority:0|startupRole:FOLLOWER, s2|rpc:localhost:34107|admin:localhost:34633|client:localhost:32783|dataStream:localhost:46369|priority:0|startupRole:FOLLOWER] with MetricsStateMachine:uninitialized
2022-08-10 08:55:05,731 [pool-3-thread-1] INFO  server.RaftServerConfigKeys (ConfUtils.java:logGet(46)) - raft.server.rpc.timeout.min = 150ms (default)
2022-08-10 08:55:05,731 [pool-3-thread-1] INFO  server.RaftServerConfigKeys (ConfUtils.java:logGet(46)) - raft.server.rpc.timeout.max = 300ms (default)
2022-08-10 08:55:05,731 [pool-3-thread-1] INFO  server.RaftServerConfigKeys (ConfUtils.java:logGet(46)) - raft.server.rpc.sleep.time = 25ms (default)
2022-08-10 08:55:05,732 [pool-3-thread-1] INFO  server.RaftServerConfigKeys (ConfUtils.java:logGet(46)) - raft.server.rpc.slowness.timeout = 60s (default)
2022-08-10 08:55:05,732 [pool-3-thread-1] INFO  server.RaftServerConfigKeys (ConfUtils.java:logGet(46)) - raft.server.leaderelection.leader.step-down.wait-time = 10s (default)
2022-08-10 08:55:05,732 [pool-3-thread-1] INFO  server.RaftServerConfigKeys (ConfUtils.java:logGet(46)) - raft.server.sleep.deviation.threshold = 300ms (default)
2022-08-10 08:55:05,732 [pool-1-thread-1] INFO  server.RaftServerConfigKeys (ConfUtils.java:logGet(46)) - raft.server.log.corruption.policy = EXCEPTION (default)
2022-08-10 08:55:05,732 [pool-3-thread-1] INFO  server.RaftServer$Division (ServerState.java:<init>(118)) - s2@group-85A9A6583457: ConfigurationManager, init=-1: peers:[s0|rpc:localhost:36261|admin:localhost:42811|client:localhost:41329|dataStream:localhost:45267|priority:0|startupRole:FOLLOWER, s1|rpc:localhost:38265|admin:localhost:36803|client:localhost:43103|dataStream:localhost:34439|priority:0|startupRole:FOLLOWER, s2|rpc:localhost:34107|admin:localhost:34633|client:localhost:32783|dataStream:localhost:46369|priority:0|startupRole:FOLLOWER]|listeners:[], old=null, confs=<EMPTY_MAP>
2022-08-10 08:55:05,732 [pool-3-thread-1] INFO  server.RaftServerConfigKeys (ConfUtils.java:logGet(46)) - raft.server.storage.dir = [/home/runner/work/ratis/ratis/ratis-test/target/test/data/fa9aa11c/MiniRaftClusterWithSimulatedRpc1c1acee4/s2] (custom)
2022-08-10 08:55:05,732 [pool-3-thread-1] INFO  server.RaftServerConfigKeys (ConfUtils.java:logGet(46)) - raft.server.log.corruption.policy = EXCEPTION (default)
2022-08-10 08:55:05,733 [pool-3-thread-1] INFO  server.RaftServerConfigKeys (ConfUtils.java:logGet(46)) - raft.server.storage.free-space.min = 0MB (=0) (default)
2022-08-10 08:55:05,732 [pool-1-thread-1] INFO  server.RaftServerConfigKeys (ConfUtils.java:logGet(46)) - raft.server.storage.free-space.min = 0MB (=0) (default)
2022-08-10 08:55:05,740 [pool-3-thread-1] INFO  server.RaftServerConfigKeys (ConfUtils.java:logGet(46)) - raft.server.notification.no-leader.timeout = 60s (default)
2022-08-10 08:55:05,740 [pool-1-thread-1] INFO  server.RaftServerConfigKeys (ConfUtils.java:logGet(46)) - raft.server.notification.no-leader.timeout = 60s (default)
2022-08-10 08:55:05,742 [pool-2-thread-1] INFO  server.RaftServerConfigKeys (ConfUtils.java:logGet(46)) - raft.server.notification.no-leader.timeout = 60s (default)
2022-08-10 08:55:05,742 [pool-3-thread-1] INFO  server.RaftServerConfigKeys (ConfUtils.java:logGet(46)) - raft.server.retrycache.expirytime = 60s (default)
2022-08-10 08:55:05,743 [pool-3-thread-1] INFO  server.RaftServerConfigKeys (ConfUtils.java:logGet(46)) - raft.server.retrycache.statistics.expirytime = 100μs (default)
2022-08-10 08:55:05,742 [pool-1-thread-1] INFO  server.RaftServerConfigKeys (ConfUtils.java:logGet(46)) - raft.server.retrycache.expirytime = 60s (default)
2022-08-10 08:55:05,743 [pool-2-thread-1] INFO  server.RaftServerConfigKeys (ConfUtils.java:logGet(46)) - raft.server.retrycache.expirytime = 60s (default)
2022-08-10 08:55:05,744 [pool-1-thread-1] INFO  server.RaftServerConfigKeys (ConfUtils.java:logGet(46)) - raft.server.retrycache.statistics.expirytime = 100μs (default)
2022-08-10 08:55:05,744 [pool-2-thread-1] INFO  server.RaftServerConfigKeys (ConfUtils.java:logGet(46)) - raft.server.retrycache.statistics.expirytime = 100μs (default)
2022-08-10 08:55:05,776 [pool-1-thread-1] INFO  server.RaftServerConfigKeys (ConfUtils.java:logGet(46)) - raft.server.log.appender.install.snapshot.enabled = true (default)
2022-08-10 08:55:05,776 [pool-1-thread-1] INFO  server.RaftServerConfigKeys (ConfUtils.java:logGet(46)) - raft.server.threadpool.server.cached = true (default)
2022-08-10 08:55:05,777 [pool-1-thread-1] INFO  server.RaftServerConfigKeys (ConfUtils.java:logGet(46)) - raft.server.threadpool.server.size = 0 (default)
2022-08-10 08:55:05,777 [pool-1-thread-1] INFO  server.RaftServerConfigKeys (ConfUtils.java:logGet(46)) - raft.server.threadpool.client.cached = true (default)
2022-08-10 08:55:05,777 [pool-1-thread-1] INFO  server.RaftServerConfigKeys (ConfUtils.java:logGet(46)) - raft.server.threadpool.client.size = 0 (default)
2022-08-10 08:55:05,778 [pool-3-thread-1] INFO  server.RaftServerConfigKeys (ConfUtils.java:logGet(46)) - raft.server.log.appender.install.snapshot.enabled = true (default)
2022-08-10 08:55:05,778 [pool-3-thread-1] INFO  server.RaftServerConfigKeys (ConfUtils.java:logGet(46)) - raft.server.threadpool.server.cached = true (default)
2022-08-10 08:55:05,779 [pool-3-thread-1] INFO  server.RaftServerConfigKeys (ConfUtils.java:logGet(46)) - raft.server.threadpool.server.size = 0 (default)
2022-08-10 08:55:05,779 [pool-3-thread-1] INFO  server.RaftServerConfigKeys (ConfUtils.java:logGet(46)) - raft.server.threadpool.client.cached = true (default)
2022-08-10 08:55:05,779 [pool-3-thread-1] INFO  server.RaftServerConfigKeys (ConfUtils.java:logGet(46)) - raft.server.threadpool.client.size = 0 (default)
2022-08-10 08:55:05,781 [s0-impl-thread1] INFO  storage.RaftStorageDirectory (RaftStorageDirectoryImpl.java:analyzeStorage(137)) - The storage directory /home/runner/work/ratis/ratis/ratis-test/target/test/data/fa9aa11c/MiniRaftClusterWithSimulatedRpc1c1acee4/s0/c1997139-21b8-4fa8-a287-85a9a6583457 does not exist. Creating ...
2022-08-10 08:55:05,783 [pool-2-thread-1] INFO  server.RaftServerConfigKeys (ConfUtils.java:logGet(46)) - raft.server.log.appender.install.snapshot.enabled = true (default)
2022-08-10 08:55:05,783 [pool-2-thread-1] INFO  server.RaftServerConfigKeys (ConfUtils.java:logGet(46)) - raft.server.threadpool.server.cached = true (default)
2022-08-10 08:55:05,783 [pool-2-thread-1] INFO  server.RaftServerConfigKeys (ConfUtils.java:logGet(46)) - raft.server.threadpool.server.size = 0 (default)
2022-08-10 08:55:05,783 [s0-impl-thread1] TRACE util.FileUtils (LogUtils.java:runAndLog(49)) - Successfully ran Files.createDirectories /home/runner/work/ratis/ratis/ratis-test/target/test/data/fa9aa11c/MiniRaftClusterWithSimulatedRpc1c1acee4/s0/c1997139-21b8-4fa8-a287-85a9a6583457
2022-08-10 08:55:05,783 [pool-2-thread-1] INFO  server.RaftServerConfigKeys (ConfUtils.java:logGet(46)) - raft.server.threadpool.client.cached = true (default)
2022-08-10 08:55:05,783 [pool-2-thread-1] INFO  server.RaftServerConfigKeys (ConfUtils.java:logGet(46)) - raft.server.threadpool.client.size = 0 (default)
2022-08-10 08:55:05,787 [s0-impl-thread1] INFO  storage.RaftStorageDirectory (RaftStorageDirectoryImpl.java:tryLock(231)) - Lock on /home/runner/work/ratis/ratis/ratis-test/target/test/data/fa9aa11c/MiniRaftClusterWithSimulatedRpc1c1acee4/s0/c1997139-21b8-4fa8-a287-85a9a6583457/in_use.lock acquired by nodename 10883@fv-az27-350.dxfdljmieciudfkbn0hyovfxec.cx.internal.cloudapp.net
2022-08-10 08:55:05,788 [s0-impl-thread1] TRACE util.FileUtils (LogUtils.java:runAndLog(49)) - Successfully ran Files.createDirectories /home/runner/work/ratis/ratis/ratis-test/target/test/data/fa9aa11c/MiniRaftClusterWithSimulatedRpc1c1acee4/s0/c1997139-21b8-4fa8-a287-85a9a6583457/current
2022-08-10 08:55:05,788 [s0-impl-thread1] TRACE util.FileUtils (LogUtils.java:runAndLog(49)) - Successfully ran Files.createDirectories /home/runner/work/ratis/ratis/ratis-test/target/test/data/fa9aa11c/MiniRaftClusterWithSimulatedRpc1c1acee4/s0/c1997139-21b8-4fa8-a287-85a9a6583457/sm
2022-08-10 08:55:05,802 [s0-impl-thread1] INFO  storage.RaftStorage (RaftStorageImpl.java:format(96)) - Storage directory /home/runner/work/ratis/ratis/ratis-test/target/test/data/fa9aa11c/MiniRaftClusterWithSimulatedRpc1c1acee4/s0/c1997139-21b8-4fa8-a287-85a9a6583457 has been successfully formatted.
2022-08-10 08:55:05,804 [s0-impl-thread1] INFO  server.RaftServerConfigKeys (ConfUtils.java:logGet(46)) - raft.server.log.use.memory = false (default)
2022-08-10 08:55:05,810 [s0-impl-thread1] INFO  server.RaftServerConfigKeys (ConfUtils.java:logGet(46)) - raft.server.log.purge.gap = 1024 (default)
2022-08-10 08:55:05,811 [s0-impl-thread1] INFO  server.RaftServerConfigKeys (ConfUtils.java:logGet(46)) - raft.server.log.appender.buffer.byte-limit = 4MB (=4194304) (default)
2022-08-10 08:55:05,812 [s0-impl-thread1] INFO  server.RaftServerConfigKeys (ConfUtils.java:logGet(46)) - raft.server.log.statemachine.data.read.timeout = 1000ms (default)
2022-08-10 08:55:05,812 [s0-impl-thread1] INFO  server.RaftServerConfigKeys (ConfUtils.java:logGet(46)) - raft.server.log.purge.preservation.log.num = 0 (default)
2022-08-10 08:55:05,814 [s0-impl-thread1] INFO  server.RaftServerConfigKeys (ConfUtils.java:logGet(46)) - raft.server.log.segment.size.max = 8MB (=8388608) (default)
2022-08-10 08:55:05,818 [s0-impl-thread1] INFO  server.RaftServerConfigKeys (ConfUtils.java:logGet(46)) - raft.server.log.segment.cache.num.max = 6 (default)
2022-08-10 08:55:05,819 [s0-impl-thread1] INFO  server.RaftServerConfigKeys (ConfUtils.java:logGet(46)) - raft.server.log.segment.cache.size.max = 200MB (=209715200) (default)
2022-08-10 08:55:05,822 [s0-impl-thread1] INFO  segmented.SegmentedRaftLogWorker (SegmentedRaftLogWorker.java:<init>(187)) - new s0@group-85A9A6583457-SegmentedRaftLogWorker for RaftStorageImpl:Storage Directory /home/runner/work/ratis/ratis/ratis-test/target/test/data/fa9aa11c/MiniRaftClusterWithSimulatedRpc1c1acee4/s0/c1997139-21b8-4fa8-a287-85a9a6583457
2022-08-10 08:55:05,822 [s0-impl-thread1] INFO  server.RaftServerConfigKeys (ConfUtils.java:logGet(46)) - raft.server.log.queue.byte-limit = 64MB (=67108864) (default)
2022-08-10 08:55:05,823 [s0-impl-thread1] INFO  server.RaftServerConfigKeys (ConfUtils.java:logGet(46)) - raft.server.log.queue.element-limit = 4096 (default)
2022-08-10 08:55:05,824 [s0-impl-thread1] INFO  server.RaftServerConfigKeys (ConfUtils.java:logGet(46)) - raft.server.log.segment.size.max = 8MB (=8388608) (default)
2022-08-10 08:55:05,824 [s0-impl-thread1] INFO  server.RaftServerConfigKeys (ConfUtils.java:logGet(46)) - raft.server.log.preallocated.size = 4MB (=4194304) (default)
2022-08-10 08:55:05,824 [s0-impl-thread1] INFO  server.RaftServerConfigKeys (ConfUtils.java:logGet(46)) - raft.server.log.force.sync.num = 128 (default)
2022-08-10 08:55:05,825 [s0-impl-thread1] INFO  server.RaftServerConfigKeys (ConfUtils.java:logGet(46)) - raft.server.log.statemachine.data.sync = true (default)
2022-08-10 08:55:05,825 [s0-impl-thread1] INFO  server.RaftServerConfigKeys (ConfUtils.java:logGet(46)) - raft.server.log.statemachine.data.sync.timeout = 10s (default)
2022-08-10 08:55:05,826 [s0-impl-thread1] INFO  server.RaftServerConfigKeys (ConfUtils.java:logGet(46)) - raft.server.log.statemachine.data.sync.timeout.retry = -1 (default)
2022-08-10 08:55:05,834 [s0-impl-thread1] INFO  server.RaftServerConfigKeys (ConfUtils.java:logGet(46)) - raft.server.log.write.buffer.size = 64KB (=65536) (default)
2022-08-10 08:55:05,834 [s0-impl-thread1] INFO  server.RaftServerConfigKeys (ConfUtils.java:logGet(46)) - raft.server.log.unsafe-flush.enabled = false (default)
2022-08-10 08:55:05,835 [s0-impl-thread1] INFO  server.RaftServerConfigKeys (ConfUtils.java:logGet(46)) - raft.server.log.statemachine.data.caching.enabled = false (default)
2022-08-10 08:55:05,840 [s0-impl-thread1] INFO  segmented.SegmentedRaftLogWorker (SegmentedRaftLogWorker.java:lambda$new$0(135)) - s0@group-85A9A6583457-SegmentedRaftLogWorker: flushIndex: setUnconditionally 0 -> -1
2022-08-10 08:55:05,840 [s0-impl-thread1] INFO  segmented.SegmentedRaftLogWorker (SegmentedRaftLogWorker.java:lambda$new$0(135)) - s0@group-85A9A6583457-SegmentedRaftLogWorker: safeCacheEvictIndex: setUnconditionally 0 -> -1
2022-08-10 08:55:05,842 [s0-impl-thread1] INFO  server.RaftServer$Division (RaftServerImpl.java:start(314)) - s0@group-85A9A6583457: start as a follower, conf=-1: peers:[s0|rpc:localhost:36261|admin:localhost:42811|client:localhost:41329|dataStream:localhost:45267|priority:0|startupRole:FOLLOWER, s1|rpc:localhost:38265|admin:localhost:36803|client:localhost:43103|dataStream:localhost:34439|priority:0|startupRole:FOLLOWER, s2|rpc:localhost:34107|admin:localhost:34633|client:localhost:32783|dataStream:localhost:46369|priority:0|startupRole:FOLLOWER]|listeners:[], old=null
2022-08-10 08:55:05,842 [s0-impl-thread1] INFO  server.RaftServer$Division (RaftServerImpl.java:setRole(301)) - s0@group-85A9A6583457: changes role from      null to FOLLOWER at term 0 for startAsFollower
2022-08-10 08:55:05,843 [s0-impl-thread1] INFO  impl.RoleInfo (RoleInfo.java:updateAndGet(139)) - s0: start s0@group-85A9A6583457-FollowerState
2022-08-10 08:55:05,847 [s0-impl-thread1] INFO  util.JmxRegister (JmxRegister.java:tryRegister(44)) - Successfully registered JMX Bean with object name Ratis:service=RaftServer,group=group-85A9A6583457,id=s0
2022-08-10 08:55:05,849 [s0-impl-thread1] INFO  server.RaftServerConfigKeys (ConfUtils.java:logGet(46)) - raft.server.snapshot.auto.trigger.enabled = false (default)
2022-08-10 08:55:05,850 [s0-impl-thread1] INFO  server.RaftServerConfigKeys (ConfUtils.java:logGet(46)) - raft.server.snapshot.retention.file.num = -1 (default)
2022-08-10 08:55:05,850 [s0-impl-thread1] INFO  server.RaftServerConfigKeys (ConfUtils.java:logGet(46)) - raft.server.log.purge.upto.snapshot.index = false (default)
2022-08-10 08:55:05,853 [Time-limited test] INFO  server.RaftServer (RaftServerProxy.java:startImpl(387)) - s0: start RPC server
2022-08-10 08:55:05,856 [org.apache.ratis.util.JvmPauseMonitor$$Lambda$290/1471293207@4ecbfae0] INFO  util.JvmPauseMonitor (JvmPauseMonitor.java:run(103)) - JvmPauseMonitor-s0: Started
2022-08-10 08:55:05,856 [s1-impl-thread1] INFO  storage.RaftStorageDirectory (RaftStorageDirectoryImpl.java:analyzeStorage(137)) - The storage directory /home/runner/work/ratis/ratis/ratis-test/target/test/data/fa9aa11c/MiniRaftClusterWithSimulatedRpc1c1acee4/s1/c1997139-21b8-4fa8-a287-85a9a6583457 does not exist. Creating ...
2022-08-10 08:55:05,856 [s1-impl-thread1] TRACE util.FileUtils (LogUtils.java:runAndLog(49)) - Successfully ran Files.createDirectories /home/runner/work/ratis/ratis/ratis-test/target/test/data/fa9aa11c/MiniRaftClusterWithSimulatedRpc1c1acee4/s1/c1997139-21b8-4fa8-a287-85a9a6583457
2022-08-10 08:55:05,857 [s1-impl-thread1] INFO  storage.RaftStorageDirectory (RaftStorageDirectoryImpl.java:tryLock(231)) - Lock on /home/runner/work/ratis/ratis/ratis-test/target/test/data/fa9aa11c/MiniRaftClusterWithSimulatedRpc1c1acee4/s1/c1997139-21b8-4fa8-a287-85a9a6583457/in_use.lock acquired by nodename 10883@fv-az27-350.dxfdljmieciudfkbn0hyovfxec.cx.internal.cloudapp.net
2022-08-10 08:55:05,858 [s1-impl-thread1] TRACE util.FileUtils (LogUtils.java:runAndLog(49)) - Successfully ran Files.createDirectories /home/runner/work/ratis/ratis/ratis-test/target/test/data/fa9aa11c/MiniRaftClusterWithSimulatedRpc1c1acee4/s1/c1997139-21b8-4fa8-a287-85a9a6583457/current
2022-08-10 08:55:05,858 [s1-impl-thread1] TRACE util.FileUtils (LogUtils.java:runAndLog(49)) - Successfully ran Files.createDirectories /home/runner/work/ratis/ratis/ratis-test/target/test/data/fa9aa11c/MiniRaftClusterWithSimulatedRpc1c1acee4/s1/c1997139-21b8-4fa8-a287-85a9a6583457/sm
2022-08-10 08:55:05,860 [s1-impl-thread1] INFO  storage.RaftStorage (RaftStorageImpl.java:format(96)) - Storage directory /home/runner/work/ratis/ratis/ratis-test/target/test/data/fa9aa11c/MiniRaftClusterWithSimulatedRpc1c1acee4/s1/c1997139-21b8-4fa8-a287-85a9a6583457 has been successfully formatted.
2022-08-10 08:55:05,860 [s1-impl-thread1] INFO  server.RaftServerConfigKeys (ConfUtils.java:logGet(46)) - raft.server.log.use.memory = false (default)
2022-08-10 08:55:05,860 [s1-impl-thread1] INFO  server.RaftServerConfigKeys (ConfUtils.java:logGet(46)) - raft.server.log.purge.gap = 1024 (default)
2022-08-10 08:55:05,860 [s1-impl-thread1] INFO  server.RaftServerConfigKeys (ConfUtils.java:logGet(46)) - raft.server.log.appender.buffer.byte-limit = 4MB (=4194304) (default)
2022-08-10 08:55:05,860 [s1-impl-thread1] INFO  server.RaftServerConfigKeys (ConfUtils.java:logGet(46)) - raft.server.log.statemachine.data.read.timeout = 1000ms (default)
2022-08-10 08:55:05,860 [s1-impl-thread1] INFO  server.RaftServerConfigKeys (ConfUtils.java:logGet(46)) - raft.server.log.purge.preservation.log.num = 0 (default)
2022-08-10 08:55:05,861 [s1-impl-thread1] INFO  server.RaftServerConfigKeys (ConfUtils.java:logGet(46)) - raft.server.log.segment.size.max = 8MB (=8388608) (default)
2022-08-10 08:55:05,861 [s1-impl-thread1] INFO  server.RaftServerConfigKeys (ConfUtils.java:logGet(46)) - raft.server.log.segment.cache.num.max = 6 (default)
2022-08-10 08:55:05,861 [s1-impl-thread1] INFO  server.RaftServerConfigKeys (ConfUtils.java:logGet(46)) - raft.server.log.segment.cache.size.max = 200MB (=209715200) (default)
2022-08-10 08:55:05,862 [s1-impl-thread1] INFO  segmented.SegmentedRaftLogWorker (SegmentedRaftLogWorker.java:<init>(187)) - new s1@group-85A9A6583457-SegmentedRaftLogWorker for RaftStorageImpl:Storage Directory /home/runner/work/ratis/ratis/ratis-test/target/test/data/fa9aa11c/MiniRaftClusterWithSimulatedRpc1c1acee4/s1/c1997139-21b8-4fa8-a287-85a9a6583457
2022-08-10 08:55:05,862 [s1-impl-thread1] INFO  server.RaftServerConfigKeys (ConfUtils.java:logGet(46)) - raft.server.log.queue.byte-limit = 64MB (=67108864) (default)
2022-08-10 08:55:05,862 [s1-impl-thread1] INFO  server.RaftServerConfigKeys (ConfUtils.java:logGet(46)) - raft.server.log.queue.element-limit = 4096 (default)
2022-08-10 08:55:05,862 [s1-impl-thread1] INFO  server.RaftServerConfigKeys (ConfUtils.java:logGet(46)) - raft.server.log.segment.size.max = 8MB (=8388608) (default)
2022-08-10 08:55:05,862 [s1-impl-thread1] INFO  server.RaftServerConfigKeys (ConfUtils.java:logGet(46)) - raft.server.log.preallocated.size = 4MB (=4194304) (default)
2022-08-10 08:55:05,862 [s1-impl-thread1] INFO  server.RaftServerConfigKeys (ConfUtils.java:logGet(46)) - raft.server.log.force.sync.num = 128 (default)
2022-08-10 08:55:05,862 [s1-impl-thread1] INFO  server.RaftServerConfigKeys (ConfUtils.java:logGet(46)) - raft.server.log.statemachine.data.sync = true (default)
2022-08-10 08:55:05,862 [s1-impl-thread1] INFO  server.RaftServerConfigKeys (ConfUtils.java:logGet(46)) - raft.server.log.statemachine.data.sync.timeout = 10s (default)
2022-08-10 08:55:05,862 [s1-impl-thread1] INFO  server.RaftServerConfigKeys (ConfUtils.java:logGet(46)) - raft.server.log.statemachine.data.sync.timeout.retry = -1 (default)
2022-08-10 08:55:05,863 [s1-impl-thread1] INFO  server.RaftServerConfigKeys (ConfUtils.java:logGet(46)) - raft.server.log.write.buffer.size = 64KB (=65536) (default)
2022-08-10 08:55:05,863 [s1-impl-thread1] INFO  server.RaftServerConfigKeys (ConfUtils.java:logGet(46)) - raft.server.log.unsafe-flush.enabled = false (default)
2022-08-10 08:55:05,863 [s1-impl-thread1] INFO  server.RaftServerConfigKeys (ConfUtils.java:logGet(46)) - raft.server.log.statemachine.data.caching.enabled = false (default)
2022-08-10 08:55:05,864 [s1-impl-thread1] INFO  segmented.SegmentedRaftLogWorker (SegmentedRaftLogWorker.java:lambda$new$0(135)) - s1@group-85A9A6583457-SegmentedRaftLogWorker: flushIndex: setUnconditionally 0 -> -1
2022-08-10 08:55:05,864 [s1-impl-thread1] INFO  segmented.SegmentedRaftLogWorker (SegmentedRaftLogWorker.java:lambda$new$0(135)) - s1@group-85A9A6583457-SegmentedRaftLogWorker: safeCacheEvictIndex: setUnconditionally 0 -> -1
2022-08-10 08:55:05,866 [s1-impl-thread1] INFO  server.RaftServer$Division (RaftServerImpl.java:start(314)) - s1@group-85A9A6583457: start as a follower, conf=-1: peers:[s0|rpc:localhost:36261|admin:localhost:42811|client:localhost:41329|dataStream:localhost:45267|priority:0|startupRole:FOLLOWER, s1|rpc:localhost:38265|admin:localhost:36803|client:localhost:43103|dataStream:localhost:34439|priority:0|startupRole:FOLLOWER, s2|rpc:localhost:34107|admin:localhost:34633|client:localhost:32783|dataStream:localhost:46369|priority:0|startupRole:FOLLOWER]|listeners:[], old=null
2022-08-10 08:55:05,866 [s1-impl-thread1] INFO  server.RaftServer$Division (RaftServerImpl.java:setRole(301)) - s1@group-85A9A6583457: changes role from      null to FOLLOWER at term 0 for startAsFollower
2022-08-10 08:55:05,866 [s1-impl-thread1] INFO  impl.RoleInfo (RoleInfo.java:updateAndGet(139)) - s1: start s1@group-85A9A6583457-FollowerState
2022-08-10 08:55:05,867 [s1-impl-thread1] INFO  util.JmxRegister (JmxRegister.java:tryRegister(44)) - Successfully registered JMX Bean with object name Ratis:service=RaftServer,group=group-85A9A6583457,id=s1
2022-08-10 08:55:05,867 [s1-impl-thread1] INFO  server.RaftServerConfigKeys (ConfUtils.java:logGet(46)) - raft.server.snapshot.auto.trigger.enabled = false (default)
2022-08-10 08:55:05,867 [s1-impl-thread1] INFO  server.RaftServerConfigKeys (ConfUtils.java:logGet(46)) - raft.server.snapshot.retention.file.num = -1 (default)
2022-08-10 08:55:05,867 [s1-impl-thread1] INFO  server.RaftServerConfigKeys (ConfUtils.java:logGet(46)) - raft.server.log.purge.upto.snapshot.index = false (default)
2022-08-10 08:55:05,868 [Time-limited test] INFO  server.RaftServer (RaftServerProxy.java:startImpl(387)) - s1: start RPC server
2022-08-10 08:55:05,869 [s2-impl-thread1] INFO  storage.RaftStorageDirectory (RaftStorageDirectoryImpl.java:analyzeStorage(137)) - The storage directory /home/runner/work/ratis/ratis/ratis-test/target/test/data/fa9aa11c/MiniRaftClusterWithSimulatedRpc1c1acee4/s2/c1997139-21b8-4fa8-a287-85a9a6583457 does not exist. Creating ...
2022-08-10 08:55:05,870 [s2-impl-thread1] TRACE util.FileUtils (LogUtils.java:runAndLog(49)) - Successfully ran Files.createDirectories /home/runner/work/ratis/ratis/ratis-test/target/test/data/fa9aa11c/MiniRaftClusterWithSimulatedRpc1c1acee4/s2/c1997139-21b8-4fa8-a287-85a9a6583457
2022-08-10 08:55:05,870 [org.apache.ratis.util.JvmPauseMonitor$$Lambda$290/1471293207@311ee512] INFO  util.JvmPauseMonitor (JvmPauseMonitor.java:run(103)) - JvmPauseMonitor-s1: Started
2022-08-10 08:55:05,871 [s2-impl-thread1] INFO  storage.RaftStorageDirectory (RaftStorageDirectoryImpl.java:tryLock(231)) - Lock on /home/runner/work/ratis/ratis/ratis-test/target/test/data/fa9aa11c/MiniRaftClusterWithSimulatedRpc1c1acee4/s2/c1997139-21b8-4fa8-a287-85a9a6583457/in_use.lock acquired by nodename 10883@fv-az27-350.dxfdljmieciudfkbn0hyovfxec.cx.internal.cloudapp.net
2022-08-10 08:55:05,871 [s2-impl-thread1] TRACE util.FileUtils (LogUtils.java:runAndLog(49)) - Successfully ran Files.createDirectories /home/runner/work/ratis/ratis/ratis-test/target/test/data/fa9aa11c/MiniRaftClusterWithSimulatedRpc1c1acee4/s2/c1997139-21b8-4fa8-a287-85a9a6583457/current
2022-08-10 08:55:05,871 [s2-impl-thread1] TRACE util.FileUtils (LogUtils.java:runAndLog(49)) - Successfully ran Files.createDirectories /home/runner/work/ratis/ratis/ratis-test/target/test/data/fa9aa11c/MiniRaftClusterWithSimulatedRpc1c1acee4/s2/c1997139-21b8-4fa8-a287-85a9a6583457/sm
2022-08-10 08:55:05,872 [s2-impl-thread1] INFO  storage.RaftStorage (RaftStorageImpl.java:format(96)) - Storage directory /home/runner/work/ratis/ratis/ratis-test/target/test/data/fa9aa11c/MiniRaftClusterWithSimulatedRpc1c1acee4/s2/c1997139-21b8-4fa8-a287-85a9a6583457 has been successfully formatted.
2022-08-10 08:55:05,872 [s2-impl-thread1] INFO  server.RaftServerConfigKeys (ConfUtils.java:logGet(46)) - raft.server.log.use.memory = false (default)
2022-08-10 08:55:05,873 [s2-impl-thread1] INFO  server.RaftServerConfigKeys (ConfUtils.java:logGet(46)) - raft.server.log.purge.gap = 1024 (default)
2022-08-10 08:55:05,873 [s2-impl-thread1] INFO  server.RaftServerConfigKeys (ConfUtils.java:logGet(46)) - raft.server.log.appender.buffer.byte-limit = 4MB (=4194304) (default)
2022-08-10 08:55:05,873 [s2-impl-thread1] INFO  server.RaftServerConfigKeys (ConfUtils.java:logGet(46)) - raft.server.log.statemachine.data.read.timeout = 1000ms (default)
2022-08-10 08:55:05,873 [s2-impl-thread1] INFO  server.RaftServerConfigKeys (ConfUtils.java:logGet(46)) - raft.server.log.purge.preservation.log.num = 0 (default)
2022-08-10 08:55:05,874 [s2-impl-thread1] INFO  server.RaftServerConfigKeys (ConfUtils.java:logGet(46)) - raft.server.log.segment.size.max = 8MB (=8388608) (default)
2022-08-10 08:55:05,875 [s2-impl-thread1] INFO  server.RaftServerConfigKeys (ConfUtils.java:logGet(46)) - raft.server.log.segment.cache.num.max = 6 (default)
2022-08-10 08:55:05,875 [s2-impl-thread1] INFO  server.RaftServerConfigKeys (ConfUtils.java:logGet(46)) - raft.server.log.segment.cache.size.max = 200MB (=209715200) (default)
2022-08-10 08:55:05,875 [s2-impl-thread1] INFO  segmented.SegmentedRaftLogWorker (SegmentedRaftLogWorker.java:<init>(187)) - new s2@group-85A9A6583457-SegmentedRaftLogWorker for RaftStorageImpl:Storage Directory /home/runner/work/ratis/ratis/ratis-test/target/test/data/fa9aa11c/MiniRaftClusterWithSimulatedRpc1c1acee4/s2/c1997139-21b8-4fa8-a287-85a9a6583457
2022-08-10 08:55:05,875 [s2-impl-thread1] INFO  server.RaftServerConfigKeys (ConfUtils.java:logGet(46)) - raft.server.log.queue.byte-limit = 64MB (=67108864) (default)
2022-08-10 08:55:05,875 [s2-impl-thread1] INFO  server.RaftServerConfigKeys (ConfUtils.java:logGet(46)) - raft.server.log.queue.element-limit = 4096 (default)
2022-08-10 08:55:05,875 [s2-impl-thread1] INFO  server.RaftServerConfigKeys (ConfUtils.java:logGet(46)) - raft.server.log.segment.size.max = 8MB (=8388608) (default)
2022-08-10 08:55:05,875 [s2-impl-thread1] INFO  server.RaftServerConfigKeys (ConfUtils.java:logGet(46)) - raft.server.log.preallocated.size = 4MB (=4194304) (default)
2022-08-10 08:55:05,876 [s2-impl-thread1] INFO  server.RaftServerConfigKeys (ConfUtils.java:logGet(46)) - raft.server.log.force.sync.num = 128 (default)
2022-08-10 08:55:05,876 [s2-impl-thread1] INFO  server.RaftServerConfigKeys (ConfUtils.java:logGet(46)) - raft.server.log.statemachine.data.sync = true (default)
2022-08-10 08:55:05,876 [s2-impl-thread1] INFO  server.RaftServerConfigKeys (ConfUtils.java:logGet(46)) - raft.server.log.statemachine.data.sync.timeout = 10s (default)
2022-08-10 08:55:05,876 [s2-impl-thread1] INFO  server.RaftServerConfigKeys (ConfUtils.java:logGet(46)) - raft.server.log.statemachine.data.sync.timeout.retry = -1 (default)
2022-08-10 08:55:05,876 [s2-impl-thread1] INFO  server.RaftServerConfigKeys (ConfUtils.java:logGet(46)) - raft.server.log.write.buffer.size = 64KB (=65536) (default)
2022-08-10 08:55:05,877 [s2-impl-thread1] INFO  server.RaftServerConfigKeys (ConfUtils.java:logGet(46)) - raft.server.log.unsafe-flush.enabled = false (default)
2022-08-10 08:55:05,877 [s2-impl-thread1] INFO  server.RaftServerConfigKeys (ConfUtils.java:logGet(46)) - raft.server.log.statemachine.data.caching.enabled = false (default)
2022-08-10 08:55:05,877 [s2-impl-thread1] INFO  segmented.SegmentedRaftLogWorker (SegmentedRaftLogWorker.java:lambda$new$0(135)) - s2@group-85A9A6583457-SegmentedRaftLogWorker: flushIndex: setUnconditionally 0 -> -1
2022-08-10 08:55:05,877 [s2-impl-thread1] INFO  segmented.SegmentedRaftLogWorker (SegmentedRaftLogWorker.java:lambda$new$0(135)) - s2@group-85A9A6583457-SegmentedRaftLogWorker: safeCacheEvictIndex: setUnconditionally 0 -> -1
2022-08-10 08:55:05,878 [s2-impl-thread1] INFO  server.RaftServer$Division (RaftServerImpl.java:start(314)) - s2@group-85A9A6583457: start as a follower, conf=-1: peers:[s0|rpc:localhost:36261|admin:localhost:42811|client:localhost:41329|dataStream:localhost:45267|priority:0|startupRole:FOLLOWER, s1|rpc:localhost:38265|admin:localhost:36803|client:localhost:43103|dataStream:localhost:34439|priority:0|startupRole:FOLLOWER, s2|rpc:localhost:34107|admin:localhost:34633|client:localhost:32783|dataStream:localhost:46369|priority:0|startupRole:FOLLOWER]|listeners:[], old=null
2022-08-10 08:55:05,878 [s2-impl-thread1] INFO  server.RaftServer$Division (RaftServerImpl.java:setRole(301)) - s2@group-85A9A6583457: changes role from      null to FOLLOWER at term 0 for startAsFollower
2022-08-10 08:55:05,878 [s2-impl-thread1] INFO  impl.RoleInfo (RoleInfo.java:updateAndGet(139)) - s2: start s2@group-85A9A6583457-FollowerState
2022-08-10 08:55:05,879 [s2-impl-thread1] INFO  util.JmxRegister (JmxRegister.java:tryRegister(44)) - Successfully registered JMX Bean with object name Ratis:service=RaftServer,group=group-85A9A6583457,id=s2
2022-08-10 08:55:05,882 [s2-impl-thread1] INFO  server.RaftServerConfigKeys (ConfUtils.java:logGet(46)) - raft.server.snapshot.auto.trigger.enabled = false (default)
2022-08-10 08:55:05,883 [s2-impl-thread1] INFO  server.RaftServerConfigKeys (ConfUtils.java:logGet(46)) - raft.server.snapshot.retention.file.num = -1 (default)
2022-08-10 08:55:05,883 [s2-impl-thread1] INFO  server.RaftServerConfigKeys (ConfUtils.java:logGet(46)) - raft.server.log.purge.upto.snapshot.index = false (default)
2022-08-10 08:55:05,884 [Time-limited test] INFO  server.RaftServer (RaftServerProxy.java:startImpl(387)) - s2: start RPC server
2022-08-10 08:55:05,885 [org.apache.ratis.util.JvmPauseMonitor$$Lambda$290/1471293207@2093052b] INFO  util.JvmPauseMonitor (JvmPauseMonitor.java:run(103)) - JvmPauseMonitor-s2: Started
2022-08-10 08:55:06,068 [s0@group-85A9A6583457-FollowerState] INFO  impl.FollowerState (FollowerState.java:run(143)) - s0@group-85A9A6583457-FollowerState: change to CANDIDATE, lastRpcElapsedTime:225125745ns, electionTimeout:217ms
2022-08-10 08:55:06,069 [s0@group-85A9A6583457-FollowerState] INFO  impl.RoleInfo (RoleInfo.java:shutdownFollowerState(110)) - s0: shutdown s0@group-85A9A6583457-FollowerState
2022-08-10 08:55:06,069 [s0@group-85A9A6583457-FollowerState] INFO  server.RaftServer$Division (RaftServerImpl.java:setRole(301)) - s0@group-85A9A6583457: changes role from  FOLLOWER to CANDIDATE at term 0 for changeToCandidate
2022-08-10 08:55:06,072 [s0@group-85A9A6583457-FollowerState] INFO  server.RaftServerConfigKeys (ConfUtils.java:logGet(46)) - raft.server.leaderelection.pre-vote = true (default)
2022-08-10 08:55:06,072 [s0@group-85A9A6583457-FollowerState] INFO  impl.RoleInfo (RoleInfo.java:updateAndGet(139)) - s0: start s0@group-85A9A6583457-LeaderElection1
2022-08-10 08:55:06,073 [s0@group-85A9A6583457-LeaderElection1] INFO  impl.LeaderElection (LeaderElection.java:askForVotes(310)) - s0@group-85A9A6583457-LeaderElection1 PRE_VOTE round 0: submit vote requests at term 0 for -1: peers:[s0|rpc:localhost:36261|admin:localhost:42811|client:localhost:41329|dataStream:localhost:45267|priority:0|startupRole:FOLLOWER, s1|rpc:localhost:38265|admin:localhost:36803|client:localhost:43103|dataStream:localhost:34439|priority:0|startupRole:FOLLOWER, s2|rpc:localhost:34107|admin:localhost:34633|client:localhost:32783|dataStream:localhost:46369|priority:0|startupRole:FOLLOWER]|listeners:[], old=null
2022-08-10 08:55:06,090 [Thread-8] INFO  server.RaftServer$Division (RaftServerImpl.java:requestVote(1198)) - s1@group-85A9A6583457: receive requestVote(PRE_VOTE, s0, group-85A9A6583457, 0, (t:0, i:0))
2022-08-10 08:55:06,091 [Thread-8] INFO  impl.VoteContext (VoteContext.java:log(48)) - s1@group-85A9A6583457-FOLLOWER: accept PRE_VOTE from s0: our priority 0 <= candidate's priority 0
2022-08-10 08:55:06,091 [Thread-15] INFO  server.RaftServer$Division (RaftServerImpl.java:requestVote(1198)) - s2@group-85A9A6583457: receive requestVote(PRE_VOTE, s0, group-85A9A6583457, 0, (t:0, i:0))
2022-08-10 08:55:06,092 [Thread-15] INFO  impl.VoteContext (VoteContext.java:log(48)) - s2@group-85A9A6583457-FOLLOWER: accept PRE_VOTE from s0: our priority 0 <= candidate's priority 0
2022-08-10 08:55:06,097 [Thread-15] INFO  server.RaftServer$Division (RaftServerImpl.java:requestVote(1231)) - s2@group-85A9A6583457 replies to PRE_VOTE vote request: s0<-s2#0:OK-t0. Peer's state: s2@group-85A9A6583457:t0, leader=null, voted=, raftlog=Memoized:s2@group-85A9A6583457-SegmentedRaftLog:OPENED:c-1, conf=-1: peers:[s0|rpc:localhost:36261|admin:localhost:42811|client:localhost:41329|dataStream:localhost:45267|priority:0|startupRole:FOLLOWER, s1|rpc:localhost:38265|admin:localhost:36803|client:localhost:43103|dataStream:localhost:34439|priority:0|startupRole:FOLLOWER, s2|rpc:localhost:34107|admin:localhost:34633|client:localhost:32783|dataStream:localhost:46369|priority:0|startupRole:FOLLOWER]|listeners:[], old=null
2022-08-10 08:55:06,098 [Thread-8] INFO  server.RaftServer$Division (RaftServerImpl.java:requestVote(1231)) - s1@group-85A9A6583457 replies to PRE_VOTE vote request: s0<-s1#0:OK-t0. Peer's state: s1@group-85A9A6583457:t0, leader=null, voted=, raftlog=Memoized:s1@group-85A9A6583457-SegmentedRaftLog:OPENED:c-1, conf=-1: peers:[s0|rpc:localhost:36261|admin:localhost:42811|client:localhost:41329|dataStream:localhost:45267|priority:0|startupRole:FOLLOWER, s1|rpc:localhost:38265|admin:localhost:36803|client:localhost:43103|dataStream:localhost:34439|priority:0|startupRole:FOLLOWER, s2|rpc:localhost:34107|admin:localhost:34633|client:localhost:32783|dataStream:localhost:46369|priority:0|startupRole:FOLLOWER]|listeners:[], old=null
2022-08-10 08:55:06,098 [s0@group-85A9A6583457-LeaderElection1] INFO  impl.LeaderElection (LeaderElection.java:logAndReturn(90)) - s0@group-85A9A6583457-LeaderElection1: PRE_VOTE PASSED received 1 response(s) and 0 exception(s):
2022-08-10 08:55:06,099 [s0@group-85A9A6583457-LeaderElection1] INFO  impl.LeaderElection (LeaderElection.java:logAndReturn(94)) -   Response 0: s0<-s1#0:OK-t0
2022-08-10 08:55:06,099 [s0@group-85A9A6583457-LeaderElection1] INFO  impl.LeaderElection (LeaderElection.java:askForVotes(312)) - s0@group-85A9A6583457-LeaderElection1 PRE_VOTE round 0: result PASSED
2022-08-10 08:55:06,101 [s0@group-85A9A6583457-LeaderElection1] INFO  impl.LeaderElection (LeaderElection.java:askForVotes(310)) - s0@group-85A9A6583457-LeaderElection1 ELECTION round 0: submit vote requests at term 1 for -1: peers:[s0|rpc:localhost:36261|admin:localhost:42811|client:localhost:41329|dataStream:localhost:45267|priority:0|startupRole:FOLLOWER, s1|rpc:localhost:38265|admin:localhost:36803|client:localhost:43103|dataStream:localhost:34439|priority:0|startupRole:FOLLOWER, s2|rpc:localhost:34107|admin:localhost:34633|client:localhost:32783|dataStream:localhost:46369|priority:0|startupRole:FOLLOWER]|listeners:[], old=null
2022-08-10 08:55:06,102 [Thread-9] INFO  server.RaftServer$Division (RaftServerImpl.java:requestVote(1198)) - s1@group-85A9A6583457: receive requestVote(ELECTION, s0, group-85A9A6583457, 1, (t:0, i:0))
2022-08-10 08:55:06,102 [Thread-16] INFO  server.RaftServer$Division (RaftServerImpl.java:requestVote(1198)) - s2@group-85A9A6583457: receive requestVote(ELECTION, s0, group-85A9A6583457, 1, (t:0, i:0))
2022-08-10 08:55:06,102 [Thread-9] INFO  impl.VoteContext (VoteContext.java:log(48)) - s1@group-85A9A6583457-FOLLOWER: accept ELECTION from s0: our priority 0 <= candidate's priority 0
2022-08-10 08:55:06,102 [Thread-16] INFO  impl.VoteContext (VoteContext.java:log(48)) - s2@group-85A9A6583457-FOLLOWER: accept ELECTION from s0: our priority 0 <= candidate's priority 0
2022-08-10 08:55:06,103 [Thread-16] INFO  server.RaftServer$Division (RaftServerImpl.java:setRole(301)) - s2@group-85A9A6583457: changes role from  FOLLOWER to FOLLOWER at term 1 for candidate:s0
2022-08-10 08:55:06,103 [Thread-16] INFO  impl.RoleInfo (RoleInfo.java:shutdownFollowerState(110)) - s2: shutdown s2@group-85A9A6583457-FollowerState
2022-08-10 08:55:06,103 [Thread-16] INFO  impl.RoleInfo (RoleInfo.java:updateAndGet(139)) - s2: start s2@group-85A9A6583457-FollowerState
2022-08-10 08:55:06,103 [Thread-9] INFO  server.RaftServer$Division (RaftServerImpl.java:setRole(301)) - s1@group-85A9A6583457: changes role from  FOLLOWER to FOLLOWER at term 1 for candidate:s0
2022-08-10 08:55:06,104 [Thread-9] INFO  impl.RoleInfo (RoleInfo.java:shutdownFollowerState(110)) - s1: shutdown s1@group-85A9A6583457-FollowerState
2022-08-10 08:55:06,103 [s2@group-85A9A6583457-FollowerState] INFO  impl.FollowerState (FollowerState.java:run(152)) - s2@group-85A9A6583457-FollowerState was interrupted
2022-08-10 08:55:06,105 [Thread-9] INFO  impl.RoleInfo (RoleInfo.java:updateAndGet(139)) - s1: start s1@group-85A9A6583457-FollowerState
2022-08-10 08:55:06,105 [s1@group-85A9A6583457-FollowerState] INFO  impl.FollowerState (FollowerState.java:run(152)) - s1@group-85A9A6583457-FollowerState was interrupted
2022-08-10 08:55:06,106 [Thread-16] INFO  server.RaftServer$Division (RaftServerImpl.java:requestVote(1231)) - s2@group-85A9A6583457 replies to ELECTION vote request: s0<-s2#0:OK-t1. Peer's state: s2@group-85A9A6583457:t1, leader=null, voted=s0, raftlog=Memoized:s2@group-85A9A6583457-SegmentedRaftLog:OPENED:c-1, conf=-1: peers:[s0|rpc:localhost:36261|admin:localhost:42811|client:localhost:41329|dataStream:localhost:45267|priority:0|startupRole:FOLLOWER, s1|rpc:localhost:38265|admin:localhost:36803|client:localhost:43103|dataStream:localhost:34439|priority:0|startupRole:FOLLOWER, s2|rpc:localhost:34107|admin:localhost:34633|client:localhost:32783|dataStream:localhost:46369|priority:0|startupRole:FOLLOWER]|listeners:[], old=null
2022-08-10 08:55:06,106 [s0@group-85A9A6583457-LeaderElection1] INFO  impl.LeaderElection (LeaderElection.java:logAndReturn(90)) - s0@group-85A9A6583457-LeaderElection1: ELECTION PASSED received 1 response(s) and 0 exception(s):
2022-08-10 08:55:06,106 [s0@group-85A9A6583457-LeaderElection1] INFO  impl.LeaderElection (LeaderElection.java:logAndReturn(94)) -   Response 0: s0<-s2#0:OK-t1
2022-08-10 08:55:06,107 [s0@group-85A9A6583457-LeaderElection1] INFO  impl.LeaderElection (LeaderElection.java:askForVotes(312)) - s0@group-85A9A6583457-LeaderElection1 ELECTION round 0: result PASSED
2022-08-10 08:55:06,107 [s0@group-85A9A6583457-LeaderElection1] INFO  impl.RoleInfo (RoleInfo.java:shutdownLeaderElection(130)) - s0: shutdown s0@group-85A9A6583457-LeaderElection1
2022-08-10 08:55:06,107 [s0@group-85A9A6583457-LeaderElection1] INFO  server.RaftServer$Division (RaftServerImpl.java:setRole(301)) - s0@group-85A9A6583457: changes role from CANDIDATE to LEADER at term 1 for changeToLeader
2022-08-10 08:55:06,107 [s0@group-85A9A6583457-LeaderElection1] INFO  server.RaftServer$Division (ServerState.java:setLeader(313)) - s0@group-85A9A6583457: change Leader from null to s0 at term 1 for becomeLeader, leader elected after 367ms
2022-08-10 08:55:06,108 [Thread-9] INFO  server.RaftServer$Division (RaftServerImpl.java:requestVote(1231)) - s1@group-85A9A6583457 replies to ELECTION vote request: s0<-s1#0:OK-t1. Peer's state: s1@group-85A9A6583457:t1, leader=null, voted=s0, raftlog=Memoized:s1@group-85A9A6583457-SegmentedRaftLog:OPENED:c-1, conf=-1: peers:[s0|rpc:localhost:36261|admin:localhost:42811|client:localhost:41329|dataStream:localhost:45267|priority:0|startupRole:FOLLOWER, s1|rpc:localhost:38265|admin:localhost:36803|client:localhost:43103|dataStream:localhost:34439|priority:0|startupRole:FOLLOWER, s2|rpc:localhost:34107|admin:localhost:34633|client:localhost:32783|dataStream:localhost:46369|priority:0|startupRole:FOLLOWER]|listeners:[], old=null
2022-08-10 08:55:06,112 [s0@group-85A9A6583457-LeaderElection1] INFO  server.RaftServerConfigKeys (ConfUtils.java:logGet(46)) - raft.server.staging.catchup.gap = 1000 (default)
2022-08-10 08:55:06,117 [s0@group-85A9A6583457-LeaderElection1] INFO  server.RaftServerConfigKeys (ConfUtils.java:logGet(46)) - raft.server.write.element-limit = 4096 (default)
2022-08-10 08:55:06,118 [s0@group-85A9A6583457-LeaderElection1] INFO  server.RaftServerConfigKeys (ConfUtils.java:logGet(46)) - raft.server.write.byte-limit = 64MB (=67108864) (default)
2022-08-10 08:55:06,131 [s0@group-85A9A6583457-LeaderElection1] INFO  server.RaftServerConfigKeys (ConfUtils.java:logGet(46)) - raft.server.watch.timeout = 10s (default)
2022-08-10 08:55:06,131 [s0@group-85A9A6583457-LeaderElection1] INFO  server.RaftServerConfigKeys (ConfUtils.java:logGet(46)) - raft.server.watch.timeout.denomination = 1s (default)
2022-08-10 08:55:06,132 [s0@group-85A9A6583457-LeaderElection1] INFO  server.RaftServerConfigKeys (ConfUtils.java:logGet(46)) - raft.server.watch.element-limit = 65536 (default)
2022-08-10 08:55:06,136 [s0@group-85A9A6583457-LeaderElection1] INFO  server.RaftServerConfigKeys (ConfUtils.java:logGet(46)) - raft.server.write.element-limit = 4096 (default)
2022-08-10 08:55:06,140 [s0@group-85A9A6583457-LeaderElection1] INFO  server.RaftServerConfigKeys (ConfUtils.java:logGet(46)) - raft.server.write.follower.gap.ratio.max = -1.0 (default)
2022-08-10 08:55:06,146 [s0@group-85A9A6583457-LeaderElection1] INFO  server.RaftServerConfigKeys (ConfUtils.java:logGet(46)) - raft.server.log.appender.snapshot.chunk.size.max = 16MB (=16777216) (default)
2022-08-10 08:55:06,147 [s0@group-85A9A6583457-LeaderElection1] INFO  server.RaftServerConfigKeys (ConfUtils.java:logGet(46)) - raft.server.log.appender.buffer.byte-limit = 4MB (=4194304) (default)
2022-08-10 08:55:06,148 [s0@group-85A9A6583457-LeaderElection1] INFO  server.RaftServerConfigKeys (ConfUtils.java:logGet(46)) - raft.server.log.appender.buffer.element-limit = 0 (default)
2022-08-10 08:55:06,151 [s0@group-85A9A6583457-LeaderElection1] INFO  server.RaftServerConfigKeys (ConfUtils.java:logGet(46)) - raft.server.log.appender.snapshot.chunk.size.max = 16MB (=16777216) (default)
2022-08-10 08:55:06,153 [s0@group-85A9A6583457-LeaderElection1] INFO  server.RaftServerConfigKeys (ConfUtils.java:logGet(46)) - raft.server.log.appender.buffer.byte-limit = 4MB (=4194304) (default)
2022-08-10 08:55:06,153 [s0@group-85A9A6583457-LeaderElection1] INFO  server.RaftServerConfigKeys (ConfUtils.java:logGet(46)) - raft.server.log.appender.buffer.element-limit = 0 (default)
2022-08-10 08:55:06,155 [s0@group-85A9A6583457-LeaderElection1] INFO  impl.RoleInfo (RoleInfo.java:updateAndGet(139)) - s0: start s0@group-85A9A6583457-LeaderStateImpl
2022-08-10 08:55:06,165 [s0@group-85A9A6583457-LeaderElection1] INFO  segmented.SegmentedRaftLogWorker (SegmentedRaftLogWorker.java:startLogSegment(425)) - s0@group-85A9A6583457-SegmentedRaftLogWorker: Starting segment from index:0
2022-08-10 08:55:06,188 [s0@group-85A9A6583457-LeaderElection1] INFO  server.RaftServer$Division (ServerState.java:setRaftConf(429)) - s0@group-85A9A6583457: set configuration 0: peers:[s0|rpc:localhost:36261|admin:localhost:42811|client:localhost:41329|dataStream:localhost:45267|priority:0|startupRole:FOLLOWER, s1|rpc:localhost:38265|admin:localhost:36803|client:localhost:43103|dataStream:localhost:34439|priority:0|startupRole:FOLLOWER, s2|rpc:localhost:34107|admin:localhost:34633|client:localhost:32783|dataStream:localhost:46369|priority:0|startupRole:FOLLOWER]|listeners:[], old=null
2022-08-10 08:55:06,190 [Thread-10] INFO  server.RaftServer$Division (ServerState.java:setLeader(313)) - s1@group-85A9A6583457: change Leader from null to s0 at term 1 for appendEntries, leader elected after 450ms
2022-08-10 08:55:06,199 [Thread-17] INFO  server.RaftServer$Division (ServerState.java:setLeader(313)) - s2@group-85A9A6583457: change Leader from null to s0 at term 1 for appendEntries, leader elected after 459ms
2022-08-10 08:55:06,209 [Thread-15] INFO  server.RaftServer$Division (ServerState.java:setRaftConf(429)) - s2@group-85A9A6583457: set configuration 0: peers:[s0|rpc:localhost:36261|admin:localhost:42811|client:localhost:41329|dataStream:localhost:45267|priority:0|startupRole:FOLLOWER, s1|rpc:localhost:38265|admin:localhost:36803|client:localhost:43103|dataStream:localhost:34439|priority:0|startupRole:FOLLOWER, s2|rpc:localhost:34107|admin:localhost:34633|client:localhost:32783|dataStream:localhost:46369|priority:0|startupRole:FOLLOWER]|listeners:[], old=null
2022-08-10 08:55:06,210 [Thread-15] INFO  segmented.SegmentedRaftLogWorker (SegmentedRaftLogWorker.java:startLogSegment(425)) - s2@group-85A9A6583457-SegmentedRaftLogWorker: Starting segment from index:0
2022-08-10 08:55:06,211 [Thread-8] INFO  server.RaftServer$Division (ServerState.java:setRaftConf(429)) - s1@group-85A9A6583457: set configuration 0: peers:[s0|rpc:localhost:36261|admin:localhost:42811|client:localhost:41329|dataStream:localhost:45267|priority:0|startupRole:FOLLOWER, s1|rpc:localhost:38265|admin:localhost:36803|client:localhost:43103|dataStream:localhost:34439|priority:0|startupRole:FOLLOWER, s2|rpc:localhost:34107|admin:localhost:34633|client:localhost:32783|dataStream:localhost:46369|priority:0|startupRole:FOLLOWER]|listeners:[], old=null
2022-08-10 08:55:06,211 [Thread-8] INFO  segmented.SegmentedRaftLogWorker (SegmentedRaftLogWorker.java:startLogSegment(425)) - s1@group-85A9A6583457-SegmentedRaftLogWorker: Starting segment from index:0
2022-08-10 08:55:06,278 [s0@group-85A9A6583457-SegmentedRaftLogWorker] INFO  segmented.SegmentedRaftLogWorker (SegmentedRaftLogWorker.java:execute(629)) - s0@group-85A9A6583457-SegmentedRaftLogWorker: created new log segment /home/runner/work/ratis/ratis/ratis-test/target/test/data/fa9aa11c/MiniRaftClusterWithSimulatedRpc1c1acee4/s0/c1997139-21b8-4fa8-a287-85a9a6583457/current/log_inprogress_0
2022-08-10 08:55:06,278 [s1@group-85A9A6583457-SegmentedRaftLogWorker] INFO  segmented.SegmentedRaftLogWorker (SegmentedRaftLogWorker.java:execute(629)) - s1@group-85A9A6583457-SegmentedRaftLogWorker: created new log segment /home/runner/work/ratis/ratis/ratis-test/target/test/data/fa9aa11c/MiniRaftClusterWithSimulatedRpc1c1acee4/s1/c1997139-21b8-4fa8-a287-85a9a6583457/current/log_inprogress_0
2022-08-10 08:55:06,278 [s2@group-85A9A6583457-SegmentedRaftLogWorker] INFO  segmented.SegmentedRaftLogWorker (SegmentedRaftLogWorker.java:execute(629)) - s2@group-85A9A6583457-SegmentedRaftLogWorker: created new log segment /home/runner/work/ratis/ratis/ratis-test/target/test/data/fa9aa11c/MiniRaftClusterWithSimulatedRpc1c1acee4/s2/c1997139-21b8-4fa8-a287-85a9a6583457/current/log_inprogress_0
2022-08-10 08:55:06,389 [Time-limited test] INFO  impl.MiniRaftCluster (MiniRaftCluster.java:shutdown(827)) - ************************************************************** 
2022-08-10 08:55:06,389 [Time-limited test] INFO  impl.MiniRaftCluster (MiniRaftCluster.java:shutdown(828)) - *** 
2022-08-10 08:55:06,389 [Time-limited test] INFO  impl.MiniRaftCluster (MiniRaftCluster.java:shutdown(829)) - ***     Stopping MiniRaftClusterWithSimulatedRpc
2022-08-10 08:55:06,389 [Time-limited test] INFO  impl.MiniRaftCluster (MiniRaftCluster.java:shutdown(830)) - *** 
2022-08-10 08:55:06,389 [Time-limited test] INFO  impl.MiniRaftCluster (MiniRaftCluster.java:shutdown(831)) - ************************************************************** 
2022-08-10 08:55:06,390 [Time-limited test] INFO  impl.MiniRaftCluster (MiniRaftCluster.java:shutdown(832)) - printing ALL groups
  s0:  RUNNING    LEADER s0@group-85A9A6583457:t1, leader=s0, voted=s0, raftlog=Memoized:s0@group-85A9A6583457-SegmentedRaftLog:OPENED:c4, conf=0: peers:[s0|rpc:localhost:36261|admin:localhost:42811|client:localhost:41329|dataStream:localhost:45267|priority:0|startupRole:FOLLOWER, s1|rpc:localhost:38265|admin:localhost:36803|client:localhost:43103|dataStream:localhost:34439|priority:0|startupRole:FOLLOWER, s2|rpc:localhost:34107|admin:localhost:34633|client:localhost:32783|dataStream:localhost:46369|priority:0|startupRole:FOLLOWER]|listeners:[], old=null RUNNING
  s1:  RUNNING  FOLLOWER s1@group-85A9A6583457:t1, leader=s0, voted=s0, raftlog=Memoized:s1@group-85A9A6583457-SegmentedRaftLog:OPENED:c3, conf=0: peers:[s0|rpc:localhost:36261|admin:localhost:42811|client:localhost:41329|dataStream:localhost:45267|priority:0|startupRole:FOLLOWER, s1|rpc:localhost:38265|admin:localhost:36803|client:localhost:43103|dataStream:localhost:34439|priority:0|startupRole:FOLLOWER, s2|rpc:localhost:34107|admin:localhost:34633|client:localhost:32783|dataStream:localhost:46369|priority:0|startupRole:FOLLOWER]|listeners:[], old=null RUNNING
  s2:  RUNNING  FOLLOWER s2@group-85A9A6583457:t1, leader=s0, voted=s0, raftlog=Memoized:s2@group-85A9A6583457-SegmentedRaftLog:OPENED:c3, conf=0: peers:[s0|rpc:localhost:36261|admin:localhost:42811|client:localhost:41329|dataStream:localhost:45267|priority:0|startupRole:FOLLOWER, s1|rpc:localhost:38265|admin:localhost:36803|client:localhost:43103|dataStream:localhost:34439|priority:0|startupRole:FOLLOWER, s2|rpc:localhost:34107|admin:localhost:34633|client:localhost:32783|dataStream:localhost:46369|priority:0|startupRole:FOLLOWER]|listeners:[], old=null RUNNING
2022-08-10 08:55:06,399 [java.util.concurrent.ThreadPoolExecutor$Worker@3790bcd0[State = -1, empty queue]] INFO  server.RaftServer (RaftServerProxy.java:lambda$close$6(403)) - s1: close
2022-08-10 08:55:06,400 [java.util.concurrent.ThreadPoolExecutor$Worker@4876eccd[State = -1, empty queue]] INFO  server.RaftServer (RaftServerProxy.java:lambda$close$6(403)) - s2: close
2022-08-10 08:55:06,400 [Thread-13] INFO  simulation.RequestHandler (RequestHandler.java:run(126)) - s1.clientHandler2 is interrupted by java.io.InterruptedIOException: 
2022-08-10 08:55:06,400 [Thread-18] INFO  simulation.RequestHandler (RequestHandler.java:run(126)) - s2.clientHandler0 is interrupted by java.io.InterruptedIOException: 
2022-08-10 08:55:06,400 [Thread-12] INFO  simulation.RequestHandler (RequestHandler.java:run(126)) - s1.clientHandler1 is interrupted by java.io.InterruptedIOException: 
2022-08-10 08:55:06,400 [Thread-11] INFO  simulation.RequestHandler (RequestHandler.java:run(126)) - s1.clientHandler0 is interrupted by java.io.InterruptedIOException: 
2022-08-10 08:55:06,401 [Thread-19] INFO  simulation.RequestHandler (RequestHandler.java:run(126)) - s2.clientHandler1 is interrupted by java.io.InterruptedIOException: 
2022-08-10 08:55:06,400 [java.util.concurrent.ThreadPoolExecutor$Worker@1bba36ea[State = -1, empty queue]] INFO  server.RaftServer (RaftServerProxy.java:lambda$close$6(403)) - s0: close
2022-08-10 08:55:06,400 [s1-impl-thread1] INFO  server.RaftServer$Division (RaftServerImpl.java:lambda$close$4(438)) - s1@group-85A9A6583457: shutdown
2022-08-10 08:55:06,401 [Thread-10] INFO  simulation.RequestHandler (RequestHandler.java:run(126)) - s1.serverHandler2 is interrupted by java.io.InterruptedIOException: 
2022-08-10 08:55:06,401 [s1-impl-thread1] INFO  util.JmxRegister (JmxRegister.java:unregister(73)) - Successfully un-registered JMX Bean with object name Ratis:service=RaftServer,group=group-85A9A6583457,id=s1
2022-08-10 08:55:06,401 [Thread-8] INFO  simulation.RequestHandler (RequestHandler.java:run(126)) - s1.serverHandler0 is interrupted by java.io.InterruptedIOException: 
2022-08-10 08:55:06,400 [s2-impl-thread1] INFO  server.RaftServer$Division (RaftServerImpl.java:lambda$close$4(438)) - s2@group-85A9A6583457: shutdown
2022-08-10 08:55:06,401 [s0-impl-thread1] INFO  server.RaftServer$Division (RaftServerImpl.java:lambda$close$4(438)) - s0@group-85A9A6583457: shutdown
2022-08-10 08:55:06,401 [Thread-20] INFO  simulation.RequestHandler (RequestHandler.java:run(126)) - s2.clientHandler2 is interrupted by java.io.InterruptedIOException: 
2022-08-10 08:55:06,401 [s1-impl-thread1] INFO  impl.RoleInfo (RoleInfo.java:shutdownFollowerState(110)) - s1: shutdown s1@group-85A9A6583457-FollowerState
2022-08-10 08:55:06,401 [Thread-9] INFO  simulation.RequestHandler (RequestHandler.java:run(126)) - s1.serverHandler1 is interrupted by java.io.InterruptedIOException: 
2022-08-10 08:55:06,401 [s0-impl-thread1] INFO  util.JmxRegister (JmxRegister.java:unregister(73)) - Successfully un-registered JMX Bean with object name Ratis:service=RaftServer,group=group-85A9A6583457,id=s0
2022-08-10 08:55:06,402 [s0-impl-thread1] INFO  impl.RoleInfo (RoleInfo.java:shutdownLeaderState(93)) - s0: shutdown s0@group-85A9A6583457-LeaderStateImpl
2022-08-10 08:55:06,401 [s2-impl-thread1] INFO  util.JmxRegister (JmxRegister.java:unregister(73)) - Successfully un-registered JMX Bean with object name Ratis:service=RaftServer,group=group-85A9A6583457,id=s2
2022-08-10 08:55:06,403 [s2-impl-thread1] INFO  impl.RoleInfo (RoleInfo.java:shutdownFollowerState(110)) - s2: shutdown s2@group-85A9A6583457-FollowerState
2022-08-10 08:55:06,403 [Thread-15] INFO  simulation.RequestHandler (RequestHandler.java:run(126)) - s2.serverHandler0 is interrupted by java.io.InterruptedIOException: 
2022-08-10 08:55:06,403 [Thread-17] INFO  simulation.RequestHandler (RequestHandler.java:run(126)) - s2.serverHandler2 is interrupted by java.io.InterruptedIOException: 
2022-08-10 08:55:06,403 [Thread-16] INFO  simulation.RequestHandler (RequestHandler.java:run(126)) - s2.serverHandler1 is interrupted by java.io.InterruptedIOException: 
2022-08-10 08:55:06,403 [s2-impl-thread1] INFO  impl.StateMachineUpdater (StateMachineUpdater.java:stopAndJoin(153)) - s2@group-85A9A6583457-StateMachineUpdater: set stopIndex = 3
2022-08-10 08:55:06,403 [s2@group-85A9A6583457-FollowerState] INFO  impl.FollowerState (FollowerState.java:run(152)) - s2@group-85A9A6583457-FollowerState was interrupted
2022-08-10 08:55:06,404 [org.apache.ratis.util.JvmPauseMonitor$$Lambda$290/1471293207@2093052b] INFO  util.JvmPauseMonitor (JvmPauseMonitor.java:run(109)) - JvmPauseMonitor-s2: Stopped
2022-08-10 08:55:06,404 [org.apache.ratis.util.JvmPauseMonitor$$Lambda$290/1471293207@311ee512] INFO  util.JvmPauseMonitor (JvmPauseMonitor.java:run(109)) - JvmPauseMonitor-s1: Stopped
2022-08-10 08:55:06,404 [s0@group-85A9A6583457->s1-LogAppenderDefault-LogAppenderDaemon] INFO  leader.LogAppenderDaemon (LogAppenderDaemon.java:run(82)) - s0@group-85A9A6583457->s1-LogAppenderDefault-LogAppenderDaemon was interrupted: java.lang.InterruptedException
2022-08-10 08:55:06,404 [s0-impl-thread1] INFO  impl.PendingRequests (PendingRequests.java:sendNotLeaderResponses(282)) - s0@group-85A9A6583457-PendingRequests: sendNotLeaderResponses
2022-08-10 08:55:06,405 [s1-impl-thread1] INFO  impl.StateMachineUpdater (StateMachineUpdater.java:stopAndJoin(153)) - s1@group-85A9A6583457-StateMachineUpdater: set stopIndex = 3
2022-08-10 08:55:06,405 [s1@group-85A9A6583457-FollowerState] INFO  impl.FollowerState (FollowerState.java:run(152)) - s1@group-85A9A6583457-FollowerState was interrupted
8/10/22 8:55:06 AM =============================================================

-- Gauges ----------------------------------------------------------------------
ratis.log_appender.s0@group-85A9A6583457.follower_s1_match_index
2022-08-10 08:55:06,406 [s0@group-85A9A6583457->s2-LogAppenderDefault-LogAppenderDaemon] INFO  leader.LogAppenderDaemon (LogAppenderDaemon.java:run(82)) - s0@group-85A9A6583457->s2-LogAppenderDefault-LogAppenderDaemon was interrupted: java.lang.InterruptedException
             value = 4
8/10/22 8:55:06 AM ============================================ratis.log_appender.s0@group-85A9A6583457.follower_s1_next_index
===2022-08-10 08:55:06,407 [Thread-4] INFO  simulation.RequestHandler (RequestHandler.java:run(126)) - s0.clientHandler0 is interrupted by java.io.InterruptedIOException: 
==============

-- Gauges --------------------             value = 5
--------------------------------------------------
ratis.state_machine.s1@group-85A9A6583457.appliedIndex
             value = 3
ratis.state_machine.s1@group-85A9A6583457.applyCompletedIndex
             value = 3


ratis.log_appender.s0@group-85A9A6583457.follower_s1_rpc_response_time
             value = 222022-08-10 08:55:06,408 [s1-impl-thread1] INFO  server.RaftServer$Division (ServerState.java:close(465)) - s1@group-85A9A6583457: closes. applyIndex: 3
2022-08-10 08:55:06,408 [Thread-5] INFO  simulation.RequestHandler (RequestHandler.java:run(126)) - s0.clientHandler1 is interrupted by java.io.InterruptedIOException: 

ratis.log_appender.s0@group-85A9A6583457.follower_s2_match_index
             value = 4
ratis.log_appender.s0@group-85A9A6583457.follower_s2_next_index
             value = 5
ratis.log_appender.s0@group-85A9A6583457.follower_s2_rpc_response_time
             value = 23


2022-08-10 08:55:06,409 [Thread-6] INFO  simulation.RequestHandler (RequestHandler.java:run(126)) - s0.clientHandler2 is interrupted by java.io.InterruptedIOException: 
2022-08-10 08:55:06,409 [Thread-1] INFO  simulation.RequestHandler (RequestHandler.java:run(126)) - s0.serverHandler0 is interrupted by java.io.InterruptedIOException: 
2022-08-10 08:55:06,409 [Thread-2] INFO  simulation.RequestHandler (RequestHandler.java:run(126)) - s0.serverHandler1 is interrupted by java.io.InterruptedIOException: 
2022-08-10 08:55:06,409 [Thread-3] INFO  simulation.RequestHandler (RequestHandler.java:run(126)) - s0.serverHandler2 is interrupted by java.io.InterruptedIOException: 
2022-08-10 08:55:06,414 [org.apache.ratis.util.JvmPauseMonitor$$Lambda$290/1471293207@4ecbfae0] INFO  util.JvmPauseMonitor (JvmPauseMonitor.java:run(109)) - JvmPauseMonitor-s0: Stopped
8/10/22 8:55:06 AM =============================================================

-- Gauges ----------------------------------------------------------------------
ratis.state_machine.s2@group-85A9A6583457.appliedIndex
             value = 3
ratis.state_machine.s2@group-85A9A6583457.applyCompletedIndex
             value = 3


2022-08-10 08:55:06,416 [s1@group-85A9A6583457-SegmentedRaftLogWorker] INFO  segmented.SegmentedRaftLogWorker (SegmentedRaftLogWorker.java:run(336)) - s1@group-85A9A6583457-SegmentedRaftLogWorker was interrupted, exiting. There are 0 tasks remaining in the queue.
2022-08-10 08:55:06,416 [s2-impl-thread1] INFO  server.RaftServer$Division (ServerState.java:close(465)) - s2@group-85A9A6583457: closes. applyIndex: 3
8/10/22 8:55:06 AM ===========2022-08-10 08:55:06,416 [s2@group-85A9A6583457-SegmentedRaftLogWorker] INFO  segmented.SegmentedRaftLogWorker (SegmentedRaftLogWorker.java:run(336)) - s2@group-85A9A6583457-SegmentedRaftLogWorker was interrupted, exiting. There are 0 tasks remaining in the queue.
==================================================

-- Gauges ----------------------------------------------------------------------
ratis.server.s0@group-85A9A6583457.numPendingRequestInQueue
             value = 4096
ratis.server.s0@group-85A9A6583457.numPendingRequestMegaByteSize
             value = 64
ratis.server.s0@group-85A9A6583457.retryCacheEntryCount
2022-08-10 08:55:06,417 [s2-impl-thread1] INFO  segmented.SegmentedRaftLogWorker (SegmentedRaftLogWorker.java:close(246)) - s2@group-85A9A6583457-SegmentedRaftLogWorker close()
8/10/22 8:55:06 AM =============================================================

-- Gauges --------             value = 2
ratis.server.s0@group-85A9A6583457.retryCacheHitCount
-----------------------------------------------             value = 2
ratis.server.s0@group-85A9A6583457.retryCacheHitRate
2022-08-10 08:55:06,419 [s1-impl-thread1] INFO  segmented.SegmentedRaftLogWorker (SegmentedRaftLogWorker.java:close(246)) - s1@group-85A9A6583457-SegmentedRaftLogWorker close()
---------------
ratis.log_worker.s2@group-85A9A6583457.closedSegmentsNum
             value = 0
ratis.log_worker.s2@group-85A9A6583457.closedSegmentsSizeInBytes
             value = 0.3333333333333333
ratis.server.s0@group-85A9A6583457.retryCacheMissCount
             value = 0
ratis.log_worker.s2@group-85A9A6583457.dataQueueSize
             value = 0
ratis.log_worker.s2@group-85A9A6583457.openSegmentSizeInBytes
             value = 0
ratis.log_worker.s2@group-85A9A6583457.syncBatchSize
             value = 1
ratis.log_worker.s2@group-85A9A6583457.workerQueueSize
             value = 0

-- Counters --------------------------------------------------------------------
ratis.log_worker.s2@group-85A9A6583457.appendEntryCount
             count = 5
ratis.log_worker.s2@group-85A9A6583457.cacheHitCount
             count = 4
ratis.log_worker.s2@group-85A9A6583457.flushCount
             count = 5

-- Timers ----------------------------------------------------------------------
ratis.log_worker.s2@group-85A9A6583457.appendEntryLatency
             count = 5
             value = 4
ratis.server.s0@group-85A9A6583457.retryCacheMissRate
             value = 0.6666666666666666
ratis.server.s0@group-85A9A6583457.s0_peerCommitIndex
8/10/22 8:55:06 AM =============================================================

-- Gauges ----------------------------------------------------------------------
ratis.log_worker.s1@group-85A9A6583457.closedSegmentsNum
             value = 0
ratis.log_worker.s1@group-85A9A6583457.closedSegmentsSizeInBytes
             value = 0
ratis.log_worker.s1@group-85A9A6583457.dataQueueSize
             value = 0
ratis.log_worker.s1@group-85A9A6583457.openSegmentSizeInBytes
             value = 0
ratis.log_worker.s1@group-85A9A6583457.syncBatchSize
             value = 1
ratis.log_worker.s1@group-85A9A6583457.workerQueueSize
             value = 0

-- Counters --------------------------------------------------------------------
ratis.log_worker.s1@group-85A9A6583457.appendEntryCount
             count = 5
ratis.log_worker.s1@group-85A9A6583457.cacheHitCount
             count = 4
ratis.log_worker.s1@group-85A9A6583457.flushCount
             count = 4

-- Timers ----------------------------------------------------------------------
ratis.log_worker.s1@group-85A9A6583457.appendEntryLatency
             count = 5
         mean rate = 23.44 calls/second
     1-minute rate = 0.00 calls/second
     5-minute rate = 0.00 calls/second
    15-minute rate = 0.00 calls/second
               min = 0.08 milliseconds
               max = 0.23 milliseconds
              mean = 0.12 milliseconds
            stddev = 0.05 milliseconds
            median = 0.09 milliseconds
              75% <= 0.12 milliseconds
              95% <= 0.23 milliseconds
              98% <= 0.23 milliseconds
              99% <= 0.23 milliseconds
            99.9% <= 0.23 milliseconds
ratis.log_worker.s1@group-85A9A6583457.enqueuedTime
             count = 6
         mean rate = 10.64 calls/second
     1-minute rate = 0.00 calls/second
     5-minute rate = 0.00 calls/second
    15-minute rate = 0.00 calls/second
               min = 0.19 milliseconds
               max = 67.15 milliseconds
              mean = 13.18 milliseconds
            stddev = 24.39 milliseconds
            median = 0.59 milliseconds
              75% <= 10.11 milliseconds
              95% <= 67.15 milliseconds
              98% <= 67.15 milliseconds
              99% <= 67.15 milliseconds
            99.9% <= 67.15 milliseconds
ratis.log_worker.s1@group-85A9A6583457.flushTime
             count = 4
         mean rate = 7.08 calls/second
     1-minute rate = 0.00 calls/second
     5-minute rate = 0.00 calls/second
    15-minute rate = 0.00 calls/second
             value =          mean rate = 23.58 calls/second
               min = 0.34 milliseconds
     1-minute rate = 0.00 calls/second
               max = 0.82 milliseconds
              mean = 0.59 milliseconds
     5-minute rate = 0.00 calls/second
            stddev = 0.20 milliseconds
            median = 0.75 milliseconds
    15-minute rate = 0.00 calls/second
              75% <= 0.82 milliseconds
              95% <= 0.82 milliseconds
              98% <= 0.82 milliseconds
              99% <= 0.82 milliseconds
               min = 0.08 milliseconds
            99.9% <= 0.82 milliseconds
ratis.log_worker.s1@group-85A9A6583457.queueingDelay
             count = 6
               max = 0.32 milliseconds
         mean rate = 10.59 calls/second
     1-minute rate = 0.00 calls/second
              mean = 0.15 milliseconds
     5-minute rate = 0.00 calls/second
    15-minute rate = 0.00 calls/second
            stddev = 0.09 milliseconds
            median = 0.11 milliseconds
              75% <= 0.13 milliseconds
              95% <= 0.32 milliseconds
              98% <= 0.32 milliseconds
              99% <= 0.32 milliseconds
            99.9% <= 0.32 milliseconds
ratis.log_worker.s2@group-85A9A6583457.enqueuedTime
             count = 6
         mean rate = 10.83 calls/second
     1-minute rate = 0.00 calls/second
     5-minute rate = 0.00 calls/second
    15-minute rate = 0.00 calls/second
               min = 0.01 milliseconds
               max = 68.69 milliseconds
              mean = 11.51 milliseconds
            stddev = 25.57 milliseconds
            median = 0.10 milliseconds
              75% <= 0.12 milliseconds
              95% <= 68.69 milliseconds
              98% <= 68.69 milliseconds
              99% <= 68.69 milliseconds
            99.9% <= 68.69 milliseconds
ratis.log_worker.s2@group-85A9A6583457.flushTime
             count = 5
         mean rate = 9.01 calls/second
     1-minute rate = 0.00 calls/second
4
ratis.server.s0@group-85A9A6583457.s1_lastHeartbeatElapsedTime
             value = 1888428
ratis.server.s0@group-85A9A6583457.s1_peerCommitIndex
             value = 1
ratis.server.s0@group-85A9A6583457.s2_lastHeartbeatElapsedTime
             value = 2711539
ratis.server.s0@group-85A9A6583457.s2_peerCommitIndex
             value = 1

-- Timers ----------------------------------------------------------------------
ratis.server.s0@group-85A9A6583457.clientWriteRequest
             count = 2
         mean rate = 3.86 calls/second
     1-minute rate = 0.00 calls/second
     5-minute rate = 0.00 calls/second
    15-minute rate = 0.00 calls/second
               min = 0.00 milliseconds
               max = 0.16 milliseconds
              mean = 0.08 milliseconds
            stddev = 0.08 milliseconds
            median = 0.16 milliseconds
              75% <= 0.16 milliseconds
              95% <= 0.16 milliseconds
              98% <= 0.16 milliseconds
              99% <= 0.16 milliseconds
            99.9% <= 0.16 milliseconds


8/10/22 8:55:06 AM =============================================================

-- Gauges ----------------------------------------------------------------------
ratis.state_machine.s0@group-85A9A6583457.appliedIndex
             value = 4
ratis.state_machine.s0@group-85A9A6583457.applyCompletedIndex
             value = 4


2022-08-10 08:55:06,435 [s0-impl-thread1] INFO  impl.StateMachineUpdater (StateMachineUpdater.java:stopAndJoin(153)) - s0@group-85A9A6583457-StateMachineUpdater: set stopIndex = 4
2022-08-10 08:55:06,435 [s0-impl-thread1] INFO  server.RaftServer$Division (ServerState.java:close(465)) - s0@group-85A9A6583457: closes. applyIndex: 4
     5-minute rate = 0.00 calls/second
2022-08-10 08:55:06,435 [s0@group-85A9A6583457-SegmentedRaftLogWorker] INFO  segmented.SegmentedRaftLogWorker (SegmentedRaftLogWorker.java:run(336)) - s0@group-85A9A6583457-SegmentedRaftLogWorker was interrupted, exiting. There are 0 tasks remaining in the queue.
2022-08-10 08:55:06,436 [s0-impl-thread1] INFO  segmented.SegmentedRaftLogWorker (SegmentedRaftLogWorker.java:close(246)) - s0@group-85A9A6583457-SegmentedRaftLogWorker close()
8/10/22 8:55:06 AM =============================================================

-- Gauges ----------------------------------------------------------------------
ratis.log_worker.s0@group-85A9A6583457.closedSegmentsNum
             value = 0
ratis.log_worker.s0@group-85A9A6583457.closedSegmentsSizeInBytes
             value = 0
ratis.log_worker.s0@group-85A9A6583457.dataQueueSize
             value = 0
ratis.log_worker.s0@group-85A9A6583457.openSegmentSizeInBytes
             value = 0
ratis.log_worker.s0@group-85A9A6583457.syncBatchSize
             value = 1
ratis.log_worker.s0@group-85A9A6583457.workerQueueSize
             value = 0

-- Counters --------------------------------------------------------------------
ratis.log_worker.s0@group-85A9A6583457.appendEntryCount
             count = 5
ratis.log_worker.s0@group-85A9A6583457.cacheHitCount
             count = 17
ratis.log_worker.s0@group-85A9A6583457.configLogEntryCount
             count = 1
ratis.log_worker.s0@group-85A9A6583457.flushCount
             count = 5
ratis.log_worker.s0@group-85A9A6583457.metadataLogEntryCount
             count = 2
ratis.log_worker.s0@group-85A9A6583457.stateMachineLogEntryCount
             count = 2

-- Timers ----------------------------------------------------------------------               min = 0.01 milliseconds
               max = 0.02 milliseconds
              mean = 0.02 milliseconds
            stddev = 0.00 milliseconds
            median = 0.02 milliseconds
              75% <= 0.02 milliseconds
              95% <= 0.02 milliseconds
              98% <= 0.02 milliseconds
              99% <= 0.02 milliseconds
            99.9% <= 0.02 milliseconds
ratis.log_worker.s1@group-85A9A6583457.startlogsegmentExecutionTime
             count = 1
         mean rate = 4.30 calls/second
     1-minute rate = 0.00 calls/second
     5-minute rate = 0.00 calls/second
    15-minute rate = 0.00 calls/second
               min = 66.56 milliseconds
               max = 66.56 milliseconds
              mean = 66.56 milliseconds
            stddev = 0.00 milliseconds
            median = 66.56 milliseconds
              75% <= 66.56 milliseconds
              95% <= 66.56 milliseconds
    15-minute rate = 0.00 calls/second
               min = 0.14 milliseconds
               max = 0.66 milliseconds
              mean = 0.37 milliseconds
            stddev = 0.17 milliseconds
            median = 0.33 milliseconds
              75% <= 0.42 milliseconds
              95% <= 0.66 milliseconds
              98% <= 0.66 milliseconds
              99% <= 0.66 milliseconds
            99.9% <= 0.66 milliseconds
ratis.log_worker.s2@group-85A9A6583457.queueingDelay
             count = 6
         mean rate = 10.55 calls/second
     1-minute rate = 0.00 calls/second
     5-minute rate = 0.00 calls/second
    15-minute rate = 0.00 calls/second
               min = 0.01 milliseconds
               max = 0.03 milliseconds
              mean = 0.02 milliseconds
            stddev = 0.01 milliseconds
            median = 0.02 milliseconds
              75% <= 0.03 milliseconds
              95% <= 0.03 milliseconds
              98% <= 0.03 milliseconds
              99% <= 0.03 milliseconds
            99.9% <= 0.03 milliseconds
ratis.log_worker.s2@group-85A9A6583457.startlogsegmentExecutionTime
             count = 1
         mean rate = 4.24 calls/second
     1-minute rate = 0.00 calls/second
     5-minute rate = 0.00 calls/second
    15-minute rate = 0.00 calls/second
               min = 68.43 milliseconds
               max = 68.43 milliseconds
              mean = 68.43 milliseconds
            stddev = 0.00 milliseconds
            median = 68.43 milliseconds
              75% <= 68.43 milliseconds
              95% <= 68.43 milliseconds
              98% <= 68.43 milliseconds
              99% <= 68.43 milliseconds
            99.9% <= 68.43 milliseconds
ratis.log_worker.s2@group-85A9A6583457.syncTime
             count = 5
         mean rate = 8.76 calls/second
     1-minute rate = 0.00 calls/second
     5-minute rate = 0.00 calls/second
    15-minute rate = 0.00 calls/second
               min = 0.12 milliseconds
               max = 0.40 milliseconds
              mean = 0.31 milliseconds
            stddev = 0.10 milliseconds
            median = 0.30 milliseconds
              75% <= 0.40 milliseconds
              95% <= 0.40 milliseconds
              98% <= 0.40 milliseconds
              99% <= 0.40 milliseconds
            99.9% <= 0.40 milliseconds
ratis.log_worker.s2@group-85A9A6583457.writelogExecutionTime
             count = 5
         mean rate = 29.63 calls/second
     1-minute rate = 0.00 calls/second
     5-minute rate = 0.00 calls/second
    15-minute rate = 0.00 calls/second
               min = 0.21 milliseconds
               max = 2.31 milliseconds
              mean = 0.76 milliseconds
            stddev = 0.78 milliseconds
            median = 0.42 milliseconds
              75% <= 0.50 milliseconds
              95% <= 2.31 milliseconds
              98% <= 2.31 milliseconds
              99% <= 2.31 milliseconds
            99.9% <= 2.31 milliseconds
              98% <= 66.56 milliseconds
              99% <= 66.56 milliseconds
            99.9% <= 66.56 milliseconds
ratis.log_worker.s1@group-85A9A6583457.syncTime
             count = 4
         mean rate = 6.83 calls/second
     1-minute rate = 0.00 calls/second
     5-minute rate = 0.00 calls/second
    15-minute rate = 0.00 calls/second
               min = 0.31 milliseconds
               max = 0.79 milliseconds
              mean = 0.57 milliseconds
            stddev = 0.20 milliseconds
            median = 0.73 milliseconds
              75% <= 0.79 milliseconds
              95% <= 0.79 milliseconds
              98% <= 0.79 milliseconds
              99% <= 0.79 milliseconds
            99.9% <= 0.79 milliseconds
ratis.log_worker.s1@group-85A9A6583457.writelogExecutionTime
             count = 5
         mean rate = 29.24 calls/second
     1-minute rate = 0.00 calls/second
     5-minute rate = 0.00 calls/second
    15-minute rate = 0.00 calls/second
               min = 0.04 milliseconds
               max = 3.31 milliseconds
              mean = 1.21 milliseconds
            stddev = 1.15 milliseconds
            median = 0.81 milliseconds
              75% <= 1.46 milliseconds
              95% <= 3.31 milliseconds
              98% <= 3.31 milliseconds
              99% <= 3.31 milliseconds

ratis.log_worker.s0@group-85A9A6583457.appendEntryLatency
             count = 5
         mean rate = 17.40 calls/second
     1-minute rate = 0.00 calls/second
     5-minute rate = 0.00 calls/second


            99.9% <= 3.31 milliseconds
8/10/22 8:55:06 AM =============================================================

-- Gauges ----------------------------------------------------------------------
ratis.leader_election.s2@group-85A9A6583457.lastLeaderElapsedTime
             value = 0
ratis.leader_election.s2@group-85A9A6583457.lastLeaderElectionElapsedTime
    15-minute rate = 0.00 calls/second
               min = 0.11 milliseconds
               max = 17.37 milliseconds
              mean = 3.60 milliseconds
            stddev = 6.89 milliseconds
            median = 0.15 milliseconds
              75% <= 0.23 milliseconds
              95% <= 17.37 milliseconds
              98% <= 17.37 milliseconds
              99% <= 17.37 milliseconds
            99.9% <= 17.37 milliseconds
ratis.log_worker.s0@group-85A9A6583457.enqueuedTime
             count = 5
         mean rate = 8.02 calls/second
     1-minute rate = 0.00 calls/second
     5-minute rate = 0.00 calls/second
    15-minute rate = 0.00 calls/second
               min = 0.21 milliseconds
               max = 98.59 milliseconds
              mean = 21.98 milliseconds
            stddev = 38.38 milliseconds
            median = 3.75 milliseconds
              75% <= 6.69 milliseconds


8/10/22 8:55:06 AM =============================================================

-- Gauges ----------------------------------------------------------------------
              95% <= 98.59 milliseconds
             value = -1


              98% <= 98.59 milliseconds
              99% <= 98.59 milliseconds
            99.9% <= 98.59 milliseconds
ratis.log_worker.s0@group-85A9A6583457.flushTime
8/10/22 8:55:06 AM =============================================================

-- Gauges ----------------------------------------------------------------------
ratis.server.s2@group-85A9A6583457.retryCacheEntryCount
             value = 2
ratis.server.s2@group-85A9A6583457.retryCacheHitCount
             value = 0
ratis.server.s2@group-85A9A6583457.retryCacheHitRate
             value = 0.0
ratis.server.s2@group-85A9A6583457.retryCacheMissCount
             value = 2
ratis.server.s2@group-85A9A6583457.retryCacheMissRate
             value = 1.0
ratis.server.s2@group-85A9A6583457.s2_peerCommitIndex
             value = 3

-- Timers ----------------------------------------------------------------------ratis.leader_election.s1@group-85A9A6583457.lastLeaderElapsedTime

ratis.server.s2@group-85A9A6583457.clientWriteRequest
             count = 5
             value = 0
ratis.leader_election.s1@group-85A9A6583457.lastLeaderElectionElapsedTime
             value = -1


         mean rate = 7.87 calls/second
     1-minute rate = 0.00 calls/second
     5-minute rate = 0.00 calls/second
    15-minute rate = 0.00 calls/second
               min = 0.31 milliseconds
               max = 1.77 milliseconds
              mean = 0.93 milliseconds
            stddev = 0.57 milliseconds
            median = 0.58 milliseconds
              75% <= 1.45 milliseconds
              95% <= 1.77 milliseconds
              98% <= 1.77 milliseconds
              99% <= 1.77 milliseconds
            99.9% <= 1.77 milliseconds
ratis.log_worker.s0@group-85A9A6583457.queueingDelay
8/10/22 8:55:06 AM =======             count = 6
==============         mean rate = 9.47 calls/second
========     1-minute rate = 0.00 calls/second
     5-minute rate = 0.00 calls/second
    15-minute rate = 0.00 calls/second
             count = 0
               min = 0.01 milliseconds
         mean rate = 0.00 calls/second
               max = 8.92 milliseconds
     1-minute rate = 0.00 calls/second
              mean = 1.67 milliseconds
     5-minute rate = 0.00 calls/second
            stddev = 3.26 milliseconds
    15-minute rate = 0.00 calls/second
               min = 0.00 milliseconds
            median = 0.05 milliseconds
               max = 0.00 milliseconds
              75% <= 1.00 milliseconds
              mean = 0.00 milliseconds
              95% <= 8.92 milliseconds
            stddev = 0.00 milliseconds
            median = 0.00 milliseconds
              98% <= 8.92 milliseconds
              75% <= 0.00 milliseconds
              95% <= 0.00 milliseconds
              99% <= 8.92 milliseconds
              98% <= 0.00 milliseconds
            99.9% <= 8.92 milliseconds
ratis.log_worker.s0@group-85A9A6583457.startlogsegmentExecutionTime
              99% <= 0.00 milliseconds
            99.9% <= 0.00 milliseconds
             count = 1
ratis.server.s2@group-85A9A6583457.follower_append_entry_latency
         mean rate = 3.32 calls/second
             count = 5
     1-minute rate = 0.00 calls/second
         mean rate = 19.26 calls/second
     1-minute rate = 0.00 calls/second
================================

-- Gauges ----------------------------------------------------------------------
ratis.server.s1@group-85A9A6583457.retryCacheEntryCount
             value = 2
ratis.server.s1@group-85A9A6583457.retryCacheHitCount
             value = 0
ratis.server.s1@group-85A9A6583457.retryCacheHitRate
             value = 0.0
ratis.server.s1@group-85A9A6583457.retryCacheMissCount
             value = 2
ratis.server.s1@group-85A9A6583457.retryCacheMissRate
             value = 1.0
ratis.server.s1@group-85A9A6583457.s1_peerCommitIndex
             value = 3

-- Timers ----------------------------------------------------------------------
ratis.server.s1@group-85A9A6583457.follower_append_entry_latency
             count = 4
         mean rate = 15.50 calls/second
     1-minute rate = 0.00 calls/second
     5-minute rate = 0.00 calls/second
    15-minute rate = 0.00 calls/second
               min = 1.41 milliseconds
               max = 73.12 milliseconds
              mean = 22.01 milliseconds
            stddev = 29.81 milliseconds
            median = 11.92 milliseconds
              75% <= 73.12 milliseconds
              95% <= 73.12 milliseconds
              98% <= 73.12 milliseconds
              99% <= 73.12 milliseconds
            99.9% <= 73.12 milliseconds
ratis.server.s1@group-85A9A6583457.follower_append_entry_latency_heartbeat
             count = 2
         mean rate = 7.17 calls/second
     1-minute rate = 0.00 calls/second
     5-minute rate = 0.00 calls/second
    15-minute rate = 0.00 calls/second
               min = 0.44 milliseconds
               max = 13.25 milliseconds
              mean = 6.84 milliseconds
            stddev = 6.41 milliseconds
            median = 13.25 milliseconds
              75% <= 13.25 milliseconds
              95% <= 13.25 milliseconds
              98% <= 13.25 milliseconds
              99% <= 13.25 milliseconds
            99.9% <= 13.25 milliseconds


     5-minute rate = 0.00 calls/second
    15-minute rate = 0.00 calls/second
               min = 111.32 milliseconds
               max = 111.32 milliseconds
              mean = 111.32 milliseconds
            stddev = 0.00 milliseconds
            median = 111.32 milliseconds
              75% <= 111.32 milliseconds
              95% <= 111.32 milliseconds
              98% <= 111.32 milliseconds
              99% <= 111.32 milliseconds
            99.9% <= 111.32 milliseconds
ratis.log_worker.s0@group-85A9A6583457.syncTime
             count = 5
         mean rate = 7.84 calls/second
     1-minute rate = 0.00 calls/second
     5-minute rate = 0.00 calls/second
    15-minute rate = 0.00 calls/second
               min = 0.28 milliseconds
               max = 1.74 milliseconds
              mean = 0.90 milliseconds
            stddev = 0.57 milliseconds
            median = 0.54 milliseconds
              75% <= 1.43 milliseconds
              95% <= 1.74 milliseconds
              98% <= 1.74 milliseconds
              99% <= 1.74 milliseconds
            99.9% <= 1.74 milliseconds
ratis.log_worker.s0@group-85A9A6583457.writelogExecutionTime
     5-minute rate = 0.00 calls/second
             count = 5
    15-minute rate = 0.00 calls/second
               min = 0.73 milliseconds
         mean rate = 25.94 calls/second
               max = 73.20 milliseconds
     1-minute rate = 0.00 calls/second
              mean = 15.29 milliseconds
     5-minute rate = 0.00 calls/second
    15-minute rate = 0.00 calls/second
            stddev = 28.95 milliseconds
               min = 0.39 milliseconds
            median = 0.84 milliseconds
               max = 4.93 milliseconds
              75% <= 0.91 milliseconds
              mean = 1.89 milliseconds
              95% <= 73.20 milliseconds
            stddev = 1.61 milliseconds
              98% <= 73.20 milliseconds
            median = 1.55 milliseconds
              99% <= 73.20 milliseconds
              75% <= 1.88 milliseconds
            99.9% <= 73.20 milliseconds
ratis.server.s2@group-85A9A6583457.follower_append_entry_latency_heartbeat
              95% <= 4.93 milliseconds
             count = 2
              98% <= 4.93 milliseconds
         mean rate = 7.30 calls/second
              99% <= 4.93 milliseconds
     1-minute rate = 0.00 calls/second
            99.9% <= 4.93 milliseconds


     5-minute rate = 0.00 calls/second
    15-minute rate = 0.00 calls/second
               min = 1.32 milliseconds
               max = 6.11 milliseconds
              mean = 3.71 milliseconds
            stddev = 2.40 milliseconds
            median = 6.11 milliseconds
              75% <= 6.11 milliseconds
              95% <= 6.11 milliseconds
              98% <= 6.11 milliseconds
              99% <= 6.11 milliseconds
            99.9% <= 6.11 milliseconds


8/10/22 8:55:06 AM =============================================================

-- Gauges ----------------------------------------------------------------------
ratis.leader_election.s0@group-85A9A6583457.lastLeaderElapsedTime
             value = 0
ratis.leader_election.s0@group-85A9A6583457.lastLeaderElectionElapsedTime
             value = 287

-- Counters --------------------------------------------------------------------
ratis.leader_election.s0@group-85A9A6583457.electionCount
             count = 1
ratis.leader_election.s0@group-85A9A6583457.timeoutCount
             count = 1

-- Timers ----------------------------------------------------------------------
ratis.leader_election.s0@group-85A9A6583457.electionTime
             count = 1
         mean rate = 2.48 calls/second
     1-minute rate = 0.00 calls/second
     5-minute rate = 0.00 calls/second
    15-minute rate = 0.00 calls/second
               min = 115.19 milliseconds
               max = 115.19 milliseconds
              mean = 115.19 milliseconds
            stddev = 0.00 milliseconds
            median = 115.19 milliseconds
              75% <= 115.19 milliseconds
              95% <= 115.19 milliseconds
              98% <= 115.19 milliseconds
              99% <= 115.19 milliseconds
            99.9% <= 115.19 milliseconds


2022-08-10 08:55:06,477 [Time-limited test] INFO  impl.MiniRaftCluster (MiniRaftCluster.java:shutdown(850)) - MiniRaftClusterWithSimulatedRpc shutdown completed
]]></system-out>
  </testcase>
</testsuite>