<?xml version="1.0" encoding="UTF-8"?>
<testsuite xmlns:xsi="http://www.w3.org/2001/XMLSchema-instance" xsi:noNamespaceSchemaLocation="https://maven.apache.org/surefire/maven-surefire-plugin/xsd/surefire-test-report-3.0.xsd" version="3.0" name="org.apache.ratis.grpc.TestLeaderElectionWithGrpc" time="328.015" tests="26" errors="7" skipped="0" failures="0">
  <properties>
    <property name="awt.toolkit" value="sun.awt.X11.XToolkit"/>
    <property name="file.encoding.pkg" value="sun.io"/>
    <property name="java.specification.version" value="1.8"/>
    <property name="sun.cpu.isalist" value=""/>
    <property name="sun.jnu.encoding" value="UTF-8"/>
    <property name="java.class.path" value="/home/runner/work/ratis/ratis/ratis-test/target/test-classes:/home/runner/work/ratis/ratis/ratis-test/target/classes:/home/runner/work/ratis/ratis/ratis-common/target/classes:/home/runner/.m2/repository/org/apache/ratis/ratis-thirdparty-misc/1.0.6/ratis-thirdparty-misc-1.0.6.jar:/home/runner/work/ratis/ratis/ratis-proto/target/classes:/home/runner/work/ratis/ratis/ratis-common/target/test-classes:/home/runner/work/ratis/ratis/ratis-client/target/classes:/home/runner/work/ratis/ratis/ratis-server/target/classes:/home/runner/work/ratis/ratis/ratis-server-api/target/classes:/home/runner/work/ratis/ratis/ratis-metrics-api/target/classes:/home/runner/work/ratis/ratis/ratis-server/target/test-classes:/home/runner/work/ratis/ratis/ratis-metrics-default/target/classes:/home/runner/work/ratis/ratis/ratis-netty/target/classes:/home/runner/work/ratis/ratis/ratis-netty/target/test-classes:/home/runner/work/ratis/ratis/ratis-grpc/target/classes:/home/runner/work/ratis/ratis/ratis-grpc/target/test-classes:/home/runner/work/ratis/ratis/ratis-shell/target/classes:/home/runner/.m2/repository/commons-cli/commons-cli/1.5.0/commons-cli-1.5.0.jar:/home/runner/.m2/repository/org/reflections/reflections/0.10.2/reflections-0.10.2.jar:/home/runner/.m2/repository/org/javassist/javassist/3.28.0-GA/javassist-3.28.0-GA.jar:/home/runner/.m2/repository/com/google/code/findbugs/jsr305/3.0.2/jsr305-3.0.2.jar:/home/runner/.m2/repository/org/bouncycastle/bcprov-jdk18on/1.78.1/bcprov-jdk18on-1.78.1.jar:/home/runner/.m2/repository/org/bouncycastle/bcpkix-jdk18on/1.78.1/bcpkix-jdk18on-1.78.1.jar:/home/runner/.m2/repository/org/bouncycastle/bcutil-jdk18on/1.78.1/bcutil-jdk18on-1.78.1.jar:/home/runner/.m2/repository/org/slf4j/slf4j-api/2.0.7/slf4j-api-2.0.7.jar:/home/runner/.m2/repository/org/slf4j/slf4j-reload4j/2.0.7/slf4j-reload4j-2.0.7.jar:/home/runner/.m2/repository/ch/qos/reload4j/reload4j/1.2.22/reload4j-1.2.22.jar:/home/runner/.m2/repository/junit/junit/4.13.2/junit-4.13.2.jar:/home/runner/.m2/repository/org/hamcrest/hamcrest-core/1.3/hamcrest-core-1.3.jar:/home/runner/.m2/repository/org/junit/jupiter/junit-jupiter-engine/5.11.2/junit-jupiter-engine-5.11.2.jar:/home/runner/.m2/repository/org/junit/platform/junit-platform-engine/1.11.2/junit-platform-engine-1.11.2.jar:/home/runner/.m2/repository/org/apiguardian/apiguardian-api/1.1.2/apiguardian-api-1.1.2.jar:/home/runner/.m2/repository/org/junit/jupiter/junit-jupiter-api/5.11.2/junit-jupiter-api-5.11.2.jar:/home/runner/.m2/repository/org/opentest4j/opentest4j/1.3.0/opentest4j-1.3.0.jar:/home/runner/.m2/repository/org/junit/platform/junit-platform-commons/1.11.2/junit-platform-commons-1.11.2.jar:/home/runner/.m2/repository/org/junit/jupiter/junit-jupiter-params/5.11.2/junit-jupiter-params-5.11.2.jar:/home/runner/.m2/repository/org/mockito/mockito-core/4.3.1/mockito-core-4.3.1.jar:/home/runner/.m2/repository/net/bytebuddy/byte-buddy/1.12.7/byte-buddy-1.12.7.jar:/home/runner/.m2/repository/net/bytebuddy/byte-buddy-agent/1.12.7/byte-buddy-agent-1.12.7.jar:/home/runner/.m2/repository/org/objenesis/objenesis/3.2/objenesis-3.2.jar:"/>
    <property name="java.vm.vendor" value="Temurin"/>
    <property name="sun.arch.data.model" value="64"/>
    <property name="java.vendor.url" value="https://adoptium.net/"/>
    <property name="user.timezone" value="Etc/UTC"/>
    <property name="java.vm.specification.version" value="1.8"/>
    <property name="os.name" value="Linux"/>
    <property name="sun.java.launcher" value="SUN_STANDARD"/>
    <property name="sun.boot.library.path" value="/usr/lib/jvm/temurin-8-jdk-amd64/jre/lib/amd64"/>
    <property name="sun.java.command" value="/home/runner/work/ratis/ratis/ratis-test/target/surefire/surefirebooter243616049963113534.jar /home/runner/work/ratis/ratis/ratis-test/target/surefire 2024-10-20T10-31-27_081-jvmRun1 surefire6854178599572737868tmp surefire_148101824046138405663tmp"/>
    <property name="surefire.test.class.path" value="/home/runner/work/ratis/ratis/ratis-test/target/test-classes:/home/runner/work/ratis/ratis/ratis-test/target/classes:/home/runner/work/ratis/ratis/ratis-common/target/classes:/home/runner/.m2/repository/org/apache/ratis/ratis-thirdparty-misc/1.0.6/ratis-thirdparty-misc-1.0.6.jar:/home/runner/work/ratis/ratis/ratis-proto/target/classes:/home/runner/work/ratis/ratis/ratis-common/target/test-classes:/home/runner/work/ratis/ratis/ratis-client/target/classes:/home/runner/work/ratis/ratis/ratis-server/target/classes:/home/runner/work/ratis/ratis/ratis-server-api/target/classes:/home/runner/work/ratis/ratis/ratis-metrics-api/target/classes:/home/runner/work/ratis/ratis/ratis-server/target/test-classes:/home/runner/work/ratis/ratis/ratis-metrics-default/target/classes:/home/runner/work/ratis/ratis/ratis-netty/target/classes:/home/runner/work/ratis/ratis/ratis-netty/target/test-classes:/home/runner/work/ratis/ratis/ratis-grpc/target/classes:/home/runner/work/ratis/ratis/ratis-grpc/target/test-classes:/home/runner/work/ratis/ratis/ratis-shell/target/classes:/home/runner/.m2/repository/commons-cli/commons-cli/1.5.0/commons-cli-1.5.0.jar:/home/runner/.m2/repository/org/reflections/reflections/0.10.2/reflections-0.10.2.jar:/home/runner/.m2/repository/org/javassist/javassist/3.28.0-GA/javassist-3.28.0-GA.jar:/home/runner/.m2/repository/com/google/code/findbugs/jsr305/3.0.2/jsr305-3.0.2.jar:/home/runner/.m2/repository/org/bouncycastle/bcprov-jdk18on/1.78.1/bcprov-jdk18on-1.78.1.jar:/home/runner/.m2/repository/org/bouncycastle/bcpkix-jdk18on/1.78.1/bcpkix-jdk18on-1.78.1.jar:/home/runner/.m2/repository/org/bouncycastle/bcutil-jdk18on/1.78.1/bcutil-jdk18on-1.78.1.jar:/home/runner/.m2/repository/org/slf4j/slf4j-api/2.0.7/slf4j-api-2.0.7.jar:/home/runner/.m2/repository/org/slf4j/slf4j-reload4j/2.0.7/slf4j-reload4j-2.0.7.jar:/home/runner/.m2/repository/ch/qos/reload4j/reload4j/1.2.22/reload4j-1.2.22.jar:/home/runner/.m2/repository/junit/junit/4.13.2/junit-4.13.2.jar:/home/runner/.m2/repository/org/hamcrest/hamcrest-core/1.3/hamcrest-core-1.3.jar:/home/runner/.m2/repository/org/junit/jupiter/junit-jupiter-engine/5.11.2/junit-jupiter-engine-5.11.2.jar:/home/runner/.m2/repository/org/junit/platform/junit-platform-engine/1.11.2/junit-platform-engine-1.11.2.jar:/home/runner/.m2/repository/org/apiguardian/apiguardian-api/1.1.2/apiguardian-api-1.1.2.jar:/home/runner/.m2/repository/org/junit/jupiter/junit-jupiter-api/5.11.2/junit-jupiter-api-5.11.2.jar:/home/runner/.m2/repository/org/opentest4j/opentest4j/1.3.0/opentest4j-1.3.0.jar:/home/runner/.m2/repository/org/junit/platform/junit-platform-commons/1.11.2/junit-platform-commons-1.11.2.jar:/home/runner/.m2/repository/org/junit/jupiter/junit-jupiter-params/5.11.2/junit-jupiter-params-5.11.2.jar:/home/runner/.m2/repository/org/mockito/mockito-core/4.3.1/mockito-core-4.3.1.jar:/home/runner/.m2/repository/net/bytebuddy/byte-buddy/1.12.7/byte-buddy-1.12.7.jar:/home/runner/.m2/repository/net/bytebuddy/byte-buddy-agent/1.12.7/byte-buddy-agent-1.12.7.jar:/home/runner/.m2/repository/org/objenesis/objenesis/3.2/objenesis-3.2.jar:"/>
    <property name="sun.cpu.endian" value="little"/>
    <property name="user.home" value="/home/runner"/>
    <property name="user.language" value="en"/>
    <property name="java.specification.vendor" value="Oracle Corporation"/>
    <property name="java.home" value="/usr/lib/jvm/temurin-8-jdk-amd64/jre"/>
    <property name="basedir" value="/home/runner/work/ratis/ratis/ratis-test"/>
    <property name="file.separator" value="/"/>
    <property name="line.separator" value="&#10;"/>
    <property name="java.vm.specification.vendor" value="Oracle Corporation"/>
    <property name="java.specification.name" value="Java Platform API Specification"/>
    <property name="java.awt.graphicsenv" value="sun.awt.X11GraphicsEnvironment"/>
    <property name="surefire.real.class.path" value="/home/runner/work/ratis/ratis/ratis-test/target/surefire/surefirebooter243616049963113534.jar:/home/runner/.m2/repository/org/jacoco/org.jacoco.agent/0.8.12/org.jacoco.agent-0.8.12-runtime.jar"/>
    <property name="sun.boot.class.path" value="/usr/lib/jvm/temurin-8-jdk-amd64/jre/lib/resources.jar:/usr/lib/jvm/temurin-8-jdk-amd64/jre/lib/rt.jar:/usr/lib/jvm/temurin-8-jdk-amd64/jre/lib/sunrsasign.jar:/usr/lib/jvm/temurin-8-jdk-amd64/jre/lib/jsse.jar:/usr/lib/jvm/temurin-8-jdk-amd64/jre/lib/jce.jar:/usr/lib/jvm/temurin-8-jdk-amd64/jre/lib/charsets.jar:/usr/lib/jvm/temurin-8-jdk-amd64/jre/lib/jfr.jar:/usr/lib/jvm/temurin-8-jdk-amd64/jre/classes"/>
    <property name="sun.management.compiler" value="HotSpot 64-Bit Tiered Compilers"/>
    <property name="java.runtime.version" value="1.8.0_422-b05"/>
    <property name="java.net.preferIPv4Stack" value="true"/>
    <property name="user.name" value="runner"/>
    <property name="path.separator" value=":"/>
    <property name="os.version" value="5.15.0-1073-azure"/>
    <property name="java.endorsed.dirs" value="/usr/lib/jvm/temurin-8-jdk-amd64/jre/lib/endorsed"/>
    <property name="java.runtime.name" value="OpenJDK Runtime Environment"/>
    <property name="file.encoding" value="UTF-8"/>
    <property name="java.vm.name" value="OpenJDK 64-Bit Server VM"/>
    <property name="localRepository" value="/home/runner/.m2/repository"/>
    <property name="java.vendor.url.bug" value="https://github.com/adoptium/adoptium-support/issues"/>
    <property name="java.io.tmpdir" value="/tmp"/>
    <property name="java.version" value="1.8.0_422"/>
    <property name="user.dir" value="/home/runner/work/ratis/ratis/ratis-test"/>
    <property name="os.arch" value="amd64"/>
    <property name="ratis.tmp.dir" value="/home/runner/work/ratis/ratis/ratis-test/target/tmp"/>
    <property name="java.vm.specification.name" value="Java Virtual Machine Specification"/>
    <property name="java.awt.printerjob" value="sun.print.PSPrinterJob"/>
    <property name="ratis.log.dir" value="/home/runner/work/ratis/ratis/ratis-test/target/log"/>
    <property name="sun.os.patch.level" value="unknown"/>
    <property name="org.apache.ratis.thirdparty.io.netty.allocator.useCacheForAllThreads" value="false"/>
    <property name="java.library.path" value="/usr/java/packages/lib/amd64:/usr/lib64:/lib64:/lib:/usr/lib"/>
    <property name="java.vm.info" value="mixed mode"/>
    <property name="java.vendor" value="Temurin"/>
    <property name="java.vm.version" value="25.422-b05"/>
    <property name="java.specification.maintenance.version" value="5"/>
    <property name="java.ext.dirs" value="/usr/lib/jvm/temurin-8-jdk-amd64/jre/lib/ext:/usr/java/packages/lib/ext"/>
    <property name="sun.io.unicode.encoding" value="UnicodeLittle"/>
    <property name="java.class.version" value="52.0"/>
  </properties>
  <testcase name="testAddFollowerWhenExistsListener" classname="org.apache.ratis.grpc.TestLeaderElectionWithGrpc" time="3.927"/>
  <testcase name="testRemoveListener" classname="org.apache.ratis.grpc.TestLeaderElectionWithGrpc" time="1.791"/>
  <testcase name="testLostMajorityHeartbeats" classname="org.apache.ratis.grpc.TestLeaderElectionWithGrpc" time="4.3"/>
  <testcase name="testLateServerStart" classname="org.apache.ratis.grpc.TestLeaderElectionWithGrpc" time="5.661"/>
  <testcase name="testListenerNotStartLeaderElection" classname="org.apache.ratis.grpc.TestLeaderElectionWithGrpc" time="1.474"/>
  <testcase name="testWaitServerReady" classname="org.apache.ratis.grpc.TestLeaderElectionWithGrpc" time="2.322"/>
  <testcase name="testPreVote" classname="org.apache.ratis.grpc.TestLeaderElectionWithGrpc" time="5.693"/>
  <testcase name="testListenerRejectRequestVote" classname="org.apache.ratis.grpc.TestLeaderElectionWithGrpc" time="1.494"/>
  <testcase name="testAddListener" classname="org.apache.ratis.grpc.TestLeaderElectionWithGrpc" time="1.731"/>
  <testcase name="testTransferLeaderTimeout" classname="org.apache.ratis.grpc.TestLeaderElectionWithGrpc" time="6.699"/>
  <testcase name="testBasicLeaderElection" classname="org.apache.ratis.grpc.TestLeaderElectionWithGrpc" time="7.723"/>
  <testcase name="testChangeFollowerToListener" classname="org.apache.ratis.grpc.TestLeaderElectionWithGrpc" time="1.786"/>
  <testcase name="testTransferLeader" classname="org.apache.ratis.grpc.TestLeaderElectionWithGrpc" time="2.241"/>
  <testcase name="testAddServerForWaitReady" classname="org.apache.ratis.grpc.TestLeaderElectionWithGrpc" time="5.823"/>
  <testcase name="testPauseResumeLeaderElection" classname="org.apache.ratis.grpc.TestLeaderElectionWithGrpc" time="2.026"/>
  <testcase name="testYieldLeaderToHigherPriority" classname="org.apache.ratis.grpc.TestLeaderElectionWithGrpc" time="2.782"/>
  <testcase name="testLeaderLeaseDuringReconfiguration" classname="org.apache.ratis.grpc.TestLeaderElectionWithGrpc" time="1.737"/>
  <testcase name="testChangeLeader" classname="org.apache.ratis.grpc.TestLeaderElectionWithGrpc" time="66.252">
    <error type="java.lang.IllegalStateException"><![CDATA[java.lang.IllegalStateException: #leaks = 5 > 0, #leaks == set.size = 5
	at org.apache.ratis.util.Preconditions.assertTrue(Preconditions.java:77)
	at org.apache.ratis.util.LeakDetector$LeakTrackerSet.assertNoLeaks(LeakDetector.java:100)
	at org.apache.ratis.util.LeakDetector$LeakTrackerSet.getNumLeaks(LeakDetector.java:94)
	at org.apache.ratis.util.LeakDetector.assertNoLeaks(LeakDetector.java:174)
	at org.apache.ratis.server.impl.MiniRaftCluster.shutdown(MiniRaftCluster.java:894)
	at org.apache.ratis.grpc.MiniRaftClusterWithGrpc.shutdown(MiniRaftClusterWithGrpc.java:97)
	at org.apache.ratis.server.impl.MiniRaftCluster$Factory$Get.runWithNewCluster(MiniRaftCluster.java:152)
	at org.apache.ratis.server.impl.MiniRaftCluster$Factory$Get.runWithNewCluster(MiniRaftCluster.java:121)
	at org.apache.ratis.server.impl.LeaderElectionTests.testChangeLeader(LeaderElectionTests.java:179)
	at java.lang.reflect.Method.invoke(Method.java:498)
	at java.util.ArrayList.forEach(ArrayList.java:1259)
	at java.util.ArrayList.forEach(ArrayList.java:1259)
]]></error>
    <system-out><![CDATA[2024-10-20 10:44:19,053 [main] INFO  util.LogUtils (Slf4jUtils.java:setLogLevel(38)) - Successfully set org.apache.ratis.conf.ConfUtils log level to WARN
2024-10-20 10:44:19,053 [main] INFO  util.LogUtils (Slf4jUtils.java:setLogLevel(38)) - Successfully set org.apache.ratis.util.FileUtils log level to TRACE
2024-10-20 10:44:19,053 [main] INFO  util.LogUtils (Slf4jUtils.java:setLogLevel(38)) - Successfully set org.apache.ratis.server.RaftServer$Division log level to DEBUG
2024-10-20 10:44:19,053 [main] INFO  util.LogUtils (Slf4jUtils.java:setLogLevel(38)) - Successfully set org.apache.ratis.client.RaftClient log level to DEBUG
2024-10-20 10:44:19,054 [main] INFO  grpc.TestLeaderElectionWithGrpc (LeaderElectionTests.java:testChangeLeader(178)) - Running testChangeLeader
2024-10-20 10:44:19,055 [main] INFO  impl.MiniRaftCluster (MiniRaftCluster.java:runWithNewCluster(137)) - Running runWithNewCluster
2024-10-20 10:44:19,055 [main] INFO  impl.MiniRaftCluster (MiniRaftCluster.java:<init>(319)) - new MiniRaftClusterWithGrpc with group-436914476215:[s0|localhost:15252, s1|localhost:15256, s2|localhost:15260]
2024-10-20 10:44:19,056 [main] INFO  impl.MiniRaftCluster (MiniRaftCluster.java:start(352)) - .............................................................. 
2024-10-20 10:44:19,056 [main] INFO  impl.MiniRaftCluster (MiniRaftCluster.java:start(353)) - ... 
2024-10-20 10:44:19,056 [main] INFO  impl.MiniRaftCluster (MiniRaftCluster.java:start(354)) - ...     Starting MiniRaftClusterWithGrpc
2024-10-20 10:44:19,056 [main] INFO  impl.MiniRaftCluster (MiniRaftCluster.java:start(355)) - ... 
2024-10-20 10:44:19,056 [main] INFO  impl.MiniRaftCluster (MiniRaftCluster.java:start(356)) - .............................................................. 
2024-10-20 10:44:19,056 [main] INFO  impl.MiniRaftCluster (MiniRaftCluster.java:initServers(331)) - servers = {}
2024-10-20 10:44:19,056 [main] INFO  impl.MiniRaftCluster (MiniRaftCluster.java:newRaftServer(396)) - newRaftServer: s0, group-436914476215:[s0|localhost:15252, s1|localhost:15256, s2|localhost:15260], format? true
2024-10-20 10:44:19,057 [main] TRACE util.FileUtils (FileUtils.java:deleteFully(305)) - deleteFully target/test/data/d69430f5/MiniRaftClusterWithGrpc6b9d6d2d/s0
2024-10-20 10:44:19,057 [main] TRACE util.FileUtils (FileUtils.java:deleteFully(318)) - deleteFully: target/test/data/d69430f5/MiniRaftClusterWithGrpc6b9d6d2d/s0 does not exist.
2024-10-20 10:44:19,057 [main] INFO  impl.MiniRaftCluster (MiniRaftCluster.java:newRaftServer(401)) - Formatted directory target/test/data/d69430f5/MiniRaftClusterWithGrpc6b9d6d2d/s0
2024-10-20 10:44:19,057 [main] INFO  server.RaftServer (ConfUtils.java:logGet(46)) - raft.rpc.type = GRPC (default)
2024-10-20 10:44:19,058 [main] INFO  grpc.GrpcConfigKeys (ConfUtils.java:logFallback(53)) - raft.grpc.admin.host = null (fallback to raft.grpc.server.host)
2024-10-20 10:44:19,058 [main] INFO  grpc.GrpcConfigKeys (ConfUtils.java:logGet(46)) - raft.grpc.admin.port = 15253 (custom)
2024-10-20 10:44:19,058 [main] INFO  grpc.GrpcConfigKeys (ConfUtils.java:logFallback(53)) - raft.grpc.client.host = null (fallback to raft.grpc.server.host)
2024-10-20 10:44:19,058 [main] INFO  grpc.GrpcConfigKeys (ConfUtils.java:logGet(46)) - raft.grpc.client.port = 15254 (custom)
2024-10-20 10:44:19,058 [main] INFO  grpc.GrpcConfigKeys (ConfUtils.java:logGet(46)) - raft.grpc.server.host = null (default)
2024-10-20 10:44:19,058 [main] INFO  grpc.GrpcConfigKeys (ConfUtils.java:logGet(46)) - raft.grpc.server.port = 15252 (custom)
2024-10-20 10:44:19,059 [main] INFO  server.GrpcServicesImpl (ConfUtils.java:logGet(46)) - raft.grpc.message.size.max = 64MB (=67108864) (default)
2024-10-20 10:44:19,059 [main] INFO  server.GrpcServicesImpl (ConfUtils.java:logGet(46)) - raft.grpc.flow.control.window = 1MB (=1048576) (default)
2024-10-20 10:44:19,059 [main] INFO  server.RaftServerConfigKeys (ConfUtils.java:logGet(46)) - raft.server.rpc.request.timeout = 3000ms (default)
2024-10-20 10:44:19,059 [main] INFO  grpc.GrpcConfigKeys (ConfUtils.java:logGet(46)) - raft.grpc.server.heartbeat.channel = true (default)
2024-10-20 10:44:19,059 [main] INFO  grpc.GrpcConfigKeys (ConfUtils.java:logGet(46)) - raft.grpc.server.zerocopy.enabled = true (custom)
2024-10-20 10:44:19,059 [main] INFO  server.RaftServerConfigKeys (ConfUtils.java:logGet(46)) - raft.server.log.appender.buffer.byte-limit = 4MB (=4194304) (default)
2024-10-20 10:44:19,060 [main] INFO  grpc.GrpcConfigKeys (ConfUtils.java:logGet(46)) - raft.grpc.server.async.request.thread.pool.cached = true (default)
2024-10-20 10:44:19,060 [main] INFO  grpc.GrpcConfigKeys (ConfUtils.java:logGet(46)) - raft.grpc.server.async.request.thread.pool.size = 32 (default)
2024-10-20 10:44:19,062 [main] INFO  impl.DataStreamServerImpl (ConfUtils.java:logGet(46)) - raft.datastream.type = DISABLED (default)
2024-10-20 10:44:19,062 [main] INFO  server.RaftServerConfigKeys (ConfUtils.java:logGet(46)) - raft.server.sleep.deviation.threshold = 300ms (default)
2024-10-20 10:44:19,062 [main] INFO  server.RaftServerConfigKeys (ConfUtils.java:logGet(46)) - raft.server.close.threshold = 60s (default)
2024-10-20 10:44:19,062 [main] INFO  server.RaftServerConfigKeys (ConfUtils.java:logGet(46)) - raft.server.leaderelection.leader.step-down.wait-time = 10s (default)
2024-10-20 10:44:19,063 [main] INFO  server.RaftServerConfigKeys (ConfUtils.java:logGet(46)) - raft.server.storage.dir = [/home/runner/work/ratis/ratis/ratis-test/target/test/data/d69430f5/MiniRaftClusterWithGrpc6b9d6d2d/s0] (custom)
2024-10-20 10:44:19,063 [main] INFO  server.RaftServerConfigKeys (ConfUtils.java:logGet(46)) - raft.server.threadpool.proxy.cached = true (default)
2024-10-20 10:44:19,063 [main] INFO  server.RaftServerConfigKeys (ConfUtils.java:logGet(46)) - raft.server.threadpool.proxy.size = 0 (default)
2024-10-20 10:44:19,064 [main] INFO  server.RaftServer (RaftServerProxy.java:addNew(101)) - s0: addNew group-436914476215:[s0|localhost:15252, s1|localhost:15256, s2|localhost:15260] returns group-436914476215:java.util.concurrent.CompletableFuture@294bb6ae[Not completed]
2024-10-20 10:44:19,064 [s0-groupManagement] INFO  server.RaftServer$Division (RaftServerImpl.java:<init>(257)) - s0: new RaftServerImpl for group-436914476215:[s0|localhost:15252, s1|localhost:15256, s2|localhost:15260] with BaseStateMachine:uninitialized
2024-10-20 10:44:19,064 [main] INFO  impl.MiniRaftCluster (MiniRaftCluster.java:newRaftServer(396)) - newRaftServer: s1, group-436914476215:[s0|localhost:15252, s1|localhost:15256, s2|localhost:15260], format? true
2024-10-20 10:44:19,064 [main] TRACE util.FileUtils (FileUtils.java:deleteFully(305)) - deleteFully target/test/data/d69430f5/MiniRaftClusterWithGrpc6b9d6d2d/s1
2024-10-20 10:44:19,064 [s0-groupManagement] INFO  server.RaftServerConfigKeys (ConfUtils.java:logGet(46)) - raft.server.rpc.timeout.min = 150ms (default)
2024-10-20 10:44:19,064 [main] TRACE util.FileUtils (FileUtils.java:deleteFully(318)) - deleteFully: target/test/data/d69430f5/MiniRaftClusterWithGrpc6b9d6d2d/s1 does not exist.
2024-10-20 10:44:19,065 [main] INFO  impl.MiniRaftCluster (MiniRaftCluster.java:newRaftServer(401)) - Formatted directory target/test/data/d69430f5/MiniRaftClusterWithGrpc6b9d6d2d/s1
2024-10-20 10:44:19,064 [s0-groupManagement] INFO  server.RaftServerConfigKeys (ConfUtils.java:logGet(46)) - raft.server.rpc.timeout.max = 300ms (default)
2024-10-20 10:44:19,065 [s0-groupManagement] INFO  server.RaftServerConfigKeys (ConfUtils.java:logGet(46)) - raft.server.rpc.sleep.time = 25ms (default)
2024-10-20 10:44:19,065 [s0-groupManagement] INFO  server.RaftServerConfigKeys (ConfUtils.java:logGet(46)) - raft.server.rpc.slowness.timeout = 60s (default)
2024-10-20 10:44:19,065 [main] INFO  server.RaftServer (ConfUtils.java:logGet(46)) - raft.rpc.type = GRPC (default)
2024-10-20 10:44:19,065 [s0-groupManagement] INFO  server.RaftServerConfigKeys (ConfUtils.java:logGet(46)) - raft.server.leaderelection.leader.step-down.wait-time = 10s (default)
2024-10-20 10:44:19,065 [s0-groupManagement] INFO  server.RaftServerConfigKeys (ConfUtils.java:logGet(46)) - raft.server.leaderelection.member.majority-add = false (default)
2024-10-20 10:44:19,065 [s0-groupManagement] INFO  server.RaftServerConfigKeys (ConfUtils.java:logGet(46)) - raft.server.sleep.deviation.threshold = 300ms (default)
2024-10-20 10:44:19,065 [main] INFO  grpc.GrpcConfigKeys (ConfUtils.java:logFallback(53)) - raft.grpc.admin.host = null (fallback to raft.grpc.server.host)
2024-10-20 10:44:19,065 [s0-groupManagement] INFO  server.RaftServer$Division (ServerState.java:<init>(114)) - s0@group-436914476215: ConfigurationManager, init=conf: {index: -1, cur=peers:[s0|localhost:15252, s1|localhost:15256, s2|localhost:15260]|listeners:[], old=null}, confs=<EMPTY_MAP>
2024-10-20 10:44:19,066 [main] INFO  grpc.GrpcConfigKeys (ConfUtils.java:logGet(46)) - raft.grpc.admin.port = 15257 (custom)
2024-10-20 10:44:19,066 [s0-groupManagement] INFO  server.RaftServerConfigKeys (ConfUtils.java:logGet(46)) - raft.server.notification.no-leader.timeout = 60s (default)
2024-10-20 10:44:19,066 [main] INFO  grpc.GrpcConfigKeys (ConfUtils.java:logFallback(53)) - raft.grpc.client.host = null (fallback to raft.grpc.server.host)
2024-10-20 10:44:19,066 [s0-groupManagement] INFO  server.RaftServerConfigKeys (ConfUtils.java:logGet(46)) - raft.server.read.timeout = 10s (default)
2024-10-20 10:44:19,066 [main] INFO  grpc.GrpcConfigKeys (ConfUtils.java:logGet(46)) - raft.grpc.client.port = 15258 (custom)
2024-10-20 10:44:19,066 [s0-groupManagement] INFO  server.RaftServerConfigKeys (ConfUtils.java:logGet(46)) - raft.server.retrycache.expirytime = 60s (default)
2024-10-20 10:44:19,066 [main] INFO  grpc.GrpcConfigKeys (ConfUtils.java:logGet(46)) - raft.grpc.server.host = null (default)
2024-10-20 10:44:19,066 [s0-groupManagement] INFO  server.RaftServerConfigKeys (ConfUtils.java:logGet(46)) - raft.server.retrycache.statistics.expirytime = 100ms (default)
2024-10-20 10:44:19,067 [main] INFO  grpc.GrpcConfigKeys (ConfUtils.java:logGet(46)) - raft.grpc.server.port = 15256 (custom)
2024-10-20 10:44:19,067 [s0-groupManagement] INFO  server.RaftServerConfigKeys (ConfUtils.java:logGet(46)) - raft.server.read.option = DEFAULT (default)
2024-10-20 10:44:19,067 [main] INFO  server.GrpcServicesImpl (ConfUtils.java:logGet(46)) - raft.grpc.message.size.max = 64MB (=67108864) (default)
2024-10-20 10:44:19,067 [s0-groupManagement] INFO  server.RaftServerConfigKeys (ConfUtils.java:logGet(46)) - raft.server.read.read-after-write-consistent.write-index-cache.expiry-time = 60s (default)
2024-10-20 10:44:19,067 [main] INFO  server.GrpcServicesImpl (ConfUtils.java:logGet(46)) - raft.grpc.flow.control.window = 1MB (=1048576) (default)
2024-10-20 10:44:19,067 [main] INFO  server.RaftServerConfigKeys (ConfUtils.java:logGet(46)) - raft.server.rpc.request.timeout = 3000ms (default)
2024-10-20 10:44:19,067 [main] INFO  grpc.GrpcConfigKeys (ConfUtils.java:logGet(46)) - raft.grpc.server.heartbeat.channel = true (default)
2024-10-20 10:44:19,068 [main] INFO  grpc.GrpcConfigKeys (ConfUtils.java:logGet(46)) - raft.grpc.server.zerocopy.enabled = true (custom)
2024-10-20 10:44:19,068 [main] INFO  server.RaftServerConfigKeys (ConfUtils.java:logGet(46)) - raft.server.log.appender.buffer.byte-limit = 4MB (=4194304) (default)
2024-10-20 10:44:19,068 [s0-groupManagement] INFO  server.RaftServerConfigKeys (ConfUtils.java:logGet(46)) - raft.server.rpc.request.timeout = 3000ms (default)
2024-10-20 10:44:19,068 [main] INFO  grpc.GrpcConfigKeys (ConfUtils.java:logGet(46)) - raft.grpc.server.async.request.thread.pool.cached = true (default)
2024-10-20 10:44:19,068 [s0-groupManagement] INFO  server.RaftServerConfigKeys (ConfUtils.java:logGet(46)) - raft.server.log.appender.install.snapshot.enabled = true (default)
2024-10-20 10:44:19,068 [main] INFO  grpc.GrpcConfigKeys (ConfUtils.java:logGet(46)) - raft.grpc.server.async.request.thread.pool.size = 32 (default)
2024-10-20 10:44:19,068 [s0-groupManagement] INFO  server.RaftServerConfigKeys (ConfUtils.java:logGet(46)) - raft.server.threadpool.server.cached = true (default)
2024-10-20 10:44:19,068 [s0-groupManagement] INFO  server.RaftServerConfigKeys (ConfUtils.java:logGet(46)) - raft.server.threadpool.server.size = 0 (default)
2024-10-20 10:44:19,069 [s0-groupManagement] INFO  server.RaftServerConfigKeys (ConfUtils.java:logGet(46)) - raft.server.threadpool.client.cached = true (default)
2024-10-20 10:44:19,069 [s0-groupManagement] INFO  server.RaftServerConfigKeys (ConfUtils.java:logGet(46)) - raft.server.threadpool.client.size = 0 (default)
2024-10-20 10:44:19,070 [main] INFO  impl.DataStreamServerImpl (ConfUtils.java:logGet(46)) - raft.datastream.type = DISABLED (default)
2024-10-20 10:44:19,070 [main] INFO  server.RaftServerConfigKeys (ConfUtils.java:logGet(46)) - raft.server.sleep.deviation.threshold = 300ms (default)
2024-10-20 10:44:19,070 [main] INFO  server.RaftServerConfigKeys (ConfUtils.java:logGet(46)) - raft.server.close.threshold = 60s (default)
2024-10-20 10:44:19,070 [main] INFO  server.RaftServerConfigKeys (ConfUtils.java:logGet(46)) - raft.server.leaderelection.leader.step-down.wait-time = 10s (default)
2024-10-20 10:44:19,071 [main] INFO  server.RaftServerConfigKeys (ConfUtils.java:logGet(46)) - raft.server.storage.dir = [/home/runner/work/ratis/ratis/ratis-test/target/test/data/d69430f5/MiniRaftClusterWithGrpc6b9d6d2d/s1] (custom)
2024-10-20 10:44:19,071 [main] INFO  server.RaftServerConfigKeys (ConfUtils.java:logGet(46)) - raft.server.threadpool.proxy.cached = true (default)
2024-10-20 10:44:19,071 [main] INFO  server.RaftServerConfigKeys (ConfUtils.java:logGet(46)) - raft.server.threadpool.proxy.size = 0 (default)
2024-10-20 10:44:19,071 [main] INFO  server.RaftServer (RaftServerProxy.java:addNew(101)) - s1: addNew group-436914476215:[s0|localhost:15252, s1|localhost:15256, s2|localhost:15260] returns group-436914476215:java.util.concurrent.CompletableFuture@7bb3294c[Not completed]
2024-10-20 10:44:19,072 [s1-groupManagement] INFO  server.RaftServer$Division (RaftServerImpl.java:<init>(257)) - s1: new RaftServerImpl for group-436914476215:[s0|localhost:15252, s1|localhost:15256, s2|localhost:15260] with BaseStateMachine:uninitialized
2024-10-20 10:44:19,072 [main] INFO  impl.MiniRaftCluster (MiniRaftCluster.java:newRaftServer(396)) - newRaftServer: s2, group-436914476215:[s0|localhost:15252, s1|localhost:15256, s2|localhost:15260], format? true
2024-10-20 10:44:19,072 [main] TRACE util.FileUtils (FileUtils.java:deleteFully(305)) - deleteFully target/test/data/d69430f5/MiniRaftClusterWithGrpc6b9d6d2d/s2
2024-10-20 10:44:19,072 [s1-groupManagement] INFO  server.RaftServerConfigKeys (ConfUtils.java:logGet(46)) - raft.server.rpc.timeout.min = 150ms (default)
2024-10-20 10:44:19,072 [s1-groupManagement] INFO  server.RaftServerConfigKeys (ConfUtils.java:logGet(46)) - raft.server.rpc.timeout.max = 300ms (default)
2024-10-20 10:44:19,072 [s1-groupManagement] INFO  server.RaftServerConfigKeys (ConfUtils.java:logGet(46)) - raft.server.rpc.sleep.time = 25ms (default)
2024-10-20 10:44:19,072 [s1-groupManagement] INFO  server.RaftServerConfigKeys (ConfUtils.java:logGet(46)) - raft.server.rpc.slowness.timeout = 60s (default)
2024-10-20 10:44:19,072 [s1-groupManagement] INFO  server.RaftServerConfigKeys (ConfUtils.java:logGet(46)) - raft.server.leaderelection.leader.step-down.wait-time = 10s (default)
2024-10-20 10:44:19,072 [main] TRACE util.FileUtils (FileUtils.java:deleteFully(318)) - deleteFully: target/test/data/d69430f5/MiniRaftClusterWithGrpc6b9d6d2d/s2 does not exist.
2024-10-20 10:44:19,072 [main] INFO  impl.MiniRaftCluster (MiniRaftCluster.java:newRaftServer(401)) - Formatted directory target/test/data/d69430f5/MiniRaftClusterWithGrpc6b9d6d2d/s2
2024-10-20 10:44:19,072 [s1-groupManagement] INFO  server.RaftServerConfigKeys (ConfUtils.java:logGet(46)) - raft.server.leaderelection.member.majority-add = false (default)
2024-10-20 10:44:19,073 [s1-groupManagement] INFO  server.RaftServerConfigKeys (ConfUtils.java:logGet(46)) - raft.server.sleep.deviation.threshold = 300ms (default)
2024-10-20 10:44:19,073 [s1-groupManagement] INFO  server.RaftServer$Division (ServerState.java:<init>(114)) - s1@group-436914476215: ConfigurationManager, init=conf: {index: -1, cur=peers:[s0|localhost:15252, s1|localhost:15256, s2|localhost:15260]|listeners:[], old=null}, confs=<EMPTY_MAP>
2024-10-20 10:44:19,073 [main] INFO  server.RaftServer (ConfUtils.java:logGet(46)) - raft.rpc.type = GRPC (default)
2024-10-20 10:44:19,073 [s1-groupManagement] INFO  server.RaftServerConfigKeys (ConfUtils.java:logGet(46)) - raft.server.notification.no-leader.timeout = 60s (default)
2024-10-20 10:44:19,073 [s1-groupManagement] INFO  server.RaftServerConfigKeys (ConfUtils.java:logGet(46)) - raft.server.read.timeout = 10s (default)
2024-10-20 10:44:19,073 [main] INFO  grpc.GrpcConfigKeys (ConfUtils.java:logFallback(53)) - raft.grpc.admin.host = null (fallback to raft.grpc.server.host)
2024-10-20 10:44:19,073 [s1-groupManagement] INFO  server.RaftServerConfigKeys (ConfUtils.java:logGet(46)) - raft.server.retrycache.expirytime = 60s (default)
2024-10-20 10:44:19,073 [s1-groupManagement] INFO  server.RaftServerConfigKeys (ConfUtils.java:logGet(46)) - raft.server.retrycache.statistics.expirytime = 100ms (default)
2024-10-20 10:44:19,073 [main] INFO  grpc.GrpcConfigKeys (ConfUtils.java:logGet(46)) - raft.grpc.admin.port = 15261 (custom)
2024-10-20 10:44:19,073 [s1-groupManagement] INFO  server.RaftServerConfigKeys (ConfUtils.java:logGet(46)) - raft.server.read.option = DEFAULT (default)
2024-10-20 10:44:19,074 [s1-groupManagement] INFO  server.RaftServerConfigKeys (ConfUtils.java:logGet(46)) - raft.server.read.read-after-write-consistent.write-index-cache.expiry-time = 60s (default)
2024-10-20 10:44:19,073 [main] INFO  grpc.GrpcConfigKeys (ConfUtils.java:logFallback(53)) - raft.grpc.client.host = null (fallback to raft.grpc.server.host)
2024-10-20 10:44:19,074 [main] INFO  grpc.GrpcConfigKeys (ConfUtils.java:logGet(46)) - raft.grpc.client.port = 15262 (custom)
2024-10-20 10:44:19,074 [s1-groupManagement] INFO  server.RaftServerConfigKeys (ConfUtils.java:logGet(46)) - raft.server.rpc.request.timeout = 3000ms (default)
2024-10-20 10:44:19,074 [main] INFO  grpc.GrpcConfigKeys (ConfUtils.java:logGet(46)) - raft.grpc.server.host = null (default)
2024-10-20 10:44:19,074 [s1-groupManagement] INFO  server.RaftServerConfigKeys (ConfUtils.java:logGet(46)) - raft.server.log.appender.install.snapshot.enabled = true (default)
2024-10-20 10:44:19,074 [s1-groupManagement] INFO  server.RaftServerConfigKeys (ConfUtils.java:logGet(46)) - raft.server.threadpool.server.cached = true (default)
2024-10-20 10:44:19,074 [s1-groupManagement] INFO  server.RaftServerConfigKeys (ConfUtils.java:logGet(46)) - raft.server.threadpool.server.size = 0 (default)
2024-10-20 10:44:19,074 [main] INFO  grpc.GrpcConfigKeys (ConfUtils.java:logGet(46)) - raft.grpc.server.port = 15260 (custom)
2024-10-20 10:44:19,074 [s1-groupManagement] INFO  server.RaftServerConfigKeys (ConfUtils.java:logGet(46)) - raft.server.threadpool.client.cached = true (default)
2024-10-20 10:44:19,075 [main] INFO  server.GrpcServicesImpl (ConfUtils.java:logGet(46)) - raft.grpc.message.size.max = 64MB (=67108864) (default)
2024-10-20 10:44:19,075 [s1-groupManagement] INFO  server.RaftServerConfigKeys (ConfUtils.java:logGet(46)) - raft.server.threadpool.client.size = 0 (default)
2024-10-20 10:44:19,075 [main] INFO  server.GrpcServicesImpl (ConfUtils.java:logGet(46)) - raft.grpc.flow.control.window = 1MB (=1048576) (default)
2024-10-20 10:44:19,075 [main] INFO  server.RaftServerConfigKeys (ConfUtils.java:logGet(46)) - raft.server.rpc.request.timeout = 3000ms (default)
2024-10-20 10:44:19,075 [main] INFO  grpc.GrpcConfigKeys (ConfUtils.java:logGet(46)) - raft.grpc.server.heartbeat.channel = true (default)
2024-10-20 10:44:19,075 [main] INFO  grpc.GrpcConfigKeys (ConfUtils.java:logGet(46)) - raft.grpc.server.zerocopy.enabled = true (custom)
2024-10-20 10:44:19,075 [main] INFO  server.RaftServerConfigKeys (ConfUtils.java:logGet(46)) - raft.server.log.appender.buffer.byte-limit = 4MB (=4194304) (default)
2024-10-20 10:44:19,076 [main] INFO  grpc.GrpcConfigKeys (ConfUtils.java:logGet(46)) - raft.grpc.server.async.request.thread.pool.cached = true (default)
2024-10-20 10:44:19,076 [main] INFO  grpc.GrpcConfigKeys (ConfUtils.java:logGet(46)) - raft.grpc.server.async.request.thread.pool.size = 32 (default)
2024-10-20 10:44:19,077 [main] INFO  impl.DataStreamServerImpl (ConfUtils.java:logGet(46)) - raft.datastream.type = DISABLED (default)
2024-10-20 10:44:19,077 [main] INFO  server.RaftServerConfigKeys (ConfUtils.java:logGet(46)) - raft.server.sleep.deviation.threshold = 300ms (default)
2024-10-20 10:44:19,078 [main] INFO  server.RaftServerConfigKeys (ConfUtils.java:logGet(46)) - raft.server.close.threshold = 60s (default)
2024-10-20 10:44:19,078 [main] INFO  server.RaftServerConfigKeys (ConfUtils.java:logGet(46)) - raft.server.leaderelection.leader.step-down.wait-time = 10s (default)
2024-10-20 10:44:19,078 [main] INFO  server.RaftServerConfigKeys (ConfUtils.java:logGet(46)) - raft.server.storage.dir = [/home/runner/work/ratis/ratis/ratis-test/target/test/data/d69430f5/MiniRaftClusterWithGrpc6b9d6d2d/s2] (custom)
2024-10-20 10:44:19,078 [main] INFO  server.RaftServerConfigKeys (ConfUtils.java:logGet(46)) - raft.server.threadpool.proxy.cached = true (default)
2024-10-20 10:44:19,078 [main] INFO  server.RaftServerConfigKeys (ConfUtils.java:logGet(46)) - raft.server.threadpool.proxy.size = 0 (default)
2024-10-20 10:44:19,079 [main] INFO  server.RaftServer (RaftServerProxy.java:addNew(101)) - s2: addNew group-436914476215:[s0|localhost:15252, s1|localhost:15256, s2|localhost:15260] returns group-436914476215:java.util.concurrent.CompletableFuture@4b518645[Not completed]
2024-10-20 10:44:19,079 [s2-groupManagement] INFO  server.RaftServer$Division (RaftServerImpl.java:<init>(257)) - s2: new RaftServerImpl for group-436914476215:[s0|localhost:15252, s1|localhost:15256, s2|localhost:15260] with BaseStateMachine:uninitialized
2024-10-20 10:44:19,079 [s0-impl-thread1] INFO  server.RaftServerConfigKeys (ConfUtils.java:logGet(46)) - raft.server.storage.free-space.min = 0MB (=0) (default)
2024-10-20 10:44:19,079 [s0-impl-thread1] INFO  server.RaftServerConfigKeys (ConfUtils.java:logGet(46)) - raft.server.log.corruption.policy = EXCEPTION (default)
2024-10-20 10:44:19,079 [s2-groupManagement] INFO  server.RaftServerConfigKeys (ConfUtils.java:logGet(46)) - raft.server.rpc.timeout.min = 150ms (default)
2024-10-20 10:44:19,079 [s2-groupManagement] INFO  server.RaftServerConfigKeys (ConfUtils.java:logGet(46)) - raft.server.rpc.timeout.max = 300ms (default)
2024-10-20 10:44:19,079 [s0-impl-thread1] INFO  server.RaftServerConfigKeys (ConfUtils.java:logGet(46)) - raft.server.storage.dir = [/home/runner/work/ratis/ratis/ratis-test/target/test/data/d69430f5/MiniRaftClusterWithGrpc6b9d6d2d/s0] (custom)
2024-10-20 10:44:19,079 [s2-groupManagement] INFO  server.RaftServerConfigKeys (ConfUtils.java:logGet(46)) - raft.server.rpc.sleep.time = 25ms (default)
2024-10-20 10:44:19,079 [s2-groupManagement] INFO  server.RaftServerConfigKeys (ConfUtils.java:logGet(46)) - raft.server.rpc.slowness.timeout = 60s (default)
2024-10-20 10:44:19,080 [s2-groupManagement] INFO  server.RaftServerConfigKeys (ConfUtils.java:logGet(46)) - raft.server.leaderelection.leader.step-down.wait-time = 10s (default)
2024-10-20 10:44:19,080 [s2-groupManagement] INFO  server.RaftServerConfigKeys (ConfUtils.java:logGet(46)) - raft.server.leaderelection.member.majority-add = false (default)
2024-10-20 10:44:19,080 [s2-groupManagement] INFO  server.RaftServerConfigKeys (ConfUtils.java:logGet(46)) - raft.server.sleep.deviation.threshold = 300ms (default)
2024-10-20 10:44:19,080 [s0-impl-thread1] INFO  storage.RaftStorageDirectory (RaftStorageDirectoryImpl.java:analyzeStorage(138)) - The storage directory /home/runner/work/ratis/ratis/ratis-test/target/test/data/d69430f5/MiniRaftClusterWithGrpc6b9d6d2d/s0/fd8814ef-b2fd-4859-a487-436914476215 does not exist. Creating ...
2024-10-20 10:44:19,080 [s2-groupManagement] INFO  server.RaftServer$Division (ServerState.java:<init>(114)) - s2@group-436914476215: ConfigurationManager, init=conf: {index: -1, cur=peers:[s0|localhost:15252, s1|localhost:15256, s2|localhost:15260]|listeners:[], old=null}, confs=<EMPTY_MAP>
2024-10-20 10:44:19,080 [s2-groupManagement] INFO  server.RaftServerConfigKeys (ConfUtils.java:logGet(46)) - raft.server.notification.no-leader.timeout = 60s (default)
2024-10-20 10:44:19,080 [s2-groupManagement] INFO  server.RaftServerConfigKeys (ConfUtils.java:logGet(46)) - raft.server.read.timeout = 10s (default)
2024-10-20 10:44:19,080 [s2-groupManagement] INFO  server.RaftServerConfigKeys (ConfUtils.java:logGet(46)) - raft.server.retrycache.expirytime = 60s (default)
2024-10-20 10:44:19,080 [s2-groupManagement] INFO  server.RaftServerConfigKeys (ConfUtils.java:logGet(46)) - raft.server.retrycache.statistics.expirytime = 100ms (default)
2024-10-20 10:44:19,080 [s0-impl-thread1] TRACE util.FileUtils (LogUtils.java:runAndLog(49)) - Successfully ran Files.createDirectories /home/runner/work/ratis/ratis/ratis-test/target/test/data/d69430f5/MiniRaftClusterWithGrpc6b9d6d2d/s0/fd8814ef-b2fd-4859-a487-436914476215
2024-10-20 10:44:19,080 [s2-groupManagement] INFO  server.RaftServerConfigKeys (ConfUtils.java:logGet(46)) - raft.server.read.option = DEFAULT (default)
2024-10-20 10:44:19,080 [s2-groupManagement] INFO  server.RaftServerConfigKeys (ConfUtils.java:logGet(46)) - raft.server.read.read-after-write-consistent.write-index-cache.expiry-time = 60s (default)
2024-10-20 10:44:19,081 [s2-groupManagement] INFO  server.RaftServerConfigKeys (ConfUtils.java:logGet(46)) - raft.server.rpc.request.timeout = 3000ms (default)
2024-10-20 10:44:19,081 [s2-groupManagement] INFO  server.RaftServerConfigKeys (ConfUtils.java:logGet(46)) - raft.server.log.appender.install.snapshot.enabled = true (default)
2024-10-20 10:44:19,081 [s2-groupManagement] INFO  server.RaftServerConfigKeys (ConfUtils.java:logGet(46)) - raft.server.threadpool.server.cached = true (default)
2024-10-20 10:44:19,081 [s2-groupManagement] INFO  server.RaftServerConfigKeys (ConfUtils.java:logGet(46)) - raft.server.threadpool.server.size = 0 (default)
2024-10-20 10:44:19,081 [s2-groupManagement] INFO  server.RaftServerConfigKeys (ConfUtils.java:logGet(46)) - raft.server.threadpool.client.cached = true (default)
2024-10-20 10:44:19,081 [s2-groupManagement] INFO  server.RaftServerConfigKeys (ConfUtils.java:logGet(46)) - raft.server.threadpool.client.size = 0 (default)
2024-10-20 10:44:19,081 [s0-impl-thread1] INFO  storage.RaftStorageDirectory (RaftStorageDirectoryImpl.java:tryLock(229)) - Lock on /home/runner/work/ratis/ratis/ratis-test/target/test/data/d69430f5/MiniRaftClusterWithGrpc6b9d6d2d/s0/fd8814ef-b2fd-4859-a487-436914476215/in_use.lock acquired by nodename 10902@fv-az889-899
2024-10-20 10:44:19,081 [s0-impl-thread1] TRACE util.FileUtils (LogUtils.java:runAndLog(49)) - Successfully ran Files.createDirectories /home/runner/work/ratis/ratis/ratis-test/target/test/data/d69430f5/MiniRaftClusterWithGrpc6b9d6d2d/s0/fd8814ef-b2fd-4859-a487-436914476215/current
2024-10-20 10:44:19,081 [s0-impl-thread1] TRACE util.FileUtils (LogUtils.java:runAndLog(49)) - Successfully ran Files.createDirectories /home/runner/work/ratis/ratis/ratis-test/target/test/data/d69430f5/MiniRaftClusterWithGrpc6b9d6d2d/s0/fd8814ef-b2fd-4859-a487-436914476215/sm
2024-10-20 10:44:19,082 [s0-impl-thread1] TRACE util.FileUtils (LogUtils.java:supplyAndLog(69)) - Successfully supplied FileChannel.open /home/runner/work/ratis/ratis/ratis-test/target/test/data/d69430f5/MiniRaftClusterWithGrpc6b9d6d2d/s0/fd8814ef-b2fd-4859-a487-436914476215/current/raft-meta.tmp with options [CREATE, WRITE]: sun.nio.ch.FileChannelImpl@72237048
2024-10-20 10:44:19,093 [s0-impl-thread1] TRACE util.FileUtils (LogUtils.java:runAndLog(49)) - Successfully ran Atomic Files.move /home/runner/work/ratis/ratis/ratis-test/target/test/data/d69430f5/MiniRaftClusterWithGrpc6b9d6d2d/s0/fd8814ef-b2fd-4859-a487-436914476215/current/raft-meta.tmp to /home/runner/work/ratis/ratis/ratis-test/target/test/data/d69430f5/MiniRaftClusterWithGrpc6b9d6d2d/s0/fd8814ef-b2fd-4859-a487-436914476215/current/raft-meta with options [REPLACE_EXISTING]
2024-10-20 10:44:19,094 [s0-impl-thread1] INFO  storage.RaftStorage (RaftStorageImpl.java:format(98)) - Storage directory /home/runner/work/ratis/ratis/ratis-test/target/test/data/d69430f5/MiniRaftClusterWithGrpc6b9d6d2d/s0/fd8814ef-b2fd-4859-a487-436914476215 has been successfully formatted.
2024-10-20 10:44:19,094 [s0-impl-thread1] INFO  server.RaftServerConfigKeys (ConfUtils.java:logGet(46)) - raft.server.log.use.memory = false (default)
2024-10-20 10:44:19,094 [s0-impl-thread1] INFO  server.RaftServerConfigKeys (ConfUtils.java:logGet(46)) - raft.server.log.purge.gap = 1024 (default)
2024-10-20 10:44:19,094 [s0-impl-thread1] INFO  server.RaftServerConfigKeys (ConfUtils.java:logGet(46)) - raft.server.log.appender.buffer.byte-limit = 4MB (=4194304) (default)
2024-10-20 10:44:19,094 [s0-impl-thread1] INFO  server.RaftServerConfigKeys (ConfUtils.java:logGet(46)) - raft.server.log.statemachine.data.read.timeout = 1000ms (default)
2024-10-20 10:44:19,094 [s0-impl-thread1] INFO  server.RaftServerConfigKeys (ConfUtils.java:logGet(46)) - raft.server.log.purge.preservation.log.num = 0 (default)
2024-10-20 10:44:19,094 [s0-impl-thread1] INFO  server.RaftServerConfigKeys (ConfUtils.java:logGet(46)) - raft.server.log.segment.size.max = 32MB (=33554432) (default)
2024-10-20 10:44:19,094 [s0-impl-thread1] INFO  server.RaftServerConfigKeys (ConfUtils.java:logGet(46)) - raft.server.log.segment.cache.num.max = 6 (default)
2024-10-20 10:44:19,094 [s0-impl-thread1] INFO  server.RaftServerConfigKeys (ConfUtils.java:logGet(46)) - raft.server.log.segment.cache.size.max = 200MB (=209715200) (default)
2024-10-20 10:44:19,094 [s0-impl-thread1] INFO  server.RaftServerConfigKeys (ConfUtils.java:logGet(46)) - raft.server.log.appender.buffer.byte-limit = 4MB (=4194304) (default)
2024-10-20 10:44:19,094 [s0-impl-thread1] INFO  util.AwaitToRun (AwaitToRun.java:start(81)) - Thread[s0@group-436914476215-cacheEviction-AwaitToRun,5,main] started
2024-10-20 10:44:19,095 [s0-impl-thread1] INFO  segmented.SegmentedRaftLogWorker (SegmentedRaftLogWorker.java:<init>(188)) - new s0@group-436914476215-SegmentedRaftLogWorker for RaftStorageImpl:Storage Directory /home/runner/work/ratis/ratis/ratis-test/target/test/data/d69430f5/MiniRaftClusterWithGrpc6b9d6d2d/s0/fd8814ef-b2fd-4859-a487-436914476215
2024-10-20 10:44:19,095 [s0-impl-thread1] INFO  server.RaftServerConfigKeys (ConfUtils.java:logGet(46)) - raft.server.log.queue.byte-limit = 64MB (=67108864) (default)
2024-10-20 10:44:19,095 [s0-impl-thread1] INFO  server.RaftServerConfigKeys (ConfUtils.java:logGet(46)) - raft.server.log.queue.element-limit = 4096 (default)
2024-10-20 10:44:19,095 [s0-impl-thread1] INFO  server.RaftServerConfigKeys (ConfUtils.java:logGet(46)) - raft.server.log.segment.size.max = 32MB (=33554432) (default)
2024-10-20 10:44:19,095 [s0-impl-thread1] INFO  server.RaftServerConfigKeys (ConfUtils.java:logGet(46)) - raft.server.log.preallocated.size = 4MB (=4194304) (default)
2024-10-20 10:44:19,095 [s0-impl-thread1] INFO  server.RaftServerConfigKeys (ConfUtils.java:logGet(46)) - raft.server.log.force.sync.num = 128 (default)
2024-10-20 10:44:19,095 [s0-impl-thread1] INFO  server.RaftServerConfigKeys (ConfUtils.java:logGet(46)) - raft.server.log.statemachine.data.sync = true (default)
2024-10-20 10:44:19,095 [s0-impl-thread1] INFO  server.RaftServerConfigKeys (ConfUtils.java:logGet(46)) - raft.server.log.statemachine.data.sync.timeout = 10s (default)
2024-10-20 10:44:19,095 [s0-impl-thread1] INFO  server.RaftServerConfigKeys (ConfUtils.java:logGet(46)) - raft.server.log.statemachine.data.sync.timeout.retry = -1 (default)
2024-10-20 10:44:19,095 [s0-impl-thread1] INFO  server.RaftServerConfigKeys (ConfUtils.java:logGet(46)) - raft.server.log.write.buffer.size = 8MB (=8388608) (default)
2024-10-20 10:44:19,095 [s0-impl-thread1] INFO  server.RaftServerConfigKeys (ConfUtils.java:logGet(46)) - raft.server.log.appender.buffer.byte-limit = 4MB (=4194304) (default)
2024-10-20 10:44:19,095 [s0-impl-thread1] INFO  server.RaftServerConfigKeys (ConfUtils.java:logGet(46)) - raft.server.log.unsafe-flush.enabled = false (default)
2024-10-20 10:44:19,096 [s0-impl-thread1] INFO  server.RaftServerConfigKeys (ConfUtils.java:logGet(46)) - raft.server.log.async-flush.enabled = false (default)
2024-10-20 10:44:19,096 [s0-impl-thread1] INFO  server.RaftServerConfigKeys (ConfUtils.java:logGet(46)) - raft.server.log.statemachine.data.caching.enabled = false (default)
2024-10-20 10:44:19,096 [s0-impl-thread1] INFO  segmented.SegmentedRaftLogWorker (SegmentedRaftLogWorker.java:lambda$new$0(139)) - s0@group-436914476215-SegmentedRaftLogWorker: flushIndex: setUnconditionally 0 -> -1
2024-10-20 10:44:19,096 [s0-impl-thread1] INFO  segmented.SegmentedRaftLogWorker (SegmentedRaftLogWorker.java:lambda$new$0(139)) - s0@group-436914476215-SegmentedRaftLogWorker: safeCacheEvictIndex: setUnconditionally 0 -> -1
2024-10-20 10:44:19,096 [s0-impl-thread1] INFO  server.RaftServer$Division (RaftServerImpl.java:start(393)) - s0@group-436914476215: start as a follower, conf=conf: {index: -1, cur=peers:[s0|localhost:15252, s1|localhost:15256, s2|localhost:15260]|listeners:[], old=null}
2024-10-20 10:44:19,096 [s0-impl-thread1] INFO  server.RaftServer$Division (RaftServerImpl.java:setRole(380)) - s0@group-436914476215: changes role from      null to FOLLOWER at term 0 for startAsFollower
2024-10-20 10:44:19,096 [s0-impl-thread1] INFO  impl.RoleInfo (RoleInfo.java:updateAndGet(148)) - s0: start s0@group-436914476215-FollowerState
2024-10-20 10:44:19,096 [s0@group-436914476215-FollowerState] INFO  server.RaftServerConfigKeys (ConfUtils.java:logFallback(53)) - raft.server.rpc.first-election.timeout.min = 150ms (fallback to raft.server.rpc.timeout.min)
2024-10-20 10:44:19,096 [s0@group-436914476215-FollowerState] INFO  server.RaftServerConfigKeys (ConfUtils.java:logFallback(53)) - raft.server.rpc.first-election.timeout.max = 300ms (fallback to raft.server.rpc.timeout.max)
2024-10-20 10:44:19,097 [s0-impl-thread1] INFO  util.JmxRegister (JmxRegister.java:tryRegister(44)) - Successfully registered JMX Bean with object name Ratis:service=RaftServer,group=group-436914476215,id=s0
2024-10-20 10:44:19,097 [s0-impl-thread1] INFO  util.JmxRegister (JmxRegister.java:register(58)) - register mxBean class org.apache.ratis.server.impl.RaftServerJmxAdapter as Ratis:service=RaftServer,group=group-436914476215,id=s0
2024-10-20 10:44:19,097 [s0-impl-thread1] INFO  server.RaftServerConfigKeys (ConfUtils.java:logGet(46)) - raft.server.snapshot.trigger-when-stop.enabled = true (default)
2024-10-20 10:44:19,097 [s0-impl-thread1] INFO  server.RaftServerConfigKeys (ConfUtils.java:logGet(46)) - raft.server.snapshot.trigger-when-remove.enabled = true (default)
2024-10-20 10:44:19,097 [s0-impl-thread1] INFO  server.RaftServerConfigKeys (ConfUtils.java:logGet(46)) - raft.server.snapshot.auto.trigger.enabled = false (default)
2024-10-20 10:44:19,097 [s0-impl-thread1] INFO  server.RaftServerConfigKeys (ConfUtils.java:logGet(46)) - raft.server.snapshot.retention.file.num = -1 (default)
2024-10-20 10:44:19,097 [s0-impl-thread1] INFO  server.RaftServerConfigKeys (ConfUtils.java:logGet(46)) - raft.server.log.purge.upto.snapshot.index = false (default)
2024-10-20 10:44:19,097 [s0-impl-thread1] INFO  server.RaftServer$Division (RaftServerImpl.java:start(407)) - s0@group-436914476215: Successfully started.
2024-10-20 10:44:19,102 [main] INFO  server.RaftServer (RaftServerProxy.java:startImpl(408)) - s0: start RPC server
2024-10-20 10:44:19,102 [main] INFO  server.GrpcServicesImpl (GrpcServicesImpl.java:startImpl(353)) - s0: GrpcServicesImpl started, listening on 15254
2024-10-20 10:44:19,103 [main] INFO  server.GrpcServicesImpl (GrpcServicesImpl.java:startImpl(353)) - s0: GrpcServicesImpl started, listening on 15252
2024-10-20 10:44:19,103 [main] INFO  server.GrpcServicesImpl (GrpcServicesImpl.java:startImpl(353)) - s0: GrpcServicesImpl started, listening on 15253
2024-10-20 10:44:19,103 [JvmPauseMonitor63] INFO  util.JvmPauseMonitor (JvmPauseMonitor.java:run(146)) - JvmPauseMonitor-s0: Started
2024-10-20 10:44:19,103 [s1-impl-thread1] INFO  server.RaftServerConfigKeys (ConfUtils.java:logGet(46)) - raft.server.storage.free-space.min = 0MB (=0) (default)
2024-10-20 10:44:19,103 [s1-impl-thread1] INFO  server.RaftServerConfigKeys (ConfUtils.java:logGet(46)) - raft.server.log.corruption.policy = EXCEPTION (default)
2024-10-20 10:44:19,104 [s1-impl-thread1] INFO  server.RaftServerConfigKeys (ConfUtils.java:logGet(46)) - raft.server.storage.dir = [/home/runner/work/ratis/ratis/ratis-test/target/test/data/d69430f5/MiniRaftClusterWithGrpc6b9d6d2d/s1] (custom)
2024-10-20 10:44:19,104 [s1-impl-thread1] INFO  storage.RaftStorageDirectory (RaftStorageDirectoryImpl.java:analyzeStorage(138)) - The storage directory /home/runner/work/ratis/ratis/ratis-test/target/test/data/d69430f5/MiniRaftClusterWithGrpc6b9d6d2d/s1/fd8814ef-b2fd-4859-a487-436914476215 does not exist. Creating ...
2024-10-20 10:44:19,104 [s1-impl-thread1] TRACE util.FileUtils (LogUtils.java:runAndLog(49)) - Successfully ran Files.createDirectories /home/runner/work/ratis/ratis/ratis-test/target/test/data/d69430f5/MiniRaftClusterWithGrpc6b9d6d2d/s1/fd8814ef-b2fd-4859-a487-436914476215
2024-10-20 10:44:19,106 [s1-impl-thread1] INFO  storage.RaftStorageDirectory (RaftStorageDirectoryImpl.java:tryLock(229)) - Lock on /home/runner/work/ratis/ratis/ratis-test/target/test/data/d69430f5/MiniRaftClusterWithGrpc6b9d6d2d/s1/fd8814ef-b2fd-4859-a487-436914476215/in_use.lock acquired by nodename 10902@fv-az889-899
2024-10-20 10:44:19,106 [s1-impl-thread1] TRACE util.FileUtils (LogUtils.java:runAndLog(49)) - Successfully ran Files.createDirectories /home/runner/work/ratis/ratis/ratis-test/target/test/data/d69430f5/MiniRaftClusterWithGrpc6b9d6d2d/s1/fd8814ef-b2fd-4859-a487-436914476215/current
2024-10-20 10:44:19,106 [s1-impl-thread1] TRACE util.FileUtils (LogUtils.java:runAndLog(49)) - Successfully ran Files.createDirectories /home/runner/work/ratis/ratis/ratis-test/target/test/data/d69430f5/MiniRaftClusterWithGrpc6b9d6d2d/s1/fd8814ef-b2fd-4859-a487-436914476215/sm
2024-10-20 10:44:19,106 [s1-impl-thread1] TRACE util.FileUtils (LogUtils.java:supplyAndLog(69)) - Successfully supplied FileChannel.open /home/runner/work/ratis/ratis/ratis-test/target/test/data/d69430f5/MiniRaftClusterWithGrpc6b9d6d2d/s1/fd8814ef-b2fd-4859-a487-436914476215/current/raft-meta.tmp with options [CREATE, WRITE]: sun.nio.ch.FileChannelImpl@4ce60e10
2024-10-20 10:44:19,107 [s1-impl-thread1] TRACE util.FileUtils (LogUtils.java:runAndLog(49)) - Successfully ran Atomic Files.move /home/runner/work/ratis/ratis/ratis-test/target/test/data/d69430f5/MiniRaftClusterWithGrpc6b9d6d2d/s1/fd8814ef-b2fd-4859-a487-436914476215/current/raft-meta.tmp to /home/runner/work/ratis/ratis/ratis-test/target/test/data/d69430f5/MiniRaftClusterWithGrpc6b9d6d2d/s1/fd8814ef-b2fd-4859-a487-436914476215/current/raft-meta with options [REPLACE_EXISTING]
2024-10-20 10:44:19,107 [s1-impl-thread1] INFO  storage.RaftStorage (RaftStorageImpl.java:format(98)) - Storage directory /home/runner/work/ratis/ratis/ratis-test/target/test/data/d69430f5/MiniRaftClusterWithGrpc6b9d6d2d/s1/fd8814ef-b2fd-4859-a487-436914476215 has been successfully formatted.
2024-10-20 10:44:19,108 [s1-impl-thread1] INFO  server.RaftServerConfigKeys (ConfUtils.java:logGet(46)) - raft.server.log.use.memory = false (default)
2024-10-20 10:44:19,108 [s1-impl-thread1] INFO  server.RaftServerConfigKeys (ConfUtils.java:logGet(46)) - raft.server.log.purge.gap = 1024 (default)
2024-10-20 10:44:19,108 [s1-impl-thread1] INFO  server.RaftServerConfigKeys (ConfUtils.java:logGet(46)) - raft.server.log.appender.buffer.byte-limit = 4MB (=4194304) (default)
2024-10-20 10:44:19,108 [s1-impl-thread1] INFO  server.RaftServerConfigKeys (ConfUtils.java:logGet(46)) - raft.server.log.statemachine.data.read.timeout = 1000ms (default)
2024-10-20 10:44:19,108 [s1-impl-thread1] INFO  server.RaftServerConfigKeys (ConfUtils.java:logGet(46)) - raft.server.log.purge.preservation.log.num = 0 (default)
2024-10-20 10:44:19,108 [s1-impl-thread1] INFO  server.RaftServerConfigKeys (ConfUtils.java:logGet(46)) - raft.server.log.segment.size.max = 32MB (=33554432) (default)
2024-10-20 10:44:19,108 [s1-impl-thread1] INFO  server.RaftServerConfigKeys (ConfUtils.java:logGet(46)) - raft.server.log.segment.cache.num.max = 6 (default)
2024-10-20 10:44:19,108 [s1-impl-thread1] INFO  server.RaftServerConfigKeys (ConfUtils.java:logGet(46)) - raft.server.log.segment.cache.size.max = 200MB (=209715200) (default)
2024-10-20 10:44:19,108 [s1-impl-thread1] INFO  server.RaftServerConfigKeys (ConfUtils.java:logGet(46)) - raft.server.log.appender.buffer.byte-limit = 4MB (=4194304) (default)
2024-10-20 10:44:19,108 [s1-impl-thread1] INFO  util.AwaitToRun (AwaitToRun.java:start(81)) - Thread[s1@group-436914476215-cacheEviction-AwaitToRun,5,main] started
2024-10-20 10:44:19,108 [s1-impl-thread1] INFO  segmented.SegmentedRaftLogWorker (SegmentedRaftLogWorker.java:<init>(188)) - new s1@group-436914476215-SegmentedRaftLogWorker for RaftStorageImpl:Storage Directory /home/runner/work/ratis/ratis/ratis-test/target/test/data/d69430f5/MiniRaftClusterWithGrpc6b9d6d2d/s1/fd8814ef-b2fd-4859-a487-436914476215
2024-10-20 10:44:19,108 [s1-impl-thread1] INFO  server.RaftServerConfigKeys (ConfUtils.java:logGet(46)) - raft.server.log.queue.byte-limit = 64MB (=67108864) (default)
2024-10-20 10:44:19,108 [s1-impl-thread1] INFO  server.RaftServerConfigKeys (ConfUtils.java:logGet(46)) - raft.server.log.queue.element-limit = 4096 (default)
2024-10-20 10:44:19,108 [s1-impl-thread1] INFO  server.RaftServerConfigKeys (ConfUtils.java:logGet(46)) - raft.server.log.segment.size.max = 32MB (=33554432) (default)
2024-10-20 10:44:19,108 [s1-impl-thread1] INFO  server.RaftServerConfigKeys (ConfUtils.java:logGet(46)) - raft.server.log.preallocated.size = 4MB (=4194304) (default)
2024-10-20 10:44:19,108 [s1-impl-thread1] INFO  server.RaftServerConfigKeys (ConfUtils.java:logGet(46)) - raft.server.log.force.sync.num = 128 (default)
2024-10-20 10:44:19,108 [s1-impl-thread1] INFO  server.RaftServerConfigKeys (ConfUtils.java:logGet(46)) - raft.server.log.statemachine.data.sync = true (default)
2024-10-20 10:44:19,108 [s1-impl-thread1] INFO  server.RaftServerConfigKeys (ConfUtils.java:logGet(46)) - raft.server.log.statemachine.data.sync.timeout = 10s (default)
2024-10-20 10:44:19,108 [s1-impl-thread1] INFO  server.RaftServerConfigKeys (ConfUtils.java:logGet(46)) - raft.server.log.statemachine.data.sync.timeout.retry = -1 (default)
2024-10-20 10:44:19,109 [s1-impl-thread1] INFO  server.RaftServerConfigKeys (ConfUtils.java:logGet(46)) - raft.server.log.write.buffer.size = 8MB (=8388608) (default)
2024-10-20 10:44:19,109 [s1-impl-thread1] INFO  server.RaftServerConfigKeys (ConfUtils.java:logGet(46)) - raft.server.log.appender.buffer.byte-limit = 4MB (=4194304) (default)
2024-10-20 10:44:19,109 [s1-impl-thread1] INFO  server.RaftServerConfigKeys (ConfUtils.java:logGet(46)) - raft.server.log.unsafe-flush.enabled = false (default)
2024-10-20 10:44:19,109 [s1-impl-thread1] INFO  server.RaftServerConfigKeys (ConfUtils.java:logGet(46)) - raft.server.log.async-flush.enabled = false (default)
2024-10-20 10:44:19,109 [s1-impl-thread1] INFO  server.RaftServerConfigKeys (ConfUtils.java:logGet(46)) - raft.server.log.statemachine.data.caching.enabled = false (default)
2024-10-20 10:44:19,109 [s1-impl-thread1] INFO  segmented.SegmentedRaftLogWorker (SegmentedRaftLogWorker.java:lambda$new$0(139)) - s1@group-436914476215-SegmentedRaftLogWorker: flushIndex: setUnconditionally 0 -> -1
2024-10-20 10:44:19,109 [s1-impl-thread1] INFO  segmented.SegmentedRaftLogWorker (SegmentedRaftLogWorker.java:lambda$new$0(139)) - s1@group-436914476215-SegmentedRaftLogWorker: safeCacheEvictIndex: setUnconditionally 0 -> -1
2024-10-20 10:44:19,109 [s1-impl-thread1] INFO  server.RaftServer$Division (RaftServerImpl.java:start(393)) - s1@group-436914476215: start as a follower, conf=conf: {index: -1, cur=peers:[s0|localhost:15252, s1|localhost:15256, s2|localhost:15260]|listeners:[], old=null}
2024-10-20 10:44:19,109 [s1-impl-thread1] INFO  server.RaftServer$Division (RaftServerImpl.java:setRole(380)) - s1@group-436914476215: changes role from      null to FOLLOWER at term 0 for startAsFollower
2024-10-20 10:44:19,109 [s1-impl-thread1] INFO  impl.RoleInfo (RoleInfo.java:updateAndGet(148)) - s1: start s1@group-436914476215-FollowerState
2024-10-20 10:44:19,110 [s1@group-436914476215-FollowerState] INFO  server.RaftServerConfigKeys (ConfUtils.java:logFallback(53)) - raft.server.rpc.first-election.timeout.min = 150ms (fallback to raft.server.rpc.timeout.min)
2024-10-20 10:44:19,110 [s1-impl-thread1] INFO  util.JmxRegister (JmxRegister.java:tryRegister(44)) - Successfully registered JMX Bean with object name Ratis:service=RaftServer,group=group-436914476215,id=s1
2024-10-20 10:44:19,110 [s1-impl-thread1] INFO  util.JmxRegister (JmxRegister.java:register(58)) - register mxBean class org.apache.ratis.server.impl.RaftServerJmxAdapter as Ratis:service=RaftServer,group=group-436914476215,id=s1
2024-10-20 10:44:19,110 [s1@group-436914476215-FollowerState] INFO  server.RaftServerConfigKeys (ConfUtils.java:logFallback(53)) - raft.server.rpc.first-election.timeout.max = 300ms (fallback to raft.server.rpc.timeout.max)
2024-10-20 10:44:19,110 [s1-impl-thread1] INFO  server.RaftServerConfigKeys (ConfUtils.java:logGet(46)) - raft.server.snapshot.trigger-when-stop.enabled = true (default)
2024-10-20 10:44:19,110 [s1-impl-thread1] INFO  server.RaftServerConfigKeys (ConfUtils.java:logGet(46)) - raft.server.snapshot.trigger-when-remove.enabled = true (default)
2024-10-20 10:44:19,110 [s1-impl-thread1] INFO  server.RaftServerConfigKeys (ConfUtils.java:logGet(46)) - raft.server.snapshot.auto.trigger.enabled = false (default)
2024-10-20 10:44:19,110 [s1-impl-thread1] INFO  server.RaftServerConfigKeys (ConfUtils.java:logGet(46)) - raft.server.snapshot.retention.file.num = -1 (default)
2024-10-20 10:44:19,110 [s1-impl-thread1] INFO  server.RaftServerConfigKeys (ConfUtils.java:logGet(46)) - raft.server.log.purge.upto.snapshot.index = false (default)
2024-10-20 10:44:19,110 [s1-impl-thread1] INFO  server.RaftServer$Division (RaftServerImpl.java:start(407)) - s1@group-436914476215: Successfully started.
2024-10-20 10:44:19,110 [main] INFO  server.RaftServer (RaftServerProxy.java:startImpl(408)) - s1: start RPC server
2024-10-20 10:44:19,110 [main] INFO  server.GrpcServicesImpl (GrpcServicesImpl.java:startImpl(353)) - s1: GrpcServicesImpl started, listening on 15258
2024-10-20 10:44:19,111 [main] INFO  server.GrpcServicesImpl (GrpcServicesImpl.java:startImpl(353)) - s1: GrpcServicesImpl started, listening on 15256
2024-10-20 10:44:19,111 [main] INFO  server.GrpcServicesImpl (GrpcServicesImpl.java:startImpl(353)) - s1: GrpcServicesImpl started, listening on 15257
2024-10-20 10:44:19,111 [s2-impl-thread1] INFO  server.RaftServerConfigKeys (ConfUtils.java:logGet(46)) - raft.server.storage.free-space.min = 0MB (=0) (default)
2024-10-20 10:44:19,111 [s2-impl-thread1] INFO  server.RaftServerConfigKeys (ConfUtils.java:logGet(46)) - raft.server.log.corruption.policy = EXCEPTION (default)
2024-10-20 10:44:19,111 [JvmPauseMonitor64] INFO  util.JvmPauseMonitor (JvmPauseMonitor.java:run(146)) - JvmPauseMonitor-s1: Started
2024-10-20 10:44:19,111 [s2-impl-thread1] INFO  server.RaftServerConfigKeys (ConfUtils.java:logGet(46)) - raft.server.storage.dir = [/home/runner/work/ratis/ratis/ratis-test/target/test/data/d69430f5/MiniRaftClusterWithGrpc6b9d6d2d/s2] (custom)
2024-10-20 10:44:19,111 [s2-impl-thread1] INFO  storage.RaftStorageDirectory (RaftStorageDirectoryImpl.java:analyzeStorage(138)) - The storage directory /home/runner/work/ratis/ratis/ratis-test/target/test/data/d69430f5/MiniRaftClusterWithGrpc6b9d6d2d/s2/fd8814ef-b2fd-4859-a487-436914476215 does not exist. Creating ...
2024-10-20 10:44:19,112 [s2-impl-thread1] TRACE util.FileUtils (LogUtils.java:runAndLog(49)) - Successfully ran Files.createDirectories /home/runner/work/ratis/ratis/ratis-test/target/test/data/d69430f5/MiniRaftClusterWithGrpc6b9d6d2d/s2/fd8814ef-b2fd-4859-a487-436914476215
2024-10-20 10:44:19,113 [s2-impl-thread1] INFO  storage.RaftStorageDirectory (RaftStorageDirectoryImpl.java:tryLock(229)) - Lock on /home/runner/work/ratis/ratis/ratis-test/target/test/data/d69430f5/MiniRaftClusterWithGrpc6b9d6d2d/s2/fd8814ef-b2fd-4859-a487-436914476215/in_use.lock acquired by nodename 10902@fv-az889-899
2024-10-20 10:44:19,113 [s2-impl-thread1] TRACE util.FileUtils (LogUtils.java:runAndLog(49)) - Successfully ran Files.createDirectories /home/runner/work/ratis/ratis/ratis-test/target/test/data/d69430f5/MiniRaftClusterWithGrpc6b9d6d2d/s2/fd8814ef-b2fd-4859-a487-436914476215/current
2024-10-20 10:44:19,113 [s2-impl-thread1] TRACE util.FileUtils (LogUtils.java:runAndLog(49)) - Successfully ran Files.createDirectories /home/runner/work/ratis/ratis/ratis-test/target/test/data/d69430f5/MiniRaftClusterWithGrpc6b9d6d2d/s2/fd8814ef-b2fd-4859-a487-436914476215/sm
2024-10-20 10:44:19,113 [s2-impl-thread1] TRACE util.FileUtils (LogUtils.java:supplyAndLog(69)) - Successfully supplied FileChannel.open /home/runner/work/ratis/ratis/ratis-test/target/test/data/d69430f5/MiniRaftClusterWithGrpc6b9d6d2d/s2/fd8814ef-b2fd-4859-a487-436914476215/current/raft-meta.tmp with options [CREATE, WRITE]: sun.nio.ch.FileChannelImpl@36386bb1
2024-10-20 10:44:19,115 [s2-impl-thread1] TRACE util.FileUtils (LogUtils.java:runAndLog(49)) - Successfully ran Atomic Files.move /home/runner/work/ratis/ratis/ratis-test/target/test/data/d69430f5/MiniRaftClusterWithGrpc6b9d6d2d/s2/fd8814ef-b2fd-4859-a487-436914476215/current/raft-meta.tmp to /home/runner/work/ratis/ratis/ratis-test/target/test/data/d69430f5/MiniRaftClusterWithGrpc6b9d6d2d/s2/fd8814ef-b2fd-4859-a487-436914476215/current/raft-meta with options [REPLACE_EXISTING]
2024-10-20 10:44:19,115 [s2-impl-thread1] INFO  storage.RaftStorage (RaftStorageImpl.java:format(98)) - Storage directory /home/runner/work/ratis/ratis/ratis-test/target/test/data/d69430f5/MiniRaftClusterWithGrpc6b9d6d2d/s2/fd8814ef-b2fd-4859-a487-436914476215 has been successfully formatted.
2024-10-20 10:44:19,115 [s2-impl-thread1] INFO  server.RaftServerConfigKeys (ConfUtils.java:logGet(46)) - raft.server.log.use.memory = false (default)
2024-10-20 10:44:19,115 [s2-impl-thread1] INFO  server.RaftServerConfigKeys (ConfUtils.java:logGet(46)) - raft.server.log.purge.gap = 1024 (default)
2024-10-20 10:44:19,115 [s2-impl-thread1] INFO  server.RaftServerConfigKeys (ConfUtils.java:logGet(46)) - raft.server.log.appender.buffer.byte-limit = 4MB (=4194304) (default)
2024-10-20 10:44:19,116 [s2-impl-thread1] INFO  server.RaftServerConfigKeys (ConfUtils.java:logGet(46)) - raft.server.log.statemachine.data.read.timeout = 1000ms (default)
2024-10-20 10:44:19,116 [s2-impl-thread1] INFO  server.RaftServerConfigKeys (ConfUtils.java:logGet(46)) - raft.server.log.purge.preservation.log.num = 0 (default)
2024-10-20 10:44:19,116 [s2-impl-thread1] INFO  server.RaftServerConfigKeys (ConfUtils.java:logGet(46)) - raft.server.log.segment.size.max = 32MB (=33554432) (default)
2024-10-20 10:44:19,116 [s2-impl-thread1] INFO  server.RaftServerConfigKeys (ConfUtils.java:logGet(46)) - raft.server.log.segment.cache.num.max = 6 (default)
2024-10-20 10:44:19,116 [s2-impl-thread1] INFO  server.RaftServerConfigKeys (ConfUtils.java:logGet(46)) - raft.server.log.segment.cache.size.max = 200MB (=209715200) (default)
2024-10-20 10:44:19,116 [s2-impl-thread1] INFO  server.RaftServerConfigKeys (ConfUtils.java:logGet(46)) - raft.server.log.appender.buffer.byte-limit = 4MB (=4194304) (default)
2024-10-20 10:44:19,116 [s2-impl-thread1] INFO  util.AwaitToRun (AwaitToRun.java:start(81)) - Thread[s2@group-436914476215-cacheEviction-AwaitToRun,5,main] started
2024-10-20 10:44:19,116 [s2-impl-thread1] INFO  segmented.SegmentedRaftLogWorker (SegmentedRaftLogWorker.java:<init>(188)) - new s2@group-436914476215-SegmentedRaftLogWorker for RaftStorageImpl:Storage Directory /home/runner/work/ratis/ratis/ratis-test/target/test/data/d69430f5/MiniRaftClusterWithGrpc6b9d6d2d/s2/fd8814ef-b2fd-4859-a487-436914476215
2024-10-20 10:44:19,116 [s2-impl-thread1] INFO  server.RaftServerConfigKeys (ConfUtils.java:logGet(46)) - raft.server.log.queue.byte-limit = 64MB (=67108864) (default)
2024-10-20 10:44:19,116 [s2-impl-thread1] INFO  server.RaftServerConfigKeys (ConfUtils.java:logGet(46)) - raft.server.log.queue.element-limit = 4096 (default)
2024-10-20 10:44:19,116 [s2-impl-thread1] INFO  server.RaftServerConfigKeys (ConfUtils.java:logGet(46)) - raft.server.log.segment.size.max = 32MB (=33554432) (default)
2024-10-20 10:44:19,116 [s2-impl-thread1] INFO  server.RaftServerConfigKeys (ConfUtils.java:logGet(46)) - raft.server.log.preallocated.size = 4MB (=4194304) (default)
2024-10-20 10:44:19,116 [s2-impl-thread1] INFO  server.RaftServerConfigKeys (ConfUtils.java:logGet(46)) - raft.server.log.force.sync.num = 128 (default)
2024-10-20 10:44:19,116 [s2-impl-thread1] INFO  server.RaftServerConfigKeys (ConfUtils.java:logGet(46)) - raft.server.log.statemachine.data.sync = true (default)
2024-10-20 10:44:19,116 [s2-impl-thread1] INFO  server.RaftServerConfigKeys (ConfUtils.java:logGet(46)) - raft.server.log.statemachine.data.sync.timeout = 10s (default)
2024-10-20 10:44:19,117 [s2-impl-thread1] INFO  server.RaftServerConfigKeys (ConfUtils.java:logGet(46)) - raft.server.log.statemachine.data.sync.timeout.retry = -1 (default)
2024-10-20 10:44:19,117 [s2-impl-thread1] INFO  server.RaftServerConfigKeys (ConfUtils.java:logGet(46)) - raft.server.log.write.buffer.size = 8MB (=8388608) (default)
2024-10-20 10:44:19,117 [s2-impl-thread1] INFO  server.RaftServerConfigKeys (ConfUtils.java:logGet(46)) - raft.server.log.appender.buffer.byte-limit = 4MB (=4194304) (default)
2024-10-20 10:44:19,117 [s2-impl-thread1] INFO  server.RaftServerConfigKeys (ConfUtils.java:logGet(46)) - raft.server.log.unsafe-flush.enabled = false (default)
2024-10-20 10:44:19,117 [s2-impl-thread1] INFO  server.RaftServerConfigKeys (ConfUtils.java:logGet(46)) - raft.server.log.async-flush.enabled = false (default)
2024-10-20 10:44:19,117 [s2-impl-thread1] INFO  server.RaftServerConfigKeys (ConfUtils.java:logGet(46)) - raft.server.log.statemachine.data.caching.enabled = false (default)
2024-10-20 10:44:19,117 [s2-impl-thread1] INFO  segmented.SegmentedRaftLogWorker (SegmentedRaftLogWorker.java:lambda$new$0(139)) - s2@group-436914476215-SegmentedRaftLogWorker: flushIndex: setUnconditionally 0 -> -1
2024-10-20 10:44:19,117 [s2-impl-thread1] INFO  segmented.SegmentedRaftLogWorker (SegmentedRaftLogWorker.java:lambda$new$0(139)) - s2@group-436914476215-SegmentedRaftLogWorker: safeCacheEvictIndex: setUnconditionally 0 -> -1
2024-10-20 10:44:19,117 [s2-impl-thread1] INFO  server.RaftServer$Division (RaftServerImpl.java:start(393)) - s2@group-436914476215: start as a follower, conf=conf: {index: -1, cur=peers:[s0|localhost:15252, s1|localhost:15256, s2|localhost:15260]|listeners:[], old=null}
2024-10-20 10:44:19,118 [s2-impl-thread1] INFO  server.RaftServer$Division (RaftServerImpl.java:setRole(380)) - s2@group-436914476215: changes role from      null to FOLLOWER at term 0 for startAsFollower
2024-10-20 10:44:19,118 [s2-impl-thread1] INFO  impl.RoleInfo (RoleInfo.java:updateAndGet(148)) - s2: start s2@group-436914476215-FollowerState
2024-10-20 10:44:19,118 [s2-impl-thread1] INFO  util.JmxRegister (JmxRegister.java:tryRegister(44)) - Successfully registered JMX Bean with object name Ratis:service=RaftServer,group=group-436914476215,id=s2
2024-10-20 10:44:19,118 [s2-impl-thread1] INFO  util.JmxRegister (JmxRegister.java:register(58)) - register mxBean class org.apache.ratis.server.impl.RaftServerJmxAdapter as Ratis:service=RaftServer,group=group-436914476215,id=s2
2024-10-20 10:44:19,118 [s2@group-436914476215-FollowerState] INFO  server.RaftServerConfigKeys (ConfUtils.java:logFallback(53)) - raft.server.rpc.first-election.timeout.min = 150ms (fallback to raft.server.rpc.timeout.min)
2024-10-20 10:44:19,118 [s2@group-436914476215-FollowerState] INFO  server.RaftServerConfigKeys (ConfUtils.java:logFallback(53)) - raft.server.rpc.first-election.timeout.max = 300ms (fallback to raft.server.rpc.timeout.max)
2024-10-20 10:44:19,118 [s2-impl-thread1] INFO  server.RaftServerConfigKeys (ConfUtils.java:logGet(46)) - raft.server.snapshot.trigger-when-stop.enabled = true (default)
2024-10-20 10:44:19,118 [s2-impl-thread1] INFO  server.RaftServerConfigKeys (ConfUtils.java:logGet(46)) - raft.server.snapshot.trigger-when-remove.enabled = true (default)
2024-10-20 10:44:19,118 [s2-impl-thread1] INFO  server.RaftServerConfigKeys (ConfUtils.java:logGet(46)) - raft.server.snapshot.auto.trigger.enabled = false (default)
2024-10-20 10:44:19,118 [s2-impl-thread1] INFO  server.RaftServerConfigKeys (ConfUtils.java:logGet(46)) - raft.server.snapshot.retention.file.num = -1 (default)
2024-10-20 10:44:19,118 [s2-impl-thread1] INFO  server.RaftServerConfigKeys (ConfUtils.java:logGet(46)) - raft.server.log.purge.upto.snapshot.index = false (default)
2024-10-20 10:44:19,118 [s2-impl-thread1] INFO  server.RaftServer$Division (RaftServerImpl.java:start(407)) - s2@group-436914476215: Successfully started.
2024-10-20 10:44:19,118 [main] INFO  server.RaftServer (RaftServerProxy.java:startImpl(408)) - s2: start RPC server
2024-10-20 10:44:19,119 [main] INFO  server.GrpcServicesImpl (GrpcServicesImpl.java:startImpl(353)) - s2: GrpcServicesImpl started, listening on 15262
2024-10-20 10:44:19,119 [main] INFO  server.GrpcServicesImpl (GrpcServicesImpl.java:startImpl(353)) - s2: GrpcServicesImpl started, listening on 15260
2024-10-20 10:44:19,119 [main] INFO  server.GrpcServicesImpl (GrpcServicesImpl.java:startImpl(353)) - s2: GrpcServicesImpl started, listening on 15261
2024-10-20 10:44:19,119 [JvmPauseMonitor65] INFO  util.JvmPauseMonitor (JvmPauseMonitor.java:run(146)) - JvmPauseMonitor-s2: Started
2024-10-20 10:44:19,119 [main] INFO  server.RaftServerConfigKeys (ConfUtils.java:logGet(46)) - raft.server.rpc.timeout.max = 300ms (default)
2024-10-20 10:44:19,120 [main] INFO  ratis.RaftTestUtil (RaftTestUtil.java:waitForLeader(107)) - printing ALL groups
  s0:  RUNNING  FOLLOWER s0@group-436914476215:t0, leader=null, voted=, raftlog=Memoized:s0@group-436914476215-SegmentedRaftLog:OPENED:c-1:lastnull, conf=conf: {index: -1, cur=peers:[s0|localhost:15252, s1|localhost:15256, s2|localhost:15260]|listeners:[], old=null} RUNNING
  s1:  RUNNING  FOLLOWER s1@group-436914476215:t0, leader=null, voted=, raftlog=Memoized:s1@group-436914476215-SegmentedRaftLog:OPENED:c-1:lastnull, conf=conf: {index: -1, cur=peers:[s0|localhost:15252, s1|localhost:15256, s2|localhost:15260]|listeners:[], old=null} RUNNING
  s2:  RUNNING  FOLLOWER s2@group-436914476215:t0, leader=null, voted=, raftlog=Memoized:s2@group-436914476215-SegmentedRaftLog:OPENED:c-1:lastnull, conf=conf: {index: -1, cur=peers:[s0|localhost:15252, s1|localhost:15256, s2|localhost:15260]|listeners:[], old=null} RUNNING
2024-10-20 10:44:19,120 [main] WARN  ratis.RaftTestUtil (RaftTestUtil.java:lambda$waitForLeader$3(126)) - Attempt #1 failed: java.lang.IllegalStateException: No leader yet : printing ALL groups
  s0:  RUNNING  FOLLOWER s0@group-436914476215:t0, leader=null, voted=, raftlog=Memoized:s0@group-436914476215-SegmentedRaftLog:OPENED:c-1:lastnull, conf=conf: {index: -1, cur=peers:[s0|localhost:15252, s1|localhost:15256, s2|localhost:15260]|listeners:[], old=null} RUNNING
  s1:  RUNNING  FOLLOWER s1@group-436914476215:t0, leader=null, voted=, raftlog=Memoized:s1@group-436914476215-SegmentedRaftLog:OPENED:c-1:lastnull, conf=conf: {index: -1, cur=peers:[s0|localhost:15252, s1|localhost:15256, s2|localhost:15260]|listeners:[], old=null} RUNNING
  s2:  RUNNING  FOLLOWER s2@group-436914476215:t0, leader=null, voted=, raftlog=Memoized:s2@group-436914476215-SegmentedRaftLog:OPENED:c-1:lastnull, conf=conf: {index: -1, cur=peers:[s0|localhost:15252, s1|localhost:15256, s2|localhost:15260]|listeners:[], old=null} RUNNING
2024-10-20 10:44:19,283 [s1@group-436914476215-FollowerState] INFO  impl.FollowerState (FollowerState.java:runImpl(161)) - s1@group-436914476215-FollowerState: change to CANDIDATE, lastRpcElapsedTime:173486180ns, electionTimeout:173ms
2024-10-20 10:44:19,283 [s1@group-436914476215-FollowerState] INFO  impl.RoleInfo (RoleInfo.java:shutdownFollowerState(121)) - s1: shutdown s1@group-436914476215-FollowerState
2024-10-20 10:44:19,283 [s1@group-436914476215-FollowerState] INFO  server.RaftServer$Division (RaftServerImpl.java:setRole(380)) - s1@group-436914476215: changes role from  FOLLOWER to CANDIDATE at term 0 for changeToCandidate
2024-10-20 10:44:19,283 [s1@group-436914476215-FollowerState] INFO  server.RaftServerConfigKeys (ConfUtils.java:logGet(46)) - raft.server.leaderelection.pre-vote = true (default)
2024-10-20 10:44:19,283 [s1@group-436914476215-FollowerState] INFO  impl.RoleInfo (RoleInfo.java:updateAndGet(148)) - s1: start s1@group-436914476215-LeaderElection69
2024-10-20 10:44:19,283 [s1@group-436914476215-LeaderElection69] INFO  impl.LeaderElection (LeaderElection.java:askForVotes(333)) - s1@group-436914476215-LeaderElection69 PRE_VOTE round 0: submit vote requests at term 0 for conf: {index: -1, cur=peers:[s0|localhost:15252, s1|localhost:15256, s2|localhost:15260]|listeners:[], old=null}
2024-10-20 10:44:19,284 [s1@group-436914476215-LeaderElection69-1] INFO  server.GrpcServerProtocolClient (GrpcServerProtocolClient.java:<init>(65)) - Build channel for s0|localhost:15252
2024-10-20 10:44:19,284 [s1@group-436914476215-LeaderElection69-2] INFO  server.GrpcServerProtocolClient (GrpcServerProtocolClient.java:<init>(65)) - Build channel for s2|localhost:15260
2024-10-20 10:44:19,284 [s1@group-436914476215-LeaderElection69] INFO  server.RaftServerConfigKeys (ConfUtils.java:logFallback(53)) - raft.server.rpc.first-election.timeout.min = 150ms (fallback to raft.server.rpc.timeout.min)
2024-10-20 10:44:19,284 [s1@group-436914476215-LeaderElection69] INFO  server.RaftServerConfigKeys (ConfUtils.java:logFallback(53)) - raft.server.rpc.first-election.timeout.max = 300ms (fallback to raft.server.rpc.timeout.max)
2024-10-20 10:44:19,286 [s2@group-436914476215-FollowerState] INFO  impl.FollowerState (FollowerState.java:runImpl(161)) - s2@group-436914476215-FollowerState: change to CANDIDATE, lastRpcElapsedTime:168870641ns, electionTimeout:168ms
2024-10-20 10:44:19,286 [s2@group-436914476215-FollowerState] INFO  impl.RoleInfo (RoleInfo.java:shutdownFollowerState(121)) - s2: shutdown s2@group-436914476215-FollowerState
2024-10-20 10:44:19,287 [s2@group-436914476215-FollowerState] INFO  server.RaftServer$Division (RaftServerImpl.java:setRole(380)) - s2@group-436914476215: changes role from  FOLLOWER to CANDIDATE at term 0 for changeToCandidate
2024-10-20 10:44:19,287 [s2@group-436914476215-FollowerState] INFO  server.RaftServerConfigKeys (ConfUtils.java:logGet(46)) - raft.server.leaderelection.pre-vote = true (default)
2024-10-20 10:44:19,287 [s2@group-436914476215-FollowerState] INFO  impl.RoleInfo (RoleInfo.java:updateAndGet(148)) - s2: start s2@group-436914476215-LeaderElection70
2024-10-20 10:44:19,287 [s2@group-436914476215-LeaderElection70] INFO  impl.LeaderElection (LeaderElection.java:askForVotes(333)) - s2@group-436914476215-LeaderElection70 PRE_VOTE round 0: submit vote requests at term 0 for conf: {index: -1, cur=peers:[s0|localhost:15252, s1|localhost:15256, s2|localhost:15260]|listeners:[], old=null}
2024-10-20 10:44:19,287 [s2@group-436914476215-LeaderElection70-1] INFO  server.GrpcServerProtocolClient (GrpcServerProtocolClient.java:<init>(65)) - Build channel for s0|localhost:15252
2024-10-20 10:44:19,288 [grpc-default-executor-5] INFO  server.RaftServer$Division (RaftServerImpl.java:requestVote(1447)) - s0@group-436914476215: receive requestVote(PRE_VOTE, s1, group-436914476215, 0, (t:0, i:0))
2024-10-20 10:44:19,288 [grpc-default-executor-5] INFO  impl.VoteContext (VoteContext.java:log(49)) - s0@group-436914476215-FOLLOWER: accept PRE_VOTE from s1: our priority 0 <= candidate's priority 0
2024-10-20 10:44:19,288 [grpc-default-executor-1] INFO  server.RaftServer$Division (RaftServerImpl.java:requestVote(1447)) - s2@group-436914476215: receive requestVote(PRE_VOTE, s1, group-436914476215, 0, (t:0, i:0))
2024-10-20 10:44:19,288 [grpc-default-executor-5] INFO  server.RaftServer$Division (RaftServerImpl.java:requestVote(1480)) - s0@group-436914476215 replies to PRE_VOTE vote request: s1<-s0#0:OK-t0. Peer's state: s0@group-436914476215:t0, leader=null, voted=, raftlog=Memoized:s0@group-436914476215-SegmentedRaftLog:OPENED:c-1:lastnull, conf=conf: {index: -1, cur=peers:[s0|localhost:15252, s1|localhost:15256, s2|localhost:15260]|listeners:[], old=null}
2024-10-20 10:44:19,288 [grpc-default-executor-1] INFO  impl.VoteContext (VoteContext.java:log(49)) - s2@group-436914476215-CANDIDATE: accept PRE_VOTE from s1: our priority 0 <= candidate's priority 0
2024-10-20 10:44:19,288 [grpc-default-executor-1] INFO  server.RaftServer$Division (RaftServerImpl.java:requestVote(1480)) - s2@group-436914476215 replies to PRE_VOTE vote request: s1<-s2#0:OK-t0. Peer's state: s2@group-436914476215:t0, leader=null, voted=, raftlog=Memoized:s2@group-436914476215-SegmentedRaftLog:OPENED:c-1:lastnull, conf=conf: {index: -1, cur=peers:[s0|localhost:15252, s1|localhost:15256, s2|localhost:15260]|listeners:[], old=null}
2024-10-20 10:44:19,288 [s2@group-436914476215-LeaderElection70] INFO  server.RaftServerConfigKeys (ConfUtils.java:logFallback(53)) - raft.server.rpc.first-election.timeout.min = 150ms (fallback to raft.server.rpc.timeout.min)
2024-10-20 10:44:19,288 [s2@group-436914476215-LeaderElection70] INFO  server.RaftServerConfigKeys (ConfUtils.java:logFallback(53)) - raft.server.rpc.first-election.timeout.max = 300ms (fallback to raft.server.rpc.timeout.max)
2024-10-20 10:44:19,289 [s1@group-436914476215-LeaderElection69] INFO  impl.LeaderElection (LeaderElection.java:logAndReturn(90)) - s1@group-436914476215-LeaderElection69: PRE_VOTE PASSED received 1 response(s) and 0 exception(s):
2024-10-20 10:44:19,289 [s1@group-436914476215-LeaderElection69] INFO  impl.LeaderElection (LeaderElection.java:logAndReturn(94)) -   Response 0: s1<-s2#0:OK-t0
2024-10-20 10:44:19,289 [s2@group-436914476215-LeaderElection70-2] INFO  server.GrpcServerProtocolClient (GrpcServerProtocolClient.java:<init>(65)) - Build channel for s1|localhost:15256
2024-10-20 10:44:19,289 [s1@group-436914476215-LeaderElection69] INFO  impl.LeaderElection (LeaderElection.java:askForVotes(335)) - s1@group-436914476215-LeaderElection69 PRE_VOTE round 0: result PASSED
2024-10-20 10:44:19,289 [s1@group-436914476215-LeaderElection69] TRACE util.FileUtils (LogUtils.java:supplyAndLog(69)) - Successfully supplied FileChannel.open /home/runner/work/ratis/ratis/ratis-test/target/test/data/d69430f5/MiniRaftClusterWithGrpc6b9d6d2d/s1/fd8814ef-b2fd-4859-a487-436914476215/current/raft-meta.tmp with options [CREATE, WRITE]: sun.nio.ch.FileChannelImpl@32c9af82
2024-10-20 10:44:19,290 [grpc-default-executor-1] INFO  server.RaftServer$Division (RaftServerImpl.java:requestVote(1447)) - s0@group-436914476215: receive requestVote(PRE_VOTE, s2, group-436914476215, 0, (t:0, i:0))
2024-10-20 10:44:19,290 [grpc-default-executor-1] INFO  impl.VoteContext (VoteContext.java:log(49)) - s0@group-436914476215-FOLLOWER: accept PRE_VOTE from s2: our priority 0 <= candidate's priority 0
2024-10-20 10:44:19,290 [grpc-default-executor-1] INFO  server.RaftServer$Division (RaftServerImpl.java:requestVote(1480)) - s0@group-436914476215 replies to PRE_VOTE vote request: s2<-s0#0:OK-t0. Peer's state: s0@group-436914476215:t0, leader=null, voted=, raftlog=Memoized:s0@group-436914476215-SegmentedRaftLog:OPENED:c-1:lastnull, conf=conf: {index: -1, cur=peers:[s0|localhost:15252, s1|localhost:15256, s2|localhost:15260]|listeners:[], old=null}
2024-10-20 10:44:19,291 [s2@group-436914476215-LeaderElection70] INFO  impl.LeaderElection (LeaderElection.java:logAndReturn(90)) - s2@group-436914476215-LeaderElection70: PRE_VOTE PASSED received 1 response(s) and 0 exception(s):
2024-10-20 10:44:19,291 [s2@group-436914476215-LeaderElection70] INFO  impl.LeaderElection (LeaderElection.java:logAndReturn(94)) -   Response 0: s2<-s0#0:OK-t0
2024-10-20 10:44:19,291 [s2@group-436914476215-LeaderElection70] INFO  impl.LeaderElection (LeaderElection.java:askForVotes(335)) - s2@group-436914476215-LeaderElection70 PRE_VOTE round 0: result PASSED
2024-10-20 10:44:19,291 [s2@group-436914476215-LeaderElection70] TRACE util.FileUtils (LogUtils.java:supplyAndLog(69)) - Successfully supplied FileChannel.open /home/runner/work/ratis/ratis/ratis-test/target/test/data/d69430f5/MiniRaftClusterWithGrpc6b9d6d2d/s2/fd8814ef-b2fd-4859-a487-436914476215/current/raft-meta.tmp with options [CREATE, WRITE]: sun.nio.ch.FileChannelImpl@7b356b9e
2024-10-20 10:44:19,292 [s1@group-436914476215-LeaderElection69] TRACE util.FileUtils (LogUtils.java:runAndLog(49)) - Successfully ran Atomic Files.move /home/runner/work/ratis/ratis/ratis-test/target/test/data/d69430f5/MiniRaftClusterWithGrpc6b9d6d2d/s1/fd8814ef-b2fd-4859-a487-436914476215/current/raft-meta.tmp to /home/runner/work/ratis/ratis/ratis-test/target/test/data/d69430f5/MiniRaftClusterWithGrpc6b9d6d2d/s1/fd8814ef-b2fd-4859-a487-436914476215/current/raft-meta with options [REPLACE_EXISTING]
2024-10-20 10:44:19,292 [s1@group-436914476215-LeaderElection69] INFO  impl.LeaderElection (LeaderElection.java:askForVotes(333)) - s1@group-436914476215-LeaderElection69 ELECTION round 0: submit vote requests at term 1 for conf: {index: -1, cur=peers:[s0|localhost:15252, s1|localhost:15256, s2|localhost:15260]|listeners:[], old=null}
2024-10-20 10:44:19,292 [grpc-default-executor-1] INFO  server.RaftServer$Division (RaftServerImpl.java:requestVote(1447)) - s0@group-436914476215: receive requestVote(ELECTION, s1, group-436914476215, 1, (t:0, i:0))
2024-10-20 10:44:19,293 [grpc-default-executor-1] INFO  impl.VoteContext (VoteContext.java:log(49)) - s0@group-436914476215-FOLLOWER: accept ELECTION from s1: our priority 0 <= candidate's priority 0
2024-10-20 10:44:19,293 [grpc-default-executor-1] INFO  server.RaftServer$Division (RaftServerImpl.java:setRole(380)) - s0@group-436914476215: changes role from  FOLLOWER to FOLLOWER at term 0 for candidate:s1
2024-10-20 10:44:19,293 [grpc-default-executor-1] INFO  impl.RoleInfo (RoleInfo.java:shutdownFollowerState(121)) - s0: shutdown s0@group-436914476215-FollowerState
2024-10-20 10:44:19,293 [grpc-default-executor-1] INFO  impl.RoleInfo (RoleInfo.java:updateAndGet(148)) - s0: start s0@group-436914476215-FollowerState
2024-10-20 10:44:19,292 [s2@group-436914476215-LeaderElection70] TRACE util.FileUtils (LogUtils.java:runAndLog(49)) - Successfully ran Atomic Files.move /home/runner/work/ratis/ratis/ratis-test/target/test/data/d69430f5/MiniRaftClusterWithGrpc6b9d6d2d/s2/fd8814ef-b2fd-4859-a487-436914476215/current/raft-meta.tmp to /home/runner/work/ratis/ratis/ratis-test/target/test/data/d69430f5/MiniRaftClusterWithGrpc6b9d6d2d/s2/fd8814ef-b2fd-4859-a487-436914476215/current/raft-meta with options [REPLACE_EXISTING]
2024-10-20 10:44:19,293 [s0@group-436914476215-FollowerState] INFO  impl.FollowerState (FollowerState.java:runImpl(170)) - s0@group-436914476215-FollowerState was interrupted
2024-10-20 10:44:19,293 [s1@group-436914476215-LeaderElection69] INFO  server.RaftServerConfigKeys (ConfUtils.java:logFallback(53)) - raft.server.rpc.first-election.timeout.min = 150ms (fallback to raft.server.rpc.timeout.min)
2024-10-20 10:44:19,293 [grpc-default-executor-1] INFO  server.RaftServer$Division (RaftServerImpl.java:setFirstElection(564)) - s0@group-436914476215: set firstElectionSinceStartup to false for candidate:s1
2024-10-20 10:44:19,293 [s2@group-436914476215-LeaderElection70] INFO  impl.LeaderElection (LeaderElection.java:askForVotes(333)) - s2@group-436914476215-LeaderElection70 ELECTION round 0: submit vote requests at term 1 for conf: {index: -1, cur=peers:[s0|localhost:15252, s1|localhost:15256, s2|localhost:15260]|listeners:[], old=null}
2024-10-20 10:44:19,293 [grpc-default-executor-5] INFO  server.RaftServer$Division (RaftServerImpl.java:requestVote(1447)) - s2@group-436914476215: receive requestVote(ELECTION, s1, group-436914476215, 1, (t:0, i:0))
2024-10-20 10:44:19,293 [grpc-default-executor-5] INFO  impl.VoteContext (VoteContext.java:log(49)) - s2@group-436914476215-CANDIDATE: reject ELECTION from s1: already has voted for s2 at current term 1
2024-10-20 10:44:19,293 [s2@group-436914476215-LeaderElection70] INFO  server.RaftServerConfigKeys (ConfUtils.java:logFallback(53)) - raft.server.rpc.first-election.timeout.min = 150ms (fallback to raft.server.rpc.timeout.min)
2024-10-20 10:44:19,293 [s2@group-436914476215-LeaderElection70] INFO  server.RaftServerConfigKeys (ConfUtils.java:logFallback(53)) - raft.server.rpc.first-election.timeout.max = 300ms (fallback to raft.server.rpc.timeout.max)
2024-10-20 10:44:19,293 [s1@group-436914476215-LeaderElection69] INFO  server.RaftServerConfigKeys (ConfUtils.java:logFallback(53)) - raft.server.rpc.first-election.timeout.max = 300ms (fallback to raft.server.rpc.timeout.max)
2024-10-20 10:44:19,293 [grpc-default-executor-1] TRACE util.FileUtils (LogUtils.java:supplyAndLog(69)) - Successfully supplied FileChannel.open /home/runner/work/ratis/ratis/ratis-test/target/test/data/d69430f5/MiniRaftClusterWithGrpc6b9d6d2d/s0/fd8814ef-b2fd-4859-a487-436914476215/current/raft-meta.tmp with options [CREATE, WRITE]: sun.nio.ch.FileChannelImpl@cc5d39e
2024-10-20 10:44:19,293 [grpc-default-executor-5] INFO  server.RaftServer$Division (RaftServerImpl.java:requestVote(1480)) - s2@group-436914476215 replies to ELECTION vote request: s1<-s2#0:FAIL-t1. Peer's state: s2@group-436914476215:t1, leader=null, voted=s2, raftlog=Memoized:s2@group-436914476215-SegmentedRaftLog:OPENED:c-1:lastnull, conf=conf: {index: -1, cur=peers:[s0|localhost:15252, s1|localhost:15256, s2|localhost:15260]|listeners:[], old=null}
2024-10-20 10:44:19,294 [grpc-default-executor-3] INFO  server.RaftServer$Division (RaftServerImpl.java:requestVote(1447)) - s0@group-436914476215: receive requestVote(ELECTION, s2, group-436914476215, 1, (t:0, i:0))
2024-10-20 10:44:19,295 [grpc-default-executor-1] TRACE util.FileUtils (LogUtils.java:runAndLog(49)) - Successfully ran Atomic Files.move /home/runner/work/ratis/ratis/ratis-test/target/test/data/d69430f5/MiniRaftClusterWithGrpc6b9d6d2d/s0/fd8814ef-b2fd-4859-a487-436914476215/current/raft-meta.tmp to /home/runner/work/ratis/ratis/ratis-test/target/test/data/d69430f5/MiniRaftClusterWithGrpc6b9d6d2d/s0/fd8814ef-b2fd-4859-a487-436914476215/current/raft-meta with options [REPLACE_EXISTING]
2024-10-20 10:44:19,296 [grpc-default-executor-1] INFO  server.RaftServer$Division (RaftServerImpl.java:requestVote(1480)) - s0@group-436914476215 replies to ELECTION vote request: s1<-s0#0:OK-t1. Peer's state: s0@group-436914476215:t1, leader=null, voted=s1, raftlog=Memoized:s0@group-436914476215-SegmentedRaftLog:OPENED:c-1:lastnull, conf=conf: {index: -1, cur=peers:[s0|localhost:15252, s1|localhost:15256, s2|localhost:15260]|listeners:[], old=null}
2024-10-20 10:44:19,296 [grpc-default-executor-3] INFO  impl.VoteContext (VoteContext.java:log(49)) - s0@group-436914476215-FOLLOWER: reject ELECTION from s2: already has voted for s1 at current term 1
2024-10-20 10:44:19,296 [grpc-default-executor-5] INFO  server.RaftServer$Division (RaftServerImpl.java:requestVote(1447)) - s1@group-436914476215: receive requestVote(ELECTION, s2, group-436914476215, 1, (t:0, i:0))
2024-10-20 10:44:19,296 [grpc-default-executor-5] INFO  impl.VoteContext (VoteContext.java:log(49)) - s1@group-436914476215-CANDIDATE: reject ELECTION from s2: already has voted for s1 at current term 1
2024-10-20 10:44:19,296 [grpc-default-executor-5] INFO  server.RaftServer$Division (RaftServerImpl.java:requestVote(1480)) - s1@group-436914476215 replies to ELECTION vote request: s2<-s1#0:FAIL-t1. Peer's state: s1@group-436914476215:t1, leader=null, voted=s1, raftlog=Memoized:s1@group-436914476215-SegmentedRaftLog:OPENED:c-1:lastnull, conf=conf: {index: -1, cur=peers:[s0|localhost:15252, s1|localhost:15256, s2|localhost:15260]|listeners:[], old=null}
2024-10-20 10:44:19,296 [grpc-default-executor-3] INFO  server.RaftServer$Division (RaftServerImpl.java:requestVote(1480)) - s0@group-436914476215 replies to ELECTION vote request: s2<-s0#0:FAIL-t1. Peer's state: s0@group-436914476215:t1, leader=null, voted=s1, raftlog=Memoized:s0@group-436914476215-SegmentedRaftLog:OPENED:c-1:lastnull, conf=conf: {index: -1, cur=peers:[s0|localhost:15252, s1|localhost:15256, s2|localhost:15260]|listeners:[], old=null}
2024-10-20 10:44:19,297 [s1@group-436914476215-LeaderElection69] INFO  impl.LeaderElection (LeaderElection.java:logAndReturn(90)) - s1@group-436914476215-LeaderElection69: ELECTION PASSED received 2 response(s) and 0 exception(s):
2024-10-20 10:44:19,297 [s1@group-436914476215-LeaderElection69] INFO  impl.LeaderElection (LeaderElection.java:logAndReturn(94)) -   Response 0: s1<-s0#0:OK-t1
2024-10-20 10:44:19,297 [s2@group-436914476215-LeaderElection70] INFO  impl.LeaderElection (LeaderElection.java:logAndReturn(90)) - s2@group-436914476215-LeaderElection70: ELECTION REJECTED received 2 response(s) and 0 exception(s):
2024-10-20 10:44:19,297 [s2@group-436914476215-LeaderElection70] INFO  impl.LeaderElection (LeaderElection.java:logAndReturn(94)) -   Response 0: s2<-s0#0:FAIL-t1
2024-10-20 10:44:19,297 [s2@group-436914476215-LeaderElection70] INFO  impl.LeaderElection (LeaderElection.java:logAndReturn(94)) -   Response 1: s2<-s1#0:FAIL-t1
2024-10-20 10:44:19,297 [s1@group-436914476215-LeaderElection69] INFO  impl.LeaderElection (LeaderElection.java:logAndReturn(94)) -   Response 1: s1<-s2#0:FAIL-t1
2024-10-20 10:44:19,297 [s2@group-436914476215-LeaderElection70] INFO  impl.LeaderElection (LeaderElection.java:askForVotes(335)) - s2@group-436914476215-LeaderElection70 ELECTION round 0: result REJECTED
2024-10-20 10:44:19,297 [s1@group-436914476215-LeaderElection69] INFO  impl.LeaderElection (LeaderElection.java:askForVotes(335)) - s1@group-436914476215-LeaderElection69 ELECTION round 0: result PASSED
2024-10-20 10:44:19,297 [s2@group-436914476215-LeaderElection70] INFO  server.RaftServer$Division (RaftServerImpl.java:setRole(380)) - s2@group-436914476215: changes role from CANDIDATE to FOLLOWER at term 1 for REJECTED
2024-10-20 10:44:19,297 [s2@group-436914476215-LeaderElection70] INFO  impl.RoleInfo (RoleInfo.java:shutdownLeaderElection(141)) - s2: shutdown s2@group-436914476215-LeaderElection70
2024-10-20 10:44:19,297 [s1@group-436914476215-LeaderElection69] INFO  impl.RoleInfo (RoleInfo.java:shutdownLeaderElection(141)) - s1: shutdown s1@group-436914476215-LeaderElection69
2024-10-20 10:44:19,297 [s2@group-436914476215-LeaderElection70] INFO  impl.RoleInfo (RoleInfo.java:updateAndGet(148)) - s2: start s2@group-436914476215-FollowerState
2024-10-20 10:44:19,297 [s1@group-436914476215-LeaderElection69] INFO  server.RaftServer$Division (RaftServerImpl.java:setRole(380)) - s1@group-436914476215: changes role from CANDIDATE to LEADER at term 1 for changeToLeader
2024-10-20 10:44:19,297 [s2@group-436914476215-LeaderElection70] INFO  server.RaftServer$Division (RaftServerImpl.java:setFirstElection(564)) - s2@group-436914476215: set firstElectionSinceStartup to false for REJECTED
2024-10-20 10:44:19,297 [s1@group-436914476215-LeaderElection69] INFO  server.RaftServerConfigKeys (ConfUtils.java:logGet(46)) - raft.server.staging.catchup.gap = 1000 (default)
2024-10-20 10:44:19,298 [s1@group-436914476215-LeaderElection69] INFO  server.RaftServerConfigKeys (ConfUtils.java:logGet(46)) - raft.server.write.element-limit = 4096 (default)
2024-10-20 10:44:19,298 [s1@group-436914476215-LeaderElection69] INFO  server.RaftServerConfigKeys (ConfUtils.java:logGet(46)) - raft.server.write.byte-limit = 64MB (=67108864) (default)
2024-10-20 10:44:19,298 [s1@group-436914476215-LeaderElection69] INFO  server.RaftServerConfigKeys (ConfUtils.java:logGet(46)) - raft.server.watch.timeout = 10s (default)
2024-10-20 10:44:19,298 [s1@group-436914476215-LeaderElection69] INFO  server.RaftServerConfigKeys (ConfUtils.java:logGet(46)) - raft.server.watch.timeout.denomination = 1s (default)
2024-10-20 10:44:19,298 [s1@group-436914476215-LeaderElection69] INFO  server.RaftServerConfigKeys (ConfUtils.java:logGet(46)) - raft.server.watch.element-limit = 65536 (default)
2024-10-20 10:44:19,298 [s1@group-436914476215-LeaderElection69] INFO  server.RaftServerConfigKeys (ConfUtils.java:logGet(46)) - raft.server.read.leader.lease.enabled = true (custom)
2024-10-20 10:44:19,298 [s1@group-436914476215-LeaderElection69] INFO  server.RaftServerConfigKeys (ConfUtils.java:logGet(46)) - raft.server.read.leader.lease.timeout.ratio = 0.5 (custom)
2024-10-20 10:44:19,298 [s1@group-436914476215-LeaderElection69] INFO  server.RaftServerConfigKeys (ConfUtils.java:logGet(46)) - raft.server.rpc.timeout.min = 150ms (default)
2024-10-20 10:44:19,298 [s1@group-436914476215-LeaderElection69] INFO  server.RaftServerConfigKeys (ConfUtils.java:logGet(46)) - raft.server.log.log-metadata.enabled = true (default)
2024-10-20 10:44:19,298 [s1@group-436914476215-LeaderElection69] INFO  server.RaftServerConfigKeys (ConfUtils.java:logGet(46)) - raft.server.write.element-limit = 4096 (default)
2024-10-20 10:44:19,298 [s1@group-436914476215-LeaderElection69] INFO  server.RaftServerConfigKeys (ConfUtils.java:logGet(46)) - raft.server.write.follower.gap.ratio.max = -1.0 (default)
2024-10-20 10:44:19,298 [s1@group-436914476215-LeaderElection69] INFO  server.RaftServerConfigKeys (ConfUtils.java:logGet(46)) - raft.server.log.appender.snapshot.chunk.size.max = 16MB (=16777216) (default)
2024-10-20 10:44:19,298 [s1@group-436914476215-LeaderElection69] INFO  server.RaftServerConfigKeys (ConfUtils.java:logGet(46)) - raft.server.log.appender.buffer.byte-limit = 4MB (=4194304) (default)
2024-10-20 10:44:19,298 [s1@group-436914476215-LeaderElection69] INFO  server.RaftServerConfigKeys (ConfUtils.java:logGet(46)) - raft.server.log.appender.buffer.element-limit = 0 (default)
2024-10-20 10:44:19,299 [s1@group-436914476215-LeaderElection69] INFO  server.RaftServerConfigKeys (ConfUtils.java:logGet(46)) - raft.server.log.appender.wait-time.min = 1ms (default)
2024-10-20 10:44:19,299 [s1@group-436914476215-LeaderElection69] INFO  grpc.GrpcConfigKeys (ConfUtils.java:logGet(46)) - raft.grpc.server.leader.outstanding.appends.max = 8 (default)
2024-10-20 10:44:19,299 [s1@group-436914476215-LeaderElection69] INFO  server.RaftServerConfigKeys (ConfUtils.java:logGet(46)) - raft.server.rpc.request.timeout = 3000ms (default)
2024-10-20 10:44:19,299 [s1@group-436914476215-LeaderElection69] INFO  grpc.GrpcConfigKeys (ConfUtils.java:logGet(46)) - raft.grpc.server.install_snapshot.request.element-limit = 8 (default)
2024-10-20 10:44:19,299 [s1@group-436914476215-LeaderElection69] INFO  grpc.GrpcConfigKeys (ConfUtils.java:logGet(46)) - raft.grpc.server.install_snapshot.request.timeout = 3000ms (default)
2024-10-20 10:44:19,299 [s1@group-436914476215-LeaderElection69] INFO  grpc.GrpcConfigKeys (ConfUtils.java:logGet(46)) - raft.grpc.server.log-message.batch.duration = 5s (default)
2024-10-20 10:44:19,299 [s1@group-436914476215-LeaderElection69] INFO  server.RaftServerConfigKeys (ConfUtils.java:logGet(46)) - raft.server.log.appender.install.snapshot.enabled = true (default)
2024-10-20 10:44:19,299 [s1@group-436914476215-LeaderElection69] INFO  grpc.GrpcConfigKeys (ConfUtils.java:logGet(46)) - raft.grpc.server.heartbeat.channel = true (default)
2024-10-20 10:44:19,299 [s1@group-436914476215-LeaderElection69] INFO  server.RaftServerConfigKeys (ConfUtils.java:logGet(46)) - raft.server.log.appender.snapshot.chunk.size.max = 16MB (=16777216) (default)
2024-10-20 10:44:19,299 [s1@group-436914476215-LeaderElection69] INFO  server.RaftServerConfigKeys (ConfUtils.java:logGet(46)) - raft.server.log.appender.buffer.byte-limit = 4MB (=4194304) (default)
2024-10-20 10:44:19,299 [s1@group-436914476215-LeaderElection69] INFO  server.RaftServerConfigKeys (ConfUtils.java:logGet(46)) - raft.server.log.appender.buffer.element-limit = 0 (default)
2024-10-20 10:44:19,299 [s1@group-436914476215-LeaderElection69] INFO  server.RaftServerConfigKeys (ConfUtils.java:logGet(46)) - raft.server.log.appender.wait-time.min = 1ms (default)
2024-10-20 10:44:19,299 [s1@group-436914476215-LeaderElection69] INFO  grpc.GrpcConfigKeys (ConfUtils.java:logGet(46)) - raft.grpc.server.leader.outstanding.appends.max = 8 (default)
2024-10-20 10:44:19,299 [s1@group-436914476215-LeaderElection69] INFO  server.RaftServerConfigKeys (ConfUtils.java:logGet(46)) - raft.server.rpc.request.timeout = 3000ms (default)
2024-10-20 10:44:19,299 [s1@group-436914476215-LeaderElection69] INFO  grpc.GrpcConfigKeys (ConfUtils.java:logGet(46)) - raft.grpc.server.install_snapshot.request.element-limit = 8 (default)
2024-10-20 10:44:19,299 [s1@group-436914476215-LeaderElection69] INFO  grpc.GrpcConfigKeys (ConfUtils.java:logGet(46)) - raft.grpc.server.install_snapshot.request.timeout = 3000ms (default)
2024-10-20 10:44:19,300 [s1@group-436914476215-LeaderElection69] INFO  grpc.GrpcConfigKeys (ConfUtils.java:logGet(46)) - raft.grpc.server.log-message.batch.duration = 5s (default)
2024-10-20 10:44:19,300 [s1@group-436914476215-LeaderElection69] INFO  server.RaftServerConfigKeys (ConfUtils.java:logGet(46)) - raft.server.log.appender.install.snapshot.enabled = true (default)
2024-10-20 10:44:19,300 [s1@group-436914476215-LeaderElection69] INFO  grpc.GrpcConfigKeys (ConfUtils.java:logGet(46)) - raft.grpc.server.heartbeat.channel = true (default)
2024-10-20 10:44:19,300 [s1@group-436914476215-LeaderElection69] INFO  impl.RoleInfo (RoleInfo.java:updateAndGet(148)) - s1: start s1@group-436914476215-LeaderStateImpl
2024-10-20 10:44:19,300 [s1@group-436914476215-LeaderElection69] INFO  server.RaftServer$Division (RaftServerImpl.java:setFirstElection(564)) - s1@group-436914476215: set firstElectionSinceStartup to false for becomeLeader
2024-10-20 10:44:19,300 [s1@group-436914476215-LeaderElection69] INFO  server.RaftServer$Division (ServerState.java:setLeader(272)) - s1@group-436914476215: change Leader from null to s1 at term 1 for becomeLeader, leader elected after 227ms
2024-10-20 10:44:19,300 [s1@group-436914476215-LeaderElection69] INFO  segmented.SegmentedRaftLogWorker (SegmentedRaftLogWorker.java:startLogSegment(442)) - s1@group-436914476215-SegmentedRaftLogWorker: Starting segment from index:0
2024-10-20 10:44:19,300 [s1@group-436914476215-LeaderElection69] INFO  server.RaftServer$Division (ServerState.java:setRaftConf(386)) - s1@group-436914476215: set configuration conf: {index: 0, cur=peers:[s0|localhost:15252, s1|localhost:15256, s2|localhost:15260]|listeners:[], old=null}
2024-10-20 10:44:19,300 [s1@group-436914476215-SegmentedRaftLogWorker] INFO  segmented.BufferedWriteChannel (BufferedWriteChannel.java:open(61)) - open log_inprogress_0 at position 0
2024-10-20 10:44:19,307 [s2-server-thread1] INFO  server.RaftServer$Division (ServerState.java:setLeader(272)) - s2@group-436914476215: change Leader from null to s1 at term 1 for appendEntries, leader elected after 226ms
2024-10-20 10:44:19,307 [s2-server-thread2] DEBUG server.RaftServer$Division (RaftServerImpl.java:logAppendEntries(1549)) - s2@group-436914476215: appendEntries* s1->s2#1-t1,previous=(t:0, i:0),leaderCommit=-1,initializing? false,entries: size=1, first=(t:1, i:0), CONFIGURATIONENTRY(current:id:"s0"address:"localhost:15252"dataStreamAddress:"localhost:15255"clientAddress:"localhost:15254"adminAddress:"localhost:15253"startupRole:FOLLOWER, id:"s1"address:"localhost:15256"dataStreamAddress:"localhost:15259"clientAddress:"localhost:15258"adminAddress:"localhost:15257"startupRole:FOLLOWER, id:"s2"address:"localhost:15260"dataStreamAddress:"localhost:15263"clientAddress:"localhost:15262"adminAddress:"localhost:15261"startupRole:FOLLOWER, old:)
2024-10-20 10:44:19,307 [s2-server-thread2] INFO  server.RaftServer$Division (ServerState.java:setRaftConf(386)) - s2@group-436914476215: set configuration conf: {index: 0, cur=peers:[s0|localhost:15252, s1|localhost:15256, s2|localhost:15260]|listeners:[], old=null}
2024-10-20 10:44:19,307 [s2-server-thread2] INFO  segmented.SegmentedRaftLogWorker (SegmentedRaftLogWorker.java:startLogSegment(442)) - s2@group-436914476215-SegmentedRaftLogWorker: Starting segment from index:0
2024-10-20 10:44:19,307 [s0-server-thread1] INFO  server.RaftServer$Division (ServerState.java:setLeader(272)) - s0@group-436914476215: change Leader from null to s1 at term 1 for appendEntries, leader elected after 241ms
2024-10-20 10:44:19,307 [s0-server-thread2] DEBUG server.RaftServer$Division (RaftServerImpl.java:logAppendEntries(1549)) - s0@group-436914476215: appendEntries* s1->s0#1-t1,previous=(t:0, i:0),leaderCommit=-1,initializing? false,entries: size=1, first=(t:1, i:0), CONFIGURATIONENTRY(current:id:"s0"address:"localhost:15252"dataStreamAddress:"localhost:15255"clientAddress:"localhost:15254"adminAddress:"localhost:15253"startupRole:FOLLOWER, id:"s1"address:"localhost:15256"dataStreamAddress:"localhost:15259"clientAddress:"localhost:15258"adminAddress:"localhost:15257"startupRole:FOLLOWER, id:"s2"address:"localhost:15260"dataStreamAddress:"localhost:15263"clientAddress:"localhost:15262"adminAddress:"localhost:15261"startupRole:FOLLOWER, old:)
2024-10-20 10:44:19,307 [s2@group-436914476215-SegmentedRaftLogWorker] INFO  segmented.BufferedWriteChannel (BufferedWriteChannel.java:open(61)) - open log_inprogress_0 at position 0
2024-10-20 10:44:19,308 [s0-server-thread2] INFO  server.RaftServer$Division (ServerState.java:setRaftConf(386)) - s0@group-436914476215: set configuration conf: {index: 0, cur=peers:[s0|localhost:15252, s1|localhost:15256, s2|localhost:15260]|listeners:[], old=null}
2024-10-20 10:44:19,308 [s0-server-thread2] INFO  segmented.SegmentedRaftLogWorker (SegmentedRaftLogWorker.java:startLogSegment(442)) - s0@group-436914476215-SegmentedRaftLogWorker: Starting segment from index:0
2024-10-20 10:44:19,308 [s0@group-436914476215-SegmentedRaftLogWorker] INFO  segmented.BufferedWriteChannel (BufferedWriteChannel.java:open(61)) - open log_inprogress_0 at position 0
2024-10-20 10:44:19,311 [s1@group-436914476215-SegmentedRaftLogWorker] INFO  segmented.SegmentedRaftLogWorker (SegmentedRaftLogWorker.java:execute(663)) - s1@group-436914476215-SegmentedRaftLogWorker: created new log segment /home/runner/work/ratis/ratis/ratis-test/target/test/data/d69430f5/MiniRaftClusterWithGrpc6b9d6d2d/s1/fd8814ef-b2fd-4859-a487-436914476215/current/log_inprogress_0
2024-10-20 10:44:19,321 [s2@group-436914476215-SegmentedRaftLogWorker] INFO  segmented.SegmentedRaftLogWorker (SegmentedRaftLogWorker.java:execute(663)) - s2@group-436914476215-SegmentedRaftLogWorker: created new log segment /home/runner/work/ratis/ratis/ratis-test/target/test/data/d69430f5/MiniRaftClusterWithGrpc6b9d6d2d/s2/fd8814ef-b2fd-4859-a487-436914476215/current/log_inprogress_0
2024-10-20 10:44:19,321 [s2-server-thread3] DEBUG server.RaftServer$Division (RaftServerImpl.java:logAppendEntries(1549)) - s2@group-436914476215: appendEntries* reply s1<-s2#1:OK-t1,SUCCESS,nextIndex=1,followerCommit=-1,matchIndex=0
2024-10-20 10:44:19,322 [s0@group-436914476215-SegmentedRaftLogWorker] INFO  segmented.SegmentedRaftLogWorker (SegmentedRaftLogWorker.java:execute(663)) - s0@group-436914476215-SegmentedRaftLogWorker: created new log segment /home/runner/work/ratis/ratis/ratis-test/target/test/data/d69430f5/MiniRaftClusterWithGrpc6b9d6d2d/s0/fd8814ef-b2fd-4859-a487-436914476215/current/log_inprogress_0
2024-10-20 10:44:19,322 [s1@group-436914476215-StateMachineUpdater] TRACE util.FileUtils (LogUtils.java:supplyAndLog(69)) - Successfully supplied FileChannel.open /home/runner/work/ratis/ratis/ratis-test/target/test/data/d69430f5/MiniRaftClusterWithGrpc6b9d6d2d/s1/fd8814ef-b2fd-4859-a487-436914476215/current/raft-meta.conf.tmp with options [CREATE, WRITE]: sun.nio.ch.FileChannelImpl@7baad6dd
2024-10-20 10:44:19,323 [s0-server-thread2] DEBUG server.RaftServer$Division (RaftServerImpl.java:logAppendEntries(1549)) - s0@group-436914476215: appendEntries* reply s1<-s0#1:OK-t1,SUCCESS,nextIndex=1,followerCommit=-1,matchIndex=0
2024-10-20 10:44:19,324 [s1@group-436914476215-StateMachineUpdater] TRACE util.FileUtils (LogUtils.java:runAndLog(49)) - Successfully ran Atomic Files.move /home/runner/work/ratis/ratis/ratis-test/target/test/data/d69430f5/MiniRaftClusterWithGrpc6b9d6d2d/s1/fd8814ef-b2fd-4859-a487-436914476215/current/raft-meta.conf.tmp to /home/runner/work/ratis/ratis/ratis-test/target/test/data/d69430f5/MiniRaftClusterWithGrpc6b9d6d2d/s1/fd8814ef-b2fd-4859-a487-436914476215/current/raft-meta.conf with options [REPLACE_EXISTING]
2024-10-20 10:44:19,324 [s1@group-436914476215-StateMachineUpdater] INFO  server.RaftServer$Division (LeaderStateImpl.java:checkStartIndex(314)) - Leader s1@group-436914476215-LeaderStateImpl is ready since appliedIndex == startIndex == 0
2024-10-20 10:44:19,399 [s2@group-436914476215-StateMachineUpdater] TRACE util.FileUtils (LogUtils.java:supplyAndLog(69)) - Successfully supplied FileChannel.open /home/runner/work/ratis/ratis/ratis-test/target/test/data/d69430f5/MiniRaftClusterWithGrpc6b9d6d2d/s2/fd8814ef-b2fd-4859-a487-436914476215/current/raft-meta.conf.tmp with options [CREATE, WRITE]: sun.nio.ch.FileChannelImpl@7d7564b6
2024-10-20 10:44:19,399 [s0@group-436914476215-StateMachineUpdater] TRACE util.FileUtils (LogUtils.java:supplyAndLog(69)) - Successfully supplied FileChannel.open /home/runner/work/ratis/ratis/ratis-test/target/test/data/d69430f5/MiniRaftClusterWithGrpc6b9d6d2d/s0/fd8814ef-b2fd-4859-a487-436914476215/current/raft-meta.conf.tmp with options [CREATE, WRITE]: sun.nio.ch.FileChannelImpl@1ae42c2e
2024-10-20 10:44:19,401 [s2@group-436914476215-StateMachineUpdater] TRACE util.FileUtils (LogUtils.java:runAndLog(49)) - Successfully ran Atomic Files.move /home/runner/work/ratis/ratis/ratis-test/target/test/data/d69430f5/MiniRaftClusterWithGrpc6b9d6d2d/s2/fd8814ef-b2fd-4859-a487-436914476215/current/raft-meta.conf.tmp to /home/runner/work/ratis/ratis/ratis-test/target/test/data/d69430f5/MiniRaftClusterWithGrpc6b9d6d2d/s2/fd8814ef-b2fd-4859-a487-436914476215/current/raft-meta.conf with options [REPLACE_EXISTING]
2024-10-20 10:44:19,401 [s0@group-436914476215-StateMachineUpdater] TRACE util.FileUtils (LogUtils.java:runAndLog(49)) - Successfully ran Atomic Files.move /home/runner/work/ratis/ratis/ratis-test/target/test/data/d69430f5/MiniRaftClusterWithGrpc6b9d6d2d/s0/fd8814ef-b2fd-4859-a487-436914476215/current/raft-meta.conf.tmp to /home/runner/work/ratis/ratis/ratis-test/target/test/data/d69430f5/MiniRaftClusterWithGrpc6b9d6d2d/s0/fd8814ef-b2fd-4859-a487-436914476215/current/raft-meta.conf with options [REPLACE_EXISTING]
2024-10-20 10:44:19,570 [main] INFO  ratis.RaftTestUtil (RaftTestUtil.java:waitForLeader(131)) - printing ALL groups
  s0:  RUNNING  FOLLOWER s0@group-436914476215:t1, leader=s1, voted=s1, raftlog=Memoized:s0@group-436914476215-SegmentedRaftLog:OPENED:c0:last(t:1, i:0), conf=conf: {index: 0, cur=peers:[s0|localhost:15252, s1|localhost:15256, s2|localhost:15260]|listeners:[], old=null} RUNNING
  s1:  RUNNING    LEADER s1@group-436914476215:t1, leader=s1, voted=s1, raftlog=Memoized:s1@group-436914476215-SegmentedRaftLog:OPENED:c0:last(t:1, i:0), conf=conf: {index: 0, cur=peers:[s0|localhost:15252, s1|localhost:15256, s2|localhost:15260]|listeners:[], old=null} RUNNING
  s2:  RUNNING  FOLLOWER s2@group-436914476215:t1, leader=s1, voted=s2, raftlog=Memoized:s2@group-436914476215-SegmentedRaftLog:OPENED:c0:last(t:1, i:0), conf=conf: {index: 0, cur=peers:[s0|localhost:15252, s1|localhost:15256, s2|localhost:15260]|listeners:[], old=null} RUNNING
2024-10-20 10:44:19,571 [main] INFO  util.CodeInjectionForTesting (BlockRequestHandlingInjection.java:blockRequestor(49)) - Block requestor s1
2024-10-20 10:44:19,571 [main] INFO  server.RaftServerConfigKeys (ConfUtils.java:logGet(46)) - raft.server.rpc.timeout.max = 300ms (default)
2024-10-20 10:44:19,571 [main] INFO  ratis.RaftTestUtil (RaftTestUtil.java:waitForLeader(107)) - printing ALL groups
  s0:  RUNNING  FOLLOWER s0@group-436914476215:t1, leader=s1, voted=s1, raftlog=Memoized:s0@group-436914476215-SegmentedRaftLog:OPENED:c0:last(t:1, i:0), conf=conf: {index: 0, cur=peers:[s0|localhost:15252, s1|localhost:15256, s2|localhost:15260]|listeners:[], old=null} RUNNING
  s1:  RUNNING    LEADER s1@group-436914476215:t1, leader=s1, voted=s1, raftlog=Memoized:s1@group-436914476215-SegmentedRaftLog:OPENED:c0:last(t:1, i:0), conf=conf: {index: 0, cur=peers:[s0|localhost:15252, s1|localhost:15256, s2|localhost:15260]|listeners:[], old=null} RUNNING
  s2:  RUNNING  FOLLOWER s2@group-436914476215:t1, leader=s1, voted=s2, raftlog=Memoized:s2@group-436914476215-SegmentedRaftLog:OPENED:c0:last(t:1, i:0), conf=conf: {index: 0, cur=peers:[s0|localhost:15252, s1|localhost:15256, s2|localhost:15260]|listeners:[], old=null} RUNNING
2024-10-20 10:44:19,572 [main] INFO  ratis.RaftTestUtil (RaftTestUtil.java:waitForLeader(131)) - printing ALL groups
  s0:  RUNNING  FOLLOWER s0@group-436914476215:t1, leader=s1, voted=s1, raftlog=Memoized:s0@group-436914476215-SegmentedRaftLog:OPENED:c0:last(t:1, i:0), conf=conf: {index: 0, cur=peers:[s0|localhost:15252, s1|localhost:15256, s2|localhost:15260]|listeners:[], old=null} RUNNING
  s1:  RUNNING    LEADER s1@group-436914476215:t1, leader=s1, voted=s1, raftlog=Memoized:s1@group-436914476215-SegmentedRaftLog:OPENED:c0:last(t:1, i:0), conf=conf: {index: 0, cur=peers:[s0|localhost:15252, s1|localhost:15256, s2|localhost:15260]|listeners:[], old=null} RUNNING
  s2:  RUNNING  FOLLOWER s2@group-436914476215:t1, leader=s1, voted=s2, raftlog=Memoized:s2@group-436914476215-SegmentedRaftLog:OPENED:c0:last(t:1, i:0), conf=conf: {index: 0, cur=peers:[s0|localhost:15252, s1|localhost:15256, s2|localhost:15260]|listeners:[], old=null} RUNNING
2024-10-20 10:44:19,572 [main] WARN  ratis.RaftTestUtil (JavaUtils.java:attempt(231)) - FAILED "runTestChangeLeader-changeLeader", attempt #1/20, sleep 100ms and then retry: java.lang.IllegalStateException: Failed to change leader: newLeader == oldLeader == s1
2024-10-20 10:44:19,628 [s0-server-thread3] INFO  util.CodeInjectionForTesting (BlockRequestHandlingInjection.java:execute(77)) - s0: Block request from s1
2024-10-20 10:44:19,628 [s2-server-thread2] INFO  util.CodeInjectionForTesting (BlockRequestHandlingInjection.java:execute(77)) - s2: Block request from s1
2024-10-20 10:44:19,672 [main] INFO  server.RaftServerConfigKeys (ConfUtils.java:logGet(46)) - raft.server.rpc.timeout.max = 300ms (default)
2024-10-20 10:44:19,672 [main] INFO  ratis.RaftTestUtil (RaftTestUtil.java:waitForLeader(107)) - printing ALL groups
  s0:  RUNNING  FOLLOWER s0@group-436914476215:t1, leader=s1, voted=s1, raftlog=Memoized:s0@group-436914476215-SegmentedRaftLog:OPENED:c0:last(t:1, i:0), conf=conf: {index: 0, cur=peers:[s0|localhost:15252, s1|localhost:15256, s2|localhost:15260]|listeners:[], old=null} RUNNING
  s1:  RUNNING    LEADER s1@group-436914476215:t1, leader=s1, voted=s1, raftlog=Memoized:s1@group-436914476215-SegmentedRaftLog:OPENED:c0:last(t:1, i:0), conf=conf: {index: 0, cur=peers:[s0|localhost:15252, s1|localhost:15256, s2|localhost:15260]|listeners:[], old=null} RUNNING
  s2:  RUNNING  FOLLOWER s2@group-436914476215:t1, leader=s1, voted=s2, raftlog=Memoized:s2@group-436914476215-SegmentedRaftLog:OPENED:c0:last(t:1, i:0), conf=conf: {index: 0, cur=peers:[s0|localhost:15252, s1|localhost:15256, s2|localhost:15260]|listeners:[], old=null} RUNNING
2024-10-20 10:44:19,672 [main] INFO  ratis.RaftTestUtil (RaftTestUtil.java:waitForLeader(131)) - printing ALL groups
  s0:  RUNNING  FOLLOWER s0@group-436914476215:t1, leader=s1, voted=s1, raftlog=Memoized:s0@group-436914476215-SegmentedRaftLog:OPENED:c0:last(t:1, i:0), conf=conf: {index: 0, cur=peers:[s0|localhost:15252, s1|localhost:15256, s2|localhost:15260]|listeners:[], old=null} RUNNING
  s1:  RUNNING    LEADER s1@group-436914476215:t1, leader=s1, voted=s1, raftlog=Memoized:s1@group-436914476215-SegmentedRaftLog:OPENED:c0:last(t:1, i:0), conf=conf: {index: 0, cur=peers:[s0|localhost:15252, s1|localhost:15256, s2|localhost:15260]|listeners:[], old=null} RUNNING
  s2:  RUNNING  FOLLOWER s2@group-436914476215:t1, leader=s1, voted=s2, raftlog=Memoized:s2@group-436914476215-SegmentedRaftLog:OPENED:c0:last(t:1, i:0), conf=conf: {index: 0, cur=peers:[s0|localhost:15252, s1|localhost:15256, s2|localhost:15260]|listeners:[], old=null} RUNNING
2024-10-20 10:44:19,673 [main] WARN  ratis.RaftTestUtil (JavaUtils.java:attempt(231)) - FAILED "runTestChangeLeader-changeLeader", attempt #2/20, sleep 100ms and then retry: java.lang.IllegalStateException: Failed to change leader: newLeader == oldLeader == s1
2024-10-20 10:44:19,773 [main] INFO  server.RaftServerConfigKeys (ConfUtils.java:logGet(46)) - raft.server.rpc.timeout.max = 300ms (default)
2024-10-20 10:44:19,773 [main] INFO  ratis.RaftTestUtil (RaftTestUtil.java:waitForLeader(107)) - printing ALL groups
  s0:  RUNNING  FOLLOWER s0@group-436914476215:t1, leader=s1, voted=s1, raftlog=Memoized:s0@group-436914476215-SegmentedRaftLog:OPENED:c0:last(t:1, i:0), conf=conf: {index: 0, cur=peers:[s0|localhost:15252, s1|localhost:15256, s2|localhost:15260]|listeners:[], old=null} RUNNING
  s1:  RUNNING    LEADER s1@group-436914476215:t1, leader=s1, voted=s1, raftlog=Memoized:s1@group-436914476215-SegmentedRaftLog:OPENED:c0:last(t:1, i:0), conf=conf: {index: 0, cur=peers:[s0|localhost:15252, s1|localhost:15256, s2|localhost:15260]|listeners:[], old=null} RUNNING
  s2:  RUNNING  FOLLOWER s2@group-436914476215:t1, leader=s1, voted=s2, raftlog=Memoized:s2@group-436914476215-SegmentedRaftLog:OPENED:c0:last(t:1, i:0), conf=conf: {index: 0, cur=peers:[s0|localhost:15252, s1|localhost:15256, s2|localhost:15260]|listeners:[], old=null} RUNNING
2024-10-20 10:44:19,773 [main] INFO  ratis.RaftTestUtil (RaftTestUtil.java:waitForLeader(131)) - printing ALL groups
  s0:  RUNNING  FOLLOWER s0@group-436914476215:t1, leader=s1, voted=s1, raftlog=Memoized:s0@group-436914476215-SegmentedRaftLog:OPENED:c0:last(t:1, i:0), conf=conf: {index: 0, cur=peers:[s0|localhost:15252, s1|localhost:15256, s2|localhost:15260]|listeners:[], old=null} RUNNING
  s1:  RUNNING    LEADER s1@group-436914476215:t1, leader=s1, voted=s1, raftlog=Memoized:s1@group-436914476215-SegmentedRaftLog:OPENED:c0:last(t:1, i:0), conf=conf: {index: 0, cur=peers:[s0|localhost:15252, s1|localhost:15256, s2|localhost:15260]|listeners:[], old=null} RUNNING
  s2:  RUNNING  FOLLOWER s2@group-436914476215:t1, leader=s1, voted=s2, raftlog=Memoized:s2@group-436914476215-SegmentedRaftLog:OPENED:c0:last(t:1, i:0), conf=conf: {index: 0, cur=peers:[s0|localhost:15252, s1|localhost:15256, s2|localhost:15260]|listeners:[], old=null} RUNNING
2024-10-20 10:44:19,774 [main] WARN  ratis.RaftTestUtil (JavaUtils.java:attempt(231)) - FAILED "runTestChangeLeader-changeLeader", attempt #3/20, sleep 100ms and then retry: java.lang.IllegalStateException: Failed to change leader: newLeader == oldLeader == s1
2024-10-20 10:44:19,814 [s0@group-436914476215-FollowerState] INFO  impl.FollowerState (FollowerState.java:runImpl(161)) - s0@group-436914476215-FollowerState: change to CANDIDATE, lastRpcElapsedTime:263215505ns, electionTimeout:244ms
2024-10-20 10:44:19,814 [s0@group-436914476215-FollowerState] INFO  impl.RoleInfo (RoleInfo.java:shutdownFollowerState(121)) - s0: shutdown s0@group-436914476215-FollowerState
2024-10-20 10:44:19,814 [s0@group-436914476215-FollowerState] INFO  server.RaftServer$Division (RaftServerImpl.java:setRole(380)) - s0@group-436914476215: changes role from  FOLLOWER to CANDIDATE at term 1 for changeToCandidate
2024-10-20 10:44:19,814 [s0@group-436914476215-FollowerState] INFO  server.RaftServerConfigKeys (ConfUtils.java:logGet(46)) - raft.server.leaderelection.pre-vote = true (default)
2024-10-20 10:44:19,815 [s0@group-436914476215-FollowerState] INFO  impl.RoleInfo (RoleInfo.java:updateAndGet(148)) - s0: start s0@group-436914476215-LeaderElection71
2024-10-20 10:44:19,815 [s0@group-436914476215-LeaderElection71] INFO  server.RaftServer$Division (ServerState.java:setLeader(272)) - s0@group-436914476215: change Leader from s1 to null at term 1 for PRE_VOTE
2024-10-20 10:44:19,815 [s0@group-436914476215-LeaderElection71] INFO  impl.LeaderElection (LeaderElection.java:askForVotes(333)) - s0@group-436914476215-LeaderElection71 PRE_VOTE round 0: submit vote requests at term 1 for conf: {index: 0, cur=peers:[s0|localhost:15252, s1|localhost:15256, s2|localhost:15260]|listeners:[], old=null}
2024-10-20 10:44:19,815 [s0@group-436914476215-LeaderElection71-1] INFO  server.GrpcServerProtocolClient (GrpcServerProtocolClient.java:<init>(65)) - Build channel for s1|localhost:15256
2024-10-20 10:44:19,815 [s0@group-436914476215-LeaderElection71-2] INFO  server.GrpcServerProtocolClient (GrpcServerProtocolClient.java:<init>(65)) - Build channel for s2|localhost:15260
2024-10-20 10:44:19,819 [grpc-default-executor-1] INFO  server.RaftServer$Division (RaftServerImpl.java:requestVote(1447)) - s2@group-436914476215: receive requestVote(PRE_VOTE, s0, group-436914476215, 1, (t:1, i:0))
2024-10-20 10:44:19,819 [grpc-default-executor-1] INFO  impl.VoteContext (VoteContext.java:log(49)) - s2@group-436914476215-FOLLOWER: accept PRE_VOTE from s0: our priority 0 <= candidate's priority 0
2024-10-20 10:44:19,819 [grpc-default-executor-1] INFO  server.RaftServer$Division (RaftServerImpl.java:requestVote(1480)) - s2@group-436914476215 replies to PRE_VOTE vote request: s0<-s2#0:OK-t1. Peer's state: s2@group-436914476215:t1, leader=s1, voted=s2, raftlog=Memoized:s2@group-436914476215-SegmentedRaftLog:OPENED:c0:last(t:1, i:0), conf=conf: {index: 0, cur=peers:[s0|localhost:15252, s1|localhost:15256, s2|localhost:15260]|listeners:[], old=null}
2024-10-20 10:44:19,822 [s0@group-436914476215-LeaderElection71] INFO  impl.LeaderElection (LeaderElection.java:logAndReturn(90)) - s0@group-436914476215-LeaderElection71: PRE_VOTE PASSED received 1 response(s) and 0 exception(s):
2024-10-20 10:44:19,822 [s0@group-436914476215-LeaderElection71] INFO  impl.LeaderElection (LeaderElection.java:logAndReturn(94)) -   Response 0: s0<-s2#0:OK-t1
2024-10-20 10:44:19,822 [grpc-default-executor-1] INFO  server.RaftServer$Division (RaftServerImpl.java:requestVote(1447)) - s1@group-436914476215: receive requestVote(PRE_VOTE, s0, group-436914476215, 1, (t:1, i:0))
2024-10-20 10:44:19,823 [grpc-default-executor-1] INFO  impl.VoteContext (VoteContext.java:log(49)) - s1@group-436914476215-LEADER: reject PRE_VOTE from s0: this server is the leader and still has leadership
2024-10-20 10:44:19,823 [grpc-default-executor-1] INFO  server.RaftServer$Division (RaftServerImpl.java:requestVote(1480)) - s1@group-436914476215 replies to PRE_VOTE vote request: s0<-s1#0:FAIL-t1. Peer's state: s1@group-436914476215:t1, leader=s1, voted=s1, raftlog=Memoized:s1@group-436914476215-SegmentedRaftLog:OPENED:c0:last(t:1, i:0), conf=conf: {index: 0, cur=peers:[s0|localhost:15252, s1|localhost:15256, s2|localhost:15260]|listeners:[], old=null}
2024-10-20 10:44:19,822 [s0@group-436914476215-LeaderElection71] INFO  impl.LeaderElection (LeaderElection.java:askForVotes(335)) - s0@group-436914476215-LeaderElection71 PRE_VOTE round 0: result PASSED
2024-10-20 10:44:19,823 [s0@group-436914476215-LeaderElection71] TRACE util.FileUtils (LogUtils.java:supplyAndLog(69)) - Successfully supplied FileChannel.open /home/runner/work/ratis/ratis/ratis-test/target/test/data/d69430f5/MiniRaftClusterWithGrpc6b9d6d2d/s0/fd8814ef-b2fd-4859-a487-436914476215/current/raft-meta.tmp with options [CREATE, WRITE]: sun.nio.ch.FileChannelImpl@6a1220bb
2024-10-20 10:44:19,824 [s0@group-436914476215-LeaderElection71] TRACE util.FileUtils (LogUtils.java:runAndLog(49)) - Successfully ran Atomic Files.move /home/runner/work/ratis/ratis/ratis-test/target/test/data/d69430f5/MiniRaftClusterWithGrpc6b9d6d2d/s0/fd8814ef-b2fd-4859-a487-436914476215/current/raft-meta.tmp to /home/runner/work/ratis/ratis/ratis-test/target/test/data/d69430f5/MiniRaftClusterWithGrpc6b9d6d2d/s0/fd8814ef-b2fd-4859-a487-436914476215/current/raft-meta with options [REPLACE_EXISTING]
2024-10-20 10:44:19,825 [s0@group-436914476215-LeaderElection71] INFO  impl.LeaderElection (LeaderElection.java:askForVotes(333)) - s0@group-436914476215-LeaderElection71 ELECTION round 0: submit vote requests at term 2 for conf: {index: 0, cur=peers:[s0|localhost:15252, s1|localhost:15256, s2|localhost:15260]|listeners:[], old=null}
2024-10-20 10:44:19,825 [grpc-default-executor-5] INFO  server.RaftServer$Division (RaftServerImpl.java:requestVote(1447)) - s1@group-436914476215: receive requestVote(ELECTION, s0, group-436914476215, 2, (t:1, i:0))
2024-10-20 10:44:19,825 [grpc-default-executor-5] INFO  impl.VoteContext (VoteContext.java:log(49)) - s1@group-436914476215-LEADER: accept ELECTION from s0: our priority 0 <= candidate's priority 0
2024-10-20 10:44:19,825 [grpc-default-executor-1] INFO  server.RaftServer$Division (RaftServerImpl.java:requestVote(1447)) - s2@group-436914476215: receive requestVote(ELECTION, s0, group-436914476215, 2, (t:1, i:0))
2024-10-20 10:44:19,826 [grpc-default-executor-1] INFO  impl.VoteContext (VoteContext.java:log(49)) - s2@group-436914476215-FOLLOWER: accept ELECTION from s0: our priority 0 <= candidate's priority 0
2024-10-20 10:44:19,826 [grpc-default-executor-1] INFO  server.RaftServer$Division (RaftServerImpl.java:setRole(380)) - s2@group-436914476215: changes role from  FOLLOWER to FOLLOWER at term 1 for candidate:s0
2024-10-20 10:44:19,826 [grpc-default-executor-1] INFO  impl.RoleInfo (RoleInfo.java:shutdownFollowerState(121)) - s2: shutdown s2@group-436914476215-FollowerState
2024-10-20 10:44:19,826 [grpc-default-executor-1] INFO  server.RaftServer$Division (ServerState.java:setLeader(272)) - s2@group-436914476215: change Leader from s1 to null at term 2 for updateCurrentTerm
2024-10-20 10:44:19,826 [grpc-default-executor-1] INFO  impl.RoleInfo (RoleInfo.java:updateAndGet(148)) - s2: start s2@group-436914476215-FollowerState
2024-10-20 10:44:19,826 [s2@group-436914476215-FollowerState] INFO  impl.FollowerState (FollowerState.java:runImpl(170)) - s2@group-436914476215-FollowerState was interrupted
2024-10-20 10:44:19,825 [grpc-default-executor-5] INFO  server.RaftServer$Division (RaftServerImpl.java:setRole(380)) - s1@group-436914476215: changes role from    LEADER to FOLLOWER at term 1 for candidate:s0
2024-10-20 10:44:19,826 [grpc-default-executor-5] INFO  impl.RoleInfo (RoleInfo.java:shutdownLeaderState(103)) - s1: shutdown s1@group-436914476215-LeaderStateImpl
2024-10-20 10:44:19,826 [grpc-default-executor-1] TRACE util.FileUtils (LogUtils.java:supplyAndLog(69)) - Successfully supplied FileChannel.open /home/runner/work/ratis/ratis/ratis-test/target/test/data/d69430f5/MiniRaftClusterWithGrpc6b9d6d2d/s2/fd8814ef-b2fd-4859-a487-436914476215/current/raft-meta.tmp with options [CREATE, WRITE]: sun.nio.ch.FileChannelImpl@488e92ac
2024-10-20 10:44:19,826 [s1@group-436914476215->s0-GrpcLogAppender-LogAppenderDaemon] WARN  server.GrpcLogAppender (GrpcLogAppender.java:mayWait(293)) - s1@group-436914476215->s0-GrpcLogAppender: Wait interrupted by java.lang.InterruptedException
2024-10-20 10:44:19,826 [grpc-default-executor-5] INFO  impl.PendingRequests (PendingRequests.java:sendNotLeaderResponses(287)) - s1@group-436914476215-PendingRequests: sendNotLeaderResponses
2024-10-20 10:44:19,827 [grpc-default-executor-5] INFO  server.RaftServer$Division (ServerState.java:setLeader(272)) - s1@group-436914476215: change Leader from s1 to null at term 1 for candidate:s0
2024-10-20 10:44:19,827 [grpc-default-executor-5] INFO  impl.RoleInfo (RoleInfo.java:updateAndGet(148)) - s1: start s1@group-436914476215-FollowerState
2024-10-20 10:44:19,827 [s1@group-436914476215->s2-GrpcLogAppender-LogAppenderDaemon] WARN  server.GrpcLogAppender (GrpcLogAppender.java:mayWait(293)) - s1@group-436914476215->s2-GrpcLogAppender: Wait interrupted by java.lang.InterruptedException
2024-10-20 10:44:19,827 [grpc-default-executor-4] INFO  server.GrpcServerProtocolService (GrpcServerProtocolService.java:onCompleted(200)) - s2: Completed APPEND_ENTRIES, lastRequest: s1->s2#1-t1,previous=(t:0, i:0),leaderCommit=-1,initializing? false,entries: size=1, first=(t:1, i:0), CONFIGURATIONENTRY(current:id:"s0"address:"localhost:15252"dataStreamAddress:"localhost:15255"clientAddress:"localhost:15254"adminAddress:"localhost:15253"startupRole:FOLLOWER, id:"s1"address:"localhost:15256"dataStreamAddress:"localhost:15259"clientAddress:"localhost:15258"adminAddress:"localhost:15257"startupRole:FOLLOWER, id:"s2"address:"localhost:15260"dataStreamAddress:"localhost:15263"clientAddress:"localhost:15262"adminAddress:"localhost:15261"startupRole:FOLLOWER, old:)
2024-10-20 10:44:19,827 [grpc-default-executor-4] INFO  server.GrpcServerProtocolService (GrpcServerProtocolService.java:lambda$onCompleted$7(202)) - s2: Completed APPEND_ENTRIES, lastReply: null
2024-10-20 10:44:19,827 [grpc-default-executor-2] INFO  server.GrpcServerProtocolService (GrpcServerProtocolService.java:onCompleted(200)) - s0: Completed APPEND_ENTRIES, lastRequest: s1->s0#1-t1,previous=(t:0, i:0),leaderCommit=-1,initializing? false,entries: size=1, first=(t:1, i:0), CONFIGURATIONENTRY(current:id:"s0"address:"localhost:15252"dataStreamAddress:"localhost:15255"clientAddress:"localhost:15254"adminAddress:"localhost:15253"startupRole:FOLLOWER, id:"s1"address:"localhost:15256"dataStreamAddress:"localhost:15259"clientAddress:"localhost:15258"adminAddress:"localhost:15257"startupRole:FOLLOWER, id:"s2"address:"localhost:15260"dataStreamAddress:"localhost:15263"clientAddress:"localhost:15262"adminAddress:"localhost:15261"startupRole:FOLLOWER, old:)
2024-10-20 10:44:19,828 [grpc-default-executor-2] INFO  server.GrpcServerProtocolService (GrpcServerProtocolService.java:lambda$onCompleted$7(202)) - s0: Completed APPEND_ENTRIES, lastReply: null
2024-10-20 10:44:19,828 [grpc-default-executor-5] TRACE util.FileUtils (LogUtils.java:supplyAndLog(69)) - Successfully supplied FileChannel.open /home/runner/work/ratis/ratis/ratis-test/target/test/data/d69430f5/MiniRaftClusterWithGrpc6b9d6d2d/s1/fd8814ef-b2fd-4859-a487-436914476215/current/raft-meta.tmp with options [CREATE, WRITE]: sun.nio.ch.FileChannelImpl@312de2a8
2024-10-20 10:44:19,828 [grpc-default-executor-2] INFO  server.GrpcLogAppender (GrpcLogAppender.java:onCompleted(559)) - s1@group-436914476215->s0-AppendLogResponseHandler: follower responses appendEntries COMPLETED
2024-10-20 10:44:19,828 [grpc-default-executor-4] INFO  server.GrpcLogAppender (GrpcLogAppender.java:onCompleted(559)) - s1@group-436914476215->s2-AppendLogResponseHandler: follower responses appendEntries COMPLETED
2024-10-20 10:44:19,829 [grpc-default-executor-5] TRACE util.FileUtils (LogUtils.java:runAndLog(49)) - Successfully ran Atomic Files.move /home/runner/work/ratis/ratis/ratis-test/target/test/data/d69430f5/MiniRaftClusterWithGrpc6b9d6d2d/s1/fd8814ef-b2fd-4859-a487-436914476215/current/raft-meta.tmp to /home/runner/work/ratis/ratis/ratis-test/target/test/data/d69430f5/MiniRaftClusterWithGrpc6b9d6d2d/s1/fd8814ef-b2fd-4859-a487-436914476215/current/raft-meta with options [REPLACE_EXISTING]
2024-10-20 10:44:19,830 [grpc-default-executor-5] INFO  server.RaftServer$Division (RaftServerImpl.java:requestVote(1480)) - s1@group-436914476215 replies to ELECTION vote request: s0<-s1#0:OK-t2. Peer's state: s1@group-436914476215:t2, leader=null, voted=s0, raftlog=Memoized:s1@group-436914476215-SegmentedRaftLog:OPENED:c0:last(t:1, i:0), conf=conf: {index: 0, cur=peers:[s0|localhost:15252, s1|localhost:15256, s2|localhost:15260]|listeners:[], old=null}
2024-10-20 10:44:19,830 [s0@group-436914476215-LeaderElection71] INFO  impl.LeaderElection (LeaderElection.java:logAndReturn(90)) - s0@group-436914476215-LeaderElection71: ELECTION PASSED received 1 response(s) and 0 exception(s):
2024-10-20 10:44:19,830 [s0@group-436914476215-LeaderElection71] INFO  impl.LeaderElection (LeaderElection.java:logAndReturn(94)) -   Response 0: s0<-s1#0:OK-t2
2024-10-20 10:44:19,830 [s0@group-436914476215-LeaderElection71] INFO  impl.LeaderElection (LeaderElection.java:askForVotes(335)) - s0@group-436914476215-LeaderElection71 ELECTION round 0: result PASSED
2024-10-20 10:44:19,830 [s0@group-436914476215-LeaderElection71] INFO  impl.RoleInfo (RoleInfo.java:shutdownLeaderElection(141)) - s0: shutdown s0@group-436914476215-LeaderElection71
2024-10-20 10:44:19,830 [s0@group-436914476215-LeaderElection71] INFO  server.RaftServer$Division (RaftServerImpl.java:setRole(380)) - s0@group-436914476215: changes role from CANDIDATE to LEADER at term 2 for changeToLeader
2024-10-20 10:44:19,830 [s0@group-436914476215-LeaderElection71] INFO  server.RaftServerConfigKeys (ConfUtils.java:logGet(46)) - raft.server.staging.catchup.gap = 1000 (default)
2024-10-20 10:44:19,830 [s0@group-436914476215-LeaderElection71] INFO  server.RaftServerConfigKeys (ConfUtils.java:logGet(46)) - raft.server.write.element-limit = 4096 (default)
2024-10-20 10:44:19,830 [s0@group-436914476215-LeaderElection71] INFO  server.RaftServerConfigKeys (ConfUtils.java:logGet(46)) - raft.server.write.byte-limit = 64MB (=67108864) (default)
2024-10-20 10:44:19,830 [s0@group-436914476215-LeaderElection71] INFO  server.RaftServerConfigKeys (ConfUtils.java:logGet(46)) - raft.server.watch.timeout = 10s (default)
2024-10-20 10:44:19,831 [s0@group-436914476215-LeaderElection71] INFO  server.RaftServerConfigKeys (ConfUtils.java:logGet(46)) - raft.server.watch.timeout.denomination = 1s (default)
2024-10-20 10:44:19,831 [s0@group-436914476215-LeaderElection71] INFO  server.RaftServerConfigKeys (ConfUtils.java:logGet(46)) - raft.server.watch.element-limit = 65536 (default)
2024-10-20 10:44:19,831 [grpc-default-executor-1] TRACE util.FileUtils (LogUtils.java:runAndLog(49)) - Successfully ran Atomic Files.move /home/runner/work/ratis/ratis/ratis-test/target/test/data/d69430f5/MiniRaftClusterWithGrpc6b9d6d2d/s2/fd8814ef-b2fd-4859-a487-436914476215/current/raft-meta.tmp to /home/runner/work/ratis/ratis/ratis-test/target/test/data/d69430f5/MiniRaftClusterWithGrpc6b9d6d2d/s2/fd8814ef-b2fd-4859-a487-436914476215/current/raft-meta with options [REPLACE_EXISTING]
2024-10-20 10:44:19,831 [s0@group-436914476215-LeaderElection71] INFO  server.RaftServerConfigKeys (ConfUtils.java:logGet(46)) - raft.server.read.leader.lease.enabled = true (custom)
2024-10-20 10:44:19,831 [grpc-default-executor-1] INFO  server.RaftServer$Division (RaftServerImpl.java:requestVote(1480)) - s2@group-436914476215 replies to ELECTION vote request: s0<-s2#0:OK-t2. Peer's state: s2@group-436914476215:t2, leader=null, voted=s0, raftlog=Memoized:s2@group-436914476215-SegmentedRaftLog:OPENED:c0:last(t:1, i:0), conf=conf: {index: 0, cur=peers:[s0|localhost:15252, s1|localhost:15256, s2|localhost:15260]|listeners:[], old=null}
2024-10-20 10:44:19,831 [s0@group-436914476215-LeaderElection71] INFO  server.RaftServerConfigKeys (ConfUtils.java:logGet(46)) - raft.server.read.leader.lease.timeout.ratio = 0.5 (custom)
2024-10-20 10:44:19,831 [s0@group-436914476215-LeaderElection71] INFO  server.RaftServerConfigKeys (ConfUtils.java:logGet(46)) - raft.server.rpc.timeout.min = 150ms (default)
2024-10-20 10:44:19,831 [s0@group-436914476215-LeaderElection71] INFO  server.RaftServerConfigKeys (ConfUtils.java:logGet(46)) - raft.server.log.log-metadata.enabled = true (default)
2024-10-20 10:44:19,831 [s0@group-436914476215-LeaderElection71] INFO  server.RaftServerConfigKeys (ConfUtils.java:logGet(46)) - raft.server.write.element-limit = 4096 (default)
2024-10-20 10:44:19,831 [s0@group-436914476215-LeaderElection71] INFO  server.RaftServerConfigKeys (ConfUtils.java:logGet(46)) - raft.server.write.follower.gap.ratio.max = -1.0 (default)
2024-10-20 10:44:19,831 [s0@group-436914476215-LeaderElection71] INFO  server.RaftServerConfigKeys (ConfUtils.java:logGet(46)) - raft.server.log.appender.snapshot.chunk.size.max = 16MB (=16777216) (default)
2024-10-20 10:44:19,831 [s0@group-436914476215-LeaderElection71] INFO  server.RaftServerConfigKeys (ConfUtils.java:logGet(46)) - raft.server.log.appender.buffer.byte-limit = 4MB (=4194304) (default)
2024-10-20 10:44:19,831 [s0@group-436914476215-LeaderElection71] INFO  server.RaftServerConfigKeys (ConfUtils.java:logGet(46)) - raft.server.log.appender.buffer.element-limit = 0 (default)
2024-10-20 10:44:19,831 [s0@group-436914476215-LeaderElection71] INFO  server.RaftServerConfigKeys (ConfUtils.java:logGet(46)) - raft.server.log.appender.wait-time.min = 1ms (default)
2024-10-20 10:44:19,831 [s0@group-436914476215-LeaderElection71] INFO  grpc.GrpcConfigKeys (ConfUtils.java:logGet(46)) - raft.grpc.server.leader.outstanding.appends.max = 8 (default)
2024-10-20 10:44:19,831 [s0@group-436914476215-LeaderElection71] INFO  server.RaftServerConfigKeys (ConfUtils.java:logGet(46)) - raft.server.rpc.request.timeout = 3000ms (default)
2024-10-20 10:44:19,832 [s0@group-436914476215-LeaderElection71] INFO  grpc.GrpcConfigKeys (ConfUtils.java:logGet(46)) - raft.grpc.server.install_snapshot.request.element-limit = 8 (default)
2024-10-20 10:44:19,832 [s0@group-436914476215-LeaderElection71] INFO  grpc.GrpcConfigKeys (ConfUtils.java:logGet(46)) - raft.grpc.server.install_snapshot.request.timeout = 3000ms (default)
2024-10-20 10:44:19,832 [s0@group-436914476215-LeaderElection71] INFO  grpc.GrpcConfigKeys (ConfUtils.java:logGet(46)) - raft.grpc.server.log-message.batch.duration = 5s (default)
2024-10-20 10:44:19,832 [s0@group-436914476215-LeaderElection71] INFO  server.RaftServerConfigKeys (ConfUtils.java:logGet(46)) - raft.server.log.appender.install.snapshot.enabled = true (default)
2024-10-20 10:44:19,832 [s0@group-436914476215-LeaderElection71] INFO  grpc.GrpcConfigKeys (ConfUtils.java:logGet(46)) - raft.grpc.server.heartbeat.channel = true (default)
2024-10-20 10:44:19,832 [s0@group-436914476215-LeaderElection71] INFO  server.RaftServerConfigKeys (ConfUtils.java:logGet(46)) - raft.server.log.appender.snapshot.chunk.size.max = 16MB (=16777216) (default)
2024-10-20 10:44:19,832 [s0@group-436914476215-LeaderElection71] INFO  server.RaftServerConfigKeys (ConfUtils.java:logGet(46)) - raft.server.log.appender.buffer.byte-limit = 4MB (=4194304) (default)
2024-10-20 10:44:19,832 [s0@group-436914476215-LeaderElection71] INFO  server.RaftServerConfigKeys (ConfUtils.java:logGet(46)) - raft.server.log.appender.buffer.element-limit = 0 (default)
2024-10-20 10:44:19,832 [s0@group-436914476215-LeaderElection71] INFO  server.RaftServerConfigKeys (ConfUtils.java:logGet(46)) - raft.server.log.appender.wait-time.min = 1ms (default)
2024-10-20 10:44:19,832 [s0@group-436914476215-LeaderElection71] INFO  grpc.GrpcConfigKeys (ConfUtils.java:logGet(46)) - raft.grpc.server.leader.outstanding.appends.max = 8 (default)
2024-10-20 10:44:19,832 [s0@group-436914476215-LeaderElection71] INFO  server.RaftServerConfigKeys (ConfUtils.java:logGet(46)) - raft.server.rpc.request.timeout = 3000ms (default)
2024-10-20 10:44:19,832 [s0@group-436914476215-LeaderElection71] INFO  grpc.GrpcConfigKeys (ConfUtils.java:logGet(46)) - raft.grpc.server.install_snapshot.request.element-limit = 8 (default)
2024-10-20 10:44:19,832 [s0@group-436914476215-LeaderElection71] INFO  grpc.GrpcConfigKeys (ConfUtils.java:logGet(46)) - raft.grpc.server.install_snapshot.request.timeout = 3000ms (default)
2024-10-20 10:44:19,832 [s0@group-436914476215-LeaderElection71] INFO  grpc.GrpcConfigKeys (ConfUtils.java:logGet(46)) - raft.grpc.server.log-message.batch.duration = 5s (default)
2024-10-20 10:44:19,832 [s0@group-436914476215-LeaderElection71] INFO  server.RaftServerConfigKeys (ConfUtils.java:logGet(46)) - raft.server.log.appender.install.snapshot.enabled = true (default)
2024-10-20 10:44:19,832 [s0@group-436914476215-LeaderElection71] INFO  grpc.GrpcConfigKeys (ConfUtils.java:logGet(46)) - raft.grpc.server.heartbeat.channel = true (default)
2024-10-20 10:44:19,833 [s0@group-436914476215-LeaderElection71] INFO  impl.RoleInfo (RoleInfo.java:updateAndGet(148)) - s0: start s0@group-436914476215-LeaderStateImpl
2024-10-20 10:44:19,833 [s0@group-436914476215-LeaderElection71] INFO  server.RaftServer$Division (ServerState.java:setLeader(272)) - s0@group-436914476215: change Leader from null to s0 at term 2 for becomeLeader, leader elected after 17ms
2024-10-20 10:44:19,833 [s0@group-436914476215-LeaderElection71] INFO  segmented.SegmentedRaftLogWorker (SegmentedRaftLogWorker.java:rollLogSegment(447)) - s0@group-436914476215-SegmentedRaftLogWorker: Rolling segment log-0_0 to index:0
2024-10-20 10:44:19,833 [s0@group-436914476215-LeaderElection71] INFO  server.RaftServer$Division (ServerState.java:setRaftConf(386)) - s0@group-436914476215: set configuration conf: {index: 1, cur=peers:[s0|localhost:15252, s1|localhost:15256, s2|localhost:15260]|listeners:[], old=null}
2024-10-20 10:44:19,834 [s0@group-436914476215-SegmentedRaftLogWorker] TRACE util.FileUtils (LogUtils.java:runAndLog(49)) - Successfully ran Atomic Files.move /home/runner/work/ratis/ratis/ratis-test/target/test/data/d69430f5/MiniRaftClusterWithGrpc6b9d6d2d/s0/fd8814ef-b2fd-4859-a487-436914476215/current/log_inprogress_0 to /home/runner/work/ratis/ratis/ratis-test/target/test/data/d69430f5/MiniRaftClusterWithGrpc6b9d6d2d/s0/fd8814ef-b2fd-4859-a487-436914476215/current/log_0-0
2024-10-20 10:44:19,834 [s0@group-436914476215-SegmentedRaftLogWorker] INFO  segmented.SegmentedRaftLogWorker (SegmentedRaftLogWorker.java:execute(620)) - s0@group-436914476215-SegmentedRaftLogWorker: Rolled log segment from /home/runner/work/ratis/ratis/ratis-test/target/test/data/d69430f5/MiniRaftClusterWithGrpc6b9d6d2d/s0/fd8814ef-b2fd-4859-a487-436914476215/current/log_inprogress_0 to /home/runner/work/ratis/ratis/ratis-test/target/test/data/d69430f5/MiniRaftClusterWithGrpc6b9d6d2d/s0/fd8814ef-b2fd-4859-a487-436914476215/current/log_0-0
2024-10-20 10:44:19,834 [s0@group-436914476215-SegmentedRaftLogWorker] INFO  segmented.BufferedWriteChannel (BufferedWriteChannel.java:open(61)) - open log_inprogress_1 at position 0
2024-10-20 10:44:19,837 [s1-server-thread1] INFO  server.RaftServer$Division (ServerState.java:setLeader(272)) - s1@group-436914476215: change Leader from null to s0 at term 2 for appendEntries, leader elected after 9ms
2024-10-20 10:44:19,839 [s2-server-thread3] INFO  server.RaftServer$Division (ServerState.java:setLeader(272)) - s2@group-436914476215: change Leader from null to s0 at term 2 for appendEntries, leader elected after 12ms
2024-10-20 10:44:19,840 [s1-server-thread2] DEBUG server.RaftServer$Division (RaftServerImpl.java:logAppendEntries(1549)) - s1@group-436914476215: appendEntries* s0->s1#1-t2,previous=(t:1, i:0),leaderCommit=0,initializing? false,entries: size=1, first=(t:2, i:1), CONFIGURATIONENTRY(current:id:"s0"address:"localhost:15252"dataStreamAddress:"localhost:15255"clientAddress:"localhost:15254"adminAddress:"localhost:15253"startupRole:FOLLOWER, id:"s1"address:"localhost:15256"dataStreamAddress:"localhost:15259"clientAddress:"localhost:15258"adminAddress:"localhost:15257"startupRole:FOLLOWER, id:"s2"address:"localhost:15260"dataStreamAddress:"localhost:15263"clientAddress:"localhost:15262"adminAddress:"localhost:15261"startupRole:FOLLOWER, old:)
2024-10-20 10:44:19,841 [s1-server-thread2] INFO  server.RaftServer$Division (ServerState.java:setRaftConf(386)) - s1@group-436914476215: set configuration conf: {index: 1, cur=peers:[s0|localhost:15252, s1|localhost:15256, s2|localhost:15260]|listeners:[], old=null}
2024-10-20 10:44:19,841 [s1-server-thread2] INFO  segmented.SegmentedRaftLogWorker (SegmentedRaftLogWorker.java:rollLogSegment(447)) - s1@group-436914476215-SegmentedRaftLogWorker: Rolling segment log-0_0 to index:0
2024-10-20 10:44:19,842 [s1@group-436914476215-SegmentedRaftLogWorker] TRACE util.FileUtils (LogUtils.java:runAndLog(49)) - Successfully ran Atomic Files.move /home/runner/work/ratis/ratis/ratis-test/target/test/data/d69430f5/MiniRaftClusterWithGrpc6b9d6d2d/s1/fd8814ef-b2fd-4859-a487-436914476215/current/log_inprogress_0 to /home/runner/work/ratis/ratis/ratis-test/target/test/data/d69430f5/MiniRaftClusterWithGrpc6b9d6d2d/s1/fd8814ef-b2fd-4859-a487-436914476215/current/log_0-0
2024-10-20 10:44:19,842 [s1@group-436914476215-SegmentedRaftLogWorker] INFO  segmented.SegmentedRaftLogWorker (SegmentedRaftLogWorker.java:execute(620)) - s1@group-436914476215-SegmentedRaftLogWorker: Rolled log segment from /home/runner/work/ratis/ratis/ratis-test/target/test/data/d69430f5/MiniRaftClusterWithGrpc6b9d6d2d/s1/fd8814ef-b2fd-4859-a487-436914476215/current/log_inprogress_0 to /home/runner/work/ratis/ratis/ratis-test/target/test/data/d69430f5/MiniRaftClusterWithGrpc6b9d6d2d/s1/fd8814ef-b2fd-4859-a487-436914476215/current/log_0-0
2024-10-20 10:44:19,843 [s1@group-436914476215-SegmentedRaftLogWorker] INFO  segmented.BufferedWriteChannel (BufferedWriteChannel.java:open(61)) - open log_inprogress_1 at position 0
2024-10-20 10:44:19,846 [s2-server-thread1] DEBUG server.RaftServer$Division (RaftServerImpl.java:logAppendEntries(1549)) - s2@group-436914476215: appendEntries* s0->s2#1-t2,previous=(t:1, i:0),leaderCommit=0,initializing? false,entries: size=1, first=(t:2, i:1), CONFIGURATIONENTRY(current:id:"s0"address:"localhost:15252"dataStreamAddress:"localhost:15255"clientAddress:"localhost:15254"adminAddress:"localhost:15253"startupRole:FOLLOWER, id:"s1"address:"localhost:15256"dataStreamAddress:"localhost:15259"clientAddress:"localhost:15258"adminAddress:"localhost:15257"startupRole:FOLLOWER, id:"s2"address:"localhost:15260"dataStreamAddress:"localhost:15263"clientAddress:"localhost:15262"adminAddress:"localhost:15261"startupRole:FOLLOWER, old:)
2024-10-20 10:44:19,846 [s2-server-thread1] INFO  server.RaftServer$Division (ServerState.java:setRaftConf(386)) - s2@group-436914476215: set configuration conf: {index: 1, cur=peers:[s0|localhost:15252, s1|localhost:15256, s2|localhost:15260]|listeners:[], old=null}
2024-10-20 10:44:19,846 [s2-server-thread1] INFO  segmented.SegmentedRaftLogWorker (SegmentedRaftLogWorker.java:rollLogSegment(447)) - s2@group-436914476215-SegmentedRaftLogWorker: Rolling segment log-0_0 to index:0
2024-10-20 10:44:19,847 [s2@group-436914476215-SegmentedRaftLogWorker] TRACE util.FileUtils (LogUtils.java:runAndLog(49)) - Successfully ran Atomic Files.move /home/runner/work/ratis/ratis/ratis-test/target/test/data/d69430f5/MiniRaftClusterWithGrpc6b9d6d2d/s2/fd8814ef-b2fd-4859-a487-436914476215/current/log_inprogress_0 to /home/runner/work/ratis/ratis/ratis-test/target/test/data/d69430f5/MiniRaftClusterWithGrpc6b9d6d2d/s2/fd8814ef-b2fd-4859-a487-436914476215/current/log_0-0
2024-10-20 10:44:19,848 [s2@group-436914476215-SegmentedRaftLogWorker] INFO  segmented.SegmentedRaftLogWorker (SegmentedRaftLogWorker.java:execute(620)) - s2@group-436914476215-SegmentedRaftLogWorker: Rolled log segment from /home/runner/work/ratis/ratis/ratis-test/target/test/data/d69430f5/MiniRaftClusterWithGrpc6b9d6d2d/s2/fd8814ef-b2fd-4859-a487-436914476215/current/log_inprogress_0 to /home/runner/work/ratis/ratis/ratis-test/target/test/data/d69430f5/MiniRaftClusterWithGrpc6b9d6d2d/s2/fd8814ef-b2fd-4859-a487-436914476215/current/log_0-0
2024-10-20 10:44:19,848 [s2@group-436914476215-SegmentedRaftLogWorker] INFO  segmented.BufferedWriteChannel (BufferedWriteChannel.java:open(61)) - open log_inprogress_1 at position 0
2024-10-20 10:44:19,854 [s0@group-436914476215-SegmentedRaftLogWorker] INFO  segmented.SegmentedRaftLogWorker (SegmentedRaftLogWorker.java:execute(663)) - s0@group-436914476215-SegmentedRaftLogWorker: created new log segment /home/runner/work/ratis/ratis/ratis-test/target/test/data/d69430f5/MiniRaftClusterWithGrpc6b9d6d2d/s0/fd8814ef-b2fd-4859-a487-436914476215/current/log_inprogress_1
2024-10-20 10:44:19,858 [s1@group-436914476215-SegmentedRaftLogWorker] INFO  segmented.SegmentedRaftLogWorker (SegmentedRaftLogWorker.java:execute(663)) - s1@group-436914476215-SegmentedRaftLogWorker: created new log segment /home/runner/work/ratis/ratis/ratis-test/target/test/data/d69430f5/MiniRaftClusterWithGrpc6b9d6d2d/s1/fd8814ef-b2fd-4859-a487-436914476215/current/log_inprogress_1
2024-10-20 10:44:19,858 [s1-server-thread2] DEBUG server.RaftServer$Division (RaftServerImpl.java:logAppendEntries(1549)) - s1@group-436914476215: appendEntries* reply s0<-s1#1:OK-t2,SUCCESS,nextIndex=2,followerCommit=0,matchIndex=1
2024-10-20 10:44:19,859 [s2@group-436914476215-SegmentedRaftLogWorker] INFO  segmented.SegmentedRaftLogWorker (SegmentedRaftLogWorker.java:execute(663)) - s2@group-436914476215-SegmentedRaftLogWorker: created new log segment /home/runner/work/ratis/ratis/ratis-test/target/test/data/d69430f5/MiniRaftClusterWithGrpc6b9d6d2d/s2/fd8814ef-b2fd-4859-a487-436914476215/current/log_inprogress_1
2024-10-20 10:44:19,859 [s0@group-436914476215-StateMachineUpdater] TRACE util.FileUtils (LogUtils.java:supplyAndLog(69)) - Successfully supplied FileChannel.open /home/runner/work/ratis/ratis/ratis-test/target/test/data/d69430f5/MiniRaftClusterWithGrpc6b9d6d2d/s0/fd8814ef-b2fd-4859-a487-436914476215/current/raft-meta.conf.tmp with options [CREATE, WRITE]: sun.nio.ch.FileChannelImpl@1423c102
2024-10-20 10:44:19,859 [s2-server-thread1] DEBUG server.RaftServer$Division (RaftServerImpl.java:logAppendEntries(1549)) - s2@group-436914476215: appendEntries* reply s0<-s2#1:OK-t2,SUCCESS,nextIndex=2,followerCommit=0,matchIndex=1
2024-10-20 10:44:19,860 [s1-server-thread2] DEBUG server.RaftServer$Division (RaftServerImpl.java:logAppendEntries(1549)) - s1@group-436914476215: appendEntries* s0->s1#3-t2,previous=(t:2, i:1),leaderCommit=1,initializing? false,entries: size=1, first=(t:2, i:2), METADATAENTRY(c:1)
2024-10-20 10:44:19,860 [s2-server-thread1] DEBUG server.RaftServer$Division (RaftServerImpl.java:logAppendEntries(1549)) - s2@group-436914476215: appendEntries* s0->s2#3-t2,previous=(t:2, i:1),leaderCommit=1,initializing? false,entries: size=1, first=(t:2, i:2), METADATAENTRY(c:1)
2024-10-20 10:44:19,861 [s1-server-thread2] DEBUG server.RaftServer$Division (RaftServerImpl.java:logAppendEntries(1549)) - s1@group-436914476215: appendEntries* reply s0<-s1#3:OK-t2,SUCCESS,nextIndex=3,followerCommit=1,matchIndex=2
2024-10-20 10:44:19,861 [s2-server-thread1] DEBUG server.RaftServer$Division (RaftServerImpl.java:logAppendEntries(1549)) - s2@group-436914476215: appendEntries* reply s0<-s2#3:OK-t2,SUCCESS,nextIndex=3,followerCommit=1,matchIndex=2
2024-10-20 10:44:19,861 [s2@group-436914476215-StateMachineUpdater] TRACE util.FileUtils (LogUtils.java:supplyAndLog(69)) - Successfully supplied FileChannel.open /home/runner/work/ratis/ratis/ratis-test/target/test/data/d69430f5/MiniRaftClusterWithGrpc6b9d6d2d/s2/fd8814ef-b2fd-4859-a487-436914476215/current/raft-meta.conf.tmp with options [CREATE, WRITE]: sun.nio.ch.FileChannelImpl@73b28568
2024-10-20 10:44:19,861 [s0@group-436914476215-StateMachineUpdater] TRACE util.FileUtils (LogUtils.java:runAndLog(49)) - Successfully ran Atomic Files.move /home/runner/work/ratis/ratis/ratis-test/target/test/data/d69430f5/MiniRaftClusterWithGrpc6b9d6d2d/s0/fd8814ef-b2fd-4859-a487-436914476215/current/raft-meta.conf.tmp to /home/runner/work/ratis/ratis/ratis-test/target/test/data/d69430f5/MiniRaftClusterWithGrpc6b9d6d2d/s0/fd8814ef-b2fd-4859-a487-436914476215/current/raft-meta.conf with options [REPLACE_EXISTING]
2024-10-20 10:44:19,861 [s1@group-436914476215-StateMachineUpdater] TRACE util.FileUtils (LogUtils.java:supplyAndLog(69)) - Successfully supplied FileChannel.open /home/runner/work/ratis/ratis/ratis-test/target/test/data/d69430f5/MiniRaftClusterWithGrpc6b9d6d2d/s1/fd8814ef-b2fd-4859-a487-436914476215/current/raft-meta.conf.tmp with options [CREATE, WRITE]: sun.nio.ch.FileChannelImpl@756d37d8
2024-10-20 10:44:19,862 [s0@group-436914476215-StateMachineUpdater] INFO  server.RaftServer$Division (LeaderStateImpl.java:checkStartIndex(314)) - Leader s0@group-436914476215-LeaderStateImpl is ready since appliedIndex == startIndex == 1
2024-10-20 10:44:19,863 [s2@group-436914476215-StateMachineUpdater] TRACE util.FileUtils (LogUtils.java:runAndLog(49)) - Successfully ran Atomic Files.move /home/runner/work/ratis/ratis/ratis-test/target/test/data/d69430f5/MiniRaftClusterWithGrpc6b9d6d2d/s2/fd8814ef-b2fd-4859-a487-436914476215/current/raft-meta.conf.tmp to /home/runner/work/ratis/ratis/ratis-test/target/test/data/d69430f5/MiniRaftClusterWithGrpc6b9d6d2d/s2/fd8814ef-b2fd-4859-a487-436914476215/current/raft-meta.conf with options [REPLACE_EXISTING]
2024-10-20 10:44:19,864 [s1@group-436914476215-StateMachineUpdater] TRACE util.FileUtils (LogUtils.java:runAndLog(49)) - Successfully ran Atomic Files.move /home/runner/work/ratis/ratis/ratis-test/target/test/data/d69430f5/MiniRaftClusterWithGrpc6b9d6d2d/s1/fd8814ef-b2fd-4859-a487-436914476215/current/raft-meta.conf.tmp to /home/runner/work/ratis/ratis/ratis-test/target/test/data/d69430f5/MiniRaftClusterWithGrpc6b9d6d2d/s1/fd8814ef-b2fd-4859-a487-436914476215/current/raft-meta.conf with options [REPLACE_EXISTING]
2024-10-20 10:44:19,874 [main] INFO  server.RaftServerConfigKeys (ConfUtils.java:logGet(46)) - raft.server.rpc.timeout.max = 300ms (default)
2024-10-20 10:44:19,874 [main] INFO  ratis.RaftTestUtil (RaftTestUtil.java:waitForLeader(107)) - printing ALL groups
  s0:  RUNNING    LEADER s0@group-436914476215:t2, leader=s0, voted=s0, raftlog=Memoized:s0@group-436914476215-SegmentedRaftLog:OPENED:c2:last(t:2, i:2), conf=conf: {index: 1, cur=peers:[s0|localhost:15252, s1|localhost:15256, s2|localhost:15260]|listeners:[], old=null} RUNNING
  s1:  RUNNING  FOLLOWER s1@group-436914476215:t2, leader=s0, voted=s0, raftlog=Memoized:s1@group-436914476215-SegmentedRaftLog:OPENED:c1:last(t:2, i:2), conf=conf: {index: 1, cur=peers:[s0|localhost:15252, s1|localhost:15256, s2|localhost:15260]|listeners:[], old=null} RUNNING
  s2:  RUNNING  FOLLOWER s2@group-436914476215:t2, leader=s0, voted=s0, raftlog=Memoized:s2@group-436914476215-SegmentedRaftLog:OPENED:c1:last(t:2, i:2), conf=conf: {index: 1, cur=peers:[s0|localhost:15252, s1|localhost:15256, s2|localhost:15260]|listeners:[], old=null} RUNNING
2024-10-20 10:44:19,874 [main] INFO  ratis.RaftTestUtil (RaftTestUtil.java:waitForLeader(131)) - printing ALL groups
  s0:  RUNNING    LEADER s0@group-436914476215:t2, leader=s0, voted=s0, raftlog=Memoized:s0@group-436914476215-SegmentedRaftLog:OPENED:c2:last(t:2, i:2), conf=conf: {index: 1, cur=peers:[s0|localhost:15252, s1|localhost:15256, s2|localhost:15260]|listeners:[], old=null} RUNNING
  s1:  RUNNING  FOLLOWER s1@group-436914476215:t2, leader=s0, voted=s0, raftlog=Memoized:s1@group-436914476215-SegmentedRaftLog:OPENED:c1:last(t:2, i:2), conf=conf: {index: 1, cur=peers:[s0|localhost:15252, s1|localhost:15256, s2|localhost:15260]|listeners:[], old=null} RUNNING
  s2:  RUNNING  FOLLOWER s2@group-436914476215:t2, leader=s0, voted=s0, raftlog=Memoized:s2@group-436914476215-SegmentedRaftLog:OPENED:c1:last(t:2, i:2), conf=conf: {index: 1, cur=peers:[s0|localhost:15252, s1|localhost:15256, s2|localhost:15260]|listeners:[], old=null} RUNNING
2024-10-20 10:44:19,874 [main] INFO  ratis.RaftTestUtil (RaftTestUtil.java:lambda$changeLeader$14(485)) - Changed leader from s1 to s0
2024-10-20 10:44:19,874 [main] INFO  util.CodeInjectionForTesting (BlockRequestHandlingInjection.java:unblockRequestor(54)) - UnBlock requestor s1
2024-10-20 10:44:19,875 [main] INFO  util.CodeInjectionForTesting (BlockRequestHandlingInjection.java:blockRequestor(49)) - Block requestor s0
2024-10-20 10:44:19,875 [main] INFO  server.RaftServerConfigKeys (ConfUtils.java:logGet(46)) - raft.server.rpc.timeout.max = 300ms (default)
2024-10-20 10:44:19,875 [main] INFO  ratis.RaftTestUtil (RaftTestUtil.java:waitForLeader(107)) - printing ALL groups
  s0:  RUNNING    LEADER s0@group-436914476215:t2, leader=s0, voted=s0, raftlog=Memoized:s0@group-436914476215-SegmentedRaftLog:OPENED:c2:last(t:2, i:2), conf=conf: {index: 1, cur=peers:[s0|localhost:15252, s1|localhost:15256, s2|localhost:15260]|listeners:[], old=null} RUNNING
  s1:  RUNNING  FOLLOWER s1@group-436914476215:t2, leader=s0, voted=s0, raftlog=Memoized:s1@group-436914476215-SegmentedRaftLog:OPENED:c1:last(t:2, i:2), conf=conf: {index: 1, cur=peers:[s0|localhost:15252, s1|localhost:15256, s2|localhost:15260]|listeners:[], old=null} RUNNING
  s2:  RUNNING  FOLLOWER s2@group-436914476215:t2, leader=s0, voted=s0, raftlog=Memoized:s2@group-436914476215-SegmentedRaftLog:OPENED:c1:last(t:2, i:2), conf=conf: {index: 1, cur=peers:[s0|localhost:15252, s1|localhost:15256, s2|localhost:15260]|listeners:[], old=null} RUNNING
2024-10-20 10:44:19,875 [main] INFO  ratis.RaftTestUtil (RaftTestUtil.java:waitForLeader(131)) - printing ALL groups
  s0:  RUNNING    LEADER s0@group-436914476215:t2, leader=s0, voted=s0, raftlog=Memoized:s0@group-436914476215-SegmentedRaftLog:OPENED:c2:last(t:2, i:2), conf=conf: {index: 1, cur=peers:[s0|localhost:15252, s1|localhost:15256, s2|localhost:15260]|listeners:[], old=null} RUNNING
  s1:  RUNNING  FOLLOWER s1@group-436914476215:t2, leader=s0, voted=s0, raftlog=Memoized:s1@group-436914476215-SegmentedRaftLog:OPENED:c1:last(t:2, i:2), conf=conf: {index: 1, cur=peers:[s0|localhost:15252, s1|localhost:15256, s2|localhost:15260]|listeners:[], old=null} RUNNING
  s2:  RUNNING  FOLLOWER s2@group-436914476215:t2, leader=s0, voted=s0, raftlog=Memoized:s2@group-436914476215-SegmentedRaftLog:OPENED:c1:last(t:2, i:2), conf=conf: {index: 1, cur=peers:[s0|localhost:15252, s1|localhost:15256, s2|localhost:15260]|listeners:[], old=null} RUNNING
2024-10-20 10:44:19,875 [main] WARN  ratis.RaftTestUtil (JavaUtils.java:attempt(231)) - FAILED "runTestChangeLeader-changeLeader", attempt #1/20, sleep 100ms and then retry: java.lang.IllegalStateException: Failed to change leader: newLeader == oldLeader == s0
2024-10-20 10:44:19,928 [s0-server-thread3] INFO  util.CodeInjectionForTesting (BlockRequestHandlingInjection.java:execute(84)) - s0: unBlock request from s1
2024-10-20 10:44:19,928 [s2-server-thread2] INFO  util.CodeInjectionForTesting (BlockRequestHandlingInjection.java:execute(84)) - s2: unBlock request from s1
2024-10-20 10:44:19,928 [s0-server-thread3] WARN  server.RaftServer$Division (ServerState.java:recognizeLeader(331)) - s0@group-436914476215: Failed to recognize s1 as leader for APPEND_ENTRIES since peerTerm = 1 < currentTerm = 2
2024-10-20 10:44:19,928 [s2-server-thread2] WARN  server.RaftServer$Division (ServerState.java:recognizeLeader(331)) - s2@group-436914476215: Failed to recognize s1 as leader for APPEND_ENTRIES since peerTerm = 1 < currentTerm = 2
2024-10-20 10:44:19,929 [grpc-default-executor-11] WARN  server.GrpcLogAppender (GrpcLogAppender.java:onNextImpl(521)) - s1@group-436914476215->s2-AppendLogResponseHandler: received NOT_LEADER reply with term 2
2024-10-20 10:44:19,929 [s0-server-thread3] WARN  server.RaftServer$Division (ServerState.java:recognizeLeader(331)) - s0@group-436914476215: Failed to recognize s1 as leader for APPEND_ENTRIES since peerTerm = 1 < currentTerm = 2
2024-10-20 10:44:19,929 [grpc-default-executor-4] WARN  server.GrpcLogAppender (GrpcLogAppender.java:onNextImpl(521)) - s1@group-436914476215->s0-AppendLogResponseHandler: received NOT_LEADER reply with term 2
2024-10-20 10:44:19,929 [s2-server-thread2] WARN  server.RaftServer$Division (ServerState.java:recognizeLeader(331)) - s2@group-436914476215: Failed to recognize s1 as leader for APPEND_ENTRIES since peerTerm = 1 < currentTerm = 2
2024-10-20 10:44:19,929 [grpc-default-executor-4] WARN  server.GrpcLogAppender (GrpcLogAppender.java:onNextImpl(521)) - s1@group-436914476215->s0-AppendLogResponseHandler: received NOT_LEADER reply with term 2
2024-10-20 10:44:19,929 [s0-server-thread3] WARN  server.RaftServer$Division (ServerState.java:recognizeLeader(331)) - s0@group-436914476215: Failed to recognize s1 as leader for APPEND_ENTRIES since peerTerm = 1 < currentTerm = 2
2024-10-20 10:44:19,929 [grpc-default-executor-3] WARN  server.GrpcLogAppender (GrpcLogAppender.java:onNextImpl(521)) - s1@group-436914476215->s2-AppendLogResponseHandler: received NOT_LEADER reply with term 2
2024-10-20 10:44:19,929 [s2-server-thread2] WARN  server.RaftServer$Division (ServerState.java:recognizeLeader(331)) - s2@group-436914476215: Failed to recognize s1 as leader for APPEND_ENTRIES since peerTerm = 1 < currentTerm = 2
2024-10-20 10:44:19,929 [grpc-default-executor-3] WARN  server.GrpcLogAppender (GrpcLogAppender.java:onNextImpl(521)) - s1@group-436914476215->s0-AppendLogResponseHandler: received NOT_LEADER reply with term 2
2024-10-20 10:44:19,929 [s0-server-thread3] WARN  server.RaftServer$Division (ServerState.java:recognizeLeader(331)) - s0@group-436914476215: Failed to recognize s1 as leader for APPEND_ENTRIES since peerTerm = 1 < currentTerm = 2
2024-10-20 10:44:19,930 [s2-server-thread2] WARN  server.RaftServer$Division (ServerState.java:recognizeLeader(331)) - s2@group-436914476215: Failed to recognize s1 as leader for APPEND_ENTRIES since peerTerm = 1 < currentTerm = 2
2024-10-20 10:44:19,930 [grpc-default-executor-6] WARN  server.GrpcLogAppender (GrpcLogAppender.java:onNextImpl(521)) - s1@group-436914476215->s2-AppendLogResponseHandler: received NOT_LEADER reply with term 2
2024-10-20 10:44:19,930 [grpc-default-executor-11] WARN  server.GrpcLogAppender (GrpcLogAppender.java:onNextImpl(521)) - s1@group-436914476215->s0-AppendLogResponseHandler: received NOT_LEADER reply with term 2
2024-10-20 10:44:19,930 [s0-server-thread3] WARN  server.RaftServer$Division (ServerState.java:recognizeLeader(331)) - s0@group-436914476215: Failed to recognize s1 as leader for APPEND_ENTRIES since peerTerm = 1 < currentTerm = 2
2024-10-20 10:44:19,930 [grpc-default-executor-4] WARN  server.GrpcLogAppender (GrpcLogAppender.java:onNextImpl(521)) - s1@group-436914476215->s2-AppendLogResponseHandler: received NOT_LEADER reply with term 2
2024-10-20 10:44:19,930 [s2-server-thread2] WARN  server.RaftServer$Division (ServerState.java:recognizeLeader(331)) - s2@group-436914476215: Failed to recognize s1 as leader for APPEND_ENTRIES since peerTerm = 1 < currentTerm = 2
2024-10-20 10:44:19,930 [grpc-default-executor-3] WARN  server.GrpcLogAppender (GrpcLogAppender.java:onNextImpl(521)) - s1@group-436914476215->s0-AppendLogResponseHandler: received NOT_LEADER reply with term 2
2024-10-20 10:44:19,930 [grpc-default-executor-6] WARN  server.GrpcLogAppender (GrpcLogAppender.java:onNextImpl(521)) - s1@group-436914476215->s2-AppendLogResponseHandler: received NOT_LEADER reply with term 2
2024-10-20 10:44:19,931 [s2-server-thread2] WARN  server.RaftServer$Division (ServerState.java:recognizeLeader(331)) - s2@group-436914476215: Failed to recognize s1 as leader for APPEND_ENTRIES since peerTerm = 1 < currentTerm = 2
2024-10-20 10:44:19,931 [s0-server-thread3] WARN  server.RaftServer$Division (ServerState.java:recognizeLeader(331)) - s0@group-436914476215: Failed to recognize s1 as leader for APPEND_ENTRIES since peerTerm = 1 < currentTerm = 2
2024-10-20 10:44:19,931 [grpc-default-executor-4] INFO  server.GrpcServerProtocolService (GrpcServerProtocolService.java:onCompleted(200)) - s2: Completed APPEND_ENTRIES, lastRequest: null
2024-10-20 10:44:19,931 [grpc-default-executor-11] INFO  server.GrpcServerProtocolService (GrpcServerProtocolService.java:onCompleted(200)) - s0: Completed APPEND_ENTRIES, lastRequest: null
2024-10-20 10:44:19,931 [grpc-default-executor-4] INFO  server.GrpcServerProtocolService (GrpcServerProtocolService.java:lambda$onCompleted$7(202)) - s2: Completed APPEND_ENTRIES, lastReply: serverReply {
  requestorId: "s1"
  replyId: "s2"
  raftGroupId {
    id: "\375\210\024\357\262\375HY\244\207Ci\024Gb\025"
  }
  callId: 11
}
term: 2
nextIndex: 3
result: NOT_LEADER
followerCommit: 1
matchIndex: 18446744073709551615
isHearbeat: true

2024-10-20 10:44:19,931 [grpc-default-executor-6] WARN  server.GrpcLogAppender (GrpcLogAppender.java:onNextImpl(521)) - s1@group-436914476215->s2-AppendLogResponseHandler: received NOT_LEADER reply with term 2
2024-10-20 10:44:19,931 [grpc-default-executor-3] WARN  server.GrpcLogAppender (GrpcLogAppender.java:onNextImpl(521)) - s1@group-436914476215->s0-AppendLogResponseHandler: received NOT_LEADER reply with term 2
2024-10-20 10:44:19,931 [grpc-default-executor-11] INFO  server.GrpcServerProtocolService (GrpcServerProtocolService.java:lambda$onCompleted$7(202)) - s0: Completed APPEND_ENTRIES, lastReply: serverReply {
  requestorId: "s1"
  replyId: "s0"
  raftGroupId {
    id: "\375\210\024\357\262\375HY\244\207Ci\024Gb\025"
  }
  callId: 12
}
term: 2
nextIndex: 3
result: NOT_LEADER
followerCommit: 2
matchIndex: 18446744073709551615
isHearbeat: true

2024-10-20 10:44:19,932 [grpc-default-executor-11] INFO  server.GrpcLogAppender (GrpcLogAppender.java:onCompleted(559)) - s1@group-436914476215->s2-AppendLogResponseHandler: follower responses appendEntries COMPLETED
2024-10-20 10:44:19,932 [grpc-default-executor-6] INFO  server.GrpcLogAppender (GrpcLogAppender.java:onCompleted(559)) - s1@group-436914476215->s0-AppendLogResponseHandler: follower responses appendEntries COMPLETED
2024-10-20 10:44:19,938 [s2-server-thread2] INFO  util.CodeInjectionForTesting (BlockRequestHandlingInjection.java:execute(77)) - s2: Block request from s0
2024-10-20 10:44:19,938 [s1-server-thread2] INFO  util.CodeInjectionForTesting (BlockRequestHandlingInjection.java:execute(77)) - s1: Block request from s0
2024-10-20 10:44:19,975 [main] INFO  server.RaftServerConfigKeys (ConfUtils.java:logGet(46)) - raft.server.rpc.timeout.max = 300ms (default)
2024-10-20 10:44:19,976 [main] INFO  ratis.RaftTestUtil (RaftTestUtil.java:waitForLeader(107)) - printing ALL groups
  s0:  RUNNING    LEADER s0@group-436914476215:t2, leader=s0, voted=s0, raftlog=Memoized:s0@group-436914476215-SegmentedRaftLog:OPENED:c2:last(t:2, i:2), conf=conf: {index: 1, cur=peers:[s0|localhost:15252, s1|localhost:15256, s2|localhost:15260]|listeners:[], old=null} RUNNING
  s1:  RUNNING  FOLLOWER s1@group-436914476215:t2, leader=s0, voted=s0, raftlog=Memoized:s1@group-436914476215-SegmentedRaftLog:OPENED:c1:last(t:2, i:2), conf=conf: {index: 1, cur=peers:[s0|localhost:15252, s1|localhost:15256, s2|localhost:15260]|listeners:[], old=null} RUNNING
  s2:  RUNNING  FOLLOWER s2@group-436914476215:t2, leader=s0, voted=s0, raftlog=Memoized:s2@group-436914476215-SegmentedRaftLog:OPENED:c1:last(t:2, i:2), conf=conf: {index: 1, cur=peers:[s0|localhost:15252, s1|localhost:15256, s2|localhost:15260]|listeners:[], old=null} RUNNING
2024-10-20 10:44:19,976 [main] INFO  ratis.RaftTestUtil (RaftTestUtil.java:waitForLeader(131)) - printing ALL groups
  s0:  RUNNING    LEADER s0@group-436914476215:t2, leader=s0, voted=s0, raftlog=Memoized:s0@group-436914476215-SegmentedRaftLog:OPENED:c2:last(t:2, i:2), conf=conf: {index: 1, cur=peers:[s0|localhost:15252, s1|localhost:15256, s2|localhost:15260]|listeners:[], old=null} RUNNING
  s1:  RUNNING  FOLLOWER s1@group-436914476215:t2, leader=s0, voted=s0, raftlog=Memoized:s1@group-436914476215-SegmentedRaftLog:OPENED:c1:last(t:2, i:2), conf=conf: {index: 1, cur=peers:[s0|localhost:15252, s1|localhost:15256, s2|localhost:15260]|listeners:[], old=null} RUNNING
  s2:  RUNNING  FOLLOWER s2@group-436914476215:t2, leader=s0, voted=s0, raftlog=Memoized:s2@group-436914476215-SegmentedRaftLog:OPENED:c1:last(t:2, i:2), conf=conf: {index: 1, cur=peers:[s0|localhost:15252, s1|localhost:15256, s2|localhost:15260]|listeners:[], old=null} RUNNING
2024-10-20 10:44:19,976 [main] WARN  ratis.RaftTestUtil (JavaUtils.java:attempt(231)) - FAILED "runTestChangeLeader-changeLeader", attempt #2/20, sleep 100ms and then retry: java.lang.IllegalStateException: Failed to change leader: newLeader == oldLeader == s0
2024-10-20 10:44:20,077 [main] INFO  server.RaftServerConfigKeys (ConfUtils.java:logGet(46)) - raft.server.rpc.timeout.max = 300ms (default)
2024-10-20 10:44:20,077 [main] INFO  ratis.RaftTestUtil (RaftTestUtil.java:waitForLeader(107)) - printing ALL groups
  s0:  RUNNING    LEADER s0@group-436914476215:t2, leader=s0, voted=s0, raftlog=Memoized:s0@group-436914476215-SegmentedRaftLog:OPENED:c2:last(t:2, i:2), conf=conf: {index: 1, cur=peers:[s0|localhost:15252, s1|localhost:15256, s2|localhost:15260]|listeners:[], old=null} RUNNING
  s1:  RUNNING  FOLLOWER s1@group-436914476215:t2, leader=s0, voted=s0, raftlog=Memoized:s1@group-436914476215-SegmentedRaftLog:OPENED:c1:last(t:2, i:2), conf=conf: {index: 1, cur=peers:[s0|localhost:15252, s1|localhost:15256, s2|localhost:15260]|listeners:[], old=null} RUNNING
  s2:  RUNNING  FOLLOWER s2@group-436914476215:t2, leader=s0, voted=s0, raftlog=Memoized:s2@group-436914476215-SegmentedRaftLog:OPENED:c1:last(t:2, i:2), conf=conf: {index: 1, cur=peers:[s0|localhost:15252, s1|localhost:15256, s2|localhost:15260]|listeners:[], old=null} RUNNING
2024-10-20 10:44:20,077 [main] INFO  ratis.RaftTestUtil (RaftTestUtil.java:waitForLeader(131)) - printing ALL groups
  s0:  RUNNING    LEADER s0@group-436914476215:t2, leader=s0, voted=s0, raftlog=Memoized:s0@group-436914476215-SegmentedRaftLog:OPENED:c2:last(t:2, i:2), conf=conf: {index: 1, cur=peers:[s0|localhost:15252, s1|localhost:15256, s2|localhost:15260]|listeners:[], old=null} RUNNING
  s1:  RUNNING  FOLLOWER s1@group-436914476215:t2, leader=s0, voted=s0, raftlog=Memoized:s1@group-436914476215-SegmentedRaftLog:OPENED:c1:last(t:2, i:2), conf=conf: {index: 1, cur=peers:[s0|localhost:15252, s1|localhost:15256, s2|localhost:15260]|listeners:[], old=null} RUNNING
  s2:  RUNNING  FOLLOWER s2@group-436914476215:t2, leader=s0, voted=s0, raftlog=Memoized:s2@group-436914476215-SegmentedRaftLog:OPENED:c1:last(t:2, i:2), conf=conf: {index: 1, cur=peers:[s0|localhost:15252, s1|localhost:15256, s2|localhost:15260]|listeners:[], old=null} RUNNING
2024-10-20 10:44:20,078 [main] WARN  ratis.RaftTestUtil (JavaUtils.java:attempt(231)) - FAILED "runTestChangeLeader-changeLeader", attempt #3/20, sleep 100ms and then retry: java.lang.IllegalStateException: Failed to change leader: newLeader == oldLeader == s0
2024-10-20 10:44:20,178 [main] INFO  server.RaftServerConfigKeys (ConfUtils.java:logGet(46)) - raft.server.rpc.timeout.max = 300ms (default)
2024-10-20 10:44:20,178 [main] INFO  ratis.RaftTestUtil (RaftTestUtil.java:waitForLeader(107)) - printing ALL groups
  s0:  RUNNING    LEADER s0@group-436914476215:t2, leader=s0, voted=s0, raftlog=Memoized:s0@group-436914476215-SegmentedRaftLog:OPENED:c2:last(t:2, i:2), conf=conf: {index: 1, cur=peers:[s0|localhost:15252, s1|localhost:15256, s2|localhost:15260]|listeners:[], old=null} RUNNING
  s1:  RUNNING  FOLLOWER s1@group-436914476215:t2, leader=s0, voted=s0, raftlog=Memoized:s1@group-436914476215-SegmentedRaftLog:OPENED:c1:last(t:2, i:2), conf=conf: {index: 1, cur=peers:[s0|localhost:15252, s1|localhost:15256, s2|localhost:15260]|listeners:[], old=null} RUNNING
  s2:  RUNNING  FOLLOWER s2@group-436914476215:t2, leader=s0, voted=s0, raftlog=Memoized:s2@group-436914476215-SegmentedRaftLog:OPENED:c1:last(t:2, i:2), conf=conf: {index: 1, cur=peers:[s0|localhost:15252, s1|localhost:15256, s2|localhost:15260]|listeners:[], old=null} RUNNING
2024-10-20 10:44:20,178 [main] INFO  ratis.RaftTestUtil (RaftTestUtil.java:waitForLeader(131)) - printing ALL groups
  s0:  RUNNING    LEADER s0@group-436914476215:t2, leader=s0, voted=s0, raftlog=Memoized:s0@group-436914476215-SegmentedRaftLog:OPENED:c2:last(t:2, i:2), conf=conf: {index: 1, cur=peers:[s0|localhost:15252, s1|localhost:15256, s2|localhost:15260]|listeners:[], old=null} RUNNING
  s1:  RUNNING  FOLLOWER s1@group-436914476215:t2, leader=s0, voted=s0, raftlog=Memoized:s1@group-436914476215-SegmentedRaftLog:OPENED:c1:last(t:2, i:2), conf=conf: {index: 1, cur=peers:[s0|localhost:15252, s1|localhost:15256, s2|localhost:15260]|listeners:[], old=null} RUNNING
  s2:  RUNNING  FOLLOWER s2@group-436914476215:t2, leader=s0, voted=s0, raftlog=Memoized:s2@group-436914476215-SegmentedRaftLog:OPENED:c1:last(t:2, i:2), conf=conf: {index: 1, cur=peers:[s0|localhost:15252, s1|localhost:15256, s2|localhost:15260]|listeners:[], old=null} RUNNING
2024-10-20 10:44:20,179 [main] WARN  ratis.RaftTestUtil (JavaUtils.java:attempt(231)) - FAILED "runTestChangeLeader-changeLeader", attempt #4/20, sleep 100ms and then retry: java.lang.IllegalStateException: Failed to change leader: newLeader == oldLeader == s0
2024-10-20 10:44:20,273 [s1@group-436914476215-FollowerState] INFO  impl.FollowerState (FollowerState.java:runImpl(161)) - s1@group-436914476215-FollowerState: change to CANDIDATE, lastRpcElapsedTime:412515741ns, electionTimeout:189ms
2024-10-20 10:44:20,274 [s1@group-436914476215-FollowerState] INFO  impl.RoleInfo (RoleInfo.java:shutdownFollowerState(121)) - s1: shutdown s1@group-436914476215-FollowerState
2024-10-20 10:44:20,274 [s1@group-436914476215-FollowerState] INFO  server.RaftServer$Division (RaftServerImpl.java:setRole(380)) - s1@group-436914476215: changes role from  FOLLOWER to CANDIDATE at term 2 for changeToCandidate
2024-10-20 10:44:20,274 [s1@group-436914476215-FollowerState] INFO  server.RaftServerConfigKeys (ConfUtils.java:logGet(46)) - raft.server.leaderelection.pre-vote = true (default)
2024-10-20 10:44:20,274 [s1@group-436914476215-FollowerState] INFO  impl.RoleInfo (RoleInfo.java:updateAndGet(148)) - s1: start s1@group-436914476215-LeaderElection72
2024-10-20 10:44:20,274 [s1@group-436914476215-LeaderElection72] INFO  server.RaftServer$Division (ServerState.java:setLeader(272)) - s1@group-436914476215: change Leader from s0 to null at term 2 for PRE_VOTE
2024-10-20 10:44:20,274 [s1@group-436914476215-LeaderElection72] INFO  impl.LeaderElection (LeaderElection.java:askForVotes(333)) - s1@group-436914476215-LeaderElection72 PRE_VOTE round 0: submit vote requests at term 2 for conf: {index: 1, cur=peers:[s0|localhost:15252, s1|localhost:15256, s2|localhost:15260]|listeners:[], old=null}
2024-10-20 10:44:20,275 [grpc-default-executor-4] INFO  server.RaftServer$Division (RaftServerImpl.java:requestVote(1447)) - s2@group-436914476215: receive requestVote(PRE_VOTE, s1, group-436914476215, 2, (t:2, i:2))
2024-10-20 10:44:20,276 [grpc-default-executor-4] INFO  impl.VoteContext (VoteContext.java:log(49)) - s2@group-436914476215-FOLLOWER: accept PRE_VOTE from s1: our priority 0 <= candidate's priority 0
2024-10-20 10:44:20,276 [grpc-default-executor-3] INFO  server.RaftServer$Division (RaftServerImpl.java:requestVote(1447)) - s0@group-436914476215: receive requestVote(PRE_VOTE, s1, group-436914476215, 2, (t:2, i:2))
2024-10-20 10:44:20,276 [grpc-default-executor-4] INFO  server.RaftServer$Division (RaftServerImpl.java:requestVote(1480)) - s2@group-436914476215 replies to PRE_VOTE vote request: s1<-s2#0:OK-t2. Peer's state: s2@group-436914476215:t2, leader=s0, voted=s0, raftlog=Memoized:s2@group-436914476215-SegmentedRaftLog:OPENED:c1:last(t:2, i:2), conf=conf: {index: 1, cur=peers:[s0|localhost:15252, s1|localhost:15256, s2|localhost:15260]|listeners:[], old=null}
2024-10-20 10:44:20,276 [grpc-default-executor-3] WARN  server.RaftServer$Division (LeaderStateImpl.java:checkLeadership(1117)) - s0@group-436914476215-LeaderStateImpl: Lost leadership on term: 2. Election timeout: 300ms. In charge for: 445ms. Conf: conf: {index: 1, cur=peers:[s0|localhost:15252, s1|localhost:15256, s2|localhost:15260]|listeners:[], old=null}
2024-10-20 10:44:20,276 [grpc-default-executor-3] WARN  server.RaftServer$Division (LeaderStateImpl.java:lambda$checkLeadership$20(1121)) - Follower s0@group-436914476215->s1(c1,m2,n3, caughtUp=true, lastRpcSendTime=33, lastRpcResponseTime=414)
2024-10-20 10:44:20,276 [grpc-default-executor-3] WARN  server.RaftServer$Division (LeaderStateImpl.java:lambda$checkLeadership$20(1121)) - Follower s0@group-436914476215->s2(c1,m2,n3, caughtUp=true, lastRpcSendTime=33, lastRpcResponseTime=414)
2024-10-20 10:44:20,276 [grpc-default-executor-3] INFO  server.RaftServer$Division (RaftServerImpl.java:setRole(380)) - s0@group-436914476215: changes role from    LEADER to FOLLOWER at term 2 for StepDownReason:LOST_MAJORITY_HEARTBEATS
2024-10-20 10:44:20,276 [grpc-default-executor-3] INFO  impl.RoleInfo (RoleInfo.java:shutdownLeaderState(103)) - s0: shutdown s0@group-436914476215-LeaderStateImpl
2024-10-20 10:44:20,276 [s0@group-436914476215->s1-GrpcLogAppender-LogAppenderDaemon] WARN  server.GrpcLogAppender (GrpcLogAppender.java:mayWait(293)) - s0@group-436914476215->s1-GrpcLogAppender: Wait interrupted by java.lang.InterruptedException
2024-10-20 10:44:20,276 [s0@group-436914476215->s2-GrpcLogAppender-LogAppenderDaemon] WARN  server.GrpcLogAppender (GrpcLogAppender.java:mayWait(293)) - s0@group-436914476215->s2-GrpcLogAppender: Wait interrupted by java.lang.InterruptedException
2024-10-20 10:44:20,276 [grpc-default-executor-3] INFO  impl.PendingRequests (PendingRequests.java:sendNotLeaderResponses(287)) - s0@group-436914476215-PendingRequests: sendNotLeaderResponses
2024-10-20 10:44:20,277 [grpc-default-executor-4] INFO  server.GrpcServerProtocolService (GrpcServerProtocolService.java:onCompleted(200)) - s1: Completed APPEND_ENTRIES, lastRequest: s0->s1#3-t2,previous=(t:2, i:1),leaderCommit=1,initializing? false,entries: size=1, first=(t:2, i:2), METADATAENTRY(c:1)
2024-10-20 10:44:20,277 [grpc-default-executor-3] INFO  server.RaftServer$Division (ServerState.java:setLeader(272)) - s0@group-436914476215: change Leader from s0 to null at term 2 for StepDownReason:LOST_MAJORITY_HEARTBEATS
2024-10-20 10:44:20,277 [grpc-default-executor-5] INFO  server.GrpcServerProtocolService (GrpcServerProtocolService.java:onCompleted(200)) - s2: Completed APPEND_ENTRIES, lastRequest: s0->s2#3-t2,previous=(t:2, i:1),leaderCommit=1,initializing? false,entries: size=1, first=(t:2, i:2), METADATAENTRY(c:1)
2024-10-20 10:44:20,277 [grpc-default-executor-5] INFO  server.GrpcServerProtocolService (GrpcServerProtocolService.java:lambda$onCompleted$7(202)) - s2: Completed APPEND_ENTRIES, lastReply: null
2024-10-20 10:44:20,277 [s1@group-436914476215-LeaderElection72] INFO  impl.LeaderElection (LeaderElection.java:logAndReturn(90)) - s1@group-436914476215-LeaderElection72: PRE_VOTE PASSED received 1 response(s) and 0 exception(s):
2024-10-20 10:44:20,277 [s1@group-436914476215-LeaderElection72] INFO  impl.LeaderElection (LeaderElection.java:logAndReturn(94)) -   Response 0: s1<-s2#0:OK-t2
2024-10-20 10:44:20,277 [grpc-default-executor-4] INFO  server.GrpcServerProtocolService (GrpcServerProtocolService.java:lambda$onCompleted$7(202)) - s1: Completed APPEND_ENTRIES, lastReply: null
2024-10-20 10:44:20,277 [s1@group-436914476215-LeaderElection72] INFO  impl.LeaderElection (LeaderElection.java:askForVotes(335)) - s1@group-436914476215-LeaderElection72 PRE_VOTE round 0: result PASSED
2024-10-20 10:44:20,277 [grpc-default-executor-3] INFO  impl.RoleInfo (RoleInfo.java:updateAndGet(148)) - s0: start s0@group-436914476215-FollowerState
2024-10-20 10:44:20,277 [grpc-default-executor-5] INFO  server.GrpcLogAppender (GrpcLogAppender.java:onCompleted(559)) - s0@group-436914476215->s2-AppendLogResponseHandler: follower responses appendEntries COMPLETED
2024-10-20 10:44:20,278 [grpc-default-executor-3] INFO  impl.VoteContext (VoteContext.java:log(49)) - s0@group-436914476215-FOLLOWER: accept PRE_VOTE from s1: our priority 0 <= candidate's priority 0
2024-10-20 10:44:20,278 [grpc-default-executor-3] INFO  server.RaftServer$Division (RaftServerImpl.java:requestVote(1480)) - s0@group-436914476215 replies to PRE_VOTE vote request: s1<-s0#0:OK-t2. Peer's state: s0@group-436914476215:t2, leader=null, voted=s0, raftlog=Memoized:s0@group-436914476215-SegmentedRaftLog:OPENED:c2:last(t:2, i:2), conf=conf: {index: 1, cur=peers:[s0|localhost:15252, s1|localhost:15256, s2|localhost:15260]|listeners:[], old=null}
2024-10-20 10:44:20,278 [grpc-default-executor-5] INFO  server.GrpcLogAppender (GrpcLogAppender.java:onCompleted(559)) - s0@group-436914476215->s1-AppendLogResponseHandler: follower responses appendEntries COMPLETED
2024-10-20 10:44:20,278 [s1@group-436914476215-LeaderElection72] TRACE util.FileUtils (LogUtils.java:supplyAndLog(69)) - Successfully supplied FileChannel.open /home/runner/work/ratis/ratis/ratis-test/target/test/data/d69430f5/MiniRaftClusterWithGrpc6b9d6d2d/s1/fd8814ef-b2fd-4859-a487-436914476215/current/raft-meta.tmp with options [CREATE, WRITE]: sun.nio.ch.FileChannelImpl@5a2643f8
2024-10-20 10:44:20,279 [main] INFO  server.RaftServerConfigKeys (ConfUtils.java:logGet(46)) - raft.server.rpc.timeout.max = 300ms (default)
2024-10-20 10:44:20,279 [main] INFO  ratis.RaftTestUtil (RaftTestUtil.java:waitForLeader(107)) - printing ALL groups
  s0:  RUNNING  FOLLOWER s0@group-436914476215:t2, leader=null, voted=s0, raftlog=Memoized:s0@group-436914476215-SegmentedRaftLog:OPENED:c2:last(t:2, i:2), conf=conf: {index: 1, cur=peers:[s0|localhost:15252, s1|localhost:15256, s2|localhost:15260]|listeners:[], old=null} RUNNING
  s1:  RUNNING CANDIDATE s1@group-436914476215:t3, leader=null, voted=s1, raftlog=Memoized:s1@group-436914476215-SegmentedRaftLog:OPENED:c1:last(t:2, i:2), conf=conf: {index: 1, cur=peers:[s0|localhost:15252, s1|localhost:15256, s2|localhost:15260]|listeners:[], old=null} RUNNING
  s2:  RUNNING  FOLLOWER s2@group-436914476215:t2, leader=s0, voted=s0, raftlog=Memoized:s2@group-436914476215-SegmentedRaftLog:OPENED:c1:last(t:2, i:2), conf=conf: {index: 1, cur=peers:[s0|localhost:15252, s1|localhost:15256, s2|localhost:15260]|listeners:[], old=null} RUNNING
2024-10-20 10:44:20,279 [main] WARN  ratis.RaftTestUtil (RaftTestUtil.java:lambda$waitForLeader$3(126)) - Attempt #1 failed: java.lang.IllegalStateException: No leader yet : printing ALL groups
  s0:  RUNNING  FOLLOWER s0@group-436914476215:t2, leader=null, voted=s0, raftlog=Memoized:s0@group-436914476215-SegmentedRaftLog:OPENED:c2:last(t:2, i:2), conf=conf: {index: 1, cur=peers:[s0|localhost:15252, s1|localhost:15256, s2|localhost:15260]|listeners:[], old=null} RUNNING
  s1:  RUNNING CANDIDATE s1@group-436914476215:t3, leader=null, voted=s1, raftlog=Memoized:s1@group-436914476215-SegmentedRaftLog:OPENED:c1:last(t:2, i:2), conf=conf: {index: 1, cur=peers:[s0|localhost:15252, s1|localhost:15256, s2|localhost:15260]|listeners:[], old=null} RUNNING
  s2:  RUNNING  FOLLOWER s2@group-436914476215:t2, leader=s0, voted=s0, raftlog=Memoized:s2@group-436914476215-SegmentedRaftLog:OPENED:c1:last(t:2, i:2), conf=conf: {index: 1, cur=peers:[s0|localhost:15252, s1|localhost:15256, s2|localhost:15260]|listeners:[], old=null} RUNNING
2024-10-20 10:44:20,279 [s1@group-436914476215-LeaderElection72] TRACE util.FileUtils (LogUtils.java:runAndLog(49)) - Successfully ran Atomic Files.move /home/runner/work/ratis/ratis/ratis-test/target/test/data/d69430f5/MiniRaftClusterWithGrpc6b9d6d2d/s1/fd8814ef-b2fd-4859-a487-436914476215/current/raft-meta.tmp to /home/runner/work/ratis/ratis/ratis-test/target/test/data/d69430f5/MiniRaftClusterWithGrpc6b9d6d2d/s1/fd8814ef-b2fd-4859-a487-436914476215/current/raft-meta with options [REPLACE_EXISTING]
2024-10-20 10:44:20,280 [s1@group-436914476215-LeaderElection72] INFO  impl.LeaderElection (LeaderElection.java:askForVotes(333)) - s1@group-436914476215-LeaderElection72 ELECTION round 0: submit vote requests at term 3 for conf: {index: 1, cur=peers:[s0|localhost:15252, s1|localhost:15256, s2|localhost:15260]|listeners:[], old=null}
2024-10-20 10:44:20,280 [grpc-default-executor-3] INFO  server.RaftServer$Division (RaftServerImpl.java:requestVote(1447)) - s0@group-436914476215: receive requestVote(ELECTION, s1, group-436914476215, 3, (t:2, i:2))
2024-10-20 10:44:20,280 [grpc-default-executor-3] INFO  impl.VoteContext (VoteContext.java:log(49)) - s0@group-436914476215-FOLLOWER: accept ELECTION from s1: our priority 0 <= candidate's priority 0
2024-10-20 10:44:20,280 [grpc-default-executor-3] INFO  server.RaftServer$Division (RaftServerImpl.java:setRole(380)) - s0@group-436914476215: changes role from  FOLLOWER to FOLLOWER at term 2 for candidate:s1
2024-10-20 10:44:20,281 [grpc-default-executor-3] INFO  impl.RoleInfo (RoleInfo.java:shutdownFollowerState(121)) - s0: shutdown s0@group-436914476215-FollowerState
2024-10-20 10:44:20,281 [grpc-default-executor-3] INFO  impl.RoleInfo (RoleInfo.java:updateAndGet(148)) - s0: start s0@group-436914476215-FollowerState
2024-10-20 10:44:20,281 [s0@group-436914476215-FollowerState] INFO  impl.FollowerState (FollowerState.java:runImpl(170)) - s0@group-436914476215-FollowerState was interrupted
2024-10-20 10:44:20,281 [grpc-default-executor-3] TRACE util.FileUtils (LogUtils.java:supplyAndLog(69)) - Successfully supplied FileChannel.open /home/runner/work/ratis/ratis/ratis-test/target/test/data/d69430f5/MiniRaftClusterWithGrpc6b9d6d2d/s0/fd8814ef-b2fd-4859-a487-436914476215/current/raft-meta.tmp with options [CREATE, WRITE]: sun.nio.ch.FileChannelImpl@14317227
2024-10-20 10:44:20,282 [grpc-default-executor-5] INFO  server.RaftServer$Division (RaftServerImpl.java:requestVote(1447)) - s2@group-436914476215: receive requestVote(ELECTION, s1, group-436914476215, 3, (t:2, i:2))
2024-10-20 10:44:20,282 [grpc-default-executor-5] INFO  impl.VoteContext (VoteContext.java:log(49)) - s2@group-436914476215-FOLLOWER: accept ELECTION from s1: our priority 0 <= candidate's priority 0
2024-10-20 10:44:20,282 [grpc-default-executor-5] INFO  server.RaftServer$Division (RaftServerImpl.java:setRole(380)) - s2@group-436914476215: changes role from  FOLLOWER to FOLLOWER at term 2 for candidate:s1
2024-10-20 10:44:20,282 [grpc-default-executor-5] INFO  impl.RoleInfo (RoleInfo.java:shutdownFollowerState(121)) - s2: shutdown s2@group-436914476215-FollowerState
2024-10-20 10:44:20,282 [grpc-default-executor-5] INFO  server.RaftServer$Division (ServerState.java:setLeader(272)) - s2@group-436914476215: change Leader from s0 to null at term 3 for updateCurrentTerm
2024-10-20 10:44:20,282 [s2@group-436914476215-FollowerState] INFO  impl.FollowerState (FollowerState.java:runImpl(170)) - s2@group-436914476215-FollowerState was interrupted
2024-10-20 10:44:20,282 [grpc-default-executor-5] INFO  impl.RoleInfo (RoleInfo.java:updateAndGet(148)) - s2: start s2@group-436914476215-FollowerState
2024-10-20 10:44:20,282 [grpc-default-executor-5] TRACE util.FileUtils (LogUtils.java:supplyAndLog(69)) - Successfully supplied FileChannel.open /home/runner/work/ratis/ratis/ratis-test/target/test/data/d69430f5/MiniRaftClusterWithGrpc6b9d6d2d/s2/fd8814ef-b2fd-4859-a487-436914476215/current/raft-meta.tmp with options [CREATE, WRITE]: sun.nio.ch.FileChannelImpl@3d9682b9
2024-10-20 10:44:20,284 [grpc-default-executor-3] TRACE util.FileUtils (LogUtils.java:runAndLog(49)) - Successfully ran Atomic Files.move /home/runner/work/ratis/ratis/ratis-test/target/test/data/d69430f5/MiniRaftClusterWithGrpc6b9d6d2d/s0/fd8814ef-b2fd-4859-a487-436914476215/current/raft-meta.tmp to /home/runner/work/ratis/ratis/ratis-test/target/test/data/d69430f5/MiniRaftClusterWithGrpc6b9d6d2d/s0/fd8814ef-b2fd-4859-a487-436914476215/current/raft-meta with options [REPLACE_EXISTING]
2024-10-20 10:44:20,284 [grpc-default-executor-3] INFO  server.RaftServer$Division (RaftServerImpl.java:requestVote(1480)) - s0@group-436914476215 replies to ELECTION vote request: s1<-s0#0:OK-t3. Peer's state: s0@group-436914476215:t3, leader=null, voted=s1, raftlog=Memoized:s0@group-436914476215-SegmentedRaftLog:OPENED:c2:last(t:2, i:2), conf=conf: {index: 1, cur=peers:[s0|localhost:15252, s1|localhost:15256, s2|localhost:15260]|listeners:[], old=null}
2024-10-20 10:44:20,285 [grpc-default-executor-5] TRACE util.FileUtils (LogUtils.java:runAndLog(49)) - Successfully ran Atomic Files.move /home/runner/work/ratis/ratis/ratis-test/target/test/data/d69430f5/MiniRaftClusterWithGrpc6b9d6d2d/s2/fd8814ef-b2fd-4859-a487-436914476215/current/raft-meta.tmp to /home/runner/work/ratis/ratis/ratis-test/target/test/data/d69430f5/MiniRaftClusterWithGrpc6b9d6d2d/s2/fd8814ef-b2fd-4859-a487-436914476215/current/raft-meta with options [REPLACE_EXISTING]
2024-10-20 10:44:20,285 [s1@group-436914476215-LeaderElection72] INFO  impl.LeaderElection (LeaderElection.java:logAndReturn(90)) - s1@group-436914476215-LeaderElection72: ELECTION PASSED received 1 response(s) and 0 exception(s):
2024-10-20 10:44:20,285 [s1@group-436914476215-LeaderElection72] INFO  impl.LeaderElection (LeaderElection.java:logAndReturn(94)) -   Response 0: s1<-s0#0:OK-t3
2024-10-20 10:44:20,285 [grpc-default-executor-5] INFO  server.RaftServer$Division (RaftServerImpl.java:requestVote(1480)) - s2@group-436914476215 replies to ELECTION vote request: s1<-s2#0:OK-t3. Peer's state: s2@group-436914476215:t3, leader=null, voted=s1, raftlog=Memoized:s2@group-436914476215-SegmentedRaftLog:OPENED:c1:last(t:2, i:2), conf=conf: {index: 1, cur=peers:[s0|localhost:15252, s1|localhost:15256, s2|localhost:15260]|listeners:[], old=null}
2024-10-20 10:44:20,285 [s1@group-436914476215-LeaderElection72] INFO  impl.LeaderElection (LeaderElection.java:askForVotes(335)) - s1@group-436914476215-LeaderElection72 ELECTION round 0: result PASSED
2024-10-20 10:44:20,285 [s1@group-436914476215-LeaderElection72] INFO  impl.RoleInfo (RoleInfo.java:shutdownLeaderElection(141)) - s1: shutdown s1@group-436914476215-LeaderElection72
2024-10-20 10:44:20,285 [s1@group-436914476215-LeaderElection72] INFO  server.RaftServer$Division (RaftServerImpl.java:setRole(380)) - s1@group-436914476215: changes role from CANDIDATE to LEADER at term 3 for changeToLeader
2024-10-20 10:44:20,285 [s1@group-436914476215-LeaderElection72] INFO  server.RaftServerConfigKeys (ConfUtils.java:logGet(46)) - raft.server.staging.catchup.gap = 1000 (default)
2024-10-20 10:44:20,285 [s1@group-436914476215-LeaderElection72] INFO  server.RaftServerConfigKeys (ConfUtils.java:logGet(46)) - raft.server.write.element-limit = 4096 (default)
2024-10-20 10:44:20,286 [s1@group-436914476215-LeaderElection72] INFO  server.RaftServerConfigKeys (ConfUtils.java:logGet(46)) - raft.server.write.byte-limit = 64MB (=67108864) (default)
2024-10-20 10:44:20,286 [s1@group-436914476215-LeaderElection72] INFO  server.RaftServerConfigKeys (ConfUtils.java:logGet(46)) - raft.server.watch.timeout = 10s (default)
2024-10-20 10:44:20,286 [s1@group-436914476215-LeaderElection72] INFO  server.RaftServerConfigKeys (ConfUtils.java:logGet(46)) - raft.server.watch.timeout.denomination = 1s (default)
2024-10-20 10:44:20,286 [s1@group-436914476215-LeaderElection72] INFO  server.RaftServerConfigKeys (ConfUtils.java:logGet(46)) - raft.server.watch.element-limit = 65536 (default)
2024-10-20 10:44:20,286 [s1@group-436914476215-LeaderElection72] INFO  server.RaftServerConfigKeys (ConfUtils.java:logGet(46)) - raft.server.read.leader.lease.enabled = true (custom)
2024-10-20 10:44:20,286 [s1@group-436914476215-LeaderElection72] INFO  server.RaftServerConfigKeys (ConfUtils.java:logGet(46)) - raft.server.read.leader.lease.timeout.ratio = 0.5 (custom)
2024-10-20 10:44:20,286 [s1@group-436914476215-LeaderElection72] INFO  server.RaftServerConfigKeys (ConfUtils.java:logGet(46)) - raft.server.rpc.timeout.min = 150ms (default)
2024-10-20 10:44:20,286 [s1@group-436914476215-LeaderElection72] INFO  server.RaftServerConfigKeys (ConfUtils.java:logGet(46)) - raft.server.log.log-metadata.enabled = true (default)
2024-10-20 10:44:20,286 [s1@group-436914476215-LeaderElection72] INFO  server.RaftServerConfigKeys (ConfUtils.java:logGet(46)) - raft.server.write.element-limit = 4096 (default)
2024-10-20 10:44:20,286 [s1@group-436914476215-LeaderElection72] INFO  server.RaftServerConfigKeys (ConfUtils.java:logGet(46)) - raft.server.write.follower.gap.ratio.max = -1.0 (default)
2024-10-20 10:44:20,286 [s1@group-436914476215-LeaderElection72] INFO  server.RaftServerConfigKeys (ConfUtils.java:logGet(46)) - raft.server.log.appender.snapshot.chunk.size.max = 16MB (=16777216) (default)
2024-10-20 10:44:20,286 [s1@group-436914476215-LeaderElection72] INFO  server.RaftServerConfigKeys (ConfUtils.java:logGet(46)) - raft.server.log.appender.buffer.byte-limit = 4MB (=4194304) (default)
2024-10-20 10:44:20,286 [s1@group-436914476215-LeaderElection72] INFO  server.RaftServerConfigKeys (ConfUtils.java:logGet(46)) - raft.server.log.appender.buffer.element-limit = 0 (default)
2024-10-20 10:44:20,286 [s1@group-436914476215-LeaderElection72] INFO  server.RaftServerConfigKeys (ConfUtils.java:logGet(46)) - raft.server.log.appender.wait-time.min = 1ms (default)
2024-10-20 10:44:20,286 [s1@group-436914476215-LeaderElection72] INFO  grpc.GrpcConfigKeys (ConfUtils.java:logGet(46)) - raft.grpc.server.leader.outstanding.appends.max = 8 (default)
2024-10-20 10:44:20,286 [s1@group-436914476215-LeaderElection72] INFO  server.RaftServerConfigKeys (ConfUtils.java:logGet(46)) - raft.server.rpc.request.timeout = 3000ms (default)
2024-10-20 10:44:20,287 [s1@group-436914476215-LeaderElection72] INFO  grpc.GrpcConfigKeys (ConfUtils.java:logGet(46)) - raft.grpc.server.install_snapshot.request.element-limit = 8 (default)
2024-10-20 10:44:20,287 [s1@group-436914476215-LeaderElection72] INFO  grpc.GrpcConfigKeys (ConfUtils.java:logGet(46)) - raft.grpc.server.install_snapshot.request.timeout = 3000ms (default)
2024-10-20 10:44:20,287 [s1@group-436914476215-LeaderElection72] INFO  grpc.GrpcConfigKeys (ConfUtils.java:logGet(46)) - raft.grpc.server.log-message.batch.duration = 5s (default)
2024-10-20 10:44:20,287 [s1@group-436914476215-LeaderElection72] INFO  server.RaftServerConfigKeys (ConfUtils.java:logGet(46)) - raft.server.log.appender.install.snapshot.enabled = true (default)
2024-10-20 10:44:20,287 [s1@group-436914476215-LeaderElection72] INFO  grpc.GrpcConfigKeys (ConfUtils.java:logGet(46)) - raft.grpc.server.heartbeat.channel = true (default)
2024-10-20 10:44:20,287 [s1@group-436914476215-LeaderElection72] INFO  server.RaftServerConfigKeys (ConfUtils.java:logGet(46)) - raft.server.log.appender.snapshot.chunk.size.max = 16MB (=16777216) (default)
2024-10-20 10:44:20,287 [s1@group-436914476215-LeaderElection72] INFO  server.RaftServerConfigKeys (ConfUtils.java:logGet(46)) - raft.server.log.appender.buffer.byte-limit = 4MB (=4194304) (default)
2024-10-20 10:44:20,287 [s1@group-436914476215-LeaderElection72] INFO  server.RaftServerConfigKeys (ConfUtils.java:logGet(46)) - raft.server.log.appender.buffer.element-limit = 0 (default)
2024-10-20 10:44:20,287 [s1@group-436914476215-LeaderElection72] INFO  server.RaftServerConfigKeys (ConfUtils.java:logGet(46)) - raft.server.log.appender.wait-time.min = 1ms (default)
2024-10-20 10:44:20,287 [s1@group-436914476215-LeaderElection72] INFO  grpc.GrpcConfigKeys (ConfUtils.java:logGet(46)) - raft.grpc.server.leader.outstanding.appends.max = 8 (default)
2024-10-20 10:44:20,287 [s1@group-436914476215-LeaderElection72] INFO  server.RaftServerConfigKeys (ConfUtils.java:logGet(46)) - raft.server.rpc.request.timeout = 3000ms (default)
2024-10-20 10:44:20,287 [s1@group-436914476215-LeaderElection72] INFO  grpc.GrpcConfigKeys (ConfUtils.java:logGet(46)) - raft.grpc.server.install_snapshot.request.element-limit = 8 (default)
2024-10-20 10:44:20,287 [s1@group-436914476215-LeaderElection72] INFO  grpc.GrpcConfigKeys (ConfUtils.java:logGet(46)) - raft.grpc.server.install_snapshot.request.timeout = 3000ms (default)
2024-10-20 10:44:20,287 [s1@group-436914476215-LeaderElection72] INFO  grpc.GrpcConfigKeys (ConfUtils.java:logGet(46)) - raft.grpc.server.log-message.batch.duration = 5s (default)
2024-10-20 10:44:20,287 [s1@group-436914476215-LeaderElection72] INFO  server.RaftServerConfigKeys (ConfUtils.java:logGet(46)) - raft.server.log.appender.install.snapshot.enabled = true (default)
2024-10-20 10:44:20,288 [s1@group-436914476215-LeaderElection72] INFO  grpc.GrpcConfigKeys (ConfUtils.java:logGet(46)) - raft.grpc.server.heartbeat.channel = true (default)
2024-10-20 10:44:20,288 [s1@group-436914476215-LeaderElection72] INFO  impl.RoleInfo (RoleInfo.java:updateAndGet(148)) - s1: start s1@group-436914476215-LeaderStateImpl
2024-10-20 10:44:20,288 [s1@group-436914476215-LeaderElection72] INFO  server.RaftServer$Division (ServerState.java:setLeader(272)) - s1@group-436914476215: change Leader from null to s1 at term 3 for becomeLeader, leader elected after 13ms
2024-10-20 10:44:20,288 [s1@group-436914476215-LeaderElection72] INFO  segmented.SegmentedRaftLogWorker (SegmentedRaftLogWorker.java:rollLogSegment(447)) - s1@group-436914476215-SegmentedRaftLogWorker: Rolling segment log-1_2 to index:2
2024-10-20 10:44:20,288 [s1@group-436914476215-LeaderElection72] INFO  server.RaftServer$Division (ServerState.java:setRaftConf(386)) - s1@group-436914476215: set configuration conf: {index: 3, cur=peers:[s0|localhost:15252, s1|localhost:15256, s2|localhost:15260]|listeners:[], old=null}
2024-10-20 10:44:20,289 [s1@group-436914476215-SegmentedRaftLogWorker] TRACE util.FileUtils (LogUtils.java:runAndLog(49)) - Successfully ran Atomic Files.move /home/runner/work/ratis/ratis/ratis-test/target/test/data/d69430f5/MiniRaftClusterWithGrpc6b9d6d2d/s1/fd8814ef-b2fd-4859-a487-436914476215/current/log_inprogress_1 to /home/runner/work/ratis/ratis/ratis-test/target/test/data/d69430f5/MiniRaftClusterWithGrpc6b9d6d2d/s1/fd8814ef-b2fd-4859-a487-436914476215/current/log_1-2
2024-10-20 10:44:20,289 [s1@group-436914476215-SegmentedRaftLogWorker] INFO  segmented.SegmentedRaftLogWorker (SegmentedRaftLogWorker.java:execute(620)) - s1@group-436914476215-SegmentedRaftLogWorker: Rolled log segment from /home/runner/work/ratis/ratis/ratis-test/target/test/data/d69430f5/MiniRaftClusterWithGrpc6b9d6d2d/s1/fd8814ef-b2fd-4859-a487-436914476215/current/log_inprogress_1 to /home/runner/work/ratis/ratis/ratis-test/target/test/data/d69430f5/MiniRaftClusterWithGrpc6b9d6d2d/s1/fd8814ef-b2fd-4859-a487-436914476215/current/log_1-2
2024-10-20 10:44:20,289 [s1@group-436914476215-SegmentedRaftLogWorker] INFO  segmented.BufferedWriteChannel (BufferedWriteChannel.java:open(61)) - open log_inprogress_3 at position 0
2024-10-20 10:44:20,290 [s0-server-thread3] INFO  server.RaftServer$Division (ServerState.java:setLeader(272)) - s0@group-436914476215: change Leader from null to s1 at term 3 for appendEntries, leader elected after 13ms
2024-10-20 10:44:20,292 [s2-server-thread1] DEBUG server.RaftServer$Division (RaftServerImpl.java:logAppendEntries(1549)) - s2@group-436914476215: appendEntries* s1->s2#1-t3,previous=(t:2, i:2),leaderCommit=1,initializing? false,entries: size=1, first=(t:3, i:3), CONFIGURATIONENTRY(current:id:"s0"address:"localhost:15252"dataStreamAddress:"localhost:15255"clientAddress:"localhost:15254"adminAddress:"localhost:15253"startupRole:FOLLOWER, id:"s1"address:"localhost:15256"dataStreamAddress:"localhost:15259"clientAddress:"localhost:15258"adminAddress:"localhost:15257"startupRole:FOLLOWER, id:"s2"address:"localhost:15260"dataStreamAddress:"localhost:15263"clientAddress:"localhost:15262"adminAddress:"localhost:15261"startupRole:FOLLOWER, old:)
2024-10-20 10:44:20,292 [s2-server-thread1] INFO  server.RaftServer$Division (ServerState.java:setLeader(272)) - s2@group-436914476215: change Leader from null to s1 at term 3 for appendEntries, leader elected after 9ms
2024-10-20 10:44:20,292 [s2-server-thread1] INFO  server.RaftServer$Division (ServerState.java:setRaftConf(386)) - s2@group-436914476215: set configuration conf: {index: 3, cur=peers:[s0|localhost:15252, s1|localhost:15256, s2|localhost:15260]|listeners:[], old=null}
2024-10-20 10:44:20,292 [s2-server-thread1] INFO  segmented.SegmentedRaftLogWorker (SegmentedRaftLogWorker.java:rollLogSegment(447)) - s2@group-436914476215-SegmentedRaftLogWorker: Rolling segment log-1_2 to index:2
2024-10-20 10:44:20,293 [s2@group-436914476215-SegmentedRaftLogWorker] TRACE util.FileUtils (LogUtils.java:runAndLog(49)) - Successfully ran Atomic Files.move /home/runner/work/ratis/ratis/ratis-test/target/test/data/d69430f5/MiniRaftClusterWithGrpc6b9d6d2d/s2/fd8814ef-b2fd-4859-a487-436914476215/current/log_inprogress_1 to /home/runner/work/ratis/ratis/ratis-test/target/test/data/d69430f5/MiniRaftClusterWithGrpc6b9d6d2d/s2/fd8814ef-b2fd-4859-a487-436914476215/current/log_1-2
2024-10-20 10:44:20,293 [s2@group-436914476215-SegmentedRaftLogWorker] INFO  segmented.SegmentedRaftLogWorker (SegmentedRaftLogWorker.java:execute(620)) - s2@group-436914476215-SegmentedRaftLogWorker: Rolled log segment from /home/runner/work/ratis/ratis/ratis-test/target/test/data/d69430f5/MiniRaftClusterWithGrpc6b9d6d2d/s2/fd8814ef-b2fd-4859-a487-436914476215/current/log_inprogress_1 to /home/runner/work/ratis/ratis/ratis-test/target/test/data/d69430f5/MiniRaftClusterWithGrpc6b9d6d2d/s2/fd8814ef-b2fd-4859-a487-436914476215/current/log_1-2
2024-10-20 10:44:20,293 [s2@group-436914476215-SegmentedRaftLogWorker] INFO  segmented.BufferedWriteChannel (BufferedWriteChannel.java:open(61)) - open log_inprogress_3 at position 0
2024-10-20 10:44:20,296 [s0-server-thread2] DEBUG server.RaftServer$Division (RaftServerImpl.java:logAppendEntries(1549)) - s0@group-436914476215: appendEntries* s1->s0#1-t3,previous=(t:2, i:2),leaderCommit=1,initializing? false,entries: size=1, first=(t:3, i:3), CONFIGURATIONENTRY(current:id:"s0"address:"localhost:15252"dataStreamAddress:"localhost:15255"clientAddress:"localhost:15254"adminAddress:"localhost:15253"startupRole:FOLLOWER, id:"s1"address:"localhost:15256"dataStreamAddress:"localhost:15259"clientAddress:"localhost:15258"adminAddress:"localhost:15257"startupRole:FOLLOWER, id:"s2"address:"localhost:15260"dataStreamAddress:"localhost:15263"clientAddress:"localhost:15262"adminAddress:"localhost:15261"startupRole:FOLLOWER, old:)
2024-10-20 10:44:20,296 [s0-server-thread2] INFO  server.RaftServer$Division (ServerState.java:setRaftConf(386)) - s0@group-436914476215: set configuration conf: {index: 3, cur=peers:[s0|localhost:15252, s1|localhost:15256, s2|localhost:15260]|listeners:[], old=null}
2024-10-20 10:44:20,296 [s0-server-thread2] INFO  segmented.SegmentedRaftLogWorker (SegmentedRaftLogWorker.java:rollLogSegment(447)) - s0@group-436914476215-SegmentedRaftLogWorker: Rolling segment log-1_2 to index:2
2024-10-20 10:44:20,298 [s0@group-436914476215-SegmentedRaftLogWorker] TRACE util.FileUtils (LogUtils.java:runAndLog(49)) - Successfully ran Atomic Files.move /home/runner/work/ratis/ratis/ratis-test/target/test/data/d69430f5/MiniRaftClusterWithGrpc6b9d6d2d/s0/fd8814ef-b2fd-4859-a487-436914476215/current/log_inprogress_1 to /home/runner/work/ratis/ratis/ratis-test/target/test/data/d69430f5/MiniRaftClusterWithGrpc6b9d6d2d/s0/fd8814ef-b2fd-4859-a487-436914476215/current/log_1-2
2024-10-20 10:44:20,298 [s0@group-436914476215-SegmentedRaftLogWorker] INFO  segmented.SegmentedRaftLogWorker (SegmentedRaftLogWorker.java:execute(620)) - s0@group-436914476215-SegmentedRaftLogWorker: Rolled log segment from /home/runner/work/ratis/ratis/ratis-test/target/test/data/d69430f5/MiniRaftClusterWithGrpc6b9d6d2d/s0/fd8814ef-b2fd-4859-a487-436914476215/current/log_inprogress_1 to /home/runner/work/ratis/ratis/ratis-test/target/test/data/d69430f5/MiniRaftClusterWithGrpc6b9d6d2d/s0/fd8814ef-b2fd-4859-a487-436914476215/current/log_1-2
2024-10-20 10:44:20,298 [s0@group-436914476215-SegmentedRaftLogWorker] INFO  segmented.BufferedWriteChannel (BufferedWriteChannel.java:open(61)) - open log_inprogress_3 at position 0
2024-10-20 10:44:20,306 [s1@group-436914476215-SegmentedRaftLogWorker] INFO  segmented.SegmentedRaftLogWorker (SegmentedRaftLogWorker.java:execute(663)) - s1@group-436914476215-SegmentedRaftLogWorker: created new log segment /home/runner/work/ratis/ratis/ratis-test/target/test/data/d69430f5/MiniRaftClusterWithGrpc6b9d6d2d/s1/fd8814ef-b2fd-4859-a487-436914476215/current/log_inprogress_3
2024-10-20 10:44:20,310 [s2@group-436914476215-SegmentedRaftLogWorker] INFO  segmented.SegmentedRaftLogWorker (SegmentedRaftLogWorker.java:execute(663)) - s2@group-436914476215-SegmentedRaftLogWorker: created new log segment /home/runner/work/ratis/ratis/ratis-test/target/test/data/d69430f5/MiniRaftClusterWithGrpc6b9d6d2d/s2/fd8814ef-b2fd-4859-a487-436914476215/current/log_inprogress_3
2024-10-20 10:44:20,310 [s2-server-thread3] DEBUG server.RaftServer$Division (RaftServerImpl.java:logAppendEntries(1549)) - s2@group-436914476215: appendEntries* reply s1<-s2#1:OK-t3,SUCCESS,nextIndex=4,followerCommit=1,matchIndex=3
2024-10-20 10:44:20,311 [s1@group-436914476215-StateMachineUpdater] TRACE util.FileUtils (LogUtils.java:supplyAndLog(69)) - Successfully supplied FileChannel.open /home/runner/work/ratis/ratis/ratis-test/target/test/data/d69430f5/MiniRaftClusterWithGrpc6b9d6d2d/s1/fd8814ef-b2fd-4859-a487-436914476215/current/raft-meta.conf.tmp with options [CREATE, WRITE]: sun.nio.ch.FileChannelImpl@7152bdad
2024-10-20 10:44:20,312 [s2-server-thread3] DEBUG server.RaftServer$Division (RaftServerImpl.java:logAppendEntries(1549)) - s2@group-436914476215: appendEntries* s1->s2#2-t3,previous=(t:3, i:3),leaderCommit=3,initializing? false,entries: size=1, first=(t:3, i:4), METADATAENTRY(c:3)
2024-10-20 10:44:20,312 [s2-server-thread3] DEBUG server.RaftServer$Division (RaftServerImpl.java:logAppendEntries(1549)) - s2@group-436914476215: appendEntries* reply s1<-s2#2:OK-t3,SUCCESS,nextIndex=5,followerCommit=3,matchIndex=4
2024-10-20 10:44:20,312 [s2@group-436914476215-StateMachineUpdater] TRACE util.FileUtils (LogUtils.java:supplyAndLog(69)) - Successfully supplied FileChannel.open /home/runner/work/ratis/ratis/ratis-test/target/test/data/d69430f5/MiniRaftClusterWithGrpc6b9d6d2d/s2/fd8814ef-b2fd-4859-a487-436914476215/current/raft-meta.conf.tmp with options [CREATE, WRITE]: sun.nio.ch.FileChannelImpl@778d0fc6
2024-10-20 10:44:20,312 [s0-server-thread2] DEBUG server.RaftServer$Division (RaftServerImpl.java:logAppendEntries(1549)) - s0@group-436914476215: appendEntries* s1->s0#2-t3,previous=(t:3, i:3),leaderCommit=3,initializing? false,entries: size=1, first=(t:3, i:4), METADATAENTRY(c:3)
2024-10-20 10:44:20,314 [s1@group-436914476215-StateMachineUpdater] TRACE util.FileUtils (LogUtils.java:runAndLog(49)) - Successfully ran Atomic Files.move /home/runner/work/ratis/ratis/ratis-test/target/test/data/d69430f5/MiniRaftClusterWithGrpc6b9d6d2d/s1/fd8814ef-b2fd-4859-a487-436914476215/current/raft-meta.conf.tmp to /home/runner/work/ratis/ratis/ratis-test/target/test/data/d69430f5/MiniRaftClusterWithGrpc6b9d6d2d/s1/fd8814ef-b2fd-4859-a487-436914476215/current/raft-meta.conf with options [REPLACE_EXISTING]
2024-10-20 10:44:20,314 [s0@group-436914476215-SegmentedRaftLogWorker] INFO  segmented.SegmentedRaftLogWorker (SegmentedRaftLogWorker.java:execute(663)) - s0@group-436914476215-SegmentedRaftLogWorker: created new log segment /home/runner/work/ratis/ratis/ratis-test/target/test/data/d69430f5/MiniRaftClusterWithGrpc6b9d6d2d/s0/fd8814ef-b2fd-4859-a487-436914476215/current/log_inprogress_3
2024-10-20 10:44:20,314 [s1@group-436914476215-StateMachineUpdater] INFO  server.RaftServer$Division (LeaderStateImpl.java:checkStartIndex(314)) - Leader s1@group-436914476215-LeaderStateImpl is ready since appliedIndex == startIndex == 3
2024-10-20 10:44:20,314 [s0-server-thread2] DEBUG server.RaftServer$Division (RaftServerImpl.java:logAppendEntries(1549)) - s0@group-436914476215: appendEntries* reply s1<-s0#1:OK-t3,SUCCESS,nextIndex=4,followerCommit=2,matchIndex=3
2024-10-20 10:44:20,315 [s2@group-436914476215-StateMachineUpdater] TRACE util.FileUtils (LogUtils.java:runAndLog(49)) - Successfully ran Atomic Files.move /home/runner/work/ratis/ratis/ratis-test/target/test/data/d69430f5/MiniRaftClusterWithGrpc6b9d6d2d/s2/fd8814ef-b2fd-4859-a487-436914476215/current/raft-meta.conf.tmp to /home/runner/work/ratis/ratis/ratis-test/target/test/data/d69430f5/MiniRaftClusterWithGrpc6b9d6d2d/s2/fd8814ef-b2fd-4859-a487-436914476215/current/raft-meta.conf with options [REPLACE_EXISTING]
2024-10-20 10:44:20,315 [s0-server-thread2] DEBUG server.RaftServer$Division (RaftServerImpl.java:logAppendEntries(1549)) - s0@group-436914476215: appendEntries* reply s1<-s0#2:OK-t3,SUCCESS,nextIndex=5,followerCommit=3,matchIndex=4
2024-10-20 10:44:20,315 [s0@group-436914476215-StateMachineUpdater] TRACE util.FileUtils (LogUtils.java:supplyAndLog(69)) - Successfully supplied FileChannel.open /home/runner/work/ratis/ratis/ratis-test/target/test/data/d69430f5/MiniRaftClusterWithGrpc6b9d6d2d/s0/fd8814ef-b2fd-4859-a487-436914476215/current/raft-meta.conf.tmp with options [CREATE, WRITE]: sun.nio.ch.FileChannelImpl@101c475e
2024-10-20 10:44:20,319 [s0@group-436914476215-StateMachineUpdater] TRACE util.FileUtils (LogUtils.java:runAndLog(49)) - Successfully ran Atomic Files.move /home/runner/work/ratis/ratis/ratis-test/target/test/data/d69430f5/MiniRaftClusterWithGrpc6b9d6d2d/s0/fd8814ef-b2fd-4859-a487-436914476215/current/raft-meta.conf.tmp to /home/runner/work/ratis/ratis/ratis-test/target/test/data/d69430f5/MiniRaftClusterWithGrpc6b9d6d2d/s0/fd8814ef-b2fd-4859-a487-436914476215/current/raft-meta.conf with options [REPLACE_EXISTING]
2024-10-20 10:44:20,730 [main] INFO  ratis.RaftTestUtil (RaftTestUtil.java:waitForLeader(131)) - printing ALL groups
  s0:  RUNNING  FOLLOWER s0@group-436914476215:t3, leader=s1, voted=s1, raftlog=Memoized:s0@group-436914476215-SegmentedRaftLog:OPENED:c4:last(t:3, i:4), conf=conf: {index: 3, cur=peers:[s0|localhost:15252, s1|localhost:15256, s2|localhost:15260]|listeners:[], old=null} RUNNING
  s1:  RUNNING    LEADER s1@group-436914476215:t3, leader=s1, voted=s1, raftlog=Memoized:s1@group-436914476215-SegmentedRaftLog:OPENED:c4:last(t:3, i:4), conf=conf: {index: 3, cur=peers:[s0|localhost:15252, s1|localhost:15256, s2|localhost:15260]|listeners:[], old=null} RUNNING
  s2:  RUNNING  FOLLOWER s2@group-436914476215:t3, leader=s1, voted=s1, raftlog=Memoized:s2@group-436914476215-SegmentedRaftLog:OPENED:c4:last(t:3, i:4), conf=conf: {index: 3, cur=peers:[s0|localhost:15252, s1|localhost:15256, s2|localhost:15260]|listeners:[], old=null} RUNNING
2024-10-20 10:44:20,730 [main] INFO  ratis.RaftTestUtil (RaftTestUtil.java:lambda$changeLeader$14(485)) - Changed leader from s0 to s1
2024-10-20 10:44:20,730 [main] INFO  util.CodeInjectionForTesting (BlockRequestHandlingInjection.java:unblockRequestor(54)) - UnBlock requestor s0
2024-10-20 10:44:20,730 [main] INFO  util.CodeInjectionForTesting (BlockRequestHandlingInjection.java:blockRequestor(49)) - Block requestor s1
2024-10-20 10:44:20,730 [main] INFO  server.RaftServerConfigKeys (ConfUtils.java:logGet(46)) - raft.server.rpc.timeout.max = 300ms (default)
2024-10-20 10:44:20,730 [main] INFO  ratis.RaftTestUtil (RaftTestUtil.java:waitForLeader(107)) - printing ALL groups
  s0:  RUNNING  FOLLOWER s0@group-436914476215:t3, leader=s1, voted=s1, raftlog=Memoized:s0@group-436914476215-SegmentedRaftLog:OPENED:c4:last(t:3, i:4), conf=conf: {index: 3, cur=peers:[s0|localhost:15252, s1|localhost:15256, s2|localhost:15260]|listeners:[], old=null} RUNNING
  s1:  RUNNING    LEADER s1@group-436914476215:t3, leader=s1, voted=s1, raftlog=Memoized:s1@group-436914476215-SegmentedRaftLog:OPENED:c4:last(t:3, i:4), conf=conf: {index: 3, cur=peers:[s0|localhost:15252, s1|localhost:15256, s2|localhost:15260]|listeners:[], old=null} RUNNING
  s2:  RUNNING  FOLLOWER s2@group-436914476215:t3, leader=s1, voted=s1, raftlog=Memoized:s2@group-436914476215-SegmentedRaftLog:OPENED:c4:last(t:3, i:4), conf=conf: {index: 3, cur=peers:[s0|localhost:15252, s1|localhost:15256, s2|localhost:15260]|listeners:[], old=null} RUNNING
2024-10-20 10:44:20,730 [main] INFO  ratis.RaftTestUtil (RaftTestUtil.java:waitForLeader(131)) - printing ALL groups
  s0:  RUNNING  FOLLOWER s0@group-436914476215:t3, leader=s1, voted=s1, raftlog=Memoized:s0@group-436914476215-SegmentedRaftLog:OPENED:c4:last(t:3, i:4), conf=conf: {index: 3, cur=peers:[s0|localhost:15252, s1|localhost:15256, s2|localhost:15260]|listeners:[], old=null} RUNNING
  s1:  RUNNING    LEADER s1@group-436914476215:t3, leader=s1, voted=s1, raftlog=Memoized:s1@group-436914476215-SegmentedRaftLog:OPENED:c4:last(t:3, i:4), conf=conf: {index: 3, cur=peers:[s0|localhost:15252, s1|localhost:15256, s2|localhost:15260]|listeners:[], old=null} RUNNING
  s2:  RUNNING  FOLLOWER s2@group-436914476215:t3, leader=s1, voted=s1, raftlog=Memoized:s2@group-436914476215-SegmentedRaftLog:OPENED:c4:last(t:3, i:4), conf=conf: {index: 3, cur=peers:[s0|localhost:15252, s1|localhost:15256, s2|localhost:15260]|listeners:[], old=null} RUNNING
2024-10-20 10:44:20,731 [main] WARN  ratis.RaftTestUtil (JavaUtils.java:attempt(231)) - FAILED "runTestChangeLeader-changeLeader", attempt #1/20, sleep 100ms and then retry: java.lang.IllegalStateException: Failed to change leader: newLeader == oldLeader == s1
2024-10-20 10:44:20,772 [s2-server-thread1] INFO  util.CodeInjectionForTesting (BlockRequestHandlingInjection.java:execute(77)) - s2: Block request from s1
2024-10-20 10:44:20,777 [s0-server-thread3] INFO  util.CodeInjectionForTesting (BlockRequestHandlingInjection.java:execute(77)) - s0: Block request from s1
2024-10-20 10:44:20,831 [main] INFO  server.RaftServerConfigKeys (ConfUtils.java:logGet(46)) - raft.server.rpc.timeout.max = 300ms (default)
2024-10-20 10:44:20,831 [main] INFO  ratis.RaftTestUtil (RaftTestUtil.java:waitForLeader(107)) - printing ALL groups
  s0:  RUNNING  FOLLOWER s0@group-436914476215:t3, leader=s1, voted=s1, raftlog=Memoized:s0@group-436914476215-SegmentedRaftLog:OPENED:c4:last(t:3, i:4), conf=conf: {index: 3, cur=peers:[s0|localhost:15252, s1|localhost:15256, s2|localhost:15260]|listeners:[], old=null} RUNNING
  s1:  RUNNING    LEADER s1@group-436914476215:t3, leader=s1, voted=s1, raftlog=Memoized:s1@group-436914476215-SegmentedRaftLog:OPENED:c4:last(t:3, i:4), conf=conf: {index: 3, cur=peers:[s0|localhost:15252, s1|localhost:15256, s2|localhost:15260]|listeners:[], old=null} RUNNING
  s2:  RUNNING  FOLLOWER s2@group-436914476215:t3, leader=s1, voted=s1, raftlog=Memoized:s2@group-436914476215-SegmentedRaftLog:OPENED:c4:last(t:3, i:4), conf=conf: {index: 3, cur=peers:[s0|localhost:15252, s1|localhost:15256, s2|localhost:15260]|listeners:[], old=null} RUNNING
2024-10-20 10:44:20,831 [main] INFO  ratis.RaftTestUtil (RaftTestUtil.java:waitForLeader(131)) - printing ALL groups
  s0:  RUNNING  FOLLOWER s0@group-436914476215:t3, leader=s1, voted=s1, raftlog=Memoized:s0@group-436914476215-SegmentedRaftLog:OPENED:c4:last(t:3, i:4), conf=conf: {index: 3, cur=peers:[s0|localhost:15252, s1|localhost:15256, s2|localhost:15260]|listeners:[], old=null} RUNNING
  s1:  RUNNING    LEADER s1@group-436914476215:t3, leader=s1, voted=s1, raftlog=Memoized:s1@group-436914476215-SegmentedRaftLog:OPENED:c4:last(t:3, i:4), conf=conf: {index: 3, cur=peers:[s0|localhost:15252, s1|localhost:15256, s2|localhost:15260]|listeners:[], old=null} RUNNING
  s2:  RUNNING  FOLLOWER s2@group-436914476215:t3, leader=s1, voted=s1, raftlog=Memoized:s2@group-436914476215-SegmentedRaftLog:OPENED:c4:last(t:3, i:4), conf=conf: {index: 3, cur=peers:[s0|localhost:15252, s1|localhost:15256, s2|localhost:15260]|listeners:[], old=null} RUNNING
2024-10-20 10:44:20,832 [main] WARN  ratis.RaftTestUtil (JavaUtils.java:attempt(231)) - FAILED "runTestChangeLeader-changeLeader", attempt #2/20, sleep 100ms and then retry: java.lang.IllegalStateException: Failed to change leader: newLeader == oldLeader == s1
2024-10-20 10:44:20,838 [s2-server-thread2] INFO  util.CodeInjectionForTesting (BlockRequestHandlingInjection.java:execute(84)) - s2: unBlock request from s0
2024-10-20 10:44:20,838 [s2-server-thread2] WARN  server.RaftServer$Division (ServerState.java:recognizeLeader(331)) - s2@group-436914476215: Failed to recognize s0 as leader for APPEND_ENTRIES since peerTerm = 2 < currentTerm = 3
2024-10-20 10:44:20,839 [grpc-default-executor-4] WARN  server.GrpcLogAppender (GrpcLogAppender.java:onNextImpl(521)) - s0@group-436914476215->s2-AppendLogResponseHandler: received NOT_LEADER reply with term 3
2024-10-20 10:44:20,839 [s1-server-thread2] INFO  util.CodeInjectionForTesting (BlockRequestHandlingInjection.java:execute(84)) - s1: unBlock request from s0
2024-10-20 10:44:20,839 [s1-server-thread2] WARN  server.RaftServer$Division (ServerState.java:recognizeLeader(331)) - s1@group-436914476215: Failed to recognize s0 as leader for APPEND_ENTRIES since peerTerm = 2 < currentTerm = 3
2024-10-20 10:44:20,839 [s2-server-thread2] WARN  server.RaftServer$Division (ServerState.java:recognizeLeader(331)) - s2@group-436914476215: Failed to recognize s0 as leader for APPEND_ENTRIES since peerTerm = 2 < currentTerm = 3
2024-10-20 10:44:20,839 [grpc-default-executor-4] WARN  server.GrpcLogAppender (GrpcLogAppender.java:onNextImpl(521)) - s0@group-436914476215->s2-AppendLogResponseHandler: received NOT_LEADER reply with term 3
2024-10-20 10:44:20,839 [s1-server-thread2] WARN  server.RaftServer$Division (ServerState.java:recognizeLeader(331)) - s1@group-436914476215: Failed to recognize s0 as leader for APPEND_ENTRIES since peerTerm = 2 < currentTerm = 3
2024-10-20 10:44:20,839 [grpc-default-executor-1] WARN  server.GrpcLogAppender (GrpcLogAppender.java:onNextImpl(521)) - s0@group-436914476215->s1-AppendLogResponseHandler: received NOT_LEADER reply with term 3
2024-10-20 10:44:20,839 [s2-server-thread2] WARN  server.RaftServer$Division (ServerState.java:recognizeLeader(331)) - s2@group-436914476215: Failed to recognize s0 as leader for APPEND_ENTRIES since peerTerm = 2 < currentTerm = 3
2024-10-20 10:44:20,839 [grpc-default-executor-6] WARN  server.GrpcLogAppender (GrpcLogAppender.java:onNextImpl(521)) - s0@group-436914476215->s1-AppendLogResponseHandler: received NOT_LEADER reply with term 3
2024-10-20 10:44:20,840 [s1-server-thread2] WARN  server.RaftServer$Division (ServerState.java:recognizeLeader(331)) - s1@group-436914476215: Failed to recognize s0 as leader for APPEND_ENTRIES since peerTerm = 2 < currentTerm = 3
2024-10-20 10:44:20,840 [s2-server-thread2] WARN  server.RaftServer$Division (ServerState.java:recognizeLeader(331)) - s2@group-436914476215: Failed to recognize s0 as leader for APPEND_ENTRIES since peerTerm = 2 < currentTerm = 3
2024-10-20 10:44:20,840 [s2-server-thread2] WARN  server.RaftServer$Division (ServerState.java:recognizeLeader(331)) - s2@group-436914476215: Failed to recognize s0 as leader for APPEND_ENTRIES since peerTerm = 2 < currentTerm = 3
2024-10-20 10:44:20,840 [s2-server-thread2] WARN  server.RaftServer$Division (ServerState.java:recognizeLeader(331)) - s2@group-436914476215: Failed to recognize s0 as leader for APPEND_ENTRIES since peerTerm = 2 < currentTerm = 3
2024-10-20 10:44:20,841 [s2-server-thread2] WARN  server.RaftServer$Division (ServerState.java:recognizeLeader(331)) - s2@group-436914476215: Failed to recognize s0 as leader for APPEND_ENTRIES since peerTerm = 2 < currentTerm = 3
2024-10-20 10:44:20,841 [s2-server-thread2] WARN  server.RaftServer$Division (ServerState.java:recognizeLeader(331)) - s2@group-436914476215: Failed to recognize s0 as leader for APPEND_ENTRIES since peerTerm = 2 < currentTerm = 3
2024-10-20 10:44:20,841 [s2-server-thread2] WARN  server.RaftServer$Division (ServerState.java:recognizeLeader(331)) - s2@group-436914476215: Failed to recognize s0 as leader for APPEND_ENTRIES since peerTerm = 2 < currentTerm = 3
2024-10-20 10:44:20,841 [grpc-default-executor-11] INFO  server.GrpcServerProtocolService (GrpcServerProtocolService.java:onCompleted(200)) - s2: Completed APPEND_ENTRIES, lastRequest: null
2024-10-20 10:44:20,841 [grpc-default-executor-11] INFO  server.GrpcServerProtocolService (GrpcServerProtocolService.java:lambda$onCompleted$7(202)) - s2: Completed APPEND_ENTRIES, lastReply: serverReply {
  requestorId: "s0"
  replyId: "s2"
  raftGroupId {
    id: "\375\210\024\357\262\375HY\244\207Ci\024Gb\025"
  }
  callId: 13
}
term: 3
nextIndex: 5
result: NOT_LEADER
followerCommit: 4
matchIndex: 18446744073709551615
isHearbeat: true

2024-10-20 10:44:20,843 [grpc-default-executor-4] WARN  server.GrpcLogAppender (GrpcLogAppender.java:onNextImpl(521)) - s0@group-436914476215->s2-AppendLogResponseHandler: received NOT_LEADER reply with term 3
2024-10-20 10:44:20,843 [grpc-default-executor-1] WARN  server.GrpcLogAppender (GrpcLogAppender.java:onNextImpl(521)) - s0@group-436914476215->s1-AppendLogResponseHandler: received NOT_LEADER reply with term 3
2024-10-20 10:44:20,843 [s1-server-thread2] WARN  server.RaftServer$Division (ServerState.java:recognizeLeader(331)) - s1@group-436914476215: Failed to recognize s0 as leader for APPEND_ENTRIES since peerTerm = 2 < currentTerm = 3
2024-10-20 10:44:20,843 [grpc-default-executor-1] WARN  server.GrpcLogAppender (GrpcLogAppender.java:onNextImpl(521)) - s0@group-436914476215->s2-AppendLogResponseHandler: received NOT_LEADER reply with term 3
2024-10-20 10:44:20,843 [grpc-default-executor-11] WARN  server.GrpcLogAppender (GrpcLogAppender.java:onNextImpl(521)) - s0@group-436914476215->s1-AppendLogResponseHandler: received NOT_LEADER reply with term 3
2024-10-20 10:44:20,843 [s1-server-thread2] WARN  server.RaftServer$Division (ServerState.java:recognizeLeader(331)) - s1@group-436914476215: Failed to recognize s0 as leader for APPEND_ENTRIES since peerTerm = 2 < currentTerm = 3
2024-10-20 10:44:20,843 [grpc-default-executor-11] WARN  server.GrpcLogAppender (GrpcLogAppender.java:onNextImpl(521)) - s0@group-436914476215->s2-AppendLogResponseHandler: received NOT_LEADER reply with term 3
2024-10-20 10:44:20,844 [s1-server-thread2] WARN  server.RaftServer$Division (ServerState.java:recognizeLeader(331)) - s1@group-436914476215: Failed to recognize s0 as leader for APPEND_ENTRIES since peerTerm = 2 < currentTerm = 3
2024-10-20 10:44:20,844 [grpc-default-executor-4] WARN  server.GrpcLogAppender (GrpcLogAppender.java:onNextImpl(521)) - s0@group-436914476215->s2-AppendLogResponseHandler: received NOT_LEADER reply with term 3
2024-10-20 10:44:20,844 [grpc-default-executor-11] WARN  server.GrpcLogAppender (GrpcLogAppender.java:onNextImpl(521)) - s0@group-436914476215->s1-AppendLogResponseHandler: received NOT_LEADER reply with term 3
2024-10-20 10:44:20,844 [s1-server-thread2] WARN  server.RaftServer$Division (ServerState.java:recognizeLeader(331)) - s1@group-436914476215: Failed to recognize s0 as leader for APPEND_ENTRIES since peerTerm = 2 < currentTerm = 3
2024-10-20 10:44:20,844 [grpc-default-executor-4] WARN  server.GrpcLogAppender (GrpcLogAppender.java:onNextImpl(521)) - s0@group-436914476215->s2-AppendLogResponseHandler: received NOT_LEADER reply with term 3
2024-10-20 10:44:20,844 [grpc-default-executor-11] WARN  server.GrpcLogAppender (GrpcLogAppender.java:onNextImpl(521)) - s0@group-436914476215->s1-AppendLogResponseHandler: received NOT_LEADER reply with term 3
2024-10-20 10:44:20,845 [s1-server-thread2] WARN  server.RaftServer$Division (ServerState.java:recognizeLeader(331)) - s1@group-436914476215: Failed to recognize s0 as leader for APPEND_ENTRIES since peerTerm = 2 < currentTerm = 3
2024-10-20 10:44:20,845 [grpc-default-executor-4] WARN  server.GrpcLogAppender (GrpcLogAppender.java:onNextImpl(521)) - s0@group-436914476215->s2-AppendLogResponseHandler: received NOT_LEADER reply with term 3
2024-10-20 10:44:20,845 [grpc-default-executor-11] WARN  server.GrpcLogAppender (GrpcLogAppender.java:onNextImpl(521)) - s0@group-436914476215->s1-AppendLogResponseHandler: received NOT_LEADER reply with term 3
2024-10-20 10:44:20,845 [s1-server-thread2] WARN  server.RaftServer$Division (ServerState.java:recognizeLeader(331)) - s1@group-436914476215: Failed to recognize s0 as leader for APPEND_ENTRIES since peerTerm = 2 < currentTerm = 3
2024-10-20 10:44:20,845 [grpc-default-executor-4] WARN  server.GrpcLogAppender (GrpcLogAppender.java:onNextImpl(521)) - s0@group-436914476215->s2-AppendLogResponseHandler: received NOT_LEADER reply with term 3
2024-10-20 10:44:20,845 [grpc-default-executor-4] INFO  server.GrpcLogAppender (GrpcLogAppender.java:onCompleted(559)) - s0@group-436914476215->s2-AppendLogResponseHandler: follower responses appendEntries COMPLETED
2024-10-20 10:44:20,845 [grpc-default-executor-1] WARN  server.GrpcLogAppender (GrpcLogAppender.java:onNextImpl(521)) - s0@group-436914476215->s1-AppendLogResponseHandler: received NOT_LEADER reply with term 3
2024-10-20 10:44:20,846 [grpc-default-executor-11] INFO  server.GrpcServerProtocolService (GrpcServerProtocolService.java:onCompleted(200)) - s1: Completed APPEND_ENTRIES, lastRequest: null
2024-10-20 10:44:20,846 [grpc-default-executor-11] INFO  server.GrpcServerProtocolService (GrpcServerProtocolService.java:lambda$onCompleted$7(202)) - s1: Completed APPEND_ENTRIES, lastReply: serverReply {
  requestorId: "s0"
  replyId: "s1"
  raftGroupId {
    id: "\375\210\024\357\262\375HY\244\207Ci\024Gb\025"
  }
  callId: 13
}
term: 3
nextIndex: 5
result: NOT_LEADER
followerCommit: 4
matchIndex: 18446744073709551615
isHearbeat: true

2024-10-20 10:44:20,846 [grpc-default-executor-1] WARN  server.GrpcLogAppender (GrpcLogAppender.java:onNextImpl(521)) - s0@group-436914476215->s1-AppendLogResponseHandler: received NOT_LEADER reply with term 3
2024-10-20 10:44:20,846 [grpc-default-executor-1] INFO  server.GrpcLogAppender (GrpcLogAppender.java:onCompleted(559)) - s0@group-436914476215->s1-AppendLogResponseHandler: follower responses appendEntries COMPLETED
2024-10-20 10:44:20,895 [s0@group-436914476215-FollowerState] INFO  impl.FollowerState (FollowerState.java:runImpl(161)) - s0@group-436914476215-FollowerState: change to CANDIDATE, lastRpcElapsedTime:194618183ns, electionTimeout:156ms
2024-10-20 10:44:20,895 [s0@group-436914476215-FollowerState] INFO  impl.RoleInfo (RoleInfo.java:shutdownFollowerState(121)) - s0: shutdown s0@group-436914476215-FollowerState
2024-10-20 10:44:20,895 [s0@group-436914476215-FollowerState] INFO  server.RaftServer$Division (RaftServerImpl.java:setRole(380)) - s0@group-436914476215: changes role from  FOLLOWER to CANDIDATE at term 3 for changeToCandidate
2024-10-20 10:44:20,895 [timer3] WARN  server.GrpcLogAppender (GrpcLogAppender.java:timeoutAppendRequest(450)) - s1@group-D48E91F9973E->s2-GrpcLogAppender: Timed out HEARTBEAT appendEntries, errorCount=1, request=AppendEntriesRequest:cid=7,entriesCount=0
2024-10-20 10:44:20,895 [timer2] WARN  server.GrpcLogAppender (GrpcLogAppender.java:timeoutAppendRequest(450)) - s1@group-D48E91F9973E->s0-GrpcLogAppender: Timed out HEARTBEAT appendEntries, errorCount=1, request=AppendEntriesRequest:cid=9,entriesCount=0
2024-10-20 10:44:20,895 [s0@group-436914476215-FollowerState] INFO  server.RaftServerConfigKeys (ConfUtils.java:logGet(46)) - raft.server.leaderelection.pre-vote = true (default)
2024-10-20 10:44:20,896 [s0@group-436914476215-FollowerState] INFO  impl.RoleInfo (RoleInfo.java:updateAndGet(148)) - s0: start s0@group-436914476215-LeaderElection73
2024-10-20 10:44:20,896 [s0@group-436914476215-LeaderElection73] INFO  server.RaftServer$Division (ServerState.java:setLeader(272)) - s0@group-436914476215: change Leader from s1 to null at term 3 for PRE_VOTE
2024-10-20 10:44:20,896 [s0@group-436914476215-LeaderElection73] INFO  impl.LeaderElection (LeaderElection.java:askForVotes(333)) - s0@group-436914476215-LeaderElection73 PRE_VOTE round 0: submit vote requests at term 3 for conf: {index: 3, cur=peers:[s0|localhost:15252, s1|localhost:15256, s2|localhost:15260]|listeners:[], old=null}
2024-10-20 10:44:20,897 [grpc-default-executor-1] INFO  server.RaftServer$Division (RaftServerImpl.java:requestVote(1447)) - s2@group-436914476215: receive requestVote(PRE_VOTE, s0, group-436914476215, 3, (t:3, i:4))
2024-10-20 10:44:20,897 [grpc-default-executor-11] INFO  server.RaftServer$Division (RaftServerImpl.java:requestVote(1447)) - s1@group-436914476215: receive requestVote(PRE_VOTE, s0, group-436914476215, 3, (t:3, i:4))
2024-10-20 10:44:20,897 [grpc-default-executor-1] INFO  impl.VoteContext (VoteContext.java:log(49)) - s2@group-436914476215-FOLLOWER: accept PRE_VOTE from s0: our priority 0 <= candidate's priority 0
2024-10-20 10:44:20,897 [grpc-default-executor-11] INFO  impl.VoteContext (VoteContext.java:log(49)) - s1@group-436914476215-LEADER: reject PRE_VOTE from s0: this server is the leader and still has leadership
2024-10-20 10:44:20,897 [grpc-default-executor-1] INFO  server.RaftServer$Division (RaftServerImpl.java:requestVote(1480)) - s2@group-436914476215 replies to PRE_VOTE vote request: s0<-s2#0:OK-t3. Peer's state: s2@group-436914476215:t3, leader=s1, voted=s1, raftlog=Memoized:s2@group-436914476215-SegmentedRaftLog:OPENED:c4:last(t:3, i:4), conf=conf: {index: 3, cur=peers:[s0|localhost:15252, s1|localhost:15256, s2|localhost:15260]|listeners:[], old=null}
2024-10-20 10:44:20,897 [grpc-default-executor-11] INFO  server.RaftServer$Division (RaftServerImpl.java:requestVote(1480)) - s1@group-436914476215 replies to PRE_VOTE vote request: s0<-s1#0:FAIL-t3. Peer's state: s1@group-436914476215:t3, leader=s1, voted=s1, raftlog=Memoized:s1@group-436914476215-SegmentedRaftLog:OPENED:c4:last(t:3, i:4), conf=conf: {index: 3, cur=peers:[s0|localhost:15252, s1|localhost:15256, s2|localhost:15260]|listeners:[], old=null}
2024-10-20 10:44:20,898 [s0@group-436914476215-LeaderElection73] INFO  impl.LeaderElection (LeaderElection.java:logAndReturn(90)) - s0@group-436914476215-LeaderElection73: PRE_VOTE PASSED received 1 response(s) and 0 exception(s):
2024-10-20 10:44:20,898 [s0@group-436914476215-LeaderElection73] INFO  impl.LeaderElection (LeaderElection.java:logAndReturn(94)) -   Response 0: s0<-s2#0:OK-t3
2024-10-20 10:44:20,898 [s0@group-436914476215-LeaderElection73] INFO  impl.LeaderElection (LeaderElection.java:askForVotes(335)) - s0@group-436914476215-LeaderElection73 PRE_VOTE round 0: result PASSED
2024-10-20 10:44:20,898 [s0@group-436914476215-LeaderElection73] TRACE util.FileUtils (LogUtils.java:supplyAndLog(69)) - Successfully supplied FileChannel.open /home/runner/work/ratis/ratis/ratis-test/target/test/data/d69430f5/MiniRaftClusterWithGrpc6b9d6d2d/s0/fd8814ef-b2fd-4859-a487-436914476215/current/raft-meta.tmp with options [CREATE, WRITE]: sun.nio.ch.FileChannelImpl@79c2acd0
2024-10-20 10:44:20,898 [timer5] WARN  server.GrpcLogAppender (GrpcLogAppender.java:timeoutAppendRequest(450)) - s1@group-D48E91F9973E->s2-GrpcLogAppender: Timed out appendEntries, errorCount=2, request=AppendEntriesRequest:cid=9,entriesCount=1,entry=(t:1, i:3)
2024-10-20 10:44:20,899 [timer6] WARN  server.GrpcLogAppender (GrpcLogAppender.java:timeoutAppendRequest(450)) - s1@group-D48E91F9973E->s0-GrpcLogAppender: Timed out appendEntries, errorCount=2, request=AppendEntriesRequest:cid=11,entriesCount=1,entry=(t:1, i:3)
2024-10-20 10:44:20,900 [s0@group-436914476215-LeaderElection73] TRACE util.FileUtils (LogUtils.java:runAndLog(49)) - Successfully ran Atomic Files.move /home/runner/work/ratis/ratis/ratis-test/target/test/data/d69430f5/MiniRaftClusterWithGrpc6b9d6d2d/s0/fd8814ef-b2fd-4859-a487-436914476215/current/raft-meta.tmp to /home/runner/work/ratis/ratis/ratis-test/target/test/data/d69430f5/MiniRaftClusterWithGrpc6b9d6d2d/s0/fd8814ef-b2fd-4859-a487-436914476215/current/raft-meta with options [REPLACE_EXISTING]
2024-10-20 10:44:20,900 [s0@group-436914476215-LeaderElection73] INFO  impl.LeaderElection (LeaderElection.java:askForVotes(333)) - s0@group-436914476215-LeaderElection73 ELECTION round 0: submit vote requests at term 4 for conf: {index: 3, cur=peers:[s0|localhost:15252, s1|localhost:15256, s2|localhost:15260]|listeners:[], old=null}
2024-10-20 10:44:20,900 [grpc-default-executor-1] INFO  server.RaftServer$Division (RaftServerImpl.java:requestVote(1447)) - s2@group-436914476215: receive requestVote(ELECTION, s0, group-436914476215, 4, (t:3, i:4))
2024-10-20 10:44:20,900 [grpc-default-executor-11] INFO  server.RaftServer$Division (RaftServerImpl.java:requestVote(1447)) - s1@group-436914476215: receive requestVote(ELECTION, s0, group-436914476215, 4, (t:3, i:4))
2024-10-20 10:44:20,900 [grpc-default-executor-1] INFO  impl.VoteContext (VoteContext.java:log(49)) - s2@group-436914476215-FOLLOWER: accept ELECTION from s0: our priority 0 <= candidate's priority 0
2024-10-20 10:44:20,900 [grpc-default-executor-11] INFO  impl.VoteContext (VoteContext.java:log(49)) - s1@group-436914476215-LEADER: accept ELECTION from s0: our priority 0 <= candidate's priority 0
2024-10-20 10:44:20,901 [grpc-default-executor-1] INFO  server.RaftServer$Division (RaftServerImpl.java:setRole(380)) - s2@group-436914476215: changes role from  FOLLOWER to FOLLOWER at term 3 for candidate:s0
2024-10-20 10:44:20,901 [grpc-default-executor-1] INFO  impl.RoleInfo (RoleInfo.java:shutdownFollowerState(121)) - s2: shutdown s2@group-436914476215-FollowerState
2024-10-20 10:44:20,901 [grpc-default-executor-1] INFO  server.RaftServer$Division (ServerState.java:setLeader(272)) - s2@group-436914476215: change Leader from s1 to null at term 4 for updateCurrentTerm
2024-10-20 10:44:20,901 [grpc-default-executor-11] INFO  server.RaftServer$Division (RaftServerImpl.java:setRole(380)) - s1@group-436914476215: changes role from    LEADER to FOLLOWER at term 3 for candidate:s0
2024-10-20 10:44:20,901 [grpc-default-executor-11] INFO  impl.RoleInfo (RoleInfo.java:shutdownLeaderState(103)) - s1: shutdown s1@group-436914476215-LeaderStateImpl
2024-10-20 10:44:20,901 [grpc-default-executor-1] INFO  impl.RoleInfo (RoleInfo.java:updateAndGet(148)) - s2: start s2@group-436914476215-FollowerState
2024-10-20 10:44:20,901 [s2@group-436914476215-FollowerState] INFO  impl.FollowerState (FollowerState.java:runImpl(170)) - s2@group-436914476215-FollowerState was interrupted
2024-10-20 10:44:20,901 [s1@group-436914476215->s0-GrpcLogAppender-LogAppenderDaemon] WARN  server.GrpcLogAppender (GrpcLogAppender.java:mayWait(293)) - s1@group-436914476215->s0-GrpcLogAppender: Wait interrupted by java.lang.InterruptedException
2024-10-20 10:44:20,901 [grpc-default-executor-1] TRACE util.FileUtils (LogUtils.java:supplyAndLog(69)) - Successfully supplied FileChannel.open /home/runner/work/ratis/ratis/ratis-test/target/test/data/d69430f5/MiniRaftClusterWithGrpc6b9d6d2d/s2/fd8814ef-b2fd-4859-a487-436914476215/current/raft-meta.tmp with options [CREATE, WRITE]: sun.nio.ch.FileChannelImpl@51e078c6
2024-10-20 10:44:20,901 [s1@group-436914476215->s2-GrpcLogAppender-LogAppenderDaemon] WARN  server.GrpcLogAppender (GrpcLogAppender.java:mayWait(293)) - s1@group-436914476215->s2-GrpcLogAppender: Wait interrupted by java.lang.InterruptedException
2024-10-20 10:44:20,901 [grpc-default-executor-11] INFO  impl.PendingRequests (PendingRequests.java:sendNotLeaderResponses(287)) - s1@group-436914476215-PendingRequests: sendNotLeaderResponses
2024-10-20 10:44:20,901 [grpc-default-executor-4] INFO  server.GrpcServerProtocolService (GrpcServerProtocolService.java:onCompleted(200)) - s2: Completed APPEND_ENTRIES, lastRequest: s1->s2#2-t3,previous=(t:3, i:3),leaderCommit=3,initializing? false,entries: size=1, first=(t:3, i:4), METADATAENTRY(c:3)
2024-10-20 10:44:20,901 [grpc-default-executor-6] INFO  server.GrpcServerProtocolService (GrpcServerProtocolService.java:onCompleted(200)) - s0: Completed APPEND_ENTRIES, lastRequest: s1->s0#2-t3,previous=(t:3, i:3),leaderCommit=3,initializing? false,entries: size=1, first=(t:3, i:4), METADATAENTRY(c:3)
2024-10-20 10:44:20,902 [grpc-default-executor-6] INFO  server.GrpcServerProtocolService (GrpcServerProtocolService.java:lambda$onCompleted$7(202)) - s0: Completed APPEND_ENTRIES, lastReply: null
2024-10-20 10:44:20,902 [grpc-default-executor-11] INFO  server.RaftServer$Division (ServerState.java:setLeader(272)) - s1@group-436914476215: change Leader from s1 to null at term 3 for candidate:s0
2024-10-20 10:44:20,902 [grpc-default-executor-11] INFO  impl.RoleInfo (RoleInfo.java:updateAndGet(148)) - s1: start s1@group-436914476215-FollowerState
2024-10-20 10:44:20,902 [grpc-default-executor-11] TRACE util.FileUtils (LogUtils.java:supplyAndLog(69)) - Successfully supplied FileChannel.open /home/runner/work/ratis/ratis/ratis-test/target/test/data/d69430f5/MiniRaftClusterWithGrpc6b9d6d2d/s1/fd8814ef-b2fd-4859-a487-436914476215/current/raft-meta.tmp with options [CREATE, WRITE]: sun.nio.ch.FileChannelImpl@5e43a0
2024-10-20 10:44:20,902 [grpc-default-executor-4] INFO  server.GrpcServerProtocolService (GrpcServerProtocolService.java:lambda$onCompleted$7(202)) - s2: Completed APPEND_ENTRIES, lastReply: null
2024-10-20 10:44:20,902 [grpc-default-executor-6] INFO  server.GrpcLogAppender (GrpcLogAppender.java:onCompleted(559)) - s1@group-436914476215->s0-AppendLogResponseHandler: follower responses appendEntries COMPLETED
2024-10-20 10:44:20,902 [grpc-default-executor-1] TRACE util.FileUtils (LogUtils.java:runAndLog(49)) - Successfully ran Atomic Files.move /home/runner/work/ratis/ratis/ratis-test/target/test/data/d69430f5/MiniRaftClusterWithGrpc6b9d6d2d/s2/fd8814ef-b2fd-4859-a487-436914476215/current/raft-meta.tmp to /home/runner/work/ratis/ratis/ratis-test/target/test/data/d69430f5/MiniRaftClusterWithGrpc6b9d6d2d/s2/fd8814ef-b2fd-4859-a487-436914476215/current/raft-meta with options [REPLACE_EXISTING]
2024-10-20 10:44:20,902 [grpc-default-executor-1] INFO  server.RaftServer$Division (RaftServerImpl.java:requestVote(1480)) - s2@group-436914476215 replies to ELECTION vote request: s0<-s2#0:OK-t4. Peer's state: s2@group-436914476215:t4, leader=null, voted=s0, raftlog=Memoized:s2@group-436914476215-SegmentedRaftLog:OPENED:c4:last(t:3, i:4), conf=conf: {index: 3, cur=peers:[s0|localhost:15252, s1|localhost:15256, s2|localhost:15260]|listeners:[], old=null}
2024-10-20 10:44:20,902 [grpc-default-executor-4] INFO  server.GrpcLogAppender (GrpcLogAppender.java:onCompleted(559)) - s1@group-436914476215->s2-AppendLogResponseHandler: follower responses appendEntries COMPLETED
2024-10-20 10:44:20,903 [grpc-default-executor-11] TRACE util.FileUtils (LogUtils.java:runAndLog(49)) - Successfully ran Atomic Files.move /home/runner/work/ratis/ratis/ratis-test/target/test/data/d69430f5/MiniRaftClusterWithGrpc6b9d6d2d/s1/fd8814ef-b2fd-4859-a487-436914476215/current/raft-meta.tmp to /home/runner/work/ratis/ratis/ratis-test/target/test/data/d69430f5/MiniRaftClusterWithGrpc6b9d6d2d/s1/fd8814ef-b2fd-4859-a487-436914476215/current/raft-meta with options [REPLACE_EXISTING]
2024-10-20 10:44:20,903 [grpc-default-executor-11] INFO  server.RaftServer$Division (RaftServerImpl.java:requestVote(1480)) - s1@group-436914476215 replies to ELECTION vote request: s0<-s1#0:OK-t4. Peer's state: s1@group-436914476215:t4, leader=null, voted=s0, raftlog=Memoized:s1@group-436914476215-SegmentedRaftLog:OPENED:c4:last(t:3, i:4), conf=conf: {index: 3, cur=peers:[s0|localhost:15252, s1|localhost:15256, s2|localhost:15260]|listeners:[], old=null}
2024-10-20 10:44:20,904 [s0@group-436914476215-LeaderElection73] INFO  impl.LeaderElection (LeaderElection.java:logAndReturn(90)) - s0@group-436914476215-LeaderElection73: ELECTION PASSED received 1 response(s) and 0 exception(s):
2024-10-20 10:44:20,904 [s0@group-436914476215-LeaderElection73] INFO  impl.LeaderElection (LeaderElection.java:logAndReturn(94)) -   Response 0: s0<-s1#0:OK-t4
2024-10-20 10:44:20,904 [s0@group-436914476215-LeaderElection73] INFO  impl.LeaderElection (LeaderElection.java:askForVotes(335)) - s0@group-436914476215-LeaderElection73 ELECTION round 0: result PASSED
2024-10-20 10:44:20,904 [s0@group-436914476215-LeaderElection73] INFO  impl.RoleInfo (RoleInfo.java:shutdownLeaderElection(141)) - s0: shutdown s0@group-436914476215-LeaderElection73
2024-10-20 10:44:20,904 [s0@group-436914476215-LeaderElection73] INFO  server.RaftServer$Division (RaftServerImpl.java:setRole(380)) - s0@group-436914476215: changes role from CANDIDATE to LEADER at term 4 for changeToLeader
2024-10-20 10:44:20,904 [s0@group-436914476215-LeaderElection73] INFO  server.RaftServerConfigKeys (ConfUtils.java:logGet(46)) - raft.server.staging.catchup.gap = 1000 (default)
2024-10-20 10:44:20,904 [s0@group-436914476215-LeaderElection73] INFO  server.RaftServerConfigKeys (ConfUtils.java:logGet(46)) - raft.server.write.element-limit = 4096 (default)
2024-10-20 10:44:20,904 [s0@group-436914476215-LeaderElection73] INFO  server.RaftServerConfigKeys (ConfUtils.java:logGet(46)) - raft.server.write.byte-limit = 64MB (=67108864) (default)
2024-10-20 10:44:20,904 [s0@group-436914476215-LeaderElection73] INFO  server.RaftServerConfigKeys (ConfUtils.java:logGet(46)) - raft.server.watch.timeout = 10s (default)
2024-10-20 10:44:20,904 [s0@group-436914476215-LeaderElection73] INFO  server.RaftServerConfigKeys (ConfUtils.java:logGet(46)) - raft.server.watch.timeout.denomination = 1s (default)
2024-10-20 10:44:20,904 [s0@group-436914476215-LeaderElection73] INFO  server.RaftServerConfigKeys (ConfUtils.java:logGet(46)) - raft.server.watch.element-limit = 65536 (default)
2024-10-20 10:44:20,904 [s0@group-436914476215-LeaderElection73] INFO  server.RaftServerConfigKeys (ConfUtils.java:logGet(46)) - raft.server.read.leader.lease.enabled = true (custom)
2024-10-20 10:44:20,904 [s0@group-436914476215-LeaderElection73] INFO  server.RaftServerConfigKeys (ConfUtils.java:logGet(46)) - raft.server.read.leader.lease.timeout.ratio = 0.5 (custom)
2024-10-20 10:44:20,904 [s0@group-436914476215-LeaderElection73] INFO  server.RaftServerConfigKeys (ConfUtils.java:logGet(46)) - raft.server.rpc.timeout.min = 150ms (default)
2024-10-20 10:44:20,905 [s0@group-436914476215-LeaderElection73] INFO  server.RaftServerConfigKeys (ConfUtils.java:logGet(46)) - raft.server.log.log-metadata.enabled = true (default)
2024-10-20 10:44:20,905 [s0@group-436914476215-LeaderElection73] INFO  server.RaftServerConfigKeys (ConfUtils.java:logGet(46)) - raft.server.write.element-limit = 4096 (default)
2024-10-20 10:44:20,905 [s0@group-436914476215-LeaderElection73] INFO  server.RaftServerConfigKeys (ConfUtils.java:logGet(46)) - raft.server.write.follower.gap.ratio.max = -1.0 (default)
2024-10-20 10:44:20,905 [s0@group-436914476215-LeaderElection73] INFO  server.RaftServerConfigKeys (ConfUtils.java:logGet(46)) - raft.server.log.appender.snapshot.chunk.size.max = 16MB (=16777216) (default)
2024-10-20 10:44:20,905 [s0@group-436914476215-LeaderElection73] INFO  server.RaftServerConfigKeys (ConfUtils.java:logGet(46)) - raft.server.log.appender.buffer.byte-limit = 4MB (=4194304) (default)
2024-10-20 10:44:20,905 [s0@group-436914476215-LeaderElection73] INFO  server.RaftServerConfigKeys (ConfUtils.java:logGet(46)) - raft.server.log.appender.buffer.element-limit = 0 (default)
2024-10-20 10:44:20,905 [s0@group-436914476215-LeaderElection73] INFO  server.RaftServerConfigKeys (ConfUtils.java:logGet(46)) - raft.server.log.appender.wait-time.min = 1ms (default)
2024-10-20 10:44:20,905 [s0@group-436914476215-LeaderElection73] INFO  grpc.GrpcConfigKeys (ConfUtils.java:logGet(46)) - raft.grpc.server.leader.outstanding.appends.max = 8 (default)
2024-10-20 10:44:20,905 [s0@group-436914476215-LeaderElection73] INFO  server.RaftServerConfigKeys (ConfUtils.java:logGet(46)) - raft.server.rpc.request.timeout = 3000ms (default)
2024-10-20 10:44:20,905 [s0@group-436914476215-LeaderElection73] INFO  grpc.GrpcConfigKeys (ConfUtils.java:logGet(46)) - raft.grpc.server.install_snapshot.request.element-limit = 8 (default)
2024-10-20 10:44:20,905 [s0@group-436914476215-LeaderElection73] INFO  grpc.GrpcConfigKeys (ConfUtils.java:logGet(46)) - raft.grpc.server.install_snapshot.request.timeout = 3000ms (default)
2024-10-20 10:44:20,905 [s0@group-436914476215-LeaderElection73] INFO  grpc.GrpcConfigKeys (ConfUtils.java:logGet(46)) - raft.grpc.server.log-message.batch.duration = 5s (default)
2024-10-20 10:44:20,905 [s0@group-436914476215-LeaderElection73] INFO  server.RaftServerConfigKeys (ConfUtils.java:logGet(46)) - raft.server.log.appender.install.snapshot.enabled = true (default)
2024-10-20 10:44:20,905 [s0@group-436914476215-LeaderElection73] INFO  grpc.GrpcConfigKeys (ConfUtils.java:logGet(46)) - raft.grpc.server.heartbeat.channel = true (default)
2024-10-20 10:44:20,905 [s0@group-436914476215-LeaderElection73] INFO  server.RaftServerConfigKeys (ConfUtils.java:logGet(46)) - raft.server.log.appender.snapshot.chunk.size.max = 16MB (=16777216) (default)
2024-10-20 10:44:20,905 [s0@group-436914476215-LeaderElection73] INFO  server.RaftServerConfigKeys (ConfUtils.java:logGet(46)) - raft.server.log.appender.buffer.byte-limit = 4MB (=4194304) (default)
2024-10-20 10:44:20,906 [s0@group-436914476215-LeaderElection73] INFO  server.RaftServerConfigKeys (ConfUtils.java:logGet(46)) - raft.server.log.appender.buffer.element-limit = 0 (default)
2024-10-20 10:44:20,906 [s0@group-436914476215-LeaderElection73] INFO  server.RaftServerConfigKeys (ConfUtils.java:logGet(46)) - raft.server.log.appender.wait-time.min = 1ms (default)
2024-10-20 10:44:20,906 [s0@group-436914476215-LeaderElection73] INFO  grpc.GrpcConfigKeys (ConfUtils.java:logGet(46)) - raft.grpc.server.leader.outstanding.appends.max = 8 (default)
2024-10-20 10:44:20,906 [s0@group-436914476215-LeaderElection73] INFO  server.RaftServerConfigKeys (ConfUtils.java:logGet(46)) - raft.server.rpc.request.timeout = 3000ms (default)
2024-10-20 10:44:20,906 [s0@group-436914476215-LeaderElection73] INFO  grpc.GrpcConfigKeys (ConfUtils.java:logGet(46)) - raft.grpc.server.install_snapshot.request.element-limit = 8 (default)
2024-10-20 10:44:20,906 [s0@group-436914476215-LeaderElection73] INFO  grpc.GrpcConfigKeys (ConfUtils.java:logGet(46)) - raft.grpc.server.install_snapshot.request.timeout = 3000ms (default)
2024-10-20 10:44:20,906 [s0@group-436914476215-LeaderElection73] INFO  grpc.GrpcConfigKeys (ConfUtils.java:logGet(46)) - raft.grpc.server.log-message.batch.duration = 5s (default)
2024-10-20 10:44:20,906 [s0@group-436914476215-LeaderElection73] INFO  server.RaftServerConfigKeys (ConfUtils.java:logGet(46)) - raft.server.log.appender.install.snapshot.enabled = true (default)
2024-10-20 10:44:20,906 [s0@group-436914476215-LeaderElection73] INFO  grpc.GrpcConfigKeys (ConfUtils.java:logGet(46)) - raft.grpc.server.heartbeat.channel = true (default)
2024-10-20 10:44:20,906 [s0@group-436914476215-LeaderElection73] INFO  impl.RoleInfo (RoleInfo.java:updateAndGet(148)) - s0: start s0@group-436914476215-LeaderStateImpl
2024-10-20 10:44:20,906 [s0@group-436914476215-LeaderElection73] INFO  server.RaftServer$Division (ServerState.java:setLeader(272)) - s0@group-436914476215: change Leader from null to s0 at term 4 for becomeLeader, leader elected after 10ms
2024-10-20 10:44:20,906 [s0@group-436914476215-LeaderElection73] INFO  segmented.SegmentedRaftLogWorker (SegmentedRaftLogWorker.java:rollLogSegment(447)) - s0@group-436914476215-SegmentedRaftLogWorker: Rolling segment log-3_4 to index:4
2024-10-20 10:44:20,906 [s0@group-436914476215-LeaderElection73] INFO  server.RaftServer$Division (ServerState.java:setRaftConf(386)) - s0@group-436914476215: set configuration conf: {index: 5, cur=peers:[s0|localhost:15252, s1|localhost:15256, s2|localhost:15260]|listeners:[], old=null}
2024-10-20 10:44:20,907 [s0@group-436914476215-SegmentedRaftLogWorker] TRACE util.FileUtils (LogUtils.java:runAndLog(49)) - Successfully ran Atomic Files.move /home/runner/work/ratis/ratis/ratis-test/target/test/data/d69430f5/MiniRaftClusterWithGrpc6b9d6d2d/s0/fd8814ef-b2fd-4859-a487-436914476215/current/log_inprogress_3 to /home/runner/work/ratis/ratis/ratis-test/target/test/data/d69430f5/MiniRaftClusterWithGrpc6b9d6d2d/s0/fd8814ef-b2fd-4859-a487-436914476215/current/log_3-4
2024-10-20 10:44:20,907 [s0@group-436914476215-SegmentedRaftLogWorker] INFO  segmented.SegmentedRaftLogWorker (SegmentedRaftLogWorker.java:execute(620)) - s0@group-436914476215-SegmentedRaftLogWorker: Rolled log segment from /home/runner/work/ratis/ratis/ratis-test/target/test/data/d69430f5/MiniRaftClusterWithGrpc6b9d6d2d/s0/fd8814ef-b2fd-4859-a487-436914476215/current/log_inprogress_3 to /home/runner/work/ratis/ratis/ratis-test/target/test/data/d69430f5/MiniRaftClusterWithGrpc6b9d6d2d/s0/fd8814ef-b2fd-4859-a487-436914476215/current/log_3-4
2024-10-20 10:44:20,908 [s0@group-436914476215-SegmentedRaftLogWorker] INFO  segmented.BufferedWriteChannel (BufferedWriteChannel.java:open(61)) - open log_inprogress_5 at position 0
2024-10-20 10:44:20,911 [s2-server-thread2] INFO  server.RaftServer$Division (ServerState.java:setLeader(272)) - s2@group-436914476215: change Leader from null to s0 at term 4 for appendEntries, leader elected after 10ms
2024-10-20 10:44:20,912 [s1-server-thread2] INFO  server.RaftServer$Division (ServerState.java:setLeader(272)) - s1@group-436914476215: change Leader from null to s0 at term 4 for appendEntries, leader elected after 9ms
2024-10-20 10:44:20,913 [s2-server-thread3] DEBUG server.RaftServer$Division (RaftServerImpl.java:logAppendEntries(1549)) - s2@group-436914476215: appendEntries* s0->s2#1-t4,previous=(t:3, i:4),leaderCommit=4,initializing? false,entries: size=1, first=(t:4, i:5), CONFIGURATIONENTRY(current:id:"s0"address:"localhost:15252"dataStreamAddress:"localhost:15255"clientAddress:"localhost:15254"adminAddress:"localhost:15253"startupRole:FOLLOWER, id:"s1"address:"localhost:15256"dataStreamAddress:"localhost:15259"clientAddress:"localhost:15258"adminAddress:"localhost:15257"startupRole:FOLLOWER, id:"s2"address:"localhost:15260"dataStreamAddress:"localhost:15263"clientAddress:"localhost:15262"adminAddress:"localhost:15261"startupRole:FOLLOWER, old:)
2024-10-20 10:44:20,914 [s2-server-thread3] INFO  server.RaftServer$Division (ServerState.java:setRaftConf(386)) - s2@group-436914476215: set configuration conf: {index: 5, cur=peers:[s0|localhost:15252, s1|localhost:15256, s2|localhost:15260]|listeners:[], old=null}
2024-10-20 10:44:20,914 [s2-server-thread3] INFO  segmented.SegmentedRaftLogWorker (SegmentedRaftLogWorker.java:rollLogSegment(447)) - s2@group-436914476215-SegmentedRaftLogWorker: Rolling segment log-3_4 to index:4
2024-10-20 10:44:20,914 [s1-server-thread1] DEBUG server.RaftServer$Division (RaftServerImpl.java:logAppendEntries(1549)) - s1@group-436914476215: appendEntries* s0->s1#1-t4,previous=(t:3, i:4),leaderCommit=4,initializing? false,entries: size=1, first=(t:4, i:5), CONFIGURATIONENTRY(current:id:"s0"address:"localhost:15252"dataStreamAddress:"localhost:15255"clientAddress:"localhost:15254"adminAddress:"localhost:15253"startupRole:FOLLOWER, id:"s1"address:"localhost:15256"dataStreamAddress:"localhost:15259"clientAddress:"localhost:15258"adminAddress:"localhost:15257"startupRole:FOLLOWER, id:"s2"address:"localhost:15260"dataStreamAddress:"localhost:15263"clientAddress:"localhost:15262"adminAddress:"localhost:15261"startupRole:FOLLOWER, old:)
2024-10-20 10:44:20,914 [s1-server-thread1] INFO  server.RaftServer$Division (ServerState.java:setRaftConf(386)) - s1@group-436914476215: set configuration conf: {index: 5, cur=peers:[s0|localhost:15252, s1|localhost:15256, s2|localhost:15260]|listeners:[], old=null}
2024-10-20 10:44:20,914 [s1-server-thread1] INFO  segmented.SegmentedRaftLogWorker (SegmentedRaftLogWorker.java:rollLogSegment(447)) - s1@group-436914476215-SegmentedRaftLogWorker: Rolling segment log-3_4 to index:4
2024-10-20 10:44:20,915 [s2@group-436914476215-SegmentedRaftLogWorker] TRACE util.FileUtils (LogUtils.java:runAndLog(49)) - Successfully ran Atomic Files.move /home/runner/work/ratis/ratis/ratis-test/target/test/data/d69430f5/MiniRaftClusterWithGrpc6b9d6d2d/s2/fd8814ef-b2fd-4859-a487-436914476215/current/log_inprogress_3 to /home/runner/work/ratis/ratis/ratis-test/target/test/data/d69430f5/MiniRaftClusterWithGrpc6b9d6d2d/s2/fd8814ef-b2fd-4859-a487-436914476215/current/log_3-4
2024-10-20 10:44:20,915 [s2@group-436914476215-SegmentedRaftLogWorker] INFO  segmented.SegmentedRaftLogWorker (SegmentedRaftLogWorker.java:execute(620)) - s2@group-436914476215-SegmentedRaftLogWorker: Rolled log segment from /home/runner/work/ratis/ratis/ratis-test/target/test/data/d69430f5/MiniRaftClusterWithGrpc6b9d6d2d/s2/fd8814ef-b2fd-4859-a487-436914476215/current/log_inprogress_3 to /home/runner/work/ratis/ratis/ratis-test/target/test/data/d69430f5/MiniRaftClusterWithGrpc6b9d6d2d/s2/fd8814ef-b2fd-4859-a487-436914476215/current/log_3-4
2024-10-20 10:44:20,915 [s2@group-436914476215-SegmentedRaftLogWorker] INFO  segmented.BufferedWriteChannel (BufferedWriteChannel.java:open(61)) - open log_inprogress_5 at position 0
2024-10-20 10:44:20,916 [s1@group-436914476215-SegmentedRaftLogWorker] TRACE util.FileUtils (LogUtils.java:runAndLog(49)) - Successfully ran Atomic Files.move /home/runner/work/ratis/ratis/ratis-test/target/test/data/d69430f5/MiniRaftClusterWithGrpc6b9d6d2d/s1/fd8814ef-b2fd-4859-a487-436914476215/current/log_inprogress_3 to /home/runner/work/ratis/ratis/ratis-test/target/test/data/d69430f5/MiniRaftClusterWithGrpc6b9d6d2d/s1/fd8814ef-b2fd-4859-a487-436914476215/current/log_3-4
2024-10-20 10:44:20,916 [s1@group-436914476215-SegmentedRaftLogWorker] INFO  segmented.SegmentedRaftLogWorker (SegmentedRaftLogWorker.java:execute(620)) - s1@group-436914476215-SegmentedRaftLogWorker: Rolled log segment from /home/runner/work/ratis/ratis/ratis-test/target/test/data/d69430f5/MiniRaftClusterWithGrpc6b9d6d2d/s1/fd8814ef-b2fd-4859-a487-436914476215/current/log_inprogress_3 to /home/runner/work/ratis/ratis/ratis-test/target/test/data/d69430f5/MiniRaftClusterWithGrpc6b9d6d2d/s1/fd8814ef-b2fd-4859-a487-436914476215/current/log_3-4
2024-10-20 10:44:20,916 [s1@group-436914476215-SegmentedRaftLogWorker] INFO  segmented.BufferedWriteChannel (BufferedWriteChannel.java:open(61)) - open log_inprogress_5 at position 0
2024-10-20 10:44:20,918 [s0@group-436914476215-SegmentedRaftLogWorker] INFO  segmented.SegmentedRaftLogWorker (SegmentedRaftLogWorker.java:execute(663)) - s0@group-436914476215-SegmentedRaftLogWorker: created new log segment /home/runner/work/ratis/ratis/ratis-test/target/test/data/d69430f5/MiniRaftClusterWithGrpc6b9d6d2d/s0/fd8814ef-b2fd-4859-a487-436914476215/current/log_inprogress_5
2024-10-20 10:44:20,927 [s2@group-436914476215-SegmentedRaftLogWorker] INFO  segmented.SegmentedRaftLogWorker (SegmentedRaftLogWorker.java:execute(663)) - s2@group-436914476215-SegmentedRaftLogWorker: created new log segment /home/runner/work/ratis/ratis/ratis-test/target/test/data/d69430f5/MiniRaftClusterWithGrpc6b9d6d2d/s2/fd8814ef-b2fd-4859-a487-436914476215/current/log_inprogress_5
2024-10-20 10:44:20,927 [s2-server-thread3] DEBUG server.RaftServer$Division (RaftServerImpl.java:logAppendEntries(1549)) - s2@group-436914476215: appendEntries* reply s0<-s2#1:OK-t4,SUCCESS,nextIndex=6,followerCommit=4,matchIndex=5
2024-10-20 10:44:20,928 [s1@group-436914476215-SegmentedRaftLogWorker] INFO  segmented.SegmentedRaftLogWorker (SegmentedRaftLogWorker.java:execute(663)) - s1@group-436914476215-SegmentedRaftLogWorker: created new log segment /home/runner/work/ratis/ratis/ratis-test/target/test/data/d69430f5/MiniRaftClusterWithGrpc6b9d6d2d/s1/fd8814ef-b2fd-4859-a487-436914476215/current/log_inprogress_5
2024-10-20 10:44:20,928 [s0@group-436914476215-StateMachineUpdater] TRACE util.FileUtils (LogUtils.java:supplyAndLog(69)) - Successfully supplied FileChannel.open /home/runner/work/ratis/ratis/ratis-test/target/test/data/d69430f5/MiniRaftClusterWithGrpc6b9d6d2d/s0/fd8814ef-b2fd-4859-a487-436914476215/current/raft-meta.conf.tmp with options [CREATE, WRITE]: sun.nio.ch.FileChannelImpl@551ecb39
2024-10-20 10:44:20,928 [s1-server-thread1] DEBUG server.RaftServer$Division (RaftServerImpl.java:logAppendEntries(1549)) - s1@group-436914476215: appendEntries* reply s0<-s1#1:OK-t4,SUCCESS,nextIndex=6,followerCommit=4,matchIndex=5
2024-10-20 10:44:20,929 [s2-server-thread3] DEBUG server.RaftServer$Division (RaftServerImpl.java:logAppendEntries(1549)) - s2@group-436914476215: appendEntries* s0->s2#2-t4,previous=(t:4, i:5),leaderCommit=5,initializing? false,entries: size=1, first=(t:4, i:6), METADATAENTRY(c:5)
2024-10-20 10:44:20,929 [s2-server-thread3] DEBUG server.RaftServer$Division (RaftServerImpl.java:logAppendEntries(1549)) - s2@group-436914476215: appendEntries* reply s0<-s2#2:OK-t4,SUCCESS,nextIndex=7,followerCommit=5,matchIndex=6
2024-10-20 10:44:20,929 [s1-server-thread1] DEBUG server.RaftServer$Division (RaftServerImpl.java:logAppendEntries(1549)) - s1@group-436914476215: appendEntries* s0->s1#2-t4,previous=(t:4, i:5),leaderCommit=5,initializing? false,entries: size=1, first=(t:4, i:6), METADATAENTRY(c:5)
2024-10-20 10:44:20,929 [s2@group-436914476215-StateMachineUpdater] TRACE util.FileUtils (LogUtils.java:supplyAndLog(69)) - Successfully supplied FileChannel.open /home/runner/work/ratis/ratis/ratis-test/target/test/data/d69430f5/MiniRaftClusterWithGrpc6b9d6d2d/s2/fd8814ef-b2fd-4859-a487-436914476215/current/raft-meta.conf.tmp with options [CREATE, WRITE]: sun.nio.ch.FileChannelImpl@328f8f53
2024-10-20 10:44:20,930 [s0@group-436914476215-StateMachineUpdater] TRACE util.FileUtils (LogUtils.java:runAndLog(49)) - Successfully ran Atomic Files.move /home/runner/work/ratis/ratis/ratis-test/target/test/data/d69430f5/MiniRaftClusterWithGrpc6b9d6d2d/s0/fd8814ef-b2fd-4859-a487-436914476215/current/raft-meta.conf.tmp to /home/runner/work/ratis/ratis/ratis-test/target/test/data/d69430f5/MiniRaftClusterWithGrpc6b9d6d2d/s0/fd8814ef-b2fd-4859-a487-436914476215/current/raft-meta.conf with options [REPLACE_EXISTING]
2024-10-20 10:44:20,930 [s0@group-436914476215-StateMachineUpdater] INFO  server.RaftServer$Division (LeaderStateImpl.java:checkStartIndex(314)) - Leader s0@group-436914476215-LeaderStateImpl is ready since appliedIndex == startIndex == 5
2024-10-20 10:44:20,930 [s1-server-thread1] DEBUG server.RaftServer$Division (RaftServerImpl.java:logAppendEntries(1549)) - s1@group-436914476215: appendEntries* reply s0<-s1#2:OK-t4,SUCCESS,nextIndex=7,followerCommit=5,matchIndex=6
2024-10-20 10:44:20,930 [s1@group-436914476215-StateMachineUpdater] TRACE util.FileUtils (LogUtils.java:supplyAndLog(69)) - Successfully supplied FileChannel.open /home/runner/work/ratis/ratis/ratis-test/target/test/data/d69430f5/MiniRaftClusterWithGrpc6b9d6d2d/s1/fd8814ef-b2fd-4859-a487-436914476215/current/raft-meta.conf.tmp with options [CREATE, WRITE]: sun.nio.ch.FileChannelImpl@34503de3
2024-10-20 10:44:20,932 [s2@group-436914476215-StateMachineUpdater] TRACE util.FileUtils (LogUtils.java:runAndLog(49)) - Successfully ran Atomic Files.move /home/runner/work/ratis/ratis/ratis-test/target/test/data/d69430f5/MiniRaftClusterWithGrpc6b9d6d2d/s2/fd8814ef-b2fd-4859-a487-436914476215/current/raft-meta.conf.tmp to /home/runner/work/ratis/ratis/ratis-test/target/test/data/d69430f5/MiniRaftClusterWithGrpc6b9d6d2d/s2/fd8814ef-b2fd-4859-a487-436914476215/current/raft-meta.conf with options [REPLACE_EXISTING]
2024-10-20 10:44:20,932 [main] INFO  server.RaftServerConfigKeys (ConfUtils.java:logGet(46)) - raft.server.rpc.timeout.max = 300ms (default)
2024-10-20 10:44:20,932 [main] INFO  ratis.RaftTestUtil (RaftTestUtil.java:waitForLeader(107)) - printing ALL groups
  s0:  RUNNING    LEADER s0@group-436914476215:t4, leader=s0, voted=s0, raftlog=Memoized:s0@group-436914476215-SegmentedRaftLog:OPENED:c6:last(t:4, i:6), conf=conf: {index: 5, cur=peers:[s0|localhost:15252, s1|localhost:15256, s2|localhost:15260]|listeners:[], old=null} RUNNING
  s1:  RUNNING  FOLLOWER s1@group-436914476215:t4, leader=s0, voted=s0, raftlog=Memoized:s1@group-436914476215-SegmentedRaftLog:OPENED:c5:last(t:4, i:6), conf=conf: {index: 5, cur=peers:[s0|localhost:15252, s1|localhost:15256, s2|localhost:15260]|listeners:[], old=null} RUNNING
  s2:  RUNNING  FOLLOWER s2@group-436914476215:t4, leader=s0, voted=s0, raftlog=Memoized:s2@group-436914476215-SegmentedRaftLog:OPENED:c5:last(t:4, i:6), conf=conf: {index: 5, cur=peers:[s0|localhost:15252, s1|localhost:15256, s2|localhost:15260]|listeners:[], old=null} RUNNING
2024-10-20 10:44:20,932 [s1@group-436914476215-StateMachineUpdater] TRACE util.FileUtils (LogUtils.java:runAndLog(49)) - Successfully ran Atomic Files.move /home/runner/work/ratis/ratis/ratis-test/target/test/data/d69430f5/MiniRaftClusterWithGrpc6b9d6d2d/s1/fd8814ef-b2fd-4859-a487-436914476215/current/raft-meta.conf.tmp to /home/runner/work/ratis/ratis/ratis-test/target/test/data/d69430f5/MiniRaftClusterWithGrpc6b9d6d2d/s1/fd8814ef-b2fd-4859-a487-436914476215/current/raft-meta.conf with options [REPLACE_EXISTING]
2024-10-20 10:44:20,932 [main] INFO  ratis.RaftTestUtil (RaftTestUtil.java:waitForLeader(131)) - printing ALL groups
  s0:  RUNNING    LEADER s0@group-436914476215:t4, leader=s0, voted=s0, raftlog=Memoized:s0@group-436914476215-SegmentedRaftLog:OPENED:c6:last(t:4, i:6), conf=conf: {index: 5, cur=peers:[s0|localhost:15252, s1|localhost:15256, s2|localhost:15260]|listeners:[], old=null} RUNNING
  s1:  RUNNING  FOLLOWER s1@group-436914476215:t4, leader=s0, voted=s0, raftlog=Memoized:s1@group-436914476215-SegmentedRaftLog:OPENED:c5:last(t:4, i:6), conf=conf: {index: 5, cur=peers:[s0|localhost:15252, s1|localhost:15256, s2|localhost:15260]|listeners:[], old=null} RUNNING
  s2:  RUNNING  FOLLOWER s2@group-436914476215:t4, leader=s0, voted=s0, raftlog=Memoized:s2@group-436914476215-SegmentedRaftLog:OPENED:c5:last(t:4, i:6), conf=conf: {index: 5, cur=peers:[s0|localhost:15252, s1|localhost:15256, s2|localhost:15260]|listeners:[], old=null} RUNNING
2024-10-20 10:44:20,932 [main] INFO  ratis.RaftTestUtil (RaftTestUtil.java:lambda$changeLeader$14(485)) - Changed leader from s1 to s0
2024-10-20 10:44:20,933 [timer0] WARN  server.GrpcLogAppender (GrpcLogAppender.java:timeoutAppendRequest(450)) - s1@group-D48E91F9973E->s0-GrpcLogAppender: Timed out HEARTBEAT appendEntries, errorCount=3, request=AppendEntriesRequest:cid=13,entriesCount=0
2024-10-20 10:44:20,933 [main] INFO  util.CodeInjectionForTesting (BlockRequestHandlingInjection.java:unblockRequestor(54)) - UnBlock requestor s1
2024-10-20 10:44:20,933 [main] INFO  util.CodeInjectionForTesting (BlockRequestHandlingInjection.java:blockRequestor(49)) - Block requestor s0
2024-10-20 10:44:20,933 [main] INFO  server.RaftServerConfigKeys (ConfUtils.java:logGet(46)) - raft.server.rpc.timeout.max = 300ms (default)
2024-10-20 10:44:20,933 [main] INFO  ratis.RaftTestUtil (RaftTestUtil.java:waitForLeader(107)) - printing ALL groups
  s0:  RUNNING    LEADER s0@group-436914476215:t4, leader=s0, voted=s0, raftlog=Memoized:s0@group-436914476215-SegmentedRaftLog:OPENED:c6:last(t:4, i:6), conf=conf: {index: 5, cur=peers:[s0|localhost:15252, s1|localhost:15256, s2|localhost:15260]|listeners:[], old=null} RUNNING
  s1:  RUNNING  FOLLOWER s1@group-436914476215:t4, leader=s0, voted=s0, raftlog=Memoized:s1@group-436914476215-SegmentedRaftLog:OPENED:c5:last(t:4, i:6), conf=conf: {index: 5, cur=peers:[s0|localhost:15252, s1|localhost:15256, s2|localhost:15260]|listeners:[], old=null} RUNNING
  s2:  RUNNING  FOLLOWER s2@group-436914476215:t4, leader=s0, voted=s0, raftlog=Memoized:s2@group-436914476215-SegmentedRaftLog:OPENED:c5:last(t:4, i:6), conf=conf: {index: 5, cur=peers:[s0|localhost:15252, s1|localhost:15256, s2|localhost:15260]|listeners:[], old=null} RUNNING
2024-10-20 10:44:20,934 [main] INFO  ratis.RaftTestUtil (RaftTestUtil.java:waitForLeader(131)) - printing ALL groups
  s0:  RUNNING    LEADER s0@group-436914476215:t4, leader=s0, voted=s0, raftlog=Memoized:s0@group-436914476215-SegmentedRaftLog:OPENED:c6:last(t:4, i:6), conf=conf: {index: 5, cur=peers:[s0|localhost:15252, s1|localhost:15256, s2|localhost:15260]|listeners:[], old=null} RUNNING
  s1:  RUNNING  FOLLOWER s1@group-436914476215:t4, leader=s0, voted=s0, raftlog=Memoized:s1@group-436914476215-SegmentedRaftLog:OPENED:c5:last(t:4, i:6), conf=conf: {index: 5, cur=peers:[s0|localhost:15252, s1|localhost:15256, s2|localhost:15260]|listeners:[], old=null} RUNNING
  s2:  RUNNING  FOLLOWER s2@group-436914476215:t4, leader=s0, voted=s0, raftlog=Memoized:s2@group-436914476215-SegmentedRaftLog:OPENED:c5:last(t:4, i:6), conf=conf: {index: 5, cur=peers:[s0|localhost:15252, s1|localhost:15256, s2|localhost:15260]|listeners:[], old=null} RUNNING
2024-10-20 10:44:20,934 [main] WARN  ratis.RaftTestUtil (JavaUtils.java:attempt(231)) - FAILED "runTestChangeLeader-changeLeader", attempt #1/20, sleep 100ms and then retry: java.lang.IllegalStateException: Failed to change leader: newLeader == oldLeader == s0
2024-10-20 10:44:20,934 [timer1] WARN  server.GrpcLogAppender (GrpcLogAppender.java:timeoutAppendRequest(450)) - s1@group-D48E91F9973E->s2-GrpcLogAppender: Timed out HEARTBEAT appendEntries, errorCount=3, request=AppendEntriesRequest:cid=11,entriesCount=0
2024-10-20 10:44:20,970 [timer0] WARN  server.GrpcLogAppender (GrpcLogAppender.java:timeoutAppendRequest(450)) - s1@group-D48E91F9973E->s0-GrpcLogAppender: Timed out HEARTBEAT appendEntries, errorCount=4, request=AppendEntriesRequest:cid=14,entriesCount=0
2024-10-20 10:44:20,972 [timer1] WARN  server.GrpcLogAppender (GrpcLogAppender.java:timeoutAppendRequest(450)) - s1@group-D48E91F9973E->s2-GrpcLogAppender: Timed out HEARTBEAT appendEntries, errorCount=4, request=AppendEntriesRequest:cid=12,entriesCount=0
2024-10-20 10:44:21,007 [s2-server-thread3] INFO  util.CodeInjectionForTesting (BlockRequestHandlingInjection.java:execute(77)) - s2: Block request from s0
2024-10-20 10:44:21,007 [s1-server-thread1] INFO  util.CodeInjectionForTesting (BlockRequestHandlingInjection.java:execute(77)) - s1: Block request from s0
2024-10-20 10:44:21,008 [timer4] WARN  server.GrpcLogAppender (GrpcLogAppender.java:timeoutAppendRequest(450)) - s1@group-D48E91F9973E->s0-GrpcLogAppender: Timed out HEARTBEAT appendEntries, errorCount=5, request=AppendEntriesRequest:cid=15,entriesCount=0
2024-10-20 10:44:21,011 [timer5] WARN  server.GrpcLogAppender (GrpcLogAppender.java:timeoutAppendRequest(450)) - s1@group-D48E91F9973E->s2-GrpcLogAppender: Timed out HEARTBEAT appendEntries, errorCount=5, request=AppendEntriesRequest:cid=13,entriesCount=0
2024-10-20 10:44:21,034 [main] INFO  server.RaftServerConfigKeys (ConfUtils.java:logGet(46)) - raft.server.rpc.timeout.max = 300ms (default)
2024-10-20 10:44:21,034 [main] INFO  ratis.RaftTestUtil (RaftTestUtil.java:waitForLeader(107)) - printing ALL groups
  s0:  RUNNING    LEADER s0@group-436914476215:t4, leader=s0, voted=s0, raftlog=Memoized:s0@group-436914476215-SegmentedRaftLog:OPENED:c6:last(t:4, i:6), conf=conf: {index: 5, cur=peers:[s0|localhost:15252, s1|localhost:15256, s2|localhost:15260]|listeners:[], old=null} RUNNING
  s1:  RUNNING  FOLLOWER s1@group-436914476215:t4, leader=s0, voted=s0, raftlog=Memoized:s1@group-436914476215-SegmentedRaftLog:OPENED:c5:last(t:4, i:6), conf=conf: {index: 5, cur=peers:[s0|localhost:15252, s1|localhost:15256, s2|localhost:15260]|listeners:[], old=null} RUNNING
  s2:  RUNNING  FOLLOWER s2@group-436914476215:t4, leader=s0, voted=s0, raftlog=Memoized:s2@group-436914476215-SegmentedRaftLog:OPENED:c5:last(t:4, i:6), conf=conf: {index: 5, cur=peers:[s0|localhost:15252, s1|localhost:15256, s2|localhost:15260]|listeners:[], old=null} RUNNING
2024-10-20 10:44:21,035 [main] INFO  ratis.RaftTestUtil (RaftTestUtil.java:waitForLeader(131)) - printing ALL groups
  s0:  RUNNING    LEADER s0@group-436914476215:t4, leader=s0, voted=s0, raftlog=Memoized:s0@group-436914476215-SegmentedRaftLog:OPENED:c6:last(t:4, i:6), conf=conf: {index: 5, cur=peers:[s0|localhost:15252, s1|localhost:15256, s2|localhost:15260]|listeners:[], old=null} RUNNING
  s1:  RUNNING  FOLLOWER s1@group-436914476215:t4, leader=s0, voted=s0, raftlog=Memoized:s1@group-436914476215-SegmentedRaftLog:OPENED:c5:last(t:4, i:6), conf=conf: {index: 5, cur=peers:[s0|localhost:15252, s1|localhost:15256, s2|localhost:15260]|listeners:[], old=null} RUNNING
  s2:  RUNNING  FOLLOWER s2@group-436914476215:t4, leader=s0, voted=s0, raftlog=Memoized:s2@group-436914476215-SegmentedRaftLog:OPENED:c5:last(t:4, i:6), conf=conf: {index: 5, cur=peers:[s0|localhost:15252, s1|localhost:15256, s2|localhost:15260]|listeners:[], old=null} RUNNING
2024-10-20 10:44:21,035 [main] WARN  ratis.RaftTestUtil (JavaUtils.java:attempt(231)) - FAILED "runTestChangeLeader-changeLeader", attempt #2/20, sleep 100ms and then retry: java.lang.IllegalStateException: Failed to change leader: newLeader == oldLeader == s0
2024-10-20 10:44:21,045 [timer0] WARN  server.GrpcLogAppender (GrpcLogAppender.java:timeoutAppendRequest(450)) - s1@group-D48E91F9973E->s0-GrpcLogAppender: Timed out HEARTBEAT appendEntries, errorCount=6, request=AppendEntriesRequest:cid=16,entriesCount=0
2024-10-20 10:44:21,049 [timer5] WARN  server.GrpcLogAppender (GrpcLogAppender.java:timeoutAppendRequest(450)) - s1@group-D48E91F9973E->s2-GrpcLogAppender: Timed out HEARTBEAT appendEntries, errorCount=6, request=AppendEntriesRequest:cid=14,entriesCount=0
2024-10-20 10:44:21,072 [s2-server-thread1] INFO  util.CodeInjectionForTesting (BlockRequestHandlingInjection.java:execute(84)) - s2: unBlock request from s1
2024-10-20 10:44:21,072 [s2-server-thread1] WARN  server.RaftServer$Division (ServerState.java:recognizeLeader(331)) - s2@group-436914476215: Failed to recognize s1 as leader for APPEND_ENTRIES since peerTerm = 3 < currentTerm = 4
2024-10-20 10:44:21,073 [grpc-default-executor-4] WARN  server.GrpcLogAppender (GrpcLogAppender.java:onNextImpl(521)) - s1@group-436914476215->s2-AppendLogResponseHandler: received NOT_LEADER reply with term 4
2024-10-20 10:44:21,073 [s2-server-thread1] WARN  server.RaftServer$Division (ServerState.java:recognizeLeader(331)) - s2@group-436914476215: Failed to recognize s1 as leader for APPEND_ENTRIES since peerTerm = 3 < currentTerm = 4
2024-10-20 10:44:21,073 [grpc-default-executor-4] WARN  server.GrpcLogAppender (GrpcLogAppender.java:onNextImpl(521)) - s1@group-436914476215->s2-AppendLogResponseHandler: received NOT_LEADER reply with term 4
2024-10-20 10:44:21,073 [s2-server-thread1] WARN  server.RaftServer$Division (ServerState.java:recognizeLeader(331)) - s2@group-436914476215: Failed to recognize s1 as leader for APPEND_ENTRIES since peerTerm = 3 < currentTerm = 4
2024-10-20 10:44:21,074 [grpc-default-executor-4] WARN  server.GrpcLogAppender (GrpcLogAppender.java:onNextImpl(521)) - s1@group-436914476215->s2-AppendLogResponseHandler: received NOT_LEADER reply with term 4
2024-10-20 10:44:21,074 [s2-server-thread1] WARN  server.RaftServer$Division (ServerState.java:recognizeLeader(331)) - s2@group-436914476215: Failed to recognize s1 as leader for APPEND_ENTRIES since peerTerm = 3 < currentTerm = 4
2024-10-20 10:44:21,074 [grpc-default-executor-3] INFO  server.GrpcServerProtocolService (GrpcServerProtocolService.java:onCompleted(200)) - s2: Completed APPEND_ENTRIES, lastRequest: null
2024-10-20 10:44:21,074 [grpc-default-executor-3] INFO  server.GrpcServerProtocolService (GrpcServerProtocolService.java:lambda$onCompleted$7(202)) - s2: Completed APPEND_ENTRIES, lastReply: serverReply {
  requestorId: "s1"
  replyId: "s2"
  raftGroupId {
    id: "\375\210\024\357\262\375HY\244\207Ci\024Gb\025"
  }
  callId: 13
}
term: 4
nextIndex: 7
result: NOT_LEADER
followerCommit: 5
matchIndex: 18446744073709551615
isHearbeat: true

2024-10-20 10:44:21,074 [grpc-default-executor-4] WARN  server.GrpcLogAppender (GrpcLogAppender.java:onNextImpl(521)) - s1@group-436914476215->s2-AppendLogResponseHandler: received NOT_LEADER reply with term 4
2024-10-20 10:44:21,074 [grpc-default-executor-4] INFO  server.GrpcLogAppender (GrpcLogAppender.java:onCompleted(559)) - s1@group-436914476215->s2-AppendLogResponseHandler: follower responses appendEntries COMPLETED
2024-10-20 10:44:21,077 [s0-server-thread3] INFO  util.CodeInjectionForTesting (BlockRequestHandlingInjection.java:execute(84)) - s0: unBlock request from s1
2024-10-20 10:44:21,077 [s0-server-thread3] WARN  server.RaftServer$Division (ServerState.java:recognizeLeader(331)) - s0@group-436914476215: Failed to recognize s1 as leader for APPEND_ENTRIES since peerTerm = 3 < currentTerm = 4
2024-10-20 10:44:21,078 [grpc-default-executor-4] WARN  server.GrpcLogAppender (GrpcLogAppender.java:onNextImpl(521)) - s1@group-436914476215->s0-AppendLogResponseHandler: received NOT_LEADER reply with term 4
2024-10-20 10:44:21,078 [s0-server-thread3] WARN  server.RaftServer$Division (ServerState.java:recognizeLeader(331)) - s0@group-436914476215: Failed to recognize s1 as leader for APPEND_ENTRIES since peerTerm = 3 < currentTerm = 4
2024-10-20 10:44:21,078 [grpc-default-executor-4] WARN  server.GrpcLogAppender (GrpcLogAppender.java:onNextImpl(521)) - s1@group-436914476215->s0-AppendLogResponseHandler: received NOT_LEADER reply with term 4
2024-10-20 10:44:21,078 [s0-server-thread3] WARN  server.RaftServer$Division (ServerState.java:recognizeLeader(331)) - s0@group-436914476215: Failed to recognize s1 as leader for APPEND_ENTRIES since peerTerm = 3 < currentTerm = 4
2024-10-20 10:44:21,078 [grpc-default-executor-4] WARN  server.GrpcLogAppender (GrpcLogAppender.java:onNextImpl(521)) - s1@group-436914476215->s0-AppendLogResponseHandler: received NOT_LEADER reply with term 4
2024-10-20 10:44:21,078 [s0-server-thread3] WARN  server.RaftServer$Division (ServerState.java:recognizeLeader(331)) - s0@group-436914476215: Failed to recognize s1 as leader for APPEND_ENTRIES since peerTerm = 3 < currentTerm = 4
2024-10-20 10:44:21,079 [grpc-default-executor-5] INFO  server.GrpcServerProtocolService (GrpcServerProtocolService.java:onCompleted(200)) - s0: Completed APPEND_ENTRIES, lastRequest: null
2024-10-20 10:44:21,079 [grpc-default-executor-5] INFO  server.GrpcServerProtocolService (GrpcServerProtocolService.java:lambda$onCompleted$7(202)) - s0: Completed APPEND_ENTRIES, lastReply: serverReply {
  requestorId: "s1"
  replyId: "s0"
  raftGroupId {
    id: "\375\210\024\357\262\375HY\244\207Ci\024Gb\025"
  }
  callId: 16
}
term: 4
nextIndex: 7
result: NOT_LEADER
followerCommit: 6
matchIndex: 18446744073709551615
isHearbeat: true

2024-10-20 10:44:21,079 [grpc-default-executor-4] WARN  server.GrpcLogAppender (GrpcLogAppender.java:onNextImpl(521)) - s1@group-436914476215->s0-AppendLogResponseHandler: received NOT_LEADER reply with term 4
2024-10-20 10:44:21,079 [grpc-default-executor-4] INFO  server.GrpcLogAppender (GrpcLogAppender.java:onCompleted(559)) - s1@group-436914476215->s0-AppendLogResponseHandler: follower responses appendEntries COMPLETED
2024-10-20 10:44:21,083 [timer5] WARN  server.GrpcLogAppender (GrpcLogAppender.java:timeoutAppendRequest(450)) - s1@group-D48E91F9973E->s0-GrpcLogAppender: Timed out HEARTBEAT appendEntries, errorCount=7, request=AppendEntriesRequest:cid=17,entriesCount=0
2024-10-20 10:44:21,086 [timer6] WARN  server.GrpcLogAppender (GrpcLogAppender.java:timeoutAppendRequest(450)) - s1@group-D48E91F9973E->s2-GrpcLogAppender: Timed out HEARTBEAT appendEntries, errorCount=7, request=AppendEntriesRequest:cid=15,entriesCount=0
2024-10-20 10:44:21,119 [timer7] WARN  server.GrpcLogAppender (GrpcLogAppender.java:timeoutAppendRequest(450)) - s1@group-D48E91F9973E->s0-GrpcLogAppender: Timed out HEARTBEAT appendEntries, errorCount=8, request=AppendEntriesRequest:cid=18,entriesCount=0
2024-10-20 10:44:21,124 [timer0] WARN  server.GrpcLogAppender (GrpcLogAppender.java:timeoutAppendRequest(450)) - s1@group-D48E91F9973E->s2-GrpcLogAppender: Timed out HEARTBEAT appendEntries, errorCount=8, request=AppendEntriesRequest:cid=16,entriesCount=0
2024-10-20 10:44:21,135 [main] INFO  server.RaftServerConfigKeys (ConfUtils.java:logGet(46)) - raft.server.rpc.timeout.max = 300ms (default)
2024-10-20 10:44:21,135 [main] INFO  ratis.RaftTestUtil (RaftTestUtil.java:waitForLeader(107)) - printing ALL groups
  s0:  RUNNING    LEADER s0@group-436914476215:t4, leader=s0, voted=s0, raftlog=Memoized:s0@group-436914476215-SegmentedRaftLog:OPENED:c6:last(t:4, i:6), conf=conf: {index: 5, cur=peers:[s0|localhost:15252, s1|localhost:15256, s2|localhost:15260]|listeners:[], old=null} RUNNING
  s1:  RUNNING  FOLLOWER s1@group-436914476215:t4, leader=s0, voted=s0, raftlog=Memoized:s1@group-436914476215-SegmentedRaftLog:OPENED:c5:last(t:4, i:6), conf=conf: {index: 5, cur=peers:[s0|localhost:15252, s1|localhost:15256, s2|localhost:15260]|listeners:[], old=null} RUNNING
  s2:  RUNNING  FOLLOWER s2@group-436914476215:t4, leader=s0, voted=s0, raftlog=Memoized:s2@group-436914476215-SegmentedRaftLog:OPENED:c5:last(t:4, i:6), conf=conf: {index: 5, cur=peers:[s0|localhost:15252, s1|localhost:15256, s2|localhost:15260]|listeners:[], old=null} RUNNING
2024-10-20 10:44:21,136 [main] INFO  ratis.RaftTestUtil (RaftTestUtil.java:waitForLeader(131)) - printing ALL groups
  s0:  RUNNING    LEADER s0@group-436914476215:t4, leader=s0, voted=s0, raftlog=Memoized:s0@group-436914476215-SegmentedRaftLog:OPENED:c6:last(t:4, i:6), conf=conf: {index: 5, cur=peers:[s0|localhost:15252, s1|localhost:15256, s2|localhost:15260]|listeners:[], old=null} RUNNING
  s1:  RUNNING  FOLLOWER s1@group-436914476215:t4, leader=s0, voted=s0, raftlog=Memoized:s1@group-436914476215-SegmentedRaftLog:OPENED:c5:last(t:4, i:6), conf=conf: {index: 5, cur=peers:[s0|localhost:15252, s1|localhost:15256, s2|localhost:15260]|listeners:[], old=null} RUNNING
  s2:  RUNNING  FOLLOWER s2@group-436914476215:t4, leader=s0, voted=s0, raftlog=Memoized:s2@group-436914476215-SegmentedRaftLog:OPENED:c5:last(t:4, i:6), conf=conf: {index: 5, cur=peers:[s0|localhost:15252, s1|localhost:15256, s2|localhost:15260]|listeners:[], old=null} RUNNING
2024-10-20 10:44:21,136 [main] WARN  ratis.RaftTestUtil (JavaUtils.java:attempt(231)) - FAILED "runTestChangeLeader-changeLeader", attempt #3/20, sleep 100ms and then retry: java.lang.IllegalStateException: Failed to change leader: newLeader == oldLeader == s0
2024-10-20 10:44:21,158 [timer1] WARN  server.GrpcLogAppender (GrpcLogAppender.java:timeoutAppendRequest(450)) - s1@group-D48E91F9973E->s0-GrpcLogAppender: Timed out HEARTBEAT appendEntries, errorCount=9, request=AppendEntriesRequest:cid=19,entriesCount=0
2024-10-20 10:44:21,162 [timer2] WARN  server.GrpcLogAppender (GrpcLogAppender.java:timeoutAppendRequest(450)) - s1@group-D48E91F9973E->s2-GrpcLogAppender: Timed out HEARTBEAT appendEntries, errorCount=9, request=AppendEntriesRequest:cid=17,entriesCount=0
2024-10-20 10:44:21,236 [main] INFO  server.RaftServerConfigKeys (ConfUtils.java:logGet(46)) - raft.server.rpc.timeout.max = 300ms (default)
2024-10-20 10:44:21,236 [main] INFO  ratis.RaftTestUtil (RaftTestUtil.java:waitForLeader(107)) - printing ALL groups
  s0:  RUNNING    LEADER s0@group-436914476215:t4, leader=s0, voted=s0, raftlog=Memoized:s0@group-436914476215-SegmentedRaftLog:OPENED:c6:last(t:4, i:6), conf=conf: {index: 5, cur=peers:[s0|localhost:15252, s1|localhost:15256, s2|localhost:15260]|listeners:[], old=null} RUNNING
  s1:  RUNNING  FOLLOWER s1@group-436914476215:t4, leader=s0, voted=s0, raftlog=Memoized:s1@group-436914476215-SegmentedRaftLog:OPENED:c5:last(t:4, i:6), conf=conf: {index: 5, cur=peers:[s0|localhost:15252, s1|localhost:15256, s2|localhost:15260]|listeners:[], old=null} RUNNING
  s2:  RUNNING  FOLLOWER s2@group-436914476215:t4, leader=s0, voted=s0, raftlog=Memoized:s2@group-436914476215-SegmentedRaftLog:OPENED:c5:last(t:4, i:6), conf=conf: {index: 5, cur=peers:[s0|localhost:15252, s1|localhost:15256, s2|localhost:15260]|listeners:[], old=null} RUNNING
2024-10-20 10:44:21,236 [main] INFO  ratis.RaftTestUtil (RaftTestUtil.java:waitForLeader(131)) - printing ALL groups
  s0:  RUNNING    LEADER s0@group-436914476215:t4, leader=s0, voted=s0, raftlog=Memoized:s0@group-436914476215-SegmentedRaftLog:OPENED:c6:last(t:4, i:6), conf=conf: {index: 5, cur=peers:[s0|localhost:15252, s1|localhost:15256, s2|localhost:15260]|listeners:[], old=null} RUNNING
  s1:  RUNNING  FOLLOWER s1@group-436914476215:t4, leader=s0, voted=s0, raftlog=Memoized:s1@group-436914476215-SegmentedRaftLog:OPENED:c5:last(t:4, i:6), conf=conf: {index: 5, cur=peers:[s0|localhost:15252, s1|localhost:15256, s2|localhost:15260]|listeners:[], old=null} RUNNING
  s2:  RUNNING  FOLLOWER s2@group-436914476215:t4, leader=s0, voted=s0, raftlog=Memoized:s2@group-436914476215-SegmentedRaftLog:OPENED:c5:last(t:4, i:6), conf=conf: {index: 5, cur=peers:[s0|localhost:15252, s1|localhost:15256, s2|localhost:15260]|listeners:[], old=null} RUNNING
2024-10-20 10:44:21,236 [main] WARN  ratis.RaftTestUtil (JavaUtils.java:attempt(231)) - FAILED "runTestChangeLeader-changeLeader", attempt #4/20, sleep 100ms and then retry: java.lang.IllegalStateException: Failed to change leader: newLeader == oldLeader == s0
2024-10-20 10:44:21,274 [s1@group-436914476215-FollowerState] INFO  impl.FollowerState (FollowerState.java:runImpl(161)) - s1@group-436914476215-FollowerState: change to CANDIDATE, lastRpcElapsedTime:343741149ns, electionTimeout:208ms
2024-10-20 10:44:21,274 [s1@group-436914476215-FollowerState] INFO  impl.RoleInfo (RoleInfo.java:shutdownFollowerState(121)) - s1: shutdown s1@group-436914476215-FollowerState
2024-10-20 10:44:21,274 [s1@group-436914476215-FollowerState] INFO  server.RaftServer$Division (RaftServerImpl.java:setRole(380)) - s1@group-436914476215: changes role from  FOLLOWER to CANDIDATE at term 4 for changeToCandidate
2024-10-20 10:44:21,274 [s1@group-436914476215-FollowerState] INFO  server.RaftServerConfigKeys (ConfUtils.java:logGet(46)) - raft.server.leaderelection.pre-vote = true (default)
2024-10-20 10:44:21,274 [s1@group-436914476215-FollowerState] INFO  impl.RoleInfo (RoleInfo.java:updateAndGet(148)) - s1: start s1@group-436914476215-LeaderElection74
2024-10-20 10:44:21,274 [s1@group-436914476215-LeaderElection74] INFO  server.RaftServer$Division (ServerState.java:setLeader(272)) - s1@group-436914476215: change Leader from s0 to null at term 4 for PRE_VOTE
2024-10-20 10:44:21,274 [s1@group-436914476215-LeaderElection74] INFO  impl.LeaderElection (LeaderElection.java:askForVotes(333)) - s1@group-436914476215-LeaderElection74 PRE_VOTE round 0: submit vote requests at term 4 for conf: {index: 5, cur=peers:[s0|localhost:15252, s1|localhost:15256, s2|localhost:15260]|listeners:[], old=null}
2024-10-20 10:44:21,275 [grpc-default-executor-4] INFO  server.RaftServer$Division (RaftServerImpl.java:requestVote(1447)) - s2@group-436914476215: receive requestVote(PRE_VOTE, s1, group-436914476215, 4, (t:4, i:6))
2024-10-20 10:44:21,275 [grpc-default-executor-5] INFO  server.RaftServer$Division (RaftServerImpl.java:requestVote(1447)) - s0@group-436914476215: receive requestVote(PRE_VOTE, s1, group-436914476215, 4, (t:4, i:6))
2024-10-20 10:44:21,275 [grpc-default-executor-4] INFO  impl.VoteContext (VoteContext.java:log(49)) - s2@group-436914476215-FOLLOWER: accept PRE_VOTE from s1: our priority 0 <= candidate's priority 0
2024-10-20 10:44:21,275 [grpc-default-executor-5] WARN  server.RaftServer$Division (LeaderStateImpl.java:checkLeadership(1117)) - s0@group-436914476215-LeaderStateImpl: Lost leadership on term: 4. Election timeout: 300ms. In charge for: 371ms. Conf: conf: {index: 5, cur=peers:[s0|localhost:15252, s1|localhost:15256, s2|localhost:15260]|listeners:[], old=null}
2024-10-20 10:44:21,276 [grpc-default-executor-5] WARN  server.RaftServer$Division (LeaderStateImpl.java:lambda$checkLeadership$20(1121)) - Follower s0@group-436914476215->s1(c5,m6,n7, caughtUp=true, lastRpcSendTime=4, lastRpcResponseTime=344)
2024-10-20 10:44:21,276 [grpc-default-executor-5] WARN  server.RaftServer$Division (LeaderStateImpl.java:lambda$checkLeadership$20(1121)) - Follower s0@group-436914476215->s2(c5,m6,n7, caughtUp=true, lastRpcSendTime=4, lastRpcResponseTime=345)
2024-10-20 10:44:21,276 [grpc-default-executor-4] INFO  server.RaftServer$Division (RaftServerImpl.java:requestVote(1480)) - s2@group-436914476215 replies to PRE_VOTE vote request: s1<-s2#0:OK-t4. Peer's state: s2@group-436914476215:t4, leader=s0, voted=s0, raftlog=Memoized:s2@group-436914476215-SegmentedRaftLog:OPENED:c5:last(t:4, i:6), conf=conf: {index: 5, cur=peers:[s0|localhost:15252, s1|localhost:15256, s2|localhost:15260]|listeners:[], old=null}
2024-10-20 10:44:21,276 [grpc-default-executor-5] INFO  server.RaftServer$Division (RaftServerImpl.java:setRole(380)) - s0@group-436914476215: changes role from    LEADER to FOLLOWER at term 4 for StepDownReason:LOST_MAJORITY_HEARTBEATS
2024-10-20 10:44:21,276 [grpc-default-executor-5] INFO  impl.RoleInfo (RoleInfo.java:shutdownLeaderState(103)) - s0: shutdown s0@group-436914476215-LeaderStateImpl
2024-10-20 10:44:21,276 [s0@group-436914476215->s1-GrpcLogAppender-LogAppenderDaemon] WARN  server.GrpcLogAppender (GrpcLogAppender.java:mayWait(293)) - s0@group-436914476215->s1-GrpcLogAppender: Wait interrupted by java.lang.InterruptedException
2024-10-20 10:44:21,276 [grpc-default-executor-5] INFO  impl.PendingRequests (PendingRequests.java:sendNotLeaderResponses(287)) - s0@group-436914476215-PendingRequests: sendNotLeaderResponses
2024-10-20 10:44:21,276 [grpc-default-executor-5] INFO  server.RaftServer$Division (ServerState.java:setLeader(272)) - s0@group-436914476215: change Leader from s0 to null at term 4 for StepDownReason:LOST_MAJORITY_HEARTBEATS
2024-10-20 10:44:21,276 [grpc-default-executor-5] INFO  impl.RoleInfo (RoleInfo.java:updateAndGet(148)) - s0: start s0@group-436914476215-FollowerState
2024-10-20 10:44:21,277 [s1@group-436914476215-LeaderElection74] INFO  impl.LeaderElection (LeaderElection.java:logAndReturn(90)) - s1@group-436914476215-LeaderElection74: PRE_VOTE PASSED received 1 response(s) and 0 exception(s):
2024-10-20 10:44:21,277 [s1@group-436914476215-LeaderElection74] INFO  impl.LeaderElection (LeaderElection.java:logAndReturn(94)) -   Response 0: s1<-s2#0:OK-t4
2024-10-20 10:44:21,276 [grpc-default-executor-4] INFO  server.GrpcServerProtocolService (GrpcServerProtocolService.java:onCompleted(200)) - s1: Completed APPEND_ENTRIES, lastRequest: s0->s1#2-t4,previous=(t:4, i:5),leaderCommit=5,initializing? false,entries: size=1, first=(t:4, i:6), METADATAENTRY(c:5)
2024-10-20 10:44:21,277 [s1@group-436914476215-LeaderElection74] INFO  impl.LeaderElection (LeaderElection.java:askForVotes(335)) - s1@group-436914476215-LeaderElection74 PRE_VOTE round 0: result PASSED
2024-10-20 10:44:21,277 [s0@group-436914476215->s2-GrpcLogAppender-LogAppenderDaemon] WARN  server.GrpcLogAppender (GrpcLogAppender.java:mayWait(293)) - s0@group-436914476215->s2-GrpcLogAppender: Wait interrupted by java.lang.InterruptedException
2024-10-20 10:44:21,277 [grpc-default-executor-5] INFO  impl.VoteContext (VoteContext.java:log(49)) - s0@group-436914476215-FOLLOWER: accept PRE_VOTE from s1: our priority 0 <= candidate's priority 0
2024-10-20 10:44:21,277 [grpc-default-executor-5] INFO  server.RaftServer$Division (RaftServerImpl.java:requestVote(1480)) - s0@group-436914476215 replies to PRE_VOTE vote request: s1<-s0#0:OK-t4. Peer's state: s0@group-436914476215:t4, leader=null, voted=s0, raftlog=Memoized:s0@group-436914476215-SegmentedRaftLog:OPENED:c6:last(t:4, i:6), conf=conf: {index: 5, cur=peers:[s0|localhost:15252, s1|localhost:15256, s2|localhost:15260]|listeners:[], old=null}
2024-10-20 10:44:21,277 [s1@group-436914476215-LeaderElection74] TRACE util.FileUtils (LogUtils.java:supplyAndLog(69)) - Successfully supplied FileChannel.open /home/runner/work/ratis/ratis/ratis-test/target/test/data/d69430f5/MiniRaftClusterWithGrpc6b9d6d2d/s1/fd8814ef-b2fd-4859-a487-436914476215/current/raft-meta.tmp with options [CREATE, WRITE]: sun.nio.ch.FileChannelImpl@3ceee360
2024-10-20 10:44:21,277 [grpc-default-executor-4] INFO  server.GrpcServerProtocolService (GrpcServerProtocolService.java:lambda$onCompleted$7(202)) - s1: Completed APPEND_ENTRIES, lastReply: null
2024-10-20 10:44:21,277 [grpc-default-executor-3] INFO  server.GrpcServerProtocolService (GrpcServerProtocolService.java:onCompleted(200)) - s2: Completed APPEND_ENTRIES, lastRequest: s0->s2#2-t4,previous=(t:4, i:5),leaderCommit=5,initializing? false,entries: size=1, first=(t:4, i:6), METADATAENTRY(c:5)
2024-10-20 10:44:21,278 [grpc-default-executor-3] INFO  server.GrpcServerProtocolService (GrpcServerProtocolService.java:lambda$onCompleted$7(202)) - s2: Completed APPEND_ENTRIES, lastReply: null
2024-10-20 10:44:21,278 [grpc-default-executor-3] INFO  server.GrpcLogAppender (GrpcLogAppender.java:onCompleted(559)) - s0@group-436914476215->s1-AppendLogResponseHandler: follower responses appendEntries COMPLETED
2024-10-20 10:44:21,278 [grpc-default-executor-4] INFO  server.GrpcLogAppender (GrpcLogAppender.java:onCompleted(559)) - s0@group-436914476215->s2-AppendLogResponseHandler: follower responses appendEntries COMPLETED
2024-10-20 10:44:21,280 [s1@group-436914476215-LeaderElection74] TRACE util.FileUtils (LogUtils.java:runAndLog(49)) - Successfully ran Atomic Files.move /home/runner/work/ratis/ratis/ratis-test/target/test/data/d69430f5/MiniRaftClusterWithGrpc6b9d6d2d/s1/fd8814ef-b2fd-4859-a487-436914476215/current/raft-meta.tmp to /home/runner/work/ratis/ratis/ratis-test/target/test/data/d69430f5/MiniRaftClusterWithGrpc6b9d6d2d/s1/fd8814ef-b2fd-4859-a487-436914476215/current/raft-meta with options [REPLACE_EXISTING]
2024-10-20 10:44:21,280 [s1@group-436914476215-LeaderElection74] INFO  impl.LeaderElection (LeaderElection.java:askForVotes(333)) - s1@group-436914476215-LeaderElection74 ELECTION round 0: submit vote requests at term 5 for conf: {index: 5, cur=peers:[s0|localhost:15252, s1|localhost:15256, s2|localhost:15260]|listeners:[], old=null}
2024-10-20 10:44:21,280 [grpc-default-executor-4] INFO  server.RaftServer$Division (RaftServerImpl.java:requestVote(1447)) - s2@group-436914476215: receive requestVote(ELECTION, s1, group-436914476215, 5, (t:4, i:6))
2024-10-20 10:44:21,280 [grpc-default-executor-4] INFO  impl.VoteContext (VoteContext.java:log(49)) - s2@group-436914476215-FOLLOWER: accept ELECTION from s1: our priority 0 <= candidate's priority 0
2024-10-20 10:44:21,281 [grpc-default-executor-4] INFO  server.RaftServer$Division (RaftServerImpl.java:setRole(380)) - s2@group-436914476215: changes role from  FOLLOWER to FOLLOWER at term 4 for candidate:s1
2024-10-20 10:44:21,281 [grpc-default-executor-4] INFO  impl.RoleInfo (RoleInfo.java:shutdownFollowerState(121)) - s2: shutdown s2@group-436914476215-FollowerState
2024-10-20 10:44:21,281 [grpc-default-executor-4] INFO  server.RaftServer$Division (ServerState.java:setLeader(272)) - s2@group-436914476215: change Leader from s0 to null at term 5 for updateCurrentTerm
2024-10-20 10:44:21,281 [s2@group-436914476215-FollowerState] INFO  impl.FollowerState (FollowerState.java:runImpl(170)) - s2@group-436914476215-FollowerState was interrupted
2024-10-20 10:44:21,281 [grpc-default-executor-4] INFO  impl.RoleInfo (RoleInfo.java:updateAndGet(148)) - s2: start s2@group-436914476215-FollowerState
2024-10-20 10:44:21,281 [grpc-default-executor-5] INFO  server.RaftServer$Division (RaftServerImpl.java:requestVote(1447)) - s0@group-436914476215: receive requestVote(ELECTION, s1, group-436914476215, 5, (t:4, i:6))
2024-10-20 10:44:21,281 [grpc-default-executor-5] INFO  impl.VoteContext (VoteContext.java:log(49)) - s0@group-436914476215-FOLLOWER: accept ELECTION from s1: our priority 0 <= candidate's priority 0
2024-10-20 10:44:21,281 [grpc-default-executor-4] TRACE util.FileUtils (LogUtils.java:supplyAndLog(69)) - Successfully supplied FileChannel.open /home/runner/work/ratis/ratis/ratis-test/target/test/data/d69430f5/MiniRaftClusterWithGrpc6b9d6d2d/s2/fd8814ef-b2fd-4859-a487-436914476215/current/raft-meta.tmp with options [CREATE, WRITE]: sun.nio.ch.FileChannelImpl@207acea3
2024-10-20 10:44:21,281 [grpc-default-executor-5] INFO  server.RaftServer$Division (RaftServerImpl.java:setRole(380)) - s0@group-436914476215: changes role from  FOLLOWER to FOLLOWER at term 4 for candidate:s1
2024-10-20 10:44:21,281 [grpc-default-executor-5] INFO  impl.RoleInfo (RoleInfo.java:shutdownFollowerState(121)) - s0: shutdown s0@group-436914476215-FollowerState
2024-10-20 10:44:21,281 [grpc-default-executor-5] INFO  impl.RoleInfo (RoleInfo.java:updateAndGet(148)) - s0: start s0@group-436914476215-FollowerState
2024-10-20 10:44:21,281 [s0@group-436914476215-FollowerState] INFO  impl.FollowerState (FollowerState.java:runImpl(170)) - s0@group-436914476215-FollowerState was interrupted
2024-10-20 10:44:21,282 [grpc-default-executor-5] TRACE util.FileUtils (LogUtils.java:supplyAndLog(69)) - Successfully supplied FileChannel.open /home/runner/work/ratis/ratis/ratis-test/target/test/data/d69430f5/MiniRaftClusterWithGrpc6b9d6d2d/s0/fd8814ef-b2fd-4859-a487-436914476215/current/raft-meta.tmp with options [CREATE, WRITE]: sun.nio.ch.FileChannelImpl@5dd3a5fc
2024-10-20 10:44:21,283 [grpc-default-executor-4] TRACE util.FileUtils (LogUtils.java:runAndLog(49)) - Successfully ran Atomic Files.move /home/runner/work/ratis/ratis/ratis-test/target/test/data/d69430f5/MiniRaftClusterWithGrpc6b9d6d2d/s2/fd8814ef-b2fd-4859-a487-436914476215/current/raft-meta.tmp to /home/runner/work/ratis/ratis/ratis-test/target/test/data/d69430f5/MiniRaftClusterWithGrpc6b9d6d2d/s2/fd8814ef-b2fd-4859-a487-436914476215/current/raft-meta with options [REPLACE_EXISTING]
2024-10-20 10:44:21,283 [grpc-default-executor-4] INFO  server.RaftServer$Division (RaftServerImpl.java:requestVote(1480)) - s2@group-436914476215 replies to ELECTION vote request: s1<-s2#0:OK-t5. Peer's state: s2@group-436914476215:t5, leader=null, voted=s1, raftlog=Memoized:s2@group-436914476215-SegmentedRaftLog:OPENED:c5:last(t:4, i:6), conf=conf: {index: 5, cur=peers:[s0|localhost:15252, s1|localhost:15256, s2|localhost:15260]|listeners:[], old=null}
2024-10-20 10:44:21,283 [grpc-default-executor-5] TRACE util.FileUtils (LogUtils.java:runAndLog(49)) - Successfully ran Atomic Files.move /home/runner/work/ratis/ratis/ratis-test/target/test/data/d69430f5/MiniRaftClusterWithGrpc6b9d6d2d/s0/fd8814ef-b2fd-4859-a487-436914476215/current/raft-meta.tmp to /home/runner/work/ratis/ratis/ratis-test/target/test/data/d69430f5/MiniRaftClusterWithGrpc6b9d6d2d/s0/fd8814ef-b2fd-4859-a487-436914476215/current/raft-meta with options [REPLACE_EXISTING]
2024-10-20 10:44:21,283 [grpc-default-executor-5] INFO  server.RaftServer$Division (RaftServerImpl.java:requestVote(1480)) - s0@group-436914476215 replies to ELECTION vote request: s1<-s0#0:OK-t5. Peer's state: s0@group-436914476215:t5, leader=null, voted=s1, raftlog=Memoized:s0@group-436914476215-SegmentedRaftLog:OPENED:c6:last(t:4, i:6), conf=conf: {index: 5, cur=peers:[s0|localhost:15252, s1|localhost:15256, s2|localhost:15260]|listeners:[], old=null}
2024-10-20 10:44:21,287 [s1@group-436914476215-LeaderElection74] INFO  impl.LeaderElection (LeaderElection.java:logAndReturn(90)) - s1@group-436914476215-LeaderElection74: ELECTION PASSED received 1 response(s) and 0 exception(s):
2024-10-20 10:44:21,287 [s1@group-436914476215-LeaderElection74] INFO  impl.LeaderElection (LeaderElection.java:logAndReturn(94)) -   Response 0: s1<-s2#0:OK-t5
2024-10-20 10:44:21,287 [s1@group-436914476215-LeaderElection74] INFO  impl.LeaderElection (LeaderElection.java:askForVotes(335)) - s1@group-436914476215-LeaderElection74 ELECTION round 0: result PASSED
2024-10-20 10:44:21,287 [s1@group-436914476215-LeaderElection74] INFO  impl.RoleInfo (RoleInfo.java:shutdownLeaderElection(141)) - s1: shutdown s1@group-436914476215-LeaderElection74
2024-10-20 10:44:21,287 [s1@group-436914476215-LeaderElection74] INFO  server.RaftServer$Division (RaftServerImpl.java:setRole(380)) - s1@group-436914476215: changes role from CANDIDATE to LEADER at term 5 for changeToLeader
2024-10-20 10:44:21,287 [s1@group-436914476215-LeaderElection74] INFO  server.RaftServerConfigKeys (ConfUtils.java:logGet(46)) - raft.server.staging.catchup.gap = 1000 (default)
2024-10-20 10:44:21,287 [s1@group-436914476215-LeaderElection74] INFO  server.RaftServerConfigKeys (ConfUtils.java:logGet(46)) - raft.server.write.element-limit = 4096 (default)
2024-10-20 10:44:21,287 [s1@group-436914476215-LeaderElection74] INFO  server.RaftServerConfigKeys (ConfUtils.java:logGet(46)) - raft.server.write.byte-limit = 64MB (=67108864) (default)
2024-10-20 10:44:21,287 [s1@group-436914476215-LeaderElection74] INFO  server.RaftServerConfigKeys (ConfUtils.java:logGet(46)) - raft.server.watch.timeout = 10s (default)
2024-10-20 10:44:21,287 [s1@group-436914476215-LeaderElection74] INFO  server.RaftServerConfigKeys (ConfUtils.java:logGet(46)) - raft.server.watch.timeout.denomination = 1s (default)
2024-10-20 10:44:21,287 [s1@group-436914476215-LeaderElection74] INFO  server.RaftServerConfigKeys (ConfUtils.java:logGet(46)) - raft.server.watch.element-limit = 65536 (default)
2024-10-20 10:44:21,287 [s1@group-436914476215-LeaderElection74] INFO  server.RaftServerConfigKeys (ConfUtils.java:logGet(46)) - raft.server.read.leader.lease.enabled = true (custom)
2024-10-20 10:44:21,288 [s1@group-436914476215-LeaderElection74] INFO  server.RaftServerConfigKeys (ConfUtils.java:logGet(46)) - raft.server.read.leader.lease.timeout.ratio = 0.5 (custom)
2024-10-20 10:44:21,288 [s1@group-436914476215-LeaderElection74] INFO  server.RaftServerConfigKeys (ConfUtils.java:logGet(46)) - raft.server.rpc.timeout.min = 150ms (default)
2024-10-20 10:44:21,288 [s1@group-436914476215-LeaderElection74] INFO  server.RaftServerConfigKeys (ConfUtils.java:logGet(46)) - raft.server.log.log-metadata.enabled = true (default)
2024-10-20 10:44:21,288 [s1@group-436914476215-LeaderElection74] INFO  server.RaftServerConfigKeys (ConfUtils.java:logGet(46)) - raft.server.write.element-limit = 4096 (default)
2024-10-20 10:44:21,288 [s1@group-436914476215-LeaderElection74] INFO  server.RaftServerConfigKeys (ConfUtils.java:logGet(46)) - raft.server.write.follower.gap.ratio.max = -1.0 (default)
2024-10-20 10:44:21,288 [s1@group-436914476215-LeaderElection74] INFO  server.RaftServerConfigKeys (ConfUtils.java:logGet(46)) - raft.server.log.appender.snapshot.chunk.size.max = 16MB (=16777216) (default)
2024-10-20 10:44:21,288 [s1@group-436914476215-LeaderElection74] INFO  server.RaftServerConfigKeys (ConfUtils.java:logGet(46)) - raft.server.log.appender.buffer.byte-limit = 4MB (=4194304) (default)
2024-10-20 10:44:21,288 [s1@group-436914476215-LeaderElection74] INFO  server.RaftServerConfigKeys (ConfUtils.java:logGet(46)) - raft.server.log.appender.buffer.element-limit = 0 (default)
2024-10-20 10:44:21,288 [s1@group-436914476215-LeaderElection74] INFO  server.RaftServerConfigKeys (ConfUtils.java:logGet(46)) - raft.server.log.appender.wait-time.min = 1ms (default)
2024-10-20 10:44:21,288 [s1@group-436914476215-LeaderElection74] INFO  grpc.GrpcConfigKeys (ConfUtils.java:logGet(46)) - raft.grpc.server.leader.outstanding.appends.max = 8 (default)
2024-10-20 10:44:21,288 [s1@group-436914476215-LeaderElection74] INFO  server.RaftServerConfigKeys (ConfUtils.java:logGet(46)) - raft.server.rpc.request.timeout = 3000ms (default)
2024-10-20 10:44:21,288 [s1@group-436914476215-LeaderElection74] INFO  grpc.GrpcConfigKeys (ConfUtils.java:logGet(46)) - raft.grpc.server.install_snapshot.request.element-limit = 8 (default)
2024-10-20 10:44:21,288 [s1@group-436914476215-LeaderElection74] INFO  grpc.GrpcConfigKeys (ConfUtils.java:logGet(46)) - raft.grpc.server.install_snapshot.request.timeout = 3000ms (default)
2024-10-20 10:44:21,289 [s1@group-436914476215-LeaderElection74] INFO  grpc.GrpcConfigKeys (ConfUtils.java:logGet(46)) - raft.grpc.server.log-message.batch.duration = 5s (default)
2024-10-20 10:44:21,289 [s1@group-436914476215-LeaderElection74] INFO  server.RaftServerConfigKeys (ConfUtils.java:logGet(46)) - raft.server.log.appender.install.snapshot.enabled = true (default)
2024-10-20 10:44:21,289 [s1@group-436914476215-LeaderElection74] INFO  grpc.GrpcConfigKeys (ConfUtils.java:logGet(46)) - raft.grpc.server.heartbeat.channel = true (default)
2024-10-20 10:44:21,289 [s1@group-436914476215-LeaderElection74] INFO  server.RaftServerConfigKeys (ConfUtils.java:logGet(46)) - raft.server.log.appender.snapshot.chunk.size.max = 16MB (=16777216) (default)
2024-10-20 10:44:21,289 [s1@group-436914476215-LeaderElection74] INFO  server.RaftServerConfigKeys (ConfUtils.java:logGet(46)) - raft.server.log.appender.buffer.byte-limit = 4MB (=4194304) (default)
2024-10-20 10:44:21,289 [s1@group-436914476215-LeaderElection74] INFO  server.RaftServerConfigKeys (ConfUtils.java:logGet(46)) - raft.server.log.appender.buffer.element-limit = 0 (default)
2024-10-20 10:44:21,289 [s1@group-436914476215-LeaderElection74] INFO  server.RaftServerConfigKeys (ConfUtils.java:logGet(46)) - raft.server.log.appender.wait-time.min = 1ms (default)
2024-10-20 10:44:21,289 [s1@group-436914476215-LeaderElection74] INFO  grpc.GrpcConfigKeys (ConfUtils.java:logGet(46)) - raft.grpc.server.leader.outstanding.appends.max = 8 (default)
2024-10-20 10:44:21,289 [s1@group-436914476215-LeaderElection74] INFO  server.RaftServerConfigKeys (ConfUtils.java:logGet(46)) - raft.server.rpc.request.timeout = 3000ms (default)
2024-10-20 10:44:21,289 [s1@group-436914476215-LeaderElection74] INFO  grpc.GrpcConfigKeys (ConfUtils.java:logGet(46)) - raft.grpc.server.install_snapshot.request.element-limit = 8 (default)
2024-10-20 10:44:21,289 [s1@group-436914476215-LeaderElection74] INFO  grpc.GrpcConfigKeys (ConfUtils.java:logGet(46)) - raft.grpc.server.install_snapshot.request.timeout = 3000ms (default)
2024-10-20 10:44:21,289 [s1@group-436914476215-LeaderElection74] INFO  grpc.GrpcConfigKeys (ConfUtils.java:logGet(46)) - raft.grpc.server.log-message.batch.duration = 5s (default)
2024-10-20 10:44:21,289 [s1@group-436914476215-LeaderElection74] INFO  server.RaftServerConfigKeys (ConfUtils.java:logGet(46)) - raft.server.log.appender.install.snapshot.enabled = true (default)
2024-10-20 10:44:21,289 [s1@group-436914476215-LeaderElection74] INFO  grpc.GrpcConfigKeys (ConfUtils.java:logGet(46)) - raft.grpc.server.heartbeat.channel = true (default)
2024-10-20 10:44:21,290 [s1@group-436914476215-LeaderElection74] INFO  impl.RoleInfo (RoleInfo.java:updateAndGet(148)) - s1: start s1@group-436914476215-LeaderStateImpl
2024-10-20 10:44:21,290 [s1@group-436914476215-LeaderElection74] INFO  server.RaftServer$Division (ServerState.java:setLeader(272)) - s1@group-436914476215: change Leader from null to s1 at term 5 for becomeLeader, leader elected after 15ms
2024-10-20 10:44:21,290 [s1@group-436914476215-LeaderElection74] INFO  segmented.SegmentedRaftLogWorker (SegmentedRaftLogWorker.java:rollLogSegment(447)) - s1@group-436914476215-SegmentedRaftLogWorker: Rolling segment log-5_6 to index:6
2024-10-20 10:44:21,290 [s1@group-436914476215-LeaderElection74] INFO  server.RaftServer$Division (ServerState.java:setRaftConf(386)) - s1@group-436914476215: set configuration conf: {index: 7, cur=peers:[s0|localhost:15252, s1|localhost:15256, s2|localhost:15260]|listeners:[], old=null}
2024-10-20 10:44:21,291 [s1@group-436914476215-SegmentedRaftLogWorker] TRACE util.FileUtils (LogUtils.java:runAndLog(49)) - Successfully ran Atomic Files.move /home/runner/work/ratis/ratis/ratis-test/target/test/data/d69430f5/MiniRaftClusterWithGrpc6b9d6d2d/s1/fd8814ef-b2fd-4859-a487-436914476215/current/log_inprogress_5 to /home/runner/work/ratis/ratis/ratis-test/target/test/data/d69430f5/MiniRaftClusterWithGrpc6b9d6d2d/s1/fd8814ef-b2fd-4859-a487-436914476215/current/log_5-6
2024-10-20 10:44:21,291 [s1@group-436914476215-SegmentedRaftLogWorker] INFO  segmented.SegmentedRaftLogWorker (SegmentedRaftLogWorker.java:execute(620)) - s1@group-436914476215-SegmentedRaftLogWorker: Rolled log segment from /home/runner/work/ratis/ratis/ratis-test/target/test/data/d69430f5/MiniRaftClusterWithGrpc6b9d6d2d/s1/fd8814ef-b2fd-4859-a487-436914476215/current/log_inprogress_5 to /home/runner/work/ratis/ratis/ratis-test/target/test/data/d69430f5/MiniRaftClusterWithGrpc6b9d6d2d/s1/fd8814ef-b2fd-4859-a487-436914476215/current/log_5-6
2024-10-20 10:44:21,292 [s1@group-436914476215-SegmentedRaftLogWorker] INFO  segmented.BufferedWriteChannel (BufferedWriteChannel.java:open(61)) - open log_inprogress_7 at position 0
2024-10-20 10:44:21,292 [s2-server-thread1] INFO  server.RaftServer$Division (ServerState.java:setLeader(272)) - s2@group-436914476215: change Leader from null to s1 at term 5 for appendEntries, leader elected after 11ms
2024-10-20 10:44:21,294 [s2-server-thread2] DEBUG server.RaftServer$Division (RaftServerImpl.java:logAppendEntries(1549)) - s2@group-436914476215: appendEntries* s1->s2#1-t5,previous=(t:4, i:6),leaderCommit=5,initializing? false,entries: size=1, first=(t:5, i:7), CONFIGURATIONENTRY(current:id:"s0"address:"localhost:15252"dataStreamAddress:"localhost:15255"clientAddress:"localhost:15254"adminAddress:"localhost:15253"startupRole:FOLLOWER, id:"s1"address:"localhost:15256"dataStreamAddress:"localhost:15259"clientAddress:"localhost:15258"adminAddress:"localhost:15257"startupRole:FOLLOWER, id:"s2"address:"localhost:15260"dataStreamAddress:"localhost:15263"clientAddress:"localhost:15262"adminAddress:"localhost:15261"startupRole:FOLLOWER, old:)
2024-10-20 10:44:21,294 [s2-server-thread2] INFO  server.RaftServer$Division (ServerState.java:setRaftConf(386)) - s2@group-436914476215: set configuration conf: {index: 7, cur=peers:[s0|localhost:15252, s1|localhost:15256, s2|localhost:15260]|listeners:[], old=null}
2024-10-20 10:44:21,294 [s2-server-thread2] INFO  segmented.SegmentedRaftLogWorker (SegmentedRaftLogWorker.java:rollLogSegment(447)) - s2@group-436914476215-SegmentedRaftLogWorker: Rolling segment log-5_6 to index:6
2024-10-20 10:44:21,295 [s2@group-436914476215-SegmentedRaftLogWorker] TRACE util.FileUtils (LogUtils.java:runAndLog(49)) - Successfully ran Atomic Files.move /home/runner/work/ratis/ratis/ratis-test/target/test/data/d69430f5/MiniRaftClusterWithGrpc6b9d6d2d/s2/fd8814ef-b2fd-4859-a487-436914476215/current/log_inprogress_5 to /home/runner/work/ratis/ratis/ratis-test/target/test/data/d69430f5/MiniRaftClusterWithGrpc6b9d6d2d/s2/fd8814ef-b2fd-4859-a487-436914476215/current/log_5-6
2024-10-20 10:44:21,295 [s2@group-436914476215-SegmentedRaftLogWorker] INFO  segmented.SegmentedRaftLogWorker (SegmentedRaftLogWorker.java:execute(620)) - s2@group-436914476215-SegmentedRaftLogWorker: Rolled log segment from /home/runner/work/ratis/ratis/ratis-test/target/test/data/d69430f5/MiniRaftClusterWithGrpc6b9d6d2d/s2/fd8814ef-b2fd-4859-a487-436914476215/current/log_inprogress_5 to /home/runner/work/ratis/ratis/ratis-test/target/test/data/d69430f5/MiniRaftClusterWithGrpc6b9d6d2d/s2/fd8814ef-b2fd-4859-a487-436914476215/current/log_5-6
2024-10-20 10:44:21,296 [s2@group-436914476215-SegmentedRaftLogWorker] INFO  segmented.BufferedWriteChannel (BufferedWriteChannel.java:open(61)) - open log_inprogress_7 at position 0
2024-10-20 10:44:21,301 [s0-server-thread3] INFO  server.RaftServer$Division (ServerState.java:setLeader(272)) - s0@group-436914476215: change Leader from null to s1 at term 5 for appendEntries, leader elected after 24ms
2024-10-20 10:44:21,301 [s0-server-thread2] DEBUG server.RaftServer$Division (RaftServerImpl.java:logAppendEntries(1549)) - s0@group-436914476215: appendEntries* s1->s0#1-t5,previous=(t:4, i:6),leaderCommit=5,initializing? false,entries: size=1, first=(t:5, i:7), CONFIGURATIONENTRY(current:id:"s0"address:"localhost:15252"dataStreamAddress:"localhost:15255"clientAddress:"localhost:15254"adminAddress:"localhost:15253"startupRole:FOLLOWER, id:"s1"address:"localhost:15256"dataStreamAddress:"localhost:15259"clientAddress:"localhost:15258"adminAddress:"localhost:15257"startupRole:FOLLOWER, id:"s2"address:"localhost:15260"dataStreamAddress:"localhost:15263"clientAddress:"localhost:15262"adminAddress:"localhost:15261"startupRole:FOLLOWER, old:)
2024-10-20 10:44:21,301 [s0-server-thread2] INFO  server.RaftServer$Division (ServerState.java:setRaftConf(386)) - s0@group-436914476215: set configuration conf: {index: 7, cur=peers:[s0|localhost:15252, s1|localhost:15256, s2|localhost:15260]|listeners:[], old=null}
2024-10-20 10:44:21,301 [s0-server-thread2] INFO  segmented.SegmentedRaftLogWorker (SegmentedRaftLogWorker.java:rollLogSegment(447)) - s0@group-436914476215-SegmentedRaftLogWorker: Rolling segment log-5_6 to index:6
2024-10-20 10:44:21,303 [s0@group-436914476215-SegmentedRaftLogWorker] TRACE util.FileUtils (LogUtils.java:runAndLog(49)) - Successfully ran Atomic Files.move /home/runner/work/ratis/ratis/ratis-test/target/test/data/d69430f5/MiniRaftClusterWithGrpc6b9d6d2d/s0/fd8814ef-b2fd-4859-a487-436914476215/current/log_inprogress_5 to /home/runner/work/ratis/ratis/ratis-test/target/test/data/d69430f5/MiniRaftClusterWithGrpc6b9d6d2d/s0/fd8814ef-b2fd-4859-a487-436914476215/current/log_5-6
2024-10-20 10:44:21,303 [s0@group-436914476215-SegmentedRaftLogWorker] INFO  segmented.SegmentedRaftLogWorker (SegmentedRaftLogWorker.java:execute(620)) - s0@group-436914476215-SegmentedRaftLogWorker: Rolled log segment from /home/runner/work/ratis/ratis/ratis-test/target/test/data/d69430f5/MiniRaftClusterWithGrpc6b9d6d2d/s0/fd8814ef-b2fd-4859-a487-436914476215/current/log_inprogress_5 to /home/runner/work/ratis/ratis/ratis-test/target/test/data/d69430f5/MiniRaftClusterWithGrpc6b9d6d2d/s0/fd8814ef-b2fd-4859-a487-436914476215/current/log_5-6
2024-10-20 10:44:21,303 [s0@group-436914476215-SegmentedRaftLogWorker] INFO  segmented.BufferedWriteChannel (BufferedWriteChannel.java:open(61)) - open log_inprogress_7 at position 0
2024-10-20 10:44:21,306 [s1@group-436914476215-SegmentedRaftLogWorker] INFO  segmented.SegmentedRaftLogWorker (SegmentedRaftLogWorker.java:execute(663)) - s1@group-436914476215-SegmentedRaftLogWorker: created new log segment /home/runner/work/ratis/ratis/ratis-test/target/test/data/d69430f5/MiniRaftClusterWithGrpc6b9d6d2d/s1/fd8814ef-b2fd-4859-a487-436914476215/current/log_inprogress_7
2024-10-20 10:44:21,307 [s2@group-436914476215-SegmentedRaftLogWorker] INFO  segmented.SegmentedRaftLogWorker (SegmentedRaftLogWorker.java:execute(663)) - s2@group-436914476215-SegmentedRaftLogWorker: created new log segment /home/runner/work/ratis/ratis/ratis-test/target/test/data/d69430f5/MiniRaftClusterWithGrpc6b9d6d2d/s2/fd8814ef-b2fd-4859-a487-436914476215/current/log_inprogress_7
2024-10-20 10:44:21,308 [s2-server-thread2] DEBUG server.RaftServer$Division (RaftServerImpl.java:logAppendEntries(1549)) - s2@group-436914476215: appendEntries* reply s1<-s2#1:OK-t5,SUCCESS,nextIndex=8,followerCommit=5,matchIndex=7
2024-10-20 10:44:21,311 [s1@group-436914476215-StateMachineUpdater] TRACE util.FileUtils (LogUtils.java:supplyAndLog(69)) - Successfully supplied FileChannel.open /home/runner/work/ratis/ratis/ratis-test/target/test/data/d69430f5/MiniRaftClusterWithGrpc6b9d6d2d/s1/fd8814ef-b2fd-4859-a487-436914476215/current/raft-meta.conf.tmp with options [CREATE, WRITE]: sun.nio.ch.FileChannelImpl@19e1198a
2024-10-20 10:44:21,311 [s0-server-thread2] DEBUG server.RaftServer$Division (RaftServerImpl.java:logAppendEntries(1549)) - s0@group-436914476215: appendEntries* s1->s0#2-t5,previous=(t:5, i:7),leaderCommit=7,initializing? false,entries: size=1, first=(t:5, i:8), METADATAENTRY(c:7)
2024-10-20 10:44:21,312 [s2-server-thread2] DEBUG server.RaftServer$Division (RaftServerImpl.java:logAppendEntries(1549)) - s2@group-436914476215: appendEntries* s1->s2#2-t5,previous=(t:5, i:7),leaderCommit=7,initializing? false,entries: size=1, first=(t:5, i:8), METADATAENTRY(c:7)
2024-10-20 10:44:21,313 [s2-server-thread2] DEBUG server.RaftServer$Division (RaftServerImpl.java:logAppendEntries(1549)) - s2@group-436914476215: appendEntries* reply s1<-s2#2:OK-t5,SUCCESS,nextIndex=9,followerCommit=7,matchIndex=8
2024-10-20 10:44:21,313 [s2@group-436914476215-StateMachineUpdater] TRACE util.FileUtils (LogUtils.java:supplyAndLog(69)) - Successfully supplied FileChannel.open /home/runner/work/ratis/ratis/ratis-test/target/test/data/d69430f5/MiniRaftClusterWithGrpc6b9d6d2d/s2/fd8814ef-b2fd-4859-a487-436914476215/current/raft-meta.conf.tmp with options [CREATE, WRITE]: sun.nio.ch.FileChannelImpl@64890d60
2024-10-20 10:44:21,314 [s1@group-436914476215-StateMachineUpdater] TRACE util.FileUtils (LogUtils.java:runAndLog(49)) - Successfully ran Atomic Files.move /home/runner/work/ratis/ratis/ratis-test/target/test/data/d69430f5/MiniRaftClusterWithGrpc6b9d6d2d/s1/fd8814ef-b2fd-4859-a487-436914476215/current/raft-meta.conf.tmp to /home/runner/work/ratis/ratis/ratis-test/target/test/data/d69430f5/MiniRaftClusterWithGrpc6b9d6d2d/s1/fd8814ef-b2fd-4859-a487-436914476215/current/raft-meta.conf with options [REPLACE_EXISTING]
2024-10-20 10:44:21,314 [s1@group-436914476215-StateMachineUpdater] INFO  server.RaftServer$Division (LeaderStateImpl.java:checkStartIndex(314)) - Leader s1@group-436914476215-LeaderStateImpl is ready since appliedIndex == startIndex == 7
2024-10-20 10:44:21,315 [s0@group-436914476215-SegmentedRaftLogWorker] INFO  segmented.SegmentedRaftLogWorker (SegmentedRaftLogWorker.java:execute(663)) - s0@group-436914476215-SegmentedRaftLogWorker: created new log segment /home/runner/work/ratis/ratis/ratis-test/target/test/data/d69430f5/MiniRaftClusterWithGrpc6b9d6d2d/s0/fd8814ef-b2fd-4859-a487-436914476215/current/log_inprogress_7
2024-10-20 10:44:21,315 [s0-server-thread2] DEBUG server.RaftServer$Division (RaftServerImpl.java:logAppendEntries(1549)) - s0@group-436914476215: appendEntries* reply s1<-s0#1:OK-t5,SUCCESS,nextIndex=8,followerCommit=6,matchIndex=7
2024-10-20 10:44:21,315 [s2@group-436914476215-StateMachineUpdater] TRACE util.FileUtils (LogUtils.java:runAndLog(49)) - Successfully ran Atomic Files.move /home/runner/work/ratis/ratis/ratis-test/target/test/data/d69430f5/MiniRaftClusterWithGrpc6b9d6d2d/s2/fd8814ef-b2fd-4859-a487-436914476215/current/raft-meta.conf.tmp to /home/runner/work/ratis/ratis/ratis-test/target/test/data/d69430f5/MiniRaftClusterWithGrpc6b9d6d2d/s2/fd8814ef-b2fd-4859-a487-436914476215/current/raft-meta.conf with options [REPLACE_EXISTING]
2024-10-20 10:44:21,315 [s0-server-thread3] DEBUG server.RaftServer$Division (RaftServerImpl.java:logAppendEntries(1549)) - s0@group-436914476215: appendEntries* reply s1<-s0#2:OK-t5,SUCCESS,nextIndex=9,followerCommit=7,matchIndex=8
2024-10-20 10:44:21,316 [s0@group-436914476215-StateMachineUpdater] TRACE util.FileUtils (LogUtils.java:supplyAndLog(69)) - Successfully supplied FileChannel.open /home/runner/work/ratis/ratis/ratis-test/target/test/data/d69430f5/MiniRaftClusterWithGrpc6b9d6d2d/s0/fd8814ef-b2fd-4859-a487-436914476215/current/raft-meta.conf.tmp with options [CREATE, WRITE]: sun.nio.ch.FileChannelImpl@6e2018e8
2024-10-20 10:44:21,318 [s0@group-436914476215-StateMachineUpdater] TRACE util.FileUtils (LogUtils.java:runAndLog(49)) - Successfully ran Atomic Files.move /home/runner/work/ratis/ratis/ratis-test/target/test/data/d69430f5/MiniRaftClusterWithGrpc6b9d6d2d/s0/fd8814ef-b2fd-4859-a487-436914476215/current/raft-meta.conf.tmp to /home/runner/work/ratis/ratis/ratis-test/target/test/data/d69430f5/MiniRaftClusterWithGrpc6b9d6d2d/s0/fd8814ef-b2fd-4859-a487-436914476215/current/raft-meta.conf with options [REPLACE_EXISTING]
2024-10-20 10:44:21,337 [main] INFO  server.RaftServerConfigKeys (ConfUtils.java:logGet(46)) - raft.server.rpc.timeout.max = 300ms (default)
2024-10-20 10:44:21,337 [main] INFO  ratis.RaftTestUtil (RaftTestUtil.java:waitForLeader(107)) - printing ALL groups
  s0:  RUNNING  FOLLOWER s0@group-436914476215:t5, leader=s1, voted=s1, raftlog=Memoized:s0@group-436914476215-SegmentedRaftLog:OPENED:c7:last(t:5, i:8), conf=conf: {index: 7, cur=peers:[s0|localhost:15252, s1|localhost:15256, s2|localhost:15260]|listeners:[], old=null} RUNNING
  s1:  RUNNING    LEADER s1@group-436914476215:t5, leader=s1, voted=s1, raftlog=Memoized:s1@group-436914476215-SegmentedRaftLog:OPENED:c8:last(t:5, i:8), conf=conf: {index: 7, cur=peers:[s0|localhost:15252, s1|localhost:15256, s2|localhost:15260]|listeners:[], old=null} RUNNING
  s2:  RUNNING  FOLLOWER s2@group-436914476215:t5, leader=s1, voted=s1, raftlog=Memoized:s2@group-436914476215-SegmentedRaftLog:OPENED:c7:last(t:5, i:8), conf=conf: {index: 7, cur=peers:[s0|localhost:15252, s1|localhost:15256, s2|localhost:15260]|listeners:[], old=null} RUNNING
2024-10-20 10:44:21,337 [main] INFO  ratis.RaftTestUtil (RaftTestUtil.java:waitForLeader(131)) - printing ALL groups
  s0:  RUNNING  FOLLOWER s0@group-436914476215:t5, leader=s1, voted=s1, raftlog=Memoized:s0@group-436914476215-SegmentedRaftLog:OPENED:c7:last(t:5, i:8), conf=conf: {index: 7, cur=peers:[s0|localhost:15252, s1|localhost:15256, s2|localhost:15260]|listeners:[], old=null} RUNNING
  s1:  RUNNING    LEADER s1@group-436914476215:t5, leader=s1, voted=s1, raftlog=Memoized:s1@group-436914476215-SegmentedRaftLog:OPENED:c8:last(t:5, i:8), conf=conf: {index: 7, cur=peers:[s0|localhost:15252, s1|localhost:15256, s2|localhost:15260]|listeners:[], old=null} RUNNING
  s2:  RUNNING  FOLLOWER s2@group-436914476215:t5, leader=s1, voted=s1, raftlog=Memoized:s2@group-436914476215-SegmentedRaftLog:OPENED:c7:last(t:5, i:8), conf=conf: {index: 7, cur=peers:[s0|localhost:15252, s1|localhost:15256, s2|localhost:15260]|listeners:[], old=null} RUNNING
2024-10-20 10:44:21,337 [main] INFO  ratis.RaftTestUtil (RaftTestUtil.java:lambda$changeLeader$14(485)) - Changed leader from s0 to s1
2024-10-20 10:44:21,338 [main] INFO  util.CodeInjectionForTesting (BlockRequestHandlingInjection.java:unblockRequestor(54)) - UnBlock requestor s0
2024-10-20 10:44:21,338 [main] INFO  util.CodeInjectionForTesting (BlockRequestHandlingInjection.java:blockRequestor(49)) - Block requestor s1
2024-10-20 10:44:21,338 [main] INFO  server.RaftServerConfigKeys (ConfUtils.java:logGet(46)) - raft.server.rpc.timeout.max = 300ms (default)
2024-10-20 10:44:21,338 [main] INFO  ratis.RaftTestUtil (RaftTestUtil.java:waitForLeader(107)) - printing ALL groups
  s0:  RUNNING  FOLLOWER s0@group-436914476215:t5, leader=s1, voted=s1, raftlog=Memoized:s0@group-436914476215-SegmentedRaftLog:OPENED:c7:last(t:5, i:8), conf=conf: {index: 7, cur=peers:[s0|localhost:15252, s1|localhost:15256, s2|localhost:15260]|listeners:[], old=null} RUNNING
  s1:  RUNNING    LEADER s1@group-436914476215:t5, leader=s1, voted=s1, raftlog=Memoized:s1@group-436914476215-SegmentedRaftLog:OPENED:c8:last(t:5, i:8), conf=conf: {index: 7, cur=peers:[s0|localhost:15252, s1|localhost:15256, s2|localhost:15260]|listeners:[], old=null} RUNNING
  s2:  RUNNING  FOLLOWER s2@group-436914476215:t5, leader=s1, voted=s1, raftlog=Memoized:s2@group-436914476215-SegmentedRaftLog:OPENED:c7:last(t:5, i:8), conf=conf: {index: 7, cur=peers:[s0|localhost:15252, s1|localhost:15256, s2|localhost:15260]|listeners:[], old=null} RUNNING
2024-10-20 10:44:21,338 [main] INFO  ratis.RaftTestUtil (RaftTestUtil.java:waitForLeader(131)) - printing ALL groups
  s0:  RUNNING  FOLLOWER s0@group-436914476215:t5, leader=s1, voted=s1, raftlog=Memoized:s0@group-436914476215-SegmentedRaftLog:OPENED:c7:last(t:5, i:8), conf=conf: {index: 7, cur=peers:[s0|localhost:15252, s1|localhost:15256, s2|localhost:15260]|listeners:[], old=null} RUNNING
  s1:  RUNNING    LEADER s1@group-436914476215:t5, leader=s1, voted=s1, raftlog=Memoized:s1@group-436914476215-SegmentedRaftLog:OPENED:c8:last(t:5, i:8), conf=conf: {index: 7, cur=peers:[s0|localhost:15252, s1|localhost:15256, s2|localhost:15260]|listeners:[], old=null} RUNNING
  s2:  RUNNING  FOLLOWER s2@group-436914476215:t5, leader=s1, voted=s1, raftlog=Memoized:s2@group-436914476215-SegmentedRaftLog:OPENED:c7:last(t:5, i:8), conf=conf: {index: 7, cur=peers:[s0|localhost:15252, s1|localhost:15256, s2|localhost:15260]|listeners:[], old=null} RUNNING
2024-10-20 10:44:21,339 [main] WARN  ratis.RaftTestUtil (JavaUtils.java:attempt(231)) - FAILED "runTestChangeLeader-changeLeader", attempt #1/20, sleep 100ms and then retry: java.lang.IllegalStateException: Failed to change leader: newLeader == oldLeader == s1
2024-10-20 10:44:21,390 [s2-server-thread2] INFO  util.CodeInjectionForTesting (BlockRequestHandlingInjection.java:execute(77)) - s2: Block request from s1
2024-10-20 10:44:21,392 [s0-server-thread3] INFO  util.CodeInjectionForTesting (BlockRequestHandlingInjection.java:execute(77)) - s0: Block request from s1
2024-10-20 10:44:21,439 [main] INFO  server.RaftServerConfigKeys (ConfUtils.java:logGet(46)) - raft.server.rpc.timeout.max = 300ms (default)
2024-10-20 10:44:21,439 [main] INFO  ratis.RaftTestUtil (RaftTestUtil.java:waitForLeader(107)) - printing ALL groups
  s0:  RUNNING  FOLLOWER s0@group-436914476215:t5, leader=s1, voted=s1, raftlog=Memoized:s0@group-436914476215-SegmentedRaftLog:OPENED:c7:last(t:5, i:8), conf=conf: {index: 7, cur=peers:[s0|localhost:15252, s1|localhost:15256, s2|localhost:15260]|listeners:[], old=null} RUNNING
  s1:  RUNNING    LEADER s1@group-436914476215:t5, leader=s1, voted=s1, raftlog=Memoized:s1@group-436914476215-SegmentedRaftLog:OPENED:c8:last(t:5, i:8), conf=conf: {index: 7, cur=peers:[s0|localhost:15252, s1|localhost:15256, s2|localhost:15260]|listeners:[], old=null} RUNNING
  s2:  RUNNING  FOLLOWER s2@group-436914476215:t5, leader=s1, voted=s1, raftlog=Memoized:s2@group-436914476215-SegmentedRaftLog:OPENED:c7:last(t:5, i:8), conf=conf: {index: 7, cur=peers:[s0|localhost:15252, s1|localhost:15256, s2|localhost:15260]|listeners:[], old=null} RUNNING
2024-10-20 10:44:21,439 [main] INFO  ratis.RaftTestUtil (RaftTestUtil.java:waitForLeader(131)) - printing ALL groups
  s0:  RUNNING  FOLLOWER s0@group-436914476215:t5, leader=s1, voted=s1, raftlog=Memoized:s0@group-436914476215-SegmentedRaftLog:OPENED:c7:last(t:5, i:8), conf=conf: {index: 7, cur=peers:[s0|localhost:15252, s1|localhost:15256, s2|localhost:15260]|listeners:[], old=null} RUNNING
  s1:  RUNNING    LEADER s1@group-436914476215:t5, leader=s1, voted=s1, raftlog=Memoized:s1@group-436914476215-SegmentedRaftLog:OPENED:c8:last(t:5, i:8), conf=conf: {index: 7, cur=peers:[s0|localhost:15252, s1|localhost:15256, s2|localhost:15260]|listeners:[], old=null} RUNNING
  s2:  RUNNING  FOLLOWER s2@group-436914476215:t5, leader=s1, voted=s1, raftlog=Memoized:s2@group-436914476215-SegmentedRaftLog:OPENED:c7:last(t:5, i:8), conf=conf: {index: 7, cur=peers:[s0|localhost:15252, s1|localhost:15256, s2|localhost:15260]|listeners:[], old=null} RUNNING
2024-10-20 10:44:21,439 [main] WARN  ratis.RaftTestUtil (JavaUtils.java:attempt(231)) - FAILED "runTestChangeLeader-changeLeader", attempt #2/20, sleep 100ms and then retry: java.lang.IllegalStateException: Failed to change leader: newLeader == oldLeader == s1
2024-10-20 10:44:21,540 [main] INFO  server.RaftServerConfigKeys (ConfUtils.java:logGet(46)) - raft.server.rpc.timeout.max = 300ms (default)
2024-10-20 10:44:21,540 [main] INFO  ratis.RaftTestUtil (RaftTestUtil.java:waitForLeader(107)) - printing ALL groups
  s0:  RUNNING  FOLLOWER s0@group-436914476215:t5, leader=s1, voted=s1, raftlog=Memoized:s0@group-436914476215-SegmentedRaftLog:OPENED:c7:last(t:5, i:8), conf=conf: {index: 7, cur=peers:[s0|localhost:15252, s1|localhost:15256, s2|localhost:15260]|listeners:[], old=null} RUNNING
  s1:  RUNNING    LEADER s1@group-436914476215:t5, leader=s1, voted=s1, raftlog=Memoized:s1@group-436914476215-SegmentedRaftLog:OPENED:c8:last(t:5, i:8), conf=conf: {index: 7, cur=peers:[s0|localhost:15252, s1|localhost:15256, s2|localhost:15260]|listeners:[], old=null} RUNNING
  s2:  RUNNING  FOLLOWER s2@group-436914476215:t5, leader=s1, voted=s1, raftlog=Memoized:s2@group-436914476215-SegmentedRaftLog:OPENED:c7:last(t:5, i:8), conf=conf: {index: 7, cur=peers:[s0|localhost:15252, s1|localhost:15256, s2|localhost:15260]|listeners:[], old=null} RUNNING
2024-10-20 10:44:21,540 [main] INFO  ratis.RaftTestUtil (RaftTestUtil.java:waitForLeader(131)) - printing ALL groups
  s0:  RUNNING  FOLLOWER s0@group-436914476215:t5, leader=s1, voted=s1, raftlog=Memoized:s0@group-436914476215-SegmentedRaftLog:OPENED:c7:last(t:5, i:8), conf=conf: {index: 7, cur=peers:[s0|localhost:15252, s1|localhost:15256, s2|localhost:15260]|listeners:[], old=null} RUNNING
  s1:  RUNNING    LEADER s1@group-436914476215:t5, leader=s1, voted=s1, raftlog=Memoized:s1@group-436914476215-SegmentedRaftLog:OPENED:c8:last(t:5, i:8), conf=conf: {index: 7, cur=peers:[s0|localhost:15252, s1|localhost:15256, s2|localhost:15260]|listeners:[], old=null} RUNNING
  s2:  RUNNING  FOLLOWER s2@group-436914476215:t5, leader=s1, voted=s1, raftlog=Memoized:s2@group-436914476215-SegmentedRaftLog:OPENED:c7:last(t:5, i:8), conf=conf: {index: 7, cur=peers:[s0|localhost:15252, s1|localhost:15256, s2|localhost:15260]|listeners:[], old=null} RUNNING
2024-10-20 10:44:21,540 [main] WARN  ratis.RaftTestUtil (JavaUtils.java:attempt(231)) - FAILED "runTestChangeLeader-changeLeader", attempt #3/20, sleep 100ms and then retry: java.lang.IllegalStateException: Failed to change leader: newLeader == oldLeader == s1
2024-10-20 10:44:21,607 [s2-server-thread3] INFO  util.CodeInjectionForTesting (BlockRequestHandlingInjection.java:execute(84)) - s2: unBlock request from s0
2024-10-20 10:44:21,607 [s1-server-thread1] INFO  util.CodeInjectionForTesting (BlockRequestHandlingInjection.java:execute(84)) - s1: unBlock request from s0
2024-10-20 10:44:21,607 [s1-server-thread1] WARN  server.RaftServer$Division (ServerState.java:recognizeLeader(331)) - s1@group-436914476215: Failed to recognize s0 as leader for APPEND_ENTRIES since peerTerm = 4 < currentTerm = 5
2024-10-20 10:44:21,607 [s2-server-thread3] WARN  server.RaftServer$Division (ServerState.java:recognizeLeader(331)) - s2@group-436914476215: Failed to recognize s0 as leader for APPEND_ENTRIES since peerTerm = 4 < currentTerm = 5
2024-10-20 10:44:21,607 [grpc-default-executor-3] WARN  server.GrpcLogAppender (GrpcLogAppender.java:onNextImpl(521)) - s0@group-436914476215->s2-AppendLogResponseHandler: received NOT_LEADER reply with term 5
2024-10-20 10:44:21,607 [grpc-default-executor-6] WARN  server.GrpcLogAppender (GrpcLogAppender.java:onNextImpl(521)) - s0@group-436914476215->s1-AppendLogResponseHandler: received NOT_LEADER reply with term 5
2024-10-20 10:44:21,608 [s2-server-thread3] WARN  server.RaftServer$Division (ServerState.java:recognizeLeader(331)) - s2@group-436914476215: Failed to recognize s0 as leader for APPEND_ENTRIES since peerTerm = 4 < currentTerm = 5
2024-10-20 10:44:21,608 [s1-server-thread1] WARN  server.RaftServer$Division (ServerState.java:recognizeLeader(331)) - s1@group-436914476215: Failed to recognize s0 as leader for APPEND_ENTRIES since peerTerm = 4 < currentTerm = 5
2024-10-20 10:44:21,608 [grpc-default-executor-11] WARN  server.GrpcLogAppender (GrpcLogAppender.java:onNextImpl(521)) - s0@group-436914476215->s2-AppendLogResponseHandler: received NOT_LEADER reply with term 5
2024-10-20 10:44:21,608 [s2-server-thread3] WARN  server.RaftServer$Division (ServerState.java:recognizeLeader(331)) - s2@group-436914476215: Failed to recognize s0 as leader for APPEND_ENTRIES since peerTerm = 4 < currentTerm = 5
2024-10-20 10:44:21,608 [s1-server-thread1] WARN  server.RaftServer$Division (ServerState.java:recognizeLeader(331)) - s1@group-436914476215: Failed to recognize s0 as leader for APPEND_ENTRIES since peerTerm = 4 < currentTerm = 5
2024-10-20 10:44:21,608 [grpc-default-executor-11] WARN  server.GrpcLogAppender (GrpcLogAppender.java:onNextImpl(521)) - s0@group-436914476215->s1-AppendLogResponseHandler: received NOT_LEADER reply with term 5
2024-10-20 10:44:21,608 [grpc-default-executor-6] WARN  server.GrpcLogAppender (GrpcLogAppender.java:onNextImpl(521)) - s0@group-436914476215->s2-AppendLogResponseHandler: received NOT_LEADER reply with term 5
2024-10-20 10:44:21,608 [grpc-default-executor-3] WARN  server.GrpcLogAppender (GrpcLogAppender.java:onNextImpl(521)) - s0@group-436914476215->s1-AppendLogResponseHandler: received NOT_LEADER reply with term 5
2024-10-20 10:44:21,608 [s2-server-thread3] WARN  server.RaftServer$Division (ServerState.java:recognizeLeader(331)) - s2@group-436914476215: Failed to recognize s0 as leader for APPEND_ENTRIES since peerTerm = 4 < currentTerm = 5
2024-10-20 10:44:21,608 [s1-server-thread1] WARN  server.RaftServer$Division (ServerState.java:recognizeLeader(331)) - s1@group-436914476215: Failed to recognize s0 as leader for APPEND_ENTRIES since peerTerm = 4 < currentTerm = 5
2024-10-20 10:44:21,609 [grpc-default-executor-11] WARN  server.GrpcLogAppender (GrpcLogAppender.java:onNextImpl(521)) - s0@group-436914476215->s2-AppendLogResponseHandler: received NOT_LEADER reply with term 5
2024-10-20 10:44:21,609 [s2-server-thread3] WARN  server.RaftServer$Division (ServerState.java:recognizeLeader(331)) - s2@group-436914476215: Failed to recognize s0 as leader for APPEND_ENTRIES since peerTerm = 4 < currentTerm = 5
2024-10-20 10:44:21,609 [s1-server-thread1] WARN  server.RaftServer$Division (ServerState.java:recognizeLeader(331)) - s1@group-436914476215: Failed to recognize s0 as leader for APPEND_ENTRIES since peerTerm = 4 < currentTerm = 5
2024-10-20 10:44:21,609 [grpc-default-executor-11] WARN  server.GrpcLogAppender (GrpcLogAppender.java:onNextImpl(521)) - s0@group-436914476215->s1-AppendLogResponseHandler: received NOT_LEADER reply with term 5
2024-10-20 10:44:21,609 [grpc-default-executor-11] WARN  server.GrpcLogAppender (GrpcLogAppender.java:onNextImpl(521)) - s0@group-436914476215->s2-AppendLogResponseHandler: received NOT_LEADER reply with term 5
2024-10-20 10:44:21,609 [grpc-default-executor-6] WARN  server.GrpcLogAppender (GrpcLogAppender.java:onNextImpl(521)) - s0@group-436914476215->s1-AppendLogResponseHandler: received NOT_LEADER reply with term 5
2024-10-20 10:44:21,609 [s1-server-thread1] WARN  server.RaftServer$Division (ServerState.java:recognizeLeader(331)) - s1@group-436914476215: Failed to recognize s0 as leader for APPEND_ENTRIES since peerTerm = 4 < currentTerm = 5
2024-10-20 10:44:21,609 [s2-server-thread3] WARN  server.RaftServer$Division (ServerState.java:recognizeLeader(331)) - s2@group-436914476215: Failed to recognize s0 as leader for APPEND_ENTRIES since peerTerm = 4 < currentTerm = 5
2024-10-20 10:44:21,609 [grpc-default-executor-3] WARN  server.GrpcLogAppender (GrpcLogAppender.java:onNextImpl(521)) - s0@group-436914476215->s1-AppendLogResponseHandler: received NOT_LEADER reply with term 5
2024-10-20 10:44:21,610 [s1-server-thread1] WARN  server.RaftServer$Division (ServerState.java:recognizeLeader(331)) - s1@group-436914476215: Failed to recognize s0 as leader for APPEND_ENTRIES since peerTerm = 4 < currentTerm = 5
2024-10-20 10:44:21,610 [grpc-default-executor-11] WARN  server.GrpcLogAppender (GrpcLogAppender.java:onNextImpl(521)) - s0@group-436914476215->s2-AppendLogResponseHandler: received NOT_LEADER reply with term 5
2024-10-20 10:44:21,610 [s2-server-thread3] WARN  server.RaftServer$Division (ServerState.java:recognizeLeader(331)) - s2@group-436914476215: Failed to recognize s0 as leader for APPEND_ENTRIES since peerTerm = 4 < currentTerm = 5
2024-10-20 10:44:21,610 [grpc-default-executor-1] WARN  server.GrpcLogAppender (GrpcLogAppender.java:onNextImpl(521)) - s0@group-436914476215->s1-AppendLogResponseHandler: received NOT_LEADER reply with term 5
2024-10-20 10:44:21,610 [s1-server-thread1] WARN  server.RaftServer$Division (ServerState.java:recognizeLeader(331)) - s1@group-436914476215: Failed to recognize s0 as leader for APPEND_ENTRIES since peerTerm = 4 < currentTerm = 5
2024-10-20 10:44:21,610 [grpc-default-executor-6] WARN  server.GrpcLogAppender (GrpcLogAppender.java:onNextImpl(521)) - s0@group-436914476215->s2-AppendLogResponseHandler: received NOT_LEADER reply with term 5
2024-10-20 10:44:21,610 [s2-server-thread3] WARN  server.RaftServer$Division (ServerState.java:recognizeLeader(331)) - s2@group-436914476215: Failed to recognize s0 as leader for APPEND_ENTRIES since peerTerm = 4 < currentTerm = 5
2024-10-20 10:44:21,610 [grpc-default-executor-11] INFO  server.GrpcServerProtocolService (GrpcServerProtocolService.java:onCompleted(200)) - s1: Completed APPEND_ENTRIES, lastRequest: null
2024-10-20 10:44:21,610 [grpc-default-executor-6] WARN  server.GrpcLogAppender (GrpcLogAppender.java:onNextImpl(521)) - s0@group-436914476215->s1-AppendLogResponseHandler: received NOT_LEADER reply with term 5
2024-10-20 10:44:21,610 [grpc-default-executor-1] INFO  server.GrpcServerProtocolService (GrpcServerProtocolService.java:onCompleted(200)) - s2: Completed APPEND_ENTRIES, lastRequest: null
2024-10-20 10:44:21,610 [grpc-default-executor-11] INFO  server.GrpcServerProtocolService (GrpcServerProtocolService.java:lambda$onCompleted$7(202)) - s1: Completed APPEND_ENTRIES, lastReply: serverReply {
  requestorId: "s0"
  replyId: "s1"
  raftGroupId {
    id: "\375\210\024\357\262\375HY\244\207Ci\024Gb\025"
  }
  callId: 13
}
term: 5
nextIndex: 9
result: NOT_LEADER
followerCommit: 8
matchIndex: 18446744073709551615
isHearbeat: true

2024-10-20 10:44:21,610 [grpc-default-executor-6] WARN  server.GrpcLogAppender (GrpcLogAppender.java:onNextImpl(521)) - s0@group-436914476215->s2-AppendLogResponseHandler: received NOT_LEADER reply with term 5
2024-10-20 10:44:21,610 [grpc-default-executor-1] INFO  server.GrpcServerProtocolService (GrpcServerProtocolService.java:lambda$onCompleted$7(202)) - s2: Completed APPEND_ENTRIES, lastReply: serverReply {
  requestorId: "s0"
  replyId: "s2"
  raftGroupId {
    id: "\375\210\024\357\262\375HY\244\207Ci\024Gb\025"
  }
  callId: 11
}
term: 5
nextIndex: 9
result: NOT_LEADER
followerCommit: 7
matchIndex: 18446744073709551615
isHearbeat: true

2024-10-20 10:44:21,611 [grpc-default-executor-3] INFO  server.GrpcLogAppender (GrpcLogAppender.java:onCompleted(559)) - s0@group-436914476215->s2-AppendLogResponseHandler: follower responses appendEntries COMPLETED
2024-10-20 10:44:21,611 [grpc-default-executor-11] INFO  server.GrpcLogAppender (GrpcLogAppender.java:onCompleted(559)) - s0@group-436914476215->s1-AppendLogResponseHandler: follower responses appendEntries COMPLETED
2024-10-20 10:44:21,640 [main] INFO  server.RaftServerConfigKeys (ConfUtils.java:logGet(46)) - raft.server.rpc.timeout.max = 300ms (default)
2024-10-20 10:44:21,641 [main] INFO  ratis.RaftTestUtil (RaftTestUtil.java:waitForLeader(107)) - printing ALL groups
  s0:  RUNNING  FOLLOWER s0@group-436914476215:t5, leader=s1, voted=s1, raftlog=Memoized:s0@group-436914476215-SegmentedRaftLog:OPENED:c7:last(t:5, i:8), conf=conf: {index: 7, cur=peers:[s0|localhost:15252, s1|localhost:15256, s2|localhost:15260]|listeners:[], old=null} RUNNING
  s1:  RUNNING    LEADER s1@group-436914476215:t5, leader=s1, voted=s1, raftlog=Memoized:s1@group-436914476215-SegmentedRaftLog:OPENED:c8:last(t:5, i:8), conf=conf: {index: 7, cur=peers:[s0|localhost:15252, s1|localhost:15256, s2|localhost:15260]|listeners:[], old=null} RUNNING
  s2:  RUNNING  FOLLOWER s2@group-436914476215:t5, leader=s1, voted=s1, raftlog=Memoized:s2@group-436914476215-SegmentedRaftLog:OPENED:c7:last(t:5, i:8), conf=conf: {index: 7, cur=peers:[s0|localhost:15252, s1|localhost:15256, s2|localhost:15260]|listeners:[], old=null} RUNNING
2024-10-20 10:44:21,641 [main] INFO  ratis.RaftTestUtil (RaftTestUtil.java:waitForLeader(131)) - printing ALL groups
  s0:  RUNNING  FOLLOWER s0@group-436914476215:t5, leader=s1, voted=s1, raftlog=Memoized:s0@group-436914476215-SegmentedRaftLog:OPENED:c7:last(t:5, i:8), conf=conf: {index: 7, cur=peers:[s0|localhost:15252, s1|localhost:15256, s2|localhost:15260]|listeners:[], old=null} RUNNING
  s1:  RUNNING    LEADER s1@group-436914476215:t5, leader=s1, voted=s1, raftlog=Memoized:s1@group-436914476215-SegmentedRaftLog:OPENED:c8:last(t:5, i:8), conf=conf: {index: 7, cur=peers:[s0|localhost:15252, s1|localhost:15256, s2|localhost:15260]|listeners:[], old=null} RUNNING
  s2:  RUNNING  FOLLOWER s2@group-436914476215:t5, leader=s1, voted=s1, raftlog=Memoized:s2@group-436914476215-SegmentedRaftLog:OPENED:c7:last(t:5, i:8), conf=conf: {index: 7, cur=peers:[s0|localhost:15252, s1|localhost:15256, s2|localhost:15260]|listeners:[], old=null} RUNNING
2024-10-20 10:44:21,641 [main] WARN  ratis.RaftTestUtil (JavaUtils.java:attempt(231)) - FAILED "runTestChangeLeader-changeLeader", attempt #4/20, sleep 100ms and then retry: java.lang.IllegalStateException: Failed to change leader: newLeader == oldLeader == s1
2024-10-20 10:44:21,741 [main] INFO  server.RaftServerConfigKeys (ConfUtils.java:logGet(46)) - raft.server.rpc.timeout.max = 300ms (default)
2024-10-20 10:44:21,741 [main] INFO  ratis.RaftTestUtil (RaftTestUtil.java:waitForLeader(107)) - printing ALL groups
  s0:  RUNNING  FOLLOWER s0@group-436914476215:t5, leader=s1, voted=s1, raftlog=Memoized:s0@group-436914476215-SegmentedRaftLog:OPENED:c7:last(t:5, i:8), conf=conf: {index: 7, cur=peers:[s0|localhost:15252, s1|localhost:15256, s2|localhost:15260]|listeners:[], old=null} RUNNING
  s1:  RUNNING    LEADER s1@group-436914476215:t5, leader=s1, voted=s1, raftlog=Memoized:s1@group-436914476215-SegmentedRaftLog:OPENED:c8:last(t:5, i:8), conf=conf: {index: 7, cur=peers:[s0|localhost:15252, s1|localhost:15256, s2|localhost:15260]|listeners:[], old=null} RUNNING
  s2:  RUNNING  FOLLOWER s2@group-436914476215:t5, leader=s1, voted=s1, raftlog=Memoized:s2@group-436914476215-SegmentedRaftLog:OPENED:c7:last(t:5, i:8), conf=conf: {index: 7, cur=peers:[s0|localhost:15252, s1|localhost:15256, s2|localhost:15260]|listeners:[], old=null} RUNNING
2024-10-20 10:44:21,742 [main] INFO  ratis.RaftTestUtil (RaftTestUtil.java:waitForLeader(131)) - printing ALL groups
  s0:  RUNNING  FOLLOWER s0@group-436914476215:t5, leader=s1, voted=s1, raftlog=Memoized:s0@group-436914476215-SegmentedRaftLog:OPENED:c7:last(t:5, i:8), conf=conf: {index: 7, cur=peers:[s0|localhost:15252, s1|localhost:15256, s2|localhost:15260]|listeners:[], old=null} RUNNING
  s1:  RUNNING    LEADER s1@group-436914476215:t5, leader=s1, voted=s1, raftlog=Memoized:s1@group-436914476215-SegmentedRaftLog:OPENED:c8:last(t:5, i:8), conf=conf: {index: 7, cur=peers:[s0|localhost:15252, s1|localhost:15256, s2|localhost:15260]|listeners:[], old=null} RUNNING
  s2:  RUNNING  FOLLOWER s2@group-436914476215:t5, leader=s1, voted=s1, raftlog=Memoized:s2@group-436914476215-SegmentedRaftLog:OPENED:c7:last(t:5, i:8), conf=conf: {index: 7, cur=peers:[s0|localhost:15252, s1|localhost:15256, s2|localhost:15260]|listeners:[], old=null} RUNNING
2024-10-20 10:44:21,742 [main] WARN  ratis.RaftTestUtil (JavaUtils.java:attempt(231)) - FAILED "runTestChangeLeader-changeLeader", attempt #5/20, sleep 100ms and then retry: java.lang.IllegalStateException: Failed to change leader: newLeader == oldLeader == s1
2024-10-20 10:44:21,755 [s0@group-436914476215-FollowerState] INFO  impl.FollowerState (FollowerState.java:runImpl(161)) - s0@group-436914476215-FollowerState: change to CANDIDATE, lastRpcElapsedTime:439381107ns, electionTimeout:253ms
2024-10-20 10:44:21,755 [s0@group-436914476215-FollowerState] INFO  impl.RoleInfo (RoleInfo.java:shutdownFollowerState(121)) - s0: shutdown s0@group-436914476215-FollowerState
2024-10-20 10:44:21,755 [s0@group-436914476215-FollowerState] INFO  server.RaftServer$Division (RaftServerImpl.java:setRole(380)) - s0@group-436914476215: changes role from  FOLLOWER to CANDIDATE at term 5 for changeToCandidate
2024-10-20 10:44:21,755 [s0@group-436914476215-FollowerState] INFO  server.RaftServerConfigKeys (ConfUtils.java:logGet(46)) - raft.server.leaderelection.pre-vote = true (default)
2024-10-20 10:44:21,755 [s0@group-436914476215-FollowerState] INFO  impl.RoleInfo (RoleInfo.java:updateAndGet(148)) - s0: start s0@group-436914476215-LeaderElection75
2024-10-20 10:44:21,755 [s0@group-436914476215-LeaderElection75] INFO  server.RaftServer$Division (ServerState.java:setLeader(272)) - s0@group-436914476215: change Leader from s1 to null at term 5 for PRE_VOTE
2024-10-20 10:44:21,755 [s0@group-436914476215-LeaderElection75] INFO  impl.LeaderElection (LeaderElection.java:askForVotes(333)) - s0@group-436914476215-LeaderElection75 PRE_VOTE round 0: submit vote requests at term 5 for conf: {index: 7, cur=peers:[s0|localhost:15252, s1|localhost:15256, s2|localhost:15260]|listeners:[], old=null}
2024-10-20 10:44:21,756 [grpc-default-executor-11] INFO  server.RaftServer$Division (RaftServerImpl.java:requestVote(1447)) - s2@group-436914476215: receive requestVote(PRE_VOTE, s0, group-436914476215, 5, (t:5, i:8))
2024-10-20 10:44:21,756 [grpc-default-executor-3] INFO  server.RaftServer$Division (RaftServerImpl.java:requestVote(1447)) - s1@group-436914476215: receive requestVote(PRE_VOTE, s0, group-436914476215, 5, (t:5, i:8))
2024-10-20 10:44:21,757 [grpc-default-executor-11] INFO  impl.VoteContext (VoteContext.java:log(49)) - s2@group-436914476215-FOLLOWER: accept PRE_VOTE from s0: our priority 0 <= candidate's priority 0
2024-10-20 10:44:21,757 [grpc-default-executor-3] WARN  server.RaftServer$Division (LeaderStateImpl.java:checkLeadership(1117)) - s1@group-436914476215-LeaderStateImpl: Lost leadership on term: 5. Election timeout: 300ms. In charge for: 469ms. Conf: conf: {index: 7, cur=peers:[s0|localhost:15252, s1|localhost:15256, s2|localhost:15260]|listeners:[], old=null}
2024-10-20 10:44:21,757 [grpc-default-executor-11] INFO  server.RaftServer$Division (RaftServerImpl.java:requestVote(1480)) - s2@group-436914476215 replies to PRE_VOTE vote request: s0<-s2#0:OK-t5. Peer's state: s2@group-436914476215:t5, leader=s1, voted=s1, raftlog=Memoized:s2@group-436914476215-SegmentedRaftLog:OPENED:c7:last(t:5, i:8), conf=conf: {index: 7, cur=peers:[s0|localhost:15252, s1|localhost:15256, s2|localhost:15260]|listeners:[], old=null}
2024-10-20 10:44:21,757 [grpc-default-executor-3] WARN  server.RaftServer$Division (LeaderStateImpl.java:lambda$checkLeadership$20(1121)) - Follower s1@group-436914476215->s0(c7,m8,n9, caughtUp=true, lastRpcSendTime=24, lastRpcResponseTime=440)
2024-10-20 10:44:21,757 [grpc-default-executor-3] WARN  server.RaftServer$Division (LeaderStateImpl.java:lambda$checkLeadership$20(1121)) - Follower s1@group-436914476215->s2(c7,m8,n9, caughtUp=true, lastRpcSendTime=28, lastRpcResponseTime=443)
2024-10-20 10:44:21,757 [grpc-default-executor-3] INFO  server.RaftServer$Division (RaftServerImpl.java:setRole(380)) - s1@group-436914476215: changes role from    LEADER to FOLLOWER at term 5 for StepDownReason:LOST_MAJORITY_HEARTBEATS
2024-10-20 10:44:21,757 [grpc-default-executor-3] INFO  impl.RoleInfo (RoleInfo.java:shutdownLeaderState(103)) - s1: shutdown s1@group-436914476215-LeaderStateImpl
2024-10-20 10:44:21,757 [s1@group-436914476215->s0-GrpcLogAppender-LogAppenderDaemon] WARN  server.GrpcLogAppender (GrpcLogAppender.java:mayWait(293)) - s1@group-436914476215->s0-GrpcLogAppender: Wait interrupted by java.lang.InterruptedException
2024-10-20 10:44:21,757 [grpc-default-executor-3] INFO  impl.PendingRequests (PendingRequests.java:sendNotLeaderResponses(287)) - s1@group-436914476215-PendingRequests: sendNotLeaderResponses
2024-10-20 10:44:21,757 [s0@group-436914476215-LeaderElection75] INFO  impl.LeaderElection (LeaderElection.java:logAndReturn(90)) - s0@group-436914476215-LeaderElection75: PRE_VOTE PASSED received 1 response(s) and 0 exception(s):
2024-10-20 10:44:21,757 [s0@group-436914476215-LeaderElection75] INFO  impl.LeaderElection (LeaderElection.java:logAndReturn(94)) -   Response 0: s0<-s2#0:OK-t5
2024-10-20 10:44:21,758 [s0@group-436914476215-LeaderElection75] INFO  impl.LeaderElection (LeaderElection.java:askForVotes(335)) - s0@group-436914476215-LeaderElection75 PRE_VOTE round 0: result PASSED
2024-10-20 10:44:21,758 [grpc-default-executor-11] INFO  server.GrpcServerProtocolService (GrpcServerProtocolService.java:onCompleted(200)) - s0: Completed APPEND_ENTRIES, lastRequest: s1->s0#2-t5,previous=(t:5, i:7),leaderCommit=7,initializing? false,entries: size=1, first=(t:5, i:8), METADATAENTRY(c:7)
2024-10-20 10:44:21,758 [grpc-default-executor-11] INFO  server.GrpcServerProtocolService (GrpcServerProtocolService.java:lambda$onCompleted$7(202)) - s0: Completed APPEND_ENTRIES, lastReply: null
2024-10-20 10:44:21,757 [s1@group-436914476215->s2-GrpcLogAppender-LogAppenderDaemon] WARN  server.GrpcLogAppender (GrpcLogAppender.java:mayWait(293)) - s1@group-436914476215->s2-GrpcLogAppender: Wait interrupted by java.lang.InterruptedException
2024-10-20 10:44:21,758 [s0@group-436914476215-LeaderElection75] TRACE util.FileUtils (LogUtils.java:supplyAndLog(69)) - Successfully supplied FileChannel.open /home/runner/work/ratis/ratis/ratis-test/target/test/data/d69430f5/MiniRaftClusterWithGrpc6b9d6d2d/s0/fd8814ef-b2fd-4859-a487-436914476215/current/raft-meta.tmp with options [CREATE, WRITE]: sun.nio.ch.FileChannelImpl@60aa511a
2024-10-20 10:44:21,758 [grpc-default-executor-11] INFO  server.GrpcLogAppender (GrpcLogAppender.java:onCompleted(559)) - s1@group-436914476215->s0-AppendLogResponseHandler: follower responses appendEntries COMPLETED
2024-10-20 10:44:21,758 [grpc-default-executor-3] INFO  server.RaftServer$Division (ServerState.java:setLeader(272)) - s1@group-436914476215: change Leader from s1 to null at term 5 for StepDownReason:LOST_MAJORITY_HEARTBEATS
2024-10-20 10:44:21,758 [grpc-default-executor-3] INFO  impl.RoleInfo (RoleInfo.java:updateAndGet(148)) - s1: start s1@group-436914476215-FollowerState
2024-10-20 10:44:21,758 [grpc-default-executor-11] INFO  server.GrpcServerProtocolService (GrpcServerProtocolService.java:onCompleted(200)) - s2: Completed APPEND_ENTRIES, lastRequest: s1->s2#2-t5,previous=(t:5, i:7),leaderCommit=7,initializing? false,entries: size=1, first=(t:5, i:8), METADATAENTRY(c:7)
2024-10-20 10:44:21,758 [grpc-default-executor-11] INFO  server.GrpcServerProtocolService (GrpcServerProtocolService.java:lambda$onCompleted$7(202)) - s2: Completed APPEND_ENTRIES, lastReply: null
2024-10-20 10:44:21,758 [grpc-default-executor-3] INFO  impl.VoteContext (VoteContext.java:log(49)) - s1@group-436914476215-FOLLOWER: accept PRE_VOTE from s0: our priority 0 <= candidate's priority 0
2024-10-20 10:44:21,759 [grpc-default-executor-3] INFO  server.RaftServer$Division (RaftServerImpl.java:requestVote(1480)) - s1@group-436914476215 replies to PRE_VOTE vote request: s0<-s1#0:OK-t5. Peer's state: s1@group-436914476215:t5, leader=null, voted=s1, raftlog=Memoized:s1@group-436914476215-SegmentedRaftLog:OPENED:c8:last(t:5, i:8), conf=conf: {index: 7, cur=peers:[s0|localhost:15252, s1|localhost:15256, s2|localhost:15260]|listeners:[], old=null}
2024-10-20 10:44:21,759 [grpc-default-executor-6] INFO  server.GrpcLogAppender (GrpcLogAppender.java:onCompleted(559)) - s1@group-436914476215->s2-AppendLogResponseHandler: follower responses appendEntries COMPLETED
2024-10-20 10:44:21,759 [s0@group-436914476215-LeaderElection75] TRACE util.FileUtils (LogUtils.java:runAndLog(49)) - Successfully ran Atomic Files.move /home/runner/work/ratis/ratis/ratis-test/target/test/data/d69430f5/MiniRaftClusterWithGrpc6b9d6d2d/s0/fd8814ef-b2fd-4859-a487-436914476215/current/raft-meta.tmp to /home/runner/work/ratis/ratis/ratis-test/target/test/data/d69430f5/MiniRaftClusterWithGrpc6b9d6d2d/s0/fd8814ef-b2fd-4859-a487-436914476215/current/raft-meta with options [REPLACE_EXISTING]
2024-10-20 10:44:21,759 [s0@group-436914476215-LeaderElection75] INFO  impl.LeaderElection (LeaderElection.java:askForVotes(333)) - s0@group-436914476215-LeaderElection75 ELECTION round 0: submit vote requests at term 6 for conf: {index: 7, cur=peers:[s0|localhost:15252, s1|localhost:15256, s2|localhost:15260]|listeners:[], old=null}
2024-10-20 10:44:21,760 [grpc-default-executor-6] INFO  server.RaftServer$Division (RaftServerImpl.java:requestVote(1447)) - s2@group-436914476215: receive requestVote(ELECTION, s0, group-436914476215, 6, (t:5, i:8))
2024-10-20 10:44:21,760 [grpc-default-executor-11] INFO  server.RaftServer$Division (RaftServerImpl.java:requestVote(1447)) - s1@group-436914476215: receive requestVote(ELECTION, s0, group-436914476215, 6, (t:5, i:8))
2024-10-20 10:44:21,760 [grpc-default-executor-6] INFO  impl.VoteContext (VoteContext.java:log(49)) - s2@group-436914476215-FOLLOWER: accept ELECTION from s0: our priority 0 <= candidate's priority 0
2024-10-20 10:44:21,760 [grpc-default-executor-11] INFO  impl.VoteContext (VoteContext.java:log(49)) - s1@group-436914476215-FOLLOWER: accept ELECTION from s0: our priority 0 <= candidate's priority 0
2024-10-20 10:44:21,760 [grpc-default-executor-6] INFO  server.RaftServer$Division (RaftServerImpl.java:setRole(380)) - s2@group-436914476215: changes role from  FOLLOWER to FOLLOWER at term 5 for candidate:s0
2024-10-20 10:44:21,761 [grpc-default-executor-6] INFO  impl.RoleInfo (RoleInfo.java:shutdownFollowerState(121)) - s2: shutdown s2@group-436914476215-FollowerState
2024-10-20 10:44:21,761 [grpc-default-executor-6] INFO  server.RaftServer$Division (ServerState.java:setLeader(272)) - s2@group-436914476215: change Leader from s1 to null at term 6 for updateCurrentTerm
2024-10-20 10:44:21,760 [grpc-default-executor-11] INFO  server.RaftServer$Division (RaftServerImpl.java:setRole(380)) - s1@group-436914476215: changes role from  FOLLOWER to FOLLOWER at term 5 for candidate:s0
2024-10-20 10:44:21,761 [grpc-default-executor-11] INFO  impl.RoleInfo (RoleInfo.java:shutdownFollowerState(121)) - s1: shutdown s1@group-436914476215-FollowerState
2024-10-20 10:44:21,761 [s2@group-436914476215-FollowerState] INFO  impl.FollowerState (FollowerState.java:runImpl(170)) - s2@group-436914476215-FollowerState was interrupted
2024-10-20 10:44:21,761 [grpc-default-executor-6] INFO  impl.RoleInfo (RoleInfo.java:updateAndGet(148)) - s2: start s2@group-436914476215-FollowerState
2024-10-20 10:44:21,761 [s1@group-436914476215-FollowerState] INFO  impl.FollowerState (FollowerState.java:runImpl(170)) - s1@group-436914476215-FollowerState was interrupted
2024-10-20 10:44:21,761 [grpc-default-executor-11] INFO  impl.RoleInfo (RoleInfo.java:updateAndGet(148)) - s1: start s1@group-436914476215-FollowerState
2024-10-20 10:44:21,761 [grpc-default-executor-6] TRACE util.FileUtils (LogUtils.java:supplyAndLog(69)) - Successfully supplied FileChannel.open /home/runner/work/ratis/ratis/ratis-test/target/test/data/d69430f5/MiniRaftClusterWithGrpc6b9d6d2d/s2/fd8814ef-b2fd-4859-a487-436914476215/current/raft-meta.tmp with options [CREATE, WRITE]: sun.nio.ch.FileChannelImpl@43754278
2024-10-20 10:44:21,761 [grpc-default-executor-11] TRACE util.FileUtils (LogUtils.java:supplyAndLog(69)) - Successfully supplied FileChannel.open /home/runner/work/ratis/ratis/ratis-test/target/test/data/d69430f5/MiniRaftClusterWithGrpc6b9d6d2d/s1/fd8814ef-b2fd-4859-a487-436914476215/current/raft-meta.tmp with options [CREATE, WRITE]: sun.nio.ch.FileChannelImpl@116fdb08
2024-10-20 10:44:21,763 [grpc-default-executor-6] TRACE util.FileUtils (LogUtils.java:runAndLog(49)) - Successfully ran Atomic Files.move /home/runner/work/ratis/ratis/ratis-test/target/test/data/d69430f5/MiniRaftClusterWithGrpc6b9d6d2d/s2/fd8814ef-b2fd-4859-a487-436914476215/current/raft-meta.tmp to /home/runner/work/ratis/ratis/ratis-test/target/test/data/d69430f5/MiniRaftClusterWithGrpc6b9d6d2d/s2/fd8814ef-b2fd-4859-a487-436914476215/current/raft-meta with options [REPLACE_EXISTING]
2024-10-20 10:44:21,763 [grpc-default-executor-6] INFO  server.RaftServer$Division (RaftServerImpl.java:requestVote(1480)) - s2@group-436914476215 replies to ELECTION vote request: s0<-s2#0:OK-t6. Peer's state: s2@group-436914476215:t6, leader=null, voted=s0, raftlog=Memoized:s2@group-436914476215-SegmentedRaftLog:OPENED:c7:last(t:5, i:8), conf=conf: {index: 7, cur=peers:[s0|localhost:15252, s1|localhost:15256, s2|localhost:15260]|listeners:[], old=null}
2024-10-20 10:44:21,763 [grpc-default-executor-11] TRACE util.FileUtils (LogUtils.java:runAndLog(49)) - Successfully ran Atomic Files.move /home/runner/work/ratis/ratis/ratis-test/target/test/data/d69430f5/MiniRaftClusterWithGrpc6b9d6d2d/s1/fd8814ef-b2fd-4859-a487-436914476215/current/raft-meta.tmp to /home/runner/work/ratis/ratis/ratis-test/target/test/data/d69430f5/MiniRaftClusterWithGrpc6b9d6d2d/s1/fd8814ef-b2fd-4859-a487-436914476215/current/raft-meta with options [REPLACE_EXISTING]
2024-10-20 10:44:21,763 [grpc-default-executor-11] INFO  server.RaftServer$Division (RaftServerImpl.java:requestVote(1480)) - s1@group-436914476215 replies to ELECTION vote request: s0<-s1#0:OK-t6. Peer's state: s1@group-436914476215:t6, leader=null, voted=s0, raftlog=Memoized:s1@group-436914476215-SegmentedRaftLog:OPENED:c8:last(t:5, i:8), conf=conf: {index: 7, cur=peers:[s0|localhost:15252, s1|localhost:15256, s2|localhost:15260]|listeners:[], old=null}
2024-10-20 10:44:21,763 [s0@group-436914476215-LeaderElection75] INFO  impl.LeaderElection (LeaderElection.java:logAndReturn(90)) - s0@group-436914476215-LeaderElection75: ELECTION PASSED received 1 response(s) and 0 exception(s):
2024-10-20 10:44:21,763 [s0@group-436914476215-LeaderElection75] INFO  impl.LeaderElection (LeaderElection.java:logAndReturn(94)) -   Response 0: s0<-s2#0:OK-t6
2024-10-20 10:44:21,763 [s0@group-436914476215-LeaderElection75] INFO  impl.LeaderElection (LeaderElection.java:askForVotes(335)) - s0@group-436914476215-LeaderElection75 ELECTION round 0: result PASSED
2024-10-20 10:44:21,763 [s0@group-436914476215-LeaderElection75] INFO  impl.RoleInfo (RoleInfo.java:shutdownLeaderElection(141)) - s0: shutdown s0@group-436914476215-LeaderElection75
2024-10-20 10:44:21,763 [s0@group-436914476215-LeaderElection75] INFO  server.RaftServer$Division (RaftServerImpl.java:setRole(380)) - s0@group-436914476215: changes role from CANDIDATE to LEADER at term 6 for changeToLeader
2024-10-20 10:44:21,763 [s0@group-436914476215-LeaderElection75] INFO  server.RaftServerConfigKeys (ConfUtils.java:logGet(46)) - raft.server.staging.catchup.gap = 1000 (default)
2024-10-20 10:44:21,763 [s0@group-436914476215-LeaderElection75] INFO  server.RaftServerConfigKeys (ConfUtils.java:logGet(46)) - raft.server.write.element-limit = 4096 (default)
2024-10-20 10:44:21,764 [s0@group-436914476215-LeaderElection75] INFO  server.RaftServerConfigKeys (ConfUtils.java:logGet(46)) - raft.server.write.byte-limit = 64MB (=67108864) (default)
2024-10-20 10:44:21,764 [s0@group-436914476215-LeaderElection75] INFO  server.RaftServerConfigKeys (ConfUtils.java:logGet(46)) - raft.server.watch.timeout = 10s (default)
2024-10-20 10:44:21,764 [s0@group-436914476215-LeaderElection75] INFO  server.RaftServerConfigKeys (ConfUtils.java:logGet(46)) - raft.server.watch.timeout.denomination = 1s (default)
2024-10-20 10:44:21,764 [s0@group-436914476215-LeaderElection75] INFO  server.RaftServerConfigKeys (ConfUtils.java:logGet(46)) - raft.server.watch.element-limit = 65536 (default)
2024-10-20 10:44:21,764 [s0@group-436914476215-LeaderElection75] INFO  server.RaftServerConfigKeys (ConfUtils.java:logGet(46)) - raft.server.read.leader.lease.enabled = true (custom)
2024-10-20 10:44:21,764 [s0@group-436914476215-LeaderElection75] INFO  server.RaftServerConfigKeys (ConfUtils.java:logGet(46)) - raft.server.read.leader.lease.timeout.ratio = 0.5 (custom)
2024-10-20 10:44:21,764 [s0@group-436914476215-LeaderElection75] INFO  server.RaftServerConfigKeys (ConfUtils.java:logGet(46)) - raft.server.rpc.timeout.min = 150ms (default)
2024-10-20 10:44:21,764 [s0@group-436914476215-LeaderElection75] INFO  server.RaftServerConfigKeys (ConfUtils.java:logGet(46)) - raft.server.log.log-metadata.enabled = true (default)
2024-10-20 10:44:21,764 [s0@group-436914476215-LeaderElection75] INFO  server.RaftServerConfigKeys (ConfUtils.java:logGet(46)) - raft.server.write.element-limit = 4096 (default)
2024-10-20 10:44:21,764 [s0@group-436914476215-LeaderElection75] INFO  server.RaftServerConfigKeys (ConfUtils.java:logGet(46)) - raft.server.write.follower.gap.ratio.max = -1.0 (default)
2024-10-20 10:44:21,764 [s0@group-436914476215-LeaderElection75] INFO  server.RaftServerConfigKeys (ConfUtils.java:logGet(46)) - raft.server.log.appender.snapshot.chunk.size.max = 16MB (=16777216) (default)
2024-10-20 10:44:21,764 [s0@group-436914476215-LeaderElection75] INFO  server.RaftServerConfigKeys (ConfUtils.java:logGet(46)) - raft.server.log.appender.buffer.byte-limit = 4MB (=4194304) (default)
2024-10-20 10:44:21,764 [s0@group-436914476215-LeaderElection75] INFO  server.RaftServerConfigKeys (ConfUtils.java:logGet(46)) - raft.server.log.appender.buffer.element-limit = 0 (default)
2024-10-20 10:44:21,764 [s0@group-436914476215-LeaderElection75] INFO  server.RaftServerConfigKeys (ConfUtils.java:logGet(46)) - raft.server.log.appender.wait-time.min = 1ms (default)
2024-10-20 10:44:21,764 [s0@group-436914476215-LeaderElection75] INFO  grpc.GrpcConfigKeys (ConfUtils.java:logGet(46)) - raft.grpc.server.leader.outstanding.appends.max = 8 (default)
2024-10-20 10:44:21,764 [s0@group-436914476215-LeaderElection75] INFO  server.RaftServerConfigKeys (ConfUtils.java:logGet(46)) - raft.server.rpc.request.timeout = 3000ms (default)
2024-10-20 10:44:21,765 [s0@group-436914476215-LeaderElection75] INFO  grpc.GrpcConfigKeys (ConfUtils.java:logGet(46)) - raft.grpc.server.install_snapshot.request.element-limit = 8 (default)
2024-10-20 10:44:21,765 [s0@group-436914476215-LeaderElection75] INFO  grpc.GrpcConfigKeys (ConfUtils.java:logGet(46)) - raft.grpc.server.install_snapshot.request.timeout = 3000ms (default)
2024-10-20 10:44:21,765 [s0@group-436914476215-LeaderElection75] INFO  grpc.GrpcConfigKeys (ConfUtils.java:logGet(46)) - raft.grpc.server.log-message.batch.duration = 5s (default)
2024-10-20 10:44:21,765 [s0@group-436914476215-LeaderElection75] INFO  server.RaftServerConfigKeys (ConfUtils.java:logGet(46)) - raft.server.log.appender.install.snapshot.enabled = true (default)
2024-10-20 10:44:21,765 [s0@group-436914476215-LeaderElection75] INFO  grpc.GrpcConfigKeys (ConfUtils.java:logGet(46)) - raft.grpc.server.heartbeat.channel = true (default)
2024-10-20 10:44:21,765 [s0@group-436914476215-LeaderElection75] INFO  server.RaftServerConfigKeys (ConfUtils.java:logGet(46)) - raft.server.log.appender.snapshot.chunk.size.max = 16MB (=16777216) (default)
2024-10-20 10:44:21,765 [s0@group-436914476215-LeaderElection75] INFO  server.RaftServerConfigKeys (ConfUtils.java:logGet(46)) - raft.server.log.appender.buffer.byte-limit = 4MB (=4194304) (default)
2024-10-20 10:44:21,765 [s0@group-436914476215-LeaderElection75] INFO  server.RaftServerConfigKeys (ConfUtils.java:logGet(46)) - raft.server.log.appender.buffer.element-limit = 0 (default)
2024-10-20 10:44:21,765 [s0@group-436914476215-LeaderElection75] INFO  server.RaftServerConfigKeys (ConfUtils.java:logGet(46)) - raft.server.log.appender.wait-time.min = 1ms (default)
2024-10-20 10:44:21,765 [s0@group-436914476215-LeaderElection75] INFO  grpc.GrpcConfigKeys (ConfUtils.java:logGet(46)) - raft.grpc.server.leader.outstanding.appends.max = 8 (default)
2024-10-20 10:44:21,765 [s0@group-436914476215-LeaderElection75] INFO  server.RaftServerConfigKeys (ConfUtils.java:logGet(46)) - raft.server.rpc.request.timeout = 3000ms (default)
2024-10-20 10:44:21,765 [s0@group-436914476215-LeaderElection75] INFO  grpc.GrpcConfigKeys (ConfUtils.java:logGet(46)) - raft.grpc.server.install_snapshot.request.element-limit = 8 (default)
2024-10-20 10:44:21,765 [s0@group-436914476215-LeaderElection75] INFO  grpc.GrpcConfigKeys (ConfUtils.java:logGet(46)) - raft.grpc.server.install_snapshot.request.timeout = 3000ms (default)
2024-10-20 10:44:21,765 [s0@group-436914476215-LeaderElection75] INFO  grpc.GrpcConfigKeys (ConfUtils.java:logGet(46)) - raft.grpc.server.log-message.batch.duration = 5s (default)
2024-10-20 10:44:21,765 [s0@group-436914476215-LeaderElection75] INFO  server.RaftServerConfigKeys (ConfUtils.java:logGet(46)) - raft.server.log.appender.install.snapshot.enabled = true (default)
2024-10-20 10:44:21,765 [s0@group-436914476215-LeaderElection75] INFO  grpc.GrpcConfigKeys (ConfUtils.java:logGet(46)) - raft.grpc.server.heartbeat.channel = true (default)
2024-10-20 10:44:21,765 [s0@group-436914476215-LeaderElection75] INFO  impl.RoleInfo (RoleInfo.java:updateAndGet(148)) - s0: start s0@group-436914476215-LeaderStateImpl
2024-10-20 10:44:21,766 [s0@group-436914476215-LeaderElection75] INFO  server.RaftServer$Division (ServerState.java:setLeader(272)) - s0@group-436914476215: change Leader from null to s0 at term 6 for becomeLeader, leader elected after 10ms
2024-10-20 10:44:21,766 [s0@group-436914476215-LeaderElection75] INFO  segmented.SegmentedRaftLogWorker (SegmentedRaftLogWorker.java:rollLogSegment(447)) - s0@group-436914476215-SegmentedRaftLogWorker: Rolling segment log-7_8 to index:8
2024-10-20 10:44:21,766 [s0@group-436914476215-LeaderElection75] INFO  server.RaftServer$Division (ServerState.java:setRaftConf(386)) - s0@group-436914476215: set configuration conf: {index: 9, cur=peers:[s0|localhost:15252, s1|localhost:15256, s2|localhost:15260]|listeners:[], old=null}
2024-10-20 10:44:21,767 [s0@group-436914476215-SegmentedRaftLogWorker] TRACE util.FileUtils (LogUtils.java:runAndLog(49)) - Successfully ran Atomic Files.move /home/runner/work/ratis/ratis/ratis-test/target/test/data/d69430f5/MiniRaftClusterWithGrpc6b9d6d2d/s0/fd8814ef-b2fd-4859-a487-436914476215/current/log_inprogress_7 to /home/runner/work/ratis/ratis/ratis-test/target/test/data/d69430f5/MiniRaftClusterWithGrpc6b9d6d2d/s0/fd8814ef-b2fd-4859-a487-436914476215/current/log_7-8
2024-10-20 10:44:21,767 [s0@group-436914476215-SegmentedRaftLogWorker] INFO  segmented.SegmentedRaftLogWorker (SegmentedRaftLogWorker.java:execute(620)) - s0@group-436914476215-SegmentedRaftLogWorker: Rolled log segment from /home/runner/work/ratis/ratis/ratis-test/target/test/data/d69430f5/MiniRaftClusterWithGrpc6b9d6d2d/s0/fd8814ef-b2fd-4859-a487-436914476215/current/log_inprogress_7 to /home/runner/work/ratis/ratis/ratis-test/target/test/data/d69430f5/MiniRaftClusterWithGrpc6b9d6d2d/s0/fd8814ef-b2fd-4859-a487-436914476215/current/log_7-8
2024-10-20 10:44:21,767 [s0@group-436914476215-SegmentedRaftLogWorker] INFO  segmented.BufferedWriteChannel (BufferedWriteChannel.java:open(61)) - open log_inprogress_9 at position 0
2024-10-20 10:44:21,768 [s2-server-thread3] INFO  server.RaftServer$Division (ServerState.java:setLeader(272)) - s2@group-436914476215: change Leader from null to s0 at term 6 for appendEntries, leader elected after 7ms
2024-10-20 10:44:21,769 [s1-server-thread1] INFO  server.RaftServer$Division (ServerState.java:setLeader(272)) - s1@group-436914476215: change Leader from null to s0 at term 6 for appendEntries, leader elected after 11ms
2024-10-20 10:44:21,770 [s2-server-thread1] DEBUG server.RaftServer$Division (RaftServerImpl.java:logAppendEntries(1549)) - s2@group-436914476215: appendEntries* s0->s2#1-t6,previous=(t:5, i:8),leaderCommit=7,initializing? false,entries: size=1, first=(t:6, i:9), CONFIGURATIONENTRY(current:id:"s0"address:"localhost:15252"dataStreamAddress:"localhost:15255"clientAddress:"localhost:15254"adminAddress:"localhost:15253"startupRole:FOLLOWER, id:"s1"address:"localhost:15256"dataStreamAddress:"localhost:15259"clientAddress:"localhost:15258"adminAddress:"localhost:15257"startupRole:FOLLOWER, id:"s2"address:"localhost:15260"dataStreamAddress:"localhost:15263"clientAddress:"localhost:15262"adminAddress:"localhost:15261"startupRole:FOLLOWER, old:)
2024-10-20 10:44:21,770 [s1-server-thread2] DEBUG server.RaftServer$Division (RaftServerImpl.java:logAppendEntries(1549)) - s1@group-436914476215: appendEntries* s0->s1#1-t6,previous=(t:5, i:8),leaderCommit=7,initializing? false,entries: size=1, first=(t:6, i:9), CONFIGURATIONENTRY(current:id:"s0"address:"localhost:15252"dataStreamAddress:"localhost:15255"clientAddress:"localhost:15254"adminAddress:"localhost:15253"startupRole:FOLLOWER, id:"s1"address:"localhost:15256"dataStreamAddress:"localhost:15259"clientAddress:"localhost:15258"adminAddress:"localhost:15257"startupRole:FOLLOWER, id:"s2"address:"localhost:15260"dataStreamAddress:"localhost:15263"clientAddress:"localhost:15262"adminAddress:"localhost:15261"startupRole:FOLLOWER, old:)
2024-10-20 10:44:21,770 [s2-server-thread1] INFO  server.RaftServer$Division (ServerState.java:setRaftConf(386)) - s2@group-436914476215: set configuration conf: {index: 9, cur=peers:[s0|localhost:15252, s1|localhost:15256, s2|localhost:15260]|listeners:[], old=null}
2024-10-20 10:44:21,770 [s2-server-thread1] INFO  segmented.SegmentedRaftLogWorker (SegmentedRaftLogWorker.java:rollLogSegment(447)) - s2@group-436914476215-SegmentedRaftLogWorker: Rolling segment log-7_8 to index:8
2024-10-20 10:44:21,771 [s2@group-436914476215-SegmentedRaftLogWorker] TRACE util.FileUtils (LogUtils.java:runAndLog(49)) - Successfully ran Atomic Files.move /home/runner/work/ratis/ratis/ratis-test/target/test/data/d69430f5/MiniRaftClusterWithGrpc6b9d6d2d/s2/fd8814ef-b2fd-4859-a487-436914476215/current/log_inprogress_7 to /home/runner/work/ratis/ratis/ratis-test/target/test/data/d69430f5/MiniRaftClusterWithGrpc6b9d6d2d/s2/fd8814ef-b2fd-4859-a487-436914476215/current/log_7-8
2024-10-20 10:44:21,771 [s2@group-436914476215-SegmentedRaftLogWorker] INFO  segmented.SegmentedRaftLogWorker (SegmentedRaftLogWorker.java:execute(620)) - s2@group-436914476215-SegmentedRaftLogWorker: Rolled log segment from /home/runner/work/ratis/ratis/ratis-test/target/test/data/d69430f5/MiniRaftClusterWithGrpc6b9d6d2d/s2/fd8814ef-b2fd-4859-a487-436914476215/current/log_inprogress_7 to /home/runner/work/ratis/ratis/ratis-test/target/test/data/d69430f5/MiniRaftClusterWithGrpc6b9d6d2d/s2/fd8814ef-b2fd-4859-a487-436914476215/current/log_7-8
2024-10-20 10:44:21,772 [s2@group-436914476215-SegmentedRaftLogWorker] INFO  segmented.BufferedWriteChannel (BufferedWriteChannel.java:open(61)) - open log_inprogress_9 at position 0
2024-10-20 10:44:21,770 [s1-server-thread2] INFO  server.RaftServer$Division (ServerState.java:setRaftConf(386)) - s1@group-436914476215: set configuration conf: {index: 9, cur=peers:[s0|localhost:15252, s1|localhost:15256, s2|localhost:15260]|listeners:[], old=null}
2024-10-20 10:44:21,775 [s1-server-thread2] INFO  segmented.SegmentedRaftLogWorker (SegmentedRaftLogWorker.java:rollLogSegment(447)) - s1@group-436914476215-SegmentedRaftLogWorker: Rolling segment log-7_8 to index:8
2024-10-20 10:44:21,776 [s1@group-436914476215-SegmentedRaftLogWorker] TRACE util.FileUtils (LogUtils.java:runAndLog(49)) - Successfully ran Atomic Files.move /home/runner/work/ratis/ratis/ratis-test/target/test/data/d69430f5/MiniRaftClusterWithGrpc6b9d6d2d/s1/fd8814ef-b2fd-4859-a487-436914476215/current/log_inprogress_7 to /home/runner/work/ratis/ratis/ratis-test/target/test/data/d69430f5/MiniRaftClusterWithGrpc6b9d6d2d/s1/fd8814ef-b2fd-4859-a487-436914476215/current/log_7-8
2024-10-20 10:44:21,776 [s1@group-436914476215-SegmentedRaftLogWorker] INFO  segmented.SegmentedRaftLogWorker (SegmentedRaftLogWorker.java:execute(620)) - s1@group-436914476215-SegmentedRaftLogWorker: Rolled log segment from /home/runner/work/ratis/ratis/ratis-test/target/test/data/d69430f5/MiniRaftClusterWithGrpc6b9d6d2d/s1/fd8814ef-b2fd-4859-a487-436914476215/current/log_inprogress_7 to /home/runner/work/ratis/ratis/ratis-test/target/test/data/d69430f5/MiniRaftClusterWithGrpc6b9d6d2d/s1/fd8814ef-b2fd-4859-a487-436914476215/current/log_7-8
2024-10-20 10:44:21,776 [s1@group-436914476215-SegmentedRaftLogWorker] INFO  segmented.BufferedWriteChannel (BufferedWriteChannel.java:open(61)) - open log_inprogress_9 at position 0
2024-10-20 10:44:21,782 [s0@group-436914476215-SegmentedRaftLogWorker] INFO  segmented.SegmentedRaftLogWorker (SegmentedRaftLogWorker.java:execute(663)) - s0@group-436914476215-SegmentedRaftLogWorker: created new log segment /home/runner/work/ratis/ratis/ratis-test/target/test/data/d69430f5/MiniRaftClusterWithGrpc6b9d6d2d/s0/fd8814ef-b2fd-4859-a487-436914476215/current/log_inprogress_9
2024-10-20 10:44:21,786 [s2@group-436914476215-SegmentedRaftLogWorker] INFO  segmented.SegmentedRaftLogWorker (SegmentedRaftLogWorker.java:execute(663)) - s2@group-436914476215-SegmentedRaftLogWorker: created new log segment /home/runner/work/ratis/ratis/ratis-test/target/test/data/d69430f5/MiniRaftClusterWithGrpc6b9d6d2d/s2/fd8814ef-b2fd-4859-a487-436914476215/current/log_inprogress_9
2024-10-20 10:44:21,787 [s2-server-thread1] DEBUG server.RaftServer$Division (RaftServerImpl.java:logAppendEntries(1549)) - s2@group-436914476215: appendEntries* reply s0<-s2#1:OK-t6,SUCCESS,nextIndex=10,followerCommit=7,matchIndex=9
2024-10-20 10:44:21,787 [s1@group-436914476215-SegmentedRaftLogWorker] INFO  segmented.SegmentedRaftLogWorker (SegmentedRaftLogWorker.java:execute(663)) - s1@group-436914476215-SegmentedRaftLogWorker: created new log segment /home/runner/work/ratis/ratis/ratis-test/target/test/data/d69430f5/MiniRaftClusterWithGrpc6b9d6d2d/s1/fd8814ef-b2fd-4859-a487-436914476215/current/log_inprogress_9
2024-10-20 10:44:21,787 [s0@group-436914476215-StateMachineUpdater] TRACE util.FileUtils (LogUtils.java:supplyAndLog(69)) - Successfully supplied FileChannel.open /home/runner/work/ratis/ratis/ratis-test/target/test/data/d69430f5/MiniRaftClusterWithGrpc6b9d6d2d/s0/fd8814ef-b2fd-4859-a487-436914476215/current/raft-meta.conf.tmp with options [CREATE, WRITE]: sun.nio.ch.FileChannelImpl@6401ffff
2024-10-20 10:44:21,788 [s1-server-thread2] DEBUG server.RaftServer$Division (RaftServerImpl.java:logAppendEntries(1549)) - s1@group-436914476215: appendEntries* reply s0<-s1#1:OK-t6,SUCCESS,nextIndex=10,followerCommit=8,matchIndex=9
2024-10-20 10:44:21,789 [s2-server-thread1] DEBUG server.RaftServer$Division (RaftServerImpl.java:logAppendEntries(1549)) - s2@group-436914476215: appendEntries* s0->s2#3-t6,previous=(t:6, i:9),leaderCommit=9,initializing? false,entries: size=1, first=(t:6, i:10), METADATAENTRY(c:9)
2024-10-20 10:44:21,789 [s0@group-436914476215-StateMachineUpdater] TRACE util.FileUtils (LogUtils.java:runAndLog(49)) - Successfully ran Atomic Files.move /home/runner/work/ratis/ratis/ratis-test/target/test/data/d69430f5/MiniRaftClusterWithGrpc6b9d6d2d/s0/fd8814ef-b2fd-4859-a487-436914476215/current/raft-meta.conf.tmp to /home/runner/work/ratis/ratis/ratis-test/target/test/data/d69430f5/MiniRaftClusterWithGrpc6b9d6d2d/s0/fd8814ef-b2fd-4859-a487-436914476215/current/raft-meta.conf with options [REPLACE_EXISTING]
2024-10-20 10:44:21,790 [s0@group-436914476215-StateMachineUpdater] INFO  server.RaftServer$Division (LeaderStateImpl.java:checkStartIndex(314)) - Leader s0@group-436914476215-LeaderStateImpl is ready since appliedIndex == startIndex == 9
2024-10-20 10:44:21,790 [s1-server-thread2] DEBUG server.RaftServer$Division (RaftServerImpl.java:logAppendEntries(1549)) - s1@group-436914476215: appendEntries* s0->s1#2-t6,previous=(t:6, i:9),leaderCommit=9,initializing? false,entries: size=1, first=(t:6, i:10), METADATAENTRY(c:9)
2024-10-20 10:44:21,790 [s2-server-thread1] DEBUG server.RaftServer$Division (RaftServerImpl.java:logAppendEntries(1549)) - s2@group-436914476215: appendEntries* reply s0<-s2#3:OK-t6,SUCCESS,nextIndex=11,followerCommit=9,matchIndex=10
2024-10-20 10:44:21,790 [s2@group-436914476215-StateMachineUpdater] TRACE util.FileUtils (LogUtils.java:supplyAndLog(69)) - Successfully supplied FileChannel.open /home/runner/work/ratis/ratis/ratis-test/target/test/data/d69430f5/MiniRaftClusterWithGrpc6b9d6d2d/s2/fd8814ef-b2fd-4859-a487-436914476215/current/raft-meta.conf.tmp with options [CREATE, WRITE]: sun.nio.ch.FileChannelImpl@3f75d5c
2024-10-20 10:44:21,790 [s1-server-thread2] DEBUG server.RaftServer$Division (RaftServerImpl.java:logAppendEntries(1549)) - s1@group-436914476215: appendEntries* reply s0<-s1#2:OK-t6,SUCCESS,nextIndex=11,followerCommit=9,matchIndex=10
2024-10-20 10:44:21,791 [s1@group-436914476215-StateMachineUpdater] TRACE util.FileUtils (LogUtils.java:supplyAndLog(69)) - Successfully supplied FileChannel.open /home/runner/work/ratis/ratis/ratis-test/target/test/data/d69430f5/MiniRaftClusterWithGrpc6b9d6d2d/s1/fd8814ef-b2fd-4859-a487-436914476215/current/raft-meta.conf.tmp with options [CREATE, WRITE]: sun.nio.ch.FileChannelImpl@52e2e99
2024-10-20 10:44:21,793 [s2@group-436914476215-StateMachineUpdater] TRACE util.FileUtils (LogUtils.java:runAndLog(49)) - Successfully ran Atomic Files.move /home/runner/work/ratis/ratis/ratis-test/target/test/data/d69430f5/MiniRaftClusterWithGrpc6b9d6d2d/s2/fd8814ef-b2fd-4859-a487-436914476215/current/raft-meta.conf.tmp to /home/runner/work/ratis/ratis/ratis-test/target/test/data/d69430f5/MiniRaftClusterWithGrpc6b9d6d2d/s2/fd8814ef-b2fd-4859-a487-436914476215/current/raft-meta.conf with options [REPLACE_EXISTING]
2024-10-20 10:44:21,793 [s1@group-436914476215-StateMachineUpdater] TRACE util.FileUtils (LogUtils.java:runAndLog(49)) - Successfully ran Atomic Files.move /home/runner/work/ratis/ratis/ratis-test/target/test/data/d69430f5/MiniRaftClusterWithGrpc6b9d6d2d/s1/fd8814ef-b2fd-4859-a487-436914476215/current/raft-meta.conf.tmp to /home/runner/work/ratis/ratis/ratis-test/target/test/data/d69430f5/MiniRaftClusterWithGrpc6b9d6d2d/s1/fd8814ef-b2fd-4859-a487-436914476215/current/raft-meta.conf with options [REPLACE_EXISTING]
2024-10-20 10:44:21,842 [main] INFO  server.RaftServerConfigKeys (ConfUtils.java:logGet(46)) - raft.server.rpc.timeout.max = 300ms (default)
2024-10-20 10:44:21,842 [main] INFO  ratis.RaftTestUtil (RaftTestUtil.java:waitForLeader(107)) - printing ALL groups
  s0:  RUNNING    LEADER s0@group-436914476215:t6, leader=s0, voted=s0, raftlog=Memoized:s0@group-436914476215-SegmentedRaftLog:OPENED:c10:last(t:6, i:10), conf=conf: {index: 9, cur=peers:[s0|localhost:15252, s1|localhost:15256, s2|localhost:15260]|listeners:[], old=null} RUNNING
  s1:  RUNNING  FOLLOWER s1@group-436914476215:t6, leader=s0, voted=s0, raftlog=Memoized:s1@group-436914476215-SegmentedRaftLog:OPENED:c9:last(t:6, i:10), conf=conf: {index: 9, cur=peers:[s0|localhost:15252, s1|localhost:15256, s2|localhost:15260]|listeners:[], old=null} RUNNING
  s2:  RUNNING  FOLLOWER s2@group-436914476215:t6, leader=s0, voted=s0, raftlog=Memoized:s2@group-436914476215-SegmentedRaftLog:OPENED:c9:last(t:6, i:10), conf=conf: {index: 9, cur=peers:[s0|localhost:15252, s1|localhost:15256, s2|localhost:15260]|listeners:[], old=null} RUNNING
2024-10-20 10:44:21,843 [main] INFO  ratis.RaftTestUtil (RaftTestUtil.java:waitForLeader(131)) - printing ALL groups
  s0:  RUNNING    LEADER s0@group-436914476215:t6, leader=s0, voted=s0, raftlog=Memoized:s0@group-436914476215-SegmentedRaftLog:OPENED:c10:last(t:6, i:10), conf=conf: {index: 9, cur=peers:[s0|localhost:15252, s1|localhost:15256, s2|localhost:15260]|listeners:[], old=null} RUNNING
  s1:  RUNNING  FOLLOWER s1@group-436914476215:t6, leader=s0, voted=s0, raftlog=Memoized:s1@group-436914476215-SegmentedRaftLog:OPENED:c9:last(t:6, i:10), conf=conf: {index: 9, cur=peers:[s0|localhost:15252, s1|localhost:15256, s2|localhost:15260]|listeners:[], old=null} RUNNING
  s2:  RUNNING  FOLLOWER s2@group-436914476215:t6, leader=s0, voted=s0, raftlog=Memoized:s2@group-436914476215-SegmentedRaftLog:OPENED:c9:last(t:6, i:10), conf=conf: {index: 9, cur=peers:[s0|localhost:15252, s1|localhost:15256, s2|localhost:15260]|listeners:[], old=null} RUNNING
2024-10-20 10:44:21,843 [main] INFO  ratis.RaftTestUtil (RaftTestUtil.java:lambda$changeLeader$14(485)) - Changed leader from s1 to s0
2024-10-20 10:44:21,843 [main] INFO  util.CodeInjectionForTesting (BlockRequestHandlingInjection.java:unblockRequestor(54)) - UnBlock requestor s1
2024-10-20 10:44:21,843 [main] INFO  util.CodeInjectionForTesting (BlockRequestHandlingInjection.java:blockRequestor(49)) - Block requestor s0
2024-10-20 10:44:21,843 [main] INFO  server.RaftServerConfigKeys (ConfUtils.java:logGet(46)) - raft.server.rpc.timeout.max = 300ms (default)
2024-10-20 10:44:21,843 [main] INFO  ratis.RaftTestUtil (RaftTestUtil.java:waitForLeader(107)) - printing ALL groups
  s0:  RUNNING    LEADER s0@group-436914476215:t6, leader=s0, voted=s0, raftlog=Memoized:s0@group-436914476215-SegmentedRaftLog:OPENED:c10:last(t:6, i:10), conf=conf: {index: 9, cur=peers:[s0|localhost:15252, s1|localhost:15256, s2|localhost:15260]|listeners:[], old=null} RUNNING
  s1:  RUNNING  FOLLOWER s1@group-436914476215:t6, leader=s0, voted=s0, raftlog=Memoized:s1@group-436914476215-SegmentedRaftLog:OPENED:c9:last(t:6, i:10), conf=conf: {index: 9, cur=peers:[s0|localhost:15252, s1|localhost:15256, s2|localhost:15260]|listeners:[], old=null} RUNNING
  s2:  RUNNING  FOLLOWER s2@group-436914476215:t6, leader=s0, voted=s0, raftlog=Memoized:s2@group-436914476215-SegmentedRaftLog:OPENED:c9:last(t:6, i:10), conf=conf: {index: 9, cur=peers:[s0|localhost:15252, s1|localhost:15256, s2|localhost:15260]|listeners:[], old=null} RUNNING
2024-10-20 10:44:21,843 [main] INFO  ratis.RaftTestUtil (RaftTestUtil.java:waitForLeader(131)) - printing ALL groups
  s0:  RUNNING    LEADER s0@group-436914476215:t6, leader=s0, voted=s0, raftlog=Memoized:s0@group-436914476215-SegmentedRaftLog:OPENED:c10:last(t:6, i:10), conf=conf: {index: 9, cur=peers:[s0|localhost:15252, s1|localhost:15256, s2|localhost:15260]|listeners:[], old=null} RUNNING
  s1:  RUNNING  FOLLOWER s1@group-436914476215:t6, leader=s0, voted=s0, raftlog=Memoized:s1@group-436914476215-SegmentedRaftLog:OPENED:c9:last(t:6, i:10), conf=conf: {index: 9, cur=peers:[s0|localhost:15252, s1|localhost:15256, s2|localhost:15260]|listeners:[], old=null} RUNNING
  s2:  RUNNING  FOLLOWER s2@group-436914476215:t6, leader=s0, voted=s0, raftlog=Memoized:s2@group-436914476215-SegmentedRaftLog:OPENED:c9:last(t:6, i:10), conf=conf: {index: 9, cur=peers:[s0|localhost:15252, s1|localhost:15256, s2|localhost:15260]|listeners:[], old=null} RUNNING
2024-10-20 10:44:21,843 [main] WARN  ratis.RaftTestUtil (JavaUtils.java:attempt(231)) - FAILED "runTestChangeLeader-changeLeader", attempt #1/20, sleep 100ms and then retry: java.lang.IllegalStateException: Failed to change leader: newLeader == oldLeader == s0
2024-10-20 10:44:21,868 [s2-server-thread1] INFO  util.CodeInjectionForTesting (BlockRequestHandlingInjection.java:execute(77)) - s2: Block request from s0
2024-10-20 10:44:21,869 [s1-server-thread2] INFO  util.CodeInjectionForTesting (BlockRequestHandlingInjection.java:execute(77)) - s1: Block request from s0
2024-10-20 10:44:21,944 [main] INFO  server.RaftServerConfigKeys (ConfUtils.java:logGet(46)) - raft.server.rpc.timeout.max = 300ms (default)
2024-10-20 10:44:21,944 [main] INFO  ratis.RaftTestUtil (RaftTestUtil.java:waitForLeader(107)) - printing ALL groups
  s0:  RUNNING    LEADER s0@group-436914476215:t6, leader=s0, voted=s0, raftlog=Memoized:s0@group-436914476215-SegmentedRaftLog:OPENED:c10:last(t:6, i:10), conf=conf: {index: 9, cur=peers:[s0|localhost:15252, s1|localhost:15256, s2|localhost:15260]|listeners:[], old=null} RUNNING
  s1:  RUNNING  FOLLOWER s1@group-436914476215:t6, leader=s0, voted=s0, raftlog=Memoized:s1@group-436914476215-SegmentedRaftLog:OPENED:c9:last(t:6, i:10), conf=conf: {index: 9, cur=peers:[s0|localhost:15252, s1|localhost:15256, s2|localhost:15260]|listeners:[], old=null} RUNNING
  s2:  RUNNING  FOLLOWER s2@group-436914476215:t6, leader=s0, voted=s0, raftlog=Memoized:s2@group-436914476215-SegmentedRaftLog:OPENED:c9:last(t:6, i:10), conf=conf: {index: 9, cur=peers:[s0|localhost:15252, s1|localhost:15256, s2|localhost:15260]|listeners:[], old=null} RUNNING
2024-10-20 10:44:21,944 [main] INFO  ratis.RaftTestUtil (RaftTestUtil.java:waitForLeader(131)) - printing ALL groups
  s0:  RUNNING    LEADER s0@group-436914476215:t6, leader=s0, voted=s0, raftlog=Memoized:s0@group-436914476215-SegmentedRaftLog:OPENED:c10:last(t:6, i:10), conf=conf: {index: 9, cur=peers:[s0|localhost:15252, s1|localhost:15256, s2|localhost:15260]|listeners:[], old=null} RUNNING
  s1:  RUNNING  FOLLOWER s1@group-436914476215:t6, leader=s0, voted=s0, raftlog=Memoized:s1@group-436914476215-SegmentedRaftLog:OPENED:c9:last(t:6, i:10), conf=conf: {index: 9, cur=peers:[s0|localhost:15252, s1|localhost:15256, s2|localhost:15260]|listeners:[], old=null} RUNNING
  s2:  RUNNING  FOLLOWER s2@group-436914476215:t6, leader=s0, voted=s0, raftlog=Memoized:s2@group-436914476215-SegmentedRaftLog:OPENED:c9:last(t:6, i:10), conf=conf: {index: 9, cur=peers:[s0|localhost:15252, s1|localhost:15256, s2|localhost:15260]|listeners:[], old=null} RUNNING
2024-10-20 10:44:21,944 [main] WARN  ratis.RaftTestUtil (JavaUtils.java:attempt(231)) - FAILED "runTestChangeLeader-changeLeader", attempt #2/20, sleep 100ms and then retry: java.lang.IllegalStateException: Failed to change leader: newLeader == oldLeader == s0
2024-10-20 10:44:21,991 [s2-server-thread2] INFO  util.CodeInjectionForTesting (BlockRequestHandlingInjection.java:execute(84)) - s2: unBlock request from s1
2024-10-20 10:44:21,991 [s2-server-thread2] WARN  server.RaftServer$Division (ServerState.java:recognizeLeader(331)) - s2@group-436914476215: Failed to recognize s1 as leader for APPEND_ENTRIES since peerTerm = 5 < currentTerm = 6
2024-10-20 10:44:21,991 [grpc-default-executor-11] WARN  server.GrpcLogAppender (GrpcLogAppender.java:onNextImpl(521)) - s1@group-436914476215->s2-AppendLogResponseHandler: received NOT_LEADER reply with term 6
2024-10-20 10:44:21,991 [s2-server-thread2] WARN  server.RaftServer$Division (ServerState.java:recognizeLeader(331)) - s2@group-436914476215: Failed to recognize s1 as leader for APPEND_ENTRIES since peerTerm = 5 < currentTerm = 6
2024-10-20 10:44:21,991 [grpc-default-executor-11] WARN  server.GrpcLogAppender (GrpcLogAppender.java:onNextImpl(521)) - s1@group-436914476215->s2-AppendLogResponseHandler: received NOT_LEADER reply with term 6
2024-10-20 10:44:21,992 [s2-server-thread2] WARN  server.RaftServer$Division (ServerState.java:recognizeLeader(331)) - s2@group-436914476215: Failed to recognize s1 as leader for APPEND_ENTRIES since peerTerm = 5 < currentTerm = 6
2024-10-20 10:44:21,992 [grpc-default-executor-11] WARN  server.GrpcLogAppender (GrpcLogAppender.java:onNextImpl(521)) - s1@group-436914476215->s2-AppendLogResponseHandler: received NOT_LEADER reply with term 6
2024-10-20 10:44:21,992 [s2-server-thread2] WARN  server.RaftServer$Division (ServerState.java:recognizeLeader(331)) - s2@group-436914476215: Failed to recognize s1 as leader for APPEND_ENTRIES since peerTerm = 5 < currentTerm = 6
2024-10-20 10:44:21,992 [grpc-default-executor-11] WARN  server.GrpcLogAppender (GrpcLogAppender.java:onNextImpl(521)) - s1@group-436914476215->s2-AppendLogResponseHandler: received NOT_LEADER reply with term 6
2024-10-20 10:44:21,992 [s2-server-thread2] WARN  server.RaftServer$Division (ServerState.java:recognizeLeader(331)) - s2@group-436914476215: Failed to recognize s1 as leader for APPEND_ENTRIES since peerTerm = 5 < currentTerm = 6
2024-10-20 10:44:21,992 [grpc-default-executor-11] WARN  server.GrpcLogAppender (GrpcLogAppender.java:onNextImpl(521)) - s1@group-436914476215->s2-AppendLogResponseHandler: received NOT_LEADER reply with term 6
2024-10-20 10:44:21,992 [s2-server-thread2] WARN  server.RaftServer$Division (ServerState.java:recognizeLeader(331)) - s2@group-436914476215: Failed to recognize s1 as leader for APPEND_ENTRIES since peerTerm = 5 < currentTerm = 6
2024-10-20 10:44:21,993 [s0-server-thread3] INFO  util.CodeInjectionForTesting (BlockRequestHandlingInjection.java:execute(84)) - s0: unBlock request from s1
2024-10-20 10:44:21,993 [grpc-default-executor-11] WARN  server.GrpcLogAppender (GrpcLogAppender.java:onNextImpl(521)) - s1@group-436914476215->s2-AppendLogResponseHandler: received NOT_LEADER reply with term 6
2024-10-20 10:44:21,993 [s0-server-thread3] WARN  server.RaftServer$Division (ServerState.java:recognizeLeader(331)) - s0@group-436914476215: Failed to recognize s1 as leader for APPEND_ENTRIES since peerTerm = 5 < currentTerm = 6
2024-10-20 10:44:21,993 [s2-server-thread2] WARN  server.RaftServer$Division (ServerState.java:recognizeLeader(331)) - s2@group-436914476215: Failed to recognize s1 as leader for APPEND_ENTRIES since peerTerm = 5 < currentTerm = 6
2024-10-20 10:44:21,993 [grpc-default-executor-5] WARN  server.GrpcLogAppender (GrpcLogAppender.java:onNextImpl(521)) - s1@group-436914476215->s0-AppendLogResponseHandler: received NOT_LEADER reply with term 6
2024-10-20 10:44:21,993 [s0-server-thread3] WARN  server.RaftServer$Division (ServerState.java:recognizeLeader(331)) - s0@group-436914476215: Failed to recognize s1 as leader for APPEND_ENTRIES since peerTerm = 5 < currentTerm = 6
2024-10-20 10:44:21,993 [s2-server-thread2] WARN  server.RaftServer$Division (ServerState.java:recognizeLeader(331)) - s2@group-436914476215: Failed to recognize s1 as leader for APPEND_ENTRIES since peerTerm = 5 < currentTerm = 6
2024-10-20 10:44:21,993 [grpc-default-executor-5] WARN  server.GrpcLogAppender (GrpcLogAppender.java:onNextImpl(521)) - s1@group-436914476215->s2-AppendLogResponseHandler: received NOT_LEADER reply with term 6
2024-10-20 10:44:21,993 [grpc-default-executor-5] WARN  server.GrpcLogAppender (GrpcLogAppender.java:onNextImpl(521)) - s1@group-436914476215->s0-AppendLogResponseHandler: received NOT_LEADER reply with term 6
2024-10-20 10:44:21,993 [grpc-default-executor-1] WARN  server.GrpcLogAppender (GrpcLogAppender.java:onNextImpl(521)) - s1@group-436914476215->s2-AppendLogResponseHandler: received NOT_LEADER reply with term 6
2024-10-20 10:44:21,993 [s0-server-thread3] WARN  server.RaftServer$Division (ServerState.java:recognizeLeader(331)) - s0@group-436914476215: Failed to recognize s1 as leader for APPEND_ENTRIES since peerTerm = 5 < currentTerm = 6
2024-10-20 10:44:21,993 [s2-server-thread2] WARN  server.RaftServer$Division (ServerState.java:recognizeLeader(331)) - s2@group-436914476215: Failed to recognize s1 as leader for APPEND_ENTRIES since peerTerm = 5 < currentTerm = 6
2024-10-20 10:44:21,994 [grpc-default-executor-11] WARN  server.GrpcLogAppender (GrpcLogAppender.java:onNextImpl(521)) - s1@group-436914476215->s0-AppendLogResponseHandler: received NOT_LEADER reply with term 6
2024-10-20 10:44:21,994 [s0-server-thread3] WARN  server.RaftServer$Division (ServerState.java:recognizeLeader(331)) - s0@group-436914476215: Failed to recognize s1 as leader for APPEND_ENTRIES since peerTerm = 5 < currentTerm = 6
2024-10-20 10:44:21,994 [s2-server-thread2] WARN  server.RaftServer$Division (ServerState.java:recognizeLeader(331)) - s2@group-436914476215: Failed to recognize s1 as leader for APPEND_ENTRIES since peerTerm = 5 < currentTerm = 6
2024-10-20 10:44:21,994 [grpc-default-executor-11] WARN  server.GrpcLogAppender (GrpcLogAppender.java:onNextImpl(521)) - s1@group-436914476215->s2-AppendLogResponseHandler: received NOT_LEADER reply with term 6
2024-10-20 10:44:21,994 [grpc-default-executor-1] INFO  server.GrpcServerProtocolService (GrpcServerProtocolService.java:onCompleted(200)) - s2: Completed APPEND_ENTRIES, lastRequest: null
2024-10-20 10:44:21,994 [grpc-default-executor-1] INFO  server.GrpcServerProtocolService (GrpcServerProtocolService.java:lambda$onCompleted$7(202)) - s2: Completed APPEND_ENTRIES, lastReply: serverReply {
  requestorId: "s1"
  replyId: "s2"
  raftGroupId {
    id: "\375\210\024\357\262\375HY\244\207Ci\024Gb\025"
  }
  callId: 15
}
term: 6
nextIndex: 11
result: NOT_LEADER
followerCommit: 9
matchIndex: 18446744073709551615
isHearbeat: true

2024-10-20 10:44:21,994 [grpc-default-executor-5] WARN  server.GrpcLogAppender (GrpcLogAppender.java:onNextImpl(521)) - s1@group-436914476215->s0-AppendLogResponseHandler: received NOT_LEADER reply with term 6
2024-10-20 10:44:21,994 [s0-server-thread3] WARN  server.RaftServer$Division (ServerState.java:recognizeLeader(331)) - s0@group-436914476215: Failed to recognize s1 as leader for APPEND_ENTRIES since peerTerm = 5 < currentTerm = 6
2024-10-20 10:44:21,994 [grpc-default-executor-4] WARN  server.GrpcLogAppender (GrpcLogAppender.java:onNextImpl(521)) - s1@group-436914476215->s2-AppendLogResponseHandler: received NOT_LEADER reply with term 6
2024-10-20 10:44:21,994 [grpc-default-executor-4] INFO  server.GrpcLogAppender (GrpcLogAppender.java:onCompleted(559)) - s1@group-436914476215->s2-AppendLogResponseHandler: follower responses appendEntries COMPLETED
2024-10-20 10:44:21,994 [grpc-default-executor-5] WARN  server.GrpcLogAppender (GrpcLogAppender.java:onNextImpl(521)) - s1@group-436914476215->s0-AppendLogResponseHandler: received NOT_LEADER reply with term 6
2024-10-20 10:44:21,995 [s0-server-thread3] WARN  server.RaftServer$Division (ServerState.java:recognizeLeader(331)) - s0@group-436914476215: Failed to recognize s1 as leader for APPEND_ENTRIES since peerTerm = 5 < currentTerm = 6
2024-10-20 10:44:21,995 [grpc-default-executor-5] WARN  server.GrpcLogAppender (GrpcLogAppender.java:onNextImpl(521)) - s1@group-436914476215->s0-AppendLogResponseHandler: received NOT_LEADER reply with term 6
2024-10-20 10:44:21,995 [s0-server-thread3] WARN  server.RaftServer$Division (ServerState.java:recognizeLeader(331)) - s0@group-436914476215: Failed to recognize s1 as leader for APPEND_ENTRIES since peerTerm = 5 < currentTerm = 6
2024-10-20 10:44:21,995 [grpc-default-executor-5] WARN  server.GrpcLogAppender (GrpcLogAppender.java:onNextImpl(521)) - s1@group-436914476215->s0-AppendLogResponseHandler: received NOT_LEADER reply with term 6
2024-10-20 10:44:21,995 [s0-server-thread3] WARN  server.RaftServer$Division (ServerState.java:recognizeLeader(331)) - s0@group-436914476215: Failed to recognize s1 as leader for APPEND_ENTRIES since peerTerm = 5 < currentTerm = 6
2024-10-20 10:44:21,995 [grpc-default-executor-5] WARN  server.GrpcLogAppender (GrpcLogAppender.java:onNextImpl(521)) - s1@group-436914476215->s0-AppendLogResponseHandler: received NOT_LEADER reply with term 6
2024-10-20 10:44:21,995 [s0-server-thread3] WARN  server.RaftServer$Division (ServerState.java:recognizeLeader(331)) - s0@group-436914476215: Failed to recognize s1 as leader for APPEND_ENTRIES since peerTerm = 5 < currentTerm = 6
2024-10-20 10:44:21,996 [grpc-default-executor-5] WARN  server.GrpcLogAppender (GrpcLogAppender.java:onNextImpl(521)) - s1@group-436914476215->s0-AppendLogResponseHandler: received NOT_LEADER reply with term 6
2024-10-20 10:44:21,996 [s0-server-thread3] WARN  server.RaftServer$Division (ServerState.java:recognizeLeader(331)) - s0@group-436914476215: Failed to recognize s1 as leader for APPEND_ENTRIES since peerTerm = 5 < currentTerm = 6
2024-10-20 10:44:21,996 [grpc-default-executor-11] INFO  server.GrpcServerProtocolService (GrpcServerProtocolService.java:onCompleted(200)) - s0: Completed APPEND_ENTRIES, lastRequest: null
2024-10-20 10:44:21,996 [grpc-default-executor-11] INFO  server.GrpcServerProtocolService (GrpcServerProtocolService.java:lambda$onCompleted$7(202)) - s0: Completed APPEND_ENTRIES, lastReply: serverReply {
  requestorId: "s1"
  replyId: "s0"
  raftGroupId {
    id: "\375\210\024\357\262\375HY\244\207Ci\024Gb\025"
  }
  callId: 17
}
term: 6
nextIndex: 11
result: NOT_LEADER
followerCommit: 10
matchIndex: 18446744073709551615
isHearbeat: true

2024-10-20 10:44:21,996 [grpc-default-executor-5] WARN  server.GrpcLogAppender (GrpcLogAppender.java:onNextImpl(521)) - s1@group-436914476215->s0-AppendLogResponseHandler: received NOT_LEADER reply with term 6
2024-10-20 10:44:21,996 [grpc-default-executor-5] INFO  server.GrpcLogAppender (GrpcLogAppender.java:onCompleted(559)) - s1@group-436914476215->s0-AppendLogResponseHandler: follower responses appendEntries COMPLETED
2024-10-20 10:44:22,044 [main] INFO  server.RaftServerConfigKeys (ConfUtils.java:logGet(46)) - raft.server.rpc.timeout.max = 300ms (default)
2024-10-20 10:44:22,045 [main] INFO  ratis.RaftTestUtil (RaftTestUtil.java:waitForLeader(107)) - printing ALL groups
  s0:  RUNNING    LEADER s0@group-436914476215:t6, leader=s0, voted=s0, raftlog=Memoized:s0@group-436914476215-SegmentedRaftLog:OPENED:c10:last(t:6, i:10), conf=conf: {index: 9, cur=peers:[s0|localhost:15252, s1|localhost:15256, s2|localhost:15260]|listeners:[], old=null} RUNNING
  s1:  RUNNING  FOLLOWER s1@group-436914476215:t6, leader=s0, voted=s0, raftlog=Memoized:s1@group-436914476215-SegmentedRaftLog:OPENED:c9:last(t:6, i:10), conf=conf: {index: 9, cur=peers:[s0|localhost:15252, s1|localhost:15256, s2|localhost:15260]|listeners:[], old=null} RUNNING
  s2:  RUNNING  FOLLOWER s2@group-436914476215:t6, leader=s0, voted=s0, raftlog=Memoized:s2@group-436914476215-SegmentedRaftLog:OPENED:c9:last(t:6, i:10), conf=conf: {index: 9, cur=peers:[s0|localhost:15252, s1|localhost:15256, s2|localhost:15260]|listeners:[], old=null} RUNNING
2024-10-20 10:44:22,045 [main] INFO  ratis.RaftTestUtil (RaftTestUtil.java:waitForLeader(131)) - printing ALL groups
  s0:  RUNNING    LEADER s0@group-436914476215:t6, leader=s0, voted=s0, raftlog=Memoized:s0@group-436914476215-SegmentedRaftLog:OPENED:c10:last(t:6, i:10), conf=conf: {index: 9, cur=peers:[s0|localhost:15252, s1|localhost:15256, s2|localhost:15260]|listeners:[], old=null} RUNNING
  s1:  RUNNING  FOLLOWER s1@group-436914476215:t6, leader=s0, voted=s0, raftlog=Memoized:s1@group-436914476215-SegmentedRaftLog:OPENED:c9:last(t:6, i:10), conf=conf: {index: 9, cur=peers:[s0|localhost:15252, s1|localhost:15256, s2|localhost:15260]|listeners:[], old=null} RUNNING
  s2:  RUNNING  FOLLOWER s2@group-436914476215:t6, leader=s0, voted=s0, raftlog=Memoized:s2@group-436914476215-SegmentedRaftLog:OPENED:c9:last(t:6, i:10), conf=conf: {index: 9, cur=peers:[s0|localhost:15252, s1|localhost:15256, s2|localhost:15260]|listeners:[], old=null} RUNNING
2024-10-20 10:44:22,045 [main] WARN  ratis.RaftTestUtil (JavaUtils.java:attempt(231)) - FAILED "runTestChangeLeader-changeLeader", attempt #3/20, sleep 100ms and then retry: java.lang.IllegalStateException: Failed to change leader: newLeader == oldLeader == s0
2024-10-20 10:44:22,145 [main] INFO  server.RaftServerConfigKeys (ConfUtils.java:logGet(46)) - raft.server.rpc.timeout.max = 300ms (default)
2024-10-20 10:44:22,146 [main] INFO  ratis.RaftTestUtil (RaftTestUtil.java:waitForLeader(107)) - printing ALL groups
  s0:  RUNNING    LEADER s0@group-436914476215:t6, leader=s0, voted=s0, raftlog=Memoized:s0@group-436914476215-SegmentedRaftLog:OPENED:c10:last(t:6, i:10), conf=conf: {index: 9, cur=peers:[s0|localhost:15252, s1|localhost:15256, s2|localhost:15260]|listeners:[], old=null} RUNNING
  s1:  RUNNING  FOLLOWER s1@group-436914476215:t6, leader=s0, voted=s0, raftlog=Memoized:s1@group-436914476215-SegmentedRaftLog:OPENED:c9:last(t:6, i:10), conf=conf: {index: 9, cur=peers:[s0|localhost:15252, s1|localhost:15256, s2|localhost:15260]|listeners:[], old=null} RUNNING
  s2:  RUNNING  FOLLOWER s2@group-436914476215:t6, leader=s0, voted=s0, raftlog=Memoized:s2@group-436914476215-SegmentedRaftLog:OPENED:c9:last(t:6, i:10), conf=conf: {index: 9, cur=peers:[s0|localhost:15252, s1|localhost:15256, s2|localhost:15260]|listeners:[], old=null} RUNNING
2024-10-20 10:44:22,146 [main] INFO  ratis.RaftTestUtil (RaftTestUtil.java:waitForLeader(131)) - printing ALL groups
  s0:  RUNNING    LEADER s0@group-436914476215:t6, leader=s0, voted=s0, raftlog=Memoized:s0@group-436914476215-SegmentedRaftLog:OPENED:c10:last(t:6, i:10), conf=conf: {index: 9, cur=peers:[s0|localhost:15252, s1|localhost:15256, s2|localhost:15260]|listeners:[], old=null} RUNNING
  s1:  RUNNING  FOLLOWER s1@group-436914476215:t6, leader=s0, voted=s0, raftlog=Memoized:s1@group-436914476215-SegmentedRaftLog:OPENED:c9:last(t:6, i:10), conf=conf: {index: 9, cur=peers:[s0|localhost:15252, s1|localhost:15256, s2|localhost:15260]|listeners:[], old=null} RUNNING
  s2:  RUNNING  FOLLOWER s2@group-436914476215:t6, leader=s0, voted=s0, raftlog=Memoized:s2@group-436914476215-SegmentedRaftLog:OPENED:c9:last(t:6, i:10), conf=conf: {index: 9, cur=peers:[s0|localhost:15252, s1|localhost:15256, s2|localhost:15260]|listeners:[], old=null} RUNNING
2024-10-20 10:44:22,146 [main] WARN  ratis.RaftTestUtil (JavaUtils.java:attempt(231)) - FAILED "runTestChangeLeader-changeLeader", attempt #4/20, sleep 100ms and then retry: java.lang.IllegalStateException: Failed to change leader: newLeader == oldLeader == s0
2024-10-20 10:44:22,231 [s1@group-436914476215-FollowerState] INFO  impl.FollowerState (FollowerState.java:runImpl(161)) - s1@group-436914476215-FollowerState: change to CANDIDATE, lastRpcElapsedTime:441097472ns, electionTimeout:232ms
2024-10-20 10:44:22,231 [s1@group-436914476215-FollowerState] INFO  impl.RoleInfo (RoleInfo.java:shutdownFollowerState(121)) - s1: shutdown s1@group-436914476215-FollowerState
2024-10-20 10:44:22,231 [s1@group-436914476215-FollowerState] INFO  server.RaftServer$Division (RaftServerImpl.java:setRole(380)) - s1@group-436914476215: changes role from  FOLLOWER to CANDIDATE at term 6 for changeToCandidate
2024-10-20 10:44:22,232 [s1@group-436914476215-FollowerState] INFO  server.RaftServerConfigKeys (ConfUtils.java:logGet(46)) - raft.server.leaderelection.pre-vote = true (default)
2024-10-20 10:44:22,232 [s1@group-436914476215-FollowerState] INFO  impl.RoleInfo (RoleInfo.java:updateAndGet(148)) - s1: start s1@group-436914476215-LeaderElection76
2024-10-20 10:44:22,232 [s1@group-436914476215-LeaderElection76] INFO  server.RaftServer$Division (ServerState.java:setLeader(272)) - s1@group-436914476215: change Leader from s0 to null at term 6 for PRE_VOTE
2024-10-20 10:44:22,232 [s1@group-436914476215-LeaderElection76] INFO  impl.LeaderElection (LeaderElection.java:askForVotes(333)) - s1@group-436914476215-LeaderElection76 PRE_VOTE round 0: submit vote requests at term 6 for conf: {index: 9, cur=peers:[s0|localhost:15252, s1|localhost:15256, s2|localhost:15260]|listeners:[], old=null}
2024-10-20 10:44:22,233 [grpc-default-executor-5] INFO  server.RaftServer$Division (RaftServerImpl.java:requestVote(1447)) - s0@group-436914476215: receive requestVote(PRE_VOTE, s1, group-436914476215, 6, (t:6, i:10))
2024-10-20 10:44:22,233 [grpc-default-executor-11] INFO  server.RaftServer$Division (RaftServerImpl.java:requestVote(1447)) - s2@group-436914476215: receive requestVote(PRE_VOTE, s1, group-436914476215, 6, (t:6, i:10))
2024-10-20 10:44:22,233 [grpc-default-executor-5] WARN  server.RaftServer$Division (LeaderStateImpl.java:checkLeadership(1117)) - s0@group-436914476215-LeaderStateImpl: Lost leadership on term: 6. Election timeout: 300ms. In charge for: 469ms. Conf: conf: {index: 9, cur=peers:[s0|localhost:15252, s1|localhost:15256, s2|localhost:15260]|listeners:[], old=null}
2024-10-20 10:44:22,233 [grpc-default-executor-11] INFO  impl.VoteContext (VoteContext.java:log(49)) - s2@group-436914476215-FOLLOWER: accept PRE_VOTE from s1: our priority 0 <= candidate's priority 0
2024-10-20 10:44:22,233 [grpc-default-executor-5] WARN  server.RaftServer$Division (LeaderStateImpl.java:lambda$checkLeadership$20(1121)) - Follower s0@group-436914476215->s1(c9,m10,n11, caughtUp=true, lastRpcSendTime=25, lastRpcResponseTime=440)
2024-10-20 10:44:22,233 [grpc-default-executor-5] WARN  server.RaftServer$Division (LeaderStateImpl.java:lambda$checkLeadership$20(1121)) - Follower s0@group-436914476215->s2(c9,m10,n11, caughtUp=true, lastRpcSendTime=24, lastRpcResponseTime=440)
2024-10-20 10:44:22,233 [grpc-default-executor-11] INFO  server.RaftServer$Division (RaftServerImpl.java:requestVote(1480)) - s2@group-436914476215 replies to PRE_VOTE vote request: s1<-s2#0:OK-t6. Peer's state: s2@group-436914476215:t6, leader=s0, voted=s0, raftlog=Memoized:s2@group-436914476215-SegmentedRaftLog:OPENED:c9:last(t:6, i:10), conf=conf: {index: 9, cur=peers:[s0|localhost:15252, s1|localhost:15256, s2|localhost:15260]|listeners:[], old=null}
2024-10-20 10:44:22,234 [grpc-default-executor-5] INFO  server.RaftServer$Division (RaftServerImpl.java:setRole(380)) - s0@group-436914476215: changes role from    LEADER to FOLLOWER at term 6 for StepDownReason:LOST_MAJORITY_HEARTBEATS
2024-10-20 10:44:22,234 [grpc-default-executor-5] INFO  impl.RoleInfo (RoleInfo.java:shutdownLeaderState(103)) - s0: shutdown s0@group-436914476215-LeaderStateImpl
2024-10-20 10:44:22,234 [s0@group-436914476215->s1-GrpcLogAppender-LogAppenderDaemon] WARN  server.GrpcLogAppender (GrpcLogAppender.java:mayWait(293)) - s0@group-436914476215->s1-GrpcLogAppender: Wait interrupted by java.lang.InterruptedException
2024-10-20 10:44:22,234 [grpc-default-executor-5] INFO  impl.PendingRequests (PendingRequests.java:sendNotLeaderResponses(287)) - s0@group-436914476215-PendingRequests: sendNotLeaderResponses
2024-10-20 10:44:22,234 [s0@group-436914476215->s2-GrpcLogAppender-LogAppenderDaemon] WARN  server.GrpcLogAppender (GrpcLogAppender.java:mayWait(293)) - s0@group-436914476215->s2-GrpcLogAppender: Wait interrupted by java.lang.InterruptedException
2024-10-20 10:44:22,234 [grpc-default-executor-5] INFO  server.RaftServer$Division (ServerState.java:setLeader(272)) - s0@group-436914476215: change Leader from s0 to null at term 6 for StepDownReason:LOST_MAJORITY_HEARTBEATS
2024-10-20 10:44:22,234 [grpc-default-executor-5] INFO  impl.RoleInfo (RoleInfo.java:updateAndGet(148)) - s0: start s0@group-436914476215-FollowerState
2024-10-20 10:44:22,234 [s1@group-436914476215-LeaderElection76] INFO  impl.LeaderElection (LeaderElection.java:logAndReturn(90)) - s1@group-436914476215-LeaderElection76: PRE_VOTE PASSED received 1 response(s) and 0 exception(s):
2024-10-20 10:44:22,235 [s1@group-436914476215-LeaderElection76] INFO  impl.LeaderElection (LeaderElection.java:logAndReturn(94)) -   Response 0: s1<-s2#0:OK-t6
2024-10-20 10:44:22,235 [grpc-default-executor-4] INFO  server.GrpcServerProtocolService (GrpcServerProtocolService.java:onCompleted(200)) - s2: Completed APPEND_ENTRIES, lastRequest: s0->s2#3-t6,previous=(t:6, i:9),leaderCommit=9,initializing? false,entries: size=1, first=(t:6, i:10), METADATAENTRY(c:9)
2024-10-20 10:44:22,235 [grpc-default-executor-4] INFO  server.GrpcServerProtocolService (GrpcServerProtocolService.java:lambda$onCompleted$7(202)) - s2: Completed APPEND_ENTRIES, lastReply: null
2024-10-20 10:44:22,235 [s1@group-436914476215-LeaderElection76] INFO  impl.LeaderElection (LeaderElection.java:askForVotes(335)) - s1@group-436914476215-LeaderElection76 PRE_VOTE round 0: result PASSED
2024-10-20 10:44:22,235 [grpc-default-executor-5] INFO  impl.VoteContext (VoteContext.java:log(49)) - s0@group-436914476215-FOLLOWER: accept PRE_VOTE from s1: our priority 0 <= candidate's priority 0
2024-10-20 10:44:22,235 [grpc-default-executor-5] INFO  server.RaftServer$Division (RaftServerImpl.java:requestVote(1480)) - s0@group-436914476215 replies to PRE_VOTE vote request: s1<-s0#0:OK-t6. Peer's state: s0@group-436914476215:t6, leader=null, voted=s0, raftlog=Memoized:s0@group-436914476215-SegmentedRaftLog:OPENED:c10:last(t:6, i:10), conf=conf: {index: 9, cur=peers:[s0|localhost:15252, s1|localhost:15256, s2|localhost:15260]|listeners:[], old=null}
2024-10-20 10:44:22,235 [s1@group-436914476215-LeaderElection76] TRACE util.FileUtils (LogUtils.java:supplyAndLog(69)) - Successfully supplied FileChannel.open /home/runner/work/ratis/ratis/ratis-test/target/test/data/d69430f5/MiniRaftClusterWithGrpc6b9d6d2d/s1/fd8814ef-b2fd-4859-a487-436914476215/current/raft-meta.tmp with options [CREATE, WRITE]: sun.nio.ch.FileChannelImpl@a2ce158
2024-10-20 10:44:22,235 [grpc-default-executor-11] INFO  server.GrpcServerProtocolService (GrpcServerProtocolService.java:onCompleted(200)) - s1: Completed APPEND_ENTRIES, lastRequest: s0->s1#2-t6,previous=(t:6, i:9),leaderCommit=9,initializing? false,entries: size=1, first=(t:6, i:10), METADATAENTRY(c:9)
2024-10-20 10:44:22,235 [grpc-default-executor-11] INFO  server.GrpcServerProtocolService (GrpcServerProtocolService.java:lambda$onCompleted$7(202)) - s1: Completed APPEND_ENTRIES, lastReply: null
2024-10-20 10:44:22,235 [grpc-default-executor-1] INFO  server.GrpcLogAppender (GrpcLogAppender.java:onCompleted(559)) - s0@group-436914476215->s2-AppendLogResponseHandler: follower responses appendEntries COMPLETED
2024-10-20 10:44:22,236 [grpc-default-executor-1] INFO  server.GrpcLogAppender (GrpcLogAppender.java:onCompleted(559)) - s0@group-436914476215->s1-AppendLogResponseHandler: follower responses appendEntries COMPLETED
2024-10-20 10:44:22,236 [s1@group-436914476215-LeaderElection76] TRACE util.FileUtils (LogUtils.java:runAndLog(49)) - Successfully ran Atomic Files.move /home/runner/work/ratis/ratis/ratis-test/target/test/data/d69430f5/MiniRaftClusterWithGrpc6b9d6d2d/s1/fd8814ef-b2fd-4859-a487-436914476215/current/raft-meta.tmp to /home/runner/work/ratis/ratis/ratis-test/target/test/data/d69430f5/MiniRaftClusterWithGrpc6b9d6d2d/s1/fd8814ef-b2fd-4859-a487-436914476215/current/raft-meta with options [REPLACE_EXISTING]
2024-10-20 10:44:22,237 [s1@group-436914476215-LeaderElection76] INFO  impl.LeaderElection (LeaderElection.java:askForVotes(333)) - s1@group-436914476215-LeaderElection76 ELECTION round 0: submit vote requests at term 7 for conf: {index: 9, cur=peers:[s0|localhost:15252, s1|localhost:15256, s2|localhost:15260]|listeners:[], old=null}
2024-10-20 10:44:22,237 [grpc-default-executor-11] INFO  server.RaftServer$Division (RaftServerImpl.java:requestVote(1447)) - s0@group-436914476215: receive requestVote(ELECTION, s1, group-436914476215, 7, (t:6, i:10))
2024-10-20 10:44:22,237 [grpc-default-executor-11] INFO  impl.VoteContext (VoteContext.java:log(49)) - s0@group-436914476215-FOLLOWER: accept ELECTION from s1: our priority 0 <= candidate's priority 0
2024-10-20 10:44:22,237 [grpc-default-executor-11] INFO  server.RaftServer$Division (RaftServerImpl.java:setRole(380)) - s0@group-436914476215: changes role from  FOLLOWER to FOLLOWER at term 6 for candidate:s1
2024-10-20 10:44:22,237 [grpc-default-executor-11] INFO  impl.RoleInfo (RoleInfo.java:shutdownFollowerState(121)) - s0: shutdown s0@group-436914476215-FollowerState
2024-10-20 10:44:22,238 [grpc-default-executor-11] INFO  impl.RoleInfo (RoleInfo.java:updateAndGet(148)) - s0: start s0@group-436914476215-FollowerState
2024-10-20 10:44:22,238 [s0@group-436914476215-FollowerState] INFO  impl.FollowerState (FollowerState.java:runImpl(170)) - s0@group-436914476215-FollowerState was interrupted
2024-10-20 10:44:22,238 [grpc-default-executor-11] TRACE util.FileUtils (LogUtils.java:supplyAndLog(69)) - Successfully supplied FileChannel.open /home/runner/work/ratis/ratis/ratis-test/target/test/data/d69430f5/MiniRaftClusterWithGrpc6b9d6d2d/s0/fd8814ef-b2fd-4859-a487-436914476215/current/raft-meta.tmp with options [CREATE, WRITE]: sun.nio.ch.FileChannelImpl@6395fa51
2024-10-20 10:44:22,239 [grpc-default-executor-1] INFO  server.RaftServer$Division (RaftServerImpl.java:requestVote(1447)) - s2@group-436914476215: receive requestVote(ELECTION, s1, group-436914476215, 7, (t:6, i:10))
2024-10-20 10:44:22,239 [grpc-default-executor-1] INFO  impl.VoteContext (VoteContext.java:log(49)) - s2@group-436914476215-FOLLOWER: accept ELECTION from s1: our priority 0 <= candidate's priority 0
2024-10-20 10:44:22,239 [grpc-default-executor-1] INFO  server.RaftServer$Division (RaftServerImpl.java:setRole(380)) - s2@group-436914476215: changes role from  FOLLOWER to FOLLOWER at term 6 for candidate:s1
2024-10-20 10:44:22,239 [grpc-default-executor-1] INFO  impl.RoleInfo (RoleInfo.java:shutdownFollowerState(121)) - s2: shutdown s2@group-436914476215-FollowerState
2024-10-20 10:44:22,239 [grpc-default-executor-1] INFO  server.RaftServer$Division (ServerState.java:setLeader(272)) - s2@group-436914476215: change Leader from s0 to null at term 7 for updateCurrentTerm
2024-10-20 10:44:22,239 [grpc-default-executor-1] INFO  impl.RoleInfo (RoleInfo.java:updateAndGet(148)) - s2: start s2@group-436914476215-FollowerState
2024-10-20 10:44:22,240 [grpc-default-executor-11] TRACE util.FileUtils (LogUtils.java:runAndLog(49)) - Successfully ran Atomic Files.move /home/runner/work/ratis/ratis/ratis-test/target/test/data/d69430f5/MiniRaftClusterWithGrpc6b9d6d2d/s0/fd8814ef-b2fd-4859-a487-436914476215/current/raft-meta.tmp to /home/runner/work/ratis/ratis/ratis-test/target/test/data/d69430f5/MiniRaftClusterWithGrpc6b9d6d2d/s0/fd8814ef-b2fd-4859-a487-436914476215/current/raft-meta with options [REPLACE_EXISTING]
2024-10-20 10:44:22,240 [grpc-default-executor-11] INFO  server.RaftServer$Division (RaftServerImpl.java:requestVote(1480)) - s0@group-436914476215 replies to ELECTION vote request: s1<-s0#0:OK-t7. Peer's state: s0@group-436914476215:t7, leader=null, voted=s1, raftlog=Memoized:s0@group-436914476215-SegmentedRaftLog:OPENED:c10:last(t:6, i:10), conf=conf: {index: 9, cur=peers:[s0|localhost:15252, s1|localhost:15256, s2|localhost:15260]|listeners:[], old=null}
2024-10-20 10:44:22,241 [s2@group-436914476215-FollowerState] INFO  impl.FollowerState (FollowerState.java:runImpl(170)) - s2@group-436914476215-FollowerState was interrupted
2024-10-20 10:44:22,242 [grpc-default-executor-1] TRACE util.FileUtils (LogUtils.java:supplyAndLog(69)) - Successfully supplied FileChannel.open /home/runner/work/ratis/ratis/ratis-test/target/test/data/d69430f5/MiniRaftClusterWithGrpc6b9d6d2d/s2/fd8814ef-b2fd-4859-a487-436914476215/current/raft-meta.tmp with options [CREATE, WRITE]: sun.nio.ch.FileChannelImpl@7b785d60
2024-10-20 10:44:22,242 [s1@group-436914476215-LeaderElection76] INFO  impl.LeaderElection (LeaderElection.java:logAndReturn(90)) - s1@group-436914476215-LeaderElection76: ELECTION PASSED received 1 response(s) and 0 exception(s):
2024-10-20 10:44:22,242 [s1@group-436914476215-LeaderElection76] INFO  impl.LeaderElection (LeaderElection.java:logAndReturn(94)) -   Response 0: s1<-s0#0:OK-t7
2024-10-20 10:44:22,242 [s1@group-436914476215-LeaderElection76] INFO  impl.LeaderElection (LeaderElection.java:askForVotes(335)) - s1@group-436914476215-LeaderElection76 ELECTION round 0: result PASSED
2024-10-20 10:44:22,242 [s1@group-436914476215-LeaderElection76] INFO  impl.RoleInfo (RoleInfo.java:shutdownLeaderElection(141)) - s1: shutdown s1@group-436914476215-LeaderElection76
2024-10-20 10:44:22,242 [s1@group-436914476215-LeaderElection76] INFO  server.RaftServer$Division (RaftServerImpl.java:setRole(380)) - s1@group-436914476215: changes role from CANDIDATE to LEADER at term 7 for changeToLeader
2024-10-20 10:44:22,242 [s1@group-436914476215-LeaderElection76] INFO  server.RaftServerConfigKeys (ConfUtils.java:logGet(46)) - raft.server.staging.catchup.gap = 1000 (default)
2024-10-20 10:44:22,242 [s1@group-436914476215-LeaderElection76] INFO  server.RaftServerConfigKeys (ConfUtils.java:logGet(46)) - raft.server.write.element-limit = 4096 (default)
2024-10-20 10:44:22,242 [s1@group-436914476215-LeaderElection76] INFO  server.RaftServerConfigKeys (ConfUtils.java:logGet(46)) - raft.server.write.byte-limit = 64MB (=67108864) (default)
2024-10-20 10:44:22,242 [s1@group-436914476215-LeaderElection76] INFO  server.RaftServerConfigKeys (ConfUtils.java:logGet(46)) - raft.server.watch.timeout = 10s (default)
2024-10-20 10:44:22,242 [s1@group-436914476215-LeaderElection76] INFO  server.RaftServerConfigKeys (ConfUtils.java:logGet(46)) - raft.server.watch.timeout.denomination = 1s (default)
2024-10-20 10:44:22,242 [s1@group-436914476215-LeaderElection76] INFO  server.RaftServerConfigKeys (ConfUtils.java:logGet(46)) - raft.server.watch.element-limit = 65536 (default)
2024-10-20 10:44:22,242 [s1@group-436914476215-LeaderElection76] INFO  server.RaftServerConfigKeys (ConfUtils.java:logGet(46)) - raft.server.read.leader.lease.enabled = true (custom)
2024-10-20 10:44:22,243 [s1@group-436914476215-LeaderElection76] INFO  server.RaftServerConfigKeys (ConfUtils.java:logGet(46)) - raft.server.read.leader.lease.timeout.ratio = 0.5 (custom)
2024-10-20 10:44:22,243 [s1@group-436914476215-LeaderElection76] INFO  server.RaftServerConfigKeys (ConfUtils.java:logGet(46)) - raft.server.rpc.timeout.min = 150ms (default)
2024-10-20 10:44:22,243 [s1@group-436914476215-LeaderElection76] INFO  server.RaftServerConfigKeys (ConfUtils.java:logGet(46)) - raft.server.log.log-metadata.enabled = true (default)
2024-10-20 10:44:22,243 [s1@group-436914476215-LeaderElection76] INFO  server.RaftServerConfigKeys (ConfUtils.java:logGet(46)) - raft.server.write.element-limit = 4096 (default)
2024-10-20 10:44:22,243 [s1@group-436914476215-LeaderElection76] INFO  server.RaftServerConfigKeys (ConfUtils.java:logGet(46)) - raft.server.write.follower.gap.ratio.max = -1.0 (default)
2024-10-20 10:44:22,243 [s1@group-436914476215-LeaderElection76] INFO  server.RaftServerConfigKeys (ConfUtils.java:logGet(46)) - raft.server.log.appender.snapshot.chunk.size.max = 16MB (=16777216) (default)
2024-10-20 10:44:22,243 [s1@group-436914476215-LeaderElection76] INFO  server.RaftServerConfigKeys (ConfUtils.java:logGet(46)) - raft.server.log.appender.buffer.byte-limit = 4MB (=4194304) (default)
2024-10-20 10:44:22,243 [grpc-default-executor-1] TRACE util.FileUtils (LogUtils.java:runAndLog(49)) - Successfully ran Atomic Files.move /home/runner/work/ratis/ratis/ratis-test/target/test/data/d69430f5/MiniRaftClusterWithGrpc6b9d6d2d/s2/fd8814ef-b2fd-4859-a487-436914476215/current/raft-meta.tmp to /home/runner/work/ratis/ratis/ratis-test/target/test/data/d69430f5/MiniRaftClusterWithGrpc6b9d6d2d/s2/fd8814ef-b2fd-4859-a487-436914476215/current/raft-meta with options [REPLACE_EXISTING]
2024-10-20 10:44:22,243 [s1@group-436914476215-LeaderElection76] INFO  server.RaftServerConfigKeys (ConfUtils.java:logGet(46)) - raft.server.log.appender.buffer.element-limit = 0 (default)
2024-10-20 10:44:22,243 [grpc-default-executor-1] INFO  server.RaftServer$Division (RaftServerImpl.java:requestVote(1480)) - s2@group-436914476215 replies to ELECTION vote request: s1<-s2#0:OK-t7. Peer's state: s2@group-436914476215:t7, leader=null, voted=s1, raftlog=Memoized:s2@group-436914476215-SegmentedRaftLog:OPENED:c9:last(t:6, i:10), conf=conf: {index: 9, cur=peers:[s0|localhost:15252, s1|localhost:15256, s2|localhost:15260]|listeners:[], old=null}
2024-10-20 10:44:22,243 [s1@group-436914476215-LeaderElection76] INFO  server.RaftServerConfigKeys (ConfUtils.java:logGet(46)) - raft.server.log.appender.wait-time.min = 1ms (default)
2024-10-20 10:44:22,243 [s1@group-436914476215-LeaderElection76] INFO  grpc.GrpcConfigKeys (ConfUtils.java:logGet(46)) - raft.grpc.server.leader.outstanding.appends.max = 8 (default)
2024-10-20 10:44:22,244 [s1@group-436914476215-LeaderElection76] INFO  server.RaftServerConfigKeys (ConfUtils.java:logGet(46)) - raft.server.rpc.request.timeout = 3000ms (default)
2024-10-20 10:44:22,244 [s1@group-436914476215-LeaderElection76] INFO  grpc.GrpcConfigKeys (ConfUtils.java:logGet(46)) - raft.grpc.server.install_snapshot.request.element-limit = 8 (default)
2024-10-20 10:44:22,244 [s1@group-436914476215-LeaderElection76] INFO  grpc.GrpcConfigKeys (ConfUtils.java:logGet(46)) - raft.grpc.server.install_snapshot.request.timeout = 3000ms (default)
2024-10-20 10:44:22,244 [s1@group-436914476215-LeaderElection76] INFO  grpc.GrpcConfigKeys (ConfUtils.java:logGet(46)) - raft.grpc.server.log-message.batch.duration = 5s (default)
2024-10-20 10:44:22,244 [s1@group-436914476215-LeaderElection76] INFO  server.RaftServerConfigKeys (ConfUtils.java:logGet(46)) - raft.server.log.appender.install.snapshot.enabled = true (default)
2024-10-20 10:44:22,244 [s1@group-436914476215-LeaderElection76] INFO  grpc.GrpcConfigKeys (ConfUtils.java:logGet(46)) - raft.grpc.server.heartbeat.channel = true (default)
2024-10-20 10:44:22,244 [s1@group-436914476215-LeaderElection76] INFO  server.RaftServerConfigKeys (ConfUtils.java:logGet(46)) - raft.server.log.appender.snapshot.chunk.size.max = 16MB (=16777216) (default)
2024-10-20 10:44:22,244 [s1@group-436914476215-LeaderElection76] INFO  server.RaftServerConfigKeys (ConfUtils.java:logGet(46)) - raft.server.log.appender.buffer.byte-limit = 4MB (=4194304) (default)
2024-10-20 10:44:22,244 [s1@group-436914476215-LeaderElection76] INFO  server.RaftServerConfigKeys (ConfUtils.java:logGet(46)) - raft.server.log.appender.buffer.element-limit = 0 (default)
2024-10-20 10:44:22,244 [s1@group-436914476215-LeaderElection76] INFO  server.RaftServerConfigKeys (ConfUtils.java:logGet(46)) - raft.server.log.appender.wait-time.min = 1ms (default)
2024-10-20 10:44:22,244 [s1@group-436914476215-LeaderElection76] INFO  grpc.GrpcConfigKeys (ConfUtils.java:logGet(46)) - raft.grpc.server.leader.outstanding.appends.max = 8 (default)
2024-10-20 10:44:22,244 [s1@group-436914476215-LeaderElection76] INFO  server.RaftServerConfigKeys (ConfUtils.java:logGet(46)) - raft.server.rpc.request.timeout = 3000ms (default)
2024-10-20 10:44:22,244 [s1@group-436914476215-LeaderElection76] INFO  grpc.GrpcConfigKeys (ConfUtils.java:logGet(46)) - raft.grpc.server.install_snapshot.request.element-limit = 8 (default)
2024-10-20 10:44:22,244 [s1@group-436914476215-LeaderElection76] INFO  grpc.GrpcConfigKeys (ConfUtils.java:logGet(46)) - raft.grpc.server.install_snapshot.request.timeout = 3000ms (default)
2024-10-20 10:44:22,244 [s1@group-436914476215-LeaderElection76] INFO  grpc.GrpcConfigKeys (ConfUtils.java:logGet(46)) - raft.grpc.server.log-message.batch.duration = 5s (default)
2024-10-20 10:44:22,244 [s1@group-436914476215-LeaderElection76] INFO  server.RaftServerConfigKeys (ConfUtils.java:logGet(46)) - raft.server.log.appender.install.snapshot.enabled = true (default)
2024-10-20 10:44:22,244 [s1@group-436914476215-LeaderElection76] INFO  grpc.GrpcConfigKeys (ConfUtils.java:logGet(46)) - raft.grpc.server.heartbeat.channel = true (default)
2024-10-20 10:44:22,245 [s1@group-436914476215-LeaderElection76] INFO  impl.RoleInfo (RoleInfo.java:updateAndGet(148)) - s1: start s1@group-436914476215-LeaderStateImpl
2024-10-20 10:44:22,245 [s1@group-436914476215-LeaderElection76] INFO  server.RaftServer$Division (ServerState.java:setLeader(272)) - s1@group-436914476215: change Leader from null to s1 at term 7 for becomeLeader, leader elected after 12ms
2024-10-20 10:44:22,245 [s1@group-436914476215-LeaderElection76] INFO  segmented.SegmentedRaftLogWorker (SegmentedRaftLogWorker.java:rollLogSegment(447)) - s1@group-436914476215-SegmentedRaftLogWorker: Rolling segment log-9_10 to index:10
2024-10-20 10:44:22,245 [s1@group-436914476215-LeaderElection76] INFO  server.RaftServer$Division (ServerState.java:setRaftConf(386)) - s1@group-436914476215: set configuration conf: {index: 11, cur=peers:[s0|localhost:15252, s1|localhost:15256, s2|localhost:15260]|listeners:[], old=null}
2024-10-20 10:44:22,246 [s1@group-436914476215-SegmentedRaftLogWorker] TRACE util.FileUtils (LogUtils.java:runAndLog(49)) - Successfully ran Atomic Files.move /home/runner/work/ratis/ratis/ratis-test/target/test/data/d69430f5/MiniRaftClusterWithGrpc6b9d6d2d/s1/fd8814ef-b2fd-4859-a487-436914476215/current/log_inprogress_9 to /home/runner/work/ratis/ratis/ratis-test/target/test/data/d69430f5/MiniRaftClusterWithGrpc6b9d6d2d/s1/fd8814ef-b2fd-4859-a487-436914476215/current/log_9-10
2024-10-20 10:44:22,246 [s1@group-436914476215-SegmentedRaftLogWorker] INFO  segmented.SegmentedRaftLogWorker (SegmentedRaftLogWorker.java:execute(620)) - s1@group-436914476215-SegmentedRaftLogWorker: Rolled log segment from /home/runner/work/ratis/ratis/ratis-test/target/test/data/d69430f5/MiniRaftClusterWithGrpc6b9d6d2d/s1/fd8814ef-b2fd-4859-a487-436914476215/current/log_inprogress_9 to /home/runner/work/ratis/ratis/ratis-test/target/test/data/d69430f5/MiniRaftClusterWithGrpc6b9d6d2d/s1/fd8814ef-b2fd-4859-a487-436914476215/current/log_9-10
2024-10-20 10:44:22,246 [s1@group-436914476215-SegmentedRaftLogWorker] INFO  segmented.BufferedWriteChannel (BufferedWriteChannel.java:open(61)) - open log_inprogress_11 at position 0
2024-10-20 10:44:22,247 [main] INFO  server.RaftServerConfigKeys (ConfUtils.java:logGet(46)) - raft.server.rpc.timeout.max = 300ms (default)
2024-10-20 10:44:22,247 [main] INFO  ratis.RaftTestUtil (RaftTestUtil.java:waitForLeader(107)) - printing ALL groups
  s0:  RUNNING  FOLLOWER s0@group-436914476215:t7, leader=null, voted=s1, raftlog=Memoized:s0@group-436914476215-SegmentedRaftLog:OPENED:c10:last(t:6, i:10), conf=conf: {index: 9, cur=peers:[s0|localhost:15252, s1|localhost:15256, s2|localhost:15260]|listeners:[], old=null} RUNNING
  s1:  RUNNING    LEADER s1@group-436914476215:t7, leader=s1, voted=s1, raftlog=Memoized:s1@group-436914476215-SegmentedRaftLog:OPENED:c9:last(t:7, i:11), conf=conf: {index: 11, cur=peers:[s0|localhost:15252, s1|localhost:15256, s2|localhost:15260]|listeners:[], old=null} RUNNING
  s2:  RUNNING  FOLLOWER s2@group-436914476215:t7, leader=null, voted=s1, raftlog=Memoized:s2@group-436914476215-SegmentedRaftLog:OPENED:c9:last(t:6, i:10), conf=conf: {index: 9, cur=peers:[s0|localhost:15252, s1|localhost:15256, s2|localhost:15260]|listeners:[], old=null} RUNNING
2024-10-20 10:44:22,247 [main] WARN  ratis.RaftTestUtil (RaftTestUtil.java:lambda$waitForLeader$3(126)) - Attempt #1 failed: java.lang.IllegalStateException: Leader: s1@group-436914476215 not ready
2024-10-20 10:44:22,247 [s0-server-thread3] INFO  server.RaftServer$Division (ServerState.java:setLeader(272)) - s0@group-436914476215: change Leader from null to s1 at term 7 for appendEntries, leader elected after 13ms
2024-10-20 10:44:22,251 [s2-server-thread2] INFO  server.RaftServer$Division (ServerState.java:setLeader(272)) - s2@group-436914476215: change Leader from null to s1 at term 7 for appendEntries, leader elected after 11ms
2024-10-20 10:44:22,251 [s2-server-thread3] DEBUG server.RaftServer$Division (RaftServerImpl.java:logAppendEntries(1549)) - s2@group-436914476215: appendEntries* s1->s2#1-t7,previous=(t:6, i:10),leaderCommit=9,initializing? false,entries: size=1, first=(t:7, i:11), CONFIGURATIONENTRY(current:id:"s0"address:"localhost:15252"dataStreamAddress:"localhost:15255"clientAddress:"localhost:15254"adminAddress:"localhost:15253"startupRole:FOLLOWER, id:"s1"address:"localhost:15256"dataStreamAddress:"localhost:15259"clientAddress:"localhost:15258"adminAddress:"localhost:15257"startupRole:FOLLOWER, id:"s2"address:"localhost:15260"dataStreamAddress:"localhost:15263"clientAddress:"localhost:15262"adminAddress:"localhost:15261"startupRole:FOLLOWER, old:)
2024-10-20 10:44:22,251 [s2-server-thread3] INFO  server.RaftServer$Division (ServerState.java:setRaftConf(386)) - s2@group-436914476215: set configuration conf: {index: 11, cur=peers:[s0|localhost:15252, s1|localhost:15256, s2|localhost:15260]|listeners:[], old=null}
2024-10-20 10:44:22,251 [s2-server-thread3] INFO  segmented.SegmentedRaftLogWorker (SegmentedRaftLogWorker.java:rollLogSegment(447)) - s2@group-436914476215-SegmentedRaftLogWorker: Rolling segment log-9_10 to index:10
2024-10-20 10:44:22,251 [s0-server-thread2] DEBUG server.RaftServer$Division (RaftServerImpl.java:logAppendEntries(1549)) - s0@group-436914476215: appendEntries* s1->s0#1-t7,previous=(t:6, i:10),leaderCommit=9,initializing? false,entries: size=1, first=(t:7, i:11), CONFIGURATIONENTRY(current:id:"s0"address:"localhost:15252"dataStreamAddress:"localhost:15255"clientAddress:"localhost:15254"adminAddress:"localhost:15253"startupRole:FOLLOWER, id:"s1"address:"localhost:15256"dataStreamAddress:"localhost:15259"clientAddress:"localhost:15258"adminAddress:"localhost:15257"startupRole:FOLLOWER, id:"s2"address:"localhost:15260"dataStreamAddress:"localhost:15263"clientAddress:"localhost:15262"adminAddress:"localhost:15261"startupRole:FOLLOWER, old:)
2024-10-20 10:44:22,251 [s0-server-thread2] INFO  server.RaftServer$Division (ServerState.java:setRaftConf(386)) - s0@group-436914476215: set configuration conf: {index: 11, cur=peers:[s0|localhost:15252, s1|localhost:15256, s2|localhost:15260]|listeners:[], old=null}
2024-10-20 10:44:22,252 [s0-server-thread2] INFO  segmented.SegmentedRaftLogWorker (SegmentedRaftLogWorker.java:rollLogSegment(447)) - s0@group-436914476215-SegmentedRaftLogWorker: Rolling segment log-9_10 to index:10
2024-10-20 10:44:22,253 [s2@group-436914476215-SegmentedRaftLogWorker] TRACE util.FileUtils (LogUtils.java:runAndLog(49)) - Successfully ran Atomic Files.move /home/runner/work/ratis/ratis/ratis-test/target/test/data/d69430f5/MiniRaftClusterWithGrpc6b9d6d2d/s2/fd8814ef-b2fd-4859-a487-436914476215/current/log_inprogress_9 to /home/runner/work/ratis/ratis/ratis-test/target/test/data/d69430f5/MiniRaftClusterWithGrpc6b9d6d2d/s2/fd8814ef-b2fd-4859-a487-436914476215/current/log_9-10
2024-10-20 10:44:22,253 [s2@group-436914476215-SegmentedRaftLogWorker] INFO  segmented.SegmentedRaftLogWorker (SegmentedRaftLogWorker.java:execute(620)) - s2@group-436914476215-SegmentedRaftLogWorker: Rolled log segment from /home/runner/work/ratis/ratis/ratis-test/target/test/data/d69430f5/MiniRaftClusterWithGrpc6b9d6d2d/s2/fd8814ef-b2fd-4859-a487-436914476215/current/log_inprogress_9 to /home/runner/work/ratis/ratis/ratis-test/target/test/data/d69430f5/MiniRaftClusterWithGrpc6b9d6d2d/s2/fd8814ef-b2fd-4859-a487-436914476215/current/log_9-10
2024-10-20 10:44:22,253 [s2@group-436914476215-SegmentedRaftLogWorker] INFO  segmented.BufferedWriteChannel (BufferedWriteChannel.java:open(61)) - open log_inprogress_11 at position 0
2024-10-20 10:44:22,256 [s0@group-436914476215-SegmentedRaftLogWorker] TRACE util.FileUtils (LogUtils.java:runAndLog(49)) - Successfully ran Atomic Files.move /home/runner/work/ratis/ratis/ratis-test/target/test/data/d69430f5/MiniRaftClusterWithGrpc6b9d6d2d/s0/fd8814ef-b2fd-4859-a487-436914476215/current/log_inprogress_9 to /home/runner/work/ratis/ratis/ratis-test/target/test/data/d69430f5/MiniRaftClusterWithGrpc6b9d6d2d/s0/fd8814ef-b2fd-4859-a487-436914476215/current/log_9-10
2024-10-20 10:44:22,256 [s0@group-436914476215-SegmentedRaftLogWorker] INFO  segmented.SegmentedRaftLogWorker (SegmentedRaftLogWorker.java:execute(620)) - s0@group-436914476215-SegmentedRaftLogWorker: Rolled log segment from /home/runner/work/ratis/ratis/ratis-test/target/test/data/d69430f5/MiniRaftClusterWithGrpc6b9d6d2d/s0/fd8814ef-b2fd-4859-a487-436914476215/current/log_inprogress_9 to /home/runner/work/ratis/ratis/ratis-test/target/test/data/d69430f5/MiniRaftClusterWithGrpc6b9d6d2d/s0/fd8814ef-b2fd-4859-a487-436914476215/current/log_9-10
2024-10-20 10:44:22,256 [s0@group-436914476215-SegmentedRaftLogWorker] INFO  segmented.BufferedWriteChannel (BufferedWriteChannel.java:open(61)) - open log_inprogress_11 at position 0
2024-10-20 10:44:22,268 [s1@group-436914476215-SegmentedRaftLogWorker] INFO  segmented.SegmentedRaftLogWorker (SegmentedRaftLogWorker.java:execute(663)) - s1@group-436914476215-SegmentedRaftLogWorker: created new log segment /home/runner/work/ratis/ratis/ratis-test/target/test/data/d69430f5/MiniRaftClusterWithGrpc6b9d6d2d/s1/fd8814ef-b2fd-4859-a487-436914476215/current/log_inprogress_11
2024-10-20 10:44:22,269 [s2@group-436914476215-SegmentedRaftLogWorker] INFO  segmented.SegmentedRaftLogWorker (SegmentedRaftLogWorker.java:execute(663)) - s2@group-436914476215-SegmentedRaftLogWorker: created new log segment /home/runner/work/ratis/ratis/ratis-test/target/test/data/d69430f5/MiniRaftClusterWithGrpc6b9d6d2d/s2/fd8814ef-b2fd-4859-a487-436914476215/current/log_inprogress_11
2024-10-20 10:44:22,269 [s0@group-436914476215-SegmentedRaftLogWorker] INFO  segmented.SegmentedRaftLogWorker (SegmentedRaftLogWorker.java:execute(663)) - s0@group-436914476215-SegmentedRaftLogWorker: created new log segment /home/runner/work/ratis/ratis/ratis-test/target/test/data/d69430f5/MiniRaftClusterWithGrpc6b9d6d2d/s0/fd8814ef-b2fd-4859-a487-436914476215/current/log_inprogress_11
2024-10-20 10:44:22,270 [s2-server-thread3] DEBUG server.RaftServer$Division (RaftServerImpl.java:logAppendEntries(1549)) - s2@group-436914476215: appendEntries* reply s1<-s2#1:OK-t7,SUCCESS,nextIndex=12,followerCommit=9,matchIndex=11
2024-10-20 10:44:22,270 [s0-server-thread2] DEBUG server.RaftServer$Division (RaftServerImpl.java:logAppendEntries(1549)) - s0@group-436914476215: appendEntries* reply s1<-s0#1:OK-t7,SUCCESS,nextIndex=12,followerCommit=10,matchIndex=11
2024-10-20 10:44:22,270 [s1@group-436914476215-StateMachineUpdater] TRACE util.FileUtils (LogUtils.java:supplyAndLog(69)) - Successfully supplied FileChannel.open /home/runner/work/ratis/ratis/ratis-test/target/test/data/d69430f5/MiniRaftClusterWithGrpc6b9d6d2d/s1/fd8814ef-b2fd-4859-a487-436914476215/current/raft-meta.conf.tmp with options [CREATE, WRITE]: sun.nio.ch.FileChannelImpl@61755444
2024-10-20 10:44:22,271 [s0-server-thread2] DEBUG server.RaftServer$Division (RaftServerImpl.java:logAppendEntries(1549)) - s0@group-436914476215: appendEntries* s1->s0#3-t7,previous=(t:7, i:11),leaderCommit=11,initializing? false,entries: size=1, first=(t:7, i:12), METADATAENTRY(c:11)
2024-10-20 10:44:22,272 [s2-server-thread3] DEBUG server.RaftServer$Division (RaftServerImpl.java:logAppendEntries(1549)) - s2@group-436914476215: appendEntries* s1->s2#2-t7,previous=(t:7, i:11),leaderCommit=11,initializing? false,entries: size=1, first=(t:7, i:12), METADATAENTRY(c:11)
2024-10-20 10:44:22,272 [s0-server-thread2] DEBUG server.RaftServer$Division (RaftServerImpl.java:logAppendEntries(1549)) - s0@group-436914476215: appendEntries* reply s1<-s0#3:OK-t7,SUCCESS,nextIndex=13,followerCommit=11,matchIndex=12
2024-10-20 10:44:22,272 [s0@group-436914476215-StateMachineUpdater] TRACE util.FileUtils (LogUtils.java:supplyAndLog(69)) - Successfully supplied FileChannel.open /home/runner/work/ratis/ratis/ratis-test/target/test/data/d69430f5/MiniRaftClusterWithGrpc6b9d6d2d/s0/fd8814ef-b2fd-4859-a487-436914476215/current/raft-meta.conf.tmp with options [CREATE, WRITE]: sun.nio.ch.FileChannelImpl@16d57296
2024-10-20 10:44:22,272 [s1@group-436914476215-StateMachineUpdater] TRACE util.FileUtils (LogUtils.java:runAndLog(49)) - Successfully ran Atomic Files.move /home/runner/work/ratis/ratis/ratis-test/target/test/data/d69430f5/MiniRaftClusterWithGrpc6b9d6d2d/s1/fd8814ef-b2fd-4859-a487-436914476215/current/raft-meta.conf.tmp to /home/runner/work/ratis/ratis/ratis-test/target/test/data/d69430f5/MiniRaftClusterWithGrpc6b9d6d2d/s1/fd8814ef-b2fd-4859-a487-436914476215/current/raft-meta.conf with options [REPLACE_EXISTING]
2024-10-20 10:44:22,272 [s1@group-436914476215-StateMachineUpdater] INFO  server.RaftServer$Division (LeaderStateImpl.java:checkStartIndex(314)) - Leader s1@group-436914476215-LeaderStateImpl is ready since appliedIndex == startIndex == 11
2024-10-20 10:44:22,274 [s0@group-436914476215-StateMachineUpdater] TRACE util.FileUtils (LogUtils.java:runAndLog(49)) - Successfully ran Atomic Files.move /home/runner/work/ratis/ratis/ratis-test/target/test/data/d69430f5/MiniRaftClusterWithGrpc6b9d6d2d/s0/fd8814ef-b2fd-4859-a487-436914476215/current/raft-meta.conf.tmp to /home/runner/work/ratis/ratis/ratis-test/target/test/data/d69430f5/MiniRaftClusterWithGrpc6b9d6d2d/s0/fd8814ef-b2fd-4859-a487-436914476215/current/raft-meta.conf with options [REPLACE_EXISTING]
2024-10-20 10:44:22,279 [s2-server-thread3] DEBUG server.RaftServer$Division (RaftServerImpl.java:logAppendEntries(1549)) - s2@group-436914476215: appendEntries* reply s1<-s2#2:OK-t7,SUCCESS,nextIndex=13,followerCommit=11,matchIndex=12
2024-10-20 10:44:22,279 [s2@group-436914476215-StateMachineUpdater] TRACE util.FileUtils (LogUtils.java:supplyAndLog(69)) - Successfully supplied FileChannel.open /home/runner/work/ratis/ratis/ratis-test/target/test/data/d69430f5/MiniRaftClusterWithGrpc6b9d6d2d/s2/fd8814ef-b2fd-4859-a487-436914476215/current/raft-meta.conf.tmp with options [CREATE, WRITE]: sun.nio.ch.FileChannelImpl@1c1b81db
2024-10-20 10:44:22,281 [s2@group-436914476215-StateMachineUpdater] TRACE util.FileUtils (LogUtils.java:runAndLog(49)) - Successfully ran Atomic Files.move /home/runner/work/ratis/ratis/ratis-test/target/test/data/d69430f5/MiniRaftClusterWithGrpc6b9d6d2d/s2/fd8814ef-b2fd-4859-a487-436914476215/current/raft-meta.conf.tmp to /home/runner/work/ratis/ratis/ratis-test/target/test/data/d69430f5/MiniRaftClusterWithGrpc6b9d6d2d/s2/fd8814ef-b2fd-4859-a487-436914476215/current/raft-meta.conf with options [REPLACE_EXISTING]
2024-10-20 10:44:22,697 [main] INFO  ratis.RaftTestUtil (RaftTestUtil.java:waitForLeader(131)) - printing ALL groups
  s0:  RUNNING  FOLLOWER s0@group-436914476215:t7, leader=s1, voted=s1, raftlog=Memoized:s0@group-436914476215-SegmentedRaftLog:OPENED:c12:last(t:7, i:12), conf=conf: {index: 11, cur=peers:[s0|localhost:15252, s1|localhost:15256, s2|localhost:15260]|listeners:[], old=null} RUNNING
  s1:  RUNNING    LEADER s1@group-436914476215:t7, leader=s1, voted=s1, raftlog=Memoized:s1@group-436914476215-SegmentedRaftLog:OPENED:c12:last(t:7, i:12), conf=conf: {index: 11, cur=peers:[s0|localhost:15252, s1|localhost:15256, s2|localhost:15260]|listeners:[], old=null} RUNNING
  s2:  RUNNING  FOLLOWER s2@group-436914476215:t7, leader=s1, voted=s1, raftlog=Memoized:s2@group-436914476215-SegmentedRaftLog:OPENED:c12:last(t:7, i:12), conf=conf: {index: 11, cur=peers:[s0|localhost:15252, s1|localhost:15256, s2|localhost:15260]|listeners:[], old=null} RUNNING
2024-10-20 10:44:22,698 [main] INFO  ratis.RaftTestUtil (RaftTestUtil.java:lambda$changeLeader$14(485)) - Changed leader from s0 to s1
2024-10-20 10:44:22,698 [main] INFO  util.CodeInjectionForTesting (BlockRequestHandlingInjection.java:unblockRequestor(54)) - UnBlock requestor s0
2024-10-20 10:44:22,698 [main] INFO  util.CodeInjectionForTesting (BlockRequestHandlingInjection.java:blockRequestor(49)) - Block requestor s1
2024-10-20 10:44:22,698 [main] INFO  server.RaftServerConfigKeys (ConfUtils.java:logGet(46)) - raft.server.rpc.timeout.max = 300ms (default)
2024-10-20 10:44:22,698 [main] INFO  ratis.RaftTestUtil (RaftTestUtil.java:waitForLeader(107)) - printing ALL groups
  s0:  RUNNING  FOLLOWER s0@group-436914476215:t7, leader=s1, voted=s1, raftlog=Memoized:s0@group-436914476215-SegmentedRaftLog:OPENED:c12:last(t:7, i:12), conf=conf: {index: 11, cur=peers:[s0|localhost:15252, s1|localhost:15256, s2|localhost:15260]|listeners:[], old=null} RUNNING
  s1:  RUNNING    LEADER s1@group-436914476215:t7, leader=s1, voted=s1, raftlog=Memoized:s1@group-436914476215-SegmentedRaftLog:OPENED:c12:last(t:7, i:12), conf=conf: {index: 11, cur=peers:[s0|localhost:15252, s1|localhost:15256, s2|localhost:15260]|listeners:[], old=null} RUNNING
  s2:  RUNNING  FOLLOWER s2@group-436914476215:t7, leader=s1, voted=s1, raftlog=Memoized:s2@group-436914476215-SegmentedRaftLog:OPENED:c12:last(t:7, i:12), conf=conf: {index: 11, cur=peers:[s0|localhost:15252, s1|localhost:15256, s2|localhost:15260]|listeners:[], old=null} RUNNING
2024-10-20 10:44:22,698 [main] INFO  ratis.RaftTestUtil (RaftTestUtil.java:waitForLeader(131)) - printing ALL groups
  s0:  RUNNING  FOLLOWER s0@group-436914476215:t7, leader=s1, voted=s1, raftlog=Memoized:s0@group-436914476215-SegmentedRaftLog:OPENED:c12:last(t:7, i:12), conf=conf: {index: 11, cur=peers:[s0|localhost:15252, s1|localhost:15256, s2|localhost:15260]|listeners:[], old=null} RUNNING
  s1:  RUNNING    LEADER s1@group-436914476215:t7, leader=s1, voted=s1, raftlog=Memoized:s1@group-436914476215-SegmentedRaftLog:OPENED:c12:last(t:7, i:12), conf=conf: {index: 11, cur=peers:[s0|localhost:15252, s1|localhost:15256, s2|localhost:15260]|listeners:[], old=null} RUNNING
  s2:  RUNNING  FOLLOWER s2@group-436914476215:t7, leader=s1, voted=s1, raftlog=Memoized:s2@group-436914476215-SegmentedRaftLog:OPENED:c12:last(t:7, i:12), conf=conf: {index: 11, cur=peers:[s0|localhost:15252, s1|localhost:15256, s2|localhost:15260]|listeners:[], old=null} RUNNING
2024-10-20 10:44:22,699 [main] WARN  ratis.RaftTestUtil (JavaUtils.java:attempt(231)) - FAILED "runTestChangeLeader-changeLeader", attempt #1/20, sleep 100ms and then retry: java.lang.IllegalStateException: Failed to change leader: newLeader == oldLeader == s1
2024-10-20 10:44:22,731 [s0-server-thread3] INFO  util.CodeInjectionForTesting (BlockRequestHandlingInjection.java:execute(77)) - s0: Block request from s1
2024-10-20 10:44:22,736 [s2-server-thread4] INFO  util.CodeInjectionForTesting (BlockRequestHandlingInjection.java:execute(77)) - s2: Block request from s1
2024-10-20 10:44:22,769 [s2-server-thread1] INFO  util.CodeInjectionForTesting (BlockRequestHandlingInjection.java:execute(84)) - s2: unBlock request from s0
2024-10-20 10:44:22,769 [s2-server-thread1] WARN  server.RaftServer$Division (ServerState.java:recognizeLeader(331)) - s2@group-436914476215: Failed to recognize s0 as leader for APPEND_ENTRIES since peerTerm = 6 < currentTerm = 7
2024-10-20 10:44:22,769 [grpc-default-executor-4] WARN  server.GrpcLogAppender (GrpcLogAppender.java:onNextImpl(521)) - s0@group-436914476215->s2-AppendLogResponseHandler: received NOT_LEADER reply with term 7
2024-10-20 10:44:22,769 [s2-server-thread1] WARN  server.RaftServer$Division (ServerState.java:recognizeLeader(331)) - s2@group-436914476215: Failed to recognize s0 as leader for APPEND_ENTRIES since peerTerm = 6 < currentTerm = 7
2024-10-20 10:44:22,769 [s1-server-thread2] INFO  util.CodeInjectionForTesting (BlockRequestHandlingInjection.java:execute(84)) - s1: unBlock request from s0
2024-10-20 10:44:22,769 [grpc-default-executor-4] WARN  server.GrpcLogAppender (GrpcLogAppender.java:onNextImpl(521)) - s0@group-436914476215->s2-AppendLogResponseHandler: received NOT_LEADER reply with term 7
2024-10-20 10:44:22,769 [s2-server-thread1] WARN  server.RaftServer$Division (ServerState.java:recognizeLeader(331)) - s2@group-436914476215: Failed to recognize s0 as leader for APPEND_ENTRIES since peerTerm = 6 < currentTerm = 7
2024-10-20 10:44:22,769 [s1-server-thread2] WARN  server.RaftServer$Division (ServerState.java:recognizeLeader(331)) - s1@group-436914476215: Failed to recognize s0 as leader for APPEND_ENTRIES since peerTerm = 6 < currentTerm = 7
2024-10-20 10:44:22,770 [s2-server-thread1] WARN  server.RaftServer$Division (ServerState.java:recognizeLeader(331)) - s2@group-436914476215: Failed to recognize s0 as leader for APPEND_ENTRIES since peerTerm = 6 < currentTerm = 7
2024-10-20 10:44:22,770 [grpc-default-executor-4] WARN  server.GrpcLogAppender (GrpcLogAppender.java:onNextImpl(521)) - s0@group-436914476215->s1-AppendLogResponseHandler: received NOT_LEADER reply with term 7
2024-10-20 10:44:22,770 [s1-server-thread2] WARN  server.RaftServer$Division (ServerState.java:recognizeLeader(331)) - s1@group-436914476215: Failed to recognize s0 as leader for APPEND_ENTRIES since peerTerm = 6 < currentTerm = 7
2024-10-20 10:44:22,770 [grpc-default-executor-4] WARN  server.GrpcLogAppender (GrpcLogAppender.java:onNextImpl(521)) - s0@group-436914476215->s2-AppendLogResponseHandler: received NOT_LEADER reply with term 7
2024-10-20 10:44:22,770 [s2-server-thread1] WARN  server.RaftServer$Division (ServerState.java:recognizeLeader(331)) - s2@group-436914476215: Failed to recognize s0 as leader for APPEND_ENTRIES since peerTerm = 6 < currentTerm = 7
2024-10-20 10:44:22,770 [s1-server-thread2] WARN  server.RaftServer$Division (ServerState.java:recognizeLeader(331)) - s1@group-436914476215: Failed to recognize s0 as leader for APPEND_ENTRIES since peerTerm = 6 < currentTerm = 7
2024-10-20 10:44:22,770 [grpc-default-executor-4] WARN  server.GrpcLogAppender (GrpcLogAppender.java:onNextImpl(521)) - s0@group-436914476215->s2-AppendLogResponseHandler: received NOT_LEADER reply with term 7
2024-10-20 10:44:22,770 [grpc-default-executor-1] WARN  server.GrpcLogAppender (GrpcLogAppender.java:onNextImpl(521)) - s0@group-436914476215->s1-AppendLogResponseHandler: received NOT_LEADER reply with term 7
2024-10-20 10:44:22,771 [s2-server-thread1] WARN  server.RaftServer$Division (ServerState.java:recognizeLeader(331)) - s2@group-436914476215: Failed to recognize s0 as leader for APPEND_ENTRIES since peerTerm = 6 < currentTerm = 7
2024-10-20 10:44:22,771 [s1-server-thread2] WARN  server.RaftServer$Division (ServerState.java:recognizeLeader(331)) - s1@group-436914476215: Failed to recognize s0 as leader for APPEND_ENTRIES since peerTerm = 6 < currentTerm = 7
2024-10-20 10:44:22,771 [grpc-default-executor-1] WARN  server.GrpcLogAppender (GrpcLogAppender.java:onNextImpl(521)) - s0@group-436914476215->s1-AppendLogResponseHandler: received NOT_LEADER reply with term 7
2024-10-20 10:44:22,771 [grpc-default-executor-3] WARN  server.GrpcLogAppender (GrpcLogAppender.java:onNextImpl(521)) - s0@group-436914476215->s2-AppendLogResponseHandler: received NOT_LEADER reply with term 7
2024-10-20 10:44:22,771 [grpc-default-executor-6] WARN  server.GrpcLogAppender (GrpcLogAppender.java:onNextImpl(521)) - s0@group-436914476215->s1-AppendLogResponseHandler: received NOT_LEADER reply with term 7
2024-10-20 10:44:22,771 [s2-server-thread1] WARN  server.RaftServer$Division (ServerState.java:recognizeLeader(331)) - s2@group-436914476215: Failed to recognize s0 as leader for APPEND_ENTRIES since peerTerm = 6 < currentTerm = 7
2024-10-20 10:44:22,771 [s1-server-thread2] WARN  server.RaftServer$Division (ServerState.java:recognizeLeader(331)) - s1@group-436914476215: Failed to recognize s0 as leader for APPEND_ENTRIES since peerTerm = 6 < currentTerm = 7
2024-10-20 10:44:22,771 [grpc-default-executor-1] WARN  server.GrpcLogAppender (GrpcLogAppender.java:onNextImpl(521)) - s0@group-436914476215->s2-AppendLogResponseHandler: received NOT_LEADER reply with term 7
2024-10-20 10:44:22,771 [s2-server-thread1] WARN  server.RaftServer$Division (ServerState.java:recognizeLeader(331)) - s2@group-436914476215: Failed to recognize s0 as leader for APPEND_ENTRIES since peerTerm = 6 < currentTerm = 7
2024-10-20 10:44:22,772 [s1-server-thread2] WARN  server.RaftServer$Division (ServerState.java:recognizeLeader(331)) - s1@group-436914476215: Failed to recognize s0 as leader for APPEND_ENTRIES since peerTerm = 6 < currentTerm = 7
2024-10-20 10:44:22,772 [grpc-default-executor-4] WARN  server.GrpcLogAppender (GrpcLogAppender.java:onNextImpl(521)) - s0@group-436914476215->s1-AppendLogResponseHandler: received NOT_LEADER reply with term 7
2024-10-20 10:44:22,772 [grpc-default-executor-1] WARN  server.GrpcLogAppender (GrpcLogAppender.java:onNextImpl(521)) - s0@group-436914476215->s2-AppendLogResponseHandler: received NOT_LEADER reply with term 7
2024-10-20 10:44:22,772 [s2-server-thread1] WARN  server.RaftServer$Division (ServerState.java:recognizeLeader(331)) - s2@group-436914476215: Failed to recognize s0 as leader for APPEND_ENTRIES since peerTerm = 6 < currentTerm = 7
2024-10-20 10:44:22,772 [s1-server-thread2] WARN  server.RaftServer$Division (ServerState.java:recognizeLeader(331)) - s1@group-436914476215: Failed to recognize s0 as leader for APPEND_ENTRIES since peerTerm = 6 < currentTerm = 7
2024-10-20 10:44:22,772 [grpc-default-executor-3] WARN  server.GrpcLogAppender (GrpcLogAppender.java:onNextImpl(521)) - s0@group-436914476215->s1-AppendLogResponseHandler: received NOT_LEADER reply with term 7
2024-10-20 10:44:22,772 [grpc-default-executor-6] WARN  server.GrpcLogAppender (GrpcLogAppender.java:onNextImpl(521)) - s0@group-436914476215->s2-AppendLogResponseHandler: received NOT_LEADER reply with term 7
2024-10-20 10:44:22,772 [s2-server-thread1] WARN  server.RaftServer$Division (ServerState.java:recognizeLeader(331)) - s2@group-436914476215: Failed to recognize s0 as leader for APPEND_ENTRIES since peerTerm = 6 < currentTerm = 7
2024-10-20 10:44:22,772 [grpc-default-executor-4] INFO  server.GrpcServerProtocolService (GrpcServerProtocolService.java:onCompleted(200)) - s2: Completed APPEND_ENTRIES, lastRequest: null
2024-10-20 10:44:22,773 [grpc-default-executor-6] WARN  server.GrpcLogAppender (GrpcLogAppender.java:onNextImpl(521)) - s0@group-436914476215->s2-AppendLogResponseHandler: received NOT_LEADER reply with term 7
2024-10-20 10:44:22,772 [s1-server-thread2] WARN  server.RaftServer$Division (ServerState.java:recognizeLeader(331)) - s1@group-436914476215: Failed to recognize s0 as leader for APPEND_ENTRIES since peerTerm = 6 < currentTerm = 7
2024-10-20 10:44:22,773 [grpc-default-executor-4] INFO  server.GrpcServerProtocolService (GrpcServerProtocolService.java:lambda$onCompleted$7(202)) - s2: Completed APPEND_ENTRIES, lastReply: serverReply {
  requestorId: "s0"
  replyId: "s2"
  raftGroupId {
    id: "\375\210\024\357\262\375HY\244\207Ci\024Gb\025"
  }
  callId: 15
}
term: 7
nextIndex: 13
result: NOT_LEADER
followerCommit: 12
matchIndex: 18446744073709551615
isHearbeat: true

2024-10-20 10:44:22,773 [grpc-default-executor-1] WARN  server.GrpcLogAppender (GrpcLogAppender.java:onNextImpl(521)) - s0@group-436914476215->s1-AppendLogResponseHandler: received NOT_LEADER reply with term 7
2024-10-20 10:44:22,773 [grpc-default-executor-4] WARN  server.GrpcLogAppender (GrpcLogAppender.java:onNextImpl(521)) - s0@group-436914476215->s2-AppendLogResponseHandler: received NOT_LEADER reply with term 7
2024-10-20 10:44:22,773 [s1-server-thread2] WARN  server.RaftServer$Division (ServerState.java:recognizeLeader(331)) - s1@group-436914476215: Failed to recognize s0 as leader for APPEND_ENTRIES since peerTerm = 6 < currentTerm = 7
2024-10-20 10:44:22,774 [grpc-default-executor-1] WARN  server.GrpcLogAppender (GrpcLogAppender.java:onNextImpl(521)) - s0@group-436914476215->s1-AppendLogResponseHandler: received NOT_LEADER reply with term 7
2024-10-20 10:44:22,774 [grpc-default-executor-3] INFO  server.GrpcLogAppender (GrpcLogAppender.java:onCompleted(559)) - s0@group-436914476215->s2-AppendLogResponseHandler: follower responses appendEntries COMPLETED
2024-10-20 10:44:22,774 [s1-server-thread2] WARN  server.RaftServer$Division (ServerState.java:recognizeLeader(331)) - s1@group-436914476215: Failed to recognize s0 as leader for APPEND_ENTRIES since peerTerm = 6 < currentTerm = 7
2024-10-20 10:44:22,774 [grpc-default-executor-6] INFO  server.GrpcServerProtocolService (GrpcServerProtocolService.java:onCompleted(200)) - s1: Completed APPEND_ENTRIES, lastRequest: null
2024-10-20 10:44:22,774 [grpc-default-executor-6] INFO  server.GrpcServerProtocolService (GrpcServerProtocolService.java:lambda$onCompleted$7(202)) - s1: Completed APPEND_ENTRIES, lastReply: serverReply {
  requestorId: "s0"
  replyId: "s1"
  raftGroupId {
    id: "\375\210\024\357\262\375HY\244\207Ci\024Gb\025"
  }
  callId: 13
}
term: 7
nextIndex: 13
result: NOT_LEADER
followerCommit: 12
matchIndex: 18446744073709551615
isHearbeat: true

2024-10-20 10:44:22,774 [grpc-default-executor-6] WARN  server.GrpcLogAppender (GrpcLogAppender.java:onNextImpl(521)) - s0@group-436914476215->s1-AppendLogResponseHandler: received NOT_LEADER reply with term 7
2024-10-20 10:44:22,774 [grpc-default-executor-6] WARN  server.GrpcLogAppender (GrpcLogAppender.java:onNextImpl(521)) - s0@group-436914476215->s1-AppendLogResponseHandler: received NOT_LEADER reply with term 7
2024-10-20 10:44:22,775 [grpc-default-executor-6] INFO  server.GrpcLogAppender (GrpcLogAppender.java:onCompleted(559)) - s0@group-436914476215->s1-AppendLogResponseHandler: follower responses appendEntries COMPLETED
2024-10-20 10:44:22,799 [main] INFO  server.RaftServerConfigKeys (ConfUtils.java:logGet(46)) - raft.server.rpc.timeout.max = 300ms (default)
2024-10-20 10:44:22,799 [main] INFO  ratis.RaftTestUtil (RaftTestUtil.java:waitForLeader(107)) - printing ALL groups
  s0:  RUNNING  FOLLOWER s0@group-436914476215:t7, leader=s1, voted=s1, raftlog=Memoized:s0@group-436914476215-SegmentedRaftLog:OPENED:c12:last(t:7, i:12), conf=conf: {index: 11, cur=peers:[s0|localhost:15252, s1|localhost:15256, s2|localhost:15260]|listeners:[], old=null} RUNNING
  s1:  RUNNING    LEADER s1@group-436914476215:t7, leader=s1, voted=s1, raftlog=Memoized:s1@group-436914476215-SegmentedRaftLog:OPENED:c12:last(t:7, i:12), conf=conf: {index: 11, cur=peers:[s0|localhost:15252, s1|localhost:15256, s2|localhost:15260]|listeners:[], old=null} RUNNING
  s2:  RUNNING  FOLLOWER s2@group-436914476215:t7, leader=s1, voted=s1, raftlog=Memoized:s2@group-436914476215-SegmentedRaftLog:OPENED:c12:last(t:7, i:12), conf=conf: {index: 11, cur=peers:[s0|localhost:15252, s1|localhost:15256, s2|localhost:15260]|listeners:[], old=null} RUNNING
2024-10-20 10:44:22,799 [main] INFO  ratis.RaftTestUtil (RaftTestUtil.java:waitForLeader(131)) - printing ALL groups
  s0:  RUNNING  FOLLOWER s0@group-436914476215:t7, leader=s1, voted=s1, raftlog=Memoized:s0@group-436914476215-SegmentedRaftLog:OPENED:c12:last(t:7, i:12), conf=conf: {index: 11, cur=peers:[s0|localhost:15252, s1|localhost:15256, s2|localhost:15260]|listeners:[], old=null} RUNNING
  s1:  RUNNING    LEADER s1@group-436914476215:t7, leader=s1, voted=s1, raftlog=Memoized:s1@group-436914476215-SegmentedRaftLog:OPENED:c12:last(t:7, i:12), conf=conf: {index: 11, cur=peers:[s0|localhost:15252, s1|localhost:15256, s2|localhost:15260]|listeners:[], old=null} RUNNING
  s2:  RUNNING  FOLLOWER s2@group-436914476215:t7, leader=s1, voted=s1, raftlog=Memoized:s2@group-436914476215-SegmentedRaftLog:OPENED:c12:last(t:7, i:12), conf=conf: {index: 11, cur=peers:[s0|localhost:15252, s1|localhost:15256, s2|localhost:15260]|listeners:[], old=null} RUNNING
2024-10-20 10:44:22,799 [main] WARN  ratis.RaftTestUtil (JavaUtils.java:attempt(231)) - FAILED "runTestChangeLeader-changeLeader", attempt #2/20, sleep 100ms and then retry: java.lang.IllegalStateException: Failed to change leader: newLeader == oldLeader == s1
2024-10-20 10:44:22,899 [s0@group-436914476215-FollowerState] INFO  impl.FollowerState (FollowerState.java:runImpl(161)) - s0@group-436914476215-FollowerState: change to CANDIDATE, lastRpcElapsedTime:243686832ns, electionTimeout:192ms
2024-10-20 10:44:22,899 [s0@group-436914476215-FollowerState] INFO  impl.RoleInfo (RoleInfo.java:shutdownFollowerState(121)) - s0: shutdown s0@group-436914476215-FollowerState
2024-10-20 10:44:22,899 [s0@group-436914476215-FollowerState] INFO  server.RaftServer$Division (RaftServerImpl.java:setRole(380)) - s0@group-436914476215: changes role from  FOLLOWER to CANDIDATE at term 7 for changeToCandidate
2024-10-20 10:44:22,899 [s0@group-436914476215-FollowerState] INFO  server.RaftServerConfigKeys (ConfUtils.java:logGet(46)) - raft.server.leaderelection.pre-vote = true (default)
2024-10-20 10:44:22,899 [s0@group-436914476215-FollowerState] INFO  impl.RoleInfo (RoleInfo.java:updateAndGet(148)) - s0: start s0@group-436914476215-LeaderElection77
2024-10-20 10:44:22,900 [main] INFO  server.RaftServerConfigKeys (ConfUtils.java:logGet(46)) - raft.server.rpc.timeout.max = 300ms (default)
2024-10-20 10:44:22,900 [s0@group-436914476215-LeaderElection77] INFO  server.RaftServer$Division (ServerState.java:setLeader(272)) - s0@group-436914476215: change Leader from s1 to null at term 7 for PRE_VOTE
2024-10-20 10:44:22,900 [s0@group-436914476215-LeaderElection77] INFO  impl.LeaderElection (LeaderElection.java:askForVotes(333)) - s0@group-436914476215-LeaderElection77 PRE_VOTE round 0: submit vote requests at term 7 for conf: {index: 11, cur=peers:[s0|localhost:15252, s1|localhost:15256, s2|localhost:15260]|listeners:[], old=null}
2024-10-20 10:44:22,900 [main] INFO  ratis.RaftTestUtil (RaftTestUtil.java:waitForLeader(107)) - printing ALL groups
  s0:  RUNNING CANDIDATE s0@group-436914476215:t7, leader=null, voted=s1, raftlog=Memoized:s0@group-436914476215-SegmentedRaftLog:OPENED:c12:last(t:7, i:12), conf=conf: {index: 11, cur=peers:[s0|localhost:15252, s1|localhost:15256, s2|localhost:15260]|listeners:[], old=null} RUNNING
  s1:  RUNNING    LEADER s1@group-436914476215:t7, leader=s1, voted=s1, raftlog=Memoized:s1@group-436914476215-SegmentedRaftLog:OPENED:c12:last(t:7, i:12), conf=conf: {index: 11, cur=peers:[s0|localhost:15252, s1|localhost:15256, s2|localhost:15260]|listeners:[], old=null} RUNNING
  s2:  RUNNING  FOLLOWER s2@group-436914476215:t7, leader=s1, voted=s1, raftlog=Memoized:s2@group-436914476215-SegmentedRaftLog:OPENED:c12:last(t:7, i:12), conf=conf: {index: 11, cur=peers:[s0|localhost:15252, s1|localhost:15256, s2|localhost:15260]|listeners:[], old=null} RUNNING
2024-10-20 10:44:22,900 [main] INFO  ratis.RaftTestUtil (RaftTestUtil.java:waitForLeader(131)) - printing ALL groups
  s0:  RUNNING CANDIDATE s0@group-436914476215:t7, leader=null, voted=s1, raftlog=Memoized:s0@group-436914476215-SegmentedRaftLog:OPENED:c12:last(t:7, i:12), conf=conf: {index: 11, cur=peers:[s0|localhost:15252, s1|localhost:15256, s2|localhost:15260]|listeners:[], old=null} RUNNING
  s1:  RUNNING    LEADER s1@group-436914476215:t7, leader=s1, voted=s1, raftlog=Memoized:s1@group-436914476215-SegmentedRaftLog:OPENED:c12:last(t:7, i:12), conf=conf: {index: 11, cur=peers:[s0|localhost:15252, s1|localhost:15256, s2|localhost:15260]|listeners:[], old=null} RUNNING
  s2:  RUNNING  FOLLOWER s2@group-436914476215:t7, leader=s1, voted=s1, raftlog=Memoized:s2@group-436914476215-SegmentedRaftLog:OPENED:c12:last(t:7, i:12), conf=conf: {index: 11, cur=peers:[s0|localhost:15252, s1|localhost:15256, s2|localhost:15260]|listeners:[], old=null} RUNNING
2024-10-20 10:44:22,900 [main] WARN  ratis.RaftTestUtil (JavaUtils.java:attempt(231)) - FAILED "runTestChangeLeader-changeLeader", attempt #3/20, sleep 100ms and then retry: java.lang.IllegalStateException: Failed to change leader: newLeader == oldLeader == s1
2024-10-20 10:44:22,901 [grpc-default-executor-6] INFO  server.RaftServer$Division (RaftServerImpl.java:requestVote(1447)) - s2@group-436914476215: receive requestVote(PRE_VOTE, s0, group-436914476215, 7, (t:7, i:12))
2024-10-20 10:44:22,901 [grpc-default-executor-3] INFO  server.RaftServer$Division (RaftServerImpl.java:requestVote(1447)) - s1@group-436914476215: receive requestVote(PRE_VOTE, s0, group-436914476215, 7, (t:7, i:12))
2024-10-20 10:44:22,901 [grpc-default-executor-6] INFO  impl.VoteContext (VoteContext.java:log(49)) - s2@group-436914476215-FOLLOWER: accept PRE_VOTE from s0: our priority 0 <= candidate's priority 0
2024-10-20 10:44:22,901 [grpc-default-executor-3] INFO  impl.VoteContext (VoteContext.java:log(49)) - s1@group-436914476215-LEADER: reject PRE_VOTE from s0: this server is the leader and still has leadership
2024-10-20 10:44:22,901 [grpc-default-executor-6] INFO  server.RaftServer$Division (RaftServerImpl.java:requestVote(1480)) - s2@group-436914476215 replies to PRE_VOTE vote request: s0<-s2#0:OK-t7. Peer's state: s2@group-436914476215:t7, leader=s1, voted=s1, raftlog=Memoized:s2@group-436914476215-SegmentedRaftLog:OPENED:c12:last(t:7, i:12), conf=conf: {index: 11, cur=peers:[s0|localhost:15252, s1|localhost:15256, s2|localhost:15260]|listeners:[], old=null}
2024-10-20 10:44:22,901 [grpc-default-executor-3] INFO  server.RaftServer$Division (RaftServerImpl.java:requestVote(1480)) - s1@group-436914476215 replies to PRE_VOTE vote request: s0<-s1#0:FAIL-t7. Peer's state: s1@group-436914476215:t7, leader=s1, voted=s1, raftlog=Memoized:s1@group-436914476215-SegmentedRaftLog:OPENED:c12:last(t:7, i:12), conf=conf: {index: 11, cur=peers:[s0|localhost:15252, s1|localhost:15256, s2|localhost:15260]|listeners:[], old=null}
2024-10-20 10:44:22,902 [s0@group-436914476215-LeaderElection77] INFO  impl.LeaderElection (LeaderElection.java:logAndReturn(90)) - s0@group-436914476215-LeaderElection77: PRE_VOTE PASSED received 2 response(s) and 0 exception(s):
2024-10-20 10:44:22,902 [s0@group-436914476215-LeaderElection77] INFO  impl.LeaderElection (LeaderElection.java:logAndReturn(94)) -   Response 0: s0<-s1#0:FAIL-t7
2024-10-20 10:44:22,902 [s0@group-436914476215-LeaderElection77] INFO  impl.LeaderElection (LeaderElection.java:logAndReturn(94)) -   Response 1: s0<-s2#0:OK-t7
2024-10-20 10:44:22,902 [s0@group-436914476215-LeaderElection77] INFO  impl.LeaderElection (LeaderElection.java:askForVotes(335)) - s0@group-436914476215-LeaderElection77 PRE_VOTE round 0: result PASSED
2024-10-20 10:44:22,902 [s0@group-436914476215-LeaderElection77] TRACE util.FileUtils (LogUtils.java:supplyAndLog(69)) - Successfully supplied FileChannel.open /home/runner/work/ratis/ratis/ratis-test/target/test/data/d69430f5/MiniRaftClusterWithGrpc6b9d6d2d/s0/fd8814ef-b2fd-4859-a487-436914476215/current/raft-meta.tmp with options [CREATE, WRITE]: sun.nio.ch.FileChannelImpl@45da4684
2024-10-20 10:44:22,904 [s0@group-436914476215-LeaderElection77] TRACE util.FileUtils (LogUtils.java:runAndLog(49)) - Successfully ran Atomic Files.move /home/runner/work/ratis/ratis/ratis-test/target/test/data/d69430f5/MiniRaftClusterWithGrpc6b9d6d2d/s0/fd8814ef-b2fd-4859-a487-436914476215/current/raft-meta.tmp to /home/runner/work/ratis/ratis/ratis-test/target/test/data/d69430f5/MiniRaftClusterWithGrpc6b9d6d2d/s0/fd8814ef-b2fd-4859-a487-436914476215/current/raft-meta with options [REPLACE_EXISTING]
2024-10-20 10:44:22,904 [s0@group-436914476215-LeaderElection77] INFO  impl.LeaderElection (LeaderElection.java:askForVotes(333)) - s0@group-436914476215-LeaderElection77 ELECTION round 0: submit vote requests at term 8 for conf: {index: 11, cur=peers:[s0|localhost:15252, s1|localhost:15256, s2|localhost:15260]|listeners:[], old=null}
2024-10-20 10:44:22,905 [grpc-default-executor-3] INFO  server.RaftServer$Division (RaftServerImpl.java:requestVote(1447)) - s2@group-436914476215: receive requestVote(ELECTION, s0, group-436914476215, 8, (t:7, i:12))
2024-10-20 10:44:22,905 [grpc-default-executor-6] INFO  server.RaftServer$Division (RaftServerImpl.java:requestVote(1447)) - s1@group-436914476215: receive requestVote(ELECTION, s0, group-436914476215, 8, (t:7, i:12))
2024-10-20 10:44:22,905 [grpc-default-executor-3] INFO  impl.VoteContext (VoteContext.java:log(49)) - s2@group-436914476215-FOLLOWER: accept ELECTION from s0: our priority 0 <= candidate's priority 0
2024-10-20 10:44:22,905 [grpc-default-executor-6] INFO  impl.VoteContext (VoteContext.java:log(49)) - s1@group-436914476215-LEADER: accept ELECTION from s0: our priority 0 <= candidate's priority 0
2024-10-20 10:44:22,906 [grpc-default-executor-6] INFO  server.RaftServer$Division (RaftServerImpl.java:setRole(380)) - s1@group-436914476215: changes role from    LEADER to FOLLOWER at term 7 for candidate:s0
2024-10-20 10:44:22,906 [grpc-default-executor-6] INFO  impl.RoleInfo (RoleInfo.java:shutdownLeaderState(103)) - s1: shutdown s1@group-436914476215-LeaderStateImpl
2024-10-20 10:44:22,905 [grpc-default-executor-3] INFO  server.RaftServer$Division (RaftServerImpl.java:setRole(380)) - s2@group-436914476215: changes role from  FOLLOWER to FOLLOWER at term 7 for candidate:s0
2024-10-20 10:44:22,906 [grpc-default-executor-3] INFO  impl.RoleInfo (RoleInfo.java:shutdownFollowerState(121)) - s2: shutdown s2@group-436914476215-FollowerState
2024-10-20 10:44:22,906 [s1@group-436914476215->s0-GrpcLogAppender-LogAppenderDaemon] WARN  server.GrpcLogAppender (GrpcLogAppender.java:mayWait(293)) - s1@group-436914476215->s0-GrpcLogAppender: Wait interrupted by java.lang.InterruptedException
2024-10-20 10:44:22,906 [grpc-default-executor-6] INFO  impl.PendingRequests (PendingRequests.java:sendNotLeaderResponses(287)) - s1@group-436914476215-PendingRequests: sendNotLeaderResponses
2024-10-20 10:44:22,906 [grpc-default-executor-3] INFO  server.RaftServer$Division (ServerState.java:setLeader(272)) - s2@group-436914476215: change Leader from s1 to null at term 8 for updateCurrentTerm
2024-10-20 10:44:22,906 [s1@group-436914476215->s2-GrpcLogAppender-LogAppenderDaemon] WARN  server.GrpcLogAppender (GrpcLogAppender.java:mayWait(293)) - s1@group-436914476215->s2-GrpcLogAppender: Wait interrupted by java.lang.InterruptedException
2024-10-20 10:44:22,906 [grpc-default-executor-3] INFO  impl.RoleInfo (RoleInfo.java:updateAndGet(148)) - s2: start s2@group-436914476215-FollowerState
2024-10-20 10:44:22,906 [grpc-default-executor-6] INFO  server.RaftServer$Division (ServerState.java:setLeader(272)) - s1@group-436914476215: change Leader from s1 to null at term 7 for candidate:s0
2024-10-20 10:44:22,906 [s2@group-436914476215-FollowerState] INFO  impl.FollowerState (FollowerState.java:runImpl(170)) - s2@group-436914476215-FollowerState was interrupted
2024-10-20 10:44:22,906 [grpc-default-executor-6] INFO  impl.RoleInfo (RoleInfo.java:updateAndGet(148)) - s1: start s1@group-436914476215-FollowerState
2024-10-20 10:44:22,906 [grpc-default-executor-4] INFO  server.GrpcServerProtocolService (GrpcServerProtocolService.java:onCompleted(200)) - s0: Completed APPEND_ENTRIES, lastRequest: s1->s0#3-t7,previous=(t:7, i:11),leaderCommit=11,initializing? false,entries: size=1, first=(t:7, i:12), METADATAENTRY(c:11)
2024-10-20 10:44:22,906 [grpc-default-executor-3] TRACE util.FileUtils (LogUtils.java:supplyAndLog(69)) - Successfully supplied FileChannel.open /home/runner/work/ratis/ratis/ratis-test/target/test/data/d69430f5/MiniRaftClusterWithGrpc6b9d6d2d/s2/fd8814ef-b2fd-4859-a487-436914476215/current/raft-meta.tmp with options [CREATE, WRITE]: sun.nio.ch.FileChannelImpl@2e52db9e
2024-10-20 10:44:22,906 [grpc-default-executor-1] INFO  server.GrpcServerProtocolService (GrpcServerProtocolService.java:onCompleted(200)) - s2: Completed APPEND_ENTRIES, lastRequest: s1->s2#2-t7,previous=(t:7, i:11),leaderCommit=11,initializing? false,entries: size=1, first=(t:7, i:12), METADATAENTRY(c:11)
2024-10-20 10:44:22,907 [grpc-default-executor-1] INFO  server.GrpcServerProtocolService (GrpcServerProtocolService.java:lambda$onCompleted$7(202)) - s2: Completed APPEND_ENTRIES, lastReply: null
2024-10-20 10:44:22,907 [grpc-default-executor-6] TRACE util.FileUtils (LogUtils.java:supplyAndLog(69)) - Successfully supplied FileChannel.open /home/runner/work/ratis/ratis/ratis-test/target/test/data/d69430f5/MiniRaftClusterWithGrpc6b9d6d2d/s1/fd8814ef-b2fd-4859-a487-436914476215/current/raft-meta.tmp with options [CREATE, WRITE]: sun.nio.ch.FileChannelImpl@6b6d1cd
2024-10-20 10:44:22,906 [grpc-default-executor-4] INFO  server.GrpcServerProtocolService (GrpcServerProtocolService.java:lambda$onCompleted$7(202)) - s0: Completed APPEND_ENTRIES, lastReply: null
2024-10-20 10:44:22,907 [grpc-default-executor-5] INFO  server.GrpcLogAppender (GrpcLogAppender.java:onCompleted(559)) - s1@group-436914476215->s2-AppendLogResponseHandler: follower responses appendEntries COMPLETED
2024-10-20 10:44:22,907 [grpc-default-executor-5] INFO  server.GrpcLogAppender (GrpcLogAppender.java:onCompleted(559)) - s1@group-436914476215->s0-AppendLogResponseHandler: follower responses appendEntries COMPLETED
2024-10-20 10:44:22,908 [grpc-default-executor-3] TRACE util.FileUtils (LogUtils.java:runAndLog(49)) - Successfully ran Atomic Files.move /home/runner/work/ratis/ratis/ratis-test/target/test/data/d69430f5/MiniRaftClusterWithGrpc6b9d6d2d/s2/fd8814ef-b2fd-4859-a487-436914476215/current/raft-meta.tmp to /home/runner/work/ratis/ratis/ratis-test/target/test/data/d69430f5/MiniRaftClusterWithGrpc6b9d6d2d/s2/fd8814ef-b2fd-4859-a487-436914476215/current/raft-meta with options [REPLACE_EXISTING]
2024-10-20 10:44:22,908 [grpc-default-executor-6] TRACE util.FileUtils (LogUtils.java:runAndLog(49)) - Successfully ran Atomic Files.move /home/runner/work/ratis/ratis/ratis-test/target/test/data/d69430f5/MiniRaftClusterWithGrpc6b9d6d2d/s1/fd8814ef-b2fd-4859-a487-436914476215/current/raft-meta.tmp to /home/runner/work/ratis/ratis/ratis-test/target/test/data/d69430f5/MiniRaftClusterWithGrpc6b9d6d2d/s1/fd8814ef-b2fd-4859-a487-436914476215/current/raft-meta with options [REPLACE_EXISTING]
2024-10-20 10:44:22,908 [grpc-default-executor-3] INFO  server.RaftServer$Division (RaftServerImpl.java:requestVote(1480)) - s2@group-436914476215 replies to ELECTION vote request: s0<-s2#0:OK-t8. Peer's state: s2@group-436914476215:t8, leader=null, voted=s0, raftlog=Memoized:s2@group-436914476215-SegmentedRaftLog:OPENED:c12:last(t:7, i:12), conf=conf: {index: 11, cur=peers:[s0|localhost:15252, s1|localhost:15256, s2|localhost:15260]|listeners:[], old=null}
2024-10-20 10:44:22,909 [grpc-default-executor-6] INFO  server.RaftServer$Division (RaftServerImpl.java:requestVote(1480)) - s1@group-436914476215 replies to ELECTION vote request: s0<-s1#0:OK-t8. Peer's state: s1@group-436914476215:t8, leader=null, voted=s0, raftlog=Memoized:s1@group-436914476215-SegmentedRaftLog:OPENED:c12:last(t:7, i:12), conf=conf: {index: 11, cur=peers:[s0|localhost:15252, s1|localhost:15256, s2|localhost:15260]|listeners:[], old=null}
2024-10-20 10:44:22,909 [s0@group-436914476215-LeaderElection77] INFO  impl.LeaderElection (LeaderElection.java:logAndReturn(90)) - s0@group-436914476215-LeaderElection77: ELECTION PASSED received 1 response(s) and 0 exception(s):
2024-10-20 10:44:22,909 [s0@group-436914476215-LeaderElection77] INFO  impl.LeaderElection (LeaderElection.java:logAndReturn(94)) -   Response 0: s0<-s2#0:OK-t8
2024-10-20 10:44:22,909 [s0@group-436914476215-LeaderElection77] INFO  impl.LeaderElection (LeaderElection.java:askForVotes(335)) - s0@group-436914476215-LeaderElection77 ELECTION round 0: result PASSED
2024-10-20 10:44:22,909 [s0@group-436914476215-LeaderElection77] INFO  impl.RoleInfo (RoleInfo.java:shutdownLeaderElection(141)) - s0: shutdown s0@group-436914476215-LeaderElection77
2024-10-20 10:44:22,909 [s0@group-436914476215-LeaderElection77] INFO  server.RaftServer$Division (RaftServerImpl.java:setRole(380)) - s0@group-436914476215: changes role from CANDIDATE to LEADER at term 8 for changeToLeader
2024-10-20 10:44:22,909 [s0@group-436914476215-LeaderElection77] INFO  server.RaftServerConfigKeys (ConfUtils.java:logGet(46)) - raft.server.staging.catchup.gap = 1000 (default)
2024-10-20 10:44:22,909 [s0@group-436914476215-LeaderElection77] INFO  server.RaftServerConfigKeys (ConfUtils.java:logGet(46)) - raft.server.write.element-limit = 4096 (default)
2024-10-20 10:44:22,909 [s0@group-436914476215-LeaderElection77] INFO  server.RaftServerConfigKeys (ConfUtils.java:logGet(46)) - raft.server.write.byte-limit = 64MB (=67108864) (default)
2024-10-20 10:44:22,909 [s0@group-436914476215-LeaderElection77] INFO  server.RaftServerConfigKeys (ConfUtils.java:logGet(46)) - raft.server.watch.timeout = 10s (default)
2024-10-20 10:44:22,909 [s0@group-436914476215-LeaderElection77] INFO  server.RaftServerConfigKeys (ConfUtils.java:logGet(46)) - raft.server.watch.timeout.denomination = 1s (default)
2024-10-20 10:44:22,909 [s0@group-436914476215-LeaderElection77] INFO  server.RaftServerConfigKeys (ConfUtils.java:logGet(46)) - raft.server.watch.element-limit = 65536 (default)
2024-10-20 10:44:22,910 [s0@group-436914476215-LeaderElection77] INFO  server.RaftServerConfigKeys (ConfUtils.java:logGet(46)) - raft.server.read.leader.lease.enabled = true (custom)
2024-10-20 10:44:22,910 [s0@group-436914476215-LeaderElection77] INFO  server.RaftServerConfigKeys (ConfUtils.java:logGet(46)) - raft.server.read.leader.lease.timeout.ratio = 0.5 (custom)
2024-10-20 10:44:22,910 [s0@group-436914476215-LeaderElection77] INFO  server.RaftServerConfigKeys (ConfUtils.java:logGet(46)) - raft.server.rpc.timeout.min = 150ms (default)
2024-10-20 10:44:22,910 [s0@group-436914476215-LeaderElection77] INFO  server.RaftServerConfigKeys (ConfUtils.java:logGet(46)) - raft.server.log.log-metadata.enabled = true (default)
2024-10-20 10:44:22,910 [s0@group-436914476215-LeaderElection77] INFO  server.RaftServerConfigKeys (ConfUtils.java:logGet(46)) - raft.server.write.element-limit = 4096 (default)
2024-10-20 10:44:22,910 [s0@group-436914476215-LeaderElection77] INFO  server.RaftServerConfigKeys (ConfUtils.java:logGet(46)) - raft.server.write.follower.gap.ratio.max = -1.0 (default)
2024-10-20 10:44:22,910 [s0@group-436914476215-LeaderElection77] INFO  server.RaftServerConfigKeys (ConfUtils.java:logGet(46)) - raft.server.log.appender.snapshot.chunk.size.max = 16MB (=16777216) (default)
2024-10-20 10:44:22,910 [s0@group-436914476215-LeaderElection77] INFO  server.RaftServerConfigKeys (ConfUtils.java:logGet(46)) - raft.server.log.appender.buffer.byte-limit = 4MB (=4194304) (default)
2024-10-20 10:44:22,910 [s0@group-436914476215-LeaderElection77] INFO  server.RaftServerConfigKeys (ConfUtils.java:logGet(46)) - raft.server.log.appender.buffer.element-limit = 0 (default)
2024-10-20 10:44:22,910 [s0@group-436914476215-LeaderElection77] INFO  server.RaftServerConfigKeys (ConfUtils.java:logGet(46)) - raft.server.log.appender.wait-time.min = 1ms (default)
2024-10-20 10:44:22,910 [s0@group-436914476215-LeaderElection77] INFO  grpc.GrpcConfigKeys (ConfUtils.java:logGet(46)) - raft.grpc.server.leader.outstanding.appends.max = 8 (default)
2024-10-20 10:44:22,910 [s0@group-436914476215-LeaderElection77] INFO  server.RaftServerConfigKeys (ConfUtils.java:logGet(46)) - raft.server.rpc.request.timeout = 3000ms (default)
2024-10-20 10:44:22,910 [s0@group-436914476215-LeaderElection77] INFO  grpc.GrpcConfigKeys (ConfUtils.java:logGet(46)) - raft.grpc.server.install_snapshot.request.element-limit = 8 (default)
2024-10-20 10:44:22,910 [s0@group-436914476215-LeaderElection77] INFO  grpc.GrpcConfigKeys (ConfUtils.java:logGet(46)) - raft.grpc.server.install_snapshot.request.timeout = 3000ms (default)
2024-10-20 10:44:22,910 [s0@group-436914476215-LeaderElection77] INFO  grpc.GrpcConfigKeys (ConfUtils.java:logGet(46)) - raft.grpc.server.log-message.batch.duration = 5s (default)
2024-10-20 10:44:22,910 [s0@group-436914476215-LeaderElection77] INFO  server.RaftServerConfigKeys (ConfUtils.java:logGet(46)) - raft.server.log.appender.install.snapshot.enabled = true (default)
2024-10-20 10:44:22,910 [s0@group-436914476215-LeaderElection77] INFO  grpc.GrpcConfigKeys (ConfUtils.java:logGet(46)) - raft.grpc.server.heartbeat.channel = true (default)
2024-10-20 10:44:22,910 [s0@group-436914476215-LeaderElection77] INFO  server.RaftServerConfigKeys (ConfUtils.java:logGet(46)) - raft.server.log.appender.snapshot.chunk.size.max = 16MB (=16777216) (default)
2024-10-20 10:44:22,910 [s0@group-436914476215-LeaderElection77] INFO  server.RaftServerConfigKeys (ConfUtils.java:logGet(46)) - raft.server.log.appender.buffer.byte-limit = 4MB (=4194304) (default)
2024-10-20 10:44:22,911 [s0@group-436914476215-LeaderElection77] INFO  server.RaftServerConfigKeys (ConfUtils.java:logGet(46)) - raft.server.log.appender.buffer.element-limit = 0 (default)
2024-10-20 10:44:22,911 [s0@group-436914476215-LeaderElection77] INFO  server.RaftServerConfigKeys (ConfUtils.java:logGet(46)) - raft.server.log.appender.wait-time.min = 1ms (default)
2024-10-20 10:44:22,911 [s0@group-436914476215-LeaderElection77] INFO  grpc.GrpcConfigKeys (ConfUtils.java:logGet(46)) - raft.grpc.server.leader.outstanding.appends.max = 8 (default)
2024-10-20 10:44:22,911 [s0@group-436914476215-LeaderElection77] INFO  server.RaftServerConfigKeys (ConfUtils.java:logGet(46)) - raft.server.rpc.request.timeout = 3000ms (default)
2024-10-20 10:44:22,911 [s0@group-436914476215-LeaderElection77] INFO  grpc.GrpcConfigKeys (ConfUtils.java:logGet(46)) - raft.grpc.server.install_snapshot.request.element-limit = 8 (default)
2024-10-20 10:44:22,911 [s0@group-436914476215-LeaderElection77] INFO  grpc.GrpcConfigKeys (ConfUtils.java:logGet(46)) - raft.grpc.server.install_snapshot.request.timeout = 3000ms (default)
2024-10-20 10:44:22,911 [s0@group-436914476215-LeaderElection77] INFO  grpc.GrpcConfigKeys (ConfUtils.java:logGet(46)) - raft.grpc.server.log-message.batch.duration = 5s (default)
2024-10-20 10:44:22,911 [s0@group-436914476215-LeaderElection77] INFO  server.RaftServerConfigKeys (ConfUtils.java:logGet(46)) - raft.server.log.appender.install.snapshot.enabled = true (default)
2024-10-20 10:44:22,911 [s0@group-436914476215-LeaderElection77] INFO  grpc.GrpcConfigKeys (ConfUtils.java:logGet(46)) - raft.grpc.server.heartbeat.channel = true (default)
2024-10-20 10:44:22,911 [s0@group-436914476215-LeaderElection77] INFO  impl.RoleInfo (RoleInfo.java:updateAndGet(148)) - s0: start s0@group-436914476215-LeaderStateImpl
2024-10-20 10:44:22,911 [s0@group-436914476215-LeaderElection77] INFO  server.RaftServer$Division (ServerState.java:setLeader(272)) - s0@group-436914476215: change Leader from null to s0 at term 8 for becomeLeader, leader elected after 11ms
2024-10-20 10:44:22,911 [s0@group-436914476215-LeaderElection77] INFO  segmented.SegmentedRaftLogWorker (SegmentedRaftLogWorker.java:rollLogSegment(447)) - s0@group-436914476215-SegmentedRaftLogWorker: Rolling segment log-11_12 to index:12
2024-10-20 10:44:22,911 [s0@group-436914476215-LeaderElection77] INFO  server.RaftServer$Division (ServerState.java:setRaftConf(386)) - s0@group-436914476215: set configuration conf: {index: 13, cur=peers:[s0|localhost:15252, s1|localhost:15256, s2|localhost:15260]|listeners:[], old=null}
2024-10-20 10:44:22,913 [s0@group-436914476215-SegmentedRaftLogWorker] TRACE util.FileUtils (LogUtils.java:runAndLog(49)) - Successfully ran Atomic Files.move /home/runner/work/ratis/ratis/ratis-test/target/test/data/d69430f5/MiniRaftClusterWithGrpc6b9d6d2d/s0/fd8814ef-b2fd-4859-a487-436914476215/current/log_inprogress_11 to /home/runner/work/ratis/ratis/ratis-test/target/test/data/d69430f5/MiniRaftClusterWithGrpc6b9d6d2d/s0/fd8814ef-b2fd-4859-a487-436914476215/current/log_11-12
2024-10-20 10:44:22,913 [s0@group-436914476215-SegmentedRaftLogWorker] INFO  segmented.SegmentedRaftLogWorker (SegmentedRaftLogWorker.java:execute(620)) - s0@group-436914476215-SegmentedRaftLogWorker: Rolled log segment from /home/runner/work/ratis/ratis/ratis-test/target/test/data/d69430f5/MiniRaftClusterWithGrpc6b9d6d2d/s0/fd8814ef-b2fd-4859-a487-436914476215/current/log_inprogress_11 to /home/runner/work/ratis/ratis/ratis-test/target/test/data/d69430f5/MiniRaftClusterWithGrpc6b9d6d2d/s0/fd8814ef-b2fd-4859-a487-436914476215/current/log_11-12
2024-10-20 10:44:22,913 [s0@group-436914476215-SegmentedRaftLogWorker] INFO  segmented.BufferedWriteChannel (BufferedWriteChannel.java:open(61)) - open log_inprogress_13 at position 0
2024-10-20 10:44:22,917 [s2-server-thread1] INFO  server.RaftServer$Division (ServerState.java:setLeader(272)) - s2@group-436914476215: change Leader from null to s0 at term 8 for appendEntries, leader elected after 11ms
2024-10-20 10:44:22,918 [s1-server-thread2] INFO  server.RaftServer$Division (ServerState.java:setLeader(272)) - s1@group-436914476215: change Leader from null to s0 at term 8 for appendEntries, leader elected after 11ms
2024-10-20 10:44:22,919 [s2-server-thread3] DEBUG server.RaftServer$Division (RaftServerImpl.java:logAppendEntries(1549)) - s2@group-436914476215: appendEntries* s0->s2#1-t8,previous=(t:7, i:12),leaderCommit=12,initializing? false,entries: size=1, first=(t:8, i:13), CONFIGURATIONENTRY(current:id:"s0"address:"localhost:15252"dataStreamAddress:"localhost:15255"clientAddress:"localhost:15254"adminAddress:"localhost:15253"startupRole:FOLLOWER, id:"s1"address:"localhost:15256"dataStreamAddress:"localhost:15259"clientAddress:"localhost:15258"adminAddress:"localhost:15257"startupRole:FOLLOWER, id:"s2"address:"localhost:15260"dataStreamAddress:"localhost:15263"clientAddress:"localhost:15262"adminAddress:"localhost:15261"startupRole:FOLLOWER, old:)
2024-10-20 10:44:22,919 [s1-server-thread1] DEBUG server.RaftServer$Division (RaftServerImpl.java:logAppendEntries(1549)) - s1@group-436914476215: appendEntries* s0->s1#1-t8,previous=(t:7, i:12),leaderCommit=12,initializing? false,entries: size=1, first=(t:8, i:13), CONFIGURATIONENTRY(current:id:"s0"address:"localhost:15252"dataStreamAddress:"localhost:15255"clientAddress:"localhost:15254"adminAddress:"localhost:15253"startupRole:FOLLOWER, id:"s1"address:"localhost:15256"dataStreamAddress:"localhost:15259"clientAddress:"localhost:15258"adminAddress:"localhost:15257"startupRole:FOLLOWER, id:"s2"address:"localhost:15260"dataStreamAddress:"localhost:15263"clientAddress:"localhost:15262"adminAddress:"localhost:15261"startupRole:FOLLOWER, old:)
2024-10-20 10:44:22,919 [s2-server-thread3] INFO  server.RaftServer$Division (ServerState.java:setRaftConf(386)) - s2@group-436914476215: set configuration conf: {index: 13, cur=peers:[s0|localhost:15252, s1|localhost:15256, s2|localhost:15260]|listeners:[], old=null}
2024-10-20 10:44:22,919 [s1-server-thread1] INFO  server.RaftServer$Division (ServerState.java:setRaftConf(386)) - s1@group-436914476215: set configuration conf: {index: 13, cur=peers:[s0|localhost:15252, s1|localhost:15256, s2|localhost:15260]|listeners:[], old=null}
2024-10-20 10:44:22,919 [s2-server-thread3] INFO  segmented.SegmentedRaftLogWorker (SegmentedRaftLogWorker.java:rollLogSegment(447)) - s2@group-436914476215-SegmentedRaftLogWorker: Rolling segment log-11_12 to index:12
2024-10-20 10:44:22,919 [s1-server-thread1] INFO  segmented.SegmentedRaftLogWorker (SegmentedRaftLogWorker.java:rollLogSegment(447)) - s1@group-436914476215-SegmentedRaftLogWorker: Rolling segment log-11_12 to index:12
2024-10-20 10:44:22,920 [s2@group-436914476215-SegmentedRaftLogWorker] TRACE util.FileUtils (LogUtils.java:runAndLog(49)) - Successfully ran Atomic Files.move /home/runner/work/ratis/ratis/ratis-test/target/test/data/d69430f5/MiniRaftClusterWithGrpc6b9d6d2d/s2/fd8814ef-b2fd-4859-a487-436914476215/current/log_inprogress_11 to /home/runner/work/ratis/ratis/ratis-test/target/test/data/d69430f5/MiniRaftClusterWithGrpc6b9d6d2d/s2/fd8814ef-b2fd-4859-a487-436914476215/current/log_11-12
2024-10-20 10:44:22,920 [s2@group-436914476215-SegmentedRaftLogWorker] INFO  segmented.SegmentedRaftLogWorker (SegmentedRaftLogWorker.java:execute(620)) - s2@group-436914476215-SegmentedRaftLogWorker: Rolled log segment from /home/runner/work/ratis/ratis/ratis-test/target/test/data/d69430f5/MiniRaftClusterWithGrpc6b9d6d2d/s2/fd8814ef-b2fd-4859-a487-436914476215/current/log_inprogress_11 to /home/runner/work/ratis/ratis/ratis-test/target/test/data/d69430f5/MiniRaftClusterWithGrpc6b9d6d2d/s2/fd8814ef-b2fd-4859-a487-436914476215/current/log_11-12
2024-10-20 10:44:22,920 [s2@group-436914476215-SegmentedRaftLogWorker] INFO  segmented.BufferedWriteChannel (BufferedWriteChannel.java:open(61)) - open log_inprogress_13 at position 0
2024-10-20 10:44:22,924 [s0@group-436914476215-SegmentedRaftLogWorker] INFO  segmented.SegmentedRaftLogWorker (SegmentedRaftLogWorker.java:execute(663)) - s0@group-436914476215-SegmentedRaftLogWorker: created new log segment /home/runner/work/ratis/ratis/ratis-test/target/test/data/d69430f5/MiniRaftClusterWithGrpc6b9d6d2d/s0/fd8814ef-b2fd-4859-a487-436914476215/current/log_inprogress_13
2024-10-20 10:44:22,924 [s1@group-436914476215-SegmentedRaftLogWorker] TRACE util.FileUtils (LogUtils.java:runAndLog(49)) - Successfully ran Atomic Files.move /home/runner/work/ratis/ratis/ratis-test/target/test/data/d69430f5/MiniRaftClusterWithGrpc6b9d6d2d/s1/fd8814ef-b2fd-4859-a487-436914476215/current/log_inprogress_11 to /home/runner/work/ratis/ratis/ratis-test/target/test/data/d69430f5/MiniRaftClusterWithGrpc6b9d6d2d/s1/fd8814ef-b2fd-4859-a487-436914476215/current/log_11-12
2024-10-20 10:44:22,924 [s1@group-436914476215-SegmentedRaftLogWorker] INFO  segmented.SegmentedRaftLogWorker (SegmentedRaftLogWorker.java:execute(620)) - s1@group-436914476215-SegmentedRaftLogWorker: Rolled log segment from /home/runner/work/ratis/ratis/ratis-test/target/test/data/d69430f5/MiniRaftClusterWithGrpc6b9d6d2d/s1/fd8814ef-b2fd-4859-a487-436914476215/current/log_inprogress_11 to /home/runner/work/ratis/ratis/ratis-test/target/test/data/d69430f5/MiniRaftClusterWithGrpc6b9d6d2d/s1/fd8814ef-b2fd-4859-a487-436914476215/current/log_11-12
2024-10-20 10:44:22,924 [s1@group-436914476215-SegmentedRaftLogWorker] INFO  segmented.BufferedWriteChannel (BufferedWriteChannel.java:open(61)) - open log_inprogress_13 at position 0
2024-10-20 10:44:22,934 [s2@group-436914476215-SegmentedRaftLogWorker] INFO  segmented.SegmentedRaftLogWorker (SegmentedRaftLogWorker.java:execute(663)) - s2@group-436914476215-SegmentedRaftLogWorker: created new log segment /home/runner/work/ratis/ratis/ratis-test/target/test/data/d69430f5/MiniRaftClusterWithGrpc6b9d6d2d/s2/fd8814ef-b2fd-4859-a487-436914476215/current/log_inprogress_13
2024-10-20 10:44:22,934 [s2-server-thread3] DEBUG server.RaftServer$Division (RaftServerImpl.java:logAppendEntries(1549)) - s2@group-436914476215: appendEntries* reply s0<-s2#1:OK-t8,SUCCESS,nextIndex=14,followerCommit=12,matchIndex=13
2024-10-20 10:44:22,934 [s0@group-436914476215-StateMachineUpdater] TRACE util.FileUtils (LogUtils.java:supplyAndLog(69)) - Successfully supplied FileChannel.open /home/runner/work/ratis/ratis/ratis-test/target/test/data/d69430f5/MiniRaftClusterWithGrpc6b9d6d2d/s0/fd8814ef-b2fd-4859-a487-436914476215/current/raft-meta.conf.tmp with options [CREATE, WRITE]: sun.nio.ch.FileChannelImpl@35313476
2024-10-20 10:44:22,935 [s1@group-436914476215-SegmentedRaftLogWorker] INFO  segmented.SegmentedRaftLogWorker (SegmentedRaftLogWorker.java:execute(663)) - s1@group-436914476215-SegmentedRaftLogWorker: created new log segment /home/runner/work/ratis/ratis/ratis-test/target/test/data/d69430f5/MiniRaftClusterWithGrpc6b9d6d2d/s1/fd8814ef-b2fd-4859-a487-436914476215/current/log_inprogress_13
2024-10-20 10:44:22,935 [s1-server-thread1] DEBUG server.RaftServer$Division (RaftServerImpl.java:logAppendEntries(1549)) - s1@group-436914476215: appendEntries* s0->s1#2-t8,previous=(t:8, i:13),leaderCommit=13,initializing? false,entries: size=1, first=(t:8, i:14), METADATAENTRY(c:13)
2024-10-20 10:44:22,935 [s2-server-thread3] DEBUG server.RaftServer$Division (RaftServerImpl.java:logAppendEntries(1549)) - s2@group-436914476215: appendEntries* s0->s2#2-t8,previous=(t:8, i:13),leaderCommit=13,initializing? false,entries: size=1, first=(t:8, i:14), METADATAENTRY(c:13)
2024-10-20 10:44:22,935 [s1-server-thread1] DEBUG server.RaftServer$Division (RaftServerImpl.java:logAppendEntries(1549)) - s1@group-436914476215: appendEntries* reply s0<-s1#1:OK-t8,SUCCESS,nextIndex=14,followerCommit=12,matchIndex=13
2024-10-20 10:44:22,936 [s1-server-thread1] DEBUG server.RaftServer$Division (RaftServerImpl.java:logAppendEntries(1549)) - s1@group-436914476215: appendEntries* reply s0<-s1#2:OK-t8,SUCCESS,nextIndex=15,followerCommit=13,matchIndex=14
2024-10-20 10:44:22,936 [s2-server-thread3] DEBUG server.RaftServer$Division (RaftServerImpl.java:logAppendEntries(1549)) - s2@group-436914476215: appendEntries* reply s0<-s2#2:OK-t8,SUCCESS,nextIndex=15,followerCommit=13,matchIndex=14
2024-10-20 10:44:22,936 [s2@group-436914476215-StateMachineUpdater] TRACE util.FileUtils (LogUtils.java:supplyAndLog(69)) - Successfully supplied FileChannel.open /home/runner/work/ratis/ratis/ratis-test/target/test/data/d69430f5/MiniRaftClusterWithGrpc6b9d6d2d/s2/fd8814ef-b2fd-4859-a487-436914476215/current/raft-meta.conf.tmp with options [CREATE, WRITE]: sun.nio.ch.FileChannelImpl@52a0701c
2024-10-20 10:44:22,936 [s1@group-436914476215-StateMachineUpdater] TRACE util.FileUtils (LogUtils.java:supplyAndLog(69)) - Successfully supplied FileChannel.open /home/runner/work/ratis/ratis/ratis-test/target/test/data/d69430f5/MiniRaftClusterWithGrpc6b9d6d2d/s1/fd8814ef-b2fd-4859-a487-436914476215/current/raft-meta.conf.tmp with options [CREATE, WRITE]: sun.nio.ch.FileChannelImpl@547fc2ac
2024-10-20 10:44:22,937 [s0@group-436914476215-StateMachineUpdater] TRACE util.FileUtils (LogUtils.java:runAndLog(49)) - Successfully ran Atomic Files.move /home/runner/work/ratis/ratis/ratis-test/target/test/data/d69430f5/MiniRaftClusterWithGrpc6b9d6d2d/s0/fd8814ef-b2fd-4859-a487-436914476215/current/raft-meta.conf.tmp to /home/runner/work/ratis/ratis/ratis-test/target/test/data/d69430f5/MiniRaftClusterWithGrpc6b9d6d2d/s0/fd8814ef-b2fd-4859-a487-436914476215/current/raft-meta.conf with options [REPLACE_EXISTING]
2024-10-20 10:44:22,937 [s0@group-436914476215-StateMachineUpdater] INFO  server.RaftServer$Division (LeaderStateImpl.java:checkStartIndex(314)) - Leader s0@group-436914476215-LeaderStateImpl is ready since appliedIndex == startIndex == 13
2024-10-20 10:44:22,938 [s2@group-436914476215-StateMachineUpdater] TRACE util.FileUtils (LogUtils.java:runAndLog(49)) - Successfully ran Atomic Files.move /home/runner/work/ratis/ratis/ratis-test/target/test/data/d69430f5/MiniRaftClusterWithGrpc6b9d6d2d/s2/fd8814ef-b2fd-4859-a487-436914476215/current/raft-meta.conf.tmp to /home/runner/work/ratis/ratis/ratis-test/target/test/data/d69430f5/MiniRaftClusterWithGrpc6b9d6d2d/s2/fd8814ef-b2fd-4859-a487-436914476215/current/raft-meta.conf with options [REPLACE_EXISTING]
2024-10-20 10:44:22,938 [s1@group-436914476215-StateMachineUpdater] TRACE util.FileUtils (LogUtils.java:runAndLog(49)) - Successfully ran Atomic Files.move /home/runner/work/ratis/ratis/ratis-test/target/test/data/d69430f5/MiniRaftClusterWithGrpc6b9d6d2d/s1/fd8814ef-b2fd-4859-a487-436914476215/current/raft-meta.conf.tmp to /home/runner/work/ratis/ratis/ratis-test/target/test/data/d69430f5/MiniRaftClusterWithGrpc6b9d6d2d/s1/fd8814ef-b2fd-4859-a487-436914476215/current/raft-meta.conf with options [REPLACE_EXISTING]
2024-10-20 10:44:23,001 [main] INFO  server.RaftServerConfigKeys (ConfUtils.java:logGet(46)) - raft.server.rpc.timeout.max = 300ms (default)
2024-10-20 10:44:23,001 [main] INFO  ratis.RaftTestUtil (RaftTestUtil.java:waitForLeader(107)) - printing ALL groups
  s0:  RUNNING    LEADER s0@group-436914476215:t8, leader=s0, voted=s0, raftlog=Memoized:s0@group-436914476215-SegmentedRaftLog:OPENED:c14:last(t:8, i:14), conf=conf: {index: 13, cur=peers:[s0|localhost:15252, s1|localhost:15256, s2|localhost:15260]|listeners:[], old=null} RUNNING
  s1:  RUNNING  FOLLOWER s1@group-436914476215:t8, leader=s0, voted=s0, raftlog=Memoized:s1@group-436914476215-SegmentedRaftLog:OPENED:c13:last(t:8, i:14), conf=conf: {index: 13, cur=peers:[s0|localhost:15252, s1|localhost:15256, s2|localhost:15260]|listeners:[], old=null} RUNNING
  s2:  RUNNING  FOLLOWER s2@group-436914476215:t8, leader=s0, voted=s0, raftlog=Memoized:s2@group-436914476215-SegmentedRaftLog:OPENED:c13:last(t:8, i:14), conf=conf: {index: 13, cur=peers:[s0|localhost:15252, s1|localhost:15256, s2|localhost:15260]|listeners:[], old=null} RUNNING
2024-10-20 10:44:23,001 [main] INFO  ratis.RaftTestUtil (RaftTestUtil.java:waitForLeader(131)) - printing ALL groups
  s0:  RUNNING    LEADER s0@group-436914476215:t8, leader=s0, voted=s0, raftlog=Memoized:s0@group-436914476215-SegmentedRaftLog:OPENED:c14:last(t:8, i:14), conf=conf: {index: 13, cur=peers:[s0|localhost:15252, s1|localhost:15256, s2|localhost:15260]|listeners:[], old=null} RUNNING
  s1:  RUNNING  FOLLOWER s1@group-436914476215:t8, leader=s0, voted=s0, raftlog=Memoized:s1@group-436914476215-SegmentedRaftLog:OPENED:c13:last(t:8, i:14), conf=conf: {index: 13, cur=peers:[s0|localhost:15252, s1|localhost:15256, s2|localhost:15260]|listeners:[], old=null} RUNNING
  s2:  RUNNING  FOLLOWER s2@group-436914476215:t8, leader=s0, voted=s0, raftlog=Memoized:s2@group-436914476215-SegmentedRaftLog:OPENED:c13:last(t:8, i:14), conf=conf: {index: 13, cur=peers:[s0|localhost:15252, s1|localhost:15256, s2|localhost:15260]|listeners:[], old=null} RUNNING
2024-10-20 10:44:23,001 [main] INFO  ratis.RaftTestUtil (RaftTestUtil.java:lambda$changeLeader$14(485)) - Changed leader from s1 to s0
2024-10-20 10:44:23,002 [main] INFO  util.CodeInjectionForTesting (BlockRequestHandlingInjection.java:unblockRequestor(54)) - UnBlock requestor s1
2024-10-20 10:44:23,002 [main] INFO  util.CodeInjectionForTesting (BlockRequestHandlingInjection.java:blockRequestor(49)) - Block requestor s0
2024-10-20 10:44:23,002 [main] INFO  server.RaftServerConfigKeys (ConfUtils.java:logGet(46)) - raft.server.rpc.timeout.max = 300ms (default)
2024-10-20 10:44:23,002 [main] INFO  ratis.RaftTestUtil (RaftTestUtil.java:waitForLeader(107)) - printing ALL groups
  s0:  RUNNING    LEADER s0@group-436914476215:t8, leader=s0, voted=s0, raftlog=Memoized:s0@group-436914476215-SegmentedRaftLog:OPENED:c14:last(t:8, i:14), conf=conf: {index: 13, cur=peers:[s0|localhost:15252, s1|localhost:15256, s2|localhost:15260]|listeners:[], old=null} RUNNING
  s1:  RUNNING  FOLLOWER s1@group-436914476215:t8, leader=s0, voted=s0, raftlog=Memoized:s1@group-436914476215-SegmentedRaftLog:OPENED:c13:last(t:8, i:14), conf=conf: {index: 13, cur=peers:[s0|localhost:15252, s1|localhost:15256, s2|localhost:15260]|listeners:[], old=null} RUNNING
  s2:  RUNNING  FOLLOWER s2@group-436914476215:t8, leader=s0, voted=s0, raftlog=Memoized:s2@group-436914476215-SegmentedRaftLog:OPENED:c13:last(t:8, i:14), conf=conf: {index: 13, cur=peers:[s0|localhost:15252, s1|localhost:15256, s2|localhost:15260]|listeners:[], old=null} RUNNING
2024-10-20 10:44:23,002 [main] INFO  ratis.RaftTestUtil (RaftTestUtil.java:waitForLeader(131)) - printing ALL groups
  s0:  RUNNING    LEADER s0@group-436914476215:t8, leader=s0, voted=s0, raftlog=Memoized:s0@group-436914476215-SegmentedRaftLog:OPENED:c14:last(t:8, i:14), conf=conf: {index: 13, cur=peers:[s0|localhost:15252, s1|localhost:15256, s2|localhost:15260]|listeners:[], old=null} RUNNING
  s1:  RUNNING  FOLLOWER s1@group-436914476215:t8, leader=s0, voted=s0, raftlog=Memoized:s1@group-436914476215-SegmentedRaftLog:OPENED:c13:last(t:8, i:14), conf=conf: {index: 13, cur=peers:[s0|localhost:15252, s1|localhost:15256, s2|localhost:15260]|listeners:[], old=null} RUNNING
  s2:  RUNNING  FOLLOWER s2@group-436914476215:t8, leader=s0, voted=s0, raftlog=Memoized:s2@group-436914476215-SegmentedRaftLog:OPENED:c13:last(t:8, i:14), conf=conf: {index: 13, cur=peers:[s0|localhost:15252, s1|localhost:15256, s2|localhost:15260]|listeners:[], old=null} RUNNING
2024-10-20 10:44:23,002 [main] WARN  ratis.RaftTestUtil (JavaUtils.java:attempt(231)) - FAILED "runTestChangeLeader-changeLeader", attempt #1/20, sleep 100ms and then retry: java.lang.IllegalStateException: Failed to change leader: newLeader == oldLeader == s0
2024-10-20 10:44:23,012 [s1-server-thread1] INFO  util.CodeInjectionForTesting (BlockRequestHandlingInjection.java:execute(77)) - s1: Block request from s0
2024-10-20 10:44:23,014 [s2-server-thread3] INFO  util.CodeInjectionForTesting (BlockRequestHandlingInjection.java:execute(77)) - s2: Block request from s0
2024-10-20 10:44:23,031 [s0-server-thread3] INFO  util.CodeInjectionForTesting (BlockRequestHandlingInjection.java:execute(84)) - s0: unBlock request from s1
2024-10-20 10:44:23,031 [s0-server-thread3] WARN  server.RaftServer$Division (ServerState.java:recognizeLeader(331)) - s0@group-436914476215: Failed to recognize s1 as leader for APPEND_ENTRIES since peerTerm = 7 < currentTerm = 8
2024-10-20 10:44:23,032 [grpc-default-executor-5] WARN  server.GrpcLogAppender (GrpcLogAppender.java:onNextImpl(521)) - s1@group-436914476215->s0-AppendLogResponseHandler: received NOT_LEADER reply with term 8
2024-10-20 10:44:23,032 [s0-server-thread3] WARN  server.RaftServer$Division (ServerState.java:recognizeLeader(331)) - s0@group-436914476215: Failed to recognize s1 as leader for APPEND_ENTRIES since peerTerm = 7 < currentTerm = 8
2024-10-20 10:44:23,032 [grpc-default-executor-5] WARN  server.GrpcLogAppender (GrpcLogAppender.java:onNextImpl(521)) - s1@group-436914476215->s0-AppendLogResponseHandler: received NOT_LEADER reply with term 8
2024-10-20 10:44:23,032 [s0-server-thread3] WARN  server.RaftServer$Division (ServerState.java:recognizeLeader(331)) - s0@group-436914476215: Failed to recognize s1 as leader for APPEND_ENTRIES since peerTerm = 7 < currentTerm = 8
2024-10-20 10:44:23,032 [grpc-default-executor-5] WARN  server.GrpcLogAppender (GrpcLogAppender.java:onNextImpl(521)) - s1@group-436914476215->s0-AppendLogResponseHandler: received NOT_LEADER reply with term 8
2024-10-20 10:44:23,033 [s0-server-thread3] WARN  server.RaftServer$Division (ServerState.java:recognizeLeader(331)) - s0@group-436914476215: Failed to recognize s1 as leader for APPEND_ENTRIES since peerTerm = 7 < currentTerm = 8
2024-10-20 10:44:23,033 [grpc-default-executor-5] WARN  server.GrpcLogAppender (GrpcLogAppender.java:onNextImpl(521)) - s1@group-436914476215->s0-AppendLogResponseHandler: received NOT_LEADER reply with term 8
2024-10-20 10:44:23,033 [s0-server-thread3] WARN  server.RaftServer$Division (ServerState.java:recognizeLeader(331)) - s0@group-436914476215: Failed to recognize s1 as leader for APPEND_ENTRIES since peerTerm = 7 < currentTerm = 8
2024-10-20 10:44:23,033 [grpc-default-executor-11] INFO  server.GrpcServerProtocolService (GrpcServerProtocolService.java:onCompleted(200)) - s0: Completed APPEND_ENTRIES, lastRequest: null
2024-10-20 10:44:23,033 [grpc-default-executor-5] WARN  server.GrpcLogAppender (GrpcLogAppender.java:onNextImpl(521)) - s1@group-436914476215->s0-AppendLogResponseHandler: received NOT_LEADER reply with term 8
2024-10-20 10:44:23,033 [grpc-default-executor-11] INFO  server.GrpcServerProtocolService (GrpcServerProtocolService.java:lambda$onCompleted$7(202)) - s0: Completed APPEND_ENTRIES, lastReply: serverReply {
  requestorId: "s1"
  replyId: "s0"
  raftGroupId {
    id: "\375\210\024\357\262\375HY\244\207Ci\024Gb\025"
  }
  callId: 15
}
term: 8
nextIndex: 15
result: NOT_LEADER
followerCommit: 14
matchIndex: 18446744073709551615
isHearbeat: true

2024-10-20 10:44:23,034 [grpc-default-executor-11] INFO  server.GrpcLogAppender (GrpcLogAppender.java:onCompleted(559)) - s1@group-436914476215->s0-AppendLogResponseHandler: follower responses appendEntries COMPLETED
2024-10-20 10:44:23,036 [s2-server-thread4] INFO  util.CodeInjectionForTesting (BlockRequestHandlingInjection.java:execute(84)) - s2: unBlock request from s1
2024-10-20 10:44:23,036 [s2-server-thread4] WARN  server.RaftServer$Division (ServerState.java:recognizeLeader(331)) - s2@group-436914476215: Failed to recognize s1 as leader for APPEND_ENTRIES since peerTerm = 7 < currentTerm = 8
2024-10-20 10:44:23,036 [grpc-default-executor-11] WARN  server.GrpcLogAppender (GrpcLogAppender.java:onNextImpl(521)) - s1@group-436914476215->s2-AppendLogResponseHandler: received NOT_LEADER reply with term 8
2024-10-20 10:44:23,036 [s2-server-thread4] WARN  server.RaftServer$Division (ServerState.java:recognizeLeader(331)) - s2@group-436914476215: Failed to recognize s1 as leader for APPEND_ENTRIES since peerTerm = 7 < currentTerm = 8
2024-10-20 10:44:23,036 [grpc-default-executor-11] WARN  server.GrpcLogAppender (GrpcLogAppender.java:onNextImpl(521)) - s1@group-436914476215->s2-AppendLogResponseHandler: received NOT_LEADER reply with term 8
2024-10-20 10:44:23,037 [s2-server-thread4] WARN  server.RaftServer$Division (ServerState.java:recognizeLeader(331)) - s2@group-436914476215: Failed to recognize s1 as leader for APPEND_ENTRIES since peerTerm = 7 < currentTerm = 8
2024-10-20 10:44:23,037 [grpc-default-executor-11] WARN  server.GrpcLogAppender (GrpcLogAppender.java:onNextImpl(521)) - s1@group-436914476215->s2-AppendLogResponseHandler: received NOT_LEADER reply with term 8
2024-10-20 10:44:23,037 [s2-server-thread4] WARN  server.RaftServer$Division (ServerState.java:recognizeLeader(331)) - s2@group-436914476215: Failed to recognize s1 as leader for APPEND_ENTRIES since peerTerm = 7 < currentTerm = 8
2024-10-20 10:44:23,037 [grpc-default-executor-11] WARN  server.GrpcLogAppender (GrpcLogAppender.java:onNextImpl(521)) - s1@group-436914476215->s2-AppendLogResponseHandler: received NOT_LEADER reply with term 8
2024-10-20 10:44:23,037 [s2-server-thread4] WARN  server.RaftServer$Division (ServerState.java:recognizeLeader(331)) - s2@group-436914476215: Failed to recognize s1 as leader for APPEND_ENTRIES since peerTerm = 7 < currentTerm = 8
2024-10-20 10:44:23,037 [grpc-default-executor-2] INFO  server.GrpcServerProtocolService (GrpcServerProtocolService.java:onCompleted(200)) - s2: Completed APPEND_ENTRIES, lastRequest: null
2024-10-20 10:44:23,037 [grpc-default-executor-11] WARN  server.GrpcLogAppender (GrpcLogAppender.java:onNextImpl(521)) - s1@group-436914476215->s2-AppendLogResponseHandler: received NOT_LEADER reply with term 8
2024-10-20 10:44:23,037 [grpc-default-executor-2] INFO  server.GrpcServerProtocolService (GrpcServerProtocolService.java:lambda$onCompleted$7(202)) - s2: Completed APPEND_ENTRIES, lastReply: serverReply {
  requestorId: "s1"
  replyId: "s2"
  raftGroupId {
    id: "\375\210\024\357\262\375HY\244\207Ci\024Gb\025"
  }
  callId: 16
}
term: 8
nextIndex: 15
result: NOT_LEADER
followerCommit: 13
matchIndex: 18446744073709551615
isHearbeat: true

2024-10-20 10:44:23,038 [grpc-default-executor-2] INFO  server.GrpcLogAppender (GrpcLogAppender.java:onCompleted(559)) - s1@group-436914476215->s2-AppendLogResponseHandler: follower responses appendEntries COMPLETED
2024-10-20 10:44:23,102 [main] INFO  server.RaftServerConfigKeys (ConfUtils.java:logGet(46)) - raft.server.rpc.timeout.max = 300ms (default)
2024-10-20 10:44:23,103 [main] INFO  ratis.RaftTestUtil (RaftTestUtil.java:waitForLeader(107)) - printing ALL groups
  s0:  RUNNING    LEADER s0@group-436914476215:t8, leader=s0, voted=s0, raftlog=Memoized:s0@group-436914476215-SegmentedRaftLog:OPENED:c14:last(t:8, i:14), conf=conf: {index: 13, cur=peers:[s0|localhost:15252, s1|localhost:15256, s2|localhost:15260]|listeners:[], old=null} RUNNING
  s1:  RUNNING  FOLLOWER s1@group-436914476215:t8, leader=s0, voted=s0, raftlog=Memoized:s1@group-436914476215-SegmentedRaftLog:OPENED:c13:last(t:8, i:14), conf=conf: {index: 13, cur=peers:[s0|localhost:15252, s1|localhost:15256, s2|localhost:15260]|listeners:[], old=null} RUNNING
  s2:  RUNNING  FOLLOWER s2@group-436914476215:t8, leader=s0, voted=s0, raftlog=Memoized:s2@group-436914476215-SegmentedRaftLog:OPENED:c13:last(t:8, i:14), conf=conf: {index: 13, cur=peers:[s0|localhost:15252, s1|localhost:15256, s2|localhost:15260]|listeners:[], old=null} RUNNING
2024-10-20 10:44:23,103 [main] INFO  ratis.RaftTestUtil (RaftTestUtil.java:waitForLeader(131)) - printing ALL groups
  s0:  RUNNING    LEADER s0@group-436914476215:t8, leader=s0, voted=s0, raftlog=Memoized:s0@group-436914476215-SegmentedRaftLog:OPENED:c14:last(t:8, i:14), conf=conf: {index: 13, cur=peers:[s0|localhost:15252, s1|localhost:15256, s2|localhost:15260]|listeners:[], old=null} RUNNING
  s1:  RUNNING  FOLLOWER s1@group-436914476215:t8, leader=s0, voted=s0, raftlog=Memoized:s1@group-436914476215-SegmentedRaftLog:OPENED:c13:last(t:8, i:14), conf=conf: {index: 13, cur=peers:[s0|localhost:15252, s1|localhost:15256, s2|localhost:15260]|listeners:[], old=null} RUNNING
  s2:  RUNNING  FOLLOWER s2@group-436914476215:t8, leader=s0, voted=s0, raftlog=Memoized:s2@group-436914476215-SegmentedRaftLog:OPENED:c13:last(t:8, i:14), conf=conf: {index: 13, cur=peers:[s0|localhost:15252, s1|localhost:15256, s2|localhost:15260]|listeners:[], old=null} RUNNING
2024-10-20 10:44:23,103 [main] WARN  ratis.RaftTestUtil (JavaUtils.java:attempt(231)) - FAILED "runTestChangeLeader-changeLeader", attempt #2/20, sleep 100ms and then retry: java.lang.IllegalStateException: Failed to change leader: newLeader == oldLeader == s0
2024-10-20 10:44:23,203 [main] INFO  server.RaftServerConfigKeys (ConfUtils.java:logGet(46)) - raft.server.rpc.timeout.max = 300ms (default)
2024-10-20 10:44:23,203 [main] INFO  ratis.RaftTestUtil (RaftTestUtil.java:waitForLeader(107)) - printing ALL groups
  s0:  RUNNING    LEADER s0@group-436914476215:t8, leader=s0, voted=s0, raftlog=Memoized:s0@group-436914476215-SegmentedRaftLog:OPENED:c14:last(t:8, i:14), conf=conf: {index: 13, cur=peers:[s0|localhost:15252, s1|localhost:15256, s2|localhost:15260]|listeners:[], old=null} RUNNING
  s1:  RUNNING  FOLLOWER s1@group-436914476215:t8, leader=s0, voted=s0, raftlog=Memoized:s1@group-436914476215-SegmentedRaftLog:OPENED:c13:last(t:8, i:14), conf=conf: {index: 13, cur=peers:[s0|localhost:15252, s1|localhost:15256, s2|localhost:15260]|listeners:[], old=null} RUNNING
  s2:  RUNNING  FOLLOWER s2@group-436914476215:t8, leader=s0, voted=s0, raftlog=Memoized:s2@group-436914476215-SegmentedRaftLog:OPENED:c13:last(t:8, i:14), conf=conf: {index: 13, cur=peers:[s0|localhost:15252, s1|localhost:15256, s2|localhost:15260]|listeners:[], old=null} RUNNING
2024-10-20 10:44:23,204 [main] INFO  ratis.RaftTestUtil (RaftTestUtil.java:waitForLeader(131)) - printing ALL groups
  s0:  RUNNING    LEADER s0@group-436914476215:t8, leader=s0, voted=s0, raftlog=Memoized:s0@group-436914476215-SegmentedRaftLog:OPENED:c14:last(t:8, i:14), conf=conf: {index: 13, cur=peers:[s0|localhost:15252, s1|localhost:15256, s2|localhost:15260]|listeners:[], old=null} RUNNING
  s1:  RUNNING  FOLLOWER s1@group-436914476215:t8, leader=s0, voted=s0, raftlog=Memoized:s1@group-436914476215-SegmentedRaftLog:OPENED:c13:last(t:8, i:14), conf=conf: {index: 13, cur=peers:[s0|localhost:15252, s1|localhost:15256, s2|localhost:15260]|listeners:[], old=null} RUNNING
  s2:  RUNNING  FOLLOWER s2@group-436914476215:t8, leader=s0, voted=s0, raftlog=Memoized:s2@group-436914476215-SegmentedRaftLog:OPENED:c13:last(t:8, i:14), conf=conf: {index: 13, cur=peers:[s0|localhost:15252, s1|localhost:15256, s2|localhost:15260]|listeners:[], old=null} RUNNING
2024-10-20 10:44:23,204 [main] WARN  ratis.RaftTestUtil (JavaUtils.java:attempt(231)) - FAILED "runTestChangeLeader-changeLeader", attempt #3/20, sleep 100ms and then retry: java.lang.IllegalStateException: Failed to change leader: newLeader == oldLeader == s0
2024-10-20 10:44:23,304 [main] INFO  server.RaftServerConfigKeys (ConfUtils.java:logGet(46)) - raft.server.rpc.timeout.max = 300ms (default)
2024-10-20 10:44:23,304 [main] INFO  ratis.RaftTestUtil (RaftTestUtil.java:waitForLeader(107)) - printing ALL groups
  s0:  RUNNING    LEADER s0@group-436914476215:t8, leader=s0, voted=s0, raftlog=Memoized:s0@group-436914476215-SegmentedRaftLog:OPENED:c14:last(t:8, i:14), conf=conf: {index: 13, cur=peers:[s0|localhost:15252, s1|localhost:15256, s2|localhost:15260]|listeners:[], old=null} RUNNING
  s1:  RUNNING  FOLLOWER s1@group-436914476215:t8, leader=s0, voted=s0, raftlog=Memoized:s1@group-436914476215-SegmentedRaftLog:OPENED:c13:last(t:8, i:14), conf=conf: {index: 13, cur=peers:[s0|localhost:15252, s1|localhost:15256, s2|localhost:15260]|listeners:[], old=null} RUNNING
  s2:  RUNNING  FOLLOWER s2@group-436914476215:t8, leader=s0, voted=s0, raftlog=Memoized:s2@group-436914476215-SegmentedRaftLog:OPENED:c13:last(t:8, i:14), conf=conf: {index: 13, cur=peers:[s0|localhost:15252, s1|localhost:15256, s2|localhost:15260]|listeners:[], old=null} RUNNING
2024-10-20 10:44:23,305 [main] INFO  ratis.RaftTestUtil (RaftTestUtil.java:waitForLeader(131)) - printing ALL groups
  s0:  RUNNING    LEADER s0@group-436914476215:t8, leader=s0, voted=s0, raftlog=Memoized:s0@group-436914476215-SegmentedRaftLog:OPENED:c14:last(t:8, i:14), conf=conf: {index: 13, cur=peers:[s0|localhost:15252, s1|localhost:15256, s2|localhost:15260]|listeners:[], old=null} RUNNING
  s1:  RUNNING  FOLLOWER s1@group-436914476215:t8, leader=s0, voted=s0, raftlog=Memoized:s1@group-436914476215-SegmentedRaftLog:OPENED:c13:last(t:8, i:14), conf=conf: {index: 13, cur=peers:[s0|localhost:15252, s1|localhost:15256, s2|localhost:15260]|listeners:[], old=null} RUNNING
  s2:  RUNNING  FOLLOWER s2@group-436914476215:t8, leader=s0, voted=s0, raftlog=Memoized:s2@group-436914476215-SegmentedRaftLog:OPENED:c13:last(t:8, i:14), conf=conf: {index: 13, cur=peers:[s0|localhost:15252, s1|localhost:15256, s2|localhost:15260]|listeners:[], old=null} RUNNING
2024-10-20 10:44:23,305 [main] WARN  ratis.RaftTestUtil (JavaUtils.java:attempt(231)) - FAILED "runTestChangeLeader-changeLeader", attempt #4/20, sleep 100ms and then retry: java.lang.IllegalStateException: Failed to change leader: newLeader == oldLeader == s0
2024-10-20 10:44:23,378 [s1@group-436914476215-FollowerState] INFO  impl.FollowerState (FollowerState.java:runImpl(161)) - s1@group-436914476215-FollowerState: change to CANDIDATE, lastRpcElapsedTime:442533425ns, electionTimeout:224ms
2024-10-20 10:44:23,378 [s1@group-436914476215-FollowerState] INFO  impl.RoleInfo (RoleInfo.java:shutdownFollowerState(121)) - s1: shutdown s1@group-436914476215-FollowerState
2024-10-20 10:44:23,378 [s1@group-436914476215-FollowerState] INFO  server.RaftServer$Division (RaftServerImpl.java:setRole(380)) - s1@group-436914476215: changes role from  FOLLOWER to CANDIDATE at term 8 for changeToCandidate
2024-10-20 10:44:23,378 [s1@group-436914476215-FollowerState] INFO  server.RaftServerConfigKeys (ConfUtils.java:logGet(46)) - raft.server.leaderelection.pre-vote = true (default)
2024-10-20 10:44:23,379 [s1@group-436914476215-FollowerState] INFO  impl.RoleInfo (RoleInfo.java:updateAndGet(148)) - s1: start s1@group-436914476215-LeaderElection78
2024-10-20 10:44:23,379 [s1@group-436914476215-LeaderElection78] INFO  server.RaftServer$Division (ServerState.java:setLeader(272)) - s1@group-436914476215: change Leader from s0 to null at term 8 for PRE_VOTE
2024-10-20 10:44:23,379 [s1@group-436914476215-LeaderElection78] INFO  impl.LeaderElection (LeaderElection.java:askForVotes(333)) - s1@group-436914476215-LeaderElection78 PRE_VOTE round 0: submit vote requests at term 8 for conf: {index: 13, cur=peers:[s0|localhost:15252, s1|localhost:15256, s2|localhost:15260]|listeners:[], old=null}
2024-10-20 10:44:23,380 [grpc-default-executor-2] INFO  server.RaftServer$Division (RaftServerImpl.java:requestVote(1447)) - s2@group-436914476215: receive requestVote(PRE_VOTE, s1, group-436914476215, 8, (t:8, i:14))
2024-10-20 10:44:23,380 [grpc-default-executor-11] INFO  server.RaftServer$Division (RaftServerImpl.java:requestVote(1447)) - s0@group-436914476215: receive requestVote(PRE_VOTE, s1, group-436914476215, 8, (t:8, i:14))
2024-10-20 10:44:23,380 [grpc-default-executor-2] INFO  impl.VoteContext (VoteContext.java:log(49)) - s2@group-436914476215-FOLLOWER: accept PRE_VOTE from s1: our priority 0 <= candidate's priority 0
2024-10-20 10:44:23,380 [grpc-default-executor-11] WARN  server.RaftServer$Division (LeaderStateImpl.java:checkLeadership(1117)) - s0@group-436914476215-LeaderStateImpl: Lost leadership on term: 8. Election timeout: 300ms. In charge for: 470ms. Conf: conf: {index: 13, cur=peers:[s0|localhost:15252, s1|localhost:15256, s2|localhost:15260]|listeners:[], old=null}
2024-10-20 10:44:23,380 [grpc-default-executor-2] INFO  server.RaftServer$Division (RaftServerImpl.java:requestVote(1480)) - s2@group-436914476215 replies to PRE_VOTE vote request: s1<-s2#0:OK-t8. Peer's state: s2@group-436914476215:t8, leader=s0, voted=s0, raftlog=Memoized:s2@group-436914476215-SegmentedRaftLog:OPENED:c13:last(t:8, i:14), conf=conf: {index: 13, cur=peers:[s0|localhost:15252, s1|localhost:15256, s2|localhost:15260]|listeners:[], old=null}
2024-10-20 10:44:23,380 [grpc-default-executor-11] WARN  server.RaftServer$Division (LeaderStateImpl.java:lambda$checkLeadership$20(1121)) - Follower s0@group-436914476215->s1(c13,m14,n15, caughtUp=true, lastRpcSendTime=29, lastRpcResponseTime=444)
2024-10-20 10:44:23,380 [grpc-default-executor-11] WARN  server.RaftServer$Division (LeaderStateImpl.java:lambda$checkLeadership$20(1121)) - Follower s0@group-436914476215->s2(c13,m14,n15, caughtUp=true, lastRpcSendTime=28, lastRpcResponseTime=443)
2024-10-20 10:44:23,380 [grpc-default-executor-11] INFO  server.RaftServer$Division (RaftServerImpl.java:setRole(380)) - s0@group-436914476215: changes role from    LEADER to FOLLOWER at term 8 for StepDownReason:LOST_MAJORITY_HEARTBEATS
2024-10-20 10:44:23,380 [grpc-default-executor-11] INFO  impl.RoleInfo (RoleInfo.java:shutdownLeaderState(103)) - s0: shutdown s0@group-436914476215-LeaderStateImpl
2024-10-20 10:44:23,381 [s0@group-436914476215->s1-GrpcLogAppender-LogAppenderDaemon] WARN  server.GrpcLogAppender (GrpcLogAppender.java:mayWait(293)) - s0@group-436914476215->s1-GrpcLogAppender: Wait interrupted by java.lang.InterruptedException
2024-10-20 10:44:23,381 [grpc-default-executor-11] INFO  impl.PendingRequests (PendingRequests.java:sendNotLeaderResponses(287)) - s0@group-436914476215-PendingRequests: sendNotLeaderResponses
2024-10-20 10:44:23,381 [grpc-default-executor-11] INFO  server.RaftServer$Division (ServerState.java:setLeader(272)) - s0@group-436914476215: change Leader from s0 to null at term 8 for StepDownReason:LOST_MAJORITY_HEARTBEATS
2024-10-20 10:44:23,381 [grpc-default-executor-11] INFO  impl.RoleInfo (RoleInfo.java:updateAndGet(148)) - s0: start s0@group-436914476215-FollowerState
2024-10-20 10:44:23,381 [s0@group-436914476215->s2-GrpcLogAppender-LogAppenderDaemon] WARN  server.GrpcLogAppender (GrpcLogAppender.java:mayWait(293)) - s0@group-436914476215->s2-GrpcLogAppender: Wait interrupted by java.lang.InterruptedException
2024-10-20 10:44:23,381 [grpc-default-executor-11] INFO  impl.VoteContext (VoteContext.java:log(49)) - s0@group-436914476215-FOLLOWER: accept PRE_VOTE from s1: our priority 0 <= candidate's priority 0
2024-10-20 10:44:23,381 [grpc-default-executor-11] INFO  server.RaftServer$Division (RaftServerImpl.java:requestVote(1480)) - s0@group-436914476215 replies to PRE_VOTE vote request: s1<-s0#0:OK-t8. Peer's state: s0@group-436914476215:t8, leader=null, voted=s0, raftlog=Memoized:s0@group-436914476215-SegmentedRaftLog:OPENED:c14:last(t:8, i:14), conf=conf: {index: 13, cur=peers:[s0|localhost:15252, s1|localhost:15256, s2|localhost:15260]|listeners:[], old=null}
2024-10-20 10:44:23,382 [s1@group-436914476215-LeaderElection78] INFO  impl.LeaderElection (LeaderElection.java:logAndReturn(90)) - s1@group-436914476215-LeaderElection78: PRE_VOTE PASSED received 1 response(s) and 0 exception(s):
2024-10-20 10:44:23,382 [s1@group-436914476215-LeaderElection78] INFO  impl.LeaderElection (LeaderElection.java:logAndReturn(94)) -   Response 0: s1<-s2#0:OK-t8
2024-10-20 10:44:23,382 [grpc-default-executor-11] INFO  server.GrpcServerProtocolService (GrpcServerProtocolService.java:onCompleted(200)) - s1: Completed APPEND_ENTRIES, lastRequest: s0->s1#2-t8,previous=(t:8, i:13),leaderCommit=13,initializing? false,entries: size=1, first=(t:8, i:14), METADATAENTRY(c:13)
2024-10-20 10:44:23,382 [s1@group-436914476215-LeaderElection78] INFO  impl.LeaderElection (LeaderElection.java:askForVotes(335)) - s1@group-436914476215-LeaderElection78 PRE_VOTE round 0: result PASSED
2024-10-20 10:44:23,382 [s1@group-436914476215-LeaderElection78] TRACE util.FileUtils (LogUtils.java:supplyAndLog(69)) - Successfully supplied FileChannel.open /home/runner/work/ratis/ratis/ratis-test/target/test/data/d69430f5/MiniRaftClusterWithGrpc6b9d6d2d/s1/fd8814ef-b2fd-4859-a487-436914476215/current/raft-meta.tmp with options [CREATE, WRITE]: sun.nio.ch.FileChannelImpl@7807c749
2024-10-20 10:44:23,382 [grpc-default-executor-11] INFO  server.GrpcServerProtocolService (GrpcServerProtocolService.java:lambda$onCompleted$7(202)) - s1: Completed APPEND_ENTRIES, lastReply: null
2024-10-20 10:44:23,382 [grpc-default-executor-2] INFO  server.GrpcServerProtocolService (GrpcServerProtocolService.java:onCompleted(200)) - s2: Completed APPEND_ENTRIES, lastRequest: s0->s2#2-t8,previous=(t:8, i:13),leaderCommit=13,initializing? false,entries: size=1, first=(t:8, i:14), METADATAENTRY(c:13)
2024-10-20 10:44:23,382 [grpc-default-executor-2] INFO  server.GrpcServerProtocolService (GrpcServerProtocolService.java:lambda$onCompleted$7(202)) - s2: Completed APPEND_ENTRIES, lastReply: null
2024-10-20 10:44:23,382 [grpc-default-executor-5] INFO  server.GrpcLogAppender (GrpcLogAppender.java:onCompleted(559)) - s0@group-436914476215->s1-AppendLogResponseHandler: follower responses appendEntries COMPLETED
2024-10-20 10:44:23,383 [grpc-default-executor-1] INFO  server.GrpcLogAppender (GrpcLogAppender.java:onCompleted(559)) - s0@group-436914476215->s2-AppendLogResponseHandler: follower responses appendEntries COMPLETED
2024-10-20 10:44:23,384 [s1@group-436914476215-LeaderElection78] TRACE util.FileUtils (LogUtils.java:runAndLog(49)) - Successfully ran Atomic Files.move /home/runner/work/ratis/ratis/ratis-test/target/test/data/d69430f5/MiniRaftClusterWithGrpc6b9d6d2d/s1/fd8814ef-b2fd-4859-a487-436914476215/current/raft-meta.tmp to /home/runner/work/ratis/ratis/ratis-test/target/test/data/d69430f5/MiniRaftClusterWithGrpc6b9d6d2d/s1/fd8814ef-b2fd-4859-a487-436914476215/current/raft-meta with options [REPLACE_EXISTING]
2024-10-20 10:44:23,384 [s1@group-436914476215-LeaderElection78] INFO  impl.LeaderElection (LeaderElection.java:askForVotes(333)) - s1@group-436914476215-LeaderElection78 ELECTION round 0: submit vote requests at term 9 for conf: {index: 13, cur=peers:[s0|localhost:15252, s1|localhost:15256, s2|localhost:15260]|listeners:[], old=null}
2024-10-20 10:44:23,384 [grpc-default-executor-5] INFO  server.RaftServer$Division (RaftServerImpl.java:requestVote(1447)) - s2@group-436914476215: receive requestVote(ELECTION, s1, group-436914476215, 9, (t:8, i:14))
2024-10-20 10:44:23,385 [grpc-default-executor-11] INFO  server.RaftServer$Division (RaftServerImpl.java:requestVote(1447)) - s0@group-436914476215: receive requestVote(ELECTION, s1, group-436914476215, 9, (t:8, i:14))
2024-10-20 10:44:23,385 [grpc-default-executor-5] INFO  impl.VoteContext (VoteContext.java:log(49)) - s2@group-436914476215-FOLLOWER: accept ELECTION from s1: our priority 0 <= candidate's priority 0
2024-10-20 10:44:23,385 [grpc-default-executor-5] INFO  server.RaftServer$Division (RaftServerImpl.java:setRole(380)) - s2@group-436914476215: changes role from  FOLLOWER to FOLLOWER at term 8 for candidate:s1
2024-10-20 10:44:23,385 [grpc-default-executor-5] INFO  impl.RoleInfo (RoleInfo.java:shutdownFollowerState(121)) - s2: shutdown s2@group-436914476215-FollowerState
2024-10-20 10:44:23,385 [grpc-default-executor-5] INFO  server.RaftServer$Division (ServerState.java:setLeader(272)) - s2@group-436914476215: change Leader from s0 to null at term 9 for updateCurrentTerm
2024-10-20 10:44:23,385 [grpc-default-executor-11] INFO  impl.VoteContext (VoteContext.java:log(49)) - s0@group-436914476215-FOLLOWER: accept ELECTION from s1: our priority 0 <= candidate's priority 0
2024-10-20 10:44:23,385 [grpc-default-executor-11] INFO  server.RaftServer$Division (RaftServerImpl.java:setRole(380)) - s0@group-436914476215: changes role from  FOLLOWER to FOLLOWER at term 8 for candidate:s1
2024-10-20 10:44:23,385 [grpc-default-executor-11] INFO  impl.RoleInfo (RoleInfo.java:shutdownFollowerState(121)) - s0: shutdown s0@group-436914476215-FollowerState
2024-10-20 10:44:23,385 [grpc-default-executor-5] INFO  impl.RoleInfo (RoleInfo.java:updateAndGet(148)) - s2: start s2@group-436914476215-FollowerState
2024-10-20 10:44:23,385 [s2@group-436914476215-FollowerState] INFO  impl.FollowerState (FollowerState.java:runImpl(170)) - s2@group-436914476215-FollowerState was interrupted
2024-10-20 10:44:23,385 [s0@group-436914476215-FollowerState] INFO  impl.FollowerState (FollowerState.java:runImpl(170)) - s0@group-436914476215-FollowerState was interrupted
2024-10-20 10:44:23,385 [grpc-default-executor-11] INFO  impl.RoleInfo (RoleInfo.java:updateAndGet(148)) - s0: start s0@group-436914476215-FollowerState
2024-10-20 10:44:23,385 [grpc-default-executor-5] TRACE util.FileUtils (LogUtils.java:supplyAndLog(69)) - Successfully supplied FileChannel.open /home/runner/work/ratis/ratis/ratis-test/target/test/data/d69430f5/MiniRaftClusterWithGrpc6b9d6d2d/s2/fd8814ef-b2fd-4859-a487-436914476215/current/raft-meta.tmp with options [CREATE, WRITE]: sun.nio.ch.FileChannelImpl@7e16168
2024-10-20 10:44:23,385 [grpc-default-executor-11] TRACE util.FileUtils (LogUtils.java:supplyAndLog(69)) - Successfully supplied FileChannel.open /home/runner/work/ratis/ratis/ratis-test/target/test/data/d69430f5/MiniRaftClusterWithGrpc6b9d6d2d/s0/fd8814ef-b2fd-4859-a487-436914476215/current/raft-meta.tmp with options [CREATE, WRITE]: sun.nio.ch.FileChannelImpl@6e82c0fb
2024-10-20 10:44:23,387 [grpc-default-executor-5] TRACE util.FileUtils (LogUtils.java:runAndLog(49)) - Successfully ran Atomic Files.move /home/runner/work/ratis/ratis/ratis-test/target/test/data/d69430f5/MiniRaftClusterWithGrpc6b9d6d2d/s2/fd8814ef-b2fd-4859-a487-436914476215/current/raft-meta.tmp to /home/runner/work/ratis/ratis/ratis-test/target/test/data/d69430f5/MiniRaftClusterWithGrpc6b9d6d2d/s2/fd8814ef-b2fd-4859-a487-436914476215/current/raft-meta with options [REPLACE_EXISTING]
2024-10-20 10:44:23,387 [grpc-default-executor-5] INFO  server.RaftServer$Division (RaftServerImpl.java:requestVote(1480)) - s2@group-436914476215 replies to ELECTION vote request: s1<-s2#0:OK-t9. Peer's state: s2@group-436914476215:t9, leader=null, voted=s1, raftlog=Memoized:s2@group-436914476215-SegmentedRaftLog:OPENED:c13:last(t:8, i:14), conf=conf: {index: 13, cur=peers:[s0|localhost:15252, s1|localhost:15256, s2|localhost:15260]|listeners:[], old=null}
2024-10-20 10:44:23,387 [grpc-default-executor-11] TRACE util.FileUtils (LogUtils.java:runAndLog(49)) - Successfully ran Atomic Files.move /home/runner/work/ratis/ratis/ratis-test/target/test/data/d69430f5/MiniRaftClusterWithGrpc6b9d6d2d/s0/fd8814ef-b2fd-4859-a487-436914476215/current/raft-meta.tmp to /home/runner/work/ratis/ratis/ratis-test/target/test/data/d69430f5/MiniRaftClusterWithGrpc6b9d6d2d/s0/fd8814ef-b2fd-4859-a487-436914476215/current/raft-meta with options [REPLACE_EXISTING]
2024-10-20 10:44:23,387 [s1@group-436914476215-LeaderElection78] INFO  impl.LeaderElection (LeaderElection.java:logAndReturn(90)) - s1@group-436914476215-LeaderElection78: ELECTION PASSED received 1 response(s) and 0 exception(s):
2024-10-20 10:44:23,387 [s1@group-436914476215-LeaderElection78] INFO  impl.LeaderElection (LeaderElection.java:logAndReturn(94)) -   Response 0: s1<-s2#0:OK-t9
2024-10-20 10:44:23,387 [grpc-default-executor-11] INFO  server.RaftServer$Division (RaftServerImpl.java:requestVote(1480)) - s0@group-436914476215 replies to ELECTION vote request: s1<-s0#0:OK-t9. Peer's state: s0@group-436914476215:t9, leader=null, voted=s1, raftlog=Memoized:s0@group-436914476215-SegmentedRaftLog:OPENED:c14:last(t:8, i:14), conf=conf: {index: 13, cur=peers:[s0|localhost:15252, s1|localhost:15256, s2|localhost:15260]|listeners:[], old=null}
2024-10-20 10:44:23,387 [s1@group-436914476215-LeaderElection78] INFO  impl.LeaderElection (LeaderElection.java:askForVotes(335)) - s1@group-436914476215-LeaderElection78 ELECTION round 0: result PASSED
2024-10-20 10:44:23,387 [s1@group-436914476215-LeaderElection78] INFO  impl.RoleInfo (RoleInfo.java:shutdownLeaderElection(141)) - s1: shutdown s1@group-436914476215-LeaderElection78
2024-10-20 10:44:23,387 [s1@group-436914476215-LeaderElection78] INFO  server.RaftServer$Division (RaftServerImpl.java:setRole(380)) - s1@group-436914476215: changes role from CANDIDATE to LEADER at term 9 for changeToLeader
2024-10-20 10:44:23,387 [s1@group-436914476215-LeaderElection78] INFO  server.RaftServerConfigKeys (ConfUtils.java:logGet(46)) - raft.server.staging.catchup.gap = 1000 (default)
2024-10-20 10:44:23,388 [s1@group-436914476215-LeaderElection78] INFO  server.RaftServerConfigKeys (ConfUtils.java:logGet(46)) - raft.server.write.element-limit = 4096 (default)
2024-10-20 10:44:23,388 [s1@group-436914476215-LeaderElection78] INFO  server.RaftServerConfigKeys (ConfUtils.java:logGet(46)) - raft.server.write.byte-limit = 64MB (=67108864) (default)
2024-10-20 10:44:23,388 [s1@group-436914476215-LeaderElection78] INFO  server.RaftServerConfigKeys (ConfUtils.java:logGet(46)) - raft.server.watch.timeout = 10s (default)
2024-10-20 10:44:23,388 [s1@group-436914476215-LeaderElection78] INFO  server.RaftServerConfigKeys (ConfUtils.java:logGet(46)) - raft.server.watch.timeout.denomination = 1s (default)
2024-10-20 10:44:23,388 [s1@group-436914476215-LeaderElection78] INFO  server.RaftServerConfigKeys (ConfUtils.java:logGet(46)) - raft.server.watch.element-limit = 65536 (default)
2024-10-20 10:44:23,388 [s1@group-436914476215-LeaderElection78] INFO  server.RaftServerConfigKeys (ConfUtils.java:logGet(46)) - raft.server.read.leader.lease.enabled = true (custom)
2024-10-20 10:44:23,388 [s1@group-436914476215-LeaderElection78] INFO  server.RaftServerConfigKeys (ConfUtils.java:logGet(46)) - raft.server.read.leader.lease.timeout.ratio = 0.5 (custom)
2024-10-20 10:44:23,388 [s1@group-436914476215-LeaderElection78] INFO  server.RaftServerConfigKeys (ConfUtils.java:logGet(46)) - raft.server.rpc.timeout.min = 150ms (default)
2024-10-20 10:44:23,388 [s1@group-436914476215-LeaderElection78] INFO  server.RaftServerConfigKeys (ConfUtils.java:logGet(46)) - raft.server.log.log-metadata.enabled = true (default)
2024-10-20 10:44:23,388 [s1@group-436914476215-LeaderElection78] INFO  server.RaftServerConfigKeys (ConfUtils.java:logGet(46)) - raft.server.write.element-limit = 4096 (default)
2024-10-20 10:44:23,388 [s1@group-436914476215-LeaderElection78] INFO  server.RaftServerConfigKeys (ConfUtils.java:logGet(46)) - raft.server.write.follower.gap.ratio.max = -1.0 (default)
2024-10-20 10:44:23,388 [s1@group-436914476215-LeaderElection78] INFO  server.RaftServerConfigKeys (ConfUtils.java:logGet(46)) - raft.server.log.appender.snapshot.chunk.size.max = 16MB (=16777216) (default)
2024-10-20 10:44:23,388 [s1@group-436914476215-LeaderElection78] INFO  server.RaftServerConfigKeys (ConfUtils.java:logGet(46)) - raft.server.log.appender.buffer.byte-limit = 4MB (=4194304) (default)
2024-10-20 10:44:23,388 [s1@group-436914476215-LeaderElection78] INFO  server.RaftServerConfigKeys (ConfUtils.java:logGet(46)) - raft.server.log.appender.buffer.element-limit = 0 (default)
2024-10-20 10:44:23,389 [s1@group-436914476215-LeaderElection78] INFO  server.RaftServerConfigKeys (ConfUtils.java:logGet(46)) - raft.server.log.appender.wait-time.min = 1ms (default)
2024-10-20 10:44:23,389 [s1@group-436914476215-LeaderElection78] INFO  grpc.GrpcConfigKeys (ConfUtils.java:logGet(46)) - raft.grpc.server.leader.outstanding.appends.max = 8 (default)
2024-10-20 10:44:23,389 [s1@group-436914476215-LeaderElection78] INFO  server.RaftServerConfigKeys (ConfUtils.java:logGet(46)) - raft.server.rpc.request.timeout = 3000ms (default)
2024-10-20 10:44:23,389 [s1@group-436914476215-LeaderElection78] INFO  grpc.GrpcConfigKeys (ConfUtils.java:logGet(46)) - raft.grpc.server.install_snapshot.request.element-limit = 8 (default)
2024-10-20 10:44:23,389 [s1@group-436914476215-LeaderElection78] INFO  grpc.GrpcConfigKeys (ConfUtils.java:logGet(46)) - raft.grpc.server.install_snapshot.request.timeout = 3000ms (default)
2024-10-20 10:44:23,389 [s1@group-436914476215-LeaderElection78] INFO  grpc.GrpcConfigKeys (ConfUtils.java:logGet(46)) - raft.grpc.server.log-message.batch.duration = 5s (default)
2024-10-20 10:44:23,389 [s1@group-436914476215-LeaderElection78] INFO  server.RaftServerConfigKeys (ConfUtils.java:logGet(46)) - raft.server.log.appender.install.snapshot.enabled = true (default)
2024-10-20 10:44:23,389 [s1@group-436914476215-LeaderElection78] INFO  grpc.GrpcConfigKeys (ConfUtils.java:logGet(46)) - raft.grpc.server.heartbeat.channel = true (default)
2024-10-20 10:44:23,389 [s1@group-436914476215-LeaderElection78] INFO  server.RaftServerConfigKeys (ConfUtils.java:logGet(46)) - raft.server.log.appender.snapshot.chunk.size.max = 16MB (=16777216) (default)
2024-10-20 10:44:23,389 [s1@group-436914476215-LeaderElection78] INFO  server.RaftServerConfigKeys (ConfUtils.java:logGet(46)) - raft.server.log.appender.buffer.byte-limit = 4MB (=4194304) (default)
2024-10-20 10:44:23,389 [s1@group-436914476215-LeaderElection78] INFO  server.RaftServerConfigKeys (ConfUtils.java:logGet(46)) - raft.server.log.appender.buffer.element-limit = 0 (default)
2024-10-20 10:44:23,389 [s1@group-436914476215-LeaderElection78] INFO  server.RaftServerConfigKeys (ConfUtils.java:logGet(46)) - raft.server.log.appender.wait-time.min = 1ms (default)
2024-10-20 10:44:23,389 [s1@group-436914476215-LeaderElection78] INFO  grpc.GrpcConfigKeys (ConfUtils.java:logGet(46)) - raft.grpc.server.leader.outstanding.appends.max = 8 (default)
2024-10-20 10:44:23,389 [s1@group-436914476215-LeaderElection78] INFO  server.RaftServerConfigKeys (ConfUtils.java:logGet(46)) - raft.server.rpc.request.timeout = 3000ms (default)
2024-10-20 10:44:23,389 [s1@group-436914476215-LeaderElection78] INFO  grpc.GrpcConfigKeys (ConfUtils.java:logGet(46)) - raft.grpc.server.install_snapshot.request.element-limit = 8 (default)
2024-10-20 10:44:23,389 [s1@group-436914476215-LeaderElection78] INFO  grpc.GrpcConfigKeys (ConfUtils.java:logGet(46)) - raft.grpc.server.install_snapshot.request.timeout = 3000ms (default)
2024-10-20 10:44:23,389 [s1@group-436914476215-LeaderElection78] INFO  grpc.GrpcConfigKeys (ConfUtils.java:logGet(46)) - raft.grpc.server.log-message.batch.duration = 5s (default)
2024-10-20 10:44:23,390 [s1@group-436914476215-LeaderElection78] INFO  server.RaftServerConfigKeys (ConfUtils.java:logGet(46)) - raft.server.log.appender.install.snapshot.enabled = true (default)
2024-10-20 10:44:23,390 [s1@group-436914476215-LeaderElection78] INFO  grpc.GrpcConfigKeys (ConfUtils.java:logGet(46)) - raft.grpc.server.heartbeat.channel = true (default)
2024-10-20 10:44:23,390 [s1@group-436914476215-LeaderElection78] INFO  impl.RoleInfo (RoleInfo.java:updateAndGet(148)) - s1: start s1@group-436914476215-LeaderStateImpl
2024-10-20 10:44:23,390 [s1@group-436914476215-LeaderElection78] INFO  server.RaftServer$Division (ServerState.java:setLeader(272)) - s1@group-436914476215: change Leader from null to s1 at term 9 for becomeLeader, leader elected after 10ms
2024-10-20 10:44:23,390 [s1@group-436914476215-LeaderElection78] INFO  segmented.SegmentedRaftLogWorker (SegmentedRaftLogWorker.java:rollLogSegment(447)) - s1@group-436914476215-SegmentedRaftLogWorker: Rolling segment log-13_14 to index:14
2024-10-20 10:44:23,390 [s1@group-436914476215-LeaderElection78] INFO  server.RaftServer$Division (ServerState.java:setRaftConf(386)) - s1@group-436914476215: set configuration conf: {index: 15, cur=peers:[s0|localhost:15252, s1|localhost:15256, s2|localhost:15260]|listeners:[], old=null}
2024-10-20 10:44:23,391 [s1@group-436914476215-SegmentedRaftLogWorker] TRACE util.FileUtils (LogUtils.java:runAndLog(49)) - Successfully ran Atomic Files.move /home/runner/work/ratis/ratis/ratis-test/target/test/data/d69430f5/MiniRaftClusterWithGrpc6b9d6d2d/s1/fd8814ef-b2fd-4859-a487-436914476215/current/log_inprogress_13 to /home/runner/work/ratis/ratis/ratis-test/target/test/data/d69430f5/MiniRaftClusterWithGrpc6b9d6d2d/s1/fd8814ef-b2fd-4859-a487-436914476215/current/log_13-14
2024-10-20 10:44:23,391 [s1@group-436914476215-SegmentedRaftLogWorker] INFO  segmented.SegmentedRaftLogWorker (SegmentedRaftLogWorker.java:execute(620)) - s1@group-436914476215-SegmentedRaftLogWorker: Rolled log segment from /home/runner/work/ratis/ratis/ratis-test/target/test/data/d69430f5/MiniRaftClusterWithGrpc6b9d6d2d/s1/fd8814ef-b2fd-4859-a487-436914476215/current/log_inprogress_13 to /home/runner/work/ratis/ratis/ratis-test/target/test/data/d69430f5/MiniRaftClusterWithGrpc6b9d6d2d/s1/fd8814ef-b2fd-4859-a487-436914476215/current/log_13-14
2024-10-20 10:44:23,391 [s1@group-436914476215-SegmentedRaftLogWorker] INFO  segmented.BufferedWriteChannel (BufferedWriteChannel.java:open(61)) - open log_inprogress_15 at position 0
2024-10-20 10:44:23,396 [s0-server-thread3] DEBUG server.RaftServer$Division (RaftServerImpl.java:logAppendEntries(1549)) - s0@group-436914476215: appendEntries* s1->s0#1-t9,previous=(t:8, i:14),leaderCommit=13,initializing? false,entries: size=1, first=(t:9, i:15), CONFIGURATIONENTRY(current:id:"s0"address:"localhost:15252"dataStreamAddress:"localhost:15255"clientAddress:"localhost:15254"adminAddress:"localhost:15253"startupRole:FOLLOWER, id:"s1"address:"localhost:15256"dataStreamAddress:"localhost:15259"clientAddress:"localhost:15258"adminAddress:"localhost:15257"startupRole:FOLLOWER, id:"s2"address:"localhost:15260"dataStreamAddress:"localhost:15263"clientAddress:"localhost:15262"adminAddress:"localhost:15261"startupRole:FOLLOWER, old:)
2024-10-20 10:44:23,396 [s0-server-thread2] INFO  server.RaftServer$Division (ServerState.java:setLeader(272)) - s0@group-436914476215: change Leader from null to s1 at term 9 for appendEntries, leader elected after 14ms
2024-10-20 10:44:23,396 [s0-server-thread3] INFO  server.RaftServer$Division (ServerState.java:setRaftConf(386)) - s0@group-436914476215: set configuration conf: {index: 15, cur=peers:[s0|localhost:15252, s1|localhost:15256, s2|localhost:15260]|listeners:[], old=null}
2024-10-20 10:44:23,396 [s0-server-thread3] INFO  segmented.SegmentedRaftLogWorker (SegmentedRaftLogWorker.java:rollLogSegment(447)) - s0@group-436914476215-SegmentedRaftLogWorker: Rolling segment log-13_14 to index:14
2024-10-20 10:44:23,397 [s2-server-thread4] INFO  server.RaftServer$Division (ServerState.java:setLeader(272)) - s2@group-436914476215: change Leader from null to s1 at term 9 for appendEntries, leader elected after 12ms
2024-10-20 10:44:23,397 [s0@group-436914476215-SegmentedRaftLogWorker] TRACE util.FileUtils (LogUtils.java:runAndLog(49)) - Successfully ran Atomic Files.move /home/runner/work/ratis/ratis/ratis-test/target/test/data/d69430f5/MiniRaftClusterWithGrpc6b9d6d2d/s0/fd8814ef-b2fd-4859-a487-436914476215/current/log_inprogress_13 to /home/runner/work/ratis/ratis/ratis-test/target/test/data/d69430f5/MiniRaftClusterWithGrpc6b9d6d2d/s0/fd8814ef-b2fd-4859-a487-436914476215/current/log_13-14
2024-10-20 10:44:23,398 [s0@group-436914476215-SegmentedRaftLogWorker] INFO  segmented.SegmentedRaftLogWorker (SegmentedRaftLogWorker.java:execute(620)) - s0@group-436914476215-SegmentedRaftLogWorker: Rolled log segment from /home/runner/work/ratis/ratis/ratis-test/target/test/data/d69430f5/MiniRaftClusterWithGrpc6b9d6d2d/s0/fd8814ef-b2fd-4859-a487-436914476215/current/log_inprogress_13 to /home/runner/work/ratis/ratis/ratis-test/target/test/data/d69430f5/MiniRaftClusterWithGrpc6b9d6d2d/s0/fd8814ef-b2fd-4859-a487-436914476215/current/log_13-14
2024-10-20 10:44:23,398 [s0@group-436914476215-SegmentedRaftLogWorker] INFO  segmented.BufferedWriteChannel (BufferedWriteChannel.java:open(61)) - open log_inprogress_15 at position 0
2024-10-20 10:44:23,403 [s2-server-thread1] DEBUG server.RaftServer$Division (RaftServerImpl.java:logAppendEntries(1549)) - s2@group-436914476215: appendEntries* s1->s2#1-t9,previous=(t:8, i:14),leaderCommit=13,initializing? false,entries: size=1, first=(t:9, i:15), CONFIGURATIONENTRY(current:id:"s0"address:"localhost:15252"dataStreamAddress:"localhost:15255"clientAddress:"localhost:15254"adminAddress:"localhost:15253"startupRole:FOLLOWER, id:"s1"address:"localhost:15256"dataStreamAddress:"localhost:15259"clientAddress:"localhost:15258"adminAddress:"localhost:15257"startupRole:FOLLOWER, id:"s2"address:"localhost:15260"dataStreamAddress:"localhost:15263"clientAddress:"localhost:15262"adminAddress:"localhost:15261"startupRole:FOLLOWER, old:)
2024-10-20 10:44:23,403 [s2-server-thread1] INFO  server.RaftServer$Division (ServerState.java:setRaftConf(386)) - s2@group-436914476215: set configuration conf: {index: 15, cur=peers:[s0|localhost:15252, s1|localhost:15256, s2|localhost:15260]|listeners:[], old=null}
2024-10-20 10:44:23,403 [s2-server-thread1] INFO  segmented.SegmentedRaftLogWorker (SegmentedRaftLogWorker.java:rollLogSegment(447)) - s2@group-436914476215-SegmentedRaftLogWorker: Rolling segment log-13_14 to index:14
2024-10-20 10:44:23,405 [s2@group-436914476215-SegmentedRaftLogWorker] TRACE util.FileUtils (LogUtils.java:runAndLog(49)) - Successfully ran Atomic Files.move /home/runner/work/ratis/ratis/ratis-test/target/test/data/d69430f5/MiniRaftClusterWithGrpc6b9d6d2d/s2/fd8814ef-b2fd-4859-a487-436914476215/current/log_inprogress_13 to /home/runner/work/ratis/ratis/ratis-test/target/test/data/d69430f5/MiniRaftClusterWithGrpc6b9d6d2d/s2/fd8814ef-b2fd-4859-a487-436914476215/current/log_13-14
2024-10-20 10:44:23,405 [s2@group-436914476215-SegmentedRaftLogWorker] INFO  segmented.SegmentedRaftLogWorker (SegmentedRaftLogWorker.java:execute(620)) - s2@group-436914476215-SegmentedRaftLogWorker: Rolled log segment from /home/runner/work/ratis/ratis/ratis-test/target/test/data/d69430f5/MiniRaftClusterWithGrpc6b9d6d2d/s2/fd8814ef-b2fd-4859-a487-436914476215/current/log_inprogress_13 to /home/runner/work/ratis/ratis/ratis-test/target/test/data/d69430f5/MiniRaftClusterWithGrpc6b9d6d2d/s2/fd8814ef-b2fd-4859-a487-436914476215/current/log_13-14
2024-10-20 10:44:23,405 [s2@group-436914476215-SegmentedRaftLogWorker] INFO  segmented.BufferedWriteChannel (BufferedWriteChannel.java:open(61)) - open log_inprogress_15 at position 0
2024-10-20 10:44:23,405 [main] INFO  server.RaftServerConfigKeys (ConfUtils.java:logGet(46)) - raft.server.rpc.timeout.max = 300ms (default)
2024-10-20 10:44:23,405 [main] INFO  ratis.RaftTestUtil (RaftTestUtil.java:waitForLeader(107)) - printing ALL groups
  s0:  RUNNING  FOLLOWER s0@group-436914476215:t9, leader=s1, voted=s1, raftlog=Memoized:s0@group-436914476215-SegmentedRaftLog:OPENED:c14:last(t:9, i:15), conf=conf: {index: 15, cur=peers:[s0|localhost:15252, s1|localhost:15256, s2|localhost:15260]|listeners:[], old=null} RUNNING
  s1:  RUNNING    LEADER s1@group-436914476215:t9, leader=s1, voted=s1, raftlog=Memoized:s1@group-436914476215-SegmentedRaftLog:OPENED:c13:last(t:9, i:15), conf=conf: {index: 15, cur=peers:[s0|localhost:15252, s1|localhost:15256, s2|localhost:15260]|listeners:[], old=null} RUNNING
  s2:  RUNNING  FOLLOWER s2@group-436914476215:t9, leader=s1, voted=s1, raftlog=Memoized:s2@group-436914476215-SegmentedRaftLog:OPENED:c13:last(t:9, i:15), conf=conf: {index: 15, cur=peers:[s0|localhost:15252, s1|localhost:15256, s2|localhost:15260]|listeners:[], old=null} RUNNING
2024-10-20 10:44:23,405 [main] WARN  ratis.RaftTestUtil (RaftTestUtil.java:lambda$waitForLeader$3(126)) - Attempt #1 failed: java.lang.IllegalStateException: Leader: s1@group-436914476215 not ready
2024-10-20 10:44:23,411 [s1@group-436914476215-SegmentedRaftLogWorker] INFO  segmented.SegmentedRaftLogWorker (SegmentedRaftLogWorker.java:execute(663)) - s1@group-436914476215-SegmentedRaftLogWorker: created new log segment /home/runner/work/ratis/ratis/ratis-test/target/test/data/d69430f5/MiniRaftClusterWithGrpc6b9d6d2d/s1/fd8814ef-b2fd-4859-a487-436914476215/current/log_inprogress_15
2024-10-20 10:44:23,414 [s0@group-436914476215-SegmentedRaftLogWorker] INFO  segmented.SegmentedRaftLogWorker (SegmentedRaftLogWorker.java:execute(663)) - s0@group-436914476215-SegmentedRaftLogWorker: created new log segment /home/runner/work/ratis/ratis/ratis-test/target/test/data/d69430f5/MiniRaftClusterWithGrpc6b9d6d2d/s0/fd8814ef-b2fd-4859-a487-436914476215/current/log_inprogress_15
2024-10-20 10:44:23,415 [s0-server-thread3] DEBUG server.RaftServer$Division (RaftServerImpl.java:logAppendEntries(1549)) - s0@group-436914476215: appendEntries* reply s1<-s0#1:OK-t9,SUCCESS,nextIndex=16,followerCommit=14,matchIndex=15
2024-10-20 10:44:23,415 [s2@group-436914476215-SegmentedRaftLogWorker] INFO  segmented.SegmentedRaftLogWorker (SegmentedRaftLogWorker.java:execute(663)) - s2@group-436914476215-SegmentedRaftLogWorker: created new log segment /home/runner/work/ratis/ratis/ratis-test/target/test/data/d69430f5/MiniRaftClusterWithGrpc6b9d6d2d/s2/fd8814ef-b2fd-4859-a487-436914476215/current/log_inprogress_15
2024-10-20 10:44:23,416 [s1@group-436914476215-StateMachineUpdater] TRACE util.FileUtils (LogUtils.java:supplyAndLog(69)) - Successfully supplied FileChannel.open /home/runner/work/ratis/ratis/ratis-test/target/test/data/d69430f5/MiniRaftClusterWithGrpc6b9d6d2d/s1/fd8814ef-b2fd-4859-a487-436914476215/current/raft-meta.conf.tmp with options [CREATE, WRITE]: sun.nio.ch.FileChannelImpl@45c3bce0
2024-10-20 10:44:23,416 [s2-server-thread1] DEBUG server.RaftServer$Division (RaftServerImpl.java:logAppendEntries(1549)) - s2@group-436914476215: appendEntries* reply s1<-s2#1:OK-t9,SUCCESS,nextIndex=16,followerCommit=13,matchIndex=15
2024-10-20 10:44:23,416 [s0-server-thread3] DEBUG server.RaftServer$Division (RaftServerImpl.java:logAppendEntries(1549)) - s0@group-436914476215: appendEntries* s1->s0#2-t9,previous=(t:9, i:15),leaderCommit=15,initializing? false,entries: size=1, first=(t:9, i:16), METADATAENTRY(c:15)
2024-10-20 10:44:23,417 [s0-server-thread3] DEBUG server.RaftServer$Division (RaftServerImpl.java:logAppendEntries(1549)) - s0@group-436914476215: appendEntries* reply s1<-s0#2:OK-t9,SUCCESS,nextIndex=17,followerCommit=15,matchIndex=16
2024-10-20 10:44:23,417 [s0@group-436914476215-StateMachineUpdater] TRACE util.FileUtils (LogUtils.java:supplyAndLog(69)) - Successfully supplied FileChannel.open /home/runner/work/ratis/ratis/ratis-test/target/test/data/d69430f5/MiniRaftClusterWithGrpc6b9d6d2d/s0/fd8814ef-b2fd-4859-a487-436914476215/current/raft-meta.conf.tmp with options [CREATE, WRITE]: sun.nio.ch.FileChannelImpl@5b389d60
2024-10-20 10:44:23,418 [s1@group-436914476215-StateMachineUpdater] TRACE util.FileUtils (LogUtils.java:runAndLog(49)) - Successfully ran Atomic Files.move /home/runner/work/ratis/ratis/ratis-test/target/test/data/d69430f5/MiniRaftClusterWithGrpc6b9d6d2d/s1/fd8814ef-b2fd-4859-a487-436914476215/current/raft-meta.conf.tmp to /home/runner/work/ratis/ratis/ratis-test/target/test/data/d69430f5/MiniRaftClusterWithGrpc6b9d6d2d/s1/fd8814ef-b2fd-4859-a487-436914476215/current/raft-meta.conf with options [REPLACE_EXISTING]
2024-10-20 10:44:23,418 [s1@group-436914476215-StateMachineUpdater] INFO  server.RaftServer$Division (LeaderStateImpl.java:checkStartIndex(314)) - Leader s1@group-436914476215-LeaderStateImpl is ready since appliedIndex == startIndex == 15
2024-10-20 10:44:23,418 [s2-server-thread1] DEBUG server.RaftServer$Division (RaftServerImpl.java:logAppendEntries(1549)) - s2@group-436914476215: appendEntries* s1->s2#2-t9,previous=(t:9, i:15),leaderCommit=16,initializing? false,entries: size=1, first=(t:9, i:16), METADATAENTRY(c:15)
2024-10-20 10:44:23,419 [s0@group-436914476215-StateMachineUpdater] TRACE util.FileUtils (LogUtils.java:runAndLog(49)) - Successfully ran Atomic Files.move /home/runner/work/ratis/ratis/ratis-test/target/test/data/d69430f5/MiniRaftClusterWithGrpc6b9d6d2d/s0/fd8814ef-b2fd-4859-a487-436914476215/current/raft-meta.conf.tmp to /home/runner/work/ratis/ratis/ratis-test/target/test/data/d69430f5/MiniRaftClusterWithGrpc6b9d6d2d/s0/fd8814ef-b2fd-4859-a487-436914476215/current/raft-meta.conf with options [REPLACE_EXISTING]
2024-10-20 10:44:23,419 [s2-server-thread1] DEBUG server.RaftServer$Division (RaftServerImpl.java:logAppendEntries(1549)) - s2@group-436914476215: appendEntries* reply s1<-s2#2:OK-t9,SUCCESS,nextIndex=17,followerCommit=16,matchIndex=16
2024-10-20 10:44:23,419 [s2@group-436914476215-StateMachineUpdater] TRACE util.FileUtils (LogUtils.java:supplyAndLog(69)) - Successfully supplied FileChannel.open /home/runner/work/ratis/ratis/ratis-test/target/test/data/d69430f5/MiniRaftClusterWithGrpc6b9d6d2d/s2/fd8814ef-b2fd-4859-a487-436914476215/current/raft-meta.conf.tmp with options [CREATE, WRITE]: sun.nio.ch.FileChannelImpl@7e6e8525
2024-10-20 10:44:23,421 [s2@group-436914476215-StateMachineUpdater] TRACE util.FileUtils (LogUtils.java:runAndLog(49)) - Successfully ran Atomic Files.move /home/runner/work/ratis/ratis/ratis-test/target/test/data/d69430f5/MiniRaftClusterWithGrpc6b9d6d2d/s2/fd8814ef-b2fd-4859-a487-436914476215/current/raft-meta.conf.tmp to /home/runner/work/ratis/ratis/ratis-test/target/test/data/d69430f5/MiniRaftClusterWithGrpc6b9d6d2d/s2/fd8814ef-b2fd-4859-a487-436914476215/current/raft-meta.conf with options [REPLACE_EXISTING]
2024-10-20 10:44:23,856 [main] INFO  ratis.RaftTestUtil (RaftTestUtil.java:waitForLeader(131)) - printing ALL groups
  s0:  RUNNING  FOLLOWER s0@group-436914476215:t9, leader=s1, voted=s1, raftlog=Memoized:s0@group-436914476215-SegmentedRaftLog:OPENED:c16:last(t:9, i:16), conf=conf: {index: 15, cur=peers:[s0|localhost:15252, s1|localhost:15256, s2|localhost:15260]|listeners:[], old=null} RUNNING
  s1:  RUNNING    LEADER s1@group-436914476215:t9, leader=s1, voted=s1, raftlog=Memoized:s1@group-436914476215-SegmentedRaftLog:OPENED:c16:last(t:9, i:16), conf=conf: {index: 15, cur=peers:[s0|localhost:15252, s1|localhost:15256, s2|localhost:15260]|listeners:[], old=null} RUNNING
  s2:  RUNNING  FOLLOWER s2@group-436914476215:t9, leader=s1, voted=s1, raftlog=Memoized:s2@group-436914476215-SegmentedRaftLog:OPENED:c16:last(t:9, i:16), conf=conf: {index: 15, cur=peers:[s0|localhost:15252, s1|localhost:15256, s2|localhost:15260]|listeners:[], old=null} RUNNING
2024-10-20 10:44:23,856 [main] INFO  ratis.RaftTestUtil (RaftTestUtil.java:lambda$changeLeader$14(485)) - Changed leader from s0 to s1
2024-10-20 10:44:23,856 [main] INFO  util.CodeInjectionForTesting (BlockRequestHandlingInjection.java:unblockRequestor(54)) - UnBlock requestor s0
2024-10-20 10:44:23,856 [main] INFO  util.CodeInjectionForTesting (BlockRequestHandlingInjection.java:blockRequestor(49)) - Block requestor s1
2024-10-20 10:44:23,856 [main] INFO  server.RaftServerConfigKeys (ConfUtils.java:logGet(46)) - raft.server.rpc.timeout.max = 300ms (default)
2024-10-20 10:44:23,857 [main] INFO  ratis.RaftTestUtil (RaftTestUtil.java:waitForLeader(107)) - printing ALL groups
  s0:  RUNNING  FOLLOWER s0@group-436914476215:t9, leader=s1, voted=s1, raftlog=Memoized:s0@group-436914476215-SegmentedRaftLog:OPENED:c16:last(t:9, i:16), conf=conf: {index: 15, cur=peers:[s0|localhost:15252, s1|localhost:15256, s2|localhost:15260]|listeners:[], old=null} RUNNING
  s1:  RUNNING    LEADER s1@group-436914476215:t9, leader=s1, voted=s1, raftlog=Memoized:s1@group-436914476215-SegmentedRaftLog:OPENED:c16:last(t:9, i:16), conf=conf: {index: 15, cur=peers:[s0|localhost:15252, s1|localhost:15256, s2|localhost:15260]|listeners:[], old=null} RUNNING
  s2:  RUNNING  FOLLOWER s2@group-436914476215:t9, leader=s1, voted=s1, raftlog=Memoized:s2@group-436914476215-SegmentedRaftLog:OPENED:c16:last(t:9, i:16), conf=conf: {index: 15, cur=peers:[s0|localhost:15252, s1|localhost:15256, s2|localhost:15260]|listeners:[], old=null} RUNNING
2024-10-20 10:44:23,857 [main] INFO  ratis.RaftTestUtil (RaftTestUtil.java:waitForLeader(131)) - printing ALL groups
  s0:  RUNNING  FOLLOWER s0@group-436914476215:t9, leader=s1, voted=s1, raftlog=Memoized:s0@group-436914476215-SegmentedRaftLog:OPENED:c16:last(t:9, i:16), conf=conf: {index: 15, cur=peers:[s0|localhost:15252, s1|localhost:15256, s2|localhost:15260]|listeners:[], old=null} RUNNING
  s1:  RUNNING    LEADER s1@group-436914476215:t9, leader=s1, voted=s1, raftlog=Memoized:s1@group-436914476215-SegmentedRaftLog:OPENED:c16:last(t:9, i:16), conf=conf: {index: 15, cur=peers:[s0|localhost:15252, s1|localhost:15256, s2|localhost:15260]|listeners:[], old=null} RUNNING
  s2:  RUNNING  FOLLOWER s2@group-436914476215:t9, leader=s1, voted=s1, raftlog=Memoized:s2@group-436914476215-SegmentedRaftLog:OPENED:c16:last(t:9, i:16), conf=conf: {index: 15, cur=peers:[s0|localhost:15252, s1|localhost:15256, s2|localhost:15260]|listeners:[], old=null} RUNNING
2024-10-20 10:44:23,857 [main] WARN  ratis.RaftTestUtil (JavaUtils.java:attempt(231)) - FAILED "runTestChangeLeader-changeLeader", attempt #1/20, sleep 100ms and then retry: java.lang.IllegalStateException: Failed to change leader: newLeader == oldLeader == s1
2024-10-20 10:44:23,876 [s2-server-thread4] INFO  util.CodeInjectionForTesting (BlockRequestHandlingInjection.java:execute(77)) - s2: Block request from s1
2024-10-20 10:44:23,877 [s0-server-thread1] INFO  util.CodeInjectionForTesting (BlockRequestHandlingInjection.java:execute(77)) - s0: Block request from s1
2024-10-20 10:44:23,912 [s1-server-thread1] INFO  util.CodeInjectionForTesting (BlockRequestHandlingInjection.java:execute(84)) - s1: unBlock request from s0
2024-10-20 10:44:23,912 [s1-server-thread1] WARN  server.RaftServer$Division (ServerState.java:recognizeLeader(331)) - s1@group-436914476215: Failed to recognize s0 as leader for APPEND_ENTRIES since peerTerm = 8 < currentTerm = 9
2024-10-20 10:44:23,913 [s1-server-thread1] WARN  server.RaftServer$Division (ServerState.java:recognizeLeader(331)) - s1@group-436914476215: Failed to recognize s0 as leader for APPEND_ENTRIES since peerTerm = 8 < currentTerm = 9
2024-10-20 10:44:23,913 [grpc-default-executor-1] WARN  server.GrpcLogAppender (GrpcLogAppender.java:onNextImpl(521)) - s0@group-436914476215->s1-AppendLogResponseHandler: received NOT_LEADER reply with term 9
2024-10-20 10:44:23,913 [grpc-default-executor-1] WARN  server.GrpcLogAppender (GrpcLogAppender.java:onNextImpl(521)) - s0@group-436914476215->s1-AppendLogResponseHandler: received NOT_LEADER reply with term 9
2024-10-20 10:44:23,913 [s1-server-thread1] WARN  server.RaftServer$Division (ServerState.java:recognizeLeader(331)) - s1@group-436914476215: Failed to recognize s0 as leader for APPEND_ENTRIES since peerTerm = 8 < currentTerm = 9
2024-10-20 10:44:23,913 [grpc-default-executor-1] WARN  server.GrpcLogAppender (GrpcLogAppender.java:onNextImpl(521)) - s0@group-436914476215->s1-AppendLogResponseHandler: received NOT_LEADER reply with term 9
2024-10-20 10:44:23,913 [s1-server-thread1] WARN  server.RaftServer$Division (ServerState.java:recognizeLeader(331)) - s1@group-436914476215: Failed to recognize s0 as leader for APPEND_ENTRIES since peerTerm = 8 < currentTerm = 9
2024-10-20 10:44:23,914 [grpc-default-executor-1] WARN  server.GrpcLogAppender (GrpcLogAppender.java:onNextImpl(521)) - s0@group-436914476215->s1-AppendLogResponseHandler: received NOT_LEADER reply with term 9
2024-10-20 10:44:23,914 [s1-server-thread1] WARN  server.RaftServer$Division (ServerState.java:recognizeLeader(331)) - s1@group-436914476215: Failed to recognize s0 as leader for APPEND_ENTRIES since peerTerm = 8 < currentTerm = 9
2024-10-20 10:44:23,914 [grpc-default-executor-1] WARN  server.GrpcLogAppender (GrpcLogAppender.java:onNextImpl(521)) - s0@group-436914476215->s1-AppendLogResponseHandler: received NOT_LEADER reply with term 9
2024-10-20 10:44:23,914 [s1-server-thread1] WARN  server.RaftServer$Division (ServerState.java:recognizeLeader(331)) - s1@group-436914476215: Failed to recognize s0 as leader for APPEND_ENTRIES since peerTerm = 8 < currentTerm = 9
2024-10-20 10:44:23,914 [s2-server-thread3] INFO  util.CodeInjectionForTesting (BlockRequestHandlingInjection.java:execute(84)) - s2: unBlock request from s0
2024-10-20 10:44:23,914 [s2-server-thread3] WARN  server.RaftServer$Division (ServerState.java:recognizeLeader(331)) - s2@group-436914476215: Failed to recognize s0 as leader for APPEND_ENTRIES since peerTerm = 8 < currentTerm = 9
2024-10-20 10:44:23,914 [grpc-default-executor-2] WARN  server.GrpcLogAppender (GrpcLogAppender.java:onNextImpl(521)) - s0@group-436914476215->s1-AppendLogResponseHandler: received NOT_LEADER reply with term 9
2024-10-20 10:44:23,915 [s2-server-thread3] WARN  server.RaftServer$Division (ServerState.java:recognizeLeader(331)) - s2@group-436914476215: Failed to recognize s0 as leader for APPEND_ENTRIES since peerTerm = 8 < currentTerm = 9
2024-10-20 10:44:23,915 [s1-server-thread1] WARN  server.RaftServer$Division (ServerState.java:recognizeLeader(331)) - s1@group-436914476215: Failed to recognize s0 as leader for APPEND_ENTRIES since peerTerm = 8 < currentTerm = 9
2024-10-20 10:44:23,915 [grpc-default-executor-1] WARN  server.GrpcLogAppender (GrpcLogAppender.java:onNextImpl(521)) - s0@group-436914476215->s2-AppendLogResponseHandler: received NOT_LEADER reply with term 9
2024-10-20 10:44:23,915 [s2-server-thread3] WARN  server.RaftServer$Division (ServerState.java:recognizeLeader(331)) - s2@group-436914476215: Failed to recognize s0 as leader for APPEND_ENTRIES since peerTerm = 8 < currentTerm = 9
2024-10-20 10:44:23,915 [s1-server-thread1] WARN  server.RaftServer$Division (ServerState.java:recognizeLeader(331)) - s1@group-436914476215: Failed to recognize s0 as leader for APPEND_ENTRIES since peerTerm = 8 < currentTerm = 9
2024-10-20 10:44:23,915 [grpc-default-executor-1] WARN  server.GrpcLogAppender (GrpcLogAppender.java:onNextImpl(521)) - s0@group-436914476215->s2-AppendLogResponseHandler: received NOT_LEADER reply with term 9
2024-10-20 10:44:23,915 [grpc-default-executor-2] WARN  server.GrpcLogAppender (GrpcLogAppender.java:onNextImpl(521)) - s0@group-436914476215->s1-AppendLogResponseHandler: received NOT_LEADER reply with term 9
2024-10-20 10:44:23,915 [s2-server-thread3] WARN  server.RaftServer$Division (ServerState.java:recognizeLeader(331)) - s2@group-436914476215: Failed to recognize s0 as leader for APPEND_ENTRIES since peerTerm = 8 < currentTerm = 9
2024-10-20 10:44:23,915 [grpc-default-executor-2] WARN  server.GrpcLogAppender (GrpcLogAppender.java:onNextImpl(521)) - s0@group-436914476215->s2-AppendLogResponseHandler: received NOT_LEADER reply with term 9
2024-10-20 10:44:23,915 [grpc-default-executor-2] WARN  server.GrpcLogAppender (GrpcLogAppender.java:onNextImpl(521)) - s0@group-436914476215->s2-AppendLogResponseHandler: received NOT_LEADER reply with term 9
2024-10-20 10:44:23,916 [grpc-default-executor-1] WARN  server.GrpcLogAppender (GrpcLogAppender.java:onNextImpl(521)) - s0@group-436914476215->s1-AppendLogResponseHandler: received NOT_LEADER reply with term 9
2024-10-20 10:44:23,916 [s1-server-thread1] WARN  server.RaftServer$Division (ServerState.java:recognizeLeader(331)) - s1@group-436914476215: Failed to recognize s0 as leader for APPEND_ENTRIES since peerTerm = 8 < currentTerm = 9
2024-10-20 10:44:23,916 [s2-server-thread3] WARN  server.RaftServer$Division (ServerState.java:recognizeLeader(331)) - s2@group-436914476215: Failed to recognize s0 as leader for APPEND_ENTRIES since peerTerm = 8 < currentTerm = 9
2024-10-20 10:44:23,916 [grpc-default-executor-1] WARN  server.GrpcLogAppender (GrpcLogAppender.java:onNextImpl(521)) - s0@group-436914476215->s1-AppendLogResponseHandler: received NOT_LEADER reply with term 9
2024-10-20 10:44:23,916 [s1-server-thread1] WARN  server.RaftServer$Division (ServerState.java:recognizeLeader(331)) - s1@group-436914476215: Failed to recognize s0 as leader for APPEND_ENTRIES since peerTerm = 8 < currentTerm = 9
2024-10-20 10:44:23,916 [s2-server-thread3] WARN  server.RaftServer$Division (ServerState.java:recognizeLeader(331)) - s2@group-436914476215: Failed to recognize s0 as leader for APPEND_ENTRIES since peerTerm = 8 < currentTerm = 9
2024-10-20 10:44:23,916 [grpc-default-executor-6] WARN  server.GrpcLogAppender (GrpcLogAppender.java:onNextImpl(521)) - s0@group-436914476215->s2-AppendLogResponseHandler: received NOT_LEADER reply with term 9
2024-10-20 10:44:23,916 [grpc-default-executor-3] INFO  server.GrpcServerProtocolService (GrpcServerProtocolService.java:onCompleted(200)) - s1: Completed APPEND_ENTRIES, lastRequest: null
2024-10-20 10:44:23,917 [grpc-default-executor-3] INFO  server.GrpcServerProtocolService (GrpcServerProtocolService.java:lambda$onCompleted$7(202)) - s1: Completed APPEND_ENTRIES, lastReply: serverReply {
  requestorId: "s0"
  replyId: "s1"
  raftGroupId {
    id: "\375\210\024\357\262\375HY\244\207Ci\024Gb\025"
  }
  callId: 15
}
term: 9
nextIndex: 17
result: NOT_LEADER
followerCommit: 16
matchIndex: 18446744073709551615
isHearbeat: true

2024-10-20 10:44:23,917 [grpc-default-executor-1] WARN  server.GrpcLogAppender (GrpcLogAppender.java:onNextImpl(521)) - s0@group-436914476215->s2-AppendLogResponseHandler: received NOT_LEADER reply with term 9
2024-10-20 10:44:23,917 [grpc-default-executor-2] WARN  server.GrpcLogAppender (GrpcLogAppender.java:onNextImpl(521)) - s0@group-436914476215->s1-AppendLogResponseHandler: received NOT_LEADER reply with term 9
2024-10-20 10:44:23,917 [s2-server-thread3] WARN  server.RaftServer$Division (ServerState.java:recognizeLeader(331)) - s2@group-436914476215: Failed to recognize s0 as leader for APPEND_ENTRIES since peerTerm = 8 < currentTerm = 9
2024-10-20 10:44:23,917 [grpc-default-executor-2] INFO  server.GrpcLogAppender (GrpcLogAppender.java:onCompleted(559)) - s0@group-436914476215->s1-AppendLogResponseHandler: follower responses appendEntries COMPLETED
2024-10-20 10:44:23,917 [grpc-default-executor-1] WARN  server.GrpcLogAppender (GrpcLogAppender.java:onNextImpl(521)) - s0@group-436914476215->s2-AppendLogResponseHandler: received NOT_LEADER reply with term 9
2024-10-20 10:44:23,917 [s2-server-thread3] WARN  server.RaftServer$Division (ServerState.java:recognizeLeader(331)) - s2@group-436914476215: Failed to recognize s0 as leader for APPEND_ENTRIES since peerTerm = 8 < currentTerm = 9
2024-10-20 10:44:23,918 [grpc-default-executor-6] WARN  server.GrpcLogAppender (GrpcLogAppender.java:onNextImpl(521)) - s0@group-436914476215->s2-AppendLogResponseHandler: received NOT_LEADER reply with term 9
2024-10-20 10:44:23,918 [s2-server-thread3] WARN  server.RaftServer$Division (ServerState.java:recognizeLeader(331)) - s2@group-436914476215: Failed to recognize s0 as leader for APPEND_ENTRIES since peerTerm = 8 < currentTerm = 9
2024-10-20 10:44:23,918 [grpc-default-executor-6] WARN  server.GrpcLogAppender (GrpcLogAppender.java:onNextImpl(521)) - s0@group-436914476215->s2-AppendLogResponseHandler: received NOT_LEADER reply with term 9
2024-10-20 10:44:23,918 [s2-server-thread3] WARN  server.RaftServer$Division (ServerState.java:recognizeLeader(331)) - s2@group-436914476215: Failed to recognize s0 as leader for APPEND_ENTRIES since peerTerm = 8 < currentTerm = 9
2024-10-20 10:44:23,918 [grpc-default-executor-2] INFO  server.GrpcServerProtocolService (GrpcServerProtocolService.java:onCompleted(200)) - s2: Completed APPEND_ENTRIES, lastRequest: null
2024-10-20 10:44:23,918 [grpc-default-executor-2] INFO  server.GrpcServerProtocolService (GrpcServerProtocolService.java:lambda$onCompleted$7(202)) - s2: Completed APPEND_ENTRIES, lastReply: serverReply {
  requestorId: "s0"
  replyId: "s2"
  raftGroupId {
    id: "\375\210\024\357\262\375HY\244\207Ci\024Gb\025"
  }
  callId: 15
}
term: 9
nextIndex: 17
result: NOT_LEADER
followerCommit: 16
matchIndex: 18446744073709551615
isHearbeat: true

2024-10-20 10:44:23,919 [grpc-default-executor-2] WARN  server.GrpcLogAppender (GrpcLogAppender.java:onNextImpl(521)) - s0@group-436914476215->s2-AppendLogResponseHandler: received NOT_LEADER reply with term 9
2024-10-20 10:44:23,919 [grpc-default-executor-2] INFO  server.GrpcLogAppender (GrpcLogAppender.java:onCompleted(559)) - s0@group-436914476215->s2-AppendLogResponseHandler: follower responses appendEntries COMPLETED
2024-10-20 10:44:23,957 [main] INFO  server.RaftServerConfigKeys (ConfUtils.java:logGet(46)) - raft.server.rpc.timeout.max = 300ms (default)
2024-10-20 10:44:23,957 [main] INFO  ratis.RaftTestUtil (RaftTestUtil.java:waitForLeader(107)) - printing ALL groups
  s0:  RUNNING  FOLLOWER s0@group-436914476215:t9, leader=s1, voted=s1, raftlog=Memoized:s0@group-436914476215-SegmentedRaftLog:OPENED:c16:last(t:9, i:16), conf=conf: {index: 15, cur=peers:[s0|localhost:15252, s1|localhost:15256, s2|localhost:15260]|listeners:[], old=null} RUNNING
  s1:  RUNNING    LEADER s1@group-436914476215:t9, leader=s1, voted=s1, raftlog=Memoized:s1@group-436914476215-SegmentedRaftLog:OPENED:c16:last(t:9, i:16), conf=conf: {index: 15, cur=peers:[s0|localhost:15252, s1|localhost:15256, s2|localhost:15260]|listeners:[], old=null} RUNNING
  s2:  RUNNING  FOLLOWER s2@group-436914476215:t9, leader=s1, voted=s1, raftlog=Memoized:s2@group-436914476215-SegmentedRaftLog:OPENED:c16:last(t:9, i:16), conf=conf: {index: 15, cur=peers:[s0|localhost:15252, s1|localhost:15256, s2|localhost:15260]|listeners:[], old=null} RUNNING
2024-10-20 10:44:23,957 [main] INFO  ratis.RaftTestUtil (RaftTestUtil.java:waitForLeader(131)) - printing ALL groups
  s0:  RUNNING  FOLLOWER s0@group-436914476215:t9, leader=s1, voted=s1, raftlog=Memoized:s0@group-436914476215-SegmentedRaftLog:OPENED:c16:last(t:9, i:16), conf=conf: {index: 15, cur=peers:[s0|localhost:15252, s1|localhost:15256, s2|localhost:15260]|listeners:[], old=null} RUNNING
  s1:  RUNNING    LEADER s1@group-436914476215:t9, leader=s1, voted=s1, raftlog=Memoized:s1@group-436914476215-SegmentedRaftLog:OPENED:c16:last(t:9, i:16), conf=conf: {index: 15, cur=peers:[s0|localhost:15252, s1|localhost:15256, s2|localhost:15260]|listeners:[], old=null} RUNNING
  s2:  RUNNING  FOLLOWER s2@group-436914476215:t9, leader=s1, voted=s1, raftlog=Memoized:s2@group-436914476215-SegmentedRaftLog:OPENED:c16:last(t:9, i:16), conf=conf: {index: 15, cur=peers:[s0|localhost:15252, s1|localhost:15256, s2|localhost:15260]|listeners:[], old=null} RUNNING
2024-10-20 10:44:23,958 [main] WARN  ratis.RaftTestUtil (JavaUtils.java:attempt(231)) - FAILED "runTestChangeLeader-changeLeader", attempt #2/20, sleep 100ms and then retry: java.lang.IllegalStateException: Failed to change leader: newLeader == oldLeader == s1
2024-10-20 10:44:24,058 [main] INFO  server.RaftServerConfigKeys (ConfUtils.java:logGet(46)) - raft.server.rpc.timeout.max = 300ms (default)
2024-10-20 10:44:24,058 [main] INFO  ratis.RaftTestUtil (RaftTestUtil.java:waitForLeader(107)) - printing ALL groups
  s0:  RUNNING  FOLLOWER s0@group-436914476215:t9, leader=s1, voted=s1, raftlog=Memoized:s0@group-436914476215-SegmentedRaftLog:OPENED:c16:last(t:9, i:16), conf=conf: {index: 15, cur=peers:[s0|localhost:15252, s1|localhost:15256, s2|localhost:15260]|listeners:[], old=null} RUNNING
  s1:  RUNNING    LEADER s1@group-436914476215:t9, leader=s1, voted=s1, raftlog=Memoized:s1@group-436914476215-SegmentedRaftLog:OPENED:c16:last(t:9, i:16), conf=conf: {index: 15, cur=peers:[s0|localhost:15252, s1|localhost:15256, s2|localhost:15260]|listeners:[], old=null} RUNNING
  s2:  RUNNING  FOLLOWER s2@group-436914476215:t9, leader=s1, voted=s1, raftlog=Memoized:s2@group-436914476215-SegmentedRaftLog:OPENED:c16:last(t:9, i:16), conf=conf: {index: 15, cur=peers:[s0|localhost:15252, s1|localhost:15256, s2|localhost:15260]|listeners:[], old=null} RUNNING
2024-10-20 10:44:24,058 [main] INFO  ratis.RaftTestUtil (RaftTestUtil.java:waitForLeader(131)) - printing ALL groups
  s0:  RUNNING  FOLLOWER s0@group-436914476215:t9, leader=s1, voted=s1, raftlog=Memoized:s0@group-436914476215-SegmentedRaftLog:OPENED:c16:last(t:9, i:16), conf=conf: {index: 15, cur=peers:[s0|localhost:15252, s1|localhost:15256, s2|localhost:15260]|listeners:[], old=null} RUNNING
  s1:  RUNNING    LEADER s1@group-436914476215:t9, leader=s1, voted=s1, raftlog=Memoized:s1@group-436914476215-SegmentedRaftLog:OPENED:c16:last(t:9, i:16), conf=conf: {index: 15, cur=peers:[s0|localhost:15252, s1|localhost:15256, s2|localhost:15260]|listeners:[], old=null} RUNNING
  s2:  RUNNING  FOLLOWER s2@group-436914476215:t9, leader=s1, voted=s1, raftlog=Memoized:s2@group-436914476215-SegmentedRaftLog:OPENED:c16:last(t:9, i:16), conf=conf: {index: 15, cur=peers:[s0|localhost:15252, s1|localhost:15256, s2|localhost:15260]|listeners:[], old=null} RUNNING
2024-10-20 10:44:24,058 [main] WARN  ratis.RaftTestUtil (JavaUtils.java:attempt(231)) - FAILED "runTestChangeLeader-changeLeader", attempt #3/20, sleep 100ms and then retry: java.lang.IllegalStateException: Failed to change leader: newLeader == oldLeader == s1
2024-10-20 10:44:24,120 [s0@group-436914476215-FollowerState] INFO  impl.FollowerState (FollowerState.java:runImpl(161)) - s0@group-436914476215-FollowerState: change to CANDIDATE, lastRpcElapsedTime:319798069ns, electionTimeout:265ms
2024-10-20 10:44:24,120 [s0@group-436914476215-FollowerState] INFO  impl.RoleInfo (RoleInfo.java:shutdownFollowerState(121)) - s0: shutdown s0@group-436914476215-FollowerState
2024-10-20 10:44:24,120 [s0@group-436914476215-FollowerState] INFO  server.RaftServer$Division (RaftServerImpl.java:setRole(380)) - s0@group-436914476215: changes role from  FOLLOWER to CANDIDATE at term 9 for changeToCandidate
2024-10-20 10:44:24,120 [s0@group-436914476215-FollowerState] INFO  server.RaftServerConfigKeys (ConfUtils.java:logGet(46)) - raft.server.leaderelection.pre-vote = true (default)
2024-10-20 10:44:24,120 [s0@group-436914476215-FollowerState] INFO  impl.RoleInfo (RoleInfo.java:updateAndGet(148)) - s0: start s0@group-436914476215-LeaderElection79
2024-10-20 10:44:24,120 [s0@group-436914476215-LeaderElection79] INFO  server.RaftServer$Division (ServerState.java:setLeader(272)) - s0@group-436914476215: change Leader from s1 to null at term 9 for PRE_VOTE
2024-10-20 10:44:24,120 [s0@group-436914476215-LeaderElection79] INFO  impl.LeaderElection (LeaderElection.java:askForVotes(333)) - s0@group-436914476215-LeaderElection79 PRE_VOTE round 0: submit vote requests at term 9 for conf: {index: 15, cur=peers:[s0|localhost:15252, s1|localhost:15256, s2|localhost:15260]|listeners:[], old=null}
2024-10-20 10:44:24,121 [grpc-default-executor-2] INFO  server.RaftServer$Division (RaftServerImpl.java:requestVote(1447)) - s1@group-436914476215: receive requestVote(PRE_VOTE, s0, group-436914476215, 9, (t:9, i:16))
2024-10-20 10:44:24,121 [grpc-default-executor-6] INFO  server.RaftServer$Division (RaftServerImpl.java:requestVote(1447)) - s2@group-436914476215: receive requestVote(PRE_VOTE, s0, group-436914476215, 9, (t:9, i:16))
2024-10-20 10:44:24,122 [grpc-default-executor-2] WARN  server.RaftServer$Division (LeaderStateImpl.java:checkLeadership(1117)) - s1@group-436914476215-LeaderStateImpl: Lost leadership on term: 9. Election timeout: 300ms. In charge for: 734ms. Conf: conf: {index: 15, cur=peers:[s0|localhost:15252, s1|localhost:15256, s2|localhost:15260]|listeners:[], old=null}
2024-10-20 10:44:24,122 [grpc-default-executor-2] WARN  server.RaftServer$Division (LeaderStateImpl.java:lambda$checkLeadership$20(1121)) - Follower s1@group-436914476215->s0(c16,m16,n17, caughtUp=true, lastRpcSendTime=18, lastRpcResponseTime=321)
2024-10-20 10:44:24,122 [grpc-default-executor-2] WARN  server.RaftServer$Division (LeaderStateImpl.java:lambda$checkLeadership$20(1121)) - Follower s1@group-436914476215->s2(c16,m16,n17, caughtUp=true, lastRpcSendTime=19, lastRpcResponseTime=321)
2024-10-20 10:44:24,122 [grpc-default-executor-2] INFO  server.RaftServer$Division (RaftServerImpl.java:setRole(380)) - s1@group-436914476215: changes role from    LEADER to FOLLOWER at term 9 for StepDownReason:LOST_MAJORITY_HEARTBEATS
2024-10-20 10:44:24,122 [grpc-default-executor-2] INFO  impl.RoleInfo (RoleInfo.java:shutdownLeaderState(103)) - s1: shutdown s1@group-436914476215-LeaderStateImpl
2024-10-20 10:44:24,122 [grpc-default-executor-6] INFO  impl.VoteContext (VoteContext.java:log(49)) - s2@group-436914476215-FOLLOWER: accept PRE_VOTE from s0: our priority 0 <= candidate's priority 0
2024-10-20 10:44:24,122 [grpc-default-executor-6] INFO  server.RaftServer$Division (RaftServerImpl.java:requestVote(1480)) - s2@group-436914476215 replies to PRE_VOTE vote request: s0<-s2#0:OK-t9. Peer's state: s2@group-436914476215:t9, leader=s1, voted=s1, raftlog=Memoized:s2@group-436914476215-SegmentedRaftLog:OPENED:c16:last(t:9, i:16), conf=conf: {index: 15, cur=peers:[s0|localhost:15252, s1|localhost:15256, s2|localhost:15260]|listeners:[], old=null}
2024-10-20 10:44:24,122 [grpc-default-executor-2] INFO  impl.PendingRequests (PendingRequests.java:sendNotLeaderResponses(287)) - s1@group-436914476215-PendingRequests: sendNotLeaderResponses
2024-10-20 10:44:24,123 [grpc-default-executor-2] INFO  server.RaftServer$Division (ServerState.java:setLeader(272)) - s1@group-436914476215: change Leader from s1 to null at term 9 for StepDownReason:LOST_MAJORITY_HEARTBEATS
2024-10-20 10:44:24,123 [grpc-default-executor-2] INFO  impl.RoleInfo (RoleInfo.java:updateAndGet(148)) - s1: start s1@group-436914476215-FollowerState
2024-10-20 10:44:24,123 [s1@group-436914476215->s0-GrpcLogAppender-LogAppenderDaemon] WARN  server.GrpcLogAppender (GrpcLogAppender.java:mayWait(293)) - s1@group-436914476215->s0-GrpcLogAppender: Wait interrupted by java.lang.InterruptedException
2024-10-20 10:44:24,123 [s1@group-436914476215->s2-GrpcLogAppender-LogAppenderDaemon] WARN  server.GrpcLogAppender (GrpcLogAppender.java:mayWait(293)) - s1@group-436914476215->s2-GrpcLogAppender: Wait interrupted by java.lang.InterruptedException
2024-10-20 10:44:24,123 [grpc-default-executor-2] INFO  impl.VoteContext (VoteContext.java:log(49)) - s1@group-436914476215-FOLLOWER: accept PRE_VOTE from s0: our priority 0 <= candidate's priority 0
2024-10-20 10:44:24,123 [grpc-default-executor-2] INFO  server.RaftServer$Division (RaftServerImpl.java:requestVote(1480)) - s1@group-436914476215 replies to PRE_VOTE vote request: s0<-s1#0:OK-t9. Peer's state: s1@group-436914476215:t9, leader=null, voted=s1, raftlog=Memoized:s1@group-436914476215-SegmentedRaftLog:OPENED:c16:last(t:9, i:16), conf=conf: {index: 15, cur=peers:[s0|localhost:15252, s1|localhost:15256, s2|localhost:15260]|listeners:[], old=null}
2024-10-20 10:44:24,126 [s0@group-436914476215-LeaderElection79] INFO  impl.LeaderElection (LeaderElection.java:logAndReturn(90)) - s0@group-436914476215-LeaderElection79: PRE_VOTE PASSED received 1 response(s) and 0 exception(s):
2024-10-20 10:44:24,126 [s0@group-436914476215-LeaderElection79] INFO  impl.LeaderElection (LeaderElection.java:logAndReturn(94)) -   Response 0: s0<-s2#0:OK-t9
2024-10-20 10:44:24,127 [s0@group-436914476215-LeaderElection79] INFO  impl.LeaderElection (LeaderElection.java:askForVotes(335)) - s0@group-436914476215-LeaderElection79 PRE_VOTE round 0: result PASSED
2024-10-20 10:44:24,126 [grpc-default-executor-2] INFO  server.GrpcServerProtocolService (GrpcServerProtocolService.java:onCompleted(200)) - s0: Completed APPEND_ENTRIES, lastRequest: s1->s0#2-t9,previous=(t:9, i:15),leaderCommit=15,initializing? false,entries: size=1, first=(t:9, i:16), METADATAENTRY(c:15)
2024-10-20 10:44:24,127 [grpc-default-executor-2] INFO  server.GrpcServerProtocolService (GrpcServerProtocolService.java:lambda$onCompleted$7(202)) - s0: Completed APPEND_ENTRIES, lastReply: null
2024-10-20 10:44:24,127 [s0@group-436914476215-LeaderElection79] TRACE util.FileUtils (LogUtils.java:supplyAndLog(69)) - Successfully supplied FileChannel.open /home/runner/work/ratis/ratis/ratis-test/target/test/data/d69430f5/MiniRaftClusterWithGrpc6b9d6d2d/s0/fd8814ef-b2fd-4859-a487-436914476215/current/raft-meta.tmp with options [CREATE, WRITE]: sun.nio.ch.FileChannelImpl@5c61b112
2024-10-20 10:44:24,127 [grpc-default-executor-6] INFO  server.GrpcServerProtocolService (GrpcServerProtocolService.java:onCompleted(200)) - s2: Completed APPEND_ENTRIES, lastRequest: s1->s2#2-t9,previous=(t:9, i:15),leaderCommit=16,initializing? false,entries: size=1, first=(t:9, i:16), METADATAENTRY(c:15)
2024-10-20 10:44:24,128 [grpc-default-executor-6] INFO  server.GrpcServerProtocolService (GrpcServerProtocolService.java:lambda$onCompleted$7(202)) - s2: Completed APPEND_ENTRIES, lastReply: null
2024-10-20 10:44:24,128 [grpc-default-executor-6] INFO  server.GrpcLogAppender (GrpcLogAppender.java:onCompleted(559)) - s1@group-436914476215->s0-AppendLogResponseHandler: follower responses appendEntries COMPLETED
2024-10-20 10:44:24,128 [grpc-default-executor-2] INFO  server.GrpcLogAppender (GrpcLogAppender.java:onCompleted(559)) - s1@group-436914476215->s2-AppendLogResponseHandler: follower responses appendEntries COMPLETED
2024-10-20 10:44:24,129 [s0@group-436914476215-LeaderElection79] TRACE util.FileUtils (LogUtils.java:runAndLog(49)) - Successfully ran Atomic Files.move /home/runner/work/ratis/ratis/ratis-test/target/test/data/d69430f5/MiniRaftClusterWithGrpc6b9d6d2d/s0/fd8814ef-b2fd-4859-a487-436914476215/current/raft-meta.tmp to /home/runner/work/ratis/ratis/ratis-test/target/test/data/d69430f5/MiniRaftClusterWithGrpc6b9d6d2d/s0/fd8814ef-b2fd-4859-a487-436914476215/current/raft-meta with options [REPLACE_EXISTING]
2024-10-20 10:44:24,129 [s0@group-436914476215-LeaderElection79] INFO  impl.LeaderElection (LeaderElection.java:askForVotes(333)) - s0@group-436914476215-LeaderElection79 ELECTION round 0: submit vote requests at term 10 for conf: {index: 15, cur=peers:[s0|localhost:15252, s1|localhost:15256, s2|localhost:15260]|listeners:[], old=null}
2024-10-20 10:44:24,130 [grpc-default-executor-6] INFO  server.RaftServer$Division (RaftServerImpl.java:requestVote(1447)) - s2@group-436914476215: receive requestVote(ELECTION, s0, group-436914476215, 10, (t:9, i:16))
2024-10-20 10:44:24,130 [grpc-default-executor-2] INFO  server.RaftServer$Division (RaftServerImpl.java:requestVote(1447)) - s1@group-436914476215: receive requestVote(ELECTION, s0, group-436914476215, 10, (t:9, i:16))
2024-10-20 10:44:24,130 [grpc-default-executor-2] INFO  impl.VoteContext (VoteContext.java:log(49)) - s1@group-436914476215-FOLLOWER: accept ELECTION from s0: our priority 0 <= candidate's priority 0
2024-10-20 10:44:24,130 [grpc-default-executor-2] INFO  server.RaftServer$Division (RaftServerImpl.java:setRole(380)) - s1@group-436914476215: changes role from  FOLLOWER to FOLLOWER at term 9 for candidate:s0
2024-10-20 10:44:24,130 [grpc-default-executor-2] INFO  impl.RoleInfo (RoleInfo.java:shutdownFollowerState(121)) - s1: shutdown s1@group-436914476215-FollowerState
2024-10-20 10:44:24,130 [grpc-default-executor-2] INFO  impl.RoleInfo (RoleInfo.java:updateAndGet(148)) - s1: start s1@group-436914476215-FollowerState
2024-10-20 10:44:24,130 [grpc-default-executor-6] INFO  impl.VoteContext (VoteContext.java:log(49)) - s2@group-436914476215-FOLLOWER: accept ELECTION from s0: our priority 0 <= candidate's priority 0
2024-10-20 10:44:24,130 [grpc-default-executor-6] INFO  server.RaftServer$Division (RaftServerImpl.java:setRole(380)) - s2@group-436914476215: changes role from  FOLLOWER to FOLLOWER at term 9 for candidate:s0
2024-10-20 10:44:24,131 [grpc-default-executor-6] INFO  impl.RoleInfo (RoleInfo.java:shutdownFollowerState(121)) - s2: shutdown s2@group-436914476215-FollowerState
2024-10-20 10:44:24,131 [grpc-default-executor-6] INFO  server.RaftServer$Division (ServerState.java:setLeader(272)) - s2@group-436914476215: change Leader from s1 to null at term 10 for updateCurrentTerm
2024-10-20 10:44:24,131 [grpc-default-executor-6] INFO  impl.RoleInfo (RoleInfo.java:updateAndGet(148)) - s2: start s2@group-436914476215-FollowerState
2024-10-20 10:44:24,131 [s1@group-436914476215-FollowerState] INFO  impl.FollowerState (FollowerState.java:runImpl(170)) - s1@group-436914476215-FollowerState was interrupted
2024-10-20 10:44:24,131 [grpc-default-executor-2] TRACE util.FileUtils (LogUtils.java:supplyAndLog(69)) - Successfully supplied FileChannel.open /home/runner/work/ratis/ratis/ratis-test/target/test/data/d69430f5/MiniRaftClusterWithGrpc6b9d6d2d/s1/fd8814ef-b2fd-4859-a487-436914476215/current/raft-meta.tmp with options [CREATE, WRITE]: sun.nio.ch.FileChannelImpl@2ff72724
2024-10-20 10:44:24,133 [grpc-default-executor-2] TRACE util.FileUtils (LogUtils.java:runAndLog(49)) - Successfully ran Atomic Files.move /home/runner/work/ratis/ratis/ratis-test/target/test/data/d69430f5/MiniRaftClusterWithGrpc6b9d6d2d/s1/fd8814ef-b2fd-4859-a487-436914476215/current/raft-meta.tmp to /home/runner/work/ratis/ratis/ratis-test/target/test/data/d69430f5/MiniRaftClusterWithGrpc6b9d6d2d/s1/fd8814ef-b2fd-4859-a487-436914476215/current/raft-meta with options [REPLACE_EXISTING]
2024-10-20 10:44:24,133 [grpc-default-executor-2] INFO  server.RaftServer$Division (RaftServerImpl.java:requestVote(1480)) - s1@group-436914476215 replies to ELECTION vote request: s0<-s1#0:OK-t10. Peer's state: s1@group-436914476215:t10, leader=null, voted=s0, raftlog=Memoized:s1@group-436914476215-SegmentedRaftLog:OPENED:c16:last(t:9, i:16), conf=conf: {index: 15, cur=peers:[s0|localhost:15252, s1|localhost:15256, s2|localhost:15260]|listeners:[], old=null}
2024-10-20 10:44:24,133 [s0@group-436914476215-LeaderElection79] INFO  impl.LeaderElection (LeaderElection.java:logAndReturn(90)) - s0@group-436914476215-LeaderElection79: ELECTION PASSED received 1 response(s) and 0 exception(s):
2024-10-20 10:44:24,133 [s0@group-436914476215-LeaderElection79] INFO  impl.LeaderElection (LeaderElection.java:logAndReturn(94)) -   Response 0: s0<-s1#0:OK-t10
2024-10-20 10:44:24,133 [s0@group-436914476215-LeaderElection79] INFO  impl.LeaderElection (LeaderElection.java:askForVotes(335)) - s0@group-436914476215-LeaderElection79 ELECTION round 0: result PASSED
2024-10-20 10:44:24,133 [s0@group-436914476215-LeaderElection79] INFO  impl.RoleInfo (RoleInfo.java:shutdownLeaderElection(141)) - s0: shutdown s0@group-436914476215-LeaderElection79
2024-10-20 10:44:24,133 [s0@group-436914476215-LeaderElection79] INFO  server.RaftServer$Division (RaftServerImpl.java:setRole(380)) - s0@group-436914476215: changes role from CANDIDATE to LEADER at term 10 for changeToLeader
2024-10-20 10:44:24,133 [s0@group-436914476215-LeaderElection79] INFO  server.RaftServerConfigKeys (ConfUtils.java:logGet(46)) - raft.server.staging.catchup.gap = 1000 (default)
2024-10-20 10:44:24,134 [s0@group-436914476215-LeaderElection79] INFO  server.RaftServerConfigKeys (ConfUtils.java:logGet(46)) - raft.server.write.element-limit = 4096 (default)
2024-10-20 10:44:24,134 [s0@group-436914476215-LeaderElection79] INFO  server.RaftServerConfigKeys (ConfUtils.java:logGet(46)) - raft.server.write.byte-limit = 64MB (=67108864) (default)
2024-10-20 10:44:24,134 [s0@group-436914476215-LeaderElection79] INFO  server.RaftServerConfigKeys (ConfUtils.java:logGet(46)) - raft.server.watch.timeout = 10s (default)
2024-10-20 10:44:24,134 [s0@group-436914476215-LeaderElection79] INFO  server.RaftServerConfigKeys (ConfUtils.java:logGet(46)) - raft.server.watch.timeout.denomination = 1s (default)
2024-10-20 10:44:24,134 [s0@group-436914476215-LeaderElection79] INFO  server.RaftServerConfigKeys (ConfUtils.java:logGet(46)) - raft.server.watch.element-limit = 65536 (default)
2024-10-20 10:44:24,134 [s0@group-436914476215-LeaderElection79] INFO  server.RaftServerConfigKeys (ConfUtils.java:logGet(46)) - raft.server.read.leader.lease.enabled = true (custom)
2024-10-20 10:44:24,134 [s0@group-436914476215-LeaderElection79] INFO  server.RaftServerConfigKeys (ConfUtils.java:logGet(46)) - raft.server.read.leader.lease.timeout.ratio = 0.5 (custom)
2024-10-20 10:44:24,134 [s0@group-436914476215-LeaderElection79] INFO  server.RaftServerConfigKeys (ConfUtils.java:logGet(46)) - raft.server.rpc.timeout.min = 150ms (default)
2024-10-20 10:44:24,134 [s0@group-436914476215-LeaderElection79] INFO  server.RaftServerConfigKeys (ConfUtils.java:logGet(46)) - raft.server.log.log-metadata.enabled = true (default)
2024-10-20 10:44:24,134 [s0@group-436914476215-LeaderElection79] INFO  server.RaftServerConfigKeys (ConfUtils.java:logGet(46)) - raft.server.write.element-limit = 4096 (default)
2024-10-20 10:44:24,134 [s0@group-436914476215-LeaderElection79] INFO  server.RaftServerConfigKeys (ConfUtils.java:logGet(46)) - raft.server.write.follower.gap.ratio.max = -1.0 (default)
2024-10-20 10:44:24,134 [s0@group-436914476215-LeaderElection79] INFO  server.RaftServerConfigKeys (ConfUtils.java:logGet(46)) - raft.server.log.appender.snapshot.chunk.size.max = 16MB (=16777216) (default)
2024-10-20 10:44:24,134 [s0@group-436914476215-LeaderElection79] INFO  server.RaftServerConfigKeys (ConfUtils.java:logGet(46)) - raft.server.log.appender.buffer.byte-limit = 4MB (=4194304) (default)
2024-10-20 10:44:24,134 [s0@group-436914476215-LeaderElection79] INFO  server.RaftServerConfigKeys (ConfUtils.java:logGet(46)) - raft.server.log.appender.buffer.element-limit = 0 (default)
2024-10-20 10:44:24,134 [s0@group-436914476215-LeaderElection79] INFO  server.RaftServerConfigKeys (ConfUtils.java:logGet(46)) - raft.server.log.appender.wait-time.min = 1ms (default)
2024-10-20 10:44:24,135 [s0@group-436914476215-LeaderElection79] INFO  grpc.GrpcConfigKeys (ConfUtils.java:logGet(46)) - raft.grpc.server.leader.outstanding.appends.max = 8 (default)
2024-10-20 10:44:24,135 [s0@group-436914476215-LeaderElection79] INFO  server.RaftServerConfigKeys (ConfUtils.java:logGet(46)) - raft.server.rpc.request.timeout = 3000ms (default)
2024-10-20 10:44:24,135 [s0@group-436914476215-LeaderElection79] INFO  grpc.GrpcConfigKeys (ConfUtils.java:logGet(46)) - raft.grpc.server.install_snapshot.request.element-limit = 8 (default)
2024-10-20 10:44:24,135 [s0@group-436914476215-LeaderElection79] INFO  grpc.GrpcConfigKeys (ConfUtils.java:logGet(46)) - raft.grpc.server.install_snapshot.request.timeout = 3000ms (default)
2024-10-20 10:44:24,135 [s0@group-436914476215-LeaderElection79] INFO  grpc.GrpcConfigKeys (ConfUtils.java:logGet(46)) - raft.grpc.server.log-message.batch.duration = 5s (default)
2024-10-20 10:44:24,135 [s0@group-436914476215-LeaderElection79] INFO  server.RaftServerConfigKeys (ConfUtils.java:logGet(46)) - raft.server.log.appender.install.snapshot.enabled = true (default)
2024-10-20 10:44:24,135 [s0@group-436914476215-LeaderElection79] INFO  grpc.GrpcConfigKeys (ConfUtils.java:logGet(46)) - raft.grpc.server.heartbeat.channel = true (default)
2024-10-20 10:44:24,135 [s0@group-436914476215-LeaderElection79] INFO  server.RaftServerConfigKeys (ConfUtils.java:logGet(46)) - raft.server.log.appender.snapshot.chunk.size.max = 16MB (=16777216) (default)
2024-10-20 10:44:24,135 [s0@group-436914476215-LeaderElection79] INFO  server.RaftServerConfigKeys (ConfUtils.java:logGet(46)) - raft.server.log.appender.buffer.byte-limit = 4MB (=4194304) (default)
2024-10-20 10:44:24,135 [s0@group-436914476215-LeaderElection79] INFO  server.RaftServerConfigKeys (ConfUtils.java:logGet(46)) - raft.server.log.appender.buffer.element-limit = 0 (default)
2024-10-20 10:44:24,135 [s0@group-436914476215-LeaderElection79] INFO  server.RaftServerConfigKeys (ConfUtils.java:logGet(46)) - raft.server.log.appender.wait-time.min = 1ms (default)
2024-10-20 10:44:24,135 [s0@group-436914476215-LeaderElection79] INFO  grpc.GrpcConfigKeys (ConfUtils.java:logGet(46)) - raft.grpc.server.leader.outstanding.appends.max = 8 (default)
2024-10-20 10:44:24,135 [s0@group-436914476215-LeaderElection79] INFO  server.RaftServerConfigKeys (ConfUtils.java:logGet(46)) - raft.server.rpc.request.timeout = 3000ms (default)
2024-10-20 10:44:24,135 [s0@group-436914476215-LeaderElection79] INFO  grpc.GrpcConfigKeys (ConfUtils.java:logGet(46)) - raft.grpc.server.install_snapshot.request.element-limit = 8 (default)
2024-10-20 10:44:24,135 [s0@group-436914476215-LeaderElection79] INFO  grpc.GrpcConfigKeys (ConfUtils.java:logGet(46)) - raft.grpc.server.install_snapshot.request.timeout = 3000ms (default)
2024-10-20 10:44:24,135 [s0@group-436914476215-LeaderElection79] INFO  grpc.GrpcConfigKeys (ConfUtils.java:logGet(46)) - raft.grpc.server.log-message.batch.duration = 5s (default)
2024-10-20 10:44:24,136 [s0@group-436914476215-LeaderElection79] INFO  server.RaftServerConfigKeys (ConfUtils.java:logGet(46)) - raft.server.log.appender.install.snapshot.enabled = true (default)
2024-10-20 10:44:24,136 [s0@group-436914476215-LeaderElection79] INFO  grpc.GrpcConfigKeys (ConfUtils.java:logGet(46)) - raft.grpc.server.heartbeat.channel = true (default)
2024-10-20 10:44:24,136 [s0@group-436914476215-LeaderElection79] INFO  impl.RoleInfo (RoleInfo.java:updateAndGet(148)) - s0: start s0@group-436914476215-LeaderStateImpl
2024-10-20 10:44:24,136 [s0@group-436914476215-LeaderElection79] INFO  server.RaftServer$Division (ServerState.java:setLeader(272)) - s0@group-436914476215: change Leader from null to s0 at term 10 for becomeLeader, leader elected after 15ms
2024-10-20 10:44:24,136 [s0@group-436914476215-LeaderElection79] INFO  segmented.SegmentedRaftLogWorker (SegmentedRaftLogWorker.java:rollLogSegment(447)) - s0@group-436914476215-SegmentedRaftLogWorker: Rolling segment log-15_16 to index:16
2024-10-20 10:44:24,136 [s0@group-436914476215-LeaderElection79] INFO  server.RaftServer$Division (ServerState.java:setRaftConf(386)) - s0@group-436914476215: set configuration conf: {index: 17, cur=peers:[s0|localhost:15252, s1|localhost:15256, s2|localhost:15260]|listeners:[], old=null}
2024-10-20 10:44:24,137 [s0@group-436914476215-SegmentedRaftLogWorker] TRACE util.FileUtils (LogUtils.java:runAndLog(49)) - Successfully ran Atomic Files.move /home/runner/work/ratis/ratis/ratis-test/target/test/data/d69430f5/MiniRaftClusterWithGrpc6b9d6d2d/s0/fd8814ef-b2fd-4859-a487-436914476215/current/log_inprogress_15 to /home/runner/work/ratis/ratis/ratis-test/target/test/data/d69430f5/MiniRaftClusterWithGrpc6b9d6d2d/s0/fd8814ef-b2fd-4859-a487-436914476215/current/log_15-16
2024-10-20 10:44:24,137 [s0@group-436914476215-SegmentedRaftLogWorker] INFO  segmented.SegmentedRaftLogWorker (SegmentedRaftLogWorker.java:execute(620)) - s0@group-436914476215-SegmentedRaftLogWorker: Rolled log segment from /home/runner/work/ratis/ratis/ratis-test/target/test/data/d69430f5/MiniRaftClusterWithGrpc6b9d6d2d/s0/fd8814ef-b2fd-4859-a487-436914476215/current/log_inprogress_15 to /home/runner/work/ratis/ratis/ratis-test/target/test/data/d69430f5/MiniRaftClusterWithGrpc6b9d6d2d/s0/fd8814ef-b2fd-4859-a487-436914476215/current/log_15-16
2024-10-20 10:44:24,137 [s0@group-436914476215-SegmentedRaftLogWorker] INFO  segmented.BufferedWriteChannel (BufferedWriteChannel.java:open(61)) - open log_inprogress_17 at position 0
2024-10-20 10:44:24,140 [s1-server-thread1] INFO  server.RaftServer$Division (ServerState.java:setLeader(272)) - s1@group-436914476215: change Leader from null to s0 at term 10 for appendEntries, leader elected after 17ms
2024-10-20 10:44:24,140 [s2-server-thread3] DEBUG server.RaftServer$Division (RaftServerImpl.java:logAppendEntries(1549)) - s2@group-436914476215: appendEntries* s0->s2#1-t10,previous=(t:9, i:16),leaderCommit=16,initializing? false,entries: size=1, first=(t:10, i:17), CONFIGURATIONENTRY(current:id:"s0"address:"localhost:15252"dataStreamAddress:"localhost:15255"clientAddress:"localhost:15254"adminAddress:"localhost:15253"startupRole:FOLLOWER, id:"s1"address:"localhost:15256"dataStreamAddress:"localhost:15259"clientAddress:"localhost:15258"adminAddress:"localhost:15257"startupRole:FOLLOWER, id:"s2"address:"localhost:15260"dataStreamAddress:"localhost:15263"clientAddress:"localhost:15262"adminAddress:"localhost:15261"startupRole:FOLLOWER, old:)
2024-10-20 10:44:24,141 [s1-server-thread2] DEBUG server.RaftServer$Division (RaftServerImpl.java:logAppendEntries(1549)) - s1@group-436914476215: appendEntries* s0->s1#1-t10,previous=(t:9, i:16),leaderCommit=16,initializing? false,entries: size=1, first=(t:10, i:17), CONFIGURATIONENTRY(current:id:"s0"address:"localhost:15252"dataStreamAddress:"localhost:15255"clientAddress:"localhost:15254"adminAddress:"localhost:15253"startupRole:FOLLOWER, id:"s1"address:"localhost:15256"dataStreamAddress:"localhost:15259"clientAddress:"localhost:15258"adminAddress:"localhost:15257"startupRole:FOLLOWER, id:"s2"address:"localhost:15260"dataStreamAddress:"localhost:15263"clientAddress:"localhost:15262"adminAddress:"localhost:15261"startupRole:FOLLOWER, old:)
2024-10-20 10:44:24,142 [s1-server-thread2] INFO  server.RaftServer$Division (ServerState.java:setRaftConf(386)) - s1@group-436914476215: set configuration conf: {index: 17, cur=peers:[s0|localhost:15252, s1|localhost:15256, s2|localhost:15260]|listeners:[], old=null}
2024-10-20 10:44:24,142 [s1-server-thread2] INFO  segmented.SegmentedRaftLogWorker (SegmentedRaftLogWorker.java:rollLogSegment(447)) - s1@group-436914476215-SegmentedRaftLogWorker: Rolling segment log-15_16 to index:16
2024-10-20 10:44:24,143 [s1@group-436914476215-SegmentedRaftLogWorker] TRACE util.FileUtils (LogUtils.java:runAndLog(49)) - Successfully ran Atomic Files.move /home/runner/work/ratis/ratis/ratis-test/target/test/data/d69430f5/MiniRaftClusterWithGrpc6b9d6d2d/s1/fd8814ef-b2fd-4859-a487-436914476215/current/log_inprogress_15 to /home/runner/work/ratis/ratis/ratis-test/target/test/data/d69430f5/MiniRaftClusterWithGrpc6b9d6d2d/s1/fd8814ef-b2fd-4859-a487-436914476215/current/log_15-16
2024-10-20 10:44:24,143 [s1@group-436914476215-SegmentedRaftLogWorker] INFO  segmented.SegmentedRaftLogWorker (SegmentedRaftLogWorker.java:execute(620)) - s1@group-436914476215-SegmentedRaftLogWorker: Rolled log segment from /home/runner/work/ratis/ratis/ratis-test/target/test/data/d69430f5/MiniRaftClusterWithGrpc6b9d6d2d/s1/fd8814ef-b2fd-4859-a487-436914476215/current/log_inprogress_15 to /home/runner/work/ratis/ratis/ratis-test/target/test/data/d69430f5/MiniRaftClusterWithGrpc6b9d6d2d/s1/fd8814ef-b2fd-4859-a487-436914476215/current/log_15-16
2024-10-20 10:44:24,143 [s1@group-436914476215-SegmentedRaftLogWorker] INFO  segmented.BufferedWriteChannel (BufferedWriteChannel.java:open(61)) - open log_inprogress_17 at position 0
2024-10-20 10:44:24,150 [s0@group-436914476215-SegmentedRaftLogWorker] INFO  segmented.SegmentedRaftLogWorker (SegmentedRaftLogWorker.java:execute(663)) - s0@group-436914476215-SegmentedRaftLogWorker: created new log segment /home/runner/work/ratis/ratis/ratis-test/target/test/data/d69430f5/MiniRaftClusterWithGrpc6b9d6d2d/s0/fd8814ef-b2fd-4859-a487-436914476215/current/log_inprogress_17
2024-10-20 10:44:24,154 [s1@group-436914476215-SegmentedRaftLogWorker] INFO  segmented.SegmentedRaftLogWorker (SegmentedRaftLogWorker.java:execute(663)) - s1@group-436914476215-SegmentedRaftLogWorker: created new log segment /home/runner/work/ratis/ratis/ratis-test/target/test/data/d69430f5/MiniRaftClusterWithGrpc6b9d6d2d/s1/fd8814ef-b2fd-4859-a487-436914476215/current/log_inprogress_17
2024-10-20 10:44:24,154 [s1-server-thread2] DEBUG server.RaftServer$Division (RaftServerImpl.java:logAppendEntries(1549)) - s1@group-436914476215: appendEntries* reply s0<-s1#1:OK-t10,SUCCESS,nextIndex=18,followerCommit=16,matchIndex=17
2024-10-20 10:44:24,155 [s0@group-436914476215-StateMachineUpdater] TRACE util.FileUtils (LogUtils.java:supplyAndLog(69)) - Successfully supplied FileChannel.open /home/runner/work/ratis/ratis/ratis-test/target/test/data/d69430f5/MiniRaftClusterWithGrpc6b9d6d2d/s0/fd8814ef-b2fd-4859-a487-436914476215/current/raft-meta.conf.tmp with options [CREATE, WRITE]: sun.nio.ch.FileChannelImpl@302d6fff
2024-10-20 10:44:24,155 [s1-server-thread2] DEBUG server.RaftServer$Division (RaftServerImpl.java:logAppendEntries(1549)) - s1@group-436914476215: appendEntries* s0->s1#2-t10,previous=(t:10, i:17),leaderCommit=17,initializing? false,entries: size=1, first=(t:10, i:18), METADATAENTRY(c:17)
2024-10-20 10:44:24,156 [s1-server-thread2] DEBUG server.RaftServer$Division (RaftServerImpl.java:logAppendEntries(1549)) - s1@group-436914476215: appendEntries* reply s0<-s1#2:OK-t10,SUCCESS,nextIndex=19,followerCommit=17,matchIndex=18
2024-10-20 10:44:24,156 [s1@group-436914476215-StateMachineUpdater] TRACE util.FileUtils (LogUtils.java:supplyAndLog(69)) - Successfully supplied FileChannel.open /home/runner/work/ratis/ratis/ratis-test/target/test/data/d69430f5/MiniRaftClusterWithGrpc6b9d6d2d/s1/fd8814ef-b2fd-4859-a487-436914476215/current/raft-meta.conf.tmp with options [CREATE, WRITE]: sun.nio.ch.FileChannelImpl@316d0827
2024-10-20 10:44:24,157 [s0@group-436914476215-StateMachineUpdater] TRACE util.FileUtils (LogUtils.java:runAndLog(49)) - Successfully ran Atomic Files.move /home/runner/work/ratis/ratis/ratis-test/target/test/data/d69430f5/MiniRaftClusterWithGrpc6b9d6d2d/s0/fd8814ef-b2fd-4859-a487-436914476215/current/raft-meta.conf.tmp to /home/runner/work/ratis/ratis/ratis-test/target/test/data/d69430f5/MiniRaftClusterWithGrpc6b9d6d2d/s0/fd8814ef-b2fd-4859-a487-436914476215/current/raft-meta.conf with options [REPLACE_EXISTING]
2024-10-20 10:44:24,157 [s0@group-436914476215-StateMachineUpdater] INFO  server.RaftServer$Division (LeaderStateImpl.java:checkStartIndex(314)) - Leader s0@group-436914476215-LeaderStateImpl is ready since appliedIndex == startIndex == 17
2024-10-20 10:44:24,158 [s1@group-436914476215-StateMachineUpdater] TRACE util.FileUtils (LogUtils.java:runAndLog(49)) - Successfully ran Atomic Files.move /home/runner/work/ratis/ratis/ratis-test/target/test/data/d69430f5/MiniRaftClusterWithGrpc6b9d6d2d/s1/fd8814ef-b2fd-4859-a487-436914476215/current/raft-meta.conf.tmp to /home/runner/work/ratis/ratis/ratis-test/target/test/data/d69430f5/MiniRaftClusterWithGrpc6b9d6d2d/s1/fd8814ef-b2fd-4859-a487-436914476215/current/raft-meta.conf with options [REPLACE_EXISTING]
2024-10-20 10:44:24,159 [main] INFO  server.RaftServerConfigKeys (ConfUtils.java:logGet(46)) - raft.server.rpc.timeout.max = 300ms (default)
2024-10-20 10:44:24,159 [main] INFO  ratis.RaftTestUtil (RaftTestUtil.java:waitForLeader(107)) - printing ALL groups
  s0:  RUNNING    LEADER s0@group-436914476215:t10, leader=s0, voted=s0, raftlog=Memoized:s0@group-436914476215-SegmentedRaftLog:OPENED:c18:last(t:10, i:18), conf=conf: {index: 17, cur=peers:[s0|localhost:15252, s1|localhost:15256, s2|localhost:15260]|listeners:[], old=null} RUNNING
  s1:  RUNNING  FOLLOWER s1@group-436914476215:t10, leader=s0, voted=s0, raftlog=Memoized:s1@group-436914476215-SegmentedRaftLog:OPENED:c17:last(t:10, i:18), conf=conf: {index: 17, cur=peers:[s0|localhost:15252, s1|localhost:15256, s2|localhost:15260]|listeners:[], old=null} RUNNING
  s2:  RUNNING  FOLLOWER s2@group-436914476215:t10, leader=null, voted=null, raftlog=Memoized:s2@group-436914476215-SegmentedRaftLog:OPENED:c16:last(t:9, i:16), conf=conf: {index: 15, cur=peers:[s0|localhost:15252, s1|localhost:15256, s2|localhost:15260]|listeners:[], old=null} RUNNING
2024-10-20 10:44:24,159 [main] INFO  ratis.RaftTestUtil (RaftTestUtil.java:waitForLeader(131)) - printing ALL groups
  s0:  RUNNING    LEADER s0@group-436914476215:t10, leader=s0, voted=s0, raftlog=Memoized:s0@group-436914476215-SegmentedRaftLog:OPENED:c18:last(t:10, i:18), conf=conf: {index: 17, cur=peers:[s0|localhost:15252, s1|localhost:15256, s2|localhost:15260]|listeners:[], old=null} RUNNING
  s1:  RUNNING  FOLLOWER s1@group-436914476215:t10, leader=s0, voted=s0, raftlog=Memoized:s1@group-436914476215-SegmentedRaftLog:OPENED:c17:last(t:10, i:18), conf=conf: {index: 17, cur=peers:[s0|localhost:15252, s1|localhost:15256, s2|localhost:15260]|listeners:[], old=null} RUNNING
  s2:  RUNNING  FOLLOWER s2@group-436914476215:t10, leader=null, voted=null, raftlog=Memoized:s2@group-436914476215-SegmentedRaftLog:OPENED:c16:last(t:9, i:16), conf=conf: {index: 15, cur=peers:[s0|localhost:15252, s1|localhost:15256, s2|localhost:15260]|listeners:[], old=null} RUNNING
2024-10-20 10:44:24,159 [main] INFO  ratis.RaftTestUtil (RaftTestUtil.java:lambda$changeLeader$14(485)) - Changed leader from s1 to s0
2024-10-20 10:44:24,159 [main] INFO  util.CodeInjectionForTesting (BlockRequestHandlingInjection.java:unblockRequestor(54)) - UnBlock requestor s1
2024-10-20 10:44:24,159 [main] INFO  util.CodeInjectionForTesting (BlockRequestHandlingInjection.java:blockRequestor(49)) - Block requestor s0
2024-10-20 10:44:24,160 [main] INFO  server.RaftServerConfigKeys (ConfUtils.java:logGet(46)) - raft.server.rpc.timeout.max = 300ms (default)
2024-10-20 10:44:24,160 [main] INFO  ratis.RaftTestUtil (RaftTestUtil.java:waitForLeader(107)) - printing ALL groups
  s0:  RUNNING    LEADER s0@group-436914476215:t10, leader=s0, voted=s0, raftlog=Memoized:s0@group-436914476215-SegmentedRaftLog:OPENED:c18:last(t:10, i:18), conf=conf: {index: 17, cur=peers:[s0|localhost:15252, s1|localhost:15256, s2|localhost:15260]|listeners:[], old=null} RUNNING
  s1:  RUNNING  FOLLOWER s1@group-436914476215:t10, leader=s0, voted=s0, raftlog=Memoized:s1@group-436914476215-SegmentedRaftLog:OPENED:c17:last(t:10, i:18), conf=conf: {index: 17, cur=peers:[s0|localhost:15252, s1|localhost:15256, s2|localhost:15260]|listeners:[], old=null} RUNNING
  s2:  RUNNING  FOLLOWER s2@group-436914476215:t10, leader=null, voted=null, raftlog=Memoized:s2@group-436914476215-SegmentedRaftLog:OPENED:c16:last(t:9, i:16), conf=conf: {index: 15, cur=peers:[s0|localhost:15252, s1|localhost:15256, s2|localhost:15260]|listeners:[], old=null} RUNNING
2024-10-20 10:44:24,160 [main] INFO  ratis.RaftTestUtil (RaftTestUtil.java:waitForLeader(131)) - printing ALL groups
  s0:  RUNNING    LEADER s0@group-436914476215:t10, leader=s0, voted=s0, raftlog=Memoized:s0@group-436914476215-SegmentedRaftLog:OPENED:c18:last(t:10, i:18), conf=conf: {index: 17, cur=peers:[s0|localhost:15252, s1|localhost:15256, s2|localhost:15260]|listeners:[], old=null} RUNNING
  s1:  RUNNING  FOLLOWER s1@group-436914476215:t10, leader=s0, voted=s0, raftlog=Memoized:s1@group-436914476215-SegmentedRaftLog:OPENED:c17:last(t:10, i:18), conf=conf: {index: 17, cur=peers:[s0|localhost:15252, s1|localhost:15256, s2|localhost:15260]|listeners:[], old=null} RUNNING
  s2:  RUNNING  FOLLOWER s2@group-436914476215:t10, leader=null, voted=null, raftlog=Memoized:s2@group-436914476215-SegmentedRaftLog:OPENED:c16:last(t:9, i:16), conf=conf: {index: 15, cur=peers:[s0|localhost:15252, s1|localhost:15256, s2|localhost:15260]|listeners:[], old=null} RUNNING
2024-10-20 10:44:24,160 [main] WARN  ratis.RaftTestUtil (JavaUtils.java:attempt(231)) - FAILED "runTestChangeLeader-changeLeader", attempt #1/20, sleep 100ms and then retry: java.lang.IllegalStateException: Failed to change leader: newLeader == oldLeader == s0
2024-10-20 10:44:24,176 [s2-server-thread4] INFO  util.CodeInjectionForTesting (BlockRequestHandlingInjection.java:execute(84)) - s2: unBlock request from s1
2024-10-20 10:44:24,177 [s0-server-thread1] INFO  util.CodeInjectionForTesting (BlockRequestHandlingInjection.java:execute(84)) - s0: unBlock request from s1
2024-10-20 10:44:24,177 [s0-server-thread1] WARN  server.RaftServer$Division (ServerState.java:recognizeLeader(331)) - s0@group-436914476215: Failed to recognize s1 as leader for APPEND_ENTRIES since peerTerm = 9 < currentTerm = 10
2024-10-20 10:44:24,177 [grpc-default-executor-3] WARN  server.GrpcLogAppender (GrpcLogAppender.java:onNextImpl(521)) - s1@group-436914476215->s0-AppendLogResponseHandler: received NOT_LEADER reply with term 10
2024-10-20 10:44:24,177 [s0-server-thread1] WARN  server.RaftServer$Division (ServerState.java:recognizeLeader(331)) - s0@group-436914476215: Failed to recognize s1 as leader for APPEND_ENTRIES since peerTerm = 9 < currentTerm = 10
2024-10-20 10:44:24,177 [grpc-default-executor-3] WARN  server.GrpcLogAppender (GrpcLogAppender.java:onNextImpl(521)) - s1@group-436914476215->s0-AppendLogResponseHandler: received NOT_LEADER reply with term 10
2024-10-20 10:44:24,177 [s0-server-thread1] WARN  server.RaftServer$Division (ServerState.java:recognizeLeader(331)) - s0@group-436914476215: Failed to recognize s1 as leader for APPEND_ENTRIES since peerTerm = 9 < currentTerm = 10
2024-10-20 10:44:24,178 [grpc-default-executor-3] WARN  server.GrpcLogAppender (GrpcLogAppender.java:onNextImpl(521)) - s1@group-436914476215->s0-AppendLogResponseHandler: received NOT_LEADER reply with term 10
2024-10-20 10:44:24,178 [s0-server-thread1] WARN  server.RaftServer$Division (ServerState.java:recognizeLeader(331)) - s0@group-436914476215: Failed to recognize s1 as leader for APPEND_ENTRIES since peerTerm = 9 < currentTerm = 10
2024-10-20 10:44:24,178 [grpc-default-executor-3] WARN  server.GrpcLogAppender (GrpcLogAppender.java:onNextImpl(521)) - s1@group-436914476215->s0-AppendLogResponseHandler: received NOT_LEADER reply with term 10
2024-10-20 10:44:24,178 [s0-server-thread1] WARN  server.RaftServer$Division (ServerState.java:recognizeLeader(331)) - s0@group-436914476215: Failed to recognize s1 as leader for APPEND_ENTRIES since peerTerm = 9 < currentTerm = 10
2024-10-20 10:44:24,178 [grpc-default-executor-3] WARN  server.GrpcLogAppender (GrpcLogAppender.java:onNextImpl(521)) - s1@group-436914476215->s0-AppendLogResponseHandler: received NOT_LEADER reply with term 10
2024-10-20 10:44:24,178 [s0-server-thread1] WARN  server.RaftServer$Division (ServerState.java:recognizeLeader(331)) - s0@group-436914476215: Failed to recognize s1 as leader for APPEND_ENTRIES since peerTerm = 9 < currentTerm = 10
2024-10-20 10:44:24,179 [grpc-default-executor-3] WARN  server.GrpcLogAppender (GrpcLogAppender.java:onNextImpl(521)) - s1@group-436914476215->s0-AppendLogResponseHandler: received NOT_LEADER reply with term 10
2024-10-20 10:44:24,179 [s0-server-thread1] WARN  server.RaftServer$Division (ServerState.java:recognizeLeader(331)) - s0@group-436914476215: Failed to recognize s1 as leader for APPEND_ENTRIES since peerTerm = 9 < currentTerm = 10
2024-10-20 10:44:24,179 [grpc-default-executor-5] INFO  server.GrpcServerProtocolService (GrpcServerProtocolService.java:onCompleted(200)) - s0: Completed APPEND_ENTRIES, lastRequest: null
2024-10-20 10:44:24,179 [grpc-default-executor-3] WARN  server.GrpcLogAppender (GrpcLogAppender.java:onNextImpl(521)) - s1@group-436914476215->s0-AppendLogResponseHandler: received NOT_LEADER reply with term 10
2024-10-20 10:44:24,179 [grpc-default-executor-5] INFO  server.GrpcServerProtocolService (GrpcServerProtocolService.java:lambda$onCompleted$7(202)) - s0: Completed APPEND_ENTRIES, lastReply: serverReply {
  requestorId: "s1"
  replyId: "s0"
  raftGroupId {
    id: "\375\210\024\357\262\375HY\244\207Ci\024Gb\025"
  }
  callId: 16
}
term: 10
nextIndex: 19
result: NOT_LEADER
followerCommit: 18
matchIndex: 18446744073709551615
isHearbeat: true

2024-10-20 10:44:24,179 [grpc-default-executor-5] INFO  server.GrpcLogAppender (GrpcLogAppender.java:onCompleted(559)) - s1@group-436914476215->s0-AppendLogResponseHandler: follower responses appendEntries COMPLETED
2024-10-20 10:44:24,232 [s1-server-thread2] INFO  util.CodeInjectionForTesting (BlockRequestHandlingInjection.java:execute(77)) - s1: Block request from s0
2024-10-20 10:44:24,260 [main] INFO  server.RaftServerConfigKeys (ConfUtils.java:logGet(46)) - raft.server.rpc.timeout.max = 300ms (default)
2024-10-20 10:44:24,260 [main] INFO  ratis.RaftTestUtil (RaftTestUtil.java:waitForLeader(107)) - printing ALL groups
  s0:  RUNNING    LEADER s0@group-436914476215:t10, leader=s0, voted=s0, raftlog=Memoized:s0@group-436914476215-SegmentedRaftLog:OPENED:c18:last(t:10, i:18), conf=conf: {index: 17, cur=peers:[s0|localhost:15252, s1|localhost:15256, s2|localhost:15260]|listeners:[], old=null} RUNNING
  s1:  RUNNING  FOLLOWER s1@group-436914476215:t10, leader=s0, voted=s0, raftlog=Memoized:s1@group-436914476215-SegmentedRaftLog:OPENED:c17:last(t:10, i:18), conf=conf: {index: 17, cur=peers:[s0|localhost:15252, s1|localhost:15256, s2|localhost:15260]|listeners:[], old=null} RUNNING
  s2:  RUNNING  FOLLOWER s2@group-436914476215:t10, leader=null, voted=null, raftlog=Memoized:s2@group-436914476215-SegmentedRaftLog:OPENED:c16:last(t:9, i:16), conf=conf: {index: 15, cur=peers:[s0|localhost:15252, s1|localhost:15256, s2|localhost:15260]|listeners:[], old=null} RUNNING
2024-10-20 10:44:24,261 [main] INFO  ratis.RaftTestUtil (RaftTestUtil.java:waitForLeader(131)) - printing ALL groups
  s0:  RUNNING    LEADER s0@group-436914476215:t10, leader=s0, voted=s0, raftlog=Memoized:s0@group-436914476215-SegmentedRaftLog:OPENED:c18:last(t:10, i:18), conf=conf: {index: 17, cur=peers:[s0|localhost:15252, s1|localhost:15256, s2|localhost:15260]|listeners:[], old=null} RUNNING
  s1:  RUNNING  FOLLOWER s1@group-436914476215:t10, leader=s0, voted=s0, raftlog=Memoized:s1@group-436914476215-SegmentedRaftLog:OPENED:c17:last(t:10, i:18), conf=conf: {index: 17, cur=peers:[s0|localhost:15252, s1|localhost:15256, s2|localhost:15260]|listeners:[], old=null} RUNNING
  s2:  RUNNING  FOLLOWER s2@group-436914476215:t10, leader=null, voted=null, raftlog=Memoized:s2@group-436914476215-SegmentedRaftLog:OPENED:c16:last(t:9, i:16), conf=conf: {index: 15, cur=peers:[s0|localhost:15252, s1|localhost:15256, s2|localhost:15260]|listeners:[], old=null} RUNNING
2024-10-20 10:44:24,261 [main] WARN  ratis.RaftTestUtil (JavaUtils.java:attempt(231)) - FAILED "runTestChangeLeader-changeLeader", attempt #2/20, sleep 100ms and then retry: java.lang.IllegalStateException: Failed to change leader: newLeader == oldLeader == s0
2024-10-20 10:44:24,361 [main] INFO  server.RaftServerConfigKeys (ConfUtils.java:logGet(46)) - raft.server.rpc.timeout.max = 300ms (default)
2024-10-20 10:44:24,361 [main] INFO  ratis.RaftTestUtil (RaftTestUtil.java:waitForLeader(107)) - printing ALL groups
  s0:  RUNNING    LEADER s0@group-436914476215:t10, leader=s0, voted=s0, raftlog=Memoized:s0@group-436914476215-SegmentedRaftLog:OPENED:c18:last(t:10, i:18), conf=conf: {index: 17, cur=peers:[s0|localhost:15252, s1|localhost:15256, s2|localhost:15260]|listeners:[], old=null} RUNNING
  s1:  RUNNING  FOLLOWER s1@group-436914476215:t10, leader=s0, voted=s0, raftlog=Memoized:s1@group-436914476215-SegmentedRaftLog:OPENED:c17:last(t:10, i:18), conf=conf: {index: 17, cur=peers:[s0|localhost:15252, s1|localhost:15256, s2|localhost:15260]|listeners:[], old=null} RUNNING
  s2:  RUNNING  FOLLOWER s2@group-436914476215:t10, leader=null, voted=null, raftlog=Memoized:s2@group-436914476215-SegmentedRaftLog:OPENED:c16:last(t:9, i:16), conf=conf: {index: 15, cur=peers:[s0|localhost:15252, s1|localhost:15256, s2|localhost:15260]|listeners:[], old=null} RUNNING
2024-10-20 10:44:24,361 [main] INFO  ratis.RaftTestUtil (RaftTestUtil.java:waitForLeader(131)) - printing ALL groups
  s0:  RUNNING    LEADER s0@group-436914476215:t10, leader=s0, voted=s0, raftlog=Memoized:s0@group-436914476215-SegmentedRaftLog:OPENED:c18:last(t:10, i:18), conf=conf: {index: 17, cur=peers:[s0|localhost:15252, s1|localhost:15256, s2|localhost:15260]|listeners:[], old=null} RUNNING
  s1:  RUNNING  FOLLOWER s1@group-436914476215:t10, leader=s0, voted=s0, raftlog=Memoized:s1@group-436914476215-SegmentedRaftLog:OPENED:c17:last(t:10, i:18), conf=conf: {index: 17, cur=peers:[s0|localhost:15252, s1|localhost:15256, s2|localhost:15260]|listeners:[], old=null} RUNNING
  s2:  RUNNING  FOLLOWER s2@group-436914476215:t10, leader=null, voted=null, raftlog=Memoized:s2@group-436914476215-SegmentedRaftLog:OPENED:c16:last(t:9, i:16), conf=conf: {index: 15, cur=peers:[s0|localhost:15252, s1|localhost:15256, s2|localhost:15260]|listeners:[], old=null} RUNNING
2024-10-20 10:44:24,362 [main] WARN  ratis.RaftTestUtil (JavaUtils.java:attempt(231)) - FAILED "runTestChangeLeader-changeLeader", attempt #3/20, sleep 100ms and then retry: java.lang.IllegalStateException: Failed to change leader: newLeader == oldLeader == s0
2024-10-20 10:44:24,462 [main] INFO  server.RaftServerConfigKeys (ConfUtils.java:logGet(46)) - raft.server.rpc.timeout.max = 300ms (default)
2024-10-20 10:44:24,462 [main] INFO  ratis.RaftTestUtil (RaftTestUtil.java:waitForLeader(107)) - printing ALL groups
  s0:  RUNNING    LEADER s0@group-436914476215:t10, leader=s0, voted=s0, raftlog=Memoized:s0@group-436914476215-SegmentedRaftLog:OPENED:c18:last(t:10, i:18), conf=conf: {index: 17, cur=peers:[s0|localhost:15252, s1|localhost:15256, s2|localhost:15260]|listeners:[], old=null} RUNNING
  s1:  RUNNING  FOLLOWER s1@group-436914476215:t10, leader=s0, voted=s0, raftlog=Memoized:s1@group-436914476215-SegmentedRaftLog:OPENED:c17:last(t:10, i:18), conf=conf: {index: 17, cur=peers:[s0|localhost:15252, s1|localhost:15256, s2|localhost:15260]|listeners:[], old=null} RUNNING
  s2:  RUNNING  FOLLOWER s2@group-436914476215:t10, leader=null, voted=null, raftlog=Memoized:s2@group-436914476215-SegmentedRaftLog:OPENED:c16:last(t:9, i:16), conf=conf: {index: 15, cur=peers:[s0|localhost:15252, s1|localhost:15256, s2|localhost:15260]|listeners:[], old=null} RUNNING
2024-10-20 10:44:24,462 [main] INFO  ratis.RaftTestUtil (RaftTestUtil.java:waitForLeader(131)) - printing ALL groups
  s0:  RUNNING    LEADER s0@group-436914476215:t10, leader=s0, voted=s0, raftlog=Memoized:s0@group-436914476215-SegmentedRaftLog:OPENED:c18:last(t:10, i:18), conf=conf: {index: 17, cur=peers:[s0|localhost:15252, s1|localhost:15256, s2|localhost:15260]|listeners:[], old=null} RUNNING
  s1:  RUNNING  FOLLOWER s1@group-436914476215:t10, leader=s0, voted=s0, raftlog=Memoized:s1@group-436914476215-SegmentedRaftLog:OPENED:c17:last(t:10, i:18), conf=conf: {index: 17, cur=peers:[s0|localhost:15252, s1|localhost:15256, s2|localhost:15260]|listeners:[], old=null} RUNNING
  s2:  RUNNING  FOLLOWER s2@group-436914476215:t10, leader=null, voted=null, raftlog=Memoized:s2@group-436914476215-SegmentedRaftLog:OPENED:c16:last(t:9, i:16), conf=conf: {index: 15, cur=peers:[s0|localhost:15252, s1|localhost:15256, s2|localhost:15260]|listeners:[], old=null} RUNNING
2024-10-20 10:44:24,463 [main] WARN  ratis.RaftTestUtil (JavaUtils.java:attempt(231)) - FAILED "runTestChangeLeader-changeLeader", attempt #4/20, sleep 100ms and then retry: java.lang.IllegalStateException: Failed to change leader: newLeader == oldLeader == s0
2024-10-20 10:44:24,563 [main] INFO  server.RaftServerConfigKeys (ConfUtils.java:logGet(46)) - raft.server.rpc.timeout.max = 300ms (default)
2024-10-20 10:44:24,563 [main] INFO  ratis.RaftTestUtil (RaftTestUtil.java:waitForLeader(107)) - printing ALL groups
  s0:  RUNNING    LEADER s0@group-436914476215:t10, leader=s0, voted=s0, raftlog=Memoized:s0@group-436914476215-SegmentedRaftLog:OPENED:c18:last(t:10, i:18), conf=conf: {index: 17, cur=peers:[s0|localhost:15252, s1|localhost:15256, s2|localhost:15260]|listeners:[], old=null} RUNNING
  s1:  RUNNING  FOLLOWER s1@group-436914476215:t10, leader=s0, voted=s0, raftlog=Memoized:s1@group-436914476215-SegmentedRaftLog:OPENED:c17:last(t:10, i:18), conf=conf: {index: 17, cur=peers:[s0|localhost:15252, s1|localhost:15256, s2|localhost:15260]|listeners:[], old=null} RUNNING
  s2:  RUNNING  FOLLOWER s2@group-436914476215:t10, leader=null, voted=null, raftlog=Memoized:s2@group-436914476215-SegmentedRaftLog:OPENED:c16:last(t:9, i:16), conf=conf: {index: 15, cur=peers:[s0|localhost:15252, s1|localhost:15256, s2|localhost:15260]|listeners:[], old=null} RUNNING
2024-10-20 10:44:24,563 [main] INFO  ratis.RaftTestUtil (RaftTestUtil.java:waitForLeader(131)) - printing ALL groups
  s0:  RUNNING    LEADER s0@group-436914476215:t10, leader=s0, voted=s0, raftlog=Memoized:s0@group-436914476215-SegmentedRaftLog:OPENED:c18:last(t:10, i:18), conf=conf: {index: 17, cur=peers:[s0|localhost:15252, s1|localhost:15256, s2|localhost:15260]|listeners:[], old=null} RUNNING
  s1:  RUNNING  FOLLOWER s1@group-436914476215:t10, leader=s0, voted=s0, raftlog=Memoized:s1@group-436914476215-SegmentedRaftLog:OPENED:c17:last(t:10, i:18), conf=conf: {index: 17, cur=peers:[s0|localhost:15252, s1|localhost:15256, s2|localhost:15260]|listeners:[], old=null} RUNNING
  s2:  RUNNING  FOLLOWER s2@group-436914476215:t10, leader=null, voted=null, raftlog=Memoized:s2@group-436914476215-SegmentedRaftLog:OPENED:c16:last(t:9, i:16), conf=conf: {index: 15, cur=peers:[s0|localhost:15252, s1|localhost:15256, s2|localhost:15260]|listeners:[], old=null} RUNNING
2024-10-20 10:44:24,563 [main] WARN  ratis.RaftTestUtil (JavaUtils.java:attempt(231)) - FAILED "runTestChangeLeader-changeLeader", attempt #5/20, sleep 100ms and then retry: java.lang.IllegalStateException: Failed to change leader: newLeader == oldLeader == s0
2024-10-20 10:44:24,656 [s1@group-436914476215-FollowerState] INFO  impl.FollowerState (FollowerState.java:runImpl(161)) - s1@group-436914476215-FollowerState: change to CANDIDATE, lastRpcElapsedTime:500151734ns, electionTimeout:295ms
2024-10-20 10:44:24,656 [s1@group-436914476215-FollowerState] INFO  impl.RoleInfo (RoleInfo.java:shutdownFollowerState(121)) - s1: shutdown s1@group-436914476215-FollowerState
2024-10-20 10:44:24,656 [s1@group-436914476215-FollowerState] INFO  server.RaftServer$Division (RaftServerImpl.java:setRole(380)) - s1@group-436914476215: changes role from  FOLLOWER to CANDIDATE at term 10 for changeToCandidate
2024-10-20 10:44:24,656 [s1@group-436914476215-FollowerState] INFO  server.RaftServerConfigKeys (ConfUtils.java:logGet(46)) - raft.server.leaderelection.pre-vote = true (default)
2024-10-20 10:44:24,656 [s1@group-436914476215-FollowerState] INFO  impl.RoleInfo (RoleInfo.java:updateAndGet(148)) - s1: start s1@group-436914476215-LeaderElection80
2024-10-20 10:44:24,657 [s1@group-436914476215-LeaderElection80] INFO  server.RaftServer$Division (ServerState.java:setLeader(272)) - s1@group-436914476215: change Leader from s0 to null at term 10 for PRE_VOTE
2024-10-20 10:44:24,657 [s1@group-436914476215-LeaderElection80] INFO  impl.LeaderElection (LeaderElection.java:askForVotes(333)) - s1@group-436914476215-LeaderElection80 PRE_VOTE round 0: submit vote requests at term 10 for conf: {index: 17, cur=peers:[s0|localhost:15252, s1|localhost:15256, s2|localhost:15260]|listeners:[], old=null}
2024-10-20 10:44:24,658 [grpc-default-executor-3] INFO  server.RaftServer$Division (RaftServerImpl.java:requestVote(1447)) - s0@group-436914476215: receive requestVote(PRE_VOTE, s1, group-436914476215, 10, (t:10, i:18))
2024-10-20 10:44:24,658 [grpc-default-executor-4] INFO  server.RaftServer$Division (RaftServerImpl.java:requestVote(1447)) - s2@group-436914476215: receive requestVote(PRE_VOTE, s1, group-436914476215, 10, (t:10, i:18))
2024-10-20 10:44:24,658 [grpc-default-executor-3] WARN  server.RaftServer$Division (LeaderStateImpl.java:checkLeadership(1117)) - s0@group-436914476215-LeaderStateImpl: Lost leadership on term: 10. Election timeout: 300ms. In charge for: 524ms. Conf: conf: {index: 17, cur=peers:[s0|localhost:15252, s1|localhost:15256, s2|localhost:15260]|listeners:[], old=null}
2024-10-20 10:44:24,658 [grpc-default-executor-3] WARN  server.RaftServer$Division (LeaderStateImpl.java:lambda$checkLeadership$20(1121)) - Follower s0@group-436914476215->s1(c17,m18,n19, caughtUp=true, lastRpcSendTime=10, lastRpcResponseTime=501)
2024-10-20 10:44:24,658 [grpc-default-executor-3] WARN  server.RaftServer$Division (LeaderStateImpl.java:lambda$checkLeadership$20(1121)) - Follower s0@group-436914476215->s2(c-1,m-1,n18, caughtUp=true, lastRpcSendTime=11, lastRpcResponseTime=823)
2024-10-20 10:44:24,658 [grpc-default-executor-3] INFO  server.RaftServer$Division (RaftServerImpl.java:setRole(380)) - s0@group-436914476215: changes role from    LEADER to FOLLOWER at term 10 for StepDownReason:LOST_MAJORITY_HEARTBEATS
2024-10-20 10:44:24,658 [grpc-default-executor-3] INFO  impl.RoleInfo (RoleInfo.java:shutdownLeaderState(103)) - s0: shutdown s0@group-436914476215-LeaderStateImpl
2024-10-20 10:44:24,658 [s0@group-436914476215->s1-GrpcLogAppender-LogAppenderDaemon] WARN  server.GrpcLogAppender (GrpcLogAppender.java:mayWait(293)) - s0@group-436914476215->s1-GrpcLogAppender: Wait interrupted by java.lang.InterruptedException
2024-10-20 10:44:24,658 [s0@group-436914476215->s2-GrpcLogAppender-LogAppenderDaemon] WARN  server.GrpcLogAppender (GrpcLogAppender.java:mayWait(293)) - s0@group-436914476215->s2-GrpcLogAppender: Wait interrupted by java.lang.InterruptedException
2024-10-20 10:44:24,658 [grpc-default-executor-3] INFO  impl.PendingRequests (PendingRequests.java:sendNotLeaderResponses(287)) - s0@group-436914476215-PendingRequests: sendNotLeaderResponses
2024-10-20 10:44:24,659 [grpc-default-executor-3] INFO  server.RaftServer$Division (ServerState.java:setLeader(272)) - s0@group-436914476215: change Leader from s0 to null at term 10 for StepDownReason:LOST_MAJORITY_HEARTBEATS
2024-10-20 10:44:24,659 [grpc-default-executor-3] INFO  impl.RoleInfo (RoleInfo.java:updateAndGet(148)) - s0: start s0@group-436914476215-FollowerState
2024-10-20 10:44:24,659 [grpc-default-executor-9] INFO  server.GrpcServerProtocolService (GrpcServerProtocolService.java:onCompleted(200)) - s1: Completed APPEND_ENTRIES, lastRequest: s0->s1#2-t10,previous=(t:10, i:17),leaderCommit=17,initializing? false,entries: size=1, first=(t:10, i:18), METADATAENTRY(c:17)
2024-10-20 10:44:24,659 [grpc-default-executor-9] INFO  server.GrpcServerProtocolService (GrpcServerProtocolService.java:lambda$onCompleted$7(202)) - s1: Completed APPEND_ENTRIES, lastReply: null
2024-10-20 10:44:24,659 [grpc-default-executor-3] INFO  impl.VoteContext (VoteContext.java:log(49)) - s0@group-436914476215-FOLLOWER: accept PRE_VOTE from s1: our priority 0 <= candidate's priority 0
2024-10-20 10:44:24,659 [grpc-default-executor-3] INFO  server.RaftServer$Division (RaftServerImpl.java:requestVote(1480)) - s0@group-436914476215 replies to PRE_VOTE vote request: s1<-s0#0:OK-t10. Peer's state: s0@group-436914476215:t10, leader=null, voted=s0, raftlog=Memoized:s0@group-436914476215-SegmentedRaftLog:OPENED:c18:last(t:10, i:18), conf=conf: {index: 17, cur=peers:[s0|localhost:15252, s1|localhost:15256, s2|localhost:15260]|listeners:[], old=null}
2024-10-20 10:44:24,659 [grpc-default-executor-9] INFO  server.GrpcLogAppender (GrpcLogAppender.java:onCompleted(559)) - s0@group-436914476215->s1-AppendLogResponseHandler: follower responses appendEntries COMPLETED
2024-10-20 10:44:24,660 [s1@group-436914476215-LeaderElection80] INFO  impl.LeaderElection (LeaderElection.java:logAndReturn(90)) - s1@group-436914476215-LeaderElection80: PRE_VOTE PASSED received 1 response(s) and 0 exception(s):
2024-10-20 10:44:24,660 [s1@group-436914476215-LeaderElection80] INFO  impl.LeaderElection (LeaderElection.java:logAndReturn(94)) -   Response 0: s1<-s0#0:OK-t10
2024-10-20 10:44:24,660 [s1@group-436914476215-LeaderElection80] INFO  impl.LeaderElection (LeaderElection.java:askForVotes(335)) - s1@group-436914476215-LeaderElection80 PRE_VOTE round 0: result PASSED
2024-10-20 10:44:24,660 [s1@group-436914476215-LeaderElection80] TRACE util.FileUtils (LogUtils.java:supplyAndLog(69)) - Successfully supplied FileChannel.open /home/runner/work/ratis/ratis/ratis-test/target/test/data/d69430f5/MiniRaftClusterWithGrpc6b9d6d2d/s1/fd8814ef-b2fd-4859-a487-436914476215/current/raft-meta.tmp with options [CREATE, WRITE]: sun.nio.ch.FileChannelImpl@633d5860
2024-10-20 10:44:24,662 [s1@group-436914476215-LeaderElection80] TRACE util.FileUtils (LogUtils.java:runAndLog(49)) - Successfully ran Atomic Files.move /home/runner/work/ratis/ratis/ratis-test/target/test/data/d69430f5/MiniRaftClusterWithGrpc6b9d6d2d/s1/fd8814ef-b2fd-4859-a487-436914476215/current/raft-meta.tmp to /home/runner/work/ratis/ratis/ratis-test/target/test/data/d69430f5/MiniRaftClusterWithGrpc6b9d6d2d/s1/fd8814ef-b2fd-4859-a487-436914476215/current/raft-meta with options [REPLACE_EXISTING]
2024-10-20 10:44:24,662 [s1@group-436914476215-LeaderElection80] INFO  impl.LeaderElection (LeaderElection.java:askForVotes(333)) - s1@group-436914476215-LeaderElection80 ELECTION round 0: submit vote requests at term 11 for conf: {index: 17, cur=peers:[s0|localhost:15252, s1|localhost:15256, s2|localhost:15260]|listeners:[], old=null}
2024-10-20 10:44:24,662 [grpc-default-executor-9] INFO  server.RaftServer$Division (RaftServerImpl.java:requestVote(1447)) - s0@group-436914476215: receive requestVote(ELECTION, s1, group-436914476215, 11, (t:10, i:18))
2024-10-20 10:44:24,662 [grpc-default-executor-9] INFO  impl.VoteContext (VoteContext.java:log(49)) - s0@group-436914476215-FOLLOWER: accept ELECTION from s1: our priority 0 <= candidate's priority 0
2024-10-20 10:44:24,662 [grpc-default-executor-3] INFO  server.RaftServer$Division (RaftServerImpl.java:requestVote(1447)) - s2@group-436914476215: receive requestVote(ELECTION, s1, group-436914476215, 11, (t:10, i:18))
2024-10-20 10:44:24,662 [grpc-default-executor-9] INFO  server.RaftServer$Division (RaftServerImpl.java:setRole(380)) - s0@group-436914476215: changes role from  FOLLOWER to FOLLOWER at term 10 for candidate:s1
2024-10-20 10:44:24,663 [grpc-default-executor-9] INFO  impl.RoleInfo (RoleInfo.java:shutdownFollowerState(121)) - s0: shutdown s0@group-436914476215-FollowerState
2024-10-20 10:44:24,663 [grpc-default-executor-9] INFO  impl.RoleInfo (RoleInfo.java:updateAndGet(148)) - s0: start s0@group-436914476215-FollowerState
2024-10-20 10:44:24,663 [s0@group-436914476215-FollowerState] INFO  impl.FollowerState (FollowerState.java:runImpl(170)) - s0@group-436914476215-FollowerState was interrupted
2024-10-20 10:44:24,663 [grpc-default-executor-9] TRACE util.FileUtils (LogUtils.java:supplyAndLog(69)) - Successfully supplied FileChannel.open /home/runner/work/ratis/ratis/ratis-test/target/test/data/d69430f5/MiniRaftClusterWithGrpc6b9d6d2d/s0/fd8814ef-b2fd-4859-a487-436914476215/current/raft-meta.tmp with options [CREATE, WRITE]: sun.nio.ch.FileChannelImpl@183f4b41
2024-10-20 10:44:24,664 [main] INFO  server.RaftServerConfigKeys (ConfUtils.java:logGet(46)) - raft.server.rpc.timeout.max = 300ms (default)
2024-10-20 10:44:24,664 [main] INFO  ratis.RaftTestUtil (RaftTestUtil.java:waitForLeader(107)) - printing ALL groups
  s0:  RUNNING  FOLLOWER s0@group-436914476215:t11, leader=null, voted=s1, raftlog=Memoized:s0@group-436914476215-SegmentedRaftLog:OPENED:c18:last(t:10, i:18), conf=conf: {index: 17, cur=peers:[s0|localhost:15252, s1|localhost:15256, s2|localhost:15260]|listeners:[], old=null} RUNNING
  s1:  RUNNING CANDIDATE s1@group-436914476215:t11, leader=null, voted=s1, raftlog=Memoized:s1@group-436914476215-SegmentedRaftLog:OPENED:c17:last(t:10, i:18), conf=conf: {index: 17, cur=peers:[s0|localhost:15252, s1|localhost:15256, s2|localhost:15260]|listeners:[], old=null} RUNNING
  s2:  RUNNING  FOLLOWER s2@group-436914476215:t10, leader=null, voted=null, raftlog=Memoized:s2@group-436914476215-SegmentedRaftLog:OPENED:c16:last(t:9, i:16), conf=conf: {index: 15, cur=peers:[s0|localhost:15252, s1|localhost:15256, s2|localhost:15260]|listeners:[], old=null} RUNNING
2024-10-20 10:44:24,664 [grpc-default-executor-9] TRACE util.FileUtils (LogUtils.java:runAndLog(49)) - Successfully ran Atomic Files.move /home/runner/work/ratis/ratis/ratis-test/target/test/data/d69430f5/MiniRaftClusterWithGrpc6b9d6d2d/s0/fd8814ef-b2fd-4859-a487-436914476215/current/raft-meta.tmp to /home/runner/work/ratis/ratis/ratis-test/target/test/data/d69430f5/MiniRaftClusterWithGrpc6b9d6d2d/s0/fd8814ef-b2fd-4859-a487-436914476215/current/raft-meta with options [REPLACE_EXISTING]
2024-10-20 10:44:24,664 [main] WARN  ratis.RaftTestUtil (RaftTestUtil.java:lambda$waitForLeader$3(126)) - Attempt #1 failed: java.lang.IllegalStateException: No leader yet : printing ALL groups
  s0:  RUNNING  FOLLOWER s0@group-436914476215:t11, leader=null, voted=s1, raftlog=Memoized:s0@group-436914476215-SegmentedRaftLog:OPENED:c18:last(t:10, i:18), conf=conf: {index: 17, cur=peers:[s0|localhost:15252, s1|localhost:15256, s2|localhost:15260]|listeners:[], old=null} RUNNING
  s1:  RUNNING CANDIDATE s1@group-436914476215:t11, leader=null, voted=s1, raftlog=Memoized:s1@group-436914476215-SegmentedRaftLog:OPENED:c17:last(t:10, i:18), conf=conf: {index: 17, cur=peers:[s0|localhost:15252, s1|localhost:15256, s2|localhost:15260]|listeners:[], old=null} RUNNING
  s2:  RUNNING  FOLLOWER s2@group-436914476215:t10, leader=null, voted=null, raftlog=Memoized:s2@group-436914476215-SegmentedRaftLog:OPENED:c16:last(t:9, i:16), conf=conf: {index: 15, cur=peers:[s0|localhost:15252, s1|localhost:15256, s2|localhost:15260]|listeners:[], old=null} RUNNING
2024-10-20 10:44:24,664 [grpc-default-executor-9] INFO  server.RaftServer$Division (RaftServerImpl.java:requestVote(1480)) - s0@group-436914476215 replies to ELECTION vote request: s1<-s0#0:OK-t11. Peer's state: s0@group-436914476215:t11, leader=null, voted=s1, raftlog=Memoized:s0@group-436914476215-SegmentedRaftLog:OPENED:c18:last(t:10, i:18), conf=conf: {index: 17, cur=peers:[s0|localhost:15252, s1|localhost:15256, s2|localhost:15260]|listeners:[], old=null}
2024-10-20 10:44:24,669 [s1@group-436914476215-LeaderElection80] INFO  impl.LeaderElection (LeaderElection.java:logAndReturn(90)) - s1@group-436914476215-LeaderElection80: ELECTION PASSED received 1 response(s) and 0 exception(s):
2024-10-20 10:44:24,670 [s1@group-436914476215-LeaderElection80] INFO  impl.LeaderElection (LeaderElection.java:logAndReturn(94)) -   Response 0: s1<-s0#0:OK-t11
2024-10-20 10:44:24,670 [s1@group-436914476215-LeaderElection80] INFO  impl.LeaderElection (LeaderElection.java:askForVotes(335)) - s1@group-436914476215-LeaderElection80 ELECTION round 0: result PASSED
2024-10-20 10:44:24,670 [s1@group-436914476215-LeaderElection80] INFO  impl.RoleInfo (RoleInfo.java:shutdownLeaderElection(141)) - s1: shutdown s1@group-436914476215-LeaderElection80
2024-10-20 10:44:24,670 [s1@group-436914476215-LeaderElection80] INFO  server.RaftServer$Division (RaftServerImpl.java:setRole(380)) - s1@group-436914476215: changes role from CANDIDATE to LEADER at term 11 for changeToLeader
2024-10-20 10:44:24,670 [s1@group-436914476215-LeaderElection80] INFO  server.RaftServerConfigKeys (ConfUtils.java:logGet(46)) - raft.server.staging.catchup.gap = 1000 (default)
2024-10-20 10:44:24,670 [s1@group-436914476215-LeaderElection80] INFO  server.RaftServerConfigKeys (ConfUtils.java:logGet(46)) - raft.server.write.element-limit = 4096 (default)
2024-10-20 10:44:24,670 [s1@group-436914476215-LeaderElection80] INFO  server.RaftServerConfigKeys (ConfUtils.java:logGet(46)) - raft.server.write.byte-limit = 64MB (=67108864) (default)
2024-10-20 10:44:24,670 [s1@group-436914476215-LeaderElection80] INFO  server.RaftServerConfigKeys (ConfUtils.java:logGet(46)) - raft.server.watch.timeout = 10s (default)
2024-10-20 10:44:24,670 [s1@group-436914476215-LeaderElection80] INFO  server.RaftServerConfigKeys (ConfUtils.java:logGet(46)) - raft.server.watch.timeout.denomination = 1s (default)
2024-10-20 10:44:24,670 [s1@group-436914476215-LeaderElection80] INFO  server.RaftServerConfigKeys (ConfUtils.java:logGet(46)) - raft.server.watch.element-limit = 65536 (default)
2024-10-20 10:44:24,670 [s1@group-436914476215-LeaderElection80] INFO  server.RaftServerConfigKeys (ConfUtils.java:logGet(46)) - raft.server.read.leader.lease.enabled = true (custom)
2024-10-20 10:44:24,670 [s1@group-436914476215-LeaderElection80] INFO  server.RaftServerConfigKeys (ConfUtils.java:logGet(46)) - raft.server.read.leader.lease.timeout.ratio = 0.5 (custom)
2024-10-20 10:44:24,670 [s1@group-436914476215-LeaderElection80] INFO  server.RaftServerConfigKeys (ConfUtils.java:logGet(46)) - raft.server.rpc.timeout.min = 150ms (default)
2024-10-20 10:44:24,671 [s1@group-436914476215-LeaderElection80] INFO  server.RaftServerConfigKeys (ConfUtils.java:logGet(46)) - raft.server.log.log-metadata.enabled = true (default)
2024-10-20 10:44:24,671 [s1@group-436914476215-LeaderElection80] INFO  server.RaftServerConfigKeys (ConfUtils.java:logGet(46)) - raft.server.write.element-limit = 4096 (default)
2024-10-20 10:44:24,671 [s1@group-436914476215-LeaderElection80] INFO  server.RaftServerConfigKeys (ConfUtils.java:logGet(46)) - raft.server.write.follower.gap.ratio.max = -1.0 (default)
2024-10-20 10:44:24,671 [s1@group-436914476215-LeaderElection80] INFO  server.RaftServerConfigKeys (ConfUtils.java:logGet(46)) - raft.server.log.appender.snapshot.chunk.size.max = 16MB (=16777216) (default)
2024-10-20 10:44:24,671 [s1@group-436914476215-LeaderElection80] INFO  server.RaftServerConfigKeys (ConfUtils.java:logGet(46)) - raft.server.log.appender.buffer.byte-limit = 4MB (=4194304) (default)
2024-10-20 10:44:24,671 [s1@group-436914476215-LeaderElection80] INFO  server.RaftServerConfigKeys (ConfUtils.java:logGet(46)) - raft.server.log.appender.buffer.element-limit = 0 (default)
2024-10-20 10:44:24,671 [s1@group-436914476215-LeaderElection80] INFO  server.RaftServerConfigKeys (ConfUtils.java:logGet(46)) - raft.server.log.appender.wait-time.min = 1ms (default)
2024-10-20 10:44:24,671 [s1@group-436914476215-LeaderElection80] INFO  grpc.GrpcConfigKeys (ConfUtils.java:logGet(46)) - raft.grpc.server.leader.outstanding.appends.max = 8 (default)
2024-10-20 10:44:24,671 [s1@group-436914476215-LeaderElection80] INFO  server.RaftServerConfigKeys (ConfUtils.java:logGet(46)) - raft.server.rpc.request.timeout = 3000ms (default)
2024-10-20 10:44:24,671 [s1@group-436914476215-LeaderElection80] INFO  grpc.GrpcConfigKeys (ConfUtils.java:logGet(46)) - raft.grpc.server.install_snapshot.request.element-limit = 8 (default)
2024-10-20 10:44:24,671 [s1@group-436914476215-LeaderElection80] INFO  grpc.GrpcConfigKeys (ConfUtils.java:logGet(46)) - raft.grpc.server.install_snapshot.request.timeout = 3000ms (default)
2024-10-20 10:44:24,671 [s1@group-436914476215-LeaderElection80] INFO  grpc.GrpcConfigKeys (ConfUtils.java:logGet(46)) - raft.grpc.server.log-message.batch.duration = 5s (default)
2024-10-20 10:44:24,671 [s1@group-436914476215-LeaderElection80] INFO  server.RaftServerConfigKeys (ConfUtils.java:logGet(46)) - raft.server.log.appender.install.snapshot.enabled = true (default)
2024-10-20 10:44:24,671 [s1@group-436914476215-LeaderElection80] INFO  grpc.GrpcConfigKeys (ConfUtils.java:logGet(46)) - raft.grpc.server.heartbeat.channel = true (default)
2024-10-20 10:44:24,671 [s1@group-436914476215-LeaderElection80] INFO  server.RaftServerConfigKeys (ConfUtils.java:logGet(46)) - raft.server.log.appender.snapshot.chunk.size.max = 16MB (=16777216) (default)
2024-10-20 10:44:24,672 [s1@group-436914476215-LeaderElection80] INFO  server.RaftServerConfigKeys (ConfUtils.java:logGet(46)) - raft.server.log.appender.buffer.byte-limit = 4MB (=4194304) (default)
2024-10-20 10:44:24,672 [s1@group-436914476215-LeaderElection80] INFO  server.RaftServerConfigKeys (ConfUtils.java:logGet(46)) - raft.server.log.appender.buffer.element-limit = 0 (default)
2024-10-20 10:44:24,672 [s1@group-436914476215-LeaderElection80] INFO  server.RaftServerConfigKeys (ConfUtils.java:logGet(46)) - raft.server.log.appender.wait-time.min = 1ms (default)
2024-10-20 10:44:24,672 [s1@group-436914476215-LeaderElection80] INFO  grpc.GrpcConfigKeys (ConfUtils.java:logGet(46)) - raft.grpc.server.leader.outstanding.appends.max = 8 (default)
2024-10-20 10:44:24,672 [s1@group-436914476215-LeaderElection80] INFO  server.RaftServerConfigKeys (ConfUtils.java:logGet(46)) - raft.server.rpc.request.timeout = 3000ms (default)
2024-10-20 10:44:24,672 [s1@group-436914476215-LeaderElection80] INFO  grpc.GrpcConfigKeys (ConfUtils.java:logGet(46)) - raft.grpc.server.install_snapshot.request.element-limit = 8 (default)
2024-10-20 10:44:24,672 [s1@group-436914476215-LeaderElection80] INFO  grpc.GrpcConfigKeys (ConfUtils.java:logGet(46)) - raft.grpc.server.install_snapshot.request.timeout = 3000ms (default)
2024-10-20 10:44:24,672 [s1@group-436914476215-LeaderElection80] INFO  grpc.GrpcConfigKeys (ConfUtils.java:logGet(46)) - raft.grpc.server.log-message.batch.duration = 5s (default)
2024-10-20 10:44:24,672 [s1@group-436914476215-LeaderElection80] INFO  server.RaftServerConfigKeys (ConfUtils.java:logGet(46)) - raft.server.log.appender.install.snapshot.enabled = true (default)
2024-10-20 10:44:24,672 [s1@group-436914476215-LeaderElection80] INFO  grpc.GrpcConfigKeys (ConfUtils.java:logGet(46)) - raft.grpc.server.heartbeat.channel = true (default)
2024-10-20 10:44:24,672 [s1@group-436914476215-LeaderElection80] INFO  impl.RoleInfo (RoleInfo.java:updateAndGet(148)) - s1: start s1@group-436914476215-LeaderStateImpl
2024-10-20 10:44:24,672 [s1@group-436914476215-LeaderElection80] INFO  server.RaftServer$Division (ServerState.java:setLeader(272)) - s1@group-436914476215: change Leader from null to s1 at term 11 for becomeLeader, leader elected after 15ms
2024-10-20 10:44:24,672 [s1@group-436914476215-LeaderElection80] INFO  segmented.SegmentedRaftLogWorker (SegmentedRaftLogWorker.java:rollLogSegment(447)) - s1@group-436914476215-SegmentedRaftLogWorker: Rolling segment log-17_18 to index:18
2024-10-20 10:44:24,673 [s1@group-436914476215-LeaderElection80] INFO  server.RaftServer$Division (ServerState.java:setRaftConf(386)) - s1@group-436914476215: set configuration conf: {index: 19, cur=peers:[s0|localhost:15252, s1|localhost:15256, s2|localhost:15260]|listeners:[], old=null}
2024-10-20 10:44:24,674 [s1@group-436914476215-SegmentedRaftLogWorker] TRACE util.FileUtils (LogUtils.java:runAndLog(49)) - Successfully ran Atomic Files.move /home/runner/work/ratis/ratis/ratis-test/target/test/data/d69430f5/MiniRaftClusterWithGrpc6b9d6d2d/s1/fd8814ef-b2fd-4859-a487-436914476215/current/log_inprogress_17 to /home/runner/work/ratis/ratis/ratis-test/target/test/data/d69430f5/MiniRaftClusterWithGrpc6b9d6d2d/s1/fd8814ef-b2fd-4859-a487-436914476215/current/log_17-18
2024-10-20 10:44:24,674 [s1@group-436914476215-SegmentedRaftLogWorker] INFO  segmented.SegmentedRaftLogWorker (SegmentedRaftLogWorker.java:execute(620)) - s1@group-436914476215-SegmentedRaftLogWorker: Rolled log segment from /home/runner/work/ratis/ratis/ratis-test/target/test/data/d69430f5/MiniRaftClusterWithGrpc6b9d6d2d/s1/fd8814ef-b2fd-4859-a487-436914476215/current/log_inprogress_17 to /home/runner/work/ratis/ratis/ratis-test/target/test/data/d69430f5/MiniRaftClusterWithGrpc6b9d6d2d/s1/fd8814ef-b2fd-4859-a487-436914476215/current/log_17-18
2024-10-20 10:44:24,674 [s1@group-436914476215-SegmentedRaftLogWorker] INFO  segmented.BufferedWriteChannel (BufferedWriteChannel.java:open(61)) - open log_inprogress_19 at position 0
2024-10-20 10:44:24,675 [s0-server-thread1] INFO  server.RaftServer$Division (ServerState.java:setLeader(272)) - s0@group-436914476215: change Leader from null to s1 at term 11 for appendEntries, leader elected after 16ms
2024-10-20 10:44:24,676 [s0-server-thread1] DEBUG server.RaftServer$Division (RaftServerImpl.java:logAppendEntries(1549)) - s0@group-436914476215: appendEntries* s1->s0#1-t11,previous=(t:10, i:18),leaderCommit=17,initializing? false,entries: size=1, first=(t:11, i:19), CONFIGURATIONENTRY(current:id:"s0"address:"localhost:15252"dataStreamAddress:"localhost:15255"clientAddress:"localhost:15254"adminAddress:"localhost:15253"startupRole:FOLLOWER, id:"s1"address:"localhost:15256"dataStreamAddress:"localhost:15259"clientAddress:"localhost:15258"adminAddress:"localhost:15257"startupRole:FOLLOWER, id:"s2"address:"localhost:15260"dataStreamAddress:"localhost:15263"clientAddress:"localhost:15262"adminAddress:"localhost:15261"startupRole:FOLLOWER, old:)
2024-10-20 10:44:24,676 [s0-server-thread1] INFO  server.RaftServer$Division (ServerState.java:setRaftConf(386)) - s0@group-436914476215: set configuration conf: {index: 19, cur=peers:[s0|localhost:15252, s1|localhost:15256, s2|localhost:15260]|listeners:[], old=null}
2024-10-20 10:44:24,676 [s0-server-thread1] INFO  segmented.SegmentedRaftLogWorker (SegmentedRaftLogWorker.java:rollLogSegment(447)) - s0@group-436914476215-SegmentedRaftLogWorker: Rolling segment log-17_18 to index:18
2024-10-20 10:44:24,679 [s2-server-thread5] DEBUG server.RaftServer$Division (RaftServerImpl.java:logAppendEntries(1549)) - s2@group-436914476215: appendEntries* s1->s2#1-t11,previous=(t:10, i:18),leaderCommit=17,initializing? false,entries: size=1, first=(t:11, i:19), CONFIGURATIONENTRY(current:id:"s0"address:"localhost:15252"dataStreamAddress:"localhost:15255"clientAddress:"localhost:15254"adminAddress:"localhost:15253"startupRole:FOLLOWER, id:"s1"address:"localhost:15256"dataStreamAddress:"localhost:15259"clientAddress:"localhost:15258"adminAddress:"localhost:15257"startupRole:FOLLOWER, id:"s2"address:"localhost:15260"dataStreamAddress:"localhost:15263"clientAddress:"localhost:15262"adminAddress:"localhost:15261"startupRole:FOLLOWER, old:)
2024-10-20 10:44:24,679 [s0@group-436914476215-SegmentedRaftLogWorker] TRACE util.FileUtils (LogUtils.java:runAndLog(49)) - Successfully ran Atomic Files.move /home/runner/work/ratis/ratis/ratis-test/target/test/data/d69430f5/MiniRaftClusterWithGrpc6b9d6d2d/s0/fd8814ef-b2fd-4859-a487-436914476215/current/log_inprogress_17 to /home/runner/work/ratis/ratis/ratis-test/target/test/data/d69430f5/MiniRaftClusterWithGrpc6b9d6d2d/s0/fd8814ef-b2fd-4859-a487-436914476215/current/log_17-18
2024-10-20 10:44:24,679 [s0@group-436914476215-SegmentedRaftLogWorker] INFO  segmented.SegmentedRaftLogWorker (SegmentedRaftLogWorker.java:execute(620)) - s0@group-436914476215-SegmentedRaftLogWorker: Rolled log segment from /home/runner/work/ratis/ratis/ratis-test/target/test/data/d69430f5/MiniRaftClusterWithGrpc6b9d6d2d/s0/fd8814ef-b2fd-4859-a487-436914476215/current/log_inprogress_17 to /home/runner/work/ratis/ratis/ratis-test/target/test/data/d69430f5/MiniRaftClusterWithGrpc6b9d6d2d/s0/fd8814ef-b2fd-4859-a487-436914476215/current/log_17-18
2024-10-20 10:44:24,679 [s0@group-436914476215-SegmentedRaftLogWorker] INFO  segmented.BufferedWriteChannel (BufferedWriteChannel.java:open(61)) - open log_inprogress_19 at position 0
2024-10-20 10:44:24,684 [s1@group-436914476215-SegmentedRaftLogWorker] INFO  segmented.SegmentedRaftLogWorker (SegmentedRaftLogWorker.java:execute(663)) - s1@group-436914476215-SegmentedRaftLogWorker: created new log segment /home/runner/work/ratis/ratis/ratis-test/target/test/data/d69430f5/MiniRaftClusterWithGrpc6b9d6d2d/s1/fd8814ef-b2fd-4859-a487-436914476215/current/log_inprogress_19
2024-10-20 10:44:24,689 [s0@group-436914476215-SegmentedRaftLogWorker] INFO  segmented.SegmentedRaftLogWorker (SegmentedRaftLogWorker.java:execute(663)) - s0@group-436914476215-SegmentedRaftLogWorker: created new log segment /home/runner/work/ratis/ratis/ratis-test/target/test/data/d69430f5/MiniRaftClusterWithGrpc6b9d6d2d/s0/fd8814ef-b2fd-4859-a487-436914476215/current/log_inprogress_19
2024-10-20 10:44:24,690 [s0-server-thread1] DEBUG server.RaftServer$Division (RaftServerImpl.java:logAppendEntries(1549)) - s0@group-436914476215: appendEntries* reply s1<-s0#1:OK-t11,SUCCESS,nextIndex=20,followerCommit=18,matchIndex=19
2024-10-20 10:44:24,690 [s1@group-436914476215-StateMachineUpdater] TRACE util.FileUtils (LogUtils.java:supplyAndLog(69)) - Successfully supplied FileChannel.open /home/runner/work/ratis/ratis/ratis-test/target/test/data/d69430f5/MiniRaftClusterWithGrpc6b9d6d2d/s1/fd8814ef-b2fd-4859-a487-436914476215/current/raft-meta.conf.tmp with options [CREATE, WRITE]: sun.nio.ch.FileChannelImpl@7a71bd3a
2024-10-20 10:44:24,691 [s0-server-thread1] DEBUG server.RaftServer$Division (RaftServerImpl.java:logAppendEntries(1549)) - s0@group-436914476215: appendEntries* s1->s0#2-t11,previous=(t:11, i:19),leaderCommit=19,initializing? false,entries: size=1, first=(t:11, i:20), METADATAENTRY(c:19)
2024-10-20 10:44:24,692 [s0-server-thread1] DEBUG server.RaftServer$Division (RaftServerImpl.java:logAppendEntries(1549)) - s0@group-436914476215: appendEntries* reply s1<-s0#2:OK-t11,SUCCESS,nextIndex=21,followerCommit=19,matchIndex=20
2024-10-20 10:44:24,692 [s0@group-436914476215-StateMachineUpdater] TRACE util.FileUtils (LogUtils.java:supplyAndLog(69)) - Successfully supplied FileChannel.open /home/runner/work/ratis/ratis/ratis-test/target/test/data/d69430f5/MiniRaftClusterWithGrpc6b9d6d2d/s0/fd8814ef-b2fd-4859-a487-436914476215/current/raft-meta.conf.tmp with options [CREATE, WRITE]: sun.nio.ch.FileChannelImpl@dd1faae
2024-10-20 10:44:24,692 [s1@group-436914476215-StateMachineUpdater] TRACE util.FileUtils (LogUtils.java:runAndLog(49)) - Successfully ran Atomic Files.move /home/runner/work/ratis/ratis/ratis-test/target/test/data/d69430f5/MiniRaftClusterWithGrpc6b9d6d2d/s1/fd8814ef-b2fd-4859-a487-436914476215/current/raft-meta.conf.tmp to /home/runner/work/ratis/ratis/ratis-test/target/test/data/d69430f5/MiniRaftClusterWithGrpc6b9d6d2d/s1/fd8814ef-b2fd-4859-a487-436914476215/current/raft-meta.conf with options [REPLACE_EXISTING]
2024-10-20 10:44:24,693 [s1@group-436914476215-StateMachineUpdater] INFO  server.RaftServer$Division (LeaderStateImpl.java:checkStartIndex(314)) - Leader s1@group-436914476215-LeaderStateImpl is ready since appliedIndex == startIndex == 19
2024-10-20 10:44:24,694 [s0@group-436914476215-StateMachineUpdater] TRACE util.FileUtils (LogUtils.java:runAndLog(49)) - Successfully ran Atomic Files.move /home/runner/work/ratis/ratis/ratis-test/target/test/data/d69430f5/MiniRaftClusterWithGrpc6b9d6d2d/s0/fd8814ef-b2fd-4859-a487-436914476215/current/raft-meta.conf.tmp to /home/runner/work/ratis/ratis/ratis-test/target/test/data/d69430f5/MiniRaftClusterWithGrpc6b9d6d2d/s0/fd8814ef-b2fd-4859-a487-436914476215/current/raft-meta.conf with options [REPLACE_EXISTING]
2024-10-20 10:44:25,115 [main] INFO  ratis.RaftTestUtil (RaftTestUtil.java:waitForLeader(131)) - printing ALL groups
  s0:  RUNNING  FOLLOWER s0@group-436914476215:t11, leader=s1, voted=s1, raftlog=Memoized:s0@group-436914476215-SegmentedRaftLog:OPENED:c20:last(t:11, i:20), conf=conf: {index: 19, cur=peers:[s0|localhost:15252, s1|localhost:15256, s2|localhost:15260]|listeners:[], old=null} RUNNING
  s1:  RUNNING    LEADER s1@group-436914476215:t11, leader=s1, voted=s1, raftlog=Memoized:s1@group-436914476215-SegmentedRaftLog:OPENED:c20:last(t:11, i:20), conf=conf: {index: 19, cur=peers:[s0|localhost:15252, s1|localhost:15256, s2|localhost:15260]|listeners:[], old=null} RUNNING
  s2:  RUNNING  FOLLOWER s2@group-436914476215:t10, leader=null, voted=null, raftlog=Memoized:s2@group-436914476215-SegmentedRaftLog:OPENED:c16:last(t:9, i:16), conf=conf: {index: 15, cur=peers:[s0|localhost:15252, s1|localhost:15256, s2|localhost:15260]|listeners:[], old=null} RUNNING
2024-10-20 10:44:25,115 [main] INFO  ratis.RaftTestUtil (RaftTestUtil.java:lambda$changeLeader$14(485)) - Changed leader from s0 to s1
2024-10-20 10:44:25,115 [main] INFO  util.CodeInjectionForTesting (BlockRequestHandlingInjection.java:unblockRequestor(54)) - UnBlock requestor s0
2024-10-20 10:44:25,115 [main] INFO  impl.MiniRaftCluster (MiniRaftCluster.java:shutdown(847)) - ************************************************************** 
2024-10-20 10:44:25,115 [main] INFO  impl.MiniRaftCluster (MiniRaftCluster.java:shutdown(848)) - *** 
2024-10-20 10:44:25,115 [main] INFO  impl.MiniRaftCluster (MiniRaftCluster.java:shutdown(849)) - ***     Stopping MiniRaftClusterWithGrpc
2024-10-20 10:44:25,115 [main] INFO  impl.MiniRaftCluster (MiniRaftCluster.java:shutdown(850)) - *** 
2024-10-20 10:44:25,115 [main] INFO  impl.MiniRaftCluster (MiniRaftCluster.java:shutdown(851)) - ************************************************************** 
2024-10-20 10:44:25,115 [main] INFO  impl.MiniRaftCluster (MiniRaftCluster.java:shutdown(852)) - printing ALL groups
  s0:  RUNNING  FOLLOWER s0@group-436914476215:t11, leader=s1, voted=s1, raftlog=Memoized:s0@group-436914476215-SegmentedRaftLog:OPENED:c20:last(t:11, i:20), conf=conf: {index: 19, cur=peers:[s0|localhost:15252, s1|localhost:15256, s2|localhost:15260]|listeners:[], old=null} RUNNING
  s1:  RUNNING    LEADER s1@group-436914476215:t11, leader=s1, voted=s1, raftlog=Memoized:s1@group-436914476215-SegmentedRaftLog:OPENED:c20:last(t:11, i:20), conf=conf: {index: 19, cur=peers:[s0|localhost:15252, s1|localhost:15256, s2|localhost:15260]|listeners:[], old=null} RUNNING
  s2:  RUNNING  FOLLOWER s2@group-436914476215:t10, leader=null, voted=null, raftlog=Memoized:s2@group-436914476215-SegmentedRaftLog:OPENED:c16:last(t:9, i:16), conf=conf: {index: 15, cur=peers:[s0|localhost:15252, s1|localhost:15256, s2|localhost:15260]|listeners:[], old=null} RUNNING
2024-10-20 10:44:25,116 [MiniRaftCluster-64] INFO  server.RaftServer (RaftServerProxy.java:lambda$close$9(418)) - s0: close
2024-10-20 10:44:25,116 [MiniRaftCluster-65] INFO  server.RaftServer (RaftServerProxy.java:lambda$close$9(418)) - s1: close
2024-10-20 10:44:25,116 [s0-impl-thread1] INFO  server.RaftServer$Division (RaftServerImpl.java:lambda$close$1(515)) - s0@group-436914476215: shutdown
2024-10-20 10:44:25,116 [s1-impl-thread1] INFO  server.RaftServer$Division (RaftServerImpl.java:lambda$close$1(515)) - s1@group-436914476215: shutdown
2024-10-20 10:44:25,116 [MiniRaftCluster-65] INFO  server.GrpcServicesImpl (GrpcServicesImpl.java:closeImpl(362)) - s1: shutdown server org.apache.ratis.grpc.server.GrpcClientProtocolService now
2024-10-20 10:44:25,116 [MiniRaftCluster-66] INFO  server.RaftServer (RaftServerProxy.java:lambda$close$9(418)) - s2: close
2024-10-20 10:44:25,116 [MiniRaftCluster-66] INFO  server.GrpcServicesImpl (GrpcServicesImpl.java:closeImpl(362)) - s2: shutdown server org.apache.ratis.grpc.server.GrpcClientProtocolService now
2024-10-20 10:44:25,116 [MiniRaftCluster-64] INFO  server.GrpcServicesImpl (GrpcServicesImpl.java:closeImpl(362)) - s0: shutdown server org.apache.ratis.grpc.server.GrpcClientProtocolService now
2024-10-20 10:44:25,116 [s2-impl-thread1] INFO  server.RaftServer$Division (RaftServerImpl.java:lambda$close$1(515)) - s2@group-436914476215: shutdown
2024-10-20 10:44:25,117 [s2-impl-thread1] INFO  util.JmxRegister (JmxRegister.java:unregister(74)) - Successfully un-registered JMX Bean with object name Ratis:service=RaftServer,group=group-436914476215,id=s2
2024-10-20 10:44:25,117 [s2-impl-thread1] INFO  impl.RoleInfo (RoleInfo.java:shutdownFollowerState(121)) - s2: shutdown s2@group-436914476215-FollowerState
2024-10-20 10:44:25,116 [s1-impl-thread1] INFO  util.JmxRegister (JmxRegister.java:unregister(74)) - Successfully un-registered JMX Bean with object name Ratis:service=RaftServer,group=group-436914476215,id=s1
2024-10-20 10:44:25,117 [s1-impl-thread1] INFO  impl.RoleInfo (RoleInfo.java:shutdownLeaderState(103)) - s1: shutdown s1@group-436914476215-LeaderStateImpl
2024-10-20 10:44:25,117 [Thread-1705] INFO  server.GrpcServerProtocolClient (GrpcServerProtocolClient.java:close(105)) - s2 Close channels
2024-10-20 10:44:25,117 [s1@group-436914476215->s0-GrpcLogAppender-LogAppenderDaemon] WARN  server.GrpcLogAppender (GrpcLogAppender.java:mayWait(293)) - s1@group-436914476215->s0-GrpcLogAppender: Wait interrupted by java.lang.InterruptedException
2024-10-20 10:44:25,116 [s0-impl-thread1] INFO  util.JmxRegister (JmxRegister.java:unregister(74)) - Successfully un-registered JMX Bean with object name Ratis:service=RaftServer,group=group-436914476215,id=s0
2024-10-20 10:44:25,117 [s0-impl-thread1] INFO  impl.RoleInfo (RoleInfo.java:shutdownFollowerState(121)) - s0: shutdown s0@group-436914476215-FollowerState
2024-10-20 10:44:25,117 [s1@group-436914476215->s2-GrpcLogAppender-LogAppenderDaemon] WARN  server.GrpcLogAppender (GrpcLogAppender.java:mayWait(293)) - s1@group-436914476215->s2-GrpcLogAppender: Wait interrupted by java.lang.InterruptedException
2024-10-20 10:44:25,117 [grpc-default-executor-8] INFO  server.GrpcServerProtocolService (GrpcServerProtocolService.java:onCompleted(200)) - s0: Completed APPEND_ENTRIES, lastRequest: s1->s0#2-t11,previous=(t:11, i:19),leaderCommit=19,initializing? false,entries: size=1, first=(t:11, i:20), METADATAENTRY(c:19)
2024-10-20 10:44:25,117 [grpc-default-executor-8] INFO  server.GrpcServerProtocolService (GrpcServerProtocolService.java:lambda$onCompleted$7(202)) - s0: Completed APPEND_ENTRIES, lastReply: null
2024-10-20 10:44:25,118 [s2-impl-thread1] INFO  impl.StateMachineUpdater (StateMachineUpdater.java:stopAndJoin(164)) - s2@group-436914476215-StateMachineUpdater: set stopIndex = 16
2024-10-20 10:44:25,117 [s1-impl-thread1] INFO  impl.PendingRequests (PendingRequests.java:sendNotLeaderResponses(287)) - s1@group-436914476215-PendingRequests: sendNotLeaderResponses
2024-10-20 10:44:25,118 [grpc-default-executor-7] INFO  server.GrpcLogAppender (GrpcLogAppender.java:onCompleted(559)) - s1@group-436914476215->s0-AppendLogResponseHandler: follower responses appendEntries COMPLETED
2024-10-20 10:44:25,117 [Thread-1702] INFO  server.GrpcServerProtocolClient (GrpcServerProtocolClient.java:close(105)) - s0 Close channels
2024-10-20 10:44:25,118 [s1@group-436914476215-StateMachineUpdater] INFO  impl.StateMachineUpdater (StateMachineUpdater.java:stop(141)) - s1@group-436914476215-StateMachineUpdater: closing BaseStateMachine, lastApplied=(t:11, i:20)
2024-10-20 10:44:25,118 [s1-impl-thread1] INFO  impl.StateMachineUpdater (StateMachineUpdater.java:stopAndJoin(164)) - s1@group-436914476215-StateMachineUpdater: set stopIndex = 20
2024-10-20 10:44:25,118 [s1-impl-thread1] INFO  raftlog.RaftLog (SegmentedRaftLog.java:close(567)) - Start closing s1@group-436914476215-SegmentedRaftLog:OPENED:c20:last(t:11, i:20)
2024-10-20 10:44:25,118 [Thread-1701] INFO  server.GrpcServerProtocolClient (GrpcServerProtocolClient.java:close(105)) - s0 Close channels
2024-10-20 10:44:25,118 [Thread-1704] INFO  server.GrpcServerProtocolClient (GrpcServerProtocolClient.java:close(105)) - s1 Close channels
2024-10-20 10:44:25,118 [s2@group-436914476215-StateMachineUpdater] INFO  impl.StateMachineUpdater (StateMachineUpdater.java:stop(141)) - s2@group-436914476215-StateMachineUpdater: closing BaseStateMachine, lastApplied=(t:9, i:16)
2024-10-20 10:44:25,119 [s1@group-436914476215-cacheEviction-AwaitToRun] INFO  util.AwaitToRun (AwaitToRun.java:run(49)) - s1@group-436914476215-cacheEviction-AwaitToRun-AwaitForSignal is interrupted
2024-10-20 10:44:25,119 [s2-impl-thread1] INFO  raftlog.RaftLog (SegmentedRaftLog.java:close(567)) - Start closing s2@group-436914476215-SegmentedRaftLog:OPENED:c16:last(t:9, i:16)
2024-10-20 10:44:25,119 [s2@group-436914476215-cacheEviction-AwaitToRun] INFO  util.AwaitToRun (AwaitToRun.java:run(49)) - s2@group-436914476215-cacheEviction-AwaitToRun-AwaitForSignal is interrupted
2024-10-20 10:44:25,119 [s2-impl-thread1] INFO  segmented.LogSegment (LogSegment.java:close(348)) - Successfully closed EntryCache-log_inprogress_15
2024-10-20 10:44:25,119 [s2-impl-thread1] INFO  segmented.LogSegment (LogSegment.java:close(348)) - Successfully closed EntryCache-log-0_0
2024-10-20 10:44:25,119 [s2-impl-thread1] INFO  segmented.LogSegment (LogSegment.java:close(348)) - Successfully closed EntryCache-log-1_2
2024-10-20 10:44:25,119 [s2-impl-thread1] INFO  segmented.LogSegment (LogSegment.java:close(348)) - Successfully closed EntryCache-log-3_4
2024-10-20 10:44:25,119 [s2-impl-thread1] INFO  segmented.LogSegment (LogSegment.java:close(348)) - Successfully closed EntryCache-log-5_6
2024-10-20 10:44:25,120 [s2-impl-thread1] INFO  segmented.LogSegment (LogSegment.java:close(348)) - Successfully closed EntryCache-log-7_8
2024-10-20 10:44:25,120 [s2-impl-thread1] INFO  segmented.LogSegment (LogSegment.java:close(348)) - Successfully closed EntryCache-log-9_10
2024-10-20 10:44:25,120 [s2-impl-thread1] INFO  segmented.LogSegment (LogSegment.java:close(348)) - Successfully closed EntryCache-log-11_12
2024-10-20 10:44:25,120 [s2-impl-thread1] INFO  segmented.LogSegment (LogSegment.java:close(348)) - Successfully closed EntryCache-log-13_14
2024-10-20 10:44:25,118 [grpc-default-executor-9] INFO  server.GrpcServerProtocolService (GrpcServerProtocolService.java:onCompleted(200)) - s0: Completed APPEND_ENTRIES, lastRequest: null
2024-10-20 10:44:25,117 [s0@group-436914476215-StateMachineUpdater] INFO  impl.StateMachineUpdater (StateMachineUpdater.java:stop(141)) - s0@group-436914476215-StateMachineUpdater: closing BaseStateMachine, lastApplied=(t:11, i:20)
2024-10-20 10:44:25,120 [grpc-default-executor-9] INFO  server.GrpcServerProtocolService (GrpcServerProtocolService.java:lambda$onCompleted$7(202)) - s0: Completed APPEND_ENTRIES, lastReply: serverReply {
  requestorId: "s1"
  replyId: "s0"
  raftGroupId {
    id: "\375\210\024\357\262\375HY\244\207Ci\024Gb\025"
  }
  callId: 8
  success: true
}
term: 11
nextIndex: 21
followerCommit: 20
matchIndex: 18446744073709551615
isHearbeat: true

2024-10-20 10:44:25,117 [s0@group-436914476215-FollowerState] INFO  impl.FollowerState (FollowerState.java:runImpl(170)) - s0@group-436914476215-FollowerState was interrupted
2024-10-20 10:44:25,117 [s0-impl-thread1] INFO  impl.StateMachineUpdater (StateMachineUpdater.java:stopAndJoin(164)) - s0@group-436914476215-StateMachineUpdater: set stopIndex = 20
2024-10-20 10:44:25,120 [s1-impl-thread1] INFO  segmented.LogSegment (LogSegment.java:close(348)) - Successfully closed EntryCache-log_inprogress_19
2024-10-20 10:44:25,120 [s0-impl-thread1] INFO  raftlog.RaftLog (SegmentedRaftLog.java:close(567)) - Start closing s0@group-436914476215-SegmentedRaftLog:OPENED:c20:last(t:11, i:20)
2024-10-20 10:44:25,120 [s0@group-436914476215-cacheEviction-AwaitToRun] INFO  util.AwaitToRun (AwaitToRun.java:run(49)) - s0@group-436914476215-cacheEviction-AwaitToRun-AwaitForSignal is interrupted
2024-10-20 10:44:25,120 [s0-impl-thread1] INFO  segmented.LogSegment (LogSegment.java:close(348)) - Successfully closed EntryCache-log_inprogress_19
2024-10-20 10:44:25,120 [s1-impl-thread1] INFO  segmented.LogSegment (LogSegment.java:close(348)) - Successfully closed EntryCache-log-0_0
2024-10-20 10:44:25,120 [s1-impl-thread1] INFO  segmented.LogSegment (LogSegment.java:close(348)) - Successfully closed EntryCache-log-1_2
2024-10-20 10:44:25,120 [s1-impl-thread1] INFO  segmented.LogSegment (LogSegment.java:close(348)) - Successfully closed EntryCache-log-3_4
2024-10-20 10:44:25,120 [s1-impl-thread1] INFO  segmented.LogSegment (LogSegment.java:close(348)) - Successfully closed EntryCache-log-5_6
2024-10-20 10:44:25,120 [s1-impl-thread1] INFO  segmented.LogSegment (LogSegment.java:close(348)) - Successfully closed EntryCache-log-7_8
2024-10-20 10:44:25,120 [s1-impl-thread1] INFO  segmented.LogSegment (LogSegment.java:close(348)) - Successfully closed EntryCache-log-9_10
2024-10-20 10:44:25,120 [s1-impl-thread1] INFO  segmented.LogSegment (LogSegment.java:close(348)) - Successfully closed EntryCache-log-11_12
2024-10-20 10:44:25,121 [s1-impl-thread1] INFO  segmented.LogSegment (LogSegment.java:close(348)) - Successfully closed EntryCache-log-13_14
2024-10-20 10:44:25,121 [s1-impl-thread1] INFO  segmented.LogSegment (LogSegment.java:close(348)) - Successfully closed EntryCache-log-15_16
2024-10-20 10:44:25,121 [s1-impl-thread1] INFO  segmented.LogSegment (LogSegment.java:close(348)) - Successfully closed EntryCache-log-17_18
2024-10-20 10:44:25,120 [s0-impl-thread1] INFO  segmented.LogSegment (LogSegment.java:close(348)) - Successfully closed EntryCache-log-0_0
2024-10-20 10:44:25,121 [s0-impl-thread1] INFO  segmented.LogSegment (LogSegment.java:close(348)) - Successfully closed EntryCache-log-1_2
2024-10-20 10:44:25,121 [s0-impl-thread1] INFO  segmented.LogSegment (LogSegment.java:close(348)) - Successfully closed EntryCache-log-3_4
2024-10-20 10:44:25,121 [s0-impl-thread1] INFO  segmented.LogSegment (LogSegment.java:close(348)) - Successfully closed EntryCache-log-5_6
2024-10-20 10:44:25,121 [s0-impl-thread1] INFO  segmented.LogSegment (LogSegment.java:close(348)) - Successfully closed EntryCache-log-7_8
2024-10-20 10:44:25,121 [s0-impl-thread1] INFO  segmented.LogSegment (LogSegment.java:close(348)) - Successfully closed EntryCache-log-9_10
2024-10-20 10:44:25,121 [MiniRaftCluster-66] INFO  server.GrpcServicesImpl (GrpcServicesImpl.java:closeImpl(371)) - s2: shutdown server org.apache.ratis.grpc.server.GrpcClientProtocolService successfully
2024-10-20 10:44:25,121 [MiniRaftCluster-66] INFO  server.GrpcServicesImpl (GrpcServicesImpl.java:closeImpl(362)) - s2: shutdown server GrpcServerProtocolService now
2024-10-20 10:44:25,121 [Thread-1708] INFO  server.GrpcServerProtocolClient (GrpcServerProtocolClient.java:close(105)) - s1 Close channels
2024-10-20 10:44:25,122 [s0-impl-thread1] INFO  segmented.LogSegment (LogSegment.java:close(348)) - Successfully closed EntryCache-log-11_12
2024-10-20 10:44:25,122 [s0-impl-thread1] INFO  segmented.LogSegment (LogSegment.java:close(348)) - Successfully closed EntryCache-log-13_14
2024-10-20 10:44:25,122 [s0-impl-thread1] INFO  segmented.LogSegment (LogSegment.java:close(348)) - Successfully closed EntryCache-log-15_16
2024-10-20 10:44:25,122 [s0-impl-thread1] INFO  segmented.LogSegment (LogSegment.java:close(348)) - Successfully closed EntryCache-log-17_18
2024-10-20 10:44:25,122 [grpc-default-executor-8] INFO  server.GrpcLogAppender (GrpcLogAppender.java:onError(546)) - s0@group-436914476215->s2-GrpcLogAppender is already stopped
2024-10-20 10:44:25,122 [Thread-1709] INFO  server.GrpcServerProtocolClient (GrpcServerProtocolClient.java:close(105)) - s2 Close channels
2024-10-20 10:44:25,123 [MiniRaftCluster-66] INFO  server.GrpcServicesImpl (GrpcServicesImpl.java:closeImpl(371)) - s2: shutdown server GrpcServerProtocolService successfully
2024-10-20 10:44:25,123 [MiniRaftCluster-66] INFO  server.GrpcServicesImpl (GrpcServicesImpl.java:closeImpl(362)) - s2: shutdown server org.apache.ratis.grpc.server.GrpcAdminProtocolService now
2024-10-20 10:44:25,123 [MiniRaftCluster-66] INFO  server.GrpcServicesImpl (GrpcServicesImpl.java:closeImpl(371)) - s2: shutdown server org.apache.ratis.grpc.server.GrpcAdminProtocolService successfully
2024-10-20 10:44:25,123 [grpc-default-executor-14] INFO  server.GrpcLogAppender (GrpcLogAppender.java:onError(546)) - s1@group-436914476215->s2-GrpcLogAppender is already stopped
2024-10-20 10:44:25,123 [grpc-default-executor-15] INFO  server.GrpcLogAppender (GrpcLogAppender.java:onError(546)) - s1@group-436914476215->s2-GrpcLogAppender is already stopped
2024-10-20 10:44:25,123 [grpc-default-executor-14] INFO  server.GrpcLogAppender (GrpcLogAppender.java:onError(546)) - s1@group-436914476215->s2-GrpcLogAppender is already stopped
2024-10-20 10:44:25,124 [grpc-default-executor-14] INFO  server.GrpcLogAppender (GrpcLogAppender.java:onError(546)) - s0@group-436914476215->s2-GrpcLogAppender is already stopped
2024-10-20 10:44:25,124 [MiniRaftCluster-65] INFO  server.GrpcServicesImpl (GrpcServicesImpl.java:closeImpl(371)) - s1: shutdown server org.apache.ratis.grpc.server.GrpcClientProtocolService successfully
2024-10-20 10:44:25,124 [MiniRaftCluster-65] INFO  server.GrpcServicesImpl (GrpcServicesImpl.java:closeImpl(362)) - s1: shutdown server GrpcServerProtocolService now
2024-10-20 10:44:25,124 [grpc-default-executor-15] INFO  server.GrpcLogAppender (GrpcLogAppender.java:onCompleted(559)) - s1@group-436914476215->s0-AppendLogResponseHandler: follower responses appendEntries COMPLETED
2024-10-20 10:44:25,124 [grpc-default-executor-15] WARN  server.GrpcLogAppender (GrpcLogAppender.java:resetClient(230)) - s1@group-436914476215->s0-GrpcLogAppender: Failed to getClient for s0
org.apache.ratis.protocol.exceptions.AlreadyClosedException: s1 is already CLOSED
	at org.apache.ratis.util.PeerProxyMap$PeerAndProxy.getProxy(PeerProxyMap.java:67)
	at org.apache.ratis.util.PeerProxyMap.getProxy(PeerProxyMap.java:124)
	at org.apache.ratis.grpc.server.GrpcLogAppender.getClient(GrpcLogAppender.java:200)
	at org.apache.ratis.grpc.server.GrpcLogAppender.resetClient(GrpcLogAppender.java:205)
	at org.apache.ratis.grpc.server.GrpcLogAppender.access$800(GrpcLogAppender.java:64)
	at org.apache.ratis.grpc.server.GrpcLogAppender$AppendLogResponseHandler.onCompleted(GrpcLogAppender.java:560)
	at org.apache.ratis.thirdparty.io.grpc.stub.ClientCalls$StreamObserverToCallListenerAdapter.onClose(ClientCalls.java:479)
	at org.apache.ratis.thirdparty.io.grpc.internal.ClientCallImpl.closeObserver(ClientCallImpl.java:567)
	at org.apache.ratis.thirdparty.io.grpc.internal.ClientCallImpl.access$300(ClientCallImpl.java:71)
	at org.apache.ratis.thirdparty.io.grpc.internal.ClientCallImpl$ClientStreamListenerImpl$1StreamClosed.runInternal(ClientCallImpl.java:735)
	at org.apache.ratis.thirdparty.io.grpc.internal.ClientCallImpl$ClientStreamListenerImpl$1StreamClosed.runInContext(ClientCallImpl.java:716)
	at org.apache.ratis.thirdparty.io.grpc.internal.ContextRunnable.run(ContextRunnable.java:37)
	at org.apache.ratis.thirdparty.io.grpc.internal.SerializingExecutor.run(SerializingExecutor.java:133)
	at java.util.concurrent.ThreadPoolExecutor.runWorker(ThreadPoolExecutor.java:1149)
	at java.util.concurrent.ThreadPoolExecutor$Worker.run(ThreadPoolExecutor.java:624)
	at java.lang.Thread.run(Thread.java:750)
2024-10-20 10:44:25,130 [MiniRaftCluster-65] INFO  server.GrpcServicesImpl (GrpcServicesImpl.java:closeImpl(371)) - s1: shutdown server GrpcServerProtocolService successfully
2024-10-20 10:44:25,130 [MiniRaftCluster-65] INFO  server.GrpcServicesImpl (GrpcServicesImpl.java:closeImpl(362)) - s1: shutdown server org.apache.ratis.grpc.server.GrpcAdminProtocolService now
2024-10-20 10:44:25,131 [MiniRaftCluster-64] INFO  server.GrpcServicesImpl (GrpcServicesImpl.java:closeImpl(371)) - s0: shutdown server org.apache.ratis.grpc.server.GrpcClientProtocolService successfully
2024-10-20 10:44:25,131 [MiniRaftCluster-64] INFO  server.GrpcServicesImpl (GrpcServicesImpl.java:closeImpl(362)) - s0: shutdown server GrpcServerProtocolService now
2024-10-20 10:44:25,131 [grpc-default-executor-15] INFO  server.GrpcLogAppender (GrpcLogAppender.java:onError(546)) - s0@group-436914476215->s1-GrpcLogAppender is already stopped
2024-10-20 10:44:25,131 [MiniRaftCluster-64] INFO  server.GrpcServicesImpl (GrpcServicesImpl.java:closeImpl(371)) - s0: shutdown server GrpcServerProtocolService successfully
2024-10-20 10:44:25,131 [MiniRaftCluster-64] INFO  server.GrpcServicesImpl (GrpcServicesImpl.java:closeImpl(362)) - s0: shutdown server org.apache.ratis.grpc.server.GrpcAdminProtocolService now
2024-10-20 10:44:25,131 [MiniRaftCluster-65] INFO  server.GrpcServicesImpl (GrpcServicesImpl.java:closeImpl(371)) - s1: shutdown server org.apache.ratis.grpc.server.GrpcAdminProtocolService successfully
2024-10-20 10:44:25,131 [MiniRaftCluster-64] INFO  server.GrpcServicesImpl (GrpcServicesImpl.java:closeImpl(371)) - s0: shutdown server org.apache.ratis.grpc.server.GrpcAdminProtocolService successfully
2024-10-20 10:44:25,132 [s1-server-thread2] INFO  util.CodeInjectionForTesting (BlockRequestHandlingInjection.java:execute(84)) - s1: unBlock request from s0
2024-10-20 10:44:25,132 [s1-server-thread2] ERROR server.RaftServer$Division (RaftServerImpl.java:appendEntriesAsync(1518)) - s1@group-436914476215: Failed appendEntries* s0->s1#4-t10,previous=(t:10, i:18),leaderCommit=18,initializing? false,HEARTBEAT
org.apache.ratis.protocol.exceptions.ServerNotReadyException: s1@group-436914476215 is not in [STARTING, RUNNING]: current state is CLOSING
	at org.apache.ratis.server.impl.RaftServerImpl.lambda$assertLifeCycleState$7(RaftServerImpl.java:791)
	at org.apache.ratis.util.LifeCycle.assertCurrentState(LifeCycle.java:260)
	at org.apache.ratis.server.impl.RaftServerImpl.assertLifeCycleState(RaftServerImpl.java:790)
	at org.apache.ratis.server.impl.RaftServerImpl.appendEntriesAsync(RaftServerImpl.java:1509)
	at org.apache.ratis.server.impl.RaftServerProxy.lambda$null$28(RaftServerProxy.java:655)
	at org.apache.ratis.util.JavaUtils.callAsUnchecked(JavaUtils.java:118)
	at org.apache.ratis.server.impl.RaftServerImpl.lambda$executeSubmitServerRequestAsync$10(RaftServerImpl.java:907)
	at java.util.concurrent.CompletableFuture$AsyncSupply.run(CompletableFuture.java:1604)
	at java.util.concurrent.ThreadPoolExecutor.runWorker(ThreadPoolExecutor.java:1149)
	at java.util.concurrent.ThreadPoolExecutor$Worker.run(ThreadPoolExecutor.java:624)
	at java.lang.Thread.run(Thread.java:750)
2024-10-20 10:44:25,133 [grpc-default-executor-5] WARN  server.GrpcServerProtocolService (LogUtils.java:warn(121)) - s1: APPEND_ENTRIES onError, lastRequest: null: org.apache.ratis.thirdparty.io.grpc.StatusRuntimeException: CANCELLED: client cancelled
2024-10-20 10:44:25,420 [s2-impl-thread1] INFO  segmented.SegmentedRaftLogWorker (SegmentedRaftLogWorker.java:close(253)) - s2@group-436914476215-SegmentedRaftLogWorker close()
2024-10-20 10:44:25,420 [s2-impl-thread1] INFO  raftlog.RaftLog (SegmentedRaftLog.java:close(575)) - Successfully closed s2@group-436914476215-SegmentedRaftLog:CLOSED:c16
2024-10-20 10:44:25,692 [s1-impl-thread1] INFO  segmented.SegmentedRaftLogWorker (SegmentedRaftLogWorker.java:close(253)) - s1@group-436914476215-SegmentedRaftLogWorker close()
2024-10-20 10:44:25,692 [s1-impl-thread1] INFO  raftlog.RaftLog (SegmentedRaftLog.java:close(575)) - Successfully closed s1@group-436914476215-SegmentedRaftLog:CLOSED:c20
2024-10-20 10:44:25,693 [JvmPauseMonitor64] INFO  util.JvmPauseMonitor (JvmPauseMonitor.java:run(152)) - JvmPauseMonitor-s1: Stopped
2024-10-20 10:44:25,694 [s0-impl-thread1] INFO  segmented.SegmentedRaftLogWorker (SegmentedRaftLogWorker.java:close(253)) - s0@group-436914476215-SegmentedRaftLogWorker close()
2024-10-20 10:44:25,694 [s0-impl-thread1] INFO  raftlog.RaftLog (SegmentedRaftLog.java:close(575)) - Successfully closed s0@group-436914476215-SegmentedRaftLog:CLOSED:c20
2024-10-20 10:44:25,694 [JvmPauseMonitor63] INFO  util.JvmPauseMonitor (JvmPauseMonitor.java:run(152)) - JvmPauseMonitor-s0: Stopped
2024-10-20 10:44:26,116 [main] WARN  impl.MiniRaftCluster (MiniRaftCluster.java:shutdown(872)) - 1/30: Not yet able to shutdown executor, will wait again ...
2024-10-20 10:44:27,116 [main] WARN  impl.MiniRaftCluster (MiniRaftCluster.java:shutdown(872)) - 2/30: Not yet able to shutdown executor, will wait again ...
2024-10-20 10:44:27,139 [timer0] WARN  server.GrpcLogAppender (GrpcLogAppender.java:timeoutAppendRequest(450)) - s0@group-436914476215->s2-GrpcLogAppender: Timed out HEARTBEAT appendEntries, errorCount=1, request=AppendEntriesRequest:cid=0,entriesCount=0
2024-10-20 10:44:27,140 [timer2] WARN  server.GrpcLogAppender (GrpcLogAppender.java:timeoutAppendRequest(450)) - s0@group-436914476215->s2-GrpcLogAppender: Timed out appendEntries, errorCount=2, request=AppendEntriesRequest:cid=1,entriesCount=1,entry=(t:10, i:17)
2024-10-20 10:44:27,147 [timer4] WARN  server.GrpcLogAppender (GrpcLogAppender.java:timeoutAppendRequest(450)) - s0@group-436914476215->s2-GrpcLogAppender: Timed out HEARTBEAT appendEntries, errorCount=3, request=AppendEntriesRequest:cid=2,entriesCount=0
2024-10-20 10:44:27,155 [timer6] WARN  server.GrpcLogAppender (GrpcLogAppender.java:timeoutAppendRequest(450)) - s0@group-436914476215->s2-GrpcLogAppender: Timed out HEARTBEAT appendEntries, errorCount=4, request=AppendEntriesRequest:cid=3,entriesCount=0
2024-10-20 10:44:27,156 [timer6] WARN  server.GrpcLogAppender (GrpcLogAppender.java:timeoutAppendRequest(450)) - s0@group-436914476215->s2-GrpcLogAppender: Timed out HEARTBEAT appendEntries, errorCount=5, request=AppendEntriesRequest:cid=4,entriesCount=0
2024-10-20 10:44:27,158 [timer6] WARN  server.GrpcLogAppender (GrpcLogAppender.java:timeoutAppendRequest(450)) - s0@group-436914476215->s2-GrpcLogAppender: Timed out HEARTBEAT appendEntries, errorCount=6, request=AppendEntriesRequest:cid=5,entriesCount=0
2024-10-20 10:44:27,196 [timer5] WARN  server.GrpcLogAppender (GrpcLogAppender.java:timeoutAppendRequest(450)) - s0@group-436914476215->s2-GrpcLogAppender: Timed out HEARTBEAT appendEntries, errorCount=7, request=AppendEntriesRequest:cid=6,entriesCount=0
2024-10-20 10:44:27,233 [timer6] WARN  server.GrpcLogAppender (GrpcLogAppender.java:timeoutAppendRequest(450)) - s0@group-436914476215->s2-GrpcLogAppender: Timed out HEARTBEAT appendEntries, errorCount=8, request=AppendEntriesRequest:cid=7,entriesCount=0
2024-10-20 10:44:27,270 [timer7] WARN  server.GrpcLogAppender (GrpcLogAppender.java:timeoutAppendRequest(450)) - s0@group-436914476215->s2-GrpcLogAppender: Timed out HEARTBEAT appendEntries, errorCount=9, request=AppendEntriesRequest:cid=8,entriesCount=0
2024-10-20 10:44:27,308 [timer3] WARN  server.GrpcLogAppender (GrpcLogAppender.java:timeoutAppendRequest(450)) - s0@group-436914476215->s2-GrpcLogAppender: Timed out HEARTBEAT appendEntries, errorCount=10, request=AppendEntriesRequest:cid=9,entriesCount=0
2024-10-20 10:44:27,345 [timer3] WARN  server.GrpcLogAppender (GrpcLogAppender.java:timeoutAppendRequest(450)) - s0@group-436914476215->s2-GrpcLogAppender: Timed out HEARTBEAT appendEntries, errorCount=11, request=AppendEntriesRequest:cid=10,entriesCount=0
2024-10-20 10:44:27,383 [timer5] WARN  server.GrpcLogAppender (GrpcLogAppender.java:timeoutAppendRequest(450)) - s0@group-436914476215->s2-GrpcLogAppender: Timed out HEARTBEAT appendEntries, errorCount=12, request=AppendEntriesRequest:cid=11,entriesCount=0
2024-10-20 10:44:27,421 [timer5] WARN  server.GrpcLogAppender (GrpcLogAppender.java:timeoutAppendRequest(450)) - s0@group-436914476215->s2-GrpcLogAppender: Timed out HEARTBEAT appendEntries, errorCount=13, request=AppendEntriesRequest:cid=12,entriesCount=0
2024-10-20 10:44:27,458 [timer5] WARN  server.GrpcLogAppender (GrpcLogAppender.java:timeoutAppendRequest(450)) - s0@group-436914476215->s2-GrpcLogAppender: Timed out HEARTBEAT appendEntries, errorCount=14, request=AppendEntriesRequest:cid=13,entriesCount=0
2024-10-20 10:44:27,496 [timer5] WARN  server.GrpcLogAppender (GrpcLogAppender.java:timeoutAppendRequest(450)) - s0@group-436914476215->s2-GrpcLogAppender: Timed out HEARTBEAT appendEntries, errorCount=15, request=AppendEntriesRequest:cid=14,entriesCount=0
2024-10-20 10:44:27,534 [timer5] WARN  server.GrpcLogAppender (GrpcLogAppender.java:timeoutAppendRequest(450)) - s0@group-436914476215->s2-GrpcLogAppender: Timed out HEARTBEAT appendEntries, errorCount=16, request=AppendEntriesRequest:cid=15,entriesCount=0
2024-10-20 10:44:27,572 [timer5] WARN  server.GrpcLogAppender (GrpcLogAppender.java:timeoutAppendRequest(450)) - s0@group-436914476215->s2-GrpcLogAppender: Timed out HEARTBEAT appendEntries, errorCount=17, request=AppendEntriesRequest:cid=16,entriesCount=0
2024-10-20 10:44:27,610 [timer5] WARN  server.GrpcLogAppender (GrpcLogAppender.java:timeoutAppendRequest(450)) - s0@group-436914476215->s2-GrpcLogAppender: Timed out HEARTBEAT appendEntries, errorCount=18, request=AppendEntriesRequest:cid=17,entriesCount=0
2024-10-20 10:44:27,647 [timer4] WARN  server.GrpcLogAppender (GrpcLogAppender.java:timeoutAppendRequest(450)) - s0@group-436914476215->s2-GrpcLogAppender: Timed out HEARTBEAT appendEntries, errorCount=19, request=AppendEntriesRequest:cid=18,entriesCount=0
2024-10-20 10:44:27,675 [timer5] WARN  server.GrpcLogAppender (GrpcLogAppender.java:timeoutAppendRequest(450)) - s1@group-436914476215->s2-GrpcLogAppender: Timed out HEARTBEAT appendEntries, errorCount=1, request=AppendEntriesRequest:cid=0,entriesCount=0
2024-10-20 10:44:27,676 [timer7] WARN  server.GrpcLogAppender (GrpcLogAppender.java:timeoutAppendRequest(450)) - s1@group-436914476215->s2-GrpcLogAppender: Timed out appendEntries, errorCount=2, request=AppendEntriesRequest:cid=1,entriesCount=1,entry=(t:11, i:19)
2024-10-20 10:44:27,678 [timer0] WARN  server.GrpcLogAppender (GrpcLogAppender.java:timeoutAppendRequest(450)) - s1@group-436914476215->s2-GrpcLogAppender: Timed out HEARTBEAT appendEntries, errorCount=3, request=AppendEntriesRequest:cid=2,entriesCount=0
2024-10-20 10:44:27,691 [timer2] WARN  server.GrpcLogAppender (GrpcLogAppender.java:timeoutAppendRequest(450)) - s1@group-436914476215->s2-GrpcLogAppender: Timed out HEARTBEAT appendEntries, errorCount=4, request=AppendEntriesRequest:cid=3,entriesCount=0
2024-10-20 10:44:27,693 [timer2] WARN  server.GrpcLogAppender (GrpcLogAppender.java:timeoutAppendRequest(450)) - s1@group-436914476215->s2-GrpcLogAppender: Timed out HEARTBEAT appendEntries, errorCount=5, request=AppendEntriesRequest:cid=4,entriesCount=0
2024-10-20 10:44:27,731 [timer1] WARN  server.GrpcLogAppender (GrpcLogAppender.java:timeoutAppendRequest(450)) - s1@group-436914476215->s2-GrpcLogAppender: Timed out HEARTBEAT appendEntries, errorCount=6, request=AppendEntriesRequest:cid=5,entriesCount=0
2024-10-20 10:44:27,769 [timer0] WARN  server.GrpcLogAppender (GrpcLogAppender.java:timeoutAppendRequest(450)) - s1@group-436914476215->s2-GrpcLogAppender: Timed out HEARTBEAT appendEntries, errorCount=7, request=AppendEntriesRequest:cid=6,entriesCount=0
2024-10-20 10:44:27,807 [timer5] WARN  server.GrpcLogAppender (GrpcLogAppender.java:timeoutAppendRequest(450)) - s1@group-436914476215->s2-GrpcLogAppender: Timed out HEARTBEAT appendEntries, errorCount=8, request=AppendEntriesRequest:cid=7,entriesCount=0
2024-10-20 10:44:27,846 [timer7] WARN  server.GrpcLogAppender (GrpcLogAppender.java:timeoutAppendRequest(450)) - s1@group-436914476215->s2-GrpcLogAppender: Timed out HEARTBEAT appendEntries, errorCount=9, request=AppendEntriesRequest:cid=8,entriesCount=0
2024-10-20 10:44:27,883 [timer6] WARN  server.GrpcLogAppender (GrpcLogAppender.java:timeoutAppendRequest(450)) - s1@group-436914476215->s2-GrpcLogAppender: Timed out HEARTBEAT appendEntries, errorCount=10, request=AppendEntriesRequest:cid=9,entriesCount=0
2024-10-20 10:44:27,922 [timer6] WARN  server.GrpcLogAppender (GrpcLogAppender.java:timeoutAppendRequest(450)) - s1@group-436914476215->s2-GrpcLogAppender: Timed out HEARTBEAT appendEntries, errorCount=11, request=AppendEntriesRequest:cid=10,entriesCount=0
2024-10-20 10:44:27,959 [timer4] WARN  server.GrpcLogAppender (GrpcLogAppender.java:timeoutAppendRequest(450)) - s1@group-436914476215->s2-GrpcLogAppender: Timed out HEARTBEAT appendEntries, errorCount=12, request=AppendEntriesRequest:cid=11,entriesCount=0
2024-10-20 10:44:27,996 [timer3] WARN  server.GrpcLogAppender (GrpcLogAppender.java:timeoutAppendRequest(450)) - s1@group-436914476215->s2-GrpcLogAppender: Timed out HEARTBEAT appendEntries, errorCount=13, request=AppendEntriesRequest:cid=12,entriesCount=0
2024-10-20 10:44:28,034 [timer3] WARN  server.GrpcLogAppender (GrpcLogAppender.java:timeoutAppendRequest(450)) - s1@group-436914476215->s2-GrpcLogAppender: Timed out HEARTBEAT appendEntries, errorCount=14, request=AppendEntriesRequest:cid=13,entriesCount=0
2024-10-20 10:44:28,071 [timer2] WARN  server.GrpcLogAppender (GrpcLogAppender.java:timeoutAppendRequest(450)) - s1@group-436914476215->s2-GrpcLogAppender: Timed out HEARTBEAT appendEntries, errorCount=15, request=AppendEntriesRequest:cid=14,entriesCount=0
2024-10-20 10:44:28,109 [timer2] WARN  server.GrpcLogAppender (GrpcLogAppender.java:timeoutAppendRequest(450)) - s1@group-436914476215->s2-GrpcLogAppender: Timed out HEARTBEAT appendEntries, errorCount=16, request=AppendEntriesRequest:cid=15,entriesCount=0
2024-10-20 10:44:28,117 [main] WARN  impl.MiniRaftCluster (MiniRaftCluster.java:shutdown(872)) - 3/30: Not yet able to shutdown executor, will wait again ...
2024-10-20 10:44:29,117 [main] WARN  impl.MiniRaftCluster (MiniRaftCluster.java:shutdown(872)) - 4/30: Not yet able to shutdown executor, will wait again ...
2024-10-20 10:44:29,120 [Timer-16] INFO  impl.MiniRaftCluster (MiniRaftCluster.java:lambda$null$7(362)) - TIMED-PRINT: printing ALL groups
  s0:   CLOSED  FOLLOWER s0@group-436914476215:t11, leader=s1, voted=s1, raftlog=Memoized:s0@group-436914476215-SegmentedRaftLog:CLOSED:c20, conf=conf: {index: 19, cur=peers:[s0|localhost:15252, s1|localhost:15256, s2|localhost:15260]|listeners:[], old=null} CLOSED
  s1:   CLOSED    LEADER s1@group-436914476215:t11, leader=s1, voted=s1, raftlog=Memoized:s1@group-436914476215-SegmentedRaftLog:CLOSED:c20, conf=conf: {index: 19, cur=peers:[s0|localhost:15252, s1|localhost:15256, s2|localhost:15260]|listeners:[], old=null} CLOSED
  s2:  CLOSING  FOLLOWER s2@group-436914476215:t10, leader=null, voted=null, raftlog=Memoized:s2@group-436914476215-SegmentedRaftLog:CLOSED:c16, conf=conf: {index: 15, cur=peers:[s0|localhost:15252, s1|localhost:15256, s2|localhost:15260]|listeners:[], old=null} CLOSING
2024-10-20 10:44:30,117 [main] WARN  impl.MiniRaftCluster (MiniRaftCluster.java:shutdown(872)) - 5/30: Not yet able to shutdown executor, will wait again ...
2024-10-20 10:44:31,118 [main] WARN  impl.MiniRaftCluster (MiniRaftCluster.java:shutdown(872)) - 6/30: Not yet able to shutdown executor, will wait again ...
2024-10-20 10:44:32,118 [main] WARN  impl.MiniRaftCluster (MiniRaftCluster.java:shutdown(872)) - 7/30: Not yet able to shutdown executor, will wait again ...
2024-10-20 10:44:33,119 [main] WARN  impl.MiniRaftCluster (MiniRaftCluster.java:shutdown(872)) - 8/30: Not yet able to shutdown executor, will wait again ...
2024-10-20 10:44:34,119 [main] WARN  impl.MiniRaftCluster (MiniRaftCluster.java:shutdown(872)) - 9/30: Not yet able to shutdown executor, will wait again ...
2024-10-20 10:44:35,119 [main] WARN  impl.MiniRaftCluster (MiniRaftCluster.java:shutdown(872)) - 10/30: Not yet able to shutdown executor, will wait again ...
2024-10-20 10:44:36,120 [main] WARN  impl.MiniRaftCluster (MiniRaftCluster.java:shutdown(872)) - 11/30: Not yet able to shutdown executor, will wait again ...
2024-10-20 10:44:37,120 [main] WARN  impl.MiniRaftCluster (MiniRaftCluster.java:shutdown(872)) - 12/30: Not yet able to shutdown executor, will wait again ...
2024-10-20 10:44:38,121 [main] WARN  impl.MiniRaftCluster (MiniRaftCluster.java:shutdown(872)) - 13/30: Not yet able to shutdown executor, will wait again ...
2024-10-20 10:44:39,120 [Timer-16] INFO  impl.MiniRaftCluster (MiniRaftCluster.java:lambda$null$7(362)) - TIMED-PRINT: printing ALL groups
  s0:   CLOSED  FOLLOWER s0@group-436914476215:t11, leader=s1, voted=s1, raftlog=Memoized:s0@group-436914476215-SegmentedRaftLog:CLOSED:c20, conf=conf: {index: 19, cur=peers:[s0|localhost:15252, s1|localhost:15256, s2|localhost:15260]|listeners:[], old=null} CLOSED
  s1:   CLOSED    LEADER s1@group-436914476215:t11, leader=s1, voted=s1, raftlog=Memoized:s1@group-436914476215-SegmentedRaftLog:CLOSED:c20, conf=conf: {index: 19, cur=peers:[s0|localhost:15252, s1|localhost:15256, s2|localhost:15260]|listeners:[], old=null} CLOSED
  s2:  CLOSING  FOLLOWER s2@group-436914476215:t10, leader=null, voted=null, raftlog=Memoized:s2@group-436914476215-SegmentedRaftLog:CLOSED:c16, conf=conf: {index: 15, cur=peers:[s0|localhost:15252, s1|localhost:15256, s2|localhost:15260]|listeners:[], old=null} CLOSING
2024-10-20 10:44:39,121 [main] WARN  impl.MiniRaftCluster (MiniRaftCluster.java:shutdown(872)) - 14/30: Not yet able to shutdown executor, will wait again ...
2024-10-20 10:44:40,121 [main] WARN  impl.MiniRaftCluster (MiniRaftCluster.java:shutdown(872)) - 15/30: Not yet able to shutdown executor, will wait again ...
2024-10-20 10:44:41,122 [main] WARN  impl.MiniRaftCluster (MiniRaftCluster.java:shutdown(872)) - 16/30: Not yet able to shutdown executor, will wait again ...
2024-10-20 10:44:42,122 [main] WARN  impl.MiniRaftCluster (MiniRaftCluster.java:shutdown(872)) - 17/30: Not yet able to shutdown executor, will wait again ...
2024-10-20 10:44:43,122 [main] WARN  impl.MiniRaftCluster (MiniRaftCluster.java:shutdown(872)) - 18/30: Not yet able to shutdown executor, will wait again ...
2024-10-20 10:44:44,123 [main] WARN  impl.MiniRaftCluster (MiniRaftCluster.java:shutdown(872)) - 19/30: Not yet able to shutdown executor, will wait again ...
2024-10-20 10:44:45,123 [main] WARN  impl.MiniRaftCluster (MiniRaftCluster.java:shutdown(872)) - 20/30: Not yet able to shutdown executor, will wait again ...
2024-10-20 10:44:46,124 [main] WARN  impl.MiniRaftCluster (MiniRaftCluster.java:shutdown(872)) - 21/30: Not yet able to shutdown executor, will wait again ...
2024-10-20 10:44:47,124 [main] WARN  impl.MiniRaftCluster (MiniRaftCluster.java:shutdown(872)) - 22/30: Not yet able to shutdown executor, will wait again ...
2024-10-20 10:44:48,124 [main] WARN  impl.MiniRaftCluster (MiniRaftCluster.java:shutdown(872)) - 23/30: Not yet able to shutdown executor, will wait again ...
2024-10-20 10:44:49,120 [Timer-16] INFO  impl.MiniRaftCluster (MiniRaftCluster.java:lambda$null$7(362)) - TIMED-PRINT: printing ALL groups
  s0:   CLOSED  FOLLOWER s0@group-436914476215:t11, leader=s1, voted=s1, raftlog=Memoized:s0@group-436914476215-SegmentedRaftLog:CLOSED:c20, conf=conf: {index: 19, cur=peers:[s0|localhost:15252, s1|localhost:15256, s2|localhost:15260]|listeners:[], old=null} CLOSED
  s1:   CLOSED    LEADER s1@group-436914476215:t11, leader=s1, voted=s1, raftlog=Memoized:s1@group-436914476215-SegmentedRaftLog:CLOSED:c20, conf=conf: {index: 19, cur=peers:[s0|localhost:15252, s1|localhost:15256, s2|localhost:15260]|listeners:[], old=null} CLOSED
  s2:  CLOSING  FOLLOWER s2@group-436914476215:t10, leader=null, voted=null, raftlog=Memoized:s2@group-436914476215-SegmentedRaftLog:CLOSED:c16, conf=conf: {index: 15, cur=peers:[s0|localhost:15252, s1|localhost:15256, s2|localhost:15260]|listeners:[], old=null} CLOSING
2024-10-20 10:44:49,125 [main] WARN  impl.MiniRaftCluster (MiniRaftCluster.java:shutdown(872)) - 24/30: Not yet able to shutdown executor, will wait again ...
2024-10-20 10:44:50,125 [main] WARN  impl.MiniRaftCluster (MiniRaftCluster.java:shutdown(872)) - 25/30: Not yet able to shutdown executor, will wait again ...
2024-10-20 10:44:51,125 [main] WARN  impl.MiniRaftCluster (MiniRaftCluster.java:shutdown(872)) - 26/30: Not yet able to shutdown executor, will wait again ...
2024-10-20 10:44:52,126 [main] WARN  impl.MiniRaftCluster (MiniRaftCluster.java:shutdown(872)) - 27/30: Not yet able to shutdown executor, will wait again ...
2024-10-20 10:44:53,126 [main] WARN  impl.MiniRaftCluster (MiniRaftCluster.java:shutdown(872)) - 28/30: Not yet able to shutdown executor, will wait again ...
2024-10-20 10:44:54,126 [main] WARN  impl.MiniRaftCluster (MiniRaftCluster.java:shutdown(872)) - 29/30: Not yet able to shutdown executor, will wait again ...
2024-10-20 10:44:55,127 [main] ERROR impl.MiniRaftCluster (MiniRaftCluster.java:shutdown(874)) - Failed to shutdown executor, some servers may be still running:
printing ALL groups
  s0:   CLOSED  FOLLOWER s0@group-436914476215:t11, leader=s1, voted=s1, raftlog=Memoized:s0@group-436914476215-SegmentedRaftLog:CLOSED:c20, conf=conf: {index: 19, cur=peers:[s0|localhost:15252, s1|localhost:15256, s2|localhost:15260]|listeners:[], old=null} CLOSED
  s1:   CLOSED    LEADER s1@group-436914476215:t11, leader=s1, voted=s1, raftlog=Memoized:s1@group-436914476215-SegmentedRaftLog:CLOSED:c20, conf=conf: {index: 19, cur=peers:[s0|localhost:15252, s1|localhost:15256, s2|localhost:15260]|listeners:[], old=null} CLOSED
  s2:  CLOSING  FOLLOWER s2@group-436914476215:t10, leader=null, voted=null, raftlog=Memoized:s2@group-436914476215-SegmentedRaftLog:CLOSED:c16, conf=conf: {index: 15, cur=peers:[s0|localhost:15252, s1|localhost:15256, s2|localhost:15260]|listeners:[], old=null} CLOSING
2024-10-20 10:44:55,127 [main] INFO  impl.MiniRaftCluster (MiniRaftCluster.java:shutdown(885)) - MiniRaftClusterWithGrpc shutdown completed
2024-10-20 10:44:55,128 [main] INFO  ratis.RaftTestUtil (RaftTestUtil.java:gc(596)) - gc 0
2024-10-20 10:44:55,269 [main] WARN  util.ReferenceCountedLeakDetector (ReferenceCountedLeakDetector.java:logLeakMessage(167)) - LEAK: (class org.apache.ratis.proto.RaftProtos$AppendEntriesRequestProto, count=2, value=serverRequest {
  requestorId: "s0"
  replyId: "s2"
  raftGroupId {
    id: "\375\210\024\357\262\375HY\244\207Ci\024Gb\025"
  }
}
leaderTerm: 10
previousLog {
  term: 9
  index: 16
}
leaderCommit: 16
commitInfos {
  server {
    id: "s0"
    address: "localhost:15252"
    dataStreamAddress: "localhost:15255"
    clientAddress: "localhost:15254"
    adminAddress: "localhost:15253"
    startupRole: FOLLOWER
  }
  commitIndex: 16
}
commitInfos {
  server {
    id: "s1"
    address: "localhost:15256"
    dataStreamAddress: "localhost:15259"
    clientAddress: "localhost:15258"
    adminAddress: "localhost:15257"
    startupRole: FOLLOWER
  }
  commitIndex: 16
}
commitInfos {
  server {
    id: "s2"
    address: "localhost:15260"
    dataStreamAddress: "localhost:15263"
    clientAddress: "localhost:15262"
    adminAddress: "localhost:15261"
    startupRole: FOLLOWER
  }
  commitIndex: 16
}
)
2024-10-20 10:44:55,269 [main] WARN  util.ReferenceCountedLeakDetector (ReferenceCountedLeakDetector.java:logLeakMessage(167)) - LEAK: (class org.apache.ratis.proto.RaftProtos$AppendEntriesRequestProto, count=3, value=serverRequest {
  requestorId: "s1"
  replyId: "s2"
  raftGroupId {
    id: "\375\210\024\357\262\375HY\244\207Ci\024Gb\025"
  }
  callId: 1
}
leaderTerm: 11
previousLog {
  term: 10
  index: 18
}
entries {
  term: 11
  index: 19
  configurationEntry {
    peers {
      id: "s0"
      address: "localhost:15252"
      dataStreamAddress: "localhost:15255"
      clientAddress: "localhost:15254"
      adminAddress: "localhost:15253"
      startupRole: FOLLOWER
    }
    peers {
      id: "s1"
      address: "localhost:15256"
      dataStreamAddress: "localhost:15259"
      clientAddress: "localhost:15258"
      adminAddress: "localhost:15257"
      startupRole: FOLLOWER
    }
    peers {
      id: "s2"
      address: "localhost:15260"
      dataStreamAddress: "localhost:15263"
      clientAddress: "localhost:15262"
      adminAddress: "localhost:15261"
      startupRole: FOLLOWER
    }
  }
}
leaderCommit: 17
commitInfos {
  server {
    id: "s1"
    address: "localhost:15256"
    dataStreamAddress: "localhost:15259"
    clientAddress: "localhost:15258"
    adminAddress: "localhost:15257"
    startupRole: FOLLOWER
  }
  commitIndex: 17
}
commitInfos {
  server {
    id: "s0"
    address: "localhost:15252"
    dataStreamAddress: "localhost:15255"
    clientAddress: "localhost:15254"
    adminAddress: "localhost:15253"
    startupRole: FOLLOWER
  }
  commitIndex: 17
}
commitInfos {
  server {
    id: "s2"
    address: "localhost:15260"
    dataStreamAddress: "localhost:15263"
    clientAddress: "localhost:15262"
    adminAddress: "localhost:15261"
    startupRole: FOLLOWER
  }
  commitIndex: 16
}
)
2024-10-20 10:44:55,269 [main] WARN  util.ReferenceCountedLeakDetector (ReferenceCountedLeakDetector.java:logLeakMessage(167)) - LEAK: (class org.apache.ratis.proto.RaftProtos$AppendEntriesRequestProto, count=3, value=serverRequest {
  requestorId: "s0"
  replyId: "s2"
  raftGroupId {
    id: "\375\210\024\357\262\375HY\244\207Ci\024Gb\025"
  }
  callId: 1
}
leaderTerm: 10
previousLog {
  term: 9
  index: 16
}
entries {
  term: 10
  index: 17
  configurationEntry {
    peers {
      id: "s0"
      address: "localhost:15252"
      dataStreamAddress: "localhost:15255"
      clientAddress: "localhost:15254"
      adminAddress: "localhost:15253"
      startupRole: FOLLOWER
    }
    peers {
      id: "s1"
      address: "localhost:15256"
      dataStreamAddress: "localhost:15259"
      clientAddress: "localhost:15258"
      adminAddress: "localhost:15257"
      startupRole: FOLLOWER
    }
    peers {
      id: "s2"
      address: "localhost:15260"
      dataStreamAddress: "localhost:15263"
      clientAddress: "localhost:15262"
      adminAddress: "localhost:15261"
      startupRole: FOLLOWER
    }
  }
}
leaderCommit: 16
commitInfos {
  server {
    id: "s0"
    address: "localhost:15252"
    dataStreamAddress: "localhost:15255"
    clientAddress: "localhost:15254"
    adminAddress: "localhost:15253"
    startupRole: FOLLOWER
  }
  commitIndex: 16
}
commitInfos {
  server {
    id: "s1"
    address: "localhost:15256"
    dataStreamAddress: "localhost:15259"
    clientAddress: "localhost:15258"
    adminAddress: "localhost:15257"
    startupRole: FOLLOWER
  }
  commitIndex: 16
}
commitInfos {
  server {
    id: "s2"
    address: "localhost:15260"
    dataStreamAddress: "localhost:15263"
    clientAddress: "localhost:15262"
    adminAddress: "localhost:15261"
    startupRole: FOLLOWER
  }
  commitIndex: 16
}
)
2024-10-20 10:44:55,270 [main] WARN  util.ReferenceCountedLeakDetector (ReferenceCountedLeakDetector.java:logLeakMessage(167)) - LEAK: (class org.apache.ratis.proto.RaftProtos$AppendEntriesRequestProto, count=2, value=serverRequest {
  requestorId: "s1"
  replyId: "s2"
  raftGroupId {
    id: "\375\210\024\357\262\375HY\244\207Ci\024Gb\025"
  }
  callId: 8
}
leaderTerm: 9
previousLog {
  term: 9
  index: 16
}
leaderCommit: 16
commitInfos {
  server {
    id: "s1"
    address: "localhost:15256"
    dataStreamAddress: "localhost:15259"
    clientAddress: "localhost:15258"
    adminAddress: "localhost:15257"
    startupRole: FOLLOWER
  }
  commitIndex: 16
}
commitInfos {
  server {
    id: "s0"
    address: "localhost:15252"
    dataStreamAddress: "localhost:15255"
    clientAddress: "localhost:15254"
    adminAddress: "localhost:15253"
    startupRole: FOLLOWER
  }
  commitIndex: 16
}
commitInfos {
  server {
    id: "s2"
    address: "localhost:15260"
    dataStreamAddress: "localhost:15263"
    clientAddress: "localhost:15262"
    adminAddress: "localhost:15261"
    startupRole: FOLLOWER
  }
  commitIndex: 16
}
)
2024-10-20 10:44:55,270 [main] WARN  util.ReferenceCountedLeakDetector (ReferenceCountedLeakDetector.java:logLeakMessage(167)) - LEAK: (class org.apache.ratis.proto.RaftProtos$AppendEntriesRequestProto, count=2, value=serverRequest {
  requestorId: "s1"
  replyId: "s2"
  raftGroupId {
    id: "\375\210\024\357\262\375HY\244\207Ci\024Gb\025"
  }
}
leaderTerm: 11
previousLog {
  term: 10
  index: 18
}
leaderCommit: 17
commitInfos {
  server {
    id: "s1"
    address: "localhost:15256"
    dataStreamAddress: "localhost:15259"
    clientAddress: "localhost:15258"
    adminAddress: "localhost:15257"
    startupRole: FOLLOWER
  }
  commitIndex: 17
}
commitInfos {
  server {
    id: "s0"
    address: "localhost:15252"
    dataStreamAddress: "localhost:15255"
    clientAddress: "localhost:15254"
    adminAddress: "localhost:15253"
    startupRole: FOLLOWER
  }
  commitIndex: 17
}
commitInfos {
  server {
    id: "s2"
    address: "localhost:15260"
    dataStreamAddress: "localhost:15263"
    clientAddress: "localhost:15262"
    adminAddress: "localhost:15261"
    startupRole: FOLLOWER
  }
  commitIndex: 16
}
)
2024-10-20 10:44:55,270 [main] WARN  util.LeakDetector (LeakDetector.java:assertNoLeaks(171)) - 0/30) numLeaks == 5 > 0, will wait and retry ...
2024-10-20 10:44:56,270 [main] WARN  util.ReferenceCountedLeakDetector (ReferenceCountedLeakDetector.java:logLeakMessage(167)) - LEAK: (class org.apache.ratis.proto.RaftProtos$AppendEntriesRequestProto, count=2, value=serverRequest {
  requestorId: "s0"
  replyId: "s2"
  raftGroupId {
    id: "\375\210\024\357\262\375HY\244\207Ci\024Gb\025"
  }
}
leaderTerm: 10
previousLog {
  term: 9
  index: 16
}
leaderCommit: 16
commitInfos {
  server {
    id: "s0"
    address: "localhost:15252"
    dataStreamAddress: "localhost:15255"
    clientAddress: "localhost:15254"
    adminAddress: "localhost:15253"
    startupRole: FOLLOWER
  }
  commitIndex: 16
}
commitInfos {
  server {
    id: "s1"
    address: "localhost:15256"
    dataStreamAddress: "localhost:15259"
    clientAddress: "localhost:15258"
    adminAddress: "localhost:15257"
    startupRole: FOLLOWER
  }
  commitIndex: 16
}
commitInfos {
  server {
    id: "s2"
    address: "localhost:15260"
    dataStreamAddress: "localhost:15263"
    clientAddress: "localhost:15262"
    adminAddress: "localhost:15261"
    startupRole: FOLLOWER
  }
  commitIndex: 16
}
)
2024-10-20 10:44:56,270 [main] WARN  util.ReferenceCountedLeakDetector (ReferenceCountedLeakDetector.java:logLeakMessage(167)) - LEAK: (class org.apache.ratis.proto.RaftProtos$AppendEntriesRequestProto, count=3, value=serverRequest {
  requestorId: "s1"
  replyId: "s2"
  raftGroupId {
    id: "\375\210\024\357\262\375HY\244\207Ci\024Gb\025"
  }
  callId: 1
}
leaderTerm: 11
previousLog {
  term: 10
  index: 18
}
entries {
  term: 11
  index: 19
  configurationEntry {
    peers {
      id: "s0"
      address: "localhost:15252"
      dataStreamAddress: "localhost:15255"
      clientAddress: "localhost:15254"
      adminAddress: "localhost:15253"
      startupRole: FOLLOWER
    }
    peers {
      id: "s1"
      address: "localhost:15256"
      dataStreamAddress: "localhost:15259"
      clientAddress: "localhost:15258"
      adminAddress: "localhost:15257"
      startupRole: FOLLOWER
    }
    peers {
      id: "s2"
      address: "localhost:15260"
      dataStreamAddress: "localhost:15263"
      clientAddress: "localhost:15262"
      adminAddress: "localhost:15261"
      startupRole: FOLLOWER
    }
  }
}
leaderCommit: 17
commitInfos {
  server {
    id: "s1"
    address: "localhost:15256"
    dataStreamAddress: "localhost:15259"
    clientAddress: "localhost:15258"
    adminAddress: "localhost:15257"
    startupRole: FOLLOWER
  }
  commitIndex: 17
}
commitInfos {
  server {
    id: "s0"
    address: "localhost:15252"
    dataStreamAddress: "localhost:15255"
    clientAddress: "localhost:15254"
    adminAddress: "localhost:15253"
    startupRole: FOLLOWER
  }
  commitIndex: 17
}
commitInfos {
  server {
    id: "s2"
    address: "localhost:15260"
    dataStreamAddress: "localhost:15263"
    clientAddress: "localhost:15262"
    adminAddress: "localhost:15261"
    startupRole: FOLLOWER
  }
  commitIndex: 16
}
)
2024-10-20 10:44:56,271 [main] WARN  util.ReferenceCountedLeakDetector (ReferenceCountedLeakDetector.java:logLeakMessage(167)) - LEAK: (class org.apache.ratis.proto.RaftProtos$AppendEntriesRequestProto, count=3, value=serverRequest {
  requestorId: "s0"
  replyId: "s2"
  raftGroupId {
    id: "\375\210\024\357\262\375HY\244\207Ci\024Gb\025"
  }
  callId: 1
}
leaderTerm: 10
previousLog {
  term: 9
  index: 16
}
entries {
  term: 10
  index: 17
  configurationEntry {
    peers {
      id: "s0"
      address: "localhost:15252"
      dataStreamAddress: "localhost:15255"
      clientAddress: "localhost:15254"
      adminAddress: "localhost:15253"
      startupRole: FOLLOWER
    }
    peers {
      id: "s1"
      address: "localhost:15256"
      dataStreamAddress: "localhost:15259"
      clientAddress: "localhost:15258"
      adminAddress: "localhost:15257"
      startupRole: FOLLOWER
    }
    peers {
      id: "s2"
      address: "localhost:15260"
      dataStreamAddress: "localhost:15263"
      clientAddress: "localhost:15262"
      adminAddress: "localhost:15261"
      startupRole: FOLLOWER
    }
  }
}
leaderCommit: 16
commitInfos {
  server {
    id: "s0"
    address: "localhost:15252"
    dataStreamAddress: "localhost:15255"
    clientAddress: "localhost:15254"
    adminAddress: "localhost:15253"
    startupRole: FOLLOWER
  }
  commitIndex: 16
}
commitInfos {
  server {
    id: "s1"
    address: "localhost:15256"
    dataStreamAddress: "localhost:15259"
    clientAddress: "localhost:15258"
    adminAddress: "localhost:15257"
    startupRole: FOLLOWER
  }
  commitIndex: 16
}
commitInfos {
  server {
    id: "s2"
    address: "localhost:15260"
    dataStreamAddress: "localhost:15263"
    clientAddress: "localhost:15262"
    adminAddress: "localhost:15261"
    startupRole: FOLLOWER
  }
  commitIndex: 16
}
)
2024-10-20 10:44:56,271 [main] WARN  util.ReferenceCountedLeakDetector (ReferenceCountedLeakDetector.java:logLeakMessage(167)) - LEAK: (class org.apache.ratis.proto.RaftProtos$AppendEntriesRequestProto, count=2, value=serverRequest {
  requestorId: "s1"
  replyId: "s2"
  raftGroupId {
    id: "\375\210\024\357\262\375HY\244\207Ci\024Gb\025"
  }
  callId: 8
}
leaderTerm: 9
previousLog {
  term: 9
  index: 16
}
leaderCommit: 16
commitInfos {
  server {
    id: "s1"
    address: "localhost:15256"
    dataStreamAddress: "localhost:15259"
    clientAddress: "localhost:15258"
    adminAddress: "localhost:15257"
    startupRole: FOLLOWER
  }
  commitIndex: 16
}
commitInfos {
  server {
    id: "s0"
    address: "localhost:15252"
    dataStreamAddress: "localhost:15255"
    clientAddress: "localhost:15254"
    adminAddress: "localhost:15253"
    startupRole: FOLLOWER
  }
  commitIndex: 16
}
commitInfos {
  server {
    id: "s2"
    address: "localhost:15260"
    dataStreamAddress: "localhost:15263"
    clientAddress: "localhost:15262"
    adminAddress: "localhost:15261"
    startupRole: FOLLOWER
  }
  commitIndex: 16
}
)
2024-10-20 10:44:56,271 [main] WARN  util.ReferenceCountedLeakDetector (ReferenceCountedLeakDetector.java:logLeakMessage(167)) - LEAK: (class org.apache.ratis.proto.RaftProtos$AppendEntriesRequestProto, count=2, value=serverRequest {
  requestorId: "s1"
  replyId: "s2"
  raftGroupId {
    id: "\375\210\024\357\262\375HY\244\207Ci\024Gb\025"
  }
}
leaderTerm: 11
previousLog {
  term: 10
  index: 18
}
leaderCommit: 17
commitInfos {
  server {
    id: "s1"
    address: "localhost:15256"
    dataStreamAddress: "localhost:15259"
    clientAddress: "localhost:15258"
    adminAddress: "localhost:15257"
    startupRole: FOLLOWER
  }
  commitIndex: 17
}
commitInfos {
  server {
    id: "s0"
    address: "localhost:15252"
    dataStreamAddress: "localhost:15255"
    clientAddress: "localhost:15254"
    adminAddress: "localhost:15253"
    startupRole: FOLLOWER
  }
  commitIndex: 17
}
commitInfos {
  server {
    id: "s2"
    address: "localhost:15260"
    dataStreamAddress: "localhost:15263"
    clientAddress: "localhost:15262"
    adminAddress: "localhost:15261"
    startupRole: FOLLOWER
  }
  commitIndex: 16
}
)
2024-10-20 10:44:56,271 [main] WARN  util.LeakDetector (LeakDetector.java:assertNoLeaks(171)) - 1/30) numLeaks == 5 > 0, will wait and retry ...
2024-10-20 10:44:57,271 [main] WARN  util.ReferenceCountedLeakDetector (ReferenceCountedLeakDetector.java:logLeakMessage(167)) - LEAK: (class org.apache.ratis.proto.RaftProtos$AppendEntriesRequestProto, count=2, value=serverRequest {
  requestorId: "s0"
  replyId: "s2"
  raftGroupId {
    id: "\375\210\024\357\262\375HY\244\207Ci\024Gb\025"
  }
}
leaderTerm: 10
previousLog {
  term: 9
  index: 16
}
leaderCommit: 16
commitInfos {
  server {
    id: "s0"
    address: "localhost:15252"
    dataStreamAddress: "localhost:15255"
    clientAddress: "localhost:15254"
    adminAddress: "localhost:15253"
    startupRole: FOLLOWER
  }
  commitIndex: 16
}
commitInfos {
  server {
    id: "s1"
    address: "localhost:15256"
    dataStreamAddress: "localhost:15259"
    clientAddress: "localhost:15258"
    adminAddress: "localhost:15257"
    startupRole: FOLLOWER
  }
  commitIndex: 16
}
commitInfos {
  server {
    id: "s2"
    address: "localhost:15260"
    dataStreamAddress: "localhost:15263"
    clientAddress: "localhost:15262"
    adminAddress: "localhost:15261"
    startupRole: FOLLOWER
  }
  commitIndex: 16
}
)
2024-10-20 10:44:57,272 [main] WARN  util.ReferenceCountedLeakDetector (ReferenceCountedLeakDetector.java:logLeakMessage(167)) - LEAK: (class org.apache.ratis.proto.RaftProtos$AppendEntriesRequestProto, count=3, value=serverRequest {
  requestorId: "s1"
  replyId: "s2"
  raftGroupId {
    id: "\375\210\024\357\262\375HY\244\207Ci\024Gb\025"
  }
  callId: 1
}
leaderTerm: 11
previousLog {
  term: 10
  index: 18
}
entries {
  term: 11
  index: 19
  configurationEntry {
    peers {
      id: "s0"
      address: "localhost:15252"
      dataStreamAddress: "localhost:15255"
      clientAddress: "localhost:15254"
      adminAddress: "localhost:15253"
      startupRole: FOLLOWER
    }
    peers {
      id: "s1"
      address: "localhost:15256"
      dataStreamAddress: "localhost:15259"
      clientAddress: "localhost:15258"
      adminAddress: "localhost:15257"
      startupRole: FOLLOWER
    }
    peers {
      id: "s2"
      address: "localhost:15260"
      dataStreamAddress: "localhost:15263"
      clientAddress: "localhost:15262"
      adminAddress: "localhost:15261"
      startupRole: FOLLOWER
    }
  }
}
leaderCommit: 17
commitInfos {
  server {
    id: "s1"
    address: "localhost:15256"
    dataStreamAddress: "localhost:15259"
    clientAddress: "localhost:15258"
    adminAddress: "localhost:15257"
    startupRole: FOLLOWER
  }
  commitIndex: 17
}
commitInfos {
  server {
    id: "s0"
    address: "localhost:15252"
    dataStreamAddress: "localhost:15255"
    clientAddress: "localhost:15254"
    adminAddress: "localhost:15253"
    startupRole: FOLLOWER
  }
  commitIndex: 17
}
commitInfos {
  server {
    id: "s2"
    address: "localhost:15260"
    dataStreamAddress: "localhost:15263"
    clientAddress: "localhost:15262"
    adminAddress: "localhost:15261"
    startupRole: FOLLOWER
  }
  commitIndex: 16
}
)
2024-10-20 10:44:57,272 [main] WARN  util.ReferenceCountedLeakDetector (ReferenceCountedLeakDetector.java:logLeakMessage(167)) - LEAK: (class org.apache.ratis.proto.RaftProtos$AppendEntriesRequestProto, count=3, value=serverRequest {
  requestorId: "s0"
  replyId: "s2"
  raftGroupId {
    id: "\375\210\024\357\262\375HY\244\207Ci\024Gb\025"
  }
  callId: 1
}
leaderTerm: 10
previousLog {
  term: 9
  index: 16
}
entries {
  term: 10
  index: 17
  configurationEntry {
    peers {
      id: "s0"
      address: "localhost:15252"
      dataStreamAddress: "localhost:15255"
      clientAddress: "localhost:15254"
      adminAddress: "localhost:15253"
      startupRole: FOLLOWER
    }
    peers {
      id: "s1"
      address: "localhost:15256"
      dataStreamAddress: "localhost:15259"
      clientAddress: "localhost:15258"
      adminAddress: "localhost:15257"
      startupRole: FOLLOWER
    }
    peers {
      id: "s2"
      address: "localhost:15260"
      dataStreamAddress: "localhost:15263"
      clientAddress: "localhost:15262"
      adminAddress: "localhost:15261"
      startupRole: FOLLOWER
    }
  }
}
leaderCommit: 16
commitInfos {
  server {
    id: "s0"
    address: "localhost:15252"
    dataStreamAddress: "localhost:15255"
    clientAddress: "localhost:15254"
    adminAddress: "localhost:15253"
    startupRole: FOLLOWER
  }
  commitIndex: 16
}
commitInfos {
  server {
    id: "s1"
    address: "localhost:15256"
    dataStreamAddress: "localhost:15259"
    clientAddress: "localhost:15258"
    adminAddress: "localhost:15257"
    startupRole: FOLLOWER
  }
  commitIndex: 16
}
commitInfos {
  server {
    id: "s2"
    address: "localhost:15260"
    dataStreamAddress: "localhost:15263"
    clientAddress: "localhost:15262"
    adminAddress: "localhost:15261"
    startupRole: FOLLOWER
  }
  commitIndex: 16
}
)
2024-10-20 10:44:57,272 [main] WARN  util.ReferenceCountedLeakDetector (ReferenceCountedLeakDetector.java:logLeakMessage(167)) - LEAK: (class org.apache.ratis.proto.RaftProtos$AppendEntriesRequestProto, count=2, value=serverRequest {
  requestorId: "s1"
  replyId: "s2"
  raftGroupId {
    id: "\375\210\024\357\262\375HY\244\207Ci\024Gb\025"
  }
  callId: 8
}
leaderTerm: 9
previousLog {
  term: 9
  index: 16
}
leaderCommit: 16
commitInfos {
  server {
    id: "s1"
    address: "localhost:15256"
    dataStreamAddress: "localhost:15259"
    clientAddress: "localhost:15258"
    adminAddress: "localhost:15257"
    startupRole: FOLLOWER
  }
  commitIndex: 16
}
commitInfos {
  server {
    id: "s0"
    address: "localhost:15252"
    dataStreamAddress: "localhost:15255"
    clientAddress: "localhost:15254"
    adminAddress: "localhost:15253"
    startupRole: FOLLOWER
  }
  commitIndex: 16
}
commitInfos {
  server {
    id: "s2"
    address: "localhost:15260"
    dataStreamAddress: "localhost:15263"
    clientAddress: "localhost:15262"
    adminAddress: "localhost:15261"
    startupRole: FOLLOWER
  }
  commitIndex: 16
}
)
2024-10-20 10:44:57,272 [main] WARN  util.ReferenceCountedLeakDetector (ReferenceCountedLeakDetector.java:logLeakMessage(167)) - LEAK: (class org.apache.ratis.proto.RaftProtos$AppendEntriesRequestProto, count=2, value=serverRequest {
  requestorId: "s1"
  replyId: "s2"
  raftGroupId {
    id: "\375\210\024\357\262\375HY\244\207Ci\024Gb\025"
  }
}
leaderTerm: 11
previousLog {
  term: 10
  index: 18
}
leaderCommit: 17
commitInfos {
  server {
    id: "s1"
    address: "localhost:15256"
    dataStreamAddress: "localhost:15259"
    clientAddress: "localhost:15258"
    adminAddress: "localhost:15257"
    startupRole: FOLLOWER
  }
  commitIndex: 17
}
commitInfos {
  server {
    id: "s0"
    address: "localhost:15252"
    dataStreamAddress: "localhost:15255"
    clientAddress: "localhost:15254"
    adminAddress: "localhost:15253"
    startupRole: FOLLOWER
  }
  commitIndex: 17
}
commitInfos {
  server {
    id: "s2"
    address: "localhost:15260"
    dataStreamAddress: "localhost:15263"
    clientAddress: "localhost:15262"
    adminAddress: "localhost:15261"
    startupRole: FOLLOWER
  }
  commitIndex: 16
}
)
2024-10-20 10:44:57,272 [main] WARN  util.LeakDetector (LeakDetector.java:assertNoLeaks(171)) - 2/30) numLeaks == 5 > 0, will wait and retry ...
2024-10-20 10:44:58,272 [main] WARN  util.ReferenceCountedLeakDetector (ReferenceCountedLeakDetector.java:logLeakMessage(167)) - LEAK: (class org.apache.ratis.proto.RaftProtos$AppendEntriesRequestProto, count=2, value=serverRequest {
  requestorId: "s0"
  replyId: "s2"
  raftGroupId {
    id: "\375\210\024\357\262\375HY\244\207Ci\024Gb\025"
  }
}
leaderTerm: 10
previousLog {
  term: 9
  index: 16
}
leaderCommit: 16
commitInfos {
  server {
    id: "s0"
    address: "localhost:15252"
    dataStreamAddress: "localhost:15255"
    clientAddress: "localhost:15254"
    adminAddress: "localhost:15253"
    startupRole: FOLLOWER
  }
  commitIndex: 16
}
commitInfos {
  server {
    id: "s1"
    address: "localhost:15256"
    dataStreamAddress: "localhost:15259"
    clientAddress: "localhost:15258"
    adminAddress: "localhost:15257"
    startupRole: FOLLOWER
  }
  commitIndex: 16
}
commitInfos {
  server {
    id: "s2"
    address: "localhost:15260"
    dataStreamAddress: "localhost:15263"
    clientAddress: "localhost:15262"
    adminAddress: "localhost:15261"
    startupRole: FOLLOWER
  }
  commitIndex: 16
}
)
2024-10-20 10:44:58,273 [main] WARN  util.ReferenceCountedLeakDetector (ReferenceCountedLeakDetector.java:logLeakMessage(167)) - LEAK: (class org.apache.ratis.proto.RaftProtos$AppendEntriesRequestProto, count=3, value=serverRequest {
  requestorId: "s1"
  replyId: "s2"
  raftGroupId {
    id: "\375\210\024\357\262\375HY\244\207Ci\024Gb\025"
  }
  callId: 1
}
leaderTerm: 11
previousLog {
  term: 10
  index: 18
}
entries {
  term: 11
  index: 19
  configurationEntry {
    peers {
      id: "s0"
      address: "localhost:15252"
      dataStreamAddress: "localhost:15255"
      clientAddress: "localhost:15254"
      adminAddress: "localhost:15253"
      startupRole: FOLLOWER
    }
    peers {
      id: "s1"
      address: "localhost:15256"
      dataStreamAddress: "localhost:15259"
      clientAddress: "localhost:15258"
      adminAddress: "localhost:15257"
      startupRole: FOLLOWER
    }
    peers {
      id: "s2"
      address: "localhost:15260"
      dataStreamAddress: "localhost:15263"
      clientAddress: "localhost:15262"
      adminAddress: "localhost:15261"
      startupRole: FOLLOWER
    }
  }
}
leaderCommit: 17
commitInfos {
  server {
    id: "s1"
    address: "localhost:15256"
    dataStreamAddress: "localhost:15259"
    clientAddress: "localhost:15258"
    adminAddress: "localhost:15257"
    startupRole: FOLLOWER
  }
  commitIndex: 17
}
commitInfos {
  server {
    id: "s0"
    address: "localhost:15252"
    dataStreamAddress: "localhost:15255"
    clientAddress: "localhost:15254"
    adminAddress: "localhost:15253"
    startupRole: FOLLOWER
  }
  commitIndex: 17
}
commitInfos {
  server {
    id: "s2"
    address: "localhost:15260"
    dataStreamAddress: "localhost:15263"
    clientAddress: "localhost:15262"
    adminAddress: "localhost:15261"
    startupRole: FOLLOWER
  }
  commitIndex: 16
}
)
2024-10-20 10:44:58,273 [main] WARN  util.ReferenceCountedLeakDetector (ReferenceCountedLeakDetector.java:logLeakMessage(167)) - LEAK: (class org.apache.ratis.proto.RaftProtos$AppendEntriesRequestProto, count=3, value=serverRequest {
  requestorId: "s0"
  replyId: "s2"
  raftGroupId {
    id: "\375\210\024\357\262\375HY\244\207Ci\024Gb\025"
  }
  callId: 1
}
leaderTerm: 10
previousLog {
  term: 9
  index: 16
}
entries {
  term: 10
  index: 17
  configurationEntry {
    peers {
      id: "s0"
      address: "localhost:15252"
      dataStreamAddress: "localhost:15255"
      clientAddress: "localhost:15254"
      adminAddress: "localhost:15253"
      startupRole: FOLLOWER
    }
    peers {
      id: "s1"
      address: "localhost:15256"
      dataStreamAddress: "localhost:15259"
      clientAddress: "localhost:15258"
      adminAddress: "localhost:15257"
      startupRole: FOLLOWER
    }
    peers {
      id: "s2"
      address: "localhost:15260"
      dataStreamAddress: "localhost:15263"
      clientAddress: "localhost:15262"
      adminAddress: "localhost:15261"
      startupRole: FOLLOWER
    }
  }
}
leaderCommit: 16
commitInfos {
  server {
    id: "s0"
    address: "localhost:15252"
    dataStreamAddress: "localhost:15255"
    clientAddress: "localhost:15254"
    adminAddress: "localhost:15253"
    startupRole: FOLLOWER
  }
  commitIndex: 16
}
commitInfos {
  server {
    id: "s1"
    address: "localhost:15256"
    dataStreamAddress: "localhost:15259"
    clientAddress: "localhost:15258"
    adminAddress: "localhost:15257"
    startupRole: FOLLOWER
  }
  commitIndex: 16
}
commitInfos {
  server {
    id: "s2"
    address: "localhost:15260"
    dataStreamAddress: "localhost:15263"
    clientAddress: "localhost:15262"
    adminAddress: "localhost:15261"
    startupRole: FOLLOWER
  }
  commitIndex: 16
}
)
2024-10-20 10:44:58,273 [main] WARN  util.ReferenceCountedLeakDetector (ReferenceCountedLeakDetector.java:logLeakMessage(167)) - LEAK: (class org.apache.ratis.proto.RaftProtos$AppendEntriesRequestProto, count=2, value=serverRequest {
  requestorId: "s1"
  replyId: "s2"
  raftGroupId {
    id: "\375\210\024\357\262\375HY\244\207Ci\024Gb\025"
  }
  callId: 8
}
leaderTerm: 9
previousLog {
  term: 9
  index: 16
}
leaderCommit: 16
commitInfos {
  server {
    id: "s1"
    address: "localhost:15256"
    dataStreamAddress: "localhost:15259"
    clientAddress: "localhost:15258"
    adminAddress: "localhost:15257"
    startupRole: FOLLOWER
  }
  commitIndex: 16
}
commitInfos {
  server {
    id: "s0"
    address: "localhost:15252"
    dataStreamAddress: "localhost:15255"
    clientAddress: "localhost:15254"
    adminAddress: "localhost:15253"
    startupRole: FOLLOWER
  }
  commitIndex: 16
}
commitInfos {
  server {
    id: "s2"
    address: "localhost:15260"
    dataStreamAddress: "localhost:15263"
    clientAddress: "localhost:15262"
    adminAddress: "localhost:15261"
    startupRole: FOLLOWER
  }
  commitIndex: 16
}
)
2024-10-20 10:44:58,273 [main] WARN  util.ReferenceCountedLeakDetector (ReferenceCountedLeakDetector.java:logLeakMessage(167)) - LEAK: (class org.apache.ratis.proto.RaftProtos$AppendEntriesRequestProto, count=2, value=serverRequest {
  requestorId: "s1"
  replyId: "s2"
  raftGroupId {
    id: "\375\210\024\357\262\375HY\244\207Ci\024Gb\025"
  }
}
leaderTerm: 11
previousLog {
  term: 10
  index: 18
}
leaderCommit: 17
commitInfos {
  server {
    id: "s1"
    address: "localhost:15256"
    dataStreamAddress: "localhost:15259"
    clientAddress: "localhost:15258"
    adminAddress: "localhost:15257"
    startupRole: FOLLOWER
  }
  commitIndex: 17
}
commitInfos {
  server {
    id: "s0"
    address: "localhost:15252"
    dataStreamAddress: "localhost:15255"
    clientAddress: "localhost:15254"
    adminAddress: "localhost:15253"
    startupRole: FOLLOWER
  }
  commitIndex: 17
}
commitInfos {
  server {
    id: "s2"
    address: "localhost:15260"
    dataStreamAddress: "localhost:15263"
    clientAddress: "localhost:15262"
    adminAddress: "localhost:15261"
    startupRole: FOLLOWER
  }
  commitIndex: 16
}
)
2024-10-20 10:44:58,273 [main] WARN  util.LeakDetector (LeakDetector.java:assertNoLeaks(171)) - 3/30) numLeaks == 5 > 0, will wait and retry ...
2024-10-20 10:44:59,273 [main] WARN  util.ReferenceCountedLeakDetector (ReferenceCountedLeakDetector.java:logLeakMessage(167)) - LEAK: (class org.apache.ratis.proto.RaftProtos$AppendEntriesRequestProto, count=2, value=serverRequest {
  requestorId: "s0"
  replyId: "s2"
  raftGroupId {
    id: "\375\210\024\357\262\375HY\244\207Ci\024Gb\025"
  }
}
leaderTerm: 10
previousLog {
  term: 9
  index: 16
}
leaderCommit: 16
commitInfos {
  server {
    id: "s0"
    address: "localhost:15252"
    dataStreamAddress: "localhost:15255"
    clientAddress: "localhost:15254"
    adminAddress: "localhost:15253"
    startupRole: FOLLOWER
  }
  commitIndex: 16
}
commitInfos {
  server {
    id: "s1"
    address: "localhost:15256"
    dataStreamAddress: "localhost:15259"
    clientAddress: "localhost:15258"
    adminAddress: "localhost:15257"
    startupRole: FOLLOWER
  }
  commitIndex: 16
}
commitInfos {
  server {
    id: "s2"
    address: "localhost:15260"
    dataStreamAddress: "localhost:15263"
    clientAddress: "localhost:15262"
    adminAddress: "localhost:15261"
    startupRole: FOLLOWER
  }
  commitIndex: 16
}
)
2024-10-20 10:44:59,274 [main] WARN  util.ReferenceCountedLeakDetector (ReferenceCountedLeakDetector.java:logLeakMessage(167)) - LEAK: (class org.apache.ratis.proto.RaftProtos$AppendEntriesRequestProto, count=3, value=serverRequest {
  requestorId: "s1"
  replyId: "s2"
  raftGroupId {
    id: "\375\210\024\357\262\375HY\244\207Ci\024Gb\025"
  }
  callId: 1
}
leaderTerm: 11
previousLog {
  term: 10
  index: 18
}
entries {
  term: 11
  index: 19
  configurationEntry {
    peers {
      id: "s0"
      address: "localhost:15252"
      dataStreamAddress: "localhost:15255"
      clientAddress: "localhost:15254"
      adminAddress: "localhost:15253"
      startupRole: FOLLOWER
    }
    peers {
      id: "s1"
      address: "localhost:15256"
      dataStreamAddress: "localhost:15259"
      clientAddress: "localhost:15258"
      adminAddress: "localhost:15257"
      startupRole: FOLLOWER
    }
    peers {
      id: "s2"
      address: "localhost:15260"
      dataStreamAddress: "localhost:15263"
      clientAddress: "localhost:15262"
      adminAddress: "localhost:15261"
      startupRole: FOLLOWER
    }
  }
}
leaderCommit: 17
commitInfos {
  server {
    id: "s1"
    address: "localhost:15256"
    dataStreamAddress: "localhost:15259"
    clientAddress: "localhost:15258"
    adminAddress: "localhost:15257"
    startupRole: FOLLOWER
  }
  commitIndex: 17
}
commitInfos {
  server {
    id: "s0"
    address: "localhost:15252"
    dataStreamAddress: "localhost:15255"
    clientAddress: "localhost:15254"
    adminAddress: "localhost:15253"
    startupRole: FOLLOWER
  }
  commitIndex: 17
}
commitInfos {
  server {
    id: "s2"
    address: "localhost:15260"
    dataStreamAddress: "localhost:15263"
    clientAddress: "localhost:15262"
    adminAddress: "localhost:15261"
    startupRole: FOLLOWER
  }
  commitIndex: 16
}
)
2024-10-20 10:44:59,274 [main] WARN  util.ReferenceCountedLeakDetector (ReferenceCountedLeakDetector.java:logLeakMessage(167)) - LEAK: (class org.apache.ratis.proto.RaftProtos$AppendEntriesRequestProto, count=3, value=serverRequest {
  requestorId: "s0"
  replyId: "s2"
  raftGroupId {
    id: "\375\210\024\357\262\375HY\244\207Ci\024Gb\025"
  }
  callId: 1
}
leaderTerm: 10
previousLog {
  term: 9
  index: 16
}
entries {
  term: 10
  index: 17
  configurationEntry {
    peers {
      id: "s0"
      address: "localhost:15252"
      dataStreamAddress: "localhost:15255"
      clientAddress: "localhost:15254"
      adminAddress: "localhost:15253"
      startupRole: FOLLOWER
    }
    peers {
      id: "s1"
      address: "localhost:15256"
      dataStreamAddress: "localhost:15259"
      clientAddress: "localhost:15258"
      adminAddress: "localhost:15257"
      startupRole: FOLLOWER
    }
    peers {
      id: "s2"
      address: "localhost:15260"
      dataStreamAddress: "localhost:15263"
      clientAddress: "localhost:15262"
      adminAddress: "localhost:15261"
      startupRole: FOLLOWER
    }
  }
}
leaderCommit: 16
commitInfos {
  server {
    id: "s0"
    address: "localhost:15252"
    dataStreamAddress: "localhost:15255"
    clientAddress: "localhost:15254"
    adminAddress: "localhost:15253"
    startupRole: FOLLOWER
  }
  commitIndex: 16
}
commitInfos {
  server {
    id: "s1"
    address: "localhost:15256"
    dataStreamAddress: "localhost:15259"
    clientAddress: "localhost:15258"
    adminAddress: "localhost:15257"
    startupRole: FOLLOWER
  }
  commitIndex: 16
}
commitInfos {
  server {
    id: "s2"
    address: "localhost:15260"
    dataStreamAddress: "localhost:15263"
    clientAddress: "localhost:15262"
    adminAddress: "localhost:15261"
    startupRole: FOLLOWER
  }
  commitIndex: 16
}
)
2024-10-20 10:44:59,274 [main] WARN  util.ReferenceCountedLeakDetector (ReferenceCountedLeakDetector.java:logLeakMessage(167)) - LEAK: (class org.apache.ratis.proto.RaftProtos$AppendEntriesRequestProto, count=2, value=serverRequest {
  requestorId: "s1"
  replyId: "s2"
  raftGroupId {
    id: "\375\210\024\357\262\375HY\244\207Ci\024Gb\025"
  }
  callId: 8
}
leaderTerm: 9
previousLog {
  term: 9
  index: 16
}
leaderCommit: 16
commitInfos {
  server {
    id: "s1"
    address: "localhost:15256"
    dataStreamAddress: "localhost:15259"
    clientAddress: "localhost:15258"
    adminAddress: "localhost:15257"
    startupRole: FOLLOWER
  }
  commitIndex: 16
}
commitInfos {
  server {
    id: "s0"
    address: "localhost:15252"
    dataStreamAddress: "localhost:15255"
    clientAddress: "localhost:15254"
    adminAddress: "localhost:15253"
    startupRole: FOLLOWER
  }
  commitIndex: 16
}
commitInfos {
  server {
    id: "s2"
    address: "localhost:15260"
    dataStreamAddress: "localhost:15263"
    clientAddress: "localhost:15262"
    adminAddress: "localhost:15261"
    startupRole: FOLLOWER
  }
  commitIndex: 16
}
)
2024-10-20 10:44:59,274 [main] WARN  util.ReferenceCountedLeakDetector (ReferenceCountedLeakDetector.java:logLeakMessage(167)) - LEAK: (class org.apache.ratis.proto.RaftProtos$AppendEntriesRequestProto, count=2, value=serverRequest {
  requestorId: "s1"
  replyId: "s2"
  raftGroupId {
    id: "\375\210\024\357\262\375HY\244\207Ci\024Gb\025"
  }
}
leaderTerm: 11
previousLog {
  term: 10
  index: 18
}
leaderCommit: 17
commitInfos {
  server {
    id: "s1"
    address: "localhost:15256"
    dataStreamAddress: "localhost:15259"
    clientAddress: "localhost:15258"
    adminAddress: "localhost:15257"
    startupRole: FOLLOWER
  }
  commitIndex: 17
}
commitInfos {
  server {
    id: "s0"
    address: "localhost:15252"
    dataStreamAddress: "localhost:15255"
    clientAddress: "localhost:15254"
    adminAddress: "localhost:15253"
    startupRole: FOLLOWER
  }
  commitIndex: 17
}
commitInfos {
  server {
    id: "s2"
    address: "localhost:15260"
    dataStreamAddress: "localhost:15263"
    clientAddress: "localhost:15262"
    adminAddress: "localhost:15261"
    startupRole: FOLLOWER
  }
  commitIndex: 16
}
)
2024-10-20 10:44:59,274 [main] WARN  util.LeakDetector (LeakDetector.java:assertNoLeaks(171)) - 4/30) numLeaks == 5 > 0, will wait and retry ...
2024-10-20 10:45:00,275 [main] WARN  util.ReferenceCountedLeakDetector (ReferenceCountedLeakDetector.java:logLeakMessage(167)) - LEAK: (class org.apache.ratis.proto.RaftProtos$AppendEntriesRequestProto, count=2, value=serverRequest {
  requestorId: "s0"
  replyId: "s2"
  raftGroupId {
    id: "\375\210\024\357\262\375HY\244\207Ci\024Gb\025"
  }
}
leaderTerm: 10
previousLog {
  term: 9
  index: 16
}
leaderCommit: 16
commitInfos {
  server {
    id: "s0"
    address: "localhost:15252"
    dataStreamAddress: "localhost:15255"
    clientAddress: "localhost:15254"
    adminAddress: "localhost:15253"
    startupRole: FOLLOWER
  }
  commitIndex: 16
}
commitInfos {
  server {
    id: "s1"
    address: "localhost:15256"
    dataStreamAddress: "localhost:15259"
    clientAddress: "localhost:15258"
    adminAddress: "localhost:15257"
    startupRole: FOLLOWER
  }
  commitIndex: 16
}
commitInfos {
  server {
    id: "s2"
    address: "localhost:15260"
    dataStreamAddress: "localhost:15263"
    clientAddress: "localhost:15262"
    adminAddress: "localhost:15261"
    startupRole: FOLLOWER
  }
  commitIndex: 16
}
)
2024-10-20 10:45:00,275 [main] WARN  util.ReferenceCountedLeakDetector (ReferenceCountedLeakDetector.java:logLeakMessage(167)) - LEAK: (class org.apache.ratis.proto.RaftProtos$AppendEntriesRequestProto, count=3, value=serverRequest {
  requestorId: "s1"
  replyId: "s2"
  raftGroupId {
    id: "\375\210\024\357\262\375HY\244\207Ci\024Gb\025"
  }
  callId: 1
}
leaderTerm: 11
previousLog {
  term: 10
  index: 18
}
entries {
  term: 11
  index: 19
  configurationEntry {
    peers {
      id: "s0"
      address: "localhost:15252"
      dataStreamAddress: "localhost:15255"
      clientAddress: "localhost:15254"
      adminAddress: "localhost:15253"
      startupRole: FOLLOWER
    }
    peers {
      id: "s1"
      address: "localhost:15256"
      dataStreamAddress: "localhost:15259"
      clientAddress: "localhost:15258"
      adminAddress: "localhost:15257"
      startupRole: FOLLOWER
    }
    peers {
      id: "s2"
      address: "localhost:15260"
      dataStreamAddress: "localhost:15263"
      clientAddress: "localhost:15262"
      adminAddress: "localhost:15261"
      startupRole: FOLLOWER
    }
  }
}
leaderCommit: 17
commitInfos {
  server {
    id: "s1"
    address: "localhost:15256"
    dataStreamAddress: "localhost:15259"
    clientAddress: "localhost:15258"
    adminAddress: "localhost:15257"
    startupRole: FOLLOWER
  }
  commitIndex: 17
}
commitInfos {
  server {
    id: "s0"
    address: "localhost:15252"
    dataStreamAddress: "localhost:15255"
    clientAddress: "localhost:15254"
    adminAddress: "localhost:15253"
    startupRole: FOLLOWER
  }
  commitIndex: 17
}
commitInfos {
  server {
    id: "s2"
    address: "localhost:15260"
    dataStreamAddress: "localhost:15263"
    clientAddress: "localhost:15262"
    adminAddress: "localhost:15261"
    startupRole: FOLLOWER
  }
  commitIndex: 16
}
)
2024-10-20 10:45:00,275 [main] WARN  util.ReferenceCountedLeakDetector (ReferenceCountedLeakDetector.java:logLeakMessage(167)) - LEAK: (class org.apache.ratis.proto.RaftProtos$AppendEntriesRequestProto, count=3, value=serverRequest {
  requestorId: "s0"
  replyId: "s2"
  raftGroupId {
    id: "\375\210\024\357\262\375HY\244\207Ci\024Gb\025"
  }
  callId: 1
}
leaderTerm: 10
previousLog {
  term: 9
  index: 16
}
entries {
  term: 10
  index: 17
  configurationEntry {
    peers {
      id: "s0"
      address: "localhost:15252"
      dataStreamAddress: "localhost:15255"
      clientAddress: "localhost:15254"
      adminAddress: "localhost:15253"
      startupRole: FOLLOWER
    }
    peers {
      id: "s1"
      address: "localhost:15256"
      dataStreamAddress: "localhost:15259"
      clientAddress: "localhost:15258"
      adminAddress: "localhost:15257"
      startupRole: FOLLOWER
    }
    peers {
      id: "s2"
      address: "localhost:15260"
      dataStreamAddress: "localhost:15263"
      clientAddress: "localhost:15262"
      adminAddress: "localhost:15261"
      startupRole: FOLLOWER
    }
  }
}
leaderCommit: 16
commitInfos {
  server {
    id: "s0"
    address: "localhost:15252"
    dataStreamAddress: "localhost:15255"
    clientAddress: "localhost:15254"
    adminAddress: "localhost:15253"
    startupRole: FOLLOWER
  }
  commitIndex: 16
}
commitInfos {
  server {
    id: "s1"
    address: "localhost:15256"
    dataStreamAddress: "localhost:15259"
    clientAddress: "localhost:15258"
    adminAddress: "localhost:15257"
    startupRole: FOLLOWER
  }
  commitIndex: 16
}
commitInfos {
  server {
    id: "s2"
    address: "localhost:15260"
    dataStreamAddress: "localhost:15263"
    clientAddress: "localhost:15262"
    adminAddress: "localhost:15261"
    startupRole: FOLLOWER
  }
  commitIndex: 16
}
)
2024-10-20 10:45:00,275 [main] WARN  util.ReferenceCountedLeakDetector (ReferenceCountedLeakDetector.java:logLeakMessage(167)) - LEAK: (class org.apache.ratis.proto.RaftProtos$AppendEntriesRequestProto, count=2, value=serverRequest {
  requestorId: "s1"
  replyId: "s2"
  raftGroupId {
    id: "\375\210\024\357\262\375HY\244\207Ci\024Gb\025"
  }
  callId: 8
}
leaderTerm: 9
previousLog {
  term: 9
  index: 16
}
leaderCommit: 16
commitInfos {
  server {
    id: "s1"
    address: "localhost:15256"
    dataStreamAddress: "localhost:15259"
    clientAddress: "localhost:15258"
    adminAddress: "localhost:15257"
    startupRole: FOLLOWER
  }
  commitIndex: 16
}
commitInfos {
  server {
    id: "s0"
    address: "localhost:15252"
    dataStreamAddress: "localhost:15255"
    clientAddress: "localhost:15254"
    adminAddress: "localhost:15253"
    startupRole: FOLLOWER
  }
  commitIndex: 16
}
commitInfos {
  server {
    id: "s2"
    address: "localhost:15260"
    dataStreamAddress: "localhost:15263"
    clientAddress: "localhost:15262"
    adminAddress: "localhost:15261"
    startupRole: FOLLOWER
  }
  commitIndex: 16
}
)
2024-10-20 10:45:00,275 [main] WARN  util.ReferenceCountedLeakDetector (ReferenceCountedLeakDetector.java:logLeakMessage(167)) - LEAK: (class org.apache.ratis.proto.RaftProtos$AppendEntriesRequestProto, count=2, value=serverRequest {
  requestorId: "s1"
  replyId: "s2"
  raftGroupId {
    id: "\375\210\024\357\262\375HY\244\207Ci\024Gb\025"
  }
}
leaderTerm: 11
previousLog {
  term: 10
  index: 18
}
leaderCommit: 17
commitInfos {
  server {
    id: "s1"
    address: "localhost:15256"
    dataStreamAddress: "localhost:15259"
    clientAddress: "localhost:15258"
    adminAddress: "localhost:15257"
    startupRole: FOLLOWER
  }
  commitIndex: 17
}
commitInfos {
  server {
    id: "s0"
    address: "localhost:15252"
    dataStreamAddress: "localhost:15255"
    clientAddress: "localhost:15254"
    adminAddress: "localhost:15253"
    startupRole: FOLLOWER
  }
  commitIndex: 17
}
commitInfos {
  server {
    id: "s2"
    address: "localhost:15260"
    dataStreamAddress: "localhost:15263"
    clientAddress: "localhost:15262"
    adminAddress: "localhost:15261"
    startupRole: FOLLOWER
  }
  commitIndex: 16
}
)
2024-10-20 10:45:00,275 [main] WARN  util.LeakDetector (LeakDetector.java:assertNoLeaks(171)) - 5/30) numLeaks == 5 > 0, will wait and retry ...
2024-10-20 10:45:01,276 [main] WARN  util.ReferenceCountedLeakDetector (ReferenceCountedLeakDetector.java:logLeakMessage(167)) - LEAK: (class org.apache.ratis.proto.RaftProtos$AppendEntriesRequestProto, count=2, value=serverRequest {
  requestorId: "s0"
  replyId: "s2"
  raftGroupId {
    id: "\375\210\024\357\262\375HY\244\207Ci\024Gb\025"
  }
}
leaderTerm: 10
previousLog {
  term: 9
  index: 16
}
leaderCommit: 16
commitInfos {
  server {
    id: "s0"
    address: "localhost:15252"
    dataStreamAddress: "localhost:15255"
    clientAddress: "localhost:15254"
    adminAddress: "localhost:15253"
    startupRole: FOLLOWER
  }
  commitIndex: 16
}
commitInfos {
  server {
    id: "s1"
    address: "localhost:15256"
    dataStreamAddress: "localhost:15259"
    clientAddress: "localhost:15258"
    adminAddress: "localhost:15257"
    startupRole: FOLLOWER
  }
  commitIndex: 16
}
commitInfos {
  server {
    id: "s2"
    address: "localhost:15260"
    dataStreamAddress: "localhost:15263"
    clientAddress: "localhost:15262"
    adminAddress: "localhost:15261"
    startupRole: FOLLOWER
  }
  commitIndex: 16
}
)
2024-10-20 10:45:01,276 [main] WARN  util.ReferenceCountedLeakDetector (ReferenceCountedLeakDetector.java:logLeakMessage(167)) - LEAK: (class org.apache.ratis.proto.RaftProtos$AppendEntriesRequestProto, count=3, value=serverRequest {
  requestorId: "s1"
  replyId: "s2"
  raftGroupId {
    id: "\375\210\024\357\262\375HY\244\207Ci\024Gb\025"
  }
  callId: 1
}
leaderTerm: 11
previousLog {
  term: 10
  index: 18
}
entries {
  term: 11
  index: 19
  configurationEntry {
    peers {
      id: "s0"
      address: "localhost:15252"
      dataStreamAddress: "localhost:15255"
      clientAddress: "localhost:15254"
      adminAddress: "localhost:15253"
      startupRole: FOLLOWER
    }
    peers {
      id: "s1"
      address: "localhost:15256"
      dataStreamAddress: "localhost:15259"
      clientAddress: "localhost:15258"
      adminAddress: "localhost:15257"
      startupRole: FOLLOWER
    }
    peers {
      id: "s2"
      address: "localhost:15260"
      dataStreamAddress: "localhost:15263"
      clientAddress: "localhost:15262"
      adminAddress: "localhost:15261"
      startupRole: FOLLOWER
    }
  }
}
leaderCommit: 17
commitInfos {
  server {
    id: "s1"
    address: "localhost:15256"
    dataStreamAddress: "localhost:15259"
    clientAddress: "localhost:15258"
    adminAddress: "localhost:15257"
    startupRole: FOLLOWER
  }
  commitIndex: 17
}
commitInfos {
  server {
    id: "s0"
    address: "localhost:15252"
    dataStreamAddress: "localhost:15255"
    clientAddress: "localhost:15254"
    adminAddress: "localhost:15253"
    startupRole: FOLLOWER
  }
  commitIndex: 17
}
commitInfos {
  server {
    id: "s2"
    address: "localhost:15260"
    dataStreamAddress: "localhost:15263"
    clientAddress: "localhost:15262"
    adminAddress: "localhost:15261"
    startupRole: FOLLOWER
  }
  commitIndex: 16
}
)
2024-10-20 10:45:01,276 [main] WARN  util.ReferenceCountedLeakDetector (ReferenceCountedLeakDetector.java:logLeakMessage(167)) - LEAK: (class org.apache.ratis.proto.RaftProtos$AppendEntriesRequestProto, count=3, value=serverRequest {
  requestorId: "s0"
  replyId: "s2"
  raftGroupId {
    id: "\375\210\024\357\262\375HY\244\207Ci\024Gb\025"
  }
  callId: 1
}
leaderTerm: 10
previousLog {
  term: 9
  index: 16
}
entries {
  term: 10
  index: 17
  configurationEntry {
    peers {
      id: "s0"
      address: "localhost:15252"
      dataStreamAddress: "localhost:15255"
      clientAddress: "localhost:15254"
      adminAddress: "localhost:15253"
      startupRole: FOLLOWER
    }
    peers {
      id: "s1"
      address: "localhost:15256"
      dataStreamAddress: "localhost:15259"
      clientAddress: "localhost:15258"
      adminAddress: "localhost:15257"
      startupRole: FOLLOWER
    }
    peers {
      id: "s2"
      address: "localhost:15260"
      dataStreamAddress: "localhost:15263"
      clientAddress: "localhost:15262"
      adminAddress: "localhost:15261"
      startupRole: FOLLOWER
    }
  }
}
leaderCommit: 16
commitInfos {
  server {
    id: "s0"
    address: "localhost:15252"
    dataStreamAddress: "localhost:15255"
    clientAddress: "localhost:15254"
    adminAddress: "localhost:15253"
    startupRole: FOLLOWER
  }
  commitIndex: 16
}
commitInfos {
  server {
    id: "s1"
    address: "localhost:15256"
    dataStreamAddress: "localhost:15259"
    clientAddress: "localhost:15258"
    adminAddress: "localhost:15257"
    startupRole: FOLLOWER
  }
  commitIndex: 16
}
commitInfos {
  server {
    id: "s2"
    address: "localhost:15260"
    dataStreamAddress: "localhost:15263"
    clientAddress: "localhost:15262"
    adminAddress: "localhost:15261"
    startupRole: FOLLOWER
  }
  commitIndex: 16
}
)
2024-10-20 10:45:01,276 [main] WARN  util.ReferenceCountedLeakDetector (ReferenceCountedLeakDetector.java:logLeakMessage(167)) - LEAK: (class org.apache.ratis.proto.RaftProtos$AppendEntriesRequestProto, count=2, value=serverRequest {
  requestorId: "s1"
  replyId: "s2"
  raftGroupId {
    id: "\375\210\024\357\262\375HY\244\207Ci\024Gb\025"
  }
  callId: 8
}
leaderTerm: 9
previousLog {
  term: 9
  index: 16
}
leaderCommit: 16
commitInfos {
  server {
    id: "s1"
    address: "localhost:15256"
    dataStreamAddress: "localhost:15259"
    clientAddress: "localhost:15258"
    adminAddress: "localhost:15257"
    startupRole: FOLLOWER
  }
  commitIndex: 16
}
commitInfos {
  server {
    id: "s0"
    address: "localhost:15252"
    dataStreamAddress: "localhost:15255"
    clientAddress: "localhost:15254"
    adminAddress: "localhost:15253"
    startupRole: FOLLOWER
  }
  commitIndex: 16
}
commitInfos {
  server {
    id: "s2"
    address: "localhost:15260"
    dataStreamAddress: "localhost:15263"
    clientAddress: "localhost:15262"
    adminAddress: "localhost:15261"
    startupRole: FOLLOWER
  }
  commitIndex: 16
}
)
2024-10-20 10:45:01,276 [main] WARN  util.ReferenceCountedLeakDetector (ReferenceCountedLeakDetector.java:logLeakMessage(167)) - LEAK: (class org.apache.ratis.proto.RaftProtos$AppendEntriesRequestProto, count=2, value=serverRequest {
  requestorId: "s1"
  replyId: "s2"
  raftGroupId {
    id: "\375\210\024\357\262\375HY\244\207Ci\024Gb\025"
  }
}
leaderTerm: 11
previousLog {
  term: 10
  index: 18
}
leaderCommit: 17
commitInfos {
  server {
    id: "s1"
    address: "localhost:15256"
    dataStreamAddress: "localhost:15259"
    clientAddress: "localhost:15258"
    adminAddress: "localhost:15257"
    startupRole: FOLLOWER
  }
  commitIndex: 17
}
commitInfos {
  server {
    id: "s0"
    address: "localhost:15252"
    dataStreamAddress: "localhost:15255"
    clientAddress: "localhost:15254"
    adminAddress: "localhost:15253"
    startupRole: FOLLOWER
  }
  commitIndex: 17
}
commitInfos {
  server {
    id: "s2"
    address: "localhost:15260"
    dataStreamAddress: "localhost:15263"
    clientAddress: "localhost:15262"
    adminAddress: "localhost:15261"
    startupRole: FOLLOWER
  }
  commitIndex: 16
}
)
2024-10-20 10:45:01,277 [main] WARN  util.LeakDetector (LeakDetector.java:assertNoLeaks(171)) - 6/30) numLeaks == 5 > 0, will wait and retry ...
2024-10-20 10:45:02,277 [main] WARN  util.ReferenceCountedLeakDetector (ReferenceCountedLeakDetector.java:logLeakMessage(167)) - LEAK: (class org.apache.ratis.proto.RaftProtos$AppendEntriesRequestProto, count=2, value=serverRequest {
  requestorId: "s0"
  replyId: "s2"
  raftGroupId {
    id: "\375\210\024\357\262\375HY\244\207Ci\024Gb\025"
  }
}
leaderTerm: 10
previousLog {
  term: 9
  index: 16
}
leaderCommit: 16
commitInfos {
  server {
    id: "s0"
    address: "localhost:15252"
    dataStreamAddress: "localhost:15255"
    clientAddress: "localhost:15254"
    adminAddress: "localhost:15253"
    startupRole: FOLLOWER
  }
  commitIndex: 16
}
commitInfos {
  server {
    id: "s1"
    address: "localhost:15256"
    dataStreamAddress: "localhost:15259"
    clientAddress: "localhost:15258"
    adminAddress: "localhost:15257"
    startupRole: FOLLOWER
  }
  commitIndex: 16
}
commitInfos {
  server {
    id: "s2"
    address: "localhost:15260"
    dataStreamAddress: "localhost:15263"
    clientAddress: "localhost:15262"
    adminAddress: "localhost:15261"
    startupRole: FOLLOWER
  }
  commitIndex: 16
}
)
2024-10-20 10:45:02,277 [main] WARN  util.ReferenceCountedLeakDetector (ReferenceCountedLeakDetector.java:logLeakMessage(167)) - LEAK: (class org.apache.ratis.proto.RaftProtos$AppendEntriesRequestProto, count=3, value=serverRequest {
  requestorId: "s1"
  replyId: "s2"
  raftGroupId {
    id: "\375\210\024\357\262\375HY\244\207Ci\024Gb\025"
  }
  callId: 1
}
leaderTerm: 11
previousLog {
  term: 10
  index: 18
}
entries {
  term: 11
  index: 19
  configurationEntry {
    peers {
      id: "s0"
      address: "localhost:15252"
      dataStreamAddress: "localhost:15255"
      clientAddress: "localhost:15254"
      adminAddress: "localhost:15253"
      startupRole: FOLLOWER
    }
    peers {
      id: "s1"
      address: "localhost:15256"
      dataStreamAddress: "localhost:15259"
      clientAddress: "localhost:15258"
      adminAddress: "localhost:15257"
      startupRole: FOLLOWER
    }
    peers {
      id: "s2"
      address: "localhost:15260"
      dataStreamAddress: "localhost:15263"
      clientAddress: "localhost:15262"
      adminAddress: "localhost:15261"
      startupRole: FOLLOWER
    }
  }
}
leaderCommit: 17
commitInfos {
  server {
    id: "s1"
    address: "localhost:15256"
    dataStreamAddress: "localhost:15259"
    clientAddress: "localhost:15258"
    adminAddress: "localhost:15257"
    startupRole: FOLLOWER
  }
  commitIndex: 17
}
commitInfos {
  server {
    id: "s0"
    address: "localhost:15252"
    dataStreamAddress: "localhost:15255"
    clientAddress: "localhost:15254"
    adminAddress: "localhost:15253"
    startupRole: FOLLOWER
  }
  commitIndex: 17
}
commitInfos {
  server {
    id: "s2"
    address: "localhost:15260"
    dataStreamAddress: "localhost:15263"
    clientAddress: "localhost:15262"
    adminAddress: "localhost:15261"
    startupRole: FOLLOWER
  }
  commitIndex: 16
}
)
2024-10-20 10:45:02,277 [main] WARN  util.ReferenceCountedLeakDetector (ReferenceCountedLeakDetector.java:logLeakMessage(167)) - LEAK: (class org.apache.ratis.proto.RaftProtos$AppendEntriesRequestProto, count=3, value=serverRequest {
  requestorId: "s0"
  replyId: "s2"
  raftGroupId {
    id: "\375\210\024\357\262\375HY\244\207Ci\024Gb\025"
  }
  callId: 1
}
leaderTerm: 10
previousLog {
  term: 9
  index: 16
}
entries {
  term: 10
  index: 17
  configurationEntry {
    peers {
      id: "s0"
      address: "localhost:15252"
      dataStreamAddress: "localhost:15255"
      clientAddress: "localhost:15254"
      adminAddress: "localhost:15253"
      startupRole: FOLLOWER
    }
    peers {
      id: "s1"
      address: "localhost:15256"
      dataStreamAddress: "localhost:15259"
      clientAddress: "localhost:15258"
      adminAddress: "localhost:15257"
      startupRole: FOLLOWER
    }
    peers {
      id: "s2"
      address: "localhost:15260"
      dataStreamAddress: "localhost:15263"
      clientAddress: "localhost:15262"
      adminAddress: "localhost:15261"
      startupRole: FOLLOWER
    }
  }
}
leaderCommit: 16
commitInfos {
  server {
    id: "s0"
    address: "localhost:15252"
    dataStreamAddress: "localhost:15255"
    clientAddress: "localhost:15254"
    adminAddress: "localhost:15253"
    startupRole: FOLLOWER
  }
  commitIndex: 16
}
commitInfos {
  server {
    id: "s1"
    address: "localhost:15256"
    dataStreamAddress: "localhost:15259"
    clientAddress: "localhost:15258"
    adminAddress: "localhost:15257"
    startupRole: FOLLOWER
  }
  commitIndex: 16
}
commitInfos {
  server {
    id: "s2"
    address: "localhost:15260"
    dataStreamAddress: "localhost:15263"
    clientAddress: "localhost:15262"
    adminAddress: "localhost:15261"
    startupRole: FOLLOWER
  }
  commitIndex: 16
}
)
2024-10-20 10:45:02,277 [main] WARN  util.ReferenceCountedLeakDetector (ReferenceCountedLeakDetector.java:logLeakMessage(167)) - LEAK: (class org.apache.ratis.proto.RaftProtos$AppendEntriesRequestProto, count=2, value=serverRequest {
  requestorId: "s1"
  replyId: "s2"
  raftGroupId {
    id: "\375\210\024\357\262\375HY\244\207Ci\024Gb\025"
  }
  callId: 8
}
leaderTerm: 9
previousLog {
  term: 9
  index: 16
}
leaderCommit: 16
commitInfos {
  server {
    id: "s1"
    address: "localhost:15256"
    dataStreamAddress: "localhost:15259"
    clientAddress: "localhost:15258"
    adminAddress: "localhost:15257"
    startupRole: FOLLOWER
  }
  commitIndex: 16
}
commitInfos {
  server {
    id: "s0"
    address: "localhost:15252"
    dataStreamAddress: "localhost:15255"
    clientAddress: "localhost:15254"
    adminAddress: "localhost:15253"
    startupRole: FOLLOWER
  }
  commitIndex: 16
}
commitInfos {
  server {
    id: "s2"
    address: "localhost:15260"
    dataStreamAddress: "localhost:15263"
    clientAddress: "localhost:15262"
    adminAddress: "localhost:15261"
    startupRole: FOLLOWER
  }
  commitIndex: 16
}
)
2024-10-20 10:45:02,278 [main] WARN  util.ReferenceCountedLeakDetector (ReferenceCountedLeakDetector.java:logLeakMessage(167)) - LEAK: (class org.apache.ratis.proto.RaftProtos$AppendEntriesRequestProto, count=2, value=serverRequest {
  requestorId: "s1"
  replyId: "s2"
  raftGroupId {
    id: "\375\210\024\357\262\375HY\244\207Ci\024Gb\025"
  }
}
leaderTerm: 11
previousLog {
  term: 10
  index: 18
}
leaderCommit: 17
commitInfos {
  server {
    id: "s1"
    address: "localhost:15256"
    dataStreamAddress: "localhost:15259"
    clientAddress: "localhost:15258"
    adminAddress: "localhost:15257"
    startupRole: FOLLOWER
  }
  commitIndex: 17
}
commitInfos {
  server {
    id: "s0"
    address: "localhost:15252"
    dataStreamAddress: "localhost:15255"
    clientAddress: "localhost:15254"
    adminAddress: "localhost:15253"
    startupRole: FOLLOWER
  }
  commitIndex: 17
}
commitInfos {
  server {
    id: "s2"
    address: "localhost:15260"
    dataStreamAddress: "localhost:15263"
    clientAddress: "localhost:15262"
    adminAddress: "localhost:15261"
    startupRole: FOLLOWER
  }
  commitIndex: 16
}
)
2024-10-20 10:45:02,278 [main] WARN  util.LeakDetector (LeakDetector.java:assertNoLeaks(171)) - 7/30) numLeaks == 5 > 0, will wait and retry ...
2024-10-20 10:45:03,278 [main] WARN  util.ReferenceCountedLeakDetector (ReferenceCountedLeakDetector.java:logLeakMessage(167)) - LEAK: (class org.apache.ratis.proto.RaftProtos$AppendEntriesRequestProto, count=2, value=serverRequest {
  requestorId: "s0"
  replyId: "s2"
  raftGroupId {
    id: "\375\210\024\357\262\375HY\244\207Ci\024Gb\025"
  }
}
leaderTerm: 10
previousLog {
  term: 9
  index: 16
}
leaderCommit: 16
commitInfos {
  server {
    id: "s0"
    address: "localhost:15252"
    dataStreamAddress: "localhost:15255"
    clientAddress: "localhost:15254"
    adminAddress: "localhost:15253"
    startupRole: FOLLOWER
  }
  commitIndex: 16
}
commitInfos {
  server {
    id: "s1"
    address: "localhost:15256"
    dataStreamAddress: "localhost:15259"
    clientAddress: "localhost:15258"
    adminAddress: "localhost:15257"
    startupRole: FOLLOWER
  }
  commitIndex: 16
}
commitInfos {
  server {
    id: "s2"
    address: "localhost:15260"
    dataStreamAddress: "localhost:15263"
    clientAddress: "localhost:15262"
    adminAddress: "localhost:15261"
    startupRole: FOLLOWER
  }
  commitIndex: 16
}
)
2024-10-20 10:45:03,278 [main] WARN  util.ReferenceCountedLeakDetector (ReferenceCountedLeakDetector.java:logLeakMessage(167)) - LEAK: (class org.apache.ratis.proto.RaftProtos$AppendEntriesRequestProto, count=3, value=serverRequest {
  requestorId: "s1"
  replyId: "s2"
  raftGroupId {
    id: "\375\210\024\357\262\375HY\244\207Ci\024Gb\025"
  }
  callId: 1
}
leaderTerm: 11
previousLog {
  term: 10
  index: 18
}
entries {
  term: 11
  index: 19
  configurationEntry {
    peers {
      id: "s0"
      address: "localhost:15252"
      dataStreamAddress: "localhost:15255"
      clientAddress: "localhost:15254"
      adminAddress: "localhost:15253"
      startupRole: FOLLOWER
    }
    peers {
      id: "s1"
      address: "localhost:15256"
      dataStreamAddress: "localhost:15259"
      clientAddress: "localhost:15258"
      adminAddress: "localhost:15257"
      startupRole: FOLLOWER
    }
    peers {
      id: "s2"
      address: "localhost:15260"
      dataStreamAddress: "localhost:15263"
      clientAddress: "localhost:15262"
      adminAddress: "localhost:15261"
      startupRole: FOLLOWER
    }
  }
}
leaderCommit: 17
commitInfos {
  server {
    id: "s1"
    address: "localhost:15256"
    dataStreamAddress: "localhost:15259"
    clientAddress: "localhost:15258"
    adminAddress: "localhost:15257"
    startupRole: FOLLOWER
  }
  commitIndex: 17
}
commitInfos {
  server {
    id: "s0"
    address: "localhost:15252"
    dataStreamAddress: "localhost:15255"
    clientAddress: "localhost:15254"
    adminAddress: "localhost:15253"
    startupRole: FOLLOWER
  }
  commitIndex: 17
}
commitInfos {
  server {
    id: "s2"
    address: "localhost:15260"
    dataStreamAddress: "localhost:15263"
    clientAddress: "localhost:15262"
    adminAddress: "localhost:15261"
    startupRole: FOLLOWER
  }
  commitIndex: 16
}
)
2024-10-20 10:45:03,278 [main] WARN  util.ReferenceCountedLeakDetector (ReferenceCountedLeakDetector.java:logLeakMessage(167)) - LEAK: (class org.apache.ratis.proto.RaftProtos$AppendEntriesRequestProto, count=3, value=serverRequest {
  requestorId: "s0"
  replyId: "s2"
  raftGroupId {
    id: "\375\210\024\357\262\375HY\244\207Ci\024Gb\025"
  }
  callId: 1
}
leaderTerm: 10
previousLog {
  term: 9
  index: 16
}
entries {
  term: 10
  index: 17
  configurationEntry {
    peers {
      id: "s0"
      address: "localhost:15252"
      dataStreamAddress: "localhost:15255"
      clientAddress: "localhost:15254"
      adminAddress: "localhost:15253"
      startupRole: FOLLOWER
    }
    peers {
      id: "s1"
      address: "localhost:15256"
      dataStreamAddress: "localhost:15259"
      clientAddress: "localhost:15258"
      adminAddress: "localhost:15257"
      startupRole: FOLLOWER
    }
    peers {
      id: "s2"
      address: "localhost:15260"
      dataStreamAddress: "localhost:15263"
      clientAddress: "localhost:15262"
      adminAddress: "localhost:15261"
      startupRole: FOLLOWER
    }
  }
}
leaderCommit: 16
commitInfos {
  server {
    id: "s0"
    address: "localhost:15252"
    dataStreamAddress: "localhost:15255"
    clientAddress: "localhost:15254"
    adminAddress: "localhost:15253"
    startupRole: FOLLOWER
  }
  commitIndex: 16
}
commitInfos {
  server {
    id: "s1"
    address: "localhost:15256"
    dataStreamAddress: "localhost:15259"
    clientAddress: "localhost:15258"
    adminAddress: "localhost:15257"
    startupRole: FOLLOWER
  }
  commitIndex: 16
}
commitInfos {
  server {
    id: "s2"
    address: "localhost:15260"
    dataStreamAddress: "localhost:15263"
    clientAddress: "localhost:15262"
    adminAddress: "localhost:15261"
    startupRole: FOLLOWER
  }
  commitIndex: 16
}
)
2024-10-20 10:45:03,279 [main] WARN  util.ReferenceCountedLeakDetector (ReferenceCountedLeakDetector.java:logLeakMessage(167)) - LEAK: (class org.apache.ratis.proto.RaftProtos$AppendEntriesRequestProto, count=2, value=serverRequest {
  requestorId: "s1"
  replyId: "s2"
  raftGroupId {
    id: "\375\210\024\357\262\375HY\244\207Ci\024Gb\025"
  }
  callId: 8
}
leaderTerm: 9
previousLog {
  term: 9
  index: 16
}
leaderCommit: 16
commitInfos {
  server {
    id: "s1"
    address: "localhost:15256"
    dataStreamAddress: "localhost:15259"
    clientAddress: "localhost:15258"
    adminAddress: "localhost:15257"
    startupRole: FOLLOWER
  }
  commitIndex: 16
}
commitInfos {
  server {
    id: "s0"
    address: "localhost:15252"
    dataStreamAddress: "localhost:15255"
    clientAddress: "localhost:15254"
    adminAddress: "localhost:15253"
    startupRole: FOLLOWER
  }
  commitIndex: 16
}
commitInfos {
  server {
    id: "s2"
    address: "localhost:15260"
    dataStreamAddress: "localhost:15263"
    clientAddress: "localhost:15262"
    adminAddress: "localhost:15261"
    startupRole: FOLLOWER
  }
  commitIndex: 16
}
)
2024-10-20 10:45:03,279 [main] WARN  util.ReferenceCountedLeakDetector (ReferenceCountedLeakDetector.java:logLeakMessage(167)) - LEAK: (class org.apache.ratis.proto.RaftProtos$AppendEntriesRequestProto, count=2, value=serverRequest {
  requestorId: "s1"
  replyId: "s2"
  raftGroupId {
    id: "\375\210\024\357\262\375HY\244\207Ci\024Gb\025"
  }
}
leaderTerm: 11
previousLog {
  term: 10
  index: 18
}
leaderCommit: 17
commitInfos {
  server {
    id: "s1"
    address: "localhost:15256"
    dataStreamAddress: "localhost:15259"
    clientAddress: "localhost:15258"
    adminAddress: "localhost:15257"
    startupRole: FOLLOWER
  }
  commitIndex: 17
}
commitInfos {
  server {
    id: "s0"
    address: "localhost:15252"
    dataStreamAddress: "localhost:15255"
    clientAddress: "localhost:15254"
    adminAddress: "localhost:15253"
    startupRole: FOLLOWER
  }
  commitIndex: 17
}
commitInfos {
  server {
    id: "s2"
    address: "localhost:15260"
    dataStreamAddress: "localhost:15263"
    clientAddress: "localhost:15262"
    adminAddress: "localhost:15261"
    startupRole: FOLLOWER
  }
  commitIndex: 16
}
)
2024-10-20 10:45:03,279 [main] WARN  util.LeakDetector (LeakDetector.java:assertNoLeaks(171)) - 8/30) numLeaks == 5 > 0, will wait and retry ...
2024-10-20 10:45:04,279 [main] WARN  util.ReferenceCountedLeakDetector (ReferenceCountedLeakDetector.java:logLeakMessage(167)) - LEAK: (class org.apache.ratis.proto.RaftProtos$AppendEntriesRequestProto, count=2, value=serverRequest {
  requestorId: "s0"
  replyId: "s2"
  raftGroupId {
    id: "\375\210\024\357\262\375HY\244\207Ci\024Gb\025"
  }
}
leaderTerm: 10
previousLog {
  term: 9
  index: 16
}
leaderCommit: 16
commitInfos {
  server {
    id: "s0"
    address: "localhost:15252"
    dataStreamAddress: "localhost:15255"
    clientAddress: "localhost:15254"
    adminAddress: "localhost:15253"
    startupRole: FOLLOWER
  }
  commitIndex: 16
}
commitInfos {
  server {
    id: "s1"
    address: "localhost:15256"
    dataStreamAddress: "localhost:15259"
    clientAddress: "localhost:15258"
    adminAddress: "localhost:15257"
    startupRole: FOLLOWER
  }
  commitIndex: 16
}
commitInfos {
  server {
    id: "s2"
    address: "localhost:15260"
    dataStreamAddress: "localhost:15263"
    clientAddress: "localhost:15262"
    adminAddress: "localhost:15261"
    startupRole: FOLLOWER
  }
  commitIndex: 16
}
)
2024-10-20 10:45:04,279 [main] WARN  util.ReferenceCountedLeakDetector (ReferenceCountedLeakDetector.java:logLeakMessage(167)) - LEAK: (class org.apache.ratis.proto.RaftProtos$AppendEntriesRequestProto, count=3, value=serverRequest {
  requestorId: "s1"
  replyId: "s2"
  raftGroupId {
    id: "\375\210\024\357\262\375HY\244\207Ci\024Gb\025"
  }
  callId: 1
}
leaderTerm: 11
previousLog {
  term: 10
  index: 18
}
entries {
  term: 11
  index: 19
  configurationEntry {
    peers {
      id: "s0"
      address: "localhost:15252"
      dataStreamAddress: "localhost:15255"
      clientAddress: "localhost:15254"
      adminAddress: "localhost:15253"
      startupRole: FOLLOWER
    }
    peers {
      id: "s1"
      address: "localhost:15256"
      dataStreamAddress: "localhost:15259"
      clientAddress: "localhost:15258"
      adminAddress: "localhost:15257"
      startupRole: FOLLOWER
    }
    peers {
      id: "s2"
      address: "localhost:15260"
      dataStreamAddress: "localhost:15263"
      clientAddress: "localhost:15262"
      adminAddress: "localhost:15261"
      startupRole: FOLLOWER
    }
  }
}
leaderCommit: 17
commitInfos {
  server {
    id: "s1"
    address: "localhost:15256"
    dataStreamAddress: "localhost:15259"
    clientAddress: "localhost:15258"
    adminAddress: "localhost:15257"
    startupRole: FOLLOWER
  }
  commitIndex: 17
}
commitInfos {
  server {
    id: "s0"
    address: "localhost:15252"
    dataStreamAddress: "localhost:15255"
    clientAddress: "localhost:15254"
    adminAddress: "localhost:15253"
    startupRole: FOLLOWER
  }
  commitIndex: 17
}
commitInfos {
  server {
    id: "s2"
    address: "localhost:15260"
    dataStreamAddress: "localhost:15263"
    clientAddress: "localhost:15262"
    adminAddress: "localhost:15261"
    startupRole: FOLLOWER
  }
  commitIndex: 16
}
)
2024-10-20 10:45:04,280 [main] WARN  util.ReferenceCountedLeakDetector (ReferenceCountedLeakDetector.java:logLeakMessage(167)) - LEAK: (class org.apache.ratis.proto.RaftProtos$AppendEntriesRequestProto, count=3, value=serverRequest {
  requestorId: "s0"
  replyId: "s2"
  raftGroupId {
    id: "\375\210\024\357\262\375HY\244\207Ci\024Gb\025"
  }
  callId: 1
}
leaderTerm: 10
previousLog {
  term: 9
  index: 16
}
entries {
  term: 10
  index: 17
  configurationEntry {
    peers {
      id: "s0"
      address: "localhost:15252"
      dataStreamAddress: "localhost:15255"
      clientAddress: "localhost:15254"
      adminAddress: "localhost:15253"
      startupRole: FOLLOWER
    }
    peers {
      id: "s1"
      address: "localhost:15256"
      dataStreamAddress: "localhost:15259"
      clientAddress: "localhost:15258"
      adminAddress: "localhost:15257"
      startupRole: FOLLOWER
    }
    peers {
      id: "s2"
      address: "localhost:15260"
      dataStreamAddress: "localhost:15263"
      clientAddress: "localhost:15262"
      adminAddress: "localhost:15261"
      startupRole: FOLLOWER
    }
  }
}
leaderCommit: 16
commitInfos {
  server {
    id: "s0"
    address: "localhost:15252"
    dataStreamAddress: "localhost:15255"
    clientAddress: "localhost:15254"
    adminAddress: "localhost:15253"
    startupRole: FOLLOWER
  }
  commitIndex: 16
}
commitInfos {
  server {
    id: "s1"
    address: "localhost:15256"
    dataStreamAddress: "localhost:15259"
    clientAddress: "localhost:15258"
    adminAddress: "localhost:15257"
    startupRole: FOLLOWER
  }
  commitIndex: 16
}
commitInfos {
  server {
    id: "s2"
    address: "localhost:15260"
    dataStreamAddress: "localhost:15263"
    clientAddress: "localhost:15262"
    adminAddress: "localhost:15261"
    startupRole: FOLLOWER
  }
  commitIndex: 16
}
)
2024-10-20 10:45:04,280 [main] WARN  util.ReferenceCountedLeakDetector (ReferenceCountedLeakDetector.java:logLeakMessage(167)) - LEAK: (class org.apache.ratis.proto.RaftProtos$AppendEntriesRequestProto, count=2, value=serverRequest {
  requestorId: "s1"
  replyId: "s2"
  raftGroupId {
    id: "\375\210\024\357\262\375HY\244\207Ci\024Gb\025"
  }
  callId: 8
}
leaderTerm: 9
previousLog {
  term: 9
  index: 16
}
leaderCommit: 16
commitInfos {
  server {
    id: "s1"
    address: "localhost:15256"
    dataStreamAddress: "localhost:15259"
    clientAddress: "localhost:15258"
    adminAddress: "localhost:15257"
    startupRole: FOLLOWER
  }
  commitIndex: 16
}
commitInfos {
  server {
    id: "s0"
    address: "localhost:15252"
    dataStreamAddress: "localhost:15255"
    clientAddress: "localhost:15254"
    adminAddress: "localhost:15253"
    startupRole: FOLLOWER
  }
  commitIndex: 16
}
commitInfos {
  server {
    id: "s2"
    address: "localhost:15260"
    dataStreamAddress: "localhost:15263"
    clientAddress: "localhost:15262"
    adminAddress: "localhost:15261"
    startupRole: FOLLOWER
  }
  commitIndex: 16
}
)
2024-10-20 10:45:04,280 [main] WARN  util.ReferenceCountedLeakDetector (ReferenceCountedLeakDetector.java:logLeakMessage(167)) - LEAK: (class org.apache.ratis.proto.RaftProtos$AppendEntriesRequestProto, count=2, value=serverRequest {
  requestorId: "s1"
  replyId: "s2"
  raftGroupId {
    id: "\375\210\024\357\262\375HY\244\207Ci\024Gb\025"
  }
}
leaderTerm: 11
previousLog {
  term: 10
  index: 18
}
leaderCommit: 17
commitInfos {
  server {
    id: "s1"
    address: "localhost:15256"
    dataStreamAddress: "localhost:15259"
    clientAddress: "localhost:15258"
    adminAddress: "localhost:15257"
    startupRole: FOLLOWER
  }
  commitIndex: 17
}
commitInfos {
  server {
    id: "s0"
    address: "localhost:15252"
    dataStreamAddress: "localhost:15255"
    clientAddress: "localhost:15254"
    adminAddress: "localhost:15253"
    startupRole: FOLLOWER
  }
  commitIndex: 17
}
commitInfos {
  server {
    id: "s2"
    address: "localhost:15260"
    dataStreamAddress: "localhost:15263"
    clientAddress: "localhost:15262"
    adminAddress: "localhost:15261"
    startupRole: FOLLOWER
  }
  commitIndex: 16
}
)
2024-10-20 10:45:04,280 [main] WARN  util.LeakDetector (LeakDetector.java:assertNoLeaks(171)) - 9/30) numLeaks == 5 > 0, will wait and retry ...
2024-10-20 10:45:05,280 [main] WARN  util.ReferenceCountedLeakDetector (ReferenceCountedLeakDetector.java:logLeakMessage(167)) - LEAK: (class org.apache.ratis.proto.RaftProtos$AppendEntriesRequestProto, count=2, value=serverRequest {
  requestorId: "s0"
  replyId: "s2"
  raftGroupId {
    id: "\375\210\024\357\262\375HY\244\207Ci\024Gb\025"
  }
}
leaderTerm: 10
previousLog {
  term: 9
  index: 16
}
leaderCommit: 16
commitInfos {
  server {
    id: "s0"
    address: "localhost:15252"
    dataStreamAddress: "localhost:15255"
    clientAddress: "localhost:15254"
    adminAddress: "localhost:15253"
    startupRole: FOLLOWER
  }
  commitIndex: 16
}
commitInfos {
  server {
    id: "s1"
    address: "localhost:15256"
    dataStreamAddress: "localhost:15259"
    clientAddress: "localhost:15258"
    adminAddress: "localhost:15257"
    startupRole: FOLLOWER
  }
  commitIndex: 16
}
commitInfos {
  server {
    id: "s2"
    address: "localhost:15260"
    dataStreamAddress: "localhost:15263"
    clientAddress: "localhost:15262"
    adminAddress: "localhost:15261"
    startupRole: FOLLOWER
  }
  commitIndex: 16
}
)
2024-10-20 10:45:05,281 [main] WARN  util.ReferenceCountedLeakDetector (ReferenceCountedLeakDetector.java:logLeakMessage(167)) - LEAK: (class org.apache.ratis.proto.RaftProtos$AppendEntriesRequestProto, count=3, value=serverRequest {
  requestorId: "s1"
  replyId: "s2"
  raftGroupId {
    id: "\375\210\024\357\262\375HY\244\207Ci\024Gb\025"
  }
  callId: 1
}
leaderTerm: 11
previousLog {
  term: 10
  index: 18
}
entries {
  term: 11
  index: 19
  configurationEntry {
    peers {
      id: "s0"
      address: "localhost:15252"
      dataStreamAddress: "localhost:15255"
      clientAddress: "localhost:15254"
      adminAddress: "localhost:15253"
      startupRole: FOLLOWER
    }
    peers {
      id: "s1"
      address: "localhost:15256"
      dataStreamAddress: "localhost:15259"
      clientAddress: "localhost:15258"
      adminAddress: "localhost:15257"
      startupRole: FOLLOWER
    }
    peers {
      id: "s2"
      address: "localhost:15260"
      dataStreamAddress: "localhost:15263"
      clientAddress: "localhost:15262"
      adminAddress: "localhost:15261"
      startupRole: FOLLOWER
    }
  }
}
leaderCommit: 17
commitInfos {
  server {
    id: "s1"
    address: "localhost:15256"
    dataStreamAddress: "localhost:15259"
    clientAddress: "localhost:15258"
    adminAddress: "localhost:15257"
    startupRole: FOLLOWER
  }
  commitIndex: 17
}
commitInfos {
  server {
    id: "s0"
    address: "localhost:15252"
    dataStreamAddress: "localhost:15255"
    clientAddress: "localhost:15254"
    adminAddress: "localhost:15253"
    startupRole: FOLLOWER
  }
  commitIndex: 17
}
commitInfos {
  server {
    id: "s2"
    address: "localhost:15260"
    dataStreamAddress: "localhost:15263"
    clientAddress: "localhost:15262"
    adminAddress: "localhost:15261"
    startupRole: FOLLOWER
  }
  commitIndex: 16
}
)
2024-10-20 10:45:05,281 [main] WARN  util.ReferenceCountedLeakDetector (ReferenceCountedLeakDetector.java:logLeakMessage(167)) - LEAK: (class org.apache.ratis.proto.RaftProtos$AppendEntriesRequestProto, count=3, value=serverRequest {
  requestorId: "s0"
  replyId: "s2"
  raftGroupId {
    id: "\375\210\024\357\262\375HY\244\207Ci\024Gb\025"
  }
  callId: 1
}
leaderTerm: 10
previousLog {
  term: 9
  index: 16
}
entries {
  term: 10
  index: 17
  configurationEntry {
    peers {
      id: "s0"
      address: "localhost:15252"
      dataStreamAddress: "localhost:15255"
      clientAddress: "localhost:15254"
      adminAddress: "localhost:15253"
      startupRole: FOLLOWER
    }
    peers {
      id: "s1"
      address: "localhost:15256"
      dataStreamAddress: "localhost:15259"
      clientAddress: "localhost:15258"
      adminAddress: "localhost:15257"
      startupRole: FOLLOWER
    }
    peers {
      id: "s2"
      address: "localhost:15260"
      dataStreamAddress: "localhost:15263"
      clientAddress: "localhost:15262"
      adminAddress: "localhost:15261"
      startupRole: FOLLOWER
    }
  }
}
leaderCommit: 16
commitInfos {
  server {
    id: "s0"
    address: "localhost:15252"
    dataStreamAddress: "localhost:15255"
    clientAddress: "localhost:15254"
    adminAddress: "localhost:15253"
    startupRole: FOLLOWER
  }
  commitIndex: 16
}
commitInfos {
  server {
    id: "s1"
    address: "localhost:15256"
    dataStreamAddress: "localhost:15259"
    clientAddress: "localhost:15258"
    adminAddress: "localhost:15257"
    startupRole: FOLLOWER
  }
  commitIndex: 16
}
commitInfos {
  server {
    id: "s2"
    address: "localhost:15260"
    dataStreamAddress: "localhost:15263"
    clientAddress: "localhost:15262"
    adminAddress: "localhost:15261"
    startupRole: FOLLOWER
  }
  commitIndex: 16
}
)
2024-10-20 10:45:05,281 [main] WARN  util.ReferenceCountedLeakDetector (ReferenceCountedLeakDetector.java:logLeakMessage(167)) - LEAK: (class org.apache.ratis.proto.RaftProtos$AppendEntriesRequestProto, count=2, value=serverRequest {
  requestorId: "s1"
  replyId: "s2"
  raftGroupId {
    id: "\375\210\024\357\262\375HY\244\207Ci\024Gb\025"
  }
  callId: 8
}
leaderTerm: 9
previousLog {
  term: 9
  index: 16
}
leaderCommit: 16
commitInfos {
  server {
    id: "s1"
    address: "localhost:15256"
    dataStreamAddress: "localhost:15259"
    clientAddress: "localhost:15258"
    adminAddress: "localhost:15257"
    startupRole: FOLLOWER
  }
  commitIndex: 16
}
commitInfos {
  server {
    id: "s0"
    address: "localhost:15252"
    dataStreamAddress: "localhost:15255"
    clientAddress: "localhost:15254"
    adminAddress: "localhost:15253"
    startupRole: FOLLOWER
  }
  commitIndex: 16
}
commitInfos {
  server {
    id: "s2"
    address: "localhost:15260"
    dataStreamAddress: "localhost:15263"
    clientAddress: "localhost:15262"
    adminAddress: "localhost:15261"
    startupRole: FOLLOWER
  }
  commitIndex: 16
}
)
2024-10-20 10:45:05,281 [main] WARN  util.ReferenceCountedLeakDetector (ReferenceCountedLeakDetector.java:logLeakMessage(167)) - LEAK: (class org.apache.ratis.proto.RaftProtos$AppendEntriesRequestProto, count=2, value=serverRequest {
  requestorId: "s1"
  replyId: "s2"
  raftGroupId {
    id: "\375\210\024\357\262\375HY\244\207Ci\024Gb\025"
  }
}
leaderTerm: 11
previousLog {
  term: 10
  index: 18
}
leaderCommit: 17
commitInfos {
  server {
    id: "s1"
    address: "localhost:15256"
    dataStreamAddress: "localhost:15259"
    clientAddress: "localhost:15258"
    adminAddress: "localhost:15257"
    startupRole: FOLLOWER
  }
  commitIndex: 17
}
commitInfos {
  server {
    id: "s0"
    address: "localhost:15252"
    dataStreamAddress: "localhost:15255"
    clientAddress: "localhost:15254"
    adminAddress: "localhost:15253"
    startupRole: FOLLOWER
  }
  commitIndex: 17
}
commitInfos {
  server {
    id: "s2"
    address: "localhost:15260"
    dataStreamAddress: "localhost:15263"
    clientAddress: "localhost:15262"
    adminAddress: "localhost:15261"
    startupRole: FOLLOWER
  }
  commitIndex: 16
}
)
2024-10-20 10:45:05,281 [main] WARN  util.LeakDetector (LeakDetector.java:assertNoLeaks(171)) - 10/30) numLeaks == 5 > 0, will wait and retry ...
2024-10-20 10:45:06,281 [main] WARN  util.ReferenceCountedLeakDetector (ReferenceCountedLeakDetector.java:logLeakMessage(167)) - LEAK: (class org.apache.ratis.proto.RaftProtos$AppendEntriesRequestProto, count=2, value=serverRequest {
  requestorId: "s0"
  replyId: "s2"
  raftGroupId {
    id: "\375\210\024\357\262\375HY\244\207Ci\024Gb\025"
  }
}
leaderTerm: 10
previousLog {
  term: 9
  index: 16
}
leaderCommit: 16
commitInfos {
  server {
    id: "s0"
    address: "localhost:15252"
    dataStreamAddress: "localhost:15255"
    clientAddress: "localhost:15254"
    adminAddress: "localhost:15253"
    startupRole: FOLLOWER
  }
  commitIndex: 16
}
commitInfos {
  server {
    id: "s1"
    address: "localhost:15256"
    dataStreamAddress: "localhost:15259"
    clientAddress: "localhost:15258"
    adminAddress: "localhost:15257"
    startupRole: FOLLOWER
  }
  commitIndex: 16
}
commitInfos {
  server {
    id: "s2"
    address: "localhost:15260"
    dataStreamAddress: "localhost:15263"
    clientAddress: "localhost:15262"
    adminAddress: "localhost:15261"
    startupRole: FOLLOWER
  }
  commitIndex: 16
}
)
2024-10-20 10:45:06,282 [main] WARN  util.ReferenceCountedLeakDetector (ReferenceCountedLeakDetector.java:logLeakMessage(167)) - LEAK: (class org.apache.ratis.proto.RaftProtos$AppendEntriesRequestProto, count=3, value=serverRequest {
  requestorId: "s1"
  replyId: "s2"
  raftGroupId {
    id: "\375\210\024\357\262\375HY\244\207Ci\024Gb\025"
  }
  callId: 1
}
leaderTerm: 11
previousLog {
  term: 10
  index: 18
}
entries {
  term: 11
  index: 19
  configurationEntry {
    peers {
      id: "s0"
      address: "localhost:15252"
      dataStreamAddress: "localhost:15255"
      clientAddress: "localhost:15254"
      adminAddress: "localhost:15253"
      startupRole: FOLLOWER
    }
    peers {
      id: "s1"
      address: "localhost:15256"
      dataStreamAddress: "localhost:15259"
      clientAddress: "localhost:15258"
      adminAddress: "localhost:15257"
      startupRole: FOLLOWER
    }
    peers {
      id: "s2"
      address: "localhost:15260"
      dataStreamAddress: "localhost:15263"
      clientAddress: "localhost:15262"
      adminAddress: "localhost:15261"
      startupRole: FOLLOWER
    }
  }
}
leaderCommit: 17
commitInfos {
  server {
    id: "s1"
    address: "localhost:15256"
    dataStreamAddress: "localhost:15259"
    clientAddress: "localhost:15258"
    adminAddress: "localhost:15257"
    startupRole: FOLLOWER
  }
  commitIndex: 17
}
commitInfos {
  server {
    id: "s0"
    address: "localhost:15252"
    dataStreamAddress: "localhost:15255"
    clientAddress: "localhost:15254"
    adminAddress: "localhost:15253"
    startupRole: FOLLOWER
  }
  commitIndex: 17
}
commitInfos {
  server {
    id: "s2"
    address: "localhost:15260"
    dataStreamAddress: "localhost:15263"
    clientAddress: "localhost:15262"
    adminAddress: "localhost:15261"
    startupRole: FOLLOWER
  }
  commitIndex: 16
}
)
2024-10-20 10:45:06,282 [main] WARN  util.ReferenceCountedLeakDetector (ReferenceCountedLeakDetector.java:logLeakMessage(167)) - LEAK: (class org.apache.ratis.proto.RaftProtos$AppendEntriesRequestProto, count=3, value=serverRequest {
  requestorId: "s0"
  replyId: "s2"
  raftGroupId {
    id: "\375\210\024\357\262\375HY\244\207Ci\024Gb\025"
  }
  callId: 1
}
leaderTerm: 10
previousLog {
  term: 9
  index: 16
}
entries {
  term: 10
  index: 17
  configurationEntry {
    peers {
      id: "s0"
      address: "localhost:15252"
      dataStreamAddress: "localhost:15255"
      clientAddress: "localhost:15254"
      adminAddress: "localhost:15253"
      startupRole: FOLLOWER
    }
    peers {
      id: "s1"
      address: "localhost:15256"
      dataStreamAddress: "localhost:15259"
      clientAddress: "localhost:15258"
      adminAddress: "localhost:15257"
      startupRole: FOLLOWER
    }
    peers {
      id: "s2"
      address: "localhost:15260"
      dataStreamAddress: "localhost:15263"
      clientAddress: "localhost:15262"
      adminAddress: "localhost:15261"
      startupRole: FOLLOWER
    }
  }
}
leaderCommit: 16
commitInfos {
  server {
    id: "s0"
    address: "localhost:15252"
    dataStreamAddress: "localhost:15255"
    clientAddress: "localhost:15254"
    adminAddress: "localhost:15253"
    startupRole: FOLLOWER
  }
  commitIndex: 16
}
commitInfos {
  server {
    id: "s1"
    address: "localhost:15256"
    dataStreamAddress: "localhost:15259"
    clientAddress: "localhost:15258"
    adminAddress: "localhost:15257"
    startupRole: FOLLOWER
  }
  commitIndex: 16
}
commitInfos {
  server {
    id: "s2"
    address: "localhost:15260"
    dataStreamAddress: "localhost:15263"
    clientAddress: "localhost:15262"
    adminAddress: "localhost:15261"
    startupRole: FOLLOWER
  }
  commitIndex: 16
}
)
2024-10-20 10:45:06,282 [main] WARN  util.ReferenceCountedLeakDetector (ReferenceCountedLeakDetector.java:logLeakMessage(167)) - LEAK: (class org.apache.ratis.proto.RaftProtos$AppendEntriesRequestProto, count=2, value=serverRequest {
  requestorId: "s1"
  replyId: "s2"
  raftGroupId {
    id: "\375\210\024\357\262\375HY\244\207Ci\024Gb\025"
  }
  callId: 8
}
leaderTerm: 9
previousLog {
  term: 9
  index: 16
}
leaderCommit: 16
commitInfos {
  server {
    id: "s1"
    address: "localhost:15256"
    dataStreamAddress: "localhost:15259"
    clientAddress: "localhost:15258"
    adminAddress: "localhost:15257"
    startupRole: FOLLOWER
  }
  commitIndex: 16
}
commitInfos {
  server {
    id: "s0"
    address: "localhost:15252"
    dataStreamAddress: "localhost:15255"
    clientAddress: "localhost:15254"
    adminAddress: "localhost:15253"
    startupRole: FOLLOWER
  }
  commitIndex: 16
}
commitInfos {
  server {
    id: "s2"
    address: "localhost:15260"
    dataStreamAddress: "localhost:15263"
    clientAddress: "localhost:15262"
    adminAddress: "localhost:15261"
    startupRole: FOLLOWER
  }
  commitIndex: 16
}
)
2024-10-20 10:45:06,282 [main] WARN  util.ReferenceCountedLeakDetector (ReferenceCountedLeakDetector.java:logLeakMessage(167)) - LEAK: (class org.apache.ratis.proto.RaftProtos$AppendEntriesRequestProto, count=2, value=serverRequest {
  requestorId: "s1"
  replyId: "s2"
  raftGroupId {
    id: "\375\210\024\357\262\375HY\244\207Ci\024Gb\025"
  }
}
leaderTerm: 11
previousLog {
  term: 10
  index: 18
}
leaderCommit: 17
commitInfos {
  server {
    id: "s1"
    address: "localhost:15256"
    dataStreamAddress: "localhost:15259"
    clientAddress: "localhost:15258"
    adminAddress: "localhost:15257"
    startupRole: FOLLOWER
  }
  commitIndex: 17
}
commitInfos {
  server {
    id: "s0"
    address: "localhost:15252"
    dataStreamAddress: "localhost:15255"
    clientAddress: "localhost:15254"
    adminAddress: "localhost:15253"
    startupRole: FOLLOWER
  }
  commitIndex: 17
}
commitInfos {
  server {
    id: "s2"
    address: "localhost:15260"
    dataStreamAddress: "localhost:15263"
    clientAddress: "localhost:15262"
    adminAddress: "localhost:15261"
    startupRole: FOLLOWER
  }
  commitIndex: 16
}
)
2024-10-20 10:45:06,282 [main] WARN  util.LeakDetector (LeakDetector.java:assertNoLeaks(171)) - 11/30) numLeaks == 5 > 0, will wait and retry ...
2024-10-20 10:45:07,282 [main] WARN  util.ReferenceCountedLeakDetector (ReferenceCountedLeakDetector.java:logLeakMessage(167)) - LEAK: (class org.apache.ratis.proto.RaftProtos$AppendEntriesRequestProto, count=2, value=serverRequest {
  requestorId: "s0"
  replyId: "s2"
  raftGroupId {
    id: "\375\210\024\357\262\375HY\244\207Ci\024Gb\025"
  }
}
leaderTerm: 10
previousLog {
  term: 9
  index: 16
}
leaderCommit: 16
commitInfos {
  server {
    id: "s0"
    address: "localhost:15252"
    dataStreamAddress: "localhost:15255"
    clientAddress: "localhost:15254"
    adminAddress: "localhost:15253"
    startupRole: FOLLOWER
  }
  commitIndex: 16
}
commitInfos {
  server {
    id: "s1"
    address: "localhost:15256"
    dataStreamAddress: "localhost:15259"
    clientAddress: "localhost:15258"
    adminAddress: "localhost:15257"
    startupRole: FOLLOWER
  }
  commitIndex: 16
}
commitInfos {
  server {
    id: "s2"
    address: "localhost:15260"
    dataStreamAddress: "localhost:15263"
    clientAddress: "localhost:15262"
    adminAddress: "localhost:15261"
    startupRole: FOLLOWER
  }
  commitIndex: 16
}
)
2024-10-20 10:45:07,283 [main] WARN  util.ReferenceCountedLeakDetector (ReferenceCountedLeakDetector.java:logLeakMessage(167)) - LEAK: (class org.apache.ratis.proto.RaftProtos$AppendEntriesRequestProto, count=3, value=serverRequest {
  requestorId: "s1"
  replyId: "s2"
  raftGroupId {
    id: "\375\210\024\357\262\375HY\244\207Ci\024Gb\025"
  }
  callId: 1
}
leaderTerm: 11
previousLog {
  term: 10
  index: 18
}
entries {
  term: 11
  index: 19
  configurationEntry {
    peers {
      id: "s0"
      address: "localhost:15252"
      dataStreamAddress: "localhost:15255"
      clientAddress: "localhost:15254"
      adminAddress: "localhost:15253"
      startupRole: FOLLOWER
    }
    peers {
      id: "s1"
      address: "localhost:15256"
      dataStreamAddress: "localhost:15259"
      clientAddress: "localhost:15258"
      adminAddress: "localhost:15257"
      startupRole: FOLLOWER
    }
    peers {
      id: "s2"
      address: "localhost:15260"
      dataStreamAddress: "localhost:15263"
      clientAddress: "localhost:15262"
      adminAddress: "localhost:15261"
      startupRole: FOLLOWER
    }
  }
}
leaderCommit: 17
commitInfos {
  server {
    id: "s1"
    address: "localhost:15256"
    dataStreamAddress: "localhost:15259"
    clientAddress: "localhost:15258"
    adminAddress: "localhost:15257"
    startupRole: FOLLOWER
  }
  commitIndex: 17
}
commitInfos {
  server {
    id: "s0"
    address: "localhost:15252"
    dataStreamAddress: "localhost:15255"
    clientAddress: "localhost:15254"
    adminAddress: "localhost:15253"
    startupRole: FOLLOWER
  }
  commitIndex: 17
}
commitInfos {
  server {
    id: "s2"
    address: "localhost:15260"
    dataStreamAddress: "localhost:15263"
    clientAddress: "localhost:15262"
    adminAddress: "localhost:15261"
    startupRole: FOLLOWER
  }
  commitIndex: 16
}
)
2024-10-20 10:45:07,283 [main] WARN  util.ReferenceCountedLeakDetector (ReferenceCountedLeakDetector.java:logLeakMessage(167)) - LEAK: (class org.apache.ratis.proto.RaftProtos$AppendEntriesRequestProto, count=3, value=serverRequest {
  requestorId: "s0"
  replyId: "s2"
  raftGroupId {
    id: "\375\210\024\357\262\375HY\244\207Ci\024Gb\025"
  }
  callId: 1
}
leaderTerm: 10
previousLog {
  term: 9
  index: 16
}
entries {
  term: 10
  index: 17
  configurationEntry {
    peers {
      id: "s0"
      address: "localhost:15252"
      dataStreamAddress: "localhost:15255"
      clientAddress: "localhost:15254"
      adminAddress: "localhost:15253"
      startupRole: FOLLOWER
    }
    peers {
      id: "s1"
      address: "localhost:15256"
      dataStreamAddress: "localhost:15259"
      clientAddress: "localhost:15258"
      adminAddress: "localhost:15257"
      startupRole: FOLLOWER
    }
    peers {
      id: "s2"
      address: "localhost:15260"
      dataStreamAddress: "localhost:15263"
      clientAddress: "localhost:15262"
      adminAddress: "localhost:15261"
      startupRole: FOLLOWER
    }
  }
}
leaderCommit: 16
commitInfos {
  server {
    id: "s0"
    address: "localhost:15252"
    dataStreamAddress: "localhost:15255"
    clientAddress: "localhost:15254"
    adminAddress: "localhost:15253"
    startupRole: FOLLOWER
  }
  commitIndex: 16
}
commitInfos {
  server {
    id: "s1"
    address: "localhost:15256"
    dataStreamAddress: "localhost:15259"
    clientAddress: "localhost:15258"
    adminAddress: "localhost:15257"
    startupRole: FOLLOWER
  }
  commitIndex: 16
}
commitInfos {
  server {
    id: "s2"
    address: "localhost:15260"
    dataStreamAddress: "localhost:15263"
    clientAddress: "localhost:15262"
    adminAddress: "localhost:15261"
    startupRole: FOLLOWER
  }
  commitIndex: 16
}
)
2024-10-20 10:45:07,283 [main] WARN  util.ReferenceCountedLeakDetector (ReferenceCountedLeakDetector.java:logLeakMessage(167)) - LEAK: (class org.apache.ratis.proto.RaftProtos$AppendEntriesRequestProto, count=2, value=serverRequest {
  requestorId: "s1"
  replyId: "s2"
  raftGroupId {
    id: "\375\210\024\357\262\375HY\244\207Ci\024Gb\025"
  }
  callId: 8
}
leaderTerm: 9
previousLog {
  term: 9
  index: 16
}
leaderCommit: 16
commitInfos {
  server {
    id: "s1"
    address: "localhost:15256"
    dataStreamAddress: "localhost:15259"
    clientAddress: "localhost:15258"
    adminAddress: "localhost:15257"
    startupRole: FOLLOWER
  }
  commitIndex: 16
}
commitInfos {
  server {
    id: "s0"
    address: "localhost:15252"
    dataStreamAddress: "localhost:15255"
    clientAddress: "localhost:15254"
    adminAddress: "localhost:15253"
    startupRole: FOLLOWER
  }
  commitIndex: 16
}
commitInfos {
  server {
    id: "s2"
    address: "localhost:15260"
    dataStreamAddress: "localhost:15263"
    clientAddress: "localhost:15262"
    adminAddress: "localhost:15261"
    startupRole: FOLLOWER
  }
  commitIndex: 16
}
)
2024-10-20 10:45:07,283 [main] WARN  util.ReferenceCountedLeakDetector (ReferenceCountedLeakDetector.java:logLeakMessage(167)) - LEAK: (class org.apache.ratis.proto.RaftProtos$AppendEntriesRequestProto, count=2, value=serverRequest {
  requestorId: "s1"
  replyId: "s2"
  raftGroupId {
    id: "\375\210\024\357\262\375HY\244\207Ci\024Gb\025"
  }
}
leaderTerm: 11
previousLog {
  term: 10
  index: 18
}
leaderCommit: 17
commitInfos {
  server {
    id: "s1"
    address: "localhost:15256"
    dataStreamAddress: "localhost:15259"
    clientAddress: "localhost:15258"
    adminAddress: "localhost:15257"
    startupRole: FOLLOWER
  }
  commitIndex: 17
}
commitInfos {
  server {
    id: "s0"
    address: "localhost:15252"
    dataStreamAddress: "localhost:15255"
    clientAddress: "localhost:15254"
    adminAddress: "localhost:15253"
    startupRole: FOLLOWER
  }
  commitIndex: 17
}
commitInfos {
  server {
    id: "s2"
    address: "localhost:15260"
    dataStreamAddress: "localhost:15263"
    clientAddress: "localhost:15262"
    adminAddress: "localhost:15261"
    startupRole: FOLLOWER
  }
  commitIndex: 16
}
)
2024-10-20 10:45:07,283 [main] WARN  util.LeakDetector (LeakDetector.java:assertNoLeaks(171)) - 12/30) numLeaks == 5 > 0, will wait and retry ...
2024-10-20 10:45:08,284 [main] WARN  util.ReferenceCountedLeakDetector (ReferenceCountedLeakDetector.java:logLeakMessage(167)) - LEAK: (class org.apache.ratis.proto.RaftProtos$AppendEntriesRequestProto, count=2, value=serverRequest {
  requestorId: "s0"
  replyId: "s2"
  raftGroupId {
    id: "\375\210\024\357\262\375HY\244\207Ci\024Gb\025"
  }
}
leaderTerm: 10
previousLog {
  term: 9
  index: 16
}
leaderCommit: 16
commitInfos {
  server {
    id: "s0"
    address: "localhost:15252"
    dataStreamAddress: "localhost:15255"
    clientAddress: "localhost:15254"
    adminAddress: "localhost:15253"
    startupRole: FOLLOWER
  }
  commitIndex: 16
}
commitInfos {
  server {
    id: "s1"
    address: "localhost:15256"
    dataStreamAddress: "localhost:15259"
    clientAddress: "localhost:15258"
    adminAddress: "localhost:15257"
    startupRole: FOLLOWER
  }
  commitIndex: 16
}
commitInfos {
  server {
    id: "s2"
    address: "localhost:15260"
    dataStreamAddress: "localhost:15263"
    clientAddress: "localhost:15262"
    adminAddress: "localhost:15261"
    startupRole: FOLLOWER
  }
  commitIndex: 16
}
)
2024-10-20 10:45:08,284 [main] WARN  util.ReferenceCountedLeakDetector (ReferenceCountedLeakDetector.java:logLeakMessage(167)) - LEAK: (class org.apache.ratis.proto.RaftProtos$AppendEntriesRequestProto, count=3, value=serverRequest {
  requestorId: "s1"
  replyId: "s2"
  raftGroupId {
    id: "\375\210\024\357\262\375HY\244\207Ci\024Gb\025"
  }
  callId: 1
}
leaderTerm: 11
previousLog {
  term: 10
  index: 18
}
entries {
  term: 11
  index: 19
  configurationEntry {
    peers {
      id: "s0"
      address: "localhost:15252"
      dataStreamAddress: "localhost:15255"
      clientAddress: "localhost:15254"
      adminAddress: "localhost:15253"
      startupRole: FOLLOWER
    }
    peers {
      id: "s1"
      address: "localhost:15256"
      dataStreamAddress: "localhost:15259"
      clientAddress: "localhost:15258"
      adminAddress: "localhost:15257"
      startupRole: FOLLOWER
    }
    peers {
      id: "s2"
      address: "localhost:15260"
      dataStreamAddress: "localhost:15263"
      clientAddress: "localhost:15262"
      adminAddress: "localhost:15261"
      startupRole: FOLLOWER
    }
  }
}
leaderCommit: 17
commitInfos {
  server {
    id: "s1"
    address: "localhost:15256"
    dataStreamAddress: "localhost:15259"
    clientAddress: "localhost:15258"
    adminAddress: "localhost:15257"
    startupRole: FOLLOWER
  }
  commitIndex: 17
}
commitInfos {
  server {
    id: "s0"
    address: "localhost:15252"
    dataStreamAddress: "localhost:15255"
    clientAddress: "localhost:15254"
    adminAddress: "localhost:15253"
    startupRole: FOLLOWER
  }
  commitIndex: 17
}
commitInfos {
  server {
    id: "s2"
    address: "localhost:15260"
    dataStreamAddress: "localhost:15263"
    clientAddress: "localhost:15262"
    adminAddress: "localhost:15261"
    startupRole: FOLLOWER
  }
  commitIndex: 16
}
)
2024-10-20 10:45:08,284 [main] WARN  util.ReferenceCountedLeakDetector (ReferenceCountedLeakDetector.java:logLeakMessage(167)) - LEAK: (class org.apache.ratis.proto.RaftProtos$AppendEntriesRequestProto, count=3, value=serverRequest {
  requestorId: "s0"
  replyId: "s2"
  raftGroupId {
    id: "\375\210\024\357\262\375HY\244\207Ci\024Gb\025"
  }
  callId: 1
}
leaderTerm: 10
previousLog {
  term: 9
  index: 16
}
entries {
  term: 10
  index: 17
  configurationEntry {
    peers {
      id: "s0"
      address: "localhost:15252"
      dataStreamAddress: "localhost:15255"
      clientAddress: "localhost:15254"
      adminAddress: "localhost:15253"
      startupRole: FOLLOWER
    }
    peers {
      id: "s1"
      address: "localhost:15256"
      dataStreamAddress: "localhost:15259"
      clientAddress: "localhost:15258"
      adminAddress: "localhost:15257"
      startupRole: FOLLOWER
    }
    peers {
      id: "s2"
      address: "localhost:15260"
      dataStreamAddress: "localhost:15263"
      clientAddress: "localhost:15262"
      adminAddress: "localhost:15261"
      startupRole: FOLLOWER
    }
  }
}
leaderCommit: 16
commitInfos {
  server {
    id: "s0"
    address: "localhost:15252"
    dataStreamAddress: "localhost:15255"
    clientAddress: "localhost:15254"
    adminAddress: "localhost:15253"
    startupRole: FOLLOWER
  }
  commitIndex: 16
}
commitInfos {
  server {
    id: "s1"
    address: "localhost:15256"
    dataStreamAddress: "localhost:15259"
    clientAddress: "localhost:15258"
    adminAddress: "localhost:15257"
    startupRole: FOLLOWER
  }
  commitIndex: 16
}
commitInfos {
  server {
    id: "s2"
    address: "localhost:15260"
    dataStreamAddress: "localhost:15263"
    clientAddress: "localhost:15262"
    adminAddress: "localhost:15261"
    startupRole: FOLLOWER
  }
  commitIndex: 16
}
)
2024-10-20 10:45:08,284 [main] WARN  util.ReferenceCountedLeakDetector (ReferenceCountedLeakDetector.java:logLeakMessage(167)) - LEAK: (class org.apache.ratis.proto.RaftProtos$AppendEntriesRequestProto, count=2, value=serverRequest {
  requestorId: "s1"
  replyId: "s2"
  raftGroupId {
    id: "\375\210\024\357\262\375HY\244\207Ci\024Gb\025"
  }
  callId: 8
}
leaderTerm: 9
previousLog {
  term: 9
  index: 16
}
leaderCommit: 16
commitInfos {
  server {
    id: "s1"
    address: "localhost:15256"
    dataStreamAddress: "localhost:15259"
    clientAddress: "localhost:15258"
    adminAddress: "localhost:15257"
    startupRole: FOLLOWER
  }
  commitIndex: 16
}
commitInfos {
  server {
    id: "s0"
    address: "localhost:15252"
    dataStreamAddress: "localhost:15255"
    clientAddress: "localhost:15254"
    adminAddress: "localhost:15253"
    startupRole: FOLLOWER
  }
  commitIndex: 16
}
commitInfos {
  server {
    id: "s2"
    address: "localhost:15260"
    dataStreamAddress: "localhost:15263"
    clientAddress: "localhost:15262"
    adminAddress: "localhost:15261"
    startupRole: FOLLOWER
  }
  commitIndex: 16
}
)
2024-10-20 10:45:08,284 [main] WARN  util.ReferenceCountedLeakDetector (ReferenceCountedLeakDetector.java:logLeakMessage(167)) - LEAK: (class org.apache.ratis.proto.RaftProtos$AppendEntriesRequestProto, count=2, value=serverRequest {
  requestorId: "s1"
  replyId: "s2"
  raftGroupId {
    id: "\375\210\024\357\262\375HY\244\207Ci\024Gb\025"
  }
}
leaderTerm: 11
previousLog {
  term: 10
  index: 18
}
leaderCommit: 17
commitInfos {
  server {
    id: "s1"
    address: "localhost:15256"
    dataStreamAddress: "localhost:15259"
    clientAddress: "localhost:15258"
    adminAddress: "localhost:15257"
    startupRole: FOLLOWER
  }
  commitIndex: 17
}
commitInfos {
  server {
    id: "s0"
    address: "localhost:15252"
    dataStreamAddress: "localhost:15255"
    clientAddress: "localhost:15254"
    adminAddress: "localhost:15253"
    startupRole: FOLLOWER
  }
  commitIndex: 17
}
commitInfos {
  server {
    id: "s2"
    address: "localhost:15260"
    dataStreamAddress: "localhost:15263"
    clientAddress: "localhost:15262"
    adminAddress: "localhost:15261"
    startupRole: FOLLOWER
  }
  commitIndex: 16
}
)
2024-10-20 10:45:08,284 [main] WARN  util.LeakDetector (LeakDetector.java:assertNoLeaks(171)) - 13/30) numLeaks == 5 > 0, will wait and retry ...
2024-10-20 10:45:09,285 [main] WARN  util.ReferenceCountedLeakDetector (ReferenceCountedLeakDetector.java:logLeakMessage(167)) - LEAK: (class org.apache.ratis.proto.RaftProtos$AppendEntriesRequestProto, count=2, value=serverRequest {
  requestorId: "s0"
  replyId: "s2"
  raftGroupId {
    id: "\375\210\024\357\262\375HY\244\207Ci\024Gb\025"
  }
}
leaderTerm: 10
previousLog {
  term: 9
  index: 16
}
leaderCommit: 16
commitInfos {
  server {
    id: "s0"
    address: "localhost:15252"
    dataStreamAddress: "localhost:15255"
    clientAddress: "localhost:15254"
    adminAddress: "localhost:15253"
    startupRole: FOLLOWER
  }
  commitIndex: 16
}
commitInfos {
  server {
    id: "s1"
    address: "localhost:15256"
    dataStreamAddress: "localhost:15259"
    clientAddress: "localhost:15258"
    adminAddress: "localhost:15257"
    startupRole: FOLLOWER
  }
  commitIndex: 16
}
commitInfos {
  server {
    id: "s2"
    address: "localhost:15260"
    dataStreamAddress: "localhost:15263"
    clientAddress: "localhost:15262"
    adminAddress: "localhost:15261"
    startupRole: FOLLOWER
  }
  commitIndex: 16
}
)
2024-10-20 10:45:09,285 [main] WARN  util.ReferenceCountedLeakDetector (ReferenceCountedLeakDetector.java:logLeakMessage(167)) - LEAK: (class org.apache.ratis.proto.RaftProtos$AppendEntriesRequestProto, count=3, value=serverRequest {
  requestorId: "s1"
  replyId: "s2"
  raftGroupId {
    id: "\375\210\024\357\262\375HY\244\207Ci\024Gb\025"
  }
  callId: 1
}
leaderTerm: 11
previousLog {
  term: 10
  index: 18
}
entries {
  term: 11
  index: 19
  configurationEntry {
    peers {
      id: "s0"
      address: "localhost:15252"
      dataStreamAddress: "localhost:15255"
      clientAddress: "localhost:15254"
      adminAddress: "localhost:15253"
      startupRole: FOLLOWER
    }
    peers {
      id: "s1"
      address: "localhost:15256"
      dataStreamAddress: "localhost:15259"
      clientAddress: "localhost:15258"
      adminAddress: "localhost:15257"
      startupRole: FOLLOWER
    }
    peers {
      id: "s2"
      address: "localhost:15260"
      dataStreamAddress: "localhost:15263"
      clientAddress: "localhost:15262"
      adminAddress: "localhost:15261"
      startupRole: FOLLOWER
    }
  }
}
leaderCommit: 17
commitInfos {
  server {
    id: "s1"
    address: "localhost:15256"
    dataStreamAddress: "localhost:15259"
    clientAddress: "localhost:15258"
    adminAddress: "localhost:15257"
    startupRole: FOLLOWER
  }
  commitIndex: 17
}
commitInfos {
  server {
    id: "s0"
    address: "localhost:15252"
    dataStreamAddress: "localhost:15255"
    clientAddress: "localhost:15254"
    adminAddress: "localhost:15253"
    startupRole: FOLLOWER
  }
  commitIndex: 17
}
commitInfos {
  server {
    id: "s2"
    address: "localhost:15260"
    dataStreamAddress: "localhost:15263"
    clientAddress: "localhost:15262"
    adminAddress: "localhost:15261"
    startupRole: FOLLOWER
  }
  commitIndex: 16
}
)
2024-10-20 10:45:09,285 [main] WARN  util.ReferenceCountedLeakDetector (ReferenceCountedLeakDetector.java:logLeakMessage(167)) - LEAK: (class org.apache.ratis.proto.RaftProtos$AppendEntriesRequestProto, count=3, value=serverRequest {
  requestorId: "s0"
  replyId: "s2"
  raftGroupId {
    id: "\375\210\024\357\262\375HY\244\207Ci\024Gb\025"
  }
  callId: 1
}
leaderTerm: 10
previousLog {
  term: 9
  index: 16
}
entries {
  term: 10
  index: 17
  configurationEntry {
    peers {
      id: "s0"
      address: "localhost:15252"
      dataStreamAddress: "localhost:15255"
      clientAddress: "localhost:15254"
      adminAddress: "localhost:15253"
      startupRole: FOLLOWER
    }
    peers {
      id: "s1"
      address: "localhost:15256"
      dataStreamAddress: "localhost:15259"
      clientAddress: "localhost:15258"
      adminAddress: "localhost:15257"
      startupRole: FOLLOWER
    }
    peers {
      id: "s2"
      address: "localhost:15260"
      dataStreamAddress: "localhost:15263"
      clientAddress: "localhost:15262"
      adminAddress: "localhost:15261"
      startupRole: FOLLOWER
    }
  }
}
leaderCommit: 16
commitInfos {
  server {
    id: "s0"
    address: "localhost:15252"
    dataStreamAddress: "localhost:15255"
    clientAddress: "localhost:15254"
    adminAddress: "localhost:15253"
    startupRole: FOLLOWER
  }
  commitIndex: 16
}
commitInfos {
  server {
    id: "s1"
    address: "localhost:15256"
    dataStreamAddress: "localhost:15259"
    clientAddress: "localhost:15258"
    adminAddress: "localhost:15257"
    startupRole: FOLLOWER
  }
  commitIndex: 16
}
commitInfos {
  server {
    id: "s2"
    address: "localhost:15260"
    dataStreamAddress: "localhost:15263"
    clientAddress: "localhost:15262"
    adminAddress: "localhost:15261"
    startupRole: FOLLOWER
  }
  commitIndex: 16
}
)
2024-10-20 10:45:09,285 [main] WARN  util.ReferenceCountedLeakDetector (ReferenceCountedLeakDetector.java:logLeakMessage(167)) - LEAK: (class org.apache.ratis.proto.RaftProtos$AppendEntriesRequestProto, count=2, value=serverRequest {
  requestorId: "s1"
  replyId: "s2"
  raftGroupId {
    id: "\375\210\024\357\262\375HY\244\207Ci\024Gb\025"
  }
  callId: 8
}
leaderTerm: 9
previousLog {
  term: 9
  index: 16
}
leaderCommit: 16
commitInfos {
  server {
    id: "s1"
    address: "localhost:15256"
    dataStreamAddress: "localhost:15259"
    clientAddress: "localhost:15258"
    adminAddress: "localhost:15257"
    startupRole: FOLLOWER
  }
  commitIndex: 16
}
commitInfos {
  server {
    id: "s0"
    address: "localhost:15252"
    dataStreamAddress: "localhost:15255"
    clientAddress: "localhost:15254"
    adminAddress: "localhost:15253"
    startupRole: FOLLOWER
  }
  commitIndex: 16
}
commitInfos {
  server {
    id: "s2"
    address: "localhost:15260"
    dataStreamAddress: "localhost:15263"
    clientAddress: "localhost:15262"
    adminAddress: "localhost:15261"
    startupRole: FOLLOWER
  }
  commitIndex: 16
}
)
2024-10-20 10:45:09,285 [main] WARN  util.ReferenceCountedLeakDetector (ReferenceCountedLeakDetector.java:logLeakMessage(167)) - LEAK: (class org.apache.ratis.proto.RaftProtos$AppendEntriesRequestProto, count=2, value=serverRequest {
  requestorId: "s1"
  replyId: "s2"
  raftGroupId {
    id: "\375\210\024\357\262\375HY\244\207Ci\024Gb\025"
  }
}
leaderTerm: 11
previousLog {
  term: 10
  index: 18
}
leaderCommit: 17
commitInfos {
  server {
    id: "s1"
    address: "localhost:15256"
    dataStreamAddress: "localhost:15259"
    clientAddress: "localhost:15258"
    adminAddress: "localhost:15257"
    startupRole: FOLLOWER
  }
  commitIndex: 17
}
commitInfos {
  server {
    id: "s0"
    address: "localhost:15252"
    dataStreamAddress: "localhost:15255"
    clientAddress: "localhost:15254"
    adminAddress: "localhost:15253"
    startupRole: FOLLOWER
  }
  commitIndex: 17
}
commitInfos {
  server {
    id: "s2"
    address: "localhost:15260"
    dataStreamAddress: "localhost:15263"
    clientAddress: "localhost:15262"
    adminAddress: "localhost:15261"
    startupRole: FOLLOWER
  }
  commitIndex: 16
}
)
2024-10-20 10:45:09,285 [main] WARN  util.LeakDetector (LeakDetector.java:assertNoLeaks(171)) - 14/30) numLeaks == 5 > 0, will wait and retry ...
2024-10-20 10:45:10,286 [main] WARN  util.ReferenceCountedLeakDetector (ReferenceCountedLeakDetector.java:logLeakMessage(167)) - LEAK: (class org.apache.ratis.proto.RaftProtos$AppendEntriesRequestProto, count=2, value=serverRequest {
  requestorId: "s0"
  replyId: "s2"
  raftGroupId {
    id: "\375\210\024\357\262\375HY\244\207Ci\024Gb\025"
  }
}
leaderTerm: 10
previousLog {
  term: 9
  index: 16
}
leaderCommit: 16
commitInfos {
  server {
    id: "s0"
    address: "localhost:15252"
    dataStreamAddress: "localhost:15255"
    clientAddress: "localhost:15254"
    adminAddress: "localhost:15253"
    startupRole: FOLLOWER
  }
  commitIndex: 16
}
commitInfos {
  server {
    id: "s1"
    address: "localhost:15256"
    dataStreamAddress: "localhost:15259"
    clientAddress: "localhost:15258"
    adminAddress: "localhost:15257"
    startupRole: FOLLOWER
  }
  commitIndex: 16
}
commitInfos {
  server {
    id: "s2"
    address: "localhost:15260"
    dataStreamAddress: "localhost:15263"
    clientAddress: "localhost:15262"
    adminAddress: "localhost:15261"
    startupRole: FOLLOWER
  }
  commitIndex: 16
}
)
2024-10-20 10:45:10,286 [main] WARN  util.ReferenceCountedLeakDetector (ReferenceCountedLeakDetector.java:logLeakMessage(167)) - LEAK: (class org.apache.ratis.proto.RaftProtos$AppendEntriesRequestProto, count=3, value=serverRequest {
  requestorId: "s1"
  replyId: "s2"
  raftGroupId {
    id: "\375\210\024\357\262\375HY\244\207Ci\024Gb\025"
  }
  callId: 1
}
leaderTerm: 11
previousLog {
  term: 10
  index: 18
}
entries {
  term: 11
  index: 19
  configurationEntry {
    peers {
      id: "s0"
      address: "localhost:15252"
      dataStreamAddress: "localhost:15255"
      clientAddress: "localhost:15254"
      adminAddress: "localhost:15253"
      startupRole: FOLLOWER
    }
    peers {
      id: "s1"
      address: "localhost:15256"
      dataStreamAddress: "localhost:15259"
      clientAddress: "localhost:15258"
      adminAddress: "localhost:15257"
      startupRole: FOLLOWER
    }
    peers {
      id: "s2"
      address: "localhost:15260"
      dataStreamAddress: "localhost:15263"
      clientAddress: "localhost:15262"
      adminAddress: "localhost:15261"
      startupRole: FOLLOWER
    }
  }
}
leaderCommit: 17
commitInfos {
  server {
    id: "s1"
    address: "localhost:15256"
    dataStreamAddress: "localhost:15259"
    clientAddress: "localhost:15258"
    adminAddress: "localhost:15257"
    startupRole: FOLLOWER
  }
  commitIndex: 17
}
commitInfos {
  server {
    id: "s0"
    address: "localhost:15252"
    dataStreamAddress: "localhost:15255"
    clientAddress: "localhost:15254"
    adminAddress: "localhost:15253"
    startupRole: FOLLOWER
  }
  commitIndex: 17
}
commitInfos {
  server {
    id: "s2"
    address: "localhost:15260"
    dataStreamAddress: "localhost:15263"
    clientAddress: "localhost:15262"
    adminAddress: "localhost:15261"
    startupRole: FOLLOWER
  }
  commitIndex: 16
}
)
2024-10-20 10:45:10,286 [main] WARN  util.ReferenceCountedLeakDetector (ReferenceCountedLeakDetector.java:logLeakMessage(167)) - LEAK: (class org.apache.ratis.proto.RaftProtos$AppendEntriesRequestProto, count=3, value=serverRequest {
  requestorId: "s0"
  replyId: "s2"
  raftGroupId {
    id: "\375\210\024\357\262\375HY\244\207Ci\024Gb\025"
  }
  callId: 1
}
leaderTerm: 10
previousLog {
  term: 9
  index: 16
}
entries {
  term: 10
  index: 17
  configurationEntry {
    peers {
      id: "s0"
      address: "localhost:15252"
      dataStreamAddress: "localhost:15255"
      clientAddress: "localhost:15254"
      adminAddress: "localhost:15253"
      startupRole: FOLLOWER
    }
    peers {
      id: "s1"
      address: "localhost:15256"
      dataStreamAddress: "localhost:15259"
      clientAddress: "localhost:15258"
      adminAddress: "localhost:15257"
      startupRole: FOLLOWER
    }
    peers {
      id: "s2"
      address: "localhost:15260"
      dataStreamAddress: "localhost:15263"
      clientAddress: "localhost:15262"
      adminAddress: "localhost:15261"
      startupRole: FOLLOWER
    }
  }
}
leaderCommit: 16
commitInfos {
  server {
    id: "s0"
    address: "localhost:15252"
    dataStreamAddress: "localhost:15255"
    clientAddress: "localhost:15254"
    adminAddress: "localhost:15253"
    startupRole: FOLLOWER
  }
  commitIndex: 16
}
commitInfos {
  server {
    id: "s1"
    address: "localhost:15256"
    dataStreamAddress: "localhost:15259"
    clientAddress: "localhost:15258"
    adminAddress: "localhost:15257"
    startupRole: FOLLOWER
  }
  commitIndex: 16
}
commitInfos {
  server {
    id: "s2"
    address: "localhost:15260"
    dataStreamAddress: "localhost:15263"
    clientAddress: "localhost:15262"
    adminAddress: "localhost:15261"
    startupRole: FOLLOWER
  }
  commitIndex: 16
}
)
2024-10-20 10:45:10,286 [main] WARN  util.ReferenceCountedLeakDetector (ReferenceCountedLeakDetector.java:logLeakMessage(167)) - LEAK: (class org.apache.ratis.proto.RaftProtos$AppendEntriesRequestProto, count=2, value=serverRequest {
  requestorId: "s1"
  replyId: "s2"
  raftGroupId {
    id: "\375\210\024\357\262\375HY\244\207Ci\024Gb\025"
  }
  callId: 8
}
leaderTerm: 9
previousLog {
  term: 9
  index: 16
}
leaderCommit: 16
commitInfos {
  server {
    id: "s1"
    address: "localhost:15256"
    dataStreamAddress: "localhost:15259"
    clientAddress: "localhost:15258"
    adminAddress: "localhost:15257"
    startupRole: FOLLOWER
  }
  commitIndex: 16
}
commitInfos {
  server {
    id: "s0"
    address: "localhost:15252"
    dataStreamAddress: "localhost:15255"
    clientAddress: "localhost:15254"
    adminAddress: "localhost:15253"
    startupRole: FOLLOWER
  }
  commitIndex: 16
}
commitInfos {
  server {
    id: "s2"
    address: "localhost:15260"
    dataStreamAddress: "localhost:15263"
    clientAddress: "localhost:15262"
    adminAddress: "localhost:15261"
    startupRole: FOLLOWER
  }
  commitIndex: 16
}
)
2024-10-20 10:45:10,286 [main] WARN  util.ReferenceCountedLeakDetector (ReferenceCountedLeakDetector.java:logLeakMessage(167)) - LEAK: (class org.apache.ratis.proto.RaftProtos$AppendEntriesRequestProto, count=2, value=serverRequest {
  requestorId: "s1"
  replyId: "s2"
  raftGroupId {
    id: "\375\210\024\357\262\375HY\244\207Ci\024Gb\025"
  }
}
leaderTerm: 11
previousLog {
  term: 10
  index: 18
}
leaderCommit: 17
commitInfos {
  server {
    id: "s1"
    address: "localhost:15256"
    dataStreamAddress: "localhost:15259"
    clientAddress: "localhost:15258"
    adminAddress: "localhost:15257"
    startupRole: FOLLOWER
  }
  commitIndex: 17
}
commitInfos {
  server {
    id: "s0"
    address: "localhost:15252"
    dataStreamAddress: "localhost:15255"
    clientAddress: "localhost:15254"
    adminAddress: "localhost:15253"
    startupRole: FOLLOWER
  }
  commitIndex: 17
}
commitInfos {
  server {
    id: "s2"
    address: "localhost:15260"
    dataStreamAddress: "localhost:15263"
    clientAddress: "localhost:15262"
    adminAddress: "localhost:15261"
    startupRole: FOLLOWER
  }
  commitIndex: 16
}
)
2024-10-20 10:45:10,287 [main] WARN  util.LeakDetector (LeakDetector.java:assertNoLeaks(171)) - 15/30) numLeaks == 5 > 0, will wait and retry ...
2024-10-20 10:45:11,287 [main] WARN  util.ReferenceCountedLeakDetector (ReferenceCountedLeakDetector.java:logLeakMessage(167)) - LEAK: (class org.apache.ratis.proto.RaftProtos$AppendEntriesRequestProto, count=2, value=serverRequest {
  requestorId: "s0"
  replyId: "s2"
  raftGroupId {
    id: "\375\210\024\357\262\375HY\244\207Ci\024Gb\025"
  }
}
leaderTerm: 10
previousLog {
  term: 9
  index: 16
}
leaderCommit: 16
commitInfos {
  server {
    id: "s0"
    address: "localhost:15252"
    dataStreamAddress: "localhost:15255"
    clientAddress: "localhost:15254"
    adminAddress: "localhost:15253"
    startupRole: FOLLOWER
  }
  commitIndex: 16
}
commitInfos {
  server {
    id: "s1"
    address: "localhost:15256"
    dataStreamAddress: "localhost:15259"
    clientAddress: "localhost:15258"
    adminAddress: "localhost:15257"
    startupRole: FOLLOWER
  }
  commitIndex: 16
}
commitInfos {
  server {
    id: "s2"
    address: "localhost:15260"
    dataStreamAddress: "localhost:15263"
    clientAddress: "localhost:15262"
    adminAddress: "localhost:15261"
    startupRole: FOLLOWER
  }
  commitIndex: 16
}
)
2024-10-20 10:45:11,287 [main] WARN  util.ReferenceCountedLeakDetector (ReferenceCountedLeakDetector.java:logLeakMessage(167)) - LEAK: (class org.apache.ratis.proto.RaftProtos$AppendEntriesRequestProto, count=3, value=serverRequest {
  requestorId: "s1"
  replyId: "s2"
  raftGroupId {
    id: "\375\210\024\357\262\375HY\244\207Ci\024Gb\025"
  }
  callId: 1
}
leaderTerm: 11
previousLog {
  term: 10
  index: 18
}
entries {
  term: 11
  index: 19
  configurationEntry {
    peers {
      id: "s0"
      address: "localhost:15252"
      dataStreamAddress: "localhost:15255"
      clientAddress: "localhost:15254"
      adminAddress: "localhost:15253"
      startupRole: FOLLOWER
    }
    peers {
      id: "s1"
      address: "localhost:15256"
      dataStreamAddress: "localhost:15259"
      clientAddress: "localhost:15258"
      adminAddress: "localhost:15257"
      startupRole: FOLLOWER
    }
    peers {
      id: "s2"
      address: "localhost:15260"
      dataStreamAddress: "localhost:15263"
      clientAddress: "localhost:15262"
      adminAddress: "localhost:15261"
      startupRole: FOLLOWER
    }
  }
}
leaderCommit: 17
commitInfos {
  server {
    id: "s1"
    address: "localhost:15256"
    dataStreamAddress: "localhost:15259"
    clientAddress: "localhost:15258"
    adminAddress: "localhost:15257"
    startupRole: FOLLOWER
  }
  commitIndex: 17
}
commitInfos {
  server {
    id: "s0"
    address: "localhost:15252"
    dataStreamAddress: "localhost:15255"
    clientAddress: "localhost:15254"
    adminAddress: "localhost:15253"
    startupRole: FOLLOWER
  }
  commitIndex: 17
}
commitInfos {
  server {
    id: "s2"
    address: "localhost:15260"
    dataStreamAddress: "localhost:15263"
    clientAddress: "localhost:15262"
    adminAddress: "localhost:15261"
    startupRole: FOLLOWER
  }
  commitIndex: 16
}
)
2024-10-20 10:45:11,287 [main] WARN  util.ReferenceCountedLeakDetector (ReferenceCountedLeakDetector.java:logLeakMessage(167)) - LEAK: (class org.apache.ratis.proto.RaftProtos$AppendEntriesRequestProto, count=3, value=serverRequest {
  requestorId: "s0"
  replyId: "s2"
  raftGroupId {
    id: "\375\210\024\357\262\375HY\244\207Ci\024Gb\025"
  }
  callId: 1
}
leaderTerm: 10
previousLog {
  term: 9
  index: 16
}
entries {
  term: 10
  index: 17
  configurationEntry {
    peers {
      id: "s0"
      address: "localhost:15252"
      dataStreamAddress: "localhost:15255"
      clientAddress: "localhost:15254"
      adminAddress: "localhost:15253"
      startupRole: FOLLOWER
    }
    peers {
      id: "s1"
      address: "localhost:15256"
      dataStreamAddress: "localhost:15259"
      clientAddress: "localhost:15258"
      adminAddress: "localhost:15257"
      startupRole: FOLLOWER
    }
    peers {
      id: "s2"
      address: "localhost:15260"
      dataStreamAddress: "localhost:15263"
      clientAddress: "localhost:15262"
      adminAddress: "localhost:15261"
      startupRole: FOLLOWER
    }
  }
}
leaderCommit: 16
commitInfos {
  server {
    id: "s0"
    address: "localhost:15252"
    dataStreamAddress: "localhost:15255"
    clientAddress: "localhost:15254"
    adminAddress: "localhost:15253"
    startupRole: FOLLOWER
  }
  commitIndex: 16
}
commitInfos {
  server {
    id: "s1"
    address: "localhost:15256"
    dataStreamAddress: "localhost:15259"
    clientAddress: "localhost:15258"
    adminAddress: "localhost:15257"
    startupRole: FOLLOWER
  }
  commitIndex: 16
}
commitInfos {
  server {
    id: "s2"
    address: "localhost:15260"
    dataStreamAddress: "localhost:15263"
    clientAddress: "localhost:15262"
    adminAddress: "localhost:15261"
    startupRole: FOLLOWER
  }
  commitIndex: 16
}
)
2024-10-20 10:45:11,287 [main] WARN  util.ReferenceCountedLeakDetector (ReferenceCountedLeakDetector.java:logLeakMessage(167)) - LEAK: (class org.apache.ratis.proto.RaftProtos$AppendEntriesRequestProto, count=2, value=serverRequest {
  requestorId: "s1"
  replyId: "s2"
  raftGroupId {
    id: "\375\210\024\357\262\375HY\244\207Ci\024Gb\025"
  }
  callId: 8
}
leaderTerm: 9
previousLog {
  term: 9
  index: 16
}
leaderCommit: 16
commitInfos {
  server {
    id: "s1"
    address: "localhost:15256"
    dataStreamAddress: "localhost:15259"
    clientAddress: "localhost:15258"
    adminAddress: "localhost:15257"
    startupRole: FOLLOWER
  }
  commitIndex: 16
}
commitInfos {
  server {
    id: "s0"
    address: "localhost:15252"
    dataStreamAddress: "localhost:15255"
    clientAddress: "localhost:15254"
    adminAddress: "localhost:15253"
    startupRole: FOLLOWER
  }
  commitIndex: 16
}
commitInfos {
  server {
    id: "s2"
    address: "localhost:15260"
    dataStreamAddress: "localhost:15263"
    clientAddress: "localhost:15262"
    adminAddress: "localhost:15261"
    startupRole: FOLLOWER
  }
  commitIndex: 16
}
)
2024-10-20 10:45:11,287 [main] WARN  util.ReferenceCountedLeakDetector (ReferenceCountedLeakDetector.java:logLeakMessage(167)) - LEAK: (class org.apache.ratis.proto.RaftProtos$AppendEntriesRequestProto, count=2, value=serverRequest {
  requestorId: "s1"
  replyId: "s2"
  raftGroupId {
    id: "\375\210\024\357\262\375HY\244\207Ci\024Gb\025"
  }
}
leaderTerm: 11
previousLog {
  term: 10
  index: 18
}
leaderCommit: 17
commitInfos {
  server {
    id: "s1"
    address: "localhost:15256"
    dataStreamAddress: "localhost:15259"
    clientAddress: "localhost:15258"
    adminAddress: "localhost:15257"
    startupRole: FOLLOWER
  }
  commitIndex: 17
}
commitInfos {
  server {
    id: "s0"
    address: "localhost:15252"
    dataStreamAddress: "localhost:15255"
    clientAddress: "localhost:15254"
    adminAddress: "localhost:15253"
    startupRole: FOLLOWER
  }
  commitIndex: 17
}
commitInfos {
  server {
    id: "s2"
    address: "localhost:15260"
    dataStreamAddress: "localhost:15263"
    clientAddress: "localhost:15262"
    adminAddress: "localhost:15261"
    startupRole: FOLLOWER
  }
  commitIndex: 16
}
)
2024-10-20 10:45:11,288 [main] WARN  util.LeakDetector (LeakDetector.java:assertNoLeaks(171)) - 16/30) numLeaks == 5 > 0, will wait and retry ...
2024-10-20 10:45:12,288 [main] WARN  util.ReferenceCountedLeakDetector (ReferenceCountedLeakDetector.java:logLeakMessage(167)) - LEAK: (class org.apache.ratis.proto.RaftProtos$AppendEntriesRequestProto, count=2, value=serverRequest {
  requestorId: "s0"
  replyId: "s2"
  raftGroupId {
    id: "\375\210\024\357\262\375HY\244\207Ci\024Gb\025"
  }
}
leaderTerm: 10
previousLog {
  term: 9
  index: 16
}
leaderCommit: 16
commitInfos {
  server {
    id: "s0"
    address: "localhost:15252"
    dataStreamAddress: "localhost:15255"
    clientAddress: "localhost:15254"
    adminAddress: "localhost:15253"
    startupRole: FOLLOWER
  }
  commitIndex: 16
}
commitInfos {
  server {
    id: "s1"
    address: "localhost:15256"
    dataStreamAddress: "localhost:15259"
    clientAddress: "localhost:15258"
    adminAddress: "localhost:15257"
    startupRole: FOLLOWER
  }
  commitIndex: 16
}
commitInfos {
  server {
    id: "s2"
    address: "localhost:15260"
    dataStreamAddress: "localhost:15263"
    clientAddress: "localhost:15262"
    adminAddress: "localhost:15261"
    startupRole: FOLLOWER
  }
  commitIndex: 16
}
)
2024-10-20 10:45:12,288 [main] WARN  util.ReferenceCountedLeakDetector (ReferenceCountedLeakDetector.java:logLeakMessage(167)) - LEAK: (class org.apache.ratis.proto.RaftProtos$AppendEntriesRequestProto, count=3, value=serverRequest {
  requestorId: "s1"
  replyId: "s2"
  raftGroupId {
    id: "\375\210\024\357\262\375HY\244\207Ci\024Gb\025"
  }
  callId: 1
}
leaderTerm: 11
previousLog {
  term: 10
  index: 18
}
entries {
  term: 11
  index: 19
  configurationEntry {
    peers {
      id: "s0"
      address: "localhost:15252"
      dataStreamAddress: "localhost:15255"
      clientAddress: "localhost:15254"
      adminAddress: "localhost:15253"
      startupRole: FOLLOWER
    }
    peers {
      id: "s1"
      address: "localhost:15256"
      dataStreamAddress: "localhost:15259"
      clientAddress: "localhost:15258"
      adminAddress: "localhost:15257"
      startupRole: FOLLOWER
    }
    peers {
      id: "s2"
      address: "localhost:15260"
      dataStreamAddress: "localhost:15263"
      clientAddress: "localhost:15262"
      adminAddress: "localhost:15261"
      startupRole: FOLLOWER
    }
  }
}
leaderCommit: 17
commitInfos {
  server {
    id: "s1"
    address: "localhost:15256"
    dataStreamAddress: "localhost:15259"
    clientAddress: "localhost:15258"
    adminAddress: "localhost:15257"
    startupRole: FOLLOWER
  }
  commitIndex: 17
}
commitInfos {
  server {
    id: "s0"
    address: "localhost:15252"
    dataStreamAddress: "localhost:15255"
    clientAddress: "localhost:15254"
    adminAddress: "localhost:15253"
    startupRole: FOLLOWER
  }
  commitIndex: 17
}
commitInfos {
  server {
    id: "s2"
    address: "localhost:15260"
    dataStreamAddress: "localhost:15263"
    clientAddress: "localhost:15262"
    adminAddress: "localhost:15261"
    startupRole: FOLLOWER
  }
  commitIndex: 16
}
)
2024-10-20 10:45:12,288 [main] WARN  util.ReferenceCountedLeakDetector (ReferenceCountedLeakDetector.java:logLeakMessage(167)) - LEAK: (class org.apache.ratis.proto.RaftProtos$AppendEntriesRequestProto, count=3, value=serverRequest {
  requestorId: "s0"
  replyId: "s2"
  raftGroupId {
    id: "\375\210\024\357\262\375HY\244\207Ci\024Gb\025"
  }
  callId: 1
}
leaderTerm: 10
previousLog {
  term: 9
  index: 16
}
entries {
  term: 10
  index: 17
  configurationEntry {
    peers {
      id: "s0"
      address: "localhost:15252"
      dataStreamAddress: "localhost:15255"
      clientAddress: "localhost:15254"
      adminAddress: "localhost:15253"
      startupRole: FOLLOWER
    }
    peers {
      id: "s1"
      address: "localhost:15256"
      dataStreamAddress: "localhost:15259"
      clientAddress: "localhost:15258"
      adminAddress: "localhost:15257"
      startupRole: FOLLOWER
    }
    peers {
      id: "s2"
      address: "localhost:15260"
      dataStreamAddress: "localhost:15263"
      clientAddress: "localhost:15262"
      adminAddress: "localhost:15261"
      startupRole: FOLLOWER
    }
  }
}
leaderCommit: 16
commitInfos {
  server {
    id: "s0"
    address: "localhost:15252"
    dataStreamAddress: "localhost:15255"
    clientAddress: "localhost:15254"
    adminAddress: "localhost:15253"
    startupRole: FOLLOWER
  }
  commitIndex: 16
}
commitInfos {
  server {
    id: "s1"
    address: "localhost:15256"
    dataStreamAddress: "localhost:15259"
    clientAddress: "localhost:15258"
    adminAddress: "localhost:15257"
    startupRole: FOLLOWER
  }
  commitIndex: 16
}
commitInfos {
  server {
    id: "s2"
    address: "localhost:15260"
    dataStreamAddress: "localhost:15263"
    clientAddress: "localhost:15262"
    adminAddress: "localhost:15261"
    startupRole: FOLLOWER
  }
  commitIndex: 16
}
)
2024-10-20 10:45:12,288 [main] WARN  util.ReferenceCountedLeakDetector (ReferenceCountedLeakDetector.java:logLeakMessage(167)) - LEAK: (class org.apache.ratis.proto.RaftProtos$AppendEntriesRequestProto, count=2, value=serverRequest {
  requestorId: "s1"
  replyId: "s2"
  raftGroupId {
    id: "\375\210\024\357\262\375HY\244\207Ci\024Gb\025"
  }
  callId: 8
}
leaderTerm: 9
previousLog {
  term: 9
  index: 16
}
leaderCommit: 16
commitInfos {
  server {
    id: "s1"
    address: "localhost:15256"
    dataStreamAddress: "localhost:15259"
    clientAddress: "localhost:15258"
    adminAddress: "localhost:15257"
    startupRole: FOLLOWER
  }
  commitIndex: 16
}
commitInfos {
  server {
    id: "s0"
    address: "localhost:15252"
    dataStreamAddress: "localhost:15255"
    clientAddress: "localhost:15254"
    adminAddress: "localhost:15253"
    startupRole: FOLLOWER
  }
  commitIndex: 16
}
commitInfos {
  server {
    id: "s2"
    address: "localhost:15260"
    dataStreamAddress: "localhost:15263"
    clientAddress: "localhost:15262"
    adminAddress: "localhost:15261"
    startupRole: FOLLOWER
  }
  commitIndex: 16
}
)
2024-10-20 10:45:12,289 [main] WARN  util.ReferenceCountedLeakDetector (ReferenceCountedLeakDetector.java:logLeakMessage(167)) - LEAK: (class org.apache.ratis.proto.RaftProtos$AppendEntriesRequestProto, count=2, value=serverRequest {
  requestorId: "s1"
  replyId: "s2"
  raftGroupId {
    id: "\375\210\024\357\262\375HY\244\207Ci\024Gb\025"
  }
}
leaderTerm: 11
previousLog {
  term: 10
  index: 18
}
leaderCommit: 17
commitInfos {
  server {
    id: "s1"
    address: "localhost:15256"
    dataStreamAddress: "localhost:15259"
    clientAddress: "localhost:15258"
    adminAddress: "localhost:15257"
    startupRole: FOLLOWER
  }
  commitIndex: 17
}
commitInfos {
  server {
    id: "s0"
    address: "localhost:15252"
    dataStreamAddress: "localhost:15255"
    clientAddress: "localhost:15254"
    adminAddress: "localhost:15253"
    startupRole: FOLLOWER
  }
  commitIndex: 17
}
commitInfos {
  server {
    id: "s2"
    address: "localhost:15260"
    dataStreamAddress: "localhost:15263"
    clientAddress: "localhost:15262"
    adminAddress: "localhost:15261"
    startupRole: FOLLOWER
  }
  commitIndex: 16
}
)
2024-10-20 10:45:12,289 [main] WARN  util.LeakDetector (LeakDetector.java:assertNoLeaks(171)) - 17/30) numLeaks == 5 > 0, will wait and retry ...
2024-10-20 10:45:13,289 [main] WARN  util.ReferenceCountedLeakDetector (ReferenceCountedLeakDetector.java:logLeakMessage(167)) - LEAK: (class org.apache.ratis.proto.RaftProtos$AppendEntriesRequestProto, count=2, value=serverRequest {
  requestorId: "s0"
  replyId: "s2"
  raftGroupId {
    id: "\375\210\024\357\262\375HY\244\207Ci\024Gb\025"
  }
}
leaderTerm: 10
previousLog {
  term: 9
  index: 16
}
leaderCommit: 16
commitInfos {
  server {
    id: "s0"
    address: "localhost:15252"
    dataStreamAddress: "localhost:15255"
    clientAddress: "localhost:15254"
    adminAddress: "localhost:15253"
    startupRole: FOLLOWER
  }
  commitIndex: 16
}
commitInfos {
  server {
    id: "s1"
    address: "localhost:15256"
    dataStreamAddress: "localhost:15259"
    clientAddress: "localhost:15258"
    adminAddress: "localhost:15257"
    startupRole: FOLLOWER
  }
  commitIndex: 16
}
commitInfos {
  server {
    id: "s2"
    address: "localhost:15260"
    dataStreamAddress: "localhost:15263"
    clientAddress: "localhost:15262"
    adminAddress: "localhost:15261"
    startupRole: FOLLOWER
  }
  commitIndex: 16
}
)
2024-10-20 10:45:13,289 [main] WARN  util.ReferenceCountedLeakDetector (ReferenceCountedLeakDetector.java:logLeakMessage(167)) - LEAK: (class org.apache.ratis.proto.RaftProtos$AppendEntriesRequestProto, count=3, value=serverRequest {
  requestorId: "s1"
  replyId: "s2"
  raftGroupId {
    id: "\375\210\024\357\262\375HY\244\207Ci\024Gb\025"
  }
  callId: 1
}
leaderTerm: 11
previousLog {
  term: 10
  index: 18
}
entries {
  term: 11
  index: 19
  configurationEntry {
    peers {
      id: "s0"
      address: "localhost:15252"
      dataStreamAddress: "localhost:15255"
      clientAddress: "localhost:15254"
      adminAddress: "localhost:15253"
      startupRole: FOLLOWER
    }
    peers {
      id: "s1"
      address: "localhost:15256"
      dataStreamAddress: "localhost:15259"
      clientAddress: "localhost:15258"
      adminAddress: "localhost:15257"
      startupRole: FOLLOWER
    }
    peers {
      id: "s2"
      address: "localhost:15260"
      dataStreamAddress: "localhost:15263"
      clientAddress: "localhost:15262"
      adminAddress: "localhost:15261"
      startupRole: FOLLOWER
    }
  }
}
leaderCommit: 17
commitInfos {
  server {
    id: "s1"
    address: "localhost:15256"
    dataStreamAddress: "localhost:15259"
    clientAddress: "localhost:15258"
    adminAddress: "localhost:15257"
    startupRole: FOLLOWER
  }
  commitIndex: 17
}
commitInfos {
  server {
    id: "s0"
    address: "localhost:15252"
    dataStreamAddress: "localhost:15255"
    clientAddress: "localhost:15254"
    adminAddress: "localhost:15253"
    startupRole: FOLLOWER
  }
  commitIndex: 17
}
commitInfos {
  server {
    id: "s2"
    address: "localhost:15260"
    dataStreamAddress: "localhost:15263"
    clientAddress: "localhost:15262"
    adminAddress: "localhost:15261"
    startupRole: FOLLOWER
  }
  commitIndex: 16
}
)
2024-10-20 10:45:13,289 [main] WARN  util.ReferenceCountedLeakDetector (ReferenceCountedLeakDetector.java:logLeakMessage(167)) - LEAK: (class org.apache.ratis.proto.RaftProtos$AppendEntriesRequestProto, count=3, value=serverRequest {
  requestorId: "s0"
  replyId: "s2"
  raftGroupId {
    id: "\375\210\024\357\262\375HY\244\207Ci\024Gb\025"
  }
  callId: 1
}
leaderTerm: 10
previousLog {
  term: 9
  index: 16
}
entries {
  term: 10
  index: 17
  configurationEntry {
    peers {
      id: "s0"
      address: "localhost:15252"
      dataStreamAddress: "localhost:15255"
      clientAddress: "localhost:15254"
      adminAddress: "localhost:15253"
      startupRole: FOLLOWER
    }
    peers {
      id: "s1"
      address: "localhost:15256"
      dataStreamAddress: "localhost:15259"
      clientAddress: "localhost:15258"
      adminAddress: "localhost:15257"
      startupRole: FOLLOWER
    }
    peers {
      id: "s2"
      address: "localhost:15260"
      dataStreamAddress: "localhost:15263"
      clientAddress: "localhost:15262"
      adminAddress: "localhost:15261"
      startupRole: FOLLOWER
    }
  }
}
leaderCommit: 16
commitInfos {
  server {
    id: "s0"
    address: "localhost:15252"
    dataStreamAddress: "localhost:15255"
    clientAddress: "localhost:15254"
    adminAddress: "localhost:15253"
    startupRole: FOLLOWER
  }
  commitIndex: 16
}
commitInfos {
  server {
    id: "s1"
    address: "localhost:15256"
    dataStreamAddress: "localhost:15259"
    clientAddress: "localhost:15258"
    adminAddress: "localhost:15257"
    startupRole: FOLLOWER
  }
  commitIndex: 16
}
commitInfos {
  server {
    id: "s2"
    address: "localhost:15260"
    dataStreamAddress: "localhost:15263"
    clientAddress: "localhost:15262"
    adminAddress: "localhost:15261"
    startupRole: FOLLOWER
  }
  commitIndex: 16
}
)
2024-10-20 10:45:13,290 [main] WARN  util.ReferenceCountedLeakDetector (ReferenceCountedLeakDetector.java:logLeakMessage(167)) - LEAK: (class org.apache.ratis.proto.RaftProtos$AppendEntriesRequestProto, count=2, value=serverRequest {
  requestorId: "s1"
  replyId: "s2"
  raftGroupId {
    id: "\375\210\024\357\262\375HY\244\207Ci\024Gb\025"
  }
  callId: 8
}
leaderTerm: 9
previousLog {
  term: 9
  index: 16
}
leaderCommit: 16
commitInfos {
  server {
    id: "s1"
    address: "localhost:15256"
    dataStreamAddress: "localhost:15259"
    clientAddress: "localhost:15258"
    adminAddress: "localhost:15257"
    startupRole: FOLLOWER
  }
  commitIndex: 16
}
commitInfos {
  server {
    id: "s0"
    address: "localhost:15252"
    dataStreamAddress: "localhost:15255"
    clientAddress: "localhost:15254"
    adminAddress: "localhost:15253"
    startupRole: FOLLOWER
  }
  commitIndex: 16
}
commitInfos {
  server {
    id: "s2"
    address: "localhost:15260"
    dataStreamAddress: "localhost:15263"
    clientAddress: "localhost:15262"
    adminAddress: "localhost:15261"
    startupRole: FOLLOWER
  }
  commitIndex: 16
}
)
2024-10-20 10:45:13,290 [main] WARN  util.ReferenceCountedLeakDetector (ReferenceCountedLeakDetector.java:logLeakMessage(167)) - LEAK: (class org.apache.ratis.proto.RaftProtos$AppendEntriesRequestProto, count=2, value=serverRequest {
  requestorId: "s1"
  replyId: "s2"
  raftGroupId {
    id: "\375\210\024\357\262\375HY\244\207Ci\024Gb\025"
  }
}
leaderTerm: 11
previousLog {
  term: 10
  index: 18
}
leaderCommit: 17
commitInfos {
  server {
    id: "s1"
    address: "localhost:15256"
    dataStreamAddress: "localhost:15259"
    clientAddress: "localhost:15258"
    adminAddress: "localhost:15257"
    startupRole: FOLLOWER
  }
  commitIndex: 17
}
commitInfos {
  server {
    id: "s0"
    address: "localhost:15252"
    dataStreamAddress: "localhost:15255"
    clientAddress: "localhost:15254"
    adminAddress: "localhost:15253"
    startupRole: FOLLOWER
  }
  commitIndex: 17
}
commitInfos {
  server {
    id: "s2"
    address: "localhost:15260"
    dataStreamAddress: "localhost:15263"
    clientAddress: "localhost:15262"
    adminAddress: "localhost:15261"
    startupRole: FOLLOWER
  }
  commitIndex: 16
}
)
2024-10-20 10:45:13,290 [main] WARN  util.LeakDetector (LeakDetector.java:assertNoLeaks(171)) - 18/30) numLeaks == 5 > 0, will wait and retry ...
2024-10-20 10:45:14,290 [main] WARN  util.ReferenceCountedLeakDetector (ReferenceCountedLeakDetector.java:logLeakMessage(167)) - LEAK: (class org.apache.ratis.proto.RaftProtos$AppendEntriesRequestProto, count=2, value=serverRequest {
  requestorId: "s0"
  replyId: "s2"
  raftGroupId {
    id: "\375\210\024\357\262\375HY\244\207Ci\024Gb\025"
  }
}
leaderTerm: 10
previousLog {
  term: 9
  index: 16
}
leaderCommit: 16
commitInfos {
  server {
    id: "s0"
    address: "localhost:15252"
    dataStreamAddress: "localhost:15255"
    clientAddress: "localhost:15254"
    adminAddress: "localhost:15253"
    startupRole: FOLLOWER
  }
  commitIndex: 16
}
commitInfos {
  server {
    id: "s1"
    address: "localhost:15256"
    dataStreamAddress: "localhost:15259"
    clientAddress: "localhost:15258"
    adminAddress: "localhost:15257"
    startupRole: FOLLOWER
  }
  commitIndex: 16
}
commitInfos {
  server {
    id: "s2"
    address: "localhost:15260"
    dataStreamAddress: "localhost:15263"
    clientAddress: "localhost:15262"
    adminAddress: "localhost:15261"
    startupRole: FOLLOWER
  }
  commitIndex: 16
}
)
2024-10-20 10:45:14,290 [main] WARN  util.ReferenceCountedLeakDetector (ReferenceCountedLeakDetector.java:logLeakMessage(167)) - LEAK: (class org.apache.ratis.proto.RaftProtos$AppendEntriesRequestProto, count=3, value=serverRequest {
  requestorId: "s1"
  replyId: "s2"
  raftGroupId {
    id: "\375\210\024\357\262\375HY\244\207Ci\024Gb\025"
  }
  callId: 1
}
leaderTerm: 11
previousLog {
  term: 10
  index: 18
}
entries {
  term: 11
  index: 19
  configurationEntry {
    peers {
      id: "s0"
      address: "localhost:15252"
      dataStreamAddress: "localhost:15255"
      clientAddress: "localhost:15254"
      adminAddress: "localhost:15253"
      startupRole: FOLLOWER
    }
    peers {
      id: "s1"
      address: "localhost:15256"
      dataStreamAddress: "localhost:15259"
      clientAddress: "localhost:15258"
      adminAddress: "localhost:15257"
      startupRole: FOLLOWER
    }
    peers {
      id: "s2"
      address: "localhost:15260"
      dataStreamAddress: "localhost:15263"
      clientAddress: "localhost:15262"
      adminAddress: "localhost:15261"
      startupRole: FOLLOWER
    }
  }
}
leaderCommit: 17
commitInfos {
  server {
    id: "s1"
    address: "localhost:15256"
    dataStreamAddress: "localhost:15259"
    clientAddress: "localhost:15258"
    adminAddress: "localhost:15257"
    startupRole: FOLLOWER
  }
  commitIndex: 17
}
commitInfos {
  server {
    id: "s0"
    address: "localhost:15252"
    dataStreamAddress: "localhost:15255"
    clientAddress: "localhost:15254"
    adminAddress: "localhost:15253"
    startupRole: FOLLOWER
  }
  commitIndex: 17
}
commitInfos {
  server {
    id: "s2"
    address: "localhost:15260"
    dataStreamAddress: "localhost:15263"
    clientAddress: "localhost:15262"
    adminAddress: "localhost:15261"
    startupRole: FOLLOWER
  }
  commitIndex: 16
}
)
2024-10-20 10:45:14,291 [main] WARN  util.ReferenceCountedLeakDetector (ReferenceCountedLeakDetector.java:logLeakMessage(167)) - LEAK: (class org.apache.ratis.proto.RaftProtos$AppendEntriesRequestProto, count=3, value=serverRequest {
  requestorId: "s0"
  replyId: "s2"
  raftGroupId {
    id: "\375\210\024\357\262\375HY\244\207Ci\024Gb\025"
  }
  callId: 1
}
leaderTerm: 10
previousLog {
  term: 9
  index: 16
}
entries {
  term: 10
  index: 17
  configurationEntry {
    peers {
      id: "s0"
      address: "localhost:15252"
      dataStreamAddress: "localhost:15255"
      clientAddress: "localhost:15254"
      adminAddress: "localhost:15253"
      startupRole: FOLLOWER
    }
    peers {
      id: "s1"
      address: "localhost:15256"
      dataStreamAddress: "localhost:15259"
      clientAddress: "localhost:15258"
      adminAddress: "localhost:15257"
      startupRole: FOLLOWER
    }
    peers {
      id: "s2"
      address: "localhost:15260"
      dataStreamAddress: "localhost:15263"
      clientAddress: "localhost:15262"
      adminAddress: "localhost:15261"
      startupRole: FOLLOWER
    }
  }
}
leaderCommit: 16
commitInfos {
  server {
    id: "s0"
    address: "localhost:15252"
    dataStreamAddress: "localhost:15255"
    clientAddress: "localhost:15254"
    adminAddress: "localhost:15253"
    startupRole: FOLLOWER
  }
  commitIndex: 16
}
commitInfos {
  server {
    id: "s1"
    address: "localhost:15256"
    dataStreamAddress: "localhost:15259"
    clientAddress: "localhost:15258"
    adminAddress: "localhost:15257"
    startupRole: FOLLOWER
  }
  commitIndex: 16
}
commitInfos {
  server {
    id: "s2"
    address: "localhost:15260"
    dataStreamAddress: "localhost:15263"
    clientAddress: "localhost:15262"
    adminAddress: "localhost:15261"
    startupRole: FOLLOWER
  }
  commitIndex: 16
}
)
2024-10-20 10:45:14,291 [main] WARN  util.ReferenceCountedLeakDetector (ReferenceCountedLeakDetector.java:logLeakMessage(167)) - LEAK: (class org.apache.ratis.proto.RaftProtos$AppendEntriesRequestProto, count=2, value=serverRequest {
  requestorId: "s1"
  replyId: "s2"
  raftGroupId {
    id: "\375\210\024\357\262\375HY\244\207Ci\024Gb\025"
  }
  callId: 8
}
leaderTerm: 9
previousLog {
  term: 9
  index: 16
}
leaderCommit: 16
commitInfos {
  server {
    id: "s1"
    address: "localhost:15256"
    dataStreamAddress: "localhost:15259"
    clientAddress: "localhost:15258"
    adminAddress: "localhost:15257"
    startupRole: FOLLOWER
  }
  commitIndex: 16
}
commitInfos {
  server {
    id: "s0"
    address: "localhost:15252"
    dataStreamAddress: "localhost:15255"
    clientAddress: "localhost:15254"
    adminAddress: "localhost:15253"
    startupRole: FOLLOWER
  }
  commitIndex: 16
}
commitInfos {
  server {
    id: "s2"
    address: "localhost:15260"
    dataStreamAddress: "localhost:15263"
    clientAddress: "localhost:15262"
    adminAddress: "localhost:15261"
    startupRole: FOLLOWER
  }
  commitIndex: 16
}
)
2024-10-20 10:45:14,291 [main] WARN  util.ReferenceCountedLeakDetector (ReferenceCountedLeakDetector.java:logLeakMessage(167)) - LEAK: (class org.apache.ratis.proto.RaftProtos$AppendEntriesRequestProto, count=2, value=serverRequest {
  requestorId: "s1"
  replyId: "s2"
  raftGroupId {
    id: "\375\210\024\357\262\375HY\244\207Ci\024Gb\025"
  }
}
leaderTerm: 11
previousLog {
  term: 10
  index: 18
}
leaderCommit: 17
commitInfos {
  server {
    id: "s1"
    address: "localhost:15256"
    dataStreamAddress: "localhost:15259"
    clientAddress: "localhost:15258"
    adminAddress: "localhost:15257"
    startupRole: FOLLOWER
  }
  commitIndex: 17
}
commitInfos {
  server {
    id: "s0"
    address: "localhost:15252"
    dataStreamAddress: "localhost:15255"
    clientAddress: "localhost:15254"
    adminAddress: "localhost:15253"
    startupRole: FOLLOWER
  }
  commitIndex: 17
}
commitInfos {
  server {
    id: "s2"
    address: "localhost:15260"
    dataStreamAddress: "localhost:15263"
    clientAddress: "localhost:15262"
    adminAddress: "localhost:15261"
    startupRole: FOLLOWER
  }
  commitIndex: 16
}
)
2024-10-20 10:45:14,291 [main] WARN  util.LeakDetector (LeakDetector.java:assertNoLeaks(171)) - 19/30) numLeaks == 5 > 0, will wait and retry ...
2024-10-20 10:45:15,291 [main] WARN  util.ReferenceCountedLeakDetector (ReferenceCountedLeakDetector.java:logLeakMessage(167)) - LEAK: (class org.apache.ratis.proto.RaftProtos$AppendEntriesRequestProto, count=2, value=serverRequest {
  requestorId: "s0"
  replyId: "s2"
  raftGroupId {
    id: "\375\210\024\357\262\375HY\244\207Ci\024Gb\025"
  }
}
leaderTerm: 10
previousLog {
  term: 9
  index: 16
}
leaderCommit: 16
commitInfos {
  server {
    id: "s0"
    address: "localhost:15252"
    dataStreamAddress: "localhost:15255"
    clientAddress: "localhost:15254"
    adminAddress: "localhost:15253"
    startupRole: FOLLOWER
  }
  commitIndex: 16
}
commitInfos {
  server {
    id: "s1"
    address: "localhost:15256"
    dataStreamAddress: "localhost:15259"
    clientAddress: "localhost:15258"
    adminAddress: "localhost:15257"
    startupRole: FOLLOWER
  }
  commitIndex: 16
}
commitInfos {
  server {
    id: "s2"
    address: "localhost:15260"
    dataStreamAddress: "localhost:15263"
    clientAddress: "localhost:15262"
    adminAddress: "localhost:15261"
    startupRole: FOLLOWER
  }
  commitIndex: 16
}
)
2024-10-20 10:45:15,291 [main] WARN  util.ReferenceCountedLeakDetector (ReferenceCountedLeakDetector.java:logLeakMessage(167)) - LEAK: (class org.apache.ratis.proto.RaftProtos$AppendEntriesRequestProto, count=3, value=serverRequest {
  requestorId: "s1"
  replyId: "s2"
  raftGroupId {
    id: "\375\210\024\357\262\375HY\244\207Ci\024Gb\025"
  }
  callId: 1
}
leaderTerm: 11
previousLog {
  term: 10
  index: 18
}
entries {
  term: 11
  index: 19
  configurationEntry {
    peers {
      id: "s0"
      address: "localhost:15252"
      dataStreamAddress: "localhost:15255"
      clientAddress: "localhost:15254"
      adminAddress: "localhost:15253"
      startupRole: FOLLOWER
    }
    peers {
      id: "s1"
      address: "localhost:15256"
      dataStreamAddress: "localhost:15259"
      clientAddress: "localhost:15258"
      adminAddress: "localhost:15257"
      startupRole: FOLLOWER
    }
    peers {
      id: "s2"
      address: "localhost:15260"
      dataStreamAddress: "localhost:15263"
      clientAddress: "localhost:15262"
      adminAddress: "localhost:15261"
      startupRole: FOLLOWER
    }
  }
}
leaderCommit: 17
commitInfos {
  server {
    id: "s1"
    address: "localhost:15256"
    dataStreamAddress: "localhost:15259"
    clientAddress: "localhost:15258"
    adminAddress: "localhost:15257"
    startupRole: FOLLOWER
  }
  commitIndex: 17
}
commitInfos {
  server {
    id: "s0"
    address: "localhost:15252"
    dataStreamAddress: "localhost:15255"
    clientAddress: "localhost:15254"
    adminAddress: "localhost:15253"
    startupRole: FOLLOWER
  }
  commitIndex: 17
}
commitInfos {
  server {
    id: "s2"
    address: "localhost:15260"
    dataStreamAddress: "localhost:15263"
    clientAddress: "localhost:15262"
    adminAddress: "localhost:15261"
    startupRole: FOLLOWER
  }
  commitIndex: 16
}
)
2024-10-20 10:45:15,292 [main] WARN  util.ReferenceCountedLeakDetector (ReferenceCountedLeakDetector.java:logLeakMessage(167)) - LEAK: (class org.apache.ratis.proto.RaftProtos$AppendEntriesRequestProto, count=3, value=serverRequest {
  requestorId: "s0"
  replyId: "s2"
  raftGroupId {
    id: "\375\210\024\357\262\375HY\244\207Ci\024Gb\025"
  }
  callId: 1
}
leaderTerm: 10
previousLog {
  term: 9
  index: 16
}
entries {
  term: 10
  index: 17
  configurationEntry {
    peers {
      id: "s0"
      address: "localhost:15252"
      dataStreamAddress: "localhost:15255"
      clientAddress: "localhost:15254"
      adminAddress: "localhost:15253"
      startupRole: FOLLOWER
    }
    peers {
      id: "s1"
      address: "localhost:15256"
      dataStreamAddress: "localhost:15259"
      clientAddress: "localhost:15258"
      adminAddress: "localhost:15257"
      startupRole: FOLLOWER
    }
    peers {
      id: "s2"
      address: "localhost:15260"
      dataStreamAddress: "localhost:15263"
      clientAddress: "localhost:15262"
      adminAddress: "localhost:15261"
      startupRole: FOLLOWER
    }
  }
}
leaderCommit: 16
commitInfos {
  server {
    id: "s0"
    address: "localhost:15252"
    dataStreamAddress: "localhost:15255"
    clientAddress: "localhost:15254"
    adminAddress: "localhost:15253"
    startupRole: FOLLOWER
  }
  commitIndex: 16
}
commitInfos {
  server {
    id: "s1"
    address: "localhost:15256"
    dataStreamAddress: "localhost:15259"
    clientAddress: "localhost:15258"
    adminAddress: "localhost:15257"
    startupRole: FOLLOWER
  }
  commitIndex: 16
}
commitInfos {
  server {
    id: "s2"
    address: "localhost:15260"
    dataStreamAddress: "localhost:15263"
    clientAddress: "localhost:15262"
    adminAddress: "localhost:15261"
    startupRole: FOLLOWER
  }
  commitIndex: 16
}
)
2024-10-20 10:45:15,292 [main] WARN  util.ReferenceCountedLeakDetector (ReferenceCountedLeakDetector.java:logLeakMessage(167)) - LEAK: (class org.apache.ratis.proto.RaftProtos$AppendEntriesRequestProto, count=2, value=serverRequest {
  requestorId: "s1"
  replyId: "s2"
  raftGroupId {
    id: "\375\210\024\357\262\375HY\244\207Ci\024Gb\025"
  }
  callId: 8
}
leaderTerm: 9
previousLog {
  term: 9
  index: 16
}
leaderCommit: 16
commitInfos {
  server {
    id: "s1"
    address: "localhost:15256"
    dataStreamAddress: "localhost:15259"
    clientAddress: "localhost:15258"
    adminAddress: "localhost:15257"
    startupRole: FOLLOWER
  }
  commitIndex: 16
}
commitInfos {
  server {
    id: "s0"
    address: "localhost:15252"
    dataStreamAddress: "localhost:15255"
    clientAddress: "localhost:15254"
    adminAddress: "localhost:15253"
    startupRole: FOLLOWER
  }
  commitIndex: 16
}
commitInfos {
  server {
    id: "s2"
    address: "localhost:15260"
    dataStreamAddress: "localhost:15263"
    clientAddress: "localhost:15262"
    adminAddress: "localhost:15261"
    startupRole: FOLLOWER
  }
  commitIndex: 16
}
)
2024-10-20 10:45:15,292 [main] WARN  util.ReferenceCountedLeakDetector (ReferenceCountedLeakDetector.java:logLeakMessage(167)) - LEAK: (class org.apache.ratis.proto.RaftProtos$AppendEntriesRequestProto, count=2, value=serverRequest {
  requestorId: "s1"
  replyId: "s2"
  raftGroupId {
    id: "\375\210\024\357\262\375HY\244\207Ci\024Gb\025"
  }
}
leaderTerm: 11
previousLog {
  term: 10
  index: 18
}
leaderCommit: 17
commitInfos {
  server {
    id: "s1"
    address: "localhost:15256"
    dataStreamAddress: "localhost:15259"
    clientAddress: "localhost:15258"
    adminAddress: "localhost:15257"
    startupRole: FOLLOWER
  }
  commitIndex: 17
}
commitInfos {
  server {
    id: "s0"
    address: "localhost:15252"
    dataStreamAddress: "localhost:15255"
    clientAddress: "localhost:15254"
    adminAddress: "localhost:15253"
    startupRole: FOLLOWER
  }
  commitIndex: 17
}
commitInfos {
  server {
    id: "s2"
    address: "localhost:15260"
    dataStreamAddress: "localhost:15263"
    clientAddress: "localhost:15262"
    adminAddress: "localhost:15261"
    startupRole: FOLLOWER
  }
  commitIndex: 16
}
)
2024-10-20 10:45:15,292 [main] WARN  util.LeakDetector (LeakDetector.java:assertNoLeaks(171)) - 20/30) numLeaks == 5 > 0, will wait and retry ...
2024-10-20 10:45:16,292 [main] WARN  util.ReferenceCountedLeakDetector (ReferenceCountedLeakDetector.java:logLeakMessage(167)) - LEAK: (class org.apache.ratis.proto.RaftProtos$AppendEntriesRequestProto, count=2, value=serverRequest {
  requestorId: "s0"
  replyId: "s2"
  raftGroupId {
    id: "\375\210\024\357\262\375HY\244\207Ci\024Gb\025"
  }
}
leaderTerm: 10
previousLog {
  term: 9
  index: 16
}
leaderCommit: 16
commitInfos {
  server {
    id: "s0"
    address: "localhost:15252"
    dataStreamAddress: "localhost:15255"
    clientAddress: "localhost:15254"
    adminAddress: "localhost:15253"
    startupRole: FOLLOWER
  }
  commitIndex: 16
}
commitInfos {
  server {
    id: "s1"
    address: "localhost:15256"
    dataStreamAddress: "localhost:15259"
    clientAddress: "localhost:15258"
    adminAddress: "localhost:15257"
    startupRole: FOLLOWER
  }
  commitIndex: 16
}
commitInfos {
  server {
    id: "s2"
    address: "localhost:15260"
    dataStreamAddress: "localhost:15263"
    clientAddress: "localhost:15262"
    adminAddress: "localhost:15261"
    startupRole: FOLLOWER
  }
  commitIndex: 16
}
)
2024-10-20 10:45:16,292 [main] WARN  util.ReferenceCountedLeakDetector (ReferenceCountedLeakDetector.java:logLeakMessage(167)) - LEAK: (class org.apache.ratis.proto.RaftProtos$AppendEntriesRequestProto, count=3, value=serverRequest {
  requestorId: "s1"
  replyId: "s2"
  raftGroupId {
    id: "\375\210\024\357\262\375HY\244\207Ci\024Gb\025"
  }
  callId: 1
}
leaderTerm: 11
previousLog {
  term: 10
  index: 18
}
entries {
  term: 11
  index: 19
  configurationEntry {
    peers {
      id: "s0"
      address: "localhost:15252"
      dataStreamAddress: "localhost:15255"
      clientAddress: "localhost:15254"
      adminAddress: "localhost:15253"
      startupRole: FOLLOWER
    }
    peers {
      id: "s1"
      address: "localhost:15256"
      dataStreamAddress: "localhost:15259"
      clientAddress: "localhost:15258"
      adminAddress: "localhost:15257"
      startupRole: FOLLOWER
    }
    peers {
      id: "s2"
      address: "localhost:15260"
      dataStreamAddress: "localhost:15263"
      clientAddress: "localhost:15262"
      adminAddress: "localhost:15261"
      startupRole: FOLLOWER
    }
  }
}
leaderCommit: 17
commitInfos {
  server {
    id: "s1"
    address: "localhost:15256"
    dataStreamAddress: "localhost:15259"
    clientAddress: "localhost:15258"
    adminAddress: "localhost:15257"
    startupRole: FOLLOWER
  }
  commitIndex: 17
}
commitInfos {
  server {
    id: "s0"
    address: "localhost:15252"
    dataStreamAddress: "localhost:15255"
    clientAddress: "localhost:15254"
    adminAddress: "localhost:15253"
    startupRole: FOLLOWER
  }
  commitIndex: 17
}
commitInfos {
  server {
    id: "s2"
    address: "localhost:15260"
    dataStreamAddress: "localhost:15263"
    clientAddress: "localhost:15262"
    adminAddress: "localhost:15261"
    startupRole: FOLLOWER
  }
  commitIndex: 16
}
)
2024-10-20 10:45:16,293 [main] WARN  util.ReferenceCountedLeakDetector (ReferenceCountedLeakDetector.java:logLeakMessage(167)) - LEAK: (class org.apache.ratis.proto.RaftProtos$AppendEntriesRequestProto, count=3, value=serverRequest {
  requestorId: "s0"
  replyId: "s2"
  raftGroupId {
    id: "\375\210\024\357\262\375HY\244\207Ci\024Gb\025"
  }
  callId: 1
}
leaderTerm: 10
previousLog {
  term: 9
  index: 16
}
entries {
  term: 10
  index: 17
  configurationEntry {
    peers {
      id: "s0"
      address: "localhost:15252"
      dataStreamAddress: "localhost:15255"
      clientAddress: "localhost:15254"
      adminAddress: "localhost:15253"
      startupRole: FOLLOWER
    }
    peers {
      id: "s1"
      address: "localhost:15256"
      dataStreamAddress: "localhost:15259"
      clientAddress: "localhost:15258"
      adminAddress: "localhost:15257"
      startupRole: FOLLOWER
    }
    peers {
      id: "s2"
      address: "localhost:15260"
      dataStreamAddress: "localhost:15263"
      clientAddress: "localhost:15262"
      adminAddress: "localhost:15261"
      startupRole: FOLLOWER
    }
  }
}
leaderCommit: 16
commitInfos {
  server {
    id: "s0"
    address: "localhost:15252"
    dataStreamAddress: "localhost:15255"
    clientAddress: "localhost:15254"
    adminAddress: "localhost:15253"
    startupRole: FOLLOWER
  }
  commitIndex: 16
}
commitInfos {
  server {
    id: "s1"
    address: "localhost:15256"
    dataStreamAddress: "localhost:15259"
    clientAddress: "localhost:15258"
    adminAddress: "localhost:15257"
    startupRole: FOLLOWER
  }
  commitIndex: 16
}
commitInfos {
  server {
    id: "s2"
    address: "localhost:15260"
    dataStreamAddress: "localhost:15263"
    clientAddress: "localhost:15262"
    adminAddress: "localhost:15261"
    startupRole: FOLLOWER
  }
  commitIndex: 16
}
)
2024-10-20 10:45:16,293 [main] WARN  util.ReferenceCountedLeakDetector (ReferenceCountedLeakDetector.java:logLeakMessage(167)) - LEAK: (class org.apache.ratis.proto.RaftProtos$AppendEntriesRequestProto, count=2, value=serverRequest {
  requestorId: "s1"
  replyId: "s2"
  raftGroupId {
    id: "\375\210\024\357\262\375HY\244\207Ci\024Gb\025"
  }
  callId: 8
}
leaderTerm: 9
previousLog {
  term: 9
  index: 16
}
leaderCommit: 16
commitInfos {
  server {
    id: "s1"
    address: "localhost:15256"
    dataStreamAddress: "localhost:15259"
    clientAddress: "localhost:15258"
    adminAddress: "localhost:15257"
    startupRole: FOLLOWER
  }
  commitIndex: 16
}
commitInfos {
  server {
    id: "s0"
    address: "localhost:15252"
    dataStreamAddress: "localhost:15255"
    clientAddress: "localhost:15254"
    adminAddress: "localhost:15253"
    startupRole: FOLLOWER
  }
  commitIndex: 16
}
commitInfos {
  server {
    id: "s2"
    address: "localhost:15260"
    dataStreamAddress: "localhost:15263"
    clientAddress: "localhost:15262"
    adminAddress: "localhost:15261"
    startupRole: FOLLOWER
  }
  commitIndex: 16
}
)
2024-10-20 10:45:16,293 [main] WARN  util.ReferenceCountedLeakDetector (ReferenceCountedLeakDetector.java:logLeakMessage(167)) - LEAK: (class org.apache.ratis.proto.RaftProtos$AppendEntriesRequestProto, count=2, value=serverRequest {
  requestorId: "s1"
  replyId: "s2"
  raftGroupId {
    id: "\375\210\024\357\262\375HY\244\207Ci\024Gb\025"
  }
}
leaderTerm: 11
previousLog {
  term: 10
  index: 18
}
leaderCommit: 17
commitInfos {
  server {
    id: "s1"
    address: "localhost:15256"
    dataStreamAddress: "localhost:15259"
    clientAddress: "localhost:15258"
    adminAddress: "localhost:15257"
    startupRole: FOLLOWER
  }
  commitIndex: 17
}
commitInfos {
  server {
    id: "s0"
    address: "localhost:15252"
    dataStreamAddress: "localhost:15255"
    clientAddress: "localhost:15254"
    adminAddress: "localhost:15253"
    startupRole: FOLLOWER
  }
  commitIndex: 17
}
commitInfos {
  server {
    id: "s2"
    address: "localhost:15260"
    dataStreamAddress: "localhost:15263"
    clientAddress: "localhost:15262"
    adminAddress: "localhost:15261"
    startupRole: FOLLOWER
  }
  commitIndex: 16
}
)
2024-10-20 10:45:16,293 [main] WARN  util.LeakDetector (LeakDetector.java:assertNoLeaks(171)) - 21/30) numLeaks == 5 > 0, will wait and retry ...
2024-10-20 10:45:17,293 [main] WARN  util.ReferenceCountedLeakDetector (ReferenceCountedLeakDetector.java:logLeakMessage(167)) - LEAK: (class org.apache.ratis.proto.RaftProtos$AppendEntriesRequestProto, count=2, value=serverRequest {
  requestorId: "s0"
  replyId: "s2"
  raftGroupId {
    id: "\375\210\024\357\262\375HY\244\207Ci\024Gb\025"
  }
}
leaderTerm: 10
previousLog {
  term: 9
  index: 16
}
leaderCommit: 16
commitInfos {
  server {
    id: "s0"
    address: "localhost:15252"
    dataStreamAddress: "localhost:15255"
    clientAddress: "localhost:15254"
    adminAddress: "localhost:15253"
    startupRole: FOLLOWER
  }
  commitIndex: 16
}
commitInfos {
  server {
    id: "s1"
    address: "localhost:15256"
    dataStreamAddress: "localhost:15259"
    clientAddress: "localhost:15258"
    adminAddress: "localhost:15257"
    startupRole: FOLLOWER
  }
  commitIndex: 16
}
commitInfos {
  server {
    id: "s2"
    address: "localhost:15260"
    dataStreamAddress: "localhost:15263"
    clientAddress: "localhost:15262"
    adminAddress: "localhost:15261"
    startupRole: FOLLOWER
  }
  commitIndex: 16
}
)
2024-10-20 10:45:17,293 [main] WARN  util.ReferenceCountedLeakDetector (ReferenceCountedLeakDetector.java:logLeakMessage(167)) - LEAK: (class org.apache.ratis.proto.RaftProtos$AppendEntriesRequestProto, count=3, value=serverRequest {
  requestorId: "s1"
  replyId: "s2"
  raftGroupId {
    id: "\375\210\024\357\262\375HY\244\207Ci\024Gb\025"
  }
  callId: 1
}
leaderTerm: 11
previousLog {
  term: 10
  index: 18
}
entries {
  term: 11
  index: 19
  configurationEntry {
    peers {
      id: "s0"
      address: "localhost:15252"
      dataStreamAddress: "localhost:15255"
      clientAddress: "localhost:15254"
      adminAddress: "localhost:15253"
      startupRole: FOLLOWER
    }
    peers {
      id: "s1"
      address: "localhost:15256"
      dataStreamAddress: "localhost:15259"
      clientAddress: "localhost:15258"
      adminAddress: "localhost:15257"
      startupRole: FOLLOWER
    }
    peers {
      id: "s2"
      address: "localhost:15260"
      dataStreamAddress: "localhost:15263"
      clientAddress: "localhost:15262"
      adminAddress: "localhost:15261"
      startupRole: FOLLOWER
    }
  }
}
leaderCommit: 17
commitInfos {
  server {
    id: "s1"
    address: "localhost:15256"
    dataStreamAddress: "localhost:15259"
    clientAddress: "localhost:15258"
    adminAddress: "localhost:15257"
    startupRole: FOLLOWER
  }
  commitIndex: 17
}
commitInfos {
  server {
    id: "s0"
    address: "localhost:15252"
    dataStreamAddress: "localhost:15255"
    clientAddress: "localhost:15254"
    adminAddress: "localhost:15253"
    startupRole: FOLLOWER
  }
  commitIndex: 17
}
commitInfos {
  server {
    id: "s2"
    address: "localhost:15260"
    dataStreamAddress: "localhost:15263"
    clientAddress: "localhost:15262"
    adminAddress: "localhost:15261"
    startupRole: FOLLOWER
  }
  commitIndex: 16
}
)
2024-10-20 10:45:17,294 [main] WARN  util.ReferenceCountedLeakDetector (ReferenceCountedLeakDetector.java:logLeakMessage(167)) - LEAK: (class org.apache.ratis.proto.RaftProtos$AppendEntriesRequestProto, count=3, value=serverRequest {
  requestorId: "s0"
  replyId: "s2"
  raftGroupId {
    id: "\375\210\024\357\262\375HY\244\207Ci\024Gb\025"
  }
  callId: 1
}
leaderTerm: 10
previousLog {
  term: 9
  index: 16
}
entries {
  term: 10
  index: 17
  configurationEntry {
    peers {
      id: "s0"
      address: "localhost:15252"
      dataStreamAddress: "localhost:15255"
      clientAddress: "localhost:15254"
      adminAddress: "localhost:15253"
      startupRole: FOLLOWER
    }
    peers {
      id: "s1"
      address: "localhost:15256"
      dataStreamAddress: "localhost:15259"
      clientAddress: "localhost:15258"
      adminAddress: "localhost:15257"
      startupRole: FOLLOWER
    }
    peers {
      id: "s2"
      address: "localhost:15260"
      dataStreamAddress: "localhost:15263"
      clientAddress: "localhost:15262"
      adminAddress: "localhost:15261"
      startupRole: FOLLOWER
    }
  }
}
leaderCommit: 16
commitInfos {
  server {
    id: "s0"
    address: "localhost:15252"
    dataStreamAddress: "localhost:15255"
    clientAddress: "localhost:15254"
    adminAddress: "localhost:15253"
    startupRole: FOLLOWER
  }
  commitIndex: 16
}
commitInfos {
  server {
    id: "s1"
    address: "localhost:15256"
    dataStreamAddress: "localhost:15259"
    clientAddress: "localhost:15258"
    adminAddress: "localhost:15257"
    startupRole: FOLLOWER
  }
  commitIndex: 16
}
commitInfos {
  server {
    id: "s2"
    address: "localhost:15260"
    dataStreamAddress: "localhost:15263"
    clientAddress: "localhost:15262"
    adminAddress: "localhost:15261"
    startupRole: FOLLOWER
  }
  commitIndex: 16
}
)
2024-10-20 10:45:17,294 [main] WARN  util.ReferenceCountedLeakDetector (ReferenceCountedLeakDetector.java:logLeakMessage(167)) - LEAK: (class org.apache.ratis.proto.RaftProtos$AppendEntriesRequestProto, count=2, value=serverRequest {
  requestorId: "s1"
  replyId: "s2"
  raftGroupId {
    id: "\375\210\024\357\262\375HY\244\207Ci\024Gb\025"
  }
  callId: 8
}
leaderTerm: 9
previousLog {
  term: 9
  index: 16
}
leaderCommit: 16
commitInfos {
  server {
    id: "s1"
    address: "localhost:15256"
    dataStreamAddress: "localhost:15259"
    clientAddress: "localhost:15258"
    adminAddress: "localhost:15257"
    startupRole: FOLLOWER
  }
  commitIndex: 16
}
commitInfos {
  server {
    id: "s0"
    address: "localhost:15252"
    dataStreamAddress: "localhost:15255"
    clientAddress: "localhost:15254"
    adminAddress: "localhost:15253"
    startupRole: FOLLOWER
  }
  commitIndex: 16
}
commitInfos {
  server {
    id: "s2"
    address: "localhost:15260"
    dataStreamAddress: "localhost:15263"
    clientAddress: "localhost:15262"
    adminAddress: "localhost:15261"
    startupRole: FOLLOWER
  }
  commitIndex: 16
}
)
2024-10-20 10:45:17,294 [main] WARN  util.ReferenceCountedLeakDetector (ReferenceCountedLeakDetector.java:logLeakMessage(167)) - LEAK: (class org.apache.ratis.proto.RaftProtos$AppendEntriesRequestProto, count=2, value=serverRequest {
  requestorId: "s1"
  replyId: "s2"
  raftGroupId {
    id: "\375\210\024\357\262\375HY\244\207Ci\024Gb\025"
  }
}
leaderTerm: 11
previousLog {
  term: 10
  index: 18
}
leaderCommit: 17
commitInfos {
  server {
    id: "s1"
    address: "localhost:15256"
    dataStreamAddress: "localhost:15259"
    clientAddress: "localhost:15258"
    adminAddress: "localhost:15257"
    startupRole: FOLLOWER
  }
  commitIndex: 17
}
commitInfos {
  server {
    id: "s0"
    address: "localhost:15252"
    dataStreamAddress: "localhost:15255"
    clientAddress: "localhost:15254"
    adminAddress: "localhost:15253"
    startupRole: FOLLOWER
  }
  commitIndex: 17
}
commitInfos {
  server {
    id: "s2"
    address: "localhost:15260"
    dataStreamAddress: "localhost:15263"
    clientAddress: "localhost:15262"
    adminAddress: "localhost:15261"
    startupRole: FOLLOWER
  }
  commitIndex: 16
}
)
2024-10-20 10:45:17,294 [main] WARN  util.LeakDetector (LeakDetector.java:assertNoLeaks(171)) - 22/30) numLeaks == 5 > 0, will wait and retry ...
2024-10-20 10:45:18,294 [main] WARN  util.ReferenceCountedLeakDetector (ReferenceCountedLeakDetector.java:logLeakMessage(167)) - LEAK: (class org.apache.ratis.proto.RaftProtos$AppendEntriesRequestProto, count=2, value=serverRequest {
  requestorId: "s0"
  replyId: "s2"
  raftGroupId {
    id: "\375\210\024\357\262\375HY\244\207Ci\024Gb\025"
  }
}
leaderTerm: 10
previousLog {
  term: 9
  index: 16
}
leaderCommit: 16
commitInfos {
  server {
    id: "s0"
    address: "localhost:15252"
    dataStreamAddress: "localhost:15255"
    clientAddress: "localhost:15254"
    adminAddress: "localhost:15253"
    startupRole: FOLLOWER
  }
  commitIndex: 16
}
commitInfos {
  server {
    id: "s1"
    address: "localhost:15256"
    dataStreamAddress: "localhost:15259"
    clientAddress: "localhost:15258"
    adminAddress: "localhost:15257"
    startupRole: FOLLOWER
  }
  commitIndex: 16
}
commitInfos {
  server {
    id: "s2"
    address: "localhost:15260"
    dataStreamAddress: "localhost:15263"
    clientAddress: "localhost:15262"
    adminAddress: "localhost:15261"
    startupRole: FOLLOWER
  }
  commitIndex: 16
}
)
2024-10-20 10:45:18,295 [main] WARN  util.ReferenceCountedLeakDetector (ReferenceCountedLeakDetector.java:logLeakMessage(167)) - LEAK: (class org.apache.ratis.proto.RaftProtos$AppendEntriesRequestProto, count=3, value=serverRequest {
  requestorId: "s1"
  replyId: "s2"
  raftGroupId {
    id: "\375\210\024\357\262\375HY\244\207Ci\024Gb\025"
  }
  callId: 1
}
leaderTerm: 11
previousLog {
  term: 10
  index: 18
}
entries {
  term: 11
  index: 19
  configurationEntry {
    peers {
      id: "s0"
      address: "localhost:15252"
      dataStreamAddress: "localhost:15255"
      clientAddress: "localhost:15254"
      adminAddress: "localhost:15253"
      startupRole: FOLLOWER
    }
    peers {
      id: "s1"
      address: "localhost:15256"
      dataStreamAddress: "localhost:15259"
      clientAddress: "localhost:15258"
      adminAddress: "localhost:15257"
      startupRole: FOLLOWER
    }
    peers {
      id: "s2"
      address: "localhost:15260"
      dataStreamAddress: "localhost:15263"
      clientAddress: "localhost:15262"
      adminAddress: "localhost:15261"
      startupRole: FOLLOWER
    }
  }
}
leaderCommit: 17
commitInfos {
  server {
    id: "s1"
    address: "localhost:15256"
    dataStreamAddress: "localhost:15259"
    clientAddress: "localhost:15258"
    adminAddress: "localhost:15257"
    startupRole: FOLLOWER
  }
  commitIndex: 17
}
commitInfos {
  server {
    id: "s0"
    address: "localhost:15252"
    dataStreamAddress: "localhost:15255"
    clientAddress: "localhost:15254"
    adminAddress: "localhost:15253"
    startupRole: FOLLOWER
  }
  commitIndex: 17
}
commitInfos {
  server {
    id: "s2"
    address: "localhost:15260"
    dataStreamAddress: "localhost:15263"
    clientAddress: "localhost:15262"
    adminAddress: "localhost:15261"
    startupRole: FOLLOWER
  }
  commitIndex: 16
}
)
2024-10-20 10:45:18,295 [main] WARN  util.ReferenceCountedLeakDetector (ReferenceCountedLeakDetector.java:logLeakMessage(167)) - LEAK: (class org.apache.ratis.proto.RaftProtos$AppendEntriesRequestProto, count=3, value=serverRequest {
  requestorId: "s0"
  replyId: "s2"
  raftGroupId {
    id: "\375\210\024\357\262\375HY\244\207Ci\024Gb\025"
  }
  callId: 1
}
leaderTerm: 10
previousLog {
  term: 9
  index: 16
}
entries {
  term: 10
  index: 17
  configurationEntry {
    peers {
      id: "s0"
      address: "localhost:15252"
      dataStreamAddress: "localhost:15255"
      clientAddress: "localhost:15254"
      adminAddress: "localhost:15253"
      startupRole: FOLLOWER
    }
    peers {
      id: "s1"
      address: "localhost:15256"
      dataStreamAddress: "localhost:15259"
      clientAddress: "localhost:15258"
      adminAddress: "localhost:15257"
      startupRole: FOLLOWER
    }
    peers {
      id: "s2"
      address: "localhost:15260"
      dataStreamAddress: "localhost:15263"
      clientAddress: "localhost:15262"
      adminAddress: "localhost:15261"
      startupRole: FOLLOWER
    }
  }
}
leaderCommit: 16
commitInfos {
  server {
    id: "s0"
    address: "localhost:15252"
    dataStreamAddress: "localhost:15255"
    clientAddress: "localhost:15254"
    adminAddress: "localhost:15253"
    startupRole: FOLLOWER
  }
  commitIndex: 16
}
commitInfos {
  server {
    id: "s1"
    address: "localhost:15256"
    dataStreamAddress: "localhost:15259"
    clientAddress: "localhost:15258"
    adminAddress: "localhost:15257"
    startupRole: FOLLOWER
  }
  commitIndex: 16
}
commitInfos {
  server {
    id: "s2"
    address: "localhost:15260"
    dataStreamAddress: "localhost:15263"
    clientAddress: "localhost:15262"
    adminAddress: "localhost:15261"
    startupRole: FOLLOWER
  }
  commitIndex: 16
}
)
2024-10-20 10:45:18,295 [main] WARN  util.ReferenceCountedLeakDetector (ReferenceCountedLeakDetector.java:logLeakMessage(167)) - LEAK: (class org.apache.ratis.proto.RaftProtos$AppendEntriesRequestProto, count=2, value=serverRequest {
  requestorId: "s1"
  replyId: "s2"
  raftGroupId {
    id: "\375\210\024\357\262\375HY\244\207Ci\024Gb\025"
  }
  callId: 8
}
leaderTerm: 9
previousLog {
  term: 9
  index: 16
}
leaderCommit: 16
commitInfos {
  server {
    id: "s1"
    address: "localhost:15256"
    dataStreamAddress: "localhost:15259"
    clientAddress: "localhost:15258"
    adminAddress: "localhost:15257"
    startupRole: FOLLOWER
  }
  commitIndex: 16
}
commitInfos {
  server {
    id: "s0"
    address: "localhost:15252"
    dataStreamAddress: "localhost:15255"
    clientAddress: "localhost:15254"
    adminAddress: "localhost:15253"
    startupRole: FOLLOWER
  }
  commitIndex: 16
}
commitInfos {
  server {
    id: "s2"
    address: "localhost:15260"
    dataStreamAddress: "localhost:15263"
    clientAddress: "localhost:15262"
    adminAddress: "localhost:15261"
    startupRole: FOLLOWER
  }
  commitIndex: 16
}
)
2024-10-20 10:45:18,295 [main] WARN  util.ReferenceCountedLeakDetector (ReferenceCountedLeakDetector.java:logLeakMessage(167)) - LEAK: (class org.apache.ratis.proto.RaftProtos$AppendEntriesRequestProto, count=2, value=serverRequest {
  requestorId: "s1"
  replyId: "s2"
  raftGroupId {
    id: "\375\210\024\357\262\375HY\244\207Ci\024Gb\025"
  }
}
leaderTerm: 11
previousLog {
  term: 10
  index: 18
}
leaderCommit: 17
commitInfos {
  server {
    id: "s1"
    address: "localhost:15256"
    dataStreamAddress: "localhost:15259"
    clientAddress: "localhost:15258"
    adminAddress: "localhost:15257"
    startupRole: FOLLOWER
  }
  commitIndex: 17
}
commitInfos {
  server {
    id: "s0"
    address: "localhost:15252"
    dataStreamAddress: "localhost:15255"
    clientAddress: "localhost:15254"
    adminAddress: "localhost:15253"
    startupRole: FOLLOWER
  }
  commitIndex: 17
}
commitInfos {
  server {
    id: "s2"
    address: "localhost:15260"
    dataStreamAddress: "localhost:15263"
    clientAddress: "localhost:15262"
    adminAddress: "localhost:15261"
    startupRole: FOLLOWER
  }
  commitIndex: 16
}
)
2024-10-20 10:45:18,295 [main] WARN  util.LeakDetector (LeakDetector.java:assertNoLeaks(171)) - 23/30) numLeaks == 5 > 0, will wait and retry ...
2024-10-20 10:45:19,296 [main] WARN  util.ReferenceCountedLeakDetector (ReferenceCountedLeakDetector.java:logLeakMessage(167)) - LEAK: (class org.apache.ratis.proto.RaftProtos$AppendEntriesRequestProto, count=2, value=serverRequest {
  requestorId: "s0"
  replyId: "s2"
  raftGroupId {
    id: "\375\210\024\357\262\375HY\244\207Ci\024Gb\025"
  }
}
leaderTerm: 10
previousLog {
  term: 9
  index: 16
}
leaderCommit: 16
commitInfos {
  server {
    id: "s0"
    address: "localhost:15252"
    dataStreamAddress: "localhost:15255"
    clientAddress: "localhost:15254"
    adminAddress: "localhost:15253"
    startupRole: FOLLOWER
  }
  commitIndex: 16
}
commitInfos {
  server {
    id: "s1"
    address: "localhost:15256"
    dataStreamAddress: "localhost:15259"
    clientAddress: "localhost:15258"
    adminAddress: "localhost:15257"
    startupRole: FOLLOWER
  }
  commitIndex: 16
}
commitInfos {
  server {
    id: "s2"
    address: "localhost:15260"
    dataStreamAddress: "localhost:15263"
    clientAddress: "localhost:15262"
    adminAddress: "localhost:15261"
    startupRole: FOLLOWER
  }
  commitIndex: 16
}
)
2024-10-20 10:45:19,296 [main] WARN  util.ReferenceCountedLeakDetector (ReferenceCountedLeakDetector.java:logLeakMessage(167)) - LEAK: (class org.apache.ratis.proto.RaftProtos$AppendEntriesRequestProto, count=3, value=serverRequest {
  requestorId: "s1"
  replyId: "s2"
  raftGroupId {
    id: "\375\210\024\357\262\375HY\244\207Ci\024Gb\025"
  }
  callId: 1
}
leaderTerm: 11
previousLog {
  term: 10
  index: 18
}
entries {
  term: 11
  index: 19
  configurationEntry {
    peers {
      id: "s0"
      address: "localhost:15252"
      dataStreamAddress: "localhost:15255"
      clientAddress: "localhost:15254"
      adminAddress: "localhost:15253"
      startupRole: FOLLOWER
    }
    peers {
      id: "s1"
      address: "localhost:15256"
      dataStreamAddress: "localhost:15259"
      clientAddress: "localhost:15258"
      adminAddress: "localhost:15257"
      startupRole: FOLLOWER
    }
    peers {
      id: "s2"
      address: "localhost:15260"
      dataStreamAddress: "localhost:15263"
      clientAddress: "localhost:15262"
      adminAddress: "localhost:15261"
      startupRole: FOLLOWER
    }
  }
}
leaderCommit: 17
commitInfos {
  server {
    id: "s1"
    address: "localhost:15256"
    dataStreamAddress: "localhost:15259"
    clientAddress: "localhost:15258"
    adminAddress: "localhost:15257"
    startupRole: FOLLOWER
  }
  commitIndex: 17
}
commitInfos {
  server {
    id: "s0"
    address: "localhost:15252"
    dataStreamAddress: "localhost:15255"
    clientAddress: "localhost:15254"
    adminAddress: "localhost:15253"
    startupRole: FOLLOWER
  }
  commitIndex: 17
}
commitInfos {
  server {
    id: "s2"
    address: "localhost:15260"
    dataStreamAddress: "localhost:15263"
    clientAddress: "localhost:15262"
    adminAddress: "localhost:15261"
    startupRole: FOLLOWER
  }
  commitIndex: 16
}
)
2024-10-20 10:45:19,296 [main] WARN  util.ReferenceCountedLeakDetector (ReferenceCountedLeakDetector.java:logLeakMessage(167)) - LEAK: (class org.apache.ratis.proto.RaftProtos$AppendEntriesRequestProto, count=3, value=serverRequest {
  requestorId: "s0"
  replyId: "s2"
  raftGroupId {
    id: "\375\210\024\357\262\375HY\244\207Ci\024Gb\025"
  }
  callId: 1
}
leaderTerm: 10
previousLog {
  term: 9
  index: 16
}
entries {
  term: 10
  index: 17
  configurationEntry {
    peers {
      id: "s0"
      address: "localhost:15252"
      dataStreamAddress: "localhost:15255"
      clientAddress: "localhost:15254"
      adminAddress: "localhost:15253"
      startupRole: FOLLOWER
    }
    peers {
      id: "s1"
      address: "localhost:15256"
      dataStreamAddress: "localhost:15259"
      clientAddress: "localhost:15258"
      adminAddress: "localhost:15257"
      startupRole: FOLLOWER
    }
    peers {
      id: "s2"
      address: "localhost:15260"
      dataStreamAddress: "localhost:15263"
      clientAddress: "localhost:15262"
      adminAddress: "localhost:15261"
      startupRole: FOLLOWER
    }
  }
}
leaderCommit: 16
commitInfos {
  server {
    id: "s0"
    address: "localhost:15252"
    dataStreamAddress: "localhost:15255"
    clientAddress: "localhost:15254"
    adminAddress: "localhost:15253"
    startupRole: FOLLOWER
  }
  commitIndex: 16
}
commitInfos {
  server {
    id: "s1"
    address: "localhost:15256"
    dataStreamAddress: "localhost:15259"
    clientAddress: "localhost:15258"
    adminAddress: "localhost:15257"
    startupRole: FOLLOWER
  }
  commitIndex: 16
}
commitInfos {
  server {
    id: "s2"
    address: "localhost:15260"
    dataStreamAddress: "localhost:15263"
    clientAddress: "localhost:15262"
    adminAddress: "localhost:15261"
    startupRole: FOLLOWER
  }
  commitIndex: 16
}
)
2024-10-20 10:45:19,296 [main] WARN  util.ReferenceCountedLeakDetector (ReferenceCountedLeakDetector.java:logLeakMessage(167)) - LEAK: (class org.apache.ratis.proto.RaftProtos$AppendEntriesRequestProto, count=2, value=serverRequest {
  requestorId: "s1"
  replyId: "s2"
  raftGroupId {
    id: "\375\210\024\357\262\375HY\244\207Ci\024Gb\025"
  }
  callId: 8
}
leaderTerm: 9
previousLog {
  term: 9
  index: 16
}
leaderCommit: 16
commitInfos {
  server {
    id: "s1"
    address: "localhost:15256"
    dataStreamAddress: "localhost:15259"
    clientAddress: "localhost:15258"
    adminAddress: "localhost:15257"
    startupRole: FOLLOWER
  }
  commitIndex: 16
}
commitInfos {
  server {
    id: "s0"
    address: "localhost:15252"
    dataStreamAddress: "localhost:15255"
    clientAddress: "localhost:15254"
    adminAddress: "localhost:15253"
    startupRole: FOLLOWER
  }
  commitIndex: 16
}
commitInfos {
  server {
    id: "s2"
    address: "localhost:15260"
    dataStreamAddress: "localhost:15263"
    clientAddress: "localhost:15262"
    adminAddress: "localhost:15261"
    startupRole: FOLLOWER
  }
  commitIndex: 16
}
)
2024-10-20 10:45:19,296 [main] WARN  util.ReferenceCountedLeakDetector (ReferenceCountedLeakDetector.java:logLeakMessage(167)) - LEAK: (class org.apache.ratis.proto.RaftProtos$AppendEntriesRequestProto, count=2, value=serverRequest {
  requestorId: "s1"
  replyId: "s2"
  raftGroupId {
    id: "\375\210\024\357\262\375HY\244\207Ci\024Gb\025"
  }
}
leaderTerm: 11
previousLog {
  term: 10
  index: 18
}
leaderCommit: 17
commitInfos {
  server {
    id: "s1"
    address: "localhost:15256"
    dataStreamAddress: "localhost:15259"
    clientAddress: "localhost:15258"
    adminAddress: "localhost:15257"
    startupRole: FOLLOWER
  }
  commitIndex: 17
}
commitInfos {
  server {
    id: "s0"
    address: "localhost:15252"
    dataStreamAddress: "localhost:15255"
    clientAddress: "localhost:15254"
    adminAddress: "localhost:15253"
    startupRole: FOLLOWER
  }
  commitIndex: 17
}
commitInfos {
  server {
    id: "s2"
    address: "localhost:15260"
    dataStreamAddress: "localhost:15263"
    clientAddress: "localhost:15262"
    adminAddress: "localhost:15261"
    startupRole: FOLLOWER
  }
  commitIndex: 16
}
)
2024-10-20 10:45:19,296 [main] WARN  util.LeakDetector (LeakDetector.java:assertNoLeaks(171)) - 24/30) numLeaks == 5 > 0, will wait and retry ...
2024-10-20 10:45:20,297 [main] WARN  util.ReferenceCountedLeakDetector (ReferenceCountedLeakDetector.java:logLeakMessage(167)) - LEAK: (class org.apache.ratis.proto.RaftProtos$AppendEntriesRequestProto, count=2, value=serverRequest {
  requestorId: "s0"
  replyId: "s2"
  raftGroupId {
    id: "\375\210\024\357\262\375HY\244\207Ci\024Gb\025"
  }
}
leaderTerm: 10
previousLog {
  term: 9
  index: 16
}
leaderCommit: 16
commitInfos {
  server {
    id: "s0"
    address: "localhost:15252"
    dataStreamAddress: "localhost:15255"
    clientAddress: "localhost:15254"
    adminAddress: "localhost:15253"
    startupRole: FOLLOWER
  }
  commitIndex: 16
}
commitInfos {
  server {
    id: "s1"
    address: "localhost:15256"
    dataStreamAddress: "localhost:15259"
    clientAddress: "localhost:15258"
    adminAddress: "localhost:15257"
    startupRole: FOLLOWER
  }
  commitIndex: 16
}
commitInfos {
  server {
    id: "s2"
    address: "localhost:15260"
    dataStreamAddress: "localhost:15263"
    clientAddress: "localhost:15262"
    adminAddress: "localhost:15261"
    startupRole: FOLLOWER
  }
  commitIndex: 16
}
)
2024-10-20 10:45:20,297 [main] WARN  util.ReferenceCountedLeakDetector (ReferenceCountedLeakDetector.java:logLeakMessage(167)) - LEAK: (class org.apache.ratis.proto.RaftProtos$AppendEntriesRequestProto, count=3, value=serverRequest {
  requestorId: "s1"
  replyId: "s2"
  raftGroupId {
    id: "\375\210\024\357\262\375HY\244\207Ci\024Gb\025"
  }
  callId: 1
}
leaderTerm: 11
previousLog {
  term: 10
  index: 18
}
entries {
  term: 11
  index: 19
  configurationEntry {
    peers {
      id: "s0"
      address: "localhost:15252"
      dataStreamAddress: "localhost:15255"
      clientAddress: "localhost:15254"
      adminAddress: "localhost:15253"
      startupRole: FOLLOWER
    }
    peers {
      id: "s1"
      address: "localhost:15256"
      dataStreamAddress: "localhost:15259"
      clientAddress: "localhost:15258"
      adminAddress: "localhost:15257"
      startupRole: FOLLOWER
    }
    peers {
      id: "s2"
      address: "localhost:15260"
      dataStreamAddress: "localhost:15263"
      clientAddress: "localhost:15262"
      adminAddress: "localhost:15261"
      startupRole: FOLLOWER
    }
  }
}
leaderCommit: 17
commitInfos {
  server {
    id: "s1"
    address: "localhost:15256"
    dataStreamAddress: "localhost:15259"
    clientAddress: "localhost:15258"
    adminAddress: "localhost:15257"
    startupRole: FOLLOWER
  }
  commitIndex: 17
}
commitInfos {
  server {
    id: "s0"
    address: "localhost:15252"
    dataStreamAddress: "localhost:15255"
    clientAddress: "localhost:15254"
    adminAddress: "localhost:15253"
    startupRole: FOLLOWER
  }
  commitIndex: 17
}
commitInfos {
  server {
    id: "s2"
    address: "localhost:15260"
    dataStreamAddress: "localhost:15263"
    clientAddress: "localhost:15262"
    adminAddress: "localhost:15261"
    startupRole: FOLLOWER
  }
  commitIndex: 16
}
)
2024-10-20 10:45:20,297 [main] WARN  util.ReferenceCountedLeakDetector (ReferenceCountedLeakDetector.java:logLeakMessage(167)) - LEAK: (class org.apache.ratis.proto.RaftProtos$AppendEntriesRequestProto, count=3, value=serverRequest {
  requestorId: "s0"
  replyId: "s2"
  raftGroupId {
    id: "\375\210\024\357\262\375HY\244\207Ci\024Gb\025"
  }
  callId: 1
}
leaderTerm: 10
previousLog {
  term: 9
  index: 16
}
entries {
  term: 10
  index: 17
  configurationEntry {
    peers {
      id: "s0"
      address: "localhost:15252"
      dataStreamAddress: "localhost:15255"
      clientAddress: "localhost:15254"
      adminAddress: "localhost:15253"
      startupRole: FOLLOWER
    }
    peers {
      id: "s1"
      address: "localhost:15256"
      dataStreamAddress: "localhost:15259"
      clientAddress: "localhost:15258"
      adminAddress: "localhost:15257"
      startupRole: FOLLOWER
    }
    peers {
      id: "s2"
      address: "localhost:15260"
      dataStreamAddress: "localhost:15263"
      clientAddress: "localhost:15262"
      adminAddress: "localhost:15261"
      startupRole: FOLLOWER
    }
  }
}
leaderCommit: 16
commitInfos {
  server {
    id: "s0"
    address: "localhost:15252"
    dataStreamAddress: "localhost:15255"
    clientAddress: "localhost:15254"
    adminAddress: "localhost:15253"
    startupRole: FOLLOWER
  }
  commitIndex: 16
}
commitInfos {
  server {
    id: "s1"
    address: "localhost:15256"
    dataStreamAddress: "localhost:15259"
    clientAddress: "localhost:15258"
    adminAddress: "localhost:15257"
    startupRole: FOLLOWER
  }
  commitIndex: 16
}
commitInfos {
  server {
    id: "s2"
    address: "localhost:15260"
    dataStreamAddress: "localhost:15263"
    clientAddress: "localhost:15262"
    adminAddress: "localhost:15261"
    startupRole: FOLLOWER
  }
  commitIndex: 16
}
)
2024-10-20 10:45:20,297 [main] WARN  util.ReferenceCountedLeakDetector (ReferenceCountedLeakDetector.java:logLeakMessage(167)) - LEAK: (class org.apache.ratis.proto.RaftProtos$AppendEntriesRequestProto, count=2, value=serverRequest {
  requestorId: "s1"
  replyId: "s2"
  raftGroupId {
    id: "\375\210\024\357\262\375HY\244\207Ci\024Gb\025"
  }
  callId: 8
}
leaderTerm: 9
previousLog {
  term: 9
  index: 16
}
leaderCommit: 16
commitInfos {
  server {
    id: "s1"
    address: "localhost:15256"
    dataStreamAddress: "localhost:15259"
    clientAddress: "localhost:15258"
    adminAddress: "localhost:15257"
    startupRole: FOLLOWER
  }
  commitIndex: 16
}
commitInfos {
  server {
    id: "s0"
    address: "localhost:15252"
    dataStreamAddress: "localhost:15255"
    clientAddress: "localhost:15254"
    adminAddress: "localhost:15253"
    startupRole: FOLLOWER
  }
  commitIndex: 16
}
commitInfos {
  server {
    id: "s2"
    address: "localhost:15260"
    dataStreamAddress: "localhost:15263"
    clientAddress: "localhost:15262"
    adminAddress: "localhost:15261"
    startupRole: FOLLOWER
  }
  commitIndex: 16
}
)
2024-10-20 10:45:20,297 [main] WARN  util.ReferenceCountedLeakDetector (ReferenceCountedLeakDetector.java:logLeakMessage(167)) - LEAK: (class org.apache.ratis.proto.RaftProtos$AppendEntriesRequestProto, count=2, value=serverRequest {
  requestorId: "s1"
  replyId: "s2"
  raftGroupId {
    id: "\375\210\024\357\262\375HY\244\207Ci\024Gb\025"
  }
}
leaderTerm: 11
previousLog {
  term: 10
  index: 18
}
leaderCommit: 17
commitInfos {
  server {
    id: "s1"
    address: "localhost:15256"
    dataStreamAddress: "localhost:15259"
    clientAddress: "localhost:15258"
    adminAddress: "localhost:15257"
    startupRole: FOLLOWER
  }
  commitIndex: 17
}
commitInfos {
  server {
    id: "s0"
    address: "localhost:15252"
    dataStreamAddress: "localhost:15255"
    clientAddress: "localhost:15254"
    adminAddress: "localhost:15253"
    startupRole: FOLLOWER
  }
  commitIndex: 17
}
commitInfos {
  server {
    id: "s2"
    address: "localhost:15260"
    dataStreamAddress: "localhost:15263"
    clientAddress: "localhost:15262"
    adminAddress: "localhost:15261"
    startupRole: FOLLOWER
  }
  commitIndex: 16
}
)
2024-10-20 10:45:20,297 [main] WARN  util.LeakDetector (LeakDetector.java:assertNoLeaks(171)) - 25/30) numLeaks == 5 > 0, will wait and retry ...
2024-10-20 10:45:21,298 [main] WARN  util.ReferenceCountedLeakDetector (ReferenceCountedLeakDetector.java:logLeakMessage(167)) - LEAK: (class org.apache.ratis.proto.RaftProtos$AppendEntriesRequestProto, count=2, value=serverRequest {
  requestorId: "s0"
  replyId: "s2"
  raftGroupId {
    id: "\375\210\024\357\262\375HY\244\207Ci\024Gb\025"
  }
}
leaderTerm: 10
previousLog {
  term: 9
  index: 16
}
leaderCommit: 16
commitInfos {
  server {
    id: "s0"
    address: "localhost:15252"
    dataStreamAddress: "localhost:15255"
    clientAddress: "localhost:15254"
    adminAddress: "localhost:15253"
    startupRole: FOLLOWER
  }
  commitIndex: 16
}
commitInfos {
  server {
    id: "s1"
    address: "localhost:15256"
    dataStreamAddress: "localhost:15259"
    clientAddress: "localhost:15258"
    adminAddress: "localhost:15257"
    startupRole: FOLLOWER
  }
  commitIndex: 16
}
commitInfos {
  server {
    id: "s2"
    address: "localhost:15260"
    dataStreamAddress: "localhost:15263"
    clientAddress: "localhost:15262"
    adminAddress: "localhost:15261"
    startupRole: FOLLOWER
  }
  commitIndex: 16
}
)
2024-10-20 10:45:21,298 [main] WARN  util.ReferenceCountedLeakDetector (ReferenceCountedLeakDetector.java:logLeakMessage(167)) - LEAK: (class org.apache.ratis.proto.RaftProtos$AppendEntriesRequestProto, count=3, value=serverRequest {
  requestorId: "s1"
  replyId: "s2"
  raftGroupId {
    id: "\375\210\024\357\262\375HY\244\207Ci\024Gb\025"
  }
  callId: 1
}
leaderTerm: 11
previousLog {
  term: 10
  index: 18
}
entries {
  term: 11
  index: 19
  configurationEntry {
    peers {
      id: "s0"
      address: "localhost:15252"
      dataStreamAddress: "localhost:15255"
      clientAddress: "localhost:15254"
      adminAddress: "localhost:15253"
      startupRole: FOLLOWER
    }
    peers {
      id: "s1"
      address: "localhost:15256"
      dataStreamAddress: "localhost:15259"
      clientAddress: "localhost:15258"
      adminAddress: "localhost:15257"
      startupRole: FOLLOWER
    }
    peers {
      id: "s2"
      address: "localhost:15260"
      dataStreamAddress: "localhost:15263"
      clientAddress: "localhost:15262"
      adminAddress: "localhost:15261"
      startupRole: FOLLOWER
    }
  }
}
leaderCommit: 17
commitInfos {
  server {
    id: "s1"
    address: "localhost:15256"
    dataStreamAddress: "localhost:15259"
    clientAddress: "localhost:15258"
    adminAddress: "localhost:15257"
    startupRole: FOLLOWER
  }
  commitIndex: 17
}
commitInfos {
  server {
    id: "s0"
    address: "localhost:15252"
    dataStreamAddress: "localhost:15255"
    clientAddress: "localhost:15254"
    adminAddress: "localhost:15253"
    startupRole: FOLLOWER
  }
  commitIndex: 17
}
commitInfos {
  server {
    id: "s2"
    address: "localhost:15260"
    dataStreamAddress: "localhost:15263"
    clientAddress: "localhost:15262"
    adminAddress: "localhost:15261"
    startupRole: FOLLOWER
  }
  commitIndex: 16
}
)
2024-10-20 10:45:21,298 [main] WARN  util.ReferenceCountedLeakDetector (ReferenceCountedLeakDetector.java:logLeakMessage(167)) - LEAK: (class org.apache.ratis.proto.RaftProtos$AppendEntriesRequestProto, count=3, value=serverRequest {
  requestorId: "s0"
  replyId: "s2"
  raftGroupId {
    id: "\375\210\024\357\262\375HY\244\207Ci\024Gb\025"
  }
  callId: 1
}
leaderTerm: 10
previousLog {
  term: 9
  index: 16
}
entries {
  term: 10
  index: 17
  configurationEntry {
    peers {
      id: "s0"
      address: "localhost:15252"
      dataStreamAddress: "localhost:15255"
      clientAddress: "localhost:15254"
      adminAddress: "localhost:15253"
      startupRole: FOLLOWER
    }
    peers {
      id: "s1"
      address: "localhost:15256"
      dataStreamAddress: "localhost:15259"
      clientAddress: "localhost:15258"
      adminAddress: "localhost:15257"
      startupRole: FOLLOWER
    }
    peers {
      id: "s2"
      address: "localhost:15260"
      dataStreamAddress: "localhost:15263"
      clientAddress: "localhost:15262"
      adminAddress: "localhost:15261"
      startupRole: FOLLOWER
    }
  }
}
leaderCommit: 16
commitInfos {
  server {
    id: "s0"
    address: "localhost:15252"
    dataStreamAddress: "localhost:15255"
    clientAddress: "localhost:15254"
    adminAddress: "localhost:15253"
    startupRole: FOLLOWER
  }
  commitIndex: 16
}
commitInfos {
  server {
    id: "s1"
    address: "localhost:15256"
    dataStreamAddress: "localhost:15259"
    clientAddress: "localhost:15258"
    adminAddress: "localhost:15257"
    startupRole: FOLLOWER
  }
  commitIndex: 16
}
commitInfos {
  server {
    id: "s2"
    address: "localhost:15260"
    dataStreamAddress: "localhost:15263"
    clientAddress: "localhost:15262"
    adminAddress: "localhost:15261"
    startupRole: FOLLOWER
  }
  commitIndex: 16
}
)
2024-10-20 10:45:21,298 [main] WARN  util.ReferenceCountedLeakDetector (ReferenceCountedLeakDetector.java:logLeakMessage(167)) - LEAK: (class org.apache.ratis.proto.RaftProtos$AppendEntriesRequestProto, count=2, value=serverRequest {
  requestorId: "s1"
  replyId: "s2"
  raftGroupId {
    id: "\375\210\024\357\262\375HY\244\207Ci\024Gb\025"
  }
  callId: 8
}
leaderTerm: 9
previousLog {
  term: 9
  index: 16
}
leaderCommit: 16
commitInfos {
  server {
    id: "s1"
    address: "localhost:15256"
    dataStreamAddress: "localhost:15259"
    clientAddress: "localhost:15258"
    adminAddress: "localhost:15257"
    startupRole: FOLLOWER
  }
  commitIndex: 16
}
commitInfos {
  server {
    id: "s0"
    address: "localhost:15252"
    dataStreamAddress: "localhost:15255"
    clientAddress: "localhost:15254"
    adminAddress: "localhost:15253"
    startupRole: FOLLOWER
  }
  commitIndex: 16
}
commitInfos {
  server {
    id: "s2"
    address: "localhost:15260"
    dataStreamAddress: "localhost:15263"
    clientAddress: "localhost:15262"
    adminAddress: "localhost:15261"
    startupRole: FOLLOWER
  }
  commitIndex: 16
}
)
2024-10-20 10:45:21,298 [main] WARN  util.ReferenceCountedLeakDetector (ReferenceCountedLeakDetector.java:logLeakMessage(167)) - LEAK: (class org.apache.ratis.proto.RaftProtos$AppendEntriesRequestProto, count=2, value=serverRequest {
  requestorId: "s1"
  replyId: "s2"
  raftGroupId {
    id: "\375\210\024\357\262\375HY\244\207Ci\024Gb\025"
  }
}
leaderTerm: 11
previousLog {
  term: 10
  index: 18
}
leaderCommit: 17
commitInfos {
  server {
    id: "s1"
    address: "localhost:15256"
    dataStreamAddress: "localhost:15259"
    clientAddress: "localhost:15258"
    adminAddress: "localhost:15257"
    startupRole: FOLLOWER
  }
  commitIndex: 17
}
commitInfos {
  server {
    id: "s0"
    address: "localhost:15252"
    dataStreamAddress: "localhost:15255"
    clientAddress: "localhost:15254"
    adminAddress: "localhost:15253"
    startupRole: FOLLOWER
  }
  commitIndex: 17
}
commitInfos {
  server {
    id: "s2"
    address: "localhost:15260"
    dataStreamAddress: "localhost:15263"
    clientAddress: "localhost:15262"
    adminAddress: "localhost:15261"
    startupRole: FOLLOWER
  }
  commitIndex: 16
}
)
2024-10-20 10:45:21,298 [main] WARN  util.LeakDetector (LeakDetector.java:assertNoLeaks(171)) - 26/30) numLeaks == 5 > 0, will wait and retry ...
2024-10-20 10:45:22,299 [main] WARN  util.ReferenceCountedLeakDetector (ReferenceCountedLeakDetector.java:logLeakMessage(167)) - LEAK: (class org.apache.ratis.proto.RaftProtos$AppendEntriesRequestProto, count=2, value=serverRequest {
  requestorId: "s0"
  replyId: "s2"
  raftGroupId {
    id: "\375\210\024\357\262\375HY\244\207Ci\024Gb\025"
  }
}
leaderTerm: 10
previousLog {
  term: 9
  index: 16
}
leaderCommit: 16
commitInfos {
  server {
    id: "s0"
    address: "localhost:15252"
    dataStreamAddress: "localhost:15255"
    clientAddress: "localhost:15254"
    adminAddress: "localhost:15253"
    startupRole: FOLLOWER
  }
  commitIndex: 16
}
commitInfos {
  server {
    id: "s1"
    address: "localhost:15256"
    dataStreamAddress: "localhost:15259"
    clientAddress: "localhost:15258"
    adminAddress: "localhost:15257"
    startupRole: FOLLOWER
  }
  commitIndex: 16
}
commitInfos {
  server {
    id: "s2"
    address: "localhost:15260"
    dataStreamAddress: "localhost:15263"
    clientAddress: "localhost:15262"
    adminAddress: "localhost:15261"
    startupRole: FOLLOWER
  }
  commitIndex: 16
}
)
2024-10-20 10:45:22,299 [main] WARN  util.ReferenceCountedLeakDetector (ReferenceCountedLeakDetector.java:logLeakMessage(167)) - LEAK: (class org.apache.ratis.proto.RaftProtos$AppendEntriesRequestProto, count=3, value=serverRequest {
  requestorId: "s1"
  replyId: "s2"
  raftGroupId {
    id: "\375\210\024\357\262\375HY\244\207Ci\024Gb\025"
  }
  callId: 1
}
leaderTerm: 11
previousLog {
  term: 10
  index: 18
}
entries {
  term: 11
  index: 19
  configurationEntry {
    peers {
      id: "s0"
      address: "localhost:15252"
      dataStreamAddress: "localhost:15255"
      clientAddress: "localhost:15254"
      adminAddress: "localhost:15253"
      startupRole: FOLLOWER
    }
    peers {
      id: "s1"
      address: "localhost:15256"
      dataStreamAddress: "localhost:15259"
      clientAddress: "localhost:15258"
      adminAddress: "localhost:15257"
      startupRole: FOLLOWER
    }
    peers {
      id: "s2"
      address: "localhost:15260"
      dataStreamAddress: "localhost:15263"
      clientAddress: "localhost:15262"
      adminAddress: "localhost:15261"
      startupRole: FOLLOWER
    }
  }
}
leaderCommit: 17
commitInfos {
  server {
    id: "s1"
    address: "localhost:15256"
    dataStreamAddress: "localhost:15259"
    clientAddress: "localhost:15258"
    adminAddress: "localhost:15257"
    startupRole: FOLLOWER
  }
  commitIndex: 17
}
commitInfos {
  server {
    id: "s0"
    address: "localhost:15252"
    dataStreamAddress: "localhost:15255"
    clientAddress: "localhost:15254"
    adminAddress: "localhost:15253"
    startupRole: FOLLOWER
  }
  commitIndex: 17
}
commitInfos {
  server {
    id: "s2"
    address: "localhost:15260"
    dataStreamAddress: "localhost:15263"
    clientAddress: "localhost:15262"
    adminAddress: "localhost:15261"
    startupRole: FOLLOWER
  }
  commitIndex: 16
}
)
2024-10-20 10:45:22,299 [main] WARN  util.ReferenceCountedLeakDetector (ReferenceCountedLeakDetector.java:logLeakMessage(167)) - LEAK: (class org.apache.ratis.proto.RaftProtos$AppendEntriesRequestProto, count=3, value=serverRequest {
  requestorId: "s0"
  replyId: "s2"
  raftGroupId {
    id: "\375\210\024\357\262\375HY\244\207Ci\024Gb\025"
  }
  callId: 1
}
leaderTerm: 10
previousLog {
  term: 9
  index: 16
}
entries {
  term: 10
  index: 17
  configurationEntry {
    peers {
      id: "s0"
      address: "localhost:15252"
      dataStreamAddress: "localhost:15255"
      clientAddress: "localhost:15254"
      adminAddress: "localhost:15253"
      startupRole: FOLLOWER
    }
    peers {
      id: "s1"
      address: "localhost:15256"
      dataStreamAddress: "localhost:15259"
      clientAddress: "localhost:15258"
      adminAddress: "localhost:15257"
      startupRole: FOLLOWER
    }
    peers {
      id: "s2"
      address: "localhost:15260"
      dataStreamAddress: "localhost:15263"
      clientAddress: "localhost:15262"
      adminAddress: "localhost:15261"
      startupRole: FOLLOWER
    }
  }
}
leaderCommit: 16
commitInfos {
  server {
    id: "s0"
    address: "localhost:15252"
    dataStreamAddress: "localhost:15255"
    clientAddress: "localhost:15254"
    adminAddress: "localhost:15253"
    startupRole: FOLLOWER
  }
  commitIndex: 16
}
commitInfos {
  server {
    id: "s1"
    address: "localhost:15256"
    dataStreamAddress: "localhost:15259"
    clientAddress: "localhost:15258"
    adminAddress: "localhost:15257"
    startupRole: FOLLOWER
  }
  commitIndex: 16
}
commitInfos {
  server {
    id: "s2"
    address: "localhost:15260"
    dataStreamAddress: "localhost:15263"
    clientAddress: "localhost:15262"
    adminAddress: "localhost:15261"
    startupRole: FOLLOWER
  }
  commitIndex: 16
}
)
2024-10-20 10:45:22,299 [main] WARN  util.ReferenceCountedLeakDetector (ReferenceCountedLeakDetector.java:logLeakMessage(167)) - LEAK: (class org.apache.ratis.proto.RaftProtos$AppendEntriesRequestProto, count=2, value=serverRequest {
  requestorId: "s1"
  replyId: "s2"
  raftGroupId {
    id: "\375\210\024\357\262\375HY\244\207Ci\024Gb\025"
  }
  callId: 8
}
leaderTerm: 9
previousLog {
  term: 9
  index: 16
}
leaderCommit: 16
commitInfos {
  server {
    id: "s1"
    address: "localhost:15256"
    dataStreamAddress: "localhost:15259"
    clientAddress: "localhost:15258"
    adminAddress: "localhost:15257"
    startupRole: FOLLOWER
  }
  commitIndex: 16
}
commitInfos {
  server {
    id: "s0"
    address: "localhost:15252"
    dataStreamAddress: "localhost:15255"
    clientAddress: "localhost:15254"
    adminAddress: "localhost:15253"
    startupRole: FOLLOWER
  }
  commitIndex: 16
}
commitInfos {
  server {
    id: "s2"
    address: "localhost:15260"
    dataStreamAddress: "localhost:15263"
    clientAddress: "localhost:15262"
    adminAddress: "localhost:15261"
    startupRole: FOLLOWER
  }
  commitIndex: 16
}
)
2024-10-20 10:45:22,299 [main] WARN  util.ReferenceCountedLeakDetector (ReferenceCountedLeakDetector.java:logLeakMessage(167)) - LEAK: (class org.apache.ratis.proto.RaftProtos$AppendEntriesRequestProto, count=2, value=serverRequest {
  requestorId: "s1"
  replyId: "s2"
  raftGroupId {
    id: "\375\210\024\357\262\375HY\244\207Ci\024Gb\025"
  }
}
leaderTerm: 11
previousLog {
  term: 10
  index: 18
}
leaderCommit: 17
commitInfos {
  server {
    id: "s1"
    address: "localhost:15256"
    dataStreamAddress: "localhost:15259"
    clientAddress: "localhost:15258"
    adminAddress: "localhost:15257"
    startupRole: FOLLOWER
  }
  commitIndex: 17
}
commitInfos {
  server {
    id: "s0"
    address: "localhost:15252"
    dataStreamAddress: "localhost:15255"
    clientAddress: "localhost:15254"
    adminAddress: "localhost:15253"
    startupRole: FOLLOWER
  }
  commitIndex: 17
}
commitInfos {
  server {
    id: "s2"
    address: "localhost:15260"
    dataStreamAddress: "localhost:15263"
    clientAddress: "localhost:15262"
    adminAddress: "localhost:15261"
    startupRole: FOLLOWER
  }
  commitIndex: 16
}
)
2024-10-20 10:45:22,299 [main] WARN  util.LeakDetector (LeakDetector.java:assertNoLeaks(171)) - 27/30) numLeaks == 5 > 0, will wait and retry ...
2024-10-20 10:45:23,299 [main] WARN  util.ReferenceCountedLeakDetector (ReferenceCountedLeakDetector.java:logLeakMessage(167)) - LEAK: (class org.apache.ratis.proto.RaftProtos$AppendEntriesRequestProto, count=2, value=serverRequest {
  requestorId: "s0"
  replyId: "s2"
  raftGroupId {
    id: "\375\210\024\357\262\375HY\244\207Ci\024Gb\025"
  }
}
leaderTerm: 10
previousLog {
  term: 9
  index: 16
}
leaderCommit: 16
commitInfos {
  server {
    id: "s0"
    address: "localhost:15252"
    dataStreamAddress: "localhost:15255"
    clientAddress: "localhost:15254"
    adminAddress: "localhost:15253"
    startupRole: FOLLOWER
  }
  commitIndex: 16
}
commitInfos {
  server {
    id: "s1"
    address: "localhost:15256"
    dataStreamAddress: "localhost:15259"
    clientAddress: "localhost:15258"
    adminAddress: "localhost:15257"
    startupRole: FOLLOWER
  }
  commitIndex: 16
}
commitInfos {
  server {
    id: "s2"
    address: "localhost:15260"
    dataStreamAddress: "localhost:15263"
    clientAddress: "localhost:15262"
    adminAddress: "localhost:15261"
    startupRole: FOLLOWER
  }
  commitIndex: 16
}
)
2024-10-20 10:45:23,300 [main] WARN  util.ReferenceCountedLeakDetector (ReferenceCountedLeakDetector.java:logLeakMessage(167)) - LEAK: (class org.apache.ratis.proto.RaftProtos$AppendEntriesRequestProto, count=3, value=serverRequest {
  requestorId: "s1"
  replyId: "s2"
  raftGroupId {
    id: "\375\210\024\357\262\375HY\244\207Ci\024Gb\025"
  }
  callId: 1
}
leaderTerm: 11
previousLog {
  term: 10
  index: 18
}
entries {
  term: 11
  index: 19
  configurationEntry {
    peers {
      id: "s0"
      address: "localhost:15252"
      dataStreamAddress: "localhost:15255"
      clientAddress: "localhost:15254"
      adminAddress: "localhost:15253"
      startupRole: FOLLOWER
    }
    peers {
      id: "s1"
      address: "localhost:15256"
      dataStreamAddress: "localhost:15259"
      clientAddress: "localhost:15258"
      adminAddress: "localhost:15257"
      startupRole: FOLLOWER
    }
    peers {
      id: "s2"
      address: "localhost:15260"
      dataStreamAddress: "localhost:15263"
      clientAddress: "localhost:15262"
      adminAddress: "localhost:15261"
      startupRole: FOLLOWER
    }
  }
}
leaderCommit: 17
commitInfos {
  server {
    id: "s1"
    address: "localhost:15256"
    dataStreamAddress: "localhost:15259"
    clientAddress: "localhost:15258"
    adminAddress: "localhost:15257"
    startupRole: FOLLOWER
  }
  commitIndex: 17
}
commitInfos {
  server {
    id: "s0"
    address: "localhost:15252"
    dataStreamAddress: "localhost:15255"
    clientAddress: "localhost:15254"
    adminAddress: "localhost:15253"
    startupRole: FOLLOWER
  }
  commitIndex: 17
}
commitInfos {
  server {
    id: "s2"
    address: "localhost:15260"
    dataStreamAddress: "localhost:15263"
    clientAddress: "localhost:15262"
    adminAddress: "localhost:15261"
    startupRole: FOLLOWER
  }
  commitIndex: 16
}
)
2024-10-20 10:45:23,300 [main] WARN  util.ReferenceCountedLeakDetector (ReferenceCountedLeakDetector.java:logLeakMessage(167)) - LEAK: (class org.apache.ratis.proto.RaftProtos$AppendEntriesRequestProto, count=3, value=serverRequest {
  requestorId: "s0"
  replyId: "s2"
  raftGroupId {
    id: "\375\210\024\357\262\375HY\244\207Ci\024Gb\025"
  }
  callId: 1
}
leaderTerm: 10
previousLog {
  term: 9
  index: 16
}
entries {
  term: 10
  index: 17
  configurationEntry {
    peers {
      id: "s0"
      address: "localhost:15252"
      dataStreamAddress: "localhost:15255"
      clientAddress: "localhost:15254"
      adminAddress: "localhost:15253"
      startupRole: FOLLOWER
    }
    peers {
      id: "s1"
      address: "localhost:15256"
      dataStreamAddress: "localhost:15259"
      clientAddress: "localhost:15258"
      adminAddress: "localhost:15257"
      startupRole: FOLLOWER
    }
    peers {
      id: "s2"
      address: "localhost:15260"
      dataStreamAddress: "localhost:15263"
      clientAddress: "localhost:15262"
      adminAddress: "localhost:15261"
      startupRole: FOLLOWER
    }
  }
}
leaderCommit: 16
commitInfos {
  server {
    id: "s0"
    address: "localhost:15252"
    dataStreamAddress: "localhost:15255"
    clientAddress: "localhost:15254"
    adminAddress: "localhost:15253"
    startupRole: FOLLOWER
  }
  commitIndex: 16
}
commitInfos {
  server {
    id: "s1"
    address: "localhost:15256"
    dataStreamAddress: "localhost:15259"
    clientAddress: "localhost:15258"
    adminAddress: "localhost:15257"
    startupRole: FOLLOWER
  }
  commitIndex: 16
}
commitInfos {
  server {
    id: "s2"
    address: "localhost:15260"
    dataStreamAddress: "localhost:15263"
    clientAddress: "localhost:15262"
    adminAddress: "localhost:15261"
    startupRole: FOLLOWER
  }
  commitIndex: 16
}
)
2024-10-20 10:45:23,300 [main] WARN  util.ReferenceCountedLeakDetector (ReferenceCountedLeakDetector.java:logLeakMessage(167)) - LEAK: (class org.apache.ratis.proto.RaftProtos$AppendEntriesRequestProto, count=2, value=serverRequest {
  requestorId: "s1"
  replyId: "s2"
  raftGroupId {
    id: "\375\210\024\357\262\375HY\244\207Ci\024Gb\025"
  }
  callId: 8
}
leaderTerm: 9
previousLog {
  term: 9
  index: 16
}
leaderCommit: 16
commitInfos {
  server {
    id: "s1"
    address: "localhost:15256"
    dataStreamAddress: "localhost:15259"
    clientAddress: "localhost:15258"
    adminAddress: "localhost:15257"
    startupRole: FOLLOWER
  }
  commitIndex: 16
}
commitInfos {
  server {
    id: "s0"
    address: "localhost:15252"
    dataStreamAddress: "localhost:15255"
    clientAddress: "localhost:15254"
    adminAddress: "localhost:15253"
    startupRole: FOLLOWER
  }
  commitIndex: 16
}
commitInfos {
  server {
    id: "s2"
    address: "localhost:15260"
    dataStreamAddress: "localhost:15263"
    clientAddress: "localhost:15262"
    adminAddress: "localhost:15261"
    startupRole: FOLLOWER
  }
  commitIndex: 16
}
)
2024-10-20 10:45:23,300 [main] WARN  util.ReferenceCountedLeakDetector (ReferenceCountedLeakDetector.java:logLeakMessage(167)) - LEAK: (class org.apache.ratis.proto.RaftProtos$AppendEntriesRequestProto, count=2, value=serverRequest {
  requestorId: "s1"
  replyId: "s2"
  raftGroupId {
    id: "\375\210\024\357\262\375HY\244\207Ci\024Gb\025"
  }
}
leaderTerm: 11
previousLog {
  term: 10
  index: 18
}
leaderCommit: 17
commitInfos {
  server {
    id: "s1"
    address: "localhost:15256"
    dataStreamAddress: "localhost:15259"
    clientAddress: "localhost:15258"
    adminAddress: "localhost:15257"
    startupRole: FOLLOWER
  }
  commitIndex: 17
}
commitInfos {
  server {
    id: "s0"
    address: "localhost:15252"
    dataStreamAddress: "localhost:15255"
    clientAddress: "localhost:15254"
    adminAddress: "localhost:15253"
    startupRole: FOLLOWER
  }
  commitIndex: 17
}
commitInfos {
  server {
    id: "s2"
    address: "localhost:15260"
    dataStreamAddress: "localhost:15263"
    clientAddress: "localhost:15262"
    adminAddress: "localhost:15261"
    startupRole: FOLLOWER
  }
  commitIndex: 16
}
)
2024-10-20 10:45:23,300 [main] WARN  util.LeakDetector (LeakDetector.java:assertNoLeaks(171)) - 28/30) numLeaks == 5 > 0, will wait and retry ...
2024-10-20 10:45:24,301 [main] WARN  util.ReferenceCountedLeakDetector (ReferenceCountedLeakDetector.java:logLeakMessage(167)) - LEAK: (class org.apache.ratis.proto.RaftProtos$AppendEntriesRequestProto, count=2, value=serverRequest {
  requestorId: "s0"
  replyId: "s2"
  raftGroupId {
    id: "\375\210\024\357\262\375HY\244\207Ci\024Gb\025"
  }
}
leaderTerm: 10
previousLog {
  term: 9
  index: 16
}
leaderCommit: 16
commitInfos {
  server {
    id: "s0"
    address: "localhost:15252"
    dataStreamAddress: "localhost:15255"
    clientAddress: "localhost:15254"
    adminAddress: "localhost:15253"
    startupRole: FOLLOWER
  }
  commitIndex: 16
}
commitInfos {
  server {
    id: "s1"
    address: "localhost:15256"
    dataStreamAddress: "localhost:15259"
    clientAddress: "localhost:15258"
    adminAddress: "localhost:15257"
    startupRole: FOLLOWER
  }
  commitIndex: 16
}
commitInfos {
  server {
    id: "s2"
    address: "localhost:15260"
    dataStreamAddress: "localhost:15263"
    clientAddress: "localhost:15262"
    adminAddress: "localhost:15261"
    startupRole: FOLLOWER
  }
  commitIndex: 16
}
)
2024-10-20 10:45:24,301 [main] WARN  util.ReferenceCountedLeakDetector (ReferenceCountedLeakDetector.java:logLeakMessage(167)) - LEAK: (class org.apache.ratis.proto.RaftProtos$AppendEntriesRequestProto, count=3, value=serverRequest {
  requestorId: "s1"
  replyId: "s2"
  raftGroupId {
    id: "\375\210\024\357\262\375HY\244\207Ci\024Gb\025"
  }
  callId: 1
}
leaderTerm: 11
previousLog {
  term: 10
  index: 18
}
entries {
  term: 11
  index: 19
  configurationEntry {
    peers {
      id: "s0"
      address: "localhost:15252"
      dataStreamAddress: "localhost:15255"
      clientAddress: "localhost:15254"
      adminAddress: "localhost:15253"
      startupRole: FOLLOWER
    }
    peers {
      id: "s1"
      address: "localhost:15256"
      dataStreamAddress: "localhost:15259"
      clientAddress: "localhost:15258"
      adminAddress: "localhost:15257"
      startupRole: FOLLOWER
    }
    peers {
      id: "s2"
      address: "localhost:15260"
      dataStreamAddress: "localhost:15263"
      clientAddress: "localhost:15262"
      adminAddress: "localhost:15261"
      startupRole: FOLLOWER
    }
  }
}
leaderCommit: 17
commitInfos {
  server {
    id: "s1"
    address: "localhost:15256"
    dataStreamAddress: "localhost:15259"
    clientAddress: "localhost:15258"
    adminAddress: "localhost:15257"
    startupRole: FOLLOWER
  }
  commitIndex: 17
}
commitInfos {
  server {
    id: "s0"
    address: "localhost:15252"
    dataStreamAddress: "localhost:15255"
    clientAddress: "localhost:15254"
    adminAddress: "localhost:15253"
    startupRole: FOLLOWER
  }
  commitIndex: 17
}
commitInfos {
  server {
    id: "s2"
    address: "localhost:15260"
    dataStreamAddress: "localhost:15263"
    clientAddress: "localhost:15262"
    adminAddress: "localhost:15261"
    startupRole: FOLLOWER
  }
  commitIndex: 16
}
)
2024-10-20 10:45:24,301 [main] WARN  util.ReferenceCountedLeakDetector (ReferenceCountedLeakDetector.java:logLeakMessage(167)) - LEAK: (class org.apache.ratis.proto.RaftProtos$AppendEntriesRequestProto, count=3, value=serverRequest {
  requestorId: "s0"
  replyId: "s2"
  raftGroupId {
    id: "\375\210\024\357\262\375HY\244\207Ci\024Gb\025"
  }
  callId: 1
}
leaderTerm: 10
previousLog {
  term: 9
  index: 16
}
entries {
  term: 10
  index: 17
  configurationEntry {
    peers {
      id: "s0"
      address: "localhost:15252"
      dataStreamAddress: "localhost:15255"
      clientAddress: "localhost:15254"
      adminAddress: "localhost:15253"
      startupRole: FOLLOWER
    }
    peers {
      id: "s1"
      address: "localhost:15256"
      dataStreamAddress: "localhost:15259"
      clientAddress: "localhost:15258"
      adminAddress: "localhost:15257"
      startupRole: FOLLOWER
    }
    peers {
      id: "s2"
      address: "localhost:15260"
      dataStreamAddress: "localhost:15263"
      clientAddress: "localhost:15262"
      adminAddress: "localhost:15261"
      startupRole: FOLLOWER
    }
  }
}
leaderCommit: 16
commitInfos {
  server {
    id: "s0"
    address: "localhost:15252"
    dataStreamAddress: "localhost:15255"
    clientAddress: "localhost:15254"
    adminAddress: "localhost:15253"
    startupRole: FOLLOWER
  }
  commitIndex: 16
}
commitInfos {
  server {
    id: "s1"
    address: "localhost:15256"
    dataStreamAddress: "localhost:15259"
    clientAddress: "localhost:15258"
    adminAddress: "localhost:15257"
    startupRole: FOLLOWER
  }
  commitIndex: 16
}
commitInfos {
  server {
    id: "s2"
    address: "localhost:15260"
    dataStreamAddress: "localhost:15263"
    clientAddress: "localhost:15262"
    adminAddress: "localhost:15261"
    startupRole: FOLLOWER
  }
  commitIndex: 16
}
)
2024-10-20 10:45:24,301 [main] WARN  util.ReferenceCountedLeakDetector (ReferenceCountedLeakDetector.java:logLeakMessage(167)) - LEAK: (class org.apache.ratis.proto.RaftProtos$AppendEntriesRequestProto, count=2, value=serverRequest {
  requestorId: "s1"
  replyId: "s2"
  raftGroupId {
    id: "\375\210\024\357\262\375HY\244\207Ci\024Gb\025"
  }
  callId: 8
}
leaderTerm: 9
previousLog {
  term: 9
  index: 16
}
leaderCommit: 16
commitInfos {
  server {
    id: "s1"
    address: "localhost:15256"
    dataStreamAddress: "localhost:15259"
    clientAddress: "localhost:15258"
    adminAddress: "localhost:15257"
    startupRole: FOLLOWER
  }
  commitIndex: 16
}
commitInfos {
  server {
    id: "s0"
    address: "localhost:15252"
    dataStreamAddress: "localhost:15255"
    clientAddress: "localhost:15254"
    adminAddress: "localhost:15253"
    startupRole: FOLLOWER
  }
  commitIndex: 16
}
commitInfos {
  server {
    id: "s2"
    address: "localhost:15260"
    dataStreamAddress: "localhost:15263"
    clientAddress: "localhost:15262"
    adminAddress: "localhost:15261"
    startupRole: FOLLOWER
  }
  commitIndex: 16
}
)
2024-10-20 10:45:24,301 [main] WARN  util.ReferenceCountedLeakDetector (ReferenceCountedLeakDetector.java:logLeakMessage(167)) - LEAK: (class org.apache.ratis.proto.RaftProtos$AppendEntriesRequestProto, count=2, value=serverRequest {
  requestorId: "s1"
  replyId: "s2"
  raftGroupId {
    id: "\375\210\024\357\262\375HY\244\207Ci\024Gb\025"
  }
}
leaderTerm: 11
previousLog {
  term: 10
  index: 18
}
leaderCommit: 17
commitInfos {
  server {
    id: "s1"
    address: "localhost:15256"
    dataStreamAddress: "localhost:15259"
    clientAddress: "localhost:15258"
    adminAddress: "localhost:15257"
    startupRole: FOLLOWER
  }
  commitIndex: 17
}
commitInfos {
  server {
    id: "s0"
    address: "localhost:15252"
    dataStreamAddress: "localhost:15255"
    clientAddress: "localhost:15254"
    adminAddress: "localhost:15253"
    startupRole: FOLLOWER
  }
  commitIndex: 17
}
commitInfos {
  server {
    id: "s2"
    address: "localhost:15260"
    dataStreamAddress: "localhost:15263"
    clientAddress: "localhost:15262"
    adminAddress: "localhost:15261"
    startupRole: FOLLOWER
  }
  commitIndex: 16
}
)
2024-10-20 10:45:24,301 [main] WARN  util.LeakDetector (LeakDetector.java:assertNoLeaks(171)) - 29/30) numLeaks == 5 > 0, will wait and retry ...
2024-10-20 10:45:25,302 [main] WARN  util.ReferenceCountedLeakDetector (ReferenceCountedLeakDetector.java:logLeakMessage(167)) - LEAK: (class org.apache.ratis.proto.RaftProtos$AppendEntriesRequestProto, count=2, value=serverRequest {
  requestorId: "s0"
  replyId: "s2"
  raftGroupId {
    id: "\375\210\024\357\262\375HY\244\207Ci\024Gb\025"
  }
}
leaderTerm: 10
previousLog {
  term: 9
  index: 16
}
leaderCommit: 16
commitInfos {
  server {
    id: "s0"
    address: "localhost:15252"
    dataStreamAddress: "localhost:15255"
    clientAddress: "localhost:15254"
    adminAddress: "localhost:15253"
    startupRole: FOLLOWER
  }
  commitIndex: 16
}
commitInfos {
  server {
    id: "s1"
    address: "localhost:15256"
    dataStreamAddress: "localhost:15259"
    clientAddress: "localhost:15258"
    adminAddress: "localhost:15257"
    startupRole: FOLLOWER
  }
  commitIndex: 16
}
commitInfos {
  server {
    id: "s2"
    address: "localhost:15260"
    dataStreamAddress: "localhost:15263"
    clientAddress: "localhost:15262"
    adminAddress: "localhost:15261"
    startupRole: FOLLOWER
  }
  commitIndex: 16
}
)
2024-10-20 10:45:25,302 [main] WARN  util.ReferenceCountedLeakDetector (ReferenceCountedLeakDetector.java:logLeakMessage(167)) - LEAK: (class org.apache.ratis.proto.RaftProtos$AppendEntriesRequestProto, count=3, value=serverRequest {
  requestorId: "s1"
  replyId: "s2"
  raftGroupId {
    id: "\375\210\024\357\262\375HY\244\207Ci\024Gb\025"
  }
  callId: 1
}
leaderTerm: 11
previousLog {
  term: 10
  index: 18
}
entries {
  term: 11
  index: 19
  configurationEntry {
    peers {
      id: "s0"
      address: "localhost:15252"
      dataStreamAddress: "localhost:15255"
      clientAddress: "localhost:15254"
      adminAddress: "localhost:15253"
      startupRole: FOLLOWER
    }
    peers {
      id: "s1"
      address: "localhost:15256"
      dataStreamAddress: "localhost:15259"
      clientAddress: "localhost:15258"
      adminAddress: "localhost:15257"
      startupRole: FOLLOWER
    }
    peers {
      id: "s2"
      address: "localhost:15260"
      dataStreamAddress: "localhost:15263"
      clientAddress: "localhost:15262"
      adminAddress: "localhost:15261"
      startupRole: FOLLOWER
    }
  }
}
leaderCommit: 17
commitInfos {
  server {
    id: "s1"
    address: "localhost:15256"
    dataStreamAddress: "localhost:15259"
    clientAddress: "localhost:15258"
    adminAddress: "localhost:15257"
    startupRole: FOLLOWER
  }
  commitIndex: 17
}
commitInfos {
  server {
    id: "s0"
    address: "localhost:15252"
    dataStreamAddress: "localhost:15255"
    clientAddress: "localhost:15254"
    adminAddress: "localhost:15253"
    startupRole: FOLLOWER
  }
  commitIndex: 17
}
commitInfos {
  server {
    id: "s2"
    address: "localhost:15260"
    dataStreamAddress: "localhost:15263"
    clientAddress: "localhost:15262"
    adminAddress: "localhost:15261"
    startupRole: FOLLOWER
  }
  commitIndex: 16
}
)
2024-10-20 10:45:25,302 [main] WARN  util.ReferenceCountedLeakDetector (ReferenceCountedLeakDetector.java:logLeakMessage(167)) - LEAK: (class org.apache.ratis.proto.RaftProtos$AppendEntriesRequestProto, count=3, value=serverRequest {
  requestorId: "s0"
  replyId: "s2"
  raftGroupId {
    id: "\375\210\024\357\262\375HY\244\207Ci\024Gb\025"
  }
  callId: 1
}
leaderTerm: 10
previousLog {
  term: 9
  index: 16
}
entries {
  term: 10
  index: 17
  configurationEntry {
    peers {
      id: "s0"
      address: "localhost:15252"
      dataStreamAddress: "localhost:15255"
      clientAddress: "localhost:15254"
      adminAddress: "localhost:15253"
      startupRole: FOLLOWER
    }
    peers {
      id: "s1"
      address: "localhost:15256"
      dataStreamAddress: "localhost:15259"
      clientAddress: "localhost:15258"
      adminAddress: "localhost:15257"
      startupRole: FOLLOWER
    }
    peers {
      id: "s2"
      address: "localhost:15260"
      dataStreamAddress: "localhost:15263"
      clientAddress: "localhost:15262"
      adminAddress: "localhost:15261"
      startupRole: FOLLOWER
    }
  }
}
leaderCommit: 16
commitInfos {
  server {
    id: "s0"
    address: "localhost:15252"
    dataStreamAddress: "localhost:15255"
    clientAddress: "localhost:15254"
    adminAddress: "localhost:15253"
    startupRole: FOLLOWER
  }
  commitIndex: 16
}
commitInfos {
  server {
    id: "s1"
    address: "localhost:15256"
    dataStreamAddress: "localhost:15259"
    clientAddress: "localhost:15258"
    adminAddress: "localhost:15257"
    startupRole: FOLLOWER
  }
  commitIndex: 16
}
commitInfos {
  server {
    id: "s2"
    address: "localhost:15260"
    dataStreamAddress: "localhost:15263"
    clientAddress: "localhost:15262"
    adminAddress: "localhost:15261"
    startupRole: FOLLOWER
  }
  commitIndex: 16
}
)
2024-10-20 10:45:25,302 [main] WARN  util.ReferenceCountedLeakDetector (ReferenceCountedLeakDetector.java:logLeakMessage(167)) - LEAK: (class org.apache.ratis.proto.RaftProtos$AppendEntriesRequestProto, count=2, value=serverRequest {
  requestorId: "s1"
  replyId: "s2"
  raftGroupId {
    id: "\375\210\024\357\262\375HY\244\207Ci\024Gb\025"
  }
  callId: 8
}
leaderTerm: 9
previousLog {
  term: 9
  index: 16
}
leaderCommit: 16
commitInfos {
  server {
    id: "s1"
    address: "localhost:15256"
    dataStreamAddress: "localhost:15259"
    clientAddress: "localhost:15258"
    adminAddress: "localhost:15257"
    startupRole: FOLLOWER
  }
  commitIndex: 16
}
commitInfos {
  server {
    id: "s0"
    address: "localhost:15252"
    dataStreamAddress: "localhost:15255"
    clientAddress: "localhost:15254"
    adminAddress: "localhost:15253"
    startupRole: FOLLOWER
  }
  commitIndex: 16
}
commitInfos {
  server {
    id: "s2"
    address: "localhost:15260"
    dataStreamAddress: "localhost:15263"
    clientAddress: "localhost:15262"
    adminAddress: "localhost:15261"
    startupRole: FOLLOWER
  }
  commitIndex: 16
}
)
2024-10-20 10:45:25,302 [main] WARN  util.ReferenceCountedLeakDetector (ReferenceCountedLeakDetector.java:logLeakMessage(167)) - LEAK: (class org.apache.ratis.proto.RaftProtos$AppendEntriesRequestProto, count=2, value=serverRequest {
  requestorId: "s1"
  replyId: "s2"
  raftGroupId {
    id: "\375\210\024\357\262\375HY\244\207Ci\024Gb\025"
  }
}
leaderTerm: 11
previousLog {
  term: 10
  index: 18
}
leaderCommit: 17
commitInfos {
  server {
    id: "s1"
    address: "localhost:15256"
    dataStreamAddress: "localhost:15259"
    clientAddress: "localhost:15258"
    adminAddress: "localhost:15257"
    startupRole: FOLLOWER
  }
  commitIndex: 17
}
commitInfos {
  server {
    id: "s0"
    address: "localhost:15252"
    dataStreamAddress: "localhost:15255"
    clientAddress: "localhost:15254"
    adminAddress: "localhost:15253"
    startupRole: FOLLOWER
  }
  commitIndex: 17
}
commitInfos {
  server {
    id: "s2"
    address: "localhost:15260"
    dataStreamAddress: "localhost:15263"
    clientAddress: "localhost:15262"
    adminAddress: "localhost:15261"
    startupRole: FOLLOWER
  }
  commitIndex: 16
}
)
]]></system-out>
  </testcase>
  <testcase name="testChangeListenerToFollower" classname="org.apache.ratis.grpc.TestLeaderElectionWithGrpc" time="31.698">
    <error type="java.lang.IllegalStateException"><![CDATA[java.lang.IllegalStateException: #leaks = 5 > 0, #leaks == set.size = 5
	at org.apache.ratis.util.Preconditions.assertTrue(Preconditions.java:77)
	at org.apache.ratis.util.LeakDetector$LeakTrackerSet.assertNoLeaks(LeakDetector.java:100)
	at org.apache.ratis.util.LeakDetector$LeakTrackerSet.getNumLeaks(LeakDetector.java:94)
	at org.apache.ratis.util.LeakDetector.assertNoLeaks(LeakDetector.java:174)
	at org.apache.ratis.server.impl.MiniRaftCluster.shutdown(MiniRaftCluster.java:894)
	at org.apache.ratis.grpc.MiniRaftClusterWithGrpc.shutdown(MiniRaftClusterWithGrpc.java:97)
	at org.apache.ratis.server.impl.MiniRaftCluster.close(MiniRaftCluster.java:843)
	at org.apache.ratis.server.impl.LeaderElectionTests.testChangeListenerToFollower(LeaderElectionTests.java:548)
	at java.lang.reflect.Method.invoke(Method.java:498)
	at java.util.ArrayList.forEach(ArrayList.java:1259)
	at java.util.ArrayList.forEach(ArrayList.java:1259)
]]></error>
    <system-out><![CDATA[2024-10-20 10:45:25,310 [main] INFO  util.LogUtils (Slf4jUtils.java:setLogLevel(38)) - Successfully set org.apache.ratis.conf.ConfUtils log level to WARN
2024-10-20 10:45:25,310 [main] INFO  util.LogUtils (Slf4jUtils.java:setLogLevel(38)) - Successfully set org.apache.ratis.util.FileUtils log level to TRACE
2024-10-20 10:45:25,310 [main] INFO  util.LogUtils (Slf4jUtils.java:setLogLevel(38)) - Successfully set org.apache.ratis.server.RaftServer$Division log level to DEBUG
2024-10-20 10:45:25,311 [main] INFO  util.LogUtils (Slf4jUtils.java:setLogLevel(38)) - Successfully set org.apache.ratis.client.RaftClient log level to DEBUG
2024-10-20 10:45:25,312 [main] INFO  impl.MiniRaftCluster (MiniRaftCluster.java:<init>(319)) - new MiniRaftClusterWithGrpc with group-BE2C85CFCD31:[s0|localhost:15264, s1|localhost:15268, s2|localhost:15272]
2024-10-20 10:45:25,312 [main] INFO  impl.MiniRaftCluster (MiniRaftCluster.java:start(352)) - .............................................................. 
2024-10-20 10:45:25,312 [main] INFO  impl.MiniRaftCluster (MiniRaftCluster.java:start(353)) - ... 
2024-10-20 10:45:25,312 [main] INFO  impl.MiniRaftCluster (MiniRaftCluster.java:start(354)) - ...     Starting MiniRaftClusterWithGrpc
2024-10-20 10:45:25,313 [main] INFO  impl.MiniRaftCluster (MiniRaftCluster.java:start(355)) - ... 
2024-10-20 10:45:25,313 [main] INFO  impl.MiniRaftCluster (MiniRaftCluster.java:start(356)) - .............................................................. 
2024-10-20 10:45:25,313 [main] INFO  impl.MiniRaftCluster (MiniRaftCluster.java:initServers(331)) - servers = {}
2024-10-20 10:45:25,313 [main] INFO  impl.MiniRaftCluster (MiniRaftCluster.java:newRaftServer(396)) - newRaftServer: s0, group-BE2C85CFCD31:[s0|localhost:15264, s1|localhost:15268, s2|localhost:15272], format? true
2024-10-20 10:45:25,313 [main] TRACE util.FileUtils (FileUtils.java:deleteFully(305)) - deleteFully target/test/data/d69430f5/MiniRaftClusterWithGrpc3b7fc16/s0
2024-10-20 10:45:25,313 [main] TRACE util.FileUtils (FileUtils.java:deleteFully(318)) - deleteFully: target/test/data/d69430f5/MiniRaftClusterWithGrpc3b7fc16/s0 does not exist.
2024-10-20 10:45:25,313 [main] INFO  impl.MiniRaftCluster (MiniRaftCluster.java:newRaftServer(401)) - Formatted directory target/test/data/d69430f5/MiniRaftClusterWithGrpc3b7fc16/s0
2024-10-20 10:45:25,314 [main] INFO  server.RaftServer (ConfUtils.java:logGet(46)) - raft.rpc.type = GRPC (default)
2024-10-20 10:45:25,314 [main] INFO  grpc.GrpcConfigKeys (ConfUtils.java:logFallback(53)) - raft.grpc.admin.host = null (fallback to raft.grpc.server.host)
2024-10-20 10:45:25,314 [main] INFO  grpc.GrpcConfigKeys (ConfUtils.java:logGet(46)) - raft.grpc.admin.port = 15265 (custom)
2024-10-20 10:45:25,314 [main] INFO  grpc.GrpcConfigKeys (ConfUtils.java:logFallback(53)) - raft.grpc.client.host = null (fallback to raft.grpc.server.host)
2024-10-20 10:45:25,314 [main] INFO  grpc.GrpcConfigKeys (ConfUtils.java:logGet(46)) - raft.grpc.client.port = 15266 (custom)
2024-10-20 10:45:25,314 [main] INFO  grpc.GrpcConfigKeys (ConfUtils.java:logGet(46)) - raft.grpc.server.host = null (default)
2024-10-20 10:45:25,315 [main] INFO  grpc.GrpcConfigKeys (ConfUtils.java:logGet(46)) - raft.grpc.server.port = 15264 (custom)
2024-10-20 10:45:25,315 [main] INFO  server.GrpcServicesImpl (ConfUtils.java:logGet(46)) - raft.grpc.message.size.max = 64MB (=67108864) (default)
2024-10-20 10:45:25,315 [main] INFO  server.GrpcServicesImpl (ConfUtils.java:logGet(46)) - raft.grpc.flow.control.window = 1MB (=1048576) (default)
2024-10-20 10:45:25,315 [main] INFO  server.RaftServerConfigKeys (ConfUtils.java:logGet(46)) - raft.server.rpc.request.timeout = 3000ms (default)
2024-10-20 10:45:25,315 [main] INFO  grpc.GrpcConfigKeys (ConfUtils.java:logGet(46)) - raft.grpc.server.heartbeat.channel = true (default)
2024-10-20 10:45:25,315 [main] INFO  grpc.GrpcConfigKeys (ConfUtils.java:logGet(46)) - raft.grpc.server.zerocopy.enabled = true (custom)
2024-10-20 10:45:25,315 [main] INFO  server.RaftServerConfigKeys (ConfUtils.java:logGet(46)) - raft.server.log.appender.buffer.byte-limit = 4MB (=4194304) (default)
2024-10-20 10:45:25,316 [main] INFO  grpc.GrpcConfigKeys (ConfUtils.java:logGet(46)) - raft.grpc.server.async.request.thread.pool.cached = true (default)
2024-10-20 10:45:25,316 [main] INFO  grpc.GrpcConfigKeys (ConfUtils.java:logGet(46)) - raft.grpc.server.async.request.thread.pool.size = 32 (default)
2024-10-20 10:45:25,317 [main] INFO  impl.DataStreamServerImpl (ConfUtils.java:logGet(46)) - raft.datastream.type = DISABLED (default)
2024-10-20 10:45:25,317 [main] INFO  server.RaftServerConfigKeys (ConfUtils.java:logGet(46)) - raft.server.sleep.deviation.threshold = 300ms (default)
2024-10-20 10:45:25,317 [main] INFO  server.RaftServerConfigKeys (ConfUtils.java:logGet(46)) - raft.server.close.threshold = 60s (default)
2024-10-20 10:45:25,318 [main] INFO  server.RaftServerConfigKeys (ConfUtils.java:logGet(46)) - raft.server.leaderelection.leader.step-down.wait-time = 10s (default)
2024-10-20 10:45:25,318 [main] INFO  server.RaftServerConfigKeys (ConfUtils.java:logGet(46)) - raft.server.storage.dir = [/home/runner/work/ratis/ratis/ratis-test/target/test/data/d69430f5/MiniRaftClusterWithGrpc3b7fc16/s0] (custom)
2024-10-20 10:45:25,318 [main] INFO  server.RaftServerConfigKeys (ConfUtils.java:logGet(46)) - raft.server.threadpool.proxy.cached = true (default)
2024-10-20 10:45:25,318 [main] INFO  server.RaftServerConfigKeys (ConfUtils.java:logGet(46)) - raft.server.threadpool.proxy.size = 0 (default)
2024-10-20 10:45:25,318 [main] INFO  server.RaftServer (RaftServerProxy.java:addNew(101)) - s0: addNew group-BE2C85CFCD31:[s0|localhost:15264, s1|localhost:15268, s2|localhost:15272] returns group-BE2C85CFCD31:java.util.concurrent.CompletableFuture@579ee82[Not completed]
2024-10-20 10:45:25,318 [s0-groupManagement] INFO  server.RaftServer$Division (RaftServerImpl.java:<init>(257)) - s0: new RaftServerImpl for group-BE2C85CFCD31:[s0|localhost:15264, s1|localhost:15268, s2|localhost:15272] with BaseStateMachine:uninitialized
2024-10-20 10:45:25,319 [main] INFO  impl.MiniRaftCluster (MiniRaftCluster.java:newRaftServer(396)) - newRaftServer: s1, group-BE2C85CFCD31:[s0|localhost:15264, s1|localhost:15268, s2|localhost:15272], format? true
2024-10-20 10:45:25,319 [main] TRACE util.FileUtils (FileUtils.java:deleteFully(305)) - deleteFully target/test/data/d69430f5/MiniRaftClusterWithGrpc3b7fc16/s1
2024-10-20 10:45:25,319 [s0-groupManagement] INFO  server.RaftServerConfigKeys (ConfUtils.java:logGet(46)) - raft.server.rpc.timeout.min = 150ms (default)
2024-10-20 10:45:25,319 [main] TRACE util.FileUtils (FileUtils.java:deleteFully(318)) - deleteFully: target/test/data/d69430f5/MiniRaftClusterWithGrpc3b7fc16/s1 does not exist.
2024-10-20 10:45:25,319 [main] INFO  impl.MiniRaftCluster (MiniRaftCluster.java:newRaftServer(401)) - Formatted directory target/test/data/d69430f5/MiniRaftClusterWithGrpc3b7fc16/s1
2024-10-20 10:45:25,319 [s0-groupManagement] INFO  server.RaftServerConfigKeys (ConfUtils.java:logGet(46)) - raft.server.rpc.timeout.max = 300ms (default)
2024-10-20 10:45:25,319 [s0-groupManagement] INFO  server.RaftServerConfigKeys (ConfUtils.java:logGet(46)) - raft.server.rpc.sleep.time = 25ms (default)
2024-10-20 10:45:25,319 [s0-groupManagement] INFO  server.RaftServerConfigKeys (ConfUtils.java:logGet(46)) - raft.server.rpc.slowness.timeout = 60s (default)
2024-10-20 10:45:25,319 [s0-groupManagement] INFO  server.RaftServerConfigKeys (ConfUtils.java:logGet(46)) - raft.server.leaderelection.leader.step-down.wait-time = 10s (default)
2024-10-20 10:45:25,319 [s0-groupManagement] INFO  server.RaftServerConfigKeys (ConfUtils.java:logGet(46)) - raft.server.leaderelection.member.majority-add = false (default)
2024-10-20 10:45:25,320 [s0-groupManagement] INFO  server.RaftServerConfigKeys (ConfUtils.java:logGet(46)) - raft.server.sleep.deviation.threshold = 300ms (default)
2024-10-20 10:45:25,320 [s0-groupManagement] INFO  server.RaftServer$Division (ServerState.java:<init>(114)) - s0@group-BE2C85CFCD31: ConfigurationManager, init=conf: {index: -1, cur=peers:[s0|localhost:15264, s1|localhost:15268]|listeners:[s2|localhost:15272], old=null}, confs=<EMPTY_MAP>
2024-10-20 10:45:25,320 [main] INFO  server.RaftServer (ConfUtils.java:logGet(46)) - raft.rpc.type = GRPC (default)
2024-10-20 10:45:25,320 [s0-groupManagement] INFO  server.RaftServerConfigKeys (ConfUtils.java:logGet(46)) - raft.server.notification.no-leader.timeout = 60s (default)
2024-10-20 10:45:25,320 [main] INFO  grpc.GrpcConfigKeys (ConfUtils.java:logFallback(53)) - raft.grpc.admin.host = null (fallback to raft.grpc.server.host)
2024-10-20 10:45:25,320 [s0-groupManagement] INFO  server.RaftServerConfigKeys (ConfUtils.java:logGet(46)) - raft.server.read.timeout = 10s (default)
2024-10-20 10:45:25,320 [main] INFO  grpc.GrpcConfigKeys (ConfUtils.java:logGet(46)) - raft.grpc.admin.port = 15269 (custom)
2024-10-20 10:45:25,320 [s0-groupManagement] INFO  server.RaftServerConfigKeys (ConfUtils.java:logGet(46)) - raft.server.retrycache.expirytime = 60s (default)
2024-10-20 10:45:25,320 [s0-groupManagement] INFO  server.RaftServerConfigKeys (ConfUtils.java:logGet(46)) - raft.server.retrycache.statistics.expirytime = 100ms (default)
2024-10-20 10:45:25,320 [main] INFO  grpc.GrpcConfigKeys (ConfUtils.java:logFallback(53)) - raft.grpc.client.host = null (fallback to raft.grpc.server.host)
2024-10-20 10:45:25,320 [s0-groupManagement] INFO  server.RaftServerConfigKeys (ConfUtils.java:logGet(46)) - raft.server.read.option = DEFAULT (default)
2024-10-20 10:45:25,320 [main] INFO  grpc.GrpcConfigKeys (ConfUtils.java:logGet(46)) - raft.grpc.client.port = 15270 (custom)
2024-10-20 10:45:25,321 [main] INFO  grpc.GrpcConfigKeys (ConfUtils.java:logGet(46)) - raft.grpc.server.host = null (default)
2024-10-20 10:45:25,321 [s0-groupManagement] INFO  server.RaftServerConfigKeys (ConfUtils.java:logGet(46)) - raft.server.read.read-after-write-consistent.write-index-cache.expiry-time = 60s (default)
2024-10-20 10:45:25,321 [main] INFO  grpc.GrpcConfigKeys (ConfUtils.java:logGet(46)) - raft.grpc.server.port = 15268 (custom)
2024-10-20 10:45:25,321 [main] INFO  server.GrpcServicesImpl (ConfUtils.java:logGet(46)) - raft.grpc.message.size.max = 64MB (=67108864) (default)
2024-10-20 10:45:25,321 [main] INFO  server.GrpcServicesImpl (ConfUtils.java:logGet(46)) - raft.grpc.flow.control.window = 1MB (=1048576) (default)
2024-10-20 10:45:25,321 [main] INFO  server.RaftServerConfigKeys (ConfUtils.java:logGet(46)) - raft.server.rpc.request.timeout = 3000ms (default)
2024-10-20 10:45:25,322 [main] INFO  grpc.GrpcConfigKeys (ConfUtils.java:logGet(46)) - raft.grpc.server.heartbeat.channel = true (default)
2024-10-20 10:45:25,321 [s0-groupManagement] INFO  server.RaftServerConfigKeys (ConfUtils.java:logGet(46)) - raft.server.rpc.request.timeout = 3000ms (default)
2024-10-20 10:45:25,322 [main] INFO  grpc.GrpcConfigKeys (ConfUtils.java:logGet(46)) - raft.grpc.server.zerocopy.enabled = true (custom)
2024-10-20 10:45:25,322 [s0-groupManagement] INFO  server.RaftServerConfigKeys (ConfUtils.java:logGet(46)) - raft.server.log.appender.install.snapshot.enabled = true (default)
2024-10-20 10:45:25,322 [s0-groupManagement] INFO  server.RaftServerConfigKeys (ConfUtils.java:logGet(46)) - raft.server.threadpool.server.cached = true (default)
2024-10-20 10:45:25,322 [s0-groupManagement] INFO  server.RaftServerConfigKeys (ConfUtils.java:logGet(46)) - raft.server.threadpool.server.size = 0 (default)
2024-10-20 10:45:25,322 [main] INFO  server.RaftServerConfigKeys (ConfUtils.java:logGet(46)) - raft.server.log.appender.buffer.byte-limit = 4MB (=4194304) (default)
2024-10-20 10:45:25,322 [s0-groupManagement] INFO  server.RaftServerConfigKeys (ConfUtils.java:logGet(46)) - raft.server.threadpool.client.cached = true (default)
2024-10-20 10:45:25,322 [s0-groupManagement] INFO  server.RaftServerConfigKeys (ConfUtils.java:logGet(46)) - raft.server.threadpool.client.size = 0 (default)
2024-10-20 10:45:25,322 [main] INFO  grpc.GrpcConfigKeys (ConfUtils.java:logGet(46)) - raft.grpc.server.async.request.thread.pool.cached = true (default)
2024-10-20 10:45:25,322 [main] INFO  grpc.GrpcConfigKeys (ConfUtils.java:logGet(46)) - raft.grpc.server.async.request.thread.pool.size = 32 (default)
2024-10-20 10:45:25,324 [main] INFO  impl.DataStreamServerImpl (ConfUtils.java:logGet(46)) - raft.datastream.type = DISABLED (default)
2024-10-20 10:45:25,324 [main] INFO  server.RaftServerConfigKeys (ConfUtils.java:logGet(46)) - raft.server.sleep.deviation.threshold = 300ms (default)
2024-10-20 10:45:25,324 [main] INFO  server.RaftServerConfigKeys (ConfUtils.java:logGet(46)) - raft.server.close.threshold = 60s (default)
2024-10-20 10:45:25,324 [main] INFO  server.RaftServerConfigKeys (ConfUtils.java:logGet(46)) - raft.server.leaderelection.leader.step-down.wait-time = 10s (default)
2024-10-20 10:45:25,324 [main] INFO  server.RaftServerConfigKeys (ConfUtils.java:logGet(46)) - raft.server.storage.dir = [/home/runner/work/ratis/ratis/ratis-test/target/test/data/d69430f5/MiniRaftClusterWithGrpc3b7fc16/s1] (custom)
2024-10-20 10:45:25,324 [main] INFO  server.RaftServerConfigKeys (ConfUtils.java:logGet(46)) - raft.server.threadpool.proxy.cached = true (default)
2024-10-20 10:45:25,324 [main] INFO  server.RaftServerConfigKeys (ConfUtils.java:logGet(46)) - raft.server.threadpool.proxy.size = 0 (default)
2024-10-20 10:45:25,325 [main] INFO  server.RaftServer (RaftServerProxy.java:addNew(101)) - s1: addNew group-BE2C85CFCD31:[s0|localhost:15264, s1|localhost:15268, s2|localhost:15272] returns group-BE2C85CFCD31:java.util.concurrent.CompletableFuture@6778636f[Not completed]
2024-10-20 10:45:25,325 [main] INFO  impl.MiniRaftCluster (MiniRaftCluster.java:newRaftServer(396)) - newRaftServer: s2, group-BE2C85CFCD31:[s0|localhost:15264, s1|localhost:15268, s2|localhost:15272], format? true
2024-10-20 10:45:25,325 [main] TRACE util.FileUtils (FileUtils.java:deleteFully(305)) - deleteFully target/test/data/d69430f5/MiniRaftClusterWithGrpc3b7fc16/s2
2024-10-20 10:45:25,325 [s1-groupManagement] INFO  server.RaftServer$Division (RaftServerImpl.java:<init>(257)) - s1: new RaftServerImpl for group-BE2C85CFCD31:[s0|localhost:15264, s1|localhost:15268, s2|localhost:15272] with BaseStateMachine:uninitialized
2024-10-20 10:45:25,325 [main] TRACE util.FileUtils (FileUtils.java:deleteFully(318)) - deleteFully: target/test/data/d69430f5/MiniRaftClusterWithGrpc3b7fc16/s2 does not exist.
2024-10-20 10:45:25,325 [main] INFO  impl.MiniRaftCluster (MiniRaftCluster.java:newRaftServer(401)) - Formatted directory target/test/data/d69430f5/MiniRaftClusterWithGrpc3b7fc16/s2
2024-10-20 10:45:25,325 [s1-groupManagement] INFO  server.RaftServerConfigKeys (ConfUtils.java:logGet(46)) - raft.server.rpc.timeout.min = 150ms (default)
2024-10-20 10:45:25,326 [s1-groupManagement] INFO  server.RaftServerConfigKeys (ConfUtils.java:logGet(46)) - raft.server.rpc.timeout.max = 300ms (default)
2024-10-20 10:45:25,326 [s1-groupManagement] INFO  server.RaftServerConfigKeys (ConfUtils.java:logGet(46)) - raft.server.rpc.sleep.time = 25ms (default)
2024-10-20 10:45:25,326 [s1-groupManagement] INFO  server.RaftServerConfigKeys (ConfUtils.java:logGet(46)) - raft.server.rpc.slowness.timeout = 60s (default)
2024-10-20 10:45:25,326 [s1-groupManagement] INFO  server.RaftServerConfigKeys (ConfUtils.java:logGet(46)) - raft.server.leaderelection.leader.step-down.wait-time = 10s (default)
2024-10-20 10:45:25,326 [s1-groupManagement] INFO  server.RaftServerConfigKeys (ConfUtils.java:logGet(46)) - raft.server.leaderelection.member.majority-add = false (default)
2024-10-20 10:45:25,326 [s1-groupManagement] INFO  server.RaftServerConfigKeys (ConfUtils.java:logGet(46)) - raft.server.sleep.deviation.threshold = 300ms (default)
2024-10-20 10:45:25,326 [main] INFO  server.RaftServer (ConfUtils.java:logGet(46)) - raft.rpc.type = GRPC (default)
2024-10-20 10:45:25,326 [s1-groupManagement] INFO  server.RaftServer$Division (ServerState.java:<init>(114)) - s1@group-BE2C85CFCD31: ConfigurationManager, init=conf: {index: -1, cur=peers:[s0|localhost:15264, s1|localhost:15268]|listeners:[s2|localhost:15272], old=null}, confs=<EMPTY_MAP>
2024-10-20 10:45:25,326 [main] INFO  grpc.GrpcConfigKeys (ConfUtils.java:logFallback(53)) - raft.grpc.admin.host = null (fallback to raft.grpc.server.host)
2024-10-20 10:45:25,326 [main] INFO  grpc.GrpcConfigKeys (ConfUtils.java:logGet(46)) - raft.grpc.admin.port = 15273 (custom)
2024-10-20 10:45:25,326 [s1-groupManagement] INFO  server.RaftServerConfigKeys (ConfUtils.java:logGet(46)) - raft.server.notification.no-leader.timeout = 60s (default)
2024-10-20 10:45:25,327 [s1-groupManagement] INFO  server.RaftServerConfigKeys (ConfUtils.java:logGet(46)) - raft.server.read.timeout = 10s (default)
2024-10-20 10:45:25,327 [s1-groupManagement] INFO  server.RaftServerConfigKeys (ConfUtils.java:logGet(46)) - raft.server.retrycache.expirytime = 60s (default)
2024-10-20 10:45:25,327 [s1-groupManagement] INFO  server.RaftServerConfigKeys (ConfUtils.java:logGet(46)) - raft.server.retrycache.statistics.expirytime = 100ms (default)
2024-10-20 10:45:25,327 [s1-groupManagement] INFO  server.RaftServerConfigKeys (ConfUtils.java:logGet(46)) - raft.server.read.option = DEFAULT (default)
2024-10-20 10:45:25,327 [s1-groupManagement] INFO  server.RaftServerConfigKeys (ConfUtils.java:logGet(46)) - raft.server.read.read-after-write-consistent.write-index-cache.expiry-time = 60s (default)
2024-10-20 10:45:25,327 [s1-groupManagement] INFO  server.RaftServerConfigKeys (ConfUtils.java:logGet(46)) - raft.server.rpc.request.timeout = 3000ms (default)
2024-10-20 10:45:25,327 [s1-groupManagement] INFO  server.RaftServerConfigKeys (ConfUtils.java:logGet(46)) - raft.server.log.appender.install.snapshot.enabled = true (default)
2024-10-20 10:45:25,328 [s1-groupManagement] INFO  server.RaftServerConfigKeys (ConfUtils.java:logGet(46)) - raft.server.threadpool.server.cached = true (default)
2024-10-20 10:45:25,328 [s1-groupManagement] INFO  server.RaftServerConfigKeys (ConfUtils.java:logGet(46)) - raft.server.threadpool.server.size = 0 (default)
2024-10-20 10:45:25,328 [s1-groupManagement] INFO  server.RaftServerConfigKeys (ConfUtils.java:logGet(46)) - raft.server.threadpool.client.cached = true (default)
2024-10-20 10:45:25,328 [s1-groupManagement] INFO  server.RaftServerConfigKeys (ConfUtils.java:logGet(46)) - raft.server.threadpool.client.size = 0 (default)
2024-10-20 10:45:25,327 [main] INFO  grpc.GrpcConfigKeys (ConfUtils.java:logFallback(53)) - raft.grpc.client.host = null (fallback to raft.grpc.server.host)
2024-10-20 10:45:25,328 [main] INFO  grpc.GrpcConfigKeys (ConfUtils.java:logGet(46)) - raft.grpc.client.port = 15274 (custom)
2024-10-20 10:45:25,328 [main] INFO  grpc.GrpcConfigKeys (ConfUtils.java:logGet(46)) - raft.grpc.server.host = null (default)
2024-10-20 10:45:25,328 [main] INFO  grpc.GrpcConfigKeys (ConfUtils.java:logGet(46)) - raft.grpc.server.port = 15272 (custom)
2024-10-20 10:45:25,328 [main] INFO  server.GrpcServicesImpl (ConfUtils.java:logGet(46)) - raft.grpc.message.size.max = 64MB (=67108864) (default)
2024-10-20 10:45:25,329 [main] INFO  server.GrpcServicesImpl (ConfUtils.java:logGet(46)) - raft.grpc.flow.control.window = 1MB (=1048576) (default)
2024-10-20 10:45:25,329 [main] INFO  server.RaftServerConfigKeys (ConfUtils.java:logGet(46)) - raft.server.rpc.request.timeout = 3000ms (default)
2024-10-20 10:45:25,329 [main] INFO  grpc.GrpcConfigKeys (ConfUtils.java:logGet(46)) - raft.grpc.server.heartbeat.channel = true (default)
2024-10-20 10:45:25,329 [main] INFO  grpc.GrpcConfigKeys (ConfUtils.java:logGet(46)) - raft.grpc.server.zerocopy.enabled = true (custom)
2024-10-20 10:45:25,329 [main] INFO  server.RaftServerConfigKeys (ConfUtils.java:logGet(46)) - raft.server.log.appender.buffer.byte-limit = 4MB (=4194304) (default)
2024-10-20 10:45:25,329 [main] INFO  grpc.GrpcConfigKeys (ConfUtils.java:logGet(46)) - raft.grpc.server.async.request.thread.pool.cached = true (default)
2024-10-20 10:45:25,329 [main] INFO  grpc.GrpcConfigKeys (ConfUtils.java:logGet(46)) - raft.grpc.server.async.request.thread.pool.size = 32 (default)
2024-10-20 10:45:25,330 [main] INFO  impl.DataStreamServerImpl (ConfUtils.java:logGet(46)) - raft.datastream.type = DISABLED (default)
2024-10-20 10:45:25,330 [main] INFO  server.RaftServerConfigKeys (ConfUtils.java:logGet(46)) - raft.server.sleep.deviation.threshold = 300ms (default)
2024-10-20 10:45:25,331 [main] INFO  server.RaftServerConfigKeys (ConfUtils.java:logGet(46)) - raft.server.close.threshold = 60s (default)
2024-10-20 10:45:25,331 [main] INFO  server.RaftServerConfigKeys (ConfUtils.java:logGet(46)) - raft.server.leaderelection.leader.step-down.wait-time = 10s (default)
2024-10-20 10:45:25,331 [main] INFO  server.RaftServerConfigKeys (ConfUtils.java:logGet(46)) - raft.server.storage.dir = [/home/runner/work/ratis/ratis/ratis-test/target/test/data/d69430f5/MiniRaftClusterWithGrpc3b7fc16/s2] (custom)
2024-10-20 10:45:25,331 [main] INFO  server.RaftServerConfigKeys (ConfUtils.java:logGet(46)) - raft.server.threadpool.proxy.cached = true (default)
2024-10-20 10:45:25,331 [main] INFO  server.RaftServerConfigKeys (ConfUtils.java:logGet(46)) - raft.server.threadpool.proxy.size = 0 (default)
2024-10-20 10:45:25,331 [main] INFO  server.RaftServer (RaftServerProxy.java:addNew(101)) - s2: addNew group-BE2C85CFCD31:[s0|localhost:15264, s1|localhost:15268, s2|localhost:15272] returns group-BE2C85CFCD31:java.util.concurrent.CompletableFuture@e76134d[Not completed]
2024-10-20 10:45:25,331 [s2-groupManagement] INFO  server.RaftServer$Division (RaftServerImpl.java:<init>(257)) - s2: new RaftServerImpl for group-BE2C85CFCD31:[s0|localhost:15264, s1|localhost:15268, s2|localhost:15272] with BaseStateMachine:uninitialized
2024-10-20 10:45:25,332 [s0-impl-thread1] INFO  server.RaftServerConfigKeys (ConfUtils.java:logGet(46)) - raft.server.storage.free-space.min = 0MB (=0) (default)
2024-10-20 10:45:25,332 [s2-groupManagement] INFO  server.RaftServerConfigKeys (ConfUtils.java:logGet(46)) - raft.server.rpc.timeout.min = 150ms (default)
2024-10-20 10:45:25,332 [s2-groupManagement] INFO  server.RaftServerConfigKeys (ConfUtils.java:logGet(46)) - raft.server.rpc.timeout.max = 300ms (default)
2024-10-20 10:45:25,332 [s2-groupManagement] INFO  server.RaftServerConfigKeys (ConfUtils.java:logGet(46)) - raft.server.rpc.sleep.time = 25ms (default)
2024-10-20 10:45:25,332 [s2-groupManagement] INFO  server.RaftServerConfigKeys (ConfUtils.java:logGet(46)) - raft.server.rpc.slowness.timeout = 60s (default)
2024-10-20 10:45:25,332 [s2-groupManagement] INFO  server.RaftServerConfigKeys (ConfUtils.java:logGet(46)) - raft.server.leaderelection.leader.step-down.wait-time = 10s (default)
2024-10-20 10:45:25,332 [s2-groupManagement] INFO  server.RaftServerConfigKeys (ConfUtils.java:logGet(46)) - raft.server.leaderelection.member.majority-add = false (default)
2024-10-20 10:45:25,332 [s2-groupManagement] INFO  server.RaftServerConfigKeys (ConfUtils.java:logGet(46)) - raft.server.sleep.deviation.threshold = 300ms (default)
2024-10-20 10:45:25,332 [s0-impl-thread1] INFO  server.RaftServerConfigKeys (ConfUtils.java:logGet(46)) - raft.server.log.corruption.policy = EXCEPTION (default)
2024-10-20 10:45:25,332 [s2-groupManagement] INFO  server.RaftServer$Division (ServerState.java:<init>(114)) - s2@group-BE2C85CFCD31: ConfigurationManager, init=conf: {index: -1, cur=peers:[s0|localhost:15264, s1|localhost:15268]|listeners:[s2|localhost:15272], old=null}, confs=<EMPTY_MAP>
2024-10-20 10:45:25,332 [s0-impl-thread1] INFO  server.RaftServerConfigKeys (ConfUtils.java:logGet(46)) - raft.server.storage.dir = [/home/runner/work/ratis/ratis/ratis-test/target/test/data/d69430f5/MiniRaftClusterWithGrpc3b7fc16/s0] (custom)
2024-10-20 10:45:25,332 [s2-groupManagement] INFO  server.RaftServerConfigKeys (ConfUtils.java:logGet(46)) - raft.server.notification.no-leader.timeout = 60s (default)
2024-10-20 10:45:25,332 [s2-groupManagement] INFO  server.RaftServerConfigKeys (ConfUtils.java:logGet(46)) - raft.server.read.timeout = 10s (default)
2024-10-20 10:45:25,332 [s2-groupManagement] INFO  server.RaftServerConfigKeys (ConfUtils.java:logGet(46)) - raft.server.retrycache.expirytime = 60s (default)
2024-10-20 10:45:25,332 [s2-groupManagement] INFO  server.RaftServerConfigKeys (ConfUtils.java:logGet(46)) - raft.server.retrycache.statistics.expirytime = 100ms (default)
2024-10-20 10:45:25,332 [s0-impl-thread1] INFO  storage.RaftStorageDirectory (RaftStorageDirectoryImpl.java:analyzeStorage(138)) - The storage directory /home/runner/work/ratis/ratis/ratis-test/target/test/data/d69430f5/MiniRaftClusterWithGrpc3b7fc16/s0/d10150fe-6ee1-45cb-9931-be2c85cfcd31 does not exist. Creating ...
2024-10-20 10:45:25,332 [s2-groupManagement] INFO  server.RaftServerConfigKeys (ConfUtils.java:logGet(46)) - raft.server.read.option = DEFAULT (default)
2024-10-20 10:45:25,333 [s2-groupManagement] INFO  server.RaftServerConfigKeys (ConfUtils.java:logGet(46)) - raft.server.read.read-after-write-consistent.write-index-cache.expiry-time = 60s (default)
2024-10-20 10:45:25,333 [s0-impl-thread1] TRACE util.FileUtils (LogUtils.java:runAndLog(49)) - Successfully ran Files.createDirectories /home/runner/work/ratis/ratis/ratis-test/target/test/data/d69430f5/MiniRaftClusterWithGrpc3b7fc16/s0/d10150fe-6ee1-45cb-9931-be2c85cfcd31
2024-10-20 10:45:25,333 [s2-groupManagement] INFO  server.RaftServerConfigKeys (ConfUtils.java:logGet(46)) - raft.server.rpc.request.timeout = 3000ms (default)
2024-10-20 10:45:25,333 [s2-groupManagement] INFO  server.RaftServerConfigKeys (ConfUtils.java:logGet(46)) - raft.server.log.appender.install.snapshot.enabled = true (default)
2024-10-20 10:45:25,333 [s2-groupManagement] INFO  server.RaftServerConfigKeys (ConfUtils.java:logGet(46)) - raft.server.threadpool.server.cached = true (default)
2024-10-20 10:45:25,333 [s2-groupManagement] INFO  server.RaftServerConfigKeys (ConfUtils.java:logGet(46)) - raft.server.threadpool.server.size = 0 (default)
2024-10-20 10:45:25,333 [s2-groupManagement] INFO  server.RaftServerConfigKeys (ConfUtils.java:logGet(46)) - raft.server.threadpool.client.cached = true (default)
2024-10-20 10:45:25,333 [s2-groupManagement] INFO  server.RaftServerConfigKeys (ConfUtils.java:logGet(46)) - raft.server.threadpool.client.size = 0 (default)
2024-10-20 10:45:25,334 [s0-impl-thread1] INFO  storage.RaftStorageDirectory (RaftStorageDirectoryImpl.java:tryLock(229)) - Lock on /home/runner/work/ratis/ratis/ratis-test/target/test/data/d69430f5/MiniRaftClusterWithGrpc3b7fc16/s0/d10150fe-6ee1-45cb-9931-be2c85cfcd31/in_use.lock acquired by nodename 10902@fv-az889-899
2024-10-20 10:45:25,334 [s0-impl-thread1] TRACE util.FileUtils (LogUtils.java:runAndLog(49)) - Successfully ran Files.createDirectories /home/runner/work/ratis/ratis/ratis-test/target/test/data/d69430f5/MiniRaftClusterWithGrpc3b7fc16/s0/d10150fe-6ee1-45cb-9931-be2c85cfcd31/current
2024-10-20 10:45:25,334 [s0-impl-thread1] TRACE util.FileUtils (LogUtils.java:runAndLog(49)) - Successfully ran Files.createDirectories /home/runner/work/ratis/ratis/ratis-test/target/test/data/d69430f5/MiniRaftClusterWithGrpc3b7fc16/s0/d10150fe-6ee1-45cb-9931-be2c85cfcd31/sm
2024-10-20 10:45:25,335 [s0-impl-thread1] TRACE util.FileUtils (LogUtils.java:supplyAndLog(69)) - Successfully supplied FileChannel.open /home/runner/work/ratis/ratis/ratis-test/target/test/data/d69430f5/MiniRaftClusterWithGrpc3b7fc16/s0/d10150fe-6ee1-45cb-9931-be2c85cfcd31/current/raft-meta.tmp with options [CREATE, WRITE]: sun.nio.ch.FileChannelImpl@7f96540
2024-10-20 10:45:25,336 [s0-impl-thread1] TRACE util.FileUtils (LogUtils.java:runAndLog(49)) - Successfully ran Atomic Files.move /home/runner/work/ratis/ratis/ratis-test/target/test/data/d69430f5/MiniRaftClusterWithGrpc3b7fc16/s0/d10150fe-6ee1-45cb-9931-be2c85cfcd31/current/raft-meta.tmp to /home/runner/work/ratis/ratis/ratis-test/target/test/data/d69430f5/MiniRaftClusterWithGrpc3b7fc16/s0/d10150fe-6ee1-45cb-9931-be2c85cfcd31/current/raft-meta with options [REPLACE_EXISTING]
2024-10-20 10:45:25,336 [s0-impl-thread1] INFO  storage.RaftStorage (RaftStorageImpl.java:format(98)) - Storage directory /home/runner/work/ratis/ratis/ratis-test/target/test/data/d69430f5/MiniRaftClusterWithGrpc3b7fc16/s0/d10150fe-6ee1-45cb-9931-be2c85cfcd31 has been successfully formatted.
2024-10-20 10:45:25,336 [s0-impl-thread1] INFO  server.RaftServerConfigKeys (ConfUtils.java:logGet(46)) - raft.server.log.use.memory = false (default)
2024-10-20 10:45:25,336 [s0-impl-thread1] INFO  server.RaftServerConfigKeys (ConfUtils.java:logGet(46)) - raft.server.log.purge.gap = 1024 (default)
2024-10-20 10:45:25,336 [s0-impl-thread1] INFO  server.RaftServerConfigKeys (ConfUtils.java:logGet(46)) - raft.server.log.appender.buffer.byte-limit = 4MB (=4194304) (default)
2024-10-20 10:45:25,336 [s0-impl-thread1] INFO  server.RaftServerConfigKeys (ConfUtils.java:logGet(46)) - raft.server.log.statemachine.data.read.timeout = 1000ms (default)
2024-10-20 10:45:25,336 [s0-impl-thread1] INFO  server.RaftServerConfigKeys (ConfUtils.java:logGet(46)) - raft.server.log.purge.preservation.log.num = 0 (default)
2024-10-20 10:45:25,336 [s0-impl-thread1] INFO  server.RaftServerConfigKeys (ConfUtils.java:logGet(46)) - raft.server.log.segment.size.max = 32MB (=33554432) (default)
2024-10-20 10:45:25,336 [s0-impl-thread1] INFO  server.RaftServerConfigKeys (ConfUtils.java:logGet(46)) - raft.server.log.segment.cache.num.max = 6 (default)
2024-10-20 10:45:25,336 [s0-impl-thread1] INFO  server.RaftServerConfigKeys (ConfUtils.java:logGet(46)) - raft.server.log.segment.cache.size.max = 200MB (=209715200) (default)
2024-10-20 10:45:25,336 [s0-impl-thread1] INFO  server.RaftServerConfigKeys (ConfUtils.java:logGet(46)) - raft.server.log.appender.buffer.byte-limit = 4MB (=4194304) (default)
2024-10-20 10:45:25,336 [s0-impl-thread1] INFO  util.AwaitToRun (AwaitToRun.java:start(81)) - Thread[s0@group-BE2C85CFCD31-cacheEviction-AwaitToRun,5,main] started
2024-10-20 10:45:25,336 [s0-impl-thread1] INFO  segmented.SegmentedRaftLogWorker (SegmentedRaftLogWorker.java:<init>(188)) - new s0@group-BE2C85CFCD31-SegmentedRaftLogWorker for RaftStorageImpl:Storage Directory /home/runner/work/ratis/ratis/ratis-test/target/test/data/d69430f5/MiniRaftClusterWithGrpc3b7fc16/s0/d10150fe-6ee1-45cb-9931-be2c85cfcd31
2024-10-20 10:45:25,337 [s0-impl-thread1] INFO  server.RaftServerConfigKeys (ConfUtils.java:logGet(46)) - raft.server.log.queue.byte-limit = 64MB (=67108864) (default)
2024-10-20 10:45:25,337 [s0-impl-thread1] INFO  server.RaftServerConfigKeys (ConfUtils.java:logGet(46)) - raft.server.log.queue.element-limit = 4096 (default)
2024-10-20 10:45:25,337 [s0-impl-thread1] INFO  server.RaftServerConfigKeys (ConfUtils.java:logGet(46)) - raft.server.log.segment.size.max = 32MB (=33554432) (default)
2024-10-20 10:45:25,337 [s0-impl-thread1] INFO  server.RaftServerConfigKeys (ConfUtils.java:logGet(46)) - raft.server.log.preallocated.size = 4MB (=4194304) (default)
2024-10-20 10:45:25,337 [s0-impl-thread1] INFO  server.RaftServerConfigKeys (ConfUtils.java:logGet(46)) - raft.server.log.force.sync.num = 128 (default)
2024-10-20 10:45:25,337 [s0-impl-thread1] INFO  server.RaftServerConfigKeys (ConfUtils.java:logGet(46)) - raft.server.log.statemachine.data.sync = true (default)
2024-10-20 10:45:25,337 [s0-impl-thread1] INFO  server.RaftServerConfigKeys (ConfUtils.java:logGet(46)) - raft.server.log.statemachine.data.sync.timeout = 10s (default)
2024-10-20 10:45:25,337 [s0-impl-thread1] INFO  server.RaftServerConfigKeys (ConfUtils.java:logGet(46)) - raft.server.log.statemachine.data.sync.timeout.retry = -1 (default)
2024-10-20 10:45:25,337 [s0-impl-thread1] INFO  server.RaftServerConfigKeys (ConfUtils.java:logGet(46)) - raft.server.log.write.buffer.size = 8MB (=8388608) (default)
2024-10-20 10:45:25,337 [s0-impl-thread1] INFO  server.RaftServerConfigKeys (ConfUtils.java:logGet(46)) - raft.server.log.appender.buffer.byte-limit = 4MB (=4194304) (default)
2024-10-20 10:45:25,337 [s0-impl-thread1] INFO  server.RaftServerConfigKeys (ConfUtils.java:logGet(46)) - raft.server.log.unsafe-flush.enabled = false (default)
2024-10-20 10:45:25,337 [s0-impl-thread1] INFO  server.RaftServerConfigKeys (ConfUtils.java:logGet(46)) - raft.server.log.async-flush.enabled = false (default)
2024-10-20 10:45:25,337 [s0-impl-thread1] INFO  server.RaftServerConfigKeys (ConfUtils.java:logGet(46)) - raft.server.log.statemachine.data.caching.enabled = false (default)
2024-10-20 10:45:25,338 [s0-impl-thread1] INFO  segmented.SegmentedRaftLogWorker (SegmentedRaftLogWorker.java:lambda$new$0(139)) - s0@group-BE2C85CFCD31-SegmentedRaftLogWorker: flushIndex: setUnconditionally 0 -> -1
2024-10-20 10:45:25,338 [s0-impl-thread1] INFO  segmented.SegmentedRaftLogWorker (SegmentedRaftLogWorker.java:lambda$new$0(139)) - s0@group-BE2C85CFCD31-SegmentedRaftLogWorker: safeCacheEvictIndex: setUnconditionally 0 -> -1
2024-10-20 10:45:25,338 [s0-impl-thread1] INFO  server.RaftServer$Division (RaftServerImpl.java:start(393)) - s0@group-BE2C85CFCD31: start as a follower, conf=conf: {index: -1, cur=peers:[s0|localhost:15264, s1|localhost:15268]|listeners:[s2|localhost:15272], old=null}
2024-10-20 10:45:25,338 [s0-impl-thread1] INFO  server.RaftServer$Division (RaftServerImpl.java:setRole(380)) - s0@group-BE2C85CFCD31: changes role from      null to FOLLOWER at term 0 for startAsFollower
2024-10-20 10:45:25,338 [s0-impl-thread1] INFO  impl.RoleInfo (RoleInfo.java:updateAndGet(148)) - s0: start s0@group-BE2C85CFCD31-FollowerState
2024-10-20 10:45:25,338 [s0@group-BE2C85CFCD31-FollowerState] INFO  server.RaftServerConfigKeys (ConfUtils.java:logFallback(53)) - raft.server.rpc.first-election.timeout.min = 150ms (fallback to raft.server.rpc.timeout.min)
2024-10-20 10:45:25,338 [s0@group-BE2C85CFCD31-FollowerState] INFO  server.RaftServerConfigKeys (ConfUtils.java:logFallback(53)) - raft.server.rpc.first-election.timeout.max = 300ms (fallback to raft.server.rpc.timeout.max)
2024-10-20 10:45:25,338 [s0-impl-thread1] INFO  util.JmxRegister (JmxRegister.java:tryRegister(44)) - Successfully registered JMX Bean with object name Ratis:service=RaftServer,group=group-BE2C85CFCD31,id=s0
2024-10-20 10:45:25,338 [s0-impl-thread1] INFO  util.JmxRegister (JmxRegister.java:register(58)) - register mxBean class org.apache.ratis.server.impl.RaftServerJmxAdapter as Ratis:service=RaftServer,group=group-BE2C85CFCD31,id=s0
2024-10-20 10:45:25,338 [s0-impl-thread1] INFO  server.RaftServerConfigKeys (ConfUtils.java:logGet(46)) - raft.server.snapshot.trigger-when-stop.enabled = true (default)
2024-10-20 10:45:25,339 [s0-impl-thread1] INFO  server.RaftServerConfigKeys (ConfUtils.java:logGet(46)) - raft.server.snapshot.trigger-when-remove.enabled = true (default)
2024-10-20 10:45:25,339 [s0-impl-thread1] INFO  server.RaftServerConfigKeys (ConfUtils.java:logGet(46)) - raft.server.snapshot.auto.trigger.enabled = false (default)
2024-10-20 10:45:25,339 [s0-impl-thread1] INFO  server.RaftServerConfigKeys (ConfUtils.java:logGet(46)) - raft.server.snapshot.retention.file.num = -1 (default)
2024-10-20 10:45:25,339 [s0-impl-thread1] INFO  server.RaftServerConfigKeys (ConfUtils.java:logGet(46)) - raft.server.log.purge.upto.snapshot.index = false (default)
2024-10-20 10:45:25,339 [s0-impl-thread1] INFO  server.RaftServer$Division (RaftServerImpl.java:start(407)) - s0@group-BE2C85CFCD31: Successfully started.
2024-10-20 10:45:25,339 [main] INFO  server.RaftServer (RaftServerProxy.java:startImpl(408)) - s0: start RPC server
2024-10-20 10:45:25,340 [main] INFO  server.GrpcServicesImpl (GrpcServicesImpl.java:startImpl(353)) - s0: GrpcServicesImpl started, listening on 15266
2024-10-20 10:45:25,340 [main] INFO  server.GrpcServicesImpl (GrpcServicesImpl.java:startImpl(353)) - s0: GrpcServicesImpl started, listening on 15264
2024-10-20 10:45:25,340 [main] INFO  server.GrpcServicesImpl (GrpcServicesImpl.java:startImpl(353)) - s0: GrpcServicesImpl started, listening on 15265
2024-10-20 10:45:25,341 [s1-impl-thread1] INFO  server.RaftServerConfigKeys (ConfUtils.java:logGet(46)) - raft.server.storage.free-space.min = 0MB (=0) (default)
2024-10-20 10:45:25,341 [s1-impl-thread1] INFO  server.RaftServerConfigKeys (ConfUtils.java:logGet(46)) - raft.server.log.corruption.policy = EXCEPTION (default)
2024-10-20 10:45:25,341 [JvmPauseMonitor66] INFO  util.JvmPauseMonitor (JvmPauseMonitor.java:run(146)) - JvmPauseMonitor-s0: Started
2024-10-20 10:45:25,341 [s1-impl-thread1] INFO  server.RaftServerConfigKeys (ConfUtils.java:logGet(46)) - raft.server.storage.dir = [/home/runner/work/ratis/ratis/ratis-test/target/test/data/d69430f5/MiniRaftClusterWithGrpc3b7fc16/s1] (custom)
2024-10-20 10:45:25,341 [s1-impl-thread1] INFO  storage.RaftStorageDirectory (RaftStorageDirectoryImpl.java:analyzeStorage(138)) - The storage directory /home/runner/work/ratis/ratis/ratis-test/target/test/data/d69430f5/MiniRaftClusterWithGrpc3b7fc16/s1/d10150fe-6ee1-45cb-9931-be2c85cfcd31 does not exist. Creating ...
2024-10-20 10:45:25,341 [s1-impl-thread1] TRACE util.FileUtils (LogUtils.java:runAndLog(49)) - Successfully ran Files.createDirectories /home/runner/work/ratis/ratis/ratis-test/target/test/data/d69430f5/MiniRaftClusterWithGrpc3b7fc16/s1/d10150fe-6ee1-45cb-9931-be2c85cfcd31
2024-10-20 10:45:25,343 [s1-impl-thread1] INFO  storage.RaftStorageDirectory (RaftStorageDirectoryImpl.java:tryLock(229)) - Lock on /home/runner/work/ratis/ratis/ratis-test/target/test/data/d69430f5/MiniRaftClusterWithGrpc3b7fc16/s1/d10150fe-6ee1-45cb-9931-be2c85cfcd31/in_use.lock acquired by nodename 10902@fv-az889-899
2024-10-20 10:45:25,343 [s1-impl-thread1] TRACE util.FileUtils (LogUtils.java:runAndLog(49)) - Successfully ran Files.createDirectories /home/runner/work/ratis/ratis/ratis-test/target/test/data/d69430f5/MiniRaftClusterWithGrpc3b7fc16/s1/d10150fe-6ee1-45cb-9931-be2c85cfcd31/current
2024-10-20 10:45:25,343 [s1-impl-thread1] TRACE util.FileUtils (LogUtils.java:runAndLog(49)) - Successfully ran Files.createDirectories /home/runner/work/ratis/ratis/ratis-test/target/test/data/d69430f5/MiniRaftClusterWithGrpc3b7fc16/s1/d10150fe-6ee1-45cb-9931-be2c85cfcd31/sm
2024-10-20 10:45:25,343 [s1-impl-thread1] TRACE util.FileUtils (LogUtils.java:supplyAndLog(69)) - Successfully supplied FileChannel.open /home/runner/work/ratis/ratis/ratis-test/target/test/data/d69430f5/MiniRaftClusterWithGrpc3b7fc16/s1/d10150fe-6ee1-45cb-9931-be2c85cfcd31/current/raft-meta.tmp with options [CREATE, WRITE]: sun.nio.ch.FileChannelImpl@4c3210aa
2024-10-20 10:45:25,344 [s1-impl-thread1] TRACE util.FileUtils (LogUtils.java:runAndLog(49)) - Successfully ran Atomic Files.move /home/runner/work/ratis/ratis/ratis-test/target/test/data/d69430f5/MiniRaftClusterWithGrpc3b7fc16/s1/d10150fe-6ee1-45cb-9931-be2c85cfcd31/current/raft-meta.tmp to /home/runner/work/ratis/ratis/ratis-test/target/test/data/d69430f5/MiniRaftClusterWithGrpc3b7fc16/s1/d10150fe-6ee1-45cb-9931-be2c85cfcd31/current/raft-meta with options [REPLACE_EXISTING]
2024-10-20 10:45:25,344 [s1-impl-thread1] INFO  storage.RaftStorage (RaftStorageImpl.java:format(98)) - Storage directory /home/runner/work/ratis/ratis/ratis-test/target/test/data/d69430f5/MiniRaftClusterWithGrpc3b7fc16/s1/d10150fe-6ee1-45cb-9931-be2c85cfcd31 has been successfully formatted.
2024-10-20 10:45:25,344 [s1-impl-thread1] INFO  server.RaftServerConfigKeys (ConfUtils.java:logGet(46)) - raft.server.log.use.memory = false (default)
2024-10-20 10:45:25,344 [s1-impl-thread1] INFO  server.RaftServerConfigKeys (ConfUtils.java:logGet(46)) - raft.server.log.purge.gap = 1024 (default)
2024-10-20 10:45:25,344 [s1-impl-thread1] INFO  server.RaftServerConfigKeys (ConfUtils.java:logGet(46)) - raft.server.log.appender.buffer.byte-limit = 4MB (=4194304) (default)
2024-10-20 10:45:25,344 [s1-impl-thread1] INFO  server.RaftServerConfigKeys (ConfUtils.java:logGet(46)) - raft.server.log.statemachine.data.read.timeout = 1000ms (default)
2024-10-20 10:45:25,344 [s1-impl-thread1] INFO  server.RaftServerConfigKeys (ConfUtils.java:logGet(46)) - raft.server.log.purge.preservation.log.num = 0 (default)
2024-10-20 10:45:25,345 [s1-impl-thread1] INFO  server.RaftServerConfigKeys (ConfUtils.java:logGet(46)) - raft.server.log.segment.size.max = 32MB (=33554432) (default)
2024-10-20 10:45:25,345 [s1-impl-thread1] INFO  server.RaftServerConfigKeys (ConfUtils.java:logGet(46)) - raft.server.log.segment.cache.num.max = 6 (default)
2024-10-20 10:45:25,345 [s1-impl-thread1] INFO  server.RaftServerConfigKeys (ConfUtils.java:logGet(46)) - raft.server.log.segment.cache.size.max = 200MB (=209715200) (default)
2024-10-20 10:45:25,345 [s1-impl-thread1] INFO  server.RaftServerConfigKeys (ConfUtils.java:logGet(46)) - raft.server.log.appender.buffer.byte-limit = 4MB (=4194304) (default)
2024-10-20 10:45:25,345 [s1-impl-thread1] INFO  util.AwaitToRun (AwaitToRun.java:start(81)) - Thread[s1@group-BE2C85CFCD31-cacheEviction-AwaitToRun,5,main] started
2024-10-20 10:45:25,345 [s1-impl-thread1] INFO  segmented.SegmentedRaftLogWorker (SegmentedRaftLogWorker.java:<init>(188)) - new s1@group-BE2C85CFCD31-SegmentedRaftLogWorker for RaftStorageImpl:Storage Directory /home/runner/work/ratis/ratis/ratis-test/target/test/data/d69430f5/MiniRaftClusterWithGrpc3b7fc16/s1/d10150fe-6ee1-45cb-9931-be2c85cfcd31
2024-10-20 10:45:25,345 [s1-impl-thread1] INFO  server.RaftServerConfigKeys (ConfUtils.java:logGet(46)) - raft.server.log.queue.byte-limit = 64MB (=67108864) (default)
2024-10-20 10:45:25,345 [s1-impl-thread1] INFO  server.RaftServerConfigKeys (ConfUtils.java:logGet(46)) - raft.server.log.queue.element-limit = 4096 (default)
2024-10-20 10:45:25,345 [s1-impl-thread1] INFO  server.RaftServerConfigKeys (ConfUtils.java:logGet(46)) - raft.server.log.segment.size.max = 32MB (=33554432) (default)
2024-10-20 10:45:25,345 [s1-impl-thread1] INFO  server.RaftServerConfigKeys (ConfUtils.java:logGet(46)) - raft.server.log.preallocated.size = 4MB (=4194304) (default)
2024-10-20 10:45:25,345 [s1-impl-thread1] INFO  server.RaftServerConfigKeys (ConfUtils.java:logGet(46)) - raft.server.log.force.sync.num = 128 (default)
2024-10-20 10:45:25,345 [s1-impl-thread1] INFO  server.RaftServerConfigKeys (ConfUtils.java:logGet(46)) - raft.server.log.statemachine.data.sync = true (default)
2024-10-20 10:45:25,345 [s1-impl-thread1] INFO  server.RaftServerConfigKeys (ConfUtils.java:logGet(46)) - raft.server.log.statemachine.data.sync.timeout = 10s (default)
2024-10-20 10:45:25,345 [s1-impl-thread1] INFO  server.RaftServerConfigKeys (ConfUtils.java:logGet(46)) - raft.server.log.statemachine.data.sync.timeout.retry = -1 (default)
2024-10-20 10:45:25,345 [s1-impl-thread1] INFO  server.RaftServerConfigKeys (ConfUtils.java:logGet(46)) - raft.server.log.write.buffer.size = 8MB (=8388608) (default)
2024-10-20 10:45:25,346 [s1-impl-thread1] INFO  server.RaftServerConfigKeys (ConfUtils.java:logGet(46)) - raft.server.log.appender.buffer.byte-limit = 4MB (=4194304) (default)
2024-10-20 10:45:25,346 [s1-impl-thread1] INFO  server.RaftServerConfigKeys (ConfUtils.java:logGet(46)) - raft.server.log.unsafe-flush.enabled = false (default)
2024-10-20 10:45:25,346 [s1-impl-thread1] INFO  server.RaftServerConfigKeys (ConfUtils.java:logGet(46)) - raft.server.log.async-flush.enabled = false (default)
2024-10-20 10:45:25,346 [s1-impl-thread1] INFO  server.RaftServerConfigKeys (ConfUtils.java:logGet(46)) - raft.server.log.statemachine.data.caching.enabled = false (default)
2024-10-20 10:45:25,346 [s1-impl-thread1] INFO  segmented.SegmentedRaftLogWorker (SegmentedRaftLogWorker.java:lambda$new$0(139)) - s1@group-BE2C85CFCD31-SegmentedRaftLogWorker: flushIndex: setUnconditionally 0 -> -1
2024-10-20 10:45:25,346 [s1-impl-thread1] INFO  segmented.SegmentedRaftLogWorker (SegmentedRaftLogWorker.java:lambda$new$0(139)) - s1@group-BE2C85CFCD31-SegmentedRaftLogWorker: safeCacheEvictIndex: setUnconditionally 0 -> -1
2024-10-20 10:45:25,346 [s1-impl-thread1] INFO  server.RaftServer$Division (RaftServerImpl.java:start(393)) - s1@group-BE2C85CFCD31: start as a follower, conf=conf: {index: -1, cur=peers:[s0|localhost:15264, s1|localhost:15268]|listeners:[s2|localhost:15272], old=null}
2024-10-20 10:45:25,346 [s1-impl-thread1] INFO  server.RaftServer$Division (RaftServerImpl.java:setRole(380)) - s1@group-BE2C85CFCD31: changes role from      null to FOLLOWER at term 0 for startAsFollower
2024-10-20 10:45:25,346 [s1-impl-thread1] INFO  impl.RoleInfo (RoleInfo.java:updateAndGet(148)) - s1: start s1@group-BE2C85CFCD31-FollowerState
2024-10-20 10:45:25,346 [s1@group-BE2C85CFCD31-FollowerState] INFO  server.RaftServerConfigKeys (ConfUtils.java:logFallback(53)) - raft.server.rpc.first-election.timeout.min = 150ms (fallback to raft.server.rpc.timeout.min)
2024-10-20 10:45:25,346 [s1@group-BE2C85CFCD31-FollowerState] INFO  server.RaftServerConfigKeys (ConfUtils.java:logFallback(53)) - raft.server.rpc.first-election.timeout.max = 300ms (fallback to raft.server.rpc.timeout.max)
2024-10-20 10:45:25,346 [s1-impl-thread1] INFO  util.JmxRegister (JmxRegister.java:tryRegister(44)) - Successfully registered JMX Bean with object name Ratis:service=RaftServer,group=group-BE2C85CFCD31,id=s1
2024-10-20 10:45:25,347 [s1-impl-thread1] INFO  util.JmxRegister (JmxRegister.java:register(58)) - register mxBean class org.apache.ratis.server.impl.RaftServerJmxAdapter as Ratis:service=RaftServer,group=group-BE2C85CFCD31,id=s1
2024-10-20 10:45:25,347 [s1-impl-thread1] INFO  server.RaftServerConfigKeys (ConfUtils.java:logGet(46)) - raft.server.snapshot.trigger-when-stop.enabled = true (default)
2024-10-20 10:45:25,347 [s1-impl-thread1] INFO  server.RaftServerConfigKeys (ConfUtils.java:logGet(46)) - raft.server.snapshot.trigger-when-remove.enabled = true (default)
2024-10-20 10:45:25,347 [s1-impl-thread1] INFO  server.RaftServerConfigKeys (ConfUtils.java:logGet(46)) - raft.server.snapshot.auto.trigger.enabled = false (default)
2024-10-20 10:45:25,347 [s1-impl-thread1] INFO  server.RaftServerConfigKeys (ConfUtils.java:logGet(46)) - raft.server.snapshot.retention.file.num = -1 (default)
2024-10-20 10:45:25,347 [s1-impl-thread1] INFO  server.RaftServerConfigKeys (ConfUtils.java:logGet(46)) - raft.server.log.purge.upto.snapshot.index = false (default)
2024-10-20 10:45:25,347 [s1-impl-thread1] INFO  server.RaftServer$Division (RaftServerImpl.java:start(407)) - s1@group-BE2C85CFCD31: Successfully started.
2024-10-20 10:45:25,351 [main] INFO  server.RaftServer (RaftServerProxy.java:startImpl(408)) - s1: start RPC server
2024-10-20 10:45:25,351 [main] INFO  server.GrpcServicesImpl (GrpcServicesImpl.java:startImpl(353)) - s1: GrpcServicesImpl started, listening on 15270
2024-10-20 10:45:25,351 [main] INFO  server.GrpcServicesImpl (GrpcServicesImpl.java:startImpl(353)) - s1: GrpcServicesImpl started, listening on 15268
2024-10-20 10:45:25,352 [main] INFO  server.GrpcServicesImpl (GrpcServicesImpl.java:startImpl(353)) - s1: GrpcServicesImpl started, listening on 15269
2024-10-20 10:45:25,352 [s2-impl-thread1] INFO  server.RaftServerConfigKeys (ConfUtils.java:logGet(46)) - raft.server.storage.free-space.min = 0MB (=0) (default)
2024-10-20 10:45:25,352 [s2-impl-thread1] INFO  server.RaftServerConfigKeys (ConfUtils.java:logGet(46)) - raft.server.log.corruption.policy = EXCEPTION (default)
2024-10-20 10:45:25,352 [JvmPauseMonitor67] INFO  util.JvmPauseMonitor (JvmPauseMonitor.java:run(146)) - JvmPauseMonitor-s1: Started
2024-10-20 10:45:25,352 [s2-impl-thread1] INFO  server.RaftServerConfigKeys (ConfUtils.java:logGet(46)) - raft.server.storage.dir = [/home/runner/work/ratis/ratis/ratis-test/target/test/data/d69430f5/MiniRaftClusterWithGrpc3b7fc16/s2] (custom)
2024-10-20 10:45:25,352 [s2-impl-thread1] INFO  storage.RaftStorageDirectory (RaftStorageDirectoryImpl.java:analyzeStorage(138)) - The storage directory /home/runner/work/ratis/ratis/ratis-test/target/test/data/d69430f5/MiniRaftClusterWithGrpc3b7fc16/s2/d10150fe-6ee1-45cb-9931-be2c85cfcd31 does not exist. Creating ...
2024-10-20 10:45:25,352 [s2-impl-thread1] TRACE util.FileUtils (LogUtils.java:runAndLog(49)) - Successfully ran Files.createDirectories /home/runner/work/ratis/ratis/ratis-test/target/test/data/d69430f5/MiniRaftClusterWithGrpc3b7fc16/s2/d10150fe-6ee1-45cb-9931-be2c85cfcd31
2024-10-20 10:45:25,354 [s2-impl-thread1] INFO  storage.RaftStorageDirectory (RaftStorageDirectoryImpl.java:tryLock(229)) - Lock on /home/runner/work/ratis/ratis/ratis-test/target/test/data/d69430f5/MiniRaftClusterWithGrpc3b7fc16/s2/d10150fe-6ee1-45cb-9931-be2c85cfcd31/in_use.lock acquired by nodename 10902@fv-az889-899
2024-10-20 10:45:25,354 [s2-impl-thread1] TRACE util.FileUtils (LogUtils.java:runAndLog(49)) - Successfully ran Files.createDirectories /home/runner/work/ratis/ratis/ratis-test/target/test/data/d69430f5/MiniRaftClusterWithGrpc3b7fc16/s2/d10150fe-6ee1-45cb-9931-be2c85cfcd31/current
2024-10-20 10:45:25,354 [s2-impl-thread1] TRACE util.FileUtils (LogUtils.java:runAndLog(49)) - Successfully ran Files.createDirectories /home/runner/work/ratis/ratis/ratis-test/target/test/data/d69430f5/MiniRaftClusterWithGrpc3b7fc16/s2/d10150fe-6ee1-45cb-9931-be2c85cfcd31/sm
2024-10-20 10:45:25,354 [s2-impl-thread1] TRACE util.FileUtils (LogUtils.java:supplyAndLog(69)) - Successfully supplied FileChannel.open /home/runner/work/ratis/ratis/ratis-test/target/test/data/d69430f5/MiniRaftClusterWithGrpc3b7fc16/s2/d10150fe-6ee1-45cb-9931-be2c85cfcd31/current/raft-meta.tmp with options [CREATE, WRITE]: sun.nio.ch.FileChannelImpl@65678947
2024-10-20 10:45:25,355 [s2-impl-thread1] TRACE util.FileUtils (LogUtils.java:runAndLog(49)) - Successfully ran Atomic Files.move /home/runner/work/ratis/ratis/ratis-test/target/test/data/d69430f5/MiniRaftClusterWithGrpc3b7fc16/s2/d10150fe-6ee1-45cb-9931-be2c85cfcd31/current/raft-meta.tmp to /home/runner/work/ratis/ratis/ratis-test/target/test/data/d69430f5/MiniRaftClusterWithGrpc3b7fc16/s2/d10150fe-6ee1-45cb-9931-be2c85cfcd31/current/raft-meta with options [REPLACE_EXISTING]
2024-10-20 10:45:25,355 [s2-impl-thread1] INFO  storage.RaftStorage (RaftStorageImpl.java:format(98)) - Storage directory /home/runner/work/ratis/ratis/ratis-test/target/test/data/d69430f5/MiniRaftClusterWithGrpc3b7fc16/s2/d10150fe-6ee1-45cb-9931-be2c85cfcd31 has been successfully formatted.
2024-10-20 10:45:25,355 [s2-impl-thread1] INFO  server.RaftServerConfigKeys (ConfUtils.java:logGet(46)) - raft.server.log.use.memory = false (default)
2024-10-20 10:45:25,355 [s2-impl-thread1] INFO  server.RaftServerConfigKeys (ConfUtils.java:logGet(46)) - raft.server.log.purge.gap = 1024 (default)
2024-10-20 10:45:25,355 [s2-impl-thread1] INFO  server.RaftServerConfigKeys (ConfUtils.java:logGet(46)) - raft.server.log.appender.buffer.byte-limit = 4MB (=4194304) (default)
2024-10-20 10:45:25,355 [s2-impl-thread1] INFO  server.RaftServerConfigKeys (ConfUtils.java:logGet(46)) - raft.server.log.statemachine.data.read.timeout = 1000ms (default)
2024-10-20 10:45:25,356 [s2-impl-thread1] INFO  server.RaftServerConfigKeys (ConfUtils.java:logGet(46)) - raft.server.log.purge.preservation.log.num = 0 (default)
2024-10-20 10:45:25,356 [s2-impl-thread1] INFO  server.RaftServerConfigKeys (ConfUtils.java:logGet(46)) - raft.server.log.segment.size.max = 32MB (=33554432) (default)
2024-10-20 10:45:25,356 [s2-impl-thread1] INFO  server.RaftServerConfigKeys (ConfUtils.java:logGet(46)) - raft.server.log.segment.cache.num.max = 6 (default)
2024-10-20 10:45:25,356 [s2-impl-thread1] INFO  server.RaftServerConfigKeys (ConfUtils.java:logGet(46)) - raft.server.log.segment.cache.size.max = 200MB (=209715200) (default)
2024-10-20 10:45:25,356 [s2-impl-thread1] INFO  server.RaftServerConfigKeys (ConfUtils.java:logGet(46)) - raft.server.log.appender.buffer.byte-limit = 4MB (=4194304) (default)
2024-10-20 10:45:25,356 [s2-impl-thread1] INFO  util.AwaitToRun (AwaitToRun.java:start(81)) - Thread[s2@group-BE2C85CFCD31-cacheEviction-AwaitToRun,5,main] started
2024-10-20 10:45:25,356 [s2-impl-thread1] INFO  segmented.SegmentedRaftLogWorker (SegmentedRaftLogWorker.java:<init>(188)) - new s2@group-BE2C85CFCD31-SegmentedRaftLogWorker for RaftStorageImpl:Storage Directory /home/runner/work/ratis/ratis/ratis-test/target/test/data/d69430f5/MiniRaftClusterWithGrpc3b7fc16/s2/d10150fe-6ee1-45cb-9931-be2c85cfcd31
2024-10-20 10:45:25,356 [s2-impl-thread1] INFO  server.RaftServerConfigKeys (ConfUtils.java:logGet(46)) - raft.server.log.queue.byte-limit = 64MB (=67108864) (default)
2024-10-20 10:45:25,356 [s2-impl-thread1] INFO  server.RaftServerConfigKeys (ConfUtils.java:logGet(46)) - raft.server.log.queue.element-limit = 4096 (default)
2024-10-20 10:45:25,356 [s2-impl-thread1] INFO  server.RaftServerConfigKeys (ConfUtils.java:logGet(46)) - raft.server.log.segment.size.max = 32MB (=33554432) (default)
2024-10-20 10:45:25,356 [s2-impl-thread1] INFO  server.RaftServerConfigKeys (ConfUtils.java:logGet(46)) - raft.server.log.preallocated.size = 4MB (=4194304) (default)
2024-10-20 10:45:25,356 [s2-impl-thread1] INFO  server.RaftServerConfigKeys (ConfUtils.java:logGet(46)) - raft.server.log.force.sync.num = 128 (default)
2024-10-20 10:45:25,356 [s2-impl-thread1] INFO  server.RaftServerConfigKeys (ConfUtils.java:logGet(46)) - raft.server.log.statemachine.data.sync = true (default)
2024-10-20 10:45:25,356 [s2-impl-thread1] INFO  server.RaftServerConfigKeys (ConfUtils.java:logGet(46)) - raft.server.log.statemachine.data.sync.timeout = 10s (default)
2024-10-20 10:45:25,356 [s2-impl-thread1] INFO  server.RaftServerConfigKeys (ConfUtils.java:logGet(46)) - raft.server.log.statemachine.data.sync.timeout.retry = -1 (default)
2024-10-20 10:45:25,356 [s2-impl-thread1] INFO  server.RaftServerConfigKeys (ConfUtils.java:logGet(46)) - raft.server.log.write.buffer.size = 8MB (=8388608) (default)
2024-10-20 10:45:25,357 [s2-impl-thread1] INFO  server.RaftServerConfigKeys (ConfUtils.java:logGet(46)) - raft.server.log.appender.buffer.byte-limit = 4MB (=4194304) (default)
2024-10-20 10:45:25,357 [s2-impl-thread1] INFO  server.RaftServerConfigKeys (ConfUtils.java:logGet(46)) - raft.server.log.unsafe-flush.enabled = false (default)
2024-10-20 10:45:25,357 [s2-impl-thread1] INFO  server.RaftServerConfigKeys (ConfUtils.java:logGet(46)) - raft.server.log.async-flush.enabled = false (default)
2024-10-20 10:45:25,357 [s2-impl-thread1] INFO  server.RaftServerConfigKeys (ConfUtils.java:logGet(46)) - raft.server.log.statemachine.data.caching.enabled = false (default)
2024-10-20 10:45:25,357 [s2-impl-thread1] INFO  segmented.SegmentedRaftLogWorker (SegmentedRaftLogWorker.java:lambda$new$0(139)) - s2@group-BE2C85CFCD31-SegmentedRaftLogWorker: flushIndex: setUnconditionally 0 -> -1
2024-10-20 10:45:25,357 [s2-impl-thread1] INFO  segmented.SegmentedRaftLogWorker (SegmentedRaftLogWorker.java:lambda$new$0(139)) - s2@group-BE2C85CFCD31-SegmentedRaftLogWorker: safeCacheEvictIndex: setUnconditionally 0 -> -1
2024-10-20 10:45:25,357 [s2-impl-thread1] INFO  server.RaftServer$Division (RaftServerImpl.java:start(396)) - s2@group-BE2C85CFCD31: start as a listener, conf=conf: {index: -1, cur=peers:[s0|localhost:15264, s1|localhost:15268]|listeners:[s2|localhost:15272], old=null}
2024-10-20 10:45:25,357 [s2-impl-thread1] INFO  server.RaftServer$Division (RaftServerImpl.java:setRole(380)) - s2@group-BE2C85CFCD31: changes role from      null to LISTENER at term 0 for startAsListener
2024-10-20 10:45:25,357 [s2-impl-thread1] INFO  impl.RoleInfo (RoleInfo.java:updateAndGet(148)) - s2: start s2@group-BE2C85CFCD31-FollowerState
2024-10-20 10:45:25,357 [s2-impl-thread1] INFO  util.JmxRegister (JmxRegister.java:tryRegister(44)) - Successfully registered JMX Bean with object name Ratis:service=RaftServer,group=group-BE2C85CFCD31,id=s2
2024-10-20 10:45:25,357 [s2-impl-thread1] INFO  util.JmxRegister (JmxRegister.java:register(58)) - register mxBean class org.apache.ratis.server.impl.RaftServerJmxAdapter as Ratis:service=RaftServer,group=group-BE2C85CFCD31,id=s2
2024-10-20 10:45:25,357 [s2@group-BE2C85CFCD31-FollowerState] INFO  server.RaftServerConfigKeys (ConfUtils.java:logFallback(53)) - raft.server.rpc.first-election.timeout.min = 150ms (fallback to raft.server.rpc.timeout.min)
2024-10-20 10:45:25,358 [s2-impl-thread1] INFO  server.RaftServerConfigKeys (ConfUtils.java:logGet(46)) - raft.server.snapshot.trigger-when-stop.enabled = true (default)
2024-10-20 10:45:25,358 [s2@group-BE2C85CFCD31-FollowerState] INFO  server.RaftServerConfigKeys (ConfUtils.java:logFallback(53)) - raft.server.rpc.first-election.timeout.max = 300ms (fallback to raft.server.rpc.timeout.max)
2024-10-20 10:45:25,358 [s2-impl-thread1] INFO  server.RaftServerConfigKeys (ConfUtils.java:logGet(46)) - raft.server.snapshot.trigger-when-remove.enabled = true (default)
2024-10-20 10:45:25,358 [s2-impl-thread1] INFO  server.RaftServerConfigKeys (ConfUtils.java:logGet(46)) - raft.server.snapshot.auto.trigger.enabled = false (default)
2024-10-20 10:45:25,358 [s2-impl-thread1] INFO  server.RaftServerConfigKeys (ConfUtils.java:logGet(46)) - raft.server.snapshot.retention.file.num = -1 (default)
2024-10-20 10:45:25,358 [s2-impl-thread1] INFO  server.RaftServerConfigKeys (ConfUtils.java:logGet(46)) - raft.server.log.purge.upto.snapshot.index = false (default)
2024-10-20 10:45:25,358 [s2-impl-thread1] INFO  server.RaftServer$Division (RaftServerImpl.java:start(407)) - s2@group-BE2C85CFCD31: Successfully started.
2024-10-20 10:45:25,358 [main] INFO  server.RaftServer (RaftServerProxy.java:startImpl(408)) - s2: start RPC server
2024-10-20 10:45:25,358 [main] INFO  server.GrpcServicesImpl (GrpcServicesImpl.java:startImpl(353)) - s2: GrpcServicesImpl started, listening on 15274
2024-10-20 10:45:25,358 [main] INFO  server.GrpcServicesImpl (GrpcServicesImpl.java:startImpl(353)) - s2: GrpcServicesImpl started, listening on 15272
2024-10-20 10:45:25,359 [main] INFO  server.GrpcServicesImpl (GrpcServicesImpl.java:startImpl(353)) - s2: GrpcServicesImpl started, listening on 15273
2024-10-20 10:45:25,359 [JvmPauseMonitor68] INFO  util.JvmPauseMonitor (JvmPauseMonitor.java:run(146)) - JvmPauseMonitor-s2: Started
2024-10-20 10:45:25,359 [main] INFO  server.RaftServerConfigKeys (ConfUtils.java:logGet(46)) - raft.server.rpc.timeout.max = 300ms (default)
2024-10-20 10:45:25,359 [main] INFO  ratis.RaftTestUtil (RaftTestUtil.java:waitForLeader(107)) - printing ALL groups
  s0:  RUNNING  FOLLOWER s0@group-BE2C85CFCD31:t0, leader=null, voted=, raftlog=Memoized:s0@group-BE2C85CFCD31-SegmentedRaftLog:OPENED:c-1:lastnull, conf=conf: {index: -1, cur=peers:[s0|localhost:15264, s1|localhost:15268]|listeners:[s2|localhost:15272], old=null} RUNNING
  s1:  RUNNING  FOLLOWER s1@group-BE2C85CFCD31:t0, leader=null, voted=, raftlog=Memoized:s1@group-BE2C85CFCD31-SegmentedRaftLog:OPENED:c-1:lastnull, conf=conf: {index: -1, cur=peers:[s0|localhost:15264, s1|localhost:15268]|listeners:[s2|localhost:15272], old=null} RUNNING
  s2:  RUNNING  LISTENER s2@group-BE2C85CFCD31:t0, leader=null, voted=, raftlog=Memoized:s2@group-BE2C85CFCD31-SegmentedRaftLog:OPENED:c-1:lastnull, conf=conf: {index: -1, cur=peers:[s0|localhost:15264, s1|localhost:15268]|listeners:[s2|localhost:15272], old=null} RUNNING
2024-10-20 10:45:25,359 [main] WARN  ratis.RaftTestUtil (RaftTestUtil.java:lambda$waitForLeader$3(126)) - Attempt #1 failed: java.lang.IllegalStateException: No leader yet : printing ALL groups
  s0:  RUNNING  FOLLOWER s0@group-BE2C85CFCD31:t0, leader=null, voted=, raftlog=Memoized:s0@group-BE2C85CFCD31-SegmentedRaftLog:OPENED:c-1:lastnull, conf=conf: {index: -1, cur=peers:[s0|localhost:15264, s1|localhost:15268]|listeners:[s2|localhost:15272], old=null} RUNNING
  s1:  RUNNING  FOLLOWER s1@group-BE2C85CFCD31:t0, leader=null, voted=, raftlog=Memoized:s1@group-BE2C85CFCD31-SegmentedRaftLog:OPENED:c-1:lastnull, conf=conf: {index: -1, cur=peers:[s0|localhost:15264, s1|localhost:15268]|listeners:[s2|localhost:15272], old=null} RUNNING
  s2:  RUNNING  LISTENER s2@group-BE2C85CFCD31:t0, leader=null, voted=, raftlog=Memoized:s2@group-BE2C85CFCD31-SegmentedRaftLog:OPENED:c-1:lastnull, conf=conf: {index: -1, cur=peers:[s0|localhost:15264, s1|localhost:15268]|listeners:[s2|localhost:15272], old=null} RUNNING
2024-10-20 10:45:25,510 [s1@group-BE2C85CFCD31-FollowerState] INFO  impl.FollowerState (FollowerState.java:runImpl(161)) - s1@group-BE2C85CFCD31-FollowerState: change to CANDIDATE, lastRpcElapsedTime:163429033ns, electionTimeout:163ms
2024-10-20 10:45:25,510 [s1@group-BE2C85CFCD31-FollowerState] INFO  impl.RoleInfo (RoleInfo.java:shutdownFollowerState(121)) - s1: shutdown s1@group-BE2C85CFCD31-FollowerState
2024-10-20 10:45:25,510 [s1@group-BE2C85CFCD31-FollowerState] INFO  server.RaftServer$Division (RaftServerImpl.java:setRole(380)) - s1@group-BE2C85CFCD31: changes role from  FOLLOWER to CANDIDATE at term 0 for changeToCandidate
2024-10-20 10:45:25,510 [s1@group-BE2C85CFCD31-FollowerState] INFO  server.RaftServerConfigKeys (ConfUtils.java:logGet(46)) - raft.server.leaderelection.pre-vote = true (default)
2024-10-20 10:45:25,510 [s1@group-BE2C85CFCD31-FollowerState] INFO  impl.RoleInfo (RoleInfo.java:updateAndGet(148)) - s1: start s1@group-BE2C85CFCD31-LeaderElection81
2024-10-20 10:45:25,510 [s1@group-BE2C85CFCD31-LeaderElection81] INFO  impl.LeaderElection (LeaderElection.java:askForVotes(333)) - s1@group-BE2C85CFCD31-LeaderElection81 PRE_VOTE round 0: submit vote requests at term 0 for conf: {index: -1, cur=peers:[s0|localhost:15264, s1|localhost:15268]|listeners:[s2|localhost:15272], old=null}
2024-10-20 10:45:25,510 [s1@group-BE2C85CFCD31-LeaderElection81] INFO  server.RaftServerConfigKeys (ConfUtils.java:logFallback(53)) - raft.server.rpc.first-election.timeout.min = 150ms (fallback to raft.server.rpc.timeout.min)
2024-10-20 10:45:25,511 [s1@group-BE2C85CFCD31-LeaderElection81] INFO  server.RaftServerConfigKeys (ConfUtils.java:logFallback(53)) - raft.server.rpc.first-election.timeout.max = 300ms (fallback to raft.server.rpc.timeout.max)
2024-10-20 10:45:25,511 [s1@group-BE2C85CFCD31-LeaderElection81-1] INFO  server.GrpcServerProtocolClient (GrpcServerProtocolClient.java:<init>(65)) - Build channel for s0|localhost:15264
2024-10-20 10:45:25,515 [grpc-default-executor-0] INFO  server.RaftServer$Division (RaftServerImpl.java:requestVote(1447)) - s0@group-BE2C85CFCD31: receive requestVote(PRE_VOTE, s1, group-BE2C85CFCD31, 0, (t:0, i:0))
2024-10-20 10:45:25,515 [grpc-default-executor-0] INFO  impl.VoteContext (VoteContext.java:log(49)) - s0@group-BE2C85CFCD31-FOLLOWER: accept PRE_VOTE from s1: our priority 0 <= candidate's priority 0
2024-10-20 10:45:25,515 [grpc-default-executor-0] INFO  server.RaftServer$Division (RaftServerImpl.java:requestVote(1480)) - s0@group-BE2C85CFCD31 replies to PRE_VOTE vote request: s1<-s0#0:OK-t0. Peer's state: s0@group-BE2C85CFCD31:t0, leader=null, voted=, raftlog=Memoized:s0@group-BE2C85CFCD31-SegmentedRaftLog:OPENED:c-1:lastnull, conf=conf: {index: -1, cur=peers:[s0|localhost:15264, s1|localhost:15268]|listeners:[s2|localhost:15272], old=null}
2024-10-20 10:45:25,516 [s1@group-BE2C85CFCD31-LeaderElection81] INFO  impl.LeaderElection (LeaderElection.java:logAndReturn(90)) - s1@group-BE2C85CFCD31-LeaderElection81: PRE_VOTE PASSED received 1 response(s) and 0 exception(s):
2024-10-20 10:45:25,516 [s1@group-BE2C85CFCD31-LeaderElection81] INFO  impl.LeaderElection (LeaderElection.java:logAndReturn(94)) -   Response 0: s1<-s0#0:OK-t0
2024-10-20 10:45:25,516 [s1@group-BE2C85CFCD31-LeaderElection81] INFO  impl.LeaderElection (LeaderElection.java:askForVotes(335)) - s1@group-BE2C85CFCD31-LeaderElection81 PRE_VOTE round 0: result PASSED
2024-10-20 10:45:25,516 [s1@group-BE2C85CFCD31-LeaderElection81] TRACE util.FileUtils (LogUtils.java:supplyAndLog(69)) - Successfully supplied FileChannel.open /home/runner/work/ratis/ratis/ratis-test/target/test/data/d69430f5/MiniRaftClusterWithGrpc3b7fc16/s1/d10150fe-6ee1-45cb-9931-be2c85cfcd31/current/raft-meta.tmp with options [CREATE, WRITE]: sun.nio.ch.FileChannelImpl@5141032b
2024-10-20 10:45:25,517 [s1@group-BE2C85CFCD31-LeaderElection81] TRACE util.FileUtils (LogUtils.java:runAndLog(49)) - Successfully ran Atomic Files.move /home/runner/work/ratis/ratis/ratis-test/target/test/data/d69430f5/MiniRaftClusterWithGrpc3b7fc16/s1/d10150fe-6ee1-45cb-9931-be2c85cfcd31/current/raft-meta.tmp to /home/runner/work/ratis/ratis/ratis-test/target/test/data/d69430f5/MiniRaftClusterWithGrpc3b7fc16/s1/d10150fe-6ee1-45cb-9931-be2c85cfcd31/current/raft-meta with options [REPLACE_EXISTING]
2024-10-20 10:45:25,517 [s1@group-BE2C85CFCD31-LeaderElection81] INFO  impl.LeaderElection (LeaderElection.java:askForVotes(333)) - s1@group-BE2C85CFCD31-LeaderElection81 ELECTION round 0: submit vote requests at term 1 for conf: {index: -1, cur=peers:[s0|localhost:15264, s1|localhost:15268]|listeners:[s2|localhost:15272], old=null}
2024-10-20 10:45:25,517 [s1@group-BE2C85CFCD31-LeaderElection81] INFO  server.RaftServerConfigKeys (ConfUtils.java:logFallback(53)) - raft.server.rpc.first-election.timeout.min = 150ms (fallback to raft.server.rpc.timeout.min)
2024-10-20 10:45:25,517 [s1@group-BE2C85CFCD31-LeaderElection81] INFO  server.RaftServerConfigKeys (ConfUtils.java:logFallback(53)) - raft.server.rpc.first-election.timeout.max = 300ms (fallback to raft.server.rpc.timeout.max)
2024-10-20 10:45:25,518 [grpc-default-executor-0] INFO  server.RaftServer$Division (RaftServerImpl.java:requestVote(1447)) - s0@group-BE2C85CFCD31: receive requestVote(ELECTION, s1, group-BE2C85CFCD31, 1, (t:0, i:0))
2024-10-20 10:45:25,518 [grpc-default-executor-0] INFO  impl.VoteContext (VoteContext.java:log(49)) - s0@group-BE2C85CFCD31-FOLLOWER: accept ELECTION from s1: our priority 0 <= candidate's priority 0
2024-10-20 10:45:25,518 [grpc-default-executor-0] INFO  server.RaftServer$Division (RaftServerImpl.java:setRole(380)) - s0@group-BE2C85CFCD31: changes role from  FOLLOWER to FOLLOWER at term 0 for candidate:s1
2024-10-20 10:45:25,518 [grpc-default-executor-0] INFO  impl.RoleInfo (RoleInfo.java:shutdownFollowerState(121)) - s0: shutdown s0@group-BE2C85CFCD31-FollowerState
2024-10-20 10:45:25,518 [grpc-default-executor-0] INFO  impl.RoleInfo (RoleInfo.java:updateAndGet(148)) - s0: start s0@group-BE2C85CFCD31-FollowerState
2024-10-20 10:45:25,518 [s0@group-BE2C85CFCD31-FollowerState] INFO  impl.FollowerState (FollowerState.java:runImpl(170)) - s0@group-BE2C85CFCD31-FollowerState was interrupted
2024-10-20 10:45:25,518 [grpc-default-executor-0] INFO  server.RaftServer$Division (RaftServerImpl.java:setFirstElection(564)) - s0@group-BE2C85CFCD31: set firstElectionSinceStartup to false for candidate:s1
2024-10-20 10:45:25,518 [grpc-default-executor-0] TRACE util.FileUtils (LogUtils.java:supplyAndLog(69)) - Successfully supplied FileChannel.open /home/runner/work/ratis/ratis/ratis-test/target/test/data/d69430f5/MiniRaftClusterWithGrpc3b7fc16/s0/d10150fe-6ee1-45cb-9931-be2c85cfcd31/current/raft-meta.tmp with options [CREATE, WRITE]: sun.nio.ch.FileChannelImpl@4c0e84cc
2024-10-20 10:45:25,519 [grpc-default-executor-0] TRACE util.FileUtils (LogUtils.java:runAndLog(49)) - Successfully ran Atomic Files.move /home/runner/work/ratis/ratis/ratis-test/target/test/data/d69430f5/MiniRaftClusterWithGrpc3b7fc16/s0/d10150fe-6ee1-45cb-9931-be2c85cfcd31/current/raft-meta.tmp to /home/runner/work/ratis/ratis/ratis-test/target/test/data/d69430f5/MiniRaftClusterWithGrpc3b7fc16/s0/d10150fe-6ee1-45cb-9931-be2c85cfcd31/current/raft-meta with options [REPLACE_EXISTING]
2024-10-20 10:45:25,519 [grpc-default-executor-0] INFO  server.RaftServer$Division (RaftServerImpl.java:requestVote(1480)) - s0@group-BE2C85CFCD31 replies to ELECTION vote request: s1<-s0#0:OK-t1. Peer's state: s0@group-BE2C85CFCD31:t1, leader=null, voted=s1, raftlog=Memoized:s0@group-BE2C85CFCD31-SegmentedRaftLog:OPENED:c-1:lastnull, conf=conf: {index: -1, cur=peers:[s0|localhost:15264, s1|localhost:15268]|listeners:[s2|localhost:15272], old=null}
2024-10-20 10:45:25,520 [s1@group-BE2C85CFCD31-LeaderElection81] INFO  impl.LeaderElection (LeaderElection.java:logAndReturn(90)) - s1@group-BE2C85CFCD31-LeaderElection81: ELECTION PASSED received 1 response(s) and 0 exception(s):
2024-10-20 10:45:25,520 [s1@group-BE2C85CFCD31-LeaderElection81] INFO  impl.LeaderElection (LeaderElection.java:logAndReturn(94)) -   Response 0: s1<-s0#0:OK-t1
2024-10-20 10:45:25,520 [s1@group-BE2C85CFCD31-LeaderElection81] INFO  impl.LeaderElection (LeaderElection.java:askForVotes(335)) - s1@group-BE2C85CFCD31-LeaderElection81 ELECTION round 0: result PASSED
2024-10-20 10:45:25,520 [s1@group-BE2C85CFCD31-LeaderElection81] INFO  impl.RoleInfo (RoleInfo.java:shutdownLeaderElection(141)) - s1: shutdown s1@group-BE2C85CFCD31-LeaderElection81
2024-10-20 10:45:25,520 [s1@group-BE2C85CFCD31-LeaderElection81] INFO  server.RaftServer$Division (RaftServerImpl.java:setRole(380)) - s1@group-BE2C85CFCD31: changes role from CANDIDATE to LEADER at term 1 for changeToLeader
2024-10-20 10:45:25,520 [s1@group-BE2C85CFCD31-LeaderElection81] INFO  server.RaftServerConfigKeys (ConfUtils.java:logGet(46)) - raft.server.staging.catchup.gap = 1000 (default)
2024-10-20 10:45:25,520 [s1@group-BE2C85CFCD31-LeaderElection81] INFO  server.RaftServerConfigKeys (ConfUtils.java:logGet(46)) - raft.server.write.element-limit = 4096 (default)
2024-10-20 10:45:25,520 [s1@group-BE2C85CFCD31-LeaderElection81] INFO  server.RaftServerConfigKeys (ConfUtils.java:logGet(46)) - raft.server.write.byte-limit = 64MB (=67108864) (default)
2024-10-20 10:45:25,520 [s1@group-BE2C85CFCD31-LeaderElection81] INFO  server.RaftServerConfigKeys (ConfUtils.java:logGet(46)) - raft.server.watch.timeout = 10s (default)
2024-10-20 10:45:25,520 [s1@group-BE2C85CFCD31-LeaderElection81] INFO  server.RaftServerConfigKeys (ConfUtils.java:logGet(46)) - raft.server.watch.timeout.denomination = 1s (default)
2024-10-20 10:45:25,520 [s1@group-BE2C85CFCD31-LeaderElection81] INFO  server.RaftServerConfigKeys (ConfUtils.java:logGet(46)) - raft.server.watch.element-limit = 65536 (default)
2024-10-20 10:45:25,520 [s1@group-BE2C85CFCD31-LeaderElection81] INFO  server.RaftServerConfigKeys (ConfUtils.java:logGet(46)) - raft.server.read.leader.lease.enabled = true (custom)
2024-10-20 10:45:25,520 [s1@group-BE2C85CFCD31-LeaderElection81] INFO  server.RaftServerConfigKeys (ConfUtils.java:logGet(46)) - raft.server.read.leader.lease.timeout.ratio = 0.5 (custom)
2024-10-20 10:45:25,520 [s1@group-BE2C85CFCD31-LeaderElection81] INFO  server.RaftServerConfigKeys (ConfUtils.java:logGet(46)) - raft.server.rpc.timeout.min = 150ms (default)
2024-10-20 10:45:25,520 [s1@group-BE2C85CFCD31-LeaderElection81] INFO  server.RaftServerConfigKeys (ConfUtils.java:logGet(46)) - raft.server.log.log-metadata.enabled = true (default)
2024-10-20 10:45:25,520 [s1@group-BE2C85CFCD31-LeaderElection81] INFO  server.RaftServerConfigKeys (ConfUtils.java:logGet(46)) - raft.server.write.element-limit = 4096 (default)
2024-10-20 10:45:25,521 [s1@group-BE2C85CFCD31-LeaderElection81] INFO  server.RaftServerConfigKeys (ConfUtils.java:logGet(46)) - raft.server.write.follower.gap.ratio.max = -1.0 (default)
2024-10-20 10:45:25,521 [s1@group-BE2C85CFCD31-LeaderElection81] INFO  server.RaftServerConfigKeys (ConfUtils.java:logGet(46)) - raft.server.log.appender.snapshot.chunk.size.max = 16MB (=16777216) (default)
2024-10-20 10:45:25,521 [s1@group-BE2C85CFCD31-LeaderElection81] INFO  server.RaftServerConfigKeys (ConfUtils.java:logGet(46)) - raft.server.log.appender.buffer.byte-limit = 4MB (=4194304) (default)
2024-10-20 10:45:25,521 [s1@group-BE2C85CFCD31-LeaderElection81] INFO  server.RaftServerConfigKeys (ConfUtils.java:logGet(46)) - raft.server.log.appender.buffer.element-limit = 0 (default)
2024-10-20 10:45:25,521 [s1@group-BE2C85CFCD31-LeaderElection81] INFO  server.RaftServerConfigKeys (ConfUtils.java:logGet(46)) - raft.server.log.appender.wait-time.min = 1ms (default)
2024-10-20 10:45:25,521 [s1@group-BE2C85CFCD31-LeaderElection81] INFO  grpc.GrpcConfigKeys (ConfUtils.java:logGet(46)) - raft.grpc.server.leader.outstanding.appends.max = 8 (default)
2024-10-20 10:45:25,521 [s1@group-BE2C85CFCD31-LeaderElection81] INFO  server.RaftServerConfigKeys (ConfUtils.java:logGet(46)) - raft.server.rpc.request.timeout = 3000ms (default)
2024-10-20 10:45:25,521 [s1@group-BE2C85CFCD31-LeaderElection81] INFO  grpc.GrpcConfigKeys (ConfUtils.java:logGet(46)) - raft.grpc.server.install_snapshot.request.element-limit = 8 (default)
2024-10-20 10:45:25,521 [s1@group-BE2C85CFCD31-LeaderElection81] INFO  grpc.GrpcConfigKeys (ConfUtils.java:logGet(46)) - raft.grpc.server.install_snapshot.request.timeout = 3000ms (default)
2024-10-20 10:45:25,521 [s1@group-BE2C85CFCD31-LeaderElection81] INFO  grpc.GrpcConfigKeys (ConfUtils.java:logGet(46)) - raft.grpc.server.log-message.batch.duration = 5s (default)
2024-10-20 10:45:25,521 [s1@group-BE2C85CFCD31-LeaderElection81] INFO  server.RaftServerConfigKeys (ConfUtils.java:logGet(46)) - raft.server.log.appender.install.snapshot.enabled = true (default)
2024-10-20 10:45:25,521 [s1@group-BE2C85CFCD31-LeaderElection81] INFO  grpc.GrpcConfigKeys (ConfUtils.java:logGet(46)) - raft.grpc.server.heartbeat.channel = true (default)
2024-10-20 10:45:25,521 [s1@group-BE2C85CFCD31-LeaderElection81] INFO  server.RaftServerConfigKeys (ConfUtils.java:logGet(46)) - raft.server.log.appender.snapshot.chunk.size.max = 16MB (=16777216) (default)
2024-10-20 10:45:25,522 [s1@group-BE2C85CFCD31-LeaderElection81] INFO  server.RaftServerConfigKeys (ConfUtils.java:logGet(46)) - raft.server.log.appender.buffer.byte-limit = 4MB (=4194304) (default)
2024-10-20 10:45:25,522 [s1@group-BE2C85CFCD31-LeaderElection81] INFO  server.RaftServerConfigKeys (ConfUtils.java:logGet(46)) - raft.server.log.appender.buffer.element-limit = 0 (default)
2024-10-20 10:45:25,522 [s1@group-BE2C85CFCD31-LeaderElection81] INFO  server.RaftServerConfigKeys (ConfUtils.java:logGet(46)) - raft.server.log.appender.wait-time.min = 1ms (default)
2024-10-20 10:45:25,522 [s1@group-BE2C85CFCD31-LeaderElection81] INFO  grpc.GrpcConfigKeys (ConfUtils.java:logGet(46)) - raft.grpc.server.leader.outstanding.appends.max = 8 (default)
2024-10-20 10:45:25,522 [s1@group-BE2C85CFCD31-LeaderElection81] INFO  server.RaftServerConfigKeys (ConfUtils.java:logGet(46)) - raft.server.rpc.request.timeout = 3000ms (default)
2024-10-20 10:45:25,522 [s1@group-BE2C85CFCD31-LeaderElection81] INFO  grpc.GrpcConfigKeys (ConfUtils.java:logGet(46)) - raft.grpc.server.install_snapshot.request.element-limit = 8 (default)
2024-10-20 10:45:25,522 [s1@group-BE2C85CFCD31-LeaderElection81] INFO  grpc.GrpcConfigKeys (ConfUtils.java:logGet(46)) - raft.grpc.server.install_snapshot.request.timeout = 3000ms (default)
2024-10-20 10:45:25,522 [s1@group-BE2C85CFCD31-LeaderElection81] INFO  grpc.GrpcConfigKeys (ConfUtils.java:logGet(46)) - raft.grpc.server.log-message.batch.duration = 5s (default)
2024-10-20 10:45:25,522 [s1@group-BE2C85CFCD31-LeaderElection81] INFO  server.RaftServerConfigKeys (ConfUtils.java:logGet(46)) - raft.server.log.appender.install.snapshot.enabled = true (default)
2024-10-20 10:45:25,522 [s1@group-BE2C85CFCD31-LeaderElection81] INFO  grpc.GrpcConfigKeys (ConfUtils.java:logGet(46)) - raft.grpc.server.heartbeat.channel = true (default)
2024-10-20 10:45:25,522 [s1@group-BE2C85CFCD31-LeaderElection81] INFO  impl.RoleInfo (RoleInfo.java:updateAndGet(148)) - s1: start s1@group-BE2C85CFCD31-LeaderStateImpl
2024-10-20 10:45:25,522 [s1@group-BE2C85CFCD31-LeaderElection81] INFO  server.RaftServer$Division (RaftServerImpl.java:setFirstElection(564)) - s1@group-BE2C85CFCD31: set firstElectionSinceStartup to false for becomeLeader
2024-10-20 10:45:25,523 [s1@group-BE2C85CFCD31-LeaderElection81] INFO  server.RaftServer$Division (ServerState.java:setLeader(272)) - s1@group-BE2C85CFCD31: change Leader from null to s1 at term 1 for becomeLeader, leader elected after 196ms
2024-10-20 10:45:25,523 [s1@group-BE2C85CFCD31-LeaderElection81] INFO  segmented.SegmentedRaftLogWorker (SegmentedRaftLogWorker.java:startLogSegment(442)) - s1@group-BE2C85CFCD31-SegmentedRaftLogWorker: Starting segment from index:0
2024-10-20 10:45:25,523 [s1@group-BE2C85CFCD31-LeaderElection81] INFO  server.RaftServer$Division (ServerState.java:setRaftConf(386)) - s1@group-BE2C85CFCD31: set configuration conf: {index: 0, cur=peers:[s0|localhost:15264, s1|localhost:15268]|listeners:[s2|localhost:15272], old=null}
2024-10-20 10:45:25,527 [s1@group-BE2C85CFCD31-SegmentedRaftLogWorker] INFO  segmented.BufferedWriteChannel (BufferedWriteChannel.java:open(61)) - open log_inprogress_0 at position 0
2024-10-20 10:45:25,527 [s1@group-BE2C85CFCD31->s2-GrpcLogAppender-LogAppenderDaemon] INFO  server.GrpcServerProtocolClient (GrpcServerProtocolClient.java:<init>(65)) - Build channel for s2|localhost:15272
2024-10-20 10:45:25,536 [s1@group-BE2C85CFCD31-SegmentedRaftLogWorker] INFO  segmented.SegmentedRaftLogWorker (SegmentedRaftLogWorker.java:execute(663)) - s1@group-BE2C85CFCD31-SegmentedRaftLogWorker: created new log segment /home/runner/work/ratis/ratis/ratis-test/target/test/data/d69430f5/MiniRaftClusterWithGrpc3b7fc16/s1/d10150fe-6ee1-45cb-9931-be2c85cfcd31/current/log_inprogress_0
2024-10-20 10:45:25,536 [s0-server-thread1] INFO  server.RaftServer$Division (ServerState.java:setLeader(272)) - s0@group-BE2C85CFCD31: change Leader from null to s1 at term 1 for appendEntries, leader elected after 216ms
2024-10-20 10:45:25,537 [s0-server-thread2] DEBUG server.RaftServer$Division (RaftServerImpl.java:logAppendEntries(1549)) - s0@group-BE2C85CFCD31: appendEntries* s1->s0#1-t1,previous=(t:0, i:0),leaderCommit=-1,initializing? false,entries: size=1, first=(t:1, i:0), CONFIGURATIONENTRY(current:id:"s0"address:"localhost:15264"dataStreamAddress:"localhost:15267"clientAddress:"localhost:15266"adminAddress:"localhost:15265"startupRole:FOLLOWER, id:"s1"address:"localhost:15268"dataStreamAddress:"localhost:15271"clientAddress:"localhost:15270"adminAddress:"localhost:15269"startupRole:FOLLOWER, old:)
2024-10-20 10:45:25,537 [s0-server-thread2] INFO  server.RaftServer$Division (ServerState.java:setRaftConf(386)) - s0@group-BE2C85CFCD31: set configuration conf: {index: 0, cur=peers:[s0|localhost:15264, s1|localhost:15268]|listeners:[s2|localhost:15272], old=null}
2024-10-20 10:45:25,537 [s0-server-thread2] INFO  segmented.SegmentedRaftLogWorker (SegmentedRaftLogWorker.java:startLogSegment(442)) - s0@group-BE2C85CFCD31-SegmentedRaftLogWorker: Starting segment from index:0
2024-10-20 10:45:25,538 [s2-server-thread1] TRACE util.FileUtils (LogUtils.java:supplyAndLog(69)) - Successfully supplied FileChannel.open /home/runner/work/ratis/ratis/ratis-test/target/test/data/d69430f5/MiniRaftClusterWithGrpc3b7fc16/s2/d10150fe-6ee1-45cb-9931-be2c85cfcd31/current/raft-meta.tmp with options [CREATE, WRITE]: sun.nio.ch.FileChannelImpl@3b552594
2024-10-20 10:45:25,538 [s2-server-thread2] DEBUG server.RaftServer$Division (RaftServerImpl.java:logAppendEntries(1549)) - s2@group-BE2C85CFCD31: appendEntries* s1->s2#1-t1,previous=(t:0, i:0),leaderCommit=-1,initializing? false,entries: size=1, first=(t:1, i:0), CONFIGURATIONENTRY(current:id:"s0"address:"localhost:15264"dataStreamAddress:"localhost:15267"clientAddress:"localhost:15266"adminAddress:"localhost:15265"startupRole:FOLLOWER, id:"s1"address:"localhost:15268"dataStreamAddress:"localhost:15271"clientAddress:"localhost:15270"adminAddress:"localhost:15269"startupRole:FOLLOWER, old:)
2024-10-20 10:45:25,538 [s0@group-BE2C85CFCD31-SegmentedRaftLogWorker] INFO  segmented.BufferedWriteChannel (BufferedWriteChannel.java:open(61)) - open log_inprogress_0 at position 0
2024-10-20 10:45:25,539 [s2-server-thread1] TRACE util.FileUtils (LogUtils.java:runAndLog(49)) - Successfully ran Atomic Files.move /home/runner/work/ratis/ratis/ratis-test/target/test/data/d69430f5/MiniRaftClusterWithGrpc3b7fc16/s2/d10150fe-6ee1-45cb-9931-be2c85cfcd31/current/raft-meta.tmp to /home/runner/work/ratis/ratis/ratis-test/target/test/data/d69430f5/MiniRaftClusterWithGrpc3b7fc16/s2/d10150fe-6ee1-45cb-9931-be2c85cfcd31/current/raft-meta with options [REPLACE_EXISTING]
2024-10-20 10:45:25,539 [s2-server-thread1] INFO  server.RaftServer$Division (RaftServerImpl.java:setFirstElection(564)) - s2@group-BE2C85CFCD31: set firstElectionSinceStartup to false for appendEntries
2024-10-20 10:45:25,539 [s2-server-thread1] INFO  server.RaftServer$Division (ServerState.java:setLeader(272)) - s2@group-BE2C85CFCD31: change Leader from null to s1 at term 1 for appendEntries, leader elected after 207ms
2024-10-20 10:45:25,540 [s2-server-thread2] INFO  server.RaftServer$Division (ServerState.java:setRaftConf(386)) - s2@group-BE2C85CFCD31: set configuration conf: {index: 0, cur=peers:[s0|localhost:15264, s1|localhost:15268]|listeners:[s2|localhost:15272], old=null}
2024-10-20 10:45:25,540 [s2-server-thread2] INFO  segmented.SegmentedRaftLogWorker (SegmentedRaftLogWorker.java:startLogSegment(442)) - s2@group-BE2C85CFCD31-SegmentedRaftLogWorker: Starting segment from index:0
2024-10-20 10:45:25,540 [s2@group-BE2C85CFCD31-SegmentedRaftLogWorker] INFO  segmented.BufferedWriteChannel (BufferedWriteChannel.java:open(61)) - open log_inprogress_0 at position 0
2024-10-20 10:45:25,551 [s0@group-BE2C85CFCD31-SegmentedRaftLogWorker] INFO  segmented.SegmentedRaftLogWorker (SegmentedRaftLogWorker.java:execute(663)) - s0@group-BE2C85CFCD31-SegmentedRaftLogWorker: created new log segment /home/runner/work/ratis/ratis/ratis-test/target/test/data/d69430f5/MiniRaftClusterWithGrpc3b7fc16/s0/d10150fe-6ee1-45cb-9931-be2c85cfcd31/current/log_inprogress_0
2024-10-20 10:45:25,551 [s0-server-thread2] DEBUG server.RaftServer$Division (RaftServerImpl.java:logAppendEntries(1549)) - s0@group-BE2C85CFCD31: appendEntries* reply s1<-s0#1:OK-t1,SUCCESS,nextIndex=1,followerCommit=-1,matchIndex=0
2024-10-20 10:45:25,552 [s2@group-BE2C85CFCD31-SegmentedRaftLogWorker] INFO  segmented.SegmentedRaftLogWorker (SegmentedRaftLogWorker.java:execute(663)) - s2@group-BE2C85CFCD31-SegmentedRaftLogWorker: created new log segment /home/runner/work/ratis/ratis/ratis-test/target/test/data/d69430f5/MiniRaftClusterWithGrpc3b7fc16/s2/d10150fe-6ee1-45cb-9931-be2c85cfcd31/current/log_inprogress_0
2024-10-20 10:45:25,552 [s1@group-BE2C85CFCD31-StateMachineUpdater] TRACE util.FileUtils (LogUtils.java:supplyAndLog(69)) - Successfully supplied FileChannel.open /home/runner/work/ratis/ratis/ratis-test/target/test/data/d69430f5/MiniRaftClusterWithGrpc3b7fc16/s1/d10150fe-6ee1-45cb-9931-be2c85cfcd31/current/raft-meta.conf.tmp with options [CREATE, WRITE]: sun.nio.ch.FileChannelImpl@69dfb304
2024-10-20 10:45:25,552 [s2-server-thread2] DEBUG server.RaftServer$Division (RaftServerImpl.java:logAppendEntries(1549)) - s2@group-BE2C85CFCD31: appendEntries* reply s1<-s2#1:OK-t1,SUCCESS,nextIndex=1,followerCommit=-1,matchIndex=0
2024-10-20 10:45:25,554 [s1@group-BE2C85CFCD31-StateMachineUpdater] TRACE util.FileUtils (LogUtils.java:runAndLog(49)) - Successfully ran Atomic Files.move /home/runner/work/ratis/ratis/ratis-test/target/test/data/d69430f5/MiniRaftClusterWithGrpc3b7fc16/s1/d10150fe-6ee1-45cb-9931-be2c85cfcd31/current/raft-meta.conf.tmp to /home/runner/work/ratis/ratis/ratis-test/target/test/data/d69430f5/MiniRaftClusterWithGrpc3b7fc16/s1/d10150fe-6ee1-45cb-9931-be2c85cfcd31/current/raft-meta.conf with options [REPLACE_EXISTING]
2024-10-20 10:45:25,554 [s1@group-BE2C85CFCD31-StateMachineUpdater] INFO  server.RaftServer$Division (LeaderStateImpl.java:checkStartIndex(314)) - Leader s1@group-BE2C85CFCD31-LeaderStateImpl is ready since appliedIndex == startIndex == 0
2024-10-20 10:45:25,629 [s0@group-BE2C85CFCD31-StateMachineUpdater] TRACE util.FileUtils (LogUtils.java:supplyAndLog(69)) - Successfully supplied FileChannel.open /home/runner/work/ratis/ratis/ratis-test/target/test/data/d69430f5/MiniRaftClusterWithGrpc3b7fc16/s0/d10150fe-6ee1-45cb-9931-be2c85cfcd31/current/raft-meta.conf.tmp with options [CREATE, WRITE]: sun.nio.ch.FileChannelImpl@1966806d
2024-10-20 10:45:25,630 [s2@group-BE2C85CFCD31-StateMachineUpdater] TRACE util.FileUtils (LogUtils.java:supplyAndLog(69)) - Successfully supplied FileChannel.open /home/runner/work/ratis/ratis/ratis-test/target/test/data/d69430f5/MiniRaftClusterWithGrpc3b7fc16/s2/d10150fe-6ee1-45cb-9931-be2c85cfcd31/current/raft-meta.conf.tmp with options [CREATE, WRITE]: sun.nio.ch.FileChannelImpl@780c7bf9
2024-10-20 10:45:25,631 [s0@group-BE2C85CFCD31-StateMachineUpdater] TRACE util.FileUtils (LogUtils.java:runAndLog(49)) - Successfully ran Atomic Files.move /home/runner/work/ratis/ratis/ratis-test/target/test/data/d69430f5/MiniRaftClusterWithGrpc3b7fc16/s0/d10150fe-6ee1-45cb-9931-be2c85cfcd31/current/raft-meta.conf.tmp to /home/runner/work/ratis/ratis/ratis-test/target/test/data/d69430f5/MiniRaftClusterWithGrpc3b7fc16/s0/d10150fe-6ee1-45cb-9931-be2c85cfcd31/current/raft-meta.conf with options [REPLACE_EXISTING]
2024-10-20 10:45:25,631 [s2@group-BE2C85CFCD31-StateMachineUpdater] TRACE util.FileUtils (LogUtils.java:runAndLog(49)) - Successfully ran Atomic Files.move /home/runner/work/ratis/ratis/ratis-test/target/test/data/d69430f5/MiniRaftClusterWithGrpc3b7fc16/s2/d10150fe-6ee1-45cb-9931-be2c85cfcd31/current/raft-meta.conf.tmp to /home/runner/work/ratis/ratis/ratis-test/target/test/data/d69430f5/MiniRaftClusterWithGrpc3b7fc16/s2/d10150fe-6ee1-45cb-9931-be2c85cfcd31/current/raft-meta.conf with options [REPLACE_EXISTING]
2024-10-20 10:45:25,810 [main] INFO  ratis.RaftTestUtil (RaftTestUtil.java:waitForLeader(131)) - printing ALL groups
  s0:  RUNNING  FOLLOWER s0@group-BE2C85CFCD31:t1, leader=s1, voted=s1, raftlog=Memoized:s0@group-BE2C85CFCD31-SegmentedRaftLog:OPENED:c0:last(t:1, i:0), conf=conf: {index: 0, cur=peers:[s0|localhost:15264, s1|localhost:15268]|listeners:[s2|localhost:15272], old=null} RUNNING
  s1:  RUNNING    LEADER s1@group-BE2C85CFCD31:t1, leader=s1, voted=s1, raftlog=Memoized:s1@group-BE2C85CFCD31-SegmentedRaftLog:OPENED:c0:last(t:1, i:0), conf=conf: {index: 0, cur=peers:[s0|localhost:15264, s1|localhost:15268]|listeners:[s2|localhost:15272], old=null} RUNNING
  s2:  RUNNING  LISTENER s2@group-BE2C85CFCD31:t1, leader=s1, voted=null, raftlog=Memoized:s2@group-BE2C85CFCD31-SegmentedRaftLog:OPENED:c0:last(t:1, i:0), conf=conf: {index: 0, cur=peers:[s0|localhost:15264, s1|localhost:15268]|listeners:[s2|localhost:15272], old=null} RUNNING
2024-10-20 10:45:25,810 [main] DEBUG client.RaftClient (ConfUtils.java:logGet(46)) - raft.rpc.type = GRPC (default)
2024-10-20 10:45:25,810 [main] DEBUG client.RaftClient (RaftClientImpl.java:get(158)) - client-DDCA5FA18641: get 38 returns []
2024-10-20 10:45:25,810 [main] DEBUG client.RaftClient (RaftClientImpl.java:newRequest(95)) - attempt #1, newRequest RaftClientRequest:client-DDCA5FA18641->s1@group-BE2C85CFCD31, cid=38, seq=null, RW, message
2024-10-20 10:45:25,815 [s1-client-thread1] DEBUG server.RaftServer$Division (RaftServerImpl.java:submitClientRequestAsync(920)) - s1@group-BE2C85CFCD31: receive client request(RaftClientRequest:client-DDCA5FA18641->s1@group-BE2C85CFCD31, cid=38, seq=null, RW, Message:6d657373616765)
2024-10-20 10:45:25,815 [s1-client-thread1] DEBUG server.RaftServer$Division (LeaderStateImpl.java:addPendingRequest(529)) - s1@group-BE2C85CFCD31-LeaderStateImpl: addPendingRequest at RaftClientRequest:client-DDCA5FA18641->s1@group-BE2C85CFCD31, cid=38, seq=null, RW, Message:6d657373616765, entry=(t:1, i:1), STATEMACHINELOGENTRY, WRITE: logData.size=7, stateMachineData.size=0, logEntryProtoSerializedSize=0
2024-10-20 10:45:25,816 [s0-server-thread3] DEBUG server.RaftServer$Division (RaftServerImpl.java:logAppendEntries(1549)) - s0@group-BE2C85CFCD31: appendEntries* s1->s0#6-t1,previous=(t:1, i:0),leaderCommit=0,initializing? false,entries: size=1, first=(t:1, i:1), STATEMACHINELOGENTRY, StateMachineLogEntryProto:38@client-DDCA5FA18641
2024-10-20 10:45:25,816 [s2-server-thread1] DEBUG server.RaftServer$Division (RaftServerImpl.java:logAppendEntries(1549)) - s2@group-BE2C85CFCD31: appendEntries* s1->s2#8-t1,previous=(t:1, i:0),leaderCommit=0,initializing? false,entries: size=1, first=(t:1, i:1), STATEMACHINELOGENTRY, StateMachineLogEntryProto:38@client-DDCA5FA18641
2024-10-20 10:45:25,816 [s2-server-thread1] DEBUG server.RaftServer$Division (RaftServerImpl.java:logAppendEntries(1549)) - s2@group-BE2C85CFCD31: appendEntries* reply s1<-s2#8:OK-t1,SUCCESS,nextIndex=2,followerCommit=0,matchIndex=1
2024-10-20 10:45:25,817 [s0-server-thread3] DEBUG server.RaftServer$Division (RaftServerImpl.java:logAppendEntries(1549)) - s0@group-BE2C85CFCD31: appendEntries* reply s1<-s0#6:OK-t1,SUCCESS,nextIndex=2,followerCommit=0,matchIndex=1
2024-10-20 10:45:25,818 [s0-server-thread3] DEBUG server.RaftServer$Division (RaftServerImpl.java:logAppendEntries(1549)) - s0@group-BE2C85CFCD31: appendEntries* s1->s0#7-t1,previous=(t:1, i:1),leaderCommit=1,initializing? false,entries: size=1, first=(t:1, i:2), METADATAENTRY(c:1)
2024-10-20 10:45:25,818 [s2-server-thread1] DEBUG server.RaftServer$Division (RaftServerImpl.java:logAppendEntries(1549)) - s2@group-BE2C85CFCD31: appendEntries* s1->s2#9-t1,previous=(t:1, i:1),leaderCommit=1,initializing? false,entries: size=1, first=(t:1, i:2), METADATAENTRY(c:1)
2024-10-20 10:45:25,819 [main] DEBUG client.RaftClient (RaftClientImpl.java:add(146)) - client-DDCA5FA18641: add replied callId 38
2024-10-20 10:45:25,819 [s2-server-thread1] DEBUG server.RaftServer$Division (RaftServerImpl.java:logAppendEntries(1549)) - s2@group-BE2C85CFCD31: appendEntries* reply s1<-s2#9:OK-t1,SUCCESS,nextIndex=3,followerCommit=1,matchIndex=2
2024-10-20 10:45:25,820 [main] DEBUG client.RaftClient (RaftClientImpl.java:newRequest(95)) - attempt #1, newRequest SetConfigurationRequest:client-DDCA5FA18641->s1@group-BE2C85CFCD31, cid=39, seq=null, RW, null, SET_UNCONDITIONALLY, servers:[s0|0.0.0.0:15264, s1|0.0.0.0:15268, s2|0.0.0.0:15272], listeners:[]
2024-10-20 10:45:25,820 [s0-server-thread3] DEBUG server.RaftServer$Division (RaftServerImpl.java:logAppendEntries(1549)) - s0@group-BE2C85CFCD31: appendEntries* reply s1<-s0#7:OK-t1,SUCCESS,nextIndex=3,followerCommit=1,matchIndex=2
2024-10-20 10:45:25,824 [s1-server-thread1] INFO  server.RaftServer$Division (RaftServerImpl.java:setConfigurationAsync(1336)) - s1@group-BE2C85CFCD31: receive setConfiguration SetConfigurationRequest:client-DDCA5FA18641->s1@group-BE2C85CFCD31, cid=39, seq=null, RW, null, SET_UNCONDITIONALLY, servers:[s0|0.0.0.0:15264, s1|0.0.0.0:15268, s2|0.0.0.0:15272], listeners:[]
2024-10-20 10:45:25,824 [s1-server-thread1] INFO  server.RaftServer$Division (LeaderStateImpl.java:startSetConfiguration(486)) - s1@group-BE2C85CFCD31-LeaderStateImpl: startSetConfiguration SetConfigurationRequest:client-DDCA5FA18641->s1@group-BE2C85CFCD31, cid=39, seq=null, RW, null, SET_UNCONDITIONALLY, servers:[s0|0.0.0.0:15264, s1|0.0.0.0:15268, s2|0.0.0.0:15272], listeners:[]
2024-10-20 10:45:25,824 [s1-server-thread1] INFO  server.RaftServer$Division (ServerState.java:setRaftConf(386)) - s1@group-BE2C85CFCD31: set configuration conf: {index: 3, cur=peers:[s0|0.0.0.0:15264, s1|0.0.0.0:15268, s2|0.0.0.0:15272]|listeners:[], old=peers:[s0|localhost:15264, s1|localhost:15268]|listeners:[s2|localhost:15272]}
2024-10-20 10:45:25,825 [s0-server-thread3] DEBUG server.RaftServer$Division (RaftServerImpl.java:logAppendEntries(1549)) - s0@group-BE2C85CFCD31: appendEntries* s1->s0#10-t1,previous=(t:1, i:2),leaderCommit=2,initializing? false,entries: size=1, first=(t:1, i:3), CONFIGURATIONENTRY(current:id:"s0"address:"0.0.0.0:15264"clientAddress:"0.0.0.0:15266"adminAddress:"0.0.0.0:15265"startupRole:FOLLOWER, id:"s1"address:"0.0.0.0:15268"clientAddress:"0.0.0.0:15270"adminAddress:"0.0.0.0:15269"startupRole:FOLLOWER, id:"s2"address:"0.0.0.0:15272"clientAddress:"0.0.0.0:15274"adminAddress:"0.0.0.0:15273"startupRole:FOLLOWER, old:id:"s0"address:"localhost:15264"dataStreamAddress:"localhost:15267"clientAddress:"localhost:15266"adminAddress:"localhost:15265"startupRole:FOLLOWER, id:"s1"address:"localhost:15268"dataStreamAddress:"localhost:15271"clientAddress:"localhost:15270"adminAddress:"localhost:15269"startupRole:FOLLOWER)
2024-10-20 10:45:25,826 [s0-server-thread3] INFO  server.RaftServer$Division (ServerState.java:setRaftConf(386)) - s0@group-BE2C85CFCD31: set configuration conf: {index: 3, cur=peers:[s0|0.0.0.0:15264, s1|0.0.0.0:15268, s2|0.0.0.0:15272]|listeners:[], old=peers:[s0|localhost:15264, s1|localhost:15268]|listeners:[s2|localhost:15272]}
2024-10-20 10:45:25,826 [s0-server-thread3] DEBUG server.RaftServer$Division (RaftServerImpl.java:logAppendEntries(1549)) - s0@group-BE2C85CFCD31: appendEntries* reply s1<-s0#10:OK-t1,SUCCESS,nextIndex=4,followerCommit=2,matchIndex=3
2024-10-20 10:45:25,827 [s1@group-BE2C85CFCD31-StateMachineUpdater] TRACE util.FileUtils (LogUtils.java:supplyAndLog(69)) - Successfully supplied FileChannel.open /home/runner/work/ratis/ratis/ratis-test/target/test/data/d69430f5/MiniRaftClusterWithGrpc3b7fc16/s1/d10150fe-6ee1-45cb-9931-be2c85cfcd31/current/raft-meta.conf.tmp with options [CREATE, WRITE]: sun.nio.ch.FileChannelImpl@6327d874
2024-10-20 10:45:25,827 [s2-server-thread1] DEBUG server.RaftServer$Division (RaftServerImpl.java:logAppendEntries(1549)) - s2@group-BE2C85CFCD31: appendEntries* s1->s2#11-t1,previous=(t:1, i:2),leaderCommit=2,initializing? false,entries: size=1, first=(t:1, i:3), CONFIGURATIONENTRY(current:id:"s0"address:"0.0.0.0:15264"clientAddress:"0.0.0.0:15266"adminAddress:"0.0.0.0:15265"startupRole:FOLLOWER, id:"s1"address:"0.0.0.0:15268"clientAddress:"0.0.0.0:15270"adminAddress:"0.0.0.0:15269"startupRole:FOLLOWER, id:"s2"address:"0.0.0.0:15272"clientAddress:"0.0.0.0:15274"adminAddress:"0.0.0.0:15273"startupRole:FOLLOWER, old:id:"s0"address:"localhost:15264"dataStreamAddress:"localhost:15267"clientAddress:"localhost:15266"adminAddress:"localhost:15265"startupRole:FOLLOWER, id:"s1"address:"localhost:15268"dataStreamAddress:"localhost:15271"clientAddress:"localhost:15270"adminAddress:"localhost:15269"startupRole:FOLLOWER)
2024-10-20 10:45:25,827 [s1@group-BE2C85CFCD31-LeaderStateImpl] INFO  server.RaftServer$Division (ServerState.java:setRaftConf(386)) - s1@group-BE2C85CFCD31: set configuration conf: {index: 5, cur=peers:[s0|0.0.0.0:15264, s1|0.0.0.0:15268, s2|0.0.0.0:15272]|listeners:[], old=null}
2024-10-20 10:45:25,827 [s2-server-thread1] INFO  server.RaftServer$Division (ServerState.java:setRaftConf(386)) - s2@group-BE2C85CFCD31: set configuration conf: {index: 3, cur=peers:[s0|0.0.0.0:15264, s1|0.0.0.0:15268, s2|0.0.0.0:15272]|listeners:[], old=peers:[s0|localhost:15264, s1|localhost:15268]|listeners:[s2|localhost:15272]}
2024-10-20 10:45:25,827 [s0-server-thread3] DEBUG server.RaftServer$Division (RaftServerImpl.java:logAppendEntries(1549)) - s0@group-BE2C85CFCD31: appendEntries* s1->s0#11-t1,previous=(t:1, i:3),leaderCommit=3,initializing? false,entries: size=2, first=(t:1, i:4), METADATAENTRY(c:3)
2024-10-20 10:45:25,827 [s0-server-thread3] INFO  server.RaftServer$Division (ServerState.java:setRaftConf(386)) - s0@group-BE2C85CFCD31: set configuration conf: {index: 5, cur=peers:[s0|0.0.0.0:15264, s1|0.0.0.0:15268, s2|0.0.0.0:15272]|listeners:[], old=null}
2024-10-20 10:45:25,829 [s2-server-thread2] DEBUG server.RaftServer$Division (RaftServerImpl.java:logAppendEntries(1549)) - s2@group-BE2C85CFCD31: appendEntries* reply s1<-s2#11:OK-t1,SUCCESS,nextIndex=4,followerCommit=2,matchIndex=3
2024-10-20 10:45:25,829 [s0-server-thread3] DEBUG server.RaftServer$Division (RaftServerImpl.java:logAppendEntries(1549)) - s0@group-BE2C85CFCD31: appendEntries* reply s1<-s0#11:OK-t1,SUCCESS,nextIndex=6,followerCommit=3,matchIndex=5
2024-10-20 10:45:25,829 [s2-server-thread1] DEBUG server.RaftServer$Division (RaftServerImpl.java:logAppendEntries(1549)) - s2@group-BE2C85CFCD31: appendEntries* s1->s2#13-t1,previous=(t:1, i:3),leaderCommit=3,initializing? false,entries: size=2, first=(t:1, i:4), METADATAENTRY(c:3)
2024-10-20 10:45:25,829 [s0@group-BE2C85CFCD31-StateMachineUpdater] TRACE util.FileUtils (LogUtils.java:supplyAndLog(69)) - Successfully supplied FileChannel.open /home/runner/work/ratis/ratis/ratis-test/target/test/data/d69430f5/MiniRaftClusterWithGrpc3b7fc16/s0/d10150fe-6ee1-45cb-9931-be2c85cfcd31/current/raft-meta.conf.tmp with options [CREATE, WRITE]: sun.nio.ch.FileChannelImpl@17a16d31
2024-10-20 10:45:25,830 [s1@group-BE2C85CFCD31-StateMachineUpdater] TRACE util.FileUtils (LogUtils.java:runAndLog(49)) - Successfully ran Atomic Files.move /home/runner/work/ratis/ratis/ratis-test/target/test/data/d69430f5/MiniRaftClusterWithGrpc3b7fc16/s1/d10150fe-6ee1-45cb-9931-be2c85cfcd31/current/raft-meta.conf.tmp to /home/runner/work/ratis/ratis/ratis-test/target/test/data/d69430f5/MiniRaftClusterWithGrpc3b7fc16/s1/d10150fe-6ee1-45cb-9931-be2c85cfcd31/current/raft-meta.conf with options [REPLACE_EXISTING]
2024-10-20 10:45:25,830 [s1@group-BE2C85CFCD31-StateMachineUpdater] TRACE util.FileUtils (LogUtils.java:supplyAndLog(69)) - Successfully supplied FileChannel.open /home/runner/work/ratis/ratis/ratis-test/target/test/data/d69430f5/MiniRaftClusterWithGrpc3b7fc16/s1/d10150fe-6ee1-45cb-9931-be2c85cfcd31/current/raft-meta.conf.tmp with options [CREATE, WRITE]: sun.nio.ch.FileChannelImpl@26254a74
2024-10-20 10:45:25,829 [s2-server-thread1] INFO  server.RaftServer$Division (ServerState.java:setRaftConf(386)) - s2@group-BE2C85CFCD31: set configuration conf: {index: 5, cur=peers:[s0|0.0.0.0:15264, s1|0.0.0.0:15268, s2|0.0.0.0:15272]|listeners:[], old=null}
2024-10-20 10:45:25,831 [main] DEBUG client.RaftClient (RaftClientImpl.java:add(146)) - client-DDCA5FA18641: add replied callId 39
2024-10-20 10:45:25,831 [main] DEBUG client.RaftClient (RaftClientImpl.java:close(465)) - close client-DDCA5FA18641
2024-10-20 10:45:25,832 [s0-server-thread3] DEBUG server.RaftServer$Division (RaftServerImpl.java:logAppendEntries(1549)) - s0@group-BE2C85CFCD31: appendEntries* s1->s0#13-t1,previous=(t:1, i:5),leaderCommit=5,initializing? false,entries: size=1, first=(t:1, i:6), METADATAENTRY(c:5)
2024-10-20 10:45:25,832 [s1@group-BE2C85CFCD31-StateMachineUpdater] TRACE util.FileUtils (LogUtils.java:runAndLog(49)) - Successfully ran Atomic Files.move /home/runner/work/ratis/ratis/ratis-test/target/test/data/d69430f5/MiniRaftClusterWithGrpc3b7fc16/s1/d10150fe-6ee1-45cb-9931-be2c85cfcd31/current/raft-meta.conf.tmp to /home/runner/work/ratis/ratis/ratis-test/target/test/data/d69430f5/MiniRaftClusterWithGrpc3b7fc16/s1/d10150fe-6ee1-45cb-9931-be2c85cfcd31/current/raft-meta.conf with options [REPLACE_EXISTING]
2024-10-20 10:45:25,832 [s2-server-thread2] DEBUG server.RaftServer$Division (RaftServerImpl.java:logAppendEntries(1549)) - s2@group-BE2C85CFCD31: appendEntries* reply s1<-s2#13:OK-t1,SUCCESS,nextIndex=6,followerCommit=3,matchIndex=5
2024-10-20 10:45:25,832 [s2@group-BE2C85CFCD31-StateMachineUpdater] TRACE util.FileUtils (LogUtils.java:supplyAndLog(69)) - Successfully supplied FileChannel.open /home/runner/work/ratis/ratis/ratis-test/target/test/data/d69430f5/MiniRaftClusterWithGrpc3b7fc16/s2/d10150fe-6ee1-45cb-9931-be2c85cfcd31/current/raft-meta.conf.tmp with options [CREATE, WRITE]: sun.nio.ch.FileChannelImpl@76cb9a88
2024-10-20 10:45:25,833 [s0@group-BE2C85CFCD31-StateMachineUpdater] TRACE util.FileUtils (LogUtils.java:runAndLog(49)) - Successfully ran Atomic Files.move /home/runner/work/ratis/ratis/ratis-test/target/test/data/d69430f5/MiniRaftClusterWithGrpc3b7fc16/s0/d10150fe-6ee1-45cb-9931-be2c85cfcd31/current/raft-meta.conf.tmp to /home/runner/work/ratis/ratis/ratis-test/target/test/data/d69430f5/MiniRaftClusterWithGrpc3b7fc16/s0/d10150fe-6ee1-45cb-9931-be2c85cfcd31/current/raft-meta.conf with options [REPLACE_EXISTING]
2024-10-20 10:45:25,833 [s0-server-thread3] DEBUG server.RaftServer$Division (RaftServerImpl.java:logAppendEntries(1549)) - s0@group-BE2C85CFCD31: appendEntries* reply s1<-s0#13:OK-t1,SUCCESS,nextIndex=7,followerCommit=5,matchIndex=6
2024-10-20 10:45:25,833 [s0@group-BE2C85CFCD31-StateMachineUpdater] TRACE util.FileUtils (LogUtils.java:supplyAndLog(69)) - Successfully supplied FileChannel.open /home/runner/work/ratis/ratis/ratis-test/target/test/data/d69430f5/MiniRaftClusterWithGrpc3b7fc16/s0/d10150fe-6ee1-45cb-9931-be2c85cfcd31/current/raft-meta.conf.tmp with options [CREATE, WRITE]: sun.nio.ch.FileChannelImpl@139eeb1d
2024-10-20 10:45:25,833 [s2-server-thread1] DEBUG server.RaftServer$Division (RaftServerImpl.java:logAppendEntries(1549)) - s2@group-BE2C85CFCD31: appendEntries* s1->s2#15-t1,previous=(t:1, i:5),leaderCommit=5,initializing? false,entries: size=1, first=(t:1, i:6), METADATAENTRY(c:5)
2024-10-20 10:45:25,834 [s2-server-thread1] DEBUG server.RaftServer$Division (RaftServerImpl.java:logAppendEntries(1549)) - s2@group-BE2C85CFCD31: appendEntries* reply s1<-s2#15:OK-t1,SUCCESS,nextIndex=7,followerCommit=5,matchIndex=6
2024-10-20 10:45:25,835 [s2@group-BE2C85CFCD31-StateMachineUpdater] TRACE util.FileUtils (LogUtils.java:runAndLog(49)) - Successfully ran Atomic Files.move /home/runner/work/ratis/ratis/ratis-test/target/test/data/d69430f5/MiniRaftClusterWithGrpc3b7fc16/s2/d10150fe-6ee1-45cb-9931-be2c85cfcd31/current/raft-meta.conf.tmp to /home/runner/work/ratis/ratis/ratis-test/target/test/data/d69430f5/MiniRaftClusterWithGrpc3b7fc16/s2/d10150fe-6ee1-45cb-9931-be2c85cfcd31/current/raft-meta.conf with options [REPLACE_EXISTING]
2024-10-20 10:45:25,835 [s2@group-BE2C85CFCD31-StateMachineUpdater] TRACE util.FileUtils (LogUtils.java:supplyAndLog(69)) - Successfully supplied FileChannel.open /home/runner/work/ratis/ratis/ratis-test/target/test/data/d69430f5/MiniRaftClusterWithGrpc3b7fc16/s2/d10150fe-6ee1-45cb-9931-be2c85cfcd31/current/raft-meta.conf.tmp with options [CREATE, WRITE]: sun.nio.ch.FileChannelImpl@72f41089
2024-10-20 10:45:25,836 [s0@group-BE2C85CFCD31-StateMachineUpdater] TRACE util.FileUtils (LogUtils.java:runAndLog(49)) - Successfully ran Atomic Files.move /home/runner/work/ratis/ratis/ratis-test/target/test/data/d69430f5/MiniRaftClusterWithGrpc3b7fc16/s0/d10150fe-6ee1-45cb-9931-be2c85cfcd31/current/raft-meta.conf.tmp to /home/runner/work/ratis/ratis/ratis-test/target/test/data/d69430f5/MiniRaftClusterWithGrpc3b7fc16/s0/d10150fe-6ee1-45cb-9931-be2c85cfcd31/current/raft-meta.conf with options [REPLACE_EXISTING]
2024-10-20 10:45:25,837 [s2@group-BE2C85CFCD31-StateMachineUpdater] TRACE util.FileUtils (LogUtils.java:runAndLog(49)) - Successfully ran Atomic Files.move /home/runner/work/ratis/ratis/ratis-test/target/test/data/d69430f5/MiniRaftClusterWithGrpc3b7fc16/s2/d10150fe-6ee1-45cb-9931-be2c85cfcd31/current/raft-meta.conf.tmp to /home/runner/work/ratis/ratis/ratis-test/target/test/data/d69430f5/MiniRaftClusterWithGrpc3b7fc16/s2/d10150fe-6ee1-45cb-9931-be2c85cfcd31/current/raft-meta.conf with options [REPLACE_EXISTING]
2024-10-20 10:45:25,839 [main] INFO  impl.MiniRaftCluster (MiniRaftCluster.java:shutdown(847)) - ************************************************************** 
2024-10-20 10:45:25,840 [main] INFO  impl.MiniRaftCluster (MiniRaftCluster.java:shutdown(848)) - *** 
2024-10-20 10:45:25,840 [main] INFO  impl.MiniRaftCluster (MiniRaftCluster.java:shutdown(849)) - ***     Stopping MiniRaftClusterWithGrpc
2024-10-20 10:45:25,840 [main] INFO  impl.MiniRaftCluster (MiniRaftCluster.java:shutdown(850)) - *** 
2024-10-20 10:45:25,840 [main] INFO  impl.MiniRaftCluster (MiniRaftCluster.java:shutdown(851)) - ************************************************************** 
2024-10-20 10:45:25,840 [main] INFO  impl.MiniRaftCluster (MiniRaftCluster.java:shutdown(852)) - printing ALL groups
  s0:  RUNNING  FOLLOWER s0@group-BE2C85CFCD31:t1, leader=s1, voted=s1, raftlog=Memoized:s0@group-BE2C85CFCD31-SegmentedRaftLog:OPENED:c5:last(t:1, i:6), conf=conf: {index: 5, cur=peers:[s0|0.0.0.0:15264, s1|0.0.0.0:15268, s2|0.0.0.0:15272]|listeners:[], old=null} RUNNING
  s1:  RUNNING    LEADER s1@group-BE2C85CFCD31:t1, leader=s1, voted=s1, raftlog=Memoized:s1@group-BE2C85CFCD31-SegmentedRaftLog:OPENED:c6:last(t:1, i:6), conf=conf: {index: 5, cur=peers:[s0|0.0.0.0:15264, s1|0.0.0.0:15268, s2|0.0.0.0:15272]|listeners:[], old=null} RUNNING
  s2:  RUNNING  LISTENER s2@group-BE2C85CFCD31:t1, leader=s1, voted=null, raftlog=Memoized:s2@group-BE2C85CFCD31-SegmentedRaftLog:OPENED:c5:last(t:1, i:6), conf=conf: {index: 5, cur=peers:[s0|0.0.0.0:15264, s1|0.0.0.0:15268, s2|0.0.0.0:15272]|listeners:[], old=null} RUNNING
2024-10-20 10:45:25,840 [MiniRaftCluster-67] INFO  server.RaftServer (RaftServerProxy.java:lambda$close$9(418)) - s0: close
2024-10-20 10:45:25,840 [MiniRaftCluster-67] INFO  server.GrpcServicesImpl (GrpcServicesImpl.java:closeImpl(362)) - s0: shutdown server org.apache.ratis.grpc.server.GrpcClientProtocolService now
2024-10-20 10:45:25,840 [MiniRaftCluster-69] INFO  server.RaftServer (RaftServerProxy.java:lambda$close$9(418)) - s2: close
2024-10-20 10:45:25,841 [MiniRaftCluster-69] INFO  server.GrpcServicesImpl (GrpcServicesImpl.java:closeImpl(362)) - s2: shutdown server org.apache.ratis.grpc.server.GrpcClientProtocolService now
2024-10-20 10:45:25,840 [MiniRaftCluster-68] INFO  server.RaftServer (RaftServerProxy.java:lambda$close$9(418)) - s1: close
2024-10-20 10:45:25,840 [s0-impl-thread1] INFO  server.RaftServer$Division (RaftServerImpl.java:lambda$close$1(515)) - s0@group-BE2C85CFCD31: shutdown
2024-10-20 10:45:25,841 [s1-impl-thread1] INFO  server.RaftServer$Division (RaftServerImpl.java:lambda$close$1(515)) - s1@group-BE2C85CFCD31: shutdown
2024-10-20 10:45:25,841 [s1-impl-thread1] INFO  util.JmxRegister (JmxRegister.java:unregister(74)) - Successfully un-registered JMX Bean with object name Ratis:service=RaftServer,group=group-BE2C85CFCD31,id=s1
2024-10-20 10:45:25,841 [s1-impl-thread1] INFO  impl.RoleInfo (RoleInfo.java:shutdownLeaderState(103)) - s1: shutdown s1@group-BE2C85CFCD31-LeaderStateImpl
2024-10-20 10:45:25,841 [MiniRaftCluster-68] INFO  server.GrpcServicesImpl (GrpcServicesImpl.java:closeImpl(362)) - s1: shutdown server org.apache.ratis.grpc.server.GrpcClientProtocolService now
2024-10-20 10:45:25,841 [s2-impl-thread1] INFO  server.RaftServer$Division (RaftServerImpl.java:lambda$close$1(515)) - s2@group-BE2C85CFCD31: shutdown
2024-10-20 10:45:25,841 [s2-impl-thread1] INFO  util.JmxRegister (JmxRegister.java:unregister(74)) - Successfully un-registered JMX Bean with object name Ratis:service=RaftServer,group=group-BE2C85CFCD31,id=s2
2024-10-20 10:45:25,841 [s2-impl-thread1] INFO  impl.RoleInfo (RoleInfo.java:shutdownFollowerState(121)) - s2: shutdown s2@group-BE2C85CFCD31-FollowerState
2024-10-20 10:45:25,841 [s0-impl-thread1] INFO  util.JmxRegister (JmxRegister.java:unregister(74)) - Successfully un-registered JMX Bean with object name Ratis:service=RaftServer,group=group-BE2C85CFCD31,id=s0
2024-10-20 10:45:25,841 [s0-impl-thread1] INFO  impl.RoleInfo (RoleInfo.java:shutdownFollowerState(121)) - s0: shutdown s0@group-BE2C85CFCD31-FollowerState
2024-10-20 10:45:25,843 [s0-impl-thread1] INFO  impl.StateMachineUpdater (StateMachineUpdater.java:stopAndJoin(164)) - s0@group-BE2C85CFCD31-StateMachineUpdater: set stopIndex = 5
2024-10-20 10:45:25,843 [s0@group-BE2C85CFCD31-FollowerState] INFO  impl.FollowerState (FollowerState.java:runImpl(170)) - s0@group-BE2C85CFCD31-FollowerState was interrupted
2024-10-20 10:45:25,843 [s0@group-BE2C85CFCD31-StateMachineUpdater] INFO  impl.StateMachineUpdater (StateMachineUpdater.java:stop(141)) - s0@group-BE2C85CFCD31-StateMachineUpdater: closing BaseStateMachine, lastApplied=(t:1, i:5)
2024-10-20 10:45:25,843 [s0-impl-thread1] INFO  raftlog.RaftLog (SegmentedRaftLog.java:close(567)) - Start closing s0@group-BE2C85CFCD31-SegmentedRaftLog:OPENED:c5:last(t:1, i:6)
2024-10-20 10:45:25,847 [s2-impl-thread1] INFO  impl.StateMachineUpdater (StateMachineUpdater.java:stopAndJoin(164)) - s2@group-BE2C85CFCD31-StateMachineUpdater: set stopIndex = 5
2024-10-20 10:45:25,847 [s2@group-BE2C85CFCD31-StateMachineUpdater] INFO  impl.StateMachineUpdater (StateMachineUpdater.java:stop(141)) - s2@group-BE2C85CFCD31-StateMachineUpdater: closing BaseStateMachine, lastApplied=(t:1, i:5)
2024-10-20 10:45:25,847 [s2@group-BE2C85CFCD31-FollowerState] INFO  impl.FollowerState (FollowerState.java:runImpl(170)) - s2@group-BE2C85CFCD31-FollowerState was interrupted
2024-10-20 10:45:25,847 [s2-impl-thread1] INFO  raftlog.RaftLog (SegmentedRaftLog.java:close(567)) - Start closing s2@group-BE2C85CFCD31-SegmentedRaftLog:OPENED:c5:last(t:1, i:6)
2024-10-20 10:45:25,850 [Thread-1757] INFO  server.GrpcServerProtocolClient (GrpcServerProtocolClient.java:close(105)) - s0 Close channels
2024-10-20 10:45:25,850 [s1@group-BE2C85CFCD31->s0-GrpcLogAppender-LogAppenderDaemon] WARN  server.GrpcLogAppender (GrpcLogAppender.java:mayWait(293)) - s1@group-BE2C85CFCD31->s0-GrpcLogAppender: Wait interrupted by java.lang.InterruptedException
2024-10-20 10:45:25,850 [s1-impl-thread1] INFO  impl.PendingRequests (PendingRequests.java:sendNotLeaderResponses(287)) - s1@group-BE2C85CFCD31-PendingRequests: sendNotLeaderResponses
2024-10-20 10:45:25,850 [Thread-1760] INFO  server.GrpcServerProtocolClient (GrpcServerProtocolClient.java:close(105)) - s2 Close channels
2024-10-20 10:45:25,850 [s1@group-BE2C85CFCD31->s2-GrpcLogAppender-LogAppenderDaemon] WARN  server.GrpcLogAppender (GrpcLogAppender.java:mayWait(293)) - s1@group-BE2C85CFCD31->s2-GrpcLogAppender: Wait interrupted by java.lang.InterruptedException
2024-10-20 10:45:25,851 [grpc-default-executor-2] INFO  server.GrpcServerProtocolService (GrpcServerProtocolService.java:onCompleted(200)) - s0: Completed APPEND_ENTRIES, lastRequest: null
2024-10-20 10:45:25,851 [grpc-default-executor-4] INFO  server.GrpcServerProtocolService (GrpcServerProtocolService.java:onCompleted(200)) - s0: Completed APPEND_ENTRIES, lastRequest: s1->s0#13-t1,previous=(t:1, i:5),leaderCommit=5,initializing? false,entries: size=1, first=(t:1, i:6), METADATAENTRY(c:5)
2024-10-20 10:45:25,851 [grpc-default-executor-2] INFO  server.GrpcServerProtocolService (GrpcServerProtocolService.java:lambda$onCompleted$7(202)) - s0: Completed APPEND_ENTRIES, lastReply: serverReply {
  requestorId: "s1"
  replyId: "s0"
  raftGroupId {
    id: "\321\001P\376n\341E\313\2311\276,\205\317\3151"
  }
  callId: 5
  success: true
}
term: 1
nextIndex: 1
matchIndex: 18446744073709551615
isHearbeat: true

2024-10-20 10:45:25,851 [grpc-default-executor-1] INFO  server.GrpcServerProtocolService (GrpcServerProtocolService.java:onCompleted(200)) - s2: Completed APPEND_ENTRIES, lastRequest: null
2024-10-20 10:45:25,851 [grpc-default-executor-1] INFO  server.GrpcServerProtocolService (GrpcServerProtocolService.java:lambda$onCompleted$7(202)) - s2: Completed APPEND_ENTRIES, lastReply: serverReply {
  requestorId: "s1"
  replyId: "s2"
  raftGroupId {
    id: "\321\001P\376n\341E\313\2311\276,\205\317\3151"
  }
  callId: 7
  success: true
}
term: 1
nextIndex: 1
matchIndex: 18446744073709551615
isHearbeat: true

2024-10-20 10:45:25,851 [MiniRaftCluster-69] INFO  server.GrpcServicesImpl (GrpcServicesImpl.java:closeImpl(371)) - s2: shutdown server org.apache.ratis.grpc.server.GrpcClientProtocolService successfully
2024-10-20 10:45:25,851 [MiniRaftCluster-69] INFO  server.GrpcServicesImpl (GrpcServicesImpl.java:closeImpl(362)) - s2: shutdown server GrpcServerProtocolService now
2024-10-20 10:45:25,851 [grpc-default-executor-4] INFO  server.GrpcServerProtocolService (GrpcServerProtocolService.java:lambda$onCompleted$7(202)) - s0: Completed APPEND_ENTRIES, lastReply: null
2024-10-20 10:45:25,852 [s2@group-BE2C85CFCD31-cacheEviction-AwaitToRun] INFO  util.AwaitToRun (AwaitToRun.java:run(49)) - s2@group-BE2C85CFCD31-cacheEviction-AwaitToRun-AwaitForSignal is interrupted
2024-10-20 10:45:25,852 [MiniRaftCluster-67] INFO  server.GrpcServicesImpl (GrpcServicesImpl.java:closeImpl(371)) - s0: shutdown server org.apache.ratis.grpc.server.GrpcClientProtocolService successfully
2024-10-20 10:45:25,852 [MiniRaftCluster-67] INFO  server.GrpcServicesImpl (GrpcServicesImpl.java:closeImpl(362)) - s0: shutdown server GrpcServerProtocolService now
2024-10-20 10:45:25,852 [grpc-default-executor-0] INFO  server.GrpcLogAppender (GrpcLogAppender.java:onCompleted(559)) - s1@group-BE2C85CFCD31->s0-AppendLogResponseHandler: follower responses appendEntries COMPLETED
2024-10-20 10:45:25,852 [s2-impl-thread1] INFO  segmented.LogSegment (LogSegment.java:close(348)) - Successfully closed EntryCache-log_inprogress_0
2024-10-20 10:45:25,852 [s0@group-BE2C85CFCD31-cacheEviction-AwaitToRun] INFO  util.AwaitToRun (AwaitToRun.java:run(49)) - s0@group-BE2C85CFCD31-cacheEviction-AwaitToRun-AwaitForSignal is interrupted
2024-10-20 10:45:25,852 [grpc-default-executor-1] INFO  server.GrpcServerProtocolService (GrpcServerProtocolService.java:onCompleted(200)) - s2: Completed APPEND_ENTRIES, lastRequest: s1->s2#15-t1,previous=(t:1, i:5),leaderCommit=5,initializing? false,entries: size=1, first=(t:1, i:6), METADATAENTRY(c:5)
2024-10-20 10:45:25,852 [grpc-default-executor-1] INFO  server.GrpcServerProtocolService (GrpcServerProtocolService.java:lambda$onCompleted$7(202)) - s2: Completed APPEND_ENTRIES, lastReply: null
2024-10-20 10:45:25,852 [MiniRaftCluster-69] INFO  server.GrpcServicesImpl (GrpcServicesImpl.java:closeImpl(371)) - s2: shutdown server GrpcServerProtocolService successfully
2024-10-20 10:45:25,853 [MiniRaftCluster-69] INFO  server.GrpcServicesImpl (GrpcServicesImpl.java:closeImpl(362)) - s2: shutdown server org.apache.ratis.grpc.server.GrpcAdminProtocolService now
2024-10-20 10:45:25,852 [grpc-default-executor-0] WARN  server.GrpcLogAppender (GrpcLogAppender.java:resetClient(230)) - s1@group-BE2C85CFCD31->s0-GrpcLogAppender: Failed to getClient for s0
org.apache.ratis.protocol.exceptions.AlreadyClosedException: s1 is already CLOSED
	at org.apache.ratis.util.PeerProxyMap$PeerAndProxy.getProxy(PeerProxyMap.java:67)
	at org.apache.ratis.util.PeerProxyMap.getProxy(PeerProxyMap.java:124)
	at org.apache.ratis.grpc.server.GrpcLogAppender.getClient(GrpcLogAppender.java:200)
	at org.apache.ratis.grpc.server.GrpcLogAppender.resetClient(GrpcLogAppender.java:205)
	at org.apache.ratis.grpc.server.GrpcLogAppender.access$800(GrpcLogAppender.java:64)
	at org.apache.ratis.grpc.server.GrpcLogAppender$AppendLogResponseHandler.onCompleted(GrpcLogAppender.java:560)
	at org.apache.ratis.thirdparty.io.grpc.stub.ClientCalls$StreamObserverToCallListenerAdapter.onClose(ClientCalls.java:479)
	at org.apache.ratis.thirdparty.io.grpc.internal.ClientCallImpl.closeObserver(ClientCallImpl.java:567)
	at org.apache.ratis.thirdparty.io.grpc.internal.ClientCallImpl.access$300(ClientCallImpl.java:71)
	at org.apache.ratis.thirdparty.io.grpc.internal.ClientCallImpl$ClientStreamListenerImpl$1StreamClosed.runInternal(ClientCallImpl.java:735)
	at org.apache.ratis.thirdparty.io.grpc.internal.ClientCallImpl$ClientStreamListenerImpl$1StreamClosed.runInContext(ClientCallImpl.java:716)
	at org.apache.ratis.thirdparty.io.grpc.internal.ContextRunnable.run(ContextRunnable.java:37)
	at org.apache.ratis.thirdparty.io.grpc.internal.SerializingExecutor.run(SerializingExecutor.java:133)
	at java.util.concurrent.ThreadPoolExecutor.runWorker(ThreadPoolExecutor.java:1149)
	at java.util.concurrent.ThreadPoolExecutor$Worker.run(ThreadPoolExecutor.java:624)
	at java.lang.Thread.run(Thread.java:750)
2024-10-20 10:45:25,854 [MiniRaftCluster-68] INFO  server.GrpcServicesImpl (GrpcServicesImpl.java:closeImpl(371)) - s1: shutdown server org.apache.ratis.grpc.server.GrpcClientProtocolService successfully
2024-10-20 10:45:25,855 [MiniRaftCluster-68] INFO  server.GrpcServicesImpl (GrpcServicesImpl.java:closeImpl(362)) - s1: shutdown server GrpcServerProtocolService now
2024-10-20 10:45:25,854 [MiniRaftCluster-69] INFO  server.GrpcServicesImpl (GrpcServicesImpl.java:closeImpl(371)) - s2: shutdown server org.apache.ratis.grpc.server.GrpcAdminProtocolService successfully
2024-10-20 10:45:25,855 [MiniRaftCluster-68] INFO  server.GrpcServicesImpl (GrpcServicesImpl.java:closeImpl(371)) - s1: shutdown server GrpcServerProtocolService successfully
2024-10-20 10:45:25,855 [MiniRaftCluster-68] INFO  server.GrpcServicesImpl (GrpcServicesImpl.java:closeImpl(362)) - s1: shutdown server org.apache.ratis.grpc.server.GrpcAdminProtocolService now
2024-10-20 10:45:25,854 [grpc-default-executor-1] INFO  server.GrpcLogAppender (GrpcLogAppender.java:onError(546)) - s1@group-BE2C85CFCD31->s2-GrpcLogAppender is already stopped
2024-10-20 10:45:25,854 [grpc-default-executor-3] INFO  server.GrpcLogAppender (GrpcLogAppender.java:onCompleted(559)) - s1@group-BE2C85CFCD31->s2-AppendLogResponseHandler: follower responses appendEntries COMPLETED
2024-10-20 10:45:25,854 [grpc-default-executor-2] INFO  server.GrpcLogAppender (GrpcLogAppender.java:onCompleted(559)) - s1@group-BE2C85CFCD31->s0-AppendLogResponseHandler: follower responses appendEntries COMPLETED
2024-10-20 10:45:25,855 [grpc-default-executor-2] WARN  server.GrpcLogAppender (GrpcLogAppender.java:resetClient(230)) - s1@group-BE2C85CFCD31->s0-GrpcLogAppender: Failed to getClient for s0
org.apache.ratis.protocol.exceptions.AlreadyClosedException: s1 is already CLOSED
	at org.apache.ratis.util.PeerProxyMap$PeerAndProxy.getProxy(PeerProxyMap.java:67)
	at org.apache.ratis.util.PeerProxyMap.getProxy(PeerProxyMap.java:124)
	at org.apache.ratis.grpc.server.GrpcLogAppender.getClient(GrpcLogAppender.java:200)
	at org.apache.ratis.grpc.server.GrpcLogAppender.resetClient(GrpcLogAppender.java:205)
	at org.apache.ratis.grpc.server.GrpcLogAppender.access$800(GrpcLogAppender.java:64)
	at org.apache.ratis.grpc.server.GrpcLogAppender$AppendLogResponseHandler.onCompleted(GrpcLogAppender.java:560)
	at org.apache.ratis.thirdparty.io.grpc.stub.ClientCalls$StreamObserverToCallListenerAdapter.onClose(ClientCalls.java:479)
	at org.apache.ratis.thirdparty.io.grpc.internal.DelayedClientCall$DelayedListener$3.run(DelayedClientCall.java:489)
	at org.apache.ratis.thirdparty.io.grpc.internal.DelayedClientCall$DelayedListener.delayOrExecute(DelayedClientCall.java:453)
	at org.apache.ratis.thirdparty.io.grpc.internal.DelayedClientCall$DelayedListener.onClose(DelayedClientCall.java:486)
	at org.apache.ratis.thirdparty.io.grpc.internal.ClientCallImpl.closeObserver(ClientCallImpl.java:567)
	at org.apache.ratis.thirdparty.io.grpc.internal.ClientCallImpl.access$300(ClientCallImpl.java:71)
	at org.apache.ratis.thirdparty.io.grpc.internal.ClientCallImpl$ClientStreamListenerImpl$1StreamClosed.runInternal(ClientCallImpl.java:735)
	at org.apache.ratis.thirdparty.io.grpc.internal.ClientCallImpl$ClientStreamListenerImpl$1StreamClosed.runInContext(ClientCallImpl.java:716)
	at org.apache.ratis.thirdparty.io.grpc.internal.ContextRunnable.run(ContextRunnable.java:37)
	at org.apache.ratis.thirdparty.io.grpc.internal.SerializingExecutor.run(SerializingExecutor.java:133)
	at java.util.concurrent.ThreadPoolExecutor.runWorker(ThreadPoolExecutor.java:1149)
	at java.util.concurrent.ThreadPoolExecutor$Worker.run(ThreadPoolExecutor.java:624)
	at java.lang.Thread.run(Thread.java:750)
2024-10-20 10:45:25,854 [MiniRaftCluster-67] INFO  server.GrpcServicesImpl (GrpcServicesImpl.java:closeImpl(371)) - s0: shutdown server GrpcServerProtocolService successfully
2024-10-20 10:45:25,855 [MiniRaftCluster-67] INFO  server.GrpcServicesImpl (GrpcServicesImpl.java:closeImpl(362)) - s0: shutdown server org.apache.ratis.grpc.server.GrpcAdminProtocolService now
2024-10-20 10:45:25,853 [s1@group-BE2C85CFCD31-StateMachineUpdater] INFO  impl.StateMachineUpdater (StateMachineUpdater.java:stop(141)) - s1@group-BE2C85CFCD31-StateMachineUpdater: closing BaseStateMachine, lastApplied=(t:1, i:6)
2024-10-20 10:45:25,853 [s1-impl-thread1] INFO  impl.StateMachineUpdater (StateMachineUpdater.java:stopAndJoin(164)) - s1@group-BE2C85CFCD31-StateMachineUpdater: set stopIndex = 6
2024-10-20 10:45:25,852 [s0-impl-thread1] INFO  segmented.LogSegment (LogSegment.java:close(348)) - Successfully closed EntryCache-log_inprogress_0
2024-10-20 10:45:25,856 [s1-impl-thread1] INFO  raftlog.RaftLog (SegmentedRaftLog.java:close(567)) - Start closing s1@group-BE2C85CFCD31-SegmentedRaftLog:OPENED:c6:last(t:1, i:6)
2024-10-20 10:45:25,855 [MiniRaftCluster-68] INFO  server.GrpcServicesImpl (GrpcServicesImpl.java:closeImpl(371)) - s1: shutdown server org.apache.ratis.grpc.server.GrpcAdminProtocolService successfully
2024-10-20 10:45:25,855 [grpc-default-executor-3] WARN  server.GrpcLogAppender (GrpcLogAppender.java:resetClient(230)) - s1@group-BE2C85CFCD31->s2-GrpcLogAppender: Failed to getClient for s2
org.apache.ratis.protocol.exceptions.AlreadyClosedException: s1 is already CLOSED
	at org.apache.ratis.util.PeerProxyMap$PeerAndProxy.getProxy(PeerProxyMap.java:67)
	at org.apache.ratis.util.PeerProxyMap.getProxy(PeerProxyMap.java:124)
	at org.apache.ratis.grpc.server.GrpcLogAppender.getClient(GrpcLogAppender.java:200)
	at org.apache.ratis.grpc.server.GrpcLogAppender.resetClient(GrpcLogAppender.java:205)
	at org.apache.ratis.grpc.server.GrpcLogAppender.access$800(GrpcLogAppender.java:64)
	at org.apache.ratis.grpc.server.GrpcLogAppender$AppendLogResponseHandler.onCompleted(GrpcLogAppender.java:560)
	at org.apache.ratis.thirdparty.io.grpc.stub.ClientCalls$StreamObserverToCallListenerAdapter.onClose(ClientCalls.java:479)
	at org.apache.ratis.thirdparty.io.grpc.internal.DelayedClientCall$DelayedListener$3.run(DelayedClientCall.java:489)
	at org.apache.ratis.thirdparty.io.grpc.internal.DelayedClientCall$DelayedListener.delayOrExecute(DelayedClientCall.java:453)
	at org.apache.ratis.thirdparty.io.grpc.internal.DelayedClientCall$DelayedListener.onClose(DelayedClientCall.java:486)
	at org.apache.ratis.thirdparty.io.grpc.internal.ClientCallImpl.closeObserver(ClientCallImpl.java:567)
	at org.apache.ratis.thirdparty.io.grpc.internal.ClientCallImpl.access$300(ClientCallImpl.java:71)
	at org.apache.ratis.thirdparty.io.grpc.internal.ClientCallImpl$ClientStreamListenerImpl$1StreamClosed.runInternal(ClientCallImpl.java:735)
	at org.apache.ratis.thirdparty.io.grpc.internal.ClientCallImpl$ClientStreamListenerImpl$1StreamClosed.runInContext(ClientCallImpl.java:716)
	at org.apache.ratis.thirdparty.io.grpc.internal.ContextRunnable.run(ContextRunnable.java:37)
	at org.apache.ratis.thirdparty.io.grpc.internal.SerializingExecutor.run(SerializingExecutor.java:133)
	at java.util.concurrent.ThreadPoolExecutor.runWorker(ThreadPoolExecutor.java:1149)
	at java.util.concurrent.ThreadPoolExecutor$Worker.run(ThreadPoolExecutor.java:624)
	at java.lang.Thread.run(Thread.java:750)
2024-10-20 10:45:25,856 [MiniRaftCluster-67] INFO  server.GrpcServicesImpl (GrpcServicesImpl.java:closeImpl(371)) - s0: shutdown server org.apache.ratis.grpc.server.GrpcAdminProtocolService successfully
2024-10-20 10:45:25,856 [s1@group-BE2C85CFCD31-cacheEviction-AwaitToRun] INFO  util.AwaitToRun (AwaitToRun.java:run(49)) - s1@group-BE2C85CFCD31-cacheEviction-AwaitToRun-AwaitForSignal is interrupted
2024-10-20 10:45:25,856 [s1-impl-thread1] INFO  segmented.LogSegment (LogSegment.java:close(348)) - Successfully closed EntryCache-log_inprogress_0
2024-10-20 10:45:26,832 [s1-impl-thread1] INFO  segmented.SegmentedRaftLogWorker (SegmentedRaftLogWorker.java:close(253)) - s1@group-BE2C85CFCD31-SegmentedRaftLogWorker close()
2024-10-20 10:45:26,833 [s1-impl-thread1] INFO  raftlog.RaftLog (SegmentedRaftLog.java:close(575)) - Successfully closed s1@group-BE2C85CFCD31-SegmentedRaftLog:CLOSED:c6
2024-10-20 10:45:26,833 [JvmPauseMonitor67] INFO  util.JvmPauseMonitor (JvmPauseMonitor.java:run(152)) - JvmPauseMonitor-s1: Stopped
2024-10-20 10:45:26,833 [s0-impl-thread1] INFO  segmented.SegmentedRaftLogWorker (SegmentedRaftLogWorker.java:close(253)) - s0@group-BE2C85CFCD31-SegmentedRaftLogWorker close()
2024-10-20 10:45:26,833 [s0-impl-thread1] INFO  raftlog.RaftLog (SegmentedRaftLog.java:close(575)) - Successfully closed s0@group-BE2C85CFCD31-SegmentedRaftLog:CLOSED:c5
2024-10-20 10:45:26,834 [JvmPauseMonitor66] INFO  util.JvmPauseMonitor (JvmPauseMonitor.java:run(152)) - JvmPauseMonitor-s0: Stopped
2024-10-20 10:45:26,835 [s2-impl-thread1] INFO  segmented.SegmentedRaftLogWorker (SegmentedRaftLogWorker.java:close(253)) - s2@group-BE2C85CFCD31-SegmentedRaftLogWorker close()
2024-10-20 10:45:26,835 [s2-impl-thread1] INFO  raftlog.RaftLog (SegmentedRaftLog.java:close(575)) - Successfully closed s2@group-BE2C85CFCD31-SegmentedRaftLog:CLOSED:c5
2024-10-20 10:45:26,835 [JvmPauseMonitor68] INFO  util.JvmPauseMonitor (JvmPauseMonitor.java:run(152)) - JvmPauseMonitor-s2: Stopped
2024-10-20 10:45:26,835 [main] INFO  impl.MiniRaftCluster (MiniRaftCluster.java:shutdown(885)) - MiniRaftClusterWithGrpc shutdown completed
2024-10-20 10:45:26,835 [main] INFO  ratis.RaftTestUtil (RaftTestUtil.java:gc(596)) - gc 0
2024-10-20 10:45:26,978 [main] WARN  util.ReferenceCountedLeakDetector (ReferenceCountedLeakDetector.java:logLeakMessage(167)) - LEAK: (class org.apache.ratis.proto.RaftProtos$AppendEntriesRequestProto, count=2, value=serverRequest {
  requestorId: "s0"
  replyId: "s2"
  raftGroupId {
    id: "\375\210\024\357\262\375HY\244\207Ci\024Gb\025"
  }
}
leaderTerm: 10
previousLog {
  term: 9
  index: 16
}
leaderCommit: 16
commitInfos {
  server {
    id: "s0"
    address: "localhost:15252"
    dataStreamAddress: "localhost:15255"
    clientAddress: "localhost:15254"
    adminAddress: "localhost:15253"
    startupRole: FOLLOWER
  }
  commitIndex: 16
}
commitInfos {
  server {
    id: "s1"
    address: "localhost:15256"
    dataStreamAddress: "localhost:15259"
    clientAddress: "localhost:15258"
    adminAddress: "localhost:15257"
    startupRole: FOLLOWER
  }
  commitIndex: 16
}
commitInfos {
  server {
    id: "s2"
    address: "localhost:15260"
    dataStreamAddress: "localhost:15263"
    clientAddress: "localhost:15262"
    adminAddress: "localhost:15261"
    startupRole: FOLLOWER
  }
  commitIndex: 16
}
)
2024-10-20 10:45:26,978 [main] WARN  util.ReferenceCountedLeakDetector (ReferenceCountedLeakDetector.java:logLeakMessage(167)) - LEAK: (class org.apache.ratis.proto.RaftProtos$AppendEntriesRequestProto, count=3, value=serverRequest {
  requestorId: "s1"
  replyId: "s2"
  raftGroupId {
    id: "\375\210\024\357\262\375HY\244\207Ci\024Gb\025"
  }
  callId: 1
}
leaderTerm: 11
previousLog {
  term: 10
  index: 18
}
entries {
  term: 11
  index: 19
  configurationEntry {
    peers {
      id: "s0"
      address: "localhost:15252"
      dataStreamAddress: "localhost:15255"
      clientAddress: "localhost:15254"
      adminAddress: "localhost:15253"
      startupRole: FOLLOWER
    }
    peers {
      id: "s1"
      address: "localhost:15256"
      dataStreamAddress: "localhost:15259"
      clientAddress: "localhost:15258"
      adminAddress: "localhost:15257"
      startupRole: FOLLOWER
    }
    peers {
      id: "s2"
      address: "localhost:15260"
      dataStreamAddress: "localhost:15263"
      clientAddress: "localhost:15262"
      adminAddress: "localhost:15261"
      startupRole: FOLLOWER
    }
  }
}
leaderCommit: 17
commitInfos {
  server {
    id: "s1"
    address: "localhost:15256"
    dataStreamAddress: "localhost:15259"
    clientAddress: "localhost:15258"
    adminAddress: "localhost:15257"
    startupRole: FOLLOWER
  }
  commitIndex: 17
}
commitInfos {
  server {
    id: "s0"
    address: "localhost:15252"
    dataStreamAddress: "localhost:15255"
    clientAddress: "localhost:15254"
    adminAddress: "localhost:15253"
    startupRole: FOLLOWER
  }
  commitIndex: 17
}
commitInfos {
  server {
    id: "s2"
    address: "localhost:15260"
    dataStreamAddress: "localhost:15263"
    clientAddress: "localhost:15262"
    adminAddress: "localhost:15261"
    startupRole: FOLLOWER
  }
  commitIndex: 16
}
)
2024-10-20 10:45:26,978 [main] WARN  util.ReferenceCountedLeakDetector (ReferenceCountedLeakDetector.java:logLeakMessage(167)) - LEAK: (class org.apache.ratis.proto.RaftProtos$AppendEntriesRequestProto, count=3, value=serverRequest {
  requestorId: "s0"
  replyId: "s2"
  raftGroupId {
    id: "\375\210\024\357\262\375HY\244\207Ci\024Gb\025"
  }
  callId: 1
}
leaderTerm: 10
previousLog {
  term: 9
  index: 16
}
entries {
  term: 10
  index: 17
  configurationEntry {
    peers {
      id: "s0"
      address: "localhost:15252"
      dataStreamAddress: "localhost:15255"
      clientAddress: "localhost:15254"
      adminAddress: "localhost:15253"
      startupRole: FOLLOWER
    }
    peers {
      id: "s1"
      address: "localhost:15256"
      dataStreamAddress: "localhost:15259"
      clientAddress: "localhost:15258"
      adminAddress: "localhost:15257"
      startupRole: FOLLOWER
    }
    peers {
      id: "s2"
      address: "localhost:15260"
      dataStreamAddress: "localhost:15263"
      clientAddress: "localhost:15262"
      adminAddress: "localhost:15261"
      startupRole: FOLLOWER
    }
  }
}
leaderCommit: 16
commitInfos {
  server {
    id: "s0"
    address: "localhost:15252"
    dataStreamAddress: "localhost:15255"
    clientAddress: "localhost:15254"
    adminAddress: "localhost:15253"
    startupRole: FOLLOWER
  }
  commitIndex: 16
}
commitInfos {
  server {
    id: "s1"
    address: "localhost:15256"
    dataStreamAddress: "localhost:15259"
    clientAddress: "localhost:15258"
    adminAddress: "localhost:15257"
    startupRole: FOLLOWER
  }
  commitIndex: 16
}
commitInfos {
  server {
    id: "s2"
    address: "localhost:15260"
    dataStreamAddress: "localhost:15263"
    clientAddress: "localhost:15262"
    adminAddress: "localhost:15261"
    startupRole: FOLLOWER
  }
  commitIndex: 16
}
)
2024-10-20 10:45:26,978 [main] WARN  util.ReferenceCountedLeakDetector (ReferenceCountedLeakDetector.java:logLeakMessage(167)) - LEAK: (class org.apache.ratis.proto.RaftProtos$AppendEntriesRequestProto, count=2, value=serverRequest {
  requestorId: "s1"
  replyId: "s2"
  raftGroupId {
    id: "\375\210\024\357\262\375HY\244\207Ci\024Gb\025"
  }
  callId: 8
}
leaderTerm: 9
previousLog {
  term: 9
  index: 16
}
leaderCommit: 16
commitInfos {
  server {
    id: "s1"
    address: "localhost:15256"
    dataStreamAddress: "localhost:15259"
    clientAddress: "localhost:15258"
    adminAddress: "localhost:15257"
    startupRole: FOLLOWER
  }
  commitIndex: 16
}
commitInfos {
  server {
    id: "s0"
    address: "localhost:15252"
    dataStreamAddress: "localhost:15255"
    clientAddress: "localhost:15254"
    adminAddress: "localhost:15253"
    startupRole: FOLLOWER
  }
  commitIndex: 16
}
commitInfos {
  server {
    id: "s2"
    address: "localhost:15260"
    dataStreamAddress: "localhost:15263"
    clientAddress: "localhost:15262"
    adminAddress: "localhost:15261"
    startupRole: FOLLOWER
  }
  commitIndex: 16
}
)
2024-10-20 10:45:26,978 [main] WARN  util.ReferenceCountedLeakDetector (ReferenceCountedLeakDetector.java:logLeakMessage(167)) - LEAK: (class org.apache.ratis.proto.RaftProtos$AppendEntriesRequestProto, count=2, value=serverRequest {
  requestorId: "s1"
  replyId: "s2"
  raftGroupId {
    id: "\375\210\024\357\262\375HY\244\207Ci\024Gb\025"
  }
}
leaderTerm: 11
previousLog {
  term: 10
  index: 18
}
leaderCommit: 17
commitInfos {
  server {
    id: "s1"
    address: "localhost:15256"
    dataStreamAddress: "localhost:15259"
    clientAddress: "localhost:15258"
    adminAddress: "localhost:15257"
    startupRole: FOLLOWER
  }
  commitIndex: 17
}
commitInfos {
  server {
    id: "s0"
    address: "localhost:15252"
    dataStreamAddress: "localhost:15255"
    clientAddress: "localhost:15254"
    adminAddress: "localhost:15253"
    startupRole: FOLLOWER
  }
  commitIndex: 17
}
commitInfos {
  server {
    id: "s2"
    address: "localhost:15260"
    dataStreamAddress: "localhost:15263"
    clientAddress: "localhost:15262"
    adminAddress: "localhost:15261"
    startupRole: FOLLOWER
  }
  commitIndex: 16
}
)
2024-10-20 10:45:26,978 [main] WARN  util.LeakDetector (LeakDetector.java:assertNoLeaks(171)) - 0/30) numLeaks == 5 > 0, will wait and retry ...
2024-10-20 10:45:27,979 [main] WARN  util.ReferenceCountedLeakDetector (ReferenceCountedLeakDetector.java:logLeakMessage(167)) - LEAK: (class org.apache.ratis.proto.RaftProtos$AppendEntriesRequestProto, count=2, value=serverRequest {
  requestorId: "s0"
  replyId: "s2"
  raftGroupId {
    id: "\375\210\024\357\262\375HY\244\207Ci\024Gb\025"
  }
}
leaderTerm: 10
previousLog {
  term: 9
  index: 16
}
leaderCommit: 16
commitInfos {
  server {
    id: "s0"
    address: "localhost:15252"
    dataStreamAddress: "localhost:15255"
    clientAddress: "localhost:15254"
    adminAddress: "localhost:15253"
    startupRole: FOLLOWER
  }
  commitIndex: 16
}
commitInfos {
  server {
    id: "s1"
    address: "localhost:15256"
    dataStreamAddress: "localhost:15259"
    clientAddress: "localhost:15258"
    adminAddress: "localhost:15257"
    startupRole: FOLLOWER
  }
  commitIndex: 16
}
commitInfos {
  server {
    id: "s2"
    address: "localhost:15260"
    dataStreamAddress: "localhost:15263"
    clientAddress: "localhost:15262"
    adminAddress: "localhost:15261"
    startupRole: FOLLOWER
  }
  commitIndex: 16
}
)
2024-10-20 10:45:27,979 [main] WARN  util.ReferenceCountedLeakDetector (ReferenceCountedLeakDetector.java:logLeakMessage(167)) - LEAK: (class org.apache.ratis.proto.RaftProtos$AppendEntriesRequestProto, count=3, value=serverRequest {
  requestorId: "s1"
  replyId: "s2"
  raftGroupId {
    id: "\375\210\024\357\262\375HY\244\207Ci\024Gb\025"
  }
  callId: 1
}
leaderTerm: 11
previousLog {
  term: 10
  index: 18
}
entries {
  term: 11
  index: 19
  configurationEntry {
    peers {
      id: "s0"
      address: "localhost:15252"
      dataStreamAddress: "localhost:15255"
      clientAddress: "localhost:15254"
      adminAddress: "localhost:15253"
      startupRole: FOLLOWER
    }
    peers {
      id: "s1"
      address: "localhost:15256"
      dataStreamAddress: "localhost:15259"
      clientAddress: "localhost:15258"
      adminAddress: "localhost:15257"
      startupRole: FOLLOWER
    }
    peers {
      id: "s2"
      address: "localhost:15260"
      dataStreamAddress: "localhost:15263"
      clientAddress: "localhost:15262"
      adminAddress: "localhost:15261"
      startupRole: FOLLOWER
    }
  }
}
leaderCommit: 17
commitInfos {
  server {
    id: "s1"
    address: "localhost:15256"
    dataStreamAddress: "localhost:15259"
    clientAddress: "localhost:15258"
    adminAddress: "localhost:15257"
    startupRole: FOLLOWER
  }
  commitIndex: 17
}
commitInfos {
  server {
    id: "s0"
    address: "localhost:15252"
    dataStreamAddress: "localhost:15255"
    clientAddress: "localhost:15254"
    adminAddress: "localhost:15253"
    startupRole: FOLLOWER
  }
  commitIndex: 17
}
commitInfos {
  server {
    id: "s2"
    address: "localhost:15260"
    dataStreamAddress: "localhost:15263"
    clientAddress: "localhost:15262"
    adminAddress: "localhost:15261"
    startupRole: FOLLOWER
  }
  commitIndex: 16
}
)
2024-10-20 10:45:27,979 [main] WARN  util.ReferenceCountedLeakDetector (ReferenceCountedLeakDetector.java:logLeakMessage(167)) - LEAK: (class org.apache.ratis.proto.RaftProtos$AppendEntriesRequestProto, count=3, value=serverRequest {
  requestorId: "s0"
  replyId: "s2"
  raftGroupId {
    id: "\375\210\024\357\262\375HY\244\207Ci\024Gb\025"
  }
  callId: 1
}
leaderTerm: 10
previousLog {
  term: 9
  index: 16
}
entries {
  term: 10
  index: 17
  configurationEntry {
    peers {
      id: "s0"
      address: "localhost:15252"
      dataStreamAddress: "localhost:15255"
      clientAddress: "localhost:15254"
      adminAddress: "localhost:15253"
      startupRole: FOLLOWER
    }
    peers {
      id: "s1"
      address: "localhost:15256"
      dataStreamAddress: "localhost:15259"
      clientAddress: "localhost:15258"
      adminAddress: "localhost:15257"
      startupRole: FOLLOWER
    }
    peers {
      id: "s2"
      address: "localhost:15260"
      dataStreamAddress: "localhost:15263"
      clientAddress: "localhost:15262"
      adminAddress: "localhost:15261"
      startupRole: FOLLOWER
    }
  }
}
leaderCommit: 16
commitInfos {
  server {
    id: "s0"
    address: "localhost:15252"
    dataStreamAddress: "localhost:15255"
    clientAddress: "localhost:15254"
    adminAddress: "localhost:15253"
    startupRole: FOLLOWER
  }
  commitIndex: 16
}
commitInfos {
  server {
    id: "s1"
    address: "localhost:15256"
    dataStreamAddress: "localhost:15259"
    clientAddress: "localhost:15258"
    adminAddress: "localhost:15257"
    startupRole: FOLLOWER
  }
  commitIndex: 16
}
commitInfos {
  server {
    id: "s2"
    address: "localhost:15260"
    dataStreamAddress: "localhost:15263"
    clientAddress: "localhost:15262"
    adminAddress: "localhost:15261"
    startupRole: FOLLOWER
  }
  commitIndex: 16
}
)
2024-10-20 10:45:27,979 [main] WARN  util.ReferenceCountedLeakDetector (ReferenceCountedLeakDetector.java:logLeakMessage(167)) - LEAK: (class org.apache.ratis.proto.RaftProtos$AppendEntriesRequestProto, count=2, value=serverRequest {
  requestorId: "s1"
  replyId: "s2"
  raftGroupId {
    id: "\375\210\024\357\262\375HY\244\207Ci\024Gb\025"
  }
  callId: 8
}
leaderTerm: 9
previousLog {
  term: 9
  index: 16
}
leaderCommit: 16
commitInfos {
  server {
    id: "s1"
    address: "localhost:15256"
    dataStreamAddress: "localhost:15259"
    clientAddress: "localhost:15258"
    adminAddress: "localhost:15257"
    startupRole: FOLLOWER
  }
  commitIndex: 16
}
commitInfos {
  server {
    id: "s0"
    address: "localhost:15252"
    dataStreamAddress: "localhost:15255"
    clientAddress: "localhost:15254"
    adminAddress: "localhost:15253"
    startupRole: FOLLOWER
  }
  commitIndex: 16
}
commitInfos {
  server {
    id: "s2"
    address: "localhost:15260"
    dataStreamAddress: "localhost:15263"
    clientAddress: "localhost:15262"
    adminAddress: "localhost:15261"
    startupRole: FOLLOWER
  }
  commitIndex: 16
}
)
2024-10-20 10:45:27,979 [main] WARN  util.ReferenceCountedLeakDetector (ReferenceCountedLeakDetector.java:logLeakMessage(167)) - LEAK: (class org.apache.ratis.proto.RaftProtos$AppendEntriesRequestProto, count=2, value=serverRequest {
  requestorId: "s1"
  replyId: "s2"
  raftGroupId {
    id: "\375\210\024\357\262\375HY\244\207Ci\024Gb\025"
  }
}
leaderTerm: 11
previousLog {
  term: 10
  index: 18
}
leaderCommit: 17
commitInfos {
  server {
    id: "s1"
    address: "localhost:15256"
    dataStreamAddress: "localhost:15259"
    clientAddress: "localhost:15258"
    adminAddress: "localhost:15257"
    startupRole: FOLLOWER
  }
  commitIndex: 17
}
commitInfos {
  server {
    id: "s0"
    address: "localhost:15252"
    dataStreamAddress: "localhost:15255"
    clientAddress: "localhost:15254"
    adminAddress: "localhost:15253"
    startupRole: FOLLOWER
  }
  commitIndex: 17
}
commitInfos {
  server {
    id: "s2"
    address: "localhost:15260"
    dataStreamAddress: "localhost:15263"
    clientAddress: "localhost:15262"
    adminAddress: "localhost:15261"
    startupRole: FOLLOWER
  }
  commitIndex: 16
}
)
2024-10-20 10:45:27,979 [main] WARN  util.LeakDetector (LeakDetector.java:assertNoLeaks(171)) - 1/30) numLeaks == 5 > 0, will wait and retry ...
2024-10-20 10:45:28,980 [main] WARN  util.ReferenceCountedLeakDetector (ReferenceCountedLeakDetector.java:logLeakMessage(167)) - LEAK: (class org.apache.ratis.proto.RaftProtos$AppendEntriesRequestProto, count=2, value=serverRequest {
  requestorId: "s0"
  replyId: "s2"
  raftGroupId {
    id: "\375\210\024\357\262\375HY\244\207Ci\024Gb\025"
  }
}
leaderTerm: 10
previousLog {
  term: 9
  index: 16
}
leaderCommit: 16
commitInfos {
  server {
    id: "s0"
    address: "localhost:15252"
    dataStreamAddress: "localhost:15255"
    clientAddress: "localhost:15254"
    adminAddress: "localhost:15253"
    startupRole: FOLLOWER
  }
  commitIndex: 16
}
commitInfos {
  server {
    id: "s1"
    address: "localhost:15256"
    dataStreamAddress: "localhost:15259"
    clientAddress: "localhost:15258"
    adminAddress: "localhost:15257"
    startupRole: FOLLOWER
  }
  commitIndex: 16
}
commitInfos {
  server {
    id: "s2"
    address: "localhost:15260"
    dataStreamAddress: "localhost:15263"
    clientAddress: "localhost:15262"
    adminAddress: "localhost:15261"
    startupRole: FOLLOWER
  }
  commitIndex: 16
}
)
2024-10-20 10:45:28,980 [main] WARN  util.ReferenceCountedLeakDetector (ReferenceCountedLeakDetector.java:logLeakMessage(167)) - LEAK: (class org.apache.ratis.proto.RaftProtos$AppendEntriesRequestProto, count=3, value=serverRequest {
  requestorId: "s1"
  replyId: "s2"
  raftGroupId {
    id: "\375\210\024\357\262\375HY\244\207Ci\024Gb\025"
  }
  callId: 1
}
leaderTerm: 11
previousLog {
  term: 10
  index: 18
}
entries {
  term: 11
  index: 19
  configurationEntry {
    peers {
      id: "s0"
      address: "localhost:15252"
      dataStreamAddress: "localhost:15255"
      clientAddress: "localhost:15254"
      adminAddress: "localhost:15253"
      startupRole: FOLLOWER
    }
    peers {
      id: "s1"
      address: "localhost:15256"
      dataStreamAddress: "localhost:15259"
      clientAddress: "localhost:15258"
      adminAddress: "localhost:15257"
      startupRole: FOLLOWER
    }
    peers {
      id: "s2"
      address: "localhost:15260"
      dataStreamAddress: "localhost:15263"
      clientAddress: "localhost:15262"
      adminAddress: "localhost:15261"
      startupRole: FOLLOWER
    }
  }
}
leaderCommit: 17
commitInfos {
  server {
    id: "s1"
    address: "localhost:15256"
    dataStreamAddress: "localhost:15259"
    clientAddress: "localhost:15258"
    adminAddress: "localhost:15257"
    startupRole: FOLLOWER
  }
  commitIndex: 17
}
commitInfos {
  server {
    id: "s0"
    address: "localhost:15252"
    dataStreamAddress: "localhost:15255"
    clientAddress: "localhost:15254"
    adminAddress: "localhost:15253"
    startupRole: FOLLOWER
  }
  commitIndex: 17
}
commitInfos {
  server {
    id: "s2"
    address: "localhost:15260"
    dataStreamAddress: "localhost:15263"
    clientAddress: "localhost:15262"
    adminAddress: "localhost:15261"
    startupRole: FOLLOWER
  }
  commitIndex: 16
}
)
2024-10-20 10:45:28,980 [main] WARN  util.ReferenceCountedLeakDetector (ReferenceCountedLeakDetector.java:logLeakMessage(167)) - LEAK: (class org.apache.ratis.proto.RaftProtos$AppendEntriesRequestProto, count=3, value=serverRequest {
  requestorId: "s0"
  replyId: "s2"
  raftGroupId {
    id: "\375\210\024\357\262\375HY\244\207Ci\024Gb\025"
  }
  callId: 1
}
leaderTerm: 10
previousLog {
  term: 9
  index: 16
}
entries {
  term: 10
  index: 17
  configurationEntry {
    peers {
      id: "s0"
      address: "localhost:15252"
      dataStreamAddress: "localhost:15255"
      clientAddress: "localhost:15254"
      adminAddress: "localhost:15253"
      startupRole: FOLLOWER
    }
    peers {
      id: "s1"
      address: "localhost:15256"
      dataStreamAddress: "localhost:15259"
      clientAddress: "localhost:15258"
      adminAddress: "localhost:15257"
      startupRole: FOLLOWER
    }
    peers {
      id: "s2"
      address: "localhost:15260"
      dataStreamAddress: "localhost:15263"
      clientAddress: "localhost:15262"
      adminAddress: "localhost:15261"
      startupRole: FOLLOWER
    }
  }
}
leaderCommit: 16
commitInfos {
  server {
    id: "s0"
    address: "localhost:15252"
    dataStreamAddress: "localhost:15255"
    clientAddress: "localhost:15254"
    adminAddress: "localhost:15253"
    startupRole: FOLLOWER
  }
  commitIndex: 16
}
commitInfos {
  server {
    id: "s1"
    address: "localhost:15256"
    dataStreamAddress: "localhost:15259"
    clientAddress: "localhost:15258"
    adminAddress: "localhost:15257"
    startupRole: FOLLOWER
  }
  commitIndex: 16
}
commitInfos {
  server {
    id: "s2"
    address: "localhost:15260"
    dataStreamAddress: "localhost:15263"
    clientAddress: "localhost:15262"
    adminAddress: "localhost:15261"
    startupRole: FOLLOWER
  }
  commitIndex: 16
}
)
2024-10-20 10:45:28,980 [main] WARN  util.ReferenceCountedLeakDetector (ReferenceCountedLeakDetector.java:logLeakMessage(167)) - LEAK: (class org.apache.ratis.proto.RaftProtos$AppendEntriesRequestProto, count=2, value=serverRequest {
  requestorId: "s1"
  replyId: "s2"
  raftGroupId {
    id: "\375\210\024\357\262\375HY\244\207Ci\024Gb\025"
  }
  callId: 8
}
leaderTerm: 9
previousLog {
  term: 9
  index: 16
}
leaderCommit: 16
commitInfos {
  server {
    id: "s1"
    address: "localhost:15256"
    dataStreamAddress: "localhost:15259"
    clientAddress: "localhost:15258"
    adminAddress: "localhost:15257"
    startupRole: FOLLOWER
  }
  commitIndex: 16
}
commitInfos {
  server {
    id: "s0"
    address: "localhost:15252"
    dataStreamAddress: "localhost:15255"
    clientAddress: "localhost:15254"
    adminAddress: "localhost:15253"
    startupRole: FOLLOWER
  }
  commitIndex: 16
}
commitInfos {
  server {
    id: "s2"
    address: "localhost:15260"
    dataStreamAddress: "localhost:15263"
    clientAddress: "localhost:15262"
    adminAddress: "localhost:15261"
    startupRole: FOLLOWER
  }
  commitIndex: 16
}
)
2024-10-20 10:45:28,980 [main] WARN  util.ReferenceCountedLeakDetector (ReferenceCountedLeakDetector.java:logLeakMessage(167)) - LEAK: (class org.apache.ratis.proto.RaftProtos$AppendEntriesRequestProto, count=2, value=serverRequest {
  requestorId: "s1"
  replyId: "s2"
  raftGroupId {
    id: "\375\210\024\357\262\375HY\244\207Ci\024Gb\025"
  }
}
leaderTerm: 11
previousLog {
  term: 10
  index: 18
}
leaderCommit: 17
commitInfos {
  server {
    id: "s1"
    address: "localhost:15256"
    dataStreamAddress: "localhost:15259"
    clientAddress: "localhost:15258"
    adminAddress: "localhost:15257"
    startupRole: FOLLOWER
  }
  commitIndex: 17
}
commitInfos {
  server {
    id: "s0"
    address: "localhost:15252"
    dataStreamAddress: "localhost:15255"
    clientAddress: "localhost:15254"
    adminAddress: "localhost:15253"
    startupRole: FOLLOWER
  }
  commitIndex: 17
}
commitInfos {
  server {
    id: "s2"
    address: "localhost:15260"
    dataStreamAddress: "localhost:15263"
    clientAddress: "localhost:15262"
    adminAddress: "localhost:15261"
    startupRole: FOLLOWER
  }
  commitIndex: 16
}
)
2024-10-20 10:45:28,981 [main] WARN  util.LeakDetector (LeakDetector.java:assertNoLeaks(171)) - 2/30) numLeaks == 5 > 0, will wait and retry ...
2024-10-20 10:45:29,981 [main] WARN  util.ReferenceCountedLeakDetector (ReferenceCountedLeakDetector.java:logLeakMessage(167)) - LEAK: (class org.apache.ratis.proto.RaftProtos$AppendEntriesRequestProto, count=2, value=serverRequest {
  requestorId: "s0"
  replyId: "s2"
  raftGroupId {
    id: "\375\210\024\357\262\375HY\244\207Ci\024Gb\025"
  }
}
leaderTerm: 10
previousLog {
  term: 9
  index: 16
}
leaderCommit: 16
commitInfos {
  server {
    id: "s0"
    address: "localhost:15252"
    dataStreamAddress: "localhost:15255"
    clientAddress: "localhost:15254"
    adminAddress: "localhost:15253"
    startupRole: FOLLOWER
  }
  commitIndex: 16
}
commitInfos {
  server {
    id: "s1"
    address: "localhost:15256"
    dataStreamAddress: "localhost:15259"
    clientAddress: "localhost:15258"
    adminAddress: "localhost:15257"
    startupRole: FOLLOWER
  }
  commitIndex: 16
}
commitInfos {
  server {
    id: "s2"
    address: "localhost:15260"
    dataStreamAddress: "localhost:15263"
    clientAddress: "localhost:15262"
    adminAddress: "localhost:15261"
    startupRole: FOLLOWER
  }
  commitIndex: 16
}
)
2024-10-20 10:45:29,981 [main] WARN  util.ReferenceCountedLeakDetector (ReferenceCountedLeakDetector.java:logLeakMessage(167)) - LEAK: (class org.apache.ratis.proto.RaftProtos$AppendEntriesRequestProto, count=3, value=serverRequest {
  requestorId: "s1"
  replyId: "s2"
  raftGroupId {
    id: "\375\210\024\357\262\375HY\244\207Ci\024Gb\025"
  }
  callId: 1
}
leaderTerm: 11
previousLog {
  term: 10
  index: 18
}
entries {
  term: 11
  index: 19
  configurationEntry {
    peers {
      id: "s0"
      address: "localhost:15252"
      dataStreamAddress: "localhost:15255"
      clientAddress: "localhost:15254"
      adminAddress: "localhost:15253"
      startupRole: FOLLOWER
    }
    peers {
      id: "s1"
      address: "localhost:15256"
      dataStreamAddress: "localhost:15259"
      clientAddress: "localhost:15258"
      adminAddress: "localhost:15257"
      startupRole: FOLLOWER
    }
    peers {
      id: "s2"
      address: "localhost:15260"
      dataStreamAddress: "localhost:15263"
      clientAddress: "localhost:15262"
      adminAddress: "localhost:15261"
      startupRole: FOLLOWER
    }
  }
}
leaderCommit: 17
commitInfos {
  server {
    id: "s1"
    address: "localhost:15256"
    dataStreamAddress: "localhost:15259"
    clientAddress: "localhost:15258"
    adminAddress: "localhost:15257"
    startupRole: FOLLOWER
  }
  commitIndex: 17
}
commitInfos {
  server {
    id: "s0"
    address: "localhost:15252"
    dataStreamAddress: "localhost:15255"
    clientAddress: "localhost:15254"
    adminAddress: "localhost:15253"
    startupRole: FOLLOWER
  }
  commitIndex: 17
}
commitInfos {
  server {
    id: "s2"
    address: "localhost:15260"
    dataStreamAddress: "localhost:15263"
    clientAddress: "localhost:15262"
    adminAddress: "localhost:15261"
    startupRole: FOLLOWER
  }
  commitIndex: 16
}
)
2024-10-20 10:45:29,981 [main] WARN  util.ReferenceCountedLeakDetector (ReferenceCountedLeakDetector.java:logLeakMessage(167)) - LEAK: (class org.apache.ratis.proto.RaftProtos$AppendEntriesRequestProto, count=3, value=serverRequest {
  requestorId: "s0"
  replyId: "s2"
  raftGroupId {
    id: "\375\210\024\357\262\375HY\244\207Ci\024Gb\025"
  }
  callId: 1
}
leaderTerm: 10
previousLog {
  term: 9
  index: 16
}
entries {
  term: 10
  index: 17
  configurationEntry {
    peers {
      id: "s0"
      address: "localhost:15252"
      dataStreamAddress: "localhost:15255"
      clientAddress: "localhost:15254"
      adminAddress: "localhost:15253"
      startupRole: FOLLOWER
    }
    peers {
      id: "s1"
      address: "localhost:15256"
      dataStreamAddress: "localhost:15259"
      clientAddress: "localhost:15258"
      adminAddress: "localhost:15257"
      startupRole: FOLLOWER
    }
    peers {
      id: "s2"
      address: "localhost:15260"
      dataStreamAddress: "localhost:15263"
      clientAddress: "localhost:15262"
      adminAddress: "localhost:15261"
      startupRole: FOLLOWER
    }
  }
}
leaderCommit: 16
commitInfos {
  server {
    id: "s0"
    address: "localhost:15252"
    dataStreamAddress: "localhost:15255"
    clientAddress: "localhost:15254"
    adminAddress: "localhost:15253"
    startupRole: FOLLOWER
  }
  commitIndex: 16
}
commitInfos {
  server {
    id: "s1"
    address: "localhost:15256"
    dataStreamAddress: "localhost:15259"
    clientAddress: "localhost:15258"
    adminAddress: "localhost:15257"
    startupRole: FOLLOWER
  }
  commitIndex: 16
}
commitInfos {
  server {
    id: "s2"
    address: "localhost:15260"
    dataStreamAddress: "localhost:15263"
    clientAddress: "localhost:15262"
    adminAddress: "localhost:15261"
    startupRole: FOLLOWER
  }
  commitIndex: 16
}
)
2024-10-20 10:45:29,981 [main] WARN  util.ReferenceCountedLeakDetector (ReferenceCountedLeakDetector.java:logLeakMessage(167)) - LEAK: (class org.apache.ratis.proto.RaftProtos$AppendEntriesRequestProto, count=2, value=serverRequest {
  requestorId: "s1"
  replyId: "s2"
  raftGroupId {
    id: "\375\210\024\357\262\375HY\244\207Ci\024Gb\025"
  }
  callId: 8
}
leaderTerm: 9
previousLog {
  term: 9
  index: 16
}
leaderCommit: 16
commitInfos {
  server {
    id: "s1"
    address: "localhost:15256"
    dataStreamAddress: "localhost:15259"
    clientAddress: "localhost:15258"
    adminAddress: "localhost:15257"
    startupRole: FOLLOWER
  }
  commitIndex: 16
}
commitInfos {
  server {
    id: "s0"
    address: "localhost:15252"
    dataStreamAddress: "localhost:15255"
    clientAddress: "localhost:15254"
    adminAddress: "localhost:15253"
    startupRole: FOLLOWER
  }
  commitIndex: 16
}
commitInfos {
  server {
    id: "s2"
    address: "localhost:15260"
    dataStreamAddress: "localhost:15263"
    clientAddress: "localhost:15262"
    adminAddress: "localhost:15261"
    startupRole: FOLLOWER
  }
  commitIndex: 16
}
)
2024-10-20 10:45:29,981 [main] WARN  util.ReferenceCountedLeakDetector (ReferenceCountedLeakDetector.java:logLeakMessage(167)) - LEAK: (class org.apache.ratis.proto.RaftProtos$AppendEntriesRequestProto, count=2, value=serverRequest {
  requestorId: "s1"
  replyId: "s2"
  raftGroupId {
    id: "\375\210\024\357\262\375HY\244\207Ci\024Gb\025"
  }
}
leaderTerm: 11
previousLog {
  term: 10
  index: 18
}
leaderCommit: 17
commitInfos {
  server {
    id: "s1"
    address: "localhost:15256"
    dataStreamAddress: "localhost:15259"
    clientAddress: "localhost:15258"
    adminAddress: "localhost:15257"
    startupRole: FOLLOWER
  }
  commitIndex: 17
}
commitInfos {
  server {
    id: "s0"
    address: "localhost:15252"
    dataStreamAddress: "localhost:15255"
    clientAddress: "localhost:15254"
    adminAddress: "localhost:15253"
    startupRole: FOLLOWER
  }
  commitIndex: 17
}
commitInfos {
  server {
    id: "s2"
    address: "localhost:15260"
    dataStreamAddress: "localhost:15263"
    clientAddress: "localhost:15262"
    adminAddress: "localhost:15261"
    startupRole: FOLLOWER
  }
  commitIndex: 16
}
)
2024-10-20 10:45:29,982 [main] WARN  util.LeakDetector (LeakDetector.java:assertNoLeaks(171)) - 3/30) numLeaks == 5 > 0, will wait and retry ...
2024-10-20 10:45:30,982 [main] WARN  util.ReferenceCountedLeakDetector (ReferenceCountedLeakDetector.java:logLeakMessage(167)) - LEAK: (class org.apache.ratis.proto.RaftProtos$AppendEntriesRequestProto, count=2, value=serverRequest {
  requestorId: "s0"
  replyId: "s2"
  raftGroupId {
    id: "\375\210\024\357\262\375HY\244\207Ci\024Gb\025"
  }
}
leaderTerm: 10
previousLog {
  term: 9
  index: 16
}
leaderCommit: 16
commitInfos {
  server {
    id: "s0"
    address: "localhost:15252"
    dataStreamAddress: "localhost:15255"
    clientAddress: "localhost:15254"
    adminAddress: "localhost:15253"
    startupRole: FOLLOWER
  }
  commitIndex: 16
}
commitInfos {
  server {
    id: "s1"
    address: "localhost:15256"
    dataStreamAddress: "localhost:15259"
    clientAddress: "localhost:15258"
    adminAddress: "localhost:15257"
    startupRole: FOLLOWER
  }
  commitIndex: 16
}
commitInfos {
  server {
    id: "s2"
    address: "localhost:15260"
    dataStreamAddress: "localhost:15263"
    clientAddress: "localhost:15262"
    adminAddress: "localhost:15261"
    startupRole: FOLLOWER
  }
  commitIndex: 16
}
)
2024-10-20 10:45:30,982 [main] WARN  util.ReferenceCountedLeakDetector (ReferenceCountedLeakDetector.java:logLeakMessage(167)) - LEAK: (class org.apache.ratis.proto.RaftProtos$AppendEntriesRequestProto, count=3, value=serverRequest {
  requestorId: "s1"
  replyId: "s2"
  raftGroupId {
    id: "\375\210\024\357\262\375HY\244\207Ci\024Gb\025"
  }
  callId: 1
}
leaderTerm: 11
previousLog {
  term: 10
  index: 18
}
entries {
  term: 11
  index: 19
  configurationEntry {
    peers {
      id: "s0"
      address: "localhost:15252"
      dataStreamAddress: "localhost:15255"
      clientAddress: "localhost:15254"
      adminAddress: "localhost:15253"
      startupRole: FOLLOWER
    }
    peers {
      id: "s1"
      address: "localhost:15256"
      dataStreamAddress: "localhost:15259"
      clientAddress: "localhost:15258"
      adminAddress: "localhost:15257"
      startupRole: FOLLOWER
    }
    peers {
      id: "s2"
      address: "localhost:15260"
      dataStreamAddress: "localhost:15263"
      clientAddress: "localhost:15262"
      adminAddress: "localhost:15261"
      startupRole: FOLLOWER
    }
  }
}
leaderCommit: 17
commitInfos {
  server {
    id: "s1"
    address: "localhost:15256"
    dataStreamAddress: "localhost:15259"
    clientAddress: "localhost:15258"
    adminAddress: "localhost:15257"
    startupRole: FOLLOWER
  }
  commitIndex: 17
}
commitInfos {
  server {
    id: "s0"
    address: "localhost:15252"
    dataStreamAddress: "localhost:15255"
    clientAddress: "localhost:15254"
    adminAddress: "localhost:15253"
    startupRole: FOLLOWER
  }
  commitIndex: 17
}
commitInfos {
  server {
    id: "s2"
    address: "localhost:15260"
    dataStreamAddress: "localhost:15263"
    clientAddress: "localhost:15262"
    adminAddress: "localhost:15261"
    startupRole: FOLLOWER
  }
  commitIndex: 16
}
)
2024-10-20 10:45:30,982 [main] WARN  util.ReferenceCountedLeakDetector (ReferenceCountedLeakDetector.java:logLeakMessage(167)) - LEAK: (class org.apache.ratis.proto.RaftProtos$AppendEntriesRequestProto, count=3, value=serverRequest {
  requestorId: "s0"
  replyId: "s2"
  raftGroupId {
    id: "\375\210\024\357\262\375HY\244\207Ci\024Gb\025"
  }
  callId: 1
}
leaderTerm: 10
previousLog {
  term: 9
  index: 16
}
entries {
  term: 10
  index: 17
  configurationEntry {
    peers {
      id: "s0"
      address: "localhost:15252"
      dataStreamAddress: "localhost:15255"
      clientAddress: "localhost:15254"
      adminAddress: "localhost:15253"
      startupRole: FOLLOWER
    }
    peers {
      id: "s1"
      address: "localhost:15256"
      dataStreamAddress: "localhost:15259"
      clientAddress: "localhost:15258"
      adminAddress: "localhost:15257"
      startupRole: FOLLOWER
    }
    peers {
      id: "s2"
      address: "localhost:15260"
      dataStreamAddress: "localhost:15263"
      clientAddress: "localhost:15262"
      adminAddress: "localhost:15261"
      startupRole: FOLLOWER
    }
  }
}
leaderCommit: 16
commitInfos {
  server {
    id: "s0"
    address: "localhost:15252"
    dataStreamAddress: "localhost:15255"
    clientAddress: "localhost:15254"
    adminAddress: "localhost:15253"
    startupRole: FOLLOWER
  }
  commitIndex: 16
}
commitInfos {
  server {
    id: "s1"
    address: "localhost:15256"
    dataStreamAddress: "localhost:15259"
    clientAddress: "localhost:15258"
    adminAddress: "localhost:15257"
    startupRole: FOLLOWER
  }
  commitIndex: 16
}
commitInfos {
  server {
    id: "s2"
    address: "localhost:15260"
    dataStreamAddress: "localhost:15263"
    clientAddress: "localhost:15262"
    adminAddress: "localhost:15261"
    startupRole: FOLLOWER
  }
  commitIndex: 16
}
)
2024-10-20 10:45:30,982 [main] WARN  util.ReferenceCountedLeakDetector (ReferenceCountedLeakDetector.java:logLeakMessage(167)) - LEAK: (class org.apache.ratis.proto.RaftProtos$AppendEntriesRequestProto, count=2, value=serverRequest {
  requestorId: "s1"
  replyId: "s2"
  raftGroupId {
    id: "\375\210\024\357\262\375HY\244\207Ci\024Gb\025"
  }
  callId: 8
}
leaderTerm: 9
previousLog {
  term: 9
  index: 16
}
leaderCommit: 16
commitInfos {
  server {
    id: "s1"
    address: "localhost:15256"
    dataStreamAddress: "localhost:15259"
    clientAddress: "localhost:15258"
    adminAddress: "localhost:15257"
    startupRole: FOLLOWER
  }
  commitIndex: 16
}
commitInfos {
  server {
    id: "s0"
    address: "localhost:15252"
    dataStreamAddress: "localhost:15255"
    clientAddress: "localhost:15254"
    adminAddress: "localhost:15253"
    startupRole: FOLLOWER
  }
  commitIndex: 16
}
commitInfos {
  server {
    id: "s2"
    address: "localhost:15260"
    dataStreamAddress: "localhost:15263"
    clientAddress: "localhost:15262"
    adminAddress: "localhost:15261"
    startupRole: FOLLOWER
  }
  commitIndex: 16
}
)
2024-10-20 10:45:30,983 [main] WARN  util.ReferenceCountedLeakDetector (ReferenceCountedLeakDetector.java:logLeakMessage(167)) - LEAK: (class org.apache.ratis.proto.RaftProtos$AppendEntriesRequestProto, count=2, value=serverRequest {
  requestorId: "s1"
  replyId: "s2"
  raftGroupId {
    id: "\375\210\024\357\262\375HY\244\207Ci\024Gb\025"
  }
}
leaderTerm: 11
previousLog {
  term: 10
  index: 18
}
leaderCommit: 17
commitInfos {
  server {
    id: "s1"
    address: "localhost:15256"
    dataStreamAddress: "localhost:15259"
    clientAddress: "localhost:15258"
    adminAddress: "localhost:15257"
    startupRole: FOLLOWER
  }
  commitIndex: 17
}
commitInfos {
  server {
    id: "s0"
    address: "localhost:15252"
    dataStreamAddress: "localhost:15255"
    clientAddress: "localhost:15254"
    adminAddress: "localhost:15253"
    startupRole: FOLLOWER
  }
  commitIndex: 17
}
commitInfos {
  server {
    id: "s2"
    address: "localhost:15260"
    dataStreamAddress: "localhost:15263"
    clientAddress: "localhost:15262"
    adminAddress: "localhost:15261"
    startupRole: FOLLOWER
  }
  commitIndex: 16
}
)
2024-10-20 10:45:30,983 [main] WARN  util.LeakDetector (LeakDetector.java:assertNoLeaks(171)) - 4/30) numLeaks == 5 > 0, will wait and retry ...
2024-10-20 10:45:31,983 [main] WARN  util.ReferenceCountedLeakDetector (ReferenceCountedLeakDetector.java:logLeakMessage(167)) - LEAK: (class org.apache.ratis.proto.RaftProtos$AppendEntriesRequestProto, count=2, value=serverRequest {
  requestorId: "s0"
  replyId: "s2"
  raftGroupId {
    id: "\375\210\024\357\262\375HY\244\207Ci\024Gb\025"
  }
}
leaderTerm: 10
previousLog {
  term: 9
  index: 16
}
leaderCommit: 16
commitInfos {
  server {
    id: "s0"
    address: "localhost:15252"
    dataStreamAddress: "localhost:15255"
    clientAddress: "localhost:15254"
    adminAddress: "localhost:15253"
    startupRole: FOLLOWER
  }
  commitIndex: 16
}
commitInfos {
  server {
    id: "s1"
    address: "localhost:15256"
    dataStreamAddress: "localhost:15259"
    clientAddress: "localhost:15258"
    adminAddress: "localhost:15257"
    startupRole: FOLLOWER
  }
  commitIndex: 16
}
commitInfos {
  server {
    id: "s2"
    address: "localhost:15260"
    dataStreamAddress: "localhost:15263"
    clientAddress: "localhost:15262"
    adminAddress: "localhost:15261"
    startupRole: FOLLOWER
  }
  commitIndex: 16
}
)
2024-10-20 10:45:31,983 [main] WARN  util.ReferenceCountedLeakDetector (ReferenceCountedLeakDetector.java:logLeakMessage(167)) - LEAK: (class org.apache.ratis.proto.RaftProtos$AppendEntriesRequestProto, count=3, value=serverRequest {
  requestorId: "s1"
  replyId: "s2"
  raftGroupId {
    id: "\375\210\024\357\262\375HY\244\207Ci\024Gb\025"
  }
  callId: 1
}
leaderTerm: 11
previousLog {
  term: 10
  index: 18
}
entries {
  term: 11
  index: 19
  configurationEntry {
    peers {
      id: "s0"
      address: "localhost:15252"
      dataStreamAddress: "localhost:15255"
      clientAddress: "localhost:15254"
      adminAddress: "localhost:15253"
      startupRole: FOLLOWER
    }
    peers {
      id: "s1"
      address: "localhost:15256"
      dataStreamAddress: "localhost:15259"
      clientAddress: "localhost:15258"
      adminAddress: "localhost:15257"
      startupRole: FOLLOWER
    }
    peers {
      id: "s2"
      address: "localhost:15260"
      dataStreamAddress: "localhost:15263"
      clientAddress: "localhost:15262"
      adminAddress: "localhost:15261"
      startupRole: FOLLOWER
    }
  }
}
leaderCommit: 17
commitInfos {
  server {
    id: "s1"
    address: "localhost:15256"
    dataStreamAddress: "localhost:15259"
    clientAddress: "localhost:15258"
    adminAddress: "localhost:15257"
    startupRole: FOLLOWER
  }
  commitIndex: 17
}
commitInfos {
  server {
    id: "s0"
    address: "localhost:15252"
    dataStreamAddress: "localhost:15255"
    clientAddress: "localhost:15254"
    adminAddress: "localhost:15253"
    startupRole: FOLLOWER
  }
  commitIndex: 17
}
commitInfos {
  server {
    id: "s2"
    address: "localhost:15260"
    dataStreamAddress: "localhost:15263"
    clientAddress: "localhost:15262"
    adminAddress: "localhost:15261"
    startupRole: FOLLOWER
  }
  commitIndex: 16
}
)
2024-10-20 10:45:31,983 [main] WARN  util.ReferenceCountedLeakDetector (ReferenceCountedLeakDetector.java:logLeakMessage(167)) - LEAK: (class org.apache.ratis.proto.RaftProtos$AppendEntriesRequestProto, count=3, value=serverRequest {
  requestorId: "s0"
  replyId: "s2"
  raftGroupId {
    id: "\375\210\024\357\262\375HY\244\207Ci\024Gb\025"
  }
  callId: 1
}
leaderTerm: 10
previousLog {
  term: 9
  index: 16
}
entries {
  term: 10
  index: 17
  configurationEntry {
    peers {
      id: "s0"
      address: "localhost:15252"
      dataStreamAddress: "localhost:15255"
      clientAddress: "localhost:15254"
      adminAddress: "localhost:15253"
      startupRole: FOLLOWER
    }
    peers {
      id: "s1"
      address: "localhost:15256"
      dataStreamAddress: "localhost:15259"
      clientAddress: "localhost:15258"
      adminAddress: "localhost:15257"
      startupRole: FOLLOWER
    }
    peers {
      id: "s2"
      address: "localhost:15260"
      dataStreamAddress: "localhost:15263"
      clientAddress: "localhost:15262"
      adminAddress: "localhost:15261"
      startupRole: FOLLOWER
    }
  }
}
leaderCommit: 16
commitInfos {
  server {
    id: "s0"
    address: "localhost:15252"
    dataStreamAddress: "localhost:15255"
    clientAddress: "localhost:15254"
    adminAddress: "localhost:15253"
    startupRole: FOLLOWER
  }
  commitIndex: 16
}
commitInfos {
  server {
    id: "s1"
    address: "localhost:15256"
    dataStreamAddress: "localhost:15259"
    clientAddress: "localhost:15258"
    adminAddress: "localhost:15257"
    startupRole: FOLLOWER
  }
  commitIndex: 16
}
commitInfos {
  server {
    id: "s2"
    address: "localhost:15260"
    dataStreamAddress: "localhost:15263"
    clientAddress: "localhost:15262"
    adminAddress: "localhost:15261"
    startupRole: FOLLOWER
  }
  commitIndex: 16
}
)
2024-10-20 10:45:31,984 [main] WARN  util.ReferenceCountedLeakDetector (ReferenceCountedLeakDetector.java:logLeakMessage(167)) - LEAK: (class org.apache.ratis.proto.RaftProtos$AppendEntriesRequestProto, count=2, value=serverRequest {
  requestorId: "s1"
  replyId: "s2"
  raftGroupId {
    id: "\375\210\024\357\262\375HY\244\207Ci\024Gb\025"
  }
  callId: 8
}
leaderTerm: 9
previousLog {
  term: 9
  index: 16
}
leaderCommit: 16
commitInfos {
  server {
    id: "s1"
    address: "localhost:15256"
    dataStreamAddress: "localhost:15259"
    clientAddress: "localhost:15258"
    adminAddress: "localhost:15257"
    startupRole: FOLLOWER
  }
  commitIndex: 16
}
commitInfos {
  server {
    id: "s0"
    address: "localhost:15252"
    dataStreamAddress: "localhost:15255"
    clientAddress: "localhost:15254"
    adminAddress: "localhost:15253"
    startupRole: FOLLOWER
  }
  commitIndex: 16
}
commitInfos {
  server {
    id: "s2"
    address: "localhost:15260"
    dataStreamAddress: "localhost:15263"
    clientAddress: "localhost:15262"
    adminAddress: "localhost:15261"
    startupRole: FOLLOWER
  }
  commitIndex: 16
}
)
2024-10-20 10:45:31,984 [main] WARN  util.ReferenceCountedLeakDetector (ReferenceCountedLeakDetector.java:logLeakMessage(167)) - LEAK: (class org.apache.ratis.proto.RaftProtos$AppendEntriesRequestProto, count=2, value=serverRequest {
  requestorId: "s1"
  replyId: "s2"
  raftGroupId {
    id: "\375\210\024\357\262\375HY\244\207Ci\024Gb\025"
  }
}
leaderTerm: 11
previousLog {
  term: 10
  index: 18
}
leaderCommit: 17
commitInfos {
  server {
    id: "s1"
    address: "localhost:15256"
    dataStreamAddress: "localhost:15259"
    clientAddress: "localhost:15258"
    adminAddress: "localhost:15257"
    startupRole: FOLLOWER
  }
  commitIndex: 17
}
commitInfos {
  server {
    id: "s0"
    address: "localhost:15252"
    dataStreamAddress: "localhost:15255"
    clientAddress: "localhost:15254"
    adminAddress: "localhost:15253"
    startupRole: FOLLOWER
  }
  commitIndex: 17
}
commitInfos {
  server {
    id: "s2"
    address: "localhost:15260"
    dataStreamAddress: "localhost:15263"
    clientAddress: "localhost:15262"
    adminAddress: "localhost:15261"
    startupRole: FOLLOWER
  }
  commitIndex: 16
}
)
2024-10-20 10:45:31,984 [main] WARN  util.LeakDetector (LeakDetector.java:assertNoLeaks(171)) - 5/30) numLeaks == 5 > 0, will wait and retry ...
2024-10-20 10:45:32,984 [main] WARN  util.ReferenceCountedLeakDetector (ReferenceCountedLeakDetector.java:logLeakMessage(167)) - LEAK: (class org.apache.ratis.proto.RaftProtos$AppendEntriesRequestProto, count=2, value=serverRequest {
  requestorId: "s0"
  replyId: "s2"
  raftGroupId {
    id: "\375\210\024\357\262\375HY\244\207Ci\024Gb\025"
  }
}
leaderTerm: 10
previousLog {
  term: 9
  index: 16
}
leaderCommit: 16
commitInfos {
  server {
    id: "s0"
    address: "localhost:15252"
    dataStreamAddress: "localhost:15255"
    clientAddress: "localhost:15254"
    adminAddress: "localhost:15253"
    startupRole: FOLLOWER
  }
  commitIndex: 16
}
commitInfos {
  server {
    id: "s1"
    address: "localhost:15256"
    dataStreamAddress: "localhost:15259"
    clientAddress: "localhost:15258"
    adminAddress: "localhost:15257"
    startupRole: FOLLOWER
  }
  commitIndex: 16
}
commitInfos {
  server {
    id: "s2"
    address: "localhost:15260"
    dataStreamAddress: "localhost:15263"
    clientAddress: "localhost:15262"
    adminAddress: "localhost:15261"
    startupRole: FOLLOWER
  }
  commitIndex: 16
}
)
2024-10-20 10:45:32,984 [main] WARN  util.ReferenceCountedLeakDetector (ReferenceCountedLeakDetector.java:logLeakMessage(167)) - LEAK: (class org.apache.ratis.proto.RaftProtos$AppendEntriesRequestProto, count=3, value=serverRequest {
  requestorId: "s1"
  replyId: "s2"
  raftGroupId {
    id: "\375\210\024\357\262\375HY\244\207Ci\024Gb\025"
  }
  callId: 1
}
leaderTerm: 11
previousLog {
  term: 10
  index: 18
}
entries {
  term: 11
  index: 19
  configurationEntry {
    peers {
      id: "s0"
      address: "localhost:15252"
      dataStreamAddress: "localhost:15255"
      clientAddress: "localhost:15254"
      adminAddress: "localhost:15253"
      startupRole: FOLLOWER
    }
    peers {
      id: "s1"
      address: "localhost:15256"
      dataStreamAddress: "localhost:15259"
      clientAddress: "localhost:15258"
      adminAddress: "localhost:15257"
      startupRole: FOLLOWER
    }
    peers {
      id: "s2"
      address: "localhost:15260"
      dataStreamAddress: "localhost:15263"
      clientAddress: "localhost:15262"
      adminAddress: "localhost:15261"
      startupRole: FOLLOWER
    }
  }
}
leaderCommit: 17
commitInfos {
  server {
    id: "s1"
    address: "localhost:15256"
    dataStreamAddress: "localhost:15259"
    clientAddress: "localhost:15258"
    adminAddress: "localhost:15257"
    startupRole: FOLLOWER
  }
  commitIndex: 17
}
commitInfos {
  server {
    id: "s0"
    address: "localhost:15252"
    dataStreamAddress: "localhost:15255"
    clientAddress: "localhost:15254"
    adminAddress: "localhost:15253"
    startupRole: FOLLOWER
  }
  commitIndex: 17
}
commitInfos {
  server {
    id: "s2"
    address: "localhost:15260"
    dataStreamAddress: "localhost:15263"
    clientAddress: "localhost:15262"
    adminAddress: "localhost:15261"
    startupRole: FOLLOWER
  }
  commitIndex: 16
}
)
2024-10-20 10:45:32,984 [main] WARN  util.ReferenceCountedLeakDetector (ReferenceCountedLeakDetector.java:logLeakMessage(167)) - LEAK: (class org.apache.ratis.proto.RaftProtos$AppendEntriesRequestProto, count=3, value=serverRequest {
  requestorId: "s0"
  replyId: "s2"
  raftGroupId {
    id: "\375\210\024\357\262\375HY\244\207Ci\024Gb\025"
  }
  callId: 1
}
leaderTerm: 10
previousLog {
  term: 9
  index: 16
}
entries {
  term: 10
  index: 17
  configurationEntry {
    peers {
      id: "s0"
      address: "localhost:15252"
      dataStreamAddress: "localhost:15255"
      clientAddress: "localhost:15254"
      adminAddress: "localhost:15253"
      startupRole: FOLLOWER
    }
    peers {
      id: "s1"
      address: "localhost:15256"
      dataStreamAddress: "localhost:15259"
      clientAddress: "localhost:15258"
      adminAddress: "localhost:15257"
      startupRole: FOLLOWER
    }
    peers {
      id: "s2"
      address: "localhost:15260"
      dataStreamAddress: "localhost:15263"
      clientAddress: "localhost:15262"
      adminAddress: "localhost:15261"
      startupRole: FOLLOWER
    }
  }
}
leaderCommit: 16
commitInfos {
  server {
    id: "s0"
    address: "localhost:15252"
    dataStreamAddress: "localhost:15255"
    clientAddress: "localhost:15254"
    adminAddress: "localhost:15253"
    startupRole: FOLLOWER
  }
  commitIndex: 16
}
commitInfos {
  server {
    id: "s1"
    address: "localhost:15256"
    dataStreamAddress: "localhost:15259"
    clientAddress: "localhost:15258"
    adminAddress: "localhost:15257"
    startupRole: FOLLOWER
  }
  commitIndex: 16
}
commitInfos {
  server {
    id: "s2"
    address: "localhost:15260"
    dataStreamAddress: "localhost:15263"
    clientAddress: "localhost:15262"
    adminAddress: "localhost:15261"
    startupRole: FOLLOWER
  }
  commitIndex: 16
}
)
2024-10-20 10:45:32,985 [main] WARN  util.ReferenceCountedLeakDetector (ReferenceCountedLeakDetector.java:logLeakMessage(167)) - LEAK: (class org.apache.ratis.proto.RaftProtos$AppendEntriesRequestProto, count=2, value=serverRequest {
  requestorId: "s1"
  replyId: "s2"
  raftGroupId {
    id: "\375\210\024\357\262\375HY\244\207Ci\024Gb\025"
  }
  callId: 8
}
leaderTerm: 9
previousLog {
  term: 9
  index: 16
}
leaderCommit: 16
commitInfos {
  server {
    id: "s1"
    address: "localhost:15256"
    dataStreamAddress: "localhost:15259"
    clientAddress: "localhost:15258"
    adminAddress: "localhost:15257"
    startupRole: FOLLOWER
  }
  commitIndex: 16
}
commitInfos {
  server {
    id: "s0"
    address: "localhost:15252"
    dataStreamAddress: "localhost:15255"
    clientAddress: "localhost:15254"
    adminAddress: "localhost:15253"
    startupRole: FOLLOWER
  }
  commitIndex: 16
}
commitInfos {
  server {
    id: "s2"
    address: "localhost:15260"
    dataStreamAddress: "localhost:15263"
    clientAddress: "localhost:15262"
    adminAddress: "localhost:15261"
    startupRole: FOLLOWER
  }
  commitIndex: 16
}
)
2024-10-20 10:45:32,985 [main] WARN  util.ReferenceCountedLeakDetector (ReferenceCountedLeakDetector.java:logLeakMessage(167)) - LEAK: (class org.apache.ratis.proto.RaftProtos$AppendEntriesRequestProto, count=2, value=serverRequest {
  requestorId: "s1"
  replyId: "s2"
  raftGroupId {
    id: "\375\210\024\357\262\375HY\244\207Ci\024Gb\025"
  }
}
leaderTerm: 11
previousLog {
  term: 10
  index: 18
}
leaderCommit: 17
commitInfos {
  server {
    id: "s1"
    address: "localhost:15256"
    dataStreamAddress: "localhost:15259"
    clientAddress: "localhost:15258"
    adminAddress: "localhost:15257"
    startupRole: FOLLOWER
  }
  commitIndex: 17
}
commitInfos {
  server {
    id: "s0"
    address: "localhost:15252"
    dataStreamAddress: "localhost:15255"
    clientAddress: "localhost:15254"
    adminAddress: "localhost:15253"
    startupRole: FOLLOWER
  }
  commitIndex: 17
}
commitInfos {
  server {
    id: "s2"
    address: "localhost:15260"
    dataStreamAddress: "localhost:15263"
    clientAddress: "localhost:15262"
    adminAddress: "localhost:15261"
    startupRole: FOLLOWER
  }
  commitIndex: 16
}
)
2024-10-20 10:45:32,985 [main] WARN  util.LeakDetector (LeakDetector.java:assertNoLeaks(171)) - 6/30) numLeaks == 5 > 0, will wait and retry ...
2024-10-20 10:45:33,985 [main] WARN  util.ReferenceCountedLeakDetector (ReferenceCountedLeakDetector.java:logLeakMessage(167)) - LEAK: (class org.apache.ratis.proto.RaftProtos$AppendEntriesRequestProto, count=2, value=serverRequest {
  requestorId: "s0"
  replyId: "s2"
  raftGroupId {
    id: "\375\210\024\357\262\375HY\244\207Ci\024Gb\025"
  }
}
leaderTerm: 10
previousLog {
  term: 9
  index: 16
}
leaderCommit: 16
commitInfos {
  server {
    id: "s0"
    address: "localhost:15252"
    dataStreamAddress: "localhost:15255"
    clientAddress: "localhost:15254"
    adminAddress: "localhost:15253"
    startupRole: FOLLOWER
  }
  commitIndex: 16
}
commitInfos {
  server {
    id: "s1"
    address: "localhost:15256"
    dataStreamAddress: "localhost:15259"
    clientAddress: "localhost:15258"
    adminAddress: "localhost:15257"
    startupRole: FOLLOWER
  }
  commitIndex: 16
}
commitInfos {
  server {
    id: "s2"
    address: "localhost:15260"
    dataStreamAddress: "localhost:15263"
    clientAddress: "localhost:15262"
    adminAddress: "localhost:15261"
    startupRole: FOLLOWER
  }
  commitIndex: 16
}
)
2024-10-20 10:45:33,985 [main] WARN  util.ReferenceCountedLeakDetector (ReferenceCountedLeakDetector.java:logLeakMessage(167)) - LEAK: (class org.apache.ratis.proto.RaftProtos$AppendEntriesRequestProto, count=3, value=serverRequest {
  requestorId: "s1"
  replyId: "s2"
  raftGroupId {
    id: "\375\210\024\357\262\375HY\244\207Ci\024Gb\025"
  }
  callId: 1
}
leaderTerm: 11
previousLog {
  term: 10
  index: 18
}
entries {
  term: 11
  index: 19
  configurationEntry {
    peers {
      id: "s0"
      address: "localhost:15252"
      dataStreamAddress: "localhost:15255"
      clientAddress: "localhost:15254"
      adminAddress: "localhost:15253"
      startupRole: FOLLOWER
    }
    peers {
      id: "s1"
      address: "localhost:15256"
      dataStreamAddress: "localhost:15259"
      clientAddress: "localhost:15258"
      adminAddress: "localhost:15257"
      startupRole: FOLLOWER
    }
    peers {
      id: "s2"
      address: "localhost:15260"
      dataStreamAddress: "localhost:15263"
      clientAddress: "localhost:15262"
      adminAddress: "localhost:15261"
      startupRole: FOLLOWER
    }
  }
}
leaderCommit: 17
commitInfos {
  server {
    id: "s1"
    address: "localhost:15256"
    dataStreamAddress: "localhost:15259"
    clientAddress: "localhost:15258"
    adminAddress: "localhost:15257"
    startupRole: FOLLOWER
  }
  commitIndex: 17
}
commitInfos {
  server {
    id: "s0"
    address: "localhost:15252"
    dataStreamAddress: "localhost:15255"
    clientAddress: "localhost:15254"
    adminAddress: "localhost:15253"
    startupRole: FOLLOWER
  }
  commitIndex: 17
}
commitInfos {
  server {
    id: "s2"
    address: "localhost:15260"
    dataStreamAddress: "localhost:15263"
    clientAddress: "localhost:15262"
    adminAddress: "localhost:15261"
    startupRole: FOLLOWER
  }
  commitIndex: 16
}
)
2024-10-20 10:45:33,985 [main] WARN  util.ReferenceCountedLeakDetector (ReferenceCountedLeakDetector.java:logLeakMessage(167)) - LEAK: (class org.apache.ratis.proto.RaftProtos$AppendEntriesRequestProto, count=3, value=serverRequest {
  requestorId: "s0"
  replyId: "s2"
  raftGroupId {
    id: "\375\210\024\357\262\375HY\244\207Ci\024Gb\025"
  }
  callId: 1
}
leaderTerm: 10
previousLog {
  term: 9
  index: 16
}
entries {
  term: 10
  index: 17
  configurationEntry {
    peers {
      id: "s0"
      address: "localhost:15252"
      dataStreamAddress: "localhost:15255"
      clientAddress: "localhost:15254"
      adminAddress: "localhost:15253"
      startupRole: FOLLOWER
    }
    peers {
      id: "s1"
      address: "localhost:15256"
      dataStreamAddress: "localhost:15259"
      clientAddress: "localhost:15258"
      adminAddress: "localhost:15257"
      startupRole: FOLLOWER
    }
    peers {
      id: "s2"
      address: "localhost:15260"
      dataStreamAddress: "localhost:15263"
      clientAddress: "localhost:15262"
      adminAddress: "localhost:15261"
      startupRole: FOLLOWER
    }
  }
}
leaderCommit: 16
commitInfos {
  server {
    id: "s0"
    address: "localhost:15252"
    dataStreamAddress: "localhost:15255"
    clientAddress: "localhost:15254"
    adminAddress: "localhost:15253"
    startupRole: FOLLOWER
  }
  commitIndex: 16
}
commitInfos {
  server {
    id: "s1"
    address: "localhost:15256"
    dataStreamAddress: "localhost:15259"
    clientAddress: "localhost:15258"
    adminAddress: "localhost:15257"
    startupRole: FOLLOWER
  }
  commitIndex: 16
}
commitInfos {
  server {
    id: "s2"
    address: "localhost:15260"
    dataStreamAddress: "localhost:15263"
    clientAddress: "localhost:15262"
    adminAddress: "localhost:15261"
    startupRole: FOLLOWER
  }
  commitIndex: 16
}
)
2024-10-20 10:45:33,986 [main] WARN  util.ReferenceCountedLeakDetector (ReferenceCountedLeakDetector.java:logLeakMessage(167)) - LEAK: (class org.apache.ratis.proto.RaftProtos$AppendEntriesRequestProto, count=2, value=serverRequest {
  requestorId: "s1"
  replyId: "s2"
  raftGroupId {
    id: "\375\210\024\357\262\375HY\244\207Ci\024Gb\025"
  }
  callId: 8
}
leaderTerm: 9
previousLog {
  term: 9
  index: 16
}
leaderCommit: 16
commitInfos {
  server {
    id: "s1"
    address: "localhost:15256"
    dataStreamAddress: "localhost:15259"
    clientAddress: "localhost:15258"
    adminAddress: "localhost:15257"
    startupRole: FOLLOWER
  }
  commitIndex: 16
}
commitInfos {
  server {
    id: "s0"
    address: "localhost:15252"
    dataStreamAddress: "localhost:15255"
    clientAddress: "localhost:15254"
    adminAddress: "localhost:15253"
    startupRole: FOLLOWER
  }
  commitIndex: 16
}
commitInfos {
  server {
    id: "s2"
    address: "localhost:15260"
    dataStreamAddress: "localhost:15263"
    clientAddress: "localhost:15262"
    adminAddress: "localhost:15261"
    startupRole: FOLLOWER
  }
  commitIndex: 16
}
)
2024-10-20 10:45:33,986 [main] WARN  util.ReferenceCountedLeakDetector (ReferenceCountedLeakDetector.java:logLeakMessage(167)) - LEAK: (class org.apache.ratis.proto.RaftProtos$AppendEntriesRequestProto, count=2, value=serverRequest {
  requestorId: "s1"
  replyId: "s2"
  raftGroupId {
    id: "\375\210\024\357\262\375HY\244\207Ci\024Gb\025"
  }
}
leaderTerm: 11
previousLog {
  term: 10
  index: 18
}
leaderCommit: 17
commitInfos {
  server {
    id: "s1"
    address: "localhost:15256"
    dataStreamAddress: "localhost:15259"
    clientAddress: "localhost:15258"
    adminAddress: "localhost:15257"
    startupRole: FOLLOWER
  }
  commitIndex: 17
}
commitInfos {
  server {
    id: "s0"
    address: "localhost:15252"
    dataStreamAddress: "localhost:15255"
    clientAddress: "localhost:15254"
    adminAddress: "localhost:15253"
    startupRole: FOLLOWER
  }
  commitIndex: 17
}
commitInfos {
  server {
    id: "s2"
    address: "localhost:15260"
    dataStreamAddress: "localhost:15263"
    clientAddress: "localhost:15262"
    adminAddress: "localhost:15261"
    startupRole: FOLLOWER
  }
  commitIndex: 16
}
)
2024-10-20 10:45:33,986 [main] WARN  util.LeakDetector (LeakDetector.java:assertNoLeaks(171)) - 7/30) numLeaks == 5 > 0, will wait and retry ...
2024-10-20 10:45:34,986 [main] WARN  util.ReferenceCountedLeakDetector (ReferenceCountedLeakDetector.java:logLeakMessage(167)) - LEAK: (class org.apache.ratis.proto.RaftProtos$AppendEntriesRequestProto, count=2, value=serverRequest {
  requestorId: "s0"
  replyId: "s2"
  raftGroupId {
    id: "\375\210\024\357\262\375HY\244\207Ci\024Gb\025"
  }
}
leaderTerm: 10
previousLog {
  term: 9
  index: 16
}
leaderCommit: 16
commitInfos {
  server {
    id: "s0"
    address: "localhost:15252"
    dataStreamAddress: "localhost:15255"
    clientAddress: "localhost:15254"
    adminAddress: "localhost:15253"
    startupRole: FOLLOWER
  }
  commitIndex: 16
}
commitInfos {
  server {
    id: "s1"
    address: "localhost:15256"
    dataStreamAddress: "localhost:15259"
    clientAddress: "localhost:15258"
    adminAddress: "localhost:15257"
    startupRole: FOLLOWER
  }
  commitIndex: 16
}
commitInfos {
  server {
    id: "s2"
    address: "localhost:15260"
    dataStreamAddress: "localhost:15263"
    clientAddress: "localhost:15262"
    adminAddress: "localhost:15261"
    startupRole: FOLLOWER
  }
  commitIndex: 16
}
)
2024-10-20 10:45:34,986 [main] WARN  util.ReferenceCountedLeakDetector (ReferenceCountedLeakDetector.java:logLeakMessage(167)) - LEAK: (class org.apache.ratis.proto.RaftProtos$AppendEntriesRequestProto, count=3, value=serverRequest {
  requestorId: "s1"
  replyId: "s2"
  raftGroupId {
    id: "\375\210\024\357\262\375HY\244\207Ci\024Gb\025"
  }
  callId: 1
}
leaderTerm: 11
previousLog {
  term: 10
  index: 18
}
entries {
  term: 11
  index: 19
  configurationEntry {
    peers {
      id: "s0"
      address: "localhost:15252"
      dataStreamAddress: "localhost:15255"
      clientAddress: "localhost:15254"
      adminAddress: "localhost:15253"
      startupRole: FOLLOWER
    }
    peers {
      id: "s1"
      address: "localhost:15256"
      dataStreamAddress: "localhost:15259"
      clientAddress: "localhost:15258"
      adminAddress: "localhost:15257"
      startupRole: FOLLOWER
    }
    peers {
      id: "s2"
      address: "localhost:15260"
      dataStreamAddress: "localhost:15263"
      clientAddress: "localhost:15262"
      adminAddress: "localhost:15261"
      startupRole: FOLLOWER
    }
  }
}
leaderCommit: 17
commitInfos {
  server {
    id: "s1"
    address: "localhost:15256"
    dataStreamAddress: "localhost:15259"
    clientAddress: "localhost:15258"
    adminAddress: "localhost:15257"
    startupRole: FOLLOWER
  }
  commitIndex: 17
}
commitInfos {
  server {
    id: "s0"
    address: "localhost:15252"
    dataStreamAddress: "localhost:15255"
    clientAddress: "localhost:15254"
    adminAddress: "localhost:15253"
    startupRole: FOLLOWER
  }
  commitIndex: 17
}
commitInfos {
  server {
    id: "s2"
    address: "localhost:15260"
    dataStreamAddress: "localhost:15263"
    clientAddress: "localhost:15262"
    adminAddress: "localhost:15261"
    startupRole: FOLLOWER
  }
  commitIndex: 16
}
)
2024-10-20 10:45:34,986 [main] WARN  util.ReferenceCountedLeakDetector (ReferenceCountedLeakDetector.java:logLeakMessage(167)) - LEAK: (class org.apache.ratis.proto.RaftProtos$AppendEntriesRequestProto, count=3, value=serverRequest {
  requestorId: "s0"
  replyId: "s2"
  raftGroupId {
    id: "\375\210\024\357\262\375HY\244\207Ci\024Gb\025"
  }
  callId: 1
}
leaderTerm: 10
previousLog {
  term: 9
  index: 16
}
entries {
  term: 10
  index: 17
  configurationEntry {
    peers {
      id: "s0"
      address: "localhost:15252"
      dataStreamAddress: "localhost:15255"
      clientAddress: "localhost:15254"
      adminAddress: "localhost:15253"
      startupRole: FOLLOWER
    }
    peers {
      id: "s1"
      address: "localhost:15256"
      dataStreamAddress: "localhost:15259"
      clientAddress: "localhost:15258"
      adminAddress: "localhost:15257"
      startupRole: FOLLOWER
    }
    peers {
      id: "s2"
      address: "localhost:15260"
      dataStreamAddress: "localhost:15263"
      clientAddress: "localhost:15262"
      adminAddress: "localhost:15261"
      startupRole: FOLLOWER
    }
  }
}
leaderCommit: 16
commitInfos {
  server {
    id: "s0"
    address: "localhost:15252"
    dataStreamAddress: "localhost:15255"
    clientAddress: "localhost:15254"
    adminAddress: "localhost:15253"
    startupRole: FOLLOWER
  }
  commitIndex: 16
}
commitInfos {
  server {
    id: "s1"
    address: "localhost:15256"
    dataStreamAddress: "localhost:15259"
    clientAddress: "localhost:15258"
    adminAddress: "localhost:15257"
    startupRole: FOLLOWER
  }
  commitIndex: 16
}
commitInfos {
  server {
    id: "s2"
    address: "localhost:15260"
    dataStreamAddress: "localhost:15263"
    clientAddress: "localhost:15262"
    adminAddress: "localhost:15261"
    startupRole: FOLLOWER
  }
  commitIndex: 16
}
)
2024-10-20 10:45:34,986 [main] WARN  util.ReferenceCountedLeakDetector (ReferenceCountedLeakDetector.java:logLeakMessage(167)) - LEAK: (class org.apache.ratis.proto.RaftProtos$AppendEntriesRequestProto, count=2, value=serverRequest {
  requestorId: "s1"
  replyId: "s2"
  raftGroupId {
    id: "\375\210\024\357\262\375HY\244\207Ci\024Gb\025"
  }
  callId: 8
}
leaderTerm: 9
previousLog {
  term: 9
  index: 16
}
leaderCommit: 16
commitInfos {
  server {
    id: "s1"
    address: "localhost:15256"
    dataStreamAddress: "localhost:15259"
    clientAddress: "localhost:15258"
    adminAddress: "localhost:15257"
    startupRole: FOLLOWER
  }
  commitIndex: 16
}
commitInfos {
  server {
    id: "s0"
    address: "localhost:15252"
    dataStreamAddress: "localhost:15255"
    clientAddress: "localhost:15254"
    adminAddress: "localhost:15253"
    startupRole: FOLLOWER
  }
  commitIndex: 16
}
commitInfos {
  server {
    id: "s2"
    address: "localhost:15260"
    dataStreamAddress: "localhost:15263"
    clientAddress: "localhost:15262"
    adminAddress: "localhost:15261"
    startupRole: FOLLOWER
  }
  commitIndex: 16
}
)
2024-10-20 10:45:34,987 [main] WARN  util.ReferenceCountedLeakDetector (ReferenceCountedLeakDetector.java:logLeakMessage(167)) - LEAK: (class org.apache.ratis.proto.RaftProtos$AppendEntriesRequestProto, count=2, value=serverRequest {
  requestorId: "s1"
  replyId: "s2"
  raftGroupId {
    id: "\375\210\024\357\262\375HY\244\207Ci\024Gb\025"
  }
}
leaderTerm: 11
previousLog {
  term: 10
  index: 18
}
leaderCommit: 17
commitInfos {
  server {
    id: "s1"
    address: "localhost:15256"
    dataStreamAddress: "localhost:15259"
    clientAddress: "localhost:15258"
    adminAddress: "localhost:15257"
    startupRole: FOLLOWER
  }
  commitIndex: 17
}
commitInfos {
  server {
    id: "s0"
    address: "localhost:15252"
    dataStreamAddress: "localhost:15255"
    clientAddress: "localhost:15254"
    adminAddress: "localhost:15253"
    startupRole: FOLLOWER
  }
  commitIndex: 17
}
commitInfos {
  server {
    id: "s2"
    address: "localhost:15260"
    dataStreamAddress: "localhost:15263"
    clientAddress: "localhost:15262"
    adminAddress: "localhost:15261"
    startupRole: FOLLOWER
  }
  commitIndex: 16
}
)
2024-10-20 10:45:34,987 [main] WARN  util.LeakDetector (LeakDetector.java:assertNoLeaks(171)) - 8/30) numLeaks == 5 > 0, will wait and retry ...
2024-10-20 10:45:35,987 [main] WARN  util.ReferenceCountedLeakDetector (ReferenceCountedLeakDetector.java:logLeakMessage(167)) - LEAK: (class org.apache.ratis.proto.RaftProtos$AppendEntriesRequestProto, count=2, value=serverRequest {
  requestorId: "s0"
  replyId: "s2"
  raftGroupId {
    id: "\375\210\024\357\262\375HY\244\207Ci\024Gb\025"
  }
}
leaderTerm: 10
previousLog {
  term: 9
  index: 16
}
leaderCommit: 16
commitInfos {
  server {
    id: "s0"
    address: "localhost:15252"
    dataStreamAddress: "localhost:15255"
    clientAddress: "localhost:15254"
    adminAddress: "localhost:15253"
    startupRole: FOLLOWER
  }
  commitIndex: 16
}
commitInfos {
  server {
    id: "s1"
    address: "localhost:15256"
    dataStreamAddress: "localhost:15259"
    clientAddress: "localhost:15258"
    adminAddress: "localhost:15257"
    startupRole: FOLLOWER
  }
  commitIndex: 16
}
commitInfos {
  server {
    id: "s2"
    address: "localhost:15260"
    dataStreamAddress: "localhost:15263"
    clientAddress: "localhost:15262"
    adminAddress: "localhost:15261"
    startupRole: FOLLOWER
  }
  commitIndex: 16
}
)
2024-10-20 10:45:35,987 [main] WARN  util.ReferenceCountedLeakDetector (ReferenceCountedLeakDetector.java:logLeakMessage(167)) - LEAK: (class org.apache.ratis.proto.RaftProtos$AppendEntriesRequestProto, count=3, value=serverRequest {
  requestorId: "s1"
  replyId: "s2"
  raftGroupId {
    id: "\375\210\024\357\262\375HY\244\207Ci\024Gb\025"
  }
  callId: 1
}
leaderTerm: 11
previousLog {
  term: 10
  index: 18
}
entries {
  term: 11
  index: 19
  configurationEntry {
    peers {
      id: "s0"
      address: "localhost:15252"
      dataStreamAddress: "localhost:15255"
      clientAddress: "localhost:15254"
      adminAddress: "localhost:15253"
      startupRole: FOLLOWER
    }
    peers {
      id: "s1"
      address: "localhost:15256"
      dataStreamAddress: "localhost:15259"
      clientAddress: "localhost:15258"
      adminAddress: "localhost:15257"
      startupRole: FOLLOWER
    }
    peers {
      id: "s2"
      address: "localhost:15260"
      dataStreamAddress: "localhost:15263"
      clientAddress: "localhost:15262"
      adminAddress: "localhost:15261"
      startupRole: FOLLOWER
    }
  }
}
leaderCommit: 17
commitInfos {
  server {
    id: "s1"
    address: "localhost:15256"
    dataStreamAddress: "localhost:15259"
    clientAddress: "localhost:15258"
    adminAddress: "localhost:15257"
    startupRole: FOLLOWER
  }
  commitIndex: 17
}
commitInfos {
  server {
    id: "s0"
    address: "localhost:15252"
    dataStreamAddress: "localhost:15255"
    clientAddress: "localhost:15254"
    adminAddress: "localhost:15253"
    startupRole: FOLLOWER
  }
  commitIndex: 17
}
commitInfos {
  server {
    id: "s2"
    address: "localhost:15260"
    dataStreamAddress: "localhost:15263"
    clientAddress: "localhost:15262"
    adminAddress: "localhost:15261"
    startupRole: FOLLOWER
  }
  commitIndex: 16
}
)
2024-10-20 10:45:35,987 [main] WARN  util.ReferenceCountedLeakDetector (ReferenceCountedLeakDetector.java:logLeakMessage(167)) - LEAK: (class org.apache.ratis.proto.RaftProtos$AppendEntriesRequestProto, count=3, value=serverRequest {
  requestorId: "s0"
  replyId: "s2"
  raftGroupId {
    id: "\375\210\024\357\262\375HY\244\207Ci\024Gb\025"
  }
  callId: 1
}
leaderTerm: 10
previousLog {
  term: 9
  index: 16
}
entries {
  term: 10
  index: 17
  configurationEntry {
    peers {
      id: "s0"
      address: "localhost:15252"
      dataStreamAddress: "localhost:15255"
      clientAddress: "localhost:15254"
      adminAddress: "localhost:15253"
      startupRole: FOLLOWER
    }
    peers {
      id: "s1"
      address: "localhost:15256"
      dataStreamAddress: "localhost:15259"
      clientAddress: "localhost:15258"
      adminAddress: "localhost:15257"
      startupRole: FOLLOWER
    }
    peers {
      id: "s2"
      address: "localhost:15260"
      dataStreamAddress: "localhost:15263"
      clientAddress: "localhost:15262"
      adminAddress: "localhost:15261"
      startupRole: FOLLOWER
    }
  }
}
leaderCommit: 16
commitInfos {
  server {
    id: "s0"
    address: "localhost:15252"
    dataStreamAddress: "localhost:15255"
    clientAddress: "localhost:15254"
    adminAddress: "localhost:15253"
    startupRole: FOLLOWER
  }
  commitIndex: 16
}
commitInfos {
  server {
    id: "s1"
    address: "localhost:15256"
    dataStreamAddress: "localhost:15259"
    clientAddress: "localhost:15258"
    adminAddress: "localhost:15257"
    startupRole: FOLLOWER
  }
  commitIndex: 16
}
commitInfos {
  server {
    id: "s2"
    address: "localhost:15260"
    dataStreamAddress: "localhost:15263"
    clientAddress: "localhost:15262"
    adminAddress: "localhost:15261"
    startupRole: FOLLOWER
  }
  commitIndex: 16
}
)
2024-10-20 10:45:35,987 [main] WARN  util.ReferenceCountedLeakDetector (ReferenceCountedLeakDetector.java:logLeakMessage(167)) - LEAK: (class org.apache.ratis.proto.RaftProtos$AppendEntriesRequestProto, count=2, value=serverRequest {
  requestorId: "s1"
  replyId: "s2"
  raftGroupId {
    id: "\375\210\024\357\262\375HY\244\207Ci\024Gb\025"
  }
  callId: 8
}
leaderTerm: 9
previousLog {
  term: 9
  index: 16
}
leaderCommit: 16
commitInfos {
  server {
    id: "s1"
    address: "localhost:15256"
    dataStreamAddress: "localhost:15259"
    clientAddress: "localhost:15258"
    adminAddress: "localhost:15257"
    startupRole: FOLLOWER
  }
  commitIndex: 16
}
commitInfos {
  server {
    id: "s0"
    address: "localhost:15252"
    dataStreamAddress: "localhost:15255"
    clientAddress: "localhost:15254"
    adminAddress: "localhost:15253"
    startupRole: FOLLOWER
  }
  commitIndex: 16
}
commitInfos {
  server {
    id: "s2"
    address: "localhost:15260"
    dataStreamAddress: "localhost:15263"
    clientAddress: "localhost:15262"
    adminAddress: "localhost:15261"
    startupRole: FOLLOWER
  }
  commitIndex: 16
}
)
2024-10-20 10:45:35,988 [main] WARN  util.ReferenceCountedLeakDetector (ReferenceCountedLeakDetector.java:logLeakMessage(167)) - LEAK: (class org.apache.ratis.proto.RaftProtos$AppendEntriesRequestProto, count=2, value=serverRequest {
  requestorId: "s1"
  replyId: "s2"
  raftGroupId {
    id: "\375\210\024\357\262\375HY\244\207Ci\024Gb\025"
  }
}
leaderTerm: 11
previousLog {
  term: 10
  index: 18
}
leaderCommit: 17
commitInfos {
  server {
    id: "s1"
    address: "localhost:15256"
    dataStreamAddress: "localhost:15259"
    clientAddress: "localhost:15258"
    adminAddress: "localhost:15257"
    startupRole: FOLLOWER
  }
  commitIndex: 17
}
commitInfos {
  server {
    id: "s0"
    address: "localhost:15252"
    dataStreamAddress: "localhost:15255"
    clientAddress: "localhost:15254"
    adminAddress: "localhost:15253"
    startupRole: FOLLOWER
  }
  commitIndex: 17
}
commitInfos {
  server {
    id: "s2"
    address: "localhost:15260"
    dataStreamAddress: "localhost:15263"
    clientAddress: "localhost:15262"
    adminAddress: "localhost:15261"
    startupRole: FOLLOWER
  }
  commitIndex: 16
}
)
2024-10-20 10:45:35,988 [main] WARN  util.LeakDetector (LeakDetector.java:assertNoLeaks(171)) - 9/30) numLeaks == 5 > 0, will wait and retry ...
2024-10-20 10:45:36,988 [main] WARN  util.ReferenceCountedLeakDetector (ReferenceCountedLeakDetector.java:logLeakMessage(167)) - LEAK: (class org.apache.ratis.proto.RaftProtos$AppendEntriesRequestProto, count=2, value=serverRequest {
  requestorId: "s0"
  replyId: "s2"
  raftGroupId {
    id: "\375\210\024\357\262\375HY\244\207Ci\024Gb\025"
  }
}
leaderTerm: 10
previousLog {
  term: 9
  index: 16
}
leaderCommit: 16
commitInfos {
  server {
    id: "s0"
    address: "localhost:15252"
    dataStreamAddress: "localhost:15255"
    clientAddress: "localhost:15254"
    adminAddress: "localhost:15253"
    startupRole: FOLLOWER
  }
  commitIndex: 16
}
commitInfos {
  server {
    id: "s1"
    address: "localhost:15256"
    dataStreamAddress: "localhost:15259"
    clientAddress: "localhost:15258"
    adminAddress: "localhost:15257"
    startupRole: FOLLOWER
  }
  commitIndex: 16
}
commitInfos {
  server {
    id: "s2"
    address: "localhost:15260"
    dataStreamAddress: "localhost:15263"
    clientAddress: "localhost:15262"
    adminAddress: "localhost:15261"
    startupRole: FOLLOWER
  }
  commitIndex: 16
}
)
2024-10-20 10:45:36,988 [main] WARN  util.ReferenceCountedLeakDetector (ReferenceCountedLeakDetector.java:logLeakMessage(167)) - LEAK: (class org.apache.ratis.proto.RaftProtos$AppendEntriesRequestProto, count=3, value=serverRequest {
  requestorId: "s1"
  replyId: "s2"
  raftGroupId {
    id: "\375\210\024\357\262\375HY\244\207Ci\024Gb\025"
  }
  callId: 1
}
leaderTerm: 11
previousLog {
  term: 10
  index: 18
}
entries {
  term: 11
  index: 19
  configurationEntry {
    peers {
      id: "s0"
      address: "localhost:15252"
      dataStreamAddress: "localhost:15255"
      clientAddress: "localhost:15254"
      adminAddress: "localhost:15253"
      startupRole: FOLLOWER
    }
    peers {
      id: "s1"
      address: "localhost:15256"
      dataStreamAddress: "localhost:15259"
      clientAddress: "localhost:15258"
      adminAddress: "localhost:15257"
      startupRole: FOLLOWER
    }
    peers {
      id: "s2"
      address: "localhost:15260"
      dataStreamAddress: "localhost:15263"
      clientAddress: "localhost:15262"
      adminAddress: "localhost:15261"
      startupRole: FOLLOWER
    }
  }
}
leaderCommit: 17
commitInfos {
  server {
    id: "s1"
    address: "localhost:15256"
    dataStreamAddress: "localhost:15259"
    clientAddress: "localhost:15258"
    adminAddress: "localhost:15257"
    startupRole: FOLLOWER
  }
  commitIndex: 17
}
commitInfos {
  server {
    id: "s0"
    address: "localhost:15252"
    dataStreamAddress: "localhost:15255"
    clientAddress: "localhost:15254"
    adminAddress: "localhost:15253"
    startupRole: FOLLOWER
  }
  commitIndex: 17
}
commitInfos {
  server {
    id: "s2"
    address: "localhost:15260"
    dataStreamAddress: "localhost:15263"
    clientAddress: "localhost:15262"
    adminAddress: "localhost:15261"
    startupRole: FOLLOWER
  }
  commitIndex: 16
}
)
2024-10-20 10:45:36,988 [main] WARN  util.ReferenceCountedLeakDetector (ReferenceCountedLeakDetector.java:logLeakMessage(167)) - LEAK: (class org.apache.ratis.proto.RaftProtos$AppendEntriesRequestProto, count=3, value=serverRequest {
  requestorId: "s0"
  replyId: "s2"
  raftGroupId {
    id: "\375\210\024\357\262\375HY\244\207Ci\024Gb\025"
  }
  callId: 1
}
leaderTerm: 10
previousLog {
  term: 9
  index: 16
}
entries {
  term: 10
  index: 17
  configurationEntry {
    peers {
      id: "s0"
      address: "localhost:15252"
      dataStreamAddress: "localhost:15255"
      clientAddress: "localhost:15254"
      adminAddress: "localhost:15253"
      startupRole: FOLLOWER
    }
    peers {
      id: "s1"
      address: "localhost:15256"
      dataStreamAddress: "localhost:15259"
      clientAddress: "localhost:15258"
      adminAddress: "localhost:15257"
      startupRole: FOLLOWER
    }
    peers {
      id: "s2"
      address: "localhost:15260"
      dataStreamAddress: "localhost:15263"
      clientAddress: "localhost:15262"
      adminAddress: "localhost:15261"
      startupRole: FOLLOWER
    }
  }
}
leaderCommit: 16
commitInfos {
  server {
    id: "s0"
    address: "localhost:15252"
    dataStreamAddress: "localhost:15255"
    clientAddress: "localhost:15254"
    adminAddress: "localhost:15253"
    startupRole: FOLLOWER
  }
  commitIndex: 16
}
commitInfos {
  server {
    id: "s1"
    address: "localhost:15256"
    dataStreamAddress: "localhost:15259"
    clientAddress: "localhost:15258"
    adminAddress: "localhost:15257"
    startupRole: FOLLOWER
  }
  commitIndex: 16
}
commitInfos {
  server {
    id: "s2"
    address: "localhost:15260"
    dataStreamAddress: "localhost:15263"
    clientAddress: "localhost:15262"
    adminAddress: "localhost:15261"
    startupRole: FOLLOWER
  }
  commitIndex: 16
}
)
2024-10-20 10:45:36,988 [main] WARN  util.ReferenceCountedLeakDetector (ReferenceCountedLeakDetector.java:logLeakMessage(167)) - LEAK: (class org.apache.ratis.proto.RaftProtos$AppendEntriesRequestProto, count=2, value=serverRequest {
  requestorId: "s1"
  replyId: "s2"
  raftGroupId {
    id: "\375\210\024\357\262\375HY\244\207Ci\024Gb\025"
  }
  callId: 8
}
leaderTerm: 9
previousLog {
  term: 9
  index: 16
}
leaderCommit: 16
commitInfos {
  server {
    id: "s1"
    address: "localhost:15256"
    dataStreamAddress: "localhost:15259"
    clientAddress: "localhost:15258"
    adminAddress: "localhost:15257"
    startupRole: FOLLOWER
  }
  commitIndex: 16
}
commitInfos {
  server {
    id: "s0"
    address: "localhost:15252"
    dataStreamAddress: "localhost:15255"
    clientAddress: "localhost:15254"
    adminAddress: "localhost:15253"
    startupRole: FOLLOWER
  }
  commitIndex: 16
}
commitInfos {
  server {
    id: "s2"
    address: "localhost:15260"
    dataStreamAddress: "localhost:15263"
    clientAddress: "localhost:15262"
    adminAddress: "localhost:15261"
    startupRole: FOLLOWER
  }
  commitIndex: 16
}
)
2024-10-20 10:45:36,988 [main] WARN  util.ReferenceCountedLeakDetector (ReferenceCountedLeakDetector.java:logLeakMessage(167)) - LEAK: (class org.apache.ratis.proto.RaftProtos$AppendEntriesRequestProto, count=2, value=serverRequest {
  requestorId: "s1"
  replyId: "s2"
  raftGroupId {
    id: "\375\210\024\357\262\375HY\244\207Ci\024Gb\025"
  }
}
leaderTerm: 11
previousLog {
  term: 10
  index: 18
}
leaderCommit: 17
commitInfos {
  server {
    id: "s1"
    address: "localhost:15256"
    dataStreamAddress: "localhost:15259"
    clientAddress: "localhost:15258"
    adminAddress: "localhost:15257"
    startupRole: FOLLOWER
  }
  commitIndex: 17
}
commitInfos {
  server {
    id: "s0"
    address: "localhost:15252"
    dataStreamAddress: "localhost:15255"
    clientAddress: "localhost:15254"
    adminAddress: "localhost:15253"
    startupRole: FOLLOWER
  }
  commitIndex: 17
}
commitInfos {
  server {
    id: "s2"
    address: "localhost:15260"
    dataStreamAddress: "localhost:15263"
    clientAddress: "localhost:15262"
    adminAddress: "localhost:15261"
    startupRole: FOLLOWER
  }
  commitIndex: 16
}
)
2024-10-20 10:45:36,989 [main] WARN  util.LeakDetector (LeakDetector.java:assertNoLeaks(171)) - 10/30) numLeaks == 5 > 0, will wait and retry ...
2024-10-20 10:45:37,989 [main] WARN  util.ReferenceCountedLeakDetector (ReferenceCountedLeakDetector.java:logLeakMessage(167)) - LEAK: (class org.apache.ratis.proto.RaftProtos$AppendEntriesRequestProto, count=2, value=serverRequest {
  requestorId: "s0"
  replyId: "s2"
  raftGroupId {
    id: "\375\210\024\357\262\375HY\244\207Ci\024Gb\025"
  }
}
leaderTerm: 10
previousLog {
  term: 9
  index: 16
}
leaderCommit: 16
commitInfos {
  server {
    id: "s0"
    address: "localhost:15252"
    dataStreamAddress: "localhost:15255"
    clientAddress: "localhost:15254"
    adminAddress: "localhost:15253"
    startupRole: FOLLOWER
  }
  commitIndex: 16
}
commitInfos {
  server {
    id: "s1"
    address: "localhost:15256"
    dataStreamAddress: "localhost:15259"
    clientAddress: "localhost:15258"
    adminAddress: "localhost:15257"
    startupRole: FOLLOWER
  }
  commitIndex: 16
}
commitInfos {
  server {
    id: "s2"
    address: "localhost:15260"
    dataStreamAddress: "localhost:15263"
    clientAddress: "localhost:15262"
    adminAddress: "localhost:15261"
    startupRole: FOLLOWER
  }
  commitIndex: 16
}
)
2024-10-20 10:45:37,989 [main] WARN  util.ReferenceCountedLeakDetector (ReferenceCountedLeakDetector.java:logLeakMessage(167)) - LEAK: (class org.apache.ratis.proto.RaftProtos$AppendEntriesRequestProto, count=3, value=serverRequest {
  requestorId: "s1"
  replyId: "s2"
  raftGroupId {
    id: "\375\210\024\357\262\375HY\244\207Ci\024Gb\025"
  }
  callId: 1
}
leaderTerm: 11
previousLog {
  term: 10
  index: 18
}
entries {
  term: 11
  index: 19
  configurationEntry {
    peers {
      id: "s0"
      address: "localhost:15252"
      dataStreamAddress: "localhost:15255"
      clientAddress: "localhost:15254"
      adminAddress: "localhost:15253"
      startupRole: FOLLOWER
    }
    peers {
      id: "s1"
      address: "localhost:15256"
      dataStreamAddress: "localhost:15259"
      clientAddress: "localhost:15258"
      adminAddress: "localhost:15257"
      startupRole: FOLLOWER
    }
    peers {
      id: "s2"
      address: "localhost:15260"
      dataStreamAddress: "localhost:15263"
      clientAddress: "localhost:15262"
      adminAddress: "localhost:15261"
      startupRole: FOLLOWER
    }
  }
}
leaderCommit: 17
commitInfos {
  server {
    id: "s1"
    address: "localhost:15256"
    dataStreamAddress: "localhost:15259"
    clientAddress: "localhost:15258"
    adminAddress: "localhost:15257"
    startupRole: FOLLOWER
  }
  commitIndex: 17
}
commitInfos {
  server {
    id: "s0"
    address: "localhost:15252"
    dataStreamAddress: "localhost:15255"
    clientAddress: "localhost:15254"
    adminAddress: "localhost:15253"
    startupRole: FOLLOWER
  }
  commitIndex: 17
}
commitInfos {
  server {
    id: "s2"
    address: "localhost:15260"
    dataStreamAddress: "localhost:15263"
    clientAddress: "localhost:15262"
    adminAddress: "localhost:15261"
    startupRole: FOLLOWER
  }
  commitIndex: 16
}
)
2024-10-20 10:45:37,989 [main] WARN  util.ReferenceCountedLeakDetector (ReferenceCountedLeakDetector.java:logLeakMessage(167)) - LEAK: (class org.apache.ratis.proto.RaftProtos$AppendEntriesRequestProto, count=3, value=serverRequest {
  requestorId: "s0"
  replyId: "s2"
  raftGroupId {
    id: "\375\210\024\357\262\375HY\244\207Ci\024Gb\025"
  }
  callId: 1
}
leaderTerm: 10
previousLog {
  term: 9
  index: 16
}
entries {
  term: 10
  index: 17
  configurationEntry {
    peers {
      id: "s0"
      address: "localhost:15252"
      dataStreamAddress: "localhost:15255"
      clientAddress: "localhost:15254"
      adminAddress: "localhost:15253"
      startupRole: FOLLOWER
    }
    peers {
      id: "s1"
      address: "localhost:15256"
      dataStreamAddress: "localhost:15259"
      clientAddress: "localhost:15258"
      adminAddress: "localhost:15257"
      startupRole: FOLLOWER
    }
    peers {
      id: "s2"
      address: "localhost:15260"
      dataStreamAddress: "localhost:15263"
      clientAddress: "localhost:15262"
      adminAddress: "localhost:15261"
      startupRole: FOLLOWER
    }
  }
}
leaderCommit: 16
commitInfos {
  server {
    id: "s0"
    address: "localhost:15252"
    dataStreamAddress: "localhost:15255"
    clientAddress: "localhost:15254"
    adminAddress: "localhost:15253"
    startupRole: FOLLOWER
  }
  commitIndex: 16
}
commitInfos {
  server {
    id: "s1"
    address: "localhost:15256"
    dataStreamAddress: "localhost:15259"
    clientAddress: "localhost:15258"
    adminAddress: "localhost:15257"
    startupRole: FOLLOWER
  }
  commitIndex: 16
}
commitInfos {
  server {
    id: "s2"
    address: "localhost:15260"
    dataStreamAddress: "localhost:15263"
    clientAddress: "localhost:15262"
    adminAddress: "localhost:15261"
    startupRole: FOLLOWER
  }
  commitIndex: 16
}
)
2024-10-20 10:45:37,989 [main] WARN  util.ReferenceCountedLeakDetector (ReferenceCountedLeakDetector.java:logLeakMessage(167)) - LEAK: (class org.apache.ratis.proto.RaftProtos$AppendEntriesRequestProto, count=2, value=serverRequest {
  requestorId: "s1"
  replyId: "s2"
  raftGroupId {
    id: "\375\210\024\357\262\375HY\244\207Ci\024Gb\025"
  }
  callId: 8
}
leaderTerm: 9
previousLog {
  term: 9
  index: 16
}
leaderCommit: 16
commitInfos {
  server {
    id: "s1"
    address: "localhost:15256"
    dataStreamAddress: "localhost:15259"
    clientAddress: "localhost:15258"
    adminAddress: "localhost:15257"
    startupRole: FOLLOWER
  }
  commitIndex: 16
}
commitInfos {
  server {
    id: "s0"
    address: "localhost:15252"
    dataStreamAddress: "localhost:15255"
    clientAddress: "localhost:15254"
    adminAddress: "localhost:15253"
    startupRole: FOLLOWER
  }
  commitIndex: 16
}
commitInfos {
  server {
    id: "s2"
    address: "localhost:15260"
    dataStreamAddress: "localhost:15263"
    clientAddress: "localhost:15262"
    adminAddress: "localhost:15261"
    startupRole: FOLLOWER
  }
  commitIndex: 16
}
)
2024-10-20 10:45:37,989 [main] WARN  util.ReferenceCountedLeakDetector (ReferenceCountedLeakDetector.java:logLeakMessage(167)) - LEAK: (class org.apache.ratis.proto.RaftProtos$AppendEntriesRequestProto, count=2, value=serverRequest {
  requestorId: "s1"
  replyId: "s2"
  raftGroupId {
    id: "\375\210\024\357\262\375HY\244\207Ci\024Gb\025"
  }
}
leaderTerm: 11
previousLog {
  term: 10
  index: 18
}
leaderCommit: 17
commitInfos {
  server {
    id: "s1"
    address: "localhost:15256"
    dataStreamAddress: "localhost:15259"
    clientAddress: "localhost:15258"
    adminAddress: "localhost:15257"
    startupRole: FOLLOWER
  }
  commitIndex: 17
}
commitInfos {
  server {
    id: "s0"
    address: "localhost:15252"
    dataStreamAddress: "localhost:15255"
    clientAddress: "localhost:15254"
    adminAddress: "localhost:15253"
    startupRole: FOLLOWER
  }
  commitIndex: 17
}
commitInfos {
  server {
    id: "s2"
    address: "localhost:15260"
    dataStreamAddress: "localhost:15263"
    clientAddress: "localhost:15262"
    adminAddress: "localhost:15261"
    startupRole: FOLLOWER
  }
  commitIndex: 16
}
)
2024-10-20 10:45:37,989 [main] WARN  util.LeakDetector (LeakDetector.java:assertNoLeaks(171)) - 11/30) numLeaks == 5 > 0, will wait and retry ...
2024-10-20 10:45:38,990 [main] WARN  util.ReferenceCountedLeakDetector (ReferenceCountedLeakDetector.java:logLeakMessage(167)) - LEAK: (class org.apache.ratis.proto.RaftProtos$AppendEntriesRequestProto, count=2, value=serverRequest {
  requestorId: "s0"
  replyId: "s2"
  raftGroupId {
    id: "\375\210\024\357\262\375HY\244\207Ci\024Gb\025"
  }
}
leaderTerm: 10
previousLog {
  term: 9
  index: 16
}
leaderCommit: 16
commitInfos {
  server {
    id: "s0"
    address: "localhost:15252"
    dataStreamAddress: "localhost:15255"
    clientAddress: "localhost:15254"
    adminAddress: "localhost:15253"
    startupRole: FOLLOWER
  }
  commitIndex: 16
}
commitInfos {
  server {
    id: "s1"
    address: "localhost:15256"
    dataStreamAddress: "localhost:15259"
    clientAddress: "localhost:15258"
    adminAddress: "localhost:15257"
    startupRole: FOLLOWER
  }
  commitIndex: 16
}
commitInfos {
  server {
    id: "s2"
    address: "localhost:15260"
    dataStreamAddress: "localhost:15263"
    clientAddress: "localhost:15262"
    adminAddress: "localhost:15261"
    startupRole: FOLLOWER
  }
  commitIndex: 16
}
)
2024-10-20 10:45:38,990 [main] WARN  util.ReferenceCountedLeakDetector (ReferenceCountedLeakDetector.java:logLeakMessage(167)) - LEAK: (class org.apache.ratis.proto.RaftProtos$AppendEntriesRequestProto, count=3, value=serverRequest {
  requestorId: "s1"
  replyId: "s2"
  raftGroupId {
    id: "\375\210\024\357\262\375HY\244\207Ci\024Gb\025"
  }
  callId: 1
}
leaderTerm: 11
previousLog {
  term: 10
  index: 18
}
entries {
  term: 11
  index: 19
  configurationEntry {
    peers {
      id: "s0"
      address: "localhost:15252"
      dataStreamAddress: "localhost:15255"
      clientAddress: "localhost:15254"
      adminAddress: "localhost:15253"
      startupRole: FOLLOWER
    }
    peers {
      id: "s1"
      address: "localhost:15256"
      dataStreamAddress: "localhost:15259"
      clientAddress: "localhost:15258"
      adminAddress: "localhost:15257"
      startupRole: FOLLOWER
    }
    peers {
      id: "s2"
      address: "localhost:15260"
      dataStreamAddress: "localhost:15263"
      clientAddress: "localhost:15262"
      adminAddress: "localhost:15261"
      startupRole: FOLLOWER
    }
  }
}
leaderCommit: 17
commitInfos {
  server {
    id: "s1"
    address: "localhost:15256"
    dataStreamAddress: "localhost:15259"
    clientAddress: "localhost:15258"
    adminAddress: "localhost:15257"
    startupRole: FOLLOWER
  }
  commitIndex: 17
}
commitInfos {
  server {
    id: "s0"
    address: "localhost:15252"
    dataStreamAddress: "localhost:15255"
    clientAddress: "localhost:15254"
    adminAddress: "localhost:15253"
    startupRole: FOLLOWER
  }
  commitIndex: 17
}
commitInfos {
  server {
    id: "s2"
    address: "localhost:15260"
    dataStreamAddress: "localhost:15263"
    clientAddress: "localhost:15262"
    adminAddress: "localhost:15261"
    startupRole: FOLLOWER
  }
  commitIndex: 16
}
)
2024-10-20 10:45:38,990 [main] WARN  util.ReferenceCountedLeakDetector (ReferenceCountedLeakDetector.java:logLeakMessage(167)) - LEAK: (class org.apache.ratis.proto.RaftProtos$AppendEntriesRequestProto, count=3, value=serverRequest {
  requestorId: "s0"
  replyId: "s2"
  raftGroupId {
    id: "\375\210\024\357\262\375HY\244\207Ci\024Gb\025"
  }
  callId: 1
}
leaderTerm: 10
previousLog {
  term: 9
  index: 16
}
entries {
  term: 10
  index: 17
  configurationEntry {
    peers {
      id: "s0"
      address: "localhost:15252"
      dataStreamAddress: "localhost:15255"
      clientAddress: "localhost:15254"
      adminAddress: "localhost:15253"
      startupRole: FOLLOWER
    }
    peers {
      id: "s1"
      address: "localhost:15256"
      dataStreamAddress: "localhost:15259"
      clientAddress: "localhost:15258"
      adminAddress: "localhost:15257"
      startupRole: FOLLOWER
    }
    peers {
      id: "s2"
      address: "localhost:15260"
      dataStreamAddress: "localhost:15263"
      clientAddress: "localhost:15262"
      adminAddress: "localhost:15261"
      startupRole: FOLLOWER
    }
  }
}
leaderCommit: 16
commitInfos {
  server {
    id: "s0"
    address: "localhost:15252"
    dataStreamAddress: "localhost:15255"
    clientAddress: "localhost:15254"
    adminAddress: "localhost:15253"
    startupRole: FOLLOWER
  }
  commitIndex: 16
}
commitInfos {
  server {
    id: "s1"
    address: "localhost:15256"
    dataStreamAddress: "localhost:15259"
    clientAddress: "localhost:15258"
    adminAddress: "localhost:15257"
    startupRole: FOLLOWER
  }
  commitIndex: 16
}
commitInfos {
  server {
    id: "s2"
    address: "localhost:15260"
    dataStreamAddress: "localhost:15263"
    clientAddress: "localhost:15262"
    adminAddress: "localhost:15261"
    startupRole: FOLLOWER
  }
  commitIndex: 16
}
)
2024-10-20 10:45:38,990 [main] WARN  util.ReferenceCountedLeakDetector (ReferenceCountedLeakDetector.java:logLeakMessage(167)) - LEAK: (class org.apache.ratis.proto.RaftProtos$AppendEntriesRequestProto, count=2, value=serverRequest {
  requestorId: "s1"
  replyId: "s2"
  raftGroupId {
    id: "\375\210\024\357\262\375HY\244\207Ci\024Gb\025"
  }
  callId: 8
}
leaderTerm: 9
previousLog {
  term: 9
  index: 16
}
leaderCommit: 16
commitInfos {
  server {
    id: "s1"
    address: "localhost:15256"
    dataStreamAddress: "localhost:15259"
    clientAddress: "localhost:15258"
    adminAddress: "localhost:15257"
    startupRole: FOLLOWER
  }
  commitIndex: 16
}
commitInfos {
  server {
    id: "s0"
    address: "localhost:15252"
    dataStreamAddress: "localhost:15255"
    clientAddress: "localhost:15254"
    adminAddress: "localhost:15253"
    startupRole: FOLLOWER
  }
  commitIndex: 16
}
commitInfos {
  server {
    id: "s2"
    address: "localhost:15260"
    dataStreamAddress: "localhost:15263"
    clientAddress: "localhost:15262"
    adminAddress: "localhost:15261"
    startupRole: FOLLOWER
  }
  commitIndex: 16
}
)
2024-10-20 10:45:38,990 [main] WARN  util.ReferenceCountedLeakDetector (ReferenceCountedLeakDetector.java:logLeakMessage(167)) - LEAK: (class org.apache.ratis.proto.RaftProtos$AppendEntriesRequestProto, count=2, value=serverRequest {
  requestorId: "s1"
  replyId: "s2"
  raftGroupId {
    id: "\375\210\024\357\262\375HY\244\207Ci\024Gb\025"
  }
}
leaderTerm: 11
previousLog {
  term: 10
  index: 18
}
leaderCommit: 17
commitInfos {
  server {
    id: "s1"
    address: "localhost:15256"
    dataStreamAddress: "localhost:15259"
    clientAddress: "localhost:15258"
    adminAddress: "localhost:15257"
    startupRole: FOLLOWER
  }
  commitIndex: 17
}
commitInfos {
  server {
    id: "s0"
    address: "localhost:15252"
    dataStreamAddress: "localhost:15255"
    clientAddress: "localhost:15254"
    adminAddress: "localhost:15253"
    startupRole: FOLLOWER
  }
  commitIndex: 17
}
commitInfos {
  server {
    id: "s2"
    address: "localhost:15260"
    dataStreamAddress: "localhost:15263"
    clientAddress: "localhost:15262"
    adminAddress: "localhost:15261"
    startupRole: FOLLOWER
  }
  commitIndex: 16
}
)
2024-10-20 10:45:38,990 [main] WARN  util.LeakDetector (LeakDetector.java:assertNoLeaks(171)) - 12/30) numLeaks == 5 > 0, will wait and retry ...
2024-10-20 10:45:39,990 [main] WARN  util.ReferenceCountedLeakDetector (ReferenceCountedLeakDetector.java:logLeakMessage(167)) - LEAK: (class org.apache.ratis.proto.RaftProtos$AppendEntriesRequestProto, count=2, value=serverRequest {
  requestorId: "s0"
  replyId: "s2"
  raftGroupId {
    id: "\375\210\024\357\262\375HY\244\207Ci\024Gb\025"
  }
}
leaderTerm: 10
previousLog {
  term: 9
  index: 16
}
leaderCommit: 16
commitInfos {
  server {
    id: "s0"
    address: "localhost:15252"
    dataStreamAddress: "localhost:15255"
    clientAddress: "localhost:15254"
    adminAddress: "localhost:15253"
    startupRole: FOLLOWER
  }
  commitIndex: 16
}
commitInfos {
  server {
    id: "s1"
    address: "localhost:15256"
    dataStreamAddress: "localhost:15259"
    clientAddress: "localhost:15258"
    adminAddress: "localhost:15257"
    startupRole: FOLLOWER
  }
  commitIndex: 16
}
commitInfos {
  server {
    id: "s2"
    address: "localhost:15260"
    dataStreamAddress: "localhost:15263"
    clientAddress: "localhost:15262"
    adminAddress: "localhost:15261"
    startupRole: FOLLOWER
  }
  commitIndex: 16
}
)
2024-10-20 10:45:39,991 [main] WARN  util.ReferenceCountedLeakDetector (ReferenceCountedLeakDetector.java:logLeakMessage(167)) - LEAK: (class org.apache.ratis.proto.RaftProtos$AppendEntriesRequestProto, count=3, value=serverRequest {
  requestorId: "s1"
  replyId: "s2"
  raftGroupId {
    id: "\375\210\024\357\262\375HY\244\207Ci\024Gb\025"
  }
  callId: 1
}
leaderTerm: 11
previousLog {
  term: 10
  index: 18
}
entries {
  term: 11
  index: 19
  configurationEntry {
    peers {
      id: "s0"
      address: "localhost:15252"
      dataStreamAddress: "localhost:15255"
      clientAddress: "localhost:15254"
      adminAddress: "localhost:15253"
      startupRole: FOLLOWER
    }
    peers {
      id: "s1"
      address: "localhost:15256"
      dataStreamAddress: "localhost:15259"
      clientAddress: "localhost:15258"
      adminAddress: "localhost:15257"
      startupRole: FOLLOWER
    }
    peers {
      id: "s2"
      address: "localhost:15260"
      dataStreamAddress: "localhost:15263"
      clientAddress: "localhost:15262"
      adminAddress: "localhost:15261"
      startupRole: FOLLOWER
    }
  }
}
leaderCommit: 17
commitInfos {
  server {
    id: "s1"
    address: "localhost:15256"
    dataStreamAddress: "localhost:15259"
    clientAddress: "localhost:15258"
    adminAddress: "localhost:15257"
    startupRole: FOLLOWER
  }
  commitIndex: 17
}
commitInfos {
  server {
    id: "s0"
    address: "localhost:15252"
    dataStreamAddress: "localhost:15255"
    clientAddress: "localhost:15254"
    adminAddress: "localhost:15253"
    startupRole: FOLLOWER
  }
  commitIndex: 17
}
commitInfos {
  server {
    id: "s2"
    address: "localhost:15260"
    dataStreamAddress: "localhost:15263"
    clientAddress: "localhost:15262"
    adminAddress: "localhost:15261"
    startupRole: FOLLOWER
  }
  commitIndex: 16
}
)
2024-10-20 10:45:39,991 [main] WARN  util.ReferenceCountedLeakDetector (ReferenceCountedLeakDetector.java:logLeakMessage(167)) - LEAK: (class org.apache.ratis.proto.RaftProtos$AppendEntriesRequestProto, count=3, value=serverRequest {
  requestorId: "s0"
  replyId: "s2"
  raftGroupId {
    id: "\375\210\024\357\262\375HY\244\207Ci\024Gb\025"
  }
  callId: 1
}
leaderTerm: 10
previousLog {
  term: 9
  index: 16
}
entries {
  term: 10
  index: 17
  configurationEntry {
    peers {
      id: "s0"
      address: "localhost:15252"
      dataStreamAddress: "localhost:15255"
      clientAddress: "localhost:15254"
      adminAddress: "localhost:15253"
      startupRole: FOLLOWER
    }
    peers {
      id: "s1"
      address: "localhost:15256"
      dataStreamAddress: "localhost:15259"
      clientAddress: "localhost:15258"
      adminAddress: "localhost:15257"
      startupRole: FOLLOWER
    }
    peers {
      id: "s2"
      address: "localhost:15260"
      dataStreamAddress: "localhost:15263"
      clientAddress: "localhost:15262"
      adminAddress: "localhost:15261"
      startupRole: FOLLOWER
    }
  }
}
leaderCommit: 16
commitInfos {
  server {
    id: "s0"
    address: "localhost:15252"
    dataStreamAddress: "localhost:15255"
    clientAddress: "localhost:15254"
    adminAddress: "localhost:15253"
    startupRole: FOLLOWER
  }
  commitIndex: 16
}
commitInfos {
  server {
    id: "s1"
    address: "localhost:15256"
    dataStreamAddress: "localhost:15259"
    clientAddress: "localhost:15258"
    adminAddress: "localhost:15257"
    startupRole: FOLLOWER
  }
  commitIndex: 16
}
commitInfos {
  server {
    id: "s2"
    address: "localhost:15260"
    dataStreamAddress: "localhost:15263"
    clientAddress: "localhost:15262"
    adminAddress: "localhost:15261"
    startupRole: FOLLOWER
  }
  commitIndex: 16
}
)
2024-10-20 10:45:39,991 [main] WARN  util.ReferenceCountedLeakDetector (ReferenceCountedLeakDetector.java:logLeakMessage(167)) - LEAK: (class org.apache.ratis.proto.RaftProtos$AppendEntriesRequestProto, count=2, value=serverRequest {
  requestorId: "s1"
  replyId: "s2"
  raftGroupId {
    id: "\375\210\024\357\262\375HY\244\207Ci\024Gb\025"
  }
  callId: 8
}
leaderTerm: 9
previousLog {
  term: 9
  index: 16
}
leaderCommit: 16
commitInfos {
  server {
    id: "s1"
    address: "localhost:15256"
    dataStreamAddress: "localhost:15259"
    clientAddress: "localhost:15258"
    adminAddress: "localhost:15257"
    startupRole: FOLLOWER
  }
  commitIndex: 16
}
commitInfos {
  server {
    id: "s0"
    address: "localhost:15252"
    dataStreamAddress: "localhost:15255"
    clientAddress: "localhost:15254"
    adminAddress: "localhost:15253"
    startupRole: FOLLOWER
  }
  commitIndex: 16
}
commitInfos {
  server {
    id: "s2"
    address: "localhost:15260"
    dataStreamAddress: "localhost:15263"
    clientAddress: "localhost:15262"
    adminAddress: "localhost:15261"
    startupRole: FOLLOWER
  }
  commitIndex: 16
}
)
2024-10-20 10:45:39,991 [main] WARN  util.ReferenceCountedLeakDetector (ReferenceCountedLeakDetector.java:logLeakMessage(167)) - LEAK: (class org.apache.ratis.proto.RaftProtos$AppendEntriesRequestProto, count=2, value=serverRequest {
  requestorId: "s1"
  replyId: "s2"
  raftGroupId {
    id: "\375\210\024\357\262\375HY\244\207Ci\024Gb\025"
  }
}
leaderTerm: 11
previousLog {
  term: 10
  index: 18
}
leaderCommit: 17
commitInfos {
  server {
    id: "s1"
    address: "localhost:15256"
    dataStreamAddress: "localhost:15259"
    clientAddress: "localhost:15258"
    adminAddress: "localhost:15257"
    startupRole: FOLLOWER
  }
  commitIndex: 17
}
commitInfos {
  server {
    id: "s0"
    address: "localhost:15252"
    dataStreamAddress: "localhost:15255"
    clientAddress: "localhost:15254"
    adminAddress: "localhost:15253"
    startupRole: FOLLOWER
  }
  commitIndex: 17
}
commitInfos {
  server {
    id: "s2"
    address: "localhost:15260"
    dataStreamAddress: "localhost:15263"
    clientAddress: "localhost:15262"
    adminAddress: "localhost:15261"
    startupRole: FOLLOWER
  }
  commitIndex: 16
}
)
2024-10-20 10:45:39,991 [main] WARN  util.LeakDetector (LeakDetector.java:assertNoLeaks(171)) - 13/30) numLeaks == 5 > 0, will wait and retry ...
2024-10-20 10:45:40,991 [main] WARN  util.ReferenceCountedLeakDetector (ReferenceCountedLeakDetector.java:logLeakMessage(167)) - LEAK: (class org.apache.ratis.proto.RaftProtos$AppendEntriesRequestProto, count=2, value=serverRequest {
  requestorId: "s0"
  replyId: "s2"
  raftGroupId {
    id: "\375\210\024\357\262\375HY\244\207Ci\024Gb\025"
  }
}
leaderTerm: 10
previousLog {
  term: 9
  index: 16
}
leaderCommit: 16
commitInfos {
  server {
    id: "s0"
    address: "localhost:15252"
    dataStreamAddress: "localhost:15255"
    clientAddress: "localhost:15254"
    adminAddress: "localhost:15253"
    startupRole: FOLLOWER
  }
  commitIndex: 16
}
commitInfos {
  server {
    id: "s1"
    address: "localhost:15256"
    dataStreamAddress: "localhost:15259"
    clientAddress: "localhost:15258"
    adminAddress: "localhost:15257"
    startupRole: FOLLOWER
  }
  commitIndex: 16
}
commitInfos {
  server {
    id: "s2"
    address: "localhost:15260"
    dataStreamAddress: "localhost:15263"
    clientAddress: "localhost:15262"
    adminAddress: "localhost:15261"
    startupRole: FOLLOWER
  }
  commitIndex: 16
}
)
2024-10-20 10:45:40,992 [main] WARN  util.ReferenceCountedLeakDetector (ReferenceCountedLeakDetector.java:logLeakMessage(167)) - LEAK: (class org.apache.ratis.proto.RaftProtos$AppendEntriesRequestProto, count=3, value=serverRequest {
  requestorId: "s1"
  replyId: "s2"
  raftGroupId {
    id: "\375\210\024\357\262\375HY\244\207Ci\024Gb\025"
  }
  callId: 1
}
leaderTerm: 11
previousLog {
  term: 10
  index: 18
}
entries {
  term: 11
  index: 19
  configurationEntry {
    peers {
      id: "s0"
      address: "localhost:15252"
      dataStreamAddress: "localhost:15255"
      clientAddress: "localhost:15254"
      adminAddress: "localhost:15253"
      startupRole: FOLLOWER
    }
    peers {
      id: "s1"
      address: "localhost:15256"
      dataStreamAddress: "localhost:15259"
      clientAddress: "localhost:15258"
      adminAddress: "localhost:15257"
      startupRole: FOLLOWER
    }
    peers {
      id: "s2"
      address: "localhost:15260"
      dataStreamAddress: "localhost:15263"
      clientAddress: "localhost:15262"
      adminAddress: "localhost:15261"
      startupRole: FOLLOWER
    }
  }
}
leaderCommit: 17
commitInfos {
  server {
    id: "s1"
    address: "localhost:15256"
    dataStreamAddress: "localhost:15259"
    clientAddress: "localhost:15258"
    adminAddress: "localhost:15257"
    startupRole: FOLLOWER
  }
  commitIndex: 17
}
commitInfos {
  server {
    id: "s0"
    address: "localhost:15252"
    dataStreamAddress: "localhost:15255"
    clientAddress: "localhost:15254"
    adminAddress: "localhost:15253"
    startupRole: FOLLOWER
  }
  commitIndex: 17
}
commitInfos {
  server {
    id: "s2"
    address: "localhost:15260"
    dataStreamAddress: "localhost:15263"
    clientAddress: "localhost:15262"
    adminAddress: "localhost:15261"
    startupRole: FOLLOWER
  }
  commitIndex: 16
}
)
2024-10-20 10:45:40,992 [main] WARN  util.ReferenceCountedLeakDetector (ReferenceCountedLeakDetector.java:logLeakMessage(167)) - LEAK: (class org.apache.ratis.proto.RaftProtos$AppendEntriesRequestProto, count=3, value=serverRequest {
  requestorId: "s0"
  replyId: "s2"
  raftGroupId {
    id: "\375\210\024\357\262\375HY\244\207Ci\024Gb\025"
  }
  callId: 1
}
leaderTerm: 10
previousLog {
  term: 9
  index: 16
}
entries {
  term: 10
  index: 17
  configurationEntry {
    peers {
      id: "s0"
      address: "localhost:15252"
      dataStreamAddress: "localhost:15255"
      clientAddress: "localhost:15254"
      adminAddress: "localhost:15253"
      startupRole: FOLLOWER
    }
    peers {
      id: "s1"
      address: "localhost:15256"
      dataStreamAddress: "localhost:15259"
      clientAddress: "localhost:15258"
      adminAddress: "localhost:15257"
      startupRole: FOLLOWER
    }
    peers {
      id: "s2"
      address: "localhost:15260"
      dataStreamAddress: "localhost:15263"
      clientAddress: "localhost:15262"
      adminAddress: "localhost:15261"
      startupRole: FOLLOWER
    }
  }
}
leaderCommit: 16
commitInfos {
  server {
    id: "s0"
    address: "localhost:15252"
    dataStreamAddress: "localhost:15255"
    clientAddress: "localhost:15254"
    adminAddress: "localhost:15253"
    startupRole: FOLLOWER
  }
  commitIndex: 16
}
commitInfos {
  server {
    id: "s1"
    address: "localhost:15256"
    dataStreamAddress: "localhost:15259"
    clientAddress: "localhost:15258"
    adminAddress: "localhost:15257"
    startupRole: FOLLOWER
  }
  commitIndex: 16
}
commitInfos {
  server {
    id: "s2"
    address: "localhost:15260"
    dataStreamAddress: "localhost:15263"
    clientAddress: "localhost:15262"
    adminAddress: "localhost:15261"
    startupRole: FOLLOWER
  }
  commitIndex: 16
}
)
2024-10-20 10:45:40,992 [main] WARN  util.ReferenceCountedLeakDetector (ReferenceCountedLeakDetector.java:logLeakMessage(167)) - LEAK: (class org.apache.ratis.proto.RaftProtos$AppendEntriesRequestProto, count=2, value=serverRequest {
  requestorId: "s1"
  replyId: "s2"
  raftGroupId {
    id: "\375\210\024\357\262\375HY\244\207Ci\024Gb\025"
  }
  callId: 8
}
leaderTerm: 9
previousLog {
  term: 9
  index: 16
}
leaderCommit: 16
commitInfos {
  server {
    id: "s1"
    address: "localhost:15256"
    dataStreamAddress: "localhost:15259"
    clientAddress: "localhost:15258"
    adminAddress: "localhost:15257"
    startupRole: FOLLOWER
  }
  commitIndex: 16
}
commitInfos {
  server {
    id: "s0"
    address: "localhost:15252"
    dataStreamAddress: "localhost:15255"
    clientAddress: "localhost:15254"
    adminAddress: "localhost:15253"
    startupRole: FOLLOWER
  }
  commitIndex: 16
}
commitInfos {
  server {
    id: "s2"
    address: "localhost:15260"
    dataStreamAddress: "localhost:15263"
    clientAddress: "localhost:15262"
    adminAddress: "localhost:15261"
    startupRole: FOLLOWER
  }
  commitIndex: 16
}
)
2024-10-20 10:45:40,992 [main] WARN  util.ReferenceCountedLeakDetector (ReferenceCountedLeakDetector.java:logLeakMessage(167)) - LEAK: (class org.apache.ratis.proto.RaftProtos$AppendEntriesRequestProto, count=2, value=serverRequest {
  requestorId: "s1"
  replyId: "s2"
  raftGroupId {
    id: "\375\210\024\357\262\375HY\244\207Ci\024Gb\025"
  }
}
leaderTerm: 11
previousLog {
  term: 10
  index: 18
}
leaderCommit: 17
commitInfos {
  server {
    id: "s1"
    address: "localhost:15256"
    dataStreamAddress: "localhost:15259"
    clientAddress: "localhost:15258"
    adminAddress: "localhost:15257"
    startupRole: FOLLOWER
  }
  commitIndex: 17
}
commitInfos {
  server {
    id: "s0"
    address: "localhost:15252"
    dataStreamAddress: "localhost:15255"
    clientAddress: "localhost:15254"
    adminAddress: "localhost:15253"
    startupRole: FOLLOWER
  }
  commitIndex: 17
}
commitInfos {
  server {
    id: "s2"
    address: "localhost:15260"
    dataStreamAddress: "localhost:15263"
    clientAddress: "localhost:15262"
    adminAddress: "localhost:15261"
    startupRole: FOLLOWER
  }
  commitIndex: 16
}
)
2024-10-20 10:45:40,992 [main] WARN  util.LeakDetector (LeakDetector.java:assertNoLeaks(171)) - 14/30) numLeaks == 5 > 0, will wait and retry ...
2024-10-20 10:45:41,992 [main] WARN  util.ReferenceCountedLeakDetector (ReferenceCountedLeakDetector.java:logLeakMessage(167)) - LEAK: (class org.apache.ratis.proto.RaftProtos$AppendEntriesRequestProto, count=2, value=serverRequest {
  requestorId: "s0"
  replyId: "s2"
  raftGroupId {
    id: "\375\210\024\357\262\375HY\244\207Ci\024Gb\025"
  }
}
leaderTerm: 10
previousLog {
  term: 9
  index: 16
}
leaderCommit: 16
commitInfos {
  server {
    id: "s0"
    address: "localhost:15252"
    dataStreamAddress: "localhost:15255"
    clientAddress: "localhost:15254"
    adminAddress: "localhost:15253"
    startupRole: FOLLOWER
  }
  commitIndex: 16
}
commitInfos {
  server {
    id: "s1"
    address: "localhost:15256"
    dataStreamAddress: "localhost:15259"
    clientAddress: "localhost:15258"
    adminAddress: "localhost:15257"
    startupRole: FOLLOWER
  }
  commitIndex: 16
}
commitInfos {
  server {
    id: "s2"
    address: "localhost:15260"
    dataStreamAddress: "localhost:15263"
    clientAddress: "localhost:15262"
    adminAddress: "localhost:15261"
    startupRole: FOLLOWER
  }
  commitIndex: 16
}
)
2024-10-20 10:45:41,993 [main] WARN  util.ReferenceCountedLeakDetector (ReferenceCountedLeakDetector.java:logLeakMessage(167)) - LEAK: (class org.apache.ratis.proto.RaftProtos$AppendEntriesRequestProto, count=3, value=serverRequest {
  requestorId: "s1"
  replyId: "s2"
  raftGroupId {
    id: "\375\210\024\357\262\375HY\244\207Ci\024Gb\025"
  }
  callId: 1
}
leaderTerm: 11
previousLog {
  term: 10
  index: 18
}
entries {
  term: 11
  index: 19
  configurationEntry {
    peers {
      id: "s0"
      address: "localhost:15252"
      dataStreamAddress: "localhost:15255"
      clientAddress: "localhost:15254"
      adminAddress: "localhost:15253"
      startupRole: FOLLOWER
    }
    peers {
      id: "s1"
      address: "localhost:15256"
      dataStreamAddress: "localhost:15259"
      clientAddress: "localhost:15258"
      adminAddress: "localhost:15257"
      startupRole: FOLLOWER
    }
    peers {
      id: "s2"
      address: "localhost:15260"
      dataStreamAddress: "localhost:15263"
      clientAddress: "localhost:15262"
      adminAddress: "localhost:15261"
      startupRole: FOLLOWER
    }
  }
}
leaderCommit: 17
commitInfos {
  server {
    id: "s1"
    address: "localhost:15256"
    dataStreamAddress: "localhost:15259"
    clientAddress: "localhost:15258"
    adminAddress: "localhost:15257"
    startupRole: FOLLOWER
  }
  commitIndex: 17
}
commitInfos {
  server {
    id: "s0"
    address: "localhost:15252"
    dataStreamAddress: "localhost:15255"
    clientAddress: "localhost:15254"
    adminAddress: "localhost:15253"
    startupRole: FOLLOWER
  }
  commitIndex: 17
}
commitInfos {
  server {
    id: "s2"
    address: "localhost:15260"
    dataStreamAddress: "localhost:15263"
    clientAddress: "localhost:15262"
    adminAddress: "localhost:15261"
    startupRole: FOLLOWER
  }
  commitIndex: 16
}
)
2024-10-20 10:45:41,993 [main] WARN  util.ReferenceCountedLeakDetector (ReferenceCountedLeakDetector.java:logLeakMessage(167)) - LEAK: (class org.apache.ratis.proto.RaftProtos$AppendEntriesRequestProto, count=3, value=serverRequest {
  requestorId: "s0"
  replyId: "s2"
  raftGroupId {
    id: "\375\210\024\357\262\375HY\244\207Ci\024Gb\025"
  }
  callId: 1
}
leaderTerm: 10
previousLog {
  term: 9
  index: 16
}
entries {
  term: 10
  index: 17
  configurationEntry {
    peers {
      id: "s0"
      address: "localhost:15252"
      dataStreamAddress: "localhost:15255"
      clientAddress: "localhost:15254"
      adminAddress: "localhost:15253"
      startupRole: FOLLOWER
    }
    peers {
      id: "s1"
      address: "localhost:15256"
      dataStreamAddress: "localhost:15259"
      clientAddress: "localhost:15258"
      adminAddress: "localhost:15257"
      startupRole: FOLLOWER
    }
    peers {
      id: "s2"
      address: "localhost:15260"
      dataStreamAddress: "localhost:15263"
      clientAddress: "localhost:15262"
      adminAddress: "localhost:15261"
      startupRole: FOLLOWER
    }
  }
}
leaderCommit: 16
commitInfos {
  server {
    id: "s0"
    address: "localhost:15252"
    dataStreamAddress: "localhost:15255"
    clientAddress: "localhost:15254"
    adminAddress: "localhost:15253"
    startupRole: FOLLOWER
  }
  commitIndex: 16
}
commitInfos {
  server {
    id: "s1"
    address: "localhost:15256"
    dataStreamAddress: "localhost:15259"
    clientAddress: "localhost:15258"
    adminAddress: "localhost:15257"
    startupRole: FOLLOWER
  }
  commitIndex: 16
}
commitInfos {
  server {
    id: "s2"
    address: "localhost:15260"
    dataStreamAddress: "localhost:15263"
    clientAddress: "localhost:15262"
    adminAddress: "localhost:15261"
    startupRole: FOLLOWER
  }
  commitIndex: 16
}
)
2024-10-20 10:45:41,993 [main] WARN  util.ReferenceCountedLeakDetector (ReferenceCountedLeakDetector.java:logLeakMessage(167)) - LEAK: (class org.apache.ratis.proto.RaftProtos$AppendEntriesRequestProto, count=2, value=serverRequest {
  requestorId: "s1"
  replyId: "s2"
  raftGroupId {
    id: "\375\210\024\357\262\375HY\244\207Ci\024Gb\025"
  }
  callId: 8
}
leaderTerm: 9
previousLog {
  term: 9
  index: 16
}
leaderCommit: 16
commitInfos {
  server {
    id: "s1"
    address: "localhost:15256"
    dataStreamAddress: "localhost:15259"
    clientAddress: "localhost:15258"
    adminAddress: "localhost:15257"
    startupRole: FOLLOWER
  }
  commitIndex: 16
}
commitInfos {
  server {
    id: "s0"
    address: "localhost:15252"
    dataStreamAddress: "localhost:15255"
    clientAddress: "localhost:15254"
    adminAddress: "localhost:15253"
    startupRole: FOLLOWER
  }
  commitIndex: 16
}
commitInfos {
  server {
    id: "s2"
    address: "localhost:15260"
    dataStreamAddress: "localhost:15263"
    clientAddress: "localhost:15262"
    adminAddress: "localhost:15261"
    startupRole: FOLLOWER
  }
  commitIndex: 16
}
)
2024-10-20 10:45:41,993 [main] WARN  util.ReferenceCountedLeakDetector (ReferenceCountedLeakDetector.java:logLeakMessage(167)) - LEAK: (class org.apache.ratis.proto.RaftProtos$AppendEntriesRequestProto, count=2, value=serverRequest {
  requestorId: "s1"
  replyId: "s2"
  raftGroupId {
    id: "\375\210\024\357\262\375HY\244\207Ci\024Gb\025"
  }
}
leaderTerm: 11
previousLog {
  term: 10
  index: 18
}
leaderCommit: 17
commitInfos {
  server {
    id: "s1"
    address: "localhost:15256"
    dataStreamAddress: "localhost:15259"
    clientAddress: "localhost:15258"
    adminAddress: "localhost:15257"
    startupRole: FOLLOWER
  }
  commitIndex: 17
}
commitInfos {
  server {
    id: "s0"
    address: "localhost:15252"
    dataStreamAddress: "localhost:15255"
    clientAddress: "localhost:15254"
    adminAddress: "localhost:15253"
    startupRole: FOLLOWER
  }
  commitIndex: 17
}
commitInfos {
  server {
    id: "s2"
    address: "localhost:15260"
    dataStreamAddress: "localhost:15263"
    clientAddress: "localhost:15262"
    adminAddress: "localhost:15261"
    startupRole: FOLLOWER
  }
  commitIndex: 16
}
)
2024-10-20 10:45:41,993 [main] WARN  util.LeakDetector (LeakDetector.java:assertNoLeaks(171)) - 15/30) numLeaks == 5 > 0, will wait and retry ...
2024-10-20 10:45:42,993 [main] WARN  util.ReferenceCountedLeakDetector (ReferenceCountedLeakDetector.java:logLeakMessage(167)) - LEAK: (class org.apache.ratis.proto.RaftProtos$AppendEntriesRequestProto, count=2, value=serverRequest {
  requestorId: "s0"
  replyId: "s2"
  raftGroupId {
    id: "\375\210\024\357\262\375HY\244\207Ci\024Gb\025"
  }
}
leaderTerm: 10
previousLog {
  term: 9
  index: 16
}
leaderCommit: 16
commitInfos {
  server {
    id: "s0"
    address: "localhost:15252"
    dataStreamAddress: "localhost:15255"
    clientAddress: "localhost:15254"
    adminAddress: "localhost:15253"
    startupRole: FOLLOWER
  }
  commitIndex: 16
}
commitInfos {
  server {
    id: "s1"
    address: "localhost:15256"
    dataStreamAddress: "localhost:15259"
    clientAddress: "localhost:15258"
    adminAddress: "localhost:15257"
    startupRole: FOLLOWER
  }
  commitIndex: 16
}
commitInfos {
  server {
    id: "s2"
    address: "localhost:15260"
    dataStreamAddress: "localhost:15263"
    clientAddress: "localhost:15262"
    adminAddress: "localhost:15261"
    startupRole: FOLLOWER
  }
  commitIndex: 16
}
)
2024-10-20 10:45:42,993 [main] WARN  util.ReferenceCountedLeakDetector (ReferenceCountedLeakDetector.java:logLeakMessage(167)) - LEAK: (class org.apache.ratis.proto.RaftProtos$AppendEntriesRequestProto, count=3, value=serverRequest {
  requestorId: "s1"
  replyId: "s2"
  raftGroupId {
    id: "\375\210\024\357\262\375HY\244\207Ci\024Gb\025"
  }
  callId: 1
}
leaderTerm: 11
previousLog {
  term: 10
  index: 18
}
entries {
  term: 11
  index: 19
  configurationEntry {
    peers {
      id: "s0"
      address: "localhost:15252"
      dataStreamAddress: "localhost:15255"
      clientAddress: "localhost:15254"
      adminAddress: "localhost:15253"
      startupRole: FOLLOWER
    }
    peers {
      id: "s1"
      address: "localhost:15256"
      dataStreamAddress: "localhost:15259"
      clientAddress: "localhost:15258"
      adminAddress: "localhost:15257"
      startupRole: FOLLOWER
    }
    peers {
      id: "s2"
      address: "localhost:15260"
      dataStreamAddress: "localhost:15263"
      clientAddress: "localhost:15262"
      adminAddress: "localhost:15261"
      startupRole: FOLLOWER
    }
  }
}
leaderCommit: 17
commitInfos {
  server {
    id: "s1"
    address: "localhost:15256"
    dataStreamAddress: "localhost:15259"
    clientAddress: "localhost:15258"
    adminAddress: "localhost:15257"
    startupRole: FOLLOWER
  }
  commitIndex: 17
}
commitInfos {
  server {
    id: "s0"
    address: "localhost:15252"
    dataStreamAddress: "localhost:15255"
    clientAddress: "localhost:15254"
    adminAddress: "localhost:15253"
    startupRole: FOLLOWER
  }
  commitIndex: 17
}
commitInfos {
  server {
    id: "s2"
    address: "localhost:15260"
    dataStreamAddress: "localhost:15263"
    clientAddress: "localhost:15262"
    adminAddress: "localhost:15261"
    startupRole: FOLLOWER
  }
  commitIndex: 16
}
)
2024-10-20 10:45:42,994 [main] WARN  util.ReferenceCountedLeakDetector (ReferenceCountedLeakDetector.java:logLeakMessage(167)) - LEAK: (class org.apache.ratis.proto.RaftProtos$AppendEntriesRequestProto, count=3, value=serverRequest {
  requestorId: "s0"
  replyId: "s2"
  raftGroupId {
    id: "\375\210\024\357\262\375HY\244\207Ci\024Gb\025"
  }
  callId: 1
}
leaderTerm: 10
previousLog {
  term: 9
  index: 16
}
entries {
  term: 10
  index: 17
  configurationEntry {
    peers {
      id: "s0"
      address: "localhost:15252"
      dataStreamAddress: "localhost:15255"
      clientAddress: "localhost:15254"
      adminAddress: "localhost:15253"
      startupRole: FOLLOWER
    }
    peers {
      id: "s1"
      address: "localhost:15256"
      dataStreamAddress: "localhost:15259"
      clientAddress: "localhost:15258"
      adminAddress: "localhost:15257"
      startupRole: FOLLOWER
    }
    peers {
      id: "s2"
      address: "localhost:15260"
      dataStreamAddress: "localhost:15263"
      clientAddress: "localhost:15262"
      adminAddress: "localhost:15261"
      startupRole: FOLLOWER
    }
  }
}
leaderCommit: 16
commitInfos {
  server {
    id: "s0"
    address: "localhost:15252"
    dataStreamAddress: "localhost:15255"
    clientAddress: "localhost:15254"
    adminAddress: "localhost:15253"
    startupRole: FOLLOWER
  }
  commitIndex: 16
}
commitInfos {
  server {
    id: "s1"
    address: "localhost:15256"
    dataStreamAddress: "localhost:15259"
    clientAddress: "localhost:15258"
    adminAddress: "localhost:15257"
    startupRole: FOLLOWER
  }
  commitIndex: 16
}
commitInfos {
  server {
    id: "s2"
    address: "localhost:15260"
    dataStreamAddress: "localhost:15263"
    clientAddress: "localhost:15262"
    adminAddress: "localhost:15261"
    startupRole: FOLLOWER
  }
  commitIndex: 16
}
)
2024-10-20 10:45:42,994 [main] WARN  util.ReferenceCountedLeakDetector (ReferenceCountedLeakDetector.java:logLeakMessage(167)) - LEAK: (class org.apache.ratis.proto.RaftProtos$AppendEntriesRequestProto, count=2, value=serverRequest {
  requestorId: "s1"
  replyId: "s2"
  raftGroupId {
    id: "\375\210\024\357\262\375HY\244\207Ci\024Gb\025"
  }
  callId: 8
}
leaderTerm: 9
previousLog {
  term: 9
  index: 16
}
leaderCommit: 16
commitInfos {
  server {
    id: "s1"
    address: "localhost:15256"
    dataStreamAddress: "localhost:15259"
    clientAddress: "localhost:15258"
    adminAddress: "localhost:15257"
    startupRole: FOLLOWER
  }
  commitIndex: 16
}
commitInfos {
  server {
    id: "s0"
    address: "localhost:15252"
    dataStreamAddress: "localhost:15255"
    clientAddress: "localhost:15254"
    adminAddress: "localhost:15253"
    startupRole: FOLLOWER
  }
  commitIndex: 16
}
commitInfos {
  server {
    id: "s2"
    address: "localhost:15260"
    dataStreamAddress: "localhost:15263"
    clientAddress: "localhost:15262"
    adminAddress: "localhost:15261"
    startupRole: FOLLOWER
  }
  commitIndex: 16
}
)
2024-10-20 10:45:42,994 [main] WARN  util.ReferenceCountedLeakDetector (ReferenceCountedLeakDetector.java:logLeakMessage(167)) - LEAK: (class org.apache.ratis.proto.RaftProtos$AppendEntriesRequestProto, count=2, value=serverRequest {
  requestorId: "s1"
  replyId: "s2"
  raftGroupId {
    id: "\375\210\024\357\262\375HY\244\207Ci\024Gb\025"
  }
}
leaderTerm: 11
previousLog {
  term: 10
  index: 18
}
leaderCommit: 17
commitInfos {
  server {
    id: "s1"
    address: "localhost:15256"
    dataStreamAddress: "localhost:15259"
    clientAddress: "localhost:15258"
    adminAddress: "localhost:15257"
    startupRole: FOLLOWER
  }
  commitIndex: 17
}
commitInfos {
  server {
    id: "s0"
    address: "localhost:15252"
    dataStreamAddress: "localhost:15255"
    clientAddress: "localhost:15254"
    adminAddress: "localhost:15253"
    startupRole: FOLLOWER
  }
  commitIndex: 17
}
commitInfos {
  server {
    id: "s2"
    address: "localhost:15260"
    dataStreamAddress: "localhost:15263"
    clientAddress: "localhost:15262"
    adminAddress: "localhost:15261"
    startupRole: FOLLOWER
  }
  commitIndex: 16
}
)
2024-10-20 10:45:42,994 [main] WARN  util.LeakDetector (LeakDetector.java:assertNoLeaks(171)) - 16/30) numLeaks == 5 > 0, will wait and retry ...
2024-10-20 10:45:43,994 [main] WARN  util.ReferenceCountedLeakDetector (ReferenceCountedLeakDetector.java:logLeakMessage(167)) - LEAK: (class org.apache.ratis.proto.RaftProtos$AppendEntriesRequestProto, count=2, value=serverRequest {
  requestorId: "s0"
  replyId: "s2"
  raftGroupId {
    id: "\375\210\024\357\262\375HY\244\207Ci\024Gb\025"
  }
}
leaderTerm: 10
previousLog {
  term: 9
  index: 16
}
leaderCommit: 16
commitInfos {
  server {
    id: "s0"
    address: "localhost:15252"
    dataStreamAddress: "localhost:15255"
    clientAddress: "localhost:15254"
    adminAddress: "localhost:15253"
    startupRole: FOLLOWER
  }
  commitIndex: 16
}
commitInfos {
  server {
    id: "s1"
    address: "localhost:15256"
    dataStreamAddress: "localhost:15259"
    clientAddress: "localhost:15258"
    adminAddress: "localhost:15257"
    startupRole: FOLLOWER
  }
  commitIndex: 16
}
commitInfos {
  server {
    id: "s2"
    address: "localhost:15260"
    dataStreamAddress: "localhost:15263"
    clientAddress: "localhost:15262"
    adminAddress: "localhost:15261"
    startupRole: FOLLOWER
  }
  commitIndex: 16
}
)
2024-10-20 10:45:43,994 [main] WARN  util.ReferenceCountedLeakDetector (ReferenceCountedLeakDetector.java:logLeakMessage(167)) - LEAK: (class org.apache.ratis.proto.RaftProtos$AppendEntriesRequestProto, count=3, value=serverRequest {
  requestorId: "s1"
  replyId: "s2"
  raftGroupId {
    id: "\375\210\024\357\262\375HY\244\207Ci\024Gb\025"
  }
  callId: 1
}
leaderTerm: 11
previousLog {
  term: 10
  index: 18
}
entries {
  term: 11
  index: 19
  configurationEntry {
    peers {
      id: "s0"
      address: "localhost:15252"
      dataStreamAddress: "localhost:15255"
      clientAddress: "localhost:15254"
      adminAddress: "localhost:15253"
      startupRole: FOLLOWER
    }
    peers {
      id: "s1"
      address: "localhost:15256"
      dataStreamAddress: "localhost:15259"
      clientAddress: "localhost:15258"
      adminAddress: "localhost:15257"
      startupRole: FOLLOWER
    }
    peers {
      id: "s2"
      address: "localhost:15260"
      dataStreamAddress: "localhost:15263"
      clientAddress: "localhost:15262"
      adminAddress: "localhost:15261"
      startupRole: FOLLOWER
    }
  }
}
leaderCommit: 17
commitInfos {
  server {
    id: "s1"
    address: "localhost:15256"
    dataStreamAddress: "localhost:15259"
    clientAddress: "localhost:15258"
    adminAddress: "localhost:15257"
    startupRole: FOLLOWER
  }
  commitIndex: 17
}
commitInfos {
  server {
    id: "s0"
    address: "localhost:15252"
    dataStreamAddress: "localhost:15255"
    clientAddress: "localhost:15254"
    adminAddress: "localhost:15253"
    startupRole: FOLLOWER
  }
  commitIndex: 17
}
commitInfos {
  server {
    id: "s2"
    address: "localhost:15260"
    dataStreamAddress: "localhost:15263"
    clientAddress: "localhost:15262"
    adminAddress: "localhost:15261"
    startupRole: FOLLOWER
  }
  commitIndex: 16
}
)
2024-10-20 10:45:43,994 [main] WARN  util.ReferenceCountedLeakDetector (ReferenceCountedLeakDetector.java:logLeakMessage(167)) - LEAK: (class org.apache.ratis.proto.RaftProtos$AppendEntriesRequestProto, count=3, value=serverRequest {
  requestorId: "s0"
  replyId: "s2"
  raftGroupId {
    id: "\375\210\024\357\262\375HY\244\207Ci\024Gb\025"
  }
  callId: 1
}
leaderTerm: 10
previousLog {
  term: 9
  index: 16
}
entries {
  term: 10
  index: 17
  configurationEntry {
    peers {
      id: "s0"
      address: "localhost:15252"
      dataStreamAddress: "localhost:15255"
      clientAddress: "localhost:15254"
      adminAddress: "localhost:15253"
      startupRole: FOLLOWER
    }
    peers {
      id: "s1"
      address: "localhost:15256"
      dataStreamAddress: "localhost:15259"
      clientAddress: "localhost:15258"
      adminAddress: "localhost:15257"
      startupRole: FOLLOWER
    }
    peers {
      id: "s2"
      address: "localhost:15260"
      dataStreamAddress: "localhost:15263"
      clientAddress: "localhost:15262"
      adminAddress: "localhost:15261"
      startupRole: FOLLOWER
    }
  }
}
leaderCommit: 16
commitInfos {
  server {
    id: "s0"
    address: "localhost:15252"
    dataStreamAddress: "localhost:15255"
    clientAddress: "localhost:15254"
    adminAddress: "localhost:15253"
    startupRole: FOLLOWER
  }
  commitIndex: 16
}
commitInfos {
  server {
    id: "s1"
    address: "localhost:15256"
    dataStreamAddress: "localhost:15259"
    clientAddress: "localhost:15258"
    adminAddress: "localhost:15257"
    startupRole: FOLLOWER
  }
  commitIndex: 16
}
commitInfos {
  server {
    id: "s2"
    address: "localhost:15260"
    dataStreamAddress: "localhost:15263"
    clientAddress: "localhost:15262"
    adminAddress: "localhost:15261"
    startupRole: FOLLOWER
  }
  commitIndex: 16
}
)
2024-10-20 10:45:43,995 [main] WARN  util.ReferenceCountedLeakDetector (ReferenceCountedLeakDetector.java:logLeakMessage(167)) - LEAK: (class org.apache.ratis.proto.RaftProtos$AppendEntriesRequestProto, count=2, value=serverRequest {
  requestorId: "s1"
  replyId: "s2"
  raftGroupId {
    id: "\375\210\024\357\262\375HY\244\207Ci\024Gb\025"
  }
  callId: 8
}
leaderTerm: 9
previousLog {
  term: 9
  index: 16
}
leaderCommit: 16
commitInfos {
  server {
    id: "s1"
    address: "localhost:15256"
    dataStreamAddress: "localhost:15259"
    clientAddress: "localhost:15258"
    adminAddress: "localhost:15257"
    startupRole: FOLLOWER
  }
  commitIndex: 16
}
commitInfos {
  server {
    id: "s0"
    address: "localhost:15252"
    dataStreamAddress: "localhost:15255"
    clientAddress: "localhost:15254"
    adminAddress: "localhost:15253"
    startupRole: FOLLOWER
  }
  commitIndex: 16
}
commitInfos {
  server {
    id: "s2"
    address: "localhost:15260"
    dataStreamAddress: "localhost:15263"
    clientAddress: "localhost:15262"
    adminAddress: "localhost:15261"
    startupRole: FOLLOWER
  }
  commitIndex: 16
}
)
2024-10-20 10:45:43,995 [main] WARN  util.ReferenceCountedLeakDetector (ReferenceCountedLeakDetector.java:logLeakMessage(167)) - LEAK: (class org.apache.ratis.proto.RaftProtos$AppendEntriesRequestProto, count=2, value=serverRequest {
  requestorId: "s1"
  replyId: "s2"
  raftGroupId {
    id: "\375\210\024\357\262\375HY\244\207Ci\024Gb\025"
  }
}
leaderTerm: 11
previousLog {
  term: 10
  index: 18
}
leaderCommit: 17
commitInfos {
  server {
    id: "s1"
    address: "localhost:15256"
    dataStreamAddress: "localhost:15259"
    clientAddress: "localhost:15258"
    adminAddress: "localhost:15257"
    startupRole: FOLLOWER
  }
  commitIndex: 17
}
commitInfos {
  server {
    id: "s0"
    address: "localhost:15252"
    dataStreamAddress: "localhost:15255"
    clientAddress: "localhost:15254"
    adminAddress: "localhost:15253"
    startupRole: FOLLOWER
  }
  commitIndex: 17
}
commitInfos {
  server {
    id: "s2"
    address: "localhost:15260"
    dataStreamAddress: "localhost:15263"
    clientAddress: "localhost:15262"
    adminAddress: "localhost:15261"
    startupRole: FOLLOWER
  }
  commitIndex: 16
}
)
2024-10-20 10:45:43,995 [main] WARN  util.LeakDetector (LeakDetector.java:assertNoLeaks(171)) - 17/30) numLeaks == 5 > 0, will wait and retry ...
2024-10-20 10:45:44,995 [main] WARN  util.ReferenceCountedLeakDetector (ReferenceCountedLeakDetector.java:logLeakMessage(167)) - LEAK: (class org.apache.ratis.proto.RaftProtos$AppendEntriesRequestProto, count=2, value=serverRequest {
  requestorId: "s0"
  replyId: "s2"
  raftGroupId {
    id: "\375\210\024\357\262\375HY\244\207Ci\024Gb\025"
  }
}
leaderTerm: 10
previousLog {
  term: 9
  index: 16
}
leaderCommit: 16
commitInfos {
  server {
    id: "s0"
    address: "localhost:15252"
    dataStreamAddress: "localhost:15255"
    clientAddress: "localhost:15254"
    adminAddress: "localhost:15253"
    startupRole: FOLLOWER
  }
  commitIndex: 16
}
commitInfos {
  server {
    id: "s1"
    address: "localhost:15256"
    dataStreamAddress: "localhost:15259"
    clientAddress: "localhost:15258"
    adminAddress: "localhost:15257"
    startupRole: FOLLOWER
  }
  commitIndex: 16
}
commitInfos {
  server {
    id: "s2"
    address: "localhost:15260"
    dataStreamAddress: "localhost:15263"
    clientAddress: "localhost:15262"
    adminAddress: "localhost:15261"
    startupRole: FOLLOWER
  }
  commitIndex: 16
}
)
2024-10-20 10:45:44,995 [main] WARN  util.ReferenceCountedLeakDetector (ReferenceCountedLeakDetector.java:logLeakMessage(167)) - LEAK: (class org.apache.ratis.proto.RaftProtos$AppendEntriesRequestProto, count=3, value=serverRequest {
  requestorId: "s1"
  replyId: "s2"
  raftGroupId {
    id: "\375\210\024\357\262\375HY\244\207Ci\024Gb\025"
  }
  callId: 1
}
leaderTerm: 11
previousLog {
  term: 10
  index: 18
}
entries {
  term: 11
  index: 19
  configurationEntry {
    peers {
      id: "s0"
      address: "localhost:15252"
      dataStreamAddress: "localhost:15255"
      clientAddress: "localhost:15254"
      adminAddress: "localhost:15253"
      startupRole: FOLLOWER
    }
    peers {
      id: "s1"
      address: "localhost:15256"
      dataStreamAddress: "localhost:15259"
      clientAddress: "localhost:15258"
      adminAddress: "localhost:15257"
      startupRole: FOLLOWER
    }
    peers {
      id: "s2"
      address: "localhost:15260"
      dataStreamAddress: "localhost:15263"
      clientAddress: "localhost:15262"
      adminAddress: "localhost:15261"
      startupRole: FOLLOWER
    }
  }
}
leaderCommit: 17
commitInfos {
  server {
    id: "s1"
    address: "localhost:15256"
    dataStreamAddress: "localhost:15259"
    clientAddress: "localhost:15258"
    adminAddress: "localhost:15257"
    startupRole: FOLLOWER
  }
  commitIndex: 17
}
commitInfos {
  server {
    id: "s0"
    address: "localhost:15252"
    dataStreamAddress: "localhost:15255"
    clientAddress: "localhost:15254"
    adminAddress: "localhost:15253"
    startupRole: FOLLOWER
  }
  commitIndex: 17
}
commitInfos {
  server {
    id: "s2"
    address: "localhost:15260"
    dataStreamAddress: "localhost:15263"
    clientAddress: "localhost:15262"
    adminAddress: "localhost:15261"
    startupRole: FOLLOWER
  }
  commitIndex: 16
}
)
2024-10-20 10:45:44,995 [main] WARN  util.ReferenceCountedLeakDetector (ReferenceCountedLeakDetector.java:logLeakMessage(167)) - LEAK: (class org.apache.ratis.proto.RaftProtos$AppendEntriesRequestProto, count=3, value=serverRequest {
  requestorId: "s0"
  replyId: "s2"
  raftGroupId {
    id: "\375\210\024\357\262\375HY\244\207Ci\024Gb\025"
  }
  callId: 1
}
leaderTerm: 10
previousLog {
  term: 9
  index: 16
}
entries {
  term: 10
  index: 17
  configurationEntry {
    peers {
      id: "s0"
      address: "localhost:15252"
      dataStreamAddress: "localhost:15255"
      clientAddress: "localhost:15254"
      adminAddress: "localhost:15253"
      startupRole: FOLLOWER
    }
    peers {
      id: "s1"
      address: "localhost:15256"
      dataStreamAddress: "localhost:15259"
      clientAddress: "localhost:15258"
      adminAddress: "localhost:15257"
      startupRole: FOLLOWER
    }
    peers {
      id: "s2"
      address: "localhost:15260"
      dataStreamAddress: "localhost:15263"
      clientAddress: "localhost:15262"
      adminAddress: "localhost:15261"
      startupRole: FOLLOWER
    }
  }
}
leaderCommit: 16
commitInfos {
  server {
    id: "s0"
    address: "localhost:15252"
    dataStreamAddress: "localhost:15255"
    clientAddress: "localhost:15254"
    adminAddress: "localhost:15253"
    startupRole: FOLLOWER
  }
  commitIndex: 16
}
commitInfos {
  server {
    id: "s1"
    address: "localhost:15256"
    dataStreamAddress: "localhost:15259"
    clientAddress: "localhost:15258"
    adminAddress: "localhost:15257"
    startupRole: FOLLOWER
  }
  commitIndex: 16
}
commitInfos {
  server {
    id: "s2"
    address: "localhost:15260"
    dataStreamAddress: "localhost:15263"
    clientAddress: "localhost:15262"
    adminAddress: "localhost:15261"
    startupRole: FOLLOWER
  }
  commitIndex: 16
}
)
2024-10-20 10:45:44,995 [main] WARN  util.ReferenceCountedLeakDetector (ReferenceCountedLeakDetector.java:logLeakMessage(167)) - LEAK: (class org.apache.ratis.proto.RaftProtos$AppendEntriesRequestProto, count=2, value=serverRequest {
  requestorId: "s1"
  replyId: "s2"
  raftGroupId {
    id: "\375\210\024\357\262\375HY\244\207Ci\024Gb\025"
  }
  callId: 8
}
leaderTerm: 9
previousLog {
  term: 9
  index: 16
}
leaderCommit: 16
commitInfos {
  server {
    id: "s1"
    address: "localhost:15256"
    dataStreamAddress: "localhost:15259"
    clientAddress: "localhost:15258"
    adminAddress: "localhost:15257"
    startupRole: FOLLOWER
  }
  commitIndex: 16
}
commitInfos {
  server {
    id: "s0"
    address: "localhost:15252"
    dataStreamAddress: "localhost:15255"
    clientAddress: "localhost:15254"
    adminAddress: "localhost:15253"
    startupRole: FOLLOWER
  }
  commitIndex: 16
}
commitInfos {
  server {
    id: "s2"
    address: "localhost:15260"
    dataStreamAddress: "localhost:15263"
    clientAddress: "localhost:15262"
    adminAddress: "localhost:15261"
    startupRole: FOLLOWER
  }
  commitIndex: 16
}
)
2024-10-20 10:45:44,996 [main] WARN  util.ReferenceCountedLeakDetector (ReferenceCountedLeakDetector.java:logLeakMessage(167)) - LEAK: (class org.apache.ratis.proto.RaftProtos$AppendEntriesRequestProto, count=2, value=serverRequest {
  requestorId: "s1"
  replyId: "s2"
  raftGroupId {
    id: "\375\210\024\357\262\375HY\244\207Ci\024Gb\025"
  }
}
leaderTerm: 11
previousLog {
  term: 10
  index: 18
}
leaderCommit: 17
commitInfos {
  server {
    id: "s1"
    address: "localhost:15256"
    dataStreamAddress: "localhost:15259"
    clientAddress: "localhost:15258"
    adminAddress: "localhost:15257"
    startupRole: FOLLOWER
  }
  commitIndex: 17
}
commitInfos {
  server {
    id: "s0"
    address: "localhost:15252"
    dataStreamAddress: "localhost:15255"
    clientAddress: "localhost:15254"
    adminAddress: "localhost:15253"
    startupRole: FOLLOWER
  }
  commitIndex: 17
}
commitInfos {
  server {
    id: "s2"
    address: "localhost:15260"
    dataStreamAddress: "localhost:15263"
    clientAddress: "localhost:15262"
    adminAddress: "localhost:15261"
    startupRole: FOLLOWER
  }
  commitIndex: 16
}
)
2024-10-20 10:45:44,996 [main] WARN  util.LeakDetector (LeakDetector.java:assertNoLeaks(171)) - 18/30) numLeaks == 5 > 0, will wait and retry ...
2024-10-20 10:45:45,996 [main] WARN  util.ReferenceCountedLeakDetector (ReferenceCountedLeakDetector.java:logLeakMessage(167)) - LEAK: (class org.apache.ratis.proto.RaftProtos$AppendEntriesRequestProto, count=2, value=serverRequest {
  requestorId: "s0"
  replyId: "s2"
  raftGroupId {
    id: "\375\210\024\357\262\375HY\244\207Ci\024Gb\025"
  }
}
leaderTerm: 10
previousLog {
  term: 9
  index: 16
}
leaderCommit: 16
commitInfos {
  server {
    id: "s0"
    address: "localhost:15252"
    dataStreamAddress: "localhost:15255"
    clientAddress: "localhost:15254"
    adminAddress: "localhost:15253"
    startupRole: FOLLOWER
  }
  commitIndex: 16
}
commitInfos {
  server {
    id: "s1"
    address: "localhost:15256"
    dataStreamAddress: "localhost:15259"
    clientAddress: "localhost:15258"
    adminAddress: "localhost:15257"
    startupRole: FOLLOWER
  }
  commitIndex: 16
}
commitInfos {
  server {
    id: "s2"
    address: "localhost:15260"
    dataStreamAddress: "localhost:15263"
    clientAddress: "localhost:15262"
    adminAddress: "localhost:15261"
    startupRole: FOLLOWER
  }
  commitIndex: 16
}
)
2024-10-20 10:45:45,996 [main] WARN  util.ReferenceCountedLeakDetector (ReferenceCountedLeakDetector.java:logLeakMessage(167)) - LEAK: (class org.apache.ratis.proto.RaftProtos$AppendEntriesRequestProto, count=3, value=serverRequest {
  requestorId: "s1"
  replyId: "s2"
  raftGroupId {
    id: "\375\210\024\357\262\375HY\244\207Ci\024Gb\025"
  }
  callId: 1
}
leaderTerm: 11
previousLog {
  term: 10
  index: 18
}
entries {
  term: 11
  index: 19
  configurationEntry {
    peers {
      id: "s0"
      address: "localhost:15252"
      dataStreamAddress: "localhost:15255"
      clientAddress: "localhost:15254"
      adminAddress: "localhost:15253"
      startupRole: FOLLOWER
    }
    peers {
      id: "s1"
      address: "localhost:15256"
      dataStreamAddress: "localhost:15259"
      clientAddress: "localhost:15258"
      adminAddress: "localhost:15257"
      startupRole: FOLLOWER
    }
    peers {
      id: "s2"
      address: "localhost:15260"
      dataStreamAddress: "localhost:15263"
      clientAddress: "localhost:15262"
      adminAddress: "localhost:15261"
      startupRole: FOLLOWER
    }
  }
}
leaderCommit: 17
commitInfos {
  server {
    id: "s1"
    address: "localhost:15256"
    dataStreamAddress: "localhost:15259"
    clientAddress: "localhost:15258"
    adminAddress: "localhost:15257"
    startupRole: FOLLOWER
  }
  commitIndex: 17
}
commitInfos {
  server {
    id: "s0"
    address: "localhost:15252"
    dataStreamAddress: "localhost:15255"
    clientAddress: "localhost:15254"
    adminAddress: "localhost:15253"
    startupRole: FOLLOWER
  }
  commitIndex: 17
}
commitInfos {
  server {
    id: "s2"
    address: "localhost:15260"
    dataStreamAddress: "localhost:15263"
    clientAddress: "localhost:15262"
    adminAddress: "localhost:15261"
    startupRole: FOLLOWER
  }
  commitIndex: 16
}
)
2024-10-20 10:45:45,996 [main] WARN  util.ReferenceCountedLeakDetector (ReferenceCountedLeakDetector.java:logLeakMessage(167)) - LEAK: (class org.apache.ratis.proto.RaftProtos$AppendEntriesRequestProto, count=3, value=serverRequest {
  requestorId: "s0"
  replyId: "s2"
  raftGroupId {
    id: "\375\210\024\357\262\375HY\244\207Ci\024Gb\025"
  }
  callId: 1
}
leaderTerm: 10
previousLog {
  term: 9
  index: 16
}
entries {
  term: 10
  index: 17
  configurationEntry {
    peers {
      id: "s0"
      address: "localhost:15252"
      dataStreamAddress: "localhost:15255"
      clientAddress: "localhost:15254"
      adminAddress: "localhost:15253"
      startupRole: FOLLOWER
    }
    peers {
      id: "s1"
      address: "localhost:15256"
      dataStreamAddress: "localhost:15259"
      clientAddress: "localhost:15258"
      adminAddress: "localhost:15257"
      startupRole: FOLLOWER
    }
    peers {
      id: "s2"
      address: "localhost:15260"
      dataStreamAddress: "localhost:15263"
      clientAddress: "localhost:15262"
      adminAddress: "localhost:15261"
      startupRole: FOLLOWER
    }
  }
}
leaderCommit: 16
commitInfos {
  server {
    id: "s0"
    address: "localhost:15252"
    dataStreamAddress: "localhost:15255"
    clientAddress: "localhost:15254"
    adminAddress: "localhost:15253"
    startupRole: FOLLOWER
  }
  commitIndex: 16
}
commitInfos {
  server {
    id: "s1"
    address: "localhost:15256"
    dataStreamAddress: "localhost:15259"
    clientAddress: "localhost:15258"
    adminAddress: "localhost:15257"
    startupRole: FOLLOWER
  }
  commitIndex: 16
}
commitInfos {
  server {
    id: "s2"
    address: "localhost:15260"
    dataStreamAddress: "localhost:15263"
    clientAddress: "localhost:15262"
    adminAddress: "localhost:15261"
    startupRole: FOLLOWER
  }
  commitIndex: 16
}
)
2024-10-20 10:45:45,996 [main] WARN  util.ReferenceCountedLeakDetector (ReferenceCountedLeakDetector.java:logLeakMessage(167)) - LEAK: (class org.apache.ratis.proto.RaftProtos$AppendEntriesRequestProto, count=2, value=serverRequest {
  requestorId: "s1"
  replyId: "s2"
  raftGroupId {
    id: "\375\210\024\357\262\375HY\244\207Ci\024Gb\025"
  }
  callId: 8
}
leaderTerm: 9
previousLog {
  term: 9
  index: 16
}
leaderCommit: 16
commitInfos {
  server {
    id: "s1"
    address: "localhost:15256"
    dataStreamAddress: "localhost:15259"
    clientAddress: "localhost:15258"
    adminAddress: "localhost:15257"
    startupRole: FOLLOWER
  }
  commitIndex: 16
}
commitInfos {
  server {
    id: "s0"
    address: "localhost:15252"
    dataStreamAddress: "localhost:15255"
    clientAddress: "localhost:15254"
    adminAddress: "localhost:15253"
    startupRole: FOLLOWER
  }
  commitIndex: 16
}
commitInfos {
  server {
    id: "s2"
    address: "localhost:15260"
    dataStreamAddress: "localhost:15263"
    clientAddress: "localhost:15262"
    adminAddress: "localhost:15261"
    startupRole: FOLLOWER
  }
  commitIndex: 16
}
)
2024-10-20 10:45:45,996 [main] WARN  util.ReferenceCountedLeakDetector (ReferenceCountedLeakDetector.java:logLeakMessage(167)) - LEAK: (class org.apache.ratis.proto.RaftProtos$AppendEntriesRequestProto, count=2, value=serverRequest {
  requestorId: "s1"
  replyId: "s2"
  raftGroupId {
    id: "\375\210\024\357\262\375HY\244\207Ci\024Gb\025"
  }
}
leaderTerm: 11
previousLog {
  term: 10
  index: 18
}
leaderCommit: 17
commitInfos {
  server {
    id: "s1"
    address: "localhost:15256"
    dataStreamAddress: "localhost:15259"
    clientAddress: "localhost:15258"
    adminAddress: "localhost:15257"
    startupRole: FOLLOWER
  }
  commitIndex: 17
}
commitInfos {
  server {
    id: "s0"
    address: "localhost:15252"
    dataStreamAddress: "localhost:15255"
    clientAddress: "localhost:15254"
    adminAddress: "localhost:15253"
    startupRole: FOLLOWER
  }
  commitIndex: 17
}
commitInfos {
  server {
    id: "s2"
    address: "localhost:15260"
    dataStreamAddress: "localhost:15263"
    clientAddress: "localhost:15262"
    adminAddress: "localhost:15261"
    startupRole: FOLLOWER
  }
  commitIndex: 16
}
)
2024-10-20 10:45:45,997 [main] WARN  util.LeakDetector (LeakDetector.java:assertNoLeaks(171)) - 19/30) numLeaks == 5 > 0, will wait and retry ...
2024-10-20 10:45:46,997 [main] WARN  util.ReferenceCountedLeakDetector (ReferenceCountedLeakDetector.java:logLeakMessage(167)) - LEAK: (class org.apache.ratis.proto.RaftProtos$AppendEntriesRequestProto, count=2, value=serverRequest {
  requestorId: "s0"
  replyId: "s2"
  raftGroupId {
    id: "\375\210\024\357\262\375HY\244\207Ci\024Gb\025"
  }
}
leaderTerm: 10
previousLog {
  term: 9
  index: 16
}
leaderCommit: 16
commitInfos {
  server {
    id: "s0"
    address: "localhost:15252"
    dataStreamAddress: "localhost:15255"
    clientAddress: "localhost:15254"
    adminAddress: "localhost:15253"
    startupRole: FOLLOWER
  }
  commitIndex: 16
}
commitInfos {
  server {
    id: "s1"
    address: "localhost:15256"
    dataStreamAddress: "localhost:15259"
    clientAddress: "localhost:15258"
    adminAddress: "localhost:15257"
    startupRole: FOLLOWER
  }
  commitIndex: 16
}
commitInfos {
  server {
    id: "s2"
    address: "localhost:15260"
    dataStreamAddress: "localhost:15263"
    clientAddress: "localhost:15262"
    adminAddress: "localhost:15261"
    startupRole: FOLLOWER
  }
  commitIndex: 16
}
)
2024-10-20 10:45:46,997 [main] WARN  util.ReferenceCountedLeakDetector (ReferenceCountedLeakDetector.java:logLeakMessage(167)) - LEAK: (class org.apache.ratis.proto.RaftProtos$AppendEntriesRequestProto, count=3, value=serverRequest {
  requestorId: "s1"
  replyId: "s2"
  raftGroupId {
    id: "\375\210\024\357\262\375HY\244\207Ci\024Gb\025"
  }
  callId: 1
}
leaderTerm: 11
previousLog {
  term: 10
  index: 18
}
entries {
  term: 11
  index: 19
  configurationEntry {
    peers {
      id: "s0"
      address: "localhost:15252"
      dataStreamAddress: "localhost:15255"
      clientAddress: "localhost:15254"
      adminAddress: "localhost:15253"
      startupRole: FOLLOWER
    }
    peers {
      id: "s1"
      address: "localhost:15256"
      dataStreamAddress: "localhost:15259"
      clientAddress: "localhost:15258"
      adminAddress: "localhost:15257"
      startupRole: FOLLOWER
    }
    peers {
      id: "s2"
      address: "localhost:15260"
      dataStreamAddress: "localhost:15263"
      clientAddress: "localhost:15262"
      adminAddress: "localhost:15261"
      startupRole: FOLLOWER
    }
  }
}
leaderCommit: 17
commitInfos {
  server {
    id: "s1"
    address: "localhost:15256"
    dataStreamAddress: "localhost:15259"
    clientAddress: "localhost:15258"
    adminAddress: "localhost:15257"
    startupRole: FOLLOWER
  }
  commitIndex: 17
}
commitInfos {
  server {
    id: "s0"
    address: "localhost:15252"
    dataStreamAddress: "localhost:15255"
    clientAddress: "localhost:15254"
    adminAddress: "localhost:15253"
    startupRole: FOLLOWER
  }
  commitIndex: 17
}
commitInfos {
  server {
    id: "s2"
    address: "localhost:15260"
    dataStreamAddress: "localhost:15263"
    clientAddress: "localhost:15262"
    adminAddress: "localhost:15261"
    startupRole: FOLLOWER
  }
  commitIndex: 16
}
)
2024-10-20 10:45:46,997 [main] WARN  util.ReferenceCountedLeakDetector (ReferenceCountedLeakDetector.java:logLeakMessage(167)) - LEAK: (class org.apache.ratis.proto.RaftProtos$AppendEntriesRequestProto, count=3, value=serverRequest {
  requestorId: "s0"
  replyId: "s2"
  raftGroupId {
    id: "\375\210\024\357\262\375HY\244\207Ci\024Gb\025"
  }
  callId: 1
}
leaderTerm: 10
previousLog {
  term: 9
  index: 16
}
entries {
  term: 10
  index: 17
  configurationEntry {
    peers {
      id: "s0"
      address: "localhost:15252"
      dataStreamAddress: "localhost:15255"
      clientAddress: "localhost:15254"
      adminAddress: "localhost:15253"
      startupRole: FOLLOWER
    }
    peers {
      id: "s1"
      address: "localhost:15256"
      dataStreamAddress: "localhost:15259"
      clientAddress: "localhost:15258"
      adminAddress: "localhost:15257"
      startupRole: FOLLOWER
    }
    peers {
      id: "s2"
      address: "localhost:15260"
      dataStreamAddress: "localhost:15263"
      clientAddress: "localhost:15262"
      adminAddress: "localhost:15261"
      startupRole: FOLLOWER
    }
  }
}
leaderCommit: 16
commitInfos {
  server {
    id: "s0"
    address: "localhost:15252"
    dataStreamAddress: "localhost:15255"
    clientAddress: "localhost:15254"
    adminAddress: "localhost:15253"
    startupRole: FOLLOWER
  }
  commitIndex: 16
}
commitInfos {
  server {
    id: "s1"
    address: "localhost:15256"
    dataStreamAddress: "localhost:15259"
    clientAddress: "localhost:15258"
    adminAddress: "localhost:15257"
    startupRole: FOLLOWER
  }
  commitIndex: 16
}
commitInfos {
  server {
    id: "s2"
    address: "localhost:15260"
    dataStreamAddress: "localhost:15263"
    clientAddress: "localhost:15262"
    adminAddress: "localhost:15261"
    startupRole: FOLLOWER
  }
  commitIndex: 16
}
)
2024-10-20 10:45:46,997 [main] WARN  util.ReferenceCountedLeakDetector (ReferenceCountedLeakDetector.java:logLeakMessage(167)) - LEAK: (class org.apache.ratis.proto.RaftProtos$AppendEntriesRequestProto, count=2, value=serverRequest {
  requestorId: "s1"
  replyId: "s2"
  raftGroupId {
    id: "\375\210\024\357\262\375HY\244\207Ci\024Gb\025"
  }
  callId: 8
}
leaderTerm: 9
previousLog {
  term: 9
  index: 16
}
leaderCommit: 16
commitInfos {
  server {
    id: "s1"
    address: "localhost:15256"
    dataStreamAddress: "localhost:15259"
    clientAddress: "localhost:15258"
    adminAddress: "localhost:15257"
    startupRole: FOLLOWER
  }
  commitIndex: 16
}
commitInfos {
  server {
    id: "s0"
    address: "localhost:15252"
    dataStreamAddress: "localhost:15255"
    clientAddress: "localhost:15254"
    adminAddress: "localhost:15253"
    startupRole: FOLLOWER
  }
  commitIndex: 16
}
commitInfos {
  server {
    id: "s2"
    address: "localhost:15260"
    dataStreamAddress: "localhost:15263"
    clientAddress: "localhost:15262"
    adminAddress: "localhost:15261"
    startupRole: FOLLOWER
  }
  commitIndex: 16
}
)
2024-10-20 10:45:46,997 [main] WARN  util.ReferenceCountedLeakDetector (ReferenceCountedLeakDetector.java:logLeakMessage(167)) - LEAK: (class org.apache.ratis.proto.RaftProtos$AppendEntriesRequestProto, count=2, value=serverRequest {
  requestorId: "s1"
  replyId: "s2"
  raftGroupId {
    id: "\375\210\024\357\262\375HY\244\207Ci\024Gb\025"
  }
}
leaderTerm: 11
previousLog {
  term: 10
  index: 18
}
leaderCommit: 17
commitInfos {
  server {
    id: "s1"
    address: "localhost:15256"
    dataStreamAddress: "localhost:15259"
    clientAddress: "localhost:15258"
    adminAddress: "localhost:15257"
    startupRole: FOLLOWER
  }
  commitIndex: 17
}
commitInfos {
  server {
    id: "s0"
    address: "localhost:15252"
    dataStreamAddress: "localhost:15255"
    clientAddress: "localhost:15254"
    adminAddress: "localhost:15253"
    startupRole: FOLLOWER
  }
  commitIndex: 17
}
commitInfos {
  server {
    id: "s2"
    address: "localhost:15260"
    dataStreamAddress: "localhost:15263"
    clientAddress: "localhost:15262"
    adminAddress: "localhost:15261"
    startupRole: FOLLOWER
  }
  commitIndex: 16
}
)
2024-10-20 10:45:46,998 [main] WARN  util.LeakDetector (LeakDetector.java:assertNoLeaks(171)) - 20/30) numLeaks == 5 > 0, will wait and retry ...
2024-10-20 10:45:47,998 [main] WARN  util.ReferenceCountedLeakDetector (ReferenceCountedLeakDetector.java:logLeakMessage(167)) - LEAK: (class org.apache.ratis.proto.RaftProtos$AppendEntriesRequestProto, count=2, value=serverRequest {
  requestorId: "s0"
  replyId: "s2"
  raftGroupId {
    id: "\375\210\024\357\262\375HY\244\207Ci\024Gb\025"
  }
}
leaderTerm: 10
previousLog {
  term: 9
  index: 16
}
leaderCommit: 16
commitInfos {
  server {
    id: "s0"
    address: "localhost:15252"
    dataStreamAddress: "localhost:15255"
    clientAddress: "localhost:15254"
    adminAddress: "localhost:15253"
    startupRole: FOLLOWER
  }
  commitIndex: 16
}
commitInfos {
  server {
    id: "s1"
    address: "localhost:15256"
    dataStreamAddress: "localhost:15259"
    clientAddress: "localhost:15258"
    adminAddress: "localhost:15257"
    startupRole: FOLLOWER
  }
  commitIndex: 16
}
commitInfos {
  server {
    id: "s2"
    address: "localhost:15260"
    dataStreamAddress: "localhost:15263"
    clientAddress: "localhost:15262"
    adminAddress: "localhost:15261"
    startupRole: FOLLOWER
  }
  commitIndex: 16
}
)
2024-10-20 10:45:47,998 [main] WARN  util.ReferenceCountedLeakDetector (ReferenceCountedLeakDetector.java:logLeakMessage(167)) - LEAK: (class org.apache.ratis.proto.RaftProtos$AppendEntriesRequestProto, count=3, value=serverRequest {
  requestorId: "s1"
  replyId: "s2"
  raftGroupId {
    id: "\375\210\024\357\262\375HY\244\207Ci\024Gb\025"
  }
  callId: 1
}
leaderTerm: 11
previousLog {
  term: 10
  index: 18
}
entries {
  term: 11
  index: 19
  configurationEntry {
    peers {
      id: "s0"
      address: "localhost:15252"
      dataStreamAddress: "localhost:15255"
      clientAddress: "localhost:15254"
      adminAddress: "localhost:15253"
      startupRole: FOLLOWER
    }
    peers {
      id: "s1"
      address: "localhost:15256"
      dataStreamAddress: "localhost:15259"
      clientAddress: "localhost:15258"
      adminAddress: "localhost:15257"
      startupRole: FOLLOWER
    }
    peers {
      id: "s2"
      address: "localhost:15260"
      dataStreamAddress: "localhost:15263"
      clientAddress: "localhost:15262"
      adminAddress: "localhost:15261"
      startupRole: FOLLOWER
    }
  }
}
leaderCommit: 17
commitInfos {
  server {
    id: "s1"
    address: "localhost:15256"
    dataStreamAddress: "localhost:15259"
    clientAddress: "localhost:15258"
    adminAddress: "localhost:15257"
    startupRole: FOLLOWER
  }
  commitIndex: 17
}
commitInfos {
  server {
    id: "s0"
    address: "localhost:15252"
    dataStreamAddress: "localhost:15255"
    clientAddress: "localhost:15254"
    adminAddress: "localhost:15253"
    startupRole: FOLLOWER
  }
  commitIndex: 17
}
commitInfos {
  server {
    id: "s2"
    address: "localhost:15260"
    dataStreamAddress: "localhost:15263"
    clientAddress: "localhost:15262"
    adminAddress: "localhost:15261"
    startupRole: FOLLOWER
  }
  commitIndex: 16
}
)
2024-10-20 10:45:47,998 [main] WARN  util.ReferenceCountedLeakDetector (ReferenceCountedLeakDetector.java:logLeakMessage(167)) - LEAK: (class org.apache.ratis.proto.RaftProtos$AppendEntriesRequestProto, count=3, value=serverRequest {
  requestorId: "s0"
  replyId: "s2"
  raftGroupId {
    id: "\375\210\024\357\262\375HY\244\207Ci\024Gb\025"
  }
  callId: 1
}
leaderTerm: 10
previousLog {
  term: 9
  index: 16
}
entries {
  term: 10
  index: 17
  configurationEntry {
    peers {
      id: "s0"
      address: "localhost:15252"
      dataStreamAddress: "localhost:15255"
      clientAddress: "localhost:15254"
      adminAddress: "localhost:15253"
      startupRole: FOLLOWER
    }
    peers {
      id: "s1"
      address: "localhost:15256"
      dataStreamAddress: "localhost:15259"
      clientAddress: "localhost:15258"
      adminAddress: "localhost:15257"
      startupRole: FOLLOWER
    }
    peers {
      id: "s2"
      address: "localhost:15260"
      dataStreamAddress: "localhost:15263"
      clientAddress: "localhost:15262"
      adminAddress: "localhost:15261"
      startupRole: FOLLOWER
    }
  }
}
leaderCommit: 16
commitInfos {
  server {
    id: "s0"
    address: "localhost:15252"
    dataStreamAddress: "localhost:15255"
    clientAddress: "localhost:15254"
    adminAddress: "localhost:15253"
    startupRole: FOLLOWER
  }
  commitIndex: 16
}
commitInfos {
  server {
    id: "s1"
    address: "localhost:15256"
    dataStreamAddress: "localhost:15259"
    clientAddress: "localhost:15258"
    adminAddress: "localhost:15257"
    startupRole: FOLLOWER
  }
  commitIndex: 16
}
commitInfos {
  server {
    id: "s2"
    address: "localhost:15260"
    dataStreamAddress: "localhost:15263"
    clientAddress: "localhost:15262"
    adminAddress: "localhost:15261"
    startupRole: FOLLOWER
  }
  commitIndex: 16
}
)
2024-10-20 10:45:47,998 [main] WARN  util.ReferenceCountedLeakDetector (ReferenceCountedLeakDetector.java:logLeakMessage(167)) - LEAK: (class org.apache.ratis.proto.RaftProtos$AppendEntriesRequestProto, count=2, value=serverRequest {
  requestorId: "s1"
  replyId: "s2"
  raftGroupId {
    id: "\375\210\024\357\262\375HY\244\207Ci\024Gb\025"
  }
  callId: 8
}
leaderTerm: 9
previousLog {
  term: 9
  index: 16
}
leaderCommit: 16
commitInfos {
  server {
    id: "s1"
    address: "localhost:15256"
    dataStreamAddress: "localhost:15259"
    clientAddress: "localhost:15258"
    adminAddress: "localhost:15257"
    startupRole: FOLLOWER
  }
  commitIndex: 16
}
commitInfos {
  server {
    id: "s0"
    address: "localhost:15252"
    dataStreamAddress: "localhost:15255"
    clientAddress: "localhost:15254"
    adminAddress: "localhost:15253"
    startupRole: FOLLOWER
  }
  commitIndex: 16
}
commitInfos {
  server {
    id: "s2"
    address: "localhost:15260"
    dataStreamAddress: "localhost:15263"
    clientAddress: "localhost:15262"
    adminAddress: "localhost:15261"
    startupRole: FOLLOWER
  }
  commitIndex: 16
}
)
2024-10-20 10:45:47,999 [main] WARN  util.ReferenceCountedLeakDetector (ReferenceCountedLeakDetector.java:logLeakMessage(167)) - LEAK: (class org.apache.ratis.proto.RaftProtos$AppendEntriesRequestProto, count=2, value=serverRequest {
  requestorId: "s1"
  replyId: "s2"
  raftGroupId {
    id: "\375\210\024\357\262\375HY\244\207Ci\024Gb\025"
  }
}
leaderTerm: 11
previousLog {
  term: 10
  index: 18
}
leaderCommit: 17
commitInfos {
  server {
    id: "s1"
    address: "localhost:15256"
    dataStreamAddress: "localhost:15259"
    clientAddress: "localhost:15258"
    adminAddress: "localhost:15257"
    startupRole: FOLLOWER
  }
  commitIndex: 17
}
commitInfos {
  server {
    id: "s0"
    address: "localhost:15252"
    dataStreamAddress: "localhost:15255"
    clientAddress: "localhost:15254"
    adminAddress: "localhost:15253"
    startupRole: FOLLOWER
  }
  commitIndex: 17
}
commitInfos {
  server {
    id: "s2"
    address: "localhost:15260"
    dataStreamAddress: "localhost:15263"
    clientAddress: "localhost:15262"
    adminAddress: "localhost:15261"
    startupRole: FOLLOWER
  }
  commitIndex: 16
}
)
2024-10-20 10:45:47,999 [main] WARN  util.LeakDetector (LeakDetector.java:assertNoLeaks(171)) - 21/30) numLeaks == 5 > 0, will wait and retry ...
2024-10-20 10:45:48,999 [main] WARN  util.ReferenceCountedLeakDetector (ReferenceCountedLeakDetector.java:logLeakMessage(167)) - LEAK: (class org.apache.ratis.proto.RaftProtos$AppendEntriesRequestProto, count=2, value=serverRequest {
  requestorId: "s0"
  replyId: "s2"
  raftGroupId {
    id: "\375\210\024\357\262\375HY\244\207Ci\024Gb\025"
  }
}
leaderTerm: 10
previousLog {
  term: 9
  index: 16
}
leaderCommit: 16
commitInfos {
  server {
    id: "s0"
    address: "localhost:15252"
    dataStreamAddress: "localhost:15255"
    clientAddress: "localhost:15254"
    adminAddress: "localhost:15253"
    startupRole: FOLLOWER
  }
  commitIndex: 16
}
commitInfos {
  server {
    id: "s1"
    address: "localhost:15256"
    dataStreamAddress: "localhost:15259"
    clientAddress: "localhost:15258"
    adminAddress: "localhost:15257"
    startupRole: FOLLOWER
  }
  commitIndex: 16
}
commitInfos {
  server {
    id: "s2"
    address: "localhost:15260"
    dataStreamAddress: "localhost:15263"
    clientAddress: "localhost:15262"
    adminAddress: "localhost:15261"
    startupRole: FOLLOWER
  }
  commitIndex: 16
}
)
2024-10-20 10:45:48,999 [main] WARN  util.ReferenceCountedLeakDetector (ReferenceCountedLeakDetector.java:logLeakMessage(167)) - LEAK: (class org.apache.ratis.proto.RaftProtos$AppendEntriesRequestProto, count=3, value=serverRequest {
  requestorId: "s1"
  replyId: "s2"
  raftGroupId {
    id: "\375\210\024\357\262\375HY\244\207Ci\024Gb\025"
  }
  callId: 1
}
leaderTerm: 11
previousLog {
  term: 10
  index: 18
}
entries {
  term: 11
  index: 19
  configurationEntry {
    peers {
      id: "s0"
      address: "localhost:15252"
      dataStreamAddress: "localhost:15255"
      clientAddress: "localhost:15254"
      adminAddress: "localhost:15253"
      startupRole: FOLLOWER
    }
    peers {
      id: "s1"
      address: "localhost:15256"
      dataStreamAddress: "localhost:15259"
      clientAddress: "localhost:15258"
      adminAddress: "localhost:15257"
      startupRole: FOLLOWER
    }
    peers {
      id: "s2"
      address: "localhost:15260"
      dataStreamAddress: "localhost:15263"
      clientAddress: "localhost:15262"
      adminAddress: "localhost:15261"
      startupRole: FOLLOWER
    }
  }
}
leaderCommit: 17
commitInfos {
  server {
    id: "s1"
    address: "localhost:15256"
    dataStreamAddress: "localhost:15259"
    clientAddress: "localhost:15258"
    adminAddress: "localhost:15257"
    startupRole: FOLLOWER
  }
  commitIndex: 17
}
commitInfos {
  server {
    id: "s0"
    address: "localhost:15252"
    dataStreamAddress: "localhost:15255"
    clientAddress: "localhost:15254"
    adminAddress: "localhost:15253"
    startupRole: FOLLOWER
  }
  commitIndex: 17
}
commitInfos {
  server {
    id: "s2"
    address: "localhost:15260"
    dataStreamAddress: "localhost:15263"
    clientAddress: "localhost:15262"
    adminAddress: "localhost:15261"
    startupRole: FOLLOWER
  }
  commitIndex: 16
}
)
2024-10-20 10:45:48,999 [main] WARN  util.ReferenceCountedLeakDetector (ReferenceCountedLeakDetector.java:logLeakMessage(167)) - LEAK: (class org.apache.ratis.proto.RaftProtos$AppendEntriesRequestProto, count=3, value=serverRequest {
  requestorId: "s0"
  replyId: "s2"
  raftGroupId {
    id: "\375\210\024\357\262\375HY\244\207Ci\024Gb\025"
  }
  callId: 1
}
leaderTerm: 10
previousLog {
  term: 9
  index: 16
}
entries {
  term: 10
  index: 17
  configurationEntry {
    peers {
      id: "s0"
      address: "localhost:15252"
      dataStreamAddress: "localhost:15255"
      clientAddress: "localhost:15254"
      adminAddress: "localhost:15253"
      startupRole: FOLLOWER
    }
    peers {
      id: "s1"
      address: "localhost:15256"
      dataStreamAddress: "localhost:15259"
      clientAddress: "localhost:15258"
      adminAddress: "localhost:15257"
      startupRole: FOLLOWER
    }
    peers {
      id: "s2"
      address: "localhost:15260"
      dataStreamAddress: "localhost:15263"
      clientAddress: "localhost:15262"
      adminAddress: "localhost:15261"
      startupRole: FOLLOWER
    }
  }
}
leaderCommit: 16
commitInfos {
  server {
    id: "s0"
    address: "localhost:15252"
    dataStreamAddress: "localhost:15255"
    clientAddress: "localhost:15254"
    adminAddress: "localhost:15253"
    startupRole: FOLLOWER
  }
  commitIndex: 16
}
commitInfos {
  server {
    id: "s1"
    address: "localhost:15256"
    dataStreamAddress: "localhost:15259"
    clientAddress: "localhost:15258"
    adminAddress: "localhost:15257"
    startupRole: FOLLOWER
  }
  commitIndex: 16
}
commitInfos {
  server {
    id: "s2"
    address: "localhost:15260"
    dataStreamAddress: "localhost:15263"
    clientAddress: "localhost:15262"
    adminAddress: "localhost:15261"
    startupRole: FOLLOWER
  }
  commitIndex: 16
}
)
2024-10-20 10:45:49,000 [main] WARN  util.ReferenceCountedLeakDetector (ReferenceCountedLeakDetector.java:logLeakMessage(167)) - LEAK: (class org.apache.ratis.proto.RaftProtos$AppendEntriesRequestProto, count=2, value=serverRequest {
  requestorId: "s1"
  replyId: "s2"
  raftGroupId {
    id: "\375\210\024\357\262\375HY\244\207Ci\024Gb\025"
  }
  callId: 8
}
leaderTerm: 9
previousLog {
  term: 9
  index: 16
}
leaderCommit: 16
commitInfos {
  server {
    id: "s1"
    address: "localhost:15256"
    dataStreamAddress: "localhost:15259"
    clientAddress: "localhost:15258"
    adminAddress: "localhost:15257"
    startupRole: FOLLOWER
  }
  commitIndex: 16
}
commitInfos {
  server {
    id: "s0"
    address: "localhost:15252"
    dataStreamAddress: "localhost:15255"
    clientAddress: "localhost:15254"
    adminAddress: "localhost:15253"
    startupRole: FOLLOWER
  }
  commitIndex: 16
}
commitInfos {
  server {
    id: "s2"
    address: "localhost:15260"
    dataStreamAddress: "localhost:15263"
    clientAddress: "localhost:15262"
    adminAddress: "localhost:15261"
    startupRole: FOLLOWER
  }
  commitIndex: 16
}
)
2024-10-20 10:45:49,000 [main] WARN  util.ReferenceCountedLeakDetector (ReferenceCountedLeakDetector.java:logLeakMessage(167)) - LEAK: (class org.apache.ratis.proto.RaftProtos$AppendEntriesRequestProto, count=2, value=serverRequest {
  requestorId: "s1"
  replyId: "s2"
  raftGroupId {
    id: "\375\210\024\357\262\375HY\244\207Ci\024Gb\025"
  }
}
leaderTerm: 11
previousLog {
  term: 10
  index: 18
}
leaderCommit: 17
commitInfos {
  server {
    id: "s1"
    address: "localhost:15256"
    dataStreamAddress: "localhost:15259"
    clientAddress: "localhost:15258"
    adminAddress: "localhost:15257"
    startupRole: FOLLOWER
  }
  commitIndex: 17
}
commitInfos {
  server {
    id: "s0"
    address: "localhost:15252"
    dataStreamAddress: "localhost:15255"
    clientAddress: "localhost:15254"
    adminAddress: "localhost:15253"
    startupRole: FOLLOWER
  }
  commitIndex: 17
}
commitInfos {
  server {
    id: "s2"
    address: "localhost:15260"
    dataStreamAddress: "localhost:15263"
    clientAddress: "localhost:15262"
    adminAddress: "localhost:15261"
    startupRole: FOLLOWER
  }
  commitIndex: 16
}
)
2024-10-20 10:45:49,000 [main] WARN  util.LeakDetector (LeakDetector.java:assertNoLeaks(171)) - 22/30) numLeaks == 5 > 0, will wait and retry ...
2024-10-20 10:45:50,000 [main] WARN  util.ReferenceCountedLeakDetector (ReferenceCountedLeakDetector.java:logLeakMessage(167)) - LEAK: (class org.apache.ratis.proto.RaftProtos$AppendEntriesRequestProto, count=2, value=serverRequest {
  requestorId: "s0"
  replyId: "s2"
  raftGroupId {
    id: "\375\210\024\357\262\375HY\244\207Ci\024Gb\025"
  }
}
leaderTerm: 10
previousLog {
  term: 9
  index: 16
}
leaderCommit: 16
commitInfos {
  server {
    id: "s0"
    address: "localhost:15252"
    dataStreamAddress: "localhost:15255"
    clientAddress: "localhost:15254"
    adminAddress: "localhost:15253"
    startupRole: FOLLOWER
  }
  commitIndex: 16
}
commitInfos {
  server {
    id: "s1"
    address: "localhost:15256"
    dataStreamAddress: "localhost:15259"
    clientAddress: "localhost:15258"
    adminAddress: "localhost:15257"
    startupRole: FOLLOWER
  }
  commitIndex: 16
}
commitInfos {
  server {
    id: "s2"
    address: "localhost:15260"
    dataStreamAddress: "localhost:15263"
    clientAddress: "localhost:15262"
    adminAddress: "localhost:15261"
    startupRole: FOLLOWER
  }
  commitIndex: 16
}
)
2024-10-20 10:45:50,000 [main] WARN  util.ReferenceCountedLeakDetector (ReferenceCountedLeakDetector.java:logLeakMessage(167)) - LEAK: (class org.apache.ratis.proto.RaftProtos$AppendEntriesRequestProto, count=3, value=serverRequest {
  requestorId: "s1"
  replyId: "s2"
  raftGroupId {
    id: "\375\210\024\357\262\375HY\244\207Ci\024Gb\025"
  }
  callId: 1
}
leaderTerm: 11
previousLog {
  term: 10
  index: 18
}
entries {
  term: 11
  index: 19
  configurationEntry {
    peers {
      id: "s0"
      address: "localhost:15252"
      dataStreamAddress: "localhost:15255"
      clientAddress: "localhost:15254"
      adminAddress: "localhost:15253"
      startupRole: FOLLOWER
    }
    peers {
      id: "s1"
      address: "localhost:15256"
      dataStreamAddress: "localhost:15259"
      clientAddress: "localhost:15258"
      adminAddress: "localhost:15257"
      startupRole: FOLLOWER
    }
    peers {
      id: "s2"
      address: "localhost:15260"
      dataStreamAddress: "localhost:15263"
      clientAddress: "localhost:15262"
      adminAddress: "localhost:15261"
      startupRole: FOLLOWER
    }
  }
}
leaderCommit: 17
commitInfos {
  server {
    id: "s1"
    address: "localhost:15256"
    dataStreamAddress: "localhost:15259"
    clientAddress: "localhost:15258"
    adminAddress: "localhost:15257"
    startupRole: FOLLOWER
  }
  commitIndex: 17
}
commitInfos {
  server {
    id: "s0"
    address: "localhost:15252"
    dataStreamAddress: "localhost:15255"
    clientAddress: "localhost:15254"
    adminAddress: "localhost:15253"
    startupRole: FOLLOWER
  }
  commitIndex: 17
}
commitInfos {
  server {
    id: "s2"
    address: "localhost:15260"
    dataStreamAddress: "localhost:15263"
    clientAddress: "localhost:15262"
    adminAddress: "localhost:15261"
    startupRole: FOLLOWER
  }
  commitIndex: 16
}
)
2024-10-20 10:45:50,001 [main] WARN  util.ReferenceCountedLeakDetector (ReferenceCountedLeakDetector.java:logLeakMessage(167)) - LEAK: (class org.apache.ratis.proto.RaftProtos$AppendEntriesRequestProto, count=3, value=serverRequest {
  requestorId: "s0"
  replyId: "s2"
  raftGroupId {
    id: "\375\210\024\357\262\375HY\244\207Ci\024Gb\025"
  }
  callId: 1
}
leaderTerm: 10
previousLog {
  term: 9
  index: 16
}
entries {
  term: 10
  index: 17
  configurationEntry {
    peers {
      id: "s0"
      address: "localhost:15252"
      dataStreamAddress: "localhost:15255"
      clientAddress: "localhost:15254"
      adminAddress: "localhost:15253"
      startupRole: FOLLOWER
    }
    peers {
      id: "s1"
      address: "localhost:15256"
      dataStreamAddress: "localhost:15259"
      clientAddress: "localhost:15258"
      adminAddress: "localhost:15257"
      startupRole: FOLLOWER
    }
    peers {
      id: "s2"
      address: "localhost:15260"
      dataStreamAddress: "localhost:15263"
      clientAddress: "localhost:15262"
      adminAddress: "localhost:15261"
      startupRole: FOLLOWER
    }
  }
}
leaderCommit: 16
commitInfos {
  server {
    id: "s0"
    address: "localhost:15252"
    dataStreamAddress: "localhost:15255"
    clientAddress: "localhost:15254"
    adminAddress: "localhost:15253"
    startupRole: FOLLOWER
  }
  commitIndex: 16
}
commitInfos {
  server {
    id: "s1"
    address: "localhost:15256"
    dataStreamAddress: "localhost:15259"
    clientAddress: "localhost:15258"
    adminAddress: "localhost:15257"
    startupRole: FOLLOWER
  }
  commitIndex: 16
}
commitInfos {
  server {
    id: "s2"
    address: "localhost:15260"
    dataStreamAddress: "localhost:15263"
    clientAddress: "localhost:15262"
    adminAddress: "localhost:15261"
    startupRole: FOLLOWER
  }
  commitIndex: 16
}
)
2024-10-20 10:45:50,001 [main] WARN  util.ReferenceCountedLeakDetector (ReferenceCountedLeakDetector.java:logLeakMessage(167)) - LEAK: (class org.apache.ratis.proto.RaftProtos$AppendEntriesRequestProto, count=2, value=serverRequest {
  requestorId: "s1"
  replyId: "s2"
  raftGroupId {
    id: "\375\210\024\357\262\375HY\244\207Ci\024Gb\025"
  }
  callId: 8
}
leaderTerm: 9
previousLog {
  term: 9
  index: 16
}
leaderCommit: 16
commitInfos {
  server {
    id: "s1"
    address: "localhost:15256"
    dataStreamAddress: "localhost:15259"
    clientAddress: "localhost:15258"
    adminAddress: "localhost:15257"
    startupRole: FOLLOWER
  }
  commitIndex: 16
}
commitInfos {
  server {
    id: "s0"
    address: "localhost:15252"
    dataStreamAddress: "localhost:15255"
    clientAddress: "localhost:15254"
    adminAddress: "localhost:15253"
    startupRole: FOLLOWER
  }
  commitIndex: 16
}
commitInfos {
  server {
    id: "s2"
    address: "localhost:15260"
    dataStreamAddress: "localhost:15263"
    clientAddress: "localhost:15262"
    adminAddress: "localhost:15261"
    startupRole: FOLLOWER
  }
  commitIndex: 16
}
)
2024-10-20 10:45:50,001 [main] WARN  util.ReferenceCountedLeakDetector (ReferenceCountedLeakDetector.java:logLeakMessage(167)) - LEAK: (class org.apache.ratis.proto.RaftProtos$AppendEntriesRequestProto, count=2, value=serverRequest {
  requestorId: "s1"
  replyId: "s2"
  raftGroupId {
    id: "\375\210\024\357\262\375HY\244\207Ci\024Gb\025"
  }
}
leaderTerm: 11
previousLog {
  term: 10
  index: 18
}
leaderCommit: 17
commitInfos {
  server {
    id: "s1"
    address: "localhost:15256"
    dataStreamAddress: "localhost:15259"
    clientAddress: "localhost:15258"
    adminAddress: "localhost:15257"
    startupRole: FOLLOWER
  }
  commitIndex: 17
}
commitInfos {
  server {
    id: "s0"
    address: "localhost:15252"
    dataStreamAddress: "localhost:15255"
    clientAddress: "localhost:15254"
    adminAddress: "localhost:15253"
    startupRole: FOLLOWER
  }
  commitIndex: 17
}
commitInfos {
  server {
    id: "s2"
    address: "localhost:15260"
    dataStreamAddress: "localhost:15263"
    clientAddress: "localhost:15262"
    adminAddress: "localhost:15261"
    startupRole: FOLLOWER
  }
  commitIndex: 16
}
)
2024-10-20 10:45:50,001 [main] WARN  util.LeakDetector (LeakDetector.java:assertNoLeaks(171)) - 23/30) numLeaks == 5 > 0, will wait and retry ...
2024-10-20 10:45:51,001 [main] WARN  util.ReferenceCountedLeakDetector (ReferenceCountedLeakDetector.java:logLeakMessage(167)) - LEAK: (class org.apache.ratis.proto.RaftProtos$AppendEntriesRequestProto, count=2, value=serverRequest {
  requestorId: "s0"
  replyId: "s2"
  raftGroupId {
    id: "\375\210\024\357\262\375HY\244\207Ci\024Gb\025"
  }
}
leaderTerm: 10
previousLog {
  term: 9
  index: 16
}
leaderCommit: 16
commitInfos {
  server {
    id: "s0"
    address: "localhost:15252"
    dataStreamAddress: "localhost:15255"
    clientAddress: "localhost:15254"
    adminAddress: "localhost:15253"
    startupRole: FOLLOWER
  }
  commitIndex: 16
}
commitInfos {
  server {
    id: "s1"
    address: "localhost:15256"
    dataStreamAddress: "localhost:15259"
    clientAddress: "localhost:15258"
    adminAddress: "localhost:15257"
    startupRole: FOLLOWER
  }
  commitIndex: 16
}
commitInfos {
  server {
    id: "s2"
    address: "localhost:15260"
    dataStreamAddress: "localhost:15263"
    clientAddress: "localhost:15262"
    adminAddress: "localhost:15261"
    startupRole: FOLLOWER
  }
  commitIndex: 16
}
)
2024-10-20 10:45:51,001 [main] WARN  util.ReferenceCountedLeakDetector (ReferenceCountedLeakDetector.java:logLeakMessage(167)) - LEAK: (class org.apache.ratis.proto.RaftProtos$AppendEntriesRequestProto, count=3, value=serverRequest {
  requestorId: "s1"
  replyId: "s2"
  raftGroupId {
    id: "\375\210\024\357\262\375HY\244\207Ci\024Gb\025"
  }
  callId: 1
}
leaderTerm: 11
previousLog {
  term: 10
  index: 18
}
entries {
  term: 11
  index: 19
  configurationEntry {
    peers {
      id: "s0"
      address: "localhost:15252"
      dataStreamAddress: "localhost:15255"
      clientAddress: "localhost:15254"
      adminAddress: "localhost:15253"
      startupRole: FOLLOWER
    }
    peers {
      id: "s1"
      address: "localhost:15256"
      dataStreamAddress: "localhost:15259"
      clientAddress: "localhost:15258"
      adminAddress: "localhost:15257"
      startupRole: FOLLOWER
    }
    peers {
      id: "s2"
      address: "localhost:15260"
      dataStreamAddress: "localhost:15263"
      clientAddress: "localhost:15262"
      adminAddress: "localhost:15261"
      startupRole: FOLLOWER
    }
  }
}
leaderCommit: 17
commitInfos {
  server {
    id: "s1"
    address: "localhost:15256"
    dataStreamAddress: "localhost:15259"
    clientAddress: "localhost:15258"
    adminAddress: "localhost:15257"
    startupRole: FOLLOWER
  }
  commitIndex: 17
}
commitInfos {
  server {
    id: "s0"
    address: "localhost:15252"
    dataStreamAddress: "localhost:15255"
    clientAddress: "localhost:15254"
    adminAddress: "localhost:15253"
    startupRole: FOLLOWER
  }
  commitIndex: 17
}
commitInfos {
  server {
    id: "s2"
    address: "localhost:15260"
    dataStreamAddress: "localhost:15263"
    clientAddress: "localhost:15262"
    adminAddress: "localhost:15261"
    startupRole: FOLLOWER
  }
  commitIndex: 16
}
)
2024-10-20 10:45:51,002 [main] WARN  util.ReferenceCountedLeakDetector (ReferenceCountedLeakDetector.java:logLeakMessage(167)) - LEAK: (class org.apache.ratis.proto.RaftProtos$AppendEntriesRequestProto, count=3, value=serverRequest {
  requestorId: "s0"
  replyId: "s2"
  raftGroupId {
    id: "\375\210\024\357\262\375HY\244\207Ci\024Gb\025"
  }
  callId: 1
}
leaderTerm: 10
previousLog {
  term: 9
  index: 16
}
entries {
  term: 10
  index: 17
  configurationEntry {
    peers {
      id: "s0"
      address: "localhost:15252"
      dataStreamAddress: "localhost:15255"
      clientAddress: "localhost:15254"
      adminAddress: "localhost:15253"
      startupRole: FOLLOWER
    }
    peers {
      id: "s1"
      address: "localhost:15256"
      dataStreamAddress: "localhost:15259"
      clientAddress: "localhost:15258"
      adminAddress: "localhost:15257"
      startupRole: FOLLOWER
    }
    peers {
      id: "s2"
      address: "localhost:15260"
      dataStreamAddress: "localhost:15263"
      clientAddress: "localhost:15262"
      adminAddress: "localhost:15261"
      startupRole: FOLLOWER
    }
  }
}
leaderCommit: 16
commitInfos {
  server {
    id: "s0"
    address: "localhost:15252"
    dataStreamAddress: "localhost:15255"
    clientAddress: "localhost:15254"
    adminAddress: "localhost:15253"
    startupRole: FOLLOWER
  }
  commitIndex: 16
}
commitInfos {
  server {
    id: "s1"
    address: "localhost:15256"
    dataStreamAddress: "localhost:15259"
    clientAddress: "localhost:15258"
    adminAddress: "localhost:15257"
    startupRole: FOLLOWER
  }
  commitIndex: 16
}
commitInfos {
  server {
    id: "s2"
    address: "localhost:15260"
    dataStreamAddress: "localhost:15263"
    clientAddress: "localhost:15262"
    adminAddress: "localhost:15261"
    startupRole: FOLLOWER
  }
  commitIndex: 16
}
)
2024-10-20 10:45:51,002 [main] WARN  util.ReferenceCountedLeakDetector (ReferenceCountedLeakDetector.java:logLeakMessage(167)) - LEAK: (class org.apache.ratis.proto.RaftProtos$AppendEntriesRequestProto, count=2, value=serverRequest {
  requestorId: "s1"
  replyId: "s2"
  raftGroupId {
    id: "\375\210\024\357\262\375HY\244\207Ci\024Gb\025"
  }
  callId: 8
}
leaderTerm: 9
previousLog {
  term: 9
  index: 16
}
leaderCommit: 16
commitInfos {
  server {
    id: "s1"
    address: "localhost:15256"
    dataStreamAddress: "localhost:15259"
    clientAddress: "localhost:15258"
    adminAddress: "localhost:15257"
    startupRole: FOLLOWER
  }
  commitIndex: 16
}
commitInfos {
  server {
    id: "s0"
    address: "localhost:15252"
    dataStreamAddress: "localhost:15255"
    clientAddress: "localhost:15254"
    adminAddress: "localhost:15253"
    startupRole: FOLLOWER
  }
  commitIndex: 16
}
commitInfos {
  server {
    id: "s2"
    address: "localhost:15260"
    dataStreamAddress: "localhost:15263"
    clientAddress: "localhost:15262"
    adminAddress: "localhost:15261"
    startupRole: FOLLOWER
  }
  commitIndex: 16
}
)
2024-10-20 10:45:51,002 [main] WARN  util.ReferenceCountedLeakDetector (ReferenceCountedLeakDetector.java:logLeakMessage(167)) - LEAK: (class org.apache.ratis.proto.RaftProtos$AppendEntriesRequestProto, count=2, value=serverRequest {
  requestorId: "s1"
  replyId: "s2"
  raftGroupId {
    id: "\375\210\024\357\262\375HY\244\207Ci\024Gb\025"
  }
}
leaderTerm: 11
previousLog {
  term: 10
  index: 18
}
leaderCommit: 17
commitInfos {
  server {
    id: "s1"
    address: "localhost:15256"
    dataStreamAddress: "localhost:15259"
    clientAddress: "localhost:15258"
    adminAddress: "localhost:15257"
    startupRole: FOLLOWER
  }
  commitIndex: 17
}
commitInfos {
  server {
    id: "s0"
    address: "localhost:15252"
    dataStreamAddress: "localhost:15255"
    clientAddress: "localhost:15254"
    adminAddress: "localhost:15253"
    startupRole: FOLLOWER
  }
  commitIndex: 17
}
commitInfos {
  server {
    id: "s2"
    address: "localhost:15260"
    dataStreamAddress: "localhost:15263"
    clientAddress: "localhost:15262"
    adminAddress: "localhost:15261"
    startupRole: FOLLOWER
  }
  commitIndex: 16
}
)
2024-10-20 10:45:51,002 [main] WARN  util.LeakDetector (LeakDetector.java:assertNoLeaks(171)) - 24/30) numLeaks == 5 > 0, will wait and retry ...
2024-10-20 10:45:52,002 [main] WARN  util.ReferenceCountedLeakDetector (ReferenceCountedLeakDetector.java:logLeakMessage(167)) - LEAK: (class org.apache.ratis.proto.RaftProtos$AppendEntriesRequestProto, count=2, value=serverRequest {
  requestorId: "s0"
  replyId: "s2"
  raftGroupId {
    id: "\375\210\024\357\262\375HY\244\207Ci\024Gb\025"
  }
}
leaderTerm: 10
previousLog {
  term: 9
  index: 16
}
leaderCommit: 16
commitInfos {
  server {
    id: "s0"
    address: "localhost:15252"
    dataStreamAddress: "localhost:15255"
    clientAddress: "localhost:15254"
    adminAddress: "localhost:15253"
    startupRole: FOLLOWER
  }
  commitIndex: 16
}
commitInfos {
  server {
    id: "s1"
    address: "localhost:15256"
    dataStreamAddress: "localhost:15259"
    clientAddress: "localhost:15258"
    adminAddress: "localhost:15257"
    startupRole: FOLLOWER
  }
  commitIndex: 16
}
commitInfos {
  server {
    id: "s2"
    address: "localhost:15260"
    dataStreamAddress: "localhost:15263"
    clientAddress: "localhost:15262"
    adminAddress: "localhost:15261"
    startupRole: FOLLOWER
  }
  commitIndex: 16
}
)
2024-10-20 10:45:52,002 [main] WARN  util.ReferenceCountedLeakDetector (ReferenceCountedLeakDetector.java:logLeakMessage(167)) - LEAK: (class org.apache.ratis.proto.RaftProtos$AppendEntriesRequestProto, count=3, value=serverRequest {
  requestorId: "s1"
  replyId: "s2"
  raftGroupId {
    id: "\375\210\024\357\262\375HY\244\207Ci\024Gb\025"
  }
  callId: 1
}
leaderTerm: 11
previousLog {
  term: 10
  index: 18
}
entries {
  term: 11
  index: 19
  configurationEntry {
    peers {
      id: "s0"
      address: "localhost:15252"
      dataStreamAddress: "localhost:15255"
      clientAddress: "localhost:15254"
      adminAddress: "localhost:15253"
      startupRole: FOLLOWER
    }
    peers {
      id: "s1"
      address: "localhost:15256"
      dataStreamAddress: "localhost:15259"
      clientAddress: "localhost:15258"
      adminAddress: "localhost:15257"
      startupRole: FOLLOWER
    }
    peers {
      id: "s2"
      address: "localhost:15260"
      dataStreamAddress: "localhost:15263"
      clientAddress: "localhost:15262"
      adminAddress: "localhost:15261"
      startupRole: FOLLOWER
    }
  }
}
leaderCommit: 17
commitInfos {
  server {
    id: "s1"
    address: "localhost:15256"
    dataStreamAddress: "localhost:15259"
    clientAddress: "localhost:15258"
    adminAddress: "localhost:15257"
    startupRole: FOLLOWER
  }
  commitIndex: 17
}
commitInfos {
  server {
    id: "s0"
    address: "localhost:15252"
    dataStreamAddress: "localhost:15255"
    clientAddress: "localhost:15254"
    adminAddress: "localhost:15253"
    startupRole: FOLLOWER
  }
  commitIndex: 17
}
commitInfos {
  server {
    id: "s2"
    address: "localhost:15260"
    dataStreamAddress: "localhost:15263"
    clientAddress: "localhost:15262"
    adminAddress: "localhost:15261"
    startupRole: FOLLOWER
  }
  commitIndex: 16
}
)
2024-10-20 10:45:52,003 [main] WARN  util.ReferenceCountedLeakDetector (ReferenceCountedLeakDetector.java:logLeakMessage(167)) - LEAK: (class org.apache.ratis.proto.RaftProtos$AppendEntriesRequestProto, count=3, value=serverRequest {
  requestorId: "s0"
  replyId: "s2"
  raftGroupId {
    id: "\375\210\024\357\262\375HY\244\207Ci\024Gb\025"
  }
  callId: 1
}
leaderTerm: 10
previousLog {
  term: 9
  index: 16
}
entries {
  term: 10
  index: 17
  configurationEntry {
    peers {
      id: "s0"
      address: "localhost:15252"
      dataStreamAddress: "localhost:15255"
      clientAddress: "localhost:15254"
      adminAddress: "localhost:15253"
      startupRole: FOLLOWER
    }
    peers {
      id: "s1"
      address: "localhost:15256"
      dataStreamAddress: "localhost:15259"
      clientAddress: "localhost:15258"
      adminAddress: "localhost:15257"
      startupRole: FOLLOWER
    }
    peers {
      id: "s2"
      address: "localhost:15260"
      dataStreamAddress: "localhost:15263"
      clientAddress: "localhost:15262"
      adminAddress: "localhost:15261"
      startupRole: FOLLOWER
    }
  }
}
leaderCommit: 16
commitInfos {
  server {
    id: "s0"
    address: "localhost:15252"
    dataStreamAddress: "localhost:15255"
    clientAddress: "localhost:15254"
    adminAddress: "localhost:15253"
    startupRole: FOLLOWER
  }
  commitIndex: 16
}
commitInfos {
  server {
    id: "s1"
    address: "localhost:15256"
    dataStreamAddress: "localhost:15259"
    clientAddress: "localhost:15258"
    adminAddress: "localhost:15257"
    startupRole: FOLLOWER
  }
  commitIndex: 16
}
commitInfos {
  server {
    id: "s2"
    address: "localhost:15260"
    dataStreamAddress: "localhost:15263"
    clientAddress: "localhost:15262"
    adminAddress: "localhost:15261"
    startupRole: FOLLOWER
  }
  commitIndex: 16
}
)
2024-10-20 10:45:52,003 [main] WARN  util.ReferenceCountedLeakDetector (ReferenceCountedLeakDetector.java:logLeakMessage(167)) - LEAK: (class org.apache.ratis.proto.RaftProtos$AppendEntriesRequestProto, count=2, value=serverRequest {
  requestorId: "s1"
  replyId: "s2"
  raftGroupId {
    id: "\375\210\024\357\262\375HY\244\207Ci\024Gb\025"
  }
  callId: 8
}
leaderTerm: 9
previousLog {
  term: 9
  index: 16
}
leaderCommit: 16
commitInfos {
  server {
    id: "s1"
    address: "localhost:15256"
    dataStreamAddress: "localhost:15259"
    clientAddress: "localhost:15258"
    adminAddress: "localhost:15257"
    startupRole: FOLLOWER
  }
  commitIndex: 16
}
commitInfos {
  server {
    id: "s0"
    address: "localhost:15252"
    dataStreamAddress: "localhost:15255"
    clientAddress: "localhost:15254"
    adminAddress: "localhost:15253"
    startupRole: FOLLOWER
  }
  commitIndex: 16
}
commitInfos {
  server {
    id: "s2"
    address: "localhost:15260"
    dataStreamAddress: "localhost:15263"
    clientAddress: "localhost:15262"
    adminAddress: "localhost:15261"
    startupRole: FOLLOWER
  }
  commitIndex: 16
}
)
2024-10-20 10:45:52,003 [main] WARN  util.ReferenceCountedLeakDetector (ReferenceCountedLeakDetector.java:logLeakMessage(167)) - LEAK: (class org.apache.ratis.proto.RaftProtos$AppendEntriesRequestProto, count=2, value=serverRequest {
  requestorId: "s1"
  replyId: "s2"
  raftGroupId {
    id: "\375\210\024\357\262\375HY\244\207Ci\024Gb\025"
  }
}
leaderTerm: 11
previousLog {
  term: 10
  index: 18
}
leaderCommit: 17
commitInfos {
  server {
    id: "s1"
    address: "localhost:15256"
    dataStreamAddress: "localhost:15259"
    clientAddress: "localhost:15258"
    adminAddress: "localhost:15257"
    startupRole: FOLLOWER
  }
  commitIndex: 17
}
commitInfos {
  server {
    id: "s0"
    address: "localhost:15252"
    dataStreamAddress: "localhost:15255"
    clientAddress: "localhost:15254"
    adminAddress: "localhost:15253"
    startupRole: FOLLOWER
  }
  commitIndex: 17
}
commitInfos {
  server {
    id: "s2"
    address: "localhost:15260"
    dataStreamAddress: "localhost:15263"
    clientAddress: "localhost:15262"
    adminAddress: "localhost:15261"
    startupRole: FOLLOWER
  }
  commitIndex: 16
}
)
2024-10-20 10:45:52,003 [main] WARN  util.LeakDetector (LeakDetector.java:assertNoLeaks(171)) - 25/30) numLeaks == 5 > 0, will wait and retry ...
2024-10-20 10:45:53,003 [main] WARN  util.ReferenceCountedLeakDetector (ReferenceCountedLeakDetector.java:logLeakMessage(167)) - LEAK: (class org.apache.ratis.proto.RaftProtos$AppendEntriesRequestProto, count=2, value=serverRequest {
  requestorId: "s0"
  replyId: "s2"
  raftGroupId {
    id: "\375\210\024\357\262\375HY\244\207Ci\024Gb\025"
  }
}
leaderTerm: 10
previousLog {
  term: 9
  index: 16
}
leaderCommit: 16
commitInfos {
  server {
    id: "s0"
    address: "localhost:15252"
    dataStreamAddress: "localhost:15255"
    clientAddress: "localhost:15254"
    adminAddress: "localhost:15253"
    startupRole: FOLLOWER
  }
  commitIndex: 16
}
commitInfos {
  server {
    id: "s1"
    address: "localhost:15256"
    dataStreamAddress: "localhost:15259"
    clientAddress: "localhost:15258"
    adminAddress: "localhost:15257"
    startupRole: FOLLOWER
  }
  commitIndex: 16
}
commitInfos {
  server {
    id: "s2"
    address: "localhost:15260"
    dataStreamAddress: "localhost:15263"
    clientAddress: "localhost:15262"
    adminAddress: "localhost:15261"
    startupRole: FOLLOWER
  }
  commitIndex: 16
}
)
2024-10-20 10:45:53,004 [main] WARN  util.ReferenceCountedLeakDetector (ReferenceCountedLeakDetector.java:logLeakMessage(167)) - LEAK: (class org.apache.ratis.proto.RaftProtos$AppendEntriesRequestProto, count=3, value=serverRequest {
  requestorId: "s1"
  replyId: "s2"
  raftGroupId {
    id: "\375\210\024\357\262\375HY\244\207Ci\024Gb\025"
  }
  callId: 1
}
leaderTerm: 11
previousLog {
  term: 10
  index: 18
}
entries {
  term: 11
  index: 19
  configurationEntry {
    peers {
      id: "s0"
      address: "localhost:15252"
      dataStreamAddress: "localhost:15255"
      clientAddress: "localhost:15254"
      adminAddress: "localhost:15253"
      startupRole: FOLLOWER
    }
    peers {
      id: "s1"
      address: "localhost:15256"
      dataStreamAddress: "localhost:15259"
      clientAddress: "localhost:15258"
      adminAddress: "localhost:15257"
      startupRole: FOLLOWER
    }
    peers {
      id: "s2"
      address: "localhost:15260"
      dataStreamAddress: "localhost:15263"
      clientAddress: "localhost:15262"
      adminAddress: "localhost:15261"
      startupRole: FOLLOWER
    }
  }
}
leaderCommit: 17
commitInfos {
  server {
    id: "s1"
    address: "localhost:15256"
    dataStreamAddress: "localhost:15259"
    clientAddress: "localhost:15258"
    adminAddress: "localhost:15257"
    startupRole: FOLLOWER
  }
  commitIndex: 17
}
commitInfos {
  server {
    id: "s0"
    address: "localhost:15252"
    dataStreamAddress: "localhost:15255"
    clientAddress: "localhost:15254"
    adminAddress: "localhost:15253"
    startupRole: FOLLOWER
  }
  commitIndex: 17
}
commitInfos {
  server {
    id: "s2"
    address: "localhost:15260"
    dataStreamAddress: "localhost:15263"
    clientAddress: "localhost:15262"
    adminAddress: "localhost:15261"
    startupRole: FOLLOWER
  }
  commitIndex: 16
}
)
2024-10-20 10:45:53,004 [main] WARN  util.ReferenceCountedLeakDetector (ReferenceCountedLeakDetector.java:logLeakMessage(167)) - LEAK: (class org.apache.ratis.proto.RaftProtos$AppendEntriesRequestProto, count=3, value=serverRequest {
  requestorId: "s0"
  replyId: "s2"
  raftGroupId {
    id: "\375\210\024\357\262\375HY\244\207Ci\024Gb\025"
  }
  callId: 1
}
leaderTerm: 10
previousLog {
  term: 9
  index: 16
}
entries {
  term: 10
  index: 17
  configurationEntry {
    peers {
      id: "s0"
      address: "localhost:15252"
      dataStreamAddress: "localhost:15255"
      clientAddress: "localhost:15254"
      adminAddress: "localhost:15253"
      startupRole: FOLLOWER
    }
    peers {
      id: "s1"
      address: "localhost:15256"
      dataStreamAddress: "localhost:15259"
      clientAddress: "localhost:15258"
      adminAddress: "localhost:15257"
      startupRole: FOLLOWER
    }
    peers {
      id: "s2"
      address: "localhost:15260"
      dataStreamAddress: "localhost:15263"
      clientAddress: "localhost:15262"
      adminAddress: "localhost:15261"
      startupRole: FOLLOWER
    }
  }
}
leaderCommit: 16
commitInfos {
  server {
    id: "s0"
    address: "localhost:15252"
    dataStreamAddress: "localhost:15255"
    clientAddress: "localhost:15254"
    adminAddress: "localhost:15253"
    startupRole: FOLLOWER
  }
  commitIndex: 16
}
commitInfos {
  server {
    id: "s1"
    address: "localhost:15256"
    dataStreamAddress: "localhost:15259"
    clientAddress: "localhost:15258"
    adminAddress: "localhost:15257"
    startupRole: FOLLOWER
  }
  commitIndex: 16
}
commitInfos {
  server {
    id: "s2"
    address: "localhost:15260"
    dataStreamAddress: "localhost:15263"
    clientAddress: "localhost:15262"
    adminAddress: "localhost:15261"
    startupRole: FOLLOWER
  }
  commitIndex: 16
}
)
2024-10-20 10:45:53,004 [main] WARN  util.ReferenceCountedLeakDetector (ReferenceCountedLeakDetector.java:logLeakMessage(167)) - LEAK: (class org.apache.ratis.proto.RaftProtos$AppendEntriesRequestProto, count=2, value=serverRequest {
  requestorId: "s1"
  replyId: "s2"
  raftGroupId {
    id: "\375\210\024\357\262\375HY\244\207Ci\024Gb\025"
  }
  callId: 8
}
leaderTerm: 9
previousLog {
  term: 9
  index: 16
}
leaderCommit: 16
commitInfos {
  server {
    id: "s1"
    address: "localhost:15256"
    dataStreamAddress: "localhost:15259"
    clientAddress: "localhost:15258"
    adminAddress: "localhost:15257"
    startupRole: FOLLOWER
  }
  commitIndex: 16
}
commitInfos {
  server {
    id: "s0"
    address: "localhost:15252"
    dataStreamAddress: "localhost:15255"
    clientAddress: "localhost:15254"
    adminAddress: "localhost:15253"
    startupRole: FOLLOWER
  }
  commitIndex: 16
}
commitInfos {
  server {
    id: "s2"
    address: "localhost:15260"
    dataStreamAddress: "localhost:15263"
    clientAddress: "localhost:15262"
    adminAddress: "localhost:15261"
    startupRole: FOLLOWER
  }
  commitIndex: 16
}
)
2024-10-20 10:45:53,004 [main] WARN  util.ReferenceCountedLeakDetector (ReferenceCountedLeakDetector.java:logLeakMessage(167)) - LEAK: (class org.apache.ratis.proto.RaftProtos$AppendEntriesRequestProto, count=2, value=serverRequest {
  requestorId: "s1"
  replyId: "s2"
  raftGroupId {
    id: "\375\210\024\357\262\375HY\244\207Ci\024Gb\025"
  }
}
leaderTerm: 11
previousLog {
  term: 10
  index: 18
}
leaderCommit: 17
commitInfos {
  server {
    id: "s1"
    address: "localhost:15256"
    dataStreamAddress: "localhost:15259"
    clientAddress: "localhost:15258"
    adminAddress: "localhost:15257"
    startupRole: FOLLOWER
  }
  commitIndex: 17
}
commitInfos {
  server {
    id: "s0"
    address: "localhost:15252"
    dataStreamAddress: "localhost:15255"
    clientAddress: "localhost:15254"
    adminAddress: "localhost:15253"
    startupRole: FOLLOWER
  }
  commitIndex: 17
}
commitInfos {
  server {
    id: "s2"
    address: "localhost:15260"
    dataStreamAddress: "localhost:15263"
    clientAddress: "localhost:15262"
    adminAddress: "localhost:15261"
    startupRole: FOLLOWER
  }
  commitIndex: 16
}
)
2024-10-20 10:45:53,004 [main] WARN  util.LeakDetector (LeakDetector.java:assertNoLeaks(171)) - 26/30) numLeaks == 5 > 0, will wait and retry ...
2024-10-20 10:45:54,005 [main] WARN  util.ReferenceCountedLeakDetector (ReferenceCountedLeakDetector.java:logLeakMessage(167)) - LEAK: (class org.apache.ratis.proto.RaftProtos$AppendEntriesRequestProto, count=2, value=serverRequest {
  requestorId: "s0"
  replyId: "s2"
  raftGroupId {
    id: "\375\210\024\357\262\375HY\244\207Ci\024Gb\025"
  }
}
leaderTerm: 10
previousLog {
  term: 9
  index: 16
}
leaderCommit: 16
commitInfos {
  server {
    id: "s0"
    address: "localhost:15252"
    dataStreamAddress: "localhost:15255"
    clientAddress: "localhost:15254"
    adminAddress: "localhost:15253"
    startupRole: FOLLOWER
  }
  commitIndex: 16
}
commitInfos {
  server {
    id: "s1"
    address: "localhost:15256"
    dataStreamAddress: "localhost:15259"
    clientAddress: "localhost:15258"
    adminAddress: "localhost:15257"
    startupRole: FOLLOWER
  }
  commitIndex: 16
}
commitInfos {
  server {
    id: "s2"
    address: "localhost:15260"
    dataStreamAddress: "localhost:15263"
    clientAddress: "localhost:15262"
    adminAddress: "localhost:15261"
    startupRole: FOLLOWER
  }
  commitIndex: 16
}
)
2024-10-20 10:45:54,005 [main] WARN  util.ReferenceCountedLeakDetector (ReferenceCountedLeakDetector.java:logLeakMessage(167)) - LEAK: (class org.apache.ratis.proto.RaftProtos$AppendEntriesRequestProto, count=3, value=serverRequest {
  requestorId: "s1"
  replyId: "s2"
  raftGroupId {
    id: "\375\210\024\357\262\375HY\244\207Ci\024Gb\025"
  }
  callId: 1
}
leaderTerm: 11
previousLog {
  term: 10
  index: 18
}
entries {
  term: 11
  index: 19
  configurationEntry {
    peers {
      id: "s0"
      address: "localhost:15252"
      dataStreamAddress: "localhost:15255"
      clientAddress: "localhost:15254"
      adminAddress: "localhost:15253"
      startupRole: FOLLOWER
    }
    peers {
      id: "s1"
      address: "localhost:15256"
      dataStreamAddress: "localhost:15259"
      clientAddress: "localhost:15258"
      adminAddress: "localhost:15257"
      startupRole: FOLLOWER
    }
    peers {
      id: "s2"
      address: "localhost:15260"
      dataStreamAddress: "localhost:15263"
      clientAddress: "localhost:15262"
      adminAddress: "localhost:15261"
      startupRole: FOLLOWER
    }
  }
}
leaderCommit: 17
commitInfos {
  server {
    id: "s1"
    address: "localhost:15256"
    dataStreamAddress: "localhost:15259"
    clientAddress: "localhost:15258"
    adminAddress: "localhost:15257"
    startupRole: FOLLOWER
  }
  commitIndex: 17
}
commitInfos {
  server {
    id: "s0"
    address: "localhost:15252"
    dataStreamAddress: "localhost:15255"
    clientAddress: "localhost:15254"
    adminAddress: "localhost:15253"
    startupRole: FOLLOWER
  }
  commitIndex: 17
}
commitInfos {
  server {
    id: "s2"
    address: "localhost:15260"
    dataStreamAddress: "localhost:15263"
    clientAddress: "localhost:15262"
    adminAddress: "localhost:15261"
    startupRole: FOLLOWER
  }
  commitIndex: 16
}
)
2024-10-20 10:45:54,005 [main] WARN  util.ReferenceCountedLeakDetector (ReferenceCountedLeakDetector.java:logLeakMessage(167)) - LEAK: (class org.apache.ratis.proto.RaftProtos$AppendEntriesRequestProto, count=3, value=serverRequest {
  requestorId: "s0"
  replyId: "s2"
  raftGroupId {
    id: "\375\210\024\357\262\375HY\244\207Ci\024Gb\025"
  }
  callId: 1
}
leaderTerm: 10
previousLog {
  term: 9
  index: 16
}
entries {
  term: 10
  index: 17
  configurationEntry {
    peers {
      id: "s0"
      address: "localhost:15252"
      dataStreamAddress: "localhost:15255"
      clientAddress: "localhost:15254"
      adminAddress: "localhost:15253"
      startupRole: FOLLOWER
    }
    peers {
      id: "s1"
      address: "localhost:15256"
      dataStreamAddress: "localhost:15259"
      clientAddress: "localhost:15258"
      adminAddress: "localhost:15257"
      startupRole: FOLLOWER
    }
    peers {
      id: "s2"
      address: "localhost:15260"
      dataStreamAddress: "localhost:15263"
      clientAddress: "localhost:15262"
      adminAddress: "localhost:15261"
      startupRole: FOLLOWER
    }
  }
}
leaderCommit: 16
commitInfos {
  server {
    id: "s0"
    address: "localhost:15252"
    dataStreamAddress: "localhost:15255"
    clientAddress: "localhost:15254"
    adminAddress: "localhost:15253"
    startupRole: FOLLOWER
  }
  commitIndex: 16
}
commitInfos {
  server {
    id: "s1"
    address: "localhost:15256"
    dataStreamAddress: "localhost:15259"
    clientAddress: "localhost:15258"
    adminAddress: "localhost:15257"
    startupRole: FOLLOWER
  }
  commitIndex: 16
}
commitInfos {
  server {
    id: "s2"
    address: "localhost:15260"
    dataStreamAddress: "localhost:15263"
    clientAddress: "localhost:15262"
    adminAddress: "localhost:15261"
    startupRole: FOLLOWER
  }
  commitIndex: 16
}
)
2024-10-20 10:45:54,005 [main] WARN  util.ReferenceCountedLeakDetector (ReferenceCountedLeakDetector.java:logLeakMessage(167)) - LEAK: (class org.apache.ratis.proto.RaftProtos$AppendEntriesRequestProto, count=2, value=serverRequest {
  requestorId: "s1"
  replyId: "s2"
  raftGroupId {
    id: "\375\210\024\357\262\375HY\244\207Ci\024Gb\025"
  }
  callId: 8
}
leaderTerm: 9
previousLog {
  term: 9
  index: 16
}
leaderCommit: 16
commitInfos {
  server {
    id: "s1"
    address: "localhost:15256"
    dataStreamAddress: "localhost:15259"
    clientAddress: "localhost:15258"
    adminAddress: "localhost:15257"
    startupRole: FOLLOWER
  }
  commitIndex: 16
}
commitInfos {
  server {
    id: "s0"
    address: "localhost:15252"
    dataStreamAddress: "localhost:15255"
    clientAddress: "localhost:15254"
    adminAddress: "localhost:15253"
    startupRole: FOLLOWER
  }
  commitIndex: 16
}
commitInfos {
  server {
    id: "s2"
    address: "localhost:15260"
    dataStreamAddress: "localhost:15263"
    clientAddress: "localhost:15262"
    adminAddress: "localhost:15261"
    startupRole: FOLLOWER
  }
  commitIndex: 16
}
)
2024-10-20 10:45:54,005 [main] WARN  util.ReferenceCountedLeakDetector (ReferenceCountedLeakDetector.java:logLeakMessage(167)) - LEAK: (class org.apache.ratis.proto.RaftProtos$AppendEntriesRequestProto, count=2, value=serverRequest {
  requestorId: "s1"
  replyId: "s2"
  raftGroupId {
    id: "\375\210\024\357\262\375HY\244\207Ci\024Gb\025"
  }
}
leaderTerm: 11
previousLog {
  term: 10
  index: 18
}
leaderCommit: 17
commitInfos {
  server {
    id: "s1"
    address: "localhost:15256"
    dataStreamAddress: "localhost:15259"
    clientAddress: "localhost:15258"
    adminAddress: "localhost:15257"
    startupRole: FOLLOWER
  }
  commitIndex: 17
}
commitInfos {
  server {
    id: "s0"
    address: "localhost:15252"
    dataStreamAddress: "localhost:15255"
    clientAddress: "localhost:15254"
    adminAddress: "localhost:15253"
    startupRole: FOLLOWER
  }
  commitIndex: 17
}
commitInfos {
  server {
    id: "s2"
    address: "localhost:15260"
    dataStreamAddress: "localhost:15263"
    clientAddress: "localhost:15262"
    adminAddress: "localhost:15261"
    startupRole: FOLLOWER
  }
  commitIndex: 16
}
)
2024-10-20 10:45:54,005 [main] WARN  util.LeakDetector (LeakDetector.java:assertNoLeaks(171)) - 27/30) numLeaks == 5 > 0, will wait and retry ...
2024-10-20 10:45:55,006 [main] WARN  util.ReferenceCountedLeakDetector (ReferenceCountedLeakDetector.java:logLeakMessage(167)) - LEAK: (class org.apache.ratis.proto.RaftProtos$AppendEntriesRequestProto, count=2, value=serverRequest {
  requestorId: "s0"
  replyId: "s2"
  raftGroupId {
    id: "\375\210\024\357\262\375HY\244\207Ci\024Gb\025"
  }
}
leaderTerm: 10
previousLog {
  term: 9
  index: 16
}
leaderCommit: 16
commitInfos {
  server {
    id: "s0"
    address: "localhost:15252"
    dataStreamAddress: "localhost:15255"
    clientAddress: "localhost:15254"
    adminAddress: "localhost:15253"
    startupRole: FOLLOWER
  }
  commitIndex: 16
}
commitInfos {
  server {
    id: "s1"
    address: "localhost:15256"
    dataStreamAddress: "localhost:15259"
    clientAddress: "localhost:15258"
    adminAddress: "localhost:15257"
    startupRole: FOLLOWER
  }
  commitIndex: 16
}
commitInfos {
  server {
    id: "s2"
    address: "localhost:15260"
    dataStreamAddress: "localhost:15263"
    clientAddress: "localhost:15262"
    adminAddress: "localhost:15261"
    startupRole: FOLLOWER
  }
  commitIndex: 16
}
)
2024-10-20 10:45:55,006 [main] WARN  util.ReferenceCountedLeakDetector (ReferenceCountedLeakDetector.java:logLeakMessage(167)) - LEAK: (class org.apache.ratis.proto.RaftProtos$AppendEntriesRequestProto, count=3, value=serverRequest {
  requestorId: "s1"
  replyId: "s2"
  raftGroupId {
    id: "\375\210\024\357\262\375HY\244\207Ci\024Gb\025"
  }
  callId: 1
}
leaderTerm: 11
previousLog {
  term: 10
  index: 18
}
entries {
  term: 11
  index: 19
  configurationEntry {
    peers {
      id: "s0"
      address: "localhost:15252"
      dataStreamAddress: "localhost:15255"
      clientAddress: "localhost:15254"
      adminAddress: "localhost:15253"
      startupRole: FOLLOWER
    }
    peers {
      id: "s1"
      address: "localhost:15256"
      dataStreamAddress: "localhost:15259"
      clientAddress: "localhost:15258"
      adminAddress: "localhost:15257"
      startupRole: FOLLOWER
    }
    peers {
      id: "s2"
      address: "localhost:15260"
      dataStreamAddress: "localhost:15263"
      clientAddress: "localhost:15262"
      adminAddress: "localhost:15261"
      startupRole: FOLLOWER
    }
  }
}
leaderCommit: 17
commitInfos {
  server {
    id: "s1"
    address: "localhost:15256"
    dataStreamAddress: "localhost:15259"
    clientAddress: "localhost:15258"
    adminAddress: "localhost:15257"
    startupRole: FOLLOWER
  }
  commitIndex: 17
}
commitInfos {
  server {
    id: "s0"
    address: "localhost:15252"
    dataStreamAddress: "localhost:15255"
    clientAddress: "localhost:15254"
    adminAddress: "localhost:15253"
    startupRole: FOLLOWER
  }
  commitIndex: 17
}
commitInfos {
  server {
    id: "s2"
    address: "localhost:15260"
    dataStreamAddress: "localhost:15263"
    clientAddress: "localhost:15262"
    adminAddress: "localhost:15261"
    startupRole: FOLLOWER
  }
  commitIndex: 16
}
)
2024-10-20 10:45:55,006 [main] WARN  util.ReferenceCountedLeakDetector (ReferenceCountedLeakDetector.java:logLeakMessage(167)) - LEAK: (class org.apache.ratis.proto.RaftProtos$AppendEntriesRequestProto, count=3, value=serverRequest {
  requestorId: "s0"
  replyId: "s2"
  raftGroupId {
    id: "\375\210\024\357\262\375HY\244\207Ci\024Gb\025"
  }
  callId: 1
}
leaderTerm: 10
previousLog {
  term: 9
  index: 16
}
entries {
  term: 10
  index: 17
  configurationEntry {
    peers {
      id: "s0"
      address: "localhost:15252"
      dataStreamAddress: "localhost:15255"
      clientAddress: "localhost:15254"
      adminAddress: "localhost:15253"
      startupRole: FOLLOWER
    }
    peers {
      id: "s1"
      address: "localhost:15256"
      dataStreamAddress: "localhost:15259"
      clientAddress: "localhost:15258"
      adminAddress: "localhost:15257"
      startupRole: FOLLOWER
    }
    peers {
      id: "s2"
      address: "localhost:15260"
      dataStreamAddress: "localhost:15263"
      clientAddress: "localhost:15262"
      adminAddress: "localhost:15261"
      startupRole: FOLLOWER
    }
  }
}
leaderCommit: 16
commitInfos {
  server {
    id: "s0"
    address: "localhost:15252"
    dataStreamAddress: "localhost:15255"
    clientAddress: "localhost:15254"
    adminAddress: "localhost:15253"
    startupRole: FOLLOWER
  }
  commitIndex: 16
}
commitInfos {
  server {
    id: "s1"
    address: "localhost:15256"
    dataStreamAddress: "localhost:15259"
    clientAddress: "localhost:15258"
    adminAddress: "localhost:15257"
    startupRole: FOLLOWER
  }
  commitIndex: 16
}
commitInfos {
  server {
    id: "s2"
    address: "localhost:15260"
    dataStreamAddress: "localhost:15263"
    clientAddress: "localhost:15262"
    adminAddress: "localhost:15261"
    startupRole: FOLLOWER
  }
  commitIndex: 16
}
)
2024-10-20 10:45:55,006 [main] WARN  util.ReferenceCountedLeakDetector (ReferenceCountedLeakDetector.java:logLeakMessage(167)) - LEAK: (class org.apache.ratis.proto.RaftProtos$AppendEntriesRequestProto, count=2, value=serverRequest {
  requestorId: "s1"
  replyId: "s2"
  raftGroupId {
    id: "\375\210\024\357\262\375HY\244\207Ci\024Gb\025"
  }
  callId: 8
}
leaderTerm: 9
previousLog {
  term: 9
  index: 16
}
leaderCommit: 16
commitInfos {
  server {
    id: "s1"
    address: "localhost:15256"
    dataStreamAddress: "localhost:15259"
    clientAddress: "localhost:15258"
    adminAddress: "localhost:15257"
    startupRole: FOLLOWER
  }
  commitIndex: 16
}
commitInfos {
  server {
    id: "s0"
    address: "localhost:15252"
    dataStreamAddress: "localhost:15255"
    clientAddress: "localhost:15254"
    adminAddress: "localhost:15253"
    startupRole: FOLLOWER
  }
  commitIndex: 16
}
commitInfos {
  server {
    id: "s2"
    address: "localhost:15260"
    dataStreamAddress: "localhost:15263"
    clientAddress: "localhost:15262"
    adminAddress: "localhost:15261"
    startupRole: FOLLOWER
  }
  commitIndex: 16
}
)
2024-10-20 10:45:55,006 [main] WARN  util.ReferenceCountedLeakDetector (ReferenceCountedLeakDetector.java:logLeakMessage(167)) - LEAK: (class org.apache.ratis.proto.RaftProtos$AppendEntriesRequestProto, count=2, value=serverRequest {
  requestorId: "s1"
  replyId: "s2"
  raftGroupId {
    id: "\375\210\024\357\262\375HY\244\207Ci\024Gb\025"
  }
}
leaderTerm: 11
previousLog {
  term: 10
  index: 18
}
leaderCommit: 17
commitInfos {
  server {
    id: "s1"
    address: "localhost:15256"
    dataStreamAddress: "localhost:15259"
    clientAddress: "localhost:15258"
    adminAddress: "localhost:15257"
    startupRole: FOLLOWER
  }
  commitIndex: 17
}
commitInfos {
  server {
    id: "s0"
    address: "localhost:15252"
    dataStreamAddress: "localhost:15255"
    clientAddress: "localhost:15254"
    adminAddress: "localhost:15253"
    startupRole: FOLLOWER
  }
  commitIndex: 17
}
commitInfos {
  server {
    id: "s2"
    address: "localhost:15260"
    dataStreamAddress: "localhost:15263"
    clientAddress: "localhost:15262"
    adminAddress: "localhost:15261"
    startupRole: FOLLOWER
  }
  commitIndex: 16
}
)
2024-10-20 10:45:55,006 [main] WARN  util.LeakDetector (LeakDetector.java:assertNoLeaks(171)) - 28/30) numLeaks == 5 > 0, will wait and retry ...
2024-10-20 10:45:56,007 [main] WARN  util.ReferenceCountedLeakDetector (ReferenceCountedLeakDetector.java:logLeakMessage(167)) - LEAK: (class org.apache.ratis.proto.RaftProtos$AppendEntriesRequestProto, count=2, value=serverRequest {
  requestorId: "s0"
  replyId: "s2"
  raftGroupId {
    id: "\375\210\024\357\262\375HY\244\207Ci\024Gb\025"
  }
}
leaderTerm: 10
previousLog {
  term: 9
  index: 16
}
leaderCommit: 16
commitInfos {
  server {
    id: "s0"
    address: "localhost:15252"
    dataStreamAddress: "localhost:15255"
    clientAddress: "localhost:15254"
    adminAddress: "localhost:15253"
    startupRole: FOLLOWER
  }
  commitIndex: 16
}
commitInfos {
  server {
    id: "s1"
    address: "localhost:15256"
    dataStreamAddress: "localhost:15259"
    clientAddress: "localhost:15258"
    adminAddress: "localhost:15257"
    startupRole: FOLLOWER
  }
  commitIndex: 16
}
commitInfos {
  server {
    id: "s2"
    address: "localhost:15260"
    dataStreamAddress: "localhost:15263"
    clientAddress: "localhost:15262"
    adminAddress: "localhost:15261"
    startupRole: FOLLOWER
  }
  commitIndex: 16
}
)
2024-10-20 10:45:56,007 [main] WARN  util.ReferenceCountedLeakDetector (ReferenceCountedLeakDetector.java:logLeakMessage(167)) - LEAK: (class org.apache.ratis.proto.RaftProtos$AppendEntriesRequestProto, count=3, value=serverRequest {
  requestorId: "s1"
  replyId: "s2"
  raftGroupId {
    id: "\375\210\024\357\262\375HY\244\207Ci\024Gb\025"
  }
  callId: 1
}
leaderTerm: 11
previousLog {
  term: 10
  index: 18
}
entries {
  term: 11
  index: 19
  configurationEntry {
    peers {
      id: "s0"
      address: "localhost:15252"
      dataStreamAddress: "localhost:15255"
      clientAddress: "localhost:15254"
      adminAddress: "localhost:15253"
      startupRole: FOLLOWER
    }
    peers {
      id: "s1"
      address: "localhost:15256"
      dataStreamAddress: "localhost:15259"
      clientAddress: "localhost:15258"
      adminAddress: "localhost:15257"
      startupRole: FOLLOWER
    }
    peers {
      id: "s2"
      address: "localhost:15260"
      dataStreamAddress: "localhost:15263"
      clientAddress: "localhost:15262"
      adminAddress: "localhost:15261"
      startupRole: FOLLOWER
    }
  }
}
leaderCommit: 17
commitInfos {
  server {
    id: "s1"
    address: "localhost:15256"
    dataStreamAddress: "localhost:15259"
    clientAddress: "localhost:15258"
    adminAddress: "localhost:15257"
    startupRole: FOLLOWER
  }
  commitIndex: 17
}
commitInfos {
  server {
    id: "s0"
    address: "localhost:15252"
    dataStreamAddress: "localhost:15255"
    clientAddress: "localhost:15254"
    adminAddress: "localhost:15253"
    startupRole: FOLLOWER
  }
  commitIndex: 17
}
commitInfos {
  server {
    id: "s2"
    address: "localhost:15260"
    dataStreamAddress: "localhost:15263"
    clientAddress: "localhost:15262"
    adminAddress: "localhost:15261"
    startupRole: FOLLOWER
  }
  commitIndex: 16
}
)
2024-10-20 10:45:56,007 [main] WARN  util.ReferenceCountedLeakDetector (ReferenceCountedLeakDetector.java:logLeakMessage(167)) - LEAK: (class org.apache.ratis.proto.RaftProtos$AppendEntriesRequestProto, count=3, value=serverRequest {
  requestorId: "s0"
  replyId: "s2"
  raftGroupId {
    id: "\375\210\024\357\262\375HY\244\207Ci\024Gb\025"
  }
  callId: 1
}
leaderTerm: 10
previousLog {
  term: 9
  index: 16
}
entries {
  term: 10
  index: 17
  configurationEntry {
    peers {
      id: "s0"
      address: "localhost:15252"
      dataStreamAddress: "localhost:15255"
      clientAddress: "localhost:15254"
      adminAddress: "localhost:15253"
      startupRole: FOLLOWER
    }
    peers {
      id: "s1"
      address: "localhost:15256"
      dataStreamAddress: "localhost:15259"
      clientAddress: "localhost:15258"
      adminAddress: "localhost:15257"
      startupRole: FOLLOWER
    }
    peers {
      id: "s2"
      address: "localhost:15260"
      dataStreamAddress: "localhost:15263"
      clientAddress: "localhost:15262"
      adminAddress: "localhost:15261"
      startupRole: FOLLOWER
    }
  }
}
leaderCommit: 16
commitInfos {
  server {
    id: "s0"
    address: "localhost:15252"
    dataStreamAddress: "localhost:15255"
    clientAddress: "localhost:15254"
    adminAddress: "localhost:15253"
    startupRole: FOLLOWER
  }
  commitIndex: 16
}
commitInfos {
  server {
    id: "s1"
    address: "localhost:15256"
    dataStreamAddress: "localhost:15259"
    clientAddress: "localhost:15258"
    adminAddress: "localhost:15257"
    startupRole: FOLLOWER
  }
  commitIndex: 16
}
commitInfos {
  server {
    id: "s2"
    address: "localhost:15260"
    dataStreamAddress: "localhost:15263"
    clientAddress: "localhost:15262"
    adminAddress: "localhost:15261"
    startupRole: FOLLOWER
  }
  commitIndex: 16
}
)
2024-10-20 10:45:56,007 [main] WARN  util.ReferenceCountedLeakDetector (ReferenceCountedLeakDetector.java:logLeakMessage(167)) - LEAK: (class org.apache.ratis.proto.RaftProtos$AppendEntriesRequestProto, count=2, value=serverRequest {
  requestorId: "s1"
  replyId: "s2"
  raftGroupId {
    id: "\375\210\024\357\262\375HY\244\207Ci\024Gb\025"
  }
  callId: 8
}
leaderTerm: 9
previousLog {
  term: 9
  index: 16
}
leaderCommit: 16
commitInfos {
  server {
    id: "s1"
    address: "localhost:15256"
    dataStreamAddress: "localhost:15259"
    clientAddress: "localhost:15258"
    adminAddress: "localhost:15257"
    startupRole: FOLLOWER
  }
  commitIndex: 16
}
commitInfos {
  server {
    id: "s0"
    address: "localhost:15252"
    dataStreamAddress: "localhost:15255"
    clientAddress: "localhost:15254"
    adminAddress: "localhost:15253"
    startupRole: FOLLOWER
  }
  commitIndex: 16
}
commitInfos {
  server {
    id: "s2"
    address: "localhost:15260"
    dataStreamAddress: "localhost:15263"
    clientAddress: "localhost:15262"
    adminAddress: "localhost:15261"
    startupRole: FOLLOWER
  }
  commitIndex: 16
}
)
2024-10-20 10:45:56,007 [main] WARN  util.ReferenceCountedLeakDetector (ReferenceCountedLeakDetector.java:logLeakMessage(167)) - LEAK: (class org.apache.ratis.proto.RaftProtos$AppendEntriesRequestProto, count=2, value=serverRequest {
  requestorId: "s1"
  replyId: "s2"
  raftGroupId {
    id: "\375\210\024\357\262\375HY\244\207Ci\024Gb\025"
  }
}
leaderTerm: 11
previousLog {
  term: 10
  index: 18
}
leaderCommit: 17
commitInfos {
  server {
    id: "s1"
    address: "localhost:15256"
    dataStreamAddress: "localhost:15259"
    clientAddress: "localhost:15258"
    adminAddress: "localhost:15257"
    startupRole: FOLLOWER
  }
  commitIndex: 17
}
commitInfos {
  server {
    id: "s0"
    address: "localhost:15252"
    dataStreamAddress: "localhost:15255"
    clientAddress: "localhost:15254"
    adminAddress: "localhost:15253"
    startupRole: FOLLOWER
  }
  commitIndex: 17
}
commitInfos {
  server {
    id: "s2"
    address: "localhost:15260"
    dataStreamAddress: "localhost:15263"
    clientAddress: "localhost:15262"
    adminAddress: "localhost:15261"
    startupRole: FOLLOWER
  }
  commitIndex: 16
}
)
2024-10-20 10:45:56,007 [main] WARN  util.LeakDetector (LeakDetector.java:assertNoLeaks(171)) - 29/30) numLeaks == 5 > 0, will wait and retry ...
2024-10-20 10:45:57,008 [main] WARN  util.ReferenceCountedLeakDetector (ReferenceCountedLeakDetector.java:logLeakMessage(167)) - LEAK: (class org.apache.ratis.proto.RaftProtos$AppendEntriesRequestProto, count=2, value=serverRequest {
  requestorId: "s0"
  replyId: "s2"
  raftGroupId {
    id: "\375\210\024\357\262\375HY\244\207Ci\024Gb\025"
  }
}
leaderTerm: 10
previousLog {
  term: 9
  index: 16
}
leaderCommit: 16
commitInfos {
  server {
    id: "s0"
    address: "localhost:15252"
    dataStreamAddress: "localhost:15255"
    clientAddress: "localhost:15254"
    adminAddress: "localhost:15253"
    startupRole: FOLLOWER
  }
  commitIndex: 16
}
commitInfos {
  server {
    id: "s1"
    address: "localhost:15256"
    dataStreamAddress: "localhost:15259"
    clientAddress: "localhost:15258"
    adminAddress: "localhost:15257"
    startupRole: FOLLOWER
  }
  commitIndex: 16
}
commitInfos {
  server {
    id: "s2"
    address: "localhost:15260"
    dataStreamAddress: "localhost:15263"
    clientAddress: "localhost:15262"
    adminAddress: "localhost:15261"
    startupRole: FOLLOWER
  }
  commitIndex: 16
}
)
2024-10-20 10:45:57,008 [main] WARN  util.ReferenceCountedLeakDetector (ReferenceCountedLeakDetector.java:logLeakMessage(167)) - LEAK: (class org.apache.ratis.proto.RaftProtos$AppendEntriesRequestProto, count=3, value=serverRequest {
  requestorId: "s1"
  replyId: "s2"
  raftGroupId {
    id: "\375\210\024\357\262\375HY\244\207Ci\024Gb\025"
  }
  callId: 1
}
leaderTerm: 11
previousLog {
  term: 10
  index: 18
}
entries {
  term: 11
  index: 19
  configurationEntry {
    peers {
      id: "s0"
      address: "localhost:15252"
      dataStreamAddress: "localhost:15255"
      clientAddress: "localhost:15254"
      adminAddress: "localhost:15253"
      startupRole: FOLLOWER
    }
    peers {
      id: "s1"
      address: "localhost:15256"
      dataStreamAddress: "localhost:15259"
      clientAddress: "localhost:15258"
      adminAddress: "localhost:15257"
      startupRole: FOLLOWER
    }
    peers {
      id: "s2"
      address: "localhost:15260"
      dataStreamAddress: "localhost:15263"
      clientAddress: "localhost:15262"
      adminAddress: "localhost:15261"
      startupRole: FOLLOWER
    }
  }
}
leaderCommit: 17
commitInfos {
  server {
    id: "s1"
    address: "localhost:15256"
    dataStreamAddress: "localhost:15259"
    clientAddress: "localhost:15258"
    adminAddress: "localhost:15257"
    startupRole: FOLLOWER
  }
  commitIndex: 17
}
commitInfos {
  server {
    id: "s0"
    address: "localhost:15252"
    dataStreamAddress: "localhost:15255"
    clientAddress: "localhost:15254"
    adminAddress: "localhost:15253"
    startupRole: FOLLOWER
  }
  commitIndex: 17
}
commitInfos {
  server {
    id: "s2"
    address: "localhost:15260"
    dataStreamAddress: "localhost:15263"
    clientAddress: "localhost:15262"
    adminAddress: "localhost:15261"
    startupRole: FOLLOWER
  }
  commitIndex: 16
}
)
2024-10-20 10:45:57,008 [main] WARN  util.ReferenceCountedLeakDetector (ReferenceCountedLeakDetector.java:logLeakMessage(167)) - LEAK: (class org.apache.ratis.proto.RaftProtos$AppendEntriesRequestProto, count=3, value=serverRequest {
  requestorId: "s0"
  replyId: "s2"
  raftGroupId {
    id: "\375\210\024\357\262\375HY\244\207Ci\024Gb\025"
  }
  callId: 1
}
leaderTerm: 10
previousLog {
  term: 9
  index: 16
}
entries {
  term: 10
  index: 17
  configurationEntry {
    peers {
      id: "s0"
      address: "localhost:15252"
      dataStreamAddress: "localhost:15255"
      clientAddress: "localhost:15254"
      adminAddress: "localhost:15253"
      startupRole: FOLLOWER
    }
    peers {
      id: "s1"
      address: "localhost:15256"
      dataStreamAddress: "localhost:15259"
      clientAddress: "localhost:15258"
      adminAddress: "localhost:15257"
      startupRole: FOLLOWER
    }
    peers {
      id: "s2"
      address: "localhost:15260"
      dataStreamAddress: "localhost:15263"
      clientAddress: "localhost:15262"
      adminAddress: "localhost:15261"
      startupRole: FOLLOWER
    }
  }
}
leaderCommit: 16
commitInfos {
  server {
    id: "s0"
    address: "localhost:15252"
    dataStreamAddress: "localhost:15255"
    clientAddress: "localhost:15254"
    adminAddress: "localhost:15253"
    startupRole: FOLLOWER
  }
  commitIndex: 16
}
commitInfos {
  server {
    id: "s1"
    address: "localhost:15256"
    dataStreamAddress: "localhost:15259"
    clientAddress: "localhost:15258"
    adminAddress: "localhost:15257"
    startupRole: FOLLOWER
  }
  commitIndex: 16
}
commitInfos {
  server {
    id: "s2"
    address: "localhost:15260"
    dataStreamAddress: "localhost:15263"
    clientAddress: "localhost:15262"
    adminAddress: "localhost:15261"
    startupRole: FOLLOWER
  }
  commitIndex: 16
}
)
2024-10-20 10:45:57,008 [main] WARN  util.ReferenceCountedLeakDetector (ReferenceCountedLeakDetector.java:logLeakMessage(167)) - LEAK: (class org.apache.ratis.proto.RaftProtos$AppendEntriesRequestProto, count=2, value=serverRequest {
  requestorId: "s1"
  replyId: "s2"
  raftGroupId {
    id: "\375\210\024\357\262\375HY\244\207Ci\024Gb\025"
  }
  callId: 8
}
leaderTerm: 9
previousLog {
  term: 9
  index: 16
}
leaderCommit: 16
commitInfos {
  server {
    id: "s1"
    address: "localhost:15256"
    dataStreamAddress: "localhost:15259"
    clientAddress: "localhost:15258"
    adminAddress: "localhost:15257"
    startupRole: FOLLOWER
  }
  commitIndex: 16
}
commitInfos {
  server {
    id: "s0"
    address: "localhost:15252"
    dataStreamAddress: "localhost:15255"
    clientAddress: "localhost:15254"
    adminAddress: "localhost:15253"
    startupRole: FOLLOWER
  }
  commitIndex: 16
}
commitInfos {
  server {
    id: "s2"
    address: "localhost:15260"
    dataStreamAddress: "localhost:15263"
    clientAddress: "localhost:15262"
    adminAddress: "localhost:15261"
    startupRole: FOLLOWER
  }
  commitIndex: 16
}
)
2024-10-20 10:45:57,008 [main] WARN  util.ReferenceCountedLeakDetector (ReferenceCountedLeakDetector.java:logLeakMessage(167)) - LEAK: (class org.apache.ratis.proto.RaftProtos$AppendEntriesRequestProto, count=2, value=serverRequest {
  requestorId: "s1"
  replyId: "s2"
  raftGroupId {
    id: "\375\210\024\357\262\375HY\244\207Ci\024Gb\025"
  }
}
leaderTerm: 11
previousLog {
  term: 10
  index: 18
}
leaderCommit: 17
commitInfos {
  server {
    id: "s1"
    address: "localhost:15256"
    dataStreamAddress: "localhost:15259"
    clientAddress: "localhost:15258"
    adminAddress: "localhost:15257"
    startupRole: FOLLOWER
  }
  commitIndex: 17
}
commitInfos {
  server {
    id: "s0"
    address: "localhost:15252"
    dataStreamAddress: "localhost:15255"
    clientAddress: "localhost:15254"
    adminAddress: "localhost:15253"
    startupRole: FOLLOWER
  }
  commitIndex: 17
}
commitInfos {
  server {
    id: "s2"
    address: "localhost:15260"
    dataStreamAddress: "localhost:15263"
    clientAddress: "localhost:15262"
    adminAddress: "localhost:15261"
    startupRole: FOLLOWER
  }
  commitIndex: 16
}
)
]]></system-out>
  </testcase>
  <testcase name="testShutdownBeforeStart" classname="org.apache.ratis.grpc.TestLeaderElectionWithGrpc" time="1.29"/>
  <testcase name="testLeaderLease" classname="org.apache.ratis.grpc.TestLeaderElectionWithGrpc" time="31.881">
    <error type="java.lang.IllegalStateException"><![CDATA[java.lang.IllegalStateException: #leaks = 5 > 0, #leaks == set.size = 5
	at org.apache.ratis.util.Preconditions.assertTrue(Preconditions.java:77)
	at org.apache.ratis.util.LeakDetector$LeakTrackerSet.assertNoLeaks(LeakDetector.java:100)
	at org.apache.ratis.util.LeakDetector$LeakTrackerSet.getNumLeaks(LeakDetector.java:94)
	at org.apache.ratis.util.LeakDetector.assertNoLeaks(LeakDetector.java:174)
	at org.apache.ratis.server.impl.MiniRaftCluster.shutdown(MiniRaftCluster.java:894)
	at org.apache.ratis.grpc.MiniRaftClusterWithGrpc.shutdown(MiniRaftClusterWithGrpc.java:97)
	at org.apache.ratis.server.impl.MiniRaftCluster$Factory$Get.runWithNewCluster(MiniRaftCluster.java:152)
	at org.apache.ratis.server.impl.MiniRaftCluster$Factory$Get.runWithNewCluster(MiniRaftCluster.java:121)
	at org.apache.ratis.server.impl.LeaderElectionTests.testLeaderLease(LeaderElectionTests.java:709)
	at java.lang.reflect.Method.invoke(Method.java:498)
	at java.util.ArrayList.forEach(ArrayList.java:1259)
	at java.util.ArrayList.forEach(ArrayList.java:1259)
]]></error>
    <system-out><![CDATA[2024-10-20 10:45:58,302 [main] INFO  util.LogUtils (Slf4jUtils.java:setLogLevel(38)) - Successfully set org.apache.ratis.conf.ConfUtils log level to WARN
2024-10-20 10:45:58,302 [main] INFO  util.LogUtils (Slf4jUtils.java:setLogLevel(38)) - Successfully set org.apache.ratis.util.FileUtils log level to TRACE
2024-10-20 10:45:58,303 [main] INFO  util.LogUtils (Slf4jUtils.java:setLogLevel(38)) - Successfully set org.apache.ratis.server.RaftServer$Division log level to DEBUG
2024-10-20 10:45:58,303 [main] INFO  util.LogUtils (Slf4jUtils.java:setLogLevel(38)) - Successfully set org.apache.ratis.client.RaftClient log level to DEBUG
2024-10-20 10:45:58,306 [main] INFO  impl.MiniRaftCluster (MiniRaftCluster.java:runWithNewCluster(137)) - Running runWithNewCluster
2024-10-20 10:45:58,308 [main] INFO  impl.MiniRaftCluster (MiniRaftCluster.java:<init>(319)) - new MiniRaftClusterWithGrpc with group-6C7A98F62AAB:[s0|localhost:15276, s1|localhost:15280, s2|localhost:15284]
2024-10-20 10:45:58,308 [main] INFO  impl.MiniRaftCluster (MiniRaftCluster.java:start(352)) - .............................................................. 
2024-10-20 10:45:58,308 [main] INFO  impl.MiniRaftCluster (MiniRaftCluster.java:start(353)) - ... 
2024-10-20 10:45:58,308 [main] INFO  impl.MiniRaftCluster (MiniRaftCluster.java:start(354)) - ...     Starting MiniRaftClusterWithGrpc
2024-10-20 10:45:58,309 [main] INFO  impl.MiniRaftCluster (MiniRaftCluster.java:start(355)) - ... 
2024-10-20 10:45:58,309 [main] INFO  impl.MiniRaftCluster (MiniRaftCluster.java:start(356)) - .............................................................. 
2024-10-20 10:45:58,309 [main] INFO  impl.MiniRaftCluster (MiniRaftCluster.java:initServers(331)) - servers = {}
2024-10-20 10:45:58,309 [main] INFO  impl.MiniRaftCluster (MiniRaftCluster.java:newRaftServer(396)) - newRaftServer: s0, group-6C7A98F62AAB:[s0|localhost:15276, s1|localhost:15280, s2|localhost:15284], format? true
2024-10-20 10:45:58,310 [main] TRACE util.FileUtils (FileUtils.java:deleteFully(305)) - deleteFully target/test/data/d69430f5/MiniRaftClusterWithGrpcc931c4f4/s0
2024-10-20 10:45:58,310 [main] TRACE util.FileUtils (FileUtils.java:deleteFully(318)) - deleteFully: target/test/data/d69430f5/MiniRaftClusterWithGrpcc931c4f4/s0 does not exist.
2024-10-20 10:45:58,311 [main] INFO  impl.MiniRaftCluster (MiniRaftCluster.java:newRaftServer(401)) - Formatted directory target/test/data/d69430f5/MiniRaftClusterWithGrpcc931c4f4/s0
2024-10-20 10:45:58,313 [main] INFO  server.RaftServer (ConfUtils.java:logGet(46)) - raft.rpc.type = GRPC (default)
2024-10-20 10:45:58,313 [main] INFO  grpc.GrpcConfigKeys (ConfUtils.java:logFallback(53)) - raft.grpc.admin.host = null (fallback to raft.grpc.server.host)
2024-10-20 10:45:58,314 [main] INFO  grpc.GrpcConfigKeys (ConfUtils.java:logGet(46)) - raft.grpc.admin.port = 15277 (custom)
2024-10-20 10:45:58,314 [main] INFO  grpc.GrpcConfigKeys (ConfUtils.java:logFallback(53)) - raft.grpc.client.host = null (fallback to raft.grpc.server.host)
2024-10-20 10:45:58,315 [main] INFO  grpc.GrpcConfigKeys (ConfUtils.java:logGet(46)) - raft.grpc.client.port = 15278 (custom)
2024-10-20 10:45:58,315 [main] INFO  grpc.GrpcConfigKeys (ConfUtils.java:logGet(46)) - raft.grpc.server.host = null (default)
2024-10-20 10:45:58,316 [main] INFO  grpc.GrpcConfigKeys (ConfUtils.java:logGet(46)) - raft.grpc.server.port = 15276 (custom)
2024-10-20 10:45:58,316 [main] INFO  server.GrpcServicesImpl (ConfUtils.java:logGet(46)) - raft.grpc.message.size.max = 64MB (=67108864) (default)
2024-10-20 10:45:58,317 [main] INFO  server.GrpcServicesImpl (ConfUtils.java:logGet(46)) - raft.grpc.flow.control.window = 1MB (=1048576) (default)
2024-10-20 10:45:58,317 [main] INFO  server.RaftServerConfigKeys (ConfUtils.java:logGet(46)) - raft.server.rpc.request.timeout = 3000ms (default)
2024-10-20 10:45:58,317 [main] INFO  grpc.GrpcConfigKeys (ConfUtils.java:logGet(46)) - raft.grpc.server.heartbeat.channel = true (default)
2024-10-20 10:45:58,318 [main] INFO  grpc.GrpcConfigKeys (ConfUtils.java:logGet(46)) - raft.grpc.server.zerocopy.enabled = true (custom)
2024-10-20 10:45:58,318 [main] INFO  server.RaftServerConfigKeys (ConfUtils.java:logGet(46)) - raft.server.log.appender.buffer.byte-limit = 4MB (=4194304) (default)
2024-10-20 10:45:58,319 [main] INFO  grpc.GrpcConfigKeys (ConfUtils.java:logGet(46)) - raft.grpc.server.async.request.thread.pool.cached = true (default)
2024-10-20 10:45:58,319 [main] INFO  grpc.GrpcConfigKeys (ConfUtils.java:logGet(46)) - raft.grpc.server.async.request.thread.pool.size = 32 (default)
2024-10-20 10:45:58,323 [main] INFO  impl.DataStreamServerImpl (ConfUtils.java:logGet(46)) - raft.datastream.type = DISABLED (default)
2024-10-20 10:45:58,324 [main] INFO  server.RaftServerConfigKeys (ConfUtils.java:logGet(46)) - raft.server.sleep.deviation.threshold = 300ms (default)
2024-10-20 10:45:58,324 [main] INFO  server.RaftServerConfigKeys (ConfUtils.java:logGet(46)) - raft.server.close.threshold = 60s (default)
2024-10-20 10:45:58,324 [main] INFO  server.RaftServerConfigKeys (ConfUtils.java:logGet(46)) - raft.server.leaderelection.leader.step-down.wait-time = 10s (default)
2024-10-20 10:45:58,326 [main] INFO  server.RaftServerConfigKeys (ConfUtils.java:logGet(46)) - raft.server.storage.dir = [/home/runner/work/ratis/ratis/ratis-test/target/test/data/d69430f5/MiniRaftClusterWithGrpcc931c4f4/s0] (custom)
2024-10-20 10:45:58,327 [main] INFO  server.RaftServerConfigKeys (ConfUtils.java:logGet(46)) - raft.server.threadpool.proxy.cached = true (default)
2024-10-20 10:45:58,327 [main] INFO  server.RaftServerConfigKeys (ConfUtils.java:logGet(46)) - raft.server.threadpool.proxy.size = 0 (default)
2024-10-20 10:45:58,331 [main] INFO  server.RaftServer (RaftServerProxy.java:addNew(101)) - s0: addNew group-6C7A98F62AAB:[s0|localhost:15276, s1|localhost:15280, s2|localhost:15284] returns group-6C7A98F62AAB:java.util.concurrent.CompletableFuture@365eaef[Not completed]
2024-10-20 10:45:58,331 [main] INFO  impl.MiniRaftCluster (MiniRaftCluster.java:newRaftServer(396)) - newRaftServer: s1, group-6C7A98F62AAB:[s0|localhost:15276, s1|localhost:15280, s2|localhost:15284], format? true
2024-10-20 10:45:58,332 [main] TRACE util.FileUtils (FileUtils.java:deleteFully(305)) - deleteFully target/test/data/d69430f5/MiniRaftClusterWithGrpcc931c4f4/s1
2024-10-20 10:45:58,332 [main] TRACE util.FileUtils (FileUtils.java:deleteFully(318)) - deleteFully: target/test/data/d69430f5/MiniRaftClusterWithGrpcc931c4f4/s1 does not exist.
2024-10-20 10:45:58,332 [main] INFO  impl.MiniRaftCluster (MiniRaftCluster.java:newRaftServer(401)) - Formatted directory target/test/data/d69430f5/MiniRaftClusterWithGrpcc931c4f4/s1
2024-10-20 10:45:58,333 [main] INFO  server.RaftServer (ConfUtils.java:logGet(46)) - raft.rpc.type = GRPC (default)
2024-10-20 10:45:58,333 [main] INFO  grpc.GrpcConfigKeys (ConfUtils.java:logFallback(53)) - raft.grpc.admin.host = null (fallback to raft.grpc.server.host)
2024-10-20 10:45:58,334 [main] INFO  grpc.GrpcConfigKeys (ConfUtils.java:logGet(46)) - raft.grpc.admin.port = 15281 (custom)
2024-10-20 10:45:58,334 [main] INFO  grpc.GrpcConfigKeys (ConfUtils.java:logFallback(53)) - raft.grpc.client.host = null (fallback to raft.grpc.server.host)
2024-10-20 10:45:58,334 [main] INFO  grpc.GrpcConfigKeys (ConfUtils.java:logGet(46)) - raft.grpc.client.port = 15282 (custom)
2024-10-20 10:45:58,335 [main] INFO  grpc.GrpcConfigKeys (ConfUtils.java:logGet(46)) - raft.grpc.server.host = null (default)
2024-10-20 10:45:58,335 [main] INFO  grpc.GrpcConfigKeys (ConfUtils.java:logGet(46)) - raft.grpc.server.port = 15280 (custom)
2024-10-20 10:45:58,336 [main] INFO  server.GrpcServicesImpl (ConfUtils.java:logGet(46)) - raft.grpc.message.size.max = 64MB (=67108864) (default)
2024-10-20 10:45:58,336 [main] INFO  server.GrpcServicesImpl (ConfUtils.java:logGet(46)) - raft.grpc.flow.control.window = 1MB (=1048576) (default)
2024-10-20 10:45:58,336 [main] INFO  server.RaftServerConfigKeys (ConfUtils.java:logGet(46)) - raft.server.rpc.request.timeout = 3000ms (default)
2024-10-20 10:45:58,336 [main] INFO  grpc.GrpcConfigKeys (ConfUtils.java:logGet(46)) - raft.grpc.server.heartbeat.channel = true (default)
2024-10-20 10:45:58,337 [main] INFO  grpc.GrpcConfigKeys (ConfUtils.java:logGet(46)) - raft.grpc.server.zerocopy.enabled = true (custom)
2024-10-20 10:45:58,337 [main] INFO  server.RaftServerConfigKeys (ConfUtils.java:logGet(46)) - raft.server.log.appender.buffer.byte-limit = 4MB (=4194304) (default)
2024-10-20 10:45:58,338 [main] INFO  grpc.GrpcConfigKeys (ConfUtils.java:logGet(46)) - raft.grpc.server.async.request.thread.pool.cached = true (default)
2024-10-20 10:45:58,338 [main] INFO  grpc.GrpcConfigKeys (ConfUtils.java:logGet(46)) - raft.grpc.server.async.request.thread.pool.size = 32 (default)
2024-10-20 10:45:58,341 [main] INFO  impl.DataStreamServerImpl (ConfUtils.java:logGet(46)) - raft.datastream.type = DISABLED (default)
2024-10-20 10:45:58,341 [main] INFO  server.RaftServerConfigKeys (ConfUtils.java:logGet(46)) - raft.server.sleep.deviation.threshold = 300ms (default)
2024-10-20 10:45:58,342 [main] INFO  server.RaftServerConfigKeys (ConfUtils.java:logGet(46)) - raft.server.close.threshold = 60s (default)
2024-10-20 10:45:58,342 [main] INFO  server.RaftServerConfigKeys (ConfUtils.java:logGet(46)) - raft.server.leaderelection.leader.step-down.wait-time = 10s (default)
2024-10-20 10:45:58,342 [main] INFO  server.RaftServerConfigKeys (ConfUtils.java:logGet(46)) - raft.server.storage.dir = [/home/runner/work/ratis/ratis/ratis-test/target/test/data/d69430f5/MiniRaftClusterWithGrpcc931c4f4/s1] (custom)
2024-10-20 10:45:58,343 [main] INFO  server.RaftServerConfigKeys (ConfUtils.java:logGet(46)) - raft.server.threadpool.proxy.cached = true (default)
2024-10-20 10:45:58,343 [main] INFO  server.RaftServerConfigKeys (ConfUtils.java:logGet(46)) - raft.server.threadpool.proxy.size = 0 (default)
2024-10-20 10:45:58,341 [s0-groupManagement] INFO  server.RaftServer$Division (RaftServerImpl.java:<init>(257)) - s0: new RaftServerImpl for group-6C7A98F62AAB:[s0|localhost:15276, s1|localhost:15280, s2|localhost:15284] with BaseStateMachine:uninitialized
2024-10-20 10:45:58,344 [s0-groupManagement] INFO  server.RaftServerConfigKeys (ConfUtils.java:logGet(46)) - raft.server.rpc.timeout.min = 150ms (default)
2024-10-20 10:45:58,344 [s0-groupManagement] INFO  server.RaftServerConfigKeys (ConfUtils.java:logGet(46)) - raft.server.rpc.timeout.max = 300ms (default)
2024-10-20 10:45:58,344 [s0-groupManagement] INFO  server.RaftServerConfigKeys (ConfUtils.java:logGet(46)) - raft.server.rpc.sleep.time = 25ms (default)
2024-10-20 10:45:58,344 [s0-groupManagement] INFO  server.RaftServerConfigKeys (ConfUtils.java:logGet(46)) - raft.server.rpc.slowness.timeout = 60s (default)
2024-10-20 10:45:58,344 [s0-groupManagement] INFO  server.RaftServerConfigKeys (ConfUtils.java:logGet(46)) - raft.server.leaderelection.leader.step-down.wait-time = 10s (default)
2024-10-20 10:45:58,344 [s0-groupManagement] INFO  server.RaftServerConfigKeys (ConfUtils.java:logGet(46)) - raft.server.leaderelection.member.majority-add = false (default)
2024-10-20 10:45:58,345 [s0-groupManagement] INFO  server.RaftServerConfigKeys (ConfUtils.java:logGet(46)) - raft.server.sleep.deviation.threshold = 300ms (default)
2024-10-20 10:45:58,345 [s0-groupManagement] INFO  server.RaftServer$Division (ServerState.java:<init>(114)) - s0@group-6C7A98F62AAB: ConfigurationManager, init=conf: {index: -1, cur=peers:[s0|localhost:15276, s1|localhost:15280, s2|localhost:15284]|listeners:[], old=null}, confs=<EMPTY_MAP>
2024-10-20 10:45:58,345 [s0-groupManagement] INFO  server.RaftServerConfigKeys (ConfUtils.java:logGet(46)) - raft.server.notification.no-leader.timeout = 60s (default)
2024-10-20 10:45:58,345 [s0-groupManagement] INFO  server.RaftServerConfigKeys (ConfUtils.java:logGet(46)) - raft.server.read.timeout = 10s (default)
2024-10-20 10:45:58,346 [s0-groupManagement] INFO  server.RaftServerConfigKeys (ConfUtils.java:logGet(46)) - raft.server.retrycache.expirytime = 60s (default)
2024-10-20 10:45:58,346 [s0-groupManagement] INFO  server.RaftServerConfigKeys (ConfUtils.java:logGet(46)) - raft.server.retrycache.statistics.expirytime = 100ms (default)
2024-10-20 10:45:58,346 [s0-groupManagement] INFO  server.RaftServerConfigKeys (ConfUtils.java:logGet(46)) - raft.server.read.option = DEFAULT (default)
2024-10-20 10:45:58,346 [s0-groupManagement] INFO  server.RaftServerConfigKeys (ConfUtils.java:logGet(46)) - raft.server.read.read-after-write-consistent.write-index-cache.expiry-time = 60s (default)
2024-10-20 10:45:58,349 [main] INFO  server.RaftServer (RaftServerProxy.java:addNew(101)) - s1: addNew group-6C7A98F62AAB:[s0|localhost:15276, s1|localhost:15280, s2|localhost:15284] returns group-6C7A98F62AAB:java.util.concurrent.CompletableFuture@58df431e[Not completed]
2024-10-20 10:45:58,349 [main] INFO  impl.MiniRaftCluster (MiniRaftCluster.java:newRaftServer(396)) - newRaftServer: s2, group-6C7A98F62AAB:[s0|localhost:15276, s1|localhost:15280, s2|localhost:15284], format? true
2024-10-20 10:45:58,349 [main] TRACE util.FileUtils (FileUtils.java:deleteFully(305)) - deleteFully target/test/data/d69430f5/MiniRaftClusterWithGrpcc931c4f4/s2
2024-10-20 10:45:58,349 [main] TRACE util.FileUtils (FileUtils.java:deleteFully(318)) - deleteFully: target/test/data/d69430f5/MiniRaftClusterWithGrpcc931c4f4/s2 does not exist.
2024-10-20 10:45:58,349 [main] INFO  impl.MiniRaftCluster (MiniRaftCluster.java:newRaftServer(401)) - Formatted directory target/test/data/d69430f5/MiniRaftClusterWithGrpcc931c4f4/s2
2024-10-20 10:45:58,351 [main] INFO  server.RaftServer (ConfUtils.java:logGet(46)) - raft.rpc.type = GRPC (default)
2024-10-20 10:45:58,351 [main] INFO  grpc.GrpcConfigKeys (ConfUtils.java:logFallback(53)) - raft.grpc.admin.host = null (fallback to raft.grpc.server.host)
2024-10-20 10:45:58,352 [main] INFO  grpc.GrpcConfigKeys (ConfUtils.java:logGet(46)) - raft.grpc.admin.port = 15285 (custom)
2024-10-20 10:45:58,352 [main] INFO  grpc.GrpcConfigKeys (ConfUtils.java:logFallback(53)) - raft.grpc.client.host = null (fallback to raft.grpc.server.host)
2024-10-20 10:45:58,352 [main] INFO  grpc.GrpcConfigKeys (ConfUtils.java:logGet(46)) - raft.grpc.client.port = 15286 (custom)
2024-10-20 10:45:58,353 [main] INFO  grpc.GrpcConfigKeys (ConfUtils.java:logGet(46)) - raft.grpc.server.host = null (default)
2024-10-20 10:45:58,353 [main] INFO  grpc.GrpcConfigKeys (ConfUtils.java:logGet(46)) - raft.grpc.server.port = 15284 (custom)
2024-10-20 10:45:58,353 [main] INFO  server.GrpcServicesImpl (ConfUtils.java:logGet(46)) - raft.grpc.message.size.max = 64MB (=67108864) (default)
2024-10-20 10:45:58,354 [main] INFO  server.GrpcServicesImpl (ConfUtils.java:logGet(46)) - raft.grpc.flow.control.window = 1MB (=1048576) (default)
2024-10-20 10:45:58,354 [s1-groupManagement] INFO  server.RaftServer$Division (RaftServerImpl.java:<init>(257)) - s1: new RaftServerImpl for group-6C7A98F62AAB:[s0|localhost:15276, s1|localhost:15280, s2|localhost:15284] with BaseStateMachine:uninitialized
2024-10-20 10:45:58,354 [s1-groupManagement] INFO  server.RaftServerConfigKeys (ConfUtils.java:logGet(46)) - raft.server.rpc.timeout.min = 150ms (default)
2024-10-20 10:45:58,354 [s1-groupManagement] INFO  server.RaftServerConfigKeys (ConfUtils.java:logGet(46)) - raft.server.rpc.timeout.max = 300ms (default)
2024-10-20 10:45:58,354 [s1-groupManagement] INFO  server.RaftServerConfigKeys (ConfUtils.java:logGet(46)) - raft.server.rpc.sleep.time = 25ms (default)
2024-10-20 10:45:58,355 [s1-groupManagement] INFO  server.RaftServerConfigKeys (ConfUtils.java:logGet(46)) - raft.server.rpc.slowness.timeout = 60s (default)
2024-10-20 10:45:58,355 [s1-groupManagement] INFO  server.RaftServerConfigKeys (ConfUtils.java:logGet(46)) - raft.server.leaderelection.leader.step-down.wait-time = 10s (default)
2024-10-20 10:45:58,355 [s1-groupManagement] INFO  server.RaftServerConfigKeys (ConfUtils.java:logGet(46)) - raft.server.leaderelection.member.majority-add = false (default)
2024-10-20 10:45:58,355 [s1-groupManagement] INFO  server.RaftServerConfigKeys (ConfUtils.java:logGet(46)) - raft.server.sleep.deviation.threshold = 300ms (default)
2024-10-20 10:45:58,356 [s1-groupManagement] INFO  server.RaftServer$Division (ServerState.java:<init>(114)) - s1@group-6C7A98F62AAB: ConfigurationManager, init=conf: {index: -1, cur=peers:[s0|localhost:15276, s1|localhost:15280, s2|localhost:15284]|listeners:[], old=null}, confs=<EMPTY_MAP>
2024-10-20 10:45:58,356 [s1-groupManagement] INFO  server.RaftServerConfigKeys (ConfUtils.java:logGet(46)) - raft.server.notification.no-leader.timeout = 60s (default)
2024-10-20 10:45:58,356 [s1-groupManagement] INFO  server.RaftServerConfigKeys (ConfUtils.java:logGet(46)) - raft.server.read.timeout = 10s (default)
2024-10-20 10:45:58,356 [s1-groupManagement] INFO  server.RaftServerConfigKeys (ConfUtils.java:logGet(46)) - raft.server.retrycache.expirytime = 60s (default)
2024-10-20 10:45:58,357 [s1-groupManagement] INFO  server.RaftServerConfigKeys (ConfUtils.java:logGet(46)) - raft.server.retrycache.statistics.expirytime = 100ms (default)
2024-10-20 10:45:58,357 [s1-groupManagement] INFO  server.RaftServerConfigKeys (ConfUtils.java:logGet(46)) - raft.server.read.option = DEFAULT (default)
2024-10-20 10:45:58,357 [s1-groupManagement] INFO  server.RaftServerConfigKeys (ConfUtils.java:logGet(46)) - raft.server.read.read-after-write-consistent.write-index-cache.expiry-time = 60s (default)
2024-10-20 10:45:58,354 [s0-groupManagement] INFO  server.RaftServerConfigKeys (ConfUtils.java:logGet(46)) - raft.server.rpc.request.timeout = 3000ms (default)
2024-10-20 10:45:58,354 [main] INFO  server.RaftServerConfigKeys (ConfUtils.java:logGet(46)) - raft.server.rpc.request.timeout = 3000ms (default)
2024-10-20 10:45:58,359 [s0-groupManagement] INFO  server.RaftServerConfigKeys (ConfUtils.java:logGet(46)) - raft.server.log.appender.install.snapshot.enabled = true (default)
2024-10-20 10:45:58,359 [main] INFO  grpc.GrpcConfigKeys (ConfUtils.java:logGet(46)) - raft.grpc.server.heartbeat.channel = true (default)
2024-10-20 10:45:58,360 [s0-groupManagement] INFO  server.RaftServerConfigKeys (ConfUtils.java:logGet(46)) - raft.server.threadpool.server.cached = true (default)
2024-10-20 10:45:58,360 [main] INFO  grpc.GrpcConfigKeys (ConfUtils.java:logGet(46)) - raft.grpc.server.zerocopy.enabled = true (custom)
2024-10-20 10:45:58,360 [s0-groupManagement] INFO  server.RaftServerConfigKeys (ConfUtils.java:logGet(46)) - raft.server.threadpool.server.size = 0 (default)
2024-10-20 10:45:58,361 [main] INFO  server.RaftServerConfigKeys (ConfUtils.java:logGet(46)) - raft.server.log.appender.buffer.byte-limit = 4MB (=4194304) (default)
2024-10-20 10:45:58,361 [s0-groupManagement] INFO  server.RaftServerConfigKeys (ConfUtils.java:logGet(46)) - raft.server.threadpool.client.cached = true (default)
2024-10-20 10:45:58,361 [main] INFO  grpc.GrpcConfigKeys (ConfUtils.java:logGet(46)) - raft.grpc.server.async.request.thread.pool.cached = true (default)
2024-10-20 10:45:58,362 [s0-groupManagement] INFO  server.RaftServerConfigKeys (ConfUtils.java:logGet(46)) - raft.server.threadpool.client.size = 0 (default)
2024-10-20 10:45:58,362 [main] INFO  grpc.GrpcConfigKeys (ConfUtils.java:logGet(46)) - raft.grpc.server.async.request.thread.pool.size = 32 (default)
2024-10-20 10:45:58,363 [s1-groupManagement] INFO  server.RaftServerConfigKeys (ConfUtils.java:logGet(46)) - raft.server.rpc.request.timeout = 3000ms (default)
2024-10-20 10:45:58,363 [s1-groupManagement] INFO  server.RaftServerConfigKeys (ConfUtils.java:logGet(46)) - raft.server.log.appender.install.snapshot.enabled = true (default)
2024-10-20 10:45:58,363 [s1-groupManagement] INFO  server.RaftServerConfigKeys (ConfUtils.java:logGet(46)) - raft.server.threadpool.server.cached = true (default)
2024-10-20 10:45:58,363 [s1-groupManagement] INFO  server.RaftServerConfigKeys (ConfUtils.java:logGet(46)) - raft.server.threadpool.server.size = 0 (default)
2024-10-20 10:45:58,364 [s1-groupManagement] INFO  server.RaftServerConfigKeys (ConfUtils.java:logGet(46)) - raft.server.threadpool.client.cached = true (default)
2024-10-20 10:45:58,364 [s1-groupManagement] INFO  server.RaftServerConfigKeys (ConfUtils.java:logGet(46)) - raft.server.threadpool.client.size = 0 (default)
2024-10-20 10:45:58,365 [main] INFO  impl.DataStreamServerImpl (ConfUtils.java:logGet(46)) - raft.datastream.type = DISABLED (default)
2024-10-20 10:45:58,365 [main] INFO  server.RaftServerConfigKeys (ConfUtils.java:logGet(46)) - raft.server.sleep.deviation.threshold = 300ms (default)
2024-10-20 10:45:58,365 [main] INFO  server.RaftServerConfigKeys (ConfUtils.java:logGet(46)) - raft.server.close.threshold = 60s (default)
2024-10-20 10:45:58,366 [main] INFO  server.RaftServerConfigKeys (ConfUtils.java:logGet(46)) - raft.server.leaderelection.leader.step-down.wait-time = 10s (default)
2024-10-20 10:45:58,366 [main] INFO  server.RaftServerConfigKeys (ConfUtils.java:logGet(46)) - raft.server.storage.dir = [/home/runner/work/ratis/ratis/ratis-test/target/test/data/d69430f5/MiniRaftClusterWithGrpcc931c4f4/s2] (custom)
2024-10-20 10:45:58,366 [main] INFO  server.RaftServerConfigKeys (ConfUtils.java:logGet(46)) - raft.server.threadpool.proxy.cached = true (default)
2024-10-20 10:45:58,367 [main] INFO  server.RaftServerConfigKeys (ConfUtils.java:logGet(46)) - raft.server.threadpool.proxy.size = 0 (default)
2024-10-20 10:45:58,371 [main] INFO  server.RaftServer (RaftServerProxy.java:addNew(101)) - s2: addNew group-6C7A98F62AAB:[s0|localhost:15276, s1|localhost:15280, s2|localhost:15284] returns group-6C7A98F62AAB:java.util.concurrent.CompletableFuture@1df60140[Not completed]
2024-10-20 10:45:58,373 [s0-impl-thread1] INFO  server.RaftServerConfigKeys (ConfUtils.java:logGet(46)) - raft.server.storage.free-space.min = 0MB (=0) (default)
2024-10-20 10:45:58,373 [s0-impl-thread1] INFO  server.RaftServerConfigKeys (ConfUtils.java:logGet(46)) - raft.server.log.corruption.policy = EXCEPTION (default)
2024-10-20 10:45:58,373 [s0-impl-thread1] INFO  server.RaftServerConfigKeys (ConfUtils.java:logGet(46)) - raft.server.storage.dir = [/home/runner/work/ratis/ratis/ratis-test/target/test/data/d69430f5/MiniRaftClusterWithGrpcc931c4f4/s0] (custom)
2024-10-20 10:45:58,373 [s0-impl-thread1] INFO  storage.RaftStorageDirectory (RaftStorageDirectoryImpl.java:analyzeStorage(138)) - The storage directory /home/runner/work/ratis/ratis/ratis-test/target/test/data/d69430f5/MiniRaftClusterWithGrpcc931c4f4/s0/f724db2d-34af-4fbb-9075-6c7a98f62aab does not exist. Creating ...
2024-10-20 10:45:58,374 [s0-impl-thread1] TRACE util.FileUtils (LogUtils.java:runAndLog(49)) - Successfully ran Files.createDirectories /home/runner/work/ratis/ratis/ratis-test/target/test/data/d69430f5/MiniRaftClusterWithGrpcc931c4f4/s0/f724db2d-34af-4fbb-9075-6c7a98f62aab
2024-10-20 10:45:58,375 [s2-groupManagement] INFO  server.RaftServer$Division (RaftServerImpl.java:<init>(257)) - s2: new RaftServerImpl for group-6C7A98F62AAB:[s0|localhost:15276, s1|localhost:15280, s2|localhost:15284] with BaseStateMachine:uninitialized
2024-10-20 10:45:58,375 [s2-groupManagement] INFO  server.RaftServerConfigKeys (ConfUtils.java:logGet(46)) - raft.server.rpc.timeout.min = 150ms (default)
2024-10-20 10:45:58,376 [s2-groupManagement] INFO  server.RaftServerConfigKeys (ConfUtils.java:logGet(46)) - raft.server.rpc.timeout.max = 300ms (default)
2024-10-20 10:45:58,376 [s0-impl-thread1] INFO  storage.RaftStorageDirectory (RaftStorageDirectoryImpl.java:tryLock(229)) - Lock on /home/runner/work/ratis/ratis/ratis-test/target/test/data/d69430f5/MiniRaftClusterWithGrpcc931c4f4/s0/f724db2d-34af-4fbb-9075-6c7a98f62aab/in_use.lock acquired by nodename 10902@fv-az889-899
2024-10-20 10:45:58,376 [s0-impl-thread1] TRACE util.FileUtils (LogUtils.java:runAndLog(49)) - Successfully ran Files.createDirectories /home/runner/work/ratis/ratis/ratis-test/target/test/data/d69430f5/MiniRaftClusterWithGrpcc931c4f4/s0/f724db2d-34af-4fbb-9075-6c7a98f62aab/current
2024-10-20 10:45:58,376 [s0-impl-thread1] TRACE util.FileUtils (LogUtils.java:runAndLog(49)) - Successfully ran Files.createDirectories /home/runner/work/ratis/ratis/ratis-test/target/test/data/d69430f5/MiniRaftClusterWithGrpcc931c4f4/s0/f724db2d-34af-4fbb-9075-6c7a98f62aab/sm
2024-10-20 10:45:58,377 [s0-impl-thread1] TRACE util.FileUtils (LogUtils.java:supplyAndLog(69)) - Successfully supplied FileChannel.open /home/runner/work/ratis/ratis/ratis-test/target/test/data/d69430f5/MiniRaftClusterWithGrpcc931c4f4/s0/f724db2d-34af-4fbb-9075-6c7a98f62aab/current/raft-meta.tmp with options [CREATE, WRITE]: sun.nio.ch.FileChannelImpl@7a02b887
2024-10-20 10:45:58,378 [s2-groupManagement] INFO  server.RaftServerConfigKeys (ConfUtils.java:logGet(46)) - raft.server.rpc.sleep.time = 25ms (default)
2024-10-20 10:45:58,378 [s2-groupManagement] INFO  server.RaftServerConfigKeys (ConfUtils.java:logGet(46)) - raft.server.rpc.slowness.timeout = 60s (default)
2024-10-20 10:45:58,378 [s2-groupManagement] INFO  server.RaftServerConfigKeys (ConfUtils.java:logGet(46)) - raft.server.leaderelection.leader.step-down.wait-time = 10s (default)
2024-10-20 10:45:58,379 [s2-groupManagement] INFO  server.RaftServerConfigKeys (ConfUtils.java:logGet(46)) - raft.server.leaderelection.member.majority-add = false (default)
2024-10-20 10:45:58,379 [s0-impl-thread1] TRACE util.FileUtils (LogUtils.java:runAndLog(49)) - Successfully ran Atomic Files.move /home/runner/work/ratis/ratis/ratis-test/target/test/data/d69430f5/MiniRaftClusterWithGrpcc931c4f4/s0/f724db2d-34af-4fbb-9075-6c7a98f62aab/current/raft-meta.tmp to /home/runner/work/ratis/ratis/ratis-test/target/test/data/d69430f5/MiniRaftClusterWithGrpcc931c4f4/s0/f724db2d-34af-4fbb-9075-6c7a98f62aab/current/raft-meta with options [REPLACE_EXISTING]
2024-10-20 10:45:58,379 [s0-impl-thread1] INFO  storage.RaftStorage (RaftStorageImpl.java:format(98)) - Storage directory /home/runner/work/ratis/ratis/ratis-test/target/test/data/d69430f5/MiniRaftClusterWithGrpcc931c4f4/s0/f724db2d-34af-4fbb-9075-6c7a98f62aab has been successfully formatted.
2024-10-20 10:45:58,379 [s0-impl-thread1] INFO  server.RaftServerConfigKeys (ConfUtils.java:logGet(46)) - raft.server.log.use.memory = false (default)
2024-10-20 10:45:58,380 [s0-impl-thread1] INFO  server.RaftServerConfigKeys (ConfUtils.java:logGet(46)) - raft.server.log.purge.gap = 1024 (default)
2024-10-20 10:45:58,380 [s0-impl-thread1] INFO  server.RaftServerConfigKeys (ConfUtils.java:logGet(46)) - raft.server.log.appender.buffer.byte-limit = 4MB (=4194304) (default)
2024-10-20 10:45:58,380 [s0-impl-thread1] INFO  server.RaftServerConfigKeys (ConfUtils.java:logGet(46)) - raft.server.log.statemachine.data.read.timeout = 1000ms (default)
2024-10-20 10:45:58,380 [s0-impl-thread1] INFO  server.RaftServerConfigKeys (ConfUtils.java:logGet(46)) - raft.server.log.purge.preservation.log.num = 0 (default)
2024-10-20 10:45:58,381 [s0-impl-thread1] INFO  server.RaftServerConfigKeys (ConfUtils.java:logGet(46)) - raft.server.log.segment.size.max = 32MB (=33554432) (default)
2024-10-20 10:45:58,382 [s0-impl-thread1] INFO  server.RaftServerConfigKeys (ConfUtils.java:logGet(46)) - raft.server.log.segment.cache.num.max = 6 (default)
2024-10-20 10:45:58,382 [s0-impl-thread1] INFO  server.RaftServerConfigKeys (ConfUtils.java:logGet(46)) - raft.server.log.segment.cache.size.max = 200MB (=209715200) (default)
2024-10-20 10:45:58,382 [s0-impl-thread1] INFO  server.RaftServerConfigKeys (ConfUtils.java:logGet(46)) - raft.server.log.appender.buffer.byte-limit = 4MB (=4194304) (default)
2024-10-20 10:45:58,382 [s2-groupManagement] INFO  server.RaftServerConfigKeys (ConfUtils.java:logGet(46)) - raft.server.sleep.deviation.threshold = 300ms (default)
2024-10-20 10:45:58,383 [s2-groupManagement] INFO  server.RaftServer$Division (ServerState.java:<init>(114)) - s2@group-6C7A98F62AAB: ConfigurationManager, init=conf: {index: -1, cur=peers:[s0|localhost:15276, s1|localhost:15280, s2|localhost:15284]|listeners:[], old=null}, confs=<EMPTY_MAP>
2024-10-20 10:45:58,383 [s2-groupManagement] INFO  server.RaftServerConfigKeys (ConfUtils.java:logGet(46)) - raft.server.notification.no-leader.timeout = 60s (default)
2024-10-20 10:45:58,383 [s2-groupManagement] INFO  server.RaftServerConfigKeys (ConfUtils.java:logGet(46)) - raft.server.read.timeout = 10s (default)
2024-10-20 10:45:58,383 [s2-groupManagement] INFO  server.RaftServerConfigKeys (ConfUtils.java:logGet(46)) - raft.server.retrycache.expirytime = 60s (default)
2024-10-20 10:45:58,383 [s2-groupManagement] INFO  server.RaftServerConfigKeys (ConfUtils.java:logGet(46)) - raft.server.retrycache.statistics.expirytime = 100ms (default)
2024-10-20 10:45:58,384 [s2-groupManagement] INFO  server.RaftServerConfigKeys (ConfUtils.java:logGet(46)) - raft.server.read.option = DEFAULT (default)
2024-10-20 10:45:58,384 [s2-groupManagement] INFO  server.RaftServerConfigKeys (ConfUtils.java:logGet(46)) - raft.server.read.read-after-write-consistent.write-index-cache.expiry-time = 60s (default)
2024-10-20 10:45:58,384 [s0-impl-thread1] INFO  util.AwaitToRun (AwaitToRun.java:start(81)) - Thread[s0@group-6C7A98F62AAB-cacheEviction-AwaitToRun,5,main] started
2024-10-20 10:45:58,384 [s0-impl-thread1] INFO  segmented.SegmentedRaftLogWorker (SegmentedRaftLogWorker.java:<init>(188)) - new s0@group-6C7A98F62AAB-SegmentedRaftLogWorker for RaftStorageImpl:Storage Directory /home/runner/work/ratis/ratis/ratis-test/target/test/data/d69430f5/MiniRaftClusterWithGrpcc931c4f4/s0/f724db2d-34af-4fbb-9075-6c7a98f62aab
2024-10-20 10:45:58,385 [s0-impl-thread1] INFO  server.RaftServerConfigKeys (ConfUtils.java:logGet(46)) - raft.server.log.queue.byte-limit = 64MB (=67108864) (default)
2024-10-20 10:45:58,385 [s0-impl-thread1] INFO  server.RaftServerConfigKeys (ConfUtils.java:logGet(46)) - raft.server.log.queue.element-limit = 4096 (default)
2024-10-20 10:45:58,385 [s0-impl-thread1] INFO  server.RaftServerConfigKeys (ConfUtils.java:logGet(46)) - raft.server.log.segment.size.max = 32MB (=33554432) (default)
2024-10-20 10:45:58,385 [s0-impl-thread1] INFO  server.RaftServerConfigKeys (ConfUtils.java:logGet(46)) - raft.server.log.preallocated.size = 4MB (=4194304) (default)
2024-10-20 10:45:58,386 [s0-impl-thread1] INFO  server.RaftServerConfigKeys (ConfUtils.java:logGet(46)) - raft.server.log.force.sync.num = 128 (default)
2024-10-20 10:45:58,386 [s0-impl-thread1] INFO  server.RaftServerConfigKeys (ConfUtils.java:logGet(46)) - raft.server.log.statemachine.data.sync = true (default)
2024-10-20 10:45:58,386 [s0-impl-thread1] INFO  server.RaftServerConfigKeys (ConfUtils.java:logGet(46)) - raft.server.log.statemachine.data.sync.timeout = 10s (default)
2024-10-20 10:45:58,386 [s0-impl-thread1] INFO  server.RaftServerConfigKeys (ConfUtils.java:logGet(46)) - raft.server.log.statemachine.data.sync.timeout.retry = -1 (default)
2024-10-20 10:45:58,387 [s0-impl-thread1] INFO  server.RaftServerConfigKeys (ConfUtils.java:logGet(46)) - raft.server.log.write.buffer.size = 8MB (=8388608) (default)
2024-10-20 10:45:58,388 [s0-impl-thread1] INFO  server.RaftServerConfigKeys (ConfUtils.java:logGet(46)) - raft.server.log.appender.buffer.byte-limit = 4MB (=4194304) (default)
2024-10-20 10:45:58,388 [s0-impl-thread1] INFO  server.RaftServerConfigKeys (ConfUtils.java:logGet(46)) - raft.server.log.unsafe-flush.enabled = false (default)
2024-10-20 10:45:58,388 [s0-impl-thread1] INFO  server.RaftServerConfigKeys (ConfUtils.java:logGet(46)) - raft.server.log.async-flush.enabled = false (default)
2024-10-20 10:45:58,388 [s0-impl-thread1] INFO  server.RaftServerConfigKeys (ConfUtils.java:logGet(46)) - raft.server.log.statemachine.data.caching.enabled = false (default)
2024-10-20 10:45:58,389 [s0-impl-thread1] INFO  segmented.SegmentedRaftLogWorker (SegmentedRaftLogWorker.java:lambda$new$0(139)) - s0@group-6C7A98F62AAB-SegmentedRaftLogWorker: flushIndex: setUnconditionally 0 -> -1
2024-10-20 10:45:58,389 [s0-impl-thread1] INFO  segmented.SegmentedRaftLogWorker (SegmentedRaftLogWorker.java:lambda$new$0(139)) - s0@group-6C7A98F62AAB-SegmentedRaftLogWorker: safeCacheEvictIndex: setUnconditionally 0 -> -1
2024-10-20 10:45:58,391 [s2-groupManagement] INFO  server.RaftServerConfigKeys (ConfUtils.java:logGet(46)) - raft.server.rpc.request.timeout = 3000ms (default)
2024-10-20 10:45:58,392 [s2-groupManagement] INFO  server.RaftServerConfigKeys (ConfUtils.java:logGet(46)) - raft.server.log.appender.install.snapshot.enabled = true (default)
2024-10-20 10:45:58,392 [s2-groupManagement] INFO  server.RaftServerConfigKeys (ConfUtils.java:logGet(46)) - raft.server.threadpool.server.cached = true (default)
2024-10-20 10:45:58,392 [s2-groupManagement] INFO  server.RaftServerConfigKeys (ConfUtils.java:logGet(46)) - raft.server.threadpool.server.size = 0 (default)
2024-10-20 10:45:58,392 [s2-groupManagement] INFO  server.RaftServerConfigKeys (ConfUtils.java:logGet(46)) - raft.server.threadpool.client.cached = true (default)
2024-10-20 10:45:58,392 [s2-groupManagement] INFO  server.RaftServerConfigKeys (ConfUtils.java:logGet(46)) - raft.server.threadpool.client.size = 0 (default)
2024-10-20 10:45:58,399 [s0-impl-thread1] INFO  server.RaftServer$Division (RaftServerImpl.java:start(393)) - s0@group-6C7A98F62AAB: start as a follower, conf=conf: {index: -1, cur=peers:[s0|localhost:15276, s1|localhost:15280, s2|localhost:15284]|listeners:[], old=null}
2024-10-20 10:45:58,399 [s0-impl-thread1] INFO  server.RaftServer$Division (RaftServerImpl.java:setRole(380)) - s0@group-6C7A98F62AAB: changes role from      null to FOLLOWER at term 0 for startAsFollower
2024-10-20 10:45:58,399 [s0-impl-thread1] INFO  impl.RoleInfo (RoleInfo.java:updateAndGet(148)) - s0: start s0@group-6C7A98F62AAB-FollowerState
2024-10-20 10:45:58,401 [s0-impl-thread1] INFO  util.JmxRegister (JmxRegister.java:tryRegister(44)) - Successfully registered JMX Bean with object name Ratis:service=RaftServer,group=group-6C7A98F62AAB,id=s0
2024-10-20 10:45:58,401 [s0-impl-thread1] INFO  util.JmxRegister (JmxRegister.java:register(58)) - register mxBean class org.apache.ratis.server.impl.RaftServerJmxAdapter as Ratis:service=RaftServer,group=group-6C7A98F62AAB,id=s0
2024-10-20 10:45:58,401 [s0-impl-thread1] INFO  server.RaftServerConfigKeys (ConfUtils.java:logGet(46)) - raft.server.snapshot.trigger-when-stop.enabled = true (default)
2024-10-20 10:45:58,401 [s0-impl-thread1] INFO  server.RaftServerConfigKeys (ConfUtils.java:logGet(46)) - raft.server.snapshot.trigger-when-remove.enabled = true (default)
2024-10-20 10:45:58,401 [s0-impl-thread1] INFO  server.RaftServerConfigKeys (ConfUtils.java:logGet(46)) - raft.server.snapshot.auto.trigger.enabled = false (default)
2024-10-20 10:45:58,401 [s0-impl-thread1] INFO  server.RaftServerConfigKeys (ConfUtils.java:logGet(46)) - raft.server.snapshot.retention.file.num = -1 (default)
2024-10-20 10:45:58,402 [s0-impl-thread1] INFO  server.RaftServerConfigKeys (ConfUtils.java:logGet(46)) - raft.server.log.purge.upto.snapshot.index = false (default)
2024-10-20 10:45:58,402 [s0@group-6C7A98F62AAB-FollowerState] INFO  server.RaftServerConfigKeys (ConfUtils.java:logFallback(53)) - raft.server.rpc.first-election.timeout.min = 150ms (fallback to raft.server.rpc.timeout.min)
2024-10-20 10:45:58,403 [s0@group-6C7A98F62AAB-FollowerState] INFO  server.RaftServerConfigKeys (ConfUtils.java:logFallback(53)) - raft.server.rpc.first-election.timeout.max = 300ms (fallback to raft.server.rpc.timeout.max)
2024-10-20 10:45:58,403 [s0-impl-thread1] INFO  server.RaftServer$Division (RaftServerImpl.java:start(407)) - s0@group-6C7A98F62AAB: Successfully started.
2024-10-20 10:45:58,403 [main] INFO  server.RaftServer (RaftServerProxy.java:startImpl(408)) - s0: start RPC server
2024-10-20 10:45:58,405 [main] INFO  server.GrpcServicesImpl (GrpcServicesImpl.java:startImpl(353)) - s0: GrpcServicesImpl started, listening on 15278
2024-10-20 10:45:58,406 [main] INFO  server.GrpcServicesImpl (GrpcServicesImpl.java:startImpl(353)) - s0: GrpcServicesImpl started, listening on 15276
2024-10-20 10:45:58,407 [main] INFO  server.GrpcServicesImpl (GrpcServicesImpl.java:startImpl(353)) - s0: GrpcServicesImpl started, listening on 15277
2024-10-20 10:45:58,408 [s1-impl-thread1] INFO  server.RaftServerConfigKeys (ConfUtils.java:logGet(46)) - raft.server.storage.free-space.min = 0MB (=0) (default)
2024-10-20 10:45:58,408 [s1-impl-thread1] INFO  server.RaftServerConfigKeys (ConfUtils.java:logGet(46)) - raft.server.log.corruption.policy = EXCEPTION (default)
2024-10-20 10:45:58,408 [s1-impl-thread1] INFO  server.RaftServerConfigKeys (ConfUtils.java:logGet(46)) - raft.server.storage.dir = [/home/runner/work/ratis/ratis/ratis-test/target/test/data/d69430f5/MiniRaftClusterWithGrpcc931c4f4/s1] (custom)
2024-10-20 10:45:58,409 [s1-impl-thread1] INFO  storage.RaftStorageDirectory (RaftStorageDirectoryImpl.java:analyzeStorage(138)) - The storage directory /home/runner/work/ratis/ratis/ratis-test/target/test/data/d69430f5/MiniRaftClusterWithGrpcc931c4f4/s1/f724db2d-34af-4fbb-9075-6c7a98f62aab does not exist. Creating ...
2024-10-20 10:45:58,409 [s1-impl-thread1] TRACE util.FileUtils (LogUtils.java:runAndLog(49)) - Successfully ran Files.createDirectories /home/runner/work/ratis/ratis/ratis-test/target/test/data/d69430f5/MiniRaftClusterWithGrpcc931c4f4/s1/f724db2d-34af-4fbb-9075-6c7a98f62aab
2024-10-20 10:45:58,411 [JvmPauseMonitor69] INFO  util.JvmPauseMonitor (JvmPauseMonitor.java:run(146)) - JvmPauseMonitor-s0: Started
2024-10-20 10:45:58,411 [s1-impl-thread1] INFO  storage.RaftStorageDirectory (RaftStorageDirectoryImpl.java:tryLock(229)) - Lock on /home/runner/work/ratis/ratis/ratis-test/target/test/data/d69430f5/MiniRaftClusterWithGrpcc931c4f4/s1/f724db2d-34af-4fbb-9075-6c7a98f62aab/in_use.lock acquired by nodename 10902@fv-az889-899
2024-10-20 10:45:58,411 [s1-impl-thread1] TRACE util.FileUtils (LogUtils.java:runAndLog(49)) - Successfully ran Files.createDirectories /home/runner/work/ratis/ratis/ratis-test/target/test/data/d69430f5/MiniRaftClusterWithGrpcc931c4f4/s1/f724db2d-34af-4fbb-9075-6c7a98f62aab/current
2024-10-20 10:45:58,412 [s1-impl-thread1] TRACE util.FileUtils (LogUtils.java:runAndLog(49)) - Successfully ran Files.createDirectories /home/runner/work/ratis/ratis/ratis-test/target/test/data/d69430f5/MiniRaftClusterWithGrpcc931c4f4/s1/f724db2d-34af-4fbb-9075-6c7a98f62aab/sm
2024-10-20 10:45:58,412 [s1-impl-thread1] TRACE util.FileUtils (LogUtils.java:supplyAndLog(69)) - Successfully supplied FileChannel.open /home/runner/work/ratis/ratis/ratis-test/target/test/data/d69430f5/MiniRaftClusterWithGrpcc931c4f4/s1/f724db2d-34af-4fbb-9075-6c7a98f62aab/current/raft-meta.tmp with options [CREATE, WRITE]: sun.nio.ch.FileChannelImpl@57f75301
2024-10-20 10:45:58,414 [s1-impl-thread1] TRACE util.FileUtils (LogUtils.java:runAndLog(49)) - Successfully ran Atomic Files.move /home/runner/work/ratis/ratis/ratis-test/target/test/data/d69430f5/MiniRaftClusterWithGrpcc931c4f4/s1/f724db2d-34af-4fbb-9075-6c7a98f62aab/current/raft-meta.tmp to /home/runner/work/ratis/ratis/ratis-test/target/test/data/d69430f5/MiniRaftClusterWithGrpcc931c4f4/s1/f724db2d-34af-4fbb-9075-6c7a98f62aab/current/raft-meta with options [REPLACE_EXISTING]
2024-10-20 10:45:58,414 [s1-impl-thread1] INFO  storage.RaftStorage (RaftStorageImpl.java:format(98)) - Storage directory /home/runner/work/ratis/ratis/ratis-test/target/test/data/d69430f5/MiniRaftClusterWithGrpcc931c4f4/s1/f724db2d-34af-4fbb-9075-6c7a98f62aab has been successfully formatted.
2024-10-20 10:45:58,414 [s1-impl-thread1] INFO  server.RaftServerConfigKeys (ConfUtils.java:logGet(46)) - raft.server.log.use.memory = false (default)
2024-10-20 10:45:58,414 [s1-impl-thread1] INFO  server.RaftServerConfigKeys (ConfUtils.java:logGet(46)) - raft.server.log.purge.gap = 1024 (default)
2024-10-20 10:45:58,415 [s1-impl-thread1] INFO  server.RaftServerConfigKeys (ConfUtils.java:logGet(46)) - raft.server.log.appender.buffer.byte-limit = 4MB (=4194304) (default)
2024-10-20 10:45:58,415 [s1-impl-thread1] INFO  server.RaftServerConfigKeys (ConfUtils.java:logGet(46)) - raft.server.log.statemachine.data.read.timeout = 1000ms (default)
2024-10-20 10:45:58,415 [s1-impl-thread1] INFO  server.RaftServerConfigKeys (ConfUtils.java:logGet(46)) - raft.server.log.purge.preservation.log.num = 0 (default)
2024-10-20 10:45:58,417 [s1-impl-thread1] INFO  server.RaftServerConfigKeys (ConfUtils.java:logGet(46)) - raft.server.log.segment.size.max = 32MB (=33554432) (default)
2024-10-20 10:45:58,417 [s1-impl-thread1] INFO  server.RaftServerConfigKeys (ConfUtils.java:logGet(46)) - raft.server.log.segment.cache.num.max = 6 (default)
2024-10-20 10:45:58,417 [s1-impl-thread1] INFO  server.RaftServerConfigKeys (ConfUtils.java:logGet(46)) - raft.server.log.segment.cache.size.max = 200MB (=209715200) (default)
2024-10-20 10:45:58,417 [s1-impl-thread1] INFO  server.RaftServerConfigKeys (ConfUtils.java:logGet(46)) - raft.server.log.appender.buffer.byte-limit = 4MB (=4194304) (default)
2024-10-20 10:45:58,419 [s1-impl-thread1] INFO  util.AwaitToRun (AwaitToRun.java:start(81)) - Thread[s1@group-6C7A98F62AAB-cacheEviction-AwaitToRun,5,main] started
2024-10-20 10:45:58,419 [s1-impl-thread1] INFO  segmented.SegmentedRaftLogWorker (SegmentedRaftLogWorker.java:<init>(188)) - new s1@group-6C7A98F62AAB-SegmentedRaftLogWorker for RaftStorageImpl:Storage Directory /home/runner/work/ratis/ratis/ratis-test/target/test/data/d69430f5/MiniRaftClusterWithGrpcc931c4f4/s1/f724db2d-34af-4fbb-9075-6c7a98f62aab
2024-10-20 10:45:58,419 [s1-impl-thread1] INFO  server.RaftServerConfigKeys (ConfUtils.java:logGet(46)) - raft.server.log.queue.byte-limit = 64MB (=67108864) (default)
2024-10-20 10:45:58,419 [s1-impl-thread1] INFO  server.RaftServerConfigKeys (ConfUtils.java:logGet(46)) - raft.server.log.queue.element-limit = 4096 (default)
2024-10-20 10:45:58,419 [s1-impl-thread1] INFO  server.RaftServerConfigKeys (ConfUtils.java:logGet(46)) - raft.server.log.segment.size.max = 32MB (=33554432) (default)
2024-10-20 10:45:58,419 [s1-impl-thread1] INFO  server.RaftServerConfigKeys (ConfUtils.java:logGet(46)) - raft.server.log.preallocated.size = 4MB (=4194304) (default)
2024-10-20 10:45:58,420 [s1-impl-thread1] INFO  server.RaftServerConfigKeys (ConfUtils.java:logGet(46)) - raft.server.log.force.sync.num = 128 (default)
2024-10-20 10:45:58,420 [s1-impl-thread1] INFO  server.RaftServerConfigKeys (ConfUtils.java:logGet(46)) - raft.server.log.statemachine.data.sync = true (default)
2024-10-20 10:45:58,420 [s1-impl-thread1] INFO  server.RaftServerConfigKeys (ConfUtils.java:logGet(46)) - raft.server.log.statemachine.data.sync.timeout = 10s (default)
2024-10-20 10:45:58,420 [s1-impl-thread1] INFO  server.RaftServerConfigKeys (ConfUtils.java:logGet(46)) - raft.server.log.statemachine.data.sync.timeout.retry = -1 (default)
2024-10-20 10:45:58,420 [s1-impl-thread1] INFO  server.RaftServerConfigKeys (ConfUtils.java:logGet(46)) - raft.server.log.write.buffer.size = 8MB (=8388608) (default)
2024-10-20 10:45:58,421 [s1-impl-thread1] INFO  server.RaftServerConfigKeys (ConfUtils.java:logGet(46)) - raft.server.log.appender.buffer.byte-limit = 4MB (=4194304) (default)
2024-10-20 10:45:58,421 [s1-impl-thread1] INFO  server.RaftServerConfigKeys (ConfUtils.java:logGet(46)) - raft.server.log.unsafe-flush.enabled = false (default)
2024-10-20 10:45:58,421 [s1-impl-thread1] INFO  server.RaftServerConfigKeys (ConfUtils.java:logGet(46)) - raft.server.log.async-flush.enabled = false (default)
2024-10-20 10:45:58,421 [s1-impl-thread1] INFO  server.RaftServerConfigKeys (ConfUtils.java:logGet(46)) - raft.server.log.statemachine.data.caching.enabled = false (default)
2024-10-20 10:45:58,422 [s1-impl-thread1] INFO  segmented.SegmentedRaftLogWorker (SegmentedRaftLogWorker.java:lambda$new$0(139)) - s1@group-6C7A98F62AAB-SegmentedRaftLogWorker: flushIndex: setUnconditionally 0 -> -1
2024-10-20 10:45:58,422 [s1-impl-thread1] INFO  segmented.SegmentedRaftLogWorker (SegmentedRaftLogWorker.java:lambda$new$0(139)) - s1@group-6C7A98F62AAB-SegmentedRaftLogWorker: safeCacheEvictIndex: setUnconditionally 0 -> -1
2024-10-20 10:45:58,426 [s1-impl-thread1] INFO  server.RaftServer$Division (RaftServerImpl.java:start(393)) - s1@group-6C7A98F62AAB: start as a follower, conf=conf: {index: -1, cur=peers:[s0|localhost:15276, s1|localhost:15280, s2|localhost:15284]|listeners:[], old=null}
2024-10-20 10:45:58,426 [s1-impl-thread1] INFO  server.RaftServer$Division (RaftServerImpl.java:setRole(380)) - s1@group-6C7A98F62AAB: changes role from      null to FOLLOWER at term 0 for startAsFollower
2024-10-20 10:45:58,427 [s1-impl-thread1] INFO  impl.RoleInfo (RoleInfo.java:updateAndGet(148)) - s1: start s1@group-6C7A98F62AAB-FollowerState
2024-10-20 10:45:58,431 [s1-impl-thread1] INFO  util.JmxRegister (JmxRegister.java:tryRegister(44)) - Successfully registered JMX Bean with object name Ratis:service=RaftServer,group=group-6C7A98F62AAB,id=s1
2024-10-20 10:45:58,431 [s1-impl-thread1] INFO  util.JmxRegister (JmxRegister.java:register(58)) - register mxBean class org.apache.ratis.server.impl.RaftServerJmxAdapter as Ratis:service=RaftServer,group=group-6C7A98F62AAB,id=s1
2024-10-20 10:45:58,431 [s1-impl-thread1] INFO  server.RaftServerConfigKeys (ConfUtils.java:logGet(46)) - raft.server.snapshot.trigger-when-stop.enabled = true (default)
2024-10-20 10:45:58,431 [s1-impl-thread1] INFO  server.RaftServerConfigKeys (ConfUtils.java:logGet(46)) - raft.server.snapshot.trigger-when-remove.enabled = true (default)
2024-10-20 10:45:58,432 [s1-impl-thread1] INFO  server.RaftServerConfigKeys (ConfUtils.java:logGet(46)) - raft.server.snapshot.auto.trigger.enabled = false (default)
2024-10-20 10:45:58,432 [s1-impl-thread1] INFO  server.RaftServerConfigKeys (ConfUtils.java:logGet(46)) - raft.server.snapshot.retention.file.num = -1 (default)
2024-10-20 10:45:58,432 [s1-impl-thread1] INFO  server.RaftServerConfigKeys (ConfUtils.java:logGet(46)) - raft.server.log.purge.upto.snapshot.index = false (default)
2024-10-20 10:45:58,433 [s1@group-6C7A98F62AAB-FollowerState] INFO  server.RaftServerConfigKeys (ConfUtils.java:logFallback(53)) - raft.server.rpc.first-election.timeout.min = 150ms (fallback to raft.server.rpc.timeout.min)
2024-10-20 10:45:58,433 [s1@group-6C7A98F62AAB-FollowerState] INFO  server.RaftServerConfigKeys (ConfUtils.java:logFallback(53)) - raft.server.rpc.first-election.timeout.max = 300ms (fallback to raft.server.rpc.timeout.max)
2024-10-20 10:45:58,433 [s1-impl-thread1] INFO  server.RaftServer$Division (RaftServerImpl.java:start(407)) - s1@group-6C7A98F62AAB: Successfully started.
2024-10-20 10:45:58,433 [main] INFO  server.RaftServer (RaftServerProxy.java:startImpl(408)) - s1: start RPC server
2024-10-20 10:45:58,434 [main] INFO  server.GrpcServicesImpl (GrpcServicesImpl.java:startImpl(353)) - s1: GrpcServicesImpl started, listening on 15282
2024-10-20 10:45:58,435 [main] INFO  server.GrpcServicesImpl (GrpcServicesImpl.java:startImpl(353)) - s1: GrpcServicesImpl started, listening on 15280
2024-10-20 10:45:58,436 [main] INFO  server.GrpcServicesImpl (GrpcServicesImpl.java:startImpl(353)) - s1: GrpcServicesImpl started, listening on 15281
2024-10-20 10:45:58,436 [s2-impl-thread1] INFO  server.RaftServerConfigKeys (ConfUtils.java:logGet(46)) - raft.server.storage.free-space.min = 0MB (=0) (default)
2024-10-20 10:45:58,437 [s2-impl-thread1] INFO  server.RaftServerConfigKeys (ConfUtils.java:logGet(46)) - raft.server.log.corruption.policy = EXCEPTION (default)
2024-10-20 10:45:58,436 [JvmPauseMonitor70] INFO  util.JvmPauseMonitor (JvmPauseMonitor.java:run(146)) - JvmPauseMonitor-s1: Started
2024-10-20 10:45:58,437 [s2-impl-thread1] INFO  server.RaftServerConfigKeys (ConfUtils.java:logGet(46)) - raft.server.storage.dir = [/home/runner/work/ratis/ratis/ratis-test/target/test/data/d69430f5/MiniRaftClusterWithGrpcc931c4f4/s2] (custom)
2024-10-20 10:45:58,437 [s2-impl-thread1] INFO  storage.RaftStorageDirectory (RaftStorageDirectoryImpl.java:analyzeStorage(138)) - The storage directory /home/runner/work/ratis/ratis/ratis-test/target/test/data/d69430f5/MiniRaftClusterWithGrpcc931c4f4/s2/f724db2d-34af-4fbb-9075-6c7a98f62aab does not exist. Creating ...
2024-10-20 10:45:58,438 [s2-impl-thread1] TRACE util.FileUtils (LogUtils.java:runAndLog(49)) - Successfully ran Files.createDirectories /home/runner/work/ratis/ratis/ratis-test/target/test/data/d69430f5/MiniRaftClusterWithGrpcc931c4f4/s2/f724db2d-34af-4fbb-9075-6c7a98f62aab
2024-10-20 10:45:58,439 [s2-impl-thread1] INFO  storage.RaftStorageDirectory (RaftStorageDirectoryImpl.java:tryLock(229)) - Lock on /home/runner/work/ratis/ratis/ratis-test/target/test/data/d69430f5/MiniRaftClusterWithGrpcc931c4f4/s2/f724db2d-34af-4fbb-9075-6c7a98f62aab/in_use.lock acquired by nodename 10902@fv-az889-899
2024-10-20 10:45:58,439 [s2-impl-thread1] TRACE util.FileUtils (LogUtils.java:runAndLog(49)) - Successfully ran Files.createDirectories /home/runner/work/ratis/ratis/ratis-test/target/test/data/d69430f5/MiniRaftClusterWithGrpcc931c4f4/s2/f724db2d-34af-4fbb-9075-6c7a98f62aab/current
2024-10-20 10:45:58,439 [s2-impl-thread1] TRACE util.FileUtils (LogUtils.java:runAndLog(49)) - Successfully ran Files.createDirectories /home/runner/work/ratis/ratis/ratis-test/target/test/data/d69430f5/MiniRaftClusterWithGrpcc931c4f4/s2/f724db2d-34af-4fbb-9075-6c7a98f62aab/sm
2024-10-20 10:45:58,440 [s2-impl-thread1] TRACE util.FileUtils (LogUtils.java:supplyAndLog(69)) - Successfully supplied FileChannel.open /home/runner/work/ratis/ratis/ratis-test/target/test/data/d69430f5/MiniRaftClusterWithGrpcc931c4f4/s2/f724db2d-34af-4fbb-9075-6c7a98f62aab/current/raft-meta.tmp with options [CREATE, WRITE]: sun.nio.ch.FileChannelImpl@1139cd6c
2024-10-20 10:45:58,441 [s2-impl-thread1] TRACE util.FileUtils (LogUtils.java:runAndLog(49)) - Successfully ran Atomic Files.move /home/runner/work/ratis/ratis/ratis-test/target/test/data/d69430f5/MiniRaftClusterWithGrpcc931c4f4/s2/f724db2d-34af-4fbb-9075-6c7a98f62aab/current/raft-meta.tmp to /home/runner/work/ratis/ratis/ratis-test/target/test/data/d69430f5/MiniRaftClusterWithGrpcc931c4f4/s2/f724db2d-34af-4fbb-9075-6c7a98f62aab/current/raft-meta with options [REPLACE_EXISTING]
2024-10-20 10:45:58,441 [s2-impl-thread1] INFO  storage.RaftStorage (RaftStorageImpl.java:format(98)) - Storage directory /home/runner/work/ratis/ratis/ratis-test/target/test/data/d69430f5/MiniRaftClusterWithGrpcc931c4f4/s2/f724db2d-34af-4fbb-9075-6c7a98f62aab has been successfully formatted.
2024-10-20 10:45:58,441 [s2-impl-thread1] INFO  server.RaftServerConfigKeys (ConfUtils.java:logGet(46)) - raft.server.log.use.memory = false (default)
2024-10-20 10:45:58,442 [s2-impl-thread1] INFO  server.RaftServerConfigKeys (ConfUtils.java:logGet(46)) - raft.server.log.purge.gap = 1024 (default)
2024-10-20 10:45:58,442 [s2-impl-thread1] INFO  server.RaftServerConfigKeys (ConfUtils.java:logGet(46)) - raft.server.log.appender.buffer.byte-limit = 4MB (=4194304) (default)
2024-10-20 10:45:58,442 [s2-impl-thread1] INFO  server.RaftServerConfigKeys (ConfUtils.java:logGet(46)) - raft.server.log.statemachine.data.read.timeout = 1000ms (default)
2024-10-20 10:45:58,442 [s2-impl-thread1] INFO  server.RaftServerConfigKeys (ConfUtils.java:logGet(46)) - raft.server.log.purge.preservation.log.num = 0 (default)
2024-10-20 10:45:58,443 [s2-impl-thread1] INFO  server.RaftServerConfigKeys (ConfUtils.java:logGet(46)) - raft.server.log.segment.size.max = 32MB (=33554432) (default)
2024-10-20 10:45:58,443 [s2-impl-thread1] INFO  server.RaftServerConfigKeys (ConfUtils.java:logGet(46)) - raft.server.log.segment.cache.num.max = 6 (default)
2024-10-20 10:45:58,443 [s2-impl-thread1] INFO  server.RaftServerConfigKeys (ConfUtils.java:logGet(46)) - raft.server.log.segment.cache.size.max = 200MB (=209715200) (default)
2024-10-20 10:45:58,444 [s2-impl-thread1] INFO  server.RaftServerConfigKeys (ConfUtils.java:logGet(46)) - raft.server.log.appender.buffer.byte-limit = 4MB (=4194304) (default)
2024-10-20 10:45:58,444 [s2-impl-thread1] INFO  util.AwaitToRun (AwaitToRun.java:start(81)) - Thread[s2@group-6C7A98F62AAB-cacheEviction-AwaitToRun,5,main] started
2024-10-20 10:45:58,444 [s2-impl-thread1] INFO  segmented.SegmentedRaftLogWorker (SegmentedRaftLogWorker.java:<init>(188)) - new s2@group-6C7A98F62AAB-SegmentedRaftLogWorker for RaftStorageImpl:Storage Directory /home/runner/work/ratis/ratis/ratis-test/target/test/data/d69430f5/MiniRaftClusterWithGrpcc931c4f4/s2/f724db2d-34af-4fbb-9075-6c7a98f62aab
2024-10-20 10:45:58,444 [s2-impl-thread1] INFO  server.RaftServerConfigKeys (ConfUtils.java:logGet(46)) - raft.server.log.queue.byte-limit = 64MB (=67108864) (default)
2024-10-20 10:45:58,444 [s2-impl-thread1] INFO  server.RaftServerConfigKeys (ConfUtils.java:logGet(46)) - raft.server.log.queue.element-limit = 4096 (default)
2024-10-20 10:45:58,444 [s2-impl-thread1] INFO  server.RaftServerConfigKeys (ConfUtils.java:logGet(46)) - raft.server.log.segment.size.max = 32MB (=33554432) (default)
2024-10-20 10:45:58,444 [s2-impl-thread1] INFO  server.RaftServerConfigKeys (ConfUtils.java:logGet(46)) - raft.server.log.preallocated.size = 4MB (=4194304) (default)
2024-10-20 10:45:58,444 [s2-impl-thread1] INFO  server.RaftServerConfigKeys (ConfUtils.java:logGet(46)) - raft.server.log.force.sync.num = 128 (default)
2024-10-20 10:45:58,445 [s2-impl-thread1] INFO  server.RaftServerConfigKeys (ConfUtils.java:logGet(46)) - raft.server.log.statemachine.data.sync = true (default)
2024-10-20 10:45:58,445 [s2-impl-thread1] INFO  server.RaftServerConfigKeys (ConfUtils.java:logGet(46)) - raft.server.log.statemachine.data.sync.timeout = 10s (default)
2024-10-20 10:45:58,445 [s2-impl-thread1] INFO  server.RaftServerConfigKeys (ConfUtils.java:logGet(46)) - raft.server.log.statemachine.data.sync.timeout.retry = -1 (default)
2024-10-20 10:45:58,445 [s2-impl-thread1] INFO  server.RaftServerConfigKeys (ConfUtils.java:logGet(46)) - raft.server.log.write.buffer.size = 8MB (=8388608) (default)
2024-10-20 10:45:58,446 [s2-impl-thread1] INFO  server.RaftServerConfigKeys (ConfUtils.java:logGet(46)) - raft.server.log.appender.buffer.byte-limit = 4MB (=4194304) (default)
2024-10-20 10:45:58,446 [s2-impl-thread1] INFO  server.RaftServerConfigKeys (ConfUtils.java:logGet(46)) - raft.server.log.unsafe-flush.enabled = false (default)
2024-10-20 10:45:58,446 [s2-impl-thread1] INFO  server.RaftServerConfigKeys (ConfUtils.java:logGet(46)) - raft.server.log.async-flush.enabled = false (default)
2024-10-20 10:45:58,446 [s2-impl-thread1] INFO  server.RaftServerConfigKeys (ConfUtils.java:logGet(46)) - raft.server.log.statemachine.data.caching.enabled = false (default)
2024-10-20 10:45:58,446 [s2-impl-thread1] INFO  segmented.SegmentedRaftLogWorker (SegmentedRaftLogWorker.java:lambda$new$0(139)) - s2@group-6C7A98F62AAB-SegmentedRaftLogWorker: flushIndex: setUnconditionally 0 -> -1
2024-10-20 10:45:58,446 [s2-impl-thread1] INFO  segmented.SegmentedRaftLogWorker (SegmentedRaftLogWorker.java:lambda$new$0(139)) - s2@group-6C7A98F62AAB-SegmentedRaftLogWorker: safeCacheEvictIndex: setUnconditionally 0 -> -1
2024-10-20 10:45:58,450 [s2-impl-thread1] INFO  server.RaftServer$Division (RaftServerImpl.java:start(393)) - s2@group-6C7A98F62AAB: start as a follower, conf=conf: {index: -1, cur=peers:[s0|localhost:15276, s1|localhost:15280, s2|localhost:15284]|listeners:[], old=null}
2024-10-20 10:45:58,451 [s2-impl-thread1] INFO  server.RaftServer$Division (RaftServerImpl.java:setRole(380)) - s2@group-6C7A98F62AAB: changes role from      null to FOLLOWER at term 0 for startAsFollower
2024-10-20 10:45:58,451 [s2-impl-thread1] INFO  impl.RoleInfo (RoleInfo.java:updateAndGet(148)) - s2: start s2@group-6C7A98F62AAB-FollowerState
2024-10-20 10:45:58,455 [s2@group-6C7A98F62AAB-FollowerState] INFO  server.RaftServerConfigKeys (ConfUtils.java:logFallback(53)) - raft.server.rpc.first-election.timeout.min = 150ms (fallback to raft.server.rpc.timeout.min)
2024-10-20 10:45:58,455 [s2-impl-thread1] INFO  util.JmxRegister (JmxRegister.java:tryRegister(44)) - Successfully registered JMX Bean with object name Ratis:service=RaftServer,group=group-6C7A98F62AAB,id=s2
2024-10-20 10:45:58,455 [s2-impl-thread1] INFO  util.JmxRegister (JmxRegister.java:register(58)) - register mxBean class org.apache.ratis.server.impl.RaftServerJmxAdapter as Ratis:service=RaftServer,group=group-6C7A98F62AAB,id=s2
2024-10-20 10:45:58,455 [s2-impl-thread1] INFO  server.RaftServerConfigKeys (ConfUtils.java:logGet(46)) - raft.server.snapshot.trigger-when-stop.enabled = true (default)
2024-10-20 10:45:58,455 [s2-impl-thread1] INFO  server.RaftServerConfigKeys (ConfUtils.java:logGet(46)) - raft.server.snapshot.trigger-when-remove.enabled = true (default)
2024-10-20 10:45:58,455 [s2-impl-thread1] INFO  server.RaftServerConfigKeys (ConfUtils.java:logGet(46)) - raft.server.snapshot.auto.trigger.enabled = false (default)
2024-10-20 10:45:58,455 [s2-impl-thread1] INFO  server.RaftServerConfigKeys (ConfUtils.java:logGet(46)) - raft.server.snapshot.retention.file.num = -1 (default)
2024-10-20 10:45:58,456 [s2-impl-thread1] INFO  server.RaftServerConfigKeys (ConfUtils.java:logGet(46)) - raft.server.log.purge.upto.snapshot.index = false (default)
2024-10-20 10:45:58,456 [s2-impl-thread1] INFO  server.RaftServer$Division (RaftServerImpl.java:start(407)) - s2@group-6C7A98F62AAB: Successfully started.
2024-10-20 10:45:58,456 [main] INFO  server.RaftServer (RaftServerProxy.java:startImpl(408)) - s2: start RPC server
2024-10-20 10:45:58,455 [s2@group-6C7A98F62AAB-FollowerState] INFO  server.RaftServerConfigKeys (ConfUtils.java:logFallback(53)) - raft.server.rpc.first-election.timeout.max = 300ms (fallback to raft.server.rpc.timeout.max)
2024-10-20 10:45:58,457 [main] INFO  server.GrpcServicesImpl (GrpcServicesImpl.java:startImpl(353)) - s2: GrpcServicesImpl started, listening on 15286
2024-10-20 10:45:58,458 [main] INFO  server.GrpcServicesImpl (GrpcServicesImpl.java:startImpl(353)) - s2: GrpcServicesImpl started, listening on 15284
2024-10-20 10:45:58,459 [main] INFO  server.GrpcServicesImpl (GrpcServicesImpl.java:startImpl(353)) - s2: GrpcServicesImpl started, listening on 15285
2024-10-20 10:45:58,467 [JvmPauseMonitor71] INFO  util.JvmPauseMonitor (JvmPauseMonitor.java:run(146)) - JvmPauseMonitor-s2: Started
2024-10-20 10:45:58,468 [main] INFO  server.RaftServerConfigKeys (ConfUtils.java:logGet(46)) - raft.server.read.leader.lease.timeout.ratio = 0.5 (custom)
2024-10-20 10:45:58,468 [main] INFO  server.RaftServerConfigKeys (ConfUtils.java:logGet(46)) - raft.server.rpc.timeout.min = 150ms (default)
2024-10-20 10:45:58,468 [main] INFO  server.RaftServerConfigKeys (ConfUtils.java:logGet(46)) - raft.server.rpc.timeout.max = 300ms (default)
2024-10-20 10:45:58,469 [main] INFO  ratis.RaftTestUtil (RaftTestUtil.java:waitForLeader(107)) - printing ALL groups
  s0:  RUNNING  FOLLOWER s0@group-6C7A98F62AAB:t0, leader=null, voted=, raftlog=Memoized:s0@group-6C7A98F62AAB-SegmentedRaftLog:OPENED:c-1:lastnull, conf=conf: {index: -1, cur=peers:[s0|localhost:15276, s1|localhost:15280, s2|localhost:15284]|listeners:[], old=null} RUNNING
  s1:  RUNNING  FOLLOWER s1@group-6C7A98F62AAB:t0, leader=null, voted=, raftlog=Memoized:s1@group-6C7A98F62AAB-SegmentedRaftLog:OPENED:c-1:lastnull, conf=conf: {index: -1, cur=peers:[s0|localhost:15276, s1|localhost:15280, s2|localhost:15284]|listeners:[], old=null} RUNNING
  s2:  RUNNING  FOLLOWER s2@group-6C7A98F62AAB:t0, leader=null, voted=, raftlog=Memoized:s2@group-6C7A98F62AAB-SegmentedRaftLog:OPENED:c-1:lastnull, conf=conf: {index: -1, cur=peers:[s0|localhost:15276, s1|localhost:15280, s2|localhost:15284]|listeners:[], old=null} RUNNING
2024-10-20 10:45:58,469 [main] WARN  ratis.RaftTestUtil (RaftTestUtil.java:lambda$waitForLeader$3(126)) - Attempt #1 failed: java.lang.IllegalStateException: No leader yet : printing ALL groups
  s0:  RUNNING  FOLLOWER s0@group-6C7A98F62AAB:t0, leader=null, voted=, raftlog=Memoized:s0@group-6C7A98F62AAB-SegmentedRaftLog:OPENED:c-1:lastnull, conf=conf: {index: -1, cur=peers:[s0|localhost:15276, s1|localhost:15280, s2|localhost:15284]|listeners:[], old=null} RUNNING
  s1:  RUNNING  FOLLOWER s1@group-6C7A98F62AAB:t0, leader=null, voted=, raftlog=Memoized:s1@group-6C7A98F62AAB-SegmentedRaftLog:OPENED:c-1:lastnull, conf=conf: {index: -1, cur=peers:[s0|localhost:15276, s1|localhost:15280, s2|localhost:15284]|listeners:[], old=null} RUNNING
  s2:  RUNNING  FOLLOWER s2@group-6C7A98F62AAB:t0, leader=null, voted=, raftlog=Memoized:s2@group-6C7A98F62AAB-SegmentedRaftLog:OPENED:c-1:lastnull, conf=conf: {index: -1, cur=peers:[s0|localhost:15276, s1|localhost:15280, s2|localhost:15284]|listeners:[], old=null} RUNNING
2024-10-20 10:45:58,633 [s0@group-6C7A98F62AAB-FollowerState] INFO  impl.FollowerState (FollowerState.java:runImpl(161)) - s0@group-6C7A98F62AAB-FollowerState: change to CANDIDATE, lastRpcElapsedTime:233611085ns, electionTimeout:230ms
2024-10-20 10:45:58,633 [s0@group-6C7A98F62AAB-FollowerState] INFO  impl.RoleInfo (RoleInfo.java:shutdownFollowerState(121)) - s0: shutdown s0@group-6C7A98F62AAB-FollowerState
2024-10-20 10:45:58,633 [s0@group-6C7A98F62AAB-FollowerState] INFO  server.RaftServer$Division (RaftServerImpl.java:setRole(380)) - s0@group-6C7A98F62AAB: changes role from  FOLLOWER to CANDIDATE at term 0 for changeToCandidate
2024-10-20 10:45:58,634 [s0@group-6C7A98F62AAB-FollowerState] INFO  server.RaftServerConfigKeys (ConfUtils.java:logGet(46)) - raft.server.leaderelection.pre-vote = true (default)
2024-10-20 10:45:58,634 [s0@group-6C7A98F62AAB-FollowerState] INFO  impl.RoleInfo (RoleInfo.java:updateAndGet(148)) - s0: start s0@group-6C7A98F62AAB-LeaderElection83
2024-10-20 10:45:58,634 [s0@group-6C7A98F62AAB-LeaderElection83] INFO  impl.LeaderElection (LeaderElection.java:askForVotes(333)) - s0@group-6C7A98F62AAB-LeaderElection83 PRE_VOTE round 0: submit vote requests at term 0 for conf: {index: -1, cur=peers:[s0|localhost:15276, s1|localhost:15280, s2|localhost:15284]|listeners:[], old=null}
2024-10-20 10:45:58,635 [s1@group-6C7A98F62AAB-FollowerState] INFO  impl.FollowerState (FollowerState.java:runImpl(161)) - s1@group-6C7A98F62AAB-FollowerState: change to CANDIDATE, lastRpcElapsedTime:208342690ns, electionTimeout:202ms
2024-10-20 10:45:58,635 [s1@group-6C7A98F62AAB-FollowerState] INFO  impl.RoleInfo (RoleInfo.java:shutdownFollowerState(121)) - s1: shutdown s1@group-6C7A98F62AAB-FollowerState
2024-10-20 10:45:58,635 [s1@group-6C7A98F62AAB-FollowerState] INFO  server.RaftServer$Division (RaftServerImpl.java:setRole(380)) - s1@group-6C7A98F62AAB: changes role from  FOLLOWER to CANDIDATE at term 0 for changeToCandidate
2024-10-20 10:45:58,635 [s0@group-6C7A98F62AAB-LeaderElection83-1] INFO  server.GrpcServerProtocolClient (GrpcServerProtocolClient.java:<init>(65)) - Build channel for s1|localhost:15280
2024-10-20 10:45:58,636 [s1@group-6C7A98F62AAB-FollowerState] INFO  server.RaftServerConfigKeys (ConfUtils.java:logGet(46)) - raft.server.leaderelection.pre-vote = true (default)
2024-10-20 10:45:58,636 [s1@group-6C7A98F62AAB-FollowerState] INFO  impl.RoleInfo (RoleInfo.java:updateAndGet(148)) - s1: start s1@group-6C7A98F62AAB-LeaderElection84
2024-10-20 10:45:58,636 [s0@group-6C7A98F62AAB-LeaderElection83] INFO  server.RaftServerConfigKeys (ConfUtils.java:logFallback(53)) - raft.server.rpc.first-election.timeout.min = 150ms (fallback to raft.server.rpc.timeout.min)
2024-10-20 10:45:58,636 [s0@group-6C7A98F62AAB-LeaderElection83] INFO  server.RaftServerConfigKeys (ConfUtils.java:logFallback(53)) - raft.server.rpc.first-election.timeout.max = 300ms (fallback to raft.server.rpc.timeout.max)
2024-10-20 10:45:58,636 [s1@group-6C7A98F62AAB-LeaderElection84] INFO  impl.LeaderElection (LeaderElection.java:askForVotes(333)) - s1@group-6C7A98F62AAB-LeaderElection84 PRE_VOTE round 0: submit vote requests at term 0 for conf: {index: -1, cur=peers:[s0|localhost:15276, s1|localhost:15280, s2|localhost:15284]|listeners:[], old=null}
2024-10-20 10:45:58,637 [s1@group-6C7A98F62AAB-LeaderElection84-1] INFO  server.GrpcServerProtocolClient (GrpcServerProtocolClient.java:<init>(65)) - Build channel for s0|localhost:15276
2024-10-20 10:45:58,638 [s0@group-6C7A98F62AAB-LeaderElection83-2] INFO  server.GrpcServerProtocolClient (GrpcServerProtocolClient.java:<init>(65)) - Build channel for s2|localhost:15284
2024-10-20 10:45:58,642 [s1@group-6C7A98F62AAB-LeaderElection84-2] INFO  server.GrpcServerProtocolClient (GrpcServerProtocolClient.java:<init>(65)) - Build channel for s2|localhost:15284
2024-10-20 10:45:58,643 [s1@group-6C7A98F62AAB-LeaderElection84] INFO  server.RaftServerConfigKeys (ConfUtils.java:logFallback(53)) - raft.server.rpc.first-election.timeout.min = 150ms (fallback to raft.server.rpc.timeout.min)
2024-10-20 10:45:58,643 [s1@group-6C7A98F62AAB-LeaderElection84] INFO  server.RaftServerConfigKeys (ConfUtils.java:logFallback(53)) - raft.server.rpc.first-election.timeout.max = 300ms (fallback to raft.server.rpc.timeout.max)
2024-10-20 10:45:58,665 [grpc-default-executor-2] INFO  server.RaftServer$Division (RaftServerImpl.java:requestVote(1447)) - s0@group-6C7A98F62AAB: receive requestVote(PRE_VOTE, s1, group-6C7A98F62AAB, 0, (t:0, i:0))
2024-10-20 10:45:58,665 [s2@group-6C7A98F62AAB-FollowerState] INFO  impl.FollowerState (FollowerState.java:runImpl(161)) - s2@group-6C7A98F62AAB-FollowerState: change to CANDIDATE, lastRpcElapsedTime:214213019ns, electionTimeout:208ms
2024-10-20 10:45:58,665 [s2@group-6C7A98F62AAB-FollowerState] INFO  impl.RoleInfo (RoleInfo.java:shutdownFollowerState(121)) - s2: shutdown s2@group-6C7A98F62AAB-FollowerState
2024-10-20 10:45:58,665 [s2@group-6C7A98F62AAB-FollowerState] INFO  server.RaftServer$Division (RaftServerImpl.java:setRole(380)) - s2@group-6C7A98F62AAB: changes role from  FOLLOWER to CANDIDATE at term 0 for changeToCandidate
2024-10-20 10:45:58,665 [s2@group-6C7A98F62AAB-FollowerState] INFO  server.RaftServerConfigKeys (ConfUtils.java:logGet(46)) - raft.server.leaderelection.pre-vote = true (default)
2024-10-20 10:45:58,665 [s2@group-6C7A98F62AAB-FollowerState] INFO  impl.RoleInfo (RoleInfo.java:updateAndGet(148)) - s2: start s2@group-6C7A98F62AAB-LeaderElection85
2024-10-20 10:45:58,665 [grpc-default-executor-2] INFO  impl.VoteContext (VoteContext.java:log(49)) - s0@group-6C7A98F62AAB-CANDIDATE: accept PRE_VOTE from s1: our priority 0 <= candidate's priority 0
2024-10-20 10:45:58,666 [s2@group-6C7A98F62AAB-LeaderElection85] INFO  impl.LeaderElection (LeaderElection.java:askForVotes(333)) - s2@group-6C7A98F62AAB-LeaderElection85 PRE_VOTE round 0: submit vote requests at term 0 for conf: {index: -1, cur=peers:[s0|localhost:15276, s1|localhost:15280, s2|localhost:15284]|listeners:[], old=null}
2024-10-20 10:45:58,666 [grpc-default-executor-2] INFO  server.RaftServer$Division (RaftServerImpl.java:requestVote(1480)) - s0@group-6C7A98F62AAB replies to PRE_VOTE vote request: s1<-s0#0:OK-t0. Peer's state: s0@group-6C7A98F62AAB:t0, leader=null, voted=, raftlog=Memoized:s0@group-6C7A98F62AAB-SegmentedRaftLog:OPENED:c-1:lastnull, conf=conf: {index: -1, cur=peers:[s0|localhost:15276, s1|localhost:15280, s2|localhost:15284]|listeners:[], old=null}
2024-10-20 10:45:58,666 [grpc-default-executor-1] INFO  server.RaftServer$Division (RaftServerImpl.java:requestVote(1447)) - s2@group-6C7A98F62AAB: receive requestVote(PRE_VOTE, s0, group-6C7A98F62AAB, 0, (t:0, i:0))
2024-10-20 10:45:58,666 [grpc-default-executor-1] INFO  impl.VoteContext (VoteContext.java:log(49)) - s2@group-6C7A98F62AAB-CANDIDATE: accept PRE_VOTE from s0: our priority 0 <= candidate's priority 0
2024-10-20 10:45:58,667 [grpc-default-executor-1] INFO  server.RaftServer$Division (RaftServerImpl.java:requestVote(1480)) - s2@group-6C7A98F62AAB replies to PRE_VOTE vote request: s0<-s2#0:OK-t0. Peer's state: s2@group-6C7A98F62AAB:t0, leader=null, voted=, raftlog=Memoized:s2@group-6C7A98F62AAB-SegmentedRaftLog:OPENED:c-1:lastnull, conf=conf: {index: -1, cur=peers:[s0|localhost:15276, s1|localhost:15280, s2|localhost:15284]|listeners:[], old=null}
2024-10-20 10:45:58,669 [s2@group-6C7A98F62AAB-LeaderElection85-1] INFO  server.GrpcServerProtocolClient (GrpcServerProtocolClient.java:<init>(65)) - Build channel for s0|localhost:15276
2024-10-20 10:45:58,669 [grpc-default-executor-3] INFO  server.RaftServer$Division (RaftServerImpl.java:requestVote(1447)) - s2@group-6C7A98F62AAB: receive requestVote(PRE_VOTE, s1, group-6C7A98F62AAB, 0, (t:0, i:0))
2024-10-20 10:45:58,670 [grpc-default-executor-3] INFO  impl.VoteContext (VoteContext.java:log(49)) - s2@group-6C7A98F62AAB-CANDIDATE: accept PRE_VOTE from s1: our priority 0 <= candidate's priority 0
2024-10-20 10:45:58,670 [grpc-default-executor-3] INFO  server.RaftServer$Division (RaftServerImpl.java:requestVote(1480)) - s2@group-6C7A98F62AAB replies to PRE_VOTE vote request: s1<-s2#0:OK-t0. Peer's state: s2@group-6C7A98F62AAB:t0, leader=null, voted=, raftlog=Memoized:s2@group-6C7A98F62AAB-SegmentedRaftLog:OPENED:c-1:lastnull, conf=conf: {index: -1, cur=peers:[s0|localhost:15276, s1|localhost:15280, s2|localhost:15284]|listeners:[], old=null}
2024-10-20 10:45:58,675 [grpc-default-executor-3] INFO  server.RaftServer$Division (RaftServerImpl.java:requestVote(1447)) - s1@group-6C7A98F62AAB: receive requestVote(PRE_VOTE, s0, group-6C7A98F62AAB, 0, (t:0, i:0))
2024-10-20 10:45:58,675 [grpc-default-executor-3] INFO  impl.VoteContext (VoteContext.java:log(49)) - s1@group-6C7A98F62AAB-CANDIDATE: accept PRE_VOTE from s0: our priority 0 <= candidate's priority 0
2024-10-20 10:45:58,676 [grpc-default-executor-3] INFO  server.RaftServer$Division (RaftServerImpl.java:requestVote(1480)) - s1@group-6C7A98F62AAB replies to PRE_VOTE vote request: s0<-s1#0:OK-t0. Peer's state: s1@group-6C7A98F62AAB:t0, leader=null, voted=, raftlog=Memoized:s1@group-6C7A98F62AAB-SegmentedRaftLog:OPENED:c-1:lastnull, conf=conf: {index: -1, cur=peers:[s0|localhost:15276, s1|localhost:15280, s2|localhost:15284]|listeners:[], old=null}
2024-10-20 10:45:58,683 [s2@group-6C7A98F62AAB-LeaderElection85] INFO  server.RaftServerConfigKeys (ConfUtils.java:logFallback(53)) - raft.server.rpc.first-election.timeout.min = 150ms (fallback to raft.server.rpc.timeout.min)
2024-10-20 10:45:58,683 [s2@group-6C7A98F62AAB-LeaderElection85] INFO  server.RaftServerConfigKeys (ConfUtils.java:logFallback(53)) - raft.server.rpc.first-election.timeout.max = 300ms (fallback to raft.server.rpc.timeout.max)
2024-10-20 10:45:58,683 [s2@group-6C7A98F62AAB-LeaderElection85-2] INFO  server.GrpcServerProtocolClient (GrpcServerProtocolClient.java:<init>(65)) - Build channel for s1|localhost:15280
2024-10-20 10:45:58,683 [s1@group-6C7A98F62AAB-LeaderElection84] INFO  impl.LeaderElection (LeaderElection.java:logAndReturn(90)) - s1@group-6C7A98F62AAB-LeaderElection84: PRE_VOTE PASSED received 1 response(s) and 0 exception(s):
2024-10-20 10:45:58,683 [s0@group-6C7A98F62AAB-LeaderElection83] INFO  impl.LeaderElection (LeaderElection.java:logAndReturn(90)) - s0@group-6C7A98F62AAB-LeaderElection83: PRE_VOTE PASSED received 1 response(s) and 0 exception(s):
2024-10-20 10:45:58,685 [s0@group-6C7A98F62AAB-LeaderElection83] INFO  impl.LeaderElection (LeaderElection.java:logAndReturn(94)) -   Response 0: s0<-s2#0:OK-t0
2024-10-20 10:45:58,685 [s1@group-6C7A98F62AAB-LeaderElection84] INFO  impl.LeaderElection (LeaderElection.java:logAndReturn(94)) -   Response 0: s1<-s0#0:OK-t0
2024-10-20 10:45:58,685 [s0@group-6C7A98F62AAB-LeaderElection83] INFO  impl.LeaderElection (LeaderElection.java:askForVotes(335)) - s0@group-6C7A98F62AAB-LeaderElection83 PRE_VOTE round 0: result PASSED
2024-10-20 10:45:58,685 [s1@group-6C7A98F62AAB-LeaderElection84] INFO  impl.LeaderElection (LeaderElection.java:askForVotes(335)) - s1@group-6C7A98F62AAB-LeaderElection84 PRE_VOTE round 0: result PASSED
2024-10-20 10:45:58,685 [s1@group-6C7A98F62AAB-LeaderElection84] TRACE util.FileUtils (LogUtils.java:supplyAndLog(69)) - Successfully supplied FileChannel.open /home/runner/work/ratis/ratis/ratis-test/target/test/data/d69430f5/MiniRaftClusterWithGrpcc931c4f4/s1/f724db2d-34af-4fbb-9075-6c7a98f62aab/current/raft-meta.tmp with options [CREATE, WRITE]: sun.nio.ch.FileChannelImpl@76939b3d
2024-10-20 10:45:58,685 [s0@group-6C7A98F62AAB-LeaderElection83] TRACE util.FileUtils (LogUtils.java:supplyAndLog(69)) - Successfully supplied FileChannel.open /home/runner/work/ratis/ratis/ratis-test/target/test/data/d69430f5/MiniRaftClusterWithGrpcc931c4f4/s0/f724db2d-34af-4fbb-9075-6c7a98f62aab/current/raft-meta.tmp with options [CREATE, WRITE]: sun.nio.ch.FileChannelImpl@259db992
2024-10-20 10:45:58,687 [s0@group-6C7A98F62AAB-LeaderElection83] TRACE util.FileUtils (LogUtils.java:runAndLog(49)) - Successfully ran Atomic Files.move /home/runner/work/ratis/ratis/ratis-test/target/test/data/d69430f5/MiniRaftClusterWithGrpcc931c4f4/s0/f724db2d-34af-4fbb-9075-6c7a98f62aab/current/raft-meta.tmp to /home/runner/work/ratis/ratis/ratis-test/target/test/data/d69430f5/MiniRaftClusterWithGrpcc931c4f4/s0/f724db2d-34af-4fbb-9075-6c7a98f62aab/current/raft-meta with options [REPLACE_EXISTING]
2024-10-20 10:45:58,687 [s0@group-6C7A98F62AAB-LeaderElection83] INFO  impl.LeaderElection (LeaderElection.java:askForVotes(333)) - s0@group-6C7A98F62AAB-LeaderElection83 ELECTION round 0: submit vote requests at term 1 for conf: {index: -1, cur=peers:[s0|localhost:15276, s1|localhost:15280, s2|localhost:15284]|listeners:[], old=null}
2024-10-20 10:45:58,688 [s1@group-6C7A98F62AAB-LeaderElection84] TRACE util.FileUtils (LogUtils.java:runAndLog(49)) - Successfully ran Atomic Files.move /home/runner/work/ratis/ratis/ratis-test/target/test/data/d69430f5/MiniRaftClusterWithGrpcc931c4f4/s1/f724db2d-34af-4fbb-9075-6c7a98f62aab/current/raft-meta.tmp to /home/runner/work/ratis/ratis/ratis-test/target/test/data/d69430f5/MiniRaftClusterWithGrpcc931c4f4/s1/f724db2d-34af-4fbb-9075-6c7a98f62aab/current/raft-meta with options [REPLACE_EXISTING]
2024-10-20 10:45:58,688 [s1@group-6C7A98F62AAB-LeaderElection84] INFO  impl.LeaderElection (LeaderElection.java:askForVotes(333)) - s1@group-6C7A98F62AAB-LeaderElection84 ELECTION round 0: submit vote requests at term 1 for conf: {index: -1, cur=peers:[s0|localhost:15276, s1|localhost:15280, s2|localhost:15284]|listeners:[], old=null}
2024-10-20 10:45:58,689 [grpc-default-executor-1] INFO  server.RaftServer$Division (RaftServerImpl.java:requestVote(1447)) - s0@group-6C7A98F62AAB: receive requestVote(PRE_VOTE, s2, group-6C7A98F62AAB, 0, (t:0, i:0))
2024-10-20 10:45:58,689 [s0@group-6C7A98F62AAB-LeaderElection83] INFO  server.RaftServerConfigKeys (ConfUtils.java:logFallback(53)) - raft.server.rpc.first-election.timeout.min = 150ms (fallback to raft.server.rpc.timeout.min)
2024-10-20 10:45:58,689 [s0@group-6C7A98F62AAB-LeaderElection83] INFO  server.RaftServerConfigKeys (ConfUtils.java:logFallback(53)) - raft.server.rpc.first-election.timeout.max = 300ms (fallback to raft.server.rpc.timeout.max)
2024-10-20 10:45:58,690 [s1@group-6C7A98F62AAB-LeaderElection84] INFO  server.RaftServerConfigKeys (ConfUtils.java:logFallback(53)) - raft.server.rpc.first-election.timeout.min = 150ms (fallback to raft.server.rpc.timeout.min)
2024-10-20 10:45:58,690 [s1@group-6C7A98F62AAB-LeaderElection84] INFO  server.RaftServerConfigKeys (ConfUtils.java:logFallback(53)) - raft.server.rpc.first-election.timeout.max = 300ms (fallback to raft.server.rpc.timeout.max)
2024-10-20 10:45:58,690 [grpc-default-executor-1] INFO  impl.VoteContext (VoteContext.java:log(49)) - s0@group-6C7A98F62AAB-CANDIDATE: accept PRE_VOTE from s2: our priority 0 <= candidate's priority 0
2024-10-20 10:45:58,691 [grpc-default-executor-1] INFO  server.RaftServer$Division (RaftServerImpl.java:requestVote(1480)) - s0@group-6C7A98F62AAB replies to PRE_VOTE vote request: s2<-s0#0:OK-t1. Peer's state: s0@group-6C7A98F62AAB:t1, leader=null, voted=s0, raftlog=Memoized:s0@group-6C7A98F62AAB-SegmentedRaftLog:OPENED:c-1:lastnull, conf=conf: {index: -1, cur=peers:[s0|localhost:15276, s1|localhost:15280, s2|localhost:15284]|listeners:[], old=null}
2024-10-20 10:45:58,695 [s2@group-6C7A98F62AAB-LeaderElection85] INFO  impl.LeaderElection (LeaderElection.java:logAndReturn(90)) - s2@group-6C7A98F62AAB-LeaderElection85: PRE_VOTE DISCOVERED_A_NEW_TERM (term=1) received 1 response(s) and 0 exception(s):
2024-10-20 10:45:58,695 [s2@group-6C7A98F62AAB-LeaderElection85] INFO  impl.LeaderElection (LeaderElection.java:logAndReturn(94)) -   Response 0: s2<-s0#0:OK-t1
2024-10-20 10:45:58,695 [s2@group-6C7A98F62AAB-LeaderElection85] INFO  impl.LeaderElection (LeaderElection.java:askForVotes(335)) - s2@group-6C7A98F62AAB-LeaderElection85 PRE_VOTE round 0: result DISCOVERED_A_NEW_TERM (term=1)
2024-10-20 10:45:58,695 [s2@group-6C7A98F62AAB-LeaderElection85] INFO  server.RaftServer$Division (RaftServerImpl.java:setRole(380)) - s2@group-6C7A98F62AAB: changes role from CANDIDATE to FOLLOWER at term 0 for DISCOVERED_A_NEW_TERM (term=1)
2024-10-20 10:45:58,695 [s2@group-6C7A98F62AAB-LeaderElection85] INFO  impl.RoleInfo (RoleInfo.java:shutdownLeaderElection(141)) - s2: shutdown s2@group-6C7A98F62AAB-LeaderElection85
2024-10-20 10:45:58,695 [s2@group-6C7A98F62AAB-LeaderElection85] INFO  impl.RoleInfo (RoleInfo.java:updateAndGet(148)) - s2: start s2@group-6C7A98F62AAB-FollowerState
2024-10-20 10:45:58,696 [s2@group-6C7A98F62AAB-LeaderElection85] INFO  server.RaftServer$Division (RaftServerImpl.java:setFirstElection(564)) - s2@group-6C7A98F62AAB: set firstElectionSinceStartup to false for DISCOVERED_A_NEW_TERM (term=1)
2024-10-20 10:45:58,697 [grpc-default-executor-3] INFO  server.RaftServer$Division (RaftServerImpl.java:requestVote(1447)) - s0@group-6C7A98F62AAB: receive requestVote(ELECTION, s1, group-6C7A98F62AAB, 1, (t:0, i:0))
2024-10-20 10:45:58,697 [s2@group-6C7A98F62AAB-LeaderElection85] TRACE util.FileUtils (LogUtils.java:supplyAndLog(69)) - Successfully supplied FileChannel.open /home/runner/work/ratis/ratis/ratis-test/target/test/data/d69430f5/MiniRaftClusterWithGrpcc931c4f4/s2/f724db2d-34af-4fbb-9075-6c7a98f62aab/current/raft-meta.tmp with options [CREATE, WRITE]: sun.nio.ch.FileChannelImpl@283996fa
2024-10-20 10:45:58,697 [grpc-default-executor-2] INFO  server.RaftServer$Division (RaftServerImpl.java:requestVote(1447)) - s1@group-6C7A98F62AAB: receive requestVote(ELECTION, s0, group-6C7A98F62AAB, 1, (t:0, i:0))
2024-10-20 10:45:58,697 [grpc-default-executor-2] INFO  impl.VoteContext (VoteContext.java:log(49)) - s1@group-6C7A98F62AAB-CANDIDATE: reject ELECTION from s0: already has voted for s1 at current term 1
2024-10-20 10:45:58,697 [grpc-default-executor-2] INFO  server.RaftServer$Division (RaftServerImpl.java:requestVote(1480)) - s1@group-6C7A98F62AAB replies to ELECTION vote request: s0<-s1#0:FAIL-t1. Peer's state: s1@group-6C7A98F62AAB:t1, leader=null, voted=s1, raftlog=Memoized:s1@group-6C7A98F62AAB-SegmentedRaftLog:OPENED:c-1:lastnull, conf=conf: {index: -1, cur=peers:[s0|localhost:15276, s1|localhost:15280, s2|localhost:15284]|listeners:[], old=null}
2024-10-20 10:45:58,697 [grpc-default-executor-1] INFO  server.RaftServer$Division (RaftServerImpl.java:requestVote(1447)) - s2@group-6C7A98F62AAB: receive requestVote(ELECTION, s0, group-6C7A98F62AAB, 1, (t:0, i:0))
2024-10-20 10:45:58,697 [grpc-default-executor-3] INFO  impl.VoteContext (VoteContext.java:log(49)) - s0@group-6C7A98F62AAB-CANDIDATE: reject ELECTION from s1: already has voted for s0 at current term 1
2024-10-20 10:45:58,698 [grpc-default-executor-3] INFO  server.RaftServer$Division (RaftServerImpl.java:requestVote(1480)) - s0@group-6C7A98F62AAB replies to ELECTION vote request: s1<-s0#0:FAIL-t1. Peer's state: s0@group-6C7A98F62AAB:t1, leader=null, voted=s0, raftlog=Memoized:s0@group-6C7A98F62AAB-SegmentedRaftLog:OPENED:c-1:lastnull, conf=conf: {index: -1, cur=peers:[s0|localhost:15276, s1|localhost:15280, s2|localhost:15284]|listeners:[], old=null}
2024-10-20 10:45:58,699 [s2@group-6C7A98F62AAB-LeaderElection85] TRACE util.FileUtils (LogUtils.java:runAndLog(49)) - Successfully ran Atomic Files.move /home/runner/work/ratis/ratis/ratis-test/target/test/data/d69430f5/MiniRaftClusterWithGrpcc931c4f4/s2/f724db2d-34af-4fbb-9075-6c7a98f62aab/current/raft-meta.tmp to /home/runner/work/ratis/ratis/ratis-test/target/test/data/d69430f5/MiniRaftClusterWithGrpcc931c4f4/s2/f724db2d-34af-4fbb-9075-6c7a98f62aab/current/raft-meta with options [REPLACE_EXISTING]
2024-10-20 10:45:58,700 [grpc-default-executor-1] INFO  impl.VoteContext (VoteContext.java:log(49)) - s2@group-6C7A98F62AAB-FOLLOWER: accept ELECTION from s0: our priority 0 <= candidate's priority 0
2024-10-20 10:45:58,700 [grpc-default-executor-1] INFO  server.RaftServer$Division (RaftServerImpl.java:setRole(380)) - s2@group-6C7A98F62AAB: changes role from  FOLLOWER to FOLLOWER at term 1 for candidate:s0
2024-10-20 10:45:58,700 [grpc-default-executor-1] INFO  impl.RoleInfo (RoleInfo.java:shutdownFollowerState(121)) - s2: shutdown s2@group-6C7A98F62AAB-FollowerState
2024-10-20 10:45:58,700 [grpc-default-executor-1] INFO  impl.RoleInfo (RoleInfo.java:updateAndGet(148)) - s2: start s2@group-6C7A98F62AAB-FollowerState
2024-10-20 10:45:58,701 [s2@group-6C7A98F62AAB-FollowerState] INFO  impl.FollowerState (FollowerState.java:shouldRun(122)) - s2@group-6C7A98F62AAB-FollowerState: Stopping now (isRunning? false, role = FOLLOWER)
2024-10-20 10:45:58,702 [grpc-default-executor-1] TRACE util.FileUtils (LogUtils.java:supplyAndLog(69)) - Successfully supplied FileChannel.open /home/runner/work/ratis/ratis/ratis-test/target/test/data/d69430f5/MiniRaftClusterWithGrpcc931c4f4/s2/f724db2d-34af-4fbb-9075-6c7a98f62aab/current/raft-meta.tmp with options [CREATE, WRITE]: sun.nio.ch.FileChannelImpl@643e6102
2024-10-20 10:45:58,702 [grpc-default-executor-3] INFO  server.RaftServer$Division (RaftServerImpl.java:requestVote(1447)) - s2@group-6C7A98F62AAB: receive requestVote(ELECTION, s1, group-6C7A98F62AAB, 1, (t:0, i:0))
2024-10-20 10:45:58,703 [grpc-default-executor-1] TRACE util.FileUtils (LogUtils.java:runAndLog(49)) - Successfully ran Atomic Files.move /home/runner/work/ratis/ratis/ratis-test/target/test/data/d69430f5/MiniRaftClusterWithGrpcc931c4f4/s2/f724db2d-34af-4fbb-9075-6c7a98f62aab/current/raft-meta.tmp to /home/runner/work/ratis/ratis/ratis-test/target/test/data/d69430f5/MiniRaftClusterWithGrpcc931c4f4/s2/f724db2d-34af-4fbb-9075-6c7a98f62aab/current/raft-meta with options [REPLACE_EXISTING]
2024-10-20 10:45:58,703 [grpc-default-executor-1] INFO  server.RaftServer$Division (RaftServerImpl.java:requestVote(1480)) - s2@group-6C7A98F62AAB replies to ELECTION vote request: s0<-s2#0:OK-t1. Peer's state: s2@group-6C7A98F62AAB:t1, leader=null, voted=s0, raftlog=Memoized:s2@group-6C7A98F62AAB-SegmentedRaftLog:OPENED:c-1:lastnull, conf=conf: {index: -1, cur=peers:[s0|localhost:15276, s1|localhost:15280, s2|localhost:15284]|listeners:[], old=null}
2024-10-20 10:45:58,704 [grpc-default-executor-3] INFO  impl.VoteContext (VoteContext.java:log(49)) - s2@group-6C7A98F62AAB-FOLLOWER: reject ELECTION from s1: already has voted for s0 at current term 1
2024-10-20 10:45:58,704 [grpc-default-executor-3] INFO  server.RaftServer$Division (RaftServerImpl.java:requestVote(1480)) - s2@group-6C7A98F62AAB replies to ELECTION vote request: s1<-s2#0:FAIL-t1. Peer's state: s2@group-6C7A98F62AAB:t1, leader=null, voted=s0, raftlog=Memoized:s2@group-6C7A98F62AAB-SegmentedRaftLog:OPENED:c-1:lastnull, conf=conf: {index: -1, cur=peers:[s0|localhost:15276, s1|localhost:15280, s2|localhost:15284]|listeners:[], old=null}
2024-10-20 10:45:58,705 [s0@group-6C7A98F62AAB-LeaderElection83] INFO  impl.LeaderElection (LeaderElection.java:logAndReturn(90)) - s0@group-6C7A98F62AAB-LeaderElection83: ELECTION PASSED received 2 response(s) and 0 exception(s):
2024-10-20 10:45:58,705 [s0@group-6C7A98F62AAB-LeaderElection83] INFO  impl.LeaderElection (LeaderElection.java:logAndReturn(94)) -   Response 0: s0<-s1#0:FAIL-t1
2024-10-20 10:45:58,705 [s0@group-6C7A98F62AAB-LeaderElection83] INFO  impl.LeaderElection (LeaderElection.java:logAndReturn(94)) -   Response 1: s0<-s2#0:OK-t1
2024-10-20 10:45:58,706 [s0@group-6C7A98F62AAB-LeaderElection83] INFO  impl.LeaderElection (LeaderElection.java:askForVotes(335)) - s0@group-6C7A98F62AAB-LeaderElection83 ELECTION round 0: result PASSED
2024-10-20 10:45:58,706 [s0@group-6C7A98F62AAB-LeaderElection83] INFO  impl.RoleInfo (RoleInfo.java:shutdownLeaderElection(141)) - s0: shutdown s0@group-6C7A98F62AAB-LeaderElection83
2024-10-20 10:45:58,706 [s0@group-6C7A98F62AAB-LeaderElection83] INFO  server.RaftServer$Division (RaftServerImpl.java:setRole(380)) - s0@group-6C7A98F62AAB: changes role from CANDIDATE to LEADER at term 1 for changeToLeader
2024-10-20 10:45:58,706 [s0@group-6C7A98F62AAB-LeaderElection83] INFO  server.RaftServerConfigKeys (ConfUtils.java:logGet(46)) - raft.server.staging.catchup.gap = 1000 (default)
2024-10-20 10:45:58,706 [s0@group-6C7A98F62AAB-LeaderElection83] INFO  server.RaftServerConfigKeys (ConfUtils.java:logGet(46)) - raft.server.write.element-limit = 4096 (default)
2024-10-20 10:45:58,706 [s0@group-6C7A98F62AAB-LeaderElection83] INFO  server.RaftServerConfigKeys (ConfUtils.java:logGet(46)) - raft.server.write.byte-limit = 64MB (=67108864) (default)
2024-10-20 10:45:58,706 [s0@group-6C7A98F62AAB-LeaderElection83] INFO  server.RaftServerConfigKeys (ConfUtils.java:logGet(46)) - raft.server.watch.timeout = 10s (default)
2024-10-20 10:45:58,706 [s0@group-6C7A98F62AAB-LeaderElection83] INFO  server.RaftServerConfigKeys (ConfUtils.java:logGet(46)) - raft.server.watch.timeout.denomination = 1s (default)
2024-10-20 10:45:58,706 [s0@group-6C7A98F62AAB-LeaderElection83] INFO  server.RaftServerConfigKeys (ConfUtils.java:logGet(46)) - raft.server.watch.element-limit = 65536 (default)
2024-10-20 10:45:58,707 [s0@group-6C7A98F62AAB-LeaderElection83] INFO  server.RaftServerConfigKeys (ConfUtils.java:logGet(46)) - raft.server.read.leader.lease.enabled = true (custom)
2024-10-20 10:45:58,707 [s0@group-6C7A98F62AAB-LeaderElection83] INFO  server.RaftServerConfigKeys (ConfUtils.java:logGet(46)) - raft.server.read.leader.lease.timeout.ratio = 0.5 (custom)
2024-10-20 10:45:58,707 [s0@group-6C7A98F62AAB-LeaderElection83] INFO  server.RaftServerConfigKeys (ConfUtils.java:logGet(46)) - raft.server.rpc.timeout.min = 150ms (default)
2024-10-20 10:45:58,707 [s0@group-6C7A98F62AAB-LeaderElection83] INFO  server.RaftServerConfigKeys (ConfUtils.java:logGet(46)) - raft.server.log.log-metadata.enabled = true (default)
2024-10-20 10:45:58,707 [s0@group-6C7A98F62AAB-LeaderElection83] INFO  server.RaftServerConfigKeys (ConfUtils.java:logGet(46)) - raft.server.write.element-limit = 4096 (default)
2024-10-20 10:45:58,707 [s0@group-6C7A98F62AAB-LeaderElection83] INFO  server.RaftServerConfigKeys (ConfUtils.java:logGet(46)) - raft.server.write.follower.gap.ratio.max = -1.0 (default)
2024-10-20 10:45:58,708 [s0@group-6C7A98F62AAB-LeaderElection83] INFO  server.RaftServerConfigKeys (ConfUtils.java:logGet(46)) - raft.server.log.appender.snapshot.chunk.size.max = 16MB (=16777216) (default)
2024-10-20 10:45:58,708 [s0@group-6C7A98F62AAB-LeaderElection83] INFO  server.RaftServerConfigKeys (ConfUtils.java:logGet(46)) - raft.server.log.appender.buffer.byte-limit = 4MB (=4194304) (default)
2024-10-20 10:45:58,708 [s0@group-6C7A98F62AAB-LeaderElection83] INFO  server.RaftServerConfigKeys (ConfUtils.java:logGet(46)) - raft.server.log.appender.buffer.element-limit = 0 (default)
2024-10-20 10:45:58,708 [s0@group-6C7A98F62AAB-LeaderElection83] INFO  server.RaftServerConfigKeys (ConfUtils.java:logGet(46)) - raft.server.log.appender.wait-time.min = 1ms (default)
2024-10-20 10:45:58,708 [s0@group-6C7A98F62AAB-LeaderElection83] INFO  grpc.GrpcConfigKeys (ConfUtils.java:logGet(46)) - raft.grpc.server.leader.outstanding.appends.max = 8 (default)
2024-10-20 10:45:58,708 [s0@group-6C7A98F62AAB-LeaderElection83] INFO  server.RaftServerConfigKeys (ConfUtils.java:logGet(46)) - raft.server.rpc.request.timeout = 3000ms (default)
2024-10-20 10:45:58,709 [s0@group-6C7A98F62AAB-LeaderElection83] INFO  grpc.GrpcConfigKeys (ConfUtils.java:logGet(46)) - raft.grpc.server.install_snapshot.request.element-limit = 8 (default)
2024-10-20 10:45:58,709 [s0@group-6C7A98F62AAB-LeaderElection83] INFO  grpc.GrpcConfigKeys (ConfUtils.java:logGet(46)) - raft.grpc.server.install_snapshot.request.timeout = 3000ms (default)
2024-10-20 10:45:58,709 [s0@group-6C7A98F62AAB-LeaderElection83] INFO  grpc.GrpcConfigKeys (ConfUtils.java:logGet(46)) - raft.grpc.server.log-message.batch.duration = 5s (default)
2024-10-20 10:45:58,709 [s0@group-6C7A98F62AAB-LeaderElection83] INFO  server.RaftServerConfigKeys (ConfUtils.java:logGet(46)) - raft.server.log.appender.install.snapshot.enabled = true (default)
2024-10-20 10:45:58,709 [s0@group-6C7A98F62AAB-LeaderElection83] INFO  grpc.GrpcConfigKeys (ConfUtils.java:logGet(46)) - raft.grpc.server.heartbeat.channel = true (default)
2024-10-20 10:45:58,710 [s0@group-6C7A98F62AAB-LeaderElection83] INFO  server.RaftServerConfigKeys (ConfUtils.java:logGet(46)) - raft.server.log.appender.snapshot.chunk.size.max = 16MB (=16777216) (default)
2024-10-20 10:45:58,710 [s0@group-6C7A98F62AAB-LeaderElection83] INFO  server.RaftServerConfigKeys (ConfUtils.java:logGet(46)) - raft.server.log.appender.buffer.byte-limit = 4MB (=4194304) (default)
2024-10-20 10:45:58,710 [s0@group-6C7A98F62AAB-LeaderElection83] INFO  server.RaftServerConfigKeys (ConfUtils.java:logGet(46)) - raft.server.log.appender.buffer.element-limit = 0 (default)
2024-10-20 10:45:58,710 [s0@group-6C7A98F62AAB-LeaderElection83] INFO  server.RaftServerConfigKeys (ConfUtils.java:logGet(46)) - raft.server.log.appender.wait-time.min = 1ms (default)
2024-10-20 10:45:58,710 [s0@group-6C7A98F62AAB-LeaderElection83] INFO  grpc.GrpcConfigKeys (ConfUtils.java:logGet(46)) - raft.grpc.server.leader.outstanding.appends.max = 8 (default)
2024-10-20 10:45:58,711 [s0@group-6C7A98F62AAB-LeaderElection83] INFO  server.RaftServerConfigKeys (ConfUtils.java:logGet(46)) - raft.server.rpc.request.timeout = 3000ms (default)
2024-10-20 10:45:58,711 [s0@group-6C7A98F62AAB-LeaderElection83] INFO  grpc.GrpcConfigKeys (ConfUtils.java:logGet(46)) - raft.grpc.server.install_snapshot.request.element-limit = 8 (default)
2024-10-20 10:45:58,711 [s0@group-6C7A98F62AAB-LeaderElection83] INFO  grpc.GrpcConfigKeys (ConfUtils.java:logGet(46)) - raft.grpc.server.install_snapshot.request.timeout = 3000ms (default)
2024-10-20 10:45:58,711 [s1@group-6C7A98F62AAB-LeaderElection84] INFO  impl.LeaderElection (LeaderElection.java:logAndReturn(90)) - s1@group-6C7A98F62AAB-LeaderElection84: ELECTION REJECTED received 2 response(s) and 0 exception(s):
2024-10-20 10:45:58,711 [s1@group-6C7A98F62AAB-LeaderElection84] INFO  impl.LeaderElection (LeaderElection.java:logAndReturn(94)) -   Response 0: s1<-s0#0:FAIL-t1
2024-10-20 10:45:58,711 [s1@group-6C7A98F62AAB-LeaderElection84] INFO  impl.LeaderElection (LeaderElection.java:logAndReturn(94)) -   Response 1: s1<-s2#0:FAIL-t1
2024-10-20 10:45:58,711 [s1@group-6C7A98F62AAB-LeaderElection84] INFO  impl.LeaderElection (LeaderElection.java:askForVotes(335)) - s1@group-6C7A98F62AAB-LeaderElection84 ELECTION round 0: result REJECTED
2024-10-20 10:45:58,711 [s1@group-6C7A98F62AAB-LeaderElection84] INFO  server.RaftServer$Division (RaftServerImpl.java:setRole(380)) - s1@group-6C7A98F62AAB: changes role from CANDIDATE to FOLLOWER at term 1 for REJECTED
2024-10-20 10:45:58,711 [s0@group-6C7A98F62AAB-LeaderElection83] INFO  grpc.GrpcConfigKeys (ConfUtils.java:logGet(46)) - raft.grpc.server.log-message.batch.duration = 5s (default)
2024-10-20 10:45:58,711 [s1@group-6C7A98F62AAB-LeaderElection84] INFO  impl.RoleInfo (RoleInfo.java:shutdownLeaderElection(141)) - s1: shutdown s1@group-6C7A98F62AAB-LeaderElection84
2024-10-20 10:45:58,712 [s1@group-6C7A98F62AAB-LeaderElection84] INFO  impl.RoleInfo (RoleInfo.java:updateAndGet(148)) - s1: start s1@group-6C7A98F62AAB-FollowerState
2024-10-20 10:45:58,711 [s0@group-6C7A98F62AAB-LeaderElection83] INFO  server.RaftServerConfigKeys (ConfUtils.java:logGet(46)) - raft.server.log.appender.install.snapshot.enabled = true (default)
2024-10-20 10:45:58,712 [s1@group-6C7A98F62AAB-LeaderElection84] INFO  server.RaftServer$Division (RaftServerImpl.java:setFirstElection(564)) - s1@group-6C7A98F62AAB: set firstElectionSinceStartup to false for REJECTED
2024-10-20 10:45:58,712 [s0@group-6C7A98F62AAB-LeaderElection83] INFO  grpc.GrpcConfigKeys (ConfUtils.java:logGet(46)) - raft.grpc.server.heartbeat.channel = true (default)
2024-10-20 10:45:58,712 [s0@group-6C7A98F62AAB-LeaderElection83] INFO  impl.RoleInfo (RoleInfo.java:updateAndGet(148)) - s0: start s0@group-6C7A98F62AAB-LeaderStateImpl
2024-10-20 10:45:58,712 [s0@group-6C7A98F62AAB-LeaderElection83] INFO  server.RaftServer$Division (RaftServerImpl.java:setFirstElection(564)) - s0@group-6C7A98F62AAB: set firstElectionSinceStartup to false for becomeLeader
2024-10-20 10:45:58,713 [s0@group-6C7A98F62AAB-LeaderElection83] INFO  server.RaftServer$Division (ServerState.java:setLeader(272)) - s0@group-6C7A98F62AAB: change Leader from null to s0 at term 1 for becomeLeader, leader elected after 367ms
2024-10-20 10:45:58,715 [s0@group-6C7A98F62AAB-LeaderElection83] INFO  segmented.SegmentedRaftLogWorker (SegmentedRaftLogWorker.java:startLogSegment(442)) - s0@group-6C7A98F62AAB-SegmentedRaftLogWorker: Starting segment from index:0
2024-10-20 10:45:58,716 [s0@group-6C7A98F62AAB-LeaderElection83] INFO  server.RaftServer$Division (ServerState.java:setRaftConf(386)) - s0@group-6C7A98F62AAB: set configuration conf: {index: 0, cur=peers:[s0|localhost:15276, s1|localhost:15280, s2|localhost:15284]|listeners:[], old=null}
2024-10-20 10:45:58,716 [s0@group-6C7A98F62AAB-SegmentedRaftLogWorker] INFO  segmented.BufferedWriteChannel (BufferedWriteChannel.java:open(61)) - open log_inprogress_0 at position 0
2024-10-20 10:45:58,731 [s0@group-6C7A98F62AAB-SegmentedRaftLogWorker] INFO  segmented.SegmentedRaftLogWorker (SegmentedRaftLogWorker.java:execute(663)) - s0@group-6C7A98F62AAB-SegmentedRaftLogWorker: created new log segment /home/runner/work/ratis/ratis/ratis-test/target/test/data/d69430f5/MiniRaftClusterWithGrpcc931c4f4/s0/f724db2d-34af-4fbb-9075-6c7a98f62aab/current/log_inprogress_0
2024-10-20 10:45:58,748 [s1-server-thread1] INFO  server.RaftServer$Division (ServerState.java:setLeader(272)) - s1@group-6C7A98F62AAB: change Leader from null to s0 at term 1 for appendEntries, leader elected after 392ms
2024-10-20 10:45:58,750 [s2-server-thread1] INFO  server.RaftServer$Division (ServerState.java:setLeader(272)) - s2@group-6C7A98F62AAB: change Leader from null to s0 at term 1 for appendEntries, leader elected after 366ms
2024-10-20 10:45:58,755 [s1-server-thread2] DEBUG server.RaftServer$Division (RaftServerImpl.java:logAppendEntries(1549)) - s1@group-6C7A98F62AAB: appendEntries* s0->s1#1-t1,previous=(t:0, i:0),leaderCommit=-1,initializing? false,entries: size=1, first=(t:1, i:0), CONFIGURATIONENTRY(current:id:"s0"address:"localhost:15276"dataStreamAddress:"localhost:15279"clientAddress:"localhost:15278"adminAddress:"localhost:15277"startupRole:FOLLOWER, id:"s1"address:"localhost:15280"dataStreamAddress:"localhost:15283"clientAddress:"localhost:15282"adminAddress:"localhost:15281"startupRole:FOLLOWER, id:"s2"address:"localhost:15284"dataStreamAddress:"localhost:15287"clientAddress:"localhost:15286"adminAddress:"localhost:15285"startupRole:FOLLOWER, old:)
2024-10-20 10:45:58,755 [s1-server-thread2] INFO  server.RaftServer$Division (ServerState.java:setRaftConf(386)) - s1@group-6C7A98F62AAB: set configuration conf: {index: 0, cur=peers:[s0|localhost:15276, s1|localhost:15280, s2|localhost:15284]|listeners:[], old=null}
2024-10-20 10:45:58,756 [s1-server-thread2] INFO  segmented.SegmentedRaftLogWorker (SegmentedRaftLogWorker.java:startLogSegment(442)) - s1@group-6C7A98F62AAB-SegmentedRaftLogWorker: Starting segment from index:0
2024-10-20 10:45:58,763 [s1@group-6C7A98F62AAB-SegmentedRaftLogWorker] INFO  segmented.BufferedWriteChannel (BufferedWriteChannel.java:open(61)) - open log_inprogress_0 at position 0
2024-10-20 10:45:58,764 [s2-server-thread2] DEBUG server.RaftServer$Division (RaftServerImpl.java:logAppendEntries(1549)) - s2@group-6C7A98F62AAB: appendEntries* s0->s2#1-t1,previous=(t:0, i:0),leaderCommit=-1,initializing? false,entries: size=1, first=(t:1, i:0), CONFIGURATIONENTRY(current:id:"s0"address:"localhost:15276"dataStreamAddress:"localhost:15279"clientAddress:"localhost:15278"adminAddress:"localhost:15277"startupRole:FOLLOWER, id:"s1"address:"localhost:15280"dataStreamAddress:"localhost:15283"clientAddress:"localhost:15282"adminAddress:"localhost:15281"startupRole:FOLLOWER, id:"s2"address:"localhost:15284"dataStreamAddress:"localhost:15287"clientAddress:"localhost:15286"adminAddress:"localhost:15285"startupRole:FOLLOWER, old:)
2024-10-20 10:45:58,764 [s2-server-thread2] INFO  server.RaftServer$Division (ServerState.java:setRaftConf(386)) - s2@group-6C7A98F62AAB: set configuration conf: {index: 0, cur=peers:[s0|localhost:15276, s1|localhost:15280, s2|localhost:15284]|listeners:[], old=null}
2024-10-20 10:45:58,764 [s2-server-thread2] INFO  segmented.SegmentedRaftLogWorker (SegmentedRaftLogWorker.java:startLogSegment(442)) - s2@group-6C7A98F62AAB-SegmentedRaftLogWorker: Starting segment from index:0
2024-10-20 10:45:58,765 [s2@group-6C7A98F62AAB-SegmentedRaftLogWorker] INFO  segmented.BufferedWriteChannel (BufferedWriteChannel.java:open(61)) - open log_inprogress_0 at position 0
2024-10-20 10:45:58,777 [s1@group-6C7A98F62AAB-SegmentedRaftLogWorker] INFO  segmented.SegmentedRaftLogWorker (SegmentedRaftLogWorker.java:execute(663)) - s1@group-6C7A98F62AAB-SegmentedRaftLogWorker: created new log segment /home/runner/work/ratis/ratis/ratis-test/target/test/data/d69430f5/MiniRaftClusterWithGrpcc931c4f4/s1/f724db2d-34af-4fbb-9075-6c7a98f62aab/current/log_inprogress_0
2024-10-20 10:45:58,778 [s2@group-6C7A98F62AAB-SegmentedRaftLogWorker] INFO  segmented.SegmentedRaftLogWorker (SegmentedRaftLogWorker.java:execute(663)) - s2@group-6C7A98F62AAB-SegmentedRaftLogWorker: created new log segment /home/runner/work/ratis/ratis/ratis-test/target/test/data/d69430f5/MiniRaftClusterWithGrpcc931c4f4/s2/f724db2d-34af-4fbb-9075-6c7a98f62aab/current/log_inprogress_0
2024-10-20 10:45:58,779 [s1-server-thread2] DEBUG server.RaftServer$Division (RaftServerImpl.java:logAppendEntries(1549)) - s1@group-6C7A98F62AAB: appendEntries* reply s0<-s1#1:OK-t1,SUCCESS,nextIndex=1,followerCommit=-1,matchIndex=0
2024-10-20 10:45:58,779 [s2-server-thread2] DEBUG server.RaftServer$Division (RaftServerImpl.java:logAppendEntries(1549)) - s2@group-6C7A98F62AAB: appendEntries* reply s0<-s2#1:OK-t1,SUCCESS,nextIndex=1,followerCommit=-1,matchIndex=0
2024-10-20 10:45:58,781 [s0@group-6C7A98F62AAB-StateMachineUpdater] TRACE util.FileUtils (LogUtils.java:supplyAndLog(69)) - Successfully supplied FileChannel.open /home/runner/work/ratis/ratis/ratis-test/target/test/data/d69430f5/MiniRaftClusterWithGrpcc931c4f4/s0/f724db2d-34af-4fbb-9075-6c7a98f62aab/current/raft-meta.conf.tmp with options [CREATE, WRITE]: sun.nio.ch.FileChannelImpl@f9bd1f5
2024-10-20 10:45:58,791 [s0@group-6C7A98F62AAB-StateMachineUpdater] TRACE util.FileUtils (LogUtils.java:runAndLog(49)) - Successfully ran Atomic Files.move /home/runner/work/ratis/ratis/ratis-test/target/test/data/d69430f5/MiniRaftClusterWithGrpcc931c4f4/s0/f724db2d-34af-4fbb-9075-6c7a98f62aab/current/raft-meta.conf.tmp to /home/runner/work/ratis/ratis/ratis-test/target/test/data/d69430f5/MiniRaftClusterWithGrpcc931c4f4/s0/f724db2d-34af-4fbb-9075-6c7a98f62aab/current/raft-meta.conf with options [REPLACE_EXISTING]
2024-10-20 10:45:58,792 [s0@group-6C7A98F62AAB-StateMachineUpdater] INFO  server.RaftServer$Division (LeaderStateImpl.java:checkStartIndex(314)) - Leader s0@group-6C7A98F62AAB-LeaderStateImpl is ready since appliedIndex == startIndex == 0
2024-10-20 10:45:58,863 [s1@group-6C7A98F62AAB-StateMachineUpdater] TRACE util.FileUtils (LogUtils.java:supplyAndLog(69)) - Successfully supplied FileChannel.open /home/runner/work/ratis/ratis/ratis-test/target/test/data/d69430f5/MiniRaftClusterWithGrpcc931c4f4/s1/f724db2d-34af-4fbb-9075-6c7a98f62aab/current/raft-meta.conf.tmp with options [CREATE, WRITE]: sun.nio.ch.FileChannelImpl@350e8d12
2024-10-20 10:45:58,864 [s2@group-6C7A98F62AAB-StateMachineUpdater] TRACE util.FileUtils (LogUtils.java:supplyAndLog(69)) - Successfully supplied FileChannel.open /home/runner/work/ratis/ratis/ratis-test/target/test/data/d69430f5/MiniRaftClusterWithGrpcc931c4f4/s2/f724db2d-34af-4fbb-9075-6c7a98f62aab/current/raft-meta.conf.tmp with options [CREATE, WRITE]: sun.nio.ch.FileChannelImpl@189a8a07
2024-10-20 10:45:58,869 [s1@group-6C7A98F62AAB-StateMachineUpdater] TRACE util.FileUtils (LogUtils.java:runAndLog(49)) - Successfully ran Atomic Files.move /home/runner/work/ratis/ratis/ratis-test/target/test/data/d69430f5/MiniRaftClusterWithGrpcc931c4f4/s1/f724db2d-34af-4fbb-9075-6c7a98f62aab/current/raft-meta.conf.tmp to /home/runner/work/ratis/ratis/ratis-test/target/test/data/d69430f5/MiniRaftClusterWithGrpcc931c4f4/s1/f724db2d-34af-4fbb-9075-6c7a98f62aab/current/raft-meta.conf with options [REPLACE_EXISTING]
2024-10-20 10:45:58,869 [s2@group-6C7A98F62AAB-StateMachineUpdater] TRACE util.FileUtils (LogUtils.java:runAndLog(49)) - Successfully ran Atomic Files.move /home/runner/work/ratis/ratis/ratis-test/target/test/data/d69430f5/MiniRaftClusterWithGrpcc931c4f4/s2/f724db2d-34af-4fbb-9075-6c7a98f62aab/current/raft-meta.conf.tmp to /home/runner/work/ratis/ratis/ratis-test/target/test/data/d69430f5/MiniRaftClusterWithGrpcc931c4f4/s2/f724db2d-34af-4fbb-9075-6c7a98f62aab/current/raft-meta.conf with options [REPLACE_EXISTING]
2024-10-20 10:45:58,920 [main] INFO  ratis.RaftTestUtil (RaftTestUtil.java:waitForLeader(131)) - printing ALL groups
  s0:  RUNNING    LEADER s0@group-6C7A98F62AAB:t1, leader=s0, voted=s0, raftlog=Memoized:s0@group-6C7A98F62AAB-SegmentedRaftLog:OPENED:c0:last(t:1, i:0), conf=conf: {index: 0, cur=peers:[s0|localhost:15276, s1|localhost:15280, s2|localhost:15284]|listeners:[], old=null} RUNNING
  s1:  RUNNING  FOLLOWER s1@group-6C7A98F62AAB:t1, leader=s0, voted=s1, raftlog=Memoized:s1@group-6C7A98F62AAB-SegmentedRaftLog:OPENED:c0:last(t:1, i:0), conf=conf: {index: 0, cur=peers:[s0|localhost:15276, s1|localhost:15280, s2|localhost:15284]|listeners:[], old=null} RUNNING
  s2:  RUNNING  FOLLOWER s2@group-6C7A98F62AAB:t1, leader=s0, voted=s0, raftlog=Memoized:s2@group-6C7A98F62AAB-SegmentedRaftLog:OPENED:c0:last(t:1, i:0), conf=conf: {index: 0, cur=peers:[s0|localhost:15276, s1|localhost:15280, s2|localhost:15284]|listeners:[], old=null} RUNNING
2024-10-20 10:45:58,921 [main] DEBUG client.RaftClient (ConfUtils.java:logGet(46)) - raft.rpc.type = GRPC (default)
2024-10-20 10:45:58,921 [main] DEBUG client.RaftClient (RaftClientImpl.java:get(158)) - client-75735DA4B1FE: get 40 returns []
2024-10-20 10:45:58,921 [main] DEBUG client.RaftClient (RaftClientImpl.java:newRequest(95)) - attempt #1, newRequest RaftClientRequest:client-75735DA4B1FE->s0@group-6C7A98F62AAB, cid=40, seq=null, RW, message
2024-10-20 10:45:58,934 [s0-client-thread1] DEBUG server.RaftServer$Division (RaftServerImpl.java:submitClientRequestAsync(920)) - s0@group-6C7A98F62AAB: receive client request(RaftClientRequest:client-75735DA4B1FE->s0@group-6C7A98F62AAB, cid=40, seq=null, RW, Message:6d657373616765)
2024-10-20 10:45:58,935 [s0-client-thread1] DEBUG server.RaftServer$Division (LeaderStateImpl.java:addPendingRequest(529)) - s0@group-6C7A98F62AAB-LeaderStateImpl: addPendingRequest at RaftClientRequest:client-75735DA4B1FE->s0@group-6C7A98F62AAB, cid=40, seq=null, RW, Message:6d657373616765, entry=(t:1, i:1), STATEMACHINELOGENTRY, WRITE: logData.size=7, stateMachineData.size=0, logEntryProtoSerializedSize=0
2024-10-20 10:45:58,939 [s1-server-thread3] DEBUG server.RaftServer$Division (RaftServerImpl.java:logAppendEntries(1549)) - s1@group-6C7A98F62AAB: appendEntries* s0->s1#4-t1,previous=(t:1, i:0),leaderCommit=0,initializing? false,entries: size=1, first=(t:1, i:1), STATEMACHINELOGENTRY, StateMachineLogEntryProto:40@client-75735DA4B1FE
2024-10-20 10:45:58,940 [s2-server-thread3] DEBUG server.RaftServer$Division (RaftServerImpl.java:logAppendEntries(1549)) - s2@group-6C7A98F62AAB: appendEntries* s0->s2#4-t1,previous=(t:1, i:0),leaderCommit=0,initializing? false,entries: size=1, first=(t:1, i:1), STATEMACHINELOGENTRY, StateMachineLogEntryProto:40@client-75735DA4B1FE
2024-10-20 10:45:58,941 [s1-server-thread3] DEBUG server.RaftServer$Division (RaftServerImpl.java:logAppendEntries(1549)) - s1@group-6C7A98F62AAB: appendEntries* reply s0<-s1#4:OK-t1,SUCCESS,nextIndex=2,followerCommit=0,matchIndex=1
2024-10-20 10:45:58,941 [s2-server-thread3] DEBUG server.RaftServer$Division (RaftServerImpl.java:logAppendEntries(1549)) - s2@group-6C7A98F62AAB: appendEntries* reply s0<-s2#4:OK-t1,SUCCESS,nextIndex=2,followerCommit=0,matchIndex=1
2024-10-20 10:45:58,949 [s2-server-thread2] DEBUG server.RaftServer$Division (RaftServerImpl.java:logAppendEntries(1549)) - s2@group-6C7A98F62AAB: appendEntries* s0->s2#6-t1,previous=(t:1, i:1),leaderCommit=1,initializing? false,entries: size=1, first=(t:1, i:2), METADATAENTRY(c:1)
2024-10-20 10:45:58,951 [s2-server-thread2] DEBUG server.RaftServer$Division (RaftServerImpl.java:logAppendEntries(1549)) - s2@group-6C7A98F62AAB: appendEntries* reply s0<-s2#6:OK-t1,SUCCESS,nextIndex=3,followerCommit=1,matchIndex=2
2024-10-20 10:45:58,951 [s1-server-thread2] DEBUG server.RaftServer$Division (RaftServerImpl.java:logAppendEntries(1549)) - s1@group-6C7A98F62AAB: appendEntries* s0->s1#6-t1,previous=(t:1, i:1),leaderCommit=1,initializing? false,entries: size=1, first=(t:1, i:2), METADATAENTRY(c:1)
2024-10-20 10:45:58,957 [main] DEBUG client.RaftClient (RaftClientImpl.java:add(146)) - client-75735DA4B1FE: add replied callId 40
2024-10-20 10:45:58,957 [s1-server-thread2] DEBUG server.RaftServer$Division (RaftServerImpl.java:logAppendEntries(1549)) - s1@group-6C7A98F62AAB: appendEntries* reply s0<-s1#6:OK-t1,SUCCESS,nextIndex=3,followerCommit=1,matchIndex=2
2024-10-20 10:45:58,957 [main] INFO  util.CodeInjectionForTesting (BlockRequestHandlingInjection.java:blockRequestor(49)) - Block requestor s0
2024-10-20 10:45:59,033 [main] DEBUG client.RaftClient (RaftClientImpl.java:close(465)) - close client-75735DA4B1FE
2024-10-20 10:45:59,041 [s2-server-thread2] INFO  util.CodeInjectionForTesting (BlockRequestHandlingInjection.java:execute(77)) - s2: Block request from s0
2024-10-20 10:45:59,042 [main] INFO  util.CodeInjectionForTesting (BlockRequestHandlingInjection.java:unblockRequestor(54)) - UnBlock requestor s0
2024-10-20 10:45:59,042 [main] INFO  impl.MiniRaftCluster (MiniRaftCluster.java:shutdown(847)) - ************************************************************** 
2024-10-20 10:45:59,042 [main] INFO  impl.MiniRaftCluster (MiniRaftCluster.java:shutdown(848)) - *** 
2024-10-20 10:45:59,043 [main] INFO  impl.MiniRaftCluster (MiniRaftCluster.java:shutdown(849)) - ***     Stopping MiniRaftClusterWithGrpc
2024-10-20 10:45:59,043 [main] INFO  impl.MiniRaftCluster (MiniRaftCluster.java:shutdown(850)) - *** 
2024-10-20 10:45:59,043 [main] INFO  impl.MiniRaftCluster (MiniRaftCluster.java:shutdown(851)) - ************************************************************** 
2024-10-20 10:45:59,043 [main] INFO  impl.MiniRaftCluster (MiniRaftCluster.java:shutdown(852)) - printing ALL groups
  s0:  RUNNING    LEADER s0@group-6C7A98F62AAB:t1, leader=s0, voted=s0, raftlog=Memoized:s0@group-6C7A98F62AAB-SegmentedRaftLog:OPENED:c2:last(t:1, i:2), conf=conf: {index: 0, cur=peers:[s0|localhost:15276, s1|localhost:15280, s2|localhost:15284]|listeners:[], old=null} RUNNING
  s1:  RUNNING  FOLLOWER s1@group-6C7A98F62AAB:t1, leader=s0, voted=s1, raftlog=Memoized:s1@group-6C7A98F62AAB-SegmentedRaftLog:OPENED:c2:last(t:1, i:2), conf=conf: {index: 0, cur=peers:[s0|localhost:15276, s1|localhost:15280, s2|localhost:15284]|listeners:[], old=null} RUNNING
  s2:  RUNNING  FOLLOWER s2@group-6C7A98F62AAB:t1, leader=s0, voted=s0, raftlog=Memoized:s2@group-6C7A98F62AAB-SegmentedRaftLog:OPENED:c1:last(t:1, i:2), conf=conf: {index: 0, cur=peers:[s0|localhost:15276, s1|localhost:15280, s2|localhost:15284]|listeners:[], old=null} RUNNING
2024-10-20 10:45:59,045 [MiniRaftCluster-70] INFO  server.RaftServer (RaftServerProxy.java:lambda$close$9(418)) - s0: close
2024-10-20 10:45:59,046 [s0-impl-thread1] INFO  server.RaftServer$Division (RaftServerImpl.java:lambda$close$1(515)) - s0@group-6C7A98F62AAB: shutdown
2024-10-20 10:45:59,046 [s0-impl-thread1] INFO  util.JmxRegister (JmxRegister.java:unregister(74)) - Successfully un-registered JMX Bean with object name Ratis:service=RaftServer,group=group-6C7A98F62AAB,id=s0
2024-10-20 10:45:59,046 [s0-impl-thread1] INFO  impl.RoleInfo (RoleInfo.java:shutdownLeaderState(103)) - s0: shutdown s0@group-6C7A98F62AAB-LeaderStateImpl
2024-10-20 10:45:59,046 [MiniRaftCluster-70] INFO  server.GrpcServicesImpl (GrpcServicesImpl.java:closeImpl(362)) - s0: shutdown server org.apache.ratis.grpc.server.GrpcClientProtocolService now
2024-10-20 10:45:59,047 [MiniRaftCluster-71] INFO  server.RaftServer (RaftServerProxy.java:lambda$close$9(418)) - s1: close
2024-10-20 10:45:59,047 [MiniRaftCluster-71] INFO  server.GrpcServicesImpl (GrpcServicesImpl.java:closeImpl(362)) - s1: shutdown server org.apache.ratis.grpc.server.GrpcClientProtocolService now
2024-10-20 10:45:59,047 [s1-impl-thread1] INFO  server.RaftServer$Division (RaftServerImpl.java:lambda$close$1(515)) - s1@group-6C7A98F62AAB: shutdown
2024-10-20 10:45:59,047 [s1-impl-thread1] INFO  util.JmxRegister (JmxRegister.java:unregister(74)) - Successfully un-registered JMX Bean with object name Ratis:service=RaftServer,group=group-6C7A98F62AAB,id=s1
2024-10-20 10:45:59,047 [s1-impl-thread1] INFO  impl.RoleInfo (RoleInfo.java:shutdownFollowerState(121)) - s1: shutdown s1@group-6C7A98F62AAB-FollowerState
2024-10-20 10:45:59,048 [s1-impl-thread1] INFO  impl.StateMachineUpdater (StateMachineUpdater.java:stopAndJoin(164)) - s1@group-6C7A98F62AAB-StateMachineUpdater: set stopIndex = 2
2024-10-20 10:45:59,048 [s1@group-6C7A98F62AAB-StateMachineUpdater] INFO  impl.StateMachineUpdater (StateMachineUpdater.java:stop(141)) - s1@group-6C7A98F62AAB-StateMachineUpdater: closing BaseStateMachine, lastApplied=(t:1, i:2)
2024-10-20 10:45:59,048 [s1@group-6C7A98F62AAB-FollowerState] INFO  impl.FollowerState (FollowerState.java:runImpl(170)) - s1@group-6C7A98F62AAB-FollowerState was interrupted
2024-10-20 10:45:59,048 [s0@group-6C7A98F62AAB->s1-GrpcLogAppender-LogAppenderDaemon] WARN  server.GrpcLogAppender (GrpcLogAppender.java:mayWait(293)) - s0@group-6C7A98F62AAB->s1-GrpcLogAppender: Wait interrupted by java.lang.InterruptedException
2024-10-20 10:45:59,048 [s1-impl-thread1] INFO  raftlog.RaftLog (SegmentedRaftLog.java:close(567)) - Start closing s1@group-6C7A98F62AAB-SegmentedRaftLog:OPENED:c2:last(t:1, i:2)
2024-10-20 10:45:59,049 [grpc-default-executor-1] INFO  server.GrpcServerProtocolService (GrpcServerProtocolService.java:onCompleted(200)) - s1: Completed APPEND_ENTRIES, lastRequest: s0->s1#6-t1,previous=(t:1, i:1),leaderCommit=1,initializing? false,entries: size=1, first=(t:1, i:2), METADATAENTRY(c:1)
2024-10-20 10:45:59,049 [grpc-default-executor-1] INFO  server.GrpcServerProtocolService (GrpcServerProtocolService.java:lambda$onCompleted$7(202)) - s1: Completed APPEND_ENTRIES, lastReply: null
2024-10-20 10:45:59,050 [MiniRaftCluster-72] INFO  server.RaftServer (RaftServerProxy.java:lambda$close$9(418)) - s2: close
2024-10-20 10:45:59,050 [MiniRaftCluster-72] INFO  server.GrpcServicesImpl (GrpcServicesImpl.java:closeImpl(362)) - s2: shutdown server org.apache.ratis.grpc.server.GrpcClientProtocolService now
2024-10-20 10:45:59,050 [s2-impl-thread1] INFO  server.RaftServer$Division (RaftServerImpl.java:lambda$close$1(515)) - s2@group-6C7A98F62AAB: shutdown
2024-10-20 10:45:59,050 [s2-impl-thread1] INFO  util.JmxRegister (JmxRegister.java:unregister(74)) - Successfully un-registered JMX Bean with object name Ratis:service=RaftServer,group=group-6C7A98F62AAB,id=s2
2024-10-20 10:45:59,050 [s2-impl-thread1] INFO  impl.RoleInfo (RoleInfo.java:shutdownFollowerState(121)) - s2: shutdown s2@group-6C7A98F62AAB-FollowerState
2024-10-20 10:45:59,050 [grpc-default-executor-2] INFO  server.GrpcServerProtocolService (GrpcServerProtocolService.java:onCompleted(200)) - s1: Completed APPEND_ENTRIES, lastRequest: null
2024-10-20 10:45:59,051 [grpc-default-executor-2] INFO  server.GrpcServerProtocolService (GrpcServerProtocolService.java:lambda$onCompleted$7(202)) - s1: Completed APPEND_ENTRIES, lastReply: serverReply {
  requestorId: "s0"
  replyId: "s1"
  raftGroupId {
    id: "\367$\333-4\257O\273\220ulz\230\366*\253"
  }
  callId: 9
  success: true
}
term: 1
nextIndex: 3
followerCommit: 2
matchIndex: 18446744073709551615
isHearbeat: true

2024-10-20 10:45:59,051 [grpc-default-executor-3] INFO  server.GrpcLogAppender (GrpcLogAppender.java:onCompleted(559)) - s0@group-6C7A98F62AAB->s1-AppendLogResponseHandler: follower responses appendEntries COMPLETED
2024-10-20 10:45:59,052 [grpc-default-executor-1] INFO  server.GrpcLogAppender (GrpcLogAppender.java:onCompleted(559)) - s0@group-6C7A98F62AAB->s1-AppendLogResponseHandler: follower responses appendEntries COMPLETED
2024-10-20 10:45:59,052 [Thread-1821] INFO  server.GrpcServerProtocolClient (GrpcServerProtocolClient.java:close(105)) - s1 Close channels
2024-10-20 10:45:59,054 [Thread-1820] INFO  server.GrpcServerProtocolClient (GrpcServerProtocolClient.java:close(105)) - s0 Close channels
2024-10-20 10:45:59,055 [Thread-1823] INFO  server.GrpcServerProtocolClient (GrpcServerProtocolClient.java:close(105)) - s2 Close channels
2024-10-20 10:45:59,056 [s2-impl-thread1] INFO  impl.StateMachineUpdater (StateMachineUpdater.java:stopAndJoin(164)) - s2@group-6C7A98F62AAB-StateMachineUpdater: set stopIndex = 1
2024-10-20 10:45:59,056 [s2@group-6C7A98F62AAB-FollowerState] INFO  impl.FollowerState (FollowerState.java:runImpl(170)) - s2@group-6C7A98F62AAB-FollowerState was interrupted
2024-10-20 10:45:59,056 [Thread-1822] INFO  server.GrpcServerProtocolClient (GrpcServerProtocolClient.java:close(105)) - s0 Close channels
2024-10-20 10:45:59,056 [s2@group-6C7A98F62AAB-StateMachineUpdater] INFO  impl.StateMachineUpdater (StateMachineUpdater.java:stop(141)) - s2@group-6C7A98F62AAB-StateMachineUpdater: closing BaseStateMachine, lastApplied=(t:1, i:1)
2024-10-20 10:45:59,056 [s2-impl-thread1] INFO  raftlog.RaftLog (SegmentedRaftLog.java:close(567)) - Start closing s2@group-6C7A98F62AAB-SegmentedRaftLog:OPENED:c1:last(t:1, i:2)
2024-10-20 10:45:59,059 [Thread-1825] INFO  server.GrpcServerProtocolClient (GrpcServerProtocolClient.java:close(105)) - s1 Close channels
2024-10-20 10:45:59,060 [s0-impl-thread1] INFO  impl.PendingRequests (PendingRequests.java:sendNotLeaderResponses(287)) - s0@group-6C7A98F62AAB-PendingRequests: sendNotLeaderResponses
2024-10-20 10:45:59,060 [s0@group-6C7A98F62AAB->s2-GrpcLogAppender-LogAppenderDaemon] WARN  server.GrpcLogAppender (GrpcLogAppender.java:mayWait(293)) - s0@group-6C7A98F62AAB->s2-GrpcLogAppender: Wait interrupted by java.lang.InterruptedException
2024-10-20 10:45:59,061 [s1@group-6C7A98F62AAB-cacheEviction-AwaitToRun] INFO  util.AwaitToRun (AwaitToRun.java:run(49)) - s1@group-6C7A98F62AAB-cacheEviction-AwaitToRun-AwaitForSignal is interrupted
2024-10-20 10:45:59,062 [s1-impl-thread1] INFO  segmented.LogSegment (LogSegment.java:close(348)) - Successfully closed EntryCache-log_inprogress_0
2024-10-20 10:45:59,062 [s2@group-6C7A98F62AAB-cacheEviction-AwaitToRun] INFO  util.AwaitToRun (AwaitToRun.java:run(49)) - s2@group-6C7A98F62AAB-cacheEviction-AwaitToRun-AwaitForSignal is interrupted
2024-10-20 10:45:59,062 [s2-impl-thread1] INFO  segmented.LogSegment (LogSegment.java:close(348)) - Successfully closed EntryCache-log_inprogress_0
2024-10-20 10:45:59,063 [MiniRaftCluster-72] INFO  server.GrpcServicesImpl (GrpcServicesImpl.java:closeImpl(371)) - s2: shutdown server org.apache.ratis.grpc.server.GrpcClientProtocolService successfully
2024-10-20 10:45:59,063 [MiniRaftCluster-72] INFO  server.GrpcServicesImpl (GrpcServicesImpl.java:closeImpl(362)) - s2: shutdown server GrpcServerProtocolService now
2024-10-20 10:45:59,063 [grpc-default-executor-1] INFO  server.GrpcServerProtocolService (GrpcServerProtocolService.java:onCompleted(200)) - s2: Completed APPEND_ENTRIES, lastRequest: s0->s2#6-t1,previous=(t:1, i:1),leaderCommit=1,initializing? false,entries: size=1, first=(t:1, i:2), METADATAENTRY(c:1)
2024-10-20 10:45:59,063 [grpc-default-executor-1] INFO  server.GrpcServerProtocolService (GrpcServerProtocolService.java:lambda$onCompleted$7(202)) - s2: Completed APPEND_ENTRIES, lastReply: null
2024-10-20 10:45:59,066 [s0-impl-thread1] INFO  impl.StateMachineUpdater (StateMachineUpdater.java:stopAndJoin(164)) - s0@group-6C7A98F62AAB-StateMachineUpdater: set stopIndex = 2
2024-10-20 10:45:59,066 [s0@group-6C7A98F62AAB-StateMachineUpdater] INFO  impl.StateMachineUpdater (StateMachineUpdater.java:stop(141)) - s0@group-6C7A98F62AAB-StateMachineUpdater: closing BaseStateMachine, lastApplied=(t:1, i:2)
2024-10-20 10:45:59,067 [grpc-default-executor-1] INFO  server.GrpcLogAppender (GrpcLogAppender.java:onCompleted(559)) - s0@group-6C7A98F62AAB->s2-AppendLogResponseHandler: follower responses appendEntries COMPLETED
2024-10-20 10:45:59,067 [grpc-default-executor-1] WARN  server.GrpcLogAppender (GrpcLogAppender.java:resetClient(230)) - s0@group-6C7A98F62AAB->s2-GrpcLogAppender: Failed to getClient for s2
org.apache.ratis.protocol.exceptions.AlreadyClosedException: s0 is already CLOSED
	at org.apache.ratis.util.PeerProxyMap$PeerAndProxy.getProxy(PeerProxyMap.java:67)
	at org.apache.ratis.util.PeerProxyMap.getProxy(PeerProxyMap.java:124)
	at org.apache.ratis.grpc.server.GrpcLogAppender.getClient(GrpcLogAppender.java:200)
	at org.apache.ratis.grpc.server.GrpcLogAppender.resetClient(GrpcLogAppender.java:205)
	at org.apache.ratis.grpc.server.GrpcLogAppender.access$800(GrpcLogAppender.java:64)
	at org.apache.ratis.grpc.server.GrpcLogAppender$AppendLogResponseHandler.onCompleted(GrpcLogAppender.java:560)
	at org.apache.ratis.thirdparty.io.grpc.stub.ClientCalls$StreamObserverToCallListenerAdapter.onClose(ClientCalls.java:479)
	at org.apache.ratis.thirdparty.io.grpc.internal.ClientCallImpl.closeObserver(ClientCallImpl.java:567)
	at org.apache.ratis.thirdparty.io.grpc.internal.ClientCallImpl.access$300(ClientCallImpl.java:71)
	at org.apache.ratis.thirdparty.io.grpc.internal.ClientCallImpl$ClientStreamListenerImpl$1StreamClosed.runInternal(ClientCallImpl.java:735)
	at org.apache.ratis.thirdparty.io.grpc.internal.ClientCallImpl$ClientStreamListenerImpl$1StreamClosed.runInContext(ClientCallImpl.java:716)
	at org.apache.ratis.thirdparty.io.grpc.internal.ContextRunnable.run(ContextRunnable.java:37)
	at org.apache.ratis.thirdparty.io.grpc.internal.SerializingExecutor.run(SerializingExecutor.java:133)
	at java.util.concurrent.ThreadPoolExecutor.runWorker(ThreadPoolExecutor.java:1149)
	at java.util.concurrent.ThreadPoolExecutor$Worker.run(ThreadPoolExecutor.java:624)
	at java.lang.Thread.run(Thread.java:750)
2024-10-20 10:45:59,069 [MiniRaftCluster-72] INFO  server.GrpcServicesImpl (GrpcServicesImpl.java:closeImpl(371)) - s2: shutdown server GrpcServerProtocolService successfully
2024-10-20 10:45:59,069 [MiniRaftCluster-72] INFO  server.GrpcServicesImpl (GrpcServicesImpl.java:closeImpl(362)) - s2: shutdown server org.apache.ratis.grpc.server.GrpcAdminProtocolService now
2024-10-20 10:45:59,069 [MiniRaftCluster-72] INFO  server.GrpcServicesImpl (GrpcServicesImpl.java:closeImpl(371)) - s2: shutdown server org.apache.ratis.grpc.server.GrpcAdminProtocolService successfully
2024-10-20 10:45:59,070 [grpc-default-executor-3] INFO  server.GrpcLogAppender (GrpcLogAppender.java:onError(546)) - s0@group-6C7A98F62AAB->s2-GrpcLogAppender is already stopped
2024-10-20 10:45:59,070 [s0-impl-thread1] INFO  raftlog.RaftLog (SegmentedRaftLog.java:close(567)) - Start closing s0@group-6C7A98F62AAB-SegmentedRaftLog:OPENED:c2:last(t:1, i:2)
2024-10-20 10:45:59,071 [s0@group-6C7A98F62AAB-cacheEviction-AwaitToRun] INFO  util.AwaitToRun (AwaitToRun.java:run(49)) - s0@group-6C7A98F62AAB-cacheEviction-AwaitToRun-AwaitForSignal is interrupted
2024-10-20 10:45:59,071 [MiniRaftCluster-70] INFO  server.GrpcServicesImpl (GrpcServicesImpl.java:closeImpl(371)) - s0: shutdown server org.apache.ratis.grpc.server.GrpcClientProtocolService successfully
2024-10-20 10:45:59,071 [s0-impl-thread1] INFO  segmented.LogSegment (LogSegment.java:close(348)) - Successfully closed EntryCache-log_inprogress_0
2024-10-20 10:45:59,071 [MiniRaftCluster-70] INFO  server.GrpcServicesImpl (GrpcServicesImpl.java:closeImpl(362)) - s0: shutdown server GrpcServerProtocolService now
2024-10-20 10:45:59,071 [MiniRaftCluster-70] INFO  server.GrpcServicesImpl (GrpcServicesImpl.java:closeImpl(371)) - s0: shutdown server GrpcServerProtocolService successfully
2024-10-20 10:45:59,071 [MiniRaftCluster-70] INFO  server.GrpcServicesImpl (GrpcServicesImpl.java:closeImpl(362)) - s0: shutdown server org.apache.ratis.grpc.server.GrpcAdminProtocolService now
2024-10-20 10:45:59,072 [MiniRaftCluster-70] INFO  server.GrpcServicesImpl (GrpcServicesImpl.java:closeImpl(371)) - s0: shutdown server org.apache.ratis.grpc.server.GrpcAdminProtocolService successfully
2024-10-20 10:45:59,075 [Thread-1827] INFO  server.GrpcServerProtocolClient (GrpcServerProtocolClient.java:close(105)) - s2 Close channels
2024-10-20 10:45:59,075 [MiniRaftCluster-71] INFO  server.GrpcServicesImpl (GrpcServicesImpl.java:closeImpl(371)) - s1: shutdown server org.apache.ratis.grpc.server.GrpcClientProtocolService successfully
2024-10-20 10:45:59,076 [MiniRaftCluster-71] INFO  server.GrpcServicesImpl (GrpcServicesImpl.java:closeImpl(362)) - s1: shutdown server GrpcServerProtocolService now
2024-10-20 10:45:59,076 [MiniRaftCluster-71] INFO  server.GrpcServicesImpl (GrpcServicesImpl.java:closeImpl(371)) - s1: shutdown server GrpcServerProtocolService successfully
2024-10-20 10:45:59,076 [MiniRaftCluster-71] INFO  server.GrpcServicesImpl (GrpcServicesImpl.java:closeImpl(362)) - s1: shutdown server org.apache.ratis.grpc.server.GrpcAdminProtocolService now
2024-10-20 10:45:59,076 [MiniRaftCluster-71] INFO  server.GrpcServicesImpl (GrpcServicesImpl.java:closeImpl(371)) - s1: shutdown server org.apache.ratis.grpc.server.GrpcAdminProtocolService successfully
2024-10-20 10:45:59,341 [s2-server-thread2] INFO  util.CodeInjectionForTesting (BlockRequestHandlingInjection.java:execute(84)) - s2: unBlock request from s0
2024-10-20 10:45:59,342 [s2-server-thread2] ERROR server.RaftServer$Division (RaftServerImpl.java:appendEntriesAsync(1518)) - s2@group-6C7A98F62AAB: Failed appendEntries* s0->s2#10-t1,previous=(t:1, i:2),leaderCommit=2,initializing? false,HEARTBEAT
org.apache.ratis.protocol.exceptions.ServerNotReadyException: s2@group-6C7A98F62AAB is not in [STARTING, RUNNING]: current state is CLOSING
	at org.apache.ratis.server.impl.RaftServerImpl.lambda$assertLifeCycleState$7(RaftServerImpl.java:791)
	at org.apache.ratis.util.LifeCycle.assertCurrentState(LifeCycle.java:260)
	at org.apache.ratis.server.impl.RaftServerImpl.assertLifeCycleState(RaftServerImpl.java:790)
	at org.apache.ratis.server.impl.RaftServerImpl.appendEntriesAsync(RaftServerImpl.java:1509)
	at org.apache.ratis.server.impl.RaftServerProxy.lambda$null$28(RaftServerProxy.java:655)
	at org.apache.ratis.util.JavaUtils.callAsUnchecked(JavaUtils.java:118)
	at org.apache.ratis.server.impl.RaftServerImpl.lambda$executeSubmitServerRequestAsync$10(RaftServerImpl.java:907)
	at java.util.concurrent.CompletableFuture$AsyncSupply.run(CompletableFuture.java:1604)
	at java.util.concurrent.ThreadPoolExecutor.runWorker(ThreadPoolExecutor.java:1149)
	at java.util.concurrent.ThreadPoolExecutor$Worker.run(ThreadPoolExecutor.java:624)
	at java.lang.Thread.run(Thread.java:750)
2024-10-20 10:45:59,343 [grpc-default-executor-4] WARN  server.GrpcServerProtocolService (LogUtils.java:warn(121)) - s2: APPEND_ENTRIES onError, lastRequest: null: org.apache.ratis.thirdparty.io.grpc.StatusRuntimeException: CANCELLED: client cancelled
2024-10-20 10:45:59,948 [s0-impl-thread1] INFO  segmented.SegmentedRaftLogWorker (SegmentedRaftLogWorker.java:close(253)) - s0@group-6C7A98F62AAB-SegmentedRaftLogWorker close()
2024-10-20 10:45:59,948 [s0-impl-thread1] INFO  raftlog.RaftLog (SegmentedRaftLog.java:close(575)) - Successfully closed s0@group-6C7A98F62AAB-SegmentedRaftLog:CLOSED:c2
2024-10-20 10:45:59,949 [JvmPauseMonitor69] INFO  util.JvmPauseMonitor (JvmPauseMonitor.java:run(152)) - JvmPauseMonitor-s0: Stopped
2024-10-20 10:45:59,951 [s2-impl-thread1] INFO  segmented.SegmentedRaftLogWorker (SegmentedRaftLogWorker.java:close(253)) - s2@group-6C7A98F62AAB-SegmentedRaftLogWorker close()
2024-10-20 10:45:59,952 [s2-impl-thread1] INFO  raftlog.RaftLog (SegmentedRaftLog.java:close(575)) - Successfully closed s2@group-6C7A98F62AAB-SegmentedRaftLog:CLOSED:c1
2024-10-20 10:45:59,953 [JvmPauseMonitor71] INFO  util.JvmPauseMonitor (JvmPauseMonitor.java:run(152)) - JvmPauseMonitor-s2: Stopped
2024-10-20 10:45:59,957 [s1-impl-thread1] INFO  segmented.SegmentedRaftLogWorker (SegmentedRaftLogWorker.java:close(253)) - s1@group-6C7A98F62AAB-SegmentedRaftLogWorker close()
2024-10-20 10:45:59,957 [s1-impl-thread1] INFO  raftlog.RaftLog (SegmentedRaftLog.java:close(575)) - Successfully closed s1@group-6C7A98F62AAB-SegmentedRaftLog:CLOSED:c2
2024-10-20 10:45:59,958 [JvmPauseMonitor70] INFO  util.JvmPauseMonitor (JvmPauseMonitor.java:run(152)) - JvmPauseMonitor-s1: Stopped
2024-10-20 10:45:59,958 [main] INFO  impl.MiniRaftCluster (MiniRaftCluster.java:shutdown(885)) - MiniRaftClusterWithGrpc shutdown completed
2024-10-20 10:45:59,959 [main] INFO  ratis.RaftTestUtil (RaftTestUtil.java:gc(596)) - gc 0
2024-10-20 10:46:00,146 [main] WARN  util.ReferenceCountedLeakDetector (ReferenceCountedLeakDetector.java:logLeakMessage(167)) - LEAK: (class org.apache.ratis.proto.RaftProtos$AppendEntriesRequestProto, count=2, value=serverRequest {
  requestorId: "s0"
  replyId: "s2"
  raftGroupId {
    id: "\375\210\024\357\262\375HY\244\207Ci\024Gb\025"
  }
}
leaderTerm: 10
previousLog {
  term: 9
  index: 16
}
leaderCommit: 16
commitInfos {
  server {
    id: "s0"
    address: "localhost:15252"
    dataStreamAddress: "localhost:15255"
    clientAddress: "localhost:15254"
    adminAddress: "localhost:15253"
    startupRole: FOLLOWER
  }
  commitIndex: 16
}
commitInfos {
  server {
    id: "s1"
    address: "localhost:15256"
    dataStreamAddress: "localhost:15259"
    clientAddress: "localhost:15258"
    adminAddress: "localhost:15257"
    startupRole: FOLLOWER
  }
  commitIndex: 16
}
commitInfos {
  server {
    id: "s2"
    address: "localhost:15260"
    dataStreamAddress: "localhost:15263"
    clientAddress: "localhost:15262"
    adminAddress: "localhost:15261"
    startupRole: FOLLOWER
  }
  commitIndex: 16
}
)
2024-10-20 10:46:00,147 [main] WARN  util.ReferenceCountedLeakDetector (ReferenceCountedLeakDetector.java:logLeakMessage(167)) - LEAK: (class org.apache.ratis.proto.RaftProtos$AppendEntriesRequestProto, count=3, value=serverRequest {
  requestorId: "s1"
  replyId: "s2"
  raftGroupId {
    id: "\375\210\024\357\262\375HY\244\207Ci\024Gb\025"
  }
  callId: 1
}
leaderTerm: 11
previousLog {
  term: 10
  index: 18
}
entries {
  term: 11
  index: 19
  configurationEntry {
    peers {
      id: "s0"
      address: "localhost:15252"
      dataStreamAddress: "localhost:15255"
      clientAddress: "localhost:15254"
      adminAddress: "localhost:15253"
      startupRole: FOLLOWER
    }
    peers {
      id: "s1"
      address: "localhost:15256"
      dataStreamAddress: "localhost:15259"
      clientAddress: "localhost:15258"
      adminAddress: "localhost:15257"
      startupRole: FOLLOWER
    }
    peers {
      id: "s2"
      address: "localhost:15260"
      dataStreamAddress: "localhost:15263"
      clientAddress: "localhost:15262"
      adminAddress: "localhost:15261"
      startupRole: FOLLOWER
    }
  }
}
leaderCommit: 17
commitInfos {
  server {
    id: "s1"
    address: "localhost:15256"
    dataStreamAddress: "localhost:15259"
    clientAddress: "localhost:15258"
    adminAddress: "localhost:15257"
    startupRole: FOLLOWER
  }
  commitIndex: 17
}
commitInfos {
  server {
    id: "s0"
    address: "localhost:15252"
    dataStreamAddress: "localhost:15255"
    clientAddress: "localhost:15254"
    adminAddress: "localhost:15253"
    startupRole: FOLLOWER
  }
  commitIndex: 17
}
commitInfos {
  server {
    id: "s2"
    address: "localhost:15260"
    dataStreamAddress: "localhost:15263"
    clientAddress: "localhost:15262"
    adminAddress: "localhost:15261"
    startupRole: FOLLOWER
  }
  commitIndex: 16
}
)
2024-10-20 10:46:00,147 [main] WARN  util.ReferenceCountedLeakDetector (ReferenceCountedLeakDetector.java:logLeakMessage(167)) - LEAK: (class org.apache.ratis.proto.RaftProtos$AppendEntriesRequestProto, count=3, value=serverRequest {
  requestorId: "s0"
  replyId: "s2"
  raftGroupId {
    id: "\375\210\024\357\262\375HY\244\207Ci\024Gb\025"
  }
  callId: 1
}
leaderTerm: 10
previousLog {
  term: 9
  index: 16
}
entries {
  term: 10
  index: 17
  configurationEntry {
    peers {
      id: "s0"
      address: "localhost:15252"
      dataStreamAddress: "localhost:15255"
      clientAddress: "localhost:15254"
      adminAddress: "localhost:15253"
      startupRole: FOLLOWER
    }
    peers {
      id: "s1"
      address: "localhost:15256"
      dataStreamAddress: "localhost:15259"
      clientAddress: "localhost:15258"
      adminAddress: "localhost:15257"
      startupRole: FOLLOWER
    }
    peers {
      id: "s2"
      address: "localhost:15260"
      dataStreamAddress: "localhost:15263"
      clientAddress: "localhost:15262"
      adminAddress: "localhost:15261"
      startupRole: FOLLOWER
    }
  }
}
leaderCommit: 16
commitInfos {
  server {
    id: "s0"
    address: "localhost:15252"
    dataStreamAddress: "localhost:15255"
    clientAddress: "localhost:15254"
    adminAddress: "localhost:15253"
    startupRole: FOLLOWER
  }
  commitIndex: 16
}
commitInfos {
  server {
    id: "s1"
    address: "localhost:15256"
    dataStreamAddress: "localhost:15259"
    clientAddress: "localhost:15258"
    adminAddress: "localhost:15257"
    startupRole: FOLLOWER
  }
  commitIndex: 16
}
commitInfos {
  server {
    id: "s2"
    address: "localhost:15260"
    dataStreamAddress: "localhost:15263"
    clientAddress: "localhost:15262"
    adminAddress: "localhost:15261"
    startupRole: FOLLOWER
  }
  commitIndex: 16
}
)
2024-10-20 10:46:00,147 [main] WARN  util.ReferenceCountedLeakDetector (ReferenceCountedLeakDetector.java:logLeakMessage(167)) - LEAK: (class org.apache.ratis.proto.RaftProtos$AppendEntriesRequestProto, count=2, value=serverRequest {
  requestorId: "s1"
  replyId: "s2"
  raftGroupId {
    id: "\375\210\024\357\262\375HY\244\207Ci\024Gb\025"
  }
  callId: 8
}
leaderTerm: 9
previousLog {
  term: 9
  index: 16
}
leaderCommit: 16
commitInfos {
  server {
    id: "s1"
    address: "localhost:15256"
    dataStreamAddress: "localhost:15259"
    clientAddress: "localhost:15258"
    adminAddress: "localhost:15257"
    startupRole: FOLLOWER
  }
  commitIndex: 16
}
commitInfos {
  server {
    id: "s0"
    address: "localhost:15252"
    dataStreamAddress: "localhost:15255"
    clientAddress: "localhost:15254"
    adminAddress: "localhost:15253"
    startupRole: FOLLOWER
  }
  commitIndex: 16
}
commitInfos {
  server {
    id: "s2"
    address: "localhost:15260"
    dataStreamAddress: "localhost:15263"
    clientAddress: "localhost:15262"
    adminAddress: "localhost:15261"
    startupRole: FOLLOWER
  }
  commitIndex: 16
}
)
2024-10-20 10:46:00,147 [main] WARN  util.ReferenceCountedLeakDetector (ReferenceCountedLeakDetector.java:logLeakMessage(167)) - LEAK: (class org.apache.ratis.proto.RaftProtos$AppendEntriesRequestProto, count=2, value=serverRequest {
  requestorId: "s1"
  replyId: "s2"
  raftGroupId {
    id: "\375\210\024\357\262\375HY\244\207Ci\024Gb\025"
  }
}
leaderTerm: 11
previousLog {
  term: 10
  index: 18
}
leaderCommit: 17
commitInfos {
  server {
    id: "s1"
    address: "localhost:15256"
    dataStreamAddress: "localhost:15259"
    clientAddress: "localhost:15258"
    adminAddress: "localhost:15257"
    startupRole: FOLLOWER
  }
  commitIndex: 17
}
commitInfos {
  server {
    id: "s0"
    address: "localhost:15252"
    dataStreamAddress: "localhost:15255"
    clientAddress: "localhost:15254"
    adminAddress: "localhost:15253"
    startupRole: FOLLOWER
  }
  commitIndex: 17
}
commitInfos {
  server {
    id: "s2"
    address: "localhost:15260"
    dataStreamAddress: "localhost:15263"
    clientAddress: "localhost:15262"
    adminAddress: "localhost:15261"
    startupRole: FOLLOWER
  }
  commitIndex: 16
}
)
2024-10-20 10:46:00,148 [main] WARN  util.LeakDetector (LeakDetector.java:assertNoLeaks(171)) - 0/30) numLeaks == 5 > 0, will wait and retry ...
2024-10-20 10:46:01,148 [main] WARN  util.ReferenceCountedLeakDetector (ReferenceCountedLeakDetector.java:logLeakMessage(167)) - LEAK: (class org.apache.ratis.proto.RaftProtos$AppendEntriesRequestProto, count=2, value=serverRequest {
  requestorId: "s0"
  replyId: "s2"
  raftGroupId {
    id: "\375\210\024\357\262\375HY\244\207Ci\024Gb\025"
  }
}
leaderTerm: 10
previousLog {
  term: 9
  index: 16
}
leaderCommit: 16
commitInfos {
  server {
    id: "s0"
    address: "localhost:15252"
    dataStreamAddress: "localhost:15255"
    clientAddress: "localhost:15254"
    adminAddress: "localhost:15253"
    startupRole: FOLLOWER
  }
  commitIndex: 16
}
commitInfos {
  server {
    id: "s1"
    address: "localhost:15256"
    dataStreamAddress: "localhost:15259"
    clientAddress: "localhost:15258"
    adminAddress: "localhost:15257"
    startupRole: FOLLOWER
  }
  commitIndex: 16
}
commitInfos {
  server {
    id: "s2"
    address: "localhost:15260"
    dataStreamAddress: "localhost:15263"
    clientAddress: "localhost:15262"
    adminAddress: "localhost:15261"
    startupRole: FOLLOWER
  }
  commitIndex: 16
}
)
2024-10-20 10:46:01,148 [main] WARN  util.ReferenceCountedLeakDetector (ReferenceCountedLeakDetector.java:logLeakMessage(167)) - LEAK: (class org.apache.ratis.proto.RaftProtos$AppendEntriesRequestProto, count=3, value=serverRequest {
  requestorId: "s1"
  replyId: "s2"
  raftGroupId {
    id: "\375\210\024\357\262\375HY\244\207Ci\024Gb\025"
  }
  callId: 1
}
leaderTerm: 11
previousLog {
  term: 10
  index: 18
}
entries {
  term: 11
  index: 19
  configurationEntry {
    peers {
      id: "s0"
      address: "localhost:15252"
      dataStreamAddress: "localhost:15255"
      clientAddress: "localhost:15254"
      adminAddress: "localhost:15253"
      startupRole: FOLLOWER
    }
    peers {
      id: "s1"
      address: "localhost:15256"
      dataStreamAddress: "localhost:15259"
      clientAddress: "localhost:15258"
      adminAddress: "localhost:15257"
      startupRole: FOLLOWER
    }
    peers {
      id: "s2"
      address: "localhost:15260"
      dataStreamAddress: "localhost:15263"
      clientAddress: "localhost:15262"
      adminAddress: "localhost:15261"
      startupRole: FOLLOWER
    }
  }
}
leaderCommit: 17
commitInfos {
  server {
    id: "s1"
    address: "localhost:15256"
    dataStreamAddress: "localhost:15259"
    clientAddress: "localhost:15258"
    adminAddress: "localhost:15257"
    startupRole: FOLLOWER
  }
  commitIndex: 17
}
commitInfos {
  server {
    id: "s0"
    address: "localhost:15252"
    dataStreamAddress: "localhost:15255"
    clientAddress: "localhost:15254"
    adminAddress: "localhost:15253"
    startupRole: FOLLOWER
  }
  commitIndex: 17
}
commitInfos {
  server {
    id: "s2"
    address: "localhost:15260"
    dataStreamAddress: "localhost:15263"
    clientAddress: "localhost:15262"
    adminAddress: "localhost:15261"
    startupRole: FOLLOWER
  }
  commitIndex: 16
}
)
2024-10-20 10:46:01,148 [main] WARN  util.ReferenceCountedLeakDetector (ReferenceCountedLeakDetector.java:logLeakMessage(167)) - LEAK: (class org.apache.ratis.proto.RaftProtos$AppendEntriesRequestProto, count=3, value=serverRequest {
  requestorId: "s0"
  replyId: "s2"
  raftGroupId {
    id: "\375\210\024\357\262\375HY\244\207Ci\024Gb\025"
  }
  callId: 1
}
leaderTerm: 10
previousLog {
  term: 9
  index: 16
}
entries {
  term: 10
  index: 17
  configurationEntry {
    peers {
      id: "s0"
      address: "localhost:15252"
      dataStreamAddress: "localhost:15255"
      clientAddress: "localhost:15254"
      adminAddress: "localhost:15253"
      startupRole: FOLLOWER
    }
    peers {
      id: "s1"
      address: "localhost:15256"
      dataStreamAddress: "localhost:15259"
      clientAddress: "localhost:15258"
      adminAddress: "localhost:15257"
      startupRole: FOLLOWER
    }
    peers {
      id: "s2"
      address: "localhost:15260"
      dataStreamAddress: "localhost:15263"
      clientAddress: "localhost:15262"
      adminAddress: "localhost:15261"
      startupRole: FOLLOWER
    }
  }
}
leaderCommit: 16
commitInfos {
  server {
    id: "s0"
    address: "localhost:15252"
    dataStreamAddress: "localhost:15255"
    clientAddress: "localhost:15254"
    adminAddress: "localhost:15253"
    startupRole: FOLLOWER
  }
  commitIndex: 16
}
commitInfos {
  server {
    id: "s1"
    address: "localhost:15256"
    dataStreamAddress: "localhost:15259"
    clientAddress: "localhost:15258"
    adminAddress: "localhost:15257"
    startupRole: FOLLOWER
  }
  commitIndex: 16
}
commitInfos {
  server {
    id: "s2"
    address: "localhost:15260"
    dataStreamAddress: "localhost:15263"
    clientAddress: "localhost:15262"
    adminAddress: "localhost:15261"
    startupRole: FOLLOWER
  }
  commitIndex: 16
}
)
2024-10-20 10:46:01,149 [main] WARN  util.ReferenceCountedLeakDetector (ReferenceCountedLeakDetector.java:logLeakMessage(167)) - LEAK: (class org.apache.ratis.proto.RaftProtos$AppendEntriesRequestProto, count=2, value=serverRequest {
  requestorId: "s1"
  replyId: "s2"
  raftGroupId {
    id: "\375\210\024\357\262\375HY\244\207Ci\024Gb\025"
  }
  callId: 8
}
leaderTerm: 9
previousLog {
  term: 9
  index: 16
}
leaderCommit: 16
commitInfos {
  server {
    id: "s1"
    address: "localhost:15256"
    dataStreamAddress: "localhost:15259"
    clientAddress: "localhost:15258"
    adminAddress: "localhost:15257"
    startupRole: FOLLOWER
  }
  commitIndex: 16
}
commitInfos {
  server {
    id: "s0"
    address: "localhost:15252"
    dataStreamAddress: "localhost:15255"
    clientAddress: "localhost:15254"
    adminAddress: "localhost:15253"
    startupRole: FOLLOWER
  }
  commitIndex: 16
}
commitInfos {
  server {
    id: "s2"
    address: "localhost:15260"
    dataStreamAddress: "localhost:15263"
    clientAddress: "localhost:15262"
    adminAddress: "localhost:15261"
    startupRole: FOLLOWER
  }
  commitIndex: 16
}
)
2024-10-20 10:46:01,149 [main] WARN  util.ReferenceCountedLeakDetector (ReferenceCountedLeakDetector.java:logLeakMessage(167)) - LEAK: (class org.apache.ratis.proto.RaftProtos$AppendEntriesRequestProto, count=2, value=serverRequest {
  requestorId: "s1"
  replyId: "s2"
  raftGroupId {
    id: "\375\210\024\357\262\375HY\244\207Ci\024Gb\025"
  }
}
leaderTerm: 11
previousLog {
  term: 10
  index: 18
}
leaderCommit: 17
commitInfos {
  server {
    id: "s1"
    address: "localhost:15256"
    dataStreamAddress: "localhost:15259"
    clientAddress: "localhost:15258"
    adminAddress: "localhost:15257"
    startupRole: FOLLOWER
  }
  commitIndex: 17
}
commitInfos {
  server {
    id: "s0"
    address: "localhost:15252"
    dataStreamAddress: "localhost:15255"
    clientAddress: "localhost:15254"
    adminAddress: "localhost:15253"
    startupRole: FOLLOWER
  }
  commitIndex: 17
}
commitInfos {
  server {
    id: "s2"
    address: "localhost:15260"
    dataStreamAddress: "localhost:15263"
    clientAddress: "localhost:15262"
    adminAddress: "localhost:15261"
    startupRole: FOLLOWER
  }
  commitIndex: 16
}
)
2024-10-20 10:46:01,149 [main] WARN  util.LeakDetector (LeakDetector.java:assertNoLeaks(171)) - 1/30) numLeaks == 5 > 0, will wait and retry ...
2024-10-20 10:46:02,039 [timer6] WARN  server.GrpcLogAppender (GrpcLogAppender.java:timeoutAppendRequest(450)) - s0@group-6C7A98F62AAB->s2-GrpcLogAppender: Timed out HEARTBEAT appendEntries, errorCount=1, request=AppendEntriesRequest:cid=10,entriesCount=0
2024-10-20 10:46:02,149 [main] WARN  util.ReferenceCountedLeakDetector (ReferenceCountedLeakDetector.java:logLeakMessage(167)) - LEAK: (class org.apache.ratis.proto.RaftProtos$AppendEntriesRequestProto, count=2, value=serverRequest {
  requestorId: "s0"
  replyId: "s2"
  raftGroupId {
    id: "\375\210\024\357\262\375HY\244\207Ci\024Gb\025"
  }
}
leaderTerm: 10
previousLog {
  term: 9
  index: 16
}
leaderCommit: 16
commitInfos {
  server {
    id: "s0"
    address: "localhost:15252"
    dataStreamAddress: "localhost:15255"
    clientAddress: "localhost:15254"
    adminAddress: "localhost:15253"
    startupRole: FOLLOWER
  }
  commitIndex: 16
}
commitInfos {
  server {
    id: "s1"
    address: "localhost:15256"
    dataStreamAddress: "localhost:15259"
    clientAddress: "localhost:15258"
    adminAddress: "localhost:15257"
    startupRole: FOLLOWER
  }
  commitIndex: 16
}
commitInfos {
  server {
    id: "s2"
    address: "localhost:15260"
    dataStreamAddress: "localhost:15263"
    clientAddress: "localhost:15262"
    adminAddress: "localhost:15261"
    startupRole: FOLLOWER
  }
  commitIndex: 16
}
)
2024-10-20 10:46:02,150 [main] WARN  util.ReferenceCountedLeakDetector (ReferenceCountedLeakDetector.java:logLeakMessage(167)) - LEAK: (class org.apache.ratis.proto.RaftProtos$AppendEntriesRequestProto, count=3, value=serverRequest {
  requestorId: "s1"
  replyId: "s2"
  raftGroupId {
    id: "\375\210\024\357\262\375HY\244\207Ci\024Gb\025"
  }
  callId: 1
}
leaderTerm: 11
previousLog {
  term: 10
  index: 18
}
entries {
  term: 11
  index: 19
  configurationEntry {
    peers {
      id: "s0"
      address: "localhost:15252"
      dataStreamAddress: "localhost:15255"
      clientAddress: "localhost:15254"
      adminAddress: "localhost:15253"
      startupRole: FOLLOWER
    }
    peers {
      id: "s1"
      address: "localhost:15256"
      dataStreamAddress: "localhost:15259"
      clientAddress: "localhost:15258"
      adminAddress: "localhost:15257"
      startupRole: FOLLOWER
    }
    peers {
      id: "s2"
      address: "localhost:15260"
      dataStreamAddress: "localhost:15263"
      clientAddress: "localhost:15262"
      adminAddress: "localhost:15261"
      startupRole: FOLLOWER
    }
  }
}
leaderCommit: 17
commitInfos {
  server {
    id: "s1"
    address: "localhost:15256"
    dataStreamAddress: "localhost:15259"
    clientAddress: "localhost:15258"
    adminAddress: "localhost:15257"
    startupRole: FOLLOWER
  }
  commitIndex: 17
}
commitInfos {
  server {
    id: "s0"
    address: "localhost:15252"
    dataStreamAddress: "localhost:15255"
    clientAddress: "localhost:15254"
    adminAddress: "localhost:15253"
    startupRole: FOLLOWER
  }
  commitIndex: 17
}
commitInfos {
  server {
    id: "s2"
    address: "localhost:15260"
    dataStreamAddress: "localhost:15263"
    clientAddress: "localhost:15262"
    adminAddress: "localhost:15261"
    startupRole: FOLLOWER
  }
  commitIndex: 16
}
)
2024-10-20 10:46:02,150 [main] WARN  util.ReferenceCountedLeakDetector (ReferenceCountedLeakDetector.java:logLeakMessage(167)) - LEAK: (class org.apache.ratis.proto.RaftProtos$AppendEntriesRequestProto, count=3, value=serverRequest {
  requestorId: "s0"
  replyId: "s2"
  raftGroupId {
    id: "\375\210\024\357\262\375HY\244\207Ci\024Gb\025"
  }
  callId: 1
}
leaderTerm: 10
previousLog {
  term: 9
  index: 16
}
entries {
  term: 10
  index: 17
  configurationEntry {
    peers {
      id: "s0"
      address: "localhost:15252"
      dataStreamAddress: "localhost:15255"
      clientAddress: "localhost:15254"
      adminAddress: "localhost:15253"
      startupRole: FOLLOWER
    }
    peers {
      id: "s1"
      address: "localhost:15256"
      dataStreamAddress: "localhost:15259"
      clientAddress: "localhost:15258"
      adminAddress: "localhost:15257"
      startupRole: FOLLOWER
    }
    peers {
      id: "s2"
      address: "localhost:15260"
      dataStreamAddress: "localhost:15263"
      clientAddress: "localhost:15262"
      adminAddress: "localhost:15261"
      startupRole: FOLLOWER
    }
  }
}
leaderCommit: 16
commitInfos {
  server {
    id: "s0"
    address: "localhost:15252"
    dataStreamAddress: "localhost:15255"
    clientAddress: "localhost:15254"
    adminAddress: "localhost:15253"
    startupRole: FOLLOWER
  }
  commitIndex: 16
}
commitInfos {
  server {
    id: "s1"
    address: "localhost:15256"
    dataStreamAddress: "localhost:15259"
    clientAddress: "localhost:15258"
    adminAddress: "localhost:15257"
    startupRole: FOLLOWER
  }
  commitIndex: 16
}
commitInfos {
  server {
    id: "s2"
    address: "localhost:15260"
    dataStreamAddress: "localhost:15263"
    clientAddress: "localhost:15262"
    adminAddress: "localhost:15261"
    startupRole: FOLLOWER
  }
  commitIndex: 16
}
)
2024-10-20 10:46:02,150 [main] WARN  util.ReferenceCountedLeakDetector (ReferenceCountedLeakDetector.java:logLeakMessage(167)) - LEAK: (class org.apache.ratis.proto.RaftProtos$AppendEntriesRequestProto, count=2, value=serverRequest {
  requestorId: "s1"
  replyId: "s2"
  raftGroupId {
    id: "\375\210\024\357\262\375HY\244\207Ci\024Gb\025"
  }
  callId: 8
}
leaderTerm: 9
previousLog {
  term: 9
  index: 16
}
leaderCommit: 16
commitInfos {
  server {
    id: "s1"
    address: "localhost:15256"
    dataStreamAddress: "localhost:15259"
    clientAddress: "localhost:15258"
    adminAddress: "localhost:15257"
    startupRole: FOLLOWER
  }
  commitIndex: 16
}
commitInfos {
  server {
    id: "s0"
    address: "localhost:15252"
    dataStreamAddress: "localhost:15255"
    clientAddress: "localhost:15254"
    adminAddress: "localhost:15253"
    startupRole: FOLLOWER
  }
  commitIndex: 16
}
commitInfos {
  server {
    id: "s2"
    address: "localhost:15260"
    dataStreamAddress: "localhost:15263"
    clientAddress: "localhost:15262"
    adminAddress: "localhost:15261"
    startupRole: FOLLOWER
  }
  commitIndex: 16
}
)
2024-10-20 10:46:02,150 [main] WARN  util.ReferenceCountedLeakDetector (ReferenceCountedLeakDetector.java:logLeakMessage(167)) - LEAK: (class org.apache.ratis.proto.RaftProtos$AppendEntriesRequestProto, count=2, value=serverRequest {
  requestorId: "s1"
  replyId: "s2"
  raftGroupId {
    id: "\375\210\024\357\262\375HY\244\207Ci\024Gb\025"
  }
}
leaderTerm: 11
previousLog {
  term: 10
  index: 18
}
leaderCommit: 17
commitInfos {
  server {
    id: "s1"
    address: "localhost:15256"
    dataStreamAddress: "localhost:15259"
    clientAddress: "localhost:15258"
    adminAddress: "localhost:15257"
    startupRole: FOLLOWER
  }
  commitIndex: 17
}
commitInfos {
  server {
    id: "s0"
    address: "localhost:15252"
    dataStreamAddress: "localhost:15255"
    clientAddress: "localhost:15254"
    adminAddress: "localhost:15253"
    startupRole: FOLLOWER
  }
  commitIndex: 17
}
commitInfos {
  server {
    id: "s2"
    address: "localhost:15260"
    dataStreamAddress: "localhost:15263"
    clientAddress: "localhost:15262"
    adminAddress: "localhost:15261"
    startupRole: FOLLOWER
  }
  commitIndex: 16
}
)
2024-10-20 10:46:02,150 [main] WARN  util.LeakDetector (LeakDetector.java:assertNoLeaks(171)) - 2/30) numLeaks == 5 > 0, will wait and retry ...
2024-10-20 10:46:03,150 [main] WARN  util.ReferenceCountedLeakDetector (ReferenceCountedLeakDetector.java:logLeakMessage(167)) - LEAK: (class org.apache.ratis.proto.RaftProtos$AppendEntriesRequestProto, count=2, value=serverRequest {
  requestorId: "s0"
  replyId: "s2"
  raftGroupId {
    id: "\375\210\024\357\262\375HY\244\207Ci\024Gb\025"
  }
}
leaderTerm: 10
previousLog {
  term: 9
  index: 16
}
leaderCommit: 16
commitInfos {
  server {
    id: "s0"
    address: "localhost:15252"
    dataStreamAddress: "localhost:15255"
    clientAddress: "localhost:15254"
    adminAddress: "localhost:15253"
    startupRole: FOLLOWER
  }
  commitIndex: 16
}
commitInfos {
  server {
    id: "s1"
    address: "localhost:15256"
    dataStreamAddress: "localhost:15259"
    clientAddress: "localhost:15258"
    adminAddress: "localhost:15257"
    startupRole: FOLLOWER
  }
  commitIndex: 16
}
commitInfos {
  server {
    id: "s2"
    address: "localhost:15260"
    dataStreamAddress: "localhost:15263"
    clientAddress: "localhost:15262"
    adminAddress: "localhost:15261"
    startupRole: FOLLOWER
  }
  commitIndex: 16
}
)
2024-10-20 10:46:03,151 [main] WARN  util.ReferenceCountedLeakDetector (ReferenceCountedLeakDetector.java:logLeakMessage(167)) - LEAK: (class org.apache.ratis.proto.RaftProtos$AppendEntriesRequestProto, count=3, value=serverRequest {
  requestorId: "s1"
  replyId: "s2"
  raftGroupId {
    id: "\375\210\024\357\262\375HY\244\207Ci\024Gb\025"
  }
  callId: 1
}
leaderTerm: 11
previousLog {
  term: 10
  index: 18
}
entries {
  term: 11
  index: 19
  configurationEntry {
    peers {
      id: "s0"
      address: "localhost:15252"
      dataStreamAddress: "localhost:15255"
      clientAddress: "localhost:15254"
      adminAddress: "localhost:15253"
      startupRole: FOLLOWER
    }
    peers {
      id: "s1"
      address: "localhost:15256"
      dataStreamAddress: "localhost:15259"
      clientAddress: "localhost:15258"
      adminAddress: "localhost:15257"
      startupRole: FOLLOWER
    }
    peers {
      id: "s2"
      address: "localhost:15260"
      dataStreamAddress: "localhost:15263"
      clientAddress: "localhost:15262"
      adminAddress: "localhost:15261"
      startupRole: FOLLOWER
    }
  }
}
leaderCommit: 17
commitInfos {
  server {
    id: "s1"
    address: "localhost:15256"
    dataStreamAddress: "localhost:15259"
    clientAddress: "localhost:15258"
    adminAddress: "localhost:15257"
    startupRole: FOLLOWER
  }
  commitIndex: 17
}
commitInfos {
  server {
    id: "s0"
    address: "localhost:15252"
    dataStreamAddress: "localhost:15255"
    clientAddress: "localhost:15254"
    adminAddress: "localhost:15253"
    startupRole: FOLLOWER
  }
  commitIndex: 17
}
commitInfos {
  server {
    id: "s2"
    address: "localhost:15260"
    dataStreamAddress: "localhost:15263"
    clientAddress: "localhost:15262"
    adminAddress: "localhost:15261"
    startupRole: FOLLOWER
  }
  commitIndex: 16
}
)
2024-10-20 10:46:03,151 [main] WARN  util.ReferenceCountedLeakDetector (ReferenceCountedLeakDetector.java:logLeakMessage(167)) - LEAK: (class org.apache.ratis.proto.RaftProtos$AppendEntriesRequestProto, count=3, value=serverRequest {
  requestorId: "s0"
  replyId: "s2"
  raftGroupId {
    id: "\375\210\024\357\262\375HY\244\207Ci\024Gb\025"
  }
  callId: 1
}
leaderTerm: 10
previousLog {
  term: 9
  index: 16
}
entries {
  term: 10
  index: 17
  configurationEntry {
    peers {
      id: "s0"
      address: "localhost:15252"
      dataStreamAddress: "localhost:15255"
      clientAddress: "localhost:15254"
      adminAddress: "localhost:15253"
      startupRole: FOLLOWER
    }
    peers {
      id: "s1"
      address: "localhost:15256"
      dataStreamAddress: "localhost:15259"
      clientAddress: "localhost:15258"
      adminAddress: "localhost:15257"
      startupRole: FOLLOWER
    }
    peers {
      id: "s2"
      address: "localhost:15260"
      dataStreamAddress: "localhost:15263"
      clientAddress: "localhost:15262"
      adminAddress: "localhost:15261"
      startupRole: FOLLOWER
    }
  }
}
leaderCommit: 16
commitInfos {
  server {
    id: "s0"
    address: "localhost:15252"
    dataStreamAddress: "localhost:15255"
    clientAddress: "localhost:15254"
    adminAddress: "localhost:15253"
    startupRole: FOLLOWER
  }
  commitIndex: 16
}
commitInfos {
  server {
    id: "s1"
    address: "localhost:15256"
    dataStreamAddress: "localhost:15259"
    clientAddress: "localhost:15258"
    adminAddress: "localhost:15257"
    startupRole: FOLLOWER
  }
  commitIndex: 16
}
commitInfos {
  server {
    id: "s2"
    address: "localhost:15260"
    dataStreamAddress: "localhost:15263"
    clientAddress: "localhost:15262"
    adminAddress: "localhost:15261"
    startupRole: FOLLOWER
  }
  commitIndex: 16
}
)
2024-10-20 10:46:03,151 [main] WARN  util.ReferenceCountedLeakDetector (ReferenceCountedLeakDetector.java:logLeakMessage(167)) - LEAK: (class org.apache.ratis.proto.RaftProtos$AppendEntriesRequestProto, count=2, value=serverRequest {
  requestorId: "s1"
  replyId: "s2"
  raftGroupId {
    id: "\375\210\024\357\262\375HY\244\207Ci\024Gb\025"
  }
  callId: 8
}
leaderTerm: 9
previousLog {
  term: 9
  index: 16
}
leaderCommit: 16
commitInfos {
  server {
    id: "s1"
    address: "localhost:15256"
    dataStreamAddress: "localhost:15259"
    clientAddress: "localhost:15258"
    adminAddress: "localhost:15257"
    startupRole: FOLLOWER
  }
  commitIndex: 16
}
commitInfos {
  server {
    id: "s0"
    address: "localhost:15252"
    dataStreamAddress: "localhost:15255"
    clientAddress: "localhost:15254"
    adminAddress: "localhost:15253"
    startupRole: FOLLOWER
  }
  commitIndex: 16
}
commitInfos {
  server {
    id: "s2"
    address: "localhost:15260"
    dataStreamAddress: "localhost:15263"
    clientAddress: "localhost:15262"
    adminAddress: "localhost:15261"
    startupRole: FOLLOWER
  }
  commitIndex: 16
}
)
2024-10-20 10:46:03,151 [main] WARN  util.ReferenceCountedLeakDetector (ReferenceCountedLeakDetector.java:logLeakMessage(167)) - LEAK: (class org.apache.ratis.proto.RaftProtos$AppendEntriesRequestProto, count=2, value=serverRequest {
  requestorId: "s1"
  replyId: "s2"
  raftGroupId {
    id: "\375\210\024\357\262\375HY\244\207Ci\024Gb\025"
  }
}
leaderTerm: 11
previousLog {
  term: 10
  index: 18
}
leaderCommit: 17
commitInfos {
  server {
    id: "s1"
    address: "localhost:15256"
    dataStreamAddress: "localhost:15259"
    clientAddress: "localhost:15258"
    adminAddress: "localhost:15257"
    startupRole: FOLLOWER
  }
  commitIndex: 17
}
commitInfos {
  server {
    id: "s0"
    address: "localhost:15252"
    dataStreamAddress: "localhost:15255"
    clientAddress: "localhost:15254"
    adminAddress: "localhost:15253"
    startupRole: FOLLOWER
  }
  commitIndex: 17
}
commitInfos {
  server {
    id: "s2"
    address: "localhost:15260"
    dataStreamAddress: "localhost:15263"
    clientAddress: "localhost:15262"
    adminAddress: "localhost:15261"
    startupRole: FOLLOWER
  }
  commitIndex: 16
}
)
2024-10-20 10:46:03,151 [main] WARN  util.LeakDetector (LeakDetector.java:assertNoLeaks(171)) - 3/30) numLeaks == 5 > 0, will wait and retry ...
2024-10-20 10:46:04,152 [main] WARN  util.ReferenceCountedLeakDetector (ReferenceCountedLeakDetector.java:logLeakMessage(167)) - LEAK: (class org.apache.ratis.proto.RaftProtos$AppendEntriesRequestProto, count=2, value=serverRequest {
  requestorId: "s0"
  replyId: "s2"
  raftGroupId {
    id: "\375\210\024\357\262\375HY\244\207Ci\024Gb\025"
  }
}
leaderTerm: 10
previousLog {
  term: 9
  index: 16
}
leaderCommit: 16
commitInfos {
  server {
    id: "s0"
    address: "localhost:15252"
    dataStreamAddress: "localhost:15255"
    clientAddress: "localhost:15254"
    adminAddress: "localhost:15253"
    startupRole: FOLLOWER
  }
  commitIndex: 16
}
commitInfos {
  server {
    id: "s1"
    address: "localhost:15256"
    dataStreamAddress: "localhost:15259"
    clientAddress: "localhost:15258"
    adminAddress: "localhost:15257"
    startupRole: FOLLOWER
  }
  commitIndex: 16
}
commitInfos {
  server {
    id: "s2"
    address: "localhost:15260"
    dataStreamAddress: "localhost:15263"
    clientAddress: "localhost:15262"
    adminAddress: "localhost:15261"
    startupRole: FOLLOWER
  }
  commitIndex: 16
}
)
2024-10-20 10:46:04,152 [main] WARN  util.ReferenceCountedLeakDetector (ReferenceCountedLeakDetector.java:logLeakMessage(167)) - LEAK: (class org.apache.ratis.proto.RaftProtos$AppendEntriesRequestProto, count=3, value=serverRequest {
  requestorId: "s1"
  replyId: "s2"
  raftGroupId {
    id: "\375\210\024\357\262\375HY\244\207Ci\024Gb\025"
  }
  callId: 1
}
leaderTerm: 11
previousLog {
  term: 10
  index: 18
}
entries {
  term: 11
  index: 19
  configurationEntry {
    peers {
      id: "s0"
      address: "localhost:15252"
      dataStreamAddress: "localhost:15255"
      clientAddress: "localhost:15254"
      adminAddress: "localhost:15253"
      startupRole: FOLLOWER
    }
    peers {
      id: "s1"
      address: "localhost:15256"
      dataStreamAddress: "localhost:15259"
      clientAddress: "localhost:15258"
      adminAddress: "localhost:15257"
      startupRole: FOLLOWER
    }
    peers {
      id: "s2"
      address: "localhost:15260"
      dataStreamAddress: "localhost:15263"
      clientAddress: "localhost:15262"
      adminAddress: "localhost:15261"
      startupRole: FOLLOWER
    }
  }
}
leaderCommit: 17
commitInfos {
  server {
    id: "s1"
    address: "localhost:15256"
    dataStreamAddress: "localhost:15259"
    clientAddress: "localhost:15258"
    adminAddress: "localhost:15257"
    startupRole: FOLLOWER
  }
  commitIndex: 17
}
commitInfos {
  server {
    id: "s0"
    address: "localhost:15252"
    dataStreamAddress: "localhost:15255"
    clientAddress: "localhost:15254"
    adminAddress: "localhost:15253"
    startupRole: FOLLOWER
  }
  commitIndex: 17
}
commitInfos {
  server {
    id: "s2"
    address: "localhost:15260"
    dataStreamAddress: "localhost:15263"
    clientAddress: "localhost:15262"
    adminAddress: "localhost:15261"
    startupRole: FOLLOWER
  }
  commitIndex: 16
}
)
2024-10-20 10:46:04,152 [main] WARN  util.ReferenceCountedLeakDetector (ReferenceCountedLeakDetector.java:logLeakMessage(167)) - LEAK: (class org.apache.ratis.proto.RaftProtos$AppendEntriesRequestProto, count=3, value=serverRequest {
  requestorId: "s0"
  replyId: "s2"
  raftGroupId {
    id: "\375\210\024\357\262\375HY\244\207Ci\024Gb\025"
  }
  callId: 1
}
leaderTerm: 10
previousLog {
  term: 9
  index: 16
}
entries {
  term: 10
  index: 17
  configurationEntry {
    peers {
      id: "s0"
      address: "localhost:15252"
      dataStreamAddress: "localhost:15255"
      clientAddress: "localhost:15254"
      adminAddress: "localhost:15253"
      startupRole: FOLLOWER
    }
    peers {
      id: "s1"
      address: "localhost:15256"
      dataStreamAddress: "localhost:15259"
      clientAddress: "localhost:15258"
      adminAddress: "localhost:15257"
      startupRole: FOLLOWER
    }
    peers {
      id: "s2"
      address: "localhost:15260"
      dataStreamAddress: "localhost:15263"
      clientAddress: "localhost:15262"
      adminAddress: "localhost:15261"
      startupRole: FOLLOWER
    }
  }
}
leaderCommit: 16
commitInfos {
  server {
    id: "s0"
    address: "localhost:15252"
    dataStreamAddress: "localhost:15255"
    clientAddress: "localhost:15254"
    adminAddress: "localhost:15253"
    startupRole: FOLLOWER
  }
  commitIndex: 16
}
commitInfos {
  server {
    id: "s1"
    address: "localhost:15256"
    dataStreamAddress: "localhost:15259"
    clientAddress: "localhost:15258"
    adminAddress: "localhost:15257"
    startupRole: FOLLOWER
  }
  commitIndex: 16
}
commitInfos {
  server {
    id: "s2"
    address: "localhost:15260"
    dataStreamAddress: "localhost:15263"
    clientAddress: "localhost:15262"
    adminAddress: "localhost:15261"
    startupRole: FOLLOWER
  }
  commitIndex: 16
}
)
2024-10-20 10:46:04,152 [main] WARN  util.ReferenceCountedLeakDetector (ReferenceCountedLeakDetector.java:logLeakMessage(167)) - LEAK: (class org.apache.ratis.proto.RaftProtos$AppendEntriesRequestProto, count=2, value=serverRequest {
  requestorId: "s1"
  replyId: "s2"
  raftGroupId {
    id: "\375\210\024\357\262\375HY\244\207Ci\024Gb\025"
  }
  callId: 8
}
leaderTerm: 9
previousLog {
  term: 9
  index: 16
}
leaderCommit: 16
commitInfos {
  server {
    id: "s1"
    address: "localhost:15256"
    dataStreamAddress: "localhost:15259"
    clientAddress: "localhost:15258"
    adminAddress: "localhost:15257"
    startupRole: FOLLOWER
  }
  commitIndex: 16
}
commitInfos {
  server {
    id: "s0"
    address: "localhost:15252"
    dataStreamAddress: "localhost:15255"
    clientAddress: "localhost:15254"
    adminAddress: "localhost:15253"
    startupRole: FOLLOWER
  }
  commitIndex: 16
}
commitInfos {
  server {
    id: "s2"
    address: "localhost:15260"
    dataStreamAddress: "localhost:15263"
    clientAddress: "localhost:15262"
    adminAddress: "localhost:15261"
    startupRole: FOLLOWER
  }
  commitIndex: 16
}
)
2024-10-20 10:46:04,152 [main] WARN  util.ReferenceCountedLeakDetector (ReferenceCountedLeakDetector.java:logLeakMessage(167)) - LEAK: (class org.apache.ratis.proto.RaftProtos$AppendEntriesRequestProto, count=2, value=serverRequest {
  requestorId: "s1"
  replyId: "s2"
  raftGroupId {
    id: "\375\210\024\357\262\375HY\244\207Ci\024Gb\025"
  }
}
leaderTerm: 11
previousLog {
  term: 10
  index: 18
}
leaderCommit: 17
commitInfos {
  server {
    id: "s1"
    address: "localhost:15256"
    dataStreamAddress: "localhost:15259"
    clientAddress: "localhost:15258"
    adminAddress: "localhost:15257"
    startupRole: FOLLOWER
  }
  commitIndex: 17
}
commitInfos {
  server {
    id: "s0"
    address: "localhost:15252"
    dataStreamAddress: "localhost:15255"
    clientAddress: "localhost:15254"
    adminAddress: "localhost:15253"
    startupRole: FOLLOWER
  }
  commitIndex: 17
}
commitInfos {
  server {
    id: "s2"
    address: "localhost:15260"
    dataStreamAddress: "localhost:15263"
    clientAddress: "localhost:15262"
    adminAddress: "localhost:15261"
    startupRole: FOLLOWER
  }
  commitIndex: 16
}
)
2024-10-20 10:46:04,153 [main] WARN  util.LeakDetector (LeakDetector.java:assertNoLeaks(171)) - 4/30) numLeaks == 5 > 0, will wait and retry ...
2024-10-20 10:46:05,153 [main] WARN  util.ReferenceCountedLeakDetector (ReferenceCountedLeakDetector.java:logLeakMessage(167)) - LEAK: (class org.apache.ratis.proto.RaftProtos$AppendEntriesRequestProto, count=2, value=serverRequest {
  requestorId: "s0"
  replyId: "s2"
  raftGroupId {
    id: "\375\210\024\357\262\375HY\244\207Ci\024Gb\025"
  }
}
leaderTerm: 10
previousLog {
  term: 9
  index: 16
}
leaderCommit: 16
commitInfos {
  server {
    id: "s0"
    address: "localhost:15252"
    dataStreamAddress: "localhost:15255"
    clientAddress: "localhost:15254"
    adminAddress: "localhost:15253"
    startupRole: FOLLOWER
  }
  commitIndex: 16
}
commitInfos {
  server {
    id: "s1"
    address: "localhost:15256"
    dataStreamAddress: "localhost:15259"
    clientAddress: "localhost:15258"
    adminAddress: "localhost:15257"
    startupRole: FOLLOWER
  }
  commitIndex: 16
}
commitInfos {
  server {
    id: "s2"
    address: "localhost:15260"
    dataStreamAddress: "localhost:15263"
    clientAddress: "localhost:15262"
    adminAddress: "localhost:15261"
    startupRole: FOLLOWER
  }
  commitIndex: 16
}
)
2024-10-20 10:46:05,153 [main] WARN  util.ReferenceCountedLeakDetector (ReferenceCountedLeakDetector.java:logLeakMessage(167)) - LEAK: (class org.apache.ratis.proto.RaftProtos$AppendEntriesRequestProto, count=3, value=serverRequest {
  requestorId: "s1"
  replyId: "s2"
  raftGroupId {
    id: "\375\210\024\357\262\375HY\244\207Ci\024Gb\025"
  }
  callId: 1
}
leaderTerm: 11
previousLog {
  term: 10
  index: 18
}
entries {
  term: 11
  index: 19
  configurationEntry {
    peers {
      id: "s0"
      address: "localhost:15252"
      dataStreamAddress: "localhost:15255"
      clientAddress: "localhost:15254"
      adminAddress: "localhost:15253"
      startupRole: FOLLOWER
    }
    peers {
      id: "s1"
      address: "localhost:15256"
      dataStreamAddress: "localhost:15259"
      clientAddress: "localhost:15258"
      adminAddress: "localhost:15257"
      startupRole: FOLLOWER
    }
    peers {
      id: "s2"
      address: "localhost:15260"
      dataStreamAddress: "localhost:15263"
      clientAddress: "localhost:15262"
      adminAddress: "localhost:15261"
      startupRole: FOLLOWER
    }
  }
}
leaderCommit: 17
commitInfos {
  server {
    id: "s1"
    address: "localhost:15256"
    dataStreamAddress: "localhost:15259"
    clientAddress: "localhost:15258"
    adminAddress: "localhost:15257"
    startupRole: FOLLOWER
  }
  commitIndex: 17
}
commitInfos {
  server {
    id: "s0"
    address: "localhost:15252"
    dataStreamAddress: "localhost:15255"
    clientAddress: "localhost:15254"
    adminAddress: "localhost:15253"
    startupRole: FOLLOWER
  }
  commitIndex: 17
}
commitInfos {
  server {
    id: "s2"
    address: "localhost:15260"
    dataStreamAddress: "localhost:15263"
    clientAddress: "localhost:15262"
    adminAddress: "localhost:15261"
    startupRole: FOLLOWER
  }
  commitIndex: 16
}
)
2024-10-20 10:46:05,153 [main] WARN  util.ReferenceCountedLeakDetector (ReferenceCountedLeakDetector.java:logLeakMessage(167)) - LEAK: (class org.apache.ratis.proto.RaftProtos$AppendEntriesRequestProto, count=3, value=serverRequest {
  requestorId: "s0"
  replyId: "s2"
  raftGroupId {
    id: "\375\210\024\357\262\375HY\244\207Ci\024Gb\025"
  }
  callId: 1
}
leaderTerm: 10
previousLog {
  term: 9
  index: 16
}
entries {
  term: 10
  index: 17
  configurationEntry {
    peers {
      id: "s0"
      address: "localhost:15252"
      dataStreamAddress: "localhost:15255"
      clientAddress: "localhost:15254"
      adminAddress: "localhost:15253"
      startupRole: FOLLOWER
    }
    peers {
      id: "s1"
      address: "localhost:15256"
      dataStreamAddress: "localhost:15259"
      clientAddress: "localhost:15258"
      adminAddress: "localhost:15257"
      startupRole: FOLLOWER
    }
    peers {
      id: "s2"
      address: "localhost:15260"
      dataStreamAddress: "localhost:15263"
      clientAddress: "localhost:15262"
      adminAddress: "localhost:15261"
      startupRole: FOLLOWER
    }
  }
}
leaderCommit: 16
commitInfos {
  server {
    id: "s0"
    address: "localhost:15252"
    dataStreamAddress: "localhost:15255"
    clientAddress: "localhost:15254"
    adminAddress: "localhost:15253"
    startupRole: FOLLOWER
  }
  commitIndex: 16
}
commitInfos {
  server {
    id: "s1"
    address: "localhost:15256"
    dataStreamAddress: "localhost:15259"
    clientAddress: "localhost:15258"
    adminAddress: "localhost:15257"
    startupRole: FOLLOWER
  }
  commitIndex: 16
}
commitInfos {
  server {
    id: "s2"
    address: "localhost:15260"
    dataStreamAddress: "localhost:15263"
    clientAddress: "localhost:15262"
    adminAddress: "localhost:15261"
    startupRole: FOLLOWER
  }
  commitIndex: 16
}
)
2024-10-20 10:46:05,153 [main] WARN  util.ReferenceCountedLeakDetector (ReferenceCountedLeakDetector.java:logLeakMessage(167)) - LEAK: (class org.apache.ratis.proto.RaftProtos$AppendEntriesRequestProto, count=2, value=serverRequest {
  requestorId: "s1"
  replyId: "s2"
  raftGroupId {
    id: "\375\210\024\357\262\375HY\244\207Ci\024Gb\025"
  }
  callId: 8
}
leaderTerm: 9
previousLog {
  term: 9
  index: 16
}
leaderCommit: 16
commitInfos {
  server {
    id: "s1"
    address: "localhost:15256"
    dataStreamAddress: "localhost:15259"
    clientAddress: "localhost:15258"
    adminAddress: "localhost:15257"
    startupRole: FOLLOWER
  }
  commitIndex: 16
}
commitInfos {
  server {
    id: "s0"
    address: "localhost:15252"
    dataStreamAddress: "localhost:15255"
    clientAddress: "localhost:15254"
    adminAddress: "localhost:15253"
    startupRole: FOLLOWER
  }
  commitIndex: 16
}
commitInfos {
  server {
    id: "s2"
    address: "localhost:15260"
    dataStreamAddress: "localhost:15263"
    clientAddress: "localhost:15262"
    adminAddress: "localhost:15261"
    startupRole: FOLLOWER
  }
  commitIndex: 16
}
)
2024-10-20 10:46:05,153 [main] WARN  util.ReferenceCountedLeakDetector (ReferenceCountedLeakDetector.java:logLeakMessage(167)) - LEAK: (class org.apache.ratis.proto.RaftProtos$AppendEntriesRequestProto, count=2, value=serverRequest {
  requestorId: "s1"
  replyId: "s2"
  raftGroupId {
    id: "\375\210\024\357\262\375HY\244\207Ci\024Gb\025"
  }
}
leaderTerm: 11
previousLog {
  term: 10
  index: 18
}
leaderCommit: 17
commitInfos {
  server {
    id: "s1"
    address: "localhost:15256"
    dataStreamAddress: "localhost:15259"
    clientAddress: "localhost:15258"
    adminAddress: "localhost:15257"
    startupRole: FOLLOWER
  }
  commitIndex: 17
}
commitInfos {
  server {
    id: "s0"
    address: "localhost:15252"
    dataStreamAddress: "localhost:15255"
    clientAddress: "localhost:15254"
    adminAddress: "localhost:15253"
    startupRole: FOLLOWER
  }
  commitIndex: 17
}
commitInfos {
  server {
    id: "s2"
    address: "localhost:15260"
    dataStreamAddress: "localhost:15263"
    clientAddress: "localhost:15262"
    adminAddress: "localhost:15261"
    startupRole: FOLLOWER
  }
  commitIndex: 16
}
)
2024-10-20 10:46:05,154 [main] WARN  util.LeakDetector (LeakDetector.java:assertNoLeaks(171)) - 5/30) numLeaks == 5 > 0, will wait and retry ...
2024-10-20 10:46:06,154 [main] WARN  util.ReferenceCountedLeakDetector (ReferenceCountedLeakDetector.java:logLeakMessage(167)) - LEAK: (class org.apache.ratis.proto.RaftProtos$AppendEntriesRequestProto, count=2, value=serverRequest {
  requestorId: "s0"
  replyId: "s2"
  raftGroupId {
    id: "\375\210\024\357\262\375HY\244\207Ci\024Gb\025"
  }
}
leaderTerm: 10
previousLog {
  term: 9
  index: 16
}
leaderCommit: 16
commitInfos {
  server {
    id: "s0"
    address: "localhost:15252"
    dataStreamAddress: "localhost:15255"
    clientAddress: "localhost:15254"
    adminAddress: "localhost:15253"
    startupRole: FOLLOWER
  }
  commitIndex: 16
}
commitInfos {
  server {
    id: "s1"
    address: "localhost:15256"
    dataStreamAddress: "localhost:15259"
    clientAddress: "localhost:15258"
    adminAddress: "localhost:15257"
    startupRole: FOLLOWER
  }
  commitIndex: 16
}
commitInfos {
  server {
    id: "s2"
    address: "localhost:15260"
    dataStreamAddress: "localhost:15263"
    clientAddress: "localhost:15262"
    adminAddress: "localhost:15261"
    startupRole: FOLLOWER
  }
  commitIndex: 16
}
)
2024-10-20 10:46:06,154 [main] WARN  util.ReferenceCountedLeakDetector (ReferenceCountedLeakDetector.java:logLeakMessage(167)) - LEAK: (class org.apache.ratis.proto.RaftProtos$AppendEntriesRequestProto, count=3, value=serverRequest {
  requestorId: "s1"
  replyId: "s2"
  raftGroupId {
    id: "\375\210\024\357\262\375HY\244\207Ci\024Gb\025"
  }
  callId: 1
}
leaderTerm: 11
previousLog {
  term: 10
  index: 18
}
entries {
  term: 11
  index: 19
  configurationEntry {
    peers {
      id: "s0"
      address: "localhost:15252"
      dataStreamAddress: "localhost:15255"
      clientAddress: "localhost:15254"
      adminAddress: "localhost:15253"
      startupRole: FOLLOWER
    }
    peers {
      id: "s1"
      address: "localhost:15256"
      dataStreamAddress: "localhost:15259"
      clientAddress: "localhost:15258"
      adminAddress: "localhost:15257"
      startupRole: FOLLOWER
    }
    peers {
      id: "s2"
      address: "localhost:15260"
      dataStreamAddress: "localhost:15263"
      clientAddress: "localhost:15262"
      adminAddress: "localhost:15261"
      startupRole: FOLLOWER
    }
  }
}
leaderCommit: 17
commitInfos {
  server {
    id: "s1"
    address: "localhost:15256"
    dataStreamAddress: "localhost:15259"
    clientAddress: "localhost:15258"
    adminAddress: "localhost:15257"
    startupRole: FOLLOWER
  }
  commitIndex: 17
}
commitInfos {
  server {
    id: "s0"
    address: "localhost:15252"
    dataStreamAddress: "localhost:15255"
    clientAddress: "localhost:15254"
    adminAddress: "localhost:15253"
    startupRole: FOLLOWER
  }
  commitIndex: 17
}
commitInfos {
  server {
    id: "s2"
    address: "localhost:15260"
    dataStreamAddress: "localhost:15263"
    clientAddress: "localhost:15262"
    adminAddress: "localhost:15261"
    startupRole: FOLLOWER
  }
  commitIndex: 16
}
)
2024-10-20 10:46:06,154 [main] WARN  util.ReferenceCountedLeakDetector (ReferenceCountedLeakDetector.java:logLeakMessage(167)) - LEAK: (class org.apache.ratis.proto.RaftProtos$AppendEntriesRequestProto, count=3, value=serverRequest {
  requestorId: "s0"
  replyId: "s2"
  raftGroupId {
    id: "\375\210\024\357\262\375HY\244\207Ci\024Gb\025"
  }
  callId: 1
}
leaderTerm: 10
previousLog {
  term: 9
  index: 16
}
entries {
  term: 10
  index: 17
  configurationEntry {
    peers {
      id: "s0"
      address: "localhost:15252"
      dataStreamAddress: "localhost:15255"
      clientAddress: "localhost:15254"
      adminAddress: "localhost:15253"
      startupRole: FOLLOWER
    }
    peers {
      id: "s1"
      address: "localhost:15256"
      dataStreamAddress: "localhost:15259"
      clientAddress: "localhost:15258"
      adminAddress: "localhost:15257"
      startupRole: FOLLOWER
    }
    peers {
      id: "s2"
      address: "localhost:15260"
      dataStreamAddress: "localhost:15263"
      clientAddress: "localhost:15262"
      adminAddress: "localhost:15261"
      startupRole: FOLLOWER
    }
  }
}
leaderCommit: 16
commitInfos {
  server {
    id: "s0"
    address: "localhost:15252"
    dataStreamAddress: "localhost:15255"
    clientAddress: "localhost:15254"
    adminAddress: "localhost:15253"
    startupRole: FOLLOWER
  }
  commitIndex: 16
}
commitInfos {
  server {
    id: "s1"
    address: "localhost:15256"
    dataStreamAddress: "localhost:15259"
    clientAddress: "localhost:15258"
    adminAddress: "localhost:15257"
    startupRole: FOLLOWER
  }
  commitIndex: 16
}
commitInfos {
  server {
    id: "s2"
    address: "localhost:15260"
    dataStreamAddress: "localhost:15263"
    clientAddress: "localhost:15262"
    adminAddress: "localhost:15261"
    startupRole: FOLLOWER
  }
  commitIndex: 16
}
)
2024-10-20 10:46:06,155 [main] WARN  util.ReferenceCountedLeakDetector (ReferenceCountedLeakDetector.java:logLeakMessage(167)) - LEAK: (class org.apache.ratis.proto.RaftProtos$AppendEntriesRequestProto, count=2, value=serverRequest {
  requestorId: "s1"
  replyId: "s2"
  raftGroupId {
    id: "\375\210\024\357\262\375HY\244\207Ci\024Gb\025"
  }
  callId: 8
}
leaderTerm: 9
previousLog {
  term: 9
  index: 16
}
leaderCommit: 16
commitInfos {
  server {
    id: "s1"
    address: "localhost:15256"
    dataStreamAddress: "localhost:15259"
    clientAddress: "localhost:15258"
    adminAddress: "localhost:15257"
    startupRole: FOLLOWER
  }
  commitIndex: 16
}
commitInfos {
  server {
    id: "s0"
    address: "localhost:15252"
    dataStreamAddress: "localhost:15255"
    clientAddress: "localhost:15254"
    adminAddress: "localhost:15253"
    startupRole: FOLLOWER
  }
  commitIndex: 16
}
commitInfos {
  server {
    id: "s2"
    address: "localhost:15260"
    dataStreamAddress: "localhost:15263"
    clientAddress: "localhost:15262"
    adminAddress: "localhost:15261"
    startupRole: FOLLOWER
  }
  commitIndex: 16
}
)
2024-10-20 10:46:06,155 [main] WARN  util.ReferenceCountedLeakDetector (ReferenceCountedLeakDetector.java:logLeakMessage(167)) - LEAK: (class org.apache.ratis.proto.RaftProtos$AppendEntriesRequestProto, count=2, value=serverRequest {
  requestorId: "s1"
  replyId: "s2"
  raftGroupId {
    id: "\375\210\024\357\262\375HY\244\207Ci\024Gb\025"
  }
}
leaderTerm: 11
previousLog {
  term: 10
  index: 18
}
leaderCommit: 17
commitInfos {
  server {
    id: "s1"
    address: "localhost:15256"
    dataStreamAddress: "localhost:15259"
    clientAddress: "localhost:15258"
    adminAddress: "localhost:15257"
    startupRole: FOLLOWER
  }
  commitIndex: 17
}
commitInfos {
  server {
    id: "s0"
    address: "localhost:15252"
    dataStreamAddress: "localhost:15255"
    clientAddress: "localhost:15254"
    adminAddress: "localhost:15253"
    startupRole: FOLLOWER
  }
  commitIndex: 17
}
commitInfos {
  server {
    id: "s2"
    address: "localhost:15260"
    dataStreamAddress: "localhost:15263"
    clientAddress: "localhost:15262"
    adminAddress: "localhost:15261"
    startupRole: FOLLOWER
  }
  commitIndex: 16
}
)
2024-10-20 10:46:06,155 [main] WARN  util.LeakDetector (LeakDetector.java:assertNoLeaks(171)) - 6/30) numLeaks == 5 > 0, will wait and retry ...
2024-10-20 10:46:07,155 [main] WARN  util.ReferenceCountedLeakDetector (ReferenceCountedLeakDetector.java:logLeakMessage(167)) - LEAK: (class org.apache.ratis.proto.RaftProtos$AppendEntriesRequestProto, count=2, value=serverRequest {
  requestorId: "s0"
  replyId: "s2"
  raftGroupId {
    id: "\375\210\024\357\262\375HY\244\207Ci\024Gb\025"
  }
}
leaderTerm: 10
previousLog {
  term: 9
  index: 16
}
leaderCommit: 16
commitInfos {
  server {
    id: "s0"
    address: "localhost:15252"
    dataStreamAddress: "localhost:15255"
    clientAddress: "localhost:15254"
    adminAddress: "localhost:15253"
    startupRole: FOLLOWER
  }
  commitIndex: 16
}
commitInfos {
  server {
    id: "s1"
    address: "localhost:15256"
    dataStreamAddress: "localhost:15259"
    clientAddress: "localhost:15258"
    adminAddress: "localhost:15257"
    startupRole: FOLLOWER
  }
  commitIndex: 16
}
commitInfos {
  server {
    id: "s2"
    address: "localhost:15260"
    dataStreamAddress: "localhost:15263"
    clientAddress: "localhost:15262"
    adminAddress: "localhost:15261"
    startupRole: FOLLOWER
  }
  commitIndex: 16
}
)
2024-10-20 10:46:07,156 [main] WARN  util.ReferenceCountedLeakDetector (ReferenceCountedLeakDetector.java:logLeakMessage(167)) - LEAK: (class org.apache.ratis.proto.RaftProtos$AppendEntriesRequestProto, count=3, value=serverRequest {
  requestorId: "s1"
  replyId: "s2"
  raftGroupId {
    id: "\375\210\024\357\262\375HY\244\207Ci\024Gb\025"
  }
  callId: 1
}
leaderTerm: 11
previousLog {
  term: 10
  index: 18
}
entries {
  term: 11
  index: 19
  configurationEntry {
    peers {
      id: "s0"
      address: "localhost:15252"
      dataStreamAddress: "localhost:15255"
      clientAddress: "localhost:15254"
      adminAddress: "localhost:15253"
      startupRole: FOLLOWER
    }
    peers {
      id: "s1"
      address: "localhost:15256"
      dataStreamAddress: "localhost:15259"
      clientAddress: "localhost:15258"
      adminAddress: "localhost:15257"
      startupRole: FOLLOWER
    }
    peers {
      id: "s2"
      address: "localhost:15260"
      dataStreamAddress: "localhost:15263"
      clientAddress: "localhost:15262"
      adminAddress: "localhost:15261"
      startupRole: FOLLOWER
    }
  }
}
leaderCommit: 17
commitInfos {
  server {
    id: "s1"
    address: "localhost:15256"
    dataStreamAddress: "localhost:15259"
    clientAddress: "localhost:15258"
    adminAddress: "localhost:15257"
    startupRole: FOLLOWER
  }
  commitIndex: 17
}
commitInfos {
  server {
    id: "s0"
    address: "localhost:15252"
    dataStreamAddress: "localhost:15255"
    clientAddress: "localhost:15254"
    adminAddress: "localhost:15253"
    startupRole: FOLLOWER
  }
  commitIndex: 17
}
commitInfos {
  server {
    id: "s2"
    address: "localhost:15260"
    dataStreamAddress: "localhost:15263"
    clientAddress: "localhost:15262"
    adminAddress: "localhost:15261"
    startupRole: FOLLOWER
  }
  commitIndex: 16
}
)
2024-10-20 10:46:07,156 [main] WARN  util.ReferenceCountedLeakDetector (ReferenceCountedLeakDetector.java:logLeakMessage(167)) - LEAK: (class org.apache.ratis.proto.RaftProtos$AppendEntriesRequestProto, count=3, value=serverRequest {
  requestorId: "s0"
  replyId: "s2"
  raftGroupId {
    id: "\375\210\024\357\262\375HY\244\207Ci\024Gb\025"
  }
  callId: 1
}
leaderTerm: 10
previousLog {
  term: 9
  index: 16
}
entries {
  term: 10
  index: 17
  configurationEntry {
    peers {
      id: "s0"
      address: "localhost:15252"
      dataStreamAddress: "localhost:15255"
      clientAddress: "localhost:15254"
      adminAddress: "localhost:15253"
      startupRole: FOLLOWER
    }
    peers {
      id: "s1"
      address: "localhost:15256"
      dataStreamAddress: "localhost:15259"
      clientAddress: "localhost:15258"
      adminAddress: "localhost:15257"
      startupRole: FOLLOWER
    }
    peers {
      id: "s2"
      address: "localhost:15260"
      dataStreamAddress: "localhost:15263"
      clientAddress: "localhost:15262"
      adminAddress: "localhost:15261"
      startupRole: FOLLOWER
    }
  }
}
leaderCommit: 16
commitInfos {
  server {
    id: "s0"
    address: "localhost:15252"
    dataStreamAddress: "localhost:15255"
    clientAddress: "localhost:15254"
    adminAddress: "localhost:15253"
    startupRole: FOLLOWER
  }
  commitIndex: 16
}
commitInfos {
  server {
    id: "s1"
    address: "localhost:15256"
    dataStreamAddress: "localhost:15259"
    clientAddress: "localhost:15258"
    adminAddress: "localhost:15257"
    startupRole: FOLLOWER
  }
  commitIndex: 16
}
commitInfos {
  server {
    id: "s2"
    address: "localhost:15260"
    dataStreamAddress: "localhost:15263"
    clientAddress: "localhost:15262"
    adminAddress: "localhost:15261"
    startupRole: FOLLOWER
  }
  commitIndex: 16
}
)
2024-10-20 10:46:07,156 [main] WARN  util.ReferenceCountedLeakDetector (ReferenceCountedLeakDetector.java:logLeakMessage(167)) - LEAK: (class org.apache.ratis.proto.RaftProtos$AppendEntriesRequestProto, count=2, value=serverRequest {
  requestorId: "s1"
  replyId: "s2"
  raftGroupId {
    id: "\375\210\024\357\262\375HY\244\207Ci\024Gb\025"
  }
  callId: 8
}
leaderTerm: 9
previousLog {
  term: 9
  index: 16
}
leaderCommit: 16
commitInfos {
  server {
    id: "s1"
    address: "localhost:15256"
    dataStreamAddress: "localhost:15259"
    clientAddress: "localhost:15258"
    adminAddress: "localhost:15257"
    startupRole: FOLLOWER
  }
  commitIndex: 16
}
commitInfos {
  server {
    id: "s0"
    address: "localhost:15252"
    dataStreamAddress: "localhost:15255"
    clientAddress: "localhost:15254"
    adminAddress: "localhost:15253"
    startupRole: FOLLOWER
  }
  commitIndex: 16
}
commitInfos {
  server {
    id: "s2"
    address: "localhost:15260"
    dataStreamAddress: "localhost:15263"
    clientAddress: "localhost:15262"
    adminAddress: "localhost:15261"
    startupRole: FOLLOWER
  }
  commitIndex: 16
}
)
2024-10-20 10:46:07,156 [main] WARN  util.ReferenceCountedLeakDetector (ReferenceCountedLeakDetector.java:logLeakMessage(167)) - LEAK: (class org.apache.ratis.proto.RaftProtos$AppendEntriesRequestProto, count=2, value=serverRequest {
  requestorId: "s1"
  replyId: "s2"
  raftGroupId {
    id: "\375\210\024\357\262\375HY\244\207Ci\024Gb\025"
  }
}
leaderTerm: 11
previousLog {
  term: 10
  index: 18
}
leaderCommit: 17
commitInfos {
  server {
    id: "s1"
    address: "localhost:15256"
    dataStreamAddress: "localhost:15259"
    clientAddress: "localhost:15258"
    adminAddress: "localhost:15257"
    startupRole: FOLLOWER
  }
  commitIndex: 17
}
commitInfos {
  server {
    id: "s0"
    address: "localhost:15252"
    dataStreamAddress: "localhost:15255"
    clientAddress: "localhost:15254"
    adminAddress: "localhost:15253"
    startupRole: FOLLOWER
  }
  commitIndex: 17
}
commitInfos {
  server {
    id: "s2"
    address: "localhost:15260"
    dataStreamAddress: "localhost:15263"
    clientAddress: "localhost:15262"
    adminAddress: "localhost:15261"
    startupRole: FOLLOWER
  }
  commitIndex: 16
}
)
2024-10-20 10:46:07,156 [main] WARN  util.LeakDetector (LeakDetector.java:assertNoLeaks(171)) - 7/30) numLeaks == 5 > 0, will wait and retry ...
2024-10-20 10:46:08,156 [main] WARN  util.ReferenceCountedLeakDetector (ReferenceCountedLeakDetector.java:logLeakMessage(167)) - LEAK: (class org.apache.ratis.proto.RaftProtos$AppendEntriesRequestProto, count=2, value=serverRequest {
  requestorId: "s0"
  replyId: "s2"
  raftGroupId {
    id: "\375\210\024\357\262\375HY\244\207Ci\024Gb\025"
  }
}
leaderTerm: 10
previousLog {
  term: 9
  index: 16
}
leaderCommit: 16
commitInfos {
  server {
    id: "s0"
    address: "localhost:15252"
    dataStreamAddress: "localhost:15255"
    clientAddress: "localhost:15254"
    adminAddress: "localhost:15253"
    startupRole: FOLLOWER
  }
  commitIndex: 16
}
commitInfos {
  server {
    id: "s1"
    address: "localhost:15256"
    dataStreamAddress: "localhost:15259"
    clientAddress: "localhost:15258"
    adminAddress: "localhost:15257"
    startupRole: FOLLOWER
  }
  commitIndex: 16
}
commitInfos {
  server {
    id: "s2"
    address: "localhost:15260"
    dataStreamAddress: "localhost:15263"
    clientAddress: "localhost:15262"
    adminAddress: "localhost:15261"
    startupRole: FOLLOWER
  }
  commitIndex: 16
}
)
2024-10-20 10:46:08,157 [main] WARN  util.ReferenceCountedLeakDetector (ReferenceCountedLeakDetector.java:logLeakMessage(167)) - LEAK: (class org.apache.ratis.proto.RaftProtos$AppendEntriesRequestProto, count=3, value=serverRequest {
  requestorId: "s1"
  replyId: "s2"
  raftGroupId {
    id: "\375\210\024\357\262\375HY\244\207Ci\024Gb\025"
  }
  callId: 1
}
leaderTerm: 11
previousLog {
  term: 10
  index: 18
}
entries {
  term: 11
  index: 19
  configurationEntry {
    peers {
      id: "s0"
      address: "localhost:15252"
      dataStreamAddress: "localhost:15255"
      clientAddress: "localhost:15254"
      adminAddress: "localhost:15253"
      startupRole: FOLLOWER
    }
    peers {
      id: "s1"
      address: "localhost:15256"
      dataStreamAddress: "localhost:15259"
      clientAddress: "localhost:15258"
      adminAddress: "localhost:15257"
      startupRole: FOLLOWER
    }
    peers {
      id: "s2"
      address: "localhost:15260"
      dataStreamAddress: "localhost:15263"
      clientAddress: "localhost:15262"
      adminAddress: "localhost:15261"
      startupRole: FOLLOWER
    }
  }
}
leaderCommit: 17
commitInfos {
  server {
    id: "s1"
    address: "localhost:15256"
    dataStreamAddress: "localhost:15259"
    clientAddress: "localhost:15258"
    adminAddress: "localhost:15257"
    startupRole: FOLLOWER
  }
  commitIndex: 17
}
commitInfos {
  server {
    id: "s0"
    address: "localhost:15252"
    dataStreamAddress: "localhost:15255"
    clientAddress: "localhost:15254"
    adminAddress: "localhost:15253"
    startupRole: FOLLOWER
  }
  commitIndex: 17
}
commitInfos {
  server {
    id: "s2"
    address: "localhost:15260"
    dataStreamAddress: "localhost:15263"
    clientAddress: "localhost:15262"
    adminAddress: "localhost:15261"
    startupRole: FOLLOWER
  }
  commitIndex: 16
}
)
2024-10-20 10:46:08,157 [main] WARN  util.ReferenceCountedLeakDetector (ReferenceCountedLeakDetector.java:logLeakMessage(167)) - LEAK: (class org.apache.ratis.proto.RaftProtos$AppendEntriesRequestProto, count=3, value=serverRequest {
  requestorId: "s0"
  replyId: "s2"
  raftGroupId {
    id: "\375\210\024\357\262\375HY\244\207Ci\024Gb\025"
  }
  callId: 1
}
leaderTerm: 10
previousLog {
  term: 9
  index: 16
}
entries {
  term: 10
  index: 17
  configurationEntry {
    peers {
      id: "s0"
      address: "localhost:15252"
      dataStreamAddress: "localhost:15255"
      clientAddress: "localhost:15254"
      adminAddress: "localhost:15253"
      startupRole: FOLLOWER
    }
    peers {
      id: "s1"
      address: "localhost:15256"
      dataStreamAddress: "localhost:15259"
      clientAddress: "localhost:15258"
      adminAddress: "localhost:15257"
      startupRole: FOLLOWER
    }
    peers {
      id: "s2"
      address: "localhost:15260"
      dataStreamAddress: "localhost:15263"
      clientAddress: "localhost:15262"
      adminAddress: "localhost:15261"
      startupRole: FOLLOWER
    }
  }
}
leaderCommit: 16
commitInfos {
  server {
    id: "s0"
    address: "localhost:15252"
    dataStreamAddress: "localhost:15255"
    clientAddress: "localhost:15254"
    adminAddress: "localhost:15253"
    startupRole: FOLLOWER
  }
  commitIndex: 16
}
commitInfos {
  server {
    id: "s1"
    address: "localhost:15256"
    dataStreamAddress: "localhost:15259"
    clientAddress: "localhost:15258"
    adminAddress: "localhost:15257"
    startupRole: FOLLOWER
  }
  commitIndex: 16
}
commitInfos {
  server {
    id: "s2"
    address: "localhost:15260"
    dataStreamAddress: "localhost:15263"
    clientAddress: "localhost:15262"
    adminAddress: "localhost:15261"
    startupRole: FOLLOWER
  }
  commitIndex: 16
}
)
2024-10-20 10:46:08,157 [main] WARN  util.ReferenceCountedLeakDetector (ReferenceCountedLeakDetector.java:logLeakMessage(167)) - LEAK: (class org.apache.ratis.proto.RaftProtos$AppendEntriesRequestProto, count=2, value=serverRequest {
  requestorId: "s1"
  replyId: "s2"
  raftGroupId {
    id: "\375\210\024\357\262\375HY\244\207Ci\024Gb\025"
  }
  callId: 8
}
leaderTerm: 9
previousLog {
  term: 9
  index: 16
}
leaderCommit: 16
commitInfos {
  server {
    id: "s1"
    address: "localhost:15256"
    dataStreamAddress: "localhost:15259"
    clientAddress: "localhost:15258"
    adminAddress: "localhost:15257"
    startupRole: FOLLOWER
  }
  commitIndex: 16
}
commitInfos {
  server {
    id: "s0"
    address: "localhost:15252"
    dataStreamAddress: "localhost:15255"
    clientAddress: "localhost:15254"
    adminAddress: "localhost:15253"
    startupRole: FOLLOWER
  }
  commitIndex: 16
}
commitInfos {
  server {
    id: "s2"
    address: "localhost:15260"
    dataStreamAddress: "localhost:15263"
    clientAddress: "localhost:15262"
    adminAddress: "localhost:15261"
    startupRole: FOLLOWER
  }
  commitIndex: 16
}
)
2024-10-20 10:46:08,157 [main] WARN  util.ReferenceCountedLeakDetector (ReferenceCountedLeakDetector.java:logLeakMessage(167)) - LEAK: (class org.apache.ratis.proto.RaftProtos$AppendEntriesRequestProto, count=2, value=serverRequest {
  requestorId: "s1"
  replyId: "s2"
  raftGroupId {
    id: "\375\210\024\357\262\375HY\244\207Ci\024Gb\025"
  }
}
leaderTerm: 11
previousLog {
  term: 10
  index: 18
}
leaderCommit: 17
commitInfos {
  server {
    id: "s1"
    address: "localhost:15256"
    dataStreamAddress: "localhost:15259"
    clientAddress: "localhost:15258"
    adminAddress: "localhost:15257"
    startupRole: FOLLOWER
  }
  commitIndex: 17
}
commitInfos {
  server {
    id: "s0"
    address: "localhost:15252"
    dataStreamAddress: "localhost:15255"
    clientAddress: "localhost:15254"
    adminAddress: "localhost:15253"
    startupRole: FOLLOWER
  }
  commitIndex: 17
}
commitInfos {
  server {
    id: "s2"
    address: "localhost:15260"
    dataStreamAddress: "localhost:15263"
    clientAddress: "localhost:15262"
    adminAddress: "localhost:15261"
    startupRole: FOLLOWER
  }
  commitIndex: 16
}
)
2024-10-20 10:46:08,157 [main] WARN  util.LeakDetector (LeakDetector.java:assertNoLeaks(171)) - 8/30) numLeaks == 5 > 0, will wait and retry ...
2024-10-20 10:46:09,157 [main] WARN  util.ReferenceCountedLeakDetector (ReferenceCountedLeakDetector.java:logLeakMessage(167)) - LEAK: (class org.apache.ratis.proto.RaftProtos$AppendEntriesRequestProto, count=2, value=serverRequest {
  requestorId: "s0"
  replyId: "s2"
  raftGroupId {
    id: "\375\210\024\357\262\375HY\244\207Ci\024Gb\025"
  }
}
leaderTerm: 10
previousLog {
  term: 9
  index: 16
}
leaderCommit: 16
commitInfos {
  server {
    id: "s0"
    address: "localhost:15252"
    dataStreamAddress: "localhost:15255"
    clientAddress: "localhost:15254"
    adminAddress: "localhost:15253"
    startupRole: FOLLOWER
  }
  commitIndex: 16
}
commitInfos {
  server {
    id: "s1"
    address: "localhost:15256"
    dataStreamAddress: "localhost:15259"
    clientAddress: "localhost:15258"
    adminAddress: "localhost:15257"
    startupRole: FOLLOWER
  }
  commitIndex: 16
}
commitInfos {
  server {
    id: "s2"
    address: "localhost:15260"
    dataStreamAddress: "localhost:15263"
    clientAddress: "localhost:15262"
    adminAddress: "localhost:15261"
    startupRole: FOLLOWER
  }
  commitIndex: 16
}
)
2024-10-20 10:46:09,158 [main] WARN  util.ReferenceCountedLeakDetector (ReferenceCountedLeakDetector.java:logLeakMessage(167)) - LEAK: (class org.apache.ratis.proto.RaftProtos$AppendEntriesRequestProto, count=3, value=serverRequest {
  requestorId: "s1"
  replyId: "s2"
  raftGroupId {
    id: "\375\210\024\357\262\375HY\244\207Ci\024Gb\025"
  }
  callId: 1
}
leaderTerm: 11
previousLog {
  term: 10
  index: 18
}
entries {
  term: 11
  index: 19
  configurationEntry {
    peers {
      id: "s0"
      address: "localhost:15252"
      dataStreamAddress: "localhost:15255"
      clientAddress: "localhost:15254"
      adminAddress: "localhost:15253"
      startupRole: FOLLOWER
    }
    peers {
      id: "s1"
      address: "localhost:15256"
      dataStreamAddress: "localhost:15259"
      clientAddress: "localhost:15258"
      adminAddress: "localhost:15257"
      startupRole: FOLLOWER
    }
    peers {
      id: "s2"
      address: "localhost:15260"
      dataStreamAddress: "localhost:15263"
      clientAddress: "localhost:15262"
      adminAddress: "localhost:15261"
      startupRole: FOLLOWER
    }
  }
}
leaderCommit: 17
commitInfos {
  server {
    id: "s1"
    address: "localhost:15256"
    dataStreamAddress: "localhost:15259"
    clientAddress: "localhost:15258"
    adminAddress: "localhost:15257"
    startupRole: FOLLOWER
  }
  commitIndex: 17
}
commitInfos {
  server {
    id: "s0"
    address: "localhost:15252"
    dataStreamAddress: "localhost:15255"
    clientAddress: "localhost:15254"
    adminAddress: "localhost:15253"
    startupRole: FOLLOWER
  }
  commitIndex: 17
}
commitInfos {
  server {
    id: "s2"
    address: "localhost:15260"
    dataStreamAddress: "localhost:15263"
    clientAddress: "localhost:15262"
    adminAddress: "localhost:15261"
    startupRole: FOLLOWER
  }
  commitIndex: 16
}
)
2024-10-20 10:46:09,158 [main] WARN  util.ReferenceCountedLeakDetector (ReferenceCountedLeakDetector.java:logLeakMessage(167)) - LEAK: (class org.apache.ratis.proto.RaftProtos$AppendEntriesRequestProto, count=3, value=serverRequest {
  requestorId: "s0"
  replyId: "s2"
  raftGroupId {
    id: "\375\210\024\357\262\375HY\244\207Ci\024Gb\025"
  }
  callId: 1
}
leaderTerm: 10
previousLog {
  term: 9
  index: 16
}
entries {
  term: 10
  index: 17
  configurationEntry {
    peers {
      id: "s0"
      address: "localhost:15252"
      dataStreamAddress: "localhost:15255"
      clientAddress: "localhost:15254"
      adminAddress: "localhost:15253"
      startupRole: FOLLOWER
    }
    peers {
      id: "s1"
      address: "localhost:15256"
      dataStreamAddress: "localhost:15259"
      clientAddress: "localhost:15258"
      adminAddress: "localhost:15257"
      startupRole: FOLLOWER
    }
    peers {
      id: "s2"
      address: "localhost:15260"
      dataStreamAddress: "localhost:15263"
      clientAddress: "localhost:15262"
      adminAddress: "localhost:15261"
      startupRole: FOLLOWER
    }
  }
}
leaderCommit: 16
commitInfos {
  server {
    id: "s0"
    address: "localhost:15252"
    dataStreamAddress: "localhost:15255"
    clientAddress: "localhost:15254"
    adminAddress: "localhost:15253"
    startupRole: FOLLOWER
  }
  commitIndex: 16
}
commitInfos {
  server {
    id: "s1"
    address: "localhost:15256"
    dataStreamAddress: "localhost:15259"
    clientAddress: "localhost:15258"
    adminAddress: "localhost:15257"
    startupRole: FOLLOWER
  }
  commitIndex: 16
}
commitInfos {
  server {
    id: "s2"
    address: "localhost:15260"
    dataStreamAddress: "localhost:15263"
    clientAddress: "localhost:15262"
    adminAddress: "localhost:15261"
    startupRole: FOLLOWER
  }
  commitIndex: 16
}
)
2024-10-20 10:46:09,158 [main] WARN  util.ReferenceCountedLeakDetector (ReferenceCountedLeakDetector.java:logLeakMessage(167)) - LEAK: (class org.apache.ratis.proto.RaftProtos$AppendEntriesRequestProto, count=2, value=serverRequest {
  requestorId: "s1"
  replyId: "s2"
  raftGroupId {
    id: "\375\210\024\357\262\375HY\244\207Ci\024Gb\025"
  }
  callId: 8
}
leaderTerm: 9
previousLog {
  term: 9
  index: 16
}
leaderCommit: 16
commitInfos {
  server {
    id: "s1"
    address: "localhost:15256"
    dataStreamAddress: "localhost:15259"
    clientAddress: "localhost:15258"
    adminAddress: "localhost:15257"
    startupRole: FOLLOWER
  }
  commitIndex: 16
}
commitInfos {
  server {
    id: "s0"
    address: "localhost:15252"
    dataStreamAddress: "localhost:15255"
    clientAddress: "localhost:15254"
    adminAddress: "localhost:15253"
    startupRole: FOLLOWER
  }
  commitIndex: 16
}
commitInfos {
  server {
    id: "s2"
    address: "localhost:15260"
    dataStreamAddress: "localhost:15263"
    clientAddress: "localhost:15262"
    adminAddress: "localhost:15261"
    startupRole: FOLLOWER
  }
  commitIndex: 16
}
)
2024-10-20 10:46:09,158 [main] WARN  util.ReferenceCountedLeakDetector (ReferenceCountedLeakDetector.java:logLeakMessage(167)) - LEAK: (class org.apache.ratis.proto.RaftProtos$AppendEntriesRequestProto, count=2, value=serverRequest {
  requestorId: "s1"
  replyId: "s2"
  raftGroupId {
    id: "\375\210\024\357\262\375HY\244\207Ci\024Gb\025"
  }
}
leaderTerm: 11
previousLog {
  term: 10
  index: 18
}
leaderCommit: 17
commitInfos {
  server {
    id: "s1"
    address: "localhost:15256"
    dataStreamAddress: "localhost:15259"
    clientAddress: "localhost:15258"
    adminAddress: "localhost:15257"
    startupRole: FOLLOWER
  }
  commitIndex: 17
}
commitInfos {
  server {
    id: "s0"
    address: "localhost:15252"
    dataStreamAddress: "localhost:15255"
    clientAddress: "localhost:15254"
    adminAddress: "localhost:15253"
    startupRole: FOLLOWER
  }
  commitIndex: 17
}
commitInfos {
  server {
    id: "s2"
    address: "localhost:15260"
    dataStreamAddress: "localhost:15263"
    clientAddress: "localhost:15262"
    adminAddress: "localhost:15261"
    startupRole: FOLLOWER
  }
  commitIndex: 16
}
)
2024-10-20 10:46:09,158 [main] WARN  util.LeakDetector (LeakDetector.java:assertNoLeaks(171)) - 9/30) numLeaks == 5 > 0, will wait and retry ...
2024-10-20 10:46:10,159 [main] WARN  util.ReferenceCountedLeakDetector (ReferenceCountedLeakDetector.java:logLeakMessage(167)) - LEAK: (class org.apache.ratis.proto.RaftProtos$AppendEntriesRequestProto, count=2, value=serverRequest {
  requestorId: "s0"
  replyId: "s2"
  raftGroupId {
    id: "\375\210\024\357\262\375HY\244\207Ci\024Gb\025"
  }
}
leaderTerm: 10
previousLog {
  term: 9
  index: 16
}
leaderCommit: 16
commitInfos {
  server {
    id: "s0"
    address: "localhost:15252"
    dataStreamAddress: "localhost:15255"
    clientAddress: "localhost:15254"
    adminAddress: "localhost:15253"
    startupRole: FOLLOWER
  }
  commitIndex: 16
}
commitInfos {
  server {
    id: "s1"
    address: "localhost:15256"
    dataStreamAddress: "localhost:15259"
    clientAddress: "localhost:15258"
    adminAddress: "localhost:15257"
    startupRole: FOLLOWER
  }
  commitIndex: 16
}
commitInfos {
  server {
    id: "s2"
    address: "localhost:15260"
    dataStreamAddress: "localhost:15263"
    clientAddress: "localhost:15262"
    adminAddress: "localhost:15261"
    startupRole: FOLLOWER
  }
  commitIndex: 16
}
)
2024-10-20 10:46:10,159 [main] WARN  util.ReferenceCountedLeakDetector (ReferenceCountedLeakDetector.java:logLeakMessage(167)) - LEAK: (class org.apache.ratis.proto.RaftProtos$AppendEntriesRequestProto, count=3, value=serverRequest {
  requestorId: "s1"
  replyId: "s2"
  raftGroupId {
    id: "\375\210\024\357\262\375HY\244\207Ci\024Gb\025"
  }
  callId: 1
}
leaderTerm: 11
previousLog {
  term: 10
  index: 18
}
entries {
  term: 11
  index: 19
  configurationEntry {
    peers {
      id: "s0"
      address: "localhost:15252"
      dataStreamAddress: "localhost:15255"
      clientAddress: "localhost:15254"
      adminAddress: "localhost:15253"
      startupRole: FOLLOWER
    }
    peers {
      id: "s1"
      address: "localhost:15256"
      dataStreamAddress: "localhost:15259"
      clientAddress: "localhost:15258"
      adminAddress: "localhost:15257"
      startupRole: FOLLOWER
    }
    peers {
      id: "s2"
      address: "localhost:15260"
      dataStreamAddress: "localhost:15263"
      clientAddress: "localhost:15262"
      adminAddress: "localhost:15261"
      startupRole: FOLLOWER
    }
  }
}
leaderCommit: 17
commitInfos {
  server {
    id: "s1"
    address: "localhost:15256"
    dataStreamAddress: "localhost:15259"
    clientAddress: "localhost:15258"
    adminAddress: "localhost:15257"
    startupRole: FOLLOWER
  }
  commitIndex: 17
}
commitInfos {
  server {
    id: "s0"
    address: "localhost:15252"
    dataStreamAddress: "localhost:15255"
    clientAddress: "localhost:15254"
    adminAddress: "localhost:15253"
    startupRole: FOLLOWER
  }
  commitIndex: 17
}
commitInfos {
  server {
    id: "s2"
    address: "localhost:15260"
    dataStreamAddress: "localhost:15263"
    clientAddress: "localhost:15262"
    adminAddress: "localhost:15261"
    startupRole: FOLLOWER
  }
  commitIndex: 16
}
)
2024-10-20 10:46:10,159 [main] WARN  util.ReferenceCountedLeakDetector (ReferenceCountedLeakDetector.java:logLeakMessage(167)) - LEAK: (class org.apache.ratis.proto.RaftProtos$AppendEntriesRequestProto, count=3, value=serverRequest {
  requestorId: "s0"
  replyId: "s2"
  raftGroupId {
    id: "\375\210\024\357\262\375HY\244\207Ci\024Gb\025"
  }
  callId: 1
}
leaderTerm: 10
previousLog {
  term: 9
  index: 16
}
entries {
  term: 10
  index: 17
  configurationEntry {
    peers {
      id: "s0"
      address: "localhost:15252"
      dataStreamAddress: "localhost:15255"
      clientAddress: "localhost:15254"
      adminAddress: "localhost:15253"
      startupRole: FOLLOWER
    }
    peers {
      id: "s1"
      address: "localhost:15256"
      dataStreamAddress: "localhost:15259"
      clientAddress: "localhost:15258"
      adminAddress: "localhost:15257"
      startupRole: FOLLOWER
    }
    peers {
      id: "s2"
      address: "localhost:15260"
      dataStreamAddress: "localhost:15263"
      clientAddress: "localhost:15262"
      adminAddress: "localhost:15261"
      startupRole: FOLLOWER
    }
  }
}
leaderCommit: 16
commitInfos {
  server {
    id: "s0"
    address: "localhost:15252"
    dataStreamAddress: "localhost:15255"
    clientAddress: "localhost:15254"
    adminAddress: "localhost:15253"
    startupRole: FOLLOWER
  }
  commitIndex: 16
}
commitInfos {
  server {
    id: "s1"
    address: "localhost:15256"
    dataStreamAddress: "localhost:15259"
    clientAddress: "localhost:15258"
    adminAddress: "localhost:15257"
    startupRole: FOLLOWER
  }
  commitIndex: 16
}
commitInfos {
  server {
    id: "s2"
    address: "localhost:15260"
    dataStreamAddress: "localhost:15263"
    clientAddress: "localhost:15262"
    adminAddress: "localhost:15261"
    startupRole: FOLLOWER
  }
  commitIndex: 16
}
)
2024-10-20 10:46:10,159 [main] WARN  util.ReferenceCountedLeakDetector (ReferenceCountedLeakDetector.java:logLeakMessage(167)) - LEAK: (class org.apache.ratis.proto.RaftProtos$AppendEntriesRequestProto, count=2, value=serverRequest {
  requestorId: "s1"
  replyId: "s2"
  raftGroupId {
    id: "\375\210\024\357\262\375HY\244\207Ci\024Gb\025"
  }
  callId: 8
}
leaderTerm: 9
previousLog {
  term: 9
  index: 16
}
leaderCommit: 16
commitInfos {
  server {
    id: "s1"
    address: "localhost:15256"
    dataStreamAddress: "localhost:15259"
    clientAddress: "localhost:15258"
    adminAddress: "localhost:15257"
    startupRole: FOLLOWER
  }
  commitIndex: 16
}
commitInfos {
  server {
    id: "s0"
    address: "localhost:15252"
    dataStreamAddress: "localhost:15255"
    clientAddress: "localhost:15254"
    adminAddress: "localhost:15253"
    startupRole: FOLLOWER
  }
  commitIndex: 16
}
commitInfos {
  server {
    id: "s2"
    address: "localhost:15260"
    dataStreamAddress: "localhost:15263"
    clientAddress: "localhost:15262"
    adminAddress: "localhost:15261"
    startupRole: FOLLOWER
  }
  commitIndex: 16
}
)
2024-10-20 10:46:10,159 [main] WARN  util.ReferenceCountedLeakDetector (ReferenceCountedLeakDetector.java:logLeakMessage(167)) - LEAK: (class org.apache.ratis.proto.RaftProtos$AppendEntriesRequestProto, count=2, value=serverRequest {
  requestorId: "s1"
  replyId: "s2"
  raftGroupId {
    id: "\375\210\024\357\262\375HY\244\207Ci\024Gb\025"
  }
}
leaderTerm: 11
previousLog {
  term: 10
  index: 18
}
leaderCommit: 17
commitInfos {
  server {
    id: "s1"
    address: "localhost:15256"
    dataStreamAddress: "localhost:15259"
    clientAddress: "localhost:15258"
    adminAddress: "localhost:15257"
    startupRole: FOLLOWER
  }
  commitIndex: 17
}
commitInfos {
  server {
    id: "s0"
    address: "localhost:15252"
    dataStreamAddress: "localhost:15255"
    clientAddress: "localhost:15254"
    adminAddress: "localhost:15253"
    startupRole: FOLLOWER
  }
  commitIndex: 17
}
commitInfos {
  server {
    id: "s2"
    address: "localhost:15260"
    dataStreamAddress: "localhost:15263"
    clientAddress: "localhost:15262"
    adminAddress: "localhost:15261"
    startupRole: FOLLOWER
  }
  commitIndex: 16
}
)
2024-10-20 10:46:10,160 [main] WARN  util.LeakDetector (LeakDetector.java:assertNoLeaks(171)) - 10/30) numLeaks == 5 > 0, will wait and retry ...
2024-10-20 10:46:11,160 [main] WARN  util.ReferenceCountedLeakDetector (ReferenceCountedLeakDetector.java:logLeakMessage(167)) - LEAK: (class org.apache.ratis.proto.RaftProtos$AppendEntriesRequestProto, count=2, value=serverRequest {
  requestorId: "s0"
  replyId: "s2"
  raftGroupId {
    id: "\375\210\024\357\262\375HY\244\207Ci\024Gb\025"
  }
}
leaderTerm: 10
previousLog {
  term: 9
  index: 16
}
leaderCommit: 16
commitInfos {
  server {
    id: "s0"
    address: "localhost:15252"
    dataStreamAddress: "localhost:15255"
    clientAddress: "localhost:15254"
    adminAddress: "localhost:15253"
    startupRole: FOLLOWER
  }
  commitIndex: 16
}
commitInfos {
  server {
    id: "s1"
    address: "localhost:15256"
    dataStreamAddress: "localhost:15259"
    clientAddress: "localhost:15258"
    adminAddress: "localhost:15257"
    startupRole: FOLLOWER
  }
  commitIndex: 16
}
commitInfos {
  server {
    id: "s2"
    address: "localhost:15260"
    dataStreamAddress: "localhost:15263"
    clientAddress: "localhost:15262"
    adminAddress: "localhost:15261"
    startupRole: FOLLOWER
  }
  commitIndex: 16
}
)
2024-10-20 10:46:11,160 [main] WARN  util.ReferenceCountedLeakDetector (ReferenceCountedLeakDetector.java:logLeakMessage(167)) - LEAK: (class org.apache.ratis.proto.RaftProtos$AppendEntriesRequestProto, count=3, value=serverRequest {
  requestorId: "s1"
  replyId: "s2"
  raftGroupId {
    id: "\375\210\024\357\262\375HY\244\207Ci\024Gb\025"
  }
  callId: 1
}
leaderTerm: 11
previousLog {
  term: 10
  index: 18
}
entries {
  term: 11
  index: 19
  configurationEntry {
    peers {
      id: "s0"
      address: "localhost:15252"
      dataStreamAddress: "localhost:15255"
      clientAddress: "localhost:15254"
      adminAddress: "localhost:15253"
      startupRole: FOLLOWER
    }
    peers {
      id: "s1"
      address: "localhost:15256"
      dataStreamAddress: "localhost:15259"
      clientAddress: "localhost:15258"
      adminAddress: "localhost:15257"
      startupRole: FOLLOWER
    }
    peers {
      id: "s2"
      address: "localhost:15260"
      dataStreamAddress: "localhost:15263"
      clientAddress: "localhost:15262"
      adminAddress: "localhost:15261"
      startupRole: FOLLOWER
    }
  }
}
leaderCommit: 17
commitInfos {
  server {
    id: "s1"
    address: "localhost:15256"
    dataStreamAddress: "localhost:15259"
    clientAddress: "localhost:15258"
    adminAddress: "localhost:15257"
    startupRole: FOLLOWER
  }
  commitIndex: 17
}
commitInfos {
  server {
    id: "s0"
    address: "localhost:15252"
    dataStreamAddress: "localhost:15255"
    clientAddress: "localhost:15254"
    adminAddress: "localhost:15253"
    startupRole: FOLLOWER
  }
  commitIndex: 17
}
commitInfos {
  server {
    id: "s2"
    address: "localhost:15260"
    dataStreamAddress: "localhost:15263"
    clientAddress: "localhost:15262"
    adminAddress: "localhost:15261"
    startupRole: FOLLOWER
  }
  commitIndex: 16
}
)
2024-10-20 10:46:11,160 [main] WARN  util.ReferenceCountedLeakDetector (ReferenceCountedLeakDetector.java:logLeakMessage(167)) - LEAK: (class org.apache.ratis.proto.RaftProtos$AppendEntriesRequestProto, count=3, value=serverRequest {
  requestorId: "s0"
  replyId: "s2"
  raftGroupId {
    id: "\375\210\024\357\262\375HY\244\207Ci\024Gb\025"
  }
  callId: 1
}
leaderTerm: 10
previousLog {
  term: 9
  index: 16
}
entries {
  term: 10
  index: 17
  configurationEntry {
    peers {
      id: "s0"
      address: "localhost:15252"
      dataStreamAddress: "localhost:15255"
      clientAddress: "localhost:15254"
      adminAddress: "localhost:15253"
      startupRole: FOLLOWER
    }
    peers {
      id: "s1"
      address: "localhost:15256"
      dataStreamAddress: "localhost:15259"
      clientAddress: "localhost:15258"
      adminAddress: "localhost:15257"
      startupRole: FOLLOWER
    }
    peers {
      id: "s2"
      address: "localhost:15260"
      dataStreamAddress: "localhost:15263"
      clientAddress: "localhost:15262"
      adminAddress: "localhost:15261"
      startupRole: FOLLOWER
    }
  }
}
leaderCommit: 16
commitInfos {
  server {
    id: "s0"
    address: "localhost:15252"
    dataStreamAddress: "localhost:15255"
    clientAddress: "localhost:15254"
    adminAddress: "localhost:15253"
    startupRole: FOLLOWER
  }
  commitIndex: 16
}
commitInfos {
  server {
    id: "s1"
    address: "localhost:15256"
    dataStreamAddress: "localhost:15259"
    clientAddress: "localhost:15258"
    adminAddress: "localhost:15257"
    startupRole: FOLLOWER
  }
  commitIndex: 16
}
commitInfos {
  server {
    id: "s2"
    address: "localhost:15260"
    dataStreamAddress: "localhost:15263"
    clientAddress: "localhost:15262"
    adminAddress: "localhost:15261"
    startupRole: FOLLOWER
  }
  commitIndex: 16
}
)
2024-10-20 10:46:11,160 [main] WARN  util.ReferenceCountedLeakDetector (ReferenceCountedLeakDetector.java:logLeakMessage(167)) - LEAK: (class org.apache.ratis.proto.RaftProtos$AppendEntriesRequestProto, count=2, value=serverRequest {
  requestorId: "s1"
  replyId: "s2"
  raftGroupId {
    id: "\375\210\024\357\262\375HY\244\207Ci\024Gb\025"
  }
  callId: 8
}
leaderTerm: 9
previousLog {
  term: 9
  index: 16
}
leaderCommit: 16
commitInfos {
  server {
    id: "s1"
    address: "localhost:15256"
    dataStreamAddress: "localhost:15259"
    clientAddress: "localhost:15258"
    adminAddress: "localhost:15257"
    startupRole: FOLLOWER
  }
  commitIndex: 16
}
commitInfos {
  server {
    id: "s0"
    address: "localhost:15252"
    dataStreamAddress: "localhost:15255"
    clientAddress: "localhost:15254"
    adminAddress: "localhost:15253"
    startupRole: FOLLOWER
  }
  commitIndex: 16
}
commitInfos {
  server {
    id: "s2"
    address: "localhost:15260"
    dataStreamAddress: "localhost:15263"
    clientAddress: "localhost:15262"
    adminAddress: "localhost:15261"
    startupRole: FOLLOWER
  }
  commitIndex: 16
}
)
2024-10-20 10:46:11,160 [main] WARN  util.ReferenceCountedLeakDetector (ReferenceCountedLeakDetector.java:logLeakMessage(167)) - LEAK: (class org.apache.ratis.proto.RaftProtos$AppendEntriesRequestProto, count=2, value=serverRequest {
  requestorId: "s1"
  replyId: "s2"
  raftGroupId {
    id: "\375\210\024\357\262\375HY\244\207Ci\024Gb\025"
  }
}
leaderTerm: 11
previousLog {
  term: 10
  index: 18
}
leaderCommit: 17
commitInfos {
  server {
    id: "s1"
    address: "localhost:15256"
    dataStreamAddress: "localhost:15259"
    clientAddress: "localhost:15258"
    adminAddress: "localhost:15257"
    startupRole: FOLLOWER
  }
  commitIndex: 17
}
commitInfos {
  server {
    id: "s0"
    address: "localhost:15252"
    dataStreamAddress: "localhost:15255"
    clientAddress: "localhost:15254"
    adminAddress: "localhost:15253"
    startupRole: FOLLOWER
  }
  commitIndex: 17
}
commitInfos {
  server {
    id: "s2"
    address: "localhost:15260"
    dataStreamAddress: "localhost:15263"
    clientAddress: "localhost:15262"
    adminAddress: "localhost:15261"
    startupRole: FOLLOWER
  }
  commitIndex: 16
}
)
2024-10-20 10:46:11,161 [main] WARN  util.LeakDetector (LeakDetector.java:assertNoLeaks(171)) - 11/30) numLeaks == 5 > 0, will wait and retry ...
2024-10-20 10:46:12,161 [main] WARN  util.ReferenceCountedLeakDetector (ReferenceCountedLeakDetector.java:logLeakMessage(167)) - LEAK: (class org.apache.ratis.proto.RaftProtos$AppendEntriesRequestProto, count=2, value=serverRequest {
  requestorId: "s0"
  replyId: "s2"
  raftGroupId {
    id: "\375\210\024\357\262\375HY\244\207Ci\024Gb\025"
  }
}
leaderTerm: 10
previousLog {
  term: 9
  index: 16
}
leaderCommit: 16
commitInfos {
  server {
    id: "s0"
    address: "localhost:15252"
    dataStreamAddress: "localhost:15255"
    clientAddress: "localhost:15254"
    adminAddress: "localhost:15253"
    startupRole: FOLLOWER
  }
  commitIndex: 16
}
commitInfos {
  server {
    id: "s1"
    address: "localhost:15256"
    dataStreamAddress: "localhost:15259"
    clientAddress: "localhost:15258"
    adminAddress: "localhost:15257"
    startupRole: FOLLOWER
  }
  commitIndex: 16
}
commitInfos {
  server {
    id: "s2"
    address: "localhost:15260"
    dataStreamAddress: "localhost:15263"
    clientAddress: "localhost:15262"
    adminAddress: "localhost:15261"
    startupRole: FOLLOWER
  }
  commitIndex: 16
}
)
2024-10-20 10:46:12,161 [main] WARN  util.ReferenceCountedLeakDetector (ReferenceCountedLeakDetector.java:logLeakMessage(167)) - LEAK: (class org.apache.ratis.proto.RaftProtos$AppendEntriesRequestProto, count=3, value=serverRequest {
  requestorId: "s1"
  replyId: "s2"
  raftGroupId {
    id: "\375\210\024\357\262\375HY\244\207Ci\024Gb\025"
  }
  callId: 1
}
leaderTerm: 11
previousLog {
  term: 10
  index: 18
}
entries {
  term: 11
  index: 19
  configurationEntry {
    peers {
      id: "s0"
      address: "localhost:15252"
      dataStreamAddress: "localhost:15255"
      clientAddress: "localhost:15254"
      adminAddress: "localhost:15253"
      startupRole: FOLLOWER
    }
    peers {
      id: "s1"
      address: "localhost:15256"
      dataStreamAddress: "localhost:15259"
      clientAddress: "localhost:15258"
      adminAddress: "localhost:15257"
      startupRole: FOLLOWER
    }
    peers {
      id: "s2"
      address: "localhost:15260"
      dataStreamAddress: "localhost:15263"
      clientAddress: "localhost:15262"
      adminAddress: "localhost:15261"
      startupRole: FOLLOWER
    }
  }
}
leaderCommit: 17
commitInfos {
  server {
    id: "s1"
    address: "localhost:15256"
    dataStreamAddress: "localhost:15259"
    clientAddress: "localhost:15258"
    adminAddress: "localhost:15257"
    startupRole: FOLLOWER
  }
  commitIndex: 17
}
commitInfos {
  server {
    id: "s0"
    address: "localhost:15252"
    dataStreamAddress: "localhost:15255"
    clientAddress: "localhost:15254"
    adminAddress: "localhost:15253"
    startupRole: FOLLOWER
  }
  commitIndex: 17
}
commitInfos {
  server {
    id: "s2"
    address: "localhost:15260"
    dataStreamAddress: "localhost:15263"
    clientAddress: "localhost:15262"
    adminAddress: "localhost:15261"
    startupRole: FOLLOWER
  }
  commitIndex: 16
}
)
2024-10-20 10:46:12,161 [main] WARN  util.ReferenceCountedLeakDetector (ReferenceCountedLeakDetector.java:logLeakMessage(167)) - LEAK: (class org.apache.ratis.proto.RaftProtos$AppendEntriesRequestProto, count=3, value=serverRequest {
  requestorId: "s0"
  replyId: "s2"
  raftGroupId {
    id: "\375\210\024\357\262\375HY\244\207Ci\024Gb\025"
  }
  callId: 1
}
leaderTerm: 10
previousLog {
  term: 9
  index: 16
}
entries {
  term: 10
  index: 17
  configurationEntry {
    peers {
      id: "s0"
      address: "localhost:15252"
      dataStreamAddress: "localhost:15255"
      clientAddress: "localhost:15254"
      adminAddress: "localhost:15253"
      startupRole: FOLLOWER
    }
    peers {
      id: "s1"
      address: "localhost:15256"
      dataStreamAddress: "localhost:15259"
      clientAddress: "localhost:15258"
      adminAddress: "localhost:15257"
      startupRole: FOLLOWER
    }
    peers {
      id: "s2"
      address: "localhost:15260"
      dataStreamAddress: "localhost:15263"
      clientAddress: "localhost:15262"
      adminAddress: "localhost:15261"
      startupRole: FOLLOWER
    }
  }
}
leaderCommit: 16
commitInfos {
  server {
    id: "s0"
    address: "localhost:15252"
    dataStreamAddress: "localhost:15255"
    clientAddress: "localhost:15254"
    adminAddress: "localhost:15253"
    startupRole: FOLLOWER
  }
  commitIndex: 16
}
commitInfos {
  server {
    id: "s1"
    address: "localhost:15256"
    dataStreamAddress: "localhost:15259"
    clientAddress: "localhost:15258"
    adminAddress: "localhost:15257"
    startupRole: FOLLOWER
  }
  commitIndex: 16
}
commitInfos {
  server {
    id: "s2"
    address: "localhost:15260"
    dataStreamAddress: "localhost:15263"
    clientAddress: "localhost:15262"
    adminAddress: "localhost:15261"
    startupRole: FOLLOWER
  }
  commitIndex: 16
}
)
2024-10-20 10:46:12,161 [main] WARN  util.ReferenceCountedLeakDetector (ReferenceCountedLeakDetector.java:logLeakMessage(167)) - LEAK: (class org.apache.ratis.proto.RaftProtos$AppendEntriesRequestProto, count=2, value=serverRequest {
  requestorId: "s1"
  replyId: "s2"
  raftGroupId {
    id: "\375\210\024\357\262\375HY\244\207Ci\024Gb\025"
  }
  callId: 8
}
leaderTerm: 9
previousLog {
  term: 9
  index: 16
}
leaderCommit: 16
commitInfos {
  server {
    id: "s1"
    address: "localhost:15256"
    dataStreamAddress: "localhost:15259"
    clientAddress: "localhost:15258"
    adminAddress: "localhost:15257"
    startupRole: FOLLOWER
  }
  commitIndex: 16
}
commitInfos {
  server {
    id: "s0"
    address: "localhost:15252"
    dataStreamAddress: "localhost:15255"
    clientAddress: "localhost:15254"
    adminAddress: "localhost:15253"
    startupRole: FOLLOWER
  }
  commitIndex: 16
}
commitInfos {
  server {
    id: "s2"
    address: "localhost:15260"
    dataStreamAddress: "localhost:15263"
    clientAddress: "localhost:15262"
    adminAddress: "localhost:15261"
    startupRole: FOLLOWER
  }
  commitIndex: 16
}
)
2024-10-20 10:46:12,162 [main] WARN  util.ReferenceCountedLeakDetector (ReferenceCountedLeakDetector.java:logLeakMessage(167)) - LEAK: (class org.apache.ratis.proto.RaftProtos$AppendEntriesRequestProto, count=2, value=serverRequest {
  requestorId: "s1"
  replyId: "s2"
  raftGroupId {
    id: "\375\210\024\357\262\375HY\244\207Ci\024Gb\025"
  }
}
leaderTerm: 11
previousLog {
  term: 10
  index: 18
}
leaderCommit: 17
commitInfos {
  server {
    id: "s1"
    address: "localhost:15256"
    dataStreamAddress: "localhost:15259"
    clientAddress: "localhost:15258"
    adminAddress: "localhost:15257"
    startupRole: FOLLOWER
  }
  commitIndex: 17
}
commitInfos {
  server {
    id: "s0"
    address: "localhost:15252"
    dataStreamAddress: "localhost:15255"
    clientAddress: "localhost:15254"
    adminAddress: "localhost:15253"
    startupRole: FOLLOWER
  }
  commitIndex: 17
}
commitInfos {
  server {
    id: "s2"
    address: "localhost:15260"
    dataStreamAddress: "localhost:15263"
    clientAddress: "localhost:15262"
    adminAddress: "localhost:15261"
    startupRole: FOLLOWER
  }
  commitIndex: 16
}
)
2024-10-20 10:46:12,162 [main] WARN  util.LeakDetector (LeakDetector.java:assertNoLeaks(171)) - 12/30) numLeaks == 5 > 0, will wait and retry ...
2024-10-20 10:46:13,162 [main] WARN  util.ReferenceCountedLeakDetector (ReferenceCountedLeakDetector.java:logLeakMessage(167)) - LEAK: (class org.apache.ratis.proto.RaftProtos$AppendEntriesRequestProto, count=2, value=serverRequest {
  requestorId: "s0"
  replyId: "s2"
  raftGroupId {
    id: "\375\210\024\357\262\375HY\244\207Ci\024Gb\025"
  }
}
leaderTerm: 10
previousLog {
  term: 9
  index: 16
}
leaderCommit: 16
commitInfos {
  server {
    id: "s0"
    address: "localhost:15252"
    dataStreamAddress: "localhost:15255"
    clientAddress: "localhost:15254"
    adminAddress: "localhost:15253"
    startupRole: FOLLOWER
  }
  commitIndex: 16
}
commitInfos {
  server {
    id: "s1"
    address: "localhost:15256"
    dataStreamAddress: "localhost:15259"
    clientAddress: "localhost:15258"
    adminAddress: "localhost:15257"
    startupRole: FOLLOWER
  }
  commitIndex: 16
}
commitInfos {
  server {
    id: "s2"
    address: "localhost:15260"
    dataStreamAddress: "localhost:15263"
    clientAddress: "localhost:15262"
    adminAddress: "localhost:15261"
    startupRole: FOLLOWER
  }
  commitIndex: 16
}
)
2024-10-20 10:46:13,162 [main] WARN  util.ReferenceCountedLeakDetector (ReferenceCountedLeakDetector.java:logLeakMessage(167)) - LEAK: (class org.apache.ratis.proto.RaftProtos$AppendEntriesRequestProto, count=3, value=serverRequest {
  requestorId: "s1"
  replyId: "s2"
  raftGroupId {
    id: "\375\210\024\357\262\375HY\244\207Ci\024Gb\025"
  }
  callId: 1
}
leaderTerm: 11
previousLog {
  term: 10
  index: 18
}
entries {
  term: 11
  index: 19
  configurationEntry {
    peers {
      id: "s0"
      address: "localhost:15252"
      dataStreamAddress: "localhost:15255"
      clientAddress: "localhost:15254"
      adminAddress: "localhost:15253"
      startupRole: FOLLOWER
    }
    peers {
      id: "s1"
      address: "localhost:15256"
      dataStreamAddress: "localhost:15259"
      clientAddress: "localhost:15258"
      adminAddress: "localhost:15257"
      startupRole: FOLLOWER
    }
    peers {
      id: "s2"
      address: "localhost:15260"
      dataStreamAddress: "localhost:15263"
      clientAddress: "localhost:15262"
      adminAddress: "localhost:15261"
      startupRole: FOLLOWER
    }
  }
}
leaderCommit: 17
commitInfos {
  server {
    id: "s1"
    address: "localhost:15256"
    dataStreamAddress: "localhost:15259"
    clientAddress: "localhost:15258"
    adminAddress: "localhost:15257"
    startupRole: FOLLOWER
  }
  commitIndex: 17
}
commitInfos {
  server {
    id: "s0"
    address: "localhost:15252"
    dataStreamAddress: "localhost:15255"
    clientAddress: "localhost:15254"
    adminAddress: "localhost:15253"
    startupRole: FOLLOWER
  }
  commitIndex: 17
}
commitInfos {
  server {
    id: "s2"
    address: "localhost:15260"
    dataStreamAddress: "localhost:15263"
    clientAddress: "localhost:15262"
    adminAddress: "localhost:15261"
    startupRole: FOLLOWER
  }
  commitIndex: 16
}
)
2024-10-20 10:46:13,163 [main] WARN  util.ReferenceCountedLeakDetector (ReferenceCountedLeakDetector.java:logLeakMessage(167)) - LEAK: (class org.apache.ratis.proto.RaftProtos$AppendEntriesRequestProto, count=3, value=serverRequest {
  requestorId: "s0"
  replyId: "s2"
  raftGroupId {
    id: "\375\210\024\357\262\375HY\244\207Ci\024Gb\025"
  }
  callId: 1
}
leaderTerm: 10
previousLog {
  term: 9
  index: 16
}
entries {
  term: 10
  index: 17
  configurationEntry {
    peers {
      id: "s0"
      address: "localhost:15252"
      dataStreamAddress: "localhost:15255"
      clientAddress: "localhost:15254"
      adminAddress: "localhost:15253"
      startupRole: FOLLOWER
    }
    peers {
      id: "s1"
      address: "localhost:15256"
      dataStreamAddress: "localhost:15259"
      clientAddress: "localhost:15258"
      adminAddress: "localhost:15257"
      startupRole: FOLLOWER
    }
    peers {
      id: "s2"
      address: "localhost:15260"
      dataStreamAddress: "localhost:15263"
      clientAddress: "localhost:15262"
      adminAddress: "localhost:15261"
      startupRole: FOLLOWER
    }
  }
}
leaderCommit: 16
commitInfos {
  server {
    id: "s0"
    address: "localhost:15252"
    dataStreamAddress: "localhost:15255"
    clientAddress: "localhost:15254"
    adminAddress: "localhost:15253"
    startupRole: FOLLOWER
  }
  commitIndex: 16
}
commitInfos {
  server {
    id: "s1"
    address: "localhost:15256"
    dataStreamAddress: "localhost:15259"
    clientAddress: "localhost:15258"
    adminAddress: "localhost:15257"
    startupRole: FOLLOWER
  }
  commitIndex: 16
}
commitInfos {
  server {
    id: "s2"
    address: "localhost:15260"
    dataStreamAddress: "localhost:15263"
    clientAddress: "localhost:15262"
    adminAddress: "localhost:15261"
    startupRole: FOLLOWER
  }
  commitIndex: 16
}
)
2024-10-20 10:46:13,163 [main] WARN  util.ReferenceCountedLeakDetector (ReferenceCountedLeakDetector.java:logLeakMessage(167)) - LEAK: (class org.apache.ratis.proto.RaftProtos$AppendEntriesRequestProto, count=2, value=serverRequest {
  requestorId: "s1"
  replyId: "s2"
  raftGroupId {
    id: "\375\210\024\357\262\375HY\244\207Ci\024Gb\025"
  }
  callId: 8
}
leaderTerm: 9
previousLog {
  term: 9
  index: 16
}
leaderCommit: 16
commitInfos {
  server {
    id: "s1"
    address: "localhost:15256"
    dataStreamAddress: "localhost:15259"
    clientAddress: "localhost:15258"
    adminAddress: "localhost:15257"
    startupRole: FOLLOWER
  }
  commitIndex: 16
}
commitInfos {
  server {
    id: "s0"
    address: "localhost:15252"
    dataStreamAddress: "localhost:15255"
    clientAddress: "localhost:15254"
    adminAddress: "localhost:15253"
    startupRole: FOLLOWER
  }
  commitIndex: 16
}
commitInfos {
  server {
    id: "s2"
    address: "localhost:15260"
    dataStreamAddress: "localhost:15263"
    clientAddress: "localhost:15262"
    adminAddress: "localhost:15261"
    startupRole: FOLLOWER
  }
  commitIndex: 16
}
)
2024-10-20 10:46:13,163 [main] WARN  util.ReferenceCountedLeakDetector (ReferenceCountedLeakDetector.java:logLeakMessage(167)) - LEAK: (class org.apache.ratis.proto.RaftProtos$AppendEntriesRequestProto, count=2, value=serverRequest {
  requestorId: "s1"
  replyId: "s2"
  raftGroupId {
    id: "\375\210\024\357\262\375HY\244\207Ci\024Gb\025"
  }
}
leaderTerm: 11
previousLog {
  term: 10
  index: 18
}
leaderCommit: 17
commitInfos {
  server {
    id: "s1"
    address: "localhost:15256"
    dataStreamAddress: "localhost:15259"
    clientAddress: "localhost:15258"
    adminAddress: "localhost:15257"
    startupRole: FOLLOWER
  }
  commitIndex: 17
}
commitInfos {
  server {
    id: "s0"
    address: "localhost:15252"
    dataStreamAddress: "localhost:15255"
    clientAddress: "localhost:15254"
    adminAddress: "localhost:15253"
    startupRole: FOLLOWER
  }
  commitIndex: 17
}
commitInfos {
  server {
    id: "s2"
    address: "localhost:15260"
    dataStreamAddress: "localhost:15263"
    clientAddress: "localhost:15262"
    adminAddress: "localhost:15261"
    startupRole: FOLLOWER
  }
  commitIndex: 16
}
)
2024-10-20 10:46:13,163 [main] WARN  util.LeakDetector (LeakDetector.java:assertNoLeaks(171)) - 13/30) numLeaks == 5 > 0, will wait and retry ...
2024-10-20 10:46:14,164 [main] WARN  util.ReferenceCountedLeakDetector (ReferenceCountedLeakDetector.java:logLeakMessage(167)) - LEAK: (class org.apache.ratis.proto.RaftProtos$AppendEntriesRequestProto, count=2, value=serverRequest {
  requestorId: "s0"
  replyId: "s2"
  raftGroupId {
    id: "\375\210\024\357\262\375HY\244\207Ci\024Gb\025"
  }
}
leaderTerm: 10
previousLog {
  term: 9
  index: 16
}
leaderCommit: 16
commitInfos {
  server {
    id: "s0"
    address: "localhost:15252"
    dataStreamAddress: "localhost:15255"
    clientAddress: "localhost:15254"
    adminAddress: "localhost:15253"
    startupRole: FOLLOWER
  }
  commitIndex: 16
}
commitInfos {
  server {
    id: "s1"
    address: "localhost:15256"
    dataStreamAddress: "localhost:15259"
    clientAddress: "localhost:15258"
    adminAddress: "localhost:15257"
    startupRole: FOLLOWER
  }
  commitIndex: 16
}
commitInfos {
  server {
    id: "s2"
    address: "localhost:15260"
    dataStreamAddress: "localhost:15263"
    clientAddress: "localhost:15262"
    adminAddress: "localhost:15261"
    startupRole: FOLLOWER
  }
  commitIndex: 16
}
)
2024-10-20 10:46:14,164 [main] WARN  util.ReferenceCountedLeakDetector (ReferenceCountedLeakDetector.java:logLeakMessage(167)) - LEAK: (class org.apache.ratis.proto.RaftProtos$AppendEntriesRequestProto, count=3, value=serverRequest {
  requestorId: "s1"
  replyId: "s2"
  raftGroupId {
    id: "\375\210\024\357\262\375HY\244\207Ci\024Gb\025"
  }
  callId: 1
}
leaderTerm: 11
previousLog {
  term: 10
  index: 18
}
entries {
  term: 11
  index: 19
  configurationEntry {
    peers {
      id: "s0"
      address: "localhost:15252"
      dataStreamAddress: "localhost:15255"
      clientAddress: "localhost:15254"
      adminAddress: "localhost:15253"
      startupRole: FOLLOWER
    }
    peers {
      id: "s1"
      address: "localhost:15256"
      dataStreamAddress: "localhost:15259"
      clientAddress: "localhost:15258"
      adminAddress: "localhost:15257"
      startupRole: FOLLOWER
    }
    peers {
      id: "s2"
      address: "localhost:15260"
      dataStreamAddress: "localhost:15263"
      clientAddress: "localhost:15262"
      adminAddress: "localhost:15261"
      startupRole: FOLLOWER
    }
  }
}
leaderCommit: 17
commitInfos {
  server {
    id: "s1"
    address: "localhost:15256"
    dataStreamAddress: "localhost:15259"
    clientAddress: "localhost:15258"
    adminAddress: "localhost:15257"
    startupRole: FOLLOWER
  }
  commitIndex: 17
}
commitInfos {
  server {
    id: "s0"
    address: "localhost:15252"
    dataStreamAddress: "localhost:15255"
    clientAddress: "localhost:15254"
    adminAddress: "localhost:15253"
    startupRole: FOLLOWER
  }
  commitIndex: 17
}
commitInfos {
  server {
    id: "s2"
    address: "localhost:15260"
    dataStreamAddress: "localhost:15263"
    clientAddress: "localhost:15262"
    adminAddress: "localhost:15261"
    startupRole: FOLLOWER
  }
  commitIndex: 16
}
)
2024-10-20 10:46:14,164 [main] WARN  util.ReferenceCountedLeakDetector (ReferenceCountedLeakDetector.java:logLeakMessage(167)) - LEAK: (class org.apache.ratis.proto.RaftProtos$AppendEntriesRequestProto, count=3, value=serverRequest {
  requestorId: "s0"
  replyId: "s2"
  raftGroupId {
    id: "\375\210\024\357\262\375HY\244\207Ci\024Gb\025"
  }
  callId: 1
}
leaderTerm: 10
previousLog {
  term: 9
  index: 16
}
entries {
  term: 10
  index: 17
  configurationEntry {
    peers {
      id: "s0"
      address: "localhost:15252"
      dataStreamAddress: "localhost:15255"
      clientAddress: "localhost:15254"
      adminAddress: "localhost:15253"
      startupRole: FOLLOWER
    }
    peers {
      id: "s1"
      address: "localhost:15256"
      dataStreamAddress: "localhost:15259"
      clientAddress: "localhost:15258"
      adminAddress: "localhost:15257"
      startupRole: FOLLOWER
    }
    peers {
      id: "s2"
      address: "localhost:15260"
      dataStreamAddress: "localhost:15263"
      clientAddress: "localhost:15262"
      adminAddress: "localhost:15261"
      startupRole: FOLLOWER
    }
  }
}
leaderCommit: 16
commitInfos {
  server {
    id: "s0"
    address: "localhost:15252"
    dataStreamAddress: "localhost:15255"
    clientAddress: "localhost:15254"
    adminAddress: "localhost:15253"
    startupRole: FOLLOWER
  }
  commitIndex: 16
}
commitInfos {
  server {
    id: "s1"
    address: "localhost:15256"
    dataStreamAddress: "localhost:15259"
    clientAddress: "localhost:15258"
    adminAddress: "localhost:15257"
    startupRole: FOLLOWER
  }
  commitIndex: 16
}
commitInfos {
  server {
    id: "s2"
    address: "localhost:15260"
    dataStreamAddress: "localhost:15263"
    clientAddress: "localhost:15262"
    adminAddress: "localhost:15261"
    startupRole: FOLLOWER
  }
  commitIndex: 16
}
)
2024-10-20 10:46:14,164 [main] WARN  util.ReferenceCountedLeakDetector (ReferenceCountedLeakDetector.java:logLeakMessage(167)) - LEAK: (class org.apache.ratis.proto.RaftProtos$AppendEntriesRequestProto, count=2, value=serverRequest {
  requestorId: "s1"
  replyId: "s2"
  raftGroupId {
    id: "\375\210\024\357\262\375HY\244\207Ci\024Gb\025"
  }
  callId: 8
}
leaderTerm: 9
previousLog {
  term: 9
  index: 16
}
leaderCommit: 16
commitInfos {
  server {
    id: "s1"
    address: "localhost:15256"
    dataStreamAddress: "localhost:15259"
    clientAddress: "localhost:15258"
    adminAddress: "localhost:15257"
    startupRole: FOLLOWER
  }
  commitIndex: 16
}
commitInfos {
  server {
    id: "s0"
    address: "localhost:15252"
    dataStreamAddress: "localhost:15255"
    clientAddress: "localhost:15254"
    adminAddress: "localhost:15253"
    startupRole: FOLLOWER
  }
  commitIndex: 16
}
commitInfos {
  server {
    id: "s2"
    address: "localhost:15260"
    dataStreamAddress: "localhost:15263"
    clientAddress: "localhost:15262"
    adminAddress: "localhost:15261"
    startupRole: FOLLOWER
  }
  commitIndex: 16
}
)
2024-10-20 10:46:14,164 [main] WARN  util.ReferenceCountedLeakDetector (ReferenceCountedLeakDetector.java:logLeakMessage(167)) - LEAK: (class org.apache.ratis.proto.RaftProtos$AppendEntriesRequestProto, count=2, value=serverRequest {
  requestorId: "s1"
  replyId: "s2"
  raftGroupId {
    id: "\375\210\024\357\262\375HY\244\207Ci\024Gb\025"
  }
}
leaderTerm: 11
previousLog {
  term: 10
  index: 18
}
leaderCommit: 17
commitInfos {
  server {
    id: "s1"
    address: "localhost:15256"
    dataStreamAddress: "localhost:15259"
    clientAddress: "localhost:15258"
    adminAddress: "localhost:15257"
    startupRole: FOLLOWER
  }
  commitIndex: 17
}
commitInfos {
  server {
    id: "s0"
    address: "localhost:15252"
    dataStreamAddress: "localhost:15255"
    clientAddress: "localhost:15254"
    adminAddress: "localhost:15253"
    startupRole: FOLLOWER
  }
  commitIndex: 17
}
commitInfos {
  server {
    id: "s2"
    address: "localhost:15260"
    dataStreamAddress: "localhost:15263"
    clientAddress: "localhost:15262"
    adminAddress: "localhost:15261"
    startupRole: FOLLOWER
  }
  commitIndex: 16
}
)
2024-10-20 10:46:14,165 [main] WARN  util.LeakDetector (LeakDetector.java:assertNoLeaks(171)) - 14/30) numLeaks == 5 > 0, will wait and retry ...
2024-10-20 10:46:15,165 [main] WARN  util.ReferenceCountedLeakDetector (ReferenceCountedLeakDetector.java:logLeakMessage(167)) - LEAK: (class org.apache.ratis.proto.RaftProtos$AppendEntriesRequestProto, count=2, value=serverRequest {
  requestorId: "s0"
  replyId: "s2"
  raftGroupId {
    id: "\375\210\024\357\262\375HY\244\207Ci\024Gb\025"
  }
}
leaderTerm: 10
previousLog {
  term: 9
  index: 16
}
leaderCommit: 16
commitInfos {
  server {
    id: "s0"
    address: "localhost:15252"
    dataStreamAddress: "localhost:15255"
    clientAddress: "localhost:15254"
    adminAddress: "localhost:15253"
    startupRole: FOLLOWER
  }
  commitIndex: 16
}
commitInfos {
  server {
    id: "s1"
    address: "localhost:15256"
    dataStreamAddress: "localhost:15259"
    clientAddress: "localhost:15258"
    adminAddress: "localhost:15257"
    startupRole: FOLLOWER
  }
  commitIndex: 16
}
commitInfos {
  server {
    id: "s2"
    address: "localhost:15260"
    dataStreamAddress: "localhost:15263"
    clientAddress: "localhost:15262"
    adminAddress: "localhost:15261"
    startupRole: FOLLOWER
  }
  commitIndex: 16
}
)
2024-10-20 10:46:15,165 [main] WARN  util.ReferenceCountedLeakDetector (ReferenceCountedLeakDetector.java:logLeakMessage(167)) - LEAK: (class org.apache.ratis.proto.RaftProtos$AppendEntriesRequestProto, count=3, value=serverRequest {
  requestorId: "s1"
  replyId: "s2"
  raftGroupId {
    id: "\375\210\024\357\262\375HY\244\207Ci\024Gb\025"
  }
  callId: 1
}
leaderTerm: 11
previousLog {
  term: 10
  index: 18
}
entries {
  term: 11
  index: 19
  configurationEntry {
    peers {
      id: "s0"
      address: "localhost:15252"
      dataStreamAddress: "localhost:15255"
      clientAddress: "localhost:15254"
      adminAddress: "localhost:15253"
      startupRole: FOLLOWER
    }
    peers {
      id: "s1"
      address: "localhost:15256"
      dataStreamAddress: "localhost:15259"
      clientAddress: "localhost:15258"
      adminAddress: "localhost:15257"
      startupRole: FOLLOWER
    }
    peers {
      id: "s2"
      address: "localhost:15260"
      dataStreamAddress: "localhost:15263"
      clientAddress: "localhost:15262"
      adminAddress: "localhost:15261"
      startupRole: FOLLOWER
    }
  }
}
leaderCommit: 17
commitInfos {
  server {
    id: "s1"
    address: "localhost:15256"
    dataStreamAddress: "localhost:15259"
    clientAddress: "localhost:15258"
    adminAddress: "localhost:15257"
    startupRole: FOLLOWER
  }
  commitIndex: 17
}
commitInfos {
  server {
    id: "s0"
    address: "localhost:15252"
    dataStreamAddress: "localhost:15255"
    clientAddress: "localhost:15254"
    adminAddress: "localhost:15253"
    startupRole: FOLLOWER
  }
  commitIndex: 17
}
commitInfos {
  server {
    id: "s2"
    address: "localhost:15260"
    dataStreamAddress: "localhost:15263"
    clientAddress: "localhost:15262"
    adminAddress: "localhost:15261"
    startupRole: FOLLOWER
  }
  commitIndex: 16
}
)
2024-10-20 10:46:15,166 [main] WARN  util.ReferenceCountedLeakDetector (ReferenceCountedLeakDetector.java:logLeakMessage(167)) - LEAK: (class org.apache.ratis.proto.RaftProtos$AppendEntriesRequestProto, count=3, value=serverRequest {
  requestorId: "s0"
  replyId: "s2"
  raftGroupId {
    id: "\375\210\024\357\262\375HY\244\207Ci\024Gb\025"
  }
  callId: 1
}
leaderTerm: 10
previousLog {
  term: 9
  index: 16
}
entries {
  term: 10
  index: 17
  configurationEntry {
    peers {
      id: "s0"
      address: "localhost:15252"
      dataStreamAddress: "localhost:15255"
      clientAddress: "localhost:15254"
      adminAddress: "localhost:15253"
      startupRole: FOLLOWER
    }
    peers {
      id: "s1"
      address: "localhost:15256"
      dataStreamAddress: "localhost:15259"
      clientAddress: "localhost:15258"
      adminAddress: "localhost:15257"
      startupRole: FOLLOWER
    }
    peers {
      id: "s2"
      address: "localhost:15260"
      dataStreamAddress: "localhost:15263"
      clientAddress: "localhost:15262"
      adminAddress: "localhost:15261"
      startupRole: FOLLOWER
    }
  }
}
leaderCommit: 16
commitInfos {
  server {
    id: "s0"
    address: "localhost:15252"
    dataStreamAddress: "localhost:15255"
    clientAddress: "localhost:15254"
    adminAddress: "localhost:15253"
    startupRole: FOLLOWER
  }
  commitIndex: 16
}
commitInfos {
  server {
    id: "s1"
    address: "localhost:15256"
    dataStreamAddress: "localhost:15259"
    clientAddress: "localhost:15258"
    adminAddress: "localhost:15257"
    startupRole: FOLLOWER
  }
  commitIndex: 16
}
commitInfos {
  server {
    id: "s2"
    address: "localhost:15260"
    dataStreamAddress: "localhost:15263"
    clientAddress: "localhost:15262"
    adminAddress: "localhost:15261"
    startupRole: FOLLOWER
  }
  commitIndex: 16
}
)
2024-10-20 10:46:15,166 [main] WARN  util.ReferenceCountedLeakDetector (ReferenceCountedLeakDetector.java:logLeakMessage(167)) - LEAK: (class org.apache.ratis.proto.RaftProtos$AppendEntriesRequestProto, count=2, value=serverRequest {
  requestorId: "s1"
  replyId: "s2"
  raftGroupId {
    id: "\375\210\024\357\262\375HY\244\207Ci\024Gb\025"
  }
  callId: 8
}
leaderTerm: 9
previousLog {
  term: 9
  index: 16
}
leaderCommit: 16
commitInfos {
  server {
    id: "s1"
    address: "localhost:15256"
    dataStreamAddress: "localhost:15259"
    clientAddress: "localhost:15258"
    adminAddress: "localhost:15257"
    startupRole: FOLLOWER
  }
  commitIndex: 16
}
commitInfos {
  server {
    id: "s0"
    address: "localhost:15252"
    dataStreamAddress: "localhost:15255"
    clientAddress: "localhost:15254"
    adminAddress: "localhost:15253"
    startupRole: FOLLOWER
  }
  commitIndex: 16
}
commitInfos {
  server {
    id: "s2"
    address: "localhost:15260"
    dataStreamAddress: "localhost:15263"
    clientAddress: "localhost:15262"
    adminAddress: "localhost:15261"
    startupRole: FOLLOWER
  }
  commitIndex: 16
}
)
2024-10-20 10:46:15,166 [main] WARN  util.ReferenceCountedLeakDetector (ReferenceCountedLeakDetector.java:logLeakMessage(167)) - LEAK: (class org.apache.ratis.proto.RaftProtos$AppendEntriesRequestProto, count=2, value=serverRequest {
  requestorId: "s1"
  replyId: "s2"
  raftGroupId {
    id: "\375\210\024\357\262\375HY\244\207Ci\024Gb\025"
  }
}
leaderTerm: 11
previousLog {
  term: 10
  index: 18
}
leaderCommit: 17
commitInfos {
  server {
    id: "s1"
    address: "localhost:15256"
    dataStreamAddress: "localhost:15259"
    clientAddress: "localhost:15258"
    adminAddress: "localhost:15257"
    startupRole: FOLLOWER
  }
  commitIndex: 17
}
commitInfos {
  server {
    id: "s0"
    address: "localhost:15252"
    dataStreamAddress: "localhost:15255"
    clientAddress: "localhost:15254"
    adminAddress: "localhost:15253"
    startupRole: FOLLOWER
  }
  commitIndex: 17
}
commitInfos {
  server {
    id: "s2"
    address: "localhost:15260"
    dataStreamAddress: "localhost:15263"
    clientAddress: "localhost:15262"
    adminAddress: "localhost:15261"
    startupRole: FOLLOWER
  }
  commitIndex: 16
}
)
2024-10-20 10:46:15,166 [main] WARN  util.LeakDetector (LeakDetector.java:assertNoLeaks(171)) - 15/30) numLeaks == 5 > 0, will wait and retry ...
2024-10-20 10:46:16,167 [main] WARN  util.ReferenceCountedLeakDetector (ReferenceCountedLeakDetector.java:logLeakMessage(167)) - LEAK: (class org.apache.ratis.proto.RaftProtos$AppendEntriesRequestProto, count=2, value=serverRequest {
  requestorId: "s0"
  replyId: "s2"
  raftGroupId {
    id: "\375\210\024\357\262\375HY\244\207Ci\024Gb\025"
  }
}
leaderTerm: 10
previousLog {
  term: 9
  index: 16
}
leaderCommit: 16
commitInfos {
  server {
    id: "s0"
    address: "localhost:15252"
    dataStreamAddress: "localhost:15255"
    clientAddress: "localhost:15254"
    adminAddress: "localhost:15253"
    startupRole: FOLLOWER
  }
  commitIndex: 16
}
commitInfos {
  server {
    id: "s1"
    address: "localhost:15256"
    dataStreamAddress: "localhost:15259"
    clientAddress: "localhost:15258"
    adminAddress: "localhost:15257"
    startupRole: FOLLOWER
  }
  commitIndex: 16
}
commitInfos {
  server {
    id: "s2"
    address: "localhost:15260"
    dataStreamAddress: "localhost:15263"
    clientAddress: "localhost:15262"
    adminAddress: "localhost:15261"
    startupRole: FOLLOWER
  }
  commitIndex: 16
}
)
2024-10-20 10:46:16,167 [main] WARN  util.ReferenceCountedLeakDetector (ReferenceCountedLeakDetector.java:logLeakMessage(167)) - LEAK: (class org.apache.ratis.proto.RaftProtos$AppendEntriesRequestProto, count=3, value=serverRequest {
  requestorId: "s1"
  replyId: "s2"
  raftGroupId {
    id: "\375\210\024\357\262\375HY\244\207Ci\024Gb\025"
  }
  callId: 1
}
leaderTerm: 11
previousLog {
  term: 10
  index: 18
}
entries {
  term: 11
  index: 19
  configurationEntry {
    peers {
      id: "s0"
      address: "localhost:15252"
      dataStreamAddress: "localhost:15255"
      clientAddress: "localhost:15254"
      adminAddress: "localhost:15253"
      startupRole: FOLLOWER
    }
    peers {
      id: "s1"
      address: "localhost:15256"
      dataStreamAddress: "localhost:15259"
      clientAddress: "localhost:15258"
      adminAddress: "localhost:15257"
      startupRole: FOLLOWER
    }
    peers {
      id: "s2"
      address: "localhost:15260"
      dataStreamAddress: "localhost:15263"
      clientAddress: "localhost:15262"
      adminAddress: "localhost:15261"
      startupRole: FOLLOWER
    }
  }
}
leaderCommit: 17
commitInfos {
  server {
    id: "s1"
    address: "localhost:15256"
    dataStreamAddress: "localhost:15259"
    clientAddress: "localhost:15258"
    adminAddress: "localhost:15257"
    startupRole: FOLLOWER
  }
  commitIndex: 17
}
commitInfos {
  server {
    id: "s0"
    address: "localhost:15252"
    dataStreamAddress: "localhost:15255"
    clientAddress: "localhost:15254"
    adminAddress: "localhost:15253"
    startupRole: FOLLOWER
  }
  commitIndex: 17
}
commitInfos {
  server {
    id: "s2"
    address: "localhost:15260"
    dataStreamAddress: "localhost:15263"
    clientAddress: "localhost:15262"
    adminAddress: "localhost:15261"
    startupRole: FOLLOWER
  }
  commitIndex: 16
}
)
2024-10-20 10:46:16,167 [main] WARN  util.ReferenceCountedLeakDetector (ReferenceCountedLeakDetector.java:logLeakMessage(167)) - LEAK: (class org.apache.ratis.proto.RaftProtos$AppendEntriesRequestProto, count=3, value=serverRequest {
  requestorId: "s0"
  replyId: "s2"
  raftGroupId {
    id: "\375\210\024\357\262\375HY\244\207Ci\024Gb\025"
  }
  callId: 1
}
leaderTerm: 10
previousLog {
  term: 9
  index: 16
}
entries {
  term: 10
  index: 17
  configurationEntry {
    peers {
      id: "s0"
      address: "localhost:15252"
      dataStreamAddress: "localhost:15255"
      clientAddress: "localhost:15254"
      adminAddress: "localhost:15253"
      startupRole: FOLLOWER
    }
    peers {
      id: "s1"
      address: "localhost:15256"
      dataStreamAddress: "localhost:15259"
      clientAddress: "localhost:15258"
      adminAddress: "localhost:15257"
      startupRole: FOLLOWER
    }
    peers {
      id: "s2"
      address: "localhost:15260"
      dataStreamAddress: "localhost:15263"
      clientAddress: "localhost:15262"
      adminAddress: "localhost:15261"
      startupRole: FOLLOWER
    }
  }
}
leaderCommit: 16
commitInfos {
  server {
    id: "s0"
    address: "localhost:15252"
    dataStreamAddress: "localhost:15255"
    clientAddress: "localhost:15254"
    adminAddress: "localhost:15253"
    startupRole: FOLLOWER
  }
  commitIndex: 16
}
commitInfos {
  server {
    id: "s1"
    address: "localhost:15256"
    dataStreamAddress: "localhost:15259"
    clientAddress: "localhost:15258"
    adminAddress: "localhost:15257"
    startupRole: FOLLOWER
  }
  commitIndex: 16
}
commitInfos {
  server {
    id: "s2"
    address: "localhost:15260"
    dataStreamAddress: "localhost:15263"
    clientAddress: "localhost:15262"
    adminAddress: "localhost:15261"
    startupRole: FOLLOWER
  }
  commitIndex: 16
}
)
2024-10-20 10:46:16,167 [main] WARN  util.ReferenceCountedLeakDetector (ReferenceCountedLeakDetector.java:logLeakMessage(167)) - LEAK: (class org.apache.ratis.proto.RaftProtos$AppendEntriesRequestProto, count=2, value=serverRequest {
  requestorId: "s1"
  replyId: "s2"
  raftGroupId {
    id: "\375\210\024\357\262\375HY\244\207Ci\024Gb\025"
  }
  callId: 8
}
leaderTerm: 9
previousLog {
  term: 9
  index: 16
}
leaderCommit: 16
commitInfos {
  server {
    id: "s1"
    address: "localhost:15256"
    dataStreamAddress: "localhost:15259"
    clientAddress: "localhost:15258"
    adminAddress: "localhost:15257"
    startupRole: FOLLOWER
  }
  commitIndex: 16
}
commitInfos {
  server {
    id: "s0"
    address: "localhost:15252"
    dataStreamAddress: "localhost:15255"
    clientAddress: "localhost:15254"
    adminAddress: "localhost:15253"
    startupRole: FOLLOWER
  }
  commitIndex: 16
}
commitInfos {
  server {
    id: "s2"
    address: "localhost:15260"
    dataStreamAddress: "localhost:15263"
    clientAddress: "localhost:15262"
    adminAddress: "localhost:15261"
    startupRole: FOLLOWER
  }
  commitIndex: 16
}
)
2024-10-20 10:46:16,168 [main] WARN  util.ReferenceCountedLeakDetector (ReferenceCountedLeakDetector.java:logLeakMessage(167)) - LEAK: (class org.apache.ratis.proto.RaftProtos$AppendEntriesRequestProto, count=2, value=serverRequest {
  requestorId: "s1"
  replyId: "s2"
  raftGroupId {
    id: "\375\210\024\357\262\375HY\244\207Ci\024Gb\025"
  }
}
leaderTerm: 11
previousLog {
  term: 10
  index: 18
}
leaderCommit: 17
commitInfos {
  server {
    id: "s1"
    address: "localhost:15256"
    dataStreamAddress: "localhost:15259"
    clientAddress: "localhost:15258"
    adminAddress: "localhost:15257"
    startupRole: FOLLOWER
  }
  commitIndex: 17
}
commitInfos {
  server {
    id: "s0"
    address: "localhost:15252"
    dataStreamAddress: "localhost:15255"
    clientAddress: "localhost:15254"
    adminAddress: "localhost:15253"
    startupRole: FOLLOWER
  }
  commitIndex: 17
}
commitInfos {
  server {
    id: "s2"
    address: "localhost:15260"
    dataStreamAddress: "localhost:15263"
    clientAddress: "localhost:15262"
    adminAddress: "localhost:15261"
    startupRole: FOLLOWER
  }
  commitIndex: 16
}
)
2024-10-20 10:46:16,168 [main] WARN  util.LeakDetector (LeakDetector.java:assertNoLeaks(171)) - 16/30) numLeaks == 5 > 0, will wait and retry ...
2024-10-20 10:46:17,168 [main] WARN  util.ReferenceCountedLeakDetector (ReferenceCountedLeakDetector.java:logLeakMessage(167)) - LEAK: (class org.apache.ratis.proto.RaftProtos$AppendEntriesRequestProto, count=2, value=serverRequest {
  requestorId: "s0"
  replyId: "s2"
  raftGroupId {
    id: "\375\210\024\357\262\375HY\244\207Ci\024Gb\025"
  }
}
leaderTerm: 10
previousLog {
  term: 9
  index: 16
}
leaderCommit: 16
commitInfos {
  server {
    id: "s0"
    address: "localhost:15252"
    dataStreamAddress: "localhost:15255"
    clientAddress: "localhost:15254"
    adminAddress: "localhost:15253"
    startupRole: FOLLOWER
  }
  commitIndex: 16
}
commitInfos {
  server {
    id: "s1"
    address: "localhost:15256"
    dataStreamAddress: "localhost:15259"
    clientAddress: "localhost:15258"
    adminAddress: "localhost:15257"
    startupRole: FOLLOWER
  }
  commitIndex: 16
}
commitInfos {
  server {
    id: "s2"
    address: "localhost:15260"
    dataStreamAddress: "localhost:15263"
    clientAddress: "localhost:15262"
    adminAddress: "localhost:15261"
    startupRole: FOLLOWER
  }
  commitIndex: 16
}
)
2024-10-20 10:46:17,168 [main] WARN  util.ReferenceCountedLeakDetector (ReferenceCountedLeakDetector.java:logLeakMessage(167)) - LEAK: (class org.apache.ratis.proto.RaftProtos$AppendEntriesRequestProto, count=3, value=serverRequest {
  requestorId: "s1"
  replyId: "s2"
  raftGroupId {
    id: "\375\210\024\357\262\375HY\244\207Ci\024Gb\025"
  }
  callId: 1
}
leaderTerm: 11
previousLog {
  term: 10
  index: 18
}
entries {
  term: 11
  index: 19
  configurationEntry {
    peers {
      id: "s0"
      address: "localhost:15252"
      dataStreamAddress: "localhost:15255"
      clientAddress: "localhost:15254"
      adminAddress: "localhost:15253"
      startupRole: FOLLOWER
    }
    peers {
      id: "s1"
      address: "localhost:15256"
      dataStreamAddress: "localhost:15259"
      clientAddress: "localhost:15258"
      adminAddress: "localhost:15257"
      startupRole: FOLLOWER
    }
    peers {
      id: "s2"
      address: "localhost:15260"
      dataStreamAddress: "localhost:15263"
      clientAddress: "localhost:15262"
      adminAddress: "localhost:15261"
      startupRole: FOLLOWER
    }
  }
}
leaderCommit: 17
commitInfos {
  server {
    id: "s1"
    address: "localhost:15256"
    dataStreamAddress: "localhost:15259"
    clientAddress: "localhost:15258"
    adminAddress: "localhost:15257"
    startupRole: FOLLOWER
  }
  commitIndex: 17
}
commitInfos {
  server {
    id: "s0"
    address: "localhost:15252"
    dataStreamAddress: "localhost:15255"
    clientAddress: "localhost:15254"
    adminAddress: "localhost:15253"
    startupRole: FOLLOWER
  }
  commitIndex: 17
}
commitInfos {
  server {
    id: "s2"
    address: "localhost:15260"
    dataStreamAddress: "localhost:15263"
    clientAddress: "localhost:15262"
    adminAddress: "localhost:15261"
    startupRole: FOLLOWER
  }
  commitIndex: 16
}
)
2024-10-20 10:46:17,168 [main] WARN  util.ReferenceCountedLeakDetector (ReferenceCountedLeakDetector.java:logLeakMessage(167)) - LEAK: (class org.apache.ratis.proto.RaftProtos$AppendEntriesRequestProto, count=3, value=serverRequest {
  requestorId: "s0"
  replyId: "s2"
  raftGroupId {
    id: "\375\210\024\357\262\375HY\244\207Ci\024Gb\025"
  }
  callId: 1
}
leaderTerm: 10
previousLog {
  term: 9
  index: 16
}
entries {
  term: 10
  index: 17
  configurationEntry {
    peers {
      id: "s0"
      address: "localhost:15252"
      dataStreamAddress: "localhost:15255"
      clientAddress: "localhost:15254"
      adminAddress: "localhost:15253"
      startupRole: FOLLOWER
    }
    peers {
      id: "s1"
      address: "localhost:15256"
      dataStreamAddress: "localhost:15259"
      clientAddress: "localhost:15258"
      adminAddress: "localhost:15257"
      startupRole: FOLLOWER
    }
    peers {
      id: "s2"
      address: "localhost:15260"
      dataStreamAddress: "localhost:15263"
      clientAddress: "localhost:15262"
      adminAddress: "localhost:15261"
      startupRole: FOLLOWER
    }
  }
}
leaderCommit: 16
commitInfos {
  server {
    id: "s0"
    address: "localhost:15252"
    dataStreamAddress: "localhost:15255"
    clientAddress: "localhost:15254"
    adminAddress: "localhost:15253"
    startupRole: FOLLOWER
  }
  commitIndex: 16
}
commitInfos {
  server {
    id: "s1"
    address: "localhost:15256"
    dataStreamAddress: "localhost:15259"
    clientAddress: "localhost:15258"
    adminAddress: "localhost:15257"
    startupRole: FOLLOWER
  }
  commitIndex: 16
}
commitInfos {
  server {
    id: "s2"
    address: "localhost:15260"
    dataStreamAddress: "localhost:15263"
    clientAddress: "localhost:15262"
    adminAddress: "localhost:15261"
    startupRole: FOLLOWER
  }
  commitIndex: 16
}
)
2024-10-20 10:46:17,168 [main] WARN  util.ReferenceCountedLeakDetector (ReferenceCountedLeakDetector.java:logLeakMessage(167)) - LEAK: (class org.apache.ratis.proto.RaftProtos$AppendEntriesRequestProto, count=2, value=serverRequest {
  requestorId: "s1"
  replyId: "s2"
  raftGroupId {
    id: "\375\210\024\357\262\375HY\244\207Ci\024Gb\025"
  }
  callId: 8
}
leaderTerm: 9
previousLog {
  term: 9
  index: 16
}
leaderCommit: 16
commitInfos {
  server {
    id: "s1"
    address: "localhost:15256"
    dataStreamAddress: "localhost:15259"
    clientAddress: "localhost:15258"
    adminAddress: "localhost:15257"
    startupRole: FOLLOWER
  }
  commitIndex: 16
}
commitInfos {
  server {
    id: "s0"
    address: "localhost:15252"
    dataStreamAddress: "localhost:15255"
    clientAddress: "localhost:15254"
    adminAddress: "localhost:15253"
    startupRole: FOLLOWER
  }
  commitIndex: 16
}
commitInfos {
  server {
    id: "s2"
    address: "localhost:15260"
    dataStreamAddress: "localhost:15263"
    clientAddress: "localhost:15262"
    adminAddress: "localhost:15261"
    startupRole: FOLLOWER
  }
  commitIndex: 16
}
)
2024-10-20 10:46:17,169 [main] WARN  util.ReferenceCountedLeakDetector (ReferenceCountedLeakDetector.java:logLeakMessage(167)) - LEAK: (class org.apache.ratis.proto.RaftProtos$AppendEntriesRequestProto, count=2, value=serverRequest {
  requestorId: "s1"
  replyId: "s2"
  raftGroupId {
    id: "\375\210\024\357\262\375HY\244\207Ci\024Gb\025"
  }
}
leaderTerm: 11
previousLog {
  term: 10
  index: 18
}
leaderCommit: 17
commitInfos {
  server {
    id: "s1"
    address: "localhost:15256"
    dataStreamAddress: "localhost:15259"
    clientAddress: "localhost:15258"
    adminAddress: "localhost:15257"
    startupRole: FOLLOWER
  }
  commitIndex: 17
}
commitInfos {
  server {
    id: "s0"
    address: "localhost:15252"
    dataStreamAddress: "localhost:15255"
    clientAddress: "localhost:15254"
    adminAddress: "localhost:15253"
    startupRole: FOLLOWER
  }
  commitIndex: 17
}
commitInfos {
  server {
    id: "s2"
    address: "localhost:15260"
    dataStreamAddress: "localhost:15263"
    clientAddress: "localhost:15262"
    adminAddress: "localhost:15261"
    startupRole: FOLLOWER
  }
  commitIndex: 16
}
)
2024-10-20 10:46:17,169 [main] WARN  util.LeakDetector (LeakDetector.java:assertNoLeaks(171)) - 17/30) numLeaks == 5 > 0, will wait and retry ...
2024-10-20 10:46:18,169 [main] WARN  util.ReferenceCountedLeakDetector (ReferenceCountedLeakDetector.java:logLeakMessage(167)) - LEAK: (class org.apache.ratis.proto.RaftProtos$AppendEntriesRequestProto, count=2, value=serverRequest {
  requestorId: "s0"
  replyId: "s2"
  raftGroupId {
    id: "\375\210\024\357\262\375HY\244\207Ci\024Gb\025"
  }
}
leaderTerm: 10
previousLog {
  term: 9
  index: 16
}
leaderCommit: 16
commitInfos {
  server {
    id: "s0"
    address: "localhost:15252"
    dataStreamAddress: "localhost:15255"
    clientAddress: "localhost:15254"
    adminAddress: "localhost:15253"
    startupRole: FOLLOWER
  }
  commitIndex: 16
}
commitInfos {
  server {
    id: "s1"
    address: "localhost:15256"
    dataStreamAddress: "localhost:15259"
    clientAddress: "localhost:15258"
    adminAddress: "localhost:15257"
    startupRole: FOLLOWER
  }
  commitIndex: 16
}
commitInfos {
  server {
    id: "s2"
    address: "localhost:15260"
    dataStreamAddress: "localhost:15263"
    clientAddress: "localhost:15262"
    adminAddress: "localhost:15261"
    startupRole: FOLLOWER
  }
  commitIndex: 16
}
)
2024-10-20 10:46:18,169 [main] WARN  util.ReferenceCountedLeakDetector (ReferenceCountedLeakDetector.java:logLeakMessage(167)) - LEAK: (class org.apache.ratis.proto.RaftProtos$AppendEntriesRequestProto, count=3, value=serverRequest {
  requestorId: "s1"
  replyId: "s2"
  raftGroupId {
    id: "\375\210\024\357\262\375HY\244\207Ci\024Gb\025"
  }
  callId: 1
}
leaderTerm: 11
previousLog {
  term: 10
  index: 18
}
entries {
  term: 11
  index: 19
  configurationEntry {
    peers {
      id: "s0"
      address: "localhost:15252"
      dataStreamAddress: "localhost:15255"
      clientAddress: "localhost:15254"
      adminAddress: "localhost:15253"
      startupRole: FOLLOWER
    }
    peers {
      id: "s1"
      address: "localhost:15256"
      dataStreamAddress: "localhost:15259"
      clientAddress: "localhost:15258"
      adminAddress: "localhost:15257"
      startupRole: FOLLOWER
    }
    peers {
      id: "s2"
      address: "localhost:15260"
      dataStreamAddress: "localhost:15263"
      clientAddress: "localhost:15262"
      adminAddress: "localhost:15261"
      startupRole: FOLLOWER
    }
  }
}
leaderCommit: 17
commitInfos {
  server {
    id: "s1"
    address: "localhost:15256"
    dataStreamAddress: "localhost:15259"
    clientAddress: "localhost:15258"
    adminAddress: "localhost:15257"
    startupRole: FOLLOWER
  }
  commitIndex: 17
}
commitInfos {
  server {
    id: "s0"
    address: "localhost:15252"
    dataStreamAddress: "localhost:15255"
    clientAddress: "localhost:15254"
    adminAddress: "localhost:15253"
    startupRole: FOLLOWER
  }
  commitIndex: 17
}
commitInfos {
  server {
    id: "s2"
    address: "localhost:15260"
    dataStreamAddress: "localhost:15263"
    clientAddress: "localhost:15262"
    adminAddress: "localhost:15261"
    startupRole: FOLLOWER
  }
  commitIndex: 16
}
)
2024-10-20 10:46:18,169 [main] WARN  util.ReferenceCountedLeakDetector (ReferenceCountedLeakDetector.java:logLeakMessage(167)) - LEAK: (class org.apache.ratis.proto.RaftProtos$AppendEntriesRequestProto, count=3, value=serverRequest {
  requestorId: "s0"
  replyId: "s2"
  raftGroupId {
    id: "\375\210\024\357\262\375HY\244\207Ci\024Gb\025"
  }
  callId: 1
}
leaderTerm: 10
previousLog {
  term: 9
  index: 16
}
entries {
  term: 10
  index: 17
  configurationEntry {
    peers {
      id: "s0"
      address: "localhost:15252"
      dataStreamAddress: "localhost:15255"
      clientAddress: "localhost:15254"
      adminAddress: "localhost:15253"
      startupRole: FOLLOWER
    }
    peers {
      id: "s1"
      address: "localhost:15256"
      dataStreamAddress: "localhost:15259"
      clientAddress: "localhost:15258"
      adminAddress: "localhost:15257"
      startupRole: FOLLOWER
    }
    peers {
      id: "s2"
      address: "localhost:15260"
      dataStreamAddress: "localhost:15263"
      clientAddress: "localhost:15262"
      adminAddress: "localhost:15261"
      startupRole: FOLLOWER
    }
  }
}
leaderCommit: 16
commitInfos {
  server {
    id: "s0"
    address: "localhost:15252"
    dataStreamAddress: "localhost:15255"
    clientAddress: "localhost:15254"
    adminAddress: "localhost:15253"
    startupRole: FOLLOWER
  }
  commitIndex: 16
}
commitInfos {
  server {
    id: "s1"
    address: "localhost:15256"
    dataStreamAddress: "localhost:15259"
    clientAddress: "localhost:15258"
    adminAddress: "localhost:15257"
    startupRole: FOLLOWER
  }
  commitIndex: 16
}
commitInfos {
  server {
    id: "s2"
    address: "localhost:15260"
    dataStreamAddress: "localhost:15263"
    clientAddress: "localhost:15262"
    adminAddress: "localhost:15261"
    startupRole: FOLLOWER
  }
  commitIndex: 16
}
)
2024-10-20 10:46:18,169 [main] WARN  util.ReferenceCountedLeakDetector (ReferenceCountedLeakDetector.java:logLeakMessage(167)) - LEAK: (class org.apache.ratis.proto.RaftProtos$AppendEntriesRequestProto, count=2, value=serverRequest {
  requestorId: "s1"
  replyId: "s2"
  raftGroupId {
    id: "\375\210\024\357\262\375HY\244\207Ci\024Gb\025"
  }
  callId: 8
}
leaderTerm: 9
previousLog {
  term: 9
  index: 16
}
leaderCommit: 16
commitInfos {
  server {
    id: "s1"
    address: "localhost:15256"
    dataStreamAddress: "localhost:15259"
    clientAddress: "localhost:15258"
    adminAddress: "localhost:15257"
    startupRole: FOLLOWER
  }
  commitIndex: 16
}
commitInfos {
  server {
    id: "s0"
    address: "localhost:15252"
    dataStreamAddress: "localhost:15255"
    clientAddress: "localhost:15254"
    adminAddress: "localhost:15253"
    startupRole: FOLLOWER
  }
  commitIndex: 16
}
commitInfos {
  server {
    id: "s2"
    address: "localhost:15260"
    dataStreamAddress: "localhost:15263"
    clientAddress: "localhost:15262"
    adminAddress: "localhost:15261"
    startupRole: FOLLOWER
  }
  commitIndex: 16
}
)
2024-10-20 10:46:18,170 [main] WARN  util.ReferenceCountedLeakDetector (ReferenceCountedLeakDetector.java:logLeakMessage(167)) - LEAK: (class org.apache.ratis.proto.RaftProtos$AppendEntriesRequestProto, count=2, value=serverRequest {
  requestorId: "s1"
  replyId: "s2"
  raftGroupId {
    id: "\375\210\024\357\262\375HY\244\207Ci\024Gb\025"
  }
}
leaderTerm: 11
previousLog {
  term: 10
  index: 18
}
leaderCommit: 17
commitInfos {
  server {
    id: "s1"
    address: "localhost:15256"
    dataStreamAddress: "localhost:15259"
    clientAddress: "localhost:15258"
    adminAddress: "localhost:15257"
    startupRole: FOLLOWER
  }
  commitIndex: 17
}
commitInfos {
  server {
    id: "s0"
    address: "localhost:15252"
    dataStreamAddress: "localhost:15255"
    clientAddress: "localhost:15254"
    adminAddress: "localhost:15253"
    startupRole: FOLLOWER
  }
  commitIndex: 17
}
commitInfos {
  server {
    id: "s2"
    address: "localhost:15260"
    dataStreamAddress: "localhost:15263"
    clientAddress: "localhost:15262"
    adminAddress: "localhost:15261"
    startupRole: FOLLOWER
  }
  commitIndex: 16
}
)
2024-10-20 10:46:18,170 [main] WARN  util.LeakDetector (LeakDetector.java:assertNoLeaks(171)) - 18/30) numLeaks == 5 > 0, will wait and retry ...
2024-10-20 10:46:19,170 [main] WARN  util.ReferenceCountedLeakDetector (ReferenceCountedLeakDetector.java:logLeakMessage(167)) - LEAK: (class org.apache.ratis.proto.RaftProtos$AppendEntriesRequestProto, count=2, value=serverRequest {
  requestorId: "s0"
  replyId: "s2"
  raftGroupId {
    id: "\375\210\024\357\262\375HY\244\207Ci\024Gb\025"
  }
}
leaderTerm: 10
previousLog {
  term: 9
  index: 16
}
leaderCommit: 16
commitInfos {
  server {
    id: "s0"
    address: "localhost:15252"
    dataStreamAddress: "localhost:15255"
    clientAddress: "localhost:15254"
    adminAddress: "localhost:15253"
    startupRole: FOLLOWER
  }
  commitIndex: 16
}
commitInfos {
  server {
    id: "s1"
    address: "localhost:15256"
    dataStreamAddress: "localhost:15259"
    clientAddress: "localhost:15258"
    adminAddress: "localhost:15257"
    startupRole: FOLLOWER
  }
  commitIndex: 16
}
commitInfos {
  server {
    id: "s2"
    address: "localhost:15260"
    dataStreamAddress: "localhost:15263"
    clientAddress: "localhost:15262"
    adminAddress: "localhost:15261"
    startupRole: FOLLOWER
  }
  commitIndex: 16
}
)
2024-10-20 10:46:19,170 [main] WARN  util.ReferenceCountedLeakDetector (ReferenceCountedLeakDetector.java:logLeakMessage(167)) - LEAK: (class org.apache.ratis.proto.RaftProtos$AppendEntriesRequestProto, count=3, value=serverRequest {
  requestorId: "s1"
  replyId: "s2"
  raftGroupId {
    id: "\375\210\024\357\262\375HY\244\207Ci\024Gb\025"
  }
  callId: 1
}
leaderTerm: 11
previousLog {
  term: 10
  index: 18
}
entries {
  term: 11
  index: 19
  configurationEntry {
    peers {
      id: "s0"
      address: "localhost:15252"
      dataStreamAddress: "localhost:15255"
      clientAddress: "localhost:15254"
      adminAddress: "localhost:15253"
      startupRole: FOLLOWER
    }
    peers {
      id: "s1"
      address: "localhost:15256"
      dataStreamAddress: "localhost:15259"
      clientAddress: "localhost:15258"
      adminAddress: "localhost:15257"
      startupRole: FOLLOWER
    }
    peers {
      id: "s2"
      address: "localhost:15260"
      dataStreamAddress: "localhost:15263"
      clientAddress: "localhost:15262"
      adminAddress: "localhost:15261"
      startupRole: FOLLOWER
    }
  }
}
leaderCommit: 17
commitInfos {
  server {
    id: "s1"
    address: "localhost:15256"
    dataStreamAddress: "localhost:15259"
    clientAddress: "localhost:15258"
    adminAddress: "localhost:15257"
    startupRole: FOLLOWER
  }
  commitIndex: 17
}
commitInfos {
  server {
    id: "s0"
    address: "localhost:15252"
    dataStreamAddress: "localhost:15255"
    clientAddress: "localhost:15254"
    adminAddress: "localhost:15253"
    startupRole: FOLLOWER
  }
  commitIndex: 17
}
commitInfos {
  server {
    id: "s2"
    address: "localhost:15260"
    dataStreamAddress: "localhost:15263"
    clientAddress: "localhost:15262"
    adminAddress: "localhost:15261"
    startupRole: FOLLOWER
  }
  commitIndex: 16
}
)
2024-10-20 10:46:19,170 [main] WARN  util.ReferenceCountedLeakDetector (ReferenceCountedLeakDetector.java:logLeakMessage(167)) - LEAK: (class org.apache.ratis.proto.RaftProtos$AppendEntriesRequestProto, count=3, value=serverRequest {
  requestorId: "s0"
  replyId: "s2"
  raftGroupId {
    id: "\375\210\024\357\262\375HY\244\207Ci\024Gb\025"
  }
  callId: 1
}
leaderTerm: 10
previousLog {
  term: 9
  index: 16
}
entries {
  term: 10
  index: 17
  configurationEntry {
    peers {
      id: "s0"
      address: "localhost:15252"
      dataStreamAddress: "localhost:15255"
      clientAddress: "localhost:15254"
      adminAddress: "localhost:15253"
      startupRole: FOLLOWER
    }
    peers {
      id: "s1"
      address: "localhost:15256"
      dataStreamAddress: "localhost:15259"
      clientAddress: "localhost:15258"
      adminAddress: "localhost:15257"
      startupRole: FOLLOWER
    }
    peers {
      id: "s2"
      address: "localhost:15260"
      dataStreamAddress: "localhost:15263"
      clientAddress: "localhost:15262"
      adminAddress: "localhost:15261"
      startupRole: FOLLOWER
    }
  }
}
leaderCommit: 16
commitInfos {
  server {
    id: "s0"
    address: "localhost:15252"
    dataStreamAddress: "localhost:15255"
    clientAddress: "localhost:15254"
    adminAddress: "localhost:15253"
    startupRole: FOLLOWER
  }
  commitIndex: 16
}
commitInfos {
  server {
    id: "s1"
    address: "localhost:15256"
    dataStreamAddress: "localhost:15259"
    clientAddress: "localhost:15258"
    adminAddress: "localhost:15257"
    startupRole: FOLLOWER
  }
  commitIndex: 16
}
commitInfos {
  server {
    id: "s2"
    address: "localhost:15260"
    dataStreamAddress: "localhost:15263"
    clientAddress: "localhost:15262"
    adminAddress: "localhost:15261"
    startupRole: FOLLOWER
  }
  commitIndex: 16
}
)
2024-10-20 10:46:19,171 [main] WARN  util.ReferenceCountedLeakDetector (ReferenceCountedLeakDetector.java:logLeakMessage(167)) - LEAK: (class org.apache.ratis.proto.RaftProtos$AppendEntriesRequestProto, count=2, value=serverRequest {
  requestorId: "s1"
  replyId: "s2"
  raftGroupId {
    id: "\375\210\024\357\262\375HY\244\207Ci\024Gb\025"
  }
  callId: 8
}
leaderTerm: 9
previousLog {
  term: 9
  index: 16
}
leaderCommit: 16
commitInfos {
  server {
    id: "s1"
    address: "localhost:15256"
    dataStreamAddress: "localhost:15259"
    clientAddress: "localhost:15258"
    adminAddress: "localhost:15257"
    startupRole: FOLLOWER
  }
  commitIndex: 16
}
commitInfos {
  server {
    id: "s0"
    address: "localhost:15252"
    dataStreamAddress: "localhost:15255"
    clientAddress: "localhost:15254"
    adminAddress: "localhost:15253"
    startupRole: FOLLOWER
  }
  commitIndex: 16
}
commitInfos {
  server {
    id: "s2"
    address: "localhost:15260"
    dataStreamAddress: "localhost:15263"
    clientAddress: "localhost:15262"
    adminAddress: "localhost:15261"
    startupRole: FOLLOWER
  }
  commitIndex: 16
}
)
2024-10-20 10:46:19,171 [main] WARN  util.ReferenceCountedLeakDetector (ReferenceCountedLeakDetector.java:logLeakMessage(167)) - LEAK: (class org.apache.ratis.proto.RaftProtos$AppendEntriesRequestProto, count=2, value=serverRequest {
  requestorId: "s1"
  replyId: "s2"
  raftGroupId {
    id: "\375\210\024\357\262\375HY\244\207Ci\024Gb\025"
  }
}
leaderTerm: 11
previousLog {
  term: 10
  index: 18
}
leaderCommit: 17
commitInfos {
  server {
    id: "s1"
    address: "localhost:15256"
    dataStreamAddress: "localhost:15259"
    clientAddress: "localhost:15258"
    adminAddress: "localhost:15257"
    startupRole: FOLLOWER
  }
  commitIndex: 17
}
commitInfos {
  server {
    id: "s0"
    address: "localhost:15252"
    dataStreamAddress: "localhost:15255"
    clientAddress: "localhost:15254"
    adminAddress: "localhost:15253"
    startupRole: FOLLOWER
  }
  commitIndex: 17
}
commitInfos {
  server {
    id: "s2"
    address: "localhost:15260"
    dataStreamAddress: "localhost:15263"
    clientAddress: "localhost:15262"
    adminAddress: "localhost:15261"
    startupRole: FOLLOWER
  }
  commitIndex: 16
}
)
2024-10-20 10:46:19,171 [main] WARN  util.LeakDetector (LeakDetector.java:assertNoLeaks(171)) - 19/30) numLeaks == 5 > 0, will wait and retry ...
2024-10-20 10:46:20,171 [main] WARN  util.ReferenceCountedLeakDetector (ReferenceCountedLeakDetector.java:logLeakMessage(167)) - LEAK: (class org.apache.ratis.proto.RaftProtos$AppendEntriesRequestProto, count=2, value=serverRequest {
  requestorId: "s0"
  replyId: "s2"
  raftGroupId {
    id: "\375\210\024\357\262\375HY\244\207Ci\024Gb\025"
  }
}
leaderTerm: 10
previousLog {
  term: 9
  index: 16
}
leaderCommit: 16
commitInfos {
  server {
    id: "s0"
    address: "localhost:15252"
    dataStreamAddress: "localhost:15255"
    clientAddress: "localhost:15254"
    adminAddress: "localhost:15253"
    startupRole: FOLLOWER
  }
  commitIndex: 16
}
commitInfos {
  server {
    id: "s1"
    address: "localhost:15256"
    dataStreamAddress: "localhost:15259"
    clientAddress: "localhost:15258"
    adminAddress: "localhost:15257"
    startupRole: FOLLOWER
  }
  commitIndex: 16
}
commitInfos {
  server {
    id: "s2"
    address: "localhost:15260"
    dataStreamAddress: "localhost:15263"
    clientAddress: "localhost:15262"
    adminAddress: "localhost:15261"
    startupRole: FOLLOWER
  }
  commitIndex: 16
}
)
2024-10-20 10:46:20,171 [main] WARN  util.ReferenceCountedLeakDetector (ReferenceCountedLeakDetector.java:logLeakMessage(167)) - LEAK: (class org.apache.ratis.proto.RaftProtos$AppendEntriesRequestProto, count=3, value=serverRequest {
  requestorId: "s1"
  replyId: "s2"
  raftGroupId {
    id: "\375\210\024\357\262\375HY\244\207Ci\024Gb\025"
  }
  callId: 1
}
leaderTerm: 11
previousLog {
  term: 10
  index: 18
}
entries {
  term: 11
  index: 19
  configurationEntry {
    peers {
      id: "s0"
      address: "localhost:15252"
      dataStreamAddress: "localhost:15255"
      clientAddress: "localhost:15254"
      adminAddress: "localhost:15253"
      startupRole: FOLLOWER
    }
    peers {
      id: "s1"
      address: "localhost:15256"
      dataStreamAddress: "localhost:15259"
      clientAddress: "localhost:15258"
      adminAddress: "localhost:15257"
      startupRole: FOLLOWER
    }
    peers {
      id: "s2"
      address: "localhost:15260"
      dataStreamAddress: "localhost:15263"
      clientAddress: "localhost:15262"
      adminAddress: "localhost:15261"
      startupRole: FOLLOWER
    }
  }
}
leaderCommit: 17
commitInfos {
  server {
    id: "s1"
    address: "localhost:15256"
    dataStreamAddress: "localhost:15259"
    clientAddress: "localhost:15258"
    adminAddress: "localhost:15257"
    startupRole: FOLLOWER
  }
  commitIndex: 17
}
commitInfos {
  server {
    id: "s0"
    address: "localhost:15252"
    dataStreamAddress: "localhost:15255"
    clientAddress: "localhost:15254"
    adminAddress: "localhost:15253"
    startupRole: FOLLOWER
  }
  commitIndex: 17
}
commitInfos {
  server {
    id: "s2"
    address: "localhost:15260"
    dataStreamAddress: "localhost:15263"
    clientAddress: "localhost:15262"
    adminAddress: "localhost:15261"
    startupRole: FOLLOWER
  }
  commitIndex: 16
}
)
2024-10-20 10:46:20,172 [main] WARN  util.ReferenceCountedLeakDetector (ReferenceCountedLeakDetector.java:logLeakMessage(167)) - LEAK: (class org.apache.ratis.proto.RaftProtos$AppendEntriesRequestProto, count=3, value=serverRequest {
  requestorId: "s0"
  replyId: "s2"
  raftGroupId {
    id: "\375\210\024\357\262\375HY\244\207Ci\024Gb\025"
  }
  callId: 1
}
leaderTerm: 10
previousLog {
  term: 9
  index: 16
}
entries {
  term: 10
  index: 17
  configurationEntry {
    peers {
      id: "s0"
      address: "localhost:15252"
      dataStreamAddress: "localhost:15255"
      clientAddress: "localhost:15254"
      adminAddress: "localhost:15253"
      startupRole: FOLLOWER
    }
    peers {
      id: "s1"
      address: "localhost:15256"
      dataStreamAddress: "localhost:15259"
      clientAddress: "localhost:15258"
      adminAddress: "localhost:15257"
      startupRole: FOLLOWER
    }
    peers {
      id: "s2"
      address: "localhost:15260"
      dataStreamAddress: "localhost:15263"
      clientAddress: "localhost:15262"
      adminAddress: "localhost:15261"
      startupRole: FOLLOWER
    }
  }
}
leaderCommit: 16
commitInfos {
  server {
    id: "s0"
    address: "localhost:15252"
    dataStreamAddress: "localhost:15255"
    clientAddress: "localhost:15254"
    adminAddress: "localhost:15253"
    startupRole: FOLLOWER
  }
  commitIndex: 16
}
commitInfos {
  server {
    id: "s1"
    address: "localhost:15256"
    dataStreamAddress: "localhost:15259"
    clientAddress: "localhost:15258"
    adminAddress: "localhost:15257"
    startupRole: FOLLOWER
  }
  commitIndex: 16
}
commitInfos {
  server {
    id: "s2"
    address: "localhost:15260"
    dataStreamAddress: "localhost:15263"
    clientAddress: "localhost:15262"
    adminAddress: "localhost:15261"
    startupRole: FOLLOWER
  }
  commitIndex: 16
}
)
2024-10-20 10:46:20,172 [main] WARN  util.ReferenceCountedLeakDetector (ReferenceCountedLeakDetector.java:logLeakMessage(167)) - LEAK: (class org.apache.ratis.proto.RaftProtos$AppendEntriesRequestProto, count=2, value=serverRequest {
  requestorId: "s1"
  replyId: "s2"
  raftGroupId {
    id: "\375\210\024\357\262\375HY\244\207Ci\024Gb\025"
  }
  callId: 8
}
leaderTerm: 9
previousLog {
  term: 9
  index: 16
}
leaderCommit: 16
commitInfos {
  server {
    id: "s1"
    address: "localhost:15256"
    dataStreamAddress: "localhost:15259"
    clientAddress: "localhost:15258"
    adminAddress: "localhost:15257"
    startupRole: FOLLOWER
  }
  commitIndex: 16
}
commitInfos {
  server {
    id: "s0"
    address: "localhost:15252"
    dataStreamAddress: "localhost:15255"
    clientAddress: "localhost:15254"
    adminAddress: "localhost:15253"
    startupRole: FOLLOWER
  }
  commitIndex: 16
}
commitInfos {
  server {
    id: "s2"
    address: "localhost:15260"
    dataStreamAddress: "localhost:15263"
    clientAddress: "localhost:15262"
    adminAddress: "localhost:15261"
    startupRole: FOLLOWER
  }
  commitIndex: 16
}
)
2024-10-20 10:46:20,172 [main] WARN  util.ReferenceCountedLeakDetector (ReferenceCountedLeakDetector.java:logLeakMessage(167)) - LEAK: (class org.apache.ratis.proto.RaftProtos$AppendEntriesRequestProto, count=2, value=serverRequest {
  requestorId: "s1"
  replyId: "s2"
  raftGroupId {
    id: "\375\210\024\357\262\375HY\244\207Ci\024Gb\025"
  }
}
leaderTerm: 11
previousLog {
  term: 10
  index: 18
}
leaderCommit: 17
commitInfos {
  server {
    id: "s1"
    address: "localhost:15256"
    dataStreamAddress: "localhost:15259"
    clientAddress: "localhost:15258"
    adminAddress: "localhost:15257"
    startupRole: FOLLOWER
  }
  commitIndex: 17
}
commitInfos {
  server {
    id: "s0"
    address: "localhost:15252"
    dataStreamAddress: "localhost:15255"
    clientAddress: "localhost:15254"
    adminAddress: "localhost:15253"
    startupRole: FOLLOWER
  }
  commitIndex: 17
}
commitInfos {
  server {
    id: "s2"
    address: "localhost:15260"
    dataStreamAddress: "localhost:15263"
    clientAddress: "localhost:15262"
    adminAddress: "localhost:15261"
    startupRole: FOLLOWER
  }
  commitIndex: 16
}
)
2024-10-20 10:46:20,172 [main] WARN  util.LeakDetector (LeakDetector.java:assertNoLeaks(171)) - 20/30) numLeaks == 5 > 0, will wait and retry ...
2024-10-20 10:46:21,172 [main] WARN  util.ReferenceCountedLeakDetector (ReferenceCountedLeakDetector.java:logLeakMessage(167)) - LEAK: (class org.apache.ratis.proto.RaftProtos$AppendEntriesRequestProto, count=2, value=serverRequest {
  requestorId: "s0"
  replyId: "s2"
  raftGroupId {
    id: "\375\210\024\357\262\375HY\244\207Ci\024Gb\025"
  }
}
leaderTerm: 10
previousLog {
  term: 9
  index: 16
}
leaderCommit: 16
commitInfos {
  server {
    id: "s0"
    address: "localhost:15252"
    dataStreamAddress: "localhost:15255"
    clientAddress: "localhost:15254"
    adminAddress: "localhost:15253"
    startupRole: FOLLOWER
  }
  commitIndex: 16
}
commitInfos {
  server {
    id: "s1"
    address: "localhost:15256"
    dataStreamAddress: "localhost:15259"
    clientAddress: "localhost:15258"
    adminAddress: "localhost:15257"
    startupRole: FOLLOWER
  }
  commitIndex: 16
}
commitInfos {
  server {
    id: "s2"
    address: "localhost:15260"
    dataStreamAddress: "localhost:15263"
    clientAddress: "localhost:15262"
    adminAddress: "localhost:15261"
    startupRole: FOLLOWER
  }
  commitIndex: 16
}
)
2024-10-20 10:46:21,173 [main] WARN  util.ReferenceCountedLeakDetector (ReferenceCountedLeakDetector.java:logLeakMessage(167)) - LEAK: (class org.apache.ratis.proto.RaftProtos$AppendEntriesRequestProto, count=3, value=serverRequest {
  requestorId: "s1"
  replyId: "s2"
  raftGroupId {
    id: "\375\210\024\357\262\375HY\244\207Ci\024Gb\025"
  }
  callId: 1
}
leaderTerm: 11
previousLog {
  term: 10
  index: 18
}
entries {
  term: 11
  index: 19
  configurationEntry {
    peers {
      id: "s0"
      address: "localhost:15252"
      dataStreamAddress: "localhost:15255"
      clientAddress: "localhost:15254"
      adminAddress: "localhost:15253"
      startupRole: FOLLOWER
    }
    peers {
      id: "s1"
      address: "localhost:15256"
      dataStreamAddress: "localhost:15259"
      clientAddress: "localhost:15258"
      adminAddress: "localhost:15257"
      startupRole: FOLLOWER
    }
    peers {
      id: "s2"
      address: "localhost:15260"
      dataStreamAddress: "localhost:15263"
      clientAddress: "localhost:15262"
      adminAddress: "localhost:15261"
      startupRole: FOLLOWER
    }
  }
}
leaderCommit: 17
commitInfos {
  server {
    id: "s1"
    address: "localhost:15256"
    dataStreamAddress: "localhost:15259"
    clientAddress: "localhost:15258"
    adminAddress: "localhost:15257"
    startupRole: FOLLOWER
  }
  commitIndex: 17
}
commitInfos {
  server {
    id: "s0"
    address: "localhost:15252"
    dataStreamAddress: "localhost:15255"
    clientAddress: "localhost:15254"
    adminAddress: "localhost:15253"
    startupRole: FOLLOWER
  }
  commitIndex: 17
}
commitInfos {
  server {
    id: "s2"
    address: "localhost:15260"
    dataStreamAddress: "localhost:15263"
    clientAddress: "localhost:15262"
    adminAddress: "localhost:15261"
    startupRole: FOLLOWER
  }
  commitIndex: 16
}
)
2024-10-20 10:46:21,173 [main] WARN  util.ReferenceCountedLeakDetector (ReferenceCountedLeakDetector.java:logLeakMessage(167)) - LEAK: (class org.apache.ratis.proto.RaftProtos$AppendEntriesRequestProto, count=3, value=serverRequest {
  requestorId: "s0"
  replyId: "s2"
  raftGroupId {
    id: "\375\210\024\357\262\375HY\244\207Ci\024Gb\025"
  }
  callId: 1
}
leaderTerm: 10
previousLog {
  term: 9
  index: 16
}
entries {
  term: 10
  index: 17
  configurationEntry {
    peers {
      id: "s0"
      address: "localhost:15252"
      dataStreamAddress: "localhost:15255"
      clientAddress: "localhost:15254"
      adminAddress: "localhost:15253"
      startupRole: FOLLOWER
    }
    peers {
      id: "s1"
      address: "localhost:15256"
      dataStreamAddress: "localhost:15259"
      clientAddress: "localhost:15258"
      adminAddress: "localhost:15257"
      startupRole: FOLLOWER
    }
    peers {
      id: "s2"
      address: "localhost:15260"
      dataStreamAddress: "localhost:15263"
      clientAddress: "localhost:15262"
      adminAddress: "localhost:15261"
      startupRole: FOLLOWER
    }
  }
}
leaderCommit: 16
commitInfos {
  server {
    id: "s0"
    address: "localhost:15252"
    dataStreamAddress: "localhost:15255"
    clientAddress: "localhost:15254"
    adminAddress: "localhost:15253"
    startupRole: FOLLOWER
  }
  commitIndex: 16
}
commitInfos {
  server {
    id: "s1"
    address: "localhost:15256"
    dataStreamAddress: "localhost:15259"
    clientAddress: "localhost:15258"
    adminAddress: "localhost:15257"
    startupRole: FOLLOWER
  }
  commitIndex: 16
}
commitInfos {
  server {
    id: "s2"
    address: "localhost:15260"
    dataStreamAddress: "localhost:15263"
    clientAddress: "localhost:15262"
    adminAddress: "localhost:15261"
    startupRole: FOLLOWER
  }
  commitIndex: 16
}
)
2024-10-20 10:46:21,173 [main] WARN  util.ReferenceCountedLeakDetector (ReferenceCountedLeakDetector.java:logLeakMessage(167)) - LEAK: (class org.apache.ratis.proto.RaftProtos$AppendEntriesRequestProto, count=2, value=serverRequest {
  requestorId: "s1"
  replyId: "s2"
  raftGroupId {
    id: "\375\210\024\357\262\375HY\244\207Ci\024Gb\025"
  }
  callId: 8
}
leaderTerm: 9
previousLog {
  term: 9
  index: 16
}
leaderCommit: 16
commitInfos {
  server {
    id: "s1"
    address: "localhost:15256"
    dataStreamAddress: "localhost:15259"
    clientAddress: "localhost:15258"
    adminAddress: "localhost:15257"
    startupRole: FOLLOWER
  }
  commitIndex: 16
}
commitInfos {
  server {
    id: "s0"
    address: "localhost:15252"
    dataStreamAddress: "localhost:15255"
    clientAddress: "localhost:15254"
    adminAddress: "localhost:15253"
    startupRole: FOLLOWER
  }
  commitIndex: 16
}
commitInfos {
  server {
    id: "s2"
    address: "localhost:15260"
    dataStreamAddress: "localhost:15263"
    clientAddress: "localhost:15262"
    adminAddress: "localhost:15261"
    startupRole: FOLLOWER
  }
  commitIndex: 16
}
)
2024-10-20 10:46:21,173 [main] WARN  util.ReferenceCountedLeakDetector (ReferenceCountedLeakDetector.java:logLeakMessage(167)) - LEAK: (class org.apache.ratis.proto.RaftProtos$AppendEntriesRequestProto, count=2, value=serverRequest {
  requestorId: "s1"
  replyId: "s2"
  raftGroupId {
    id: "\375\210\024\357\262\375HY\244\207Ci\024Gb\025"
  }
}
leaderTerm: 11
previousLog {
  term: 10
  index: 18
}
leaderCommit: 17
commitInfos {
  server {
    id: "s1"
    address: "localhost:15256"
    dataStreamAddress: "localhost:15259"
    clientAddress: "localhost:15258"
    adminAddress: "localhost:15257"
    startupRole: FOLLOWER
  }
  commitIndex: 17
}
commitInfos {
  server {
    id: "s0"
    address: "localhost:15252"
    dataStreamAddress: "localhost:15255"
    clientAddress: "localhost:15254"
    adminAddress: "localhost:15253"
    startupRole: FOLLOWER
  }
  commitIndex: 17
}
commitInfos {
  server {
    id: "s2"
    address: "localhost:15260"
    dataStreamAddress: "localhost:15263"
    clientAddress: "localhost:15262"
    adminAddress: "localhost:15261"
    startupRole: FOLLOWER
  }
  commitIndex: 16
}
)
2024-10-20 10:46:21,173 [main] WARN  util.LeakDetector (LeakDetector.java:assertNoLeaks(171)) - 21/30) numLeaks == 5 > 0, will wait and retry ...
2024-10-20 10:46:22,173 [main] WARN  util.ReferenceCountedLeakDetector (ReferenceCountedLeakDetector.java:logLeakMessage(167)) - LEAK: (class org.apache.ratis.proto.RaftProtos$AppendEntriesRequestProto, count=2, value=serverRequest {
  requestorId: "s0"
  replyId: "s2"
  raftGroupId {
    id: "\375\210\024\357\262\375HY\244\207Ci\024Gb\025"
  }
}
leaderTerm: 10
previousLog {
  term: 9
  index: 16
}
leaderCommit: 16
commitInfos {
  server {
    id: "s0"
    address: "localhost:15252"
    dataStreamAddress: "localhost:15255"
    clientAddress: "localhost:15254"
    adminAddress: "localhost:15253"
    startupRole: FOLLOWER
  }
  commitIndex: 16
}
commitInfos {
  server {
    id: "s1"
    address: "localhost:15256"
    dataStreamAddress: "localhost:15259"
    clientAddress: "localhost:15258"
    adminAddress: "localhost:15257"
    startupRole: FOLLOWER
  }
  commitIndex: 16
}
commitInfos {
  server {
    id: "s2"
    address: "localhost:15260"
    dataStreamAddress: "localhost:15263"
    clientAddress: "localhost:15262"
    adminAddress: "localhost:15261"
    startupRole: FOLLOWER
  }
  commitIndex: 16
}
)
2024-10-20 10:46:22,174 [main] WARN  util.ReferenceCountedLeakDetector (ReferenceCountedLeakDetector.java:logLeakMessage(167)) - LEAK: (class org.apache.ratis.proto.RaftProtos$AppendEntriesRequestProto, count=3, value=serverRequest {
  requestorId: "s1"
  replyId: "s2"
  raftGroupId {
    id: "\375\210\024\357\262\375HY\244\207Ci\024Gb\025"
  }
  callId: 1
}
leaderTerm: 11
previousLog {
  term: 10
  index: 18
}
entries {
  term: 11
  index: 19
  configurationEntry {
    peers {
      id: "s0"
      address: "localhost:15252"
      dataStreamAddress: "localhost:15255"
      clientAddress: "localhost:15254"
      adminAddress: "localhost:15253"
      startupRole: FOLLOWER
    }
    peers {
      id: "s1"
      address: "localhost:15256"
      dataStreamAddress: "localhost:15259"
      clientAddress: "localhost:15258"
      adminAddress: "localhost:15257"
      startupRole: FOLLOWER
    }
    peers {
      id: "s2"
      address: "localhost:15260"
      dataStreamAddress: "localhost:15263"
      clientAddress: "localhost:15262"
      adminAddress: "localhost:15261"
      startupRole: FOLLOWER
    }
  }
}
leaderCommit: 17
commitInfos {
  server {
    id: "s1"
    address: "localhost:15256"
    dataStreamAddress: "localhost:15259"
    clientAddress: "localhost:15258"
    adminAddress: "localhost:15257"
    startupRole: FOLLOWER
  }
  commitIndex: 17
}
commitInfos {
  server {
    id: "s0"
    address: "localhost:15252"
    dataStreamAddress: "localhost:15255"
    clientAddress: "localhost:15254"
    adminAddress: "localhost:15253"
    startupRole: FOLLOWER
  }
  commitIndex: 17
}
commitInfos {
  server {
    id: "s2"
    address: "localhost:15260"
    dataStreamAddress: "localhost:15263"
    clientAddress: "localhost:15262"
    adminAddress: "localhost:15261"
    startupRole: FOLLOWER
  }
  commitIndex: 16
}
)
2024-10-20 10:46:22,174 [main] WARN  util.ReferenceCountedLeakDetector (ReferenceCountedLeakDetector.java:logLeakMessage(167)) - LEAK: (class org.apache.ratis.proto.RaftProtos$AppendEntriesRequestProto, count=3, value=serverRequest {
  requestorId: "s0"
  replyId: "s2"
  raftGroupId {
    id: "\375\210\024\357\262\375HY\244\207Ci\024Gb\025"
  }
  callId: 1
}
leaderTerm: 10
previousLog {
  term: 9
  index: 16
}
entries {
  term: 10
  index: 17
  configurationEntry {
    peers {
      id: "s0"
      address: "localhost:15252"
      dataStreamAddress: "localhost:15255"
      clientAddress: "localhost:15254"
      adminAddress: "localhost:15253"
      startupRole: FOLLOWER
    }
    peers {
      id: "s1"
      address: "localhost:15256"
      dataStreamAddress: "localhost:15259"
      clientAddress: "localhost:15258"
      adminAddress: "localhost:15257"
      startupRole: FOLLOWER
    }
    peers {
      id: "s2"
      address: "localhost:15260"
      dataStreamAddress: "localhost:15263"
      clientAddress: "localhost:15262"
      adminAddress: "localhost:15261"
      startupRole: FOLLOWER
    }
  }
}
leaderCommit: 16
commitInfos {
  server {
    id: "s0"
    address: "localhost:15252"
    dataStreamAddress: "localhost:15255"
    clientAddress: "localhost:15254"
    adminAddress: "localhost:15253"
    startupRole: FOLLOWER
  }
  commitIndex: 16
}
commitInfos {
  server {
    id: "s1"
    address: "localhost:15256"
    dataStreamAddress: "localhost:15259"
    clientAddress: "localhost:15258"
    adminAddress: "localhost:15257"
    startupRole: FOLLOWER
  }
  commitIndex: 16
}
commitInfos {
  server {
    id: "s2"
    address: "localhost:15260"
    dataStreamAddress: "localhost:15263"
    clientAddress: "localhost:15262"
    adminAddress: "localhost:15261"
    startupRole: FOLLOWER
  }
  commitIndex: 16
}
)
2024-10-20 10:46:22,174 [main] WARN  util.ReferenceCountedLeakDetector (ReferenceCountedLeakDetector.java:logLeakMessage(167)) - LEAK: (class org.apache.ratis.proto.RaftProtos$AppendEntriesRequestProto, count=2, value=serverRequest {
  requestorId: "s1"
  replyId: "s2"
  raftGroupId {
    id: "\375\210\024\357\262\375HY\244\207Ci\024Gb\025"
  }
  callId: 8
}
leaderTerm: 9
previousLog {
  term: 9
  index: 16
}
leaderCommit: 16
commitInfos {
  server {
    id: "s1"
    address: "localhost:15256"
    dataStreamAddress: "localhost:15259"
    clientAddress: "localhost:15258"
    adminAddress: "localhost:15257"
    startupRole: FOLLOWER
  }
  commitIndex: 16
}
commitInfos {
  server {
    id: "s0"
    address: "localhost:15252"
    dataStreamAddress: "localhost:15255"
    clientAddress: "localhost:15254"
    adminAddress: "localhost:15253"
    startupRole: FOLLOWER
  }
  commitIndex: 16
}
commitInfos {
  server {
    id: "s2"
    address: "localhost:15260"
    dataStreamAddress: "localhost:15263"
    clientAddress: "localhost:15262"
    adminAddress: "localhost:15261"
    startupRole: FOLLOWER
  }
  commitIndex: 16
}
)
2024-10-20 10:46:22,174 [main] WARN  util.ReferenceCountedLeakDetector (ReferenceCountedLeakDetector.java:logLeakMessage(167)) - LEAK: (class org.apache.ratis.proto.RaftProtos$AppendEntriesRequestProto, count=2, value=serverRequest {
  requestorId: "s1"
  replyId: "s2"
  raftGroupId {
    id: "\375\210\024\357\262\375HY\244\207Ci\024Gb\025"
  }
}
leaderTerm: 11
previousLog {
  term: 10
  index: 18
}
leaderCommit: 17
commitInfos {
  server {
    id: "s1"
    address: "localhost:15256"
    dataStreamAddress: "localhost:15259"
    clientAddress: "localhost:15258"
    adminAddress: "localhost:15257"
    startupRole: FOLLOWER
  }
  commitIndex: 17
}
commitInfos {
  server {
    id: "s0"
    address: "localhost:15252"
    dataStreamAddress: "localhost:15255"
    clientAddress: "localhost:15254"
    adminAddress: "localhost:15253"
    startupRole: FOLLOWER
  }
  commitIndex: 17
}
commitInfos {
  server {
    id: "s2"
    address: "localhost:15260"
    dataStreamAddress: "localhost:15263"
    clientAddress: "localhost:15262"
    adminAddress: "localhost:15261"
    startupRole: FOLLOWER
  }
  commitIndex: 16
}
)
2024-10-20 10:46:22,174 [main] WARN  util.LeakDetector (LeakDetector.java:assertNoLeaks(171)) - 22/30) numLeaks == 5 > 0, will wait and retry ...
2024-10-20 10:46:23,175 [main] WARN  util.ReferenceCountedLeakDetector (ReferenceCountedLeakDetector.java:logLeakMessage(167)) - LEAK: (class org.apache.ratis.proto.RaftProtos$AppendEntriesRequestProto, count=2, value=serverRequest {
  requestorId: "s0"
  replyId: "s2"
  raftGroupId {
    id: "\375\210\024\357\262\375HY\244\207Ci\024Gb\025"
  }
}
leaderTerm: 10
previousLog {
  term: 9
  index: 16
}
leaderCommit: 16
commitInfos {
  server {
    id: "s0"
    address: "localhost:15252"
    dataStreamAddress: "localhost:15255"
    clientAddress: "localhost:15254"
    adminAddress: "localhost:15253"
    startupRole: FOLLOWER
  }
  commitIndex: 16
}
commitInfos {
  server {
    id: "s1"
    address: "localhost:15256"
    dataStreamAddress: "localhost:15259"
    clientAddress: "localhost:15258"
    adminAddress: "localhost:15257"
    startupRole: FOLLOWER
  }
  commitIndex: 16
}
commitInfos {
  server {
    id: "s2"
    address: "localhost:15260"
    dataStreamAddress: "localhost:15263"
    clientAddress: "localhost:15262"
    adminAddress: "localhost:15261"
    startupRole: FOLLOWER
  }
  commitIndex: 16
}
)
2024-10-20 10:46:23,175 [main] WARN  util.ReferenceCountedLeakDetector (ReferenceCountedLeakDetector.java:logLeakMessage(167)) - LEAK: (class org.apache.ratis.proto.RaftProtos$AppendEntriesRequestProto, count=3, value=serverRequest {
  requestorId: "s1"
  replyId: "s2"
  raftGroupId {
    id: "\375\210\024\357\262\375HY\244\207Ci\024Gb\025"
  }
  callId: 1
}
leaderTerm: 11
previousLog {
  term: 10
  index: 18
}
entries {
  term: 11
  index: 19
  configurationEntry {
    peers {
      id: "s0"
      address: "localhost:15252"
      dataStreamAddress: "localhost:15255"
      clientAddress: "localhost:15254"
      adminAddress: "localhost:15253"
      startupRole: FOLLOWER
    }
    peers {
      id: "s1"
      address: "localhost:15256"
      dataStreamAddress: "localhost:15259"
      clientAddress: "localhost:15258"
      adminAddress: "localhost:15257"
      startupRole: FOLLOWER
    }
    peers {
      id: "s2"
      address: "localhost:15260"
      dataStreamAddress: "localhost:15263"
      clientAddress: "localhost:15262"
      adminAddress: "localhost:15261"
      startupRole: FOLLOWER
    }
  }
}
leaderCommit: 17
commitInfos {
  server {
    id: "s1"
    address: "localhost:15256"
    dataStreamAddress: "localhost:15259"
    clientAddress: "localhost:15258"
    adminAddress: "localhost:15257"
    startupRole: FOLLOWER
  }
  commitIndex: 17
}
commitInfos {
  server {
    id: "s0"
    address: "localhost:15252"
    dataStreamAddress: "localhost:15255"
    clientAddress: "localhost:15254"
    adminAddress: "localhost:15253"
    startupRole: FOLLOWER
  }
  commitIndex: 17
}
commitInfos {
  server {
    id: "s2"
    address: "localhost:15260"
    dataStreamAddress: "localhost:15263"
    clientAddress: "localhost:15262"
    adminAddress: "localhost:15261"
    startupRole: FOLLOWER
  }
  commitIndex: 16
}
)
2024-10-20 10:46:23,175 [main] WARN  util.ReferenceCountedLeakDetector (ReferenceCountedLeakDetector.java:logLeakMessage(167)) - LEAK: (class org.apache.ratis.proto.RaftProtos$AppendEntriesRequestProto, count=3, value=serverRequest {
  requestorId: "s0"
  replyId: "s2"
  raftGroupId {
    id: "\375\210\024\357\262\375HY\244\207Ci\024Gb\025"
  }
  callId: 1
}
leaderTerm: 10
previousLog {
  term: 9
  index: 16
}
entries {
  term: 10
  index: 17
  configurationEntry {
    peers {
      id: "s0"
      address: "localhost:15252"
      dataStreamAddress: "localhost:15255"
      clientAddress: "localhost:15254"
      adminAddress: "localhost:15253"
      startupRole: FOLLOWER
    }
    peers {
      id: "s1"
      address: "localhost:15256"
      dataStreamAddress: "localhost:15259"
      clientAddress: "localhost:15258"
      adminAddress: "localhost:15257"
      startupRole: FOLLOWER
    }
    peers {
      id: "s2"
      address: "localhost:15260"
      dataStreamAddress: "localhost:15263"
      clientAddress: "localhost:15262"
      adminAddress: "localhost:15261"
      startupRole: FOLLOWER
    }
  }
}
leaderCommit: 16
commitInfos {
  server {
    id: "s0"
    address: "localhost:15252"
    dataStreamAddress: "localhost:15255"
    clientAddress: "localhost:15254"
    adminAddress: "localhost:15253"
    startupRole: FOLLOWER
  }
  commitIndex: 16
}
commitInfos {
  server {
    id: "s1"
    address: "localhost:15256"
    dataStreamAddress: "localhost:15259"
    clientAddress: "localhost:15258"
    adminAddress: "localhost:15257"
    startupRole: FOLLOWER
  }
  commitIndex: 16
}
commitInfos {
  server {
    id: "s2"
    address: "localhost:15260"
    dataStreamAddress: "localhost:15263"
    clientAddress: "localhost:15262"
    adminAddress: "localhost:15261"
    startupRole: FOLLOWER
  }
  commitIndex: 16
}
)
2024-10-20 10:46:23,175 [main] WARN  util.ReferenceCountedLeakDetector (ReferenceCountedLeakDetector.java:logLeakMessage(167)) - LEAK: (class org.apache.ratis.proto.RaftProtos$AppendEntriesRequestProto, count=2, value=serverRequest {
  requestorId: "s1"
  replyId: "s2"
  raftGroupId {
    id: "\375\210\024\357\262\375HY\244\207Ci\024Gb\025"
  }
  callId: 8
}
leaderTerm: 9
previousLog {
  term: 9
  index: 16
}
leaderCommit: 16
commitInfos {
  server {
    id: "s1"
    address: "localhost:15256"
    dataStreamAddress: "localhost:15259"
    clientAddress: "localhost:15258"
    adminAddress: "localhost:15257"
    startupRole: FOLLOWER
  }
  commitIndex: 16
}
commitInfos {
  server {
    id: "s0"
    address: "localhost:15252"
    dataStreamAddress: "localhost:15255"
    clientAddress: "localhost:15254"
    adminAddress: "localhost:15253"
    startupRole: FOLLOWER
  }
  commitIndex: 16
}
commitInfos {
  server {
    id: "s2"
    address: "localhost:15260"
    dataStreamAddress: "localhost:15263"
    clientAddress: "localhost:15262"
    adminAddress: "localhost:15261"
    startupRole: FOLLOWER
  }
  commitIndex: 16
}
)
2024-10-20 10:46:23,175 [main] WARN  util.ReferenceCountedLeakDetector (ReferenceCountedLeakDetector.java:logLeakMessage(167)) - LEAK: (class org.apache.ratis.proto.RaftProtos$AppendEntriesRequestProto, count=2, value=serverRequest {
  requestorId: "s1"
  replyId: "s2"
  raftGroupId {
    id: "\375\210\024\357\262\375HY\244\207Ci\024Gb\025"
  }
}
leaderTerm: 11
previousLog {
  term: 10
  index: 18
}
leaderCommit: 17
commitInfos {
  server {
    id: "s1"
    address: "localhost:15256"
    dataStreamAddress: "localhost:15259"
    clientAddress: "localhost:15258"
    adminAddress: "localhost:15257"
    startupRole: FOLLOWER
  }
  commitIndex: 17
}
commitInfos {
  server {
    id: "s0"
    address: "localhost:15252"
    dataStreamAddress: "localhost:15255"
    clientAddress: "localhost:15254"
    adminAddress: "localhost:15253"
    startupRole: FOLLOWER
  }
  commitIndex: 17
}
commitInfos {
  server {
    id: "s2"
    address: "localhost:15260"
    dataStreamAddress: "localhost:15263"
    clientAddress: "localhost:15262"
    adminAddress: "localhost:15261"
    startupRole: FOLLOWER
  }
  commitIndex: 16
}
)
2024-10-20 10:46:23,175 [main] WARN  util.LeakDetector (LeakDetector.java:assertNoLeaks(171)) - 23/30) numLeaks == 5 > 0, will wait and retry ...
2024-10-20 10:46:24,176 [main] WARN  util.ReferenceCountedLeakDetector (ReferenceCountedLeakDetector.java:logLeakMessage(167)) - LEAK: (class org.apache.ratis.proto.RaftProtos$AppendEntriesRequestProto, count=2, value=serverRequest {
  requestorId: "s0"
  replyId: "s2"
  raftGroupId {
    id: "\375\210\024\357\262\375HY\244\207Ci\024Gb\025"
  }
}
leaderTerm: 10
previousLog {
  term: 9
  index: 16
}
leaderCommit: 16
commitInfos {
  server {
    id: "s0"
    address: "localhost:15252"
    dataStreamAddress: "localhost:15255"
    clientAddress: "localhost:15254"
    adminAddress: "localhost:15253"
    startupRole: FOLLOWER
  }
  commitIndex: 16
}
commitInfos {
  server {
    id: "s1"
    address: "localhost:15256"
    dataStreamAddress: "localhost:15259"
    clientAddress: "localhost:15258"
    adminAddress: "localhost:15257"
    startupRole: FOLLOWER
  }
  commitIndex: 16
}
commitInfos {
  server {
    id: "s2"
    address: "localhost:15260"
    dataStreamAddress: "localhost:15263"
    clientAddress: "localhost:15262"
    adminAddress: "localhost:15261"
    startupRole: FOLLOWER
  }
  commitIndex: 16
}
)
2024-10-20 10:46:24,176 [main] WARN  util.ReferenceCountedLeakDetector (ReferenceCountedLeakDetector.java:logLeakMessage(167)) - LEAK: (class org.apache.ratis.proto.RaftProtos$AppendEntriesRequestProto, count=3, value=serverRequest {
  requestorId: "s1"
  replyId: "s2"
  raftGroupId {
    id: "\375\210\024\357\262\375HY\244\207Ci\024Gb\025"
  }
  callId: 1
}
leaderTerm: 11
previousLog {
  term: 10
  index: 18
}
entries {
  term: 11
  index: 19
  configurationEntry {
    peers {
      id: "s0"
      address: "localhost:15252"
      dataStreamAddress: "localhost:15255"
      clientAddress: "localhost:15254"
      adminAddress: "localhost:15253"
      startupRole: FOLLOWER
    }
    peers {
      id: "s1"
      address: "localhost:15256"
      dataStreamAddress: "localhost:15259"
      clientAddress: "localhost:15258"
      adminAddress: "localhost:15257"
      startupRole: FOLLOWER
    }
    peers {
      id: "s2"
      address: "localhost:15260"
      dataStreamAddress: "localhost:15263"
      clientAddress: "localhost:15262"
      adminAddress: "localhost:15261"
      startupRole: FOLLOWER
    }
  }
}
leaderCommit: 17
commitInfos {
  server {
    id: "s1"
    address: "localhost:15256"
    dataStreamAddress: "localhost:15259"
    clientAddress: "localhost:15258"
    adminAddress: "localhost:15257"
    startupRole: FOLLOWER
  }
  commitIndex: 17
}
commitInfos {
  server {
    id: "s0"
    address: "localhost:15252"
    dataStreamAddress: "localhost:15255"
    clientAddress: "localhost:15254"
    adminAddress: "localhost:15253"
    startupRole: FOLLOWER
  }
  commitIndex: 17
}
commitInfos {
  server {
    id: "s2"
    address: "localhost:15260"
    dataStreamAddress: "localhost:15263"
    clientAddress: "localhost:15262"
    adminAddress: "localhost:15261"
    startupRole: FOLLOWER
  }
  commitIndex: 16
}
)
2024-10-20 10:46:24,176 [main] WARN  util.ReferenceCountedLeakDetector (ReferenceCountedLeakDetector.java:logLeakMessage(167)) - LEAK: (class org.apache.ratis.proto.RaftProtos$AppendEntriesRequestProto, count=3, value=serverRequest {
  requestorId: "s0"
  replyId: "s2"
  raftGroupId {
    id: "\375\210\024\357\262\375HY\244\207Ci\024Gb\025"
  }
  callId: 1
}
leaderTerm: 10
previousLog {
  term: 9
  index: 16
}
entries {
  term: 10
  index: 17
  configurationEntry {
    peers {
      id: "s0"
      address: "localhost:15252"
      dataStreamAddress: "localhost:15255"
      clientAddress: "localhost:15254"
      adminAddress: "localhost:15253"
      startupRole: FOLLOWER
    }
    peers {
      id: "s1"
      address: "localhost:15256"
      dataStreamAddress: "localhost:15259"
      clientAddress: "localhost:15258"
      adminAddress: "localhost:15257"
      startupRole: FOLLOWER
    }
    peers {
      id: "s2"
      address: "localhost:15260"
      dataStreamAddress: "localhost:15263"
      clientAddress: "localhost:15262"
      adminAddress: "localhost:15261"
      startupRole: FOLLOWER
    }
  }
}
leaderCommit: 16
commitInfos {
  server {
    id: "s0"
    address: "localhost:15252"
    dataStreamAddress: "localhost:15255"
    clientAddress: "localhost:15254"
    adminAddress: "localhost:15253"
    startupRole: FOLLOWER
  }
  commitIndex: 16
}
commitInfos {
  server {
    id: "s1"
    address: "localhost:15256"
    dataStreamAddress: "localhost:15259"
    clientAddress: "localhost:15258"
    adminAddress: "localhost:15257"
    startupRole: FOLLOWER
  }
  commitIndex: 16
}
commitInfos {
  server {
    id: "s2"
    address: "localhost:15260"
    dataStreamAddress: "localhost:15263"
    clientAddress: "localhost:15262"
    adminAddress: "localhost:15261"
    startupRole: FOLLOWER
  }
  commitIndex: 16
}
)
2024-10-20 10:46:24,176 [main] WARN  util.ReferenceCountedLeakDetector (ReferenceCountedLeakDetector.java:logLeakMessage(167)) - LEAK: (class org.apache.ratis.proto.RaftProtos$AppendEntriesRequestProto, count=2, value=serverRequest {
  requestorId: "s1"
  replyId: "s2"
  raftGroupId {
    id: "\375\210\024\357\262\375HY\244\207Ci\024Gb\025"
  }
  callId: 8
}
leaderTerm: 9
previousLog {
  term: 9
  index: 16
}
leaderCommit: 16
commitInfos {
  server {
    id: "s1"
    address: "localhost:15256"
    dataStreamAddress: "localhost:15259"
    clientAddress: "localhost:15258"
    adminAddress: "localhost:15257"
    startupRole: FOLLOWER
  }
  commitIndex: 16
}
commitInfos {
  server {
    id: "s0"
    address: "localhost:15252"
    dataStreamAddress: "localhost:15255"
    clientAddress: "localhost:15254"
    adminAddress: "localhost:15253"
    startupRole: FOLLOWER
  }
  commitIndex: 16
}
commitInfos {
  server {
    id: "s2"
    address: "localhost:15260"
    dataStreamAddress: "localhost:15263"
    clientAddress: "localhost:15262"
    adminAddress: "localhost:15261"
    startupRole: FOLLOWER
  }
  commitIndex: 16
}
)
2024-10-20 10:46:24,176 [main] WARN  util.ReferenceCountedLeakDetector (ReferenceCountedLeakDetector.java:logLeakMessage(167)) - LEAK: (class org.apache.ratis.proto.RaftProtos$AppendEntriesRequestProto, count=2, value=serverRequest {
  requestorId: "s1"
  replyId: "s2"
  raftGroupId {
    id: "\375\210\024\357\262\375HY\244\207Ci\024Gb\025"
  }
}
leaderTerm: 11
previousLog {
  term: 10
  index: 18
}
leaderCommit: 17
commitInfos {
  server {
    id: "s1"
    address: "localhost:15256"
    dataStreamAddress: "localhost:15259"
    clientAddress: "localhost:15258"
    adminAddress: "localhost:15257"
    startupRole: FOLLOWER
  }
  commitIndex: 17
}
commitInfos {
  server {
    id: "s0"
    address: "localhost:15252"
    dataStreamAddress: "localhost:15255"
    clientAddress: "localhost:15254"
    adminAddress: "localhost:15253"
    startupRole: FOLLOWER
  }
  commitIndex: 17
}
commitInfos {
  server {
    id: "s2"
    address: "localhost:15260"
    dataStreamAddress: "localhost:15263"
    clientAddress: "localhost:15262"
    adminAddress: "localhost:15261"
    startupRole: FOLLOWER
  }
  commitIndex: 16
}
)
2024-10-20 10:46:24,177 [main] WARN  util.LeakDetector (LeakDetector.java:assertNoLeaks(171)) - 24/30) numLeaks == 5 > 0, will wait and retry ...
2024-10-20 10:46:25,177 [main] WARN  util.ReferenceCountedLeakDetector (ReferenceCountedLeakDetector.java:logLeakMessage(167)) - LEAK: (class org.apache.ratis.proto.RaftProtos$AppendEntriesRequestProto, count=2, value=serverRequest {
  requestorId: "s0"
  replyId: "s2"
  raftGroupId {
    id: "\375\210\024\357\262\375HY\244\207Ci\024Gb\025"
  }
}
leaderTerm: 10
previousLog {
  term: 9
  index: 16
}
leaderCommit: 16
commitInfos {
  server {
    id: "s0"
    address: "localhost:15252"
    dataStreamAddress: "localhost:15255"
    clientAddress: "localhost:15254"
    adminAddress: "localhost:15253"
    startupRole: FOLLOWER
  }
  commitIndex: 16
}
commitInfos {
  server {
    id: "s1"
    address: "localhost:15256"
    dataStreamAddress: "localhost:15259"
    clientAddress: "localhost:15258"
    adminAddress: "localhost:15257"
    startupRole: FOLLOWER
  }
  commitIndex: 16
}
commitInfos {
  server {
    id: "s2"
    address: "localhost:15260"
    dataStreamAddress: "localhost:15263"
    clientAddress: "localhost:15262"
    adminAddress: "localhost:15261"
    startupRole: FOLLOWER
  }
  commitIndex: 16
}
)
2024-10-20 10:46:25,177 [main] WARN  util.ReferenceCountedLeakDetector (ReferenceCountedLeakDetector.java:logLeakMessage(167)) - LEAK: (class org.apache.ratis.proto.RaftProtos$AppendEntriesRequestProto, count=3, value=serverRequest {
  requestorId: "s1"
  replyId: "s2"
  raftGroupId {
    id: "\375\210\024\357\262\375HY\244\207Ci\024Gb\025"
  }
  callId: 1
}
leaderTerm: 11
previousLog {
  term: 10
  index: 18
}
entries {
  term: 11
  index: 19
  configurationEntry {
    peers {
      id: "s0"
      address: "localhost:15252"
      dataStreamAddress: "localhost:15255"
      clientAddress: "localhost:15254"
      adminAddress: "localhost:15253"
      startupRole: FOLLOWER
    }
    peers {
      id: "s1"
      address: "localhost:15256"
      dataStreamAddress: "localhost:15259"
      clientAddress: "localhost:15258"
      adminAddress: "localhost:15257"
      startupRole: FOLLOWER
    }
    peers {
      id: "s2"
      address: "localhost:15260"
      dataStreamAddress: "localhost:15263"
      clientAddress: "localhost:15262"
      adminAddress: "localhost:15261"
      startupRole: FOLLOWER
    }
  }
}
leaderCommit: 17
commitInfos {
  server {
    id: "s1"
    address: "localhost:15256"
    dataStreamAddress: "localhost:15259"
    clientAddress: "localhost:15258"
    adminAddress: "localhost:15257"
    startupRole: FOLLOWER
  }
  commitIndex: 17
}
commitInfos {
  server {
    id: "s0"
    address: "localhost:15252"
    dataStreamAddress: "localhost:15255"
    clientAddress: "localhost:15254"
    adminAddress: "localhost:15253"
    startupRole: FOLLOWER
  }
  commitIndex: 17
}
commitInfos {
  server {
    id: "s2"
    address: "localhost:15260"
    dataStreamAddress: "localhost:15263"
    clientAddress: "localhost:15262"
    adminAddress: "localhost:15261"
    startupRole: FOLLOWER
  }
  commitIndex: 16
}
)
2024-10-20 10:46:25,177 [main] WARN  util.ReferenceCountedLeakDetector (ReferenceCountedLeakDetector.java:logLeakMessage(167)) - LEAK: (class org.apache.ratis.proto.RaftProtos$AppendEntriesRequestProto, count=3, value=serverRequest {
  requestorId: "s0"
  replyId: "s2"
  raftGroupId {
    id: "\375\210\024\357\262\375HY\244\207Ci\024Gb\025"
  }
  callId: 1
}
leaderTerm: 10
previousLog {
  term: 9
  index: 16
}
entries {
  term: 10
  index: 17
  configurationEntry {
    peers {
      id: "s0"
      address: "localhost:15252"
      dataStreamAddress: "localhost:15255"
      clientAddress: "localhost:15254"
      adminAddress: "localhost:15253"
      startupRole: FOLLOWER
    }
    peers {
      id: "s1"
      address: "localhost:15256"
      dataStreamAddress: "localhost:15259"
      clientAddress: "localhost:15258"
      adminAddress: "localhost:15257"
      startupRole: FOLLOWER
    }
    peers {
      id: "s2"
      address: "localhost:15260"
      dataStreamAddress: "localhost:15263"
      clientAddress: "localhost:15262"
      adminAddress: "localhost:15261"
      startupRole: FOLLOWER
    }
  }
}
leaderCommit: 16
commitInfos {
  server {
    id: "s0"
    address: "localhost:15252"
    dataStreamAddress: "localhost:15255"
    clientAddress: "localhost:15254"
    adminAddress: "localhost:15253"
    startupRole: FOLLOWER
  }
  commitIndex: 16
}
commitInfos {
  server {
    id: "s1"
    address: "localhost:15256"
    dataStreamAddress: "localhost:15259"
    clientAddress: "localhost:15258"
    adminAddress: "localhost:15257"
    startupRole: FOLLOWER
  }
  commitIndex: 16
}
commitInfos {
  server {
    id: "s2"
    address: "localhost:15260"
    dataStreamAddress: "localhost:15263"
    clientAddress: "localhost:15262"
    adminAddress: "localhost:15261"
    startupRole: FOLLOWER
  }
  commitIndex: 16
}
)
2024-10-20 10:46:25,177 [main] WARN  util.ReferenceCountedLeakDetector (ReferenceCountedLeakDetector.java:logLeakMessage(167)) - LEAK: (class org.apache.ratis.proto.RaftProtos$AppendEntriesRequestProto, count=2, value=serverRequest {
  requestorId: "s1"
  replyId: "s2"
  raftGroupId {
    id: "\375\210\024\357\262\375HY\244\207Ci\024Gb\025"
  }
  callId: 8
}
leaderTerm: 9
previousLog {
  term: 9
  index: 16
}
leaderCommit: 16
commitInfos {
  server {
    id: "s1"
    address: "localhost:15256"
    dataStreamAddress: "localhost:15259"
    clientAddress: "localhost:15258"
    adminAddress: "localhost:15257"
    startupRole: FOLLOWER
  }
  commitIndex: 16
}
commitInfos {
  server {
    id: "s0"
    address: "localhost:15252"
    dataStreamAddress: "localhost:15255"
    clientAddress: "localhost:15254"
    adminAddress: "localhost:15253"
    startupRole: FOLLOWER
  }
  commitIndex: 16
}
commitInfos {
  server {
    id: "s2"
    address: "localhost:15260"
    dataStreamAddress: "localhost:15263"
    clientAddress: "localhost:15262"
    adminAddress: "localhost:15261"
    startupRole: FOLLOWER
  }
  commitIndex: 16
}
)
2024-10-20 10:46:25,178 [main] WARN  util.ReferenceCountedLeakDetector (ReferenceCountedLeakDetector.java:logLeakMessage(167)) - LEAK: (class org.apache.ratis.proto.RaftProtos$AppendEntriesRequestProto, count=2, value=serverRequest {
  requestorId: "s1"
  replyId: "s2"
  raftGroupId {
    id: "\375\210\024\357\262\375HY\244\207Ci\024Gb\025"
  }
}
leaderTerm: 11
previousLog {
  term: 10
  index: 18
}
leaderCommit: 17
commitInfos {
  server {
    id: "s1"
    address: "localhost:15256"
    dataStreamAddress: "localhost:15259"
    clientAddress: "localhost:15258"
    adminAddress: "localhost:15257"
    startupRole: FOLLOWER
  }
  commitIndex: 17
}
commitInfos {
  server {
    id: "s0"
    address: "localhost:15252"
    dataStreamAddress: "localhost:15255"
    clientAddress: "localhost:15254"
    adminAddress: "localhost:15253"
    startupRole: FOLLOWER
  }
  commitIndex: 17
}
commitInfos {
  server {
    id: "s2"
    address: "localhost:15260"
    dataStreamAddress: "localhost:15263"
    clientAddress: "localhost:15262"
    adminAddress: "localhost:15261"
    startupRole: FOLLOWER
  }
  commitIndex: 16
}
)
2024-10-20 10:46:25,178 [main] WARN  util.LeakDetector (LeakDetector.java:assertNoLeaks(171)) - 25/30) numLeaks == 5 > 0, will wait and retry ...
2024-10-20 10:46:26,178 [main] WARN  util.ReferenceCountedLeakDetector (ReferenceCountedLeakDetector.java:logLeakMessage(167)) - LEAK: (class org.apache.ratis.proto.RaftProtos$AppendEntriesRequestProto, count=2, value=serverRequest {
  requestorId: "s0"
  replyId: "s2"
  raftGroupId {
    id: "\375\210\024\357\262\375HY\244\207Ci\024Gb\025"
  }
}
leaderTerm: 10
previousLog {
  term: 9
  index: 16
}
leaderCommit: 16
commitInfos {
  server {
    id: "s0"
    address: "localhost:15252"
    dataStreamAddress: "localhost:15255"
    clientAddress: "localhost:15254"
    adminAddress: "localhost:15253"
    startupRole: FOLLOWER
  }
  commitIndex: 16
}
commitInfos {
  server {
    id: "s1"
    address: "localhost:15256"
    dataStreamAddress: "localhost:15259"
    clientAddress: "localhost:15258"
    adminAddress: "localhost:15257"
    startupRole: FOLLOWER
  }
  commitIndex: 16
}
commitInfos {
  server {
    id: "s2"
    address: "localhost:15260"
    dataStreamAddress: "localhost:15263"
    clientAddress: "localhost:15262"
    adminAddress: "localhost:15261"
    startupRole: FOLLOWER
  }
  commitIndex: 16
}
)
2024-10-20 10:46:26,178 [main] WARN  util.ReferenceCountedLeakDetector (ReferenceCountedLeakDetector.java:logLeakMessage(167)) - LEAK: (class org.apache.ratis.proto.RaftProtos$AppendEntriesRequestProto, count=3, value=serverRequest {
  requestorId: "s1"
  replyId: "s2"
  raftGroupId {
    id: "\375\210\024\357\262\375HY\244\207Ci\024Gb\025"
  }
  callId: 1
}
leaderTerm: 11
previousLog {
  term: 10
  index: 18
}
entries {
  term: 11
  index: 19
  configurationEntry {
    peers {
      id: "s0"
      address: "localhost:15252"
      dataStreamAddress: "localhost:15255"
      clientAddress: "localhost:15254"
      adminAddress: "localhost:15253"
      startupRole: FOLLOWER
    }
    peers {
      id: "s1"
      address: "localhost:15256"
      dataStreamAddress: "localhost:15259"
      clientAddress: "localhost:15258"
      adminAddress: "localhost:15257"
      startupRole: FOLLOWER
    }
    peers {
      id: "s2"
      address: "localhost:15260"
      dataStreamAddress: "localhost:15263"
      clientAddress: "localhost:15262"
      adminAddress: "localhost:15261"
      startupRole: FOLLOWER
    }
  }
}
leaderCommit: 17
commitInfos {
  server {
    id: "s1"
    address: "localhost:15256"
    dataStreamAddress: "localhost:15259"
    clientAddress: "localhost:15258"
    adminAddress: "localhost:15257"
    startupRole: FOLLOWER
  }
  commitIndex: 17
}
commitInfos {
  server {
    id: "s0"
    address: "localhost:15252"
    dataStreamAddress: "localhost:15255"
    clientAddress: "localhost:15254"
    adminAddress: "localhost:15253"
    startupRole: FOLLOWER
  }
  commitIndex: 17
}
commitInfos {
  server {
    id: "s2"
    address: "localhost:15260"
    dataStreamAddress: "localhost:15263"
    clientAddress: "localhost:15262"
    adminAddress: "localhost:15261"
    startupRole: FOLLOWER
  }
  commitIndex: 16
}
)
2024-10-20 10:46:26,178 [main] WARN  util.ReferenceCountedLeakDetector (ReferenceCountedLeakDetector.java:logLeakMessage(167)) - LEAK: (class org.apache.ratis.proto.RaftProtos$AppendEntriesRequestProto, count=3, value=serverRequest {
  requestorId: "s0"
  replyId: "s2"
  raftGroupId {
    id: "\375\210\024\357\262\375HY\244\207Ci\024Gb\025"
  }
  callId: 1
}
leaderTerm: 10
previousLog {
  term: 9
  index: 16
}
entries {
  term: 10
  index: 17
  configurationEntry {
    peers {
      id: "s0"
      address: "localhost:15252"
      dataStreamAddress: "localhost:15255"
      clientAddress: "localhost:15254"
      adminAddress: "localhost:15253"
      startupRole: FOLLOWER
    }
    peers {
      id: "s1"
      address: "localhost:15256"
      dataStreamAddress: "localhost:15259"
      clientAddress: "localhost:15258"
      adminAddress: "localhost:15257"
      startupRole: FOLLOWER
    }
    peers {
      id: "s2"
      address: "localhost:15260"
      dataStreamAddress: "localhost:15263"
      clientAddress: "localhost:15262"
      adminAddress: "localhost:15261"
      startupRole: FOLLOWER
    }
  }
}
leaderCommit: 16
commitInfos {
  server {
    id: "s0"
    address: "localhost:15252"
    dataStreamAddress: "localhost:15255"
    clientAddress: "localhost:15254"
    adminAddress: "localhost:15253"
    startupRole: FOLLOWER
  }
  commitIndex: 16
}
commitInfos {
  server {
    id: "s1"
    address: "localhost:15256"
    dataStreamAddress: "localhost:15259"
    clientAddress: "localhost:15258"
    adminAddress: "localhost:15257"
    startupRole: FOLLOWER
  }
  commitIndex: 16
}
commitInfos {
  server {
    id: "s2"
    address: "localhost:15260"
    dataStreamAddress: "localhost:15263"
    clientAddress: "localhost:15262"
    adminAddress: "localhost:15261"
    startupRole: FOLLOWER
  }
  commitIndex: 16
}
)
2024-10-20 10:46:26,179 [main] WARN  util.ReferenceCountedLeakDetector (ReferenceCountedLeakDetector.java:logLeakMessage(167)) - LEAK: (class org.apache.ratis.proto.RaftProtos$AppendEntriesRequestProto, count=2, value=serverRequest {
  requestorId: "s1"
  replyId: "s2"
  raftGroupId {
    id: "\375\210\024\357\262\375HY\244\207Ci\024Gb\025"
  }
  callId: 8
}
leaderTerm: 9
previousLog {
  term: 9
  index: 16
}
leaderCommit: 16
commitInfos {
  server {
    id: "s1"
    address: "localhost:15256"
    dataStreamAddress: "localhost:15259"
    clientAddress: "localhost:15258"
    adminAddress: "localhost:15257"
    startupRole: FOLLOWER
  }
  commitIndex: 16
}
commitInfos {
  server {
    id: "s0"
    address: "localhost:15252"
    dataStreamAddress: "localhost:15255"
    clientAddress: "localhost:15254"
    adminAddress: "localhost:15253"
    startupRole: FOLLOWER
  }
  commitIndex: 16
}
commitInfos {
  server {
    id: "s2"
    address: "localhost:15260"
    dataStreamAddress: "localhost:15263"
    clientAddress: "localhost:15262"
    adminAddress: "localhost:15261"
    startupRole: FOLLOWER
  }
  commitIndex: 16
}
)
2024-10-20 10:46:26,179 [main] WARN  util.ReferenceCountedLeakDetector (ReferenceCountedLeakDetector.java:logLeakMessage(167)) - LEAK: (class org.apache.ratis.proto.RaftProtos$AppendEntriesRequestProto, count=2, value=serverRequest {
  requestorId: "s1"
  replyId: "s2"
  raftGroupId {
    id: "\375\210\024\357\262\375HY\244\207Ci\024Gb\025"
  }
}
leaderTerm: 11
previousLog {
  term: 10
  index: 18
}
leaderCommit: 17
commitInfos {
  server {
    id: "s1"
    address: "localhost:15256"
    dataStreamAddress: "localhost:15259"
    clientAddress: "localhost:15258"
    adminAddress: "localhost:15257"
    startupRole: FOLLOWER
  }
  commitIndex: 17
}
commitInfos {
  server {
    id: "s0"
    address: "localhost:15252"
    dataStreamAddress: "localhost:15255"
    clientAddress: "localhost:15254"
    adminAddress: "localhost:15253"
    startupRole: FOLLOWER
  }
  commitIndex: 17
}
commitInfos {
  server {
    id: "s2"
    address: "localhost:15260"
    dataStreamAddress: "localhost:15263"
    clientAddress: "localhost:15262"
    adminAddress: "localhost:15261"
    startupRole: FOLLOWER
  }
  commitIndex: 16
}
)
2024-10-20 10:46:26,179 [main] WARN  util.LeakDetector (LeakDetector.java:assertNoLeaks(171)) - 26/30) numLeaks == 5 > 0, will wait and retry ...
2024-10-20 10:46:27,179 [main] WARN  util.ReferenceCountedLeakDetector (ReferenceCountedLeakDetector.java:logLeakMessage(167)) - LEAK: (class org.apache.ratis.proto.RaftProtos$AppendEntriesRequestProto, count=2, value=serverRequest {
  requestorId: "s0"
  replyId: "s2"
  raftGroupId {
    id: "\375\210\024\357\262\375HY\244\207Ci\024Gb\025"
  }
}
leaderTerm: 10
previousLog {
  term: 9
  index: 16
}
leaderCommit: 16
commitInfos {
  server {
    id: "s0"
    address: "localhost:15252"
    dataStreamAddress: "localhost:15255"
    clientAddress: "localhost:15254"
    adminAddress: "localhost:15253"
    startupRole: FOLLOWER
  }
  commitIndex: 16
}
commitInfos {
  server {
    id: "s1"
    address: "localhost:15256"
    dataStreamAddress: "localhost:15259"
    clientAddress: "localhost:15258"
    adminAddress: "localhost:15257"
    startupRole: FOLLOWER
  }
  commitIndex: 16
}
commitInfos {
  server {
    id: "s2"
    address: "localhost:15260"
    dataStreamAddress: "localhost:15263"
    clientAddress: "localhost:15262"
    adminAddress: "localhost:15261"
    startupRole: FOLLOWER
  }
  commitIndex: 16
}
)
2024-10-20 10:46:27,179 [main] WARN  util.ReferenceCountedLeakDetector (ReferenceCountedLeakDetector.java:logLeakMessage(167)) - LEAK: (class org.apache.ratis.proto.RaftProtos$AppendEntriesRequestProto, count=3, value=serverRequest {
  requestorId: "s1"
  replyId: "s2"
  raftGroupId {
    id: "\375\210\024\357\262\375HY\244\207Ci\024Gb\025"
  }
  callId: 1
}
leaderTerm: 11
previousLog {
  term: 10
  index: 18
}
entries {
  term: 11
  index: 19
  configurationEntry {
    peers {
      id: "s0"
      address: "localhost:15252"
      dataStreamAddress: "localhost:15255"
      clientAddress: "localhost:15254"
      adminAddress: "localhost:15253"
      startupRole: FOLLOWER
    }
    peers {
      id: "s1"
      address: "localhost:15256"
      dataStreamAddress: "localhost:15259"
      clientAddress: "localhost:15258"
      adminAddress: "localhost:15257"
      startupRole: FOLLOWER
    }
    peers {
      id: "s2"
      address: "localhost:15260"
      dataStreamAddress: "localhost:15263"
      clientAddress: "localhost:15262"
      adminAddress: "localhost:15261"
      startupRole: FOLLOWER
    }
  }
}
leaderCommit: 17
commitInfos {
  server {
    id: "s1"
    address: "localhost:15256"
    dataStreamAddress: "localhost:15259"
    clientAddress: "localhost:15258"
    adminAddress: "localhost:15257"
    startupRole: FOLLOWER
  }
  commitIndex: 17
}
commitInfos {
  server {
    id: "s0"
    address: "localhost:15252"
    dataStreamAddress: "localhost:15255"
    clientAddress: "localhost:15254"
    adminAddress: "localhost:15253"
    startupRole: FOLLOWER
  }
  commitIndex: 17
}
commitInfos {
  server {
    id: "s2"
    address: "localhost:15260"
    dataStreamAddress: "localhost:15263"
    clientAddress: "localhost:15262"
    adminAddress: "localhost:15261"
    startupRole: FOLLOWER
  }
  commitIndex: 16
}
)
2024-10-20 10:46:27,179 [main] WARN  util.ReferenceCountedLeakDetector (ReferenceCountedLeakDetector.java:logLeakMessage(167)) - LEAK: (class org.apache.ratis.proto.RaftProtos$AppendEntriesRequestProto, count=3, value=serverRequest {
  requestorId: "s0"
  replyId: "s2"
  raftGroupId {
    id: "\375\210\024\357\262\375HY\244\207Ci\024Gb\025"
  }
  callId: 1
}
leaderTerm: 10
previousLog {
  term: 9
  index: 16
}
entries {
  term: 10
  index: 17
  configurationEntry {
    peers {
      id: "s0"
      address: "localhost:15252"
      dataStreamAddress: "localhost:15255"
      clientAddress: "localhost:15254"
      adminAddress: "localhost:15253"
      startupRole: FOLLOWER
    }
    peers {
      id: "s1"
      address: "localhost:15256"
      dataStreamAddress: "localhost:15259"
      clientAddress: "localhost:15258"
      adminAddress: "localhost:15257"
      startupRole: FOLLOWER
    }
    peers {
      id: "s2"
      address: "localhost:15260"
      dataStreamAddress: "localhost:15263"
      clientAddress: "localhost:15262"
      adminAddress: "localhost:15261"
      startupRole: FOLLOWER
    }
  }
}
leaderCommit: 16
commitInfos {
  server {
    id: "s0"
    address: "localhost:15252"
    dataStreamAddress: "localhost:15255"
    clientAddress: "localhost:15254"
    adminAddress: "localhost:15253"
    startupRole: FOLLOWER
  }
  commitIndex: 16
}
commitInfos {
  server {
    id: "s1"
    address: "localhost:15256"
    dataStreamAddress: "localhost:15259"
    clientAddress: "localhost:15258"
    adminAddress: "localhost:15257"
    startupRole: FOLLOWER
  }
  commitIndex: 16
}
commitInfos {
  server {
    id: "s2"
    address: "localhost:15260"
    dataStreamAddress: "localhost:15263"
    clientAddress: "localhost:15262"
    adminAddress: "localhost:15261"
    startupRole: FOLLOWER
  }
  commitIndex: 16
}
)
2024-10-20 10:46:27,180 [main] WARN  util.ReferenceCountedLeakDetector (ReferenceCountedLeakDetector.java:logLeakMessage(167)) - LEAK: (class org.apache.ratis.proto.RaftProtos$AppendEntriesRequestProto, count=2, value=serverRequest {
  requestorId: "s1"
  replyId: "s2"
  raftGroupId {
    id: "\375\210\024\357\262\375HY\244\207Ci\024Gb\025"
  }
  callId: 8
}
leaderTerm: 9
previousLog {
  term: 9
  index: 16
}
leaderCommit: 16
commitInfos {
  server {
    id: "s1"
    address: "localhost:15256"
    dataStreamAddress: "localhost:15259"
    clientAddress: "localhost:15258"
    adminAddress: "localhost:15257"
    startupRole: FOLLOWER
  }
  commitIndex: 16
}
commitInfos {
  server {
    id: "s0"
    address: "localhost:15252"
    dataStreamAddress: "localhost:15255"
    clientAddress: "localhost:15254"
    adminAddress: "localhost:15253"
    startupRole: FOLLOWER
  }
  commitIndex: 16
}
commitInfos {
  server {
    id: "s2"
    address: "localhost:15260"
    dataStreamAddress: "localhost:15263"
    clientAddress: "localhost:15262"
    adminAddress: "localhost:15261"
    startupRole: FOLLOWER
  }
  commitIndex: 16
}
)
2024-10-20 10:46:27,180 [main] WARN  util.ReferenceCountedLeakDetector (ReferenceCountedLeakDetector.java:logLeakMessage(167)) - LEAK: (class org.apache.ratis.proto.RaftProtos$AppendEntriesRequestProto, count=2, value=serverRequest {
  requestorId: "s1"
  replyId: "s2"
  raftGroupId {
    id: "\375\210\024\357\262\375HY\244\207Ci\024Gb\025"
  }
}
leaderTerm: 11
previousLog {
  term: 10
  index: 18
}
leaderCommit: 17
commitInfos {
  server {
    id: "s1"
    address: "localhost:15256"
    dataStreamAddress: "localhost:15259"
    clientAddress: "localhost:15258"
    adminAddress: "localhost:15257"
    startupRole: FOLLOWER
  }
  commitIndex: 17
}
commitInfos {
  server {
    id: "s0"
    address: "localhost:15252"
    dataStreamAddress: "localhost:15255"
    clientAddress: "localhost:15254"
    adminAddress: "localhost:15253"
    startupRole: FOLLOWER
  }
  commitIndex: 17
}
commitInfos {
  server {
    id: "s2"
    address: "localhost:15260"
    dataStreamAddress: "localhost:15263"
    clientAddress: "localhost:15262"
    adminAddress: "localhost:15261"
    startupRole: FOLLOWER
  }
  commitIndex: 16
}
)
2024-10-20 10:46:27,180 [main] WARN  util.LeakDetector (LeakDetector.java:assertNoLeaks(171)) - 27/30) numLeaks == 5 > 0, will wait and retry ...
2024-10-20 10:46:28,180 [main] WARN  util.ReferenceCountedLeakDetector (ReferenceCountedLeakDetector.java:logLeakMessage(167)) - LEAK: (class org.apache.ratis.proto.RaftProtos$AppendEntriesRequestProto, count=2, value=serverRequest {
  requestorId: "s0"
  replyId: "s2"
  raftGroupId {
    id: "\375\210\024\357\262\375HY\244\207Ci\024Gb\025"
  }
}
leaderTerm: 10
previousLog {
  term: 9
  index: 16
}
leaderCommit: 16
commitInfos {
  server {
    id: "s0"
    address: "localhost:15252"
    dataStreamAddress: "localhost:15255"
    clientAddress: "localhost:15254"
    adminAddress: "localhost:15253"
    startupRole: FOLLOWER
  }
  commitIndex: 16
}
commitInfos {
  server {
    id: "s1"
    address: "localhost:15256"
    dataStreamAddress: "localhost:15259"
    clientAddress: "localhost:15258"
    adminAddress: "localhost:15257"
    startupRole: FOLLOWER
  }
  commitIndex: 16
}
commitInfos {
  server {
    id: "s2"
    address: "localhost:15260"
    dataStreamAddress: "localhost:15263"
    clientAddress: "localhost:15262"
    adminAddress: "localhost:15261"
    startupRole: FOLLOWER
  }
  commitIndex: 16
}
)
2024-10-20 10:46:28,180 [main] WARN  util.ReferenceCountedLeakDetector (ReferenceCountedLeakDetector.java:logLeakMessage(167)) - LEAK: (class org.apache.ratis.proto.RaftProtos$AppendEntriesRequestProto, count=3, value=serverRequest {
  requestorId: "s1"
  replyId: "s2"
  raftGroupId {
    id: "\375\210\024\357\262\375HY\244\207Ci\024Gb\025"
  }
  callId: 1
}
leaderTerm: 11
previousLog {
  term: 10
  index: 18
}
entries {
  term: 11
  index: 19
  configurationEntry {
    peers {
      id: "s0"
      address: "localhost:15252"
      dataStreamAddress: "localhost:15255"
      clientAddress: "localhost:15254"
      adminAddress: "localhost:15253"
      startupRole: FOLLOWER
    }
    peers {
      id: "s1"
      address: "localhost:15256"
      dataStreamAddress: "localhost:15259"
      clientAddress: "localhost:15258"
      adminAddress: "localhost:15257"
      startupRole: FOLLOWER
    }
    peers {
      id: "s2"
      address: "localhost:15260"
      dataStreamAddress: "localhost:15263"
      clientAddress: "localhost:15262"
      adminAddress: "localhost:15261"
      startupRole: FOLLOWER
    }
  }
}
leaderCommit: 17
commitInfos {
  server {
    id: "s1"
    address: "localhost:15256"
    dataStreamAddress: "localhost:15259"
    clientAddress: "localhost:15258"
    adminAddress: "localhost:15257"
    startupRole: FOLLOWER
  }
  commitIndex: 17
}
commitInfos {
  server {
    id: "s0"
    address: "localhost:15252"
    dataStreamAddress: "localhost:15255"
    clientAddress: "localhost:15254"
    adminAddress: "localhost:15253"
    startupRole: FOLLOWER
  }
  commitIndex: 17
}
commitInfos {
  server {
    id: "s2"
    address: "localhost:15260"
    dataStreamAddress: "localhost:15263"
    clientAddress: "localhost:15262"
    adminAddress: "localhost:15261"
    startupRole: FOLLOWER
  }
  commitIndex: 16
}
)
2024-10-20 10:46:28,181 [main] WARN  util.ReferenceCountedLeakDetector (ReferenceCountedLeakDetector.java:logLeakMessage(167)) - LEAK: (class org.apache.ratis.proto.RaftProtos$AppendEntriesRequestProto, count=3, value=serverRequest {
  requestorId: "s0"
  replyId: "s2"
  raftGroupId {
    id: "\375\210\024\357\262\375HY\244\207Ci\024Gb\025"
  }
  callId: 1
}
leaderTerm: 10
previousLog {
  term: 9
  index: 16
}
entries {
  term: 10
  index: 17
  configurationEntry {
    peers {
      id: "s0"
      address: "localhost:15252"
      dataStreamAddress: "localhost:15255"
      clientAddress: "localhost:15254"
      adminAddress: "localhost:15253"
      startupRole: FOLLOWER
    }
    peers {
      id: "s1"
      address: "localhost:15256"
      dataStreamAddress: "localhost:15259"
      clientAddress: "localhost:15258"
      adminAddress: "localhost:15257"
      startupRole: FOLLOWER
    }
    peers {
      id: "s2"
      address: "localhost:15260"
      dataStreamAddress: "localhost:15263"
      clientAddress: "localhost:15262"
      adminAddress: "localhost:15261"
      startupRole: FOLLOWER
    }
  }
}
leaderCommit: 16
commitInfos {
  server {
    id: "s0"
    address: "localhost:15252"
    dataStreamAddress: "localhost:15255"
    clientAddress: "localhost:15254"
    adminAddress: "localhost:15253"
    startupRole: FOLLOWER
  }
  commitIndex: 16
}
commitInfos {
  server {
    id: "s1"
    address: "localhost:15256"
    dataStreamAddress: "localhost:15259"
    clientAddress: "localhost:15258"
    adminAddress: "localhost:15257"
    startupRole: FOLLOWER
  }
  commitIndex: 16
}
commitInfos {
  server {
    id: "s2"
    address: "localhost:15260"
    dataStreamAddress: "localhost:15263"
    clientAddress: "localhost:15262"
    adminAddress: "localhost:15261"
    startupRole: FOLLOWER
  }
  commitIndex: 16
}
)
2024-10-20 10:46:28,181 [main] WARN  util.ReferenceCountedLeakDetector (ReferenceCountedLeakDetector.java:logLeakMessage(167)) - LEAK: (class org.apache.ratis.proto.RaftProtos$AppendEntriesRequestProto, count=2, value=serverRequest {
  requestorId: "s1"
  replyId: "s2"
  raftGroupId {
    id: "\375\210\024\357\262\375HY\244\207Ci\024Gb\025"
  }
  callId: 8
}
leaderTerm: 9
previousLog {
  term: 9
  index: 16
}
leaderCommit: 16
commitInfos {
  server {
    id: "s1"
    address: "localhost:15256"
    dataStreamAddress: "localhost:15259"
    clientAddress: "localhost:15258"
    adminAddress: "localhost:15257"
    startupRole: FOLLOWER
  }
  commitIndex: 16
}
commitInfos {
  server {
    id: "s0"
    address: "localhost:15252"
    dataStreamAddress: "localhost:15255"
    clientAddress: "localhost:15254"
    adminAddress: "localhost:15253"
    startupRole: FOLLOWER
  }
  commitIndex: 16
}
commitInfos {
  server {
    id: "s2"
    address: "localhost:15260"
    dataStreamAddress: "localhost:15263"
    clientAddress: "localhost:15262"
    adminAddress: "localhost:15261"
    startupRole: FOLLOWER
  }
  commitIndex: 16
}
)
2024-10-20 10:46:28,181 [main] WARN  util.ReferenceCountedLeakDetector (ReferenceCountedLeakDetector.java:logLeakMessage(167)) - LEAK: (class org.apache.ratis.proto.RaftProtos$AppendEntriesRequestProto, count=2, value=serverRequest {
  requestorId: "s1"
  replyId: "s2"
  raftGroupId {
    id: "\375\210\024\357\262\375HY\244\207Ci\024Gb\025"
  }
}
leaderTerm: 11
previousLog {
  term: 10
  index: 18
}
leaderCommit: 17
commitInfos {
  server {
    id: "s1"
    address: "localhost:15256"
    dataStreamAddress: "localhost:15259"
    clientAddress: "localhost:15258"
    adminAddress: "localhost:15257"
    startupRole: FOLLOWER
  }
  commitIndex: 17
}
commitInfos {
  server {
    id: "s0"
    address: "localhost:15252"
    dataStreamAddress: "localhost:15255"
    clientAddress: "localhost:15254"
    adminAddress: "localhost:15253"
    startupRole: FOLLOWER
  }
  commitIndex: 17
}
commitInfos {
  server {
    id: "s2"
    address: "localhost:15260"
    dataStreamAddress: "localhost:15263"
    clientAddress: "localhost:15262"
    adminAddress: "localhost:15261"
    startupRole: FOLLOWER
  }
  commitIndex: 16
}
)
2024-10-20 10:46:28,181 [main] WARN  util.LeakDetector (LeakDetector.java:assertNoLeaks(171)) - 28/30) numLeaks == 5 > 0, will wait and retry ...
2024-10-20 10:46:29,181 [main] WARN  util.ReferenceCountedLeakDetector (ReferenceCountedLeakDetector.java:logLeakMessage(167)) - LEAK: (class org.apache.ratis.proto.RaftProtos$AppendEntriesRequestProto, count=2, value=serverRequest {
  requestorId: "s0"
  replyId: "s2"
  raftGroupId {
    id: "\375\210\024\357\262\375HY\244\207Ci\024Gb\025"
  }
}
leaderTerm: 10
previousLog {
  term: 9
  index: 16
}
leaderCommit: 16
commitInfos {
  server {
    id: "s0"
    address: "localhost:15252"
    dataStreamAddress: "localhost:15255"
    clientAddress: "localhost:15254"
    adminAddress: "localhost:15253"
    startupRole: FOLLOWER
  }
  commitIndex: 16
}
commitInfos {
  server {
    id: "s1"
    address: "localhost:15256"
    dataStreamAddress: "localhost:15259"
    clientAddress: "localhost:15258"
    adminAddress: "localhost:15257"
    startupRole: FOLLOWER
  }
  commitIndex: 16
}
commitInfos {
  server {
    id: "s2"
    address: "localhost:15260"
    dataStreamAddress: "localhost:15263"
    clientAddress: "localhost:15262"
    adminAddress: "localhost:15261"
    startupRole: FOLLOWER
  }
  commitIndex: 16
}
)
2024-10-20 10:46:29,182 [main] WARN  util.ReferenceCountedLeakDetector (ReferenceCountedLeakDetector.java:logLeakMessage(167)) - LEAK: (class org.apache.ratis.proto.RaftProtos$AppendEntriesRequestProto, count=3, value=serverRequest {
  requestorId: "s1"
  replyId: "s2"
  raftGroupId {
    id: "\375\210\024\357\262\375HY\244\207Ci\024Gb\025"
  }
  callId: 1
}
leaderTerm: 11
previousLog {
  term: 10
  index: 18
}
entries {
  term: 11
  index: 19
  configurationEntry {
    peers {
      id: "s0"
      address: "localhost:15252"
      dataStreamAddress: "localhost:15255"
      clientAddress: "localhost:15254"
      adminAddress: "localhost:15253"
      startupRole: FOLLOWER
    }
    peers {
      id: "s1"
      address: "localhost:15256"
      dataStreamAddress: "localhost:15259"
      clientAddress: "localhost:15258"
      adminAddress: "localhost:15257"
      startupRole: FOLLOWER
    }
    peers {
      id: "s2"
      address: "localhost:15260"
      dataStreamAddress: "localhost:15263"
      clientAddress: "localhost:15262"
      adminAddress: "localhost:15261"
      startupRole: FOLLOWER
    }
  }
}
leaderCommit: 17
commitInfos {
  server {
    id: "s1"
    address: "localhost:15256"
    dataStreamAddress: "localhost:15259"
    clientAddress: "localhost:15258"
    adminAddress: "localhost:15257"
    startupRole: FOLLOWER
  }
  commitIndex: 17
}
commitInfos {
  server {
    id: "s0"
    address: "localhost:15252"
    dataStreamAddress: "localhost:15255"
    clientAddress: "localhost:15254"
    adminAddress: "localhost:15253"
    startupRole: FOLLOWER
  }
  commitIndex: 17
}
commitInfos {
  server {
    id: "s2"
    address: "localhost:15260"
    dataStreamAddress: "localhost:15263"
    clientAddress: "localhost:15262"
    adminAddress: "localhost:15261"
    startupRole: FOLLOWER
  }
  commitIndex: 16
}
)
2024-10-20 10:46:29,182 [main] WARN  util.ReferenceCountedLeakDetector (ReferenceCountedLeakDetector.java:logLeakMessage(167)) - LEAK: (class org.apache.ratis.proto.RaftProtos$AppendEntriesRequestProto, count=3, value=serverRequest {
  requestorId: "s0"
  replyId: "s2"
  raftGroupId {
    id: "\375\210\024\357\262\375HY\244\207Ci\024Gb\025"
  }
  callId: 1
}
leaderTerm: 10
previousLog {
  term: 9
  index: 16
}
entries {
  term: 10
  index: 17
  configurationEntry {
    peers {
      id: "s0"
      address: "localhost:15252"
      dataStreamAddress: "localhost:15255"
      clientAddress: "localhost:15254"
      adminAddress: "localhost:15253"
      startupRole: FOLLOWER
    }
    peers {
      id: "s1"
      address: "localhost:15256"
      dataStreamAddress: "localhost:15259"
      clientAddress: "localhost:15258"
      adminAddress: "localhost:15257"
      startupRole: FOLLOWER
    }
    peers {
      id: "s2"
      address: "localhost:15260"
      dataStreamAddress: "localhost:15263"
      clientAddress: "localhost:15262"
      adminAddress: "localhost:15261"
      startupRole: FOLLOWER
    }
  }
}
leaderCommit: 16
commitInfos {
  server {
    id: "s0"
    address: "localhost:15252"
    dataStreamAddress: "localhost:15255"
    clientAddress: "localhost:15254"
    adminAddress: "localhost:15253"
    startupRole: FOLLOWER
  }
  commitIndex: 16
}
commitInfos {
  server {
    id: "s1"
    address: "localhost:15256"
    dataStreamAddress: "localhost:15259"
    clientAddress: "localhost:15258"
    adminAddress: "localhost:15257"
    startupRole: FOLLOWER
  }
  commitIndex: 16
}
commitInfos {
  server {
    id: "s2"
    address: "localhost:15260"
    dataStreamAddress: "localhost:15263"
    clientAddress: "localhost:15262"
    adminAddress: "localhost:15261"
    startupRole: FOLLOWER
  }
  commitIndex: 16
}
)
2024-10-20 10:46:29,182 [main] WARN  util.ReferenceCountedLeakDetector (ReferenceCountedLeakDetector.java:logLeakMessage(167)) - LEAK: (class org.apache.ratis.proto.RaftProtos$AppendEntriesRequestProto, count=2, value=serverRequest {
  requestorId: "s1"
  replyId: "s2"
  raftGroupId {
    id: "\375\210\024\357\262\375HY\244\207Ci\024Gb\025"
  }
  callId: 8
}
leaderTerm: 9
previousLog {
  term: 9
  index: 16
}
leaderCommit: 16
commitInfos {
  server {
    id: "s1"
    address: "localhost:15256"
    dataStreamAddress: "localhost:15259"
    clientAddress: "localhost:15258"
    adminAddress: "localhost:15257"
    startupRole: FOLLOWER
  }
  commitIndex: 16
}
commitInfos {
  server {
    id: "s0"
    address: "localhost:15252"
    dataStreamAddress: "localhost:15255"
    clientAddress: "localhost:15254"
    adminAddress: "localhost:15253"
    startupRole: FOLLOWER
  }
  commitIndex: 16
}
commitInfos {
  server {
    id: "s2"
    address: "localhost:15260"
    dataStreamAddress: "localhost:15263"
    clientAddress: "localhost:15262"
    adminAddress: "localhost:15261"
    startupRole: FOLLOWER
  }
  commitIndex: 16
}
)
2024-10-20 10:46:29,182 [main] WARN  util.ReferenceCountedLeakDetector (ReferenceCountedLeakDetector.java:logLeakMessage(167)) - LEAK: (class org.apache.ratis.proto.RaftProtos$AppendEntriesRequestProto, count=2, value=serverRequest {
  requestorId: "s1"
  replyId: "s2"
  raftGroupId {
    id: "\375\210\024\357\262\375HY\244\207Ci\024Gb\025"
  }
}
leaderTerm: 11
previousLog {
  term: 10
  index: 18
}
leaderCommit: 17
commitInfos {
  server {
    id: "s1"
    address: "localhost:15256"
    dataStreamAddress: "localhost:15259"
    clientAddress: "localhost:15258"
    adminAddress: "localhost:15257"
    startupRole: FOLLOWER
  }
  commitIndex: 17
}
commitInfos {
  server {
    id: "s0"
    address: "localhost:15252"
    dataStreamAddress: "localhost:15255"
    clientAddress: "localhost:15254"
    adminAddress: "localhost:15253"
    startupRole: FOLLOWER
  }
  commitIndex: 17
}
commitInfos {
  server {
    id: "s2"
    address: "localhost:15260"
    dataStreamAddress: "localhost:15263"
    clientAddress: "localhost:15262"
    adminAddress: "localhost:15261"
    startupRole: FOLLOWER
  }
  commitIndex: 16
}
)
2024-10-20 10:46:29,182 [main] WARN  util.LeakDetector (LeakDetector.java:assertNoLeaks(171)) - 29/30) numLeaks == 5 > 0, will wait and retry ...
2024-10-20 10:46:30,182 [main] WARN  util.ReferenceCountedLeakDetector (ReferenceCountedLeakDetector.java:logLeakMessage(167)) - LEAK: (class org.apache.ratis.proto.RaftProtos$AppendEntriesRequestProto, count=2, value=serverRequest {
  requestorId: "s0"
  replyId: "s2"
  raftGroupId {
    id: "\375\210\024\357\262\375HY\244\207Ci\024Gb\025"
  }
}
leaderTerm: 10
previousLog {
  term: 9
  index: 16
}
leaderCommit: 16
commitInfos {
  server {
    id: "s0"
    address: "localhost:15252"
    dataStreamAddress: "localhost:15255"
    clientAddress: "localhost:15254"
    adminAddress: "localhost:15253"
    startupRole: FOLLOWER
  }
  commitIndex: 16
}
commitInfos {
  server {
    id: "s1"
    address: "localhost:15256"
    dataStreamAddress: "localhost:15259"
    clientAddress: "localhost:15258"
    adminAddress: "localhost:15257"
    startupRole: FOLLOWER
  }
  commitIndex: 16
}
commitInfos {
  server {
    id: "s2"
    address: "localhost:15260"
    dataStreamAddress: "localhost:15263"
    clientAddress: "localhost:15262"
    adminAddress: "localhost:15261"
    startupRole: FOLLOWER
  }
  commitIndex: 16
}
)
2024-10-20 10:46:30,183 [main] WARN  util.ReferenceCountedLeakDetector (ReferenceCountedLeakDetector.java:logLeakMessage(167)) - LEAK: (class org.apache.ratis.proto.RaftProtos$AppendEntriesRequestProto, count=3, value=serverRequest {
  requestorId: "s1"
  replyId: "s2"
  raftGroupId {
    id: "\375\210\024\357\262\375HY\244\207Ci\024Gb\025"
  }
  callId: 1
}
leaderTerm: 11
previousLog {
  term: 10
  index: 18
}
entries {
  term: 11
  index: 19
  configurationEntry {
    peers {
      id: "s0"
      address: "localhost:15252"
      dataStreamAddress: "localhost:15255"
      clientAddress: "localhost:15254"
      adminAddress: "localhost:15253"
      startupRole: FOLLOWER
    }
    peers {
      id: "s1"
      address: "localhost:15256"
      dataStreamAddress: "localhost:15259"
      clientAddress: "localhost:15258"
      adminAddress: "localhost:15257"
      startupRole: FOLLOWER
    }
    peers {
      id: "s2"
      address: "localhost:15260"
      dataStreamAddress: "localhost:15263"
      clientAddress: "localhost:15262"
      adminAddress: "localhost:15261"
      startupRole: FOLLOWER
    }
  }
}
leaderCommit: 17
commitInfos {
  server {
    id: "s1"
    address: "localhost:15256"
    dataStreamAddress: "localhost:15259"
    clientAddress: "localhost:15258"
    adminAddress: "localhost:15257"
    startupRole: FOLLOWER
  }
  commitIndex: 17
}
commitInfos {
  server {
    id: "s0"
    address: "localhost:15252"
    dataStreamAddress: "localhost:15255"
    clientAddress: "localhost:15254"
    adminAddress: "localhost:15253"
    startupRole: FOLLOWER
  }
  commitIndex: 17
}
commitInfos {
  server {
    id: "s2"
    address: "localhost:15260"
    dataStreamAddress: "localhost:15263"
    clientAddress: "localhost:15262"
    adminAddress: "localhost:15261"
    startupRole: FOLLOWER
  }
  commitIndex: 16
}
)
2024-10-20 10:46:30,183 [main] WARN  util.ReferenceCountedLeakDetector (ReferenceCountedLeakDetector.java:logLeakMessage(167)) - LEAK: (class org.apache.ratis.proto.RaftProtos$AppendEntriesRequestProto, count=3, value=serverRequest {
  requestorId: "s0"
  replyId: "s2"
  raftGroupId {
    id: "\375\210\024\357\262\375HY\244\207Ci\024Gb\025"
  }
  callId: 1
}
leaderTerm: 10
previousLog {
  term: 9
  index: 16
}
entries {
  term: 10
  index: 17
  configurationEntry {
    peers {
      id: "s0"
      address: "localhost:15252"
      dataStreamAddress: "localhost:15255"
      clientAddress: "localhost:15254"
      adminAddress: "localhost:15253"
      startupRole: FOLLOWER
    }
    peers {
      id: "s1"
      address: "localhost:15256"
      dataStreamAddress: "localhost:15259"
      clientAddress: "localhost:15258"
      adminAddress: "localhost:15257"
      startupRole: FOLLOWER
    }
    peers {
      id: "s2"
      address: "localhost:15260"
      dataStreamAddress: "localhost:15263"
      clientAddress: "localhost:15262"
      adminAddress: "localhost:15261"
      startupRole: FOLLOWER
    }
  }
}
leaderCommit: 16
commitInfos {
  server {
    id: "s0"
    address: "localhost:15252"
    dataStreamAddress: "localhost:15255"
    clientAddress: "localhost:15254"
    adminAddress: "localhost:15253"
    startupRole: FOLLOWER
  }
  commitIndex: 16
}
commitInfos {
  server {
    id: "s1"
    address: "localhost:15256"
    dataStreamAddress: "localhost:15259"
    clientAddress: "localhost:15258"
    adminAddress: "localhost:15257"
    startupRole: FOLLOWER
  }
  commitIndex: 16
}
commitInfos {
  server {
    id: "s2"
    address: "localhost:15260"
    dataStreamAddress: "localhost:15263"
    clientAddress: "localhost:15262"
    adminAddress: "localhost:15261"
    startupRole: FOLLOWER
  }
  commitIndex: 16
}
)
2024-10-20 10:46:30,183 [main] WARN  util.ReferenceCountedLeakDetector (ReferenceCountedLeakDetector.java:logLeakMessage(167)) - LEAK: (class org.apache.ratis.proto.RaftProtos$AppendEntriesRequestProto, count=2, value=serverRequest {
  requestorId: "s1"
  replyId: "s2"
  raftGroupId {
    id: "\375\210\024\357\262\375HY\244\207Ci\024Gb\025"
  }
  callId: 8
}
leaderTerm: 9
previousLog {
  term: 9
  index: 16
}
leaderCommit: 16
commitInfos {
  server {
    id: "s1"
    address: "localhost:15256"
    dataStreamAddress: "localhost:15259"
    clientAddress: "localhost:15258"
    adminAddress: "localhost:15257"
    startupRole: FOLLOWER
  }
  commitIndex: 16
}
commitInfos {
  server {
    id: "s0"
    address: "localhost:15252"
    dataStreamAddress: "localhost:15255"
    clientAddress: "localhost:15254"
    adminAddress: "localhost:15253"
    startupRole: FOLLOWER
  }
  commitIndex: 16
}
commitInfos {
  server {
    id: "s2"
    address: "localhost:15260"
    dataStreamAddress: "localhost:15263"
    clientAddress: "localhost:15262"
    adminAddress: "localhost:15261"
    startupRole: FOLLOWER
  }
  commitIndex: 16
}
)
2024-10-20 10:46:30,183 [main] WARN  util.ReferenceCountedLeakDetector (ReferenceCountedLeakDetector.java:logLeakMessage(167)) - LEAK: (class org.apache.ratis.proto.RaftProtos$AppendEntriesRequestProto, count=2, value=serverRequest {
  requestorId: "s1"
  replyId: "s2"
  raftGroupId {
    id: "\375\210\024\357\262\375HY\244\207Ci\024Gb\025"
  }
}
leaderTerm: 11
previousLog {
  term: 10
  index: 18
}
leaderCommit: 17
commitInfos {
  server {
    id: "s1"
    address: "localhost:15256"
    dataStreamAddress: "localhost:15259"
    clientAddress: "localhost:15258"
    adminAddress: "localhost:15257"
    startupRole: FOLLOWER
  }
  commitIndex: 17
}
commitInfos {
  server {
    id: "s0"
    address: "localhost:15252"
    dataStreamAddress: "localhost:15255"
    clientAddress: "localhost:15254"
    adminAddress: "localhost:15253"
    startupRole: FOLLOWER
  }
  commitIndex: 17
}
commitInfos {
  server {
    id: "s2"
    address: "localhost:15260"
    dataStreamAddress: "localhost:15263"
    clientAddress: "localhost:15262"
    adminAddress: "localhost:15261"
    startupRole: FOLLOWER
  }
  commitIndex: 16
}
)
]]></system-out>
  </testcase>
  <testcase name="testLeaderNotCountListenerForMajority" classname="org.apache.ratis.grpc.TestLeaderElectionWithGrpc" time="31.896">
    <error type="java.lang.IllegalStateException"><![CDATA[java.lang.IllegalStateException: #leaks = 5 > 0, #leaks == set.size = 5
	at org.apache.ratis.util.Preconditions.assertTrue(Preconditions.java:77)
	at org.apache.ratis.util.LeakDetector$LeakTrackerSet.assertNoLeaks(LeakDetector.java:100)
	at org.apache.ratis.util.LeakDetector$LeakTrackerSet.getNumLeaks(LeakDetector.java:94)
	at org.apache.ratis.util.LeakDetector.assertNoLeaks(LeakDetector.java:174)
	at org.apache.ratis.server.impl.MiniRaftCluster.shutdown(MiniRaftCluster.java:894)
	at org.apache.ratis.grpc.MiniRaftClusterWithGrpc.shutdown(MiniRaftClusterWithGrpc.java:97)
	at org.apache.ratis.server.impl.MiniRaftCluster$Factory$Get.runWithNewCluster(MiniRaftCluster.java:152)
	at org.apache.ratis.server.impl.MiniRaftCluster$Factory$Get.runWithNewCluster(MiniRaftCluster.java:131)
	at org.apache.ratis.server.impl.LeaderElectionTests.testLeaderNotCountListenerForMajority(LeaderElectionTests.java:209)
	at java.lang.reflect.Method.invoke(Method.java:498)
	at java.util.ArrayList.forEach(ArrayList.java:1259)
	at java.util.ArrayList.forEach(ArrayList.java:1259)
]]></error>
    <system-out><![CDATA[2024-10-20 10:46:30,186 [main] INFO  util.LogUtils (Slf4jUtils.java:setLogLevel(38)) - Successfully set org.apache.ratis.conf.ConfUtils log level to WARN
2024-10-20 10:46:30,186 [main] INFO  util.LogUtils (Slf4jUtils.java:setLogLevel(38)) - Successfully set org.apache.ratis.util.FileUtils log level to TRACE
2024-10-20 10:46:30,186 [main] INFO  util.LogUtils (Slf4jUtils.java:setLogLevel(38)) - Successfully set org.apache.ratis.server.RaftServer$Division log level to DEBUG
2024-10-20 10:46:30,186 [main] INFO  util.LogUtils (Slf4jUtils.java:setLogLevel(38)) - Successfully set org.apache.ratis.client.RaftClient log level to DEBUG
2024-10-20 10:46:30,188 [main] INFO  impl.MiniRaftCluster (MiniRaftCluster.java:runWithNewCluster(137)) - Running runWithNewCluster
2024-10-20 10:46:30,190 [main] INFO  impl.MiniRaftCluster (MiniRaftCluster.java:<init>(319)) - new MiniRaftClusterWithGrpc with group-C240B23E34A7:[s3|localhost:15300, s4|localhost:15304, s0|localhost:15288, s1|localhost:15292, s2|localhost:15296]
2024-10-20 10:46:30,190 [main] INFO  impl.MiniRaftCluster (MiniRaftCluster.java:start(352)) - .............................................................. 
2024-10-20 10:46:30,190 [main] INFO  impl.MiniRaftCluster (MiniRaftCluster.java:start(353)) - ... 
2024-10-20 10:46:30,190 [main] INFO  impl.MiniRaftCluster (MiniRaftCluster.java:start(354)) - ...     Starting MiniRaftClusterWithGrpc
2024-10-20 10:46:30,190 [main] INFO  impl.MiniRaftCluster (MiniRaftCluster.java:start(355)) - ... 
2024-10-20 10:46:30,190 [main] INFO  impl.MiniRaftCluster (MiniRaftCluster.java:start(356)) - .............................................................. 
2024-10-20 10:46:30,191 [main] INFO  impl.MiniRaftCluster (MiniRaftCluster.java:initServers(331)) - servers = {}
2024-10-20 10:46:30,191 [main] INFO  impl.MiniRaftCluster (MiniRaftCluster.java:newRaftServer(396)) - newRaftServer: s3, group-C240B23E34A7:[s3|localhost:15300, s4|localhost:15304, s0|localhost:15288, s1|localhost:15292, s2|localhost:15296], format? true
2024-10-20 10:46:30,191 [main] TRACE util.FileUtils (FileUtils.java:deleteFully(305)) - deleteFully target/test/data/d69430f5/MiniRaftClusterWithGrpc63e5dcb0/s3
2024-10-20 10:46:30,191 [main] TRACE util.FileUtils (FileUtils.java:deleteFully(318)) - deleteFully: target/test/data/d69430f5/MiniRaftClusterWithGrpc63e5dcb0/s3 does not exist.
2024-10-20 10:46:30,192 [main] INFO  impl.MiniRaftCluster (MiniRaftCluster.java:newRaftServer(401)) - Formatted directory target/test/data/d69430f5/MiniRaftClusterWithGrpc63e5dcb0/s3
2024-10-20 10:46:30,192 [main] INFO  server.RaftServer (ConfUtils.java:logGet(46)) - raft.rpc.type = GRPC (default)
2024-10-20 10:46:30,193 [main] INFO  grpc.GrpcConfigKeys (ConfUtils.java:logFallback(53)) - raft.grpc.admin.host = null (fallback to raft.grpc.server.host)
2024-10-20 10:46:30,193 [main] INFO  grpc.GrpcConfigKeys (ConfUtils.java:logGet(46)) - raft.grpc.admin.port = 15301 (custom)
2024-10-20 10:46:30,193 [main] INFO  grpc.GrpcConfigKeys (ConfUtils.java:logFallback(53)) - raft.grpc.client.host = null (fallback to raft.grpc.server.host)
2024-10-20 10:46:30,193 [main] INFO  grpc.GrpcConfigKeys (ConfUtils.java:logGet(46)) - raft.grpc.client.port = 15302 (custom)
2024-10-20 10:46:30,194 [main] INFO  grpc.GrpcConfigKeys (ConfUtils.java:logGet(46)) - raft.grpc.server.host = null (default)
2024-10-20 10:46:30,194 [main] INFO  grpc.GrpcConfigKeys (ConfUtils.java:logGet(46)) - raft.grpc.server.port = 15300 (custom)
2024-10-20 10:46:30,194 [main] INFO  server.GrpcServicesImpl (ConfUtils.java:logGet(46)) - raft.grpc.message.size.max = 64MB (=67108864) (default)
2024-10-20 10:46:30,194 [main] INFO  server.GrpcServicesImpl (ConfUtils.java:logGet(46)) - raft.grpc.flow.control.window = 1MB (=1048576) (default)
2024-10-20 10:46:30,194 [main] INFO  server.RaftServerConfigKeys (ConfUtils.java:logGet(46)) - raft.server.rpc.request.timeout = 3000ms (default)
2024-10-20 10:46:30,195 [main] INFO  grpc.GrpcConfigKeys (ConfUtils.java:logGet(46)) - raft.grpc.server.heartbeat.channel = true (default)
2024-10-20 10:46:30,195 [main] INFO  grpc.GrpcConfigKeys (ConfUtils.java:logGet(46)) - raft.grpc.server.zerocopy.enabled = true (custom)
2024-10-20 10:46:30,195 [main] INFO  server.RaftServerConfigKeys (ConfUtils.java:logGet(46)) - raft.server.log.appender.buffer.byte-limit = 4MB (=4194304) (default)
2024-10-20 10:46:30,196 [main] INFO  grpc.GrpcConfigKeys (ConfUtils.java:logGet(46)) - raft.grpc.server.async.request.thread.pool.cached = true (default)
2024-10-20 10:46:30,196 [main] INFO  grpc.GrpcConfigKeys (ConfUtils.java:logGet(46)) - raft.grpc.server.async.request.thread.pool.size = 32 (default)
2024-10-20 10:46:30,199 [main] INFO  impl.DataStreamServerImpl (ConfUtils.java:logGet(46)) - raft.datastream.type = DISABLED (default)
2024-10-20 10:46:30,199 [main] INFO  server.RaftServerConfigKeys (ConfUtils.java:logGet(46)) - raft.server.sleep.deviation.threshold = 300ms (default)
2024-10-20 10:46:30,199 [main] INFO  server.RaftServerConfigKeys (ConfUtils.java:logGet(46)) - raft.server.close.threshold = 60s (default)
2024-10-20 10:46:30,199 [main] INFO  server.RaftServerConfigKeys (ConfUtils.java:logGet(46)) - raft.server.leaderelection.leader.step-down.wait-time = 10s (default)
2024-10-20 10:46:30,200 [main] INFO  server.RaftServerConfigKeys (ConfUtils.java:logGet(46)) - raft.server.storage.dir = [/home/runner/work/ratis/ratis/ratis-test/target/test/data/d69430f5/MiniRaftClusterWithGrpc63e5dcb0/s3] (custom)
2024-10-20 10:46:30,200 [main] INFO  server.RaftServerConfigKeys (ConfUtils.java:logGet(46)) - raft.server.threadpool.proxy.cached = true (default)
2024-10-20 10:46:30,200 [main] INFO  server.RaftServerConfigKeys (ConfUtils.java:logGet(46)) - raft.server.threadpool.proxy.size = 0 (default)
2024-10-20 10:46:30,201 [main] INFO  server.RaftServer (RaftServerProxy.java:addNew(101)) - s3: addNew group-C240B23E34A7:[s3|localhost:15300, s4|localhost:15304, s0|localhost:15288, s1|localhost:15292, s2|localhost:15296] returns group-C240B23E34A7:java.util.concurrent.CompletableFuture@4583a186[Not completed]
2024-10-20 10:46:30,201 [main] INFO  impl.MiniRaftCluster (MiniRaftCluster.java:newRaftServer(396)) - newRaftServer: s4, group-C240B23E34A7:[s3|localhost:15300, s4|localhost:15304, s0|localhost:15288, s1|localhost:15292, s2|localhost:15296], format? true
2024-10-20 10:46:30,201 [main] TRACE util.FileUtils (FileUtils.java:deleteFully(305)) - deleteFully target/test/data/d69430f5/MiniRaftClusterWithGrpc63e5dcb0/s4
2024-10-20 10:46:30,201 [main] TRACE util.FileUtils (FileUtils.java:deleteFully(318)) - deleteFully: target/test/data/d69430f5/MiniRaftClusterWithGrpc63e5dcb0/s4 does not exist.
2024-10-20 10:46:30,201 [main] INFO  impl.MiniRaftCluster (MiniRaftCluster.java:newRaftServer(401)) - Formatted directory target/test/data/d69430f5/MiniRaftClusterWithGrpc63e5dcb0/s4
2024-10-20 10:46:30,202 [main] INFO  server.RaftServer (ConfUtils.java:logGet(46)) - raft.rpc.type = GRPC (default)
2024-10-20 10:46:30,202 [main] INFO  grpc.GrpcConfigKeys (ConfUtils.java:logFallback(53)) - raft.grpc.admin.host = null (fallback to raft.grpc.server.host)
2024-10-20 10:46:30,202 [main] INFO  grpc.GrpcConfigKeys (ConfUtils.java:logGet(46)) - raft.grpc.admin.port = 15305 (custom)
2024-10-20 10:46:30,202 [main] INFO  grpc.GrpcConfigKeys (ConfUtils.java:logFallback(53)) - raft.grpc.client.host = null (fallback to raft.grpc.server.host)
2024-10-20 10:46:30,202 [main] INFO  grpc.GrpcConfigKeys (ConfUtils.java:logGet(46)) - raft.grpc.client.port = 15306 (custom)
2024-10-20 10:46:30,203 [main] INFO  grpc.GrpcConfigKeys (ConfUtils.java:logGet(46)) - raft.grpc.server.host = null (default)
2024-10-20 10:46:30,203 [main] INFO  grpc.GrpcConfigKeys (ConfUtils.java:logGet(46)) - raft.grpc.server.port = 15304 (custom)
2024-10-20 10:46:30,203 [main] INFO  server.GrpcServicesImpl (ConfUtils.java:logGet(46)) - raft.grpc.message.size.max = 64MB (=67108864) (default)
2024-10-20 10:46:30,203 [main] INFO  server.GrpcServicesImpl (ConfUtils.java:logGet(46)) - raft.grpc.flow.control.window = 1MB (=1048576) (default)
2024-10-20 10:46:30,203 [main] INFO  server.RaftServerConfigKeys (ConfUtils.java:logGet(46)) - raft.server.rpc.request.timeout = 3000ms (default)
2024-10-20 10:46:30,204 [main] INFO  grpc.GrpcConfigKeys (ConfUtils.java:logGet(46)) - raft.grpc.server.heartbeat.channel = true (default)
2024-10-20 10:46:30,204 [main] INFO  grpc.GrpcConfigKeys (ConfUtils.java:logGet(46)) - raft.grpc.server.zerocopy.enabled = true (custom)
2024-10-20 10:46:30,204 [main] INFO  server.RaftServerConfigKeys (ConfUtils.java:logGet(46)) - raft.server.log.appender.buffer.byte-limit = 4MB (=4194304) (default)
2024-10-20 10:46:30,204 [main] INFO  grpc.GrpcConfigKeys (ConfUtils.java:logGet(46)) - raft.grpc.server.async.request.thread.pool.cached = true (default)
2024-10-20 10:46:30,204 [main] INFO  grpc.GrpcConfigKeys (ConfUtils.java:logGet(46)) - raft.grpc.server.async.request.thread.pool.size = 32 (default)
2024-10-20 10:46:30,205 [s3-groupManagement] INFO  server.RaftServer$Division (RaftServerImpl.java:<init>(257)) - s3: new RaftServerImpl for group-C240B23E34A7:[s3|localhost:15300, s4|localhost:15304, s0|localhost:15288, s1|localhost:15292, s2|localhost:15296] with BaseStateMachine:uninitialized
2024-10-20 10:46:30,206 [s3-groupManagement] INFO  server.RaftServerConfigKeys (ConfUtils.java:logGet(46)) - raft.server.rpc.timeout.min = 150ms (default)
2024-10-20 10:46:30,206 [s3-groupManagement] INFO  server.RaftServerConfigKeys (ConfUtils.java:logGet(46)) - raft.server.rpc.timeout.max = 300ms (default)
2024-10-20 10:46:30,206 [s3-groupManagement] INFO  server.RaftServerConfigKeys (ConfUtils.java:logGet(46)) - raft.server.rpc.sleep.time = 25ms (default)
2024-10-20 10:46:30,206 [s3-groupManagement] INFO  server.RaftServerConfigKeys (ConfUtils.java:logGet(46)) - raft.server.rpc.slowness.timeout = 60s (default)
2024-10-20 10:46:30,206 [s3-groupManagement] INFO  server.RaftServerConfigKeys (ConfUtils.java:logGet(46)) - raft.server.leaderelection.leader.step-down.wait-time = 10s (default)
2024-10-20 10:46:30,206 [s3-groupManagement] INFO  server.RaftServerConfigKeys (ConfUtils.java:logGet(46)) - raft.server.leaderelection.member.majority-add = false (default)
2024-10-20 10:46:30,206 [s3-groupManagement] INFO  server.RaftServerConfigKeys (ConfUtils.java:logGet(46)) - raft.server.sleep.deviation.threshold = 300ms (default)
2024-10-20 10:46:30,206 [s3-groupManagement] INFO  server.RaftServer$Division (ServerState.java:<init>(114)) - s3@group-C240B23E34A7: ConfigurationManager, init=conf: {index: -1, cur=peers:[s0|localhost:15288, s1|localhost:15292, s2|localhost:15296]|listeners:[s3|localhost:15300, s4|localhost:15304], old=null}, confs=<EMPTY_MAP>
2024-10-20 10:46:30,206 [s3-groupManagement] INFO  server.RaftServerConfigKeys (ConfUtils.java:logGet(46)) - raft.server.notification.no-leader.timeout = 60s (default)
2024-10-20 10:46:30,206 [s3-groupManagement] INFO  server.RaftServerConfigKeys (ConfUtils.java:logGet(46)) - raft.server.read.timeout = 10s (default)
2024-10-20 10:46:30,207 [s3-groupManagement] INFO  server.RaftServerConfigKeys (ConfUtils.java:logGet(46)) - raft.server.retrycache.expirytime = 60s (default)
2024-10-20 10:46:30,207 [main] INFO  impl.DataStreamServerImpl (ConfUtils.java:logGet(46)) - raft.datastream.type = DISABLED (default)
2024-10-20 10:46:30,207 [main] INFO  server.RaftServerConfigKeys (ConfUtils.java:logGet(46)) - raft.server.sleep.deviation.threshold = 300ms (default)
2024-10-20 10:46:30,207 [main] INFO  server.RaftServerConfigKeys (ConfUtils.java:logGet(46)) - raft.server.close.threshold = 60s (default)
2024-10-20 10:46:30,207 [main] INFO  server.RaftServerConfigKeys (ConfUtils.java:logGet(46)) - raft.server.leaderelection.leader.step-down.wait-time = 10s (default)
2024-10-20 10:46:30,208 [main] INFO  server.RaftServerConfigKeys (ConfUtils.java:logGet(46)) - raft.server.storage.dir = [/home/runner/work/ratis/ratis/ratis-test/target/test/data/d69430f5/MiniRaftClusterWithGrpc63e5dcb0/s4] (custom)
2024-10-20 10:46:30,208 [main] INFO  server.RaftServerConfigKeys (ConfUtils.java:logGet(46)) - raft.server.threadpool.proxy.cached = true (default)
2024-10-20 10:46:30,208 [main] INFO  server.RaftServerConfigKeys (ConfUtils.java:logGet(46)) - raft.server.threadpool.proxy.size = 0 (default)
2024-10-20 10:46:30,207 [s3-groupManagement] INFO  server.RaftServerConfigKeys (ConfUtils.java:logGet(46)) - raft.server.retrycache.statistics.expirytime = 100ms (default)
2024-10-20 10:46:30,209 [s3-groupManagement] INFO  server.RaftServerConfigKeys (ConfUtils.java:logGet(46)) - raft.server.read.option = DEFAULT (default)
2024-10-20 10:46:30,209 [s3-groupManagement] INFO  server.RaftServerConfigKeys (ConfUtils.java:logGet(46)) - raft.server.read.read-after-write-consistent.write-index-cache.expiry-time = 60s (default)
2024-10-20 10:46:30,211 [s3-groupManagement] INFO  server.RaftServerConfigKeys (ConfUtils.java:logGet(46)) - raft.server.rpc.request.timeout = 3000ms (default)
2024-10-20 10:46:30,211 [s3-groupManagement] INFO  server.RaftServerConfigKeys (ConfUtils.java:logGet(46)) - raft.server.log.appender.install.snapshot.enabled = true (default)
2024-10-20 10:46:30,211 [s3-groupManagement] INFO  server.RaftServerConfigKeys (ConfUtils.java:logGet(46)) - raft.server.threadpool.server.cached = true (default)
2024-10-20 10:46:30,211 [s3-groupManagement] INFO  server.RaftServerConfigKeys (ConfUtils.java:logGet(46)) - raft.server.threadpool.server.size = 0 (default)
2024-10-20 10:46:30,211 [s3-groupManagement] INFO  server.RaftServerConfigKeys (ConfUtils.java:logGet(46)) - raft.server.threadpool.client.cached = true (default)
2024-10-20 10:46:30,211 [s3-groupManagement] INFO  server.RaftServerConfigKeys (ConfUtils.java:logGet(46)) - raft.server.threadpool.client.size = 0 (default)
2024-10-20 10:46:30,211 [main] INFO  server.RaftServer (RaftServerProxy.java:addNew(101)) - s4: addNew group-C240B23E34A7:[s3|localhost:15300, s4|localhost:15304, s0|localhost:15288, s1|localhost:15292, s2|localhost:15296] returns group-C240B23E34A7:java.util.concurrent.CompletableFuture@15b882a0[Not completed]
2024-10-20 10:46:30,212 [main] INFO  impl.MiniRaftCluster (MiniRaftCluster.java:newRaftServer(396)) - newRaftServer: s0, group-C240B23E34A7:[s3|localhost:15300, s4|localhost:15304, s0|localhost:15288, s1|localhost:15292, s2|localhost:15296], format? true
2024-10-20 10:46:30,212 [main] TRACE util.FileUtils (FileUtils.java:deleteFully(305)) - deleteFully target/test/data/d69430f5/MiniRaftClusterWithGrpc63e5dcb0/s0
2024-10-20 10:46:30,212 [s4-groupManagement] INFO  server.RaftServer$Division (RaftServerImpl.java:<init>(257)) - s4: new RaftServerImpl for group-C240B23E34A7:[s3|localhost:15300, s4|localhost:15304, s0|localhost:15288, s1|localhost:15292, s2|localhost:15296] with BaseStateMachine:uninitialized
2024-10-20 10:46:30,212 [main] TRACE util.FileUtils (FileUtils.java:deleteFully(318)) - deleteFully: target/test/data/d69430f5/MiniRaftClusterWithGrpc63e5dcb0/s0 does not exist.
2024-10-20 10:46:30,212 [main] INFO  impl.MiniRaftCluster (MiniRaftCluster.java:newRaftServer(401)) - Formatted directory target/test/data/d69430f5/MiniRaftClusterWithGrpc63e5dcb0/s0
2024-10-20 10:46:30,212 [s4-groupManagement] INFO  server.RaftServerConfigKeys (ConfUtils.java:logGet(46)) - raft.server.rpc.timeout.min = 150ms (default)
2024-10-20 10:46:30,213 [s4-groupManagement] INFO  server.RaftServerConfigKeys (ConfUtils.java:logGet(46)) - raft.server.rpc.timeout.max = 300ms (default)
2024-10-20 10:46:30,213 [main] INFO  server.RaftServer (ConfUtils.java:logGet(46)) - raft.rpc.type = GRPC (default)
2024-10-20 10:46:30,213 [s4-groupManagement] INFO  server.RaftServerConfigKeys (ConfUtils.java:logGet(46)) - raft.server.rpc.sleep.time = 25ms (default)
2024-10-20 10:46:30,213 [main] INFO  grpc.GrpcConfigKeys (ConfUtils.java:logFallback(53)) - raft.grpc.admin.host = null (fallback to raft.grpc.server.host)
2024-10-20 10:46:30,213 [s4-groupManagement] INFO  server.RaftServerConfigKeys (ConfUtils.java:logGet(46)) - raft.server.rpc.slowness.timeout = 60s (default)
2024-10-20 10:46:30,213 [main] INFO  grpc.GrpcConfigKeys (ConfUtils.java:logGet(46)) - raft.grpc.admin.port = 15289 (custom)
2024-10-20 10:46:30,214 [main] INFO  grpc.GrpcConfigKeys (ConfUtils.java:logFallback(53)) - raft.grpc.client.host = null (fallback to raft.grpc.server.host)
2024-10-20 10:46:30,213 [s4-groupManagement] INFO  server.RaftServerConfigKeys (ConfUtils.java:logGet(46)) - raft.server.leaderelection.leader.step-down.wait-time = 10s (default)
2024-10-20 10:46:30,214 [main] INFO  grpc.GrpcConfigKeys (ConfUtils.java:logGet(46)) - raft.grpc.client.port = 15290 (custom)
2024-10-20 10:46:30,214 [main] INFO  grpc.GrpcConfigKeys (ConfUtils.java:logGet(46)) - raft.grpc.server.host = null (default)
2024-10-20 10:46:30,214 [s4-groupManagement] INFO  server.RaftServerConfigKeys (ConfUtils.java:logGet(46)) - raft.server.leaderelection.member.majority-add = false (default)
2024-10-20 10:46:30,214 [main] INFO  grpc.GrpcConfigKeys (ConfUtils.java:logGet(46)) - raft.grpc.server.port = 15288 (custom)
2024-10-20 10:46:30,214 [main] INFO  server.GrpcServicesImpl (ConfUtils.java:logGet(46)) - raft.grpc.message.size.max = 64MB (=67108864) (default)
2024-10-20 10:46:30,215 [main] INFO  server.GrpcServicesImpl (ConfUtils.java:logGet(46)) - raft.grpc.flow.control.window = 1MB (=1048576) (default)
2024-10-20 10:46:30,215 [main] INFO  server.RaftServerConfigKeys (ConfUtils.java:logGet(46)) - raft.server.rpc.request.timeout = 3000ms (default)
2024-10-20 10:46:30,215 [main] INFO  grpc.GrpcConfigKeys (ConfUtils.java:logGet(46)) - raft.grpc.server.heartbeat.channel = true (default)
2024-10-20 10:46:30,215 [main] INFO  grpc.GrpcConfigKeys (ConfUtils.java:logGet(46)) - raft.grpc.server.zerocopy.enabled = true (custom)
2024-10-20 10:46:30,215 [main] INFO  server.RaftServerConfigKeys (ConfUtils.java:logGet(46)) - raft.server.log.appender.buffer.byte-limit = 4MB (=4194304) (default)
2024-10-20 10:46:30,214 [s4-groupManagement] INFO  server.RaftServerConfigKeys (ConfUtils.java:logGet(46)) - raft.server.sleep.deviation.threshold = 300ms (default)
2024-10-20 10:46:30,216 [main] INFO  grpc.GrpcConfigKeys (ConfUtils.java:logGet(46)) - raft.grpc.server.async.request.thread.pool.cached = true (default)
2024-10-20 10:46:30,216 [main] INFO  grpc.GrpcConfigKeys (ConfUtils.java:logGet(46)) - raft.grpc.server.async.request.thread.pool.size = 32 (default)
2024-10-20 10:46:30,216 [s4-groupManagement] INFO  server.RaftServer$Division (ServerState.java:<init>(114)) - s4@group-C240B23E34A7: ConfigurationManager, init=conf: {index: -1, cur=peers:[s0|localhost:15288, s1|localhost:15292, s2|localhost:15296]|listeners:[s3|localhost:15300, s4|localhost:15304], old=null}, confs=<EMPTY_MAP>
2024-10-20 10:46:30,216 [s4-groupManagement] INFO  server.RaftServerConfigKeys (ConfUtils.java:logGet(46)) - raft.server.notification.no-leader.timeout = 60s (default)
2024-10-20 10:46:30,216 [s4-groupManagement] INFO  server.RaftServerConfigKeys (ConfUtils.java:logGet(46)) - raft.server.read.timeout = 10s (default)
2024-10-20 10:46:30,216 [s4-groupManagement] INFO  server.RaftServerConfigKeys (ConfUtils.java:logGet(46)) - raft.server.retrycache.expirytime = 60s (default)
2024-10-20 10:46:30,217 [s4-groupManagement] INFO  server.RaftServerConfigKeys (ConfUtils.java:logGet(46)) - raft.server.retrycache.statistics.expirytime = 100ms (default)
2024-10-20 10:46:30,217 [s4-groupManagement] INFO  server.RaftServerConfigKeys (ConfUtils.java:logGet(46)) - raft.server.read.option = DEFAULT (default)
2024-10-20 10:46:30,217 [s4-groupManagement] INFO  server.RaftServerConfigKeys (ConfUtils.java:logGet(46)) - raft.server.read.read-after-write-consistent.write-index-cache.expiry-time = 60s (default)
2024-10-20 10:46:30,218 [main] INFO  impl.DataStreamServerImpl (ConfUtils.java:logGet(46)) - raft.datastream.type = DISABLED (default)
2024-10-20 10:46:30,218 [main] INFO  server.RaftServerConfigKeys (ConfUtils.java:logGet(46)) - raft.server.sleep.deviation.threshold = 300ms (default)
2024-10-20 10:46:30,218 [main] INFO  server.RaftServerConfigKeys (ConfUtils.java:logGet(46)) - raft.server.close.threshold = 60s (default)
2024-10-20 10:46:30,218 [main] INFO  server.RaftServerConfigKeys (ConfUtils.java:logGet(46)) - raft.server.leaderelection.leader.step-down.wait-time = 10s (default)
2024-10-20 10:46:30,219 [main] INFO  server.RaftServerConfigKeys (ConfUtils.java:logGet(46)) - raft.server.storage.dir = [/home/runner/work/ratis/ratis/ratis-test/target/test/data/d69430f5/MiniRaftClusterWithGrpc63e5dcb0/s0] (custom)
2024-10-20 10:46:30,219 [main] INFO  server.RaftServerConfigKeys (ConfUtils.java:logGet(46)) - raft.server.threadpool.proxy.cached = true (default)
2024-10-20 10:46:30,219 [main] INFO  server.RaftServerConfigKeys (ConfUtils.java:logGet(46)) - raft.server.threadpool.proxy.size = 0 (default)
2024-10-20 10:46:30,219 [s4-groupManagement] INFO  server.RaftServerConfigKeys (ConfUtils.java:logGet(46)) - raft.server.rpc.request.timeout = 3000ms (default)
2024-10-20 10:46:30,219 [s4-groupManagement] INFO  server.RaftServerConfigKeys (ConfUtils.java:logGet(46)) - raft.server.log.appender.install.snapshot.enabled = true (default)
2024-10-20 10:46:30,220 [s4-groupManagement] INFO  server.RaftServerConfigKeys (ConfUtils.java:logGet(46)) - raft.server.threadpool.server.cached = true (default)
2024-10-20 10:46:30,220 [s4-groupManagement] INFO  server.RaftServerConfigKeys (ConfUtils.java:logGet(46)) - raft.server.threadpool.server.size = 0 (default)
2024-10-20 10:46:30,220 [s4-groupManagement] INFO  server.RaftServerConfigKeys (ConfUtils.java:logGet(46)) - raft.server.threadpool.client.cached = true (default)
2024-10-20 10:46:30,220 [s4-groupManagement] INFO  server.RaftServerConfigKeys (ConfUtils.java:logGet(46)) - raft.server.threadpool.client.size = 0 (default)
2024-10-20 10:46:30,223 [main] INFO  server.RaftServer (RaftServerProxy.java:addNew(101)) - s0: addNew group-C240B23E34A7:[s3|localhost:15300, s4|localhost:15304, s0|localhost:15288, s1|localhost:15292, s2|localhost:15296] returns group-C240B23E34A7:java.util.concurrent.CompletableFuture@6f404bc6[Not completed]
2024-10-20 10:46:30,223 [s0-groupManagement] INFO  server.RaftServer$Division (RaftServerImpl.java:<init>(257)) - s0: new RaftServerImpl for group-C240B23E34A7:[s3|localhost:15300, s4|localhost:15304, s0|localhost:15288, s1|localhost:15292, s2|localhost:15296] with BaseStateMachine:uninitialized
2024-10-20 10:46:30,223 [main] INFO  impl.MiniRaftCluster (MiniRaftCluster.java:newRaftServer(396)) - newRaftServer: s1, group-C240B23E34A7:[s3|localhost:15300, s4|localhost:15304, s0|localhost:15288, s1|localhost:15292, s2|localhost:15296], format? true
2024-10-20 10:46:30,224 [main] TRACE util.FileUtils (FileUtils.java:deleteFully(305)) - deleteFully target/test/data/d69430f5/MiniRaftClusterWithGrpc63e5dcb0/s1
2024-10-20 10:46:30,223 [s0-groupManagement] INFO  server.RaftServerConfigKeys (ConfUtils.java:logGet(46)) - raft.server.rpc.timeout.min = 150ms (default)
2024-10-20 10:46:30,224 [main] TRACE util.FileUtils (FileUtils.java:deleteFully(318)) - deleteFully: target/test/data/d69430f5/MiniRaftClusterWithGrpc63e5dcb0/s1 does not exist.
2024-10-20 10:46:30,224 [main] INFO  impl.MiniRaftCluster (MiniRaftCluster.java:newRaftServer(401)) - Formatted directory target/test/data/d69430f5/MiniRaftClusterWithGrpc63e5dcb0/s1
2024-10-20 10:46:30,224 [s0-groupManagement] INFO  server.RaftServerConfigKeys (ConfUtils.java:logGet(46)) - raft.server.rpc.timeout.max = 300ms (default)
2024-10-20 10:46:30,224 [s0-groupManagement] INFO  server.RaftServerConfigKeys (ConfUtils.java:logGet(46)) - raft.server.rpc.sleep.time = 25ms (default)
2024-10-20 10:46:30,224 [main] INFO  server.RaftServer (ConfUtils.java:logGet(46)) - raft.rpc.type = GRPC (default)
2024-10-20 10:46:30,224 [s0-groupManagement] INFO  server.RaftServerConfigKeys (ConfUtils.java:logGet(46)) - raft.server.rpc.slowness.timeout = 60s (default)
2024-10-20 10:46:30,225 [main] INFO  grpc.GrpcConfigKeys (ConfUtils.java:logFallback(53)) - raft.grpc.admin.host = null (fallback to raft.grpc.server.host)
2024-10-20 10:46:30,225 [s0-groupManagement] INFO  server.RaftServerConfigKeys (ConfUtils.java:logGet(46)) - raft.server.leaderelection.leader.step-down.wait-time = 10s (default)
2024-10-20 10:46:30,225 [main] INFO  grpc.GrpcConfigKeys (ConfUtils.java:logGet(46)) - raft.grpc.admin.port = 15293 (custom)
2024-10-20 10:46:30,225 [main] INFO  grpc.GrpcConfigKeys (ConfUtils.java:logFallback(53)) - raft.grpc.client.host = null (fallback to raft.grpc.server.host)
2024-10-20 10:46:30,225 [main] INFO  grpc.GrpcConfigKeys (ConfUtils.java:logGet(46)) - raft.grpc.client.port = 15294 (custom)
2024-10-20 10:46:30,225 [main] INFO  grpc.GrpcConfigKeys (ConfUtils.java:logGet(46)) - raft.grpc.server.host = null (default)
2024-10-20 10:46:30,226 [main] INFO  grpc.GrpcConfigKeys (ConfUtils.java:logGet(46)) - raft.grpc.server.port = 15292 (custom)
2024-10-20 10:46:30,226 [main] INFO  server.GrpcServicesImpl (ConfUtils.java:logGet(46)) - raft.grpc.message.size.max = 64MB (=67108864) (default)
2024-10-20 10:46:30,226 [main] INFO  server.GrpcServicesImpl (ConfUtils.java:logGet(46)) - raft.grpc.flow.control.window = 1MB (=1048576) (default)
2024-10-20 10:46:30,226 [main] INFO  server.RaftServerConfigKeys (ConfUtils.java:logGet(46)) - raft.server.rpc.request.timeout = 3000ms (default)
2024-10-20 10:46:30,226 [main] INFO  grpc.GrpcConfigKeys (ConfUtils.java:logGet(46)) - raft.grpc.server.heartbeat.channel = true (default)
2024-10-20 10:46:30,227 [main] INFO  grpc.GrpcConfigKeys (ConfUtils.java:logGet(46)) - raft.grpc.server.zerocopy.enabled = true (custom)
2024-10-20 10:46:30,227 [main] INFO  server.RaftServerConfigKeys (ConfUtils.java:logGet(46)) - raft.server.log.appender.buffer.byte-limit = 4MB (=4194304) (default)
2024-10-20 10:46:30,227 [main] INFO  grpc.GrpcConfigKeys (ConfUtils.java:logGet(46)) - raft.grpc.server.async.request.thread.pool.cached = true (default)
2024-10-20 10:46:30,227 [main] INFO  grpc.GrpcConfigKeys (ConfUtils.java:logGet(46)) - raft.grpc.server.async.request.thread.pool.size = 32 (default)
2024-10-20 10:46:30,229 [main] INFO  impl.DataStreamServerImpl (ConfUtils.java:logGet(46)) - raft.datastream.type = DISABLED (default)
2024-10-20 10:46:30,235 [main] INFO  server.RaftServerConfigKeys (ConfUtils.java:logGet(46)) - raft.server.sleep.deviation.threshold = 300ms (default)
2024-10-20 10:46:30,235 [main] INFO  server.RaftServerConfigKeys (ConfUtils.java:logGet(46)) - raft.server.close.threshold = 60s (default)
2024-10-20 10:46:30,235 [main] INFO  server.RaftServerConfigKeys (ConfUtils.java:logGet(46)) - raft.server.leaderelection.leader.step-down.wait-time = 10s (default)
2024-10-20 10:46:30,235 [main] INFO  server.RaftServerConfigKeys (ConfUtils.java:logGet(46)) - raft.server.storage.dir = [/home/runner/work/ratis/ratis/ratis-test/target/test/data/d69430f5/MiniRaftClusterWithGrpc63e5dcb0/s1] (custom)
2024-10-20 10:46:30,236 [main] INFO  server.RaftServerConfigKeys (ConfUtils.java:logGet(46)) - raft.server.threadpool.proxy.cached = true (default)
2024-10-20 10:46:30,236 [main] INFO  server.RaftServerConfigKeys (ConfUtils.java:logGet(46)) - raft.server.threadpool.proxy.size = 0 (default)
2024-10-20 10:46:30,225 [s0-groupManagement] INFO  server.RaftServerConfigKeys (ConfUtils.java:logGet(46)) - raft.server.leaderelection.member.majority-add = false (default)
2024-10-20 10:46:30,236 [s0-groupManagement] INFO  server.RaftServerConfigKeys (ConfUtils.java:logGet(46)) - raft.server.sleep.deviation.threshold = 300ms (default)
2024-10-20 10:46:30,236 [s0-groupManagement] INFO  server.RaftServer$Division (ServerState.java:<init>(114)) - s0@group-C240B23E34A7: ConfigurationManager, init=conf: {index: -1, cur=peers:[s0|localhost:15288, s1|localhost:15292, s2|localhost:15296]|listeners:[s3|localhost:15300, s4|localhost:15304], old=null}, confs=<EMPTY_MAP>
2024-10-20 10:46:30,236 [s0-groupManagement] INFO  server.RaftServerConfigKeys (ConfUtils.java:logGet(46)) - raft.server.notification.no-leader.timeout = 60s (default)
2024-10-20 10:46:30,237 [s0-groupManagement] INFO  server.RaftServerConfigKeys (ConfUtils.java:logGet(46)) - raft.server.read.timeout = 10s (default)
2024-10-20 10:46:30,237 [s0-groupManagement] INFO  server.RaftServerConfigKeys (ConfUtils.java:logGet(46)) - raft.server.retrycache.expirytime = 60s (default)
2024-10-20 10:46:30,237 [s0-groupManagement] INFO  server.RaftServerConfigKeys (ConfUtils.java:logGet(46)) - raft.server.retrycache.statistics.expirytime = 100ms (default)
2024-10-20 10:46:30,237 [s0-groupManagement] INFO  server.RaftServerConfigKeys (ConfUtils.java:logGet(46)) - raft.server.read.option = DEFAULT (default)
2024-10-20 10:46:30,237 [s0-groupManagement] INFO  server.RaftServerConfigKeys (ConfUtils.java:logGet(46)) - raft.server.read.read-after-write-consistent.write-index-cache.expiry-time = 60s (default)
2024-10-20 10:46:30,239 [s0-groupManagement] INFO  server.RaftServerConfigKeys (ConfUtils.java:logGet(46)) - raft.server.rpc.request.timeout = 3000ms (default)
2024-10-20 10:46:30,239 [s0-groupManagement] INFO  server.RaftServerConfigKeys (ConfUtils.java:logGet(46)) - raft.server.log.appender.install.snapshot.enabled = true (default)
2024-10-20 10:46:30,239 [s0-groupManagement] INFO  server.RaftServerConfigKeys (ConfUtils.java:logGet(46)) - raft.server.threadpool.server.cached = true (default)
2024-10-20 10:46:30,239 [s0-groupManagement] INFO  server.RaftServerConfigKeys (ConfUtils.java:logGet(46)) - raft.server.threadpool.server.size = 0 (default)
2024-10-20 10:46:30,239 [s0-groupManagement] INFO  server.RaftServerConfigKeys (ConfUtils.java:logGet(46)) - raft.server.threadpool.client.cached = true (default)
2024-10-20 10:46:30,239 [s0-groupManagement] INFO  server.RaftServerConfigKeys (ConfUtils.java:logGet(46)) - raft.server.threadpool.client.size = 0 (default)
2024-10-20 10:46:30,239 [main] INFO  server.RaftServer (RaftServerProxy.java:addNew(101)) - s1: addNew group-C240B23E34A7:[s3|localhost:15300, s4|localhost:15304, s0|localhost:15288, s1|localhost:15292, s2|localhost:15296] returns group-C240B23E34A7:java.util.concurrent.CompletableFuture@1f4d9c7f[Not completed]
2024-10-20 10:46:30,240 [main] INFO  impl.MiniRaftCluster (MiniRaftCluster.java:newRaftServer(396)) - newRaftServer: s2, group-C240B23E34A7:[s3|localhost:15300, s4|localhost:15304, s0|localhost:15288, s1|localhost:15292, s2|localhost:15296], format? true
2024-10-20 10:46:30,240 [main] TRACE util.FileUtils (FileUtils.java:deleteFully(305)) - deleteFully target/test/data/d69430f5/MiniRaftClusterWithGrpc63e5dcb0/s2
2024-10-20 10:46:30,240 [main] TRACE util.FileUtils (FileUtils.java:deleteFully(318)) - deleteFully: target/test/data/d69430f5/MiniRaftClusterWithGrpc63e5dcb0/s2 does not exist.
2024-10-20 10:46:30,240 [main] INFO  impl.MiniRaftCluster (MiniRaftCluster.java:newRaftServer(401)) - Formatted directory target/test/data/d69430f5/MiniRaftClusterWithGrpc63e5dcb0/s2
2024-10-20 10:46:30,241 [main] INFO  server.RaftServer (ConfUtils.java:logGet(46)) - raft.rpc.type = GRPC (default)
2024-10-20 10:46:30,241 [main] INFO  grpc.GrpcConfigKeys (ConfUtils.java:logFallback(53)) - raft.grpc.admin.host = null (fallback to raft.grpc.server.host)
2024-10-20 10:46:30,241 [main] INFO  grpc.GrpcConfigKeys (ConfUtils.java:logGet(46)) - raft.grpc.admin.port = 15297 (custom)
2024-10-20 10:46:30,241 [main] INFO  grpc.GrpcConfigKeys (ConfUtils.java:logFallback(53)) - raft.grpc.client.host = null (fallback to raft.grpc.server.host)
2024-10-20 10:46:30,241 [main] INFO  grpc.GrpcConfigKeys (ConfUtils.java:logGet(46)) - raft.grpc.client.port = 15298 (custom)
2024-10-20 10:46:30,241 [main] INFO  grpc.GrpcConfigKeys (ConfUtils.java:logGet(46)) - raft.grpc.server.host = null (default)
2024-10-20 10:46:30,242 [main] INFO  grpc.GrpcConfigKeys (ConfUtils.java:logGet(46)) - raft.grpc.server.port = 15296 (custom)
2024-10-20 10:46:30,242 [main] INFO  server.GrpcServicesImpl (ConfUtils.java:logGet(46)) - raft.grpc.message.size.max = 64MB (=67108864) (default)
2024-10-20 10:46:30,242 [main] INFO  server.GrpcServicesImpl (ConfUtils.java:logGet(46)) - raft.grpc.flow.control.window = 1MB (=1048576) (default)
2024-10-20 10:46:30,242 [main] INFO  server.RaftServerConfigKeys (ConfUtils.java:logGet(46)) - raft.server.rpc.request.timeout = 3000ms (default)
2024-10-20 10:46:30,242 [main] INFO  grpc.GrpcConfigKeys (ConfUtils.java:logGet(46)) - raft.grpc.server.heartbeat.channel = true (default)
2024-10-20 10:46:30,243 [main] INFO  grpc.GrpcConfigKeys (ConfUtils.java:logGet(46)) - raft.grpc.server.zerocopy.enabled = true (custom)
2024-10-20 10:46:30,243 [main] INFO  server.RaftServerConfigKeys (ConfUtils.java:logGet(46)) - raft.server.log.appender.buffer.byte-limit = 4MB (=4194304) (default)
2024-10-20 10:46:30,243 [main] INFO  grpc.GrpcConfigKeys (ConfUtils.java:logGet(46)) - raft.grpc.server.async.request.thread.pool.cached = true (default)
2024-10-20 10:46:30,243 [main] INFO  grpc.GrpcConfigKeys (ConfUtils.java:logGet(46)) - raft.grpc.server.async.request.thread.pool.size = 32 (default)
2024-10-20 10:46:30,245 [main] INFO  impl.DataStreamServerImpl (ConfUtils.java:logGet(46)) - raft.datastream.type = DISABLED (default)
2024-10-20 10:46:30,245 [main] INFO  server.RaftServerConfigKeys (ConfUtils.java:logGet(46)) - raft.server.sleep.deviation.threshold = 300ms (default)
2024-10-20 10:46:30,246 [main] INFO  server.RaftServerConfigKeys (ConfUtils.java:logGet(46)) - raft.server.close.threshold = 60s (default)
2024-10-20 10:46:30,246 [main] INFO  server.RaftServerConfigKeys (ConfUtils.java:logGet(46)) - raft.server.leaderelection.leader.step-down.wait-time = 10s (default)
2024-10-20 10:46:30,246 [main] INFO  server.RaftServerConfigKeys (ConfUtils.java:logGet(46)) - raft.server.storage.dir = [/home/runner/work/ratis/ratis/ratis-test/target/test/data/d69430f5/MiniRaftClusterWithGrpc63e5dcb0/s2] (custom)
2024-10-20 10:46:30,246 [main] INFO  server.RaftServerConfigKeys (ConfUtils.java:logGet(46)) - raft.server.threadpool.proxy.cached = true (default)
2024-10-20 10:46:30,246 [main] INFO  server.RaftServerConfigKeys (ConfUtils.java:logGet(46)) - raft.server.threadpool.proxy.size = 0 (default)
2024-10-20 10:46:30,247 [s1-groupManagement] INFO  server.RaftServer$Division (RaftServerImpl.java:<init>(257)) - s1: new RaftServerImpl for group-C240B23E34A7:[s3|localhost:15300, s4|localhost:15304, s0|localhost:15288, s1|localhost:15292, s2|localhost:15296] with BaseStateMachine:uninitialized
2024-10-20 10:46:30,247 [s1-groupManagement] INFO  server.RaftServerConfigKeys (ConfUtils.java:logGet(46)) - raft.server.rpc.timeout.min = 150ms (default)
2024-10-20 10:46:30,247 [s1-groupManagement] INFO  server.RaftServerConfigKeys (ConfUtils.java:logGet(46)) - raft.server.rpc.timeout.max = 300ms (default)
2024-10-20 10:46:30,247 [s1-groupManagement] INFO  server.RaftServerConfigKeys (ConfUtils.java:logGet(46)) - raft.server.rpc.sleep.time = 25ms (default)
2024-10-20 10:46:30,247 [s1-groupManagement] INFO  server.RaftServerConfigKeys (ConfUtils.java:logGet(46)) - raft.server.rpc.slowness.timeout = 60s (default)
2024-10-20 10:46:30,247 [s1-groupManagement] INFO  server.RaftServerConfigKeys (ConfUtils.java:logGet(46)) - raft.server.leaderelection.leader.step-down.wait-time = 10s (default)
2024-10-20 10:46:30,247 [s1-groupManagement] INFO  server.RaftServerConfigKeys (ConfUtils.java:logGet(46)) - raft.server.leaderelection.member.majority-add = false (default)
2024-10-20 10:46:30,248 [s1-groupManagement] INFO  server.RaftServerConfigKeys (ConfUtils.java:logGet(46)) - raft.server.sleep.deviation.threshold = 300ms (default)
2024-10-20 10:46:30,248 [s1-groupManagement] INFO  server.RaftServer$Division (ServerState.java:<init>(114)) - s1@group-C240B23E34A7: ConfigurationManager, init=conf: {index: -1, cur=peers:[s0|localhost:15288, s1|localhost:15292, s2|localhost:15296]|listeners:[s3|localhost:15300, s4|localhost:15304], old=null}, confs=<EMPTY_MAP>
2024-10-20 10:46:30,248 [s1-groupManagement] INFO  server.RaftServerConfigKeys (ConfUtils.java:logGet(46)) - raft.server.notification.no-leader.timeout = 60s (default)
2024-10-20 10:46:30,248 [s1-groupManagement] INFO  server.RaftServerConfigKeys (ConfUtils.java:logGet(46)) - raft.server.read.timeout = 10s (default)
2024-10-20 10:46:30,248 [s1-groupManagement] INFO  server.RaftServerConfigKeys (ConfUtils.java:logGet(46)) - raft.server.retrycache.expirytime = 60s (default)
2024-10-20 10:46:30,248 [s1-groupManagement] INFO  server.RaftServerConfigKeys (ConfUtils.java:logGet(46)) - raft.server.retrycache.statistics.expirytime = 100ms (default)
2024-10-20 10:46:30,248 [s1-groupManagement] INFO  server.RaftServerConfigKeys (ConfUtils.java:logGet(46)) - raft.server.read.option = DEFAULT (default)
2024-10-20 10:46:30,248 [s1-groupManagement] INFO  server.RaftServerConfigKeys (ConfUtils.java:logGet(46)) - raft.server.read.read-after-write-consistent.write-index-cache.expiry-time = 60s (default)
2024-10-20 10:46:30,250 [s1-groupManagement] INFO  server.RaftServerConfigKeys (ConfUtils.java:logGet(46)) - raft.server.rpc.request.timeout = 3000ms (default)
2024-10-20 10:46:30,250 [s1-groupManagement] INFO  server.RaftServerConfigKeys (ConfUtils.java:logGet(46)) - raft.server.log.appender.install.snapshot.enabled = true (default)
2024-10-20 10:46:30,250 [s1-groupManagement] INFO  server.RaftServerConfigKeys (ConfUtils.java:logGet(46)) - raft.server.threadpool.server.cached = true (default)
2024-10-20 10:46:30,250 [s1-groupManagement] INFO  server.RaftServerConfigKeys (ConfUtils.java:logGet(46)) - raft.server.threadpool.server.size = 0 (default)
2024-10-20 10:46:30,250 [s1-groupManagement] INFO  server.RaftServerConfigKeys (ConfUtils.java:logGet(46)) - raft.server.threadpool.client.cached = true (default)
2024-10-20 10:46:30,250 [s1-groupManagement] INFO  server.RaftServerConfigKeys (ConfUtils.java:logGet(46)) - raft.server.threadpool.client.size = 0 (default)
2024-10-20 10:46:30,250 [main] INFO  server.RaftServer (RaftServerProxy.java:addNew(101)) - s2: addNew group-C240B23E34A7:[s3|localhost:15300, s4|localhost:15304, s0|localhost:15288, s1|localhost:15292, s2|localhost:15296] returns group-C240B23E34A7:java.util.concurrent.CompletableFuture@12ce659[Not completed]
2024-10-20 10:46:30,251 [s3-impl-thread1] INFO  server.RaftServerConfigKeys (ConfUtils.java:logGet(46)) - raft.server.storage.free-space.min = 0MB (=0) (default)
2024-10-20 10:46:30,251 [s3-impl-thread1] INFO  server.RaftServerConfigKeys (ConfUtils.java:logGet(46)) - raft.server.log.corruption.policy = EXCEPTION (default)
2024-10-20 10:46:30,251 [s3-impl-thread1] INFO  server.RaftServerConfigKeys (ConfUtils.java:logGet(46)) - raft.server.storage.dir = [/home/runner/work/ratis/ratis/ratis-test/target/test/data/d69430f5/MiniRaftClusterWithGrpc63e5dcb0/s3] (custom)
2024-10-20 10:46:30,251 [s3-impl-thread1] INFO  storage.RaftStorageDirectory (RaftStorageDirectoryImpl.java:analyzeStorage(138)) - The storage directory /home/runner/work/ratis/ratis/ratis-test/target/test/data/d69430f5/MiniRaftClusterWithGrpc63e5dcb0/s3/b095d642-4148-4fb2-afd1-c240b23e34a7 does not exist. Creating ...
2024-10-20 10:46:30,252 [s3-impl-thread1] TRACE util.FileUtils (LogUtils.java:runAndLog(49)) - Successfully ran Files.createDirectories /home/runner/work/ratis/ratis/ratis-test/target/test/data/d69430f5/MiniRaftClusterWithGrpc63e5dcb0/s3/b095d642-4148-4fb2-afd1-c240b23e34a7
2024-10-20 10:46:30,254 [s3-impl-thread1] INFO  storage.RaftStorageDirectory (RaftStorageDirectoryImpl.java:tryLock(229)) - Lock on /home/runner/work/ratis/ratis/ratis-test/target/test/data/d69430f5/MiniRaftClusterWithGrpc63e5dcb0/s3/b095d642-4148-4fb2-afd1-c240b23e34a7/in_use.lock acquired by nodename 10902@fv-az889-899
2024-10-20 10:46:30,254 [s3-impl-thread1] TRACE util.FileUtils (LogUtils.java:runAndLog(49)) - Successfully ran Files.createDirectories /home/runner/work/ratis/ratis/ratis-test/target/test/data/d69430f5/MiniRaftClusterWithGrpc63e5dcb0/s3/b095d642-4148-4fb2-afd1-c240b23e34a7/current
2024-10-20 10:46:30,254 [s3-impl-thread1] TRACE util.FileUtils (LogUtils.java:runAndLog(49)) - Successfully ran Files.createDirectories /home/runner/work/ratis/ratis/ratis-test/target/test/data/d69430f5/MiniRaftClusterWithGrpc63e5dcb0/s3/b095d642-4148-4fb2-afd1-c240b23e34a7/sm
2024-10-20 10:46:30,254 [s3-impl-thread1] TRACE util.FileUtils (LogUtils.java:supplyAndLog(69)) - Successfully supplied FileChannel.open /home/runner/work/ratis/ratis/ratis-test/target/test/data/d69430f5/MiniRaftClusterWithGrpc63e5dcb0/s3/b095d642-4148-4fb2-afd1-c240b23e34a7/current/raft-meta.tmp with options [CREATE, WRITE]: sun.nio.ch.FileChannelImpl@7e0f82c5
2024-10-20 10:46:30,251 [s2-groupManagement] INFO  server.RaftServer$Division (RaftServerImpl.java:<init>(257)) - s2: new RaftServerImpl for group-C240B23E34A7:[s3|localhost:15300, s4|localhost:15304, s0|localhost:15288, s1|localhost:15292, s2|localhost:15296] with BaseStateMachine:uninitialized
2024-10-20 10:46:30,256 [s2-groupManagement] INFO  server.RaftServerConfigKeys (ConfUtils.java:logGet(46)) - raft.server.rpc.timeout.min = 150ms (default)
2024-10-20 10:46:30,256 [s2-groupManagement] INFO  server.RaftServerConfigKeys (ConfUtils.java:logGet(46)) - raft.server.rpc.timeout.max = 300ms (default)
2024-10-20 10:46:30,256 [s2-groupManagement] INFO  server.RaftServerConfigKeys (ConfUtils.java:logGet(46)) - raft.server.rpc.sleep.time = 25ms (default)
2024-10-20 10:46:30,256 [s2-groupManagement] INFO  server.RaftServerConfigKeys (ConfUtils.java:logGet(46)) - raft.server.rpc.slowness.timeout = 60s (default)
2024-10-20 10:46:30,256 [s2-groupManagement] INFO  server.RaftServerConfigKeys (ConfUtils.java:logGet(46)) - raft.server.leaderelection.leader.step-down.wait-time = 10s (default)
2024-10-20 10:46:30,256 [s3-impl-thread1] TRACE util.FileUtils (LogUtils.java:runAndLog(49)) - Successfully ran Atomic Files.move /home/runner/work/ratis/ratis/ratis-test/target/test/data/d69430f5/MiniRaftClusterWithGrpc63e5dcb0/s3/b095d642-4148-4fb2-afd1-c240b23e34a7/current/raft-meta.tmp to /home/runner/work/ratis/ratis/ratis-test/target/test/data/d69430f5/MiniRaftClusterWithGrpc63e5dcb0/s3/b095d642-4148-4fb2-afd1-c240b23e34a7/current/raft-meta with options [REPLACE_EXISTING]
2024-10-20 10:46:30,256 [s3-impl-thread1] INFO  storage.RaftStorage (RaftStorageImpl.java:format(98)) - Storage directory /home/runner/work/ratis/ratis/ratis-test/target/test/data/d69430f5/MiniRaftClusterWithGrpc63e5dcb0/s3/b095d642-4148-4fb2-afd1-c240b23e34a7 has been successfully formatted.
2024-10-20 10:46:30,256 [s2-groupManagement] INFO  server.RaftServerConfigKeys (ConfUtils.java:logGet(46)) - raft.server.leaderelection.member.majority-add = false (default)
2024-10-20 10:46:30,256 [s2-groupManagement] INFO  server.RaftServerConfigKeys (ConfUtils.java:logGet(46)) - raft.server.sleep.deviation.threshold = 300ms (default)
2024-10-20 10:46:30,256 [s3-impl-thread1] INFO  server.RaftServerConfigKeys (ConfUtils.java:logGet(46)) - raft.server.log.use.memory = false (default)
2024-10-20 10:46:30,256 [s2-groupManagement] INFO  server.RaftServer$Division (ServerState.java:<init>(114)) - s2@group-C240B23E34A7: ConfigurationManager, init=conf: {index: -1, cur=peers:[s0|localhost:15288, s1|localhost:15292, s2|localhost:15296]|listeners:[s3|localhost:15300, s4|localhost:15304], old=null}, confs=<EMPTY_MAP>
2024-10-20 10:46:30,256 [s2-groupManagement] INFO  server.RaftServerConfigKeys (ConfUtils.java:logGet(46)) - raft.server.notification.no-leader.timeout = 60s (default)
2024-10-20 10:46:30,257 [s3-impl-thread1] INFO  server.RaftServerConfigKeys (ConfUtils.java:logGet(46)) - raft.server.log.purge.gap = 1024 (default)
2024-10-20 10:46:30,257 [s3-impl-thread1] INFO  server.RaftServerConfigKeys (ConfUtils.java:logGet(46)) - raft.server.log.appender.buffer.byte-limit = 4MB (=4194304) (default)
2024-10-20 10:46:30,257 [s2-groupManagement] INFO  server.RaftServerConfigKeys (ConfUtils.java:logGet(46)) - raft.server.read.timeout = 10s (default)
2024-10-20 10:46:30,257 [s3-impl-thread1] INFO  server.RaftServerConfigKeys (ConfUtils.java:logGet(46)) - raft.server.log.statemachine.data.read.timeout = 1000ms (default)
2024-10-20 10:46:30,257 [s2-groupManagement] INFO  server.RaftServerConfigKeys (ConfUtils.java:logGet(46)) - raft.server.retrycache.expirytime = 60s (default)
2024-10-20 10:46:30,257 [s2-groupManagement] INFO  server.RaftServerConfigKeys (ConfUtils.java:logGet(46)) - raft.server.retrycache.statistics.expirytime = 100ms (default)
2024-10-20 10:46:30,257 [s3-impl-thread1] INFO  server.RaftServerConfigKeys (ConfUtils.java:logGet(46)) - raft.server.log.purge.preservation.log.num = 0 (default)
2024-10-20 10:46:30,257 [s2-groupManagement] INFO  server.RaftServerConfigKeys (ConfUtils.java:logGet(46)) - raft.server.read.option = DEFAULT (default)
2024-10-20 10:46:30,257 [s2-groupManagement] INFO  server.RaftServerConfigKeys (ConfUtils.java:logGet(46)) - raft.server.read.read-after-write-consistent.write-index-cache.expiry-time = 60s (default)
2024-10-20 10:46:30,258 [s3-impl-thread1] INFO  server.RaftServerConfigKeys (ConfUtils.java:logGet(46)) - raft.server.log.segment.size.max = 32MB (=33554432) (default)
2024-10-20 10:46:30,258 [s3-impl-thread1] INFO  server.RaftServerConfigKeys (ConfUtils.java:logGet(46)) - raft.server.log.segment.cache.num.max = 6 (default)
2024-10-20 10:46:30,258 [s3-impl-thread1] INFO  server.RaftServerConfigKeys (ConfUtils.java:logGet(46)) - raft.server.log.segment.cache.size.max = 200MB (=209715200) (default)
2024-10-20 10:46:30,258 [s3-impl-thread1] INFO  server.RaftServerConfigKeys (ConfUtils.java:logGet(46)) - raft.server.log.appender.buffer.byte-limit = 4MB (=4194304) (default)
2024-10-20 10:46:30,263 [s3-impl-thread1] INFO  util.AwaitToRun (AwaitToRun.java:start(81)) - Thread[s3@group-C240B23E34A7-cacheEviction-AwaitToRun,5,main] started
2024-10-20 10:46:30,263 [s3-impl-thread1] INFO  segmented.SegmentedRaftLogWorker (SegmentedRaftLogWorker.java:<init>(188)) - new s3@group-C240B23E34A7-SegmentedRaftLogWorker for RaftStorageImpl:Storage Directory /home/runner/work/ratis/ratis/ratis-test/target/test/data/d69430f5/MiniRaftClusterWithGrpc63e5dcb0/s3/b095d642-4148-4fb2-afd1-c240b23e34a7
2024-10-20 10:46:30,263 [s3-impl-thread1] INFO  server.RaftServerConfigKeys (ConfUtils.java:logGet(46)) - raft.server.log.queue.byte-limit = 64MB (=67108864) (default)
2024-10-20 10:46:30,263 [s3-impl-thread1] INFO  server.RaftServerConfigKeys (ConfUtils.java:logGet(46)) - raft.server.log.queue.element-limit = 4096 (default)
2024-10-20 10:46:30,263 [s3-impl-thread1] INFO  server.RaftServerConfigKeys (ConfUtils.java:logGet(46)) - raft.server.log.segment.size.max = 32MB (=33554432) (default)
2024-10-20 10:46:30,263 [s3-impl-thread1] INFO  server.RaftServerConfigKeys (ConfUtils.java:logGet(46)) - raft.server.log.preallocated.size = 4MB (=4194304) (default)
2024-10-20 10:46:30,266 [s3-impl-thread1] INFO  server.RaftServerConfigKeys (ConfUtils.java:logGet(46)) - raft.server.log.force.sync.num = 128 (default)
2024-10-20 10:46:30,266 [s3-impl-thread1] INFO  server.RaftServerConfigKeys (ConfUtils.java:logGet(46)) - raft.server.log.statemachine.data.sync = true (default)
2024-10-20 10:46:30,266 [s3-impl-thread1] INFO  server.RaftServerConfigKeys (ConfUtils.java:logGet(46)) - raft.server.log.statemachine.data.sync.timeout = 10s (default)
2024-10-20 10:46:30,266 [s3-impl-thread1] INFO  server.RaftServerConfigKeys (ConfUtils.java:logGet(46)) - raft.server.log.statemachine.data.sync.timeout.retry = -1 (default)
2024-10-20 10:46:30,267 [s3-impl-thread1] INFO  server.RaftServerConfigKeys (ConfUtils.java:logGet(46)) - raft.server.log.write.buffer.size = 8MB (=8388608) (default)
2024-10-20 10:46:30,267 [s3-impl-thread1] INFO  server.RaftServerConfigKeys (ConfUtils.java:logGet(46)) - raft.server.log.appender.buffer.byte-limit = 4MB (=4194304) (default)
2024-10-20 10:46:30,267 [s3-impl-thread1] INFO  server.RaftServerConfigKeys (ConfUtils.java:logGet(46)) - raft.server.log.unsafe-flush.enabled = false (default)
2024-10-20 10:46:30,267 [s3-impl-thread1] INFO  server.RaftServerConfigKeys (ConfUtils.java:logGet(46)) - raft.server.log.async-flush.enabled = false (default)
2024-10-20 10:46:30,267 [s3-impl-thread1] INFO  server.RaftServerConfigKeys (ConfUtils.java:logGet(46)) - raft.server.log.statemachine.data.caching.enabled = false (default)
2024-10-20 10:46:30,268 [s3-impl-thread1] INFO  segmented.SegmentedRaftLogWorker (SegmentedRaftLogWorker.java:lambda$new$0(139)) - s3@group-C240B23E34A7-SegmentedRaftLogWorker: flushIndex: setUnconditionally 0 -> -1
2024-10-20 10:46:30,268 [s3-impl-thread1] INFO  segmented.SegmentedRaftLogWorker (SegmentedRaftLogWorker.java:lambda$new$0(139)) - s3@group-C240B23E34A7-SegmentedRaftLogWorker: safeCacheEvictIndex: setUnconditionally 0 -> -1
2024-10-20 10:46:30,266 [s2-groupManagement] INFO  server.RaftServerConfigKeys (ConfUtils.java:logGet(46)) - raft.server.rpc.request.timeout = 3000ms (default)
2024-10-20 10:46:30,268 [s2-groupManagement] INFO  server.RaftServerConfigKeys (ConfUtils.java:logGet(46)) - raft.server.log.appender.install.snapshot.enabled = true (default)
2024-10-20 10:46:30,268 [s2-groupManagement] INFO  server.RaftServerConfigKeys (ConfUtils.java:logGet(46)) - raft.server.threadpool.server.cached = true (default)
2024-10-20 10:46:30,268 [s2-groupManagement] INFO  server.RaftServerConfigKeys (ConfUtils.java:logGet(46)) - raft.server.threadpool.server.size = 0 (default)
2024-10-20 10:46:30,268 [s2-groupManagement] INFO  server.RaftServerConfigKeys (ConfUtils.java:logGet(46)) - raft.server.threadpool.client.cached = true (default)
2024-10-20 10:46:30,268 [s2-groupManagement] INFO  server.RaftServerConfigKeys (ConfUtils.java:logGet(46)) - raft.server.threadpool.client.size = 0 (default)
2024-10-20 10:46:30,275 [s3-impl-thread1] INFO  server.RaftServer$Division (RaftServerImpl.java:start(396)) - s3@group-C240B23E34A7: start as a listener, conf=conf: {index: -1, cur=peers:[s0|localhost:15288, s1|localhost:15292, s2|localhost:15296]|listeners:[s3|localhost:15300, s4|localhost:15304], old=null}
2024-10-20 10:46:30,275 [s3-impl-thread1] INFO  server.RaftServer$Division (RaftServerImpl.java:setRole(380)) - s3@group-C240B23E34A7: changes role from      null to LISTENER at term 0 for startAsListener
2024-10-20 10:46:30,275 [s3-impl-thread1] INFO  impl.RoleInfo (RoleInfo.java:updateAndGet(148)) - s3: start s3@group-C240B23E34A7-FollowerState
2024-10-20 10:46:30,276 [s3-impl-thread1] INFO  util.JmxRegister (JmxRegister.java:tryRegister(44)) - Successfully registered JMX Bean with object name Ratis:service=RaftServer,group=group-C240B23E34A7,id=s3
2024-10-20 10:46:30,276 [s3-impl-thread1] INFO  util.JmxRegister (JmxRegister.java:register(58)) - register mxBean class org.apache.ratis.server.impl.RaftServerJmxAdapter as Ratis:service=RaftServer,group=group-C240B23E34A7,id=s3
2024-10-20 10:46:30,276 [s3-impl-thread1] INFO  server.RaftServerConfigKeys (ConfUtils.java:logGet(46)) - raft.server.snapshot.trigger-when-stop.enabled = true (default)
2024-10-20 10:46:30,276 [s3-impl-thread1] INFO  server.RaftServerConfigKeys (ConfUtils.java:logGet(46)) - raft.server.snapshot.trigger-when-remove.enabled = true (default)
2024-10-20 10:46:30,276 [s3-impl-thread1] INFO  server.RaftServerConfigKeys (ConfUtils.java:logGet(46)) - raft.server.snapshot.auto.trigger.enabled = false (default)
2024-10-20 10:46:30,276 [s3-impl-thread1] INFO  server.RaftServerConfigKeys (ConfUtils.java:logGet(46)) - raft.server.snapshot.retention.file.num = -1 (default)
2024-10-20 10:46:30,276 [s3-impl-thread1] INFO  server.RaftServerConfigKeys (ConfUtils.java:logGet(46)) - raft.server.log.purge.upto.snapshot.index = false (default)
2024-10-20 10:46:30,278 [s3@group-C240B23E34A7-FollowerState] INFO  server.RaftServerConfigKeys (ConfUtils.java:logFallback(53)) - raft.server.rpc.first-election.timeout.min = 150ms (fallback to raft.server.rpc.timeout.min)
2024-10-20 10:46:30,278 [s3@group-C240B23E34A7-FollowerState] INFO  server.RaftServerConfigKeys (ConfUtils.java:logFallback(53)) - raft.server.rpc.first-election.timeout.max = 300ms (fallback to raft.server.rpc.timeout.max)
2024-10-20 10:46:30,279 [s3-impl-thread1] INFO  server.RaftServer$Division (RaftServerImpl.java:start(407)) - s3@group-C240B23E34A7: Successfully started.
2024-10-20 10:46:30,279 [main] INFO  server.RaftServer (RaftServerProxy.java:startImpl(408)) - s3: start RPC server
2024-10-20 10:46:30,282 [main] INFO  server.GrpcServicesImpl (GrpcServicesImpl.java:startImpl(353)) - s3: GrpcServicesImpl started, listening on 15302
2024-10-20 10:46:30,285 [main] INFO  server.GrpcServicesImpl (GrpcServicesImpl.java:startImpl(353)) - s3: GrpcServicesImpl started, listening on 15300
2024-10-20 10:46:30,287 [main] INFO  server.GrpcServicesImpl (GrpcServicesImpl.java:startImpl(353)) - s3: GrpcServicesImpl started, listening on 15301
2024-10-20 10:46:30,288 [s4-impl-thread1] INFO  server.RaftServerConfigKeys (ConfUtils.java:logGet(46)) - raft.server.storage.free-space.min = 0MB (=0) (default)
2024-10-20 10:46:30,288 [s4-impl-thread1] INFO  server.RaftServerConfigKeys (ConfUtils.java:logGet(46)) - raft.server.log.corruption.policy = EXCEPTION (default)
2024-10-20 10:46:30,288 [JvmPauseMonitor72] INFO  util.JvmPauseMonitor (JvmPauseMonitor.java:run(146)) - JvmPauseMonitor-s3: Started
2024-10-20 10:46:30,288 [s4-impl-thread1] INFO  server.RaftServerConfigKeys (ConfUtils.java:logGet(46)) - raft.server.storage.dir = [/home/runner/work/ratis/ratis/ratis-test/target/test/data/d69430f5/MiniRaftClusterWithGrpc63e5dcb0/s4] (custom)
2024-10-20 10:46:30,289 [s4-impl-thread1] INFO  storage.RaftStorageDirectory (RaftStorageDirectoryImpl.java:analyzeStorage(138)) - The storage directory /home/runner/work/ratis/ratis/ratis-test/target/test/data/d69430f5/MiniRaftClusterWithGrpc63e5dcb0/s4/b095d642-4148-4fb2-afd1-c240b23e34a7 does not exist. Creating ...
2024-10-20 10:46:30,289 [s4-impl-thread1] TRACE util.FileUtils (LogUtils.java:runAndLog(49)) - Successfully ran Files.createDirectories /home/runner/work/ratis/ratis/ratis-test/target/test/data/d69430f5/MiniRaftClusterWithGrpc63e5dcb0/s4/b095d642-4148-4fb2-afd1-c240b23e34a7
2024-10-20 10:46:30,290 [s4-impl-thread1] INFO  storage.RaftStorageDirectory (RaftStorageDirectoryImpl.java:tryLock(229)) - Lock on /home/runner/work/ratis/ratis/ratis-test/target/test/data/d69430f5/MiniRaftClusterWithGrpc63e5dcb0/s4/b095d642-4148-4fb2-afd1-c240b23e34a7/in_use.lock acquired by nodename 10902@fv-az889-899
2024-10-20 10:46:30,290 [s4-impl-thread1] TRACE util.FileUtils (LogUtils.java:runAndLog(49)) - Successfully ran Files.createDirectories /home/runner/work/ratis/ratis/ratis-test/target/test/data/d69430f5/MiniRaftClusterWithGrpc63e5dcb0/s4/b095d642-4148-4fb2-afd1-c240b23e34a7/current
2024-10-20 10:46:30,290 [s4-impl-thread1] TRACE util.FileUtils (LogUtils.java:runAndLog(49)) - Successfully ran Files.createDirectories /home/runner/work/ratis/ratis/ratis-test/target/test/data/d69430f5/MiniRaftClusterWithGrpc63e5dcb0/s4/b095d642-4148-4fb2-afd1-c240b23e34a7/sm
2024-10-20 10:46:30,291 [s4-impl-thread1] TRACE util.FileUtils (LogUtils.java:supplyAndLog(69)) - Successfully supplied FileChannel.open /home/runner/work/ratis/ratis/ratis-test/target/test/data/d69430f5/MiniRaftClusterWithGrpc63e5dcb0/s4/b095d642-4148-4fb2-afd1-c240b23e34a7/current/raft-meta.tmp with options [CREATE, WRITE]: sun.nio.ch.FileChannelImpl@3c22921
2024-10-20 10:46:30,292 [s4-impl-thread1] TRACE util.FileUtils (LogUtils.java:runAndLog(49)) - Successfully ran Atomic Files.move /home/runner/work/ratis/ratis/ratis-test/target/test/data/d69430f5/MiniRaftClusterWithGrpc63e5dcb0/s4/b095d642-4148-4fb2-afd1-c240b23e34a7/current/raft-meta.tmp to /home/runner/work/ratis/ratis/ratis-test/target/test/data/d69430f5/MiniRaftClusterWithGrpc63e5dcb0/s4/b095d642-4148-4fb2-afd1-c240b23e34a7/current/raft-meta with options [REPLACE_EXISTING]
2024-10-20 10:46:30,292 [s4-impl-thread1] INFO  storage.RaftStorage (RaftStorageImpl.java:format(98)) - Storage directory /home/runner/work/ratis/ratis/ratis-test/target/test/data/d69430f5/MiniRaftClusterWithGrpc63e5dcb0/s4/b095d642-4148-4fb2-afd1-c240b23e34a7 has been successfully formatted.
2024-10-20 10:46:30,292 [s4-impl-thread1] INFO  server.RaftServerConfigKeys (ConfUtils.java:logGet(46)) - raft.server.log.use.memory = false (default)
2024-10-20 10:46:30,293 [s4-impl-thread1] INFO  server.RaftServerConfigKeys (ConfUtils.java:logGet(46)) - raft.server.log.purge.gap = 1024 (default)
2024-10-20 10:46:30,293 [s4-impl-thread1] INFO  server.RaftServerConfigKeys (ConfUtils.java:logGet(46)) - raft.server.log.appender.buffer.byte-limit = 4MB (=4194304) (default)
2024-10-20 10:46:30,293 [s4-impl-thread1] INFO  server.RaftServerConfigKeys (ConfUtils.java:logGet(46)) - raft.server.log.statemachine.data.read.timeout = 1000ms (default)
2024-10-20 10:46:30,293 [s4-impl-thread1] INFO  server.RaftServerConfigKeys (ConfUtils.java:logGet(46)) - raft.server.log.purge.preservation.log.num = 0 (default)
2024-10-20 10:46:30,293 [s4-impl-thread1] INFO  server.RaftServerConfigKeys (ConfUtils.java:logGet(46)) - raft.server.log.segment.size.max = 32MB (=33554432) (default)
2024-10-20 10:46:30,293 [s4-impl-thread1] INFO  server.RaftServerConfigKeys (ConfUtils.java:logGet(46)) - raft.server.log.segment.cache.num.max = 6 (default)
2024-10-20 10:46:30,294 [s4-impl-thread1] INFO  server.RaftServerConfigKeys (ConfUtils.java:logGet(46)) - raft.server.log.segment.cache.size.max = 200MB (=209715200) (default)
2024-10-20 10:46:30,294 [s4-impl-thread1] INFO  server.RaftServerConfigKeys (ConfUtils.java:logGet(46)) - raft.server.log.appender.buffer.byte-limit = 4MB (=4194304) (default)
2024-10-20 10:46:30,294 [s4-impl-thread1] INFO  util.AwaitToRun (AwaitToRun.java:start(81)) - Thread[s4@group-C240B23E34A7-cacheEviction-AwaitToRun,5,main] started
2024-10-20 10:46:30,294 [s4-impl-thread1] INFO  segmented.SegmentedRaftLogWorker (SegmentedRaftLogWorker.java:<init>(188)) - new s4@group-C240B23E34A7-SegmentedRaftLogWorker for RaftStorageImpl:Storage Directory /home/runner/work/ratis/ratis/ratis-test/target/test/data/d69430f5/MiniRaftClusterWithGrpc63e5dcb0/s4/b095d642-4148-4fb2-afd1-c240b23e34a7
2024-10-20 10:46:30,294 [s4-impl-thread1] INFO  server.RaftServerConfigKeys (ConfUtils.java:logGet(46)) - raft.server.log.queue.byte-limit = 64MB (=67108864) (default)
2024-10-20 10:46:30,294 [s4-impl-thread1] INFO  server.RaftServerConfigKeys (ConfUtils.java:logGet(46)) - raft.server.log.queue.element-limit = 4096 (default)
2024-10-20 10:46:30,294 [s4-impl-thread1] INFO  server.RaftServerConfigKeys (ConfUtils.java:logGet(46)) - raft.server.log.segment.size.max = 32MB (=33554432) (default)
2024-10-20 10:46:30,294 [s4-impl-thread1] INFO  server.RaftServerConfigKeys (ConfUtils.java:logGet(46)) - raft.server.log.preallocated.size = 4MB (=4194304) (default)
2024-10-20 10:46:30,294 [s4-impl-thread1] INFO  server.RaftServerConfigKeys (ConfUtils.java:logGet(46)) - raft.server.log.force.sync.num = 128 (default)
2024-10-20 10:46:30,295 [s4-impl-thread1] INFO  server.RaftServerConfigKeys (ConfUtils.java:logGet(46)) - raft.server.log.statemachine.data.sync = true (default)
2024-10-20 10:46:30,295 [s4-impl-thread1] INFO  server.RaftServerConfigKeys (ConfUtils.java:logGet(46)) - raft.server.log.statemachine.data.sync.timeout = 10s (default)
2024-10-20 10:46:30,295 [s4-impl-thread1] INFO  server.RaftServerConfigKeys (ConfUtils.java:logGet(46)) - raft.server.log.statemachine.data.sync.timeout.retry = -1 (default)
2024-10-20 10:46:30,295 [s4-impl-thread1] INFO  server.RaftServerConfigKeys (ConfUtils.java:logGet(46)) - raft.server.log.write.buffer.size = 8MB (=8388608) (default)
2024-10-20 10:46:30,295 [s4-impl-thread1] INFO  server.RaftServerConfigKeys (ConfUtils.java:logGet(46)) - raft.server.log.appender.buffer.byte-limit = 4MB (=4194304) (default)
2024-10-20 10:46:30,296 [s4-impl-thread1] INFO  server.RaftServerConfigKeys (ConfUtils.java:logGet(46)) - raft.server.log.unsafe-flush.enabled = false (default)
2024-10-20 10:46:30,296 [s4-impl-thread1] INFO  server.RaftServerConfigKeys (ConfUtils.java:logGet(46)) - raft.server.log.async-flush.enabled = false (default)
2024-10-20 10:46:30,296 [s4-impl-thread1] INFO  server.RaftServerConfigKeys (ConfUtils.java:logGet(46)) - raft.server.log.statemachine.data.caching.enabled = false (default)
2024-10-20 10:46:30,296 [s4-impl-thread1] INFO  segmented.SegmentedRaftLogWorker (SegmentedRaftLogWorker.java:lambda$new$0(139)) - s4@group-C240B23E34A7-SegmentedRaftLogWorker: flushIndex: setUnconditionally 0 -> -1
2024-10-20 10:46:30,296 [s4-impl-thread1] INFO  segmented.SegmentedRaftLogWorker (SegmentedRaftLogWorker.java:lambda$new$0(139)) - s4@group-C240B23E34A7-SegmentedRaftLogWorker: safeCacheEvictIndex: setUnconditionally 0 -> -1
2024-10-20 10:46:30,296 [s4-impl-thread1] INFO  server.RaftServer$Division (RaftServerImpl.java:start(396)) - s4@group-C240B23E34A7: start as a listener, conf=conf: {index: -1, cur=peers:[s0|localhost:15288, s1|localhost:15292, s2|localhost:15296]|listeners:[s3|localhost:15300, s4|localhost:15304], old=null}
2024-10-20 10:46:30,296 [s4-impl-thread1] INFO  server.RaftServer$Division (RaftServerImpl.java:setRole(380)) - s4@group-C240B23E34A7: changes role from      null to LISTENER at term 0 for startAsListener
2024-10-20 10:46:30,297 [s4-impl-thread1] INFO  impl.RoleInfo (RoleInfo.java:updateAndGet(148)) - s4: start s4@group-C240B23E34A7-FollowerState
2024-10-20 10:46:30,299 [s4@group-C240B23E34A7-FollowerState] INFO  server.RaftServerConfigKeys (ConfUtils.java:logFallback(53)) - raft.server.rpc.first-election.timeout.min = 150ms (fallback to raft.server.rpc.timeout.min)
2024-10-20 10:46:30,299 [s4-impl-thread1] INFO  util.JmxRegister (JmxRegister.java:tryRegister(44)) - Successfully registered JMX Bean with object name Ratis:service=RaftServer,group=group-C240B23E34A7,id=s4
2024-10-20 10:46:30,299 [s4-impl-thread1] INFO  util.JmxRegister (JmxRegister.java:register(58)) - register mxBean class org.apache.ratis.server.impl.RaftServerJmxAdapter as Ratis:service=RaftServer,group=group-C240B23E34A7,id=s4
2024-10-20 10:46:30,299 [s4-impl-thread1] INFO  server.RaftServerConfigKeys (ConfUtils.java:logGet(46)) - raft.server.snapshot.trigger-when-stop.enabled = true (default)
2024-10-20 10:46:30,299 [s4-impl-thread1] INFO  server.RaftServerConfigKeys (ConfUtils.java:logGet(46)) - raft.server.snapshot.trigger-when-remove.enabled = true (default)
2024-10-20 10:46:30,299 [s4-impl-thread1] INFO  server.RaftServerConfigKeys (ConfUtils.java:logGet(46)) - raft.server.snapshot.auto.trigger.enabled = false (default)
2024-10-20 10:46:30,299 [s4-impl-thread1] INFO  server.RaftServerConfigKeys (ConfUtils.java:logGet(46)) - raft.server.snapshot.retention.file.num = -1 (default)
2024-10-20 10:46:30,299 [s4-impl-thread1] INFO  server.RaftServerConfigKeys (ConfUtils.java:logGet(46)) - raft.server.log.purge.upto.snapshot.index = false (default)
2024-10-20 10:46:30,303 [s4-impl-thread1] INFO  server.RaftServer$Division (RaftServerImpl.java:start(407)) - s4@group-C240B23E34A7: Successfully started.
2024-10-20 10:46:30,303 [main] INFO  server.RaftServer (RaftServerProxy.java:startImpl(408)) - s4: start RPC server
2024-10-20 10:46:30,299 [s4@group-C240B23E34A7-FollowerState] INFO  server.RaftServerConfigKeys (ConfUtils.java:logFallback(53)) - raft.server.rpc.first-election.timeout.max = 300ms (fallback to raft.server.rpc.timeout.max)
2024-10-20 10:46:30,303 [main] INFO  server.GrpcServicesImpl (GrpcServicesImpl.java:startImpl(353)) - s4: GrpcServicesImpl started, listening on 15306
2024-10-20 10:46:30,304 [main] INFO  server.GrpcServicesImpl (GrpcServicesImpl.java:startImpl(353)) - s4: GrpcServicesImpl started, listening on 15304
2024-10-20 10:46:30,305 [main] INFO  server.GrpcServicesImpl (GrpcServicesImpl.java:startImpl(353)) - s4: GrpcServicesImpl started, listening on 15305
2024-10-20 10:46:30,305 [JvmPauseMonitor73] INFO  util.JvmPauseMonitor (JvmPauseMonitor.java:run(146)) - JvmPauseMonitor-s4: Started
2024-10-20 10:46:30,305 [s0-impl-thread1] INFO  server.RaftServerConfigKeys (ConfUtils.java:logGet(46)) - raft.server.storage.free-space.min = 0MB (=0) (default)
2024-10-20 10:46:30,305 [s0-impl-thread1] INFO  server.RaftServerConfigKeys (ConfUtils.java:logGet(46)) - raft.server.log.corruption.policy = EXCEPTION (default)
2024-10-20 10:46:30,305 [s0-impl-thread1] INFO  server.RaftServerConfigKeys (ConfUtils.java:logGet(46)) - raft.server.storage.dir = [/home/runner/work/ratis/ratis/ratis-test/target/test/data/d69430f5/MiniRaftClusterWithGrpc63e5dcb0/s0] (custom)
2024-10-20 10:46:30,306 [s0-impl-thread1] INFO  storage.RaftStorageDirectory (RaftStorageDirectoryImpl.java:analyzeStorage(138)) - The storage directory /home/runner/work/ratis/ratis/ratis-test/target/test/data/d69430f5/MiniRaftClusterWithGrpc63e5dcb0/s0/b095d642-4148-4fb2-afd1-c240b23e34a7 does not exist. Creating ...
2024-10-20 10:46:30,306 [s0-impl-thread1] TRACE util.FileUtils (LogUtils.java:runAndLog(49)) - Successfully ran Files.createDirectories /home/runner/work/ratis/ratis/ratis-test/target/test/data/d69430f5/MiniRaftClusterWithGrpc63e5dcb0/s0/b095d642-4148-4fb2-afd1-c240b23e34a7
2024-10-20 10:46:30,307 [s0-impl-thread1] INFO  storage.RaftStorageDirectory (RaftStorageDirectoryImpl.java:tryLock(229)) - Lock on /home/runner/work/ratis/ratis/ratis-test/target/test/data/d69430f5/MiniRaftClusterWithGrpc63e5dcb0/s0/b095d642-4148-4fb2-afd1-c240b23e34a7/in_use.lock acquired by nodename 10902@fv-az889-899
2024-10-20 10:46:30,308 [s0-impl-thread1] TRACE util.FileUtils (LogUtils.java:runAndLog(49)) - Successfully ran Files.createDirectories /home/runner/work/ratis/ratis/ratis-test/target/test/data/d69430f5/MiniRaftClusterWithGrpc63e5dcb0/s0/b095d642-4148-4fb2-afd1-c240b23e34a7/current
2024-10-20 10:46:30,308 [s0-impl-thread1] TRACE util.FileUtils (LogUtils.java:runAndLog(49)) - Successfully ran Files.createDirectories /home/runner/work/ratis/ratis/ratis-test/target/test/data/d69430f5/MiniRaftClusterWithGrpc63e5dcb0/s0/b095d642-4148-4fb2-afd1-c240b23e34a7/sm
2024-10-20 10:46:30,308 [s0-impl-thread1] TRACE util.FileUtils (LogUtils.java:supplyAndLog(69)) - Successfully supplied FileChannel.open /home/runner/work/ratis/ratis/ratis-test/target/test/data/d69430f5/MiniRaftClusterWithGrpc63e5dcb0/s0/b095d642-4148-4fb2-afd1-c240b23e34a7/current/raft-meta.tmp with options [CREATE, WRITE]: sun.nio.ch.FileChannelImpl@5b6d43c3
2024-10-20 10:46:30,310 [s0-impl-thread1] TRACE util.FileUtils (LogUtils.java:runAndLog(49)) - Successfully ran Atomic Files.move /home/runner/work/ratis/ratis/ratis-test/target/test/data/d69430f5/MiniRaftClusterWithGrpc63e5dcb0/s0/b095d642-4148-4fb2-afd1-c240b23e34a7/current/raft-meta.tmp to /home/runner/work/ratis/ratis/ratis-test/target/test/data/d69430f5/MiniRaftClusterWithGrpc63e5dcb0/s0/b095d642-4148-4fb2-afd1-c240b23e34a7/current/raft-meta with options [REPLACE_EXISTING]
2024-10-20 10:46:30,310 [s0-impl-thread1] INFO  storage.RaftStorage (RaftStorageImpl.java:format(98)) - Storage directory /home/runner/work/ratis/ratis/ratis-test/target/test/data/d69430f5/MiniRaftClusterWithGrpc63e5dcb0/s0/b095d642-4148-4fb2-afd1-c240b23e34a7 has been successfully formatted.
2024-10-20 10:46:30,310 [s0-impl-thread1] INFO  server.RaftServerConfigKeys (ConfUtils.java:logGet(46)) - raft.server.log.use.memory = false (default)
2024-10-20 10:46:30,310 [s0-impl-thread1] INFO  server.RaftServerConfigKeys (ConfUtils.java:logGet(46)) - raft.server.log.purge.gap = 1024 (default)
2024-10-20 10:46:30,310 [s0-impl-thread1] INFO  server.RaftServerConfigKeys (ConfUtils.java:logGet(46)) - raft.server.log.appender.buffer.byte-limit = 4MB (=4194304) (default)
2024-10-20 10:46:30,310 [s0-impl-thread1] INFO  server.RaftServerConfigKeys (ConfUtils.java:logGet(46)) - raft.server.log.statemachine.data.read.timeout = 1000ms (default)
2024-10-20 10:46:30,310 [s0-impl-thread1] INFO  server.RaftServerConfigKeys (ConfUtils.java:logGet(46)) - raft.server.log.purge.preservation.log.num = 0 (default)
2024-10-20 10:46:30,311 [s0-impl-thread1] INFO  server.RaftServerConfigKeys (ConfUtils.java:logGet(46)) - raft.server.log.segment.size.max = 32MB (=33554432) (default)
2024-10-20 10:46:30,311 [s0-impl-thread1] INFO  server.RaftServerConfigKeys (ConfUtils.java:logGet(46)) - raft.server.log.segment.cache.num.max = 6 (default)
2024-10-20 10:46:30,311 [s0-impl-thread1] INFO  server.RaftServerConfigKeys (ConfUtils.java:logGet(46)) - raft.server.log.segment.cache.size.max = 200MB (=209715200) (default)
2024-10-20 10:46:30,311 [s0-impl-thread1] INFO  server.RaftServerConfigKeys (ConfUtils.java:logGet(46)) - raft.server.log.appender.buffer.byte-limit = 4MB (=4194304) (default)
2024-10-20 10:46:30,323 [s0-impl-thread1] INFO  util.AwaitToRun (AwaitToRun.java:start(81)) - Thread[s0@group-C240B23E34A7-cacheEviction-AwaitToRun,5,main] started
2024-10-20 10:46:30,323 [s0-impl-thread1] INFO  segmented.SegmentedRaftLogWorker (SegmentedRaftLogWorker.java:<init>(188)) - new s0@group-C240B23E34A7-SegmentedRaftLogWorker for RaftStorageImpl:Storage Directory /home/runner/work/ratis/ratis/ratis-test/target/test/data/d69430f5/MiniRaftClusterWithGrpc63e5dcb0/s0/b095d642-4148-4fb2-afd1-c240b23e34a7
2024-10-20 10:46:30,323 [s0-impl-thread1] INFO  server.RaftServerConfigKeys (ConfUtils.java:logGet(46)) - raft.server.log.queue.byte-limit = 64MB (=67108864) (default)
2024-10-20 10:46:30,323 [s0-impl-thread1] INFO  server.RaftServerConfigKeys (ConfUtils.java:logGet(46)) - raft.server.log.queue.element-limit = 4096 (default)
2024-10-20 10:46:30,323 [s0-impl-thread1] INFO  server.RaftServerConfigKeys (ConfUtils.java:logGet(46)) - raft.server.log.segment.size.max = 32MB (=33554432) (default)
2024-10-20 10:46:30,323 [s0-impl-thread1] INFO  server.RaftServerConfigKeys (ConfUtils.java:logGet(46)) - raft.server.log.preallocated.size = 4MB (=4194304) (default)
2024-10-20 10:46:30,323 [s0-impl-thread1] INFO  server.RaftServerConfigKeys (ConfUtils.java:logGet(46)) - raft.server.log.force.sync.num = 128 (default)
2024-10-20 10:46:30,323 [s0-impl-thread1] INFO  server.RaftServerConfigKeys (ConfUtils.java:logGet(46)) - raft.server.log.statemachine.data.sync = true (default)
2024-10-20 10:46:30,323 [s0-impl-thread1] INFO  server.RaftServerConfigKeys (ConfUtils.java:logGet(46)) - raft.server.log.statemachine.data.sync.timeout = 10s (default)
2024-10-20 10:46:30,323 [s0-impl-thread1] INFO  server.RaftServerConfigKeys (ConfUtils.java:logGet(46)) - raft.server.log.statemachine.data.sync.timeout.retry = -1 (default)
2024-10-20 10:46:30,324 [s0-impl-thread1] INFO  server.RaftServerConfigKeys (ConfUtils.java:logGet(46)) - raft.server.log.write.buffer.size = 8MB (=8388608) (default)
2024-10-20 10:46:30,324 [s0-impl-thread1] INFO  server.RaftServerConfigKeys (ConfUtils.java:logGet(46)) - raft.server.log.appender.buffer.byte-limit = 4MB (=4194304) (default)
2024-10-20 10:46:30,324 [s0-impl-thread1] INFO  server.RaftServerConfigKeys (ConfUtils.java:logGet(46)) - raft.server.log.unsafe-flush.enabled = false (default)
2024-10-20 10:46:30,324 [s0-impl-thread1] INFO  server.RaftServerConfigKeys (ConfUtils.java:logGet(46)) - raft.server.log.async-flush.enabled = false (default)
2024-10-20 10:46:30,324 [s0-impl-thread1] INFO  server.RaftServerConfigKeys (ConfUtils.java:logGet(46)) - raft.server.log.statemachine.data.caching.enabled = false (default)
2024-10-20 10:46:30,325 [s0-impl-thread1] INFO  segmented.SegmentedRaftLogWorker (SegmentedRaftLogWorker.java:lambda$new$0(139)) - s0@group-C240B23E34A7-SegmentedRaftLogWorker: flushIndex: setUnconditionally 0 -> -1
2024-10-20 10:46:30,325 [s0-impl-thread1] INFO  segmented.SegmentedRaftLogWorker (SegmentedRaftLogWorker.java:lambda$new$0(139)) - s0@group-C240B23E34A7-SegmentedRaftLogWorker: safeCacheEvictIndex: setUnconditionally 0 -> -1
2024-10-20 10:46:30,326 [s0-impl-thread1] INFO  server.RaftServer$Division (RaftServerImpl.java:start(393)) - s0@group-C240B23E34A7: start as a follower, conf=conf: {index: -1, cur=peers:[s0|localhost:15288, s1|localhost:15292, s2|localhost:15296]|listeners:[s3|localhost:15300, s4|localhost:15304], old=null}
2024-10-20 10:46:30,327 [s0-impl-thread1] INFO  server.RaftServer$Division (RaftServerImpl.java:setRole(380)) - s0@group-C240B23E34A7: changes role from      null to FOLLOWER at term 0 for startAsFollower
2024-10-20 10:46:30,327 [s0-impl-thread1] INFO  impl.RoleInfo (RoleInfo.java:updateAndGet(148)) - s0: start s0@group-C240B23E34A7-FollowerState
2024-10-20 10:46:30,327 [s0@group-C240B23E34A7-FollowerState] INFO  server.RaftServerConfigKeys (ConfUtils.java:logFallback(53)) - raft.server.rpc.first-election.timeout.min = 150ms (fallback to raft.server.rpc.timeout.min)
2024-10-20 10:46:30,327 [s0@group-C240B23E34A7-FollowerState] INFO  server.RaftServerConfigKeys (ConfUtils.java:logFallback(53)) - raft.server.rpc.first-election.timeout.max = 300ms (fallback to raft.server.rpc.timeout.max)
2024-10-20 10:46:30,327 [s0-impl-thread1] INFO  util.JmxRegister (JmxRegister.java:tryRegister(44)) - Successfully registered JMX Bean with object name Ratis:service=RaftServer,group=group-C240B23E34A7,id=s0
2024-10-20 10:46:30,328 [s0-impl-thread1] INFO  util.JmxRegister (JmxRegister.java:register(58)) - register mxBean class org.apache.ratis.server.impl.RaftServerJmxAdapter as Ratis:service=RaftServer,group=group-C240B23E34A7,id=s0
2024-10-20 10:46:30,328 [s0-impl-thread1] INFO  server.RaftServerConfigKeys (ConfUtils.java:logGet(46)) - raft.server.snapshot.trigger-when-stop.enabled = true (default)
2024-10-20 10:46:30,328 [s0-impl-thread1] INFO  server.RaftServerConfigKeys (ConfUtils.java:logGet(46)) - raft.server.snapshot.trigger-when-remove.enabled = true (default)
2024-10-20 10:46:30,328 [s0-impl-thread1] INFO  server.RaftServerConfigKeys (ConfUtils.java:logGet(46)) - raft.server.snapshot.auto.trigger.enabled = false (default)
2024-10-20 10:46:30,328 [s0-impl-thread1] INFO  server.RaftServerConfigKeys (ConfUtils.java:logGet(46)) - raft.server.snapshot.retention.file.num = -1 (default)
2024-10-20 10:46:30,328 [s0-impl-thread1] INFO  server.RaftServerConfigKeys (ConfUtils.java:logGet(46)) - raft.server.log.purge.upto.snapshot.index = false (default)
2024-10-20 10:46:30,329 [s0-impl-thread1] INFO  server.RaftServer$Division (RaftServerImpl.java:start(407)) - s0@group-C240B23E34A7: Successfully started.
2024-10-20 10:46:30,329 [main] INFO  server.RaftServer (RaftServerProxy.java:startImpl(408)) - s0: start RPC server
2024-10-20 10:46:30,329 [main] INFO  server.GrpcServicesImpl (GrpcServicesImpl.java:startImpl(353)) - s0: GrpcServicesImpl started, listening on 15290
2024-10-20 10:46:30,330 [main] INFO  server.GrpcServicesImpl (GrpcServicesImpl.java:startImpl(353)) - s0: GrpcServicesImpl started, listening on 15288
2024-10-20 10:46:30,330 [main] INFO  server.GrpcServicesImpl (GrpcServicesImpl.java:startImpl(353)) - s0: GrpcServicesImpl started, listening on 15289
2024-10-20 10:46:30,331 [JvmPauseMonitor74] INFO  util.JvmPauseMonitor (JvmPauseMonitor.java:run(146)) - JvmPauseMonitor-s0: Started
2024-10-20 10:46:30,331 [s1-impl-thread1] INFO  server.RaftServerConfigKeys (ConfUtils.java:logGet(46)) - raft.server.storage.free-space.min = 0MB (=0) (default)
2024-10-20 10:46:30,335 [s1-impl-thread1] INFO  server.RaftServerConfigKeys (ConfUtils.java:logGet(46)) - raft.server.log.corruption.policy = EXCEPTION (default)
2024-10-20 10:46:30,335 [s1-impl-thread1] INFO  server.RaftServerConfigKeys (ConfUtils.java:logGet(46)) - raft.server.storage.dir = [/home/runner/work/ratis/ratis/ratis-test/target/test/data/d69430f5/MiniRaftClusterWithGrpc63e5dcb0/s1] (custom)
2024-10-20 10:46:30,335 [s1-impl-thread1] INFO  storage.RaftStorageDirectory (RaftStorageDirectoryImpl.java:analyzeStorage(138)) - The storage directory /home/runner/work/ratis/ratis/ratis-test/target/test/data/d69430f5/MiniRaftClusterWithGrpc63e5dcb0/s1/b095d642-4148-4fb2-afd1-c240b23e34a7 does not exist. Creating ...
2024-10-20 10:46:30,336 [s1-impl-thread1] TRACE util.FileUtils (LogUtils.java:runAndLog(49)) - Successfully ran Files.createDirectories /home/runner/work/ratis/ratis/ratis-test/target/test/data/d69430f5/MiniRaftClusterWithGrpc63e5dcb0/s1/b095d642-4148-4fb2-afd1-c240b23e34a7
2024-10-20 10:46:30,337 [s1-impl-thread1] INFO  storage.RaftStorageDirectory (RaftStorageDirectoryImpl.java:tryLock(229)) - Lock on /home/runner/work/ratis/ratis/ratis-test/target/test/data/d69430f5/MiniRaftClusterWithGrpc63e5dcb0/s1/b095d642-4148-4fb2-afd1-c240b23e34a7/in_use.lock acquired by nodename 10902@fv-az889-899
2024-10-20 10:46:30,337 [s1-impl-thread1] TRACE util.FileUtils (LogUtils.java:runAndLog(49)) - Successfully ran Files.createDirectories /home/runner/work/ratis/ratis/ratis-test/target/test/data/d69430f5/MiniRaftClusterWithGrpc63e5dcb0/s1/b095d642-4148-4fb2-afd1-c240b23e34a7/current
2024-10-20 10:46:30,338 [s1-impl-thread1] TRACE util.FileUtils (LogUtils.java:runAndLog(49)) - Successfully ran Files.createDirectories /home/runner/work/ratis/ratis/ratis-test/target/test/data/d69430f5/MiniRaftClusterWithGrpc63e5dcb0/s1/b095d642-4148-4fb2-afd1-c240b23e34a7/sm
2024-10-20 10:46:30,338 [s1-impl-thread1] TRACE util.FileUtils (LogUtils.java:supplyAndLog(69)) - Successfully supplied FileChannel.open /home/runner/work/ratis/ratis/ratis-test/target/test/data/d69430f5/MiniRaftClusterWithGrpc63e5dcb0/s1/b095d642-4148-4fb2-afd1-c240b23e34a7/current/raft-meta.tmp with options [CREATE, WRITE]: sun.nio.ch.FileChannelImpl@7220a07a
2024-10-20 10:46:30,339 [s1-impl-thread1] TRACE util.FileUtils (LogUtils.java:runAndLog(49)) - Successfully ran Atomic Files.move /home/runner/work/ratis/ratis/ratis-test/target/test/data/d69430f5/MiniRaftClusterWithGrpc63e5dcb0/s1/b095d642-4148-4fb2-afd1-c240b23e34a7/current/raft-meta.tmp to /home/runner/work/ratis/ratis/ratis-test/target/test/data/d69430f5/MiniRaftClusterWithGrpc63e5dcb0/s1/b095d642-4148-4fb2-afd1-c240b23e34a7/current/raft-meta with options [REPLACE_EXISTING]
2024-10-20 10:46:30,339 [s1-impl-thread1] INFO  storage.RaftStorage (RaftStorageImpl.java:format(98)) - Storage directory /home/runner/work/ratis/ratis/ratis-test/target/test/data/d69430f5/MiniRaftClusterWithGrpc63e5dcb0/s1/b095d642-4148-4fb2-afd1-c240b23e34a7 has been successfully formatted.
2024-10-20 10:46:30,340 [s1-impl-thread1] INFO  server.RaftServerConfigKeys (ConfUtils.java:logGet(46)) - raft.server.log.use.memory = false (default)
2024-10-20 10:46:30,340 [s1-impl-thread1] INFO  server.RaftServerConfigKeys (ConfUtils.java:logGet(46)) - raft.server.log.purge.gap = 1024 (default)
2024-10-20 10:46:30,340 [s1-impl-thread1] INFO  server.RaftServerConfigKeys (ConfUtils.java:logGet(46)) - raft.server.log.appender.buffer.byte-limit = 4MB (=4194304) (default)
2024-10-20 10:46:30,340 [s1-impl-thread1] INFO  server.RaftServerConfigKeys (ConfUtils.java:logGet(46)) - raft.server.log.statemachine.data.read.timeout = 1000ms (default)
2024-10-20 10:46:30,340 [s1-impl-thread1] INFO  server.RaftServerConfigKeys (ConfUtils.java:logGet(46)) - raft.server.log.purge.preservation.log.num = 0 (default)
2024-10-20 10:46:30,340 [s1-impl-thread1] INFO  server.RaftServerConfigKeys (ConfUtils.java:logGet(46)) - raft.server.log.segment.size.max = 32MB (=33554432) (default)
2024-10-20 10:46:30,340 [s1-impl-thread1] INFO  server.RaftServerConfigKeys (ConfUtils.java:logGet(46)) - raft.server.log.segment.cache.num.max = 6 (default)
2024-10-20 10:46:30,341 [s1-impl-thread1] INFO  server.RaftServerConfigKeys (ConfUtils.java:logGet(46)) - raft.server.log.segment.cache.size.max = 200MB (=209715200) (default)
2024-10-20 10:46:30,341 [s1-impl-thread1] INFO  server.RaftServerConfigKeys (ConfUtils.java:logGet(46)) - raft.server.log.appender.buffer.byte-limit = 4MB (=4194304) (default)
2024-10-20 10:46:30,341 [s1-impl-thread1] INFO  util.AwaitToRun (AwaitToRun.java:start(81)) - Thread[s1@group-C240B23E34A7-cacheEviction-AwaitToRun,5,main] started
2024-10-20 10:46:30,341 [s1-impl-thread1] INFO  segmented.SegmentedRaftLogWorker (SegmentedRaftLogWorker.java:<init>(188)) - new s1@group-C240B23E34A7-SegmentedRaftLogWorker for RaftStorageImpl:Storage Directory /home/runner/work/ratis/ratis/ratis-test/target/test/data/d69430f5/MiniRaftClusterWithGrpc63e5dcb0/s1/b095d642-4148-4fb2-afd1-c240b23e34a7
2024-10-20 10:46:30,341 [s1-impl-thread1] INFO  server.RaftServerConfigKeys (ConfUtils.java:logGet(46)) - raft.server.log.queue.byte-limit = 64MB (=67108864) (default)
2024-10-20 10:46:30,341 [s1-impl-thread1] INFO  server.RaftServerConfigKeys (ConfUtils.java:logGet(46)) - raft.server.log.queue.element-limit = 4096 (default)
2024-10-20 10:46:30,341 [s1-impl-thread1] INFO  server.RaftServerConfigKeys (ConfUtils.java:logGet(46)) - raft.server.log.segment.size.max = 32MB (=33554432) (default)
2024-10-20 10:46:30,341 [s1-impl-thread1] INFO  server.RaftServerConfigKeys (ConfUtils.java:logGet(46)) - raft.server.log.preallocated.size = 4MB (=4194304) (default)
2024-10-20 10:46:30,341 [s1-impl-thread1] INFO  server.RaftServerConfigKeys (ConfUtils.java:logGet(46)) - raft.server.log.force.sync.num = 128 (default)
2024-10-20 10:46:30,341 [s1-impl-thread1] INFO  server.RaftServerConfigKeys (ConfUtils.java:logGet(46)) - raft.server.log.statemachine.data.sync = true (default)
2024-10-20 10:46:30,341 [s1-impl-thread1] INFO  server.RaftServerConfigKeys (ConfUtils.java:logGet(46)) - raft.server.log.statemachine.data.sync.timeout = 10s (default)
2024-10-20 10:46:30,342 [s1-impl-thread1] INFO  server.RaftServerConfigKeys (ConfUtils.java:logGet(46)) - raft.server.log.statemachine.data.sync.timeout.retry = -1 (default)
2024-10-20 10:46:30,342 [s1-impl-thread1] INFO  server.RaftServerConfigKeys (ConfUtils.java:logGet(46)) - raft.server.log.write.buffer.size = 8MB (=8388608) (default)
2024-10-20 10:46:30,342 [s1-impl-thread1] INFO  server.RaftServerConfigKeys (ConfUtils.java:logGet(46)) - raft.server.log.appender.buffer.byte-limit = 4MB (=4194304) (default)
2024-10-20 10:46:30,342 [s1-impl-thread1] INFO  server.RaftServerConfigKeys (ConfUtils.java:logGet(46)) - raft.server.log.unsafe-flush.enabled = false (default)
2024-10-20 10:46:30,342 [s1-impl-thread1] INFO  server.RaftServerConfigKeys (ConfUtils.java:logGet(46)) - raft.server.log.async-flush.enabled = false (default)
2024-10-20 10:46:30,343 [s1-impl-thread1] INFO  server.RaftServerConfigKeys (ConfUtils.java:logGet(46)) - raft.server.log.statemachine.data.caching.enabled = false (default)
2024-10-20 10:46:30,343 [s1-impl-thread1] INFO  segmented.SegmentedRaftLogWorker (SegmentedRaftLogWorker.java:lambda$new$0(139)) - s1@group-C240B23E34A7-SegmentedRaftLogWorker: flushIndex: setUnconditionally 0 -> -1
2024-10-20 10:46:30,343 [s1-impl-thread1] INFO  segmented.SegmentedRaftLogWorker (SegmentedRaftLogWorker.java:lambda$new$0(139)) - s1@group-C240B23E34A7-SegmentedRaftLogWorker: safeCacheEvictIndex: setUnconditionally 0 -> -1
2024-10-20 10:46:30,347 [s1-impl-thread1] INFO  server.RaftServer$Division (RaftServerImpl.java:start(393)) - s1@group-C240B23E34A7: start as a follower, conf=conf: {index: -1, cur=peers:[s0|localhost:15288, s1|localhost:15292, s2|localhost:15296]|listeners:[s3|localhost:15300, s4|localhost:15304], old=null}
2024-10-20 10:46:30,347 [s1-impl-thread1] INFO  server.RaftServer$Division (RaftServerImpl.java:setRole(380)) - s1@group-C240B23E34A7: changes role from      null to FOLLOWER at term 0 for startAsFollower
2024-10-20 10:46:30,347 [s1-impl-thread1] INFO  impl.RoleInfo (RoleInfo.java:updateAndGet(148)) - s1: start s1@group-C240B23E34A7-FollowerState
2024-10-20 10:46:30,347 [s1-impl-thread1] INFO  util.JmxRegister (JmxRegister.java:tryRegister(44)) - Successfully registered JMX Bean with object name Ratis:service=RaftServer,group=group-C240B23E34A7,id=s1
2024-10-20 10:46:30,347 [s1-impl-thread1] INFO  util.JmxRegister (JmxRegister.java:register(58)) - register mxBean class org.apache.ratis.server.impl.RaftServerJmxAdapter as Ratis:service=RaftServer,group=group-C240B23E34A7,id=s1
2024-10-20 10:46:30,347 [s1-impl-thread1] INFO  server.RaftServerConfigKeys (ConfUtils.java:logGet(46)) - raft.server.snapshot.trigger-when-stop.enabled = true (default)
2024-10-20 10:46:30,348 [s1-impl-thread1] INFO  server.RaftServerConfigKeys (ConfUtils.java:logGet(46)) - raft.server.snapshot.trigger-when-remove.enabled = true (default)
2024-10-20 10:46:30,348 [s1-impl-thread1] INFO  server.RaftServerConfigKeys (ConfUtils.java:logGet(46)) - raft.server.snapshot.auto.trigger.enabled = false (default)
2024-10-20 10:46:30,348 [s1-impl-thread1] INFO  server.RaftServerConfigKeys (ConfUtils.java:logGet(46)) - raft.server.snapshot.retention.file.num = -1 (default)
2024-10-20 10:46:30,348 [s1-impl-thread1] INFO  server.RaftServerConfigKeys (ConfUtils.java:logGet(46)) - raft.server.log.purge.upto.snapshot.index = false (default)
2024-10-20 10:46:30,348 [s1@group-C240B23E34A7-FollowerState] INFO  server.RaftServerConfigKeys (ConfUtils.java:logFallback(53)) - raft.server.rpc.first-election.timeout.min = 150ms (fallback to raft.server.rpc.timeout.min)
2024-10-20 10:46:30,348 [s1@group-C240B23E34A7-FollowerState] INFO  server.RaftServerConfigKeys (ConfUtils.java:logFallback(53)) - raft.server.rpc.first-election.timeout.max = 300ms (fallback to raft.server.rpc.timeout.max)
2024-10-20 10:46:30,348 [s1-impl-thread1] INFO  server.RaftServer$Division (RaftServerImpl.java:start(407)) - s1@group-C240B23E34A7: Successfully started.
2024-10-20 10:46:30,348 [main] INFO  server.RaftServer (RaftServerProxy.java:startImpl(408)) - s1: start RPC server
2024-10-20 10:46:30,349 [main] INFO  server.GrpcServicesImpl (GrpcServicesImpl.java:startImpl(353)) - s1: GrpcServicesImpl started, listening on 15294
2024-10-20 10:46:30,350 [main] INFO  server.GrpcServicesImpl (GrpcServicesImpl.java:startImpl(353)) - s1: GrpcServicesImpl started, listening on 15292
2024-10-20 10:46:30,350 [main] INFO  server.GrpcServicesImpl (GrpcServicesImpl.java:startImpl(353)) - s1: GrpcServicesImpl started, listening on 15293
2024-10-20 10:46:30,350 [JvmPauseMonitor75] INFO  util.JvmPauseMonitor (JvmPauseMonitor.java:run(146)) - JvmPauseMonitor-s1: Started
2024-10-20 10:46:30,351 [s2-impl-thread1] INFO  server.RaftServerConfigKeys (ConfUtils.java:logGet(46)) - raft.server.storage.free-space.min = 0MB (=0) (default)
2024-10-20 10:46:30,351 [s2-impl-thread1] INFO  server.RaftServerConfigKeys (ConfUtils.java:logGet(46)) - raft.server.log.corruption.policy = EXCEPTION (default)
2024-10-20 10:46:30,351 [s2-impl-thread1] INFO  server.RaftServerConfigKeys (ConfUtils.java:logGet(46)) - raft.server.storage.dir = [/home/runner/work/ratis/ratis/ratis-test/target/test/data/d69430f5/MiniRaftClusterWithGrpc63e5dcb0/s2] (custom)
2024-10-20 10:46:30,351 [s2-impl-thread1] INFO  storage.RaftStorageDirectory (RaftStorageDirectoryImpl.java:analyzeStorage(138)) - The storage directory /home/runner/work/ratis/ratis/ratis-test/target/test/data/d69430f5/MiniRaftClusterWithGrpc63e5dcb0/s2/b095d642-4148-4fb2-afd1-c240b23e34a7 does not exist. Creating ...
2024-10-20 10:46:30,351 [s2-impl-thread1] TRACE util.FileUtils (LogUtils.java:runAndLog(49)) - Successfully ran Files.createDirectories /home/runner/work/ratis/ratis/ratis-test/target/test/data/d69430f5/MiniRaftClusterWithGrpc63e5dcb0/s2/b095d642-4148-4fb2-afd1-c240b23e34a7
2024-10-20 10:46:30,353 [s2-impl-thread1] INFO  storage.RaftStorageDirectory (RaftStorageDirectoryImpl.java:tryLock(229)) - Lock on /home/runner/work/ratis/ratis/ratis-test/target/test/data/d69430f5/MiniRaftClusterWithGrpc63e5dcb0/s2/b095d642-4148-4fb2-afd1-c240b23e34a7/in_use.lock acquired by nodename 10902@fv-az889-899
2024-10-20 10:46:30,353 [s2-impl-thread1] TRACE util.FileUtils (LogUtils.java:runAndLog(49)) - Successfully ran Files.createDirectories /home/runner/work/ratis/ratis/ratis-test/target/test/data/d69430f5/MiniRaftClusterWithGrpc63e5dcb0/s2/b095d642-4148-4fb2-afd1-c240b23e34a7/current
2024-10-20 10:46:30,353 [s2-impl-thread1] TRACE util.FileUtils (LogUtils.java:runAndLog(49)) - Successfully ran Files.createDirectories /home/runner/work/ratis/ratis/ratis-test/target/test/data/d69430f5/MiniRaftClusterWithGrpc63e5dcb0/s2/b095d642-4148-4fb2-afd1-c240b23e34a7/sm
2024-10-20 10:46:30,354 [s2-impl-thread1] TRACE util.FileUtils (LogUtils.java:supplyAndLog(69)) - Successfully supplied FileChannel.open /home/runner/work/ratis/ratis/ratis-test/target/test/data/d69430f5/MiniRaftClusterWithGrpc63e5dcb0/s2/b095d642-4148-4fb2-afd1-c240b23e34a7/current/raft-meta.tmp with options [CREATE, WRITE]: sun.nio.ch.FileChannelImpl@71ca24b8
2024-10-20 10:46:30,355 [s2-impl-thread1] TRACE util.FileUtils (LogUtils.java:runAndLog(49)) - Successfully ran Atomic Files.move /home/runner/work/ratis/ratis/ratis-test/target/test/data/d69430f5/MiniRaftClusterWithGrpc63e5dcb0/s2/b095d642-4148-4fb2-afd1-c240b23e34a7/current/raft-meta.tmp to /home/runner/work/ratis/ratis/ratis-test/target/test/data/d69430f5/MiniRaftClusterWithGrpc63e5dcb0/s2/b095d642-4148-4fb2-afd1-c240b23e34a7/current/raft-meta with options [REPLACE_EXISTING]
2024-10-20 10:46:30,355 [s2-impl-thread1] INFO  storage.RaftStorage (RaftStorageImpl.java:format(98)) - Storage directory /home/runner/work/ratis/ratis/ratis-test/target/test/data/d69430f5/MiniRaftClusterWithGrpc63e5dcb0/s2/b095d642-4148-4fb2-afd1-c240b23e34a7 has been successfully formatted.
2024-10-20 10:46:30,355 [s2-impl-thread1] INFO  server.RaftServerConfigKeys (ConfUtils.java:logGet(46)) - raft.server.log.use.memory = false (default)
2024-10-20 10:46:30,356 [s2-impl-thread1] INFO  server.RaftServerConfigKeys (ConfUtils.java:logGet(46)) - raft.server.log.purge.gap = 1024 (default)
2024-10-20 10:46:30,356 [s2-impl-thread1] INFO  server.RaftServerConfigKeys (ConfUtils.java:logGet(46)) - raft.server.log.appender.buffer.byte-limit = 4MB (=4194304) (default)
2024-10-20 10:46:30,356 [s2-impl-thread1] INFO  server.RaftServerConfigKeys (ConfUtils.java:logGet(46)) - raft.server.log.statemachine.data.read.timeout = 1000ms (default)
2024-10-20 10:46:30,356 [s2-impl-thread1] INFO  server.RaftServerConfigKeys (ConfUtils.java:logGet(46)) - raft.server.log.purge.preservation.log.num = 0 (default)
2024-10-20 10:46:30,356 [s2-impl-thread1] INFO  server.RaftServerConfigKeys (ConfUtils.java:logGet(46)) - raft.server.log.segment.size.max = 32MB (=33554432) (default)
2024-10-20 10:46:30,356 [s2-impl-thread1] INFO  server.RaftServerConfigKeys (ConfUtils.java:logGet(46)) - raft.server.log.segment.cache.num.max = 6 (default)
2024-10-20 10:46:30,356 [s2-impl-thread1] INFO  server.RaftServerConfigKeys (ConfUtils.java:logGet(46)) - raft.server.log.segment.cache.size.max = 200MB (=209715200) (default)
2024-10-20 10:46:30,356 [s2-impl-thread1] INFO  server.RaftServerConfigKeys (ConfUtils.java:logGet(46)) - raft.server.log.appender.buffer.byte-limit = 4MB (=4194304) (default)
2024-10-20 10:46:30,357 [s2-impl-thread1] INFO  util.AwaitToRun (AwaitToRun.java:start(81)) - Thread[s2@group-C240B23E34A7-cacheEviction-AwaitToRun,5,main] started
2024-10-20 10:46:30,357 [s2-impl-thread1] INFO  segmented.SegmentedRaftLogWorker (SegmentedRaftLogWorker.java:<init>(188)) - new s2@group-C240B23E34A7-SegmentedRaftLogWorker for RaftStorageImpl:Storage Directory /home/runner/work/ratis/ratis/ratis-test/target/test/data/d69430f5/MiniRaftClusterWithGrpc63e5dcb0/s2/b095d642-4148-4fb2-afd1-c240b23e34a7
2024-10-20 10:46:30,357 [s2-impl-thread1] INFO  server.RaftServerConfigKeys (ConfUtils.java:logGet(46)) - raft.server.log.queue.byte-limit = 64MB (=67108864) (default)
2024-10-20 10:46:30,357 [s2-impl-thread1] INFO  server.RaftServerConfigKeys (ConfUtils.java:logGet(46)) - raft.server.log.queue.element-limit = 4096 (default)
2024-10-20 10:46:30,357 [s2-impl-thread1] INFO  server.RaftServerConfigKeys (ConfUtils.java:logGet(46)) - raft.server.log.segment.size.max = 32MB (=33554432) (default)
2024-10-20 10:46:30,357 [s2-impl-thread1] INFO  server.RaftServerConfigKeys (ConfUtils.java:logGet(46)) - raft.server.log.preallocated.size = 4MB (=4194304) (default)
2024-10-20 10:46:30,357 [s2-impl-thread1] INFO  server.RaftServerConfigKeys (ConfUtils.java:logGet(46)) - raft.server.log.force.sync.num = 128 (default)
2024-10-20 10:46:30,357 [s2-impl-thread1] INFO  server.RaftServerConfigKeys (ConfUtils.java:logGet(46)) - raft.server.log.statemachine.data.sync = true (default)
2024-10-20 10:46:30,357 [s2-impl-thread1] INFO  server.RaftServerConfigKeys (ConfUtils.java:logGet(46)) - raft.server.log.statemachine.data.sync.timeout = 10s (default)
2024-10-20 10:46:30,357 [s2-impl-thread1] INFO  server.RaftServerConfigKeys (ConfUtils.java:logGet(46)) - raft.server.log.statemachine.data.sync.timeout.retry = -1 (default)
2024-10-20 10:46:30,358 [s2-impl-thread1] INFO  server.RaftServerConfigKeys (ConfUtils.java:logGet(46)) - raft.server.log.write.buffer.size = 8MB (=8388608) (default)
2024-10-20 10:46:30,359 [s2-impl-thread1] INFO  server.RaftServerConfigKeys (ConfUtils.java:logGet(46)) - raft.server.log.appender.buffer.byte-limit = 4MB (=4194304) (default)
2024-10-20 10:46:30,360 [s2-impl-thread1] INFO  server.RaftServerConfigKeys (ConfUtils.java:logGet(46)) - raft.server.log.unsafe-flush.enabled = false (default)
2024-10-20 10:46:30,360 [s2-impl-thread1] INFO  server.RaftServerConfigKeys (ConfUtils.java:logGet(46)) - raft.server.log.async-flush.enabled = false (default)
2024-10-20 10:46:30,360 [s2-impl-thread1] INFO  server.RaftServerConfigKeys (ConfUtils.java:logGet(46)) - raft.server.log.statemachine.data.caching.enabled = false (default)
2024-10-20 10:46:30,360 [s2-impl-thread1] INFO  segmented.SegmentedRaftLogWorker (SegmentedRaftLogWorker.java:lambda$new$0(139)) - s2@group-C240B23E34A7-SegmentedRaftLogWorker: flushIndex: setUnconditionally 0 -> -1
2024-10-20 10:46:30,360 [s2-impl-thread1] INFO  segmented.SegmentedRaftLogWorker (SegmentedRaftLogWorker.java:lambda$new$0(139)) - s2@group-C240B23E34A7-SegmentedRaftLogWorker: safeCacheEvictIndex: setUnconditionally 0 -> -1
2024-10-20 10:46:30,360 [s2-impl-thread1] INFO  server.RaftServer$Division (RaftServerImpl.java:start(393)) - s2@group-C240B23E34A7: start as a follower, conf=conf: {index: -1, cur=peers:[s0|localhost:15288, s1|localhost:15292, s2|localhost:15296]|listeners:[s3|localhost:15300, s4|localhost:15304], old=null}
2024-10-20 10:46:30,360 [s2-impl-thread1] INFO  server.RaftServer$Division (RaftServerImpl.java:setRole(380)) - s2@group-C240B23E34A7: changes role from      null to FOLLOWER at term 0 for startAsFollower
2024-10-20 10:46:30,361 [s2-impl-thread1] INFO  impl.RoleInfo (RoleInfo.java:updateAndGet(148)) - s2: start s2@group-C240B23E34A7-FollowerState
2024-10-20 10:46:30,364 [s2-impl-thread1] INFO  util.JmxRegister (JmxRegister.java:tryRegister(44)) - Successfully registered JMX Bean with object name Ratis:service=RaftServer,group=group-C240B23E34A7,id=s2
2024-10-20 10:46:30,364 [s2-impl-thread1] INFO  util.JmxRegister (JmxRegister.java:register(58)) - register mxBean class org.apache.ratis.server.impl.RaftServerJmxAdapter as Ratis:service=RaftServer,group=group-C240B23E34A7,id=s2
2024-10-20 10:46:30,364 [s2-impl-thread1] INFO  server.RaftServerConfigKeys (ConfUtils.java:logGet(46)) - raft.server.snapshot.trigger-when-stop.enabled = true (default)
2024-10-20 10:46:30,364 [s2-impl-thread1] INFO  server.RaftServerConfigKeys (ConfUtils.java:logGet(46)) - raft.server.snapshot.trigger-when-remove.enabled = true (default)
2024-10-20 10:46:30,364 [s2-impl-thread1] INFO  server.RaftServerConfigKeys (ConfUtils.java:logGet(46)) - raft.server.snapshot.auto.trigger.enabled = false (default)
2024-10-20 10:46:30,365 [s2-impl-thread1] INFO  server.RaftServerConfigKeys (ConfUtils.java:logGet(46)) - raft.server.snapshot.retention.file.num = -1 (default)
2024-10-20 10:46:30,365 [s2-impl-thread1] INFO  server.RaftServerConfigKeys (ConfUtils.java:logGet(46)) - raft.server.log.purge.upto.snapshot.index = false (default)
2024-10-20 10:46:30,365 [s2@group-C240B23E34A7-FollowerState] INFO  server.RaftServerConfigKeys (ConfUtils.java:logFallback(53)) - raft.server.rpc.first-election.timeout.min = 150ms (fallback to raft.server.rpc.timeout.min)
2024-10-20 10:46:30,365 [s2-impl-thread1] INFO  server.RaftServer$Division (RaftServerImpl.java:start(407)) - s2@group-C240B23E34A7: Successfully started.
2024-10-20 10:46:30,365 [main] INFO  server.RaftServer (RaftServerProxy.java:startImpl(408)) - s2: start RPC server
2024-10-20 10:46:30,365 [s2@group-C240B23E34A7-FollowerState] INFO  server.RaftServerConfigKeys (ConfUtils.java:logFallback(53)) - raft.server.rpc.first-election.timeout.max = 300ms (fallback to raft.server.rpc.timeout.max)
2024-10-20 10:46:30,366 [main] INFO  server.GrpcServicesImpl (GrpcServicesImpl.java:startImpl(353)) - s2: GrpcServicesImpl started, listening on 15298
2024-10-20 10:46:30,369 [main] INFO  server.GrpcServicesImpl (GrpcServicesImpl.java:startImpl(353)) - s2: GrpcServicesImpl started, listening on 15296
2024-10-20 10:46:30,369 [main] INFO  server.GrpcServicesImpl (GrpcServicesImpl.java:startImpl(353)) - s2: GrpcServicesImpl started, listening on 15297
2024-10-20 10:46:30,370 [JvmPauseMonitor76] INFO  util.JvmPauseMonitor (JvmPauseMonitor.java:run(146)) - JvmPauseMonitor-s2: Started
2024-10-20 10:46:30,370 [main] INFO  server.RaftServerConfigKeys (ConfUtils.java:logGet(46)) - raft.server.rpc.timeout.max = 300ms (default)
2024-10-20 10:46:30,370 [main] INFO  ratis.RaftTestUtil (RaftTestUtil.java:waitForLeader(107)) - printing ALL groups
  s3:  RUNNING  LISTENER s3@group-C240B23E34A7:t0, leader=null, voted=, raftlog=Memoized:s3@group-C240B23E34A7-SegmentedRaftLog:OPENED:c-1:lastnull, conf=conf: {index: -1, cur=peers:[s0|localhost:15288, s1|localhost:15292, s2|localhost:15296]|listeners:[s3|localhost:15300, s4|localhost:15304], old=null} RUNNING
  s4:  RUNNING  LISTENER s4@group-C240B23E34A7:t0, leader=null, voted=, raftlog=Memoized:s4@group-C240B23E34A7-SegmentedRaftLog:OPENED:c-1:lastnull, conf=conf: {index: -1, cur=peers:[s0|localhost:15288, s1|localhost:15292, s2|localhost:15296]|listeners:[s3|localhost:15300, s4|localhost:15304], old=null} RUNNING
  s0:  RUNNING  FOLLOWER s0@group-C240B23E34A7:t0, leader=null, voted=, raftlog=Memoized:s0@group-C240B23E34A7-SegmentedRaftLog:OPENED:c-1:lastnull, conf=conf: {index: -1, cur=peers:[s0|localhost:15288, s1|localhost:15292, s2|localhost:15296]|listeners:[s3|localhost:15300, s4|localhost:15304], old=null} RUNNING
  s1:  RUNNING  FOLLOWER s1@group-C240B23E34A7:t0, leader=null, voted=, raftlog=Memoized:s1@group-C240B23E34A7-SegmentedRaftLog:OPENED:c-1:lastnull, conf=conf: {index: -1, cur=peers:[s0|localhost:15288, s1|localhost:15292, s2|localhost:15296]|listeners:[s3|localhost:15300, s4|localhost:15304], old=null} RUNNING
  s2:  RUNNING  FOLLOWER s2@group-C240B23E34A7:t0, leader=null, voted=, raftlog=Memoized:s2@group-C240B23E34A7-SegmentedRaftLog:OPENED:c-1:lastnull, conf=conf: {index: -1, cur=peers:[s0|localhost:15288, s1|localhost:15292, s2|localhost:15296]|listeners:[s3|localhost:15300, s4|localhost:15304], old=null} RUNNING
2024-10-20 10:46:30,371 [main] WARN  ratis.RaftTestUtil (RaftTestUtil.java:lambda$waitForLeader$3(126)) - Attempt #1 failed: java.lang.IllegalStateException: No leader yet : printing ALL groups
  s3:  RUNNING  LISTENER s3@group-C240B23E34A7:t0, leader=null, voted=, raftlog=Memoized:s3@group-C240B23E34A7-SegmentedRaftLog:OPENED:c-1:lastnull, conf=conf: {index: -1, cur=peers:[s0|localhost:15288, s1|localhost:15292, s2|localhost:15296]|listeners:[s3|localhost:15300, s4|localhost:15304], old=null} RUNNING
  s4:  RUNNING  LISTENER s4@group-C240B23E34A7:t0, leader=null, voted=, raftlog=Memoized:s4@group-C240B23E34A7-SegmentedRaftLog:OPENED:c-1:lastnull, conf=conf: {index: -1, cur=peers:[s0|localhost:15288, s1|localhost:15292, s2|localhost:15296]|listeners:[s3|localhost:15300, s4|localhost:15304], old=null} RUNNING
  s0:  RUNNING  FOLLOWER s0@group-C240B23E34A7:t0, leader=null, voted=, raftlog=Memoized:s0@group-C240B23E34A7-SegmentedRaftLog:OPENED:c-1:lastnull, conf=conf: {index: -1, cur=peers:[s0|localhost:15288, s1|localhost:15292, s2|localhost:15296]|listeners:[s3|localhost:15300, s4|localhost:15304], old=null} RUNNING
  s1:  RUNNING  FOLLOWER s1@group-C240B23E34A7:t0, leader=null, voted=, raftlog=Memoized:s1@group-C240B23E34A7-SegmentedRaftLog:OPENED:c-1:lastnull, conf=conf: {index: -1, cur=peers:[s0|localhost:15288, s1|localhost:15292, s2|localhost:15296]|listeners:[s3|localhost:15300, s4|localhost:15304], old=null} RUNNING
  s2:  RUNNING  FOLLOWER s2@group-C240B23E34A7:t0, leader=null, voted=, raftlog=Memoized:s2@group-C240B23E34A7-SegmentedRaftLog:OPENED:c-1:lastnull, conf=conf: {index: -1, cur=peers:[s0|localhost:15288, s1|localhost:15292, s2|localhost:15296]|listeners:[s3|localhost:15300, s4|localhost:15304], old=null} RUNNING
2024-10-20 10:46:30,465 [s3@group-C240B23E34A7-FollowerState] INFO  server.RaftServerConfigKeys (ConfUtils.java:logFallback(53)) - raft.server.rpc.first-election.timeout.min = 150ms (fallback to raft.server.rpc.timeout.min)
2024-10-20 10:46:30,465 [s3@group-C240B23E34A7-FollowerState] INFO  server.RaftServerConfigKeys (ConfUtils.java:logFallback(53)) - raft.server.rpc.first-election.timeout.max = 300ms (fallback to raft.server.rpc.timeout.max)
2024-10-20 10:46:30,525 [s1@group-C240B23E34A7-FollowerState] INFO  impl.FollowerState (FollowerState.java:runImpl(161)) - s1@group-C240B23E34A7-FollowerState: change to CANDIDATE, lastRpcElapsedTime:178316445ns, electionTimeout:177ms
2024-10-20 10:46:30,525 [s1@group-C240B23E34A7-FollowerState] INFO  impl.RoleInfo (RoleInfo.java:shutdownFollowerState(121)) - s1: shutdown s1@group-C240B23E34A7-FollowerState
2024-10-20 10:46:30,526 [s1@group-C240B23E34A7-FollowerState] INFO  server.RaftServer$Division (RaftServerImpl.java:setRole(380)) - s1@group-C240B23E34A7: changes role from  FOLLOWER to CANDIDATE at term 0 for changeToCandidate
2024-10-20 10:46:30,526 [s1@group-C240B23E34A7-FollowerState] INFO  server.RaftServerConfigKeys (ConfUtils.java:logGet(46)) - raft.server.leaderelection.pre-vote = true (default)
2024-10-20 10:46:30,526 [s1@group-C240B23E34A7-FollowerState] INFO  impl.RoleInfo (RoleInfo.java:updateAndGet(148)) - s1: start s1@group-C240B23E34A7-LeaderElection86
2024-10-20 10:46:30,526 [s1@group-C240B23E34A7-LeaderElection86] INFO  impl.LeaderElection (LeaderElection.java:askForVotes(333)) - s1@group-C240B23E34A7-LeaderElection86 PRE_VOTE round 0: submit vote requests at term 0 for conf: {index: -1, cur=peers:[s0|localhost:15288, s1|localhost:15292, s2|localhost:15296]|listeners:[s3|localhost:15300, s4|localhost:15304], old=null}
2024-10-20 10:46:30,527 [s1@group-C240B23E34A7-LeaderElection86-1] INFO  server.GrpcServerProtocolClient (GrpcServerProtocolClient.java:<init>(65)) - Build channel for s0|localhost:15288
2024-10-20 10:46:30,527 [s1@group-C240B23E34A7-LeaderElection86-2] INFO  server.GrpcServerProtocolClient (GrpcServerProtocolClient.java:<init>(65)) - Build channel for s2|localhost:15296
2024-10-20 10:46:30,527 [s1@group-C240B23E34A7-LeaderElection86] INFO  server.RaftServerConfigKeys (ConfUtils.java:logFallback(53)) - raft.server.rpc.first-election.timeout.min = 150ms (fallback to raft.server.rpc.timeout.min)
2024-10-20 10:46:30,527 [s1@group-C240B23E34A7-LeaderElection86] INFO  server.RaftServerConfigKeys (ConfUtils.java:logFallback(53)) - raft.server.rpc.first-election.timeout.max = 300ms (fallback to raft.server.rpc.timeout.max)
2024-10-20 10:46:30,542 [grpc-default-executor-1] INFO  server.RaftServer$Division (RaftServerImpl.java:requestVote(1447)) - s0@group-C240B23E34A7: receive requestVote(PRE_VOTE, s1, group-C240B23E34A7, 0, (t:0, i:0))
2024-10-20 10:46:30,542 [grpc-default-executor-0] INFO  server.RaftServer$Division (RaftServerImpl.java:requestVote(1447)) - s2@group-C240B23E34A7: receive requestVote(PRE_VOTE, s1, group-C240B23E34A7, 0, (t:0, i:0))
2024-10-20 10:46:30,543 [grpc-default-executor-1] INFO  impl.VoteContext (VoteContext.java:log(49)) - s0@group-C240B23E34A7-FOLLOWER: accept PRE_VOTE from s1: our priority 0 <= candidate's priority 0
2024-10-20 10:46:30,543 [grpc-default-executor-0] INFO  impl.VoteContext (VoteContext.java:log(49)) - s2@group-C240B23E34A7-FOLLOWER: accept PRE_VOTE from s1: our priority 0 <= candidate's priority 0
2024-10-20 10:46:30,543 [grpc-default-executor-0] INFO  server.RaftServer$Division (RaftServerImpl.java:requestVote(1480)) - s2@group-C240B23E34A7 replies to PRE_VOTE vote request: s1<-s2#0:OK-t0. Peer's state: s2@group-C240B23E34A7:t0, leader=null, voted=, raftlog=Memoized:s2@group-C240B23E34A7-SegmentedRaftLog:OPENED:c-1:lastnull, conf=conf: {index: -1, cur=peers:[s0|localhost:15288, s1|localhost:15292, s2|localhost:15296]|listeners:[s3|localhost:15300, s4|localhost:15304], old=null}
2024-10-20 10:46:30,543 [grpc-default-executor-1] INFO  server.RaftServer$Division (RaftServerImpl.java:requestVote(1480)) - s0@group-C240B23E34A7 replies to PRE_VOTE vote request: s1<-s0#0:OK-t0. Peer's state: s0@group-C240B23E34A7:t0, leader=null, voted=, raftlog=Memoized:s0@group-C240B23E34A7-SegmentedRaftLog:OPENED:c-1:lastnull, conf=conf: {index: -1, cur=peers:[s0|localhost:15288, s1|localhost:15292, s2|localhost:15296]|listeners:[s3|localhost:15300, s4|localhost:15304], old=null}
2024-10-20 10:46:30,545 [s1@group-C240B23E34A7-LeaderElection86] INFO  impl.LeaderElection (LeaderElection.java:logAndReturn(90)) - s1@group-C240B23E34A7-LeaderElection86: PRE_VOTE PASSED received 1 response(s) and 0 exception(s):
2024-10-20 10:46:30,545 [s1@group-C240B23E34A7-LeaderElection86] INFO  impl.LeaderElection (LeaderElection.java:logAndReturn(94)) -   Response 0: s1<-s2#0:OK-t0
2024-10-20 10:46:30,545 [s1@group-C240B23E34A7-LeaderElection86] INFO  impl.LeaderElection (LeaderElection.java:askForVotes(335)) - s1@group-C240B23E34A7-LeaderElection86 PRE_VOTE round 0: result PASSED
2024-10-20 10:46:30,545 [s1@group-C240B23E34A7-LeaderElection86] TRACE util.FileUtils (LogUtils.java:supplyAndLog(69)) - Successfully supplied FileChannel.open /home/runner/work/ratis/ratis/ratis-test/target/test/data/d69430f5/MiniRaftClusterWithGrpc63e5dcb0/s1/b095d642-4148-4fb2-afd1-c240b23e34a7/current/raft-meta.tmp with options [CREATE, WRITE]: sun.nio.ch.FileChannelImpl@5d9e5d2e
2024-10-20 10:46:30,547 [s1@group-C240B23E34A7-LeaderElection86] TRACE util.FileUtils (LogUtils.java:runAndLog(49)) - Successfully ran Atomic Files.move /home/runner/work/ratis/ratis/ratis-test/target/test/data/d69430f5/MiniRaftClusterWithGrpc63e5dcb0/s1/b095d642-4148-4fb2-afd1-c240b23e34a7/current/raft-meta.tmp to /home/runner/work/ratis/ratis/ratis-test/target/test/data/d69430f5/MiniRaftClusterWithGrpc63e5dcb0/s1/b095d642-4148-4fb2-afd1-c240b23e34a7/current/raft-meta with options [REPLACE_EXISTING]
2024-10-20 10:46:30,547 [s1@group-C240B23E34A7-LeaderElection86] INFO  impl.LeaderElection (LeaderElection.java:askForVotes(333)) - s1@group-C240B23E34A7-LeaderElection86 ELECTION round 0: submit vote requests at term 1 for conf: {index: -1, cur=peers:[s0|localhost:15288, s1|localhost:15292, s2|localhost:15296]|listeners:[s3|localhost:15300, s4|localhost:15304], old=null}
2024-10-20 10:46:30,548 [s1@group-C240B23E34A7-LeaderElection86] INFO  server.RaftServerConfigKeys (ConfUtils.java:logFallback(53)) - raft.server.rpc.first-election.timeout.min = 150ms (fallback to raft.server.rpc.timeout.min)
2024-10-20 10:46:30,548 [s1@group-C240B23E34A7-LeaderElection86] INFO  server.RaftServerConfigKeys (ConfUtils.java:logFallback(53)) - raft.server.rpc.first-election.timeout.max = 300ms (fallback to raft.server.rpc.timeout.max)
2024-10-20 10:46:30,549 [grpc-default-executor-1] INFO  server.RaftServer$Division (RaftServerImpl.java:requestVote(1447)) - s0@group-C240B23E34A7: receive requestVote(ELECTION, s1, group-C240B23E34A7, 1, (t:0, i:0))
2024-10-20 10:46:30,549 [grpc-default-executor-1] INFO  impl.VoteContext (VoteContext.java:log(49)) - s0@group-C240B23E34A7-FOLLOWER: accept ELECTION from s1: our priority 0 <= candidate's priority 0
2024-10-20 10:46:30,550 [grpc-default-executor-1] INFO  server.RaftServer$Division (RaftServerImpl.java:setRole(380)) - s0@group-C240B23E34A7: changes role from  FOLLOWER to FOLLOWER at term 0 for candidate:s1
2024-10-20 10:46:30,550 [grpc-default-executor-1] INFO  impl.RoleInfo (RoleInfo.java:shutdownFollowerState(121)) - s0: shutdown s0@group-C240B23E34A7-FollowerState
2024-10-20 10:46:30,550 [s0@group-C240B23E34A7-FollowerState] INFO  impl.FollowerState (FollowerState.java:runImpl(170)) - s0@group-C240B23E34A7-FollowerState was interrupted
2024-10-20 10:46:30,550 [grpc-default-executor-1] INFO  impl.RoleInfo (RoleInfo.java:updateAndGet(148)) - s0: start s0@group-C240B23E34A7-FollowerState
2024-10-20 10:46:30,551 [grpc-default-executor-1] INFO  server.RaftServer$Division (RaftServerImpl.java:setFirstElection(564)) - s0@group-C240B23E34A7: set firstElectionSinceStartup to false for candidate:s1
2024-10-20 10:46:30,552 [grpc-default-executor-1] TRACE util.FileUtils (LogUtils.java:supplyAndLog(69)) - Successfully supplied FileChannel.open /home/runner/work/ratis/ratis/ratis-test/target/test/data/d69430f5/MiniRaftClusterWithGrpc63e5dcb0/s0/b095d642-4148-4fb2-afd1-c240b23e34a7/current/raft-meta.tmp with options [CREATE, WRITE]: sun.nio.ch.FileChannelImpl@2cc32fd7
2024-10-20 10:46:30,552 [grpc-default-executor-0] INFO  server.RaftServer$Division (RaftServerImpl.java:requestVote(1447)) - s2@group-C240B23E34A7: receive requestVote(ELECTION, s1, group-C240B23E34A7, 1, (t:0, i:0))
2024-10-20 10:46:30,552 [grpc-default-executor-0] INFO  impl.VoteContext (VoteContext.java:log(49)) - s2@group-C240B23E34A7-FOLLOWER: accept ELECTION from s1: our priority 0 <= candidate's priority 0
2024-10-20 10:46:30,553 [grpc-default-executor-0] INFO  server.RaftServer$Division (RaftServerImpl.java:setRole(380)) - s2@group-C240B23E34A7: changes role from  FOLLOWER to FOLLOWER at term 0 for candidate:s1
2024-10-20 10:46:30,553 [grpc-default-executor-0] INFO  impl.RoleInfo (RoleInfo.java:shutdownFollowerState(121)) - s2: shutdown s2@group-C240B23E34A7-FollowerState
2024-10-20 10:46:30,553 [grpc-default-executor-0] INFO  impl.RoleInfo (RoleInfo.java:updateAndGet(148)) - s2: start s2@group-C240B23E34A7-FollowerState
2024-10-20 10:46:30,553 [grpc-default-executor-1] TRACE util.FileUtils (LogUtils.java:runAndLog(49)) - Successfully ran Atomic Files.move /home/runner/work/ratis/ratis/ratis-test/target/test/data/d69430f5/MiniRaftClusterWithGrpc63e5dcb0/s0/b095d642-4148-4fb2-afd1-c240b23e34a7/current/raft-meta.tmp to /home/runner/work/ratis/ratis/ratis-test/target/test/data/d69430f5/MiniRaftClusterWithGrpc63e5dcb0/s0/b095d642-4148-4fb2-afd1-c240b23e34a7/current/raft-meta with options [REPLACE_EXISTING]
2024-10-20 10:46:30,553 [s2@group-C240B23E34A7-FollowerState] INFO  impl.FollowerState (FollowerState.java:runImpl(170)) - s2@group-C240B23E34A7-FollowerState was interrupted
2024-10-20 10:46:30,553 [grpc-default-executor-1] INFO  server.RaftServer$Division (RaftServerImpl.java:requestVote(1480)) - s0@group-C240B23E34A7 replies to ELECTION vote request: s1<-s0#0:OK-t1. Peer's state: s0@group-C240B23E34A7:t1, leader=null, voted=s1, raftlog=Memoized:s0@group-C240B23E34A7-SegmentedRaftLog:OPENED:c-1:lastnull, conf=conf: {index: -1, cur=peers:[s0|localhost:15288, s1|localhost:15292, s2|localhost:15296]|listeners:[s3|localhost:15300, s4|localhost:15304], old=null}
2024-10-20 10:46:30,559 [grpc-default-executor-0] INFO  server.RaftServer$Division (RaftServerImpl.java:setFirstElection(564)) - s2@group-C240B23E34A7: set firstElectionSinceStartup to false for candidate:s1
2024-10-20 10:46:30,559 [grpc-default-executor-0] TRACE util.FileUtils (LogUtils.java:supplyAndLog(69)) - Successfully supplied FileChannel.open /home/runner/work/ratis/ratis/ratis-test/target/test/data/d69430f5/MiniRaftClusterWithGrpc63e5dcb0/s2/b095d642-4148-4fb2-afd1-c240b23e34a7/current/raft-meta.tmp with options [CREATE, WRITE]: sun.nio.ch.FileChannelImpl@4a4c3c8f
2024-10-20 10:46:30,559 [s1@group-C240B23E34A7-LeaderElection86] INFO  impl.LeaderElection (LeaderElection.java:logAndReturn(90)) - s1@group-C240B23E34A7-LeaderElection86: ELECTION PASSED received 1 response(s) and 0 exception(s):
2024-10-20 10:46:30,559 [s1@group-C240B23E34A7-LeaderElection86] INFO  impl.LeaderElection (LeaderElection.java:logAndReturn(94)) -   Response 0: s1<-s0#0:OK-t1
2024-10-20 10:46:30,559 [s1@group-C240B23E34A7-LeaderElection86] INFO  impl.LeaderElection (LeaderElection.java:askForVotes(335)) - s1@group-C240B23E34A7-LeaderElection86 ELECTION round 0: result PASSED
2024-10-20 10:46:30,559 [s1@group-C240B23E34A7-LeaderElection86] INFO  impl.RoleInfo (RoleInfo.java:shutdownLeaderElection(141)) - s1: shutdown s1@group-C240B23E34A7-LeaderElection86
2024-10-20 10:46:30,559 [s1@group-C240B23E34A7-LeaderElection86] INFO  server.RaftServer$Division (RaftServerImpl.java:setRole(380)) - s1@group-C240B23E34A7: changes role from CANDIDATE to LEADER at term 1 for changeToLeader
2024-10-20 10:46:30,559 [s1@group-C240B23E34A7-LeaderElection86] INFO  server.RaftServerConfigKeys (ConfUtils.java:logGet(46)) - raft.server.staging.catchup.gap = 1000 (default)
2024-10-20 10:46:30,560 [s1@group-C240B23E34A7-LeaderElection86] INFO  server.RaftServerConfigKeys (ConfUtils.java:logGet(46)) - raft.server.write.element-limit = 4096 (default)
2024-10-20 10:46:30,560 [s1@group-C240B23E34A7-LeaderElection86] INFO  server.RaftServerConfigKeys (ConfUtils.java:logGet(46)) - raft.server.write.byte-limit = 64MB (=67108864) (default)
2024-10-20 10:46:30,560 [s1@group-C240B23E34A7-LeaderElection86] INFO  server.RaftServerConfigKeys (ConfUtils.java:logGet(46)) - raft.server.watch.timeout = 10s (default)
2024-10-20 10:46:30,560 [s1@group-C240B23E34A7-LeaderElection86] INFO  server.RaftServerConfigKeys (ConfUtils.java:logGet(46)) - raft.server.watch.timeout.denomination = 1s (default)
2024-10-20 10:46:30,560 [s1@group-C240B23E34A7-LeaderElection86] INFO  server.RaftServerConfigKeys (ConfUtils.java:logGet(46)) - raft.server.watch.element-limit = 65536 (default)
2024-10-20 10:46:30,560 [grpc-default-executor-0] TRACE util.FileUtils (LogUtils.java:runAndLog(49)) - Successfully ran Atomic Files.move /home/runner/work/ratis/ratis/ratis-test/target/test/data/d69430f5/MiniRaftClusterWithGrpc63e5dcb0/s2/b095d642-4148-4fb2-afd1-c240b23e34a7/current/raft-meta.tmp to /home/runner/work/ratis/ratis/ratis-test/target/test/data/d69430f5/MiniRaftClusterWithGrpc63e5dcb0/s2/b095d642-4148-4fb2-afd1-c240b23e34a7/current/raft-meta with options [REPLACE_EXISTING]
2024-10-20 10:46:30,560 [s1@group-C240B23E34A7-LeaderElection86] INFO  server.RaftServerConfigKeys (ConfUtils.java:logGet(46)) - raft.server.read.leader.lease.enabled = true (custom)
2024-10-20 10:46:30,560 [grpc-default-executor-0] INFO  server.RaftServer$Division (RaftServerImpl.java:requestVote(1480)) - s2@group-C240B23E34A7 replies to ELECTION vote request: s1<-s2#0:OK-t1. Peer's state: s2@group-C240B23E34A7:t1, leader=null, voted=s1, raftlog=Memoized:s2@group-C240B23E34A7-SegmentedRaftLog:OPENED:c-1:lastnull, conf=conf: {index: -1, cur=peers:[s0|localhost:15288, s1|localhost:15292, s2|localhost:15296]|listeners:[s3|localhost:15300, s4|localhost:15304], old=null}
2024-10-20 10:46:30,560 [s1@group-C240B23E34A7-LeaderElection86] INFO  server.RaftServerConfigKeys (ConfUtils.java:logGet(46)) - raft.server.read.leader.lease.timeout.ratio = 0.5 (custom)
2024-10-20 10:46:30,561 [s1@group-C240B23E34A7-LeaderElection86] INFO  server.RaftServerConfigKeys (ConfUtils.java:logGet(46)) - raft.server.rpc.timeout.min = 150ms (default)
2024-10-20 10:46:30,561 [s1@group-C240B23E34A7-LeaderElection86] INFO  server.RaftServerConfigKeys (ConfUtils.java:logGet(46)) - raft.server.log.log-metadata.enabled = true (default)
2024-10-20 10:46:30,561 [s1@group-C240B23E34A7-LeaderElection86] INFO  server.RaftServerConfigKeys (ConfUtils.java:logGet(46)) - raft.server.write.element-limit = 4096 (default)
2024-10-20 10:46:30,561 [s1@group-C240B23E34A7-LeaderElection86] INFO  server.RaftServerConfigKeys (ConfUtils.java:logGet(46)) - raft.server.write.follower.gap.ratio.max = -1.0 (default)
2024-10-20 10:46:30,561 [s1@group-C240B23E34A7-LeaderElection86] INFO  server.RaftServerConfigKeys (ConfUtils.java:logGet(46)) - raft.server.log.appender.snapshot.chunk.size.max = 16MB (=16777216) (default)
2024-10-20 10:46:30,561 [s1@group-C240B23E34A7-LeaderElection86] INFO  server.RaftServerConfigKeys (ConfUtils.java:logGet(46)) - raft.server.log.appender.buffer.byte-limit = 4MB (=4194304) (default)
2024-10-20 10:46:30,561 [s1@group-C240B23E34A7-LeaderElection86] INFO  server.RaftServerConfigKeys (ConfUtils.java:logGet(46)) - raft.server.log.appender.buffer.element-limit = 0 (default)
2024-10-20 10:46:30,561 [s1@group-C240B23E34A7-LeaderElection86] INFO  server.RaftServerConfigKeys (ConfUtils.java:logGet(46)) - raft.server.log.appender.wait-time.min = 1ms (default)
2024-10-20 10:46:30,561 [s1@group-C240B23E34A7-LeaderElection86] INFO  grpc.GrpcConfigKeys (ConfUtils.java:logGet(46)) - raft.grpc.server.leader.outstanding.appends.max = 8 (default)
2024-10-20 10:46:30,561 [s1@group-C240B23E34A7-LeaderElection86] INFO  server.RaftServerConfigKeys (ConfUtils.java:logGet(46)) - raft.server.rpc.request.timeout = 3000ms (default)
2024-10-20 10:46:30,561 [s1@group-C240B23E34A7-LeaderElection86] INFO  grpc.GrpcConfigKeys (ConfUtils.java:logGet(46)) - raft.grpc.server.install_snapshot.request.element-limit = 8 (default)
2024-10-20 10:46:30,562 [s1@group-C240B23E34A7-LeaderElection86] INFO  grpc.GrpcConfigKeys (ConfUtils.java:logGet(46)) - raft.grpc.server.install_snapshot.request.timeout = 3000ms (default)
2024-10-20 10:46:30,562 [s1@group-C240B23E34A7-LeaderElection86] INFO  grpc.GrpcConfigKeys (ConfUtils.java:logGet(46)) - raft.grpc.server.log-message.batch.duration = 5s (default)
2024-10-20 10:46:30,562 [s1@group-C240B23E34A7-LeaderElection86] INFO  server.RaftServerConfigKeys (ConfUtils.java:logGet(46)) - raft.server.log.appender.install.snapshot.enabled = true (default)
2024-10-20 10:46:30,562 [s1@group-C240B23E34A7-LeaderElection86] INFO  grpc.GrpcConfigKeys (ConfUtils.java:logGet(46)) - raft.grpc.server.heartbeat.channel = true (default)
2024-10-20 10:46:30,562 [s1@group-C240B23E34A7-LeaderElection86] INFO  server.RaftServerConfigKeys (ConfUtils.java:logGet(46)) - raft.server.log.appender.snapshot.chunk.size.max = 16MB (=16777216) (default)
2024-10-20 10:46:30,562 [s1@group-C240B23E34A7-LeaderElection86] INFO  server.RaftServerConfigKeys (ConfUtils.java:logGet(46)) - raft.server.log.appender.buffer.byte-limit = 4MB (=4194304) (default)
2024-10-20 10:46:30,562 [s1@group-C240B23E34A7-LeaderElection86] INFO  server.RaftServerConfigKeys (ConfUtils.java:logGet(46)) - raft.server.log.appender.buffer.element-limit = 0 (default)
2024-10-20 10:46:30,562 [s1@group-C240B23E34A7-LeaderElection86] INFO  server.RaftServerConfigKeys (ConfUtils.java:logGet(46)) - raft.server.log.appender.wait-time.min = 1ms (default)
2024-10-20 10:46:30,563 [s1@group-C240B23E34A7-LeaderElection86] INFO  grpc.GrpcConfigKeys (ConfUtils.java:logGet(46)) - raft.grpc.server.leader.outstanding.appends.max = 8 (default)
2024-10-20 10:46:30,563 [s1@group-C240B23E34A7-LeaderElection86] INFO  server.RaftServerConfigKeys (ConfUtils.java:logGet(46)) - raft.server.rpc.request.timeout = 3000ms (default)
2024-10-20 10:46:30,563 [s1@group-C240B23E34A7-LeaderElection86] INFO  grpc.GrpcConfigKeys (ConfUtils.java:logGet(46)) - raft.grpc.server.install_snapshot.request.element-limit = 8 (default)
2024-10-20 10:46:30,563 [s1@group-C240B23E34A7-LeaderElection86] INFO  grpc.GrpcConfigKeys (ConfUtils.java:logGet(46)) - raft.grpc.server.install_snapshot.request.timeout = 3000ms (default)
2024-10-20 10:46:30,563 [s1@group-C240B23E34A7-LeaderElection86] INFO  grpc.GrpcConfigKeys (ConfUtils.java:logGet(46)) - raft.grpc.server.log-message.batch.duration = 5s (default)
2024-10-20 10:46:30,563 [s1@group-C240B23E34A7-LeaderElection86] INFO  server.RaftServerConfigKeys (ConfUtils.java:logGet(46)) - raft.server.log.appender.install.snapshot.enabled = true (default)
2024-10-20 10:46:30,564 [s1@group-C240B23E34A7-LeaderElection86] INFO  grpc.GrpcConfigKeys (ConfUtils.java:logGet(46)) - raft.grpc.server.heartbeat.channel = true (default)
2024-10-20 10:46:30,564 [s1@group-C240B23E34A7-LeaderElection86] INFO  server.RaftServerConfigKeys (ConfUtils.java:logGet(46)) - raft.server.log.appender.snapshot.chunk.size.max = 16MB (=16777216) (default)
2024-10-20 10:46:30,564 [s1@group-C240B23E34A7-LeaderElection86] INFO  server.RaftServerConfigKeys (ConfUtils.java:logGet(46)) - raft.server.log.appender.buffer.byte-limit = 4MB (=4194304) (default)
2024-10-20 10:46:30,564 [s1@group-C240B23E34A7-LeaderElection86] INFO  server.RaftServerConfigKeys (ConfUtils.java:logGet(46)) - raft.server.log.appender.buffer.element-limit = 0 (default)
2024-10-20 10:46:30,564 [s1@group-C240B23E34A7-LeaderElection86] INFO  server.RaftServerConfigKeys (ConfUtils.java:logGet(46)) - raft.server.log.appender.wait-time.min = 1ms (default)
2024-10-20 10:46:30,565 [s1@group-C240B23E34A7-LeaderElection86] INFO  grpc.GrpcConfigKeys (ConfUtils.java:logGet(46)) - raft.grpc.server.leader.outstanding.appends.max = 8 (default)
2024-10-20 10:46:30,565 [s1@group-C240B23E34A7-LeaderElection86] INFO  server.RaftServerConfigKeys (ConfUtils.java:logGet(46)) - raft.server.rpc.request.timeout = 3000ms (default)
2024-10-20 10:46:30,565 [s1@group-C240B23E34A7-LeaderElection86] INFO  grpc.GrpcConfigKeys (ConfUtils.java:logGet(46)) - raft.grpc.server.install_snapshot.request.element-limit = 8 (default)
2024-10-20 10:46:30,565 [s1@group-C240B23E34A7-LeaderElection86] INFO  grpc.GrpcConfigKeys (ConfUtils.java:logGet(46)) - raft.grpc.server.install_snapshot.request.timeout = 3000ms (default)
2024-10-20 10:46:30,565 [s1@group-C240B23E34A7-LeaderElection86] INFO  grpc.GrpcConfigKeys (ConfUtils.java:logGet(46)) - raft.grpc.server.log-message.batch.duration = 5s (default)
2024-10-20 10:46:30,565 [s1@group-C240B23E34A7-LeaderElection86] INFO  server.RaftServerConfigKeys (ConfUtils.java:logGet(46)) - raft.server.log.appender.install.snapshot.enabled = true (default)
2024-10-20 10:46:30,565 [s1@group-C240B23E34A7-LeaderElection86] INFO  grpc.GrpcConfigKeys (ConfUtils.java:logGet(46)) - raft.grpc.server.heartbeat.channel = true (default)
2024-10-20 10:46:30,566 [s1@group-C240B23E34A7-LeaderElection86] INFO  server.RaftServerConfigKeys (ConfUtils.java:logGet(46)) - raft.server.log.appender.snapshot.chunk.size.max = 16MB (=16777216) (default)
2024-10-20 10:46:30,566 [s1@group-C240B23E34A7-LeaderElection86] INFO  server.RaftServerConfigKeys (ConfUtils.java:logGet(46)) - raft.server.log.appender.buffer.byte-limit = 4MB (=4194304) (default)
2024-10-20 10:46:30,566 [s1@group-C240B23E34A7-LeaderElection86] INFO  server.RaftServerConfigKeys (ConfUtils.java:logGet(46)) - raft.server.log.appender.buffer.element-limit = 0 (default)
2024-10-20 10:46:30,566 [s1@group-C240B23E34A7-LeaderElection86] INFO  server.RaftServerConfigKeys (ConfUtils.java:logGet(46)) - raft.server.log.appender.wait-time.min = 1ms (default)
2024-10-20 10:46:30,566 [s1@group-C240B23E34A7-LeaderElection86] INFO  grpc.GrpcConfigKeys (ConfUtils.java:logGet(46)) - raft.grpc.server.leader.outstanding.appends.max = 8 (default)
2024-10-20 10:46:30,566 [s1@group-C240B23E34A7-LeaderElection86] INFO  server.RaftServerConfigKeys (ConfUtils.java:logGet(46)) - raft.server.rpc.request.timeout = 3000ms (default)
2024-10-20 10:46:30,566 [s1@group-C240B23E34A7-LeaderElection86] INFO  grpc.GrpcConfigKeys (ConfUtils.java:logGet(46)) - raft.grpc.server.install_snapshot.request.element-limit = 8 (default)
2024-10-20 10:46:30,566 [s1@group-C240B23E34A7-LeaderElection86] INFO  grpc.GrpcConfigKeys (ConfUtils.java:logGet(46)) - raft.grpc.server.install_snapshot.request.timeout = 3000ms (default)
2024-10-20 10:46:30,566 [s1@group-C240B23E34A7-LeaderElection86] INFO  grpc.GrpcConfigKeys (ConfUtils.java:logGet(46)) - raft.grpc.server.log-message.batch.duration = 5s (default)
2024-10-20 10:46:30,567 [s1@group-C240B23E34A7-LeaderElection86] INFO  server.RaftServerConfigKeys (ConfUtils.java:logGet(46)) - raft.server.log.appender.install.snapshot.enabled = true (default)
2024-10-20 10:46:30,567 [s1@group-C240B23E34A7-LeaderElection86] INFO  grpc.GrpcConfigKeys (ConfUtils.java:logGet(46)) - raft.grpc.server.heartbeat.channel = true (default)
2024-10-20 10:46:30,567 [s1@group-C240B23E34A7-LeaderElection86] INFO  impl.RoleInfo (RoleInfo.java:updateAndGet(148)) - s1: start s1@group-C240B23E34A7-LeaderStateImpl
2024-10-20 10:46:30,567 [s1@group-C240B23E34A7-LeaderElection86] INFO  server.RaftServer$Division (RaftServerImpl.java:setFirstElection(564)) - s1@group-C240B23E34A7: set firstElectionSinceStartup to false for becomeLeader
2024-10-20 10:46:30,567 [s1@group-C240B23E34A7-LeaderElection86] INFO  server.RaftServer$Division (ServerState.java:setLeader(272)) - s1@group-C240B23E34A7: change Leader from null to s1 at term 1 for becomeLeader, leader elected after 319ms
2024-10-20 10:46:30,568 [s1@group-C240B23E34A7-LeaderElection86] INFO  segmented.SegmentedRaftLogWorker (SegmentedRaftLogWorker.java:startLogSegment(442)) - s1@group-C240B23E34A7-SegmentedRaftLogWorker: Starting segment from index:0
2024-10-20 10:46:30,568 [s1@group-C240B23E34A7-SegmentedRaftLogWorker] INFO  segmented.BufferedWriteChannel (BufferedWriteChannel.java:open(61)) - open log_inprogress_0 at position 0
2024-10-20 10:46:30,570 [s4@group-C240B23E34A7-FollowerState] INFO  server.RaftServerConfigKeys (ConfUtils.java:logFallback(53)) - raft.server.rpc.first-election.timeout.min = 150ms (fallback to raft.server.rpc.timeout.min)
2024-10-20 10:46:30,570 [s4@group-C240B23E34A7-FollowerState] INFO  server.RaftServerConfigKeys (ConfUtils.java:logFallback(53)) - raft.server.rpc.first-election.timeout.max = 300ms (fallback to raft.server.rpc.timeout.max)
2024-10-20 10:46:30,576 [s1@group-C240B23E34A7-LeaderElection86] INFO  server.RaftServer$Division (ServerState.java:setRaftConf(386)) - s1@group-C240B23E34A7: set configuration conf: {index: 0, cur=peers:[s0|localhost:15288, s1|localhost:15292, s2|localhost:15296]|listeners:[s3|localhost:15300, s4|localhost:15304], old=null}
2024-10-20 10:46:30,580 [s1@group-C240B23E34A7-SegmentedRaftLogWorker] INFO  segmented.SegmentedRaftLogWorker (SegmentedRaftLogWorker.java:execute(663)) - s1@group-C240B23E34A7-SegmentedRaftLogWorker: created new log segment /home/runner/work/ratis/ratis/ratis-test/target/test/data/d69430f5/MiniRaftClusterWithGrpc63e5dcb0/s1/b095d642-4148-4fb2-afd1-c240b23e34a7/current/log_inprogress_0
2024-10-20 10:46:30,588 [s1@group-C240B23E34A7->s3-GrpcLogAppender-LogAppenderDaemon] INFO  server.GrpcServerProtocolClient (GrpcServerProtocolClient.java:<init>(65)) - Build channel for s3|localhost:15300
2024-10-20 10:46:30,591 [s1@group-C240B23E34A7->s4-GrpcLogAppender-LogAppenderDaemon] INFO  server.GrpcServerProtocolClient (GrpcServerProtocolClient.java:<init>(65)) - Build channel for s4|localhost:15304
2024-10-20 10:46:30,619 [s0-server-thread2] INFO  server.RaftServer$Division (ServerState.java:setLeader(272)) - s0@group-C240B23E34A7: change Leader from null to s1 at term 1 for appendEntries, leader elected after 382ms
2024-10-20 10:46:30,627 [s2-server-thread1] INFO  server.RaftServer$Division (ServerState.java:setLeader(272)) - s2@group-C240B23E34A7: change Leader from null to s1 at term 1 for appendEntries, leader elected after 370ms
2024-10-20 10:46:30,627 [s0-server-thread1] DEBUG server.RaftServer$Division (RaftServerImpl.java:logAppendEntries(1549)) - s0@group-C240B23E34A7: appendEntries* s1->s0#1-t1,previous=(t:0, i:0),leaderCommit=-1,initializing? false,entries: size=1, first=(t:1, i:0), CONFIGURATIONENTRY(current:id:"s0"address:"localhost:15288"dataStreamAddress:"localhost:15291"clientAddress:"localhost:15290"adminAddress:"localhost:15289"startupRole:FOLLOWER, id:"s1"address:"localhost:15292"dataStreamAddress:"localhost:15295"clientAddress:"localhost:15294"adminAddress:"localhost:15293"startupRole:FOLLOWER, id:"s2"address:"localhost:15296"dataStreamAddress:"localhost:15299"clientAddress:"localhost:15298"adminAddress:"localhost:15297"startupRole:FOLLOWER, old:)
2024-10-20 10:46:30,628 [s0-server-thread1] INFO  server.RaftServer$Division (ServerState.java:setRaftConf(386)) - s0@group-C240B23E34A7: set configuration conf: {index: 0, cur=peers:[s0|localhost:15288, s1|localhost:15292, s2|localhost:15296]|listeners:[s3|localhost:15300, s4|localhost:15304], old=null}
2024-10-20 10:46:30,629 [s0-server-thread1] INFO  segmented.SegmentedRaftLogWorker (SegmentedRaftLogWorker.java:startLogSegment(442)) - s0@group-C240B23E34A7-SegmentedRaftLogWorker: Starting segment from index:0
2024-10-20 10:46:30,630 [s4-server-thread1] TRACE util.FileUtils (LogUtils.java:supplyAndLog(69)) - Successfully supplied FileChannel.open /home/runner/work/ratis/ratis/ratis-test/target/test/data/d69430f5/MiniRaftClusterWithGrpc63e5dcb0/s4/b095d642-4148-4fb2-afd1-c240b23e34a7/current/raft-meta.tmp with options [CREATE, WRITE]: sun.nio.ch.FileChannelImpl@55cab0ef
2024-10-20 10:46:30,632 [s2-server-thread2] DEBUG server.RaftServer$Division (RaftServerImpl.java:logAppendEntries(1549)) - s2@group-C240B23E34A7: appendEntries* s1->s2#1-t1,previous=(t:0, i:0),leaderCommit=-1,initializing? false,entries: size=1, first=(t:1, i:0), CONFIGURATIONENTRY(current:id:"s0"address:"localhost:15288"dataStreamAddress:"localhost:15291"clientAddress:"localhost:15290"adminAddress:"localhost:15289"startupRole:FOLLOWER, id:"s1"address:"localhost:15292"dataStreamAddress:"localhost:15295"clientAddress:"localhost:15294"adminAddress:"localhost:15293"startupRole:FOLLOWER, id:"s2"address:"localhost:15296"dataStreamAddress:"localhost:15299"clientAddress:"localhost:15298"adminAddress:"localhost:15297"startupRole:FOLLOWER, old:)
2024-10-20 10:46:30,632 [s2-server-thread2] INFO  server.RaftServer$Division (ServerState.java:setRaftConf(386)) - s2@group-C240B23E34A7: set configuration conf: {index: 0, cur=peers:[s0|localhost:15288, s1|localhost:15292, s2|localhost:15296]|listeners:[s3|localhost:15300, s4|localhost:15304], old=null}
2024-10-20 10:46:30,632 [s2-server-thread2] INFO  segmented.SegmentedRaftLogWorker (SegmentedRaftLogWorker.java:startLogSegment(442)) - s2@group-C240B23E34A7-SegmentedRaftLogWorker: Starting segment from index:0
2024-10-20 10:46:30,632 [s4-server-thread1] TRACE util.FileUtils (LogUtils.java:runAndLog(49)) - Successfully ran Atomic Files.move /home/runner/work/ratis/ratis/ratis-test/target/test/data/d69430f5/MiniRaftClusterWithGrpc63e5dcb0/s4/b095d642-4148-4fb2-afd1-c240b23e34a7/current/raft-meta.tmp to /home/runner/work/ratis/ratis/ratis-test/target/test/data/d69430f5/MiniRaftClusterWithGrpc63e5dcb0/s4/b095d642-4148-4fb2-afd1-c240b23e34a7/current/raft-meta with options [REPLACE_EXISTING]
2024-10-20 10:46:30,633 [s4-server-thread1] INFO  server.RaftServer$Division (RaftServerImpl.java:setFirstElection(564)) - s4@group-C240B23E34A7: set firstElectionSinceStartup to false for appendEntries
2024-10-20 10:46:30,633 [s4-server-thread1] INFO  server.RaftServer$Division (ServerState.java:setLeader(272)) - s4@group-C240B23E34A7: change Leader from null to s1 at term 1 for appendEntries, leader elected after 416ms
2024-10-20 10:46:30,633 [s2@group-C240B23E34A7-SegmentedRaftLogWorker] INFO  segmented.BufferedWriteChannel (BufferedWriteChannel.java:open(61)) - open log_inprogress_0 at position 0
2024-10-20 10:46:30,634 [s0@group-C240B23E34A7-SegmentedRaftLogWorker] INFO  segmented.BufferedWriteChannel (BufferedWriteChannel.java:open(61)) - open log_inprogress_0 at position 0
2024-10-20 10:46:30,638 [s4-server-thread2] DEBUG server.RaftServer$Division (RaftServerImpl.java:logAppendEntries(1549)) - s4@group-C240B23E34A7: appendEntries* s1->s4#1-t1,previous=(t:0, i:0),leaderCommit=-1,initializing? false,entries: size=1, first=(t:1, i:0), CONFIGURATIONENTRY(current:id:"s0"address:"localhost:15288"dataStreamAddress:"localhost:15291"clientAddress:"localhost:15290"adminAddress:"localhost:15289"startupRole:FOLLOWER, id:"s1"address:"localhost:15292"dataStreamAddress:"localhost:15295"clientAddress:"localhost:15294"adminAddress:"localhost:15293"startupRole:FOLLOWER, id:"s2"address:"localhost:15296"dataStreamAddress:"localhost:15299"clientAddress:"localhost:15298"adminAddress:"localhost:15297"startupRole:FOLLOWER, old:)
2024-10-20 10:46:30,638 [s4-server-thread2] INFO  server.RaftServer$Division (ServerState.java:setRaftConf(386)) - s4@group-C240B23E34A7: set configuration conf: {index: 0, cur=peers:[s0|localhost:15288, s1|localhost:15292, s2|localhost:15296]|listeners:[s3|localhost:15300, s4|localhost:15304], old=null}
2024-10-20 10:46:30,638 [s4-server-thread2] INFO  segmented.SegmentedRaftLogWorker (SegmentedRaftLogWorker.java:startLogSegment(442)) - s4@group-C240B23E34A7-SegmentedRaftLogWorker: Starting segment from index:0
2024-10-20 10:46:30,638 [s4@group-C240B23E34A7-SegmentedRaftLogWorker] INFO  segmented.BufferedWriteChannel (BufferedWriteChannel.java:open(61)) - open log_inprogress_0 at position 0
2024-10-20 10:46:30,644 [s3-server-thread2] DEBUG server.RaftServer$Division (RaftServerImpl.java:logAppendEntries(1549)) - s3@group-C240B23E34A7: appendEntries* s1->s3#1-t1,previous=(t:0, i:0),leaderCommit=-1,initializing? false,entries: size=1, first=(t:1, i:0), CONFIGURATIONENTRY(current:id:"s0"address:"localhost:15288"dataStreamAddress:"localhost:15291"clientAddress:"localhost:15290"adminAddress:"localhost:15289"startupRole:FOLLOWER, id:"s1"address:"localhost:15292"dataStreamAddress:"localhost:15295"clientAddress:"localhost:15294"adminAddress:"localhost:15293"startupRole:FOLLOWER, id:"s2"address:"localhost:15296"dataStreamAddress:"localhost:15299"clientAddress:"localhost:15298"adminAddress:"localhost:15297"startupRole:FOLLOWER, old:)
2024-10-20 10:46:30,644 [s3-server-thread2] TRACE util.FileUtils (LogUtils.java:supplyAndLog(69)) - Successfully supplied FileChannel.open /home/runner/work/ratis/ratis/ratis-test/target/test/data/d69430f5/MiniRaftClusterWithGrpc63e5dcb0/s3/b095d642-4148-4fb2-afd1-c240b23e34a7/current/raft-meta.tmp with options [CREATE, WRITE]: sun.nio.ch.FileChannelImpl@46b451c0
2024-10-20 10:46:30,649 [s2@group-C240B23E34A7-SegmentedRaftLogWorker] INFO  segmented.SegmentedRaftLogWorker (SegmentedRaftLogWorker.java:execute(663)) - s2@group-C240B23E34A7-SegmentedRaftLogWorker: created new log segment /home/runner/work/ratis/ratis/ratis-test/target/test/data/d69430f5/MiniRaftClusterWithGrpc63e5dcb0/s2/b095d642-4148-4fb2-afd1-c240b23e34a7/current/log_inprogress_0
2024-10-20 10:46:30,650 [s2-server-thread2] DEBUG server.RaftServer$Division (RaftServerImpl.java:logAppendEntries(1549)) - s2@group-C240B23E34A7: appendEntries* reply s1<-s2#1:OK-t1,SUCCESS,nextIndex=1,followerCommit=-1,matchIndex=0
2024-10-20 10:46:30,651 [s0@group-C240B23E34A7-SegmentedRaftLogWorker] INFO  segmented.SegmentedRaftLogWorker (SegmentedRaftLogWorker.java:execute(663)) - s0@group-C240B23E34A7-SegmentedRaftLogWorker: created new log segment /home/runner/work/ratis/ratis/ratis-test/target/test/data/d69430f5/MiniRaftClusterWithGrpc63e5dcb0/s0/b095d642-4148-4fb2-afd1-c240b23e34a7/current/log_inprogress_0
2024-10-20 10:46:30,651 [s1@group-C240B23E34A7-StateMachineUpdater] TRACE util.FileUtils (LogUtils.java:supplyAndLog(69)) - Successfully supplied FileChannel.open /home/runner/work/ratis/ratis/ratis-test/target/test/data/d69430f5/MiniRaftClusterWithGrpc63e5dcb0/s1/b095d642-4148-4fb2-afd1-c240b23e34a7/current/raft-meta.conf.tmp with options [CREATE, WRITE]: sun.nio.ch.FileChannelImpl@672d6c8e
2024-10-20 10:46:30,652 [s3-server-thread2] TRACE util.FileUtils (LogUtils.java:runAndLog(49)) - Successfully ran Atomic Files.move /home/runner/work/ratis/ratis/ratis-test/target/test/data/d69430f5/MiniRaftClusterWithGrpc63e5dcb0/s3/b095d642-4148-4fb2-afd1-c240b23e34a7/current/raft-meta.tmp to /home/runner/work/ratis/ratis/ratis-test/target/test/data/d69430f5/MiniRaftClusterWithGrpc63e5dcb0/s3/b095d642-4148-4fb2-afd1-c240b23e34a7/current/raft-meta with options [REPLACE_EXISTING]
2024-10-20 10:46:30,653 [s0-server-thread1] DEBUG server.RaftServer$Division (RaftServerImpl.java:logAppendEntries(1549)) - s0@group-C240B23E34A7: appendEntries* reply s1<-s0#1:OK-t1,SUCCESS,nextIndex=1,followerCommit=-1,matchIndex=0
2024-10-20 10:46:30,654 [s4@group-C240B23E34A7-SegmentedRaftLogWorker] INFO  segmented.SegmentedRaftLogWorker (SegmentedRaftLogWorker.java:execute(663)) - s4@group-C240B23E34A7-SegmentedRaftLogWorker: created new log segment /home/runner/work/ratis/ratis/ratis-test/target/test/data/d69430f5/MiniRaftClusterWithGrpc63e5dcb0/s4/b095d642-4148-4fb2-afd1-c240b23e34a7/current/log_inprogress_0
2024-10-20 10:46:30,655 [s4-server-thread2] DEBUG server.RaftServer$Division (RaftServerImpl.java:logAppendEntries(1549)) - s4@group-C240B23E34A7: appendEntries* reply s1<-s4#1:OK-t1,SUCCESS,nextIndex=1,followerCommit=-1,matchIndex=0
2024-10-20 10:46:30,654 [s3-server-thread2] INFO  server.RaftServer$Division (RaftServerImpl.java:setFirstElection(564)) - s3@group-C240B23E34A7: set firstElectionSinceStartup to false for appendEntries
2024-10-20 10:46:30,656 [s3-server-thread2] INFO  server.RaftServer$Division (ServerState.java:setLeader(272)) - s3@group-C240B23E34A7: change Leader from null to s1 at term 1 for appendEntries, leader elected after 447ms
2024-10-20 10:46:30,656 [s3-server-thread2] INFO  server.RaftServer$Division (ServerState.java:setRaftConf(386)) - s3@group-C240B23E34A7: set configuration conf: {index: 0, cur=peers:[s0|localhost:15288, s1|localhost:15292, s2|localhost:15296]|listeners:[s3|localhost:15300, s4|localhost:15304], old=null}
2024-10-20 10:46:30,656 [s3-server-thread2] INFO  segmented.SegmentedRaftLogWorker (SegmentedRaftLogWorker.java:startLogSegment(442)) - s3@group-C240B23E34A7-SegmentedRaftLogWorker: Starting segment from index:0
2024-10-20 10:46:30,657 [s1@group-C240B23E34A7-StateMachineUpdater] TRACE util.FileUtils (LogUtils.java:runAndLog(49)) - Successfully ran Atomic Files.move /home/runner/work/ratis/ratis/ratis-test/target/test/data/d69430f5/MiniRaftClusterWithGrpc63e5dcb0/s1/b095d642-4148-4fb2-afd1-c240b23e34a7/current/raft-meta.conf.tmp to /home/runner/work/ratis/ratis/ratis-test/target/test/data/d69430f5/MiniRaftClusterWithGrpc63e5dcb0/s1/b095d642-4148-4fb2-afd1-c240b23e34a7/current/raft-meta.conf with options [REPLACE_EXISTING]
2024-10-20 10:46:30,657 [s1@group-C240B23E34A7-StateMachineUpdater] INFO  server.RaftServer$Division (LeaderStateImpl.java:checkStartIndex(314)) - Leader s1@group-C240B23E34A7-LeaderStateImpl is ready since appliedIndex == startIndex == 0
2024-10-20 10:46:30,657 [s3@group-C240B23E34A7-SegmentedRaftLogWorker] INFO  segmented.BufferedWriteChannel (BufferedWriteChannel.java:open(61)) - open log_inprogress_0 at position 0
2024-10-20 10:46:30,668 [s3@group-C240B23E34A7-SegmentedRaftLogWorker] INFO  segmented.SegmentedRaftLogWorker (SegmentedRaftLogWorker.java:execute(663)) - s3@group-C240B23E34A7-SegmentedRaftLogWorker: created new log segment /home/runner/work/ratis/ratis/ratis-test/target/test/data/d69430f5/MiniRaftClusterWithGrpc63e5dcb0/s3/b095d642-4148-4fb2-afd1-c240b23e34a7/current/log_inprogress_0
2024-10-20 10:46:30,669 [s3-server-thread3] DEBUG server.RaftServer$Division (RaftServerImpl.java:logAppendEntries(1549)) - s3@group-C240B23E34A7: appendEntries* reply s1<-s3#1:OK-t0,SUCCESS,nextIndex=1,followerCommit=-1,matchIndex=0
2024-10-20 10:46:30,731 [s2@group-C240B23E34A7-StateMachineUpdater] TRACE util.FileUtils (LogUtils.java:supplyAndLog(69)) - Successfully supplied FileChannel.open /home/runner/work/ratis/ratis/ratis-test/target/test/data/d69430f5/MiniRaftClusterWithGrpc63e5dcb0/s2/b095d642-4148-4fb2-afd1-c240b23e34a7/current/raft-meta.conf.tmp with options [CREATE, WRITE]: sun.nio.ch.FileChannelImpl@713a7811
2024-10-20 10:46:30,734 [s2@group-C240B23E34A7-StateMachineUpdater] TRACE util.FileUtils (LogUtils.java:runAndLog(49)) - Successfully ran Atomic Files.move /home/runner/work/ratis/ratis/ratis-test/target/test/data/d69430f5/MiniRaftClusterWithGrpc63e5dcb0/s2/b095d642-4148-4fb2-afd1-c240b23e34a7/current/raft-meta.conf.tmp to /home/runner/work/ratis/ratis/ratis-test/target/test/data/d69430f5/MiniRaftClusterWithGrpc63e5dcb0/s2/b095d642-4148-4fb2-afd1-c240b23e34a7/current/raft-meta.conf with options [REPLACE_EXISTING]
2024-10-20 10:46:30,734 [s0@group-C240B23E34A7-StateMachineUpdater] TRACE util.FileUtils (LogUtils.java:supplyAndLog(69)) - Successfully supplied FileChannel.open /home/runner/work/ratis/ratis/ratis-test/target/test/data/d69430f5/MiniRaftClusterWithGrpc63e5dcb0/s0/b095d642-4148-4fb2-afd1-c240b23e34a7/current/raft-meta.conf.tmp with options [CREATE, WRITE]: sun.nio.ch.FileChannelImpl@438439ce
2024-10-20 10:46:30,737 [s0@group-C240B23E34A7-StateMachineUpdater] TRACE util.FileUtils (LogUtils.java:runAndLog(49)) - Successfully ran Atomic Files.move /home/runner/work/ratis/ratis/ratis-test/target/test/data/d69430f5/MiniRaftClusterWithGrpc63e5dcb0/s0/b095d642-4148-4fb2-afd1-c240b23e34a7/current/raft-meta.conf.tmp to /home/runner/work/ratis/ratis/ratis-test/target/test/data/d69430f5/MiniRaftClusterWithGrpc63e5dcb0/s0/b095d642-4148-4fb2-afd1-c240b23e34a7/current/raft-meta.conf with options [REPLACE_EXISTING]
2024-10-20 10:46:30,738 [s4@group-C240B23E34A7-StateMachineUpdater] TRACE util.FileUtils (LogUtils.java:supplyAndLog(69)) - Successfully supplied FileChannel.open /home/runner/work/ratis/ratis/ratis-test/target/test/data/d69430f5/MiniRaftClusterWithGrpc63e5dcb0/s4/b095d642-4148-4fb2-afd1-c240b23e34a7/current/raft-meta.conf.tmp with options [CREATE, WRITE]: sun.nio.ch.FileChannelImpl@1bcc2f3f
2024-10-20 10:46:30,741 [s4@group-C240B23E34A7-StateMachineUpdater] TRACE util.FileUtils (LogUtils.java:runAndLog(49)) - Successfully ran Atomic Files.move /home/runner/work/ratis/ratis/ratis-test/target/test/data/d69430f5/MiniRaftClusterWithGrpc63e5dcb0/s4/b095d642-4148-4fb2-afd1-c240b23e34a7/current/raft-meta.conf.tmp to /home/runner/work/ratis/ratis/ratis-test/target/test/data/d69430f5/MiniRaftClusterWithGrpc63e5dcb0/s4/b095d642-4148-4fb2-afd1-c240b23e34a7/current/raft-meta.conf with options [REPLACE_EXISTING]
2024-10-20 10:46:30,749 [s3@group-C240B23E34A7-StateMachineUpdater] TRACE util.FileUtils (LogUtils.java:supplyAndLog(69)) - Successfully supplied FileChannel.open /home/runner/work/ratis/ratis/ratis-test/target/test/data/d69430f5/MiniRaftClusterWithGrpc63e5dcb0/s3/b095d642-4148-4fb2-afd1-c240b23e34a7/current/raft-meta.conf.tmp with options [CREATE, WRITE]: sun.nio.ch.FileChannelImpl@d50434f
2024-10-20 10:46:30,752 [s3@group-C240B23E34A7-StateMachineUpdater] TRACE util.FileUtils (LogUtils.java:runAndLog(49)) - Successfully ran Atomic Files.move /home/runner/work/ratis/ratis/ratis-test/target/test/data/d69430f5/MiniRaftClusterWithGrpc63e5dcb0/s3/b095d642-4148-4fb2-afd1-c240b23e34a7/current/raft-meta.conf.tmp to /home/runner/work/ratis/ratis/ratis-test/target/test/data/d69430f5/MiniRaftClusterWithGrpc63e5dcb0/s3/b095d642-4148-4fb2-afd1-c240b23e34a7/current/raft-meta.conf with options [REPLACE_EXISTING]
2024-10-20 10:46:30,821 [main] INFO  ratis.RaftTestUtil (RaftTestUtil.java:waitForLeader(131)) - printing ALL groups
  s3:  RUNNING  LISTENER s3@group-C240B23E34A7:t1, leader=s1, voted=null, raftlog=Memoized:s3@group-C240B23E34A7-SegmentedRaftLog:OPENED:c0:last(t:1, i:0), conf=conf: {index: 0, cur=peers:[s0|localhost:15288, s1|localhost:15292, s2|localhost:15296]|listeners:[s3|localhost:15300, s4|localhost:15304], old=null} RUNNING
  s4:  RUNNING  LISTENER s4@group-C240B23E34A7:t1, leader=s1, voted=null, raftlog=Memoized:s4@group-C240B23E34A7-SegmentedRaftLog:OPENED:c0:last(t:1, i:0), conf=conf: {index: 0, cur=peers:[s0|localhost:15288, s1|localhost:15292, s2|localhost:15296]|listeners:[s3|localhost:15300, s4|localhost:15304], old=null} RUNNING
  s0:  RUNNING  FOLLOWER s0@group-C240B23E34A7:t1, leader=s1, voted=s1, raftlog=Memoized:s0@group-C240B23E34A7-SegmentedRaftLog:OPENED:c0:last(t:1, i:0), conf=conf: {index: 0, cur=peers:[s0|localhost:15288, s1|localhost:15292, s2|localhost:15296]|listeners:[s3|localhost:15300, s4|localhost:15304], old=null} RUNNING
  s1:  RUNNING    LEADER s1@group-C240B23E34A7:t1, leader=s1, voted=s1, raftlog=Memoized:s1@group-C240B23E34A7-SegmentedRaftLog:OPENED:c0:last(t:1, i:0), conf=conf: {index: 0, cur=peers:[s0|localhost:15288, s1|localhost:15292, s2|localhost:15296]|listeners:[s3|localhost:15300, s4|localhost:15304], old=null} RUNNING
  s2:  RUNNING  FOLLOWER s2@group-C240B23E34A7:t1, leader=s1, voted=s1, raftlog=Memoized:s2@group-C240B23E34A7-SegmentedRaftLog:OPENED:c0:last(t:1, i:0), conf=conf: {index: 0, cur=peers:[s0|localhost:15288, s1|localhost:15292, s2|localhost:15296]|listeners:[s3|localhost:15300, s4|localhost:15304], old=null} RUNNING
2024-10-20 10:46:30,822 [main] DEBUG client.RaftClient (ConfUtils.java:logGet(46)) - raft.rpc.type = GRPC (default)
2024-10-20 10:46:30,822 [main] DEBUG client.RaftClient (RaftClientImpl.java:get(158)) - client-7C7E35E61836: get 41 returns []
2024-10-20 10:46:30,822 [main] DEBUG client.RaftClient (RaftClientImpl.java:newRequest(95)) - attempt #1, newRequest RaftClientRequest:client-7C7E35E61836->s1@group-C240B23E34A7, cid=41, seq=null, RW, message
2024-10-20 10:46:30,832 [s1-client-thread1] DEBUG server.RaftServer$Division (RaftServerImpl.java:submitClientRequestAsync(920)) - s1@group-C240B23E34A7: receive client request(RaftClientRequest:client-7C7E35E61836->s1@group-C240B23E34A7, cid=41, seq=null, RW, Message:6d657373616765)
2024-10-20 10:46:30,833 [s1-client-thread1] DEBUG server.RaftServer$Division (LeaderStateImpl.java:addPendingRequest(529)) - s1@group-C240B23E34A7-LeaderStateImpl: addPendingRequest at RaftClientRequest:client-7C7E35E61836->s1@group-C240B23E34A7, cid=41, seq=null, RW, Message:6d657373616765, entry=(t:1, i:1), STATEMACHINELOGENTRY, WRITE: logData.size=7, stateMachineData.size=0, logEntryProtoSerializedSize=0
2024-10-20 10:46:30,835 [s0-server-thread1] DEBUG server.RaftServer$Division (RaftServerImpl.java:logAppendEntries(1549)) - s0@group-C240B23E34A7: appendEntries* s1->s0#8-t1,previous=(t:1, i:0),leaderCommit=0,initializing? false,entries: size=1, first=(t:1, i:1), STATEMACHINELOGENTRY, StateMachineLogEntryProto:41@client-7C7E35E61836
2024-10-20 10:46:30,836 [s0-server-thread1] DEBUG server.RaftServer$Division (RaftServerImpl.java:logAppendEntries(1549)) - s0@group-C240B23E34A7: appendEntries* reply s1<-s0#8:OK-t1,SUCCESS,nextIndex=2,followerCommit=0,matchIndex=1
2024-10-20 10:46:30,837 [s4-server-thread2] DEBUG server.RaftServer$Division (RaftServerImpl.java:logAppendEntries(1549)) - s4@group-C240B23E34A7: appendEntries* s1->s4#7-t1,previous=(t:1, i:0),leaderCommit=0,initializing? false,entries: size=1, first=(t:1, i:1), STATEMACHINELOGENTRY, StateMachineLogEntryProto:41@client-7C7E35E61836
2024-10-20 10:46:30,838 [s2-server-thread2] DEBUG server.RaftServer$Division (RaftServerImpl.java:logAppendEntries(1549)) - s2@group-C240B23E34A7: appendEntries* s1->s2#5-t1,previous=(t:1, i:0),leaderCommit=0,initializing? false,entries: size=1, first=(t:1, i:1), STATEMACHINELOGENTRY, StateMachineLogEntryProto:41@client-7C7E35E61836
2024-10-20 10:46:30,838 [s3-server-thread3] DEBUG server.RaftServer$Division (RaftServerImpl.java:logAppendEntries(1549)) - s3@group-C240B23E34A7: appendEntries* s1->s3#11-t1,previous=(t:1, i:0),leaderCommit=0,initializing? false,entries: size=1, first=(t:1, i:1), STATEMACHINELOGENTRY, StateMachineLogEntryProto:41@client-7C7E35E61836
2024-10-20 10:46:30,838 [s4-server-thread2] DEBUG server.RaftServer$Division (RaftServerImpl.java:logAppendEntries(1549)) - s4@group-C240B23E34A7: appendEntries* reply s1<-s4#7:OK-t1,SUCCESS,nextIndex=2,followerCommit=0,matchIndex=1
2024-10-20 10:46:30,839 [s2-server-thread2] DEBUG server.RaftServer$Division (RaftServerImpl.java:logAppendEntries(1549)) - s2@group-C240B23E34A7: appendEntries* reply s1<-s2#5:OK-t1,SUCCESS,nextIndex=2,followerCommit=0,matchIndex=1
2024-10-20 10:46:30,839 [s3-server-thread3] DEBUG server.RaftServer$Division (RaftServerImpl.java:logAppendEntries(1549)) - s3@group-C240B23E34A7: appendEntries* reply s1<-s3#11:OK-t1,SUCCESS,nextIndex=2,followerCommit=0,matchIndex=1
2024-10-20 10:46:30,841 [s4-server-thread2] DEBUG server.RaftServer$Division (RaftServerImpl.java:logAppendEntries(1549)) - s4@group-C240B23E34A7: appendEntries* s1->s4#8-t1,previous=(t:1, i:1),leaderCommit=1,initializing? false,entries: size=1, first=(t:1, i:2), METADATAENTRY(c:1)
2024-10-20 10:46:30,841 [s3-server-thread3] DEBUG server.RaftServer$Division (RaftServerImpl.java:logAppendEntries(1549)) - s3@group-C240B23E34A7: appendEntries* s1->s3#12-t1,previous=(t:1, i:1),leaderCommit=1,initializing? false,entries: size=1, first=(t:1, i:2), METADATAENTRY(c:1)
2024-10-20 10:46:30,841 [s2-server-thread2] DEBUG server.RaftServer$Division (RaftServerImpl.java:logAppendEntries(1549)) - s2@group-C240B23E34A7: appendEntries* s1->s2#6-t1,previous=(t:1, i:1),leaderCommit=1,initializing? false,entries: size=1, first=(t:1, i:2), METADATAENTRY(c:1)
2024-10-20 10:46:30,841 [s3-server-thread3] DEBUG server.RaftServer$Division (RaftServerImpl.java:logAppendEntries(1549)) - s3@group-C240B23E34A7: appendEntries* reply s1<-s3#12:OK-t1,SUCCESS,nextIndex=3,followerCommit=1,matchIndex=2
2024-10-20 10:46:30,841 [s0-server-thread1] DEBUG server.RaftServer$Division (RaftServerImpl.java:logAppendEntries(1549)) - s0@group-C240B23E34A7: appendEntries* s1->s0#9-t1,previous=(t:1, i:1),leaderCommit=1,initializing? false,entries: size=1, first=(t:1, i:2), METADATAENTRY(c:1)
2024-10-20 10:46:30,842 [s4-server-thread2] DEBUG server.RaftServer$Division (RaftServerImpl.java:logAppendEntries(1549)) - s4@group-C240B23E34A7: appendEntries* reply s1<-s4#8:OK-t1,SUCCESS,nextIndex=3,followerCommit=1,matchIndex=2
2024-10-20 10:46:30,843 [s0-server-thread1] DEBUG server.RaftServer$Division (RaftServerImpl.java:logAppendEntries(1549)) - s0@group-C240B23E34A7: appendEntries* reply s1<-s0#9:OK-t1,SUCCESS,nextIndex=3,followerCommit=1,matchIndex=2
2024-10-20 10:46:30,843 [s2-server-thread2] DEBUG server.RaftServer$Division (RaftServerImpl.java:logAppendEntries(1549)) - s2@group-C240B23E34A7: appendEntries* reply s1<-s2#6:OK-t1,SUCCESS,nextIndex=3,followerCommit=1,matchIndex=2
2024-10-20 10:46:30,848 [main] DEBUG client.RaftClient (RaftClientImpl.java:add(146)) - client-7C7E35E61836: add replied callId 41
2024-10-20 10:46:30,850 [main] DEBUG client.RaftClient (RaftClientImpl.java:newRequest(95)) - attempt #1, newRequest SetConfigurationRequest:client-7C7E35E61836->s1@group-C240B23E34A7, cid=42, seq=null, RW, null, SET_UNCONDITIONALLY, servers:[s3|0.0.0.0:15300, s4|0.0.0.0:15304, s0|0.0.0.0:15288, s1|0.0.0.0:15292, s2|0.0.0.0:15296], listeners:[]
2024-10-20 10:46:30,867 [s1-server-thread1] INFO  server.RaftServer$Division (RaftServerImpl.java:setConfigurationAsync(1336)) - s1@group-C240B23E34A7: receive setConfiguration SetConfigurationRequest:client-7C7E35E61836->s1@group-C240B23E34A7, cid=42, seq=null, RW, null, SET_UNCONDITIONALLY, servers:[s3|0.0.0.0:15300, s4|0.0.0.0:15304, s0|0.0.0.0:15288, s1|0.0.0.0:15292, s2|0.0.0.0:15296], listeners:[]
2024-10-20 10:46:30,867 [s1-server-thread1] INFO  server.RaftServer$Division (LeaderStateImpl.java:startSetConfiguration(486)) - s1@group-C240B23E34A7-LeaderStateImpl: startSetConfiguration SetConfigurationRequest:client-7C7E35E61836->s1@group-C240B23E34A7, cid=42, seq=null, RW, null, SET_UNCONDITIONALLY, servers:[s3|0.0.0.0:15300, s4|0.0.0.0:15304, s0|0.0.0.0:15288, s1|0.0.0.0:15292, s2|0.0.0.0:15296], listeners:[]
2024-10-20 10:46:30,869 [s1-server-thread1] INFO  server.RaftServer$Division (ServerState.java:setRaftConf(386)) - s1@group-C240B23E34A7: set configuration conf: {index: 3, cur=peers:[s3|0.0.0.0:15300, s4|0.0.0.0:15304, s0|0.0.0.0:15288, s1|0.0.0.0:15292, s2|0.0.0.0:15296]|listeners:[], old=peers:[s0|localhost:15288, s1|localhost:15292, s2|localhost:15296]|listeners:[s3|localhost:15300, s4|localhost:15304]}
2024-10-20 10:46:30,871 [s0-server-thread1] DEBUG server.RaftServer$Division (RaftServerImpl.java:logAppendEntries(1549)) - s0@group-C240B23E34A7: appendEntries* s1->s0#13-t1,previous=(t:1, i:2),leaderCommit=2,initializing? false,entries: size=1, first=(t:1, i:3), CONFIGURATIONENTRY(current:id:"s3"address:"0.0.0.0:15300"clientAddress:"0.0.0.0:15302"adminAddress:"0.0.0.0:15301"startupRole:FOLLOWER, id:"s4"address:"0.0.0.0:15304"clientAddress:"0.0.0.0:15306"adminAddress:"0.0.0.0:15305"startupRole:FOLLOWER, id:"s0"address:"0.0.0.0:15288"clientAddress:"0.0.0.0:15290"adminAddress:"0.0.0.0:15289"startupRole:FOLLOWER, id:"s1"address:"0.0.0.0:15292"clientAddress:"0.0.0.0:15294"adminAddress:"0.0.0.0:15293"startupRole:FOLLOWER, id:"s2"address:"0.0.0.0:15296"clientAddress:"0.0.0.0:15298"adminAddress:"0.0.0.0:15297"startupRole:FOLLOWER, old:id:"s0"address:"localhost:15288"dataStreamAddress:"localhost:15291"clientAddress:"localhost:15290"adminAddress:"localhost:15289"startupRole:FOLLOWER, id:"s1"address:"localhost:15292"dataStreamAddress:"localhost:15295"clientAddress:"localhost:15294"adminAddress:"localhost:15293"startupRole:FOLLOWER, id:"s2"address:"localhost:15296"dataStreamAddress:"localhost:15299"clientAddress:"localhost:15298"adminAddress:"localhost:15297"startupRole:FOLLOWER)
2024-10-20 10:46:30,871 [s2-server-thread2] DEBUG server.RaftServer$Division (RaftServerImpl.java:logAppendEntries(1549)) - s2@group-C240B23E34A7: appendEntries* s1->s2#13-t1,previous=(t:1, i:2),leaderCommit=2,initializing? false,entries: size=1, first=(t:1, i:3), CONFIGURATIONENTRY(current:id:"s3"address:"0.0.0.0:15300"clientAddress:"0.0.0.0:15302"adminAddress:"0.0.0.0:15301"startupRole:FOLLOWER, id:"s4"address:"0.0.0.0:15304"clientAddress:"0.0.0.0:15306"adminAddress:"0.0.0.0:15305"startupRole:FOLLOWER, id:"s0"address:"0.0.0.0:15288"clientAddress:"0.0.0.0:15290"adminAddress:"0.0.0.0:15289"startupRole:FOLLOWER, id:"s1"address:"0.0.0.0:15292"clientAddress:"0.0.0.0:15294"adminAddress:"0.0.0.0:15293"startupRole:FOLLOWER, id:"s2"address:"0.0.0.0:15296"clientAddress:"0.0.0.0:15298"adminAddress:"0.0.0.0:15297"startupRole:FOLLOWER, old:id:"s0"address:"localhost:15288"dataStreamAddress:"localhost:15291"clientAddress:"localhost:15290"adminAddress:"localhost:15289"startupRole:FOLLOWER, id:"s1"address:"localhost:15292"dataStreamAddress:"localhost:15295"clientAddress:"localhost:15294"adminAddress:"localhost:15293"startupRole:FOLLOWER, id:"s2"address:"localhost:15296"dataStreamAddress:"localhost:15299"clientAddress:"localhost:15298"adminAddress:"localhost:15297"startupRole:FOLLOWER)
2024-10-20 10:46:30,872 [s0-server-thread1] INFO  server.RaftServer$Division (ServerState.java:setRaftConf(386)) - s0@group-C240B23E34A7: set configuration conf: {index: 3, cur=peers:[s3|0.0.0.0:15300, s4|0.0.0.0:15304, s0|0.0.0.0:15288, s1|0.0.0.0:15292, s2|0.0.0.0:15296]|listeners:[], old=peers:[s0|localhost:15288, s1|localhost:15292, s2|localhost:15296]|listeners:[s3|localhost:15300, s4|localhost:15304]}
2024-10-20 10:46:30,872 [s2-server-thread2] INFO  server.RaftServer$Division (ServerState.java:setRaftConf(386)) - s2@group-C240B23E34A7: set configuration conf: {index: 3, cur=peers:[s3|0.0.0.0:15300, s4|0.0.0.0:15304, s0|0.0.0.0:15288, s1|0.0.0.0:15292, s2|0.0.0.0:15296]|listeners:[], old=peers:[s0|localhost:15288, s1|localhost:15292, s2|localhost:15296]|listeners:[s3|localhost:15300, s4|localhost:15304]}
2024-10-20 10:46:30,873 [s0-server-thread1] DEBUG server.RaftServer$Division (RaftServerImpl.java:logAppendEntries(1549)) - s0@group-C240B23E34A7: appendEntries* reply s1<-s0#13:OK-t1,SUCCESS,nextIndex=4,followerCommit=2,matchIndex=3
2024-10-20 10:46:30,874 [s3-server-thread3] DEBUG server.RaftServer$Division (RaftServerImpl.java:logAppendEntries(1549)) - s3@group-C240B23E34A7: appendEntries* s1->s3#16-t1,previous=(t:1, i:2),leaderCommit=2,initializing? false,entries: size=1, first=(t:1, i:3), CONFIGURATIONENTRY(current:id:"s3"address:"0.0.0.0:15300"clientAddress:"0.0.0.0:15302"adminAddress:"0.0.0.0:15301"startupRole:FOLLOWER, id:"s4"address:"0.0.0.0:15304"clientAddress:"0.0.0.0:15306"adminAddress:"0.0.0.0:15305"startupRole:FOLLOWER, id:"s0"address:"0.0.0.0:15288"clientAddress:"0.0.0.0:15290"adminAddress:"0.0.0.0:15289"startupRole:FOLLOWER, id:"s1"address:"0.0.0.0:15292"clientAddress:"0.0.0.0:15294"adminAddress:"0.0.0.0:15293"startupRole:FOLLOWER, id:"s2"address:"0.0.0.0:15296"clientAddress:"0.0.0.0:15298"adminAddress:"0.0.0.0:15297"startupRole:FOLLOWER, old:id:"s0"address:"localhost:15288"dataStreamAddress:"localhost:15291"clientAddress:"localhost:15290"adminAddress:"localhost:15289"startupRole:FOLLOWER, id:"s1"address:"localhost:15292"dataStreamAddress:"localhost:15295"clientAddress:"localhost:15294"adminAddress:"localhost:15293"startupRole:FOLLOWER, id:"s2"address:"localhost:15296"dataStreamAddress:"localhost:15299"clientAddress:"localhost:15298"adminAddress:"localhost:15297"startupRole:FOLLOWER)
2024-10-20 10:46:30,875 [s3-server-thread3] INFO  server.RaftServer$Division (ServerState.java:setRaftConf(386)) - s3@group-C240B23E34A7: set configuration conf: {index: 3, cur=peers:[s3|0.0.0.0:15300, s4|0.0.0.0:15304, s0|0.0.0.0:15288, s1|0.0.0.0:15292, s2|0.0.0.0:15296]|listeners:[], old=peers:[s0|localhost:15288, s1|localhost:15292, s2|localhost:15296]|listeners:[s3|localhost:15300, s4|localhost:15304]}
2024-10-20 10:46:30,876 [s3-server-thread3] DEBUG server.RaftServer$Division (RaftServerImpl.java:logAppendEntries(1549)) - s3@group-C240B23E34A7: appendEntries* reply s1<-s3#16:OK-t1,SUCCESS,nextIndex=4,followerCommit=2,matchIndex=3
2024-10-20 10:46:30,877 [s2-server-thread2] DEBUG server.RaftServer$Division (RaftServerImpl.java:logAppendEntries(1549)) - s2@group-C240B23E34A7: appendEntries* reply s1<-s2#13:OK-t1,SUCCESS,nextIndex=4,followerCommit=2,matchIndex=3
2024-10-20 10:46:30,877 [s4-server-thread2] DEBUG server.RaftServer$Division (RaftServerImpl.java:logAppendEntries(1549)) - s4@group-C240B23E34A7: appendEntries* s1->s4#12-t1,previous=(t:1, i:2),leaderCommit=2,initializing? false,entries: size=1, first=(t:1, i:3), CONFIGURATIONENTRY(current:id:"s3"address:"0.0.0.0:15300"clientAddress:"0.0.0.0:15302"adminAddress:"0.0.0.0:15301"startupRole:FOLLOWER, id:"s4"address:"0.0.0.0:15304"clientAddress:"0.0.0.0:15306"adminAddress:"0.0.0.0:15305"startupRole:FOLLOWER, id:"s0"address:"0.0.0.0:15288"clientAddress:"0.0.0.0:15290"adminAddress:"0.0.0.0:15289"startupRole:FOLLOWER, id:"s1"address:"0.0.0.0:15292"clientAddress:"0.0.0.0:15294"adminAddress:"0.0.0.0:15293"startupRole:FOLLOWER, id:"s2"address:"0.0.0.0:15296"clientAddress:"0.0.0.0:15298"adminAddress:"0.0.0.0:15297"startupRole:FOLLOWER, old:id:"s0"address:"localhost:15288"dataStreamAddress:"localhost:15291"clientAddress:"localhost:15290"adminAddress:"localhost:15289"startupRole:FOLLOWER, id:"s1"address:"localhost:15292"dataStreamAddress:"localhost:15295"clientAddress:"localhost:15294"adminAddress:"localhost:15293"startupRole:FOLLOWER, id:"s2"address:"localhost:15296"dataStreamAddress:"localhost:15299"clientAddress:"localhost:15298"adminAddress:"localhost:15297"startupRole:FOLLOWER)
2024-10-20 10:46:30,877 [s4-server-thread2] INFO  server.RaftServer$Division (ServerState.java:setRaftConf(386)) - s4@group-C240B23E34A7: set configuration conf: {index: 3, cur=peers:[s3|0.0.0.0:15300, s4|0.0.0.0:15304, s0|0.0.0.0:15288, s1|0.0.0.0:15292, s2|0.0.0.0:15296]|listeners:[], old=peers:[s0|localhost:15288, s1|localhost:15292, s2|localhost:15296]|listeners:[s3|localhost:15300, s4|localhost:15304]}
2024-10-20 10:46:30,878 [s1@group-C240B23E34A7-StateMachineUpdater] TRACE util.FileUtils (LogUtils.java:supplyAndLog(69)) - Successfully supplied FileChannel.open /home/runner/work/ratis/ratis/ratis-test/target/test/data/d69430f5/MiniRaftClusterWithGrpc63e5dcb0/s1/b095d642-4148-4fb2-afd1-c240b23e34a7/current/raft-meta.conf.tmp with options [CREATE, WRITE]: sun.nio.ch.FileChannelImpl@6dd507fe
2024-10-20 10:46:30,878 [s1@group-C240B23E34A7-LeaderStateImpl] INFO  server.RaftServer$Division (ServerState.java:setRaftConf(386)) - s1@group-C240B23E34A7: set configuration conf: {index: 5, cur=peers:[s3|0.0.0.0:15300, s4|0.0.0.0:15304, s0|0.0.0.0:15288, s1|0.0.0.0:15292, s2|0.0.0.0:15296]|listeners:[], old=null}
2024-10-20 10:46:30,879 [s4-server-thread2] DEBUG server.RaftServer$Division (RaftServerImpl.java:logAppendEntries(1549)) - s4@group-C240B23E34A7: appendEntries* reply s1<-s4#12:OK-t1,SUCCESS,nextIndex=4,followerCommit=2,matchIndex=3
2024-10-20 10:46:30,881 [s2-server-thread2] DEBUG server.RaftServer$Division (RaftServerImpl.java:logAppendEntries(1549)) - s2@group-C240B23E34A7: appendEntries* s1->s2#15-t1,previous=(t:1, i:3),leaderCommit=3,initializing? false,entries: size=2, first=(t:1, i:4), METADATAENTRY(c:3)
2024-10-20 10:46:30,881 [s2-server-thread2] INFO  server.RaftServer$Division (ServerState.java:setRaftConf(386)) - s2@group-C240B23E34A7: set configuration conf: {index: 5, cur=peers:[s3|0.0.0.0:15300, s4|0.0.0.0:15304, s0|0.0.0.0:15288, s1|0.0.0.0:15292, s2|0.0.0.0:15296]|listeners:[], old=null}
2024-10-20 10:46:30,881 [s4-server-thread2] DEBUG server.RaftServer$Division (RaftServerImpl.java:logAppendEntries(1549)) - s4@group-C240B23E34A7: appendEntries* s1->s4#16-t1,previous=(t:1, i:3),leaderCommit=3,initializing? false,entries: size=1, first=(t:1, i:4), METADATAENTRY(c:3)
2024-10-20 10:46:30,882 [s1@group-C240B23E34A7-StateMachineUpdater] TRACE util.FileUtils (LogUtils.java:runAndLog(49)) - Successfully ran Atomic Files.move /home/runner/work/ratis/ratis/ratis-test/target/test/data/d69430f5/MiniRaftClusterWithGrpc63e5dcb0/s1/b095d642-4148-4fb2-afd1-c240b23e34a7/current/raft-meta.conf.tmp to /home/runner/work/ratis/ratis/ratis-test/target/test/data/d69430f5/MiniRaftClusterWithGrpc63e5dcb0/s1/b095d642-4148-4fb2-afd1-c240b23e34a7/current/raft-meta.conf with options [REPLACE_EXISTING]
2024-10-20 10:46:30,882 [s4-server-thread2] DEBUG server.RaftServer$Division (RaftServerImpl.java:logAppendEntries(1549)) - s4@group-C240B23E34A7: appendEntries* reply s1<-s4#16:OK-t1,SUCCESS,nextIndex=5,followerCommit=3,matchIndex=4
2024-10-20 10:46:30,882 [s4@group-C240B23E34A7-StateMachineUpdater] TRACE util.FileUtils (LogUtils.java:supplyAndLog(69)) - Successfully supplied FileChannel.open /home/runner/work/ratis/ratis/ratis-test/target/test/data/d69430f5/MiniRaftClusterWithGrpc63e5dcb0/s4/b095d642-4148-4fb2-afd1-c240b23e34a7/current/raft-meta.conf.tmp with options [CREATE, WRITE]: sun.nio.ch.FileChannelImpl@150bd236
2024-10-20 10:46:30,883 [s4-server-thread3] DEBUG server.RaftServer$Division (RaftServerImpl.java:logAppendEntries(1549)) - s4@group-C240B23E34A7: appendEntries* s1->s4#17-t1,previous=(t:1, i:4),leaderCommit=3,initializing? false,entries: size=1, first=(t:1, i:5), CONFIGURATIONENTRY(current:id:"s3"address:"0.0.0.0:15300"clientAddress:"0.0.0.0:15302"adminAddress:"0.0.0.0:15301"startupRole:FOLLOWER, id:"s4"address:"0.0.0.0:15304"clientAddress:"0.0.0.0:15306"adminAddress:"0.0.0.0:15305"startupRole:FOLLOWER, id:"s0"address:"0.0.0.0:15288"clientAddress:"0.0.0.0:15290"adminAddress:"0.0.0.0:15289"startupRole:FOLLOWER, id:"s1"address:"0.0.0.0:15292"clientAddress:"0.0.0.0:15294"adminAddress:"0.0.0.0:15293"startupRole:FOLLOWER, id:"s2"address:"0.0.0.0:15296"clientAddress:"0.0.0.0:15298"adminAddress:"0.0.0.0:15297"startupRole:FOLLOWER, old:)
2024-10-20 10:46:30,883 [s4-server-thread3] INFO  server.RaftServer$Division (ServerState.java:setRaftConf(386)) - s4@group-C240B23E34A7: set configuration conf: {index: 5, cur=peers:[s3|0.0.0.0:15300, s4|0.0.0.0:15304, s0|0.0.0.0:15288, s1|0.0.0.0:15292, s2|0.0.0.0:15296]|listeners:[], old=null}
2024-10-20 10:46:30,884 [s0-server-thread1] DEBUG server.RaftServer$Division (RaftServerImpl.java:logAppendEntries(1549)) - s0@group-C240B23E34A7: appendEntries* s1->s0#14-t1,previous=(t:1, i:3),leaderCommit=3,initializing? false,entries: size=2, first=(t:1, i:4), METADATAENTRY(c:3)
2024-10-20 10:46:30,884 [s0-server-thread1] INFO  server.RaftServer$Division (ServerState.java:setRaftConf(386)) - s0@group-C240B23E34A7: set configuration conf: {index: 5, cur=peers:[s3|0.0.0.0:15300, s4|0.0.0.0:15304, s0|0.0.0.0:15288, s1|0.0.0.0:15292, s2|0.0.0.0:15296]|listeners:[], old=null}
2024-10-20 10:46:30,885 [s4-server-thread3] DEBUG server.RaftServer$Division (RaftServerImpl.java:logAppendEntries(1549)) - s4@group-C240B23E34A7: appendEntries* reply s1<-s4#17:OK-t1,SUCCESS,nextIndex=6,followerCommit=3,matchIndex=5
2024-10-20 10:46:30,885 [s2-server-thread2] DEBUG server.RaftServer$Division (RaftServerImpl.java:logAppendEntries(1549)) - s2@group-C240B23E34A7: appendEntries* reply s1<-s2#15:OK-t1,SUCCESS,nextIndex=6,followerCommit=3,matchIndex=5
2024-10-20 10:46:30,885 [s3-server-thread3] DEBUG server.RaftServer$Division (RaftServerImpl.java:logAppendEntries(1549)) - s3@group-C240B23E34A7: appendEntries* s1->s3#19-t1,previous=(t:1, i:3),leaderCommit=3,initializing? false,entries: size=2, first=(t:1, i:4), METADATAENTRY(c:3)
2024-10-20 10:46:30,885 [s2@group-C240B23E34A7-StateMachineUpdater] TRACE util.FileUtils (LogUtils.java:supplyAndLog(69)) - Successfully supplied FileChannel.open /home/runner/work/ratis/ratis/ratis-test/target/test/data/d69430f5/MiniRaftClusterWithGrpc63e5dcb0/s2/b095d642-4148-4fb2-afd1-c240b23e34a7/current/raft-meta.conf.tmp with options [CREATE, WRITE]: sun.nio.ch.FileChannelImpl@7ffd8846
2024-10-20 10:46:30,885 [s3-server-thread3] INFO  server.RaftServer$Division (ServerState.java:setRaftConf(386)) - s3@group-C240B23E34A7: set configuration conf: {index: 5, cur=peers:[s3|0.0.0.0:15300, s4|0.0.0.0:15304, s0|0.0.0.0:15288, s1|0.0.0.0:15292, s2|0.0.0.0:15296]|listeners:[], old=null}
2024-10-20 10:46:30,888 [s0-server-thread1] DEBUG server.RaftServer$Division (RaftServerImpl.java:logAppendEntries(1549)) - s0@group-C240B23E34A7: appendEntries* reply s1<-s0#14:OK-t1,SUCCESS,nextIndex=6,followerCommit=3,matchIndex=5
2024-10-20 10:46:30,888 [s1@group-C240B23E34A7-StateMachineUpdater] TRACE util.FileUtils (LogUtils.java:supplyAndLog(69)) - Successfully supplied FileChannel.open /home/runner/work/ratis/ratis/ratis-test/target/test/data/d69430f5/MiniRaftClusterWithGrpc63e5dcb0/s1/b095d642-4148-4fb2-afd1-c240b23e34a7/current/raft-meta.conf.tmp with options [CREATE, WRITE]: sun.nio.ch.FileChannelImpl@28d79420
2024-10-20 10:46:30,888 [s0@group-C240B23E34A7-StateMachineUpdater] TRACE util.FileUtils (LogUtils.java:supplyAndLog(69)) - Successfully supplied FileChannel.open /home/runner/work/ratis/ratis/ratis-test/target/test/data/d69430f5/MiniRaftClusterWithGrpc63e5dcb0/s0/b095d642-4148-4fb2-afd1-c240b23e34a7/current/raft-meta.conf.tmp with options [CREATE, WRITE]: sun.nio.ch.FileChannelImpl@4d43cfce
2024-10-20 10:46:30,890 [s2@group-C240B23E34A7-StateMachineUpdater] TRACE util.FileUtils (LogUtils.java:runAndLog(49)) - Successfully ran Atomic Files.move /home/runner/work/ratis/ratis/ratis-test/target/test/data/d69430f5/MiniRaftClusterWithGrpc63e5dcb0/s2/b095d642-4148-4fb2-afd1-c240b23e34a7/current/raft-meta.conf.tmp to /home/runner/work/ratis/ratis/ratis-test/target/test/data/d69430f5/MiniRaftClusterWithGrpc63e5dcb0/s2/b095d642-4148-4fb2-afd1-c240b23e34a7/current/raft-meta.conf with options [REPLACE_EXISTING]
2024-10-20 10:46:30,890 [s4@group-C240B23E34A7-StateMachineUpdater] TRACE util.FileUtils (LogUtils.java:runAndLog(49)) - Successfully ran Atomic Files.move /home/runner/work/ratis/ratis/ratis-test/target/test/data/d69430f5/MiniRaftClusterWithGrpc63e5dcb0/s4/b095d642-4148-4fb2-afd1-c240b23e34a7/current/raft-meta.conf.tmp to /home/runner/work/ratis/ratis/ratis-test/target/test/data/d69430f5/MiniRaftClusterWithGrpc63e5dcb0/s4/b095d642-4148-4fb2-afd1-c240b23e34a7/current/raft-meta.conf with options [REPLACE_EXISTING]
2024-10-20 10:46:30,891 [s1@group-C240B23E34A7-StateMachineUpdater] TRACE util.FileUtils (LogUtils.java:runAndLog(49)) - Successfully ran Atomic Files.move /home/runner/work/ratis/ratis/ratis-test/target/test/data/d69430f5/MiniRaftClusterWithGrpc63e5dcb0/s1/b095d642-4148-4fb2-afd1-c240b23e34a7/current/raft-meta.conf.tmp to /home/runner/work/ratis/ratis/ratis-test/target/test/data/d69430f5/MiniRaftClusterWithGrpc63e5dcb0/s1/b095d642-4148-4fb2-afd1-c240b23e34a7/current/raft-meta.conf with options [REPLACE_EXISTING]
2024-10-20 10:46:30,892 [s0-server-thread1] DEBUG server.RaftServer$Division (RaftServerImpl.java:logAppendEntries(1549)) - s0@group-C240B23E34A7: appendEntries* s1->s0#18-t1,previous=(t:1, i:5),leaderCommit=5,initializing? false,entries: size=1, first=(t:1, i:6), METADATAENTRY(c:5)
2024-10-20 10:46:30,892 [s4-server-thread3] DEBUG server.RaftServer$Division (RaftServerImpl.java:logAppendEntries(1549)) - s4@group-C240B23E34A7: appendEntries* s1->s4#22-t1,previous=(t:1, i:5),leaderCommit=5,initializing? false,entries: size=1, first=(t:1, i:6), METADATAENTRY(c:5)
2024-10-20 10:46:30,892 [s2-server-thread2] DEBUG server.RaftServer$Division (RaftServerImpl.java:logAppendEntries(1549)) - s2@group-C240B23E34A7: appendEntries* s1->s2#18-t1,previous=(t:1, i:5),leaderCommit=5,initializing? false,entries: size=1, first=(t:1, i:6), METADATAENTRY(c:5)
2024-10-20 10:46:30,892 [s3-server-thread3] DEBUG server.RaftServer$Division (RaftServerImpl.java:logAppendEntries(1549)) - s3@group-C240B23E34A7: appendEntries* reply s1<-s3#19:OK-t1,SUCCESS,nextIndex=6,followerCommit=3,matchIndex=5
2024-10-20 10:46:30,892 [s4-server-thread3] DEBUG server.RaftServer$Division (RaftServerImpl.java:logAppendEntries(1549)) - s4@group-C240B23E34A7: appendEntries* reply s1<-s4#22:OK-t1,SUCCESS,nextIndex=7,followerCommit=5,matchIndex=6
2024-10-20 10:46:30,892 [s3@group-C240B23E34A7-StateMachineUpdater] TRACE util.FileUtils (LogUtils.java:supplyAndLog(69)) - Successfully supplied FileChannel.open /home/runner/work/ratis/ratis/ratis-test/target/test/data/d69430f5/MiniRaftClusterWithGrpc63e5dcb0/s3/b095d642-4148-4fb2-afd1-c240b23e34a7/current/raft-meta.conf.tmp with options [CREATE, WRITE]: sun.nio.ch.FileChannelImpl@397ac95
2024-10-20 10:46:30,895 [s3-server-thread3] DEBUG server.RaftServer$Division (RaftServerImpl.java:logAppendEntries(1549)) - s3@group-C240B23E34A7: appendEntries* s1->s3#24-t1,previous=(t:1, i:5),leaderCommit=5,initializing? false,entries: size=1, first=(t:1, i:6), METADATAENTRY(c:5)
2024-10-20 10:46:30,895 [s0-server-thread1] DEBUG server.RaftServer$Division (RaftServerImpl.java:logAppendEntries(1549)) - s0@group-C240B23E34A7: appendEntries* reply s1<-s0#18:OK-t1,SUCCESS,nextIndex=7,followerCommit=5,matchIndex=6
2024-10-20 10:46:30,895 [s2-server-thread2] DEBUG server.RaftServer$Division (RaftServerImpl.java:logAppendEntries(1549)) - s2@group-C240B23E34A7: appendEntries* reply s1<-s2#18:OK-t1,SUCCESS,nextIndex=7,followerCommit=5,matchIndex=6
2024-10-20 10:46:30,896 [s2@group-C240B23E34A7-StateMachineUpdater] TRACE util.FileUtils (LogUtils.java:supplyAndLog(69)) - Successfully supplied FileChannel.open /home/runner/work/ratis/ratis/ratis-test/target/test/data/d69430f5/MiniRaftClusterWithGrpc63e5dcb0/s2/b095d642-4148-4fb2-afd1-c240b23e34a7/current/raft-meta.conf.tmp with options [CREATE, WRITE]: sun.nio.ch.FileChannelImpl@7bc21361
2024-10-20 10:46:30,896 [s4@group-C240B23E34A7-StateMachineUpdater] TRACE util.FileUtils (LogUtils.java:supplyAndLog(69)) - Successfully supplied FileChannel.open /home/runner/work/ratis/ratis/ratis-test/target/test/data/d69430f5/MiniRaftClusterWithGrpc63e5dcb0/s4/b095d642-4148-4fb2-afd1-c240b23e34a7/current/raft-meta.conf.tmp with options [CREATE, WRITE]: sun.nio.ch.FileChannelImpl@1134444f
2024-10-20 10:46:30,896 [s3-server-thread3] DEBUG server.RaftServer$Division (RaftServerImpl.java:logAppendEntries(1549)) - s3@group-C240B23E34A7: appendEntries* reply s1<-s3#24:OK-t1,SUCCESS,nextIndex=7,followerCommit=5,matchIndex=6
2024-10-20 10:46:30,897 [s0@group-C240B23E34A7-StateMachineUpdater] TRACE util.FileUtils (LogUtils.java:runAndLog(49)) - Successfully ran Atomic Files.move /home/runner/work/ratis/ratis/ratis-test/target/test/data/d69430f5/MiniRaftClusterWithGrpc63e5dcb0/s0/b095d642-4148-4fb2-afd1-c240b23e34a7/current/raft-meta.conf.tmp to /home/runner/work/ratis/ratis/ratis-test/target/test/data/d69430f5/MiniRaftClusterWithGrpc63e5dcb0/s0/b095d642-4148-4fb2-afd1-c240b23e34a7/current/raft-meta.conf with options [REPLACE_EXISTING]
2024-10-20 10:46:30,897 [s0@group-C240B23E34A7-StateMachineUpdater] TRACE util.FileUtils (LogUtils.java:supplyAndLog(69)) - Successfully supplied FileChannel.open /home/runner/work/ratis/ratis/ratis-test/target/test/data/d69430f5/MiniRaftClusterWithGrpc63e5dcb0/s0/b095d642-4148-4fb2-afd1-c240b23e34a7/current/raft-meta.conf.tmp with options [CREATE, WRITE]: sun.nio.ch.FileChannelImpl@497c52be
2024-10-20 10:46:30,898 [s3@group-C240B23E34A7-StateMachineUpdater] TRACE util.FileUtils (LogUtils.java:runAndLog(49)) - Successfully ran Atomic Files.move /home/runner/work/ratis/ratis/ratis-test/target/test/data/d69430f5/MiniRaftClusterWithGrpc63e5dcb0/s3/b095d642-4148-4fb2-afd1-c240b23e34a7/current/raft-meta.conf.tmp to /home/runner/work/ratis/ratis/ratis-test/target/test/data/d69430f5/MiniRaftClusterWithGrpc63e5dcb0/s3/b095d642-4148-4fb2-afd1-c240b23e34a7/current/raft-meta.conf with options [REPLACE_EXISTING]
2024-10-20 10:46:30,898 [s3@group-C240B23E34A7-StateMachineUpdater] TRACE util.FileUtils (LogUtils.java:supplyAndLog(69)) - Successfully supplied FileChannel.open /home/runner/work/ratis/ratis/ratis-test/target/test/data/d69430f5/MiniRaftClusterWithGrpc63e5dcb0/s3/b095d642-4148-4fb2-afd1-c240b23e34a7/current/raft-meta.conf.tmp with options [CREATE, WRITE]: sun.nio.ch.FileChannelImpl@7a8283f
2024-10-20 10:46:30,899 [s4@group-C240B23E34A7-StateMachineUpdater] TRACE util.FileUtils (LogUtils.java:runAndLog(49)) - Successfully ran Atomic Files.move /home/runner/work/ratis/ratis/ratis-test/target/test/data/d69430f5/MiniRaftClusterWithGrpc63e5dcb0/s4/b095d642-4148-4fb2-afd1-c240b23e34a7/current/raft-meta.conf.tmp to /home/runner/work/ratis/ratis/ratis-test/target/test/data/d69430f5/MiniRaftClusterWithGrpc63e5dcb0/s4/b095d642-4148-4fb2-afd1-c240b23e34a7/current/raft-meta.conf with options [REPLACE_EXISTING]
2024-10-20 10:46:30,899 [main] DEBUG client.RaftClient (RaftClientImpl.java:add(146)) - client-7C7E35E61836: add replied callId 42
2024-10-20 10:46:30,900 [s2@group-C240B23E34A7-StateMachineUpdater] TRACE util.FileUtils (LogUtils.java:runAndLog(49)) - Successfully ran Atomic Files.move /home/runner/work/ratis/ratis/ratis-test/target/test/data/d69430f5/MiniRaftClusterWithGrpc63e5dcb0/s2/b095d642-4148-4fb2-afd1-c240b23e34a7/current/raft-meta.conf.tmp to /home/runner/work/ratis/ratis/ratis-test/target/test/data/d69430f5/MiniRaftClusterWithGrpc63e5dcb0/s2/b095d642-4148-4fb2-afd1-c240b23e34a7/current/raft-meta.conf with options [REPLACE_EXISTING]
2024-10-20 10:46:30,900 [main] DEBUG client.RaftClient (RaftClientImpl.java:close(465)) - close client-7C7E35E61836
2024-10-20 10:46:30,901 [s3@group-C240B23E34A7-StateMachineUpdater] TRACE util.FileUtils (LogUtils.java:runAndLog(49)) - Successfully ran Atomic Files.move /home/runner/work/ratis/ratis/ratis-test/target/test/data/d69430f5/MiniRaftClusterWithGrpc63e5dcb0/s3/b095d642-4148-4fb2-afd1-c240b23e34a7/current/raft-meta.conf.tmp to /home/runner/work/ratis/ratis/ratis-test/target/test/data/d69430f5/MiniRaftClusterWithGrpc63e5dcb0/s3/b095d642-4148-4fb2-afd1-c240b23e34a7/current/raft-meta.conf with options [REPLACE_EXISTING]
2024-10-20 10:46:30,902 [s0@group-C240B23E34A7-StateMachineUpdater] TRACE util.FileUtils (LogUtils.java:runAndLog(49)) - Successfully ran Atomic Files.move /home/runner/work/ratis/ratis/ratis-test/target/test/data/d69430f5/MiniRaftClusterWithGrpc63e5dcb0/s0/b095d642-4148-4fb2-afd1-c240b23e34a7/current/raft-meta.conf.tmp to /home/runner/work/ratis/ratis/ratis-test/target/test/data/d69430f5/MiniRaftClusterWithGrpc63e5dcb0/s0/b095d642-4148-4fb2-afd1-c240b23e34a7/current/raft-meta.conf with options [REPLACE_EXISTING]
2024-10-20 10:46:30,912 [main] INFO  impl.MiniRaftCluster (MiniRaftCluster.java:shutdown(847)) - ************************************************************** 
2024-10-20 10:46:30,913 [main] INFO  impl.MiniRaftCluster (MiniRaftCluster.java:shutdown(848)) - *** 
2024-10-20 10:46:30,913 [main] INFO  impl.MiniRaftCluster (MiniRaftCluster.java:shutdown(849)) - ***     Stopping MiniRaftClusterWithGrpc
2024-10-20 10:46:30,913 [main] INFO  impl.MiniRaftCluster (MiniRaftCluster.java:shutdown(850)) - *** 
2024-10-20 10:46:30,913 [main] INFO  impl.MiniRaftCluster (MiniRaftCluster.java:shutdown(851)) - ************************************************************** 
2024-10-20 10:46:30,913 [main] INFO  impl.MiniRaftCluster (MiniRaftCluster.java:shutdown(852)) - printing ALL groups
  s3:  RUNNING  LISTENER s3@group-C240B23E34A7:t1, leader=s1, voted=null, raftlog=Memoized:s3@group-C240B23E34A7-SegmentedRaftLog:OPENED:c5:last(t:1, i:6), conf=conf: {index: 5, cur=peers:[s3|0.0.0.0:15300, s4|0.0.0.0:15304, s0|0.0.0.0:15288, s1|0.0.0.0:15292, s2|0.0.0.0:15296]|listeners:[], old=null} RUNNING
  s4:  RUNNING  LISTENER s4@group-C240B23E34A7:t1, leader=s1, voted=null, raftlog=Memoized:s4@group-C240B23E34A7-SegmentedRaftLog:OPENED:c5:last(t:1, i:6), conf=conf: {index: 5, cur=peers:[s3|0.0.0.0:15300, s4|0.0.0.0:15304, s0|0.0.0.0:15288, s1|0.0.0.0:15292, s2|0.0.0.0:15296]|listeners:[], old=null} RUNNING
  s0:  RUNNING  FOLLOWER s0@group-C240B23E34A7:t1, leader=s1, voted=s1, raftlog=Memoized:s0@group-C240B23E34A7-SegmentedRaftLog:OPENED:c5:last(t:1, i:6), conf=conf: {index: 5, cur=peers:[s3|0.0.0.0:15300, s4|0.0.0.0:15304, s0|0.0.0.0:15288, s1|0.0.0.0:15292, s2|0.0.0.0:15296]|listeners:[], old=null} RUNNING
  s1:  RUNNING    LEADER s1@group-C240B23E34A7:t1, leader=s1, voted=s1, raftlog=Memoized:s1@group-C240B23E34A7-SegmentedRaftLog:OPENED:c6:last(t:1, i:6), conf=conf: {index: 5, cur=peers:[s3|0.0.0.0:15300, s4|0.0.0.0:15304, s0|0.0.0.0:15288, s1|0.0.0.0:15292, s2|0.0.0.0:15296]|listeners:[], old=null} RUNNING
  s2:  RUNNING  FOLLOWER s2@group-C240B23E34A7:t1, leader=s1, voted=s1, raftlog=Memoized:s2@group-C240B23E34A7-SegmentedRaftLog:OPENED:c5:last(t:1, i:6), conf=conf: {index: 5, cur=peers:[s3|0.0.0.0:15300, s4|0.0.0.0:15304, s0|0.0.0.0:15288, s1|0.0.0.0:15292, s2|0.0.0.0:15296]|listeners:[], old=null} RUNNING
2024-10-20 10:46:30,914 [MiniRaftCluster-73] INFO  server.RaftServer (RaftServerProxy.java:lambda$close$9(418)) - s3: close
2024-10-20 10:46:30,914 [MiniRaftCluster-73] INFO  server.GrpcServicesImpl (GrpcServicesImpl.java:closeImpl(362)) - s3: shutdown server org.apache.ratis.grpc.server.GrpcClientProtocolService now
2024-10-20 10:46:30,914 [s3-impl-thread1] INFO  server.RaftServer$Division (RaftServerImpl.java:lambda$close$1(515)) - s3@group-C240B23E34A7: shutdown
2024-10-20 10:46:30,914 [s3-impl-thread1] INFO  util.JmxRegister (JmxRegister.java:unregister(74)) - Successfully un-registered JMX Bean with object name Ratis:service=RaftServer,group=group-C240B23E34A7,id=s3
2024-10-20 10:46:30,914 [s3-impl-thread1] INFO  impl.RoleInfo (RoleInfo.java:shutdownFollowerState(121)) - s3: shutdown s3@group-C240B23E34A7-FollowerState
2024-10-20 10:46:30,915 [MiniRaftCluster-74] INFO  server.RaftServer (RaftServerProxy.java:lambda$close$9(418)) - s4: close
2024-10-20 10:46:30,915 [s4-impl-thread1] INFO  server.RaftServer$Division (RaftServerImpl.java:lambda$close$1(515)) - s4@group-C240B23E34A7: shutdown
2024-10-20 10:46:30,915 [s4-impl-thread1] INFO  util.JmxRegister (JmxRegister.java:unregister(74)) - Successfully un-registered JMX Bean with object name Ratis:service=RaftServer,group=group-C240B23E34A7,id=s4
2024-10-20 10:46:30,915 [s4-impl-thread1] INFO  impl.RoleInfo (RoleInfo.java:shutdownFollowerState(121)) - s4: shutdown s4@group-C240B23E34A7-FollowerState
2024-10-20 10:46:30,915 [MiniRaftCluster-74] INFO  server.GrpcServicesImpl (GrpcServicesImpl.java:closeImpl(362)) - s4: shutdown server org.apache.ratis.grpc.server.GrpcClientProtocolService now
2024-10-20 10:46:30,916 [MiniRaftCluster-75] INFO  server.RaftServer (RaftServerProxy.java:lambda$close$9(418)) - s0: close
2024-10-20 10:46:30,916 [MiniRaftCluster-76] INFO  server.RaftServer (RaftServerProxy.java:lambda$close$9(418)) - s1: close
2024-10-20 10:46:30,916 [MiniRaftCluster-77] INFO  server.RaftServer (RaftServerProxy.java:lambda$close$9(418)) - s2: close
2024-10-20 10:46:30,916 [s1-impl-thread1] INFO  server.RaftServer$Division (RaftServerImpl.java:lambda$close$1(515)) - s1@group-C240B23E34A7: shutdown
2024-10-20 10:46:30,916 [MiniRaftCluster-77] INFO  server.GrpcServicesImpl (GrpcServicesImpl.java:closeImpl(362)) - s2: shutdown server org.apache.ratis.grpc.server.GrpcClientProtocolService now
2024-10-20 10:46:30,916 [s3-impl-thread1] INFO  impl.StateMachineUpdater (StateMachineUpdater.java:stopAndJoin(164)) - s3@group-C240B23E34A7-StateMachineUpdater: set stopIndex = 5
2024-10-20 10:46:30,916 [s0-impl-thread1] INFO  server.RaftServer$Division (RaftServerImpl.java:lambda$close$1(515)) - s0@group-C240B23E34A7: shutdown
2024-10-20 10:46:30,916 [MiniRaftCluster-75] INFO  server.GrpcServicesImpl (GrpcServicesImpl.java:closeImpl(362)) - s0: shutdown server org.apache.ratis.grpc.server.GrpcClientProtocolService now
2024-10-20 10:46:30,917 [s0-impl-thread1] INFO  util.JmxRegister (JmxRegister.java:unregister(74)) - Successfully un-registered JMX Bean with object name Ratis:service=RaftServer,group=group-C240B23E34A7,id=s0
2024-10-20 10:46:30,918 [s0-impl-thread1] INFO  impl.RoleInfo (RoleInfo.java:shutdownFollowerState(121)) - s0: shutdown s0@group-C240B23E34A7-FollowerState
2024-10-20 10:46:30,916 [s1-impl-thread1] INFO  util.JmxRegister (JmxRegister.java:unregister(74)) - Successfully un-registered JMX Bean with object name Ratis:service=RaftServer,group=group-C240B23E34A7,id=s1
2024-10-20 10:46:30,918 [s1-impl-thread1] INFO  impl.RoleInfo (RoleInfo.java:shutdownLeaderState(103)) - s1: shutdown s1@group-C240B23E34A7-LeaderStateImpl
2024-10-20 10:46:30,916 [s2-impl-thread1] INFO  server.RaftServer$Division (RaftServerImpl.java:lambda$close$1(515)) - s2@group-C240B23E34A7: shutdown
2024-10-20 10:46:30,916 [s3@group-C240B23E34A7-StateMachineUpdater] INFO  impl.StateMachineUpdater (StateMachineUpdater.java:stop(141)) - s3@group-C240B23E34A7-StateMachineUpdater: closing BaseStateMachine, lastApplied=(t:1, i:5)
2024-10-20 10:46:30,916 [MiniRaftCluster-76] INFO  server.GrpcServicesImpl (GrpcServicesImpl.java:closeImpl(362)) - s1: shutdown server org.apache.ratis.grpc.server.GrpcClientProtocolService now
2024-10-20 10:46:30,916 [s3@group-C240B23E34A7-FollowerState] INFO  impl.FollowerState (FollowerState.java:runImpl(170)) - s3@group-C240B23E34A7-FollowerState was interrupted
2024-10-20 10:46:30,918 [s3-impl-thread1] INFO  raftlog.RaftLog (SegmentedRaftLog.java:close(567)) - Start closing s3@group-C240B23E34A7-SegmentedRaftLog:OPENED:c5:last(t:1, i:6)
2024-10-20 10:46:30,918 [s2-impl-thread1] INFO  util.JmxRegister (JmxRegister.java:unregister(74)) - Successfully un-registered JMX Bean with object name Ratis:service=RaftServer,group=group-C240B23E34A7,id=s2
2024-10-20 10:46:30,918 [s2-impl-thread1] INFO  impl.RoleInfo (RoleInfo.java:shutdownFollowerState(121)) - s2: shutdown s2@group-C240B23E34A7-FollowerState
2024-10-20 10:46:30,928 [s4-impl-thread1] INFO  impl.StateMachineUpdater (StateMachineUpdater.java:stopAndJoin(164)) - s4@group-C240B23E34A7-StateMachineUpdater: set stopIndex = 5
2024-10-20 10:46:30,928 [s4@group-C240B23E34A7-StateMachineUpdater] INFO  impl.StateMachineUpdater (StateMachineUpdater.java:stop(141)) - s4@group-C240B23E34A7-StateMachineUpdater: closing BaseStateMachine, lastApplied=(t:1, i:5)
2024-10-20 10:46:30,929 [MiniRaftCluster-73] INFO  server.GrpcServicesImpl (GrpcServicesImpl.java:closeImpl(371)) - s3: shutdown server org.apache.ratis.grpc.server.GrpcClientProtocolService successfully
2024-10-20 10:46:30,929 [MiniRaftCluster-73] INFO  server.GrpcServicesImpl (GrpcServicesImpl.java:closeImpl(362)) - s3: shutdown server GrpcServerProtocolService now
2024-10-20 10:46:30,928 [s4@group-C240B23E34A7-FollowerState] INFO  impl.FollowerState (FollowerState.java:runImpl(170)) - s4@group-C240B23E34A7-FollowerState was interrupted
2024-10-20 10:46:30,929 [s4-impl-thread1] INFO  raftlog.RaftLog (SegmentedRaftLog.java:close(567)) - Start closing s4@group-C240B23E34A7-SegmentedRaftLog:OPENED:c5:last(t:1, i:6)
2024-10-20 10:46:30,931 [grpc-default-executor-6] WARN  server.GrpcServerProtocolService (LogUtils.java:warn(121)) - s3: APPEND_ENTRIES onError, lastRequest: s1->s3#24-t1,previous=(t:1, i:5),leaderCommit=5,initializing? false,entries: size=1, first=(t:1, i:6), METADATAENTRY(c:5): org.apache.ratis.thirdparty.io.grpc.StatusRuntimeException: CANCELLED: client cancelled
2024-10-20 10:46:30,931 [grpc-default-executor-4] WARN  server.GrpcServerProtocolService (LogUtils.java:warn(121)) - s3: APPEND_ENTRIES onError, lastRequest: null: org.apache.ratis.thirdparty.io.grpc.StatusRuntimeException: CANCELLED: client cancelled
2024-10-20 10:46:30,931 [grpc-default-executor-6] WARN  server.GrpcLogAppender (LogUtils.java:warn(121)) - s1@group-C240B23E34A7->s3-AppendLogResponseHandler: Failed appendEntries: org.apache.ratis.thirdparty.io.grpc.StatusRuntimeException: CANCELLED: RST_STREAM closed stream. HTTP/2 error code: CANCEL
2024-10-20 10:46:30,932 [grpc-default-executor-6] WARN  server.GrpcLogAppender (GrpcLogAppender.java:lambda$resetClient$1(221)) - s1@group-C240B23E34A7->s3-GrpcLogAppender: Follower failed (request=null, errorCount=1); keep nextIndex (7) unchanged and retry.
2024-10-20 10:46:30,932 [MiniRaftCluster-73] INFO  server.GrpcServicesImpl (GrpcServicesImpl.java:closeImpl(371)) - s3: shutdown server GrpcServerProtocolService successfully
2024-10-20 10:46:30,932 [MiniRaftCluster-73] INFO  server.GrpcServicesImpl (GrpcServicesImpl.java:closeImpl(362)) - s3: shutdown server org.apache.ratis.grpc.server.GrpcAdminProtocolService now
2024-10-20 10:46:30,932 [MiniRaftCluster-73] INFO  server.GrpcServicesImpl (GrpcServicesImpl.java:closeImpl(371)) - s3: shutdown server org.apache.ratis.grpc.server.GrpcAdminProtocolService successfully
2024-10-20 10:46:30,935 [s2-impl-thread1] INFO  impl.StateMachineUpdater (StateMachineUpdater.java:stopAndJoin(164)) - s2@group-C240B23E34A7-StateMachineUpdater: set stopIndex = 5
2024-10-20 10:46:30,935 [s2@group-C240B23E34A7-FollowerState] INFO  impl.FollowerState (FollowerState.java:runImpl(170)) - s2@group-C240B23E34A7-FollowerState was interrupted
2024-10-20 10:46:30,935 [s2@group-C240B23E34A7-StateMachineUpdater] INFO  impl.StateMachineUpdater (StateMachineUpdater.java:stop(141)) - s2@group-C240B23E34A7-StateMachineUpdater: closing BaseStateMachine, lastApplied=(t:1, i:5)
2024-10-20 10:46:30,935 [s2-impl-thread1] INFO  raftlog.RaftLog (SegmentedRaftLog.java:close(567)) - Start closing s2@group-C240B23E34A7-SegmentedRaftLog:OPENED:c5:last(t:1, i:6)
2024-10-20 10:46:30,939 [s3@group-C240B23E34A7-cacheEviction-AwaitToRun] INFO  util.AwaitToRun (AwaitToRun.java:run(49)) - s3@group-C240B23E34A7-cacheEviction-AwaitToRun-AwaitForSignal is interrupted
2024-10-20 10:46:30,939 [s3-impl-thread1] INFO  segmented.LogSegment (LogSegment.java:close(348)) - Successfully closed EntryCache-log_inprogress_0
2024-10-20 10:46:30,940 [Thread-1905] INFO  server.GrpcServerProtocolClient (GrpcServerProtocolClient.java:close(105)) - s3 Close channels
2024-10-20 10:46:30,940 [Thread-1918] INFO  server.GrpcServerProtocolClient (GrpcServerProtocolClient.java:close(105)) - s4 Close channels
2024-10-20 10:46:30,940 [s1@group-C240B23E34A7->s0-GrpcLogAppender-LogAppenderDaemon] WARN  server.GrpcLogAppender (GrpcLogAppender.java:mayWait(293)) - s1@group-C240B23E34A7->s0-GrpcLogAppender: Wait interrupted by java.lang.InterruptedException
2024-10-20 10:46:30,940 [Thread-1919] INFO  server.GrpcServerProtocolClient (GrpcServerProtocolClient.java:close(105)) - s0 Close channels
2024-10-20 10:46:30,941 [grpc-default-executor-4] INFO  server.GrpcServerProtocolService (GrpcServerProtocolService.java:onCompleted(200)) - s0: Completed APPEND_ENTRIES, lastRequest: s1->s0#18-t1,previous=(t:1, i:5),leaderCommit=5,initializing? false,entries: size=1, first=(t:1, i:6), METADATAENTRY(c:5)
2024-10-20 10:46:30,941 [grpc-default-executor-4] INFO  server.GrpcServerProtocolService (GrpcServerProtocolService.java:lambda$onCompleted$7(202)) - s0: Completed APPEND_ENTRIES, lastReply: null
2024-10-20 10:46:30,941 [grpc-default-executor-8] INFO  server.GrpcServerProtocolService (GrpcServerProtocolService.java:onCompleted(200)) - s0: Completed APPEND_ENTRIES, lastRequest: null
2024-10-20 10:46:30,941 [grpc-default-executor-8] INFO  server.GrpcServerProtocolService (GrpcServerProtocolService.java:lambda$onCompleted$7(202)) - s0: Completed APPEND_ENTRIES, lastReply: serverReply {
  requestorId: "s1"
  replyId: "s0"
  raftGroupId {
    id: "\260\225\326BAHO\262\257\321\302@\262>4\247"
  }
  callId: 7
  success: true
}
term: 1
nextIndex: 1
matchIndex: 18446744073709551615
isHearbeat: true

2024-10-20 10:46:30,942 [grpc-default-executor-4] INFO  server.GrpcLogAppender (GrpcLogAppender.java:onCompleted(559)) - s1@group-C240B23E34A7->s0-AppendLogResponseHandler: follower responses appendEntries COMPLETED
2024-10-20 10:46:30,942 [grpc-default-executor-4] WARN  server.GrpcLogAppender (GrpcLogAppender.java:resetClient(230)) - s1@group-C240B23E34A7->s0-GrpcLogAppender: Failed to getClient for s0
org.apache.ratis.protocol.exceptions.AlreadyClosedException: s1 is already CLOSED
	at org.apache.ratis.util.PeerProxyMap$PeerAndProxy.getProxy(PeerProxyMap.java:67)
	at org.apache.ratis.util.PeerProxyMap.getProxy(PeerProxyMap.java:124)
	at org.apache.ratis.grpc.server.GrpcLogAppender.getClient(GrpcLogAppender.java:200)
	at org.apache.ratis.grpc.server.GrpcLogAppender.resetClient(GrpcLogAppender.java:205)
	at org.apache.ratis.grpc.server.GrpcLogAppender.access$800(GrpcLogAppender.java:64)
	at org.apache.ratis.grpc.server.GrpcLogAppender$AppendLogResponseHandler.onCompleted(GrpcLogAppender.java:560)
	at org.apache.ratis.thirdparty.io.grpc.stub.ClientCalls$StreamObserverToCallListenerAdapter.onClose(ClientCalls.java:479)
	at org.apache.ratis.thirdparty.io.grpc.internal.ClientCallImpl.closeObserver(ClientCallImpl.java:567)
	at org.apache.ratis.thirdparty.io.grpc.internal.ClientCallImpl.access$300(ClientCallImpl.java:71)
	at org.apache.ratis.thirdparty.io.grpc.internal.ClientCallImpl$ClientStreamListenerImpl$1StreamClosed.runInternal(ClientCallImpl.java:735)
	at org.apache.ratis.thirdparty.io.grpc.internal.ClientCallImpl$ClientStreamListenerImpl$1StreamClosed.runInContext(ClientCallImpl.java:716)
	at org.apache.ratis.thirdparty.io.grpc.internal.ContextRunnable.run(ContextRunnable.java:37)
	at org.apache.ratis.thirdparty.io.grpc.internal.SerializingExecutor.run(SerializingExecutor.java:133)
	at java.util.concurrent.ThreadPoolExecutor.runWorker(ThreadPoolExecutor.java:1149)
	at java.util.concurrent.ThreadPoolExecutor$Worker.run(ThreadPoolExecutor.java:624)
	at java.lang.Thread.run(Thread.java:750)
2024-10-20 10:46:30,952 [s4@group-C240B23E34A7-cacheEviction-AwaitToRun] INFO  util.AwaitToRun (AwaitToRun.java:run(49)) - s4@group-C240B23E34A7-cacheEviction-AwaitToRun-AwaitForSignal is interrupted
2024-10-20 10:46:30,952 [MiniRaftCluster-74] INFO  server.GrpcServicesImpl (GrpcServicesImpl.java:closeImpl(371)) - s4: shutdown server org.apache.ratis.grpc.server.GrpcClientProtocolService successfully
2024-10-20 10:46:30,953 [MiniRaftCluster-74] INFO  server.GrpcServicesImpl (GrpcServicesImpl.java:closeImpl(362)) - s4: shutdown server GrpcServerProtocolService now
2024-10-20 10:46:30,952 [grpc-default-executor-6] INFO  server.GrpcLogAppender (GrpcLogAppender.java:onError(546)) - s1@group-C240B23E34A7->s3-GrpcLogAppender is already stopped
2024-10-20 10:46:30,953 [s4-impl-thread1] INFO  segmented.LogSegment (LogSegment.java:close(348)) - Successfully closed EntryCache-log_inprogress_0
2024-10-20 10:46:30,952 [s2@group-C240B23E34A7-cacheEviction-AwaitToRun] INFO  util.AwaitToRun (AwaitToRun.java:run(49)) - s2@group-C240B23E34A7-cacheEviction-AwaitToRun-AwaitForSignal is interrupted
2024-10-20 10:46:30,953 [s2-impl-thread1] INFO  segmented.LogSegment (LogSegment.java:close(348)) - Successfully closed EntryCache-log_inprogress_0
2024-10-20 10:46:30,954 [MiniRaftCluster-74] INFO  server.GrpcServicesImpl (GrpcServicesImpl.java:closeImpl(371)) - s4: shutdown server GrpcServerProtocolService successfully
2024-10-20 10:46:30,952 [MiniRaftCluster-75] INFO  server.GrpcServicesImpl (GrpcServicesImpl.java:closeImpl(371)) - s0: shutdown server org.apache.ratis.grpc.server.GrpcClientProtocolService successfully
2024-10-20 10:46:30,954 [MiniRaftCluster-75] INFO  server.GrpcServicesImpl (GrpcServicesImpl.java:closeImpl(362)) - s0: shutdown server GrpcServerProtocolService now
2024-10-20 10:46:30,951 [MiniRaftCluster-77] INFO  server.GrpcServicesImpl (GrpcServicesImpl.java:closeImpl(371)) - s2: shutdown server org.apache.ratis.grpc.server.GrpcClientProtocolService successfully
2024-10-20 10:46:30,954 [MiniRaftCluster-77] INFO  server.GrpcServicesImpl (GrpcServicesImpl.java:closeImpl(362)) - s2: shutdown server GrpcServerProtocolService now
2024-10-20 10:46:30,951 [s1@group-C240B23E34A7->s4-GrpcLogAppender-LogAppenderDaemon] WARN  server.GrpcLogAppender (GrpcLogAppender.java:mayWait(293)) - s1@group-C240B23E34A7->s4-GrpcLogAppender: Wait interrupted by java.lang.InterruptedException
2024-10-20 10:46:30,956 [grpc-default-executor-8] WARN  server.GrpcServerProtocolService (LogUtils.java:warn(121)) - s4: APPEND_ENTRIES onError, lastRequest: s1->s4#22-t1,previous=(t:1, i:5),leaderCommit=5,initializing? false,entries: size=1, first=(t:1, i:6), METADATAENTRY(c:5): org.apache.ratis.thirdparty.io.grpc.StatusRuntimeException: CANCELLED: client cancelled
2024-10-20 10:46:30,956 [MiniRaftCluster-75] INFO  server.GrpcServicesImpl (GrpcServicesImpl.java:closeImpl(371)) - s0: shutdown server GrpcServerProtocolService successfully
2024-10-20 10:46:30,956 [MiniRaftCluster-75] INFO  server.GrpcServicesImpl (GrpcServicesImpl.java:closeImpl(362)) - s0: shutdown server org.apache.ratis.grpc.server.GrpcAdminProtocolService now
2024-10-20 10:46:30,951 [s1-impl-thread1] INFO  impl.PendingRequests (PendingRequests.java:sendNotLeaderResponses(287)) - s1@group-C240B23E34A7-PendingRequests: sendNotLeaderResponses
2024-10-20 10:46:30,951 [s1@group-C240B23E34A7->s3-GrpcLogAppender-LogAppenderDaemon] WARN  server.GrpcLogAppender (GrpcLogAppender.java:mayWait(293)) - s1@group-C240B23E34A7->s3-GrpcLogAppender: Wait interrupted by java.lang.InterruptedException
2024-10-20 10:46:30,951 [s1@group-C240B23E34A7->s2-GrpcLogAppender-LogAppenderDaemon] WARN  server.GrpcLogAppender (GrpcLogAppender.java:mayWait(293)) - s1@group-C240B23E34A7->s2-GrpcLogAppender: Wait interrupted by java.lang.InterruptedException
2024-10-20 10:46:30,945 [Thread-1921] INFO  server.GrpcServerProtocolClient (GrpcServerProtocolClient.java:close(105)) - s2 Close channels
2024-10-20 10:46:30,945 [s0@group-C240B23E34A7-StateMachineUpdater] INFO  impl.StateMachineUpdater (StateMachineUpdater.java:stop(141)) - s0@group-C240B23E34A7-StateMachineUpdater: closing BaseStateMachine, lastApplied=(t:1, i:5)
2024-10-20 10:46:30,945 [s0@group-C240B23E34A7-FollowerState] INFO  impl.FollowerState (FollowerState.java:runImpl(170)) - s0@group-C240B23E34A7-FollowerState was interrupted
2024-10-20 10:46:30,957 [grpc-default-executor-3] WARN  server.GrpcServerProtocolService (LogUtils.java:warn(121)) - s2: APPEND_ENTRIES onError, lastRequest: s1->s2#18-t1,previous=(t:1, i:5),leaderCommit=5,initializing? false,entries: size=1, first=(t:1, i:6), METADATAENTRY(c:5): org.apache.ratis.thirdparty.io.grpc.StatusRuntimeException: CANCELLED: client cancelled
2024-10-20 10:46:30,945 [s0-impl-thread1] INFO  impl.StateMachineUpdater (StateMachineUpdater.java:stopAndJoin(164)) - s0@group-C240B23E34A7-StateMachineUpdater: set stopIndex = 5
2024-10-20 10:46:30,957 [s0-impl-thread1] INFO  raftlog.RaftLog (SegmentedRaftLog.java:close(567)) - Start closing s0@group-C240B23E34A7-SegmentedRaftLog:OPENED:c5:last(t:1, i:6)
2024-10-20 10:46:30,957 [s1-impl-thread1] INFO  impl.StateMachineUpdater (StateMachineUpdater.java:stopAndJoin(164)) - s1@group-C240B23E34A7-StateMachineUpdater: set stopIndex = 6
2024-10-20 10:46:30,957 [s1@group-C240B23E34A7-StateMachineUpdater] INFO  impl.StateMachineUpdater (StateMachineUpdater.java:stop(141)) - s1@group-C240B23E34A7-StateMachineUpdater: closing BaseStateMachine, lastApplied=(t:1, i:6)
2024-10-20 10:46:30,957 [grpc-default-executor-5] WARN  server.GrpcServerProtocolService (LogUtils.java:warn(121)) - s2: APPEND_ENTRIES onError, lastRequest: null: org.apache.ratis.thirdparty.io.grpc.StatusRuntimeException: CANCELLED: client cancelled
2024-10-20 10:46:30,942 [grpc-default-executor-2] INFO  server.GrpcLogAppender (GrpcLogAppender.java:onCompleted(559)) - s1@group-C240B23E34A7->s0-AppendLogResponseHandler: follower responses appendEntries COMPLETED
2024-10-20 10:46:30,957 [MiniRaftCluster-75] INFO  server.GrpcServicesImpl (GrpcServicesImpl.java:closeImpl(371)) - s0: shutdown server org.apache.ratis.grpc.server.GrpcAdminProtocolService successfully
2024-10-20 10:46:30,957 [s1-impl-thread1] INFO  raftlog.RaftLog (SegmentedRaftLog.java:close(567)) - Start closing s1@group-C240B23E34A7-SegmentedRaftLog:OPENED:c6:last(t:1, i:6)
2024-10-20 10:46:30,958 [s1@group-C240B23E34A7-cacheEviction-AwaitToRun] INFO  util.AwaitToRun (AwaitToRun.java:run(49)) - s1@group-C240B23E34A7-cacheEviction-AwaitToRun-AwaitForSignal is interrupted
2024-10-20 10:46:30,957 [MiniRaftCluster-77] INFO  server.GrpcServicesImpl (GrpcServicesImpl.java:closeImpl(371)) - s2: shutdown server GrpcServerProtocolService successfully
2024-10-20 10:46:30,958 [MiniRaftCluster-77] INFO  server.GrpcServicesImpl (GrpcServicesImpl.java:closeImpl(362)) - s2: shutdown server org.apache.ratis.grpc.server.GrpcAdminProtocolService now
2024-10-20 10:46:30,957 [s0@group-C240B23E34A7-cacheEviction-AwaitToRun] INFO  util.AwaitToRun (AwaitToRun.java:run(49)) - s0@group-C240B23E34A7-cacheEviction-AwaitToRun-AwaitForSignal is interrupted
2024-10-20 10:46:30,956 [grpc-default-executor-9] INFO  server.GrpcLogAppender (GrpcLogAppender.java:onError(546)) - s1@group-C240B23E34A7->s2-GrpcLogAppender is already stopped
2024-10-20 10:46:30,956 [grpc-default-executor-4] WARN  server.GrpcServerProtocolService (LogUtils.java:warn(121)) - s4: APPEND_ENTRIES onError, lastRequest: null: org.apache.ratis.thirdparty.io.grpc.StatusRuntimeException: CANCELLED: client cancelled
2024-10-20 10:46:30,956 [grpc-default-executor-10] INFO  server.GrpcLogAppender (GrpcLogAppender.java:onError(546)) - s1@group-C240B23E34A7->s4-GrpcLogAppender is already stopped
2024-10-20 10:46:30,955 [grpc-default-executor-6] INFO  server.GrpcLogAppender (GrpcLogAppender.java:onError(546)) - s1@group-C240B23E34A7->s4-GrpcLogAppender is already stopped
2024-10-20 10:46:30,954 [MiniRaftCluster-74] INFO  server.GrpcServicesImpl (GrpcServicesImpl.java:closeImpl(362)) - s4: shutdown server org.apache.ratis.grpc.server.GrpcAdminProtocolService now
2024-10-20 10:46:30,958 [s1-impl-thread1] INFO  segmented.LogSegment (LogSegment.java:close(348)) - Successfully closed EntryCache-log_inprogress_0
2024-10-20 10:46:30,959 [grpc-default-executor-10] INFO  server.GrpcLogAppender (GrpcLogAppender.java:onError(546)) - s1@group-C240B23E34A7->s2-GrpcLogAppender is already stopped
2024-10-20 10:46:30,958 [MiniRaftCluster-77] INFO  server.GrpcServicesImpl (GrpcServicesImpl.java:closeImpl(371)) - s2: shutdown server org.apache.ratis.grpc.server.GrpcAdminProtocolService successfully
2024-10-20 10:46:30,958 [grpc-default-executor-2] WARN  server.GrpcLogAppender (GrpcLogAppender.java:resetClient(230)) - s1@group-C240B23E34A7->s0-GrpcLogAppender: Failed to getClient for s0
org.apache.ratis.protocol.exceptions.AlreadyClosedException: s1 is already CLOSED
	at org.apache.ratis.util.PeerProxyMap$PeerAndProxy.getProxy(PeerProxyMap.java:67)
	at org.apache.ratis.util.PeerProxyMap.getProxy(PeerProxyMap.java:124)
	at org.apache.ratis.grpc.server.GrpcLogAppender.getClient(GrpcLogAppender.java:200)
	at org.apache.ratis.grpc.server.GrpcLogAppender.resetClient(GrpcLogAppender.java:205)
	at org.apache.ratis.grpc.server.GrpcLogAppender.access$800(GrpcLogAppender.java:64)
	at org.apache.ratis.grpc.server.GrpcLogAppender$AppendLogResponseHandler.onCompleted(GrpcLogAppender.java:560)
	at org.apache.ratis.thirdparty.io.grpc.stub.ClientCalls$StreamObserverToCallListenerAdapter.onClose(ClientCalls.java:479)
	at org.apache.ratis.thirdparty.io.grpc.internal.ClientCallImpl.closeObserver(ClientCallImpl.java:567)
	at org.apache.ratis.thirdparty.io.grpc.internal.ClientCallImpl.access$300(ClientCallImpl.java:71)
	at org.apache.ratis.thirdparty.io.grpc.internal.ClientCallImpl$ClientStreamListenerImpl$1StreamClosed.runInternal(ClientCallImpl.java:735)
	at org.apache.ratis.thirdparty.io.grpc.internal.ClientCallImpl$ClientStreamListenerImpl$1StreamClosed.runInContext(ClientCallImpl.java:716)
	at org.apache.ratis.thirdparty.io.grpc.internal.ContextRunnable.run(ContextRunnable.java:37)
	at org.apache.ratis.thirdparty.io.grpc.internal.SerializingExecutor.run(SerializingExecutor.java:133)
	at java.util.concurrent.ThreadPoolExecutor.runWorker(ThreadPoolExecutor.java:1149)
	at java.util.concurrent.ThreadPoolExecutor$Worker.run(ThreadPoolExecutor.java:624)
	at java.lang.Thread.run(Thread.java:750)
2024-10-20 10:46:30,959 [s0-impl-thread1] INFO  segmented.LogSegment (LogSegment.java:close(348)) - Successfully closed EntryCache-log_inprogress_0
2024-10-20 10:46:30,959 [MiniRaftCluster-76] INFO  server.GrpcServicesImpl (GrpcServicesImpl.java:closeImpl(371)) - s1: shutdown server org.apache.ratis.grpc.server.GrpcClientProtocolService successfully
2024-10-20 10:46:30,959 [MiniRaftCluster-74] INFO  server.GrpcServicesImpl (GrpcServicesImpl.java:closeImpl(371)) - s4: shutdown server org.apache.ratis.grpc.server.GrpcAdminProtocolService successfully
2024-10-20 10:46:30,959 [MiniRaftCluster-76] INFO  server.GrpcServicesImpl (GrpcServicesImpl.java:closeImpl(362)) - s1: shutdown server GrpcServerProtocolService now
2024-10-20 10:46:30,960 [MiniRaftCluster-76] INFO  server.GrpcServicesImpl (GrpcServicesImpl.java:closeImpl(371)) - s1: shutdown server GrpcServerProtocolService successfully
2024-10-20 10:46:30,960 [MiniRaftCluster-76] INFO  server.GrpcServicesImpl (GrpcServicesImpl.java:closeImpl(362)) - s1: shutdown server org.apache.ratis.grpc.server.GrpcAdminProtocolService now
2024-10-20 10:46:30,960 [MiniRaftCluster-76] INFO  server.GrpcServicesImpl (GrpcServicesImpl.java:closeImpl(371)) - s1: shutdown server org.apache.ratis.grpc.server.GrpcAdminProtocolService successfully
2024-10-20 10:46:31,891 [s1-impl-thread1] INFO  segmented.SegmentedRaftLogWorker (SegmentedRaftLogWorker.java:close(253)) - s1@group-C240B23E34A7-SegmentedRaftLogWorker close()
2024-10-20 10:46:31,892 [s1-impl-thread1] INFO  raftlog.RaftLog (SegmentedRaftLog.java:close(575)) - Successfully closed s1@group-C240B23E34A7-SegmentedRaftLog:CLOSED:c6
2024-10-20 10:46:31,892 [JvmPauseMonitor75] INFO  util.JvmPauseMonitor (JvmPauseMonitor.java:run(152)) - JvmPauseMonitor-s1: Stopped
2024-10-20 10:46:31,894 [s4-impl-thread1] INFO  segmented.SegmentedRaftLogWorker (SegmentedRaftLogWorker.java:close(253)) - s4@group-C240B23E34A7-SegmentedRaftLogWorker close()
2024-10-20 10:46:31,894 [s4-impl-thread1] INFO  raftlog.RaftLog (SegmentedRaftLog.java:close(575)) - Successfully closed s4@group-C240B23E34A7-SegmentedRaftLog:CLOSED:c5
2024-10-20 10:46:31,894 [s2-impl-thread1] INFO  segmented.SegmentedRaftLogWorker (SegmentedRaftLogWorker.java:close(253)) - s2@group-C240B23E34A7-SegmentedRaftLogWorker close()
2024-10-20 10:46:31,894 [s0-impl-thread1] INFO  segmented.SegmentedRaftLogWorker (SegmentedRaftLogWorker.java:close(253)) - s0@group-C240B23E34A7-SegmentedRaftLogWorker close()
2024-10-20 10:46:31,894 [s2-impl-thread1] INFO  raftlog.RaftLog (SegmentedRaftLog.java:close(575)) - Successfully closed s2@group-C240B23E34A7-SegmentedRaftLog:CLOSED:c5
2024-10-20 10:46:31,894 [s0-impl-thread1] INFO  raftlog.RaftLog (SegmentedRaftLog.java:close(575)) - Successfully closed s0@group-C240B23E34A7-SegmentedRaftLog:CLOSED:c5
2024-10-20 10:46:31,895 [JvmPauseMonitor73] INFO  util.JvmPauseMonitor (JvmPauseMonitor.java:run(152)) - JvmPauseMonitor-s4: Stopped
2024-10-20 10:46:31,896 [JvmPauseMonitor76] INFO  util.JvmPauseMonitor (JvmPauseMonitor.java:run(152)) - JvmPauseMonitor-s2: Stopped
2024-10-20 10:46:31,896 [JvmPauseMonitor74] INFO  util.JvmPauseMonitor (JvmPauseMonitor.java:run(152)) - JvmPauseMonitor-s0: Stopped
2024-10-20 10:46:31,897 [s3-impl-thread1] INFO  segmented.SegmentedRaftLogWorker (SegmentedRaftLogWorker.java:close(253)) - s3@group-C240B23E34A7-SegmentedRaftLogWorker close()
2024-10-20 10:46:31,897 [s3-impl-thread1] INFO  raftlog.RaftLog (SegmentedRaftLog.java:close(575)) - Successfully closed s3@group-C240B23E34A7-SegmentedRaftLog:CLOSED:c5
2024-10-20 10:46:31,898 [JvmPauseMonitor72] INFO  util.JvmPauseMonitor (JvmPauseMonitor.java:run(152)) - JvmPauseMonitor-s3: Stopped
2024-10-20 10:46:31,898 [main] INFO  impl.MiniRaftCluster (MiniRaftCluster.java:shutdown(885)) - MiniRaftClusterWithGrpc shutdown completed
2024-10-20 10:46:31,898 [main] INFO  ratis.RaftTestUtil (RaftTestUtil.java:gc(596)) - gc 0
2024-10-20 10:46:32,048 [main] WARN  util.ReferenceCountedLeakDetector (ReferenceCountedLeakDetector.java:logLeakMessage(167)) - LEAK: (class org.apache.ratis.proto.RaftProtos$AppendEntriesRequestProto, count=2, value=serverRequest {
  requestorId: "s0"
  replyId: "s2"
  raftGroupId {
    id: "\375\210\024\357\262\375HY\244\207Ci\024Gb\025"
  }
}
leaderTerm: 10
previousLog {
  term: 9
  index: 16
}
leaderCommit: 16
commitInfos {
  server {
    id: "s0"
    address: "localhost:15252"
    dataStreamAddress: "localhost:15255"
    clientAddress: "localhost:15254"
    adminAddress: "localhost:15253"
    startupRole: FOLLOWER
  }
  commitIndex: 16
}
commitInfos {
  server {
    id: "s1"
    address: "localhost:15256"
    dataStreamAddress: "localhost:15259"
    clientAddress: "localhost:15258"
    adminAddress: "localhost:15257"
    startupRole: FOLLOWER
  }
  commitIndex: 16
}
commitInfos {
  server {
    id: "s2"
    address: "localhost:15260"
    dataStreamAddress: "localhost:15263"
    clientAddress: "localhost:15262"
    adminAddress: "localhost:15261"
    startupRole: FOLLOWER
  }
  commitIndex: 16
}
)
2024-10-20 10:46:32,048 [main] WARN  util.ReferenceCountedLeakDetector (ReferenceCountedLeakDetector.java:logLeakMessage(167)) - LEAK: (class org.apache.ratis.proto.RaftProtos$AppendEntriesRequestProto, count=3, value=serverRequest {
  requestorId: "s1"
  replyId: "s2"
  raftGroupId {
    id: "\375\210\024\357\262\375HY\244\207Ci\024Gb\025"
  }
  callId: 1
}
leaderTerm: 11
previousLog {
  term: 10
  index: 18
}
entries {
  term: 11
  index: 19
  configurationEntry {
    peers {
      id: "s0"
      address: "localhost:15252"
      dataStreamAddress: "localhost:15255"
      clientAddress: "localhost:15254"
      adminAddress: "localhost:15253"
      startupRole: FOLLOWER
    }
    peers {
      id: "s1"
      address: "localhost:15256"
      dataStreamAddress: "localhost:15259"
      clientAddress: "localhost:15258"
      adminAddress: "localhost:15257"
      startupRole: FOLLOWER
    }
    peers {
      id: "s2"
      address: "localhost:15260"
      dataStreamAddress: "localhost:15263"
      clientAddress: "localhost:15262"
      adminAddress: "localhost:15261"
      startupRole: FOLLOWER
    }
  }
}
leaderCommit: 17
commitInfos {
  server {
    id: "s1"
    address: "localhost:15256"
    dataStreamAddress: "localhost:15259"
    clientAddress: "localhost:15258"
    adminAddress: "localhost:15257"
    startupRole: FOLLOWER
  }
  commitIndex: 17
}
commitInfos {
  server {
    id: "s0"
    address: "localhost:15252"
    dataStreamAddress: "localhost:15255"
    clientAddress: "localhost:15254"
    adminAddress: "localhost:15253"
    startupRole: FOLLOWER
  }
  commitIndex: 17
}
commitInfos {
  server {
    id: "s2"
    address: "localhost:15260"
    dataStreamAddress: "localhost:15263"
    clientAddress: "localhost:15262"
    adminAddress: "localhost:15261"
    startupRole: FOLLOWER
  }
  commitIndex: 16
}
)
2024-10-20 10:46:32,048 [main] WARN  util.ReferenceCountedLeakDetector (ReferenceCountedLeakDetector.java:logLeakMessage(167)) - LEAK: (class org.apache.ratis.proto.RaftProtos$AppendEntriesRequestProto, count=3, value=serverRequest {
  requestorId: "s0"
  replyId: "s2"
  raftGroupId {
    id: "\375\210\024\357\262\375HY\244\207Ci\024Gb\025"
  }
  callId: 1
}
leaderTerm: 10
previousLog {
  term: 9
  index: 16
}
entries {
  term: 10
  index: 17
  configurationEntry {
    peers {
      id: "s0"
      address: "localhost:15252"
      dataStreamAddress: "localhost:15255"
      clientAddress: "localhost:15254"
      adminAddress: "localhost:15253"
      startupRole: FOLLOWER
    }
    peers {
      id: "s1"
      address: "localhost:15256"
      dataStreamAddress: "localhost:15259"
      clientAddress: "localhost:15258"
      adminAddress: "localhost:15257"
      startupRole: FOLLOWER
    }
    peers {
      id: "s2"
      address: "localhost:15260"
      dataStreamAddress: "localhost:15263"
      clientAddress: "localhost:15262"
      adminAddress: "localhost:15261"
      startupRole: FOLLOWER
    }
  }
}
leaderCommit: 16
commitInfos {
  server {
    id: "s0"
    address: "localhost:15252"
    dataStreamAddress: "localhost:15255"
    clientAddress: "localhost:15254"
    adminAddress: "localhost:15253"
    startupRole: FOLLOWER
  }
  commitIndex: 16
}
commitInfos {
  server {
    id: "s1"
    address: "localhost:15256"
    dataStreamAddress: "localhost:15259"
    clientAddress: "localhost:15258"
    adminAddress: "localhost:15257"
    startupRole: FOLLOWER
  }
  commitIndex: 16
}
commitInfos {
  server {
    id: "s2"
    address: "localhost:15260"
    dataStreamAddress: "localhost:15263"
    clientAddress: "localhost:15262"
    adminAddress: "localhost:15261"
    startupRole: FOLLOWER
  }
  commitIndex: 16
}
)
2024-10-20 10:46:32,049 [main] WARN  util.ReferenceCountedLeakDetector (ReferenceCountedLeakDetector.java:logLeakMessage(167)) - LEAK: (class org.apache.ratis.proto.RaftProtos$AppendEntriesRequestProto, count=2, value=serverRequest {
  requestorId: "s1"
  replyId: "s2"
  raftGroupId {
    id: "\375\210\024\357\262\375HY\244\207Ci\024Gb\025"
  }
  callId: 8
}
leaderTerm: 9
previousLog {
  term: 9
  index: 16
}
leaderCommit: 16
commitInfos {
  server {
    id: "s1"
    address: "localhost:15256"
    dataStreamAddress: "localhost:15259"
    clientAddress: "localhost:15258"
    adminAddress: "localhost:15257"
    startupRole: FOLLOWER
  }
  commitIndex: 16
}
commitInfos {
  server {
    id: "s0"
    address: "localhost:15252"
    dataStreamAddress: "localhost:15255"
    clientAddress: "localhost:15254"
    adminAddress: "localhost:15253"
    startupRole: FOLLOWER
  }
  commitIndex: 16
}
commitInfos {
  server {
    id: "s2"
    address: "localhost:15260"
    dataStreamAddress: "localhost:15263"
    clientAddress: "localhost:15262"
    adminAddress: "localhost:15261"
    startupRole: FOLLOWER
  }
  commitIndex: 16
}
)
2024-10-20 10:46:32,049 [main] WARN  util.ReferenceCountedLeakDetector (ReferenceCountedLeakDetector.java:logLeakMessage(167)) - LEAK: (class org.apache.ratis.proto.RaftProtos$AppendEntriesRequestProto, count=2, value=serverRequest {
  requestorId: "s1"
  replyId: "s2"
  raftGroupId {
    id: "\375\210\024\357\262\375HY\244\207Ci\024Gb\025"
  }
}
leaderTerm: 11
previousLog {
  term: 10
  index: 18
}
leaderCommit: 17
commitInfos {
  server {
    id: "s1"
    address: "localhost:15256"
    dataStreamAddress: "localhost:15259"
    clientAddress: "localhost:15258"
    adminAddress: "localhost:15257"
    startupRole: FOLLOWER
  }
  commitIndex: 17
}
commitInfos {
  server {
    id: "s0"
    address: "localhost:15252"
    dataStreamAddress: "localhost:15255"
    clientAddress: "localhost:15254"
    adminAddress: "localhost:15253"
    startupRole: FOLLOWER
  }
  commitIndex: 17
}
commitInfos {
  server {
    id: "s2"
    address: "localhost:15260"
    dataStreamAddress: "localhost:15263"
    clientAddress: "localhost:15262"
    adminAddress: "localhost:15261"
    startupRole: FOLLOWER
  }
  commitIndex: 16
}
)
2024-10-20 10:46:32,049 [main] WARN  util.LeakDetector (LeakDetector.java:assertNoLeaks(171)) - 0/30) numLeaks == 5 > 0, will wait and retry ...
2024-10-20 10:46:33,049 [main] WARN  util.ReferenceCountedLeakDetector (ReferenceCountedLeakDetector.java:logLeakMessage(167)) - LEAK: (class org.apache.ratis.proto.RaftProtos$AppendEntriesRequestProto, count=2, value=serverRequest {
  requestorId: "s0"
  replyId: "s2"
  raftGroupId {
    id: "\375\210\024\357\262\375HY\244\207Ci\024Gb\025"
  }
}
leaderTerm: 10
previousLog {
  term: 9
  index: 16
}
leaderCommit: 16
commitInfos {
  server {
    id: "s0"
    address: "localhost:15252"
    dataStreamAddress: "localhost:15255"
    clientAddress: "localhost:15254"
    adminAddress: "localhost:15253"
    startupRole: FOLLOWER
  }
  commitIndex: 16
}
commitInfos {
  server {
    id: "s1"
    address: "localhost:15256"
    dataStreamAddress: "localhost:15259"
    clientAddress: "localhost:15258"
    adminAddress: "localhost:15257"
    startupRole: FOLLOWER
  }
  commitIndex: 16
}
commitInfos {
  server {
    id: "s2"
    address: "localhost:15260"
    dataStreamAddress: "localhost:15263"
    clientAddress: "localhost:15262"
    adminAddress: "localhost:15261"
    startupRole: FOLLOWER
  }
  commitIndex: 16
}
)
2024-10-20 10:46:33,049 [main] WARN  util.ReferenceCountedLeakDetector (ReferenceCountedLeakDetector.java:logLeakMessage(167)) - LEAK: (class org.apache.ratis.proto.RaftProtos$AppendEntriesRequestProto, count=3, value=serverRequest {
  requestorId: "s1"
  replyId: "s2"
  raftGroupId {
    id: "\375\210\024\357\262\375HY\244\207Ci\024Gb\025"
  }
  callId: 1
}
leaderTerm: 11
previousLog {
  term: 10
  index: 18
}
entries {
  term: 11
  index: 19
  configurationEntry {
    peers {
      id: "s0"
      address: "localhost:15252"
      dataStreamAddress: "localhost:15255"
      clientAddress: "localhost:15254"
      adminAddress: "localhost:15253"
      startupRole: FOLLOWER
    }
    peers {
      id: "s1"
      address: "localhost:15256"
      dataStreamAddress: "localhost:15259"
      clientAddress: "localhost:15258"
      adminAddress: "localhost:15257"
      startupRole: FOLLOWER
    }
    peers {
      id: "s2"
      address: "localhost:15260"
      dataStreamAddress: "localhost:15263"
      clientAddress: "localhost:15262"
      adminAddress: "localhost:15261"
      startupRole: FOLLOWER
    }
  }
}
leaderCommit: 17
commitInfos {
  server {
    id: "s1"
    address: "localhost:15256"
    dataStreamAddress: "localhost:15259"
    clientAddress: "localhost:15258"
    adminAddress: "localhost:15257"
    startupRole: FOLLOWER
  }
  commitIndex: 17
}
commitInfos {
  server {
    id: "s0"
    address: "localhost:15252"
    dataStreamAddress: "localhost:15255"
    clientAddress: "localhost:15254"
    adminAddress: "localhost:15253"
    startupRole: FOLLOWER
  }
  commitIndex: 17
}
commitInfos {
  server {
    id: "s2"
    address: "localhost:15260"
    dataStreamAddress: "localhost:15263"
    clientAddress: "localhost:15262"
    adminAddress: "localhost:15261"
    startupRole: FOLLOWER
  }
  commitIndex: 16
}
)
2024-10-20 10:46:33,049 [main] WARN  util.ReferenceCountedLeakDetector (ReferenceCountedLeakDetector.java:logLeakMessage(167)) - LEAK: (class org.apache.ratis.proto.RaftProtos$AppendEntriesRequestProto, count=3, value=serverRequest {
  requestorId: "s0"
  replyId: "s2"
  raftGroupId {
    id: "\375\210\024\357\262\375HY\244\207Ci\024Gb\025"
  }
  callId: 1
}
leaderTerm: 10
previousLog {
  term: 9
  index: 16
}
entries {
  term: 10
  index: 17
  configurationEntry {
    peers {
      id: "s0"
      address: "localhost:15252"
      dataStreamAddress: "localhost:15255"
      clientAddress: "localhost:15254"
      adminAddress: "localhost:15253"
      startupRole: FOLLOWER
    }
    peers {
      id: "s1"
      address: "localhost:15256"
      dataStreamAddress: "localhost:15259"
      clientAddress: "localhost:15258"
      adminAddress: "localhost:15257"
      startupRole: FOLLOWER
    }
    peers {
      id: "s2"
      address: "localhost:15260"
      dataStreamAddress: "localhost:15263"
      clientAddress: "localhost:15262"
      adminAddress: "localhost:15261"
      startupRole: FOLLOWER
    }
  }
}
leaderCommit: 16
commitInfos {
  server {
    id: "s0"
    address: "localhost:15252"
    dataStreamAddress: "localhost:15255"
    clientAddress: "localhost:15254"
    adminAddress: "localhost:15253"
    startupRole: FOLLOWER
  }
  commitIndex: 16
}
commitInfos {
  server {
    id: "s1"
    address: "localhost:15256"
    dataStreamAddress: "localhost:15259"
    clientAddress: "localhost:15258"
    adminAddress: "localhost:15257"
    startupRole: FOLLOWER
  }
  commitIndex: 16
}
commitInfos {
  server {
    id: "s2"
    address: "localhost:15260"
    dataStreamAddress: "localhost:15263"
    clientAddress: "localhost:15262"
    adminAddress: "localhost:15261"
    startupRole: FOLLOWER
  }
  commitIndex: 16
}
)
2024-10-20 10:46:33,050 [main] WARN  util.ReferenceCountedLeakDetector (ReferenceCountedLeakDetector.java:logLeakMessage(167)) - LEAK: (class org.apache.ratis.proto.RaftProtos$AppendEntriesRequestProto, count=2, value=serverRequest {
  requestorId: "s1"
  replyId: "s2"
  raftGroupId {
    id: "\375\210\024\357\262\375HY\244\207Ci\024Gb\025"
  }
  callId: 8
}
leaderTerm: 9
previousLog {
  term: 9
  index: 16
}
leaderCommit: 16
commitInfos {
  server {
    id: "s1"
    address: "localhost:15256"
    dataStreamAddress: "localhost:15259"
    clientAddress: "localhost:15258"
    adminAddress: "localhost:15257"
    startupRole: FOLLOWER
  }
  commitIndex: 16
}
commitInfos {
  server {
    id: "s0"
    address: "localhost:15252"
    dataStreamAddress: "localhost:15255"
    clientAddress: "localhost:15254"
    adminAddress: "localhost:15253"
    startupRole: FOLLOWER
  }
  commitIndex: 16
}
commitInfos {
  server {
    id: "s2"
    address: "localhost:15260"
    dataStreamAddress: "localhost:15263"
    clientAddress: "localhost:15262"
    adminAddress: "localhost:15261"
    startupRole: FOLLOWER
  }
  commitIndex: 16
}
)
2024-10-20 10:46:33,050 [main] WARN  util.ReferenceCountedLeakDetector (ReferenceCountedLeakDetector.java:logLeakMessage(167)) - LEAK: (class org.apache.ratis.proto.RaftProtos$AppendEntriesRequestProto, count=2, value=serverRequest {
  requestorId: "s1"
  replyId: "s2"
  raftGroupId {
    id: "\375\210\024\357\262\375HY\244\207Ci\024Gb\025"
  }
}
leaderTerm: 11
previousLog {
  term: 10
  index: 18
}
leaderCommit: 17
commitInfos {
  server {
    id: "s1"
    address: "localhost:15256"
    dataStreamAddress: "localhost:15259"
    clientAddress: "localhost:15258"
    adminAddress: "localhost:15257"
    startupRole: FOLLOWER
  }
  commitIndex: 17
}
commitInfos {
  server {
    id: "s0"
    address: "localhost:15252"
    dataStreamAddress: "localhost:15255"
    clientAddress: "localhost:15254"
    adminAddress: "localhost:15253"
    startupRole: FOLLOWER
  }
  commitIndex: 17
}
commitInfos {
  server {
    id: "s2"
    address: "localhost:15260"
    dataStreamAddress: "localhost:15263"
    clientAddress: "localhost:15262"
    adminAddress: "localhost:15261"
    startupRole: FOLLOWER
  }
  commitIndex: 16
}
)
2024-10-20 10:46:33,050 [main] WARN  util.LeakDetector (LeakDetector.java:assertNoLeaks(171)) - 1/30) numLeaks == 5 > 0, will wait and retry ...
2024-10-20 10:46:34,050 [main] WARN  util.ReferenceCountedLeakDetector (ReferenceCountedLeakDetector.java:logLeakMessage(167)) - LEAK: (class org.apache.ratis.proto.RaftProtos$AppendEntriesRequestProto, count=2, value=serverRequest {
  requestorId: "s0"
  replyId: "s2"
  raftGroupId {
    id: "\375\210\024\357\262\375HY\244\207Ci\024Gb\025"
  }
}
leaderTerm: 10
previousLog {
  term: 9
  index: 16
}
leaderCommit: 16
commitInfos {
  server {
    id: "s0"
    address: "localhost:15252"
    dataStreamAddress: "localhost:15255"
    clientAddress: "localhost:15254"
    adminAddress: "localhost:15253"
    startupRole: FOLLOWER
  }
  commitIndex: 16
}
commitInfos {
  server {
    id: "s1"
    address: "localhost:15256"
    dataStreamAddress: "localhost:15259"
    clientAddress: "localhost:15258"
    adminAddress: "localhost:15257"
    startupRole: FOLLOWER
  }
  commitIndex: 16
}
commitInfos {
  server {
    id: "s2"
    address: "localhost:15260"
    dataStreamAddress: "localhost:15263"
    clientAddress: "localhost:15262"
    adminAddress: "localhost:15261"
    startupRole: FOLLOWER
  }
  commitIndex: 16
}
)
2024-10-20 10:46:34,050 [main] WARN  util.ReferenceCountedLeakDetector (ReferenceCountedLeakDetector.java:logLeakMessage(167)) - LEAK: (class org.apache.ratis.proto.RaftProtos$AppendEntriesRequestProto, count=3, value=serverRequest {
  requestorId: "s1"
  replyId: "s2"
  raftGroupId {
    id: "\375\210\024\357\262\375HY\244\207Ci\024Gb\025"
  }
  callId: 1
}
leaderTerm: 11
previousLog {
  term: 10
  index: 18
}
entries {
  term: 11
  index: 19
  configurationEntry {
    peers {
      id: "s0"
      address: "localhost:15252"
      dataStreamAddress: "localhost:15255"
      clientAddress: "localhost:15254"
      adminAddress: "localhost:15253"
      startupRole: FOLLOWER
    }
    peers {
      id: "s1"
      address: "localhost:15256"
      dataStreamAddress: "localhost:15259"
      clientAddress: "localhost:15258"
      adminAddress: "localhost:15257"
      startupRole: FOLLOWER
    }
    peers {
      id: "s2"
      address: "localhost:15260"
      dataStreamAddress: "localhost:15263"
      clientAddress: "localhost:15262"
      adminAddress: "localhost:15261"
      startupRole: FOLLOWER
    }
  }
}
leaderCommit: 17
commitInfos {
  server {
    id: "s1"
    address: "localhost:15256"
    dataStreamAddress: "localhost:15259"
    clientAddress: "localhost:15258"
    adminAddress: "localhost:15257"
    startupRole: FOLLOWER
  }
  commitIndex: 17
}
commitInfos {
  server {
    id: "s0"
    address: "localhost:15252"
    dataStreamAddress: "localhost:15255"
    clientAddress: "localhost:15254"
    adminAddress: "localhost:15253"
    startupRole: FOLLOWER
  }
  commitIndex: 17
}
commitInfos {
  server {
    id: "s2"
    address: "localhost:15260"
    dataStreamAddress: "localhost:15263"
    clientAddress: "localhost:15262"
    adminAddress: "localhost:15261"
    startupRole: FOLLOWER
  }
  commitIndex: 16
}
)
2024-10-20 10:46:34,050 [main] WARN  util.ReferenceCountedLeakDetector (ReferenceCountedLeakDetector.java:logLeakMessage(167)) - LEAK: (class org.apache.ratis.proto.RaftProtos$AppendEntriesRequestProto, count=3, value=serverRequest {
  requestorId: "s0"
  replyId: "s2"
  raftGroupId {
    id: "\375\210\024\357\262\375HY\244\207Ci\024Gb\025"
  }
  callId: 1
}
leaderTerm: 10
previousLog {
  term: 9
  index: 16
}
entries {
  term: 10
  index: 17
  configurationEntry {
    peers {
      id: "s0"
      address: "localhost:15252"
      dataStreamAddress: "localhost:15255"
      clientAddress: "localhost:15254"
      adminAddress: "localhost:15253"
      startupRole: FOLLOWER
    }
    peers {
      id: "s1"
      address: "localhost:15256"
      dataStreamAddress: "localhost:15259"
      clientAddress: "localhost:15258"
      adminAddress: "localhost:15257"
      startupRole: FOLLOWER
    }
    peers {
      id: "s2"
      address: "localhost:15260"
      dataStreamAddress: "localhost:15263"
      clientAddress: "localhost:15262"
      adminAddress: "localhost:15261"
      startupRole: FOLLOWER
    }
  }
}
leaderCommit: 16
commitInfos {
  server {
    id: "s0"
    address: "localhost:15252"
    dataStreamAddress: "localhost:15255"
    clientAddress: "localhost:15254"
    adminAddress: "localhost:15253"
    startupRole: FOLLOWER
  }
  commitIndex: 16
}
commitInfos {
  server {
    id: "s1"
    address: "localhost:15256"
    dataStreamAddress: "localhost:15259"
    clientAddress: "localhost:15258"
    adminAddress: "localhost:15257"
    startupRole: FOLLOWER
  }
  commitIndex: 16
}
commitInfos {
  server {
    id: "s2"
    address: "localhost:15260"
    dataStreamAddress: "localhost:15263"
    clientAddress: "localhost:15262"
    adminAddress: "localhost:15261"
    startupRole: FOLLOWER
  }
  commitIndex: 16
}
)
2024-10-20 10:46:34,051 [main] WARN  util.ReferenceCountedLeakDetector (ReferenceCountedLeakDetector.java:logLeakMessage(167)) - LEAK: (class org.apache.ratis.proto.RaftProtos$AppendEntriesRequestProto, count=2, value=serverRequest {
  requestorId: "s1"
  replyId: "s2"
  raftGroupId {
    id: "\375\210\024\357\262\375HY\244\207Ci\024Gb\025"
  }
  callId: 8
}
leaderTerm: 9
previousLog {
  term: 9
  index: 16
}
leaderCommit: 16
commitInfos {
  server {
    id: "s1"
    address: "localhost:15256"
    dataStreamAddress: "localhost:15259"
    clientAddress: "localhost:15258"
    adminAddress: "localhost:15257"
    startupRole: FOLLOWER
  }
  commitIndex: 16
}
commitInfos {
  server {
    id: "s0"
    address: "localhost:15252"
    dataStreamAddress: "localhost:15255"
    clientAddress: "localhost:15254"
    adminAddress: "localhost:15253"
    startupRole: FOLLOWER
  }
  commitIndex: 16
}
commitInfos {
  server {
    id: "s2"
    address: "localhost:15260"
    dataStreamAddress: "localhost:15263"
    clientAddress: "localhost:15262"
    adminAddress: "localhost:15261"
    startupRole: FOLLOWER
  }
  commitIndex: 16
}
)
2024-10-20 10:46:34,051 [main] WARN  util.ReferenceCountedLeakDetector (ReferenceCountedLeakDetector.java:logLeakMessage(167)) - LEAK: (class org.apache.ratis.proto.RaftProtos$AppendEntriesRequestProto, count=2, value=serverRequest {
  requestorId: "s1"
  replyId: "s2"
  raftGroupId {
    id: "\375\210\024\357\262\375HY\244\207Ci\024Gb\025"
  }
}
leaderTerm: 11
previousLog {
  term: 10
  index: 18
}
leaderCommit: 17
commitInfos {
  server {
    id: "s1"
    address: "localhost:15256"
    dataStreamAddress: "localhost:15259"
    clientAddress: "localhost:15258"
    adminAddress: "localhost:15257"
    startupRole: FOLLOWER
  }
  commitIndex: 17
}
commitInfos {
  server {
    id: "s0"
    address: "localhost:15252"
    dataStreamAddress: "localhost:15255"
    clientAddress: "localhost:15254"
    adminAddress: "localhost:15253"
    startupRole: FOLLOWER
  }
  commitIndex: 17
}
commitInfos {
  server {
    id: "s2"
    address: "localhost:15260"
    dataStreamAddress: "localhost:15263"
    clientAddress: "localhost:15262"
    adminAddress: "localhost:15261"
    startupRole: FOLLOWER
  }
  commitIndex: 16
}
)
2024-10-20 10:46:34,051 [main] WARN  util.LeakDetector (LeakDetector.java:assertNoLeaks(171)) - 2/30) numLeaks == 5 > 0, will wait and retry ...
2024-10-20 10:46:35,051 [main] WARN  util.ReferenceCountedLeakDetector (ReferenceCountedLeakDetector.java:logLeakMessage(167)) - LEAK: (class org.apache.ratis.proto.RaftProtos$AppendEntriesRequestProto, count=2, value=serverRequest {
  requestorId: "s0"
  replyId: "s2"
  raftGroupId {
    id: "\375\210\024\357\262\375HY\244\207Ci\024Gb\025"
  }
}
leaderTerm: 10
previousLog {
  term: 9
  index: 16
}
leaderCommit: 16
commitInfos {
  server {
    id: "s0"
    address: "localhost:15252"
    dataStreamAddress: "localhost:15255"
    clientAddress: "localhost:15254"
    adminAddress: "localhost:15253"
    startupRole: FOLLOWER
  }
  commitIndex: 16
}
commitInfos {
  server {
    id: "s1"
    address: "localhost:15256"
    dataStreamAddress: "localhost:15259"
    clientAddress: "localhost:15258"
    adminAddress: "localhost:15257"
    startupRole: FOLLOWER
  }
  commitIndex: 16
}
commitInfos {
  server {
    id: "s2"
    address: "localhost:15260"
    dataStreamAddress: "localhost:15263"
    clientAddress: "localhost:15262"
    adminAddress: "localhost:15261"
    startupRole: FOLLOWER
  }
  commitIndex: 16
}
)
2024-10-20 10:46:35,051 [main] WARN  util.ReferenceCountedLeakDetector (ReferenceCountedLeakDetector.java:logLeakMessage(167)) - LEAK: (class org.apache.ratis.proto.RaftProtos$AppendEntriesRequestProto, count=3, value=serverRequest {
  requestorId: "s1"
  replyId: "s2"
  raftGroupId {
    id: "\375\210\024\357\262\375HY\244\207Ci\024Gb\025"
  }
  callId: 1
}
leaderTerm: 11
previousLog {
  term: 10
  index: 18
}
entries {
  term: 11
  index: 19
  configurationEntry {
    peers {
      id: "s0"
      address: "localhost:15252"
      dataStreamAddress: "localhost:15255"
      clientAddress: "localhost:15254"
      adminAddress: "localhost:15253"
      startupRole: FOLLOWER
    }
    peers {
      id: "s1"
      address: "localhost:15256"
      dataStreamAddress: "localhost:15259"
      clientAddress: "localhost:15258"
      adminAddress: "localhost:15257"
      startupRole: FOLLOWER
    }
    peers {
      id: "s2"
      address: "localhost:15260"
      dataStreamAddress: "localhost:15263"
      clientAddress: "localhost:15262"
      adminAddress: "localhost:15261"
      startupRole: FOLLOWER
    }
  }
}
leaderCommit: 17
commitInfos {
  server {
    id: "s1"
    address: "localhost:15256"
    dataStreamAddress: "localhost:15259"
    clientAddress: "localhost:15258"
    adminAddress: "localhost:15257"
    startupRole: FOLLOWER
  }
  commitIndex: 17
}
commitInfos {
  server {
    id: "s0"
    address: "localhost:15252"
    dataStreamAddress: "localhost:15255"
    clientAddress: "localhost:15254"
    adminAddress: "localhost:15253"
    startupRole: FOLLOWER
  }
  commitIndex: 17
}
commitInfos {
  server {
    id: "s2"
    address: "localhost:15260"
    dataStreamAddress: "localhost:15263"
    clientAddress: "localhost:15262"
    adminAddress: "localhost:15261"
    startupRole: FOLLOWER
  }
  commitIndex: 16
}
)
2024-10-20 10:46:35,051 [main] WARN  util.ReferenceCountedLeakDetector (ReferenceCountedLeakDetector.java:logLeakMessage(167)) - LEAK: (class org.apache.ratis.proto.RaftProtos$AppendEntriesRequestProto, count=3, value=serverRequest {
  requestorId: "s0"
  replyId: "s2"
  raftGroupId {
    id: "\375\210\024\357\262\375HY\244\207Ci\024Gb\025"
  }
  callId: 1
}
leaderTerm: 10
previousLog {
  term: 9
  index: 16
}
entries {
  term: 10
  index: 17
  configurationEntry {
    peers {
      id: "s0"
      address: "localhost:15252"
      dataStreamAddress: "localhost:15255"
      clientAddress: "localhost:15254"
      adminAddress: "localhost:15253"
      startupRole: FOLLOWER
    }
    peers {
      id: "s1"
      address: "localhost:15256"
      dataStreamAddress: "localhost:15259"
      clientAddress: "localhost:15258"
      adminAddress: "localhost:15257"
      startupRole: FOLLOWER
    }
    peers {
      id: "s2"
      address: "localhost:15260"
      dataStreamAddress: "localhost:15263"
      clientAddress: "localhost:15262"
      adminAddress: "localhost:15261"
      startupRole: FOLLOWER
    }
  }
}
leaderCommit: 16
commitInfos {
  server {
    id: "s0"
    address: "localhost:15252"
    dataStreamAddress: "localhost:15255"
    clientAddress: "localhost:15254"
    adminAddress: "localhost:15253"
    startupRole: FOLLOWER
  }
  commitIndex: 16
}
commitInfos {
  server {
    id: "s1"
    address: "localhost:15256"
    dataStreamAddress: "localhost:15259"
    clientAddress: "localhost:15258"
    adminAddress: "localhost:15257"
    startupRole: FOLLOWER
  }
  commitIndex: 16
}
commitInfos {
  server {
    id: "s2"
    address: "localhost:15260"
    dataStreamAddress: "localhost:15263"
    clientAddress: "localhost:15262"
    adminAddress: "localhost:15261"
    startupRole: FOLLOWER
  }
  commitIndex: 16
}
)
2024-10-20 10:46:35,052 [main] WARN  util.ReferenceCountedLeakDetector (ReferenceCountedLeakDetector.java:logLeakMessage(167)) - LEAK: (class org.apache.ratis.proto.RaftProtos$AppendEntriesRequestProto, count=2, value=serverRequest {
  requestorId: "s1"
  replyId: "s2"
  raftGroupId {
    id: "\375\210\024\357\262\375HY\244\207Ci\024Gb\025"
  }
  callId: 8
}
leaderTerm: 9
previousLog {
  term: 9
  index: 16
}
leaderCommit: 16
commitInfos {
  server {
    id: "s1"
    address: "localhost:15256"
    dataStreamAddress: "localhost:15259"
    clientAddress: "localhost:15258"
    adminAddress: "localhost:15257"
    startupRole: FOLLOWER
  }
  commitIndex: 16
}
commitInfos {
  server {
    id: "s0"
    address: "localhost:15252"
    dataStreamAddress: "localhost:15255"
    clientAddress: "localhost:15254"
    adminAddress: "localhost:15253"
    startupRole: FOLLOWER
  }
  commitIndex: 16
}
commitInfos {
  server {
    id: "s2"
    address: "localhost:15260"
    dataStreamAddress: "localhost:15263"
    clientAddress: "localhost:15262"
    adminAddress: "localhost:15261"
    startupRole: FOLLOWER
  }
  commitIndex: 16
}
)
2024-10-20 10:46:35,052 [main] WARN  util.ReferenceCountedLeakDetector (ReferenceCountedLeakDetector.java:logLeakMessage(167)) - LEAK: (class org.apache.ratis.proto.RaftProtos$AppendEntriesRequestProto, count=2, value=serverRequest {
  requestorId: "s1"
  replyId: "s2"
  raftGroupId {
    id: "\375\210\024\357\262\375HY\244\207Ci\024Gb\025"
  }
}
leaderTerm: 11
previousLog {
  term: 10
  index: 18
}
leaderCommit: 17
commitInfos {
  server {
    id: "s1"
    address: "localhost:15256"
    dataStreamAddress: "localhost:15259"
    clientAddress: "localhost:15258"
    adminAddress: "localhost:15257"
    startupRole: FOLLOWER
  }
  commitIndex: 17
}
commitInfos {
  server {
    id: "s0"
    address: "localhost:15252"
    dataStreamAddress: "localhost:15255"
    clientAddress: "localhost:15254"
    adminAddress: "localhost:15253"
    startupRole: FOLLOWER
  }
  commitIndex: 17
}
commitInfos {
  server {
    id: "s2"
    address: "localhost:15260"
    dataStreamAddress: "localhost:15263"
    clientAddress: "localhost:15262"
    adminAddress: "localhost:15261"
    startupRole: FOLLOWER
  }
  commitIndex: 16
}
)
2024-10-20 10:46:35,052 [main] WARN  util.LeakDetector (LeakDetector.java:assertNoLeaks(171)) - 3/30) numLeaks == 5 > 0, will wait and retry ...
2024-10-20 10:46:36,052 [main] WARN  util.ReferenceCountedLeakDetector (ReferenceCountedLeakDetector.java:logLeakMessage(167)) - LEAK: (class org.apache.ratis.proto.RaftProtos$AppendEntriesRequestProto, count=2, value=serverRequest {
  requestorId: "s0"
  replyId: "s2"
  raftGroupId {
    id: "\375\210\024\357\262\375HY\244\207Ci\024Gb\025"
  }
}
leaderTerm: 10
previousLog {
  term: 9
  index: 16
}
leaderCommit: 16
commitInfos {
  server {
    id: "s0"
    address: "localhost:15252"
    dataStreamAddress: "localhost:15255"
    clientAddress: "localhost:15254"
    adminAddress: "localhost:15253"
    startupRole: FOLLOWER
  }
  commitIndex: 16
}
commitInfos {
  server {
    id: "s1"
    address: "localhost:15256"
    dataStreamAddress: "localhost:15259"
    clientAddress: "localhost:15258"
    adminAddress: "localhost:15257"
    startupRole: FOLLOWER
  }
  commitIndex: 16
}
commitInfos {
  server {
    id: "s2"
    address: "localhost:15260"
    dataStreamAddress: "localhost:15263"
    clientAddress: "localhost:15262"
    adminAddress: "localhost:15261"
    startupRole: FOLLOWER
  }
  commitIndex: 16
}
)
2024-10-20 10:46:36,052 [main] WARN  util.ReferenceCountedLeakDetector (ReferenceCountedLeakDetector.java:logLeakMessage(167)) - LEAK: (class org.apache.ratis.proto.RaftProtos$AppendEntriesRequestProto, count=3, value=serverRequest {
  requestorId: "s1"
  replyId: "s2"
  raftGroupId {
    id: "\375\210\024\357\262\375HY\244\207Ci\024Gb\025"
  }
  callId: 1
}
leaderTerm: 11
previousLog {
  term: 10
  index: 18
}
entries {
  term: 11
  index: 19
  configurationEntry {
    peers {
      id: "s0"
      address: "localhost:15252"
      dataStreamAddress: "localhost:15255"
      clientAddress: "localhost:15254"
      adminAddress: "localhost:15253"
      startupRole: FOLLOWER
    }
    peers {
      id: "s1"
      address: "localhost:15256"
      dataStreamAddress: "localhost:15259"
      clientAddress: "localhost:15258"
      adminAddress: "localhost:15257"
      startupRole: FOLLOWER
    }
    peers {
      id: "s2"
      address: "localhost:15260"
      dataStreamAddress: "localhost:15263"
      clientAddress: "localhost:15262"
      adminAddress: "localhost:15261"
      startupRole: FOLLOWER
    }
  }
}
leaderCommit: 17
commitInfos {
  server {
    id: "s1"
    address: "localhost:15256"
    dataStreamAddress: "localhost:15259"
    clientAddress: "localhost:15258"
    adminAddress: "localhost:15257"
    startupRole: FOLLOWER
  }
  commitIndex: 17
}
commitInfos {
  server {
    id: "s0"
    address: "localhost:15252"
    dataStreamAddress: "localhost:15255"
    clientAddress: "localhost:15254"
    adminAddress: "localhost:15253"
    startupRole: FOLLOWER
  }
  commitIndex: 17
}
commitInfos {
  server {
    id: "s2"
    address: "localhost:15260"
    dataStreamAddress: "localhost:15263"
    clientAddress: "localhost:15262"
    adminAddress: "localhost:15261"
    startupRole: FOLLOWER
  }
  commitIndex: 16
}
)
2024-10-20 10:46:36,053 [main] WARN  util.ReferenceCountedLeakDetector (ReferenceCountedLeakDetector.java:logLeakMessage(167)) - LEAK: (class org.apache.ratis.proto.RaftProtos$AppendEntriesRequestProto, count=3, value=serverRequest {
  requestorId: "s0"
  replyId: "s2"
  raftGroupId {
    id: "\375\210\024\357\262\375HY\244\207Ci\024Gb\025"
  }
  callId: 1
}
leaderTerm: 10
previousLog {
  term: 9
  index: 16
}
entries {
  term: 10
  index: 17
  configurationEntry {
    peers {
      id: "s0"
      address: "localhost:15252"
      dataStreamAddress: "localhost:15255"
      clientAddress: "localhost:15254"
      adminAddress: "localhost:15253"
      startupRole: FOLLOWER
    }
    peers {
      id: "s1"
      address: "localhost:15256"
      dataStreamAddress: "localhost:15259"
      clientAddress: "localhost:15258"
      adminAddress: "localhost:15257"
      startupRole: FOLLOWER
    }
    peers {
      id: "s2"
      address: "localhost:15260"
      dataStreamAddress: "localhost:15263"
      clientAddress: "localhost:15262"
      adminAddress: "localhost:15261"
      startupRole: FOLLOWER
    }
  }
}
leaderCommit: 16
commitInfos {
  server {
    id: "s0"
    address: "localhost:15252"
    dataStreamAddress: "localhost:15255"
    clientAddress: "localhost:15254"
    adminAddress: "localhost:15253"
    startupRole: FOLLOWER
  }
  commitIndex: 16
}
commitInfos {
  server {
    id: "s1"
    address: "localhost:15256"
    dataStreamAddress: "localhost:15259"
    clientAddress: "localhost:15258"
    adminAddress: "localhost:15257"
    startupRole: FOLLOWER
  }
  commitIndex: 16
}
commitInfos {
  server {
    id: "s2"
    address: "localhost:15260"
    dataStreamAddress: "localhost:15263"
    clientAddress: "localhost:15262"
    adminAddress: "localhost:15261"
    startupRole: FOLLOWER
  }
  commitIndex: 16
}
)
2024-10-20 10:46:36,053 [main] WARN  util.ReferenceCountedLeakDetector (ReferenceCountedLeakDetector.java:logLeakMessage(167)) - LEAK: (class org.apache.ratis.proto.RaftProtos$AppendEntriesRequestProto, count=2, value=serverRequest {
  requestorId: "s1"
  replyId: "s2"
  raftGroupId {
    id: "\375\210\024\357\262\375HY\244\207Ci\024Gb\025"
  }
  callId: 8
}
leaderTerm: 9
previousLog {
  term: 9
  index: 16
}
leaderCommit: 16
commitInfos {
  server {
    id: "s1"
    address: "localhost:15256"
    dataStreamAddress: "localhost:15259"
    clientAddress: "localhost:15258"
    adminAddress: "localhost:15257"
    startupRole: FOLLOWER
  }
  commitIndex: 16
}
commitInfos {
  server {
    id: "s0"
    address: "localhost:15252"
    dataStreamAddress: "localhost:15255"
    clientAddress: "localhost:15254"
    adminAddress: "localhost:15253"
    startupRole: FOLLOWER
  }
  commitIndex: 16
}
commitInfos {
  server {
    id: "s2"
    address: "localhost:15260"
    dataStreamAddress: "localhost:15263"
    clientAddress: "localhost:15262"
    adminAddress: "localhost:15261"
    startupRole: FOLLOWER
  }
  commitIndex: 16
}
)
2024-10-20 10:46:36,053 [main] WARN  util.ReferenceCountedLeakDetector (ReferenceCountedLeakDetector.java:logLeakMessage(167)) - LEAK: (class org.apache.ratis.proto.RaftProtos$AppendEntriesRequestProto, count=2, value=serverRequest {
  requestorId: "s1"
  replyId: "s2"
  raftGroupId {
    id: "\375\210\024\357\262\375HY\244\207Ci\024Gb\025"
  }
}
leaderTerm: 11
previousLog {
  term: 10
  index: 18
}
leaderCommit: 17
commitInfos {
  server {
    id: "s1"
    address: "localhost:15256"
    dataStreamAddress: "localhost:15259"
    clientAddress: "localhost:15258"
    adminAddress: "localhost:15257"
    startupRole: FOLLOWER
  }
  commitIndex: 17
}
commitInfos {
  server {
    id: "s0"
    address: "localhost:15252"
    dataStreamAddress: "localhost:15255"
    clientAddress: "localhost:15254"
    adminAddress: "localhost:15253"
    startupRole: FOLLOWER
  }
  commitIndex: 17
}
commitInfos {
  server {
    id: "s2"
    address: "localhost:15260"
    dataStreamAddress: "localhost:15263"
    clientAddress: "localhost:15262"
    adminAddress: "localhost:15261"
    startupRole: FOLLOWER
  }
  commitIndex: 16
}
)
2024-10-20 10:46:36,053 [main] WARN  util.LeakDetector (LeakDetector.java:assertNoLeaks(171)) - 4/30) numLeaks == 5 > 0, will wait and retry ...
2024-10-20 10:46:37,054 [main] WARN  util.ReferenceCountedLeakDetector (ReferenceCountedLeakDetector.java:logLeakMessage(167)) - LEAK: (class org.apache.ratis.proto.RaftProtos$AppendEntriesRequestProto, count=2, value=serverRequest {
  requestorId: "s0"
  replyId: "s2"
  raftGroupId {
    id: "\375\210\024\357\262\375HY\244\207Ci\024Gb\025"
  }
}
leaderTerm: 10
previousLog {
  term: 9
  index: 16
}
leaderCommit: 16
commitInfos {
  server {
    id: "s0"
    address: "localhost:15252"
    dataStreamAddress: "localhost:15255"
    clientAddress: "localhost:15254"
    adminAddress: "localhost:15253"
    startupRole: FOLLOWER
  }
  commitIndex: 16
}
commitInfos {
  server {
    id: "s1"
    address: "localhost:15256"
    dataStreamAddress: "localhost:15259"
    clientAddress: "localhost:15258"
    adminAddress: "localhost:15257"
    startupRole: FOLLOWER
  }
  commitIndex: 16
}
commitInfos {
  server {
    id: "s2"
    address: "localhost:15260"
    dataStreamAddress: "localhost:15263"
    clientAddress: "localhost:15262"
    adminAddress: "localhost:15261"
    startupRole: FOLLOWER
  }
  commitIndex: 16
}
)
2024-10-20 10:46:37,054 [main] WARN  util.ReferenceCountedLeakDetector (ReferenceCountedLeakDetector.java:logLeakMessage(167)) - LEAK: (class org.apache.ratis.proto.RaftProtos$AppendEntriesRequestProto, count=3, value=serverRequest {
  requestorId: "s1"
  replyId: "s2"
  raftGroupId {
    id: "\375\210\024\357\262\375HY\244\207Ci\024Gb\025"
  }
  callId: 1
}
leaderTerm: 11
previousLog {
  term: 10
  index: 18
}
entries {
  term: 11
  index: 19
  configurationEntry {
    peers {
      id: "s0"
      address: "localhost:15252"
      dataStreamAddress: "localhost:15255"
      clientAddress: "localhost:15254"
      adminAddress: "localhost:15253"
      startupRole: FOLLOWER
    }
    peers {
      id: "s1"
      address: "localhost:15256"
      dataStreamAddress: "localhost:15259"
      clientAddress: "localhost:15258"
      adminAddress: "localhost:15257"
      startupRole: FOLLOWER
    }
    peers {
      id: "s2"
      address: "localhost:15260"
      dataStreamAddress: "localhost:15263"
      clientAddress: "localhost:15262"
      adminAddress: "localhost:15261"
      startupRole: FOLLOWER
    }
  }
}
leaderCommit: 17
commitInfos {
  server {
    id: "s1"
    address: "localhost:15256"
    dataStreamAddress: "localhost:15259"
    clientAddress: "localhost:15258"
    adminAddress: "localhost:15257"
    startupRole: FOLLOWER
  }
  commitIndex: 17
}
commitInfos {
  server {
    id: "s0"
    address: "localhost:15252"
    dataStreamAddress: "localhost:15255"
    clientAddress: "localhost:15254"
    adminAddress: "localhost:15253"
    startupRole: FOLLOWER
  }
  commitIndex: 17
}
commitInfos {
  server {
    id: "s2"
    address: "localhost:15260"
    dataStreamAddress: "localhost:15263"
    clientAddress: "localhost:15262"
    adminAddress: "localhost:15261"
    startupRole: FOLLOWER
  }
  commitIndex: 16
}
)
2024-10-20 10:46:37,054 [main] WARN  util.ReferenceCountedLeakDetector (ReferenceCountedLeakDetector.java:logLeakMessage(167)) - LEAK: (class org.apache.ratis.proto.RaftProtos$AppendEntriesRequestProto, count=3, value=serverRequest {
  requestorId: "s0"
  replyId: "s2"
  raftGroupId {
    id: "\375\210\024\357\262\375HY\244\207Ci\024Gb\025"
  }
  callId: 1
}
leaderTerm: 10
previousLog {
  term: 9
  index: 16
}
entries {
  term: 10
  index: 17
  configurationEntry {
    peers {
      id: "s0"
      address: "localhost:15252"
      dataStreamAddress: "localhost:15255"
      clientAddress: "localhost:15254"
      adminAddress: "localhost:15253"
      startupRole: FOLLOWER
    }
    peers {
      id: "s1"
      address: "localhost:15256"
      dataStreamAddress: "localhost:15259"
      clientAddress: "localhost:15258"
      adminAddress: "localhost:15257"
      startupRole: FOLLOWER
    }
    peers {
      id: "s2"
      address: "localhost:15260"
      dataStreamAddress: "localhost:15263"
      clientAddress: "localhost:15262"
      adminAddress: "localhost:15261"
      startupRole: FOLLOWER
    }
  }
}
leaderCommit: 16
commitInfos {
  server {
    id: "s0"
    address: "localhost:15252"
    dataStreamAddress: "localhost:15255"
    clientAddress: "localhost:15254"
    adminAddress: "localhost:15253"
    startupRole: FOLLOWER
  }
  commitIndex: 16
}
commitInfos {
  server {
    id: "s1"
    address: "localhost:15256"
    dataStreamAddress: "localhost:15259"
    clientAddress: "localhost:15258"
    adminAddress: "localhost:15257"
    startupRole: FOLLOWER
  }
  commitIndex: 16
}
commitInfos {
  server {
    id: "s2"
    address: "localhost:15260"
    dataStreamAddress: "localhost:15263"
    clientAddress: "localhost:15262"
    adminAddress: "localhost:15261"
    startupRole: FOLLOWER
  }
  commitIndex: 16
}
)
2024-10-20 10:46:37,054 [main] WARN  util.ReferenceCountedLeakDetector (ReferenceCountedLeakDetector.java:logLeakMessage(167)) - LEAK: (class org.apache.ratis.proto.RaftProtos$AppendEntriesRequestProto, count=2, value=serverRequest {
  requestorId: "s1"
  replyId: "s2"
  raftGroupId {
    id: "\375\210\024\357\262\375HY\244\207Ci\024Gb\025"
  }
  callId: 8
}
leaderTerm: 9
previousLog {
  term: 9
  index: 16
}
leaderCommit: 16
commitInfos {
  server {
    id: "s1"
    address: "localhost:15256"
    dataStreamAddress: "localhost:15259"
    clientAddress: "localhost:15258"
    adminAddress: "localhost:15257"
    startupRole: FOLLOWER
  }
  commitIndex: 16
}
commitInfos {
  server {
    id: "s0"
    address: "localhost:15252"
    dataStreamAddress: "localhost:15255"
    clientAddress: "localhost:15254"
    adminAddress: "localhost:15253"
    startupRole: FOLLOWER
  }
  commitIndex: 16
}
commitInfos {
  server {
    id: "s2"
    address: "localhost:15260"
    dataStreamAddress: "localhost:15263"
    clientAddress: "localhost:15262"
    adminAddress: "localhost:15261"
    startupRole: FOLLOWER
  }
  commitIndex: 16
}
)
2024-10-20 10:46:37,054 [main] WARN  util.ReferenceCountedLeakDetector (ReferenceCountedLeakDetector.java:logLeakMessage(167)) - LEAK: (class org.apache.ratis.proto.RaftProtos$AppendEntriesRequestProto, count=2, value=serverRequest {
  requestorId: "s1"
  replyId: "s2"
  raftGroupId {
    id: "\375\210\024\357\262\375HY\244\207Ci\024Gb\025"
  }
}
leaderTerm: 11
previousLog {
  term: 10
  index: 18
}
leaderCommit: 17
commitInfos {
  server {
    id: "s1"
    address: "localhost:15256"
    dataStreamAddress: "localhost:15259"
    clientAddress: "localhost:15258"
    adminAddress: "localhost:15257"
    startupRole: FOLLOWER
  }
  commitIndex: 17
}
commitInfos {
  server {
    id: "s0"
    address: "localhost:15252"
    dataStreamAddress: "localhost:15255"
    clientAddress: "localhost:15254"
    adminAddress: "localhost:15253"
    startupRole: FOLLOWER
  }
  commitIndex: 17
}
commitInfos {
  server {
    id: "s2"
    address: "localhost:15260"
    dataStreamAddress: "localhost:15263"
    clientAddress: "localhost:15262"
    adminAddress: "localhost:15261"
    startupRole: FOLLOWER
  }
  commitIndex: 16
}
)
2024-10-20 10:46:37,054 [main] WARN  util.LeakDetector (LeakDetector.java:assertNoLeaks(171)) - 5/30) numLeaks == 5 > 0, will wait and retry ...
2024-10-20 10:46:38,055 [main] WARN  util.ReferenceCountedLeakDetector (ReferenceCountedLeakDetector.java:logLeakMessage(167)) - LEAK: (class org.apache.ratis.proto.RaftProtos$AppendEntriesRequestProto, count=2, value=serverRequest {
  requestorId: "s0"
  replyId: "s2"
  raftGroupId {
    id: "\375\210\024\357\262\375HY\244\207Ci\024Gb\025"
  }
}
leaderTerm: 10
previousLog {
  term: 9
  index: 16
}
leaderCommit: 16
commitInfos {
  server {
    id: "s0"
    address: "localhost:15252"
    dataStreamAddress: "localhost:15255"
    clientAddress: "localhost:15254"
    adminAddress: "localhost:15253"
    startupRole: FOLLOWER
  }
  commitIndex: 16
}
commitInfos {
  server {
    id: "s1"
    address: "localhost:15256"
    dataStreamAddress: "localhost:15259"
    clientAddress: "localhost:15258"
    adminAddress: "localhost:15257"
    startupRole: FOLLOWER
  }
  commitIndex: 16
}
commitInfos {
  server {
    id: "s2"
    address: "localhost:15260"
    dataStreamAddress: "localhost:15263"
    clientAddress: "localhost:15262"
    adminAddress: "localhost:15261"
    startupRole: FOLLOWER
  }
  commitIndex: 16
}
)
2024-10-20 10:46:38,055 [main] WARN  util.ReferenceCountedLeakDetector (ReferenceCountedLeakDetector.java:logLeakMessage(167)) - LEAK: (class org.apache.ratis.proto.RaftProtos$AppendEntriesRequestProto, count=3, value=serverRequest {
  requestorId: "s1"
  replyId: "s2"
  raftGroupId {
    id: "\375\210\024\357\262\375HY\244\207Ci\024Gb\025"
  }
  callId: 1
}
leaderTerm: 11
previousLog {
  term: 10
  index: 18
}
entries {
  term: 11
  index: 19
  configurationEntry {
    peers {
      id: "s0"
      address: "localhost:15252"
      dataStreamAddress: "localhost:15255"
      clientAddress: "localhost:15254"
      adminAddress: "localhost:15253"
      startupRole: FOLLOWER
    }
    peers {
      id: "s1"
      address: "localhost:15256"
      dataStreamAddress: "localhost:15259"
      clientAddress: "localhost:15258"
      adminAddress: "localhost:15257"
      startupRole: FOLLOWER
    }
    peers {
      id: "s2"
      address: "localhost:15260"
      dataStreamAddress: "localhost:15263"
      clientAddress: "localhost:15262"
      adminAddress: "localhost:15261"
      startupRole: FOLLOWER
    }
  }
}
leaderCommit: 17
commitInfos {
  server {
    id: "s1"
    address: "localhost:15256"
    dataStreamAddress: "localhost:15259"
    clientAddress: "localhost:15258"
    adminAddress: "localhost:15257"
    startupRole: FOLLOWER
  }
  commitIndex: 17
}
commitInfos {
  server {
    id: "s0"
    address: "localhost:15252"
    dataStreamAddress: "localhost:15255"
    clientAddress: "localhost:15254"
    adminAddress: "localhost:15253"
    startupRole: FOLLOWER
  }
  commitIndex: 17
}
commitInfos {
  server {
    id: "s2"
    address: "localhost:15260"
    dataStreamAddress: "localhost:15263"
    clientAddress: "localhost:15262"
    adminAddress: "localhost:15261"
    startupRole: FOLLOWER
  }
  commitIndex: 16
}
)
2024-10-20 10:46:38,055 [main] WARN  util.ReferenceCountedLeakDetector (ReferenceCountedLeakDetector.java:logLeakMessage(167)) - LEAK: (class org.apache.ratis.proto.RaftProtos$AppendEntriesRequestProto, count=3, value=serverRequest {
  requestorId: "s0"
  replyId: "s2"
  raftGroupId {
    id: "\375\210\024\357\262\375HY\244\207Ci\024Gb\025"
  }
  callId: 1
}
leaderTerm: 10
previousLog {
  term: 9
  index: 16
}
entries {
  term: 10
  index: 17
  configurationEntry {
    peers {
      id: "s0"
      address: "localhost:15252"
      dataStreamAddress: "localhost:15255"
      clientAddress: "localhost:15254"
      adminAddress: "localhost:15253"
      startupRole: FOLLOWER
    }
    peers {
      id: "s1"
      address: "localhost:15256"
      dataStreamAddress: "localhost:15259"
      clientAddress: "localhost:15258"
      adminAddress: "localhost:15257"
      startupRole: FOLLOWER
    }
    peers {
      id: "s2"
      address: "localhost:15260"
      dataStreamAddress: "localhost:15263"
      clientAddress: "localhost:15262"
      adminAddress: "localhost:15261"
      startupRole: FOLLOWER
    }
  }
}
leaderCommit: 16
commitInfos {
  server {
    id: "s0"
    address: "localhost:15252"
    dataStreamAddress: "localhost:15255"
    clientAddress: "localhost:15254"
    adminAddress: "localhost:15253"
    startupRole: FOLLOWER
  }
  commitIndex: 16
}
commitInfos {
  server {
    id: "s1"
    address: "localhost:15256"
    dataStreamAddress: "localhost:15259"
    clientAddress: "localhost:15258"
    adminAddress: "localhost:15257"
    startupRole: FOLLOWER
  }
  commitIndex: 16
}
commitInfos {
  server {
    id: "s2"
    address: "localhost:15260"
    dataStreamAddress: "localhost:15263"
    clientAddress: "localhost:15262"
    adminAddress: "localhost:15261"
    startupRole: FOLLOWER
  }
  commitIndex: 16
}
)
2024-10-20 10:46:38,055 [main] WARN  util.ReferenceCountedLeakDetector (ReferenceCountedLeakDetector.java:logLeakMessage(167)) - LEAK: (class org.apache.ratis.proto.RaftProtos$AppendEntriesRequestProto, count=2, value=serverRequest {
  requestorId: "s1"
  replyId: "s2"
  raftGroupId {
    id: "\375\210\024\357\262\375HY\244\207Ci\024Gb\025"
  }
  callId: 8
}
leaderTerm: 9
previousLog {
  term: 9
  index: 16
}
leaderCommit: 16
commitInfos {
  server {
    id: "s1"
    address: "localhost:15256"
    dataStreamAddress: "localhost:15259"
    clientAddress: "localhost:15258"
    adminAddress: "localhost:15257"
    startupRole: FOLLOWER
  }
  commitIndex: 16
}
commitInfos {
  server {
    id: "s0"
    address: "localhost:15252"
    dataStreamAddress: "localhost:15255"
    clientAddress: "localhost:15254"
    adminAddress: "localhost:15253"
    startupRole: FOLLOWER
  }
  commitIndex: 16
}
commitInfos {
  server {
    id: "s2"
    address: "localhost:15260"
    dataStreamAddress: "localhost:15263"
    clientAddress: "localhost:15262"
    adminAddress: "localhost:15261"
    startupRole: FOLLOWER
  }
  commitIndex: 16
}
)
2024-10-20 10:46:38,055 [main] WARN  util.ReferenceCountedLeakDetector (ReferenceCountedLeakDetector.java:logLeakMessage(167)) - LEAK: (class org.apache.ratis.proto.RaftProtos$AppendEntriesRequestProto, count=2, value=serverRequest {
  requestorId: "s1"
  replyId: "s2"
  raftGroupId {
    id: "\375\210\024\357\262\375HY\244\207Ci\024Gb\025"
  }
}
leaderTerm: 11
previousLog {
  term: 10
  index: 18
}
leaderCommit: 17
commitInfos {
  server {
    id: "s1"
    address: "localhost:15256"
    dataStreamAddress: "localhost:15259"
    clientAddress: "localhost:15258"
    adminAddress: "localhost:15257"
    startupRole: FOLLOWER
  }
  commitIndex: 17
}
commitInfos {
  server {
    id: "s0"
    address: "localhost:15252"
    dataStreamAddress: "localhost:15255"
    clientAddress: "localhost:15254"
    adminAddress: "localhost:15253"
    startupRole: FOLLOWER
  }
  commitIndex: 17
}
commitInfos {
  server {
    id: "s2"
    address: "localhost:15260"
    dataStreamAddress: "localhost:15263"
    clientAddress: "localhost:15262"
    adminAddress: "localhost:15261"
    startupRole: FOLLOWER
  }
  commitIndex: 16
}
)
2024-10-20 10:46:38,056 [main] WARN  util.LeakDetector (LeakDetector.java:assertNoLeaks(171)) - 6/30) numLeaks == 5 > 0, will wait and retry ...
2024-10-20 10:46:39,056 [main] WARN  util.ReferenceCountedLeakDetector (ReferenceCountedLeakDetector.java:logLeakMessage(167)) - LEAK: (class org.apache.ratis.proto.RaftProtos$AppendEntriesRequestProto, count=2, value=serverRequest {
  requestorId: "s0"
  replyId: "s2"
  raftGroupId {
    id: "\375\210\024\357\262\375HY\244\207Ci\024Gb\025"
  }
}
leaderTerm: 10
previousLog {
  term: 9
  index: 16
}
leaderCommit: 16
commitInfos {
  server {
    id: "s0"
    address: "localhost:15252"
    dataStreamAddress: "localhost:15255"
    clientAddress: "localhost:15254"
    adminAddress: "localhost:15253"
    startupRole: FOLLOWER
  }
  commitIndex: 16
}
commitInfos {
  server {
    id: "s1"
    address: "localhost:15256"
    dataStreamAddress: "localhost:15259"
    clientAddress: "localhost:15258"
    adminAddress: "localhost:15257"
    startupRole: FOLLOWER
  }
  commitIndex: 16
}
commitInfos {
  server {
    id: "s2"
    address: "localhost:15260"
    dataStreamAddress: "localhost:15263"
    clientAddress: "localhost:15262"
    adminAddress: "localhost:15261"
    startupRole: FOLLOWER
  }
  commitIndex: 16
}
)
2024-10-20 10:46:39,056 [main] WARN  util.ReferenceCountedLeakDetector (ReferenceCountedLeakDetector.java:logLeakMessage(167)) - LEAK: (class org.apache.ratis.proto.RaftProtos$AppendEntriesRequestProto, count=3, value=serverRequest {
  requestorId: "s1"
  replyId: "s2"
  raftGroupId {
    id: "\375\210\024\357\262\375HY\244\207Ci\024Gb\025"
  }
  callId: 1
}
leaderTerm: 11
previousLog {
  term: 10
  index: 18
}
entries {
  term: 11
  index: 19
  configurationEntry {
    peers {
      id: "s0"
      address: "localhost:15252"
      dataStreamAddress: "localhost:15255"
      clientAddress: "localhost:15254"
      adminAddress: "localhost:15253"
      startupRole: FOLLOWER
    }
    peers {
      id: "s1"
      address: "localhost:15256"
      dataStreamAddress: "localhost:15259"
      clientAddress: "localhost:15258"
      adminAddress: "localhost:15257"
      startupRole: FOLLOWER
    }
    peers {
      id: "s2"
      address: "localhost:15260"
      dataStreamAddress: "localhost:15263"
      clientAddress: "localhost:15262"
      adminAddress: "localhost:15261"
      startupRole: FOLLOWER
    }
  }
}
leaderCommit: 17
commitInfos {
  server {
    id: "s1"
    address: "localhost:15256"
    dataStreamAddress: "localhost:15259"
    clientAddress: "localhost:15258"
    adminAddress: "localhost:15257"
    startupRole: FOLLOWER
  }
  commitIndex: 17
}
commitInfos {
  server {
    id: "s0"
    address: "localhost:15252"
    dataStreamAddress: "localhost:15255"
    clientAddress: "localhost:15254"
    adminAddress: "localhost:15253"
    startupRole: FOLLOWER
  }
  commitIndex: 17
}
commitInfos {
  server {
    id: "s2"
    address: "localhost:15260"
    dataStreamAddress: "localhost:15263"
    clientAddress: "localhost:15262"
    adminAddress: "localhost:15261"
    startupRole: FOLLOWER
  }
  commitIndex: 16
}
)
2024-10-20 10:46:39,056 [main] WARN  util.ReferenceCountedLeakDetector (ReferenceCountedLeakDetector.java:logLeakMessage(167)) - LEAK: (class org.apache.ratis.proto.RaftProtos$AppendEntriesRequestProto, count=3, value=serverRequest {
  requestorId: "s0"
  replyId: "s2"
  raftGroupId {
    id: "\375\210\024\357\262\375HY\244\207Ci\024Gb\025"
  }
  callId: 1
}
leaderTerm: 10
previousLog {
  term: 9
  index: 16
}
entries {
  term: 10
  index: 17
  configurationEntry {
    peers {
      id: "s0"
      address: "localhost:15252"
      dataStreamAddress: "localhost:15255"
      clientAddress: "localhost:15254"
      adminAddress: "localhost:15253"
      startupRole: FOLLOWER
    }
    peers {
      id: "s1"
      address: "localhost:15256"
      dataStreamAddress: "localhost:15259"
      clientAddress: "localhost:15258"
      adminAddress: "localhost:15257"
      startupRole: FOLLOWER
    }
    peers {
      id: "s2"
      address: "localhost:15260"
      dataStreamAddress: "localhost:15263"
      clientAddress: "localhost:15262"
      adminAddress: "localhost:15261"
      startupRole: FOLLOWER
    }
  }
}
leaderCommit: 16
commitInfos {
  server {
    id: "s0"
    address: "localhost:15252"
    dataStreamAddress: "localhost:15255"
    clientAddress: "localhost:15254"
    adminAddress: "localhost:15253"
    startupRole: FOLLOWER
  }
  commitIndex: 16
}
commitInfos {
  server {
    id: "s1"
    address: "localhost:15256"
    dataStreamAddress: "localhost:15259"
    clientAddress: "localhost:15258"
    adminAddress: "localhost:15257"
    startupRole: FOLLOWER
  }
  commitIndex: 16
}
commitInfos {
  server {
    id: "s2"
    address: "localhost:15260"
    dataStreamAddress: "localhost:15263"
    clientAddress: "localhost:15262"
    adminAddress: "localhost:15261"
    startupRole: FOLLOWER
  }
  commitIndex: 16
}
)
2024-10-20 10:46:39,056 [main] WARN  util.ReferenceCountedLeakDetector (ReferenceCountedLeakDetector.java:logLeakMessage(167)) - LEAK: (class org.apache.ratis.proto.RaftProtos$AppendEntriesRequestProto, count=2, value=serverRequest {
  requestorId: "s1"
  replyId: "s2"
  raftGroupId {
    id: "\375\210\024\357\262\375HY\244\207Ci\024Gb\025"
  }
  callId: 8
}
leaderTerm: 9
previousLog {
  term: 9
  index: 16
}
leaderCommit: 16
commitInfos {
  server {
    id: "s1"
    address: "localhost:15256"
    dataStreamAddress: "localhost:15259"
    clientAddress: "localhost:15258"
    adminAddress: "localhost:15257"
    startupRole: FOLLOWER
  }
  commitIndex: 16
}
commitInfos {
  server {
    id: "s0"
    address: "localhost:15252"
    dataStreamAddress: "localhost:15255"
    clientAddress: "localhost:15254"
    adminAddress: "localhost:15253"
    startupRole: FOLLOWER
  }
  commitIndex: 16
}
commitInfos {
  server {
    id: "s2"
    address: "localhost:15260"
    dataStreamAddress: "localhost:15263"
    clientAddress: "localhost:15262"
    adminAddress: "localhost:15261"
    startupRole: FOLLOWER
  }
  commitIndex: 16
}
)
2024-10-20 10:46:39,057 [main] WARN  util.ReferenceCountedLeakDetector (ReferenceCountedLeakDetector.java:logLeakMessage(167)) - LEAK: (class org.apache.ratis.proto.RaftProtos$AppendEntriesRequestProto, count=2, value=serverRequest {
  requestorId: "s1"
  replyId: "s2"
  raftGroupId {
    id: "\375\210\024\357\262\375HY\244\207Ci\024Gb\025"
  }
}
leaderTerm: 11
previousLog {
  term: 10
  index: 18
}
leaderCommit: 17
commitInfos {
  server {
    id: "s1"
    address: "localhost:15256"
    dataStreamAddress: "localhost:15259"
    clientAddress: "localhost:15258"
    adminAddress: "localhost:15257"
    startupRole: FOLLOWER
  }
  commitIndex: 17
}
commitInfos {
  server {
    id: "s0"
    address: "localhost:15252"
    dataStreamAddress: "localhost:15255"
    clientAddress: "localhost:15254"
    adminAddress: "localhost:15253"
    startupRole: FOLLOWER
  }
  commitIndex: 17
}
commitInfos {
  server {
    id: "s2"
    address: "localhost:15260"
    dataStreamAddress: "localhost:15263"
    clientAddress: "localhost:15262"
    adminAddress: "localhost:15261"
    startupRole: FOLLOWER
  }
  commitIndex: 16
}
)
2024-10-20 10:46:39,057 [main] WARN  util.LeakDetector (LeakDetector.java:assertNoLeaks(171)) - 7/30) numLeaks == 5 > 0, will wait and retry ...
2024-10-20 10:46:40,057 [main] WARN  util.ReferenceCountedLeakDetector (ReferenceCountedLeakDetector.java:logLeakMessage(167)) - LEAK: (class org.apache.ratis.proto.RaftProtos$AppendEntriesRequestProto, count=2, value=serverRequest {
  requestorId: "s0"
  replyId: "s2"
  raftGroupId {
    id: "\375\210\024\357\262\375HY\244\207Ci\024Gb\025"
  }
}
leaderTerm: 10
previousLog {
  term: 9
  index: 16
}
leaderCommit: 16
commitInfos {
  server {
    id: "s0"
    address: "localhost:15252"
    dataStreamAddress: "localhost:15255"
    clientAddress: "localhost:15254"
    adminAddress: "localhost:15253"
    startupRole: FOLLOWER
  }
  commitIndex: 16
}
commitInfos {
  server {
    id: "s1"
    address: "localhost:15256"
    dataStreamAddress: "localhost:15259"
    clientAddress: "localhost:15258"
    adminAddress: "localhost:15257"
    startupRole: FOLLOWER
  }
  commitIndex: 16
}
commitInfos {
  server {
    id: "s2"
    address: "localhost:15260"
    dataStreamAddress: "localhost:15263"
    clientAddress: "localhost:15262"
    adminAddress: "localhost:15261"
    startupRole: FOLLOWER
  }
  commitIndex: 16
}
)
2024-10-20 10:46:40,057 [main] WARN  util.ReferenceCountedLeakDetector (ReferenceCountedLeakDetector.java:logLeakMessage(167)) - LEAK: (class org.apache.ratis.proto.RaftProtos$AppendEntriesRequestProto, count=3, value=serverRequest {
  requestorId: "s1"
  replyId: "s2"
  raftGroupId {
    id: "\375\210\024\357\262\375HY\244\207Ci\024Gb\025"
  }
  callId: 1
}
leaderTerm: 11
previousLog {
  term: 10
  index: 18
}
entries {
  term: 11
  index: 19
  configurationEntry {
    peers {
      id: "s0"
      address: "localhost:15252"
      dataStreamAddress: "localhost:15255"
      clientAddress: "localhost:15254"
      adminAddress: "localhost:15253"
      startupRole: FOLLOWER
    }
    peers {
      id: "s1"
      address: "localhost:15256"
      dataStreamAddress: "localhost:15259"
      clientAddress: "localhost:15258"
      adminAddress: "localhost:15257"
      startupRole: FOLLOWER
    }
    peers {
      id: "s2"
      address: "localhost:15260"
      dataStreamAddress: "localhost:15263"
      clientAddress: "localhost:15262"
      adminAddress: "localhost:15261"
      startupRole: FOLLOWER
    }
  }
}
leaderCommit: 17
commitInfos {
  server {
    id: "s1"
    address: "localhost:15256"
    dataStreamAddress: "localhost:15259"
    clientAddress: "localhost:15258"
    adminAddress: "localhost:15257"
    startupRole: FOLLOWER
  }
  commitIndex: 17
}
commitInfos {
  server {
    id: "s0"
    address: "localhost:15252"
    dataStreamAddress: "localhost:15255"
    clientAddress: "localhost:15254"
    adminAddress: "localhost:15253"
    startupRole: FOLLOWER
  }
  commitIndex: 17
}
commitInfos {
  server {
    id: "s2"
    address: "localhost:15260"
    dataStreamAddress: "localhost:15263"
    clientAddress: "localhost:15262"
    adminAddress: "localhost:15261"
    startupRole: FOLLOWER
  }
  commitIndex: 16
}
)
2024-10-20 10:46:40,057 [main] WARN  util.ReferenceCountedLeakDetector (ReferenceCountedLeakDetector.java:logLeakMessage(167)) - LEAK: (class org.apache.ratis.proto.RaftProtos$AppendEntriesRequestProto, count=3, value=serverRequest {
  requestorId: "s0"
  replyId: "s2"
  raftGroupId {
    id: "\375\210\024\357\262\375HY\244\207Ci\024Gb\025"
  }
  callId: 1
}
leaderTerm: 10
previousLog {
  term: 9
  index: 16
}
entries {
  term: 10
  index: 17
  configurationEntry {
    peers {
      id: "s0"
      address: "localhost:15252"
      dataStreamAddress: "localhost:15255"
      clientAddress: "localhost:15254"
      adminAddress: "localhost:15253"
      startupRole: FOLLOWER
    }
    peers {
      id: "s1"
      address: "localhost:15256"
      dataStreamAddress: "localhost:15259"
      clientAddress: "localhost:15258"
      adminAddress: "localhost:15257"
      startupRole: FOLLOWER
    }
    peers {
      id: "s2"
      address: "localhost:15260"
      dataStreamAddress: "localhost:15263"
      clientAddress: "localhost:15262"
      adminAddress: "localhost:15261"
      startupRole: FOLLOWER
    }
  }
}
leaderCommit: 16
commitInfos {
  server {
    id: "s0"
    address: "localhost:15252"
    dataStreamAddress: "localhost:15255"
    clientAddress: "localhost:15254"
    adminAddress: "localhost:15253"
    startupRole: FOLLOWER
  }
  commitIndex: 16
}
commitInfos {
  server {
    id: "s1"
    address: "localhost:15256"
    dataStreamAddress: "localhost:15259"
    clientAddress: "localhost:15258"
    adminAddress: "localhost:15257"
    startupRole: FOLLOWER
  }
  commitIndex: 16
}
commitInfos {
  server {
    id: "s2"
    address: "localhost:15260"
    dataStreamAddress: "localhost:15263"
    clientAddress: "localhost:15262"
    adminAddress: "localhost:15261"
    startupRole: FOLLOWER
  }
  commitIndex: 16
}
)
2024-10-20 10:46:40,058 [main] WARN  util.ReferenceCountedLeakDetector (ReferenceCountedLeakDetector.java:logLeakMessage(167)) - LEAK: (class org.apache.ratis.proto.RaftProtos$AppendEntriesRequestProto, count=2, value=serverRequest {
  requestorId: "s1"
  replyId: "s2"
  raftGroupId {
    id: "\375\210\024\357\262\375HY\244\207Ci\024Gb\025"
  }
  callId: 8
}
leaderTerm: 9
previousLog {
  term: 9
  index: 16
}
leaderCommit: 16
commitInfos {
  server {
    id: "s1"
    address: "localhost:15256"
    dataStreamAddress: "localhost:15259"
    clientAddress: "localhost:15258"
    adminAddress: "localhost:15257"
    startupRole: FOLLOWER
  }
  commitIndex: 16
}
commitInfos {
  server {
    id: "s0"
    address: "localhost:15252"
    dataStreamAddress: "localhost:15255"
    clientAddress: "localhost:15254"
    adminAddress: "localhost:15253"
    startupRole: FOLLOWER
  }
  commitIndex: 16
}
commitInfos {
  server {
    id: "s2"
    address: "localhost:15260"
    dataStreamAddress: "localhost:15263"
    clientAddress: "localhost:15262"
    adminAddress: "localhost:15261"
    startupRole: FOLLOWER
  }
  commitIndex: 16
}
)
2024-10-20 10:46:40,058 [main] WARN  util.ReferenceCountedLeakDetector (ReferenceCountedLeakDetector.java:logLeakMessage(167)) - LEAK: (class org.apache.ratis.proto.RaftProtos$AppendEntriesRequestProto, count=2, value=serverRequest {
  requestorId: "s1"
  replyId: "s2"
  raftGroupId {
    id: "\375\210\024\357\262\375HY\244\207Ci\024Gb\025"
  }
}
leaderTerm: 11
previousLog {
  term: 10
  index: 18
}
leaderCommit: 17
commitInfos {
  server {
    id: "s1"
    address: "localhost:15256"
    dataStreamAddress: "localhost:15259"
    clientAddress: "localhost:15258"
    adminAddress: "localhost:15257"
    startupRole: FOLLOWER
  }
  commitIndex: 17
}
commitInfos {
  server {
    id: "s0"
    address: "localhost:15252"
    dataStreamAddress: "localhost:15255"
    clientAddress: "localhost:15254"
    adminAddress: "localhost:15253"
    startupRole: FOLLOWER
  }
  commitIndex: 17
}
commitInfos {
  server {
    id: "s2"
    address: "localhost:15260"
    dataStreamAddress: "localhost:15263"
    clientAddress: "localhost:15262"
    adminAddress: "localhost:15261"
    startupRole: FOLLOWER
  }
  commitIndex: 16
}
)
2024-10-20 10:46:40,058 [main] WARN  util.LeakDetector (LeakDetector.java:assertNoLeaks(171)) - 8/30) numLeaks == 5 > 0, will wait and retry ...
2024-10-20 10:46:41,058 [main] WARN  util.ReferenceCountedLeakDetector (ReferenceCountedLeakDetector.java:logLeakMessage(167)) - LEAK: (class org.apache.ratis.proto.RaftProtos$AppendEntriesRequestProto, count=2, value=serverRequest {
  requestorId: "s0"
  replyId: "s2"
  raftGroupId {
    id: "\375\210\024\357\262\375HY\244\207Ci\024Gb\025"
  }
}
leaderTerm: 10
previousLog {
  term: 9
  index: 16
}
leaderCommit: 16
commitInfos {
  server {
    id: "s0"
    address: "localhost:15252"
    dataStreamAddress: "localhost:15255"
    clientAddress: "localhost:15254"
    adminAddress: "localhost:15253"
    startupRole: FOLLOWER
  }
  commitIndex: 16
}
commitInfos {
  server {
    id: "s1"
    address: "localhost:15256"
    dataStreamAddress: "localhost:15259"
    clientAddress: "localhost:15258"
    adminAddress: "localhost:15257"
    startupRole: FOLLOWER
  }
  commitIndex: 16
}
commitInfos {
  server {
    id: "s2"
    address: "localhost:15260"
    dataStreamAddress: "localhost:15263"
    clientAddress: "localhost:15262"
    adminAddress: "localhost:15261"
    startupRole: FOLLOWER
  }
  commitIndex: 16
}
)
2024-10-20 10:46:41,058 [main] WARN  util.ReferenceCountedLeakDetector (ReferenceCountedLeakDetector.java:logLeakMessage(167)) - LEAK: (class org.apache.ratis.proto.RaftProtos$AppendEntriesRequestProto, count=3, value=serverRequest {
  requestorId: "s1"
  replyId: "s2"
  raftGroupId {
    id: "\375\210\024\357\262\375HY\244\207Ci\024Gb\025"
  }
  callId: 1
}
leaderTerm: 11
previousLog {
  term: 10
  index: 18
}
entries {
  term: 11
  index: 19
  configurationEntry {
    peers {
      id: "s0"
      address: "localhost:15252"
      dataStreamAddress: "localhost:15255"
      clientAddress: "localhost:15254"
      adminAddress: "localhost:15253"
      startupRole: FOLLOWER
    }
    peers {
      id: "s1"
      address: "localhost:15256"
      dataStreamAddress: "localhost:15259"
      clientAddress: "localhost:15258"
      adminAddress: "localhost:15257"
      startupRole: FOLLOWER
    }
    peers {
      id: "s2"
      address: "localhost:15260"
      dataStreamAddress: "localhost:15263"
      clientAddress: "localhost:15262"
      adminAddress: "localhost:15261"
      startupRole: FOLLOWER
    }
  }
}
leaderCommit: 17
commitInfos {
  server {
    id: "s1"
    address: "localhost:15256"
    dataStreamAddress: "localhost:15259"
    clientAddress: "localhost:15258"
    adminAddress: "localhost:15257"
    startupRole: FOLLOWER
  }
  commitIndex: 17
}
commitInfos {
  server {
    id: "s0"
    address: "localhost:15252"
    dataStreamAddress: "localhost:15255"
    clientAddress: "localhost:15254"
    adminAddress: "localhost:15253"
    startupRole: FOLLOWER
  }
  commitIndex: 17
}
commitInfos {
  server {
    id: "s2"
    address: "localhost:15260"
    dataStreamAddress: "localhost:15263"
    clientAddress: "localhost:15262"
    adminAddress: "localhost:15261"
    startupRole: FOLLOWER
  }
  commitIndex: 16
}
)
2024-10-20 10:46:41,059 [main] WARN  util.ReferenceCountedLeakDetector (ReferenceCountedLeakDetector.java:logLeakMessage(167)) - LEAK: (class org.apache.ratis.proto.RaftProtos$AppendEntriesRequestProto, count=3, value=serverRequest {
  requestorId: "s0"
  replyId: "s2"
  raftGroupId {
    id: "\375\210\024\357\262\375HY\244\207Ci\024Gb\025"
  }
  callId: 1
}
leaderTerm: 10
previousLog {
  term: 9
  index: 16
}
entries {
  term: 10
  index: 17
  configurationEntry {
    peers {
      id: "s0"
      address: "localhost:15252"
      dataStreamAddress: "localhost:15255"
      clientAddress: "localhost:15254"
      adminAddress: "localhost:15253"
      startupRole: FOLLOWER
    }
    peers {
      id: "s1"
      address: "localhost:15256"
      dataStreamAddress: "localhost:15259"
      clientAddress: "localhost:15258"
      adminAddress: "localhost:15257"
      startupRole: FOLLOWER
    }
    peers {
      id: "s2"
      address: "localhost:15260"
      dataStreamAddress: "localhost:15263"
      clientAddress: "localhost:15262"
      adminAddress: "localhost:15261"
      startupRole: FOLLOWER
    }
  }
}
leaderCommit: 16
commitInfos {
  server {
    id: "s0"
    address: "localhost:15252"
    dataStreamAddress: "localhost:15255"
    clientAddress: "localhost:15254"
    adminAddress: "localhost:15253"
    startupRole: FOLLOWER
  }
  commitIndex: 16
}
commitInfos {
  server {
    id: "s1"
    address: "localhost:15256"
    dataStreamAddress: "localhost:15259"
    clientAddress: "localhost:15258"
    adminAddress: "localhost:15257"
    startupRole: FOLLOWER
  }
  commitIndex: 16
}
commitInfos {
  server {
    id: "s2"
    address: "localhost:15260"
    dataStreamAddress: "localhost:15263"
    clientAddress: "localhost:15262"
    adminAddress: "localhost:15261"
    startupRole: FOLLOWER
  }
  commitIndex: 16
}
)
2024-10-20 10:46:41,059 [main] WARN  util.ReferenceCountedLeakDetector (ReferenceCountedLeakDetector.java:logLeakMessage(167)) - LEAK: (class org.apache.ratis.proto.RaftProtos$AppendEntriesRequestProto, count=2, value=serverRequest {
  requestorId: "s1"
  replyId: "s2"
  raftGroupId {
    id: "\375\210\024\357\262\375HY\244\207Ci\024Gb\025"
  }
  callId: 8
}
leaderTerm: 9
previousLog {
  term: 9
  index: 16
}
leaderCommit: 16
commitInfos {
  server {
    id: "s1"
    address: "localhost:15256"
    dataStreamAddress: "localhost:15259"
    clientAddress: "localhost:15258"
    adminAddress: "localhost:15257"
    startupRole: FOLLOWER
  }
  commitIndex: 16
}
commitInfos {
  server {
    id: "s0"
    address: "localhost:15252"
    dataStreamAddress: "localhost:15255"
    clientAddress: "localhost:15254"
    adminAddress: "localhost:15253"
    startupRole: FOLLOWER
  }
  commitIndex: 16
}
commitInfos {
  server {
    id: "s2"
    address: "localhost:15260"
    dataStreamAddress: "localhost:15263"
    clientAddress: "localhost:15262"
    adminAddress: "localhost:15261"
    startupRole: FOLLOWER
  }
  commitIndex: 16
}
)
2024-10-20 10:46:41,059 [main] WARN  util.ReferenceCountedLeakDetector (ReferenceCountedLeakDetector.java:logLeakMessage(167)) - LEAK: (class org.apache.ratis.proto.RaftProtos$AppendEntriesRequestProto, count=2, value=serverRequest {
  requestorId: "s1"
  replyId: "s2"
  raftGroupId {
    id: "\375\210\024\357\262\375HY\244\207Ci\024Gb\025"
  }
}
leaderTerm: 11
previousLog {
  term: 10
  index: 18
}
leaderCommit: 17
commitInfos {
  server {
    id: "s1"
    address: "localhost:15256"
    dataStreamAddress: "localhost:15259"
    clientAddress: "localhost:15258"
    adminAddress: "localhost:15257"
    startupRole: FOLLOWER
  }
  commitIndex: 17
}
commitInfos {
  server {
    id: "s0"
    address: "localhost:15252"
    dataStreamAddress: "localhost:15255"
    clientAddress: "localhost:15254"
    adminAddress: "localhost:15253"
    startupRole: FOLLOWER
  }
  commitIndex: 17
}
commitInfos {
  server {
    id: "s2"
    address: "localhost:15260"
    dataStreamAddress: "localhost:15263"
    clientAddress: "localhost:15262"
    adminAddress: "localhost:15261"
    startupRole: FOLLOWER
  }
  commitIndex: 16
}
)
2024-10-20 10:46:41,059 [main] WARN  util.LeakDetector (LeakDetector.java:assertNoLeaks(171)) - 9/30) numLeaks == 5 > 0, will wait and retry ...
2024-10-20 10:46:42,059 [main] WARN  util.ReferenceCountedLeakDetector (ReferenceCountedLeakDetector.java:logLeakMessage(167)) - LEAK: (class org.apache.ratis.proto.RaftProtos$AppendEntriesRequestProto, count=2, value=serverRequest {
  requestorId: "s0"
  replyId: "s2"
  raftGroupId {
    id: "\375\210\024\357\262\375HY\244\207Ci\024Gb\025"
  }
}
leaderTerm: 10
previousLog {
  term: 9
  index: 16
}
leaderCommit: 16
commitInfos {
  server {
    id: "s0"
    address: "localhost:15252"
    dataStreamAddress: "localhost:15255"
    clientAddress: "localhost:15254"
    adminAddress: "localhost:15253"
    startupRole: FOLLOWER
  }
  commitIndex: 16
}
commitInfos {
  server {
    id: "s1"
    address: "localhost:15256"
    dataStreamAddress: "localhost:15259"
    clientAddress: "localhost:15258"
    adminAddress: "localhost:15257"
    startupRole: FOLLOWER
  }
  commitIndex: 16
}
commitInfos {
  server {
    id: "s2"
    address: "localhost:15260"
    dataStreamAddress: "localhost:15263"
    clientAddress: "localhost:15262"
    adminAddress: "localhost:15261"
    startupRole: FOLLOWER
  }
  commitIndex: 16
}
)
2024-10-20 10:46:42,060 [main] WARN  util.ReferenceCountedLeakDetector (ReferenceCountedLeakDetector.java:logLeakMessage(167)) - LEAK: (class org.apache.ratis.proto.RaftProtos$AppendEntriesRequestProto, count=3, value=serverRequest {
  requestorId: "s1"
  replyId: "s2"
  raftGroupId {
    id: "\375\210\024\357\262\375HY\244\207Ci\024Gb\025"
  }
  callId: 1
}
leaderTerm: 11
previousLog {
  term: 10
  index: 18
}
entries {
  term: 11
  index: 19
  configurationEntry {
    peers {
      id: "s0"
      address: "localhost:15252"
      dataStreamAddress: "localhost:15255"
      clientAddress: "localhost:15254"
      adminAddress: "localhost:15253"
      startupRole: FOLLOWER
    }
    peers {
      id: "s1"
      address: "localhost:15256"
      dataStreamAddress: "localhost:15259"
      clientAddress: "localhost:15258"
      adminAddress: "localhost:15257"
      startupRole: FOLLOWER
    }
    peers {
      id: "s2"
      address: "localhost:15260"
      dataStreamAddress: "localhost:15263"
      clientAddress: "localhost:15262"
      adminAddress: "localhost:15261"
      startupRole: FOLLOWER
    }
  }
}
leaderCommit: 17
commitInfos {
  server {
    id: "s1"
    address: "localhost:15256"
    dataStreamAddress: "localhost:15259"
    clientAddress: "localhost:15258"
    adminAddress: "localhost:15257"
    startupRole: FOLLOWER
  }
  commitIndex: 17
}
commitInfos {
  server {
    id: "s0"
    address: "localhost:15252"
    dataStreamAddress: "localhost:15255"
    clientAddress: "localhost:15254"
    adminAddress: "localhost:15253"
    startupRole: FOLLOWER
  }
  commitIndex: 17
}
commitInfos {
  server {
    id: "s2"
    address: "localhost:15260"
    dataStreamAddress: "localhost:15263"
    clientAddress: "localhost:15262"
    adminAddress: "localhost:15261"
    startupRole: FOLLOWER
  }
  commitIndex: 16
}
)
2024-10-20 10:46:42,060 [main] WARN  util.ReferenceCountedLeakDetector (ReferenceCountedLeakDetector.java:logLeakMessage(167)) - LEAK: (class org.apache.ratis.proto.RaftProtos$AppendEntriesRequestProto, count=3, value=serverRequest {
  requestorId: "s0"
  replyId: "s2"
  raftGroupId {
    id: "\375\210\024\357\262\375HY\244\207Ci\024Gb\025"
  }
  callId: 1
}
leaderTerm: 10
previousLog {
  term: 9
  index: 16
}
entries {
  term: 10
  index: 17
  configurationEntry {
    peers {
      id: "s0"
      address: "localhost:15252"
      dataStreamAddress: "localhost:15255"
      clientAddress: "localhost:15254"
      adminAddress: "localhost:15253"
      startupRole: FOLLOWER
    }
    peers {
      id: "s1"
      address: "localhost:15256"
      dataStreamAddress: "localhost:15259"
      clientAddress: "localhost:15258"
      adminAddress: "localhost:15257"
      startupRole: FOLLOWER
    }
    peers {
      id: "s2"
      address: "localhost:15260"
      dataStreamAddress: "localhost:15263"
      clientAddress: "localhost:15262"
      adminAddress: "localhost:15261"
      startupRole: FOLLOWER
    }
  }
}
leaderCommit: 16
commitInfos {
  server {
    id: "s0"
    address: "localhost:15252"
    dataStreamAddress: "localhost:15255"
    clientAddress: "localhost:15254"
    adminAddress: "localhost:15253"
    startupRole: FOLLOWER
  }
  commitIndex: 16
}
commitInfos {
  server {
    id: "s1"
    address: "localhost:15256"
    dataStreamAddress: "localhost:15259"
    clientAddress: "localhost:15258"
    adminAddress: "localhost:15257"
    startupRole: FOLLOWER
  }
  commitIndex: 16
}
commitInfos {
  server {
    id: "s2"
    address: "localhost:15260"
    dataStreamAddress: "localhost:15263"
    clientAddress: "localhost:15262"
    adminAddress: "localhost:15261"
    startupRole: FOLLOWER
  }
  commitIndex: 16
}
)
2024-10-20 10:46:42,060 [main] WARN  util.ReferenceCountedLeakDetector (ReferenceCountedLeakDetector.java:logLeakMessage(167)) - LEAK: (class org.apache.ratis.proto.RaftProtos$AppendEntriesRequestProto, count=2, value=serverRequest {
  requestorId: "s1"
  replyId: "s2"
  raftGroupId {
    id: "\375\210\024\357\262\375HY\244\207Ci\024Gb\025"
  }
  callId: 8
}
leaderTerm: 9
previousLog {
  term: 9
  index: 16
}
leaderCommit: 16
commitInfos {
  server {
    id: "s1"
    address: "localhost:15256"
    dataStreamAddress: "localhost:15259"
    clientAddress: "localhost:15258"
    adminAddress: "localhost:15257"
    startupRole: FOLLOWER
  }
  commitIndex: 16
}
commitInfos {
  server {
    id: "s0"
    address: "localhost:15252"
    dataStreamAddress: "localhost:15255"
    clientAddress: "localhost:15254"
    adminAddress: "localhost:15253"
    startupRole: FOLLOWER
  }
  commitIndex: 16
}
commitInfos {
  server {
    id: "s2"
    address: "localhost:15260"
    dataStreamAddress: "localhost:15263"
    clientAddress: "localhost:15262"
    adminAddress: "localhost:15261"
    startupRole: FOLLOWER
  }
  commitIndex: 16
}
)
2024-10-20 10:46:42,060 [main] WARN  util.ReferenceCountedLeakDetector (ReferenceCountedLeakDetector.java:logLeakMessage(167)) - LEAK: (class org.apache.ratis.proto.RaftProtos$AppendEntriesRequestProto, count=2, value=serverRequest {
  requestorId: "s1"
  replyId: "s2"
  raftGroupId {
    id: "\375\210\024\357\262\375HY\244\207Ci\024Gb\025"
  }
}
leaderTerm: 11
previousLog {
  term: 10
  index: 18
}
leaderCommit: 17
commitInfos {
  server {
    id: "s1"
    address: "localhost:15256"
    dataStreamAddress: "localhost:15259"
    clientAddress: "localhost:15258"
    adminAddress: "localhost:15257"
    startupRole: FOLLOWER
  }
  commitIndex: 17
}
commitInfos {
  server {
    id: "s0"
    address: "localhost:15252"
    dataStreamAddress: "localhost:15255"
    clientAddress: "localhost:15254"
    adminAddress: "localhost:15253"
    startupRole: FOLLOWER
  }
  commitIndex: 17
}
commitInfos {
  server {
    id: "s2"
    address: "localhost:15260"
    dataStreamAddress: "localhost:15263"
    clientAddress: "localhost:15262"
    adminAddress: "localhost:15261"
    startupRole: FOLLOWER
  }
  commitIndex: 16
}
)
2024-10-20 10:46:42,060 [main] WARN  util.LeakDetector (LeakDetector.java:assertNoLeaks(171)) - 10/30) numLeaks == 5 > 0, will wait and retry ...
2024-10-20 10:46:43,060 [main] WARN  util.ReferenceCountedLeakDetector (ReferenceCountedLeakDetector.java:logLeakMessage(167)) - LEAK: (class org.apache.ratis.proto.RaftProtos$AppendEntriesRequestProto, count=2, value=serverRequest {
  requestorId: "s0"
  replyId: "s2"
  raftGroupId {
    id: "\375\210\024\357\262\375HY\244\207Ci\024Gb\025"
  }
}
leaderTerm: 10
previousLog {
  term: 9
  index: 16
}
leaderCommit: 16
commitInfos {
  server {
    id: "s0"
    address: "localhost:15252"
    dataStreamAddress: "localhost:15255"
    clientAddress: "localhost:15254"
    adminAddress: "localhost:15253"
    startupRole: FOLLOWER
  }
  commitIndex: 16
}
commitInfos {
  server {
    id: "s1"
    address: "localhost:15256"
    dataStreamAddress: "localhost:15259"
    clientAddress: "localhost:15258"
    adminAddress: "localhost:15257"
    startupRole: FOLLOWER
  }
  commitIndex: 16
}
commitInfos {
  server {
    id: "s2"
    address: "localhost:15260"
    dataStreamAddress: "localhost:15263"
    clientAddress: "localhost:15262"
    adminAddress: "localhost:15261"
    startupRole: FOLLOWER
  }
  commitIndex: 16
}
)
2024-10-20 10:46:43,061 [main] WARN  util.ReferenceCountedLeakDetector (ReferenceCountedLeakDetector.java:logLeakMessage(167)) - LEAK: (class org.apache.ratis.proto.RaftProtos$AppendEntriesRequestProto, count=3, value=serverRequest {
  requestorId: "s1"
  replyId: "s2"
  raftGroupId {
    id: "\375\210\024\357\262\375HY\244\207Ci\024Gb\025"
  }
  callId: 1
}
leaderTerm: 11
previousLog {
  term: 10
  index: 18
}
entries {
  term: 11
  index: 19
  configurationEntry {
    peers {
      id: "s0"
      address: "localhost:15252"
      dataStreamAddress: "localhost:15255"
      clientAddress: "localhost:15254"
      adminAddress: "localhost:15253"
      startupRole: FOLLOWER
    }
    peers {
      id: "s1"
      address: "localhost:15256"
      dataStreamAddress: "localhost:15259"
      clientAddress: "localhost:15258"
      adminAddress: "localhost:15257"
      startupRole: FOLLOWER
    }
    peers {
      id: "s2"
      address: "localhost:15260"
      dataStreamAddress: "localhost:15263"
      clientAddress: "localhost:15262"
      adminAddress: "localhost:15261"
      startupRole: FOLLOWER
    }
  }
}
leaderCommit: 17
commitInfos {
  server {
    id: "s1"
    address: "localhost:15256"
    dataStreamAddress: "localhost:15259"
    clientAddress: "localhost:15258"
    adminAddress: "localhost:15257"
    startupRole: FOLLOWER
  }
  commitIndex: 17
}
commitInfos {
  server {
    id: "s0"
    address: "localhost:15252"
    dataStreamAddress: "localhost:15255"
    clientAddress: "localhost:15254"
    adminAddress: "localhost:15253"
    startupRole: FOLLOWER
  }
  commitIndex: 17
}
commitInfos {
  server {
    id: "s2"
    address: "localhost:15260"
    dataStreamAddress: "localhost:15263"
    clientAddress: "localhost:15262"
    adminAddress: "localhost:15261"
    startupRole: FOLLOWER
  }
  commitIndex: 16
}
)
2024-10-20 10:46:43,061 [main] WARN  util.ReferenceCountedLeakDetector (ReferenceCountedLeakDetector.java:logLeakMessage(167)) - LEAK: (class org.apache.ratis.proto.RaftProtos$AppendEntriesRequestProto, count=3, value=serverRequest {
  requestorId: "s0"
  replyId: "s2"
  raftGroupId {
    id: "\375\210\024\357\262\375HY\244\207Ci\024Gb\025"
  }
  callId: 1
}
leaderTerm: 10
previousLog {
  term: 9
  index: 16
}
entries {
  term: 10
  index: 17
  configurationEntry {
    peers {
      id: "s0"
      address: "localhost:15252"
      dataStreamAddress: "localhost:15255"
      clientAddress: "localhost:15254"
      adminAddress: "localhost:15253"
      startupRole: FOLLOWER
    }
    peers {
      id: "s1"
      address: "localhost:15256"
      dataStreamAddress: "localhost:15259"
      clientAddress: "localhost:15258"
      adminAddress: "localhost:15257"
      startupRole: FOLLOWER
    }
    peers {
      id: "s2"
      address: "localhost:15260"
      dataStreamAddress: "localhost:15263"
      clientAddress: "localhost:15262"
      adminAddress: "localhost:15261"
      startupRole: FOLLOWER
    }
  }
}
leaderCommit: 16
commitInfos {
  server {
    id: "s0"
    address: "localhost:15252"
    dataStreamAddress: "localhost:15255"
    clientAddress: "localhost:15254"
    adminAddress: "localhost:15253"
    startupRole: FOLLOWER
  }
  commitIndex: 16
}
commitInfos {
  server {
    id: "s1"
    address: "localhost:15256"
    dataStreamAddress: "localhost:15259"
    clientAddress: "localhost:15258"
    adminAddress: "localhost:15257"
    startupRole: FOLLOWER
  }
  commitIndex: 16
}
commitInfos {
  server {
    id: "s2"
    address: "localhost:15260"
    dataStreamAddress: "localhost:15263"
    clientAddress: "localhost:15262"
    adminAddress: "localhost:15261"
    startupRole: FOLLOWER
  }
  commitIndex: 16
}
)
2024-10-20 10:46:43,061 [main] WARN  util.ReferenceCountedLeakDetector (ReferenceCountedLeakDetector.java:logLeakMessage(167)) - LEAK: (class org.apache.ratis.proto.RaftProtos$AppendEntriesRequestProto, count=2, value=serverRequest {
  requestorId: "s1"
  replyId: "s2"
  raftGroupId {
    id: "\375\210\024\357\262\375HY\244\207Ci\024Gb\025"
  }
  callId: 8
}
leaderTerm: 9
previousLog {
  term: 9
  index: 16
}
leaderCommit: 16
commitInfos {
  server {
    id: "s1"
    address: "localhost:15256"
    dataStreamAddress: "localhost:15259"
    clientAddress: "localhost:15258"
    adminAddress: "localhost:15257"
    startupRole: FOLLOWER
  }
  commitIndex: 16
}
commitInfos {
  server {
    id: "s0"
    address: "localhost:15252"
    dataStreamAddress: "localhost:15255"
    clientAddress: "localhost:15254"
    adminAddress: "localhost:15253"
    startupRole: FOLLOWER
  }
  commitIndex: 16
}
commitInfos {
  server {
    id: "s2"
    address: "localhost:15260"
    dataStreamAddress: "localhost:15263"
    clientAddress: "localhost:15262"
    adminAddress: "localhost:15261"
    startupRole: FOLLOWER
  }
  commitIndex: 16
}
)
2024-10-20 10:46:43,061 [main] WARN  util.ReferenceCountedLeakDetector (ReferenceCountedLeakDetector.java:logLeakMessage(167)) - LEAK: (class org.apache.ratis.proto.RaftProtos$AppendEntriesRequestProto, count=2, value=serverRequest {
  requestorId: "s1"
  replyId: "s2"
  raftGroupId {
    id: "\375\210\024\357\262\375HY\244\207Ci\024Gb\025"
  }
}
leaderTerm: 11
previousLog {
  term: 10
  index: 18
}
leaderCommit: 17
commitInfos {
  server {
    id: "s1"
    address: "localhost:15256"
    dataStreamAddress: "localhost:15259"
    clientAddress: "localhost:15258"
    adminAddress: "localhost:15257"
    startupRole: FOLLOWER
  }
  commitIndex: 17
}
commitInfos {
  server {
    id: "s0"
    address: "localhost:15252"
    dataStreamAddress: "localhost:15255"
    clientAddress: "localhost:15254"
    adminAddress: "localhost:15253"
    startupRole: FOLLOWER
  }
  commitIndex: 17
}
commitInfos {
  server {
    id: "s2"
    address: "localhost:15260"
    dataStreamAddress: "localhost:15263"
    clientAddress: "localhost:15262"
    adminAddress: "localhost:15261"
    startupRole: FOLLOWER
  }
  commitIndex: 16
}
)
2024-10-20 10:46:43,061 [main] WARN  util.LeakDetector (LeakDetector.java:assertNoLeaks(171)) - 11/30) numLeaks == 5 > 0, will wait and retry ...
2024-10-20 10:46:44,062 [main] WARN  util.ReferenceCountedLeakDetector (ReferenceCountedLeakDetector.java:logLeakMessage(167)) - LEAK: (class org.apache.ratis.proto.RaftProtos$AppendEntriesRequestProto, count=2, value=serverRequest {
  requestorId: "s0"
  replyId: "s2"
  raftGroupId {
    id: "\375\210\024\357\262\375HY\244\207Ci\024Gb\025"
  }
}
leaderTerm: 10
previousLog {
  term: 9
  index: 16
}
leaderCommit: 16
commitInfos {
  server {
    id: "s0"
    address: "localhost:15252"
    dataStreamAddress: "localhost:15255"
    clientAddress: "localhost:15254"
    adminAddress: "localhost:15253"
    startupRole: FOLLOWER
  }
  commitIndex: 16
}
commitInfos {
  server {
    id: "s1"
    address: "localhost:15256"
    dataStreamAddress: "localhost:15259"
    clientAddress: "localhost:15258"
    adminAddress: "localhost:15257"
    startupRole: FOLLOWER
  }
  commitIndex: 16
}
commitInfos {
  server {
    id: "s2"
    address: "localhost:15260"
    dataStreamAddress: "localhost:15263"
    clientAddress: "localhost:15262"
    adminAddress: "localhost:15261"
    startupRole: FOLLOWER
  }
  commitIndex: 16
}
)
2024-10-20 10:46:44,062 [main] WARN  util.ReferenceCountedLeakDetector (ReferenceCountedLeakDetector.java:logLeakMessage(167)) - LEAK: (class org.apache.ratis.proto.RaftProtos$AppendEntriesRequestProto, count=3, value=serverRequest {
  requestorId: "s1"
  replyId: "s2"
  raftGroupId {
    id: "\375\210\024\357\262\375HY\244\207Ci\024Gb\025"
  }
  callId: 1
}
leaderTerm: 11
previousLog {
  term: 10
  index: 18
}
entries {
  term: 11
  index: 19
  configurationEntry {
    peers {
      id: "s0"
      address: "localhost:15252"
      dataStreamAddress: "localhost:15255"
      clientAddress: "localhost:15254"
      adminAddress: "localhost:15253"
      startupRole: FOLLOWER
    }
    peers {
      id: "s1"
      address: "localhost:15256"
      dataStreamAddress: "localhost:15259"
      clientAddress: "localhost:15258"
      adminAddress: "localhost:15257"
      startupRole: FOLLOWER
    }
    peers {
      id: "s2"
      address: "localhost:15260"
      dataStreamAddress: "localhost:15263"
      clientAddress: "localhost:15262"
      adminAddress: "localhost:15261"
      startupRole: FOLLOWER
    }
  }
}
leaderCommit: 17
commitInfos {
  server {
    id: "s1"
    address: "localhost:15256"
    dataStreamAddress: "localhost:15259"
    clientAddress: "localhost:15258"
    adminAddress: "localhost:15257"
    startupRole: FOLLOWER
  }
  commitIndex: 17
}
commitInfos {
  server {
    id: "s0"
    address: "localhost:15252"
    dataStreamAddress: "localhost:15255"
    clientAddress: "localhost:15254"
    adminAddress: "localhost:15253"
    startupRole: FOLLOWER
  }
  commitIndex: 17
}
commitInfos {
  server {
    id: "s2"
    address: "localhost:15260"
    dataStreamAddress: "localhost:15263"
    clientAddress: "localhost:15262"
    adminAddress: "localhost:15261"
    startupRole: FOLLOWER
  }
  commitIndex: 16
}
)
2024-10-20 10:46:44,062 [main] WARN  util.ReferenceCountedLeakDetector (ReferenceCountedLeakDetector.java:logLeakMessage(167)) - LEAK: (class org.apache.ratis.proto.RaftProtos$AppendEntriesRequestProto, count=3, value=serverRequest {
  requestorId: "s0"
  replyId: "s2"
  raftGroupId {
    id: "\375\210\024\357\262\375HY\244\207Ci\024Gb\025"
  }
  callId: 1
}
leaderTerm: 10
previousLog {
  term: 9
  index: 16
}
entries {
  term: 10
  index: 17
  configurationEntry {
    peers {
      id: "s0"
      address: "localhost:15252"
      dataStreamAddress: "localhost:15255"
      clientAddress: "localhost:15254"
      adminAddress: "localhost:15253"
      startupRole: FOLLOWER
    }
    peers {
      id: "s1"
      address: "localhost:15256"
      dataStreamAddress: "localhost:15259"
      clientAddress: "localhost:15258"
      adminAddress: "localhost:15257"
      startupRole: FOLLOWER
    }
    peers {
      id: "s2"
      address: "localhost:15260"
      dataStreamAddress: "localhost:15263"
      clientAddress: "localhost:15262"
      adminAddress: "localhost:15261"
      startupRole: FOLLOWER
    }
  }
}
leaderCommit: 16
commitInfos {
  server {
    id: "s0"
    address: "localhost:15252"
    dataStreamAddress: "localhost:15255"
    clientAddress: "localhost:15254"
    adminAddress: "localhost:15253"
    startupRole: FOLLOWER
  }
  commitIndex: 16
}
commitInfos {
  server {
    id: "s1"
    address: "localhost:15256"
    dataStreamAddress: "localhost:15259"
    clientAddress: "localhost:15258"
    adminAddress: "localhost:15257"
    startupRole: FOLLOWER
  }
  commitIndex: 16
}
commitInfos {
  server {
    id: "s2"
    address: "localhost:15260"
    dataStreamAddress: "localhost:15263"
    clientAddress: "localhost:15262"
    adminAddress: "localhost:15261"
    startupRole: FOLLOWER
  }
  commitIndex: 16
}
)
2024-10-20 10:46:44,062 [main] WARN  util.ReferenceCountedLeakDetector (ReferenceCountedLeakDetector.java:logLeakMessage(167)) - LEAK: (class org.apache.ratis.proto.RaftProtos$AppendEntriesRequestProto, count=2, value=serverRequest {
  requestorId: "s1"
  replyId: "s2"
  raftGroupId {
    id: "\375\210\024\357\262\375HY\244\207Ci\024Gb\025"
  }
  callId: 8
}
leaderTerm: 9
previousLog {
  term: 9
  index: 16
}
leaderCommit: 16
commitInfos {
  server {
    id: "s1"
    address: "localhost:15256"
    dataStreamAddress: "localhost:15259"
    clientAddress: "localhost:15258"
    adminAddress: "localhost:15257"
    startupRole: FOLLOWER
  }
  commitIndex: 16
}
commitInfos {
  server {
    id: "s0"
    address: "localhost:15252"
    dataStreamAddress: "localhost:15255"
    clientAddress: "localhost:15254"
    adminAddress: "localhost:15253"
    startupRole: FOLLOWER
  }
  commitIndex: 16
}
commitInfos {
  server {
    id: "s2"
    address: "localhost:15260"
    dataStreamAddress: "localhost:15263"
    clientAddress: "localhost:15262"
    adminAddress: "localhost:15261"
    startupRole: FOLLOWER
  }
  commitIndex: 16
}
)
2024-10-20 10:46:44,062 [main] WARN  util.ReferenceCountedLeakDetector (ReferenceCountedLeakDetector.java:logLeakMessage(167)) - LEAK: (class org.apache.ratis.proto.RaftProtos$AppendEntriesRequestProto, count=2, value=serverRequest {
  requestorId: "s1"
  replyId: "s2"
  raftGroupId {
    id: "\375\210\024\357\262\375HY\244\207Ci\024Gb\025"
  }
}
leaderTerm: 11
previousLog {
  term: 10
  index: 18
}
leaderCommit: 17
commitInfos {
  server {
    id: "s1"
    address: "localhost:15256"
    dataStreamAddress: "localhost:15259"
    clientAddress: "localhost:15258"
    adminAddress: "localhost:15257"
    startupRole: FOLLOWER
  }
  commitIndex: 17
}
commitInfos {
  server {
    id: "s0"
    address: "localhost:15252"
    dataStreamAddress: "localhost:15255"
    clientAddress: "localhost:15254"
    adminAddress: "localhost:15253"
    startupRole: FOLLOWER
  }
  commitIndex: 17
}
commitInfos {
  server {
    id: "s2"
    address: "localhost:15260"
    dataStreamAddress: "localhost:15263"
    clientAddress: "localhost:15262"
    adminAddress: "localhost:15261"
    startupRole: FOLLOWER
  }
  commitIndex: 16
}
)
2024-10-20 10:46:44,062 [main] WARN  util.LeakDetector (LeakDetector.java:assertNoLeaks(171)) - 12/30) numLeaks == 5 > 0, will wait and retry ...
2024-10-20 10:46:45,063 [main] WARN  util.ReferenceCountedLeakDetector (ReferenceCountedLeakDetector.java:logLeakMessage(167)) - LEAK: (class org.apache.ratis.proto.RaftProtos$AppendEntriesRequestProto, count=2, value=serverRequest {
  requestorId: "s0"
  replyId: "s2"
  raftGroupId {
    id: "\375\210\024\357\262\375HY\244\207Ci\024Gb\025"
  }
}
leaderTerm: 10
previousLog {
  term: 9
  index: 16
}
leaderCommit: 16
commitInfos {
  server {
    id: "s0"
    address: "localhost:15252"
    dataStreamAddress: "localhost:15255"
    clientAddress: "localhost:15254"
    adminAddress: "localhost:15253"
    startupRole: FOLLOWER
  }
  commitIndex: 16
}
commitInfos {
  server {
    id: "s1"
    address: "localhost:15256"
    dataStreamAddress: "localhost:15259"
    clientAddress: "localhost:15258"
    adminAddress: "localhost:15257"
    startupRole: FOLLOWER
  }
  commitIndex: 16
}
commitInfos {
  server {
    id: "s2"
    address: "localhost:15260"
    dataStreamAddress: "localhost:15263"
    clientAddress: "localhost:15262"
    adminAddress: "localhost:15261"
    startupRole: FOLLOWER
  }
  commitIndex: 16
}
)
2024-10-20 10:46:45,063 [main] WARN  util.ReferenceCountedLeakDetector (ReferenceCountedLeakDetector.java:logLeakMessage(167)) - LEAK: (class org.apache.ratis.proto.RaftProtos$AppendEntriesRequestProto, count=3, value=serverRequest {
  requestorId: "s1"
  replyId: "s2"
  raftGroupId {
    id: "\375\210\024\357\262\375HY\244\207Ci\024Gb\025"
  }
  callId: 1
}
leaderTerm: 11
previousLog {
  term: 10
  index: 18
}
entries {
  term: 11
  index: 19
  configurationEntry {
    peers {
      id: "s0"
      address: "localhost:15252"
      dataStreamAddress: "localhost:15255"
      clientAddress: "localhost:15254"
      adminAddress: "localhost:15253"
      startupRole: FOLLOWER
    }
    peers {
      id: "s1"
      address: "localhost:15256"
      dataStreamAddress: "localhost:15259"
      clientAddress: "localhost:15258"
      adminAddress: "localhost:15257"
      startupRole: FOLLOWER
    }
    peers {
      id: "s2"
      address: "localhost:15260"
      dataStreamAddress: "localhost:15263"
      clientAddress: "localhost:15262"
      adminAddress: "localhost:15261"
      startupRole: FOLLOWER
    }
  }
}
leaderCommit: 17
commitInfos {
  server {
    id: "s1"
    address: "localhost:15256"
    dataStreamAddress: "localhost:15259"
    clientAddress: "localhost:15258"
    adminAddress: "localhost:15257"
    startupRole: FOLLOWER
  }
  commitIndex: 17
}
commitInfos {
  server {
    id: "s0"
    address: "localhost:15252"
    dataStreamAddress: "localhost:15255"
    clientAddress: "localhost:15254"
    adminAddress: "localhost:15253"
    startupRole: FOLLOWER
  }
  commitIndex: 17
}
commitInfos {
  server {
    id: "s2"
    address: "localhost:15260"
    dataStreamAddress: "localhost:15263"
    clientAddress: "localhost:15262"
    adminAddress: "localhost:15261"
    startupRole: FOLLOWER
  }
  commitIndex: 16
}
)
2024-10-20 10:46:45,063 [main] WARN  util.ReferenceCountedLeakDetector (ReferenceCountedLeakDetector.java:logLeakMessage(167)) - LEAK: (class org.apache.ratis.proto.RaftProtos$AppendEntriesRequestProto, count=3, value=serverRequest {
  requestorId: "s0"
  replyId: "s2"
  raftGroupId {
    id: "\375\210\024\357\262\375HY\244\207Ci\024Gb\025"
  }
  callId: 1
}
leaderTerm: 10
previousLog {
  term: 9
  index: 16
}
entries {
  term: 10
  index: 17
  configurationEntry {
    peers {
      id: "s0"
      address: "localhost:15252"
      dataStreamAddress: "localhost:15255"
      clientAddress: "localhost:15254"
      adminAddress: "localhost:15253"
      startupRole: FOLLOWER
    }
    peers {
      id: "s1"
      address: "localhost:15256"
      dataStreamAddress: "localhost:15259"
      clientAddress: "localhost:15258"
      adminAddress: "localhost:15257"
      startupRole: FOLLOWER
    }
    peers {
      id: "s2"
      address: "localhost:15260"
      dataStreamAddress: "localhost:15263"
      clientAddress: "localhost:15262"
      adminAddress: "localhost:15261"
      startupRole: FOLLOWER
    }
  }
}
leaderCommit: 16
commitInfos {
  server {
    id: "s0"
    address: "localhost:15252"
    dataStreamAddress: "localhost:15255"
    clientAddress: "localhost:15254"
    adminAddress: "localhost:15253"
    startupRole: FOLLOWER
  }
  commitIndex: 16
}
commitInfos {
  server {
    id: "s1"
    address: "localhost:15256"
    dataStreamAddress: "localhost:15259"
    clientAddress: "localhost:15258"
    adminAddress: "localhost:15257"
    startupRole: FOLLOWER
  }
  commitIndex: 16
}
commitInfos {
  server {
    id: "s2"
    address: "localhost:15260"
    dataStreamAddress: "localhost:15263"
    clientAddress: "localhost:15262"
    adminAddress: "localhost:15261"
    startupRole: FOLLOWER
  }
  commitIndex: 16
}
)
2024-10-20 10:46:45,063 [main] WARN  util.ReferenceCountedLeakDetector (ReferenceCountedLeakDetector.java:logLeakMessage(167)) - LEAK: (class org.apache.ratis.proto.RaftProtos$AppendEntriesRequestProto, count=2, value=serverRequest {
  requestorId: "s1"
  replyId: "s2"
  raftGroupId {
    id: "\375\210\024\357\262\375HY\244\207Ci\024Gb\025"
  }
  callId: 8
}
leaderTerm: 9
previousLog {
  term: 9
  index: 16
}
leaderCommit: 16
commitInfos {
  server {
    id: "s1"
    address: "localhost:15256"
    dataStreamAddress: "localhost:15259"
    clientAddress: "localhost:15258"
    adminAddress: "localhost:15257"
    startupRole: FOLLOWER
  }
  commitIndex: 16
}
commitInfos {
  server {
    id: "s0"
    address: "localhost:15252"
    dataStreamAddress: "localhost:15255"
    clientAddress: "localhost:15254"
    adminAddress: "localhost:15253"
    startupRole: FOLLOWER
  }
  commitIndex: 16
}
commitInfos {
  server {
    id: "s2"
    address: "localhost:15260"
    dataStreamAddress: "localhost:15263"
    clientAddress: "localhost:15262"
    adminAddress: "localhost:15261"
    startupRole: FOLLOWER
  }
  commitIndex: 16
}
)
2024-10-20 10:46:45,063 [main] WARN  util.ReferenceCountedLeakDetector (ReferenceCountedLeakDetector.java:logLeakMessage(167)) - LEAK: (class org.apache.ratis.proto.RaftProtos$AppendEntriesRequestProto, count=2, value=serverRequest {
  requestorId: "s1"
  replyId: "s2"
  raftGroupId {
    id: "\375\210\024\357\262\375HY\244\207Ci\024Gb\025"
  }
}
leaderTerm: 11
previousLog {
  term: 10
  index: 18
}
leaderCommit: 17
commitInfos {
  server {
    id: "s1"
    address: "localhost:15256"
    dataStreamAddress: "localhost:15259"
    clientAddress: "localhost:15258"
    adminAddress: "localhost:15257"
    startupRole: FOLLOWER
  }
  commitIndex: 17
}
commitInfos {
  server {
    id: "s0"
    address: "localhost:15252"
    dataStreamAddress: "localhost:15255"
    clientAddress: "localhost:15254"
    adminAddress: "localhost:15253"
    startupRole: FOLLOWER
  }
  commitIndex: 17
}
commitInfos {
  server {
    id: "s2"
    address: "localhost:15260"
    dataStreamAddress: "localhost:15263"
    clientAddress: "localhost:15262"
    adminAddress: "localhost:15261"
    startupRole: FOLLOWER
  }
  commitIndex: 16
}
)
2024-10-20 10:46:45,063 [main] WARN  util.LeakDetector (LeakDetector.java:assertNoLeaks(171)) - 13/30) numLeaks == 5 > 0, will wait and retry ...
2024-10-20 10:46:46,064 [main] WARN  util.ReferenceCountedLeakDetector (ReferenceCountedLeakDetector.java:logLeakMessage(167)) - LEAK: (class org.apache.ratis.proto.RaftProtos$AppendEntriesRequestProto, count=2, value=serverRequest {
  requestorId: "s0"
  replyId: "s2"
  raftGroupId {
    id: "\375\210\024\357\262\375HY\244\207Ci\024Gb\025"
  }
}
leaderTerm: 10
previousLog {
  term: 9
  index: 16
}
leaderCommit: 16
commitInfos {
  server {
    id: "s0"
    address: "localhost:15252"
    dataStreamAddress: "localhost:15255"
    clientAddress: "localhost:15254"
    adminAddress: "localhost:15253"
    startupRole: FOLLOWER
  }
  commitIndex: 16
}
commitInfos {
  server {
    id: "s1"
    address: "localhost:15256"
    dataStreamAddress: "localhost:15259"
    clientAddress: "localhost:15258"
    adminAddress: "localhost:15257"
    startupRole: FOLLOWER
  }
  commitIndex: 16
}
commitInfos {
  server {
    id: "s2"
    address: "localhost:15260"
    dataStreamAddress: "localhost:15263"
    clientAddress: "localhost:15262"
    adminAddress: "localhost:15261"
    startupRole: FOLLOWER
  }
  commitIndex: 16
}
)
2024-10-20 10:46:46,064 [main] WARN  util.ReferenceCountedLeakDetector (ReferenceCountedLeakDetector.java:logLeakMessage(167)) - LEAK: (class org.apache.ratis.proto.RaftProtos$AppendEntriesRequestProto, count=3, value=serverRequest {
  requestorId: "s1"
  replyId: "s2"
  raftGroupId {
    id: "\375\210\024\357\262\375HY\244\207Ci\024Gb\025"
  }
  callId: 1
}
leaderTerm: 11
previousLog {
  term: 10
  index: 18
}
entries {
  term: 11
  index: 19
  configurationEntry {
    peers {
      id: "s0"
      address: "localhost:15252"
      dataStreamAddress: "localhost:15255"
      clientAddress: "localhost:15254"
      adminAddress: "localhost:15253"
      startupRole: FOLLOWER
    }
    peers {
      id: "s1"
      address: "localhost:15256"
      dataStreamAddress: "localhost:15259"
      clientAddress: "localhost:15258"
      adminAddress: "localhost:15257"
      startupRole: FOLLOWER
    }
    peers {
      id: "s2"
      address: "localhost:15260"
      dataStreamAddress: "localhost:15263"
      clientAddress: "localhost:15262"
      adminAddress: "localhost:15261"
      startupRole: FOLLOWER
    }
  }
}
leaderCommit: 17
commitInfos {
  server {
    id: "s1"
    address: "localhost:15256"
    dataStreamAddress: "localhost:15259"
    clientAddress: "localhost:15258"
    adminAddress: "localhost:15257"
    startupRole: FOLLOWER
  }
  commitIndex: 17
}
commitInfos {
  server {
    id: "s0"
    address: "localhost:15252"
    dataStreamAddress: "localhost:15255"
    clientAddress: "localhost:15254"
    adminAddress: "localhost:15253"
    startupRole: FOLLOWER
  }
  commitIndex: 17
}
commitInfos {
  server {
    id: "s2"
    address: "localhost:15260"
    dataStreamAddress: "localhost:15263"
    clientAddress: "localhost:15262"
    adminAddress: "localhost:15261"
    startupRole: FOLLOWER
  }
  commitIndex: 16
}
)
2024-10-20 10:46:46,064 [main] WARN  util.ReferenceCountedLeakDetector (ReferenceCountedLeakDetector.java:logLeakMessage(167)) - LEAK: (class org.apache.ratis.proto.RaftProtos$AppendEntriesRequestProto, count=3, value=serverRequest {
  requestorId: "s0"
  replyId: "s2"
  raftGroupId {
    id: "\375\210\024\357\262\375HY\244\207Ci\024Gb\025"
  }
  callId: 1
}
leaderTerm: 10
previousLog {
  term: 9
  index: 16
}
entries {
  term: 10
  index: 17
  configurationEntry {
    peers {
      id: "s0"
      address: "localhost:15252"
      dataStreamAddress: "localhost:15255"
      clientAddress: "localhost:15254"
      adminAddress: "localhost:15253"
      startupRole: FOLLOWER
    }
    peers {
      id: "s1"
      address: "localhost:15256"
      dataStreamAddress: "localhost:15259"
      clientAddress: "localhost:15258"
      adminAddress: "localhost:15257"
      startupRole: FOLLOWER
    }
    peers {
      id: "s2"
      address: "localhost:15260"
      dataStreamAddress: "localhost:15263"
      clientAddress: "localhost:15262"
      adminAddress: "localhost:15261"
      startupRole: FOLLOWER
    }
  }
}
leaderCommit: 16
commitInfos {
  server {
    id: "s0"
    address: "localhost:15252"
    dataStreamAddress: "localhost:15255"
    clientAddress: "localhost:15254"
    adminAddress: "localhost:15253"
    startupRole: FOLLOWER
  }
  commitIndex: 16
}
commitInfos {
  server {
    id: "s1"
    address: "localhost:15256"
    dataStreamAddress: "localhost:15259"
    clientAddress: "localhost:15258"
    adminAddress: "localhost:15257"
    startupRole: FOLLOWER
  }
  commitIndex: 16
}
commitInfos {
  server {
    id: "s2"
    address: "localhost:15260"
    dataStreamAddress: "localhost:15263"
    clientAddress: "localhost:15262"
    adminAddress: "localhost:15261"
    startupRole: FOLLOWER
  }
  commitIndex: 16
}
)
2024-10-20 10:46:46,064 [main] WARN  util.ReferenceCountedLeakDetector (ReferenceCountedLeakDetector.java:logLeakMessage(167)) - LEAK: (class org.apache.ratis.proto.RaftProtos$AppendEntriesRequestProto, count=2, value=serverRequest {
  requestorId: "s1"
  replyId: "s2"
  raftGroupId {
    id: "\375\210\024\357\262\375HY\244\207Ci\024Gb\025"
  }
  callId: 8
}
leaderTerm: 9
previousLog {
  term: 9
  index: 16
}
leaderCommit: 16
commitInfos {
  server {
    id: "s1"
    address: "localhost:15256"
    dataStreamAddress: "localhost:15259"
    clientAddress: "localhost:15258"
    adminAddress: "localhost:15257"
    startupRole: FOLLOWER
  }
  commitIndex: 16
}
commitInfos {
  server {
    id: "s0"
    address: "localhost:15252"
    dataStreamAddress: "localhost:15255"
    clientAddress: "localhost:15254"
    adminAddress: "localhost:15253"
    startupRole: FOLLOWER
  }
  commitIndex: 16
}
commitInfos {
  server {
    id: "s2"
    address: "localhost:15260"
    dataStreamAddress: "localhost:15263"
    clientAddress: "localhost:15262"
    adminAddress: "localhost:15261"
    startupRole: FOLLOWER
  }
  commitIndex: 16
}
)
2024-10-20 10:46:46,065 [main] WARN  util.ReferenceCountedLeakDetector (ReferenceCountedLeakDetector.java:logLeakMessage(167)) - LEAK: (class org.apache.ratis.proto.RaftProtos$AppendEntriesRequestProto, count=2, value=serverRequest {
  requestorId: "s1"
  replyId: "s2"
  raftGroupId {
    id: "\375\210\024\357\262\375HY\244\207Ci\024Gb\025"
  }
}
leaderTerm: 11
previousLog {
  term: 10
  index: 18
}
leaderCommit: 17
commitInfos {
  server {
    id: "s1"
    address: "localhost:15256"
    dataStreamAddress: "localhost:15259"
    clientAddress: "localhost:15258"
    adminAddress: "localhost:15257"
    startupRole: FOLLOWER
  }
  commitIndex: 17
}
commitInfos {
  server {
    id: "s0"
    address: "localhost:15252"
    dataStreamAddress: "localhost:15255"
    clientAddress: "localhost:15254"
    adminAddress: "localhost:15253"
    startupRole: FOLLOWER
  }
  commitIndex: 17
}
commitInfos {
  server {
    id: "s2"
    address: "localhost:15260"
    dataStreamAddress: "localhost:15263"
    clientAddress: "localhost:15262"
    adminAddress: "localhost:15261"
    startupRole: FOLLOWER
  }
  commitIndex: 16
}
)
2024-10-20 10:46:46,065 [main] WARN  util.LeakDetector (LeakDetector.java:assertNoLeaks(171)) - 14/30) numLeaks == 5 > 0, will wait and retry ...
2024-10-20 10:46:47,065 [main] WARN  util.ReferenceCountedLeakDetector (ReferenceCountedLeakDetector.java:logLeakMessage(167)) - LEAK: (class org.apache.ratis.proto.RaftProtos$AppendEntriesRequestProto, count=2, value=serverRequest {
  requestorId: "s0"
  replyId: "s2"
  raftGroupId {
    id: "\375\210\024\357\262\375HY\244\207Ci\024Gb\025"
  }
}
leaderTerm: 10
previousLog {
  term: 9
  index: 16
}
leaderCommit: 16
commitInfos {
  server {
    id: "s0"
    address: "localhost:15252"
    dataStreamAddress: "localhost:15255"
    clientAddress: "localhost:15254"
    adminAddress: "localhost:15253"
    startupRole: FOLLOWER
  }
  commitIndex: 16
}
commitInfos {
  server {
    id: "s1"
    address: "localhost:15256"
    dataStreamAddress: "localhost:15259"
    clientAddress: "localhost:15258"
    adminAddress: "localhost:15257"
    startupRole: FOLLOWER
  }
  commitIndex: 16
}
commitInfos {
  server {
    id: "s2"
    address: "localhost:15260"
    dataStreamAddress: "localhost:15263"
    clientAddress: "localhost:15262"
    adminAddress: "localhost:15261"
    startupRole: FOLLOWER
  }
  commitIndex: 16
}
)
2024-10-20 10:46:47,065 [main] WARN  util.ReferenceCountedLeakDetector (ReferenceCountedLeakDetector.java:logLeakMessage(167)) - LEAK: (class org.apache.ratis.proto.RaftProtos$AppendEntriesRequestProto, count=3, value=serverRequest {
  requestorId: "s1"
  replyId: "s2"
  raftGroupId {
    id: "\375\210\024\357\262\375HY\244\207Ci\024Gb\025"
  }
  callId: 1
}
leaderTerm: 11
previousLog {
  term: 10
  index: 18
}
entries {
  term: 11
  index: 19
  configurationEntry {
    peers {
      id: "s0"
      address: "localhost:15252"
      dataStreamAddress: "localhost:15255"
      clientAddress: "localhost:15254"
      adminAddress: "localhost:15253"
      startupRole: FOLLOWER
    }
    peers {
      id: "s1"
      address: "localhost:15256"
      dataStreamAddress: "localhost:15259"
      clientAddress: "localhost:15258"
      adminAddress: "localhost:15257"
      startupRole: FOLLOWER
    }
    peers {
      id: "s2"
      address: "localhost:15260"
      dataStreamAddress: "localhost:15263"
      clientAddress: "localhost:15262"
      adminAddress: "localhost:15261"
      startupRole: FOLLOWER
    }
  }
}
leaderCommit: 17
commitInfos {
  server {
    id: "s1"
    address: "localhost:15256"
    dataStreamAddress: "localhost:15259"
    clientAddress: "localhost:15258"
    adminAddress: "localhost:15257"
    startupRole: FOLLOWER
  }
  commitIndex: 17
}
commitInfos {
  server {
    id: "s0"
    address: "localhost:15252"
    dataStreamAddress: "localhost:15255"
    clientAddress: "localhost:15254"
    adminAddress: "localhost:15253"
    startupRole: FOLLOWER
  }
  commitIndex: 17
}
commitInfos {
  server {
    id: "s2"
    address: "localhost:15260"
    dataStreamAddress: "localhost:15263"
    clientAddress: "localhost:15262"
    adminAddress: "localhost:15261"
    startupRole: FOLLOWER
  }
  commitIndex: 16
}
)
2024-10-20 10:46:47,065 [main] WARN  util.ReferenceCountedLeakDetector (ReferenceCountedLeakDetector.java:logLeakMessage(167)) - LEAK: (class org.apache.ratis.proto.RaftProtos$AppendEntriesRequestProto, count=3, value=serverRequest {
  requestorId: "s0"
  replyId: "s2"
  raftGroupId {
    id: "\375\210\024\357\262\375HY\244\207Ci\024Gb\025"
  }
  callId: 1
}
leaderTerm: 10
previousLog {
  term: 9
  index: 16
}
entries {
  term: 10
  index: 17
  configurationEntry {
    peers {
      id: "s0"
      address: "localhost:15252"
      dataStreamAddress: "localhost:15255"
      clientAddress: "localhost:15254"
      adminAddress: "localhost:15253"
      startupRole: FOLLOWER
    }
    peers {
      id: "s1"
      address: "localhost:15256"
      dataStreamAddress: "localhost:15259"
      clientAddress: "localhost:15258"
      adminAddress: "localhost:15257"
      startupRole: FOLLOWER
    }
    peers {
      id: "s2"
      address: "localhost:15260"
      dataStreamAddress: "localhost:15263"
      clientAddress: "localhost:15262"
      adminAddress: "localhost:15261"
      startupRole: FOLLOWER
    }
  }
}
leaderCommit: 16
commitInfos {
  server {
    id: "s0"
    address: "localhost:15252"
    dataStreamAddress: "localhost:15255"
    clientAddress: "localhost:15254"
    adminAddress: "localhost:15253"
    startupRole: FOLLOWER
  }
  commitIndex: 16
}
commitInfos {
  server {
    id: "s1"
    address: "localhost:15256"
    dataStreamAddress: "localhost:15259"
    clientAddress: "localhost:15258"
    adminAddress: "localhost:15257"
    startupRole: FOLLOWER
  }
  commitIndex: 16
}
commitInfos {
  server {
    id: "s2"
    address: "localhost:15260"
    dataStreamAddress: "localhost:15263"
    clientAddress: "localhost:15262"
    adminAddress: "localhost:15261"
    startupRole: FOLLOWER
  }
  commitIndex: 16
}
)
2024-10-20 10:46:47,066 [main] WARN  util.ReferenceCountedLeakDetector (ReferenceCountedLeakDetector.java:logLeakMessage(167)) - LEAK: (class org.apache.ratis.proto.RaftProtos$AppendEntriesRequestProto, count=2, value=serverRequest {
  requestorId: "s1"
  replyId: "s2"
  raftGroupId {
    id: "\375\210\024\357\262\375HY\244\207Ci\024Gb\025"
  }
  callId: 8
}
leaderTerm: 9
previousLog {
  term: 9
  index: 16
}
leaderCommit: 16
commitInfos {
  server {
    id: "s1"
    address: "localhost:15256"
    dataStreamAddress: "localhost:15259"
    clientAddress: "localhost:15258"
    adminAddress: "localhost:15257"
    startupRole: FOLLOWER
  }
  commitIndex: 16
}
commitInfos {
  server {
    id: "s0"
    address: "localhost:15252"
    dataStreamAddress: "localhost:15255"
    clientAddress: "localhost:15254"
    adminAddress: "localhost:15253"
    startupRole: FOLLOWER
  }
  commitIndex: 16
}
commitInfos {
  server {
    id: "s2"
    address: "localhost:15260"
    dataStreamAddress: "localhost:15263"
    clientAddress: "localhost:15262"
    adminAddress: "localhost:15261"
    startupRole: FOLLOWER
  }
  commitIndex: 16
}
)
2024-10-20 10:46:47,066 [main] WARN  util.ReferenceCountedLeakDetector (ReferenceCountedLeakDetector.java:logLeakMessage(167)) - LEAK: (class org.apache.ratis.proto.RaftProtos$AppendEntriesRequestProto, count=2, value=serverRequest {
  requestorId: "s1"
  replyId: "s2"
  raftGroupId {
    id: "\375\210\024\357\262\375HY\244\207Ci\024Gb\025"
  }
}
leaderTerm: 11
previousLog {
  term: 10
  index: 18
}
leaderCommit: 17
commitInfos {
  server {
    id: "s1"
    address: "localhost:15256"
    dataStreamAddress: "localhost:15259"
    clientAddress: "localhost:15258"
    adminAddress: "localhost:15257"
    startupRole: FOLLOWER
  }
  commitIndex: 17
}
commitInfos {
  server {
    id: "s0"
    address: "localhost:15252"
    dataStreamAddress: "localhost:15255"
    clientAddress: "localhost:15254"
    adminAddress: "localhost:15253"
    startupRole: FOLLOWER
  }
  commitIndex: 17
}
commitInfos {
  server {
    id: "s2"
    address: "localhost:15260"
    dataStreamAddress: "localhost:15263"
    clientAddress: "localhost:15262"
    adminAddress: "localhost:15261"
    startupRole: FOLLOWER
  }
  commitIndex: 16
}
)
2024-10-20 10:46:47,066 [main] WARN  util.LeakDetector (LeakDetector.java:assertNoLeaks(171)) - 15/30) numLeaks == 5 > 0, will wait and retry ...
2024-10-20 10:46:48,066 [main] WARN  util.ReferenceCountedLeakDetector (ReferenceCountedLeakDetector.java:logLeakMessage(167)) - LEAK: (class org.apache.ratis.proto.RaftProtos$AppendEntriesRequestProto, count=2, value=serverRequest {
  requestorId: "s0"
  replyId: "s2"
  raftGroupId {
    id: "\375\210\024\357\262\375HY\244\207Ci\024Gb\025"
  }
}
leaderTerm: 10
previousLog {
  term: 9
  index: 16
}
leaderCommit: 16
commitInfos {
  server {
    id: "s0"
    address: "localhost:15252"
    dataStreamAddress: "localhost:15255"
    clientAddress: "localhost:15254"
    adminAddress: "localhost:15253"
    startupRole: FOLLOWER
  }
  commitIndex: 16
}
commitInfos {
  server {
    id: "s1"
    address: "localhost:15256"
    dataStreamAddress: "localhost:15259"
    clientAddress: "localhost:15258"
    adminAddress: "localhost:15257"
    startupRole: FOLLOWER
  }
  commitIndex: 16
}
commitInfos {
  server {
    id: "s2"
    address: "localhost:15260"
    dataStreamAddress: "localhost:15263"
    clientAddress: "localhost:15262"
    adminAddress: "localhost:15261"
    startupRole: FOLLOWER
  }
  commitIndex: 16
}
)
2024-10-20 10:46:48,066 [main] WARN  util.ReferenceCountedLeakDetector (ReferenceCountedLeakDetector.java:logLeakMessage(167)) - LEAK: (class org.apache.ratis.proto.RaftProtos$AppendEntriesRequestProto, count=3, value=serverRequest {
  requestorId: "s1"
  replyId: "s2"
  raftGroupId {
    id: "\375\210\024\357\262\375HY\244\207Ci\024Gb\025"
  }
  callId: 1
}
leaderTerm: 11
previousLog {
  term: 10
  index: 18
}
entries {
  term: 11
  index: 19
  configurationEntry {
    peers {
      id: "s0"
      address: "localhost:15252"
      dataStreamAddress: "localhost:15255"
      clientAddress: "localhost:15254"
      adminAddress: "localhost:15253"
      startupRole: FOLLOWER
    }
    peers {
      id: "s1"
      address: "localhost:15256"
      dataStreamAddress: "localhost:15259"
      clientAddress: "localhost:15258"
      adminAddress: "localhost:15257"
      startupRole: FOLLOWER
    }
    peers {
      id: "s2"
      address: "localhost:15260"
      dataStreamAddress: "localhost:15263"
      clientAddress: "localhost:15262"
      adminAddress: "localhost:15261"
      startupRole: FOLLOWER
    }
  }
}
leaderCommit: 17
commitInfos {
  server {
    id: "s1"
    address: "localhost:15256"
    dataStreamAddress: "localhost:15259"
    clientAddress: "localhost:15258"
    adminAddress: "localhost:15257"
    startupRole: FOLLOWER
  }
  commitIndex: 17
}
commitInfos {
  server {
    id: "s0"
    address: "localhost:15252"
    dataStreamAddress: "localhost:15255"
    clientAddress: "localhost:15254"
    adminAddress: "localhost:15253"
    startupRole: FOLLOWER
  }
  commitIndex: 17
}
commitInfos {
  server {
    id: "s2"
    address: "localhost:15260"
    dataStreamAddress: "localhost:15263"
    clientAddress: "localhost:15262"
    adminAddress: "localhost:15261"
    startupRole: FOLLOWER
  }
  commitIndex: 16
}
)
2024-10-20 10:46:48,067 [main] WARN  util.ReferenceCountedLeakDetector (ReferenceCountedLeakDetector.java:logLeakMessage(167)) - LEAK: (class org.apache.ratis.proto.RaftProtos$AppendEntriesRequestProto, count=3, value=serverRequest {
  requestorId: "s0"
  replyId: "s2"
  raftGroupId {
    id: "\375\210\024\357\262\375HY\244\207Ci\024Gb\025"
  }
  callId: 1
}
leaderTerm: 10
previousLog {
  term: 9
  index: 16
}
entries {
  term: 10
  index: 17
  configurationEntry {
    peers {
      id: "s0"
      address: "localhost:15252"
      dataStreamAddress: "localhost:15255"
      clientAddress: "localhost:15254"
      adminAddress: "localhost:15253"
      startupRole: FOLLOWER
    }
    peers {
      id: "s1"
      address: "localhost:15256"
      dataStreamAddress: "localhost:15259"
      clientAddress: "localhost:15258"
      adminAddress: "localhost:15257"
      startupRole: FOLLOWER
    }
    peers {
      id: "s2"
      address: "localhost:15260"
      dataStreamAddress: "localhost:15263"
      clientAddress: "localhost:15262"
      adminAddress: "localhost:15261"
      startupRole: FOLLOWER
    }
  }
}
leaderCommit: 16
commitInfos {
  server {
    id: "s0"
    address: "localhost:15252"
    dataStreamAddress: "localhost:15255"
    clientAddress: "localhost:15254"
    adminAddress: "localhost:15253"
    startupRole: FOLLOWER
  }
  commitIndex: 16
}
commitInfos {
  server {
    id: "s1"
    address: "localhost:15256"
    dataStreamAddress: "localhost:15259"
    clientAddress: "localhost:15258"
    adminAddress: "localhost:15257"
    startupRole: FOLLOWER
  }
  commitIndex: 16
}
commitInfos {
  server {
    id: "s2"
    address: "localhost:15260"
    dataStreamAddress: "localhost:15263"
    clientAddress: "localhost:15262"
    adminAddress: "localhost:15261"
    startupRole: FOLLOWER
  }
  commitIndex: 16
}
)
2024-10-20 10:46:48,067 [main] WARN  util.ReferenceCountedLeakDetector (ReferenceCountedLeakDetector.java:logLeakMessage(167)) - LEAK: (class org.apache.ratis.proto.RaftProtos$AppendEntriesRequestProto, count=2, value=serverRequest {
  requestorId: "s1"
  replyId: "s2"
  raftGroupId {
    id: "\375\210\024\357\262\375HY\244\207Ci\024Gb\025"
  }
  callId: 8
}
leaderTerm: 9
previousLog {
  term: 9
  index: 16
}
leaderCommit: 16
commitInfos {
  server {
    id: "s1"
    address: "localhost:15256"
    dataStreamAddress: "localhost:15259"
    clientAddress: "localhost:15258"
    adminAddress: "localhost:15257"
    startupRole: FOLLOWER
  }
  commitIndex: 16
}
commitInfos {
  server {
    id: "s0"
    address: "localhost:15252"
    dataStreamAddress: "localhost:15255"
    clientAddress: "localhost:15254"
    adminAddress: "localhost:15253"
    startupRole: FOLLOWER
  }
  commitIndex: 16
}
commitInfos {
  server {
    id: "s2"
    address: "localhost:15260"
    dataStreamAddress: "localhost:15263"
    clientAddress: "localhost:15262"
    adminAddress: "localhost:15261"
    startupRole: FOLLOWER
  }
  commitIndex: 16
}
)
2024-10-20 10:46:48,067 [main] WARN  util.ReferenceCountedLeakDetector (ReferenceCountedLeakDetector.java:logLeakMessage(167)) - LEAK: (class org.apache.ratis.proto.RaftProtos$AppendEntriesRequestProto, count=2, value=serverRequest {
  requestorId: "s1"
  replyId: "s2"
  raftGroupId {
    id: "\375\210\024\357\262\375HY\244\207Ci\024Gb\025"
  }
}
leaderTerm: 11
previousLog {
  term: 10
  index: 18
}
leaderCommit: 17
commitInfos {
  server {
    id: "s1"
    address: "localhost:15256"
    dataStreamAddress: "localhost:15259"
    clientAddress: "localhost:15258"
    adminAddress: "localhost:15257"
    startupRole: FOLLOWER
  }
  commitIndex: 17
}
commitInfos {
  server {
    id: "s0"
    address: "localhost:15252"
    dataStreamAddress: "localhost:15255"
    clientAddress: "localhost:15254"
    adminAddress: "localhost:15253"
    startupRole: FOLLOWER
  }
  commitIndex: 17
}
commitInfos {
  server {
    id: "s2"
    address: "localhost:15260"
    dataStreamAddress: "localhost:15263"
    clientAddress: "localhost:15262"
    adminAddress: "localhost:15261"
    startupRole: FOLLOWER
  }
  commitIndex: 16
}
)
2024-10-20 10:46:48,067 [main] WARN  util.LeakDetector (LeakDetector.java:assertNoLeaks(171)) - 16/30) numLeaks == 5 > 0, will wait and retry ...
2024-10-20 10:46:49,067 [main] WARN  util.ReferenceCountedLeakDetector (ReferenceCountedLeakDetector.java:logLeakMessage(167)) - LEAK: (class org.apache.ratis.proto.RaftProtos$AppendEntriesRequestProto, count=2, value=serverRequest {
  requestorId: "s0"
  replyId: "s2"
  raftGroupId {
    id: "\375\210\024\357\262\375HY\244\207Ci\024Gb\025"
  }
}
leaderTerm: 10
previousLog {
  term: 9
  index: 16
}
leaderCommit: 16
commitInfos {
  server {
    id: "s0"
    address: "localhost:15252"
    dataStreamAddress: "localhost:15255"
    clientAddress: "localhost:15254"
    adminAddress: "localhost:15253"
    startupRole: FOLLOWER
  }
  commitIndex: 16
}
commitInfos {
  server {
    id: "s1"
    address: "localhost:15256"
    dataStreamAddress: "localhost:15259"
    clientAddress: "localhost:15258"
    adminAddress: "localhost:15257"
    startupRole: FOLLOWER
  }
  commitIndex: 16
}
commitInfos {
  server {
    id: "s2"
    address: "localhost:15260"
    dataStreamAddress: "localhost:15263"
    clientAddress: "localhost:15262"
    adminAddress: "localhost:15261"
    startupRole: FOLLOWER
  }
  commitIndex: 16
}
)
2024-10-20 10:46:49,068 [main] WARN  util.ReferenceCountedLeakDetector (ReferenceCountedLeakDetector.java:logLeakMessage(167)) - LEAK: (class org.apache.ratis.proto.RaftProtos$AppendEntriesRequestProto, count=3, value=serverRequest {
  requestorId: "s1"
  replyId: "s2"
  raftGroupId {
    id: "\375\210\024\357\262\375HY\244\207Ci\024Gb\025"
  }
  callId: 1
}
leaderTerm: 11
previousLog {
  term: 10
  index: 18
}
entries {
  term: 11
  index: 19
  configurationEntry {
    peers {
      id: "s0"
      address: "localhost:15252"
      dataStreamAddress: "localhost:15255"
      clientAddress: "localhost:15254"
      adminAddress: "localhost:15253"
      startupRole: FOLLOWER
    }
    peers {
      id: "s1"
      address: "localhost:15256"
      dataStreamAddress: "localhost:15259"
      clientAddress: "localhost:15258"
      adminAddress: "localhost:15257"
      startupRole: FOLLOWER
    }
    peers {
      id: "s2"
      address: "localhost:15260"
      dataStreamAddress: "localhost:15263"
      clientAddress: "localhost:15262"
      adminAddress: "localhost:15261"
      startupRole: FOLLOWER
    }
  }
}
leaderCommit: 17
commitInfos {
  server {
    id: "s1"
    address: "localhost:15256"
    dataStreamAddress: "localhost:15259"
    clientAddress: "localhost:15258"
    adminAddress: "localhost:15257"
    startupRole: FOLLOWER
  }
  commitIndex: 17
}
commitInfos {
  server {
    id: "s0"
    address: "localhost:15252"
    dataStreamAddress: "localhost:15255"
    clientAddress: "localhost:15254"
    adminAddress: "localhost:15253"
    startupRole: FOLLOWER
  }
  commitIndex: 17
}
commitInfos {
  server {
    id: "s2"
    address: "localhost:15260"
    dataStreamAddress: "localhost:15263"
    clientAddress: "localhost:15262"
    adminAddress: "localhost:15261"
    startupRole: FOLLOWER
  }
  commitIndex: 16
}
)
2024-10-20 10:46:49,068 [main] WARN  util.ReferenceCountedLeakDetector (ReferenceCountedLeakDetector.java:logLeakMessage(167)) - LEAK: (class org.apache.ratis.proto.RaftProtos$AppendEntriesRequestProto, count=3, value=serverRequest {
  requestorId: "s0"
  replyId: "s2"
  raftGroupId {
    id: "\375\210\024\357\262\375HY\244\207Ci\024Gb\025"
  }
  callId: 1
}
leaderTerm: 10
previousLog {
  term: 9
  index: 16
}
entries {
  term: 10
  index: 17
  configurationEntry {
    peers {
      id: "s0"
      address: "localhost:15252"
      dataStreamAddress: "localhost:15255"
      clientAddress: "localhost:15254"
      adminAddress: "localhost:15253"
      startupRole: FOLLOWER
    }
    peers {
      id: "s1"
      address: "localhost:15256"
      dataStreamAddress: "localhost:15259"
      clientAddress: "localhost:15258"
      adminAddress: "localhost:15257"
      startupRole: FOLLOWER
    }
    peers {
      id: "s2"
      address: "localhost:15260"
      dataStreamAddress: "localhost:15263"
      clientAddress: "localhost:15262"
      adminAddress: "localhost:15261"
      startupRole: FOLLOWER
    }
  }
}
leaderCommit: 16
commitInfos {
  server {
    id: "s0"
    address: "localhost:15252"
    dataStreamAddress: "localhost:15255"
    clientAddress: "localhost:15254"
    adminAddress: "localhost:15253"
    startupRole: FOLLOWER
  }
  commitIndex: 16
}
commitInfos {
  server {
    id: "s1"
    address: "localhost:15256"
    dataStreamAddress: "localhost:15259"
    clientAddress: "localhost:15258"
    adminAddress: "localhost:15257"
    startupRole: FOLLOWER
  }
  commitIndex: 16
}
commitInfos {
  server {
    id: "s2"
    address: "localhost:15260"
    dataStreamAddress: "localhost:15263"
    clientAddress: "localhost:15262"
    adminAddress: "localhost:15261"
    startupRole: FOLLOWER
  }
  commitIndex: 16
}
)
2024-10-20 10:46:49,068 [main] WARN  util.ReferenceCountedLeakDetector (ReferenceCountedLeakDetector.java:logLeakMessage(167)) - LEAK: (class org.apache.ratis.proto.RaftProtos$AppendEntriesRequestProto, count=2, value=serverRequest {
  requestorId: "s1"
  replyId: "s2"
  raftGroupId {
    id: "\375\210\024\357\262\375HY\244\207Ci\024Gb\025"
  }
  callId: 8
}
leaderTerm: 9
previousLog {
  term: 9
  index: 16
}
leaderCommit: 16
commitInfos {
  server {
    id: "s1"
    address: "localhost:15256"
    dataStreamAddress: "localhost:15259"
    clientAddress: "localhost:15258"
    adminAddress: "localhost:15257"
    startupRole: FOLLOWER
  }
  commitIndex: 16
}
commitInfos {
  server {
    id: "s0"
    address: "localhost:15252"
    dataStreamAddress: "localhost:15255"
    clientAddress: "localhost:15254"
    adminAddress: "localhost:15253"
    startupRole: FOLLOWER
  }
  commitIndex: 16
}
commitInfos {
  server {
    id: "s2"
    address: "localhost:15260"
    dataStreamAddress: "localhost:15263"
    clientAddress: "localhost:15262"
    adminAddress: "localhost:15261"
    startupRole: FOLLOWER
  }
  commitIndex: 16
}
)
2024-10-20 10:46:49,068 [main] WARN  util.ReferenceCountedLeakDetector (ReferenceCountedLeakDetector.java:logLeakMessage(167)) - LEAK: (class org.apache.ratis.proto.RaftProtos$AppendEntriesRequestProto, count=2, value=serverRequest {
  requestorId: "s1"
  replyId: "s2"
  raftGroupId {
    id: "\375\210\024\357\262\375HY\244\207Ci\024Gb\025"
  }
}
leaderTerm: 11
previousLog {
  term: 10
  index: 18
}
leaderCommit: 17
commitInfos {
  server {
    id: "s1"
    address: "localhost:15256"
    dataStreamAddress: "localhost:15259"
    clientAddress: "localhost:15258"
    adminAddress: "localhost:15257"
    startupRole: FOLLOWER
  }
  commitIndex: 17
}
commitInfos {
  server {
    id: "s0"
    address: "localhost:15252"
    dataStreamAddress: "localhost:15255"
    clientAddress: "localhost:15254"
    adminAddress: "localhost:15253"
    startupRole: FOLLOWER
  }
  commitIndex: 17
}
commitInfos {
  server {
    id: "s2"
    address: "localhost:15260"
    dataStreamAddress: "localhost:15263"
    clientAddress: "localhost:15262"
    adminAddress: "localhost:15261"
    startupRole: FOLLOWER
  }
  commitIndex: 16
}
)
2024-10-20 10:46:49,069 [main] WARN  util.LeakDetector (LeakDetector.java:assertNoLeaks(171)) - 17/30) numLeaks == 5 > 0, will wait and retry ...
2024-10-20 10:46:50,069 [main] WARN  util.ReferenceCountedLeakDetector (ReferenceCountedLeakDetector.java:logLeakMessage(167)) - LEAK: (class org.apache.ratis.proto.RaftProtos$AppendEntriesRequestProto, count=2, value=serverRequest {
  requestorId: "s0"
  replyId: "s2"
  raftGroupId {
    id: "\375\210\024\357\262\375HY\244\207Ci\024Gb\025"
  }
}
leaderTerm: 10
previousLog {
  term: 9
  index: 16
}
leaderCommit: 16
commitInfos {
  server {
    id: "s0"
    address: "localhost:15252"
    dataStreamAddress: "localhost:15255"
    clientAddress: "localhost:15254"
    adminAddress: "localhost:15253"
    startupRole: FOLLOWER
  }
  commitIndex: 16
}
commitInfos {
  server {
    id: "s1"
    address: "localhost:15256"
    dataStreamAddress: "localhost:15259"
    clientAddress: "localhost:15258"
    adminAddress: "localhost:15257"
    startupRole: FOLLOWER
  }
  commitIndex: 16
}
commitInfos {
  server {
    id: "s2"
    address: "localhost:15260"
    dataStreamAddress: "localhost:15263"
    clientAddress: "localhost:15262"
    adminAddress: "localhost:15261"
    startupRole: FOLLOWER
  }
  commitIndex: 16
}
)
2024-10-20 10:46:50,069 [main] WARN  util.ReferenceCountedLeakDetector (ReferenceCountedLeakDetector.java:logLeakMessage(167)) - LEAK: (class org.apache.ratis.proto.RaftProtos$AppendEntriesRequestProto, count=3, value=serverRequest {
  requestorId: "s1"
  replyId: "s2"
  raftGroupId {
    id: "\375\210\024\357\262\375HY\244\207Ci\024Gb\025"
  }
  callId: 1
}
leaderTerm: 11
previousLog {
  term: 10
  index: 18
}
entries {
  term: 11
  index: 19
  configurationEntry {
    peers {
      id: "s0"
      address: "localhost:15252"
      dataStreamAddress: "localhost:15255"
      clientAddress: "localhost:15254"
      adminAddress: "localhost:15253"
      startupRole: FOLLOWER
    }
    peers {
      id: "s1"
      address: "localhost:15256"
      dataStreamAddress: "localhost:15259"
      clientAddress: "localhost:15258"
      adminAddress: "localhost:15257"
      startupRole: FOLLOWER
    }
    peers {
      id: "s2"
      address: "localhost:15260"
      dataStreamAddress: "localhost:15263"
      clientAddress: "localhost:15262"
      adminAddress: "localhost:15261"
      startupRole: FOLLOWER
    }
  }
}
leaderCommit: 17
commitInfos {
  server {
    id: "s1"
    address: "localhost:15256"
    dataStreamAddress: "localhost:15259"
    clientAddress: "localhost:15258"
    adminAddress: "localhost:15257"
    startupRole: FOLLOWER
  }
  commitIndex: 17
}
commitInfos {
  server {
    id: "s0"
    address: "localhost:15252"
    dataStreamAddress: "localhost:15255"
    clientAddress: "localhost:15254"
    adminAddress: "localhost:15253"
    startupRole: FOLLOWER
  }
  commitIndex: 17
}
commitInfos {
  server {
    id: "s2"
    address: "localhost:15260"
    dataStreamAddress: "localhost:15263"
    clientAddress: "localhost:15262"
    adminAddress: "localhost:15261"
    startupRole: FOLLOWER
  }
  commitIndex: 16
}
)
2024-10-20 10:46:50,069 [main] WARN  util.ReferenceCountedLeakDetector (ReferenceCountedLeakDetector.java:logLeakMessage(167)) - LEAK: (class org.apache.ratis.proto.RaftProtos$AppendEntriesRequestProto, count=3, value=serverRequest {
  requestorId: "s0"
  replyId: "s2"
  raftGroupId {
    id: "\375\210\024\357\262\375HY\244\207Ci\024Gb\025"
  }
  callId: 1
}
leaderTerm: 10
previousLog {
  term: 9
  index: 16
}
entries {
  term: 10
  index: 17
  configurationEntry {
    peers {
      id: "s0"
      address: "localhost:15252"
      dataStreamAddress: "localhost:15255"
      clientAddress: "localhost:15254"
      adminAddress: "localhost:15253"
      startupRole: FOLLOWER
    }
    peers {
      id: "s1"
      address: "localhost:15256"
      dataStreamAddress: "localhost:15259"
      clientAddress: "localhost:15258"
      adminAddress: "localhost:15257"
      startupRole: FOLLOWER
    }
    peers {
      id: "s2"
      address: "localhost:15260"
      dataStreamAddress: "localhost:15263"
      clientAddress: "localhost:15262"
      adminAddress: "localhost:15261"
      startupRole: FOLLOWER
    }
  }
}
leaderCommit: 16
commitInfos {
  server {
    id: "s0"
    address: "localhost:15252"
    dataStreamAddress: "localhost:15255"
    clientAddress: "localhost:15254"
    adminAddress: "localhost:15253"
    startupRole: FOLLOWER
  }
  commitIndex: 16
}
commitInfos {
  server {
    id: "s1"
    address: "localhost:15256"
    dataStreamAddress: "localhost:15259"
    clientAddress: "localhost:15258"
    adminAddress: "localhost:15257"
    startupRole: FOLLOWER
  }
  commitIndex: 16
}
commitInfos {
  server {
    id: "s2"
    address: "localhost:15260"
    dataStreamAddress: "localhost:15263"
    clientAddress: "localhost:15262"
    adminAddress: "localhost:15261"
    startupRole: FOLLOWER
  }
  commitIndex: 16
}
)
2024-10-20 10:46:50,069 [main] WARN  util.ReferenceCountedLeakDetector (ReferenceCountedLeakDetector.java:logLeakMessage(167)) - LEAK: (class org.apache.ratis.proto.RaftProtos$AppendEntriesRequestProto, count=2, value=serverRequest {
  requestorId: "s1"
  replyId: "s2"
  raftGroupId {
    id: "\375\210\024\357\262\375HY\244\207Ci\024Gb\025"
  }
  callId: 8
}
leaderTerm: 9
previousLog {
  term: 9
  index: 16
}
leaderCommit: 16
commitInfos {
  server {
    id: "s1"
    address: "localhost:15256"
    dataStreamAddress: "localhost:15259"
    clientAddress: "localhost:15258"
    adminAddress: "localhost:15257"
    startupRole: FOLLOWER
  }
  commitIndex: 16
}
commitInfos {
  server {
    id: "s0"
    address: "localhost:15252"
    dataStreamAddress: "localhost:15255"
    clientAddress: "localhost:15254"
    adminAddress: "localhost:15253"
    startupRole: FOLLOWER
  }
  commitIndex: 16
}
commitInfos {
  server {
    id: "s2"
    address: "localhost:15260"
    dataStreamAddress: "localhost:15263"
    clientAddress: "localhost:15262"
    adminAddress: "localhost:15261"
    startupRole: FOLLOWER
  }
  commitIndex: 16
}
)
2024-10-20 10:46:50,069 [main] WARN  util.ReferenceCountedLeakDetector (ReferenceCountedLeakDetector.java:logLeakMessage(167)) - LEAK: (class org.apache.ratis.proto.RaftProtos$AppendEntriesRequestProto, count=2, value=serverRequest {
  requestorId: "s1"
  replyId: "s2"
  raftGroupId {
    id: "\375\210\024\357\262\375HY\244\207Ci\024Gb\025"
  }
}
leaderTerm: 11
previousLog {
  term: 10
  index: 18
}
leaderCommit: 17
commitInfos {
  server {
    id: "s1"
    address: "localhost:15256"
    dataStreamAddress: "localhost:15259"
    clientAddress: "localhost:15258"
    adminAddress: "localhost:15257"
    startupRole: FOLLOWER
  }
  commitIndex: 17
}
commitInfos {
  server {
    id: "s0"
    address: "localhost:15252"
    dataStreamAddress: "localhost:15255"
    clientAddress: "localhost:15254"
    adminAddress: "localhost:15253"
    startupRole: FOLLOWER
  }
  commitIndex: 17
}
commitInfos {
  server {
    id: "s2"
    address: "localhost:15260"
    dataStreamAddress: "localhost:15263"
    clientAddress: "localhost:15262"
    adminAddress: "localhost:15261"
    startupRole: FOLLOWER
  }
  commitIndex: 16
}
)
2024-10-20 10:46:50,070 [main] WARN  util.LeakDetector (LeakDetector.java:assertNoLeaks(171)) - 18/30) numLeaks == 5 > 0, will wait and retry ...
2024-10-20 10:46:51,070 [main] WARN  util.ReferenceCountedLeakDetector (ReferenceCountedLeakDetector.java:logLeakMessage(167)) - LEAK: (class org.apache.ratis.proto.RaftProtos$AppendEntriesRequestProto, count=2, value=serverRequest {
  requestorId: "s0"
  replyId: "s2"
  raftGroupId {
    id: "\375\210\024\357\262\375HY\244\207Ci\024Gb\025"
  }
}
leaderTerm: 10
previousLog {
  term: 9
  index: 16
}
leaderCommit: 16
commitInfos {
  server {
    id: "s0"
    address: "localhost:15252"
    dataStreamAddress: "localhost:15255"
    clientAddress: "localhost:15254"
    adminAddress: "localhost:15253"
    startupRole: FOLLOWER
  }
  commitIndex: 16
}
commitInfos {
  server {
    id: "s1"
    address: "localhost:15256"
    dataStreamAddress: "localhost:15259"
    clientAddress: "localhost:15258"
    adminAddress: "localhost:15257"
    startupRole: FOLLOWER
  }
  commitIndex: 16
}
commitInfos {
  server {
    id: "s2"
    address: "localhost:15260"
    dataStreamAddress: "localhost:15263"
    clientAddress: "localhost:15262"
    adminAddress: "localhost:15261"
    startupRole: FOLLOWER
  }
  commitIndex: 16
}
)
2024-10-20 10:46:51,070 [main] WARN  util.ReferenceCountedLeakDetector (ReferenceCountedLeakDetector.java:logLeakMessage(167)) - LEAK: (class org.apache.ratis.proto.RaftProtos$AppendEntriesRequestProto, count=3, value=serverRequest {
  requestorId: "s1"
  replyId: "s2"
  raftGroupId {
    id: "\375\210\024\357\262\375HY\244\207Ci\024Gb\025"
  }
  callId: 1
}
leaderTerm: 11
previousLog {
  term: 10
  index: 18
}
entries {
  term: 11
  index: 19
  configurationEntry {
    peers {
      id: "s0"
      address: "localhost:15252"
      dataStreamAddress: "localhost:15255"
      clientAddress: "localhost:15254"
      adminAddress: "localhost:15253"
      startupRole: FOLLOWER
    }
    peers {
      id: "s1"
      address: "localhost:15256"
      dataStreamAddress: "localhost:15259"
      clientAddress: "localhost:15258"
      adminAddress: "localhost:15257"
      startupRole: FOLLOWER
    }
    peers {
      id: "s2"
      address: "localhost:15260"
      dataStreamAddress: "localhost:15263"
      clientAddress: "localhost:15262"
      adminAddress: "localhost:15261"
      startupRole: FOLLOWER
    }
  }
}
leaderCommit: 17
commitInfos {
  server {
    id: "s1"
    address: "localhost:15256"
    dataStreamAddress: "localhost:15259"
    clientAddress: "localhost:15258"
    adminAddress: "localhost:15257"
    startupRole: FOLLOWER
  }
  commitIndex: 17
}
commitInfos {
  server {
    id: "s0"
    address: "localhost:15252"
    dataStreamAddress: "localhost:15255"
    clientAddress: "localhost:15254"
    adminAddress: "localhost:15253"
    startupRole: FOLLOWER
  }
  commitIndex: 17
}
commitInfos {
  server {
    id: "s2"
    address: "localhost:15260"
    dataStreamAddress: "localhost:15263"
    clientAddress: "localhost:15262"
    adminAddress: "localhost:15261"
    startupRole: FOLLOWER
  }
  commitIndex: 16
}
)
2024-10-20 10:46:51,070 [main] WARN  util.ReferenceCountedLeakDetector (ReferenceCountedLeakDetector.java:logLeakMessage(167)) - LEAK: (class org.apache.ratis.proto.RaftProtos$AppendEntriesRequestProto, count=3, value=serverRequest {
  requestorId: "s0"
  replyId: "s2"
  raftGroupId {
    id: "\375\210\024\357\262\375HY\244\207Ci\024Gb\025"
  }
  callId: 1
}
leaderTerm: 10
previousLog {
  term: 9
  index: 16
}
entries {
  term: 10
  index: 17
  configurationEntry {
    peers {
      id: "s0"
      address: "localhost:15252"
      dataStreamAddress: "localhost:15255"
      clientAddress: "localhost:15254"
      adminAddress: "localhost:15253"
      startupRole: FOLLOWER
    }
    peers {
      id: "s1"
      address: "localhost:15256"
      dataStreamAddress: "localhost:15259"
      clientAddress: "localhost:15258"
      adminAddress: "localhost:15257"
      startupRole: FOLLOWER
    }
    peers {
      id: "s2"
      address: "localhost:15260"
      dataStreamAddress: "localhost:15263"
      clientAddress: "localhost:15262"
      adminAddress: "localhost:15261"
      startupRole: FOLLOWER
    }
  }
}
leaderCommit: 16
commitInfos {
  server {
    id: "s0"
    address: "localhost:15252"
    dataStreamAddress: "localhost:15255"
    clientAddress: "localhost:15254"
    adminAddress: "localhost:15253"
    startupRole: FOLLOWER
  }
  commitIndex: 16
}
commitInfos {
  server {
    id: "s1"
    address: "localhost:15256"
    dataStreamAddress: "localhost:15259"
    clientAddress: "localhost:15258"
    adminAddress: "localhost:15257"
    startupRole: FOLLOWER
  }
  commitIndex: 16
}
commitInfos {
  server {
    id: "s2"
    address: "localhost:15260"
    dataStreamAddress: "localhost:15263"
    clientAddress: "localhost:15262"
    adminAddress: "localhost:15261"
    startupRole: FOLLOWER
  }
  commitIndex: 16
}
)
2024-10-20 10:46:51,070 [main] WARN  util.ReferenceCountedLeakDetector (ReferenceCountedLeakDetector.java:logLeakMessage(167)) - LEAK: (class org.apache.ratis.proto.RaftProtos$AppendEntriesRequestProto, count=2, value=serverRequest {
  requestorId: "s1"
  replyId: "s2"
  raftGroupId {
    id: "\375\210\024\357\262\375HY\244\207Ci\024Gb\025"
  }
  callId: 8
}
leaderTerm: 9
previousLog {
  term: 9
  index: 16
}
leaderCommit: 16
commitInfos {
  server {
    id: "s1"
    address: "localhost:15256"
    dataStreamAddress: "localhost:15259"
    clientAddress: "localhost:15258"
    adminAddress: "localhost:15257"
    startupRole: FOLLOWER
  }
  commitIndex: 16
}
commitInfos {
  server {
    id: "s0"
    address: "localhost:15252"
    dataStreamAddress: "localhost:15255"
    clientAddress: "localhost:15254"
    adminAddress: "localhost:15253"
    startupRole: FOLLOWER
  }
  commitIndex: 16
}
commitInfos {
  server {
    id: "s2"
    address: "localhost:15260"
    dataStreamAddress: "localhost:15263"
    clientAddress: "localhost:15262"
    adminAddress: "localhost:15261"
    startupRole: FOLLOWER
  }
  commitIndex: 16
}
)
2024-10-20 10:46:51,070 [main] WARN  util.ReferenceCountedLeakDetector (ReferenceCountedLeakDetector.java:logLeakMessage(167)) - LEAK: (class org.apache.ratis.proto.RaftProtos$AppendEntriesRequestProto, count=2, value=serverRequest {
  requestorId: "s1"
  replyId: "s2"
  raftGroupId {
    id: "\375\210\024\357\262\375HY\244\207Ci\024Gb\025"
  }
}
leaderTerm: 11
previousLog {
  term: 10
  index: 18
}
leaderCommit: 17
commitInfos {
  server {
    id: "s1"
    address: "localhost:15256"
    dataStreamAddress: "localhost:15259"
    clientAddress: "localhost:15258"
    adminAddress: "localhost:15257"
    startupRole: FOLLOWER
  }
  commitIndex: 17
}
commitInfos {
  server {
    id: "s0"
    address: "localhost:15252"
    dataStreamAddress: "localhost:15255"
    clientAddress: "localhost:15254"
    adminAddress: "localhost:15253"
    startupRole: FOLLOWER
  }
  commitIndex: 17
}
commitInfos {
  server {
    id: "s2"
    address: "localhost:15260"
    dataStreamAddress: "localhost:15263"
    clientAddress: "localhost:15262"
    adminAddress: "localhost:15261"
    startupRole: FOLLOWER
  }
  commitIndex: 16
}
)
2024-10-20 10:46:51,071 [main] WARN  util.LeakDetector (LeakDetector.java:assertNoLeaks(171)) - 19/30) numLeaks == 5 > 0, will wait and retry ...
2024-10-20 10:46:52,071 [main] WARN  util.ReferenceCountedLeakDetector (ReferenceCountedLeakDetector.java:logLeakMessage(167)) - LEAK: (class org.apache.ratis.proto.RaftProtos$AppendEntriesRequestProto, count=2, value=serverRequest {
  requestorId: "s0"
  replyId: "s2"
  raftGroupId {
    id: "\375\210\024\357\262\375HY\244\207Ci\024Gb\025"
  }
}
leaderTerm: 10
previousLog {
  term: 9
  index: 16
}
leaderCommit: 16
commitInfos {
  server {
    id: "s0"
    address: "localhost:15252"
    dataStreamAddress: "localhost:15255"
    clientAddress: "localhost:15254"
    adminAddress: "localhost:15253"
    startupRole: FOLLOWER
  }
  commitIndex: 16
}
commitInfos {
  server {
    id: "s1"
    address: "localhost:15256"
    dataStreamAddress: "localhost:15259"
    clientAddress: "localhost:15258"
    adminAddress: "localhost:15257"
    startupRole: FOLLOWER
  }
  commitIndex: 16
}
commitInfos {
  server {
    id: "s2"
    address: "localhost:15260"
    dataStreamAddress: "localhost:15263"
    clientAddress: "localhost:15262"
    adminAddress: "localhost:15261"
    startupRole: FOLLOWER
  }
  commitIndex: 16
}
)
2024-10-20 10:46:52,071 [main] WARN  util.ReferenceCountedLeakDetector (ReferenceCountedLeakDetector.java:logLeakMessage(167)) - LEAK: (class org.apache.ratis.proto.RaftProtos$AppendEntriesRequestProto, count=3, value=serverRequest {
  requestorId: "s1"
  replyId: "s2"
  raftGroupId {
    id: "\375\210\024\357\262\375HY\244\207Ci\024Gb\025"
  }
  callId: 1
}
leaderTerm: 11
previousLog {
  term: 10
  index: 18
}
entries {
  term: 11
  index: 19
  configurationEntry {
    peers {
      id: "s0"
      address: "localhost:15252"
      dataStreamAddress: "localhost:15255"
      clientAddress: "localhost:15254"
      adminAddress: "localhost:15253"
      startupRole: FOLLOWER
    }
    peers {
      id: "s1"
      address: "localhost:15256"
      dataStreamAddress: "localhost:15259"
      clientAddress: "localhost:15258"
      adminAddress: "localhost:15257"
      startupRole: FOLLOWER
    }
    peers {
      id: "s2"
      address: "localhost:15260"
      dataStreamAddress: "localhost:15263"
      clientAddress: "localhost:15262"
      adminAddress: "localhost:15261"
      startupRole: FOLLOWER
    }
  }
}
leaderCommit: 17
commitInfos {
  server {
    id: "s1"
    address: "localhost:15256"
    dataStreamAddress: "localhost:15259"
    clientAddress: "localhost:15258"
    adminAddress: "localhost:15257"
    startupRole: FOLLOWER
  }
  commitIndex: 17
}
commitInfos {
  server {
    id: "s0"
    address: "localhost:15252"
    dataStreamAddress: "localhost:15255"
    clientAddress: "localhost:15254"
    adminAddress: "localhost:15253"
    startupRole: FOLLOWER
  }
  commitIndex: 17
}
commitInfos {
  server {
    id: "s2"
    address: "localhost:15260"
    dataStreamAddress: "localhost:15263"
    clientAddress: "localhost:15262"
    adminAddress: "localhost:15261"
    startupRole: FOLLOWER
  }
  commitIndex: 16
}
)
2024-10-20 10:46:52,071 [main] WARN  util.ReferenceCountedLeakDetector (ReferenceCountedLeakDetector.java:logLeakMessage(167)) - LEAK: (class org.apache.ratis.proto.RaftProtos$AppendEntriesRequestProto, count=3, value=serverRequest {
  requestorId: "s0"
  replyId: "s2"
  raftGroupId {
    id: "\375\210\024\357\262\375HY\244\207Ci\024Gb\025"
  }
  callId: 1
}
leaderTerm: 10
previousLog {
  term: 9
  index: 16
}
entries {
  term: 10
  index: 17
  configurationEntry {
    peers {
      id: "s0"
      address: "localhost:15252"
      dataStreamAddress: "localhost:15255"
      clientAddress: "localhost:15254"
      adminAddress: "localhost:15253"
      startupRole: FOLLOWER
    }
    peers {
      id: "s1"
      address: "localhost:15256"
      dataStreamAddress: "localhost:15259"
      clientAddress: "localhost:15258"
      adminAddress: "localhost:15257"
      startupRole: FOLLOWER
    }
    peers {
      id: "s2"
      address: "localhost:15260"
      dataStreamAddress: "localhost:15263"
      clientAddress: "localhost:15262"
      adminAddress: "localhost:15261"
      startupRole: FOLLOWER
    }
  }
}
leaderCommit: 16
commitInfos {
  server {
    id: "s0"
    address: "localhost:15252"
    dataStreamAddress: "localhost:15255"
    clientAddress: "localhost:15254"
    adminAddress: "localhost:15253"
    startupRole: FOLLOWER
  }
  commitIndex: 16
}
commitInfos {
  server {
    id: "s1"
    address: "localhost:15256"
    dataStreamAddress: "localhost:15259"
    clientAddress: "localhost:15258"
    adminAddress: "localhost:15257"
    startupRole: FOLLOWER
  }
  commitIndex: 16
}
commitInfos {
  server {
    id: "s2"
    address: "localhost:15260"
    dataStreamAddress: "localhost:15263"
    clientAddress: "localhost:15262"
    adminAddress: "localhost:15261"
    startupRole: FOLLOWER
  }
  commitIndex: 16
}
)
2024-10-20 10:46:52,071 [main] WARN  util.ReferenceCountedLeakDetector (ReferenceCountedLeakDetector.java:logLeakMessage(167)) - LEAK: (class org.apache.ratis.proto.RaftProtos$AppendEntriesRequestProto, count=2, value=serverRequest {
  requestorId: "s1"
  replyId: "s2"
  raftGroupId {
    id: "\375\210\024\357\262\375HY\244\207Ci\024Gb\025"
  }
  callId: 8
}
leaderTerm: 9
previousLog {
  term: 9
  index: 16
}
leaderCommit: 16
commitInfos {
  server {
    id: "s1"
    address: "localhost:15256"
    dataStreamAddress: "localhost:15259"
    clientAddress: "localhost:15258"
    adminAddress: "localhost:15257"
    startupRole: FOLLOWER
  }
  commitIndex: 16
}
commitInfos {
  server {
    id: "s0"
    address: "localhost:15252"
    dataStreamAddress: "localhost:15255"
    clientAddress: "localhost:15254"
    adminAddress: "localhost:15253"
    startupRole: FOLLOWER
  }
  commitIndex: 16
}
commitInfos {
  server {
    id: "s2"
    address: "localhost:15260"
    dataStreamAddress: "localhost:15263"
    clientAddress: "localhost:15262"
    adminAddress: "localhost:15261"
    startupRole: FOLLOWER
  }
  commitIndex: 16
}
)
2024-10-20 10:46:52,071 [main] WARN  util.ReferenceCountedLeakDetector (ReferenceCountedLeakDetector.java:logLeakMessage(167)) - LEAK: (class org.apache.ratis.proto.RaftProtos$AppendEntriesRequestProto, count=2, value=serverRequest {
  requestorId: "s1"
  replyId: "s2"
  raftGroupId {
    id: "\375\210\024\357\262\375HY\244\207Ci\024Gb\025"
  }
}
leaderTerm: 11
previousLog {
  term: 10
  index: 18
}
leaderCommit: 17
commitInfos {
  server {
    id: "s1"
    address: "localhost:15256"
    dataStreamAddress: "localhost:15259"
    clientAddress: "localhost:15258"
    adminAddress: "localhost:15257"
    startupRole: FOLLOWER
  }
  commitIndex: 17
}
commitInfos {
  server {
    id: "s0"
    address: "localhost:15252"
    dataStreamAddress: "localhost:15255"
    clientAddress: "localhost:15254"
    adminAddress: "localhost:15253"
    startupRole: FOLLOWER
  }
  commitIndex: 17
}
commitInfos {
  server {
    id: "s2"
    address: "localhost:15260"
    dataStreamAddress: "localhost:15263"
    clientAddress: "localhost:15262"
    adminAddress: "localhost:15261"
    startupRole: FOLLOWER
  }
  commitIndex: 16
}
)
2024-10-20 10:46:52,071 [main] WARN  util.LeakDetector (LeakDetector.java:assertNoLeaks(171)) - 20/30) numLeaks == 5 > 0, will wait and retry ...
2024-10-20 10:46:53,072 [main] WARN  util.ReferenceCountedLeakDetector (ReferenceCountedLeakDetector.java:logLeakMessage(167)) - LEAK: (class org.apache.ratis.proto.RaftProtos$AppendEntriesRequestProto, count=2, value=serverRequest {
  requestorId: "s0"
  replyId: "s2"
  raftGroupId {
    id: "\375\210\024\357\262\375HY\244\207Ci\024Gb\025"
  }
}
leaderTerm: 10
previousLog {
  term: 9
  index: 16
}
leaderCommit: 16
commitInfos {
  server {
    id: "s0"
    address: "localhost:15252"
    dataStreamAddress: "localhost:15255"
    clientAddress: "localhost:15254"
    adminAddress: "localhost:15253"
    startupRole: FOLLOWER
  }
  commitIndex: 16
}
commitInfos {
  server {
    id: "s1"
    address: "localhost:15256"
    dataStreamAddress: "localhost:15259"
    clientAddress: "localhost:15258"
    adminAddress: "localhost:15257"
    startupRole: FOLLOWER
  }
  commitIndex: 16
}
commitInfos {
  server {
    id: "s2"
    address: "localhost:15260"
    dataStreamAddress: "localhost:15263"
    clientAddress: "localhost:15262"
    adminAddress: "localhost:15261"
    startupRole: FOLLOWER
  }
  commitIndex: 16
}
)
2024-10-20 10:46:53,072 [main] WARN  util.ReferenceCountedLeakDetector (ReferenceCountedLeakDetector.java:logLeakMessage(167)) - LEAK: (class org.apache.ratis.proto.RaftProtos$AppendEntriesRequestProto, count=3, value=serverRequest {
  requestorId: "s1"
  replyId: "s2"
  raftGroupId {
    id: "\375\210\024\357\262\375HY\244\207Ci\024Gb\025"
  }
  callId: 1
}
leaderTerm: 11
previousLog {
  term: 10
  index: 18
}
entries {
  term: 11
  index: 19
  configurationEntry {
    peers {
      id: "s0"
      address: "localhost:15252"
      dataStreamAddress: "localhost:15255"
      clientAddress: "localhost:15254"
      adminAddress: "localhost:15253"
      startupRole: FOLLOWER
    }
    peers {
      id: "s1"
      address: "localhost:15256"
      dataStreamAddress: "localhost:15259"
      clientAddress: "localhost:15258"
      adminAddress: "localhost:15257"
      startupRole: FOLLOWER
    }
    peers {
      id: "s2"
      address: "localhost:15260"
      dataStreamAddress: "localhost:15263"
      clientAddress: "localhost:15262"
      adminAddress: "localhost:15261"
      startupRole: FOLLOWER
    }
  }
}
leaderCommit: 17
commitInfos {
  server {
    id: "s1"
    address: "localhost:15256"
    dataStreamAddress: "localhost:15259"
    clientAddress: "localhost:15258"
    adminAddress: "localhost:15257"
    startupRole: FOLLOWER
  }
  commitIndex: 17
}
commitInfos {
  server {
    id: "s0"
    address: "localhost:15252"
    dataStreamAddress: "localhost:15255"
    clientAddress: "localhost:15254"
    adminAddress: "localhost:15253"
    startupRole: FOLLOWER
  }
  commitIndex: 17
}
commitInfos {
  server {
    id: "s2"
    address: "localhost:15260"
    dataStreamAddress: "localhost:15263"
    clientAddress: "localhost:15262"
    adminAddress: "localhost:15261"
    startupRole: FOLLOWER
  }
  commitIndex: 16
}
)
2024-10-20 10:46:53,072 [main] WARN  util.ReferenceCountedLeakDetector (ReferenceCountedLeakDetector.java:logLeakMessage(167)) - LEAK: (class org.apache.ratis.proto.RaftProtos$AppendEntriesRequestProto, count=3, value=serverRequest {
  requestorId: "s0"
  replyId: "s2"
  raftGroupId {
    id: "\375\210\024\357\262\375HY\244\207Ci\024Gb\025"
  }
  callId: 1
}
leaderTerm: 10
previousLog {
  term: 9
  index: 16
}
entries {
  term: 10
  index: 17
  configurationEntry {
    peers {
      id: "s0"
      address: "localhost:15252"
      dataStreamAddress: "localhost:15255"
      clientAddress: "localhost:15254"
      adminAddress: "localhost:15253"
      startupRole: FOLLOWER
    }
    peers {
      id: "s1"
      address: "localhost:15256"
      dataStreamAddress: "localhost:15259"
      clientAddress: "localhost:15258"
      adminAddress: "localhost:15257"
      startupRole: FOLLOWER
    }
    peers {
      id: "s2"
      address: "localhost:15260"
      dataStreamAddress: "localhost:15263"
      clientAddress: "localhost:15262"
      adminAddress: "localhost:15261"
      startupRole: FOLLOWER
    }
  }
}
leaderCommit: 16
commitInfos {
  server {
    id: "s0"
    address: "localhost:15252"
    dataStreamAddress: "localhost:15255"
    clientAddress: "localhost:15254"
    adminAddress: "localhost:15253"
    startupRole: FOLLOWER
  }
  commitIndex: 16
}
commitInfos {
  server {
    id: "s1"
    address: "localhost:15256"
    dataStreamAddress: "localhost:15259"
    clientAddress: "localhost:15258"
    adminAddress: "localhost:15257"
    startupRole: FOLLOWER
  }
  commitIndex: 16
}
commitInfos {
  server {
    id: "s2"
    address: "localhost:15260"
    dataStreamAddress: "localhost:15263"
    clientAddress: "localhost:15262"
    adminAddress: "localhost:15261"
    startupRole: FOLLOWER
  }
  commitIndex: 16
}
)
2024-10-20 10:46:53,072 [main] WARN  util.ReferenceCountedLeakDetector (ReferenceCountedLeakDetector.java:logLeakMessage(167)) - LEAK: (class org.apache.ratis.proto.RaftProtos$AppendEntriesRequestProto, count=2, value=serverRequest {
  requestorId: "s1"
  replyId: "s2"
  raftGroupId {
    id: "\375\210\024\357\262\375HY\244\207Ci\024Gb\025"
  }
  callId: 8
}
leaderTerm: 9
previousLog {
  term: 9
  index: 16
}
leaderCommit: 16
commitInfos {
  server {
    id: "s1"
    address: "localhost:15256"
    dataStreamAddress: "localhost:15259"
    clientAddress: "localhost:15258"
    adminAddress: "localhost:15257"
    startupRole: FOLLOWER
  }
  commitIndex: 16
}
commitInfos {
  server {
    id: "s0"
    address: "localhost:15252"
    dataStreamAddress: "localhost:15255"
    clientAddress: "localhost:15254"
    adminAddress: "localhost:15253"
    startupRole: FOLLOWER
  }
  commitIndex: 16
}
commitInfos {
  server {
    id: "s2"
    address: "localhost:15260"
    dataStreamAddress: "localhost:15263"
    clientAddress: "localhost:15262"
    adminAddress: "localhost:15261"
    startupRole: FOLLOWER
  }
  commitIndex: 16
}
)
2024-10-20 10:46:53,072 [main] WARN  util.ReferenceCountedLeakDetector (ReferenceCountedLeakDetector.java:logLeakMessage(167)) - LEAK: (class org.apache.ratis.proto.RaftProtos$AppendEntriesRequestProto, count=2, value=serverRequest {
  requestorId: "s1"
  replyId: "s2"
  raftGroupId {
    id: "\375\210\024\357\262\375HY\244\207Ci\024Gb\025"
  }
}
leaderTerm: 11
previousLog {
  term: 10
  index: 18
}
leaderCommit: 17
commitInfos {
  server {
    id: "s1"
    address: "localhost:15256"
    dataStreamAddress: "localhost:15259"
    clientAddress: "localhost:15258"
    adminAddress: "localhost:15257"
    startupRole: FOLLOWER
  }
  commitIndex: 17
}
commitInfos {
  server {
    id: "s0"
    address: "localhost:15252"
    dataStreamAddress: "localhost:15255"
    clientAddress: "localhost:15254"
    adminAddress: "localhost:15253"
    startupRole: FOLLOWER
  }
  commitIndex: 17
}
commitInfos {
  server {
    id: "s2"
    address: "localhost:15260"
    dataStreamAddress: "localhost:15263"
    clientAddress: "localhost:15262"
    adminAddress: "localhost:15261"
    startupRole: FOLLOWER
  }
  commitIndex: 16
}
)
2024-10-20 10:46:53,072 [main] WARN  util.LeakDetector (LeakDetector.java:assertNoLeaks(171)) - 21/30) numLeaks == 5 > 0, will wait and retry ...
2024-10-20 10:46:54,073 [main] WARN  util.ReferenceCountedLeakDetector (ReferenceCountedLeakDetector.java:logLeakMessage(167)) - LEAK: (class org.apache.ratis.proto.RaftProtos$AppendEntriesRequestProto, count=2, value=serverRequest {
  requestorId: "s0"
  replyId: "s2"
  raftGroupId {
    id: "\375\210\024\357\262\375HY\244\207Ci\024Gb\025"
  }
}
leaderTerm: 10
previousLog {
  term: 9
  index: 16
}
leaderCommit: 16
commitInfos {
  server {
    id: "s0"
    address: "localhost:15252"
    dataStreamAddress: "localhost:15255"
    clientAddress: "localhost:15254"
    adminAddress: "localhost:15253"
    startupRole: FOLLOWER
  }
  commitIndex: 16
}
commitInfos {
  server {
    id: "s1"
    address: "localhost:15256"
    dataStreamAddress: "localhost:15259"
    clientAddress: "localhost:15258"
    adminAddress: "localhost:15257"
    startupRole: FOLLOWER
  }
  commitIndex: 16
}
commitInfos {
  server {
    id: "s2"
    address: "localhost:15260"
    dataStreamAddress: "localhost:15263"
    clientAddress: "localhost:15262"
    adminAddress: "localhost:15261"
    startupRole: FOLLOWER
  }
  commitIndex: 16
}
)
2024-10-20 10:46:54,073 [main] WARN  util.ReferenceCountedLeakDetector (ReferenceCountedLeakDetector.java:logLeakMessage(167)) - LEAK: (class org.apache.ratis.proto.RaftProtos$AppendEntriesRequestProto, count=3, value=serverRequest {
  requestorId: "s1"
  replyId: "s2"
  raftGroupId {
    id: "\375\210\024\357\262\375HY\244\207Ci\024Gb\025"
  }
  callId: 1
}
leaderTerm: 11
previousLog {
  term: 10
  index: 18
}
entries {
  term: 11
  index: 19
  configurationEntry {
    peers {
      id: "s0"
      address: "localhost:15252"
      dataStreamAddress: "localhost:15255"
      clientAddress: "localhost:15254"
      adminAddress: "localhost:15253"
      startupRole: FOLLOWER
    }
    peers {
      id: "s1"
      address: "localhost:15256"
      dataStreamAddress: "localhost:15259"
      clientAddress: "localhost:15258"
      adminAddress: "localhost:15257"
      startupRole: FOLLOWER
    }
    peers {
      id: "s2"
      address: "localhost:15260"
      dataStreamAddress: "localhost:15263"
      clientAddress: "localhost:15262"
      adminAddress: "localhost:15261"
      startupRole: FOLLOWER
    }
  }
}
leaderCommit: 17
commitInfos {
  server {
    id: "s1"
    address: "localhost:15256"
    dataStreamAddress: "localhost:15259"
    clientAddress: "localhost:15258"
    adminAddress: "localhost:15257"
    startupRole: FOLLOWER
  }
  commitIndex: 17
}
commitInfos {
  server {
    id: "s0"
    address: "localhost:15252"
    dataStreamAddress: "localhost:15255"
    clientAddress: "localhost:15254"
    adminAddress: "localhost:15253"
    startupRole: FOLLOWER
  }
  commitIndex: 17
}
commitInfos {
  server {
    id: "s2"
    address: "localhost:15260"
    dataStreamAddress: "localhost:15263"
    clientAddress: "localhost:15262"
    adminAddress: "localhost:15261"
    startupRole: FOLLOWER
  }
  commitIndex: 16
}
)
2024-10-20 10:46:54,073 [main] WARN  util.ReferenceCountedLeakDetector (ReferenceCountedLeakDetector.java:logLeakMessage(167)) - LEAK: (class org.apache.ratis.proto.RaftProtos$AppendEntriesRequestProto, count=3, value=serverRequest {
  requestorId: "s0"
  replyId: "s2"
  raftGroupId {
    id: "\375\210\024\357\262\375HY\244\207Ci\024Gb\025"
  }
  callId: 1
}
leaderTerm: 10
previousLog {
  term: 9
  index: 16
}
entries {
  term: 10
  index: 17
  configurationEntry {
    peers {
      id: "s0"
      address: "localhost:15252"
      dataStreamAddress: "localhost:15255"
      clientAddress: "localhost:15254"
      adminAddress: "localhost:15253"
      startupRole: FOLLOWER
    }
    peers {
      id: "s1"
      address: "localhost:15256"
      dataStreamAddress: "localhost:15259"
      clientAddress: "localhost:15258"
      adminAddress: "localhost:15257"
      startupRole: FOLLOWER
    }
    peers {
      id: "s2"
      address: "localhost:15260"
      dataStreamAddress: "localhost:15263"
      clientAddress: "localhost:15262"
      adminAddress: "localhost:15261"
      startupRole: FOLLOWER
    }
  }
}
leaderCommit: 16
commitInfos {
  server {
    id: "s0"
    address: "localhost:15252"
    dataStreamAddress: "localhost:15255"
    clientAddress: "localhost:15254"
    adminAddress: "localhost:15253"
    startupRole: FOLLOWER
  }
  commitIndex: 16
}
commitInfos {
  server {
    id: "s1"
    address: "localhost:15256"
    dataStreamAddress: "localhost:15259"
    clientAddress: "localhost:15258"
    adminAddress: "localhost:15257"
    startupRole: FOLLOWER
  }
  commitIndex: 16
}
commitInfos {
  server {
    id: "s2"
    address: "localhost:15260"
    dataStreamAddress: "localhost:15263"
    clientAddress: "localhost:15262"
    adminAddress: "localhost:15261"
    startupRole: FOLLOWER
  }
  commitIndex: 16
}
)
2024-10-20 10:46:54,073 [main] WARN  util.ReferenceCountedLeakDetector (ReferenceCountedLeakDetector.java:logLeakMessage(167)) - LEAK: (class org.apache.ratis.proto.RaftProtos$AppendEntriesRequestProto, count=2, value=serverRequest {
  requestorId: "s1"
  replyId: "s2"
  raftGroupId {
    id: "\375\210\024\357\262\375HY\244\207Ci\024Gb\025"
  }
  callId: 8
}
leaderTerm: 9
previousLog {
  term: 9
  index: 16
}
leaderCommit: 16
commitInfos {
  server {
    id: "s1"
    address: "localhost:15256"
    dataStreamAddress: "localhost:15259"
    clientAddress: "localhost:15258"
    adminAddress: "localhost:15257"
    startupRole: FOLLOWER
  }
  commitIndex: 16
}
commitInfos {
  server {
    id: "s0"
    address: "localhost:15252"
    dataStreamAddress: "localhost:15255"
    clientAddress: "localhost:15254"
    adminAddress: "localhost:15253"
    startupRole: FOLLOWER
  }
  commitIndex: 16
}
commitInfos {
  server {
    id: "s2"
    address: "localhost:15260"
    dataStreamAddress: "localhost:15263"
    clientAddress: "localhost:15262"
    adminAddress: "localhost:15261"
    startupRole: FOLLOWER
  }
  commitIndex: 16
}
)
2024-10-20 10:46:54,073 [main] WARN  util.ReferenceCountedLeakDetector (ReferenceCountedLeakDetector.java:logLeakMessage(167)) - LEAK: (class org.apache.ratis.proto.RaftProtos$AppendEntriesRequestProto, count=2, value=serverRequest {
  requestorId: "s1"
  replyId: "s2"
  raftGroupId {
    id: "\375\210\024\357\262\375HY\244\207Ci\024Gb\025"
  }
}
leaderTerm: 11
previousLog {
  term: 10
  index: 18
}
leaderCommit: 17
commitInfos {
  server {
    id: "s1"
    address: "localhost:15256"
    dataStreamAddress: "localhost:15259"
    clientAddress: "localhost:15258"
    adminAddress: "localhost:15257"
    startupRole: FOLLOWER
  }
  commitIndex: 17
}
commitInfos {
  server {
    id: "s0"
    address: "localhost:15252"
    dataStreamAddress: "localhost:15255"
    clientAddress: "localhost:15254"
    adminAddress: "localhost:15253"
    startupRole: FOLLOWER
  }
  commitIndex: 17
}
commitInfos {
  server {
    id: "s2"
    address: "localhost:15260"
    dataStreamAddress: "localhost:15263"
    clientAddress: "localhost:15262"
    adminAddress: "localhost:15261"
    startupRole: FOLLOWER
  }
  commitIndex: 16
}
)
2024-10-20 10:46:54,073 [main] WARN  util.LeakDetector (LeakDetector.java:assertNoLeaks(171)) - 22/30) numLeaks == 5 > 0, will wait and retry ...
2024-10-20 10:46:55,074 [main] WARN  util.ReferenceCountedLeakDetector (ReferenceCountedLeakDetector.java:logLeakMessage(167)) - LEAK: (class org.apache.ratis.proto.RaftProtos$AppendEntriesRequestProto, count=2, value=serverRequest {
  requestorId: "s0"
  replyId: "s2"
  raftGroupId {
    id: "\375\210\024\357\262\375HY\244\207Ci\024Gb\025"
  }
}
leaderTerm: 10
previousLog {
  term: 9
  index: 16
}
leaderCommit: 16
commitInfos {
  server {
    id: "s0"
    address: "localhost:15252"
    dataStreamAddress: "localhost:15255"
    clientAddress: "localhost:15254"
    adminAddress: "localhost:15253"
    startupRole: FOLLOWER
  }
  commitIndex: 16
}
commitInfos {
  server {
    id: "s1"
    address: "localhost:15256"
    dataStreamAddress: "localhost:15259"
    clientAddress: "localhost:15258"
    adminAddress: "localhost:15257"
    startupRole: FOLLOWER
  }
  commitIndex: 16
}
commitInfos {
  server {
    id: "s2"
    address: "localhost:15260"
    dataStreamAddress: "localhost:15263"
    clientAddress: "localhost:15262"
    adminAddress: "localhost:15261"
    startupRole: FOLLOWER
  }
  commitIndex: 16
}
)
2024-10-20 10:46:55,074 [main] WARN  util.ReferenceCountedLeakDetector (ReferenceCountedLeakDetector.java:logLeakMessage(167)) - LEAK: (class org.apache.ratis.proto.RaftProtos$AppendEntriesRequestProto, count=3, value=serverRequest {
  requestorId: "s1"
  replyId: "s2"
  raftGroupId {
    id: "\375\210\024\357\262\375HY\244\207Ci\024Gb\025"
  }
  callId: 1
}
leaderTerm: 11
previousLog {
  term: 10
  index: 18
}
entries {
  term: 11
  index: 19
  configurationEntry {
    peers {
      id: "s0"
      address: "localhost:15252"
      dataStreamAddress: "localhost:15255"
      clientAddress: "localhost:15254"
      adminAddress: "localhost:15253"
      startupRole: FOLLOWER
    }
    peers {
      id: "s1"
      address: "localhost:15256"
      dataStreamAddress: "localhost:15259"
      clientAddress: "localhost:15258"
      adminAddress: "localhost:15257"
      startupRole: FOLLOWER
    }
    peers {
      id: "s2"
      address: "localhost:15260"
      dataStreamAddress: "localhost:15263"
      clientAddress: "localhost:15262"
      adminAddress: "localhost:15261"
      startupRole: FOLLOWER
    }
  }
}
leaderCommit: 17
commitInfos {
  server {
    id: "s1"
    address: "localhost:15256"
    dataStreamAddress: "localhost:15259"
    clientAddress: "localhost:15258"
    adminAddress: "localhost:15257"
    startupRole: FOLLOWER
  }
  commitIndex: 17
}
commitInfos {
  server {
    id: "s0"
    address: "localhost:15252"
    dataStreamAddress: "localhost:15255"
    clientAddress: "localhost:15254"
    adminAddress: "localhost:15253"
    startupRole: FOLLOWER
  }
  commitIndex: 17
}
commitInfos {
  server {
    id: "s2"
    address: "localhost:15260"
    dataStreamAddress: "localhost:15263"
    clientAddress: "localhost:15262"
    adminAddress: "localhost:15261"
    startupRole: FOLLOWER
  }
  commitIndex: 16
}
)
2024-10-20 10:46:55,074 [main] WARN  util.ReferenceCountedLeakDetector (ReferenceCountedLeakDetector.java:logLeakMessage(167)) - LEAK: (class org.apache.ratis.proto.RaftProtos$AppendEntriesRequestProto, count=3, value=serverRequest {
  requestorId: "s0"
  replyId: "s2"
  raftGroupId {
    id: "\375\210\024\357\262\375HY\244\207Ci\024Gb\025"
  }
  callId: 1
}
leaderTerm: 10
previousLog {
  term: 9
  index: 16
}
entries {
  term: 10
  index: 17
  configurationEntry {
    peers {
      id: "s0"
      address: "localhost:15252"
      dataStreamAddress: "localhost:15255"
      clientAddress: "localhost:15254"
      adminAddress: "localhost:15253"
      startupRole: FOLLOWER
    }
    peers {
      id: "s1"
      address: "localhost:15256"
      dataStreamAddress: "localhost:15259"
      clientAddress: "localhost:15258"
      adminAddress: "localhost:15257"
      startupRole: FOLLOWER
    }
    peers {
      id: "s2"
      address: "localhost:15260"
      dataStreamAddress: "localhost:15263"
      clientAddress: "localhost:15262"
      adminAddress: "localhost:15261"
      startupRole: FOLLOWER
    }
  }
}
leaderCommit: 16
commitInfos {
  server {
    id: "s0"
    address: "localhost:15252"
    dataStreamAddress: "localhost:15255"
    clientAddress: "localhost:15254"
    adminAddress: "localhost:15253"
    startupRole: FOLLOWER
  }
  commitIndex: 16
}
commitInfos {
  server {
    id: "s1"
    address: "localhost:15256"
    dataStreamAddress: "localhost:15259"
    clientAddress: "localhost:15258"
    adminAddress: "localhost:15257"
    startupRole: FOLLOWER
  }
  commitIndex: 16
}
commitInfos {
  server {
    id: "s2"
    address: "localhost:15260"
    dataStreamAddress: "localhost:15263"
    clientAddress: "localhost:15262"
    adminAddress: "localhost:15261"
    startupRole: FOLLOWER
  }
  commitIndex: 16
}
)
2024-10-20 10:46:55,074 [main] WARN  util.ReferenceCountedLeakDetector (ReferenceCountedLeakDetector.java:logLeakMessage(167)) - LEAK: (class org.apache.ratis.proto.RaftProtos$AppendEntriesRequestProto, count=2, value=serverRequest {
  requestorId: "s1"
  replyId: "s2"
  raftGroupId {
    id: "\375\210\024\357\262\375HY\244\207Ci\024Gb\025"
  }
  callId: 8
}
leaderTerm: 9
previousLog {
  term: 9
  index: 16
}
leaderCommit: 16
commitInfos {
  server {
    id: "s1"
    address: "localhost:15256"
    dataStreamAddress: "localhost:15259"
    clientAddress: "localhost:15258"
    adminAddress: "localhost:15257"
    startupRole: FOLLOWER
  }
  commitIndex: 16
}
commitInfos {
  server {
    id: "s0"
    address: "localhost:15252"
    dataStreamAddress: "localhost:15255"
    clientAddress: "localhost:15254"
    adminAddress: "localhost:15253"
    startupRole: FOLLOWER
  }
  commitIndex: 16
}
commitInfos {
  server {
    id: "s2"
    address: "localhost:15260"
    dataStreamAddress: "localhost:15263"
    clientAddress: "localhost:15262"
    adminAddress: "localhost:15261"
    startupRole: FOLLOWER
  }
  commitIndex: 16
}
)
2024-10-20 10:46:55,074 [main] WARN  util.ReferenceCountedLeakDetector (ReferenceCountedLeakDetector.java:logLeakMessage(167)) - LEAK: (class org.apache.ratis.proto.RaftProtos$AppendEntriesRequestProto, count=2, value=serverRequest {
  requestorId: "s1"
  replyId: "s2"
  raftGroupId {
    id: "\375\210\024\357\262\375HY\244\207Ci\024Gb\025"
  }
}
leaderTerm: 11
previousLog {
  term: 10
  index: 18
}
leaderCommit: 17
commitInfos {
  server {
    id: "s1"
    address: "localhost:15256"
    dataStreamAddress: "localhost:15259"
    clientAddress: "localhost:15258"
    adminAddress: "localhost:15257"
    startupRole: FOLLOWER
  }
  commitIndex: 17
}
commitInfos {
  server {
    id: "s0"
    address: "localhost:15252"
    dataStreamAddress: "localhost:15255"
    clientAddress: "localhost:15254"
    adminAddress: "localhost:15253"
    startupRole: FOLLOWER
  }
  commitIndex: 17
}
commitInfos {
  server {
    id: "s2"
    address: "localhost:15260"
    dataStreamAddress: "localhost:15263"
    clientAddress: "localhost:15262"
    adminAddress: "localhost:15261"
    startupRole: FOLLOWER
  }
  commitIndex: 16
}
)
2024-10-20 10:46:55,074 [main] WARN  util.LeakDetector (LeakDetector.java:assertNoLeaks(171)) - 23/30) numLeaks == 5 > 0, will wait and retry ...
2024-10-20 10:46:56,075 [main] WARN  util.ReferenceCountedLeakDetector (ReferenceCountedLeakDetector.java:logLeakMessage(167)) - LEAK: (class org.apache.ratis.proto.RaftProtos$AppendEntriesRequestProto, count=2, value=serverRequest {
  requestorId: "s0"
  replyId: "s2"
  raftGroupId {
    id: "\375\210\024\357\262\375HY\244\207Ci\024Gb\025"
  }
}
leaderTerm: 10
previousLog {
  term: 9
  index: 16
}
leaderCommit: 16
commitInfos {
  server {
    id: "s0"
    address: "localhost:15252"
    dataStreamAddress: "localhost:15255"
    clientAddress: "localhost:15254"
    adminAddress: "localhost:15253"
    startupRole: FOLLOWER
  }
  commitIndex: 16
}
commitInfos {
  server {
    id: "s1"
    address: "localhost:15256"
    dataStreamAddress: "localhost:15259"
    clientAddress: "localhost:15258"
    adminAddress: "localhost:15257"
    startupRole: FOLLOWER
  }
  commitIndex: 16
}
commitInfos {
  server {
    id: "s2"
    address: "localhost:15260"
    dataStreamAddress: "localhost:15263"
    clientAddress: "localhost:15262"
    adminAddress: "localhost:15261"
    startupRole: FOLLOWER
  }
  commitIndex: 16
}
)
2024-10-20 10:46:56,075 [main] WARN  util.ReferenceCountedLeakDetector (ReferenceCountedLeakDetector.java:logLeakMessage(167)) - LEAK: (class org.apache.ratis.proto.RaftProtos$AppendEntriesRequestProto, count=3, value=serverRequest {
  requestorId: "s1"
  replyId: "s2"
  raftGroupId {
    id: "\375\210\024\357\262\375HY\244\207Ci\024Gb\025"
  }
  callId: 1
}
leaderTerm: 11
previousLog {
  term: 10
  index: 18
}
entries {
  term: 11
  index: 19
  configurationEntry {
    peers {
      id: "s0"
      address: "localhost:15252"
      dataStreamAddress: "localhost:15255"
      clientAddress: "localhost:15254"
      adminAddress: "localhost:15253"
      startupRole: FOLLOWER
    }
    peers {
      id: "s1"
      address: "localhost:15256"
      dataStreamAddress: "localhost:15259"
      clientAddress: "localhost:15258"
      adminAddress: "localhost:15257"
      startupRole: FOLLOWER
    }
    peers {
      id: "s2"
      address: "localhost:15260"
      dataStreamAddress: "localhost:15263"
      clientAddress: "localhost:15262"
      adminAddress: "localhost:15261"
      startupRole: FOLLOWER
    }
  }
}
leaderCommit: 17
commitInfos {
  server {
    id: "s1"
    address: "localhost:15256"
    dataStreamAddress: "localhost:15259"
    clientAddress: "localhost:15258"
    adminAddress: "localhost:15257"
    startupRole: FOLLOWER
  }
  commitIndex: 17
}
commitInfos {
  server {
    id: "s0"
    address: "localhost:15252"
    dataStreamAddress: "localhost:15255"
    clientAddress: "localhost:15254"
    adminAddress: "localhost:15253"
    startupRole: FOLLOWER
  }
  commitIndex: 17
}
commitInfos {
  server {
    id: "s2"
    address: "localhost:15260"
    dataStreamAddress: "localhost:15263"
    clientAddress: "localhost:15262"
    adminAddress: "localhost:15261"
    startupRole: FOLLOWER
  }
  commitIndex: 16
}
)
2024-10-20 10:46:56,075 [main] WARN  util.ReferenceCountedLeakDetector (ReferenceCountedLeakDetector.java:logLeakMessage(167)) - LEAK: (class org.apache.ratis.proto.RaftProtos$AppendEntriesRequestProto, count=3, value=serverRequest {
  requestorId: "s0"
  replyId: "s2"
  raftGroupId {
    id: "\375\210\024\357\262\375HY\244\207Ci\024Gb\025"
  }
  callId: 1
}
leaderTerm: 10
previousLog {
  term: 9
  index: 16
}
entries {
  term: 10
  index: 17
  configurationEntry {
    peers {
      id: "s0"
      address: "localhost:15252"
      dataStreamAddress: "localhost:15255"
      clientAddress: "localhost:15254"
      adminAddress: "localhost:15253"
      startupRole: FOLLOWER
    }
    peers {
      id: "s1"
      address: "localhost:15256"
      dataStreamAddress: "localhost:15259"
      clientAddress: "localhost:15258"
      adminAddress: "localhost:15257"
      startupRole: FOLLOWER
    }
    peers {
      id: "s2"
      address: "localhost:15260"
      dataStreamAddress: "localhost:15263"
      clientAddress: "localhost:15262"
      adminAddress: "localhost:15261"
      startupRole: FOLLOWER
    }
  }
}
leaderCommit: 16
commitInfos {
  server {
    id: "s0"
    address: "localhost:15252"
    dataStreamAddress: "localhost:15255"
    clientAddress: "localhost:15254"
    adminAddress: "localhost:15253"
    startupRole: FOLLOWER
  }
  commitIndex: 16
}
commitInfos {
  server {
    id: "s1"
    address: "localhost:15256"
    dataStreamAddress: "localhost:15259"
    clientAddress: "localhost:15258"
    adminAddress: "localhost:15257"
    startupRole: FOLLOWER
  }
  commitIndex: 16
}
commitInfos {
  server {
    id: "s2"
    address: "localhost:15260"
    dataStreamAddress: "localhost:15263"
    clientAddress: "localhost:15262"
    adminAddress: "localhost:15261"
    startupRole: FOLLOWER
  }
  commitIndex: 16
}
)
2024-10-20 10:46:56,075 [main] WARN  util.ReferenceCountedLeakDetector (ReferenceCountedLeakDetector.java:logLeakMessage(167)) - LEAK: (class org.apache.ratis.proto.RaftProtos$AppendEntriesRequestProto, count=2, value=serverRequest {
  requestorId: "s1"
  replyId: "s2"
  raftGroupId {
    id: "\375\210\024\357\262\375HY\244\207Ci\024Gb\025"
  }
  callId: 8
}
leaderTerm: 9
previousLog {
  term: 9
  index: 16
}
leaderCommit: 16
commitInfos {
  server {
    id: "s1"
    address: "localhost:15256"
    dataStreamAddress: "localhost:15259"
    clientAddress: "localhost:15258"
    adminAddress: "localhost:15257"
    startupRole: FOLLOWER
  }
  commitIndex: 16
}
commitInfos {
  server {
    id: "s0"
    address: "localhost:15252"
    dataStreamAddress: "localhost:15255"
    clientAddress: "localhost:15254"
    adminAddress: "localhost:15253"
    startupRole: FOLLOWER
  }
  commitIndex: 16
}
commitInfos {
  server {
    id: "s2"
    address: "localhost:15260"
    dataStreamAddress: "localhost:15263"
    clientAddress: "localhost:15262"
    adminAddress: "localhost:15261"
    startupRole: FOLLOWER
  }
  commitIndex: 16
}
)
2024-10-20 10:46:56,075 [main] WARN  util.ReferenceCountedLeakDetector (ReferenceCountedLeakDetector.java:logLeakMessage(167)) - LEAK: (class org.apache.ratis.proto.RaftProtos$AppendEntriesRequestProto, count=2, value=serverRequest {
  requestorId: "s1"
  replyId: "s2"
  raftGroupId {
    id: "\375\210\024\357\262\375HY\244\207Ci\024Gb\025"
  }
}
leaderTerm: 11
previousLog {
  term: 10
  index: 18
}
leaderCommit: 17
commitInfos {
  server {
    id: "s1"
    address: "localhost:15256"
    dataStreamAddress: "localhost:15259"
    clientAddress: "localhost:15258"
    adminAddress: "localhost:15257"
    startupRole: FOLLOWER
  }
  commitIndex: 17
}
commitInfos {
  server {
    id: "s0"
    address: "localhost:15252"
    dataStreamAddress: "localhost:15255"
    clientAddress: "localhost:15254"
    adminAddress: "localhost:15253"
    startupRole: FOLLOWER
  }
  commitIndex: 17
}
commitInfos {
  server {
    id: "s2"
    address: "localhost:15260"
    dataStreamAddress: "localhost:15263"
    clientAddress: "localhost:15262"
    adminAddress: "localhost:15261"
    startupRole: FOLLOWER
  }
  commitIndex: 16
}
)
2024-10-20 10:46:56,075 [main] WARN  util.LeakDetector (LeakDetector.java:assertNoLeaks(171)) - 24/30) numLeaks == 5 > 0, will wait and retry ...
2024-10-20 10:46:57,076 [main] WARN  util.ReferenceCountedLeakDetector (ReferenceCountedLeakDetector.java:logLeakMessage(167)) - LEAK: (class org.apache.ratis.proto.RaftProtos$AppendEntriesRequestProto, count=2, value=serverRequest {
  requestorId: "s0"
  replyId: "s2"
  raftGroupId {
    id: "\375\210\024\357\262\375HY\244\207Ci\024Gb\025"
  }
}
leaderTerm: 10
previousLog {
  term: 9
  index: 16
}
leaderCommit: 16
commitInfos {
  server {
    id: "s0"
    address: "localhost:15252"
    dataStreamAddress: "localhost:15255"
    clientAddress: "localhost:15254"
    adminAddress: "localhost:15253"
    startupRole: FOLLOWER
  }
  commitIndex: 16
}
commitInfos {
  server {
    id: "s1"
    address: "localhost:15256"
    dataStreamAddress: "localhost:15259"
    clientAddress: "localhost:15258"
    adminAddress: "localhost:15257"
    startupRole: FOLLOWER
  }
  commitIndex: 16
}
commitInfos {
  server {
    id: "s2"
    address: "localhost:15260"
    dataStreamAddress: "localhost:15263"
    clientAddress: "localhost:15262"
    adminAddress: "localhost:15261"
    startupRole: FOLLOWER
  }
  commitIndex: 16
}
)
2024-10-20 10:46:57,076 [main] WARN  util.ReferenceCountedLeakDetector (ReferenceCountedLeakDetector.java:logLeakMessage(167)) - LEAK: (class org.apache.ratis.proto.RaftProtos$AppendEntriesRequestProto, count=3, value=serverRequest {
  requestorId: "s1"
  replyId: "s2"
  raftGroupId {
    id: "\375\210\024\357\262\375HY\244\207Ci\024Gb\025"
  }
  callId: 1
}
leaderTerm: 11
previousLog {
  term: 10
  index: 18
}
entries {
  term: 11
  index: 19
  configurationEntry {
    peers {
      id: "s0"
      address: "localhost:15252"
      dataStreamAddress: "localhost:15255"
      clientAddress: "localhost:15254"
      adminAddress: "localhost:15253"
      startupRole: FOLLOWER
    }
    peers {
      id: "s1"
      address: "localhost:15256"
      dataStreamAddress: "localhost:15259"
      clientAddress: "localhost:15258"
      adminAddress: "localhost:15257"
      startupRole: FOLLOWER
    }
    peers {
      id: "s2"
      address: "localhost:15260"
      dataStreamAddress: "localhost:15263"
      clientAddress: "localhost:15262"
      adminAddress: "localhost:15261"
      startupRole: FOLLOWER
    }
  }
}
leaderCommit: 17
commitInfos {
  server {
    id: "s1"
    address: "localhost:15256"
    dataStreamAddress: "localhost:15259"
    clientAddress: "localhost:15258"
    adminAddress: "localhost:15257"
    startupRole: FOLLOWER
  }
  commitIndex: 17
}
commitInfos {
  server {
    id: "s0"
    address: "localhost:15252"
    dataStreamAddress: "localhost:15255"
    clientAddress: "localhost:15254"
    adminAddress: "localhost:15253"
    startupRole: FOLLOWER
  }
  commitIndex: 17
}
commitInfos {
  server {
    id: "s2"
    address: "localhost:15260"
    dataStreamAddress: "localhost:15263"
    clientAddress: "localhost:15262"
    adminAddress: "localhost:15261"
    startupRole: FOLLOWER
  }
  commitIndex: 16
}
)
2024-10-20 10:46:57,076 [main] WARN  util.ReferenceCountedLeakDetector (ReferenceCountedLeakDetector.java:logLeakMessage(167)) - LEAK: (class org.apache.ratis.proto.RaftProtos$AppendEntriesRequestProto, count=3, value=serverRequest {
  requestorId: "s0"
  replyId: "s2"
  raftGroupId {
    id: "\375\210\024\357\262\375HY\244\207Ci\024Gb\025"
  }
  callId: 1
}
leaderTerm: 10
previousLog {
  term: 9
  index: 16
}
entries {
  term: 10
  index: 17
  configurationEntry {
    peers {
      id: "s0"
      address: "localhost:15252"
      dataStreamAddress: "localhost:15255"
      clientAddress: "localhost:15254"
      adminAddress: "localhost:15253"
      startupRole: FOLLOWER
    }
    peers {
      id: "s1"
      address: "localhost:15256"
      dataStreamAddress: "localhost:15259"
      clientAddress: "localhost:15258"
      adminAddress: "localhost:15257"
      startupRole: FOLLOWER
    }
    peers {
      id: "s2"
      address: "localhost:15260"
      dataStreamAddress: "localhost:15263"
      clientAddress: "localhost:15262"
      adminAddress: "localhost:15261"
      startupRole: FOLLOWER
    }
  }
}
leaderCommit: 16
commitInfos {
  server {
    id: "s0"
    address: "localhost:15252"
    dataStreamAddress: "localhost:15255"
    clientAddress: "localhost:15254"
    adminAddress: "localhost:15253"
    startupRole: FOLLOWER
  }
  commitIndex: 16
}
commitInfos {
  server {
    id: "s1"
    address: "localhost:15256"
    dataStreamAddress: "localhost:15259"
    clientAddress: "localhost:15258"
    adminAddress: "localhost:15257"
    startupRole: FOLLOWER
  }
  commitIndex: 16
}
commitInfos {
  server {
    id: "s2"
    address: "localhost:15260"
    dataStreamAddress: "localhost:15263"
    clientAddress: "localhost:15262"
    adminAddress: "localhost:15261"
    startupRole: FOLLOWER
  }
  commitIndex: 16
}
)
2024-10-20 10:46:57,076 [main] WARN  util.ReferenceCountedLeakDetector (ReferenceCountedLeakDetector.java:logLeakMessage(167)) - LEAK: (class org.apache.ratis.proto.RaftProtos$AppendEntriesRequestProto, count=2, value=serverRequest {
  requestorId: "s1"
  replyId: "s2"
  raftGroupId {
    id: "\375\210\024\357\262\375HY\244\207Ci\024Gb\025"
  }
  callId: 8
}
leaderTerm: 9
previousLog {
  term: 9
  index: 16
}
leaderCommit: 16
commitInfos {
  server {
    id: "s1"
    address: "localhost:15256"
    dataStreamAddress: "localhost:15259"
    clientAddress: "localhost:15258"
    adminAddress: "localhost:15257"
    startupRole: FOLLOWER
  }
  commitIndex: 16
}
commitInfos {
  server {
    id: "s0"
    address: "localhost:15252"
    dataStreamAddress: "localhost:15255"
    clientAddress: "localhost:15254"
    adminAddress: "localhost:15253"
    startupRole: FOLLOWER
  }
  commitIndex: 16
}
commitInfos {
  server {
    id: "s2"
    address: "localhost:15260"
    dataStreamAddress: "localhost:15263"
    clientAddress: "localhost:15262"
    adminAddress: "localhost:15261"
    startupRole: FOLLOWER
  }
  commitIndex: 16
}
)
2024-10-20 10:46:57,076 [main] WARN  util.ReferenceCountedLeakDetector (ReferenceCountedLeakDetector.java:logLeakMessage(167)) - LEAK: (class org.apache.ratis.proto.RaftProtos$AppendEntriesRequestProto, count=2, value=serverRequest {
  requestorId: "s1"
  replyId: "s2"
  raftGroupId {
    id: "\375\210\024\357\262\375HY\244\207Ci\024Gb\025"
  }
}
leaderTerm: 11
previousLog {
  term: 10
  index: 18
}
leaderCommit: 17
commitInfos {
  server {
    id: "s1"
    address: "localhost:15256"
    dataStreamAddress: "localhost:15259"
    clientAddress: "localhost:15258"
    adminAddress: "localhost:15257"
    startupRole: FOLLOWER
  }
  commitIndex: 17
}
commitInfos {
  server {
    id: "s0"
    address: "localhost:15252"
    dataStreamAddress: "localhost:15255"
    clientAddress: "localhost:15254"
    adminAddress: "localhost:15253"
    startupRole: FOLLOWER
  }
  commitIndex: 17
}
commitInfos {
  server {
    id: "s2"
    address: "localhost:15260"
    dataStreamAddress: "localhost:15263"
    clientAddress: "localhost:15262"
    adminAddress: "localhost:15261"
    startupRole: FOLLOWER
  }
  commitIndex: 16
}
)
2024-10-20 10:46:57,076 [main] WARN  util.LeakDetector (LeakDetector.java:assertNoLeaks(171)) - 25/30) numLeaks == 5 > 0, will wait and retry ...
2024-10-20 10:46:58,076 [main] WARN  util.ReferenceCountedLeakDetector (ReferenceCountedLeakDetector.java:logLeakMessage(167)) - LEAK: (class org.apache.ratis.proto.RaftProtos$AppendEntriesRequestProto, count=2, value=serverRequest {
  requestorId: "s0"
  replyId: "s2"
  raftGroupId {
    id: "\375\210\024\357\262\375HY\244\207Ci\024Gb\025"
  }
}
leaderTerm: 10
previousLog {
  term: 9
  index: 16
}
leaderCommit: 16
commitInfos {
  server {
    id: "s0"
    address: "localhost:15252"
    dataStreamAddress: "localhost:15255"
    clientAddress: "localhost:15254"
    adminAddress: "localhost:15253"
    startupRole: FOLLOWER
  }
  commitIndex: 16
}
commitInfos {
  server {
    id: "s1"
    address: "localhost:15256"
    dataStreamAddress: "localhost:15259"
    clientAddress: "localhost:15258"
    adminAddress: "localhost:15257"
    startupRole: FOLLOWER
  }
  commitIndex: 16
}
commitInfos {
  server {
    id: "s2"
    address: "localhost:15260"
    dataStreamAddress: "localhost:15263"
    clientAddress: "localhost:15262"
    adminAddress: "localhost:15261"
    startupRole: FOLLOWER
  }
  commitIndex: 16
}
)
2024-10-20 10:46:58,077 [main] WARN  util.ReferenceCountedLeakDetector (ReferenceCountedLeakDetector.java:logLeakMessage(167)) - LEAK: (class org.apache.ratis.proto.RaftProtos$AppendEntriesRequestProto, count=3, value=serverRequest {
  requestorId: "s1"
  replyId: "s2"
  raftGroupId {
    id: "\375\210\024\357\262\375HY\244\207Ci\024Gb\025"
  }
  callId: 1
}
leaderTerm: 11
previousLog {
  term: 10
  index: 18
}
entries {
  term: 11
  index: 19
  configurationEntry {
    peers {
      id: "s0"
      address: "localhost:15252"
      dataStreamAddress: "localhost:15255"
      clientAddress: "localhost:15254"
      adminAddress: "localhost:15253"
      startupRole: FOLLOWER
    }
    peers {
      id: "s1"
      address: "localhost:15256"
      dataStreamAddress: "localhost:15259"
      clientAddress: "localhost:15258"
      adminAddress: "localhost:15257"
      startupRole: FOLLOWER
    }
    peers {
      id: "s2"
      address: "localhost:15260"
      dataStreamAddress: "localhost:15263"
      clientAddress: "localhost:15262"
      adminAddress: "localhost:15261"
      startupRole: FOLLOWER
    }
  }
}
leaderCommit: 17
commitInfos {
  server {
    id: "s1"
    address: "localhost:15256"
    dataStreamAddress: "localhost:15259"
    clientAddress: "localhost:15258"
    adminAddress: "localhost:15257"
    startupRole: FOLLOWER
  }
  commitIndex: 17
}
commitInfos {
  server {
    id: "s0"
    address: "localhost:15252"
    dataStreamAddress: "localhost:15255"
    clientAddress: "localhost:15254"
    adminAddress: "localhost:15253"
    startupRole: FOLLOWER
  }
  commitIndex: 17
}
commitInfos {
  server {
    id: "s2"
    address: "localhost:15260"
    dataStreamAddress: "localhost:15263"
    clientAddress: "localhost:15262"
    adminAddress: "localhost:15261"
    startupRole: FOLLOWER
  }
  commitIndex: 16
}
)
2024-10-20 10:46:58,077 [main] WARN  util.ReferenceCountedLeakDetector (ReferenceCountedLeakDetector.java:logLeakMessage(167)) - LEAK: (class org.apache.ratis.proto.RaftProtos$AppendEntriesRequestProto, count=3, value=serverRequest {
  requestorId: "s0"
  replyId: "s2"
  raftGroupId {
    id: "\375\210\024\357\262\375HY\244\207Ci\024Gb\025"
  }
  callId: 1
}
leaderTerm: 10
previousLog {
  term: 9
  index: 16
}
entries {
  term: 10
  index: 17
  configurationEntry {
    peers {
      id: "s0"
      address: "localhost:15252"
      dataStreamAddress: "localhost:15255"
      clientAddress: "localhost:15254"
      adminAddress: "localhost:15253"
      startupRole: FOLLOWER
    }
    peers {
      id: "s1"
      address: "localhost:15256"
      dataStreamAddress: "localhost:15259"
      clientAddress: "localhost:15258"
      adminAddress: "localhost:15257"
      startupRole: FOLLOWER
    }
    peers {
      id: "s2"
      address: "localhost:15260"
      dataStreamAddress: "localhost:15263"
      clientAddress: "localhost:15262"
      adminAddress: "localhost:15261"
      startupRole: FOLLOWER
    }
  }
}
leaderCommit: 16
commitInfos {
  server {
    id: "s0"
    address: "localhost:15252"
    dataStreamAddress: "localhost:15255"
    clientAddress: "localhost:15254"
    adminAddress: "localhost:15253"
    startupRole: FOLLOWER
  }
  commitIndex: 16
}
commitInfos {
  server {
    id: "s1"
    address: "localhost:15256"
    dataStreamAddress: "localhost:15259"
    clientAddress: "localhost:15258"
    adminAddress: "localhost:15257"
    startupRole: FOLLOWER
  }
  commitIndex: 16
}
commitInfos {
  server {
    id: "s2"
    address: "localhost:15260"
    dataStreamAddress: "localhost:15263"
    clientAddress: "localhost:15262"
    adminAddress: "localhost:15261"
    startupRole: FOLLOWER
  }
  commitIndex: 16
}
)
2024-10-20 10:46:58,077 [main] WARN  util.ReferenceCountedLeakDetector (ReferenceCountedLeakDetector.java:logLeakMessage(167)) - LEAK: (class org.apache.ratis.proto.RaftProtos$AppendEntriesRequestProto, count=2, value=serverRequest {
  requestorId: "s1"
  replyId: "s2"
  raftGroupId {
    id: "\375\210\024\357\262\375HY\244\207Ci\024Gb\025"
  }
  callId: 8
}
leaderTerm: 9
previousLog {
  term: 9
  index: 16
}
leaderCommit: 16
commitInfos {
  server {
    id: "s1"
    address: "localhost:15256"
    dataStreamAddress: "localhost:15259"
    clientAddress: "localhost:15258"
    adminAddress: "localhost:15257"
    startupRole: FOLLOWER
  }
  commitIndex: 16
}
commitInfos {
  server {
    id: "s0"
    address: "localhost:15252"
    dataStreamAddress: "localhost:15255"
    clientAddress: "localhost:15254"
    adminAddress: "localhost:15253"
    startupRole: FOLLOWER
  }
  commitIndex: 16
}
commitInfos {
  server {
    id: "s2"
    address: "localhost:15260"
    dataStreamAddress: "localhost:15263"
    clientAddress: "localhost:15262"
    adminAddress: "localhost:15261"
    startupRole: FOLLOWER
  }
  commitIndex: 16
}
)
2024-10-20 10:46:58,077 [main] WARN  util.ReferenceCountedLeakDetector (ReferenceCountedLeakDetector.java:logLeakMessage(167)) - LEAK: (class org.apache.ratis.proto.RaftProtos$AppendEntriesRequestProto, count=2, value=serverRequest {
  requestorId: "s1"
  replyId: "s2"
  raftGroupId {
    id: "\375\210\024\357\262\375HY\244\207Ci\024Gb\025"
  }
}
leaderTerm: 11
previousLog {
  term: 10
  index: 18
}
leaderCommit: 17
commitInfos {
  server {
    id: "s1"
    address: "localhost:15256"
    dataStreamAddress: "localhost:15259"
    clientAddress: "localhost:15258"
    adminAddress: "localhost:15257"
    startupRole: FOLLOWER
  }
  commitIndex: 17
}
commitInfos {
  server {
    id: "s0"
    address: "localhost:15252"
    dataStreamAddress: "localhost:15255"
    clientAddress: "localhost:15254"
    adminAddress: "localhost:15253"
    startupRole: FOLLOWER
  }
  commitIndex: 17
}
commitInfos {
  server {
    id: "s2"
    address: "localhost:15260"
    dataStreamAddress: "localhost:15263"
    clientAddress: "localhost:15262"
    adminAddress: "localhost:15261"
    startupRole: FOLLOWER
  }
  commitIndex: 16
}
)
2024-10-20 10:46:58,077 [main] WARN  util.LeakDetector (LeakDetector.java:assertNoLeaks(171)) - 26/30) numLeaks == 5 > 0, will wait and retry ...
2024-10-20 10:46:59,077 [main] WARN  util.ReferenceCountedLeakDetector (ReferenceCountedLeakDetector.java:logLeakMessage(167)) - LEAK: (class org.apache.ratis.proto.RaftProtos$AppendEntriesRequestProto, count=2, value=serverRequest {
  requestorId: "s0"
  replyId: "s2"
  raftGroupId {
    id: "\375\210\024\357\262\375HY\244\207Ci\024Gb\025"
  }
}
leaderTerm: 10
previousLog {
  term: 9
  index: 16
}
leaderCommit: 16
commitInfos {
  server {
    id: "s0"
    address: "localhost:15252"
    dataStreamAddress: "localhost:15255"
    clientAddress: "localhost:15254"
    adminAddress: "localhost:15253"
    startupRole: FOLLOWER
  }
  commitIndex: 16
}
commitInfos {
  server {
    id: "s1"
    address: "localhost:15256"
    dataStreamAddress: "localhost:15259"
    clientAddress: "localhost:15258"
    adminAddress: "localhost:15257"
    startupRole: FOLLOWER
  }
  commitIndex: 16
}
commitInfos {
  server {
    id: "s2"
    address: "localhost:15260"
    dataStreamAddress: "localhost:15263"
    clientAddress: "localhost:15262"
    adminAddress: "localhost:15261"
    startupRole: FOLLOWER
  }
  commitIndex: 16
}
)
2024-10-20 10:46:59,078 [main] WARN  util.ReferenceCountedLeakDetector (ReferenceCountedLeakDetector.java:logLeakMessage(167)) - LEAK: (class org.apache.ratis.proto.RaftProtos$AppendEntriesRequestProto, count=3, value=serverRequest {
  requestorId: "s1"
  replyId: "s2"
  raftGroupId {
    id: "\375\210\024\357\262\375HY\244\207Ci\024Gb\025"
  }
  callId: 1
}
leaderTerm: 11
previousLog {
  term: 10
  index: 18
}
entries {
  term: 11
  index: 19
  configurationEntry {
    peers {
      id: "s0"
      address: "localhost:15252"
      dataStreamAddress: "localhost:15255"
      clientAddress: "localhost:15254"
      adminAddress: "localhost:15253"
      startupRole: FOLLOWER
    }
    peers {
      id: "s1"
      address: "localhost:15256"
      dataStreamAddress: "localhost:15259"
      clientAddress: "localhost:15258"
      adminAddress: "localhost:15257"
      startupRole: FOLLOWER
    }
    peers {
      id: "s2"
      address: "localhost:15260"
      dataStreamAddress: "localhost:15263"
      clientAddress: "localhost:15262"
      adminAddress: "localhost:15261"
      startupRole: FOLLOWER
    }
  }
}
leaderCommit: 17
commitInfos {
  server {
    id: "s1"
    address: "localhost:15256"
    dataStreamAddress: "localhost:15259"
    clientAddress: "localhost:15258"
    adminAddress: "localhost:15257"
    startupRole: FOLLOWER
  }
  commitIndex: 17
}
commitInfos {
  server {
    id: "s0"
    address: "localhost:15252"
    dataStreamAddress: "localhost:15255"
    clientAddress: "localhost:15254"
    adminAddress: "localhost:15253"
    startupRole: FOLLOWER
  }
  commitIndex: 17
}
commitInfos {
  server {
    id: "s2"
    address: "localhost:15260"
    dataStreamAddress: "localhost:15263"
    clientAddress: "localhost:15262"
    adminAddress: "localhost:15261"
    startupRole: FOLLOWER
  }
  commitIndex: 16
}
)
2024-10-20 10:46:59,078 [main] WARN  util.ReferenceCountedLeakDetector (ReferenceCountedLeakDetector.java:logLeakMessage(167)) - LEAK: (class org.apache.ratis.proto.RaftProtos$AppendEntriesRequestProto, count=3, value=serverRequest {
  requestorId: "s0"
  replyId: "s2"
  raftGroupId {
    id: "\375\210\024\357\262\375HY\244\207Ci\024Gb\025"
  }
  callId: 1
}
leaderTerm: 10
previousLog {
  term: 9
  index: 16
}
entries {
  term: 10
  index: 17
  configurationEntry {
    peers {
      id: "s0"
      address: "localhost:15252"
      dataStreamAddress: "localhost:15255"
      clientAddress: "localhost:15254"
      adminAddress: "localhost:15253"
      startupRole: FOLLOWER
    }
    peers {
      id: "s1"
      address: "localhost:15256"
      dataStreamAddress: "localhost:15259"
      clientAddress: "localhost:15258"
      adminAddress: "localhost:15257"
      startupRole: FOLLOWER
    }
    peers {
      id: "s2"
      address: "localhost:15260"
      dataStreamAddress: "localhost:15263"
      clientAddress: "localhost:15262"
      adminAddress: "localhost:15261"
      startupRole: FOLLOWER
    }
  }
}
leaderCommit: 16
commitInfos {
  server {
    id: "s0"
    address: "localhost:15252"
    dataStreamAddress: "localhost:15255"
    clientAddress: "localhost:15254"
    adminAddress: "localhost:15253"
    startupRole: FOLLOWER
  }
  commitIndex: 16
}
commitInfos {
  server {
    id: "s1"
    address: "localhost:15256"
    dataStreamAddress: "localhost:15259"
    clientAddress: "localhost:15258"
    adminAddress: "localhost:15257"
    startupRole: FOLLOWER
  }
  commitIndex: 16
}
commitInfos {
  server {
    id: "s2"
    address: "localhost:15260"
    dataStreamAddress: "localhost:15263"
    clientAddress: "localhost:15262"
    adminAddress: "localhost:15261"
    startupRole: FOLLOWER
  }
  commitIndex: 16
}
)
2024-10-20 10:46:59,078 [main] WARN  util.ReferenceCountedLeakDetector (ReferenceCountedLeakDetector.java:logLeakMessage(167)) - LEAK: (class org.apache.ratis.proto.RaftProtos$AppendEntriesRequestProto, count=2, value=serverRequest {
  requestorId: "s1"
  replyId: "s2"
  raftGroupId {
    id: "\375\210\024\357\262\375HY\244\207Ci\024Gb\025"
  }
  callId: 8
}
leaderTerm: 9
previousLog {
  term: 9
  index: 16
}
leaderCommit: 16
commitInfos {
  server {
    id: "s1"
    address: "localhost:15256"
    dataStreamAddress: "localhost:15259"
    clientAddress: "localhost:15258"
    adminAddress: "localhost:15257"
    startupRole: FOLLOWER
  }
  commitIndex: 16
}
commitInfos {
  server {
    id: "s0"
    address: "localhost:15252"
    dataStreamAddress: "localhost:15255"
    clientAddress: "localhost:15254"
    adminAddress: "localhost:15253"
    startupRole: FOLLOWER
  }
  commitIndex: 16
}
commitInfos {
  server {
    id: "s2"
    address: "localhost:15260"
    dataStreamAddress: "localhost:15263"
    clientAddress: "localhost:15262"
    adminAddress: "localhost:15261"
    startupRole: FOLLOWER
  }
  commitIndex: 16
}
)
2024-10-20 10:46:59,078 [main] WARN  util.ReferenceCountedLeakDetector (ReferenceCountedLeakDetector.java:logLeakMessage(167)) - LEAK: (class org.apache.ratis.proto.RaftProtos$AppendEntriesRequestProto, count=2, value=serverRequest {
  requestorId: "s1"
  replyId: "s2"
  raftGroupId {
    id: "\375\210\024\357\262\375HY\244\207Ci\024Gb\025"
  }
}
leaderTerm: 11
previousLog {
  term: 10
  index: 18
}
leaderCommit: 17
commitInfos {
  server {
    id: "s1"
    address: "localhost:15256"
    dataStreamAddress: "localhost:15259"
    clientAddress: "localhost:15258"
    adminAddress: "localhost:15257"
    startupRole: FOLLOWER
  }
  commitIndex: 17
}
commitInfos {
  server {
    id: "s0"
    address: "localhost:15252"
    dataStreamAddress: "localhost:15255"
    clientAddress: "localhost:15254"
    adminAddress: "localhost:15253"
    startupRole: FOLLOWER
  }
  commitIndex: 17
}
commitInfos {
  server {
    id: "s2"
    address: "localhost:15260"
    dataStreamAddress: "localhost:15263"
    clientAddress: "localhost:15262"
    adminAddress: "localhost:15261"
    startupRole: FOLLOWER
  }
  commitIndex: 16
}
)
2024-10-20 10:46:59,078 [main] WARN  util.LeakDetector (LeakDetector.java:assertNoLeaks(171)) - 27/30) numLeaks == 5 > 0, will wait and retry ...
2024-10-20 10:47:00,079 [main] WARN  util.ReferenceCountedLeakDetector (ReferenceCountedLeakDetector.java:logLeakMessage(167)) - LEAK: (class org.apache.ratis.proto.RaftProtos$AppendEntriesRequestProto, count=2, value=serverRequest {
  requestorId: "s0"
  replyId: "s2"
  raftGroupId {
    id: "\375\210\024\357\262\375HY\244\207Ci\024Gb\025"
  }
}
leaderTerm: 10
previousLog {
  term: 9
  index: 16
}
leaderCommit: 16
commitInfos {
  server {
    id: "s0"
    address: "localhost:15252"
    dataStreamAddress: "localhost:15255"
    clientAddress: "localhost:15254"
    adminAddress: "localhost:15253"
    startupRole: FOLLOWER
  }
  commitIndex: 16
}
commitInfos {
  server {
    id: "s1"
    address: "localhost:15256"
    dataStreamAddress: "localhost:15259"
    clientAddress: "localhost:15258"
    adminAddress: "localhost:15257"
    startupRole: FOLLOWER
  }
  commitIndex: 16
}
commitInfos {
  server {
    id: "s2"
    address: "localhost:15260"
    dataStreamAddress: "localhost:15263"
    clientAddress: "localhost:15262"
    adminAddress: "localhost:15261"
    startupRole: FOLLOWER
  }
  commitIndex: 16
}
)
2024-10-20 10:47:00,079 [main] WARN  util.ReferenceCountedLeakDetector (ReferenceCountedLeakDetector.java:logLeakMessage(167)) - LEAK: (class org.apache.ratis.proto.RaftProtos$AppendEntriesRequestProto, count=3, value=serverRequest {
  requestorId: "s1"
  replyId: "s2"
  raftGroupId {
    id: "\375\210\024\357\262\375HY\244\207Ci\024Gb\025"
  }
  callId: 1
}
leaderTerm: 11
previousLog {
  term: 10
  index: 18
}
entries {
  term: 11
  index: 19
  configurationEntry {
    peers {
      id: "s0"
      address: "localhost:15252"
      dataStreamAddress: "localhost:15255"
      clientAddress: "localhost:15254"
      adminAddress: "localhost:15253"
      startupRole: FOLLOWER
    }
    peers {
      id: "s1"
      address: "localhost:15256"
      dataStreamAddress: "localhost:15259"
      clientAddress: "localhost:15258"
      adminAddress: "localhost:15257"
      startupRole: FOLLOWER
    }
    peers {
      id: "s2"
      address: "localhost:15260"
      dataStreamAddress: "localhost:15263"
      clientAddress: "localhost:15262"
      adminAddress: "localhost:15261"
      startupRole: FOLLOWER
    }
  }
}
leaderCommit: 17
commitInfos {
  server {
    id: "s1"
    address: "localhost:15256"
    dataStreamAddress: "localhost:15259"
    clientAddress: "localhost:15258"
    adminAddress: "localhost:15257"
    startupRole: FOLLOWER
  }
  commitIndex: 17
}
commitInfos {
  server {
    id: "s0"
    address: "localhost:15252"
    dataStreamAddress: "localhost:15255"
    clientAddress: "localhost:15254"
    adminAddress: "localhost:15253"
    startupRole: FOLLOWER
  }
  commitIndex: 17
}
commitInfos {
  server {
    id: "s2"
    address: "localhost:15260"
    dataStreamAddress: "localhost:15263"
    clientAddress: "localhost:15262"
    adminAddress: "localhost:15261"
    startupRole: FOLLOWER
  }
  commitIndex: 16
}
)
2024-10-20 10:47:00,079 [main] WARN  util.ReferenceCountedLeakDetector (ReferenceCountedLeakDetector.java:logLeakMessage(167)) - LEAK: (class org.apache.ratis.proto.RaftProtos$AppendEntriesRequestProto, count=3, value=serverRequest {
  requestorId: "s0"
  replyId: "s2"
  raftGroupId {
    id: "\375\210\024\357\262\375HY\244\207Ci\024Gb\025"
  }
  callId: 1
}
leaderTerm: 10
previousLog {
  term: 9
  index: 16
}
entries {
  term: 10
  index: 17
  configurationEntry {
    peers {
      id: "s0"
      address: "localhost:15252"
      dataStreamAddress: "localhost:15255"
      clientAddress: "localhost:15254"
      adminAddress: "localhost:15253"
      startupRole: FOLLOWER
    }
    peers {
      id: "s1"
      address: "localhost:15256"
      dataStreamAddress: "localhost:15259"
      clientAddress: "localhost:15258"
      adminAddress: "localhost:15257"
      startupRole: FOLLOWER
    }
    peers {
      id: "s2"
      address: "localhost:15260"
      dataStreamAddress: "localhost:15263"
      clientAddress: "localhost:15262"
      adminAddress: "localhost:15261"
      startupRole: FOLLOWER
    }
  }
}
leaderCommit: 16
commitInfos {
  server {
    id: "s0"
    address: "localhost:15252"
    dataStreamAddress: "localhost:15255"
    clientAddress: "localhost:15254"
    adminAddress: "localhost:15253"
    startupRole: FOLLOWER
  }
  commitIndex: 16
}
commitInfos {
  server {
    id: "s1"
    address: "localhost:15256"
    dataStreamAddress: "localhost:15259"
    clientAddress: "localhost:15258"
    adminAddress: "localhost:15257"
    startupRole: FOLLOWER
  }
  commitIndex: 16
}
commitInfos {
  server {
    id: "s2"
    address: "localhost:15260"
    dataStreamAddress: "localhost:15263"
    clientAddress: "localhost:15262"
    adminAddress: "localhost:15261"
    startupRole: FOLLOWER
  }
  commitIndex: 16
}
)
2024-10-20 10:47:00,079 [main] WARN  util.ReferenceCountedLeakDetector (ReferenceCountedLeakDetector.java:logLeakMessage(167)) - LEAK: (class org.apache.ratis.proto.RaftProtos$AppendEntriesRequestProto, count=2, value=serverRequest {
  requestorId: "s1"
  replyId: "s2"
  raftGroupId {
    id: "\375\210\024\357\262\375HY\244\207Ci\024Gb\025"
  }
  callId: 8
}
leaderTerm: 9
previousLog {
  term: 9
  index: 16
}
leaderCommit: 16
commitInfos {
  server {
    id: "s1"
    address: "localhost:15256"
    dataStreamAddress: "localhost:15259"
    clientAddress: "localhost:15258"
    adminAddress: "localhost:15257"
    startupRole: FOLLOWER
  }
  commitIndex: 16
}
commitInfos {
  server {
    id: "s0"
    address: "localhost:15252"
    dataStreamAddress: "localhost:15255"
    clientAddress: "localhost:15254"
    adminAddress: "localhost:15253"
    startupRole: FOLLOWER
  }
  commitIndex: 16
}
commitInfos {
  server {
    id: "s2"
    address: "localhost:15260"
    dataStreamAddress: "localhost:15263"
    clientAddress: "localhost:15262"
    adminAddress: "localhost:15261"
    startupRole: FOLLOWER
  }
  commitIndex: 16
}
)
2024-10-20 10:47:00,079 [main] WARN  util.ReferenceCountedLeakDetector (ReferenceCountedLeakDetector.java:logLeakMessage(167)) - LEAK: (class org.apache.ratis.proto.RaftProtos$AppendEntriesRequestProto, count=2, value=serverRequest {
  requestorId: "s1"
  replyId: "s2"
  raftGroupId {
    id: "\375\210\024\357\262\375HY\244\207Ci\024Gb\025"
  }
}
leaderTerm: 11
previousLog {
  term: 10
  index: 18
}
leaderCommit: 17
commitInfos {
  server {
    id: "s1"
    address: "localhost:15256"
    dataStreamAddress: "localhost:15259"
    clientAddress: "localhost:15258"
    adminAddress: "localhost:15257"
    startupRole: FOLLOWER
  }
  commitIndex: 17
}
commitInfos {
  server {
    id: "s0"
    address: "localhost:15252"
    dataStreamAddress: "localhost:15255"
    clientAddress: "localhost:15254"
    adminAddress: "localhost:15253"
    startupRole: FOLLOWER
  }
  commitIndex: 17
}
commitInfos {
  server {
    id: "s2"
    address: "localhost:15260"
    dataStreamAddress: "localhost:15263"
    clientAddress: "localhost:15262"
    adminAddress: "localhost:15261"
    startupRole: FOLLOWER
  }
  commitIndex: 16
}
)
2024-10-20 10:47:00,079 [main] WARN  util.LeakDetector (LeakDetector.java:assertNoLeaks(171)) - 28/30) numLeaks == 5 > 0, will wait and retry ...
2024-10-20 10:47:01,080 [main] WARN  util.ReferenceCountedLeakDetector (ReferenceCountedLeakDetector.java:logLeakMessage(167)) - LEAK: (class org.apache.ratis.proto.RaftProtos$AppendEntriesRequestProto, count=2, value=serverRequest {
  requestorId: "s0"
  replyId: "s2"
  raftGroupId {
    id: "\375\210\024\357\262\375HY\244\207Ci\024Gb\025"
  }
}
leaderTerm: 10
previousLog {
  term: 9
  index: 16
}
leaderCommit: 16
commitInfos {
  server {
    id: "s0"
    address: "localhost:15252"
    dataStreamAddress: "localhost:15255"
    clientAddress: "localhost:15254"
    adminAddress: "localhost:15253"
    startupRole: FOLLOWER
  }
  commitIndex: 16
}
commitInfos {
  server {
    id: "s1"
    address: "localhost:15256"
    dataStreamAddress: "localhost:15259"
    clientAddress: "localhost:15258"
    adminAddress: "localhost:15257"
    startupRole: FOLLOWER
  }
  commitIndex: 16
}
commitInfos {
  server {
    id: "s2"
    address: "localhost:15260"
    dataStreamAddress: "localhost:15263"
    clientAddress: "localhost:15262"
    adminAddress: "localhost:15261"
    startupRole: FOLLOWER
  }
  commitIndex: 16
}
)
2024-10-20 10:47:01,080 [main] WARN  util.ReferenceCountedLeakDetector (ReferenceCountedLeakDetector.java:logLeakMessage(167)) - LEAK: (class org.apache.ratis.proto.RaftProtos$AppendEntriesRequestProto, count=3, value=serverRequest {
  requestorId: "s1"
  replyId: "s2"
  raftGroupId {
    id: "\375\210\024\357\262\375HY\244\207Ci\024Gb\025"
  }
  callId: 1
}
leaderTerm: 11
previousLog {
  term: 10
  index: 18
}
entries {
  term: 11
  index: 19
  configurationEntry {
    peers {
      id: "s0"
      address: "localhost:15252"
      dataStreamAddress: "localhost:15255"
      clientAddress: "localhost:15254"
      adminAddress: "localhost:15253"
      startupRole: FOLLOWER
    }
    peers {
      id: "s1"
      address: "localhost:15256"
      dataStreamAddress: "localhost:15259"
      clientAddress: "localhost:15258"
      adminAddress: "localhost:15257"
      startupRole: FOLLOWER
    }
    peers {
      id: "s2"
      address: "localhost:15260"
      dataStreamAddress: "localhost:15263"
      clientAddress: "localhost:15262"
      adminAddress: "localhost:15261"
      startupRole: FOLLOWER
    }
  }
}
leaderCommit: 17
commitInfos {
  server {
    id: "s1"
    address: "localhost:15256"
    dataStreamAddress: "localhost:15259"
    clientAddress: "localhost:15258"
    adminAddress: "localhost:15257"
    startupRole: FOLLOWER
  }
  commitIndex: 17
}
commitInfos {
  server {
    id: "s0"
    address: "localhost:15252"
    dataStreamAddress: "localhost:15255"
    clientAddress: "localhost:15254"
    adminAddress: "localhost:15253"
    startupRole: FOLLOWER
  }
  commitIndex: 17
}
commitInfos {
  server {
    id: "s2"
    address: "localhost:15260"
    dataStreamAddress: "localhost:15263"
    clientAddress: "localhost:15262"
    adminAddress: "localhost:15261"
    startupRole: FOLLOWER
  }
  commitIndex: 16
}
)
2024-10-20 10:47:01,080 [main] WARN  util.ReferenceCountedLeakDetector (ReferenceCountedLeakDetector.java:logLeakMessage(167)) - LEAK: (class org.apache.ratis.proto.RaftProtos$AppendEntriesRequestProto, count=3, value=serverRequest {
  requestorId: "s0"
  replyId: "s2"
  raftGroupId {
    id: "\375\210\024\357\262\375HY\244\207Ci\024Gb\025"
  }
  callId: 1
}
leaderTerm: 10
previousLog {
  term: 9
  index: 16
}
entries {
  term: 10
  index: 17
  configurationEntry {
    peers {
      id: "s0"
      address: "localhost:15252"
      dataStreamAddress: "localhost:15255"
      clientAddress: "localhost:15254"
      adminAddress: "localhost:15253"
      startupRole: FOLLOWER
    }
    peers {
      id: "s1"
      address: "localhost:15256"
      dataStreamAddress: "localhost:15259"
      clientAddress: "localhost:15258"
      adminAddress: "localhost:15257"
      startupRole: FOLLOWER
    }
    peers {
      id: "s2"
      address: "localhost:15260"
      dataStreamAddress: "localhost:15263"
      clientAddress: "localhost:15262"
      adminAddress: "localhost:15261"
      startupRole: FOLLOWER
    }
  }
}
leaderCommit: 16
commitInfos {
  server {
    id: "s0"
    address: "localhost:15252"
    dataStreamAddress: "localhost:15255"
    clientAddress: "localhost:15254"
    adminAddress: "localhost:15253"
    startupRole: FOLLOWER
  }
  commitIndex: 16
}
commitInfos {
  server {
    id: "s1"
    address: "localhost:15256"
    dataStreamAddress: "localhost:15259"
    clientAddress: "localhost:15258"
    adminAddress: "localhost:15257"
    startupRole: FOLLOWER
  }
  commitIndex: 16
}
commitInfos {
  server {
    id: "s2"
    address: "localhost:15260"
    dataStreamAddress: "localhost:15263"
    clientAddress: "localhost:15262"
    adminAddress: "localhost:15261"
    startupRole: FOLLOWER
  }
  commitIndex: 16
}
)
2024-10-20 10:47:01,080 [main] WARN  util.ReferenceCountedLeakDetector (ReferenceCountedLeakDetector.java:logLeakMessage(167)) - LEAK: (class org.apache.ratis.proto.RaftProtos$AppendEntriesRequestProto, count=2, value=serverRequest {
  requestorId: "s1"
  replyId: "s2"
  raftGroupId {
    id: "\375\210\024\357\262\375HY\244\207Ci\024Gb\025"
  }
  callId: 8
}
leaderTerm: 9
previousLog {
  term: 9
  index: 16
}
leaderCommit: 16
commitInfos {
  server {
    id: "s1"
    address: "localhost:15256"
    dataStreamAddress: "localhost:15259"
    clientAddress: "localhost:15258"
    adminAddress: "localhost:15257"
    startupRole: FOLLOWER
  }
  commitIndex: 16
}
commitInfos {
  server {
    id: "s0"
    address: "localhost:15252"
    dataStreamAddress: "localhost:15255"
    clientAddress: "localhost:15254"
    adminAddress: "localhost:15253"
    startupRole: FOLLOWER
  }
  commitIndex: 16
}
commitInfos {
  server {
    id: "s2"
    address: "localhost:15260"
    dataStreamAddress: "localhost:15263"
    clientAddress: "localhost:15262"
    adminAddress: "localhost:15261"
    startupRole: FOLLOWER
  }
  commitIndex: 16
}
)
2024-10-20 10:47:01,080 [main] WARN  util.ReferenceCountedLeakDetector (ReferenceCountedLeakDetector.java:logLeakMessage(167)) - LEAK: (class org.apache.ratis.proto.RaftProtos$AppendEntriesRequestProto, count=2, value=serverRequest {
  requestorId: "s1"
  replyId: "s2"
  raftGroupId {
    id: "\375\210\024\357\262\375HY\244\207Ci\024Gb\025"
  }
}
leaderTerm: 11
previousLog {
  term: 10
  index: 18
}
leaderCommit: 17
commitInfos {
  server {
    id: "s1"
    address: "localhost:15256"
    dataStreamAddress: "localhost:15259"
    clientAddress: "localhost:15258"
    adminAddress: "localhost:15257"
    startupRole: FOLLOWER
  }
  commitIndex: 17
}
commitInfos {
  server {
    id: "s0"
    address: "localhost:15252"
    dataStreamAddress: "localhost:15255"
    clientAddress: "localhost:15254"
    adminAddress: "localhost:15253"
    startupRole: FOLLOWER
  }
  commitIndex: 17
}
commitInfos {
  server {
    id: "s2"
    address: "localhost:15260"
    dataStreamAddress: "localhost:15263"
    clientAddress: "localhost:15262"
    adminAddress: "localhost:15261"
    startupRole: FOLLOWER
  }
  commitIndex: 16
}
)
2024-10-20 10:47:01,081 [main] WARN  util.LeakDetector (LeakDetector.java:assertNoLeaks(171)) - 29/30) numLeaks == 5 > 0, will wait and retry ...
2024-10-20 10:47:02,081 [main] WARN  util.ReferenceCountedLeakDetector (ReferenceCountedLeakDetector.java:logLeakMessage(167)) - LEAK: (class org.apache.ratis.proto.RaftProtos$AppendEntriesRequestProto, count=2, value=serverRequest {
  requestorId: "s0"
  replyId: "s2"
  raftGroupId {
    id: "\375\210\024\357\262\375HY\244\207Ci\024Gb\025"
  }
}
leaderTerm: 10
previousLog {
  term: 9
  index: 16
}
leaderCommit: 16
commitInfos {
  server {
    id: "s0"
    address: "localhost:15252"
    dataStreamAddress: "localhost:15255"
    clientAddress: "localhost:15254"
    adminAddress: "localhost:15253"
    startupRole: FOLLOWER
  }
  commitIndex: 16
}
commitInfos {
  server {
    id: "s1"
    address: "localhost:15256"
    dataStreamAddress: "localhost:15259"
    clientAddress: "localhost:15258"
    adminAddress: "localhost:15257"
    startupRole: FOLLOWER
  }
  commitIndex: 16
}
commitInfos {
  server {
    id: "s2"
    address: "localhost:15260"
    dataStreamAddress: "localhost:15263"
    clientAddress: "localhost:15262"
    adminAddress: "localhost:15261"
    startupRole: FOLLOWER
  }
  commitIndex: 16
}
)
2024-10-20 10:47:02,081 [main] WARN  util.ReferenceCountedLeakDetector (ReferenceCountedLeakDetector.java:logLeakMessage(167)) - LEAK: (class org.apache.ratis.proto.RaftProtos$AppendEntriesRequestProto, count=3, value=serverRequest {
  requestorId: "s1"
  replyId: "s2"
  raftGroupId {
    id: "\375\210\024\357\262\375HY\244\207Ci\024Gb\025"
  }
  callId: 1
}
leaderTerm: 11
previousLog {
  term: 10
  index: 18
}
entries {
  term: 11
  index: 19
  configurationEntry {
    peers {
      id: "s0"
      address: "localhost:15252"
      dataStreamAddress: "localhost:15255"
      clientAddress: "localhost:15254"
      adminAddress: "localhost:15253"
      startupRole: FOLLOWER
    }
    peers {
      id: "s1"
      address: "localhost:15256"
      dataStreamAddress: "localhost:15259"
      clientAddress: "localhost:15258"
      adminAddress: "localhost:15257"
      startupRole: FOLLOWER
    }
    peers {
      id: "s2"
      address: "localhost:15260"
      dataStreamAddress: "localhost:15263"
      clientAddress: "localhost:15262"
      adminAddress: "localhost:15261"
      startupRole: FOLLOWER
    }
  }
}
leaderCommit: 17
commitInfos {
  server {
    id: "s1"
    address: "localhost:15256"
    dataStreamAddress: "localhost:15259"
    clientAddress: "localhost:15258"
    adminAddress: "localhost:15257"
    startupRole: FOLLOWER
  }
  commitIndex: 17
}
commitInfos {
  server {
    id: "s0"
    address: "localhost:15252"
    dataStreamAddress: "localhost:15255"
    clientAddress: "localhost:15254"
    adminAddress: "localhost:15253"
    startupRole: FOLLOWER
  }
  commitIndex: 17
}
commitInfos {
  server {
    id: "s2"
    address: "localhost:15260"
    dataStreamAddress: "localhost:15263"
    clientAddress: "localhost:15262"
    adminAddress: "localhost:15261"
    startupRole: FOLLOWER
  }
  commitIndex: 16
}
)
2024-10-20 10:47:02,081 [main] WARN  util.ReferenceCountedLeakDetector (ReferenceCountedLeakDetector.java:logLeakMessage(167)) - LEAK: (class org.apache.ratis.proto.RaftProtos$AppendEntriesRequestProto, count=3, value=serverRequest {
  requestorId: "s0"
  replyId: "s2"
  raftGroupId {
    id: "\375\210\024\357\262\375HY\244\207Ci\024Gb\025"
  }
  callId: 1
}
leaderTerm: 10
previousLog {
  term: 9
  index: 16
}
entries {
  term: 10
  index: 17
  configurationEntry {
    peers {
      id: "s0"
      address: "localhost:15252"
      dataStreamAddress: "localhost:15255"
      clientAddress: "localhost:15254"
      adminAddress: "localhost:15253"
      startupRole: FOLLOWER
    }
    peers {
      id: "s1"
      address: "localhost:15256"
      dataStreamAddress: "localhost:15259"
      clientAddress: "localhost:15258"
      adminAddress: "localhost:15257"
      startupRole: FOLLOWER
    }
    peers {
      id: "s2"
      address: "localhost:15260"
      dataStreamAddress: "localhost:15263"
      clientAddress: "localhost:15262"
      adminAddress: "localhost:15261"
      startupRole: FOLLOWER
    }
  }
}
leaderCommit: 16
commitInfos {
  server {
    id: "s0"
    address: "localhost:15252"
    dataStreamAddress: "localhost:15255"
    clientAddress: "localhost:15254"
    adminAddress: "localhost:15253"
    startupRole: FOLLOWER
  }
  commitIndex: 16
}
commitInfos {
  server {
    id: "s1"
    address: "localhost:15256"
    dataStreamAddress: "localhost:15259"
    clientAddress: "localhost:15258"
    adminAddress: "localhost:15257"
    startupRole: FOLLOWER
  }
  commitIndex: 16
}
commitInfos {
  server {
    id: "s2"
    address: "localhost:15260"
    dataStreamAddress: "localhost:15263"
    clientAddress: "localhost:15262"
    adminAddress: "localhost:15261"
    startupRole: FOLLOWER
  }
  commitIndex: 16
}
)
2024-10-20 10:47:02,081 [main] WARN  util.ReferenceCountedLeakDetector (ReferenceCountedLeakDetector.java:logLeakMessage(167)) - LEAK: (class org.apache.ratis.proto.RaftProtos$AppendEntriesRequestProto, count=2, value=serverRequest {
  requestorId: "s1"
  replyId: "s2"
  raftGroupId {
    id: "\375\210\024\357\262\375HY\244\207Ci\024Gb\025"
  }
  callId: 8
}
leaderTerm: 9
previousLog {
  term: 9
  index: 16
}
leaderCommit: 16
commitInfos {
  server {
    id: "s1"
    address: "localhost:15256"
    dataStreamAddress: "localhost:15259"
    clientAddress: "localhost:15258"
    adminAddress: "localhost:15257"
    startupRole: FOLLOWER
  }
  commitIndex: 16
}
commitInfos {
  server {
    id: "s0"
    address: "localhost:15252"
    dataStreamAddress: "localhost:15255"
    clientAddress: "localhost:15254"
    adminAddress: "localhost:15253"
    startupRole: FOLLOWER
  }
  commitIndex: 16
}
commitInfos {
  server {
    id: "s2"
    address: "localhost:15260"
    dataStreamAddress: "localhost:15263"
    clientAddress: "localhost:15262"
    adminAddress: "localhost:15261"
    startupRole: FOLLOWER
  }
  commitIndex: 16
}
)
2024-10-20 10:47:02,081 [main] WARN  util.ReferenceCountedLeakDetector (ReferenceCountedLeakDetector.java:logLeakMessage(167)) - LEAK: (class org.apache.ratis.proto.RaftProtos$AppendEntriesRequestProto, count=2, value=serverRequest {
  requestorId: "s1"
  replyId: "s2"
  raftGroupId {
    id: "\375\210\024\357\262\375HY\244\207Ci\024Gb\025"
  }
}
leaderTerm: 11
previousLog {
  term: 10
  index: 18
}
leaderCommit: 17
commitInfos {
  server {
    id: "s1"
    address: "localhost:15256"
    dataStreamAddress: "localhost:15259"
    clientAddress: "localhost:15258"
    adminAddress: "localhost:15257"
    startupRole: FOLLOWER
  }
  commitIndex: 17
}
commitInfos {
  server {
    id: "s0"
    address: "localhost:15252"
    dataStreamAddress: "localhost:15255"
    clientAddress: "localhost:15254"
    adminAddress: "localhost:15253"
    startupRole: FOLLOWER
  }
  commitIndex: 17
}
commitInfos {
  server {
    id: "s2"
    address: "localhost:15260"
    dataStreamAddress: "localhost:15263"
    clientAddress: "localhost:15262"
    adminAddress: "localhost:15261"
    startupRole: FOLLOWER
  }
  commitIndex: 16
}
)
]]></system-out>
  </testcase>
  <testcase name="testImmediatelyRevertedToFollower" classname="org.apache.ratis.grpc.TestLeaderElectionWithGrpc" time="0.005"/>
  <testcase name="testLeaderElectionMetrics" classname="org.apache.ratis.grpc.TestLeaderElectionWithGrpc" time="31.517">
    <error type="java.lang.IllegalStateException"><![CDATA[java.lang.IllegalStateException: #leaks = 5 > 0, #leaks == set.size = 5
	at org.apache.ratis.util.Preconditions.assertTrue(Preconditions.java:77)
	at org.apache.ratis.util.LeakDetector$LeakTrackerSet.assertNoLeaks(LeakDetector.java:100)
	at org.apache.ratis.util.LeakDetector$LeakTrackerSet.getNumLeaks(LeakDetector.java:94)
	at org.apache.ratis.util.LeakDetector.assertNoLeaks(LeakDetector.java:174)
	at org.apache.ratis.server.impl.MiniRaftCluster.shutdown(MiniRaftCluster.java:894)
	at org.apache.ratis.grpc.MiniRaftClusterWithGrpc.shutdown(MiniRaftClusterWithGrpc.java:97)
	at org.apache.ratis.server.impl.MiniRaftCluster$Factory$Get.runWithNewCluster(MiniRaftCluster.java:152)
	at org.apache.ratis.server.impl.MiniRaftCluster$Factory$Get.runWithNewCluster(MiniRaftCluster.java:121)
	at org.apache.ratis.server.impl.LeaderElectionTests.testLeaderElectionMetrics(LeaderElectionTests.java:553)
	at java.lang.reflect.Method.invoke(Method.java:498)
	at java.util.ArrayList.forEach(ArrayList.java:1259)
	at java.util.ArrayList.forEach(ArrayList.java:1259)
]]></error>
    <system-out><![CDATA[2024-10-20 10:47:02,090 [main] INFO  util.LogUtils (Slf4jUtils.java:setLogLevel(38)) - Successfully set org.apache.ratis.conf.ConfUtils log level to WARN
2024-10-20 10:47:02,090 [main] INFO  util.LogUtils (Slf4jUtils.java:setLogLevel(38)) - Successfully set org.apache.ratis.util.FileUtils log level to TRACE
2024-10-20 10:47:02,090 [main] INFO  util.LogUtils (Slf4jUtils.java:setLogLevel(38)) - Successfully set org.apache.ratis.server.RaftServer$Division log level to DEBUG
2024-10-20 10:47:02,091 [main] INFO  util.LogUtils (Slf4jUtils.java:setLogLevel(38)) - Successfully set org.apache.ratis.client.RaftClient log level to DEBUG
2024-10-20 10:47:02,092 [main] INFO  impl.MiniRaftCluster (MiniRaftCluster.java:runWithNewCluster(137)) - Running runWithNewCluster
2024-10-20 10:47:02,093 [main] INFO  impl.MiniRaftCluster (MiniRaftCluster.java:<init>(319)) - new MiniRaftClusterWithGrpc with group-2456E1A61AB5:[s0|localhost:15308, s1|localhost:15312, s2|localhost:15316]
2024-10-20 10:47:02,093 [main] INFO  impl.MiniRaftCluster (MiniRaftCluster.java:start(352)) - .............................................................. 
2024-10-20 10:47:02,094 [main] INFO  impl.MiniRaftCluster (MiniRaftCluster.java:start(353)) - ... 
2024-10-20 10:47:02,094 [main] INFO  impl.MiniRaftCluster (MiniRaftCluster.java:start(354)) - ...     Starting MiniRaftClusterWithGrpc
2024-10-20 10:47:02,094 [main] INFO  impl.MiniRaftCluster (MiniRaftCluster.java:start(355)) - ... 
2024-10-20 10:47:02,094 [main] INFO  impl.MiniRaftCluster (MiniRaftCluster.java:start(356)) - .............................................................. 
2024-10-20 10:47:02,094 [main] INFO  impl.MiniRaftCluster (MiniRaftCluster.java:initServers(331)) - servers = {}
2024-10-20 10:47:02,094 [main] INFO  impl.MiniRaftCluster (MiniRaftCluster.java:newRaftServer(396)) - newRaftServer: s0, group-2456E1A61AB5:[s0|localhost:15308, s1|localhost:15312, s2|localhost:15316], format? true
2024-10-20 10:47:02,095 [main] TRACE util.FileUtils (FileUtils.java:deleteFully(305)) - deleteFully target/test/data/d69430f5/MiniRaftClusterWithGrpce4cd1a39/s0
2024-10-20 10:47:02,095 [main] TRACE util.FileUtils (FileUtils.java:deleteFully(318)) - deleteFully: target/test/data/d69430f5/MiniRaftClusterWithGrpce4cd1a39/s0 does not exist.
2024-10-20 10:47:02,095 [main] INFO  impl.MiniRaftCluster (MiniRaftCluster.java:newRaftServer(401)) - Formatted directory target/test/data/d69430f5/MiniRaftClusterWithGrpce4cd1a39/s0
2024-10-20 10:47:02,095 [main] INFO  server.RaftServer (ConfUtils.java:logGet(46)) - raft.rpc.type = GRPC (default)
2024-10-20 10:47:02,096 [main] INFO  grpc.GrpcConfigKeys (ConfUtils.java:logFallback(53)) - raft.grpc.admin.host = null (fallback to raft.grpc.server.host)
2024-10-20 10:47:02,096 [main] INFO  grpc.GrpcConfigKeys (ConfUtils.java:logGet(46)) - raft.grpc.admin.port = 15309 (custom)
2024-10-20 10:47:02,096 [main] INFO  grpc.GrpcConfigKeys (ConfUtils.java:logFallback(53)) - raft.grpc.client.host = null (fallback to raft.grpc.server.host)
2024-10-20 10:47:02,096 [main] INFO  grpc.GrpcConfigKeys (ConfUtils.java:logGet(46)) - raft.grpc.client.port = 15310 (custom)
2024-10-20 10:47:02,096 [main] INFO  grpc.GrpcConfigKeys (ConfUtils.java:logGet(46)) - raft.grpc.server.host = null (default)
2024-10-20 10:47:02,097 [main] INFO  grpc.GrpcConfigKeys (ConfUtils.java:logGet(46)) - raft.grpc.server.port = 15308 (custom)
2024-10-20 10:47:02,097 [main] INFO  server.GrpcServicesImpl (ConfUtils.java:logGet(46)) - raft.grpc.message.size.max = 64MB (=67108864) (default)
2024-10-20 10:47:02,097 [main] INFO  server.GrpcServicesImpl (ConfUtils.java:logGet(46)) - raft.grpc.flow.control.window = 1MB (=1048576) (default)
2024-10-20 10:47:02,097 [main] INFO  server.RaftServerConfigKeys (ConfUtils.java:logGet(46)) - raft.server.rpc.request.timeout = 3000ms (default)
2024-10-20 10:47:02,097 [main] INFO  grpc.GrpcConfigKeys (ConfUtils.java:logGet(46)) - raft.grpc.server.heartbeat.channel = true (default)
2024-10-20 10:47:02,098 [main] INFO  grpc.GrpcConfigKeys (ConfUtils.java:logGet(46)) - raft.grpc.server.zerocopy.enabled = true (custom)
2024-10-20 10:47:02,098 [main] INFO  server.RaftServerConfigKeys (ConfUtils.java:logGet(46)) - raft.server.log.appender.buffer.byte-limit = 4MB (=4194304) (default)
2024-10-20 10:47:02,098 [main] INFO  grpc.GrpcConfigKeys (ConfUtils.java:logGet(46)) - raft.grpc.server.async.request.thread.pool.cached = true (default)
2024-10-20 10:47:02,098 [main] INFO  grpc.GrpcConfigKeys (ConfUtils.java:logGet(46)) - raft.grpc.server.async.request.thread.pool.size = 32 (default)
2024-10-20 10:47:02,103 [main] INFO  impl.DataStreamServerImpl (ConfUtils.java:logGet(46)) - raft.datastream.type = DISABLED (default)
2024-10-20 10:47:02,103 [main] INFO  server.RaftServerConfigKeys (ConfUtils.java:logGet(46)) - raft.server.sleep.deviation.threshold = 300ms (default)
2024-10-20 10:47:02,104 [main] INFO  server.RaftServerConfigKeys (ConfUtils.java:logGet(46)) - raft.server.close.threshold = 60s (default)
2024-10-20 10:47:02,104 [main] INFO  server.RaftServerConfigKeys (ConfUtils.java:logGet(46)) - raft.server.leaderelection.leader.step-down.wait-time = 10s (default)
2024-10-20 10:47:02,105 [main] INFO  server.RaftServerConfigKeys (ConfUtils.java:logGet(46)) - raft.server.storage.dir = [/home/runner/work/ratis/ratis/ratis-test/target/test/data/d69430f5/MiniRaftClusterWithGrpce4cd1a39/s0] (custom)
2024-10-20 10:47:02,105 [main] INFO  server.RaftServerConfigKeys (ConfUtils.java:logGet(46)) - raft.server.threadpool.proxy.cached = true (default)
2024-10-20 10:47:02,105 [main] INFO  server.RaftServerConfigKeys (ConfUtils.java:logGet(46)) - raft.server.threadpool.proxy.size = 0 (default)
2024-10-20 10:47:02,106 [main] INFO  server.RaftServer (RaftServerProxy.java:addNew(101)) - s0: addNew group-2456E1A61AB5:[s0|localhost:15308, s1|localhost:15312, s2|localhost:15316] returns group-2456E1A61AB5:java.util.concurrent.CompletableFuture@5e7fc012[Not completed]
2024-10-20 10:47:02,106 [main] INFO  impl.MiniRaftCluster (MiniRaftCluster.java:newRaftServer(396)) - newRaftServer: s1, group-2456E1A61AB5:[s0|localhost:15308, s1|localhost:15312, s2|localhost:15316], format? true
2024-10-20 10:47:02,106 [main] TRACE util.FileUtils (FileUtils.java:deleteFully(305)) - deleteFully target/test/data/d69430f5/MiniRaftClusterWithGrpce4cd1a39/s1
2024-10-20 10:47:02,106 [main] TRACE util.FileUtils (FileUtils.java:deleteFully(318)) - deleteFully: target/test/data/d69430f5/MiniRaftClusterWithGrpce4cd1a39/s1 does not exist.
2024-10-20 10:47:02,106 [main] INFO  impl.MiniRaftCluster (MiniRaftCluster.java:newRaftServer(401)) - Formatted directory target/test/data/d69430f5/MiniRaftClusterWithGrpce4cd1a39/s1
2024-10-20 10:47:02,107 [main] INFO  server.RaftServer (ConfUtils.java:logGet(46)) - raft.rpc.type = GRPC (default)
2024-10-20 10:47:02,107 [main] INFO  grpc.GrpcConfigKeys (ConfUtils.java:logFallback(53)) - raft.grpc.admin.host = null (fallback to raft.grpc.server.host)
2024-10-20 10:47:02,107 [s0-groupManagement] INFO  server.RaftServer$Division (RaftServerImpl.java:<init>(257)) - s0: new RaftServerImpl for group-2456E1A61AB5:[s0|localhost:15308, s1|localhost:15312, s2|localhost:15316] with BaseStateMachine:uninitialized
2024-10-20 10:47:02,107 [s0-groupManagement] INFO  server.RaftServerConfigKeys (ConfUtils.java:logGet(46)) - raft.server.rpc.timeout.min = 150ms (default)
2024-10-20 10:47:02,107 [s0-groupManagement] INFO  server.RaftServerConfigKeys (ConfUtils.java:logGet(46)) - raft.server.rpc.timeout.max = 300ms (default)
2024-10-20 10:47:02,107 [s0-groupManagement] INFO  server.RaftServerConfigKeys (ConfUtils.java:logGet(46)) - raft.server.rpc.sleep.time = 25ms (default)
2024-10-20 10:47:02,107 [s0-groupManagement] INFO  server.RaftServerConfigKeys (ConfUtils.java:logGet(46)) - raft.server.rpc.slowness.timeout = 60s (default)
2024-10-20 10:47:02,108 [s0-groupManagement] INFO  server.RaftServerConfigKeys (ConfUtils.java:logGet(46)) - raft.server.leaderelection.leader.step-down.wait-time = 10s (default)
2024-10-20 10:47:02,108 [s0-groupManagement] INFO  server.RaftServerConfigKeys (ConfUtils.java:logGet(46)) - raft.server.leaderelection.member.majority-add = false (default)
2024-10-20 10:47:02,108 [s0-groupManagement] INFO  server.RaftServerConfigKeys (ConfUtils.java:logGet(46)) - raft.server.sleep.deviation.threshold = 300ms (default)
2024-10-20 10:47:02,108 [s0-groupManagement] INFO  server.RaftServer$Division (ServerState.java:<init>(114)) - s0@group-2456E1A61AB5: ConfigurationManager, init=conf: {index: -1, cur=peers:[s0|localhost:15308, s1|localhost:15312, s2|localhost:15316]|listeners:[], old=null}, confs=<EMPTY_MAP>
2024-10-20 10:47:02,108 [s0-groupManagement] INFO  server.RaftServerConfigKeys (ConfUtils.java:logGet(46)) - raft.server.notification.no-leader.timeout = 60s (default)
2024-10-20 10:47:02,108 [s0-groupManagement] INFO  server.RaftServerConfigKeys (ConfUtils.java:logGet(46)) - raft.server.read.timeout = 10s (default)
2024-10-20 10:47:02,108 [s0-groupManagement] INFO  server.RaftServerConfigKeys (ConfUtils.java:logGet(46)) - raft.server.retrycache.expirytime = 60s (default)
2024-10-20 10:47:02,108 [s0-groupManagement] INFO  server.RaftServerConfigKeys (ConfUtils.java:logGet(46)) - raft.server.retrycache.statistics.expirytime = 100ms (default)
2024-10-20 10:47:02,107 [main] INFO  grpc.GrpcConfigKeys (ConfUtils.java:logGet(46)) - raft.grpc.admin.port = 15313 (custom)
2024-10-20 10:47:02,109 [main] INFO  grpc.GrpcConfigKeys (ConfUtils.java:logFallback(53)) - raft.grpc.client.host = null (fallback to raft.grpc.server.host)
2024-10-20 10:47:02,109 [main] INFO  grpc.GrpcConfigKeys (ConfUtils.java:logGet(46)) - raft.grpc.client.port = 15314 (custom)
2024-10-20 10:47:02,109 [main] INFO  grpc.GrpcConfigKeys (ConfUtils.java:logGet(46)) - raft.grpc.server.host = null (default)
2024-10-20 10:47:02,109 [main] INFO  grpc.GrpcConfigKeys (ConfUtils.java:logGet(46)) - raft.grpc.server.port = 15312 (custom)
2024-10-20 10:47:02,109 [main] INFO  server.GrpcServicesImpl (ConfUtils.java:logGet(46)) - raft.grpc.message.size.max = 64MB (=67108864) (default)
2024-10-20 10:47:02,110 [main] INFO  server.GrpcServicesImpl (ConfUtils.java:logGet(46)) - raft.grpc.flow.control.window = 1MB (=1048576) (default)
2024-10-20 10:47:02,110 [main] INFO  server.RaftServerConfigKeys (ConfUtils.java:logGet(46)) - raft.server.rpc.request.timeout = 3000ms (default)
2024-10-20 10:47:02,110 [main] INFO  grpc.GrpcConfigKeys (ConfUtils.java:logGet(46)) - raft.grpc.server.heartbeat.channel = true (default)
2024-10-20 10:47:02,110 [main] INFO  grpc.GrpcConfigKeys (ConfUtils.java:logGet(46)) - raft.grpc.server.zerocopy.enabled = true (custom)
2024-10-20 10:47:02,110 [main] INFO  server.RaftServerConfigKeys (ConfUtils.java:logGet(46)) - raft.server.log.appender.buffer.byte-limit = 4MB (=4194304) (default)
2024-10-20 10:47:02,110 [main] INFO  grpc.GrpcConfigKeys (ConfUtils.java:logGet(46)) - raft.grpc.server.async.request.thread.pool.cached = true (default)
2024-10-20 10:47:02,111 [main] INFO  grpc.GrpcConfigKeys (ConfUtils.java:logGet(46)) - raft.grpc.server.async.request.thread.pool.size = 32 (default)
2024-10-20 10:47:02,112 [s0-groupManagement] INFO  server.RaftServerConfigKeys (ConfUtils.java:logGet(46)) - raft.server.read.option = DEFAULT (default)
2024-10-20 10:47:02,112 [s0-groupManagement] INFO  server.RaftServerConfigKeys (ConfUtils.java:logGet(46)) - raft.server.read.read-after-write-consistent.write-index-cache.expiry-time = 60s (default)
2024-10-20 10:47:02,113 [main] INFO  impl.DataStreamServerImpl (ConfUtils.java:logGet(46)) - raft.datastream.type = DISABLED (default)
2024-10-20 10:47:02,113 [main] INFO  server.RaftServerConfigKeys (ConfUtils.java:logGet(46)) - raft.server.sleep.deviation.threshold = 300ms (default)
2024-10-20 10:47:02,113 [main] INFO  server.RaftServerConfigKeys (ConfUtils.java:logGet(46)) - raft.server.close.threshold = 60s (default)
2024-10-20 10:47:02,114 [main] INFO  server.RaftServerConfigKeys (ConfUtils.java:logGet(46)) - raft.server.leaderelection.leader.step-down.wait-time = 10s (default)
2024-10-20 10:47:02,113 [s0-groupManagement] INFO  server.RaftServerConfigKeys (ConfUtils.java:logGet(46)) - raft.server.rpc.request.timeout = 3000ms (default)
2024-10-20 10:47:02,114 [s0-groupManagement] INFO  server.RaftServerConfigKeys (ConfUtils.java:logGet(46)) - raft.server.log.appender.install.snapshot.enabled = true (default)
2024-10-20 10:47:02,114 [s0-groupManagement] INFO  server.RaftServerConfigKeys (ConfUtils.java:logGet(46)) - raft.server.threadpool.server.cached = true (default)
2024-10-20 10:47:02,114 [s0-groupManagement] INFO  server.RaftServerConfigKeys (ConfUtils.java:logGet(46)) - raft.server.threadpool.server.size = 0 (default)
2024-10-20 10:47:02,114 [s0-groupManagement] INFO  server.RaftServerConfigKeys (ConfUtils.java:logGet(46)) - raft.server.threadpool.client.cached = true (default)
2024-10-20 10:47:02,114 [s0-groupManagement] INFO  server.RaftServerConfigKeys (ConfUtils.java:logGet(46)) - raft.server.threadpool.client.size = 0 (default)
2024-10-20 10:47:02,114 [main] INFO  server.RaftServerConfigKeys (ConfUtils.java:logGet(46)) - raft.server.storage.dir = [/home/runner/work/ratis/ratis/ratis-test/target/test/data/d69430f5/MiniRaftClusterWithGrpce4cd1a39/s1] (custom)
2024-10-20 10:47:02,115 [main] INFO  server.RaftServerConfigKeys (ConfUtils.java:logGet(46)) - raft.server.threadpool.proxy.cached = true (default)
2024-10-20 10:47:02,115 [main] INFO  server.RaftServerConfigKeys (ConfUtils.java:logGet(46)) - raft.server.threadpool.proxy.size = 0 (default)
2024-10-20 10:47:02,116 [main] INFO  server.RaftServer (RaftServerProxy.java:addNew(101)) - s1: addNew group-2456E1A61AB5:[s0|localhost:15308, s1|localhost:15312, s2|localhost:15316] returns group-2456E1A61AB5:java.util.concurrent.CompletableFuture@125bc00d[Not completed]
2024-10-20 10:47:02,116 [main] INFO  impl.MiniRaftCluster (MiniRaftCluster.java:newRaftServer(396)) - newRaftServer: s2, group-2456E1A61AB5:[s0|localhost:15308, s1|localhost:15312, s2|localhost:15316], format? true
2024-10-20 10:47:02,116 [main] TRACE util.FileUtils (FileUtils.java:deleteFully(305)) - deleteFully target/test/data/d69430f5/MiniRaftClusterWithGrpce4cd1a39/s2
2024-10-20 10:47:02,116 [main] TRACE util.FileUtils (FileUtils.java:deleteFully(318)) - deleteFully: target/test/data/d69430f5/MiniRaftClusterWithGrpce4cd1a39/s2 does not exist.
2024-10-20 10:47:02,116 [main] INFO  impl.MiniRaftCluster (MiniRaftCluster.java:newRaftServer(401)) - Formatted directory target/test/data/d69430f5/MiniRaftClusterWithGrpce4cd1a39/s2
2024-10-20 10:47:02,117 [main] INFO  server.RaftServer (ConfUtils.java:logGet(46)) - raft.rpc.type = GRPC (default)
2024-10-20 10:47:02,117 [main] INFO  grpc.GrpcConfigKeys (ConfUtils.java:logFallback(53)) - raft.grpc.admin.host = null (fallback to raft.grpc.server.host)
2024-10-20 10:47:02,117 [main] INFO  grpc.GrpcConfigKeys (ConfUtils.java:logGet(46)) - raft.grpc.admin.port = 15317 (custom)
2024-10-20 10:47:02,117 [main] INFO  grpc.GrpcConfigKeys (ConfUtils.java:logFallback(53)) - raft.grpc.client.host = null (fallback to raft.grpc.server.host)
2024-10-20 10:47:02,117 [main] INFO  grpc.GrpcConfigKeys (ConfUtils.java:logGet(46)) - raft.grpc.client.port = 15318 (custom)
2024-10-20 10:47:02,117 [main] INFO  grpc.GrpcConfigKeys (ConfUtils.java:logGet(46)) - raft.grpc.server.host = null (default)
2024-10-20 10:47:02,118 [main] INFO  grpc.GrpcConfigKeys (ConfUtils.java:logGet(46)) - raft.grpc.server.port = 15316 (custom)
2024-10-20 10:47:02,118 [main] INFO  server.GrpcServicesImpl (ConfUtils.java:logGet(46)) - raft.grpc.message.size.max = 64MB (=67108864) (default)
2024-10-20 10:47:02,118 [main] INFO  server.GrpcServicesImpl (ConfUtils.java:logGet(46)) - raft.grpc.flow.control.window = 1MB (=1048576) (default)
2024-10-20 10:47:02,118 [main] INFO  server.RaftServerConfigKeys (ConfUtils.java:logGet(46)) - raft.server.rpc.request.timeout = 3000ms (default)
2024-10-20 10:47:02,118 [main] INFO  grpc.GrpcConfigKeys (ConfUtils.java:logGet(46)) - raft.grpc.server.heartbeat.channel = true (default)
2024-10-20 10:47:02,119 [main] INFO  grpc.GrpcConfigKeys (ConfUtils.java:logGet(46)) - raft.grpc.server.zerocopy.enabled = true (custom)
2024-10-20 10:47:02,119 [main] INFO  server.RaftServerConfigKeys (ConfUtils.java:logGet(46)) - raft.server.log.appender.buffer.byte-limit = 4MB (=4194304) (default)
2024-10-20 10:47:02,119 [main] INFO  grpc.GrpcConfigKeys (ConfUtils.java:logGet(46)) - raft.grpc.server.async.request.thread.pool.cached = true (default)
2024-10-20 10:47:02,119 [main] INFO  grpc.GrpcConfigKeys (ConfUtils.java:logGet(46)) - raft.grpc.server.async.request.thread.pool.size = 32 (default)
2024-10-20 10:47:02,121 [main] INFO  impl.DataStreamServerImpl (ConfUtils.java:logGet(46)) - raft.datastream.type = DISABLED (default)
2024-10-20 10:47:02,121 [main] INFO  server.RaftServerConfigKeys (ConfUtils.java:logGet(46)) - raft.server.sleep.deviation.threshold = 300ms (default)
2024-10-20 10:47:02,121 [main] INFO  server.RaftServerConfigKeys (ConfUtils.java:logGet(46)) - raft.server.close.threshold = 60s (default)
2024-10-20 10:47:02,121 [main] INFO  server.RaftServerConfigKeys (ConfUtils.java:logGet(46)) - raft.server.leaderelection.leader.step-down.wait-time = 10s (default)
2024-10-20 10:47:02,122 [main] INFO  server.RaftServerConfigKeys (ConfUtils.java:logGet(46)) - raft.server.storage.dir = [/home/runner/work/ratis/ratis/ratis-test/target/test/data/d69430f5/MiniRaftClusterWithGrpce4cd1a39/s2] (custom)
2024-10-20 10:47:02,122 [main] INFO  server.RaftServerConfigKeys (ConfUtils.java:logGet(46)) - raft.server.threadpool.proxy.cached = true (default)
2024-10-20 10:47:02,122 [main] INFO  server.RaftServerConfigKeys (ConfUtils.java:logGet(46)) - raft.server.threadpool.proxy.size = 0 (default)
2024-10-20 10:47:02,123 [s1-groupManagement] INFO  server.RaftServer$Division (RaftServerImpl.java:<init>(257)) - s1: new RaftServerImpl for group-2456E1A61AB5:[s0|localhost:15308, s1|localhost:15312, s2|localhost:15316] with BaseStateMachine:uninitialized
2024-10-20 10:47:02,123 [s1-groupManagement] INFO  server.RaftServerConfigKeys (ConfUtils.java:logGet(46)) - raft.server.rpc.timeout.min = 150ms (default)
2024-10-20 10:47:02,123 [s1-groupManagement] INFO  server.RaftServerConfigKeys (ConfUtils.java:logGet(46)) - raft.server.rpc.timeout.max = 300ms (default)
2024-10-20 10:47:02,123 [s1-groupManagement] INFO  server.RaftServerConfigKeys (ConfUtils.java:logGet(46)) - raft.server.rpc.sleep.time = 25ms (default)
2024-10-20 10:47:02,123 [s1-groupManagement] INFO  server.RaftServerConfigKeys (ConfUtils.java:logGet(46)) - raft.server.rpc.slowness.timeout = 60s (default)
2024-10-20 10:47:02,123 [s1-groupManagement] INFO  server.RaftServerConfigKeys (ConfUtils.java:logGet(46)) - raft.server.leaderelection.leader.step-down.wait-time = 10s (default)
2024-10-20 10:47:02,123 [s1-groupManagement] INFO  server.RaftServerConfigKeys (ConfUtils.java:logGet(46)) - raft.server.leaderelection.member.majority-add = false (default)
2024-10-20 10:47:02,123 [s1-groupManagement] INFO  server.RaftServerConfigKeys (ConfUtils.java:logGet(46)) - raft.server.sleep.deviation.threshold = 300ms (default)
2024-10-20 10:47:02,124 [s1-groupManagement] INFO  server.RaftServer$Division (ServerState.java:<init>(114)) - s1@group-2456E1A61AB5: ConfigurationManager, init=conf: {index: -1, cur=peers:[s0|localhost:15308, s1|localhost:15312, s2|localhost:15316]|listeners:[], old=null}, confs=<EMPTY_MAP>
2024-10-20 10:47:02,124 [s1-groupManagement] INFO  server.RaftServerConfigKeys (ConfUtils.java:logGet(46)) - raft.server.notification.no-leader.timeout = 60s (default)
2024-10-20 10:47:02,124 [s1-groupManagement] INFO  server.RaftServerConfigKeys (ConfUtils.java:logGet(46)) - raft.server.read.timeout = 10s (default)
2024-10-20 10:47:02,124 [s1-groupManagement] INFO  server.RaftServerConfigKeys (ConfUtils.java:logGet(46)) - raft.server.retrycache.expirytime = 60s (default)
2024-10-20 10:47:02,124 [s1-groupManagement] INFO  server.RaftServerConfigKeys (ConfUtils.java:logGet(46)) - raft.server.retrycache.statistics.expirytime = 100ms (default)
2024-10-20 10:47:02,124 [s1-groupManagement] INFO  server.RaftServerConfigKeys (ConfUtils.java:logGet(46)) - raft.server.read.option = DEFAULT (default)
2024-10-20 10:47:02,124 [s1-groupManagement] INFO  server.RaftServerConfigKeys (ConfUtils.java:logGet(46)) - raft.server.read.read-after-write-consistent.write-index-cache.expiry-time = 60s (default)
2024-10-20 10:47:02,125 [s1-groupManagement] INFO  server.RaftServerConfigKeys (ConfUtils.java:logGet(46)) - raft.server.rpc.request.timeout = 3000ms (default)
2024-10-20 10:47:02,125 [s1-groupManagement] INFO  server.RaftServerConfigKeys (ConfUtils.java:logGet(46)) - raft.server.log.appender.install.snapshot.enabled = true (default)
2024-10-20 10:47:02,125 [s1-groupManagement] INFO  server.RaftServerConfigKeys (ConfUtils.java:logGet(46)) - raft.server.threadpool.server.cached = true (default)
2024-10-20 10:47:02,125 [s1-groupManagement] INFO  server.RaftServerConfigKeys (ConfUtils.java:logGet(46)) - raft.server.threadpool.server.size = 0 (default)
2024-10-20 10:47:02,125 [s1-groupManagement] INFO  server.RaftServerConfigKeys (ConfUtils.java:logGet(46)) - raft.server.threadpool.client.cached = true (default)
2024-10-20 10:47:02,125 [s1-groupManagement] INFO  server.RaftServerConfigKeys (ConfUtils.java:logGet(46)) - raft.server.threadpool.client.size = 0 (default)
2024-10-20 10:47:02,127 [main] INFO  server.RaftServer (RaftServerProxy.java:addNew(101)) - s2: addNew group-2456E1A61AB5:[s0|localhost:15308, s1|localhost:15312, s2|localhost:15316] returns group-2456E1A61AB5:java.util.concurrent.CompletableFuture@f1d5f3[Not completed]
2024-10-20 10:47:02,127 [s2-groupManagement] INFO  server.RaftServer$Division (RaftServerImpl.java:<init>(257)) - s2: new RaftServerImpl for group-2456E1A61AB5:[s0|localhost:15308, s1|localhost:15312, s2|localhost:15316] with BaseStateMachine:uninitialized
2024-10-20 10:47:02,128 [s0-impl-thread1] INFO  server.RaftServerConfigKeys (ConfUtils.java:logGet(46)) - raft.server.storage.free-space.min = 0MB (=0) (default)
2024-10-20 10:47:02,129 [s0-impl-thread1] INFO  server.RaftServerConfigKeys (ConfUtils.java:logGet(46)) - raft.server.log.corruption.policy = EXCEPTION (default)
2024-10-20 10:47:02,129 [s0-impl-thread1] INFO  server.RaftServerConfigKeys (ConfUtils.java:logGet(46)) - raft.server.storage.dir = [/home/runner/work/ratis/ratis/ratis-test/target/test/data/d69430f5/MiniRaftClusterWithGrpce4cd1a39/s0] (custom)
2024-10-20 10:47:02,129 [s0-impl-thread1] INFO  storage.RaftStorageDirectory (RaftStorageDirectoryImpl.java:analyzeStorage(138)) - The storage directory /home/runner/work/ratis/ratis/ratis-test/target/test/data/d69430f5/MiniRaftClusterWithGrpce4cd1a39/s0/dcff7cd8-3e04-4520-8202-2456e1a61ab5 does not exist. Creating ...
2024-10-20 10:47:02,130 [s0-impl-thread1] TRACE util.FileUtils (LogUtils.java:runAndLog(49)) - Successfully ran Files.createDirectories /home/runner/work/ratis/ratis/ratis-test/target/test/data/d69430f5/MiniRaftClusterWithGrpce4cd1a39/s0/dcff7cd8-3e04-4520-8202-2456e1a61ab5
2024-10-20 10:47:02,131 [s2-groupManagement] INFO  server.RaftServerConfigKeys (ConfUtils.java:logGet(46)) - raft.server.rpc.timeout.min = 150ms (default)
2024-10-20 10:47:02,131 [s2-groupManagement] INFO  server.RaftServerConfigKeys (ConfUtils.java:logGet(46)) - raft.server.rpc.timeout.max = 300ms (default)
2024-10-20 10:47:02,131 [s2-groupManagement] INFO  server.RaftServerConfigKeys (ConfUtils.java:logGet(46)) - raft.server.rpc.sleep.time = 25ms (default)
2024-10-20 10:47:02,131 [s2-groupManagement] INFO  server.RaftServerConfigKeys (ConfUtils.java:logGet(46)) - raft.server.rpc.slowness.timeout = 60s (default)
2024-10-20 10:47:02,131 [s2-groupManagement] INFO  server.RaftServerConfigKeys (ConfUtils.java:logGet(46)) - raft.server.leaderelection.leader.step-down.wait-time = 10s (default)
2024-10-20 10:47:02,131 [s2-groupManagement] INFO  server.RaftServerConfigKeys (ConfUtils.java:logGet(46)) - raft.server.leaderelection.member.majority-add = false (default)
2024-10-20 10:47:02,131 [s2-groupManagement] INFO  server.RaftServerConfigKeys (ConfUtils.java:logGet(46)) - raft.server.sleep.deviation.threshold = 300ms (default)
2024-10-20 10:47:02,131 [s2-groupManagement] INFO  server.RaftServer$Division (ServerState.java:<init>(114)) - s2@group-2456E1A61AB5: ConfigurationManager, init=conf: {index: -1, cur=peers:[s0|localhost:15308, s1|localhost:15312, s2|localhost:15316]|listeners:[], old=null}, confs=<EMPTY_MAP>
2024-10-20 10:47:02,131 [s2-groupManagement] INFO  server.RaftServerConfigKeys (ConfUtils.java:logGet(46)) - raft.server.notification.no-leader.timeout = 60s (default)
2024-10-20 10:47:02,131 [s2-groupManagement] INFO  server.RaftServerConfigKeys (ConfUtils.java:logGet(46)) - raft.server.read.timeout = 10s (default)
2024-10-20 10:47:02,131 [s2-groupManagement] INFO  server.RaftServerConfigKeys (ConfUtils.java:logGet(46)) - raft.server.retrycache.expirytime = 60s (default)
2024-10-20 10:47:02,132 [s2-groupManagement] INFO  server.RaftServerConfigKeys (ConfUtils.java:logGet(46)) - raft.server.retrycache.statistics.expirytime = 100ms (default)
2024-10-20 10:47:02,132 [s2-groupManagement] INFO  server.RaftServerConfigKeys (ConfUtils.java:logGet(46)) - raft.server.read.option = DEFAULT (default)
2024-10-20 10:47:02,132 [s0-impl-thread1] INFO  storage.RaftStorageDirectory (RaftStorageDirectoryImpl.java:tryLock(229)) - Lock on /home/runner/work/ratis/ratis/ratis-test/target/test/data/d69430f5/MiniRaftClusterWithGrpce4cd1a39/s0/dcff7cd8-3e04-4520-8202-2456e1a61ab5/in_use.lock acquired by nodename 10902@fv-az889-899
2024-10-20 10:47:02,132 [s0-impl-thread1] TRACE util.FileUtils (LogUtils.java:runAndLog(49)) - Successfully ran Files.createDirectories /home/runner/work/ratis/ratis/ratis-test/target/test/data/d69430f5/MiniRaftClusterWithGrpce4cd1a39/s0/dcff7cd8-3e04-4520-8202-2456e1a61ab5/current
2024-10-20 10:47:02,132 [s0-impl-thread1] TRACE util.FileUtils (LogUtils.java:runAndLog(49)) - Successfully ran Files.createDirectories /home/runner/work/ratis/ratis/ratis-test/target/test/data/d69430f5/MiniRaftClusterWithGrpce4cd1a39/s0/dcff7cd8-3e04-4520-8202-2456e1a61ab5/sm
2024-10-20 10:47:02,132 [s0-impl-thread1] TRACE util.FileUtils (LogUtils.java:supplyAndLog(69)) - Successfully supplied FileChannel.open /home/runner/work/ratis/ratis/ratis-test/target/test/data/d69430f5/MiniRaftClusterWithGrpce4cd1a39/s0/dcff7cd8-3e04-4520-8202-2456e1a61ab5/current/raft-meta.tmp with options [CREATE, WRITE]: sun.nio.ch.FileChannelImpl@6febf212
2024-10-20 10:47:02,132 [s2-groupManagement] INFO  server.RaftServerConfigKeys (ConfUtils.java:logGet(46)) - raft.server.read.read-after-write-consistent.write-index-cache.expiry-time = 60s (default)
2024-10-20 10:47:02,134 [s0-impl-thread1] TRACE util.FileUtils (LogUtils.java:runAndLog(49)) - Successfully ran Atomic Files.move /home/runner/work/ratis/ratis/ratis-test/target/test/data/d69430f5/MiniRaftClusterWithGrpce4cd1a39/s0/dcff7cd8-3e04-4520-8202-2456e1a61ab5/current/raft-meta.tmp to /home/runner/work/ratis/ratis/ratis-test/target/test/data/d69430f5/MiniRaftClusterWithGrpce4cd1a39/s0/dcff7cd8-3e04-4520-8202-2456e1a61ab5/current/raft-meta with options [REPLACE_EXISTING]
2024-10-20 10:47:02,134 [s0-impl-thread1] INFO  storage.RaftStorage (RaftStorageImpl.java:format(98)) - Storage directory /home/runner/work/ratis/ratis/ratis-test/target/test/data/d69430f5/MiniRaftClusterWithGrpce4cd1a39/s0/dcff7cd8-3e04-4520-8202-2456e1a61ab5 has been successfully formatted.
2024-10-20 10:47:02,135 [s0-impl-thread1] INFO  server.RaftServerConfigKeys (ConfUtils.java:logGet(46)) - raft.server.log.use.memory = false (default)
2024-10-20 10:47:02,135 [s0-impl-thread1] INFO  server.RaftServerConfigKeys (ConfUtils.java:logGet(46)) - raft.server.log.purge.gap = 1024 (default)
2024-10-20 10:47:02,135 [s0-impl-thread1] INFO  server.RaftServerConfigKeys (ConfUtils.java:logGet(46)) - raft.server.log.appender.buffer.byte-limit = 4MB (=4194304) (default)
2024-10-20 10:47:02,135 [s0-impl-thread1] INFO  server.RaftServerConfigKeys (ConfUtils.java:logGet(46)) - raft.server.log.statemachine.data.read.timeout = 1000ms (default)
2024-10-20 10:47:02,135 [s0-impl-thread1] INFO  server.RaftServerConfigKeys (ConfUtils.java:logGet(46)) - raft.server.log.purge.preservation.log.num = 0 (default)
2024-10-20 10:47:02,135 [s0-impl-thread1] INFO  server.RaftServerConfigKeys (ConfUtils.java:logGet(46)) - raft.server.log.segment.size.max = 32MB (=33554432) (default)
2024-10-20 10:47:02,135 [s0-impl-thread1] INFO  server.RaftServerConfigKeys (ConfUtils.java:logGet(46)) - raft.server.log.segment.cache.num.max = 6 (default)
2024-10-20 10:47:02,135 [s0-impl-thread1] INFO  server.RaftServerConfigKeys (ConfUtils.java:logGet(46)) - raft.server.log.segment.cache.size.max = 200MB (=209715200) (default)
2024-10-20 10:47:02,136 [s0-impl-thread1] INFO  server.RaftServerConfigKeys (ConfUtils.java:logGet(46)) - raft.server.log.appender.buffer.byte-limit = 4MB (=4194304) (default)
2024-10-20 10:47:02,136 [s0-impl-thread1] INFO  util.AwaitToRun (AwaitToRun.java:start(81)) - Thread[s0@group-2456E1A61AB5-cacheEviction-AwaitToRun,5,main] started
2024-10-20 10:47:02,136 [s0-impl-thread1] INFO  segmented.SegmentedRaftLogWorker (SegmentedRaftLogWorker.java:<init>(188)) - new s0@group-2456E1A61AB5-SegmentedRaftLogWorker for RaftStorageImpl:Storage Directory /home/runner/work/ratis/ratis/ratis-test/target/test/data/d69430f5/MiniRaftClusterWithGrpce4cd1a39/s0/dcff7cd8-3e04-4520-8202-2456e1a61ab5
2024-10-20 10:47:02,136 [s0-impl-thread1] INFO  server.RaftServerConfigKeys (ConfUtils.java:logGet(46)) - raft.server.log.queue.byte-limit = 64MB (=67108864) (default)
2024-10-20 10:47:02,136 [s0-impl-thread1] INFO  server.RaftServerConfigKeys (ConfUtils.java:logGet(46)) - raft.server.log.queue.element-limit = 4096 (default)
2024-10-20 10:47:02,136 [s0-impl-thread1] INFO  server.RaftServerConfigKeys (ConfUtils.java:logGet(46)) - raft.server.log.segment.size.max = 32MB (=33554432) (default)
2024-10-20 10:47:02,136 [s0-impl-thread1] INFO  server.RaftServerConfigKeys (ConfUtils.java:logGet(46)) - raft.server.log.preallocated.size = 4MB (=4194304) (default)
2024-10-20 10:47:02,136 [s0-impl-thread1] INFO  server.RaftServerConfigKeys (ConfUtils.java:logGet(46)) - raft.server.log.force.sync.num = 128 (default)
2024-10-20 10:47:02,136 [s0-impl-thread1] INFO  server.RaftServerConfigKeys (ConfUtils.java:logGet(46)) - raft.server.log.statemachine.data.sync = true (default)
2024-10-20 10:47:02,136 [s0-impl-thread1] INFO  server.RaftServerConfigKeys (ConfUtils.java:logGet(46)) - raft.server.log.statemachine.data.sync.timeout = 10s (default)
2024-10-20 10:47:02,136 [s0-impl-thread1] INFO  server.RaftServerConfigKeys (ConfUtils.java:logGet(46)) - raft.server.log.statemachine.data.sync.timeout.retry = -1 (default)
2024-10-20 10:47:02,137 [s0-impl-thread1] INFO  server.RaftServerConfigKeys (ConfUtils.java:logGet(46)) - raft.server.log.write.buffer.size = 8MB (=8388608) (default)
2024-10-20 10:47:02,137 [s0-impl-thread1] INFO  server.RaftServerConfigKeys (ConfUtils.java:logGet(46)) - raft.server.log.appender.buffer.byte-limit = 4MB (=4194304) (default)
2024-10-20 10:47:02,137 [s0-impl-thread1] INFO  server.RaftServerConfigKeys (ConfUtils.java:logGet(46)) - raft.server.log.unsafe-flush.enabled = false (default)
2024-10-20 10:47:02,137 [s0-impl-thread1] INFO  server.RaftServerConfigKeys (ConfUtils.java:logGet(46)) - raft.server.log.async-flush.enabled = false (default)
2024-10-20 10:47:02,137 [s0-impl-thread1] INFO  server.RaftServerConfigKeys (ConfUtils.java:logGet(46)) - raft.server.log.statemachine.data.caching.enabled = false (default)
2024-10-20 10:47:02,137 [s0-impl-thread1] INFO  segmented.SegmentedRaftLogWorker (SegmentedRaftLogWorker.java:lambda$new$0(139)) - s0@group-2456E1A61AB5-SegmentedRaftLogWorker: flushIndex: setUnconditionally 0 -> -1
2024-10-20 10:47:02,137 [s0-impl-thread1] INFO  segmented.SegmentedRaftLogWorker (SegmentedRaftLogWorker.java:lambda$new$0(139)) - s0@group-2456E1A61AB5-SegmentedRaftLogWorker: safeCacheEvictIndex: setUnconditionally 0 -> -1
2024-10-20 10:47:02,138 [s0-impl-thread1] INFO  server.RaftServer$Division (RaftServerImpl.java:start(393)) - s0@group-2456E1A61AB5: start as a follower, conf=conf: {index: -1, cur=peers:[s0|localhost:15308, s1|localhost:15312, s2|localhost:15316]|listeners:[], old=null}
2024-10-20 10:47:02,138 [s0-impl-thread1] INFO  server.RaftServer$Division (RaftServerImpl.java:setRole(380)) - s0@group-2456E1A61AB5: changes role from      null to FOLLOWER at term 0 for startAsFollower
2024-10-20 10:47:02,138 [s0-impl-thread1] INFO  impl.RoleInfo (RoleInfo.java:updateAndGet(148)) - s0: start s0@group-2456E1A61AB5-FollowerState
2024-10-20 10:47:02,138 [s0@group-2456E1A61AB5-FollowerState] INFO  server.RaftServerConfigKeys (ConfUtils.java:logFallback(53)) - raft.server.rpc.first-election.timeout.min = 150ms (fallback to raft.server.rpc.timeout.min)
2024-10-20 10:47:02,138 [s0@group-2456E1A61AB5-FollowerState] INFO  server.RaftServerConfigKeys (ConfUtils.java:logFallback(53)) - raft.server.rpc.first-election.timeout.max = 300ms (fallback to raft.server.rpc.timeout.max)
2024-10-20 10:47:02,139 [s0-impl-thread1] INFO  util.JmxRegister (JmxRegister.java:tryRegister(44)) - Successfully registered JMX Bean with object name Ratis:service=RaftServer,group=group-2456E1A61AB5,id=s0
2024-10-20 10:47:02,139 [s0-impl-thread1] INFO  util.JmxRegister (JmxRegister.java:register(58)) - register mxBean class org.apache.ratis.server.impl.RaftServerJmxAdapter as Ratis:service=RaftServer,group=group-2456E1A61AB5,id=s0
2024-10-20 10:47:02,139 [s0-impl-thread1] INFO  server.RaftServerConfigKeys (ConfUtils.java:logGet(46)) - raft.server.snapshot.trigger-when-stop.enabled = true (default)
2024-10-20 10:47:02,139 [s0-impl-thread1] INFO  server.RaftServerConfigKeys (ConfUtils.java:logGet(46)) - raft.server.snapshot.trigger-when-remove.enabled = true (default)
2024-10-20 10:47:02,139 [s0-impl-thread1] INFO  server.RaftServerConfigKeys (ConfUtils.java:logGet(46)) - raft.server.snapshot.auto.trigger.enabled = false (default)
2024-10-20 10:47:02,139 [s0-impl-thread1] INFO  server.RaftServerConfigKeys (ConfUtils.java:logGet(46)) - raft.server.snapshot.retention.file.num = -1 (default)
2024-10-20 10:47:02,139 [s0-impl-thread1] INFO  server.RaftServerConfigKeys (ConfUtils.java:logGet(46)) - raft.server.log.purge.upto.snapshot.index = false (default)
2024-10-20 10:47:02,140 [s0-impl-thread1] INFO  server.RaftServer$Division (RaftServerImpl.java:start(407)) - s0@group-2456E1A61AB5: Successfully started.
2024-10-20 10:47:02,140 [main] INFO  server.RaftServer (RaftServerProxy.java:startImpl(408)) - s0: start RPC server
2024-10-20 10:47:02,140 [s2-groupManagement] INFO  server.RaftServerConfigKeys (ConfUtils.java:logGet(46)) - raft.server.rpc.request.timeout = 3000ms (default)
2024-10-20 10:47:02,140 [s2-groupManagement] INFO  server.RaftServerConfigKeys (ConfUtils.java:logGet(46)) - raft.server.log.appender.install.snapshot.enabled = true (default)
2024-10-20 10:47:02,140 [s2-groupManagement] INFO  server.RaftServerConfigKeys (ConfUtils.java:logGet(46)) - raft.server.threadpool.server.cached = true (default)
2024-10-20 10:47:02,140 [s2-groupManagement] INFO  server.RaftServerConfigKeys (ConfUtils.java:logGet(46)) - raft.server.threadpool.server.size = 0 (default)
2024-10-20 10:47:02,141 [s2-groupManagement] INFO  server.RaftServerConfigKeys (ConfUtils.java:logGet(46)) - raft.server.threadpool.client.cached = true (default)
2024-10-20 10:47:02,141 [s2-groupManagement] INFO  server.RaftServerConfigKeys (ConfUtils.java:logGet(46)) - raft.server.threadpool.client.size = 0 (default)
2024-10-20 10:47:02,141 [main] INFO  server.GrpcServicesImpl (GrpcServicesImpl.java:startImpl(353)) - s0: GrpcServicesImpl started, listening on 15310
2024-10-20 10:47:02,142 [main] INFO  server.GrpcServicesImpl (GrpcServicesImpl.java:startImpl(353)) - s0: GrpcServicesImpl started, listening on 15308
2024-10-20 10:47:02,142 [main] INFO  server.GrpcServicesImpl (GrpcServicesImpl.java:startImpl(353)) - s0: GrpcServicesImpl started, listening on 15309
2024-10-20 10:47:02,143 [JvmPauseMonitor77] INFO  util.JvmPauseMonitor (JvmPauseMonitor.java:run(146)) - JvmPauseMonitor-s0: Started
2024-10-20 10:47:02,143 [s1-impl-thread1] INFO  server.RaftServerConfigKeys (ConfUtils.java:logGet(46)) - raft.server.storage.free-space.min = 0MB (=0) (default)
2024-10-20 10:47:02,143 [s1-impl-thread1] INFO  server.RaftServerConfigKeys (ConfUtils.java:logGet(46)) - raft.server.log.corruption.policy = EXCEPTION (default)
2024-10-20 10:47:02,143 [s1-impl-thread1] INFO  server.RaftServerConfigKeys (ConfUtils.java:logGet(46)) - raft.server.storage.dir = [/home/runner/work/ratis/ratis/ratis-test/target/test/data/d69430f5/MiniRaftClusterWithGrpce4cd1a39/s1] (custom)
2024-10-20 10:47:02,144 [s1-impl-thread1] INFO  storage.RaftStorageDirectory (RaftStorageDirectoryImpl.java:analyzeStorage(138)) - The storage directory /home/runner/work/ratis/ratis/ratis-test/target/test/data/d69430f5/MiniRaftClusterWithGrpce4cd1a39/s1/dcff7cd8-3e04-4520-8202-2456e1a61ab5 does not exist. Creating ...
2024-10-20 10:47:02,144 [s1-impl-thread1] TRACE util.FileUtils (LogUtils.java:runAndLog(49)) - Successfully ran Files.createDirectories /home/runner/work/ratis/ratis/ratis-test/target/test/data/d69430f5/MiniRaftClusterWithGrpce4cd1a39/s1/dcff7cd8-3e04-4520-8202-2456e1a61ab5
2024-10-20 10:47:02,146 [s1-impl-thread1] INFO  storage.RaftStorageDirectory (RaftStorageDirectoryImpl.java:tryLock(229)) - Lock on /home/runner/work/ratis/ratis/ratis-test/target/test/data/d69430f5/MiniRaftClusterWithGrpce4cd1a39/s1/dcff7cd8-3e04-4520-8202-2456e1a61ab5/in_use.lock acquired by nodename 10902@fv-az889-899
2024-10-20 10:47:02,146 [s1-impl-thread1] TRACE util.FileUtils (LogUtils.java:runAndLog(49)) - Successfully ran Files.createDirectories /home/runner/work/ratis/ratis/ratis-test/target/test/data/d69430f5/MiniRaftClusterWithGrpce4cd1a39/s1/dcff7cd8-3e04-4520-8202-2456e1a61ab5/current
2024-10-20 10:47:02,146 [s1-impl-thread1] TRACE util.FileUtils (LogUtils.java:runAndLog(49)) - Successfully ran Files.createDirectories /home/runner/work/ratis/ratis/ratis-test/target/test/data/d69430f5/MiniRaftClusterWithGrpce4cd1a39/s1/dcff7cd8-3e04-4520-8202-2456e1a61ab5/sm
2024-10-20 10:47:02,146 [s1-impl-thread1] TRACE util.FileUtils (LogUtils.java:supplyAndLog(69)) - Successfully supplied FileChannel.open /home/runner/work/ratis/ratis/ratis-test/target/test/data/d69430f5/MiniRaftClusterWithGrpce4cd1a39/s1/dcff7cd8-3e04-4520-8202-2456e1a61ab5/current/raft-meta.tmp with options [CREATE, WRITE]: sun.nio.ch.FileChannelImpl@61fc6249
2024-10-20 10:47:02,148 [s1-impl-thread1] TRACE util.FileUtils (LogUtils.java:runAndLog(49)) - Successfully ran Atomic Files.move /home/runner/work/ratis/ratis/ratis-test/target/test/data/d69430f5/MiniRaftClusterWithGrpce4cd1a39/s1/dcff7cd8-3e04-4520-8202-2456e1a61ab5/current/raft-meta.tmp to /home/runner/work/ratis/ratis/ratis-test/target/test/data/d69430f5/MiniRaftClusterWithGrpce4cd1a39/s1/dcff7cd8-3e04-4520-8202-2456e1a61ab5/current/raft-meta with options [REPLACE_EXISTING]
2024-10-20 10:47:02,148 [s1-impl-thread1] INFO  storage.RaftStorage (RaftStorageImpl.java:format(98)) - Storage directory /home/runner/work/ratis/ratis/ratis-test/target/test/data/d69430f5/MiniRaftClusterWithGrpce4cd1a39/s1/dcff7cd8-3e04-4520-8202-2456e1a61ab5 has been successfully formatted.
2024-10-20 10:47:02,148 [s1-impl-thread1] INFO  server.RaftServerConfigKeys (ConfUtils.java:logGet(46)) - raft.server.log.use.memory = false (default)
2024-10-20 10:47:02,148 [s1-impl-thread1] INFO  server.RaftServerConfigKeys (ConfUtils.java:logGet(46)) - raft.server.log.purge.gap = 1024 (default)
2024-10-20 10:47:02,148 [s1-impl-thread1] INFO  server.RaftServerConfigKeys (ConfUtils.java:logGet(46)) - raft.server.log.appender.buffer.byte-limit = 4MB (=4194304) (default)
2024-10-20 10:47:02,148 [s1-impl-thread1] INFO  server.RaftServerConfigKeys (ConfUtils.java:logGet(46)) - raft.server.log.statemachine.data.read.timeout = 1000ms (default)
2024-10-20 10:47:02,148 [s1-impl-thread1] INFO  server.RaftServerConfigKeys (ConfUtils.java:logGet(46)) - raft.server.log.purge.preservation.log.num = 0 (default)
2024-10-20 10:47:02,149 [s1-impl-thread1] INFO  server.RaftServerConfigKeys (ConfUtils.java:logGet(46)) - raft.server.log.segment.size.max = 32MB (=33554432) (default)
2024-10-20 10:47:02,149 [s1-impl-thread1] INFO  server.RaftServerConfigKeys (ConfUtils.java:logGet(46)) - raft.server.log.segment.cache.num.max = 6 (default)
2024-10-20 10:47:02,149 [s1-impl-thread1] INFO  server.RaftServerConfigKeys (ConfUtils.java:logGet(46)) - raft.server.log.segment.cache.size.max = 200MB (=209715200) (default)
2024-10-20 10:47:02,149 [s1-impl-thread1] INFO  server.RaftServerConfigKeys (ConfUtils.java:logGet(46)) - raft.server.log.appender.buffer.byte-limit = 4MB (=4194304) (default)
2024-10-20 10:47:02,150 [s1-impl-thread1] INFO  util.AwaitToRun (AwaitToRun.java:start(81)) - Thread[s1@group-2456E1A61AB5-cacheEviction-AwaitToRun,5,main] started
2024-10-20 10:47:02,150 [s1-impl-thread1] INFO  segmented.SegmentedRaftLogWorker (SegmentedRaftLogWorker.java:<init>(188)) - new s1@group-2456E1A61AB5-SegmentedRaftLogWorker for RaftStorageImpl:Storage Directory /home/runner/work/ratis/ratis/ratis-test/target/test/data/d69430f5/MiniRaftClusterWithGrpce4cd1a39/s1/dcff7cd8-3e04-4520-8202-2456e1a61ab5
2024-10-20 10:47:02,150 [s1-impl-thread1] INFO  server.RaftServerConfigKeys (ConfUtils.java:logGet(46)) - raft.server.log.queue.byte-limit = 64MB (=67108864) (default)
2024-10-20 10:47:02,150 [s1-impl-thread1] INFO  server.RaftServerConfigKeys (ConfUtils.java:logGet(46)) - raft.server.log.queue.element-limit = 4096 (default)
2024-10-20 10:47:02,150 [s1-impl-thread1] INFO  server.RaftServerConfigKeys (ConfUtils.java:logGet(46)) - raft.server.log.segment.size.max = 32MB (=33554432) (default)
2024-10-20 10:47:02,150 [s1-impl-thread1] INFO  server.RaftServerConfigKeys (ConfUtils.java:logGet(46)) - raft.server.log.preallocated.size = 4MB (=4194304) (default)
2024-10-20 10:47:02,150 [s1-impl-thread1] INFO  server.RaftServerConfigKeys (ConfUtils.java:logGet(46)) - raft.server.log.force.sync.num = 128 (default)
2024-10-20 10:47:02,150 [s1-impl-thread1] INFO  server.RaftServerConfigKeys (ConfUtils.java:logGet(46)) - raft.server.log.statemachine.data.sync = true (default)
2024-10-20 10:47:02,150 [s1-impl-thread1] INFO  server.RaftServerConfigKeys (ConfUtils.java:logGet(46)) - raft.server.log.statemachine.data.sync.timeout = 10s (default)
2024-10-20 10:47:02,150 [s1-impl-thread1] INFO  server.RaftServerConfigKeys (ConfUtils.java:logGet(46)) - raft.server.log.statemachine.data.sync.timeout.retry = -1 (default)
2024-10-20 10:47:02,150 [s1-impl-thread1] INFO  server.RaftServerConfigKeys (ConfUtils.java:logGet(46)) - raft.server.log.write.buffer.size = 8MB (=8388608) (default)
2024-10-20 10:47:02,150 [s1-impl-thread1] INFO  server.RaftServerConfigKeys (ConfUtils.java:logGet(46)) - raft.server.log.appender.buffer.byte-limit = 4MB (=4194304) (default)
2024-10-20 10:47:02,150 [s1-impl-thread1] INFO  server.RaftServerConfigKeys (ConfUtils.java:logGet(46)) - raft.server.log.unsafe-flush.enabled = false (default)
2024-10-20 10:47:02,151 [s1-impl-thread1] INFO  server.RaftServerConfigKeys (ConfUtils.java:logGet(46)) - raft.server.log.async-flush.enabled = false (default)
2024-10-20 10:47:02,151 [s1-impl-thread1] INFO  server.RaftServerConfigKeys (ConfUtils.java:logGet(46)) - raft.server.log.statemachine.data.caching.enabled = false (default)
2024-10-20 10:47:02,151 [s1-impl-thread1] INFO  segmented.SegmentedRaftLogWorker (SegmentedRaftLogWorker.java:lambda$new$0(139)) - s1@group-2456E1A61AB5-SegmentedRaftLogWorker: flushIndex: setUnconditionally 0 -> -1
2024-10-20 10:47:02,151 [s1-impl-thread1] INFO  segmented.SegmentedRaftLogWorker (SegmentedRaftLogWorker.java:lambda$new$0(139)) - s1@group-2456E1A61AB5-SegmentedRaftLogWorker: safeCacheEvictIndex: setUnconditionally 0 -> -1
2024-10-20 10:47:02,155 [s1-impl-thread1] INFO  server.RaftServer$Division (RaftServerImpl.java:start(393)) - s1@group-2456E1A61AB5: start as a follower, conf=conf: {index: -1, cur=peers:[s0|localhost:15308, s1|localhost:15312, s2|localhost:15316]|listeners:[], old=null}
2024-10-20 10:47:02,155 [s1-impl-thread1] INFO  server.RaftServer$Division (RaftServerImpl.java:setRole(380)) - s1@group-2456E1A61AB5: changes role from      null to FOLLOWER at term 0 for startAsFollower
2024-10-20 10:47:02,155 [s1-impl-thread1] INFO  impl.RoleInfo (RoleInfo.java:updateAndGet(148)) - s1: start s1@group-2456E1A61AB5-FollowerState
2024-10-20 10:47:02,155 [s1@group-2456E1A61AB5-FollowerState] INFO  server.RaftServerConfigKeys (ConfUtils.java:logFallback(53)) - raft.server.rpc.first-election.timeout.min = 150ms (fallback to raft.server.rpc.timeout.min)
2024-10-20 10:47:02,155 [s1@group-2456E1A61AB5-FollowerState] INFO  server.RaftServerConfigKeys (ConfUtils.java:logFallback(53)) - raft.server.rpc.first-election.timeout.max = 300ms (fallback to raft.server.rpc.timeout.max)
2024-10-20 10:47:02,155 [s1-impl-thread1] INFO  util.JmxRegister (JmxRegister.java:tryRegister(44)) - Successfully registered JMX Bean with object name Ratis:service=RaftServer,group=group-2456E1A61AB5,id=s1
2024-10-20 10:47:02,155 [s1-impl-thread1] INFO  util.JmxRegister (JmxRegister.java:register(58)) - register mxBean class org.apache.ratis.server.impl.RaftServerJmxAdapter as Ratis:service=RaftServer,group=group-2456E1A61AB5,id=s1
2024-10-20 10:47:02,155 [s1-impl-thread1] INFO  server.RaftServerConfigKeys (ConfUtils.java:logGet(46)) - raft.server.snapshot.trigger-when-stop.enabled = true (default)
2024-10-20 10:47:02,155 [s1-impl-thread1] INFO  server.RaftServerConfigKeys (ConfUtils.java:logGet(46)) - raft.server.snapshot.trigger-when-remove.enabled = true (default)
2024-10-20 10:47:02,155 [s1-impl-thread1] INFO  server.RaftServerConfigKeys (ConfUtils.java:logGet(46)) - raft.server.snapshot.auto.trigger.enabled = false (default)
2024-10-20 10:47:02,155 [s1-impl-thread1] INFO  server.RaftServerConfigKeys (ConfUtils.java:logGet(46)) - raft.server.snapshot.retention.file.num = -1 (default)
2024-10-20 10:47:02,155 [s1-impl-thread1] INFO  server.RaftServerConfigKeys (ConfUtils.java:logGet(46)) - raft.server.log.purge.upto.snapshot.index = false (default)
2024-10-20 10:47:02,156 [s1-impl-thread1] INFO  server.RaftServer$Division (RaftServerImpl.java:start(407)) - s1@group-2456E1A61AB5: Successfully started.
2024-10-20 10:47:02,156 [main] INFO  server.RaftServer (RaftServerProxy.java:startImpl(408)) - s1: start RPC server
2024-10-20 10:47:02,157 [main] INFO  server.GrpcServicesImpl (GrpcServicesImpl.java:startImpl(353)) - s1: GrpcServicesImpl started, listening on 15314
2024-10-20 10:47:02,157 [main] INFO  server.GrpcServicesImpl (GrpcServicesImpl.java:startImpl(353)) - s1: GrpcServicesImpl started, listening on 15312
2024-10-20 10:47:02,158 [main] INFO  server.GrpcServicesImpl (GrpcServicesImpl.java:startImpl(353)) - s1: GrpcServicesImpl started, listening on 15313
2024-10-20 10:47:02,158 [JvmPauseMonitor78] INFO  util.JvmPauseMonitor (JvmPauseMonitor.java:run(146)) - JvmPauseMonitor-s1: Started
2024-10-20 10:47:02,158 [s2-impl-thread1] INFO  server.RaftServerConfigKeys (ConfUtils.java:logGet(46)) - raft.server.storage.free-space.min = 0MB (=0) (default)
2024-10-20 10:47:02,158 [s2-impl-thread1] INFO  server.RaftServerConfigKeys (ConfUtils.java:logGet(46)) - raft.server.log.corruption.policy = EXCEPTION (default)
2024-10-20 10:47:02,158 [s2-impl-thread1] INFO  server.RaftServerConfigKeys (ConfUtils.java:logGet(46)) - raft.server.storage.dir = [/home/runner/work/ratis/ratis/ratis-test/target/test/data/d69430f5/MiniRaftClusterWithGrpce4cd1a39/s2] (custom)
2024-10-20 10:47:02,159 [s2-impl-thread1] INFO  storage.RaftStorageDirectory (RaftStorageDirectoryImpl.java:analyzeStorage(138)) - The storage directory /home/runner/work/ratis/ratis/ratis-test/target/test/data/d69430f5/MiniRaftClusterWithGrpce4cd1a39/s2/dcff7cd8-3e04-4520-8202-2456e1a61ab5 does not exist. Creating ...
2024-10-20 10:47:02,159 [s2-impl-thread1] TRACE util.FileUtils (LogUtils.java:runAndLog(49)) - Successfully ran Files.createDirectories /home/runner/work/ratis/ratis/ratis-test/target/test/data/d69430f5/MiniRaftClusterWithGrpce4cd1a39/s2/dcff7cd8-3e04-4520-8202-2456e1a61ab5
2024-10-20 10:47:02,160 [s2-impl-thread1] INFO  storage.RaftStorageDirectory (RaftStorageDirectoryImpl.java:tryLock(229)) - Lock on /home/runner/work/ratis/ratis/ratis-test/target/test/data/d69430f5/MiniRaftClusterWithGrpce4cd1a39/s2/dcff7cd8-3e04-4520-8202-2456e1a61ab5/in_use.lock acquired by nodename 10902@fv-az889-899
2024-10-20 10:47:02,160 [s2-impl-thread1] TRACE util.FileUtils (LogUtils.java:runAndLog(49)) - Successfully ran Files.createDirectories /home/runner/work/ratis/ratis/ratis-test/target/test/data/d69430f5/MiniRaftClusterWithGrpce4cd1a39/s2/dcff7cd8-3e04-4520-8202-2456e1a61ab5/current
2024-10-20 10:47:02,160 [s2-impl-thread1] TRACE util.FileUtils (LogUtils.java:runAndLog(49)) - Successfully ran Files.createDirectories /home/runner/work/ratis/ratis/ratis-test/target/test/data/d69430f5/MiniRaftClusterWithGrpce4cd1a39/s2/dcff7cd8-3e04-4520-8202-2456e1a61ab5/sm
2024-10-20 10:47:02,160 [s2-impl-thread1] TRACE util.FileUtils (LogUtils.java:supplyAndLog(69)) - Successfully supplied FileChannel.open /home/runner/work/ratis/ratis/ratis-test/target/test/data/d69430f5/MiniRaftClusterWithGrpce4cd1a39/s2/dcff7cd8-3e04-4520-8202-2456e1a61ab5/current/raft-meta.tmp with options [CREATE, WRITE]: sun.nio.ch.FileChannelImpl@cc94394
2024-10-20 10:47:02,162 [s2-impl-thread1] TRACE util.FileUtils (LogUtils.java:runAndLog(49)) - Successfully ran Atomic Files.move /home/runner/work/ratis/ratis/ratis-test/target/test/data/d69430f5/MiniRaftClusterWithGrpce4cd1a39/s2/dcff7cd8-3e04-4520-8202-2456e1a61ab5/current/raft-meta.tmp to /home/runner/work/ratis/ratis/ratis-test/target/test/data/d69430f5/MiniRaftClusterWithGrpce4cd1a39/s2/dcff7cd8-3e04-4520-8202-2456e1a61ab5/current/raft-meta with options [REPLACE_EXISTING]
2024-10-20 10:47:02,162 [s2-impl-thread1] INFO  storage.RaftStorage (RaftStorageImpl.java:format(98)) - Storage directory /home/runner/work/ratis/ratis/ratis-test/target/test/data/d69430f5/MiniRaftClusterWithGrpce4cd1a39/s2/dcff7cd8-3e04-4520-8202-2456e1a61ab5 has been successfully formatted.
2024-10-20 10:47:02,162 [s2-impl-thread1] INFO  server.RaftServerConfigKeys (ConfUtils.java:logGet(46)) - raft.server.log.use.memory = false (default)
2024-10-20 10:47:02,162 [s2-impl-thread1] INFO  server.RaftServerConfigKeys (ConfUtils.java:logGet(46)) - raft.server.log.purge.gap = 1024 (default)
2024-10-20 10:47:02,163 [s2-impl-thread1] INFO  server.RaftServerConfigKeys (ConfUtils.java:logGet(46)) - raft.server.log.appender.buffer.byte-limit = 4MB (=4194304) (default)
2024-10-20 10:47:02,163 [s2-impl-thread1] INFO  server.RaftServerConfigKeys (ConfUtils.java:logGet(46)) - raft.server.log.statemachine.data.read.timeout = 1000ms (default)
2024-10-20 10:47:02,163 [s2-impl-thread1] INFO  server.RaftServerConfigKeys (ConfUtils.java:logGet(46)) - raft.server.log.purge.preservation.log.num = 0 (default)
2024-10-20 10:47:02,163 [s2-impl-thread1] INFO  server.RaftServerConfigKeys (ConfUtils.java:logGet(46)) - raft.server.log.segment.size.max = 32MB (=33554432) (default)
2024-10-20 10:47:02,163 [s2-impl-thread1] INFO  server.RaftServerConfigKeys (ConfUtils.java:logGet(46)) - raft.server.log.segment.cache.num.max = 6 (default)
2024-10-20 10:47:02,163 [s2-impl-thread1] INFO  server.RaftServerConfigKeys (ConfUtils.java:logGet(46)) - raft.server.log.segment.cache.size.max = 200MB (=209715200) (default)
2024-10-20 10:47:02,163 [s2-impl-thread1] INFO  server.RaftServerConfigKeys (ConfUtils.java:logGet(46)) - raft.server.log.appender.buffer.byte-limit = 4MB (=4194304) (default)
2024-10-20 10:47:02,163 [s2-impl-thread1] INFO  util.AwaitToRun (AwaitToRun.java:start(81)) - Thread[s2@group-2456E1A61AB5-cacheEviction-AwaitToRun,5,main] started
2024-10-20 10:47:02,163 [s2-impl-thread1] INFO  segmented.SegmentedRaftLogWorker (SegmentedRaftLogWorker.java:<init>(188)) - new s2@group-2456E1A61AB5-SegmentedRaftLogWorker for RaftStorageImpl:Storage Directory /home/runner/work/ratis/ratis/ratis-test/target/test/data/d69430f5/MiniRaftClusterWithGrpce4cd1a39/s2/dcff7cd8-3e04-4520-8202-2456e1a61ab5
2024-10-20 10:47:02,163 [s2-impl-thread1] INFO  server.RaftServerConfigKeys (ConfUtils.java:logGet(46)) - raft.server.log.queue.byte-limit = 64MB (=67108864) (default)
2024-10-20 10:47:02,163 [s2-impl-thread1] INFO  server.RaftServerConfigKeys (ConfUtils.java:logGet(46)) - raft.server.log.queue.element-limit = 4096 (default)
2024-10-20 10:47:02,163 [s2-impl-thread1] INFO  server.RaftServerConfigKeys (ConfUtils.java:logGet(46)) - raft.server.log.segment.size.max = 32MB (=33554432) (default)
2024-10-20 10:47:02,164 [s2-impl-thread1] INFO  server.RaftServerConfigKeys (ConfUtils.java:logGet(46)) - raft.server.log.preallocated.size = 4MB (=4194304) (default)
2024-10-20 10:47:02,164 [s2-impl-thread1] INFO  server.RaftServerConfigKeys (ConfUtils.java:logGet(46)) - raft.server.log.force.sync.num = 128 (default)
2024-10-20 10:47:02,164 [s2-impl-thread1] INFO  server.RaftServerConfigKeys (ConfUtils.java:logGet(46)) - raft.server.log.statemachine.data.sync = true (default)
2024-10-20 10:47:02,164 [s2-impl-thread1] INFO  server.RaftServerConfigKeys (ConfUtils.java:logGet(46)) - raft.server.log.statemachine.data.sync.timeout = 10s (default)
2024-10-20 10:47:02,164 [s2-impl-thread1] INFO  server.RaftServerConfigKeys (ConfUtils.java:logGet(46)) - raft.server.log.statemachine.data.sync.timeout.retry = -1 (default)
2024-10-20 10:47:02,164 [s2-impl-thread1] INFO  server.RaftServerConfigKeys (ConfUtils.java:logGet(46)) - raft.server.log.write.buffer.size = 8MB (=8388608) (default)
2024-10-20 10:47:02,164 [s2-impl-thread1] INFO  server.RaftServerConfigKeys (ConfUtils.java:logGet(46)) - raft.server.log.appender.buffer.byte-limit = 4MB (=4194304) (default)
2024-10-20 10:47:02,164 [s2-impl-thread1] INFO  server.RaftServerConfigKeys (ConfUtils.java:logGet(46)) - raft.server.log.unsafe-flush.enabled = false (default)
2024-10-20 10:47:02,164 [s2-impl-thread1] INFO  server.RaftServerConfigKeys (ConfUtils.java:logGet(46)) - raft.server.log.async-flush.enabled = false (default)
2024-10-20 10:47:02,164 [s2-impl-thread1] INFO  server.RaftServerConfigKeys (ConfUtils.java:logGet(46)) - raft.server.log.statemachine.data.caching.enabled = false (default)
2024-10-20 10:47:02,165 [s2-impl-thread1] INFO  segmented.SegmentedRaftLogWorker (SegmentedRaftLogWorker.java:lambda$new$0(139)) - s2@group-2456E1A61AB5-SegmentedRaftLogWorker: flushIndex: setUnconditionally 0 -> -1
2024-10-20 10:47:02,165 [s2-impl-thread1] INFO  segmented.SegmentedRaftLogWorker (SegmentedRaftLogWorker.java:lambda$new$0(139)) - s2@group-2456E1A61AB5-SegmentedRaftLogWorker: safeCacheEvictIndex: setUnconditionally 0 -> -1
2024-10-20 10:47:02,165 [s2-impl-thread1] INFO  server.RaftServer$Division (RaftServerImpl.java:start(393)) - s2@group-2456E1A61AB5: start as a follower, conf=conf: {index: -1, cur=peers:[s0|localhost:15308, s1|localhost:15312, s2|localhost:15316]|listeners:[], old=null}
2024-10-20 10:47:02,165 [s2-impl-thread1] INFO  server.RaftServer$Division (RaftServerImpl.java:setRole(380)) - s2@group-2456E1A61AB5: changes role from      null to FOLLOWER at term 0 for startAsFollower
2024-10-20 10:47:02,165 [s2-impl-thread1] INFO  impl.RoleInfo (RoleInfo.java:updateAndGet(148)) - s2: start s2@group-2456E1A61AB5-FollowerState
2024-10-20 10:47:02,165 [s2@group-2456E1A61AB5-FollowerState] INFO  server.RaftServerConfigKeys (ConfUtils.java:logFallback(53)) - raft.server.rpc.first-election.timeout.min = 150ms (fallback to raft.server.rpc.timeout.min)
2024-10-20 10:47:02,165 [s2-impl-thread1] INFO  util.JmxRegister (JmxRegister.java:tryRegister(44)) - Successfully registered JMX Bean with object name Ratis:service=RaftServer,group=group-2456E1A61AB5,id=s2
2024-10-20 10:47:02,165 [s2-impl-thread1] INFO  util.JmxRegister (JmxRegister.java:register(58)) - register mxBean class org.apache.ratis.server.impl.RaftServerJmxAdapter as Ratis:service=RaftServer,group=group-2456E1A61AB5,id=s2
2024-10-20 10:47:02,165 [s2@group-2456E1A61AB5-FollowerState] INFO  server.RaftServerConfigKeys (ConfUtils.java:logFallback(53)) - raft.server.rpc.first-election.timeout.max = 300ms (fallback to raft.server.rpc.timeout.max)
2024-10-20 10:47:02,165 [s2-impl-thread1] INFO  server.RaftServerConfigKeys (ConfUtils.java:logGet(46)) - raft.server.snapshot.trigger-when-stop.enabled = true (default)
2024-10-20 10:47:02,166 [s2-impl-thread1] INFO  server.RaftServerConfigKeys (ConfUtils.java:logGet(46)) - raft.server.snapshot.trigger-when-remove.enabled = true (default)
2024-10-20 10:47:02,166 [s2-impl-thread1] INFO  server.RaftServerConfigKeys (ConfUtils.java:logGet(46)) - raft.server.snapshot.auto.trigger.enabled = false (default)
2024-10-20 10:47:02,166 [s2-impl-thread1] INFO  server.RaftServerConfigKeys (ConfUtils.java:logGet(46)) - raft.server.snapshot.retention.file.num = -1 (default)
2024-10-20 10:47:02,166 [s2-impl-thread1] INFO  server.RaftServerConfigKeys (ConfUtils.java:logGet(46)) - raft.server.log.purge.upto.snapshot.index = false (default)
2024-10-20 10:47:02,166 [s2-impl-thread1] INFO  server.RaftServer$Division (RaftServerImpl.java:start(407)) - s2@group-2456E1A61AB5: Successfully started.
2024-10-20 10:47:02,166 [main] INFO  server.RaftServer (RaftServerProxy.java:startImpl(408)) - s2: start RPC server
2024-10-20 10:47:02,167 [main] INFO  server.GrpcServicesImpl (GrpcServicesImpl.java:startImpl(353)) - s2: GrpcServicesImpl started, listening on 15318
2024-10-20 10:47:02,168 [main] INFO  server.GrpcServicesImpl (GrpcServicesImpl.java:startImpl(353)) - s2: GrpcServicesImpl started, listening on 15316
2024-10-20 10:47:02,168 [main] INFO  server.GrpcServicesImpl (GrpcServicesImpl.java:startImpl(353)) - s2: GrpcServicesImpl started, listening on 15317
2024-10-20 10:47:02,168 [JvmPauseMonitor79] INFO  util.JvmPauseMonitor (JvmPauseMonitor.java:run(146)) - JvmPauseMonitor-s2: Started
2024-10-20 10:47:02,169 [main] INFO  server.RaftServerConfigKeys (ConfUtils.java:logGet(46)) - raft.server.rpc.timeout.max = 300ms (default)
2024-10-20 10:47:02,169 [main] INFO  ratis.RaftTestUtil (RaftTestUtil.java:waitForLeader(107)) - printing ALL groups
  s0:  RUNNING  FOLLOWER s0@group-2456E1A61AB5:t0, leader=null, voted=, raftlog=Memoized:s0@group-2456E1A61AB5-SegmentedRaftLog:OPENED:c-1:lastnull, conf=conf: {index: -1, cur=peers:[s0|localhost:15308, s1|localhost:15312, s2|localhost:15316]|listeners:[], old=null} RUNNING
  s1:  RUNNING  FOLLOWER s1@group-2456E1A61AB5:t0, leader=null, voted=, raftlog=Memoized:s1@group-2456E1A61AB5-SegmentedRaftLog:OPENED:c-1:lastnull, conf=conf: {index: -1, cur=peers:[s0|localhost:15308, s1|localhost:15312, s2|localhost:15316]|listeners:[], old=null} RUNNING
  s2:  RUNNING  FOLLOWER s2@group-2456E1A61AB5:t0, leader=null, voted=, raftlog=Memoized:s2@group-2456E1A61AB5-SegmentedRaftLog:OPENED:c-1:lastnull, conf=conf: {index: -1, cur=peers:[s0|localhost:15308, s1|localhost:15312, s2|localhost:15316]|listeners:[], old=null} RUNNING
2024-10-20 10:47:02,170 [main] WARN  ratis.RaftTestUtil (RaftTestUtil.java:lambda$waitForLeader$3(126)) - Attempt #1 failed: java.lang.IllegalStateException: No leader yet : printing ALL groups
  s0:  RUNNING  FOLLOWER s0@group-2456E1A61AB5:t0, leader=null, voted=, raftlog=Memoized:s0@group-2456E1A61AB5-SegmentedRaftLog:OPENED:c-1:lastnull, conf=conf: {index: -1, cur=peers:[s0|localhost:15308, s1|localhost:15312, s2|localhost:15316]|listeners:[], old=null} RUNNING
  s1:  RUNNING  FOLLOWER s1@group-2456E1A61AB5:t0, leader=null, voted=, raftlog=Memoized:s1@group-2456E1A61AB5-SegmentedRaftLog:OPENED:c-1:lastnull, conf=conf: {index: -1, cur=peers:[s0|localhost:15308, s1|localhost:15312, s2|localhost:15316]|listeners:[], old=null} RUNNING
  s2:  RUNNING  FOLLOWER s2@group-2456E1A61AB5:t0, leader=null, voted=, raftlog=Memoized:s2@group-2456E1A61AB5-SegmentedRaftLog:OPENED:c-1:lastnull, conf=conf: {index: -1, cur=peers:[s0|localhost:15308, s1|localhost:15312, s2|localhost:15316]|listeners:[], old=null} RUNNING
2024-10-20 10:47:02,336 [s2@group-2456E1A61AB5-FollowerState] INFO  impl.FollowerState (FollowerState.java:runImpl(161)) - s2@group-2456E1A61AB5-FollowerState: change to CANDIDATE, lastRpcElapsedTime:170545138ns, electionTimeout:170ms
2024-10-20 10:47:02,336 [s2@group-2456E1A61AB5-FollowerState] INFO  impl.RoleInfo (RoleInfo.java:shutdownFollowerState(121)) - s2: shutdown s2@group-2456E1A61AB5-FollowerState
2024-10-20 10:47:02,336 [s2@group-2456E1A61AB5-FollowerState] INFO  server.RaftServer$Division (RaftServerImpl.java:setRole(380)) - s2@group-2456E1A61AB5: changes role from  FOLLOWER to CANDIDATE at term 0 for changeToCandidate
2024-10-20 10:47:02,336 [s2@group-2456E1A61AB5-FollowerState] INFO  server.RaftServerConfigKeys (ConfUtils.java:logGet(46)) - raft.server.leaderelection.pre-vote = true (default)
2024-10-20 10:47:02,336 [s2@group-2456E1A61AB5-FollowerState] INFO  impl.RoleInfo (RoleInfo.java:updateAndGet(148)) - s2: start s2@group-2456E1A61AB5-LeaderElection88
2024-10-20 10:47:02,336 [s2@group-2456E1A61AB5-LeaderElection88] INFO  impl.LeaderElection (LeaderElection.java:askForVotes(333)) - s2@group-2456E1A61AB5-LeaderElection88 PRE_VOTE round 0: submit vote requests at term 0 for conf: {index: -1, cur=peers:[s0|localhost:15308, s1|localhost:15312, s2|localhost:15316]|listeners:[], old=null}
2024-10-20 10:47:02,337 [s2@group-2456E1A61AB5-LeaderElection88] INFO  server.RaftServerConfigKeys (ConfUtils.java:logFallback(53)) - raft.server.rpc.first-election.timeout.min = 150ms (fallback to raft.server.rpc.timeout.min)
2024-10-20 10:47:02,337 [s2@group-2456E1A61AB5-LeaderElection88-1] INFO  server.GrpcServerProtocolClient (GrpcServerProtocolClient.java:<init>(65)) - Build channel for s0|localhost:15308
2024-10-20 10:47:02,337 [s2@group-2456E1A61AB5-LeaderElection88] INFO  server.RaftServerConfigKeys (ConfUtils.java:logFallback(53)) - raft.server.rpc.first-election.timeout.max = 300ms (fallback to raft.server.rpc.timeout.max)
2024-10-20 10:47:02,338 [s2@group-2456E1A61AB5-LeaderElection88-2] INFO  server.GrpcServerProtocolClient (GrpcServerProtocolClient.java:<init>(65)) - Build channel for s1|localhost:15312
2024-10-20 10:47:02,349 [grpc-default-executor-1] INFO  server.RaftServer$Division (RaftServerImpl.java:requestVote(1447)) - s0@group-2456E1A61AB5: receive requestVote(PRE_VOTE, s2, group-2456E1A61AB5, 0, (t:0, i:0))
2024-10-20 10:47:02,350 [grpc-default-executor-1] INFO  impl.VoteContext (VoteContext.java:log(49)) - s0@group-2456E1A61AB5-FOLLOWER: accept PRE_VOTE from s2: our priority 0 <= candidate's priority 0
2024-10-20 10:47:02,350 [grpc-default-executor-1] INFO  server.RaftServer$Division (RaftServerImpl.java:requestVote(1480)) - s0@group-2456E1A61AB5 replies to PRE_VOTE vote request: s2<-s0#0:OK-t0. Peer's state: s0@group-2456E1A61AB5:t0, leader=null, voted=, raftlog=Memoized:s0@group-2456E1A61AB5-SegmentedRaftLog:OPENED:c-1:lastnull, conf=conf: {index: -1, cur=peers:[s0|localhost:15308, s1|localhost:15312, s2|localhost:15316]|listeners:[], old=null}
2024-10-20 10:47:02,351 [s2@group-2456E1A61AB5-LeaderElection88] INFO  impl.LeaderElection (LeaderElection.java:logAndReturn(90)) - s2@group-2456E1A61AB5-LeaderElection88: PRE_VOTE PASSED received 1 response(s) and 0 exception(s):
2024-10-20 10:47:02,351 [s2@group-2456E1A61AB5-LeaderElection88] INFO  impl.LeaderElection (LeaderElection.java:logAndReturn(94)) -   Response 0: s2<-s0#0:OK-t0
2024-10-20 10:47:02,352 [s2@group-2456E1A61AB5-LeaderElection88] INFO  impl.LeaderElection (LeaderElection.java:askForVotes(335)) - s2@group-2456E1A61AB5-LeaderElection88 PRE_VOTE round 0: result PASSED
2024-10-20 10:47:02,352 [s2@group-2456E1A61AB5-LeaderElection88] TRACE util.FileUtils (LogUtils.java:supplyAndLog(69)) - Successfully supplied FileChannel.open /home/runner/work/ratis/ratis/ratis-test/target/test/data/d69430f5/MiniRaftClusterWithGrpce4cd1a39/s2/dcff7cd8-3e04-4520-8202-2456e1a61ab5/current/raft-meta.tmp with options [CREATE, WRITE]: sun.nio.ch.FileChannelImpl@52fc6463
2024-10-20 10:47:02,352 [grpc-default-executor-1] INFO  server.RaftServer$Division (RaftServerImpl.java:requestVote(1447)) - s1@group-2456E1A61AB5: receive requestVote(PRE_VOTE, s2, group-2456E1A61AB5, 0, (t:0, i:0))
2024-10-20 10:47:02,352 [grpc-default-executor-1] INFO  impl.VoteContext (VoteContext.java:log(49)) - s1@group-2456E1A61AB5-FOLLOWER: accept PRE_VOTE from s2: our priority 0 <= candidate's priority 0
2024-10-20 10:47:02,352 [grpc-default-executor-1] INFO  server.RaftServer$Division (RaftServerImpl.java:requestVote(1480)) - s1@group-2456E1A61AB5 replies to PRE_VOTE vote request: s2<-s1#0:OK-t0. Peer's state: s1@group-2456E1A61AB5:t0, leader=null, voted=, raftlog=Memoized:s1@group-2456E1A61AB5-SegmentedRaftLog:OPENED:c-1:lastnull, conf=conf: {index: -1, cur=peers:[s0|localhost:15308, s1|localhost:15312, s2|localhost:15316]|listeners:[], old=null}
2024-10-20 10:47:02,353 [s2@group-2456E1A61AB5-LeaderElection88] TRACE util.FileUtils (LogUtils.java:runAndLog(49)) - Successfully ran Atomic Files.move /home/runner/work/ratis/ratis/ratis-test/target/test/data/d69430f5/MiniRaftClusterWithGrpce4cd1a39/s2/dcff7cd8-3e04-4520-8202-2456e1a61ab5/current/raft-meta.tmp to /home/runner/work/ratis/ratis/ratis-test/target/test/data/d69430f5/MiniRaftClusterWithGrpce4cd1a39/s2/dcff7cd8-3e04-4520-8202-2456e1a61ab5/current/raft-meta with options [REPLACE_EXISTING]
2024-10-20 10:47:02,353 [s2@group-2456E1A61AB5-LeaderElection88] INFO  impl.LeaderElection (LeaderElection.java:askForVotes(333)) - s2@group-2456E1A61AB5-LeaderElection88 ELECTION round 0: submit vote requests at term 1 for conf: {index: -1, cur=peers:[s0|localhost:15308, s1|localhost:15312, s2|localhost:15316]|listeners:[], old=null}
2024-10-20 10:47:02,354 [s2@group-2456E1A61AB5-LeaderElection88] INFO  server.RaftServerConfigKeys (ConfUtils.java:logFallback(53)) - raft.server.rpc.first-election.timeout.min = 150ms (fallback to raft.server.rpc.timeout.min)
2024-10-20 10:47:02,355 [s2@group-2456E1A61AB5-LeaderElection88] INFO  server.RaftServerConfigKeys (ConfUtils.java:logFallback(53)) - raft.server.rpc.first-election.timeout.max = 300ms (fallback to raft.server.rpc.timeout.max)
2024-10-20 10:47:02,355 [grpc-default-executor-1] INFO  server.RaftServer$Division (RaftServerImpl.java:requestVote(1447)) - s0@group-2456E1A61AB5: receive requestVote(ELECTION, s2, group-2456E1A61AB5, 1, (t:0, i:0))
2024-10-20 10:47:02,355 [grpc-default-executor-1] INFO  impl.VoteContext (VoteContext.java:log(49)) - s0@group-2456E1A61AB5-FOLLOWER: accept ELECTION from s2: our priority 0 <= candidate's priority 0
2024-10-20 10:47:02,355 [grpc-default-executor-1] INFO  server.RaftServer$Division (RaftServerImpl.java:setRole(380)) - s0@group-2456E1A61AB5: changes role from  FOLLOWER to FOLLOWER at term 0 for candidate:s2
2024-10-20 10:47:02,355 [grpc-default-executor-1] INFO  impl.RoleInfo (RoleInfo.java:shutdownFollowerState(121)) - s0: shutdown s0@group-2456E1A61AB5-FollowerState
2024-10-20 10:47:02,355 [grpc-default-executor-1] INFO  impl.RoleInfo (RoleInfo.java:updateAndGet(148)) - s0: start s0@group-2456E1A61AB5-FollowerState
2024-10-20 10:47:02,355 [s0@group-2456E1A61AB5-FollowerState] INFO  impl.FollowerState (FollowerState.java:runImpl(170)) - s0@group-2456E1A61AB5-FollowerState was interrupted
2024-10-20 10:47:02,356 [grpc-default-executor-1] INFO  server.RaftServer$Division (RaftServerImpl.java:setFirstElection(564)) - s0@group-2456E1A61AB5: set firstElectionSinceStartup to false for candidate:s2
2024-10-20 10:47:02,356 [grpc-default-executor-1] TRACE util.FileUtils (LogUtils.java:supplyAndLog(69)) - Successfully supplied FileChannel.open /home/runner/work/ratis/ratis/ratis-test/target/test/data/d69430f5/MiniRaftClusterWithGrpce4cd1a39/s0/dcff7cd8-3e04-4520-8202-2456e1a61ab5/current/raft-meta.tmp with options [CREATE, WRITE]: sun.nio.ch.FileChannelImpl@36a48bb7
2024-10-20 10:47:02,357 [grpc-default-executor-0] INFO  server.RaftServer$Division (RaftServerImpl.java:requestVote(1447)) - s1@group-2456E1A61AB5: receive requestVote(ELECTION, s2, group-2456E1A61AB5, 1, (t:0, i:0))
2024-10-20 10:47:02,357 [grpc-default-executor-0] INFO  impl.VoteContext (VoteContext.java:log(49)) - s1@group-2456E1A61AB5-FOLLOWER: accept ELECTION from s2: our priority 0 <= candidate's priority 0
2024-10-20 10:47:02,357 [grpc-default-executor-0] INFO  server.RaftServer$Division (RaftServerImpl.java:setRole(380)) - s1@group-2456E1A61AB5: changes role from  FOLLOWER to FOLLOWER at term 0 for candidate:s2
2024-10-20 10:47:02,357 [grpc-default-executor-0] INFO  impl.RoleInfo (RoleInfo.java:shutdownFollowerState(121)) - s1: shutdown s1@group-2456E1A61AB5-FollowerState
2024-10-20 10:47:02,357 [grpc-default-executor-0] INFO  impl.RoleInfo (RoleInfo.java:updateAndGet(148)) - s1: start s1@group-2456E1A61AB5-FollowerState
2024-10-20 10:47:02,357 [s1@group-2456E1A61AB5-FollowerState] INFO  impl.FollowerState (FollowerState.java:runImpl(170)) - s1@group-2456E1A61AB5-FollowerState was interrupted
2024-10-20 10:47:02,358 [grpc-default-executor-1] TRACE util.FileUtils (LogUtils.java:runAndLog(49)) - Successfully ran Atomic Files.move /home/runner/work/ratis/ratis/ratis-test/target/test/data/d69430f5/MiniRaftClusterWithGrpce4cd1a39/s0/dcff7cd8-3e04-4520-8202-2456e1a61ab5/current/raft-meta.tmp to /home/runner/work/ratis/ratis/ratis-test/target/test/data/d69430f5/MiniRaftClusterWithGrpce4cd1a39/s0/dcff7cd8-3e04-4520-8202-2456e1a61ab5/current/raft-meta with options [REPLACE_EXISTING]
2024-10-20 10:47:02,358 [grpc-default-executor-0] INFO  server.RaftServer$Division (RaftServerImpl.java:setFirstElection(564)) - s1@group-2456E1A61AB5: set firstElectionSinceStartup to false for candidate:s2
2024-10-20 10:47:02,358 [grpc-default-executor-1] INFO  server.RaftServer$Division (RaftServerImpl.java:requestVote(1480)) - s0@group-2456E1A61AB5 replies to ELECTION vote request: s2<-s0#0:OK-t1. Peer's state: s0@group-2456E1A61AB5:t1, leader=null, voted=s2, raftlog=Memoized:s0@group-2456E1A61AB5-SegmentedRaftLog:OPENED:c-1:lastnull, conf=conf: {index: -1, cur=peers:[s0|localhost:15308, s1|localhost:15312, s2|localhost:15316]|listeners:[], old=null}
2024-10-20 10:47:02,359 [grpc-default-executor-0] TRACE util.FileUtils (LogUtils.java:supplyAndLog(69)) - Successfully supplied FileChannel.open /home/runner/work/ratis/ratis/ratis-test/target/test/data/d69430f5/MiniRaftClusterWithGrpce4cd1a39/s1/dcff7cd8-3e04-4520-8202-2456e1a61ab5/current/raft-meta.tmp with options [CREATE, WRITE]: sun.nio.ch.FileChannelImpl@40c8875a
2024-10-20 10:47:02,360 [s2@group-2456E1A61AB5-LeaderElection88] INFO  impl.LeaderElection (LeaderElection.java:logAndReturn(90)) - s2@group-2456E1A61AB5-LeaderElection88: ELECTION PASSED received 1 response(s) and 0 exception(s):
2024-10-20 10:47:02,360 [s2@group-2456E1A61AB5-LeaderElection88] INFO  impl.LeaderElection (LeaderElection.java:logAndReturn(94)) -   Response 0: s2<-s0#0:OK-t1
2024-10-20 10:47:02,360 [s2@group-2456E1A61AB5-LeaderElection88] INFO  impl.LeaderElection (LeaderElection.java:askForVotes(335)) - s2@group-2456E1A61AB5-LeaderElection88 ELECTION round 0: result PASSED
2024-10-20 10:47:02,360 [s2@group-2456E1A61AB5-LeaderElection88] INFO  impl.RoleInfo (RoleInfo.java:shutdownLeaderElection(141)) - s2: shutdown s2@group-2456E1A61AB5-LeaderElection88
2024-10-20 10:47:02,360 [s2@group-2456E1A61AB5-LeaderElection88] INFO  server.RaftServer$Division (RaftServerImpl.java:setRole(380)) - s2@group-2456E1A61AB5: changes role from CANDIDATE to LEADER at term 1 for changeToLeader
2024-10-20 10:47:02,360 [s2@group-2456E1A61AB5-LeaderElection88] INFO  server.RaftServerConfigKeys (ConfUtils.java:logGet(46)) - raft.server.staging.catchup.gap = 1000 (default)
2024-10-20 10:47:02,360 [grpc-default-executor-0] TRACE util.FileUtils (LogUtils.java:runAndLog(49)) - Successfully ran Atomic Files.move /home/runner/work/ratis/ratis/ratis-test/target/test/data/d69430f5/MiniRaftClusterWithGrpce4cd1a39/s1/dcff7cd8-3e04-4520-8202-2456e1a61ab5/current/raft-meta.tmp to /home/runner/work/ratis/ratis/ratis-test/target/test/data/d69430f5/MiniRaftClusterWithGrpce4cd1a39/s1/dcff7cd8-3e04-4520-8202-2456e1a61ab5/current/raft-meta with options [REPLACE_EXISTING]
2024-10-20 10:47:02,360 [s2@group-2456E1A61AB5-LeaderElection88] INFO  server.RaftServerConfigKeys (ConfUtils.java:logGet(46)) - raft.server.write.element-limit = 4096 (default)
2024-10-20 10:47:02,360 [grpc-default-executor-0] INFO  server.RaftServer$Division (RaftServerImpl.java:requestVote(1480)) - s1@group-2456E1A61AB5 replies to ELECTION vote request: s2<-s1#0:OK-t1. Peer's state: s1@group-2456E1A61AB5:t1, leader=null, voted=s2, raftlog=Memoized:s1@group-2456E1A61AB5-SegmentedRaftLog:OPENED:c-1:lastnull, conf=conf: {index: -1, cur=peers:[s0|localhost:15308, s1|localhost:15312, s2|localhost:15316]|listeners:[], old=null}
2024-10-20 10:47:02,360 [s2@group-2456E1A61AB5-LeaderElection88] INFO  server.RaftServerConfigKeys (ConfUtils.java:logGet(46)) - raft.server.write.byte-limit = 64MB (=67108864) (default)
2024-10-20 10:47:02,361 [s2@group-2456E1A61AB5-LeaderElection88] INFO  server.RaftServerConfigKeys (ConfUtils.java:logGet(46)) - raft.server.watch.timeout = 10s (default)
2024-10-20 10:47:02,361 [s2@group-2456E1A61AB5-LeaderElection88] INFO  server.RaftServerConfigKeys (ConfUtils.java:logGet(46)) - raft.server.watch.timeout.denomination = 1s (default)
2024-10-20 10:47:02,361 [s2@group-2456E1A61AB5-LeaderElection88] INFO  server.RaftServerConfigKeys (ConfUtils.java:logGet(46)) - raft.server.watch.element-limit = 65536 (default)
2024-10-20 10:47:02,361 [s2@group-2456E1A61AB5-LeaderElection88] INFO  server.RaftServerConfigKeys (ConfUtils.java:logGet(46)) - raft.server.read.leader.lease.enabled = true (custom)
2024-10-20 10:47:02,361 [s2@group-2456E1A61AB5-LeaderElection88] INFO  server.RaftServerConfigKeys (ConfUtils.java:logGet(46)) - raft.server.read.leader.lease.timeout.ratio = 0.5 (custom)
2024-10-20 10:47:02,361 [s2@group-2456E1A61AB5-LeaderElection88] INFO  server.RaftServerConfigKeys (ConfUtils.java:logGet(46)) - raft.server.rpc.timeout.min = 150ms (default)
2024-10-20 10:47:02,361 [s2@group-2456E1A61AB5-LeaderElection88] INFO  server.RaftServerConfigKeys (ConfUtils.java:logGet(46)) - raft.server.log.log-metadata.enabled = true (default)
2024-10-20 10:47:02,361 [s2@group-2456E1A61AB5-LeaderElection88] INFO  server.RaftServerConfigKeys (ConfUtils.java:logGet(46)) - raft.server.write.element-limit = 4096 (default)
2024-10-20 10:47:02,361 [s2@group-2456E1A61AB5-LeaderElection88] INFO  server.RaftServerConfigKeys (ConfUtils.java:logGet(46)) - raft.server.write.follower.gap.ratio.max = -1.0 (default)
2024-10-20 10:47:02,361 [s2@group-2456E1A61AB5-LeaderElection88] INFO  server.RaftServerConfigKeys (ConfUtils.java:logGet(46)) - raft.server.log.appender.snapshot.chunk.size.max = 16MB (=16777216) (default)
2024-10-20 10:47:02,361 [s2@group-2456E1A61AB5-LeaderElection88] INFO  server.RaftServerConfigKeys (ConfUtils.java:logGet(46)) - raft.server.log.appender.buffer.byte-limit = 4MB (=4194304) (default)
2024-10-20 10:47:02,361 [s2@group-2456E1A61AB5-LeaderElection88] INFO  server.RaftServerConfigKeys (ConfUtils.java:logGet(46)) - raft.server.log.appender.buffer.element-limit = 0 (default)
2024-10-20 10:47:02,362 [s2@group-2456E1A61AB5-LeaderElection88] INFO  server.RaftServerConfigKeys (ConfUtils.java:logGet(46)) - raft.server.log.appender.wait-time.min = 1ms (default)
2024-10-20 10:47:02,362 [s2@group-2456E1A61AB5-LeaderElection88] INFO  grpc.GrpcConfigKeys (ConfUtils.java:logGet(46)) - raft.grpc.server.leader.outstanding.appends.max = 8 (default)
2024-10-20 10:47:02,362 [s2@group-2456E1A61AB5-LeaderElection88] INFO  server.RaftServerConfigKeys (ConfUtils.java:logGet(46)) - raft.server.rpc.request.timeout = 3000ms (default)
2024-10-20 10:47:02,362 [s2@group-2456E1A61AB5-LeaderElection88] INFO  grpc.GrpcConfigKeys (ConfUtils.java:logGet(46)) - raft.grpc.server.install_snapshot.request.element-limit = 8 (default)
2024-10-20 10:47:02,362 [s2@group-2456E1A61AB5-LeaderElection88] INFO  grpc.GrpcConfigKeys (ConfUtils.java:logGet(46)) - raft.grpc.server.install_snapshot.request.timeout = 3000ms (default)
2024-10-20 10:47:02,362 [s2@group-2456E1A61AB5-LeaderElection88] INFO  grpc.GrpcConfigKeys (ConfUtils.java:logGet(46)) - raft.grpc.server.log-message.batch.duration = 5s (default)
2024-10-20 10:47:02,362 [s2@group-2456E1A61AB5-LeaderElection88] INFO  server.RaftServerConfigKeys (ConfUtils.java:logGet(46)) - raft.server.log.appender.install.snapshot.enabled = true (default)
2024-10-20 10:47:02,362 [s2@group-2456E1A61AB5-LeaderElection88] INFO  grpc.GrpcConfigKeys (ConfUtils.java:logGet(46)) - raft.grpc.server.heartbeat.channel = true (default)
2024-10-20 10:47:02,362 [s2@group-2456E1A61AB5-LeaderElection88] INFO  server.RaftServerConfigKeys (ConfUtils.java:logGet(46)) - raft.server.log.appender.snapshot.chunk.size.max = 16MB (=16777216) (default)
2024-10-20 10:47:02,362 [s2@group-2456E1A61AB5-LeaderElection88] INFO  server.RaftServerConfigKeys (ConfUtils.java:logGet(46)) - raft.server.log.appender.buffer.byte-limit = 4MB (=4194304) (default)
2024-10-20 10:47:02,362 [s2@group-2456E1A61AB5-LeaderElection88] INFO  server.RaftServerConfigKeys (ConfUtils.java:logGet(46)) - raft.server.log.appender.buffer.element-limit = 0 (default)
2024-10-20 10:47:02,362 [s2@group-2456E1A61AB5-LeaderElection88] INFO  server.RaftServerConfigKeys (ConfUtils.java:logGet(46)) - raft.server.log.appender.wait-time.min = 1ms (default)
2024-10-20 10:47:02,362 [s2@group-2456E1A61AB5-LeaderElection88] INFO  grpc.GrpcConfigKeys (ConfUtils.java:logGet(46)) - raft.grpc.server.leader.outstanding.appends.max = 8 (default)
2024-10-20 10:47:02,362 [s2@group-2456E1A61AB5-LeaderElection88] INFO  server.RaftServerConfigKeys (ConfUtils.java:logGet(46)) - raft.server.rpc.request.timeout = 3000ms (default)
2024-10-20 10:47:02,362 [s2@group-2456E1A61AB5-LeaderElection88] INFO  grpc.GrpcConfigKeys (ConfUtils.java:logGet(46)) - raft.grpc.server.install_snapshot.request.element-limit = 8 (default)
2024-10-20 10:47:02,362 [s2@group-2456E1A61AB5-LeaderElection88] INFO  grpc.GrpcConfigKeys (ConfUtils.java:logGet(46)) - raft.grpc.server.install_snapshot.request.timeout = 3000ms (default)
2024-10-20 10:47:02,362 [s2@group-2456E1A61AB5-LeaderElection88] INFO  grpc.GrpcConfigKeys (ConfUtils.java:logGet(46)) - raft.grpc.server.log-message.batch.duration = 5s (default)
2024-10-20 10:47:02,363 [s2@group-2456E1A61AB5-LeaderElection88] INFO  server.RaftServerConfigKeys (ConfUtils.java:logGet(46)) - raft.server.log.appender.install.snapshot.enabled = true (default)
2024-10-20 10:47:02,363 [s2@group-2456E1A61AB5-LeaderElection88] INFO  grpc.GrpcConfigKeys (ConfUtils.java:logGet(46)) - raft.grpc.server.heartbeat.channel = true (default)
2024-10-20 10:47:02,363 [s2@group-2456E1A61AB5-LeaderElection88] INFO  impl.RoleInfo (RoleInfo.java:updateAndGet(148)) - s2: start s2@group-2456E1A61AB5-LeaderStateImpl
2024-10-20 10:47:02,363 [s2@group-2456E1A61AB5-LeaderElection88] INFO  server.RaftServer$Division (RaftServerImpl.java:setFirstElection(564)) - s2@group-2456E1A61AB5: set firstElectionSinceStartup to false for becomeLeader
2024-10-20 10:47:02,363 [s2@group-2456E1A61AB5-LeaderElection88] INFO  server.RaftServer$Division (ServerState.java:setLeader(272)) - s2@group-2456E1A61AB5: change Leader from null to s2 at term 1 for becomeLeader, leader elected after 231ms
2024-10-20 10:47:02,364 [s2@group-2456E1A61AB5-LeaderElection88] INFO  segmented.SegmentedRaftLogWorker (SegmentedRaftLogWorker.java:startLogSegment(442)) - s2@group-2456E1A61AB5-SegmentedRaftLogWorker: Starting segment from index:0
2024-10-20 10:47:02,364 [s2@group-2456E1A61AB5-LeaderElection88] INFO  server.RaftServer$Division (ServerState.java:setRaftConf(386)) - s2@group-2456E1A61AB5: set configuration conf: {index: 0, cur=peers:[s0|localhost:15308, s1|localhost:15312, s2|localhost:15316]|listeners:[], old=null}
2024-10-20 10:47:02,364 [s2@group-2456E1A61AB5-SegmentedRaftLogWorker] INFO  segmented.BufferedWriteChannel (BufferedWriteChannel.java:open(61)) - open log_inprogress_0 at position 0
2024-10-20 10:47:02,375 [s0-server-thread1] INFO  server.RaftServer$Division (ServerState.java:setLeader(272)) - s0@group-2456E1A61AB5: change Leader from null to s2 at term 1 for appendEntries, leader elected after 267ms
2024-10-20 10:47:02,383 [s2@group-2456E1A61AB5-SegmentedRaftLogWorker] INFO  segmented.SegmentedRaftLogWorker (SegmentedRaftLogWorker.java:execute(663)) - s2@group-2456E1A61AB5-SegmentedRaftLogWorker: created new log segment /home/runner/work/ratis/ratis/ratis-test/target/test/data/d69430f5/MiniRaftClusterWithGrpce4cd1a39/s2/dcff7cd8-3e04-4520-8202-2456e1a61ab5/current/log_inprogress_0
2024-10-20 10:47:02,384 [s1-server-thread1] INFO  server.RaftServer$Division (ServerState.java:setLeader(272)) - s1@group-2456E1A61AB5: change Leader from null to s2 at term 1 for appendEntries, leader elected after 260ms
2024-10-20 10:47:02,384 [s1-server-thread2] DEBUG server.RaftServer$Division (RaftServerImpl.java:logAppendEntries(1549)) - s1@group-2456E1A61AB5: appendEntries* s2->s1#1-t1,previous=(t:0, i:0),leaderCommit=-1,initializing? false,entries: size=1, first=(t:1, i:0), CONFIGURATIONENTRY(current:id:"s0"address:"localhost:15308"dataStreamAddress:"localhost:15311"clientAddress:"localhost:15310"adminAddress:"localhost:15309"startupRole:FOLLOWER, id:"s1"address:"localhost:15312"dataStreamAddress:"localhost:15315"clientAddress:"localhost:15314"adminAddress:"localhost:15313"startupRole:FOLLOWER, id:"s2"address:"localhost:15316"dataStreamAddress:"localhost:15319"clientAddress:"localhost:15318"adminAddress:"localhost:15317"startupRole:FOLLOWER, old:)
2024-10-20 10:47:02,385 [s1-server-thread2] INFO  server.RaftServer$Division (ServerState.java:setRaftConf(386)) - s1@group-2456E1A61AB5: set configuration conf: {index: 0, cur=peers:[s0|localhost:15308, s1|localhost:15312, s2|localhost:15316]|listeners:[], old=null}
2024-10-20 10:47:02,385 [s1-server-thread2] INFO  segmented.SegmentedRaftLogWorker (SegmentedRaftLogWorker.java:startLogSegment(442)) - s1@group-2456E1A61AB5-SegmentedRaftLogWorker: Starting segment from index:0
2024-10-20 10:47:02,385 [s1@group-2456E1A61AB5-SegmentedRaftLogWorker] INFO  segmented.BufferedWriteChannel (BufferedWriteChannel.java:open(61)) - open log_inprogress_0 at position 0
2024-10-20 10:47:02,387 [s0-server-thread2] DEBUG server.RaftServer$Division (RaftServerImpl.java:logAppendEntries(1549)) - s0@group-2456E1A61AB5: appendEntries* s2->s0#1-t1,previous=(t:0, i:0),leaderCommit=-1,initializing? false,entries: size=1, first=(t:1, i:0), CONFIGURATIONENTRY(current:id:"s0"address:"localhost:15308"dataStreamAddress:"localhost:15311"clientAddress:"localhost:15310"adminAddress:"localhost:15309"startupRole:FOLLOWER, id:"s1"address:"localhost:15312"dataStreamAddress:"localhost:15315"clientAddress:"localhost:15314"adminAddress:"localhost:15313"startupRole:FOLLOWER, id:"s2"address:"localhost:15316"dataStreamAddress:"localhost:15319"clientAddress:"localhost:15318"adminAddress:"localhost:15317"startupRole:FOLLOWER, old:)
2024-10-20 10:47:02,387 [s0-server-thread2] INFO  server.RaftServer$Division (ServerState.java:setRaftConf(386)) - s0@group-2456E1A61AB5: set configuration conf: {index: 0, cur=peers:[s0|localhost:15308, s1|localhost:15312, s2|localhost:15316]|listeners:[], old=null}
2024-10-20 10:47:02,387 [s0-server-thread2] INFO  segmented.SegmentedRaftLogWorker (SegmentedRaftLogWorker.java:startLogSegment(442)) - s0@group-2456E1A61AB5-SegmentedRaftLogWorker: Starting segment from index:0
2024-10-20 10:47:02,388 [s0@group-2456E1A61AB5-SegmentedRaftLogWorker] INFO  segmented.BufferedWriteChannel (BufferedWriteChannel.java:open(61)) - open log_inprogress_0 at position 0
2024-10-20 10:47:02,399 [s1@group-2456E1A61AB5-SegmentedRaftLogWorker] INFO  segmented.SegmentedRaftLogWorker (SegmentedRaftLogWorker.java:execute(663)) - s1@group-2456E1A61AB5-SegmentedRaftLogWorker: created new log segment /home/runner/work/ratis/ratis/ratis-test/target/test/data/d69430f5/MiniRaftClusterWithGrpce4cd1a39/s1/dcff7cd8-3e04-4520-8202-2456e1a61ab5/current/log_inprogress_0
2024-10-20 10:47:02,400 [s1-server-thread3] DEBUG server.RaftServer$Division (RaftServerImpl.java:logAppendEntries(1549)) - s1@group-2456E1A61AB5: appendEntries* reply s2<-s1#1:OK-t1,SUCCESS,nextIndex=1,followerCommit=-1,matchIndex=0
2024-10-20 10:47:02,400 [s0@group-2456E1A61AB5-SegmentedRaftLogWorker] INFO  segmented.SegmentedRaftLogWorker (SegmentedRaftLogWorker.java:execute(663)) - s0@group-2456E1A61AB5-SegmentedRaftLogWorker: created new log segment /home/runner/work/ratis/ratis/ratis-test/target/test/data/d69430f5/MiniRaftClusterWithGrpce4cd1a39/s0/dcff7cd8-3e04-4520-8202-2456e1a61ab5/current/log_inprogress_0
2024-10-20 10:47:02,402 [s0-server-thread2] DEBUG server.RaftServer$Division (RaftServerImpl.java:logAppendEntries(1549)) - s0@group-2456E1A61AB5: appendEntries* reply s2<-s0#1:OK-t1,SUCCESS,nextIndex=1,followerCommit=-1,matchIndex=0
2024-10-20 10:47:02,402 [s2@group-2456E1A61AB5-StateMachineUpdater] TRACE util.FileUtils (LogUtils.java:supplyAndLog(69)) - Successfully supplied FileChannel.open /home/runner/work/ratis/ratis/ratis-test/target/test/data/d69430f5/MiniRaftClusterWithGrpce4cd1a39/s2/dcff7cd8-3e04-4520-8202-2456e1a61ab5/current/raft-meta.conf.tmp with options [CREATE, WRITE]: sun.nio.ch.FileChannelImpl@47a7619a
2024-10-20 10:47:02,404 [s2@group-2456E1A61AB5-StateMachineUpdater] TRACE util.FileUtils (LogUtils.java:runAndLog(49)) - Successfully ran Atomic Files.move /home/runner/work/ratis/ratis/ratis-test/target/test/data/d69430f5/MiniRaftClusterWithGrpce4cd1a39/s2/dcff7cd8-3e04-4520-8202-2456e1a61ab5/current/raft-meta.conf.tmp to /home/runner/work/ratis/ratis/ratis-test/target/test/data/d69430f5/MiniRaftClusterWithGrpce4cd1a39/s2/dcff7cd8-3e04-4520-8202-2456e1a61ab5/current/raft-meta.conf with options [REPLACE_EXISTING]
2024-10-20 10:47:02,404 [s2@group-2456E1A61AB5-StateMachineUpdater] INFO  server.RaftServer$Division (LeaderStateImpl.java:checkStartIndex(314)) - Leader s2@group-2456E1A61AB5-LeaderStateImpl is ready since appliedIndex == startIndex == 0
2024-10-20 10:47:02,480 [s1@group-2456E1A61AB5-StateMachineUpdater] TRACE util.FileUtils (LogUtils.java:supplyAndLog(69)) - Successfully supplied FileChannel.open /home/runner/work/ratis/ratis/ratis-test/target/test/data/d69430f5/MiniRaftClusterWithGrpce4cd1a39/s1/dcff7cd8-3e04-4520-8202-2456e1a61ab5/current/raft-meta.conf.tmp with options [CREATE, WRITE]: sun.nio.ch.FileChannelImpl@6fce4e66
2024-10-20 10:47:02,481 [s0@group-2456E1A61AB5-StateMachineUpdater] TRACE util.FileUtils (LogUtils.java:supplyAndLog(69)) - Successfully supplied FileChannel.open /home/runner/work/ratis/ratis/ratis-test/target/test/data/d69430f5/MiniRaftClusterWithGrpce4cd1a39/s0/dcff7cd8-3e04-4520-8202-2456e1a61ab5/current/raft-meta.conf.tmp with options [CREATE, WRITE]: sun.nio.ch.FileChannelImpl@30b5817f
2024-10-20 10:47:02,482 [s1@group-2456E1A61AB5-StateMachineUpdater] TRACE util.FileUtils (LogUtils.java:runAndLog(49)) - Successfully ran Atomic Files.move /home/runner/work/ratis/ratis/ratis-test/target/test/data/d69430f5/MiniRaftClusterWithGrpce4cd1a39/s1/dcff7cd8-3e04-4520-8202-2456e1a61ab5/current/raft-meta.conf.tmp to /home/runner/work/ratis/ratis/ratis-test/target/test/data/d69430f5/MiniRaftClusterWithGrpce4cd1a39/s1/dcff7cd8-3e04-4520-8202-2456e1a61ab5/current/raft-meta.conf with options [REPLACE_EXISTING]
2024-10-20 10:47:02,483 [s0@group-2456E1A61AB5-StateMachineUpdater] TRACE util.FileUtils (LogUtils.java:runAndLog(49)) - Successfully ran Atomic Files.move /home/runner/work/ratis/ratis/ratis-test/target/test/data/d69430f5/MiniRaftClusterWithGrpce4cd1a39/s0/dcff7cd8-3e04-4520-8202-2456e1a61ab5/current/raft-meta.conf.tmp to /home/runner/work/ratis/ratis/ratis-test/target/test/data/d69430f5/MiniRaftClusterWithGrpce4cd1a39/s0/dcff7cd8-3e04-4520-8202-2456e1a61ab5/current/raft-meta.conf with options [REPLACE_EXISTING]
2024-10-20 10:47:02,620 [main] INFO  ratis.RaftTestUtil (RaftTestUtil.java:waitForLeader(131)) - printing ALL groups
  s0:  RUNNING  FOLLOWER s0@group-2456E1A61AB5:t1, leader=s2, voted=s2, raftlog=Memoized:s0@group-2456E1A61AB5-SegmentedRaftLog:OPENED:c0:last(t:1, i:0), conf=conf: {index: 0, cur=peers:[s0|localhost:15308, s1|localhost:15312, s2|localhost:15316]|listeners:[], old=null} RUNNING
  s1:  RUNNING  FOLLOWER s1@group-2456E1A61AB5:t1, leader=s2, voted=s2, raftlog=Memoized:s1@group-2456E1A61AB5-SegmentedRaftLog:OPENED:c0:last(t:1, i:0), conf=conf: {index: 0, cur=peers:[s0|localhost:15308, s1|localhost:15312, s2|localhost:15316]|listeners:[], old=null} RUNNING
  s2:  RUNNING    LEADER s2@group-2456E1A61AB5:t1, leader=s2, voted=s2, raftlog=Memoized:s2@group-2456E1A61AB5-SegmentedRaftLog:OPENED:c0:last(t:1, i:0), conf=conf: {index: 0, cur=peers:[s0|localhost:15308, s1|localhost:15312, s2|localhost:15316]|listeners:[], old=null} RUNNING
2024-10-20 10:47:02,623 [main] INFO  impl.MiniRaftCluster (MiniRaftCluster.java:shutdown(847)) - ************************************************************** 
2024-10-20 10:47:02,624 [main] INFO  impl.MiniRaftCluster (MiniRaftCluster.java:shutdown(848)) - *** 
2024-10-20 10:47:02,624 [main] INFO  impl.MiniRaftCluster (MiniRaftCluster.java:shutdown(849)) - ***     Stopping MiniRaftClusterWithGrpc
2024-10-20 10:47:02,624 [main] INFO  impl.MiniRaftCluster (MiniRaftCluster.java:shutdown(850)) - *** 
2024-10-20 10:47:02,624 [main] INFO  impl.MiniRaftCluster (MiniRaftCluster.java:shutdown(851)) - ************************************************************** 
2024-10-20 10:47:02,624 [main] INFO  impl.MiniRaftCluster (MiniRaftCluster.java:shutdown(852)) - printing ALL groups
  s0:  RUNNING  FOLLOWER s0@group-2456E1A61AB5:t1, leader=s2, voted=s2, raftlog=Memoized:s0@group-2456E1A61AB5-SegmentedRaftLog:OPENED:c0:last(t:1, i:0), conf=conf: {index: 0, cur=peers:[s0|localhost:15308, s1|localhost:15312, s2|localhost:15316]|listeners:[], old=null} RUNNING
  s1:  RUNNING  FOLLOWER s1@group-2456E1A61AB5:t1, leader=s2, voted=s2, raftlog=Memoized:s1@group-2456E1A61AB5-SegmentedRaftLog:OPENED:c0:last(t:1, i:0), conf=conf: {index: 0, cur=peers:[s0|localhost:15308, s1|localhost:15312, s2|localhost:15316]|listeners:[], old=null} RUNNING
  s2:  RUNNING    LEADER s2@group-2456E1A61AB5:t1, leader=s2, voted=s2, raftlog=Memoized:s2@group-2456E1A61AB5-SegmentedRaftLog:OPENED:c0:last(t:1, i:0), conf=conf: {index: 0, cur=peers:[s0|localhost:15308, s1|localhost:15312, s2|localhost:15316]|listeners:[], old=null} RUNNING
2024-10-20 10:47:02,625 [MiniRaftCluster-78] INFO  server.RaftServer (RaftServerProxy.java:lambda$close$9(418)) - s0: close
2024-10-20 10:47:02,625 [MiniRaftCluster-79] INFO  server.RaftServer (RaftServerProxy.java:lambda$close$9(418)) - s1: close
2024-10-20 10:47:02,625 [s0-impl-thread1] INFO  server.RaftServer$Division (RaftServerImpl.java:lambda$close$1(515)) - s0@group-2456E1A61AB5: shutdown
2024-10-20 10:47:02,625 [MiniRaftCluster-79] INFO  server.GrpcServicesImpl (GrpcServicesImpl.java:closeImpl(362)) - s1: shutdown server org.apache.ratis.grpc.server.GrpcClientProtocolService now
2024-10-20 10:47:02,625 [s1-impl-thread1] INFO  server.RaftServer$Division (RaftServerImpl.java:lambda$close$1(515)) - s1@group-2456E1A61AB5: shutdown
2024-10-20 10:47:02,625 [s0-impl-thread1] INFO  util.JmxRegister (JmxRegister.java:unregister(74)) - Successfully un-registered JMX Bean with object name Ratis:service=RaftServer,group=group-2456E1A61AB5,id=s0
2024-10-20 10:47:02,625 [s0-impl-thread1] INFO  impl.RoleInfo (RoleInfo.java:shutdownFollowerState(121)) - s0: shutdown s0@group-2456E1A61AB5-FollowerState
2024-10-20 10:47:02,625 [s0-impl-thread1] INFO  impl.StateMachineUpdater (StateMachineUpdater.java:stopAndJoin(164)) - s0@group-2456E1A61AB5-StateMachineUpdater: set stopIndex = 0
2024-10-20 10:47:02,625 [MiniRaftCluster-80] INFO  server.RaftServer (RaftServerProxy.java:lambda$close$9(418)) - s2: close
2024-10-20 10:47:02,625 [MiniRaftCluster-80] INFO  server.GrpcServicesImpl (GrpcServicesImpl.java:closeImpl(362)) - s2: shutdown server org.apache.ratis.grpc.server.GrpcClientProtocolService now
2024-10-20 10:47:02,625 [s0@group-2456E1A61AB5-StateMachineUpdater] INFO  impl.StateMachineUpdater (StateMachineUpdater.java:stop(141)) - s0@group-2456E1A61AB5-StateMachineUpdater: closing BaseStateMachine, lastApplied=(t:1, i:0)
2024-10-20 10:47:02,625 [s0@group-2456E1A61AB5-FollowerState] INFO  impl.FollowerState (FollowerState.java:runImpl(170)) - s0@group-2456E1A61AB5-FollowerState was interrupted
2024-10-20 10:47:02,625 [s1-impl-thread1] INFO  util.JmxRegister (JmxRegister.java:unregister(74)) - Successfully un-registered JMX Bean with object name Ratis:service=RaftServer,group=group-2456E1A61AB5,id=s1
2024-10-20 10:47:02,626 [s1-impl-thread1] INFO  impl.RoleInfo (RoleInfo.java:shutdownFollowerState(121)) - s1: shutdown s1@group-2456E1A61AB5-FollowerState
2024-10-20 10:47:02,625 [MiniRaftCluster-78] INFO  server.GrpcServicesImpl (GrpcServicesImpl.java:closeImpl(362)) - s0: shutdown server org.apache.ratis.grpc.server.GrpcClientProtocolService now
2024-10-20 10:47:02,626 [Thread-1967] INFO  server.GrpcServerProtocolClient (GrpcServerProtocolClient.java:close(105)) - s0 Close channels
2024-10-20 10:47:02,626 [s0-impl-thread1] INFO  raftlog.RaftLog (SegmentedRaftLog.java:close(567)) - Start closing s0@group-2456E1A61AB5-SegmentedRaftLog:OPENED:c0:last(t:1, i:0)
2024-10-20 10:47:02,625 [s2-impl-thread1] INFO  server.RaftServer$Division (RaftServerImpl.java:lambda$close$1(515)) - s2@group-2456E1A61AB5: shutdown
2024-10-20 10:47:02,626 [s2-impl-thread1] INFO  util.JmxRegister (JmxRegister.java:unregister(74)) - Successfully un-registered JMX Bean with object name Ratis:service=RaftServer,group=group-2456E1A61AB5,id=s2
2024-10-20 10:47:02,627 [s2-impl-thread1] INFO  impl.RoleInfo (RoleInfo.java:shutdownLeaderState(103)) - s2: shutdown s2@group-2456E1A61AB5-LeaderStateImpl
2024-10-20 10:47:02,627 [s1@group-2456E1A61AB5-FollowerState] INFO  impl.FollowerState (FollowerState.java:shouldRun(122)) - s1@group-2456E1A61AB5-FollowerState: Stopping now (isRunning? false, role = FOLLOWER)
2024-10-20 10:47:02,627 [MiniRaftCluster-79] INFO  server.GrpcServicesImpl (GrpcServicesImpl.java:closeImpl(371)) - s1: shutdown server org.apache.ratis.grpc.server.GrpcClientProtocolService successfully
2024-10-20 10:47:02,627 [MiniRaftCluster-79] INFO  server.GrpcServicesImpl (GrpcServicesImpl.java:closeImpl(362)) - s1: shutdown server GrpcServerProtocolService now
2024-10-20 10:47:02,627 [s2@group-2456E1A61AB5->s1-GrpcLogAppender-LogAppenderDaemon] WARN  server.GrpcLogAppender (GrpcLogAppender.java:mayWait(293)) - s2@group-2456E1A61AB5->s1-GrpcLogAppender: Wait interrupted by java.lang.InterruptedException
2024-10-20 10:47:02,628 [s1-impl-thread1] INFO  impl.StateMachineUpdater (StateMachineUpdater.java:stopAndJoin(164)) - s1@group-2456E1A61AB5-StateMachineUpdater: set stopIndex = 0
2024-10-20 10:47:02,628 [s1@group-2456E1A61AB5-StateMachineUpdater] INFO  impl.StateMachineUpdater (StateMachineUpdater.java:stop(141)) - s1@group-2456E1A61AB5-StateMachineUpdater: closing BaseStateMachine, lastApplied=(t:1, i:0)
2024-10-20 10:47:02,628 [s1-impl-thread1] INFO  raftlog.RaftLog (SegmentedRaftLog.java:close(567)) - Start closing s1@group-2456E1A61AB5-SegmentedRaftLog:OPENED:c0:last(t:1, i:0)
2024-10-20 10:47:02,628 [s1@group-2456E1A61AB5-cacheEviction-AwaitToRun] INFO  util.AwaitToRun (AwaitToRun.java:run(49)) - s1@group-2456E1A61AB5-cacheEviction-AwaitToRun-AwaitForSignal is interrupted
2024-10-20 10:47:02,628 [s1-impl-thread1] INFO  segmented.LogSegment (LogSegment.java:close(348)) - Successfully closed EntryCache-log_inprogress_0
2024-10-20 10:47:02,628 [MiniRaftCluster-78] INFO  server.GrpcServicesImpl (GrpcServicesImpl.java:closeImpl(371)) - s0: shutdown server org.apache.ratis.grpc.server.GrpcClientProtocolService successfully
2024-10-20 10:47:02,629 [MiniRaftCluster-78] INFO  server.GrpcServicesImpl (GrpcServicesImpl.java:closeImpl(362)) - s0: shutdown server GrpcServerProtocolService now
2024-10-20 10:47:02,629 [grpc-default-executor-1] INFO  server.GrpcServerProtocolService (GrpcServerProtocolService.java:onCompleted(200)) - s1: Completed APPEND_ENTRIES, lastRequest: s2->s1#1-t1,previous=(t:0, i:0),leaderCommit=-1,initializing? false,entries: size=1, first=(t:1, i:0), CONFIGURATIONENTRY(current:id:"s0"address:"localhost:15308"dataStreamAddress:"localhost:15311"clientAddress:"localhost:15310"adminAddress:"localhost:15309"startupRole:FOLLOWER, id:"s1"address:"localhost:15312"dataStreamAddress:"localhost:15315"clientAddress:"localhost:15314"adminAddress:"localhost:15313"startupRole:FOLLOWER, id:"s2"address:"localhost:15316"dataStreamAddress:"localhost:15319"clientAddress:"localhost:15318"adminAddress:"localhost:15317"startupRole:FOLLOWER, old:)
2024-10-20 10:47:02,629 [grpc-default-executor-1] INFO  server.GrpcServerProtocolService (GrpcServerProtocolService.java:lambda$onCompleted$7(202)) - s1: Completed APPEND_ENTRIES, lastReply: null
2024-10-20 10:47:02,629 [grpc-default-executor-2] INFO  server.GrpcServerProtocolService (GrpcServerProtocolService.java:onCompleted(200)) - s1: Completed APPEND_ENTRIES, lastRequest: null
2024-10-20 10:47:02,629 [grpc-default-executor-2] INFO  server.GrpcServerProtocolService (GrpcServerProtocolService.java:lambda$onCompleted$7(202)) - s1: Completed APPEND_ENTRIES, lastReply: serverReply {
  requestorId: "s2"
  replyId: "s1"
  raftGroupId {
    id: "\334\377|\330>\004E \202\002$V\341\246\032\265"
  }
  callId: 4
  success: true
}
term: 1
nextIndex: 1
matchIndex: 18446744073709551615
isHearbeat: true

2024-10-20 10:47:02,627 [s2@group-2456E1A61AB5->s0-GrpcLogAppender-LogAppenderDaemon] WARN  server.GrpcLogAppender (GrpcLogAppender.java:mayWait(293)) - s2@group-2456E1A61AB5->s0-GrpcLogAppender: Wait interrupted by java.lang.InterruptedException
2024-10-20 10:47:02,628 [s0@group-2456E1A61AB5-cacheEviction-AwaitToRun] INFO  util.AwaitToRun (AwaitToRun.java:run(49)) - s0@group-2456E1A61AB5-cacheEviction-AwaitToRun-AwaitForSignal is interrupted
2024-10-20 10:47:02,627 [s2-impl-thread1] INFO  impl.PendingRequests (PendingRequests.java:sendNotLeaderResponses(287)) - s2@group-2456E1A61AB5-PendingRequests: sendNotLeaderResponses
2024-10-20 10:47:02,630 [grpc-default-executor-3] WARN  server.GrpcServerProtocolService (LogUtils.java:warn(121)) - s0: APPEND_ENTRIES onError, lastRequest: s2->s0#1-t1,previous=(t:0, i:0),leaderCommit=-1,initializing? false,entries: size=1, first=(t:1, i:0), CONFIGURATIONENTRY(current:id:"s0"address:"localhost:15308"dataStreamAddress:"localhost:15311"clientAddress:"localhost:15310"adminAddress:"localhost:15309"startupRole:FOLLOWER, id:"s1"address:"localhost:15312"dataStreamAddress:"localhost:15315"clientAddress:"localhost:15314"adminAddress:"localhost:15313"startupRole:FOLLOWER, id:"s2"address:"localhost:15316"dataStreamAddress:"localhost:15319"clientAddress:"localhost:15318"adminAddress:"localhost:15317"startupRole:FOLLOWER, old:): org.apache.ratis.thirdparty.io.grpc.StatusRuntimeException: CANCELLED: client cancelled
2024-10-20 10:47:02,630 [grpc-default-executor-0] INFO  server.GrpcLogAppender (GrpcLogAppender.java:onError(546)) - s2@group-2456E1A61AB5->s0-GrpcLogAppender is already stopped
2024-10-20 10:47:02,630 [s2-impl-thread1] INFO  impl.StateMachineUpdater (StateMachineUpdater.java:stopAndJoin(164)) - s2@group-2456E1A61AB5-StateMachineUpdater: set stopIndex = 0
2024-10-20 10:47:02,630 [s2@group-2456E1A61AB5-StateMachineUpdater] INFO  impl.StateMachineUpdater (StateMachineUpdater.java:stop(141)) - s2@group-2456E1A61AB5-StateMachineUpdater: closing BaseStateMachine, lastApplied=(t:1, i:0)
2024-10-20 10:47:02,630 [s0-impl-thread1] INFO  segmented.LogSegment (LogSegment.java:close(348)) - Successfully closed EntryCache-log_inprogress_0
2024-10-20 10:47:02,630 [MiniRaftCluster-78] INFO  server.GrpcServicesImpl (GrpcServicesImpl.java:closeImpl(371)) - s0: shutdown server GrpcServerProtocolService successfully
2024-10-20 10:47:02,630 [MiniRaftCluster-78] INFO  server.GrpcServicesImpl (GrpcServicesImpl.java:closeImpl(362)) - s0: shutdown server org.apache.ratis.grpc.server.GrpcAdminProtocolService now
2024-10-20 10:47:02,630 [grpc-default-executor-1] WARN  server.GrpcServerProtocolService (LogUtils.java:warn(121)) - s0: APPEND_ENTRIES onError, lastRequest: null: org.apache.ratis.thirdparty.io.grpc.StatusRuntimeException: CANCELLED: client cancelled
2024-10-20 10:47:02,630 [s2-impl-thread1] INFO  raftlog.RaftLog (SegmentedRaftLog.java:close(567)) - Start closing s2@group-2456E1A61AB5-SegmentedRaftLog:OPENED:c0:last(t:1, i:0)
2024-10-20 10:47:02,631 [MiniRaftCluster-78] INFO  server.GrpcServicesImpl (GrpcServicesImpl.java:closeImpl(371)) - s0: shutdown server org.apache.ratis.grpc.server.GrpcAdminProtocolService successfully
2024-10-20 10:47:02,631 [grpc-default-executor-4] INFO  server.GrpcLogAppender (GrpcLogAppender.java:onError(546)) - s2@group-2456E1A61AB5->s0-GrpcLogAppender is already stopped
2024-10-20 10:47:02,631 [MiniRaftCluster-79] INFO  server.GrpcServicesImpl (GrpcServicesImpl.java:closeImpl(371)) - s1: shutdown server GrpcServerProtocolService successfully
2024-10-20 10:47:02,631 [MiniRaftCluster-79] INFO  server.GrpcServicesImpl (GrpcServicesImpl.java:closeImpl(362)) - s1: shutdown server org.apache.ratis.grpc.server.GrpcAdminProtocolService now
2024-10-20 10:47:02,632 [s2@group-2456E1A61AB5-cacheEviction-AwaitToRun] INFO  util.AwaitToRun (AwaitToRun.java:run(49)) - s2@group-2456E1A61AB5-cacheEviction-AwaitToRun-AwaitForSignal is interrupted
2024-10-20 10:47:02,632 [MiniRaftCluster-79] INFO  server.GrpcServicesImpl (GrpcServicesImpl.java:closeImpl(371)) - s1: shutdown server org.apache.ratis.grpc.server.GrpcAdminProtocolService successfully
2024-10-20 10:47:02,632 [s2-impl-thread1] INFO  segmented.LogSegment (LogSegment.java:close(348)) - Successfully closed EntryCache-log_inprogress_0
2024-10-20 10:47:02,632 [grpc-default-executor-4] INFO  server.GrpcLogAppender (GrpcLogAppender.java:onCompleted(559)) - s2@group-2456E1A61AB5->s1-AppendLogResponseHandler: follower responses appendEntries COMPLETED
2024-10-20 10:47:02,632 [grpc-default-executor-4] INFO  server.GrpcLogAppender (GrpcLogAppender.java:onCompleted(559)) - s2@group-2456E1A61AB5->s1-AppendLogResponseHandler: follower responses appendEntries COMPLETED
2024-10-20 10:47:02,635 [Thread-1969] INFO  server.GrpcServerProtocolClient (GrpcServerProtocolClient.java:close(105)) - s1 Close channels
2024-10-20 10:47:02,635 [MiniRaftCluster-80] INFO  server.GrpcServicesImpl (GrpcServicesImpl.java:closeImpl(371)) - s2: shutdown server org.apache.ratis.grpc.server.GrpcClientProtocolService successfully
2024-10-20 10:47:02,635 [MiniRaftCluster-80] INFO  server.GrpcServicesImpl (GrpcServicesImpl.java:closeImpl(362)) - s2: shutdown server GrpcServerProtocolService now
2024-10-20 10:47:02,636 [MiniRaftCluster-80] INFO  server.GrpcServicesImpl (GrpcServicesImpl.java:closeImpl(371)) - s2: shutdown server GrpcServerProtocolService successfully
2024-10-20 10:47:02,636 [MiniRaftCluster-80] INFO  server.GrpcServicesImpl (GrpcServicesImpl.java:closeImpl(362)) - s2: shutdown server org.apache.ratis.grpc.server.GrpcAdminProtocolService now
2024-10-20 10:47:02,636 [MiniRaftCluster-80] INFO  server.GrpcServicesImpl (GrpcServicesImpl.java:closeImpl(371)) - s2: shutdown server org.apache.ratis.grpc.server.GrpcAdminProtocolService successfully
2024-10-20 10:47:03,387 [s2-impl-thread1] INFO  segmented.SegmentedRaftLogWorker (SegmentedRaftLogWorker.java:close(253)) - s2@group-2456E1A61AB5-SegmentedRaftLogWorker close()
2024-10-20 10:47:03,387 [s2-impl-thread1] INFO  raftlog.RaftLog (SegmentedRaftLog.java:close(575)) - Successfully closed s2@group-2456E1A61AB5-SegmentedRaftLog:CLOSED:c0
2024-10-20 10:47:03,388 [JvmPauseMonitor79] INFO  util.JvmPauseMonitor (JvmPauseMonitor.java:run(152)) - JvmPauseMonitor-s2: Stopped
2024-10-20 10:47:03,401 [s1-impl-thread1] INFO  segmented.SegmentedRaftLogWorker (SegmentedRaftLogWorker.java:close(253)) - s1@group-2456E1A61AB5-SegmentedRaftLogWorker close()
2024-10-20 10:47:03,402 [s1-impl-thread1] INFO  raftlog.RaftLog (SegmentedRaftLog.java:close(575)) - Successfully closed s1@group-2456E1A61AB5-SegmentedRaftLog:CLOSED:c0
2024-10-20 10:47:03,402 [JvmPauseMonitor78] INFO  util.JvmPauseMonitor (JvmPauseMonitor.java:run(152)) - JvmPauseMonitor-s1: Stopped
2024-10-20 10:47:03,403 [s0-impl-thread1] INFO  segmented.SegmentedRaftLogWorker (SegmentedRaftLogWorker.java:close(253)) - s0@group-2456E1A61AB5-SegmentedRaftLogWorker close()
2024-10-20 10:47:03,403 [s0-impl-thread1] INFO  raftlog.RaftLog (SegmentedRaftLog.java:close(575)) - Successfully closed s0@group-2456E1A61AB5-SegmentedRaftLog:CLOSED:c0
2024-10-20 10:47:03,404 [JvmPauseMonitor77] INFO  util.JvmPauseMonitor (JvmPauseMonitor.java:run(152)) - JvmPauseMonitor-s0: Stopped
2024-10-20 10:47:03,404 [main] INFO  impl.MiniRaftCluster (MiniRaftCluster.java:shutdown(885)) - MiniRaftClusterWithGrpc shutdown completed
2024-10-20 10:47:03,404 [main] INFO  ratis.RaftTestUtil (RaftTestUtil.java:gc(596)) - gc 0
2024-10-20 10:47:03,573 [main] WARN  util.ReferenceCountedLeakDetector (ReferenceCountedLeakDetector.java:logLeakMessage(167)) - LEAK: (class org.apache.ratis.proto.RaftProtos$AppendEntriesRequestProto, count=2, value=serverRequest {
  requestorId: "s0"
  replyId: "s2"
  raftGroupId {
    id: "\375\210\024\357\262\375HY\244\207Ci\024Gb\025"
  }
}
leaderTerm: 10
previousLog {
  term: 9
  index: 16
}
leaderCommit: 16
commitInfos {
  server {
    id: "s0"
    address: "localhost:15252"
    dataStreamAddress: "localhost:15255"
    clientAddress: "localhost:15254"
    adminAddress: "localhost:15253"
    startupRole: FOLLOWER
  }
  commitIndex: 16
}
commitInfos {
  server {
    id: "s1"
    address: "localhost:15256"
    dataStreamAddress: "localhost:15259"
    clientAddress: "localhost:15258"
    adminAddress: "localhost:15257"
    startupRole: FOLLOWER
  }
  commitIndex: 16
}
commitInfos {
  server {
    id: "s2"
    address: "localhost:15260"
    dataStreamAddress: "localhost:15263"
    clientAddress: "localhost:15262"
    adminAddress: "localhost:15261"
    startupRole: FOLLOWER
  }
  commitIndex: 16
}
)
2024-10-20 10:47:03,574 [main] WARN  util.ReferenceCountedLeakDetector (ReferenceCountedLeakDetector.java:logLeakMessage(167)) - LEAK: (class org.apache.ratis.proto.RaftProtos$AppendEntriesRequestProto, count=3, value=serverRequest {
  requestorId: "s1"
  replyId: "s2"
  raftGroupId {
    id: "\375\210\024\357\262\375HY\244\207Ci\024Gb\025"
  }
  callId: 1
}
leaderTerm: 11
previousLog {
  term: 10
  index: 18
}
entries {
  term: 11
  index: 19
  configurationEntry {
    peers {
      id: "s0"
      address: "localhost:15252"
      dataStreamAddress: "localhost:15255"
      clientAddress: "localhost:15254"
      adminAddress: "localhost:15253"
      startupRole: FOLLOWER
    }
    peers {
      id: "s1"
      address: "localhost:15256"
      dataStreamAddress: "localhost:15259"
      clientAddress: "localhost:15258"
      adminAddress: "localhost:15257"
      startupRole: FOLLOWER
    }
    peers {
      id: "s2"
      address: "localhost:15260"
      dataStreamAddress: "localhost:15263"
      clientAddress: "localhost:15262"
      adminAddress: "localhost:15261"
      startupRole: FOLLOWER
    }
  }
}
leaderCommit: 17
commitInfos {
  server {
    id: "s1"
    address: "localhost:15256"
    dataStreamAddress: "localhost:15259"
    clientAddress: "localhost:15258"
    adminAddress: "localhost:15257"
    startupRole: FOLLOWER
  }
  commitIndex: 17
}
commitInfos {
  server {
    id: "s0"
    address: "localhost:15252"
    dataStreamAddress: "localhost:15255"
    clientAddress: "localhost:15254"
    adminAddress: "localhost:15253"
    startupRole: FOLLOWER
  }
  commitIndex: 17
}
commitInfos {
  server {
    id: "s2"
    address: "localhost:15260"
    dataStreamAddress: "localhost:15263"
    clientAddress: "localhost:15262"
    adminAddress: "localhost:15261"
    startupRole: FOLLOWER
  }
  commitIndex: 16
}
)
2024-10-20 10:47:03,574 [main] WARN  util.ReferenceCountedLeakDetector (ReferenceCountedLeakDetector.java:logLeakMessage(167)) - LEAK: (class org.apache.ratis.proto.RaftProtos$AppendEntriesRequestProto, count=3, value=serverRequest {
  requestorId: "s0"
  replyId: "s2"
  raftGroupId {
    id: "\375\210\024\357\262\375HY\244\207Ci\024Gb\025"
  }
  callId: 1
}
leaderTerm: 10
previousLog {
  term: 9
  index: 16
}
entries {
  term: 10
  index: 17
  configurationEntry {
    peers {
      id: "s0"
      address: "localhost:15252"
      dataStreamAddress: "localhost:15255"
      clientAddress: "localhost:15254"
      adminAddress: "localhost:15253"
      startupRole: FOLLOWER
    }
    peers {
      id: "s1"
      address: "localhost:15256"
      dataStreamAddress: "localhost:15259"
      clientAddress: "localhost:15258"
      adminAddress: "localhost:15257"
      startupRole: FOLLOWER
    }
    peers {
      id: "s2"
      address: "localhost:15260"
      dataStreamAddress: "localhost:15263"
      clientAddress: "localhost:15262"
      adminAddress: "localhost:15261"
      startupRole: FOLLOWER
    }
  }
}
leaderCommit: 16
commitInfos {
  server {
    id: "s0"
    address: "localhost:15252"
    dataStreamAddress: "localhost:15255"
    clientAddress: "localhost:15254"
    adminAddress: "localhost:15253"
    startupRole: FOLLOWER
  }
  commitIndex: 16
}
commitInfos {
  server {
    id: "s1"
    address: "localhost:15256"
    dataStreamAddress: "localhost:15259"
    clientAddress: "localhost:15258"
    adminAddress: "localhost:15257"
    startupRole: FOLLOWER
  }
  commitIndex: 16
}
commitInfos {
  server {
    id: "s2"
    address: "localhost:15260"
    dataStreamAddress: "localhost:15263"
    clientAddress: "localhost:15262"
    adminAddress: "localhost:15261"
    startupRole: FOLLOWER
  }
  commitIndex: 16
}
)
2024-10-20 10:47:03,574 [main] WARN  util.ReferenceCountedLeakDetector (ReferenceCountedLeakDetector.java:logLeakMessage(167)) - LEAK: (class org.apache.ratis.proto.RaftProtos$AppendEntriesRequestProto, count=2, value=serverRequest {
  requestorId: "s1"
  replyId: "s2"
  raftGroupId {
    id: "\375\210\024\357\262\375HY\244\207Ci\024Gb\025"
  }
  callId: 8
}
leaderTerm: 9
previousLog {
  term: 9
  index: 16
}
leaderCommit: 16
commitInfos {
  server {
    id: "s1"
    address: "localhost:15256"
    dataStreamAddress: "localhost:15259"
    clientAddress: "localhost:15258"
    adminAddress: "localhost:15257"
    startupRole: FOLLOWER
  }
  commitIndex: 16
}
commitInfos {
  server {
    id: "s0"
    address: "localhost:15252"
    dataStreamAddress: "localhost:15255"
    clientAddress: "localhost:15254"
    adminAddress: "localhost:15253"
    startupRole: FOLLOWER
  }
  commitIndex: 16
}
commitInfos {
  server {
    id: "s2"
    address: "localhost:15260"
    dataStreamAddress: "localhost:15263"
    clientAddress: "localhost:15262"
    adminAddress: "localhost:15261"
    startupRole: FOLLOWER
  }
  commitIndex: 16
}
)
2024-10-20 10:47:03,574 [main] WARN  util.ReferenceCountedLeakDetector (ReferenceCountedLeakDetector.java:logLeakMessage(167)) - LEAK: (class org.apache.ratis.proto.RaftProtos$AppendEntriesRequestProto, count=2, value=serverRequest {
  requestorId: "s1"
  replyId: "s2"
  raftGroupId {
    id: "\375\210\024\357\262\375HY\244\207Ci\024Gb\025"
  }
}
leaderTerm: 11
previousLog {
  term: 10
  index: 18
}
leaderCommit: 17
commitInfos {
  server {
    id: "s1"
    address: "localhost:15256"
    dataStreamAddress: "localhost:15259"
    clientAddress: "localhost:15258"
    adminAddress: "localhost:15257"
    startupRole: FOLLOWER
  }
  commitIndex: 17
}
commitInfos {
  server {
    id: "s0"
    address: "localhost:15252"
    dataStreamAddress: "localhost:15255"
    clientAddress: "localhost:15254"
    adminAddress: "localhost:15253"
    startupRole: FOLLOWER
  }
  commitIndex: 17
}
commitInfos {
  server {
    id: "s2"
    address: "localhost:15260"
    dataStreamAddress: "localhost:15263"
    clientAddress: "localhost:15262"
    adminAddress: "localhost:15261"
    startupRole: FOLLOWER
  }
  commitIndex: 16
}
)
2024-10-20 10:47:03,574 [main] WARN  util.LeakDetector (LeakDetector.java:assertNoLeaks(171)) - 0/30) numLeaks == 5 > 0, will wait and retry ...
2024-10-20 10:47:04,574 [main] WARN  util.ReferenceCountedLeakDetector (ReferenceCountedLeakDetector.java:logLeakMessage(167)) - LEAK: (class org.apache.ratis.proto.RaftProtos$AppendEntriesRequestProto, count=2, value=serverRequest {
  requestorId: "s0"
  replyId: "s2"
  raftGroupId {
    id: "\375\210\024\357\262\375HY\244\207Ci\024Gb\025"
  }
}
leaderTerm: 10
previousLog {
  term: 9
  index: 16
}
leaderCommit: 16
commitInfos {
  server {
    id: "s0"
    address: "localhost:15252"
    dataStreamAddress: "localhost:15255"
    clientAddress: "localhost:15254"
    adminAddress: "localhost:15253"
    startupRole: FOLLOWER
  }
  commitIndex: 16
}
commitInfos {
  server {
    id: "s1"
    address: "localhost:15256"
    dataStreamAddress: "localhost:15259"
    clientAddress: "localhost:15258"
    adminAddress: "localhost:15257"
    startupRole: FOLLOWER
  }
  commitIndex: 16
}
commitInfos {
  server {
    id: "s2"
    address: "localhost:15260"
    dataStreamAddress: "localhost:15263"
    clientAddress: "localhost:15262"
    adminAddress: "localhost:15261"
    startupRole: FOLLOWER
  }
  commitIndex: 16
}
)
2024-10-20 10:47:04,575 [main] WARN  util.ReferenceCountedLeakDetector (ReferenceCountedLeakDetector.java:logLeakMessage(167)) - LEAK: (class org.apache.ratis.proto.RaftProtos$AppendEntriesRequestProto, count=3, value=serverRequest {
  requestorId: "s1"
  replyId: "s2"
  raftGroupId {
    id: "\375\210\024\357\262\375HY\244\207Ci\024Gb\025"
  }
  callId: 1
}
leaderTerm: 11
previousLog {
  term: 10
  index: 18
}
entries {
  term: 11
  index: 19
  configurationEntry {
    peers {
      id: "s0"
      address: "localhost:15252"
      dataStreamAddress: "localhost:15255"
      clientAddress: "localhost:15254"
      adminAddress: "localhost:15253"
      startupRole: FOLLOWER
    }
    peers {
      id: "s1"
      address: "localhost:15256"
      dataStreamAddress: "localhost:15259"
      clientAddress: "localhost:15258"
      adminAddress: "localhost:15257"
      startupRole: FOLLOWER
    }
    peers {
      id: "s2"
      address: "localhost:15260"
      dataStreamAddress: "localhost:15263"
      clientAddress: "localhost:15262"
      adminAddress: "localhost:15261"
      startupRole: FOLLOWER
    }
  }
}
leaderCommit: 17
commitInfos {
  server {
    id: "s1"
    address: "localhost:15256"
    dataStreamAddress: "localhost:15259"
    clientAddress: "localhost:15258"
    adminAddress: "localhost:15257"
    startupRole: FOLLOWER
  }
  commitIndex: 17
}
commitInfos {
  server {
    id: "s0"
    address: "localhost:15252"
    dataStreamAddress: "localhost:15255"
    clientAddress: "localhost:15254"
    adminAddress: "localhost:15253"
    startupRole: FOLLOWER
  }
  commitIndex: 17
}
commitInfos {
  server {
    id: "s2"
    address: "localhost:15260"
    dataStreamAddress: "localhost:15263"
    clientAddress: "localhost:15262"
    adminAddress: "localhost:15261"
    startupRole: FOLLOWER
  }
  commitIndex: 16
}
)
2024-10-20 10:47:04,575 [main] WARN  util.ReferenceCountedLeakDetector (ReferenceCountedLeakDetector.java:logLeakMessage(167)) - LEAK: (class org.apache.ratis.proto.RaftProtos$AppendEntriesRequestProto, count=3, value=serverRequest {
  requestorId: "s0"
  replyId: "s2"
  raftGroupId {
    id: "\375\210\024\357\262\375HY\244\207Ci\024Gb\025"
  }
  callId: 1
}
leaderTerm: 10
previousLog {
  term: 9
  index: 16
}
entries {
  term: 10
  index: 17
  configurationEntry {
    peers {
      id: "s0"
      address: "localhost:15252"
      dataStreamAddress: "localhost:15255"
      clientAddress: "localhost:15254"
      adminAddress: "localhost:15253"
      startupRole: FOLLOWER
    }
    peers {
      id: "s1"
      address: "localhost:15256"
      dataStreamAddress: "localhost:15259"
      clientAddress: "localhost:15258"
      adminAddress: "localhost:15257"
      startupRole: FOLLOWER
    }
    peers {
      id: "s2"
      address: "localhost:15260"
      dataStreamAddress: "localhost:15263"
      clientAddress: "localhost:15262"
      adminAddress: "localhost:15261"
      startupRole: FOLLOWER
    }
  }
}
leaderCommit: 16
commitInfos {
  server {
    id: "s0"
    address: "localhost:15252"
    dataStreamAddress: "localhost:15255"
    clientAddress: "localhost:15254"
    adminAddress: "localhost:15253"
    startupRole: FOLLOWER
  }
  commitIndex: 16
}
commitInfos {
  server {
    id: "s1"
    address: "localhost:15256"
    dataStreamAddress: "localhost:15259"
    clientAddress: "localhost:15258"
    adminAddress: "localhost:15257"
    startupRole: FOLLOWER
  }
  commitIndex: 16
}
commitInfos {
  server {
    id: "s2"
    address: "localhost:15260"
    dataStreamAddress: "localhost:15263"
    clientAddress: "localhost:15262"
    adminAddress: "localhost:15261"
    startupRole: FOLLOWER
  }
  commitIndex: 16
}
)
2024-10-20 10:47:04,575 [main] WARN  util.ReferenceCountedLeakDetector (ReferenceCountedLeakDetector.java:logLeakMessage(167)) - LEAK: (class org.apache.ratis.proto.RaftProtos$AppendEntriesRequestProto, count=2, value=serverRequest {
  requestorId: "s1"
  replyId: "s2"
  raftGroupId {
    id: "\375\210\024\357\262\375HY\244\207Ci\024Gb\025"
  }
  callId: 8
}
leaderTerm: 9
previousLog {
  term: 9
  index: 16
}
leaderCommit: 16
commitInfos {
  server {
    id: "s1"
    address: "localhost:15256"
    dataStreamAddress: "localhost:15259"
    clientAddress: "localhost:15258"
    adminAddress: "localhost:15257"
    startupRole: FOLLOWER
  }
  commitIndex: 16
}
commitInfos {
  server {
    id: "s0"
    address: "localhost:15252"
    dataStreamAddress: "localhost:15255"
    clientAddress: "localhost:15254"
    adminAddress: "localhost:15253"
    startupRole: FOLLOWER
  }
  commitIndex: 16
}
commitInfos {
  server {
    id: "s2"
    address: "localhost:15260"
    dataStreamAddress: "localhost:15263"
    clientAddress: "localhost:15262"
    adminAddress: "localhost:15261"
    startupRole: FOLLOWER
  }
  commitIndex: 16
}
)
2024-10-20 10:47:04,575 [main] WARN  util.ReferenceCountedLeakDetector (ReferenceCountedLeakDetector.java:logLeakMessage(167)) - LEAK: (class org.apache.ratis.proto.RaftProtos$AppendEntriesRequestProto, count=2, value=serverRequest {
  requestorId: "s1"
  replyId: "s2"
  raftGroupId {
    id: "\375\210\024\357\262\375HY\244\207Ci\024Gb\025"
  }
}
leaderTerm: 11
previousLog {
  term: 10
  index: 18
}
leaderCommit: 17
commitInfos {
  server {
    id: "s1"
    address: "localhost:15256"
    dataStreamAddress: "localhost:15259"
    clientAddress: "localhost:15258"
    adminAddress: "localhost:15257"
    startupRole: FOLLOWER
  }
  commitIndex: 17
}
commitInfos {
  server {
    id: "s0"
    address: "localhost:15252"
    dataStreamAddress: "localhost:15255"
    clientAddress: "localhost:15254"
    adminAddress: "localhost:15253"
    startupRole: FOLLOWER
  }
  commitIndex: 17
}
commitInfos {
  server {
    id: "s2"
    address: "localhost:15260"
    dataStreamAddress: "localhost:15263"
    clientAddress: "localhost:15262"
    adminAddress: "localhost:15261"
    startupRole: FOLLOWER
  }
  commitIndex: 16
}
)
2024-10-20 10:47:04,575 [main] WARN  util.LeakDetector (LeakDetector.java:assertNoLeaks(171)) - 1/30) numLeaks == 5 > 0, will wait and retry ...
2024-10-20 10:47:05,575 [main] WARN  util.ReferenceCountedLeakDetector (ReferenceCountedLeakDetector.java:logLeakMessage(167)) - LEAK: (class org.apache.ratis.proto.RaftProtos$AppendEntriesRequestProto, count=2, value=serverRequest {
  requestorId: "s0"
  replyId: "s2"
  raftGroupId {
    id: "\375\210\024\357\262\375HY\244\207Ci\024Gb\025"
  }
}
leaderTerm: 10
previousLog {
  term: 9
  index: 16
}
leaderCommit: 16
commitInfos {
  server {
    id: "s0"
    address: "localhost:15252"
    dataStreamAddress: "localhost:15255"
    clientAddress: "localhost:15254"
    adminAddress: "localhost:15253"
    startupRole: FOLLOWER
  }
  commitIndex: 16
}
commitInfos {
  server {
    id: "s1"
    address: "localhost:15256"
    dataStreamAddress: "localhost:15259"
    clientAddress: "localhost:15258"
    adminAddress: "localhost:15257"
    startupRole: FOLLOWER
  }
  commitIndex: 16
}
commitInfos {
  server {
    id: "s2"
    address: "localhost:15260"
    dataStreamAddress: "localhost:15263"
    clientAddress: "localhost:15262"
    adminAddress: "localhost:15261"
    startupRole: FOLLOWER
  }
  commitIndex: 16
}
)
2024-10-20 10:47:05,576 [main] WARN  util.ReferenceCountedLeakDetector (ReferenceCountedLeakDetector.java:logLeakMessage(167)) - LEAK: (class org.apache.ratis.proto.RaftProtos$AppendEntriesRequestProto, count=3, value=serverRequest {
  requestorId: "s1"
  replyId: "s2"
  raftGroupId {
    id: "\375\210\024\357\262\375HY\244\207Ci\024Gb\025"
  }
  callId: 1
}
leaderTerm: 11
previousLog {
  term: 10
  index: 18
}
entries {
  term: 11
  index: 19
  configurationEntry {
    peers {
      id: "s0"
      address: "localhost:15252"
      dataStreamAddress: "localhost:15255"
      clientAddress: "localhost:15254"
      adminAddress: "localhost:15253"
      startupRole: FOLLOWER
    }
    peers {
      id: "s1"
      address: "localhost:15256"
      dataStreamAddress: "localhost:15259"
      clientAddress: "localhost:15258"
      adminAddress: "localhost:15257"
      startupRole: FOLLOWER
    }
    peers {
      id: "s2"
      address: "localhost:15260"
      dataStreamAddress: "localhost:15263"
      clientAddress: "localhost:15262"
      adminAddress: "localhost:15261"
      startupRole: FOLLOWER
    }
  }
}
leaderCommit: 17
commitInfos {
  server {
    id: "s1"
    address: "localhost:15256"
    dataStreamAddress: "localhost:15259"
    clientAddress: "localhost:15258"
    adminAddress: "localhost:15257"
    startupRole: FOLLOWER
  }
  commitIndex: 17
}
commitInfos {
  server {
    id: "s0"
    address: "localhost:15252"
    dataStreamAddress: "localhost:15255"
    clientAddress: "localhost:15254"
    adminAddress: "localhost:15253"
    startupRole: FOLLOWER
  }
  commitIndex: 17
}
commitInfos {
  server {
    id: "s2"
    address: "localhost:15260"
    dataStreamAddress: "localhost:15263"
    clientAddress: "localhost:15262"
    adminAddress: "localhost:15261"
    startupRole: FOLLOWER
  }
  commitIndex: 16
}
)
2024-10-20 10:47:05,576 [main] WARN  util.ReferenceCountedLeakDetector (ReferenceCountedLeakDetector.java:logLeakMessage(167)) - LEAK: (class org.apache.ratis.proto.RaftProtos$AppendEntriesRequestProto, count=3, value=serverRequest {
  requestorId: "s0"
  replyId: "s2"
  raftGroupId {
    id: "\375\210\024\357\262\375HY\244\207Ci\024Gb\025"
  }
  callId: 1
}
leaderTerm: 10
previousLog {
  term: 9
  index: 16
}
entries {
  term: 10
  index: 17
  configurationEntry {
    peers {
      id: "s0"
      address: "localhost:15252"
      dataStreamAddress: "localhost:15255"
      clientAddress: "localhost:15254"
      adminAddress: "localhost:15253"
      startupRole: FOLLOWER
    }
    peers {
      id: "s1"
      address: "localhost:15256"
      dataStreamAddress: "localhost:15259"
      clientAddress: "localhost:15258"
      adminAddress: "localhost:15257"
      startupRole: FOLLOWER
    }
    peers {
      id: "s2"
      address: "localhost:15260"
      dataStreamAddress: "localhost:15263"
      clientAddress: "localhost:15262"
      adminAddress: "localhost:15261"
      startupRole: FOLLOWER
    }
  }
}
leaderCommit: 16
commitInfos {
  server {
    id: "s0"
    address: "localhost:15252"
    dataStreamAddress: "localhost:15255"
    clientAddress: "localhost:15254"
    adminAddress: "localhost:15253"
    startupRole: FOLLOWER
  }
  commitIndex: 16
}
commitInfos {
  server {
    id: "s1"
    address: "localhost:15256"
    dataStreamAddress: "localhost:15259"
    clientAddress: "localhost:15258"
    adminAddress: "localhost:15257"
    startupRole: FOLLOWER
  }
  commitIndex: 16
}
commitInfos {
  server {
    id: "s2"
    address: "localhost:15260"
    dataStreamAddress: "localhost:15263"
    clientAddress: "localhost:15262"
    adminAddress: "localhost:15261"
    startupRole: FOLLOWER
  }
  commitIndex: 16
}
)
2024-10-20 10:47:05,576 [main] WARN  util.ReferenceCountedLeakDetector (ReferenceCountedLeakDetector.java:logLeakMessage(167)) - LEAK: (class org.apache.ratis.proto.RaftProtos$AppendEntriesRequestProto, count=2, value=serverRequest {
  requestorId: "s1"
  replyId: "s2"
  raftGroupId {
    id: "\375\210\024\357\262\375HY\244\207Ci\024Gb\025"
  }
  callId: 8
}
leaderTerm: 9
previousLog {
  term: 9
  index: 16
}
leaderCommit: 16
commitInfos {
  server {
    id: "s1"
    address: "localhost:15256"
    dataStreamAddress: "localhost:15259"
    clientAddress: "localhost:15258"
    adminAddress: "localhost:15257"
    startupRole: FOLLOWER
  }
  commitIndex: 16
}
commitInfos {
  server {
    id: "s0"
    address: "localhost:15252"
    dataStreamAddress: "localhost:15255"
    clientAddress: "localhost:15254"
    adminAddress: "localhost:15253"
    startupRole: FOLLOWER
  }
  commitIndex: 16
}
commitInfos {
  server {
    id: "s2"
    address: "localhost:15260"
    dataStreamAddress: "localhost:15263"
    clientAddress: "localhost:15262"
    adminAddress: "localhost:15261"
    startupRole: FOLLOWER
  }
  commitIndex: 16
}
)
2024-10-20 10:47:05,576 [main] WARN  util.ReferenceCountedLeakDetector (ReferenceCountedLeakDetector.java:logLeakMessage(167)) - LEAK: (class org.apache.ratis.proto.RaftProtos$AppendEntriesRequestProto, count=2, value=serverRequest {
  requestorId: "s1"
  replyId: "s2"
  raftGroupId {
    id: "\375\210\024\357\262\375HY\244\207Ci\024Gb\025"
  }
}
leaderTerm: 11
previousLog {
  term: 10
  index: 18
}
leaderCommit: 17
commitInfos {
  server {
    id: "s1"
    address: "localhost:15256"
    dataStreamAddress: "localhost:15259"
    clientAddress: "localhost:15258"
    adminAddress: "localhost:15257"
    startupRole: FOLLOWER
  }
  commitIndex: 17
}
commitInfos {
  server {
    id: "s0"
    address: "localhost:15252"
    dataStreamAddress: "localhost:15255"
    clientAddress: "localhost:15254"
    adminAddress: "localhost:15253"
    startupRole: FOLLOWER
  }
  commitIndex: 17
}
commitInfos {
  server {
    id: "s2"
    address: "localhost:15260"
    dataStreamAddress: "localhost:15263"
    clientAddress: "localhost:15262"
    adminAddress: "localhost:15261"
    startupRole: FOLLOWER
  }
  commitIndex: 16
}
)
2024-10-20 10:47:05,576 [main] WARN  util.LeakDetector (LeakDetector.java:assertNoLeaks(171)) - 2/30) numLeaks == 5 > 0, will wait and retry ...
2024-10-20 10:47:06,576 [main] WARN  util.ReferenceCountedLeakDetector (ReferenceCountedLeakDetector.java:logLeakMessage(167)) - LEAK: (class org.apache.ratis.proto.RaftProtos$AppendEntriesRequestProto, count=2, value=serverRequest {
  requestorId: "s0"
  replyId: "s2"
  raftGroupId {
    id: "\375\210\024\357\262\375HY\244\207Ci\024Gb\025"
  }
}
leaderTerm: 10
previousLog {
  term: 9
  index: 16
}
leaderCommit: 16
commitInfos {
  server {
    id: "s0"
    address: "localhost:15252"
    dataStreamAddress: "localhost:15255"
    clientAddress: "localhost:15254"
    adminAddress: "localhost:15253"
    startupRole: FOLLOWER
  }
  commitIndex: 16
}
commitInfos {
  server {
    id: "s1"
    address: "localhost:15256"
    dataStreamAddress: "localhost:15259"
    clientAddress: "localhost:15258"
    adminAddress: "localhost:15257"
    startupRole: FOLLOWER
  }
  commitIndex: 16
}
commitInfos {
  server {
    id: "s2"
    address: "localhost:15260"
    dataStreamAddress: "localhost:15263"
    clientAddress: "localhost:15262"
    adminAddress: "localhost:15261"
    startupRole: FOLLOWER
  }
  commitIndex: 16
}
)
2024-10-20 10:47:06,577 [main] WARN  util.ReferenceCountedLeakDetector (ReferenceCountedLeakDetector.java:logLeakMessage(167)) - LEAK: (class org.apache.ratis.proto.RaftProtos$AppendEntriesRequestProto, count=3, value=serverRequest {
  requestorId: "s1"
  replyId: "s2"
  raftGroupId {
    id: "\375\210\024\357\262\375HY\244\207Ci\024Gb\025"
  }
  callId: 1
}
leaderTerm: 11
previousLog {
  term: 10
  index: 18
}
entries {
  term: 11
  index: 19
  configurationEntry {
    peers {
      id: "s0"
      address: "localhost:15252"
      dataStreamAddress: "localhost:15255"
      clientAddress: "localhost:15254"
      adminAddress: "localhost:15253"
      startupRole: FOLLOWER
    }
    peers {
      id: "s1"
      address: "localhost:15256"
      dataStreamAddress: "localhost:15259"
      clientAddress: "localhost:15258"
      adminAddress: "localhost:15257"
      startupRole: FOLLOWER
    }
    peers {
      id: "s2"
      address: "localhost:15260"
      dataStreamAddress: "localhost:15263"
      clientAddress: "localhost:15262"
      adminAddress: "localhost:15261"
      startupRole: FOLLOWER
    }
  }
}
leaderCommit: 17
commitInfos {
  server {
    id: "s1"
    address: "localhost:15256"
    dataStreamAddress: "localhost:15259"
    clientAddress: "localhost:15258"
    adminAddress: "localhost:15257"
    startupRole: FOLLOWER
  }
  commitIndex: 17
}
commitInfos {
  server {
    id: "s0"
    address: "localhost:15252"
    dataStreamAddress: "localhost:15255"
    clientAddress: "localhost:15254"
    adminAddress: "localhost:15253"
    startupRole: FOLLOWER
  }
  commitIndex: 17
}
commitInfos {
  server {
    id: "s2"
    address: "localhost:15260"
    dataStreamAddress: "localhost:15263"
    clientAddress: "localhost:15262"
    adminAddress: "localhost:15261"
    startupRole: FOLLOWER
  }
  commitIndex: 16
}
)
2024-10-20 10:47:06,577 [main] WARN  util.ReferenceCountedLeakDetector (ReferenceCountedLeakDetector.java:logLeakMessage(167)) - LEAK: (class org.apache.ratis.proto.RaftProtos$AppendEntriesRequestProto, count=3, value=serverRequest {
  requestorId: "s0"
  replyId: "s2"
  raftGroupId {
    id: "\375\210\024\357\262\375HY\244\207Ci\024Gb\025"
  }
  callId: 1
}
leaderTerm: 10
previousLog {
  term: 9
  index: 16
}
entries {
  term: 10
  index: 17
  configurationEntry {
    peers {
      id: "s0"
      address: "localhost:15252"
      dataStreamAddress: "localhost:15255"
      clientAddress: "localhost:15254"
      adminAddress: "localhost:15253"
      startupRole: FOLLOWER
    }
    peers {
      id: "s1"
      address: "localhost:15256"
      dataStreamAddress: "localhost:15259"
      clientAddress: "localhost:15258"
      adminAddress: "localhost:15257"
      startupRole: FOLLOWER
    }
    peers {
      id: "s2"
      address: "localhost:15260"
      dataStreamAddress: "localhost:15263"
      clientAddress: "localhost:15262"
      adminAddress: "localhost:15261"
      startupRole: FOLLOWER
    }
  }
}
leaderCommit: 16
commitInfos {
  server {
    id: "s0"
    address: "localhost:15252"
    dataStreamAddress: "localhost:15255"
    clientAddress: "localhost:15254"
    adminAddress: "localhost:15253"
    startupRole: FOLLOWER
  }
  commitIndex: 16
}
commitInfos {
  server {
    id: "s1"
    address: "localhost:15256"
    dataStreamAddress: "localhost:15259"
    clientAddress: "localhost:15258"
    adminAddress: "localhost:15257"
    startupRole: FOLLOWER
  }
  commitIndex: 16
}
commitInfos {
  server {
    id: "s2"
    address: "localhost:15260"
    dataStreamAddress: "localhost:15263"
    clientAddress: "localhost:15262"
    adminAddress: "localhost:15261"
    startupRole: FOLLOWER
  }
  commitIndex: 16
}
)
2024-10-20 10:47:06,577 [main] WARN  util.ReferenceCountedLeakDetector (ReferenceCountedLeakDetector.java:logLeakMessage(167)) - LEAK: (class org.apache.ratis.proto.RaftProtos$AppendEntriesRequestProto, count=2, value=serverRequest {
  requestorId: "s1"
  replyId: "s2"
  raftGroupId {
    id: "\375\210\024\357\262\375HY\244\207Ci\024Gb\025"
  }
  callId: 8
}
leaderTerm: 9
previousLog {
  term: 9
  index: 16
}
leaderCommit: 16
commitInfos {
  server {
    id: "s1"
    address: "localhost:15256"
    dataStreamAddress: "localhost:15259"
    clientAddress: "localhost:15258"
    adminAddress: "localhost:15257"
    startupRole: FOLLOWER
  }
  commitIndex: 16
}
commitInfos {
  server {
    id: "s0"
    address: "localhost:15252"
    dataStreamAddress: "localhost:15255"
    clientAddress: "localhost:15254"
    adminAddress: "localhost:15253"
    startupRole: FOLLOWER
  }
  commitIndex: 16
}
commitInfos {
  server {
    id: "s2"
    address: "localhost:15260"
    dataStreamAddress: "localhost:15263"
    clientAddress: "localhost:15262"
    adminAddress: "localhost:15261"
    startupRole: FOLLOWER
  }
  commitIndex: 16
}
)
2024-10-20 10:47:06,577 [main] WARN  util.ReferenceCountedLeakDetector (ReferenceCountedLeakDetector.java:logLeakMessage(167)) - LEAK: (class org.apache.ratis.proto.RaftProtos$AppendEntriesRequestProto, count=2, value=serverRequest {
  requestorId: "s1"
  replyId: "s2"
  raftGroupId {
    id: "\375\210\024\357\262\375HY\244\207Ci\024Gb\025"
  }
}
leaderTerm: 11
previousLog {
  term: 10
  index: 18
}
leaderCommit: 17
commitInfos {
  server {
    id: "s1"
    address: "localhost:15256"
    dataStreamAddress: "localhost:15259"
    clientAddress: "localhost:15258"
    adminAddress: "localhost:15257"
    startupRole: FOLLOWER
  }
  commitIndex: 17
}
commitInfos {
  server {
    id: "s0"
    address: "localhost:15252"
    dataStreamAddress: "localhost:15255"
    clientAddress: "localhost:15254"
    adminAddress: "localhost:15253"
    startupRole: FOLLOWER
  }
  commitIndex: 17
}
commitInfos {
  server {
    id: "s2"
    address: "localhost:15260"
    dataStreamAddress: "localhost:15263"
    clientAddress: "localhost:15262"
    adminAddress: "localhost:15261"
    startupRole: FOLLOWER
  }
  commitIndex: 16
}
)
2024-10-20 10:47:06,577 [main] WARN  util.LeakDetector (LeakDetector.java:assertNoLeaks(171)) - 3/30) numLeaks == 5 > 0, will wait and retry ...
2024-10-20 10:47:07,577 [main] WARN  util.ReferenceCountedLeakDetector (ReferenceCountedLeakDetector.java:logLeakMessage(167)) - LEAK: (class org.apache.ratis.proto.RaftProtos$AppendEntriesRequestProto, count=2, value=serverRequest {
  requestorId: "s0"
  replyId: "s2"
  raftGroupId {
    id: "\375\210\024\357\262\375HY\244\207Ci\024Gb\025"
  }
}
leaderTerm: 10
previousLog {
  term: 9
  index: 16
}
leaderCommit: 16
commitInfos {
  server {
    id: "s0"
    address: "localhost:15252"
    dataStreamAddress: "localhost:15255"
    clientAddress: "localhost:15254"
    adminAddress: "localhost:15253"
    startupRole: FOLLOWER
  }
  commitIndex: 16
}
commitInfos {
  server {
    id: "s1"
    address: "localhost:15256"
    dataStreamAddress: "localhost:15259"
    clientAddress: "localhost:15258"
    adminAddress: "localhost:15257"
    startupRole: FOLLOWER
  }
  commitIndex: 16
}
commitInfos {
  server {
    id: "s2"
    address: "localhost:15260"
    dataStreamAddress: "localhost:15263"
    clientAddress: "localhost:15262"
    adminAddress: "localhost:15261"
    startupRole: FOLLOWER
  }
  commitIndex: 16
}
)
2024-10-20 10:47:07,578 [main] WARN  util.ReferenceCountedLeakDetector (ReferenceCountedLeakDetector.java:logLeakMessage(167)) - LEAK: (class org.apache.ratis.proto.RaftProtos$AppendEntriesRequestProto, count=3, value=serverRequest {
  requestorId: "s1"
  replyId: "s2"
  raftGroupId {
    id: "\375\210\024\357\262\375HY\244\207Ci\024Gb\025"
  }
  callId: 1
}
leaderTerm: 11
previousLog {
  term: 10
  index: 18
}
entries {
  term: 11
  index: 19
  configurationEntry {
    peers {
      id: "s0"
      address: "localhost:15252"
      dataStreamAddress: "localhost:15255"
      clientAddress: "localhost:15254"
      adminAddress: "localhost:15253"
      startupRole: FOLLOWER
    }
    peers {
      id: "s1"
      address: "localhost:15256"
      dataStreamAddress: "localhost:15259"
      clientAddress: "localhost:15258"
      adminAddress: "localhost:15257"
      startupRole: FOLLOWER
    }
    peers {
      id: "s2"
      address: "localhost:15260"
      dataStreamAddress: "localhost:15263"
      clientAddress: "localhost:15262"
      adminAddress: "localhost:15261"
      startupRole: FOLLOWER
    }
  }
}
leaderCommit: 17
commitInfos {
  server {
    id: "s1"
    address: "localhost:15256"
    dataStreamAddress: "localhost:15259"
    clientAddress: "localhost:15258"
    adminAddress: "localhost:15257"
    startupRole: FOLLOWER
  }
  commitIndex: 17
}
commitInfos {
  server {
    id: "s0"
    address: "localhost:15252"
    dataStreamAddress: "localhost:15255"
    clientAddress: "localhost:15254"
    adminAddress: "localhost:15253"
    startupRole: FOLLOWER
  }
  commitIndex: 17
}
commitInfos {
  server {
    id: "s2"
    address: "localhost:15260"
    dataStreamAddress: "localhost:15263"
    clientAddress: "localhost:15262"
    adminAddress: "localhost:15261"
    startupRole: FOLLOWER
  }
  commitIndex: 16
}
)
2024-10-20 10:47:07,578 [main] WARN  util.ReferenceCountedLeakDetector (ReferenceCountedLeakDetector.java:logLeakMessage(167)) - LEAK: (class org.apache.ratis.proto.RaftProtos$AppendEntriesRequestProto, count=3, value=serverRequest {
  requestorId: "s0"
  replyId: "s2"
  raftGroupId {
    id: "\375\210\024\357\262\375HY\244\207Ci\024Gb\025"
  }
  callId: 1
}
leaderTerm: 10
previousLog {
  term: 9
  index: 16
}
entries {
  term: 10
  index: 17
  configurationEntry {
    peers {
      id: "s0"
      address: "localhost:15252"
      dataStreamAddress: "localhost:15255"
      clientAddress: "localhost:15254"
      adminAddress: "localhost:15253"
      startupRole: FOLLOWER
    }
    peers {
      id: "s1"
      address: "localhost:15256"
      dataStreamAddress: "localhost:15259"
      clientAddress: "localhost:15258"
      adminAddress: "localhost:15257"
      startupRole: FOLLOWER
    }
    peers {
      id: "s2"
      address: "localhost:15260"
      dataStreamAddress: "localhost:15263"
      clientAddress: "localhost:15262"
      adminAddress: "localhost:15261"
      startupRole: FOLLOWER
    }
  }
}
leaderCommit: 16
commitInfos {
  server {
    id: "s0"
    address: "localhost:15252"
    dataStreamAddress: "localhost:15255"
    clientAddress: "localhost:15254"
    adminAddress: "localhost:15253"
    startupRole: FOLLOWER
  }
  commitIndex: 16
}
commitInfos {
  server {
    id: "s1"
    address: "localhost:15256"
    dataStreamAddress: "localhost:15259"
    clientAddress: "localhost:15258"
    adminAddress: "localhost:15257"
    startupRole: FOLLOWER
  }
  commitIndex: 16
}
commitInfos {
  server {
    id: "s2"
    address: "localhost:15260"
    dataStreamAddress: "localhost:15263"
    clientAddress: "localhost:15262"
    adminAddress: "localhost:15261"
    startupRole: FOLLOWER
  }
  commitIndex: 16
}
)
2024-10-20 10:47:07,578 [main] WARN  util.ReferenceCountedLeakDetector (ReferenceCountedLeakDetector.java:logLeakMessage(167)) - LEAK: (class org.apache.ratis.proto.RaftProtos$AppendEntriesRequestProto, count=2, value=serverRequest {
  requestorId: "s1"
  replyId: "s2"
  raftGroupId {
    id: "\375\210\024\357\262\375HY\244\207Ci\024Gb\025"
  }
  callId: 8
}
leaderTerm: 9
previousLog {
  term: 9
  index: 16
}
leaderCommit: 16
commitInfos {
  server {
    id: "s1"
    address: "localhost:15256"
    dataStreamAddress: "localhost:15259"
    clientAddress: "localhost:15258"
    adminAddress: "localhost:15257"
    startupRole: FOLLOWER
  }
  commitIndex: 16
}
commitInfos {
  server {
    id: "s0"
    address: "localhost:15252"
    dataStreamAddress: "localhost:15255"
    clientAddress: "localhost:15254"
    adminAddress: "localhost:15253"
    startupRole: FOLLOWER
  }
  commitIndex: 16
}
commitInfos {
  server {
    id: "s2"
    address: "localhost:15260"
    dataStreamAddress: "localhost:15263"
    clientAddress: "localhost:15262"
    adminAddress: "localhost:15261"
    startupRole: FOLLOWER
  }
  commitIndex: 16
}
)
2024-10-20 10:47:07,578 [main] WARN  util.ReferenceCountedLeakDetector (ReferenceCountedLeakDetector.java:logLeakMessage(167)) - LEAK: (class org.apache.ratis.proto.RaftProtos$AppendEntriesRequestProto, count=2, value=serverRequest {
  requestorId: "s1"
  replyId: "s2"
  raftGroupId {
    id: "\375\210\024\357\262\375HY\244\207Ci\024Gb\025"
  }
}
leaderTerm: 11
previousLog {
  term: 10
  index: 18
}
leaderCommit: 17
commitInfos {
  server {
    id: "s1"
    address: "localhost:15256"
    dataStreamAddress: "localhost:15259"
    clientAddress: "localhost:15258"
    adminAddress: "localhost:15257"
    startupRole: FOLLOWER
  }
  commitIndex: 17
}
commitInfos {
  server {
    id: "s0"
    address: "localhost:15252"
    dataStreamAddress: "localhost:15255"
    clientAddress: "localhost:15254"
    adminAddress: "localhost:15253"
    startupRole: FOLLOWER
  }
  commitIndex: 17
}
commitInfos {
  server {
    id: "s2"
    address: "localhost:15260"
    dataStreamAddress: "localhost:15263"
    clientAddress: "localhost:15262"
    adminAddress: "localhost:15261"
    startupRole: FOLLOWER
  }
  commitIndex: 16
}
)
2024-10-20 10:47:07,578 [main] WARN  util.LeakDetector (LeakDetector.java:assertNoLeaks(171)) - 4/30) numLeaks == 5 > 0, will wait and retry ...
2024-10-20 10:47:08,578 [main] WARN  util.ReferenceCountedLeakDetector (ReferenceCountedLeakDetector.java:logLeakMessage(167)) - LEAK: (class org.apache.ratis.proto.RaftProtos$AppendEntriesRequestProto, count=2, value=serverRequest {
  requestorId: "s0"
  replyId: "s2"
  raftGroupId {
    id: "\375\210\024\357\262\375HY\244\207Ci\024Gb\025"
  }
}
leaderTerm: 10
previousLog {
  term: 9
  index: 16
}
leaderCommit: 16
commitInfos {
  server {
    id: "s0"
    address: "localhost:15252"
    dataStreamAddress: "localhost:15255"
    clientAddress: "localhost:15254"
    adminAddress: "localhost:15253"
    startupRole: FOLLOWER
  }
  commitIndex: 16
}
commitInfos {
  server {
    id: "s1"
    address: "localhost:15256"
    dataStreamAddress: "localhost:15259"
    clientAddress: "localhost:15258"
    adminAddress: "localhost:15257"
    startupRole: FOLLOWER
  }
  commitIndex: 16
}
commitInfos {
  server {
    id: "s2"
    address: "localhost:15260"
    dataStreamAddress: "localhost:15263"
    clientAddress: "localhost:15262"
    adminAddress: "localhost:15261"
    startupRole: FOLLOWER
  }
  commitIndex: 16
}
)
2024-10-20 10:47:08,579 [main] WARN  util.ReferenceCountedLeakDetector (ReferenceCountedLeakDetector.java:logLeakMessage(167)) - LEAK: (class org.apache.ratis.proto.RaftProtos$AppendEntriesRequestProto, count=3, value=serverRequest {
  requestorId: "s1"
  replyId: "s2"
  raftGroupId {
    id: "\375\210\024\357\262\375HY\244\207Ci\024Gb\025"
  }
  callId: 1
}
leaderTerm: 11
previousLog {
  term: 10
  index: 18
}
entries {
  term: 11
  index: 19
  configurationEntry {
    peers {
      id: "s0"
      address: "localhost:15252"
      dataStreamAddress: "localhost:15255"
      clientAddress: "localhost:15254"
      adminAddress: "localhost:15253"
      startupRole: FOLLOWER
    }
    peers {
      id: "s1"
      address: "localhost:15256"
      dataStreamAddress: "localhost:15259"
      clientAddress: "localhost:15258"
      adminAddress: "localhost:15257"
      startupRole: FOLLOWER
    }
    peers {
      id: "s2"
      address: "localhost:15260"
      dataStreamAddress: "localhost:15263"
      clientAddress: "localhost:15262"
      adminAddress: "localhost:15261"
      startupRole: FOLLOWER
    }
  }
}
leaderCommit: 17
commitInfos {
  server {
    id: "s1"
    address: "localhost:15256"
    dataStreamAddress: "localhost:15259"
    clientAddress: "localhost:15258"
    adminAddress: "localhost:15257"
    startupRole: FOLLOWER
  }
  commitIndex: 17
}
commitInfos {
  server {
    id: "s0"
    address: "localhost:15252"
    dataStreamAddress: "localhost:15255"
    clientAddress: "localhost:15254"
    adminAddress: "localhost:15253"
    startupRole: FOLLOWER
  }
  commitIndex: 17
}
commitInfos {
  server {
    id: "s2"
    address: "localhost:15260"
    dataStreamAddress: "localhost:15263"
    clientAddress: "localhost:15262"
    adminAddress: "localhost:15261"
    startupRole: FOLLOWER
  }
  commitIndex: 16
}
)
2024-10-20 10:47:08,579 [main] WARN  util.ReferenceCountedLeakDetector (ReferenceCountedLeakDetector.java:logLeakMessage(167)) - LEAK: (class org.apache.ratis.proto.RaftProtos$AppendEntriesRequestProto, count=3, value=serverRequest {
  requestorId: "s0"
  replyId: "s2"
  raftGroupId {
    id: "\375\210\024\357\262\375HY\244\207Ci\024Gb\025"
  }
  callId: 1
}
leaderTerm: 10
previousLog {
  term: 9
  index: 16
}
entries {
  term: 10
  index: 17
  configurationEntry {
    peers {
      id: "s0"
      address: "localhost:15252"
      dataStreamAddress: "localhost:15255"
      clientAddress: "localhost:15254"
      adminAddress: "localhost:15253"
      startupRole: FOLLOWER
    }
    peers {
      id: "s1"
      address: "localhost:15256"
      dataStreamAddress: "localhost:15259"
      clientAddress: "localhost:15258"
      adminAddress: "localhost:15257"
      startupRole: FOLLOWER
    }
    peers {
      id: "s2"
      address: "localhost:15260"
      dataStreamAddress: "localhost:15263"
      clientAddress: "localhost:15262"
      adminAddress: "localhost:15261"
      startupRole: FOLLOWER
    }
  }
}
leaderCommit: 16
commitInfos {
  server {
    id: "s0"
    address: "localhost:15252"
    dataStreamAddress: "localhost:15255"
    clientAddress: "localhost:15254"
    adminAddress: "localhost:15253"
    startupRole: FOLLOWER
  }
  commitIndex: 16
}
commitInfos {
  server {
    id: "s1"
    address: "localhost:15256"
    dataStreamAddress: "localhost:15259"
    clientAddress: "localhost:15258"
    adminAddress: "localhost:15257"
    startupRole: FOLLOWER
  }
  commitIndex: 16
}
commitInfos {
  server {
    id: "s2"
    address: "localhost:15260"
    dataStreamAddress: "localhost:15263"
    clientAddress: "localhost:15262"
    adminAddress: "localhost:15261"
    startupRole: FOLLOWER
  }
  commitIndex: 16
}
)
2024-10-20 10:47:08,579 [main] WARN  util.ReferenceCountedLeakDetector (ReferenceCountedLeakDetector.java:logLeakMessage(167)) - LEAK: (class org.apache.ratis.proto.RaftProtos$AppendEntriesRequestProto, count=2, value=serverRequest {
  requestorId: "s1"
  replyId: "s2"
  raftGroupId {
    id: "\375\210\024\357\262\375HY\244\207Ci\024Gb\025"
  }
  callId: 8
}
leaderTerm: 9
previousLog {
  term: 9
  index: 16
}
leaderCommit: 16
commitInfos {
  server {
    id: "s1"
    address: "localhost:15256"
    dataStreamAddress: "localhost:15259"
    clientAddress: "localhost:15258"
    adminAddress: "localhost:15257"
    startupRole: FOLLOWER
  }
  commitIndex: 16
}
commitInfos {
  server {
    id: "s0"
    address: "localhost:15252"
    dataStreamAddress: "localhost:15255"
    clientAddress: "localhost:15254"
    adminAddress: "localhost:15253"
    startupRole: FOLLOWER
  }
  commitIndex: 16
}
commitInfos {
  server {
    id: "s2"
    address: "localhost:15260"
    dataStreamAddress: "localhost:15263"
    clientAddress: "localhost:15262"
    adminAddress: "localhost:15261"
    startupRole: FOLLOWER
  }
  commitIndex: 16
}
)
2024-10-20 10:47:08,579 [main] WARN  util.ReferenceCountedLeakDetector (ReferenceCountedLeakDetector.java:logLeakMessage(167)) - LEAK: (class org.apache.ratis.proto.RaftProtos$AppendEntriesRequestProto, count=2, value=serverRequest {
  requestorId: "s1"
  replyId: "s2"
  raftGroupId {
    id: "\375\210\024\357\262\375HY\244\207Ci\024Gb\025"
  }
}
leaderTerm: 11
previousLog {
  term: 10
  index: 18
}
leaderCommit: 17
commitInfos {
  server {
    id: "s1"
    address: "localhost:15256"
    dataStreamAddress: "localhost:15259"
    clientAddress: "localhost:15258"
    adminAddress: "localhost:15257"
    startupRole: FOLLOWER
  }
  commitIndex: 17
}
commitInfos {
  server {
    id: "s0"
    address: "localhost:15252"
    dataStreamAddress: "localhost:15255"
    clientAddress: "localhost:15254"
    adminAddress: "localhost:15253"
    startupRole: FOLLOWER
  }
  commitIndex: 17
}
commitInfos {
  server {
    id: "s2"
    address: "localhost:15260"
    dataStreamAddress: "localhost:15263"
    clientAddress: "localhost:15262"
    adminAddress: "localhost:15261"
    startupRole: FOLLOWER
  }
  commitIndex: 16
}
)
2024-10-20 10:47:08,579 [main] WARN  util.LeakDetector (LeakDetector.java:assertNoLeaks(171)) - 5/30) numLeaks == 5 > 0, will wait and retry ...
2024-10-20 10:47:09,580 [main] WARN  util.ReferenceCountedLeakDetector (ReferenceCountedLeakDetector.java:logLeakMessage(167)) - LEAK: (class org.apache.ratis.proto.RaftProtos$AppendEntriesRequestProto, count=2, value=serverRequest {
  requestorId: "s0"
  replyId: "s2"
  raftGroupId {
    id: "\375\210\024\357\262\375HY\244\207Ci\024Gb\025"
  }
}
leaderTerm: 10
previousLog {
  term: 9
  index: 16
}
leaderCommit: 16
commitInfos {
  server {
    id: "s0"
    address: "localhost:15252"
    dataStreamAddress: "localhost:15255"
    clientAddress: "localhost:15254"
    adminAddress: "localhost:15253"
    startupRole: FOLLOWER
  }
  commitIndex: 16
}
commitInfos {
  server {
    id: "s1"
    address: "localhost:15256"
    dataStreamAddress: "localhost:15259"
    clientAddress: "localhost:15258"
    adminAddress: "localhost:15257"
    startupRole: FOLLOWER
  }
  commitIndex: 16
}
commitInfos {
  server {
    id: "s2"
    address: "localhost:15260"
    dataStreamAddress: "localhost:15263"
    clientAddress: "localhost:15262"
    adminAddress: "localhost:15261"
    startupRole: FOLLOWER
  }
  commitIndex: 16
}
)
2024-10-20 10:47:09,580 [main] WARN  util.ReferenceCountedLeakDetector (ReferenceCountedLeakDetector.java:logLeakMessage(167)) - LEAK: (class org.apache.ratis.proto.RaftProtos$AppendEntriesRequestProto, count=3, value=serverRequest {
  requestorId: "s1"
  replyId: "s2"
  raftGroupId {
    id: "\375\210\024\357\262\375HY\244\207Ci\024Gb\025"
  }
  callId: 1
}
leaderTerm: 11
previousLog {
  term: 10
  index: 18
}
entries {
  term: 11
  index: 19
  configurationEntry {
    peers {
      id: "s0"
      address: "localhost:15252"
      dataStreamAddress: "localhost:15255"
      clientAddress: "localhost:15254"
      adminAddress: "localhost:15253"
      startupRole: FOLLOWER
    }
    peers {
      id: "s1"
      address: "localhost:15256"
      dataStreamAddress: "localhost:15259"
      clientAddress: "localhost:15258"
      adminAddress: "localhost:15257"
      startupRole: FOLLOWER
    }
    peers {
      id: "s2"
      address: "localhost:15260"
      dataStreamAddress: "localhost:15263"
      clientAddress: "localhost:15262"
      adminAddress: "localhost:15261"
      startupRole: FOLLOWER
    }
  }
}
leaderCommit: 17
commitInfos {
  server {
    id: "s1"
    address: "localhost:15256"
    dataStreamAddress: "localhost:15259"
    clientAddress: "localhost:15258"
    adminAddress: "localhost:15257"
    startupRole: FOLLOWER
  }
  commitIndex: 17
}
commitInfos {
  server {
    id: "s0"
    address: "localhost:15252"
    dataStreamAddress: "localhost:15255"
    clientAddress: "localhost:15254"
    adminAddress: "localhost:15253"
    startupRole: FOLLOWER
  }
  commitIndex: 17
}
commitInfos {
  server {
    id: "s2"
    address: "localhost:15260"
    dataStreamAddress: "localhost:15263"
    clientAddress: "localhost:15262"
    adminAddress: "localhost:15261"
    startupRole: FOLLOWER
  }
  commitIndex: 16
}
)
2024-10-20 10:47:09,580 [main] WARN  util.ReferenceCountedLeakDetector (ReferenceCountedLeakDetector.java:logLeakMessage(167)) - LEAK: (class org.apache.ratis.proto.RaftProtos$AppendEntriesRequestProto, count=3, value=serverRequest {
  requestorId: "s0"
  replyId: "s2"
  raftGroupId {
    id: "\375\210\024\357\262\375HY\244\207Ci\024Gb\025"
  }
  callId: 1
}
leaderTerm: 10
previousLog {
  term: 9
  index: 16
}
entries {
  term: 10
  index: 17
  configurationEntry {
    peers {
      id: "s0"
      address: "localhost:15252"
      dataStreamAddress: "localhost:15255"
      clientAddress: "localhost:15254"
      adminAddress: "localhost:15253"
      startupRole: FOLLOWER
    }
    peers {
      id: "s1"
      address: "localhost:15256"
      dataStreamAddress: "localhost:15259"
      clientAddress: "localhost:15258"
      adminAddress: "localhost:15257"
      startupRole: FOLLOWER
    }
    peers {
      id: "s2"
      address: "localhost:15260"
      dataStreamAddress: "localhost:15263"
      clientAddress: "localhost:15262"
      adminAddress: "localhost:15261"
      startupRole: FOLLOWER
    }
  }
}
leaderCommit: 16
commitInfos {
  server {
    id: "s0"
    address: "localhost:15252"
    dataStreamAddress: "localhost:15255"
    clientAddress: "localhost:15254"
    adminAddress: "localhost:15253"
    startupRole: FOLLOWER
  }
  commitIndex: 16
}
commitInfos {
  server {
    id: "s1"
    address: "localhost:15256"
    dataStreamAddress: "localhost:15259"
    clientAddress: "localhost:15258"
    adminAddress: "localhost:15257"
    startupRole: FOLLOWER
  }
  commitIndex: 16
}
commitInfos {
  server {
    id: "s2"
    address: "localhost:15260"
    dataStreamAddress: "localhost:15263"
    clientAddress: "localhost:15262"
    adminAddress: "localhost:15261"
    startupRole: FOLLOWER
  }
  commitIndex: 16
}
)
2024-10-20 10:47:09,580 [main] WARN  util.ReferenceCountedLeakDetector (ReferenceCountedLeakDetector.java:logLeakMessage(167)) - LEAK: (class org.apache.ratis.proto.RaftProtos$AppendEntriesRequestProto, count=2, value=serverRequest {
  requestorId: "s1"
  replyId: "s2"
  raftGroupId {
    id: "\375\210\024\357\262\375HY\244\207Ci\024Gb\025"
  }
  callId: 8
}
leaderTerm: 9
previousLog {
  term: 9
  index: 16
}
leaderCommit: 16
commitInfos {
  server {
    id: "s1"
    address: "localhost:15256"
    dataStreamAddress: "localhost:15259"
    clientAddress: "localhost:15258"
    adminAddress: "localhost:15257"
    startupRole: FOLLOWER
  }
  commitIndex: 16
}
commitInfos {
  server {
    id: "s0"
    address: "localhost:15252"
    dataStreamAddress: "localhost:15255"
    clientAddress: "localhost:15254"
    adminAddress: "localhost:15253"
    startupRole: FOLLOWER
  }
  commitIndex: 16
}
commitInfos {
  server {
    id: "s2"
    address: "localhost:15260"
    dataStreamAddress: "localhost:15263"
    clientAddress: "localhost:15262"
    adminAddress: "localhost:15261"
    startupRole: FOLLOWER
  }
  commitIndex: 16
}
)
2024-10-20 10:47:09,580 [main] WARN  util.ReferenceCountedLeakDetector (ReferenceCountedLeakDetector.java:logLeakMessage(167)) - LEAK: (class org.apache.ratis.proto.RaftProtos$AppendEntriesRequestProto, count=2, value=serverRequest {
  requestorId: "s1"
  replyId: "s2"
  raftGroupId {
    id: "\375\210\024\357\262\375HY\244\207Ci\024Gb\025"
  }
}
leaderTerm: 11
previousLog {
  term: 10
  index: 18
}
leaderCommit: 17
commitInfos {
  server {
    id: "s1"
    address: "localhost:15256"
    dataStreamAddress: "localhost:15259"
    clientAddress: "localhost:15258"
    adminAddress: "localhost:15257"
    startupRole: FOLLOWER
  }
  commitIndex: 17
}
commitInfos {
  server {
    id: "s0"
    address: "localhost:15252"
    dataStreamAddress: "localhost:15255"
    clientAddress: "localhost:15254"
    adminAddress: "localhost:15253"
    startupRole: FOLLOWER
  }
  commitIndex: 17
}
commitInfos {
  server {
    id: "s2"
    address: "localhost:15260"
    dataStreamAddress: "localhost:15263"
    clientAddress: "localhost:15262"
    adminAddress: "localhost:15261"
    startupRole: FOLLOWER
  }
  commitIndex: 16
}
)
2024-10-20 10:47:09,580 [main] WARN  util.LeakDetector (LeakDetector.java:assertNoLeaks(171)) - 6/30) numLeaks == 5 > 0, will wait and retry ...
2024-10-20 10:47:10,581 [main] WARN  util.ReferenceCountedLeakDetector (ReferenceCountedLeakDetector.java:logLeakMessage(167)) - LEAK: (class org.apache.ratis.proto.RaftProtos$AppendEntriesRequestProto, count=2, value=serverRequest {
  requestorId: "s0"
  replyId: "s2"
  raftGroupId {
    id: "\375\210\024\357\262\375HY\244\207Ci\024Gb\025"
  }
}
leaderTerm: 10
previousLog {
  term: 9
  index: 16
}
leaderCommit: 16
commitInfos {
  server {
    id: "s0"
    address: "localhost:15252"
    dataStreamAddress: "localhost:15255"
    clientAddress: "localhost:15254"
    adminAddress: "localhost:15253"
    startupRole: FOLLOWER
  }
  commitIndex: 16
}
commitInfos {
  server {
    id: "s1"
    address: "localhost:15256"
    dataStreamAddress: "localhost:15259"
    clientAddress: "localhost:15258"
    adminAddress: "localhost:15257"
    startupRole: FOLLOWER
  }
  commitIndex: 16
}
commitInfos {
  server {
    id: "s2"
    address: "localhost:15260"
    dataStreamAddress: "localhost:15263"
    clientAddress: "localhost:15262"
    adminAddress: "localhost:15261"
    startupRole: FOLLOWER
  }
  commitIndex: 16
}
)
2024-10-20 10:47:10,581 [main] WARN  util.ReferenceCountedLeakDetector (ReferenceCountedLeakDetector.java:logLeakMessage(167)) - LEAK: (class org.apache.ratis.proto.RaftProtos$AppendEntriesRequestProto, count=3, value=serverRequest {
  requestorId: "s1"
  replyId: "s2"
  raftGroupId {
    id: "\375\210\024\357\262\375HY\244\207Ci\024Gb\025"
  }
  callId: 1
}
leaderTerm: 11
previousLog {
  term: 10
  index: 18
}
entries {
  term: 11
  index: 19
  configurationEntry {
    peers {
      id: "s0"
      address: "localhost:15252"
      dataStreamAddress: "localhost:15255"
      clientAddress: "localhost:15254"
      adminAddress: "localhost:15253"
      startupRole: FOLLOWER
    }
    peers {
      id: "s1"
      address: "localhost:15256"
      dataStreamAddress: "localhost:15259"
      clientAddress: "localhost:15258"
      adminAddress: "localhost:15257"
      startupRole: FOLLOWER
    }
    peers {
      id: "s2"
      address: "localhost:15260"
      dataStreamAddress: "localhost:15263"
      clientAddress: "localhost:15262"
      adminAddress: "localhost:15261"
      startupRole: FOLLOWER
    }
  }
}
leaderCommit: 17
commitInfos {
  server {
    id: "s1"
    address: "localhost:15256"
    dataStreamAddress: "localhost:15259"
    clientAddress: "localhost:15258"
    adminAddress: "localhost:15257"
    startupRole: FOLLOWER
  }
  commitIndex: 17
}
commitInfos {
  server {
    id: "s0"
    address: "localhost:15252"
    dataStreamAddress: "localhost:15255"
    clientAddress: "localhost:15254"
    adminAddress: "localhost:15253"
    startupRole: FOLLOWER
  }
  commitIndex: 17
}
commitInfos {
  server {
    id: "s2"
    address: "localhost:15260"
    dataStreamAddress: "localhost:15263"
    clientAddress: "localhost:15262"
    adminAddress: "localhost:15261"
    startupRole: FOLLOWER
  }
  commitIndex: 16
}
)
2024-10-20 10:47:10,581 [main] WARN  util.ReferenceCountedLeakDetector (ReferenceCountedLeakDetector.java:logLeakMessage(167)) - LEAK: (class org.apache.ratis.proto.RaftProtos$AppendEntriesRequestProto, count=3, value=serverRequest {
  requestorId: "s0"
  replyId: "s2"
  raftGroupId {
    id: "\375\210\024\357\262\375HY\244\207Ci\024Gb\025"
  }
  callId: 1
}
leaderTerm: 10
previousLog {
  term: 9
  index: 16
}
entries {
  term: 10
  index: 17
  configurationEntry {
    peers {
      id: "s0"
      address: "localhost:15252"
      dataStreamAddress: "localhost:15255"
      clientAddress: "localhost:15254"
      adminAddress: "localhost:15253"
      startupRole: FOLLOWER
    }
    peers {
      id: "s1"
      address: "localhost:15256"
      dataStreamAddress: "localhost:15259"
      clientAddress: "localhost:15258"
      adminAddress: "localhost:15257"
      startupRole: FOLLOWER
    }
    peers {
      id: "s2"
      address: "localhost:15260"
      dataStreamAddress: "localhost:15263"
      clientAddress: "localhost:15262"
      adminAddress: "localhost:15261"
      startupRole: FOLLOWER
    }
  }
}
leaderCommit: 16
commitInfos {
  server {
    id: "s0"
    address: "localhost:15252"
    dataStreamAddress: "localhost:15255"
    clientAddress: "localhost:15254"
    adminAddress: "localhost:15253"
    startupRole: FOLLOWER
  }
  commitIndex: 16
}
commitInfos {
  server {
    id: "s1"
    address: "localhost:15256"
    dataStreamAddress: "localhost:15259"
    clientAddress: "localhost:15258"
    adminAddress: "localhost:15257"
    startupRole: FOLLOWER
  }
  commitIndex: 16
}
commitInfos {
  server {
    id: "s2"
    address: "localhost:15260"
    dataStreamAddress: "localhost:15263"
    clientAddress: "localhost:15262"
    adminAddress: "localhost:15261"
    startupRole: FOLLOWER
  }
  commitIndex: 16
}
)
2024-10-20 10:47:10,581 [main] WARN  util.ReferenceCountedLeakDetector (ReferenceCountedLeakDetector.java:logLeakMessage(167)) - LEAK: (class org.apache.ratis.proto.RaftProtos$AppendEntriesRequestProto, count=2, value=serverRequest {
  requestorId: "s1"
  replyId: "s2"
  raftGroupId {
    id: "\375\210\024\357\262\375HY\244\207Ci\024Gb\025"
  }
  callId: 8
}
leaderTerm: 9
previousLog {
  term: 9
  index: 16
}
leaderCommit: 16
commitInfos {
  server {
    id: "s1"
    address: "localhost:15256"
    dataStreamAddress: "localhost:15259"
    clientAddress: "localhost:15258"
    adminAddress: "localhost:15257"
    startupRole: FOLLOWER
  }
  commitIndex: 16
}
commitInfos {
  server {
    id: "s0"
    address: "localhost:15252"
    dataStreamAddress: "localhost:15255"
    clientAddress: "localhost:15254"
    adminAddress: "localhost:15253"
    startupRole: FOLLOWER
  }
  commitIndex: 16
}
commitInfos {
  server {
    id: "s2"
    address: "localhost:15260"
    dataStreamAddress: "localhost:15263"
    clientAddress: "localhost:15262"
    adminAddress: "localhost:15261"
    startupRole: FOLLOWER
  }
  commitIndex: 16
}
)
2024-10-20 10:47:10,581 [main] WARN  util.ReferenceCountedLeakDetector (ReferenceCountedLeakDetector.java:logLeakMessage(167)) - LEAK: (class org.apache.ratis.proto.RaftProtos$AppendEntriesRequestProto, count=2, value=serverRequest {
  requestorId: "s1"
  replyId: "s2"
  raftGroupId {
    id: "\375\210\024\357\262\375HY\244\207Ci\024Gb\025"
  }
}
leaderTerm: 11
previousLog {
  term: 10
  index: 18
}
leaderCommit: 17
commitInfos {
  server {
    id: "s1"
    address: "localhost:15256"
    dataStreamAddress: "localhost:15259"
    clientAddress: "localhost:15258"
    adminAddress: "localhost:15257"
    startupRole: FOLLOWER
  }
  commitIndex: 17
}
commitInfos {
  server {
    id: "s0"
    address: "localhost:15252"
    dataStreamAddress: "localhost:15255"
    clientAddress: "localhost:15254"
    adminAddress: "localhost:15253"
    startupRole: FOLLOWER
  }
  commitIndex: 17
}
commitInfos {
  server {
    id: "s2"
    address: "localhost:15260"
    dataStreamAddress: "localhost:15263"
    clientAddress: "localhost:15262"
    adminAddress: "localhost:15261"
    startupRole: FOLLOWER
  }
  commitIndex: 16
}
)
2024-10-20 10:47:10,582 [main] WARN  util.LeakDetector (LeakDetector.java:assertNoLeaks(171)) - 7/30) numLeaks == 5 > 0, will wait and retry ...
2024-10-20 10:47:11,582 [main] WARN  util.ReferenceCountedLeakDetector (ReferenceCountedLeakDetector.java:logLeakMessage(167)) - LEAK: (class org.apache.ratis.proto.RaftProtos$AppendEntriesRequestProto, count=2, value=serverRequest {
  requestorId: "s0"
  replyId: "s2"
  raftGroupId {
    id: "\375\210\024\357\262\375HY\244\207Ci\024Gb\025"
  }
}
leaderTerm: 10
previousLog {
  term: 9
  index: 16
}
leaderCommit: 16
commitInfos {
  server {
    id: "s0"
    address: "localhost:15252"
    dataStreamAddress: "localhost:15255"
    clientAddress: "localhost:15254"
    adminAddress: "localhost:15253"
    startupRole: FOLLOWER
  }
  commitIndex: 16
}
commitInfos {
  server {
    id: "s1"
    address: "localhost:15256"
    dataStreamAddress: "localhost:15259"
    clientAddress: "localhost:15258"
    adminAddress: "localhost:15257"
    startupRole: FOLLOWER
  }
  commitIndex: 16
}
commitInfos {
  server {
    id: "s2"
    address: "localhost:15260"
    dataStreamAddress: "localhost:15263"
    clientAddress: "localhost:15262"
    adminAddress: "localhost:15261"
    startupRole: FOLLOWER
  }
  commitIndex: 16
}
)
2024-10-20 10:47:11,582 [main] WARN  util.ReferenceCountedLeakDetector (ReferenceCountedLeakDetector.java:logLeakMessage(167)) - LEAK: (class org.apache.ratis.proto.RaftProtos$AppendEntriesRequestProto, count=3, value=serverRequest {
  requestorId: "s1"
  replyId: "s2"
  raftGroupId {
    id: "\375\210\024\357\262\375HY\244\207Ci\024Gb\025"
  }
  callId: 1
}
leaderTerm: 11
previousLog {
  term: 10
  index: 18
}
entries {
  term: 11
  index: 19
  configurationEntry {
    peers {
      id: "s0"
      address: "localhost:15252"
      dataStreamAddress: "localhost:15255"
      clientAddress: "localhost:15254"
      adminAddress: "localhost:15253"
      startupRole: FOLLOWER
    }
    peers {
      id: "s1"
      address: "localhost:15256"
      dataStreamAddress: "localhost:15259"
      clientAddress: "localhost:15258"
      adminAddress: "localhost:15257"
      startupRole: FOLLOWER
    }
    peers {
      id: "s2"
      address: "localhost:15260"
      dataStreamAddress: "localhost:15263"
      clientAddress: "localhost:15262"
      adminAddress: "localhost:15261"
      startupRole: FOLLOWER
    }
  }
}
leaderCommit: 17
commitInfos {
  server {
    id: "s1"
    address: "localhost:15256"
    dataStreamAddress: "localhost:15259"
    clientAddress: "localhost:15258"
    adminAddress: "localhost:15257"
    startupRole: FOLLOWER
  }
  commitIndex: 17
}
commitInfos {
  server {
    id: "s0"
    address: "localhost:15252"
    dataStreamAddress: "localhost:15255"
    clientAddress: "localhost:15254"
    adminAddress: "localhost:15253"
    startupRole: FOLLOWER
  }
  commitIndex: 17
}
commitInfos {
  server {
    id: "s2"
    address: "localhost:15260"
    dataStreamAddress: "localhost:15263"
    clientAddress: "localhost:15262"
    adminAddress: "localhost:15261"
    startupRole: FOLLOWER
  }
  commitIndex: 16
}
)
2024-10-20 10:47:11,582 [main] WARN  util.ReferenceCountedLeakDetector (ReferenceCountedLeakDetector.java:logLeakMessage(167)) - LEAK: (class org.apache.ratis.proto.RaftProtos$AppendEntriesRequestProto, count=3, value=serverRequest {
  requestorId: "s0"
  replyId: "s2"
  raftGroupId {
    id: "\375\210\024\357\262\375HY\244\207Ci\024Gb\025"
  }
  callId: 1
}
leaderTerm: 10
previousLog {
  term: 9
  index: 16
}
entries {
  term: 10
  index: 17
  configurationEntry {
    peers {
      id: "s0"
      address: "localhost:15252"
      dataStreamAddress: "localhost:15255"
      clientAddress: "localhost:15254"
      adminAddress: "localhost:15253"
      startupRole: FOLLOWER
    }
    peers {
      id: "s1"
      address: "localhost:15256"
      dataStreamAddress: "localhost:15259"
      clientAddress: "localhost:15258"
      adminAddress: "localhost:15257"
      startupRole: FOLLOWER
    }
    peers {
      id: "s2"
      address: "localhost:15260"
      dataStreamAddress: "localhost:15263"
      clientAddress: "localhost:15262"
      adminAddress: "localhost:15261"
      startupRole: FOLLOWER
    }
  }
}
leaderCommit: 16
commitInfos {
  server {
    id: "s0"
    address: "localhost:15252"
    dataStreamAddress: "localhost:15255"
    clientAddress: "localhost:15254"
    adminAddress: "localhost:15253"
    startupRole: FOLLOWER
  }
  commitIndex: 16
}
commitInfos {
  server {
    id: "s1"
    address: "localhost:15256"
    dataStreamAddress: "localhost:15259"
    clientAddress: "localhost:15258"
    adminAddress: "localhost:15257"
    startupRole: FOLLOWER
  }
  commitIndex: 16
}
commitInfos {
  server {
    id: "s2"
    address: "localhost:15260"
    dataStreamAddress: "localhost:15263"
    clientAddress: "localhost:15262"
    adminAddress: "localhost:15261"
    startupRole: FOLLOWER
  }
  commitIndex: 16
}
)
2024-10-20 10:47:11,582 [main] WARN  util.ReferenceCountedLeakDetector (ReferenceCountedLeakDetector.java:logLeakMessage(167)) - LEAK: (class org.apache.ratis.proto.RaftProtos$AppendEntriesRequestProto, count=2, value=serverRequest {
  requestorId: "s1"
  replyId: "s2"
  raftGroupId {
    id: "\375\210\024\357\262\375HY\244\207Ci\024Gb\025"
  }
  callId: 8
}
leaderTerm: 9
previousLog {
  term: 9
  index: 16
}
leaderCommit: 16
commitInfos {
  server {
    id: "s1"
    address: "localhost:15256"
    dataStreamAddress: "localhost:15259"
    clientAddress: "localhost:15258"
    adminAddress: "localhost:15257"
    startupRole: FOLLOWER
  }
  commitIndex: 16
}
commitInfos {
  server {
    id: "s0"
    address: "localhost:15252"
    dataStreamAddress: "localhost:15255"
    clientAddress: "localhost:15254"
    adminAddress: "localhost:15253"
    startupRole: FOLLOWER
  }
  commitIndex: 16
}
commitInfos {
  server {
    id: "s2"
    address: "localhost:15260"
    dataStreamAddress: "localhost:15263"
    clientAddress: "localhost:15262"
    adminAddress: "localhost:15261"
    startupRole: FOLLOWER
  }
  commitIndex: 16
}
)
2024-10-20 10:47:11,583 [main] WARN  util.ReferenceCountedLeakDetector (ReferenceCountedLeakDetector.java:logLeakMessage(167)) - LEAK: (class org.apache.ratis.proto.RaftProtos$AppendEntriesRequestProto, count=2, value=serverRequest {
  requestorId: "s1"
  replyId: "s2"
  raftGroupId {
    id: "\375\210\024\357\262\375HY\244\207Ci\024Gb\025"
  }
}
leaderTerm: 11
previousLog {
  term: 10
  index: 18
}
leaderCommit: 17
commitInfos {
  server {
    id: "s1"
    address: "localhost:15256"
    dataStreamAddress: "localhost:15259"
    clientAddress: "localhost:15258"
    adminAddress: "localhost:15257"
    startupRole: FOLLOWER
  }
  commitIndex: 17
}
commitInfos {
  server {
    id: "s0"
    address: "localhost:15252"
    dataStreamAddress: "localhost:15255"
    clientAddress: "localhost:15254"
    adminAddress: "localhost:15253"
    startupRole: FOLLOWER
  }
  commitIndex: 17
}
commitInfos {
  server {
    id: "s2"
    address: "localhost:15260"
    dataStreamAddress: "localhost:15263"
    clientAddress: "localhost:15262"
    adminAddress: "localhost:15261"
    startupRole: FOLLOWER
  }
  commitIndex: 16
}
)
2024-10-20 10:47:11,583 [main] WARN  util.LeakDetector (LeakDetector.java:assertNoLeaks(171)) - 8/30) numLeaks == 5 > 0, will wait and retry ...
2024-10-20 10:47:12,583 [main] WARN  util.ReferenceCountedLeakDetector (ReferenceCountedLeakDetector.java:logLeakMessage(167)) - LEAK: (class org.apache.ratis.proto.RaftProtos$AppendEntriesRequestProto, count=2, value=serverRequest {
  requestorId: "s0"
  replyId: "s2"
  raftGroupId {
    id: "\375\210\024\357\262\375HY\244\207Ci\024Gb\025"
  }
}
leaderTerm: 10
previousLog {
  term: 9
  index: 16
}
leaderCommit: 16
commitInfos {
  server {
    id: "s0"
    address: "localhost:15252"
    dataStreamAddress: "localhost:15255"
    clientAddress: "localhost:15254"
    adminAddress: "localhost:15253"
    startupRole: FOLLOWER
  }
  commitIndex: 16
}
commitInfos {
  server {
    id: "s1"
    address: "localhost:15256"
    dataStreamAddress: "localhost:15259"
    clientAddress: "localhost:15258"
    adminAddress: "localhost:15257"
    startupRole: FOLLOWER
  }
  commitIndex: 16
}
commitInfos {
  server {
    id: "s2"
    address: "localhost:15260"
    dataStreamAddress: "localhost:15263"
    clientAddress: "localhost:15262"
    adminAddress: "localhost:15261"
    startupRole: FOLLOWER
  }
  commitIndex: 16
}
)
2024-10-20 10:47:12,583 [main] WARN  util.ReferenceCountedLeakDetector (ReferenceCountedLeakDetector.java:logLeakMessage(167)) - LEAK: (class org.apache.ratis.proto.RaftProtos$AppendEntriesRequestProto, count=3, value=serverRequest {
  requestorId: "s1"
  replyId: "s2"
  raftGroupId {
    id: "\375\210\024\357\262\375HY\244\207Ci\024Gb\025"
  }
  callId: 1
}
leaderTerm: 11
previousLog {
  term: 10
  index: 18
}
entries {
  term: 11
  index: 19
  configurationEntry {
    peers {
      id: "s0"
      address: "localhost:15252"
      dataStreamAddress: "localhost:15255"
      clientAddress: "localhost:15254"
      adminAddress: "localhost:15253"
      startupRole: FOLLOWER
    }
    peers {
      id: "s1"
      address: "localhost:15256"
      dataStreamAddress: "localhost:15259"
      clientAddress: "localhost:15258"
      adminAddress: "localhost:15257"
      startupRole: FOLLOWER
    }
    peers {
      id: "s2"
      address: "localhost:15260"
      dataStreamAddress: "localhost:15263"
      clientAddress: "localhost:15262"
      adminAddress: "localhost:15261"
      startupRole: FOLLOWER
    }
  }
}
leaderCommit: 17
commitInfos {
  server {
    id: "s1"
    address: "localhost:15256"
    dataStreamAddress: "localhost:15259"
    clientAddress: "localhost:15258"
    adminAddress: "localhost:15257"
    startupRole: FOLLOWER
  }
  commitIndex: 17
}
commitInfos {
  server {
    id: "s0"
    address: "localhost:15252"
    dataStreamAddress: "localhost:15255"
    clientAddress: "localhost:15254"
    adminAddress: "localhost:15253"
    startupRole: FOLLOWER
  }
  commitIndex: 17
}
commitInfos {
  server {
    id: "s2"
    address: "localhost:15260"
    dataStreamAddress: "localhost:15263"
    clientAddress: "localhost:15262"
    adminAddress: "localhost:15261"
    startupRole: FOLLOWER
  }
  commitIndex: 16
}
)
2024-10-20 10:47:12,583 [main] WARN  util.ReferenceCountedLeakDetector (ReferenceCountedLeakDetector.java:logLeakMessage(167)) - LEAK: (class org.apache.ratis.proto.RaftProtos$AppendEntriesRequestProto, count=3, value=serverRequest {
  requestorId: "s0"
  replyId: "s2"
  raftGroupId {
    id: "\375\210\024\357\262\375HY\244\207Ci\024Gb\025"
  }
  callId: 1
}
leaderTerm: 10
previousLog {
  term: 9
  index: 16
}
entries {
  term: 10
  index: 17
  configurationEntry {
    peers {
      id: "s0"
      address: "localhost:15252"
      dataStreamAddress: "localhost:15255"
      clientAddress: "localhost:15254"
      adminAddress: "localhost:15253"
      startupRole: FOLLOWER
    }
    peers {
      id: "s1"
      address: "localhost:15256"
      dataStreamAddress: "localhost:15259"
      clientAddress: "localhost:15258"
      adminAddress: "localhost:15257"
      startupRole: FOLLOWER
    }
    peers {
      id: "s2"
      address: "localhost:15260"
      dataStreamAddress: "localhost:15263"
      clientAddress: "localhost:15262"
      adminAddress: "localhost:15261"
      startupRole: FOLLOWER
    }
  }
}
leaderCommit: 16
commitInfos {
  server {
    id: "s0"
    address: "localhost:15252"
    dataStreamAddress: "localhost:15255"
    clientAddress: "localhost:15254"
    adminAddress: "localhost:15253"
    startupRole: FOLLOWER
  }
  commitIndex: 16
}
commitInfos {
  server {
    id: "s1"
    address: "localhost:15256"
    dataStreamAddress: "localhost:15259"
    clientAddress: "localhost:15258"
    adminAddress: "localhost:15257"
    startupRole: FOLLOWER
  }
  commitIndex: 16
}
commitInfos {
  server {
    id: "s2"
    address: "localhost:15260"
    dataStreamAddress: "localhost:15263"
    clientAddress: "localhost:15262"
    adminAddress: "localhost:15261"
    startupRole: FOLLOWER
  }
  commitIndex: 16
}
)
2024-10-20 10:47:12,584 [main] WARN  util.ReferenceCountedLeakDetector (ReferenceCountedLeakDetector.java:logLeakMessage(167)) - LEAK: (class org.apache.ratis.proto.RaftProtos$AppendEntriesRequestProto, count=2, value=serverRequest {
  requestorId: "s1"
  replyId: "s2"
  raftGroupId {
    id: "\375\210\024\357\262\375HY\244\207Ci\024Gb\025"
  }
  callId: 8
}
leaderTerm: 9
previousLog {
  term: 9
  index: 16
}
leaderCommit: 16
commitInfos {
  server {
    id: "s1"
    address: "localhost:15256"
    dataStreamAddress: "localhost:15259"
    clientAddress: "localhost:15258"
    adminAddress: "localhost:15257"
    startupRole: FOLLOWER
  }
  commitIndex: 16
}
commitInfos {
  server {
    id: "s0"
    address: "localhost:15252"
    dataStreamAddress: "localhost:15255"
    clientAddress: "localhost:15254"
    adminAddress: "localhost:15253"
    startupRole: FOLLOWER
  }
  commitIndex: 16
}
commitInfos {
  server {
    id: "s2"
    address: "localhost:15260"
    dataStreamAddress: "localhost:15263"
    clientAddress: "localhost:15262"
    adminAddress: "localhost:15261"
    startupRole: FOLLOWER
  }
  commitIndex: 16
}
)
2024-10-20 10:47:12,584 [main] WARN  util.ReferenceCountedLeakDetector (ReferenceCountedLeakDetector.java:logLeakMessage(167)) - LEAK: (class org.apache.ratis.proto.RaftProtos$AppendEntriesRequestProto, count=2, value=serverRequest {
  requestorId: "s1"
  replyId: "s2"
  raftGroupId {
    id: "\375\210\024\357\262\375HY\244\207Ci\024Gb\025"
  }
}
leaderTerm: 11
previousLog {
  term: 10
  index: 18
}
leaderCommit: 17
commitInfos {
  server {
    id: "s1"
    address: "localhost:15256"
    dataStreamAddress: "localhost:15259"
    clientAddress: "localhost:15258"
    adminAddress: "localhost:15257"
    startupRole: FOLLOWER
  }
  commitIndex: 17
}
commitInfos {
  server {
    id: "s0"
    address: "localhost:15252"
    dataStreamAddress: "localhost:15255"
    clientAddress: "localhost:15254"
    adminAddress: "localhost:15253"
    startupRole: FOLLOWER
  }
  commitIndex: 17
}
commitInfos {
  server {
    id: "s2"
    address: "localhost:15260"
    dataStreamAddress: "localhost:15263"
    clientAddress: "localhost:15262"
    adminAddress: "localhost:15261"
    startupRole: FOLLOWER
  }
  commitIndex: 16
}
)
2024-10-20 10:47:12,584 [main] WARN  util.LeakDetector (LeakDetector.java:assertNoLeaks(171)) - 9/30) numLeaks == 5 > 0, will wait and retry ...
2024-10-20 10:47:13,584 [main] WARN  util.ReferenceCountedLeakDetector (ReferenceCountedLeakDetector.java:logLeakMessage(167)) - LEAK: (class org.apache.ratis.proto.RaftProtos$AppendEntriesRequestProto, count=2, value=serverRequest {
  requestorId: "s0"
  replyId: "s2"
  raftGroupId {
    id: "\375\210\024\357\262\375HY\244\207Ci\024Gb\025"
  }
}
leaderTerm: 10
previousLog {
  term: 9
  index: 16
}
leaderCommit: 16
commitInfos {
  server {
    id: "s0"
    address: "localhost:15252"
    dataStreamAddress: "localhost:15255"
    clientAddress: "localhost:15254"
    adminAddress: "localhost:15253"
    startupRole: FOLLOWER
  }
  commitIndex: 16
}
commitInfos {
  server {
    id: "s1"
    address: "localhost:15256"
    dataStreamAddress: "localhost:15259"
    clientAddress: "localhost:15258"
    adminAddress: "localhost:15257"
    startupRole: FOLLOWER
  }
  commitIndex: 16
}
commitInfos {
  server {
    id: "s2"
    address: "localhost:15260"
    dataStreamAddress: "localhost:15263"
    clientAddress: "localhost:15262"
    adminAddress: "localhost:15261"
    startupRole: FOLLOWER
  }
  commitIndex: 16
}
)
2024-10-20 10:47:13,584 [main] WARN  util.ReferenceCountedLeakDetector (ReferenceCountedLeakDetector.java:logLeakMessage(167)) - LEAK: (class org.apache.ratis.proto.RaftProtos$AppendEntriesRequestProto, count=3, value=serverRequest {
  requestorId: "s1"
  replyId: "s2"
  raftGroupId {
    id: "\375\210\024\357\262\375HY\244\207Ci\024Gb\025"
  }
  callId: 1
}
leaderTerm: 11
previousLog {
  term: 10
  index: 18
}
entries {
  term: 11
  index: 19
  configurationEntry {
    peers {
      id: "s0"
      address: "localhost:15252"
      dataStreamAddress: "localhost:15255"
      clientAddress: "localhost:15254"
      adminAddress: "localhost:15253"
      startupRole: FOLLOWER
    }
    peers {
      id: "s1"
      address: "localhost:15256"
      dataStreamAddress: "localhost:15259"
      clientAddress: "localhost:15258"
      adminAddress: "localhost:15257"
      startupRole: FOLLOWER
    }
    peers {
      id: "s2"
      address: "localhost:15260"
      dataStreamAddress: "localhost:15263"
      clientAddress: "localhost:15262"
      adminAddress: "localhost:15261"
      startupRole: FOLLOWER
    }
  }
}
leaderCommit: 17
commitInfos {
  server {
    id: "s1"
    address: "localhost:15256"
    dataStreamAddress: "localhost:15259"
    clientAddress: "localhost:15258"
    adminAddress: "localhost:15257"
    startupRole: FOLLOWER
  }
  commitIndex: 17
}
commitInfos {
  server {
    id: "s0"
    address: "localhost:15252"
    dataStreamAddress: "localhost:15255"
    clientAddress: "localhost:15254"
    adminAddress: "localhost:15253"
    startupRole: FOLLOWER
  }
  commitIndex: 17
}
commitInfos {
  server {
    id: "s2"
    address: "localhost:15260"
    dataStreamAddress: "localhost:15263"
    clientAddress: "localhost:15262"
    adminAddress: "localhost:15261"
    startupRole: FOLLOWER
  }
  commitIndex: 16
}
)
2024-10-20 10:47:13,584 [main] WARN  util.ReferenceCountedLeakDetector (ReferenceCountedLeakDetector.java:logLeakMessage(167)) - LEAK: (class org.apache.ratis.proto.RaftProtos$AppendEntriesRequestProto, count=3, value=serverRequest {
  requestorId: "s0"
  replyId: "s2"
  raftGroupId {
    id: "\375\210\024\357\262\375HY\244\207Ci\024Gb\025"
  }
  callId: 1
}
leaderTerm: 10
previousLog {
  term: 9
  index: 16
}
entries {
  term: 10
  index: 17
  configurationEntry {
    peers {
      id: "s0"
      address: "localhost:15252"
      dataStreamAddress: "localhost:15255"
      clientAddress: "localhost:15254"
      adminAddress: "localhost:15253"
      startupRole: FOLLOWER
    }
    peers {
      id: "s1"
      address: "localhost:15256"
      dataStreamAddress: "localhost:15259"
      clientAddress: "localhost:15258"
      adminAddress: "localhost:15257"
      startupRole: FOLLOWER
    }
    peers {
      id: "s2"
      address: "localhost:15260"
      dataStreamAddress: "localhost:15263"
      clientAddress: "localhost:15262"
      adminAddress: "localhost:15261"
      startupRole: FOLLOWER
    }
  }
}
leaderCommit: 16
commitInfos {
  server {
    id: "s0"
    address: "localhost:15252"
    dataStreamAddress: "localhost:15255"
    clientAddress: "localhost:15254"
    adminAddress: "localhost:15253"
    startupRole: FOLLOWER
  }
  commitIndex: 16
}
commitInfos {
  server {
    id: "s1"
    address: "localhost:15256"
    dataStreamAddress: "localhost:15259"
    clientAddress: "localhost:15258"
    adminAddress: "localhost:15257"
    startupRole: FOLLOWER
  }
  commitIndex: 16
}
commitInfos {
  server {
    id: "s2"
    address: "localhost:15260"
    dataStreamAddress: "localhost:15263"
    clientAddress: "localhost:15262"
    adminAddress: "localhost:15261"
    startupRole: FOLLOWER
  }
  commitIndex: 16
}
)
2024-10-20 10:47:13,585 [main] WARN  util.ReferenceCountedLeakDetector (ReferenceCountedLeakDetector.java:logLeakMessage(167)) - LEAK: (class org.apache.ratis.proto.RaftProtos$AppendEntriesRequestProto, count=2, value=serverRequest {
  requestorId: "s1"
  replyId: "s2"
  raftGroupId {
    id: "\375\210\024\357\262\375HY\244\207Ci\024Gb\025"
  }
  callId: 8
}
leaderTerm: 9
previousLog {
  term: 9
  index: 16
}
leaderCommit: 16
commitInfos {
  server {
    id: "s1"
    address: "localhost:15256"
    dataStreamAddress: "localhost:15259"
    clientAddress: "localhost:15258"
    adminAddress: "localhost:15257"
    startupRole: FOLLOWER
  }
  commitIndex: 16
}
commitInfos {
  server {
    id: "s0"
    address: "localhost:15252"
    dataStreamAddress: "localhost:15255"
    clientAddress: "localhost:15254"
    adminAddress: "localhost:15253"
    startupRole: FOLLOWER
  }
  commitIndex: 16
}
commitInfos {
  server {
    id: "s2"
    address: "localhost:15260"
    dataStreamAddress: "localhost:15263"
    clientAddress: "localhost:15262"
    adminAddress: "localhost:15261"
    startupRole: FOLLOWER
  }
  commitIndex: 16
}
)
2024-10-20 10:47:13,585 [main] WARN  util.ReferenceCountedLeakDetector (ReferenceCountedLeakDetector.java:logLeakMessage(167)) - LEAK: (class org.apache.ratis.proto.RaftProtos$AppendEntriesRequestProto, count=2, value=serverRequest {
  requestorId: "s1"
  replyId: "s2"
  raftGroupId {
    id: "\375\210\024\357\262\375HY\244\207Ci\024Gb\025"
  }
}
leaderTerm: 11
previousLog {
  term: 10
  index: 18
}
leaderCommit: 17
commitInfos {
  server {
    id: "s1"
    address: "localhost:15256"
    dataStreamAddress: "localhost:15259"
    clientAddress: "localhost:15258"
    adminAddress: "localhost:15257"
    startupRole: FOLLOWER
  }
  commitIndex: 17
}
commitInfos {
  server {
    id: "s0"
    address: "localhost:15252"
    dataStreamAddress: "localhost:15255"
    clientAddress: "localhost:15254"
    adminAddress: "localhost:15253"
    startupRole: FOLLOWER
  }
  commitIndex: 17
}
commitInfos {
  server {
    id: "s2"
    address: "localhost:15260"
    dataStreamAddress: "localhost:15263"
    clientAddress: "localhost:15262"
    adminAddress: "localhost:15261"
    startupRole: FOLLOWER
  }
  commitIndex: 16
}
)
2024-10-20 10:47:13,585 [main] WARN  util.LeakDetector (LeakDetector.java:assertNoLeaks(171)) - 10/30) numLeaks == 5 > 0, will wait and retry ...
2024-10-20 10:47:14,585 [main] WARN  util.ReferenceCountedLeakDetector (ReferenceCountedLeakDetector.java:logLeakMessage(167)) - LEAK: (class org.apache.ratis.proto.RaftProtos$AppendEntriesRequestProto, count=2, value=serverRequest {
  requestorId: "s0"
  replyId: "s2"
  raftGroupId {
    id: "\375\210\024\357\262\375HY\244\207Ci\024Gb\025"
  }
}
leaderTerm: 10
previousLog {
  term: 9
  index: 16
}
leaderCommit: 16
commitInfos {
  server {
    id: "s0"
    address: "localhost:15252"
    dataStreamAddress: "localhost:15255"
    clientAddress: "localhost:15254"
    adminAddress: "localhost:15253"
    startupRole: FOLLOWER
  }
  commitIndex: 16
}
commitInfos {
  server {
    id: "s1"
    address: "localhost:15256"
    dataStreamAddress: "localhost:15259"
    clientAddress: "localhost:15258"
    adminAddress: "localhost:15257"
    startupRole: FOLLOWER
  }
  commitIndex: 16
}
commitInfos {
  server {
    id: "s2"
    address: "localhost:15260"
    dataStreamAddress: "localhost:15263"
    clientAddress: "localhost:15262"
    adminAddress: "localhost:15261"
    startupRole: FOLLOWER
  }
  commitIndex: 16
}
)
2024-10-20 10:47:14,585 [main] WARN  util.ReferenceCountedLeakDetector (ReferenceCountedLeakDetector.java:logLeakMessage(167)) - LEAK: (class org.apache.ratis.proto.RaftProtos$AppendEntriesRequestProto, count=3, value=serverRequest {
  requestorId: "s1"
  replyId: "s2"
  raftGroupId {
    id: "\375\210\024\357\262\375HY\244\207Ci\024Gb\025"
  }
  callId: 1
}
leaderTerm: 11
previousLog {
  term: 10
  index: 18
}
entries {
  term: 11
  index: 19
  configurationEntry {
    peers {
      id: "s0"
      address: "localhost:15252"
      dataStreamAddress: "localhost:15255"
      clientAddress: "localhost:15254"
      adminAddress: "localhost:15253"
      startupRole: FOLLOWER
    }
    peers {
      id: "s1"
      address: "localhost:15256"
      dataStreamAddress: "localhost:15259"
      clientAddress: "localhost:15258"
      adminAddress: "localhost:15257"
      startupRole: FOLLOWER
    }
    peers {
      id: "s2"
      address: "localhost:15260"
      dataStreamAddress: "localhost:15263"
      clientAddress: "localhost:15262"
      adminAddress: "localhost:15261"
      startupRole: FOLLOWER
    }
  }
}
leaderCommit: 17
commitInfos {
  server {
    id: "s1"
    address: "localhost:15256"
    dataStreamAddress: "localhost:15259"
    clientAddress: "localhost:15258"
    adminAddress: "localhost:15257"
    startupRole: FOLLOWER
  }
  commitIndex: 17
}
commitInfos {
  server {
    id: "s0"
    address: "localhost:15252"
    dataStreamAddress: "localhost:15255"
    clientAddress: "localhost:15254"
    adminAddress: "localhost:15253"
    startupRole: FOLLOWER
  }
  commitIndex: 17
}
commitInfos {
  server {
    id: "s2"
    address: "localhost:15260"
    dataStreamAddress: "localhost:15263"
    clientAddress: "localhost:15262"
    adminAddress: "localhost:15261"
    startupRole: FOLLOWER
  }
  commitIndex: 16
}
)
2024-10-20 10:47:14,585 [main] WARN  util.ReferenceCountedLeakDetector (ReferenceCountedLeakDetector.java:logLeakMessage(167)) - LEAK: (class org.apache.ratis.proto.RaftProtos$AppendEntriesRequestProto, count=3, value=serverRequest {
  requestorId: "s0"
  replyId: "s2"
  raftGroupId {
    id: "\375\210\024\357\262\375HY\244\207Ci\024Gb\025"
  }
  callId: 1
}
leaderTerm: 10
previousLog {
  term: 9
  index: 16
}
entries {
  term: 10
  index: 17
  configurationEntry {
    peers {
      id: "s0"
      address: "localhost:15252"
      dataStreamAddress: "localhost:15255"
      clientAddress: "localhost:15254"
      adminAddress: "localhost:15253"
      startupRole: FOLLOWER
    }
    peers {
      id: "s1"
      address: "localhost:15256"
      dataStreamAddress: "localhost:15259"
      clientAddress: "localhost:15258"
      adminAddress: "localhost:15257"
      startupRole: FOLLOWER
    }
    peers {
      id: "s2"
      address: "localhost:15260"
      dataStreamAddress: "localhost:15263"
      clientAddress: "localhost:15262"
      adminAddress: "localhost:15261"
      startupRole: FOLLOWER
    }
  }
}
leaderCommit: 16
commitInfos {
  server {
    id: "s0"
    address: "localhost:15252"
    dataStreamAddress: "localhost:15255"
    clientAddress: "localhost:15254"
    adminAddress: "localhost:15253"
    startupRole: FOLLOWER
  }
  commitIndex: 16
}
commitInfos {
  server {
    id: "s1"
    address: "localhost:15256"
    dataStreamAddress: "localhost:15259"
    clientAddress: "localhost:15258"
    adminAddress: "localhost:15257"
    startupRole: FOLLOWER
  }
  commitIndex: 16
}
commitInfos {
  server {
    id: "s2"
    address: "localhost:15260"
    dataStreamAddress: "localhost:15263"
    clientAddress: "localhost:15262"
    adminAddress: "localhost:15261"
    startupRole: FOLLOWER
  }
  commitIndex: 16
}
)
2024-10-20 10:47:14,586 [main] WARN  util.ReferenceCountedLeakDetector (ReferenceCountedLeakDetector.java:logLeakMessage(167)) - LEAK: (class org.apache.ratis.proto.RaftProtos$AppendEntriesRequestProto, count=2, value=serverRequest {
  requestorId: "s1"
  replyId: "s2"
  raftGroupId {
    id: "\375\210\024\357\262\375HY\244\207Ci\024Gb\025"
  }
  callId: 8
}
leaderTerm: 9
previousLog {
  term: 9
  index: 16
}
leaderCommit: 16
commitInfos {
  server {
    id: "s1"
    address: "localhost:15256"
    dataStreamAddress: "localhost:15259"
    clientAddress: "localhost:15258"
    adminAddress: "localhost:15257"
    startupRole: FOLLOWER
  }
  commitIndex: 16
}
commitInfos {
  server {
    id: "s0"
    address: "localhost:15252"
    dataStreamAddress: "localhost:15255"
    clientAddress: "localhost:15254"
    adminAddress: "localhost:15253"
    startupRole: FOLLOWER
  }
  commitIndex: 16
}
commitInfos {
  server {
    id: "s2"
    address: "localhost:15260"
    dataStreamAddress: "localhost:15263"
    clientAddress: "localhost:15262"
    adminAddress: "localhost:15261"
    startupRole: FOLLOWER
  }
  commitIndex: 16
}
)
2024-10-20 10:47:14,586 [main] WARN  util.ReferenceCountedLeakDetector (ReferenceCountedLeakDetector.java:logLeakMessage(167)) - LEAK: (class org.apache.ratis.proto.RaftProtos$AppendEntriesRequestProto, count=2, value=serverRequest {
  requestorId: "s1"
  replyId: "s2"
  raftGroupId {
    id: "\375\210\024\357\262\375HY\244\207Ci\024Gb\025"
  }
}
leaderTerm: 11
previousLog {
  term: 10
  index: 18
}
leaderCommit: 17
commitInfos {
  server {
    id: "s1"
    address: "localhost:15256"
    dataStreamAddress: "localhost:15259"
    clientAddress: "localhost:15258"
    adminAddress: "localhost:15257"
    startupRole: FOLLOWER
  }
  commitIndex: 17
}
commitInfos {
  server {
    id: "s0"
    address: "localhost:15252"
    dataStreamAddress: "localhost:15255"
    clientAddress: "localhost:15254"
    adminAddress: "localhost:15253"
    startupRole: FOLLOWER
  }
  commitIndex: 17
}
commitInfos {
  server {
    id: "s2"
    address: "localhost:15260"
    dataStreamAddress: "localhost:15263"
    clientAddress: "localhost:15262"
    adminAddress: "localhost:15261"
    startupRole: FOLLOWER
  }
  commitIndex: 16
}
)
2024-10-20 10:47:14,586 [main] WARN  util.LeakDetector (LeakDetector.java:assertNoLeaks(171)) - 11/30) numLeaks == 5 > 0, will wait and retry ...
2024-10-20 10:47:15,586 [main] WARN  util.ReferenceCountedLeakDetector (ReferenceCountedLeakDetector.java:logLeakMessage(167)) - LEAK: (class org.apache.ratis.proto.RaftProtos$AppendEntriesRequestProto, count=2, value=serverRequest {
  requestorId: "s0"
  replyId: "s2"
  raftGroupId {
    id: "\375\210\024\357\262\375HY\244\207Ci\024Gb\025"
  }
}
leaderTerm: 10
previousLog {
  term: 9
  index: 16
}
leaderCommit: 16
commitInfos {
  server {
    id: "s0"
    address: "localhost:15252"
    dataStreamAddress: "localhost:15255"
    clientAddress: "localhost:15254"
    adminAddress: "localhost:15253"
    startupRole: FOLLOWER
  }
  commitIndex: 16
}
commitInfos {
  server {
    id: "s1"
    address: "localhost:15256"
    dataStreamAddress: "localhost:15259"
    clientAddress: "localhost:15258"
    adminAddress: "localhost:15257"
    startupRole: FOLLOWER
  }
  commitIndex: 16
}
commitInfos {
  server {
    id: "s2"
    address: "localhost:15260"
    dataStreamAddress: "localhost:15263"
    clientAddress: "localhost:15262"
    adminAddress: "localhost:15261"
    startupRole: FOLLOWER
  }
  commitIndex: 16
}
)
2024-10-20 10:47:15,586 [main] WARN  util.ReferenceCountedLeakDetector (ReferenceCountedLeakDetector.java:logLeakMessage(167)) - LEAK: (class org.apache.ratis.proto.RaftProtos$AppendEntriesRequestProto, count=3, value=serverRequest {
  requestorId: "s1"
  replyId: "s2"
  raftGroupId {
    id: "\375\210\024\357\262\375HY\244\207Ci\024Gb\025"
  }
  callId: 1
}
leaderTerm: 11
previousLog {
  term: 10
  index: 18
}
entries {
  term: 11
  index: 19
  configurationEntry {
    peers {
      id: "s0"
      address: "localhost:15252"
      dataStreamAddress: "localhost:15255"
      clientAddress: "localhost:15254"
      adminAddress: "localhost:15253"
      startupRole: FOLLOWER
    }
    peers {
      id: "s1"
      address: "localhost:15256"
      dataStreamAddress: "localhost:15259"
      clientAddress: "localhost:15258"
      adminAddress: "localhost:15257"
      startupRole: FOLLOWER
    }
    peers {
      id: "s2"
      address: "localhost:15260"
      dataStreamAddress: "localhost:15263"
      clientAddress: "localhost:15262"
      adminAddress: "localhost:15261"
      startupRole: FOLLOWER
    }
  }
}
leaderCommit: 17
commitInfos {
  server {
    id: "s1"
    address: "localhost:15256"
    dataStreamAddress: "localhost:15259"
    clientAddress: "localhost:15258"
    adminAddress: "localhost:15257"
    startupRole: FOLLOWER
  }
  commitIndex: 17
}
commitInfos {
  server {
    id: "s0"
    address: "localhost:15252"
    dataStreamAddress: "localhost:15255"
    clientAddress: "localhost:15254"
    adminAddress: "localhost:15253"
    startupRole: FOLLOWER
  }
  commitIndex: 17
}
commitInfos {
  server {
    id: "s2"
    address: "localhost:15260"
    dataStreamAddress: "localhost:15263"
    clientAddress: "localhost:15262"
    adminAddress: "localhost:15261"
    startupRole: FOLLOWER
  }
  commitIndex: 16
}
)
2024-10-20 10:47:15,587 [main] WARN  util.ReferenceCountedLeakDetector (ReferenceCountedLeakDetector.java:logLeakMessage(167)) - LEAK: (class org.apache.ratis.proto.RaftProtos$AppendEntriesRequestProto, count=3, value=serverRequest {
  requestorId: "s0"
  replyId: "s2"
  raftGroupId {
    id: "\375\210\024\357\262\375HY\244\207Ci\024Gb\025"
  }
  callId: 1
}
leaderTerm: 10
previousLog {
  term: 9
  index: 16
}
entries {
  term: 10
  index: 17
  configurationEntry {
    peers {
      id: "s0"
      address: "localhost:15252"
      dataStreamAddress: "localhost:15255"
      clientAddress: "localhost:15254"
      adminAddress: "localhost:15253"
      startupRole: FOLLOWER
    }
    peers {
      id: "s1"
      address: "localhost:15256"
      dataStreamAddress: "localhost:15259"
      clientAddress: "localhost:15258"
      adminAddress: "localhost:15257"
      startupRole: FOLLOWER
    }
    peers {
      id: "s2"
      address: "localhost:15260"
      dataStreamAddress: "localhost:15263"
      clientAddress: "localhost:15262"
      adminAddress: "localhost:15261"
      startupRole: FOLLOWER
    }
  }
}
leaderCommit: 16
commitInfos {
  server {
    id: "s0"
    address: "localhost:15252"
    dataStreamAddress: "localhost:15255"
    clientAddress: "localhost:15254"
    adminAddress: "localhost:15253"
    startupRole: FOLLOWER
  }
  commitIndex: 16
}
commitInfos {
  server {
    id: "s1"
    address: "localhost:15256"
    dataStreamAddress: "localhost:15259"
    clientAddress: "localhost:15258"
    adminAddress: "localhost:15257"
    startupRole: FOLLOWER
  }
  commitIndex: 16
}
commitInfos {
  server {
    id: "s2"
    address: "localhost:15260"
    dataStreamAddress: "localhost:15263"
    clientAddress: "localhost:15262"
    adminAddress: "localhost:15261"
    startupRole: FOLLOWER
  }
  commitIndex: 16
}
)
2024-10-20 10:47:15,587 [main] WARN  util.ReferenceCountedLeakDetector (ReferenceCountedLeakDetector.java:logLeakMessage(167)) - LEAK: (class org.apache.ratis.proto.RaftProtos$AppendEntriesRequestProto, count=2, value=serverRequest {
  requestorId: "s1"
  replyId: "s2"
  raftGroupId {
    id: "\375\210\024\357\262\375HY\244\207Ci\024Gb\025"
  }
  callId: 8
}
leaderTerm: 9
previousLog {
  term: 9
  index: 16
}
leaderCommit: 16
commitInfos {
  server {
    id: "s1"
    address: "localhost:15256"
    dataStreamAddress: "localhost:15259"
    clientAddress: "localhost:15258"
    adminAddress: "localhost:15257"
    startupRole: FOLLOWER
  }
  commitIndex: 16
}
commitInfos {
  server {
    id: "s0"
    address: "localhost:15252"
    dataStreamAddress: "localhost:15255"
    clientAddress: "localhost:15254"
    adminAddress: "localhost:15253"
    startupRole: FOLLOWER
  }
  commitIndex: 16
}
commitInfos {
  server {
    id: "s2"
    address: "localhost:15260"
    dataStreamAddress: "localhost:15263"
    clientAddress: "localhost:15262"
    adminAddress: "localhost:15261"
    startupRole: FOLLOWER
  }
  commitIndex: 16
}
)
2024-10-20 10:47:15,587 [main] WARN  util.ReferenceCountedLeakDetector (ReferenceCountedLeakDetector.java:logLeakMessage(167)) - LEAK: (class org.apache.ratis.proto.RaftProtos$AppendEntriesRequestProto, count=2, value=serverRequest {
  requestorId: "s1"
  replyId: "s2"
  raftGroupId {
    id: "\375\210\024\357\262\375HY\244\207Ci\024Gb\025"
  }
}
leaderTerm: 11
previousLog {
  term: 10
  index: 18
}
leaderCommit: 17
commitInfos {
  server {
    id: "s1"
    address: "localhost:15256"
    dataStreamAddress: "localhost:15259"
    clientAddress: "localhost:15258"
    adminAddress: "localhost:15257"
    startupRole: FOLLOWER
  }
  commitIndex: 17
}
commitInfos {
  server {
    id: "s0"
    address: "localhost:15252"
    dataStreamAddress: "localhost:15255"
    clientAddress: "localhost:15254"
    adminAddress: "localhost:15253"
    startupRole: FOLLOWER
  }
  commitIndex: 17
}
commitInfos {
  server {
    id: "s2"
    address: "localhost:15260"
    dataStreamAddress: "localhost:15263"
    clientAddress: "localhost:15262"
    adminAddress: "localhost:15261"
    startupRole: FOLLOWER
  }
  commitIndex: 16
}
)
2024-10-20 10:47:15,587 [main] WARN  util.LeakDetector (LeakDetector.java:assertNoLeaks(171)) - 12/30) numLeaks == 5 > 0, will wait and retry ...
2024-10-20 10:47:16,587 [main] WARN  util.ReferenceCountedLeakDetector (ReferenceCountedLeakDetector.java:logLeakMessage(167)) - LEAK: (class org.apache.ratis.proto.RaftProtos$AppendEntriesRequestProto, count=2, value=serverRequest {
  requestorId: "s0"
  replyId: "s2"
  raftGroupId {
    id: "\375\210\024\357\262\375HY\244\207Ci\024Gb\025"
  }
}
leaderTerm: 10
previousLog {
  term: 9
  index: 16
}
leaderCommit: 16
commitInfos {
  server {
    id: "s0"
    address: "localhost:15252"
    dataStreamAddress: "localhost:15255"
    clientAddress: "localhost:15254"
    adminAddress: "localhost:15253"
    startupRole: FOLLOWER
  }
  commitIndex: 16
}
commitInfos {
  server {
    id: "s1"
    address: "localhost:15256"
    dataStreamAddress: "localhost:15259"
    clientAddress: "localhost:15258"
    adminAddress: "localhost:15257"
    startupRole: FOLLOWER
  }
  commitIndex: 16
}
commitInfos {
  server {
    id: "s2"
    address: "localhost:15260"
    dataStreamAddress: "localhost:15263"
    clientAddress: "localhost:15262"
    adminAddress: "localhost:15261"
    startupRole: FOLLOWER
  }
  commitIndex: 16
}
)
2024-10-20 10:47:16,587 [main] WARN  util.ReferenceCountedLeakDetector (ReferenceCountedLeakDetector.java:logLeakMessage(167)) - LEAK: (class org.apache.ratis.proto.RaftProtos$AppendEntriesRequestProto, count=3, value=serverRequest {
  requestorId: "s1"
  replyId: "s2"
  raftGroupId {
    id: "\375\210\024\357\262\375HY\244\207Ci\024Gb\025"
  }
  callId: 1
}
leaderTerm: 11
previousLog {
  term: 10
  index: 18
}
entries {
  term: 11
  index: 19
  configurationEntry {
    peers {
      id: "s0"
      address: "localhost:15252"
      dataStreamAddress: "localhost:15255"
      clientAddress: "localhost:15254"
      adminAddress: "localhost:15253"
      startupRole: FOLLOWER
    }
    peers {
      id: "s1"
      address: "localhost:15256"
      dataStreamAddress: "localhost:15259"
      clientAddress: "localhost:15258"
      adminAddress: "localhost:15257"
      startupRole: FOLLOWER
    }
    peers {
      id: "s2"
      address: "localhost:15260"
      dataStreamAddress: "localhost:15263"
      clientAddress: "localhost:15262"
      adminAddress: "localhost:15261"
      startupRole: FOLLOWER
    }
  }
}
leaderCommit: 17
commitInfos {
  server {
    id: "s1"
    address: "localhost:15256"
    dataStreamAddress: "localhost:15259"
    clientAddress: "localhost:15258"
    adminAddress: "localhost:15257"
    startupRole: FOLLOWER
  }
  commitIndex: 17
}
commitInfos {
  server {
    id: "s0"
    address: "localhost:15252"
    dataStreamAddress: "localhost:15255"
    clientAddress: "localhost:15254"
    adminAddress: "localhost:15253"
    startupRole: FOLLOWER
  }
  commitIndex: 17
}
commitInfos {
  server {
    id: "s2"
    address: "localhost:15260"
    dataStreamAddress: "localhost:15263"
    clientAddress: "localhost:15262"
    adminAddress: "localhost:15261"
    startupRole: FOLLOWER
  }
  commitIndex: 16
}
)
2024-10-20 10:47:16,588 [main] WARN  util.ReferenceCountedLeakDetector (ReferenceCountedLeakDetector.java:logLeakMessage(167)) - LEAK: (class org.apache.ratis.proto.RaftProtos$AppendEntriesRequestProto, count=3, value=serverRequest {
  requestorId: "s0"
  replyId: "s2"
  raftGroupId {
    id: "\375\210\024\357\262\375HY\244\207Ci\024Gb\025"
  }
  callId: 1
}
leaderTerm: 10
previousLog {
  term: 9
  index: 16
}
entries {
  term: 10
  index: 17
  configurationEntry {
    peers {
      id: "s0"
      address: "localhost:15252"
      dataStreamAddress: "localhost:15255"
      clientAddress: "localhost:15254"
      adminAddress: "localhost:15253"
      startupRole: FOLLOWER
    }
    peers {
      id: "s1"
      address: "localhost:15256"
      dataStreamAddress: "localhost:15259"
      clientAddress: "localhost:15258"
      adminAddress: "localhost:15257"
      startupRole: FOLLOWER
    }
    peers {
      id: "s2"
      address: "localhost:15260"
      dataStreamAddress: "localhost:15263"
      clientAddress: "localhost:15262"
      adminAddress: "localhost:15261"
      startupRole: FOLLOWER
    }
  }
}
leaderCommit: 16
commitInfos {
  server {
    id: "s0"
    address: "localhost:15252"
    dataStreamAddress: "localhost:15255"
    clientAddress: "localhost:15254"
    adminAddress: "localhost:15253"
    startupRole: FOLLOWER
  }
  commitIndex: 16
}
commitInfos {
  server {
    id: "s1"
    address: "localhost:15256"
    dataStreamAddress: "localhost:15259"
    clientAddress: "localhost:15258"
    adminAddress: "localhost:15257"
    startupRole: FOLLOWER
  }
  commitIndex: 16
}
commitInfos {
  server {
    id: "s2"
    address: "localhost:15260"
    dataStreamAddress: "localhost:15263"
    clientAddress: "localhost:15262"
    adminAddress: "localhost:15261"
    startupRole: FOLLOWER
  }
  commitIndex: 16
}
)
2024-10-20 10:47:16,588 [main] WARN  util.ReferenceCountedLeakDetector (ReferenceCountedLeakDetector.java:logLeakMessage(167)) - LEAK: (class org.apache.ratis.proto.RaftProtos$AppendEntriesRequestProto, count=2, value=serverRequest {
  requestorId: "s1"
  replyId: "s2"
  raftGroupId {
    id: "\375\210\024\357\262\375HY\244\207Ci\024Gb\025"
  }
  callId: 8
}
leaderTerm: 9
previousLog {
  term: 9
  index: 16
}
leaderCommit: 16
commitInfos {
  server {
    id: "s1"
    address: "localhost:15256"
    dataStreamAddress: "localhost:15259"
    clientAddress: "localhost:15258"
    adminAddress: "localhost:15257"
    startupRole: FOLLOWER
  }
  commitIndex: 16
}
commitInfos {
  server {
    id: "s0"
    address: "localhost:15252"
    dataStreamAddress: "localhost:15255"
    clientAddress: "localhost:15254"
    adminAddress: "localhost:15253"
    startupRole: FOLLOWER
  }
  commitIndex: 16
}
commitInfos {
  server {
    id: "s2"
    address: "localhost:15260"
    dataStreamAddress: "localhost:15263"
    clientAddress: "localhost:15262"
    adminAddress: "localhost:15261"
    startupRole: FOLLOWER
  }
  commitIndex: 16
}
)
2024-10-20 10:47:16,588 [main] WARN  util.ReferenceCountedLeakDetector (ReferenceCountedLeakDetector.java:logLeakMessage(167)) - LEAK: (class org.apache.ratis.proto.RaftProtos$AppendEntriesRequestProto, count=2, value=serverRequest {
  requestorId: "s1"
  replyId: "s2"
  raftGroupId {
    id: "\375\210\024\357\262\375HY\244\207Ci\024Gb\025"
  }
}
leaderTerm: 11
previousLog {
  term: 10
  index: 18
}
leaderCommit: 17
commitInfos {
  server {
    id: "s1"
    address: "localhost:15256"
    dataStreamAddress: "localhost:15259"
    clientAddress: "localhost:15258"
    adminAddress: "localhost:15257"
    startupRole: FOLLOWER
  }
  commitIndex: 17
}
commitInfos {
  server {
    id: "s0"
    address: "localhost:15252"
    dataStreamAddress: "localhost:15255"
    clientAddress: "localhost:15254"
    adminAddress: "localhost:15253"
    startupRole: FOLLOWER
  }
  commitIndex: 17
}
commitInfos {
  server {
    id: "s2"
    address: "localhost:15260"
    dataStreamAddress: "localhost:15263"
    clientAddress: "localhost:15262"
    adminAddress: "localhost:15261"
    startupRole: FOLLOWER
  }
  commitIndex: 16
}
)
2024-10-20 10:47:16,588 [main] WARN  util.LeakDetector (LeakDetector.java:assertNoLeaks(171)) - 13/30) numLeaks == 5 > 0, will wait and retry ...
2024-10-20 10:47:17,588 [main] WARN  util.ReferenceCountedLeakDetector (ReferenceCountedLeakDetector.java:logLeakMessage(167)) - LEAK: (class org.apache.ratis.proto.RaftProtos$AppendEntriesRequestProto, count=2, value=serverRequest {
  requestorId: "s0"
  replyId: "s2"
  raftGroupId {
    id: "\375\210\024\357\262\375HY\244\207Ci\024Gb\025"
  }
}
leaderTerm: 10
previousLog {
  term: 9
  index: 16
}
leaderCommit: 16
commitInfos {
  server {
    id: "s0"
    address: "localhost:15252"
    dataStreamAddress: "localhost:15255"
    clientAddress: "localhost:15254"
    adminAddress: "localhost:15253"
    startupRole: FOLLOWER
  }
  commitIndex: 16
}
commitInfos {
  server {
    id: "s1"
    address: "localhost:15256"
    dataStreamAddress: "localhost:15259"
    clientAddress: "localhost:15258"
    adminAddress: "localhost:15257"
    startupRole: FOLLOWER
  }
  commitIndex: 16
}
commitInfos {
  server {
    id: "s2"
    address: "localhost:15260"
    dataStreamAddress: "localhost:15263"
    clientAddress: "localhost:15262"
    adminAddress: "localhost:15261"
    startupRole: FOLLOWER
  }
  commitIndex: 16
}
)
2024-10-20 10:47:17,589 [main] WARN  util.ReferenceCountedLeakDetector (ReferenceCountedLeakDetector.java:logLeakMessage(167)) - LEAK: (class org.apache.ratis.proto.RaftProtos$AppendEntriesRequestProto, count=3, value=serverRequest {
  requestorId: "s1"
  replyId: "s2"
  raftGroupId {
    id: "\375\210\024\357\262\375HY\244\207Ci\024Gb\025"
  }
  callId: 1
}
leaderTerm: 11
previousLog {
  term: 10
  index: 18
}
entries {
  term: 11
  index: 19
  configurationEntry {
    peers {
      id: "s0"
      address: "localhost:15252"
      dataStreamAddress: "localhost:15255"
      clientAddress: "localhost:15254"
      adminAddress: "localhost:15253"
      startupRole: FOLLOWER
    }
    peers {
      id: "s1"
      address: "localhost:15256"
      dataStreamAddress: "localhost:15259"
      clientAddress: "localhost:15258"
      adminAddress: "localhost:15257"
      startupRole: FOLLOWER
    }
    peers {
      id: "s2"
      address: "localhost:15260"
      dataStreamAddress: "localhost:15263"
      clientAddress: "localhost:15262"
      adminAddress: "localhost:15261"
      startupRole: FOLLOWER
    }
  }
}
leaderCommit: 17
commitInfos {
  server {
    id: "s1"
    address: "localhost:15256"
    dataStreamAddress: "localhost:15259"
    clientAddress: "localhost:15258"
    adminAddress: "localhost:15257"
    startupRole: FOLLOWER
  }
  commitIndex: 17
}
commitInfos {
  server {
    id: "s0"
    address: "localhost:15252"
    dataStreamAddress: "localhost:15255"
    clientAddress: "localhost:15254"
    adminAddress: "localhost:15253"
    startupRole: FOLLOWER
  }
  commitIndex: 17
}
commitInfos {
  server {
    id: "s2"
    address: "localhost:15260"
    dataStreamAddress: "localhost:15263"
    clientAddress: "localhost:15262"
    adminAddress: "localhost:15261"
    startupRole: FOLLOWER
  }
  commitIndex: 16
}
)
2024-10-20 10:47:17,589 [main] WARN  util.ReferenceCountedLeakDetector (ReferenceCountedLeakDetector.java:logLeakMessage(167)) - LEAK: (class org.apache.ratis.proto.RaftProtos$AppendEntriesRequestProto, count=3, value=serverRequest {
  requestorId: "s0"
  replyId: "s2"
  raftGroupId {
    id: "\375\210\024\357\262\375HY\244\207Ci\024Gb\025"
  }
  callId: 1
}
leaderTerm: 10
previousLog {
  term: 9
  index: 16
}
entries {
  term: 10
  index: 17
  configurationEntry {
    peers {
      id: "s0"
      address: "localhost:15252"
      dataStreamAddress: "localhost:15255"
      clientAddress: "localhost:15254"
      adminAddress: "localhost:15253"
      startupRole: FOLLOWER
    }
    peers {
      id: "s1"
      address: "localhost:15256"
      dataStreamAddress: "localhost:15259"
      clientAddress: "localhost:15258"
      adminAddress: "localhost:15257"
      startupRole: FOLLOWER
    }
    peers {
      id: "s2"
      address: "localhost:15260"
      dataStreamAddress: "localhost:15263"
      clientAddress: "localhost:15262"
      adminAddress: "localhost:15261"
      startupRole: FOLLOWER
    }
  }
}
leaderCommit: 16
commitInfos {
  server {
    id: "s0"
    address: "localhost:15252"
    dataStreamAddress: "localhost:15255"
    clientAddress: "localhost:15254"
    adminAddress: "localhost:15253"
    startupRole: FOLLOWER
  }
  commitIndex: 16
}
commitInfos {
  server {
    id: "s1"
    address: "localhost:15256"
    dataStreamAddress: "localhost:15259"
    clientAddress: "localhost:15258"
    adminAddress: "localhost:15257"
    startupRole: FOLLOWER
  }
  commitIndex: 16
}
commitInfos {
  server {
    id: "s2"
    address: "localhost:15260"
    dataStreamAddress: "localhost:15263"
    clientAddress: "localhost:15262"
    adminAddress: "localhost:15261"
    startupRole: FOLLOWER
  }
  commitIndex: 16
}
)
2024-10-20 10:47:17,589 [main] WARN  util.ReferenceCountedLeakDetector (ReferenceCountedLeakDetector.java:logLeakMessage(167)) - LEAK: (class org.apache.ratis.proto.RaftProtos$AppendEntriesRequestProto, count=2, value=serverRequest {
  requestorId: "s1"
  replyId: "s2"
  raftGroupId {
    id: "\375\210\024\357\262\375HY\244\207Ci\024Gb\025"
  }
  callId: 8
}
leaderTerm: 9
previousLog {
  term: 9
  index: 16
}
leaderCommit: 16
commitInfos {
  server {
    id: "s1"
    address: "localhost:15256"
    dataStreamAddress: "localhost:15259"
    clientAddress: "localhost:15258"
    adminAddress: "localhost:15257"
    startupRole: FOLLOWER
  }
  commitIndex: 16
}
commitInfos {
  server {
    id: "s0"
    address: "localhost:15252"
    dataStreamAddress: "localhost:15255"
    clientAddress: "localhost:15254"
    adminAddress: "localhost:15253"
    startupRole: FOLLOWER
  }
  commitIndex: 16
}
commitInfos {
  server {
    id: "s2"
    address: "localhost:15260"
    dataStreamAddress: "localhost:15263"
    clientAddress: "localhost:15262"
    adminAddress: "localhost:15261"
    startupRole: FOLLOWER
  }
  commitIndex: 16
}
)
2024-10-20 10:47:17,589 [main] WARN  util.ReferenceCountedLeakDetector (ReferenceCountedLeakDetector.java:logLeakMessage(167)) - LEAK: (class org.apache.ratis.proto.RaftProtos$AppendEntriesRequestProto, count=2, value=serverRequest {
  requestorId: "s1"
  replyId: "s2"
  raftGroupId {
    id: "\375\210\024\357\262\375HY\244\207Ci\024Gb\025"
  }
}
leaderTerm: 11
previousLog {
  term: 10
  index: 18
}
leaderCommit: 17
commitInfos {
  server {
    id: "s1"
    address: "localhost:15256"
    dataStreamAddress: "localhost:15259"
    clientAddress: "localhost:15258"
    adminAddress: "localhost:15257"
    startupRole: FOLLOWER
  }
  commitIndex: 17
}
commitInfos {
  server {
    id: "s0"
    address: "localhost:15252"
    dataStreamAddress: "localhost:15255"
    clientAddress: "localhost:15254"
    adminAddress: "localhost:15253"
    startupRole: FOLLOWER
  }
  commitIndex: 17
}
commitInfos {
  server {
    id: "s2"
    address: "localhost:15260"
    dataStreamAddress: "localhost:15263"
    clientAddress: "localhost:15262"
    adminAddress: "localhost:15261"
    startupRole: FOLLOWER
  }
  commitIndex: 16
}
)
2024-10-20 10:47:17,589 [main] WARN  util.LeakDetector (LeakDetector.java:assertNoLeaks(171)) - 14/30) numLeaks == 5 > 0, will wait and retry ...
2024-10-20 10:47:18,589 [main] WARN  util.ReferenceCountedLeakDetector (ReferenceCountedLeakDetector.java:logLeakMessage(167)) - LEAK: (class org.apache.ratis.proto.RaftProtos$AppendEntriesRequestProto, count=2, value=serverRequest {
  requestorId: "s0"
  replyId: "s2"
  raftGroupId {
    id: "\375\210\024\357\262\375HY\244\207Ci\024Gb\025"
  }
}
leaderTerm: 10
previousLog {
  term: 9
  index: 16
}
leaderCommit: 16
commitInfos {
  server {
    id: "s0"
    address: "localhost:15252"
    dataStreamAddress: "localhost:15255"
    clientAddress: "localhost:15254"
    adminAddress: "localhost:15253"
    startupRole: FOLLOWER
  }
  commitIndex: 16
}
commitInfos {
  server {
    id: "s1"
    address: "localhost:15256"
    dataStreamAddress: "localhost:15259"
    clientAddress: "localhost:15258"
    adminAddress: "localhost:15257"
    startupRole: FOLLOWER
  }
  commitIndex: 16
}
commitInfos {
  server {
    id: "s2"
    address: "localhost:15260"
    dataStreamAddress: "localhost:15263"
    clientAddress: "localhost:15262"
    adminAddress: "localhost:15261"
    startupRole: FOLLOWER
  }
  commitIndex: 16
}
)
2024-10-20 10:47:18,590 [main] WARN  util.ReferenceCountedLeakDetector (ReferenceCountedLeakDetector.java:logLeakMessage(167)) - LEAK: (class org.apache.ratis.proto.RaftProtos$AppendEntriesRequestProto, count=3, value=serverRequest {
  requestorId: "s1"
  replyId: "s2"
  raftGroupId {
    id: "\375\210\024\357\262\375HY\244\207Ci\024Gb\025"
  }
  callId: 1
}
leaderTerm: 11
previousLog {
  term: 10
  index: 18
}
entries {
  term: 11
  index: 19
  configurationEntry {
    peers {
      id: "s0"
      address: "localhost:15252"
      dataStreamAddress: "localhost:15255"
      clientAddress: "localhost:15254"
      adminAddress: "localhost:15253"
      startupRole: FOLLOWER
    }
    peers {
      id: "s1"
      address: "localhost:15256"
      dataStreamAddress: "localhost:15259"
      clientAddress: "localhost:15258"
      adminAddress: "localhost:15257"
      startupRole: FOLLOWER
    }
    peers {
      id: "s2"
      address: "localhost:15260"
      dataStreamAddress: "localhost:15263"
      clientAddress: "localhost:15262"
      adminAddress: "localhost:15261"
      startupRole: FOLLOWER
    }
  }
}
leaderCommit: 17
commitInfos {
  server {
    id: "s1"
    address: "localhost:15256"
    dataStreamAddress: "localhost:15259"
    clientAddress: "localhost:15258"
    adminAddress: "localhost:15257"
    startupRole: FOLLOWER
  }
  commitIndex: 17
}
commitInfos {
  server {
    id: "s0"
    address: "localhost:15252"
    dataStreamAddress: "localhost:15255"
    clientAddress: "localhost:15254"
    adminAddress: "localhost:15253"
    startupRole: FOLLOWER
  }
  commitIndex: 17
}
commitInfos {
  server {
    id: "s2"
    address: "localhost:15260"
    dataStreamAddress: "localhost:15263"
    clientAddress: "localhost:15262"
    adminAddress: "localhost:15261"
    startupRole: FOLLOWER
  }
  commitIndex: 16
}
)
2024-10-20 10:47:18,590 [main] WARN  util.ReferenceCountedLeakDetector (ReferenceCountedLeakDetector.java:logLeakMessage(167)) - LEAK: (class org.apache.ratis.proto.RaftProtos$AppendEntriesRequestProto, count=3, value=serverRequest {
  requestorId: "s0"
  replyId: "s2"
  raftGroupId {
    id: "\375\210\024\357\262\375HY\244\207Ci\024Gb\025"
  }
  callId: 1
}
leaderTerm: 10
previousLog {
  term: 9
  index: 16
}
entries {
  term: 10
  index: 17
  configurationEntry {
    peers {
      id: "s0"
      address: "localhost:15252"
      dataStreamAddress: "localhost:15255"
      clientAddress: "localhost:15254"
      adminAddress: "localhost:15253"
      startupRole: FOLLOWER
    }
    peers {
      id: "s1"
      address: "localhost:15256"
      dataStreamAddress: "localhost:15259"
      clientAddress: "localhost:15258"
      adminAddress: "localhost:15257"
      startupRole: FOLLOWER
    }
    peers {
      id: "s2"
      address: "localhost:15260"
      dataStreamAddress: "localhost:15263"
      clientAddress: "localhost:15262"
      adminAddress: "localhost:15261"
      startupRole: FOLLOWER
    }
  }
}
leaderCommit: 16
commitInfos {
  server {
    id: "s0"
    address: "localhost:15252"
    dataStreamAddress: "localhost:15255"
    clientAddress: "localhost:15254"
    adminAddress: "localhost:15253"
    startupRole: FOLLOWER
  }
  commitIndex: 16
}
commitInfos {
  server {
    id: "s1"
    address: "localhost:15256"
    dataStreamAddress: "localhost:15259"
    clientAddress: "localhost:15258"
    adminAddress: "localhost:15257"
    startupRole: FOLLOWER
  }
  commitIndex: 16
}
commitInfos {
  server {
    id: "s2"
    address: "localhost:15260"
    dataStreamAddress: "localhost:15263"
    clientAddress: "localhost:15262"
    adminAddress: "localhost:15261"
    startupRole: FOLLOWER
  }
  commitIndex: 16
}
)
2024-10-20 10:47:18,590 [main] WARN  util.ReferenceCountedLeakDetector (ReferenceCountedLeakDetector.java:logLeakMessage(167)) - LEAK: (class org.apache.ratis.proto.RaftProtos$AppendEntriesRequestProto, count=2, value=serverRequest {
  requestorId: "s1"
  replyId: "s2"
  raftGroupId {
    id: "\375\210\024\357\262\375HY\244\207Ci\024Gb\025"
  }
  callId: 8
}
leaderTerm: 9
previousLog {
  term: 9
  index: 16
}
leaderCommit: 16
commitInfos {
  server {
    id: "s1"
    address: "localhost:15256"
    dataStreamAddress: "localhost:15259"
    clientAddress: "localhost:15258"
    adminAddress: "localhost:15257"
    startupRole: FOLLOWER
  }
  commitIndex: 16
}
commitInfos {
  server {
    id: "s0"
    address: "localhost:15252"
    dataStreamAddress: "localhost:15255"
    clientAddress: "localhost:15254"
    adminAddress: "localhost:15253"
    startupRole: FOLLOWER
  }
  commitIndex: 16
}
commitInfos {
  server {
    id: "s2"
    address: "localhost:15260"
    dataStreamAddress: "localhost:15263"
    clientAddress: "localhost:15262"
    adminAddress: "localhost:15261"
    startupRole: FOLLOWER
  }
  commitIndex: 16
}
)
2024-10-20 10:47:18,590 [main] WARN  util.ReferenceCountedLeakDetector (ReferenceCountedLeakDetector.java:logLeakMessage(167)) - LEAK: (class org.apache.ratis.proto.RaftProtos$AppendEntriesRequestProto, count=2, value=serverRequest {
  requestorId: "s1"
  replyId: "s2"
  raftGroupId {
    id: "\375\210\024\357\262\375HY\244\207Ci\024Gb\025"
  }
}
leaderTerm: 11
previousLog {
  term: 10
  index: 18
}
leaderCommit: 17
commitInfos {
  server {
    id: "s1"
    address: "localhost:15256"
    dataStreamAddress: "localhost:15259"
    clientAddress: "localhost:15258"
    adminAddress: "localhost:15257"
    startupRole: FOLLOWER
  }
  commitIndex: 17
}
commitInfos {
  server {
    id: "s0"
    address: "localhost:15252"
    dataStreamAddress: "localhost:15255"
    clientAddress: "localhost:15254"
    adminAddress: "localhost:15253"
    startupRole: FOLLOWER
  }
  commitIndex: 17
}
commitInfos {
  server {
    id: "s2"
    address: "localhost:15260"
    dataStreamAddress: "localhost:15263"
    clientAddress: "localhost:15262"
    adminAddress: "localhost:15261"
    startupRole: FOLLOWER
  }
  commitIndex: 16
}
)
2024-10-20 10:47:18,590 [main] WARN  util.LeakDetector (LeakDetector.java:assertNoLeaks(171)) - 15/30) numLeaks == 5 > 0, will wait and retry ...
2024-10-20 10:47:19,590 [main] WARN  util.ReferenceCountedLeakDetector (ReferenceCountedLeakDetector.java:logLeakMessage(167)) - LEAK: (class org.apache.ratis.proto.RaftProtos$AppendEntriesRequestProto, count=2, value=serverRequest {
  requestorId: "s0"
  replyId: "s2"
  raftGroupId {
    id: "\375\210\024\357\262\375HY\244\207Ci\024Gb\025"
  }
}
leaderTerm: 10
previousLog {
  term: 9
  index: 16
}
leaderCommit: 16
commitInfos {
  server {
    id: "s0"
    address: "localhost:15252"
    dataStreamAddress: "localhost:15255"
    clientAddress: "localhost:15254"
    adminAddress: "localhost:15253"
    startupRole: FOLLOWER
  }
  commitIndex: 16
}
commitInfos {
  server {
    id: "s1"
    address: "localhost:15256"
    dataStreamAddress: "localhost:15259"
    clientAddress: "localhost:15258"
    adminAddress: "localhost:15257"
    startupRole: FOLLOWER
  }
  commitIndex: 16
}
commitInfos {
  server {
    id: "s2"
    address: "localhost:15260"
    dataStreamAddress: "localhost:15263"
    clientAddress: "localhost:15262"
    adminAddress: "localhost:15261"
    startupRole: FOLLOWER
  }
  commitIndex: 16
}
)
2024-10-20 10:47:19,591 [main] WARN  util.ReferenceCountedLeakDetector (ReferenceCountedLeakDetector.java:logLeakMessage(167)) - LEAK: (class org.apache.ratis.proto.RaftProtos$AppendEntriesRequestProto, count=3, value=serverRequest {
  requestorId: "s1"
  replyId: "s2"
  raftGroupId {
    id: "\375\210\024\357\262\375HY\244\207Ci\024Gb\025"
  }
  callId: 1
}
leaderTerm: 11
previousLog {
  term: 10
  index: 18
}
entries {
  term: 11
  index: 19
  configurationEntry {
    peers {
      id: "s0"
      address: "localhost:15252"
      dataStreamAddress: "localhost:15255"
      clientAddress: "localhost:15254"
      adminAddress: "localhost:15253"
      startupRole: FOLLOWER
    }
    peers {
      id: "s1"
      address: "localhost:15256"
      dataStreamAddress: "localhost:15259"
      clientAddress: "localhost:15258"
      adminAddress: "localhost:15257"
      startupRole: FOLLOWER
    }
    peers {
      id: "s2"
      address: "localhost:15260"
      dataStreamAddress: "localhost:15263"
      clientAddress: "localhost:15262"
      adminAddress: "localhost:15261"
      startupRole: FOLLOWER
    }
  }
}
leaderCommit: 17
commitInfos {
  server {
    id: "s1"
    address: "localhost:15256"
    dataStreamAddress: "localhost:15259"
    clientAddress: "localhost:15258"
    adminAddress: "localhost:15257"
    startupRole: FOLLOWER
  }
  commitIndex: 17
}
commitInfos {
  server {
    id: "s0"
    address: "localhost:15252"
    dataStreamAddress: "localhost:15255"
    clientAddress: "localhost:15254"
    adminAddress: "localhost:15253"
    startupRole: FOLLOWER
  }
  commitIndex: 17
}
commitInfos {
  server {
    id: "s2"
    address: "localhost:15260"
    dataStreamAddress: "localhost:15263"
    clientAddress: "localhost:15262"
    adminAddress: "localhost:15261"
    startupRole: FOLLOWER
  }
  commitIndex: 16
}
)
2024-10-20 10:47:19,591 [main] WARN  util.ReferenceCountedLeakDetector (ReferenceCountedLeakDetector.java:logLeakMessage(167)) - LEAK: (class org.apache.ratis.proto.RaftProtos$AppendEntriesRequestProto, count=3, value=serverRequest {
  requestorId: "s0"
  replyId: "s2"
  raftGroupId {
    id: "\375\210\024\357\262\375HY\244\207Ci\024Gb\025"
  }
  callId: 1
}
leaderTerm: 10
previousLog {
  term: 9
  index: 16
}
entries {
  term: 10
  index: 17
  configurationEntry {
    peers {
      id: "s0"
      address: "localhost:15252"
      dataStreamAddress: "localhost:15255"
      clientAddress: "localhost:15254"
      adminAddress: "localhost:15253"
      startupRole: FOLLOWER
    }
    peers {
      id: "s1"
      address: "localhost:15256"
      dataStreamAddress: "localhost:15259"
      clientAddress: "localhost:15258"
      adminAddress: "localhost:15257"
      startupRole: FOLLOWER
    }
    peers {
      id: "s2"
      address: "localhost:15260"
      dataStreamAddress: "localhost:15263"
      clientAddress: "localhost:15262"
      adminAddress: "localhost:15261"
      startupRole: FOLLOWER
    }
  }
}
leaderCommit: 16
commitInfos {
  server {
    id: "s0"
    address: "localhost:15252"
    dataStreamAddress: "localhost:15255"
    clientAddress: "localhost:15254"
    adminAddress: "localhost:15253"
    startupRole: FOLLOWER
  }
  commitIndex: 16
}
commitInfos {
  server {
    id: "s1"
    address: "localhost:15256"
    dataStreamAddress: "localhost:15259"
    clientAddress: "localhost:15258"
    adminAddress: "localhost:15257"
    startupRole: FOLLOWER
  }
  commitIndex: 16
}
commitInfos {
  server {
    id: "s2"
    address: "localhost:15260"
    dataStreamAddress: "localhost:15263"
    clientAddress: "localhost:15262"
    adminAddress: "localhost:15261"
    startupRole: FOLLOWER
  }
  commitIndex: 16
}
)
2024-10-20 10:47:19,591 [main] WARN  util.ReferenceCountedLeakDetector (ReferenceCountedLeakDetector.java:logLeakMessage(167)) - LEAK: (class org.apache.ratis.proto.RaftProtos$AppendEntriesRequestProto, count=2, value=serverRequest {
  requestorId: "s1"
  replyId: "s2"
  raftGroupId {
    id: "\375\210\024\357\262\375HY\244\207Ci\024Gb\025"
  }
  callId: 8
}
leaderTerm: 9
previousLog {
  term: 9
  index: 16
}
leaderCommit: 16
commitInfos {
  server {
    id: "s1"
    address: "localhost:15256"
    dataStreamAddress: "localhost:15259"
    clientAddress: "localhost:15258"
    adminAddress: "localhost:15257"
    startupRole: FOLLOWER
  }
  commitIndex: 16
}
commitInfos {
  server {
    id: "s0"
    address: "localhost:15252"
    dataStreamAddress: "localhost:15255"
    clientAddress: "localhost:15254"
    adminAddress: "localhost:15253"
    startupRole: FOLLOWER
  }
  commitIndex: 16
}
commitInfos {
  server {
    id: "s2"
    address: "localhost:15260"
    dataStreamAddress: "localhost:15263"
    clientAddress: "localhost:15262"
    adminAddress: "localhost:15261"
    startupRole: FOLLOWER
  }
  commitIndex: 16
}
)
2024-10-20 10:47:19,591 [main] WARN  util.ReferenceCountedLeakDetector (ReferenceCountedLeakDetector.java:logLeakMessage(167)) - LEAK: (class org.apache.ratis.proto.RaftProtos$AppendEntriesRequestProto, count=2, value=serverRequest {
  requestorId: "s1"
  replyId: "s2"
  raftGroupId {
    id: "\375\210\024\357\262\375HY\244\207Ci\024Gb\025"
  }
}
leaderTerm: 11
previousLog {
  term: 10
  index: 18
}
leaderCommit: 17
commitInfos {
  server {
    id: "s1"
    address: "localhost:15256"
    dataStreamAddress: "localhost:15259"
    clientAddress: "localhost:15258"
    adminAddress: "localhost:15257"
    startupRole: FOLLOWER
  }
  commitIndex: 17
}
commitInfos {
  server {
    id: "s0"
    address: "localhost:15252"
    dataStreamAddress: "localhost:15255"
    clientAddress: "localhost:15254"
    adminAddress: "localhost:15253"
    startupRole: FOLLOWER
  }
  commitIndex: 17
}
commitInfos {
  server {
    id: "s2"
    address: "localhost:15260"
    dataStreamAddress: "localhost:15263"
    clientAddress: "localhost:15262"
    adminAddress: "localhost:15261"
    startupRole: FOLLOWER
  }
  commitIndex: 16
}
)
2024-10-20 10:47:19,591 [main] WARN  util.LeakDetector (LeakDetector.java:assertNoLeaks(171)) - 16/30) numLeaks == 5 > 0, will wait and retry ...
2024-10-20 10:47:20,592 [main] WARN  util.ReferenceCountedLeakDetector (ReferenceCountedLeakDetector.java:logLeakMessage(167)) - LEAK: (class org.apache.ratis.proto.RaftProtos$AppendEntriesRequestProto, count=2, value=serverRequest {
  requestorId: "s0"
  replyId: "s2"
  raftGroupId {
    id: "\375\210\024\357\262\375HY\244\207Ci\024Gb\025"
  }
}
leaderTerm: 10
previousLog {
  term: 9
  index: 16
}
leaderCommit: 16
commitInfos {
  server {
    id: "s0"
    address: "localhost:15252"
    dataStreamAddress: "localhost:15255"
    clientAddress: "localhost:15254"
    adminAddress: "localhost:15253"
    startupRole: FOLLOWER
  }
  commitIndex: 16
}
commitInfos {
  server {
    id: "s1"
    address: "localhost:15256"
    dataStreamAddress: "localhost:15259"
    clientAddress: "localhost:15258"
    adminAddress: "localhost:15257"
    startupRole: FOLLOWER
  }
  commitIndex: 16
}
commitInfos {
  server {
    id: "s2"
    address: "localhost:15260"
    dataStreamAddress: "localhost:15263"
    clientAddress: "localhost:15262"
    adminAddress: "localhost:15261"
    startupRole: FOLLOWER
  }
  commitIndex: 16
}
)
2024-10-20 10:47:20,592 [main] WARN  util.ReferenceCountedLeakDetector (ReferenceCountedLeakDetector.java:logLeakMessage(167)) - LEAK: (class org.apache.ratis.proto.RaftProtos$AppendEntriesRequestProto, count=3, value=serverRequest {
  requestorId: "s1"
  replyId: "s2"
  raftGroupId {
    id: "\375\210\024\357\262\375HY\244\207Ci\024Gb\025"
  }
  callId: 1
}
leaderTerm: 11
previousLog {
  term: 10
  index: 18
}
entries {
  term: 11
  index: 19
  configurationEntry {
    peers {
      id: "s0"
      address: "localhost:15252"
      dataStreamAddress: "localhost:15255"
      clientAddress: "localhost:15254"
      adminAddress: "localhost:15253"
      startupRole: FOLLOWER
    }
    peers {
      id: "s1"
      address: "localhost:15256"
      dataStreamAddress: "localhost:15259"
      clientAddress: "localhost:15258"
      adminAddress: "localhost:15257"
      startupRole: FOLLOWER
    }
    peers {
      id: "s2"
      address: "localhost:15260"
      dataStreamAddress: "localhost:15263"
      clientAddress: "localhost:15262"
      adminAddress: "localhost:15261"
      startupRole: FOLLOWER
    }
  }
}
leaderCommit: 17
commitInfos {
  server {
    id: "s1"
    address: "localhost:15256"
    dataStreamAddress: "localhost:15259"
    clientAddress: "localhost:15258"
    adminAddress: "localhost:15257"
    startupRole: FOLLOWER
  }
  commitIndex: 17
}
commitInfos {
  server {
    id: "s0"
    address: "localhost:15252"
    dataStreamAddress: "localhost:15255"
    clientAddress: "localhost:15254"
    adminAddress: "localhost:15253"
    startupRole: FOLLOWER
  }
  commitIndex: 17
}
commitInfos {
  server {
    id: "s2"
    address: "localhost:15260"
    dataStreamAddress: "localhost:15263"
    clientAddress: "localhost:15262"
    adminAddress: "localhost:15261"
    startupRole: FOLLOWER
  }
  commitIndex: 16
}
)
2024-10-20 10:47:20,592 [main] WARN  util.ReferenceCountedLeakDetector (ReferenceCountedLeakDetector.java:logLeakMessage(167)) - LEAK: (class org.apache.ratis.proto.RaftProtos$AppendEntriesRequestProto, count=3, value=serverRequest {
  requestorId: "s0"
  replyId: "s2"
  raftGroupId {
    id: "\375\210\024\357\262\375HY\244\207Ci\024Gb\025"
  }
  callId: 1
}
leaderTerm: 10
previousLog {
  term: 9
  index: 16
}
entries {
  term: 10
  index: 17
  configurationEntry {
    peers {
      id: "s0"
      address: "localhost:15252"
      dataStreamAddress: "localhost:15255"
      clientAddress: "localhost:15254"
      adminAddress: "localhost:15253"
      startupRole: FOLLOWER
    }
    peers {
      id: "s1"
      address: "localhost:15256"
      dataStreamAddress: "localhost:15259"
      clientAddress: "localhost:15258"
      adminAddress: "localhost:15257"
      startupRole: FOLLOWER
    }
    peers {
      id: "s2"
      address: "localhost:15260"
      dataStreamAddress: "localhost:15263"
      clientAddress: "localhost:15262"
      adminAddress: "localhost:15261"
      startupRole: FOLLOWER
    }
  }
}
leaderCommit: 16
commitInfos {
  server {
    id: "s0"
    address: "localhost:15252"
    dataStreamAddress: "localhost:15255"
    clientAddress: "localhost:15254"
    adminAddress: "localhost:15253"
    startupRole: FOLLOWER
  }
  commitIndex: 16
}
commitInfos {
  server {
    id: "s1"
    address: "localhost:15256"
    dataStreamAddress: "localhost:15259"
    clientAddress: "localhost:15258"
    adminAddress: "localhost:15257"
    startupRole: FOLLOWER
  }
  commitIndex: 16
}
commitInfos {
  server {
    id: "s2"
    address: "localhost:15260"
    dataStreamAddress: "localhost:15263"
    clientAddress: "localhost:15262"
    adminAddress: "localhost:15261"
    startupRole: FOLLOWER
  }
  commitIndex: 16
}
)
2024-10-20 10:47:20,592 [main] WARN  util.ReferenceCountedLeakDetector (ReferenceCountedLeakDetector.java:logLeakMessage(167)) - LEAK: (class org.apache.ratis.proto.RaftProtos$AppendEntriesRequestProto, count=2, value=serverRequest {
  requestorId: "s1"
  replyId: "s2"
  raftGroupId {
    id: "\375\210\024\357\262\375HY\244\207Ci\024Gb\025"
  }
  callId: 8
}
leaderTerm: 9
previousLog {
  term: 9
  index: 16
}
leaderCommit: 16
commitInfos {
  server {
    id: "s1"
    address: "localhost:15256"
    dataStreamAddress: "localhost:15259"
    clientAddress: "localhost:15258"
    adminAddress: "localhost:15257"
    startupRole: FOLLOWER
  }
  commitIndex: 16
}
commitInfos {
  server {
    id: "s0"
    address: "localhost:15252"
    dataStreamAddress: "localhost:15255"
    clientAddress: "localhost:15254"
    adminAddress: "localhost:15253"
    startupRole: FOLLOWER
  }
  commitIndex: 16
}
commitInfos {
  server {
    id: "s2"
    address: "localhost:15260"
    dataStreamAddress: "localhost:15263"
    clientAddress: "localhost:15262"
    adminAddress: "localhost:15261"
    startupRole: FOLLOWER
  }
  commitIndex: 16
}
)
2024-10-20 10:47:20,592 [main] WARN  util.ReferenceCountedLeakDetector (ReferenceCountedLeakDetector.java:logLeakMessage(167)) - LEAK: (class org.apache.ratis.proto.RaftProtos$AppendEntriesRequestProto, count=2, value=serverRequest {
  requestorId: "s1"
  replyId: "s2"
  raftGroupId {
    id: "\375\210\024\357\262\375HY\244\207Ci\024Gb\025"
  }
}
leaderTerm: 11
previousLog {
  term: 10
  index: 18
}
leaderCommit: 17
commitInfos {
  server {
    id: "s1"
    address: "localhost:15256"
    dataStreamAddress: "localhost:15259"
    clientAddress: "localhost:15258"
    adminAddress: "localhost:15257"
    startupRole: FOLLOWER
  }
  commitIndex: 17
}
commitInfos {
  server {
    id: "s0"
    address: "localhost:15252"
    dataStreamAddress: "localhost:15255"
    clientAddress: "localhost:15254"
    adminAddress: "localhost:15253"
    startupRole: FOLLOWER
  }
  commitIndex: 17
}
commitInfos {
  server {
    id: "s2"
    address: "localhost:15260"
    dataStreamAddress: "localhost:15263"
    clientAddress: "localhost:15262"
    adminAddress: "localhost:15261"
    startupRole: FOLLOWER
  }
  commitIndex: 16
}
)
2024-10-20 10:47:20,593 [main] WARN  util.LeakDetector (LeakDetector.java:assertNoLeaks(171)) - 17/30) numLeaks == 5 > 0, will wait and retry ...
2024-10-20 10:47:21,593 [main] WARN  util.ReferenceCountedLeakDetector (ReferenceCountedLeakDetector.java:logLeakMessage(167)) - LEAK: (class org.apache.ratis.proto.RaftProtos$AppendEntriesRequestProto, count=2, value=serverRequest {
  requestorId: "s0"
  replyId: "s2"
  raftGroupId {
    id: "\375\210\024\357\262\375HY\244\207Ci\024Gb\025"
  }
}
leaderTerm: 10
previousLog {
  term: 9
  index: 16
}
leaderCommit: 16
commitInfos {
  server {
    id: "s0"
    address: "localhost:15252"
    dataStreamAddress: "localhost:15255"
    clientAddress: "localhost:15254"
    adminAddress: "localhost:15253"
    startupRole: FOLLOWER
  }
  commitIndex: 16
}
commitInfos {
  server {
    id: "s1"
    address: "localhost:15256"
    dataStreamAddress: "localhost:15259"
    clientAddress: "localhost:15258"
    adminAddress: "localhost:15257"
    startupRole: FOLLOWER
  }
  commitIndex: 16
}
commitInfos {
  server {
    id: "s2"
    address: "localhost:15260"
    dataStreamAddress: "localhost:15263"
    clientAddress: "localhost:15262"
    adminAddress: "localhost:15261"
    startupRole: FOLLOWER
  }
  commitIndex: 16
}
)
2024-10-20 10:47:21,593 [main] WARN  util.ReferenceCountedLeakDetector (ReferenceCountedLeakDetector.java:logLeakMessage(167)) - LEAK: (class org.apache.ratis.proto.RaftProtos$AppendEntriesRequestProto, count=3, value=serverRequest {
  requestorId: "s1"
  replyId: "s2"
  raftGroupId {
    id: "\375\210\024\357\262\375HY\244\207Ci\024Gb\025"
  }
  callId: 1
}
leaderTerm: 11
previousLog {
  term: 10
  index: 18
}
entries {
  term: 11
  index: 19
  configurationEntry {
    peers {
      id: "s0"
      address: "localhost:15252"
      dataStreamAddress: "localhost:15255"
      clientAddress: "localhost:15254"
      adminAddress: "localhost:15253"
      startupRole: FOLLOWER
    }
    peers {
      id: "s1"
      address: "localhost:15256"
      dataStreamAddress: "localhost:15259"
      clientAddress: "localhost:15258"
      adminAddress: "localhost:15257"
      startupRole: FOLLOWER
    }
    peers {
      id: "s2"
      address: "localhost:15260"
      dataStreamAddress: "localhost:15263"
      clientAddress: "localhost:15262"
      adminAddress: "localhost:15261"
      startupRole: FOLLOWER
    }
  }
}
leaderCommit: 17
commitInfos {
  server {
    id: "s1"
    address: "localhost:15256"
    dataStreamAddress: "localhost:15259"
    clientAddress: "localhost:15258"
    adminAddress: "localhost:15257"
    startupRole: FOLLOWER
  }
  commitIndex: 17
}
commitInfos {
  server {
    id: "s0"
    address: "localhost:15252"
    dataStreamAddress: "localhost:15255"
    clientAddress: "localhost:15254"
    adminAddress: "localhost:15253"
    startupRole: FOLLOWER
  }
  commitIndex: 17
}
commitInfos {
  server {
    id: "s2"
    address: "localhost:15260"
    dataStreamAddress: "localhost:15263"
    clientAddress: "localhost:15262"
    adminAddress: "localhost:15261"
    startupRole: FOLLOWER
  }
  commitIndex: 16
}
)
2024-10-20 10:47:21,593 [main] WARN  util.ReferenceCountedLeakDetector (ReferenceCountedLeakDetector.java:logLeakMessage(167)) - LEAK: (class org.apache.ratis.proto.RaftProtos$AppendEntriesRequestProto, count=3, value=serverRequest {
  requestorId: "s0"
  replyId: "s2"
  raftGroupId {
    id: "\375\210\024\357\262\375HY\244\207Ci\024Gb\025"
  }
  callId: 1
}
leaderTerm: 10
previousLog {
  term: 9
  index: 16
}
entries {
  term: 10
  index: 17
  configurationEntry {
    peers {
      id: "s0"
      address: "localhost:15252"
      dataStreamAddress: "localhost:15255"
      clientAddress: "localhost:15254"
      adminAddress: "localhost:15253"
      startupRole: FOLLOWER
    }
    peers {
      id: "s1"
      address: "localhost:15256"
      dataStreamAddress: "localhost:15259"
      clientAddress: "localhost:15258"
      adminAddress: "localhost:15257"
      startupRole: FOLLOWER
    }
    peers {
      id: "s2"
      address: "localhost:15260"
      dataStreamAddress: "localhost:15263"
      clientAddress: "localhost:15262"
      adminAddress: "localhost:15261"
      startupRole: FOLLOWER
    }
  }
}
leaderCommit: 16
commitInfos {
  server {
    id: "s0"
    address: "localhost:15252"
    dataStreamAddress: "localhost:15255"
    clientAddress: "localhost:15254"
    adminAddress: "localhost:15253"
    startupRole: FOLLOWER
  }
  commitIndex: 16
}
commitInfos {
  server {
    id: "s1"
    address: "localhost:15256"
    dataStreamAddress: "localhost:15259"
    clientAddress: "localhost:15258"
    adminAddress: "localhost:15257"
    startupRole: FOLLOWER
  }
  commitIndex: 16
}
commitInfos {
  server {
    id: "s2"
    address: "localhost:15260"
    dataStreamAddress: "localhost:15263"
    clientAddress: "localhost:15262"
    adminAddress: "localhost:15261"
    startupRole: FOLLOWER
  }
  commitIndex: 16
}
)
2024-10-20 10:47:21,593 [main] WARN  util.ReferenceCountedLeakDetector (ReferenceCountedLeakDetector.java:logLeakMessage(167)) - LEAK: (class org.apache.ratis.proto.RaftProtos$AppendEntriesRequestProto, count=2, value=serverRequest {
  requestorId: "s1"
  replyId: "s2"
  raftGroupId {
    id: "\375\210\024\357\262\375HY\244\207Ci\024Gb\025"
  }
  callId: 8
}
leaderTerm: 9
previousLog {
  term: 9
  index: 16
}
leaderCommit: 16
commitInfos {
  server {
    id: "s1"
    address: "localhost:15256"
    dataStreamAddress: "localhost:15259"
    clientAddress: "localhost:15258"
    adminAddress: "localhost:15257"
    startupRole: FOLLOWER
  }
  commitIndex: 16
}
commitInfos {
  server {
    id: "s0"
    address: "localhost:15252"
    dataStreamAddress: "localhost:15255"
    clientAddress: "localhost:15254"
    adminAddress: "localhost:15253"
    startupRole: FOLLOWER
  }
  commitIndex: 16
}
commitInfos {
  server {
    id: "s2"
    address: "localhost:15260"
    dataStreamAddress: "localhost:15263"
    clientAddress: "localhost:15262"
    adminAddress: "localhost:15261"
    startupRole: FOLLOWER
  }
  commitIndex: 16
}
)
2024-10-20 10:47:21,594 [main] WARN  util.ReferenceCountedLeakDetector (ReferenceCountedLeakDetector.java:logLeakMessage(167)) - LEAK: (class org.apache.ratis.proto.RaftProtos$AppendEntriesRequestProto, count=2, value=serverRequest {
  requestorId: "s1"
  replyId: "s2"
  raftGroupId {
    id: "\375\210\024\357\262\375HY\244\207Ci\024Gb\025"
  }
}
leaderTerm: 11
previousLog {
  term: 10
  index: 18
}
leaderCommit: 17
commitInfos {
  server {
    id: "s1"
    address: "localhost:15256"
    dataStreamAddress: "localhost:15259"
    clientAddress: "localhost:15258"
    adminAddress: "localhost:15257"
    startupRole: FOLLOWER
  }
  commitIndex: 17
}
commitInfos {
  server {
    id: "s0"
    address: "localhost:15252"
    dataStreamAddress: "localhost:15255"
    clientAddress: "localhost:15254"
    adminAddress: "localhost:15253"
    startupRole: FOLLOWER
  }
  commitIndex: 17
}
commitInfos {
  server {
    id: "s2"
    address: "localhost:15260"
    dataStreamAddress: "localhost:15263"
    clientAddress: "localhost:15262"
    adminAddress: "localhost:15261"
    startupRole: FOLLOWER
  }
  commitIndex: 16
}
)
2024-10-20 10:47:21,594 [main] WARN  util.LeakDetector (LeakDetector.java:assertNoLeaks(171)) - 18/30) numLeaks == 5 > 0, will wait and retry ...
2024-10-20 10:47:22,594 [main] WARN  util.ReferenceCountedLeakDetector (ReferenceCountedLeakDetector.java:logLeakMessage(167)) - LEAK: (class org.apache.ratis.proto.RaftProtos$AppendEntriesRequestProto, count=2, value=serverRequest {
  requestorId: "s0"
  replyId: "s2"
  raftGroupId {
    id: "\375\210\024\357\262\375HY\244\207Ci\024Gb\025"
  }
}
leaderTerm: 10
previousLog {
  term: 9
  index: 16
}
leaderCommit: 16
commitInfos {
  server {
    id: "s0"
    address: "localhost:15252"
    dataStreamAddress: "localhost:15255"
    clientAddress: "localhost:15254"
    adminAddress: "localhost:15253"
    startupRole: FOLLOWER
  }
  commitIndex: 16
}
commitInfos {
  server {
    id: "s1"
    address: "localhost:15256"
    dataStreamAddress: "localhost:15259"
    clientAddress: "localhost:15258"
    adminAddress: "localhost:15257"
    startupRole: FOLLOWER
  }
  commitIndex: 16
}
commitInfos {
  server {
    id: "s2"
    address: "localhost:15260"
    dataStreamAddress: "localhost:15263"
    clientAddress: "localhost:15262"
    adminAddress: "localhost:15261"
    startupRole: FOLLOWER
  }
  commitIndex: 16
}
)
2024-10-20 10:47:22,594 [main] WARN  util.ReferenceCountedLeakDetector (ReferenceCountedLeakDetector.java:logLeakMessage(167)) - LEAK: (class org.apache.ratis.proto.RaftProtos$AppendEntriesRequestProto, count=3, value=serverRequest {
  requestorId: "s1"
  replyId: "s2"
  raftGroupId {
    id: "\375\210\024\357\262\375HY\244\207Ci\024Gb\025"
  }
  callId: 1
}
leaderTerm: 11
previousLog {
  term: 10
  index: 18
}
entries {
  term: 11
  index: 19
  configurationEntry {
    peers {
      id: "s0"
      address: "localhost:15252"
      dataStreamAddress: "localhost:15255"
      clientAddress: "localhost:15254"
      adminAddress: "localhost:15253"
      startupRole: FOLLOWER
    }
    peers {
      id: "s1"
      address: "localhost:15256"
      dataStreamAddress: "localhost:15259"
      clientAddress: "localhost:15258"
      adminAddress: "localhost:15257"
      startupRole: FOLLOWER
    }
    peers {
      id: "s2"
      address: "localhost:15260"
      dataStreamAddress: "localhost:15263"
      clientAddress: "localhost:15262"
      adminAddress: "localhost:15261"
      startupRole: FOLLOWER
    }
  }
}
leaderCommit: 17
commitInfos {
  server {
    id: "s1"
    address: "localhost:15256"
    dataStreamAddress: "localhost:15259"
    clientAddress: "localhost:15258"
    adminAddress: "localhost:15257"
    startupRole: FOLLOWER
  }
  commitIndex: 17
}
commitInfos {
  server {
    id: "s0"
    address: "localhost:15252"
    dataStreamAddress: "localhost:15255"
    clientAddress: "localhost:15254"
    adminAddress: "localhost:15253"
    startupRole: FOLLOWER
  }
  commitIndex: 17
}
commitInfos {
  server {
    id: "s2"
    address: "localhost:15260"
    dataStreamAddress: "localhost:15263"
    clientAddress: "localhost:15262"
    adminAddress: "localhost:15261"
    startupRole: FOLLOWER
  }
  commitIndex: 16
}
)
2024-10-20 10:47:22,594 [main] WARN  util.ReferenceCountedLeakDetector (ReferenceCountedLeakDetector.java:logLeakMessage(167)) - LEAK: (class org.apache.ratis.proto.RaftProtos$AppendEntriesRequestProto, count=3, value=serverRequest {
  requestorId: "s0"
  replyId: "s2"
  raftGroupId {
    id: "\375\210\024\357\262\375HY\244\207Ci\024Gb\025"
  }
  callId: 1
}
leaderTerm: 10
previousLog {
  term: 9
  index: 16
}
entries {
  term: 10
  index: 17
  configurationEntry {
    peers {
      id: "s0"
      address: "localhost:15252"
      dataStreamAddress: "localhost:15255"
      clientAddress: "localhost:15254"
      adminAddress: "localhost:15253"
      startupRole: FOLLOWER
    }
    peers {
      id: "s1"
      address: "localhost:15256"
      dataStreamAddress: "localhost:15259"
      clientAddress: "localhost:15258"
      adminAddress: "localhost:15257"
      startupRole: FOLLOWER
    }
    peers {
      id: "s2"
      address: "localhost:15260"
      dataStreamAddress: "localhost:15263"
      clientAddress: "localhost:15262"
      adminAddress: "localhost:15261"
      startupRole: FOLLOWER
    }
  }
}
leaderCommit: 16
commitInfos {
  server {
    id: "s0"
    address: "localhost:15252"
    dataStreamAddress: "localhost:15255"
    clientAddress: "localhost:15254"
    adminAddress: "localhost:15253"
    startupRole: FOLLOWER
  }
  commitIndex: 16
}
commitInfos {
  server {
    id: "s1"
    address: "localhost:15256"
    dataStreamAddress: "localhost:15259"
    clientAddress: "localhost:15258"
    adminAddress: "localhost:15257"
    startupRole: FOLLOWER
  }
  commitIndex: 16
}
commitInfos {
  server {
    id: "s2"
    address: "localhost:15260"
    dataStreamAddress: "localhost:15263"
    clientAddress: "localhost:15262"
    adminAddress: "localhost:15261"
    startupRole: FOLLOWER
  }
  commitIndex: 16
}
)
2024-10-20 10:47:22,595 [main] WARN  util.ReferenceCountedLeakDetector (ReferenceCountedLeakDetector.java:logLeakMessage(167)) - LEAK: (class org.apache.ratis.proto.RaftProtos$AppendEntriesRequestProto, count=2, value=serverRequest {
  requestorId: "s1"
  replyId: "s2"
  raftGroupId {
    id: "\375\210\024\357\262\375HY\244\207Ci\024Gb\025"
  }
  callId: 8
}
leaderTerm: 9
previousLog {
  term: 9
  index: 16
}
leaderCommit: 16
commitInfos {
  server {
    id: "s1"
    address: "localhost:15256"
    dataStreamAddress: "localhost:15259"
    clientAddress: "localhost:15258"
    adminAddress: "localhost:15257"
    startupRole: FOLLOWER
  }
  commitIndex: 16
}
commitInfos {
  server {
    id: "s0"
    address: "localhost:15252"
    dataStreamAddress: "localhost:15255"
    clientAddress: "localhost:15254"
    adminAddress: "localhost:15253"
    startupRole: FOLLOWER
  }
  commitIndex: 16
}
commitInfos {
  server {
    id: "s2"
    address: "localhost:15260"
    dataStreamAddress: "localhost:15263"
    clientAddress: "localhost:15262"
    adminAddress: "localhost:15261"
    startupRole: FOLLOWER
  }
  commitIndex: 16
}
)
2024-10-20 10:47:22,595 [main] WARN  util.ReferenceCountedLeakDetector (ReferenceCountedLeakDetector.java:logLeakMessage(167)) - LEAK: (class org.apache.ratis.proto.RaftProtos$AppendEntriesRequestProto, count=2, value=serverRequest {
  requestorId: "s1"
  replyId: "s2"
  raftGroupId {
    id: "\375\210\024\357\262\375HY\244\207Ci\024Gb\025"
  }
}
leaderTerm: 11
previousLog {
  term: 10
  index: 18
}
leaderCommit: 17
commitInfos {
  server {
    id: "s1"
    address: "localhost:15256"
    dataStreamAddress: "localhost:15259"
    clientAddress: "localhost:15258"
    adminAddress: "localhost:15257"
    startupRole: FOLLOWER
  }
  commitIndex: 17
}
commitInfos {
  server {
    id: "s0"
    address: "localhost:15252"
    dataStreamAddress: "localhost:15255"
    clientAddress: "localhost:15254"
    adminAddress: "localhost:15253"
    startupRole: FOLLOWER
  }
  commitIndex: 17
}
commitInfos {
  server {
    id: "s2"
    address: "localhost:15260"
    dataStreamAddress: "localhost:15263"
    clientAddress: "localhost:15262"
    adminAddress: "localhost:15261"
    startupRole: FOLLOWER
  }
  commitIndex: 16
}
)
2024-10-20 10:47:22,595 [main] WARN  util.LeakDetector (LeakDetector.java:assertNoLeaks(171)) - 19/30) numLeaks == 5 > 0, will wait and retry ...
2024-10-20 10:47:23,595 [main] WARN  util.ReferenceCountedLeakDetector (ReferenceCountedLeakDetector.java:logLeakMessage(167)) - LEAK: (class org.apache.ratis.proto.RaftProtos$AppendEntriesRequestProto, count=2, value=serverRequest {
  requestorId: "s0"
  replyId: "s2"
  raftGroupId {
    id: "\375\210\024\357\262\375HY\244\207Ci\024Gb\025"
  }
}
leaderTerm: 10
previousLog {
  term: 9
  index: 16
}
leaderCommit: 16
commitInfos {
  server {
    id: "s0"
    address: "localhost:15252"
    dataStreamAddress: "localhost:15255"
    clientAddress: "localhost:15254"
    adminAddress: "localhost:15253"
    startupRole: FOLLOWER
  }
  commitIndex: 16
}
commitInfos {
  server {
    id: "s1"
    address: "localhost:15256"
    dataStreamAddress: "localhost:15259"
    clientAddress: "localhost:15258"
    adminAddress: "localhost:15257"
    startupRole: FOLLOWER
  }
  commitIndex: 16
}
commitInfos {
  server {
    id: "s2"
    address: "localhost:15260"
    dataStreamAddress: "localhost:15263"
    clientAddress: "localhost:15262"
    adminAddress: "localhost:15261"
    startupRole: FOLLOWER
  }
  commitIndex: 16
}
)
2024-10-20 10:47:23,595 [main] WARN  util.ReferenceCountedLeakDetector (ReferenceCountedLeakDetector.java:logLeakMessage(167)) - LEAK: (class org.apache.ratis.proto.RaftProtos$AppendEntriesRequestProto, count=3, value=serverRequest {
  requestorId: "s1"
  replyId: "s2"
  raftGroupId {
    id: "\375\210\024\357\262\375HY\244\207Ci\024Gb\025"
  }
  callId: 1
}
leaderTerm: 11
previousLog {
  term: 10
  index: 18
}
entries {
  term: 11
  index: 19
  configurationEntry {
    peers {
      id: "s0"
      address: "localhost:15252"
      dataStreamAddress: "localhost:15255"
      clientAddress: "localhost:15254"
      adminAddress: "localhost:15253"
      startupRole: FOLLOWER
    }
    peers {
      id: "s1"
      address: "localhost:15256"
      dataStreamAddress: "localhost:15259"
      clientAddress: "localhost:15258"
      adminAddress: "localhost:15257"
      startupRole: FOLLOWER
    }
    peers {
      id: "s2"
      address: "localhost:15260"
      dataStreamAddress: "localhost:15263"
      clientAddress: "localhost:15262"
      adminAddress: "localhost:15261"
      startupRole: FOLLOWER
    }
  }
}
leaderCommit: 17
commitInfos {
  server {
    id: "s1"
    address: "localhost:15256"
    dataStreamAddress: "localhost:15259"
    clientAddress: "localhost:15258"
    adminAddress: "localhost:15257"
    startupRole: FOLLOWER
  }
  commitIndex: 17
}
commitInfos {
  server {
    id: "s0"
    address: "localhost:15252"
    dataStreamAddress: "localhost:15255"
    clientAddress: "localhost:15254"
    adminAddress: "localhost:15253"
    startupRole: FOLLOWER
  }
  commitIndex: 17
}
commitInfos {
  server {
    id: "s2"
    address: "localhost:15260"
    dataStreamAddress: "localhost:15263"
    clientAddress: "localhost:15262"
    adminAddress: "localhost:15261"
    startupRole: FOLLOWER
  }
  commitIndex: 16
}
)
2024-10-20 10:47:23,595 [main] WARN  util.ReferenceCountedLeakDetector (ReferenceCountedLeakDetector.java:logLeakMessage(167)) - LEAK: (class org.apache.ratis.proto.RaftProtos$AppendEntriesRequestProto, count=3, value=serverRequest {
  requestorId: "s0"
  replyId: "s2"
  raftGroupId {
    id: "\375\210\024\357\262\375HY\244\207Ci\024Gb\025"
  }
  callId: 1
}
leaderTerm: 10
previousLog {
  term: 9
  index: 16
}
entries {
  term: 10
  index: 17
  configurationEntry {
    peers {
      id: "s0"
      address: "localhost:15252"
      dataStreamAddress: "localhost:15255"
      clientAddress: "localhost:15254"
      adminAddress: "localhost:15253"
      startupRole: FOLLOWER
    }
    peers {
      id: "s1"
      address: "localhost:15256"
      dataStreamAddress: "localhost:15259"
      clientAddress: "localhost:15258"
      adminAddress: "localhost:15257"
      startupRole: FOLLOWER
    }
    peers {
      id: "s2"
      address: "localhost:15260"
      dataStreamAddress: "localhost:15263"
      clientAddress: "localhost:15262"
      adminAddress: "localhost:15261"
      startupRole: FOLLOWER
    }
  }
}
leaderCommit: 16
commitInfos {
  server {
    id: "s0"
    address: "localhost:15252"
    dataStreamAddress: "localhost:15255"
    clientAddress: "localhost:15254"
    adminAddress: "localhost:15253"
    startupRole: FOLLOWER
  }
  commitIndex: 16
}
commitInfos {
  server {
    id: "s1"
    address: "localhost:15256"
    dataStreamAddress: "localhost:15259"
    clientAddress: "localhost:15258"
    adminAddress: "localhost:15257"
    startupRole: FOLLOWER
  }
  commitIndex: 16
}
commitInfos {
  server {
    id: "s2"
    address: "localhost:15260"
    dataStreamAddress: "localhost:15263"
    clientAddress: "localhost:15262"
    adminAddress: "localhost:15261"
    startupRole: FOLLOWER
  }
  commitIndex: 16
}
)
2024-10-20 10:47:23,596 [main] WARN  util.ReferenceCountedLeakDetector (ReferenceCountedLeakDetector.java:logLeakMessage(167)) - LEAK: (class org.apache.ratis.proto.RaftProtos$AppendEntriesRequestProto, count=2, value=serverRequest {
  requestorId: "s1"
  replyId: "s2"
  raftGroupId {
    id: "\375\210\024\357\262\375HY\244\207Ci\024Gb\025"
  }
  callId: 8
}
leaderTerm: 9
previousLog {
  term: 9
  index: 16
}
leaderCommit: 16
commitInfos {
  server {
    id: "s1"
    address: "localhost:15256"
    dataStreamAddress: "localhost:15259"
    clientAddress: "localhost:15258"
    adminAddress: "localhost:15257"
    startupRole: FOLLOWER
  }
  commitIndex: 16
}
commitInfos {
  server {
    id: "s0"
    address: "localhost:15252"
    dataStreamAddress: "localhost:15255"
    clientAddress: "localhost:15254"
    adminAddress: "localhost:15253"
    startupRole: FOLLOWER
  }
  commitIndex: 16
}
commitInfos {
  server {
    id: "s2"
    address: "localhost:15260"
    dataStreamAddress: "localhost:15263"
    clientAddress: "localhost:15262"
    adminAddress: "localhost:15261"
    startupRole: FOLLOWER
  }
  commitIndex: 16
}
)
2024-10-20 10:47:23,596 [main] WARN  util.ReferenceCountedLeakDetector (ReferenceCountedLeakDetector.java:logLeakMessage(167)) - LEAK: (class org.apache.ratis.proto.RaftProtos$AppendEntriesRequestProto, count=2, value=serverRequest {
  requestorId: "s1"
  replyId: "s2"
  raftGroupId {
    id: "\375\210\024\357\262\375HY\244\207Ci\024Gb\025"
  }
}
leaderTerm: 11
previousLog {
  term: 10
  index: 18
}
leaderCommit: 17
commitInfos {
  server {
    id: "s1"
    address: "localhost:15256"
    dataStreamAddress: "localhost:15259"
    clientAddress: "localhost:15258"
    adminAddress: "localhost:15257"
    startupRole: FOLLOWER
  }
  commitIndex: 17
}
commitInfos {
  server {
    id: "s0"
    address: "localhost:15252"
    dataStreamAddress: "localhost:15255"
    clientAddress: "localhost:15254"
    adminAddress: "localhost:15253"
    startupRole: FOLLOWER
  }
  commitIndex: 17
}
commitInfos {
  server {
    id: "s2"
    address: "localhost:15260"
    dataStreamAddress: "localhost:15263"
    clientAddress: "localhost:15262"
    adminAddress: "localhost:15261"
    startupRole: FOLLOWER
  }
  commitIndex: 16
}
)
2024-10-20 10:47:23,596 [main] WARN  util.LeakDetector (LeakDetector.java:assertNoLeaks(171)) - 20/30) numLeaks == 5 > 0, will wait and retry ...
2024-10-20 10:47:24,596 [main] WARN  util.ReferenceCountedLeakDetector (ReferenceCountedLeakDetector.java:logLeakMessage(167)) - LEAK: (class org.apache.ratis.proto.RaftProtos$AppendEntriesRequestProto, count=2, value=serverRequest {
  requestorId: "s0"
  replyId: "s2"
  raftGroupId {
    id: "\375\210\024\357\262\375HY\244\207Ci\024Gb\025"
  }
}
leaderTerm: 10
previousLog {
  term: 9
  index: 16
}
leaderCommit: 16
commitInfos {
  server {
    id: "s0"
    address: "localhost:15252"
    dataStreamAddress: "localhost:15255"
    clientAddress: "localhost:15254"
    adminAddress: "localhost:15253"
    startupRole: FOLLOWER
  }
  commitIndex: 16
}
commitInfos {
  server {
    id: "s1"
    address: "localhost:15256"
    dataStreamAddress: "localhost:15259"
    clientAddress: "localhost:15258"
    adminAddress: "localhost:15257"
    startupRole: FOLLOWER
  }
  commitIndex: 16
}
commitInfos {
  server {
    id: "s2"
    address: "localhost:15260"
    dataStreamAddress: "localhost:15263"
    clientAddress: "localhost:15262"
    adminAddress: "localhost:15261"
    startupRole: FOLLOWER
  }
  commitIndex: 16
}
)
2024-10-20 10:47:24,596 [main] WARN  util.ReferenceCountedLeakDetector (ReferenceCountedLeakDetector.java:logLeakMessage(167)) - LEAK: (class org.apache.ratis.proto.RaftProtos$AppendEntriesRequestProto, count=3, value=serverRequest {
  requestorId: "s1"
  replyId: "s2"
  raftGroupId {
    id: "\375\210\024\357\262\375HY\244\207Ci\024Gb\025"
  }
  callId: 1
}
leaderTerm: 11
previousLog {
  term: 10
  index: 18
}
entries {
  term: 11
  index: 19
  configurationEntry {
    peers {
      id: "s0"
      address: "localhost:15252"
      dataStreamAddress: "localhost:15255"
      clientAddress: "localhost:15254"
      adminAddress: "localhost:15253"
      startupRole: FOLLOWER
    }
    peers {
      id: "s1"
      address: "localhost:15256"
      dataStreamAddress: "localhost:15259"
      clientAddress: "localhost:15258"
      adminAddress: "localhost:15257"
      startupRole: FOLLOWER
    }
    peers {
      id: "s2"
      address: "localhost:15260"
      dataStreamAddress: "localhost:15263"
      clientAddress: "localhost:15262"
      adminAddress: "localhost:15261"
      startupRole: FOLLOWER
    }
  }
}
leaderCommit: 17
commitInfos {
  server {
    id: "s1"
    address: "localhost:15256"
    dataStreamAddress: "localhost:15259"
    clientAddress: "localhost:15258"
    adminAddress: "localhost:15257"
    startupRole: FOLLOWER
  }
  commitIndex: 17
}
commitInfos {
  server {
    id: "s0"
    address: "localhost:15252"
    dataStreamAddress: "localhost:15255"
    clientAddress: "localhost:15254"
    adminAddress: "localhost:15253"
    startupRole: FOLLOWER
  }
  commitIndex: 17
}
commitInfos {
  server {
    id: "s2"
    address: "localhost:15260"
    dataStreamAddress: "localhost:15263"
    clientAddress: "localhost:15262"
    adminAddress: "localhost:15261"
    startupRole: FOLLOWER
  }
  commitIndex: 16
}
)
2024-10-20 10:47:24,597 [main] WARN  util.ReferenceCountedLeakDetector (ReferenceCountedLeakDetector.java:logLeakMessage(167)) - LEAK: (class org.apache.ratis.proto.RaftProtos$AppendEntriesRequestProto, count=3, value=serverRequest {
  requestorId: "s0"
  replyId: "s2"
  raftGroupId {
    id: "\375\210\024\357\262\375HY\244\207Ci\024Gb\025"
  }
  callId: 1
}
leaderTerm: 10
previousLog {
  term: 9
  index: 16
}
entries {
  term: 10
  index: 17
  configurationEntry {
    peers {
      id: "s0"
      address: "localhost:15252"
      dataStreamAddress: "localhost:15255"
      clientAddress: "localhost:15254"
      adminAddress: "localhost:15253"
      startupRole: FOLLOWER
    }
    peers {
      id: "s1"
      address: "localhost:15256"
      dataStreamAddress: "localhost:15259"
      clientAddress: "localhost:15258"
      adminAddress: "localhost:15257"
      startupRole: FOLLOWER
    }
    peers {
      id: "s2"
      address: "localhost:15260"
      dataStreamAddress: "localhost:15263"
      clientAddress: "localhost:15262"
      adminAddress: "localhost:15261"
      startupRole: FOLLOWER
    }
  }
}
leaderCommit: 16
commitInfos {
  server {
    id: "s0"
    address: "localhost:15252"
    dataStreamAddress: "localhost:15255"
    clientAddress: "localhost:15254"
    adminAddress: "localhost:15253"
    startupRole: FOLLOWER
  }
  commitIndex: 16
}
commitInfos {
  server {
    id: "s1"
    address: "localhost:15256"
    dataStreamAddress: "localhost:15259"
    clientAddress: "localhost:15258"
    adminAddress: "localhost:15257"
    startupRole: FOLLOWER
  }
  commitIndex: 16
}
commitInfos {
  server {
    id: "s2"
    address: "localhost:15260"
    dataStreamAddress: "localhost:15263"
    clientAddress: "localhost:15262"
    adminAddress: "localhost:15261"
    startupRole: FOLLOWER
  }
  commitIndex: 16
}
)
2024-10-20 10:47:24,597 [main] WARN  util.ReferenceCountedLeakDetector (ReferenceCountedLeakDetector.java:logLeakMessage(167)) - LEAK: (class org.apache.ratis.proto.RaftProtos$AppendEntriesRequestProto, count=2, value=serverRequest {
  requestorId: "s1"
  replyId: "s2"
  raftGroupId {
    id: "\375\210\024\357\262\375HY\244\207Ci\024Gb\025"
  }
  callId: 8
}
leaderTerm: 9
previousLog {
  term: 9
  index: 16
}
leaderCommit: 16
commitInfos {
  server {
    id: "s1"
    address: "localhost:15256"
    dataStreamAddress: "localhost:15259"
    clientAddress: "localhost:15258"
    adminAddress: "localhost:15257"
    startupRole: FOLLOWER
  }
  commitIndex: 16
}
commitInfos {
  server {
    id: "s0"
    address: "localhost:15252"
    dataStreamAddress: "localhost:15255"
    clientAddress: "localhost:15254"
    adminAddress: "localhost:15253"
    startupRole: FOLLOWER
  }
  commitIndex: 16
}
commitInfos {
  server {
    id: "s2"
    address: "localhost:15260"
    dataStreamAddress: "localhost:15263"
    clientAddress: "localhost:15262"
    adminAddress: "localhost:15261"
    startupRole: FOLLOWER
  }
  commitIndex: 16
}
)
2024-10-20 10:47:24,597 [main] WARN  util.ReferenceCountedLeakDetector (ReferenceCountedLeakDetector.java:logLeakMessage(167)) - LEAK: (class org.apache.ratis.proto.RaftProtos$AppendEntriesRequestProto, count=2, value=serverRequest {
  requestorId: "s1"
  replyId: "s2"
  raftGroupId {
    id: "\375\210\024\357\262\375HY\244\207Ci\024Gb\025"
  }
}
leaderTerm: 11
previousLog {
  term: 10
  index: 18
}
leaderCommit: 17
commitInfos {
  server {
    id: "s1"
    address: "localhost:15256"
    dataStreamAddress: "localhost:15259"
    clientAddress: "localhost:15258"
    adminAddress: "localhost:15257"
    startupRole: FOLLOWER
  }
  commitIndex: 17
}
commitInfos {
  server {
    id: "s0"
    address: "localhost:15252"
    dataStreamAddress: "localhost:15255"
    clientAddress: "localhost:15254"
    adminAddress: "localhost:15253"
    startupRole: FOLLOWER
  }
  commitIndex: 17
}
commitInfos {
  server {
    id: "s2"
    address: "localhost:15260"
    dataStreamAddress: "localhost:15263"
    clientAddress: "localhost:15262"
    adminAddress: "localhost:15261"
    startupRole: FOLLOWER
  }
  commitIndex: 16
}
)
2024-10-20 10:47:24,597 [main] WARN  util.LeakDetector (LeakDetector.java:assertNoLeaks(171)) - 21/30) numLeaks == 5 > 0, will wait and retry ...
2024-10-20 10:47:25,597 [main] WARN  util.ReferenceCountedLeakDetector (ReferenceCountedLeakDetector.java:logLeakMessage(167)) - LEAK: (class org.apache.ratis.proto.RaftProtos$AppendEntriesRequestProto, count=2, value=serverRequest {
  requestorId: "s0"
  replyId: "s2"
  raftGroupId {
    id: "\375\210\024\357\262\375HY\244\207Ci\024Gb\025"
  }
}
leaderTerm: 10
previousLog {
  term: 9
  index: 16
}
leaderCommit: 16
commitInfos {
  server {
    id: "s0"
    address: "localhost:15252"
    dataStreamAddress: "localhost:15255"
    clientAddress: "localhost:15254"
    adminAddress: "localhost:15253"
    startupRole: FOLLOWER
  }
  commitIndex: 16
}
commitInfos {
  server {
    id: "s1"
    address: "localhost:15256"
    dataStreamAddress: "localhost:15259"
    clientAddress: "localhost:15258"
    adminAddress: "localhost:15257"
    startupRole: FOLLOWER
  }
  commitIndex: 16
}
commitInfos {
  server {
    id: "s2"
    address: "localhost:15260"
    dataStreamAddress: "localhost:15263"
    clientAddress: "localhost:15262"
    adminAddress: "localhost:15261"
    startupRole: FOLLOWER
  }
  commitIndex: 16
}
)
2024-10-20 10:47:25,597 [main] WARN  util.ReferenceCountedLeakDetector (ReferenceCountedLeakDetector.java:logLeakMessage(167)) - LEAK: (class org.apache.ratis.proto.RaftProtos$AppendEntriesRequestProto, count=3, value=serverRequest {
  requestorId: "s1"
  replyId: "s2"
  raftGroupId {
    id: "\375\210\024\357\262\375HY\244\207Ci\024Gb\025"
  }
  callId: 1
}
leaderTerm: 11
previousLog {
  term: 10
  index: 18
}
entries {
  term: 11
  index: 19
  configurationEntry {
    peers {
      id: "s0"
      address: "localhost:15252"
      dataStreamAddress: "localhost:15255"
      clientAddress: "localhost:15254"
      adminAddress: "localhost:15253"
      startupRole: FOLLOWER
    }
    peers {
      id: "s1"
      address: "localhost:15256"
      dataStreamAddress: "localhost:15259"
      clientAddress: "localhost:15258"
      adminAddress: "localhost:15257"
      startupRole: FOLLOWER
    }
    peers {
      id: "s2"
      address: "localhost:15260"
      dataStreamAddress: "localhost:15263"
      clientAddress: "localhost:15262"
      adminAddress: "localhost:15261"
      startupRole: FOLLOWER
    }
  }
}
leaderCommit: 17
commitInfos {
  server {
    id: "s1"
    address: "localhost:15256"
    dataStreamAddress: "localhost:15259"
    clientAddress: "localhost:15258"
    adminAddress: "localhost:15257"
    startupRole: FOLLOWER
  }
  commitIndex: 17
}
commitInfos {
  server {
    id: "s0"
    address: "localhost:15252"
    dataStreamAddress: "localhost:15255"
    clientAddress: "localhost:15254"
    adminAddress: "localhost:15253"
    startupRole: FOLLOWER
  }
  commitIndex: 17
}
commitInfos {
  server {
    id: "s2"
    address: "localhost:15260"
    dataStreamAddress: "localhost:15263"
    clientAddress: "localhost:15262"
    adminAddress: "localhost:15261"
    startupRole: FOLLOWER
  }
  commitIndex: 16
}
)
2024-10-20 10:47:25,598 [main] WARN  util.ReferenceCountedLeakDetector (ReferenceCountedLeakDetector.java:logLeakMessage(167)) - LEAK: (class org.apache.ratis.proto.RaftProtos$AppendEntriesRequestProto, count=3, value=serverRequest {
  requestorId: "s0"
  replyId: "s2"
  raftGroupId {
    id: "\375\210\024\357\262\375HY\244\207Ci\024Gb\025"
  }
  callId: 1
}
leaderTerm: 10
previousLog {
  term: 9
  index: 16
}
entries {
  term: 10
  index: 17
  configurationEntry {
    peers {
      id: "s0"
      address: "localhost:15252"
      dataStreamAddress: "localhost:15255"
      clientAddress: "localhost:15254"
      adminAddress: "localhost:15253"
      startupRole: FOLLOWER
    }
    peers {
      id: "s1"
      address: "localhost:15256"
      dataStreamAddress: "localhost:15259"
      clientAddress: "localhost:15258"
      adminAddress: "localhost:15257"
      startupRole: FOLLOWER
    }
    peers {
      id: "s2"
      address: "localhost:15260"
      dataStreamAddress: "localhost:15263"
      clientAddress: "localhost:15262"
      adminAddress: "localhost:15261"
      startupRole: FOLLOWER
    }
  }
}
leaderCommit: 16
commitInfos {
  server {
    id: "s0"
    address: "localhost:15252"
    dataStreamAddress: "localhost:15255"
    clientAddress: "localhost:15254"
    adminAddress: "localhost:15253"
    startupRole: FOLLOWER
  }
  commitIndex: 16
}
commitInfos {
  server {
    id: "s1"
    address: "localhost:15256"
    dataStreamAddress: "localhost:15259"
    clientAddress: "localhost:15258"
    adminAddress: "localhost:15257"
    startupRole: FOLLOWER
  }
  commitIndex: 16
}
commitInfos {
  server {
    id: "s2"
    address: "localhost:15260"
    dataStreamAddress: "localhost:15263"
    clientAddress: "localhost:15262"
    adminAddress: "localhost:15261"
    startupRole: FOLLOWER
  }
  commitIndex: 16
}
)
2024-10-20 10:47:25,598 [main] WARN  util.ReferenceCountedLeakDetector (ReferenceCountedLeakDetector.java:logLeakMessage(167)) - LEAK: (class org.apache.ratis.proto.RaftProtos$AppendEntriesRequestProto, count=2, value=serverRequest {
  requestorId: "s1"
  replyId: "s2"
  raftGroupId {
    id: "\375\210\024\357\262\375HY\244\207Ci\024Gb\025"
  }
  callId: 8
}
leaderTerm: 9
previousLog {
  term: 9
  index: 16
}
leaderCommit: 16
commitInfos {
  server {
    id: "s1"
    address: "localhost:15256"
    dataStreamAddress: "localhost:15259"
    clientAddress: "localhost:15258"
    adminAddress: "localhost:15257"
    startupRole: FOLLOWER
  }
  commitIndex: 16
}
commitInfos {
  server {
    id: "s0"
    address: "localhost:15252"
    dataStreamAddress: "localhost:15255"
    clientAddress: "localhost:15254"
    adminAddress: "localhost:15253"
    startupRole: FOLLOWER
  }
  commitIndex: 16
}
commitInfos {
  server {
    id: "s2"
    address: "localhost:15260"
    dataStreamAddress: "localhost:15263"
    clientAddress: "localhost:15262"
    adminAddress: "localhost:15261"
    startupRole: FOLLOWER
  }
  commitIndex: 16
}
)
2024-10-20 10:47:25,598 [main] WARN  util.ReferenceCountedLeakDetector (ReferenceCountedLeakDetector.java:logLeakMessage(167)) - LEAK: (class org.apache.ratis.proto.RaftProtos$AppendEntriesRequestProto, count=2, value=serverRequest {
  requestorId: "s1"
  replyId: "s2"
  raftGroupId {
    id: "\375\210\024\357\262\375HY\244\207Ci\024Gb\025"
  }
}
leaderTerm: 11
previousLog {
  term: 10
  index: 18
}
leaderCommit: 17
commitInfos {
  server {
    id: "s1"
    address: "localhost:15256"
    dataStreamAddress: "localhost:15259"
    clientAddress: "localhost:15258"
    adminAddress: "localhost:15257"
    startupRole: FOLLOWER
  }
  commitIndex: 17
}
commitInfos {
  server {
    id: "s0"
    address: "localhost:15252"
    dataStreamAddress: "localhost:15255"
    clientAddress: "localhost:15254"
    adminAddress: "localhost:15253"
    startupRole: FOLLOWER
  }
  commitIndex: 17
}
commitInfos {
  server {
    id: "s2"
    address: "localhost:15260"
    dataStreamAddress: "localhost:15263"
    clientAddress: "localhost:15262"
    adminAddress: "localhost:15261"
    startupRole: FOLLOWER
  }
  commitIndex: 16
}
)
2024-10-20 10:47:25,598 [main] WARN  util.LeakDetector (LeakDetector.java:assertNoLeaks(171)) - 22/30) numLeaks == 5 > 0, will wait and retry ...
2024-10-20 10:47:26,598 [main] WARN  util.ReferenceCountedLeakDetector (ReferenceCountedLeakDetector.java:logLeakMessage(167)) - LEAK: (class org.apache.ratis.proto.RaftProtos$AppendEntriesRequestProto, count=2, value=serverRequest {
  requestorId: "s0"
  replyId: "s2"
  raftGroupId {
    id: "\375\210\024\357\262\375HY\244\207Ci\024Gb\025"
  }
}
leaderTerm: 10
previousLog {
  term: 9
  index: 16
}
leaderCommit: 16
commitInfos {
  server {
    id: "s0"
    address: "localhost:15252"
    dataStreamAddress: "localhost:15255"
    clientAddress: "localhost:15254"
    adminAddress: "localhost:15253"
    startupRole: FOLLOWER
  }
  commitIndex: 16
}
commitInfos {
  server {
    id: "s1"
    address: "localhost:15256"
    dataStreamAddress: "localhost:15259"
    clientAddress: "localhost:15258"
    adminAddress: "localhost:15257"
    startupRole: FOLLOWER
  }
  commitIndex: 16
}
commitInfos {
  server {
    id: "s2"
    address: "localhost:15260"
    dataStreamAddress: "localhost:15263"
    clientAddress: "localhost:15262"
    adminAddress: "localhost:15261"
    startupRole: FOLLOWER
  }
  commitIndex: 16
}
)
2024-10-20 10:47:26,598 [main] WARN  util.ReferenceCountedLeakDetector (ReferenceCountedLeakDetector.java:logLeakMessage(167)) - LEAK: (class org.apache.ratis.proto.RaftProtos$AppendEntriesRequestProto, count=3, value=serverRequest {
  requestorId: "s1"
  replyId: "s2"
  raftGroupId {
    id: "\375\210\024\357\262\375HY\244\207Ci\024Gb\025"
  }
  callId: 1
}
leaderTerm: 11
previousLog {
  term: 10
  index: 18
}
entries {
  term: 11
  index: 19
  configurationEntry {
    peers {
      id: "s0"
      address: "localhost:15252"
      dataStreamAddress: "localhost:15255"
      clientAddress: "localhost:15254"
      adminAddress: "localhost:15253"
      startupRole: FOLLOWER
    }
    peers {
      id: "s1"
      address: "localhost:15256"
      dataStreamAddress: "localhost:15259"
      clientAddress: "localhost:15258"
      adminAddress: "localhost:15257"
      startupRole: FOLLOWER
    }
    peers {
      id: "s2"
      address: "localhost:15260"
      dataStreamAddress: "localhost:15263"
      clientAddress: "localhost:15262"
      adminAddress: "localhost:15261"
      startupRole: FOLLOWER
    }
  }
}
leaderCommit: 17
commitInfos {
  server {
    id: "s1"
    address: "localhost:15256"
    dataStreamAddress: "localhost:15259"
    clientAddress: "localhost:15258"
    adminAddress: "localhost:15257"
    startupRole: FOLLOWER
  }
  commitIndex: 17
}
commitInfos {
  server {
    id: "s0"
    address: "localhost:15252"
    dataStreamAddress: "localhost:15255"
    clientAddress: "localhost:15254"
    adminAddress: "localhost:15253"
    startupRole: FOLLOWER
  }
  commitIndex: 17
}
commitInfos {
  server {
    id: "s2"
    address: "localhost:15260"
    dataStreamAddress: "localhost:15263"
    clientAddress: "localhost:15262"
    adminAddress: "localhost:15261"
    startupRole: FOLLOWER
  }
  commitIndex: 16
}
)
2024-10-20 10:47:26,599 [main] WARN  util.ReferenceCountedLeakDetector (ReferenceCountedLeakDetector.java:logLeakMessage(167)) - LEAK: (class org.apache.ratis.proto.RaftProtos$AppendEntriesRequestProto, count=3, value=serverRequest {
  requestorId: "s0"
  replyId: "s2"
  raftGroupId {
    id: "\375\210\024\357\262\375HY\244\207Ci\024Gb\025"
  }
  callId: 1
}
leaderTerm: 10
previousLog {
  term: 9
  index: 16
}
entries {
  term: 10
  index: 17
  configurationEntry {
    peers {
      id: "s0"
      address: "localhost:15252"
      dataStreamAddress: "localhost:15255"
      clientAddress: "localhost:15254"
      adminAddress: "localhost:15253"
      startupRole: FOLLOWER
    }
    peers {
      id: "s1"
      address: "localhost:15256"
      dataStreamAddress: "localhost:15259"
      clientAddress: "localhost:15258"
      adminAddress: "localhost:15257"
      startupRole: FOLLOWER
    }
    peers {
      id: "s2"
      address: "localhost:15260"
      dataStreamAddress: "localhost:15263"
      clientAddress: "localhost:15262"
      adminAddress: "localhost:15261"
      startupRole: FOLLOWER
    }
  }
}
leaderCommit: 16
commitInfos {
  server {
    id: "s0"
    address: "localhost:15252"
    dataStreamAddress: "localhost:15255"
    clientAddress: "localhost:15254"
    adminAddress: "localhost:15253"
    startupRole: FOLLOWER
  }
  commitIndex: 16
}
commitInfos {
  server {
    id: "s1"
    address: "localhost:15256"
    dataStreamAddress: "localhost:15259"
    clientAddress: "localhost:15258"
    adminAddress: "localhost:15257"
    startupRole: FOLLOWER
  }
  commitIndex: 16
}
commitInfos {
  server {
    id: "s2"
    address: "localhost:15260"
    dataStreamAddress: "localhost:15263"
    clientAddress: "localhost:15262"
    adminAddress: "localhost:15261"
    startupRole: FOLLOWER
  }
  commitIndex: 16
}
)
2024-10-20 10:47:26,599 [main] WARN  util.ReferenceCountedLeakDetector (ReferenceCountedLeakDetector.java:logLeakMessage(167)) - LEAK: (class org.apache.ratis.proto.RaftProtos$AppendEntriesRequestProto, count=2, value=serverRequest {
  requestorId: "s1"
  replyId: "s2"
  raftGroupId {
    id: "\375\210\024\357\262\375HY\244\207Ci\024Gb\025"
  }
  callId: 8
}
leaderTerm: 9
previousLog {
  term: 9
  index: 16
}
leaderCommit: 16
commitInfos {
  server {
    id: "s1"
    address: "localhost:15256"
    dataStreamAddress: "localhost:15259"
    clientAddress: "localhost:15258"
    adminAddress: "localhost:15257"
    startupRole: FOLLOWER
  }
  commitIndex: 16
}
commitInfos {
  server {
    id: "s0"
    address: "localhost:15252"
    dataStreamAddress: "localhost:15255"
    clientAddress: "localhost:15254"
    adminAddress: "localhost:15253"
    startupRole: FOLLOWER
  }
  commitIndex: 16
}
commitInfos {
  server {
    id: "s2"
    address: "localhost:15260"
    dataStreamAddress: "localhost:15263"
    clientAddress: "localhost:15262"
    adminAddress: "localhost:15261"
    startupRole: FOLLOWER
  }
  commitIndex: 16
}
)
2024-10-20 10:47:26,599 [main] WARN  util.ReferenceCountedLeakDetector (ReferenceCountedLeakDetector.java:logLeakMessage(167)) - LEAK: (class org.apache.ratis.proto.RaftProtos$AppendEntriesRequestProto, count=2, value=serverRequest {
  requestorId: "s1"
  replyId: "s2"
  raftGroupId {
    id: "\375\210\024\357\262\375HY\244\207Ci\024Gb\025"
  }
}
leaderTerm: 11
previousLog {
  term: 10
  index: 18
}
leaderCommit: 17
commitInfos {
  server {
    id: "s1"
    address: "localhost:15256"
    dataStreamAddress: "localhost:15259"
    clientAddress: "localhost:15258"
    adminAddress: "localhost:15257"
    startupRole: FOLLOWER
  }
  commitIndex: 17
}
commitInfos {
  server {
    id: "s0"
    address: "localhost:15252"
    dataStreamAddress: "localhost:15255"
    clientAddress: "localhost:15254"
    adminAddress: "localhost:15253"
    startupRole: FOLLOWER
  }
  commitIndex: 17
}
commitInfos {
  server {
    id: "s2"
    address: "localhost:15260"
    dataStreamAddress: "localhost:15263"
    clientAddress: "localhost:15262"
    adminAddress: "localhost:15261"
    startupRole: FOLLOWER
  }
  commitIndex: 16
}
)
2024-10-20 10:47:26,599 [main] WARN  util.LeakDetector (LeakDetector.java:assertNoLeaks(171)) - 23/30) numLeaks == 5 > 0, will wait and retry ...
2024-10-20 10:47:27,599 [main] WARN  util.ReferenceCountedLeakDetector (ReferenceCountedLeakDetector.java:logLeakMessage(167)) - LEAK: (class org.apache.ratis.proto.RaftProtos$AppendEntriesRequestProto, count=2, value=serverRequest {
  requestorId: "s0"
  replyId: "s2"
  raftGroupId {
    id: "\375\210\024\357\262\375HY\244\207Ci\024Gb\025"
  }
}
leaderTerm: 10
previousLog {
  term: 9
  index: 16
}
leaderCommit: 16
commitInfos {
  server {
    id: "s0"
    address: "localhost:15252"
    dataStreamAddress: "localhost:15255"
    clientAddress: "localhost:15254"
    adminAddress: "localhost:15253"
    startupRole: FOLLOWER
  }
  commitIndex: 16
}
commitInfos {
  server {
    id: "s1"
    address: "localhost:15256"
    dataStreamAddress: "localhost:15259"
    clientAddress: "localhost:15258"
    adminAddress: "localhost:15257"
    startupRole: FOLLOWER
  }
  commitIndex: 16
}
commitInfos {
  server {
    id: "s2"
    address: "localhost:15260"
    dataStreamAddress: "localhost:15263"
    clientAddress: "localhost:15262"
    adminAddress: "localhost:15261"
    startupRole: FOLLOWER
  }
  commitIndex: 16
}
)
2024-10-20 10:47:27,600 [main] WARN  util.ReferenceCountedLeakDetector (ReferenceCountedLeakDetector.java:logLeakMessage(167)) - LEAK: (class org.apache.ratis.proto.RaftProtos$AppendEntriesRequestProto, count=3, value=serverRequest {
  requestorId: "s1"
  replyId: "s2"
  raftGroupId {
    id: "\375\210\024\357\262\375HY\244\207Ci\024Gb\025"
  }
  callId: 1
}
leaderTerm: 11
previousLog {
  term: 10
  index: 18
}
entries {
  term: 11
  index: 19
  configurationEntry {
    peers {
      id: "s0"
      address: "localhost:15252"
      dataStreamAddress: "localhost:15255"
      clientAddress: "localhost:15254"
      adminAddress: "localhost:15253"
      startupRole: FOLLOWER
    }
    peers {
      id: "s1"
      address: "localhost:15256"
      dataStreamAddress: "localhost:15259"
      clientAddress: "localhost:15258"
      adminAddress: "localhost:15257"
      startupRole: FOLLOWER
    }
    peers {
      id: "s2"
      address: "localhost:15260"
      dataStreamAddress: "localhost:15263"
      clientAddress: "localhost:15262"
      adminAddress: "localhost:15261"
      startupRole: FOLLOWER
    }
  }
}
leaderCommit: 17
commitInfos {
  server {
    id: "s1"
    address: "localhost:15256"
    dataStreamAddress: "localhost:15259"
    clientAddress: "localhost:15258"
    adminAddress: "localhost:15257"
    startupRole: FOLLOWER
  }
  commitIndex: 17
}
commitInfos {
  server {
    id: "s0"
    address: "localhost:15252"
    dataStreamAddress: "localhost:15255"
    clientAddress: "localhost:15254"
    adminAddress: "localhost:15253"
    startupRole: FOLLOWER
  }
  commitIndex: 17
}
commitInfos {
  server {
    id: "s2"
    address: "localhost:15260"
    dataStreamAddress: "localhost:15263"
    clientAddress: "localhost:15262"
    adminAddress: "localhost:15261"
    startupRole: FOLLOWER
  }
  commitIndex: 16
}
)
2024-10-20 10:47:27,600 [main] WARN  util.ReferenceCountedLeakDetector (ReferenceCountedLeakDetector.java:logLeakMessage(167)) - LEAK: (class org.apache.ratis.proto.RaftProtos$AppendEntriesRequestProto, count=3, value=serverRequest {
  requestorId: "s0"
  replyId: "s2"
  raftGroupId {
    id: "\375\210\024\357\262\375HY\244\207Ci\024Gb\025"
  }
  callId: 1
}
leaderTerm: 10
previousLog {
  term: 9
  index: 16
}
entries {
  term: 10
  index: 17
  configurationEntry {
    peers {
      id: "s0"
      address: "localhost:15252"
      dataStreamAddress: "localhost:15255"
      clientAddress: "localhost:15254"
      adminAddress: "localhost:15253"
      startupRole: FOLLOWER
    }
    peers {
      id: "s1"
      address: "localhost:15256"
      dataStreamAddress: "localhost:15259"
      clientAddress: "localhost:15258"
      adminAddress: "localhost:15257"
      startupRole: FOLLOWER
    }
    peers {
      id: "s2"
      address: "localhost:15260"
      dataStreamAddress: "localhost:15263"
      clientAddress: "localhost:15262"
      adminAddress: "localhost:15261"
      startupRole: FOLLOWER
    }
  }
}
leaderCommit: 16
commitInfos {
  server {
    id: "s0"
    address: "localhost:15252"
    dataStreamAddress: "localhost:15255"
    clientAddress: "localhost:15254"
    adminAddress: "localhost:15253"
    startupRole: FOLLOWER
  }
  commitIndex: 16
}
commitInfos {
  server {
    id: "s1"
    address: "localhost:15256"
    dataStreamAddress: "localhost:15259"
    clientAddress: "localhost:15258"
    adminAddress: "localhost:15257"
    startupRole: FOLLOWER
  }
  commitIndex: 16
}
commitInfos {
  server {
    id: "s2"
    address: "localhost:15260"
    dataStreamAddress: "localhost:15263"
    clientAddress: "localhost:15262"
    adminAddress: "localhost:15261"
    startupRole: FOLLOWER
  }
  commitIndex: 16
}
)
2024-10-20 10:47:27,600 [main] WARN  util.ReferenceCountedLeakDetector (ReferenceCountedLeakDetector.java:logLeakMessage(167)) - LEAK: (class org.apache.ratis.proto.RaftProtos$AppendEntriesRequestProto, count=2, value=serverRequest {
  requestorId: "s1"
  replyId: "s2"
  raftGroupId {
    id: "\375\210\024\357\262\375HY\244\207Ci\024Gb\025"
  }
  callId: 8
}
leaderTerm: 9
previousLog {
  term: 9
  index: 16
}
leaderCommit: 16
commitInfos {
  server {
    id: "s1"
    address: "localhost:15256"
    dataStreamAddress: "localhost:15259"
    clientAddress: "localhost:15258"
    adminAddress: "localhost:15257"
    startupRole: FOLLOWER
  }
  commitIndex: 16
}
commitInfos {
  server {
    id: "s0"
    address: "localhost:15252"
    dataStreamAddress: "localhost:15255"
    clientAddress: "localhost:15254"
    adminAddress: "localhost:15253"
    startupRole: FOLLOWER
  }
  commitIndex: 16
}
commitInfos {
  server {
    id: "s2"
    address: "localhost:15260"
    dataStreamAddress: "localhost:15263"
    clientAddress: "localhost:15262"
    adminAddress: "localhost:15261"
    startupRole: FOLLOWER
  }
  commitIndex: 16
}
)
2024-10-20 10:47:27,600 [main] WARN  util.ReferenceCountedLeakDetector (ReferenceCountedLeakDetector.java:logLeakMessage(167)) - LEAK: (class org.apache.ratis.proto.RaftProtos$AppendEntriesRequestProto, count=2, value=serverRequest {
  requestorId: "s1"
  replyId: "s2"
  raftGroupId {
    id: "\375\210\024\357\262\375HY\244\207Ci\024Gb\025"
  }
}
leaderTerm: 11
previousLog {
  term: 10
  index: 18
}
leaderCommit: 17
commitInfos {
  server {
    id: "s1"
    address: "localhost:15256"
    dataStreamAddress: "localhost:15259"
    clientAddress: "localhost:15258"
    adminAddress: "localhost:15257"
    startupRole: FOLLOWER
  }
  commitIndex: 17
}
commitInfos {
  server {
    id: "s0"
    address: "localhost:15252"
    dataStreamAddress: "localhost:15255"
    clientAddress: "localhost:15254"
    adminAddress: "localhost:15253"
    startupRole: FOLLOWER
  }
  commitIndex: 17
}
commitInfos {
  server {
    id: "s2"
    address: "localhost:15260"
    dataStreamAddress: "localhost:15263"
    clientAddress: "localhost:15262"
    adminAddress: "localhost:15261"
    startupRole: FOLLOWER
  }
  commitIndex: 16
}
)
2024-10-20 10:47:27,600 [main] WARN  util.LeakDetector (LeakDetector.java:assertNoLeaks(171)) - 24/30) numLeaks == 5 > 0, will wait and retry ...
2024-10-20 10:47:28,600 [main] WARN  util.ReferenceCountedLeakDetector (ReferenceCountedLeakDetector.java:logLeakMessage(167)) - LEAK: (class org.apache.ratis.proto.RaftProtos$AppendEntriesRequestProto, count=2, value=serverRequest {
  requestorId: "s0"
  replyId: "s2"
  raftGroupId {
    id: "\375\210\024\357\262\375HY\244\207Ci\024Gb\025"
  }
}
leaderTerm: 10
previousLog {
  term: 9
  index: 16
}
leaderCommit: 16
commitInfos {
  server {
    id: "s0"
    address: "localhost:15252"
    dataStreamAddress: "localhost:15255"
    clientAddress: "localhost:15254"
    adminAddress: "localhost:15253"
    startupRole: FOLLOWER
  }
  commitIndex: 16
}
commitInfos {
  server {
    id: "s1"
    address: "localhost:15256"
    dataStreamAddress: "localhost:15259"
    clientAddress: "localhost:15258"
    adminAddress: "localhost:15257"
    startupRole: FOLLOWER
  }
  commitIndex: 16
}
commitInfos {
  server {
    id: "s2"
    address: "localhost:15260"
    dataStreamAddress: "localhost:15263"
    clientAddress: "localhost:15262"
    adminAddress: "localhost:15261"
    startupRole: FOLLOWER
  }
  commitIndex: 16
}
)
2024-10-20 10:47:28,601 [main] WARN  util.ReferenceCountedLeakDetector (ReferenceCountedLeakDetector.java:logLeakMessage(167)) - LEAK: (class org.apache.ratis.proto.RaftProtos$AppendEntriesRequestProto, count=3, value=serverRequest {
  requestorId: "s1"
  replyId: "s2"
  raftGroupId {
    id: "\375\210\024\357\262\375HY\244\207Ci\024Gb\025"
  }
  callId: 1
}
leaderTerm: 11
previousLog {
  term: 10
  index: 18
}
entries {
  term: 11
  index: 19
  configurationEntry {
    peers {
      id: "s0"
      address: "localhost:15252"
      dataStreamAddress: "localhost:15255"
      clientAddress: "localhost:15254"
      adminAddress: "localhost:15253"
      startupRole: FOLLOWER
    }
    peers {
      id: "s1"
      address: "localhost:15256"
      dataStreamAddress: "localhost:15259"
      clientAddress: "localhost:15258"
      adminAddress: "localhost:15257"
      startupRole: FOLLOWER
    }
    peers {
      id: "s2"
      address: "localhost:15260"
      dataStreamAddress: "localhost:15263"
      clientAddress: "localhost:15262"
      adminAddress: "localhost:15261"
      startupRole: FOLLOWER
    }
  }
}
leaderCommit: 17
commitInfos {
  server {
    id: "s1"
    address: "localhost:15256"
    dataStreamAddress: "localhost:15259"
    clientAddress: "localhost:15258"
    adminAddress: "localhost:15257"
    startupRole: FOLLOWER
  }
  commitIndex: 17
}
commitInfos {
  server {
    id: "s0"
    address: "localhost:15252"
    dataStreamAddress: "localhost:15255"
    clientAddress: "localhost:15254"
    adminAddress: "localhost:15253"
    startupRole: FOLLOWER
  }
  commitIndex: 17
}
commitInfos {
  server {
    id: "s2"
    address: "localhost:15260"
    dataStreamAddress: "localhost:15263"
    clientAddress: "localhost:15262"
    adminAddress: "localhost:15261"
    startupRole: FOLLOWER
  }
  commitIndex: 16
}
)
2024-10-20 10:47:28,601 [main] WARN  util.ReferenceCountedLeakDetector (ReferenceCountedLeakDetector.java:logLeakMessage(167)) - LEAK: (class org.apache.ratis.proto.RaftProtos$AppendEntriesRequestProto, count=3, value=serverRequest {
  requestorId: "s0"
  replyId: "s2"
  raftGroupId {
    id: "\375\210\024\357\262\375HY\244\207Ci\024Gb\025"
  }
  callId: 1
}
leaderTerm: 10
previousLog {
  term: 9
  index: 16
}
entries {
  term: 10
  index: 17
  configurationEntry {
    peers {
      id: "s0"
      address: "localhost:15252"
      dataStreamAddress: "localhost:15255"
      clientAddress: "localhost:15254"
      adminAddress: "localhost:15253"
      startupRole: FOLLOWER
    }
    peers {
      id: "s1"
      address: "localhost:15256"
      dataStreamAddress: "localhost:15259"
      clientAddress: "localhost:15258"
      adminAddress: "localhost:15257"
      startupRole: FOLLOWER
    }
    peers {
      id: "s2"
      address: "localhost:15260"
      dataStreamAddress: "localhost:15263"
      clientAddress: "localhost:15262"
      adminAddress: "localhost:15261"
      startupRole: FOLLOWER
    }
  }
}
leaderCommit: 16
commitInfos {
  server {
    id: "s0"
    address: "localhost:15252"
    dataStreamAddress: "localhost:15255"
    clientAddress: "localhost:15254"
    adminAddress: "localhost:15253"
    startupRole: FOLLOWER
  }
  commitIndex: 16
}
commitInfos {
  server {
    id: "s1"
    address: "localhost:15256"
    dataStreamAddress: "localhost:15259"
    clientAddress: "localhost:15258"
    adminAddress: "localhost:15257"
    startupRole: FOLLOWER
  }
  commitIndex: 16
}
commitInfos {
  server {
    id: "s2"
    address: "localhost:15260"
    dataStreamAddress: "localhost:15263"
    clientAddress: "localhost:15262"
    adminAddress: "localhost:15261"
    startupRole: FOLLOWER
  }
  commitIndex: 16
}
)
2024-10-20 10:47:28,601 [main] WARN  util.ReferenceCountedLeakDetector (ReferenceCountedLeakDetector.java:logLeakMessage(167)) - LEAK: (class org.apache.ratis.proto.RaftProtos$AppendEntriesRequestProto, count=2, value=serverRequest {
  requestorId: "s1"
  replyId: "s2"
  raftGroupId {
    id: "\375\210\024\357\262\375HY\244\207Ci\024Gb\025"
  }
  callId: 8
}
leaderTerm: 9
previousLog {
  term: 9
  index: 16
}
leaderCommit: 16
commitInfos {
  server {
    id: "s1"
    address: "localhost:15256"
    dataStreamAddress: "localhost:15259"
    clientAddress: "localhost:15258"
    adminAddress: "localhost:15257"
    startupRole: FOLLOWER
  }
  commitIndex: 16
}
commitInfos {
  server {
    id: "s0"
    address: "localhost:15252"
    dataStreamAddress: "localhost:15255"
    clientAddress: "localhost:15254"
    adminAddress: "localhost:15253"
    startupRole: FOLLOWER
  }
  commitIndex: 16
}
commitInfos {
  server {
    id: "s2"
    address: "localhost:15260"
    dataStreamAddress: "localhost:15263"
    clientAddress: "localhost:15262"
    adminAddress: "localhost:15261"
    startupRole: FOLLOWER
  }
  commitIndex: 16
}
)
2024-10-20 10:47:28,601 [main] WARN  util.ReferenceCountedLeakDetector (ReferenceCountedLeakDetector.java:logLeakMessage(167)) - LEAK: (class org.apache.ratis.proto.RaftProtos$AppendEntriesRequestProto, count=2, value=serverRequest {
  requestorId: "s1"
  replyId: "s2"
  raftGroupId {
    id: "\375\210\024\357\262\375HY\244\207Ci\024Gb\025"
  }
}
leaderTerm: 11
previousLog {
  term: 10
  index: 18
}
leaderCommit: 17
commitInfos {
  server {
    id: "s1"
    address: "localhost:15256"
    dataStreamAddress: "localhost:15259"
    clientAddress: "localhost:15258"
    adminAddress: "localhost:15257"
    startupRole: FOLLOWER
  }
  commitIndex: 17
}
commitInfos {
  server {
    id: "s0"
    address: "localhost:15252"
    dataStreamAddress: "localhost:15255"
    clientAddress: "localhost:15254"
    adminAddress: "localhost:15253"
    startupRole: FOLLOWER
  }
  commitIndex: 17
}
commitInfos {
  server {
    id: "s2"
    address: "localhost:15260"
    dataStreamAddress: "localhost:15263"
    clientAddress: "localhost:15262"
    adminAddress: "localhost:15261"
    startupRole: FOLLOWER
  }
  commitIndex: 16
}
)
2024-10-20 10:47:28,601 [main] WARN  util.LeakDetector (LeakDetector.java:assertNoLeaks(171)) - 25/30) numLeaks == 5 > 0, will wait and retry ...
2024-10-20 10:47:29,601 [main] WARN  util.ReferenceCountedLeakDetector (ReferenceCountedLeakDetector.java:logLeakMessage(167)) - LEAK: (class org.apache.ratis.proto.RaftProtos$AppendEntriesRequestProto, count=2, value=serverRequest {
  requestorId: "s0"
  replyId: "s2"
  raftGroupId {
    id: "\375\210\024\357\262\375HY\244\207Ci\024Gb\025"
  }
}
leaderTerm: 10
previousLog {
  term: 9
  index: 16
}
leaderCommit: 16
commitInfos {
  server {
    id: "s0"
    address: "localhost:15252"
    dataStreamAddress: "localhost:15255"
    clientAddress: "localhost:15254"
    adminAddress: "localhost:15253"
    startupRole: FOLLOWER
  }
  commitIndex: 16
}
commitInfos {
  server {
    id: "s1"
    address: "localhost:15256"
    dataStreamAddress: "localhost:15259"
    clientAddress: "localhost:15258"
    adminAddress: "localhost:15257"
    startupRole: FOLLOWER
  }
  commitIndex: 16
}
commitInfos {
  server {
    id: "s2"
    address: "localhost:15260"
    dataStreamAddress: "localhost:15263"
    clientAddress: "localhost:15262"
    adminAddress: "localhost:15261"
    startupRole: FOLLOWER
  }
  commitIndex: 16
}
)
2024-10-20 10:47:29,602 [main] WARN  util.ReferenceCountedLeakDetector (ReferenceCountedLeakDetector.java:logLeakMessage(167)) - LEAK: (class org.apache.ratis.proto.RaftProtos$AppendEntriesRequestProto, count=3, value=serverRequest {
  requestorId: "s1"
  replyId: "s2"
  raftGroupId {
    id: "\375\210\024\357\262\375HY\244\207Ci\024Gb\025"
  }
  callId: 1
}
leaderTerm: 11
previousLog {
  term: 10
  index: 18
}
entries {
  term: 11
  index: 19
  configurationEntry {
    peers {
      id: "s0"
      address: "localhost:15252"
      dataStreamAddress: "localhost:15255"
      clientAddress: "localhost:15254"
      adminAddress: "localhost:15253"
      startupRole: FOLLOWER
    }
    peers {
      id: "s1"
      address: "localhost:15256"
      dataStreamAddress: "localhost:15259"
      clientAddress: "localhost:15258"
      adminAddress: "localhost:15257"
      startupRole: FOLLOWER
    }
    peers {
      id: "s2"
      address: "localhost:15260"
      dataStreamAddress: "localhost:15263"
      clientAddress: "localhost:15262"
      adminAddress: "localhost:15261"
      startupRole: FOLLOWER
    }
  }
}
leaderCommit: 17
commitInfos {
  server {
    id: "s1"
    address: "localhost:15256"
    dataStreamAddress: "localhost:15259"
    clientAddress: "localhost:15258"
    adminAddress: "localhost:15257"
    startupRole: FOLLOWER
  }
  commitIndex: 17
}
commitInfos {
  server {
    id: "s0"
    address: "localhost:15252"
    dataStreamAddress: "localhost:15255"
    clientAddress: "localhost:15254"
    adminAddress: "localhost:15253"
    startupRole: FOLLOWER
  }
  commitIndex: 17
}
commitInfos {
  server {
    id: "s2"
    address: "localhost:15260"
    dataStreamAddress: "localhost:15263"
    clientAddress: "localhost:15262"
    adminAddress: "localhost:15261"
    startupRole: FOLLOWER
  }
  commitIndex: 16
}
)
2024-10-20 10:47:29,602 [main] WARN  util.ReferenceCountedLeakDetector (ReferenceCountedLeakDetector.java:logLeakMessage(167)) - LEAK: (class org.apache.ratis.proto.RaftProtos$AppendEntriesRequestProto, count=3, value=serverRequest {
  requestorId: "s0"
  replyId: "s2"
  raftGroupId {
    id: "\375\210\024\357\262\375HY\244\207Ci\024Gb\025"
  }
  callId: 1
}
leaderTerm: 10
previousLog {
  term: 9
  index: 16
}
entries {
  term: 10
  index: 17
  configurationEntry {
    peers {
      id: "s0"
      address: "localhost:15252"
      dataStreamAddress: "localhost:15255"
      clientAddress: "localhost:15254"
      adminAddress: "localhost:15253"
      startupRole: FOLLOWER
    }
    peers {
      id: "s1"
      address: "localhost:15256"
      dataStreamAddress: "localhost:15259"
      clientAddress: "localhost:15258"
      adminAddress: "localhost:15257"
      startupRole: FOLLOWER
    }
    peers {
      id: "s2"
      address: "localhost:15260"
      dataStreamAddress: "localhost:15263"
      clientAddress: "localhost:15262"
      adminAddress: "localhost:15261"
      startupRole: FOLLOWER
    }
  }
}
leaderCommit: 16
commitInfos {
  server {
    id: "s0"
    address: "localhost:15252"
    dataStreamAddress: "localhost:15255"
    clientAddress: "localhost:15254"
    adminAddress: "localhost:15253"
    startupRole: FOLLOWER
  }
  commitIndex: 16
}
commitInfos {
  server {
    id: "s1"
    address: "localhost:15256"
    dataStreamAddress: "localhost:15259"
    clientAddress: "localhost:15258"
    adminAddress: "localhost:15257"
    startupRole: FOLLOWER
  }
  commitIndex: 16
}
commitInfos {
  server {
    id: "s2"
    address: "localhost:15260"
    dataStreamAddress: "localhost:15263"
    clientAddress: "localhost:15262"
    adminAddress: "localhost:15261"
    startupRole: FOLLOWER
  }
  commitIndex: 16
}
)
2024-10-20 10:47:29,602 [main] WARN  util.ReferenceCountedLeakDetector (ReferenceCountedLeakDetector.java:logLeakMessage(167)) - LEAK: (class org.apache.ratis.proto.RaftProtos$AppendEntriesRequestProto, count=2, value=serverRequest {
  requestorId: "s1"
  replyId: "s2"
  raftGroupId {
    id: "\375\210\024\357\262\375HY\244\207Ci\024Gb\025"
  }
  callId: 8
}
leaderTerm: 9
previousLog {
  term: 9
  index: 16
}
leaderCommit: 16
commitInfos {
  server {
    id: "s1"
    address: "localhost:15256"
    dataStreamAddress: "localhost:15259"
    clientAddress: "localhost:15258"
    adminAddress: "localhost:15257"
    startupRole: FOLLOWER
  }
  commitIndex: 16
}
commitInfos {
  server {
    id: "s0"
    address: "localhost:15252"
    dataStreamAddress: "localhost:15255"
    clientAddress: "localhost:15254"
    adminAddress: "localhost:15253"
    startupRole: FOLLOWER
  }
  commitIndex: 16
}
commitInfos {
  server {
    id: "s2"
    address: "localhost:15260"
    dataStreamAddress: "localhost:15263"
    clientAddress: "localhost:15262"
    adminAddress: "localhost:15261"
    startupRole: FOLLOWER
  }
  commitIndex: 16
}
)
2024-10-20 10:47:29,602 [main] WARN  util.ReferenceCountedLeakDetector (ReferenceCountedLeakDetector.java:logLeakMessage(167)) - LEAK: (class org.apache.ratis.proto.RaftProtos$AppendEntriesRequestProto, count=2, value=serverRequest {
  requestorId: "s1"
  replyId: "s2"
  raftGroupId {
    id: "\375\210\024\357\262\375HY\244\207Ci\024Gb\025"
  }
}
leaderTerm: 11
previousLog {
  term: 10
  index: 18
}
leaderCommit: 17
commitInfos {
  server {
    id: "s1"
    address: "localhost:15256"
    dataStreamAddress: "localhost:15259"
    clientAddress: "localhost:15258"
    adminAddress: "localhost:15257"
    startupRole: FOLLOWER
  }
  commitIndex: 17
}
commitInfos {
  server {
    id: "s0"
    address: "localhost:15252"
    dataStreamAddress: "localhost:15255"
    clientAddress: "localhost:15254"
    adminAddress: "localhost:15253"
    startupRole: FOLLOWER
  }
  commitIndex: 17
}
commitInfos {
  server {
    id: "s2"
    address: "localhost:15260"
    dataStreamAddress: "localhost:15263"
    clientAddress: "localhost:15262"
    adminAddress: "localhost:15261"
    startupRole: FOLLOWER
  }
  commitIndex: 16
}
)
2024-10-20 10:47:29,602 [main] WARN  util.LeakDetector (LeakDetector.java:assertNoLeaks(171)) - 26/30) numLeaks == 5 > 0, will wait and retry ...
2024-10-20 10:47:30,603 [main] WARN  util.ReferenceCountedLeakDetector (ReferenceCountedLeakDetector.java:logLeakMessage(167)) - LEAK: (class org.apache.ratis.proto.RaftProtos$AppendEntriesRequestProto, count=2, value=serverRequest {
  requestorId: "s0"
  replyId: "s2"
  raftGroupId {
    id: "\375\210\024\357\262\375HY\244\207Ci\024Gb\025"
  }
}
leaderTerm: 10
previousLog {
  term: 9
  index: 16
}
leaderCommit: 16
commitInfos {
  server {
    id: "s0"
    address: "localhost:15252"
    dataStreamAddress: "localhost:15255"
    clientAddress: "localhost:15254"
    adminAddress: "localhost:15253"
    startupRole: FOLLOWER
  }
  commitIndex: 16
}
commitInfos {
  server {
    id: "s1"
    address: "localhost:15256"
    dataStreamAddress: "localhost:15259"
    clientAddress: "localhost:15258"
    adminAddress: "localhost:15257"
    startupRole: FOLLOWER
  }
  commitIndex: 16
}
commitInfos {
  server {
    id: "s2"
    address: "localhost:15260"
    dataStreamAddress: "localhost:15263"
    clientAddress: "localhost:15262"
    adminAddress: "localhost:15261"
    startupRole: FOLLOWER
  }
  commitIndex: 16
}
)
2024-10-20 10:47:30,603 [main] WARN  util.ReferenceCountedLeakDetector (ReferenceCountedLeakDetector.java:logLeakMessage(167)) - LEAK: (class org.apache.ratis.proto.RaftProtos$AppendEntriesRequestProto, count=3, value=serverRequest {
  requestorId: "s1"
  replyId: "s2"
  raftGroupId {
    id: "\375\210\024\357\262\375HY\244\207Ci\024Gb\025"
  }
  callId: 1
}
leaderTerm: 11
previousLog {
  term: 10
  index: 18
}
entries {
  term: 11
  index: 19
  configurationEntry {
    peers {
      id: "s0"
      address: "localhost:15252"
      dataStreamAddress: "localhost:15255"
      clientAddress: "localhost:15254"
      adminAddress: "localhost:15253"
      startupRole: FOLLOWER
    }
    peers {
      id: "s1"
      address: "localhost:15256"
      dataStreamAddress: "localhost:15259"
      clientAddress: "localhost:15258"
      adminAddress: "localhost:15257"
      startupRole: FOLLOWER
    }
    peers {
      id: "s2"
      address: "localhost:15260"
      dataStreamAddress: "localhost:15263"
      clientAddress: "localhost:15262"
      adminAddress: "localhost:15261"
      startupRole: FOLLOWER
    }
  }
}
leaderCommit: 17
commitInfos {
  server {
    id: "s1"
    address: "localhost:15256"
    dataStreamAddress: "localhost:15259"
    clientAddress: "localhost:15258"
    adminAddress: "localhost:15257"
    startupRole: FOLLOWER
  }
  commitIndex: 17
}
commitInfos {
  server {
    id: "s0"
    address: "localhost:15252"
    dataStreamAddress: "localhost:15255"
    clientAddress: "localhost:15254"
    adminAddress: "localhost:15253"
    startupRole: FOLLOWER
  }
  commitIndex: 17
}
commitInfos {
  server {
    id: "s2"
    address: "localhost:15260"
    dataStreamAddress: "localhost:15263"
    clientAddress: "localhost:15262"
    adminAddress: "localhost:15261"
    startupRole: FOLLOWER
  }
  commitIndex: 16
}
)
2024-10-20 10:47:30,603 [main] WARN  util.ReferenceCountedLeakDetector (ReferenceCountedLeakDetector.java:logLeakMessage(167)) - LEAK: (class org.apache.ratis.proto.RaftProtos$AppendEntriesRequestProto, count=3, value=serverRequest {
  requestorId: "s0"
  replyId: "s2"
  raftGroupId {
    id: "\375\210\024\357\262\375HY\244\207Ci\024Gb\025"
  }
  callId: 1
}
leaderTerm: 10
previousLog {
  term: 9
  index: 16
}
entries {
  term: 10
  index: 17
  configurationEntry {
    peers {
      id: "s0"
      address: "localhost:15252"
      dataStreamAddress: "localhost:15255"
      clientAddress: "localhost:15254"
      adminAddress: "localhost:15253"
      startupRole: FOLLOWER
    }
    peers {
      id: "s1"
      address: "localhost:15256"
      dataStreamAddress: "localhost:15259"
      clientAddress: "localhost:15258"
      adminAddress: "localhost:15257"
      startupRole: FOLLOWER
    }
    peers {
      id: "s2"
      address: "localhost:15260"
      dataStreamAddress: "localhost:15263"
      clientAddress: "localhost:15262"
      adminAddress: "localhost:15261"
      startupRole: FOLLOWER
    }
  }
}
leaderCommit: 16
commitInfos {
  server {
    id: "s0"
    address: "localhost:15252"
    dataStreamAddress: "localhost:15255"
    clientAddress: "localhost:15254"
    adminAddress: "localhost:15253"
    startupRole: FOLLOWER
  }
  commitIndex: 16
}
commitInfos {
  server {
    id: "s1"
    address: "localhost:15256"
    dataStreamAddress: "localhost:15259"
    clientAddress: "localhost:15258"
    adminAddress: "localhost:15257"
    startupRole: FOLLOWER
  }
  commitIndex: 16
}
commitInfos {
  server {
    id: "s2"
    address: "localhost:15260"
    dataStreamAddress: "localhost:15263"
    clientAddress: "localhost:15262"
    adminAddress: "localhost:15261"
    startupRole: FOLLOWER
  }
  commitIndex: 16
}
)
2024-10-20 10:47:30,603 [main] WARN  util.ReferenceCountedLeakDetector (ReferenceCountedLeakDetector.java:logLeakMessage(167)) - LEAK: (class org.apache.ratis.proto.RaftProtos$AppendEntriesRequestProto, count=2, value=serverRequest {
  requestorId: "s1"
  replyId: "s2"
  raftGroupId {
    id: "\375\210\024\357\262\375HY\244\207Ci\024Gb\025"
  }
  callId: 8
}
leaderTerm: 9
previousLog {
  term: 9
  index: 16
}
leaderCommit: 16
commitInfos {
  server {
    id: "s1"
    address: "localhost:15256"
    dataStreamAddress: "localhost:15259"
    clientAddress: "localhost:15258"
    adminAddress: "localhost:15257"
    startupRole: FOLLOWER
  }
  commitIndex: 16
}
commitInfos {
  server {
    id: "s0"
    address: "localhost:15252"
    dataStreamAddress: "localhost:15255"
    clientAddress: "localhost:15254"
    adminAddress: "localhost:15253"
    startupRole: FOLLOWER
  }
  commitIndex: 16
}
commitInfos {
  server {
    id: "s2"
    address: "localhost:15260"
    dataStreamAddress: "localhost:15263"
    clientAddress: "localhost:15262"
    adminAddress: "localhost:15261"
    startupRole: FOLLOWER
  }
  commitIndex: 16
}
)
2024-10-20 10:47:30,603 [main] WARN  util.ReferenceCountedLeakDetector (ReferenceCountedLeakDetector.java:logLeakMessage(167)) - LEAK: (class org.apache.ratis.proto.RaftProtos$AppendEntriesRequestProto, count=2, value=serverRequest {
  requestorId: "s1"
  replyId: "s2"
  raftGroupId {
    id: "\375\210\024\357\262\375HY\244\207Ci\024Gb\025"
  }
}
leaderTerm: 11
previousLog {
  term: 10
  index: 18
}
leaderCommit: 17
commitInfos {
  server {
    id: "s1"
    address: "localhost:15256"
    dataStreamAddress: "localhost:15259"
    clientAddress: "localhost:15258"
    adminAddress: "localhost:15257"
    startupRole: FOLLOWER
  }
  commitIndex: 17
}
commitInfos {
  server {
    id: "s0"
    address: "localhost:15252"
    dataStreamAddress: "localhost:15255"
    clientAddress: "localhost:15254"
    adminAddress: "localhost:15253"
    startupRole: FOLLOWER
  }
  commitIndex: 17
}
commitInfos {
  server {
    id: "s2"
    address: "localhost:15260"
    dataStreamAddress: "localhost:15263"
    clientAddress: "localhost:15262"
    adminAddress: "localhost:15261"
    startupRole: FOLLOWER
  }
  commitIndex: 16
}
)
2024-10-20 10:47:30,604 [main] WARN  util.LeakDetector (LeakDetector.java:assertNoLeaks(171)) - 27/30) numLeaks == 5 > 0, will wait and retry ...
2024-10-20 10:47:31,604 [main] WARN  util.ReferenceCountedLeakDetector (ReferenceCountedLeakDetector.java:logLeakMessage(167)) - LEAK: (class org.apache.ratis.proto.RaftProtos$AppendEntriesRequestProto, count=2, value=serverRequest {
  requestorId: "s0"
  replyId: "s2"
  raftGroupId {
    id: "\375\210\024\357\262\375HY\244\207Ci\024Gb\025"
  }
}
leaderTerm: 10
previousLog {
  term: 9
  index: 16
}
leaderCommit: 16
commitInfos {
  server {
    id: "s0"
    address: "localhost:15252"
    dataStreamAddress: "localhost:15255"
    clientAddress: "localhost:15254"
    adminAddress: "localhost:15253"
    startupRole: FOLLOWER
  }
  commitIndex: 16
}
commitInfos {
  server {
    id: "s1"
    address: "localhost:15256"
    dataStreamAddress: "localhost:15259"
    clientAddress: "localhost:15258"
    adminAddress: "localhost:15257"
    startupRole: FOLLOWER
  }
  commitIndex: 16
}
commitInfos {
  server {
    id: "s2"
    address: "localhost:15260"
    dataStreamAddress: "localhost:15263"
    clientAddress: "localhost:15262"
    adminAddress: "localhost:15261"
    startupRole: FOLLOWER
  }
  commitIndex: 16
}
)
2024-10-20 10:47:31,604 [main] WARN  util.ReferenceCountedLeakDetector (ReferenceCountedLeakDetector.java:logLeakMessage(167)) - LEAK: (class org.apache.ratis.proto.RaftProtos$AppendEntriesRequestProto, count=3, value=serverRequest {
  requestorId: "s1"
  replyId: "s2"
  raftGroupId {
    id: "\375\210\024\357\262\375HY\244\207Ci\024Gb\025"
  }
  callId: 1
}
leaderTerm: 11
previousLog {
  term: 10
  index: 18
}
entries {
  term: 11
  index: 19
  configurationEntry {
    peers {
      id: "s0"
      address: "localhost:15252"
      dataStreamAddress: "localhost:15255"
      clientAddress: "localhost:15254"
      adminAddress: "localhost:15253"
      startupRole: FOLLOWER
    }
    peers {
      id: "s1"
      address: "localhost:15256"
      dataStreamAddress: "localhost:15259"
      clientAddress: "localhost:15258"
      adminAddress: "localhost:15257"
      startupRole: FOLLOWER
    }
    peers {
      id: "s2"
      address: "localhost:15260"
      dataStreamAddress: "localhost:15263"
      clientAddress: "localhost:15262"
      adminAddress: "localhost:15261"
      startupRole: FOLLOWER
    }
  }
}
leaderCommit: 17
commitInfos {
  server {
    id: "s1"
    address: "localhost:15256"
    dataStreamAddress: "localhost:15259"
    clientAddress: "localhost:15258"
    adminAddress: "localhost:15257"
    startupRole: FOLLOWER
  }
  commitIndex: 17
}
commitInfos {
  server {
    id: "s0"
    address: "localhost:15252"
    dataStreamAddress: "localhost:15255"
    clientAddress: "localhost:15254"
    adminAddress: "localhost:15253"
    startupRole: FOLLOWER
  }
  commitIndex: 17
}
commitInfos {
  server {
    id: "s2"
    address: "localhost:15260"
    dataStreamAddress: "localhost:15263"
    clientAddress: "localhost:15262"
    adminAddress: "localhost:15261"
    startupRole: FOLLOWER
  }
  commitIndex: 16
}
)
2024-10-20 10:47:31,604 [main] WARN  util.ReferenceCountedLeakDetector (ReferenceCountedLeakDetector.java:logLeakMessage(167)) - LEAK: (class org.apache.ratis.proto.RaftProtos$AppendEntriesRequestProto, count=3, value=serverRequest {
  requestorId: "s0"
  replyId: "s2"
  raftGroupId {
    id: "\375\210\024\357\262\375HY\244\207Ci\024Gb\025"
  }
  callId: 1
}
leaderTerm: 10
previousLog {
  term: 9
  index: 16
}
entries {
  term: 10
  index: 17
  configurationEntry {
    peers {
      id: "s0"
      address: "localhost:15252"
      dataStreamAddress: "localhost:15255"
      clientAddress: "localhost:15254"
      adminAddress: "localhost:15253"
      startupRole: FOLLOWER
    }
    peers {
      id: "s1"
      address: "localhost:15256"
      dataStreamAddress: "localhost:15259"
      clientAddress: "localhost:15258"
      adminAddress: "localhost:15257"
      startupRole: FOLLOWER
    }
    peers {
      id: "s2"
      address: "localhost:15260"
      dataStreamAddress: "localhost:15263"
      clientAddress: "localhost:15262"
      adminAddress: "localhost:15261"
      startupRole: FOLLOWER
    }
  }
}
leaderCommit: 16
commitInfos {
  server {
    id: "s0"
    address: "localhost:15252"
    dataStreamAddress: "localhost:15255"
    clientAddress: "localhost:15254"
    adminAddress: "localhost:15253"
    startupRole: FOLLOWER
  }
  commitIndex: 16
}
commitInfos {
  server {
    id: "s1"
    address: "localhost:15256"
    dataStreamAddress: "localhost:15259"
    clientAddress: "localhost:15258"
    adminAddress: "localhost:15257"
    startupRole: FOLLOWER
  }
  commitIndex: 16
}
commitInfos {
  server {
    id: "s2"
    address: "localhost:15260"
    dataStreamAddress: "localhost:15263"
    clientAddress: "localhost:15262"
    adminAddress: "localhost:15261"
    startupRole: FOLLOWER
  }
  commitIndex: 16
}
)
2024-10-20 10:47:31,604 [main] WARN  util.ReferenceCountedLeakDetector (ReferenceCountedLeakDetector.java:logLeakMessage(167)) - LEAK: (class org.apache.ratis.proto.RaftProtos$AppendEntriesRequestProto, count=2, value=serverRequest {
  requestorId: "s1"
  replyId: "s2"
  raftGroupId {
    id: "\375\210\024\357\262\375HY\244\207Ci\024Gb\025"
  }
  callId: 8
}
leaderTerm: 9
previousLog {
  term: 9
  index: 16
}
leaderCommit: 16
commitInfos {
  server {
    id: "s1"
    address: "localhost:15256"
    dataStreamAddress: "localhost:15259"
    clientAddress: "localhost:15258"
    adminAddress: "localhost:15257"
    startupRole: FOLLOWER
  }
  commitIndex: 16
}
commitInfos {
  server {
    id: "s0"
    address: "localhost:15252"
    dataStreamAddress: "localhost:15255"
    clientAddress: "localhost:15254"
    adminAddress: "localhost:15253"
    startupRole: FOLLOWER
  }
  commitIndex: 16
}
commitInfos {
  server {
    id: "s2"
    address: "localhost:15260"
    dataStreamAddress: "localhost:15263"
    clientAddress: "localhost:15262"
    adminAddress: "localhost:15261"
    startupRole: FOLLOWER
  }
  commitIndex: 16
}
)
2024-10-20 10:47:31,604 [main] WARN  util.ReferenceCountedLeakDetector (ReferenceCountedLeakDetector.java:logLeakMessage(167)) - LEAK: (class org.apache.ratis.proto.RaftProtos$AppendEntriesRequestProto, count=2, value=serverRequest {
  requestorId: "s1"
  replyId: "s2"
  raftGroupId {
    id: "\375\210\024\357\262\375HY\244\207Ci\024Gb\025"
  }
}
leaderTerm: 11
previousLog {
  term: 10
  index: 18
}
leaderCommit: 17
commitInfos {
  server {
    id: "s1"
    address: "localhost:15256"
    dataStreamAddress: "localhost:15259"
    clientAddress: "localhost:15258"
    adminAddress: "localhost:15257"
    startupRole: FOLLOWER
  }
  commitIndex: 17
}
commitInfos {
  server {
    id: "s0"
    address: "localhost:15252"
    dataStreamAddress: "localhost:15255"
    clientAddress: "localhost:15254"
    adminAddress: "localhost:15253"
    startupRole: FOLLOWER
  }
  commitIndex: 17
}
commitInfos {
  server {
    id: "s2"
    address: "localhost:15260"
    dataStreamAddress: "localhost:15263"
    clientAddress: "localhost:15262"
    adminAddress: "localhost:15261"
    startupRole: FOLLOWER
  }
  commitIndex: 16
}
)
2024-10-20 10:47:31,605 [main] WARN  util.LeakDetector (LeakDetector.java:assertNoLeaks(171)) - 28/30) numLeaks == 5 > 0, will wait and retry ...
2024-10-20 10:47:32,605 [main] WARN  util.ReferenceCountedLeakDetector (ReferenceCountedLeakDetector.java:logLeakMessage(167)) - LEAK: (class org.apache.ratis.proto.RaftProtos$AppendEntriesRequestProto, count=2, value=serverRequest {
  requestorId: "s0"
  replyId: "s2"
  raftGroupId {
    id: "\375\210\024\357\262\375HY\244\207Ci\024Gb\025"
  }
}
leaderTerm: 10
previousLog {
  term: 9
  index: 16
}
leaderCommit: 16
commitInfos {
  server {
    id: "s0"
    address: "localhost:15252"
    dataStreamAddress: "localhost:15255"
    clientAddress: "localhost:15254"
    adminAddress: "localhost:15253"
    startupRole: FOLLOWER
  }
  commitIndex: 16
}
commitInfos {
  server {
    id: "s1"
    address: "localhost:15256"
    dataStreamAddress: "localhost:15259"
    clientAddress: "localhost:15258"
    adminAddress: "localhost:15257"
    startupRole: FOLLOWER
  }
  commitIndex: 16
}
commitInfos {
  server {
    id: "s2"
    address: "localhost:15260"
    dataStreamAddress: "localhost:15263"
    clientAddress: "localhost:15262"
    adminAddress: "localhost:15261"
    startupRole: FOLLOWER
  }
  commitIndex: 16
}
)
2024-10-20 10:47:32,605 [main] WARN  util.ReferenceCountedLeakDetector (ReferenceCountedLeakDetector.java:logLeakMessage(167)) - LEAK: (class org.apache.ratis.proto.RaftProtos$AppendEntriesRequestProto, count=3, value=serverRequest {
  requestorId: "s1"
  replyId: "s2"
  raftGroupId {
    id: "\375\210\024\357\262\375HY\244\207Ci\024Gb\025"
  }
  callId: 1
}
leaderTerm: 11
previousLog {
  term: 10
  index: 18
}
entries {
  term: 11
  index: 19
  configurationEntry {
    peers {
      id: "s0"
      address: "localhost:15252"
      dataStreamAddress: "localhost:15255"
      clientAddress: "localhost:15254"
      adminAddress: "localhost:15253"
      startupRole: FOLLOWER
    }
    peers {
      id: "s1"
      address: "localhost:15256"
      dataStreamAddress: "localhost:15259"
      clientAddress: "localhost:15258"
      adminAddress: "localhost:15257"
      startupRole: FOLLOWER
    }
    peers {
      id: "s2"
      address: "localhost:15260"
      dataStreamAddress: "localhost:15263"
      clientAddress: "localhost:15262"
      adminAddress: "localhost:15261"
      startupRole: FOLLOWER
    }
  }
}
leaderCommit: 17
commitInfos {
  server {
    id: "s1"
    address: "localhost:15256"
    dataStreamAddress: "localhost:15259"
    clientAddress: "localhost:15258"
    adminAddress: "localhost:15257"
    startupRole: FOLLOWER
  }
  commitIndex: 17
}
commitInfos {
  server {
    id: "s0"
    address: "localhost:15252"
    dataStreamAddress: "localhost:15255"
    clientAddress: "localhost:15254"
    adminAddress: "localhost:15253"
    startupRole: FOLLOWER
  }
  commitIndex: 17
}
commitInfos {
  server {
    id: "s2"
    address: "localhost:15260"
    dataStreamAddress: "localhost:15263"
    clientAddress: "localhost:15262"
    adminAddress: "localhost:15261"
    startupRole: FOLLOWER
  }
  commitIndex: 16
}
)
2024-10-20 10:47:32,605 [main] WARN  util.ReferenceCountedLeakDetector (ReferenceCountedLeakDetector.java:logLeakMessage(167)) - LEAK: (class org.apache.ratis.proto.RaftProtos$AppendEntriesRequestProto, count=3, value=serverRequest {
  requestorId: "s0"
  replyId: "s2"
  raftGroupId {
    id: "\375\210\024\357\262\375HY\244\207Ci\024Gb\025"
  }
  callId: 1
}
leaderTerm: 10
previousLog {
  term: 9
  index: 16
}
entries {
  term: 10
  index: 17
  configurationEntry {
    peers {
      id: "s0"
      address: "localhost:15252"
      dataStreamAddress: "localhost:15255"
      clientAddress: "localhost:15254"
      adminAddress: "localhost:15253"
      startupRole: FOLLOWER
    }
    peers {
      id: "s1"
      address: "localhost:15256"
      dataStreamAddress: "localhost:15259"
      clientAddress: "localhost:15258"
      adminAddress: "localhost:15257"
      startupRole: FOLLOWER
    }
    peers {
      id: "s2"
      address: "localhost:15260"
      dataStreamAddress: "localhost:15263"
      clientAddress: "localhost:15262"
      adminAddress: "localhost:15261"
      startupRole: FOLLOWER
    }
  }
}
leaderCommit: 16
commitInfos {
  server {
    id: "s0"
    address: "localhost:15252"
    dataStreamAddress: "localhost:15255"
    clientAddress: "localhost:15254"
    adminAddress: "localhost:15253"
    startupRole: FOLLOWER
  }
  commitIndex: 16
}
commitInfos {
  server {
    id: "s1"
    address: "localhost:15256"
    dataStreamAddress: "localhost:15259"
    clientAddress: "localhost:15258"
    adminAddress: "localhost:15257"
    startupRole: FOLLOWER
  }
  commitIndex: 16
}
commitInfos {
  server {
    id: "s2"
    address: "localhost:15260"
    dataStreamAddress: "localhost:15263"
    clientAddress: "localhost:15262"
    adminAddress: "localhost:15261"
    startupRole: FOLLOWER
  }
  commitIndex: 16
}
)
2024-10-20 10:47:32,605 [main] WARN  util.ReferenceCountedLeakDetector (ReferenceCountedLeakDetector.java:logLeakMessage(167)) - LEAK: (class org.apache.ratis.proto.RaftProtos$AppendEntriesRequestProto, count=2, value=serverRequest {
  requestorId: "s1"
  replyId: "s2"
  raftGroupId {
    id: "\375\210\024\357\262\375HY\244\207Ci\024Gb\025"
  }
  callId: 8
}
leaderTerm: 9
previousLog {
  term: 9
  index: 16
}
leaderCommit: 16
commitInfos {
  server {
    id: "s1"
    address: "localhost:15256"
    dataStreamAddress: "localhost:15259"
    clientAddress: "localhost:15258"
    adminAddress: "localhost:15257"
    startupRole: FOLLOWER
  }
  commitIndex: 16
}
commitInfos {
  server {
    id: "s0"
    address: "localhost:15252"
    dataStreamAddress: "localhost:15255"
    clientAddress: "localhost:15254"
    adminAddress: "localhost:15253"
    startupRole: FOLLOWER
  }
  commitIndex: 16
}
commitInfos {
  server {
    id: "s2"
    address: "localhost:15260"
    dataStreamAddress: "localhost:15263"
    clientAddress: "localhost:15262"
    adminAddress: "localhost:15261"
    startupRole: FOLLOWER
  }
  commitIndex: 16
}
)
2024-10-20 10:47:32,605 [main] WARN  util.ReferenceCountedLeakDetector (ReferenceCountedLeakDetector.java:logLeakMessage(167)) - LEAK: (class org.apache.ratis.proto.RaftProtos$AppendEntriesRequestProto, count=2, value=serverRequest {
  requestorId: "s1"
  replyId: "s2"
  raftGroupId {
    id: "\375\210\024\357\262\375HY\244\207Ci\024Gb\025"
  }
}
leaderTerm: 11
previousLog {
  term: 10
  index: 18
}
leaderCommit: 17
commitInfos {
  server {
    id: "s1"
    address: "localhost:15256"
    dataStreamAddress: "localhost:15259"
    clientAddress: "localhost:15258"
    adminAddress: "localhost:15257"
    startupRole: FOLLOWER
  }
  commitIndex: 17
}
commitInfos {
  server {
    id: "s0"
    address: "localhost:15252"
    dataStreamAddress: "localhost:15255"
    clientAddress: "localhost:15254"
    adminAddress: "localhost:15253"
    startupRole: FOLLOWER
  }
  commitIndex: 17
}
commitInfos {
  server {
    id: "s2"
    address: "localhost:15260"
    dataStreamAddress: "localhost:15263"
    clientAddress: "localhost:15262"
    adminAddress: "localhost:15261"
    startupRole: FOLLOWER
  }
  commitIndex: 16
}
)
2024-10-20 10:47:32,606 [main] WARN  util.LeakDetector (LeakDetector.java:assertNoLeaks(171)) - 29/30) numLeaks == 5 > 0, will wait and retry ...
2024-10-20 10:47:33,606 [main] WARN  util.ReferenceCountedLeakDetector (ReferenceCountedLeakDetector.java:logLeakMessage(167)) - LEAK: (class org.apache.ratis.proto.RaftProtos$AppendEntriesRequestProto, count=2, value=serverRequest {
  requestorId: "s0"
  replyId: "s2"
  raftGroupId {
    id: "\375\210\024\357\262\375HY\244\207Ci\024Gb\025"
  }
}
leaderTerm: 10
previousLog {
  term: 9
  index: 16
}
leaderCommit: 16
commitInfos {
  server {
    id: "s0"
    address: "localhost:15252"
    dataStreamAddress: "localhost:15255"
    clientAddress: "localhost:15254"
    adminAddress: "localhost:15253"
    startupRole: FOLLOWER
  }
  commitIndex: 16
}
commitInfos {
  server {
    id: "s1"
    address: "localhost:15256"
    dataStreamAddress: "localhost:15259"
    clientAddress: "localhost:15258"
    adminAddress: "localhost:15257"
    startupRole: FOLLOWER
  }
  commitIndex: 16
}
commitInfos {
  server {
    id: "s2"
    address: "localhost:15260"
    dataStreamAddress: "localhost:15263"
    clientAddress: "localhost:15262"
    adminAddress: "localhost:15261"
    startupRole: FOLLOWER
  }
  commitIndex: 16
}
)
2024-10-20 10:47:33,606 [main] WARN  util.ReferenceCountedLeakDetector (ReferenceCountedLeakDetector.java:logLeakMessage(167)) - LEAK: (class org.apache.ratis.proto.RaftProtos$AppendEntriesRequestProto, count=3, value=serverRequest {
  requestorId: "s1"
  replyId: "s2"
  raftGroupId {
    id: "\375\210\024\357\262\375HY\244\207Ci\024Gb\025"
  }
  callId: 1
}
leaderTerm: 11
previousLog {
  term: 10
  index: 18
}
entries {
  term: 11
  index: 19
  configurationEntry {
    peers {
      id: "s0"
      address: "localhost:15252"
      dataStreamAddress: "localhost:15255"
      clientAddress: "localhost:15254"
      adminAddress: "localhost:15253"
      startupRole: FOLLOWER
    }
    peers {
      id: "s1"
      address: "localhost:15256"
      dataStreamAddress: "localhost:15259"
      clientAddress: "localhost:15258"
      adminAddress: "localhost:15257"
      startupRole: FOLLOWER
    }
    peers {
      id: "s2"
      address: "localhost:15260"
      dataStreamAddress: "localhost:15263"
      clientAddress: "localhost:15262"
      adminAddress: "localhost:15261"
      startupRole: FOLLOWER
    }
  }
}
leaderCommit: 17
commitInfos {
  server {
    id: "s1"
    address: "localhost:15256"
    dataStreamAddress: "localhost:15259"
    clientAddress: "localhost:15258"
    adminAddress: "localhost:15257"
    startupRole: FOLLOWER
  }
  commitIndex: 17
}
commitInfos {
  server {
    id: "s0"
    address: "localhost:15252"
    dataStreamAddress: "localhost:15255"
    clientAddress: "localhost:15254"
    adminAddress: "localhost:15253"
    startupRole: FOLLOWER
  }
  commitIndex: 17
}
commitInfos {
  server {
    id: "s2"
    address: "localhost:15260"
    dataStreamAddress: "localhost:15263"
    clientAddress: "localhost:15262"
    adminAddress: "localhost:15261"
    startupRole: FOLLOWER
  }
  commitIndex: 16
}
)
2024-10-20 10:47:33,606 [main] WARN  util.ReferenceCountedLeakDetector (ReferenceCountedLeakDetector.java:logLeakMessage(167)) - LEAK: (class org.apache.ratis.proto.RaftProtos$AppendEntriesRequestProto, count=3, value=serverRequest {
  requestorId: "s0"
  replyId: "s2"
  raftGroupId {
    id: "\375\210\024\357\262\375HY\244\207Ci\024Gb\025"
  }
  callId: 1
}
leaderTerm: 10
previousLog {
  term: 9
  index: 16
}
entries {
  term: 10
  index: 17
  configurationEntry {
    peers {
      id: "s0"
      address: "localhost:15252"
      dataStreamAddress: "localhost:15255"
      clientAddress: "localhost:15254"
      adminAddress: "localhost:15253"
      startupRole: FOLLOWER
    }
    peers {
      id: "s1"
      address: "localhost:15256"
      dataStreamAddress: "localhost:15259"
      clientAddress: "localhost:15258"
      adminAddress: "localhost:15257"
      startupRole: FOLLOWER
    }
    peers {
      id: "s2"
      address: "localhost:15260"
      dataStreamAddress: "localhost:15263"
      clientAddress: "localhost:15262"
      adminAddress: "localhost:15261"
      startupRole: FOLLOWER
    }
  }
}
leaderCommit: 16
commitInfos {
  server {
    id: "s0"
    address: "localhost:15252"
    dataStreamAddress: "localhost:15255"
    clientAddress: "localhost:15254"
    adminAddress: "localhost:15253"
    startupRole: FOLLOWER
  }
  commitIndex: 16
}
commitInfos {
  server {
    id: "s1"
    address: "localhost:15256"
    dataStreamAddress: "localhost:15259"
    clientAddress: "localhost:15258"
    adminAddress: "localhost:15257"
    startupRole: FOLLOWER
  }
  commitIndex: 16
}
commitInfos {
  server {
    id: "s2"
    address: "localhost:15260"
    dataStreamAddress: "localhost:15263"
    clientAddress: "localhost:15262"
    adminAddress: "localhost:15261"
    startupRole: FOLLOWER
  }
  commitIndex: 16
}
)
2024-10-20 10:47:33,606 [main] WARN  util.ReferenceCountedLeakDetector (ReferenceCountedLeakDetector.java:logLeakMessage(167)) - LEAK: (class org.apache.ratis.proto.RaftProtos$AppendEntriesRequestProto, count=2, value=serverRequest {
  requestorId: "s1"
  replyId: "s2"
  raftGroupId {
    id: "\375\210\024\357\262\375HY\244\207Ci\024Gb\025"
  }
  callId: 8
}
leaderTerm: 9
previousLog {
  term: 9
  index: 16
}
leaderCommit: 16
commitInfos {
  server {
    id: "s1"
    address: "localhost:15256"
    dataStreamAddress: "localhost:15259"
    clientAddress: "localhost:15258"
    adminAddress: "localhost:15257"
    startupRole: FOLLOWER
  }
  commitIndex: 16
}
commitInfos {
  server {
    id: "s0"
    address: "localhost:15252"
    dataStreamAddress: "localhost:15255"
    clientAddress: "localhost:15254"
    adminAddress: "localhost:15253"
    startupRole: FOLLOWER
  }
  commitIndex: 16
}
commitInfos {
  server {
    id: "s2"
    address: "localhost:15260"
    dataStreamAddress: "localhost:15263"
    clientAddress: "localhost:15262"
    adminAddress: "localhost:15261"
    startupRole: FOLLOWER
  }
  commitIndex: 16
}
)
2024-10-20 10:47:33,607 [main] WARN  util.ReferenceCountedLeakDetector (ReferenceCountedLeakDetector.java:logLeakMessage(167)) - LEAK: (class org.apache.ratis.proto.RaftProtos$AppendEntriesRequestProto, count=2, value=serverRequest {
  requestorId: "s1"
  replyId: "s2"
  raftGroupId {
    id: "\375\210\024\357\262\375HY\244\207Ci\024Gb\025"
  }
}
leaderTerm: 11
previousLog {
  term: 10
  index: 18
}
leaderCommit: 17
commitInfos {
  server {
    id: "s1"
    address: "localhost:15256"
    dataStreamAddress: "localhost:15259"
    clientAddress: "localhost:15258"
    adminAddress: "localhost:15257"
    startupRole: FOLLOWER
  }
  commitIndex: 17
}
commitInfos {
  server {
    id: "s0"
    address: "localhost:15252"
    dataStreamAddress: "localhost:15255"
    clientAddress: "localhost:15254"
    adminAddress: "localhost:15253"
    startupRole: FOLLOWER
  }
  commitIndex: 17
}
commitInfos {
  server {
    id: "s2"
    address: "localhost:15260"
    dataStreamAddress: "localhost:15263"
    clientAddress: "localhost:15262"
    adminAddress: "localhost:15261"
    startupRole: FOLLOWER
  }
  commitIndex: 16
}
)
]]></system-out>
  </testcase>
  <testcase name="testEnforceLeader" classname="org.apache.ratis.grpc.TestLeaderElectionWithGrpc" time="38.844">
    <error type="java.lang.IllegalStateException"><![CDATA[java.lang.IllegalStateException: #leaks = 5 > 0, #leaks == set.size = 5
	at org.apache.ratis.util.Preconditions.assertTrue(Preconditions.java:77)
	at org.apache.ratis.util.LeakDetector$LeakTrackerSet.assertNoLeaks(LeakDetector.java:100)
	at org.apache.ratis.util.LeakDetector$LeakTrackerSet.getNumLeaks(LeakDetector.java:94)
	at org.apache.ratis.util.LeakDetector.assertNoLeaks(LeakDetector.java:174)
	at org.apache.ratis.server.impl.MiniRaftCluster.shutdown(MiniRaftCluster.java:894)
	at org.apache.ratis.grpc.MiniRaftClusterWithGrpc.shutdown(MiniRaftClusterWithGrpc.java:97)
	at org.apache.ratis.server.impl.MiniRaftCluster.close(MiniRaftCluster.java:843)
	at org.apache.ratis.server.impl.LeaderElectionTests.testEnforceLeader(LeaderElectionTests.java:379)
	at org.apache.ratis.grpc.TestLeaderElectionWithGrpc.testEnforceLeader(TestLeaderElectionWithGrpc.java:31)
	at java.lang.reflect.Method.invoke(Method.java:498)
	at java.util.ArrayList.forEach(ArrayList.java:1259)
	at java.util.ArrayList.forEach(ArrayList.java:1259)
]]></error>
    <system-out><![CDATA[2024-10-20 10:47:33,609 [main] INFO  util.LogUtils (Slf4jUtils.java:setLogLevel(38)) - Successfully set org.apache.ratis.conf.ConfUtils log level to WARN
2024-10-20 10:47:33,609 [main] INFO  util.LogUtils (Slf4jUtils.java:setLogLevel(38)) - Successfully set org.apache.ratis.util.FileUtils log level to TRACE
2024-10-20 10:47:33,609 [main] INFO  util.LogUtils (Slf4jUtils.java:setLogLevel(38)) - Successfully set org.apache.ratis.server.RaftServer$Division log level to DEBUG
2024-10-20 10:47:33,609 [main] INFO  util.LogUtils (Slf4jUtils.java:setLogLevel(38)) - Successfully set org.apache.ratis.client.RaftClient log level to DEBUG
2024-10-20 10:47:33,610 [main] INFO  grpc.TestLeaderElectionWithGrpc (LeaderElectionTests.java:testEnforceLeader(366)) - Running testEnforceLeader
2024-10-20 10:47:33,611 [main] INFO  impl.MiniRaftCluster (MiniRaftCluster.java:<init>(319)) - new MiniRaftClusterWithGrpc with group-0A90AD4804C7:[s3|localhost:15332, s4|localhost:15336, s0|localhost:15320, s1|localhost:15324, s2|localhost:15328]
2024-10-20 10:47:33,612 [main] INFO  impl.MiniRaftCluster (MiniRaftCluster.java:start(352)) - .............................................................. 
2024-10-20 10:47:33,612 [main] INFO  impl.MiniRaftCluster (MiniRaftCluster.java:start(353)) - ... 
2024-10-20 10:47:33,612 [main] INFO  impl.MiniRaftCluster (MiniRaftCluster.java:start(354)) - ...     Starting MiniRaftClusterWithGrpc
2024-10-20 10:47:33,612 [main] INFO  impl.MiniRaftCluster (MiniRaftCluster.java:start(355)) - ... 
2024-10-20 10:47:33,612 [main] INFO  impl.MiniRaftCluster (MiniRaftCluster.java:start(356)) - .............................................................. 
2024-10-20 10:47:33,612 [main] INFO  impl.MiniRaftCluster (MiniRaftCluster.java:initServers(331)) - servers = {}
2024-10-20 10:47:33,612 [main] INFO  impl.MiniRaftCluster (MiniRaftCluster.java:newRaftServer(396)) - newRaftServer: s3, group-0A90AD4804C7:[s3|localhost:15332, s4|localhost:15336, s0|localhost:15320, s1|localhost:15324, s2|localhost:15328], format? true
2024-10-20 10:47:33,612 [main] TRACE util.FileUtils (FileUtils.java:deleteFully(305)) - deleteFully target/test/data/d69430f5/MiniRaftClusterWithGrpc498f2cf4/s3
2024-10-20 10:47:33,613 [main] TRACE util.FileUtils (FileUtils.java:deleteFully(318)) - deleteFully: target/test/data/d69430f5/MiniRaftClusterWithGrpc498f2cf4/s3 does not exist.
2024-10-20 10:47:33,613 [main] INFO  impl.MiniRaftCluster (MiniRaftCluster.java:newRaftServer(401)) - Formatted directory target/test/data/d69430f5/MiniRaftClusterWithGrpc498f2cf4/s3
2024-10-20 10:47:33,613 [main] INFO  server.RaftServer (ConfUtils.java:logGet(46)) - raft.rpc.type = GRPC (default)
2024-10-20 10:47:33,614 [main] INFO  grpc.GrpcConfigKeys (ConfUtils.java:logFallback(53)) - raft.grpc.admin.host = null (fallback to raft.grpc.server.host)
2024-10-20 10:47:33,614 [main] INFO  grpc.GrpcConfigKeys (ConfUtils.java:logGet(46)) - raft.grpc.admin.port = 15333 (custom)
2024-10-20 10:47:33,614 [main] INFO  grpc.GrpcConfigKeys (ConfUtils.java:logFallback(53)) - raft.grpc.client.host = null (fallback to raft.grpc.server.host)
2024-10-20 10:47:33,614 [main] INFO  grpc.GrpcConfigKeys (ConfUtils.java:logGet(46)) - raft.grpc.client.port = 15334 (custom)
2024-10-20 10:47:33,614 [main] INFO  grpc.GrpcConfigKeys (ConfUtils.java:logGet(46)) - raft.grpc.server.host = null (default)
2024-10-20 10:47:33,614 [main] INFO  grpc.GrpcConfigKeys (ConfUtils.java:logGet(46)) - raft.grpc.server.port = 15332 (custom)
2024-10-20 10:47:33,614 [main] INFO  server.GrpcServicesImpl (ConfUtils.java:logGet(46)) - raft.grpc.message.size.max = 64MB (=67108864) (default)
2024-10-20 10:47:33,614 [main] INFO  server.GrpcServicesImpl (ConfUtils.java:logGet(46)) - raft.grpc.flow.control.window = 1MB (=1048576) (default)
2024-10-20 10:47:33,614 [main] INFO  server.RaftServerConfigKeys (ConfUtils.java:logGet(46)) - raft.server.rpc.request.timeout = 3000ms (default)
2024-10-20 10:47:33,615 [main] INFO  grpc.GrpcConfigKeys (ConfUtils.java:logGet(46)) - raft.grpc.server.heartbeat.channel = true (default)
2024-10-20 10:47:33,615 [main] INFO  grpc.GrpcConfigKeys (ConfUtils.java:logGet(46)) - raft.grpc.server.zerocopy.enabled = true (custom)
2024-10-20 10:47:33,615 [main] INFO  server.RaftServerConfigKeys (ConfUtils.java:logGet(46)) - raft.server.log.appender.buffer.byte-limit = 4MB (=4194304) (default)
2024-10-20 10:47:33,615 [main] INFO  grpc.GrpcConfigKeys (ConfUtils.java:logGet(46)) - raft.grpc.server.async.request.thread.pool.cached = true (default)
2024-10-20 10:47:33,615 [main] INFO  grpc.GrpcConfigKeys (ConfUtils.java:logGet(46)) - raft.grpc.server.async.request.thread.pool.size = 32 (default)
2024-10-20 10:47:33,617 [main] INFO  impl.DataStreamServerImpl (ConfUtils.java:logGet(46)) - raft.datastream.type = DISABLED (default)
2024-10-20 10:47:33,617 [main] INFO  server.RaftServerConfigKeys (ConfUtils.java:logGet(46)) - raft.server.sleep.deviation.threshold = 300ms (default)
2024-10-20 10:47:33,617 [main] INFO  server.RaftServerConfigKeys (ConfUtils.java:logGet(46)) - raft.server.close.threshold = 60s (default)
2024-10-20 10:47:33,618 [main] INFO  server.RaftServerConfigKeys (ConfUtils.java:logGet(46)) - raft.server.leaderelection.leader.step-down.wait-time = 10s (default)
2024-10-20 10:47:33,618 [main] INFO  server.RaftServerConfigKeys (ConfUtils.java:logGet(46)) - raft.server.storage.dir = [/home/runner/work/ratis/ratis/ratis-test/target/test/data/d69430f5/MiniRaftClusterWithGrpc498f2cf4/s3] (custom)
2024-10-20 10:47:33,618 [main] INFO  server.RaftServerConfigKeys (ConfUtils.java:logGet(46)) - raft.server.threadpool.proxy.cached = true (default)
2024-10-20 10:47:33,618 [main] INFO  server.RaftServerConfigKeys (ConfUtils.java:logGet(46)) - raft.server.threadpool.proxy.size = 0 (default)
2024-10-20 10:47:33,619 [main] INFO  server.RaftServer (RaftServerProxy.java:addNew(101)) - s3: addNew group-0A90AD4804C7:[s3|localhost:15332, s4|localhost:15336, s0|localhost:15320, s1|localhost:15324, s2|localhost:15328] returns group-0A90AD4804C7:java.util.concurrent.CompletableFuture@4f378d7e[Not completed]
2024-10-20 10:47:33,619 [s3-groupManagement] INFO  server.RaftServer$Division (RaftServerImpl.java:<init>(257)) - s3: new RaftServerImpl for group-0A90AD4804C7:[s3|localhost:15332, s4|localhost:15336, s0|localhost:15320, s1|localhost:15324, s2|localhost:15328] with BaseStateMachine:uninitialized
2024-10-20 10:47:33,619 [main] INFO  impl.MiniRaftCluster (MiniRaftCluster.java:newRaftServer(396)) - newRaftServer: s4, group-0A90AD4804C7:[s3|localhost:15332, s4|localhost:15336, s0|localhost:15320, s1|localhost:15324, s2|localhost:15328], format? true
2024-10-20 10:47:33,619 [main] TRACE util.FileUtils (FileUtils.java:deleteFully(305)) - deleteFully target/test/data/d69430f5/MiniRaftClusterWithGrpc498f2cf4/s4
2024-10-20 10:47:33,619 [s3-groupManagement] INFO  server.RaftServerConfigKeys (ConfUtils.java:logGet(46)) - raft.server.rpc.timeout.min = 150ms (default)
2024-10-20 10:47:33,619 [main] TRACE util.FileUtils (FileUtils.java:deleteFully(318)) - deleteFully: target/test/data/d69430f5/MiniRaftClusterWithGrpc498f2cf4/s4 does not exist.
2024-10-20 10:47:33,619 [main] INFO  impl.MiniRaftCluster (MiniRaftCluster.java:newRaftServer(401)) - Formatted directory target/test/data/d69430f5/MiniRaftClusterWithGrpc498f2cf4/s4
2024-10-20 10:47:33,619 [s3-groupManagement] INFO  server.RaftServerConfigKeys (ConfUtils.java:logGet(46)) - raft.server.rpc.timeout.max = 300ms (default)
2024-10-20 10:47:33,620 [s3-groupManagement] INFO  server.RaftServerConfigKeys (ConfUtils.java:logGet(46)) - raft.server.rpc.sleep.time = 25ms (default)
2024-10-20 10:47:33,620 [s3-groupManagement] INFO  server.RaftServerConfigKeys (ConfUtils.java:logGet(46)) - raft.server.rpc.slowness.timeout = 60s (default)
2024-10-20 10:47:33,620 [main] INFO  server.RaftServer (ConfUtils.java:logGet(46)) - raft.rpc.type = GRPC (default)
2024-10-20 10:47:33,620 [s3-groupManagement] INFO  server.RaftServerConfigKeys (ConfUtils.java:logGet(46)) - raft.server.leaderelection.leader.step-down.wait-time = 10s (default)
2024-10-20 10:47:33,620 [main] INFO  grpc.GrpcConfigKeys (ConfUtils.java:logFallback(53)) - raft.grpc.admin.host = null (fallback to raft.grpc.server.host)
2024-10-20 10:47:33,620 [s3-groupManagement] INFO  server.RaftServerConfigKeys (ConfUtils.java:logGet(46)) - raft.server.leaderelection.member.majority-add = false (default)
2024-10-20 10:47:33,620 [s3-groupManagement] INFO  server.RaftServerConfigKeys (ConfUtils.java:logGet(46)) - raft.server.sleep.deviation.threshold = 300ms (default)
2024-10-20 10:47:33,620 [main] INFO  grpc.GrpcConfigKeys (ConfUtils.java:logGet(46)) - raft.grpc.admin.port = 15337 (custom)
2024-10-20 10:47:33,620 [s3-groupManagement] INFO  server.RaftServer$Division (ServerState.java:<init>(114)) - s3@group-0A90AD4804C7: ConfigurationManager, init=conf: {index: -1, cur=peers:[s3|localhost:15332, s4|localhost:15336, s0|localhost:15320, s1|localhost:15324, s2|localhost:15328]|listeners:[], old=null}, confs=<EMPTY_MAP>
2024-10-20 10:47:33,620 [main] INFO  grpc.GrpcConfigKeys (ConfUtils.java:logFallback(53)) - raft.grpc.client.host = null (fallback to raft.grpc.server.host)
2024-10-20 10:47:33,621 [main] INFO  grpc.GrpcConfigKeys (ConfUtils.java:logGet(46)) - raft.grpc.client.port = 15338 (custom)
2024-10-20 10:47:33,621 [main] INFO  grpc.GrpcConfigKeys (ConfUtils.java:logGet(46)) - raft.grpc.server.host = null (default)
2024-10-20 10:47:33,621 [main] INFO  grpc.GrpcConfigKeys (ConfUtils.java:logGet(46)) - raft.grpc.server.port = 15336 (custom)
2024-10-20 10:47:33,621 [main] INFO  server.GrpcServicesImpl (ConfUtils.java:logGet(46)) - raft.grpc.message.size.max = 64MB (=67108864) (default)
2024-10-20 10:47:33,622 [main] INFO  server.GrpcServicesImpl (ConfUtils.java:logGet(46)) - raft.grpc.flow.control.window = 1MB (=1048576) (default)
2024-10-20 10:47:33,622 [main] INFO  server.RaftServerConfigKeys (ConfUtils.java:logGet(46)) - raft.server.rpc.request.timeout = 3000ms (default)
2024-10-20 10:47:33,622 [main] INFO  grpc.GrpcConfigKeys (ConfUtils.java:logGet(46)) - raft.grpc.server.heartbeat.channel = true (default)
2024-10-20 10:47:33,622 [main] INFO  grpc.GrpcConfigKeys (ConfUtils.java:logGet(46)) - raft.grpc.server.zerocopy.enabled = true (custom)
2024-10-20 10:47:33,622 [main] INFO  server.RaftServerConfigKeys (ConfUtils.java:logGet(46)) - raft.server.log.appender.buffer.byte-limit = 4MB (=4194304) (default)
2024-10-20 10:47:33,621 [s3-groupManagement] INFO  server.RaftServerConfigKeys (ConfUtils.java:logGet(46)) - raft.server.notification.no-leader.timeout = 60s (default)
2024-10-20 10:47:33,623 [main] INFO  grpc.GrpcConfigKeys (ConfUtils.java:logGet(46)) - raft.grpc.server.async.request.thread.pool.cached = true (default)
2024-10-20 10:47:33,623 [main] INFO  grpc.GrpcConfigKeys (ConfUtils.java:logGet(46)) - raft.grpc.server.async.request.thread.pool.size = 32 (default)
2024-10-20 10:47:33,623 [s3-groupManagement] INFO  server.RaftServerConfigKeys (ConfUtils.java:logGet(46)) - raft.server.read.timeout = 10s (default)
2024-10-20 10:47:33,623 [s3-groupManagement] INFO  server.RaftServerConfigKeys (ConfUtils.java:logGet(46)) - raft.server.retrycache.expirytime = 60s (default)
2024-10-20 10:47:33,623 [s3-groupManagement] INFO  server.RaftServerConfigKeys (ConfUtils.java:logGet(46)) - raft.server.retrycache.statistics.expirytime = 100ms (default)
2024-10-20 10:47:33,624 [s3-groupManagement] INFO  server.RaftServerConfigKeys (ConfUtils.java:logGet(46)) - raft.server.read.option = DEFAULT (default)
2024-10-20 10:47:33,625 [main] INFO  impl.DataStreamServerImpl (ConfUtils.java:logGet(46)) - raft.datastream.type = DISABLED (default)
2024-10-20 10:47:33,626 [s3-groupManagement] INFO  server.RaftServerConfigKeys (ConfUtils.java:logGet(46)) - raft.server.read.read-after-write-consistent.write-index-cache.expiry-time = 60s (default)
2024-10-20 10:47:33,626 [main] INFO  server.RaftServerConfigKeys (ConfUtils.java:logGet(46)) - raft.server.sleep.deviation.threshold = 300ms (default)
2024-10-20 10:47:33,626 [main] INFO  server.RaftServerConfigKeys (ConfUtils.java:logGet(46)) - raft.server.close.threshold = 60s (default)
2024-10-20 10:47:33,626 [main] INFO  server.RaftServerConfigKeys (ConfUtils.java:logGet(46)) - raft.server.leaderelection.leader.step-down.wait-time = 10s (default)
2024-10-20 10:47:33,627 [main] INFO  server.RaftServerConfigKeys (ConfUtils.java:logGet(46)) - raft.server.storage.dir = [/home/runner/work/ratis/ratis/ratis-test/target/test/data/d69430f5/MiniRaftClusterWithGrpc498f2cf4/s4] (custom)
2024-10-20 10:47:33,627 [s3-groupManagement] INFO  server.RaftServerConfigKeys (ConfUtils.java:logGet(46)) - raft.server.rpc.request.timeout = 3000ms (default)
2024-10-20 10:47:33,627 [s3-groupManagement] INFO  server.RaftServerConfigKeys (ConfUtils.java:logGet(46)) - raft.server.log.appender.install.snapshot.enabled = true (default)
2024-10-20 10:47:33,627 [s3-groupManagement] INFO  server.RaftServerConfigKeys (ConfUtils.java:logGet(46)) - raft.server.threadpool.server.cached = true (default)
2024-10-20 10:47:33,627 [s3-groupManagement] INFO  server.RaftServerConfigKeys (ConfUtils.java:logGet(46)) - raft.server.threadpool.server.size = 0 (default)
2024-10-20 10:47:33,627 [s3-groupManagement] INFO  server.RaftServerConfigKeys (ConfUtils.java:logGet(46)) - raft.server.threadpool.client.cached = true (default)
2024-10-20 10:47:33,627 [s3-groupManagement] INFO  server.RaftServerConfigKeys (ConfUtils.java:logGet(46)) - raft.server.threadpool.client.size = 0 (default)
2024-10-20 10:47:33,627 [main] INFO  server.RaftServerConfigKeys (ConfUtils.java:logGet(46)) - raft.server.threadpool.proxy.cached = true (default)
2024-10-20 10:47:33,627 [main] INFO  server.RaftServerConfigKeys (ConfUtils.java:logGet(46)) - raft.server.threadpool.proxy.size = 0 (default)
2024-10-20 10:47:33,628 [main] INFO  server.RaftServer (RaftServerProxy.java:addNew(101)) - s4: addNew group-0A90AD4804C7:[s3|localhost:15332, s4|localhost:15336, s0|localhost:15320, s1|localhost:15324, s2|localhost:15328] returns group-0A90AD4804C7:java.util.concurrent.CompletableFuture@7c07deff[Not completed]
2024-10-20 10:47:33,628 [s4-groupManagement] INFO  server.RaftServer$Division (RaftServerImpl.java:<init>(257)) - s4: new RaftServerImpl for group-0A90AD4804C7:[s3|localhost:15332, s4|localhost:15336, s0|localhost:15320, s1|localhost:15324, s2|localhost:15328] with BaseStateMachine:uninitialized
2024-10-20 10:47:33,628 [s4-groupManagement] INFO  server.RaftServerConfigKeys (ConfUtils.java:logGet(46)) - raft.server.rpc.timeout.min = 150ms (default)
2024-10-20 10:47:33,628 [s4-groupManagement] INFO  server.RaftServerConfigKeys (ConfUtils.java:logGet(46)) - raft.server.rpc.timeout.max = 300ms (default)
2024-10-20 10:47:33,628 [s4-groupManagement] INFO  server.RaftServerConfigKeys (ConfUtils.java:logGet(46)) - raft.server.rpc.sleep.time = 25ms (default)
2024-10-20 10:47:33,629 [s4-groupManagement] INFO  server.RaftServerConfigKeys (ConfUtils.java:logGet(46)) - raft.server.rpc.slowness.timeout = 60s (default)
2024-10-20 10:47:33,629 [s4-groupManagement] INFO  server.RaftServerConfigKeys (ConfUtils.java:logGet(46)) - raft.server.leaderelection.leader.step-down.wait-time = 10s (default)
2024-10-20 10:47:33,629 [s4-groupManagement] INFO  server.RaftServerConfigKeys (ConfUtils.java:logGet(46)) - raft.server.leaderelection.member.majority-add = false (default)
2024-10-20 10:47:33,629 [s4-groupManagement] INFO  server.RaftServerConfigKeys (ConfUtils.java:logGet(46)) - raft.server.sleep.deviation.threshold = 300ms (default)
2024-10-20 10:47:33,629 [s4-groupManagement] INFO  server.RaftServer$Division (ServerState.java:<init>(114)) - s4@group-0A90AD4804C7: ConfigurationManager, init=conf: {index: -1, cur=peers:[s3|localhost:15332, s4|localhost:15336, s0|localhost:15320, s1|localhost:15324, s2|localhost:15328]|listeners:[], old=null}, confs=<EMPTY_MAP>
2024-10-20 10:47:33,629 [s4-groupManagement] INFO  server.RaftServerConfigKeys (ConfUtils.java:logGet(46)) - raft.server.notification.no-leader.timeout = 60s (default)
2024-10-20 10:47:33,629 [s4-groupManagement] INFO  server.RaftServerConfigKeys (ConfUtils.java:logGet(46)) - raft.server.read.timeout = 10s (default)
2024-10-20 10:47:33,629 [s4-groupManagement] INFO  server.RaftServerConfigKeys (ConfUtils.java:logGet(46)) - raft.server.retrycache.expirytime = 60s (default)
2024-10-20 10:47:33,629 [s4-groupManagement] INFO  server.RaftServerConfigKeys (ConfUtils.java:logGet(46)) - raft.server.retrycache.statistics.expirytime = 100ms (default)
2024-10-20 10:47:33,629 [s4-groupManagement] INFO  server.RaftServerConfigKeys (ConfUtils.java:logGet(46)) - raft.server.read.option = DEFAULT (default)
2024-10-20 10:47:33,629 [s4-groupManagement] INFO  server.RaftServerConfigKeys (ConfUtils.java:logGet(46)) - raft.server.read.read-after-write-consistent.write-index-cache.expiry-time = 60s (default)
2024-10-20 10:47:33,630 [s4-groupManagement] INFO  server.RaftServerConfigKeys (ConfUtils.java:logGet(46)) - raft.server.rpc.request.timeout = 3000ms (default)
2024-10-20 10:47:33,630 [s4-groupManagement] INFO  server.RaftServerConfigKeys (ConfUtils.java:logGet(46)) - raft.server.log.appender.install.snapshot.enabled = true (default)
2024-10-20 10:47:33,630 [s4-groupManagement] INFO  server.RaftServerConfigKeys (ConfUtils.java:logGet(46)) - raft.server.threadpool.server.cached = true (default)
2024-10-20 10:47:33,630 [s4-groupManagement] INFO  server.RaftServerConfigKeys (ConfUtils.java:logGet(46)) - raft.server.threadpool.server.size = 0 (default)
2024-10-20 10:47:33,630 [s4-groupManagement] INFO  server.RaftServerConfigKeys (ConfUtils.java:logGet(46)) - raft.server.threadpool.client.cached = true (default)
2024-10-20 10:47:33,630 [s4-groupManagement] INFO  server.RaftServerConfigKeys (ConfUtils.java:logGet(46)) - raft.server.threadpool.client.size = 0 (default)
2024-10-20 10:47:33,630 [main] INFO  impl.MiniRaftCluster (MiniRaftCluster.java:newRaftServer(396)) - newRaftServer: s0, group-0A90AD4804C7:[s3|localhost:15332, s4|localhost:15336, s0|localhost:15320, s1|localhost:15324, s2|localhost:15328], format? true
2024-10-20 10:47:33,631 [main] TRACE util.FileUtils (FileUtils.java:deleteFully(305)) - deleteFully target/test/data/d69430f5/MiniRaftClusterWithGrpc498f2cf4/s0
2024-10-20 10:47:33,631 [main] TRACE util.FileUtils (FileUtils.java:deleteFully(318)) - deleteFully: target/test/data/d69430f5/MiniRaftClusterWithGrpc498f2cf4/s0 does not exist.
2024-10-20 10:47:33,631 [main] INFO  impl.MiniRaftCluster (MiniRaftCluster.java:newRaftServer(401)) - Formatted directory target/test/data/d69430f5/MiniRaftClusterWithGrpc498f2cf4/s0
2024-10-20 10:47:33,631 [main] INFO  server.RaftServer (ConfUtils.java:logGet(46)) - raft.rpc.type = GRPC (default)
2024-10-20 10:47:33,632 [main] INFO  grpc.GrpcConfigKeys (ConfUtils.java:logFallback(53)) - raft.grpc.admin.host = null (fallback to raft.grpc.server.host)
2024-10-20 10:47:33,632 [main] INFO  grpc.GrpcConfigKeys (ConfUtils.java:logGet(46)) - raft.grpc.admin.port = 15321 (custom)
2024-10-20 10:47:33,632 [main] INFO  grpc.GrpcConfigKeys (ConfUtils.java:logFallback(53)) - raft.grpc.client.host = null (fallback to raft.grpc.server.host)
2024-10-20 10:47:33,632 [main] INFO  grpc.GrpcConfigKeys (ConfUtils.java:logGet(46)) - raft.grpc.client.port = 15322 (custom)
2024-10-20 10:47:33,632 [main] INFO  grpc.GrpcConfigKeys (ConfUtils.java:logGet(46)) - raft.grpc.server.host = null (default)
2024-10-20 10:47:33,633 [main] INFO  grpc.GrpcConfigKeys (ConfUtils.java:logGet(46)) - raft.grpc.server.port = 15320 (custom)
2024-10-20 10:47:33,633 [main] INFO  server.GrpcServicesImpl (ConfUtils.java:logGet(46)) - raft.grpc.message.size.max = 64MB (=67108864) (default)
2024-10-20 10:47:33,633 [main] INFO  server.GrpcServicesImpl (ConfUtils.java:logGet(46)) - raft.grpc.flow.control.window = 1MB (=1048576) (default)
2024-10-20 10:47:33,633 [main] INFO  server.RaftServerConfigKeys (ConfUtils.java:logGet(46)) - raft.server.rpc.request.timeout = 3000ms (default)
2024-10-20 10:47:33,633 [main] INFO  grpc.GrpcConfigKeys (ConfUtils.java:logGet(46)) - raft.grpc.server.heartbeat.channel = true (default)
2024-10-20 10:47:33,634 [main] INFO  grpc.GrpcConfigKeys (ConfUtils.java:logGet(46)) - raft.grpc.server.zerocopy.enabled = true (custom)
2024-10-20 10:47:33,634 [main] INFO  server.RaftServerConfigKeys (ConfUtils.java:logGet(46)) - raft.server.log.appender.buffer.byte-limit = 4MB (=4194304) (default)
2024-10-20 10:47:33,634 [main] INFO  grpc.GrpcConfigKeys (ConfUtils.java:logGet(46)) - raft.grpc.server.async.request.thread.pool.cached = true (default)
2024-10-20 10:47:33,634 [main] INFO  grpc.GrpcConfigKeys (ConfUtils.java:logGet(46)) - raft.grpc.server.async.request.thread.pool.size = 32 (default)
2024-10-20 10:47:33,636 [main] INFO  impl.DataStreamServerImpl (ConfUtils.java:logGet(46)) - raft.datastream.type = DISABLED (default)
2024-10-20 10:47:33,636 [main] INFO  server.RaftServerConfigKeys (ConfUtils.java:logGet(46)) - raft.server.sleep.deviation.threshold = 300ms (default)
2024-10-20 10:47:33,636 [main] INFO  server.RaftServerConfigKeys (ConfUtils.java:logGet(46)) - raft.server.close.threshold = 60s (default)
2024-10-20 10:47:33,636 [main] INFO  server.RaftServerConfigKeys (ConfUtils.java:logGet(46)) - raft.server.leaderelection.leader.step-down.wait-time = 10s (default)
2024-10-20 10:47:33,637 [main] INFO  server.RaftServerConfigKeys (ConfUtils.java:logGet(46)) - raft.server.storage.dir = [/home/runner/work/ratis/ratis/ratis-test/target/test/data/d69430f5/MiniRaftClusterWithGrpc498f2cf4/s0] (custom)
2024-10-20 10:47:33,637 [main] INFO  server.RaftServerConfigKeys (ConfUtils.java:logGet(46)) - raft.server.threadpool.proxy.cached = true (default)
2024-10-20 10:47:33,637 [main] INFO  server.RaftServerConfigKeys (ConfUtils.java:logGet(46)) - raft.server.threadpool.proxy.size = 0 (default)
2024-10-20 10:47:33,638 [main] INFO  server.RaftServer (RaftServerProxy.java:addNew(101)) - s0: addNew group-0A90AD4804C7:[s3|localhost:15332, s4|localhost:15336, s0|localhost:15320, s1|localhost:15324, s2|localhost:15328] returns group-0A90AD4804C7:java.util.concurrent.CompletableFuture@6ceeb592[Not completed]
2024-10-20 10:47:33,638 [main] INFO  impl.MiniRaftCluster (MiniRaftCluster.java:newRaftServer(396)) - newRaftServer: s1, group-0A90AD4804C7:[s3|localhost:15332, s4|localhost:15336, s0|localhost:15320, s1|localhost:15324, s2|localhost:15328], format? true
2024-10-20 10:47:33,638 [main] TRACE util.FileUtils (FileUtils.java:deleteFully(305)) - deleteFully target/test/data/d69430f5/MiniRaftClusterWithGrpc498f2cf4/s1
2024-10-20 10:47:33,638 [main] TRACE util.FileUtils (FileUtils.java:deleteFully(318)) - deleteFully: target/test/data/d69430f5/MiniRaftClusterWithGrpc498f2cf4/s1 does not exist.
2024-10-20 10:47:33,638 [main] INFO  impl.MiniRaftCluster (MiniRaftCluster.java:newRaftServer(401)) - Formatted directory target/test/data/d69430f5/MiniRaftClusterWithGrpc498f2cf4/s1
2024-10-20 10:47:33,639 [main] INFO  server.RaftServer (ConfUtils.java:logGet(46)) - raft.rpc.type = GRPC (default)
2024-10-20 10:47:33,639 [main] INFO  grpc.GrpcConfigKeys (ConfUtils.java:logFallback(53)) - raft.grpc.admin.host = null (fallback to raft.grpc.server.host)
2024-10-20 10:47:33,639 [s0-groupManagement] INFO  server.RaftServer$Division (RaftServerImpl.java:<init>(257)) - s0: new RaftServerImpl for group-0A90AD4804C7:[s3|localhost:15332, s4|localhost:15336, s0|localhost:15320, s1|localhost:15324, s2|localhost:15328] with BaseStateMachine:uninitialized
2024-10-20 10:47:33,639 [main] INFO  grpc.GrpcConfigKeys (ConfUtils.java:logGet(46)) - raft.grpc.admin.port = 15325 (custom)
2024-10-20 10:47:33,640 [main] INFO  grpc.GrpcConfigKeys (ConfUtils.java:logFallback(53)) - raft.grpc.client.host = null (fallback to raft.grpc.server.host)
2024-10-20 10:47:33,640 [s0-groupManagement] INFO  server.RaftServerConfigKeys (ConfUtils.java:logGet(46)) - raft.server.rpc.timeout.min = 150ms (default)
2024-10-20 10:47:33,640 [s0-groupManagement] INFO  server.RaftServerConfigKeys (ConfUtils.java:logGet(46)) - raft.server.rpc.timeout.max = 300ms (default)
2024-10-20 10:47:33,640 [s0-groupManagement] INFO  server.RaftServerConfigKeys (ConfUtils.java:logGet(46)) - raft.server.rpc.sleep.time = 25ms (default)
2024-10-20 10:47:33,640 [s0-groupManagement] INFO  server.RaftServerConfigKeys (ConfUtils.java:logGet(46)) - raft.server.rpc.slowness.timeout = 60s (default)
2024-10-20 10:47:33,640 [s0-groupManagement] INFO  server.RaftServerConfigKeys (ConfUtils.java:logGet(46)) - raft.server.leaderelection.leader.step-down.wait-time = 10s (default)
2024-10-20 10:47:33,640 [s0-groupManagement] INFO  server.RaftServerConfigKeys (ConfUtils.java:logGet(46)) - raft.server.leaderelection.member.majority-add = false (default)
2024-10-20 10:47:33,640 [s0-groupManagement] INFO  server.RaftServerConfigKeys (ConfUtils.java:logGet(46)) - raft.server.sleep.deviation.threshold = 300ms (default)
2024-10-20 10:47:33,640 [main] INFO  grpc.GrpcConfigKeys (ConfUtils.java:logGet(46)) - raft.grpc.client.port = 15326 (custom)
2024-10-20 10:47:33,641 [main] INFO  grpc.GrpcConfigKeys (ConfUtils.java:logGet(46)) - raft.grpc.server.host = null (default)
2024-10-20 10:47:33,641 [main] INFO  grpc.GrpcConfigKeys (ConfUtils.java:logGet(46)) - raft.grpc.server.port = 15324 (custom)
2024-10-20 10:47:33,641 [s0-groupManagement] INFO  server.RaftServer$Division (ServerState.java:<init>(114)) - s0@group-0A90AD4804C7: ConfigurationManager, init=conf: {index: -1, cur=peers:[s3|localhost:15332, s4|localhost:15336, s0|localhost:15320, s1|localhost:15324, s2|localhost:15328]|listeners:[], old=null}, confs=<EMPTY_MAP>
2024-10-20 10:47:33,641 [main] INFO  server.GrpcServicesImpl (ConfUtils.java:logGet(46)) - raft.grpc.message.size.max = 64MB (=67108864) (default)
2024-10-20 10:47:33,641 [main] INFO  server.GrpcServicesImpl (ConfUtils.java:logGet(46)) - raft.grpc.flow.control.window = 1MB (=1048576) (default)
2024-10-20 10:47:33,642 [main] INFO  server.RaftServerConfigKeys (ConfUtils.java:logGet(46)) - raft.server.rpc.request.timeout = 3000ms (default)
2024-10-20 10:47:33,641 [s0-groupManagement] INFO  server.RaftServerConfigKeys (ConfUtils.java:logGet(46)) - raft.server.notification.no-leader.timeout = 60s (default)
2024-10-20 10:47:33,642 [s0-groupManagement] INFO  server.RaftServerConfigKeys (ConfUtils.java:logGet(46)) - raft.server.read.timeout = 10s (default)
2024-10-20 10:47:33,642 [main] INFO  grpc.GrpcConfigKeys (ConfUtils.java:logGet(46)) - raft.grpc.server.heartbeat.channel = true (default)
2024-10-20 10:47:33,642 [main] INFO  grpc.GrpcConfigKeys (ConfUtils.java:logGet(46)) - raft.grpc.server.zerocopy.enabled = true (custom)
2024-10-20 10:47:33,642 [main] INFO  server.RaftServerConfigKeys (ConfUtils.java:logGet(46)) - raft.server.log.appender.buffer.byte-limit = 4MB (=4194304) (default)
2024-10-20 10:47:33,642 [s0-groupManagement] INFO  server.RaftServerConfigKeys (ConfUtils.java:logGet(46)) - raft.server.retrycache.expirytime = 60s (default)
2024-10-20 10:47:33,643 [s0-groupManagement] INFO  server.RaftServerConfigKeys (ConfUtils.java:logGet(46)) - raft.server.retrycache.statistics.expirytime = 100ms (default)
2024-10-20 10:47:33,643 [main] INFO  grpc.GrpcConfigKeys (ConfUtils.java:logGet(46)) - raft.grpc.server.async.request.thread.pool.cached = true (default)
2024-10-20 10:47:33,643 [main] INFO  grpc.GrpcConfigKeys (ConfUtils.java:logGet(46)) - raft.grpc.server.async.request.thread.pool.size = 32 (default)
2024-10-20 10:47:33,643 [s0-groupManagement] INFO  server.RaftServerConfigKeys (ConfUtils.java:logGet(46)) - raft.server.read.option = DEFAULT (default)
2024-10-20 10:47:33,643 [s0-groupManagement] INFO  server.RaftServerConfigKeys (ConfUtils.java:logGet(46)) - raft.server.read.read-after-write-consistent.write-index-cache.expiry-time = 60s (default)
2024-10-20 10:47:33,644 [s0-groupManagement] INFO  server.RaftServerConfigKeys (ConfUtils.java:logGet(46)) - raft.server.rpc.request.timeout = 3000ms (default)
2024-10-20 10:47:33,645 [main] INFO  impl.DataStreamServerImpl (ConfUtils.java:logGet(46)) - raft.datastream.type = DISABLED (default)
2024-10-20 10:47:33,647 [main] INFO  server.RaftServerConfigKeys (ConfUtils.java:logGet(46)) - raft.server.sleep.deviation.threshold = 300ms (default)
2024-10-20 10:47:33,647 [main] INFO  server.RaftServerConfigKeys (ConfUtils.java:logGet(46)) - raft.server.close.threshold = 60s (default)
2024-10-20 10:47:33,647 [main] INFO  server.RaftServerConfigKeys (ConfUtils.java:logGet(46)) - raft.server.leaderelection.leader.step-down.wait-time = 10s (default)
2024-10-20 10:47:33,648 [main] INFO  server.RaftServerConfigKeys (ConfUtils.java:logGet(46)) - raft.server.storage.dir = [/home/runner/work/ratis/ratis/ratis-test/target/test/data/d69430f5/MiniRaftClusterWithGrpc498f2cf4/s1] (custom)
2024-10-20 10:47:33,648 [main] INFO  server.RaftServerConfigKeys (ConfUtils.java:logGet(46)) - raft.server.threadpool.proxy.cached = true (default)
2024-10-20 10:47:33,648 [main] INFO  server.RaftServerConfigKeys (ConfUtils.java:logGet(46)) - raft.server.threadpool.proxy.size = 0 (default)
2024-10-20 10:47:33,648 [s0-groupManagement] INFO  server.RaftServerConfigKeys (ConfUtils.java:logGet(46)) - raft.server.log.appender.install.snapshot.enabled = true (default)
2024-10-20 10:47:33,648 [s0-groupManagement] INFO  server.RaftServerConfigKeys (ConfUtils.java:logGet(46)) - raft.server.threadpool.server.cached = true (default)
2024-10-20 10:47:33,648 [s0-groupManagement] INFO  server.RaftServerConfigKeys (ConfUtils.java:logGet(46)) - raft.server.threadpool.server.size = 0 (default)
2024-10-20 10:47:33,648 [s0-groupManagement] INFO  server.RaftServerConfigKeys (ConfUtils.java:logGet(46)) - raft.server.threadpool.client.cached = true (default)
2024-10-20 10:47:33,649 [s0-groupManagement] INFO  server.RaftServerConfigKeys (ConfUtils.java:logGet(46)) - raft.server.threadpool.client.size = 0 (default)
2024-10-20 10:47:33,649 [main] INFO  server.RaftServer (RaftServerProxy.java:addNew(101)) - s1: addNew group-0A90AD4804C7:[s3|localhost:15332, s4|localhost:15336, s0|localhost:15320, s1|localhost:15324, s2|localhost:15328] returns group-0A90AD4804C7:java.util.concurrent.CompletableFuture@6138ee0e[Not completed]
2024-10-20 10:47:33,650 [main] INFO  impl.MiniRaftCluster (MiniRaftCluster.java:newRaftServer(396)) - newRaftServer: s2, group-0A90AD4804C7:[s3|localhost:15332, s4|localhost:15336, s0|localhost:15320, s1|localhost:15324, s2|localhost:15328], format? true
2024-10-20 10:47:33,650 [main] TRACE util.FileUtils (FileUtils.java:deleteFully(305)) - deleteFully target/test/data/d69430f5/MiniRaftClusterWithGrpc498f2cf4/s2
2024-10-20 10:47:33,650 [main] TRACE util.FileUtils (FileUtils.java:deleteFully(318)) - deleteFully: target/test/data/d69430f5/MiniRaftClusterWithGrpc498f2cf4/s2 does not exist.
2024-10-20 10:47:33,650 [main] INFO  impl.MiniRaftCluster (MiniRaftCluster.java:newRaftServer(401)) - Formatted directory target/test/data/d69430f5/MiniRaftClusterWithGrpc498f2cf4/s2
2024-10-20 10:47:33,651 [main] INFO  server.RaftServer (ConfUtils.java:logGet(46)) - raft.rpc.type = GRPC (default)
2024-10-20 10:47:33,651 [main] INFO  grpc.GrpcConfigKeys (ConfUtils.java:logFallback(53)) - raft.grpc.admin.host = null (fallback to raft.grpc.server.host)
2024-10-20 10:47:33,651 [main] INFO  grpc.GrpcConfigKeys (ConfUtils.java:logGet(46)) - raft.grpc.admin.port = 15329 (custom)
2024-10-20 10:47:33,651 [main] INFO  grpc.GrpcConfigKeys (ConfUtils.java:logFallback(53)) - raft.grpc.client.host = null (fallback to raft.grpc.server.host)
2024-10-20 10:47:33,651 [main] INFO  grpc.GrpcConfigKeys (ConfUtils.java:logGet(46)) - raft.grpc.client.port = 15330 (custom)
2024-10-20 10:47:33,651 [main] INFO  grpc.GrpcConfigKeys (ConfUtils.java:logGet(46)) - raft.grpc.server.host = null (default)
2024-10-20 10:47:33,651 [main] INFO  grpc.GrpcConfigKeys (ConfUtils.java:logGet(46)) - raft.grpc.server.port = 15328 (custom)
2024-10-20 10:47:33,651 [main] INFO  server.GrpcServicesImpl (ConfUtils.java:logGet(46)) - raft.grpc.message.size.max = 64MB (=67108864) (default)
2024-10-20 10:47:33,652 [main] INFO  server.GrpcServicesImpl (ConfUtils.java:logGet(46)) - raft.grpc.flow.control.window = 1MB (=1048576) (default)
2024-10-20 10:47:33,652 [main] INFO  server.RaftServerConfigKeys (ConfUtils.java:logGet(46)) - raft.server.rpc.request.timeout = 3000ms (default)
2024-10-20 10:47:33,652 [main] INFO  grpc.GrpcConfigKeys (ConfUtils.java:logGet(46)) - raft.grpc.server.heartbeat.channel = true (default)
2024-10-20 10:47:33,652 [main] INFO  grpc.GrpcConfigKeys (ConfUtils.java:logGet(46)) - raft.grpc.server.zerocopy.enabled = true (custom)
2024-10-20 10:47:33,652 [main] INFO  server.RaftServerConfigKeys (ConfUtils.java:logGet(46)) - raft.server.log.appender.buffer.byte-limit = 4MB (=4194304) (default)
2024-10-20 10:47:33,652 [main] INFO  grpc.GrpcConfigKeys (ConfUtils.java:logGet(46)) - raft.grpc.server.async.request.thread.pool.cached = true (default)
2024-10-20 10:47:33,652 [main] INFO  grpc.GrpcConfigKeys (ConfUtils.java:logGet(46)) - raft.grpc.server.async.request.thread.pool.size = 32 (default)
2024-10-20 10:47:33,654 [main] INFO  impl.DataStreamServerImpl (ConfUtils.java:logGet(46)) - raft.datastream.type = DISABLED (default)
2024-10-20 10:47:33,654 [main] INFO  server.RaftServerConfigKeys (ConfUtils.java:logGet(46)) - raft.server.sleep.deviation.threshold = 300ms (default)
2024-10-20 10:47:33,654 [main] INFO  server.RaftServerConfigKeys (ConfUtils.java:logGet(46)) - raft.server.close.threshold = 60s (default)
2024-10-20 10:47:33,654 [main] INFO  server.RaftServerConfigKeys (ConfUtils.java:logGet(46)) - raft.server.leaderelection.leader.step-down.wait-time = 10s (default)
2024-10-20 10:47:33,654 [main] INFO  server.RaftServerConfigKeys (ConfUtils.java:logGet(46)) - raft.server.storage.dir = [/home/runner/work/ratis/ratis/ratis-test/target/test/data/d69430f5/MiniRaftClusterWithGrpc498f2cf4/s2] (custom)
2024-10-20 10:47:33,655 [main] INFO  server.RaftServerConfigKeys (ConfUtils.java:logGet(46)) - raft.server.threadpool.proxy.cached = true (default)
2024-10-20 10:47:33,655 [main] INFO  server.RaftServerConfigKeys (ConfUtils.java:logGet(46)) - raft.server.threadpool.proxy.size = 0 (default)
2024-10-20 10:47:33,655 [main] INFO  server.RaftServer (RaftServerProxy.java:addNew(101)) - s2: addNew group-0A90AD4804C7:[s3|localhost:15332, s4|localhost:15336, s0|localhost:15320, s1|localhost:15324, s2|localhost:15328] returns group-0A90AD4804C7:java.util.concurrent.CompletableFuture@6f28a07e[Not completed]
2024-10-20 10:47:33,656 [s3-impl-thread1] INFO  server.RaftServerConfigKeys (ConfUtils.java:logGet(46)) - raft.server.storage.free-space.min = 0MB (=0) (default)
2024-10-20 10:47:33,656 [s3-impl-thread1] INFO  server.RaftServerConfigKeys (ConfUtils.java:logGet(46)) - raft.server.log.corruption.policy = EXCEPTION (default)
2024-10-20 10:47:33,656 [s3-impl-thread1] INFO  server.RaftServerConfigKeys (ConfUtils.java:logGet(46)) - raft.server.storage.dir = [/home/runner/work/ratis/ratis/ratis-test/target/test/data/d69430f5/MiniRaftClusterWithGrpc498f2cf4/s3] (custom)
2024-10-20 10:47:33,656 [s3-impl-thread1] INFO  storage.RaftStorageDirectory (RaftStorageDirectoryImpl.java:analyzeStorage(138)) - The storage directory /home/runner/work/ratis/ratis/ratis-test/target/test/data/d69430f5/MiniRaftClusterWithGrpc498f2cf4/s3/12ab233f-8f9b-45eb-8d5e-0a90ad4804c7 does not exist. Creating ...
2024-10-20 10:47:33,655 [s1-groupManagement] INFO  server.RaftServer$Division (RaftServerImpl.java:<init>(257)) - s1: new RaftServerImpl for group-0A90AD4804C7:[s3|localhost:15332, s4|localhost:15336, s0|localhost:15320, s1|localhost:15324, s2|localhost:15328] with BaseStateMachine:uninitialized
2024-10-20 10:47:33,656 [s3-impl-thread1] TRACE util.FileUtils (LogUtils.java:runAndLog(49)) - Successfully ran Files.createDirectories /home/runner/work/ratis/ratis/ratis-test/target/test/data/d69430f5/MiniRaftClusterWithGrpc498f2cf4/s3/12ab233f-8f9b-45eb-8d5e-0a90ad4804c7
2024-10-20 10:47:33,656 [s2-groupManagement] INFO  server.RaftServer$Division (RaftServerImpl.java:<init>(257)) - s2: new RaftServerImpl for group-0A90AD4804C7:[s3|localhost:15332, s4|localhost:15336, s0|localhost:15320, s1|localhost:15324, s2|localhost:15328] with BaseStateMachine:uninitialized
2024-10-20 10:47:33,657 [s2-groupManagement] INFO  server.RaftServerConfigKeys (ConfUtils.java:logGet(46)) - raft.server.rpc.timeout.min = 150ms (default)
2024-10-20 10:47:33,657 [s2-groupManagement] INFO  server.RaftServerConfigKeys (ConfUtils.java:logGet(46)) - raft.server.rpc.timeout.max = 300ms (default)
2024-10-20 10:47:33,657 [s2-groupManagement] INFO  server.RaftServerConfigKeys (ConfUtils.java:logGet(46)) - raft.server.rpc.sleep.time = 25ms (default)
2024-10-20 10:47:33,657 [s2-groupManagement] INFO  server.RaftServerConfigKeys (ConfUtils.java:logGet(46)) - raft.server.rpc.slowness.timeout = 60s (default)
2024-10-20 10:47:33,657 [s2-groupManagement] INFO  server.RaftServerConfigKeys (ConfUtils.java:logGet(46)) - raft.server.leaderelection.leader.step-down.wait-time = 10s (default)
2024-10-20 10:47:33,657 [s1-groupManagement] INFO  server.RaftServerConfigKeys (ConfUtils.java:logGet(46)) - raft.server.rpc.timeout.min = 150ms (default)
2024-10-20 10:47:33,657 [s1-groupManagement] INFO  server.RaftServerConfigKeys (ConfUtils.java:logGet(46)) - raft.server.rpc.timeout.max = 300ms (default)
2024-10-20 10:47:33,657 [s1-groupManagement] INFO  server.RaftServerConfigKeys (ConfUtils.java:logGet(46)) - raft.server.rpc.sleep.time = 25ms (default)
2024-10-20 10:47:33,657 [s1-groupManagement] INFO  server.RaftServerConfigKeys (ConfUtils.java:logGet(46)) - raft.server.rpc.slowness.timeout = 60s (default)
2024-10-20 10:47:33,657 [s1-groupManagement] INFO  server.RaftServerConfigKeys (ConfUtils.java:logGet(46)) - raft.server.leaderelection.leader.step-down.wait-time = 10s (default)
2024-10-20 10:47:33,657 [s1-groupManagement] INFO  server.RaftServerConfigKeys (ConfUtils.java:logGet(46)) - raft.server.leaderelection.member.majority-add = false (default)
2024-10-20 10:47:33,657 [s1-groupManagement] INFO  server.RaftServerConfigKeys (ConfUtils.java:logGet(46)) - raft.server.sleep.deviation.threshold = 300ms (default)
2024-10-20 10:47:33,657 [s2-groupManagement] INFO  server.RaftServerConfigKeys (ConfUtils.java:logGet(46)) - raft.server.leaderelection.member.majority-add = false (default)
2024-10-20 10:47:33,658 [s1-groupManagement] INFO  server.RaftServer$Division (ServerState.java:<init>(114)) - s1@group-0A90AD4804C7: ConfigurationManager, init=conf: {index: -1, cur=peers:[s3|localhost:15332, s4|localhost:15336, s0|localhost:15320, s1|localhost:15324, s2|localhost:15328]|listeners:[], old=null}, confs=<EMPTY_MAP>
2024-10-20 10:47:33,658 [s1-groupManagement] INFO  server.RaftServerConfigKeys (ConfUtils.java:logGet(46)) - raft.server.notification.no-leader.timeout = 60s (default)
2024-10-20 10:47:33,658 [s3-impl-thread1] INFO  storage.RaftStorageDirectory (RaftStorageDirectoryImpl.java:tryLock(229)) - Lock on /home/runner/work/ratis/ratis/ratis-test/target/test/data/d69430f5/MiniRaftClusterWithGrpc498f2cf4/s3/12ab233f-8f9b-45eb-8d5e-0a90ad4804c7/in_use.lock acquired by nodename 10902@fv-az889-899
2024-10-20 10:47:33,658 [s2-groupManagement] INFO  server.RaftServerConfigKeys (ConfUtils.java:logGet(46)) - raft.server.sleep.deviation.threshold = 300ms (default)
2024-10-20 10:47:33,658 [s3-impl-thread1] TRACE util.FileUtils (LogUtils.java:runAndLog(49)) - Successfully ran Files.createDirectories /home/runner/work/ratis/ratis/ratis-test/target/test/data/d69430f5/MiniRaftClusterWithGrpc498f2cf4/s3/12ab233f-8f9b-45eb-8d5e-0a90ad4804c7/current
2024-10-20 10:47:33,658 [s1-groupManagement] INFO  server.RaftServerConfigKeys (ConfUtils.java:logGet(46)) - raft.server.read.timeout = 10s (default)
2024-10-20 10:47:33,658 [s3-impl-thread1] TRACE util.FileUtils (LogUtils.java:runAndLog(49)) - Successfully ran Files.createDirectories /home/runner/work/ratis/ratis/ratis-test/target/test/data/d69430f5/MiniRaftClusterWithGrpc498f2cf4/s3/12ab233f-8f9b-45eb-8d5e-0a90ad4804c7/sm
2024-10-20 10:47:33,658 [s2-groupManagement] INFO  server.RaftServer$Division (ServerState.java:<init>(114)) - s2@group-0A90AD4804C7: ConfigurationManager, init=conf: {index: -1, cur=peers:[s3|localhost:15332, s4|localhost:15336, s0|localhost:15320, s1|localhost:15324, s2|localhost:15328]|listeners:[], old=null}, confs=<EMPTY_MAP>
2024-10-20 10:47:33,658 [s2-groupManagement] INFO  server.RaftServerConfigKeys (ConfUtils.java:logGet(46)) - raft.server.notification.no-leader.timeout = 60s (default)
2024-10-20 10:47:33,658 [s2-groupManagement] INFO  server.RaftServerConfigKeys (ConfUtils.java:logGet(46)) - raft.server.read.timeout = 10s (default)
2024-10-20 10:47:33,658 [s2-groupManagement] INFO  server.RaftServerConfigKeys (ConfUtils.java:logGet(46)) - raft.server.retrycache.expirytime = 60s (default)
2024-10-20 10:47:33,658 [s2-groupManagement] INFO  server.RaftServerConfigKeys (ConfUtils.java:logGet(46)) - raft.server.retrycache.statistics.expirytime = 100ms (default)
2024-10-20 10:47:33,659 [s2-groupManagement] INFO  server.RaftServerConfigKeys (ConfUtils.java:logGet(46)) - raft.server.read.option = DEFAULT (default)
2024-10-20 10:47:33,659 [s2-groupManagement] INFO  server.RaftServerConfigKeys (ConfUtils.java:logGet(46)) - raft.server.read.read-after-write-consistent.write-index-cache.expiry-time = 60s (default)
2024-10-20 10:47:33,659 [s2-groupManagement] INFO  server.RaftServerConfigKeys (ConfUtils.java:logGet(46)) - raft.server.rpc.request.timeout = 3000ms (default)
2024-10-20 10:47:33,659 [s2-groupManagement] INFO  server.RaftServerConfigKeys (ConfUtils.java:logGet(46)) - raft.server.log.appender.install.snapshot.enabled = true (default)
2024-10-20 10:47:33,660 [s2-groupManagement] INFO  server.RaftServerConfigKeys (ConfUtils.java:logGet(46)) - raft.server.threadpool.server.cached = true (default)
2024-10-20 10:47:33,660 [s2-groupManagement] INFO  server.RaftServerConfigKeys (ConfUtils.java:logGet(46)) - raft.server.threadpool.server.size = 0 (default)
2024-10-20 10:47:33,660 [s2-groupManagement] INFO  server.RaftServerConfigKeys (ConfUtils.java:logGet(46)) - raft.server.threadpool.client.cached = true (default)
2024-10-20 10:47:33,660 [s2-groupManagement] INFO  server.RaftServerConfigKeys (ConfUtils.java:logGet(46)) - raft.server.threadpool.client.size = 0 (default)
2024-10-20 10:47:33,658 [s1-groupManagement] INFO  server.RaftServerConfigKeys (ConfUtils.java:logGet(46)) - raft.server.retrycache.expirytime = 60s (default)
2024-10-20 10:47:33,658 [s3-impl-thread1] TRACE util.FileUtils (LogUtils.java:supplyAndLog(69)) - Successfully supplied FileChannel.open /home/runner/work/ratis/ratis/ratis-test/target/test/data/d69430f5/MiniRaftClusterWithGrpc498f2cf4/s3/12ab233f-8f9b-45eb-8d5e-0a90ad4804c7/current/raft-meta.tmp with options [CREATE, WRITE]: sun.nio.ch.FileChannelImpl@52679bf5
2024-10-20 10:47:33,660 [s1-groupManagement] INFO  server.RaftServerConfigKeys (ConfUtils.java:logGet(46)) - raft.server.retrycache.statistics.expirytime = 100ms (default)
2024-10-20 10:47:33,661 [s1-groupManagement] INFO  server.RaftServerConfigKeys (ConfUtils.java:logGet(46)) - raft.server.read.option = DEFAULT (default)
2024-10-20 10:47:33,661 [s1-groupManagement] INFO  server.RaftServerConfigKeys (ConfUtils.java:logGet(46)) - raft.server.read.read-after-write-consistent.write-index-cache.expiry-time = 60s (default)
2024-10-20 10:47:33,661 [s3-impl-thread1] TRACE util.FileUtils (LogUtils.java:runAndLog(49)) - Successfully ran Atomic Files.move /home/runner/work/ratis/ratis/ratis-test/target/test/data/d69430f5/MiniRaftClusterWithGrpc498f2cf4/s3/12ab233f-8f9b-45eb-8d5e-0a90ad4804c7/current/raft-meta.tmp to /home/runner/work/ratis/ratis/ratis-test/target/test/data/d69430f5/MiniRaftClusterWithGrpc498f2cf4/s3/12ab233f-8f9b-45eb-8d5e-0a90ad4804c7/current/raft-meta with options [REPLACE_EXISTING]
2024-10-20 10:47:33,661 [s3-impl-thread1] INFO  storage.RaftStorage (RaftStorageImpl.java:format(98)) - Storage directory /home/runner/work/ratis/ratis/ratis-test/target/test/data/d69430f5/MiniRaftClusterWithGrpc498f2cf4/s3/12ab233f-8f9b-45eb-8d5e-0a90ad4804c7 has been successfully formatted.
2024-10-20 10:47:33,661 [s3-impl-thread1] INFO  server.RaftServerConfigKeys (ConfUtils.java:logGet(46)) - raft.server.log.use.memory = false (default)
2024-10-20 10:47:33,662 [s3-impl-thread1] INFO  server.RaftServerConfigKeys (ConfUtils.java:logGet(46)) - raft.server.log.purge.gap = 1024 (default)
2024-10-20 10:47:33,662 [s3-impl-thread1] INFO  server.RaftServerConfigKeys (ConfUtils.java:logGet(46)) - raft.server.log.appender.buffer.byte-limit = 4MB (=4194304) (default)
2024-10-20 10:47:33,662 [s1-groupManagement] INFO  server.RaftServerConfigKeys (ConfUtils.java:logGet(46)) - raft.server.rpc.request.timeout = 3000ms (default)
2024-10-20 10:47:33,662 [s1-groupManagement] INFO  server.RaftServerConfigKeys (ConfUtils.java:logGet(46)) - raft.server.log.appender.install.snapshot.enabled = true (default)
2024-10-20 10:47:33,662 [s3-impl-thread1] INFO  server.RaftServerConfigKeys (ConfUtils.java:logGet(46)) - raft.server.log.statemachine.data.read.timeout = 1000ms (default)
2024-10-20 10:47:33,662 [s3-impl-thread1] INFO  server.RaftServerConfigKeys (ConfUtils.java:logGet(46)) - raft.server.log.purge.preservation.log.num = 0 (default)
2024-10-20 10:47:33,662 [s3-impl-thread1] INFO  server.RaftServerConfigKeys (ConfUtils.java:logGet(46)) - raft.server.log.segment.size.max = 32MB (=33554432) (default)
2024-10-20 10:47:33,662 [s3-impl-thread1] INFO  server.RaftServerConfigKeys (ConfUtils.java:logGet(46)) - raft.server.log.segment.cache.num.max = 6 (default)
2024-10-20 10:47:33,662 [s3-impl-thread1] INFO  server.RaftServerConfigKeys (ConfUtils.java:logGet(46)) - raft.server.log.segment.cache.size.max = 200MB (=209715200) (default)
2024-10-20 10:47:33,662 [s3-impl-thread1] INFO  server.RaftServerConfigKeys (ConfUtils.java:logGet(46)) - raft.server.log.appender.buffer.byte-limit = 4MB (=4194304) (default)
2024-10-20 10:47:33,663 [s3-impl-thread1] INFO  util.AwaitToRun (AwaitToRun.java:start(81)) - Thread[s3@group-0A90AD4804C7-cacheEviction-AwaitToRun,5,main] started
2024-10-20 10:47:33,663 [s3-impl-thread1] INFO  segmented.SegmentedRaftLogWorker (SegmentedRaftLogWorker.java:<init>(188)) - new s3@group-0A90AD4804C7-SegmentedRaftLogWorker for RaftStorageImpl:Storage Directory /home/runner/work/ratis/ratis/ratis-test/target/test/data/d69430f5/MiniRaftClusterWithGrpc498f2cf4/s3/12ab233f-8f9b-45eb-8d5e-0a90ad4804c7
2024-10-20 10:47:33,663 [s3-impl-thread1] INFO  server.RaftServerConfigKeys (ConfUtils.java:logGet(46)) - raft.server.log.queue.byte-limit = 64MB (=67108864) (default)
2024-10-20 10:47:33,663 [s3-impl-thread1] INFO  server.RaftServerConfigKeys (ConfUtils.java:logGet(46)) - raft.server.log.queue.element-limit = 4096 (default)
2024-10-20 10:47:33,663 [s3-impl-thread1] INFO  server.RaftServerConfigKeys (ConfUtils.java:logGet(46)) - raft.server.log.segment.size.max = 32MB (=33554432) (default)
2024-10-20 10:47:33,663 [s3-impl-thread1] INFO  server.RaftServerConfigKeys (ConfUtils.java:logGet(46)) - raft.server.log.preallocated.size = 4MB (=4194304) (default)
2024-10-20 10:47:33,663 [s3-impl-thread1] INFO  server.RaftServerConfigKeys (ConfUtils.java:logGet(46)) - raft.server.log.force.sync.num = 128 (default)
2024-10-20 10:47:33,663 [s3-impl-thread1] INFO  server.RaftServerConfigKeys (ConfUtils.java:logGet(46)) - raft.server.log.statemachine.data.sync = true (default)
2024-10-20 10:47:33,663 [s3-impl-thread1] INFO  server.RaftServerConfigKeys (ConfUtils.java:logGet(46)) - raft.server.log.statemachine.data.sync.timeout = 10s (default)
2024-10-20 10:47:33,663 [s3-impl-thread1] INFO  server.RaftServerConfigKeys (ConfUtils.java:logGet(46)) - raft.server.log.statemachine.data.sync.timeout.retry = -1 (default)
2024-10-20 10:47:33,663 [s3-impl-thread1] INFO  server.RaftServerConfigKeys (ConfUtils.java:logGet(46)) - raft.server.log.write.buffer.size = 8MB (=8388608) (default)
2024-10-20 10:47:33,663 [s3-impl-thread1] INFO  server.RaftServerConfigKeys (ConfUtils.java:logGet(46)) - raft.server.log.appender.buffer.byte-limit = 4MB (=4194304) (default)
2024-10-20 10:47:33,663 [s3-impl-thread1] INFO  server.RaftServerConfigKeys (ConfUtils.java:logGet(46)) - raft.server.log.unsafe-flush.enabled = false (default)
2024-10-20 10:47:33,663 [s3-impl-thread1] INFO  server.RaftServerConfigKeys (ConfUtils.java:logGet(46)) - raft.server.log.async-flush.enabled = false (default)
2024-10-20 10:47:33,664 [s3-impl-thread1] INFO  server.RaftServerConfigKeys (ConfUtils.java:logGet(46)) - raft.server.log.statemachine.data.caching.enabled = false (default)
2024-10-20 10:47:33,664 [s3-impl-thread1] INFO  segmented.SegmentedRaftLogWorker (SegmentedRaftLogWorker.java:lambda$new$0(139)) - s3@group-0A90AD4804C7-SegmentedRaftLogWorker: flushIndex: setUnconditionally 0 -> -1
2024-10-20 10:47:33,664 [s3-impl-thread1] INFO  segmented.SegmentedRaftLogWorker (SegmentedRaftLogWorker.java:lambda$new$0(139)) - s3@group-0A90AD4804C7-SegmentedRaftLogWorker: safeCacheEvictIndex: setUnconditionally 0 -> -1
2024-10-20 10:47:33,662 [s1-groupManagement] INFO  server.RaftServerConfigKeys (ConfUtils.java:logGet(46)) - raft.server.threadpool.server.cached = true (default)
2024-10-20 10:47:33,667 [s1-groupManagement] INFO  server.RaftServerConfigKeys (ConfUtils.java:logGet(46)) - raft.server.threadpool.server.size = 0 (default)
2024-10-20 10:47:33,667 [s1-groupManagement] INFO  server.RaftServerConfigKeys (ConfUtils.java:logGet(46)) - raft.server.threadpool.client.cached = true (default)
2024-10-20 10:47:33,667 [s1-groupManagement] INFO  server.RaftServerConfigKeys (ConfUtils.java:logGet(46)) - raft.server.threadpool.client.size = 0 (default)
2024-10-20 10:47:33,667 [s3-impl-thread1] INFO  server.RaftServer$Division (RaftServerImpl.java:start(393)) - s3@group-0A90AD4804C7: start as a follower, conf=conf: {index: -1, cur=peers:[s3|localhost:15332, s4|localhost:15336, s0|localhost:15320, s1|localhost:15324, s2|localhost:15328]|listeners:[], old=null}
2024-10-20 10:47:33,667 [s3-impl-thread1] INFO  server.RaftServer$Division (RaftServerImpl.java:setRole(380)) - s3@group-0A90AD4804C7: changes role from      null to FOLLOWER at term 0 for startAsFollower
2024-10-20 10:47:33,667 [s3-impl-thread1] INFO  impl.RoleInfo (RoleInfo.java:updateAndGet(148)) - s3: start s3@group-0A90AD4804C7-FollowerState
2024-10-20 10:47:33,675 [s3-impl-thread1] INFO  util.JmxRegister (JmxRegister.java:tryRegister(44)) - Successfully registered JMX Bean with object name Ratis:service=RaftServer,group=group-0A90AD4804C7,id=s3
2024-10-20 10:47:33,675 [s3-impl-thread1] INFO  util.JmxRegister (JmxRegister.java:register(58)) - register mxBean class org.apache.ratis.server.impl.RaftServerJmxAdapter as Ratis:service=RaftServer,group=group-0A90AD4804C7,id=s3
2024-10-20 10:47:33,675 [s3-impl-thread1] INFO  server.RaftServerConfigKeys (ConfUtils.java:logGet(46)) - raft.server.snapshot.trigger-when-stop.enabled = true (default)
2024-10-20 10:47:33,675 [s3-impl-thread1] INFO  server.RaftServerConfigKeys (ConfUtils.java:logGet(46)) - raft.server.snapshot.trigger-when-remove.enabled = true (default)
2024-10-20 10:47:33,675 [s3-impl-thread1] INFO  server.RaftServerConfigKeys (ConfUtils.java:logGet(46)) - raft.server.snapshot.auto.trigger.enabled = false (default)
2024-10-20 10:47:33,676 [s3-impl-thread1] INFO  server.RaftServerConfigKeys (ConfUtils.java:logGet(46)) - raft.server.snapshot.retention.file.num = -1 (default)
2024-10-20 10:47:33,676 [s3-impl-thread1] INFO  server.RaftServerConfigKeys (ConfUtils.java:logGet(46)) - raft.server.log.purge.upto.snapshot.index = false (default)
2024-10-20 10:47:33,676 [s3-impl-thread1] INFO  server.RaftServer$Division (RaftServerImpl.java:start(407)) - s3@group-0A90AD4804C7: Successfully started.
2024-10-20 10:47:33,676 [main] INFO  server.RaftServer (RaftServerProxy.java:startImpl(408)) - s3: start RPC server
2024-10-20 10:47:33,677 [s3@group-0A90AD4804C7-FollowerState] INFO  server.RaftServerConfigKeys (ConfUtils.java:logFallback(53)) - raft.server.rpc.first-election.timeout.min = 150ms (fallback to raft.server.rpc.timeout.min)
2024-10-20 10:47:33,677 [s3@group-0A90AD4804C7-FollowerState] INFO  server.RaftServerConfigKeys (ConfUtils.java:logFallback(53)) - raft.server.rpc.first-election.timeout.max = 300ms (fallback to raft.server.rpc.timeout.max)
2024-10-20 10:47:33,678 [main] INFO  server.GrpcServicesImpl (GrpcServicesImpl.java:startImpl(353)) - s3: GrpcServicesImpl started, listening on 15334
2024-10-20 10:47:33,679 [main] INFO  server.GrpcServicesImpl (GrpcServicesImpl.java:startImpl(353)) - s3: GrpcServicesImpl started, listening on 15332
2024-10-20 10:47:33,680 [main] INFO  server.GrpcServicesImpl (GrpcServicesImpl.java:startImpl(353)) - s3: GrpcServicesImpl started, listening on 15333
2024-10-20 10:47:33,680 [s4-impl-thread1] INFO  server.RaftServerConfigKeys (ConfUtils.java:logGet(46)) - raft.server.storage.free-space.min = 0MB (=0) (default)
2024-10-20 10:47:33,680 [s4-impl-thread1] INFO  server.RaftServerConfigKeys (ConfUtils.java:logGet(46)) - raft.server.log.corruption.policy = EXCEPTION (default)
2024-10-20 10:47:33,681 [s4-impl-thread1] INFO  server.RaftServerConfigKeys (ConfUtils.java:logGet(46)) - raft.server.storage.dir = [/home/runner/work/ratis/ratis/ratis-test/target/test/data/d69430f5/MiniRaftClusterWithGrpc498f2cf4/s4] (custom)
2024-10-20 10:47:33,681 [s4-impl-thread1] INFO  storage.RaftStorageDirectory (RaftStorageDirectoryImpl.java:analyzeStorage(138)) - The storage directory /home/runner/work/ratis/ratis/ratis-test/target/test/data/d69430f5/MiniRaftClusterWithGrpc498f2cf4/s4/12ab233f-8f9b-45eb-8d5e-0a90ad4804c7 does not exist. Creating ...
2024-10-20 10:47:33,681 [s4-impl-thread1] TRACE util.FileUtils (LogUtils.java:runAndLog(49)) - Successfully ran Files.createDirectories /home/runner/work/ratis/ratis/ratis-test/target/test/data/d69430f5/MiniRaftClusterWithGrpc498f2cf4/s4/12ab233f-8f9b-45eb-8d5e-0a90ad4804c7
2024-10-20 10:47:33,683 [JvmPauseMonitor80] INFO  util.JvmPauseMonitor (JvmPauseMonitor.java:run(146)) - JvmPauseMonitor-s3: Started
2024-10-20 10:47:33,683 [s4-impl-thread1] INFO  storage.RaftStorageDirectory (RaftStorageDirectoryImpl.java:tryLock(229)) - Lock on /home/runner/work/ratis/ratis/ratis-test/target/test/data/d69430f5/MiniRaftClusterWithGrpc498f2cf4/s4/12ab233f-8f9b-45eb-8d5e-0a90ad4804c7/in_use.lock acquired by nodename 10902@fv-az889-899
2024-10-20 10:47:33,683 [s4-impl-thread1] TRACE util.FileUtils (LogUtils.java:runAndLog(49)) - Successfully ran Files.createDirectories /home/runner/work/ratis/ratis/ratis-test/target/test/data/d69430f5/MiniRaftClusterWithGrpc498f2cf4/s4/12ab233f-8f9b-45eb-8d5e-0a90ad4804c7/current
2024-10-20 10:47:33,683 [s4-impl-thread1] TRACE util.FileUtils (LogUtils.java:runAndLog(49)) - Successfully ran Files.createDirectories /home/runner/work/ratis/ratis/ratis-test/target/test/data/d69430f5/MiniRaftClusterWithGrpc498f2cf4/s4/12ab233f-8f9b-45eb-8d5e-0a90ad4804c7/sm
2024-10-20 10:47:33,684 [s4-impl-thread1] TRACE util.FileUtils (LogUtils.java:supplyAndLog(69)) - Successfully supplied FileChannel.open /home/runner/work/ratis/ratis/ratis-test/target/test/data/d69430f5/MiniRaftClusterWithGrpc498f2cf4/s4/12ab233f-8f9b-45eb-8d5e-0a90ad4804c7/current/raft-meta.tmp with options [CREATE, WRITE]: sun.nio.ch.FileChannelImpl@3b911471
2024-10-20 10:47:33,686 [s4-impl-thread1] TRACE util.FileUtils (LogUtils.java:runAndLog(49)) - Successfully ran Atomic Files.move /home/runner/work/ratis/ratis/ratis-test/target/test/data/d69430f5/MiniRaftClusterWithGrpc498f2cf4/s4/12ab233f-8f9b-45eb-8d5e-0a90ad4804c7/current/raft-meta.tmp to /home/runner/work/ratis/ratis/ratis-test/target/test/data/d69430f5/MiniRaftClusterWithGrpc498f2cf4/s4/12ab233f-8f9b-45eb-8d5e-0a90ad4804c7/current/raft-meta with options [REPLACE_EXISTING]
2024-10-20 10:47:33,686 [s4-impl-thread1] INFO  storage.RaftStorage (RaftStorageImpl.java:format(98)) - Storage directory /home/runner/work/ratis/ratis/ratis-test/target/test/data/d69430f5/MiniRaftClusterWithGrpc498f2cf4/s4/12ab233f-8f9b-45eb-8d5e-0a90ad4804c7 has been successfully formatted.
2024-10-20 10:47:33,686 [s4-impl-thread1] INFO  server.RaftServerConfigKeys (ConfUtils.java:logGet(46)) - raft.server.log.use.memory = false (default)
2024-10-20 10:47:33,686 [s4-impl-thread1] INFO  server.RaftServerConfigKeys (ConfUtils.java:logGet(46)) - raft.server.log.purge.gap = 1024 (default)
2024-10-20 10:47:33,686 [s4-impl-thread1] INFO  server.RaftServerConfigKeys (ConfUtils.java:logGet(46)) - raft.server.log.appender.buffer.byte-limit = 4MB (=4194304) (default)
2024-10-20 10:47:33,686 [s4-impl-thread1] INFO  server.RaftServerConfigKeys (ConfUtils.java:logGet(46)) - raft.server.log.statemachine.data.read.timeout = 1000ms (default)
2024-10-20 10:47:33,686 [s4-impl-thread1] INFO  server.RaftServerConfigKeys (ConfUtils.java:logGet(46)) - raft.server.log.purge.preservation.log.num = 0 (default)
2024-10-20 10:47:33,686 [s4-impl-thread1] INFO  server.RaftServerConfigKeys (ConfUtils.java:logGet(46)) - raft.server.log.segment.size.max = 32MB (=33554432) (default)
2024-10-20 10:47:33,686 [s4-impl-thread1] INFO  server.RaftServerConfigKeys (ConfUtils.java:logGet(46)) - raft.server.log.segment.cache.num.max = 6 (default)
2024-10-20 10:47:33,686 [s4-impl-thread1] INFO  server.RaftServerConfigKeys (ConfUtils.java:logGet(46)) - raft.server.log.segment.cache.size.max = 200MB (=209715200) (default)
2024-10-20 10:47:33,686 [s4-impl-thread1] INFO  server.RaftServerConfigKeys (ConfUtils.java:logGet(46)) - raft.server.log.appender.buffer.byte-limit = 4MB (=4194304) (default)
2024-10-20 10:47:33,687 [s4-impl-thread1] INFO  util.AwaitToRun (AwaitToRun.java:start(81)) - Thread[s4@group-0A90AD4804C7-cacheEviction-AwaitToRun,5,main] started
2024-10-20 10:47:33,687 [s4-impl-thread1] INFO  segmented.SegmentedRaftLogWorker (SegmentedRaftLogWorker.java:<init>(188)) - new s4@group-0A90AD4804C7-SegmentedRaftLogWorker for RaftStorageImpl:Storage Directory /home/runner/work/ratis/ratis/ratis-test/target/test/data/d69430f5/MiniRaftClusterWithGrpc498f2cf4/s4/12ab233f-8f9b-45eb-8d5e-0a90ad4804c7
2024-10-20 10:47:33,687 [s4-impl-thread1] INFO  server.RaftServerConfigKeys (ConfUtils.java:logGet(46)) - raft.server.log.queue.byte-limit = 64MB (=67108864) (default)
2024-10-20 10:47:33,687 [s4-impl-thread1] INFO  server.RaftServerConfigKeys (ConfUtils.java:logGet(46)) - raft.server.log.queue.element-limit = 4096 (default)
2024-10-20 10:47:33,687 [s4-impl-thread1] INFO  server.RaftServerConfigKeys (ConfUtils.java:logGet(46)) - raft.server.log.segment.size.max = 32MB (=33554432) (default)
2024-10-20 10:47:33,687 [s4-impl-thread1] INFO  server.RaftServerConfigKeys (ConfUtils.java:logGet(46)) - raft.server.log.preallocated.size = 4MB (=4194304) (default)
2024-10-20 10:47:33,687 [s4-impl-thread1] INFO  server.RaftServerConfigKeys (ConfUtils.java:logGet(46)) - raft.server.log.force.sync.num = 128 (default)
2024-10-20 10:47:33,687 [s4-impl-thread1] INFO  server.RaftServerConfigKeys (ConfUtils.java:logGet(46)) - raft.server.log.statemachine.data.sync = true (default)
2024-10-20 10:47:33,687 [s4-impl-thread1] INFO  server.RaftServerConfigKeys (ConfUtils.java:logGet(46)) - raft.server.log.statemachine.data.sync.timeout = 10s (default)
2024-10-20 10:47:33,687 [s4-impl-thread1] INFO  server.RaftServerConfigKeys (ConfUtils.java:logGet(46)) - raft.server.log.statemachine.data.sync.timeout.retry = -1 (default)
2024-10-20 10:47:33,687 [s4-impl-thread1] INFO  server.RaftServerConfigKeys (ConfUtils.java:logGet(46)) - raft.server.log.write.buffer.size = 8MB (=8388608) (default)
2024-10-20 10:47:33,688 [s4-impl-thread1] INFO  server.RaftServerConfigKeys (ConfUtils.java:logGet(46)) - raft.server.log.appender.buffer.byte-limit = 4MB (=4194304) (default)
2024-10-20 10:47:33,688 [s4-impl-thread1] INFO  server.RaftServerConfigKeys (ConfUtils.java:logGet(46)) - raft.server.log.unsafe-flush.enabled = false (default)
2024-10-20 10:47:33,688 [s4-impl-thread1] INFO  server.RaftServerConfigKeys (ConfUtils.java:logGet(46)) - raft.server.log.async-flush.enabled = false (default)
2024-10-20 10:47:33,688 [s4-impl-thread1] INFO  server.RaftServerConfigKeys (ConfUtils.java:logGet(46)) - raft.server.log.statemachine.data.caching.enabled = false (default)
2024-10-20 10:47:33,688 [s4-impl-thread1] INFO  segmented.SegmentedRaftLogWorker (SegmentedRaftLogWorker.java:lambda$new$0(139)) - s4@group-0A90AD4804C7-SegmentedRaftLogWorker: flushIndex: setUnconditionally 0 -> -1
2024-10-20 10:47:33,688 [s4-impl-thread1] INFO  segmented.SegmentedRaftLogWorker (SegmentedRaftLogWorker.java:lambda$new$0(139)) - s4@group-0A90AD4804C7-SegmentedRaftLogWorker: safeCacheEvictIndex: setUnconditionally 0 -> -1
2024-10-20 10:47:33,688 [s4-impl-thread1] INFO  server.RaftServer$Division (RaftServerImpl.java:start(393)) - s4@group-0A90AD4804C7: start as a follower, conf=conf: {index: -1, cur=peers:[s3|localhost:15332, s4|localhost:15336, s0|localhost:15320, s1|localhost:15324, s2|localhost:15328]|listeners:[], old=null}
2024-10-20 10:47:33,688 [s4-impl-thread1] INFO  server.RaftServer$Division (RaftServerImpl.java:setRole(380)) - s4@group-0A90AD4804C7: changes role from      null to FOLLOWER at term 0 for startAsFollower
2024-10-20 10:47:33,689 [s4-impl-thread1] INFO  impl.RoleInfo (RoleInfo.java:updateAndGet(148)) - s4: start s4@group-0A90AD4804C7-FollowerState
2024-10-20 10:47:33,689 [s4@group-0A90AD4804C7-FollowerState] INFO  server.RaftServerConfigKeys (ConfUtils.java:logFallback(53)) - raft.server.rpc.first-election.timeout.min = 150ms (fallback to raft.server.rpc.timeout.min)
2024-10-20 10:47:33,689 [s4@group-0A90AD4804C7-FollowerState] INFO  server.RaftServerConfigKeys (ConfUtils.java:logFallback(53)) - raft.server.rpc.first-election.timeout.max = 300ms (fallback to raft.server.rpc.timeout.max)
2024-10-20 10:47:33,689 [s4-impl-thread1] INFO  util.JmxRegister (JmxRegister.java:tryRegister(44)) - Successfully registered JMX Bean with object name Ratis:service=RaftServer,group=group-0A90AD4804C7,id=s4
2024-10-20 10:47:33,689 [s4-impl-thread1] INFO  util.JmxRegister (JmxRegister.java:register(58)) - register mxBean class org.apache.ratis.server.impl.RaftServerJmxAdapter as Ratis:service=RaftServer,group=group-0A90AD4804C7,id=s4
2024-10-20 10:47:33,689 [s4-impl-thread1] INFO  server.RaftServerConfigKeys (ConfUtils.java:logGet(46)) - raft.server.snapshot.trigger-when-stop.enabled = true (default)
2024-10-20 10:47:33,689 [s4-impl-thread1] INFO  server.RaftServerConfigKeys (ConfUtils.java:logGet(46)) - raft.server.snapshot.trigger-when-remove.enabled = true (default)
2024-10-20 10:47:33,689 [s4-impl-thread1] INFO  server.RaftServerConfigKeys (ConfUtils.java:logGet(46)) - raft.server.snapshot.auto.trigger.enabled = false (default)
2024-10-20 10:47:33,689 [s4-impl-thread1] INFO  server.RaftServerConfigKeys (ConfUtils.java:logGet(46)) - raft.server.snapshot.retention.file.num = -1 (default)
2024-10-20 10:47:33,689 [s4-impl-thread1] INFO  server.RaftServerConfigKeys (ConfUtils.java:logGet(46)) - raft.server.log.purge.upto.snapshot.index = false (default)
2024-10-20 10:47:33,689 [s4-impl-thread1] INFO  server.RaftServer$Division (RaftServerImpl.java:start(407)) - s4@group-0A90AD4804C7: Successfully started.
2024-10-20 10:47:33,690 [main] INFO  server.RaftServer (RaftServerProxy.java:startImpl(408)) - s4: start RPC server
2024-10-20 10:47:33,693 [main] INFO  server.GrpcServicesImpl (GrpcServicesImpl.java:startImpl(353)) - s4: GrpcServicesImpl started, listening on 15338
2024-10-20 10:47:33,693 [main] INFO  server.GrpcServicesImpl (GrpcServicesImpl.java:startImpl(353)) - s4: GrpcServicesImpl started, listening on 15336
2024-10-20 10:47:33,694 [main] INFO  server.GrpcServicesImpl (GrpcServicesImpl.java:startImpl(353)) - s4: GrpcServicesImpl started, listening on 15337
2024-10-20 10:47:33,694 [s0-impl-thread1] INFO  server.RaftServerConfigKeys (ConfUtils.java:logGet(46)) - raft.server.storage.free-space.min = 0MB (=0) (default)
2024-10-20 10:47:33,694 [s0-impl-thread1] INFO  server.RaftServerConfigKeys (ConfUtils.java:logGet(46)) - raft.server.log.corruption.policy = EXCEPTION (default)
2024-10-20 10:47:33,694 [s0-impl-thread1] INFO  server.RaftServerConfigKeys (ConfUtils.java:logGet(46)) - raft.server.storage.dir = [/home/runner/work/ratis/ratis/ratis-test/target/test/data/d69430f5/MiniRaftClusterWithGrpc498f2cf4/s0] (custom)
2024-10-20 10:47:33,694 [s0-impl-thread1] INFO  storage.RaftStorageDirectory (RaftStorageDirectoryImpl.java:analyzeStorage(138)) - The storage directory /home/runner/work/ratis/ratis/ratis-test/target/test/data/d69430f5/MiniRaftClusterWithGrpc498f2cf4/s0/12ab233f-8f9b-45eb-8d5e-0a90ad4804c7 does not exist. Creating ...
2024-10-20 10:47:33,695 [s0-impl-thread1] TRACE util.FileUtils (LogUtils.java:runAndLog(49)) - Successfully ran Files.createDirectories /home/runner/work/ratis/ratis/ratis-test/target/test/data/d69430f5/MiniRaftClusterWithGrpc498f2cf4/s0/12ab233f-8f9b-45eb-8d5e-0a90ad4804c7
2024-10-20 10:47:33,695 [JvmPauseMonitor81] INFO  util.JvmPauseMonitor (JvmPauseMonitor.java:run(146)) - JvmPauseMonitor-s4: Started
2024-10-20 10:47:33,695 [s0-impl-thread1] INFO  storage.RaftStorageDirectory (RaftStorageDirectoryImpl.java:tryLock(229)) - Lock on /home/runner/work/ratis/ratis/ratis-test/target/test/data/d69430f5/MiniRaftClusterWithGrpc498f2cf4/s0/12ab233f-8f9b-45eb-8d5e-0a90ad4804c7/in_use.lock acquired by nodename 10902@fv-az889-899
2024-10-20 10:47:33,696 [s0-impl-thread1] TRACE util.FileUtils (LogUtils.java:runAndLog(49)) - Successfully ran Files.createDirectories /home/runner/work/ratis/ratis/ratis-test/target/test/data/d69430f5/MiniRaftClusterWithGrpc498f2cf4/s0/12ab233f-8f9b-45eb-8d5e-0a90ad4804c7/current
2024-10-20 10:47:33,696 [s0-impl-thread1] TRACE util.FileUtils (LogUtils.java:runAndLog(49)) - Successfully ran Files.createDirectories /home/runner/work/ratis/ratis/ratis-test/target/test/data/d69430f5/MiniRaftClusterWithGrpc498f2cf4/s0/12ab233f-8f9b-45eb-8d5e-0a90ad4804c7/sm
2024-10-20 10:47:33,696 [s0-impl-thread1] TRACE util.FileUtils (LogUtils.java:supplyAndLog(69)) - Successfully supplied FileChannel.open /home/runner/work/ratis/ratis/ratis-test/target/test/data/d69430f5/MiniRaftClusterWithGrpc498f2cf4/s0/12ab233f-8f9b-45eb-8d5e-0a90ad4804c7/current/raft-meta.tmp with options [CREATE, WRITE]: sun.nio.ch.FileChannelImpl@5131091a
2024-10-20 10:47:33,698 [s0-impl-thread1] TRACE util.FileUtils (LogUtils.java:runAndLog(49)) - Successfully ran Atomic Files.move /home/runner/work/ratis/ratis/ratis-test/target/test/data/d69430f5/MiniRaftClusterWithGrpc498f2cf4/s0/12ab233f-8f9b-45eb-8d5e-0a90ad4804c7/current/raft-meta.tmp to /home/runner/work/ratis/ratis/ratis-test/target/test/data/d69430f5/MiniRaftClusterWithGrpc498f2cf4/s0/12ab233f-8f9b-45eb-8d5e-0a90ad4804c7/current/raft-meta with options [REPLACE_EXISTING]
2024-10-20 10:47:33,698 [s0-impl-thread1] INFO  storage.RaftStorage (RaftStorageImpl.java:format(98)) - Storage directory /home/runner/work/ratis/ratis/ratis-test/target/test/data/d69430f5/MiniRaftClusterWithGrpc498f2cf4/s0/12ab233f-8f9b-45eb-8d5e-0a90ad4804c7 has been successfully formatted.
2024-10-20 10:47:33,698 [s0-impl-thread1] INFO  server.RaftServerConfigKeys (ConfUtils.java:logGet(46)) - raft.server.log.use.memory = false (default)
2024-10-20 10:47:33,698 [s0-impl-thread1] INFO  server.RaftServerConfigKeys (ConfUtils.java:logGet(46)) - raft.server.log.purge.gap = 1024 (default)
2024-10-20 10:47:33,698 [s0-impl-thread1] INFO  server.RaftServerConfigKeys (ConfUtils.java:logGet(46)) - raft.server.log.appender.buffer.byte-limit = 4MB (=4194304) (default)
2024-10-20 10:47:33,698 [s0-impl-thread1] INFO  server.RaftServerConfigKeys (ConfUtils.java:logGet(46)) - raft.server.log.statemachine.data.read.timeout = 1000ms (default)
2024-10-20 10:47:33,698 [s0-impl-thread1] INFO  server.RaftServerConfigKeys (ConfUtils.java:logGet(46)) - raft.server.log.purge.preservation.log.num = 0 (default)
2024-10-20 10:47:33,698 [s0-impl-thread1] INFO  server.RaftServerConfigKeys (ConfUtils.java:logGet(46)) - raft.server.log.segment.size.max = 32MB (=33554432) (default)
2024-10-20 10:47:33,698 [s0-impl-thread1] INFO  server.RaftServerConfigKeys (ConfUtils.java:logGet(46)) - raft.server.log.segment.cache.num.max = 6 (default)
2024-10-20 10:47:33,698 [s0-impl-thread1] INFO  server.RaftServerConfigKeys (ConfUtils.java:logGet(46)) - raft.server.log.segment.cache.size.max = 200MB (=209715200) (default)
2024-10-20 10:47:33,698 [s0-impl-thread1] INFO  server.RaftServerConfigKeys (ConfUtils.java:logGet(46)) - raft.server.log.appender.buffer.byte-limit = 4MB (=4194304) (default)
2024-10-20 10:47:33,698 [s0-impl-thread1] INFO  util.AwaitToRun (AwaitToRun.java:start(81)) - Thread[s0@group-0A90AD4804C7-cacheEviction-AwaitToRun,5,main] started
2024-10-20 10:47:33,698 [s0-impl-thread1] INFO  segmented.SegmentedRaftLogWorker (SegmentedRaftLogWorker.java:<init>(188)) - new s0@group-0A90AD4804C7-SegmentedRaftLogWorker for RaftStorageImpl:Storage Directory /home/runner/work/ratis/ratis/ratis-test/target/test/data/d69430f5/MiniRaftClusterWithGrpc498f2cf4/s0/12ab233f-8f9b-45eb-8d5e-0a90ad4804c7
2024-10-20 10:47:33,698 [s0-impl-thread1] INFO  server.RaftServerConfigKeys (ConfUtils.java:logGet(46)) - raft.server.log.queue.byte-limit = 64MB (=67108864) (default)
2024-10-20 10:47:33,699 [s0-impl-thread1] INFO  server.RaftServerConfigKeys (ConfUtils.java:logGet(46)) - raft.server.log.queue.element-limit = 4096 (default)
2024-10-20 10:47:33,699 [s0-impl-thread1] INFO  server.RaftServerConfigKeys (ConfUtils.java:logGet(46)) - raft.server.log.segment.size.max = 32MB (=33554432) (default)
2024-10-20 10:47:33,699 [s0-impl-thread1] INFO  server.RaftServerConfigKeys (ConfUtils.java:logGet(46)) - raft.server.log.preallocated.size = 4MB (=4194304) (default)
2024-10-20 10:47:33,699 [s0-impl-thread1] INFO  server.RaftServerConfigKeys (ConfUtils.java:logGet(46)) - raft.server.log.force.sync.num = 128 (default)
2024-10-20 10:47:33,699 [s0-impl-thread1] INFO  server.RaftServerConfigKeys (ConfUtils.java:logGet(46)) - raft.server.log.statemachine.data.sync = true (default)
2024-10-20 10:47:33,699 [s0-impl-thread1] INFO  server.RaftServerConfigKeys (ConfUtils.java:logGet(46)) - raft.server.log.statemachine.data.sync.timeout = 10s (default)
2024-10-20 10:47:33,699 [s0-impl-thread1] INFO  server.RaftServerConfigKeys (ConfUtils.java:logGet(46)) - raft.server.log.statemachine.data.sync.timeout.retry = -1 (default)
2024-10-20 10:47:33,699 [s0-impl-thread1] INFO  server.RaftServerConfigKeys (ConfUtils.java:logGet(46)) - raft.server.log.write.buffer.size = 8MB (=8388608) (default)
2024-10-20 10:47:33,699 [s0-impl-thread1] INFO  server.RaftServerConfigKeys (ConfUtils.java:logGet(46)) - raft.server.log.appender.buffer.byte-limit = 4MB (=4194304) (default)
2024-10-20 10:47:33,699 [s0-impl-thread1] INFO  server.RaftServerConfigKeys (ConfUtils.java:logGet(46)) - raft.server.log.unsafe-flush.enabled = false (default)
2024-10-20 10:47:33,699 [s0-impl-thread1] INFO  server.RaftServerConfigKeys (ConfUtils.java:logGet(46)) - raft.server.log.async-flush.enabled = false (default)
2024-10-20 10:47:33,699 [s0-impl-thread1] INFO  server.RaftServerConfigKeys (ConfUtils.java:logGet(46)) - raft.server.log.statemachine.data.caching.enabled = false (default)
2024-10-20 10:47:33,699 [s0-impl-thread1] INFO  segmented.SegmentedRaftLogWorker (SegmentedRaftLogWorker.java:lambda$new$0(139)) - s0@group-0A90AD4804C7-SegmentedRaftLogWorker: flushIndex: setUnconditionally 0 -> -1
2024-10-20 10:47:33,699 [s0-impl-thread1] INFO  segmented.SegmentedRaftLogWorker (SegmentedRaftLogWorker.java:lambda$new$0(139)) - s0@group-0A90AD4804C7-SegmentedRaftLogWorker: safeCacheEvictIndex: setUnconditionally 0 -> -1
2024-10-20 10:47:33,700 [s0-impl-thread1] INFO  server.RaftServer$Division (RaftServerImpl.java:start(393)) - s0@group-0A90AD4804C7: start as a follower, conf=conf: {index: -1, cur=peers:[s3|localhost:15332, s4|localhost:15336, s0|localhost:15320, s1|localhost:15324, s2|localhost:15328]|listeners:[], old=null}
2024-10-20 10:47:33,700 [s0-impl-thread1] INFO  server.RaftServer$Division (RaftServerImpl.java:setRole(380)) - s0@group-0A90AD4804C7: changes role from      null to FOLLOWER at term 0 for startAsFollower
2024-10-20 10:47:33,700 [s0-impl-thread1] INFO  impl.RoleInfo (RoleInfo.java:updateAndGet(148)) - s0: start s0@group-0A90AD4804C7-FollowerState
2024-10-20 10:47:33,700 [s0@group-0A90AD4804C7-FollowerState] INFO  server.RaftServerConfigKeys (ConfUtils.java:logFallback(53)) - raft.server.rpc.first-election.timeout.min = 150ms (fallback to raft.server.rpc.timeout.min)
2024-10-20 10:47:33,700 [s0-impl-thread1] INFO  util.JmxRegister (JmxRegister.java:tryRegister(44)) - Successfully registered JMX Bean with object name Ratis:service=RaftServer,group=group-0A90AD4804C7,id=s0
2024-10-20 10:47:33,700 [s0-impl-thread1] INFO  util.JmxRegister (JmxRegister.java:register(58)) - register mxBean class org.apache.ratis.server.impl.RaftServerJmxAdapter as Ratis:service=RaftServer,group=group-0A90AD4804C7,id=s0
2024-10-20 10:47:33,700 [s0-impl-thread1] INFO  server.RaftServerConfigKeys (ConfUtils.java:logGet(46)) - raft.server.snapshot.trigger-when-stop.enabled = true (default)
2024-10-20 10:47:33,700 [s0-impl-thread1] INFO  server.RaftServerConfigKeys (ConfUtils.java:logGet(46)) - raft.server.snapshot.trigger-when-remove.enabled = true (default)
2024-10-20 10:47:33,700 [s0-impl-thread1] INFO  server.RaftServerConfigKeys (ConfUtils.java:logGet(46)) - raft.server.snapshot.auto.trigger.enabled = false (default)
2024-10-20 10:47:33,700 [s0-impl-thread1] INFO  server.RaftServerConfigKeys (ConfUtils.java:logGet(46)) - raft.server.snapshot.retention.file.num = -1 (default)
2024-10-20 10:47:33,700 [s0-impl-thread1] INFO  server.RaftServerConfigKeys (ConfUtils.java:logGet(46)) - raft.server.log.purge.upto.snapshot.index = false (default)
2024-10-20 10:47:33,700 [s0@group-0A90AD4804C7-FollowerState] INFO  server.RaftServerConfigKeys (ConfUtils.java:logFallback(53)) - raft.server.rpc.first-election.timeout.max = 300ms (fallback to raft.server.rpc.timeout.max)
2024-10-20 10:47:33,701 [s0-impl-thread1] INFO  server.RaftServer$Division (RaftServerImpl.java:start(407)) - s0@group-0A90AD4804C7: Successfully started.
2024-10-20 10:47:33,701 [main] INFO  server.RaftServer (RaftServerProxy.java:startImpl(408)) - s0: start RPC server
2024-10-20 10:47:33,703 [main] INFO  server.GrpcServicesImpl (GrpcServicesImpl.java:startImpl(353)) - s0: GrpcServicesImpl started, listening on 15322
2024-10-20 10:47:33,703 [main] INFO  server.GrpcServicesImpl (GrpcServicesImpl.java:startImpl(353)) - s0: GrpcServicesImpl started, listening on 15320
2024-10-20 10:47:33,704 [main] INFO  server.GrpcServicesImpl (GrpcServicesImpl.java:startImpl(353)) - s0: GrpcServicesImpl started, listening on 15321
2024-10-20 10:47:33,704 [JvmPauseMonitor82] INFO  util.JvmPauseMonitor (JvmPauseMonitor.java:run(146)) - JvmPauseMonitor-s0: Started
2024-10-20 10:47:33,704 [s1-impl-thread1] INFO  server.RaftServerConfigKeys (ConfUtils.java:logGet(46)) - raft.server.storage.free-space.min = 0MB (=0) (default)
2024-10-20 10:47:33,704 [s1-impl-thread1] INFO  server.RaftServerConfigKeys (ConfUtils.java:logGet(46)) - raft.server.log.corruption.policy = EXCEPTION (default)
2024-10-20 10:47:33,704 [s1-impl-thread1] INFO  server.RaftServerConfigKeys (ConfUtils.java:logGet(46)) - raft.server.storage.dir = [/home/runner/work/ratis/ratis/ratis-test/target/test/data/d69430f5/MiniRaftClusterWithGrpc498f2cf4/s1] (custom)
2024-10-20 10:47:33,705 [s1-impl-thread1] INFO  storage.RaftStorageDirectory (RaftStorageDirectoryImpl.java:analyzeStorage(138)) - The storage directory /home/runner/work/ratis/ratis/ratis-test/target/test/data/d69430f5/MiniRaftClusterWithGrpc498f2cf4/s1/12ab233f-8f9b-45eb-8d5e-0a90ad4804c7 does not exist. Creating ...
2024-10-20 10:47:33,705 [s1-impl-thread1] TRACE util.FileUtils (LogUtils.java:runAndLog(49)) - Successfully ran Files.createDirectories /home/runner/work/ratis/ratis/ratis-test/target/test/data/d69430f5/MiniRaftClusterWithGrpc498f2cf4/s1/12ab233f-8f9b-45eb-8d5e-0a90ad4804c7
2024-10-20 10:47:33,706 [s1-impl-thread1] INFO  storage.RaftStorageDirectory (RaftStorageDirectoryImpl.java:tryLock(229)) - Lock on /home/runner/work/ratis/ratis/ratis-test/target/test/data/d69430f5/MiniRaftClusterWithGrpc498f2cf4/s1/12ab233f-8f9b-45eb-8d5e-0a90ad4804c7/in_use.lock acquired by nodename 10902@fv-az889-899
2024-10-20 10:47:33,707 [s1-impl-thread1] TRACE util.FileUtils (LogUtils.java:runAndLog(49)) - Successfully ran Files.createDirectories /home/runner/work/ratis/ratis/ratis-test/target/test/data/d69430f5/MiniRaftClusterWithGrpc498f2cf4/s1/12ab233f-8f9b-45eb-8d5e-0a90ad4804c7/current
2024-10-20 10:47:33,707 [s1-impl-thread1] TRACE util.FileUtils (LogUtils.java:runAndLog(49)) - Successfully ran Files.createDirectories /home/runner/work/ratis/ratis/ratis-test/target/test/data/d69430f5/MiniRaftClusterWithGrpc498f2cf4/s1/12ab233f-8f9b-45eb-8d5e-0a90ad4804c7/sm
2024-10-20 10:47:33,707 [s1-impl-thread1] TRACE util.FileUtils (LogUtils.java:supplyAndLog(69)) - Successfully supplied FileChannel.open /home/runner/work/ratis/ratis/ratis-test/target/test/data/d69430f5/MiniRaftClusterWithGrpc498f2cf4/s1/12ab233f-8f9b-45eb-8d5e-0a90ad4804c7/current/raft-meta.tmp with options [CREATE, WRITE]: sun.nio.ch.FileChannelImpl@e9c75dc
2024-10-20 10:47:33,709 [s1-impl-thread1] TRACE util.FileUtils (LogUtils.java:runAndLog(49)) - Successfully ran Atomic Files.move /home/runner/work/ratis/ratis/ratis-test/target/test/data/d69430f5/MiniRaftClusterWithGrpc498f2cf4/s1/12ab233f-8f9b-45eb-8d5e-0a90ad4804c7/current/raft-meta.tmp to /home/runner/work/ratis/ratis/ratis-test/target/test/data/d69430f5/MiniRaftClusterWithGrpc498f2cf4/s1/12ab233f-8f9b-45eb-8d5e-0a90ad4804c7/current/raft-meta with options [REPLACE_EXISTING]
2024-10-20 10:47:33,709 [s1-impl-thread1] INFO  storage.RaftStorage (RaftStorageImpl.java:format(98)) - Storage directory /home/runner/work/ratis/ratis/ratis-test/target/test/data/d69430f5/MiniRaftClusterWithGrpc498f2cf4/s1/12ab233f-8f9b-45eb-8d5e-0a90ad4804c7 has been successfully formatted.
2024-10-20 10:47:33,709 [s1-impl-thread1] INFO  server.RaftServerConfigKeys (ConfUtils.java:logGet(46)) - raft.server.log.use.memory = false (default)
2024-10-20 10:47:33,709 [s1-impl-thread1] INFO  server.RaftServerConfigKeys (ConfUtils.java:logGet(46)) - raft.server.log.purge.gap = 1024 (default)
2024-10-20 10:47:33,709 [s1-impl-thread1] INFO  server.RaftServerConfigKeys (ConfUtils.java:logGet(46)) - raft.server.log.appender.buffer.byte-limit = 4MB (=4194304) (default)
2024-10-20 10:47:33,709 [s1-impl-thread1] INFO  server.RaftServerConfigKeys (ConfUtils.java:logGet(46)) - raft.server.log.statemachine.data.read.timeout = 1000ms (default)
2024-10-20 10:47:33,709 [s1-impl-thread1] INFO  server.RaftServerConfigKeys (ConfUtils.java:logGet(46)) - raft.server.log.purge.preservation.log.num = 0 (default)
2024-10-20 10:47:33,710 [s1-impl-thread1] INFO  server.RaftServerConfigKeys (ConfUtils.java:logGet(46)) - raft.server.log.segment.size.max = 32MB (=33554432) (default)
2024-10-20 10:47:33,710 [s1-impl-thread1] INFO  server.RaftServerConfigKeys (ConfUtils.java:logGet(46)) - raft.server.log.segment.cache.num.max = 6 (default)
2024-10-20 10:47:33,710 [s1-impl-thread1] INFO  server.RaftServerConfigKeys (ConfUtils.java:logGet(46)) - raft.server.log.segment.cache.size.max = 200MB (=209715200) (default)
2024-10-20 10:47:33,710 [s1-impl-thread1] INFO  server.RaftServerConfigKeys (ConfUtils.java:logGet(46)) - raft.server.log.appender.buffer.byte-limit = 4MB (=4194304) (default)
2024-10-20 10:47:33,710 [s1-impl-thread1] INFO  util.AwaitToRun (AwaitToRun.java:start(81)) - Thread[s1@group-0A90AD4804C7-cacheEviction-AwaitToRun,5,main] started
2024-10-20 10:47:33,710 [s1-impl-thread1] INFO  segmented.SegmentedRaftLogWorker (SegmentedRaftLogWorker.java:<init>(188)) - new s1@group-0A90AD4804C7-SegmentedRaftLogWorker for RaftStorageImpl:Storage Directory /home/runner/work/ratis/ratis/ratis-test/target/test/data/d69430f5/MiniRaftClusterWithGrpc498f2cf4/s1/12ab233f-8f9b-45eb-8d5e-0a90ad4804c7
2024-10-20 10:47:33,710 [s1-impl-thread1] INFO  server.RaftServerConfigKeys (ConfUtils.java:logGet(46)) - raft.server.log.queue.byte-limit = 64MB (=67108864) (default)
2024-10-20 10:47:33,710 [s1-impl-thread1] INFO  server.RaftServerConfigKeys (ConfUtils.java:logGet(46)) - raft.server.log.queue.element-limit = 4096 (default)
2024-10-20 10:47:33,710 [s1-impl-thread1] INFO  server.RaftServerConfigKeys (ConfUtils.java:logGet(46)) - raft.server.log.segment.size.max = 32MB (=33554432) (default)
2024-10-20 10:47:33,710 [s1-impl-thread1] INFO  server.RaftServerConfigKeys (ConfUtils.java:logGet(46)) - raft.server.log.preallocated.size = 4MB (=4194304) (default)
2024-10-20 10:47:33,711 [s1-impl-thread1] INFO  server.RaftServerConfigKeys (ConfUtils.java:logGet(46)) - raft.server.log.force.sync.num = 128 (default)
2024-10-20 10:47:33,711 [s1-impl-thread1] INFO  server.RaftServerConfigKeys (ConfUtils.java:logGet(46)) - raft.server.log.statemachine.data.sync = true (default)
2024-10-20 10:47:33,711 [s1-impl-thread1] INFO  server.RaftServerConfigKeys (ConfUtils.java:logGet(46)) - raft.server.log.statemachine.data.sync.timeout = 10s (default)
2024-10-20 10:47:33,711 [s1-impl-thread1] INFO  server.RaftServerConfigKeys (ConfUtils.java:logGet(46)) - raft.server.log.statemachine.data.sync.timeout.retry = -1 (default)
2024-10-20 10:47:33,711 [s1-impl-thread1] INFO  server.RaftServerConfigKeys (ConfUtils.java:logGet(46)) - raft.server.log.write.buffer.size = 8MB (=8388608) (default)
2024-10-20 10:47:33,712 [s1-impl-thread1] INFO  server.RaftServerConfigKeys (ConfUtils.java:logGet(46)) - raft.server.log.appender.buffer.byte-limit = 4MB (=4194304) (default)
2024-10-20 10:47:33,712 [s1-impl-thread1] INFO  server.RaftServerConfigKeys (ConfUtils.java:logGet(46)) - raft.server.log.unsafe-flush.enabled = false (default)
2024-10-20 10:47:33,712 [s1-impl-thread1] INFO  server.RaftServerConfigKeys (ConfUtils.java:logGet(46)) - raft.server.log.async-flush.enabled = false (default)
2024-10-20 10:47:33,712 [s1-impl-thread1] INFO  server.RaftServerConfigKeys (ConfUtils.java:logGet(46)) - raft.server.log.statemachine.data.caching.enabled = false (default)
2024-10-20 10:47:33,713 [s1-impl-thread1] INFO  segmented.SegmentedRaftLogWorker (SegmentedRaftLogWorker.java:lambda$new$0(139)) - s1@group-0A90AD4804C7-SegmentedRaftLogWorker: flushIndex: setUnconditionally 0 -> -1
2024-10-20 10:47:33,713 [s1-impl-thread1] INFO  segmented.SegmentedRaftLogWorker (SegmentedRaftLogWorker.java:lambda$new$0(139)) - s1@group-0A90AD4804C7-SegmentedRaftLogWorker: safeCacheEvictIndex: setUnconditionally 0 -> -1
2024-10-20 10:47:33,713 [s1-impl-thread1] INFO  server.RaftServer$Division (RaftServerImpl.java:start(393)) - s1@group-0A90AD4804C7: start as a follower, conf=conf: {index: -1, cur=peers:[s3|localhost:15332, s4|localhost:15336, s0|localhost:15320, s1|localhost:15324, s2|localhost:15328]|listeners:[], old=null}
2024-10-20 10:47:33,713 [s1-impl-thread1] INFO  server.RaftServer$Division (RaftServerImpl.java:setRole(380)) - s1@group-0A90AD4804C7: changes role from      null to FOLLOWER at term 0 for startAsFollower
2024-10-20 10:47:33,713 [s1-impl-thread1] INFO  impl.RoleInfo (RoleInfo.java:updateAndGet(148)) - s1: start s1@group-0A90AD4804C7-FollowerState
2024-10-20 10:47:33,713 [s1-impl-thread1] INFO  util.JmxRegister (JmxRegister.java:tryRegister(44)) - Successfully registered JMX Bean with object name Ratis:service=RaftServer,group=group-0A90AD4804C7,id=s1
2024-10-20 10:47:33,713 [s1-impl-thread1] INFO  util.JmxRegister (JmxRegister.java:register(58)) - register mxBean class org.apache.ratis.server.impl.RaftServerJmxAdapter as Ratis:service=RaftServer,group=group-0A90AD4804C7,id=s1
2024-10-20 10:47:33,713 [s1-impl-thread1] INFO  server.RaftServerConfigKeys (ConfUtils.java:logGet(46)) - raft.server.snapshot.trigger-when-stop.enabled = true (default)
2024-10-20 10:47:33,713 [s1-impl-thread1] INFO  server.RaftServerConfigKeys (ConfUtils.java:logGet(46)) - raft.server.snapshot.trigger-when-remove.enabled = true (default)
2024-10-20 10:47:33,714 [s1-impl-thread1] INFO  server.RaftServerConfigKeys (ConfUtils.java:logGet(46)) - raft.server.snapshot.auto.trigger.enabled = false (default)
2024-10-20 10:47:33,714 [s1-impl-thread1] INFO  server.RaftServerConfigKeys (ConfUtils.java:logGet(46)) - raft.server.snapshot.retention.file.num = -1 (default)
2024-10-20 10:47:33,714 [s1-impl-thread1] INFO  server.RaftServerConfigKeys (ConfUtils.java:logGet(46)) - raft.server.log.purge.upto.snapshot.index = false (default)
2024-10-20 10:47:33,714 [s1@group-0A90AD4804C7-FollowerState] INFO  server.RaftServerConfigKeys (ConfUtils.java:logFallback(53)) - raft.server.rpc.first-election.timeout.min = 150ms (fallback to raft.server.rpc.timeout.min)
2024-10-20 10:47:33,714 [s1@group-0A90AD4804C7-FollowerState] INFO  server.RaftServerConfigKeys (ConfUtils.java:logFallback(53)) - raft.server.rpc.first-election.timeout.max = 300ms (fallback to raft.server.rpc.timeout.max)
2024-10-20 10:47:33,714 [s1-impl-thread1] INFO  server.RaftServer$Division (RaftServerImpl.java:start(407)) - s1@group-0A90AD4804C7: Successfully started.
2024-10-20 10:47:33,714 [main] INFO  server.RaftServer (RaftServerProxy.java:startImpl(408)) - s1: start RPC server
2024-10-20 10:47:33,715 [main] INFO  server.GrpcServicesImpl (GrpcServicesImpl.java:startImpl(353)) - s1: GrpcServicesImpl started, listening on 15326
2024-10-20 10:47:33,715 [main] INFO  server.GrpcServicesImpl (GrpcServicesImpl.java:startImpl(353)) - s1: GrpcServicesImpl started, listening on 15324
2024-10-20 10:47:33,716 [main] INFO  server.GrpcServicesImpl (GrpcServicesImpl.java:startImpl(353)) - s1: GrpcServicesImpl started, listening on 15325
2024-10-20 10:47:33,717 [JvmPauseMonitor83] INFO  util.JvmPauseMonitor (JvmPauseMonitor.java:run(146)) - JvmPauseMonitor-s1: Started
2024-10-20 10:47:33,717 [s2-impl-thread1] INFO  server.RaftServerConfigKeys (ConfUtils.java:logGet(46)) - raft.server.storage.free-space.min = 0MB (=0) (default)
2024-10-20 10:47:33,717 [s2-impl-thread1] INFO  server.RaftServerConfigKeys (ConfUtils.java:logGet(46)) - raft.server.log.corruption.policy = EXCEPTION (default)
2024-10-20 10:47:33,717 [s2-impl-thread1] INFO  server.RaftServerConfigKeys (ConfUtils.java:logGet(46)) - raft.server.storage.dir = [/home/runner/work/ratis/ratis/ratis-test/target/test/data/d69430f5/MiniRaftClusterWithGrpc498f2cf4/s2] (custom)
2024-10-20 10:47:33,717 [s2-impl-thread1] INFO  storage.RaftStorageDirectory (RaftStorageDirectoryImpl.java:analyzeStorage(138)) - The storage directory /home/runner/work/ratis/ratis/ratis-test/target/test/data/d69430f5/MiniRaftClusterWithGrpc498f2cf4/s2/12ab233f-8f9b-45eb-8d5e-0a90ad4804c7 does not exist. Creating ...
2024-10-20 10:47:33,717 [s2-impl-thread1] TRACE util.FileUtils (LogUtils.java:runAndLog(49)) - Successfully ran Files.createDirectories /home/runner/work/ratis/ratis/ratis-test/target/test/data/d69430f5/MiniRaftClusterWithGrpc498f2cf4/s2/12ab233f-8f9b-45eb-8d5e-0a90ad4804c7
2024-10-20 10:47:33,719 [s2-impl-thread1] INFO  storage.RaftStorageDirectory (RaftStorageDirectoryImpl.java:tryLock(229)) - Lock on /home/runner/work/ratis/ratis/ratis-test/target/test/data/d69430f5/MiniRaftClusterWithGrpc498f2cf4/s2/12ab233f-8f9b-45eb-8d5e-0a90ad4804c7/in_use.lock acquired by nodename 10902@fv-az889-899
2024-10-20 10:47:33,719 [s2-impl-thread1] TRACE util.FileUtils (LogUtils.java:runAndLog(49)) - Successfully ran Files.createDirectories /home/runner/work/ratis/ratis/ratis-test/target/test/data/d69430f5/MiniRaftClusterWithGrpc498f2cf4/s2/12ab233f-8f9b-45eb-8d5e-0a90ad4804c7/current
2024-10-20 10:47:33,719 [s2-impl-thread1] TRACE util.FileUtils (LogUtils.java:runAndLog(49)) - Successfully ran Files.createDirectories /home/runner/work/ratis/ratis/ratis-test/target/test/data/d69430f5/MiniRaftClusterWithGrpc498f2cf4/s2/12ab233f-8f9b-45eb-8d5e-0a90ad4804c7/sm
2024-10-20 10:47:33,719 [s2-impl-thread1] TRACE util.FileUtils (LogUtils.java:supplyAndLog(69)) - Successfully supplied FileChannel.open /home/runner/work/ratis/ratis/ratis-test/target/test/data/d69430f5/MiniRaftClusterWithGrpc498f2cf4/s2/12ab233f-8f9b-45eb-8d5e-0a90ad4804c7/current/raft-meta.tmp with options [CREATE, WRITE]: sun.nio.ch.FileChannelImpl@4358468e
2024-10-20 10:47:33,721 [s2-impl-thread1] TRACE util.FileUtils (LogUtils.java:runAndLog(49)) - Successfully ran Atomic Files.move /home/runner/work/ratis/ratis/ratis-test/target/test/data/d69430f5/MiniRaftClusterWithGrpc498f2cf4/s2/12ab233f-8f9b-45eb-8d5e-0a90ad4804c7/current/raft-meta.tmp to /home/runner/work/ratis/ratis/ratis-test/target/test/data/d69430f5/MiniRaftClusterWithGrpc498f2cf4/s2/12ab233f-8f9b-45eb-8d5e-0a90ad4804c7/current/raft-meta with options [REPLACE_EXISTING]
2024-10-20 10:47:33,721 [s2-impl-thread1] INFO  storage.RaftStorage (RaftStorageImpl.java:format(98)) - Storage directory /home/runner/work/ratis/ratis/ratis-test/target/test/data/d69430f5/MiniRaftClusterWithGrpc498f2cf4/s2/12ab233f-8f9b-45eb-8d5e-0a90ad4804c7 has been successfully formatted.
2024-10-20 10:47:33,721 [s2-impl-thread1] INFO  server.RaftServerConfigKeys (ConfUtils.java:logGet(46)) - raft.server.log.use.memory = false (default)
2024-10-20 10:47:33,721 [s2-impl-thread1] INFO  server.RaftServerConfigKeys (ConfUtils.java:logGet(46)) - raft.server.log.purge.gap = 1024 (default)
2024-10-20 10:47:33,721 [s2-impl-thread1] INFO  server.RaftServerConfigKeys (ConfUtils.java:logGet(46)) - raft.server.log.appender.buffer.byte-limit = 4MB (=4194304) (default)
2024-10-20 10:47:33,721 [s2-impl-thread1] INFO  server.RaftServerConfigKeys (ConfUtils.java:logGet(46)) - raft.server.log.statemachine.data.read.timeout = 1000ms (default)
2024-10-20 10:47:33,721 [s2-impl-thread1] INFO  server.RaftServerConfigKeys (ConfUtils.java:logGet(46)) - raft.server.log.purge.preservation.log.num = 0 (default)
2024-10-20 10:47:33,721 [s2-impl-thread1] INFO  server.RaftServerConfigKeys (ConfUtils.java:logGet(46)) - raft.server.log.segment.size.max = 32MB (=33554432) (default)
2024-10-20 10:47:33,721 [s2-impl-thread1] INFO  server.RaftServerConfigKeys (ConfUtils.java:logGet(46)) - raft.server.log.segment.cache.num.max = 6 (default)
2024-10-20 10:47:33,721 [s2-impl-thread1] INFO  server.RaftServerConfigKeys (ConfUtils.java:logGet(46)) - raft.server.log.segment.cache.size.max = 200MB (=209715200) (default)
2024-10-20 10:47:33,721 [s2-impl-thread1] INFO  server.RaftServerConfigKeys (ConfUtils.java:logGet(46)) - raft.server.log.appender.buffer.byte-limit = 4MB (=4194304) (default)
2024-10-20 10:47:33,723 [s2-impl-thread1] INFO  util.AwaitToRun (AwaitToRun.java:start(81)) - Thread[s2@group-0A90AD4804C7-cacheEviction-AwaitToRun,5,main] started
2024-10-20 10:47:33,723 [s2-impl-thread1] INFO  segmented.SegmentedRaftLogWorker (SegmentedRaftLogWorker.java:<init>(188)) - new s2@group-0A90AD4804C7-SegmentedRaftLogWorker for RaftStorageImpl:Storage Directory /home/runner/work/ratis/ratis/ratis-test/target/test/data/d69430f5/MiniRaftClusterWithGrpc498f2cf4/s2/12ab233f-8f9b-45eb-8d5e-0a90ad4804c7
2024-10-20 10:47:33,723 [s2-impl-thread1] INFO  server.RaftServerConfigKeys (ConfUtils.java:logGet(46)) - raft.server.log.queue.byte-limit = 64MB (=67108864) (default)
2024-10-20 10:47:33,723 [s2-impl-thread1] INFO  server.RaftServerConfigKeys (ConfUtils.java:logGet(46)) - raft.server.log.queue.element-limit = 4096 (default)
2024-10-20 10:47:33,723 [s2-impl-thread1] INFO  server.RaftServerConfigKeys (ConfUtils.java:logGet(46)) - raft.server.log.segment.size.max = 32MB (=33554432) (default)
2024-10-20 10:47:33,723 [s2-impl-thread1] INFO  server.RaftServerConfigKeys (ConfUtils.java:logGet(46)) - raft.server.log.preallocated.size = 4MB (=4194304) (default)
2024-10-20 10:47:33,723 [s2-impl-thread1] INFO  server.RaftServerConfigKeys (ConfUtils.java:logGet(46)) - raft.server.log.force.sync.num = 128 (default)
2024-10-20 10:47:33,723 [s2-impl-thread1] INFO  server.RaftServerConfigKeys (ConfUtils.java:logGet(46)) - raft.server.log.statemachine.data.sync = true (default)
2024-10-20 10:47:33,723 [s2-impl-thread1] INFO  server.RaftServerConfigKeys (ConfUtils.java:logGet(46)) - raft.server.log.statemachine.data.sync.timeout = 10s (default)
2024-10-20 10:47:33,723 [s2-impl-thread1] INFO  server.RaftServerConfigKeys (ConfUtils.java:logGet(46)) - raft.server.log.statemachine.data.sync.timeout.retry = -1 (default)
2024-10-20 10:47:33,723 [s2-impl-thread1] INFO  server.RaftServerConfigKeys (ConfUtils.java:logGet(46)) - raft.server.log.write.buffer.size = 8MB (=8388608) (default)
2024-10-20 10:47:33,723 [s2-impl-thread1] INFO  server.RaftServerConfigKeys (ConfUtils.java:logGet(46)) - raft.server.log.appender.buffer.byte-limit = 4MB (=4194304) (default)
2024-10-20 10:47:33,723 [s2-impl-thread1] INFO  server.RaftServerConfigKeys (ConfUtils.java:logGet(46)) - raft.server.log.unsafe-flush.enabled = false (default)
2024-10-20 10:47:33,723 [s2-impl-thread1] INFO  server.RaftServerConfigKeys (ConfUtils.java:logGet(46)) - raft.server.log.async-flush.enabled = false (default)
2024-10-20 10:47:33,723 [s2-impl-thread1] INFO  server.RaftServerConfigKeys (ConfUtils.java:logGet(46)) - raft.server.log.statemachine.data.caching.enabled = false (default)
2024-10-20 10:47:33,724 [s2-impl-thread1] INFO  segmented.SegmentedRaftLogWorker (SegmentedRaftLogWorker.java:lambda$new$0(139)) - s2@group-0A90AD4804C7-SegmentedRaftLogWorker: flushIndex: setUnconditionally 0 -> -1
2024-10-20 10:47:33,724 [s2-impl-thread1] INFO  segmented.SegmentedRaftLogWorker (SegmentedRaftLogWorker.java:lambda$new$0(139)) - s2@group-0A90AD4804C7-SegmentedRaftLogWorker: safeCacheEvictIndex: setUnconditionally 0 -> -1
2024-10-20 10:47:33,727 [s2-impl-thread1] INFO  server.RaftServer$Division (RaftServerImpl.java:start(393)) - s2@group-0A90AD4804C7: start as a follower, conf=conf: {index: -1, cur=peers:[s3|localhost:15332, s4|localhost:15336, s0|localhost:15320, s1|localhost:15324, s2|localhost:15328]|listeners:[], old=null}
2024-10-20 10:47:33,727 [s2-impl-thread1] INFO  server.RaftServer$Division (RaftServerImpl.java:setRole(380)) - s2@group-0A90AD4804C7: changes role from      null to FOLLOWER at term 0 for startAsFollower
2024-10-20 10:47:33,727 [s2-impl-thread1] INFO  impl.RoleInfo (RoleInfo.java:updateAndGet(148)) - s2: start s2@group-0A90AD4804C7-FollowerState
2024-10-20 10:47:33,727 [s2-impl-thread1] INFO  util.JmxRegister (JmxRegister.java:tryRegister(44)) - Successfully registered JMX Bean with object name Ratis:service=RaftServer,group=group-0A90AD4804C7,id=s2
2024-10-20 10:47:33,727 [s2-impl-thread1] INFO  util.JmxRegister (JmxRegister.java:register(58)) - register mxBean class org.apache.ratis.server.impl.RaftServerJmxAdapter as Ratis:service=RaftServer,group=group-0A90AD4804C7,id=s2
2024-10-20 10:47:33,727 [s2-impl-thread1] INFO  server.RaftServerConfigKeys (ConfUtils.java:logGet(46)) - raft.server.snapshot.trigger-when-stop.enabled = true (default)
2024-10-20 10:47:33,727 [s2-impl-thread1] INFO  server.RaftServerConfigKeys (ConfUtils.java:logGet(46)) - raft.server.snapshot.trigger-when-remove.enabled = true (default)
2024-10-20 10:47:33,727 [s2-impl-thread1] INFO  server.RaftServerConfigKeys (ConfUtils.java:logGet(46)) - raft.server.snapshot.auto.trigger.enabled = false (default)
2024-10-20 10:47:33,728 [s2-impl-thread1] INFO  server.RaftServerConfigKeys (ConfUtils.java:logGet(46)) - raft.server.snapshot.retention.file.num = -1 (default)
2024-10-20 10:47:33,728 [s2-impl-thread1] INFO  server.RaftServerConfigKeys (ConfUtils.java:logGet(46)) - raft.server.log.purge.upto.snapshot.index = false (default)
2024-10-20 10:47:33,728 [s2@group-0A90AD4804C7-FollowerState] INFO  server.RaftServerConfigKeys (ConfUtils.java:logFallback(53)) - raft.server.rpc.first-election.timeout.min = 150ms (fallback to raft.server.rpc.timeout.min)
2024-10-20 10:47:33,728 [s2@group-0A90AD4804C7-FollowerState] INFO  server.RaftServerConfigKeys (ConfUtils.java:logFallback(53)) - raft.server.rpc.first-election.timeout.max = 300ms (fallback to raft.server.rpc.timeout.max)
2024-10-20 10:47:33,728 [s2-impl-thread1] INFO  server.RaftServer$Division (RaftServerImpl.java:start(407)) - s2@group-0A90AD4804C7: Successfully started.
2024-10-20 10:47:33,728 [main] INFO  server.RaftServer (RaftServerProxy.java:startImpl(408)) - s2: start RPC server
2024-10-20 10:47:33,729 [main] INFO  server.GrpcServicesImpl (GrpcServicesImpl.java:startImpl(353)) - s2: GrpcServicesImpl started, listening on 15330
2024-10-20 10:47:33,729 [main] INFO  server.GrpcServicesImpl (GrpcServicesImpl.java:startImpl(353)) - s2: GrpcServicesImpl started, listening on 15328
2024-10-20 10:47:33,729 [main] INFO  server.GrpcServicesImpl (GrpcServicesImpl.java:startImpl(353)) - s2: GrpcServicesImpl started, listening on 15329
2024-10-20 10:47:33,730 [JvmPauseMonitor84] INFO  util.JvmPauseMonitor (JvmPauseMonitor.java:run(146)) - JvmPauseMonitor-s2: Started
2024-10-20 10:47:33,730 [main] INFO  server.RaftServerConfigKeys (ConfUtils.java:logGet(46)) - raft.server.rpc.timeout.max = 300ms (default)
2024-10-20 10:47:33,730 [main] INFO  ratis.RaftTestUtil (RaftTestUtil.java:waitForLeader(107)) - printing ALL groups
  s3:  RUNNING  FOLLOWER s3@group-0A90AD4804C7:t0, leader=null, voted=, raftlog=Memoized:s3@group-0A90AD4804C7-SegmentedRaftLog:OPENED:c-1:lastnull, conf=conf: {index: -1, cur=peers:[s3|localhost:15332, s4|localhost:15336, s0|localhost:15320, s1|localhost:15324, s2|localhost:15328]|listeners:[], old=null} RUNNING
  s4:  RUNNING  FOLLOWER s4@group-0A90AD4804C7:t0, leader=null, voted=, raftlog=Memoized:s4@group-0A90AD4804C7-SegmentedRaftLog:OPENED:c-1:lastnull, conf=conf: {index: -1, cur=peers:[s3|localhost:15332, s4|localhost:15336, s0|localhost:15320, s1|localhost:15324, s2|localhost:15328]|listeners:[], old=null} RUNNING
  s0:  RUNNING  FOLLOWER s0@group-0A90AD4804C7:t0, leader=null, voted=, raftlog=Memoized:s0@group-0A90AD4804C7-SegmentedRaftLog:OPENED:c-1:lastnull, conf=conf: {index: -1, cur=peers:[s3|localhost:15332, s4|localhost:15336, s0|localhost:15320, s1|localhost:15324, s2|localhost:15328]|listeners:[], old=null} RUNNING
  s1:  RUNNING  FOLLOWER s1@group-0A90AD4804C7:t0, leader=null, voted=, raftlog=Memoized:s1@group-0A90AD4804C7-SegmentedRaftLog:OPENED:c-1:lastnull, conf=conf: {index: -1, cur=peers:[s3|localhost:15332, s4|localhost:15336, s0|localhost:15320, s1|localhost:15324, s2|localhost:15328]|listeners:[], old=null} RUNNING
  s2:  RUNNING  FOLLOWER s2@group-0A90AD4804C7:t0, leader=null, voted=, raftlog=Memoized:s2@group-0A90AD4804C7-SegmentedRaftLog:OPENED:c-1:lastnull, conf=conf: {index: -1, cur=peers:[s3|localhost:15332, s4|localhost:15336, s0|localhost:15320, s1|localhost:15324, s2|localhost:15328]|listeners:[], old=null} RUNNING
2024-10-20 10:47:33,731 [main] WARN  ratis.RaftTestUtil (RaftTestUtil.java:lambda$waitForLeader$3(126)) - Attempt #1 failed: java.lang.IllegalStateException: No leader yet : printing ALL groups
  s3:  RUNNING  FOLLOWER s3@group-0A90AD4804C7:t0, leader=null, voted=, raftlog=Memoized:s3@group-0A90AD4804C7-SegmentedRaftLog:OPENED:c-1:lastnull, conf=conf: {index: -1, cur=peers:[s3|localhost:15332, s4|localhost:15336, s0|localhost:15320, s1|localhost:15324, s2|localhost:15328]|listeners:[], old=null} RUNNING
  s4:  RUNNING  FOLLOWER s4@group-0A90AD4804C7:t0, leader=null, voted=, raftlog=Memoized:s4@group-0A90AD4804C7-SegmentedRaftLog:OPENED:c-1:lastnull, conf=conf: {index: -1, cur=peers:[s3|localhost:15332, s4|localhost:15336, s0|localhost:15320, s1|localhost:15324, s2|localhost:15328]|listeners:[], old=null} RUNNING
  s0:  RUNNING  FOLLOWER s0@group-0A90AD4804C7:t0, leader=null, voted=, raftlog=Memoized:s0@group-0A90AD4804C7-SegmentedRaftLog:OPENED:c-1:lastnull, conf=conf: {index: -1, cur=peers:[s3|localhost:15332, s4|localhost:15336, s0|localhost:15320, s1|localhost:15324, s2|localhost:15328]|listeners:[], old=null} RUNNING
  s1:  RUNNING  FOLLOWER s1@group-0A90AD4804C7:t0, leader=null, voted=, raftlog=Memoized:s1@group-0A90AD4804C7-SegmentedRaftLog:OPENED:c-1:lastnull, conf=conf: {index: -1, cur=peers:[s3|localhost:15332, s4|localhost:15336, s0|localhost:15320, s1|localhost:15324, s2|localhost:15328]|listeners:[], old=null} RUNNING
  s2:  RUNNING  FOLLOWER s2@group-0A90AD4804C7:t0, leader=null, voted=, raftlog=Memoized:s2@group-0A90AD4804C7-SegmentedRaftLog:OPENED:c-1:lastnull, conf=conf: {index: -1, cur=peers:[s3|localhost:15332, s4|localhost:15336, s0|localhost:15320, s1|localhost:15324, s2|localhost:15328]|listeners:[], old=null} RUNNING
2024-10-20 10:47:33,906 [s3@group-0A90AD4804C7-FollowerState] INFO  impl.FollowerState (FollowerState.java:runImpl(161)) - s3@group-0A90AD4804C7-FollowerState: change to CANDIDATE, lastRpcElapsedTime:238954893ns, electionTimeout:229ms
2024-10-20 10:47:33,906 [s3@group-0A90AD4804C7-FollowerState] INFO  impl.RoleInfo (RoleInfo.java:shutdownFollowerState(121)) - s3: shutdown s3@group-0A90AD4804C7-FollowerState
2024-10-20 10:47:33,906 [s3@group-0A90AD4804C7-FollowerState] INFO  server.RaftServer$Division (RaftServerImpl.java:setRole(380)) - s3@group-0A90AD4804C7: changes role from  FOLLOWER to CANDIDATE at term 0 for changeToCandidate
2024-10-20 10:47:33,906 [s3@group-0A90AD4804C7-FollowerState] INFO  server.RaftServerConfigKeys (ConfUtils.java:logGet(46)) - raft.server.leaderelection.pre-vote = true (default)
2024-10-20 10:47:33,906 [s3@group-0A90AD4804C7-FollowerState] INFO  impl.RoleInfo (RoleInfo.java:updateAndGet(148)) - s3: start s3@group-0A90AD4804C7-LeaderElection89
2024-10-20 10:47:33,907 [s3@group-0A90AD4804C7-LeaderElection89] INFO  impl.LeaderElection (LeaderElection.java:askForVotes(333)) - s3@group-0A90AD4804C7-LeaderElection89 PRE_VOTE round 0: submit vote requests at term 0 for conf: {index: -1, cur=peers:[s3|localhost:15332, s4|localhost:15336, s0|localhost:15320, s1|localhost:15324, s2|localhost:15328]|listeners:[], old=null}
2024-10-20 10:47:33,907 [s3@group-0A90AD4804C7-LeaderElection89-1] INFO  server.GrpcServerProtocolClient (GrpcServerProtocolClient.java:<init>(65)) - Build channel for s4|localhost:15336
2024-10-20 10:47:33,907 [s3@group-0A90AD4804C7-LeaderElection89-2] INFO  server.GrpcServerProtocolClient (GrpcServerProtocolClient.java:<init>(65)) - Build channel for s0|localhost:15320
2024-10-20 10:47:33,908 [s3@group-0A90AD4804C7-LeaderElection89-3] INFO  server.GrpcServerProtocolClient (GrpcServerProtocolClient.java:<init>(65)) - Build channel for s1|localhost:15324
2024-10-20 10:47:33,908 [s3@group-0A90AD4804C7-LeaderElection89] INFO  server.RaftServerConfigKeys (ConfUtils.java:logFallback(53)) - raft.server.rpc.first-election.timeout.min = 150ms (fallback to raft.server.rpc.timeout.min)
2024-10-20 10:47:33,908 [s3@group-0A90AD4804C7-LeaderElection89] INFO  server.RaftServerConfigKeys (ConfUtils.java:logFallback(53)) - raft.server.rpc.first-election.timeout.max = 300ms (fallback to raft.server.rpc.timeout.max)
2024-10-20 10:47:33,908 [s3@group-0A90AD4804C7-LeaderElection89-4] INFO  server.GrpcServerProtocolClient (GrpcServerProtocolClient.java:<init>(65)) - Build channel for s2|localhost:15328
2024-10-20 10:47:33,927 [grpc-default-executor-0] INFO  server.RaftServer$Division (RaftServerImpl.java:requestVote(1447)) - s2@group-0A90AD4804C7: receive requestVote(PRE_VOTE, s3, group-0A90AD4804C7, 0, (t:0, i:0))
2024-10-20 10:47:33,927 [grpc-default-executor-0] INFO  impl.VoteContext (VoteContext.java:log(49)) - s2@group-0A90AD4804C7-FOLLOWER: accept PRE_VOTE from s3: our priority 0 <= candidate's priority 0
2024-10-20 10:47:33,928 [grpc-default-executor-0] INFO  server.RaftServer$Division (RaftServerImpl.java:requestVote(1480)) - s2@group-0A90AD4804C7 replies to PRE_VOTE vote request: s3<-s2#0:OK-t0. Peer's state: s2@group-0A90AD4804C7:t0, leader=null, voted=, raftlog=Memoized:s2@group-0A90AD4804C7-SegmentedRaftLog:OPENED:c-1:lastnull, conf=conf: {index: -1, cur=peers:[s3|localhost:15332, s4|localhost:15336, s0|localhost:15320, s1|localhost:15324, s2|localhost:15328]|listeners:[], old=null}
2024-10-20 10:47:33,929 [grpc-default-executor-3] INFO  server.RaftServer$Division (RaftServerImpl.java:requestVote(1447)) - s4@group-0A90AD4804C7: receive requestVote(PRE_VOTE, s3, group-0A90AD4804C7, 0, (t:0, i:0))
2024-10-20 10:47:33,929 [grpc-default-executor-3] INFO  impl.VoteContext (VoteContext.java:log(49)) - s4@group-0A90AD4804C7-FOLLOWER: accept PRE_VOTE from s3: our priority 0 <= candidate's priority 0
2024-10-20 10:47:33,929 [grpc-default-executor-3] INFO  server.RaftServer$Division (RaftServerImpl.java:requestVote(1480)) - s4@group-0A90AD4804C7 replies to PRE_VOTE vote request: s3<-s4#0:OK-t0. Peer's state: s4@group-0A90AD4804C7:t0, leader=null, voted=, raftlog=Memoized:s4@group-0A90AD4804C7-SegmentedRaftLog:OPENED:c-1:lastnull, conf=conf: {index: -1, cur=peers:[s3|localhost:15332, s4|localhost:15336, s0|localhost:15320, s1|localhost:15324, s2|localhost:15328]|listeners:[], old=null}
2024-10-20 10:47:33,929 [grpc-default-executor-2] INFO  server.RaftServer$Division (RaftServerImpl.java:requestVote(1447)) - s1@group-0A90AD4804C7: receive requestVote(PRE_VOTE, s3, group-0A90AD4804C7, 0, (t:0, i:0))
2024-10-20 10:47:33,930 [grpc-default-executor-2] INFO  impl.VoteContext (VoteContext.java:log(49)) - s1@group-0A90AD4804C7-FOLLOWER: accept PRE_VOTE from s3: our priority 0 <= candidate's priority 0
2024-10-20 10:47:33,930 [grpc-default-executor-2] INFO  server.RaftServer$Division (RaftServerImpl.java:requestVote(1480)) - s1@group-0A90AD4804C7 replies to PRE_VOTE vote request: s3<-s1#0:OK-t0. Peer's state: s1@group-0A90AD4804C7:t0, leader=null, voted=, raftlog=Memoized:s1@group-0A90AD4804C7-SegmentedRaftLog:OPENED:c-1:lastnull, conf=conf: {index: -1, cur=peers:[s3|localhost:15332, s4|localhost:15336, s0|localhost:15320, s1|localhost:15324, s2|localhost:15328]|listeners:[], old=null}
2024-10-20 10:47:33,930 [s3@group-0A90AD4804C7-LeaderElection89] INFO  impl.LeaderElection (LeaderElection.java:logAndReturn(90)) - s3@group-0A90AD4804C7-LeaderElection89: PRE_VOTE PASSED received 2 response(s) and 0 exception(s):
2024-10-20 10:47:33,930 [s3@group-0A90AD4804C7-LeaderElection89] INFO  impl.LeaderElection (LeaderElection.java:logAndReturn(94)) -   Response 0: s3<-s4#0:OK-t0
2024-10-20 10:47:33,930 [s3@group-0A90AD4804C7-LeaderElection89] INFO  impl.LeaderElection (LeaderElection.java:logAndReturn(94)) -   Response 1: s3<-s2#0:OK-t0
2024-10-20 10:47:33,930 [s3@group-0A90AD4804C7-LeaderElection89] INFO  impl.LeaderElection (LeaderElection.java:askForVotes(335)) - s3@group-0A90AD4804C7-LeaderElection89 PRE_VOTE round 0: result PASSED
2024-10-20 10:47:33,931 [s3@group-0A90AD4804C7-LeaderElection89] TRACE util.FileUtils (LogUtils.java:supplyAndLog(69)) - Successfully supplied FileChannel.open /home/runner/work/ratis/ratis/ratis-test/target/test/data/d69430f5/MiniRaftClusterWithGrpc498f2cf4/s3/12ab233f-8f9b-45eb-8d5e-0a90ad4804c7/current/raft-meta.tmp with options [CREATE, WRITE]: sun.nio.ch.FileChannelImpl@3c83db0c
2024-10-20 10:47:33,932 [s3@group-0A90AD4804C7-LeaderElection89] TRACE util.FileUtils (LogUtils.java:runAndLog(49)) - Successfully ran Atomic Files.move /home/runner/work/ratis/ratis/ratis-test/target/test/data/d69430f5/MiniRaftClusterWithGrpc498f2cf4/s3/12ab233f-8f9b-45eb-8d5e-0a90ad4804c7/current/raft-meta.tmp to /home/runner/work/ratis/ratis/ratis-test/target/test/data/d69430f5/MiniRaftClusterWithGrpc498f2cf4/s3/12ab233f-8f9b-45eb-8d5e-0a90ad4804c7/current/raft-meta with options [REPLACE_EXISTING]
2024-10-20 10:47:33,932 [s3@group-0A90AD4804C7-LeaderElection89] INFO  impl.LeaderElection (LeaderElection.java:askForVotes(333)) - s3@group-0A90AD4804C7-LeaderElection89 ELECTION round 0: submit vote requests at term 1 for conf: {index: -1, cur=peers:[s3|localhost:15332, s4|localhost:15336, s0|localhost:15320, s1|localhost:15324, s2|localhost:15328]|listeners:[], old=null}
2024-10-20 10:47:33,934 [grpc-default-executor-1] INFO  server.RaftServer$Division (RaftServerImpl.java:requestVote(1447)) - s4@group-0A90AD4804C7: receive requestVote(ELECTION, s3, group-0A90AD4804C7, 1, (t:0, i:0))
2024-10-20 10:47:33,934 [grpc-default-executor-1] INFO  impl.VoteContext (VoteContext.java:log(49)) - s4@group-0A90AD4804C7-FOLLOWER: accept ELECTION from s3: our priority 0 <= candidate's priority 0
2024-10-20 10:47:33,934 [grpc-default-executor-1] INFO  server.RaftServer$Division (RaftServerImpl.java:setRole(380)) - s4@group-0A90AD4804C7: changes role from  FOLLOWER to FOLLOWER at term 0 for candidate:s3
2024-10-20 10:47:33,934 [grpc-default-executor-1] INFO  impl.RoleInfo (RoleInfo.java:shutdownFollowerState(121)) - s4: shutdown s4@group-0A90AD4804C7-FollowerState
2024-10-20 10:47:33,934 [grpc-default-executor-1] INFO  impl.RoleInfo (RoleInfo.java:updateAndGet(148)) - s4: start s4@group-0A90AD4804C7-FollowerState
2024-10-20 10:47:33,934 [s4@group-0A90AD4804C7-FollowerState] INFO  impl.FollowerState (FollowerState.java:runImpl(170)) - s4@group-0A90AD4804C7-FollowerState was interrupted
2024-10-20 10:47:33,934 [grpc-default-executor-1] INFO  server.RaftServer$Division (RaftServerImpl.java:setFirstElection(564)) - s4@group-0A90AD4804C7: set firstElectionSinceStartup to false for candidate:s3
2024-10-20 10:47:33,935 [grpc-default-executor-1] TRACE util.FileUtils (LogUtils.java:supplyAndLog(69)) - Successfully supplied FileChannel.open /home/runner/work/ratis/ratis/ratis-test/target/test/data/d69430f5/MiniRaftClusterWithGrpc498f2cf4/s4/12ab233f-8f9b-45eb-8d5e-0a90ad4804c7/current/raft-meta.tmp with options [CREATE, WRITE]: sun.nio.ch.FileChannelImpl@263052b7
2024-10-20 10:47:33,935 [grpc-default-executor-3] INFO  server.RaftServer$Division (RaftServerImpl.java:requestVote(1447)) - s0@group-0A90AD4804C7: receive requestVote(PRE_VOTE, s3, group-0A90AD4804C7, 0, (t:0, i:0))
2024-10-20 10:47:33,935 [grpc-default-executor-3] INFO  impl.VoteContext (VoteContext.java:log(49)) - s0@group-0A90AD4804C7-FOLLOWER: accept PRE_VOTE from s3: our priority 0 <= candidate's priority 0
2024-10-20 10:47:33,935 [grpc-default-executor-3] INFO  server.RaftServer$Division (RaftServerImpl.java:requestVote(1480)) - s0@group-0A90AD4804C7 replies to PRE_VOTE vote request: s3<-s0#0:OK-t0. Peer's state: s0@group-0A90AD4804C7:t0, leader=null, voted=, raftlog=Memoized:s0@group-0A90AD4804C7-SegmentedRaftLog:OPENED:c-1:lastnull, conf=conf: {index: -1, cur=peers:[s3|localhost:15332, s4|localhost:15336, s0|localhost:15320, s1|localhost:15324, s2|localhost:15328]|listeners:[], old=null}
2024-10-20 10:47:33,938 [grpc-default-executor-1] TRACE util.FileUtils (LogUtils.java:runAndLog(49)) - Successfully ran Atomic Files.move /home/runner/work/ratis/ratis/ratis-test/target/test/data/d69430f5/MiniRaftClusterWithGrpc498f2cf4/s4/12ab233f-8f9b-45eb-8d5e-0a90ad4804c7/current/raft-meta.tmp to /home/runner/work/ratis/ratis/ratis-test/target/test/data/d69430f5/MiniRaftClusterWithGrpc498f2cf4/s4/12ab233f-8f9b-45eb-8d5e-0a90ad4804c7/current/raft-meta with options [REPLACE_EXISTING]
2024-10-20 10:47:33,938 [s3@group-0A90AD4804C7-LeaderElection89] INFO  server.RaftServerConfigKeys (ConfUtils.java:logFallback(53)) - raft.server.rpc.first-election.timeout.min = 150ms (fallback to raft.server.rpc.timeout.min)
2024-10-20 10:47:33,938 [s3@group-0A90AD4804C7-LeaderElection89] INFO  server.RaftServerConfigKeys (ConfUtils.java:logFallback(53)) - raft.server.rpc.first-election.timeout.max = 300ms (fallback to raft.server.rpc.timeout.max)
2024-10-20 10:47:33,938 [grpc-default-executor-1] INFO  server.RaftServer$Division (RaftServerImpl.java:requestVote(1480)) - s4@group-0A90AD4804C7 replies to ELECTION vote request: s3<-s4#0:OK-t1. Peer's state: s4@group-0A90AD4804C7:t1, leader=null, voted=s3, raftlog=Memoized:s4@group-0A90AD4804C7-SegmentedRaftLog:OPENED:c-1:lastnull, conf=conf: {index: -1, cur=peers:[s3|localhost:15332, s4|localhost:15336, s0|localhost:15320, s1|localhost:15324, s2|localhost:15328]|listeners:[], old=null}
2024-10-20 10:47:33,939 [grpc-default-executor-3] INFO  server.RaftServer$Division (RaftServerImpl.java:requestVote(1447)) - s0@group-0A90AD4804C7: receive requestVote(ELECTION, s3, group-0A90AD4804C7, 1, (t:0, i:0))
2024-10-20 10:47:33,939 [grpc-default-executor-3] INFO  impl.VoteContext (VoteContext.java:log(49)) - s0@group-0A90AD4804C7-FOLLOWER: accept ELECTION from s3: our priority 0 <= candidate's priority 0
2024-10-20 10:47:33,939 [grpc-default-executor-3] INFO  server.RaftServer$Division (RaftServerImpl.java:setRole(380)) - s0@group-0A90AD4804C7: changes role from  FOLLOWER to FOLLOWER at term 0 for candidate:s3
2024-10-20 10:47:33,939 [grpc-default-executor-3] INFO  impl.RoleInfo (RoleInfo.java:shutdownFollowerState(121)) - s0: shutdown s0@group-0A90AD4804C7-FollowerState
2024-10-20 10:47:33,939 [grpc-default-executor-3] INFO  impl.RoleInfo (RoleInfo.java:updateAndGet(148)) - s0: start s0@group-0A90AD4804C7-FollowerState
2024-10-20 10:47:33,939 [grpc-default-executor-3] INFO  server.RaftServer$Division (RaftServerImpl.java:setFirstElection(564)) - s0@group-0A90AD4804C7: set firstElectionSinceStartup to false for candidate:s3
2024-10-20 10:47:33,940 [s0@group-0A90AD4804C7-FollowerState] INFO  impl.FollowerState (FollowerState.java:runImpl(170)) - s0@group-0A90AD4804C7-FollowerState was interrupted
2024-10-20 10:47:33,940 [grpc-default-executor-3] TRACE util.FileUtils (LogUtils.java:supplyAndLog(69)) - Successfully supplied FileChannel.open /home/runner/work/ratis/ratis/ratis-test/target/test/data/d69430f5/MiniRaftClusterWithGrpc498f2cf4/s0/12ab233f-8f9b-45eb-8d5e-0a90ad4804c7/current/raft-meta.tmp with options [CREATE, WRITE]: sun.nio.ch.FileChannelImpl@6a4c1242
2024-10-20 10:47:33,940 [grpc-default-executor-2] INFO  server.RaftServer$Division (RaftServerImpl.java:requestVote(1447)) - s1@group-0A90AD4804C7: receive requestVote(ELECTION, s3, group-0A90AD4804C7, 1, (t:0, i:0))
2024-10-20 10:47:33,940 [grpc-default-executor-2] INFO  impl.VoteContext (VoteContext.java:log(49)) - s1@group-0A90AD4804C7-FOLLOWER: accept ELECTION from s3: our priority 0 <= candidate's priority 0
2024-10-20 10:47:33,940 [grpc-default-executor-2] INFO  server.RaftServer$Division (RaftServerImpl.java:setRole(380)) - s1@group-0A90AD4804C7: changes role from  FOLLOWER to FOLLOWER at term 0 for candidate:s3
2024-10-20 10:47:33,940 [grpc-default-executor-2] INFO  impl.RoleInfo (RoleInfo.java:shutdownFollowerState(121)) - s1: shutdown s1@group-0A90AD4804C7-FollowerState
2024-10-20 10:47:33,940 [grpc-default-executor-2] INFO  impl.RoleInfo (RoleInfo.java:updateAndGet(148)) - s1: start s1@group-0A90AD4804C7-FollowerState
2024-10-20 10:47:33,940 [s1@group-0A90AD4804C7-FollowerState] INFO  impl.FollowerState (FollowerState.java:runImpl(170)) - s1@group-0A90AD4804C7-FollowerState was interrupted
2024-10-20 10:47:33,940 [grpc-default-executor-2] INFO  server.RaftServer$Division (RaftServerImpl.java:setFirstElection(564)) - s1@group-0A90AD4804C7: set firstElectionSinceStartup to false for candidate:s3
2024-10-20 10:47:33,941 [grpc-default-executor-2] TRACE util.FileUtils (LogUtils.java:supplyAndLog(69)) - Successfully supplied FileChannel.open /home/runner/work/ratis/ratis/ratis-test/target/test/data/d69430f5/MiniRaftClusterWithGrpc498f2cf4/s1/12ab233f-8f9b-45eb-8d5e-0a90ad4804c7/current/raft-meta.tmp with options [CREATE, WRITE]: sun.nio.ch.FileChannelImpl@68bff773
2024-10-20 10:47:33,941 [grpc-default-executor-1] INFO  server.RaftServer$Division (RaftServerImpl.java:requestVote(1447)) - s2@group-0A90AD4804C7: receive requestVote(ELECTION, s3, group-0A90AD4804C7, 1, (t:0, i:0))
2024-10-20 10:47:33,941 [grpc-default-executor-1] INFO  impl.VoteContext (VoteContext.java:log(49)) - s2@group-0A90AD4804C7-FOLLOWER: accept ELECTION from s3: our priority 0 <= candidate's priority 0
2024-10-20 10:47:33,941 [grpc-default-executor-1] INFO  server.RaftServer$Division (RaftServerImpl.java:setRole(380)) - s2@group-0A90AD4804C7: changes role from  FOLLOWER to FOLLOWER at term 0 for candidate:s3
2024-10-20 10:47:33,941 [grpc-default-executor-1] INFO  impl.RoleInfo (RoleInfo.java:shutdownFollowerState(121)) - s2: shutdown s2@group-0A90AD4804C7-FollowerState
2024-10-20 10:47:33,942 [grpc-default-executor-1] INFO  impl.RoleInfo (RoleInfo.java:updateAndGet(148)) - s2: start s2@group-0A90AD4804C7-FollowerState
2024-10-20 10:47:33,942 [grpc-default-executor-3] TRACE util.FileUtils (LogUtils.java:runAndLog(49)) - Successfully ran Atomic Files.move /home/runner/work/ratis/ratis/ratis-test/target/test/data/d69430f5/MiniRaftClusterWithGrpc498f2cf4/s0/12ab233f-8f9b-45eb-8d5e-0a90ad4804c7/current/raft-meta.tmp to /home/runner/work/ratis/ratis/ratis-test/target/test/data/d69430f5/MiniRaftClusterWithGrpc498f2cf4/s0/12ab233f-8f9b-45eb-8d5e-0a90ad4804c7/current/raft-meta with options [REPLACE_EXISTING]
2024-10-20 10:47:33,942 [s2@group-0A90AD4804C7-FollowerState] INFO  impl.FollowerState (FollowerState.java:runImpl(170)) - s2@group-0A90AD4804C7-FollowerState was interrupted
2024-10-20 10:47:33,942 [grpc-default-executor-3] INFO  server.RaftServer$Division (RaftServerImpl.java:requestVote(1480)) - s0@group-0A90AD4804C7 replies to ELECTION vote request: s3<-s0#0:OK-t1. Peer's state: s0@group-0A90AD4804C7:t1, leader=null, voted=s3, raftlog=Memoized:s0@group-0A90AD4804C7-SegmentedRaftLog:OPENED:c-1:lastnull, conf=conf: {index: -1, cur=peers:[s3|localhost:15332, s4|localhost:15336, s0|localhost:15320, s1|localhost:15324, s2|localhost:15328]|listeners:[], old=null}
2024-10-20 10:47:33,942 [grpc-default-executor-1] INFO  server.RaftServer$Division (RaftServerImpl.java:setFirstElection(564)) - s2@group-0A90AD4804C7: set firstElectionSinceStartup to false for candidate:s3
2024-10-20 10:47:33,942 [grpc-default-executor-1] TRACE util.FileUtils (LogUtils.java:supplyAndLog(69)) - Successfully supplied FileChannel.open /home/runner/work/ratis/ratis/ratis-test/target/test/data/d69430f5/MiniRaftClusterWithGrpc498f2cf4/s2/12ab233f-8f9b-45eb-8d5e-0a90ad4804c7/current/raft-meta.tmp with options [CREATE, WRITE]: sun.nio.ch.FileChannelImpl@6332d815
2024-10-20 10:47:33,943 [s3@group-0A90AD4804C7-LeaderElection89] INFO  impl.LeaderElection (LeaderElection.java:logAndReturn(90)) - s3@group-0A90AD4804C7-LeaderElection89: ELECTION PASSED received 2 response(s) and 0 exception(s):
2024-10-20 10:47:33,943 [s3@group-0A90AD4804C7-LeaderElection89] INFO  impl.LeaderElection (LeaderElection.java:logAndReturn(94)) -   Response 0: s3<-s4#0:OK-t1
2024-10-20 10:47:33,943 [grpc-default-executor-2] TRACE util.FileUtils (LogUtils.java:runAndLog(49)) - Successfully ran Atomic Files.move /home/runner/work/ratis/ratis/ratis-test/target/test/data/d69430f5/MiniRaftClusterWithGrpc498f2cf4/s1/12ab233f-8f9b-45eb-8d5e-0a90ad4804c7/current/raft-meta.tmp to /home/runner/work/ratis/ratis/ratis-test/target/test/data/d69430f5/MiniRaftClusterWithGrpc498f2cf4/s1/12ab233f-8f9b-45eb-8d5e-0a90ad4804c7/current/raft-meta with options [REPLACE_EXISTING]
2024-10-20 10:47:33,943 [s3@group-0A90AD4804C7-LeaderElection89] INFO  impl.LeaderElection (LeaderElection.java:logAndReturn(94)) -   Response 1: s3<-s0#0:OK-t1
2024-10-20 10:47:33,943 [s3@group-0A90AD4804C7-LeaderElection89] INFO  impl.LeaderElection (LeaderElection.java:askForVotes(335)) - s3@group-0A90AD4804C7-LeaderElection89 ELECTION round 0: result PASSED
2024-10-20 10:47:33,943 [s3@group-0A90AD4804C7-LeaderElection89] INFO  impl.RoleInfo (RoleInfo.java:shutdownLeaderElection(141)) - s3: shutdown s3@group-0A90AD4804C7-LeaderElection89
2024-10-20 10:47:33,943 [s3@group-0A90AD4804C7-LeaderElection89] INFO  server.RaftServer$Division (RaftServerImpl.java:setRole(380)) - s3@group-0A90AD4804C7: changes role from CANDIDATE to LEADER at term 1 for changeToLeader
2024-10-20 10:47:33,943 [s3@group-0A90AD4804C7-LeaderElection89] INFO  server.RaftServerConfigKeys (ConfUtils.java:logGet(46)) - raft.server.staging.catchup.gap = 1000 (default)
2024-10-20 10:47:33,943 [s3@group-0A90AD4804C7-LeaderElection89] INFO  server.RaftServerConfigKeys (ConfUtils.java:logGet(46)) - raft.server.write.element-limit = 4096 (default)
2024-10-20 10:47:33,943 [s3@group-0A90AD4804C7-LeaderElection89] INFO  server.RaftServerConfigKeys (ConfUtils.java:logGet(46)) - raft.server.write.byte-limit = 64MB (=67108864) (default)
2024-10-20 10:47:33,944 [s3@group-0A90AD4804C7-LeaderElection89] INFO  server.RaftServerConfigKeys (ConfUtils.java:logGet(46)) - raft.server.watch.timeout = 10s (default)
2024-10-20 10:47:33,944 [s3@group-0A90AD4804C7-LeaderElection89] INFO  server.RaftServerConfigKeys (ConfUtils.java:logGet(46)) - raft.server.watch.timeout.denomination = 1s (default)
2024-10-20 10:47:33,944 [s3@group-0A90AD4804C7-LeaderElection89] INFO  server.RaftServerConfigKeys (ConfUtils.java:logGet(46)) - raft.server.watch.element-limit = 65536 (default)
2024-10-20 10:47:33,944 [s3@group-0A90AD4804C7-LeaderElection89] INFO  server.RaftServerConfigKeys (ConfUtils.java:logGet(46)) - raft.server.read.leader.lease.enabled = true (custom)
2024-10-20 10:47:33,944 [s3@group-0A90AD4804C7-LeaderElection89] INFO  server.RaftServerConfigKeys (ConfUtils.java:logGet(46)) - raft.server.read.leader.lease.timeout.ratio = 0.5 (custom)
2024-10-20 10:47:33,944 [s3@group-0A90AD4804C7-LeaderElection89] INFO  server.RaftServerConfigKeys (ConfUtils.java:logGet(46)) - raft.server.rpc.timeout.min = 150ms (default)
2024-10-20 10:47:33,944 [s3@group-0A90AD4804C7-LeaderElection89] INFO  server.RaftServerConfigKeys (ConfUtils.java:logGet(46)) - raft.server.log.log-metadata.enabled = true (default)
2024-10-20 10:47:33,944 [s3@group-0A90AD4804C7-LeaderElection89] INFO  server.RaftServerConfigKeys (ConfUtils.java:logGet(46)) - raft.server.write.element-limit = 4096 (default)
2024-10-20 10:47:33,944 [s3@group-0A90AD4804C7-LeaderElection89] INFO  server.RaftServerConfigKeys (ConfUtils.java:logGet(46)) - raft.server.write.follower.gap.ratio.max = -1.0 (default)
2024-10-20 10:47:33,945 [s3@group-0A90AD4804C7-LeaderElection89] INFO  server.RaftServerConfigKeys (ConfUtils.java:logGet(46)) - raft.server.log.appender.snapshot.chunk.size.max = 16MB (=16777216) (default)
2024-10-20 10:47:33,945 [s3@group-0A90AD4804C7-LeaderElection89] INFO  server.RaftServerConfigKeys (ConfUtils.java:logGet(46)) - raft.server.log.appender.buffer.byte-limit = 4MB (=4194304) (default)
2024-10-20 10:47:33,945 [s3@group-0A90AD4804C7-LeaderElection89] INFO  server.RaftServerConfigKeys (ConfUtils.java:logGet(46)) - raft.server.log.appender.buffer.element-limit = 0 (default)
2024-10-20 10:47:33,945 [s3@group-0A90AD4804C7-LeaderElection89] INFO  server.RaftServerConfigKeys (ConfUtils.java:logGet(46)) - raft.server.log.appender.wait-time.min = 1ms (default)
2024-10-20 10:47:33,945 [s3@group-0A90AD4804C7-LeaderElection89] INFO  grpc.GrpcConfigKeys (ConfUtils.java:logGet(46)) - raft.grpc.server.leader.outstanding.appends.max = 8 (default)
2024-10-20 10:47:33,945 [s3@group-0A90AD4804C7-LeaderElection89] INFO  server.RaftServerConfigKeys (ConfUtils.java:logGet(46)) - raft.server.rpc.request.timeout = 3000ms (default)
2024-10-20 10:47:33,945 [s3@group-0A90AD4804C7-LeaderElection89] INFO  grpc.GrpcConfigKeys (ConfUtils.java:logGet(46)) - raft.grpc.server.install_snapshot.request.element-limit = 8 (default)
2024-10-20 10:47:33,945 [s3@group-0A90AD4804C7-LeaderElection89] INFO  grpc.GrpcConfigKeys (ConfUtils.java:logGet(46)) - raft.grpc.server.install_snapshot.request.timeout = 3000ms (default)
2024-10-20 10:47:33,945 [s3@group-0A90AD4804C7-LeaderElection89] INFO  grpc.GrpcConfigKeys (ConfUtils.java:logGet(46)) - raft.grpc.server.log-message.batch.duration = 5s (default)
2024-10-20 10:47:33,945 [s3@group-0A90AD4804C7-LeaderElection89] INFO  server.RaftServerConfigKeys (ConfUtils.java:logGet(46)) - raft.server.log.appender.install.snapshot.enabled = true (default)
2024-10-20 10:47:33,945 [s3@group-0A90AD4804C7-LeaderElection89] INFO  grpc.GrpcConfigKeys (ConfUtils.java:logGet(46)) - raft.grpc.server.heartbeat.channel = true (default)
2024-10-20 10:47:33,946 [s3@group-0A90AD4804C7-LeaderElection89] INFO  server.RaftServerConfigKeys (ConfUtils.java:logGet(46)) - raft.server.log.appender.snapshot.chunk.size.max = 16MB (=16777216) (default)
2024-10-20 10:47:33,946 [s3@group-0A90AD4804C7-LeaderElection89] INFO  server.RaftServerConfigKeys (ConfUtils.java:logGet(46)) - raft.server.log.appender.buffer.byte-limit = 4MB (=4194304) (default)
2024-10-20 10:47:33,946 [s3@group-0A90AD4804C7-LeaderElection89] INFO  server.RaftServerConfigKeys (ConfUtils.java:logGet(46)) - raft.server.log.appender.buffer.element-limit = 0 (default)
2024-10-20 10:47:33,946 [s3@group-0A90AD4804C7-LeaderElection89] INFO  server.RaftServerConfigKeys (ConfUtils.java:logGet(46)) - raft.server.log.appender.wait-time.min = 1ms (default)
2024-10-20 10:47:33,946 [s3@group-0A90AD4804C7-LeaderElection89] INFO  grpc.GrpcConfigKeys (ConfUtils.java:logGet(46)) - raft.grpc.server.leader.outstanding.appends.max = 8 (default)
2024-10-20 10:47:33,946 [s3@group-0A90AD4804C7-LeaderElection89] INFO  server.RaftServerConfigKeys (ConfUtils.java:logGet(46)) - raft.server.rpc.request.timeout = 3000ms (default)
2024-10-20 10:47:33,946 [s3@group-0A90AD4804C7-LeaderElection89] INFO  grpc.GrpcConfigKeys (ConfUtils.java:logGet(46)) - raft.grpc.server.install_snapshot.request.element-limit = 8 (default)
2024-10-20 10:47:33,946 [s3@group-0A90AD4804C7-LeaderElection89] INFO  grpc.GrpcConfigKeys (ConfUtils.java:logGet(46)) - raft.grpc.server.install_snapshot.request.timeout = 3000ms (default)
2024-10-20 10:47:33,946 [s3@group-0A90AD4804C7-LeaderElection89] INFO  grpc.GrpcConfigKeys (ConfUtils.java:logGet(46)) - raft.grpc.server.log-message.batch.duration = 5s (default)
2024-10-20 10:47:33,946 [s3@group-0A90AD4804C7-LeaderElection89] INFO  server.RaftServerConfigKeys (ConfUtils.java:logGet(46)) - raft.server.log.appender.install.snapshot.enabled = true (default)
2024-10-20 10:47:33,946 [s3@group-0A90AD4804C7-LeaderElection89] INFO  grpc.GrpcConfigKeys (ConfUtils.java:logGet(46)) - raft.grpc.server.heartbeat.channel = true (default)
2024-10-20 10:47:33,947 [s3@group-0A90AD4804C7-LeaderElection89] INFO  server.RaftServerConfigKeys (ConfUtils.java:logGet(46)) - raft.server.log.appender.snapshot.chunk.size.max = 16MB (=16777216) (default)
2024-10-20 10:47:33,947 [s3@group-0A90AD4804C7-LeaderElection89] INFO  server.RaftServerConfigKeys (ConfUtils.java:logGet(46)) - raft.server.log.appender.buffer.byte-limit = 4MB (=4194304) (default)
2024-10-20 10:47:33,947 [s3@group-0A90AD4804C7-LeaderElection89] INFO  server.RaftServerConfigKeys (ConfUtils.java:logGet(46)) - raft.server.log.appender.buffer.element-limit = 0 (default)
2024-10-20 10:47:33,947 [s3@group-0A90AD4804C7-LeaderElection89] INFO  server.RaftServerConfigKeys (ConfUtils.java:logGet(46)) - raft.server.log.appender.wait-time.min = 1ms (default)
2024-10-20 10:47:33,947 [s3@group-0A90AD4804C7-LeaderElection89] INFO  grpc.GrpcConfigKeys (ConfUtils.java:logGet(46)) - raft.grpc.server.leader.outstanding.appends.max = 8 (default)
2024-10-20 10:47:33,948 [s3@group-0A90AD4804C7-LeaderElection89] INFO  server.RaftServerConfigKeys (ConfUtils.java:logGet(46)) - raft.server.rpc.request.timeout = 3000ms (default)
2024-10-20 10:47:33,948 [s3@group-0A90AD4804C7-LeaderElection89] INFO  grpc.GrpcConfigKeys (ConfUtils.java:logGet(46)) - raft.grpc.server.install_snapshot.request.element-limit = 8 (default)
2024-10-20 10:47:33,948 [s3@group-0A90AD4804C7-LeaderElection89] INFO  grpc.GrpcConfigKeys (ConfUtils.java:logGet(46)) - raft.grpc.server.install_snapshot.request.timeout = 3000ms (default)
2024-10-20 10:47:33,948 [s3@group-0A90AD4804C7-LeaderElection89] INFO  grpc.GrpcConfigKeys (ConfUtils.java:logGet(46)) - raft.grpc.server.log-message.batch.duration = 5s (default)
2024-10-20 10:47:33,948 [s3@group-0A90AD4804C7-LeaderElection89] INFO  server.RaftServerConfigKeys (ConfUtils.java:logGet(46)) - raft.server.log.appender.install.snapshot.enabled = true (default)
2024-10-20 10:47:33,948 [s3@group-0A90AD4804C7-LeaderElection89] INFO  grpc.GrpcConfigKeys (ConfUtils.java:logGet(46)) - raft.grpc.server.heartbeat.channel = true (default)
2024-10-20 10:47:33,949 [s3@group-0A90AD4804C7-LeaderElection89] INFO  server.RaftServerConfigKeys (ConfUtils.java:logGet(46)) - raft.server.log.appender.snapshot.chunk.size.max = 16MB (=16777216) (default)
2024-10-20 10:47:33,949 [s3@group-0A90AD4804C7-LeaderElection89] INFO  server.RaftServerConfigKeys (ConfUtils.java:logGet(46)) - raft.server.log.appender.buffer.byte-limit = 4MB (=4194304) (default)
2024-10-20 10:47:33,949 [s3@group-0A90AD4804C7-LeaderElection89] INFO  server.RaftServerConfigKeys (ConfUtils.java:logGet(46)) - raft.server.log.appender.buffer.element-limit = 0 (default)
2024-10-20 10:47:33,949 [s3@group-0A90AD4804C7-LeaderElection89] INFO  server.RaftServerConfigKeys (ConfUtils.java:logGet(46)) - raft.server.log.appender.wait-time.min = 1ms (default)
2024-10-20 10:47:33,949 [s3@group-0A90AD4804C7-LeaderElection89] INFO  grpc.GrpcConfigKeys (ConfUtils.java:logGet(46)) - raft.grpc.server.leader.outstanding.appends.max = 8 (default)
2024-10-20 10:47:33,949 [s3@group-0A90AD4804C7-LeaderElection89] INFO  server.RaftServerConfigKeys (ConfUtils.java:logGet(46)) - raft.server.rpc.request.timeout = 3000ms (default)
2024-10-20 10:47:33,949 [s3@group-0A90AD4804C7-LeaderElection89] INFO  grpc.GrpcConfigKeys (ConfUtils.java:logGet(46)) - raft.grpc.server.install_snapshot.request.element-limit = 8 (default)
2024-10-20 10:47:33,949 [s3@group-0A90AD4804C7-LeaderElection89] INFO  grpc.GrpcConfigKeys (ConfUtils.java:logGet(46)) - raft.grpc.server.install_snapshot.request.timeout = 3000ms (default)
2024-10-20 10:47:33,950 [s3@group-0A90AD4804C7-LeaderElection89] INFO  grpc.GrpcConfigKeys (ConfUtils.java:logGet(46)) - raft.grpc.server.log-message.batch.duration = 5s (default)
2024-10-20 10:47:33,950 [s3@group-0A90AD4804C7-LeaderElection89] INFO  server.RaftServerConfigKeys (ConfUtils.java:logGet(46)) - raft.server.log.appender.install.snapshot.enabled = true (default)
2024-10-20 10:47:33,950 [s3@group-0A90AD4804C7-LeaderElection89] INFO  grpc.GrpcConfigKeys (ConfUtils.java:logGet(46)) - raft.grpc.server.heartbeat.channel = true (default)
2024-10-20 10:47:33,950 [s3@group-0A90AD4804C7-LeaderElection89] INFO  impl.RoleInfo (RoleInfo.java:updateAndGet(148)) - s3: start s3@group-0A90AD4804C7-LeaderStateImpl
2024-10-20 10:47:33,950 [s3@group-0A90AD4804C7-LeaderElection89] INFO  server.RaftServer$Division (RaftServerImpl.java:setFirstElection(564)) - s3@group-0A90AD4804C7: set firstElectionSinceStartup to false for becomeLeader
2024-10-20 10:47:33,950 [s3@group-0A90AD4804C7-LeaderElection89] INFO  server.RaftServer$Division (ServerState.java:setLeader(272)) - s3@group-0A90AD4804C7: change Leader from null to s3 at term 1 for becomeLeader, leader elected after 329ms
2024-10-20 10:47:33,951 [grpc-default-executor-1] TRACE util.FileUtils (LogUtils.java:runAndLog(49)) - Successfully ran Atomic Files.move /home/runner/work/ratis/ratis/ratis-test/target/test/data/d69430f5/MiniRaftClusterWithGrpc498f2cf4/s2/12ab233f-8f9b-45eb-8d5e-0a90ad4804c7/current/raft-meta.tmp to /home/runner/work/ratis/ratis/ratis-test/target/test/data/d69430f5/MiniRaftClusterWithGrpc498f2cf4/s2/12ab233f-8f9b-45eb-8d5e-0a90ad4804c7/current/raft-meta with options [REPLACE_EXISTING]
2024-10-20 10:47:33,947 [grpc-default-executor-2] INFO  server.RaftServer$Division (RaftServerImpl.java:requestVote(1480)) - s1@group-0A90AD4804C7 replies to ELECTION vote request: s3<-s1#0:OK-t1. Peer's state: s1@group-0A90AD4804C7:t1, leader=null, voted=s3, raftlog=Memoized:s1@group-0A90AD4804C7-SegmentedRaftLog:OPENED:c-1:lastnull, conf=conf: {index: -1, cur=peers:[s3|localhost:15332, s4|localhost:15336, s0|localhost:15320, s1|localhost:15324, s2|localhost:15328]|listeners:[], old=null}
2024-10-20 10:47:33,951 [s3@group-0A90AD4804C7-LeaderElection89] INFO  segmented.SegmentedRaftLogWorker (SegmentedRaftLogWorker.java:startLogSegment(442)) - s3@group-0A90AD4804C7-SegmentedRaftLogWorker: Starting segment from index:0
2024-10-20 10:47:33,952 [s3@group-0A90AD4804C7-LeaderElection89] INFO  server.RaftServer$Division (ServerState.java:setRaftConf(386)) - s3@group-0A90AD4804C7: set configuration conf: {index: 0, cur=peers:[s3|localhost:15332, s4|localhost:15336, s0|localhost:15320, s1|localhost:15324, s2|localhost:15328]|listeners:[], old=null}
2024-10-20 10:47:33,951 [grpc-default-executor-1] INFO  server.RaftServer$Division (RaftServerImpl.java:requestVote(1480)) - s2@group-0A90AD4804C7 replies to ELECTION vote request: s3<-s2#0:OK-t1. Peer's state: s2@group-0A90AD4804C7:t1, leader=null, voted=s3, raftlog=Memoized:s2@group-0A90AD4804C7-SegmentedRaftLog:OPENED:c-1:lastnull, conf=conf: {index: -1, cur=peers:[s3|localhost:15332, s4|localhost:15336, s0|localhost:15320, s1|localhost:15324, s2|localhost:15328]|listeners:[], old=null}
2024-10-20 10:47:33,952 [s3@group-0A90AD4804C7-SegmentedRaftLogWorker] INFO  segmented.BufferedWriteChannel (BufferedWriteChannel.java:open(61)) - open log_inprogress_0 at position 0
2024-10-20 10:47:33,974 [s3@group-0A90AD4804C7-SegmentedRaftLogWorker] INFO  segmented.SegmentedRaftLogWorker (SegmentedRaftLogWorker.java:execute(663)) - s3@group-0A90AD4804C7-SegmentedRaftLogWorker: created new log segment /home/runner/work/ratis/ratis/ratis-test/target/test/data/d69430f5/MiniRaftClusterWithGrpc498f2cf4/s3/12ab233f-8f9b-45eb-8d5e-0a90ad4804c7/current/log_inprogress_0
2024-10-20 10:47:33,976 [s0-server-thread2] INFO  server.RaftServer$Division (ServerState.java:setLeader(272)) - s0@group-0A90AD4804C7: change Leader from null to s3 at term 1 for appendEntries, leader elected after 334ms
2024-10-20 10:47:33,977 [s0-server-thread1] DEBUG server.RaftServer$Division (RaftServerImpl.java:logAppendEntries(1549)) - s0@group-0A90AD4804C7: appendEntries* s3->s0#1-t1,previous=(t:0, i:0),leaderCommit=-1,initializing? false,entries: size=1, first=(t:1, i:0), CONFIGURATIONENTRY(current:id:"s3"address:"localhost:15332"dataStreamAddress:"localhost:15335"clientAddress:"localhost:15334"adminAddress:"localhost:15333"startupRole:FOLLOWER, id:"s4"address:"localhost:15336"dataStreamAddress:"localhost:15339"clientAddress:"localhost:15338"adminAddress:"localhost:15337"startupRole:FOLLOWER, id:"s0"address:"localhost:15320"dataStreamAddress:"localhost:15323"clientAddress:"localhost:15322"adminAddress:"localhost:15321"startupRole:FOLLOWER, id:"s1"address:"localhost:15324"dataStreamAddress:"localhost:15327"clientAddress:"localhost:15326"adminAddress:"localhost:15325"startupRole:FOLLOWER, id:"s2"address:"localhost:15328"dataStreamAddress:"localhost:15331"clientAddress:"localhost:15330"adminAddress:"localhost:15329"startupRole:FOLLOWER, old:)
2024-10-20 10:47:33,977 [s0-server-thread1] INFO  server.RaftServer$Division (ServerState.java:setRaftConf(386)) - s0@group-0A90AD4804C7: set configuration conf: {index: 0, cur=peers:[s3|localhost:15332, s4|localhost:15336, s0|localhost:15320, s1|localhost:15324, s2|localhost:15328]|listeners:[], old=null}
2024-10-20 10:47:33,977 [s0-server-thread1] INFO  segmented.SegmentedRaftLogWorker (SegmentedRaftLogWorker.java:startLogSegment(442)) - s0@group-0A90AD4804C7-SegmentedRaftLogWorker: Starting segment from index:0
2024-10-20 10:47:33,983 [s4-server-thread1] INFO  server.RaftServer$Division (ServerState.java:setLeader(272)) - s4@group-0A90AD4804C7: change Leader from null to s3 at term 1 for appendEntries, leader elected after 353ms
2024-10-20 10:47:33,984 [s2-server-thread1] INFO  server.RaftServer$Division (ServerState.java:setLeader(272)) - s2@group-0A90AD4804C7: change Leader from null to s3 at term 1 for appendEntries, leader elected after 325ms
2024-10-20 10:47:33,985 [s1-server-thread2] DEBUG server.RaftServer$Division (RaftServerImpl.java:logAppendEntries(1549)) - s1@group-0A90AD4804C7: appendEntries* s3->s1#1-t1,previous=(t:0, i:0),leaderCommit=-1,initializing? false,entries: size=1, first=(t:1, i:0), CONFIGURATIONENTRY(current:id:"s3"address:"localhost:15332"dataStreamAddress:"localhost:15335"clientAddress:"localhost:15334"adminAddress:"localhost:15333"startupRole:FOLLOWER, id:"s4"address:"localhost:15336"dataStreamAddress:"localhost:15339"clientAddress:"localhost:15338"adminAddress:"localhost:15337"startupRole:FOLLOWER, id:"s0"address:"localhost:15320"dataStreamAddress:"localhost:15323"clientAddress:"localhost:15322"adminAddress:"localhost:15321"startupRole:FOLLOWER, id:"s1"address:"localhost:15324"dataStreamAddress:"localhost:15327"clientAddress:"localhost:15326"adminAddress:"localhost:15325"startupRole:FOLLOWER, id:"s2"address:"localhost:15328"dataStreamAddress:"localhost:15331"clientAddress:"localhost:15330"adminAddress:"localhost:15329"startupRole:FOLLOWER, old:)
2024-10-20 10:47:33,985 [s1-server-thread2] INFO  server.RaftServer$Division (ServerState.java:setLeader(272)) - s1@group-0A90AD4804C7: change Leader from null to s3 at term 1 for appendEntries, leader elected after 327ms
2024-10-20 10:47:33,985 [s1-server-thread2] INFO  server.RaftServer$Division (ServerState.java:setRaftConf(386)) - s1@group-0A90AD4804C7: set configuration conf: {index: 0, cur=peers:[s3|localhost:15332, s4|localhost:15336, s0|localhost:15320, s1|localhost:15324, s2|localhost:15328]|listeners:[], old=null}
2024-10-20 10:47:33,985 [s1-server-thread2] INFO  segmented.SegmentedRaftLogWorker (SegmentedRaftLogWorker.java:startLogSegment(442)) - s1@group-0A90AD4804C7-SegmentedRaftLogWorker: Starting segment from index:0
2024-10-20 10:47:33,987 [s2-server-thread2] DEBUG server.RaftServer$Division (RaftServerImpl.java:logAppendEntries(1549)) - s2@group-0A90AD4804C7: appendEntries* s3->s2#1-t1,previous=(t:0, i:0),leaderCommit=-1,initializing? false,entries: size=1, first=(t:1, i:0), CONFIGURATIONENTRY(current:id:"s3"address:"localhost:15332"dataStreamAddress:"localhost:15335"clientAddress:"localhost:15334"adminAddress:"localhost:15333"startupRole:FOLLOWER, id:"s4"address:"localhost:15336"dataStreamAddress:"localhost:15339"clientAddress:"localhost:15338"adminAddress:"localhost:15337"startupRole:FOLLOWER, id:"s0"address:"localhost:15320"dataStreamAddress:"localhost:15323"clientAddress:"localhost:15322"adminAddress:"localhost:15321"startupRole:FOLLOWER, id:"s1"address:"localhost:15324"dataStreamAddress:"localhost:15327"clientAddress:"localhost:15326"adminAddress:"localhost:15325"startupRole:FOLLOWER, id:"s2"address:"localhost:15328"dataStreamAddress:"localhost:15331"clientAddress:"localhost:15330"adminAddress:"localhost:15329"startupRole:FOLLOWER, old:)
2024-10-20 10:47:33,987 [s2-server-thread2] INFO  server.RaftServer$Division (ServerState.java:setRaftConf(386)) - s2@group-0A90AD4804C7: set configuration conf: {index: 0, cur=peers:[s3|localhost:15332, s4|localhost:15336, s0|localhost:15320, s1|localhost:15324, s2|localhost:15328]|listeners:[], old=null}
2024-10-20 10:47:33,988 [s2-server-thread2] INFO  segmented.SegmentedRaftLogWorker (SegmentedRaftLogWorker.java:startLogSegment(442)) - s2@group-0A90AD4804C7-SegmentedRaftLogWorker: Starting segment from index:0
2024-10-20 10:47:33,991 [s0@group-0A90AD4804C7-SegmentedRaftLogWorker] INFO  segmented.BufferedWriteChannel (BufferedWriteChannel.java:open(61)) - open log_inprogress_0 at position 0
2024-10-20 10:47:33,998 [s2@group-0A90AD4804C7-SegmentedRaftLogWorker] INFO  segmented.BufferedWriteChannel (BufferedWriteChannel.java:open(61)) - open log_inprogress_0 at position 0
2024-10-20 10:47:34,002 [s0@group-0A90AD4804C7-SegmentedRaftLogWorker] INFO  segmented.SegmentedRaftLogWorker (SegmentedRaftLogWorker.java:execute(663)) - s0@group-0A90AD4804C7-SegmentedRaftLogWorker: created new log segment /home/runner/work/ratis/ratis/ratis-test/target/test/data/d69430f5/MiniRaftClusterWithGrpc498f2cf4/s0/12ab233f-8f9b-45eb-8d5e-0a90ad4804c7/current/log_inprogress_0
2024-10-20 10:47:34,003 [s1@group-0A90AD4804C7-SegmentedRaftLogWorker] INFO  segmented.BufferedWriteChannel (BufferedWriteChannel.java:open(61)) - open log_inprogress_0 at position 0
2024-10-20 10:47:34,006 [s4-server-thread2] DEBUG server.RaftServer$Division (RaftServerImpl.java:logAppendEntries(1549)) - s4@group-0A90AD4804C7: appendEntries* s3->s4#1-t1,previous=(t:0, i:0),leaderCommit=-1,initializing? false,entries: size=1, first=(t:1, i:0), CONFIGURATIONENTRY(current:id:"s3"address:"localhost:15332"dataStreamAddress:"localhost:15335"clientAddress:"localhost:15334"adminAddress:"localhost:15333"startupRole:FOLLOWER, id:"s4"address:"localhost:15336"dataStreamAddress:"localhost:15339"clientAddress:"localhost:15338"adminAddress:"localhost:15337"startupRole:FOLLOWER, id:"s0"address:"localhost:15320"dataStreamAddress:"localhost:15323"clientAddress:"localhost:15322"adminAddress:"localhost:15321"startupRole:FOLLOWER, id:"s1"address:"localhost:15324"dataStreamAddress:"localhost:15327"clientAddress:"localhost:15326"adminAddress:"localhost:15325"startupRole:FOLLOWER, id:"s2"address:"localhost:15328"dataStreamAddress:"localhost:15331"clientAddress:"localhost:15330"adminAddress:"localhost:15329"startupRole:FOLLOWER, old:)
2024-10-20 10:47:34,006 [s4-server-thread2] INFO  server.RaftServer$Division (ServerState.java:setRaftConf(386)) - s4@group-0A90AD4804C7: set configuration conf: {index: 0, cur=peers:[s3|localhost:15332, s4|localhost:15336, s0|localhost:15320, s1|localhost:15324, s2|localhost:15328]|listeners:[], old=null}
2024-10-20 10:47:34,006 [s4-server-thread2] INFO  segmented.SegmentedRaftLogWorker (SegmentedRaftLogWorker.java:startLogSegment(442)) - s4@group-0A90AD4804C7-SegmentedRaftLogWorker: Starting segment from index:0
2024-10-20 10:47:34,007 [s4@group-0A90AD4804C7-SegmentedRaftLogWorker] INFO  segmented.BufferedWriteChannel (BufferedWriteChannel.java:open(61)) - open log_inprogress_0 at position 0
2024-10-20 10:47:34,007 [s0-server-thread3] DEBUG server.RaftServer$Division (RaftServerImpl.java:logAppendEntries(1549)) - s0@group-0A90AD4804C7: appendEntries* reply s3<-s0#1:OK-t1,SUCCESS,nextIndex=1,followerCommit=-1,matchIndex=0
2024-10-20 10:47:34,011 [s2@group-0A90AD4804C7-SegmentedRaftLogWorker] INFO  segmented.SegmentedRaftLogWorker (SegmentedRaftLogWorker.java:execute(663)) - s2@group-0A90AD4804C7-SegmentedRaftLogWorker: created new log segment /home/runner/work/ratis/ratis/ratis-test/target/test/data/d69430f5/MiniRaftClusterWithGrpc498f2cf4/s2/12ab233f-8f9b-45eb-8d5e-0a90ad4804c7/current/log_inprogress_0
2024-10-20 10:47:34,011 [s2-server-thread2] DEBUG server.RaftServer$Division (RaftServerImpl.java:logAppendEntries(1549)) - s2@group-0A90AD4804C7: appendEntries* reply s3<-s2#1:OK-t1,SUCCESS,nextIndex=1,followerCommit=-1,matchIndex=0
2024-10-20 10:47:34,018 [s3@group-0A90AD4804C7-StateMachineUpdater] TRACE util.FileUtils (LogUtils.java:supplyAndLog(69)) - Successfully supplied FileChannel.open /home/runner/work/ratis/ratis/ratis-test/target/test/data/d69430f5/MiniRaftClusterWithGrpc498f2cf4/s3/12ab233f-8f9b-45eb-8d5e-0a90ad4804c7/current/raft-meta.conf.tmp with options [CREATE, WRITE]: sun.nio.ch.FileChannelImpl@300ebe5c
2024-10-20 10:47:34,020 [s4@group-0A90AD4804C7-SegmentedRaftLogWorker] INFO  segmented.SegmentedRaftLogWorker (SegmentedRaftLogWorker.java:execute(663)) - s4@group-0A90AD4804C7-SegmentedRaftLogWorker: created new log segment /home/runner/work/ratis/ratis/ratis-test/target/test/data/d69430f5/MiniRaftClusterWithGrpc498f2cf4/s4/12ab233f-8f9b-45eb-8d5e-0a90ad4804c7/current/log_inprogress_0
2024-10-20 10:47:34,022 [s1@group-0A90AD4804C7-SegmentedRaftLogWorker] INFO  segmented.SegmentedRaftLogWorker (SegmentedRaftLogWorker.java:execute(663)) - s1@group-0A90AD4804C7-SegmentedRaftLogWorker: created new log segment /home/runner/work/ratis/ratis/ratis-test/target/test/data/d69430f5/MiniRaftClusterWithGrpc498f2cf4/s1/12ab233f-8f9b-45eb-8d5e-0a90ad4804c7/current/log_inprogress_0
2024-10-20 10:47:34,022 [s4-server-thread2] DEBUG server.RaftServer$Division (RaftServerImpl.java:logAppendEntries(1549)) - s4@group-0A90AD4804C7: appendEntries* reply s3<-s4#1:OK-t1,SUCCESS,nextIndex=1,followerCommit=-1,matchIndex=0
2024-10-20 10:47:34,022 [s3@group-0A90AD4804C7-StateMachineUpdater] TRACE util.FileUtils (LogUtils.java:runAndLog(49)) - Successfully ran Atomic Files.move /home/runner/work/ratis/ratis/ratis-test/target/test/data/d69430f5/MiniRaftClusterWithGrpc498f2cf4/s3/12ab233f-8f9b-45eb-8d5e-0a90ad4804c7/current/raft-meta.conf.tmp to /home/runner/work/ratis/ratis/ratis-test/target/test/data/d69430f5/MiniRaftClusterWithGrpc498f2cf4/s3/12ab233f-8f9b-45eb-8d5e-0a90ad4804c7/current/raft-meta.conf with options [REPLACE_EXISTING]
2024-10-20 10:47:34,022 [s3@group-0A90AD4804C7-StateMachineUpdater] INFO  server.RaftServer$Division (LeaderStateImpl.java:checkStartIndex(314)) - Leader s3@group-0A90AD4804C7-LeaderStateImpl is ready since appliedIndex == startIndex == 0
2024-10-20 10:47:34,023 [s1-server-thread3] DEBUG server.RaftServer$Division (RaftServerImpl.java:logAppendEntries(1549)) - s1@group-0A90AD4804C7: appendEntries* reply s3<-s1#1:OK-t1,SUCCESS,nextIndex=1,followerCommit=-1,matchIndex=0
2024-10-20 10:47:34,086 [s0@group-0A90AD4804C7-StateMachineUpdater] TRACE util.FileUtils (LogUtils.java:supplyAndLog(69)) - Successfully supplied FileChannel.open /home/runner/work/ratis/ratis/ratis-test/target/test/data/d69430f5/MiniRaftClusterWithGrpc498f2cf4/s0/12ab233f-8f9b-45eb-8d5e-0a90ad4804c7/current/raft-meta.conf.tmp with options [CREATE, WRITE]: sun.nio.ch.FileChannelImpl@42c5c8b3
2024-10-20 10:47:34,089 [s0@group-0A90AD4804C7-StateMachineUpdater] TRACE util.FileUtils (LogUtils.java:runAndLog(49)) - Successfully ran Atomic Files.move /home/runner/work/ratis/ratis/ratis-test/target/test/data/d69430f5/MiniRaftClusterWithGrpc498f2cf4/s0/12ab233f-8f9b-45eb-8d5e-0a90ad4804c7/current/raft-meta.conf.tmp to /home/runner/work/ratis/ratis/ratis-test/target/test/data/d69430f5/MiniRaftClusterWithGrpc498f2cf4/s0/12ab233f-8f9b-45eb-8d5e-0a90ad4804c7/current/raft-meta.conf with options [REPLACE_EXISTING]
2024-10-20 10:47:34,091 [s2@group-0A90AD4804C7-StateMachineUpdater] TRACE util.FileUtils (LogUtils.java:supplyAndLog(69)) - Successfully supplied FileChannel.open /home/runner/work/ratis/ratis/ratis-test/target/test/data/d69430f5/MiniRaftClusterWithGrpc498f2cf4/s2/12ab233f-8f9b-45eb-8d5e-0a90ad4804c7/current/raft-meta.conf.tmp with options [CREATE, WRITE]: sun.nio.ch.FileChannelImpl@7e05058d
2024-10-20 10:47:34,094 [s2@group-0A90AD4804C7-StateMachineUpdater] TRACE util.FileUtils (LogUtils.java:runAndLog(49)) - Successfully ran Atomic Files.move /home/runner/work/ratis/ratis/ratis-test/target/test/data/d69430f5/MiniRaftClusterWithGrpc498f2cf4/s2/12ab233f-8f9b-45eb-8d5e-0a90ad4804c7/current/raft-meta.conf.tmp to /home/runner/work/ratis/ratis/ratis-test/target/test/data/d69430f5/MiniRaftClusterWithGrpc498f2cf4/s2/12ab233f-8f9b-45eb-8d5e-0a90ad4804c7/current/raft-meta.conf with options [REPLACE_EXISTING]
2024-10-20 10:47:34,100 [s4@group-0A90AD4804C7-StateMachineUpdater] TRACE util.FileUtils (LogUtils.java:supplyAndLog(69)) - Successfully supplied FileChannel.open /home/runner/work/ratis/ratis/ratis-test/target/test/data/d69430f5/MiniRaftClusterWithGrpc498f2cf4/s4/12ab233f-8f9b-45eb-8d5e-0a90ad4804c7/current/raft-meta.conf.tmp with options [CREATE, WRITE]: sun.nio.ch.FileChannelImpl@7ccade70
2024-10-20 10:47:34,101 [s1@group-0A90AD4804C7-StateMachineUpdater] TRACE util.FileUtils (LogUtils.java:supplyAndLog(69)) - Successfully supplied FileChannel.open /home/runner/work/ratis/ratis/ratis-test/target/test/data/d69430f5/MiniRaftClusterWithGrpc498f2cf4/s1/12ab233f-8f9b-45eb-8d5e-0a90ad4804c7/current/raft-meta.conf.tmp with options [CREATE, WRITE]: sun.nio.ch.FileChannelImpl@4ccdd058
2024-10-20 10:47:34,104 [s4@group-0A90AD4804C7-StateMachineUpdater] TRACE util.FileUtils (LogUtils.java:runAndLog(49)) - Successfully ran Atomic Files.move /home/runner/work/ratis/ratis/ratis-test/target/test/data/d69430f5/MiniRaftClusterWithGrpc498f2cf4/s4/12ab233f-8f9b-45eb-8d5e-0a90ad4804c7/current/raft-meta.conf.tmp to /home/runner/work/ratis/ratis/ratis-test/target/test/data/d69430f5/MiniRaftClusterWithGrpc498f2cf4/s4/12ab233f-8f9b-45eb-8d5e-0a90ad4804c7/current/raft-meta.conf with options [REPLACE_EXISTING]
2024-10-20 10:47:34,105 [s1@group-0A90AD4804C7-StateMachineUpdater] TRACE util.FileUtils (LogUtils.java:runAndLog(49)) - Successfully ran Atomic Files.move /home/runner/work/ratis/ratis/ratis-test/target/test/data/d69430f5/MiniRaftClusterWithGrpc498f2cf4/s1/12ab233f-8f9b-45eb-8d5e-0a90ad4804c7/current/raft-meta.conf.tmp to /home/runner/work/ratis/ratis/ratis-test/target/test/data/d69430f5/MiniRaftClusterWithGrpc498f2cf4/s1/12ab233f-8f9b-45eb-8d5e-0a90ad4804c7/current/raft-meta.conf with options [REPLACE_EXISTING]
2024-10-20 10:47:34,181 [main] INFO  ratis.RaftTestUtil (RaftTestUtil.java:waitForLeader(131)) - printing ALL groups
  s3:  RUNNING    LEADER s3@group-0A90AD4804C7:t1, leader=s3, voted=s3, raftlog=Memoized:s3@group-0A90AD4804C7-SegmentedRaftLog:OPENED:c0:last(t:1, i:0), conf=conf: {index: 0, cur=peers:[s3|localhost:15332, s4|localhost:15336, s0|localhost:15320, s1|localhost:15324, s2|localhost:15328]|listeners:[], old=null} RUNNING
  s4:  RUNNING  FOLLOWER s4@group-0A90AD4804C7:t1, leader=s3, voted=s3, raftlog=Memoized:s4@group-0A90AD4804C7-SegmentedRaftLog:OPENED:c0:last(t:1, i:0), conf=conf: {index: 0, cur=peers:[s3|localhost:15332, s4|localhost:15336, s0|localhost:15320, s1|localhost:15324, s2|localhost:15328]|listeners:[], old=null} RUNNING
  s0:  RUNNING  FOLLOWER s0@group-0A90AD4804C7:t1, leader=s3, voted=s3, raftlog=Memoized:s0@group-0A90AD4804C7-SegmentedRaftLog:OPENED:c0:last(t:1, i:0), conf=conf: {index: 0, cur=peers:[s3|localhost:15332, s4|localhost:15336, s0|localhost:15320, s1|localhost:15324, s2|localhost:15328]|listeners:[], old=null} RUNNING
  s1:  RUNNING  FOLLOWER s1@group-0A90AD4804C7:t1, leader=s3, voted=s3, raftlog=Memoized:s1@group-0A90AD4804C7-SegmentedRaftLog:OPENED:c0:last(t:1, i:0), conf=conf: {index: 0, cur=peers:[s3|localhost:15332, s4|localhost:15336, s0|localhost:15320, s1|localhost:15324, s2|localhost:15328]|listeners:[], old=null} RUNNING
  s2:  RUNNING  FOLLOWER s2@group-0A90AD4804C7:t1, leader=s3, voted=s3, raftlog=Memoized:s2@group-0A90AD4804C7-SegmentedRaftLog:OPENED:c0:last(t:1, i:0), conf=conf: {index: 0, cur=peers:[s3|localhost:15332, s4|localhost:15336, s0|localhost:15320, s1|localhost:15324, s2|localhost:15328]|listeners:[], old=null} RUNNING
2024-10-20 10:47:34,182 [main] INFO  grpc.TestLeaderElectionWithGrpc (LeaderElectionTests.java:testEnforceLeader(372)) - firstLeader = s3
2024-10-20 10:47:34,182 [main] INFO  grpc.TestLeaderElectionWithGrpc (LeaderElectionTests.java:testEnforceLeader(377)) - enforce leader to s1
2024-10-20 10:47:34,182 [main] INFO  grpc.TestLeaderElectionWithGrpc (LeaderElectionTests.java:enforceLeader(383)) - printing ALL groups
  s3:  RUNNING    LEADER s3@group-0A90AD4804C7:t1, leader=s3, voted=s3, raftlog=Memoized:s3@group-0A90AD4804C7-SegmentedRaftLog:OPENED:c0:last(t:1, i:0), conf=conf: {index: 0, cur=peers:[s3|localhost:15332, s4|localhost:15336, s0|localhost:15320, s1|localhost:15324, s2|localhost:15328]|listeners:[], old=null} RUNNING
  s4:  RUNNING  FOLLOWER s4@group-0A90AD4804C7:t1, leader=s3, voted=s3, raftlog=Memoized:s4@group-0A90AD4804C7-SegmentedRaftLog:OPENED:c0:last(t:1, i:0), conf=conf: {index: 0, cur=peers:[s3|localhost:15332, s4|localhost:15336, s0|localhost:15320, s1|localhost:15324, s2|localhost:15328]|listeners:[], old=null} RUNNING
  s0:  RUNNING  FOLLOWER s0@group-0A90AD4804C7:t1, leader=s3, voted=s3, raftlog=Memoized:s0@group-0A90AD4804C7-SegmentedRaftLog:OPENED:c0:last(t:1, i:0), conf=conf: {index: 0, cur=peers:[s3|localhost:15332, s4|localhost:15336, s0|localhost:15320, s1|localhost:15324, s2|localhost:15328]|listeners:[], old=null} RUNNING
  s1:  RUNNING  FOLLOWER s1@group-0A90AD4804C7:t1, leader=s3, voted=s3, raftlog=Memoized:s1@group-0A90AD4804C7-SegmentedRaftLog:OPENED:c0:last(t:1, i:0), conf=conf: {index: 0, cur=peers:[s3|localhost:15332, s4|localhost:15336, s0|localhost:15320, s1|localhost:15324, s2|localhost:15328]|listeners:[], old=null} RUNNING
  s2:  RUNNING  FOLLOWER s2@group-0A90AD4804C7:t1, leader=s3, voted=s3, raftlog=Memoized:s2@group-0A90AD4804C7-SegmentedRaftLog:OPENED:c0:last(t:1, i:0), conf=conf: {index: 0, cur=peers:[s3|localhost:15332, s4|localhost:15336, s0|localhost:15320, s1|localhost:15324, s2|localhost:15328]|listeners:[], old=null} RUNNING
2024-10-20 10:47:34,182 [main] INFO  server.RaftServerConfigKeys (ConfUtils.java:logGet(46)) - raft.server.rpc.timeout.max = 300ms (default)
2024-10-20 10:47:34,244 [s3@group-0A90AD4804C7->s0-GrpcLogAppender-LogAppenderDaemon] INFO  util.CodeInjectionForTesting (DelayLocalExecutionInjection.java:execute(65)) - s3 delay 150 ms, args=[serverRequest {
  requestorId: "s3"
  replyId: "s0"
  raftGroupId {
    id: "\022\253#?\217\233E\353\215^\n\220\255H\004\307"
  }
  callId: 5
}
leaderTerm: 1
previousLog {
  term: 1
}
commitInfos {
  server {
    id: "s3"
    address: "localhost:15332"
    dataStreamAddress: "localhost:15335"
    clientAddress: "localhost:15334"
    adminAddress: "localhost:15333"
    startupRole: FOLLOWER
  }
}
commitInfos {
  server {
    id: "s4"
    address: "localhost:15336"
    dataStreamAddress: "localhost:15339"
    clientAddress: "localhost:15338"
    adminAddress: "localhost:15337"
    startupRole: FOLLOWER
  }
}
commitInfos {
  server {
    id: "s0"
    address: "localhost:15320"
    dataStreamAddress: "localhost:15323"
    clientAddress: "localhost:15322"
    adminAddress: "localhost:15321"
    startupRole: FOLLOWER
  }
}
commitInfos {
  server {
    id: "s1"
    address: "localhost:15324"
    dataStreamAddress: "localhost:15327"
    clientAddress: "localhost:15326"
    adminAddress: "localhost:15325"
    startupRole: FOLLOWER
  }
}
commitInfos {
  server {
    id: "s2"
    address: "localhost:15328"
    dataStreamAddress: "localhost:15331"
    clientAddress: "localhost:15330"
    adminAddress: "localhost:15329"
    startupRole: FOLLOWER
  }
}
]
2024-10-20 10:47:34,244 [s3@group-0A90AD4804C7->s2-GrpcLogAppender-LogAppenderDaemon] INFO  util.CodeInjectionForTesting (DelayLocalExecutionInjection.java:execute(65)) - s3 delay 150 ms, args=[serverRequest {
  requestorId: "s3"
  replyId: "s2"
  raftGroupId {
    id: "\022\253#?\217\233E\353\215^\n\220\255H\004\307"
  }
  callId: 6
}
leaderTerm: 1
previousLog {
  term: 1
}
commitInfos {
  server {
    id: "s3"
    address: "localhost:15332"
    dataStreamAddress: "localhost:15335"
    clientAddress: "localhost:15334"
    adminAddress: "localhost:15333"
    startupRole: FOLLOWER
  }
}
commitInfos {
  server {
    id: "s4"
    address: "localhost:15336"
    dataStreamAddress: "localhost:15339"
    clientAddress: "localhost:15338"
    adminAddress: "localhost:15337"
    startupRole: FOLLOWER
  }
}
commitInfos {
  server {
    id: "s0"
    address: "localhost:15320"
    dataStreamAddress: "localhost:15323"
    clientAddress: "localhost:15322"
    adminAddress: "localhost:15321"
    startupRole: FOLLOWER
  }
}
commitInfos {
  server {
    id: "s1"
    address: "localhost:15324"
    dataStreamAddress: "localhost:15327"
    clientAddress: "localhost:15326"
    adminAddress: "localhost:15325"
    startupRole: FOLLOWER
  }
}
commitInfos {
  server {
    id: "s2"
    address: "localhost:15328"
    dataStreamAddress: "localhost:15331"
    clientAddress: "localhost:15330"
    adminAddress: "localhost:15329"
    startupRole: FOLLOWER
  }
}
]
2024-10-20 10:47:34,255 [s3@group-0A90AD4804C7->s4-GrpcLogAppender-LogAppenderDaemon] INFO  util.CodeInjectionForTesting (DelayLocalExecutionInjection.java:execute(65)) - s3 delay 150 ms, args=[serverRequest {
  requestorId: "s3"
  replyId: "s4"
  raftGroupId {
    id: "\022\253#?\217\233E\353\215^\n\220\255H\004\307"
  }
  callId: 8
}
leaderTerm: 1
previousLog {
  term: 1
}
commitInfos {
  server {
    id: "s3"
    address: "localhost:15332"
    dataStreamAddress: "localhost:15335"
    clientAddress: "localhost:15334"
    adminAddress: "localhost:15333"
    startupRole: FOLLOWER
  }
}
commitInfos {
  server {
    id: "s4"
    address: "localhost:15336"
    dataStreamAddress: "localhost:15339"
    clientAddress: "localhost:15338"
    adminAddress: "localhost:15337"
    startupRole: FOLLOWER
  }
}
commitInfos {
  server {
    id: "s0"
    address: "localhost:15320"
    dataStreamAddress: "localhost:15323"
    clientAddress: "localhost:15322"
    adminAddress: "localhost:15321"
    startupRole: FOLLOWER
  }
}
commitInfos {
  server {
    id: "s1"
    address: "localhost:15324"
    dataStreamAddress: "localhost:15327"
    clientAddress: "localhost:15326"
    adminAddress: "localhost:15325"
    startupRole: FOLLOWER
  }
}
commitInfos {
  server {
    id: "s2"
    address: "localhost:15328"
    dataStreamAddress: "localhost:15331"
    clientAddress: "localhost:15330"
    adminAddress: "localhost:15329"
    startupRole: FOLLOWER
  }
}
]
2024-10-20 10:47:34,256 [s3@group-0A90AD4804C7->s1-GrpcLogAppender-LogAppenderDaemon] INFO  util.CodeInjectionForTesting (DelayLocalExecutionInjection.java:execute(65)) - s3 delay 150 ms, args=[serverRequest {
  requestorId: "s3"
  replyId: "s1"
  raftGroupId {
    id: "\022\253#?\217\233E\353\215^\n\220\255H\004\307"
  }
  callId: 11
}
leaderTerm: 1
previousLog {
  term: 1
}
commitInfos {
  server {
    id: "s3"
    address: "localhost:15332"
    dataStreamAddress: "localhost:15335"
    clientAddress: "localhost:15334"
    adminAddress: "localhost:15333"
    startupRole: FOLLOWER
  }
}
commitInfos {
  server {
    id: "s4"
    address: "localhost:15336"
    dataStreamAddress: "localhost:15339"
    clientAddress: "localhost:15338"
    adminAddress: "localhost:15337"
    startupRole: FOLLOWER
  }
}
commitInfos {
  server {
    id: "s0"
    address: "localhost:15320"
    dataStreamAddress: "localhost:15323"
    clientAddress: "localhost:15322"
    adminAddress: "localhost:15321"
    startupRole: FOLLOWER
  }
}
commitInfos {
  server {
    id: "s1"
    address: "localhost:15324"
    dataStreamAddress: "localhost:15327"
    clientAddress: "localhost:15326"
    adminAddress: "localhost:15325"
    startupRole: FOLLOWER
  }
}
commitInfos {
  server {
    id: "s2"
    address: "localhost:15328"
    dataStreamAddress: "localhost:15331"
    clientAddress: "localhost:15330"
    adminAddress: "localhost:15329"
    startupRole: FOLLOWER
  }
}
]
2024-10-20 10:47:34,407 [s1-server-thread3] INFO  util.CodeInjectionForTesting (BlockRequestHandlingInjection.java:execute(77)) - s1: Block request from s3
2024-10-20 10:47:34,445 [s3@group-0A90AD4804C7->s1-GrpcLogAppender-LogAppenderDaemon] INFO  util.CodeInjectionForTesting (DelayLocalExecutionInjection.java:execute(65)) - s3 delay 150 ms, args=[serverRequest {
  requestorId: "s3"
  replyId: "s1"
  raftGroupId {
    id: "\022\253#?\217\233E\353\215^\n\220\255H\004\307"
  }
  callId: 12
}
leaderTerm: 1
previousLog {
  term: 1
}
commitInfos {
  server {
    id: "s3"
    address: "localhost:15332"
    dataStreamAddress: "localhost:15335"
    clientAddress: "localhost:15334"
    adminAddress: "localhost:15333"
    startupRole: FOLLOWER
  }
}
commitInfos {
  server {
    id: "s4"
    address: "localhost:15336"
    dataStreamAddress: "localhost:15339"
    clientAddress: "localhost:15338"
    adminAddress: "localhost:15337"
    startupRole: FOLLOWER
  }
}
commitInfos {
  server {
    id: "s0"
    address: "localhost:15320"
    dataStreamAddress: "localhost:15323"
    clientAddress: "localhost:15322"
    adminAddress: "localhost:15321"
    startupRole: FOLLOWER
  }
}
commitInfos {
  server {
    id: "s1"
    address: "localhost:15324"
    dataStreamAddress: "localhost:15327"
    clientAddress: "localhost:15326"
    adminAddress: "localhost:15325"
    startupRole: FOLLOWER
  }
}
commitInfos {
  server {
    id: "s2"
    address: "localhost:15328"
    dataStreamAddress: "localhost:15331"
    clientAddress: "localhost:15330"
    adminAddress: "localhost:15329"
    startupRole: FOLLOWER
  }
}
]
2024-10-20 10:47:34,473 [s3@group-0A90AD4804C7->s2-GrpcLogAppender-LogAppenderDaemon] INFO  util.CodeInjectionForTesting (DelayLocalExecutionInjection.java:execute(65)) - s3 delay 150 ms, args=[serverRequest {
  requestorId: "s3"
  replyId: "s2"
  raftGroupId {
    id: "\022\253#?\217\233E\353\215^\n\220\255H\004\307"
  }
  callId: 7
}
leaderTerm: 1
previousLog {
  term: 1
}
commitInfos {
  server {
    id: "s3"
    address: "localhost:15332"
    dataStreamAddress: "localhost:15335"
    clientAddress: "localhost:15334"
    adminAddress: "localhost:15333"
    startupRole: FOLLOWER
  }
}
commitInfos {
  server {
    id: "s4"
    address: "localhost:15336"
    dataStreamAddress: "localhost:15339"
    clientAddress: "localhost:15338"
    adminAddress: "localhost:15337"
    startupRole: FOLLOWER
  }
}
commitInfos {
  server {
    id: "s0"
    address: "localhost:15320"
    dataStreamAddress: "localhost:15323"
    clientAddress: "localhost:15322"
    adminAddress: "localhost:15321"
    startupRole: FOLLOWER
  }
}
commitInfos {
  server {
    id: "s1"
    address: "localhost:15324"
    dataStreamAddress: "localhost:15327"
    clientAddress: "localhost:15326"
    adminAddress: "localhost:15325"
    startupRole: FOLLOWER
  }
}
commitInfos {
  server {
    id: "s2"
    address: "localhost:15328"
    dataStreamAddress: "localhost:15331"
    clientAddress: "localhost:15330"
    adminAddress: "localhost:15329"
    startupRole: FOLLOWER
  }
}
]
2024-10-20 10:47:34,473 [s3@group-0A90AD4804C7->s0-GrpcLogAppender-LogAppenderDaemon] INFO  util.CodeInjectionForTesting (DelayLocalExecutionInjection.java:execute(65)) - s3 delay 150 ms, args=[serverRequest {
  requestorId: "s3"
  replyId: "s0"
  raftGroupId {
    id: "\022\253#?\217\233E\353\215^\n\220\255H\004\307"
  }
  callId: 6
}
leaderTerm: 1
previousLog {
  term: 1
}
commitInfos {
  server {
    id: "s3"
    address: "localhost:15332"
    dataStreamAddress: "localhost:15335"
    clientAddress: "localhost:15334"
    adminAddress: "localhost:15333"
    startupRole: FOLLOWER
  }
}
commitInfos {
  server {
    id: "s4"
    address: "localhost:15336"
    dataStreamAddress: "localhost:15339"
    clientAddress: "localhost:15338"
    adminAddress: "localhost:15337"
    startupRole: FOLLOWER
  }
}
commitInfos {
  server {
    id: "s0"
    address: "localhost:15320"
    dataStreamAddress: "localhost:15323"
    clientAddress: "localhost:15322"
    adminAddress: "localhost:15321"
    startupRole: FOLLOWER
  }
}
commitInfos {
  server {
    id: "s1"
    address: "localhost:15324"
    dataStreamAddress: "localhost:15327"
    clientAddress: "localhost:15326"
    adminAddress: "localhost:15325"
    startupRole: FOLLOWER
  }
}
commitInfos {
  server {
    id: "s2"
    address: "localhost:15328"
    dataStreamAddress: "localhost:15331"
    clientAddress: "localhost:15330"
    adminAddress: "localhost:15329"
    startupRole: FOLLOWER
  }
}
]
2024-10-20 10:47:34,483 [s3@group-0A90AD4804C7->s4-GrpcLogAppender-LogAppenderDaemon] INFO  util.CodeInjectionForTesting (DelayLocalExecutionInjection.java:execute(65)) - s3 delay 150 ms, args=[serverRequest {
  requestorId: "s3"
  replyId: "s4"
  raftGroupId {
    id: "\022\253#?\217\233E\353\215^\n\220\255H\004\307"
  }
  callId: 9
}
leaderTerm: 1
previousLog {
  term: 1
}
commitInfos {
  server {
    id: "s3"
    address: "localhost:15332"
    dataStreamAddress: "localhost:15335"
    clientAddress: "localhost:15334"
    adminAddress: "localhost:15333"
    startupRole: FOLLOWER
  }
}
commitInfos {
  server {
    id: "s4"
    address: "localhost:15336"
    dataStreamAddress: "localhost:15339"
    clientAddress: "localhost:15338"
    adminAddress: "localhost:15337"
    startupRole: FOLLOWER
  }
}
commitInfos {
  server {
    id: "s0"
    address: "localhost:15320"
    dataStreamAddress: "localhost:15323"
    clientAddress: "localhost:15322"
    adminAddress: "localhost:15321"
    startupRole: FOLLOWER
  }
}
commitInfos {
  server {
    id: "s1"
    address: "localhost:15324"
    dataStreamAddress: "localhost:15327"
    clientAddress: "localhost:15326"
    adminAddress: "localhost:15325"
    startupRole: FOLLOWER
  }
}
commitInfos {
  server {
    id: "s2"
    address: "localhost:15328"
    dataStreamAddress: "localhost:15331"
    clientAddress: "localhost:15330"
    adminAddress: "localhost:15329"
    startupRole: FOLLOWER
  }
}
]
2024-10-20 10:47:34,483 [s1@group-0A90AD4804C7-FollowerState] INFO  impl.FollowerState (FollowerState.java:runImpl(161)) - s1@group-0A90AD4804C7-FollowerState: change to CANDIDATE, lastRpcElapsedTime:302948543ns, electionTimeout:253ms
2024-10-20 10:47:34,483 [s1@group-0A90AD4804C7-FollowerState] INFO  impl.RoleInfo (RoleInfo.java:shutdownFollowerState(121)) - s1: shutdown s1@group-0A90AD4804C7-FollowerState
2024-10-20 10:47:34,483 [s1@group-0A90AD4804C7-FollowerState] INFO  server.RaftServer$Division (RaftServerImpl.java:setRole(380)) - s1@group-0A90AD4804C7: changes role from  FOLLOWER to CANDIDATE at term 1 for changeToCandidate
2024-10-20 10:47:34,483 [s1@group-0A90AD4804C7-FollowerState] INFO  server.RaftServerConfigKeys (ConfUtils.java:logGet(46)) - raft.server.leaderelection.pre-vote = true (default)
2024-10-20 10:47:34,483 [s1@group-0A90AD4804C7-FollowerState] INFO  impl.RoleInfo (RoleInfo.java:updateAndGet(148)) - s1: start s1@group-0A90AD4804C7-LeaderElection90
2024-10-20 10:47:34,483 [s1@group-0A90AD4804C7-LeaderElection90] INFO  server.RaftServer$Division (ServerState.java:setLeader(272)) - s1@group-0A90AD4804C7: change Leader from s3 to null at term 1 for PRE_VOTE
2024-10-20 10:47:34,484 [s1@group-0A90AD4804C7-LeaderElection90] INFO  impl.LeaderElection (LeaderElection.java:askForVotes(333)) - s1@group-0A90AD4804C7-LeaderElection90 PRE_VOTE round 0: submit vote requests at term 1 for conf: {index: 0, cur=peers:[s3|localhost:15332, s4|localhost:15336, s0|localhost:15320, s1|localhost:15324, s2|localhost:15328]|listeners:[], old=null}
2024-10-20 10:47:34,484 [s1@group-0A90AD4804C7-LeaderElection90-1] INFO  server.GrpcServerProtocolClient (GrpcServerProtocolClient.java:<init>(65)) - Build channel for s3|localhost:15332
2024-10-20 10:47:34,485 [s1@group-0A90AD4804C7-LeaderElection90-2] INFO  server.GrpcServerProtocolClient (GrpcServerProtocolClient.java:<init>(65)) - Build channel for s4|localhost:15336
2024-10-20 10:47:34,485 [s1@group-0A90AD4804C7-LeaderElection90-4] INFO  server.GrpcServerProtocolClient (GrpcServerProtocolClient.java:<init>(65)) - Build channel for s2|localhost:15328
2024-10-20 10:47:34,486 [s1@group-0A90AD4804C7-LeaderElection90-3] INFO  server.GrpcServerProtocolClient (GrpcServerProtocolClient.java:<init>(65)) - Build channel for s0|localhost:15320
2024-10-20 10:47:34,492 [grpc-default-executor-9] INFO  server.RaftServer$Division (RaftServerImpl.java:requestVote(1447)) - s3@group-0A90AD4804C7: receive requestVote(PRE_VOTE, s1, group-0A90AD4804C7, 1, (t:1, i:0))
2024-10-20 10:47:34,493 [grpc-default-executor-9] INFO  impl.VoteContext (VoteContext.java:log(49)) - s3@group-0A90AD4804C7-LEADER: reject PRE_VOTE from s1: this server is the leader and still has leadership
2024-10-20 10:47:34,493 [grpc-default-executor-9] INFO  server.RaftServer$Division (RaftServerImpl.java:requestVote(1480)) - s3@group-0A90AD4804C7 replies to PRE_VOTE vote request: s1<-s3#0:FAIL-t1. Peer's state: s3@group-0A90AD4804C7:t1, leader=s3, voted=s3, raftlog=Memoized:s3@group-0A90AD4804C7-SegmentedRaftLog:OPENED:c0:last(t:1, i:0), conf=conf: {index: 0, cur=peers:[s3|localhost:15332, s4|localhost:15336, s0|localhost:15320, s1|localhost:15324, s2|localhost:15328]|listeners:[], old=null}
2024-10-20 10:47:34,495 [grpc-default-executor-8] INFO  server.RaftServer$Division (RaftServerImpl.java:requestVote(1447)) - s0@group-0A90AD4804C7: receive requestVote(PRE_VOTE, s1, group-0A90AD4804C7, 1, (t:1, i:0))
2024-10-20 10:47:34,495 [grpc-default-executor-8] INFO  impl.VoteContext (VoteContext.java:log(49)) - s0@group-0A90AD4804C7-FOLLOWER: reject PRE_VOTE from s1: this server is a follower and still has a valid leader s3 different than the candidate s1
2024-10-20 10:47:34,495 [grpc-default-executor-8] INFO  server.RaftServer$Division (RaftServerImpl.java:requestVote(1480)) - s0@group-0A90AD4804C7 replies to PRE_VOTE vote request: s1<-s0#0:FAIL-t1. Peer's state: s0@group-0A90AD4804C7:t1, leader=s3, voted=s3, raftlog=Memoized:s0@group-0A90AD4804C7-SegmentedRaftLog:OPENED:c0:last(t:1, i:0), conf=conf: {index: 0, cur=peers:[s3|localhost:15332, s4|localhost:15336, s0|localhost:15320, s1|localhost:15324, s2|localhost:15328]|listeners:[], old=null}
2024-10-20 10:47:34,501 [grpc-default-executor-9] INFO  server.RaftServer$Division (RaftServerImpl.java:requestVote(1447)) - s2@group-0A90AD4804C7: receive requestVote(PRE_VOTE, s1, group-0A90AD4804C7, 1, (t:1, i:0))
2024-10-20 10:47:34,501 [grpc-default-executor-9] INFO  impl.VoteContext (VoteContext.java:log(49)) - s2@group-0A90AD4804C7-FOLLOWER: reject PRE_VOTE from s1: this server is a follower and still has a valid leader s3 different than the candidate s1
2024-10-20 10:47:34,501 [grpc-default-executor-9] INFO  server.RaftServer$Division (RaftServerImpl.java:requestVote(1480)) - s2@group-0A90AD4804C7 replies to PRE_VOTE vote request: s1<-s2#0:FAIL-t1. Peer's state: s2@group-0A90AD4804C7:t1, leader=s3, voted=s3, raftlog=Memoized:s2@group-0A90AD4804C7-SegmentedRaftLog:OPENED:c0:last(t:1, i:0), conf=conf: {index: 0, cur=peers:[s3|localhost:15332, s4|localhost:15336, s0|localhost:15320, s1|localhost:15324, s2|localhost:15328]|listeners:[], old=null}
2024-10-20 10:47:34,502 [s1@group-0A90AD4804C7-LeaderElection90] INFO  impl.LeaderElection (LeaderElection.java:logAndReturn(90)) - s1@group-0A90AD4804C7-LeaderElection90: PRE_VOTE REJECTED received 3 response(s) and 0 exception(s):
2024-10-20 10:47:34,502 [s1@group-0A90AD4804C7-LeaderElection90] INFO  impl.LeaderElection (LeaderElection.java:logAndReturn(94)) -   Response 0: s1<-s3#0:FAIL-t1
2024-10-20 10:47:34,502 [s1@group-0A90AD4804C7-LeaderElection90] INFO  impl.LeaderElection (LeaderElection.java:logAndReturn(94)) -   Response 1: s1<-s0#0:FAIL-t1
2024-10-20 10:47:34,502 [s1@group-0A90AD4804C7-LeaderElection90] INFO  impl.LeaderElection (LeaderElection.java:logAndReturn(94)) -   Response 2: s1<-s2#0:FAIL-t1
2024-10-20 10:47:34,502 [s1@group-0A90AD4804C7-LeaderElection90] INFO  impl.LeaderElection (LeaderElection.java:askForVotes(335)) - s1@group-0A90AD4804C7-LeaderElection90 PRE_VOTE round 0: result REJECTED
2024-10-20 10:47:34,502 [s1@group-0A90AD4804C7-LeaderElection90] INFO  server.RaftServer$Division (RaftServerImpl.java:setRole(380)) - s1@group-0A90AD4804C7: changes role from CANDIDATE to FOLLOWER at term 1 for REJECTED
2024-10-20 10:47:34,502 [s1@group-0A90AD4804C7-LeaderElection90] INFO  impl.RoleInfo (RoleInfo.java:shutdownLeaderElection(141)) - s1: shutdown s1@group-0A90AD4804C7-LeaderElection90
2024-10-20 10:47:34,502 [s1@group-0A90AD4804C7-LeaderElection90] INFO  impl.RoleInfo (RoleInfo.java:updateAndGet(148)) - s1: start s1@group-0A90AD4804C7-FollowerState
2024-10-20 10:47:34,633 [s3@group-0A90AD4804C7->s1-GrpcLogAppender-LogAppenderDaemon] INFO  util.CodeInjectionForTesting (DelayLocalExecutionInjection.java:execute(65)) - s3 delay 150 ms, args=[serverRequest {
  requestorId: "s3"
  replyId: "s1"
  raftGroupId {
    id: "\022\253#?\217\233E\353\215^\n\220\255H\004\307"
  }
  callId: 13
}
leaderTerm: 1
previousLog {
  term: 1
}
commitInfos {
  server {
    id: "s3"
    address: "localhost:15332"
    dataStreamAddress: "localhost:15335"
    clientAddress: "localhost:15334"
    adminAddress: "localhost:15333"
    startupRole: FOLLOWER
  }
}
commitInfos {
  server {
    id: "s4"
    address: "localhost:15336"
    dataStreamAddress: "localhost:15339"
    clientAddress: "localhost:15338"
    adminAddress: "localhost:15337"
    startupRole: FOLLOWER
  }
}
commitInfos {
  server {
    id: "s0"
    address: "localhost:15320"
    dataStreamAddress: "localhost:15323"
    clientAddress: "localhost:15322"
    adminAddress: "localhost:15321"
    startupRole: FOLLOWER
  }
}
commitInfos {
  server {
    id: "s1"
    address: "localhost:15324"
    dataStreamAddress: "localhost:15327"
    clientAddress: "localhost:15326"
    adminAddress: "localhost:15325"
    startupRole: FOLLOWER
  }
}
commitInfos {
  server {
    id: "s2"
    address: "localhost:15328"
    dataStreamAddress: "localhost:15331"
    clientAddress: "localhost:15330"
    adminAddress: "localhost:15329"
    startupRole: FOLLOWER
  }
}
]
2024-10-20 10:47:34,670 [s1@group-0A90AD4804C7-FollowerState] INFO  impl.FollowerState (FollowerState.java:runImpl(161)) - s1@group-0A90AD4804C7-FollowerState: change to CANDIDATE, lastRpcElapsedTime:167336787ns, electionTimeout:167ms
2024-10-20 10:47:34,670 [s1@group-0A90AD4804C7-FollowerState] INFO  impl.RoleInfo (RoleInfo.java:shutdownFollowerState(121)) - s1: shutdown s1@group-0A90AD4804C7-FollowerState
2024-10-20 10:47:34,670 [s1@group-0A90AD4804C7-FollowerState] INFO  server.RaftServer$Division (RaftServerImpl.java:setRole(380)) - s1@group-0A90AD4804C7: changes role from  FOLLOWER to CANDIDATE at term 1 for changeToCandidate
2024-10-20 10:47:34,670 [s1@group-0A90AD4804C7-FollowerState] INFO  server.RaftServerConfigKeys (ConfUtils.java:logGet(46)) - raft.server.leaderelection.pre-vote = true (default)
2024-10-20 10:47:34,670 [s1@group-0A90AD4804C7-FollowerState] INFO  impl.RoleInfo (RoleInfo.java:updateAndGet(148)) - s1: start s1@group-0A90AD4804C7-LeaderElection91
2024-10-20 10:47:34,670 [s1@group-0A90AD4804C7-LeaderElection91] INFO  impl.LeaderElection (LeaderElection.java:askForVotes(333)) - s1@group-0A90AD4804C7-LeaderElection91 PRE_VOTE round 0: submit vote requests at term 1 for conf: {index: 0, cur=peers:[s3|localhost:15332, s4|localhost:15336, s0|localhost:15320, s1|localhost:15324, s2|localhost:15328]|listeners:[], old=null}
2024-10-20 10:47:34,672 [grpc-default-executor-8] INFO  server.RaftServer$Division (RaftServerImpl.java:requestVote(1447)) - s4@group-0A90AD4804C7: receive requestVote(PRE_VOTE, s1, group-0A90AD4804C7, 1, (t:1, i:0))
2024-10-20 10:47:34,672 [grpc-default-executor-8] INFO  impl.VoteContext (VoteContext.java:log(49)) - s4@group-0A90AD4804C7-FOLLOWER: reject PRE_VOTE from s1: this server is a follower and still has a valid leader s3 different than the candidate s1
2024-10-20 10:47:34,673 [grpc-default-executor-8] INFO  server.RaftServer$Division (RaftServerImpl.java:requestVote(1480)) - s4@group-0A90AD4804C7 replies to PRE_VOTE vote request: s1<-s4#0:FAIL-t1. Peer's state: s4@group-0A90AD4804C7:t1, leader=s3, voted=s3, raftlog=Memoized:s4@group-0A90AD4804C7-SegmentedRaftLog:OPENED:c0:last(t:1, i:0), conf=conf: {index: 0, cur=peers:[s3|localhost:15332, s4|localhost:15336, s0|localhost:15320, s1|localhost:15324, s2|localhost:15328]|listeners:[], old=null}
2024-10-20 10:47:34,674 [grpc-default-executor-8] INFO  server.RaftServer$Division (RaftServerImpl.java:requestVote(1447)) - s3@group-0A90AD4804C7: receive requestVote(PRE_VOTE, s1, group-0A90AD4804C7, 1, (t:1, i:0))
2024-10-20 10:47:34,674 [grpc-default-executor-8] INFO  impl.VoteContext (VoteContext.java:log(49)) - s3@group-0A90AD4804C7-LEADER: reject PRE_VOTE from s1: this server is the leader and still has leadership
2024-10-20 10:47:34,675 [grpc-default-executor-8] INFO  server.RaftServer$Division (RaftServerImpl.java:requestVote(1480)) - s3@group-0A90AD4804C7 replies to PRE_VOTE vote request: s1<-s3#0:FAIL-t1. Peer's state: s3@group-0A90AD4804C7:t1, leader=s3, voted=s3, raftlog=Memoized:s3@group-0A90AD4804C7-SegmentedRaftLog:OPENED:c0:last(t:1, i:0), conf=conf: {index: 0, cur=peers:[s3|localhost:15332, s4|localhost:15336, s0|localhost:15320, s1|localhost:15324, s2|localhost:15328]|listeners:[], old=null}
2024-10-20 10:47:34,676 [grpc-default-executor-8] INFO  server.RaftServer$Division (RaftServerImpl.java:requestVote(1447)) - s2@group-0A90AD4804C7: receive requestVote(PRE_VOTE, s1, group-0A90AD4804C7, 1, (t:1, i:0))
2024-10-20 10:47:34,676 [grpc-default-executor-8] INFO  impl.VoteContext (VoteContext.java:log(49)) - s2@group-0A90AD4804C7-FOLLOWER: reject PRE_VOTE from s1: this server is a follower and still has a valid leader s3 different than the candidate s1
2024-10-20 10:47:34,676 [grpc-default-executor-8] INFO  server.RaftServer$Division (RaftServerImpl.java:requestVote(1480)) - s2@group-0A90AD4804C7 replies to PRE_VOTE vote request: s1<-s2#0:FAIL-t1. Peer's state: s2@group-0A90AD4804C7:t1, leader=s3, voted=s3, raftlog=Memoized:s2@group-0A90AD4804C7-SegmentedRaftLog:OPENED:c0:last(t:1, i:0), conf=conf: {index: 0, cur=peers:[s3|localhost:15332, s4|localhost:15336, s0|localhost:15320, s1|localhost:15324, s2|localhost:15328]|listeners:[], old=null}
2024-10-20 10:47:34,678 [grpc-default-executor-8] INFO  server.RaftServer$Division (RaftServerImpl.java:requestVote(1447)) - s0@group-0A90AD4804C7: receive requestVote(PRE_VOTE, s1, group-0A90AD4804C7, 1, (t:1, i:0))
2024-10-20 10:47:34,678 [s1@group-0A90AD4804C7-LeaderElection91] INFO  impl.LeaderElection (LeaderElection.java:logAndReturn(90)) - s1@group-0A90AD4804C7-LeaderElection91: PRE_VOTE REJECTED received 3 response(s) and 0 exception(s):
2024-10-20 10:47:34,678 [s1@group-0A90AD4804C7-LeaderElection91] INFO  impl.LeaderElection (LeaderElection.java:logAndReturn(94)) -   Response 0: s1<-s3#0:FAIL-t1
2024-10-20 10:47:34,678 [s1@group-0A90AD4804C7-LeaderElection91] INFO  impl.LeaderElection (LeaderElection.java:logAndReturn(94)) -   Response 1: s1<-s4#0:FAIL-t1
2024-10-20 10:47:34,678 [s1@group-0A90AD4804C7-LeaderElection91] INFO  impl.LeaderElection (LeaderElection.java:logAndReturn(94)) -   Response 2: s1<-s2#0:FAIL-t1
2024-10-20 10:47:34,678 [grpc-default-executor-8] INFO  impl.VoteContext (VoteContext.java:log(49)) - s0@group-0A90AD4804C7-FOLLOWER: reject PRE_VOTE from s1: this server is a follower and still has a valid leader s3 different than the candidate s1
2024-10-20 10:47:34,678 [grpc-default-executor-8] INFO  server.RaftServer$Division (RaftServerImpl.java:requestVote(1480)) - s0@group-0A90AD4804C7 replies to PRE_VOTE vote request: s1<-s0#0:FAIL-t1. Peer's state: s0@group-0A90AD4804C7:t1, leader=s3, voted=s3, raftlog=Memoized:s0@group-0A90AD4804C7-SegmentedRaftLog:OPENED:c0:last(t:1, i:0), conf=conf: {index: 0, cur=peers:[s3|localhost:15332, s4|localhost:15336, s0|localhost:15320, s1|localhost:15324, s2|localhost:15328]|listeners:[], old=null}
2024-10-20 10:47:34,678 [s1@group-0A90AD4804C7-LeaderElection91] INFO  impl.LeaderElection (LeaderElection.java:askForVotes(335)) - s1@group-0A90AD4804C7-LeaderElection91 PRE_VOTE round 0: result REJECTED
2024-10-20 10:47:34,679 [s1@group-0A90AD4804C7-LeaderElection91] INFO  server.RaftServer$Division (RaftServerImpl.java:setRole(380)) - s1@group-0A90AD4804C7: changes role from CANDIDATE to FOLLOWER at term 1 for REJECTED
2024-10-20 10:47:34,679 [s1@group-0A90AD4804C7-LeaderElection91] INFO  impl.RoleInfo (RoleInfo.java:shutdownLeaderElection(141)) - s1: shutdown s1@group-0A90AD4804C7-LeaderElection91
2024-10-20 10:47:34,679 [s1@group-0A90AD4804C7-LeaderElection91] INFO  impl.RoleInfo (RoleInfo.java:updateAndGet(148)) - s1: start s1@group-0A90AD4804C7-FollowerState
2024-10-20 10:47:34,702 [s3@group-0A90AD4804C7->s2-GrpcLogAppender-LogAppenderDaemon] INFO  util.CodeInjectionForTesting (DelayLocalExecutionInjection.java:execute(65)) - s3 delay 150 ms, args=[serverRequest {
  requestorId: "s3"
  replyId: "s2"
  raftGroupId {
    id: "\022\253#?\217\233E\353\215^\n\220\255H\004\307"
  }
  callId: 8
}
leaderTerm: 1
previousLog {
  term: 1
}
commitInfos {
  server {
    id: "s3"
    address: "localhost:15332"
    dataStreamAddress: "localhost:15335"
    clientAddress: "localhost:15334"
    adminAddress: "localhost:15333"
    startupRole: FOLLOWER
  }
}
commitInfos {
  server {
    id: "s4"
    address: "localhost:15336"
    dataStreamAddress: "localhost:15339"
    clientAddress: "localhost:15338"
    adminAddress: "localhost:15337"
    startupRole: FOLLOWER
  }
}
commitInfos {
  server {
    id: "s0"
    address: "localhost:15320"
    dataStreamAddress: "localhost:15323"
    clientAddress: "localhost:15322"
    adminAddress: "localhost:15321"
    startupRole: FOLLOWER
  }
}
commitInfos {
  server {
    id: "s1"
    address: "localhost:15324"
    dataStreamAddress: "localhost:15327"
    clientAddress: "localhost:15326"
    adminAddress: "localhost:15325"
    startupRole: FOLLOWER
  }
}
commitInfos {
  server {
    id: "s2"
    address: "localhost:15328"
    dataStreamAddress: "localhost:15331"
    clientAddress: "localhost:15330"
    adminAddress: "localhost:15329"
    startupRole: FOLLOWER
  }
}
]
2024-10-20 10:47:34,702 [s3@group-0A90AD4804C7->s0-GrpcLogAppender-LogAppenderDaemon] INFO  util.CodeInjectionForTesting (DelayLocalExecutionInjection.java:execute(65)) - s3 delay 150 ms, args=[serverRequest {
  requestorId: "s3"
  replyId: "s0"
  raftGroupId {
    id: "\022\253#?\217\233E\353\215^\n\220\255H\004\307"
  }
  callId: 7
}
leaderTerm: 1
previousLog {
  term: 1
}
commitInfos {
  server {
    id: "s3"
    address: "localhost:15332"
    dataStreamAddress: "localhost:15335"
    clientAddress: "localhost:15334"
    adminAddress: "localhost:15333"
    startupRole: FOLLOWER
  }
}
commitInfos {
  server {
    id: "s4"
    address: "localhost:15336"
    dataStreamAddress: "localhost:15339"
    clientAddress: "localhost:15338"
    adminAddress: "localhost:15337"
    startupRole: FOLLOWER
  }
}
commitInfos {
  server {
    id: "s0"
    address: "localhost:15320"
    dataStreamAddress: "localhost:15323"
    clientAddress: "localhost:15322"
    adminAddress: "localhost:15321"
    startupRole: FOLLOWER
  }
}
commitInfos {
  server {
    id: "s1"
    address: "localhost:15324"
    dataStreamAddress: "localhost:15327"
    clientAddress: "localhost:15326"
    adminAddress: "localhost:15325"
    startupRole: FOLLOWER
  }
}
commitInfos {
  server {
    id: "s2"
    address: "localhost:15328"
    dataStreamAddress: "localhost:15331"
    clientAddress: "localhost:15330"
    adminAddress: "localhost:15329"
    startupRole: FOLLOWER
  }
}
]
2024-10-20 10:47:34,709 [s3@group-0A90AD4804C7->s4-GrpcLogAppender-LogAppenderDaemon] INFO  util.CodeInjectionForTesting (DelayLocalExecutionInjection.java:execute(65)) - s3 delay 150 ms, args=[serverRequest {
  requestorId: "s3"
  replyId: "s4"
  raftGroupId {
    id: "\022\253#?\217\233E\353\215^\n\220\255H\004\307"
  }
  callId: 10
}
leaderTerm: 1
previousLog {
  term: 1
}
commitInfos {
  server {
    id: "s3"
    address: "localhost:15332"
    dataStreamAddress: "localhost:15335"
    clientAddress: "localhost:15334"
    adminAddress: "localhost:15333"
    startupRole: FOLLOWER
  }
}
commitInfos {
  server {
    id: "s4"
    address: "localhost:15336"
    dataStreamAddress: "localhost:15339"
    clientAddress: "localhost:15338"
    adminAddress: "localhost:15337"
    startupRole: FOLLOWER
  }
}
commitInfos {
  server {
    id: "s0"
    address: "localhost:15320"
    dataStreamAddress: "localhost:15323"
    clientAddress: "localhost:15322"
    adminAddress: "localhost:15321"
    startupRole: FOLLOWER
  }
}
commitInfos {
  server {
    id: "s1"
    address: "localhost:15324"
    dataStreamAddress: "localhost:15327"
    clientAddress: "localhost:15326"
    adminAddress: "localhost:15325"
    startupRole: FOLLOWER
  }
}
commitInfos {
  server {
    id: "s2"
    address: "localhost:15328"
    dataStreamAddress: "localhost:15331"
    clientAddress: "localhost:15330"
    adminAddress: "localhost:15329"
    startupRole: FOLLOWER
  }
}
]
2024-10-20 10:47:34,809 [s0@group-0A90AD4804C7-FollowerState] INFO  impl.FollowerState (FollowerState.java:runImpl(161)) - s0@group-0A90AD4804C7-FollowerState: change to CANDIDATE, lastRpcElapsedTime:183721667ns, electionTimeout:160ms
2024-10-20 10:47:34,809 [s0@group-0A90AD4804C7-FollowerState] INFO  impl.RoleInfo (RoleInfo.java:shutdownFollowerState(121)) - s0: shutdown s0@group-0A90AD4804C7-FollowerState
2024-10-20 10:47:34,809 [s0@group-0A90AD4804C7-FollowerState] INFO  server.RaftServer$Division (RaftServerImpl.java:setRole(380)) - s0@group-0A90AD4804C7: changes role from  FOLLOWER to CANDIDATE at term 1 for changeToCandidate
2024-10-20 10:47:34,809 [s0@group-0A90AD4804C7-FollowerState] INFO  server.RaftServerConfigKeys (ConfUtils.java:logGet(46)) - raft.server.leaderelection.pre-vote = true (default)
2024-10-20 10:47:34,809 [s0@group-0A90AD4804C7-FollowerState] INFO  impl.RoleInfo (RoleInfo.java:updateAndGet(148)) - s0: start s0@group-0A90AD4804C7-LeaderElection92
2024-10-20 10:47:34,809 [s0@group-0A90AD4804C7-LeaderElection92] INFO  server.RaftServer$Division (ServerState.java:setLeader(272)) - s0@group-0A90AD4804C7: change Leader from s3 to null at term 1 for PRE_VOTE
2024-10-20 10:47:34,810 [s0@group-0A90AD4804C7-LeaderElection92] INFO  impl.LeaderElection (LeaderElection.java:askForVotes(333)) - s0@group-0A90AD4804C7-LeaderElection92 PRE_VOTE round 0: submit vote requests at term 1 for conf: {index: 0, cur=peers:[s3|localhost:15332, s4|localhost:15336, s0|localhost:15320, s1|localhost:15324, s2|localhost:15328]|listeners:[], old=null}
2024-10-20 10:47:34,811 [s0@group-0A90AD4804C7-LeaderElection92-4] INFO  util.CodeInjectionForTesting (DelayLocalExecutionInjection.java:execute(65)) - s0 delay 150 ms, args=[serverRequest {
  requestorId: "s0"
  replyId: "s2"
  raftGroupId {
    id: "\022\253#?\217\233E\353\215^\n\220\255H\004\307"
  }
}
candidateTerm: 1
candidateLastEntry {
  term: 1
}
preVote: true
]
2024-10-20 10:47:34,811 [s0@group-0A90AD4804C7-LeaderElection92-3] INFO  util.CodeInjectionForTesting (DelayLocalExecutionInjection.java:execute(65)) - s0 delay 150 ms, args=[serverRequest {
  requestorId: "s0"
  replyId: "s1"
  raftGroupId {
    id: "\022\253#?\217\233E\353\215^\n\220\255H\004\307"
  }
}
candidateTerm: 1
candidateLastEntry {
  term: 1
}
preVote: true
]
2024-10-20 10:47:34,811 [s0@group-0A90AD4804C7-LeaderElection92-1] INFO  util.CodeInjectionForTesting (DelayLocalExecutionInjection.java:execute(65)) - s0 delay 150 ms, args=[serverRequest {
  requestorId: "s0"
  replyId: "s3"
  raftGroupId {
    id: "\022\253#?\217\233E\353\215^\n\220\255H\004\307"
  }
}
candidateTerm: 1
candidateLastEntry {
  term: 1
}
preVote: true
]
2024-10-20 10:47:34,811 [s0@group-0A90AD4804C7-LeaderElection92-2] INFO  util.CodeInjectionForTesting (DelayLocalExecutionInjection.java:execute(65)) - s0 delay 150 ms, args=[serverRequest {
  requestorId: "s0"
  replyId: "s4"
  raftGroupId {
    id: "\022\253#?\217\233E\353\215^\n\220\255H\004\307"
  }
}
candidateTerm: 1
candidateLastEntry {
  term: 1
}
preVote: true
]
2024-10-20 10:47:34,821 [s3@group-0A90AD4804C7->s1-GrpcLogAppender-LogAppenderDaemon] INFO  util.CodeInjectionForTesting (DelayLocalExecutionInjection.java:execute(65)) - s3 delay 150 ms, args=[serverRequest {
  requestorId: "s3"
  replyId: "s1"
  raftGroupId {
    id: "\022\253#?\217\233E\353\215^\n\220\255H\004\307"
  }
  callId: 14
}
leaderTerm: 1
previousLog {
  term: 1
}
commitInfos {
  server {
    id: "s3"
    address: "localhost:15332"
    dataStreamAddress: "localhost:15335"
    clientAddress: "localhost:15334"
    adminAddress: "localhost:15333"
    startupRole: FOLLOWER
  }
}
commitInfos {
  server {
    id: "s4"
    address: "localhost:15336"
    dataStreamAddress: "localhost:15339"
    clientAddress: "localhost:15338"
    adminAddress: "localhost:15337"
    startupRole: FOLLOWER
  }
}
commitInfos {
  server {
    id: "s0"
    address: "localhost:15320"
    dataStreamAddress: "localhost:15323"
    clientAddress: "localhost:15322"
    adminAddress: "localhost:15321"
    startupRole: FOLLOWER
  }
}
commitInfos {
  server {
    id: "s1"
    address: "localhost:15324"
    dataStreamAddress: "localhost:15327"
    clientAddress: "localhost:15326"
    adminAddress: "localhost:15325"
    startupRole: FOLLOWER
  }
}
commitInfos {
  server {
    id: "s2"
    address: "localhost:15328"
    dataStreamAddress: "localhost:15331"
    clientAddress: "localhost:15330"
    adminAddress: "localhost:15329"
    startupRole: FOLLOWER
  }
}
]
2024-10-20 10:47:34,853 [s0-server-thread3] INFO  server.RaftServer$Division (RaftServerImpl.java:setRole(380)) - s0@group-0A90AD4804C7: changes role from CANDIDATE to FOLLOWER at term 1 for appendEntries
2024-10-20 10:47:34,853 [s0-server-thread3] INFO  impl.RoleInfo (RoleInfo.java:shutdownLeaderElection(141)) - s0: shutdown s0@group-0A90AD4804C7-LeaderElection92
2024-10-20 10:47:34,853 [s1@group-0A90AD4804C7-FollowerState] INFO  impl.FollowerState (FollowerState.java:runImpl(161)) - s1@group-0A90AD4804C7-FollowerState: change to CANDIDATE, lastRpcElapsedTime:173894700ns, electionTimeout:173ms
2024-10-20 10:47:34,853 [s1@group-0A90AD4804C7-FollowerState] INFO  impl.RoleInfo (RoleInfo.java:shutdownFollowerState(121)) - s1: shutdown s1@group-0A90AD4804C7-FollowerState
2024-10-20 10:47:34,853 [s1@group-0A90AD4804C7-FollowerState] INFO  server.RaftServer$Division (RaftServerImpl.java:setRole(380)) - s1@group-0A90AD4804C7: changes role from  FOLLOWER to CANDIDATE at term 1 for changeToCandidate
2024-10-20 10:47:34,853 [s1@group-0A90AD4804C7-FollowerState] INFO  server.RaftServerConfigKeys (ConfUtils.java:logGet(46)) - raft.server.leaderelection.pre-vote = true (default)
2024-10-20 10:47:34,853 [s1@group-0A90AD4804C7-FollowerState] INFO  impl.RoleInfo (RoleInfo.java:updateAndGet(148)) - s1: start s1@group-0A90AD4804C7-LeaderElection93
2024-10-20 10:47:34,853 [s0-server-thread3] INFO  impl.RoleInfo (RoleInfo.java:updateAndGet(148)) - s0: start s0@group-0A90AD4804C7-FollowerState
2024-10-20 10:47:34,853 [s1@group-0A90AD4804C7-LeaderElection93] INFO  impl.LeaderElection (LeaderElection.java:askForVotes(333)) - s1@group-0A90AD4804C7-LeaderElection93 PRE_VOTE round 0: submit vote requests at term 1 for conf: {index: 0, cur=peers:[s3|localhost:15332, s4|localhost:15336, s0|localhost:15320, s1|localhost:15324, s2|localhost:15328]|listeners:[], old=null}
2024-10-20 10:47:34,854 [s0-server-thread3] INFO  server.RaftServer$Division (ServerState.java:setLeader(272)) - s0@group-0A90AD4804C7: change Leader from null to s3 at term 1 for appendEntries, leader elected after 43ms
2024-10-20 10:47:34,858 [grpc-default-executor-9] INFO  server.RaftServer$Division (RaftServerImpl.java:requestVote(1447)) - s3@group-0A90AD4804C7: receive requestVote(PRE_VOTE, s1, group-0A90AD4804C7, 1, (t:1, i:0))
2024-10-20 10:47:34,859 [grpc-default-executor-9] INFO  impl.VoteContext (VoteContext.java:log(49)) - s3@group-0A90AD4804C7-LEADER: reject PRE_VOTE from s1: this server is the leader and still has leadership
2024-10-20 10:47:34,859 [grpc-default-executor-9] INFO  server.RaftServer$Division (RaftServerImpl.java:requestVote(1480)) - s3@group-0A90AD4804C7 replies to PRE_VOTE vote request: s1<-s3#0:FAIL-t1. Peer's state: s3@group-0A90AD4804C7:t1, leader=s3, voted=s3, raftlog=Memoized:s3@group-0A90AD4804C7-SegmentedRaftLog:OPENED:c0:last(t:1, i:0), conf=conf: {index: 0, cur=peers:[s3|localhost:15332, s4|localhost:15336, s0|localhost:15320, s1|localhost:15324, s2|localhost:15328]|listeners:[], old=null}
2024-10-20 10:47:34,859 [grpc-default-executor-3] INFO  server.RaftServer$Division (RaftServerImpl.java:requestVote(1447)) - s2@group-0A90AD4804C7: receive requestVote(PRE_VOTE, s1, group-0A90AD4804C7, 1, (t:1, i:0))
2024-10-20 10:47:34,859 [grpc-default-executor-3] INFO  impl.VoteContext (VoteContext.java:log(49)) - s2@group-0A90AD4804C7-FOLLOWER: reject PRE_VOTE from s1: this server is a follower and still has a valid leader s3 different than the candidate s1
2024-10-20 10:47:34,859 [grpc-default-executor-3] INFO  server.RaftServer$Division (RaftServerImpl.java:requestVote(1480)) - s2@group-0A90AD4804C7 replies to PRE_VOTE vote request: s1<-s2#0:FAIL-t1. Peer's state: s2@group-0A90AD4804C7:t1, leader=s3, voted=s3, raftlog=Memoized:s2@group-0A90AD4804C7-SegmentedRaftLog:OPENED:c0:last(t:1, i:0), conf=conf: {index: 0, cur=peers:[s3|localhost:15332, s4|localhost:15336, s0|localhost:15320, s1|localhost:15324, s2|localhost:15328]|listeners:[], old=null}
2024-10-20 10:47:34,859 [grpc-default-executor-8] INFO  server.RaftServer$Division (RaftServerImpl.java:requestVote(1447)) - s0@group-0A90AD4804C7: receive requestVote(PRE_VOTE, s1, group-0A90AD4804C7, 1, (t:1, i:0))
2024-10-20 10:47:34,859 [grpc-default-executor-8] INFO  impl.VoteContext (VoteContext.java:log(49)) - s0@group-0A90AD4804C7-FOLLOWER: reject PRE_VOTE from s1: this server is a follower and still has a valid leader s3 different than the candidate s1
2024-10-20 10:47:34,860 [grpc-default-executor-8] INFO  server.RaftServer$Division (RaftServerImpl.java:requestVote(1480)) - s0@group-0A90AD4804C7 replies to PRE_VOTE vote request: s1<-s0#0:FAIL-t1. Peer's state: s0@group-0A90AD4804C7:t1, leader=s3, voted=s3, raftlog=Memoized:s0@group-0A90AD4804C7-SegmentedRaftLog:OPENED:c0:last(t:1, i:0), conf=conf: {index: 0, cur=peers:[s3|localhost:15332, s4|localhost:15336, s0|localhost:15320, s1|localhost:15324, s2|localhost:15328]|listeners:[], old=null}
2024-10-20 10:47:34,860 [grpc-default-executor-1] INFO  server.RaftServer$Division (RaftServerImpl.java:requestVote(1447)) - s4@group-0A90AD4804C7: receive requestVote(PRE_VOTE, s1, group-0A90AD4804C7, 1, (t:1, i:0))
2024-10-20 10:47:34,860 [grpc-default-executor-1] INFO  impl.VoteContext (VoteContext.java:log(49)) - s4@group-0A90AD4804C7-FOLLOWER: accept PRE_VOTE from s1: our priority 0 <= candidate's priority 0
2024-10-20 10:47:34,860 [grpc-default-executor-1] INFO  server.RaftServer$Division (RaftServerImpl.java:requestVote(1480)) - s4@group-0A90AD4804C7 replies to PRE_VOTE vote request: s1<-s4#0:OK-t1. Peer's state: s4@group-0A90AD4804C7:t1, leader=s3, voted=s3, raftlog=Memoized:s4@group-0A90AD4804C7-SegmentedRaftLog:OPENED:c0:last(t:1, i:0), conf=conf: {index: 0, cur=peers:[s3|localhost:15332, s4|localhost:15336, s0|localhost:15320, s1|localhost:15324, s2|localhost:15328]|listeners:[], old=null}
2024-10-20 10:47:34,863 [s1@group-0A90AD4804C7-LeaderElection93] INFO  impl.LeaderElection (LeaderElection.java:logAndReturn(90)) - s1@group-0A90AD4804C7-LeaderElection93: PRE_VOTE REJECTED received 4 response(s) and 0 exception(s):
2024-10-20 10:47:34,863 [s1@group-0A90AD4804C7-LeaderElection93] INFO  impl.LeaderElection (LeaderElection.java:logAndReturn(94)) -   Response 0: s1<-s3#0:FAIL-t1
2024-10-20 10:47:34,863 [s1@group-0A90AD4804C7-LeaderElection93] INFO  impl.LeaderElection (LeaderElection.java:logAndReturn(94)) -   Response 1: s1<-s4#0:OK-t1
2024-10-20 10:47:34,863 [s1@group-0A90AD4804C7-LeaderElection93] INFO  impl.LeaderElection (LeaderElection.java:logAndReturn(94)) -   Response 2: s1<-s0#0:FAIL-t1
2024-10-20 10:47:34,863 [s1@group-0A90AD4804C7-LeaderElection93] INFO  impl.LeaderElection (LeaderElection.java:logAndReturn(94)) -   Response 3: s1<-s2#0:FAIL-t1
2024-10-20 10:47:34,863 [s1@group-0A90AD4804C7-LeaderElection93] INFO  impl.LeaderElection (LeaderElection.java:askForVotes(335)) - s1@group-0A90AD4804C7-LeaderElection93 PRE_VOTE round 0: result REJECTED
2024-10-20 10:47:34,863 [s1@group-0A90AD4804C7-LeaderElection93] INFO  server.RaftServer$Division (RaftServerImpl.java:setRole(380)) - s1@group-0A90AD4804C7: changes role from CANDIDATE to FOLLOWER at term 1 for REJECTED
2024-10-20 10:47:34,863 [s1@group-0A90AD4804C7-LeaderElection93] INFO  impl.RoleInfo (RoleInfo.java:shutdownLeaderElection(141)) - s1: shutdown s1@group-0A90AD4804C7-LeaderElection93
2024-10-20 10:47:34,863 [s1@group-0A90AD4804C7-LeaderElection93] INFO  impl.RoleInfo (RoleInfo.java:updateAndGet(148)) - s1: start s1@group-0A90AD4804C7-FollowerState
2024-10-20 10:47:34,930 [s3@group-0A90AD4804C7->s2-GrpcLogAppender-LogAppenderDaemon] INFO  util.CodeInjectionForTesting (DelayLocalExecutionInjection.java:execute(65)) - s3 delay 150 ms, args=[serverRequest {
  requestorId: "s3"
  replyId: "s2"
  raftGroupId {
    id: "\022\253#?\217\233E\353\215^\n\220\255H\004\307"
  }
  callId: 9
}
leaderTerm: 1
previousLog {
  term: 1
}
commitInfos {
  server {
    id: "s3"
    address: "localhost:15332"
    dataStreamAddress: "localhost:15335"
    clientAddress: "localhost:15334"
    adminAddress: "localhost:15333"
    startupRole: FOLLOWER
  }
}
commitInfos {
  server {
    id: "s4"
    address: "localhost:15336"
    dataStreamAddress: "localhost:15339"
    clientAddress: "localhost:15338"
    adminAddress: "localhost:15337"
    startupRole: FOLLOWER
  }
}
commitInfos {
  server {
    id: "s0"
    address: "localhost:15320"
    dataStreamAddress: "localhost:15323"
    clientAddress: "localhost:15322"
    adminAddress: "localhost:15321"
    startupRole: FOLLOWER
  }
}
commitInfos {
  server {
    id: "s1"
    address: "localhost:15324"
    dataStreamAddress: "localhost:15327"
    clientAddress: "localhost:15326"
    adminAddress: "localhost:15325"
    startupRole: FOLLOWER
  }
}
commitInfos {
  server {
    id: "s2"
    address: "localhost:15328"
    dataStreamAddress: "localhost:15331"
    clientAddress: "localhost:15330"
    adminAddress: "localhost:15329"
    startupRole: FOLLOWER
  }
}
]
2024-10-20 10:47:34,930 [s3@group-0A90AD4804C7->s0-GrpcLogAppender-LogAppenderDaemon] INFO  util.CodeInjectionForTesting (DelayLocalExecutionInjection.java:execute(65)) - s3 delay 150 ms, args=[serverRequest {
  requestorId: "s3"
  replyId: "s0"
  raftGroupId {
    id: "\022\253#?\217\233E\353\215^\n\220\255H\004\307"
  }
  callId: 8
}
leaderTerm: 1
previousLog {
  term: 1
}
commitInfos {
  server {
    id: "s3"
    address: "localhost:15332"
    dataStreamAddress: "localhost:15335"
    clientAddress: "localhost:15334"
    adminAddress: "localhost:15333"
    startupRole: FOLLOWER
  }
}
commitInfos {
  server {
    id: "s4"
    address: "localhost:15336"
    dataStreamAddress: "localhost:15339"
    clientAddress: "localhost:15338"
    adminAddress: "localhost:15337"
    startupRole: FOLLOWER
  }
}
commitInfos {
  server {
    id: "s0"
    address: "localhost:15320"
    dataStreamAddress: "localhost:15323"
    clientAddress: "localhost:15322"
    adminAddress: "localhost:15321"
    startupRole: FOLLOWER
  }
}
commitInfos {
  server {
    id: "s1"
    address: "localhost:15324"
    dataStreamAddress: "localhost:15327"
    clientAddress: "localhost:15326"
    adminAddress: "localhost:15325"
    startupRole: FOLLOWER
  }
}
commitInfos {
  server {
    id: "s2"
    address: "localhost:15328"
    dataStreamAddress: "localhost:15331"
    clientAddress: "localhost:15330"
    adminAddress: "localhost:15329"
    startupRole: FOLLOWER
  }
}
]
2024-10-20 10:47:34,937 [s3@group-0A90AD4804C7->s4-GrpcLogAppender-LogAppenderDaemon] INFO  util.CodeInjectionForTesting (DelayLocalExecutionInjection.java:execute(65)) - s3 delay 150 ms, args=[serverRequest {
  requestorId: "s3"
  replyId: "s4"
  raftGroupId {
    id: "\022\253#?\217\233E\353\215^\n\220\255H\004\307"
  }
  callId: 11
}
leaderTerm: 1
previousLog {
  term: 1
}
commitInfos {
  server {
    id: "s3"
    address: "localhost:15332"
    dataStreamAddress: "localhost:15335"
    clientAddress: "localhost:15334"
    adminAddress: "localhost:15333"
    startupRole: FOLLOWER
  }
}
commitInfos {
  server {
    id: "s4"
    address: "localhost:15336"
    dataStreamAddress: "localhost:15339"
    clientAddress: "localhost:15338"
    adminAddress: "localhost:15337"
    startupRole: FOLLOWER
  }
}
commitInfos {
  server {
    id: "s0"
    address: "localhost:15320"
    dataStreamAddress: "localhost:15323"
    clientAddress: "localhost:15322"
    adminAddress: "localhost:15321"
    startupRole: FOLLOWER
  }
}
commitInfos {
  server {
    id: "s1"
    address: "localhost:15324"
    dataStreamAddress: "localhost:15327"
    clientAddress: "localhost:15326"
    adminAddress: "localhost:15325"
    startupRole: FOLLOWER
  }
}
commitInfos {
  server {
    id: "s2"
    address: "localhost:15328"
    dataStreamAddress: "localhost:15331"
    clientAddress: "localhost:15330"
    adminAddress: "localhost:15329"
    startupRole: FOLLOWER
  }
}
]
2024-10-20 10:47:34,960 [s0@group-0A90AD4804C7-LeaderElection92] INFO  impl.LeaderElection (LeaderElection.java:logAndReturn(90)) - s0@group-0A90AD4804C7-LeaderElection92: PRE_VOTE REJECTED received 0 response(s) and 0 exception(s):
2024-10-20 10:47:34,960 [s0@group-0A90AD4804C7-LeaderElection92] INFO  impl.LeaderElection (LeaderElection.java:askForVotes(335)) - s0@group-0A90AD4804C7-LeaderElection92 PRE_VOTE round 0: result REJECTED
2024-10-20 10:47:34,961 [s0@group-0A90AD4804C7-LeaderElection92-3] INFO  server.GrpcServerProtocolClient (GrpcServerProtocolClient.java:<init>(65)) - Build channel for s1|localhost:15324
2024-10-20 10:47:34,961 [s0@group-0A90AD4804C7-LeaderElection92-2] INFO  server.GrpcServerProtocolClient (GrpcServerProtocolClient.java:<init>(65)) - Build channel for s4|localhost:15336
2024-10-20 10:47:34,961 [s0@group-0A90AD4804C7-LeaderElection92-1] INFO  server.GrpcServerProtocolClient (GrpcServerProtocolClient.java:<init>(65)) - Build channel for s3|localhost:15332
2024-10-20 10:47:34,961 [s0@group-0A90AD4804C7-LeaderElection92-4] INFO  server.GrpcServerProtocolClient (GrpcServerProtocolClient.java:<init>(65)) - Build channel for s2|localhost:15328
2024-10-20 10:47:35,010 [s3@group-0A90AD4804C7->s1-GrpcLogAppender-LogAppenderDaemon] INFO  util.CodeInjectionForTesting (DelayLocalExecutionInjection.java:execute(65)) - s3 delay 150 ms, args=[serverRequest {
  requestorId: "s3"
  replyId: "s1"
  raftGroupId {
    id: "\022\253#?\217\233E\353\215^\n\220\255H\004\307"
  }
  callId: 15
}
leaderTerm: 1
previousLog {
  term: 1
}
commitInfos {
  server {
    id: "s3"
    address: "localhost:15332"
    dataStreamAddress: "localhost:15335"
    clientAddress: "localhost:15334"
    adminAddress: "localhost:15333"
    startupRole: FOLLOWER
  }
}
commitInfos {
  server {
    id: "s4"
    address: "localhost:15336"
    dataStreamAddress: "localhost:15339"
    clientAddress: "localhost:15338"
    adminAddress: "localhost:15337"
    startupRole: FOLLOWER
  }
}
commitInfos {
  server {
    id: "s0"
    address: "localhost:15320"
    dataStreamAddress: "localhost:15323"
    clientAddress: "localhost:15322"
    adminAddress: "localhost:15321"
    startupRole: FOLLOWER
  }
}
commitInfos {
  server {
    id: "s1"
    address: "localhost:15324"
    dataStreamAddress: "localhost:15327"
    clientAddress: "localhost:15326"
    adminAddress: "localhost:15325"
    startupRole: FOLLOWER
  }
}
commitInfos {
  server {
    id: "s2"
    address: "localhost:15328"
    dataStreamAddress: "localhost:15331"
    clientAddress: "localhost:15330"
    adminAddress: "localhost:15329"
    startupRole: FOLLOWER
  }
}
]
2024-10-20 10:47:35,056 [s0@group-0A90AD4804C7-FollowerState] INFO  impl.FollowerState (FollowerState.java:runImpl(161)) - s0@group-0A90AD4804C7-FollowerState: change to CANDIDATE, lastRpcElapsedTime:202247677ns, electionTimeout:202ms
2024-10-20 10:47:35,056 [s0@group-0A90AD4804C7-FollowerState] INFO  impl.RoleInfo (RoleInfo.java:shutdownFollowerState(121)) - s0: shutdown s0@group-0A90AD4804C7-FollowerState
2024-10-20 10:47:35,056 [s0@group-0A90AD4804C7-FollowerState] INFO  server.RaftServer$Division (RaftServerImpl.java:setRole(380)) - s0@group-0A90AD4804C7: changes role from  FOLLOWER to CANDIDATE at term 1 for changeToCandidate
2024-10-20 10:47:35,056 [s0@group-0A90AD4804C7-FollowerState] INFO  server.RaftServerConfigKeys (ConfUtils.java:logGet(46)) - raft.server.leaderelection.pre-vote = true (default)
2024-10-20 10:47:35,056 [s0@group-0A90AD4804C7-FollowerState] INFO  impl.RoleInfo (RoleInfo.java:updateAndGet(148)) - s0: start s0@group-0A90AD4804C7-LeaderElection94
2024-10-20 10:47:35,057 [s0@group-0A90AD4804C7-LeaderElection94] INFO  server.RaftServer$Division (ServerState.java:setLeader(272)) - s0@group-0A90AD4804C7: change Leader from s3 to null at term 1 for PRE_VOTE
2024-10-20 10:47:35,057 [s0@group-0A90AD4804C7-LeaderElection94] INFO  impl.LeaderElection (LeaderElection.java:askForVotes(333)) - s0@group-0A90AD4804C7-LeaderElection94 PRE_VOTE round 0: submit vote requests at term 1 for conf: {index: 0, cur=peers:[s3|localhost:15332, s4|localhost:15336, s0|localhost:15320, s1|localhost:15324, s2|localhost:15328]|listeners:[], old=null}
2024-10-20 10:47:35,057 [s0@group-0A90AD4804C7-LeaderElection94-1] INFO  util.CodeInjectionForTesting (DelayLocalExecutionInjection.java:execute(65)) - s0 delay 150 ms, args=[serverRequest {
  requestorId: "s0"
  replyId: "s3"
  raftGroupId {
    id: "\022\253#?\217\233E\353\215^\n\220\255H\004\307"
  }
}
candidateTerm: 1
candidateLastEntry {
  term: 1
}
preVote: true
]
2024-10-20 10:47:35,058 [s0@group-0A90AD4804C7-LeaderElection94-4] INFO  util.CodeInjectionForTesting (DelayLocalExecutionInjection.java:execute(65)) - s0 delay 150 ms, args=[serverRequest {
  requestorId: "s0"
  replyId: "s2"
  raftGroupId {
    id: "\022\253#?\217\233E\353\215^\n\220\255H\004\307"
  }
}
candidateTerm: 1
candidateLastEntry {
  term: 1
}
preVote: true
]
2024-10-20 10:47:35,058 [s0@group-0A90AD4804C7-LeaderElection94-3] INFO  util.CodeInjectionForTesting (DelayLocalExecutionInjection.java:execute(65)) - s0 delay 150 ms, args=[serverRequest {
  requestorId: "s0"
  replyId: "s1"
  raftGroupId {
    id: "\022\253#?\217\233E\353\215^\n\220\255H\004\307"
  }
}
candidateTerm: 1
candidateLastEntry {
  term: 1
}
preVote: true
]
2024-10-20 10:47:35,057 [s0@group-0A90AD4804C7-LeaderElection94-2] INFO  util.CodeInjectionForTesting (DelayLocalExecutionInjection.java:execute(65)) - s0 delay 150 ms, args=[serverRequest {
  requestorId: "s0"
  replyId: "s4"
  raftGroupId {
    id: "\022\253#?\217\233E\353\215^\n\220\255H\004\307"
  }
}
candidateTerm: 1
candidateLastEntry {
  term: 1
}
preVote: true
]
2024-10-20 10:47:35,081 [s0-server-thread2] INFO  server.RaftServer$Division (RaftServerImpl.java:setRole(380)) - s0@group-0A90AD4804C7: changes role from CANDIDATE to FOLLOWER at term 1 for appendEntries
2024-10-20 10:47:35,082 [s0-server-thread2] INFO  impl.RoleInfo (RoleInfo.java:shutdownLeaderElection(141)) - s0: shutdown s0@group-0A90AD4804C7-LeaderElection94
2024-10-20 10:47:35,082 [s0-server-thread2] INFO  impl.RoleInfo (RoleInfo.java:updateAndGet(148)) - s0: start s0@group-0A90AD4804C7-FollowerState
2024-10-20 10:47:35,082 [s0-server-thread2] INFO  server.RaftServer$Division (ServerState.java:setLeader(272)) - s0@group-0A90AD4804C7: change Leader from null to s3 at term 1 for appendEntries, leader elected after 25ms
2024-10-20 10:47:35,085 [main] INFO  server.RaftServerConfigKeys (ConfUtils.java:logGet(46)) - raft.server.rpc.timeout.max = 300ms (default)
2024-10-20 10:47:35,110 [s1@group-0A90AD4804C7-FollowerState] INFO  impl.FollowerState (FollowerState.java:runImpl(161)) - s1@group-0A90AD4804C7-FollowerState: change to CANDIDATE, lastRpcElapsedTime:246356242ns, electionTimeout:246ms
2024-10-20 10:47:35,110 [s1@group-0A90AD4804C7-FollowerState] INFO  impl.RoleInfo (RoleInfo.java:shutdownFollowerState(121)) - s1: shutdown s1@group-0A90AD4804C7-FollowerState
2024-10-20 10:47:35,110 [s1@group-0A90AD4804C7-FollowerState] INFO  server.RaftServer$Division (RaftServerImpl.java:setRole(380)) - s1@group-0A90AD4804C7: changes role from  FOLLOWER to CANDIDATE at term 1 for changeToCandidate
2024-10-20 10:47:35,110 [s1@group-0A90AD4804C7-FollowerState] INFO  server.RaftServerConfigKeys (ConfUtils.java:logGet(46)) - raft.server.leaderelection.pre-vote = true (default)
2024-10-20 10:47:35,110 [s1@group-0A90AD4804C7-FollowerState] INFO  impl.RoleInfo (RoleInfo.java:updateAndGet(148)) - s1: start s1@group-0A90AD4804C7-LeaderElection95
2024-10-20 10:47:35,110 [s1@group-0A90AD4804C7-LeaderElection95] INFO  impl.LeaderElection (LeaderElection.java:askForVotes(333)) - s1@group-0A90AD4804C7-LeaderElection95 PRE_VOTE round 0: submit vote requests at term 1 for conf: {index: 0, cur=peers:[s3|localhost:15332, s4|localhost:15336, s0|localhost:15320, s1|localhost:15324, s2|localhost:15328]|listeners:[], old=null}
2024-10-20 10:47:35,113 [grpc-default-executor-8] INFO  server.RaftServer$Division (RaftServerImpl.java:requestVote(1447)) - s3@group-0A90AD4804C7: receive requestVote(PRE_VOTE, s1, group-0A90AD4804C7, 1, (t:1, i:0))
2024-10-20 10:47:35,113 [grpc-default-executor-8] INFO  impl.VoteContext (VoteContext.java:log(49)) - s3@group-0A90AD4804C7-LEADER: reject PRE_VOTE from s1: this server is the leader and still has leadership
2024-10-20 10:47:35,113 [grpc-default-executor-8] INFO  server.RaftServer$Division (RaftServerImpl.java:requestVote(1480)) - s3@group-0A90AD4804C7 replies to PRE_VOTE vote request: s1<-s3#0:FAIL-t1. Peer's state: s3@group-0A90AD4804C7:t1, leader=s3, voted=s3, raftlog=Memoized:s3@group-0A90AD4804C7-SegmentedRaftLog:OPENED:c0:last(t:1, i:0), conf=conf: {index: 0, cur=peers:[s3|localhost:15332, s4|localhost:15336, s0|localhost:15320, s1|localhost:15324, s2|localhost:15328]|listeners:[], old=null}
2024-10-20 10:47:35,115 [grpc-default-executor-1] INFO  server.RaftServer$Division (RaftServerImpl.java:requestVote(1447)) - s4@group-0A90AD4804C7: receive requestVote(PRE_VOTE, s1, group-0A90AD4804C7, 1, (t:1, i:0))
2024-10-20 10:47:35,115 [grpc-default-executor-1] INFO  impl.VoteContext (VoteContext.java:log(49)) - s4@group-0A90AD4804C7-FOLLOWER: reject PRE_VOTE from s1: this server is a follower and still has a valid leader s3 different than the candidate s1
2024-10-20 10:47:35,115 [grpc-default-executor-1] INFO  server.RaftServer$Division (RaftServerImpl.java:requestVote(1480)) - s4@group-0A90AD4804C7 replies to PRE_VOTE vote request: s1<-s4#0:FAIL-t1. Peer's state: s4@group-0A90AD4804C7:t1, leader=s3, voted=s3, raftlog=Memoized:s4@group-0A90AD4804C7-SegmentedRaftLog:OPENED:c0:last(t:1, i:0), conf=conf: {index: 0, cur=peers:[s3|localhost:15332, s4|localhost:15336, s0|localhost:15320, s1|localhost:15324, s2|localhost:15328]|listeners:[], old=null}
2024-10-20 10:47:35,118 [grpc-default-executor-1] INFO  server.RaftServer$Division (RaftServerImpl.java:requestVote(1447)) - s0@group-0A90AD4804C7: receive requestVote(PRE_VOTE, s1, group-0A90AD4804C7, 1, (t:1, i:0))
2024-10-20 10:47:35,118 [grpc-default-executor-1] INFO  impl.VoteContext (VoteContext.java:log(49)) - s0@group-0A90AD4804C7-FOLLOWER: reject PRE_VOTE from s1: this server is a follower and still has a valid leader s3 different than the candidate s1
2024-10-20 10:47:35,118 [grpc-default-executor-1] INFO  server.RaftServer$Division (RaftServerImpl.java:requestVote(1480)) - s0@group-0A90AD4804C7 replies to PRE_VOTE vote request: s1<-s0#0:FAIL-t1. Peer's state: s0@group-0A90AD4804C7:t1, leader=s3, voted=s3, raftlog=Memoized:s0@group-0A90AD4804C7-SegmentedRaftLog:OPENED:c0:last(t:1, i:0), conf=conf: {index: 0, cur=peers:[s3|localhost:15332, s4|localhost:15336, s0|localhost:15320, s1|localhost:15324, s2|localhost:15328]|listeners:[], old=null}
2024-10-20 10:47:35,119 [grpc-default-executor-8] INFO  server.RaftServer$Division (RaftServerImpl.java:requestVote(1447)) - s2@group-0A90AD4804C7: receive requestVote(PRE_VOTE, s1, group-0A90AD4804C7, 1, (t:1, i:0))
2024-10-20 10:47:35,119 [grpc-default-executor-8] INFO  impl.VoteContext (VoteContext.java:log(49)) - s2@group-0A90AD4804C7-FOLLOWER: reject PRE_VOTE from s1: this server is a follower and still has a valid leader s3 different than the candidate s1
2024-10-20 10:47:35,119 [grpc-default-executor-8] INFO  server.RaftServer$Division (RaftServerImpl.java:requestVote(1480)) - s2@group-0A90AD4804C7 replies to PRE_VOTE vote request: s1<-s2#0:FAIL-t1. Peer's state: s2@group-0A90AD4804C7:t1, leader=s3, voted=s3, raftlog=Memoized:s2@group-0A90AD4804C7-SegmentedRaftLog:OPENED:c0:last(t:1, i:0), conf=conf: {index: 0, cur=peers:[s3|localhost:15332, s4|localhost:15336, s0|localhost:15320, s1|localhost:15324, s2|localhost:15328]|listeners:[], old=null}
2024-10-20 10:47:35,119 [s1@group-0A90AD4804C7-LeaderElection95] INFO  impl.LeaderElection (LeaderElection.java:logAndReturn(90)) - s1@group-0A90AD4804C7-LeaderElection95: PRE_VOTE REJECTED received 3 response(s) and 0 exception(s):
2024-10-20 10:47:35,119 [s1@group-0A90AD4804C7-LeaderElection95] INFO  impl.LeaderElection (LeaderElection.java:logAndReturn(94)) -   Response 0: s1<-s3#0:FAIL-t1
2024-10-20 10:47:35,119 [s1@group-0A90AD4804C7-LeaderElection95] INFO  impl.LeaderElection (LeaderElection.java:logAndReturn(94)) -   Response 1: s1<-s4#0:FAIL-t1
2024-10-20 10:47:35,119 [s1@group-0A90AD4804C7-LeaderElection95] INFO  impl.LeaderElection (LeaderElection.java:logAndReturn(94)) -   Response 2: s1<-s0#0:FAIL-t1
2024-10-20 10:47:35,119 [s1@group-0A90AD4804C7-LeaderElection95] INFO  impl.LeaderElection (LeaderElection.java:askForVotes(335)) - s1@group-0A90AD4804C7-LeaderElection95 PRE_VOTE round 0: result REJECTED
2024-10-20 10:47:35,120 [s1@group-0A90AD4804C7-LeaderElection95] INFO  server.RaftServer$Division (RaftServerImpl.java:setRole(380)) - s1@group-0A90AD4804C7: changes role from CANDIDATE to FOLLOWER at term 1 for REJECTED
2024-10-20 10:47:35,120 [s1@group-0A90AD4804C7-LeaderElection95] INFO  impl.RoleInfo (RoleInfo.java:shutdownLeaderElection(141)) - s1: shutdown s1@group-0A90AD4804C7-LeaderElection95
2024-10-20 10:47:35,120 [s1@group-0A90AD4804C7-LeaderElection95] INFO  impl.RoleInfo (RoleInfo.java:updateAndGet(148)) - s1: start s1@group-0A90AD4804C7-FollowerState
2024-10-20 10:47:35,211 [grpc-default-executor-1] INFO  server.RaftServer$Division (RaftServerImpl.java:requestVote(1447)) - s1@group-0A90AD4804C7: receive requestVote(PRE_VOTE, s0, group-0A90AD4804C7, 1, (t:1, i:0))
2024-10-20 10:47:35,211 [grpc-default-executor-1] INFO  impl.VoteContext (VoteContext.java:log(49)) - s1@group-0A90AD4804C7-FOLLOWER: accept PRE_VOTE from s0: our priority 0 <= candidate's priority 0
2024-10-20 10:47:35,211 [grpc-default-executor-8] INFO  server.RaftServer$Division (RaftServerImpl.java:requestVote(1447)) - s4@group-0A90AD4804C7: receive requestVote(PRE_VOTE, s0, group-0A90AD4804C7, 1, (t:1, i:0))
2024-10-20 10:47:35,211 [grpc-default-executor-1] INFO  server.RaftServer$Division (RaftServerImpl.java:requestVote(1480)) - s1@group-0A90AD4804C7 replies to PRE_VOTE vote request: s0<-s1#0:OK-t1. Peer's state: s1@group-0A90AD4804C7:t1, leader=null, voted=s3, raftlog=Memoized:s1@group-0A90AD4804C7-SegmentedRaftLog:OPENED:c0:last(t:1, i:0), conf=conf: {index: 0, cur=peers:[s3|localhost:15332, s4|localhost:15336, s0|localhost:15320, s1|localhost:15324, s2|localhost:15328]|listeners:[], old=null}
2024-10-20 10:47:35,211 [grpc-default-executor-8] INFO  impl.VoteContext (VoteContext.java:log(49)) - s4@group-0A90AD4804C7-FOLLOWER: reject PRE_VOTE from s0: this server is a follower and still has a valid leader s3 different than the candidate s0
2024-10-20 10:47:35,211 [grpc-default-executor-8] INFO  server.RaftServer$Division (RaftServerImpl.java:requestVote(1480)) - s4@group-0A90AD4804C7 replies to PRE_VOTE vote request: s0<-s4#0:FAIL-t1. Peer's state: s4@group-0A90AD4804C7:t1, leader=s3, voted=s3, raftlog=Memoized:s4@group-0A90AD4804C7-SegmentedRaftLog:OPENED:c0:last(t:1, i:0), conf=conf: {index: 0, cur=peers:[s3|localhost:15332, s4|localhost:15336, s0|localhost:15320, s1|localhost:15324, s2|localhost:15328]|listeners:[], old=null}
2024-10-20 10:47:35,212 [grpc-default-executor-1] INFO  server.RaftServer$Division (RaftServerImpl.java:requestVote(1447)) - s2@group-0A90AD4804C7: receive requestVote(PRE_VOTE, s0, group-0A90AD4804C7, 1, (t:1, i:0))
2024-10-20 10:47:35,212 [grpc-default-executor-1] INFO  impl.VoteContext (VoteContext.java:log(49)) - s2@group-0A90AD4804C7-FOLLOWER: reject PRE_VOTE from s0: this server is a follower and still has a valid leader s3 different than the candidate s0
2024-10-20 10:47:35,212 [grpc-default-executor-1] INFO  server.RaftServer$Division (RaftServerImpl.java:requestVote(1480)) - s2@group-0A90AD4804C7 replies to PRE_VOTE vote request: s0<-s2#0:FAIL-t1. Peer's state: s2@group-0A90AD4804C7:t1, leader=s3, voted=s3, raftlog=Memoized:s2@group-0A90AD4804C7-SegmentedRaftLog:OPENED:c0:last(t:1, i:0), conf=conf: {index: 0, cur=peers:[s3|localhost:15332, s4|localhost:15336, s0|localhost:15320, s1|localhost:15324, s2|localhost:15328]|listeners:[], old=null}
2024-10-20 10:47:35,213 [s0@group-0A90AD4804C7-LeaderElection94] INFO  impl.LeaderElection (LeaderElection.java:logAndReturn(90)) - s0@group-0A90AD4804C7-LeaderElection94: PRE_VOTE REJECTED received 1 response(s) and 0 exception(s):
2024-10-20 10:47:35,213 [s0@group-0A90AD4804C7-LeaderElection94] INFO  impl.LeaderElection (LeaderElection.java:logAndReturn(94)) -   Response 0: s0<-s2#0:FAIL-t1
2024-10-20 10:47:35,214 [s0@group-0A90AD4804C7-LeaderElection94] INFO  impl.LeaderElection (LeaderElection.java:askForVotes(335)) - s0@group-0A90AD4804C7-LeaderElection94 PRE_VOTE round 0: result REJECTED
2024-10-20 10:47:35,214 [grpc-default-executor-8] INFO  server.RaftServer$Division (RaftServerImpl.java:requestVote(1447)) - s3@group-0A90AD4804C7: receive requestVote(PRE_VOTE, s0, group-0A90AD4804C7, 1, (t:1, i:0))
2024-10-20 10:47:35,214 [grpc-default-executor-8] INFO  impl.VoteContext (VoteContext.java:log(49)) - s3@group-0A90AD4804C7-LEADER: reject PRE_VOTE from s0: this server is the leader and still has leadership
2024-10-20 10:47:35,214 [grpc-default-executor-8] INFO  server.RaftServer$Division (RaftServerImpl.java:requestVote(1480)) - s3@group-0A90AD4804C7 replies to PRE_VOTE vote request: s0<-s3#0:FAIL-t1. Peer's state: s3@group-0A90AD4804C7:t1, leader=s3, voted=s3, raftlog=Memoized:s3@group-0A90AD4804C7-SegmentedRaftLog:OPENED:c0:last(t:1, i:0), conf=conf: {index: 0, cur=peers:[s3|localhost:15332, s4|localhost:15336, s0|localhost:15320, s1|localhost:15324, s2|localhost:15328]|listeners:[], old=null}
2024-10-20 10:47:35,308 [s1-server-thread3] INFO  util.CodeInjectionForTesting (BlockRequestHandlingInjection.java:execute(84)) - s1: unBlock request from s3
2024-10-20 10:47:35,308 [s1-server-thread3] INFO  server.RaftServer$Division (ServerState.java:setLeader(272)) - s1@group-0A90AD4804C7: change Leader from null to s3 at term 1 for appendEntries, leader elected after 824ms
2024-10-20 10:47:35,986 [main] INFO  grpc.TestLeaderElectionWithGrpc (LeaderElectionTests.java:enforceLeader(386)) - try enforcing leader to s1 but new leader is s3
2024-10-20 10:47:36,986 [main] INFO  server.RaftServerConfigKeys (ConfUtils.java:logGet(46)) - raft.server.rpc.timeout.max = 300ms (default)
2024-10-20 10:47:37,007 [s3@group-0A90AD4804C7->s0-GrpcLogAppender-LogAppenderDaemon] INFO  util.CodeInjectionForTesting (DelayLocalExecutionInjection.java:execute(65)) - s3 delay 150 ms, args=[serverRequest {
  requestorId: "s3"
  replyId: "s0"
  raftGroupId {
    id: "\022\253#?\217\233E\353\215^\n\220\255H\004\307"
  }
  callId: 33
}
leaderTerm: 1
previousLog {
  term: 1
}
commitInfos {
  server {
    id: "s3"
    address: "localhost:15332"
    dataStreamAddress: "localhost:15335"
    clientAddress: "localhost:15334"
    adminAddress: "localhost:15333"
    startupRole: FOLLOWER
  }
}
commitInfos {
  server {
    id: "s4"
    address: "localhost:15336"
    dataStreamAddress: "localhost:15339"
    clientAddress: "localhost:15338"
    adminAddress: "localhost:15337"
    startupRole: FOLLOWER
  }
}
commitInfos {
  server {
    id: "s0"
    address: "localhost:15320"
    dataStreamAddress: "localhost:15323"
    clientAddress: "localhost:15322"
    adminAddress: "localhost:15321"
    startupRole: FOLLOWER
  }
}
commitInfos {
  server {
    id: "s1"
    address: "localhost:15324"
    dataStreamAddress: "localhost:15327"
    clientAddress: "localhost:15326"
    adminAddress: "localhost:15325"
    startupRole: FOLLOWER
  }
}
commitInfos {
  server {
    id: "s2"
    address: "localhost:15328"
    dataStreamAddress: "localhost:15331"
    clientAddress: "localhost:15330"
    adminAddress: "localhost:15329"
    startupRole: FOLLOWER
  }
}
]
2024-10-20 10:47:37,008 [s3@group-0A90AD4804C7->s2-GrpcLogAppender-LogAppenderDaemon] INFO  util.CodeInjectionForTesting (DelayLocalExecutionInjection.java:execute(65)) - s3 delay 150 ms, args=[serverRequest {
  requestorId: "s3"
  replyId: "s2"
  raftGroupId {
    id: "\022\253#?\217\233E\353\215^\n\220\255H\004\307"
  }
  callId: 34
}
leaderTerm: 1
previousLog {
  term: 1
}
commitInfos {
  server {
    id: "s3"
    address: "localhost:15332"
    dataStreamAddress: "localhost:15335"
    clientAddress: "localhost:15334"
    adminAddress: "localhost:15333"
    startupRole: FOLLOWER
  }
}
commitInfos {
  server {
    id: "s4"
    address: "localhost:15336"
    dataStreamAddress: "localhost:15339"
    clientAddress: "localhost:15338"
    adminAddress: "localhost:15337"
    startupRole: FOLLOWER
  }
}
commitInfos {
  server {
    id: "s0"
    address: "localhost:15320"
    dataStreamAddress: "localhost:15323"
    clientAddress: "localhost:15322"
    adminAddress: "localhost:15321"
    startupRole: FOLLOWER
  }
}
commitInfos {
  server {
    id: "s1"
    address: "localhost:15324"
    dataStreamAddress: "localhost:15327"
    clientAddress: "localhost:15326"
    adminAddress: "localhost:15325"
    startupRole: FOLLOWER
  }
}
commitInfos {
  server {
    id: "s2"
    address: "localhost:15328"
    dataStreamAddress: "localhost:15331"
    clientAddress: "localhost:15330"
    adminAddress: "localhost:15329"
    startupRole: FOLLOWER
  }
}
]
2024-10-20 10:47:37,008 [s3@group-0A90AD4804C7->s1-GrpcLogAppender-LogAppenderDaemon] INFO  util.CodeInjectionForTesting (DelayLocalExecutionInjection.java:execute(65)) - s3 delay 150 ms, args=[serverRequest {
  requestorId: "s3"
  replyId: "s1"
  raftGroupId {
    id: "\022\253#?\217\233E\353\215^\n\220\255H\004\307"
  }
  callId: 40
}
leaderTerm: 1
previousLog {
  term: 1
}
commitInfos {
  server {
    id: "s3"
    address: "localhost:15332"
    dataStreamAddress: "localhost:15335"
    clientAddress: "localhost:15334"
    adminAddress: "localhost:15333"
    startupRole: FOLLOWER
  }
}
commitInfos {
  server {
    id: "s4"
    address: "localhost:15336"
    dataStreamAddress: "localhost:15339"
    clientAddress: "localhost:15338"
    adminAddress: "localhost:15337"
    startupRole: FOLLOWER
  }
}
commitInfos {
  server {
    id: "s0"
    address: "localhost:15320"
    dataStreamAddress: "localhost:15323"
    clientAddress: "localhost:15322"
    adminAddress: "localhost:15321"
    startupRole: FOLLOWER
  }
}
commitInfos {
  server {
    id: "s1"
    address: "localhost:15324"
    dataStreamAddress: "localhost:15327"
    clientAddress: "localhost:15326"
    adminAddress: "localhost:15325"
    startupRole: FOLLOWER
  }
}
commitInfos {
  server {
    id: "s2"
    address: "localhost:15328"
    dataStreamAddress: "localhost:15331"
    clientAddress: "localhost:15330"
    adminAddress: "localhost:15329"
    startupRole: FOLLOWER
  }
}
]
2024-10-20 10:47:37,009 [s3@group-0A90AD4804C7->s4-GrpcLogAppender-LogAppenderDaemon] INFO  util.CodeInjectionForTesting (DelayLocalExecutionInjection.java:execute(65)) - s3 delay 150 ms, args=[serverRequest {
  requestorId: "s3"
  replyId: "s4"
  raftGroupId {
    id: "\022\253#?\217\233E\353\215^\n\220\255H\004\307"
  }
  callId: 36
}
leaderTerm: 1
previousLog {
  term: 1
}
commitInfos {
  server {
    id: "s3"
    address: "localhost:15332"
    dataStreamAddress: "localhost:15335"
    clientAddress: "localhost:15334"
    adminAddress: "localhost:15333"
    startupRole: FOLLOWER
  }
}
commitInfos {
  server {
    id: "s4"
    address: "localhost:15336"
    dataStreamAddress: "localhost:15339"
    clientAddress: "localhost:15338"
    adminAddress: "localhost:15337"
    startupRole: FOLLOWER
  }
}
commitInfos {
  server {
    id: "s0"
    address: "localhost:15320"
    dataStreamAddress: "localhost:15323"
    clientAddress: "localhost:15322"
    adminAddress: "localhost:15321"
    startupRole: FOLLOWER
  }
}
commitInfos {
  server {
    id: "s1"
    address: "localhost:15324"
    dataStreamAddress: "localhost:15327"
    clientAddress: "localhost:15326"
    adminAddress: "localhost:15325"
    startupRole: FOLLOWER
  }
}
commitInfos {
  server {
    id: "s2"
    address: "localhost:15328"
    dataStreamAddress: "localhost:15331"
    clientAddress: "localhost:15330"
    adminAddress: "localhost:15329"
    startupRole: FOLLOWER
  }
}
]
2024-10-20 10:47:37,159 [s1-server-thread2] INFO  util.CodeInjectionForTesting (BlockRequestHandlingInjection.java:execute(77)) - s1: Block request from s3
2024-10-20 10:47:37,186 [s1@group-0A90AD4804C7-FollowerState] INFO  impl.FollowerState (FollowerState.java:runImpl(161)) - s1@group-0A90AD4804C7-FollowerState: change to CANDIDATE, lastRpcElapsedTime:254342132ns, electionTimeout:204ms
2024-10-20 10:47:37,186 [s1@group-0A90AD4804C7-FollowerState] INFO  impl.RoleInfo (RoleInfo.java:shutdownFollowerState(121)) - s1: shutdown s1@group-0A90AD4804C7-FollowerState
2024-10-20 10:47:37,186 [s1@group-0A90AD4804C7-FollowerState] INFO  server.RaftServer$Division (RaftServerImpl.java:setRole(380)) - s1@group-0A90AD4804C7: changes role from  FOLLOWER to CANDIDATE at term 1 for changeToCandidate
2024-10-20 10:47:37,186 [s1@group-0A90AD4804C7-FollowerState] INFO  server.RaftServerConfigKeys (ConfUtils.java:logGet(46)) - raft.server.leaderelection.pre-vote = true (default)
2024-10-20 10:47:37,187 [s1@group-0A90AD4804C7-FollowerState] INFO  impl.RoleInfo (RoleInfo.java:updateAndGet(148)) - s1: start s1@group-0A90AD4804C7-LeaderElection96
2024-10-20 10:47:37,187 [s1@group-0A90AD4804C7-LeaderElection96] INFO  server.RaftServer$Division (ServerState.java:setLeader(272)) - s1@group-0A90AD4804C7: change Leader from s3 to null at term 1 for PRE_VOTE
2024-10-20 10:47:37,187 [s1@group-0A90AD4804C7-LeaderElection96] INFO  impl.LeaderElection (LeaderElection.java:askForVotes(333)) - s1@group-0A90AD4804C7-LeaderElection96 PRE_VOTE round 0: submit vote requests at term 1 for conf: {index: 0, cur=peers:[s3|localhost:15332, s4|localhost:15336, s0|localhost:15320, s1|localhost:15324, s2|localhost:15328]|listeners:[], old=null}
2024-10-20 10:47:37,189 [grpc-default-executor-6] INFO  server.RaftServer$Division (RaftServerImpl.java:requestVote(1447)) - s3@group-0A90AD4804C7: receive requestVote(PRE_VOTE, s1, group-0A90AD4804C7, 1, (t:1, i:0))
2024-10-20 10:47:37,189 [grpc-default-executor-6] INFO  impl.VoteContext (VoteContext.java:log(49)) - s3@group-0A90AD4804C7-LEADER: reject PRE_VOTE from s1: this server is the leader and still has leadership
2024-10-20 10:47:37,189 [grpc-default-executor-6] INFO  server.RaftServer$Division (RaftServerImpl.java:requestVote(1480)) - s3@group-0A90AD4804C7 replies to PRE_VOTE vote request: s1<-s3#0:FAIL-t1. Peer's state: s3@group-0A90AD4804C7:t1, leader=s3, voted=s3, raftlog=Memoized:s3@group-0A90AD4804C7-SegmentedRaftLog:OPENED:c0:last(t:1, i:0), conf=conf: {index: 0, cur=peers:[s3|localhost:15332, s4|localhost:15336, s0|localhost:15320, s1|localhost:15324, s2|localhost:15328]|listeners:[], old=null}
2024-10-20 10:47:37,190 [grpc-default-executor-1] INFO  server.RaftServer$Division (RaftServerImpl.java:requestVote(1447)) - s2@group-0A90AD4804C7: receive requestVote(PRE_VOTE, s1, group-0A90AD4804C7, 1, (t:1, i:0))
2024-10-20 10:47:37,190 [grpc-default-executor-1] INFO  impl.VoteContext (VoteContext.java:log(49)) - s2@group-0A90AD4804C7-FOLLOWER: reject PRE_VOTE from s1: this server is a follower and still has a valid leader s3 different than the candidate s1
2024-10-20 10:47:37,190 [grpc-default-executor-1] INFO  server.RaftServer$Division (RaftServerImpl.java:requestVote(1480)) - s2@group-0A90AD4804C7 replies to PRE_VOTE vote request: s1<-s2#0:FAIL-t1. Peer's state: s2@group-0A90AD4804C7:t1, leader=s3, voted=s3, raftlog=Memoized:s2@group-0A90AD4804C7-SegmentedRaftLog:OPENED:c0:last(t:1, i:0), conf=conf: {index: 0, cur=peers:[s3|localhost:15332, s4|localhost:15336, s0|localhost:15320, s1|localhost:15324, s2|localhost:15328]|listeners:[], old=null}
2024-10-20 10:47:37,190 [grpc-default-executor-1] INFO  server.RaftServer$Division (RaftServerImpl.java:requestVote(1447)) - s0@group-0A90AD4804C7: receive requestVote(PRE_VOTE, s1, group-0A90AD4804C7, 1, (t:1, i:0))
2024-10-20 10:47:37,191 [grpc-default-executor-1] INFO  impl.VoteContext (VoteContext.java:log(49)) - s0@group-0A90AD4804C7-FOLLOWER: reject PRE_VOTE from s1: this server is a follower and still has a valid leader s3 different than the candidate s1
2024-10-20 10:47:37,191 [grpc-default-executor-1] INFO  server.RaftServer$Division (RaftServerImpl.java:requestVote(1480)) - s0@group-0A90AD4804C7 replies to PRE_VOTE vote request: s1<-s0#0:FAIL-t1. Peer's state: s0@group-0A90AD4804C7:t1, leader=s3, voted=s3, raftlog=Memoized:s0@group-0A90AD4804C7-SegmentedRaftLog:OPENED:c0:last(t:1, i:0), conf=conf: {index: 0, cur=peers:[s3|localhost:15332, s4|localhost:15336, s0|localhost:15320, s1|localhost:15324, s2|localhost:15328]|listeners:[], old=null}
2024-10-20 10:47:37,191 [s1@group-0A90AD4804C7-LeaderElection96] INFO  impl.LeaderElection (LeaderElection.java:logAndReturn(90)) - s1@group-0A90AD4804C7-LeaderElection96: PRE_VOTE REJECTED received 3 response(s) and 0 exception(s):
2024-10-20 10:47:37,191 [s1@group-0A90AD4804C7-LeaderElection96] INFO  impl.LeaderElection (LeaderElection.java:logAndReturn(94)) -   Response 0: s1<-s3#0:FAIL-t1
2024-10-20 10:47:37,191 [s1@group-0A90AD4804C7-LeaderElection96] INFO  impl.LeaderElection (LeaderElection.java:logAndReturn(94)) -   Response 1: s1<-s0#0:FAIL-t1
2024-10-20 10:47:37,191 [s1@group-0A90AD4804C7-LeaderElection96] INFO  impl.LeaderElection (LeaderElection.java:logAndReturn(94)) -   Response 2: s1<-s2#0:FAIL-t1
2024-10-20 10:47:37,192 [s1@group-0A90AD4804C7-LeaderElection96] INFO  impl.LeaderElection (LeaderElection.java:askForVotes(335)) - s1@group-0A90AD4804C7-LeaderElection96 PRE_VOTE round 0: result REJECTED
2024-10-20 10:47:37,192 [s1@group-0A90AD4804C7-LeaderElection96] INFO  server.RaftServer$Division (RaftServerImpl.java:setRole(380)) - s1@group-0A90AD4804C7: changes role from CANDIDATE to FOLLOWER at term 1 for REJECTED
2024-10-20 10:47:37,192 [s1@group-0A90AD4804C7-LeaderElection96] INFO  impl.RoleInfo (RoleInfo.java:shutdownLeaderElection(141)) - s1: shutdown s1@group-0A90AD4804C7-LeaderElection96
2024-10-20 10:47:37,192 [s1@group-0A90AD4804C7-LeaderElection96] INFO  impl.RoleInfo (RoleInfo.java:updateAndGet(148)) - s1: start s1@group-0A90AD4804C7-FollowerState
2024-10-20 10:47:37,192 [grpc-default-executor-1] INFO  server.RaftServer$Division (RaftServerImpl.java:requestVote(1447)) - s4@group-0A90AD4804C7: receive requestVote(PRE_VOTE, s1, group-0A90AD4804C7, 1, (t:1, i:0))
2024-10-20 10:47:37,192 [grpc-default-executor-1] INFO  impl.VoteContext (VoteContext.java:log(49)) - s4@group-0A90AD4804C7-FOLLOWER: reject PRE_VOTE from s1: this server is a follower and still has a valid leader s3 different than the candidate s1
2024-10-20 10:47:37,192 [grpc-default-executor-1] INFO  server.RaftServer$Division (RaftServerImpl.java:requestVote(1480)) - s4@group-0A90AD4804C7 replies to PRE_VOTE vote request: s1<-s4#0:FAIL-t1. Peer's state: s4@group-0A90AD4804C7:t1, leader=s3, voted=s3, raftlog=Memoized:s4@group-0A90AD4804C7-SegmentedRaftLog:OPENED:c0:last(t:1, i:0), conf=conf: {index: 0, cur=peers:[s3|localhost:15332, s4|localhost:15336, s0|localhost:15320, s1|localhost:15324, s2|localhost:15328]|listeners:[], old=null}
2024-10-20 10:47:37,197 [s3@group-0A90AD4804C7->s1-GrpcLogAppender-LogAppenderDaemon] INFO  util.CodeInjectionForTesting (DelayLocalExecutionInjection.java:execute(65)) - s3 delay 150 ms, args=[serverRequest {
  requestorId: "s3"
  replyId: "s1"
  raftGroupId {
    id: "\022\253#?\217\233E\353\215^\n\220\255H\004\307"
  }
  callId: 41
}
leaderTerm: 1
previousLog {
  term: 1
}
commitInfos {
  server {
    id: "s3"
    address: "localhost:15332"
    dataStreamAddress: "localhost:15335"
    clientAddress: "localhost:15334"
    adminAddress: "localhost:15333"
    startupRole: FOLLOWER
  }
}
commitInfos {
  server {
    id: "s4"
    address: "localhost:15336"
    dataStreamAddress: "localhost:15339"
    clientAddress: "localhost:15338"
    adminAddress: "localhost:15337"
    startupRole: FOLLOWER
  }
}
commitInfos {
  server {
    id: "s0"
    address: "localhost:15320"
    dataStreamAddress: "localhost:15323"
    clientAddress: "localhost:15322"
    adminAddress: "localhost:15321"
    startupRole: FOLLOWER
  }
}
commitInfos {
  server {
    id: "s1"
    address: "localhost:15324"
    dataStreamAddress: "localhost:15327"
    clientAddress: "localhost:15326"
    adminAddress: "localhost:15325"
    startupRole: FOLLOWER
  }
}
commitInfos {
  server {
    id: "s2"
    address: "localhost:15328"
    dataStreamAddress: "localhost:15331"
    clientAddress: "localhost:15330"
    adminAddress: "localhost:15329"
    startupRole: FOLLOWER
  }
}
]
2024-10-20 10:47:37,235 [s3@group-0A90AD4804C7->s4-GrpcLogAppender-LogAppenderDaemon] INFO  util.CodeInjectionForTesting (DelayLocalExecutionInjection.java:execute(65)) - s3 delay 150 ms, args=[serverRequest {
  requestorId: "s3"
  replyId: "s4"
  raftGroupId {
    id: "\022\253#?\217\233E\353\215^\n\220\255H\004\307"
  }
  callId: 37
}
leaderTerm: 1
previousLog {
  term: 1
}
commitInfos {
  server {
    id: "s3"
    address: "localhost:15332"
    dataStreamAddress: "localhost:15335"
    clientAddress: "localhost:15334"
    adminAddress: "localhost:15333"
    startupRole: FOLLOWER
  }
}
commitInfos {
  server {
    id: "s4"
    address: "localhost:15336"
    dataStreamAddress: "localhost:15339"
    clientAddress: "localhost:15338"
    adminAddress: "localhost:15337"
    startupRole: FOLLOWER
  }
}
commitInfos {
  server {
    id: "s0"
    address: "localhost:15320"
    dataStreamAddress: "localhost:15323"
    clientAddress: "localhost:15322"
    adminAddress: "localhost:15321"
    startupRole: FOLLOWER
  }
}
commitInfos {
  server {
    id: "s1"
    address: "localhost:15324"
    dataStreamAddress: "localhost:15327"
    clientAddress: "localhost:15326"
    adminAddress: "localhost:15325"
    startupRole: FOLLOWER
  }
}
commitInfos {
  server {
    id: "s2"
    address: "localhost:15328"
    dataStreamAddress: "localhost:15331"
    clientAddress: "localhost:15330"
    adminAddress: "localhost:15329"
    startupRole: FOLLOWER
  }
}
]
2024-10-20 10:47:37,235 [s3@group-0A90AD4804C7->s2-GrpcLogAppender-LogAppenderDaemon] INFO  util.CodeInjectionForTesting (DelayLocalExecutionInjection.java:execute(65)) - s3 delay 150 ms, args=[serverRequest {
  requestorId: "s3"
  replyId: "s2"
  raftGroupId {
    id: "\022\253#?\217\233E\353\215^\n\220\255H\004\307"
  }
  callId: 35
}
leaderTerm: 1
previousLog {
  term: 1
}
commitInfos {
  server {
    id: "s3"
    address: "localhost:15332"
    dataStreamAddress: "localhost:15335"
    clientAddress: "localhost:15334"
    adminAddress: "localhost:15333"
    startupRole: FOLLOWER
  }
}
commitInfos {
  server {
    id: "s4"
    address: "localhost:15336"
    dataStreamAddress: "localhost:15339"
    clientAddress: "localhost:15338"
    adminAddress: "localhost:15337"
    startupRole: FOLLOWER
  }
}
commitInfos {
  server {
    id: "s0"
    address: "localhost:15320"
    dataStreamAddress: "localhost:15323"
    clientAddress: "localhost:15322"
    adminAddress: "localhost:15321"
    startupRole: FOLLOWER
  }
}
commitInfos {
  server {
    id: "s1"
    address: "localhost:15324"
    dataStreamAddress: "localhost:15327"
    clientAddress: "localhost:15326"
    adminAddress: "localhost:15325"
    startupRole: FOLLOWER
  }
}
commitInfos {
  server {
    id: "s2"
    address: "localhost:15328"
    dataStreamAddress: "localhost:15331"
    clientAddress: "localhost:15330"
    adminAddress: "localhost:15329"
    startupRole: FOLLOWER
  }
}
]
2024-10-20 10:47:37,235 [s3@group-0A90AD4804C7->s0-GrpcLogAppender-LogAppenderDaemon] INFO  util.CodeInjectionForTesting (DelayLocalExecutionInjection.java:execute(65)) - s3 delay 150 ms, args=[serverRequest {
  requestorId: "s3"
  replyId: "s0"
  raftGroupId {
    id: "\022\253#?\217\233E\353\215^\n\220\255H\004\307"
  }
  callId: 34
}
leaderTerm: 1
previousLog {
  term: 1
}
commitInfos {
  server {
    id: "s3"
    address: "localhost:15332"
    dataStreamAddress: "localhost:15335"
    clientAddress: "localhost:15334"
    adminAddress: "localhost:15333"
    startupRole: FOLLOWER
  }
}
commitInfos {
  server {
    id: "s4"
    address: "localhost:15336"
    dataStreamAddress: "localhost:15339"
    clientAddress: "localhost:15338"
    adminAddress: "localhost:15337"
    startupRole: FOLLOWER
  }
}
commitInfos {
  server {
    id: "s0"
    address: "localhost:15320"
    dataStreamAddress: "localhost:15323"
    clientAddress: "localhost:15322"
    adminAddress: "localhost:15321"
    startupRole: FOLLOWER
  }
}
commitInfos {
  server {
    id: "s1"
    address: "localhost:15324"
    dataStreamAddress: "localhost:15327"
    clientAddress: "localhost:15326"
    adminAddress: "localhost:15325"
    startupRole: FOLLOWER
  }
}
commitInfos {
  server {
    id: "s2"
    address: "localhost:15328"
    dataStreamAddress: "localhost:15331"
    clientAddress: "localhost:15330"
    adminAddress: "localhost:15329"
    startupRole: FOLLOWER
  }
}
]
2024-10-20 10:47:37,386 [s3@group-0A90AD4804C7->s1-GrpcLogAppender-LogAppenderDaemon] INFO  util.CodeInjectionForTesting (DelayLocalExecutionInjection.java:execute(65)) - s3 delay 150 ms, args=[serverRequest {
  requestorId: "s3"
  replyId: "s1"
  raftGroupId {
    id: "\022\253#?\217\233E\353\215^\n\220\255H\004\307"
  }
  callId: 42
}
leaderTerm: 1
previousLog {
  term: 1
}
commitInfos {
  server {
    id: "s3"
    address: "localhost:15332"
    dataStreamAddress: "localhost:15335"
    clientAddress: "localhost:15334"
    adminAddress: "localhost:15333"
    startupRole: FOLLOWER
  }
}
commitInfos {
  server {
    id: "s4"
    address: "localhost:15336"
    dataStreamAddress: "localhost:15339"
    clientAddress: "localhost:15338"
    adminAddress: "localhost:15337"
    startupRole: FOLLOWER
  }
}
commitInfos {
  server {
    id: "s0"
    address: "localhost:15320"
    dataStreamAddress: "localhost:15323"
    clientAddress: "localhost:15322"
    adminAddress: "localhost:15321"
    startupRole: FOLLOWER
  }
}
commitInfos {
  server {
    id: "s1"
    address: "localhost:15324"
    dataStreamAddress: "localhost:15327"
    clientAddress: "localhost:15326"
    adminAddress: "localhost:15325"
    startupRole: FOLLOWER
  }
}
commitInfos {
  server {
    id: "s2"
    address: "localhost:15328"
    dataStreamAddress: "localhost:15331"
    clientAddress: "localhost:15330"
    adminAddress: "localhost:15329"
    startupRole: FOLLOWER
  }
}
]
2024-10-20 10:47:37,399 [s1@group-0A90AD4804C7-FollowerState] INFO  impl.FollowerState (FollowerState.java:runImpl(161)) - s1@group-0A90AD4804C7-FollowerState: change to CANDIDATE, lastRpcElapsedTime:207529706ns, electionTimeout:206ms
2024-10-20 10:47:37,399 [s1@group-0A90AD4804C7-FollowerState] INFO  impl.RoleInfo (RoleInfo.java:shutdownFollowerState(121)) - s1: shutdown s1@group-0A90AD4804C7-FollowerState
2024-10-20 10:47:37,399 [s1@group-0A90AD4804C7-FollowerState] INFO  server.RaftServer$Division (RaftServerImpl.java:setRole(380)) - s1@group-0A90AD4804C7: changes role from  FOLLOWER to CANDIDATE at term 1 for changeToCandidate
2024-10-20 10:47:37,400 [s1@group-0A90AD4804C7-FollowerState] INFO  server.RaftServerConfigKeys (ConfUtils.java:logGet(46)) - raft.server.leaderelection.pre-vote = true (default)
2024-10-20 10:47:37,400 [s1@group-0A90AD4804C7-FollowerState] INFO  impl.RoleInfo (RoleInfo.java:updateAndGet(148)) - s1: start s1@group-0A90AD4804C7-LeaderElection97
2024-10-20 10:47:37,400 [s1@group-0A90AD4804C7-LeaderElection97] INFO  impl.LeaderElection (LeaderElection.java:askForVotes(333)) - s1@group-0A90AD4804C7-LeaderElection97 PRE_VOTE round 0: submit vote requests at term 1 for conf: {index: 0, cur=peers:[s3|localhost:15332, s4|localhost:15336, s0|localhost:15320, s1|localhost:15324, s2|localhost:15328]|listeners:[], old=null}
2024-10-20 10:47:37,402 [grpc-default-executor-6] INFO  server.RaftServer$Division (RaftServerImpl.java:requestVote(1447)) - s4@group-0A90AD4804C7: receive requestVote(PRE_VOTE, s1, group-0A90AD4804C7, 1, (t:1, i:0))
2024-10-20 10:47:37,402 [grpc-default-executor-6] INFO  impl.VoteContext (VoteContext.java:log(49)) - s4@group-0A90AD4804C7-FOLLOWER: reject PRE_VOTE from s1: this server is a follower and still has a valid leader s3 different than the candidate s1
2024-10-20 10:47:37,402 [grpc-default-executor-6] INFO  server.RaftServer$Division (RaftServerImpl.java:requestVote(1480)) - s4@group-0A90AD4804C7 replies to PRE_VOTE vote request: s1<-s4#0:FAIL-t1. Peer's state: s4@group-0A90AD4804C7:t1, leader=s3, voted=s3, raftlog=Memoized:s4@group-0A90AD4804C7-SegmentedRaftLog:OPENED:c0:last(t:1, i:0), conf=conf: {index: 0, cur=peers:[s3|localhost:15332, s4|localhost:15336, s0|localhost:15320, s1|localhost:15324, s2|localhost:15328]|listeners:[], old=null}
2024-10-20 10:47:37,402 [grpc-default-executor-1] INFO  server.RaftServer$Division (RaftServerImpl.java:requestVote(1447)) - s0@group-0A90AD4804C7: receive requestVote(PRE_VOTE, s1, group-0A90AD4804C7, 1, (t:1, i:0))
2024-10-20 10:47:37,403 [grpc-default-executor-1] INFO  impl.VoteContext (VoteContext.java:log(49)) - s0@group-0A90AD4804C7-FOLLOWER: reject PRE_VOTE from s1: this server is a follower and still has a valid leader s3 different than the candidate s1
2024-10-20 10:47:37,403 [grpc-default-executor-1] INFO  server.RaftServer$Division (RaftServerImpl.java:requestVote(1480)) - s0@group-0A90AD4804C7 replies to PRE_VOTE vote request: s1<-s0#0:FAIL-t1. Peer's state: s0@group-0A90AD4804C7:t1, leader=s3, voted=s3, raftlog=Memoized:s0@group-0A90AD4804C7-SegmentedRaftLog:OPENED:c0:last(t:1, i:0), conf=conf: {index: 0, cur=peers:[s3|localhost:15332, s4|localhost:15336, s0|localhost:15320, s1|localhost:15324, s2|localhost:15328]|listeners:[], old=null}
2024-10-20 10:47:37,403 [grpc-default-executor-6] INFO  server.RaftServer$Division (RaftServerImpl.java:requestVote(1447)) - s2@group-0A90AD4804C7: receive requestVote(PRE_VOTE, s1, group-0A90AD4804C7, 1, (t:1, i:0))
2024-10-20 10:47:37,403 [grpc-default-executor-6] INFO  impl.VoteContext (VoteContext.java:log(49)) - s2@group-0A90AD4804C7-FOLLOWER: reject PRE_VOTE from s1: this server is a follower and still has a valid leader s3 different than the candidate s1
2024-10-20 10:47:37,403 [grpc-default-executor-6] INFO  server.RaftServer$Division (RaftServerImpl.java:requestVote(1480)) - s2@group-0A90AD4804C7 replies to PRE_VOTE vote request: s1<-s2#0:FAIL-t1. Peer's state: s2@group-0A90AD4804C7:t1, leader=s3, voted=s3, raftlog=Memoized:s2@group-0A90AD4804C7-SegmentedRaftLog:OPENED:c0:last(t:1, i:0), conf=conf: {index: 0, cur=peers:[s3|localhost:15332, s4|localhost:15336, s0|localhost:15320, s1|localhost:15324, s2|localhost:15328]|listeners:[], old=null}
2024-10-20 10:47:37,404 [s1@group-0A90AD4804C7-LeaderElection97] INFO  impl.LeaderElection (LeaderElection.java:logAndReturn(90)) - s1@group-0A90AD4804C7-LeaderElection97: PRE_VOTE REJECTED received 3 response(s) and 0 exception(s):
2024-10-20 10:47:37,404 [s1@group-0A90AD4804C7-LeaderElection97] INFO  impl.LeaderElection (LeaderElection.java:logAndReturn(94)) -   Response 0: s1<-s4#0:FAIL-t1
2024-10-20 10:47:37,404 [s1@group-0A90AD4804C7-LeaderElection97] INFO  impl.LeaderElection (LeaderElection.java:logAndReturn(94)) -   Response 1: s1<-s0#0:FAIL-t1
2024-10-20 10:47:37,404 [s1@group-0A90AD4804C7-LeaderElection97] INFO  impl.LeaderElection (LeaderElection.java:logAndReturn(94)) -   Response 2: s1<-s2#0:FAIL-t1
2024-10-20 10:47:37,404 [s1@group-0A90AD4804C7-LeaderElection97] INFO  impl.LeaderElection (LeaderElection.java:askForVotes(335)) - s1@group-0A90AD4804C7-LeaderElection97 PRE_VOTE round 0: result REJECTED
2024-10-20 10:47:37,404 [s1@group-0A90AD4804C7-LeaderElection97] INFO  server.RaftServer$Division (RaftServerImpl.java:setRole(380)) - s1@group-0A90AD4804C7: changes role from CANDIDATE to FOLLOWER at term 1 for REJECTED
2024-10-20 10:47:37,404 [s1@group-0A90AD4804C7-LeaderElection97] INFO  impl.RoleInfo (RoleInfo.java:shutdownLeaderElection(141)) - s1: shutdown s1@group-0A90AD4804C7-LeaderElection97
2024-10-20 10:47:37,404 [s1@group-0A90AD4804C7-LeaderElection97] INFO  impl.RoleInfo (RoleInfo.java:updateAndGet(148)) - s1: start s1@group-0A90AD4804C7-FollowerState
2024-10-20 10:47:37,463 [s3@group-0A90AD4804C7->s2-GrpcLogAppender-LogAppenderDaemon] INFO  util.CodeInjectionForTesting (DelayLocalExecutionInjection.java:execute(65)) - s3 delay 150 ms, args=[serverRequest {
  requestorId: "s3"
  replyId: "s2"
  raftGroupId {
    id: "\022\253#?\217\233E\353\215^\n\220\255H\004\307"
  }
  callId: 36
}
leaderTerm: 1
previousLog {
  term: 1
}
commitInfos {
  server {
    id: "s3"
    address: "localhost:15332"
    dataStreamAddress: "localhost:15335"
    clientAddress: "localhost:15334"
    adminAddress: "localhost:15333"
    startupRole: FOLLOWER
  }
}
commitInfos {
  server {
    id: "s4"
    address: "localhost:15336"
    dataStreamAddress: "localhost:15339"
    clientAddress: "localhost:15338"
    adminAddress: "localhost:15337"
    startupRole: FOLLOWER
  }
}
commitInfos {
  server {
    id: "s0"
    address: "localhost:15320"
    dataStreamAddress: "localhost:15323"
    clientAddress: "localhost:15322"
    adminAddress: "localhost:15321"
    startupRole: FOLLOWER
  }
}
commitInfos {
  server {
    id: "s1"
    address: "localhost:15324"
    dataStreamAddress: "localhost:15327"
    clientAddress: "localhost:15326"
    adminAddress: "localhost:15325"
    startupRole: FOLLOWER
  }
}
commitInfos {
  server {
    id: "s2"
    address: "localhost:15328"
    dataStreamAddress: "localhost:15331"
    clientAddress: "localhost:15330"
    adminAddress: "localhost:15329"
    startupRole: FOLLOWER
  }
}
]
2024-10-20 10:47:37,463 [s3@group-0A90AD4804C7->s4-GrpcLogAppender-LogAppenderDaemon] INFO  util.CodeInjectionForTesting (DelayLocalExecutionInjection.java:execute(65)) - s3 delay 150 ms, args=[serverRequest {
  requestorId: "s3"
  replyId: "s4"
  raftGroupId {
    id: "\022\253#?\217\233E\353\215^\n\220\255H\004\307"
  }
  callId: 38
}
leaderTerm: 1
previousLog {
  term: 1
}
commitInfos {
  server {
    id: "s3"
    address: "localhost:15332"
    dataStreamAddress: "localhost:15335"
    clientAddress: "localhost:15334"
    adminAddress: "localhost:15333"
    startupRole: FOLLOWER
  }
}
commitInfos {
  server {
    id: "s4"
    address: "localhost:15336"
    dataStreamAddress: "localhost:15339"
    clientAddress: "localhost:15338"
    adminAddress: "localhost:15337"
    startupRole: FOLLOWER
  }
}
commitInfos {
  server {
    id: "s0"
    address: "localhost:15320"
    dataStreamAddress: "localhost:15323"
    clientAddress: "localhost:15322"
    adminAddress: "localhost:15321"
    startupRole: FOLLOWER
  }
}
commitInfos {
  server {
    id: "s1"
    address: "localhost:15324"
    dataStreamAddress: "localhost:15327"
    clientAddress: "localhost:15326"
    adminAddress: "localhost:15325"
    startupRole: FOLLOWER
  }
}
commitInfos {
  server {
    id: "s2"
    address: "localhost:15328"
    dataStreamAddress: "localhost:15331"
    clientAddress: "localhost:15330"
    adminAddress: "localhost:15329"
    startupRole: FOLLOWER
  }
}
]
2024-10-20 10:47:37,464 [s3@group-0A90AD4804C7->s0-GrpcLogAppender-LogAppenderDaemon] INFO  util.CodeInjectionForTesting (DelayLocalExecutionInjection.java:execute(65)) - s3 delay 150 ms, args=[serverRequest {
  requestorId: "s3"
  replyId: "s0"
  raftGroupId {
    id: "\022\253#?\217\233E\353\215^\n\220\255H\004\307"
  }
  callId: 35
}
leaderTerm: 1
previousLog {
  term: 1
}
commitInfos {
  server {
    id: "s3"
    address: "localhost:15332"
    dataStreamAddress: "localhost:15335"
    clientAddress: "localhost:15334"
    adminAddress: "localhost:15333"
    startupRole: FOLLOWER
  }
}
commitInfos {
  server {
    id: "s4"
    address: "localhost:15336"
    dataStreamAddress: "localhost:15339"
    clientAddress: "localhost:15338"
    adminAddress: "localhost:15337"
    startupRole: FOLLOWER
  }
}
commitInfos {
  server {
    id: "s0"
    address: "localhost:15320"
    dataStreamAddress: "localhost:15323"
    clientAddress: "localhost:15322"
    adminAddress: "localhost:15321"
    startupRole: FOLLOWER
  }
}
commitInfos {
  server {
    id: "s1"
    address: "localhost:15324"
    dataStreamAddress: "localhost:15327"
    clientAddress: "localhost:15326"
    adminAddress: "localhost:15325"
    startupRole: FOLLOWER
  }
}
commitInfos {
  server {
    id: "s2"
    address: "localhost:15328"
    dataStreamAddress: "localhost:15331"
    clientAddress: "localhost:15330"
    adminAddress: "localhost:15329"
    startupRole: FOLLOWER
  }
}
]
2024-10-20 10:47:37,574 [s3@group-0A90AD4804C7->s1-GrpcLogAppender-LogAppenderDaemon] INFO  util.CodeInjectionForTesting (DelayLocalExecutionInjection.java:execute(65)) - s3 delay 150 ms, args=[serverRequest {
  requestorId: "s3"
  replyId: "s1"
  raftGroupId {
    id: "\022\253#?\217\233E\353\215^\n\220\255H\004\307"
  }
  callId: 43
}
leaderTerm: 1
previousLog {
  term: 1
}
commitInfos {
  server {
    id: "s3"
    address: "localhost:15332"
    dataStreamAddress: "localhost:15335"
    clientAddress: "localhost:15334"
    adminAddress: "localhost:15333"
    startupRole: FOLLOWER
  }
}
commitInfos {
  server {
    id: "s4"
    address: "localhost:15336"
    dataStreamAddress: "localhost:15339"
    clientAddress: "localhost:15338"
    adminAddress: "localhost:15337"
    startupRole: FOLLOWER
  }
}
commitInfos {
  server {
    id: "s0"
    address: "localhost:15320"
    dataStreamAddress: "localhost:15323"
    clientAddress: "localhost:15322"
    adminAddress: "localhost:15321"
    startupRole: FOLLOWER
  }
}
commitInfos {
  server {
    id: "s1"
    address: "localhost:15324"
    dataStreamAddress: "localhost:15327"
    clientAddress: "localhost:15326"
    adminAddress: "localhost:15325"
    startupRole: FOLLOWER
  }
}
commitInfos {
  server {
    id: "s2"
    address: "localhost:15328"
    dataStreamAddress: "localhost:15331"
    clientAddress: "localhost:15330"
    adminAddress: "localhost:15329"
    startupRole: FOLLOWER
  }
}
]
2024-10-20 10:47:37,624 [s1@group-0A90AD4804C7-FollowerState] INFO  impl.FollowerState (FollowerState.java:runImpl(161)) - s1@group-0A90AD4804C7-FollowerState: change to CANDIDATE, lastRpcElapsedTime:220291581ns, electionTimeout:220ms
2024-10-20 10:47:37,625 [s1@group-0A90AD4804C7-FollowerState] INFO  impl.RoleInfo (RoleInfo.java:shutdownFollowerState(121)) - s1: shutdown s1@group-0A90AD4804C7-FollowerState
2024-10-20 10:47:37,625 [s1@group-0A90AD4804C7-FollowerState] INFO  server.RaftServer$Division (RaftServerImpl.java:setRole(380)) - s1@group-0A90AD4804C7: changes role from  FOLLOWER to CANDIDATE at term 1 for changeToCandidate
2024-10-20 10:47:37,625 [s1@group-0A90AD4804C7-FollowerState] INFO  server.RaftServerConfigKeys (ConfUtils.java:logGet(46)) - raft.server.leaderelection.pre-vote = true (default)
2024-10-20 10:47:37,625 [s1@group-0A90AD4804C7-FollowerState] INFO  impl.RoleInfo (RoleInfo.java:updateAndGet(148)) - s1: start s1@group-0A90AD4804C7-LeaderElection98
2024-10-20 10:47:37,625 [s1@group-0A90AD4804C7-LeaderElection98] INFO  impl.LeaderElection (LeaderElection.java:askForVotes(333)) - s1@group-0A90AD4804C7-LeaderElection98 PRE_VOTE round 0: submit vote requests at term 1 for conf: {index: 0, cur=peers:[s3|localhost:15332, s4|localhost:15336, s0|localhost:15320, s1|localhost:15324, s2|localhost:15328]|listeners:[], old=null}
2024-10-20 10:47:37,627 [grpc-default-executor-6] INFO  server.RaftServer$Division (RaftServerImpl.java:requestVote(1447)) - s2@group-0A90AD4804C7: receive requestVote(PRE_VOTE, s1, group-0A90AD4804C7, 1, (t:1, i:0))
2024-10-20 10:47:37,627 [grpc-default-executor-6] INFO  impl.VoteContext (VoteContext.java:log(49)) - s2@group-0A90AD4804C7-FOLLOWER: reject PRE_VOTE from s1: this server is a follower and still has a valid leader s3 different than the candidate s1
2024-10-20 10:47:37,627 [grpc-default-executor-3] INFO  server.RaftServer$Division (RaftServerImpl.java:requestVote(1447)) - s3@group-0A90AD4804C7: receive requestVote(PRE_VOTE, s1, group-0A90AD4804C7, 1, (t:1, i:0))
2024-10-20 10:47:37,627 [grpc-default-executor-3] INFO  impl.VoteContext (VoteContext.java:log(49)) - s3@group-0A90AD4804C7-LEADER: reject PRE_VOTE from s1: this server is the leader and still has leadership
2024-10-20 10:47:37,627 [grpc-default-executor-3] INFO  server.RaftServer$Division (RaftServerImpl.java:requestVote(1480)) - s3@group-0A90AD4804C7 replies to PRE_VOTE vote request: s1<-s3#0:FAIL-t1. Peer's state: s3@group-0A90AD4804C7:t1, leader=s3, voted=s3, raftlog=Memoized:s3@group-0A90AD4804C7-SegmentedRaftLog:OPENED:c0:last(t:1, i:0), conf=conf: {index: 0, cur=peers:[s3|localhost:15332, s4|localhost:15336, s0|localhost:15320, s1|localhost:15324, s2|localhost:15328]|listeners:[], old=null}
2024-10-20 10:47:37,628 [grpc-default-executor-1] INFO  server.RaftServer$Division (RaftServerImpl.java:requestVote(1447)) - s0@group-0A90AD4804C7: receive requestVote(PRE_VOTE, s1, group-0A90AD4804C7, 1, (t:1, i:0))
2024-10-20 10:47:37,628 [grpc-default-executor-1] INFO  impl.VoteContext (VoteContext.java:log(49)) - s0@group-0A90AD4804C7-FOLLOWER: reject PRE_VOTE from s1: this server is a follower and still has a valid leader s3 different than the candidate s1
2024-10-20 10:47:37,628 [grpc-default-executor-1] INFO  server.RaftServer$Division (RaftServerImpl.java:requestVote(1480)) - s0@group-0A90AD4804C7 replies to PRE_VOTE vote request: s1<-s0#0:FAIL-t1. Peer's state: s0@group-0A90AD4804C7:t1, leader=s3, voted=s3, raftlog=Memoized:s0@group-0A90AD4804C7-SegmentedRaftLog:OPENED:c0:last(t:1, i:0), conf=conf: {index: 0, cur=peers:[s3|localhost:15332, s4|localhost:15336, s0|localhost:15320, s1|localhost:15324, s2|localhost:15328]|listeners:[], old=null}
2024-10-20 10:47:37,628 [grpc-default-executor-6] INFO  server.RaftServer$Division (RaftServerImpl.java:requestVote(1480)) - s2@group-0A90AD4804C7 replies to PRE_VOTE vote request: s1<-s2#0:FAIL-t1. Peer's state: s2@group-0A90AD4804C7:t1, leader=s3, voted=s3, raftlog=Memoized:s2@group-0A90AD4804C7-SegmentedRaftLog:OPENED:c0:last(t:1, i:0), conf=conf: {index: 0, cur=peers:[s3|localhost:15332, s4|localhost:15336, s0|localhost:15320, s1|localhost:15324, s2|localhost:15328]|listeners:[], old=null}
2024-10-20 10:47:37,629 [grpc-default-executor-1] INFO  server.RaftServer$Division (RaftServerImpl.java:requestVote(1447)) - s4@group-0A90AD4804C7: receive requestVote(PRE_VOTE, s1, group-0A90AD4804C7, 1, (t:1, i:0))
2024-10-20 10:47:37,629 [grpc-default-executor-1] INFO  impl.VoteContext (VoteContext.java:log(49)) - s4@group-0A90AD4804C7-FOLLOWER: reject PRE_VOTE from s1: this server is a follower and still has a valid leader s3 different than the candidate s1
2024-10-20 10:47:37,629 [grpc-default-executor-1] INFO  server.RaftServer$Division (RaftServerImpl.java:requestVote(1480)) - s4@group-0A90AD4804C7 replies to PRE_VOTE vote request: s1<-s4#0:FAIL-t1. Peer's state: s4@group-0A90AD4804C7:t1, leader=s3, voted=s3, raftlog=Memoized:s4@group-0A90AD4804C7-SegmentedRaftLog:OPENED:c0:last(t:1, i:0), conf=conf: {index: 0, cur=peers:[s3|localhost:15332, s4|localhost:15336, s0|localhost:15320, s1|localhost:15324, s2|localhost:15328]|listeners:[], old=null}
2024-10-20 10:47:37,629 [s1@group-0A90AD4804C7-LeaderElection98] INFO  impl.LeaderElection (LeaderElection.java:logAndReturn(90)) - s1@group-0A90AD4804C7-LeaderElection98: PRE_VOTE REJECTED received 3 response(s) and 0 exception(s):
2024-10-20 10:47:37,629 [s1@group-0A90AD4804C7-LeaderElection98] INFO  impl.LeaderElection (LeaderElection.java:logAndReturn(94)) -   Response 0: s1<-s3#0:FAIL-t1
2024-10-20 10:47:37,629 [s1@group-0A90AD4804C7-LeaderElection98] INFO  impl.LeaderElection (LeaderElection.java:logAndReturn(94)) -   Response 1: s1<-s0#0:FAIL-t1
2024-10-20 10:47:37,629 [s1@group-0A90AD4804C7-LeaderElection98] INFO  impl.LeaderElection (LeaderElection.java:logAndReturn(94)) -   Response 2: s1<-s2#0:FAIL-t1
2024-10-20 10:47:37,629 [s1@group-0A90AD4804C7-LeaderElection98] INFO  impl.LeaderElection (LeaderElection.java:askForVotes(335)) - s1@group-0A90AD4804C7-LeaderElection98 PRE_VOTE round 0: result REJECTED
2024-10-20 10:47:37,630 [s1@group-0A90AD4804C7-LeaderElection98] INFO  server.RaftServer$Division (RaftServerImpl.java:setRole(380)) - s1@group-0A90AD4804C7: changes role from CANDIDATE to FOLLOWER at term 1 for REJECTED
2024-10-20 10:47:37,630 [s1@group-0A90AD4804C7-LeaderElection98] INFO  impl.RoleInfo (RoleInfo.java:shutdownLeaderElection(141)) - s1: shutdown s1@group-0A90AD4804C7-LeaderElection98
2024-10-20 10:47:37,630 [s1@group-0A90AD4804C7-LeaderElection98] INFO  impl.RoleInfo (RoleInfo.java:updateAndGet(148)) - s1: start s1@group-0A90AD4804C7-FollowerState
2024-10-20 10:47:37,690 [s3@group-0A90AD4804C7->s4-GrpcLogAppender-LogAppenderDaemon] INFO  util.CodeInjectionForTesting (DelayLocalExecutionInjection.java:execute(65)) - s3 delay 150 ms, args=[serverRequest {
  requestorId: "s3"
  replyId: "s4"
  raftGroupId {
    id: "\022\253#?\217\233E\353\215^\n\220\255H\004\307"
  }
  callId: 39
}
leaderTerm: 1
previousLog {
  term: 1
}
commitInfos {
  server {
    id: "s3"
    address: "localhost:15332"
    dataStreamAddress: "localhost:15335"
    clientAddress: "localhost:15334"
    adminAddress: "localhost:15333"
    startupRole: FOLLOWER
  }
}
commitInfos {
  server {
    id: "s4"
    address: "localhost:15336"
    dataStreamAddress: "localhost:15339"
    clientAddress: "localhost:15338"
    adminAddress: "localhost:15337"
    startupRole: FOLLOWER
  }
}
commitInfos {
  server {
    id: "s0"
    address: "localhost:15320"
    dataStreamAddress: "localhost:15323"
    clientAddress: "localhost:15322"
    adminAddress: "localhost:15321"
    startupRole: FOLLOWER
  }
}
commitInfos {
  server {
    id: "s1"
    address: "localhost:15324"
    dataStreamAddress: "localhost:15327"
    clientAddress: "localhost:15326"
    adminAddress: "localhost:15325"
    startupRole: FOLLOWER
  }
}
commitInfos {
  server {
    id: "s2"
    address: "localhost:15328"
    dataStreamAddress: "localhost:15331"
    clientAddress: "localhost:15330"
    adminAddress: "localhost:15329"
    startupRole: FOLLOWER
  }
}
]
2024-10-20 10:47:37,690 [s3@group-0A90AD4804C7->s2-GrpcLogAppender-LogAppenderDaemon] INFO  util.CodeInjectionForTesting (DelayLocalExecutionInjection.java:execute(65)) - s3 delay 150 ms, args=[serverRequest {
  requestorId: "s3"
  replyId: "s2"
  raftGroupId {
    id: "\022\253#?\217\233E\353\215^\n\220\255H\004\307"
  }
  callId: 37
}
leaderTerm: 1
previousLog {
  term: 1
}
commitInfos {
  server {
    id: "s3"
    address: "localhost:15332"
    dataStreamAddress: "localhost:15335"
    clientAddress: "localhost:15334"
    adminAddress: "localhost:15333"
    startupRole: FOLLOWER
  }
}
commitInfos {
  server {
    id: "s4"
    address: "localhost:15336"
    dataStreamAddress: "localhost:15339"
    clientAddress: "localhost:15338"
    adminAddress: "localhost:15337"
    startupRole: FOLLOWER
  }
}
commitInfos {
  server {
    id: "s0"
    address: "localhost:15320"
    dataStreamAddress: "localhost:15323"
    clientAddress: "localhost:15322"
    adminAddress: "localhost:15321"
    startupRole: FOLLOWER
  }
}
commitInfos {
  server {
    id: "s1"
    address: "localhost:15324"
    dataStreamAddress: "localhost:15327"
    clientAddress: "localhost:15326"
    adminAddress: "localhost:15325"
    startupRole: FOLLOWER
  }
}
commitInfos {
  server {
    id: "s2"
    address: "localhost:15328"
    dataStreamAddress: "localhost:15331"
    clientAddress: "localhost:15330"
    adminAddress: "localhost:15329"
    startupRole: FOLLOWER
  }
}
]
2024-10-20 10:47:37,691 [s3@group-0A90AD4804C7->s0-GrpcLogAppender-LogAppenderDaemon] INFO  util.CodeInjectionForTesting (DelayLocalExecutionInjection.java:execute(65)) - s3 delay 150 ms, args=[serverRequest {
  requestorId: "s3"
  replyId: "s0"
  raftGroupId {
    id: "\022\253#?\217\233E\353\215^\n\220\255H\004\307"
  }
  callId: 36
}
leaderTerm: 1
previousLog {
  term: 1
}
commitInfos {
  server {
    id: "s3"
    address: "localhost:15332"
    dataStreamAddress: "localhost:15335"
    clientAddress: "localhost:15334"
    adminAddress: "localhost:15333"
    startupRole: FOLLOWER
  }
}
commitInfos {
  server {
    id: "s4"
    address: "localhost:15336"
    dataStreamAddress: "localhost:15339"
    clientAddress: "localhost:15338"
    adminAddress: "localhost:15337"
    startupRole: FOLLOWER
  }
}
commitInfos {
  server {
    id: "s0"
    address: "localhost:15320"
    dataStreamAddress: "localhost:15323"
    clientAddress: "localhost:15322"
    adminAddress: "localhost:15321"
    startupRole: FOLLOWER
  }
}
commitInfos {
  server {
    id: "s1"
    address: "localhost:15324"
    dataStreamAddress: "localhost:15327"
    clientAddress: "localhost:15326"
    adminAddress: "localhost:15325"
    startupRole: FOLLOWER
  }
}
commitInfos {
  server {
    id: "s2"
    address: "localhost:15328"
    dataStreamAddress: "localhost:15331"
    clientAddress: "localhost:15330"
    adminAddress: "localhost:15329"
    startupRole: FOLLOWER
  }
}
]
2024-10-20 10:47:37,763 [s3@group-0A90AD4804C7->s1-GrpcLogAppender-LogAppenderDaemon] INFO  util.CodeInjectionForTesting (DelayLocalExecutionInjection.java:execute(65)) - s3 delay 150 ms, args=[serverRequest {
  requestorId: "s3"
  replyId: "s1"
  raftGroupId {
    id: "\022\253#?\217\233E\353\215^\n\220\255H\004\307"
  }
  callId: 44
}
leaderTerm: 1
previousLog {
  term: 1
}
commitInfos {
  server {
    id: "s3"
    address: "localhost:15332"
    dataStreamAddress: "localhost:15335"
    clientAddress: "localhost:15334"
    adminAddress: "localhost:15333"
    startupRole: FOLLOWER
  }
}
commitInfos {
  server {
    id: "s4"
    address: "localhost:15336"
    dataStreamAddress: "localhost:15339"
    clientAddress: "localhost:15338"
    adminAddress: "localhost:15337"
    startupRole: FOLLOWER
  }
}
commitInfos {
  server {
    id: "s0"
    address: "localhost:15320"
    dataStreamAddress: "localhost:15323"
    clientAddress: "localhost:15322"
    adminAddress: "localhost:15321"
    startupRole: FOLLOWER
  }
}
commitInfos {
  server {
    id: "s1"
    address: "localhost:15324"
    dataStreamAddress: "localhost:15327"
    clientAddress: "localhost:15326"
    adminAddress: "localhost:15325"
    startupRole: FOLLOWER
  }
}
commitInfos {
  server {
    id: "s2"
    address: "localhost:15328"
    dataStreamAddress: "localhost:15331"
    clientAddress: "localhost:15330"
    adminAddress: "localhost:15329"
    startupRole: FOLLOWER
  }
}
]
2024-10-20 10:47:37,872 [s1@group-0A90AD4804C7-FollowerState] INFO  impl.FollowerState (FollowerState.java:runImpl(161)) - s1@group-0A90AD4804C7-FollowerState: change to CANDIDATE, lastRpcElapsedTime:242301217ns, electionTimeout:242ms
2024-10-20 10:47:37,872 [s1@group-0A90AD4804C7-FollowerState] INFO  impl.RoleInfo (RoleInfo.java:shutdownFollowerState(121)) - s1: shutdown s1@group-0A90AD4804C7-FollowerState
2024-10-20 10:47:37,872 [s1@group-0A90AD4804C7-FollowerState] INFO  server.RaftServer$Division (RaftServerImpl.java:setRole(380)) - s1@group-0A90AD4804C7: changes role from  FOLLOWER to CANDIDATE at term 1 for changeToCandidate
2024-10-20 10:47:37,872 [s1@group-0A90AD4804C7-FollowerState] INFO  server.RaftServerConfigKeys (ConfUtils.java:logGet(46)) - raft.server.leaderelection.pre-vote = true (default)
2024-10-20 10:47:37,872 [s1@group-0A90AD4804C7-FollowerState] INFO  impl.RoleInfo (RoleInfo.java:updateAndGet(148)) - s1: start s1@group-0A90AD4804C7-LeaderElection99
2024-10-20 10:47:37,873 [s1@group-0A90AD4804C7-LeaderElection99] INFO  impl.LeaderElection (LeaderElection.java:askForVotes(333)) - s1@group-0A90AD4804C7-LeaderElection99 PRE_VOTE round 0: submit vote requests at term 1 for conf: {index: 0, cur=peers:[s3|localhost:15332, s4|localhost:15336, s0|localhost:15320, s1|localhost:15324, s2|localhost:15328]|listeners:[], old=null}
2024-10-20 10:47:37,874 [grpc-default-executor-1] INFO  server.RaftServer$Division (RaftServerImpl.java:requestVote(1447)) - s3@group-0A90AD4804C7: receive requestVote(PRE_VOTE, s1, group-0A90AD4804C7, 1, (t:1, i:0))
2024-10-20 10:47:37,875 [grpc-default-executor-1] INFO  impl.VoteContext (VoteContext.java:log(49)) - s3@group-0A90AD4804C7-LEADER: reject PRE_VOTE from s1: this server is the leader and still has leadership
2024-10-20 10:47:37,875 [grpc-default-executor-9] INFO  server.RaftServer$Division (RaftServerImpl.java:requestVote(1447)) - s0@group-0A90AD4804C7: receive requestVote(PRE_VOTE, s1, group-0A90AD4804C7, 1, (t:1, i:0))
2024-10-20 10:47:37,875 [grpc-default-executor-1] INFO  server.RaftServer$Division (RaftServerImpl.java:requestVote(1480)) - s3@group-0A90AD4804C7 replies to PRE_VOTE vote request: s1<-s3#0:FAIL-t1. Peer's state: s3@group-0A90AD4804C7:t1, leader=s3, voted=s3, raftlog=Memoized:s3@group-0A90AD4804C7-SegmentedRaftLog:OPENED:c0:last(t:1, i:0), conf=conf: {index: 0, cur=peers:[s3|localhost:15332, s4|localhost:15336, s0|localhost:15320, s1|localhost:15324, s2|localhost:15328]|listeners:[], old=null}
2024-10-20 10:47:37,875 [grpc-default-executor-6] INFO  server.RaftServer$Division (RaftServerImpl.java:requestVote(1447)) - s4@group-0A90AD4804C7: receive requestVote(PRE_VOTE, s1, group-0A90AD4804C7, 1, (t:1, i:0))
2024-10-20 10:47:37,875 [grpc-default-executor-6] INFO  impl.VoteContext (VoteContext.java:log(49)) - s4@group-0A90AD4804C7-FOLLOWER: reject PRE_VOTE from s1: this server is a follower and still has a valid leader s3 different than the candidate s1
2024-10-20 10:47:37,875 [grpc-default-executor-6] INFO  server.RaftServer$Division (RaftServerImpl.java:requestVote(1480)) - s4@group-0A90AD4804C7 replies to PRE_VOTE vote request: s1<-s4#0:FAIL-t1. Peer's state: s4@group-0A90AD4804C7:t1, leader=s3, voted=s3, raftlog=Memoized:s4@group-0A90AD4804C7-SegmentedRaftLog:OPENED:c0:last(t:1, i:0), conf=conf: {index: 0, cur=peers:[s3|localhost:15332, s4|localhost:15336, s0|localhost:15320, s1|localhost:15324, s2|localhost:15328]|listeners:[], old=null}
2024-10-20 10:47:37,875 [grpc-default-executor-9] INFO  impl.VoteContext (VoteContext.java:log(49)) - s0@group-0A90AD4804C7-FOLLOWER: reject PRE_VOTE from s1: this server is a follower and still has a valid leader s3 different than the candidate s1
2024-10-20 10:47:37,876 [grpc-default-executor-9] INFO  server.RaftServer$Division (RaftServerImpl.java:requestVote(1480)) - s0@group-0A90AD4804C7 replies to PRE_VOTE vote request: s1<-s0#0:FAIL-t1. Peer's state: s0@group-0A90AD4804C7:t1, leader=s3, voted=s3, raftlog=Memoized:s0@group-0A90AD4804C7-SegmentedRaftLog:OPENED:c0:last(t:1, i:0), conf=conf: {index: 0, cur=peers:[s3|localhost:15332, s4|localhost:15336, s0|localhost:15320, s1|localhost:15324, s2|localhost:15328]|listeners:[], old=null}
2024-10-20 10:47:37,875 [grpc-default-executor-3] INFO  server.RaftServer$Division (RaftServerImpl.java:requestVote(1447)) - s2@group-0A90AD4804C7: receive requestVote(PRE_VOTE, s1, group-0A90AD4804C7, 1, (t:1, i:0))
2024-10-20 10:47:37,876 [grpc-default-executor-3] INFO  impl.VoteContext (VoteContext.java:log(49)) - s2@group-0A90AD4804C7-FOLLOWER: reject PRE_VOTE from s1: this server is a follower and still has a valid leader s3 different than the candidate s1
2024-10-20 10:47:37,877 [grpc-default-executor-3] INFO  server.RaftServer$Division (RaftServerImpl.java:requestVote(1480)) - s2@group-0A90AD4804C7 replies to PRE_VOTE vote request: s1<-s2#0:FAIL-t1. Peer's state: s2@group-0A90AD4804C7:t1, leader=s3, voted=s3, raftlog=Memoized:s2@group-0A90AD4804C7-SegmentedRaftLog:OPENED:c0:last(t:1, i:0), conf=conf: {index: 0, cur=peers:[s3|localhost:15332, s4|localhost:15336, s0|localhost:15320, s1|localhost:15324, s2|localhost:15328]|listeners:[], old=null}
2024-10-20 10:47:37,878 [s1@group-0A90AD4804C7-LeaderElection99] INFO  impl.LeaderElection (LeaderElection.java:logAndReturn(90)) - s1@group-0A90AD4804C7-LeaderElection99: PRE_VOTE REJECTED received 3 response(s) and 0 exception(s):
2024-10-20 10:47:37,878 [s1@group-0A90AD4804C7-LeaderElection99] INFO  impl.LeaderElection (LeaderElection.java:logAndReturn(94)) -   Response 0: s1<-s3#0:FAIL-t1
2024-10-20 10:47:37,878 [s1@group-0A90AD4804C7-LeaderElection99] INFO  impl.LeaderElection (LeaderElection.java:logAndReturn(94)) -   Response 1: s1<-s4#0:FAIL-t1
2024-10-20 10:47:37,878 [s1@group-0A90AD4804C7-LeaderElection99] INFO  impl.LeaderElection (LeaderElection.java:logAndReturn(94)) -   Response 2: s1<-s0#0:FAIL-t1
2024-10-20 10:47:37,878 [s1@group-0A90AD4804C7-LeaderElection99] INFO  impl.LeaderElection (LeaderElection.java:askForVotes(335)) - s1@group-0A90AD4804C7-LeaderElection99 PRE_VOTE round 0: result REJECTED
2024-10-20 10:47:37,878 [s1@group-0A90AD4804C7-LeaderElection99] INFO  server.RaftServer$Division (RaftServerImpl.java:setRole(380)) - s1@group-0A90AD4804C7: changes role from CANDIDATE to FOLLOWER at term 1 for REJECTED
2024-10-20 10:47:37,878 [s1@group-0A90AD4804C7-LeaderElection99] INFO  impl.RoleInfo (RoleInfo.java:shutdownLeaderElection(141)) - s1: shutdown s1@group-0A90AD4804C7-LeaderElection99
2024-10-20 10:47:37,878 [s1@group-0A90AD4804C7-LeaderElection99] INFO  impl.RoleInfo (RoleInfo.java:updateAndGet(148)) - s1: start s1@group-0A90AD4804C7-FollowerState
2024-10-20 10:47:37,887 [main] INFO  server.RaftServerConfigKeys (ConfUtils.java:logGet(46)) - raft.server.rpc.timeout.max = 300ms (default)
2024-10-20 10:47:38,060 [s1-server-thread2] INFO  util.CodeInjectionForTesting (BlockRequestHandlingInjection.java:execute(84)) - s1: unBlock request from s3
2024-10-20 10:47:38,060 [s1-server-thread2] INFO  server.RaftServer$Division (ServerState.java:setLeader(272)) - s1@group-0A90AD4804C7: change Leader from null to s3 at term 1 for appendEntries, leader elected after 872ms
2024-10-20 10:47:38,787 [main] INFO  grpc.TestLeaderElectionWithGrpc (LeaderElectionTests.java:enforceLeader(386)) - try enforcing leader to s1 but new leader is s3
2024-10-20 10:47:39,788 [main] INFO  server.RaftServerConfigKeys (ConfUtils.java:logGet(46)) - raft.server.rpc.timeout.max = 300ms (default)
2024-10-20 10:47:39,825 [s3@group-0A90AD4804C7->s0-GrpcLogAppender-LogAppenderDaemon] INFO  util.CodeInjectionForTesting (DelayLocalExecutionInjection.java:execute(65)) - s3 delay 150 ms, args=[serverRequest {
  requestorId: "s3"
  replyId: "s0"
  raftGroupId {
    id: "\022\253#?\217\233E\353\215^\n\220\255H\004\307"
  }
  callId: 62
}
leaderTerm: 1
previousLog {
  term: 1
}
commitInfos {
  server {
    id: "s3"
    address: "localhost:15332"
    dataStreamAddress: "localhost:15335"
    clientAddress: "localhost:15334"
    adminAddress: "localhost:15333"
    startupRole: FOLLOWER
  }
}
commitInfos {
  server {
    id: "s4"
    address: "localhost:15336"
    dataStreamAddress: "localhost:15339"
    clientAddress: "localhost:15338"
    adminAddress: "localhost:15337"
    startupRole: FOLLOWER
  }
}
commitInfos {
  server {
    id: "s0"
    address: "localhost:15320"
    dataStreamAddress: "localhost:15323"
    clientAddress: "localhost:15322"
    adminAddress: "localhost:15321"
    startupRole: FOLLOWER
  }
}
commitInfos {
  server {
    id: "s1"
    address: "localhost:15324"
    dataStreamAddress: "localhost:15327"
    clientAddress: "localhost:15326"
    adminAddress: "localhost:15325"
    startupRole: FOLLOWER
  }
}
commitInfos {
  server {
    id: "s2"
    address: "localhost:15328"
    dataStreamAddress: "localhost:15331"
    clientAddress: "localhost:15330"
    adminAddress: "localhost:15329"
    startupRole: FOLLOWER
  }
}
]
2024-10-20 10:47:39,826 [s3@group-0A90AD4804C7->s2-GrpcLogAppender-LogAppenderDaemon] INFO  util.CodeInjectionForTesting (DelayLocalExecutionInjection.java:execute(65)) - s3 delay 150 ms, args=[serverRequest {
  requestorId: "s3"
  replyId: "s2"
  raftGroupId {
    id: "\022\253#?\217\233E\353\215^\n\220\255H\004\307"
  }
  callId: 63
}
leaderTerm: 1
previousLog {
  term: 1
}
commitInfos {
  server {
    id: "s3"
    address: "localhost:15332"
    dataStreamAddress: "localhost:15335"
    clientAddress: "localhost:15334"
    adminAddress: "localhost:15333"
    startupRole: FOLLOWER
  }
}
commitInfos {
  server {
    id: "s4"
    address: "localhost:15336"
    dataStreamAddress: "localhost:15339"
    clientAddress: "localhost:15338"
    adminAddress: "localhost:15337"
    startupRole: FOLLOWER
  }
}
commitInfos {
  server {
    id: "s0"
    address: "localhost:15320"
    dataStreamAddress: "localhost:15323"
    clientAddress: "localhost:15322"
    adminAddress: "localhost:15321"
    startupRole: FOLLOWER
  }
}
commitInfos {
  server {
    id: "s1"
    address: "localhost:15324"
    dataStreamAddress: "localhost:15327"
    clientAddress: "localhost:15326"
    adminAddress: "localhost:15325"
    startupRole: FOLLOWER
  }
}
commitInfos {
  server {
    id: "s2"
    address: "localhost:15328"
    dataStreamAddress: "localhost:15331"
    clientAddress: "localhost:15330"
    adminAddress: "localhost:15329"
    startupRole: FOLLOWER
  }
}
]
2024-10-20 10:47:39,826 [s3@group-0A90AD4804C7->s1-GrpcLogAppender-LogAppenderDaemon] INFO  util.CodeInjectionForTesting (DelayLocalExecutionInjection.java:execute(65)) - s3 delay 150 ms, args=[serverRequest {
  requestorId: "s3"
  replyId: "s1"
  raftGroupId {
    id: "\022\253#?\217\233E\353\215^\n\220\255H\004\307"
  }
  callId: 70
}
leaderTerm: 1
previousLog {
  term: 1
}
commitInfos {
  server {
    id: "s3"
    address: "localhost:15332"
    dataStreamAddress: "localhost:15335"
    clientAddress: "localhost:15334"
    adminAddress: "localhost:15333"
    startupRole: FOLLOWER
  }
}
commitInfos {
  server {
    id: "s4"
    address: "localhost:15336"
    dataStreamAddress: "localhost:15339"
    clientAddress: "localhost:15338"
    adminAddress: "localhost:15337"
    startupRole: FOLLOWER
  }
}
commitInfos {
  server {
    id: "s0"
    address: "localhost:15320"
    dataStreamAddress: "localhost:15323"
    clientAddress: "localhost:15322"
    adminAddress: "localhost:15321"
    startupRole: FOLLOWER
  }
}
commitInfos {
  server {
    id: "s1"
    address: "localhost:15324"
    dataStreamAddress: "localhost:15327"
    clientAddress: "localhost:15326"
    adminAddress: "localhost:15325"
    startupRole: FOLLOWER
  }
}
commitInfos {
  server {
    id: "s2"
    address: "localhost:15328"
    dataStreamAddress: "localhost:15331"
    clientAddress: "localhost:15330"
    adminAddress: "localhost:15329"
    startupRole: FOLLOWER
  }
}
]
2024-10-20 10:47:39,827 [s3@group-0A90AD4804C7->s4-GrpcLogAppender-LogAppenderDaemon] INFO  util.CodeInjectionForTesting (DelayLocalExecutionInjection.java:execute(65)) - s3 delay 150 ms, args=[serverRequest {
  requestorId: "s3"
  replyId: "s4"
  raftGroupId {
    id: "\022\253#?\217\233E\353\215^\n\220\255H\004\307"
  }
  callId: 65
}
leaderTerm: 1
previousLog {
  term: 1
}
commitInfos {
  server {
    id: "s3"
    address: "localhost:15332"
    dataStreamAddress: "localhost:15335"
    clientAddress: "localhost:15334"
    adminAddress: "localhost:15333"
    startupRole: FOLLOWER
  }
}
commitInfos {
  server {
    id: "s4"
    address: "localhost:15336"
    dataStreamAddress: "localhost:15339"
    clientAddress: "localhost:15338"
    adminAddress: "localhost:15337"
    startupRole: FOLLOWER
  }
}
commitInfos {
  server {
    id: "s0"
    address: "localhost:15320"
    dataStreamAddress: "localhost:15323"
    clientAddress: "localhost:15322"
    adminAddress: "localhost:15321"
    startupRole: FOLLOWER
  }
}
commitInfos {
  server {
    id: "s1"
    address: "localhost:15324"
    dataStreamAddress: "localhost:15327"
    clientAddress: "localhost:15326"
    adminAddress: "localhost:15325"
    startupRole: FOLLOWER
  }
}
commitInfos {
  server {
    id: "s2"
    address: "localhost:15328"
    dataStreamAddress: "localhost:15331"
    clientAddress: "localhost:15330"
    adminAddress: "localhost:15329"
    startupRole: FOLLOWER
  }
}
]
2024-10-20 10:47:39,976 [s1-server-thread2] INFO  util.CodeInjectionForTesting (BlockRequestHandlingInjection.java:execute(77)) - s1: Block request from s3
2024-10-20 10:47:40,014 [s3@group-0A90AD4804C7->s1-GrpcLogAppender-LogAppenderDaemon] INFO  util.CodeInjectionForTesting (DelayLocalExecutionInjection.java:execute(65)) - s3 delay 150 ms, args=[serverRequest {
  requestorId: "s3"
  replyId: "s1"
  raftGroupId {
    id: "\022\253#?\217\233E\353\215^\n\220\255H\004\307"
  }
  callId: 71
}
leaderTerm: 1
previousLog {
  term: 1
}
commitInfos {
  server {
    id: "s3"
    address: "localhost:15332"
    dataStreamAddress: "localhost:15335"
    clientAddress: "localhost:15334"
    adminAddress: "localhost:15333"
    startupRole: FOLLOWER
  }
}
commitInfos {
  server {
    id: "s4"
    address: "localhost:15336"
    dataStreamAddress: "localhost:15339"
    clientAddress: "localhost:15338"
    adminAddress: "localhost:15337"
    startupRole: FOLLOWER
  }
}
commitInfos {
  server {
    id: "s0"
    address: "localhost:15320"
    dataStreamAddress: "localhost:15323"
    clientAddress: "localhost:15322"
    adminAddress: "localhost:15321"
    startupRole: FOLLOWER
  }
}
commitInfos {
  server {
    id: "s1"
    address: "localhost:15324"
    dataStreamAddress: "localhost:15327"
    clientAddress: "localhost:15326"
    adminAddress: "localhost:15325"
    startupRole: FOLLOWER
  }
}
commitInfos {
  server {
    id: "s2"
    address: "localhost:15328"
    dataStreamAddress: "localhost:15331"
    clientAddress: "localhost:15330"
    adminAddress: "localhost:15329"
    startupRole: FOLLOWER
  }
}
]
2024-10-20 10:47:40,052 [s3@group-0A90AD4804C7->s2-GrpcLogAppender-LogAppenderDaemon] INFO  util.CodeInjectionForTesting (DelayLocalExecutionInjection.java:execute(65)) - s3 delay 150 ms, args=[serverRequest {
  requestorId: "s3"
  replyId: "s2"
  raftGroupId {
    id: "\022\253#?\217\233E\353\215^\n\220\255H\004\307"
  }
  callId: 64
}
leaderTerm: 1
previousLog {
  term: 1
}
commitInfos {
  server {
    id: "s3"
    address: "localhost:15332"
    dataStreamAddress: "localhost:15335"
    clientAddress: "localhost:15334"
    adminAddress: "localhost:15333"
    startupRole: FOLLOWER
  }
}
commitInfos {
  server {
    id: "s4"
    address: "localhost:15336"
    dataStreamAddress: "localhost:15339"
    clientAddress: "localhost:15338"
    adminAddress: "localhost:15337"
    startupRole: FOLLOWER
  }
}
commitInfos {
  server {
    id: "s0"
    address: "localhost:15320"
    dataStreamAddress: "localhost:15323"
    clientAddress: "localhost:15322"
    adminAddress: "localhost:15321"
    startupRole: FOLLOWER
  }
}
commitInfos {
  server {
    id: "s1"
    address: "localhost:15324"
    dataStreamAddress: "localhost:15327"
    clientAddress: "localhost:15326"
    adminAddress: "localhost:15325"
    startupRole: FOLLOWER
  }
}
commitInfos {
  server {
    id: "s2"
    address: "localhost:15328"
    dataStreamAddress: "localhost:15331"
    clientAddress: "localhost:15330"
    adminAddress: "localhost:15329"
    startupRole: FOLLOWER
  }
}
]
2024-10-20 10:47:40,052 [s3@group-0A90AD4804C7->s0-GrpcLogAppender-LogAppenderDaemon] INFO  util.CodeInjectionForTesting (DelayLocalExecutionInjection.java:execute(65)) - s3 delay 150 ms, args=[serverRequest {
  requestorId: "s3"
  replyId: "s0"
  raftGroupId {
    id: "\022\253#?\217\233E\353\215^\n\220\255H\004\307"
  }
  callId: 63
}
leaderTerm: 1
previousLog {
  term: 1
}
commitInfos {
  server {
    id: "s3"
    address: "localhost:15332"
    dataStreamAddress: "localhost:15335"
    clientAddress: "localhost:15334"
    adminAddress: "localhost:15333"
    startupRole: FOLLOWER
  }
}
commitInfos {
  server {
    id: "s4"
    address: "localhost:15336"
    dataStreamAddress: "localhost:15339"
    clientAddress: "localhost:15338"
    adminAddress: "localhost:15337"
    startupRole: FOLLOWER
  }
}
commitInfos {
  server {
    id: "s0"
    address: "localhost:15320"
    dataStreamAddress: "localhost:15323"
    clientAddress: "localhost:15322"
    adminAddress: "localhost:15321"
    startupRole: FOLLOWER
  }
}
commitInfos {
  server {
    id: "s1"
    address: "localhost:15324"
    dataStreamAddress: "localhost:15327"
    clientAddress: "localhost:15326"
    adminAddress: "localhost:15325"
    startupRole: FOLLOWER
  }
}
commitInfos {
  server {
    id: "s2"
    address: "localhost:15328"
    dataStreamAddress: "localhost:15331"
    clientAddress: "localhost:15330"
    adminAddress: "localhost:15329"
    startupRole: FOLLOWER
  }
}
]
2024-10-20 10:47:40,053 [s3@group-0A90AD4804C7->s4-GrpcLogAppender-LogAppenderDaemon] INFO  util.CodeInjectionForTesting (DelayLocalExecutionInjection.java:execute(65)) - s3 delay 150 ms, args=[serverRequest {
  requestorId: "s3"
  replyId: "s4"
  raftGroupId {
    id: "\022\253#?\217\233E\353\215^\n\220\255H\004\307"
  }
  callId: 66
}
leaderTerm: 1
previousLog {
  term: 1
}
commitInfos {
  server {
    id: "s3"
    address: "localhost:15332"
    dataStreamAddress: "localhost:15335"
    clientAddress: "localhost:15334"
    adminAddress: "localhost:15333"
    startupRole: FOLLOWER
  }
}
commitInfos {
  server {
    id: "s4"
    address: "localhost:15336"
    dataStreamAddress: "localhost:15339"
    clientAddress: "localhost:15338"
    adminAddress: "localhost:15337"
    startupRole: FOLLOWER
  }
}
commitInfos {
  server {
    id: "s0"
    address: "localhost:15320"
    dataStreamAddress: "localhost:15323"
    clientAddress: "localhost:15322"
    adminAddress: "localhost:15321"
    startupRole: FOLLOWER
  }
}
commitInfos {
  server {
    id: "s1"
    address: "localhost:15324"
    dataStreamAddress: "localhost:15327"
    clientAddress: "localhost:15326"
    adminAddress: "localhost:15325"
    startupRole: FOLLOWER
  }
}
commitInfos {
  server {
    id: "s2"
    address: "localhost:15328"
    dataStreamAddress: "localhost:15331"
    clientAddress: "localhost:15330"
    adminAddress: "localhost:15329"
    startupRole: FOLLOWER
  }
}
]
2024-10-20 10:47:40,153 [s1@group-0A90AD4804C7-FollowerState] INFO  impl.FollowerState (FollowerState.java:runImpl(161)) - s1@group-0A90AD4804C7-FollowerState: change to CANDIDATE, lastRpcElapsedTime:403788435ns, electionTimeout:157ms
2024-10-20 10:47:40,154 [s1@group-0A90AD4804C7-FollowerState] INFO  impl.RoleInfo (RoleInfo.java:shutdownFollowerState(121)) - s1: shutdown s1@group-0A90AD4804C7-FollowerState
2024-10-20 10:47:40,154 [s1@group-0A90AD4804C7-FollowerState] INFO  server.RaftServer$Division (RaftServerImpl.java:setRole(380)) - s1@group-0A90AD4804C7: changes role from  FOLLOWER to CANDIDATE at term 1 for changeToCandidate
2024-10-20 10:47:40,154 [s1@group-0A90AD4804C7-FollowerState] INFO  server.RaftServerConfigKeys (ConfUtils.java:logGet(46)) - raft.server.leaderelection.pre-vote = true (default)
2024-10-20 10:47:40,154 [s1@group-0A90AD4804C7-FollowerState] INFO  impl.RoleInfo (RoleInfo.java:updateAndGet(148)) - s1: start s1@group-0A90AD4804C7-LeaderElection100
2024-10-20 10:47:40,154 [s1@group-0A90AD4804C7-LeaderElection100] INFO  server.RaftServer$Division (ServerState.java:setLeader(272)) - s1@group-0A90AD4804C7: change Leader from s3 to null at term 1 for PRE_VOTE
2024-10-20 10:47:40,154 [s1@group-0A90AD4804C7-LeaderElection100] INFO  impl.LeaderElection (LeaderElection.java:askForVotes(333)) - s1@group-0A90AD4804C7-LeaderElection100 PRE_VOTE round 0: submit vote requests at term 1 for conf: {index: 0, cur=peers:[s3|localhost:15332, s4|localhost:15336, s0|localhost:15320, s1|localhost:15324, s2|localhost:15328]|listeners:[], old=null}
2024-10-20 10:47:40,156 [grpc-default-executor-3] INFO  server.RaftServer$Division (RaftServerImpl.java:requestVote(1447)) - s2@group-0A90AD4804C7: receive requestVote(PRE_VOTE, s1, group-0A90AD4804C7, 1, (t:1, i:0))
2024-10-20 10:47:40,157 [grpc-default-executor-3] INFO  impl.VoteContext (VoteContext.java:log(49)) - s2@group-0A90AD4804C7-FOLLOWER: accept PRE_VOTE from s1: our priority 0 <= candidate's priority 0
2024-10-20 10:47:40,157 [grpc-default-executor-3] INFO  server.RaftServer$Division (RaftServerImpl.java:requestVote(1480)) - s2@group-0A90AD4804C7 replies to PRE_VOTE vote request: s1<-s2#0:OK-t1. Peer's state: s2@group-0A90AD4804C7:t1, leader=s3, voted=s3, raftlog=Memoized:s2@group-0A90AD4804C7-SegmentedRaftLog:OPENED:c0:last(t:1, i:0), conf=conf: {index: 0, cur=peers:[s3|localhost:15332, s4|localhost:15336, s0|localhost:15320, s1|localhost:15324, s2|localhost:15328]|listeners:[], old=null}
2024-10-20 10:47:40,157 [grpc-default-executor-1] INFO  server.RaftServer$Division (RaftServerImpl.java:requestVote(1447)) - s4@group-0A90AD4804C7: receive requestVote(PRE_VOTE, s1, group-0A90AD4804C7, 1, (t:1, i:0))
2024-10-20 10:47:40,157 [grpc-default-executor-1] INFO  impl.VoteContext (VoteContext.java:log(49)) - s4@group-0A90AD4804C7-FOLLOWER: accept PRE_VOTE from s1: our priority 0 <= candidate's priority 0
2024-10-20 10:47:40,158 [grpc-default-executor-1] INFO  server.RaftServer$Division (RaftServerImpl.java:requestVote(1480)) - s4@group-0A90AD4804C7 replies to PRE_VOTE vote request: s1<-s4#0:OK-t1. Peer's state: s4@group-0A90AD4804C7:t1, leader=s3, voted=s3, raftlog=Memoized:s4@group-0A90AD4804C7-SegmentedRaftLog:OPENED:c0:last(t:1, i:0), conf=conf: {index: 0, cur=peers:[s3|localhost:15332, s4|localhost:15336, s0|localhost:15320, s1|localhost:15324, s2|localhost:15328]|listeners:[], old=null}
2024-10-20 10:47:40,158 [grpc-default-executor-3] INFO  server.RaftServer$Division (RaftServerImpl.java:requestVote(1447)) - s0@group-0A90AD4804C7: receive requestVote(PRE_VOTE, s1, group-0A90AD4804C7, 1, (t:1, i:0))
2024-10-20 10:47:40,158 [grpc-default-executor-3] INFO  impl.VoteContext (VoteContext.java:log(49)) - s0@group-0A90AD4804C7-FOLLOWER: accept PRE_VOTE from s1: our priority 0 <= candidate's priority 0
2024-10-20 10:47:40,158 [grpc-default-executor-3] INFO  server.RaftServer$Division (RaftServerImpl.java:requestVote(1480)) - s0@group-0A90AD4804C7 replies to PRE_VOTE vote request: s1<-s0#0:OK-t1. Peer's state: s0@group-0A90AD4804C7:t1, leader=s3, voted=s3, raftlog=Memoized:s0@group-0A90AD4804C7-SegmentedRaftLog:OPENED:c0:last(t:1, i:0), conf=conf: {index: 0, cur=peers:[s3|localhost:15332, s4|localhost:15336, s0|localhost:15320, s1|localhost:15324, s2|localhost:15328]|listeners:[], old=null}
2024-10-20 10:47:40,160 [s1@group-0A90AD4804C7-LeaderElection100] INFO  impl.LeaderElection (LeaderElection.java:logAndReturn(90)) - s1@group-0A90AD4804C7-LeaderElection100: PRE_VOTE PASSED received 2 response(s) and 0 exception(s):
2024-10-20 10:47:40,161 [s1@group-0A90AD4804C7-LeaderElection100] INFO  impl.LeaderElection (LeaderElection.java:logAndReturn(94)) -   Response 0: s1<-s4#0:OK-t1
2024-10-20 10:47:40,161 [s1@group-0A90AD4804C7-LeaderElection100] INFO  impl.LeaderElection (LeaderElection.java:logAndReturn(94)) -   Response 1: s1<-s2#0:OK-t1
2024-10-20 10:47:40,161 [s1@group-0A90AD4804C7-LeaderElection100] INFO  impl.LeaderElection (LeaderElection.java:askForVotes(335)) - s1@group-0A90AD4804C7-LeaderElection100 PRE_VOTE round 0: result PASSED
2024-10-20 10:47:40,161 [s1@group-0A90AD4804C7-LeaderElection100] TRACE util.FileUtils (LogUtils.java:supplyAndLog(69)) - Successfully supplied FileChannel.open /home/runner/work/ratis/ratis/ratis-test/target/test/data/d69430f5/MiniRaftClusterWithGrpc498f2cf4/s1/12ab233f-8f9b-45eb-8d5e-0a90ad4804c7/current/raft-meta.tmp with options [CREATE, WRITE]: sun.nio.ch.FileChannelImpl@4674be42
2024-10-20 10:47:40,162 [grpc-default-executor-3] INFO  server.RaftServer$Division (RaftServerImpl.java:requestVote(1447)) - s3@group-0A90AD4804C7: receive requestVote(PRE_VOTE, s1, group-0A90AD4804C7, 1, (t:1, i:0))
2024-10-20 10:47:40,162 [s1@group-0A90AD4804C7-LeaderElection100] TRACE util.FileUtils (LogUtils.java:runAndLog(49)) - Successfully ran Atomic Files.move /home/runner/work/ratis/ratis/ratis-test/target/test/data/d69430f5/MiniRaftClusterWithGrpc498f2cf4/s1/12ab233f-8f9b-45eb-8d5e-0a90ad4804c7/current/raft-meta.tmp to /home/runner/work/ratis/ratis/ratis-test/target/test/data/d69430f5/MiniRaftClusterWithGrpc498f2cf4/s1/12ab233f-8f9b-45eb-8d5e-0a90ad4804c7/current/raft-meta with options [REPLACE_EXISTING]
2024-10-20 10:47:40,162 [grpc-default-executor-3] INFO  impl.VoteContext (VoteContext.java:log(49)) - s3@group-0A90AD4804C7-LEADER: reject PRE_VOTE from s1: this server is the leader and still has leadership
2024-10-20 10:47:40,162 [grpc-default-executor-3] INFO  server.RaftServer$Division (RaftServerImpl.java:requestVote(1480)) - s3@group-0A90AD4804C7 replies to PRE_VOTE vote request: s1<-s3#0:FAIL-t1. Peer's state: s3@group-0A90AD4804C7:t1, leader=s3, voted=s3, raftlog=Memoized:s3@group-0A90AD4804C7-SegmentedRaftLog:OPENED:c0:last(t:1, i:0), conf=conf: {index: 0, cur=peers:[s3|localhost:15332, s4|localhost:15336, s0|localhost:15320, s1|localhost:15324, s2|localhost:15328]|listeners:[], old=null}
2024-10-20 10:47:40,162 [s1@group-0A90AD4804C7-LeaderElection100] INFO  impl.LeaderElection (LeaderElection.java:askForVotes(333)) - s1@group-0A90AD4804C7-LeaderElection100 ELECTION round 0: submit vote requests at term 2 for conf: {index: 0, cur=peers:[s3|localhost:15332, s4|localhost:15336, s0|localhost:15320, s1|localhost:15324, s2|localhost:15328]|listeners:[], old=null}
2024-10-20 10:47:40,165 [grpc-default-executor-3] INFO  server.RaftServer$Division (RaftServerImpl.java:requestVote(1447)) - s3@group-0A90AD4804C7: receive requestVote(ELECTION, s1, group-0A90AD4804C7, 2, (t:1, i:0))
2024-10-20 10:47:40,165 [grpc-default-executor-3] INFO  impl.VoteContext (VoteContext.java:log(49)) - s3@group-0A90AD4804C7-LEADER: accept ELECTION from s1: our priority 0 <= candidate's priority 0
2024-10-20 10:47:40,165 [grpc-default-executor-3] INFO  server.RaftServer$Division (RaftServerImpl.java:setRole(380)) - s3@group-0A90AD4804C7: changes role from    LEADER to FOLLOWER at term 1 for candidate:s1
2024-10-20 10:47:40,165 [grpc-default-executor-3] INFO  impl.RoleInfo (RoleInfo.java:shutdownLeaderState(103)) - s3: shutdown s3@group-0A90AD4804C7-LeaderStateImpl
2024-10-20 10:47:40,165 [grpc-default-executor-1] INFO  server.RaftServer$Division (RaftServerImpl.java:requestVote(1447)) - s4@group-0A90AD4804C7: receive requestVote(ELECTION, s1, group-0A90AD4804C7, 2, (t:1, i:0))
2024-10-20 10:47:40,165 [grpc-default-executor-1] INFO  impl.VoteContext (VoteContext.java:log(49)) - s4@group-0A90AD4804C7-FOLLOWER: accept ELECTION from s1: our priority 0 <= candidate's priority 0
2024-10-20 10:47:40,165 [grpc-default-executor-1] INFO  server.RaftServer$Division (RaftServerImpl.java:setRole(380)) - s4@group-0A90AD4804C7: changes role from  FOLLOWER to FOLLOWER at term 1 for candidate:s1
2024-10-20 10:47:40,165 [grpc-default-executor-1] INFO  impl.RoleInfo (RoleInfo.java:shutdownFollowerState(121)) - s4: shutdown s4@group-0A90AD4804C7-FollowerState
2024-10-20 10:47:40,165 [grpc-default-executor-1] INFO  server.RaftServer$Division (ServerState.java:setLeader(272)) - s4@group-0A90AD4804C7: change Leader from s3 to null at term 2 for updateCurrentTerm
2024-10-20 10:47:40,165 [s4@group-0A90AD4804C7-FollowerState] INFO  impl.FollowerState (FollowerState.java:runImpl(170)) - s4@group-0A90AD4804C7-FollowerState was interrupted
2024-10-20 10:47:40,166 [s3@group-0A90AD4804C7->s4-GrpcLogAppender-LogAppenderDaemon] WARN  server.GrpcLogAppender (GrpcLogAppender.java:mayWait(293)) - s3@group-0A90AD4804C7->s4-GrpcLogAppender: Wait interrupted by java.lang.InterruptedException
2024-10-20 10:47:40,166 [grpc-default-executor-3] INFO  impl.PendingRequests (PendingRequests.java:sendNotLeaderResponses(287)) - s3@group-0A90AD4804C7-PendingRequests: sendNotLeaderResponses
2024-10-20 10:47:40,166 [s3@group-0A90AD4804C7->s0-GrpcLogAppender-LogAppenderDaemon] WARN  server.GrpcLogAppender (GrpcLogAppender.java:mayWait(293)) - s3@group-0A90AD4804C7->s0-GrpcLogAppender: Wait interrupted by java.lang.InterruptedException
2024-10-20 10:47:40,166 [grpc-default-executor-8] INFO  server.RaftServer$Division (RaftServerImpl.java:requestVote(1447)) - s0@group-0A90AD4804C7: receive requestVote(ELECTION, s1, group-0A90AD4804C7, 2, (t:1, i:0))
2024-10-20 10:47:40,166 [s3@group-0A90AD4804C7->s1-GrpcLogAppender-LogAppenderDaemon] WARN  server.GrpcLogAppender (GrpcLogAppender.java:mayWait(293)) - s3@group-0A90AD4804C7->s1-GrpcLogAppender: Wait interrupted by java.lang.InterruptedException
2024-10-20 10:47:40,166 [s3@group-0A90AD4804C7->s2-GrpcLogAppender-LogAppenderDaemon] WARN  server.GrpcLogAppender (GrpcLogAppender.java:mayWait(293)) - s3@group-0A90AD4804C7->s2-GrpcLogAppender: Wait interrupted by java.lang.InterruptedException
2024-10-20 10:47:40,167 [grpc-default-executor-2] INFO  server.GrpcServerProtocolService (GrpcServerProtocolService.java:onCompleted(200)) - s2: Completed APPEND_ENTRIES, lastRequest: s3->s2#1-t1,previous=(t:0, i:0),leaderCommit=-1,initializing? false,entries: size=1, first=(t:1, i:0), CONFIGURATIONENTRY(current:id:"s3"address:"localhost:15332"dataStreamAddress:"localhost:15335"clientAddress:"localhost:15334"adminAddress:"localhost:15333"startupRole:FOLLOWER, id:"s4"address:"localhost:15336"dataStreamAddress:"localhost:15339"clientAddress:"localhost:15338"adminAddress:"localhost:15337"startupRole:FOLLOWER, id:"s0"address:"localhost:15320"dataStreamAddress:"localhost:15323"clientAddress:"localhost:15322"adminAddress:"localhost:15321"startupRole:FOLLOWER, id:"s1"address:"localhost:15324"dataStreamAddress:"localhost:15327"clientAddress:"localhost:15326"adminAddress:"localhost:15325"startupRole:FOLLOWER, id:"s2"address:"localhost:15328"dataStreamAddress:"localhost:15331"clientAddress:"localhost:15330"adminAddress:"localhost:15329"startupRole:FOLLOWER, old:)
2024-10-20 10:47:40,167 [grpc-default-executor-2] INFO  server.GrpcServerProtocolService (GrpcServerProtocolService.java:lambda$onCompleted$7(202)) - s2: Completed APPEND_ENTRIES, lastReply: null
2024-10-20 10:47:40,166 [grpc-default-executor-8] INFO  impl.VoteContext (VoteContext.java:log(49)) - s0@group-0A90AD4804C7-FOLLOWER: accept ELECTION from s1: our priority 0 <= candidate's priority 0
2024-10-20 10:47:40,167 [grpc-default-executor-8] INFO  server.RaftServer$Division (RaftServerImpl.java:setRole(380)) - s0@group-0A90AD4804C7: changes role from  FOLLOWER to FOLLOWER at term 1 for candidate:s1
2024-10-20 10:47:40,167 [grpc-default-executor-8] INFO  impl.RoleInfo (RoleInfo.java:shutdownFollowerState(121)) - s0: shutdown s0@group-0A90AD4804C7-FollowerState
2024-10-20 10:47:40,167 [grpc-default-executor-8] INFO  server.RaftServer$Division (ServerState.java:setLeader(272)) - s0@group-0A90AD4804C7: change Leader from s3 to null at term 2 for updateCurrentTerm
2024-10-20 10:47:40,168 [grpc-default-executor-8] INFO  impl.RoleInfo (RoleInfo.java:updateAndGet(148)) - s0: start s0@group-0A90AD4804C7-FollowerState
2024-10-20 10:47:40,168 [s0@group-0A90AD4804C7-FollowerState] INFO  impl.FollowerState (FollowerState.java:runImpl(170)) - s0@group-0A90AD4804C7-FollowerState was interrupted
2024-10-20 10:47:40,168 [grpc-default-executor-3] INFO  server.RaftServer$Division (ServerState.java:setLeader(272)) - s3@group-0A90AD4804C7: change Leader from s3 to null at term 1 for candidate:s1
2024-10-20 10:47:40,168 [grpc-default-executor-5] INFO  server.GrpcServerProtocolService (GrpcServerProtocolService.java:onCompleted(200)) - s1: Completed APPEND_ENTRIES, lastRequest: s3->s1#1-t1,previous=(t:0, i:0),leaderCommit=-1,initializing? false,entries: size=1, first=(t:1, i:0), CONFIGURATIONENTRY(current:id:"s3"address:"localhost:15332"dataStreamAddress:"localhost:15335"clientAddress:"localhost:15334"adminAddress:"localhost:15333"startupRole:FOLLOWER, id:"s4"address:"localhost:15336"dataStreamAddress:"localhost:15339"clientAddress:"localhost:15338"adminAddress:"localhost:15337"startupRole:FOLLOWER, id:"s0"address:"localhost:15320"dataStreamAddress:"localhost:15323"clientAddress:"localhost:15322"adminAddress:"localhost:15321"startupRole:FOLLOWER, id:"s1"address:"localhost:15324"dataStreamAddress:"localhost:15327"clientAddress:"localhost:15326"adminAddress:"localhost:15325"startupRole:FOLLOWER, id:"s2"address:"localhost:15328"dataStreamAddress:"localhost:15331"clientAddress:"localhost:15330"adminAddress:"localhost:15329"startupRole:FOLLOWER, old:)
2024-10-20 10:47:40,168 [grpc-default-executor-5] INFO  server.GrpcServerProtocolService (GrpcServerProtocolService.java:lambda$onCompleted$7(202)) - s1: Completed APPEND_ENTRIES, lastReply: null
2024-10-20 10:47:40,168 [grpc-default-executor-8] TRACE util.FileUtils (LogUtils.java:supplyAndLog(69)) - Successfully supplied FileChannel.open /home/runner/work/ratis/ratis/ratis-test/target/test/data/d69430f5/MiniRaftClusterWithGrpc498f2cf4/s0/12ab233f-8f9b-45eb-8d5e-0a90ad4804c7/current/raft-meta.tmp with options [CREATE, WRITE]: sun.nio.ch.FileChannelImpl@103dfdd6
2024-10-20 10:47:40,169 [grpc-default-executor-2] INFO  server.GrpcServerProtocolService (GrpcServerProtocolService.java:onCompleted(200)) - s2: Completed APPEND_ENTRIES, lastRequest: null
2024-10-20 10:47:40,169 [grpc-default-executor-2] INFO  server.GrpcServerProtocolService (GrpcServerProtocolService.java:lambda$onCompleted$7(202)) - s2: Completed APPEND_ENTRIES, lastReply: serverReply {
  requestorId: "s3"
  replyId: "s2"
  raftGroupId {
    id: "\022\253#?\217\233E\353\215^\n\220\255H\004\307"
  }
  callId: 64
  success: true
}
term: 1
nextIndex: 1
matchIndex: 18446744073709551615
isHearbeat: true

2024-10-20 10:47:40,167 [grpc-default-executor-1] INFO  impl.RoleInfo (RoleInfo.java:updateAndGet(148)) - s4: start s4@group-0A90AD4804C7-FollowerState
2024-10-20 10:47:40,167 [grpc-default-executor-4] INFO  server.GrpcServerProtocolService (GrpcServerProtocolService.java:onCompleted(200)) - s4: Completed APPEND_ENTRIES, lastRequest: s3->s4#1-t1,previous=(t:0, i:0),leaderCommit=-1,initializing? false,entries: size=1, first=(t:1, i:0), CONFIGURATIONENTRY(current:id:"s3"address:"localhost:15332"dataStreamAddress:"localhost:15335"clientAddress:"localhost:15334"adminAddress:"localhost:15333"startupRole:FOLLOWER, id:"s4"address:"localhost:15336"dataStreamAddress:"localhost:15339"clientAddress:"localhost:15338"adminAddress:"localhost:15337"startupRole:FOLLOWER, id:"s0"address:"localhost:15320"dataStreamAddress:"localhost:15323"clientAddress:"localhost:15322"adminAddress:"localhost:15321"startupRole:FOLLOWER, id:"s1"address:"localhost:15324"dataStreamAddress:"localhost:15327"clientAddress:"localhost:15326"adminAddress:"localhost:15325"startupRole:FOLLOWER, id:"s2"address:"localhost:15328"dataStreamAddress:"localhost:15331"clientAddress:"localhost:15330"adminAddress:"localhost:15329"startupRole:FOLLOWER, old:)
2024-10-20 10:47:40,167 [grpc-default-executor-0] INFO  server.RaftServer$Division (RaftServerImpl.java:requestVote(1447)) - s2@group-0A90AD4804C7: receive requestVote(ELECTION, s1, group-0A90AD4804C7, 2, (t:1, i:0))
2024-10-20 10:47:40,169 [grpc-default-executor-4] INFO  server.GrpcServerProtocolService (GrpcServerProtocolService.java:lambda$onCompleted$7(202)) - s4: Completed APPEND_ENTRIES, lastReply: null
2024-10-20 10:47:40,169 [grpc-default-executor-0] INFO  impl.VoteContext (VoteContext.java:log(49)) - s2@group-0A90AD4804C7-FOLLOWER: accept ELECTION from s1: our priority 0 <= candidate's priority 0
2024-10-20 10:47:40,169 [grpc-default-executor-0] INFO  server.RaftServer$Division (RaftServerImpl.java:setRole(380)) - s2@group-0A90AD4804C7: changes role from  FOLLOWER to FOLLOWER at term 1 for candidate:s1
2024-10-20 10:47:40,169 [grpc-default-executor-0] INFO  impl.RoleInfo (RoleInfo.java:shutdownFollowerState(121)) - s2: shutdown s2@group-0A90AD4804C7-FollowerState
2024-10-20 10:47:40,170 [grpc-default-executor-8] TRACE util.FileUtils (LogUtils.java:runAndLog(49)) - Successfully ran Atomic Files.move /home/runner/work/ratis/ratis/ratis-test/target/test/data/d69430f5/MiniRaftClusterWithGrpc498f2cf4/s0/12ab233f-8f9b-45eb-8d5e-0a90ad4804c7/current/raft-meta.tmp to /home/runner/work/ratis/ratis/ratis-test/target/test/data/d69430f5/MiniRaftClusterWithGrpc498f2cf4/s0/12ab233f-8f9b-45eb-8d5e-0a90ad4804c7/current/raft-meta with options [REPLACE_EXISTING]
2024-10-20 10:47:40,170 [grpc-default-executor-8] INFO  server.RaftServer$Division (RaftServerImpl.java:requestVote(1480)) - s0@group-0A90AD4804C7 replies to ELECTION vote request: s1<-s0#0:OK-t2. Peer's state: s0@group-0A90AD4804C7:t2, leader=null, voted=s1, raftlog=Memoized:s0@group-0A90AD4804C7-SegmentedRaftLog:OPENED:c0:last(t:1, i:0), conf=conf: {index: 0, cur=peers:[s3|localhost:15332, s4|localhost:15336, s0|localhost:15320, s1|localhost:15324, s2|localhost:15328]|listeners:[], old=null}
2024-10-20 10:47:40,170 [s0-server-thread3] WARN  server.RaftServer$Division (ServerState.java:recognizeLeader(331)) - s0@group-0A90AD4804C7: Failed to recognize s3 as leader for APPEND_ENTRIES since peerTerm = 1 < currentTerm = 2
2024-10-20 10:47:40,170 [grpc-default-executor-7] INFO  server.GrpcServerProtocolService (GrpcServerProtocolService.java:onCompleted(200)) - s0: Completed APPEND_ENTRIES, lastRequest: null
2024-10-20 10:47:40,170 [grpc-default-executor-7] INFO  server.GrpcServerProtocolService (GrpcServerProtocolService.java:lambda$onCompleted$7(202)) - s0: Completed APPEND_ENTRIES, lastReply: serverReply {
  requestorId: "s3"
  replyId: "s0"
  raftGroupId {
    id: "\022\253#?\217\233E\353\215^\n\220\255H\004\307"
  }
  callId: 63
}
term: 2
nextIndex: 1
result: NOT_LEADER
matchIndex: 18446744073709551615
isHearbeat: true

2024-10-20 10:47:40,175 [grpc-default-executor-3] INFO  impl.RoleInfo (RoleInfo.java:updateAndGet(148)) - s3: start s3@group-0A90AD4804C7-FollowerState
2024-10-20 10:47:40,175 [grpc-default-executor-7] INFO  server.GrpcLogAppender (GrpcLogAppender.java:onCompleted(559)) - s3@group-0A90AD4804C7->s1-AppendLogResponseHandler: follower responses appendEntries COMPLETED
2024-10-20 10:47:40,176 [grpc-default-executor-12] INFO  server.GrpcServerProtocolService (GrpcServerProtocolService.java:onCompleted(200)) - s0: Completed APPEND_ENTRIES, lastRequest: s3->s0#1-t1,previous=(t:0, i:0),leaderCommit=-1,initializing? false,entries: size=1, first=(t:1, i:0), CONFIGURATIONENTRY(current:id:"s3"address:"localhost:15332"dataStreamAddress:"localhost:15335"clientAddress:"localhost:15334"adminAddress:"localhost:15333"startupRole:FOLLOWER, id:"s4"address:"localhost:15336"dataStreamAddress:"localhost:15339"clientAddress:"localhost:15338"adminAddress:"localhost:15337"startupRole:FOLLOWER, id:"s0"address:"localhost:15320"dataStreamAddress:"localhost:15323"clientAddress:"localhost:15322"adminAddress:"localhost:15321"startupRole:FOLLOWER, id:"s1"address:"localhost:15324"dataStreamAddress:"localhost:15327"clientAddress:"localhost:15326"adminAddress:"localhost:15325"startupRole:FOLLOWER, id:"s2"address:"localhost:15328"dataStreamAddress:"localhost:15331"clientAddress:"localhost:15330"adminAddress:"localhost:15329"startupRole:FOLLOWER, old:)
2024-10-20 10:47:40,176 [grpc-default-executor-12] INFO  server.GrpcServerProtocolService (GrpcServerProtocolService.java:lambda$onCompleted$7(202)) - s0: Completed APPEND_ENTRIES, lastReply: null
2024-10-20 10:47:40,176 [grpc-default-executor-0] INFO  server.RaftServer$Division (ServerState.java:setLeader(272)) - s2@group-0A90AD4804C7: change Leader from s3 to null at term 2 for updateCurrentTerm
2024-10-20 10:47:40,176 [grpc-default-executor-3] TRACE util.FileUtils (LogUtils.java:supplyAndLog(69)) - Successfully supplied FileChannel.open /home/runner/work/ratis/ratis/ratis-test/target/test/data/d69430f5/MiniRaftClusterWithGrpc498f2cf4/s3/12ab233f-8f9b-45eb-8d5e-0a90ad4804c7/current/raft-meta.tmp with options [CREATE, WRITE]: sun.nio.ch.FileChannelImpl@79e596b6
2024-10-20 10:47:40,177 [s2@group-0A90AD4804C7-FollowerState] INFO  impl.FollowerState (FollowerState.java:runImpl(170)) - s2@group-0A90AD4804C7-FollowerState was interrupted
2024-10-20 10:47:40,177 [grpc-default-executor-8] INFO  server.GrpcLogAppender (GrpcLogAppender.java:onCompleted(559)) - s3@group-0A90AD4804C7->s4-AppendLogResponseHandler: follower responses appendEntries COMPLETED
2024-10-20 10:47:40,177 [grpc-default-executor-7] WARN  server.GrpcLogAppender (GrpcLogAppender.java:onNextImpl(521)) - s3@group-0A90AD4804C7->s0-AppendLogResponseHandler: received NOT_LEADER reply with term 2
2024-10-20 10:47:40,177 [grpc-default-executor-11] INFO  server.GrpcLogAppender (GrpcLogAppender.java:onCompleted(559)) - s3@group-0A90AD4804C7->s2-AppendLogResponseHandler: follower responses appendEntries COMPLETED
2024-10-20 10:47:40,178 [grpc-default-executor-1] TRACE util.FileUtils (LogUtils.java:supplyAndLog(69)) - Successfully supplied FileChannel.open /home/runner/work/ratis/ratis/ratis-test/target/test/data/d69430f5/MiniRaftClusterWithGrpc498f2cf4/s4/12ab233f-8f9b-45eb-8d5e-0a90ad4804c7/current/raft-meta.tmp with options [CREATE, WRITE]: sun.nio.ch.FileChannelImpl@4d6f3976
2024-10-20 10:47:40,178 [grpc-default-executor-3] TRACE util.FileUtils (LogUtils.java:runAndLog(49)) - Successfully ran Atomic Files.move /home/runner/work/ratis/ratis/ratis-test/target/test/data/d69430f5/MiniRaftClusterWithGrpc498f2cf4/s3/12ab233f-8f9b-45eb-8d5e-0a90ad4804c7/current/raft-meta.tmp to /home/runner/work/ratis/ratis/ratis-test/target/test/data/d69430f5/MiniRaftClusterWithGrpc498f2cf4/s3/12ab233f-8f9b-45eb-8d5e-0a90ad4804c7/current/raft-meta with options [REPLACE_EXISTING]
2024-10-20 10:47:40,178 [grpc-default-executor-3] INFO  server.RaftServer$Division (RaftServerImpl.java:requestVote(1480)) - s3@group-0A90AD4804C7 replies to ELECTION vote request: s1<-s3#0:OK-t2. Peer's state: s3@group-0A90AD4804C7:t2, leader=null, voted=s1, raftlog=Memoized:s3@group-0A90AD4804C7-SegmentedRaftLog:OPENED:c0:last(t:1, i:0), conf=conf: {index: 0, cur=peers:[s3|localhost:15332, s4|localhost:15336, s0|localhost:15320, s1|localhost:15324, s2|localhost:15328]|listeners:[], old=null}
2024-10-20 10:47:40,179 [grpc-default-executor-8] INFO  server.GrpcLogAppender (GrpcLogAppender.java:onCompleted(559)) - s3@group-0A90AD4804C7->s0-AppendLogResponseHandler: follower responses appendEntries COMPLETED
2024-10-20 10:47:40,178 [grpc-default-executor-0] INFO  impl.RoleInfo (RoleInfo.java:updateAndGet(148)) - s2: start s2@group-0A90AD4804C7-FollowerState
2024-10-20 10:47:40,180 [grpc-default-executor-10] INFO  server.GrpcLogAppender (GrpcLogAppender.java:onCompleted(559)) - s3@group-0A90AD4804C7->s2-AppendLogResponseHandler: follower responses appendEntries COMPLETED
2024-10-20 10:47:40,180 [s1@group-0A90AD4804C7-LeaderElection100] INFO  impl.LeaderElection (LeaderElection.java:logAndReturn(90)) - s1@group-0A90AD4804C7-LeaderElection100: ELECTION PASSED received 2 response(s) and 0 exception(s):
2024-10-20 10:47:40,180 [s1@group-0A90AD4804C7-LeaderElection100] INFO  impl.LeaderElection (LeaderElection.java:logAndReturn(94)) -   Response 0: s1<-s3#0:OK-t2
2024-10-20 10:47:40,180 [s1@group-0A90AD4804C7-LeaderElection100] INFO  impl.LeaderElection (LeaderElection.java:logAndReturn(94)) -   Response 1: s1<-s0#0:OK-t2
2024-10-20 10:47:40,179 [grpc-default-executor-1] TRACE util.FileUtils (LogUtils.java:runAndLog(49)) - Successfully ran Atomic Files.move /home/runner/work/ratis/ratis/ratis-test/target/test/data/d69430f5/MiniRaftClusterWithGrpc498f2cf4/s4/12ab233f-8f9b-45eb-8d5e-0a90ad4804c7/current/raft-meta.tmp to /home/runner/work/ratis/ratis/ratis-test/target/test/data/d69430f5/MiniRaftClusterWithGrpc498f2cf4/s4/12ab233f-8f9b-45eb-8d5e-0a90ad4804c7/current/raft-meta with options [REPLACE_EXISTING]
2024-10-20 10:47:40,180 [grpc-default-executor-1] INFO  server.RaftServer$Division (RaftServerImpl.java:requestVote(1480)) - s4@group-0A90AD4804C7 replies to ELECTION vote request: s1<-s4#0:OK-t2. Peer's state: s4@group-0A90AD4804C7:t2, leader=null, voted=s1, raftlog=Memoized:s4@group-0A90AD4804C7-SegmentedRaftLog:OPENED:c0:last(t:1, i:0), conf=conf: {index: 0, cur=peers:[s3|localhost:15332, s4|localhost:15336, s0|localhost:15320, s1|localhost:15324, s2|localhost:15328]|listeners:[], old=null}
2024-10-20 10:47:40,181 [s4-server-thread1] WARN  server.RaftServer$Division (ServerState.java:recognizeLeader(331)) - s4@group-0A90AD4804C7: Failed to recognize s3 as leader for APPEND_ENTRIES since peerTerm = 1 < currentTerm = 2
2024-10-20 10:47:40,179 [grpc-default-executor-7] INFO  server.GrpcLogAppender (GrpcLogAppender.java:onCompleted(559)) - s3@group-0A90AD4804C7->s0-AppendLogResponseHandler: follower responses appendEntries COMPLETED
2024-10-20 10:47:40,181 [grpc-default-executor-6] INFO  server.GrpcServerProtocolService (GrpcServerProtocolService.java:onCompleted(200)) - s4: Completed APPEND_ENTRIES, lastRequest: null
2024-10-20 10:47:40,181 [grpc-default-executor-6] INFO  server.GrpcServerProtocolService (GrpcServerProtocolService.java:lambda$onCompleted$7(202)) - s4: Completed APPEND_ENTRIES, lastReply: serverReply {
  requestorId: "s3"
  replyId: "s4"
  raftGroupId {
    id: "\022\253#?\217\233E\353\215^\n\220\255H\004\307"
  }
  callId: 66
}
term: 2
nextIndex: 1
result: NOT_LEADER
matchIndex: 18446744073709551615
isHearbeat: true

2024-10-20 10:47:40,181 [grpc-default-executor-0] TRACE util.FileUtils (LogUtils.java:supplyAndLog(69)) - Successfully supplied FileChannel.open /home/runner/work/ratis/ratis/ratis-test/target/test/data/d69430f5/MiniRaftClusterWithGrpc498f2cf4/s2/12ab233f-8f9b-45eb-8d5e-0a90ad4804c7/current/raft-meta.tmp with options [CREATE, WRITE]: sun.nio.ch.FileChannelImpl@394a0f73
2024-10-20 10:47:40,182 [s1@group-0A90AD4804C7-LeaderElection100] INFO  impl.LeaderElection (LeaderElection.java:askForVotes(335)) - s1@group-0A90AD4804C7-LeaderElection100 ELECTION round 0: result PASSED
2024-10-20 10:47:40,182 [s1@group-0A90AD4804C7-LeaderElection100] INFO  impl.RoleInfo (RoleInfo.java:shutdownLeaderElection(141)) - s1: shutdown s1@group-0A90AD4804C7-LeaderElection100
2024-10-20 10:47:40,182 [s1@group-0A90AD4804C7-LeaderElection100] INFO  server.RaftServer$Division (RaftServerImpl.java:setRole(380)) - s1@group-0A90AD4804C7: changes role from CANDIDATE to LEADER at term 2 for changeToLeader
2024-10-20 10:47:40,182 [s1@group-0A90AD4804C7-LeaderElection100] INFO  server.RaftServerConfigKeys (ConfUtils.java:logGet(46)) - raft.server.staging.catchup.gap = 1000 (default)
2024-10-20 10:47:40,182 [s1@group-0A90AD4804C7-LeaderElection100] INFO  server.RaftServerConfigKeys (ConfUtils.java:logGet(46)) - raft.server.write.element-limit = 4096 (default)
2024-10-20 10:47:40,182 [s1@group-0A90AD4804C7-LeaderElection100] INFO  server.RaftServerConfigKeys (ConfUtils.java:logGet(46)) - raft.server.write.byte-limit = 64MB (=67108864) (default)
2024-10-20 10:47:40,183 [s1@group-0A90AD4804C7-LeaderElection100] INFO  server.RaftServerConfigKeys (ConfUtils.java:logGet(46)) - raft.server.watch.timeout = 10s (default)
2024-10-20 10:47:40,183 [s1@group-0A90AD4804C7-LeaderElection100] INFO  server.RaftServerConfigKeys (ConfUtils.java:logGet(46)) - raft.server.watch.timeout.denomination = 1s (default)
2024-10-20 10:47:40,183 [s1@group-0A90AD4804C7-LeaderElection100] INFO  server.RaftServerConfigKeys (ConfUtils.java:logGet(46)) - raft.server.watch.element-limit = 65536 (default)
2024-10-20 10:47:40,183 [s1@group-0A90AD4804C7-LeaderElection100] INFO  server.RaftServerConfigKeys (ConfUtils.java:logGet(46)) - raft.server.read.leader.lease.enabled = true (custom)
2024-10-20 10:47:40,183 [s1@group-0A90AD4804C7-LeaderElection100] INFO  server.RaftServerConfigKeys (ConfUtils.java:logGet(46)) - raft.server.read.leader.lease.timeout.ratio = 0.5 (custom)
2024-10-20 10:47:40,183 [s1@group-0A90AD4804C7-LeaderElection100] INFO  server.RaftServerConfigKeys (ConfUtils.java:logGet(46)) - raft.server.rpc.timeout.min = 150ms (default)
2024-10-20 10:47:40,183 [s1@group-0A90AD4804C7-LeaderElection100] INFO  server.RaftServerConfigKeys (ConfUtils.java:logGet(46)) - raft.server.log.log-metadata.enabled = true (default)
2024-10-20 10:47:40,183 [s1@group-0A90AD4804C7-LeaderElection100] INFO  server.RaftServerConfigKeys (ConfUtils.java:logGet(46)) - raft.server.write.element-limit = 4096 (default)
2024-10-20 10:47:40,183 [s1@group-0A90AD4804C7-LeaderElection100] INFO  server.RaftServerConfigKeys (ConfUtils.java:logGet(46)) - raft.server.write.follower.gap.ratio.max = -1.0 (default)
2024-10-20 10:47:40,183 [s1@group-0A90AD4804C7-LeaderElection100] INFO  server.RaftServerConfigKeys (ConfUtils.java:logGet(46)) - raft.server.log.appender.snapshot.chunk.size.max = 16MB (=16777216) (default)
2024-10-20 10:47:40,183 [s1@group-0A90AD4804C7-LeaderElection100] INFO  server.RaftServerConfigKeys (ConfUtils.java:logGet(46)) - raft.server.log.appender.buffer.byte-limit = 4MB (=4194304) (default)
2024-10-20 10:47:40,184 [s1@group-0A90AD4804C7-LeaderElection100] INFO  server.RaftServerConfigKeys (ConfUtils.java:logGet(46)) - raft.server.log.appender.buffer.element-limit = 0 (default)
2024-10-20 10:47:40,184 [s1@group-0A90AD4804C7-LeaderElection100] INFO  server.RaftServerConfigKeys (ConfUtils.java:logGet(46)) - raft.server.log.appender.wait-time.min = 1ms (default)
2024-10-20 10:47:40,184 [s1@group-0A90AD4804C7-LeaderElection100] INFO  grpc.GrpcConfigKeys (ConfUtils.java:logGet(46)) - raft.grpc.server.leader.outstanding.appends.max = 8 (default)
2024-10-20 10:47:40,184 [s1@group-0A90AD4804C7-LeaderElection100] INFO  server.RaftServerConfigKeys (ConfUtils.java:logGet(46)) - raft.server.rpc.request.timeout = 3000ms (default)
2024-10-20 10:47:40,184 [s1@group-0A90AD4804C7-LeaderElection100] INFO  grpc.GrpcConfigKeys (ConfUtils.java:logGet(46)) - raft.grpc.server.install_snapshot.request.element-limit = 8 (default)
2024-10-20 10:47:40,184 [s1@group-0A90AD4804C7-LeaderElection100] INFO  grpc.GrpcConfigKeys (ConfUtils.java:logGet(46)) - raft.grpc.server.install_snapshot.request.timeout = 3000ms (default)
2024-10-20 10:47:40,184 [s1@group-0A90AD4804C7-LeaderElection100] INFO  grpc.GrpcConfigKeys (ConfUtils.java:logGet(46)) - raft.grpc.server.log-message.batch.duration = 5s (default)
2024-10-20 10:47:40,184 [s1@group-0A90AD4804C7-LeaderElection100] INFO  server.RaftServerConfigKeys (ConfUtils.java:logGet(46)) - raft.server.log.appender.install.snapshot.enabled = true (default)
2024-10-20 10:47:40,184 [s1@group-0A90AD4804C7-LeaderElection100] INFO  grpc.GrpcConfigKeys (ConfUtils.java:logGet(46)) - raft.grpc.server.heartbeat.channel = true (default)
2024-10-20 10:47:40,184 [s1@group-0A90AD4804C7-LeaderElection100] INFO  server.RaftServerConfigKeys (ConfUtils.java:logGet(46)) - raft.server.log.appender.snapshot.chunk.size.max = 16MB (=16777216) (default)
2024-10-20 10:47:40,185 [s1@group-0A90AD4804C7-LeaderElection100] INFO  server.RaftServerConfigKeys (ConfUtils.java:logGet(46)) - raft.server.log.appender.buffer.byte-limit = 4MB (=4194304) (default)
2024-10-20 10:47:40,185 [s1@group-0A90AD4804C7-LeaderElection100] INFO  server.RaftServerConfigKeys (ConfUtils.java:logGet(46)) - raft.server.log.appender.buffer.element-limit = 0 (default)
2024-10-20 10:47:40,185 [s1@group-0A90AD4804C7-LeaderElection100] INFO  server.RaftServerConfigKeys (ConfUtils.java:logGet(46)) - raft.server.log.appender.wait-time.min = 1ms (default)
2024-10-20 10:47:40,185 [s1@group-0A90AD4804C7-LeaderElection100] INFO  grpc.GrpcConfigKeys (ConfUtils.java:logGet(46)) - raft.grpc.server.leader.outstanding.appends.max = 8 (default)
2024-10-20 10:47:40,185 [s1@group-0A90AD4804C7-LeaderElection100] INFO  server.RaftServerConfigKeys (ConfUtils.java:logGet(46)) - raft.server.rpc.request.timeout = 3000ms (default)
2024-10-20 10:47:40,185 [s1@group-0A90AD4804C7-LeaderElection100] INFO  grpc.GrpcConfigKeys (ConfUtils.java:logGet(46)) - raft.grpc.server.install_snapshot.request.element-limit = 8 (default)
2024-10-20 10:47:40,185 [s1@group-0A90AD4804C7-LeaderElection100] INFO  grpc.GrpcConfigKeys (ConfUtils.java:logGet(46)) - raft.grpc.server.install_snapshot.request.timeout = 3000ms (default)
2024-10-20 10:47:40,185 [s1@group-0A90AD4804C7-LeaderElection100] INFO  grpc.GrpcConfigKeys (ConfUtils.java:logGet(46)) - raft.grpc.server.log-message.batch.duration = 5s (default)
2024-10-20 10:47:40,185 [s1@group-0A90AD4804C7-LeaderElection100] INFO  server.RaftServerConfigKeys (ConfUtils.java:logGet(46)) - raft.server.log.appender.install.snapshot.enabled = true (default)
2024-10-20 10:47:40,185 [s1@group-0A90AD4804C7-LeaderElection100] INFO  grpc.GrpcConfigKeys (ConfUtils.java:logGet(46)) - raft.grpc.server.heartbeat.channel = true (default)
2024-10-20 10:47:40,182 [grpc-default-executor-6] WARN  server.GrpcLogAppender (GrpcLogAppender.java:onNextImpl(521)) - s3@group-0A90AD4804C7->s4-AppendLogResponseHandler: received NOT_LEADER reply with term 2
2024-10-20 10:47:40,183 [grpc-default-executor-0] TRACE util.FileUtils (LogUtils.java:runAndLog(49)) - Successfully ran Atomic Files.move /home/runner/work/ratis/ratis/ratis-test/target/test/data/d69430f5/MiniRaftClusterWithGrpc498f2cf4/s2/12ab233f-8f9b-45eb-8d5e-0a90ad4804c7/current/raft-meta.tmp to /home/runner/work/ratis/ratis/ratis-test/target/test/data/d69430f5/MiniRaftClusterWithGrpc498f2cf4/s2/12ab233f-8f9b-45eb-8d5e-0a90ad4804c7/current/raft-meta with options [REPLACE_EXISTING]
2024-10-20 10:47:40,186 [grpc-default-executor-0] INFO  server.RaftServer$Division (RaftServerImpl.java:requestVote(1480)) - s2@group-0A90AD4804C7 replies to ELECTION vote request: s1<-s2#0:OK-t2. Peer's state: s2@group-0A90AD4804C7:t2, leader=null, voted=s1, raftlog=Memoized:s2@group-0A90AD4804C7-SegmentedRaftLog:OPENED:c0:last(t:1, i:0), conf=conf: {index: 0, cur=peers:[s3|localhost:15332, s4|localhost:15336, s0|localhost:15320, s1|localhost:15324, s2|localhost:15328]|listeners:[], old=null}
2024-10-20 10:47:40,186 [s1@group-0A90AD4804C7-LeaderElection100] INFO  server.RaftServerConfigKeys (ConfUtils.java:logGet(46)) - raft.server.log.appender.snapshot.chunk.size.max = 16MB (=16777216) (default)
2024-10-20 10:47:40,186 [s1@group-0A90AD4804C7-LeaderElection100] INFO  server.RaftServerConfigKeys (ConfUtils.java:logGet(46)) - raft.server.log.appender.buffer.byte-limit = 4MB (=4194304) (default)
2024-10-20 10:47:40,186 [grpc-default-executor-6] INFO  server.GrpcLogAppender (GrpcLogAppender.java:onCompleted(559)) - s3@group-0A90AD4804C7->s4-AppendLogResponseHandler: follower responses appendEntries COMPLETED
2024-10-20 10:47:40,186 [s1@group-0A90AD4804C7-LeaderElection100] INFO  server.RaftServerConfigKeys (ConfUtils.java:logGet(46)) - raft.server.log.appender.buffer.element-limit = 0 (default)
2024-10-20 10:47:40,186 [s1@group-0A90AD4804C7-LeaderElection100] INFO  server.RaftServerConfigKeys (ConfUtils.java:logGet(46)) - raft.server.log.appender.wait-time.min = 1ms (default)
2024-10-20 10:47:40,186 [s1@group-0A90AD4804C7-LeaderElection100] INFO  grpc.GrpcConfigKeys (ConfUtils.java:logGet(46)) - raft.grpc.server.leader.outstanding.appends.max = 8 (default)
2024-10-20 10:47:40,186 [s1@group-0A90AD4804C7-LeaderElection100] INFO  server.RaftServerConfigKeys (ConfUtils.java:logGet(46)) - raft.server.rpc.request.timeout = 3000ms (default)
2024-10-20 10:47:40,186 [s1@group-0A90AD4804C7-LeaderElection100] INFO  grpc.GrpcConfigKeys (ConfUtils.java:logGet(46)) - raft.grpc.server.install_snapshot.request.element-limit = 8 (default)
2024-10-20 10:47:40,186 [s1@group-0A90AD4804C7-LeaderElection100] INFO  grpc.GrpcConfigKeys (ConfUtils.java:logGet(46)) - raft.grpc.server.install_snapshot.request.timeout = 3000ms (default)
2024-10-20 10:47:40,187 [s1@group-0A90AD4804C7-LeaderElection100] INFO  grpc.GrpcConfigKeys (ConfUtils.java:logGet(46)) - raft.grpc.server.log-message.batch.duration = 5s (default)
2024-10-20 10:47:40,187 [s1@group-0A90AD4804C7-LeaderElection100] INFO  server.RaftServerConfigKeys (ConfUtils.java:logGet(46)) - raft.server.log.appender.install.snapshot.enabled = true (default)
2024-10-20 10:47:40,187 [s1@group-0A90AD4804C7-LeaderElection100] INFO  grpc.GrpcConfigKeys (ConfUtils.java:logGet(46)) - raft.grpc.server.heartbeat.channel = true (default)
2024-10-20 10:47:40,187 [s1@group-0A90AD4804C7-LeaderElection100] INFO  server.RaftServerConfigKeys (ConfUtils.java:logGet(46)) - raft.server.log.appender.snapshot.chunk.size.max = 16MB (=16777216) (default)
2024-10-20 10:47:40,187 [s1@group-0A90AD4804C7-LeaderElection100] INFO  server.RaftServerConfigKeys (ConfUtils.java:logGet(46)) - raft.server.log.appender.buffer.byte-limit = 4MB (=4194304) (default)
2024-10-20 10:47:40,187 [s1@group-0A90AD4804C7-LeaderElection100] INFO  server.RaftServerConfigKeys (ConfUtils.java:logGet(46)) - raft.server.log.appender.buffer.element-limit = 0 (default)
2024-10-20 10:47:40,187 [s1@group-0A90AD4804C7-LeaderElection100] INFO  server.RaftServerConfigKeys (ConfUtils.java:logGet(46)) - raft.server.log.appender.wait-time.min = 1ms (default)
2024-10-20 10:47:40,187 [s1@group-0A90AD4804C7-LeaderElection100] INFO  grpc.GrpcConfigKeys (ConfUtils.java:logGet(46)) - raft.grpc.server.leader.outstanding.appends.max = 8 (default)
2024-10-20 10:47:40,187 [s1@group-0A90AD4804C7-LeaderElection100] INFO  server.RaftServerConfigKeys (ConfUtils.java:logGet(46)) - raft.server.rpc.request.timeout = 3000ms (default)
2024-10-20 10:47:40,187 [s1@group-0A90AD4804C7-LeaderElection100] INFO  grpc.GrpcConfigKeys (ConfUtils.java:logGet(46)) - raft.grpc.server.install_snapshot.request.element-limit = 8 (default)
2024-10-20 10:47:40,187 [s1@group-0A90AD4804C7-LeaderElection100] INFO  grpc.GrpcConfigKeys (ConfUtils.java:logGet(46)) - raft.grpc.server.install_snapshot.request.timeout = 3000ms (default)
2024-10-20 10:47:40,187 [s1@group-0A90AD4804C7-LeaderElection100] INFO  grpc.GrpcConfigKeys (ConfUtils.java:logGet(46)) - raft.grpc.server.log-message.batch.duration = 5s (default)
2024-10-20 10:47:40,187 [s1@group-0A90AD4804C7-LeaderElection100] INFO  server.RaftServerConfigKeys (ConfUtils.java:logGet(46)) - raft.server.log.appender.install.snapshot.enabled = true (default)
2024-10-20 10:47:40,188 [s1@group-0A90AD4804C7-LeaderElection100] INFO  grpc.GrpcConfigKeys (ConfUtils.java:logGet(46)) - raft.grpc.server.heartbeat.channel = true (default)
2024-10-20 10:47:40,188 [s1@group-0A90AD4804C7-LeaderElection100] INFO  impl.RoleInfo (RoleInfo.java:updateAndGet(148)) - s1: start s1@group-0A90AD4804C7-LeaderStateImpl
2024-10-20 10:47:40,188 [s1@group-0A90AD4804C7-LeaderElection100] INFO  server.RaftServer$Division (ServerState.java:setLeader(272)) - s1@group-0A90AD4804C7: change Leader from null to s1 at term 2 for becomeLeader, leader elected after 33ms
2024-10-20 10:47:40,188 [s1@group-0A90AD4804C7-LeaderElection100] INFO  segmented.SegmentedRaftLogWorker (SegmentedRaftLogWorker.java:rollLogSegment(447)) - s1@group-0A90AD4804C7-SegmentedRaftLogWorker: Rolling segment log-0_0 to index:0
2024-10-20 10:47:40,188 [s1@group-0A90AD4804C7-LeaderElection100] INFO  server.RaftServer$Division (ServerState.java:setRaftConf(386)) - s1@group-0A90AD4804C7: set configuration conf: {index: 1, cur=peers:[s3|localhost:15332, s4|localhost:15336, s0|localhost:15320, s1|localhost:15324, s2|localhost:15328]|listeners:[], old=null}
2024-10-20 10:47:40,190 [s1@group-0A90AD4804C7-SegmentedRaftLogWorker] TRACE util.FileUtils (LogUtils.java:runAndLog(49)) - Successfully ran Atomic Files.move /home/runner/work/ratis/ratis/ratis-test/target/test/data/d69430f5/MiniRaftClusterWithGrpc498f2cf4/s1/12ab233f-8f9b-45eb-8d5e-0a90ad4804c7/current/log_inprogress_0 to /home/runner/work/ratis/ratis/ratis-test/target/test/data/d69430f5/MiniRaftClusterWithGrpc498f2cf4/s1/12ab233f-8f9b-45eb-8d5e-0a90ad4804c7/current/log_0-0
2024-10-20 10:47:40,190 [s1@group-0A90AD4804C7-SegmentedRaftLogWorker] INFO  segmented.SegmentedRaftLogWorker (SegmentedRaftLogWorker.java:execute(620)) - s1@group-0A90AD4804C7-SegmentedRaftLogWorker: Rolled log segment from /home/runner/work/ratis/ratis/ratis-test/target/test/data/d69430f5/MiniRaftClusterWithGrpc498f2cf4/s1/12ab233f-8f9b-45eb-8d5e-0a90ad4804c7/current/log_inprogress_0 to /home/runner/work/ratis/ratis/ratis-test/target/test/data/d69430f5/MiniRaftClusterWithGrpc498f2cf4/s1/12ab233f-8f9b-45eb-8d5e-0a90ad4804c7/current/log_0-0
2024-10-20 10:47:40,190 [s1@group-0A90AD4804C7-SegmentedRaftLogWorker] INFO  segmented.BufferedWriteChannel (BufferedWriteChannel.java:open(61)) - open log_inprogress_1 at position 0
2024-10-20 10:47:40,202 [s1@group-0A90AD4804C7-SegmentedRaftLogWorker] INFO  segmented.SegmentedRaftLogWorker (SegmentedRaftLogWorker.java:execute(663)) - s1@group-0A90AD4804C7-SegmentedRaftLogWorker: created new log segment /home/runner/work/ratis/ratis/ratis-test/target/test/data/d69430f5/MiniRaftClusterWithGrpc498f2cf4/s1/12ab233f-8f9b-45eb-8d5e-0a90ad4804c7/current/log_inprogress_1
2024-10-20 10:47:40,209 [s4-server-thread1] INFO  server.RaftServer$Division (ServerState.java:setLeader(272)) - s4@group-0A90AD4804C7: change Leader from null to s1 at term 2 for appendEntries, leader elected after 43ms
2024-10-20 10:47:40,211 [s4-server-thread2] DEBUG server.RaftServer$Division (RaftServerImpl.java:logAppendEntries(1549)) - s4@group-0A90AD4804C7: appendEntries* s1->s4#1-t2,previous=(t:1, i:0),leaderCommit=0,initializing? false,entries: size=1, first=(t:2, i:1), CONFIGURATIONENTRY(current:id:"s3"address:"localhost:15332"dataStreamAddress:"localhost:15335"clientAddress:"localhost:15334"adminAddress:"localhost:15333"startupRole:FOLLOWER, id:"s4"address:"localhost:15336"dataStreamAddress:"localhost:15339"clientAddress:"localhost:15338"adminAddress:"localhost:15337"startupRole:FOLLOWER, id:"s0"address:"localhost:15320"dataStreamAddress:"localhost:15323"clientAddress:"localhost:15322"adminAddress:"localhost:15321"startupRole:FOLLOWER, id:"s1"address:"localhost:15324"dataStreamAddress:"localhost:15327"clientAddress:"localhost:15326"adminAddress:"localhost:15325"startupRole:FOLLOWER, id:"s2"address:"localhost:15328"dataStreamAddress:"localhost:15331"clientAddress:"localhost:15330"adminAddress:"localhost:15329"startupRole:FOLLOWER, old:)
2024-10-20 10:47:40,211 [s4-server-thread2] INFO  server.RaftServer$Division (ServerState.java:setRaftConf(386)) - s4@group-0A90AD4804C7: set configuration conf: {index: 1, cur=peers:[s3|localhost:15332, s4|localhost:15336, s0|localhost:15320, s1|localhost:15324, s2|localhost:15328]|listeners:[], old=null}
2024-10-20 10:47:40,211 [s4-server-thread2] INFO  segmented.SegmentedRaftLogWorker (SegmentedRaftLogWorker.java:rollLogSegment(447)) - s4@group-0A90AD4804C7-SegmentedRaftLogWorker: Rolling segment log-0_0 to index:0
2024-10-20 10:47:40,212 [s0-server-thread3] INFO  server.RaftServer$Division (ServerState.java:setLeader(272)) - s0@group-0A90AD4804C7: change Leader from null to s1 at term 2 for appendEntries, leader elected after 44ms
2024-10-20 10:47:40,213 [s3-server-thread1] INFO  server.RaftServer$Division (ServerState.java:setLeader(272)) - s3@group-0A90AD4804C7: change Leader from null to s1 at term 2 for appendEntries, leader elected after 44ms
2024-10-20 10:47:40,213 [s4@group-0A90AD4804C7-SegmentedRaftLogWorker] TRACE util.FileUtils (LogUtils.java:runAndLog(49)) - Successfully ran Atomic Files.move /home/runner/work/ratis/ratis/ratis-test/target/test/data/d69430f5/MiniRaftClusterWithGrpc498f2cf4/s4/12ab233f-8f9b-45eb-8d5e-0a90ad4804c7/current/log_inprogress_0 to /home/runner/work/ratis/ratis/ratis-test/target/test/data/d69430f5/MiniRaftClusterWithGrpc498f2cf4/s4/12ab233f-8f9b-45eb-8d5e-0a90ad4804c7/current/log_0-0
2024-10-20 10:47:40,213 [s4@group-0A90AD4804C7-SegmentedRaftLogWorker] INFO  segmented.SegmentedRaftLogWorker (SegmentedRaftLogWorker.java:execute(620)) - s4@group-0A90AD4804C7-SegmentedRaftLogWorker: Rolled log segment from /home/runner/work/ratis/ratis/ratis-test/target/test/data/d69430f5/MiniRaftClusterWithGrpc498f2cf4/s4/12ab233f-8f9b-45eb-8d5e-0a90ad4804c7/current/log_inprogress_0 to /home/runner/work/ratis/ratis/ratis-test/target/test/data/d69430f5/MiniRaftClusterWithGrpc498f2cf4/s4/12ab233f-8f9b-45eb-8d5e-0a90ad4804c7/current/log_0-0
2024-10-20 10:47:40,213 [s4@group-0A90AD4804C7-SegmentedRaftLogWorker] INFO  segmented.BufferedWriteChannel (BufferedWriteChannel.java:open(61)) - open log_inprogress_1 at position 0
2024-10-20 10:47:40,217 [s3-server-thread2] DEBUG server.RaftServer$Division (RaftServerImpl.java:logAppendEntries(1549)) - s3@group-0A90AD4804C7: appendEntries* s1->s3#1-t2,previous=(t:1, i:0),leaderCommit=0,initializing? false,entries: size=1, first=(t:2, i:1), CONFIGURATIONENTRY(current:id:"s3"address:"localhost:15332"dataStreamAddress:"localhost:15335"clientAddress:"localhost:15334"adminAddress:"localhost:15333"startupRole:FOLLOWER, id:"s4"address:"localhost:15336"dataStreamAddress:"localhost:15339"clientAddress:"localhost:15338"adminAddress:"localhost:15337"startupRole:FOLLOWER, id:"s0"address:"localhost:15320"dataStreamAddress:"localhost:15323"clientAddress:"localhost:15322"adminAddress:"localhost:15321"startupRole:FOLLOWER, id:"s1"address:"localhost:15324"dataStreamAddress:"localhost:15327"clientAddress:"localhost:15326"adminAddress:"localhost:15325"startupRole:FOLLOWER, id:"s2"address:"localhost:15328"dataStreamAddress:"localhost:15331"clientAddress:"localhost:15330"adminAddress:"localhost:15329"startupRole:FOLLOWER, old:)
2024-10-20 10:47:40,217 [s3-server-thread2] INFO  server.RaftServer$Division (ServerState.java:setRaftConf(386)) - s3@group-0A90AD4804C7: set configuration conf: {index: 1, cur=peers:[s3|localhost:15332, s4|localhost:15336, s0|localhost:15320, s1|localhost:15324, s2|localhost:15328]|listeners:[], old=null}
2024-10-20 10:47:40,219 [s3-server-thread2] INFO  segmented.SegmentedRaftLogWorker (SegmentedRaftLogWorker.java:rollLogSegment(447)) - s3@group-0A90AD4804C7-SegmentedRaftLogWorker: Rolling segment log-0_0 to index:0
2024-10-20 10:47:40,222 [s0-server-thread2] DEBUG server.RaftServer$Division (RaftServerImpl.java:logAppendEntries(1549)) - s0@group-0A90AD4804C7: appendEntries* s1->s0#1-t2,previous=(t:1, i:0),leaderCommit=0,initializing? false,entries: size=1, first=(t:2, i:1), CONFIGURATIONENTRY(current:id:"s3"address:"localhost:15332"dataStreamAddress:"localhost:15335"clientAddress:"localhost:15334"adminAddress:"localhost:15333"startupRole:FOLLOWER, id:"s4"address:"localhost:15336"dataStreamAddress:"localhost:15339"clientAddress:"localhost:15338"adminAddress:"localhost:15337"startupRole:FOLLOWER, id:"s0"address:"localhost:15320"dataStreamAddress:"localhost:15323"clientAddress:"localhost:15322"adminAddress:"localhost:15321"startupRole:FOLLOWER, id:"s1"address:"localhost:15324"dataStreamAddress:"localhost:15327"clientAddress:"localhost:15326"adminAddress:"localhost:15325"startupRole:FOLLOWER, id:"s2"address:"localhost:15328"dataStreamAddress:"localhost:15331"clientAddress:"localhost:15330"adminAddress:"localhost:15329"startupRole:FOLLOWER, old:)
2024-10-20 10:47:40,222 [s0-server-thread2] INFO  server.RaftServer$Division (ServerState.java:setRaftConf(386)) - s0@group-0A90AD4804C7: set configuration conf: {index: 1, cur=peers:[s3|localhost:15332, s4|localhost:15336, s0|localhost:15320, s1|localhost:15324, s2|localhost:15328]|listeners:[], old=null}
2024-10-20 10:47:40,223 [s0-server-thread2] INFO  segmented.SegmentedRaftLogWorker (SegmentedRaftLogWorker.java:rollLogSegment(447)) - s0@group-0A90AD4804C7-SegmentedRaftLogWorker: Rolling segment log-0_0 to index:0
2024-10-20 10:47:40,224 [s0@group-0A90AD4804C7-SegmentedRaftLogWorker] TRACE util.FileUtils (LogUtils.java:runAndLog(49)) - Successfully ran Atomic Files.move /home/runner/work/ratis/ratis/ratis-test/target/test/data/d69430f5/MiniRaftClusterWithGrpc498f2cf4/s0/12ab233f-8f9b-45eb-8d5e-0a90ad4804c7/current/log_inprogress_0 to /home/runner/work/ratis/ratis/ratis-test/target/test/data/d69430f5/MiniRaftClusterWithGrpc498f2cf4/s0/12ab233f-8f9b-45eb-8d5e-0a90ad4804c7/current/log_0-0
2024-10-20 10:47:40,224 [s0@group-0A90AD4804C7-SegmentedRaftLogWorker] INFO  segmented.SegmentedRaftLogWorker (SegmentedRaftLogWorker.java:execute(620)) - s0@group-0A90AD4804C7-SegmentedRaftLogWorker: Rolled log segment from /home/runner/work/ratis/ratis/ratis-test/target/test/data/d69430f5/MiniRaftClusterWithGrpc498f2cf4/s0/12ab233f-8f9b-45eb-8d5e-0a90ad4804c7/current/log_inprogress_0 to /home/runner/work/ratis/ratis/ratis-test/target/test/data/d69430f5/MiniRaftClusterWithGrpc498f2cf4/s0/12ab233f-8f9b-45eb-8d5e-0a90ad4804c7/current/log_0-0
2024-10-20 10:47:40,224 [s3@group-0A90AD4804C7-SegmentedRaftLogWorker] TRACE util.FileUtils (LogUtils.java:runAndLog(49)) - Successfully ran Atomic Files.move /home/runner/work/ratis/ratis/ratis-test/target/test/data/d69430f5/MiniRaftClusterWithGrpc498f2cf4/s3/12ab233f-8f9b-45eb-8d5e-0a90ad4804c7/current/log_inprogress_0 to /home/runner/work/ratis/ratis/ratis-test/target/test/data/d69430f5/MiniRaftClusterWithGrpc498f2cf4/s3/12ab233f-8f9b-45eb-8d5e-0a90ad4804c7/current/log_0-0
2024-10-20 10:47:40,224 [s3@group-0A90AD4804C7-SegmentedRaftLogWorker] INFO  segmented.SegmentedRaftLogWorker (SegmentedRaftLogWorker.java:execute(620)) - s3@group-0A90AD4804C7-SegmentedRaftLogWorker: Rolled log segment from /home/runner/work/ratis/ratis/ratis-test/target/test/data/d69430f5/MiniRaftClusterWithGrpc498f2cf4/s3/12ab233f-8f9b-45eb-8d5e-0a90ad4804c7/current/log_inprogress_0 to /home/runner/work/ratis/ratis/ratis-test/target/test/data/d69430f5/MiniRaftClusterWithGrpc498f2cf4/s3/12ab233f-8f9b-45eb-8d5e-0a90ad4804c7/current/log_0-0
2024-10-20 10:47:40,224 [s0@group-0A90AD4804C7-SegmentedRaftLogWorker] INFO  segmented.BufferedWriteChannel (BufferedWriteChannel.java:open(61)) - open log_inprogress_1 at position 0
2024-10-20 10:47:40,224 [s3@group-0A90AD4804C7-SegmentedRaftLogWorker] INFO  segmented.BufferedWriteChannel (BufferedWriteChannel.java:open(61)) - open log_inprogress_1 at position 0
2024-10-20 10:47:40,228 [s2-server-thread3] INFO  server.RaftServer$Division (ServerState.java:setLeader(272)) - s2@group-0A90AD4804C7: change Leader from null to s1 at term 2 for appendEntries, leader elected after 52ms
2024-10-20 10:47:40,229 [s4@group-0A90AD4804C7-SegmentedRaftLogWorker] INFO  segmented.SegmentedRaftLogWorker (SegmentedRaftLogWorker.java:execute(663)) - s4@group-0A90AD4804C7-SegmentedRaftLogWorker: created new log segment /home/runner/work/ratis/ratis/ratis-test/target/test/data/d69430f5/MiniRaftClusterWithGrpc498f2cf4/s4/12ab233f-8f9b-45eb-8d5e-0a90ad4804c7/current/log_inprogress_1
2024-10-20 10:47:40,230 [s4-server-thread2] DEBUG server.RaftServer$Division (RaftServerImpl.java:logAppendEntries(1549)) - s4@group-0A90AD4804C7: appendEntries* reply s1<-s4#1:OK-t2,SUCCESS,nextIndex=2,followerCommit=0,matchIndex=1
2024-10-20 10:47:40,230 [s2-server-thread2] DEBUG server.RaftServer$Division (RaftServerImpl.java:logAppendEntries(1549)) - s2@group-0A90AD4804C7: appendEntries* s1->s2#1-t2,previous=(t:1, i:0),leaderCommit=0,initializing? false,entries: size=1, first=(t:2, i:1), CONFIGURATIONENTRY(current:id:"s3"address:"localhost:15332"dataStreamAddress:"localhost:15335"clientAddress:"localhost:15334"adminAddress:"localhost:15333"startupRole:FOLLOWER, id:"s4"address:"localhost:15336"dataStreamAddress:"localhost:15339"clientAddress:"localhost:15338"adminAddress:"localhost:15337"startupRole:FOLLOWER, id:"s0"address:"localhost:15320"dataStreamAddress:"localhost:15323"clientAddress:"localhost:15322"adminAddress:"localhost:15321"startupRole:FOLLOWER, id:"s1"address:"localhost:15324"dataStreamAddress:"localhost:15327"clientAddress:"localhost:15326"adminAddress:"localhost:15325"startupRole:FOLLOWER, id:"s2"address:"localhost:15328"dataStreamAddress:"localhost:15331"clientAddress:"localhost:15330"adminAddress:"localhost:15329"startupRole:FOLLOWER, old:)
2024-10-20 10:47:40,230 [s2-server-thread2] INFO  server.RaftServer$Division (ServerState.java:setRaftConf(386)) - s2@group-0A90AD4804C7: set configuration conf: {index: 1, cur=peers:[s3|localhost:15332, s4|localhost:15336, s0|localhost:15320, s1|localhost:15324, s2|localhost:15328]|listeners:[], old=null}
2024-10-20 10:47:40,230 [s2-server-thread2] INFO  segmented.SegmentedRaftLogWorker (SegmentedRaftLogWorker.java:rollLogSegment(447)) - s2@group-0A90AD4804C7-SegmentedRaftLogWorker: Rolling segment log-0_0 to index:0
2024-10-20 10:47:40,232 [s2@group-0A90AD4804C7-SegmentedRaftLogWorker] TRACE util.FileUtils (LogUtils.java:runAndLog(49)) - Successfully ran Atomic Files.move /home/runner/work/ratis/ratis/ratis-test/target/test/data/d69430f5/MiniRaftClusterWithGrpc498f2cf4/s2/12ab233f-8f9b-45eb-8d5e-0a90ad4804c7/current/log_inprogress_0 to /home/runner/work/ratis/ratis/ratis-test/target/test/data/d69430f5/MiniRaftClusterWithGrpc498f2cf4/s2/12ab233f-8f9b-45eb-8d5e-0a90ad4804c7/current/log_0-0
2024-10-20 10:47:40,232 [s2@group-0A90AD4804C7-SegmentedRaftLogWorker] INFO  segmented.SegmentedRaftLogWorker (SegmentedRaftLogWorker.java:execute(620)) - s2@group-0A90AD4804C7-SegmentedRaftLogWorker: Rolled log segment from /home/runner/work/ratis/ratis/ratis-test/target/test/data/d69430f5/MiniRaftClusterWithGrpc498f2cf4/s2/12ab233f-8f9b-45eb-8d5e-0a90ad4804c7/current/log_inprogress_0 to /home/runner/work/ratis/ratis/ratis-test/target/test/data/d69430f5/MiniRaftClusterWithGrpc498f2cf4/s2/12ab233f-8f9b-45eb-8d5e-0a90ad4804c7/current/log_0-0
2024-10-20 10:47:40,232 [s2@group-0A90AD4804C7-SegmentedRaftLogWorker] INFO  segmented.BufferedWriteChannel (BufferedWriteChannel.java:open(61)) - open log_inprogress_1 at position 0
2024-10-20 10:47:40,246 [s3@group-0A90AD4804C7-SegmentedRaftLogWorker] INFO  segmented.SegmentedRaftLogWorker (SegmentedRaftLogWorker.java:execute(663)) - s3@group-0A90AD4804C7-SegmentedRaftLogWorker: created new log segment /home/runner/work/ratis/ratis/ratis-test/target/test/data/d69430f5/MiniRaftClusterWithGrpc498f2cf4/s3/12ab233f-8f9b-45eb-8d5e-0a90ad4804c7/current/log_inprogress_1
2024-10-20 10:47:40,247 [s3-server-thread2] DEBUG server.RaftServer$Division (RaftServerImpl.java:logAppendEntries(1549)) - s3@group-0A90AD4804C7: appendEntries* reply s1<-s3#1:OK-t2,SUCCESS,nextIndex=2,followerCommit=0,matchIndex=1
2024-10-20 10:47:40,248 [s0@group-0A90AD4804C7-SegmentedRaftLogWorker] INFO  segmented.SegmentedRaftLogWorker (SegmentedRaftLogWorker.java:execute(663)) - s0@group-0A90AD4804C7-SegmentedRaftLogWorker: created new log segment /home/runner/work/ratis/ratis/ratis-test/target/test/data/d69430f5/MiniRaftClusterWithGrpc498f2cf4/s0/12ab233f-8f9b-45eb-8d5e-0a90ad4804c7/current/log_inprogress_1
2024-10-20 10:47:40,248 [s2@group-0A90AD4804C7-SegmentedRaftLogWorker] INFO  segmented.SegmentedRaftLogWorker (SegmentedRaftLogWorker.java:execute(663)) - s2@group-0A90AD4804C7-SegmentedRaftLogWorker: created new log segment /home/runner/work/ratis/ratis/ratis-test/target/test/data/d69430f5/MiniRaftClusterWithGrpc498f2cf4/s2/12ab233f-8f9b-45eb-8d5e-0a90ad4804c7/current/log_inprogress_1
2024-10-20 10:47:40,249 [s1@group-0A90AD4804C7-StateMachineUpdater] TRACE util.FileUtils (LogUtils.java:supplyAndLog(69)) - Successfully supplied FileChannel.open /home/runner/work/ratis/ratis/ratis-test/target/test/data/d69430f5/MiniRaftClusterWithGrpc498f2cf4/s1/12ab233f-8f9b-45eb-8d5e-0a90ad4804c7/current/raft-meta.conf.tmp with options [CREATE, WRITE]: sun.nio.ch.FileChannelImpl@420a37b1
2024-10-20 10:47:40,249 [s3-server-thread2] DEBUG server.RaftServer$Division (RaftServerImpl.java:logAppendEntries(1549)) - s3@group-0A90AD4804C7: appendEntries* s1->s3#3-t2,previous=(t:2, i:1),leaderCommit=1,initializing? false,entries: size=1, first=(t:2, i:2), METADATAENTRY(c:1)
2024-10-20 10:47:40,249 [s0-server-thread2] DEBUG server.RaftServer$Division (RaftServerImpl.java:logAppendEntries(1549)) - s0@group-0A90AD4804C7: appendEntries* reply s1<-s0#1:OK-t2,SUCCESS,nextIndex=2,followerCommit=0,matchIndex=1
2024-10-20 10:47:40,250 [s2-server-thread3] DEBUG server.RaftServer$Division (RaftServerImpl.java:logAppendEntries(1549)) - s2@group-0A90AD4804C7: appendEntries* reply s1<-s2#1:OK-t2,SUCCESS,nextIndex=2,followerCommit=0,matchIndex=1
2024-10-20 10:47:40,250 [s3-server-thread2] DEBUG server.RaftServer$Division (RaftServerImpl.java:logAppendEntries(1549)) - s3@group-0A90AD4804C7: appendEntries* reply s1<-s3#3:OK-t2,SUCCESS,nextIndex=3,followerCommit=1,matchIndex=2
2024-10-20 10:47:40,251 [s3@group-0A90AD4804C7-StateMachineUpdater] TRACE util.FileUtils (LogUtils.java:supplyAndLog(69)) - Successfully supplied FileChannel.open /home/runner/work/ratis/ratis/ratis-test/target/test/data/d69430f5/MiniRaftClusterWithGrpc498f2cf4/s3/12ab233f-8f9b-45eb-8d5e-0a90ad4804c7/current/raft-meta.conf.tmp with options [CREATE, WRITE]: sun.nio.ch.FileChannelImpl@3ec9462d
2024-10-20 10:47:40,251 [s4-server-thread2] DEBUG server.RaftServer$Division (RaftServerImpl.java:logAppendEntries(1549)) - s4@group-0A90AD4804C7: appendEntries* s1->s4#2-t2,previous=(t:2, i:1),leaderCommit=1,initializing? false,entries: size=1, first=(t:2, i:2), METADATAENTRY(c:1)
2024-10-20 10:47:40,252 [s4@group-0A90AD4804C7-StateMachineUpdater] TRACE util.FileUtils (LogUtils.java:supplyAndLog(69)) - Successfully supplied FileChannel.open /home/runner/work/ratis/ratis/ratis-test/target/test/data/d69430f5/MiniRaftClusterWithGrpc498f2cf4/s4/12ab233f-8f9b-45eb-8d5e-0a90ad4804c7/current/raft-meta.conf.tmp with options [CREATE, WRITE]: sun.nio.ch.FileChannelImpl@720d2f99
2024-10-20 10:47:40,252 [s4-server-thread2] DEBUG server.RaftServer$Division (RaftServerImpl.java:logAppendEntries(1549)) - s4@group-0A90AD4804C7: appendEntries* reply s1<-s4#2:OK-t2,SUCCESS,nextIndex=3,followerCommit=1,matchIndex=2
2024-10-20 10:47:40,252 [s2-server-thread2] DEBUG server.RaftServer$Division (RaftServerImpl.java:logAppendEntries(1549)) - s2@group-0A90AD4804C7: appendEntries* s1->s2#2-t2,previous=(t:2, i:1),leaderCommit=1,initializing? false,entries: size=1, first=(t:2, i:2), METADATAENTRY(c:1)
2024-10-20 10:47:40,254 [s0-server-thread2] DEBUG server.RaftServer$Division (RaftServerImpl.java:logAppendEntries(1549)) - s0@group-0A90AD4804C7: appendEntries* s1->s0#2-t2,previous=(t:2, i:1),leaderCommit=2,initializing? false,entries: size=1, first=(t:2, i:2), METADATAENTRY(c:1)
2024-10-20 10:47:40,254 [s0@group-0A90AD4804C7-StateMachineUpdater] TRACE util.FileUtils (LogUtils.java:supplyAndLog(69)) - Successfully supplied FileChannel.open /home/runner/work/ratis/ratis/ratis-test/target/test/data/d69430f5/MiniRaftClusterWithGrpc498f2cf4/s0/12ab233f-8f9b-45eb-8d5e-0a90ad4804c7/current/raft-meta.conf.tmp with options [CREATE, WRITE]: sun.nio.ch.FileChannelImpl@4c023e9b
2024-10-20 10:47:40,256 [s0-server-thread2] DEBUG server.RaftServer$Division (RaftServerImpl.java:logAppendEntries(1549)) - s0@group-0A90AD4804C7: appendEntries* reply s1<-s0#2:OK-t2,SUCCESS,nextIndex=3,followerCommit=2,matchIndex=2
2024-10-20 10:47:40,256 [s3@group-0A90AD4804C7-StateMachineUpdater] TRACE util.FileUtils (LogUtils.java:runAndLog(49)) - Successfully ran Atomic Files.move /home/runner/work/ratis/ratis/ratis-test/target/test/data/d69430f5/MiniRaftClusterWithGrpc498f2cf4/s3/12ab233f-8f9b-45eb-8d5e-0a90ad4804c7/current/raft-meta.conf.tmp to /home/runner/work/ratis/ratis/ratis-test/target/test/data/d69430f5/MiniRaftClusterWithGrpc498f2cf4/s3/12ab233f-8f9b-45eb-8d5e-0a90ad4804c7/current/raft-meta.conf with options [REPLACE_EXISTING]
2024-10-20 10:47:40,256 [s4@group-0A90AD4804C7-StateMachineUpdater] TRACE util.FileUtils (LogUtils.java:runAndLog(49)) - Successfully ran Atomic Files.move /home/runner/work/ratis/ratis/ratis-test/target/test/data/d69430f5/MiniRaftClusterWithGrpc498f2cf4/s4/12ab233f-8f9b-45eb-8d5e-0a90ad4804c7/current/raft-meta.conf.tmp to /home/runner/work/ratis/ratis/ratis-test/target/test/data/d69430f5/MiniRaftClusterWithGrpc498f2cf4/s4/12ab233f-8f9b-45eb-8d5e-0a90ad4804c7/current/raft-meta.conf with options [REPLACE_EXISTING]
2024-10-20 10:47:40,257 [s1@group-0A90AD4804C7-StateMachineUpdater] TRACE util.FileUtils (LogUtils.java:runAndLog(49)) - Successfully ran Atomic Files.move /home/runner/work/ratis/ratis/ratis-test/target/test/data/d69430f5/MiniRaftClusterWithGrpc498f2cf4/s1/12ab233f-8f9b-45eb-8d5e-0a90ad4804c7/current/raft-meta.conf.tmp to /home/runner/work/ratis/ratis/ratis-test/target/test/data/d69430f5/MiniRaftClusterWithGrpc498f2cf4/s1/12ab233f-8f9b-45eb-8d5e-0a90ad4804c7/current/raft-meta.conf with options [REPLACE_EXISTING]
2024-10-20 10:47:40,257 [s1@group-0A90AD4804C7-StateMachineUpdater] INFO  server.RaftServer$Division (LeaderStateImpl.java:checkStartIndex(314)) - Leader s1@group-0A90AD4804C7-LeaderStateImpl is ready since appliedIndex == startIndex == 1
2024-10-20 10:47:40,257 [s0@group-0A90AD4804C7-StateMachineUpdater] TRACE util.FileUtils (LogUtils.java:runAndLog(49)) - Successfully ran Atomic Files.move /home/runner/work/ratis/ratis/ratis-test/target/test/data/d69430f5/MiniRaftClusterWithGrpc498f2cf4/s0/12ab233f-8f9b-45eb-8d5e-0a90ad4804c7/current/raft-meta.conf.tmp to /home/runner/work/ratis/ratis/ratis-test/target/test/data/d69430f5/MiniRaftClusterWithGrpc498f2cf4/s0/12ab233f-8f9b-45eb-8d5e-0a90ad4804c7/current/raft-meta.conf with options [REPLACE_EXISTING]
2024-10-20 10:47:40,258 [s2-server-thread2] DEBUG server.RaftServer$Division (RaftServerImpl.java:logAppendEntries(1549)) - s2@group-0A90AD4804C7: appendEntries* reply s1<-s2#2:OK-t2,SUCCESS,nextIndex=3,followerCommit=1,matchIndex=2
2024-10-20 10:47:40,258 [s2@group-0A90AD4804C7-StateMachineUpdater] TRACE util.FileUtils (LogUtils.java:supplyAndLog(69)) - Successfully supplied FileChannel.open /home/runner/work/ratis/ratis/ratis-test/target/test/data/d69430f5/MiniRaftClusterWithGrpc498f2cf4/s2/12ab233f-8f9b-45eb-8d5e-0a90ad4804c7/current/raft-meta.conf.tmp with options [CREATE, WRITE]: sun.nio.ch.FileChannelImpl@70c2e43d
2024-10-20 10:47:40,261 [s2@group-0A90AD4804C7-StateMachineUpdater] TRACE util.FileUtils (LogUtils.java:runAndLog(49)) - Successfully ran Atomic Files.move /home/runner/work/ratis/ratis/ratis-test/target/test/data/d69430f5/MiniRaftClusterWithGrpc498f2cf4/s2/12ab233f-8f9b-45eb-8d5e-0a90ad4804c7/current/raft-meta.conf.tmp to /home/runner/work/ratis/ratis/ratis-test/target/test/data/d69430f5/MiniRaftClusterWithGrpc498f2cf4/s2/12ab233f-8f9b-45eb-8d5e-0a90ad4804c7/current/raft-meta.conf with options [REPLACE_EXISTING]
2024-10-20 10:47:40,688 [main] INFO  server.RaftServerConfigKeys (ConfUtils.java:logGet(46)) - raft.server.rpc.timeout.max = 300ms (default)
2024-10-20 10:47:40,877 [s1-server-thread2] INFO  util.CodeInjectionForTesting (BlockRequestHandlingInjection.java:execute(84)) - s1: unBlock request from s3
2024-10-20 10:47:40,877 [s1-server-thread2] WARN  server.RaftServer$Division (ServerState.java:recognizeLeader(331)) - s1@group-0A90AD4804C7: Failed to recognize s3 as leader for APPEND_ENTRIES since peerTerm = 1 < currentTerm = 2
2024-10-20 10:47:40,877 [grpc-default-executor-1] WARN  server.GrpcLogAppender (GrpcLogAppender.java:onNextImpl(521)) - s3@group-0A90AD4804C7->s1-AppendLogResponseHandler: received NOT_LEADER reply with term 2
2024-10-20 10:47:40,877 [s1-server-thread2] WARN  server.RaftServer$Division (ServerState.java:recognizeLeader(331)) - s1@group-0A90AD4804C7: Failed to recognize s3 as leader for APPEND_ENTRIES since peerTerm = 1 < currentTerm = 2
2024-10-20 10:47:40,877 [grpc-default-executor-9] INFO  server.GrpcServerProtocolService (GrpcServerProtocolService.java:onCompleted(200)) - s1: Completed APPEND_ENTRIES, lastRequest: null
2024-10-20 10:47:40,878 [grpc-default-executor-1] WARN  server.GrpcLogAppender (GrpcLogAppender.java:onNextImpl(521)) - s3@group-0A90AD4804C7->s1-AppendLogResponseHandler: received NOT_LEADER reply with term 2
2024-10-20 10:47:40,878 [grpc-default-executor-9] INFO  server.GrpcServerProtocolService (GrpcServerProtocolService.java:lambda$onCompleted$7(202)) - s1: Completed APPEND_ENTRIES, lastReply: serverReply {
  requestorId: "s3"
  replyId: "s1"
  raftGroupId {
    id: "\022\253#?\217\233E\353\215^\n\220\255H\004\307"
  }
  callId: 71
}
term: 2
nextIndex: 3
result: NOT_LEADER
followerCommit: 2
matchIndex: 18446744073709551615
isHearbeat: true

2024-10-20 10:47:40,878 [grpc-default-executor-9] INFO  server.GrpcLogAppender (GrpcLogAppender.java:onCompleted(559)) - s3@group-0A90AD4804C7->s1-AppendLogResponseHandler: follower responses appendEntries COMPLETED
2024-10-20 10:47:41,589 [main] INFO  grpc.TestLeaderElectionWithGrpc (LeaderElectionTests.java:enforceLeader(390)) - printing ALL groups
  s3:  RUNNING  FOLLOWER s3@group-0A90AD4804C7:t2, leader=s1, voted=s1, raftlog=Memoized:s3@group-0A90AD4804C7-SegmentedRaftLog:OPENED:c2:last(t:2, i:2), conf=conf: {index: 1, cur=peers:[s3|localhost:15332, s4|localhost:15336, s0|localhost:15320, s1|localhost:15324, s2|localhost:15328]|listeners:[], old=null} RUNNING
  s4:  RUNNING  FOLLOWER s4@group-0A90AD4804C7:t2, leader=s1, voted=s1, raftlog=Memoized:s4@group-0A90AD4804C7-SegmentedRaftLog:OPENED:c2:last(t:2, i:2), conf=conf: {index: 1, cur=peers:[s3|localhost:15332, s4|localhost:15336, s0|localhost:15320, s1|localhost:15324, s2|localhost:15328]|listeners:[], old=null} RUNNING
  s0:  RUNNING  FOLLOWER s0@group-0A90AD4804C7:t2, leader=s1, voted=s1, raftlog=Memoized:s0@group-0A90AD4804C7-SegmentedRaftLog:OPENED:c2:last(t:2, i:2), conf=conf: {index: 1, cur=peers:[s3|localhost:15332, s4|localhost:15336, s0|localhost:15320, s1|localhost:15324, s2|localhost:15328]|listeners:[], old=null} RUNNING
  s1:  RUNNING    LEADER s1@group-0A90AD4804C7:t2, leader=s1, voted=s1, raftlog=Memoized:s1@group-0A90AD4804C7-SegmentedRaftLog:OPENED:c2:last(t:2, i:2), conf=conf: {index: 1, cur=peers:[s3|localhost:15332, s4|localhost:15336, s0|localhost:15320, s1|localhost:15324, s2|localhost:15328]|listeners:[], old=null} RUNNING
  s2:  RUNNING  FOLLOWER s2@group-0A90AD4804C7:t2, leader=s1, voted=s1, raftlog=Memoized:s2@group-0A90AD4804C7-SegmentedRaftLog:OPENED:c2:last(t:2, i:2), conf=conf: {index: 1, cur=peers:[s3|localhost:15332, s4|localhost:15336, s0|localhost:15320, s1|localhost:15324, s2|localhost:15328]|listeners:[], old=null} RUNNING
2024-10-20 10:47:41,589 [main] INFO  impl.MiniRaftCluster (MiniRaftCluster.java:shutdown(847)) - ************************************************************** 
2024-10-20 10:47:41,589 [main] INFO  impl.MiniRaftCluster (MiniRaftCluster.java:shutdown(848)) - *** 
2024-10-20 10:47:41,589 [main] INFO  impl.MiniRaftCluster (MiniRaftCluster.java:shutdown(849)) - ***     Stopping MiniRaftClusterWithGrpc
2024-10-20 10:47:41,589 [main] INFO  impl.MiniRaftCluster (MiniRaftCluster.java:shutdown(850)) - *** 
2024-10-20 10:47:41,589 [main] INFO  impl.MiniRaftCluster (MiniRaftCluster.java:shutdown(851)) - ************************************************************** 
2024-10-20 10:47:41,589 [main] INFO  impl.MiniRaftCluster (MiniRaftCluster.java:shutdown(852)) - printing ALL groups
  s3:  RUNNING  FOLLOWER s3@group-0A90AD4804C7:t2, leader=s1, voted=s1, raftlog=Memoized:s3@group-0A90AD4804C7-SegmentedRaftLog:OPENED:c2:last(t:2, i:2), conf=conf: {index: 1, cur=peers:[s3|localhost:15332, s4|localhost:15336, s0|localhost:15320, s1|localhost:15324, s2|localhost:15328]|listeners:[], old=null} RUNNING
  s4:  RUNNING  FOLLOWER s4@group-0A90AD4804C7:t2, leader=s1, voted=s1, raftlog=Memoized:s4@group-0A90AD4804C7-SegmentedRaftLog:OPENED:c2:last(t:2, i:2), conf=conf: {index: 1, cur=peers:[s3|localhost:15332, s4|localhost:15336, s0|localhost:15320, s1|localhost:15324, s2|localhost:15328]|listeners:[], old=null} RUNNING
  s0:  RUNNING  FOLLOWER s0@group-0A90AD4804C7:t2, leader=s1, voted=s1, raftlog=Memoized:s0@group-0A90AD4804C7-SegmentedRaftLog:OPENED:c2:last(t:2, i:2), conf=conf: {index: 1, cur=peers:[s3|localhost:15332, s4|localhost:15336, s0|localhost:15320, s1|localhost:15324, s2|localhost:15328]|listeners:[], old=null} RUNNING
  s1:  RUNNING    LEADER s1@group-0A90AD4804C7:t2, leader=s1, voted=s1, raftlog=Memoized:s1@group-0A90AD4804C7-SegmentedRaftLog:OPENED:c2:last(t:2, i:2), conf=conf: {index: 1, cur=peers:[s3|localhost:15332, s4|localhost:15336, s0|localhost:15320, s1|localhost:15324, s2|localhost:15328]|listeners:[], old=null} RUNNING
  s2:  RUNNING  FOLLOWER s2@group-0A90AD4804C7:t2, leader=s1, voted=s1, raftlog=Memoized:s2@group-0A90AD4804C7-SegmentedRaftLog:OPENED:c2:last(t:2, i:2), conf=conf: {index: 1, cur=peers:[s3|localhost:15332, s4|localhost:15336, s0|localhost:15320, s1|localhost:15324, s2|localhost:15328]|listeners:[], old=null} RUNNING
2024-10-20 10:47:41,590 [MiniRaftCluster-81] INFO  server.RaftServer (RaftServerProxy.java:lambda$close$9(418)) - s3: close
2024-10-20 10:47:41,590 [MiniRaftCluster-83] INFO  server.RaftServer (RaftServerProxy.java:lambda$close$9(418)) - s0: close
2024-10-20 10:47:41,590 [MiniRaftCluster-81] INFO  server.GrpcServicesImpl (GrpcServicesImpl.java:closeImpl(362)) - s3: shutdown server org.apache.ratis.grpc.server.GrpcClientProtocolService now
2024-10-20 10:47:41,590 [MiniRaftCluster-85] INFO  server.RaftServer (RaftServerProxy.java:lambda$close$9(418)) - s2: close
2024-10-20 10:47:41,590 [s3-impl-thread1] INFO  server.RaftServer$Division (RaftServerImpl.java:lambda$close$1(515)) - s3@group-0A90AD4804C7: shutdown
2024-10-20 10:47:41,590 [MiniRaftCluster-82] INFO  server.RaftServer (RaftServerProxy.java:lambda$close$9(418)) - s4: close
2024-10-20 10:47:41,590 [MiniRaftCluster-82] INFO  server.GrpcServicesImpl (GrpcServicesImpl.java:closeImpl(362)) - s4: shutdown server org.apache.ratis.grpc.server.GrpcClientProtocolService now
2024-10-20 10:47:41,590 [s3-impl-thread1] INFO  util.JmxRegister (JmxRegister.java:unregister(74)) - Successfully un-registered JMX Bean with object name Ratis:service=RaftServer,group=group-0A90AD4804C7,id=s3
2024-10-20 10:47:41,591 [s3-impl-thread1] INFO  impl.RoleInfo (RoleInfo.java:shutdownFollowerState(121)) - s3: shutdown s3@group-0A90AD4804C7-FollowerState
2024-10-20 10:47:41,591 [s3-impl-thread1] INFO  impl.StateMachineUpdater (StateMachineUpdater.java:stopAndJoin(164)) - s3@group-0A90AD4804C7-StateMachineUpdater: set stopIndex = 2
2024-10-20 10:47:41,590 [s2-impl-thread1] INFO  server.RaftServer$Division (RaftServerImpl.java:lambda$close$1(515)) - s2@group-0A90AD4804C7: shutdown
2024-10-20 10:47:41,590 [MiniRaftCluster-85] INFO  server.GrpcServicesImpl (GrpcServicesImpl.java:closeImpl(362)) - s2: shutdown server org.apache.ratis.grpc.server.GrpcClientProtocolService now
2024-10-20 10:47:41,590 [MiniRaftCluster-84] INFO  server.RaftServer (RaftServerProxy.java:lambda$close$9(418)) - s1: close
2024-10-20 10:47:41,591 [MiniRaftCluster-84] INFO  server.GrpcServicesImpl (GrpcServicesImpl.java:closeImpl(362)) - s1: shutdown server org.apache.ratis.grpc.server.GrpcClientProtocolService now
2024-10-20 10:47:41,590 [s0-impl-thread1] INFO  server.RaftServer$Division (RaftServerImpl.java:lambda$close$1(515)) - s0@group-0A90AD4804C7: shutdown
2024-10-20 10:47:41,591 [s0-impl-thread1] INFO  util.JmxRegister (JmxRegister.java:unregister(74)) - Successfully un-registered JMX Bean with object name Ratis:service=RaftServer,group=group-0A90AD4804C7,id=s0
2024-10-20 10:47:41,591 [s0-impl-thread1] INFO  impl.RoleInfo (RoleInfo.java:shutdownFollowerState(121)) - s0: shutdown s0@group-0A90AD4804C7-FollowerState
2024-10-20 10:47:41,590 [MiniRaftCluster-83] INFO  server.GrpcServicesImpl (GrpcServicesImpl.java:closeImpl(362)) - s0: shutdown server org.apache.ratis.grpc.server.GrpcClientProtocolService now
2024-10-20 10:47:41,591 [s1-impl-thread1] INFO  server.RaftServer$Division (RaftServerImpl.java:lambda$close$1(515)) - s1@group-0A90AD4804C7: shutdown
2024-10-20 10:47:41,592 [s1-impl-thread1] INFO  util.JmxRegister (JmxRegister.java:unregister(74)) - Successfully un-registered JMX Bean with object name Ratis:service=RaftServer,group=group-0A90AD4804C7,id=s1
2024-10-20 10:47:41,592 [s1-impl-thread1] INFO  impl.RoleInfo (RoleInfo.java:shutdownLeaderState(103)) - s1: shutdown s1@group-0A90AD4804C7-LeaderStateImpl
2024-10-20 10:47:41,591 [s2-impl-thread1] INFO  util.JmxRegister (JmxRegister.java:unregister(74)) - Successfully un-registered JMX Bean with object name Ratis:service=RaftServer,group=group-0A90AD4804C7,id=s2
2024-10-20 10:47:41,592 [s2-impl-thread1] INFO  impl.RoleInfo (RoleInfo.java:shutdownFollowerState(121)) - s2: shutdown s2@group-0A90AD4804C7-FollowerState
2024-10-20 10:47:41,591 [s3@group-0A90AD4804C7-StateMachineUpdater] INFO  impl.StateMachineUpdater (StateMachineUpdater.java:stop(141)) - s3@group-0A90AD4804C7-StateMachineUpdater: closing BaseStateMachine, lastApplied=(t:2, i:2)
2024-10-20 10:47:41,591 [s3@group-0A90AD4804C7-FollowerState] INFO  impl.FollowerState (FollowerState.java:runImpl(170)) - s3@group-0A90AD4804C7-FollowerState was interrupted
2024-10-20 10:47:41,590 [s4-impl-thread1] INFO  server.RaftServer$Division (RaftServerImpl.java:lambda$close$1(515)) - s4@group-0A90AD4804C7: shutdown
2024-10-20 10:47:41,592 [s4-impl-thread1] INFO  util.JmxRegister (JmxRegister.java:unregister(74)) - Successfully un-registered JMX Bean with object name Ratis:service=RaftServer,group=group-0A90AD4804C7,id=s4
2024-10-20 10:47:41,592 [s4-impl-thread1] INFO  impl.RoleInfo (RoleInfo.java:shutdownFollowerState(121)) - s4: shutdown s4@group-0A90AD4804C7-FollowerState
2024-10-20 10:47:41,592 [s3-impl-thread1] INFO  raftlog.RaftLog (SegmentedRaftLog.java:close(567)) - Start closing s3@group-0A90AD4804C7-SegmentedRaftLog:OPENED:c2:last(t:2, i:2)
2024-10-20 10:47:41,594 [MiniRaftCluster-82] INFO  server.GrpcServicesImpl (GrpcServicesImpl.java:closeImpl(371)) - s4: shutdown server org.apache.ratis.grpc.server.GrpcClientProtocolService successfully
2024-10-20 10:47:41,594 [MiniRaftCluster-82] INFO  server.GrpcServicesImpl (GrpcServicesImpl.java:closeImpl(362)) - s4: shutdown server GrpcServerProtocolService now
2024-10-20 10:47:41,594 [Thread-2138] INFO  server.GrpcServerProtocolClient (GrpcServerProtocolClient.java:close(105)) - s0 Close channels
2024-10-20 10:47:41,599 [grpc-default-executor-7] WARN  server.GrpcServerProtocolService (LogUtils.java:warn(121)) - s4: APPEND_ENTRIES onError, lastRequest: null: org.apache.ratis.thirdparty.io.grpc.StatusRuntimeException: CANCELLED: client cancelled
2024-10-20 10:47:41,598 [MiniRaftCluster-82] INFO  server.GrpcServicesImpl (GrpcServicesImpl.java:closeImpl(371)) - s4: shutdown server GrpcServerProtocolService successfully
2024-10-20 10:47:41,599 [MiniRaftCluster-82] INFO  server.GrpcServicesImpl (GrpcServicesImpl.java:closeImpl(362)) - s4: shutdown server org.apache.ratis.grpc.server.GrpcAdminProtocolService now
2024-10-20 10:47:41,599 [MiniRaftCluster-82] INFO  server.GrpcServicesImpl (GrpcServicesImpl.java:closeImpl(371)) - s4: shutdown server org.apache.ratis.grpc.server.GrpcAdminProtocolService successfully
2024-10-20 10:47:41,595 [grpc-default-executor-6] WARN  server.GrpcLogAppender (LogUtils.java:warn(121)) - s1@group-0A90AD4804C7->s4-AppendLogResponseHandler: Failed appendEntries: org.apache.ratis.thirdparty.io.grpc.StatusRuntimeException: CANCELLED: RST_STREAM closed stream. HTTP/2 error code: CANCEL
2024-10-20 10:47:41,595 [grpc-default-executor-9] WARN  server.GrpcServerProtocolService (LogUtils.java:warn(121)) - s4: APPEND_ENTRIES onError, lastRequest: s1->s4#2-t2,previous=(t:2, i:1),leaderCommit=1,initializing? false,entries: size=1, first=(t:2, i:2), METADATAENTRY(c:1): org.apache.ratis.thirdparty.io.grpc.StatusRuntimeException: CANCELLED: client cancelled
2024-10-20 10:47:41,599 [grpc-default-executor-6] WARN  server.GrpcLogAppender (GrpcLogAppender.java:lambda$resetClient$1(221)) - s1@group-0A90AD4804C7->s4-GrpcLogAppender: Follower failed (request=null, errorCount=1); keep nextIndex (3) unchanged and retry.
2024-10-20 10:47:41,594 [s3@group-0A90AD4804C7-cacheEviction-AwaitToRun] INFO  util.AwaitToRun (AwaitToRun.java:run(49)) - s3@group-0A90AD4804C7-cacheEviction-AwaitToRun-AwaitForSignal is interrupted
2024-10-20 10:47:41,594 [Thread-2137] INFO  server.GrpcServerProtocolClient (GrpcServerProtocolClient.java:close(105)) - s4 Close channels
2024-10-20 10:47:41,600 [s3-impl-thread1] INFO  segmented.LogSegment (LogSegment.java:close(348)) - Successfully closed EntryCache-log_inprogress_1
2024-10-20 10:47:41,600 [s3-impl-thread1] INFO  segmented.LogSegment (LogSegment.java:close(348)) - Successfully closed EntryCache-log-0_0
2024-10-20 10:47:41,600 [s4@group-0A90AD4804C7-FollowerState] INFO  impl.FollowerState (FollowerState.java:runImpl(170)) - s4@group-0A90AD4804C7-FollowerState was interrupted
2024-10-20 10:47:41,601 [s2-impl-thread1] INFO  impl.StateMachineUpdater (StateMachineUpdater.java:stopAndJoin(164)) - s2@group-0A90AD4804C7-StateMachineUpdater: set stopIndex = 2
2024-10-20 10:47:41,599 [Thread-2139] INFO  server.GrpcServerProtocolClient (GrpcServerProtocolClient.java:close(105)) - s1 Close channels
2024-10-20 10:47:41,601 [s4@group-0A90AD4804C7-StateMachineUpdater] INFO  impl.StateMachineUpdater (StateMachineUpdater.java:stop(141)) - s4@group-0A90AD4804C7-StateMachineUpdater: closing BaseStateMachine, lastApplied=(t:2, i:2)
2024-10-20 10:47:41,601 [s2@group-0A90AD4804C7-FollowerState] INFO  impl.FollowerState (FollowerState.java:runImpl(170)) - s2@group-0A90AD4804C7-FollowerState was interrupted
2024-10-20 10:47:41,601 [s2@group-0A90AD4804C7-StateMachineUpdater] INFO  impl.StateMachineUpdater (StateMachineUpdater.java:stop(141)) - s2@group-0A90AD4804C7-StateMachineUpdater: closing BaseStateMachine, lastApplied=(t:2, i:2)
2024-10-20 10:47:41,601 [s1-impl-thread1] INFO  impl.PendingRequests (PendingRequests.java:sendNotLeaderResponses(287)) - s1@group-0A90AD4804C7-PendingRequests: sendNotLeaderResponses
2024-10-20 10:47:41,601 [s4-impl-thread1] INFO  impl.StateMachineUpdater (StateMachineUpdater.java:stopAndJoin(164)) - s4@group-0A90AD4804C7-StateMachineUpdater: set stopIndex = 2
2024-10-20 10:47:41,601 [s4-impl-thread1] INFO  raftlog.RaftLog (SegmentedRaftLog.java:close(567)) - Start closing s4@group-0A90AD4804C7-SegmentedRaftLog:OPENED:c2:last(t:2, i:2)
2024-10-20 10:47:41,601 [s2-impl-thread1] INFO  raftlog.RaftLog (SegmentedRaftLog.java:close(567)) - Start closing s2@group-0A90AD4804C7-SegmentedRaftLog:OPENED:c2:last(t:2, i:2)
2024-10-20 10:47:41,601 [s2@group-0A90AD4804C7-cacheEviction-AwaitToRun] INFO  util.AwaitToRun (AwaitToRun.java:run(49)) - s2@group-0A90AD4804C7-cacheEviction-AwaitToRun-AwaitForSignal is interrupted
2024-10-20 10:47:41,601 [s1@group-0A90AD4804C7->s2-GrpcLogAppender-LogAppenderDaemon] WARN  server.GrpcLogAppender (GrpcLogAppender.java:mayWait(293)) - s1@group-0A90AD4804C7->s2-GrpcLogAppender: Wait interrupted by java.lang.InterruptedException
2024-10-20 10:47:41,602 [s1@group-0A90AD4804C7->s4-GrpcLogAppender-LogAppenderDaemon] WARN  server.GrpcLogAppender (GrpcLogAppender.java:mayWait(293)) - s1@group-0A90AD4804C7->s4-GrpcLogAppender: Wait interrupted by java.lang.InterruptedException
2024-10-20 10:47:41,602 [s1@group-0A90AD4804C7->s3-GrpcLogAppender-LogAppenderDaemon] WARN  server.GrpcLogAppender (GrpcLogAppender.java:mayWait(293)) - s1@group-0A90AD4804C7->s3-GrpcLogAppender: Wait interrupted by java.lang.InterruptedException
2024-10-20 10:47:41,601 [s4@group-0A90AD4804C7-cacheEviction-AwaitToRun] INFO  util.AwaitToRun (AwaitToRun.java:run(49)) - s4@group-0A90AD4804C7-cacheEviction-AwaitToRun-AwaitForSignal is interrupted
2024-10-20 10:47:41,602 [s2-impl-thread1] INFO  segmented.LogSegment (LogSegment.java:close(348)) - Successfully closed EntryCache-log_inprogress_1
2024-10-20 10:47:41,602 [grpc-default-executor-9] INFO  server.GrpcServerProtocolService (GrpcServerProtocolService.java:onCompleted(200)) - s3: Completed APPEND_ENTRIES, lastRequest: null
2024-10-20 10:47:41,602 [s4-impl-thread1] INFO  segmented.LogSegment (LogSegment.java:close(348)) - Successfully closed EntryCache-log_inprogress_1
2024-10-20 10:47:41,602 [s4-impl-thread1] INFO  segmented.LogSegment (LogSegment.java:close(348)) - Successfully closed EntryCache-log-0_0
2024-10-20 10:47:41,602 [s2-impl-thread1] INFO  segmented.LogSegment (LogSegment.java:close(348)) - Successfully closed EntryCache-log-0_0
2024-10-20 10:47:41,602 [grpc-default-executor-9] INFO  server.GrpcServerProtocolService (GrpcServerProtocolService.java:lambda$onCompleted$7(202)) - s3: Completed APPEND_ENTRIES, lastReply: serverReply {
  requestorId: "s1"
  replyId: "s3"
  raftGroupId {
    id: "\022\253#?\217\233E\353\215^\n\220\255H\004\307"
  }
  callId: 23
  success: true
}
term: 2
nextIndex: 3
followerCommit: 2
matchIndex: 18446744073709551615
isHearbeat: true

2024-10-20 10:47:41,603 [Thread-2140] INFO  server.GrpcServerProtocolClient (GrpcServerProtocolClient.java:close(105)) - s2 Close channels
2024-10-20 10:47:41,603 [s1@group-0A90AD4804C7->s0-GrpcLogAppender-LogAppenderDaemon] WARN  server.GrpcLogAppender (GrpcLogAppender.java:mayWait(293)) - s1@group-0A90AD4804C7->s0-GrpcLogAppender: Wait interrupted by java.lang.InterruptedException
2024-10-20 10:47:41,603 [s1-impl-thread1] INFO  impl.StateMachineUpdater (StateMachineUpdater.java:stopAndJoin(164)) - s1@group-0A90AD4804C7-StateMachineUpdater: set stopIndex = 2
2024-10-20 10:47:41,603 [s1@group-0A90AD4804C7-StateMachineUpdater] INFO  impl.StateMachineUpdater (StateMachineUpdater.java:stop(141)) - s1@group-0A90AD4804C7-StateMachineUpdater: closing BaseStateMachine, lastApplied=(t:2, i:2)
2024-10-20 10:47:41,603 [grpc-default-executor-7] INFO  server.GrpcLogAppender (GrpcLogAppender.java:onCompleted(559)) - s1@group-0A90AD4804C7->s3-AppendLogResponseHandler: follower responses appendEntries COMPLETED
2024-10-20 10:47:41,603 [grpc-default-executor-9] INFO  server.GrpcServerProtocolService (GrpcServerProtocolService.java:onCompleted(200)) - s0: Completed APPEND_ENTRIES, lastRequest: null
2024-10-20 10:47:41,603 [grpc-default-executor-6] INFO  server.GrpcServerProtocolService (GrpcServerProtocolService.java:onCompleted(200)) - s2: Completed APPEND_ENTRIES, lastRequest: s1->s2#2-t2,previous=(t:2, i:1),leaderCommit=1,initializing? false,entries: size=1, first=(t:2, i:2), METADATAENTRY(c:1)
2024-10-20 10:47:41,603 [grpc-default-executor-6] INFO  server.GrpcServerProtocolService (GrpcServerProtocolService.java:lambda$onCompleted$7(202)) - s2: Completed APPEND_ENTRIES, lastReply: null
2024-10-20 10:47:41,603 [grpc-default-executor-9] INFO  server.GrpcServerProtocolService (GrpcServerProtocolService.java:lambda$onCompleted$7(202)) - s0: Completed APPEND_ENTRIES, lastReply: serverReply {
  requestorId: "s1"
  replyId: "s0"
  raftGroupId {
    id: "\022\253#?\217\233E\353\215^\n\220\255H\004\307"
  }
  callId: 19
  success: true
}
term: 2
nextIndex: 3
followerCommit: 2
matchIndex: 18446744073709551615
isHearbeat: true

2024-10-20 10:47:41,603 [s1-impl-thread1] INFO  raftlog.RaftLog (SegmentedRaftLog.java:close(567)) - Start closing s1@group-0A90AD4804C7-SegmentedRaftLog:OPENED:c2:last(t:2, i:2)
2024-10-20 10:47:41,604 [grpc-default-executor-9] INFO  server.GrpcLogAppender (GrpcLogAppender.java:onCompleted(559)) - s1@group-0A90AD4804C7->s2-AppendLogResponseHandler: follower responses appendEntries COMPLETED
2024-10-20 10:47:41,607 [s0-impl-thread1] INFO  impl.StateMachineUpdater (StateMachineUpdater.java:stopAndJoin(164)) - s0@group-0A90AD4804C7-StateMachineUpdater: set stopIndex = 2
2024-10-20 10:47:41,607 [s0@group-0A90AD4804C7-StateMachineUpdater] INFO  impl.StateMachineUpdater (StateMachineUpdater.java:stop(141)) - s0@group-0A90AD4804C7-StateMachineUpdater: closing BaseStateMachine, lastApplied=(t:2, i:2)
2024-10-20 10:47:41,607 [s0@group-0A90AD4804C7-FollowerState] INFO  impl.FollowerState (FollowerState.java:runImpl(170)) - s0@group-0A90AD4804C7-FollowerState was interrupted
2024-10-20 10:47:41,607 [s0-impl-thread1] INFO  raftlog.RaftLog (SegmentedRaftLog.java:close(567)) - Start closing s0@group-0A90AD4804C7-SegmentedRaftLog:OPENED:c2:last(t:2, i:2)
2024-10-20 10:47:41,607 [Thread-2134] INFO  server.GrpcServerProtocolClient (GrpcServerProtocolClient.java:close(105)) - s3 Close channels
2024-10-20 10:47:41,607 [Thread-2130] INFO  server.GrpcServerProtocolClient (GrpcServerProtocolClient.java:close(105)) - s3 Close channels
2024-10-20 10:47:41,607 [s0@group-0A90AD4804C7-cacheEviction-AwaitToRun] INFO  util.AwaitToRun (AwaitToRun.java:run(49)) - s0@group-0A90AD4804C7-cacheEviction-AwaitToRun-AwaitForSignal is interrupted
2024-10-20 10:47:41,607 [s0-impl-thread1] INFO  segmented.LogSegment (LogSegment.java:close(348)) - Successfully closed EntryCache-log_inprogress_1
2024-10-20 10:47:41,607 [s0-impl-thread1] INFO  segmented.LogSegment (LogSegment.java:close(348)) - Successfully closed EntryCache-log-0_0
2024-10-20 10:47:41,611 [Thread-2142] INFO  server.GrpcServerProtocolClient (GrpcServerProtocolClient.java:close(105)) - s4 Close channels
2024-10-20 10:47:41,611 [Thread-2143] INFO  server.GrpcServerProtocolClient (GrpcServerProtocolClient.java:close(105)) - s0 Close channels
2024-10-20 10:47:41,614 [grpc-default-executor-1] INFO  server.GrpcServerProtocolService (GrpcServerProtocolService.java:onCompleted(200)) - s2: Completed APPEND_ENTRIES, lastRequest: null
2024-10-20 10:47:41,613 [grpc-default-executor-7] INFO  server.GrpcServerProtocolService (GrpcServerProtocolService.java:onCompleted(200)) - s3: Completed APPEND_ENTRIES, lastRequest: s1->s3#3-t2,previous=(t:2, i:1),leaderCommit=1,initializing? false,entries: size=1, first=(t:2, i:2), METADATAENTRY(c:1)
2024-10-20 10:47:41,617 [grpc-default-executor-1] INFO  server.GrpcServerProtocolService (GrpcServerProtocolService.java:lambda$onCompleted$7(202)) - s2: Completed APPEND_ENTRIES, lastReply: serverReply {
  requestorId: "s1"
  replyId: "s2"
  raftGroupId {
    id: "\022\253#?\217\233E\353\215^\n\220\255H\004\307"
  }
  callId: 27
  success: true
}
term: 2
nextIndex: 3
followerCommit: 2
matchIndex: 18446744073709551615
isHearbeat: true

2024-10-20 10:47:41,612 [grpc-default-executor-10] WARN  server.GrpcLogAppender (GrpcLogAppender.java:resetClient(230)) - s1@group-0A90AD4804C7->s4-GrpcLogAppender: Failed to getClient for s4
org.apache.ratis.protocol.exceptions.AlreadyClosedException: s1 is already CLOSED
	at org.apache.ratis.util.PeerProxyMap$PeerAndProxy.getProxy(PeerProxyMap.java:67)
	at org.apache.ratis.util.PeerProxyMap.getProxy(PeerProxyMap.java:124)
	at org.apache.ratis.grpc.server.GrpcLogAppender.getClient(GrpcLogAppender.java:200)
	at org.apache.ratis.grpc.server.GrpcLogAppender.resetClient(GrpcLogAppender.java:205)
	at org.apache.ratis.grpc.server.GrpcLogAppender.access$800(GrpcLogAppender.java:64)
	at org.apache.ratis.grpc.server.GrpcLogAppender$AppendLogResponseHandler.onError(GrpcLogAppender.java:554)
	at org.apache.ratis.thirdparty.io.grpc.stub.ClientCalls$StreamObserverToCallListenerAdapter.onClose(ClientCalls.java:481)
	at org.apache.ratis.thirdparty.io.grpc.internal.ClientCallImpl.closeObserver(ClientCallImpl.java:567)
	at org.apache.ratis.thirdparty.io.grpc.internal.ClientCallImpl.access$300(ClientCallImpl.java:71)
	at org.apache.ratis.thirdparty.io.grpc.internal.ClientCallImpl$ClientStreamListenerImpl$1StreamClosed.runInternal(ClientCallImpl.java:735)
	at org.apache.ratis.thirdparty.io.grpc.internal.ClientCallImpl$ClientStreamListenerImpl$1StreamClosed.runInContext(ClientCallImpl.java:716)
	at org.apache.ratis.thirdparty.io.grpc.internal.ContextRunnable.run(ContextRunnable.java:37)
	at org.apache.ratis.thirdparty.io.grpc.internal.SerializingExecutor.run(SerializingExecutor.java:133)
	at java.util.concurrent.ThreadPoolExecutor.runWorker(ThreadPoolExecutor.java:1149)
	at java.util.concurrent.ThreadPoolExecutor$Worker.run(ThreadPoolExecutor.java:624)
	at java.lang.Thread.run(Thread.java:750)
2024-10-20 10:47:41,612 [grpc-default-executor-9] INFO  server.GrpcServerProtocolService (GrpcServerProtocolService.java:onCompleted(200)) - s0: Completed APPEND_ENTRIES, lastRequest: s1->s0#2-t2,previous=(t:2, i:1),leaderCommit=2,initializing? false,entries: size=1, first=(t:2, i:2), METADATAENTRY(c:1)
2024-10-20 10:47:41,618 [grpc-default-executor-9] INFO  server.GrpcServerProtocolService (GrpcServerProtocolService.java:lambda$onCompleted$7(202)) - s0: Completed APPEND_ENTRIES, lastReply: null
2024-10-20 10:47:41,611 [Thread-2148] INFO  server.GrpcServerProtocolClient (GrpcServerProtocolClient.java:close(105)) - s2 Close channels
2024-10-20 10:47:41,611 [s1@group-0A90AD4804C7-cacheEviction-AwaitToRun] INFO  util.AwaitToRun (AwaitToRun.java:run(49)) - s1@group-0A90AD4804C7-cacheEviction-AwaitToRun-AwaitForSignal is interrupted
2024-10-20 10:47:41,618 [s1-impl-thread1] INFO  segmented.LogSegment (LogSegment.java:close(348)) - Successfully closed EntryCache-log_inprogress_1
2024-10-20 10:47:41,618 [grpc-default-executor-10] INFO  server.GrpcLogAppender (GrpcLogAppender.java:onCompleted(559)) - s1@group-0A90AD4804C7->s0-AppendLogResponseHandler: follower responses appendEntries COMPLETED
2024-10-20 10:47:41,618 [grpc-default-executor-10] WARN  server.GrpcLogAppender (GrpcLogAppender.java:resetClient(230)) - s1@group-0A90AD4804C7->s0-GrpcLogAppender: Failed to getClient for s0
org.apache.ratis.protocol.exceptions.AlreadyClosedException: s1 is already CLOSED
	at org.apache.ratis.util.PeerProxyMap$PeerAndProxy.getProxy(PeerProxyMap.java:67)
	at org.apache.ratis.util.PeerProxyMap.getProxy(PeerProxyMap.java:124)
	at org.apache.ratis.grpc.server.GrpcLogAppender.getClient(GrpcLogAppender.java:200)
	at org.apache.ratis.grpc.server.GrpcLogAppender.resetClient(GrpcLogAppender.java:205)
	at org.apache.ratis.grpc.server.GrpcLogAppender.access$800(GrpcLogAppender.java:64)
	at org.apache.ratis.grpc.server.GrpcLogAppender$AppendLogResponseHandler.onCompleted(GrpcLogAppender.java:560)
	at org.apache.ratis.thirdparty.io.grpc.stub.ClientCalls$StreamObserverToCallListenerAdapter.onClose(ClientCalls.java:479)
	at org.apache.ratis.thirdparty.io.grpc.internal.ClientCallImpl.closeObserver(ClientCallImpl.java:567)
	at org.apache.ratis.thirdparty.io.grpc.internal.ClientCallImpl.access$300(ClientCallImpl.java:71)
	at org.apache.ratis.thirdparty.io.grpc.internal.ClientCallImpl$ClientStreamListenerImpl$1StreamClosed.runInternal(ClientCallImpl.java:735)
	at org.apache.ratis.thirdparty.io.grpc.internal.ClientCallImpl$ClientStreamListenerImpl$1StreamClosed.runInContext(ClientCallImpl.java:716)
	at org.apache.ratis.thirdparty.io.grpc.internal.ContextRunnable.run(ContextRunnable.java:37)
	at org.apache.ratis.thirdparty.io.grpc.internal.SerializingExecutor.run(SerializingExecutor.java:133)
	at java.util.concurrent.ThreadPoolExecutor.runWorker(ThreadPoolExecutor.java:1149)
	at java.util.concurrent.ThreadPoolExecutor$Worker.run(ThreadPoolExecutor.java:624)
	at java.lang.Thread.run(Thread.java:750)
2024-10-20 10:47:41,611 [Thread-2147] INFO  server.GrpcServerProtocolClient (GrpcServerProtocolClient.java:close(105)) - s1 Close channels
2024-10-20 10:47:41,619 [MiniRaftCluster-81] INFO  server.GrpcServicesImpl (GrpcServicesImpl.java:closeImpl(371)) - s3: shutdown server org.apache.ratis.grpc.server.GrpcClientProtocolService successfully
2024-10-20 10:47:41,619 [MiniRaftCluster-81] INFO  server.GrpcServicesImpl (GrpcServicesImpl.java:closeImpl(362)) - s3: shutdown server GrpcServerProtocolService now
2024-10-20 10:47:41,619 [Thread-2145] INFO  server.GrpcServerProtocolClient (GrpcServerProtocolClient.java:close(105)) - s2 Close channels
2024-10-20 10:47:41,619 [grpc-default-executor-1] INFO  server.GrpcLogAppender (GrpcLogAppender.java:onCompleted(559)) - s1@group-0A90AD4804C7->s2-AppendLogResponseHandler: follower responses appendEntries COMPLETED
2024-10-20 10:47:41,619 [grpc-default-executor-1] WARN  server.GrpcLogAppender (GrpcLogAppender.java:resetClient(230)) - s1@group-0A90AD4804C7->s2-GrpcLogAppender: Failed to getClient for s2
org.apache.ratis.protocol.exceptions.AlreadyClosedException: s1 is already CLOSED
	at org.apache.ratis.util.PeerProxyMap$PeerAndProxy.getProxy(PeerProxyMap.java:67)
	at org.apache.ratis.util.PeerProxyMap.getProxy(PeerProxyMap.java:124)
	at org.apache.ratis.grpc.server.GrpcLogAppender.getClient(GrpcLogAppender.java:200)
	at org.apache.ratis.grpc.server.GrpcLogAppender.resetClient(GrpcLogAppender.java:205)
	at org.apache.ratis.grpc.server.GrpcLogAppender.access$800(GrpcLogAppender.java:64)
	at org.apache.ratis.grpc.server.GrpcLogAppender$AppendLogResponseHandler.onCompleted(GrpcLogAppender.java:560)
	at org.apache.ratis.thirdparty.io.grpc.stub.ClientCalls$StreamObserverToCallListenerAdapter.onClose(ClientCalls.java:479)
	at org.apache.ratis.thirdparty.io.grpc.internal.DelayedClientCall$DelayedListener$3.run(DelayedClientCall.java:489)
	at org.apache.ratis.thirdparty.io.grpc.internal.DelayedClientCall$DelayedListener.delayOrExecute(DelayedClientCall.java:453)
	at org.apache.ratis.thirdparty.io.grpc.internal.DelayedClientCall$DelayedListener.onClose(DelayedClientCall.java:486)
	at org.apache.ratis.thirdparty.io.grpc.internal.ClientCallImpl.closeObserver(ClientCallImpl.java:567)
	at org.apache.ratis.thirdparty.io.grpc.internal.ClientCallImpl.access$300(ClientCallImpl.java:71)
	at org.apache.ratis.thirdparty.io.grpc.internal.ClientCallImpl$ClientStreamListenerImpl$1StreamClosed.runInternal(ClientCallImpl.java:735)
	at org.apache.ratis.thirdparty.io.grpc.internal.ClientCallImpl$ClientStreamListenerImpl$1StreamClosed.runInContext(ClientCallImpl.java:716)
	at org.apache.ratis.thirdparty.io.grpc.internal.ContextRunnable.run(ContextRunnable.java:37)
	at org.apache.ratis.thirdparty.io.grpc.internal.SerializingExecutor.run(SerializingExecutor.java:133)
	at java.util.concurrent.ThreadPoolExecutor.runWorker(ThreadPoolExecutor.java:1149)
	at java.util.concurrent.ThreadPoolExecutor$Worker.run(ThreadPoolExecutor.java:624)
	at java.lang.Thread.run(Thread.java:750)
2024-10-20 10:47:41,618 [s1-impl-thread1] INFO  segmented.LogSegment (LogSegment.java:close(348)) - Successfully closed EntryCache-log-0_0
2024-10-20 10:47:41,617 [MiniRaftCluster-85] INFO  server.GrpcServicesImpl (GrpcServicesImpl.java:closeImpl(371)) - s2: shutdown server org.apache.ratis.grpc.server.GrpcClientProtocolService successfully
2024-10-20 10:47:41,621 [MiniRaftCluster-85] INFO  server.GrpcServicesImpl (GrpcServicesImpl.java:closeImpl(362)) - s2: shutdown server GrpcServerProtocolService now
2024-10-20 10:47:41,623 [MiniRaftCluster-81] INFO  server.GrpcServicesImpl (GrpcServicesImpl.java:closeImpl(371)) - s3: shutdown server GrpcServerProtocolService successfully
2024-10-20 10:47:41,623 [MiniRaftCluster-81] INFO  server.GrpcServicesImpl (GrpcServicesImpl.java:closeImpl(362)) - s3: shutdown server org.apache.ratis.grpc.server.GrpcAdminProtocolService now
2024-10-20 10:47:41,623 [MiniRaftCluster-85] INFO  server.GrpcServicesImpl (GrpcServicesImpl.java:closeImpl(371)) - s2: shutdown server GrpcServerProtocolService successfully
2024-10-20 10:47:41,623 [MiniRaftCluster-85] INFO  server.GrpcServicesImpl (GrpcServicesImpl.java:closeImpl(362)) - s2: shutdown server org.apache.ratis.grpc.server.GrpcAdminProtocolService now
2024-10-20 10:47:41,617 [grpc-default-executor-7] INFO  server.GrpcServerProtocolService (GrpcServerProtocolService.java:lambda$onCompleted$7(202)) - s3: Completed APPEND_ENTRIES, lastReply: null
2024-10-20 10:47:41,623 [MiniRaftCluster-85] INFO  server.GrpcServicesImpl (GrpcServicesImpl.java:closeImpl(371)) - s2: shutdown server org.apache.ratis.grpc.server.GrpcAdminProtocolService successfully
2024-10-20 10:47:41,617 [grpc-default-executor-6] INFO  server.GrpcLogAppender (GrpcLogAppender.java:onCompleted(559)) - s1@group-0A90AD4804C7->s0-AppendLogResponseHandler: follower responses appendEntries COMPLETED
2024-10-20 10:47:41,617 [Thread-2141] INFO  server.GrpcServerProtocolClient (GrpcServerProtocolClient.java:close(105)) - s4 Close channels
2024-10-20 10:47:41,623 [grpc-default-executor-6] WARN  server.GrpcLogAppender (GrpcLogAppender.java:resetClient(230)) - s1@group-0A90AD4804C7->s0-GrpcLogAppender: Failed to getClient for s0
org.apache.ratis.protocol.exceptions.AlreadyClosedException: s1 is already CLOSED
	at org.apache.ratis.util.PeerProxyMap$PeerAndProxy.getProxy(PeerProxyMap.java:67)
	at org.apache.ratis.util.PeerProxyMap.getProxy(PeerProxyMap.java:124)
	at org.apache.ratis.grpc.server.GrpcLogAppender.getClient(GrpcLogAppender.java:200)
	at org.apache.ratis.grpc.server.GrpcLogAppender.resetClient(GrpcLogAppender.java:205)
	at org.apache.ratis.grpc.server.GrpcLogAppender.access$800(GrpcLogAppender.java:64)
	at org.apache.ratis.grpc.server.GrpcLogAppender$AppendLogResponseHandler.onCompleted(GrpcLogAppender.java:560)
	at org.apache.ratis.thirdparty.io.grpc.stub.ClientCalls$StreamObserverToCallListenerAdapter.onClose(ClientCalls.java:479)
	at org.apache.ratis.thirdparty.io.grpc.internal.DelayedClientCall$DelayedListener$3.run(DelayedClientCall.java:489)
	at org.apache.ratis.thirdparty.io.grpc.internal.DelayedClientCall$DelayedListener.delayOrExecute(DelayedClientCall.java:453)
	at org.apache.ratis.thirdparty.io.grpc.internal.DelayedClientCall$DelayedListener.onClose(DelayedClientCall.java:486)
	at org.apache.ratis.thirdparty.io.grpc.internal.ClientCallImpl.closeObserver(ClientCallImpl.java:567)
	at org.apache.ratis.thirdparty.io.grpc.internal.ClientCallImpl.access$300(ClientCallImpl.java:71)
	at org.apache.ratis.thirdparty.io.grpc.internal.ClientCallImpl$ClientStreamListenerImpl$1StreamClosed.runInternal(ClientCallImpl.java:735)
	at org.apache.ratis.thirdparty.io.grpc.internal.ClientCallImpl$ClientStreamListenerImpl$1StreamClosed.runInContext(ClientCallImpl.java:716)
	at org.apache.ratis.thirdparty.io.grpc.internal.ContextRunnable.run(ContextRunnable.java:37)
	at org.apache.ratis.thirdparty.io.grpc.internal.SerializingExecutor.run(SerializingExecutor.java:133)
	at java.util.concurrent.ThreadPoolExecutor.runWorker(ThreadPoolExecutor.java:1149)
	at java.util.concurrent.ThreadPoolExecutor$Worker.run(ThreadPoolExecutor.java:624)
	at java.lang.Thread.run(Thread.java:750)
2024-10-20 10:47:41,623 [MiniRaftCluster-84] INFO  server.GrpcServicesImpl (GrpcServicesImpl.java:closeImpl(371)) - s1: shutdown server org.apache.ratis.grpc.server.GrpcClientProtocolService successfully
2024-10-20 10:47:41,624 [MiniRaftCluster-84] INFO  server.GrpcServicesImpl (GrpcServicesImpl.java:closeImpl(362)) - s1: shutdown server GrpcServerProtocolService now
2024-10-20 10:47:41,623 [MiniRaftCluster-81] INFO  server.GrpcServicesImpl (GrpcServicesImpl.java:closeImpl(371)) - s3: shutdown server org.apache.ratis.grpc.server.GrpcAdminProtocolService successfully
2024-10-20 10:47:41,620 [grpc-default-executor-9] INFO  server.GrpcLogAppender (GrpcLogAppender.java:onError(546)) - s1@group-0A90AD4804C7->s3-GrpcLogAppender is already stopped
2024-10-20 10:47:41,625 [MiniRaftCluster-84] INFO  server.GrpcServicesImpl (GrpcServicesImpl.java:closeImpl(371)) - s1: shutdown server GrpcServerProtocolService successfully
2024-10-20 10:47:41,625 [MiniRaftCluster-84] INFO  server.GrpcServicesImpl (GrpcServicesImpl.java:closeImpl(362)) - s1: shutdown server org.apache.ratis.grpc.server.GrpcAdminProtocolService now
2024-10-20 10:47:41,625 [MiniRaftCluster-83] INFO  server.GrpcServicesImpl (GrpcServicesImpl.java:closeImpl(371)) - s0: shutdown server org.apache.ratis.grpc.server.GrpcClientProtocolService successfully
2024-10-20 10:47:41,625 [MiniRaftCluster-83] INFO  server.GrpcServicesImpl (GrpcServicesImpl.java:closeImpl(362)) - s0: shutdown server GrpcServerProtocolService now
2024-10-20 10:47:41,625 [MiniRaftCluster-84] INFO  server.GrpcServicesImpl (GrpcServicesImpl.java:closeImpl(371)) - s1: shutdown server org.apache.ratis.grpc.server.GrpcAdminProtocolService successfully
2024-10-20 10:47:41,625 [MiniRaftCluster-83] INFO  server.GrpcServicesImpl (GrpcServicesImpl.java:closeImpl(371)) - s0: shutdown server GrpcServerProtocolService successfully
2024-10-20 10:47:41,625 [MiniRaftCluster-83] INFO  server.GrpcServicesImpl (GrpcServicesImpl.java:closeImpl(362)) - s0: shutdown server org.apache.ratis.grpc.server.GrpcAdminProtocolService now
2024-10-20 10:47:41,626 [MiniRaftCluster-83] INFO  server.GrpcServicesImpl (GrpcServicesImpl.java:closeImpl(371)) - s0: shutdown server org.apache.ratis.grpc.server.GrpcAdminProtocolService successfully
2024-10-20 10:47:42,253 [s4-impl-thread1] INFO  segmented.SegmentedRaftLogWorker (SegmentedRaftLogWorker.java:close(253)) - s4@group-0A90AD4804C7-SegmentedRaftLogWorker close()
2024-10-20 10:47:42,253 [s3-impl-thread1] INFO  segmented.SegmentedRaftLogWorker (SegmentedRaftLogWorker.java:close(253)) - s3@group-0A90AD4804C7-SegmentedRaftLogWorker close()
2024-10-20 10:47:42,253 [s1-impl-thread1] INFO  segmented.SegmentedRaftLogWorker (SegmentedRaftLogWorker.java:close(253)) - s1@group-0A90AD4804C7-SegmentedRaftLogWorker close()
2024-10-20 10:47:42,253 [s4-impl-thread1] INFO  raftlog.RaftLog (SegmentedRaftLog.java:close(575)) - Successfully closed s4@group-0A90AD4804C7-SegmentedRaftLog:CLOSED:c2
2024-10-20 10:47:42,254 [s3-impl-thread1] INFO  raftlog.RaftLog (SegmentedRaftLog.java:close(575)) - Successfully closed s3@group-0A90AD4804C7-SegmentedRaftLog:CLOSED:c2
2024-10-20 10:47:42,254 [s1-impl-thread1] INFO  raftlog.RaftLog (SegmentedRaftLog.java:close(575)) - Successfully closed s1@group-0A90AD4804C7-SegmentedRaftLog:CLOSED:c2
2024-10-20 10:47:42,255 [JvmPauseMonitor80] INFO  util.JvmPauseMonitor (JvmPauseMonitor.java:run(152)) - JvmPauseMonitor-s3: Stopped
2024-10-20 10:47:42,255 [JvmPauseMonitor81] INFO  util.JvmPauseMonitor (JvmPauseMonitor.java:run(152)) - JvmPauseMonitor-s4: Stopped
2024-10-20 10:47:42,256 [s0-impl-thread1] INFO  segmented.SegmentedRaftLogWorker (SegmentedRaftLogWorker.java:close(253)) - s0@group-0A90AD4804C7-SegmentedRaftLogWorker close()
2024-10-20 10:47:42,256 [s0-impl-thread1] INFO  raftlog.RaftLog (SegmentedRaftLog.java:close(575)) - Successfully closed s0@group-0A90AD4804C7-SegmentedRaftLog:CLOSED:c2
2024-10-20 10:47:42,256 [JvmPauseMonitor83] INFO  util.JvmPauseMonitor (JvmPauseMonitor.java:run(152)) - JvmPauseMonitor-s1: Stopped
2024-10-20 10:47:42,257 [JvmPauseMonitor82] INFO  util.JvmPauseMonitor (JvmPauseMonitor.java:run(152)) - JvmPauseMonitor-s0: Stopped
2024-10-20 10:47:42,261 [s2-impl-thread1] INFO  segmented.SegmentedRaftLogWorker (SegmentedRaftLogWorker.java:close(253)) - s2@group-0A90AD4804C7-SegmentedRaftLogWorker close()
2024-10-20 10:47:42,261 [s2-impl-thread1] INFO  raftlog.RaftLog (SegmentedRaftLog.java:close(575)) - Successfully closed s2@group-0A90AD4804C7-SegmentedRaftLog:CLOSED:c2
2024-10-20 10:47:42,261 [JvmPauseMonitor84] INFO  util.JvmPauseMonitor (JvmPauseMonitor.java:run(152)) - JvmPauseMonitor-s2: Stopped
2024-10-20 10:47:42,261 [main] INFO  impl.MiniRaftCluster (MiniRaftCluster.java:shutdown(885)) - MiniRaftClusterWithGrpc shutdown completed
2024-10-20 10:47:42,262 [main] INFO  ratis.RaftTestUtil (RaftTestUtil.java:gc(596)) - gc 0
2024-10-20 10:47:42,421 [main] WARN  util.ReferenceCountedLeakDetector (ReferenceCountedLeakDetector.java:logLeakMessage(167)) - LEAK: (class org.apache.ratis.proto.RaftProtos$AppendEntriesRequestProto, count=2, value=serverRequest {
  requestorId: "s0"
  replyId: "s2"
  raftGroupId {
    id: "\375\210\024\357\262\375HY\244\207Ci\024Gb\025"
  }
}
leaderTerm: 10
previousLog {
  term: 9
  index: 16
}
leaderCommit: 16
commitInfos {
  server {
    id: "s0"
    address: "localhost:15252"
    dataStreamAddress: "localhost:15255"
    clientAddress: "localhost:15254"
    adminAddress: "localhost:15253"
    startupRole: FOLLOWER
  }
  commitIndex: 16
}
commitInfos {
  server {
    id: "s1"
    address: "localhost:15256"
    dataStreamAddress: "localhost:15259"
    clientAddress: "localhost:15258"
    adminAddress: "localhost:15257"
    startupRole: FOLLOWER
  }
  commitIndex: 16
}
commitInfos {
  server {
    id: "s2"
    address: "localhost:15260"
    dataStreamAddress: "localhost:15263"
    clientAddress: "localhost:15262"
    adminAddress: "localhost:15261"
    startupRole: FOLLOWER
  }
  commitIndex: 16
}
)
2024-10-20 10:47:42,422 [main] WARN  util.ReferenceCountedLeakDetector (ReferenceCountedLeakDetector.java:logLeakMessage(167)) - LEAK: (class org.apache.ratis.proto.RaftProtos$AppendEntriesRequestProto, count=3, value=serverRequest {
  requestorId: "s1"
  replyId: "s2"
  raftGroupId {
    id: "\375\210\024\357\262\375HY\244\207Ci\024Gb\025"
  }
  callId: 1
}
leaderTerm: 11
previousLog {
  term: 10
  index: 18
}
entries {
  term: 11
  index: 19
  configurationEntry {
    peers {
      id: "s0"
      address: "localhost:15252"
      dataStreamAddress: "localhost:15255"
      clientAddress: "localhost:15254"
      adminAddress: "localhost:15253"
      startupRole: FOLLOWER
    }
    peers {
      id: "s1"
      address: "localhost:15256"
      dataStreamAddress: "localhost:15259"
      clientAddress: "localhost:15258"
      adminAddress: "localhost:15257"
      startupRole: FOLLOWER
    }
    peers {
      id: "s2"
      address: "localhost:15260"
      dataStreamAddress: "localhost:15263"
      clientAddress: "localhost:15262"
      adminAddress: "localhost:15261"
      startupRole: FOLLOWER
    }
  }
}
leaderCommit: 17
commitInfos {
  server {
    id: "s1"
    address: "localhost:15256"
    dataStreamAddress: "localhost:15259"
    clientAddress: "localhost:15258"
    adminAddress: "localhost:15257"
    startupRole: FOLLOWER
  }
  commitIndex: 17
}
commitInfos {
  server {
    id: "s0"
    address: "localhost:15252"
    dataStreamAddress: "localhost:15255"
    clientAddress: "localhost:15254"
    adminAddress: "localhost:15253"
    startupRole: FOLLOWER
  }
  commitIndex: 17
}
commitInfos {
  server {
    id: "s2"
    address: "localhost:15260"
    dataStreamAddress: "localhost:15263"
    clientAddress: "localhost:15262"
    adminAddress: "localhost:15261"
    startupRole: FOLLOWER
  }
  commitIndex: 16
}
)
2024-10-20 10:47:42,422 [main] WARN  util.ReferenceCountedLeakDetector (ReferenceCountedLeakDetector.java:logLeakMessage(167)) - LEAK: (class org.apache.ratis.proto.RaftProtos$AppendEntriesRequestProto, count=3, value=serverRequest {
  requestorId: "s0"
  replyId: "s2"
  raftGroupId {
    id: "\375\210\024\357\262\375HY\244\207Ci\024Gb\025"
  }
  callId: 1
}
leaderTerm: 10
previousLog {
  term: 9
  index: 16
}
entries {
  term: 10
  index: 17
  configurationEntry {
    peers {
      id: "s0"
      address: "localhost:15252"
      dataStreamAddress: "localhost:15255"
      clientAddress: "localhost:15254"
      adminAddress: "localhost:15253"
      startupRole: FOLLOWER
    }
    peers {
      id: "s1"
      address: "localhost:15256"
      dataStreamAddress: "localhost:15259"
      clientAddress: "localhost:15258"
      adminAddress: "localhost:15257"
      startupRole: FOLLOWER
    }
    peers {
      id: "s2"
      address: "localhost:15260"
      dataStreamAddress: "localhost:15263"
      clientAddress: "localhost:15262"
      adminAddress: "localhost:15261"
      startupRole: FOLLOWER
    }
  }
}
leaderCommit: 16
commitInfos {
  server {
    id: "s0"
    address: "localhost:15252"
    dataStreamAddress: "localhost:15255"
    clientAddress: "localhost:15254"
    adminAddress: "localhost:15253"
    startupRole: FOLLOWER
  }
  commitIndex: 16
}
commitInfos {
  server {
    id: "s1"
    address: "localhost:15256"
    dataStreamAddress: "localhost:15259"
    clientAddress: "localhost:15258"
    adminAddress: "localhost:15257"
    startupRole: FOLLOWER
  }
  commitIndex: 16
}
commitInfos {
  server {
    id: "s2"
    address: "localhost:15260"
    dataStreamAddress: "localhost:15263"
    clientAddress: "localhost:15262"
    adminAddress: "localhost:15261"
    startupRole: FOLLOWER
  }
  commitIndex: 16
}
)
2024-10-20 10:47:42,422 [main] WARN  util.ReferenceCountedLeakDetector (ReferenceCountedLeakDetector.java:logLeakMessage(167)) - LEAK: (class org.apache.ratis.proto.RaftProtos$AppendEntriesRequestProto, count=2, value=serverRequest {
  requestorId: "s1"
  replyId: "s2"
  raftGroupId {
    id: "\375\210\024\357\262\375HY\244\207Ci\024Gb\025"
  }
  callId: 8
}
leaderTerm: 9
previousLog {
  term: 9
  index: 16
}
leaderCommit: 16
commitInfos {
  server {
    id: "s1"
    address: "localhost:15256"
    dataStreamAddress: "localhost:15259"
    clientAddress: "localhost:15258"
    adminAddress: "localhost:15257"
    startupRole: FOLLOWER
  }
  commitIndex: 16
}
commitInfos {
  server {
    id: "s0"
    address: "localhost:15252"
    dataStreamAddress: "localhost:15255"
    clientAddress: "localhost:15254"
    adminAddress: "localhost:15253"
    startupRole: FOLLOWER
  }
  commitIndex: 16
}
commitInfos {
  server {
    id: "s2"
    address: "localhost:15260"
    dataStreamAddress: "localhost:15263"
    clientAddress: "localhost:15262"
    adminAddress: "localhost:15261"
    startupRole: FOLLOWER
  }
  commitIndex: 16
}
)
2024-10-20 10:47:42,422 [main] WARN  util.ReferenceCountedLeakDetector (ReferenceCountedLeakDetector.java:logLeakMessage(167)) - LEAK: (class org.apache.ratis.proto.RaftProtos$AppendEntriesRequestProto, count=2, value=serverRequest {
  requestorId: "s1"
  replyId: "s2"
  raftGroupId {
    id: "\375\210\024\357\262\375HY\244\207Ci\024Gb\025"
  }
}
leaderTerm: 11
previousLog {
  term: 10
  index: 18
}
leaderCommit: 17
commitInfos {
  server {
    id: "s1"
    address: "localhost:15256"
    dataStreamAddress: "localhost:15259"
    clientAddress: "localhost:15258"
    adminAddress: "localhost:15257"
    startupRole: FOLLOWER
  }
  commitIndex: 17
}
commitInfos {
  server {
    id: "s0"
    address: "localhost:15252"
    dataStreamAddress: "localhost:15255"
    clientAddress: "localhost:15254"
    adminAddress: "localhost:15253"
    startupRole: FOLLOWER
  }
  commitIndex: 17
}
commitInfos {
  server {
    id: "s2"
    address: "localhost:15260"
    dataStreamAddress: "localhost:15263"
    clientAddress: "localhost:15262"
    adminAddress: "localhost:15261"
    startupRole: FOLLOWER
  }
  commitIndex: 16
}
)
2024-10-20 10:47:42,422 [main] WARN  util.LeakDetector (LeakDetector.java:assertNoLeaks(171)) - 0/30) numLeaks == 5 > 0, will wait and retry ...
2024-10-20 10:47:43,422 [main] WARN  util.ReferenceCountedLeakDetector (ReferenceCountedLeakDetector.java:logLeakMessage(167)) - LEAK: (class org.apache.ratis.proto.RaftProtos$AppendEntriesRequestProto, count=2, value=serverRequest {
  requestorId: "s0"
  replyId: "s2"
  raftGroupId {
    id: "\375\210\024\357\262\375HY\244\207Ci\024Gb\025"
  }
}
leaderTerm: 10
previousLog {
  term: 9
  index: 16
}
leaderCommit: 16
commitInfos {
  server {
    id: "s0"
    address: "localhost:15252"
    dataStreamAddress: "localhost:15255"
    clientAddress: "localhost:15254"
    adminAddress: "localhost:15253"
    startupRole: FOLLOWER
  }
  commitIndex: 16
}
commitInfos {
  server {
    id: "s1"
    address: "localhost:15256"
    dataStreamAddress: "localhost:15259"
    clientAddress: "localhost:15258"
    adminAddress: "localhost:15257"
    startupRole: FOLLOWER
  }
  commitIndex: 16
}
commitInfos {
  server {
    id: "s2"
    address: "localhost:15260"
    dataStreamAddress: "localhost:15263"
    clientAddress: "localhost:15262"
    adminAddress: "localhost:15261"
    startupRole: FOLLOWER
  }
  commitIndex: 16
}
)
2024-10-20 10:47:43,423 [main] WARN  util.ReferenceCountedLeakDetector (ReferenceCountedLeakDetector.java:logLeakMessage(167)) - LEAK: (class org.apache.ratis.proto.RaftProtos$AppendEntriesRequestProto, count=3, value=serverRequest {
  requestorId: "s1"
  replyId: "s2"
  raftGroupId {
    id: "\375\210\024\357\262\375HY\244\207Ci\024Gb\025"
  }
  callId: 1
}
leaderTerm: 11
previousLog {
  term: 10
  index: 18
}
entries {
  term: 11
  index: 19
  configurationEntry {
    peers {
      id: "s0"
      address: "localhost:15252"
      dataStreamAddress: "localhost:15255"
      clientAddress: "localhost:15254"
      adminAddress: "localhost:15253"
      startupRole: FOLLOWER
    }
    peers {
      id: "s1"
      address: "localhost:15256"
      dataStreamAddress: "localhost:15259"
      clientAddress: "localhost:15258"
      adminAddress: "localhost:15257"
      startupRole: FOLLOWER
    }
    peers {
      id: "s2"
      address: "localhost:15260"
      dataStreamAddress: "localhost:15263"
      clientAddress: "localhost:15262"
      adminAddress: "localhost:15261"
      startupRole: FOLLOWER
    }
  }
}
leaderCommit: 17
commitInfos {
  server {
    id: "s1"
    address: "localhost:15256"
    dataStreamAddress: "localhost:15259"
    clientAddress: "localhost:15258"
    adminAddress: "localhost:15257"
    startupRole: FOLLOWER
  }
  commitIndex: 17
}
commitInfos {
  server {
    id: "s0"
    address: "localhost:15252"
    dataStreamAddress: "localhost:15255"
    clientAddress: "localhost:15254"
    adminAddress: "localhost:15253"
    startupRole: FOLLOWER
  }
  commitIndex: 17
}
commitInfos {
  server {
    id: "s2"
    address: "localhost:15260"
    dataStreamAddress: "localhost:15263"
    clientAddress: "localhost:15262"
    adminAddress: "localhost:15261"
    startupRole: FOLLOWER
  }
  commitIndex: 16
}
)
2024-10-20 10:47:43,423 [main] WARN  util.ReferenceCountedLeakDetector (ReferenceCountedLeakDetector.java:logLeakMessage(167)) - LEAK: (class org.apache.ratis.proto.RaftProtos$AppendEntriesRequestProto, count=3, value=serverRequest {
  requestorId: "s0"
  replyId: "s2"
  raftGroupId {
    id: "\375\210\024\357\262\375HY\244\207Ci\024Gb\025"
  }
  callId: 1
}
leaderTerm: 10
previousLog {
  term: 9
  index: 16
}
entries {
  term: 10
  index: 17
  configurationEntry {
    peers {
      id: "s0"
      address: "localhost:15252"
      dataStreamAddress: "localhost:15255"
      clientAddress: "localhost:15254"
      adminAddress: "localhost:15253"
      startupRole: FOLLOWER
    }
    peers {
      id: "s1"
      address: "localhost:15256"
      dataStreamAddress: "localhost:15259"
      clientAddress: "localhost:15258"
      adminAddress: "localhost:15257"
      startupRole: FOLLOWER
    }
    peers {
      id: "s2"
      address: "localhost:15260"
      dataStreamAddress: "localhost:15263"
      clientAddress: "localhost:15262"
      adminAddress: "localhost:15261"
      startupRole: FOLLOWER
    }
  }
}
leaderCommit: 16
commitInfos {
  server {
    id: "s0"
    address: "localhost:15252"
    dataStreamAddress: "localhost:15255"
    clientAddress: "localhost:15254"
    adminAddress: "localhost:15253"
    startupRole: FOLLOWER
  }
  commitIndex: 16
}
commitInfos {
  server {
    id: "s1"
    address: "localhost:15256"
    dataStreamAddress: "localhost:15259"
    clientAddress: "localhost:15258"
    adminAddress: "localhost:15257"
    startupRole: FOLLOWER
  }
  commitIndex: 16
}
commitInfos {
  server {
    id: "s2"
    address: "localhost:15260"
    dataStreamAddress: "localhost:15263"
    clientAddress: "localhost:15262"
    adminAddress: "localhost:15261"
    startupRole: FOLLOWER
  }
  commitIndex: 16
}
)
2024-10-20 10:47:43,423 [main] WARN  util.ReferenceCountedLeakDetector (ReferenceCountedLeakDetector.java:logLeakMessage(167)) - LEAK: (class org.apache.ratis.proto.RaftProtos$AppendEntriesRequestProto, count=2, value=serverRequest {
  requestorId: "s1"
  replyId: "s2"
  raftGroupId {
    id: "\375\210\024\357\262\375HY\244\207Ci\024Gb\025"
  }
  callId: 8
}
leaderTerm: 9
previousLog {
  term: 9
  index: 16
}
leaderCommit: 16
commitInfos {
  server {
    id: "s1"
    address: "localhost:15256"
    dataStreamAddress: "localhost:15259"
    clientAddress: "localhost:15258"
    adminAddress: "localhost:15257"
    startupRole: FOLLOWER
  }
  commitIndex: 16
}
commitInfos {
  server {
    id: "s0"
    address: "localhost:15252"
    dataStreamAddress: "localhost:15255"
    clientAddress: "localhost:15254"
    adminAddress: "localhost:15253"
    startupRole: FOLLOWER
  }
  commitIndex: 16
}
commitInfos {
  server {
    id: "s2"
    address: "localhost:15260"
    dataStreamAddress: "localhost:15263"
    clientAddress: "localhost:15262"
    adminAddress: "localhost:15261"
    startupRole: FOLLOWER
  }
  commitIndex: 16
}
)
2024-10-20 10:47:43,423 [main] WARN  util.ReferenceCountedLeakDetector (ReferenceCountedLeakDetector.java:logLeakMessage(167)) - LEAK: (class org.apache.ratis.proto.RaftProtos$AppendEntriesRequestProto, count=2, value=serverRequest {
  requestorId: "s1"
  replyId: "s2"
  raftGroupId {
    id: "\375\210\024\357\262\375HY\244\207Ci\024Gb\025"
  }
}
leaderTerm: 11
previousLog {
  term: 10
  index: 18
}
leaderCommit: 17
commitInfos {
  server {
    id: "s1"
    address: "localhost:15256"
    dataStreamAddress: "localhost:15259"
    clientAddress: "localhost:15258"
    adminAddress: "localhost:15257"
    startupRole: FOLLOWER
  }
  commitIndex: 17
}
commitInfos {
  server {
    id: "s0"
    address: "localhost:15252"
    dataStreamAddress: "localhost:15255"
    clientAddress: "localhost:15254"
    adminAddress: "localhost:15253"
    startupRole: FOLLOWER
  }
  commitIndex: 17
}
commitInfos {
  server {
    id: "s2"
    address: "localhost:15260"
    dataStreamAddress: "localhost:15263"
    clientAddress: "localhost:15262"
    adminAddress: "localhost:15261"
    startupRole: FOLLOWER
  }
  commitIndex: 16
}
)
2024-10-20 10:47:43,423 [main] WARN  util.LeakDetector (LeakDetector.java:assertNoLeaks(171)) - 1/30) numLeaks == 5 > 0, will wait and retry ...
2024-10-20 10:47:44,423 [main] WARN  util.ReferenceCountedLeakDetector (ReferenceCountedLeakDetector.java:logLeakMessage(167)) - LEAK: (class org.apache.ratis.proto.RaftProtos$AppendEntriesRequestProto, count=2, value=serverRequest {
  requestorId: "s0"
  replyId: "s2"
  raftGroupId {
    id: "\375\210\024\357\262\375HY\244\207Ci\024Gb\025"
  }
}
leaderTerm: 10
previousLog {
  term: 9
  index: 16
}
leaderCommit: 16
commitInfos {
  server {
    id: "s0"
    address: "localhost:15252"
    dataStreamAddress: "localhost:15255"
    clientAddress: "localhost:15254"
    adminAddress: "localhost:15253"
    startupRole: FOLLOWER
  }
  commitIndex: 16
}
commitInfos {
  server {
    id: "s1"
    address: "localhost:15256"
    dataStreamAddress: "localhost:15259"
    clientAddress: "localhost:15258"
    adminAddress: "localhost:15257"
    startupRole: FOLLOWER
  }
  commitIndex: 16
}
commitInfos {
  server {
    id: "s2"
    address: "localhost:15260"
    dataStreamAddress: "localhost:15263"
    clientAddress: "localhost:15262"
    adminAddress: "localhost:15261"
    startupRole: FOLLOWER
  }
  commitIndex: 16
}
)
2024-10-20 10:47:44,424 [main] WARN  util.ReferenceCountedLeakDetector (ReferenceCountedLeakDetector.java:logLeakMessage(167)) - LEAK: (class org.apache.ratis.proto.RaftProtos$AppendEntriesRequestProto, count=3, value=serverRequest {
  requestorId: "s1"
  replyId: "s2"
  raftGroupId {
    id: "\375\210\024\357\262\375HY\244\207Ci\024Gb\025"
  }
  callId: 1
}
leaderTerm: 11
previousLog {
  term: 10
  index: 18
}
entries {
  term: 11
  index: 19
  configurationEntry {
    peers {
      id: "s0"
      address: "localhost:15252"
      dataStreamAddress: "localhost:15255"
      clientAddress: "localhost:15254"
      adminAddress: "localhost:15253"
      startupRole: FOLLOWER
    }
    peers {
      id: "s1"
      address: "localhost:15256"
      dataStreamAddress: "localhost:15259"
      clientAddress: "localhost:15258"
      adminAddress: "localhost:15257"
      startupRole: FOLLOWER
    }
    peers {
      id: "s2"
      address: "localhost:15260"
      dataStreamAddress: "localhost:15263"
      clientAddress: "localhost:15262"
      adminAddress: "localhost:15261"
      startupRole: FOLLOWER
    }
  }
}
leaderCommit: 17
commitInfos {
  server {
    id: "s1"
    address: "localhost:15256"
    dataStreamAddress: "localhost:15259"
    clientAddress: "localhost:15258"
    adminAddress: "localhost:15257"
    startupRole: FOLLOWER
  }
  commitIndex: 17
}
commitInfos {
  server {
    id: "s0"
    address: "localhost:15252"
    dataStreamAddress: "localhost:15255"
    clientAddress: "localhost:15254"
    adminAddress: "localhost:15253"
    startupRole: FOLLOWER
  }
  commitIndex: 17
}
commitInfos {
  server {
    id: "s2"
    address: "localhost:15260"
    dataStreamAddress: "localhost:15263"
    clientAddress: "localhost:15262"
    adminAddress: "localhost:15261"
    startupRole: FOLLOWER
  }
  commitIndex: 16
}
)
2024-10-20 10:47:44,424 [main] WARN  util.ReferenceCountedLeakDetector (ReferenceCountedLeakDetector.java:logLeakMessage(167)) - LEAK: (class org.apache.ratis.proto.RaftProtos$AppendEntriesRequestProto, count=3, value=serverRequest {
  requestorId: "s0"
  replyId: "s2"
  raftGroupId {
    id: "\375\210\024\357\262\375HY\244\207Ci\024Gb\025"
  }
  callId: 1
}
leaderTerm: 10
previousLog {
  term: 9
  index: 16
}
entries {
  term: 10
  index: 17
  configurationEntry {
    peers {
      id: "s0"
      address: "localhost:15252"
      dataStreamAddress: "localhost:15255"
      clientAddress: "localhost:15254"
      adminAddress: "localhost:15253"
      startupRole: FOLLOWER
    }
    peers {
      id: "s1"
      address: "localhost:15256"
      dataStreamAddress: "localhost:15259"
      clientAddress: "localhost:15258"
      adminAddress: "localhost:15257"
      startupRole: FOLLOWER
    }
    peers {
      id: "s2"
      address: "localhost:15260"
      dataStreamAddress: "localhost:15263"
      clientAddress: "localhost:15262"
      adminAddress: "localhost:15261"
      startupRole: FOLLOWER
    }
  }
}
leaderCommit: 16
commitInfos {
  server {
    id: "s0"
    address: "localhost:15252"
    dataStreamAddress: "localhost:15255"
    clientAddress: "localhost:15254"
    adminAddress: "localhost:15253"
    startupRole: FOLLOWER
  }
  commitIndex: 16
}
commitInfos {
  server {
    id: "s1"
    address: "localhost:15256"
    dataStreamAddress: "localhost:15259"
    clientAddress: "localhost:15258"
    adminAddress: "localhost:15257"
    startupRole: FOLLOWER
  }
  commitIndex: 16
}
commitInfos {
  server {
    id: "s2"
    address: "localhost:15260"
    dataStreamAddress: "localhost:15263"
    clientAddress: "localhost:15262"
    adminAddress: "localhost:15261"
    startupRole: FOLLOWER
  }
  commitIndex: 16
}
)
2024-10-20 10:47:44,424 [main] WARN  util.ReferenceCountedLeakDetector (ReferenceCountedLeakDetector.java:logLeakMessage(167)) - LEAK: (class org.apache.ratis.proto.RaftProtos$AppendEntriesRequestProto, count=2, value=serverRequest {
  requestorId: "s1"
  replyId: "s2"
  raftGroupId {
    id: "\375\210\024\357\262\375HY\244\207Ci\024Gb\025"
  }
  callId: 8
}
leaderTerm: 9
previousLog {
  term: 9
  index: 16
}
leaderCommit: 16
commitInfos {
  server {
    id: "s1"
    address: "localhost:15256"
    dataStreamAddress: "localhost:15259"
    clientAddress: "localhost:15258"
    adminAddress: "localhost:15257"
    startupRole: FOLLOWER
  }
  commitIndex: 16
}
commitInfos {
  server {
    id: "s0"
    address: "localhost:15252"
    dataStreamAddress: "localhost:15255"
    clientAddress: "localhost:15254"
    adminAddress: "localhost:15253"
    startupRole: FOLLOWER
  }
  commitIndex: 16
}
commitInfos {
  server {
    id: "s2"
    address: "localhost:15260"
    dataStreamAddress: "localhost:15263"
    clientAddress: "localhost:15262"
    adminAddress: "localhost:15261"
    startupRole: FOLLOWER
  }
  commitIndex: 16
}
)
2024-10-20 10:47:44,424 [main] WARN  util.ReferenceCountedLeakDetector (ReferenceCountedLeakDetector.java:logLeakMessage(167)) - LEAK: (class org.apache.ratis.proto.RaftProtos$AppendEntriesRequestProto, count=2, value=serverRequest {
  requestorId: "s1"
  replyId: "s2"
  raftGroupId {
    id: "\375\210\024\357\262\375HY\244\207Ci\024Gb\025"
  }
}
leaderTerm: 11
previousLog {
  term: 10
  index: 18
}
leaderCommit: 17
commitInfos {
  server {
    id: "s1"
    address: "localhost:15256"
    dataStreamAddress: "localhost:15259"
    clientAddress: "localhost:15258"
    adminAddress: "localhost:15257"
    startupRole: FOLLOWER
  }
  commitIndex: 17
}
commitInfos {
  server {
    id: "s0"
    address: "localhost:15252"
    dataStreamAddress: "localhost:15255"
    clientAddress: "localhost:15254"
    adminAddress: "localhost:15253"
    startupRole: FOLLOWER
  }
  commitIndex: 17
}
commitInfos {
  server {
    id: "s2"
    address: "localhost:15260"
    dataStreamAddress: "localhost:15263"
    clientAddress: "localhost:15262"
    adminAddress: "localhost:15261"
    startupRole: FOLLOWER
  }
  commitIndex: 16
}
)
2024-10-20 10:47:44,424 [main] WARN  util.LeakDetector (LeakDetector.java:assertNoLeaks(171)) - 2/30) numLeaks == 5 > 0, will wait and retry ...
2024-10-20 10:47:45,424 [main] WARN  util.ReferenceCountedLeakDetector (ReferenceCountedLeakDetector.java:logLeakMessage(167)) - LEAK: (class org.apache.ratis.proto.RaftProtos$AppendEntriesRequestProto, count=2, value=serverRequest {
  requestorId: "s0"
  replyId: "s2"
  raftGroupId {
    id: "\375\210\024\357\262\375HY\244\207Ci\024Gb\025"
  }
}
leaderTerm: 10
previousLog {
  term: 9
  index: 16
}
leaderCommit: 16
commitInfos {
  server {
    id: "s0"
    address: "localhost:15252"
    dataStreamAddress: "localhost:15255"
    clientAddress: "localhost:15254"
    adminAddress: "localhost:15253"
    startupRole: FOLLOWER
  }
  commitIndex: 16
}
commitInfos {
  server {
    id: "s1"
    address: "localhost:15256"
    dataStreamAddress: "localhost:15259"
    clientAddress: "localhost:15258"
    adminAddress: "localhost:15257"
    startupRole: FOLLOWER
  }
  commitIndex: 16
}
commitInfos {
  server {
    id: "s2"
    address: "localhost:15260"
    dataStreamAddress: "localhost:15263"
    clientAddress: "localhost:15262"
    adminAddress: "localhost:15261"
    startupRole: FOLLOWER
  }
  commitIndex: 16
}
)
2024-10-20 10:47:45,425 [main] WARN  util.ReferenceCountedLeakDetector (ReferenceCountedLeakDetector.java:logLeakMessage(167)) - LEAK: (class org.apache.ratis.proto.RaftProtos$AppendEntriesRequestProto, count=3, value=serverRequest {
  requestorId: "s1"
  replyId: "s2"
  raftGroupId {
    id: "\375\210\024\357\262\375HY\244\207Ci\024Gb\025"
  }
  callId: 1
}
leaderTerm: 11
previousLog {
  term: 10
  index: 18
}
entries {
  term: 11
  index: 19
  configurationEntry {
    peers {
      id: "s0"
      address: "localhost:15252"
      dataStreamAddress: "localhost:15255"
      clientAddress: "localhost:15254"
      adminAddress: "localhost:15253"
      startupRole: FOLLOWER
    }
    peers {
      id: "s1"
      address: "localhost:15256"
      dataStreamAddress: "localhost:15259"
      clientAddress: "localhost:15258"
      adminAddress: "localhost:15257"
      startupRole: FOLLOWER
    }
    peers {
      id: "s2"
      address: "localhost:15260"
      dataStreamAddress: "localhost:15263"
      clientAddress: "localhost:15262"
      adminAddress: "localhost:15261"
      startupRole: FOLLOWER
    }
  }
}
leaderCommit: 17
commitInfos {
  server {
    id: "s1"
    address: "localhost:15256"
    dataStreamAddress: "localhost:15259"
    clientAddress: "localhost:15258"
    adminAddress: "localhost:15257"
    startupRole: FOLLOWER
  }
  commitIndex: 17
}
commitInfos {
  server {
    id: "s0"
    address: "localhost:15252"
    dataStreamAddress: "localhost:15255"
    clientAddress: "localhost:15254"
    adminAddress: "localhost:15253"
    startupRole: FOLLOWER
  }
  commitIndex: 17
}
commitInfos {
  server {
    id: "s2"
    address: "localhost:15260"
    dataStreamAddress: "localhost:15263"
    clientAddress: "localhost:15262"
    adminAddress: "localhost:15261"
    startupRole: FOLLOWER
  }
  commitIndex: 16
}
)
2024-10-20 10:47:45,425 [main] WARN  util.ReferenceCountedLeakDetector (ReferenceCountedLeakDetector.java:logLeakMessage(167)) - LEAK: (class org.apache.ratis.proto.RaftProtos$AppendEntriesRequestProto, count=3, value=serverRequest {
  requestorId: "s0"
  replyId: "s2"
  raftGroupId {
    id: "\375\210\024\357\262\375HY\244\207Ci\024Gb\025"
  }
  callId: 1
}
leaderTerm: 10
previousLog {
  term: 9
  index: 16
}
entries {
  term: 10
  index: 17
  configurationEntry {
    peers {
      id: "s0"
      address: "localhost:15252"
      dataStreamAddress: "localhost:15255"
      clientAddress: "localhost:15254"
      adminAddress: "localhost:15253"
      startupRole: FOLLOWER
    }
    peers {
      id: "s1"
      address: "localhost:15256"
      dataStreamAddress: "localhost:15259"
      clientAddress: "localhost:15258"
      adminAddress: "localhost:15257"
      startupRole: FOLLOWER
    }
    peers {
      id: "s2"
      address: "localhost:15260"
      dataStreamAddress: "localhost:15263"
      clientAddress: "localhost:15262"
      adminAddress: "localhost:15261"
      startupRole: FOLLOWER
    }
  }
}
leaderCommit: 16
commitInfos {
  server {
    id: "s0"
    address: "localhost:15252"
    dataStreamAddress: "localhost:15255"
    clientAddress: "localhost:15254"
    adminAddress: "localhost:15253"
    startupRole: FOLLOWER
  }
  commitIndex: 16
}
commitInfos {
  server {
    id: "s1"
    address: "localhost:15256"
    dataStreamAddress: "localhost:15259"
    clientAddress: "localhost:15258"
    adminAddress: "localhost:15257"
    startupRole: FOLLOWER
  }
  commitIndex: 16
}
commitInfos {
  server {
    id: "s2"
    address: "localhost:15260"
    dataStreamAddress: "localhost:15263"
    clientAddress: "localhost:15262"
    adminAddress: "localhost:15261"
    startupRole: FOLLOWER
  }
  commitIndex: 16
}
)
2024-10-20 10:47:45,425 [main] WARN  util.ReferenceCountedLeakDetector (ReferenceCountedLeakDetector.java:logLeakMessage(167)) - LEAK: (class org.apache.ratis.proto.RaftProtos$AppendEntriesRequestProto, count=2, value=serverRequest {
  requestorId: "s1"
  replyId: "s2"
  raftGroupId {
    id: "\375\210\024\357\262\375HY\244\207Ci\024Gb\025"
  }
  callId: 8
}
leaderTerm: 9
previousLog {
  term: 9
  index: 16
}
leaderCommit: 16
commitInfos {
  server {
    id: "s1"
    address: "localhost:15256"
    dataStreamAddress: "localhost:15259"
    clientAddress: "localhost:15258"
    adminAddress: "localhost:15257"
    startupRole: FOLLOWER
  }
  commitIndex: 16
}
commitInfos {
  server {
    id: "s0"
    address: "localhost:15252"
    dataStreamAddress: "localhost:15255"
    clientAddress: "localhost:15254"
    adminAddress: "localhost:15253"
    startupRole: FOLLOWER
  }
  commitIndex: 16
}
commitInfos {
  server {
    id: "s2"
    address: "localhost:15260"
    dataStreamAddress: "localhost:15263"
    clientAddress: "localhost:15262"
    adminAddress: "localhost:15261"
    startupRole: FOLLOWER
  }
  commitIndex: 16
}
)
2024-10-20 10:47:45,425 [main] WARN  util.ReferenceCountedLeakDetector (ReferenceCountedLeakDetector.java:logLeakMessage(167)) - LEAK: (class org.apache.ratis.proto.RaftProtos$AppendEntriesRequestProto, count=2, value=serverRequest {
  requestorId: "s1"
  replyId: "s2"
  raftGroupId {
    id: "\375\210\024\357\262\375HY\244\207Ci\024Gb\025"
  }
}
leaderTerm: 11
previousLog {
  term: 10
  index: 18
}
leaderCommit: 17
commitInfos {
  server {
    id: "s1"
    address: "localhost:15256"
    dataStreamAddress: "localhost:15259"
    clientAddress: "localhost:15258"
    adminAddress: "localhost:15257"
    startupRole: FOLLOWER
  }
  commitIndex: 17
}
commitInfos {
  server {
    id: "s0"
    address: "localhost:15252"
    dataStreamAddress: "localhost:15255"
    clientAddress: "localhost:15254"
    adminAddress: "localhost:15253"
    startupRole: FOLLOWER
  }
  commitIndex: 17
}
commitInfos {
  server {
    id: "s2"
    address: "localhost:15260"
    dataStreamAddress: "localhost:15263"
    clientAddress: "localhost:15262"
    adminAddress: "localhost:15261"
    startupRole: FOLLOWER
  }
  commitIndex: 16
}
)
2024-10-20 10:47:45,425 [main] WARN  util.LeakDetector (LeakDetector.java:assertNoLeaks(171)) - 3/30) numLeaks == 5 > 0, will wait and retry ...
2024-10-20 10:47:46,425 [main] WARN  util.ReferenceCountedLeakDetector (ReferenceCountedLeakDetector.java:logLeakMessage(167)) - LEAK: (class org.apache.ratis.proto.RaftProtos$AppendEntriesRequestProto, count=2, value=serverRequest {
  requestorId: "s0"
  replyId: "s2"
  raftGroupId {
    id: "\375\210\024\357\262\375HY\244\207Ci\024Gb\025"
  }
}
leaderTerm: 10
previousLog {
  term: 9
  index: 16
}
leaderCommit: 16
commitInfos {
  server {
    id: "s0"
    address: "localhost:15252"
    dataStreamAddress: "localhost:15255"
    clientAddress: "localhost:15254"
    adminAddress: "localhost:15253"
    startupRole: FOLLOWER
  }
  commitIndex: 16
}
commitInfos {
  server {
    id: "s1"
    address: "localhost:15256"
    dataStreamAddress: "localhost:15259"
    clientAddress: "localhost:15258"
    adminAddress: "localhost:15257"
    startupRole: FOLLOWER
  }
  commitIndex: 16
}
commitInfos {
  server {
    id: "s2"
    address: "localhost:15260"
    dataStreamAddress: "localhost:15263"
    clientAddress: "localhost:15262"
    adminAddress: "localhost:15261"
    startupRole: FOLLOWER
  }
  commitIndex: 16
}
)
2024-10-20 10:47:46,426 [main] WARN  util.ReferenceCountedLeakDetector (ReferenceCountedLeakDetector.java:logLeakMessage(167)) - LEAK: (class org.apache.ratis.proto.RaftProtos$AppendEntriesRequestProto, count=3, value=serverRequest {
  requestorId: "s1"
  replyId: "s2"
  raftGroupId {
    id: "\375\210\024\357\262\375HY\244\207Ci\024Gb\025"
  }
  callId: 1
}
leaderTerm: 11
previousLog {
  term: 10
  index: 18
}
entries {
  term: 11
  index: 19
  configurationEntry {
    peers {
      id: "s0"
      address: "localhost:15252"
      dataStreamAddress: "localhost:15255"
      clientAddress: "localhost:15254"
      adminAddress: "localhost:15253"
      startupRole: FOLLOWER
    }
    peers {
      id: "s1"
      address: "localhost:15256"
      dataStreamAddress: "localhost:15259"
      clientAddress: "localhost:15258"
      adminAddress: "localhost:15257"
      startupRole: FOLLOWER
    }
    peers {
      id: "s2"
      address: "localhost:15260"
      dataStreamAddress: "localhost:15263"
      clientAddress: "localhost:15262"
      adminAddress: "localhost:15261"
      startupRole: FOLLOWER
    }
  }
}
leaderCommit: 17
commitInfos {
  server {
    id: "s1"
    address: "localhost:15256"
    dataStreamAddress: "localhost:15259"
    clientAddress: "localhost:15258"
    adminAddress: "localhost:15257"
    startupRole: FOLLOWER
  }
  commitIndex: 17
}
commitInfos {
  server {
    id: "s0"
    address: "localhost:15252"
    dataStreamAddress: "localhost:15255"
    clientAddress: "localhost:15254"
    adminAddress: "localhost:15253"
    startupRole: FOLLOWER
  }
  commitIndex: 17
}
commitInfos {
  server {
    id: "s2"
    address: "localhost:15260"
    dataStreamAddress: "localhost:15263"
    clientAddress: "localhost:15262"
    adminAddress: "localhost:15261"
    startupRole: FOLLOWER
  }
  commitIndex: 16
}
)
2024-10-20 10:47:46,426 [main] WARN  util.ReferenceCountedLeakDetector (ReferenceCountedLeakDetector.java:logLeakMessage(167)) - LEAK: (class org.apache.ratis.proto.RaftProtos$AppendEntriesRequestProto, count=3, value=serverRequest {
  requestorId: "s0"
  replyId: "s2"
  raftGroupId {
    id: "\375\210\024\357\262\375HY\244\207Ci\024Gb\025"
  }
  callId: 1
}
leaderTerm: 10
previousLog {
  term: 9
  index: 16
}
entries {
  term: 10
  index: 17
  configurationEntry {
    peers {
      id: "s0"
      address: "localhost:15252"
      dataStreamAddress: "localhost:15255"
      clientAddress: "localhost:15254"
      adminAddress: "localhost:15253"
      startupRole: FOLLOWER
    }
    peers {
      id: "s1"
      address: "localhost:15256"
      dataStreamAddress: "localhost:15259"
      clientAddress: "localhost:15258"
      adminAddress: "localhost:15257"
      startupRole: FOLLOWER
    }
    peers {
      id: "s2"
      address: "localhost:15260"
      dataStreamAddress: "localhost:15263"
      clientAddress: "localhost:15262"
      adminAddress: "localhost:15261"
      startupRole: FOLLOWER
    }
  }
}
leaderCommit: 16
commitInfos {
  server {
    id: "s0"
    address: "localhost:15252"
    dataStreamAddress: "localhost:15255"
    clientAddress: "localhost:15254"
    adminAddress: "localhost:15253"
    startupRole: FOLLOWER
  }
  commitIndex: 16
}
commitInfos {
  server {
    id: "s1"
    address: "localhost:15256"
    dataStreamAddress: "localhost:15259"
    clientAddress: "localhost:15258"
    adminAddress: "localhost:15257"
    startupRole: FOLLOWER
  }
  commitIndex: 16
}
commitInfos {
  server {
    id: "s2"
    address: "localhost:15260"
    dataStreamAddress: "localhost:15263"
    clientAddress: "localhost:15262"
    adminAddress: "localhost:15261"
    startupRole: FOLLOWER
  }
  commitIndex: 16
}
)
2024-10-20 10:47:46,426 [main] WARN  util.ReferenceCountedLeakDetector (ReferenceCountedLeakDetector.java:logLeakMessage(167)) - LEAK: (class org.apache.ratis.proto.RaftProtos$AppendEntriesRequestProto, count=2, value=serverRequest {
  requestorId: "s1"
  replyId: "s2"
  raftGroupId {
    id: "\375\210\024\357\262\375HY\244\207Ci\024Gb\025"
  }
  callId: 8
}
leaderTerm: 9
previousLog {
  term: 9
  index: 16
}
leaderCommit: 16
commitInfos {
  server {
    id: "s1"
    address: "localhost:15256"
    dataStreamAddress: "localhost:15259"
    clientAddress: "localhost:15258"
    adminAddress: "localhost:15257"
    startupRole: FOLLOWER
  }
  commitIndex: 16
}
commitInfos {
  server {
    id: "s0"
    address: "localhost:15252"
    dataStreamAddress: "localhost:15255"
    clientAddress: "localhost:15254"
    adminAddress: "localhost:15253"
    startupRole: FOLLOWER
  }
  commitIndex: 16
}
commitInfos {
  server {
    id: "s2"
    address: "localhost:15260"
    dataStreamAddress: "localhost:15263"
    clientAddress: "localhost:15262"
    adminAddress: "localhost:15261"
    startupRole: FOLLOWER
  }
  commitIndex: 16
}
)
2024-10-20 10:47:46,426 [main] WARN  util.ReferenceCountedLeakDetector (ReferenceCountedLeakDetector.java:logLeakMessage(167)) - LEAK: (class org.apache.ratis.proto.RaftProtos$AppendEntriesRequestProto, count=2, value=serverRequest {
  requestorId: "s1"
  replyId: "s2"
  raftGroupId {
    id: "\375\210\024\357\262\375HY\244\207Ci\024Gb\025"
  }
}
leaderTerm: 11
previousLog {
  term: 10
  index: 18
}
leaderCommit: 17
commitInfos {
  server {
    id: "s1"
    address: "localhost:15256"
    dataStreamAddress: "localhost:15259"
    clientAddress: "localhost:15258"
    adminAddress: "localhost:15257"
    startupRole: FOLLOWER
  }
  commitIndex: 17
}
commitInfos {
  server {
    id: "s0"
    address: "localhost:15252"
    dataStreamAddress: "localhost:15255"
    clientAddress: "localhost:15254"
    adminAddress: "localhost:15253"
    startupRole: FOLLOWER
  }
  commitIndex: 17
}
commitInfos {
  server {
    id: "s2"
    address: "localhost:15260"
    dataStreamAddress: "localhost:15263"
    clientAddress: "localhost:15262"
    adminAddress: "localhost:15261"
    startupRole: FOLLOWER
  }
  commitIndex: 16
}
)
2024-10-20 10:47:46,426 [main] WARN  util.LeakDetector (LeakDetector.java:assertNoLeaks(171)) - 4/30) numLeaks == 5 > 0, will wait and retry ...
2024-10-20 10:47:46,599 [timer1] WARN  server.GrpcLogAppender (LogUtils.java:warn(121)) - s1@group-0A90AD4804C7->s4-AppendLogResponseHandler: Failed appendEntries (Repeated 2 times in the last 5.004s): org.apache.ratis.thirdparty.io.grpc.StatusRuntimeException: CANCELLED: RST_STREAM closed stream. HTTP/2 error code: CANCEL
2024-10-20 10:47:47,426 [main] WARN  util.ReferenceCountedLeakDetector (ReferenceCountedLeakDetector.java:logLeakMessage(167)) - LEAK: (class org.apache.ratis.proto.RaftProtos$AppendEntriesRequestProto, count=2, value=serverRequest {
  requestorId: "s0"
  replyId: "s2"
  raftGroupId {
    id: "\375\210\024\357\262\375HY\244\207Ci\024Gb\025"
  }
}
leaderTerm: 10
previousLog {
  term: 9
  index: 16
}
leaderCommit: 16
commitInfos {
  server {
    id: "s0"
    address: "localhost:15252"
    dataStreamAddress: "localhost:15255"
    clientAddress: "localhost:15254"
    adminAddress: "localhost:15253"
    startupRole: FOLLOWER
  }
  commitIndex: 16
}
commitInfos {
  server {
    id: "s1"
    address: "localhost:15256"
    dataStreamAddress: "localhost:15259"
    clientAddress: "localhost:15258"
    adminAddress: "localhost:15257"
    startupRole: FOLLOWER
  }
  commitIndex: 16
}
commitInfos {
  server {
    id: "s2"
    address: "localhost:15260"
    dataStreamAddress: "localhost:15263"
    clientAddress: "localhost:15262"
    adminAddress: "localhost:15261"
    startupRole: FOLLOWER
  }
  commitIndex: 16
}
)
2024-10-20 10:47:47,427 [main] WARN  util.ReferenceCountedLeakDetector (ReferenceCountedLeakDetector.java:logLeakMessage(167)) - LEAK: (class org.apache.ratis.proto.RaftProtos$AppendEntriesRequestProto, count=3, value=serverRequest {
  requestorId: "s1"
  replyId: "s2"
  raftGroupId {
    id: "\375\210\024\357\262\375HY\244\207Ci\024Gb\025"
  }
  callId: 1
}
leaderTerm: 11
previousLog {
  term: 10
  index: 18
}
entries {
  term: 11
  index: 19
  configurationEntry {
    peers {
      id: "s0"
      address: "localhost:15252"
      dataStreamAddress: "localhost:15255"
      clientAddress: "localhost:15254"
      adminAddress: "localhost:15253"
      startupRole: FOLLOWER
    }
    peers {
      id: "s1"
      address: "localhost:15256"
      dataStreamAddress: "localhost:15259"
      clientAddress: "localhost:15258"
      adminAddress: "localhost:15257"
      startupRole: FOLLOWER
    }
    peers {
      id: "s2"
      address: "localhost:15260"
      dataStreamAddress: "localhost:15263"
      clientAddress: "localhost:15262"
      adminAddress: "localhost:15261"
      startupRole: FOLLOWER
    }
  }
}
leaderCommit: 17
commitInfos {
  server {
    id: "s1"
    address: "localhost:15256"
    dataStreamAddress: "localhost:15259"
    clientAddress: "localhost:15258"
    adminAddress: "localhost:15257"
    startupRole: FOLLOWER
  }
  commitIndex: 17
}
commitInfos {
  server {
    id: "s0"
    address: "localhost:15252"
    dataStreamAddress: "localhost:15255"
    clientAddress: "localhost:15254"
    adminAddress: "localhost:15253"
    startupRole: FOLLOWER
  }
  commitIndex: 17
}
commitInfos {
  server {
    id: "s2"
    address: "localhost:15260"
    dataStreamAddress: "localhost:15263"
    clientAddress: "localhost:15262"
    adminAddress: "localhost:15261"
    startupRole: FOLLOWER
  }
  commitIndex: 16
}
)
2024-10-20 10:47:47,427 [main] WARN  util.ReferenceCountedLeakDetector (ReferenceCountedLeakDetector.java:logLeakMessage(167)) - LEAK: (class org.apache.ratis.proto.RaftProtos$AppendEntriesRequestProto, count=3, value=serverRequest {
  requestorId: "s0"
  replyId: "s2"
  raftGroupId {
    id: "\375\210\024\357\262\375HY\244\207Ci\024Gb\025"
  }
  callId: 1
}
leaderTerm: 10
previousLog {
  term: 9
  index: 16
}
entries {
  term: 10
  index: 17
  configurationEntry {
    peers {
      id: "s0"
      address: "localhost:15252"
      dataStreamAddress: "localhost:15255"
      clientAddress: "localhost:15254"
      adminAddress: "localhost:15253"
      startupRole: FOLLOWER
    }
    peers {
      id: "s1"
      address: "localhost:15256"
      dataStreamAddress: "localhost:15259"
      clientAddress: "localhost:15258"
      adminAddress: "localhost:15257"
      startupRole: FOLLOWER
    }
    peers {
      id: "s2"
      address: "localhost:15260"
      dataStreamAddress: "localhost:15263"
      clientAddress: "localhost:15262"
      adminAddress: "localhost:15261"
      startupRole: FOLLOWER
    }
  }
}
leaderCommit: 16
commitInfos {
  server {
    id: "s0"
    address: "localhost:15252"
    dataStreamAddress: "localhost:15255"
    clientAddress: "localhost:15254"
    adminAddress: "localhost:15253"
    startupRole: FOLLOWER
  }
  commitIndex: 16
}
commitInfos {
  server {
    id: "s1"
    address: "localhost:15256"
    dataStreamAddress: "localhost:15259"
    clientAddress: "localhost:15258"
    adminAddress: "localhost:15257"
    startupRole: FOLLOWER
  }
  commitIndex: 16
}
commitInfos {
  server {
    id: "s2"
    address: "localhost:15260"
    dataStreamAddress: "localhost:15263"
    clientAddress: "localhost:15262"
    adminAddress: "localhost:15261"
    startupRole: FOLLOWER
  }
  commitIndex: 16
}
)
2024-10-20 10:47:47,427 [main] WARN  util.ReferenceCountedLeakDetector (ReferenceCountedLeakDetector.java:logLeakMessage(167)) - LEAK: (class org.apache.ratis.proto.RaftProtos$AppendEntriesRequestProto, count=2, value=serverRequest {
  requestorId: "s1"
  replyId: "s2"
  raftGroupId {
    id: "\375\210\024\357\262\375HY\244\207Ci\024Gb\025"
  }
  callId: 8
}
leaderTerm: 9
previousLog {
  term: 9
  index: 16
}
leaderCommit: 16
commitInfos {
  server {
    id: "s1"
    address: "localhost:15256"
    dataStreamAddress: "localhost:15259"
    clientAddress: "localhost:15258"
    adminAddress: "localhost:15257"
    startupRole: FOLLOWER
  }
  commitIndex: 16
}
commitInfos {
  server {
    id: "s0"
    address: "localhost:15252"
    dataStreamAddress: "localhost:15255"
    clientAddress: "localhost:15254"
    adminAddress: "localhost:15253"
    startupRole: FOLLOWER
  }
  commitIndex: 16
}
commitInfos {
  server {
    id: "s2"
    address: "localhost:15260"
    dataStreamAddress: "localhost:15263"
    clientAddress: "localhost:15262"
    adminAddress: "localhost:15261"
    startupRole: FOLLOWER
  }
  commitIndex: 16
}
)
2024-10-20 10:47:47,427 [main] WARN  util.ReferenceCountedLeakDetector (ReferenceCountedLeakDetector.java:logLeakMessage(167)) - LEAK: (class org.apache.ratis.proto.RaftProtos$AppendEntriesRequestProto, count=2, value=serverRequest {
  requestorId: "s1"
  replyId: "s2"
  raftGroupId {
    id: "\375\210\024\357\262\375HY\244\207Ci\024Gb\025"
  }
}
leaderTerm: 11
previousLog {
  term: 10
  index: 18
}
leaderCommit: 17
commitInfos {
  server {
    id: "s1"
    address: "localhost:15256"
    dataStreamAddress: "localhost:15259"
    clientAddress: "localhost:15258"
    adminAddress: "localhost:15257"
    startupRole: FOLLOWER
  }
  commitIndex: 17
}
commitInfos {
  server {
    id: "s0"
    address: "localhost:15252"
    dataStreamAddress: "localhost:15255"
    clientAddress: "localhost:15254"
    adminAddress: "localhost:15253"
    startupRole: FOLLOWER
  }
  commitIndex: 17
}
commitInfos {
  server {
    id: "s2"
    address: "localhost:15260"
    dataStreamAddress: "localhost:15263"
    clientAddress: "localhost:15262"
    adminAddress: "localhost:15261"
    startupRole: FOLLOWER
  }
  commitIndex: 16
}
)
2024-10-20 10:47:47,427 [main] WARN  util.LeakDetector (LeakDetector.java:assertNoLeaks(171)) - 5/30) numLeaks == 5 > 0, will wait and retry ...
2024-10-20 10:47:48,427 [main] WARN  util.ReferenceCountedLeakDetector (ReferenceCountedLeakDetector.java:logLeakMessage(167)) - LEAK: (class org.apache.ratis.proto.RaftProtos$AppendEntriesRequestProto, count=2, value=serverRequest {
  requestorId: "s0"
  replyId: "s2"
  raftGroupId {
    id: "\375\210\024\357\262\375HY\244\207Ci\024Gb\025"
  }
}
leaderTerm: 10
previousLog {
  term: 9
  index: 16
}
leaderCommit: 16
commitInfos {
  server {
    id: "s0"
    address: "localhost:15252"
    dataStreamAddress: "localhost:15255"
    clientAddress: "localhost:15254"
    adminAddress: "localhost:15253"
    startupRole: FOLLOWER
  }
  commitIndex: 16
}
commitInfos {
  server {
    id: "s1"
    address: "localhost:15256"
    dataStreamAddress: "localhost:15259"
    clientAddress: "localhost:15258"
    adminAddress: "localhost:15257"
    startupRole: FOLLOWER
  }
  commitIndex: 16
}
commitInfos {
  server {
    id: "s2"
    address: "localhost:15260"
    dataStreamAddress: "localhost:15263"
    clientAddress: "localhost:15262"
    adminAddress: "localhost:15261"
    startupRole: FOLLOWER
  }
  commitIndex: 16
}
)
2024-10-20 10:47:48,428 [main] WARN  util.ReferenceCountedLeakDetector (ReferenceCountedLeakDetector.java:logLeakMessage(167)) - LEAK: (class org.apache.ratis.proto.RaftProtos$AppendEntriesRequestProto, count=3, value=serverRequest {
  requestorId: "s1"
  replyId: "s2"
  raftGroupId {
    id: "\375\210\024\357\262\375HY\244\207Ci\024Gb\025"
  }
  callId: 1
}
leaderTerm: 11
previousLog {
  term: 10
  index: 18
}
entries {
  term: 11
  index: 19
  configurationEntry {
    peers {
      id: "s0"
      address: "localhost:15252"
      dataStreamAddress: "localhost:15255"
      clientAddress: "localhost:15254"
      adminAddress: "localhost:15253"
      startupRole: FOLLOWER
    }
    peers {
      id: "s1"
      address: "localhost:15256"
      dataStreamAddress: "localhost:15259"
      clientAddress: "localhost:15258"
      adminAddress: "localhost:15257"
      startupRole: FOLLOWER
    }
    peers {
      id: "s2"
      address: "localhost:15260"
      dataStreamAddress: "localhost:15263"
      clientAddress: "localhost:15262"
      adminAddress: "localhost:15261"
      startupRole: FOLLOWER
    }
  }
}
leaderCommit: 17
commitInfos {
  server {
    id: "s1"
    address: "localhost:15256"
    dataStreamAddress: "localhost:15259"
    clientAddress: "localhost:15258"
    adminAddress: "localhost:15257"
    startupRole: FOLLOWER
  }
  commitIndex: 17
}
commitInfos {
  server {
    id: "s0"
    address: "localhost:15252"
    dataStreamAddress: "localhost:15255"
    clientAddress: "localhost:15254"
    adminAddress: "localhost:15253"
    startupRole: FOLLOWER
  }
  commitIndex: 17
}
commitInfos {
  server {
    id: "s2"
    address: "localhost:15260"
    dataStreamAddress: "localhost:15263"
    clientAddress: "localhost:15262"
    adminAddress: "localhost:15261"
    startupRole: FOLLOWER
  }
  commitIndex: 16
}
)
2024-10-20 10:47:48,428 [main] WARN  util.ReferenceCountedLeakDetector (ReferenceCountedLeakDetector.java:logLeakMessage(167)) - LEAK: (class org.apache.ratis.proto.RaftProtos$AppendEntriesRequestProto, count=3, value=serverRequest {
  requestorId: "s0"
  replyId: "s2"
  raftGroupId {
    id: "\375\210\024\357\262\375HY\244\207Ci\024Gb\025"
  }
  callId: 1
}
leaderTerm: 10
previousLog {
  term: 9
  index: 16
}
entries {
  term: 10
  index: 17
  configurationEntry {
    peers {
      id: "s0"
      address: "localhost:15252"
      dataStreamAddress: "localhost:15255"
      clientAddress: "localhost:15254"
      adminAddress: "localhost:15253"
      startupRole: FOLLOWER
    }
    peers {
      id: "s1"
      address: "localhost:15256"
      dataStreamAddress: "localhost:15259"
      clientAddress: "localhost:15258"
      adminAddress: "localhost:15257"
      startupRole: FOLLOWER
    }
    peers {
      id: "s2"
      address: "localhost:15260"
      dataStreamAddress: "localhost:15263"
      clientAddress: "localhost:15262"
      adminAddress: "localhost:15261"
      startupRole: FOLLOWER
    }
  }
}
leaderCommit: 16
commitInfos {
  server {
    id: "s0"
    address: "localhost:15252"
    dataStreamAddress: "localhost:15255"
    clientAddress: "localhost:15254"
    adminAddress: "localhost:15253"
    startupRole: FOLLOWER
  }
  commitIndex: 16
}
commitInfos {
  server {
    id: "s1"
    address: "localhost:15256"
    dataStreamAddress: "localhost:15259"
    clientAddress: "localhost:15258"
    adminAddress: "localhost:15257"
    startupRole: FOLLOWER
  }
  commitIndex: 16
}
commitInfos {
  server {
    id: "s2"
    address: "localhost:15260"
    dataStreamAddress: "localhost:15263"
    clientAddress: "localhost:15262"
    adminAddress: "localhost:15261"
    startupRole: FOLLOWER
  }
  commitIndex: 16
}
)
2024-10-20 10:47:48,428 [main] WARN  util.ReferenceCountedLeakDetector (ReferenceCountedLeakDetector.java:logLeakMessage(167)) - LEAK: (class org.apache.ratis.proto.RaftProtos$AppendEntriesRequestProto, count=2, value=serverRequest {
  requestorId: "s1"
  replyId: "s2"
  raftGroupId {
    id: "\375\210\024\357\262\375HY\244\207Ci\024Gb\025"
  }
  callId: 8
}
leaderTerm: 9
previousLog {
  term: 9
  index: 16
}
leaderCommit: 16
commitInfos {
  server {
    id: "s1"
    address: "localhost:15256"
    dataStreamAddress: "localhost:15259"
    clientAddress: "localhost:15258"
    adminAddress: "localhost:15257"
    startupRole: FOLLOWER
  }
  commitIndex: 16
}
commitInfos {
  server {
    id: "s0"
    address: "localhost:15252"
    dataStreamAddress: "localhost:15255"
    clientAddress: "localhost:15254"
    adminAddress: "localhost:15253"
    startupRole: FOLLOWER
  }
  commitIndex: 16
}
commitInfos {
  server {
    id: "s2"
    address: "localhost:15260"
    dataStreamAddress: "localhost:15263"
    clientAddress: "localhost:15262"
    adminAddress: "localhost:15261"
    startupRole: FOLLOWER
  }
  commitIndex: 16
}
)
2024-10-20 10:47:48,428 [main] WARN  util.ReferenceCountedLeakDetector (ReferenceCountedLeakDetector.java:logLeakMessage(167)) - LEAK: (class org.apache.ratis.proto.RaftProtos$AppendEntriesRequestProto, count=2, value=serverRequest {
  requestorId: "s1"
  replyId: "s2"
  raftGroupId {
    id: "\375\210\024\357\262\375HY\244\207Ci\024Gb\025"
  }
}
leaderTerm: 11
previousLog {
  term: 10
  index: 18
}
leaderCommit: 17
commitInfos {
  server {
    id: "s1"
    address: "localhost:15256"
    dataStreamAddress: "localhost:15259"
    clientAddress: "localhost:15258"
    adminAddress: "localhost:15257"
    startupRole: FOLLOWER
  }
  commitIndex: 17
}
commitInfos {
  server {
    id: "s0"
    address: "localhost:15252"
    dataStreamAddress: "localhost:15255"
    clientAddress: "localhost:15254"
    adminAddress: "localhost:15253"
    startupRole: FOLLOWER
  }
  commitIndex: 17
}
commitInfos {
  server {
    id: "s2"
    address: "localhost:15260"
    dataStreamAddress: "localhost:15263"
    clientAddress: "localhost:15262"
    adminAddress: "localhost:15261"
    startupRole: FOLLOWER
  }
  commitIndex: 16
}
)
2024-10-20 10:47:48,428 [main] WARN  util.LeakDetector (LeakDetector.java:assertNoLeaks(171)) - 6/30) numLeaks == 5 > 0, will wait and retry ...
2024-10-20 10:47:49,428 [main] WARN  util.ReferenceCountedLeakDetector (ReferenceCountedLeakDetector.java:logLeakMessage(167)) - LEAK: (class org.apache.ratis.proto.RaftProtos$AppendEntriesRequestProto, count=2, value=serverRequest {
  requestorId: "s0"
  replyId: "s2"
  raftGroupId {
    id: "\375\210\024\357\262\375HY\244\207Ci\024Gb\025"
  }
}
leaderTerm: 10
previousLog {
  term: 9
  index: 16
}
leaderCommit: 16
commitInfos {
  server {
    id: "s0"
    address: "localhost:15252"
    dataStreamAddress: "localhost:15255"
    clientAddress: "localhost:15254"
    adminAddress: "localhost:15253"
    startupRole: FOLLOWER
  }
  commitIndex: 16
}
commitInfos {
  server {
    id: "s1"
    address: "localhost:15256"
    dataStreamAddress: "localhost:15259"
    clientAddress: "localhost:15258"
    adminAddress: "localhost:15257"
    startupRole: FOLLOWER
  }
  commitIndex: 16
}
commitInfos {
  server {
    id: "s2"
    address: "localhost:15260"
    dataStreamAddress: "localhost:15263"
    clientAddress: "localhost:15262"
    adminAddress: "localhost:15261"
    startupRole: FOLLOWER
  }
  commitIndex: 16
}
)
2024-10-20 10:47:49,429 [main] WARN  util.ReferenceCountedLeakDetector (ReferenceCountedLeakDetector.java:logLeakMessage(167)) - LEAK: (class org.apache.ratis.proto.RaftProtos$AppendEntriesRequestProto, count=3, value=serverRequest {
  requestorId: "s1"
  replyId: "s2"
  raftGroupId {
    id: "\375\210\024\357\262\375HY\244\207Ci\024Gb\025"
  }
  callId: 1
}
leaderTerm: 11
previousLog {
  term: 10
  index: 18
}
entries {
  term: 11
  index: 19
  configurationEntry {
    peers {
      id: "s0"
      address: "localhost:15252"
      dataStreamAddress: "localhost:15255"
      clientAddress: "localhost:15254"
      adminAddress: "localhost:15253"
      startupRole: FOLLOWER
    }
    peers {
      id: "s1"
      address: "localhost:15256"
      dataStreamAddress: "localhost:15259"
      clientAddress: "localhost:15258"
      adminAddress: "localhost:15257"
      startupRole: FOLLOWER
    }
    peers {
      id: "s2"
      address: "localhost:15260"
      dataStreamAddress: "localhost:15263"
      clientAddress: "localhost:15262"
      adminAddress: "localhost:15261"
      startupRole: FOLLOWER
    }
  }
}
leaderCommit: 17
commitInfos {
  server {
    id: "s1"
    address: "localhost:15256"
    dataStreamAddress: "localhost:15259"
    clientAddress: "localhost:15258"
    adminAddress: "localhost:15257"
    startupRole: FOLLOWER
  }
  commitIndex: 17
}
commitInfos {
  server {
    id: "s0"
    address: "localhost:15252"
    dataStreamAddress: "localhost:15255"
    clientAddress: "localhost:15254"
    adminAddress: "localhost:15253"
    startupRole: FOLLOWER
  }
  commitIndex: 17
}
commitInfos {
  server {
    id: "s2"
    address: "localhost:15260"
    dataStreamAddress: "localhost:15263"
    clientAddress: "localhost:15262"
    adminAddress: "localhost:15261"
    startupRole: FOLLOWER
  }
  commitIndex: 16
}
)
2024-10-20 10:47:49,429 [main] WARN  util.ReferenceCountedLeakDetector (ReferenceCountedLeakDetector.java:logLeakMessage(167)) - LEAK: (class org.apache.ratis.proto.RaftProtos$AppendEntriesRequestProto, count=3, value=serverRequest {
  requestorId: "s0"
  replyId: "s2"
  raftGroupId {
    id: "\375\210\024\357\262\375HY\244\207Ci\024Gb\025"
  }
  callId: 1
}
leaderTerm: 10
previousLog {
  term: 9
  index: 16
}
entries {
  term: 10
  index: 17
  configurationEntry {
    peers {
      id: "s0"
      address: "localhost:15252"
      dataStreamAddress: "localhost:15255"
      clientAddress: "localhost:15254"
      adminAddress: "localhost:15253"
      startupRole: FOLLOWER
    }
    peers {
      id: "s1"
      address: "localhost:15256"
      dataStreamAddress: "localhost:15259"
      clientAddress: "localhost:15258"
      adminAddress: "localhost:15257"
      startupRole: FOLLOWER
    }
    peers {
      id: "s2"
      address: "localhost:15260"
      dataStreamAddress: "localhost:15263"
      clientAddress: "localhost:15262"
      adminAddress: "localhost:15261"
      startupRole: FOLLOWER
    }
  }
}
leaderCommit: 16
commitInfos {
  server {
    id: "s0"
    address: "localhost:15252"
    dataStreamAddress: "localhost:15255"
    clientAddress: "localhost:15254"
    adminAddress: "localhost:15253"
    startupRole: FOLLOWER
  }
  commitIndex: 16
}
commitInfos {
  server {
    id: "s1"
    address: "localhost:15256"
    dataStreamAddress: "localhost:15259"
    clientAddress: "localhost:15258"
    adminAddress: "localhost:15257"
    startupRole: FOLLOWER
  }
  commitIndex: 16
}
commitInfos {
  server {
    id: "s2"
    address: "localhost:15260"
    dataStreamAddress: "localhost:15263"
    clientAddress: "localhost:15262"
    adminAddress: "localhost:15261"
    startupRole: FOLLOWER
  }
  commitIndex: 16
}
)
2024-10-20 10:47:49,429 [main] WARN  util.ReferenceCountedLeakDetector (ReferenceCountedLeakDetector.java:logLeakMessage(167)) - LEAK: (class org.apache.ratis.proto.RaftProtos$AppendEntriesRequestProto, count=2, value=serverRequest {
  requestorId: "s1"
  replyId: "s2"
  raftGroupId {
    id: "\375\210\024\357\262\375HY\244\207Ci\024Gb\025"
  }
  callId: 8
}
leaderTerm: 9
previousLog {
  term: 9
  index: 16
}
leaderCommit: 16
commitInfos {
  server {
    id: "s1"
    address: "localhost:15256"
    dataStreamAddress: "localhost:15259"
    clientAddress: "localhost:15258"
    adminAddress: "localhost:15257"
    startupRole: FOLLOWER
  }
  commitIndex: 16
}
commitInfos {
  server {
    id: "s0"
    address: "localhost:15252"
    dataStreamAddress: "localhost:15255"
    clientAddress: "localhost:15254"
    adminAddress: "localhost:15253"
    startupRole: FOLLOWER
  }
  commitIndex: 16
}
commitInfos {
  server {
    id: "s2"
    address: "localhost:15260"
    dataStreamAddress: "localhost:15263"
    clientAddress: "localhost:15262"
    adminAddress: "localhost:15261"
    startupRole: FOLLOWER
  }
  commitIndex: 16
}
)
2024-10-20 10:47:49,429 [main] WARN  util.ReferenceCountedLeakDetector (ReferenceCountedLeakDetector.java:logLeakMessage(167)) - LEAK: (class org.apache.ratis.proto.RaftProtos$AppendEntriesRequestProto, count=2, value=serverRequest {
  requestorId: "s1"
  replyId: "s2"
  raftGroupId {
    id: "\375\210\024\357\262\375HY\244\207Ci\024Gb\025"
  }
}
leaderTerm: 11
previousLog {
  term: 10
  index: 18
}
leaderCommit: 17
commitInfos {
  server {
    id: "s1"
    address: "localhost:15256"
    dataStreamAddress: "localhost:15259"
    clientAddress: "localhost:15258"
    adminAddress: "localhost:15257"
    startupRole: FOLLOWER
  }
  commitIndex: 17
}
commitInfos {
  server {
    id: "s0"
    address: "localhost:15252"
    dataStreamAddress: "localhost:15255"
    clientAddress: "localhost:15254"
    adminAddress: "localhost:15253"
    startupRole: FOLLOWER
  }
  commitIndex: 17
}
commitInfos {
  server {
    id: "s2"
    address: "localhost:15260"
    dataStreamAddress: "localhost:15263"
    clientAddress: "localhost:15262"
    adminAddress: "localhost:15261"
    startupRole: FOLLOWER
  }
  commitIndex: 16
}
)
2024-10-20 10:47:49,429 [main] WARN  util.LeakDetector (LeakDetector.java:assertNoLeaks(171)) - 7/30) numLeaks == 5 > 0, will wait and retry ...
2024-10-20 10:47:50,429 [main] WARN  util.ReferenceCountedLeakDetector (ReferenceCountedLeakDetector.java:logLeakMessage(167)) - LEAK: (class org.apache.ratis.proto.RaftProtos$AppendEntriesRequestProto, count=2, value=serverRequest {
  requestorId: "s0"
  replyId: "s2"
  raftGroupId {
    id: "\375\210\024\357\262\375HY\244\207Ci\024Gb\025"
  }
}
leaderTerm: 10
previousLog {
  term: 9
  index: 16
}
leaderCommit: 16
commitInfos {
  server {
    id: "s0"
    address: "localhost:15252"
    dataStreamAddress: "localhost:15255"
    clientAddress: "localhost:15254"
    adminAddress: "localhost:15253"
    startupRole: FOLLOWER
  }
  commitIndex: 16
}
commitInfos {
  server {
    id: "s1"
    address: "localhost:15256"
    dataStreamAddress: "localhost:15259"
    clientAddress: "localhost:15258"
    adminAddress: "localhost:15257"
    startupRole: FOLLOWER
  }
  commitIndex: 16
}
commitInfos {
  server {
    id: "s2"
    address: "localhost:15260"
    dataStreamAddress: "localhost:15263"
    clientAddress: "localhost:15262"
    adminAddress: "localhost:15261"
    startupRole: FOLLOWER
  }
  commitIndex: 16
}
)
2024-10-20 10:47:50,430 [main] WARN  util.ReferenceCountedLeakDetector (ReferenceCountedLeakDetector.java:logLeakMessage(167)) - LEAK: (class org.apache.ratis.proto.RaftProtos$AppendEntriesRequestProto, count=3, value=serverRequest {
  requestorId: "s1"
  replyId: "s2"
  raftGroupId {
    id: "\375\210\024\357\262\375HY\244\207Ci\024Gb\025"
  }
  callId: 1
}
leaderTerm: 11
previousLog {
  term: 10
  index: 18
}
entries {
  term: 11
  index: 19
  configurationEntry {
    peers {
      id: "s0"
      address: "localhost:15252"
      dataStreamAddress: "localhost:15255"
      clientAddress: "localhost:15254"
      adminAddress: "localhost:15253"
      startupRole: FOLLOWER
    }
    peers {
      id: "s1"
      address: "localhost:15256"
      dataStreamAddress: "localhost:15259"
      clientAddress: "localhost:15258"
      adminAddress: "localhost:15257"
      startupRole: FOLLOWER
    }
    peers {
      id: "s2"
      address: "localhost:15260"
      dataStreamAddress: "localhost:15263"
      clientAddress: "localhost:15262"
      adminAddress: "localhost:15261"
      startupRole: FOLLOWER
    }
  }
}
leaderCommit: 17
commitInfos {
  server {
    id: "s1"
    address: "localhost:15256"
    dataStreamAddress: "localhost:15259"
    clientAddress: "localhost:15258"
    adminAddress: "localhost:15257"
    startupRole: FOLLOWER
  }
  commitIndex: 17
}
commitInfos {
  server {
    id: "s0"
    address: "localhost:15252"
    dataStreamAddress: "localhost:15255"
    clientAddress: "localhost:15254"
    adminAddress: "localhost:15253"
    startupRole: FOLLOWER
  }
  commitIndex: 17
}
commitInfos {
  server {
    id: "s2"
    address: "localhost:15260"
    dataStreamAddress: "localhost:15263"
    clientAddress: "localhost:15262"
    adminAddress: "localhost:15261"
    startupRole: FOLLOWER
  }
  commitIndex: 16
}
)
2024-10-20 10:47:50,430 [main] WARN  util.ReferenceCountedLeakDetector (ReferenceCountedLeakDetector.java:logLeakMessage(167)) - LEAK: (class org.apache.ratis.proto.RaftProtos$AppendEntriesRequestProto, count=3, value=serverRequest {
  requestorId: "s0"
  replyId: "s2"
  raftGroupId {
    id: "\375\210\024\357\262\375HY\244\207Ci\024Gb\025"
  }
  callId: 1
}
leaderTerm: 10
previousLog {
  term: 9
  index: 16
}
entries {
  term: 10
  index: 17
  configurationEntry {
    peers {
      id: "s0"
      address: "localhost:15252"
      dataStreamAddress: "localhost:15255"
      clientAddress: "localhost:15254"
      adminAddress: "localhost:15253"
      startupRole: FOLLOWER
    }
    peers {
      id: "s1"
      address: "localhost:15256"
      dataStreamAddress: "localhost:15259"
      clientAddress: "localhost:15258"
      adminAddress: "localhost:15257"
      startupRole: FOLLOWER
    }
    peers {
      id: "s2"
      address: "localhost:15260"
      dataStreamAddress: "localhost:15263"
      clientAddress: "localhost:15262"
      adminAddress: "localhost:15261"
      startupRole: FOLLOWER
    }
  }
}
leaderCommit: 16
commitInfos {
  server {
    id: "s0"
    address: "localhost:15252"
    dataStreamAddress: "localhost:15255"
    clientAddress: "localhost:15254"
    adminAddress: "localhost:15253"
    startupRole: FOLLOWER
  }
  commitIndex: 16
}
commitInfos {
  server {
    id: "s1"
    address: "localhost:15256"
    dataStreamAddress: "localhost:15259"
    clientAddress: "localhost:15258"
    adminAddress: "localhost:15257"
    startupRole: FOLLOWER
  }
  commitIndex: 16
}
commitInfos {
  server {
    id: "s2"
    address: "localhost:15260"
    dataStreamAddress: "localhost:15263"
    clientAddress: "localhost:15262"
    adminAddress: "localhost:15261"
    startupRole: FOLLOWER
  }
  commitIndex: 16
}
)
2024-10-20 10:47:50,430 [main] WARN  util.ReferenceCountedLeakDetector (ReferenceCountedLeakDetector.java:logLeakMessage(167)) - LEAK: (class org.apache.ratis.proto.RaftProtos$AppendEntriesRequestProto, count=2, value=serverRequest {
  requestorId: "s1"
  replyId: "s2"
  raftGroupId {
    id: "\375\210\024\357\262\375HY\244\207Ci\024Gb\025"
  }
  callId: 8
}
leaderTerm: 9
previousLog {
  term: 9
  index: 16
}
leaderCommit: 16
commitInfos {
  server {
    id: "s1"
    address: "localhost:15256"
    dataStreamAddress: "localhost:15259"
    clientAddress: "localhost:15258"
    adminAddress: "localhost:15257"
    startupRole: FOLLOWER
  }
  commitIndex: 16
}
commitInfos {
  server {
    id: "s0"
    address: "localhost:15252"
    dataStreamAddress: "localhost:15255"
    clientAddress: "localhost:15254"
    adminAddress: "localhost:15253"
    startupRole: FOLLOWER
  }
  commitIndex: 16
}
commitInfos {
  server {
    id: "s2"
    address: "localhost:15260"
    dataStreamAddress: "localhost:15263"
    clientAddress: "localhost:15262"
    adminAddress: "localhost:15261"
    startupRole: FOLLOWER
  }
  commitIndex: 16
}
)
2024-10-20 10:47:50,430 [main] WARN  util.ReferenceCountedLeakDetector (ReferenceCountedLeakDetector.java:logLeakMessage(167)) - LEAK: (class org.apache.ratis.proto.RaftProtos$AppendEntriesRequestProto, count=2, value=serverRequest {
  requestorId: "s1"
  replyId: "s2"
  raftGroupId {
    id: "\375\210\024\357\262\375HY\244\207Ci\024Gb\025"
  }
}
leaderTerm: 11
previousLog {
  term: 10
  index: 18
}
leaderCommit: 17
commitInfos {
  server {
    id: "s1"
    address: "localhost:15256"
    dataStreamAddress: "localhost:15259"
    clientAddress: "localhost:15258"
    adminAddress: "localhost:15257"
    startupRole: FOLLOWER
  }
  commitIndex: 17
}
commitInfos {
  server {
    id: "s0"
    address: "localhost:15252"
    dataStreamAddress: "localhost:15255"
    clientAddress: "localhost:15254"
    adminAddress: "localhost:15253"
    startupRole: FOLLOWER
  }
  commitIndex: 17
}
commitInfos {
  server {
    id: "s2"
    address: "localhost:15260"
    dataStreamAddress: "localhost:15263"
    clientAddress: "localhost:15262"
    adminAddress: "localhost:15261"
    startupRole: FOLLOWER
  }
  commitIndex: 16
}
)
2024-10-20 10:47:50,430 [main] WARN  util.LeakDetector (LeakDetector.java:assertNoLeaks(171)) - 8/30) numLeaks == 5 > 0, will wait and retry ...
2024-10-20 10:47:51,430 [main] WARN  util.ReferenceCountedLeakDetector (ReferenceCountedLeakDetector.java:logLeakMessage(167)) - LEAK: (class org.apache.ratis.proto.RaftProtos$AppendEntriesRequestProto, count=2, value=serverRequest {
  requestorId: "s0"
  replyId: "s2"
  raftGroupId {
    id: "\375\210\024\357\262\375HY\244\207Ci\024Gb\025"
  }
}
leaderTerm: 10
previousLog {
  term: 9
  index: 16
}
leaderCommit: 16
commitInfos {
  server {
    id: "s0"
    address: "localhost:15252"
    dataStreamAddress: "localhost:15255"
    clientAddress: "localhost:15254"
    adminAddress: "localhost:15253"
    startupRole: FOLLOWER
  }
  commitIndex: 16
}
commitInfos {
  server {
    id: "s1"
    address: "localhost:15256"
    dataStreamAddress: "localhost:15259"
    clientAddress: "localhost:15258"
    adminAddress: "localhost:15257"
    startupRole: FOLLOWER
  }
  commitIndex: 16
}
commitInfos {
  server {
    id: "s2"
    address: "localhost:15260"
    dataStreamAddress: "localhost:15263"
    clientAddress: "localhost:15262"
    adminAddress: "localhost:15261"
    startupRole: FOLLOWER
  }
  commitIndex: 16
}
)
2024-10-20 10:47:51,431 [main] WARN  util.ReferenceCountedLeakDetector (ReferenceCountedLeakDetector.java:logLeakMessage(167)) - LEAK: (class org.apache.ratis.proto.RaftProtos$AppendEntriesRequestProto, count=3, value=serverRequest {
  requestorId: "s1"
  replyId: "s2"
  raftGroupId {
    id: "\375\210\024\357\262\375HY\244\207Ci\024Gb\025"
  }
  callId: 1
}
leaderTerm: 11
previousLog {
  term: 10
  index: 18
}
entries {
  term: 11
  index: 19
  configurationEntry {
    peers {
      id: "s0"
      address: "localhost:15252"
      dataStreamAddress: "localhost:15255"
      clientAddress: "localhost:15254"
      adminAddress: "localhost:15253"
      startupRole: FOLLOWER
    }
    peers {
      id: "s1"
      address: "localhost:15256"
      dataStreamAddress: "localhost:15259"
      clientAddress: "localhost:15258"
      adminAddress: "localhost:15257"
      startupRole: FOLLOWER
    }
    peers {
      id: "s2"
      address: "localhost:15260"
      dataStreamAddress: "localhost:15263"
      clientAddress: "localhost:15262"
      adminAddress: "localhost:15261"
      startupRole: FOLLOWER
    }
  }
}
leaderCommit: 17
commitInfos {
  server {
    id: "s1"
    address: "localhost:15256"
    dataStreamAddress: "localhost:15259"
    clientAddress: "localhost:15258"
    adminAddress: "localhost:15257"
    startupRole: FOLLOWER
  }
  commitIndex: 17
}
commitInfos {
  server {
    id: "s0"
    address: "localhost:15252"
    dataStreamAddress: "localhost:15255"
    clientAddress: "localhost:15254"
    adminAddress: "localhost:15253"
    startupRole: FOLLOWER
  }
  commitIndex: 17
}
commitInfos {
  server {
    id: "s2"
    address: "localhost:15260"
    dataStreamAddress: "localhost:15263"
    clientAddress: "localhost:15262"
    adminAddress: "localhost:15261"
    startupRole: FOLLOWER
  }
  commitIndex: 16
}
)
2024-10-20 10:47:51,431 [main] WARN  util.ReferenceCountedLeakDetector (ReferenceCountedLeakDetector.java:logLeakMessage(167)) - LEAK: (class org.apache.ratis.proto.RaftProtos$AppendEntriesRequestProto, count=3, value=serverRequest {
  requestorId: "s0"
  replyId: "s2"
  raftGroupId {
    id: "\375\210\024\357\262\375HY\244\207Ci\024Gb\025"
  }
  callId: 1
}
leaderTerm: 10
previousLog {
  term: 9
  index: 16
}
entries {
  term: 10
  index: 17
  configurationEntry {
    peers {
      id: "s0"
      address: "localhost:15252"
      dataStreamAddress: "localhost:15255"
      clientAddress: "localhost:15254"
      adminAddress: "localhost:15253"
      startupRole: FOLLOWER
    }
    peers {
      id: "s1"
      address: "localhost:15256"
      dataStreamAddress: "localhost:15259"
      clientAddress: "localhost:15258"
      adminAddress: "localhost:15257"
      startupRole: FOLLOWER
    }
    peers {
      id: "s2"
      address: "localhost:15260"
      dataStreamAddress: "localhost:15263"
      clientAddress: "localhost:15262"
      adminAddress: "localhost:15261"
      startupRole: FOLLOWER
    }
  }
}
leaderCommit: 16
commitInfos {
  server {
    id: "s0"
    address: "localhost:15252"
    dataStreamAddress: "localhost:15255"
    clientAddress: "localhost:15254"
    adminAddress: "localhost:15253"
    startupRole: FOLLOWER
  }
  commitIndex: 16
}
commitInfos {
  server {
    id: "s1"
    address: "localhost:15256"
    dataStreamAddress: "localhost:15259"
    clientAddress: "localhost:15258"
    adminAddress: "localhost:15257"
    startupRole: FOLLOWER
  }
  commitIndex: 16
}
commitInfos {
  server {
    id: "s2"
    address: "localhost:15260"
    dataStreamAddress: "localhost:15263"
    clientAddress: "localhost:15262"
    adminAddress: "localhost:15261"
    startupRole: FOLLOWER
  }
  commitIndex: 16
}
)
2024-10-20 10:47:51,431 [main] WARN  util.ReferenceCountedLeakDetector (ReferenceCountedLeakDetector.java:logLeakMessage(167)) - LEAK: (class org.apache.ratis.proto.RaftProtos$AppendEntriesRequestProto, count=2, value=serverRequest {
  requestorId: "s1"
  replyId: "s2"
  raftGroupId {
    id: "\375\210\024\357\262\375HY\244\207Ci\024Gb\025"
  }
  callId: 8
}
leaderTerm: 9
previousLog {
  term: 9
  index: 16
}
leaderCommit: 16
commitInfos {
  server {
    id: "s1"
    address: "localhost:15256"
    dataStreamAddress: "localhost:15259"
    clientAddress: "localhost:15258"
    adminAddress: "localhost:15257"
    startupRole: FOLLOWER
  }
  commitIndex: 16
}
commitInfos {
  server {
    id: "s0"
    address: "localhost:15252"
    dataStreamAddress: "localhost:15255"
    clientAddress: "localhost:15254"
    adminAddress: "localhost:15253"
    startupRole: FOLLOWER
  }
  commitIndex: 16
}
commitInfos {
  server {
    id: "s2"
    address: "localhost:15260"
    dataStreamAddress: "localhost:15263"
    clientAddress: "localhost:15262"
    adminAddress: "localhost:15261"
    startupRole: FOLLOWER
  }
  commitIndex: 16
}
)
2024-10-20 10:47:51,431 [main] WARN  util.ReferenceCountedLeakDetector (ReferenceCountedLeakDetector.java:logLeakMessage(167)) - LEAK: (class org.apache.ratis.proto.RaftProtos$AppendEntriesRequestProto, count=2, value=serverRequest {
  requestorId: "s1"
  replyId: "s2"
  raftGroupId {
    id: "\375\210\024\357\262\375HY\244\207Ci\024Gb\025"
  }
}
leaderTerm: 11
previousLog {
  term: 10
  index: 18
}
leaderCommit: 17
commitInfos {
  server {
    id: "s1"
    address: "localhost:15256"
    dataStreamAddress: "localhost:15259"
    clientAddress: "localhost:15258"
    adminAddress: "localhost:15257"
    startupRole: FOLLOWER
  }
  commitIndex: 17
}
commitInfos {
  server {
    id: "s0"
    address: "localhost:15252"
    dataStreamAddress: "localhost:15255"
    clientAddress: "localhost:15254"
    adminAddress: "localhost:15253"
    startupRole: FOLLOWER
  }
  commitIndex: 17
}
commitInfos {
  server {
    id: "s2"
    address: "localhost:15260"
    dataStreamAddress: "localhost:15263"
    clientAddress: "localhost:15262"
    adminAddress: "localhost:15261"
    startupRole: FOLLOWER
  }
  commitIndex: 16
}
)
2024-10-20 10:47:51,431 [main] WARN  util.LeakDetector (LeakDetector.java:assertNoLeaks(171)) - 9/30) numLeaks == 5 > 0, will wait and retry ...
2024-10-20 10:47:52,432 [main] WARN  util.ReferenceCountedLeakDetector (ReferenceCountedLeakDetector.java:logLeakMessage(167)) - LEAK: (class org.apache.ratis.proto.RaftProtos$AppendEntriesRequestProto, count=2, value=serverRequest {
  requestorId: "s0"
  replyId: "s2"
  raftGroupId {
    id: "\375\210\024\357\262\375HY\244\207Ci\024Gb\025"
  }
}
leaderTerm: 10
previousLog {
  term: 9
  index: 16
}
leaderCommit: 16
commitInfos {
  server {
    id: "s0"
    address: "localhost:15252"
    dataStreamAddress: "localhost:15255"
    clientAddress: "localhost:15254"
    adminAddress: "localhost:15253"
    startupRole: FOLLOWER
  }
  commitIndex: 16
}
commitInfos {
  server {
    id: "s1"
    address: "localhost:15256"
    dataStreamAddress: "localhost:15259"
    clientAddress: "localhost:15258"
    adminAddress: "localhost:15257"
    startupRole: FOLLOWER
  }
  commitIndex: 16
}
commitInfos {
  server {
    id: "s2"
    address: "localhost:15260"
    dataStreamAddress: "localhost:15263"
    clientAddress: "localhost:15262"
    adminAddress: "localhost:15261"
    startupRole: FOLLOWER
  }
  commitIndex: 16
}
)
2024-10-20 10:47:52,432 [main] WARN  util.ReferenceCountedLeakDetector (ReferenceCountedLeakDetector.java:logLeakMessage(167)) - LEAK: (class org.apache.ratis.proto.RaftProtos$AppendEntriesRequestProto, count=3, value=serverRequest {
  requestorId: "s1"
  replyId: "s2"
  raftGroupId {
    id: "\375\210\024\357\262\375HY\244\207Ci\024Gb\025"
  }
  callId: 1
}
leaderTerm: 11
previousLog {
  term: 10
  index: 18
}
entries {
  term: 11
  index: 19
  configurationEntry {
    peers {
      id: "s0"
      address: "localhost:15252"
      dataStreamAddress: "localhost:15255"
      clientAddress: "localhost:15254"
      adminAddress: "localhost:15253"
      startupRole: FOLLOWER
    }
    peers {
      id: "s1"
      address: "localhost:15256"
      dataStreamAddress: "localhost:15259"
      clientAddress: "localhost:15258"
      adminAddress: "localhost:15257"
      startupRole: FOLLOWER
    }
    peers {
      id: "s2"
      address: "localhost:15260"
      dataStreamAddress: "localhost:15263"
      clientAddress: "localhost:15262"
      adminAddress: "localhost:15261"
      startupRole: FOLLOWER
    }
  }
}
leaderCommit: 17
commitInfos {
  server {
    id: "s1"
    address: "localhost:15256"
    dataStreamAddress: "localhost:15259"
    clientAddress: "localhost:15258"
    adminAddress: "localhost:15257"
    startupRole: FOLLOWER
  }
  commitIndex: 17
}
commitInfos {
  server {
    id: "s0"
    address: "localhost:15252"
    dataStreamAddress: "localhost:15255"
    clientAddress: "localhost:15254"
    adminAddress: "localhost:15253"
    startupRole: FOLLOWER
  }
  commitIndex: 17
}
commitInfos {
  server {
    id: "s2"
    address: "localhost:15260"
    dataStreamAddress: "localhost:15263"
    clientAddress: "localhost:15262"
    adminAddress: "localhost:15261"
    startupRole: FOLLOWER
  }
  commitIndex: 16
}
)
2024-10-20 10:47:52,432 [main] WARN  util.ReferenceCountedLeakDetector (ReferenceCountedLeakDetector.java:logLeakMessage(167)) - LEAK: (class org.apache.ratis.proto.RaftProtos$AppendEntriesRequestProto, count=3, value=serverRequest {
  requestorId: "s0"
  replyId: "s2"
  raftGroupId {
    id: "\375\210\024\357\262\375HY\244\207Ci\024Gb\025"
  }
  callId: 1
}
leaderTerm: 10
previousLog {
  term: 9
  index: 16
}
entries {
  term: 10
  index: 17
  configurationEntry {
    peers {
      id: "s0"
      address: "localhost:15252"
      dataStreamAddress: "localhost:15255"
      clientAddress: "localhost:15254"
      adminAddress: "localhost:15253"
      startupRole: FOLLOWER
    }
    peers {
      id: "s1"
      address: "localhost:15256"
      dataStreamAddress: "localhost:15259"
      clientAddress: "localhost:15258"
      adminAddress: "localhost:15257"
      startupRole: FOLLOWER
    }
    peers {
      id: "s2"
      address: "localhost:15260"
      dataStreamAddress: "localhost:15263"
      clientAddress: "localhost:15262"
      adminAddress: "localhost:15261"
      startupRole: FOLLOWER
    }
  }
}
leaderCommit: 16
commitInfos {
  server {
    id: "s0"
    address: "localhost:15252"
    dataStreamAddress: "localhost:15255"
    clientAddress: "localhost:15254"
    adminAddress: "localhost:15253"
    startupRole: FOLLOWER
  }
  commitIndex: 16
}
commitInfos {
  server {
    id: "s1"
    address: "localhost:15256"
    dataStreamAddress: "localhost:15259"
    clientAddress: "localhost:15258"
    adminAddress: "localhost:15257"
    startupRole: FOLLOWER
  }
  commitIndex: 16
}
commitInfos {
  server {
    id: "s2"
    address: "localhost:15260"
    dataStreamAddress: "localhost:15263"
    clientAddress: "localhost:15262"
    adminAddress: "localhost:15261"
    startupRole: FOLLOWER
  }
  commitIndex: 16
}
)
2024-10-20 10:47:52,432 [main] WARN  util.ReferenceCountedLeakDetector (ReferenceCountedLeakDetector.java:logLeakMessage(167)) - LEAK: (class org.apache.ratis.proto.RaftProtos$AppendEntriesRequestProto, count=2, value=serverRequest {
  requestorId: "s1"
  replyId: "s2"
  raftGroupId {
    id: "\375\210\024\357\262\375HY\244\207Ci\024Gb\025"
  }
  callId: 8
}
leaderTerm: 9
previousLog {
  term: 9
  index: 16
}
leaderCommit: 16
commitInfos {
  server {
    id: "s1"
    address: "localhost:15256"
    dataStreamAddress: "localhost:15259"
    clientAddress: "localhost:15258"
    adminAddress: "localhost:15257"
    startupRole: FOLLOWER
  }
  commitIndex: 16
}
commitInfos {
  server {
    id: "s0"
    address: "localhost:15252"
    dataStreamAddress: "localhost:15255"
    clientAddress: "localhost:15254"
    adminAddress: "localhost:15253"
    startupRole: FOLLOWER
  }
  commitIndex: 16
}
commitInfos {
  server {
    id: "s2"
    address: "localhost:15260"
    dataStreamAddress: "localhost:15263"
    clientAddress: "localhost:15262"
    adminAddress: "localhost:15261"
    startupRole: FOLLOWER
  }
  commitIndex: 16
}
)
2024-10-20 10:47:52,432 [main] WARN  util.ReferenceCountedLeakDetector (ReferenceCountedLeakDetector.java:logLeakMessage(167)) - LEAK: (class org.apache.ratis.proto.RaftProtos$AppendEntriesRequestProto, count=2, value=serverRequest {
  requestorId: "s1"
  replyId: "s2"
  raftGroupId {
    id: "\375\210\024\357\262\375HY\244\207Ci\024Gb\025"
  }
}
leaderTerm: 11
previousLog {
  term: 10
  index: 18
}
leaderCommit: 17
commitInfos {
  server {
    id: "s1"
    address: "localhost:15256"
    dataStreamAddress: "localhost:15259"
    clientAddress: "localhost:15258"
    adminAddress: "localhost:15257"
    startupRole: FOLLOWER
  }
  commitIndex: 17
}
commitInfos {
  server {
    id: "s0"
    address: "localhost:15252"
    dataStreamAddress: "localhost:15255"
    clientAddress: "localhost:15254"
    adminAddress: "localhost:15253"
    startupRole: FOLLOWER
  }
  commitIndex: 17
}
commitInfos {
  server {
    id: "s2"
    address: "localhost:15260"
    dataStreamAddress: "localhost:15263"
    clientAddress: "localhost:15262"
    adminAddress: "localhost:15261"
    startupRole: FOLLOWER
  }
  commitIndex: 16
}
)
2024-10-20 10:47:52,432 [main] WARN  util.LeakDetector (LeakDetector.java:assertNoLeaks(171)) - 10/30) numLeaks == 5 > 0, will wait and retry ...
2024-10-20 10:47:53,433 [main] WARN  util.ReferenceCountedLeakDetector (ReferenceCountedLeakDetector.java:logLeakMessage(167)) - LEAK: (class org.apache.ratis.proto.RaftProtos$AppendEntriesRequestProto, count=2, value=serverRequest {
  requestorId: "s0"
  replyId: "s2"
  raftGroupId {
    id: "\375\210\024\357\262\375HY\244\207Ci\024Gb\025"
  }
}
leaderTerm: 10
previousLog {
  term: 9
  index: 16
}
leaderCommit: 16
commitInfos {
  server {
    id: "s0"
    address: "localhost:15252"
    dataStreamAddress: "localhost:15255"
    clientAddress: "localhost:15254"
    adminAddress: "localhost:15253"
    startupRole: FOLLOWER
  }
  commitIndex: 16
}
commitInfos {
  server {
    id: "s1"
    address: "localhost:15256"
    dataStreamAddress: "localhost:15259"
    clientAddress: "localhost:15258"
    adminAddress: "localhost:15257"
    startupRole: FOLLOWER
  }
  commitIndex: 16
}
commitInfos {
  server {
    id: "s2"
    address: "localhost:15260"
    dataStreamAddress: "localhost:15263"
    clientAddress: "localhost:15262"
    adminAddress: "localhost:15261"
    startupRole: FOLLOWER
  }
  commitIndex: 16
}
)
2024-10-20 10:47:53,433 [main] WARN  util.ReferenceCountedLeakDetector (ReferenceCountedLeakDetector.java:logLeakMessage(167)) - LEAK: (class org.apache.ratis.proto.RaftProtos$AppendEntriesRequestProto, count=3, value=serverRequest {
  requestorId: "s1"
  replyId: "s2"
  raftGroupId {
    id: "\375\210\024\357\262\375HY\244\207Ci\024Gb\025"
  }
  callId: 1
}
leaderTerm: 11
previousLog {
  term: 10
  index: 18
}
entries {
  term: 11
  index: 19
  configurationEntry {
    peers {
      id: "s0"
      address: "localhost:15252"
      dataStreamAddress: "localhost:15255"
      clientAddress: "localhost:15254"
      adminAddress: "localhost:15253"
      startupRole: FOLLOWER
    }
    peers {
      id: "s1"
      address: "localhost:15256"
      dataStreamAddress: "localhost:15259"
      clientAddress: "localhost:15258"
      adminAddress: "localhost:15257"
      startupRole: FOLLOWER
    }
    peers {
      id: "s2"
      address: "localhost:15260"
      dataStreamAddress: "localhost:15263"
      clientAddress: "localhost:15262"
      adminAddress: "localhost:15261"
      startupRole: FOLLOWER
    }
  }
}
leaderCommit: 17
commitInfos {
  server {
    id: "s1"
    address: "localhost:15256"
    dataStreamAddress: "localhost:15259"
    clientAddress: "localhost:15258"
    adminAddress: "localhost:15257"
    startupRole: FOLLOWER
  }
  commitIndex: 17
}
commitInfos {
  server {
    id: "s0"
    address: "localhost:15252"
    dataStreamAddress: "localhost:15255"
    clientAddress: "localhost:15254"
    adminAddress: "localhost:15253"
    startupRole: FOLLOWER
  }
  commitIndex: 17
}
commitInfos {
  server {
    id: "s2"
    address: "localhost:15260"
    dataStreamAddress: "localhost:15263"
    clientAddress: "localhost:15262"
    adminAddress: "localhost:15261"
    startupRole: FOLLOWER
  }
  commitIndex: 16
}
)
2024-10-20 10:47:53,433 [main] WARN  util.ReferenceCountedLeakDetector (ReferenceCountedLeakDetector.java:logLeakMessage(167)) - LEAK: (class org.apache.ratis.proto.RaftProtos$AppendEntriesRequestProto, count=3, value=serverRequest {
  requestorId: "s0"
  replyId: "s2"
  raftGroupId {
    id: "\375\210\024\357\262\375HY\244\207Ci\024Gb\025"
  }
  callId: 1
}
leaderTerm: 10
previousLog {
  term: 9
  index: 16
}
entries {
  term: 10
  index: 17
  configurationEntry {
    peers {
      id: "s0"
      address: "localhost:15252"
      dataStreamAddress: "localhost:15255"
      clientAddress: "localhost:15254"
      adminAddress: "localhost:15253"
      startupRole: FOLLOWER
    }
    peers {
      id: "s1"
      address: "localhost:15256"
      dataStreamAddress: "localhost:15259"
      clientAddress: "localhost:15258"
      adminAddress: "localhost:15257"
      startupRole: FOLLOWER
    }
    peers {
      id: "s2"
      address: "localhost:15260"
      dataStreamAddress: "localhost:15263"
      clientAddress: "localhost:15262"
      adminAddress: "localhost:15261"
      startupRole: FOLLOWER
    }
  }
}
leaderCommit: 16
commitInfos {
  server {
    id: "s0"
    address: "localhost:15252"
    dataStreamAddress: "localhost:15255"
    clientAddress: "localhost:15254"
    adminAddress: "localhost:15253"
    startupRole: FOLLOWER
  }
  commitIndex: 16
}
commitInfos {
  server {
    id: "s1"
    address: "localhost:15256"
    dataStreamAddress: "localhost:15259"
    clientAddress: "localhost:15258"
    adminAddress: "localhost:15257"
    startupRole: FOLLOWER
  }
  commitIndex: 16
}
commitInfos {
  server {
    id: "s2"
    address: "localhost:15260"
    dataStreamAddress: "localhost:15263"
    clientAddress: "localhost:15262"
    adminAddress: "localhost:15261"
    startupRole: FOLLOWER
  }
  commitIndex: 16
}
)
2024-10-20 10:47:53,433 [main] WARN  util.ReferenceCountedLeakDetector (ReferenceCountedLeakDetector.java:logLeakMessage(167)) - LEAK: (class org.apache.ratis.proto.RaftProtos$AppendEntriesRequestProto, count=2, value=serverRequest {
  requestorId: "s1"
  replyId: "s2"
  raftGroupId {
    id: "\375\210\024\357\262\375HY\244\207Ci\024Gb\025"
  }
  callId: 8
}
leaderTerm: 9
previousLog {
  term: 9
  index: 16
}
leaderCommit: 16
commitInfos {
  server {
    id: "s1"
    address: "localhost:15256"
    dataStreamAddress: "localhost:15259"
    clientAddress: "localhost:15258"
    adminAddress: "localhost:15257"
    startupRole: FOLLOWER
  }
  commitIndex: 16
}
commitInfos {
  server {
    id: "s0"
    address: "localhost:15252"
    dataStreamAddress: "localhost:15255"
    clientAddress: "localhost:15254"
    adminAddress: "localhost:15253"
    startupRole: FOLLOWER
  }
  commitIndex: 16
}
commitInfos {
  server {
    id: "s2"
    address: "localhost:15260"
    dataStreamAddress: "localhost:15263"
    clientAddress: "localhost:15262"
    adminAddress: "localhost:15261"
    startupRole: FOLLOWER
  }
  commitIndex: 16
}
)
2024-10-20 10:47:53,433 [main] WARN  util.ReferenceCountedLeakDetector (ReferenceCountedLeakDetector.java:logLeakMessage(167)) - LEAK: (class org.apache.ratis.proto.RaftProtos$AppendEntriesRequestProto, count=2, value=serverRequest {
  requestorId: "s1"
  replyId: "s2"
  raftGroupId {
    id: "\375\210\024\357\262\375HY\244\207Ci\024Gb\025"
  }
}
leaderTerm: 11
previousLog {
  term: 10
  index: 18
}
leaderCommit: 17
commitInfos {
  server {
    id: "s1"
    address: "localhost:15256"
    dataStreamAddress: "localhost:15259"
    clientAddress: "localhost:15258"
    adminAddress: "localhost:15257"
    startupRole: FOLLOWER
  }
  commitIndex: 17
}
commitInfos {
  server {
    id: "s0"
    address: "localhost:15252"
    dataStreamAddress: "localhost:15255"
    clientAddress: "localhost:15254"
    adminAddress: "localhost:15253"
    startupRole: FOLLOWER
  }
  commitIndex: 17
}
commitInfos {
  server {
    id: "s2"
    address: "localhost:15260"
    dataStreamAddress: "localhost:15263"
    clientAddress: "localhost:15262"
    adminAddress: "localhost:15261"
    startupRole: FOLLOWER
  }
  commitIndex: 16
}
)
2024-10-20 10:47:53,433 [main] WARN  util.LeakDetector (LeakDetector.java:assertNoLeaks(171)) - 11/30) numLeaks == 5 > 0, will wait and retry ...
2024-10-20 10:47:54,434 [main] WARN  util.ReferenceCountedLeakDetector (ReferenceCountedLeakDetector.java:logLeakMessage(167)) - LEAK: (class org.apache.ratis.proto.RaftProtos$AppendEntriesRequestProto, count=2, value=serverRequest {
  requestorId: "s0"
  replyId: "s2"
  raftGroupId {
    id: "\375\210\024\357\262\375HY\244\207Ci\024Gb\025"
  }
}
leaderTerm: 10
previousLog {
  term: 9
  index: 16
}
leaderCommit: 16
commitInfos {
  server {
    id: "s0"
    address: "localhost:15252"
    dataStreamAddress: "localhost:15255"
    clientAddress: "localhost:15254"
    adminAddress: "localhost:15253"
    startupRole: FOLLOWER
  }
  commitIndex: 16
}
commitInfos {
  server {
    id: "s1"
    address: "localhost:15256"
    dataStreamAddress: "localhost:15259"
    clientAddress: "localhost:15258"
    adminAddress: "localhost:15257"
    startupRole: FOLLOWER
  }
  commitIndex: 16
}
commitInfos {
  server {
    id: "s2"
    address: "localhost:15260"
    dataStreamAddress: "localhost:15263"
    clientAddress: "localhost:15262"
    adminAddress: "localhost:15261"
    startupRole: FOLLOWER
  }
  commitIndex: 16
}
)
2024-10-20 10:47:54,434 [main] WARN  util.ReferenceCountedLeakDetector (ReferenceCountedLeakDetector.java:logLeakMessage(167)) - LEAK: (class org.apache.ratis.proto.RaftProtos$AppendEntriesRequestProto, count=3, value=serverRequest {
  requestorId: "s1"
  replyId: "s2"
  raftGroupId {
    id: "\375\210\024\357\262\375HY\244\207Ci\024Gb\025"
  }
  callId: 1
}
leaderTerm: 11
previousLog {
  term: 10
  index: 18
}
entries {
  term: 11
  index: 19
  configurationEntry {
    peers {
      id: "s0"
      address: "localhost:15252"
      dataStreamAddress: "localhost:15255"
      clientAddress: "localhost:15254"
      adminAddress: "localhost:15253"
      startupRole: FOLLOWER
    }
    peers {
      id: "s1"
      address: "localhost:15256"
      dataStreamAddress: "localhost:15259"
      clientAddress: "localhost:15258"
      adminAddress: "localhost:15257"
      startupRole: FOLLOWER
    }
    peers {
      id: "s2"
      address: "localhost:15260"
      dataStreamAddress: "localhost:15263"
      clientAddress: "localhost:15262"
      adminAddress: "localhost:15261"
      startupRole: FOLLOWER
    }
  }
}
leaderCommit: 17
commitInfos {
  server {
    id: "s1"
    address: "localhost:15256"
    dataStreamAddress: "localhost:15259"
    clientAddress: "localhost:15258"
    adminAddress: "localhost:15257"
    startupRole: FOLLOWER
  }
  commitIndex: 17
}
commitInfos {
  server {
    id: "s0"
    address: "localhost:15252"
    dataStreamAddress: "localhost:15255"
    clientAddress: "localhost:15254"
    adminAddress: "localhost:15253"
    startupRole: FOLLOWER
  }
  commitIndex: 17
}
commitInfos {
  server {
    id: "s2"
    address: "localhost:15260"
    dataStreamAddress: "localhost:15263"
    clientAddress: "localhost:15262"
    adminAddress: "localhost:15261"
    startupRole: FOLLOWER
  }
  commitIndex: 16
}
)
2024-10-20 10:47:54,434 [main] WARN  util.ReferenceCountedLeakDetector (ReferenceCountedLeakDetector.java:logLeakMessage(167)) - LEAK: (class org.apache.ratis.proto.RaftProtos$AppendEntriesRequestProto, count=3, value=serverRequest {
  requestorId: "s0"
  replyId: "s2"
  raftGroupId {
    id: "\375\210\024\357\262\375HY\244\207Ci\024Gb\025"
  }
  callId: 1
}
leaderTerm: 10
previousLog {
  term: 9
  index: 16
}
entries {
  term: 10
  index: 17
  configurationEntry {
    peers {
      id: "s0"
      address: "localhost:15252"
      dataStreamAddress: "localhost:15255"
      clientAddress: "localhost:15254"
      adminAddress: "localhost:15253"
      startupRole: FOLLOWER
    }
    peers {
      id: "s1"
      address: "localhost:15256"
      dataStreamAddress: "localhost:15259"
      clientAddress: "localhost:15258"
      adminAddress: "localhost:15257"
      startupRole: FOLLOWER
    }
    peers {
      id: "s2"
      address: "localhost:15260"
      dataStreamAddress: "localhost:15263"
      clientAddress: "localhost:15262"
      adminAddress: "localhost:15261"
      startupRole: FOLLOWER
    }
  }
}
leaderCommit: 16
commitInfos {
  server {
    id: "s0"
    address: "localhost:15252"
    dataStreamAddress: "localhost:15255"
    clientAddress: "localhost:15254"
    adminAddress: "localhost:15253"
    startupRole: FOLLOWER
  }
  commitIndex: 16
}
commitInfos {
  server {
    id: "s1"
    address: "localhost:15256"
    dataStreamAddress: "localhost:15259"
    clientAddress: "localhost:15258"
    adminAddress: "localhost:15257"
    startupRole: FOLLOWER
  }
  commitIndex: 16
}
commitInfos {
  server {
    id: "s2"
    address: "localhost:15260"
    dataStreamAddress: "localhost:15263"
    clientAddress: "localhost:15262"
    adminAddress: "localhost:15261"
    startupRole: FOLLOWER
  }
  commitIndex: 16
}
)
2024-10-20 10:47:54,434 [main] WARN  util.ReferenceCountedLeakDetector (ReferenceCountedLeakDetector.java:logLeakMessage(167)) - LEAK: (class org.apache.ratis.proto.RaftProtos$AppendEntriesRequestProto, count=2, value=serverRequest {
  requestorId: "s1"
  replyId: "s2"
  raftGroupId {
    id: "\375\210\024\357\262\375HY\244\207Ci\024Gb\025"
  }
  callId: 8
}
leaderTerm: 9
previousLog {
  term: 9
  index: 16
}
leaderCommit: 16
commitInfos {
  server {
    id: "s1"
    address: "localhost:15256"
    dataStreamAddress: "localhost:15259"
    clientAddress: "localhost:15258"
    adminAddress: "localhost:15257"
    startupRole: FOLLOWER
  }
  commitIndex: 16
}
commitInfos {
  server {
    id: "s0"
    address: "localhost:15252"
    dataStreamAddress: "localhost:15255"
    clientAddress: "localhost:15254"
    adminAddress: "localhost:15253"
    startupRole: FOLLOWER
  }
  commitIndex: 16
}
commitInfos {
  server {
    id: "s2"
    address: "localhost:15260"
    dataStreamAddress: "localhost:15263"
    clientAddress: "localhost:15262"
    adminAddress: "localhost:15261"
    startupRole: FOLLOWER
  }
  commitIndex: 16
}
)
2024-10-20 10:47:54,434 [main] WARN  util.ReferenceCountedLeakDetector (ReferenceCountedLeakDetector.java:logLeakMessage(167)) - LEAK: (class org.apache.ratis.proto.RaftProtos$AppendEntriesRequestProto, count=2, value=serverRequest {
  requestorId: "s1"
  replyId: "s2"
  raftGroupId {
    id: "\375\210\024\357\262\375HY\244\207Ci\024Gb\025"
  }
}
leaderTerm: 11
previousLog {
  term: 10
  index: 18
}
leaderCommit: 17
commitInfos {
  server {
    id: "s1"
    address: "localhost:15256"
    dataStreamAddress: "localhost:15259"
    clientAddress: "localhost:15258"
    adminAddress: "localhost:15257"
    startupRole: FOLLOWER
  }
  commitIndex: 17
}
commitInfos {
  server {
    id: "s0"
    address: "localhost:15252"
    dataStreamAddress: "localhost:15255"
    clientAddress: "localhost:15254"
    adminAddress: "localhost:15253"
    startupRole: FOLLOWER
  }
  commitIndex: 17
}
commitInfos {
  server {
    id: "s2"
    address: "localhost:15260"
    dataStreamAddress: "localhost:15263"
    clientAddress: "localhost:15262"
    adminAddress: "localhost:15261"
    startupRole: FOLLOWER
  }
  commitIndex: 16
}
)
2024-10-20 10:47:54,434 [main] WARN  util.LeakDetector (LeakDetector.java:assertNoLeaks(171)) - 12/30) numLeaks == 5 > 0, will wait and retry ...
2024-10-20 10:47:55,435 [main] WARN  util.ReferenceCountedLeakDetector (ReferenceCountedLeakDetector.java:logLeakMessage(167)) - LEAK: (class org.apache.ratis.proto.RaftProtos$AppendEntriesRequestProto, count=2, value=serverRequest {
  requestorId: "s0"
  replyId: "s2"
  raftGroupId {
    id: "\375\210\024\357\262\375HY\244\207Ci\024Gb\025"
  }
}
leaderTerm: 10
previousLog {
  term: 9
  index: 16
}
leaderCommit: 16
commitInfos {
  server {
    id: "s0"
    address: "localhost:15252"
    dataStreamAddress: "localhost:15255"
    clientAddress: "localhost:15254"
    adminAddress: "localhost:15253"
    startupRole: FOLLOWER
  }
  commitIndex: 16
}
commitInfos {
  server {
    id: "s1"
    address: "localhost:15256"
    dataStreamAddress: "localhost:15259"
    clientAddress: "localhost:15258"
    adminAddress: "localhost:15257"
    startupRole: FOLLOWER
  }
  commitIndex: 16
}
commitInfos {
  server {
    id: "s2"
    address: "localhost:15260"
    dataStreamAddress: "localhost:15263"
    clientAddress: "localhost:15262"
    adminAddress: "localhost:15261"
    startupRole: FOLLOWER
  }
  commitIndex: 16
}
)
2024-10-20 10:47:55,435 [main] WARN  util.ReferenceCountedLeakDetector (ReferenceCountedLeakDetector.java:logLeakMessage(167)) - LEAK: (class org.apache.ratis.proto.RaftProtos$AppendEntriesRequestProto, count=3, value=serverRequest {
  requestorId: "s1"
  replyId: "s2"
  raftGroupId {
    id: "\375\210\024\357\262\375HY\244\207Ci\024Gb\025"
  }
  callId: 1
}
leaderTerm: 11
previousLog {
  term: 10
  index: 18
}
entries {
  term: 11
  index: 19
  configurationEntry {
    peers {
      id: "s0"
      address: "localhost:15252"
      dataStreamAddress: "localhost:15255"
      clientAddress: "localhost:15254"
      adminAddress: "localhost:15253"
      startupRole: FOLLOWER
    }
    peers {
      id: "s1"
      address: "localhost:15256"
      dataStreamAddress: "localhost:15259"
      clientAddress: "localhost:15258"
      adminAddress: "localhost:15257"
      startupRole: FOLLOWER
    }
    peers {
      id: "s2"
      address: "localhost:15260"
      dataStreamAddress: "localhost:15263"
      clientAddress: "localhost:15262"
      adminAddress: "localhost:15261"
      startupRole: FOLLOWER
    }
  }
}
leaderCommit: 17
commitInfos {
  server {
    id: "s1"
    address: "localhost:15256"
    dataStreamAddress: "localhost:15259"
    clientAddress: "localhost:15258"
    adminAddress: "localhost:15257"
    startupRole: FOLLOWER
  }
  commitIndex: 17
}
commitInfos {
  server {
    id: "s0"
    address: "localhost:15252"
    dataStreamAddress: "localhost:15255"
    clientAddress: "localhost:15254"
    adminAddress: "localhost:15253"
    startupRole: FOLLOWER
  }
  commitIndex: 17
}
commitInfos {
  server {
    id: "s2"
    address: "localhost:15260"
    dataStreamAddress: "localhost:15263"
    clientAddress: "localhost:15262"
    adminAddress: "localhost:15261"
    startupRole: FOLLOWER
  }
  commitIndex: 16
}
)
2024-10-20 10:47:55,435 [main] WARN  util.ReferenceCountedLeakDetector (ReferenceCountedLeakDetector.java:logLeakMessage(167)) - LEAK: (class org.apache.ratis.proto.RaftProtos$AppendEntriesRequestProto, count=3, value=serverRequest {
  requestorId: "s0"
  replyId: "s2"
  raftGroupId {
    id: "\375\210\024\357\262\375HY\244\207Ci\024Gb\025"
  }
  callId: 1
}
leaderTerm: 10
previousLog {
  term: 9
  index: 16
}
entries {
  term: 10
  index: 17
  configurationEntry {
    peers {
      id: "s0"
      address: "localhost:15252"
      dataStreamAddress: "localhost:15255"
      clientAddress: "localhost:15254"
      adminAddress: "localhost:15253"
      startupRole: FOLLOWER
    }
    peers {
      id: "s1"
      address: "localhost:15256"
      dataStreamAddress: "localhost:15259"
      clientAddress: "localhost:15258"
      adminAddress: "localhost:15257"
      startupRole: FOLLOWER
    }
    peers {
      id: "s2"
      address: "localhost:15260"
      dataStreamAddress: "localhost:15263"
      clientAddress: "localhost:15262"
      adminAddress: "localhost:15261"
      startupRole: FOLLOWER
    }
  }
}
leaderCommit: 16
commitInfos {
  server {
    id: "s0"
    address: "localhost:15252"
    dataStreamAddress: "localhost:15255"
    clientAddress: "localhost:15254"
    adminAddress: "localhost:15253"
    startupRole: FOLLOWER
  }
  commitIndex: 16
}
commitInfos {
  server {
    id: "s1"
    address: "localhost:15256"
    dataStreamAddress: "localhost:15259"
    clientAddress: "localhost:15258"
    adminAddress: "localhost:15257"
    startupRole: FOLLOWER
  }
  commitIndex: 16
}
commitInfos {
  server {
    id: "s2"
    address: "localhost:15260"
    dataStreamAddress: "localhost:15263"
    clientAddress: "localhost:15262"
    adminAddress: "localhost:15261"
    startupRole: FOLLOWER
  }
  commitIndex: 16
}
)
2024-10-20 10:47:55,435 [main] WARN  util.ReferenceCountedLeakDetector (ReferenceCountedLeakDetector.java:logLeakMessage(167)) - LEAK: (class org.apache.ratis.proto.RaftProtos$AppendEntriesRequestProto, count=2, value=serverRequest {
  requestorId: "s1"
  replyId: "s2"
  raftGroupId {
    id: "\375\210\024\357\262\375HY\244\207Ci\024Gb\025"
  }
  callId: 8
}
leaderTerm: 9
previousLog {
  term: 9
  index: 16
}
leaderCommit: 16
commitInfos {
  server {
    id: "s1"
    address: "localhost:15256"
    dataStreamAddress: "localhost:15259"
    clientAddress: "localhost:15258"
    adminAddress: "localhost:15257"
    startupRole: FOLLOWER
  }
  commitIndex: 16
}
commitInfos {
  server {
    id: "s0"
    address: "localhost:15252"
    dataStreamAddress: "localhost:15255"
    clientAddress: "localhost:15254"
    adminAddress: "localhost:15253"
    startupRole: FOLLOWER
  }
  commitIndex: 16
}
commitInfos {
  server {
    id: "s2"
    address: "localhost:15260"
    dataStreamAddress: "localhost:15263"
    clientAddress: "localhost:15262"
    adminAddress: "localhost:15261"
    startupRole: FOLLOWER
  }
  commitIndex: 16
}
)
2024-10-20 10:47:55,435 [main] WARN  util.ReferenceCountedLeakDetector (ReferenceCountedLeakDetector.java:logLeakMessage(167)) - LEAK: (class org.apache.ratis.proto.RaftProtos$AppendEntriesRequestProto, count=2, value=serverRequest {
  requestorId: "s1"
  replyId: "s2"
  raftGroupId {
    id: "\375\210\024\357\262\375HY\244\207Ci\024Gb\025"
  }
}
leaderTerm: 11
previousLog {
  term: 10
  index: 18
}
leaderCommit: 17
commitInfos {
  server {
    id: "s1"
    address: "localhost:15256"
    dataStreamAddress: "localhost:15259"
    clientAddress: "localhost:15258"
    adminAddress: "localhost:15257"
    startupRole: FOLLOWER
  }
  commitIndex: 17
}
commitInfos {
  server {
    id: "s0"
    address: "localhost:15252"
    dataStreamAddress: "localhost:15255"
    clientAddress: "localhost:15254"
    adminAddress: "localhost:15253"
    startupRole: FOLLOWER
  }
  commitIndex: 17
}
commitInfos {
  server {
    id: "s2"
    address: "localhost:15260"
    dataStreamAddress: "localhost:15263"
    clientAddress: "localhost:15262"
    adminAddress: "localhost:15261"
    startupRole: FOLLOWER
  }
  commitIndex: 16
}
)
2024-10-20 10:47:55,435 [main] WARN  util.LeakDetector (LeakDetector.java:assertNoLeaks(171)) - 13/30) numLeaks == 5 > 0, will wait and retry ...
2024-10-20 10:47:56,436 [main] WARN  util.ReferenceCountedLeakDetector (ReferenceCountedLeakDetector.java:logLeakMessage(167)) - LEAK: (class org.apache.ratis.proto.RaftProtos$AppendEntriesRequestProto, count=2, value=serverRequest {
  requestorId: "s0"
  replyId: "s2"
  raftGroupId {
    id: "\375\210\024\357\262\375HY\244\207Ci\024Gb\025"
  }
}
leaderTerm: 10
previousLog {
  term: 9
  index: 16
}
leaderCommit: 16
commitInfos {
  server {
    id: "s0"
    address: "localhost:15252"
    dataStreamAddress: "localhost:15255"
    clientAddress: "localhost:15254"
    adminAddress: "localhost:15253"
    startupRole: FOLLOWER
  }
  commitIndex: 16
}
commitInfos {
  server {
    id: "s1"
    address: "localhost:15256"
    dataStreamAddress: "localhost:15259"
    clientAddress: "localhost:15258"
    adminAddress: "localhost:15257"
    startupRole: FOLLOWER
  }
  commitIndex: 16
}
commitInfos {
  server {
    id: "s2"
    address: "localhost:15260"
    dataStreamAddress: "localhost:15263"
    clientAddress: "localhost:15262"
    adminAddress: "localhost:15261"
    startupRole: FOLLOWER
  }
  commitIndex: 16
}
)
2024-10-20 10:47:56,436 [main] WARN  util.ReferenceCountedLeakDetector (ReferenceCountedLeakDetector.java:logLeakMessage(167)) - LEAK: (class org.apache.ratis.proto.RaftProtos$AppendEntriesRequestProto, count=3, value=serverRequest {
  requestorId: "s1"
  replyId: "s2"
  raftGroupId {
    id: "\375\210\024\357\262\375HY\244\207Ci\024Gb\025"
  }
  callId: 1
}
leaderTerm: 11
previousLog {
  term: 10
  index: 18
}
entries {
  term: 11
  index: 19
  configurationEntry {
    peers {
      id: "s0"
      address: "localhost:15252"
      dataStreamAddress: "localhost:15255"
      clientAddress: "localhost:15254"
      adminAddress: "localhost:15253"
      startupRole: FOLLOWER
    }
    peers {
      id: "s1"
      address: "localhost:15256"
      dataStreamAddress: "localhost:15259"
      clientAddress: "localhost:15258"
      adminAddress: "localhost:15257"
      startupRole: FOLLOWER
    }
    peers {
      id: "s2"
      address: "localhost:15260"
      dataStreamAddress: "localhost:15263"
      clientAddress: "localhost:15262"
      adminAddress: "localhost:15261"
      startupRole: FOLLOWER
    }
  }
}
leaderCommit: 17
commitInfos {
  server {
    id: "s1"
    address: "localhost:15256"
    dataStreamAddress: "localhost:15259"
    clientAddress: "localhost:15258"
    adminAddress: "localhost:15257"
    startupRole: FOLLOWER
  }
  commitIndex: 17
}
commitInfos {
  server {
    id: "s0"
    address: "localhost:15252"
    dataStreamAddress: "localhost:15255"
    clientAddress: "localhost:15254"
    adminAddress: "localhost:15253"
    startupRole: FOLLOWER
  }
  commitIndex: 17
}
commitInfos {
  server {
    id: "s2"
    address: "localhost:15260"
    dataStreamAddress: "localhost:15263"
    clientAddress: "localhost:15262"
    adminAddress: "localhost:15261"
    startupRole: FOLLOWER
  }
  commitIndex: 16
}
)
2024-10-20 10:47:56,436 [main] WARN  util.ReferenceCountedLeakDetector (ReferenceCountedLeakDetector.java:logLeakMessage(167)) - LEAK: (class org.apache.ratis.proto.RaftProtos$AppendEntriesRequestProto, count=3, value=serverRequest {
  requestorId: "s0"
  replyId: "s2"
  raftGroupId {
    id: "\375\210\024\357\262\375HY\244\207Ci\024Gb\025"
  }
  callId: 1
}
leaderTerm: 10
previousLog {
  term: 9
  index: 16
}
entries {
  term: 10
  index: 17
  configurationEntry {
    peers {
      id: "s0"
      address: "localhost:15252"
      dataStreamAddress: "localhost:15255"
      clientAddress: "localhost:15254"
      adminAddress: "localhost:15253"
      startupRole: FOLLOWER
    }
    peers {
      id: "s1"
      address: "localhost:15256"
      dataStreamAddress: "localhost:15259"
      clientAddress: "localhost:15258"
      adminAddress: "localhost:15257"
      startupRole: FOLLOWER
    }
    peers {
      id: "s2"
      address: "localhost:15260"
      dataStreamAddress: "localhost:15263"
      clientAddress: "localhost:15262"
      adminAddress: "localhost:15261"
      startupRole: FOLLOWER
    }
  }
}
leaderCommit: 16
commitInfos {
  server {
    id: "s0"
    address: "localhost:15252"
    dataStreamAddress: "localhost:15255"
    clientAddress: "localhost:15254"
    adminAddress: "localhost:15253"
    startupRole: FOLLOWER
  }
  commitIndex: 16
}
commitInfos {
  server {
    id: "s1"
    address: "localhost:15256"
    dataStreamAddress: "localhost:15259"
    clientAddress: "localhost:15258"
    adminAddress: "localhost:15257"
    startupRole: FOLLOWER
  }
  commitIndex: 16
}
commitInfos {
  server {
    id: "s2"
    address: "localhost:15260"
    dataStreamAddress: "localhost:15263"
    clientAddress: "localhost:15262"
    adminAddress: "localhost:15261"
    startupRole: FOLLOWER
  }
  commitIndex: 16
}
)
2024-10-20 10:47:56,436 [main] WARN  util.ReferenceCountedLeakDetector (ReferenceCountedLeakDetector.java:logLeakMessage(167)) - LEAK: (class org.apache.ratis.proto.RaftProtos$AppendEntriesRequestProto, count=2, value=serverRequest {
  requestorId: "s1"
  replyId: "s2"
  raftGroupId {
    id: "\375\210\024\357\262\375HY\244\207Ci\024Gb\025"
  }
  callId: 8
}
leaderTerm: 9
previousLog {
  term: 9
  index: 16
}
leaderCommit: 16
commitInfos {
  server {
    id: "s1"
    address: "localhost:15256"
    dataStreamAddress: "localhost:15259"
    clientAddress: "localhost:15258"
    adminAddress: "localhost:15257"
    startupRole: FOLLOWER
  }
  commitIndex: 16
}
commitInfos {
  server {
    id: "s0"
    address: "localhost:15252"
    dataStreamAddress: "localhost:15255"
    clientAddress: "localhost:15254"
    adminAddress: "localhost:15253"
    startupRole: FOLLOWER
  }
  commitIndex: 16
}
commitInfos {
  server {
    id: "s2"
    address: "localhost:15260"
    dataStreamAddress: "localhost:15263"
    clientAddress: "localhost:15262"
    adminAddress: "localhost:15261"
    startupRole: FOLLOWER
  }
  commitIndex: 16
}
)
2024-10-20 10:47:56,436 [main] WARN  util.ReferenceCountedLeakDetector (ReferenceCountedLeakDetector.java:logLeakMessage(167)) - LEAK: (class org.apache.ratis.proto.RaftProtos$AppendEntriesRequestProto, count=2, value=serverRequest {
  requestorId: "s1"
  replyId: "s2"
  raftGroupId {
    id: "\375\210\024\357\262\375HY\244\207Ci\024Gb\025"
  }
}
leaderTerm: 11
previousLog {
  term: 10
  index: 18
}
leaderCommit: 17
commitInfos {
  server {
    id: "s1"
    address: "localhost:15256"
    dataStreamAddress: "localhost:15259"
    clientAddress: "localhost:15258"
    adminAddress: "localhost:15257"
    startupRole: FOLLOWER
  }
  commitIndex: 17
}
commitInfos {
  server {
    id: "s0"
    address: "localhost:15252"
    dataStreamAddress: "localhost:15255"
    clientAddress: "localhost:15254"
    adminAddress: "localhost:15253"
    startupRole: FOLLOWER
  }
  commitIndex: 17
}
commitInfos {
  server {
    id: "s2"
    address: "localhost:15260"
    dataStreamAddress: "localhost:15263"
    clientAddress: "localhost:15262"
    adminAddress: "localhost:15261"
    startupRole: FOLLOWER
  }
  commitIndex: 16
}
)
2024-10-20 10:47:56,436 [main] WARN  util.LeakDetector (LeakDetector.java:assertNoLeaks(171)) - 14/30) numLeaks == 5 > 0, will wait and retry ...
2024-10-20 10:47:57,437 [main] WARN  util.ReferenceCountedLeakDetector (ReferenceCountedLeakDetector.java:logLeakMessage(167)) - LEAK: (class org.apache.ratis.proto.RaftProtos$AppendEntriesRequestProto, count=2, value=serverRequest {
  requestorId: "s0"
  replyId: "s2"
  raftGroupId {
    id: "\375\210\024\357\262\375HY\244\207Ci\024Gb\025"
  }
}
leaderTerm: 10
previousLog {
  term: 9
  index: 16
}
leaderCommit: 16
commitInfos {
  server {
    id: "s0"
    address: "localhost:15252"
    dataStreamAddress: "localhost:15255"
    clientAddress: "localhost:15254"
    adminAddress: "localhost:15253"
    startupRole: FOLLOWER
  }
  commitIndex: 16
}
commitInfos {
  server {
    id: "s1"
    address: "localhost:15256"
    dataStreamAddress: "localhost:15259"
    clientAddress: "localhost:15258"
    adminAddress: "localhost:15257"
    startupRole: FOLLOWER
  }
  commitIndex: 16
}
commitInfos {
  server {
    id: "s2"
    address: "localhost:15260"
    dataStreamAddress: "localhost:15263"
    clientAddress: "localhost:15262"
    adminAddress: "localhost:15261"
    startupRole: FOLLOWER
  }
  commitIndex: 16
}
)
2024-10-20 10:47:57,437 [main] WARN  util.ReferenceCountedLeakDetector (ReferenceCountedLeakDetector.java:logLeakMessage(167)) - LEAK: (class org.apache.ratis.proto.RaftProtos$AppendEntriesRequestProto, count=3, value=serverRequest {
  requestorId: "s1"
  replyId: "s2"
  raftGroupId {
    id: "\375\210\024\357\262\375HY\244\207Ci\024Gb\025"
  }
  callId: 1
}
leaderTerm: 11
previousLog {
  term: 10
  index: 18
}
entries {
  term: 11
  index: 19
  configurationEntry {
    peers {
      id: "s0"
      address: "localhost:15252"
      dataStreamAddress: "localhost:15255"
      clientAddress: "localhost:15254"
      adminAddress: "localhost:15253"
      startupRole: FOLLOWER
    }
    peers {
      id: "s1"
      address: "localhost:15256"
      dataStreamAddress: "localhost:15259"
      clientAddress: "localhost:15258"
      adminAddress: "localhost:15257"
      startupRole: FOLLOWER
    }
    peers {
      id: "s2"
      address: "localhost:15260"
      dataStreamAddress: "localhost:15263"
      clientAddress: "localhost:15262"
      adminAddress: "localhost:15261"
      startupRole: FOLLOWER
    }
  }
}
leaderCommit: 17
commitInfos {
  server {
    id: "s1"
    address: "localhost:15256"
    dataStreamAddress: "localhost:15259"
    clientAddress: "localhost:15258"
    adminAddress: "localhost:15257"
    startupRole: FOLLOWER
  }
  commitIndex: 17
}
commitInfos {
  server {
    id: "s0"
    address: "localhost:15252"
    dataStreamAddress: "localhost:15255"
    clientAddress: "localhost:15254"
    adminAddress: "localhost:15253"
    startupRole: FOLLOWER
  }
  commitIndex: 17
}
commitInfos {
  server {
    id: "s2"
    address: "localhost:15260"
    dataStreamAddress: "localhost:15263"
    clientAddress: "localhost:15262"
    adminAddress: "localhost:15261"
    startupRole: FOLLOWER
  }
  commitIndex: 16
}
)
2024-10-20 10:47:57,437 [main] WARN  util.ReferenceCountedLeakDetector (ReferenceCountedLeakDetector.java:logLeakMessage(167)) - LEAK: (class org.apache.ratis.proto.RaftProtos$AppendEntriesRequestProto, count=3, value=serverRequest {
  requestorId: "s0"
  replyId: "s2"
  raftGroupId {
    id: "\375\210\024\357\262\375HY\244\207Ci\024Gb\025"
  }
  callId: 1
}
leaderTerm: 10
previousLog {
  term: 9
  index: 16
}
entries {
  term: 10
  index: 17
  configurationEntry {
    peers {
      id: "s0"
      address: "localhost:15252"
      dataStreamAddress: "localhost:15255"
      clientAddress: "localhost:15254"
      adminAddress: "localhost:15253"
      startupRole: FOLLOWER
    }
    peers {
      id: "s1"
      address: "localhost:15256"
      dataStreamAddress: "localhost:15259"
      clientAddress: "localhost:15258"
      adminAddress: "localhost:15257"
      startupRole: FOLLOWER
    }
    peers {
      id: "s2"
      address: "localhost:15260"
      dataStreamAddress: "localhost:15263"
      clientAddress: "localhost:15262"
      adminAddress: "localhost:15261"
      startupRole: FOLLOWER
    }
  }
}
leaderCommit: 16
commitInfos {
  server {
    id: "s0"
    address: "localhost:15252"
    dataStreamAddress: "localhost:15255"
    clientAddress: "localhost:15254"
    adminAddress: "localhost:15253"
    startupRole: FOLLOWER
  }
  commitIndex: 16
}
commitInfos {
  server {
    id: "s1"
    address: "localhost:15256"
    dataStreamAddress: "localhost:15259"
    clientAddress: "localhost:15258"
    adminAddress: "localhost:15257"
    startupRole: FOLLOWER
  }
  commitIndex: 16
}
commitInfos {
  server {
    id: "s2"
    address: "localhost:15260"
    dataStreamAddress: "localhost:15263"
    clientAddress: "localhost:15262"
    adminAddress: "localhost:15261"
    startupRole: FOLLOWER
  }
  commitIndex: 16
}
)
2024-10-20 10:47:57,437 [main] WARN  util.ReferenceCountedLeakDetector (ReferenceCountedLeakDetector.java:logLeakMessage(167)) - LEAK: (class org.apache.ratis.proto.RaftProtos$AppendEntriesRequestProto, count=2, value=serverRequest {
  requestorId: "s1"
  replyId: "s2"
  raftGroupId {
    id: "\375\210\024\357\262\375HY\244\207Ci\024Gb\025"
  }
  callId: 8
}
leaderTerm: 9
previousLog {
  term: 9
  index: 16
}
leaderCommit: 16
commitInfos {
  server {
    id: "s1"
    address: "localhost:15256"
    dataStreamAddress: "localhost:15259"
    clientAddress: "localhost:15258"
    adminAddress: "localhost:15257"
    startupRole: FOLLOWER
  }
  commitIndex: 16
}
commitInfos {
  server {
    id: "s0"
    address: "localhost:15252"
    dataStreamAddress: "localhost:15255"
    clientAddress: "localhost:15254"
    adminAddress: "localhost:15253"
    startupRole: FOLLOWER
  }
  commitIndex: 16
}
commitInfos {
  server {
    id: "s2"
    address: "localhost:15260"
    dataStreamAddress: "localhost:15263"
    clientAddress: "localhost:15262"
    adminAddress: "localhost:15261"
    startupRole: FOLLOWER
  }
  commitIndex: 16
}
)
2024-10-20 10:47:57,437 [main] WARN  util.ReferenceCountedLeakDetector (ReferenceCountedLeakDetector.java:logLeakMessage(167)) - LEAK: (class org.apache.ratis.proto.RaftProtos$AppendEntriesRequestProto, count=2, value=serverRequest {
  requestorId: "s1"
  replyId: "s2"
  raftGroupId {
    id: "\375\210\024\357\262\375HY\244\207Ci\024Gb\025"
  }
}
leaderTerm: 11
previousLog {
  term: 10
  index: 18
}
leaderCommit: 17
commitInfos {
  server {
    id: "s1"
    address: "localhost:15256"
    dataStreamAddress: "localhost:15259"
    clientAddress: "localhost:15258"
    adminAddress: "localhost:15257"
    startupRole: FOLLOWER
  }
  commitIndex: 17
}
commitInfos {
  server {
    id: "s0"
    address: "localhost:15252"
    dataStreamAddress: "localhost:15255"
    clientAddress: "localhost:15254"
    adminAddress: "localhost:15253"
    startupRole: FOLLOWER
  }
  commitIndex: 17
}
commitInfos {
  server {
    id: "s2"
    address: "localhost:15260"
    dataStreamAddress: "localhost:15263"
    clientAddress: "localhost:15262"
    adminAddress: "localhost:15261"
    startupRole: FOLLOWER
  }
  commitIndex: 16
}
)
2024-10-20 10:47:57,437 [main] WARN  util.LeakDetector (LeakDetector.java:assertNoLeaks(171)) - 15/30) numLeaks == 5 > 0, will wait and retry ...
2024-10-20 10:47:58,438 [main] WARN  util.ReferenceCountedLeakDetector (ReferenceCountedLeakDetector.java:logLeakMessage(167)) - LEAK: (class org.apache.ratis.proto.RaftProtos$AppendEntriesRequestProto, count=2, value=serverRequest {
  requestorId: "s0"
  replyId: "s2"
  raftGroupId {
    id: "\375\210\024\357\262\375HY\244\207Ci\024Gb\025"
  }
}
leaderTerm: 10
previousLog {
  term: 9
  index: 16
}
leaderCommit: 16
commitInfos {
  server {
    id: "s0"
    address: "localhost:15252"
    dataStreamAddress: "localhost:15255"
    clientAddress: "localhost:15254"
    adminAddress: "localhost:15253"
    startupRole: FOLLOWER
  }
  commitIndex: 16
}
commitInfos {
  server {
    id: "s1"
    address: "localhost:15256"
    dataStreamAddress: "localhost:15259"
    clientAddress: "localhost:15258"
    adminAddress: "localhost:15257"
    startupRole: FOLLOWER
  }
  commitIndex: 16
}
commitInfos {
  server {
    id: "s2"
    address: "localhost:15260"
    dataStreamAddress: "localhost:15263"
    clientAddress: "localhost:15262"
    adminAddress: "localhost:15261"
    startupRole: FOLLOWER
  }
  commitIndex: 16
}
)
2024-10-20 10:47:58,438 [main] WARN  util.ReferenceCountedLeakDetector (ReferenceCountedLeakDetector.java:logLeakMessage(167)) - LEAK: (class org.apache.ratis.proto.RaftProtos$AppendEntriesRequestProto, count=3, value=serverRequest {
  requestorId: "s1"
  replyId: "s2"
  raftGroupId {
    id: "\375\210\024\357\262\375HY\244\207Ci\024Gb\025"
  }
  callId: 1
}
leaderTerm: 11
previousLog {
  term: 10
  index: 18
}
entries {
  term: 11
  index: 19
  configurationEntry {
    peers {
      id: "s0"
      address: "localhost:15252"
      dataStreamAddress: "localhost:15255"
      clientAddress: "localhost:15254"
      adminAddress: "localhost:15253"
      startupRole: FOLLOWER
    }
    peers {
      id: "s1"
      address: "localhost:15256"
      dataStreamAddress: "localhost:15259"
      clientAddress: "localhost:15258"
      adminAddress: "localhost:15257"
      startupRole: FOLLOWER
    }
    peers {
      id: "s2"
      address: "localhost:15260"
      dataStreamAddress: "localhost:15263"
      clientAddress: "localhost:15262"
      adminAddress: "localhost:15261"
      startupRole: FOLLOWER
    }
  }
}
leaderCommit: 17
commitInfos {
  server {
    id: "s1"
    address: "localhost:15256"
    dataStreamAddress: "localhost:15259"
    clientAddress: "localhost:15258"
    adminAddress: "localhost:15257"
    startupRole: FOLLOWER
  }
  commitIndex: 17
}
commitInfos {
  server {
    id: "s0"
    address: "localhost:15252"
    dataStreamAddress: "localhost:15255"
    clientAddress: "localhost:15254"
    adminAddress: "localhost:15253"
    startupRole: FOLLOWER
  }
  commitIndex: 17
}
commitInfos {
  server {
    id: "s2"
    address: "localhost:15260"
    dataStreamAddress: "localhost:15263"
    clientAddress: "localhost:15262"
    adminAddress: "localhost:15261"
    startupRole: FOLLOWER
  }
  commitIndex: 16
}
)
2024-10-20 10:47:58,438 [main] WARN  util.ReferenceCountedLeakDetector (ReferenceCountedLeakDetector.java:logLeakMessage(167)) - LEAK: (class org.apache.ratis.proto.RaftProtos$AppendEntriesRequestProto, count=3, value=serverRequest {
  requestorId: "s0"
  replyId: "s2"
  raftGroupId {
    id: "\375\210\024\357\262\375HY\244\207Ci\024Gb\025"
  }
  callId: 1
}
leaderTerm: 10
previousLog {
  term: 9
  index: 16
}
entries {
  term: 10
  index: 17
  configurationEntry {
    peers {
      id: "s0"
      address: "localhost:15252"
      dataStreamAddress: "localhost:15255"
      clientAddress: "localhost:15254"
      adminAddress: "localhost:15253"
      startupRole: FOLLOWER
    }
    peers {
      id: "s1"
      address: "localhost:15256"
      dataStreamAddress: "localhost:15259"
      clientAddress: "localhost:15258"
      adminAddress: "localhost:15257"
      startupRole: FOLLOWER
    }
    peers {
      id: "s2"
      address: "localhost:15260"
      dataStreamAddress: "localhost:15263"
      clientAddress: "localhost:15262"
      adminAddress: "localhost:15261"
      startupRole: FOLLOWER
    }
  }
}
leaderCommit: 16
commitInfos {
  server {
    id: "s0"
    address: "localhost:15252"
    dataStreamAddress: "localhost:15255"
    clientAddress: "localhost:15254"
    adminAddress: "localhost:15253"
    startupRole: FOLLOWER
  }
  commitIndex: 16
}
commitInfos {
  server {
    id: "s1"
    address: "localhost:15256"
    dataStreamAddress: "localhost:15259"
    clientAddress: "localhost:15258"
    adminAddress: "localhost:15257"
    startupRole: FOLLOWER
  }
  commitIndex: 16
}
commitInfos {
  server {
    id: "s2"
    address: "localhost:15260"
    dataStreamAddress: "localhost:15263"
    clientAddress: "localhost:15262"
    adminAddress: "localhost:15261"
    startupRole: FOLLOWER
  }
  commitIndex: 16
}
)
2024-10-20 10:47:58,438 [main] WARN  util.ReferenceCountedLeakDetector (ReferenceCountedLeakDetector.java:logLeakMessage(167)) - LEAK: (class org.apache.ratis.proto.RaftProtos$AppendEntriesRequestProto, count=2, value=serverRequest {
  requestorId: "s1"
  replyId: "s2"
  raftGroupId {
    id: "\375\210\024\357\262\375HY\244\207Ci\024Gb\025"
  }
  callId: 8
}
leaderTerm: 9
previousLog {
  term: 9
  index: 16
}
leaderCommit: 16
commitInfos {
  server {
    id: "s1"
    address: "localhost:15256"
    dataStreamAddress: "localhost:15259"
    clientAddress: "localhost:15258"
    adminAddress: "localhost:15257"
    startupRole: FOLLOWER
  }
  commitIndex: 16
}
commitInfos {
  server {
    id: "s0"
    address: "localhost:15252"
    dataStreamAddress: "localhost:15255"
    clientAddress: "localhost:15254"
    adminAddress: "localhost:15253"
    startupRole: FOLLOWER
  }
  commitIndex: 16
}
commitInfos {
  server {
    id: "s2"
    address: "localhost:15260"
    dataStreamAddress: "localhost:15263"
    clientAddress: "localhost:15262"
    adminAddress: "localhost:15261"
    startupRole: FOLLOWER
  }
  commitIndex: 16
}
)
2024-10-20 10:47:58,438 [main] WARN  util.ReferenceCountedLeakDetector (ReferenceCountedLeakDetector.java:logLeakMessage(167)) - LEAK: (class org.apache.ratis.proto.RaftProtos$AppendEntriesRequestProto, count=2, value=serverRequest {
  requestorId: "s1"
  replyId: "s2"
  raftGroupId {
    id: "\375\210\024\357\262\375HY\244\207Ci\024Gb\025"
  }
}
leaderTerm: 11
previousLog {
  term: 10
  index: 18
}
leaderCommit: 17
commitInfos {
  server {
    id: "s1"
    address: "localhost:15256"
    dataStreamAddress: "localhost:15259"
    clientAddress: "localhost:15258"
    adminAddress: "localhost:15257"
    startupRole: FOLLOWER
  }
  commitIndex: 17
}
commitInfos {
  server {
    id: "s0"
    address: "localhost:15252"
    dataStreamAddress: "localhost:15255"
    clientAddress: "localhost:15254"
    adminAddress: "localhost:15253"
    startupRole: FOLLOWER
  }
  commitIndex: 17
}
commitInfos {
  server {
    id: "s2"
    address: "localhost:15260"
    dataStreamAddress: "localhost:15263"
    clientAddress: "localhost:15262"
    adminAddress: "localhost:15261"
    startupRole: FOLLOWER
  }
  commitIndex: 16
}
)
2024-10-20 10:47:58,439 [main] WARN  util.LeakDetector (LeakDetector.java:assertNoLeaks(171)) - 16/30) numLeaks == 5 > 0, will wait and retry ...
2024-10-20 10:47:59,439 [main] WARN  util.ReferenceCountedLeakDetector (ReferenceCountedLeakDetector.java:logLeakMessage(167)) - LEAK: (class org.apache.ratis.proto.RaftProtos$AppendEntriesRequestProto, count=2, value=serverRequest {
  requestorId: "s0"
  replyId: "s2"
  raftGroupId {
    id: "\375\210\024\357\262\375HY\244\207Ci\024Gb\025"
  }
}
leaderTerm: 10
previousLog {
  term: 9
  index: 16
}
leaderCommit: 16
commitInfos {
  server {
    id: "s0"
    address: "localhost:15252"
    dataStreamAddress: "localhost:15255"
    clientAddress: "localhost:15254"
    adminAddress: "localhost:15253"
    startupRole: FOLLOWER
  }
  commitIndex: 16
}
commitInfos {
  server {
    id: "s1"
    address: "localhost:15256"
    dataStreamAddress: "localhost:15259"
    clientAddress: "localhost:15258"
    adminAddress: "localhost:15257"
    startupRole: FOLLOWER
  }
  commitIndex: 16
}
commitInfos {
  server {
    id: "s2"
    address: "localhost:15260"
    dataStreamAddress: "localhost:15263"
    clientAddress: "localhost:15262"
    adminAddress: "localhost:15261"
    startupRole: FOLLOWER
  }
  commitIndex: 16
}
)
2024-10-20 10:47:59,439 [main] WARN  util.ReferenceCountedLeakDetector (ReferenceCountedLeakDetector.java:logLeakMessage(167)) - LEAK: (class org.apache.ratis.proto.RaftProtos$AppendEntriesRequestProto, count=3, value=serverRequest {
  requestorId: "s1"
  replyId: "s2"
  raftGroupId {
    id: "\375\210\024\357\262\375HY\244\207Ci\024Gb\025"
  }
  callId: 1
}
leaderTerm: 11
previousLog {
  term: 10
  index: 18
}
entries {
  term: 11
  index: 19
  configurationEntry {
    peers {
      id: "s0"
      address: "localhost:15252"
      dataStreamAddress: "localhost:15255"
      clientAddress: "localhost:15254"
      adminAddress: "localhost:15253"
      startupRole: FOLLOWER
    }
    peers {
      id: "s1"
      address: "localhost:15256"
      dataStreamAddress: "localhost:15259"
      clientAddress: "localhost:15258"
      adminAddress: "localhost:15257"
      startupRole: FOLLOWER
    }
    peers {
      id: "s2"
      address: "localhost:15260"
      dataStreamAddress: "localhost:15263"
      clientAddress: "localhost:15262"
      adminAddress: "localhost:15261"
      startupRole: FOLLOWER
    }
  }
}
leaderCommit: 17
commitInfos {
  server {
    id: "s1"
    address: "localhost:15256"
    dataStreamAddress: "localhost:15259"
    clientAddress: "localhost:15258"
    adminAddress: "localhost:15257"
    startupRole: FOLLOWER
  }
  commitIndex: 17
}
commitInfos {
  server {
    id: "s0"
    address: "localhost:15252"
    dataStreamAddress: "localhost:15255"
    clientAddress: "localhost:15254"
    adminAddress: "localhost:15253"
    startupRole: FOLLOWER
  }
  commitIndex: 17
}
commitInfos {
  server {
    id: "s2"
    address: "localhost:15260"
    dataStreamAddress: "localhost:15263"
    clientAddress: "localhost:15262"
    adminAddress: "localhost:15261"
    startupRole: FOLLOWER
  }
  commitIndex: 16
}
)
2024-10-20 10:47:59,439 [main] WARN  util.ReferenceCountedLeakDetector (ReferenceCountedLeakDetector.java:logLeakMessage(167)) - LEAK: (class org.apache.ratis.proto.RaftProtos$AppendEntriesRequestProto, count=3, value=serverRequest {
  requestorId: "s0"
  replyId: "s2"
  raftGroupId {
    id: "\375\210\024\357\262\375HY\244\207Ci\024Gb\025"
  }
  callId: 1
}
leaderTerm: 10
previousLog {
  term: 9
  index: 16
}
entries {
  term: 10
  index: 17
  configurationEntry {
    peers {
      id: "s0"
      address: "localhost:15252"
      dataStreamAddress: "localhost:15255"
      clientAddress: "localhost:15254"
      adminAddress: "localhost:15253"
      startupRole: FOLLOWER
    }
    peers {
      id: "s1"
      address: "localhost:15256"
      dataStreamAddress: "localhost:15259"
      clientAddress: "localhost:15258"
      adminAddress: "localhost:15257"
      startupRole: FOLLOWER
    }
    peers {
      id: "s2"
      address: "localhost:15260"
      dataStreamAddress: "localhost:15263"
      clientAddress: "localhost:15262"
      adminAddress: "localhost:15261"
      startupRole: FOLLOWER
    }
  }
}
leaderCommit: 16
commitInfos {
  server {
    id: "s0"
    address: "localhost:15252"
    dataStreamAddress: "localhost:15255"
    clientAddress: "localhost:15254"
    adminAddress: "localhost:15253"
    startupRole: FOLLOWER
  }
  commitIndex: 16
}
commitInfos {
  server {
    id: "s1"
    address: "localhost:15256"
    dataStreamAddress: "localhost:15259"
    clientAddress: "localhost:15258"
    adminAddress: "localhost:15257"
    startupRole: FOLLOWER
  }
  commitIndex: 16
}
commitInfos {
  server {
    id: "s2"
    address: "localhost:15260"
    dataStreamAddress: "localhost:15263"
    clientAddress: "localhost:15262"
    adminAddress: "localhost:15261"
    startupRole: FOLLOWER
  }
  commitIndex: 16
}
)
2024-10-20 10:47:59,439 [main] WARN  util.ReferenceCountedLeakDetector (ReferenceCountedLeakDetector.java:logLeakMessage(167)) - LEAK: (class org.apache.ratis.proto.RaftProtos$AppendEntriesRequestProto, count=2, value=serverRequest {
  requestorId: "s1"
  replyId: "s2"
  raftGroupId {
    id: "\375\210\024\357\262\375HY\244\207Ci\024Gb\025"
  }
  callId: 8
}
leaderTerm: 9
previousLog {
  term: 9
  index: 16
}
leaderCommit: 16
commitInfos {
  server {
    id: "s1"
    address: "localhost:15256"
    dataStreamAddress: "localhost:15259"
    clientAddress: "localhost:15258"
    adminAddress: "localhost:15257"
    startupRole: FOLLOWER
  }
  commitIndex: 16
}
commitInfos {
  server {
    id: "s0"
    address: "localhost:15252"
    dataStreamAddress: "localhost:15255"
    clientAddress: "localhost:15254"
    adminAddress: "localhost:15253"
    startupRole: FOLLOWER
  }
  commitIndex: 16
}
commitInfos {
  server {
    id: "s2"
    address: "localhost:15260"
    dataStreamAddress: "localhost:15263"
    clientAddress: "localhost:15262"
    adminAddress: "localhost:15261"
    startupRole: FOLLOWER
  }
  commitIndex: 16
}
)
2024-10-20 10:47:59,440 [main] WARN  util.ReferenceCountedLeakDetector (ReferenceCountedLeakDetector.java:logLeakMessage(167)) - LEAK: (class org.apache.ratis.proto.RaftProtos$AppendEntriesRequestProto, count=2, value=serverRequest {
  requestorId: "s1"
  replyId: "s2"
  raftGroupId {
    id: "\375\210\024\357\262\375HY\244\207Ci\024Gb\025"
  }
}
leaderTerm: 11
previousLog {
  term: 10
  index: 18
}
leaderCommit: 17
commitInfos {
  server {
    id: "s1"
    address: "localhost:15256"
    dataStreamAddress: "localhost:15259"
    clientAddress: "localhost:15258"
    adminAddress: "localhost:15257"
    startupRole: FOLLOWER
  }
  commitIndex: 17
}
commitInfos {
  server {
    id: "s0"
    address: "localhost:15252"
    dataStreamAddress: "localhost:15255"
    clientAddress: "localhost:15254"
    adminAddress: "localhost:15253"
    startupRole: FOLLOWER
  }
  commitIndex: 17
}
commitInfos {
  server {
    id: "s2"
    address: "localhost:15260"
    dataStreamAddress: "localhost:15263"
    clientAddress: "localhost:15262"
    adminAddress: "localhost:15261"
    startupRole: FOLLOWER
  }
  commitIndex: 16
}
)
2024-10-20 10:47:59,440 [main] WARN  util.LeakDetector (LeakDetector.java:assertNoLeaks(171)) - 17/30) numLeaks == 5 > 0, will wait and retry ...
2024-10-20 10:48:00,440 [main] WARN  util.ReferenceCountedLeakDetector (ReferenceCountedLeakDetector.java:logLeakMessage(167)) - LEAK: (class org.apache.ratis.proto.RaftProtos$AppendEntriesRequestProto, count=2, value=serverRequest {
  requestorId: "s0"
  replyId: "s2"
  raftGroupId {
    id: "\375\210\024\357\262\375HY\244\207Ci\024Gb\025"
  }
}
leaderTerm: 10
previousLog {
  term: 9
  index: 16
}
leaderCommit: 16
commitInfos {
  server {
    id: "s0"
    address: "localhost:15252"
    dataStreamAddress: "localhost:15255"
    clientAddress: "localhost:15254"
    adminAddress: "localhost:15253"
    startupRole: FOLLOWER
  }
  commitIndex: 16
}
commitInfos {
  server {
    id: "s1"
    address: "localhost:15256"
    dataStreamAddress: "localhost:15259"
    clientAddress: "localhost:15258"
    adminAddress: "localhost:15257"
    startupRole: FOLLOWER
  }
  commitIndex: 16
}
commitInfos {
  server {
    id: "s2"
    address: "localhost:15260"
    dataStreamAddress: "localhost:15263"
    clientAddress: "localhost:15262"
    adminAddress: "localhost:15261"
    startupRole: FOLLOWER
  }
  commitIndex: 16
}
)
2024-10-20 10:48:00,440 [main] WARN  util.ReferenceCountedLeakDetector (ReferenceCountedLeakDetector.java:logLeakMessage(167)) - LEAK: (class org.apache.ratis.proto.RaftProtos$AppendEntriesRequestProto, count=3, value=serverRequest {
  requestorId: "s1"
  replyId: "s2"
  raftGroupId {
    id: "\375\210\024\357\262\375HY\244\207Ci\024Gb\025"
  }
  callId: 1
}
leaderTerm: 11
previousLog {
  term: 10
  index: 18
}
entries {
  term: 11
  index: 19
  configurationEntry {
    peers {
      id: "s0"
      address: "localhost:15252"
      dataStreamAddress: "localhost:15255"
      clientAddress: "localhost:15254"
      adminAddress: "localhost:15253"
      startupRole: FOLLOWER
    }
    peers {
      id: "s1"
      address: "localhost:15256"
      dataStreamAddress: "localhost:15259"
      clientAddress: "localhost:15258"
      adminAddress: "localhost:15257"
      startupRole: FOLLOWER
    }
    peers {
      id: "s2"
      address: "localhost:15260"
      dataStreamAddress: "localhost:15263"
      clientAddress: "localhost:15262"
      adminAddress: "localhost:15261"
      startupRole: FOLLOWER
    }
  }
}
leaderCommit: 17
commitInfos {
  server {
    id: "s1"
    address: "localhost:15256"
    dataStreamAddress: "localhost:15259"
    clientAddress: "localhost:15258"
    adminAddress: "localhost:15257"
    startupRole: FOLLOWER
  }
  commitIndex: 17
}
commitInfos {
  server {
    id: "s0"
    address: "localhost:15252"
    dataStreamAddress: "localhost:15255"
    clientAddress: "localhost:15254"
    adminAddress: "localhost:15253"
    startupRole: FOLLOWER
  }
  commitIndex: 17
}
commitInfos {
  server {
    id: "s2"
    address: "localhost:15260"
    dataStreamAddress: "localhost:15263"
    clientAddress: "localhost:15262"
    adminAddress: "localhost:15261"
    startupRole: FOLLOWER
  }
  commitIndex: 16
}
)
2024-10-20 10:48:00,440 [main] WARN  util.ReferenceCountedLeakDetector (ReferenceCountedLeakDetector.java:logLeakMessage(167)) - LEAK: (class org.apache.ratis.proto.RaftProtos$AppendEntriesRequestProto, count=3, value=serverRequest {
  requestorId: "s0"
  replyId: "s2"
  raftGroupId {
    id: "\375\210\024\357\262\375HY\244\207Ci\024Gb\025"
  }
  callId: 1
}
leaderTerm: 10
previousLog {
  term: 9
  index: 16
}
entries {
  term: 10
  index: 17
  configurationEntry {
    peers {
      id: "s0"
      address: "localhost:15252"
      dataStreamAddress: "localhost:15255"
      clientAddress: "localhost:15254"
      adminAddress: "localhost:15253"
      startupRole: FOLLOWER
    }
    peers {
      id: "s1"
      address: "localhost:15256"
      dataStreamAddress: "localhost:15259"
      clientAddress: "localhost:15258"
      adminAddress: "localhost:15257"
      startupRole: FOLLOWER
    }
    peers {
      id: "s2"
      address: "localhost:15260"
      dataStreamAddress: "localhost:15263"
      clientAddress: "localhost:15262"
      adminAddress: "localhost:15261"
      startupRole: FOLLOWER
    }
  }
}
leaderCommit: 16
commitInfos {
  server {
    id: "s0"
    address: "localhost:15252"
    dataStreamAddress: "localhost:15255"
    clientAddress: "localhost:15254"
    adminAddress: "localhost:15253"
    startupRole: FOLLOWER
  }
  commitIndex: 16
}
commitInfos {
  server {
    id: "s1"
    address: "localhost:15256"
    dataStreamAddress: "localhost:15259"
    clientAddress: "localhost:15258"
    adminAddress: "localhost:15257"
    startupRole: FOLLOWER
  }
  commitIndex: 16
}
commitInfos {
  server {
    id: "s2"
    address: "localhost:15260"
    dataStreamAddress: "localhost:15263"
    clientAddress: "localhost:15262"
    adminAddress: "localhost:15261"
    startupRole: FOLLOWER
  }
  commitIndex: 16
}
)
2024-10-20 10:48:00,440 [main] WARN  util.ReferenceCountedLeakDetector (ReferenceCountedLeakDetector.java:logLeakMessage(167)) - LEAK: (class org.apache.ratis.proto.RaftProtos$AppendEntriesRequestProto, count=2, value=serverRequest {
  requestorId: "s1"
  replyId: "s2"
  raftGroupId {
    id: "\375\210\024\357\262\375HY\244\207Ci\024Gb\025"
  }
  callId: 8
}
leaderTerm: 9
previousLog {
  term: 9
  index: 16
}
leaderCommit: 16
commitInfos {
  server {
    id: "s1"
    address: "localhost:15256"
    dataStreamAddress: "localhost:15259"
    clientAddress: "localhost:15258"
    adminAddress: "localhost:15257"
    startupRole: FOLLOWER
  }
  commitIndex: 16
}
commitInfos {
  server {
    id: "s0"
    address: "localhost:15252"
    dataStreamAddress: "localhost:15255"
    clientAddress: "localhost:15254"
    adminAddress: "localhost:15253"
    startupRole: FOLLOWER
  }
  commitIndex: 16
}
commitInfos {
  server {
    id: "s2"
    address: "localhost:15260"
    dataStreamAddress: "localhost:15263"
    clientAddress: "localhost:15262"
    adminAddress: "localhost:15261"
    startupRole: FOLLOWER
  }
  commitIndex: 16
}
)
2024-10-20 10:48:00,440 [main] WARN  util.ReferenceCountedLeakDetector (ReferenceCountedLeakDetector.java:logLeakMessage(167)) - LEAK: (class org.apache.ratis.proto.RaftProtos$AppendEntriesRequestProto, count=2, value=serverRequest {
  requestorId: "s1"
  replyId: "s2"
  raftGroupId {
    id: "\375\210\024\357\262\375HY\244\207Ci\024Gb\025"
  }
}
leaderTerm: 11
previousLog {
  term: 10
  index: 18
}
leaderCommit: 17
commitInfos {
  server {
    id: "s1"
    address: "localhost:15256"
    dataStreamAddress: "localhost:15259"
    clientAddress: "localhost:15258"
    adminAddress: "localhost:15257"
    startupRole: FOLLOWER
  }
  commitIndex: 17
}
commitInfos {
  server {
    id: "s0"
    address: "localhost:15252"
    dataStreamAddress: "localhost:15255"
    clientAddress: "localhost:15254"
    adminAddress: "localhost:15253"
    startupRole: FOLLOWER
  }
  commitIndex: 17
}
commitInfos {
  server {
    id: "s2"
    address: "localhost:15260"
    dataStreamAddress: "localhost:15263"
    clientAddress: "localhost:15262"
    adminAddress: "localhost:15261"
    startupRole: FOLLOWER
  }
  commitIndex: 16
}
)
2024-10-20 10:48:00,441 [main] WARN  util.LeakDetector (LeakDetector.java:assertNoLeaks(171)) - 18/30) numLeaks == 5 > 0, will wait and retry ...
2024-10-20 10:48:01,441 [main] WARN  util.ReferenceCountedLeakDetector (ReferenceCountedLeakDetector.java:logLeakMessage(167)) - LEAK: (class org.apache.ratis.proto.RaftProtos$AppendEntriesRequestProto, count=2, value=serverRequest {
  requestorId: "s0"
  replyId: "s2"
  raftGroupId {
    id: "\375\210\024\357\262\375HY\244\207Ci\024Gb\025"
  }
}
leaderTerm: 10
previousLog {
  term: 9
  index: 16
}
leaderCommit: 16
commitInfos {
  server {
    id: "s0"
    address: "localhost:15252"
    dataStreamAddress: "localhost:15255"
    clientAddress: "localhost:15254"
    adminAddress: "localhost:15253"
    startupRole: FOLLOWER
  }
  commitIndex: 16
}
commitInfos {
  server {
    id: "s1"
    address: "localhost:15256"
    dataStreamAddress: "localhost:15259"
    clientAddress: "localhost:15258"
    adminAddress: "localhost:15257"
    startupRole: FOLLOWER
  }
  commitIndex: 16
}
commitInfos {
  server {
    id: "s2"
    address: "localhost:15260"
    dataStreamAddress: "localhost:15263"
    clientAddress: "localhost:15262"
    adminAddress: "localhost:15261"
    startupRole: FOLLOWER
  }
  commitIndex: 16
}
)
2024-10-20 10:48:01,441 [main] WARN  util.ReferenceCountedLeakDetector (ReferenceCountedLeakDetector.java:logLeakMessage(167)) - LEAK: (class org.apache.ratis.proto.RaftProtos$AppendEntriesRequestProto, count=3, value=serverRequest {
  requestorId: "s1"
  replyId: "s2"
  raftGroupId {
    id: "\375\210\024\357\262\375HY\244\207Ci\024Gb\025"
  }
  callId: 1
}
leaderTerm: 11
previousLog {
  term: 10
  index: 18
}
entries {
  term: 11
  index: 19
  configurationEntry {
    peers {
      id: "s0"
      address: "localhost:15252"
      dataStreamAddress: "localhost:15255"
      clientAddress: "localhost:15254"
      adminAddress: "localhost:15253"
      startupRole: FOLLOWER
    }
    peers {
      id: "s1"
      address: "localhost:15256"
      dataStreamAddress: "localhost:15259"
      clientAddress: "localhost:15258"
      adminAddress: "localhost:15257"
      startupRole: FOLLOWER
    }
    peers {
      id: "s2"
      address: "localhost:15260"
      dataStreamAddress: "localhost:15263"
      clientAddress: "localhost:15262"
      adminAddress: "localhost:15261"
      startupRole: FOLLOWER
    }
  }
}
leaderCommit: 17
commitInfos {
  server {
    id: "s1"
    address: "localhost:15256"
    dataStreamAddress: "localhost:15259"
    clientAddress: "localhost:15258"
    adminAddress: "localhost:15257"
    startupRole: FOLLOWER
  }
  commitIndex: 17
}
commitInfos {
  server {
    id: "s0"
    address: "localhost:15252"
    dataStreamAddress: "localhost:15255"
    clientAddress: "localhost:15254"
    adminAddress: "localhost:15253"
    startupRole: FOLLOWER
  }
  commitIndex: 17
}
commitInfos {
  server {
    id: "s2"
    address: "localhost:15260"
    dataStreamAddress: "localhost:15263"
    clientAddress: "localhost:15262"
    adminAddress: "localhost:15261"
    startupRole: FOLLOWER
  }
  commitIndex: 16
}
)
2024-10-20 10:48:01,441 [main] WARN  util.ReferenceCountedLeakDetector (ReferenceCountedLeakDetector.java:logLeakMessage(167)) - LEAK: (class org.apache.ratis.proto.RaftProtos$AppendEntriesRequestProto, count=3, value=serverRequest {
  requestorId: "s0"
  replyId: "s2"
  raftGroupId {
    id: "\375\210\024\357\262\375HY\244\207Ci\024Gb\025"
  }
  callId: 1
}
leaderTerm: 10
previousLog {
  term: 9
  index: 16
}
entries {
  term: 10
  index: 17
  configurationEntry {
    peers {
      id: "s0"
      address: "localhost:15252"
      dataStreamAddress: "localhost:15255"
      clientAddress: "localhost:15254"
      adminAddress: "localhost:15253"
      startupRole: FOLLOWER
    }
    peers {
      id: "s1"
      address: "localhost:15256"
      dataStreamAddress: "localhost:15259"
      clientAddress: "localhost:15258"
      adminAddress: "localhost:15257"
      startupRole: FOLLOWER
    }
    peers {
      id: "s2"
      address: "localhost:15260"
      dataStreamAddress: "localhost:15263"
      clientAddress: "localhost:15262"
      adminAddress: "localhost:15261"
      startupRole: FOLLOWER
    }
  }
}
leaderCommit: 16
commitInfos {
  server {
    id: "s0"
    address: "localhost:15252"
    dataStreamAddress: "localhost:15255"
    clientAddress: "localhost:15254"
    adminAddress: "localhost:15253"
    startupRole: FOLLOWER
  }
  commitIndex: 16
}
commitInfos {
  server {
    id: "s1"
    address: "localhost:15256"
    dataStreamAddress: "localhost:15259"
    clientAddress: "localhost:15258"
    adminAddress: "localhost:15257"
    startupRole: FOLLOWER
  }
  commitIndex: 16
}
commitInfos {
  server {
    id: "s2"
    address: "localhost:15260"
    dataStreamAddress: "localhost:15263"
    clientAddress: "localhost:15262"
    adminAddress: "localhost:15261"
    startupRole: FOLLOWER
  }
  commitIndex: 16
}
)
2024-10-20 10:48:01,441 [main] WARN  util.ReferenceCountedLeakDetector (ReferenceCountedLeakDetector.java:logLeakMessage(167)) - LEAK: (class org.apache.ratis.proto.RaftProtos$AppendEntriesRequestProto, count=2, value=serverRequest {
  requestorId: "s1"
  replyId: "s2"
  raftGroupId {
    id: "\375\210\024\357\262\375HY\244\207Ci\024Gb\025"
  }
  callId: 8
}
leaderTerm: 9
previousLog {
  term: 9
  index: 16
}
leaderCommit: 16
commitInfos {
  server {
    id: "s1"
    address: "localhost:15256"
    dataStreamAddress: "localhost:15259"
    clientAddress: "localhost:15258"
    adminAddress: "localhost:15257"
    startupRole: FOLLOWER
  }
  commitIndex: 16
}
commitInfos {
  server {
    id: "s0"
    address: "localhost:15252"
    dataStreamAddress: "localhost:15255"
    clientAddress: "localhost:15254"
    adminAddress: "localhost:15253"
    startupRole: FOLLOWER
  }
  commitIndex: 16
}
commitInfos {
  server {
    id: "s2"
    address: "localhost:15260"
    dataStreamAddress: "localhost:15263"
    clientAddress: "localhost:15262"
    adminAddress: "localhost:15261"
    startupRole: FOLLOWER
  }
  commitIndex: 16
}
)
2024-10-20 10:48:01,441 [main] WARN  util.ReferenceCountedLeakDetector (ReferenceCountedLeakDetector.java:logLeakMessage(167)) - LEAK: (class org.apache.ratis.proto.RaftProtos$AppendEntriesRequestProto, count=2, value=serverRequest {
  requestorId: "s1"
  replyId: "s2"
  raftGroupId {
    id: "\375\210\024\357\262\375HY\244\207Ci\024Gb\025"
  }
}
leaderTerm: 11
previousLog {
  term: 10
  index: 18
}
leaderCommit: 17
commitInfos {
  server {
    id: "s1"
    address: "localhost:15256"
    dataStreamAddress: "localhost:15259"
    clientAddress: "localhost:15258"
    adminAddress: "localhost:15257"
    startupRole: FOLLOWER
  }
  commitIndex: 17
}
commitInfos {
  server {
    id: "s0"
    address: "localhost:15252"
    dataStreamAddress: "localhost:15255"
    clientAddress: "localhost:15254"
    adminAddress: "localhost:15253"
    startupRole: FOLLOWER
  }
  commitIndex: 17
}
commitInfos {
  server {
    id: "s2"
    address: "localhost:15260"
    dataStreamAddress: "localhost:15263"
    clientAddress: "localhost:15262"
    adminAddress: "localhost:15261"
    startupRole: FOLLOWER
  }
  commitIndex: 16
}
)
2024-10-20 10:48:01,442 [main] WARN  util.LeakDetector (LeakDetector.java:assertNoLeaks(171)) - 19/30) numLeaks == 5 > 0, will wait and retry ...
2024-10-20 10:48:02,442 [main] WARN  util.ReferenceCountedLeakDetector (ReferenceCountedLeakDetector.java:logLeakMessage(167)) - LEAK: (class org.apache.ratis.proto.RaftProtos$AppendEntriesRequestProto, count=2, value=serverRequest {
  requestorId: "s0"
  replyId: "s2"
  raftGroupId {
    id: "\375\210\024\357\262\375HY\244\207Ci\024Gb\025"
  }
}
leaderTerm: 10
previousLog {
  term: 9
  index: 16
}
leaderCommit: 16
commitInfos {
  server {
    id: "s0"
    address: "localhost:15252"
    dataStreamAddress: "localhost:15255"
    clientAddress: "localhost:15254"
    adminAddress: "localhost:15253"
    startupRole: FOLLOWER
  }
  commitIndex: 16
}
commitInfos {
  server {
    id: "s1"
    address: "localhost:15256"
    dataStreamAddress: "localhost:15259"
    clientAddress: "localhost:15258"
    adminAddress: "localhost:15257"
    startupRole: FOLLOWER
  }
  commitIndex: 16
}
commitInfos {
  server {
    id: "s2"
    address: "localhost:15260"
    dataStreamAddress: "localhost:15263"
    clientAddress: "localhost:15262"
    adminAddress: "localhost:15261"
    startupRole: FOLLOWER
  }
  commitIndex: 16
}
)
2024-10-20 10:48:02,442 [main] WARN  util.ReferenceCountedLeakDetector (ReferenceCountedLeakDetector.java:logLeakMessage(167)) - LEAK: (class org.apache.ratis.proto.RaftProtos$AppendEntriesRequestProto, count=3, value=serverRequest {
  requestorId: "s1"
  replyId: "s2"
  raftGroupId {
    id: "\375\210\024\357\262\375HY\244\207Ci\024Gb\025"
  }
  callId: 1
}
leaderTerm: 11
previousLog {
  term: 10
  index: 18
}
entries {
  term: 11
  index: 19
  configurationEntry {
    peers {
      id: "s0"
      address: "localhost:15252"
      dataStreamAddress: "localhost:15255"
      clientAddress: "localhost:15254"
      adminAddress: "localhost:15253"
      startupRole: FOLLOWER
    }
    peers {
      id: "s1"
      address: "localhost:15256"
      dataStreamAddress: "localhost:15259"
      clientAddress: "localhost:15258"
      adminAddress: "localhost:15257"
      startupRole: FOLLOWER
    }
    peers {
      id: "s2"
      address: "localhost:15260"
      dataStreamAddress: "localhost:15263"
      clientAddress: "localhost:15262"
      adminAddress: "localhost:15261"
      startupRole: FOLLOWER
    }
  }
}
leaderCommit: 17
commitInfos {
  server {
    id: "s1"
    address: "localhost:15256"
    dataStreamAddress: "localhost:15259"
    clientAddress: "localhost:15258"
    adminAddress: "localhost:15257"
    startupRole: FOLLOWER
  }
  commitIndex: 17
}
commitInfos {
  server {
    id: "s0"
    address: "localhost:15252"
    dataStreamAddress: "localhost:15255"
    clientAddress: "localhost:15254"
    adminAddress: "localhost:15253"
    startupRole: FOLLOWER
  }
  commitIndex: 17
}
commitInfos {
  server {
    id: "s2"
    address: "localhost:15260"
    dataStreamAddress: "localhost:15263"
    clientAddress: "localhost:15262"
    adminAddress: "localhost:15261"
    startupRole: FOLLOWER
  }
  commitIndex: 16
}
)
2024-10-20 10:48:02,442 [main] WARN  util.ReferenceCountedLeakDetector (ReferenceCountedLeakDetector.java:logLeakMessage(167)) - LEAK: (class org.apache.ratis.proto.RaftProtos$AppendEntriesRequestProto, count=3, value=serverRequest {
  requestorId: "s0"
  replyId: "s2"
  raftGroupId {
    id: "\375\210\024\357\262\375HY\244\207Ci\024Gb\025"
  }
  callId: 1
}
leaderTerm: 10
previousLog {
  term: 9
  index: 16
}
entries {
  term: 10
  index: 17
  configurationEntry {
    peers {
      id: "s0"
      address: "localhost:15252"
      dataStreamAddress: "localhost:15255"
      clientAddress: "localhost:15254"
      adminAddress: "localhost:15253"
      startupRole: FOLLOWER
    }
    peers {
      id: "s1"
      address: "localhost:15256"
      dataStreamAddress: "localhost:15259"
      clientAddress: "localhost:15258"
      adminAddress: "localhost:15257"
      startupRole: FOLLOWER
    }
    peers {
      id: "s2"
      address: "localhost:15260"
      dataStreamAddress: "localhost:15263"
      clientAddress: "localhost:15262"
      adminAddress: "localhost:15261"
      startupRole: FOLLOWER
    }
  }
}
leaderCommit: 16
commitInfos {
  server {
    id: "s0"
    address: "localhost:15252"
    dataStreamAddress: "localhost:15255"
    clientAddress: "localhost:15254"
    adminAddress: "localhost:15253"
    startupRole: FOLLOWER
  }
  commitIndex: 16
}
commitInfos {
  server {
    id: "s1"
    address: "localhost:15256"
    dataStreamAddress: "localhost:15259"
    clientAddress: "localhost:15258"
    adminAddress: "localhost:15257"
    startupRole: FOLLOWER
  }
  commitIndex: 16
}
commitInfos {
  server {
    id: "s2"
    address: "localhost:15260"
    dataStreamAddress: "localhost:15263"
    clientAddress: "localhost:15262"
    adminAddress: "localhost:15261"
    startupRole: FOLLOWER
  }
  commitIndex: 16
}
)
2024-10-20 10:48:02,442 [main] WARN  util.ReferenceCountedLeakDetector (ReferenceCountedLeakDetector.java:logLeakMessage(167)) - LEAK: (class org.apache.ratis.proto.RaftProtos$AppendEntriesRequestProto, count=2, value=serverRequest {
  requestorId: "s1"
  replyId: "s2"
  raftGroupId {
    id: "\375\210\024\357\262\375HY\244\207Ci\024Gb\025"
  }
  callId: 8
}
leaderTerm: 9
previousLog {
  term: 9
  index: 16
}
leaderCommit: 16
commitInfos {
  server {
    id: "s1"
    address: "localhost:15256"
    dataStreamAddress: "localhost:15259"
    clientAddress: "localhost:15258"
    adminAddress: "localhost:15257"
    startupRole: FOLLOWER
  }
  commitIndex: 16
}
commitInfos {
  server {
    id: "s0"
    address: "localhost:15252"
    dataStreamAddress: "localhost:15255"
    clientAddress: "localhost:15254"
    adminAddress: "localhost:15253"
    startupRole: FOLLOWER
  }
  commitIndex: 16
}
commitInfos {
  server {
    id: "s2"
    address: "localhost:15260"
    dataStreamAddress: "localhost:15263"
    clientAddress: "localhost:15262"
    adminAddress: "localhost:15261"
    startupRole: FOLLOWER
  }
  commitIndex: 16
}
)
2024-10-20 10:48:02,442 [main] WARN  util.ReferenceCountedLeakDetector (ReferenceCountedLeakDetector.java:logLeakMessage(167)) - LEAK: (class org.apache.ratis.proto.RaftProtos$AppendEntriesRequestProto, count=2, value=serverRequest {
  requestorId: "s1"
  replyId: "s2"
  raftGroupId {
    id: "\375\210\024\357\262\375HY\244\207Ci\024Gb\025"
  }
}
leaderTerm: 11
previousLog {
  term: 10
  index: 18
}
leaderCommit: 17
commitInfos {
  server {
    id: "s1"
    address: "localhost:15256"
    dataStreamAddress: "localhost:15259"
    clientAddress: "localhost:15258"
    adminAddress: "localhost:15257"
    startupRole: FOLLOWER
  }
  commitIndex: 17
}
commitInfos {
  server {
    id: "s0"
    address: "localhost:15252"
    dataStreamAddress: "localhost:15255"
    clientAddress: "localhost:15254"
    adminAddress: "localhost:15253"
    startupRole: FOLLOWER
  }
  commitIndex: 17
}
commitInfos {
  server {
    id: "s2"
    address: "localhost:15260"
    dataStreamAddress: "localhost:15263"
    clientAddress: "localhost:15262"
    adminAddress: "localhost:15261"
    startupRole: FOLLOWER
  }
  commitIndex: 16
}
)
2024-10-20 10:48:02,443 [main] WARN  util.LeakDetector (LeakDetector.java:assertNoLeaks(171)) - 20/30) numLeaks == 5 > 0, will wait and retry ...
2024-10-20 10:48:03,443 [main] WARN  util.ReferenceCountedLeakDetector (ReferenceCountedLeakDetector.java:logLeakMessage(167)) - LEAK: (class org.apache.ratis.proto.RaftProtos$AppendEntriesRequestProto, count=2, value=serverRequest {
  requestorId: "s0"
  replyId: "s2"
  raftGroupId {
    id: "\375\210\024\357\262\375HY\244\207Ci\024Gb\025"
  }
}
leaderTerm: 10
previousLog {
  term: 9
  index: 16
}
leaderCommit: 16
commitInfos {
  server {
    id: "s0"
    address: "localhost:15252"
    dataStreamAddress: "localhost:15255"
    clientAddress: "localhost:15254"
    adminAddress: "localhost:15253"
    startupRole: FOLLOWER
  }
  commitIndex: 16
}
commitInfos {
  server {
    id: "s1"
    address: "localhost:15256"
    dataStreamAddress: "localhost:15259"
    clientAddress: "localhost:15258"
    adminAddress: "localhost:15257"
    startupRole: FOLLOWER
  }
  commitIndex: 16
}
commitInfos {
  server {
    id: "s2"
    address: "localhost:15260"
    dataStreamAddress: "localhost:15263"
    clientAddress: "localhost:15262"
    adminAddress: "localhost:15261"
    startupRole: FOLLOWER
  }
  commitIndex: 16
}
)
2024-10-20 10:48:03,443 [main] WARN  util.ReferenceCountedLeakDetector (ReferenceCountedLeakDetector.java:logLeakMessage(167)) - LEAK: (class org.apache.ratis.proto.RaftProtos$AppendEntriesRequestProto, count=3, value=serverRequest {
  requestorId: "s1"
  replyId: "s2"
  raftGroupId {
    id: "\375\210\024\357\262\375HY\244\207Ci\024Gb\025"
  }
  callId: 1
}
leaderTerm: 11
previousLog {
  term: 10
  index: 18
}
entries {
  term: 11
  index: 19
  configurationEntry {
    peers {
      id: "s0"
      address: "localhost:15252"
      dataStreamAddress: "localhost:15255"
      clientAddress: "localhost:15254"
      adminAddress: "localhost:15253"
      startupRole: FOLLOWER
    }
    peers {
      id: "s1"
      address: "localhost:15256"
      dataStreamAddress: "localhost:15259"
      clientAddress: "localhost:15258"
      adminAddress: "localhost:15257"
      startupRole: FOLLOWER
    }
    peers {
      id: "s2"
      address: "localhost:15260"
      dataStreamAddress: "localhost:15263"
      clientAddress: "localhost:15262"
      adminAddress: "localhost:15261"
      startupRole: FOLLOWER
    }
  }
}
leaderCommit: 17
commitInfos {
  server {
    id: "s1"
    address: "localhost:15256"
    dataStreamAddress: "localhost:15259"
    clientAddress: "localhost:15258"
    adminAddress: "localhost:15257"
    startupRole: FOLLOWER
  }
  commitIndex: 17
}
commitInfos {
  server {
    id: "s0"
    address: "localhost:15252"
    dataStreamAddress: "localhost:15255"
    clientAddress: "localhost:15254"
    adminAddress: "localhost:15253"
    startupRole: FOLLOWER
  }
  commitIndex: 17
}
commitInfos {
  server {
    id: "s2"
    address: "localhost:15260"
    dataStreamAddress: "localhost:15263"
    clientAddress: "localhost:15262"
    adminAddress: "localhost:15261"
    startupRole: FOLLOWER
  }
  commitIndex: 16
}
)
2024-10-20 10:48:03,443 [main] WARN  util.ReferenceCountedLeakDetector (ReferenceCountedLeakDetector.java:logLeakMessage(167)) - LEAK: (class org.apache.ratis.proto.RaftProtos$AppendEntriesRequestProto, count=3, value=serverRequest {
  requestorId: "s0"
  replyId: "s2"
  raftGroupId {
    id: "\375\210\024\357\262\375HY\244\207Ci\024Gb\025"
  }
  callId: 1
}
leaderTerm: 10
previousLog {
  term: 9
  index: 16
}
entries {
  term: 10
  index: 17
  configurationEntry {
    peers {
      id: "s0"
      address: "localhost:15252"
      dataStreamAddress: "localhost:15255"
      clientAddress: "localhost:15254"
      adminAddress: "localhost:15253"
      startupRole: FOLLOWER
    }
    peers {
      id: "s1"
      address: "localhost:15256"
      dataStreamAddress: "localhost:15259"
      clientAddress: "localhost:15258"
      adminAddress: "localhost:15257"
      startupRole: FOLLOWER
    }
    peers {
      id: "s2"
      address: "localhost:15260"
      dataStreamAddress: "localhost:15263"
      clientAddress: "localhost:15262"
      adminAddress: "localhost:15261"
      startupRole: FOLLOWER
    }
  }
}
leaderCommit: 16
commitInfos {
  server {
    id: "s0"
    address: "localhost:15252"
    dataStreamAddress: "localhost:15255"
    clientAddress: "localhost:15254"
    adminAddress: "localhost:15253"
    startupRole: FOLLOWER
  }
  commitIndex: 16
}
commitInfos {
  server {
    id: "s1"
    address: "localhost:15256"
    dataStreamAddress: "localhost:15259"
    clientAddress: "localhost:15258"
    adminAddress: "localhost:15257"
    startupRole: FOLLOWER
  }
  commitIndex: 16
}
commitInfos {
  server {
    id: "s2"
    address: "localhost:15260"
    dataStreamAddress: "localhost:15263"
    clientAddress: "localhost:15262"
    adminAddress: "localhost:15261"
    startupRole: FOLLOWER
  }
  commitIndex: 16
}
)
2024-10-20 10:48:03,443 [main] WARN  util.ReferenceCountedLeakDetector (ReferenceCountedLeakDetector.java:logLeakMessage(167)) - LEAK: (class org.apache.ratis.proto.RaftProtos$AppendEntriesRequestProto, count=2, value=serverRequest {
  requestorId: "s1"
  replyId: "s2"
  raftGroupId {
    id: "\375\210\024\357\262\375HY\244\207Ci\024Gb\025"
  }
  callId: 8
}
leaderTerm: 9
previousLog {
  term: 9
  index: 16
}
leaderCommit: 16
commitInfos {
  server {
    id: "s1"
    address: "localhost:15256"
    dataStreamAddress: "localhost:15259"
    clientAddress: "localhost:15258"
    adminAddress: "localhost:15257"
    startupRole: FOLLOWER
  }
  commitIndex: 16
}
commitInfos {
  server {
    id: "s0"
    address: "localhost:15252"
    dataStreamAddress: "localhost:15255"
    clientAddress: "localhost:15254"
    adminAddress: "localhost:15253"
    startupRole: FOLLOWER
  }
  commitIndex: 16
}
commitInfos {
  server {
    id: "s2"
    address: "localhost:15260"
    dataStreamAddress: "localhost:15263"
    clientAddress: "localhost:15262"
    adminAddress: "localhost:15261"
    startupRole: FOLLOWER
  }
  commitIndex: 16
}
)
2024-10-20 10:48:03,444 [main] WARN  util.ReferenceCountedLeakDetector (ReferenceCountedLeakDetector.java:logLeakMessage(167)) - LEAK: (class org.apache.ratis.proto.RaftProtos$AppendEntriesRequestProto, count=2, value=serverRequest {
  requestorId: "s1"
  replyId: "s2"
  raftGroupId {
    id: "\375\210\024\357\262\375HY\244\207Ci\024Gb\025"
  }
}
leaderTerm: 11
previousLog {
  term: 10
  index: 18
}
leaderCommit: 17
commitInfos {
  server {
    id: "s1"
    address: "localhost:15256"
    dataStreamAddress: "localhost:15259"
    clientAddress: "localhost:15258"
    adminAddress: "localhost:15257"
    startupRole: FOLLOWER
  }
  commitIndex: 17
}
commitInfos {
  server {
    id: "s0"
    address: "localhost:15252"
    dataStreamAddress: "localhost:15255"
    clientAddress: "localhost:15254"
    adminAddress: "localhost:15253"
    startupRole: FOLLOWER
  }
  commitIndex: 17
}
commitInfos {
  server {
    id: "s2"
    address: "localhost:15260"
    dataStreamAddress: "localhost:15263"
    clientAddress: "localhost:15262"
    adminAddress: "localhost:15261"
    startupRole: FOLLOWER
  }
  commitIndex: 16
}
)
2024-10-20 10:48:03,444 [main] WARN  util.LeakDetector (LeakDetector.java:assertNoLeaks(171)) - 21/30) numLeaks == 5 > 0, will wait and retry ...
2024-10-20 10:48:04,444 [main] WARN  util.ReferenceCountedLeakDetector (ReferenceCountedLeakDetector.java:logLeakMessage(167)) - LEAK: (class org.apache.ratis.proto.RaftProtos$AppendEntriesRequestProto, count=2, value=serverRequest {
  requestorId: "s0"
  replyId: "s2"
  raftGroupId {
    id: "\375\210\024\357\262\375HY\244\207Ci\024Gb\025"
  }
}
leaderTerm: 10
previousLog {
  term: 9
  index: 16
}
leaderCommit: 16
commitInfos {
  server {
    id: "s0"
    address: "localhost:15252"
    dataStreamAddress: "localhost:15255"
    clientAddress: "localhost:15254"
    adminAddress: "localhost:15253"
    startupRole: FOLLOWER
  }
  commitIndex: 16
}
commitInfos {
  server {
    id: "s1"
    address: "localhost:15256"
    dataStreamAddress: "localhost:15259"
    clientAddress: "localhost:15258"
    adminAddress: "localhost:15257"
    startupRole: FOLLOWER
  }
  commitIndex: 16
}
commitInfos {
  server {
    id: "s2"
    address: "localhost:15260"
    dataStreamAddress: "localhost:15263"
    clientAddress: "localhost:15262"
    adminAddress: "localhost:15261"
    startupRole: FOLLOWER
  }
  commitIndex: 16
}
)
2024-10-20 10:48:04,444 [main] WARN  util.ReferenceCountedLeakDetector (ReferenceCountedLeakDetector.java:logLeakMessage(167)) - LEAK: (class org.apache.ratis.proto.RaftProtos$AppendEntriesRequestProto, count=3, value=serverRequest {
  requestorId: "s1"
  replyId: "s2"
  raftGroupId {
    id: "\375\210\024\357\262\375HY\244\207Ci\024Gb\025"
  }
  callId: 1
}
leaderTerm: 11
previousLog {
  term: 10
  index: 18
}
entries {
  term: 11
  index: 19
  configurationEntry {
    peers {
      id: "s0"
      address: "localhost:15252"
      dataStreamAddress: "localhost:15255"
      clientAddress: "localhost:15254"
      adminAddress: "localhost:15253"
      startupRole: FOLLOWER
    }
    peers {
      id: "s1"
      address: "localhost:15256"
      dataStreamAddress: "localhost:15259"
      clientAddress: "localhost:15258"
      adminAddress: "localhost:15257"
      startupRole: FOLLOWER
    }
    peers {
      id: "s2"
      address: "localhost:15260"
      dataStreamAddress: "localhost:15263"
      clientAddress: "localhost:15262"
      adminAddress: "localhost:15261"
      startupRole: FOLLOWER
    }
  }
}
leaderCommit: 17
commitInfos {
  server {
    id: "s1"
    address: "localhost:15256"
    dataStreamAddress: "localhost:15259"
    clientAddress: "localhost:15258"
    adminAddress: "localhost:15257"
    startupRole: FOLLOWER
  }
  commitIndex: 17
}
commitInfos {
  server {
    id: "s0"
    address: "localhost:15252"
    dataStreamAddress: "localhost:15255"
    clientAddress: "localhost:15254"
    adminAddress: "localhost:15253"
    startupRole: FOLLOWER
  }
  commitIndex: 17
}
commitInfos {
  server {
    id: "s2"
    address: "localhost:15260"
    dataStreamAddress: "localhost:15263"
    clientAddress: "localhost:15262"
    adminAddress: "localhost:15261"
    startupRole: FOLLOWER
  }
  commitIndex: 16
}
)
2024-10-20 10:48:04,444 [main] WARN  util.ReferenceCountedLeakDetector (ReferenceCountedLeakDetector.java:logLeakMessage(167)) - LEAK: (class org.apache.ratis.proto.RaftProtos$AppendEntriesRequestProto, count=3, value=serverRequest {
  requestorId: "s0"
  replyId: "s2"
  raftGroupId {
    id: "\375\210\024\357\262\375HY\244\207Ci\024Gb\025"
  }
  callId: 1
}
leaderTerm: 10
previousLog {
  term: 9
  index: 16
}
entries {
  term: 10
  index: 17
  configurationEntry {
    peers {
      id: "s0"
      address: "localhost:15252"
      dataStreamAddress: "localhost:15255"
      clientAddress: "localhost:15254"
      adminAddress: "localhost:15253"
      startupRole: FOLLOWER
    }
    peers {
      id: "s1"
      address: "localhost:15256"
      dataStreamAddress: "localhost:15259"
      clientAddress: "localhost:15258"
      adminAddress: "localhost:15257"
      startupRole: FOLLOWER
    }
    peers {
      id: "s2"
      address: "localhost:15260"
      dataStreamAddress: "localhost:15263"
      clientAddress: "localhost:15262"
      adminAddress: "localhost:15261"
      startupRole: FOLLOWER
    }
  }
}
leaderCommit: 16
commitInfos {
  server {
    id: "s0"
    address: "localhost:15252"
    dataStreamAddress: "localhost:15255"
    clientAddress: "localhost:15254"
    adminAddress: "localhost:15253"
    startupRole: FOLLOWER
  }
  commitIndex: 16
}
commitInfos {
  server {
    id: "s1"
    address: "localhost:15256"
    dataStreamAddress: "localhost:15259"
    clientAddress: "localhost:15258"
    adminAddress: "localhost:15257"
    startupRole: FOLLOWER
  }
  commitIndex: 16
}
commitInfos {
  server {
    id: "s2"
    address: "localhost:15260"
    dataStreamAddress: "localhost:15263"
    clientAddress: "localhost:15262"
    adminAddress: "localhost:15261"
    startupRole: FOLLOWER
  }
  commitIndex: 16
}
)
2024-10-20 10:48:04,445 [main] WARN  util.ReferenceCountedLeakDetector (ReferenceCountedLeakDetector.java:logLeakMessage(167)) - LEAK: (class org.apache.ratis.proto.RaftProtos$AppendEntriesRequestProto, count=2, value=serverRequest {
  requestorId: "s1"
  replyId: "s2"
  raftGroupId {
    id: "\375\210\024\357\262\375HY\244\207Ci\024Gb\025"
  }
  callId: 8
}
leaderTerm: 9
previousLog {
  term: 9
  index: 16
}
leaderCommit: 16
commitInfos {
  server {
    id: "s1"
    address: "localhost:15256"
    dataStreamAddress: "localhost:15259"
    clientAddress: "localhost:15258"
    adminAddress: "localhost:15257"
    startupRole: FOLLOWER
  }
  commitIndex: 16
}
commitInfos {
  server {
    id: "s0"
    address: "localhost:15252"
    dataStreamAddress: "localhost:15255"
    clientAddress: "localhost:15254"
    adminAddress: "localhost:15253"
    startupRole: FOLLOWER
  }
  commitIndex: 16
}
commitInfos {
  server {
    id: "s2"
    address: "localhost:15260"
    dataStreamAddress: "localhost:15263"
    clientAddress: "localhost:15262"
    adminAddress: "localhost:15261"
    startupRole: FOLLOWER
  }
  commitIndex: 16
}
)
2024-10-20 10:48:04,445 [main] WARN  util.ReferenceCountedLeakDetector (ReferenceCountedLeakDetector.java:logLeakMessage(167)) - LEAK: (class org.apache.ratis.proto.RaftProtos$AppendEntriesRequestProto, count=2, value=serverRequest {
  requestorId: "s1"
  replyId: "s2"
  raftGroupId {
    id: "\375\210\024\357\262\375HY\244\207Ci\024Gb\025"
  }
}
leaderTerm: 11
previousLog {
  term: 10
  index: 18
}
leaderCommit: 17
commitInfos {
  server {
    id: "s1"
    address: "localhost:15256"
    dataStreamAddress: "localhost:15259"
    clientAddress: "localhost:15258"
    adminAddress: "localhost:15257"
    startupRole: FOLLOWER
  }
  commitIndex: 17
}
commitInfos {
  server {
    id: "s0"
    address: "localhost:15252"
    dataStreamAddress: "localhost:15255"
    clientAddress: "localhost:15254"
    adminAddress: "localhost:15253"
    startupRole: FOLLOWER
  }
  commitIndex: 17
}
commitInfos {
  server {
    id: "s2"
    address: "localhost:15260"
    dataStreamAddress: "localhost:15263"
    clientAddress: "localhost:15262"
    adminAddress: "localhost:15261"
    startupRole: FOLLOWER
  }
  commitIndex: 16
}
)
2024-10-20 10:48:04,445 [main] WARN  util.LeakDetector (LeakDetector.java:assertNoLeaks(171)) - 22/30) numLeaks == 5 > 0, will wait and retry ...
2024-10-20 10:48:05,445 [main] WARN  util.ReferenceCountedLeakDetector (ReferenceCountedLeakDetector.java:logLeakMessage(167)) - LEAK: (class org.apache.ratis.proto.RaftProtos$AppendEntriesRequestProto, count=2, value=serverRequest {
  requestorId: "s0"
  replyId: "s2"
  raftGroupId {
    id: "\375\210\024\357\262\375HY\244\207Ci\024Gb\025"
  }
}
leaderTerm: 10
previousLog {
  term: 9
  index: 16
}
leaderCommit: 16
commitInfos {
  server {
    id: "s0"
    address: "localhost:15252"
    dataStreamAddress: "localhost:15255"
    clientAddress: "localhost:15254"
    adminAddress: "localhost:15253"
    startupRole: FOLLOWER
  }
  commitIndex: 16
}
commitInfos {
  server {
    id: "s1"
    address: "localhost:15256"
    dataStreamAddress: "localhost:15259"
    clientAddress: "localhost:15258"
    adminAddress: "localhost:15257"
    startupRole: FOLLOWER
  }
  commitIndex: 16
}
commitInfos {
  server {
    id: "s2"
    address: "localhost:15260"
    dataStreamAddress: "localhost:15263"
    clientAddress: "localhost:15262"
    adminAddress: "localhost:15261"
    startupRole: FOLLOWER
  }
  commitIndex: 16
}
)
2024-10-20 10:48:05,445 [main] WARN  util.ReferenceCountedLeakDetector (ReferenceCountedLeakDetector.java:logLeakMessage(167)) - LEAK: (class org.apache.ratis.proto.RaftProtos$AppendEntriesRequestProto, count=3, value=serverRequest {
  requestorId: "s1"
  replyId: "s2"
  raftGroupId {
    id: "\375\210\024\357\262\375HY\244\207Ci\024Gb\025"
  }
  callId: 1
}
leaderTerm: 11
previousLog {
  term: 10
  index: 18
}
entries {
  term: 11
  index: 19
  configurationEntry {
    peers {
      id: "s0"
      address: "localhost:15252"
      dataStreamAddress: "localhost:15255"
      clientAddress: "localhost:15254"
      adminAddress: "localhost:15253"
      startupRole: FOLLOWER
    }
    peers {
      id: "s1"
      address: "localhost:15256"
      dataStreamAddress: "localhost:15259"
      clientAddress: "localhost:15258"
      adminAddress: "localhost:15257"
      startupRole: FOLLOWER
    }
    peers {
      id: "s2"
      address: "localhost:15260"
      dataStreamAddress: "localhost:15263"
      clientAddress: "localhost:15262"
      adminAddress: "localhost:15261"
      startupRole: FOLLOWER
    }
  }
}
leaderCommit: 17
commitInfos {
  server {
    id: "s1"
    address: "localhost:15256"
    dataStreamAddress: "localhost:15259"
    clientAddress: "localhost:15258"
    adminAddress: "localhost:15257"
    startupRole: FOLLOWER
  }
  commitIndex: 17
}
commitInfos {
  server {
    id: "s0"
    address: "localhost:15252"
    dataStreamAddress: "localhost:15255"
    clientAddress: "localhost:15254"
    adminAddress: "localhost:15253"
    startupRole: FOLLOWER
  }
  commitIndex: 17
}
commitInfos {
  server {
    id: "s2"
    address: "localhost:15260"
    dataStreamAddress: "localhost:15263"
    clientAddress: "localhost:15262"
    adminAddress: "localhost:15261"
    startupRole: FOLLOWER
  }
  commitIndex: 16
}
)
2024-10-20 10:48:05,445 [main] WARN  util.ReferenceCountedLeakDetector (ReferenceCountedLeakDetector.java:logLeakMessage(167)) - LEAK: (class org.apache.ratis.proto.RaftProtos$AppendEntriesRequestProto, count=3, value=serverRequest {
  requestorId: "s0"
  replyId: "s2"
  raftGroupId {
    id: "\375\210\024\357\262\375HY\244\207Ci\024Gb\025"
  }
  callId: 1
}
leaderTerm: 10
previousLog {
  term: 9
  index: 16
}
entries {
  term: 10
  index: 17
  configurationEntry {
    peers {
      id: "s0"
      address: "localhost:15252"
      dataStreamAddress: "localhost:15255"
      clientAddress: "localhost:15254"
      adminAddress: "localhost:15253"
      startupRole: FOLLOWER
    }
    peers {
      id: "s1"
      address: "localhost:15256"
      dataStreamAddress: "localhost:15259"
      clientAddress: "localhost:15258"
      adminAddress: "localhost:15257"
      startupRole: FOLLOWER
    }
    peers {
      id: "s2"
      address: "localhost:15260"
      dataStreamAddress: "localhost:15263"
      clientAddress: "localhost:15262"
      adminAddress: "localhost:15261"
      startupRole: FOLLOWER
    }
  }
}
leaderCommit: 16
commitInfos {
  server {
    id: "s0"
    address: "localhost:15252"
    dataStreamAddress: "localhost:15255"
    clientAddress: "localhost:15254"
    adminAddress: "localhost:15253"
    startupRole: FOLLOWER
  }
  commitIndex: 16
}
commitInfos {
  server {
    id: "s1"
    address: "localhost:15256"
    dataStreamAddress: "localhost:15259"
    clientAddress: "localhost:15258"
    adminAddress: "localhost:15257"
    startupRole: FOLLOWER
  }
  commitIndex: 16
}
commitInfos {
  server {
    id: "s2"
    address: "localhost:15260"
    dataStreamAddress: "localhost:15263"
    clientAddress: "localhost:15262"
    adminAddress: "localhost:15261"
    startupRole: FOLLOWER
  }
  commitIndex: 16
}
)
2024-10-20 10:48:05,446 [main] WARN  util.ReferenceCountedLeakDetector (ReferenceCountedLeakDetector.java:logLeakMessage(167)) - LEAK: (class org.apache.ratis.proto.RaftProtos$AppendEntriesRequestProto, count=2, value=serverRequest {
  requestorId: "s1"
  replyId: "s2"
  raftGroupId {
    id: "\375\210\024\357\262\375HY\244\207Ci\024Gb\025"
  }
  callId: 8
}
leaderTerm: 9
previousLog {
  term: 9
  index: 16
}
leaderCommit: 16
commitInfos {
  server {
    id: "s1"
    address: "localhost:15256"
    dataStreamAddress: "localhost:15259"
    clientAddress: "localhost:15258"
    adminAddress: "localhost:15257"
    startupRole: FOLLOWER
  }
  commitIndex: 16
}
commitInfos {
  server {
    id: "s0"
    address: "localhost:15252"
    dataStreamAddress: "localhost:15255"
    clientAddress: "localhost:15254"
    adminAddress: "localhost:15253"
    startupRole: FOLLOWER
  }
  commitIndex: 16
}
commitInfos {
  server {
    id: "s2"
    address: "localhost:15260"
    dataStreamAddress: "localhost:15263"
    clientAddress: "localhost:15262"
    adminAddress: "localhost:15261"
    startupRole: FOLLOWER
  }
  commitIndex: 16
}
)
2024-10-20 10:48:05,446 [main] WARN  util.ReferenceCountedLeakDetector (ReferenceCountedLeakDetector.java:logLeakMessage(167)) - LEAK: (class org.apache.ratis.proto.RaftProtos$AppendEntriesRequestProto, count=2, value=serverRequest {
  requestorId: "s1"
  replyId: "s2"
  raftGroupId {
    id: "\375\210\024\357\262\375HY\244\207Ci\024Gb\025"
  }
}
leaderTerm: 11
previousLog {
  term: 10
  index: 18
}
leaderCommit: 17
commitInfos {
  server {
    id: "s1"
    address: "localhost:15256"
    dataStreamAddress: "localhost:15259"
    clientAddress: "localhost:15258"
    adminAddress: "localhost:15257"
    startupRole: FOLLOWER
  }
  commitIndex: 17
}
commitInfos {
  server {
    id: "s0"
    address: "localhost:15252"
    dataStreamAddress: "localhost:15255"
    clientAddress: "localhost:15254"
    adminAddress: "localhost:15253"
    startupRole: FOLLOWER
  }
  commitIndex: 17
}
commitInfos {
  server {
    id: "s2"
    address: "localhost:15260"
    dataStreamAddress: "localhost:15263"
    clientAddress: "localhost:15262"
    adminAddress: "localhost:15261"
    startupRole: FOLLOWER
  }
  commitIndex: 16
}
)
2024-10-20 10:48:05,446 [main] WARN  util.LeakDetector (LeakDetector.java:assertNoLeaks(171)) - 23/30) numLeaks == 5 > 0, will wait and retry ...
2024-10-20 10:48:06,446 [main] WARN  util.ReferenceCountedLeakDetector (ReferenceCountedLeakDetector.java:logLeakMessage(167)) - LEAK: (class org.apache.ratis.proto.RaftProtos$AppendEntriesRequestProto, count=2, value=serverRequest {
  requestorId: "s0"
  replyId: "s2"
  raftGroupId {
    id: "\375\210\024\357\262\375HY\244\207Ci\024Gb\025"
  }
}
leaderTerm: 10
previousLog {
  term: 9
  index: 16
}
leaderCommit: 16
commitInfos {
  server {
    id: "s0"
    address: "localhost:15252"
    dataStreamAddress: "localhost:15255"
    clientAddress: "localhost:15254"
    adminAddress: "localhost:15253"
    startupRole: FOLLOWER
  }
  commitIndex: 16
}
commitInfos {
  server {
    id: "s1"
    address: "localhost:15256"
    dataStreamAddress: "localhost:15259"
    clientAddress: "localhost:15258"
    adminAddress: "localhost:15257"
    startupRole: FOLLOWER
  }
  commitIndex: 16
}
commitInfos {
  server {
    id: "s2"
    address: "localhost:15260"
    dataStreamAddress: "localhost:15263"
    clientAddress: "localhost:15262"
    adminAddress: "localhost:15261"
    startupRole: FOLLOWER
  }
  commitIndex: 16
}
)
2024-10-20 10:48:06,446 [main] WARN  util.ReferenceCountedLeakDetector (ReferenceCountedLeakDetector.java:logLeakMessage(167)) - LEAK: (class org.apache.ratis.proto.RaftProtos$AppendEntriesRequestProto, count=3, value=serverRequest {
  requestorId: "s1"
  replyId: "s2"
  raftGroupId {
    id: "\375\210\024\357\262\375HY\244\207Ci\024Gb\025"
  }
  callId: 1
}
leaderTerm: 11
previousLog {
  term: 10
  index: 18
}
entries {
  term: 11
  index: 19
  configurationEntry {
    peers {
      id: "s0"
      address: "localhost:15252"
      dataStreamAddress: "localhost:15255"
      clientAddress: "localhost:15254"
      adminAddress: "localhost:15253"
      startupRole: FOLLOWER
    }
    peers {
      id: "s1"
      address: "localhost:15256"
      dataStreamAddress: "localhost:15259"
      clientAddress: "localhost:15258"
      adminAddress: "localhost:15257"
      startupRole: FOLLOWER
    }
    peers {
      id: "s2"
      address: "localhost:15260"
      dataStreamAddress: "localhost:15263"
      clientAddress: "localhost:15262"
      adminAddress: "localhost:15261"
      startupRole: FOLLOWER
    }
  }
}
leaderCommit: 17
commitInfos {
  server {
    id: "s1"
    address: "localhost:15256"
    dataStreamAddress: "localhost:15259"
    clientAddress: "localhost:15258"
    adminAddress: "localhost:15257"
    startupRole: FOLLOWER
  }
  commitIndex: 17
}
commitInfos {
  server {
    id: "s0"
    address: "localhost:15252"
    dataStreamAddress: "localhost:15255"
    clientAddress: "localhost:15254"
    adminAddress: "localhost:15253"
    startupRole: FOLLOWER
  }
  commitIndex: 17
}
commitInfos {
  server {
    id: "s2"
    address: "localhost:15260"
    dataStreamAddress: "localhost:15263"
    clientAddress: "localhost:15262"
    adminAddress: "localhost:15261"
    startupRole: FOLLOWER
  }
  commitIndex: 16
}
)
2024-10-20 10:48:06,446 [main] WARN  util.ReferenceCountedLeakDetector (ReferenceCountedLeakDetector.java:logLeakMessage(167)) - LEAK: (class org.apache.ratis.proto.RaftProtos$AppendEntriesRequestProto, count=3, value=serverRequest {
  requestorId: "s0"
  replyId: "s2"
  raftGroupId {
    id: "\375\210\024\357\262\375HY\244\207Ci\024Gb\025"
  }
  callId: 1
}
leaderTerm: 10
previousLog {
  term: 9
  index: 16
}
entries {
  term: 10
  index: 17
  configurationEntry {
    peers {
      id: "s0"
      address: "localhost:15252"
      dataStreamAddress: "localhost:15255"
      clientAddress: "localhost:15254"
      adminAddress: "localhost:15253"
      startupRole: FOLLOWER
    }
    peers {
      id: "s1"
      address: "localhost:15256"
      dataStreamAddress: "localhost:15259"
      clientAddress: "localhost:15258"
      adminAddress: "localhost:15257"
      startupRole: FOLLOWER
    }
    peers {
      id: "s2"
      address: "localhost:15260"
      dataStreamAddress: "localhost:15263"
      clientAddress: "localhost:15262"
      adminAddress: "localhost:15261"
      startupRole: FOLLOWER
    }
  }
}
leaderCommit: 16
commitInfos {
  server {
    id: "s0"
    address: "localhost:15252"
    dataStreamAddress: "localhost:15255"
    clientAddress: "localhost:15254"
    adminAddress: "localhost:15253"
    startupRole: FOLLOWER
  }
  commitIndex: 16
}
commitInfos {
  server {
    id: "s1"
    address: "localhost:15256"
    dataStreamAddress: "localhost:15259"
    clientAddress: "localhost:15258"
    adminAddress: "localhost:15257"
    startupRole: FOLLOWER
  }
  commitIndex: 16
}
commitInfos {
  server {
    id: "s2"
    address: "localhost:15260"
    dataStreamAddress: "localhost:15263"
    clientAddress: "localhost:15262"
    adminAddress: "localhost:15261"
    startupRole: FOLLOWER
  }
  commitIndex: 16
}
)
2024-10-20 10:48:06,447 [main] WARN  util.ReferenceCountedLeakDetector (ReferenceCountedLeakDetector.java:logLeakMessage(167)) - LEAK: (class org.apache.ratis.proto.RaftProtos$AppendEntriesRequestProto, count=2, value=serverRequest {
  requestorId: "s1"
  replyId: "s2"
  raftGroupId {
    id: "\375\210\024\357\262\375HY\244\207Ci\024Gb\025"
  }
  callId: 8
}
leaderTerm: 9
previousLog {
  term: 9
  index: 16
}
leaderCommit: 16
commitInfos {
  server {
    id: "s1"
    address: "localhost:15256"
    dataStreamAddress: "localhost:15259"
    clientAddress: "localhost:15258"
    adminAddress: "localhost:15257"
    startupRole: FOLLOWER
  }
  commitIndex: 16
}
commitInfos {
  server {
    id: "s0"
    address: "localhost:15252"
    dataStreamAddress: "localhost:15255"
    clientAddress: "localhost:15254"
    adminAddress: "localhost:15253"
    startupRole: FOLLOWER
  }
  commitIndex: 16
}
commitInfos {
  server {
    id: "s2"
    address: "localhost:15260"
    dataStreamAddress: "localhost:15263"
    clientAddress: "localhost:15262"
    adminAddress: "localhost:15261"
    startupRole: FOLLOWER
  }
  commitIndex: 16
}
)
2024-10-20 10:48:06,447 [main] WARN  util.ReferenceCountedLeakDetector (ReferenceCountedLeakDetector.java:logLeakMessage(167)) - LEAK: (class org.apache.ratis.proto.RaftProtos$AppendEntriesRequestProto, count=2, value=serverRequest {
  requestorId: "s1"
  replyId: "s2"
  raftGroupId {
    id: "\375\210\024\357\262\375HY\244\207Ci\024Gb\025"
  }
}
leaderTerm: 11
previousLog {
  term: 10
  index: 18
}
leaderCommit: 17
commitInfos {
  server {
    id: "s1"
    address: "localhost:15256"
    dataStreamAddress: "localhost:15259"
    clientAddress: "localhost:15258"
    adminAddress: "localhost:15257"
    startupRole: FOLLOWER
  }
  commitIndex: 17
}
commitInfos {
  server {
    id: "s0"
    address: "localhost:15252"
    dataStreamAddress: "localhost:15255"
    clientAddress: "localhost:15254"
    adminAddress: "localhost:15253"
    startupRole: FOLLOWER
  }
  commitIndex: 17
}
commitInfos {
  server {
    id: "s2"
    address: "localhost:15260"
    dataStreamAddress: "localhost:15263"
    clientAddress: "localhost:15262"
    adminAddress: "localhost:15261"
    startupRole: FOLLOWER
  }
  commitIndex: 16
}
)
2024-10-20 10:48:06,447 [main] WARN  util.LeakDetector (LeakDetector.java:assertNoLeaks(171)) - 24/30) numLeaks == 5 > 0, will wait and retry ...
2024-10-20 10:48:07,447 [main] WARN  util.ReferenceCountedLeakDetector (ReferenceCountedLeakDetector.java:logLeakMessage(167)) - LEAK: (class org.apache.ratis.proto.RaftProtos$AppendEntriesRequestProto, count=2, value=serverRequest {
  requestorId: "s0"
  replyId: "s2"
  raftGroupId {
    id: "\375\210\024\357\262\375HY\244\207Ci\024Gb\025"
  }
}
leaderTerm: 10
previousLog {
  term: 9
  index: 16
}
leaderCommit: 16
commitInfos {
  server {
    id: "s0"
    address: "localhost:15252"
    dataStreamAddress: "localhost:15255"
    clientAddress: "localhost:15254"
    adminAddress: "localhost:15253"
    startupRole: FOLLOWER
  }
  commitIndex: 16
}
commitInfos {
  server {
    id: "s1"
    address: "localhost:15256"
    dataStreamAddress: "localhost:15259"
    clientAddress: "localhost:15258"
    adminAddress: "localhost:15257"
    startupRole: FOLLOWER
  }
  commitIndex: 16
}
commitInfos {
  server {
    id: "s2"
    address: "localhost:15260"
    dataStreamAddress: "localhost:15263"
    clientAddress: "localhost:15262"
    adminAddress: "localhost:15261"
    startupRole: FOLLOWER
  }
  commitIndex: 16
}
)
2024-10-20 10:48:07,447 [main] WARN  util.ReferenceCountedLeakDetector (ReferenceCountedLeakDetector.java:logLeakMessage(167)) - LEAK: (class org.apache.ratis.proto.RaftProtos$AppendEntriesRequestProto, count=3, value=serverRequest {
  requestorId: "s1"
  replyId: "s2"
  raftGroupId {
    id: "\375\210\024\357\262\375HY\244\207Ci\024Gb\025"
  }
  callId: 1
}
leaderTerm: 11
previousLog {
  term: 10
  index: 18
}
entries {
  term: 11
  index: 19
  configurationEntry {
    peers {
      id: "s0"
      address: "localhost:15252"
      dataStreamAddress: "localhost:15255"
      clientAddress: "localhost:15254"
      adminAddress: "localhost:15253"
      startupRole: FOLLOWER
    }
    peers {
      id: "s1"
      address: "localhost:15256"
      dataStreamAddress: "localhost:15259"
      clientAddress: "localhost:15258"
      adminAddress: "localhost:15257"
      startupRole: FOLLOWER
    }
    peers {
      id: "s2"
      address: "localhost:15260"
      dataStreamAddress: "localhost:15263"
      clientAddress: "localhost:15262"
      adminAddress: "localhost:15261"
      startupRole: FOLLOWER
    }
  }
}
leaderCommit: 17
commitInfos {
  server {
    id: "s1"
    address: "localhost:15256"
    dataStreamAddress: "localhost:15259"
    clientAddress: "localhost:15258"
    adminAddress: "localhost:15257"
    startupRole: FOLLOWER
  }
  commitIndex: 17
}
commitInfos {
  server {
    id: "s0"
    address: "localhost:15252"
    dataStreamAddress: "localhost:15255"
    clientAddress: "localhost:15254"
    adminAddress: "localhost:15253"
    startupRole: FOLLOWER
  }
  commitIndex: 17
}
commitInfos {
  server {
    id: "s2"
    address: "localhost:15260"
    dataStreamAddress: "localhost:15263"
    clientAddress: "localhost:15262"
    adminAddress: "localhost:15261"
    startupRole: FOLLOWER
  }
  commitIndex: 16
}
)
2024-10-20 10:48:07,447 [main] WARN  util.ReferenceCountedLeakDetector (ReferenceCountedLeakDetector.java:logLeakMessage(167)) - LEAK: (class org.apache.ratis.proto.RaftProtos$AppendEntriesRequestProto, count=3, value=serverRequest {
  requestorId: "s0"
  replyId: "s2"
  raftGroupId {
    id: "\375\210\024\357\262\375HY\244\207Ci\024Gb\025"
  }
  callId: 1
}
leaderTerm: 10
previousLog {
  term: 9
  index: 16
}
entries {
  term: 10
  index: 17
  configurationEntry {
    peers {
      id: "s0"
      address: "localhost:15252"
      dataStreamAddress: "localhost:15255"
      clientAddress: "localhost:15254"
      adminAddress: "localhost:15253"
      startupRole: FOLLOWER
    }
    peers {
      id: "s1"
      address: "localhost:15256"
      dataStreamAddress: "localhost:15259"
      clientAddress: "localhost:15258"
      adminAddress: "localhost:15257"
      startupRole: FOLLOWER
    }
    peers {
      id: "s2"
      address: "localhost:15260"
      dataStreamAddress: "localhost:15263"
      clientAddress: "localhost:15262"
      adminAddress: "localhost:15261"
      startupRole: FOLLOWER
    }
  }
}
leaderCommit: 16
commitInfos {
  server {
    id: "s0"
    address: "localhost:15252"
    dataStreamAddress: "localhost:15255"
    clientAddress: "localhost:15254"
    adminAddress: "localhost:15253"
    startupRole: FOLLOWER
  }
  commitIndex: 16
}
commitInfos {
  server {
    id: "s1"
    address: "localhost:15256"
    dataStreamAddress: "localhost:15259"
    clientAddress: "localhost:15258"
    adminAddress: "localhost:15257"
    startupRole: FOLLOWER
  }
  commitIndex: 16
}
commitInfos {
  server {
    id: "s2"
    address: "localhost:15260"
    dataStreamAddress: "localhost:15263"
    clientAddress: "localhost:15262"
    adminAddress: "localhost:15261"
    startupRole: FOLLOWER
  }
  commitIndex: 16
}
)
2024-10-20 10:48:07,448 [main] WARN  util.ReferenceCountedLeakDetector (ReferenceCountedLeakDetector.java:logLeakMessage(167)) - LEAK: (class org.apache.ratis.proto.RaftProtos$AppendEntriesRequestProto, count=2, value=serverRequest {
  requestorId: "s1"
  replyId: "s2"
  raftGroupId {
    id: "\375\210\024\357\262\375HY\244\207Ci\024Gb\025"
  }
  callId: 8
}
leaderTerm: 9
previousLog {
  term: 9
  index: 16
}
leaderCommit: 16
commitInfos {
  server {
    id: "s1"
    address: "localhost:15256"
    dataStreamAddress: "localhost:15259"
    clientAddress: "localhost:15258"
    adminAddress: "localhost:15257"
    startupRole: FOLLOWER
  }
  commitIndex: 16
}
commitInfos {
  server {
    id: "s0"
    address: "localhost:15252"
    dataStreamAddress: "localhost:15255"
    clientAddress: "localhost:15254"
    adminAddress: "localhost:15253"
    startupRole: FOLLOWER
  }
  commitIndex: 16
}
commitInfos {
  server {
    id: "s2"
    address: "localhost:15260"
    dataStreamAddress: "localhost:15263"
    clientAddress: "localhost:15262"
    adminAddress: "localhost:15261"
    startupRole: FOLLOWER
  }
  commitIndex: 16
}
)
2024-10-20 10:48:07,448 [main] WARN  util.ReferenceCountedLeakDetector (ReferenceCountedLeakDetector.java:logLeakMessage(167)) - LEAK: (class org.apache.ratis.proto.RaftProtos$AppendEntriesRequestProto, count=2, value=serverRequest {
  requestorId: "s1"
  replyId: "s2"
  raftGroupId {
    id: "\375\210\024\357\262\375HY\244\207Ci\024Gb\025"
  }
}
leaderTerm: 11
previousLog {
  term: 10
  index: 18
}
leaderCommit: 17
commitInfos {
  server {
    id: "s1"
    address: "localhost:15256"
    dataStreamAddress: "localhost:15259"
    clientAddress: "localhost:15258"
    adminAddress: "localhost:15257"
    startupRole: FOLLOWER
  }
  commitIndex: 17
}
commitInfos {
  server {
    id: "s0"
    address: "localhost:15252"
    dataStreamAddress: "localhost:15255"
    clientAddress: "localhost:15254"
    adminAddress: "localhost:15253"
    startupRole: FOLLOWER
  }
  commitIndex: 17
}
commitInfos {
  server {
    id: "s2"
    address: "localhost:15260"
    dataStreamAddress: "localhost:15263"
    clientAddress: "localhost:15262"
    adminAddress: "localhost:15261"
    startupRole: FOLLOWER
  }
  commitIndex: 16
}
)
2024-10-20 10:48:07,448 [main] WARN  util.LeakDetector (LeakDetector.java:assertNoLeaks(171)) - 25/30) numLeaks == 5 > 0, will wait and retry ...
2024-10-20 10:48:08,448 [main] WARN  util.ReferenceCountedLeakDetector (ReferenceCountedLeakDetector.java:logLeakMessage(167)) - LEAK: (class org.apache.ratis.proto.RaftProtos$AppendEntriesRequestProto, count=2, value=serverRequest {
  requestorId: "s0"
  replyId: "s2"
  raftGroupId {
    id: "\375\210\024\357\262\375HY\244\207Ci\024Gb\025"
  }
}
leaderTerm: 10
previousLog {
  term: 9
  index: 16
}
leaderCommit: 16
commitInfos {
  server {
    id: "s0"
    address: "localhost:15252"
    dataStreamAddress: "localhost:15255"
    clientAddress: "localhost:15254"
    adminAddress: "localhost:15253"
    startupRole: FOLLOWER
  }
  commitIndex: 16
}
commitInfos {
  server {
    id: "s1"
    address: "localhost:15256"
    dataStreamAddress: "localhost:15259"
    clientAddress: "localhost:15258"
    adminAddress: "localhost:15257"
    startupRole: FOLLOWER
  }
  commitIndex: 16
}
commitInfos {
  server {
    id: "s2"
    address: "localhost:15260"
    dataStreamAddress: "localhost:15263"
    clientAddress: "localhost:15262"
    adminAddress: "localhost:15261"
    startupRole: FOLLOWER
  }
  commitIndex: 16
}
)
2024-10-20 10:48:08,448 [main] WARN  util.ReferenceCountedLeakDetector (ReferenceCountedLeakDetector.java:logLeakMessage(167)) - LEAK: (class org.apache.ratis.proto.RaftProtos$AppendEntriesRequestProto, count=3, value=serverRequest {
  requestorId: "s1"
  replyId: "s2"
  raftGroupId {
    id: "\375\210\024\357\262\375HY\244\207Ci\024Gb\025"
  }
  callId: 1
}
leaderTerm: 11
previousLog {
  term: 10
  index: 18
}
entries {
  term: 11
  index: 19
  configurationEntry {
    peers {
      id: "s0"
      address: "localhost:15252"
      dataStreamAddress: "localhost:15255"
      clientAddress: "localhost:15254"
      adminAddress: "localhost:15253"
      startupRole: FOLLOWER
    }
    peers {
      id: "s1"
      address: "localhost:15256"
      dataStreamAddress: "localhost:15259"
      clientAddress: "localhost:15258"
      adminAddress: "localhost:15257"
      startupRole: FOLLOWER
    }
    peers {
      id: "s2"
      address: "localhost:15260"
      dataStreamAddress: "localhost:15263"
      clientAddress: "localhost:15262"
      adminAddress: "localhost:15261"
      startupRole: FOLLOWER
    }
  }
}
leaderCommit: 17
commitInfos {
  server {
    id: "s1"
    address: "localhost:15256"
    dataStreamAddress: "localhost:15259"
    clientAddress: "localhost:15258"
    adminAddress: "localhost:15257"
    startupRole: FOLLOWER
  }
  commitIndex: 17
}
commitInfos {
  server {
    id: "s0"
    address: "localhost:15252"
    dataStreamAddress: "localhost:15255"
    clientAddress: "localhost:15254"
    adminAddress: "localhost:15253"
    startupRole: FOLLOWER
  }
  commitIndex: 17
}
commitInfos {
  server {
    id: "s2"
    address: "localhost:15260"
    dataStreamAddress: "localhost:15263"
    clientAddress: "localhost:15262"
    adminAddress: "localhost:15261"
    startupRole: FOLLOWER
  }
  commitIndex: 16
}
)
2024-10-20 10:48:08,448 [main] WARN  util.ReferenceCountedLeakDetector (ReferenceCountedLeakDetector.java:logLeakMessage(167)) - LEAK: (class org.apache.ratis.proto.RaftProtos$AppendEntriesRequestProto, count=3, value=serverRequest {
  requestorId: "s0"
  replyId: "s2"
  raftGroupId {
    id: "\375\210\024\357\262\375HY\244\207Ci\024Gb\025"
  }
  callId: 1
}
leaderTerm: 10
previousLog {
  term: 9
  index: 16
}
entries {
  term: 10
  index: 17
  configurationEntry {
    peers {
      id: "s0"
      address: "localhost:15252"
      dataStreamAddress: "localhost:15255"
      clientAddress: "localhost:15254"
      adminAddress: "localhost:15253"
      startupRole: FOLLOWER
    }
    peers {
      id: "s1"
      address: "localhost:15256"
      dataStreamAddress: "localhost:15259"
      clientAddress: "localhost:15258"
      adminAddress: "localhost:15257"
      startupRole: FOLLOWER
    }
    peers {
      id: "s2"
      address: "localhost:15260"
      dataStreamAddress: "localhost:15263"
      clientAddress: "localhost:15262"
      adminAddress: "localhost:15261"
      startupRole: FOLLOWER
    }
  }
}
leaderCommit: 16
commitInfos {
  server {
    id: "s0"
    address: "localhost:15252"
    dataStreamAddress: "localhost:15255"
    clientAddress: "localhost:15254"
    adminAddress: "localhost:15253"
    startupRole: FOLLOWER
  }
  commitIndex: 16
}
commitInfos {
  server {
    id: "s1"
    address: "localhost:15256"
    dataStreamAddress: "localhost:15259"
    clientAddress: "localhost:15258"
    adminAddress: "localhost:15257"
    startupRole: FOLLOWER
  }
  commitIndex: 16
}
commitInfos {
  server {
    id: "s2"
    address: "localhost:15260"
    dataStreamAddress: "localhost:15263"
    clientAddress: "localhost:15262"
    adminAddress: "localhost:15261"
    startupRole: FOLLOWER
  }
  commitIndex: 16
}
)
2024-10-20 10:48:08,449 [main] WARN  util.ReferenceCountedLeakDetector (ReferenceCountedLeakDetector.java:logLeakMessage(167)) - LEAK: (class org.apache.ratis.proto.RaftProtos$AppendEntriesRequestProto, count=2, value=serverRequest {
  requestorId: "s1"
  replyId: "s2"
  raftGroupId {
    id: "\375\210\024\357\262\375HY\244\207Ci\024Gb\025"
  }
  callId: 8
}
leaderTerm: 9
previousLog {
  term: 9
  index: 16
}
leaderCommit: 16
commitInfos {
  server {
    id: "s1"
    address: "localhost:15256"
    dataStreamAddress: "localhost:15259"
    clientAddress: "localhost:15258"
    adminAddress: "localhost:15257"
    startupRole: FOLLOWER
  }
  commitIndex: 16
}
commitInfos {
  server {
    id: "s0"
    address: "localhost:15252"
    dataStreamAddress: "localhost:15255"
    clientAddress: "localhost:15254"
    adminAddress: "localhost:15253"
    startupRole: FOLLOWER
  }
  commitIndex: 16
}
commitInfos {
  server {
    id: "s2"
    address: "localhost:15260"
    dataStreamAddress: "localhost:15263"
    clientAddress: "localhost:15262"
    adminAddress: "localhost:15261"
    startupRole: FOLLOWER
  }
  commitIndex: 16
}
)
2024-10-20 10:48:08,449 [main] WARN  util.ReferenceCountedLeakDetector (ReferenceCountedLeakDetector.java:logLeakMessage(167)) - LEAK: (class org.apache.ratis.proto.RaftProtos$AppendEntriesRequestProto, count=2, value=serverRequest {
  requestorId: "s1"
  replyId: "s2"
  raftGroupId {
    id: "\375\210\024\357\262\375HY\244\207Ci\024Gb\025"
  }
}
leaderTerm: 11
previousLog {
  term: 10
  index: 18
}
leaderCommit: 17
commitInfos {
  server {
    id: "s1"
    address: "localhost:15256"
    dataStreamAddress: "localhost:15259"
    clientAddress: "localhost:15258"
    adminAddress: "localhost:15257"
    startupRole: FOLLOWER
  }
  commitIndex: 17
}
commitInfos {
  server {
    id: "s0"
    address: "localhost:15252"
    dataStreamAddress: "localhost:15255"
    clientAddress: "localhost:15254"
    adminAddress: "localhost:15253"
    startupRole: FOLLOWER
  }
  commitIndex: 17
}
commitInfos {
  server {
    id: "s2"
    address: "localhost:15260"
    dataStreamAddress: "localhost:15263"
    clientAddress: "localhost:15262"
    adminAddress: "localhost:15261"
    startupRole: FOLLOWER
  }
  commitIndex: 16
}
)
2024-10-20 10:48:08,449 [main] WARN  util.LeakDetector (LeakDetector.java:assertNoLeaks(171)) - 26/30) numLeaks == 5 > 0, will wait and retry ...
2024-10-20 10:48:09,449 [main] WARN  util.ReferenceCountedLeakDetector (ReferenceCountedLeakDetector.java:logLeakMessage(167)) - LEAK: (class org.apache.ratis.proto.RaftProtos$AppendEntriesRequestProto, count=2, value=serverRequest {
  requestorId: "s0"
  replyId: "s2"
  raftGroupId {
    id: "\375\210\024\357\262\375HY\244\207Ci\024Gb\025"
  }
}
leaderTerm: 10
previousLog {
  term: 9
  index: 16
}
leaderCommit: 16
commitInfos {
  server {
    id: "s0"
    address: "localhost:15252"
    dataStreamAddress: "localhost:15255"
    clientAddress: "localhost:15254"
    adminAddress: "localhost:15253"
    startupRole: FOLLOWER
  }
  commitIndex: 16
}
commitInfos {
  server {
    id: "s1"
    address: "localhost:15256"
    dataStreamAddress: "localhost:15259"
    clientAddress: "localhost:15258"
    adminAddress: "localhost:15257"
    startupRole: FOLLOWER
  }
  commitIndex: 16
}
commitInfos {
  server {
    id: "s2"
    address: "localhost:15260"
    dataStreamAddress: "localhost:15263"
    clientAddress: "localhost:15262"
    adminAddress: "localhost:15261"
    startupRole: FOLLOWER
  }
  commitIndex: 16
}
)
2024-10-20 10:48:09,449 [main] WARN  util.ReferenceCountedLeakDetector (ReferenceCountedLeakDetector.java:logLeakMessage(167)) - LEAK: (class org.apache.ratis.proto.RaftProtos$AppendEntriesRequestProto, count=3, value=serverRequest {
  requestorId: "s1"
  replyId: "s2"
  raftGroupId {
    id: "\375\210\024\357\262\375HY\244\207Ci\024Gb\025"
  }
  callId: 1
}
leaderTerm: 11
previousLog {
  term: 10
  index: 18
}
entries {
  term: 11
  index: 19
  configurationEntry {
    peers {
      id: "s0"
      address: "localhost:15252"
      dataStreamAddress: "localhost:15255"
      clientAddress: "localhost:15254"
      adminAddress: "localhost:15253"
      startupRole: FOLLOWER
    }
    peers {
      id: "s1"
      address: "localhost:15256"
      dataStreamAddress: "localhost:15259"
      clientAddress: "localhost:15258"
      adminAddress: "localhost:15257"
      startupRole: FOLLOWER
    }
    peers {
      id: "s2"
      address: "localhost:15260"
      dataStreamAddress: "localhost:15263"
      clientAddress: "localhost:15262"
      adminAddress: "localhost:15261"
      startupRole: FOLLOWER
    }
  }
}
leaderCommit: 17
commitInfos {
  server {
    id: "s1"
    address: "localhost:15256"
    dataStreamAddress: "localhost:15259"
    clientAddress: "localhost:15258"
    adminAddress: "localhost:15257"
    startupRole: FOLLOWER
  }
  commitIndex: 17
}
commitInfos {
  server {
    id: "s0"
    address: "localhost:15252"
    dataStreamAddress: "localhost:15255"
    clientAddress: "localhost:15254"
    adminAddress: "localhost:15253"
    startupRole: FOLLOWER
  }
  commitIndex: 17
}
commitInfos {
  server {
    id: "s2"
    address: "localhost:15260"
    dataStreamAddress: "localhost:15263"
    clientAddress: "localhost:15262"
    adminAddress: "localhost:15261"
    startupRole: FOLLOWER
  }
  commitIndex: 16
}
)
2024-10-20 10:48:09,449 [main] WARN  util.ReferenceCountedLeakDetector (ReferenceCountedLeakDetector.java:logLeakMessage(167)) - LEAK: (class org.apache.ratis.proto.RaftProtos$AppendEntriesRequestProto, count=3, value=serverRequest {
  requestorId: "s0"
  replyId: "s2"
  raftGroupId {
    id: "\375\210\024\357\262\375HY\244\207Ci\024Gb\025"
  }
  callId: 1
}
leaderTerm: 10
previousLog {
  term: 9
  index: 16
}
entries {
  term: 10
  index: 17
  configurationEntry {
    peers {
      id: "s0"
      address: "localhost:15252"
      dataStreamAddress: "localhost:15255"
      clientAddress: "localhost:15254"
      adminAddress: "localhost:15253"
      startupRole: FOLLOWER
    }
    peers {
      id: "s1"
      address: "localhost:15256"
      dataStreamAddress: "localhost:15259"
      clientAddress: "localhost:15258"
      adminAddress: "localhost:15257"
      startupRole: FOLLOWER
    }
    peers {
      id: "s2"
      address: "localhost:15260"
      dataStreamAddress: "localhost:15263"
      clientAddress: "localhost:15262"
      adminAddress: "localhost:15261"
      startupRole: FOLLOWER
    }
  }
}
leaderCommit: 16
commitInfos {
  server {
    id: "s0"
    address: "localhost:15252"
    dataStreamAddress: "localhost:15255"
    clientAddress: "localhost:15254"
    adminAddress: "localhost:15253"
    startupRole: FOLLOWER
  }
  commitIndex: 16
}
commitInfos {
  server {
    id: "s1"
    address: "localhost:15256"
    dataStreamAddress: "localhost:15259"
    clientAddress: "localhost:15258"
    adminAddress: "localhost:15257"
    startupRole: FOLLOWER
  }
  commitIndex: 16
}
commitInfos {
  server {
    id: "s2"
    address: "localhost:15260"
    dataStreamAddress: "localhost:15263"
    clientAddress: "localhost:15262"
    adminAddress: "localhost:15261"
    startupRole: FOLLOWER
  }
  commitIndex: 16
}
)
2024-10-20 10:48:09,450 [main] WARN  util.ReferenceCountedLeakDetector (ReferenceCountedLeakDetector.java:logLeakMessage(167)) - LEAK: (class org.apache.ratis.proto.RaftProtos$AppendEntriesRequestProto, count=2, value=serverRequest {
  requestorId: "s1"
  replyId: "s2"
  raftGroupId {
    id: "\375\210\024\357\262\375HY\244\207Ci\024Gb\025"
  }
  callId: 8
}
leaderTerm: 9
previousLog {
  term: 9
  index: 16
}
leaderCommit: 16
commitInfos {
  server {
    id: "s1"
    address: "localhost:15256"
    dataStreamAddress: "localhost:15259"
    clientAddress: "localhost:15258"
    adminAddress: "localhost:15257"
    startupRole: FOLLOWER
  }
  commitIndex: 16
}
commitInfos {
  server {
    id: "s0"
    address: "localhost:15252"
    dataStreamAddress: "localhost:15255"
    clientAddress: "localhost:15254"
    adminAddress: "localhost:15253"
    startupRole: FOLLOWER
  }
  commitIndex: 16
}
commitInfos {
  server {
    id: "s2"
    address: "localhost:15260"
    dataStreamAddress: "localhost:15263"
    clientAddress: "localhost:15262"
    adminAddress: "localhost:15261"
    startupRole: FOLLOWER
  }
  commitIndex: 16
}
)
2024-10-20 10:48:09,450 [main] WARN  util.ReferenceCountedLeakDetector (ReferenceCountedLeakDetector.java:logLeakMessage(167)) - LEAK: (class org.apache.ratis.proto.RaftProtos$AppendEntriesRequestProto, count=2, value=serverRequest {
  requestorId: "s1"
  replyId: "s2"
  raftGroupId {
    id: "\375\210\024\357\262\375HY\244\207Ci\024Gb\025"
  }
}
leaderTerm: 11
previousLog {
  term: 10
  index: 18
}
leaderCommit: 17
commitInfos {
  server {
    id: "s1"
    address: "localhost:15256"
    dataStreamAddress: "localhost:15259"
    clientAddress: "localhost:15258"
    adminAddress: "localhost:15257"
    startupRole: FOLLOWER
  }
  commitIndex: 17
}
commitInfos {
  server {
    id: "s0"
    address: "localhost:15252"
    dataStreamAddress: "localhost:15255"
    clientAddress: "localhost:15254"
    adminAddress: "localhost:15253"
    startupRole: FOLLOWER
  }
  commitIndex: 17
}
commitInfos {
  server {
    id: "s2"
    address: "localhost:15260"
    dataStreamAddress: "localhost:15263"
    clientAddress: "localhost:15262"
    adminAddress: "localhost:15261"
    startupRole: FOLLOWER
  }
  commitIndex: 16
}
)
2024-10-20 10:48:09,450 [main] WARN  util.LeakDetector (LeakDetector.java:assertNoLeaks(171)) - 27/30) numLeaks == 5 > 0, will wait and retry ...
2024-10-20 10:48:10,450 [main] WARN  util.ReferenceCountedLeakDetector (ReferenceCountedLeakDetector.java:logLeakMessage(167)) - LEAK: (class org.apache.ratis.proto.RaftProtos$AppendEntriesRequestProto, count=2, value=serverRequest {
  requestorId: "s0"
  replyId: "s2"
  raftGroupId {
    id: "\375\210\024\357\262\375HY\244\207Ci\024Gb\025"
  }
}
leaderTerm: 10
previousLog {
  term: 9
  index: 16
}
leaderCommit: 16
commitInfos {
  server {
    id: "s0"
    address: "localhost:15252"
    dataStreamAddress: "localhost:15255"
    clientAddress: "localhost:15254"
    adminAddress: "localhost:15253"
    startupRole: FOLLOWER
  }
  commitIndex: 16
}
commitInfos {
  server {
    id: "s1"
    address: "localhost:15256"
    dataStreamAddress: "localhost:15259"
    clientAddress: "localhost:15258"
    adminAddress: "localhost:15257"
    startupRole: FOLLOWER
  }
  commitIndex: 16
}
commitInfos {
  server {
    id: "s2"
    address: "localhost:15260"
    dataStreamAddress: "localhost:15263"
    clientAddress: "localhost:15262"
    adminAddress: "localhost:15261"
    startupRole: FOLLOWER
  }
  commitIndex: 16
}
)
2024-10-20 10:48:10,450 [main] WARN  util.ReferenceCountedLeakDetector (ReferenceCountedLeakDetector.java:logLeakMessage(167)) - LEAK: (class org.apache.ratis.proto.RaftProtos$AppendEntriesRequestProto, count=3, value=serverRequest {
  requestorId: "s1"
  replyId: "s2"
  raftGroupId {
    id: "\375\210\024\357\262\375HY\244\207Ci\024Gb\025"
  }
  callId: 1
}
leaderTerm: 11
previousLog {
  term: 10
  index: 18
}
entries {
  term: 11
  index: 19
  configurationEntry {
    peers {
      id: "s0"
      address: "localhost:15252"
      dataStreamAddress: "localhost:15255"
      clientAddress: "localhost:15254"
      adminAddress: "localhost:15253"
      startupRole: FOLLOWER
    }
    peers {
      id: "s1"
      address: "localhost:15256"
      dataStreamAddress: "localhost:15259"
      clientAddress: "localhost:15258"
      adminAddress: "localhost:15257"
      startupRole: FOLLOWER
    }
    peers {
      id: "s2"
      address: "localhost:15260"
      dataStreamAddress: "localhost:15263"
      clientAddress: "localhost:15262"
      adminAddress: "localhost:15261"
      startupRole: FOLLOWER
    }
  }
}
leaderCommit: 17
commitInfos {
  server {
    id: "s1"
    address: "localhost:15256"
    dataStreamAddress: "localhost:15259"
    clientAddress: "localhost:15258"
    adminAddress: "localhost:15257"
    startupRole: FOLLOWER
  }
  commitIndex: 17
}
commitInfos {
  server {
    id: "s0"
    address: "localhost:15252"
    dataStreamAddress: "localhost:15255"
    clientAddress: "localhost:15254"
    adminAddress: "localhost:15253"
    startupRole: FOLLOWER
  }
  commitIndex: 17
}
commitInfos {
  server {
    id: "s2"
    address: "localhost:15260"
    dataStreamAddress: "localhost:15263"
    clientAddress: "localhost:15262"
    adminAddress: "localhost:15261"
    startupRole: FOLLOWER
  }
  commitIndex: 16
}
)
2024-10-20 10:48:10,450 [main] WARN  util.ReferenceCountedLeakDetector (ReferenceCountedLeakDetector.java:logLeakMessage(167)) - LEAK: (class org.apache.ratis.proto.RaftProtos$AppendEntriesRequestProto, count=3, value=serverRequest {
  requestorId: "s0"
  replyId: "s2"
  raftGroupId {
    id: "\375\210\024\357\262\375HY\244\207Ci\024Gb\025"
  }
  callId: 1
}
leaderTerm: 10
previousLog {
  term: 9
  index: 16
}
entries {
  term: 10
  index: 17
  configurationEntry {
    peers {
      id: "s0"
      address: "localhost:15252"
      dataStreamAddress: "localhost:15255"
      clientAddress: "localhost:15254"
      adminAddress: "localhost:15253"
      startupRole: FOLLOWER
    }
    peers {
      id: "s1"
      address: "localhost:15256"
      dataStreamAddress: "localhost:15259"
      clientAddress: "localhost:15258"
      adminAddress: "localhost:15257"
      startupRole: FOLLOWER
    }
    peers {
      id: "s2"
      address: "localhost:15260"
      dataStreamAddress: "localhost:15263"
      clientAddress: "localhost:15262"
      adminAddress: "localhost:15261"
      startupRole: FOLLOWER
    }
  }
}
leaderCommit: 16
commitInfos {
  server {
    id: "s0"
    address: "localhost:15252"
    dataStreamAddress: "localhost:15255"
    clientAddress: "localhost:15254"
    adminAddress: "localhost:15253"
    startupRole: FOLLOWER
  }
  commitIndex: 16
}
commitInfos {
  server {
    id: "s1"
    address: "localhost:15256"
    dataStreamAddress: "localhost:15259"
    clientAddress: "localhost:15258"
    adminAddress: "localhost:15257"
    startupRole: FOLLOWER
  }
  commitIndex: 16
}
commitInfos {
  server {
    id: "s2"
    address: "localhost:15260"
    dataStreamAddress: "localhost:15263"
    clientAddress: "localhost:15262"
    adminAddress: "localhost:15261"
    startupRole: FOLLOWER
  }
  commitIndex: 16
}
)
2024-10-20 10:48:10,451 [main] WARN  util.ReferenceCountedLeakDetector (ReferenceCountedLeakDetector.java:logLeakMessage(167)) - LEAK: (class org.apache.ratis.proto.RaftProtos$AppendEntriesRequestProto, count=2, value=serverRequest {
  requestorId: "s1"
  replyId: "s2"
  raftGroupId {
    id: "\375\210\024\357\262\375HY\244\207Ci\024Gb\025"
  }
  callId: 8
}
leaderTerm: 9
previousLog {
  term: 9
  index: 16
}
leaderCommit: 16
commitInfos {
  server {
    id: "s1"
    address: "localhost:15256"
    dataStreamAddress: "localhost:15259"
    clientAddress: "localhost:15258"
    adminAddress: "localhost:15257"
    startupRole: FOLLOWER
  }
  commitIndex: 16
}
commitInfos {
  server {
    id: "s0"
    address: "localhost:15252"
    dataStreamAddress: "localhost:15255"
    clientAddress: "localhost:15254"
    adminAddress: "localhost:15253"
    startupRole: FOLLOWER
  }
  commitIndex: 16
}
commitInfos {
  server {
    id: "s2"
    address: "localhost:15260"
    dataStreamAddress: "localhost:15263"
    clientAddress: "localhost:15262"
    adminAddress: "localhost:15261"
    startupRole: FOLLOWER
  }
  commitIndex: 16
}
)
2024-10-20 10:48:10,451 [main] WARN  util.ReferenceCountedLeakDetector (ReferenceCountedLeakDetector.java:logLeakMessage(167)) - LEAK: (class org.apache.ratis.proto.RaftProtos$AppendEntriesRequestProto, count=2, value=serverRequest {
  requestorId: "s1"
  replyId: "s2"
  raftGroupId {
    id: "\375\210\024\357\262\375HY\244\207Ci\024Gb\025"
  }
}
leaderTerm: 11
previousLog {
  term: 10
  index: 18
}
leaderCommit: 17
commitInfos {
  server {
    id: "s1"
    address: "localhost:15256"
    dataStreamAddress: "localhost:15259"
    clientAddress: "localhost:15258"
    adminAddress: "localhost:15257"
    startupRole: FOLLOWER
  }
  commitIndex: 17
}
commitInfos {
  server {
    id: "s0"
    address: "localhost:15252"
    dataStreamAddress: "localhost:15255"
    clientAddress: "localhost:15254"
    adminAddress: "localhost:15253"
    startupRole: FOLLOWER
  }
  commitIndex: 17
}
commitInfos {
  server {
    id: "s2"
    address: "localhost:15260"
    dataStreamAddress: "localhost:15263"
    clientAddress: "localhost:15262"
    adminAddress: "localhost:15261"
    startupRole: FOLLOWER
  }
  commitIndex: 16
}
)
2024-10-20 10:48:10,451 [main] WARN  util.LeakDetector (LeakDetector.java:assertNoLeaks(171)) - 28/30) numLeaks == 5 > 0, will wait and retry ...
2024-10-20 10:48:11,451 [main] WARN  util.ReferenceCountedLeakDetector (ReferenceCountedLeakDetector.java:logLeakMessage(167)) - LEAK: (class org.apache.ratis.proto.RaftProtos$AppendEntriesRequestProto, count=2, value=serverRequest {
  requestorId: "s0"
  replyId: "s2"
  raftGroupId {
    id: "\375\210\024\357\262\375HY\244\207Ci\024Gb\025"
  }
}
leaderTerm: 10
previousLog {
  term: 9
  index: 16
}
leaderCommit: 16
commitInfos {
  server {
    id: "s0"
    address: "localhost:15252"
    dataStreamAddress: "localhost:15255"
    clientAddress: "localhost:15254"
    adminAddress: "localhost:15253"
    startupRole: FOLLOWER
  }
  commitIndex: 16
}
commitInfos {
  server {
    id: "s1"
    address: "localhost:15256"
    dataStreamAddress: "localhost:15259"
    clientAddress: "localhost:15258"
    adminAddress: "localhost:15257"
    startupRole: FOLLOWER
  }
  commitIndex: 16
}
commitInfos {
  server {
    id: "s2"
    address: "localhost:15260"
    dataStreamAddress: "localhost:15263"
    clientAddress: "localhost:15262"
    adminAddress: "localhost:15261"
    startupRole: FOLLOWER
  }
  commitIndex: 16
}
)
2024-10-20 10:48:11,451 [main] WARN  util.ReferenceCountedLeakDetector (ReferenceCountedLeakDetector.java:logLeakMessage(167)) - LEAK: (class org.apache.ratis.proto.RaftProtos$AppendEntriesRequestProto, count=3, value=serverRequest {
  requestorId: "s1"
  replyId: "s2"
  raftGroupId {
    id: "\375\210\024\357\262\375HY\244\207Ci\024Gb\025"
  }
  callId: 1
}
leaderTerm: 11
previousLog {
  term: 10
  index: 18
}
entries {
  term: 11
  index: 19
  configurationEntry {
    peers {
      id: "s0"
      address: "localhost:15252"
      dataStreamAddress: "localhost:15255"
      clientAddress: "localhost:15254"
      adminAddress: "localhost:15253"
      startupRole: FOLLOWER
    }
    peers {
      id: "s1"
      address: "localhost:15256"
      dataStreamAddress: "localhost:15259"
      clientAddress: "localhost:15258"
      adminAddress: "localhost:15257"
      startupRole: FOLLOWER
    }
    peers {
      id: "s2"
      address: "localhost:15260"
      dataStreamAddress: "localhost:15263"
      clientAddress: "localhost:15262"
      adminAddress: "localhost:15261"
      startupRole: FOLLOWER
    }
  }
}
leaderCommit: 17
commitInfos {
  server {
    id: "s1"
    address: "localhost:15256"
    dataStreamAddress: "localhost:15259"
    clientAddress: "localhost:15258"
    adminAddress: "localhost:15257"
    startupRole: FOLLOWER
  }
  commitIndex: 17
}
commitInfos {
  server {
    id: "s0"
    address: "localhost:15252"
    dataStreamAddress: "localhost:15255"
    clientAddress: "localhost:15254"
    adminAddress: "localhost:15253"
    startupRole: FOLLOWER
  }
  commitIndex: 17
}
commitInfos {
  server {
    id: "s2"
    address: "localhost:15260"
    dataStreamAddress: "localhost:15263"
    clientAddress: "localhost:15262"
    adminAddress: "localhost:15261"
    startupRole: FOLLOWER
  }
  commitIndex: 16
}
)
2024-10-20 10:48:11,452 [main] WARN  util.ReferenceCountedLeakDetector (ReferenceCountedLeakDetector.java:logLeakMessage(167)) - LEAK: (class org.apache.ratis.proto.RaftProtos$AppendEntriesRequestProto, count=3, value=serverRequest {
  requestorId: "s0"
  replyId: "s2"
  raftGroupId {
    id: "\375\210\024\357\262\375HY\244\207Ci\024Gb\025"
  }
  callId: 1
}
leaderTerm: 10
previousLog {
  term: 9
  index: 16
}
entries {
  term: 10
  index: 17
  configurationEntry {
    peers {
      id: "s0"
      address: "localhost:15252"
      dataStreamAddress: "localhost:15255"
      clientAddress: "localhost:15254"
      adminAddress: "localhost:15253"
      startupRole: FOLLOWER
    }
    peers {
      id: "s1"
      address: "localhost:15256"
      dataStreamAddress: "localhost:15259"
      clientAddress: "localhost:15258"
      adminAddress: "localhost:15257"
      startupRole: FOLLOWER
    }
    peers {
      id: "s2"
      address: "localhost:15260"
      dataStreamAddress: "localhost:15263"
      clientAddress: "localhost:15262"
      adminAddress: "localhost:15261"
      startupRole: FOLLOWER
    }
  }
}
leaderCommit: 16
commitInfos {
  server {
    id: "s0"
    address: "localhost:15252"
    dataStreamAddress: "localhost:15255"
    clientAddress: "localhost:15254"
    adminAddress: "localhost:15253"
    startupRole: FOLLOWER
  }
  commitIndex: 16
}
commitInfos {
  server {
    id: "s1"
    address: "localhost:15256"
    dataStreamAddress: "localhost:15259"
    clientAddress: "localhost:15258"
    adminAddress: "localhost:15257"
    startupRole: FOLLOWER
  }
  commitIndex: 16
}
commitInfos {
  server {
    id: "s2"
    address: "localhost:15260"
    dataStreamAddress: "localhost:15263"
    clientAddress: "localhost:15262"
    adminAddress: "localhost:15261"
    startupRole: FOLLOWER
  }
  commitIndex: 16
}
)
2024-10-20 10:48:11,452 [main] WARN  util.ReferenceCountedLeakDetector (ReferenceCountedLeakDetector.java:logLeakMessage(167)) - LEAK: (class org.apache.ratis.proto.RaftProtos$AppendEntriesRequestProto, count=2, value=serverRequest {
  requestorId: "s1"
  replyId: "s2"
  raftGroupId {
    id: "\375\210\024\357\262\375HY\244\207Ci\024Gb\025"
  }
  callId: 8
}
leaderTerm: 9
previousLog {
  term: 9
  index: 16
}
leaderCommit: 16
commitInfos {
  server {
    id: "s1"
    address: "localhost:15256"
    dataStreamAddress: "localhost:15259"
    clientAddress: "localhost:15258"
    adminAddress: "localhost:15257"
    startupRole: FOLLOWER
  }
  commitIndex: 16
}
commitInfos {
  server {
    id: "s0"
    address: "localhost:15252"
    dataStreamAddress: "localhost:15255"
    clientAddress: "localhost:15254"
    adminAddress: "localhost:15253"
    startupRole: FOLLOWER
  }
  commitIndex: 16
}
commitInfos {
  server {
    id: "s2"
    address: "localhost:15260"
    dataStreamAddress: "localhost:15263"
    clientAddress: "localhost:15262"
    adminAddress: "localhost:15261"
    startupRole: FOLLOWER
  }
  commitIndex: 16
}
)
2024-10-20 10:48:11,452 [main] WARN  util.ReferenceCountedLeakDetector (ReferenceCountedLeakDetector.java:logLeakMessage(167)) - LEAK: (class org.apache.ratis.proto.RaftProtos$AppendEntriesRequestProto, count=2, value=serverRequest {
  requestorId: "s1"
  replyId: "s2"
  raftGroupId {
    id: "\375\210\024\357\262\375HY\244\207Ci\024Gb\025"
  }
}
leaderTerm: 11
previousLog {
  term: 10
  index: 18
}
leaderCommit: 17
commitInfos {
  server {
    id: "s1"
    address: "localhost:15256"
    dataStreamAddress: "localhost:15259"
    clientAddress: "localhost:15258"
    adminAddress: "localhost:15257"
    startupRole: FOLLOWER
  }
  commitIndex: 17
}
commitInfos {
  server {
    id: "s0"
    address: "localhost:15252"
    dataStreamAddress: "localhost:15255"
    clientAddress: "localhost:15254"
    adminAddress: "localhost:15253"
    startupRole: FOLLOWER
  }
  commitIndex: 17
}
commitInfos {
  server {
    id: "s2"
    address: "localhost:15260"
    dataStreamAddress: "localhost:15263"
    clientAddress: "localhost:15262"
    adminAddress: "localhost:15261"
    startupRole: FOLLOWER
  }
  commitIndex: 16
}
)
2024-10-20 10:48:11,452 [main] WARN  util.LeakDetector (LeakDetector.java:assertNoLeaks(171)) - 29/30) numLeaks == 5 > 0, will wait and retry ...
2024-10-20 10:48:12,452 [main] WARN  util.ReferenceCountedLeakDetector (ReferenceCountedLeakDetector.java:logLeakMessage(167)) - LEAK: (class org.apache.ratis.proto.RaftProtos$AppendEntriesRequestProto, count=2, value=serverRequest {
  requestorId: "s0"
  replyId: "s2"
  raftGroupId {
    id: "\375\210\024\357\262\375HY\244\207Ci\024Gb\025"
  }
}
leaderTerm: 10
previousLog {
  term: 9
  index: 16
}
leaderCommit: 16
commitInfos {
  server {
    id: "s0"
    address: "localhost:15252"
    dataStreamAddress: "localhost:15255"
    clientAddress: "localhost:15254"
    adminAddress: "localhost:15253"
    startupRole: FOLLOWER
  }
  commitIndex: 16
}
commitInfos {
  server {
    id: "s1"
    address: "localhost:15256"
    dataStreamAddress: "localhost:15259"
    clientAddress: "localhost:15258"
    adminAddress: "localhost:15257"
    startupRole: FOLLOWER
  }
  commitIndex: 16
}
commitInfos {
  server {
    id: "s2"
    address: "localhost:15260"
    dataStreamAddress: "localhost:15263"
    clientAddress: "localhost:15262"
    adminAddress: "localhost:15261"
    startupRole: FOLLOWER
  }
  commitIndex: 16
}
)
2024-10-20 10:48:12,452 [main] WARN  util.ReferenceCountedLeakDetector (ReferenceCountedLeakDetector.java:logLeakMessage(167)) - LEAK: (class org.apache.ratis.proto.RaftProtos$AppendEntriesRequestProto, count=3, value=serverRequest {
  requestorId: "s1"
  replyId: "s2"
  raftGroupId {
    id: "\375\210\024\357\262\375HY\244\207Ci\024Gb\025"
  }
  callId: 1
}
leaderTerm: 11
previousLog {
  term: 10
  index: 18
}
entries {
  term: 11
  index: 19
  configurationEntry {
    peers {
      id: "s0"
      address: "localhost:15252"
      dataStreamAddress: "localhost:15255"
      clientAddress: "localhost:15254"
      adminAddress: "localhost:15253"
      startupRole: FOLLOWER
    }
    peers {
      id: "s1"
      address: "localhost:15256"
      dataStreamAddress: "localhost:15259"
      clientAddress: "localhost:15258"
      adminAddress: "localhost:15257"
      startupRole: FOLLOWER
    }
    peers {
      id: "s2"
      address: "localhost:15260"
      dataStreamAddress: "localhost:15263"
      clientAddress: "localhost:15262"
      adminAddress: "localhost:15261"
      startupRole: FOLLOWER
    }
  }
}
leaderCommit: 17
commitInfos {
  server {
    id: "s1"
    address: "localhost:15256"
    dataStreamAddress: "localhost:15259"
    clientAddress: "localhost:15258"
    adminAddress: "localhost:15257"
    startupRole: FOLLOWER
  }
  commitIndex: 17
}
commitInfos {
  server {
    id: "s0"
    address: "localhost:15252"
    dataStreamAddress: "localhost:15255"
    clientAddress: "localhost:15254"
    adminAddress: "localhost:15253"
    startupRole: FOLLOWER
  }
  commitIndex: 17
}
commitInfos {
  server {
    id: "s2"
    address: "localhost:15260"
    dataStreamAddress: "localhost:15263"
    clientAddress: "localhost:15262"
    adminAddress: "localhost:15261"
    startupRole: FOLLOWER
  }
  commitIndex: 16
}
)
2024-10-20 10:48:12,453 [main] WARN  util.ReferenceCountedLeakDetector (ReferenceCountedLeakDetector.java:logLeakMessage(167)) - LEAK: (class org.apache.ratis.proto.RaftProtos$AppendEntriesRequestProto, count=3, value=serverRequest {
  requestorId: "s0"
  replyId: "s2"
  raftGroupId {
    id: "\375\210\024\357\262\375HY\244\207Ci\024Gb\025"
  }
  callId: 1
}
leaderTerm: 10
previousLog {
  term: 9
  index: 16
}
entries {
  term: 10
  index: 17
  configurationEntry {
    peers {
      id: "s0"
      address: "localhost:15252"
      dataStreamAddress: "localhost:15255"
      clientAddress: "localhost:15254"
      adminAddress: "localhost:15253"
      startupRole: FOLLOWER
    }
    peers {
      id: "s1"
      address: "localhost:15256"
      dataStreamAddress: "localhost:15259"
      clientAddress: "localhost:15258"
      adminAddress: "localhost:15257"
      startupRole: FOLLOWER
    }
    peers {
      id: "s2"
      address: "localhost:15260"
      dataStreamAddress: "localhost:15263"
      clientAddress: "localhost:15262"
      adminAddress: "localhost:15261"
      startupRole: FOLLOWER
    }
  }
}
leaderCommit: 16
commitInfos {
  server {
    id: "s0"
    address: "localhost:15252"
    dataStreamAddress: "localhost:15255"
    clientAddress: "localhost:15254"
    adminAddress: "localhost:15253"
    startupRole: FOLLOWER
  }
  commitIndex: 16
}
commitInfos {
  server {
    id: "s1"
    address: "localhost:15256"
    dataStreamAddress: "localhost:15259"
    clientAddress: "localhost:15258"
    adminAddress: "localhost:15257"
    startupRole: FOLLOWER
  }
  commitIndex: 16
}
commitInfos {
  server {
    id: "s2"
    address: "localhost:15260"
    dataStreamAddress: "localhost:15263"
    clientAddress: "localhost:15262"
    adminAddress: "localhost:15261"
    startupRole: FOLLOWER
  }
  commitIndex: 16
}
)
2024-10-20 10:48:12,453 [main] WARN  util.ReferenceCountedLeakDetector (ReferenceCountedLeakDetector.java:logLeakMessage(167)) - LEAK: (class org.apache.ratis.proto.RaftProtos$AppendEntriesRequestProto, count=2, value=serverRequest {
  requestorId: "s1"
  replyId: "s2"
  raftGroupId {
    id: "\375\210\024\357\262\375HY\244\207Ci\024Gb\025"
  }
  callId: 8
}
leaderTerm: 9
previousLog {
  term: 9
  index: 16
}
leaderCommit: 16
commitInfos {
  server {
    id: "s1"
    address: "localhost:15256"
    dataStreamAddress: "localhost:15259"
    clientAddress: "localhost:15258"
    adminAddress: "localhost:15257"
    startupRole: FOLLOWER
  }
  commitIndex: 16
}
commitInfos {
  server {
    id: "s0"
    address: "localhost:15252"
    dataStreamAddress: "localhost:15255"
    clientAddress: "localhost:15254"
    adminAddress: "localhost:15253"
    startupRole: FOLLOWER
  }
  commitIndex: 16
}
commitInfos {
  server {
    id: "s2"
    address: "localhost:15260"
    dataStreamAddress: "localhost:15263"
    clientAddress: "localhost:15262"
    adminAddress: "localhost:15261"
    startupRole: FOLLOWER
  }
  commitIndex: 16
}
)
2024-10-20 10:48:12,453 [main] WARN  util.ReferenceCountedLeakDetector (ReferenceCountedLeakDetector.java:logLeakMessage(167)) - LEAK: (class org.apache.ratis.proto.RaftProtos$AppendEntriesRequestProto, count=2, value=serverRequest {
  requestorId: "s1"
  replyId: "s2"
  raftGroupId {
    id: "\375\210\024\357\262\375HY\244\207Ci\024Gb\025"
  }
}
leaderTerm: 11
previousLog {
  term: 10
  index: 18
}
leaderCommit: 17
commitInfos {
  server {
    id: "s1"
    address: "localhost:15256"
    dataStreamAddress: "localhost:15259"
    clientAddress: "localhost:15258"
    adminAddress: "localhost:15257"
    startupRole: FOLLOWER
  }
  commitIndex: 17
}
commitInfos {
  server {
    id: "s0"
    address: "localhost:15252"
    dataStreamAddress: "localhost:15255"
    clientAddress: "localhost:15254"
    adminAddress: "localhost:15253"
    startupRole: FOLLOWER
  }
  commitIndex: 17
}
commitInfos {
  server {
    id: "s2"
    address: "localhost:15260"
    dataStreamAddress: "localhost:15263"
    clientAddress: "localhost:15262"
    adminAddress: "localhost:15261"
    startupRole: FOLLOWER
  }
  commitIndex: 16
}
)
]]></system-out>
  </testcase>
  <testcase name="testDisconnectLeader" classname="org.apache.ratis.grpc.TestLeaderElectionWithGrpc" time="35.274">
    <error type="java.lang.IllegalStateException"><![CDATA[java.lang.IllegalStateException: #leaks = 5 > 0, #leaks == set.size = 5
	at org.apache.ratis.util.Preconditions.assertTrue(Preconditions.java:77)
	at org.apache.ratis.util.LeakDetector$LeakTrackerSet.assertNoLeaks(LeakDetector.java:100)
	at org.apache.ratis.util.LeakDetector$LeakTrackerSet.getNumLeaks(LeakDetector.java:94)
	at org.apache.ratis.util.LeakDetector.assertNoLeaks(LeakDetector.java:174)
	at org.apache.ratis.server.impl.MiniRaftCluster.shutdown(MiniRaftCluster.java:894)
	at org.apache.ratis.grpc.MiniRaftClusterWithGrpc.shutdown(MiniRaftClusterWithGrpc.java:97)
	at org.apache.ratis.server.impl.MiniRaftCluster.close(MiniRaftCluster.java:843)
	at org.apache.ratis.server.impl.LeaderElectionTests.testDisconnectLeader(LeaderElectionTests.java:444)
	at org.apache.ratis.grpc.TestLeaderElectionWithGrpc.testDisconnectLeader(TestLeaderElectionWithGrpc.java:39)
	at java.lang.reflect.Method.invoke(Method.java:498)
	at java.util.ArrayList.forEach(ArrayList.java:1259)
	at java.util.ArrayList.forEach(ArrayList.java:1259)
]]></error>
    <system-out><![CDATA[2024-10-20 10:48:12,455 [main] INFO  util.LogUtils (Slf4jUtils.java:setLogLevel(38)) - Successfully set org.apache.ratis.conf.ConfUtils log level to WARN
2024-10-20 10:48:12,455 [main] INFO  util.LogUtils (Slf4jUtils.java:setLogLevel(38)) - Successfully set org.apache.ratis.util.FileUtils log level to TRACE
2024-10-20 10:48:12,455 [main] INFO  util.LogUtils (Slf4jUtils.java:setLogLevel(38)) - Successfully set org.apache.ratis.server.RaftServer$Division log level to DEBUG
2024-10-20 10:48:12,456 [main] INFO  util.LogUtils (Slf4jUtils.java:setLogLevel(38)) - Successfully set org.apache.ratis.client.RaftClient log level to DEBUG
2024-10-20 10:48:12,457 [main] INFO  impl.MiniRaftCluster (MiniRaftCluster.java:<init>(319)) - new MiniRaftClusterWithGrpc with group-63F69FE1A60B:[s0|localhost:15340, s1|localhost:15344, s2|localhost:15348]
2024-10-20 10:48:12,458 [main] INFO  impl.MiniRaftCluster (MiniRaftCluster.java:start(352)) - .............................................................. 
2024-10-20 10:48:12,458 [main] INFO  impl.MiniRaftCluster (MiniRaftCluster.java:start(353)) - ... 
2024-10-20 10:48:12,458 [main] INFO  impl.MiniRaftCluster (MiniRaftCluster.java:start(354)) - ...     Starting MiniRaftClusterWithGrpc
2024-10-20 10:48:12,458 [main] INFO  impl.MiniRaftCluster (MiniRaftCluster.java:start(355)) - ... 
2024-10-20 10:48:12,458 [main] INFO  impl.MiniRaftCluster (MiniRaftCluster.java:start(356)) - .............................................................. 
2024-10-20 10:48:12,458 [main] INFO  impl.MiniRaftCluster (MiniRaftCluster.java:initServers(331)) - servers = {}
2024-10-20 10:48:12,458 [main] INFO  impl.MiniRaftCluster (MiniRaftCluster.java:newRaftServer(396)) - newRaftServer: s0, group-63F69FE1A60B:[s0|localhost:15340, s1|localhost:15344, s2|localhost:15348], format? true
2024-10-20 10:48:12,459 [main] TRACE util.FileUtils (FileUtils.java:deleteFully(305)) - deleteFully target/test/data/d69430f5/MiniRaftClusterWithGrpc6ba1444d/s0
2024-10-20 10:48:12,459 [main] TRACE util.FileUtils (FileUtils.java:deleteFully(318)) - deleteFully: target/test/data/d69430f5/MiniRaftClusterWithGrpc6ba1444d/s0 does not exist.
2024-10-20 10:48:12,459 [main] INFO  impl.MiniRaftCluster (MiniRaftCluster.java:newRaftServer(401)) - Formatted directory target/test/data/d69430f5/MiniRaftClusterWithGrpc6ba1444d/s0
2024-10-20 10:48:12,460 [main] INFO  server.RaftServer (ConfUtils.java:logGet(46)) - raft.rpc.type = GRPC (default)
2024-10-20 10:48:12,460 [main] INFO  grpc.GrpcConfigKeys (ConfUtils.java:logFallback(53)) - raft.grpc.admin.host = null (fallback to raft.grpc.server.host)
2024-10-20 10:48:12,460 [main] INFO  grpc.GrpcConfigKeys (ConfUtils.java:logGet(46)) - raft.grpc.admin.port = 15341 (custom)
2024-10-20 10:48:12,460 [main] INFO  grpc.GrpcConfigKeys (ConfUtils.java:logFallback(53)) - raft.grpc.client.host = null (fallback to raft.grpc.server.host)
2024-10-20 10:48:12,461 [main] INFO  grpc.GrpcConfigKeys (ConfUtils.java:logGet(46)) - raft.grpc.client.port = 15342 (custom)
2024-10-20 10:48:12,461 [main] INFO  grpc.GrpcConfigKeys (ConfUtils.java:logGet(46)) - raft.grpc.server.host = null (default)
2024-10-20 10:48:12,461 [main] INFO  grpc.GrpcConfigKeys (ConfUtils.java:logGet(46)) - raft.grpc.server.port = 15340 (custom)
2024-10-20 10:48:12,461 [main] INFO  server.GrpcServicesImpl (ConfUtils.java:logGet(46)) - raft.grpc.message.size.max = 64MB (=67108864) (default)
2024-10-20 10:48:12,461 [main] INFO  server.GrpcServicesImpl (ConfUtils.java:logGet(46)) - raft.grpc.flow.control.window = 1MB (=1048576) (default)
2024-10-20 10:48:12,462 [main] INFO  server.RaftServerConfigKeys (ConfUtils.java:logGet(46)) - raft.server.rpc.request.timeout = 3000ms (default)
2024-10-20 10:48:12,462 [main] INFO  grpc.GrpcConfigKeys (ConfUtils.java:logGet(46)) - raft.grpc.server.heartbeat.channel = true (default)
2024-10-20 10:48:12,462 [main] INFO  grpc.GrpcConfigKeys (ConfUtils.java:logGet(46)) - raft.grpc.server.zerocopy.enabled = true (custom)
2024-10-20 10:48:12,462 [main] INFO  server.RaftServerConfigKeys (ConfUtils.java:logGet(46)) - raft.server.log.appender.buffer.byte-limit = 4MB (=4194304) (default)
2024-10-20 10:48:12,462 [main] INFO  grpc.GrpcConfigKeys (ConfUtils.java:logGet(46)) - raft.grpc.server.async.request.thread.pool.cached = true (default)
2024-10-20 10:48:12,463 [main] INFO  grpc.GrpcConfigKeys (ConfUtils.java:logGet(46)) - raft.grpc.server.async.request.thread.pool.size = 32 (default)
2024-10-20 10:48:12,465 [main] INFO  impl.DataStreamServerImpl (ConfUtils.java:logGet(46)) - raft.datastream.type = DISABLED (default)
2024-10-20 10:48:12,465 [main] INFO  server.RaftServerConfigKeys (ConfUtils.java:logGet(46)) - raft.server.sleep.deviation.threshold = 300ms (default)
2024-10-20 10:48:12,465 [main] INFO  server.RaftServerConfigKeys (ConfUtils.java:logGet(46)) - raft.server.close.threshold = 60s (default)
2024-10-20 10:48:12,466 [main] INFO  server.RaftServerConfigKeys (ConfUtils.java:logGet(46)) - raft.server.leaderelection.leader.step-down.wait-time = 10s (default)
2024-10-20 10:48:12,466 [main] INFO  server.RaftServerConfigKeys (ConfUtils.java:logGet(46)) - raft.server.storage.dir = [/home/runner/work/ratis/ratis/ratis-test/target/test/data/d69430f5/MiniRaftClusterWithGrpc6ba1444d/s0] (custom)
2024-10-20 10:48:12,466 [main] INFO  server.RaftServerConfigKeys (ConfUtils.java:logGet(46)) - raft.server.threadpool.proxy.cached = true (default)
2024-10-20 10:48:12,466 [main] INFO  server.RaftServerConfigKeys (ConfUtils.java:logGet(46)) - raft.server.threadpool.proxy.size = 0 (default)
2024-10-20 10:48:12,467 [main] INFO  server.RaftServer (RaftServerProxy.java:addNew(101)) - s0: addNew group-63F69FE1A60B:[s0|localhost:15340, s1|localhost:15344, s2|localhost:15348] returns group-63F69FE1A60B:java.util.concurrent.CompletableFuture@1fdbba0d[Not completed]
2024-10-20 10:48:12,467 [s0-groupManagement] INFO  server.RaftServer$Division (RaftServerImpl.java:<init>(257)) - s0: new RaftServerImpl for group-63F69FE1A60B:[s0|localhost:15340, s1|localhost:15344, s2|localhost:15348] with BaseStateMachine:uninitialized
2024-10-20 10:48:12,467 [s0-groupManagement] INFO  server.RaftServerConfigKeys (ConfUtils.java:logGet(46)) - raft.server.rpc.timeout.min = 150ms (default)
2024-10-20 10:48:12,468 [s0-groupManagement] INFO  server.RaftServerConfigKeys (ConfUtils.java:logGet(46)) - raft.server.rpc.timeout.max = 300ms (default)
2024-10-20 10:48:12,468 [s0-groupManagement] INFO  server.RaftServerConfigKeys (ConfUtils.java:logGet(46)) - raft.server.rpc.sleep.time = 25ms (default)
2024-10-20 10:48:12,468 [s0-groupManagement] INFO  server.RaftServerConfigKeys (ConfUtils.java:logGet(46)) - raft.server.rpc.slowness.timeout = 60s (default)
2024-10-20 10:48:12,468 [s0-groupManagement] INFO  server.RaftServerConfigKeys (ConfUtils.java:logGet(46)) - raft.server.leaderelection.leader.step-down.wait-time = 10s (default)
2024-10-20 10:48:12,468 [s0-groupManagement] INFO  server.RaftServerConfigKeys (ConfUtils.java:logGet(46)) - raft.server.leaderelection.member.majority-add = false (default)
2024-10-20 10:48:12,468 [s0-groupManagement] INFO  server.RaftServerConfigKeys (ConfUtils.java:logGet(46)) - raft.server.sleep.deviation.threshold = 300ms (default)
2024-10-20 10:48:12,467 [main] INFO  impl.MiniRaftCluster (MiniRaftCluster.java:newRaftServer(396)) - newRaftServer: s1, group-63F69FE1A60B:[s0|localhost:15340, s1|localhost:15344, s2|localhost:15348], format? true
2024-10-20 10:48:12,468 [main] TRACE util.FileUtils (FileUtils.java:deleteFully(305)) - deleteFully target/test/data/d69430f5/MiniRaftClusterWithGrpc6ba1444d/s1
2024-10-20 10:48:12,468 [s0-groupManagement] INFO  server.RaftServer$Division (ServerState.java:<init>(114)) - s0@group-63F69FE1A60B: ConfigurationManager, init=conf: {index: -1, cur=peers:[s0|localhost:15340, s1|localhost:15344, s2|localhost:15348]|listeners:[], old=null}, confs=<EMPTY_MAP>
2024-10-20 10:48:12,468 [main] TRACE util.FileUtils (FileUtils.java:deleteFully(318)) - deleteFully: target/test/data/d69430f5/MiniRaftClusterWithGrpc6ba1444d/s1 does not exist.
2024-10-20 10:48:12,469 [main] INFO  impl.MiniRaftCluster (MiniRaftCluster.java:newRaftServer(401)) - Formatted directory target/test/data/d69430f5/MiniRaftClusterWithGrpc6ba1444d/s1
2024-10-20 10:48:12,468 [s0-groupManagement] INFO  server.RaftServerConfigKeys (ConfUtils.java:logGet(46)) - raft.server.notification.no-leader.timeout = 60s (default)
2024-10-20 10:48:12,469 [s0-groupManagement] INFO  server.RaftServerConfigKeys (ConfUtils.java:logGet(46)) - raft.server.read.timeout = 10s (default)
2024-10-20 10:48:12,469 [main] INFO  server.RaftServer (ConfUtils.java:logGet(46)) - raft.rpc.type = GRPC (default)
2024-10-20 10:48:12,469 [s0-groupManagement] INFO  server.RaftServerConfigKeys (ConfUtils.java:logGet(46)) - raft.server.retrycache.expirytime = 60s (default)
2024-10-20 10:48:12,469 [s0-groupManagement] INFO  server.RaftServerConfigKeys (ConfUtils.java:logGet(46)) - raft.server.retrycache.statistics.expirytime = 100ms (default)
2024-10-20 10:48:12,469 [main] INFO  grpc.GrpcConfigKeys (ConfUtils.java:logFallback(53)) - raft.grpc.admin.host = null (fallback to raft.grpc.server.host)
2024-10-20 10:48:12,469 [s0-groupManagement] INFO  server.RaftServerConfigKeys (ConfUtils.java:logGet(46)) - raft.server.read.option = DEFAULT (default)
2024-10-20 10:48:12,469 [main] INFO  grpc.GrpcConfigKeys (ConfUtils.java:logGet(46)) - raft.grpc.admin.port = 15345 (custom)
2024-10-20 10:48:12,469 [s0-groupManagement] INFO  server.RaftServerConfigKeys (ConfUtils.java:logGet(46)) - raft.server.read.read-after-write-consistent.write-index-cache.expiry-time = 60s (default)
2024-10-20 10:48:12,470 [main] INFO  grpc.GrpcConfigKeys (ConfUtils.java:logFallback(53)) - raft.grpc.client.host = null (fallback to raft.grpc.server.host)
2024-10-20 10:48:12,470 [main] INFO  grpc.GrpcConfigKeys (ConfUtils.java:logGet(46)) - raft.grpc.client.port = 15346 (custom)
2024-10-20 10:48:12,470 [main] INFO  grpc.GrpcConfigKeys (ConfUtils.java:logGet(46)) - raft.grpc.server.host = null (default)
2024-10-20 10:48:12,470 [s0-groupManagement] INFO  server.RaftServerConfigKeys (ConfUtils.java:logGet(46)) - raft.server.rpc.request.timeout = 3000ms (default)
2024-10-20 10:48:12,470 [s0-groupManagement] INFO  server.RaftServerConfigKeys (ConfUtils.java:logGet(46)) - raft.server.log.appender.install.snapshot.enabled = true (default)
2024-10-20 10:48:12,470 [s0-groupManagement] INFO  server.RaftServerConfigKeys (ConfUtils.java:logGet(46)) - raft.server.threadpool.server.cached = true (default)
2024-10-20 10:48:12,470 [s0-groupManagement] INFO  server.RaftServerConfigKeys (ConfUtils.java:logGet(46)) - raft.server.threadpool.server.size = 0 (default)
2024-10-20 10:48:12,470 [s0-groupManagement] INFO  server.RaftServerConfigKeys (ConfUtils.java:logGet(46)) - raft.server.threadpool.client.cached = true (default)
2024-10-20 10:48:12,470 [s0-groupManagement] INFO  server.RaftServerConfigKeys (ConfUtils.java:logGet(46)) - raft.server.threadpool.client.size = 0 (default)
2024-10-20 10:48:12,470 [main] INFO  grpc.GrpcConfigKeys (ConfUtils.java:logGet(46)) - raft.grpc.server.port = 15344 (custom)
2024-10-20 10:48:12,471 [main] INFO  server.GrpcServicesImpl (ConfUtils.java:logGet(46)) - raft.grpc.message.size.max = 64MB (=67108864) (default)
2024-10-20 10:48:12,471 [main] INFO  server.GrpcServicesImpl (ConfUtils.java:logGet(46)) - raft.grpc.flow.control.window = 1MB (=1048576) (default)
2024-10-20 10:48:12,471 [main] INFO  server.RaftServerConfigKeys (ConfUtils.java:logGet(46)) - raft.server.rpc.request.timeout = 3000ms (default)
2024-10-20 10:48:12,471 [main] INFO  grpc.GrpcConfigKeys (ConfUtils.java:logGet(46)) - raft.grpc.server.heartbeat.channel = true (default)
2024-10-20 10:48:12,471 [main] INFO  grpc.GrpcConfigKeys (ConfUtils.java:logGet(46)) - raft.grpc.server.zerocopy.enabled = true (custom)
2024-10-20 10:48:12,471 [main] INFO  server.RaftServerConfigKeys (ConfUtils.java:logGet(46)) - raft.server.log.appender.buffer.byte-limit = 4MB (=4194304) (default)
2024-10-20 10:48:12,471 [main] INFO  grpc.GrpcConfigKeys (ConfUtils.java:logGet(46)) - raft.grpc.server.async.request.thread.pool.cached = true (default)
2024-10-20 10:48:12,472 [main] INFO  grpc.GrpcConfigKeys (ConfUtils.java:logGet(46)) - raft.grpc.server.async.request.thread.pool.size = 32 (default)
2024-10-20 10:48:12,473 [main] INFO  impl.DataStreamServerImpl (ConfUtils.java:logGet(46)) - raft.datastream.type = DISABLED (default)
2024-10-20 10:48:12,473 [main] INFO  server.RaftServerConfigKeys (ConfUtils.java:logGet(46)) - raft.server.sleep.deviation.threshold = 300ms (default)
2024-10-20 10:48:12,473 [main] INFO  server.RaftServerConfigKeys (ConfUtils.java:logGet(46)) - raft.server.close.threshold = 60s (default)
2024-10-20 10:48:12,473 [main] INFO  server.RaftServerConfigKeys (ConfUtils.java:logGet(46)) - raft.server.leaderelection.leader.step-down.wait-time = 10s (default)
2024-10-20 10:48:12,473 [main] INFO  server.RaftServerConfigKeys (ConfUtils.java:logGet(46)) - raft.server.storage.dir = [/home/runner/work/ratis/ratis/ratis-test/target/test/data/d69430f5/MiniRaftClusterWithGrpc6ba1444d/s1] (custom)
2024-10-20 10:48:12,474 [main] INFO  server.RaftServerConfigKeys (ConfUtils.java:logGet(46)) - raft.server.threadpool.proxy.cached = true (default)
2024-10-20 10:48:12,474 [main] INFO  server.RaftServerConfigKeys (ConfUtils.java:logGet(46)) - raft.server.threadpool.proxy.size = 0 (default)
2024-10-20 10:48:12,474 [main] INFO  server.RaftServer (RaftServerProxy.java:addNew(101)) - s1: addNew group-63F69FE1A60B:[s0|localhost:15340, s1|localhost:15344, s2|localhost:15348] returns group-63F69FE1A60B:java.util.concurrent.CompletableFuture@12544a50[Not completed]
2024-10-20 10:48:12,474 [s1-groupManagement] INFO  server.RaftServer$Division (RaftServerImpl.java:<init>(257)) - s1: new RaftServerImpl for group-63F69FE1A60B:[s0|localhost:15340, s1|localhost:15344, s2|localhost:15348] with BaseStateMachine:uninitialized
2024-10-20 10:48:12,474 [main] INFO  impl.MiniRaftCluster (MiniRaftCluster.java:newRaftServer(396)) - newRaftServer: s2, group-63F69FE1A60B:[s0|localhost:15340, s1|localhost:15344, s2|localhost:15348], format? true
2024-10-20 10:48:12,475 [main] TRACE util.FileUtils (FileUtils.java:deleteFully(305)) - deleteFully target/test/data/d69430f5/MiniRaftClusterWithGrpc6ba1444d/s2
2024-10-20 10:48:12,474 [s1-groupManagement] INFO  server.RaftServerConfigKeys (ConfUtils.java:logGet(46)) - raft.server.rpc.timeout.min = 150ms (default)
2024-10-20 10:48:12,475 [s1-groupManagement] INFO  server.RaftServerConfigKeys (ConfUtils.java:logGet(46)) - raft.server.rpc.timeout.max = 300ms (default)
2024-10-20 10:48:12,475 [s1-groupManagement] INFO  server.RaftServerConfigKeys (ConfUtils.java:logGet(46)) - raft.server.rpc.sleep.time = 25ms (default)
2024-10-20 10:48:12,475 [s1-groupManagement] INFO  server.RaftServerConfigKeys (ConfUtils.java:logGet(46)) - raft.server.rpc.slowness.timeout = 60s (default)
2024-10-20 10:48:12,475 [s1-groupManagement] INFO  server.RaftServerConfigKeys (ConfUtils.java:logGet(46)) - raft.server.leaderelection.leader.step-down.wait-time = 10s (default)
2024-10-20 10:48:12,475 [main] TRACE util.FileUtils (FileUtils.java:deleteFully(318)) - deleteFully: target/test/data/d69430f5/MiniRaftClusterWithGrpc6ba1444d/s2 does not exist.
2024-10-20 10:48:12,475 [main] INFO  impl.MiniRaftCluster (MiniRaftCluster.java:newRaftServer(401)) - Formatted directory target/test/data/d69430f5/MiniRaftClusterWithGrpc6ba1444d/s2
2024-10-20 10:48:12,475 [s1-groupManagement] INFO  server.RaftServerConfigKeys (ConfUtils.java:logGet(46)) - raft.server.leaderelection.member.majority-add = false (default)
2024-10-20 10:48:12,475 [s1-groupManagement] INFO  server.RaftServerConfigKeys (ConfUtils.java:logGet(46)) - raft.server.sleep.deviation.threshold = 300ms (default)
2024-10-20 10:48:12,475 [main] INFO  server.RaftServer (ConfUtils.java:logGet(46)) - raft.rpc.type = GRPC (default)
2024-10-20 10:48:12,475 [s1-groupManagement] INFO  server.RaftServer$Division (ServerState.java:<init>(114)) - s1@group-63F69FE1A60B: ConfigurationManager, init=conf: {index: -1, cur=peers:[s0|localhost:15340, s1|localhost:15344, s2|localhost:15348]|listeners:[], old=null}, confs=<EMPTY_MAP>
2024-10-20 10:48:12,476 [main] INFO  grpc.GrpcConfigKeys (ConfUtils.java:logFallback(53)) - raft.grpc.admin.host = null (fallback to raft.grpc.server.host)
2024-10-20 10:48:12,476 [main] INFO  grpc.GrpcConfigKeys (ConfUtils.java:logGet(46)) - raft.grpc.admin.port = 15349 (custom)
2024-10-20 10:48:12,476 [main] INFO  grpc.GrpcConfigKeys (ConfUtils.java:logFallback(53)) - raft.grpc.client.host = null (fallback to raft.grpc.server.host)
2024-10-20 10:48:12,476 [main] INFO  grpc.GrpcConfigKeys (ConfUtils.java:logGet(46)) - raft.grpc.client.port = 15350 (custom)
2024-10-20 10:48:12,476 [main] INFO  grpc.GrpcConfigKeys (ConfUtils.java:logGet(46)) - raft.grpc.server.host = null (default)
2024-10-20 10:48:12,477 [main] INFO  grpc.GrpcConfigKeys (ConfUtils.java:logGet(46)) - raft.grpc.server.port = 15348 (custom)
2024-10-20 10:48:12,477 [main] INFO  server.GrpcServicesImpl (ConfUtils.java:logGet(46)) - raft.grpc.message.size.max = 64MB (=67108864) (default)
2024-10-20 10:48:12,477 [main] INFO  server.GrpcServicesImpl (ConfUtils.java:logGet(46)) - raft.grpc.flow.control.window = 1MB (=1048576) (default)
2024-10-20 10:48:12,477 [main] INFO  server.RaftServerConfigKeys (ConfUtils.java:logGet(46)) - raft.server.rpc.request.timeout = 3000ms (default)
2024-10-20 10:48:12,477 [main] INFO  grpc.GrpcConfigKeys (ConfUtils.java:logGet(46)) - raft.grpc.server.heartbeat.channel = true (default)
2024-10-20 10:48:12,476 [s1-groupManagement] INFO  server.RaftServerConfigKeys (ConfUtils.java:logGet(46)) - raft.server.notification.no-leader.timeout = 60s (default)
2024-10-20 10:48:12,477 [main] INFO  grpc.GrpcConfigKeys (ConfUtils.java:logGet(46)) - raft.grpc.server.zerocopy.enabled = true (custom)
2024-10-20 10:48:12,478 [main] INFO  server.RaftServerConfigKeys (ConfUtils.java:logGet(46)) - raft.server.log.appender.buffer.byte-limit = 4MB (=4194304) (default)
2024-10-20 10:48:12,477 [s1-groupManagement] INFO  server.RaftServerConfigKeys (ConfUtils.java:logGet(46)) - raft.server.read.timeout = 10s (default)
2024-10-20 10:48:12,478 [main] INFO  grpc.GrpcConfigKeys (ConfUtils.java:logGet(46)) - raft.grpc.server.async.request.thread.pool.cached = true (default)
2024-10-20 10:48:12,478 [s1-groupManagement] INFO  server.RaftServerConfigKeys (ConfUtils.java:logGet(46)) - raft.server.retrycache.expirytime = 60s (default)
2024-10-20 10:48:12,478 [s1-groupManagement] INFO  server.RaftServerConfigKeys (ConfUtils.java:logGet(46)) - raft.server.retrycache.statistics.expirytime = 100ms (default)
2024-10-20 10:48:12,478 [main] INFO  grpc.GrpcConfigKeys (ConfUtils.java:logGet(46)) - raft.grpc.server.async.request.thread.pool.size = 32 (default)
2024-10-20 10:48:12,478 [s1-groupManagement] INFO  server.RaftServerConfigKeys (ConfUtils.java:logGet(46)) - raft.server.read.option = DEFAULT (default)
2024-10-20 10:48:12,478 [s1-groupManagement] INFO  server.RaftServerConfigKeys (ConfUtils.java:logGet(46)) - raft.server.read.read-after-write-consistent.write-index-cache.expiry-time = 60s (default)
2024-10-20 10:48:12,479 [s1-groupManagement] INFO  server.RaftServerConfigKeys (ConfUtils.java:logGet(46)) - raft.server.rpc.request.timeout = 3000ms (default)
2024-10-20 10:48:12,479 [s1-groupManagement] INFO  server.RaftServerConfigKeys (ConfUtils.java:logGet(46)) - raft.server.log.appender.install.snapshot.enabled = true (default)
2024-10-20 10:48:12,479 [s1-groupManagement] INFO  server.RaftServerConfigKeys (ConfUtils.java:logGet(46)) - raft.server.threadpool.server.cached = true (default)
2024-10-20 10:48:12,479 [s1-groupManagement] INFO  server.RaftServerConfigKeys (ConfUtils.java:logGet(46)) - raft.server.threadpool.server.size = 0 (default)
2024-10-20 10:48:12,479 [s1-groupManagement] INFO  server.RaftServerConfigKeys (ConfUtils.java:logGet(46)) - raft.server.threadpool.client.cached = true (default)
2024-10-20 10:48:12,479 [s1-groupManagement] INFO  server.RaftServerConfigKeys (ConfUtils.java:logGet(46)) - raft.server.threadpool.client.size = 0 (default)
2024-10-20 10:48:12,480 [main] INFO  impl.DataStreamServerImpl (ConfUtils.java:logGet(46)) - raft.datastream.type = DISABLED (default)
2024-10-20 10:48:12,480 [main] INFO  server.RaftServerConfigKeys (ConfUtils.java:logGet(46)) - raft.server.sleep.deviation.threshold = 300ms (default)
2024-10-20 10:48:12,480 [main] INFO  server.RaftServerConfigKeys (ConfUtils.java:logGet(46)) - raft.server.close.threshold = 60s (default)
2024-10-20 10:48:12,480 [main] INFO  server.RaftServerConfigKeys (ConfUtils.java:logGet(46)) - raft.server.leaderelection.leader.step-down.wait-time = 10s (default)
2024-10-20 10:48:12,480 [main] INFO  server.RaftServerConfigKeys (ConfUtils.java:logGet(46)) - raft.server.storage.dir = [/home/runner/work/ratis/ratis/ratis-test/target/test/data/d69430f5/MiniRaftClusterWithGrpc6ba1444d/s2] (custom)
2024-10-20 10:48:12,481 [main] INFO  server.RaftServerConfigKeys (ConfUtils.java:logGet(46)) - raft.server.threadpool.proxy.cached = true (default)
2024-10-20 10:48:12,481 [main] INFO  server.RaftServerConfigKeys (ConfUtils.java:logGet(46)) - raft.server.threadpool.proxy.size = 0 (default)
2024-10-20 10:48:12,481 [main] INFO  server.RaftServer (RaftServerProxy.java:addNew(101)) - s2: addNew group-63F69FE1A60B:[s0|localhost:15340, s1|localhost:15344, s2|localhost:15348] returns group-63F69FE1A60B:java.util.concurrent.CompletableFuture@179cdf4f[Not completed]
2024-10-20 10:48:12,481 [s2-groupManagement] INFO  server.RaftServer$Division (RaftServerImpl.java:<init>(257)) - s2: new RaftServerImpl for group-63F69FE1A60B:[s0|localhost:15340, s1|localhost:15344, s2|localhost:15348] with BaseStateMachine:uninitialized
2024-10-20 10:48:12,481 [s0-impl-thread1] INFO  server.RaftServerConfigKeys (ConfUtils.java:logGet(46)) - raft.server.storage.free-space.min = 0MB (=0) (default)
2024-10-20 10:48:12,482 [s2-groupManagement] INFO  server.RaftServerConfigKeys (ConfUtils.java:logGet(46)) - raft.server.rpc.timeout.min = 150ms (default)
2024-10-20 10:48:12,482 [s0-impl-thread1] INFO  server.RaftServerConfigKeys (ConfUtils.java:logGet(46)) - raft.server.log.corruption.policy = EXCEPTION (default)
2024-10-20 10:48:12,482 [s2-groupManagement] INFO  server.RaftServerConfigKeys (ConfUtils.java:logGet(46)) - raft.server.rpc.timeout.max = 300ms (default)
2024-10-20 10:48:12,482 [s0-impl-thread1] INFO  server.RaftServerConfigKeys (ConfUtils.java:logGet(46)) - raft.server.storage.dir = [/home/runner/work/ratis/ratis/ratis-test/target/test/data/d69430f5/MiniRaftClusterWithGrpc6ba1444d/s0] (custom)
2024-10-20 10:48:12,482 [s0-impl-thread1] INFO  storage.RaftStorageDirectory (RaftStorageDirectoryImpl.java:analyzeStorage(138)) - The storage directory /home/runner/work/ratis/ratis/ratis-test/target/test/data/d69430f5/MiniRaftClusterWithGrpc6ba1444d/s0/741af1df-7b5f-463a-aa1b-63f69fe1a60b does not exist. Creating ...
2024-10-20 10:48:12,482 [s2-groupManagement] INFO  server.RaftServerConfigKeys (ConfUtils.java:logGet(46)) - raft.server.rpc.sleep.time = 25ms (default)
2024-10-20 10:48:12,482 [s2-groupManagement] INFO  server.RaftServerConfigKeys (ConfUtils.java:logGet(46)) - raft.server.rpc.slowness.timeout = 60s (default)
2024-10-20 10:48:12,482 [s2-groupManagement] INFO  server.RaftServerConfigKeys (ConfUtils.java:logGet(46)) - raft.server.leaderelection.leader.step-down.wait-time = 10s (default)
2024-10-20 10:48:12,482 [s2-groupManagement] INFO  server.RaftServerConfigKeys (ConfUtils.java:logGet(46)) - raft.server.leaderelection.member.majority-add = false (default)
2024-10-20 10:48:12,483 [s2-groupManagement] INFO  server.RaftServerConfigKeys (ConfUtils.java:logGet(46)) - raft.server.sleep.deviation.threshold = 300ms (default)
2024-10-20 10:48:12,483 [s2-groupManagement] INFO  server.RaftServer$Division (ServerState.java:<init>(114)) - s2@group-63F69FE1A60B: ConfigurationManager, init=conf: {index: -1, cur=peers:[s0|localhost:15340, s1|localhost:15344, s2|localhost:15348]|listeners:[], old=null}, confs=<EMPTY_MAP>
2024-10-20 10:48:12,483 [s2-groupManagement] INFO  server.RaftServerConfigKeys (ConfUtils.java:logGet(46)) - raft.server.notification.no-leader.timeout = 60s (default)
2024-10-20 10:48:12,483 [s2-groupManagement] INFO  server.RaftServerConfigKeys (ConfUtils.java:logGet(46)) - raft.server.read.timeout = 10s (default)
2024-10-20 10:48:12,483 [s2-groupManagement] INFO  server.RaftServerConfigKeys (ConfUtils.java:logGet(46)) - raft.server.retrycache.expirytime = 60s (default)
2024-10-20 10:48:12,483 [s2-groupManagement] INFO  server.RaftServerConfigKeys (ConfUtils.java:logGet(46)) - raft.server.retrycache.statistics.expirytime = 100ms (default)
2024-10-20 10:48:12,483 [s2-groupManagement] INFO  server.RaftServerConfigKeys (ConfUtils.java:logGet(46)) - raft.server.read.option = DEFAULT (default)
2024-10-20 10:48:12,483 [s2-groupManagement] INFO  server.RaftServerConfigKeys (ConfUtils.java:logGet(46)) - raft.server.read.read-after-write-consistent.write-index-cache.expiry-time = 60s (default)
2024-10-20 10:48:12,483 [s0-impl-thread1] TRACE util.FileUtils (LogUtils.java:runAndLog(49)) - Successfully ran Files.createDirectories /home/runner/work/ratis/ratis/ratis-test/target/test/data/d69430f5/MiniRaftClusterWithGrpc6ba1444d/s0/741af1df-7b5f-463a-aa1b-63f69fe1a60b
2024-10-20 10:48:12,484 [s2-groupManagement] INFO  server.RaftServerConfigKeys (ConfUtils.java:logGet(46)) - raft.server.rpc.request.timeout = 3000ms (default)
2024-10-20 10:48:12,484 [s2-groupManagement] INFO  server.RaftServerConfigKeys (ConfUtils.java:logGet(46)) - raft.server.log.appender.install.snapshot.enabled = true (default)
2024-10-20 10:48:12,484 [s2-groupManagement] INFO  server.RaftServerConfigKeys (ConfUtils.java:logGet(46)) - raft.server.threadpool.server.cached = true (default)
2024-10-20 10:48:12,484 [s2-groupManagement] INFO  server.RaftServerConfigKeys (ConfUtils.java:logGet(46)) - raft.server.threadpool.server.size = 0 (default)
2024-10-20 10:48:12,484 [s2-groupManagement] INFO  server.RaftServerConfigKeys (ConfUtils.java:logGet(46)) - raft.server.threadpool.client.cached = true (default)
2024-10-20 10:48:12,484 [s2-groupManagement] INFO  server.RaftServerConfigKeys (ConfUtils.java:logGet(46)) - raft.server.threadpool.client.size = 0 (default)
2024-10-20 10:48:12,485 [s0-impl-thread1] INFO  storage.RaftStorageDirectory (RaftStorageDirectoryImpl.java:tryLock(229)) - Lock on /home/runner/work/ratis/ratis/ratis-test/target/test/data/d69430f5/MiniRaftClusterWithGrpc6ba1444d/s0/741af1df-7b5f-463a-aa1b-63f69fe1a60b/in_use.lock acquired by nodename 10902@fv-az889-899
2024-10-20 10:48:12,485 [s0-impl-thread1] TRACE util.FileUtils (LogUtils.java:runAndLog(49)) - Successfully ran Files.createDirectories /home/runner/work/ratis/ratis/ratis-test/target/test/data/d69430f5/MiniRaftClusterWithGrpc6ba1444d/s0/741af1df-7b5f-463a-aa1b-63f69fe1a60b/current
2024-10-20 10:48:12,485 [s0-impl-thread1] TRACE util.FileUtils (LogUtils.java:runAndLog(49)) - Successfully ran Files.createDirectories /home/runner/work/ratis/ratis/ratis-test/target/test/data/d69430f5/MiniRaftClusterWithGrpc6ba1444d/s0/741af1df-7b5f-463a-aa1b-63f69fe1a60b/sm
2024-10-20 10:48:12,485 [s0-impl-thread1] TRACE util.FileUtils (LogUtils.java:supplyAndLog(69)) - Successfully supplied FileChannel.open /home/runner/work/ratis/ratis/ratis-test/target/test/data/d69430f5/MiniRaftClusterWithGrpc6ba1444d/s0/741af1df-7b5f-463a-aa1b-63f69fe1a60b/current/raft-meta.tmp with options [CREATE, WRITE]: sun.nio.ch.FileChannelImpl@716a1028
2024-10-20 10:48:12,486 [s0-impl-thread1] TRACE util.FileUtils (LogUtils.java:runAndLog(49)) - Successfully ran Atomic Files.move /home/runner/work/ratis/ratis/ratis-test/target/test/data/d69430f5/MiniRaftClusterWithGrpc6ba1444d/s0/741af1df-7b5f-463a-aa1b-63f69fe1a60b/current/raft-meta.tmp to /home/runner/work/ratis/ratis/ratis-test/target/test/data/d69430f5/MiniRaftClusterWithGrpc6ba1444d/s0/741af1df-7b5f-463a-aa1b-63f69fe1a60b/current/raft-meta with options [REPLACE_EXISTING]
2024-10-20 10:48:12,486 [s0-impl-thread1] INFO  storage.RaftStorage (RaftStorageImpl.java:format(98)) - Storage directory /home/runner/work/ratis/ratis/ratis-test/target/test/data/d69430f5/MiniRaftClusterWithGrpc6ba1444d/s0/741af1df-7b5f-463a-aa1b-63f69fe1a60b has been successfully formatted.
2024-10-20 10:48:12,487 [s0-impl-thread1] INFO  server.RaftServerConfigKeys (ConfUtils.java:logGet(46)) - raft.server.log.use.memory = false (default)
2024-10-20 10:48:12,487 [s0-impl-thread1] INFO  server.RaftServerConfigKeys (ConfUtils.java:logGet(46)) - raft.server.log.purge.gap = 1024 (default)
2024-10-20 10:48:12,487 [s0-impl-thread1] INFO  server.RaftServerConfigKeys (ConfUtils.java:logGet(46)) - raft.server.log.appender.buffer.byte-limit = 4MB (=4194304) (default)
2024-10-20 10:48:12,487 [s0-impl-thread1] INFO  server.RaftServerConfigKeys (ConfUtils.java:logGet(46)) - raft.server.log.statemachine.data.read.timeout = 1000ms (default)
2024-10-20 10:48:12,487 [s0-impl-thread1] INFO  server.RaftServerConfigKeys (ConfUtils.java:logGet(46)) - raft.server.log.purge.preservation.log.num = 0 (default)
2024-10-20 10:48:12,487 [s0-impl-thread1] INFO  server.RaftServerConfigKeys (ConfUtils.java:logGet(46)) - raft.server.log.segment.size.max = 32MB (=33554432) (default)
2024-10-20 10:48:12,487 [s0-impl-thread1] INFO  server.RaftServerConfigKeys (ConfUtils.java:logGet(46)) - raft.server.log.segment.cache.num.max = 6 (default)
2024-10-20 10:48:12,487 [s0-impl-thread1] INFO  server.RaftServerConfigKeys (ConfUtils.java:logGet(46)) - raft.server.log.segment.cache.size.max = 200MB (=209715200) (default)
2024-10-20 10:48:12,487 [s0-impl-thread1] INFO  server.RaftServerConfigKeys (ConfUtils.java:logGet(46)) - raft.server.log.appender.buffer.byte-limit = 4MB (=4194304) (default)
2024-10-20 10:48:12,488 [s0-impl-thread1] INFO  util.AwaitToRun (AwaitToRun.java:start(81)) - Thread[s0@group-63F69FE1A60B-cacheEviction-AwaitToRun,5,main] started
2024-10-20 10:48:12,488 [s0-impl-thread1] INFO  segmented.SegmentedRaftLogWorker (SegmentedRaftLogWorker.java:<init>(188)) - new s0@group-63F69FE1A60B-SegmentedRaftLogWorker for RaftStorageImpl:Storage Directory /home/runner/work/ratis/ratis/ratis-test/target/test/data/d69430f5/MiniRaftClusterWithGrpc6ba1444d/s0/741af1df-7b5f-463a-aa1b-63f69fe1a60b
2024-10-20 10:48:12,488 [s0-impl-thread1] INFO  server.RaftServerConfigKeys (ConfUtils.java:logGet(46)) - raft.server.log.queue.byte-limit = 64MB (=67108864) (default)
2024-10-20 10:48:12,488 [s0-impl-thread1] INFO  server.RaftServerConfigKeys (ConfUtils.java:logGet(46)) - raft.server.log.queue.element-limit = 4096 (default)
2024-10-20 10:48:12,488 [s0-impl-thread1] INFO  server.RaftServerConfigKeys (ConfUtils.java:logGet(46)) - raft.server.log.segment.size.max = 32MB (=33554432) (default)
2024-10-20 10:48:12,488 [s0-impl-thread1] INFO  server.RaftServerConfigKeys (ConfUtils.java:logGet(46)) - raft.server.log.preallocated.size = 4MB (=4194304) (default)
2024-10-20 10:48:12,488 [s0-impl-thread1] INFO  server.RaftServerConfigKeys (ConfUtils.java:logGet(46)) - raft.server.log.force.sync.num = 128 (default)
2024-10-20 10:48:12,488 [s0-impl-thread1] INFO  server.RaftServerConfigKeys (ConfUtils.java:logGet(46)) - raft.server.log.statemachine.data.sync = true (default)
2024-10-20 10:48:12,488 [s0-impl-thread1] INFO  server.RaftServerConfigKeys (ConfUtils.java:logGet(46)) - raft.server.log.statemachine.data.sync.timeout = 10s (default)
2024-10-20 10:48:12,489 [s0-impl-thread1] INFO  server.RaftServerConfigKeys (ConfUtils.java:logGet(46)) - raft.server.log.statemachine.data.sync.timeout.retry = -1 (default)
2024-10-20 10:48:12,489 [s0-impl-thread1] INFO  server.RaftServerConfigKeys (ConfUtils.java:logGet(46)) - raft.server.log.write.buffer.size = 8MB (=8388608) (default)
2024-10-20 10:48:12,489 [s0-impl-thread1] INFO  server.RaftServerConfigKeys (ConfUtils.java:logGet(46)) - raft.server.log.appender.buffer.byte-limit = 4MB (=4194304) (default)
2024-10-20 10:48:12,489 [s0-impl-thread1] INFO  server.RaftServerConfigKeys (ConfUtils.java:logGet(46)) - raft.server.log.unsafe-flush.enabled = false (default)
2024-10-20 10:48:12,489 [s0-impl-thread1] INFO  server.RaftServerConfigKeys (ConfUtils.java:logGet(46)) - raft.server.log.async-flush.enabled = false (default)
2024-10-20 10:48:12,489 [s0-impl-thread1] INFO  server.RaftServerConfigKeys (ConfUtils.java:logGet(46)) - raft.server.log.statemachine.data.caching.enabled = false (default)
2024-10-20 10:48:12,489 [s0-impl-thread1] INFO  segmented.SegmentedRaftLogWorker (SegmentedRaftLogWorker.java:lambda$new$0(139)) - s0@group-63F69FE1A60B-SegmentedRaftLogWorker: flushIndex: setUnconditionally 0 -> -1
2024-10-20 10:48:12,489 [s0-impl-thread1] INFO  segmented.SegmentedRaftLogWorker (SegmentedRaftLogWorker.java:lambda$new$0(139)) - s0@group-63F69FE1A60B-SegmentedRaftLogWorker: safeCacheEvictIndex: setUnconditionally 0 -> -1
2024-10-20 10:48:12,490 [s0-impl-thread1] INFO  server.RaftServer$Division (RaftServerImpl.java:start(393)) - s0@group-63F69FE1A60B: start as a follower, conf=conf: {index: -1, cur=peers:[s0|localhost:15340, s1|localhost:15344, s2|localhost:15348]|listeners:[], old=null}
2024-10-20 10:48:12,490 [s0-impl-thread1] INFO  server.RaftServer$Division (RaftServerImpl.java:setRole(380)) - s0@group-63F69FE1A60B: changes role from      null to FOLLOWER at term 0 for startAsFollower
2024-10-20 10:48:12,490 [s0-impl-thread1] INFO  impl.RoleInfo (RoleInfo.java:updateAndGet(148)) - s0: start s0@group-63F69FE1A60B-FollowerState
2024-10-20 10:48:12,490 [s0@group-63F69FE1A60B-FollowerState] INFO  server.RaftServerConfigKeys (ConfUtils.java:logFallback(53)) - raft.server.rpc.first-election.timeout.min = 150ms (fallback to raft.server.rpc.timeout.min)
2024-10-20 10:48:12,490 [s0@group-63F69FE1A60B-FollowerState] INFO  server.RaftServerConfigKeys (ConfUtils.java:logFallback(53)) - raft.server.rpc.first-election.timeout.max = 300ms (fallback to raft.server.rpc.timeout.max)
2024-10-20 10:48:12,491 [s0-impl-thread1] INFO  util.JmxRegister (JmxRegister.java:tryRegister(44)) - Successfully registered JMX Bean with object name Ratis:service=RaftServer,group=group-63F69FE1A60B,id=s0
2024-10-20 10:48:12,491 [s0-impl-thread1] INFO  util.JmxRegister (JmxRegister.java:register(58)) - register mxBean class org.apache.ratis.server.impl.RaftServerJmxAdapter as Ratis:service=RaftServer,group=group-63F69FE1A60B,id=s0
2024-10-20 10:48:12,491 [s0-impl-thread1] INFO  server.RaftServerConfigKeys (ConfUtils.java:logGet(46)) - raft.server.snapshot.trigger-when-stop.enabled = true (default)
2024-10-20 10:48:12,491 [s0-impl-thread1] INFO  server.RaftServerConfigKeys (ConfUtils.java:logGet(46)) - raft.server.snapshot.trigger-when-remove.enabled = true (default)
2024-10-20 10:48:12,491 [s0-impl-thread1] INFO  server.RaftServerConfigKeys (ConfUtils.java:logGet(46)) - raft.server.snapshot.auto.trigger.enabled = false (default)
2024-10-20 10:48:12,491 [s0-impl-thread1] INFO  server.RaftServerConfigKeys (ConfUtils.java:logGet(46)) - raft.server.snapshot.retention.file.num = -1 (default)
2024-10-20 10:48:12,491 [s0-impl-thread1] INFO  server.RaftServerConfigKeys (ConfUtils.java:logGet(46)) - raft.server.log.purge.upto.snapshot.index = false (default)
2024-10-20 10:48:12,491 [s0-impl-thread1] INFO  server.RaftServer$Division (RaftServerImpl.java:start(407)) - s0@group-63F69FE1A60B: Successfully started.
2024-10-20 10:48:12,491 [main] INFO  server.RaftServer (RaftServerProxy.java:startImpl(408)) - s0: start RPC server
2024-10-20 10:48:12,492 [main] INFO  server.GrpcServicesImpl (GrpcServicesImpl.java:startImpl(353)) - s0: GrpcServicesImpl started, listening on 15342
2024-10-20 10:48:12,493 [main] INFO  server.GrpcServicesImpl (GrpcServicesImpl.java:startImpl(353)) - s0: GrpcServicesImpl started, listening on 15340
2024-10-20 10:48:12,493 [main] INFO  server.GrpcServicesImpl (GrpcServicesImpl.java:startImpl(353)) - s0: GrpcServicesImpl started, listening on 15341
2024-10-20 10:48:12,493 [JvmPauseMonitor85] INFO  util.JvmPauseMonitor (JvmPauseMonitor.java:run(146)) - JvmPauseMonitor-s0: Started
2024-10-20 10:48:12,493 [s1-impl-thread1] INFO  server.RaftServerConfigKeys (ConfUtils.java:logGet(46)) - raft.server.storage.free-space.min = 0MB (=0) (default)
2024-10-20 10:48:12,493 [s1-impl-thread1] INFO  server.RaftServerConfigKeys (ConfUtils.java:logGet(46)) - raft.server.log.corruption.policy = EXCEPTION (default)
2024-10-20 10:48:12,494 [s1-impl-thread1] INFO  server.RaftServerConfigKeys (ConfUtils.java:logGet(46)) - raft.server.storage.dir = [/home/runner/work/ratis/ratis/ratis-test/target/test/data/d69430f5/MiniRaftClusterWithGrpc6ba1444d/s1] (custom)
2024-10-20 10:48:12,494 [s1-impl-thread1] INFO  storage.RaftStorageDirectory (RaftStorageDirectoryImpl.java:analyzeStorage(138)) - The storage directory /home/runner/work/ratis/ratis/ratis-test/target/test/data/d69430f5/MiniRaftClusterWithGrpc6ba1444d/s1/741af1df-7b5f-463a-aa1b-63f69fe1a60b does not exist. Creating ...
2024-10-20 10:48:12,494 [s1-impl-thread1] TRACE util.FileUtils (LogUtils.java:runAndLog(49)) - Successfully ran Files.createDirectories /home/runner/work/ratis/ratis/ratis-test/target/test/data/d69430f5/MiniRaftClusterWithGrpc6ba1444d/s1/741af1df-7b5f-463a-aa1b-63f69fe1a60b
2024-10-20 10:48:12,495 [s1-impl-thread1] INFO  storage.RaftStorageDirectory (RaftStorageDirectoryImpl.java:tryLock(229)) - Lock on /home/runner/work/ratis/ratis/ratis-test/target/test/data/d69430f5/MiniRaftClusterWithGrpc6ba1444d/s1/741af1df-7b5f-463a-aa1b-63f69fe1a60b/in_use.lock acquired by nodename 10902@fv-az889-899
2024-10-20 10:48:12,495 [s1-impl-thread1] TRACE util.FileUtils (LogUtils.java:runAndLog(49)) - Successfully ran Files.createDirectories /home/runner/work/ratis/ratis/ratis-test/target/test/data/d69430f5/MiniRaftClusterWithGrpc6ba1444d/s1/741af1df-7b5f-463a-aa1b-63f69fe1a60b/current
2024-10-20 10:48:12,495 [s1-impl-thread1] TRACE util.FileUtils (LogUtils.java:runAndLog(49)) - Successfully ran Files.createDirectories /home/runner/work/ratis/ratis/ratis-test/target/test/data/d69430f5/MiniRaftClusterWithGrpc6ba1444d/s1/741af1df-7b5f-463a-aa1b-63f69fe1a60b/sm
2024-10-20 10:48:12,496 [s1-impl-thread1] TRACE util.FileUtils (LogUtils.java:supplyAndLog(69)) - Successfully supplied FileChannel.open /home/runner/work/ratis/ratis/ratis-test/target/test/data/d69430f5/MiniRaftClusterWithGrpc6ba1444d/s1/741af1df-7b5f-463a-aa1b-63f69fe1a60b/current/raft-meta.tmp with options [CREATE, WRITE]: sun.nio.ch.FileChannelImpl@2e744c6c
2024-10-20 10:48:12,499 [s1-impl-thread1] TRACE util.FileUtils (LogUtils.java:runAndLog(49)) - Successfully ran Atomic Files.move /home/runner/work/ratis/ratis/ratis-test/target/test/data/d69430f5/MiniRaftClusterWithGrpc6ba1444d/s1/741af1df-7b5f-463a-aa1b-63f69fe1a60b/current/raft-meta.tmp to /home/runner/work/ratis/ratis/ratis-test/target/test/data/d69430f5/MiniRaftClusterWithGrpc6ba1444d/s1/741af1df-7b5f-463a-aa1b-63f69fe1a60b/current/raft-meta with options [REPLACE_EXISTING]
2024-10-20 10:48:12,499 [s1-impl-thread1] INFO  storage.RaftStorage (RaftStorageImpl.java:format(98)) - Storage directory /home/runner/work/ratis/ratis/ratis-test/target/test/data/d69430f5/MiniRaftClusterWithGrpc6ba1444d/s1/741af1df-7b5f-463a-aa1b-63f69fe1a60b has been successfully formatted.
2024-10-20 10:48:12,499 [s1-impl-thread1] INFO  server.RaftServerConfigKeys (ConfUtils.java:logGet(46)) - raft.server.log.use.memory = false (default)
2024-10-20 10:48:12,499 [s1-impl-thread1] INFO  server.RaftServerConfigKeys (ConfUtils.java:logGet(46)) - raft.server.log.purge.gap = 1024 (default)
2024-10-20 10:48:12,499 [s1-impl-thread1] INFO  server.RaftServerConfigKeys (ConfUtils.java:logGet(46)) - raft.server.log.appender.buffer.byte-limit = 4MB (=4194304) (default)
2024-10-20 10:48:12,499 [s1-impl-thread1] INFO  server.RaftServerConfigKeys (ConfUtils.java:logGet(46)) - raft.server.log.statemachine.data.read.timeout = 1000ms (default)
2024-10-20 10:48:12,500 [s1-impl-thread1] INFO  server.RaftServerConfigKeys (ConfUtils.java:logGet(46)) - raft.server.log.purge.preservation.log.num = 0 (default)
2024-10-20 10:48:12,500 [s1-impl-thread1] INFO  server.RaftServerConfigKeys (ConfUtils.java:logGet(46)) - raft.server.log.segment.size.max = 32MB (=33554432) (default)
2024-10-20 10:48:12,500 [s1-impl-thread1] INFO  server.RaftServerConfigKeys (ConfUtils.java:logGet(46)) - raft.server.log.segment.cache.num.max = 6 (default)
2024-10-20 10:48:12,500 [s1-impl-thread1] INFO  server.RaftServerConfigKeys (ConfUtils.java:logGet(46)) - raft.server.log.segment.cache.size.max = 200MB (=209715200) (default)
2024-10-20 10:48:12,500 [s1-impl-thread1] INFO  server.RaftServerConfigKeys (ConfUtils.java:logGet(46)) - raft.server.log.appender.buffer.byte-limit = 4MB (=4194304) (default)
2024-10-20 10:48:12,500 [s1-impl-thread1] INFO  util.AwaitToRun (AwaitToRun.java:start(81)) - Thread[s1@group-63F69FE1A60B-cacheEviction-AwaitToRun,5,main] started
2024-10-20 10:48:12,500 [s1-impl-thread1] INFO  segmented.SegmentedRaftLogWorker (SegmentedRaftLogWorker.java:<init>(188)) - new s1@group-63F69FE1A60B-SegmentedRaftLogWorker for RaftStorageImpl:Storage Directory /home/runner/work/ratis/ratis/ratis-test/target/test/data/d69430f5/MiniRaftClusterWithGrpc6ba1444d/s1/741af1df-7b5f-463a-aa1b-63f69fe1a60b
2024-10-20 10:48:12,500 [s1-impl-thread1] INFO  server.RaftServerConfigKeys (ConfUtils.java:logGet(46)) - raft.server.log.queue.byte-limit = 64MB (=67108864) (default)
2024-10-20 10:48:12,500 [s1-impl-thread1] INFO  server.RaftServerConfigKeys (ConfUtils.java:logGet(46)) - raft.server.log.queue.element-limit = 4096 (default)
2024-10-20 10:48:12,500 [s1-impl-thread1] INFO  server.RaftServerConfigKeys (ConfUtils.java:logGet(46)) - raft.server.log.segment.size.max = 32MB (=33554432) (default)
2024-10-20 10:48:12,500 [s1-impl-thread1] INFO  server.RaftServerConfigKeys (ConfUtils.java:logGet(46)) - raft.server.log.preallocated.size = 4MB (=4194304) (default)
2024-10-20 10:48:12,500 [s1-impl-thread1] INFO  server.RaftServerConfigKeys (ConfUtils.java:logGet(46)) - raft.server.log.force.sync.num = 128 (default)
2024-10-20 10:48:12,500 [s1-impl-thread1] INFO  server.RaftServerConfigKeys (ConfUtils.java:logGet(46)) - raft.server.log.statemachine.data.sync = true (default)
2024-10-20 10:48:12,500 [s1-impl-thread1] INFO  server.RaftServerConfigKeys (ConfUtils.java:logGet(46)) - raft.server.log.statemachine.data.sync.timeout = 10s (default)
2024-10-20 10:48:12,500 [s1-impl-thread1] INFO  server.RaftServerConfigKeys (ConfUtils.java:logGet(46)) - raft.server.log.statemachine.data.sync.timeout.retry = -1 (default)
2024-10-20 10:48:12,501 [s1-impl-thread1] INFO  server.RaftServerConfigKeys (ConfUtils.java:logGet(46)) - raft.server.log.write.buffer.size = 8MB (=8388608) (default)
2024-10-20 10:48:12,501 [s1-impl-thread1] INFO  server.RaftServerConfigKeys (ConfUtils.java:logGet(46)) - raft.server.log.appender.buffer.byte-limit = 4MB (=4194304) (default)
2024-10-20 10:48:12,501 [s1-impl-thread1] INFO  server.RaftServerConfigKeys (ConfUtils.java:logGet(46)) - raft.server.log.unsafe-flush.enabled = false (default)
2024-10-20 10:48:12,501 [s1-impl-thread1] INFO  server.RaftServerConfigKeys (ConfUtils.java:logGet(46)) - raft.server.log.async-flush.enabled = false (default)
2024-10-20 10:48:12,501 [s1-impl-thread1] INFO  server.RaftServerConfigKeys (ConfUtils.java:logGet(46)) - raft.server.log.statemachine.data.caching.enabled = false (default)
2024-10-20 10:48:12,501 [s1-impl-thread1] INFO  segmented.SegmentedRaftLogWorker (SegmentedRaftLogWorker.java:lambda$new$0(139)) - s1@group-63F69FE1A60B-SegmentedRaftLogWorker: flushIndex: setUnconditionally 0 -> -1
2024-10-20 10:48:12,501 [s1-impl-thread1] INFO  segmented.SegmentedRaftLogWorker (SegmentedRaftLogWorker.java:lambda$new$0(139)) - s1@group-63F69FE1A60B-SegmentedRaftLogWorker: safeCacheEvictIndex: setUnconditionally 0 -> -1
2024-10-20 10:48:12,502 [s1-impl-thread1] INFO  server.RaftServer$Division (RaftServerImpl.java:start(393)) - s1@group-63F69FE1A60B: start as a follower, conf=conf: {index: -1, cur=peers:[s0|localhost:15340, s1|localhost:15344, s2|localhost:15348]|listeners:[], old=null}
2024-10-20 10:48:12,502 [s1-impl-thread1] INFO  server.RaftServer$Division (RaftServerImpl.java:setRole(380)) - s1@group-63F69FE1A60B: changes role from      null to FOLLOWER at term 0 for startAsFollower
2024-10-20 10:48:12,502 [s1-impl-thread1] INFO  impl.RoleInfo (RoleInfo.java:updateAndGet(148)) - s1: start s1@group-63F69FE1A60B-FollowerState
2024-10-20 10:48:12,502 [s1-impl-thread1] INFO  util.JmxRegister (JmxRegister.java:tryRegister(44)) - Successfully registered JMX Bean with object name Ratis:service=RaftServer,group=group-63F69FE1A60B,id=s1
2024-10-20 10:48:12,502 [s1-impl-thread1] INFO  util.JmxRegister (JmxRegister.java:register(58)) - register mxBean class org.apache.ratis.server.impl.RaftServerJmxAdapter as Ratis:service=RaftServer,group=group-63F69FE1A60B,id=s1
2024-10-20 10:48:12,502 [s1-impl-thread1] INFO  server.RaftServerConfigKeys (ConfUtils.java:logGet(46)) - raft.server.snapshot.trigger-when-stop.enabled = true (default)
2024-10-20 10:48:12,502 [s1-impl-thread1] INFO  server.RaftServerConfigKeys (ConfUtils.java:logGet(46)) - raft.server.snapshot.trigger-when-remove.enabled = true (default)
2024-10-20 10:48:12,502 [s1-impl-thread1] INFO  server.RaftServerConfigKeys (ConfUtils.java:logGet(46)) - raft.server.snapshot.auto.trigger.enabled = false (default)
2024-10-20 10:48:12,502 [s1-impl-thread1] INFO  server.RaftServerConfigKeys (ConfUtils.java:logGet(46)) - raft.server.snapshot.retention.file.num = -1 (default)
2024-10-20 10:48:12,502 [s1-impl-thread1] INFO  server.RaftServerConfigKeys (ConfUtils.java:logGet(46)) - raft.server.log.purge.upto.snapshot.index = false (default)
2024-10-20 10:48:12,502 [s1@group-63F69FE1A60B-FollowerState] INFO  server.RaftServerConfigKeys (ConfUtils.java:logFallback(53)) - raft.server.rpc.first-election.timeout.min = 150ms (fallback to raft.server.rpc.timeout.min)
2024-10-20 10:48:12,502 [s1-impl-thread1] INFO  server.RaftServer$Division (RaftServerImpl.java:start(407)) - s1@group-63F69FE1A60B: Successfully started.
2024-10-20 10:48:12,502 [main] INFO  server.RaftServer (RaftServerProxy.java:startImpl(408)) - s1: start RPC server
2024-10-20 10:48:12,502 [s1@group-63F69FE1A60B-FollowerState] INFO  server.RaftServerConfigKeys (ConfUtils.java:logFallback(53)) - raft.server.rpc.first-election.timeout.max = 300ms (fallback to raft.server.rpc.timeout.max)
2024-10-20 10:48:12,503 [main] INFO  server.GrpcServicesImpl (GrpcServicesImpl.java:startImpl(353)) - s1: GrpcServicesImpl started, listening on 15346
2024-10-20 10:48:12,503 [main] INFO  server.GrpcServicesImpl (GrpcServicesImpl.java:startImpl(353)) - s1: GrpcServicesImpl started, listening on 15344
2024-10-20 10:48:12,504 [main] INFO  server.GrpcServicesImpl (GrpcServicesImpl.java:startImpl(353)) - s1: GrpcServicesImpl started, listening on 15345
2024-10-20 10:48:12,504 [JvmPauseMonitor86] INFO  util.JvmPauseMonitor (JvmPauseMonitor.java:run(146)) - JvmPauseMonitor-s1: Started
2024-10-20 10:48:12,504 [s2-impl-thread1] INFO  server.RaftServerConfigKeys (ConfUtils.java:logGet(46)) - raft.server.storage.free-space.min = 0MB (=0) (default)
2024-10-20 10:48:12,504 [s2-impl-thread1] INFO  server.RaftServerConfigKeys (ConfUtils.java:logGet(46)) - raft.server.log.corruption.policy = EXCEPTION (default)
2024-10-20 10:48:12,504 [s2-impl-thread1] INFO  server.RaftServerConfigKeys (ConfUtils.java:logGet(46)) - raft.server.storage.dir = [/home/runner/work/ratis/ratis/ratis-test/target/test/data/d69430f5/MiniRaftClusterWithGrpc6ba1444d/s2] (custom)
2024-10-20 10:48:12,504 [s2-impl-thread1] INFO  storage.RaftStorageDirectory (RaftStorageDirectoryImpl.java:analyzeStorage(138)) - The storage directory /home/runner/work/ratis/ratis/ratis-test/target/test/data/d69430f5/MiniRaftClusterWithGrpc6ba1444d/s2/741af1df-7b5f-463a-aa1b-63f69fe1a60b does not exist. Creating ...
2024-10-20 10:48:12,504 [s2-impl-thread1] TRACE util.FileUtils (LogUtils.java:runAndLog(49)) - Successfully ran Files.createDirectories /home/runner/work/ratis/ratis/ratis-test/target/test/data/d69430f5/MiniRaftClusterWithGrpc6ba1444d/s2/741af1df-7b5f-463a-aa1b-63f69fe1a60b
2024-10-20 10:48:12,507 [s2-impl-thread1] INFO  storage.RaftStorageDirectory (RaftStorageDirectoryImpl.java:tryLock(229)) - Lock on /home/runner/work/ratis/ratis/ratis-test/target/test/data/d69430f5/MiniRaftClusterWithGrpc6ba1444d/s2/741af1df-7b5f-463a-aa1b-63f69fe1a60b/in_use.lock acquired by nodename 10902@fv-az889-899
2024-10-20 10:48:12,507 [s2-impl-thread1] TRACE util.FileUtils (LogUtils.java:runAndLog(49)) - Successfully ran Files.createDirectories /home/runner/work/ratis/ratis/ratis-test/target/test/data/d69430f5/MiniRaftClusterWithGrpc6ba1444d/s2/741af1df-7b5f-463a-aa1b-63f69fe1a60b/current
2024-10-20 10:48:12,507 [s2-impl-thread1] TRACE util.FileUtils (LogUtils.java:runAndLog(49)) - Successfully ran Files.createDirectories /home/runner/work/ratis/ratis/ratis-test/target/test/data/d69430f5/MiniRaftClusterWithGrpc6ba1444d/s2/741af1df-7b5f-463a-aa1b-63f69fe1a60b/sm
2024-10-20 10:48:12,508 [s2-impl-thread1] TRACE util.FileUtils (LogUtils.java:supplyAndLog(69)) - Successfully supplied FileChannel.open /home/runner/work/ratis/ratis/ratis-test/target/test/data/d69430f5/MiniRaftClusterWithGrpc6ba1444d/s2/741af1df-7b5f-463a-aa1b-63f69fe1a60b/current/raft-meta.tmp with options [CREATE, WRITE]: sun.nio.ch.FileChannelImpl@3430df02
2024-10-20 10:48:12,509 [s2-impl-thread1] TRACE util.FileUtils (LogUtils.java:runAndLog(49)) - Successfully ran Atomic Files.move /home/runner/work/ratis/ratis/ratis-test/target/test/data/d69430f5/MiniRaftClusterWithGrpc6ba1444d/s2/741af1df-7b5f-463a-aa1b-63f69fe1a60b/current/raft-meta.tmp to /home/runner/work/ratis/ratis/ratis-test/target/test/data/d69430f5/MiniRaftClusterWithGrpc6ba1444d/s2/741af1df-7b5f-463a-aa1b-63f69fe1a60b/current/raft-meta with options [REPLACE_EXISTING]
2024-10-20 10:48:12,509 [s2-impl-thread1] INFO  storage.RaftStorage (RaftStorageImpl.java:format(98)) - Storage directory /home/runner/work/ratis/ratis/ratis-test/target/test/data/d69430f5/MiniRaftClusterWithGrpc6ba1444d/s2/741af1df-7b5f-463a-aa1b-63f69fe1a60b has been successfully formatted.
2024-10-20 10:48:12,509 [s2-impl-thread1] INFO  server.RaftServerConfigKeys (ConfUtils.java:logGet(46)) - raft.server.log.use.memory = false (default)
2024-10-20 10:48:12,509 [s2-impl-thread1] INFO  server.RaftServerConfigKeys (ConfUtils.java:logGet(46)) - raft.server.log.purge.gap = 1024 (default)
2024-10-20 10:48:12,509 [s2-impl-thread1] INFO  server.RaftServerConfigKeys (ConfUtils.java:logGet(46)) - raft.server.log.appender.buffer.byte-limit = 4MB (=4194304) (default)
2024-10-20 10:48:12,510 [s2-impl-thread1] INFO  server.RaftServerConfigKeys (ConfUtils.java:logGet(46)) - raft.server.log.statemachine.data.read.timeout = 1000ms (default)
2024-10-20 10:48:12,510 [s2-impl-thread1] INFO  server.RaftServerConfigKeys (ConfUtils.java:logGet(46)) - raft.server.log.purge.preservation.log.num = 0 (default)
2024-10-20 10:48:12,510 [s2-impl-thread1] INFO  server.RaftServerConfigKeys (ConfUtils.java:logGet(46)) - raft.server.log.segment.size.max = 32MB (=33554432) (default)
2024-10-20 10:48:12,510 [s2-impl-thread1] INFO  server.RaftServerConfigKeys (ConfUtils.java:logGet(46)) - raft.server.log.segment.cache.num.max = 6 (default)
2024-10-20 10:48:12,510 [s2-impl-thread1] INFO  server.RaftServerConfigKeys (ConfUtils.java:logGet(46)) - raft.server.log.segment.cache.size.max = 200MB (=209715200) (default)
2024-10-20 10:48:12,510 [s2-impl-thread1] INFO  server.RaftServerConfigKeys (ConfUtils.java:logGet(46)) - raft.server.log.appender.buffer.byte-limit = 4MB (=4194304) (default)
2024-10-20 10:48:12,510 [s2-impl-thread1] INFO  util.AwaitToRun (AwaitToRun.java:start(81)) - Thread[s2@group-63F69FE1A60B-cacheEviction-AwaitToRun,5,main] started
2024-10-20 10:48:12,510 [s2-impl-thread1] INFO  segmented.SegmentedRaftLogWorker (SegmentedRaftLogWorker.java:<init>(188)) - new s2@group-63F69FE1A60B-SegmentedRaftLogWorker for RaftStorageImpl:Storage Directory /home/runner/work/ratis/ratis/ratis-test/target/test/data/d69430f5/MiniRaftClusterWithGrpc6ba1444d/s2/741af1df-7b5f-463a-aa1b-63f69fe1a60b
2024-10-20 10:48:12,510 [s2-impl-thread1] INFO  server.RaftServerConfigKeys (ConfUtils.java:logGet(46)) - raft.server.log.queue.byte-limit = 64MB (=67108864) (default)
2024-10-20 10:48:12,510 [s2-impl-thread1] INFO  server.RaftServerConfigKeys (ConfUtils.java:logGet(46)) - raft.server.log.queue.element-limit = 4096 (default)
2024-10-20 10:48:12,510 [s2-impl-thread1] INFO  server.RaftServerConfigKeys (ConfUtils.java:logGet(46)) - raft.server.log.segment.size.max = 32MB (=33554432) (default)
2024-10-20 10:48:12,510 [s2-impl-thread1] INFO  server.RaftServerConfigKeys (ConfUtils.java:logGet(46)) - raft.server.log.preallocated.size = 4MB (=4194304) (default)
2024-10-20 10:48:12,510 [s2-impl-thread1] INFO  server.RaftServerConfigKeys (ConfUtils.java:logGet(46)) - raft.server.log.force.sync.num = 128 (default)
2024-10-20 10:48:12,510 [s2-impl-thread1] INFO  server.RaftServerConfigKeys (ConfUtils.java:logGet(46)) - raft.server.log.statemachine.data.sync = true (default)
2024-10-20 10:48:12,511 [s2-impl-thread1] INFO  server.RaftServerConfigKeys (ConfUtils.java:logGet(46)) - raft.server.log.statemachine.data.sync.timeout = 10s (default)
2024-10-20 10:48:12,511 [s2-impl-thread1] INFO  server.RaftServerConfigKeys (ConfUtils.java:logGet(46)) - raft.server.log.statemachine.data.sync.timeout.retry = -1 (default)
2024-10-20 10:48:12,511 [s2-impl-thread1] INFO  server.RaftServerConfigKeys (ConfUtils.java:logGet(46)) - raft.server.log.write.buffer.size = 8MB (=8388608) (default)
2024-10-20 10:48:12,511 [s2-impl-thread1] INFO  server.RaftServerConfigKeys (ConfUtils.java:logGet(46)) - raft.server.log.appender.buffer.byte-limit = 4MB (=4194304) (default)
2024-10-20 10:48:12,511 [s2-impl-thread1] INFO  server.RaftServerConfigKeys (ConfUtils.java:logGet(46)) - raft.server.log.unsafe-flush.enabled = false (default)
2024-10-20 10:48:12,511 [s2-impl-thread1] INFO  server.RaftServerConfigKeys (ConfUtils.java:logGet(46)) - raft.server.log.async-flush.enabled = false (default)
2024-10-20 10:48:12,511 [s2-impl-thread1] INFO  server.RaftServerConfigKeys (ConfUtils.java:logGet(46)) - raft.server.log.statemachine.data.caching.enabled = false (default)
2024-10-20 10:48:12,511 [s2-impl-thread1] INFO  segmented.SegmentedRaftLogWorker (SegmentedRaftLogWorker.java:lambda$new$0(139)) - s2@group-63F69FE1A60B-SegmentedRaftLogWorker: flushIndex: setUnconditionally 0 -> -1
2024-10-20 10:48:12,511 [s2-impl-thread1] INFO  segmented.SegmentedRaftLogWorker (SegmentedRaftLogWorker.java:lambda$new$0(139)) - s2@group-63F69FE1A60B-SegmentedRaftLogWorker: safeCacheEvictIndex: setUnconditionally 0 -> -1
2024-10-20 10:48:12,512 [s2-impl-thread1] INFO  server.RaftServer$Division (RaftServerImpl.java:start(393)) - s2@group-63F69FE1A60B: start as a follower, conf=conf: {index: -1, cur=peers:[s0|localhost:15340, s1|localhost:15344, s2|localhost:15348]|listeners:[], old=null}
2024-10-20 10:48:12,512 [s2-impl-thread1] INFO  server.RaftServer$Division (RaftServerImpl.java:setRole(380)) - s2@group-63F69FE1A60B: changes role from      null to FOLLOWER at term 0 for startAsFollower
2024-10-20 10:48:12,512 [s2-impl-thread1] INFO  impl.RoleInfo (RoleInfo.java:updateAndGet(148)) - s2: start s2@group-63F69FE1A60B-FollowerState
2024-10-20 10:48:12,513 [s2-impl-thread1] INFO  util.JmxRegister (JmxRegister.java:tryRegister(44)) - Successfully registered JMX Bean with object name Ratis:service=RaftServer,group=group-63F69FE1A60B,id=s2
2024-10-20 10:48:12,513 [s2-impl-thread1] INFO  util.JmxRegister (JmxRegister.java:register(58)) - register mxBean class org.apache.ratis.server.impl.RaftServerJmxAdapter as Ratis:service=RaftServer,group=group-63F69FE1A60B,id=s2
2024-10-20 10:48:12,513 [s2-impl-thread1] INFO  server.RaftServerConfigKeys (ConfUtils.java:logGet(46)) - raft.server.snapshot.trigger-when-stop.enabled = true (default)
2024-10-20 10:48:12,513 [s2-impl-thread1] INFO  server.RaftServerConfigKeys (ConfUtils.java:logGet(46)) - raft.server.snapshot.trigger-when-remove.enabled = true (default)
2024-10-20 10:48:12,513 [s2-impl-thread1] INFO  server.RaftServerConfigKeys (ConfUtils.java:logGet(46)) - raft.server.snapshot.auto.trigger.enabled = false (default)
2024-10-20 10:48:12,513 [s2-impl-thread1] INFO  server.RaftServerConfigKeys (ConfUtils.java:logGet(46)) - raft.server.snapshot.retention.file.num = -1 (default)
2024-10-20 10:48:12,513 [s2-impl-thread1] INFO  server.RaftServerConfigKeys (ConfUtils.java:logGet(46)) - raft.server.log.purge.upto.snapshot.index = false (default)
2024-10-20 10:48:12,513 [s2-impl-thread1] INFO  server.RaftServer$Division (RaftServerImpl.java:start(407)) - s2@group-63F69FE1A60B: Successfully started.
2024-10-20 10:48:12,513 [main] INFO  server.RaftServer (RaftServerProxy.java:startImpl(408)) - s2: start RPC server
2024-10-20 10:48:12,513 [s2@group-63F69FE1A60B-FollowerState] INFO  server.RaftServerConfigKeys (ConfUtils.java:logFallback(53)) - raft.server.rpc.first-election.timeout.min = 150ms (fallback to raft.server.rpc.timeout.min)
2024-10-20 10:48:12,514 [s2@group-63F69FE1A60B-FollowerState] INFO  server.RaftServerConfigKeys (ConfUtils.java:logFallback(53)) - raft.server.rpc.first-election.timeout.max = 300ms (fallback to raft.server.rpc.timeout.max)
2024-10-20 10:48:12,514 [main] INFO  server.GrpcServicesImpl (GrpcServicesImpl.java:startImpl(353)) - s2: GrpcServicesImpl started, listening on 15350
2024-10-20 10:48:12,514 [main] INFO  server.GrpcServicesImpl (GrpcServicesImpl.java:startImpl(353)) - s2: GrpcServicesImpl started, listening on 15348
2024-10-20 10:48:12,514 [main] INFO  server.GrpcServicesImpl (GrpcServicesImpl.java:startImpl(353)) - s2: GrpcServicesImpl started, listening on 15349
2024-10-20 10:48:12,514 [JvmPauseMonitor87] INFO  util.JvmPauseMonitor (JvmPauseMonitor.java:run(146)) - JvmPauseMonitor-s2: Started
2024-10-20 10:48:12,515 [main] INFO  server.RaftServerConfigKeys (ConfUtils.java:logGet(46)) - raft.server.rpc.timeout.max = 300ms (default)
2024-10-20 10:48:12,515 [main] INFO  ratis.RaftTestUtil (RaftTestUtil.java:waitForLeader(107)) - printing ALL groups
  s0:  RUNNING  FOLLOWER s0@group-63F69FE1A60B:t0, leader=null, voted=, raftlog=Memoized:s0@group-63F69FE1A60B-SegmentedRaftLog:OPENED:c-1:lastnull, conf=conf: {index: -1, cur=peers:[s0|localhost:15340, s1|localhost:15344, s2|localhost:15348]|listeners:[], old=null} RUNNING
  s1:  RUNNING  FOLLOWER s1@group-63F69FE1A60B:t0, leader=null, voted=, raftlog=Memoized:s1@group-63F69FE1A60B-SegmentedRaftLog:OPENED:c-1:lastnull, conf=conf: {index: -1, cur=peers:[s0|localhost:15340, s1|localhost:15344, s2|localhost:15348]|listeners:[], old=null} RUNNING
  s2:  RUNNING  FOLLOWER s2@group-63F69FE1A60B:t0, leader=null, voted=, raftlog=Memoized:s2@group-63F69FE1A60B-SegmentedRaftLog:OPENED:c-1:lastnull, conf=conf: {index: -1, cur=peers:[s0|localhost:15340, s1|localhost:15344, s2|localhost:15348]|listeners:[], old=null} RUNNING
2024-10-20 10:48:12,515 [main] WARN  ratis.RaftTestUtil (RaftTestUtil.java:lambda$waitForLeader$3(126)) - Attempt #1 failed: java.lang.IllegalStateException: No leader yet : printing ALL groups
  s0:  RUNNING  FOLLOWER s0@group-63F69FE1A60B:t0, leader=null, voted=, raftlog=Memoized:s0@group-63F69FE1A60B-SegmentedRaftLog:OPENED:c-1:lastnull, conf=conf: {index: -1, cur=peers:[s0|localhost:15340, s1|localhost:15344, s2|localhost:15348]|listeners:[], old=null} RUNNING
  s1:  RUNNING  FOLLOWER s1@group-63F69FE1A60B:t0, leader=null, voted=, raftlog=Memoized:s1@group-63F69FE1A60B-SegmentedRaftLog:OPENED:c-1:lastnull, conf=conf: {index: -1, cur=peers:[s0|localhost:15340, s1|localhost:15344, s2|localhost:15348]|listeners:[], old=null} RUNNING
  s2:  RUNNING  FOLLOWER s2@group-63F69FE1A60B:t0, leader=null, voted=, raftlog=Memoized:s2@group-63F69FE1A60B-SegmentedRaftLog:OPENED:c-1:lastnull, conf=conf: {index: -1, cur=peers:[s0|localhost:15340, s1|localhost:15344, s2|localhost:15348]|listeners:[], old=null} RUNNING
2024-10-20 10:48:12,665 [s2@group-63F69FE1A60B-FollowerState] INFO  impl.FollowerState (FollowerState.java:runImpl(161)) - s2@group-63F69FE1A60B-FollowerState: change to CANDIDATE, lastRpcElapsedTime:152302229ns, electionTimeout:151ms
2024-10-20 10:48:12,665 [s2@group-63F69FE1A60B-FollowerState] INFO  impl.RoleInfo (RoleInfo.java:shutdownFollowerState(121)) - s2: shutdown s2@group-63F69FE1A60B-FollowerState
2024-10-20 10:48:12,665 [s2@group-63F69FE1A60B-FollowerState] INFO  server.RaftServer$Division (RaftServerImpl.java:setRole(380)) - s2@group-63F69FE1A60B: changes role from  FOLLOWER to CANDIDATE at term 0 for changeToCandidate
2024-10-20 10:48:12,665 [s2@group-63F69FE1A60B-FollowerState] INFO  server.RaftServerConfigKeys (ConfUtils.java:logGet(46)) - raft.server.leaderelection.pre-vote = true (default)
2024-10-20 10:48:12,665 [s2@group-63F69FE1A60B-FollowerState] INFO  impl.RoleInfo (RoleInfo.java:updateAndGet(148)) - s2: start s2@group-63F69FE1A60B-LeaderElection101
2024-10-20 10:48:12,665 [s2@group-63F69FE1A60B-LeaderElection101] INFO  impl.LeaderElection (LeaderElection.java:askForVotes(333)) - s2@group-63F69FE1A60B-LeaderElection101 PRE_VOTE round 0: submit vote requests at term 0 for conf: {index: -1, cur=peers:[s0|localhost:15340, s1|localhost:15344, s2|localhost:15348]|listeners:[], old=null}
2024-10-20 10:48:12,666 [s2@group-63F69FE1A60B-LeaderElection101-1] INFO  server.GrpcServerProtocolClient (GrpcServerProtocolClient.java:<init>(65)) - Build channel for s0|localhost:15340
2024-10-20 10:48:12,666 [s2@group-63F69FE1A60B-LeaderElection101-2] INFO  server.GrpcServerProtocolClient (GrpcServerProtocolClient.java:<init>(65)) - Build channel for s1|localhost:15344
2024-10-20 10:48:12,666 [s2@group-63F69FE1A60B-LeaderElection101] INFO  server.RaftServerConfigKeys (ConfUtils.java:logFallback(53)) - raft.server.rpc.first-election.timeout.min = 150ms (fallback to raft.server.rpc.timeout.min)
2024-10-20 10:48:12,666 [s2@group-63F69FE1A60B-LeaderElection101] INFO  server.RaftServerConfigKeys (ConfUtils.java:logFallback(53)) - raft.server.rpc.first-election.timeout.max = 300ms (fallback to raft.server.rpc.timeout.max)
2024-10-20 10:48:12,669 [s1@group-63F69FE1A60B-FollowerState] INFO  impl.FollowerState (FollowerState.java:runImpl(161)) - s1@group-63F69FE1A60B-FollowerState: change to CANDIDATE, lastRpcElapsedTime:167082673ns, electionTimeout:166ms
2024-10-20 10:48:12,669 [s1@group-63F69FE1A60B-FollowerState] INFO  impl.RoleInfo (RoleInfo.java:shutdownFollowerState(121)) - s1: shutdown s1@group-63F69FE1A60B-FollowerState
2024-10-20 10:48:12,669 [s1@group-63F69FE1A60B-FollowerState] INFO  server.RaftServer$Division (RaftServerImpl.java:setRole(380)) - s1@group-63F69FE1A60B: changes role from  FOLLOWER to CANDIDATE at term 0 for changeToCandidate
2024-10-20 10:48:12,669 [s1@group-63F69FE1A60B-FollowerState] INFO  server.RaftServerConfigKeys (ConfUtils.java:logGet(46)) - raft.server.leaderelection.pre-vote = true (default)
2024-10-20 10:48:12,669 [s1@group-63F69FE1A60B-FollowerState] INFO  impl.RoleInfo (RoleInfo.java:updateAndGet(148)) - s1: start s1@group-63F69FE1A60B-LeaderElection102
2024-10-20 10:48:12,669 [s1@group-63F69FE1A60B-LeaderElection102] INFO  impl.LeaderElection (LeaderElection.java:askForVotes(333)) - s1@group-63F69FE1A60B-LeaderElection102 PRE_VOTE round 0: submit vote requests at term 0 for conf: {index: -1, cur=peers:[s0|localhost:15340, s1|localhost:15344, s2|localhost:15348]|listeners:[], old=null}
2024-10-20 10:48:12,670 [s1@group-63F69FE1A60B-LeaderElection102-1] INFO  server.GrpcServerProtocolClient (GrpcServerProtocolClient.java:<init>(65)) - Build channel for s0|localhost:15340
2024-10-20 10:48:12,671 [s1@group-63F69FE1A60B-LeaderElection102] INFO  server.RaftServerConfigKeys (ConfUtils.java:logFallback(53)) - raft.server.rpc.first-election.timeout.min = 150ms (fallback to raft.server.rpc.timeout.min)
2024-10-20 10:48:12,671 [s1@group-63F69FE1A60B-LeaderElection102] INFO  server.RaftServerConfigKeys (ConfUtils.java:logFallback(53)) - raft.server.rpc.first-election.timeout.max = 300ms (fallback to raft.server.rpc.timeout.max)
2024-10-20 10:48:12,671 [s1@group-63F69FE1A60B-LeaderElection102-2] INFO  server.GrpcServerProtocolClient (GrpcServerProtocolClient.java:<init>(65)) - Build channel for s2|localhost:15348
2024-10-20 10:48:12,679 [grpc-default-executor-0] INFO  server.RaftServer$Division (RaftServerImpl.java:requestVote(1447)) - s0@group-63F69FE1A60B: receive requestVote(PRE_VOTE, s2, group-63F69FE1A60B, 0, (t:0, i:0))
2024-10-20 10:48:12,679 [grpc-default-executor-2] INFO  server.RaftServer$Division (RaftServerImpl.java:requestVote(1447)) - s1@group-63F69FE1A60B: receive requestVote(PRE_VOTE, s2, group-63F69FE1A60B, 0, (t:0, i:0))
2024-10-20 10:48:12,679 [grpc-default-executor-0] INFO  impl.VoteContext (VoteContext.java:log(49)) - s0@group-63F69FE1A60B-FOLLOWER: accept PRE_VOTE from s2: our priority 0 <= candidate's priority 0
2024-10-20 10:48:12,679 [grpc-default-executor-1] INFO  server.RaftServer$Division (RaftServerImpl.java:requestVote(1447)) - s0@group-63F69FE1A60B: receive requestVote(PRE_VOTE, s1, group-63F69FE1A60B, 0, (t:0, i:0))
2024-10-20 10:48:12,679 [grpc-default-executor-2] INFO  impl.VoteContext (VoteContext.java:log(49)) - s1@group-63F69FE1A60B-CANDIDATE: accept PRE_VOTE from s2: our priority 0 <= candidate's priority 0
2024-10-20 10:48:12,679 [grpc-default-executor-0] INFO  server.RaftServer$Division (RaftServerImpl.java:requestVote(1480)) - s0@group-63F69FE1A60B replies to PRE_VOTE vote request: s2<-s0#0:OK-t0. Peer's state: s0@group-63F69FE1A60B:t0, leader=null, voted=, raftlog=Memoized:s0@group-63F69FE1A60B-SegmentedRaftLog:OPENED:c-1:lastnull, conf=conf: {index: -1, cur=peers:[s0|localhost:15340, s1|localhost:15344, s2|localhost:15348]|listeners:[], old=null}
2024-10-20 10:48:12,680 [grpc-default-executor-2] INFO  server.RaftServer$Division (RaftServerImpl.java:requestVote(1480)) - s1@group-63F69FE1A60B replies to PRE_VOTE vote request: s2<-s1#0:OK-t0. Peer's state: s1@group-63F69FE1A60B:t0, leader=null, voted=, raftlog=Memoized:s1@group-63F69FE1A60B-SegmentedRaftLog:OPENED:c-1:lastnull, conf=conf: {index: -1, cur=peers:[s0|localhost:15340, s1|localhost:15344, s2|localhost:15348]|listeners:[], old=null}
2024-10-20 10:48:12,680 [grpc-default-executor-1] INFO  impl.VoteContext (VoteContext.java:log(49)) - s0@group-63F69FE1A60B-FOLLOWER: accept PRE_VOTE from s1: our priority 0 <= candidate's priority 0
2024-10-20 10:48:12,681 [grpc-default-executor-1] INFO  server.RaftServer$Division (RaftServerImpl.java:requestVote(1480)) - s0@group-63F69FE1A60B replies to PRE_VOTE vote request: s1<-s0#0:OK-t0. Peer's state: s0@group-63F69FE1A60B:t0, leader=null, voted=, raftlog=Memoized:s0@group-63F69FE1A60B-SegmentedRaftLog:OPENED:c-1:lastnull, conf=conf: {index: -1, cur=peers:[s0|localhost:15340, s1|localhost:15344, s2|localhost:15348]|listeners:[], old=null}
2024-10-20 10:48:12,682 [grpc-default-executor-1] INFO  server.RaftServer$Division (RaftServerImpl.java:requestVote(1447)) - s2@group-63F69FE1A60B: receive requestVote(PRE_VOTE, s1, group-63F69FE1A60B, 0, (t:0, i:0))
2024-10-20 10:48:12,682 [grpc-default-executor-1] INFO  impl.VoteContext (VoteContext.java:log(49)) - s2@group-63F69FE1A60B-CANDIDATE: accept PRE_VOTE from s1: our priority 0 <= candidate's priority 0
2024-10-20 10:48:12,682 [grpc-default-executor-1] INFO  server.RaftServer$Division (RaftServerImpl.java:requestVote(1480)) - s2@group-63F69FE1A60B replies to PRE_VOTE vote request: s1<-s2#0:OK-t0. Peer's state: s2@group-63F69FE1A60B:t0, leader=null, voted=, raftlog=Memoized:s2@group-63F69FE1A60B-SegmentedRaftLog:OPENED:c-1:lastnull, conf=conf: {index: -1, cur=peers:[s0|localhost:15340, s1|localhost:15344, s2|localhost:15348]|listeners:[], old=null}
2024-10-20 10:48:12,683 [s1@group-63F69FE1A60B-LeaderElection102] INFO  impl.LeaderElection (LeaderElection.java:logAndReturn(90)) - s1@group-63F69FE1A60B-LeaderElection102: PRE_VOTE PASSED received 1 response(s) and 0 exception(s):
2024-10-20 10:48:12,683 [s1@group-63F69FE1A60B-LeaderElection102] INFO  impl.LeaderElection (LeaderElection.java:logAndReturn(94)) -   Response 0: s1<-s0#0:OK-t0
2024-10-20 10:48:12,683 [s1@group-63F69FE1A60B-LeaderElection102] INFO  impl.LeaderElection (LeaderElection.java:askForVotes(335)) - s1@group-63F69FE1A60B-LeaderElection102 PRE_VOTE round 0: result PASSED
2024-10-20 10:48:12,683 [s1@group-63F69FE1A60B-LeaderElection102] TRACE util.FileUtils (LogUtils.java:supplyAndLog(69)) - Successfully supplied FileChannel.open /home/runner/work/ratis/ratis/ratis-test/target/test/data/d69430f5/MiniRaftClusterWithGrpc6ba1444d/s1/741af1df-7b5f-463a-aa1b-63f69fe1a60b/current/raft-meta.tmp with options [CREATE, WRITE]: sun.nio.ch.FileChannelImpl@36f87ec5
2024-10-20 10:48:12,685 [s1@group-63F69FE1A60B-LeaderElection102] TRACE util.FileUtils (LogUtils.java:runAndLog(49)) - Successfully ran Atomic Files.move /home/runner/work/ratis/ratis/ratis-test/target/test/data/d69430f5/MiniRaftClusterWithGrpc6ba1444d/s1/741af1df-7b5f-463a-aa1b-63f69fe1a60b/current/raft-meta.tmp to /home/runner/work/ratis/ratis/ratis-test/target/test/data/d69430f5/MiniRaftClusterWithGrpc6ba1444d/s1/741af1df-7b5f-463a-aa1b-63f69fe1a60b/current/raft-meta with options [REPLACE_EXISTING]
2024-10-20 10:48:12,685 [s1@group-63F69FE1A60B-LeaderElection102] INFO  impl.LeaderElection (LeaderElection.java:askForVotes(333)) - s1@group-63F69FE1A60B-LeaderElection102 ELECTION round 0: submit vote requests at term 1 for conf: {index: -1, cur=peers:[s0|localhost:15340, s1|localhost:15344, s2|localhost:15348]|listeners:[], old=null}
2024-10-20 10:48:12,686 [grpc-default-executor-1] INFO  server.RaftServer$Division (RaftServerImpl.java:requestVote(1447)) - s0@group-63F69FE1A60B: receive requestVote(ELECTION, s1, group-63F69FE1A60B, 1, (t:0, i:0))
2024-10-20 10:48:12,686 [grpc-default-executor-1] INFO  impl.VoteContext (VoteContext.java:log(49)) - s0@group-63F69FE1A60B-FOLLOWER: accept ELECTION from s1: our priority 0 <= candidate's priority 0
2024-10-20 10:48:12,686 [grpc-default-executor-1] INFO  server.RaftServer$Division (RaftServerImpl.java:setRole(380)) - s0@group-63F69FE1A60B: changes role from  FOLLOWER to FOLLOWER at term 0 for candidate:s1
2024-10-20 10:48:12,686 [grpc-default-executor-1] INFO  impl.RoleInfo (RoleInfo.java:shutdownFollowerState(121)) - s0: shutdown s0@group-63F69FE1A60B-FollowerState
2024-10-20 10:48:12,687 [s2@group-63F69FE1A60B-LeaderElection101] INFO  impl.LeaderElection (LeaderElection.java:logAndReturn(90)) - s2@group-63F69FE1A60B-LeaderElection101: PRE_VOTE PASSED received 1 response(s) and 0 exception(s):
2024-10-20 10:48:12,687 [s2@group-63F69FE1A60B-LeaderElection101] INFO  impl.LeaderElection (LeaderElection.java:logAndReturn(94)) -   Response 0: s2<-s0#0:OK-t0
2024-10-20 10:48:12,693 [s1@group-63F69FE1A60B-LeaderElection102] INFO  server.RaftServerConfigKeys (ConfUtils.java:logFallback(53)) - raft.server.rpc.first-election.timeout.min = 150ms (fallback to raft.server.rpc.timeout.min)
2024-10-20 10:48:12,693 [s1@group-63F69FE1A60B-LeaderElection102] INFO  server.RaftServerConfigKeys (ConfUtils.java:logFallback(53)) - raft.server.rpc.first-election.timeout.max = 300ms (fallback to raft.server.rpc.timeout.max)
2024-10-20 10:48:12,693 [s2@group-63F69FE1A60B-LeaderElection101] INFO  impl.LeaderElection (LeaderElection.java:askForVotes(335)) - s2@group-63F69FE1A60B-LeaderElection101 PRE_VOTE round 0: result PASSED
2024-10-20 10:48:12,693 [grpc-default-executor-1] INFO  impl.RoleInfo (RoleInfo.java:updateAndGet(148)) - s0: start s0@group-63F69FE1A60B-FollowerState
2024-10-20 10:48:12,693 [s0@group-63F69FE1A60B-FollowerState] INFO  impl.FollowerState (FollowerState.java:runImpl(170)) - s0@group-63F69FE1A60B-FollowerState was interrupted
2024-10-20 10:48:12,693 [s2@group-63F69FE1A60B-LeaderElection101] TRACE util.FileUtils (LogUtils.java:supplyAndLog(69)) - Successfully supplied FileChannel.open /home/runner/work/ratis/ratis/ratis-test/target/test/data/d69430f5/MiniRaftClusterWithGrpc6ba1444d/s2/741af1df-7b5f-463a-aa1b-63f69fe1a60b/current/raft-meta.tmp with options [CREATE, WRITE]: sun.nio.ch.FileChannelImpl@6bfa3c67
2024-10-20 10:48:12,693 [grpc-default-executor-1] INFO  server.RaftServer$Division (RaftServerImpl.java:setFirstElection(564)) - s0@group-63F69FE1A60B: set firstElectionSinceStartup to false for candidate:s1
2024-10-20 10:48:12,693 [grpc-default-executor-1] TRACE util.FileUtils (LogUtils.java:supplyAndLog(69)) - Successfully supplied FileChannel.open /home/runner/work/ratis/ratis/ratis-test/target/test/data/d69430f5/MiniRaftClusterWithGrpc6ba1444d/s0/741af1df-7b5f-463a-aa1b-63f69fe1a60b/current/raft-meta.tmp with options [CREATE, WRITE]: sun.nio.ch.FileChannelImpl@5cebf3af
2024-10-20 10:48:12,695 [grpc-default-executor-0] INFO  server.RaftServer$Division (RaftServerImpl.java:requestVote(1447)) - s2@group-63F69FE1A60B: receive requestVote(ELECTION, s1, group-63F69FE1A60B, 1, (t:0, i:0))
2024-10-20 10:48:12,695 [grpc-default-executor-1] TRACE util.FileUtils (LogUtils.java:runAndLog(49)) - Successfully ran Atomic Files.move /home/runner/work/ratis/ratis/ratis-test/target/test/data/d69430f5/MiniRaftClusterWithGrpc6ba1444d/s0/741af1df-7b5f-463a-aa1b-63f69fe1a60b/current/raft-meta.tmp to /home/runner/work/ratis/ratis/ratis-test/target/test/data/d69430f5/MiniRaftClusterWithGrpc6ba1444d/s0/741af1df-7b5f-463a-aa1b-63f69fe1a60b/current/raft-meta with options [REPLACE_EXISTING]
2024-10-20 10:48:12,695 [s2@group-63F69FE1A60B-LeaderElection101] TRACE util.FileUtils (LogUtils.java:runAndLog(49)) - Successfully ran Atomic Files.move /home/runner/work/ratis/ratis/ratis-test/target/test/data/d69430f5/MiniRaftClusterWithGrpc6ba1444d/s2/741af1df-7b5f-463a-aa1b-63f69fe1a60b/current/raft-meta.tmp to /home/runner/work/ratis/ratis/ratis-test/target/test/data/d69430f5/MiniRaftClusterWithGrpc6ba1444d/s2/741af1df-7b5f-463a-aa1b-63f69fe1a60b/current/raft-meta with options [REPLACE_EXISTING]
2024-10-20 10:48:12,695 [s2@group-63F69FE1A60B-LeaderElection101] INFO  impl.LeaderElection (LeaderElection.java:askForVotes(333)) - s2@group-63F69FE1A60B-LeaderElection101 ELECTION round 0: submit vote requests at term 1 for conf: {index: -1, cur=peers:[s0|localhost:15340, s1|localhost:15344, s2|localhost:15348]|listeners:[], old=null}
2024-10-20 10:48:12,695 [grpc-default-executor-1] INFO  server.RaftServer$Division (RaftServerImpl.java:requestVote(1480)) - s0@group-63F69FE1A60B replies to ELECTION vote request: s1<-s0#0:OK-t1. Peer's state: s0@group-63F69FE1A60B:t1, leader=null, voted=s1, raftlog=Memoized:s0@group-63F69FE1A60B-SegmentedRaftLog:OPENED:c-1:lastnull, conf=conf: {index: -1, cur=peers:[s0|localhost:15340, s1|localhost:15344, s2|localhost:15348]|listeners:[], old=null}
2024-10-20 10:48:12,695 [grpc-default-executor-0] INFO  impl.VoteContext (VoteContext.java:log(49)) - s2@group-63F69FE1A60B-CANDIDATE: reject ELECTION from s1: already has voted for s2 at current term 1
2024-10-20 10:48:12,695 [grpc-default-executor-0] INFO  server.RaftServer$Division (RaftServerImpl.java:requestVote(1480)) - s2@group-63F69FE1A60B replies to ELECTION vote request: s1<-s2#0:FAIL-t1. Peer's state: s2@group-63F69FE1A60B:t1, leader=null, voted=s2, raftlog=Memoized:s2@group-63F69FE1A60B-SegmentedRaftLog:OPENED:c-1:lastnull, conf=conf: {index: -1, cur=peers:[s0|localhost:15340, s1|localhost:15344, s2|localhost:15348]|listeners:[], old=null}
2024-10-20 10:48:12,696 [s2@group-63F69FE1A60B-LeaderElection101] INFO  server.RaftServerConfigKeys (ConfUtils.java:logFallback(53)) - raft.server.rpc.first-election.timeout.min = 150ms (fallback to raft.server.rpc.timeout.min)
2024-10-20 10:48:12,696 [s2@group-63F69FE1A60B-LeaderElection101] INFO  server.RaftServerConfigKeys (ConfUtils.java:logFallback(53)) - raft.server.rpc.first-election.timeout.max = 300ms (fallback to raft.server.rpc.timeout.max)
2024-10-20 10:48:12,696 [s1@group-63F69FE1A60B-LeaderElection102] INFO  impl.LeaderElection (LeaderElection.java:logAndReturn(90)) - s1@group-63F69FE1A60B-LeaderElection102: ELECTION PASSED received 1 response(s) and 0 exception(s):
2024-10-20 10:48:12,696 [s1@group-63F69FE1A60B-LeaderElection102] INFO  impl.LeaderElection (LeaderElection.java:logAndReturn(94)) -   Response 0: s1<-s0#0:OK-t1
2024-10-20 10:48:12,696 [s1@group-63F69FE1A60B-LeaderElection102] INFO  impl.LeaderElection (LeaderElection.java:askForVotes(335)) - s1@group-63F69FE1A60B-LeaderElection102 ELECTION round 0: result PASSED
2024-10-20 10:48:12,696 [s1@group-63F69FE1A60B-LeaderElection102] INFO  impl.RoleInfo (RoleInfo.java:shutdownLeaderElection(141)) - s1: shutdown s1@group-63F69FE1A60B-LeaderElection102
2024-10-20 10:48:12,696 [s1@group-63F69FE1A60B-LeaderElection102] INFO  server.RaftServer$Division (RaftServerImpl.java:setRole(380)) - s1@group-63F69FE1A60B: changes role from CANDIDATE to LEADER at term 1 for changeToLeader
2024-10-20 10:48:12,696 [s1@group-63F69FE1A60B-LeaderElection102] INFO  server.RaftServerConfigKeys (ConfUtils.java:logGet(46)) - raft.server.staging.catchup.gap = 1000 (default)
2024-10-20 10:48:12,697 [s1@group-63F69FE1A60B-LeaderElection102] INFO  server.RaftServerConfigKeys (ConfUtils.java:logGet(46)) - raft.server.write.element-limit = 4096 (default)
2024-10-20 10:48:12,697 [grpc-default-executor-1] INFO  server.RaftServer$Division (RaftServerImpl.java:requestVote(1447)) - s0@group-63F69FE1A60B: receive requestVote(ELECTION, s2, group-63F69FE1A60B, 1, (t:0, i:0))
2024-10-20 10:48:12,697 [grpc-default-executor-1] INFO  impl.VoteContext (VoteContext.java:log(49)) - s0@group-63F69FE1A60B-FOLLOWER: reject ELECTION from s2: already has voted for s1 at current term 1
2024-10-20 10:48:12,697 [grpc-default-executor-1] INFO  server.RaftServer$Division (RaftServerImpl.java:requestVote(1480)) - s0@group-63F69FE1A60B replies to ELECTION vote request: s2<-s0#0:FAIL-t1. Peer's state: s0@group-63F69FE1A60B:t1, leader=null, voted=s1, raftlog=Memoized:s0@group-63F69FE1A60B-SegmentedRaftLog:OPENED:c-1:lastnull, conf=conf: {index: -1, cur=peers:[s0|localhost:15340, s1|localhost:15344, s2|localhost:15348]|listeners:[], old=null}
2024-10-20 10:48:12,697 [s1@group-63F69FE1A60B-LeaderElection102] INFO  server.RaftServerConfigKeys (ConfUtils.java:logGet(46)) - raft.server.write.byte-limit = 64MB (=67108864) (default)
2024-10-20 10:48:12,697 [s1@group-63F69FE1A60B-LeaderElection102] INFO  server.RaftServerConfigKeys (ConfUtils.java:logGet(46)) - raft.server.watch.timeout = 10s (default)
2024-10-20 10:48:12,697 [s1@group-63F69FE1A60B-LeaderElection102] INFO  server.RaftServerConfigKeys (ConfUtils.java:logGet(46)) - raft.server.watch.timeout.denomination = 1s (default)
2024-10-20 10:48:12,697 [s1@group-63F69FE1A60B-LeaderElection102] INFO  server.RaftServerConfigKeys (ConfUtils.java:logGet(46)) - raft.server.watch.element-limit = 65536 (default)
2024-10-20 10:48:12,697 [s1@group-63F69FE1A60B-LeaderElection102] INFO  server.RaftServerConfigKeys (ConfUtils.java:logGet(46)) - raft.server.read.leader.lease.enabled = true (custom)
2024-10-20 10:48:12,697 [s1@group-63F69FE1A60B-LeaderElection102] INFO  server.RaftServerConfigKeys (ConfUtils.java:logGet(46)) - raft.server.read.leader.lease.timeout.ratio = 0.5 (custom)
2024-10-20 10:48:12,697 [s1@group-63F69FE1A60B-LeaderElection102] INFO  server.RaftServerConfigKeys (ConfUtils.java:logGet(46)) - raft.server.rpc.timeout.min = 150ms (default)
2024-10-20 10:48:12,698 [s1@group-63F69FE1A60B-LeaderElection102] INFO  server.RaftServerConfigKeys (ConfUtils.java:logGet(46)) - raft.server.log.log-metadata.enabled = true (default)
2024-10-20 10:48:12,698 [s1@group-63F69FE1A60B-LeaderElection102] INFO  server.RaftServerConfigKeys (ConfUtils.java:logGet(46)) - raft.server.write.element-limit = 4096 (default)
2024-10-20 10:48:12,698 [s1@group-63F69FE1A60B-LeaderElection102] INFO  server.RaftServerConfigKeys (ConfUtils.java:logGet(46)) - raft.server.write.follower.gap.ratio.max = -1.0 (default)
2024-10-20 10:48:12,698 [s1@group-63F69FE1A60B-LeaderElection102] INFO  server.RaftServerConfigKeys (ConfUtils.java:logGet(46)) - raft.server.log.appender.snapshot.chunk.size.max = 16MB (=16777216) (default)
2024-10-20 10:48:12,698 [s1@group-63F69FE1A60B-LeaderElection102] INFO  server.RaftServerConfigKeys (ConfUtils.java:logGet(46)) - raft.server.log.appender.buffer.byte-limit = 4MB (=4194304) (default)
2024-10-20 10:48:12,698 [s1@group-63F69FE1A60B-LeaderElection102] INFO  server.RaftServerConfigKeys (ConfUtils.java:logGet(46)) - raft.server.log.appender.buffer.element-limit = 0 (default)
2024-10-20 10:48:12,698 [s1@group-63F69FE1A60B-LeaderElection102] INFO  server.RaftServerConfigKeys (ConfUtils.java:logGet(46)) - raft.server.log.appender.wait-time.min = 1ms (default)
2024-10-20 10:48:12,698 [s1@group-63F69FE1A60B-LeaderElection102] INFO  grpc.GrpcConfigKeys (ConfUtils.java:logGet(46)) - raft.grpc.server.leader.outstanding.appends.max = 8 (default)
2024-10-20 10:48:12,698 [s1@group-63F69FE1A60B-LeaderElection102] INFO  server.RaftServerConfigKeys (ConfUtils.java:logGet(46)) - raft.server.rpc.request.timeout = 3000ms (default)
2024-10-20 10:48:12,698 [s1@group-63F69FE1A60B-LeaderElection102] INFO  grpc.GrpcConfigKeys (ConfUtils.java:logGet(46)) - raft.grpc.server.install_snapshot.request.element-limit = 8 (default)
2024-10-20 10:48:12,698 [s1@group-63F69FE1A60B-LeaderElection102] INFO  grpc.GrpcConfigKeys (ConfUtils.java:logGet(46)) - raft.grpc.server.install_snapshot.request.timeout = 3000ms (default)
2024-10-20 10:48:12,698 [s1@group-63F69FE1A60B-LeaderElection102] INFO  grpc.GrpcConfigKeys (ConfUtils.java:logGet(46)) - raft.grpc.server.log-message.batch.duration = 5s (default)
2024-10-20 10:48:12,698 [s1@group-63F69FE1A60B-LeaderElection102] INFO  server.RaftServerConfigKeys (ConfUtils.java:logGet(46)) - raft.server.log.appender.install.snapshot.enabled = true (default)
2024-10-20 10:48:12,698 [s1@group-63F69FE1A60B-LeaderElection102] INFO  grpc.GrpcConfigKeys (ConfUtils.java:logGet(46)) - raft.grpc.server.heartbeat.channel = true (default)
2024-10-20 10:48:12,699 [s1@group-63F69FE1A60B-LeaderElection102] INFO  server.RaftServerConfigKeys (ConfUtils.java:logGet(46)) - raft.server.log.appender.snapshot.chunk.size.max = 16MB (=16777216) (default)
2024-10-20 10:48:12,699 [s1@group-63F69FE1A60B-LeaderElection102] INFO  server.RaftServerConfigKeys (ConfUtils.java:logGet(46)) - raft.server.log.appender.buffer.byte-limit = 4MB (=4194304) (default)
2024-10-20 10:48:12,699 [s1@group-63F69FE1A60B-LeaderElection102] INFO  server.RaftServerConfigKeys (ConfUtils.java:logGet(46)) - raft.server.log.appender.buffer.element-limit = 0 (default)
2024-10-20 10:48:12,699 [s1@group-63F69FE1A60B-LeaderElection102] INFO  server.RaftServerConfigKeys (ConfUtils.java:logGet(46)) - raft.server.log.appender.wait-time.min = 1ms (default)
2024-10-20 10:48:12,699 [s1@group-63F69FE1A60B-LeaderElection102] INFO  grpc.GrpcConfigKeys (ConfUtils.java:logGet(46)) - raft.grpc.server.leader.outstanding.appends.max = 8 (default)
2024-10-20 10:48:12,699 [s1@group-63F69FE1A60B-LeaderElection102] INFO  server.RaftServerConfigKeys (ConfUtils.java:logGet(46)) - raft.server.rpc.request.timeout = 3000ms (default)
2024-10-20 10:48:12,699 [s1@group-63F69FE1A60B-LeaderElection102] INFO  grpc.GrpcConfigKeys (ConfUtils.java:logGet(46)) - raft.grpc.server.install_snapshot.request.element-limit = 8 (default)
2024-10-20 10:48:12,699 [s1@group-63F69FE1A60B-LeaderElection102] INFO  grpc.GrpcConfigKeys (ConfUtils.java:logGet(46)) - raft.grpc.server.install_snapshot.request.timeout = 3000ms (default)
2024-10-20 10:48:12,699 [s1@group-63F69FE1A60B-LeaderElection102] INFO  grpc.GrpcConfigKeys (ConfUtils.java:logGet(46)) - raft.grpc.server.log-message.batch.duration = 5s (default)
2024-10-20 10:48:12,699 [s1@group-63F69FE1A60B-LeaderElection102] INFO  server.RaftServerConfigKeys (ConfUtils.java:logGet(46)) - raft.server.log.appender.install.snapshot.enabled = true (default)
2024-10-20 10:48:12,699 [s1@group-63F69FE1A60B-LeaderElection102] INFO  grpc.GrpcConfigKeys (ConfUtils.java:logGet(46)) - raft.grpc.server.heartbeat.channel = true (default)
2024-10-20 10:48:12,700 [s1@group-63F69FE1A60B-LeaderElection102] INFO  impl.RoleInfo (RoleInfo.java:updateAndGet(148)) - s1: start s1@group-63F69FE1A60B-LeaderStateImpl
2024-10-20 10:48:12,700 [s1@group-63F69FE1A60B-LeaderElection102] INFO  server.RaftServer$Division (RaftServerImpl.java:setFirstElection(564)) - s1@group-63F69FE1A60B: set firstElectionSinceStartup to false for becomeLeader
2024-10-20 10:48:12,700 [s1@group-63F69FE1A60B-LeaderElection102] INFO  server.RaftServer$Division (ServerState.java:setLeader(272)) - s1@group-63F69FE1A60B: change Leader from null to s1 at term 1 for becomeLeader, leader elected after 223ms
2024-10-20 10:48:12,700 [s1@group-63F69FE1A60B-LeaderElection102] INFO  segmented.SegmentedRaftLogWorker (SegmentedRaftLogWorker.java:startLogSegment(442)) - s1@group-63F69FE1A60B-SegmentedRaftLogWorker: Starting segment from index:0
2024-10-20 10:48:12,699 [grpc-default-executor-1] INFO  server.RaftServer$Division (RaftServerImpl.java:requestVote(1447)) - s1@group-63F69FE1A60B: receive requestVote(ELECTION, s2, group-63F69FE1A60B, 1, (t:0, i:0))
2024-10-20 10:48:12,701 [s1@group-63F69FE1A60B-SegmentedRaftLogWorker] INFO  segmented.BufferedWriteChannel (BufferedWriteChannel.java:open(61)) - open log_inprogress_0 at position 0
2024-10-20 10:48:12,702 [s1@group-63F69FE1A60B-LeaderElection102] INFO  server.RaftServer$Division (ServerState.java:setRaftConf(386)) - s1@group-63F69FE1A60B: set configuration conf: {index: 0, cur=peers:[s0|localhost:15340, s1|localhost:15344, s2|localhost:15348]|listeners:[], old=null}
2024-10-20 10:48:12,707 [grpc-default-executor-1] INFO  impl.VoteContext (VoteContext.java:log(49)) - s1@group-63F69FE1A60B-LEADER: reject ELECTION from s2: already has voted for s1 at current term 1
2024-10-20 10:48:12,707 [grpc-default-executor-1] INFO  server.RaftServer$Division (RaftServerImpl.java:requestVote(1480)) - s1@group-63F69FE1A60B replies to ELECTION vote request: s2<-s1#0:FAIL-t1. Peer's state: s1@group-63F69FE1A60B:t1, leader=s1, voted=s1, raftlog=Memoized:s1@group-63F69FE1A60B-SegmentedRaftLog:OPENED:c-1:last(t:1, i:0), conf=conf: {index: 0, cur=peers:[s0|localhost:15340, s1|localhost:15344, s2|localhost:15348]|listeners:[], old=null}
2024-10-20 10:48:12,708 [s2@group-63F69FE1A60B-LeaderElection101] INFO  impl.LeaderElection (LeaderElection.java:logAndReturn(90)) - s2@group-63F69FE1A60B-LeaderElection101: ELECTION REJECTED received 2 response(s) and 0 exception(s):
2024-10-20 10:48:12,708 [s2@group-63F69FE1A60B-LeaderElection101] INFO  impl.LeaderElection (LeaderElection.java:logAndReturn(94)) -   Response 0: s2<-s0#0:FAIL-t1
2024-10-20 10:48:12,708 [s2@group-63F69FE1A60B-LeaderElection101] INFO  impl.LeaderElection (LeaderElection.java:logAndReturn(94)) -   Response 1: s2<-s1#0:FAIL-t1
2024-10-20 10:48:12,708 [s2@group-63F69FE1A60B-LeaderElection101] INFO  impl.LeaderElection (LeaderElection.java:askForVotes(335)) - s2@group-63F69FE1A60B-LeaderElection101 ELECTION round 0: result REJECTED
2024-10-20 10:48:12,708 [s2@group-63F69FE1A60B-LeaderElection101] INFO  server.RaftServer$Division (RaftServerImpl.java:setRole(380)) - s2@group-63F69FE1A60B: changes role from CANDIDATE to FOLLOWER at term 1 for REJECTED
2024-10-20 10:48:12,709 [s2@group-63F69FE1A60B-LeaderElection101] INFO  impl.RoleInfo (RoleInfo.java:shutdownLeaderElection(141)) - s2: shutdown s2@group-63F69FE1A60B-LeaderElection101
2024-10-20 10:48:12,709 [s2@group-63F69FE1A60B-LeaderElection101] INFO  impl.RoleInfo (RoleInfo.java:updateAndGet(148)) - s2: start s2@group-63F69FE1A60B-FollowerState
2024-10-20 10:48:12,711 [s2@group-63F69FE1A60B-LeaderElection101] INFO  server.RaftServer$Division (RaftServerImpl.java:setFirstElection(564)) - s2@group-63F69FE1A60B: set firstElectionSinceStartup to false for REJECTED
2024-10-20 10:48:12,713 [s0-server-thread1] INFO  server.RaftServer$Division (ServerState.java:setLeader(272)) - s0@group-63F69FE1A60B: change Leader from null to s1 at term 1 for appendEntries, leader elected after 244ms
2024-10-20 10:48:12,714 [s2-server-thread1] DEBUG server.RaftServer$Division (RaftServerImpl.java:logAppendEntries(1549)) - s2@group-63F69FE1A60B: appendEntries* s1->s2#1-t1,previous=(t:0, i:0),leaderCommit=-1,initializing? false,entries: size=1, first=(t:1, i:0), CONFIGURATIONENTRY(current:id:"s0"address:"localhost:15340"dataStreamAddress:"localhost:15343"clientAddress:"localhost:15342"adminAddress:"localhost:15341"startupRole:FOLLOWER, id:"s1"address:"localhost:15344"dataStreamAddress:"localhost:15347"clientAddress:"localhost:15346"adminAddress:"localhost:15345"startupRole:FOLLOWER, id:"s2"address:"localhost:15348"dataStreamAddress:"localhost:15351"clientAddress:"localhost:15350"adminAddress:"localhost:15349"startupRole:FOLLOWER, old:)
2024-10-20 10:48:12,714 [s2-server-thread1] INFO  server.RaftServer$Division (ServerState.java:setLeader(272)) - s2@group-63F69FE1A60B: change Leader from null to s1 at term 1 for appendEntries, leader elected after 231ms
2024-10-20 10:48:12,714 [s0-server-thread1] DEBUG server.RaftServer$Division (RaftServerImpl.java:logAppendEntries(1549)) - s0@group-63F69FE1A60B: appendEntries* s1->s0#1-t1,previous=(t:0, i:0),leaderCommit=-1,initializing? false,entries: size=1, first=(t:1, i:0), CONFIGURATIONENTRY(current:id:"s0"address:"localhost:15340"dataStreamAddress:"localhost:15343"clientAddress:"localhost:15342"adminAddress:"localhost:15341"startupRole:FOLLOWER, id:"s1"address:"localhost:15344"dataStreamAddress:"localhost:15347"clientAddress:"localhost:15346"adminAddress:"localhost:15345"startupRole:FOLLOWER, id:"s2"address:"localhost:15348"dataStreamAddress:"localhost:15351"clientAddress:"localhost:15350"adminAddress:"localhost:15349"startupRole:FOLLOWER, old:)
2024-10-20 10:48:12,714 [s0-server-thread1] INFO  server.RaftServer$Division (ServerState.java:setRaftConf(386)) - s0@group-63F69FE1A60B: set configuration conf: {index: 0, cur=peers:[s0|localhost:15340, s1|localhost:15344, s2|localhost:15348]|listeners:[], old=null}
2024-10-20 10:48:12,714 [s0-server-thread1] INFO  segmented.SegmentedRaftLogWorker (SegmentedRaftLogWorker.java:startLogSegment(442)) - s0@group-63F69FE1A60B-SegmentedRaftLogWorker: Starting segment from index:0
2024-10-20 10:48:12,715 [s2-server-thread1] INFO  server.RaftServer$Division (ServerState.java:setRaftConf(386)) - s2@group-63F69FE1A60B: set configuration conf: {index: 0, cur=peers:[s0|localhost:15340, s1|localhost:15344, s2|localhost:15348]|listeners:[], old=null}
2024-10-20 10:48:12,715 [s0@group-63F69FE1A60B-SegmentedRaftLogWorker] INFO  segmented.BufferedWriteChannel (BufferedWriteChannel.java:open(61)) - open log_inprogress_0 at position 0
2024-10-20 10:48:12,715 [s2-server-thread1] INFO  segmented.SegmentedRaftLogWorker (SegmentedRaftLogWorker.java:startLogSegment(442)) - s2@group-63F69FE1A60B-SegmentedRaftLogWorker: Starting segment from index:0
2024-10-20 10:48:12,715 [s2@group-63F69FE1A60B-SegmentedRaftLogWorker] INFO  segmented.BufferedWriteChannel (BufferedWriteChannel.java:open(61)) - open log_inprogress_0 at position 0
2024-10-20 10:48:12,715 [s1@group-63F69FE1A60B-SegmentedRaftLogWorker] INFO  segmented.SegmentedRaftLogWorker (SegmentedRaftLogWorker.java:execute(663)) - s1@group-63F69FE1A60B-SegmentedRaftLogWorker: created new log segment /home/runner/work/ratis/ratis/ratis-test/target/test/data/d69430f5/MiniRaftClusterWithGrpc6ba1444d/s1/741af1df-7b5f-463a-aa1b-63f69fe1a60b/current/log_inprogress_0
2024-10-20 10:48:12,730 [s2@group-63F69FE1A60B-SegmentedRaftLogWorker] INFO  segmented.SegmentedRaftLogWorker (SegmentedRaftLogWorker.java:execute(663)) - s2@group-63F69FE1A60B-SegmentedRaftLogWorker: created new log segment /home/runner/work/ratis/ratis/ratis-test/target/test/data/d69430f5/MiniRaftClusterWithGrpc6ba1444d/s2/741af1df-7b5f-463a-aa1b-63f69fe1a60b/current/log_inprogress_0
2024-10-20 10:48:12,731 [s0@group-63F69FE1A60B-SegmentedRaftLogWorker] INFO  segmented.SegmentedRaftLogWorker (SegmentedRaftLogWorker.java:execute(663)) - s0@group-63F69FE1A60B-SegmentedRaftLogWorker: created new log segment /home/runner/work/ratis/ratis/ratis-test/target/test/data/d69430f5/MiniRaftClusterWithGrpc6ba1444d/s0/741af1df-7b5f-463a-aa1b-63f69fe1a60b/current/log_inprogress_0
2024-10-20 10:48:12,731 [s2-server-thread2] DEBUG server.RaftServer$Division (RaftServerImpl.java:logAppendEntries(1549)) - s2@group-63F69FE1A60B: appendEntries* reply s1<-s2#1:OK-t1,SUCCESS,nextIndex=1,followerCommit=-1,matchIndex=0
2024-10-20 10:48:12,732 [s0-server-thread1] DEBUG server.RaftServer$Division (RaftServerImpl.java:logAppendEntries(1549)) - s0@group-63F69FE1A60B: appendEntries* reply s1<-s0#1:OK-t1,SUCCESS,nextIndex=1,followerCommit=-1,matchIndex=0
2024-10-20 10:48:12,732 [s1@group-63F69FE1A60B-StateMachineUpdater] TRACE util.FileUtils (LogUtils.java:supplyAndLog(69)) - Successfully supplied FileChannel.open /home/runner/work/ratis/ratis/ratis-test/target/test/data/d69430f5/MiniRaftClusterWithGrpc6ba1444d/s1/741af1df-7b5f-463a-aa1b-63f69fe1a60b/current/raft-meta.conf.tmp with options [CREATE, WRITE]: sun.nio.ch.FileChannelImpl@67d093db
2024-10-20 10:48:12,733 [s1@group-63F69FE1A60B-StateMachineUpdater] TRACE util.FileUtils (LogUtils.java:runAndLog(49)) - Successfully ran Atomic Files.move /home/runner/work/ratis/ratis/ratis-test/target/test/data/d69430f5/MiniRaftClusterWithGrpc6ba1444d/s1/741af1df-7b5f-463a-aa1b-63f69fe1a60b/current/raft-meta.conf.tmp to /home/runner/work/ratis/ratis/ratis-test/target/test/data/d69430f5/MiniRaftClusterWithGrpc6ba1444d/s1/741af1df-7b5f-463a-aa1b-63f69fe1a60b/current/raft-meta.conf with options [REPLACE_EXISTING]
2024-10-20 10:48:12,734 [s1@group-63F69FE1A60B-StateMachineUpdater] INFO  server.RaftServer$Division (LeaderStateImpl.java:checkStartIndex(314)) - Leader s1@group-63F69FE1A60B-LeaderStateImpl is ready since appliedIndex == startIndex == 0
2024-10-20 10:48:12,809 [s0@group-63F69FE1A60B-StateMachineUpdater] TRACE util.FileUtils (LogUtils.java:supplyAndLog(69)) - Successfully supplied FileChannel.open /home/runner/work/ratis/ratis/ratis-test/target/test/data/d69430f5/MiniRaftClusterWithGrpc6ba1444d/s0/741af1df-7b5f-463a-aa1b-63f69fe1a60b/current/raft-meta.conf.tmp with options [CREATE, WRITE]: sun.nio.ch.FileChannelImpl@4edfe1c5
2024-10-20 10:48:12,810 [s2@group-63F69FE1A60B-StateMachineUpdater] TRACE util.FileUtils (LogUtils.java:supplyAndLog(69)) - Successfully supplied FileChannel.open /home/runner/work/ratis/ratis/ratis-test/target/test/data/d69430f5/MiniRaftClusterWithGrpc6ba1444d/s2/741af1df-7b5f-463a-aa1b-63f69fe1a60b/current/raft-meta.conf.tmp with options [CREATE, WRITE]: sun.nio.ch.FileChannelImpl@4b1c43c3
2024-10-20 10:48:12,811 [s0@group-63F69FE1A60B-StateMachineUpdater] TRACE util.FileUtils (LogUtils.java:runAndLog(49)) - Successfully ran Atomic Files.move /home/runner/work/ratis/ratis/ratis-test/target/test/data/d69430f5/MiniRaftClusterWithGrpc6ba1444d/s0/741af1df-7b5f-463a-aa1b-63f69fe1a60b/current/raft-meta.conf.tmp to /home/runner/work/ratis/ratis/ratis-test/target/test/data/d69430f5/MiniRaftClusterWithGrpc6ba1444d/s0/741af1df-7b5f-463a-aa1b-63f69fe1a60b/current/raft-meta.conf with options [REPLACE_EXISTING]
2024-10-20 10:48:12,812 [s2@group-63F69FE1A60B-StateMachineUpdater] TRACE util.FileUtils (LogUtils.java:runAndLog(49)) - Successfully ran Atomic Files.move /home/runner/work/ratis/ratis/ratis-test/target/test/data/d69430f5/MiniRaftClusterWithGrpc6ba1444d/s2/741af1df-7b5f-463a-aa1b-63f69fe1a60b/current/raft-meta.conf.tmp to /home/runner/work/ratis/ratis/ratis-test/target/test/data/d69430f5/MiniRaftClusterWithGrpc6ba1444d/s2/741af1df-7b5f-463a-aa1b-63f69fe1a60b/current/raft-meta.conf with options [REPLACE_EXISTING]
2024-10-20 10:48:12,965 [main] INFO  ratis.RaftTestUtil (RaftTestUtil.java:waitForLeader(131)) - printing ALL groups
  s0:  RUNNING  FOLLOWER s0@group-63F69FE1A60B:t1, leader=s1, voted=s1, raftlog=Memoized:s0@group-63F69FE1A60B-SegmentedRaftLog:OPENED:c0:last(t:1, i:0), conf=conf: {index: 0, cur=peers:[s0|localhost:15340, s1|localhost:15344, s2|localhost:15348]|listeners:[], old=null} RUNNING
  s1:  RUNNING    LEADER s1@group-63F69FE1A60B:t1, leader=s1, voted=s1, raftlog=Memoized:s1@group-63F69FE1A60B-SegmentedRaftLog:OPENED:c0:last(t:1, i:0), conf=conf: {index: 0, cur=peers:[s0|localhost:15340, s1|localhost:15344, s2|localhost:15348]|listeners:[], old=null} RUNNING
  s2:  RUNNING  FOLLOWER s2@group-63F69FE1A60B:t1, leader=s1, voted=s2, raftlog=Memoized:s2@group-63F69FE1A60B-SegmentedRaftLog:OPENED:c0:last(t:1, i:0), conf=conf: {index: 0, cur=peers:[s0|localhost:15340, s1|localhost:15344, s2|localhost:15348]|listeners:[], old=null} RUNNING
2024-10-20 10:48:12,966 [main] DEBUG client.RaftClient (ConfUtils.java:logGet(46)) - raft.rpc.type = GRPC (default)
2024-10-20 10:48:12,966 [main] DEBUG client.RaftClient (RaftClientImpl.java:get(158)) - client-A1D0B2B2C223: get 43 returns []
2024-10-20 10:48:12,966 [main] DEBUG client.RaftClient (RaftClientImpl.java:newRequest(95)) - attempt #1, newRequest RaftClientRequest:client-A1D0B2B2C223->s1@group-63F69FE1A60B, cid=43, seq=null, RW, message
2024-10-20 10:48:12,971 [s1-client-thread1] DEBUG server.RaftServer$Division (RaftServerImpl.java:submitClientRequestAsync(920)) - s1@group-63F69FE1A60B: receive client request(RaftClientRequest:client-A1D0B2B2C223->s1@group-63F69FE1A60B, cid=43, seq=null, RW, Message:6d657373616765)
2024-10-20 10:48:12,971 [s1-client-thread1] DEBUG server.RaftServer$Division (LeaderStateImpl.java:addPendingRequest(529)) - s1@group-63F69FE1A60B-LeaderStateImpl: addPendingRequest at RaftClientRequest:client-A1D0B2B2C223->s1@group-63F69FE1A60B, cid=43, seq=null, RW, Message:6d657373616765, entry=(t:1, i:1), STATEMACHINELOGENTRY, WRITE: logData.size=7, stateMachineData.size=0, logEntryProtoSerializedSize=0
2024-10-20 10:48:12,972 [s0-server-thread2] DEBUG server.RaftServer$Division (RaftServerImpl.java:logAppendEntries(1549)) - s0@group-63F69FE1A60B: appendEntries* s1->s0#7-t1,previous=(t:1, i:0),leaderCommit=0,initializing? false,entries: size=1, first=(t:1, i:1), STATEMACHINELOGENTRY, StateMachineLogEntryProto:43@client-A1D0B2B2C223
2024-10-20 10:48:12,972 [s2-server-thread1] DEBUG server.RaftServer$Division (RaftServerImpl.java:logAppendEntries(1549)) - s2@group-63F69FE1A60B: appendEntries* s1->s2#7-t1,previous=(t:1, i:0),leaderCommit=0,initializing? false,entries: size=1, first=(t:1, i:1), STATEMACHINELOGENTRY, StateMachineLogEntryProto:43@client-A1D0B2B2C223
2024-10-20 10:48:12,973 [s0-server-thread2] DEBUG server.RaftServer$Division (RaftServerImpl.java:logAppendEntries(1549)) - s0@group-63F69FE1A60B: appendEntries* reply s1<-s0#7:OK-t1,SUCCESS,nextIndex=2,followerCommit=0,matchIndex=1
2024-10-20 10:48:12,973 [s2-server-thread1] DEBUG server.RaftServer$Division (RaftServerImpl.java:logAppendEntries(1549)) - s2@group-63F69FE1A60B: appendEntries* reply s1<-s2#7:OK-t1,SUCCESS,nextIndex=2,followerCommit=0,matchIndex=1
2024-10-20 10:48:12,974 [s2-server-thread1] DEBUG server.RaftServer$Division (RaftServerImpl.java:logAppendEntries(1549)) - s2@group-63F69FE1A60B: appendEntries* s1->s2#8-t1,previous=(t:1, i:1),leaderCommit=1,initializing? false,entries: size=1, first=(t:1, i:2), METADATAENTRY(c:1)
2024-10-20 10:48:12,974 [s0-server-thread2] DEBUG server.RaftServer$Division (RaftServerImpl.java:logAppendEntries(1549)) - s0@group-63F69FE1A60B: appendEntries* s1->s0#8-t1,previous=(t:1, i:1),leaderCommit=1,initializing? false,entries: size=1, first=(t:1, i:2), METADATAENTRY(c:1)
2024-10-20 10:48:12,974 [s2-server-thread1] DEBUG server.RaftServer$Division (RaftServerImpl.java:logAppendEntries(1549)) - s2@group-63F69FE1A60B: appendEntries* reply s1<-s2#8:OK-t1,SUCCESS,nextIndex=3,followerCommit=1,matchIndex=2
2024-10-20 10:48:12,974 [s0-server-thread2] DEBUG server.RaftServer$Division (RaftServerImpl.java:logAppendEntries(1549)) - s0@group-63F69FE1A60B: appendEntries* reply s1<-s0#8:OK-t1,SUCCESS,nextIndex=3,followerCommit=1,matchIndex=2
2024-10-20 10:48:12,977 [main] DEBUG client.RaftClient (RaftClientImpl.java:add(146)) - client-A1D0B2B2C223: add replied callId 43
2024-10-20 10:48:13,977 [main] INFO  util.CodeInjectionForTesting (BlockRequestHandlingInjection.java:blockRequestor(49)) - Block requestor s1
2024-10-20 10:48:13,978 [main] DEBUG client.RaftClient (RaftClientImpl.java:get(158)) - client-A1D0B2B2C223: get 44 returns [43]
2024-10-20 10:48:13,978 [main] DEBUG client.RaftClient (RaftClientImpl.java:newRequest(95)) - attempt #1, newRequest RaftClientRequest:client-A1D0B2B2C223->s1@group-63F69FE1A60B, cid=44, seq=null, RW, message
2024-10-20 10:48:13,979 [s1-client-thread1] DEBUG server.RaftServer$Division (RaftServerImpl.java:submitClientRequestAsync(920)) - s1@group-63F69FE1A60B: receive client request(RaftClientRequest:client-A1D0B2B2C223->s1@group-63F69FE1A60B, cid=44, seq=null, RW, Message:6d657373616765)
2024-10-20 10:48:13,980 [s1-client-thread1] DEBUG server.RaftServer$Division (LeaderStateImpl.java:addPendingRequest(529)) - s1@group-63F69FE1A60B-LeaderStateImpl: addPendingRequest at RaftClientRequest:client-A1D0B2B2C223->s1@group-63F69FE1A60B, cid=44, seq=null, RW, Message:6d657373616765, entry=(t:1, i:3), STATEMACHINELOGENTRY, WRITE: logData.size=7, stateMachineData.size=0, logEntryProtoSerializedSize=0
2024-10-20 10:48:13,981 [s2-server-thread2] INFO  util.CodeInjectionForTesting (BlockRequestHandlingInjection.java:execute(77)) - s2: Block request from s1
2024-10-20 10:48:13,981 [s0-server-thread1] INFO  util.CodeInjectionForTesting (BlockRequestHandlingInjection.java:execute(77)) - s0: Block request from s1
2024-10-20 10:48:14,044 [s0-server-thread2] INFO  util.CodeInjectionForTesting (BlockRequestHandlingInjection.java:execute(77)) - s0: Block request from s1
2024-10-20 10:48:14,045 [s2-server-thread1] INFO  util.CodeInjectionForTesting (BlockRequestHandlingInjection.java:execute(77)) - s2: Block request from s1
2024-10-20 10:48:14,157 [s2@group-63F69FE1A60B-FollowerState] INFO  impl.FollowerState (FollowerState.java:runImpl(161)) - s2@group-63F69FE1A60B-FollowerState: change to CANDIDATE, lastRpcElapsedTime:188564276ns, electionTimeout:150ms
2024-10-20 10:48:14,157 [s2@group-63F69FE1A60B-FollowerState] INFO  impl.RoleInfo (RoleInfo.java:shutdownFollowerState(121)) - s2: shutdown s2@group-63F69FE1A60B-FollowerState
2024-10-20 10:48:14,157 [s2@group-63F69FE1A60B-FollowerState] INFO  server.RaftServer$Division (RaftServerImpl.java:setRole(380)) - s2@group-63F69FE1A60B: changes role from  FOLLOWER to CANDIDATE at term 1 for changeToCandidate
2024-10-20 10:48:14,158 [s2@group-63F69FE1A60B-FollowerState] INFO  server.RaftServerConfigKeys (ConfUtils.java:logGet(46)) - raft.server.leaderelection.pre-vote = true (default)
2024-10-20 10:48:14,158 [s2@group-63F69FE1A60B-FollowerState] INFO  impl.RoleInfo (RoleInfo.java:updateAndGet(148)) - s2: start s2@group-63F69FE1A60B-LeaderElection103
2024-10-20 10:48:14,158 [s2@group-63F69FE1A60B-LeaderElection103] INFO  server.RaftServer$Division (ServerState.java:setLeader(272)) - s2@group-63F69FE1A60B: change Leader from s1 to null at term 1 for PRE_VOTE
2024-10-20 10:48:14,158 [s2@group-63F69FE1A60B-LeaderElection103] INFO  impl.LeaderElection (LeaderElection.java:askForVotes(333)) - s2@group-63F69FE1A60B-LeaderElection103 PRE_VOTE round 0: submit vote requests at term 1 for conf: {index: 0, cur=peers:[s0|localhost:15340, s1|localhost:15344, s2|localhost:15348]|listeners:[], old=null}
2024-10-20 10:48:14,161 [grpc-default-executor-2] INFO  util.CodeInjectionForTesting (BlockRequestHandlingInjection.java:execute(77)) - s1: Block request from s2
2024-10-20 10:48:14,161 [grpc-default-executor-5] INFO  server.RaftServer$Division (RaftServerImpl.java:requestVote(1447)) - s0@group-63F69FE1A60B: receive requestVote(PRE_VOTE, s2, group-63F69FE1A60B, 1, (t:1, i:2))
2024-10-20 10:48:14,161 [grpc-default-executor-5] INFO  impl.VoteContext (VoteContext.java:log(49)) - s0@group-63F69FE1A60B-FOLLOWER: accept PRE_VOTE from s2: our priority 0 <= candidate's priority 0
2024-10-20 10:48:14,161 [grpc-default-executor-5] INFO  server.RaftServer$Division (RaftServerImpl.java:requestVote(1480)) - s0@group-63F69FE1A60B replies to PRE_VOTE vote request: s2<-s0#0:OK-t1. Peer's state: s0@group-63F69FE1A60B:t1, leader=s1, voted=s1, raftlog=Memoized:s0@group-63F69FE1A60B-SegmentedRaftLog:OPENED:c2:last(t:1, i:2), conf=conf: {index: 0, cur=peers:[s0|localhost:15340, s1|localhost:15344, s2|localhost:15348]|listeners:[], old=null}
2024-10-20 10:48:14,162 [s2@group-63F69FE1A60B-LeaderElection103] INFO  impl.LeaderElection (LeaderElection.java:logAndReturn(90)) - s2@group-63F69FE1A60B-LeaderElection103: PRE_VOTE PASSED received 1 response(s) and 0 exception(s):
2024-10-20 10:48:14,162 [s2@group-63F69FE1A60B-LeaderElection103] INFO  impl.LeaderElection (LeaderElection.java:logAndReturn(94)) -   Response 0: s2<-s0#0:OK-t1
2024-10-20 10:48:14,162 [s2@group-63F69FE1A60B-LeaderElection103] INFO  impl.LeaderElection (LeaderElection.java:askForVotes(335)) - s2@group-63F69FE1A60B-LeaderElection103 PRE_VOTE round 0: result PASSED
2024-10-20 10:48:14,163 [s2@group-63F69FE1A60B-LeaderElection103] TRACE util.FileUtils (LogUtils.java:supplyAndLog(69)) - Successfully supplied FileChannel.open /home/runner/work/ratis/ratis/ratis-test/target/test/data/d69430f5/MiniRaftClusterWithGrpc6ba1444d/s2/741af1df-7b5f-463a-aa1b-63f69fe1a60b/current/raft-meta.tmp with options [CREATE, WRITE]: sun.nio.ch.FileChannelImpl@5346f553
2024-10-20 10:48:14,168 [s2@group-63F69FE1A60B-LeaderElection103] TRACE util.FileUtils (LogUtils.java:runAndLog(49)) - Successfully ran Atomic Files.move /home/runner/work/ratis/ratis/ratis-test/target/test/data/d69430f5/MiniRaftClusterWithGrpc6ba1444d/s2/741af1df-7b5f-463a-aa1b-63f69fe1a60b/current/raft-meta.tmp to /home/runner/work/ratis/ratis/ratis-test/target/test/data/d69430f5/MiniRaftClusterWithGrpc6ba1444d/s2/741af1df-7b5f-463a-aa1b-63f69fe1a60b/current/raft-meta with options [REPLACE_EXISTING]
2024-10-20 10:48:14,168 [s2@group-63F69FE1A60B-LeaderElection103] INFO  impl.LeaderElection (LeaderElection.java:askForVotes(333)) - s2@group-63F69FE1A60B-LeaderElection103 ELECTION round 0: submit vote requests at term 2 for conf: {index: 0, cur=peers:[s0|localhost:15340, s1|localhost:15344, s2|localhost:15348]|listeners:[], old=null}
2024-10-20 10:48:14,170 [grpc-default-executor-6] INFO  util.CodeInjectionForTesting (BlockRequestHandlingInjection.java:execute(77)) - s1: Block request from s2
2024-10-20 10:48:14,170 [grpc-default-executor-5] INFO  server.RaftServer$Division (RaftServerImpl.java:requestVote(1447)) - s0@group-63F69FE1A60B: receive requestVote(ELECTION, s2, group-63F69FE1A60B, 2, (t:1, i:2))
2024-10-20 10:48:14,171 [grpc-default-executor-5] INFO  impl.VoteContext (VoteContext.java:log(49)) - s0@group-63F69FE1A60B-FOLLOWER: accept ELECTION from s2: our priority 0 <= candidate's priority 0
2024-10-20 10:48:14,171 [grpc-default-executor-5] INFO  server.RaftServer$Division (RaftServerImpl.java:setRole(380)) - s0@group-63F69FE1A60B: changes role from  FOLLOWER to FOLLOWER at term 1 for candidate:s2
2024-10-20 10:48:14,171 [grpc-default-executor-5] INFO  impl.RoleInfo (RoleInfo.java:shutdownFollowerState(121)) - s0: shutdown s0@group-63F69FE1A60B-FollowerState
2024-10-20 10:48:14,171 [grpc-default-executor-5] INFO  server.RaftServer$Division (ServerState.java:setLeader(272)) - s0@group-63F69FE1A60B: change Leader from s1 to null at term 2 for updateCurrentTerm
2024-10-20 10:48:14,171 [s0@group-63F69FE1A60B-FollowerState] INFO  impl.FollowerState (FollowerState.java:runImpl(170)) - s0@group-63F69FE1A60B-FollowerState was interrupted
2024-10-20 10:48:14,171 [grpc-default-executor-5] INFO  impl.RoleInfo (RoleInfo.java:updateAndGet(148)) - s0: start s0@group-63F69FE1A60B-FollowerState
2024-10-20 10:48:14,172 [grpc-default-executor-5] TRACE util.FileUtils (LogUtils.java:supplyAndLog(69)) - Successfully supplied FileChannel.open /home/runner/work/ratis/ratis/ratis-test/target/test/data/d69430f5/MiniRaftClusterWithGrpc6ba1444d/s0/741af1df-7b5f-463a-aa1b-63f69fe1a60b/current/raft-meta.tmp with options [CREATE, WRITE]: sun.nio.ch.FileChannelImpl@19c8dea1
2024-10-20 10:48:14,174 [grpc-default-executor-5] TRACE util.FileUtils (LogUtils.java:runAndLog(49)) - Successfully ran Atomic Files.move /home/runner/work/ratis/ratis/ratis-test/target/test/data/d69430f5/MiniRaftClusterWithGrpc6ba1444d/s0/741af1df-7b5f-463a-aa1b-63f69fe1a60b/current/raft-meta.tmp to /home/runner/work/ratis/ratis/ratis-test/target/test/data/d69430f5/MiniRaftClusterWithGrpc6ba1444d/s0/741af1df-7b5f-463a-aa1b-63f69fe1a60b/current/raft-meta with options [REPLACE_EXISTING]
2024-10-20 10:48:14,174 [grpc-default-executor-5] INFO  server.RaftServer$Division (RaftServerImpl.java:requestVote(1480)) - s0@group-63F69FE1A60B replies to ELECTION vote request: s2<-s0#0:OK-t2. Peer's state: s0@group-63F69FE1A60B:t2, leader=null, voted=s2, raftlog=Memoized:s0@group-63F69FE1A60B-SegmentedRaftLog:OPENED:c2:last(t:1, i:2), conf=conf: {index: 0, cur=peers:[s0|localhost:15340, s1|localhost:15344, s2|localhost:15348]|listeners:[], old=null}
2024-10-20 10:48:14,175 [s2@group-63F69FE1A60B-LeaderElection103] INFO  impl.LeaderElection (LeaderElection.java:logAndReturn(90)) - s2@group-63F69FE1A60B-LeaderElection103: ELECTION PASSED received 1 response(s) and 0 exception(s):
2024-10-20 10:48:14,175 [s2@group-63F69FE1A60B-LeaderElection103] INFO  impl.LeaderElection (LeaderElection.java:logAndReturn(94)) -   Response 0: s2<-s0#0:OK-t2
2024-10-20 10:48:14,175 [s2@group-63F69FE1A60B-LeaderElection103] INFO  impl.LeaderElection (LeaderElection.java:askForVotes(335)) - s2@group-63F69FE1A60B-LeaderElection103 ELECTION round 0: result PASSED
2024-10-20 10:48:14,175 [s2@group-63F69FE1A60B-LeaderElection103] INFO  impl.RoleInfo (RoleInfo.java:shutdownLeaderElection(141)) - s2: shutdown s2@group-63F69FE1A60B-LeaderElection103
2024-10-20 10:48:14,175 [s2@group-63F69FE1A60B-LeaderElection103] INFO  server.RaftServer$Division (RaftServerImpl.java:setRole(380)) - s2@group-63F69FE1A60B: changes role from CANDIDATE to LEADER at term 2 for changeToLeader
2024-10-20 10:48:14,175 [s2@group-63F69FE1A60B-LeaderElection103] INFO  server.RaftServerConfigKeys (ConfUtils.java:logGet(46)) - raft.server.staging.catchup.gap = 1000 (default)
2024-10-20 10:48:14,176 [s2@group-63F69FE1A60B-LeaderElection103] INFO  server.RaftServerConfigKeys (ConfUtils.java:logGet(46)) - raft.server.write.element-limit = 4096 (default)
2024-10-20 10:48:14,176 [s2@group-63F69FE1A60B-LeaderElection103] INFO  server.RaftServerConfigKeys (ConfUtils.java:logGet(46)) - raft.server.write.byte-limit = 64MB (=67108864) (default)
2024-10-20 10:48:14,176 [s2@group-63F69FE1A60B-LeaderElection103] INFO  server.RaftServerConfigKeys (ConfUtils.java:logGet(46)) - raft.server.watch.timeout = 10s (default)
2024-10-20 10:48:14,176 [s2@group-63F69FE1A60B-LeaderElection103] INFO  server.RaftServerConfigKeys (ConfUtils.java:logGet(46)) - raft.server.watch.timeout.denomination = 1s (default)
2024-10-20 10:48:14,176 [s2@group-63F69FE1A60B-LeaderElection103] INFO  server.RaftServerConfigKeys (ConfUtils.java:logGet(46)) - raft.server.watch.element-limit = 65536 (default)
2024-10-20 10:48:14,176 [s2@group-63F69FE1A60B-LeaderElection103] INFO  server.RaftServerConfigKeys (ConfUtils.java:logGet(46)) - raft.server.read.leader.lease.enabled = true (custom)
2024-10-20 10:48:14,177 [s2@group-63F69FE1A60B-LeaderElection103] INFO  server.RaftServerConfigKeys (ConfUtils.java:logGet(46)) - raft.server.read.leader.lease.timeout.ratio = 0.5 (custom)
2024-10-20 10:48:14,177 [s2@group-63F69FE1A60B-LeaderElection103] INFO  server.RaftServerConfigKeys (ConfUtils.java:logGet(46)) - raft.server.rpc.timeout.min = 150ms (default)
2024-10-20 10:48:14,177 [s2@group-63F69FE1A60B-LeaderElection103] INFO  server.RaftServerConfigKeys (ConfUtils.java:logGet(46)) - raft.server.log.log-metadata.enabled = true (default)
2024-10-20 10:48:14,177 [s2@group-63F69FE1A60B-LeaderElection103] INFO  server.RaftServerConfigKeys (ConfUtils.java:logGet(46)) - raft.server.write.element-limit = 4096 (default)
2024-10-20 10:48:14,177 [s2@group-63F69FE1A60B-LeaderElection103] INFO  server.RaftServerConfigKeys (ConfUtils.java:logGet(46)) - raft.server.write.follower.gap.ratio.max = -1.0 (default)
2024-10-20 10:48:14,177 [s2@group-63F69FE1A60B-LeaderElection103] INFO  server.RaftServerConfigKeys (ConfUtils.java:logGet(46)) - raft.server.log.appender.snapshot.chunk.size.max = 16MB (=16777216) (default)
2024-10-20 10:48:14,177 [s2@group-63F69FE1A60B-LeaderElection103] INFO  server.RaftServerConfigKeys (ConfUtils.java:logGet(46)) - raft.server.log.appender.buffer.byte-limit = 4MB (=4194304) (default)
2024-10-20 10:48:14,177 [s2@group-63F69FE1A60B-LeaderElection103] INFO  server.RaftServerConfigKeys (ConfUtils.java:logGet(46)) - raft.server.log.appender.buffer.element-limit = 0 (default)
2024-10-20 10:48:14,177 [s2@group-63F69FE1A60B-LeaderElection103] INFO  server.RaftServerConfigKeys (ConfUtils.java:logGet(46)) - raft.server.log.appender.wait-time.min = 1ms (default)
2024-10-20 10:48:14,178 [s2@group-63F69FE1A60B-LeaderElection103] INFO  grpc.GrpcConfigKeys (ConfUtils.java:logGet(46)) - raft.grpc.server.leader.outstanding.appends.max = 8 (default)
2024-10-20 10:48:14,178 [s2@group-63F69FE1A60B-LeaderElection103] INFO  server.RaftServerConfigKeys (ConfUtils.java:logGet(46)) - raft.server.rpc.request.timeout = 3000ms (default)
2024-10-20 10:48:14,178 [s2@group-63F69FE1A60B-LeaderElection103] INFO  grpc.GrpcConfigKeys (ConfUtils.java:logGet(46)) - raft.grpc.server.install_snapshot.request.element-limit = 8 (default)
2024-10-20 10:48:14,178 [s2@group-63F69FE1A60B-LeaderElection103] INFO  grpc.GrpcConfigKeys (ConfUtils.java:logGet(46)) - raft.grpc.server.install_snapshot.request.timeout = 3000ms (default)
2024-10-20 10:48:14,178 [s2@group-63F69FE1A60B-LeaderElection103] INFO  grpc.GrpcConfigKeys (ConfUtils.java:logGet(46)) - raft.grpc.server.log-message.batch.duration = 5s (default)
2024-10-20 10:48:14,178 [s2@group-63F69FE1A60B-LeaderElection103] INFO  server.RaftServerConfigKeys (ConfUtils.java:logGet(46)) - raft.server.log.appender.install.snapshot.enabled = true (default)
2024-10-20 10:48:14,178 [s2@group-63F69FE1A60B-LeaderElection103] INFO  grpc.GrpcConfigKeys (ConfUtils.java:logGet(46)) - raft.grpc.server.heartbeat.channel = true (default)
2024-10-20 10:48:14,178 [s2@group-63F69FE1A60B-LeaderElection103] INFO  server.RaftServerConfigKeys (ConfUtils.java:logGet(46)) - raft.server.log.appender.snapshot.chunk.size.max = 16MB (=16777216) (default)
2024-10-20 10:48:14,179 [s2@group-63F69FE1A60B-LeaderElection103] INFO  server.RaftServerConfigKeys (ConfUtils.java:logGet(46)) - raft.server.log.appender.buffer.byte-limit = 4MB (=4194304) (default)
2024-10-20 10:48:14,179 [s2@group-63F69FE1A60B-LeaderElection103] INFO  server.RaftServerConfigKeys (ConfUtils.java:logGet(46)) - raft.server.log.appender.buffer.element-limit = 0 (default)
2024-10-20 10:48:14,179 [s2@group-63F69FE1A60B-LeaderElection103] INFO  server.RaftServerConfigKeys (ConfUtils.java:logGet(46)) - raft.server.log.appender.wait-time.min = 1ms (default)
2024-10-20 10:48:14,179 [s2@group-63F69FE1A60B-LeaderElection103] INFO  grpc.GrpcConfigKeys (ConfUtils.java:logGet(46)) - raft.grpc.server.leader.outstanding.appends.max = 8 (default)
2024-10-20 10:48:14,179 [s2@group-63F69FE1A60B-LeaderElection103] INFO  server.RaftServerConfigKeys (ConfUtils.java:logGet(46)) - raft.server.rpc.request.timeout = 3000ms (default)
2024-10-20 10:48:14,179 [s2@group-63F69FE1A60B-LeaderElection103] INFO  grpc.GrpcConfigKeys (ConfUtils.java:logGet(46)) - raft.grpc.server.install_snapshot.request.element-limit = 8 (default)
2024-10-20 10:48:14,179 [s2@group-63F69FE1A60B-LeaderElection103] INFO  grpc.GrpcConfigKeys (ConfUtils.java:logGet(46)) - raft.grpc.server.install_snapshot.request.timeout = 3000ms (default)
2024-10-20 10:48:14,179 [s2@group-63F69FE1A60B-LeaderElection103] INFO  grpc.GrpcConfigKeys (ConfUtils.java:logGet(46)) - raft.grpc.server.log-message.batch.duration = 5s (default)
2024-10-20 10:48:14,179 [s2@group-63F69FE1A60B-LeaderElection103] INFO  server.RaftServerConfigKeys (ConfUtils.java:logGet(46)) - raft.server.log.appender.install.snapshot.enabled = true (default)
2024-10-20 10:48:14,179 [s2@group-63F69FE1A60B-LeaderElection103] INFO  grpc.GrpcConfigKeys (ConfUtils.java:logGet(46)) - raft.grpc.server.heartbeat.channel = true (default)
2024-10-20 10:48:14,180 [s2@group-63F69FE1A60B-LeaderElection103] INFO  impl.RoleInfo (RoleInfo.java:updateAndGet(148)) - s2: start s2@group-63F69FE1A60B-LeaderStateImpl
2024-10-20 10:48:14,180 [s2@group-63F69FE1A60B-LeaderElection103] INFO  server.RaftServer$Division (ServerState.java:setLeader(272)) - s2@group-63F69FE1A60B: change Leader from null to s2 at term 2 for becomeLeader, leader elected after 21ms
2024-10-20 10:48:14,180 [s2@group-63F69FE1A60B-LeaderElection103] INFO  segmented.SegmentedRaftLogWorker (SegmentedRaftLogWorker.java:rollLogSegment(447)) - s2@group-63F69FE1A60B-SegmentedRaftLogWorker: Rolling segment log-0_2 to index:2
2024-10-20 10:48:14,180 [s2@group-63F69FE1A60B-LeaderElection103] INFO  server.RaftServer$Division (ServerState.java:setRaftConf(386)) - s2@group-63F69FE1A60B: set configuration conf: {index: 3, cur=peers:[s0|localhost:15340, s1|localhost:15344, s2|localhost:15348]|listeners:[], old=null}
2024-10-20 10:48:14,182 [s2@group-63F69FE1A60B-SegmentedRaftLogWorker] TRACE util.FileUtils (LogUtils.java:runAndLog(49)) - Successfully ran Atomic Files.move /home/runner/work/ratis/ratis/ratis-test/target/test/data/d69430f5/MiniRaftClusterWithGrpc6ba1444d/s2/741af1df-7b5f-463a-aa1b-63f69fe1a60b/current/log_inprogress_0 to /home/runner/work/ratis/ratis/ratis-test/target/test/data/d69430f5/MiniRaftClusterWithGrpc6ba1444d/s2/741af1df-7b5f-463a-aa1b-63f69fe1a60b/current/log_0-2
2024-10-20 10:48:14,182 [s2@group-63F69FE1A60B-SegmentedRaftLogWorker] INFO  segmented.SegmentedRaftLogWorker (SegmentedRaftLogWorker.java:execute(620)) - s2@group-63F69FE1A60B-SegmentedRaftLogWorker: Rolled log segment from /home/runner/work/ratis/ratis/ratis-test/target/test/data/d69430f5/MiniRaftClusterWithGrpc6ba1444d/s2/741af1df-7b5f-463a-aa1b-63f69fe1a60b/current/log_inprogress_0 to /home/runner/work/ratis/ratis/ratis-test/target/test/data/d69430f5/MiniRaftClusterWithGrpc6ba1444d/s2/741af1df-7b5f-463a-aa1b-63f69fe1a60b/current/log_0-2
2024-10-20 10:48:14,182 [s2@group-63F69FE1A60B-SegmentedRaftLogWorker] INFO  segmented.BufferedWriteChannel (BufferedWriteChannel.java:open(61)) - open log_inprogress_3 at position 0
2024-10-20 10:48:14,194 [s2@group-63F69FE1A60B-SegmentedRaftLogWorker] INFO  segmented.SegmentedRaftLogWorker (SegmentedRaftLogWorker.java:execute(663)) - s2@group-63F69FE1A60B-SegmentedRaftLogWorker: created new log segment /home/runner/work/ratis/ratis/ratis-test/target/test/data/d69430f5/MiniRaftClusterWithGrpc6ba1444d/s2/741af1df-7b5f-463a-aa1b-63f69fe1a60b/current/log_inprogress_3
2024-10-20 10:48:14,204 [s0-server-thread3] INFO  server.RaftServer$Division (ServerState.java:setLeader(272)) - s0@group-63F69FE1A60B: change Leader from null to s2 at term 2 for appendEntries, leader elected after 33ms
2024-10-20 10:48:14,208 [s0-server-thread4] DEBUG server.RaftServer$Division (RaftServerImpl.java:logAppendEntries(1549)) - s0@group-63F69FE1A60B: appendEntries* s2->s0#1-t2,previous=(t:1, i:2),leaderCommit=2,initializing? false,entries: size=1, first=(t:2, i:3), CONFIGURATIONENTRY(current:id:"s0"address:"localhost:15340"dataStreamAddress:"localhost:15343"clientAddress:"localhost:15342"adminAddress:"localhost:15341"startupRole:FOLLOWER, id:"s1"address:"localhost:15344"dataStreamAddress:"localhost:15347"clientAddress:"localhost:15346"adminAddress:"localhost:15345"startupRole:FOLLOWER, id:"s2"address:"localhost:15348"dataStreamAddress:"localhost:15351"clientAddress:"localhost:15350"adminAddress:"localhost:15349"startupRole:FOLLOWER, old:)
2024-10-20 10:48:14,209 [s0-server-thread4] INFO  server.RaftServer$Division (ServerState.java:setRaftConf(386)) - s0@group-63F69FE1A60B: set configuration conf: {index: 3, cur=peers:[s0|localhost:15340, s1|localhost:15344, s2|localhost:15348]|listeners:[], old=null}
2024-10-20 10:48:14,209 [s0-server-thread4] INFO  segmented.SegmentedRaftLogWorker (SegmentedRaftLogWorker.java:rollLogSegment(447)) - s0@group-63F69FE1A60B-SegmentedRaftLogWorker: Rolling segment log-0_2 to index:2
2024-10-20 10:48:14,210 [s0@group-63F69FE1A60B-SegmentedRaftLogWorker] TRACE util.FileUtils (LogUtils.java:runAndLog(49)) - Successfully ran Atomic Files.move /home/runner/work/ratis/ratis/ratis-test/target/test/data/d69430f5/MiniRaftClusterWithGrpc6ba1444d/s0/741af1df-7b5f-463a-aa1b-63f69fe1a60b/current/log_inprogress_0 to /home/runner/work/ratis/ratis/ratis-test/target/test/data/d69430f5/MiniRaftClusterWithGrpc6ba1444d/s0/741af1df-7b5f-463a-aa1b-63f69fe1a60b/current/log_0-2
2024-10-20 10:48:14,210 [s0@group-63F69FE1A60B-SegmentedRaftLogWorker] INFO  segmented.SegmentedRaftLogWorker (SegmentedRaftLogWorker.java:execute(620)) - s0@group-63F69FE1A60B-SegmentedRaftLogWorker: Rolled log segment from /home/runner/work/ratis/ratis/ratis-test/target/test/data/d69430f5/MiniRaftClusterWithGrpc6ba1444d/s0/741af1df-7b5f-463a-aa1b-63f69fe1a60b/current/log_inprogress_0 to /home/runner/work/ratis/ratis/ratis-test/target/test/data/d69430f5/MiniRaftClusterWithGrpc6ba1444d/s0/741af1df-7b5f-463a-aa1b-63f69fe1a60b/current/log_0-2
2024-10-20 10:48:14,211 [s0@group-63F69FE1A60B-SegmentedRaftLogWorker] INFO  segmented.BufferedWriteChannel (BufferedWriteChannel.java:open(61)) - open log_inprogress_3 at position 0
2024-10-20 10:48:14,212 [s1-server-thread1] INFO  util.CodeInjectionForTesting (BlockRequestHandlingInjection.java:execute(77)) - s1: Block request from s2
2024-10-20 10:48:14,214 [s1-server-thread2] INFO  util.CodeInjectionForTesting (BlockRequestHandlingInjection.java:execute(77)) - s1: Block request from s2
2024-10-20 10:48:14,225 [s0@group-63F69FE1A60B-SegmentedRaftLogWorker] INFO  segmented.SegmentedRaftLogWorker (SegmentedRaftLogWorker.java:execute(663)) - s0@group-63F69FE1A60B-SegmentedRaftLogWorker: created new log segment /home/runner/work/ratis/ratis/ratis-test/target/test/data/d69430f5/MiniRaftClusterWithGrpc6ba1444d/s0/741af1df-7b5f-463a-aa1b-63f69fe1a60b/current/log_inprogress_3
2024-10-20 10:48:14,225 [s0-server-thread4] DEBUG server.RaftServer$Division (RaftServerImpl.java:logAppendEntries(1549)) - s0@group-63F69FE1A60B: appendEntries* reply s2<-s0#1:OK-t2,SUCCESS,nextIndex=4,followerCommit=2,matchIndex=3
2024-10-20 10:48:14,226 [s2@group-63F69FE1A60B-StateMachineUpdater] TRACE util.FileUtils (LogUtils.java:supplyAndLog(69)) - Successfully supplied FileChannel.open /home/runner/work/ratis/ratis/ratis-test/target/test/data/d69430f5/MiniRaftClusterWithGrpc6ba1444d/s2/741af1df-7b5f-463a-aa1b-63f69fe1a60b/current/raft-meta.conf.tmp with options [CREATE, WRITE]: sun.nio.ch.FileChannelImpl@45dbb4d0
2024-10-20 10:48:14,227 [s0-server-thread4] DEBUG server.RaftServer$Division (RaftServerImpl.java:logAppendEntries(1549)) - s0@group-63F69FE1A60B: appendEntries* s2->s0#2-t2,previous=(t:2, i:3),leaderCommit=3,initializing? false,entries: size=1, first=(t:2, i:4), METADATAENTRY(c:3)
2024-10-20 10:48:14,228 [s2@group-63F69FE1A60B-StateMachineUpdater] TRACE util.FileUtils (LogUtils.java:runAndLog(49)) - Successfully ran Atomic Files.move /home/runner/work/ratis/ratis/ratis-test/target/test/data/d69430f5/MiniRaftClusterWithGrpc6ba1444d/s2/741af1df-7b5f-463a-aa1b-63f69fe1a60b/current/raft-meta.conf.tmp to /home/runner/work/ratis/ratis/ratis-test/target/test/data/d69430f5/MiniRaftClusterWithGrpc6ba1444d/s2/741af1df-7b5f-463a-aa1b-63f69fe1a60b/current/raft-meta.conf with options [REPLACE_EXISTING]
2024-10-20 10:48:14,228 [s2@group-63F69FE1A60B-StateMachineUpdater] INFO  server.RaftServer$Division (LeaderStateImpl.java:checkStartIndex(314)) - Leader s2@group-63F69FE1A60B-LeaderStateImpl is ready since appliedIndex == startIndex == 3
2024-10-20 10:48:14,229 [s0-server-thread4] DEBUG server.RaftServer$Division (RaftServerImpl.java:logAppendEntries(1549)) - s0@group-63F69FE1A60B: appendEntries* reply s2<-s0#2:OK-t2,SUCCESS,nextIndex=5,followerCommit=3,matchIndex=4
2024-10-20 10:48:14,229 [s0@group-63F69FE1A60B-StateMachineUpdater] TRACE util.FileUtils (LogUtils.java:supplyAndLog(69)) - Successfully supplied FileChannel.open /home/runner/work/ratis/ratis/ratis-test/target/test/data/d69430f5/MiniRaftClusterWithGrpc6ba1444d/s0/741af1df-7b5f-463a-aa1b-63f69fe1a60b/current/raft-meta.conf.tmp with options [CREATE, WRITE]: sun.nio.ch.FileChannelImpl@4018166e
2024-10-20 10:48:14,230 [s0@group-63F69FE1A60B-StateMachineUpdater] TRACE util.FileUtils (LogUtils.java:runAndLog(49)) - Successfully ran Atomic Files.move /home/runner/work/ratis/ratis/ratis-test/target/test/data/d69430f5/MiniRaftClusterWithGrpc6ba1444d/s0/741af1df-7b5f-463a-aa1b-63f69fe1a60b/current/raft-meta.conf.tmp to /home/runner/work/ratis/ratis/ratis-test/target/test/data/d69430f5/MiniRaftClusterWithGrpc6ba1444d/s0/741af1df-7b5f-463a-aa1b-63f69fe1a60b/current/raft-meta.conf with options [REPLACE_EXISTING]
2024-10-20 10:48:14,281 [s1@group-63F69FE1A60B-LeaderStateImpl] WARN  server.RaftServer$Division (LeaderStateImpl.java:checkLeadership(1117)) - s1@group-63F69FE1A60B-LeaderStateImpl: Lost leadership on term: 1. Election timeout: 300ms. In charge for: 1584ms. Conf: conf: {index: 0, cur=peers:[s0|localhost:15340, s1|localhost:15344, s2|localhost:15348]|listeners:[], old=null}
2024-10-20 10:48:14,281 [s1@group-63F69FE1A60B-LeaderStateImpl] WARN  server.RaftServer$Division (LeaderStateImpl.java:lambda$checkLeadership$20(1121)) - Follower s1@group-63F69FE1A60B->s0(c2,m2,n4, caughtUp=true, lastRpcSendTime=9, lastRpcResponseTime=312)
2024-10-20 10:48:14,281 [s1@group-63F69FE1A60B-LeaderStateImpl] WARN  server.RaftServer$Division (LeaderStateImpl.java:lambda$checkLeadership$20(1121)) - Follower s1@group-63F69FE1A60B->s2(c2,m2,n4, caughtUp=true, lastRpcSendTime=9, lastRpcResponseTime=312)
2024-10-20 10:48:14,281 [s1@group-63F69FE1A60B-LeaderStateImpl] INFO  server.RaftServer$Division (RaftServerImpl.java:setRole(380)) - s1@group-63F69FE1A60B: changes role from    LEADER to FOLLOWER at term 1 for StepDownReason:LOST_MAJORITY_HEARTBEATS
2024-10-20 10:48:14,281 [s1@group-63F69FE1A60B-LeaderStateImpl] INFO  impl.RoleInfo (RoleInfo.java:shutdownLeaderState(103)) - s1: shutdown s1@group-63F69FE1A60B-LeaderStateImpl
2024-10-20 10:48:14,281 [s1@group-63F69FE1A60B->s0-GrpcLogAppender-LogAppenderDaemon] WARN  server.GrpcLogAppender (GrpcLogAppender.java:mayWait(293)) - s1@group-63F69FE1A60B->s0-GrpcLogAppender: Wait interrupted by java.lang.InterruptedException
2024-10-20 10:48:14,281 [s1@group-63F69FE1A60B-LeaderStateImpl] INFO  impl.PendingRequests (PendingRequests.java:sendNotLeaderResponses(287)) - s1@group-63F69FE1A60B-PendingRequests: sendNotLeaderResponses
2024-10-20 10:48:14,281 [s1@group-63F69FE1A60B->s2-GrpcLogAppender-LogAppenderDaemon] WARN  server.GrpcLogAppender (GrpcLogAppender.java:mayWait(293)) - s1@group-63F69FE1A60B->s2-GrpcLogAppender: Wait interrupted by java.lang.InterruptedException
2024-10-20 10:48:14,282 [null-request--thread1] INFO  server.GrpcClientProtocolService (GrpcClientProtocolService.java:lambda$processClientRequest$0(330)) - Failed request cid=44, reply=RaftClientReply:client-A1D0B2B2C223->s1@group-63F69FE1A60B, cid=44, FAILED org.apache.ratis.protocol.exceptions.NotLeaderException: Server s1@group-63F69FE1A60B is not the leader, logIndex=0, commits[s1:c2, s0:c2, s2:c2]
2024-10-20 10:48:14,282 [s1@group-63F69FE1A60B-LeaderStateImpl] INFO  server.RaftServer$Division (ServerState.java:setLeader(272)) - s1@group-63F69FE1A60B: change Leader from s1 to null at term 1 for StepDownReason:LOST_MAJORITY_HEARTBEATS
2024-10-20 10:48:14,282 [s1@group-63F69FE1A60B-LeaderStateImpl] INFO  impl.RoleInfo (RoleInfo.java:updateAndGet(148)) - s1: start s1@group-63F69FE1A60B-FollowerState
2024-10-20 10:48:14,284 [main] DEBUG client.RaftClient (RaftClientImpl.java:handleIOException(418)) - client-A1D0B2B2C223: suggested new leader: null. Failed RaftClientRequest:client-A1D0B2B2C223->s1@group-63F69FE1A60B, cid=44, seq=null, RW, message
org.apache.ratis.protocol.exceptions.NotLeaderException: Server s1@group-63F69FE1A60B is not the leader
	at org.apache.ratis.client.impl.ClientProtoUtils.toRaftClientReply(ClientProtoUtils.java:402)
	at java.util.concurrent.CompletableFuture.uniApply(CompletableFuture.java:616)
	at java.util.concurrent.CompletableFuture$UniApply.tryFire(CompletableFuture.java:591)
	at java.util.concurrent.CompletableFuture.postComplete(CompletableFuture.java:488)
	at java.util.concurrent.CompletableFuture.complete(CompletableFuture.java:1975)
	at org.apache.ratis.grpc.client.GrpcClientRpc$1.onNext(GrpcClientRpc.java:151)
	at org.apache.ratis.grpc.client.GrpcClientRpc$1.onNext(GrpcClientRpc.java:148)
	at org.apache.ratis.thirdparty.io.grpc.stub.ClientCalls$StreamObserverToCallListenerAdapter.onMessage(ClientCalls.java:468)
	at org.apache.ratis.thirdparty.io.grpc.ForwardingClientCallListener.onMessage(ForwardingClientCallListener.java:33)
	at org.apache.ratis.thirdparty.io.grpc.internal.ClientCallImpl$ClientStreamListenerImpl$1MessagesAvailable.runInternal(ClientCallImpl.java:660)
	at org.apache.ratis.thirdparty.io.grpc.internal.ClientCallImpl$ClientStreamListenerImpl$1MessagesAvailable.runInContext(ClientCallImpl.java:647)
	at org.apache.ratis.thirdparty.io.grpc.internal.ContextRunnable.run(ContextRunnable.java:37)
	at org.apache.ratis.thirdparty.io.grpc.internal.SerializingExecutor.run(SerializingExecutor.java:133)
	at java.util.concurrent.ThreadPoolExecutor.runWorker(ThreadPoolExecutor.java:1149)
	at java.util.concurrent.ThreadPoolExecutor$Worker.run(ThreadPoolExecutor.java:624)
	at java.lang.Thread.run(Thread.java:750)
2024-10-20 10:48:14,285 [main] DEBUG client.RaftClient (RaftClientImpl.java:handleIOException(436)) - client-A1D0B2B2C223: oldLeader=s1,  curLeader=s1, newLeader=s0
2024-10-20 10:48:14,285 [main] DEBUG client.RaftClient (RaftClientImpl.java:handleIOException(442)) - client-A1D0B2B2C223 changes Leader from s1 to s0 for group-63F69FE1A60B
org.apache.ratis.protocol.exceptions.NotLeaderException: Server s1@group-63F69FE1A60B is not the leader
	at org.apache.ratis.client.impl.ClientProtoUtils.toRaftClientReply(ClientProtoUtils.java:402)
	at java.util.concurrent.CompletableFuture.uniApply(CompletableFuture.java:616)
	at java.util.concurrent.CompletableFuture$UniApply.tryFire(CompletableFuture.java:591)
	at java.util.concurrent.CompletableFuture.postComplete(CompletableFuture.java:488)
	at java.util.concurrent.CompletableFuture.complete(CompletableFuture.java:1975)
	at org.apache.ratis.grpc.client.GrpcClientRpc$1.onNext(GrpcClientRpc.java:151)
	at org.apache.ratis.grpc.client.GrpcClientRpc$1.onNext(GrpcClientRpc.java:148)
	at org.apache.ratis.thirdparty.io.grpc.stub.ClientCalls$StreamObserverToCallListenerAdapter.onMessage(ClientCalls.java:468)
	at org.apache.ratis.thirdparty.io.grpc.ForwardingClientCallListener.onMessage(ForwardingClientCallListener.java:33)
	at org.apache.ratis.thirdparty.io.grpc.internal.ClientCallImpl$ClientStreamListenerImpl$1MessagesAvailable.runInternal(ClientCallImpl.java:660)
	at org.apache.ratis.thirdparty.io.grpc.internal.ClientCallImpl$ClientStreamListenerImpl$1MessagesAvailable.runInContext(ClientCallImpl.java:647)
	at org.apache.ratis.thirdparty.io.grpc.internal.ContextRunnable.run(ContextRunnable.java:37)
	at org.apache.ratis.thirdparty.io.grpc.internal.SerializingExecutor.run(SerializingExecutor.java:133)
	at java.util.concurrent.ThreadPoolExecutor.runWorker(ThreadPoolExecutor.java:1149)
	at java.util.concurrent.ThreadPoolExecutor$Worker.run(ThreadPoolExecutor.java:624)
	at java.lang.Thread.run(Thread.java:750)
2024-10-20 10:48:14,386 [main] DEBUG client.RaftClient (RaftClientImpl.java:get(158)) - client-A1D0B2B2C223: get 44 returns [43]
2024-10-20 10:48:14,386 [main] DEBUG client.RaftClient (RaftClientImpl.java:newRequest(95)) - attempt #2, newRequest RaftClientRequest:client-A1D0B2B2C223->s0@group-63F69FE1A60B, cid=44, seq=null, RW, message
2024-10-20 10:48:14,390 [s0-client-thread1] DEBUG server.RaftServer$Division (RaftServerImpl.java:submitClientRequestAsync(920)) - s0@group-63F69FE1A60B: receive client request(RaftClientRequest:client-A1D0B2B2C223->s0@group-63F69FE1A60B, cid=44, seq=null, RW, Message:6d657373616765)
2024-10-20 10:48:14,391 [null-request--thread1] INFO  server.GrpcClientProtocolService (GrpcClientProtocolService.java:lambda$processClientRequest$0(330)) - Failed request cid=44, reply=RaftClientReply:client-A1D0B2B2C223->s0@group-63F69FE1A60B, cid=44, FAILED org.apache.ratis.protocol.exceptions.NotLeaderException: Server s0@group-63F69FE1A60B is not the leader, suggested leader is: s2|localhost:15348, logIndex=0, commits[s0:c4, s1:c2, s2:c4]
2024-10-20 10:48:14,392 [main] DEBUG client.RaftClient (RaftClientImpl.java:handleIOException(418)) - client-A1D0B2B2C223: suggested new leader: s2. Failed RaftClientRequest:client-A1D0B2B2C223->s0@group-63F69FE1A60B, cid=44, seq=null, RW, message
org.apache.ratis.protocol.exceptions.NotLeaderException: Server s0@group-63F69FE1A60B is not the leader, suggested leader is: s2|localhost:15348
	at org.apache.ratis.client.impl.ClientProtoUtils.toRaftClientReply(ClientProtoUtils.java:402)
	at java.util.concurrent.CompletableFuture.uniApply(CompletableFuture.java:616)
	at java.util.concurrent.CompletableFuture$UniApply.tryFire(CompletableFuture.java:591)
	at java.util.concurrent.CompletableFuture.postComplete(CompletableFuture.java:488)
	at java.util.concurrent.CompletableFuture.complete(CompletableFuture.java:1975)
	at org.apache.ratis.grpc.client.GrpcClientRpc$1.onNext(GrpcClientRpc.java:151)
	at org.apache.ratis.grpc.client.GrpcClientRpc$1.onNext(GrpcClientRpc.java:148)
	at org.apache.ratis.thirdparty.io.grpc.stub.ClientCalls$StreamObserverToCallListenerAdapter.onMessage(ClientCalls.java:468)
	at org.apache.ratis.thirdparty.io.grpc.ForwardingClientCallListener.onMessage(ForwardingClientCallListener.java:33)
	at org.apache.ratis.thirdparty.io.grpc.internal.DelayedClientCall$DelayedListener.onMessage(DelayedClientCall.java:473)
	at org.apache.ratis.thirdparty.io.grpc.internal.ClientCallImpl$ClientStreamListenerImpl$1MessagesAvailable.runInternal(ClientCallImpl.java:660)
	at org.apache.ratis.thirdparty.io.grpc.internal.ClientCallImpl$ClientStreamListenerImpl$1MessagesAvailable.runInContext(ClientCallImpl.java:647)
	at org.apache.ratis.thirdparty.io.grpc.internal.ContextRunnable.run(ContextRunnable.java:37)
	at org.apache.ratis.thirdparty.io.grpc.internal.SerializingExecutor.run(SerializingExecutor.java:133)
	at java.util.concurrent.ThreadPoolExecutor.runWorker(ThreadPoolExecutor.java:1149)
	at java.util.concurrent.ThreadPoolExecutor$Worker.run(ThreadPoolExecutor.java:624)
	at java.lang.Thread.run(Thread.java:750)
2024-10-20 10:48:14,393 [main] DEBUG client.RaftClient (RaftClientImpl.java:handleIOException(436)) - client-A1D0B2B2C223: oldLeader=s0,  curLeader=s0, newLeader=s2
2024-10-20 10:48:14,393 [main] DEBUG client.RaftClient (RaftClientImpl.java:handleIOException(442)) - client-A1D0B2B2C223 changes Leader from s0 to s2 for group-63F69FE1A60B
org.apache.ratis.protocol.exceptions.NotLeaderException: Server s0@group-63F69FE1A60B is not the leader, suggested leader is: s2|localhost:15348
	at org.apache.ratis.client.impl.ClientProtoUtils.toRaftClientReply(ClientProtoUtils.java:402)
	at java.util.concurrent.CompletableFuture.uniApply(CompletableFuture.java:616)
	at java.util.concurrent.CompletableFuture$UniApply.tryFire(CompletableFuture.java:591)
	at java.util.concurrent.CompletableFuture.postComplete(CompletableFuture.java:488)
	at java.util.concurrent.CompletableFuture.complete(CompletableFuture.java:1975)
	at org.apache.ratis.grpc.client.GrpcClientRpc$1.onNext(GrpcClientRpc.java:151)
	at org.apache.ratis.grpc.client.GrpcClientRpc$1.onNext(GrpcClientRpc.java:148)
	at org.apache.ratis.thirdparty.io.grpc.stub.ClientCalls$StreamObserverToCallListenerAdapter.onMessage(ClientCalls.java:468)
	at org.apache.ratis.thirdparty.io.grpc.ForwardingClientCallListener.onMessage(ForwardingClientCallListener.java:33)
	at org.apache.ratis.thirdparty.io.grpc.internal.DelayedClientCall$DelayedListener.onMessage(DelayedClientCall.java:473)
	at org.apache.ratis.thirdparty.io.grpc.internal.ClientCallImpl$ClientStreamListenerImpl$1MessagesAvailable.runInternal(ClientCallImpl.java:660)
	at org.apache.ratis.thirdparty.io.grpc.internal.ClientCallImpl$ClientStreamListenerImpl$1MessagesAvailable.runInContext(ClientCallImpl.java:647)
	at org.apache.ratis.thirdparty.io.grpc.internal.ContextRunnable.run(ContextRunnable.java:37)
	at org.apache.ratis.thirdparty.io.grpc.internal.SerializingExecutor.run(SerializingExecutor.java:133)
	at java.util.concurrent.ThreadPoolExecutor.runWorker(ThreadPoolExecutor.java:1149)
	at java.util.concurrent.ThreadPoolExecutor$Worker.run(ThreadPoolExecutor.java:624)
	at java.lang.Thread.run(Thread.java:750)
2024-10-20 10:48:14,452 [s1@group-63F69FE1A60B-FollowerState] INFO  impl.FollowerState (FollowerState.java:lostMajorityHeartbeatsRecently(113)) - s1@group-63F69FE1A60B-FollowerState: Skipping leader election since it stepped down recently (elapsed = 169ms < waitTime = 10s)
2024-10-20 10:48:14,493 [main] DEBUG client.RaftClient (RaftClientImpl.java:get(158)) - client-A1D0B2B2C223: get 44 returns [43]
2024-10-20 10:48:14,494 [main] DEBUG client.RaftClient (RaftClientImpl.java:newRequest(95)) - attempt #3, newRequest RaftClientRequest:client-A1D0B2B2C223->s2@group-63F69FE1A60B, cid=44, seq=null, RW, message
2024-10-20 10:48:14,498 [s2-client-thread1] DEBUG server.RaftServer$Division (RaftServerImpl.java:submitClientRequestAsync(920)) - s2@group-63F69FE1A60B: receive client request(RaftClientRequest:client-A1D0B2B2C223->s2@group-63F69FE1A60B, cid=44, seq=null, RW, Message:6d657373616765)
2024-10-20 10:48:14,499 [s2-client-thread1] DEBUG server.RaftServer$Division (LeaderStateImpl.java:addPendingRequest(529)) - s2@group-63F69FE1A60B-LeaderStateImpl: addPendingRequest at RaftClientRequest:client-A1D0B2B2C223->s2@group-63F69FE1A60B, cid=44, seq=null, RW, Message:6d657373616765, entry=(t:2, i:5), STATEMACHINELOGENTRY, WRITE: logData.size=7, stateMachineData.size=0, logEntryProtoSerializedSize=0
2024-10-20 10:48:14,500 [s0-server-thread5] DEBUG server.RaftServer$Division (RaftServerImpl.java:logAppendEntries(1549)) - s0@group-63F69FE1A60B: appendEntries* s2->s0#7-t2,previous=(t:2, i:4),leaderCommit=4,initializing? false,entries: size=1, first=(t:2, i:5), STATEMACHINELOGENTRY, StateMachineLogEntryProto:44@client-A1D0B2B2C223
2024-10-20 10:48:14,500 [s0-server-thread5] DEBUG server.RaftServer$Division (RaftServerImpl.java:logAppendEntries(1549)) - s0@group-63F69FE1A60B: appendEntries* reply s2<-s0#7:OK-t2,SUCCESS,nextIndex=6,followerCommit=4,matchIndex=5
2024-10-20 10:48:14,501 [s0-server-thread5] DEBUG server.RaftServer$Division (RaftServerImpl.java:logAppendEntries(1549)) - s0@group-63F69FE1A60B: appendEntries* s2->s0#8-t2,previous=(t:2, i:5),leaderCommit=5,initializing? false,entries: size=1, first=(t:2, i:6), METADATAENTRY(c:5)
2024-10-20 10:48:14,502 [main] DEBUG client.RaftClient (RaftClientImpl.java:add(146)) - client-A1D0B2B2C223: add replied callId 44
2024-10-20 10:48:14,503 [main] DEBUG client.RaftClient (RaftClientImpl.java:close(465)) - close client-A1D0B2B2C223
2024-10-20 10:48:14,504 [s0-server-thread5] DEBUG server.RaftServer$Division (RaftServerImpl.java:logAppendEntries(1549)) - s0@group-63F69FE1A60B: appendEntries* reply s2<-s0#8:OK-t2,SUCCESS,nextIndex=7,followerCommit=5,matchIndex=6
2024-10-20 10:48:14,505 [main] INFO  util.CodeInjectionForTesting (BlockRequestHandlingInjection.java:unblockRequestor(54)) - UnBlock requestor s1
2024-10-20 10:48:14,505 [main] INFO  impl.MiniRaftCluster (MiniRaftCluster.java:shutdown(847)) - ************************************************************** 
2024-10-20 10:48:14,505 [main] INFO  impl.MiniRaftCluster (MiniRaftCluster.java:shutdown(848)) - *** 
2024-10-20 10:48:14,505 [main] INFO  impl.MiniRaftCluster (MiniRaftCluster.java:shutdown(849)) - ***     Stopping MiniRaftClusterWithGrpc
2024-10-20 10:48:14,505 [main] INFO  impl.MiniRaftCluster (MiniRaftCluster.java:shutdown(850)) - *** 
2024-10-20 10:48:14,505 [main] INFO  impl.MiniRaftCluster (MiniRaftCluster.java:shutdown(851)) - ************************************************************** 
2024-10-20 10:48:14,505 [main] INFO  impl.MiniRaftCluster (MiniRaftCluster.java:shutdown(852)) - printing ALL groups
  s0:  RUNNING  FOLLOWER s0@group-63F69FE1A60B:t2, leader=s2, voted=s2, raftlog=Memoized:s0@group-63F69FE1A60B-SegmentedRaftLog:OPENED:c5:last(t:2, i:6), conf=conf: {index: 3, cur=peers:[s0|localhost:15340, s1|localhost:15344, s2|localhost:15348]|listeners:[], old=null} RUNNING
  s1:  RUNNING  FOLLOWER s1@group-63F69FE1A60B:t1, leader=null, voted=s1, raftlog=Memoized:s1@group-63F69FE1A60B-SegmentedRaftLog:OPENED:c2:last(t:1, i:3), conf=conf: {index: 0, cur=peers:[s0|localhost:15340, s1|localhost:15344, s2|localhost:15348]|listeners:[], old=null} RUNNING
  s2:  RUNNING    LEADER s2@group-63F69FE1A60B:t2, leader=s2, voted=s2, raftlog=Memoized:s2@group-63F69FE1A60B-SegmentedRaftLog:OPENED:c6:last(t:2, i:6), conf=conf: {index: 3, cur=peers:[s0|localhost:15340, s1|localhost:15344, s2|localhost:15348]|listeners:[], old=null} RUNNING
2024-10-20 10:48:14,506 [MiniRaftCluster-86] INFO  server.RaftServer (RaftServerProxy.java:lambda$close$9(418)) - s0: close
2024-10-20 10:48:14,506 [MiniRaftCluster-87] INFO  server.RaftServer (RaftServerProxy.java:lambda$close$9(418)) - s1: close
2024-10-20 10:48:14,506 [s0-impl-thread1] INFO  server.RaftServer$Division (RaftServerImpl.java:lambda$close$1(515)) - s0@group-63F69FE1A60B: shutdown
2024-10-20 10:48:14,506 [MiniRaftCluster-86] INFO  server.GrpcServicesImpl (GrpcServicesImpl.java:closeImpl(362)) - s0: shutdown server org.apache.ratis.grpc.server.GrpcClientProtocolService now
2024-10-20 10:48:14,506 [s1-impl-thread1] INFO  server.RaftServer$Division (RaftServerImpl.java:lambda$close$1(515)) - s1@group-63F69FE1A60B: shutdown
2024-10-20 10:48:14,506 [s1-impl-thread1] INFO  util.JmxRegister (JmxRegister.java:unregister(74)) - Successfully un-registered JMX Bean with object name Ratis:service=RaftServer,group=group-63F69FE1A60B,id=s1
2024-10-20 10:48:14,506 [s1-impl-thread1] INFO  impl.RoleInfo (RoleInfo.java:shutdownFollowerState(121)) - s1: shutdown s1@group-63F69FE1A60B-FollowerState
2024-10-20 10:48:14,506 [s1@group-63F69FE1A60B-FollowerState] INFO  impl.FollowerState (FollowerState.java:runImpl(170)) - s1@group-63F69FE1A60B-FollowerState was interrupted
2024-10-20 10:48:14,506 [s0-impl-thread1] INFO  util.JmxRegister (JmxRegister.java:unregister(74)) - Successfully un-registered JMX Bean with object name Ratis:service=RaftServer,group=group-63F69FE1A60B,id=s0
2024-10-20 10:48:14,506 [s0-impl-thread1] INFO  impl.RoleInfo (RoleInfo.java:shutdownFollowerState(121)) - s0: shutdown s0@group-63F69FE1A60B-FollowerState
2024-10-20 10:48:14,506 [MiniRaftCluster-87] INFO  server.GrpcServicesImpl (GrpcServicesImpl.java:closeImpl(362)) - s1: shutdown server org.apache.ratis.grpc.server.GrpcClientProtocolService now
2024-10-20 10:48:14,507 [s0@group-63F69FE1A60B-FollowerState] INFO  impl.FollowerState (FollowerState.java:runImpl(170)) - s0@group-63F69FE1A60B-FollowerState was interrupted
2024-10-20 10:48:14,507 [s0@group-63F69FE1A60B-StateMachineUpdater] INFO  impl.StateMachineUpdater (StateMachineUpdater.java:stop(141)) - s0@group-63F69FE1A60B-StateMachineUpdater: closing BaseStateMachine, lastApplied=(t:2, i:5)
2024-10-20 10:48:14,506 [s0-impl-thread1] INFO  impl.StateMachineUpdater (StateMachineUpdater.java:stopAndJoin(164)) - s0@group-63F69FE1A60B-StateMachineUpdater: set stopIndex = 5
2024-10-20 10:48:14,507 [s0-impl-thread1] INFO  raftlog.RaftLog (SegmentedRaftLog.java:close(567)) - Start closing s0@group-63F69FE1A60B-SegmentedRaftLog:OPENED:c5:last(t:2, i:6)
2024-10-20 10:48:14,507 [s0@group-63F69FE1A60B-cacheEviction-AwaitToRun] INFO  util.AwaitToRun (AwaitToRun.java:run(49)) - s0@group-63F69FE1A60B-cacheEviction-AwaitToRun-AwaitForSignal is interrupted
2024-10-20 10:48:14,506 [s1@group-63F69FE1A60B-StateMachineUpdater] INFO  impl.StateMachineUpdater (StateMachineUpdater.java:stop(141)) - s1@group-63F69FE1A60B-StateMachineUpdater: closing BaseStateMachine, lastApplied=(t:1, i:2)
2024-10-20 10:48:14,507 [s1-impl-thread1] INFO  impl.StateMachineUpdater (StateMachineUpdater.java:stopAndJoin(164)) - s1@group-63F69FE1A60B-StateMachineUpdater: set stopIndex = 2
2024-10-20 10:48:14,507 [s1-impl-thread1] INFO  raftlog.RaftLog (SegmentedRaftLog.java:close(567)) - Start closing s1@group-63F69FE1A60B-SegmentedRaftLog:OPENED:c2:last(t:1, i:3)
2024-10-20 10:48:14,507 [s1@group-63F69FE1A60B-cacheEviction-AwaitToRun] INFO  util.AwaitToRun (AwaitToRun.java:run(49)) - s1@group-63F69FE1A60B-cacheEviction-AwaitToRun-AwaitForSignal is interrupted
2024-10-20 10:48:14,506 [MiniRaftCluster-88] INFO  server.RaftServer (RaftServerProxy.java:lambda$close$9(418)) - s2: close
2024-10-20 10:48:14,507 [s1-impl-thread1] INFO  segmented.LogSegment (LogSegment.java:close(348)) - Successfully closed EntryCache-log_inprogress_0
2024-10-20 10:48:14,507 [s0-impl-thread1] INFO  segmented.LogSegment (LogSegment.java:close(348)) - Successfully closed EntryCache-log_inprogress_3
2024-10-20 10:48:14,508 [s0-impl-thread1] INFO  segmented.LogSegment (LogSegment.java:close(348)) - Successfully closed EntryCache-log-0_2
2024-10-20 10:48:14,508 [MiniRaftCluster-88] INFO  server.GrpcServicesImpl (GrpcServicesImpl.java:closeImpl(362)) - s2: shutdown server org.apache.ratis.grpc.server.GrpcClientProtocolService now
2024-10-20 10:48:14,508 [Thread-2220] INFO  server.GrpcServerProtocolClient (GrpcServerProtocolClient.java:close(105)) - s0 Close channels
2024-10-20 10:48:14,508 [s2-impl-thread1] INFO  server.RaftServer$Division (RaftServerImpl.java:lambda$close$1(515)) - s2@group-63F69FE1A60B: shutdown
2024-10-20 10:48:14,508 [s2-impl-thread1] INFO  util.JmxRegister (JmxRegister.java:unregister(74)) - Successfully un-registered JMX Bean with object name Ratis:service=RaftServer,group=group-63F69FE1A60B,id=s2
2024-10-20 10:48:14,508 [s2-impl-thread1] INFO  impl.RoleInfo (RoleInfo.java:shutdownLeaderState(103)) - s2: shutdown s2@group-63F69FE1A60B-LeaderStateImpl
2024-10-20 10:48:14,508 [s2@group-63F69FE1A60B->s0-GrpcLogAppender-LogAppenderDaemon] WARN  server.GrpcLogAppender (GrpcLogAppender.java:mayWait(293)) - s2@group-63F69FE1A60B->s0-GrpcLogAppender: Wait interrupted by java.lang.InterruptedException
2024-10-20 10:48:14,509 [grpc-default-executor-8] INFO  server.GrpcServerProtocolService (GrpcServerProtocolService.java:onCompleted(200)) - s0: Completed APPEND_ENTRIES, lastRequest: null
2024-10-20 10:48:14,509 [grpc-default-executor-5] INFO  server.GrpcServerProtocolService (GrpcServerProtocolService.java:onCompleted(200)) - s0: Completed APPEND_ENTRIES, lastRequest: s2->s0#8-t2,previous=(t:2, i:5),leaderCommit=5,initializing? false,entries: size=1, first=(t:2, i:6), METADATAENTRY(c:5)
2024-10-20 10:48:14,509 [grpc-default-executor-5] INFO  server.GrpcServerProtocolService (GrpcServerProtocolService.java:lambda$onCompleted$7(202)) - s0: Completed APPEND_ENTRIES, lastReply: null
2024-10-20 10:48:14,509 [grpc-default-executor-8] INFO  server.GrpcServerProtocolService (GrpcServerProtocolService.java:lambda$onCompleted$7(202)) - s0: Completed APPEND_ENTRIES, lastReply: serverReply {
  requestorId: "s2"
  replyId: "s0"
  raftGroupId {
    id: "t\032\361\337{_F:\252\033c\366\237\341\246\v"
  }
  callId: 6
  success: true
}
term: 2
nextIndex: 5
followerCommit: 4
matchIndex: 18446744073709551615
isHearbeat: true

2024-10-20 10:48:14,511 [MiniRaftCluster-86] INFO  server.GrpcServicesImpl (GrpcServicesImpl.java:closeImpl(371)) - s0: shutdown server org.apache.ratis.grpc.server.GrpcClientProtocolService successfully
2024-10-20 10:48:14,511 [grpc-default-executor-5] INFO  server.GrpcLogAppender (GrpcLogAppender.java:onCompleted(559)) - s2@group-63F69FE1A60B->s0-AppendLogResponseHandler: follower responses appendEntries COMPLETED
2024-10-20 10:48:14,511 [MiniRaftCluster-86] INFO  server.GrpcServicesImpl (GrpcServicesImpl.java:closeImpl(362)) - s0: shutdown server GrpcServerProtocolService now
2024-10-20 10:48:14,511 [grpc-default-executor-8] INFO  server.GrpcLogAppender (GrpcLogAppender.java:onCompleted(559)) - s2@group-63F69FE1A60B->s0-AppendLogResponseHandler: follower responses appendEntries COMPLETED
2024-10-20 10:48:14,512 [MiniRaftCluster-86] INFO  server.GrpcServicesImpl (GrpcServicesImpl.java:closeImpl(371)) - s0: shutdown server GrpcServerProtocolService successfully
2024-10-20 10:48:14,512 [MiniRaftCluster-86] INFO  server.GrpcServicesImpl (GrpcServicesImpl.java:closeImpl(362)) - s0: shutdown server org.apache.ratis.grpc.server.GrpcAdminProtocolService now
2024-10-20 10:48:14,512 [MiniRaftCluster-86] INFO  server.GrpcServicesImpl (GrpcServicesImpl.java:closeImpl(371)) - s0: shutdown server org.apache.ratis.grpc.server.GrpcAdminProtocolService successfully
2024-10-20 10:48:14,512 [s1-server-thread1] INFO  util.CodeInjectionForTesting (BlockRequestHandlingInjection.java:execute(84)) - s1: unBlock request from s2
2024-10-20 10:48:14,512 [s1-server-thread1] ERROR server.RaftServer$Division (RaftServerImpl.java:appendEntriesAsync(1518)) - s1@group-63F69FE1A60B: Failed appendEntries* s2->s1#0-t2,previous=(t:1, i:2),leaderCommit=2,initializing? false,HEARTBEAT
org.apache.ratis.protocol.exceptions.ServerNotReadyException: s1@group-63F69FE1A60B is not in [STARTING, RUNNING]: current state is CLOSING
	at org.apache.ratis.server.impl.RaftServerImpl.lambda$assertLifeCycleState$7(RaftServerImpl.java:791)
	at org.apache.ratis.util.LifeCycle.assertCurrentState(LifeCycle.java:260)
	at org.apache.ratis.server.impl.RaftServerImpl.assertLifeCycleState(RaftServerImpl.java:790)
	at org.apache.ratis.server.impl.RaftServerImpl.appendEntriesAsync(RaftServerImpl.java:1509)
	at org.apache.ratis.server.impl.RaftServerProxy.lambda$null$28(RaftServerProxy.java:655)
	at org.apache.ratis.util.JavaUtils.callAsUnchecked(JavaUtils.java:118)
	at org.apache.ratis.server.impl.RaftServerImpl.lambda$executeSubmitServerRequestAsync$10(RaftServerImpl.java:907)
	at java.util.concurrent.CompletableFuture$AsyncSupply.run(CompletableFuture.java:1604)
	at java.util.concurrent.ThreadPoolExecutor.runWorker(ThreadPoolExecutor.java:1149)
	at java.util.concurrent.ThreadPoolExecutor$Worker.run(ThreadPoolExecutor.java:624)
	at java.lang.Thread.run(Thread.java:750)
2024-10-20 10:48:14,514 [grpc-default-executor-9] INFO  server.GrpcLogAppender (GrpcLogAppender.java:onError(546)) - s1@group-63F69FE1A60B->s0-GrpcLogAppender is already stopped
2024-10-20 10:48:14,514 [s1-server-thread2] INFO  util.CodeInjectionForTesting (BlockRequestHandlingInjection.java:execute(84)) - s1: unBlock request from s2
2024-10-20 10:48:14,514 [s1-server-thread2] ERROR server.RaftServer$Division (RaftServerImpl.java:appendEntriesAsync(1518)) - s1@group-63F69FE1A60B: Failed appendEntries* s2->s1#1-t2,previous=(t:1, i:2),leaderCommit=2,initializing? false,entries: size=1, first=(t:2, i:3), CONFIGURATIONENTRY(current:id:"s0"address:"localhost:15340"dataStreamAddress:"localhost:15343"clientAddress:"localhost:15342"adminAddress:"localhost:15341"startupRole:FOLLOWER, id:"s1"address:"localhost:15344"dataStreamAddress:"localhost:15347"clientAddress:"localhost:15346"adminAddress:"localhost:15345"startupRole:FOLLOWER, id:"s2"address:"localhost:15348"dataStreamAddress:"localhost:15351"clientAddress:"localhost:15350"adminAddress:"localhost:15349"startupRole:FOLLOWER, old:)
org.apache.ratis.protocol.exceptions.ServerNotReadyException: s1@group-63F69FE1A60B is not in [STARTING, RUNNING]: current state is CLOSING
	at org.apache.ratis.server.impl.RaftServerImpl.lambda$assertLifeCycleState$7(RaftServerImpl.java:791)
	at org.apache.ratis.util.LifeCycle.assertCurrentState(LifeCycle.java:260)
	at org.apache.ratis.server.impl.RaftServerImpl.assertLifeCycleState(RaftServerImpl.java:790)
	at org.apache.ratis.server.impl.RaftServerImpl.appendEntriesAsync(RaftServerImpl.java:1509)
	at org.apache.ratis.server.impl.RaftServerProxy.lambda$null$28(RaftServerProxy.java:655)
	at org.apache.ratis.util.JavaUtils.callAsUnchecked(JavaUtils.java:118)
	at org.apache.ratis.server.impl.RaftServerImpl.lambda$executeSubmitServerRequestAsync$10(RaftServerImpl.java:907)
	at java.util.concurrent.CompletableFuture$AsyncSupply.run(CompletableFuture.java:1604)
	at java.util.concurrent.ThreadPoolExecutor.runWorker(ThreadPoolExecutor.java:1149)
	at java.util.concurrent.ThreadPoolExecutor$Worker.run(ThreadPoolExecutor.java:624)
	at java.lang.Thread.run(Thread.java:750)
2024-10-20 10:48:14,514 [grpc-default-executor-7] WARN  server.GrpcServerProtocolService (LogUtils.java:warn(123)) - s1: Failed APPEND_ENTRIES request cid=1, isHeartbeat? false
java.util.concurrent.CompletionException: org.apache.ratis.protocol.exceptions.ServerNotReadyException: s1@group-63F69FE1A60B is not in [STARTING, RUNNING]: current state is CLOSING
	at org.apache.ratis.util.JavaUtils.callAsUnchecked(JavaUtils.java:122)
	at org.apache.ratis.server.impl.RaftServerImpl.lambda$executeSubmitServerRequestAsync$10(RaftServerImpl.java:907)
	at java.util.concurrent.CompletableFuture$AsyncSupply.run(CompletableFuture.java:1604)
	at java.util.concurrent.ThreadPoolExecutor.runWorker(ThreadPoolExecutor.java:1149)
	at java.util.concurrent.ThreadPoolExecutor$Worker.run(ThreadPoolExecutor.java:624)
	at java.lang.Thread.run(Thread.java:750)
Caused by: org.apache.ratis.protocol.exceptions.ServerNotReadyException: s1@group-63F69FE1A60B is not in [STARTING, RUNNING]: current state is CLOSING
	at org.apache.ratis.server.impl.RaftServerImpl.lambda$assertLifeCycleState$7(RaftServerImpl.java:791)
	at org.apache.ratis.util.LifeCycle.assertCurrentState(LifeCycle.java:260)
	at org.apache.ratis.server.impl.RaftServerImpl.assertLifeCycleState(RaftServerImpl.java:790)
	at org.apache.ratis.server.impl.RaftServerImpl.appendEntriesAsync(RaftServerImpl.java:1509)
	at org.apache.ratis.server.impl.RaftServerProxy.lambda$null$28(RaftServerProxy.java:655)
	at org.apache.ratis.util.JavaUtils.callAsUnchecked(JavaUtils.java:118)
	... 5 more
2024-10-20 10:48:14,523 [Thread-2227] INFO  server.GrpcServerProtocolClient (GrpcServerProtocolClient.java:close(105)) - s1 Close channels
2024-10-20 10:48:14,519 [s2-impl-thread1] INFO  impl.PendingRequests (PendingRequests.java:sendNotLeaderResponses(287)) - s2@group-63F69FE1A60B-PendingRequests: sendNotLeaderResponses
2024-10-20 10:48:14,519 [grpc-default-executor-8] INFO  server.GrpcLogAppender (GrpcLogAppender.java:onError(546)) - s1@group-63F69FE1A60B->s0-GrpcLogAppender is already stopped
2024-10-20 10:48:14,519 [s1-server-thread2] ERROR server.RaftServer$Division (RaftServerImpl.java:appendEntriesAsync(1518)) - s1@group-63F69FE1A60B: Failed appendEntries* s2->s1#2-t2,previous=(t:0, i:0),leaderCommit=0,initializing? false,HEARTBEAT
org.apache.ratis.protocol.exceptions.ServerNotReadyException: s1@group-63F69FE1A60B is not in [STARTING, RUNNING]: current state is CLOSING
	at org.apache.ratis.server.impl.RaftServerImpl.lambda$assertLifeCycleState$7(RaftServerImpl.java:791)
	at org.apache.ratis.util.LifeCycle.assertCurrentState(LifeCycle.java:260)
	at org.apache.ratis.server.impl.RaftServerImpl.assertLifeCycleState(RaftServerImpl.java:790)
	at org.apache.ratis.server.impl.RaftServerImpl.appendEntriesAsync(RaftServerImpl.java:1509)
	at org.apache.ratis.server.impl.RaftServerProxy.lambda$null$28(RaftServerProxy.java:655)
	at org.apache.ratis.util.JavaUtils.callAsUnchecked(JavaUtils.java:118)
	at org.apache.ratis.server.impl.RaftServerImpl.lambda$executeSubmitServerRequestAsync$10(RaftServerImpl.java:907)
	at java.util.concurrent.CompletableFuture$AsyncSupply.run(CompletableFuture.java:1604)
	at java.util.concurrent.ThreadPoolExecutor.runWorker(ThreadPoolExecutor.java:1149)
	at java.util.concurrent.ThreadPoolExecutor$Worker.run(ThreadPoolExecutor.java:624)
	at java.lang.Thread.run(Thread.java:750)
2024-10-20 10:48:14,519 [s2@group-63F69FE1A60B->s1-GrpcLogAppender-LogAppenderDaemon] WARN  server.GrpcLogAppender (GrpcLogAppender.java:mayWait(293)) - s2@group-63F69FE1A60B->s1-GrpcLogAppender: Wait interrupted by java.lang.InterruptedException
2024-10-20 10:48:14,527 [s2-impl-thread1] INFO  impl.StateMachineUpdater (StateMachineUpdater.java:stopAndJoin(164)) - s2@group-63F69FE1A60B-StateMachineUpdater: set stopIndex = 6
2024-10-20 10:48:14,524 [Thread-2226] INFO  server.GrpcServerProtocolClient (GrpcServerProtocolClient.java:close(105)) - s2 Close channels
2024-10-20 10:48:14,523 [Thread-2224] INFO  server.GrpcServerProtocolClient (GrpcServerProtocolClient.java:close(105)) - s0 Close channels
2024-10-20 10:48:14,527 [s1-server-thread2] ERROR server.RaftServer$Division (RaftServerImpl.java:appendEntriesAsync(1518)) - s1@group-63F69FE1A60B: Failed appendEntries* s2->s1#3-t2,previous=(t:0, i:0),leaderCommit=0,initializing? false,HEARTBEAT
org.apache.ratis.protocol.exceptions.ServerNotReadyException: s1@group-63F69FE1A60B is not in [STARTING, RUNNING]: current state is CLOSING
	at org.apache.ratis.server.impl.RaftServerImpl.lambda$assertLifeCycleState$7(RaftServerImpl.java:791)
	at org.apache.ratis.util.LifeCycle.assertCurrentState(LifeCycle.java:260)
	at org.apache.ratis.server.impl.RaftServerImpl.assertLifeCycleState(RaftServerImpl.java:790)
	at org.apache.ratis.server.impl.RaftServerImpl.appendEntriesAsync(RaftServerImpl.java:1509)
	at org.apache.ratis.server.impl.RaftServerProxy.lambda$null$28(RaftServerProxy.java:655)
	at org.apache.ratis.util.JavaUtils.callAsUnchecked(JavaUtils.java:118)
	at org.apache.ratis.server.impl.RaftServerImpl.lambda$executeSubmitServerRequestAsync$10(RaftServerImpl.java:907)
	at java.util.concurrent.CompletableFuture$AsyncSupply.run(CompletableFuture.java:1604)
	at java.util.concurrent.ThreadPoolExecutor.runWorker(ThreadPoolExecutor.java:1149)
	at java.util.concurrent.ThreadPoolExecutor$Worker.run(ThreadPoolExecutor.java:624)
	at java.lang.Thread.run(Thread.java:750)
2024-10-20 10:48:14,527 [s2@group-63F69FE1A60B-StateMachineUpdater] INFO  impl.StateMachineUpdater (StateMachineUpdater.java:stop(141)) - s2@group-63F69FE1A60B-StateMachineUpdater: closing BaseStateMachine, lastApplied=(t:2, i:6)
2024-10-20 10:48:14,527 [s1-server-thread2] ERROR server.RaftServer$Division (RaftServerImpl.java:appendEntriesAsync(1518)) - s1@group-63F69FE1A60B: Failed appendEntries* s2->s1#4-t2,previous=(t:0, i:0),leaderCommit=0,initializing? false,HEARTBEAT
org.apache.ratis.protocol.exceptions.ServerNotReadyException: s1@group-63F69FE1A60B is not in [STARTING, RUNNING]: current state is CLOSING
	at org.apache.ratis.server.impl.RaftServerImpl.lambda$assertLifeCycleState$7(RaftServerImpl.java:791)
	at org.apache.ratis.util.LifeCycle.assertCurrentState(LifeCycle.java:260)
	at org.apache.ratis.server.impl.RaftServerImpl.assertLifeCycleState(RaftServerImpl.java:790)
	at org.apache.ratis.server.impl.RaftServerImpl.appendEntriesAsync(RaftServerImpl.java:1509)
	at org.apache.ratis.server.impl.RaftServerProxy.lambda$null$28(RaftServerProxy.java:655)
	at org.apache.ratis.util.JavaUtils.callAsUnchecked(JavaUtils.java:118)
	at org.apache.ratis.server.impl.RaftServerImpl.lambda$executeSubmitServerRequestAsync$10(RaftServerImpl.java:907)
	at java.util.concurrent.CompletableFuture$AsyncSupply.run(CompletableFuture.java:1604)
	at java.util.concurrent.ThreadPoolExecutor.runWorker(ThreadPoolExecutor.java:1149)
	at java.util.concurrent.ThreadPoolExecutor$Worker.run(ThreadPoolExecutor.java:624)
	at java.lang.Thread.run(Thread.java:750)
2024-10-20 10:48:14,528 [s2-impl-thread1] INFO  raftlog.RaftLog (SegmentedRaftLog.java:close(567)) - Start closing s2@group-63F69FE1A60B-SegmentedRaftLog:OPENED:c6:last(t:2, i:6)
2024-10-20 10:48:14,528 [s2@group-63F69FE1A60B-cacheEviction-AwaitToRun] INFO  util.AwaitToRun (AwaitToRun.java:run(49)) - s2@group-63F69FE1A60B-cacheEviction-AwaitToRun-AwaitForSignal is interrupted
2024-10-20 10:48:14,528 [s1-server-thread2] ERROR server.RaftServer$Division (RaftServerImpl.java:appendEntriesAsync(1518)) - s1@group-63F69FE1A60B: Failed appendEntries* s2->s1#5-t2,previous=(t:0, i:0),leaderCommit=0,initializing? false,HEARTBEAT
org.apache.ratis.protocol.exceptions.ServerNotReadyException: s1@group-63F69FE1A60B is not in [STARTING, RUNNING]: current state is CLOSING
	at org.apache.ratis.server.impl.RaftServerImpl.lambda$assertLifeCycleState$7(RaftServerImpl.java:791)
	at org.apache.ratis.util.LifeCycle.assertCurrentState(LifeCycle.java:260)
	at org.apache.ratis.server.impl.RaftServerImpl.assertLifeCycleState(RaftServerImpl.java:790)
	at org.apache.ratis.server.impl.RaftServerImpl.appendEntriesAsync(RaftServerImpl.java:1509)
	at org.apache.ratis.server.impl.RaftServerProxy.lambda$null$28(RaftServerProxy.java:655)
	at org.apache.ratis.util.JavaUtils.callAsUnchecked(JavaUtils.java:118)
	at org.apache.ratis.server.impl.RaftServerImpl.lambda$executeSubmitServerRequestAsync$10(RaftServerImpl.java:907)
	at java.util.concurrent.CompletableFuture$AsyncSupply.run(CompletableFuture.java:1604)
	at java.util.concurrent.ThreadPoolExecutor.runWorker(ThreadPoolExecutor.java:1149)
	at java.util.concurrent.ThreadPoolExecutor$Worker.run(ThreadPoolExecutor.java:624)
	at java.lang.Thread.run(Thread.java:750)
2024-10-20 10:48:14,528 [s2-impl-thread1] INFO  segmented.LogSegment (LogSegment.java:close(348)) - Successfully closed EntryCache-log_inprogress_3
2024-10-20 10:48:14,528 [grpc-default-executor-8] INFO  server.GrpcLogAppender (GrpcLogAppender.java:onError(546)) - s2@group-63F69FE1A60B->s1-GrpcLogAppender is already stopped
2024-10-20 10:48:14,528 [s2-impl-thread1] INFO  segmented.LogSegment (LogSegment.java:close(348)) - Successfully closed EntryCache-log-0_2
2024-10-20 10:48:14,528 [s1-server-thread2] ERROR server.RaftServer$Division (RaftServerImpl.java:appendEntriesAsync(1518)) - s1@group-63F69FE1A60B: Failed appendEntries* s2->s1#6-t2,previous=(t:0, i:0),leaderCommit=0,initializing? false,HEARTBEAT
org.apache.ratis.protocol.exceptions.ServerNotReadyException: s1@group-63F69FE1A60B is not in [STARTING, RUNNING]: current state is CLOSING
	at org.apache.ratis.server.impl.RaftServerImpl.lambda$assertLifeCycleState$7(RaftServerImpl.java:791)
	at org.apache.ratis.util.LifeCycle.assertCurrentState(LifeCycle.java:260)
	at org.apache.ratis.server.impl.RaftServerImpl.assertLifeCycleState(RaftServerImpl.java:790)
	at org.apache.ratis.server.impl.RaftServerImpl.appendEntriesAsync(RaftServerImpl.java:1509)
	at org.apache.ratis.server.impl.RaftServerProxy.lambda$null$28(RaftServerProxy.java:655)
	at org.apache.ratis.util.JavaUtils.callAsUnchecked(JavaUtils.java:118)
	at org.apache.ratis.server.impl.RaftServerImpl.lambda$executeSubmitServerRequestAsync$10(RaftServerImpl.java:907)
	at java.util.concurrent.CompletableFuture$AsyncSupply.run(CompletableFuture.java:1604)
	at java.util.concurrent.ThreadPoolExecutor.runWorker(ThreadPoolExecutor.java:1149)
	at java.util.concurrent.ThreadPoolExecutor$Worker.run(ThreadPoolExecutor.java:624)
	at java.lang.Thread.run(Thread.java:750)
2024-10-20 10:48:14,529 [s1-server-thread2] ERROR server.RaftServer$Division (RaftServerImpl.java:appendEntriesAsync(1518)) - s1@group-63F69FE1A60B: Failed appendEntries* s2->s1#7-t2,previous=(t:0, i:0),leaderCommit=0,initializing? false,HEARTBEAT
org.apache.ratis.protocol.exceptions.ServerNotReadyException: s1@group-63F69FE1A60B is not in [STARTING, RUNNING]: current state is CLOSING
	at org.apache.ratis.server.impl.RaftServerImpl.lambda$assertLifeCycleState$7(RaftServerImpl.java:791)
	at org.apache.ratis.util.LifeCycle.assertCurrentState(LifeCycle.java:260)
	at org.apache.ratis.server.impl.RaftServerImpl.assertLifeCycleState(RaftServerImpl.java:790)
	at org.apache.ratis.server.impl.RaftServerImpl.appendEntriesAsync(RaftServerImpl.java:1509)
	at org.apache.ratis.server.impl.RaftServerProxy.lambda$null$28(RaftServerProxy.java:655)
	at org.apache.ratis.util.JavaUtils.callAsUnchecked(JavaUtils.java:118)
	at org.apache.ratis.server.impl.RaftServerImpl.lambda$executeSubmitServerRequestAsync$10(RaftServerImpl.java:907)
	at java.util.concurrent.CompletableFuture$AsyncSupply.run(CompletableFuture.java:1604)
	at java.util.concurrent.ThreadPoolExecutor.runWorker(ThreadPoolExecutor.java:1149)
	at java.util.concurrent.ThreadPoolExecutor$Worker.run(ThreadPoolExecutor.java:624)
	at java.lang.Thread.run(Thread.java:750)
2024-10-20 10:48:14,529 [s1-server-thread2] ERROR server.RaftServer$Division (RaftServerImpl.java:appendEntriesAsync(1518)) - s1@group-63F69FE1A60B: Failed appendEntries* s2->s1#8-t2,previous=(t:0, i:0),leaderCommit=0,initializing? false,HEARTBEAT
org.apache.ratis.protocol.exceptions.ServerNotReadyException: s1@group-63F69FE1A60B is not in [STARTING, RUNNING]: current state is CLOSING
	at org.apache.ratis.server.impl.RaftServerImpl.lambda$assertLifeCycleState$7(RaftServerImpl.java:791)
	at org.apache.ratis.util.LifeCycle.assertCurrentState(LifeCycle.java:260)
	at org.apache.ratis.server.impl.RaftServerImpl.assertLifeCycleState(RaftServerImpl.java:790)
	at org.apache.ratis.server.impl.RaftServerImpl.appendEntriesAsync(RaftServerImpl.java:1509)
	at org.apache.ratis.server.impl.RaftServerProxy.lambda$null$28(RaftServerProxy.java:655)
	at org.apache.ratis.util.JavaUtils.callAsUnchecked(JavaUtils.java:118)
	at org.apache.ratis.server.impl.RaftServerImpl.lambda$executeSubmitServerRequestAsync$10(RaftServerImpl.java:907)
	at java.util.concurrent.CompletableFuture$AsyncSupply.run(CompletableFuture.java:1604)
	at java.util.concurrent.ThreadPoolExecutor.runWorker(ThreadPoolExecutor.java:1149)
	at java.util.concurrent.ThreadPoolExecutor$Worker.run(ThreadPoolExecutor.java:624)
	at java.lang.Thread.run(Thread.java:750)
2024-10-20 10:48:14,529 [s1-server-thread2] ERROR server.RaftServer$Division (RaftServerImpl.java:appendEntriesAsync(1518)) - s1@group-63F69FE1A60B: Failed appendEntries* s2->s1#9-t2,previous=(t:0, i:0),leaderCommit=0,initializing? false,HEARTBEAT
org.apache.ratis.protocol.exceptions.ServerNotReadyException: s1@group-63F69FE1A60B is not in [STARTING, RUNNING]: current state is CLOSING
	at org.apache.ratis.server.impl.RaftServerImpl.lambda$assertLifeCycleState$7(RaftServerImpl.java:791)
	at org.apache.ratis.util.LifeCycle.assertCurrentState(LifeCycle.java:260)
	at org.apache.ratis.server.impl.RaftServerImpl.assertLifeCycleState(RaftServerImpl.java:790)
	at org.apache.ratis.server.impl.RaftServerImpl.appendEntriesAsync(RaftServerImpl.java:1509)
	at org.apache.ratis.server.impl.RaftServerProxy.lambda$null$28(RaftServerProxy.java:655)
	at org.apache.ratis.util.JavaUtils.callAsUnchecked(JavaUtils.java:118)
	at org.apache.ratis.server.impl.RaftServerImpl.lambda$executeSubmitServerRequestAsync$10(RaftServerImpl.java:907)
	at java.util.concurrent.CompletableFuture$AsyncSupply.run(CompletableFuture.java:1604)
	at java.util.concurrent.ThreadPoolExecutor.runWorker(ThreadPoolExecutor.java:1149)
	at java.util.concurrent.ThreadPoolExecutor$Worker.run(ThreadPoolExecutor.java:624)
	at java.lang.Thread.run(Thread.java:750)
2024-10-20 10:48:14,530 [s1-server-thread2] ERROR server.RaftServer$Division (RaftServerImpl.java:appendEntriesAsync(1518)) - s1@group-63F69FE1A60B: Failed appendEntries* s2->s1#10-t2,previous=(t:0, i:0),leaderCommit=0,initializing? false,HEARTBEAT
org.apache.ratis.protocol.exceptions.ServerNotReadyException: s1@group-63F69FE1A60B is not in [STARTING, RUNNING]: current state is CLOSING
	at org.apache.ratis.server.impl.RaftServerImpl.lambda$assertLifeCycleState$7(RaftServerImpl.java:791)
	at org.apache.ratis.util.LifeCycle.assertCurrentState(LifeCycle.java:260)
	at org.apache.ratis.server.impl.RaftServerImpl.assertLifeCycleState(RaftServerImpl.java:790)
	at org.apache.ratis.server.impl.RaftServerImpl.appendEntriesAsync(RaftServerImpl.java:1509)
	at org.apache.ratis.server.impl.RaftServerProxy.lambda$null$28(RaftServerProxy.java:655)
	at org.apache.ratis.util.JavaUtils.callAsUnchecked(JavaUtils.java:118)
	at org.apache.ratis.server.impl.RaftServerImpl.lambda$executeSubmitServerRequestAsync$10(RaftServerImpl.java:907)
	at java.util.concurrent.CompletableFuture$AsyncSupply.run(CompletableFuture.java:1604)
	at java.util.concurrent.ThreadPoolExecutor.runWorker(ThreadPoolExecutor.java:1149)
	at java.util.concurrent.ThreadPoolExecutor$Worker.run(ThreadPoolExecutor.java:624)
	at java.lang.Thread.run(Thread.java:750)
2024-10-20 10:48:14,530 [s1-server-thread2] ERROR server.RaftServer$Division (RaftServerImpl.java:appendEntriesAsync(1518)) - s1@group-63F69FE1A60B: Failed appendEntries* s2->s1#11-t2,previous=(t:0, i:0),leaderCommit=0,initializing? false,HEARTBEAT
org.apache.ratis.protocol.exceptions.ServerNotReadyException: s1@group-63F69FE1A60B is not in [STARTING, RUNNING]: current state is CLOSING
	at org.apache.ratis.server.impl.RaftServerImpl.lambda$assertLifeCycleState$7(RaftServerImpl.java:791)
	at org.apache.ratis.util.LifeCycle.assertCurrentState(LifeCycle.java:260)
	at org.apache.ratis.server.impl.RaftServerImpl.assertLifeCycleState(RaftServerImpl.java:790)
	at org.apache.ratis.server.impl.RaftServerImpl.appendEntriesAsync(RaftServerImpl.java:1509)
	at org.apache.ratis.server.impl.RaftServerProxy.lambda$null$28(RaftServerProxy.java:655)
	at org.apache.ratis.util.JavaUtils.callAsUnchecked(JavaUtils.java:118)
	at org.apache.ratis.server.impl.RaftServerImpl.lambda$executeSubmitServerRequestAsync$10(RaftServerImpl.java:907)
	at java.util.concurrent.CompletableFuture$AsyncSupply.run(CompletableFuture.java:1604)
	at java.util.concurrent.ThreadPoolExecutor.runWorker(ThreadPoolExecutor.java:1149)
	at java.util.concurrent.ThreadPoolExecutor$Worker.run(ThreadPoolExecutor.java:624)
	at java.lang.Thread.run(Thread.java:750)
2024-10-20 10:48:14,530 [s1-server-thread2] ERROR server.RaftServer$Division (RaftServerImpl.java:appendEntriesAsync(1518)) - s1@group-63F69FE1A60B: Failed appendEntries* s2->s1#12-t2,previous=(t:0, i:0),leaderCommit=0,initializing? false,HEARTBEAT
org.apache.ratis.protocol.exceptions.ServerNotReadyException: s1@group-63F69FE1A60B is not in [STARTING, RUNNING]: current state is CLOSING
	at org.apache.ratis.server.impl.RaftServerImpl.lambda$assertLifeCycleState$7(RaftServerImpl.java:791)
	at org.apache.ratis.util.LifeCycle.assertCurrentState(LifeCycle.java:260)
	at org.apache.ratis.server.impl.RaftServerImpl.assertLifeCycleState(RaftServerImpl.java:790)
	at org.apache.ratis.server.impl.RaftServerImpl.appendEntriesAsync(RaftServerImpl.java:1509)
	at org.apache.ratis.server.impl.RaftServerProxy.lambda$null$28(RaftServerProxy.java:655)
	at org.apache.ratis.util.JavaUtils.callAsUnchecked(JavaUtils.java:118)
	at org.apache.ratis.server.impl.RaftServerImpl.lambda$executeSubmitServerRequestAsync$10(RaftServerImpl.java:907)
	at java.util.concurrent.CompletableFuture$AsyncSupply.run(CompletableFuture.java:1604)
	at java.util.concurrent.ThreadPoolExecutor.runWorker(ThreadPoolExecutor.java:1149)
	at java.util.concurrent.ThreadPoolExecutor$Worker.run(ThreadPoolExecutor.java:624)
	at java.lang.Thread.run(Thread.java:750)
2024-10-20 10:48:14,531 [s1-server-thread2] ERROR server.RaftServer$Division (RaftServerImpl.java:appendEntriesAsync(1518)) - s1@group-63F69FE1A60B: Failed appendEntries* s2->s1#13-t2,previous=(t:0, i:0),leaderCommit=0,initializing? false,HEARTBEAT
org.apache.ratis.protocol.exceptions.ServerNotReadyException: s1@group-63F69FE1A60B is not in [STARTING, RUNNING]: current state is CLOSING
	at org.apache.ratis.server.impl.RaftServerImpl.lambda$assertLifeCycleState$7(RaftServerImpl.java:791)
	at org.apache.ratis.util.LifeCycle.assertCurrentState(LifeCycle.java:260)
	at org.apache.ratis.server.impl.RaftServerImpl.assertLifeCycleState(RaftServerImpl.java:790)
	at org.apache.ratis.server.impl.RaftServerImpl.appendEntriesAsync(RaftServerImpl.java:1509)
	at org.apache.ratis.server.impl.RaftServerProxy.lambda$null$28(RaftServerProxy.java:655)
	at org.apache.ratis.util.JavaUtils.callAsUnchecked(JavaUtils.java:118)
	at org.apache.ratis.server.impl.RaftServerImpl.lambda$executeSubmitServerRequestAsync$10(RaftServerImpl.java:907)
	at java.util.concurrent.CompletableFuture$AsyncSupply.run(CompletableFuture.java:1604)
	at java.util.concurrent.ThreadPoolExecutor.runWorker(ThreadPoolExecutor.java:1149)
	at java.util.concurrent.ThreadPoolExecutor$Worker.run(ThreadPoolExecutor.java:624)
	at java.lang.Thread.run(Thread.java:750)
2024-10-20 10:48:14,531 [grpc-default-executor-9] INFO  server.GrpcServerProtocolService (GrpcServerProtocolService.java:onCompleted(200)) - s1: Completed APPEND_ENTRIES, lastRequest: null
2024-10-20 10:48:14,581 [s2-server-thread2] INFO  util.CodeInjectionForTesting (BlockRequestHandlingInjection.java:execute(84)) - s2: unBlock request from s1
2024-10-20 10:48:14,581 [s0-server-thread1] INFO  util.CodeInjectionForTesting (BlockRequestHandlingInjection.java:execute(84)) - s0: unBlock request from s1
2024-10-20 10:48:14,581 [s2-server-thread2] ERROR server.RaftServer$Division (RaftServerImpl.java:appendEntriesAsync(1518)) - s2@group-63F69FE1A60B: Failed appendEntries* s1->s2#23-t1,previous=(t:1, i:2),leaderCommit=2,initializing? false,entries: size=1, first=(t:1, i:3), STATEMACHINELOGENTRY, StateMachineLogEntryProto:44@client-A1D0B2B2C223
org.apache.ratis.protocol.exceptions.ServerNotReadyException: s2@group-63F69FE1A60B is not in [STARTING, RUNNING]: current state is CLOSING
	at org.apache.ratis.server.impl.RaftServerImpl.lambda$assertLifeCycleState$7(RaftServerImpl.java:791)
	at org.apache.ratis.util.LifeCycle.assertCurrentState(LifeCycle.java:260)
	at org.apache.ratis.server.impl.RaftServerImpl.assertLifeCycleState(RaftServerImpl.java:790)
	at org.apache.ratis.server.impl.RaftServerImpl.appendEntriesAsync(RaftServerImpl.java:1509)
	at org.apache.ratis.server.impl.RaftServerProxy.lambda$null$28(RaftServerProxy.java:655)
	at org.apache.ratis.util.JavaUtils.callAsUnchecked(JavaUtils.java:118)
	at org.apache.ratis.server.impl.RaftServerImpl.lambda$executeSubmitServerRequestAsync$10(RaftServerImpl.java:907)
	at java.util.concurrent.CompletableFuture$AsyncSupply.run(CompletableFuture.java:1604)
	at java.util.concurrent.ThreadPoolExecutor.runWorker(ThreadPoolExecutor.java:1149)
	at java.util.concurrent.ThreadPoolExecutor$Worker.run(ThreadPoolExecutor.java:624)
	at java.lang.Thread.run(Thread.java:750)
2024-10-20 10:48:14,581 [s0-server-thread1] ERROR server.RaftServer$Division (RaftServerImpl.java:appendEntriesAsync(1518)) - s0@group-63F69FE1A60B: Failed appendEntries* s1->s0#23-t1,previous=(t:1, i:2),leaderCommit=2,initializing? false,entries: size=1, first=(t:1, i:3), STATEMACHINELOGENTRY, StateMachineLogEntryProto:44@client-A1D0B2B2C223
org.apache.ratis.protocol.exceptions.ServerNotReadyException: s0@group-63F69FE1A60B is not in [STARTING, RUNNING]: current state is CLOSING
	at org.apache.ratis.server.impl.RaftServerImpl.lambda$assertLifeCycleState$7(RaftServerImpl.java:791)
	at org.apache.ratis.util.LifeCycle.assertCurrentState(LifeCycle.java:260)
	at org.apache.ratis.server.impl.RaftServerImpl.assertLifeCycleState(RaftServerImpl.java:790)
	at org.apache.ratis.server.impl.RaftServerImpl.appendEntriesAsync(RaftServerImpl.java:1509)
	at org.apache.ratis.server.impl.RaftServerProxy.lambda$null$28(RaftServerProxy.java:655)
	at org.apache.ratis.util.JavaUtils.callAsUnchecked(JavaUtils.java:118)
	at org.apache.ratis.server.impl.RaftServerImpl.lambda$executeSubmitServerRequestAsync$10(RaftServerImpl.java:907)
	at java.util.concurrent.CompletableFuture$AsyncSupply.run(CompletableFuture.java:1604)
	at java.util.concurrent.ThreadPoolExecutor.runWorker(ThreadPoolExecutor.java:1149)
	at java.util.concurrent.ThreadPoolExecutor$Worker.run(ThreadPoolExecutor.java:624)
	at java.lang.Thread.run(Thread.java:750)
2024-10-20 10:48:14,582 [grpc-default-executor-4] WARN  server.GrpcServerProtocolService (LogUtils.java:warn(123)) - s2: Failed APPEND_ENTRIES request cid=23, isHeartbeat? false
java.util.concurrent.CompletionException: org.apache.ratis.protocol.exceptions.ServerNotReadyException: s2@group-63F69FE1A60B is not in [STARTING, RUNNING]: current state is CLOSING
	at org.apache.ratis.util.JavaUtils.callAsUnchecked(JavaUtils.java:122)
	at org.apache.ratis.server.impl.RaftServerImpl.lambda$executeSubmitServerRequestAsync$10(RaftServerImpl.java:907)
	at java.util.concurrent.CompletableFuture$AsyncSupply.run(CompletableFuture.java:1604)
	at java.util.concurrent.ThreadPoolExecutor.runWorker(ThreadPoolExecutor.java:1149)
	at java.util.concurrent.ThreadPoolExecutor$Worker.run(ThreadPoolExecutor.java:624)
	at java.lang.Thread.run(Thread.java:750)
Caused by: org.apache.ratis.protocol.exceptions.ServerNotReadyException: s2@group-63F69FE1A60B is not in [STARTING, RUNNING]: current state is CLOSING
	at org.apache.ratis.server.impl.RaftServerImpl.lambda$assertLifeCycleState$7(RaftServerImpl.java:791)
	at org.apache.ratis.util.LifeCycle.assertCurrentState(LifeCycle.java:260)
	at org.apache.ratis.server.impl.RaftServerImpl.assertLifeCycleState(RaftServerImpl.java:790)
	at org.apache.ratis.server.impl.RaftServerImpl.appendEntriesAsync(RaftServerImpl.java:1509)
	at org.apache.ratis.server.impl.RaftServerProxy.lambda$null$28(RaftServerProxy.java:655)
	at org.apache.ratis.util.JavaUtils.callAsUnchecked(JavaUtils.java:118)
	... 5 more
2024-10-20 10:48:14,582 [grpc-default-executor-3] WARN  server.GrpcServerProtocolService (LogUtils.java:warn(123)) - s0: Failed APPEND_ENTRIES request cid=23, isHeartbeat? false
java.util.concurrent.CompletionException: org.apache.ratis.protocol.exceptions.ServerNotReadyException: s0@group-63F69FE1A60B is not in [STARTING, RUNNING]: current state is CLOSING
	at org.apache.ratis.util.JavaUtils.callAsUnchecked(JavaUtils.java:122)
	at org.apache.ratis.server.impl.RaftServerImpl.lambda$executeSubmitServerRequestAsync$10(RaftServerImpl.java:907)
	at java.util.concurrent.CompletableFuture$AsyncSupply.run(CompletableFuture.java:1604)
	at java.util.concurrent.ThreadPoolExecutor.runWorker(ThreadPoolExecutor.java:1149)
	at java.util.concurrent.ThreadPoolExecutor$Worker.run(ThreadPoolExecutor.java:624)
	at java.lang.Thread.run(Thread.java:750)
Caused by: org.apache.ratis.protocol.exceptions.ServerNotReadyException: s0@group-63F69FE1A60B is not in [STARTING, RUNNING]: current state is CLOSING
	at org.apache.ratis.server.impl.RaftServerImpl.lambda$assertLifeCycleState$7(RaftServerImpl.java:791)
	at org.apache.ratis.util.LifeCycle.assertCurrentState(LifeCycle.java:260)
	at org.apache.ratis.server.impl.RaftServerImpl.assertLifeCycleState(RaftServerImpl.java:790)
	at org.apache.ratis.server.impl.RaftServerImpl.appendEntriesAsync(RaftServerImpl.java:1509)
	at org.apache.ratis.server.impl.RaftServerProxy.lambda$null$28(RaftServerProxy.java:655)
	at org.apache.ratis.util.JavaUtils.callAsUnchecked(JavaUtils.java:118)
	... 5 more
2024-10-20 10:48:14,584 [grpc-default-executor-3] WARN  server.GrpcServerProtocolService (LogUtils.java:warn(121)) - s0: APPEND_ENTRIES onError, lastRequest: null: org.apache.ratis.thirdparty.io.grpc.StatusRuntimeException: CANCELLED: client cancelled
2024-10-20 10:48:14,585 [grpc-default-executor-3] INFO  server.GrpcLogAppender (GrpcLogAppender.java:onError(546)) - s1@group-63F69FE1A60B->s2-GrpcLogAppender is already stopped
2024-10-20 10:48:14,644 [s0-server-thread2] INFO  util.CodeInjectionForTesting (BlockRequestHandlingInjection.java:execute(84)) - s0: unBlock request from s1
2024-10-20 10:48:14,645 [s0-server-thread2] ERROR server.RaftServer$Division (RaftServerImpl.java:appendEntriesAsync(1518)) - s0@group-63F69FE1A60B: Failed appendEntries* s1->s0#24-t1,previous=(t:0, i:0),leaderCommit=0,initializing? false,HEARTBEAT
org.apache.ratis.protocol.exceptions.ServerNotReadyException: s0@group-63F69FE1A60B is not in [STARTING, RUNNING]: current state is CLOSING
	at org.apache.ratis.server.impl.RaftServerImpl.lambda$assertLifeCycleState$7(RaftServerImpl.java:791)
	at org.apache.ratis.util.LifeCycle.assertCurrentState(LifeCycle.java:260)
	at org.apache.ratis.server.impl.RaftServerImpl.assertLifeCycleState(RaftServerImpl.java:790)
	at org.apache.ratis.server.impl.RaftServerImpl.appendEntriesAsync(RaftServerImpl.java:1509)
	at org.apache.ratis.server.impl.RaftServerProxy.lambda$null$28(RaftServerProxy.java:655)
	at org.apache.ratis.util.JavaUtils.callAsUnchecked(JavaUtils.java:118)
	at org.apache.ratis.server.impl.RaftServerImpl.lambda$executeSubmitServerRequestAsync$10(RaftServerImpl.java:907)
	at java.util.concurrent.CompletableFuture$AsyncSupply.run(CompletableFuture.java:1604)
	at java.util.concurrent.ThreadPoolExecutor.runWorker(ThreadPoolExecutor.java:1149)
	at java.util.concurrent.ThreadPoolExecutor$Worker.run(ThreadPoolExecutor.java:624)
	at java.lang.Thread.run(Thread.java:750)
2024-10-20 10:48:14,645 [grpc-default-executor-0] WARN  server.GrpcServerProtocolService (LogUtils.java:warn(121)) - s0: APPEND_ENTRIES onError, lastRequest: null: org.apache.ratis.thirdparty.io.grpc.StatusRuntimeException: CANCELLED: client cancelled
2024-10-20 10:48:14,645 [s2-server-thread1] INFO  util.CodeInjectionForTesting (BlockRequestHandlingInjection.java:execute(84)) - s2: unBlock request from s1
2024-10-20 10:48:14,645 [s2-server-thread1] ERROR server.RaftServer$Division (RaftServerImpl.java:appendEntriesAsync(1518)) - s2@group-63F69FE1A60B: Failed appendEntries* s1->s2#24-t1,previous=(t:0, i:0),leaderCommit=0,initializing? false,HEARTBEAT
org.apache.ratis.protocol.exceptions.ServerNotReadyException: s2@group-63F69FE1A60B is not in [STARTING, RUNNING]: current state is CLOSING
	at org.apache.ratis.server.impl.RaftServerImpl.lambda$assertLifeCycleState$7(RaftServerImpl.java:791)
	at org.apache.ratis.util.LifeCycle.assertCurrentState(LifeCycle.java:260)
	at org.apache.ratis.server.impl.RaftServerImpl.assertLifeCycleState(RaftServerImpl.java:790)
	at org.apache.ratis.server.impl.RaftServerImpl.appendEntriesAsync(RaftServerImpl.java:1509)
	at org.apache.ratis.server.impl.RaftServerProxy.lambda$null$28(RaftServerProxy.java:655)
	at org.apache.ratis.util.JavaUtils.callAsUnchecked(JavaUtils.java:118)
	at org.apache.ratis.server.impl.RaftServerImpl.lambda$executeSubmitServerRequestAsync$10(RaftServerImpl.java:907)
	at java.util.concurrent.CompletableFuture$AsyncSupply.run(CompletableFuture.java:1604)
	at java.util.concurrent.ThreadPoolExecutor.runWorker(ThreadPoolExecutor.java:1149)
	at java.util.concurrent.ThreadPoolExecutor$Worker.run(ThreadPoolExecutor.java:624)
	at java.lang.Thread.run(Thread.java:750)
2024-10-20 10:48:14,646 [s2-server-thread1] ERROR server.RaftServer$Division (RaftServerImpl.java:appendEntriesAsync(1518)) - s2@group-63F69FE1A60B: Failed appendEntries* s1->s2#25-t1,previous=(t:0, i:0),leaderCommit=0,initializing? false,HEARTBEAT
org.apache.ratis.protocol.exceptions.ServerNotReadyException: s2@group-63F69FE1A60B is not in [STARTING, RUNNING]: current state is CLOSING
	at org.apache.ratis.server.impl.RaftServerImpl.lambda$assertLifeCycleState$7(RaftServerImpl.java:791)
	at org.apache.ratis.util.LifeCycle.assertCurrentState(LifeCycle.java:260)
	at org.apache.ratis.server.impl.RaftServerImpl.assertLifeCycleState(RaftServerImpl.java:790)
	at org.apache.ratis.server.impl.RaftServerImpl.appendEntriesAsync(RaftServerImpl.java:1509)
	at org.apache.ratis.server.impl.RaftServerProxy.lambda$null$28(RaftServerProxy.java:655)
	at org.apache.ratis.util.JavaUtils.callAsUnchecked(JavaUtils.java:118)
	at org.apache.ratis.server.impl.RaftServerImpl.lambda$executeSubmitServerRequestAsync$10(RaftServerImpl.java:907)
	at java.util.concurrent.CompletableFuture$AsyncSupply.run(CompletableFuture.java:1604)
	at java.util.concurrent.ThreadPoolExecutor.runWorker(ThreadPoolExecutor.java:1149)
	at java.util.concurrent.ThreadPoolExecutor$Worker.run(ThreadPoolExecutor.java:624)
	at java.lang.Thread.run(Thread.java:750)
2024-10-20 10:48:14,646 [s2-server-thread1] ERROR server.RaftServer$Division (RaftServerImpl.java:appendEntriesAsync(1518)) - s2@group-63F69FE1A60B: Failed appendEntries* s1->s2#26-t1,previous=(t:0, i:0),leaderCommit=0,initializing? false,HEARTBEAT
org.apache.ratis.protocol.exceptions.ServerNotReadyException: s2@group-63F69FE1A60B is not in [STARTING, RUNNING]: current state is CLOSING
	at org.apache.ratis.server.impl.RaftServerImpl.lambda$assertLifeCycleState$7(RaftServerImpl.java:791)
	at org.apache.ratis.util.LifeCycle.assertCurrentState(LifeCycle.java:260)
	at org.apache.ratis.server.impl.RaftServerImpl.assertLifeCycleState(RaftServerImpl.java:790)
	at org.apache.ratis.server.impl.RaftServerImpl.appendEntriesAsync(RaftServerImpl.java:1509)
	at org.apache.ratis.server.impl.RaftServerProxy.lambda$null$28(RaftServerProxy.java:655)
	at org.apache.ratis.util.JavaUtils.callAsUnchecked(JavaUtils.java:118)
	at org.apache.ratis.server.impl.RaftServerImpl.lambda$executeSubmitServerRequestAsync$10(RaftServerImpl.java:907)
	at java.util.concurrent.CompletableFuture$AsyncSupply.run(CompletableFuture.java:1604)
	at java.util.concurrent.ThreadPoolExecutor.runWorker(ThreadPoolExecutor.java:1149)
	at java.util.concurrent.ThreadPoolExecutor$Worker.run(ThreadPoolExecutor.java:624)
	at java.lang.Thread.run(Thread.java:750)
2024-10-20 10:48:14,646 [s2-server-thread1] ERROR server.RaftServer$Division (RaftServerImpl.java:appendEntriesAsync(1518)) - s2@group-63F69FE1A60B: Failed appendEntries* s1->s2#27-t1,previous=(t:0, i:0),leaderCommit=0,initializing? false,HEARTBEAT
org.apache.ratis.protocol.exceptions.ServerNotReadyException: s2@group-63F69FE1A60B is not in [STARTING, RUNNING]: current state is CLOSING
	at org.apache.ratis.server.impl.RaftServerImpl.lambda$assertLifeCycleState$7(RaftServerImpl.java:791)
	at org.apache.ratis.util.LifeCycle.assertCurrentState(LifeCycle.java:260)
	at org.apache.ratis.server.impl.RaftServerImpl.assertLifeCycleState(RaftServerImpl.java:790)
	at org.apache.ratis.server.impl.RaftServerImpl.appendEntriesAsync(RaftServerImpl.java:1509)
	at org.apache.ratis.server.impl.RaftServerProxy.lambda$null$28(RaftServerProxy.java:655)
	at org.apache.ratis.util.JavaUtils.callAsUnchecked(JavaUtils.java:118)
	at org.apache.ratis.server.impl.RaftServerImpl.lambda$executeSubmitServerRequestAsync$10(RaftServerImpl.java:907)
	at java.util.concurrent.CompletableFuture$AsyncSupply.run(CompletableFuture.java:1604)
	at java.util.concurrent.ThreadPoolExecutor.runWorker(ThreadPoolExecutor.java:1149)
	at java.util.concurrent.ThreadPoolExecutor$Worker.run(ThreadPoolExecutor.java:624)
	at java.lang.Thread.run(Thread.java:750)
2024-10-20 10:48:14,647 [s2-server-thread1] ERROR server.RaftServer$Division (RaftServerImpl.java:appendEntriesAsync(1518)) - s2@group-63F69FE1A60B: Failed appendEntries* s1->s2#28-t1,previous=(t:0, i:0),leaderCommit=0,initializing? false,HEARTBEAT
org.apache.ratis.protocol.exceptions.ServerNotReadyException: s2@group-63F69FE1A60B is not in [STARTING, RUNNING]: current state is CLOSING
	at org.apache.ratis.server.impl.RaftServerImpl.lambda$assertLifeCycleState$7(RaftServerImpl.java:791)
	at org.apache.ratis.util.LifeCycle.assertCurrentState(LifeCycle.java:260)
	at org.apache.ratis.server.impl.RaftServerImpl.assertLifeCycleState(RaftServerImpl.java:790)
	at org.apache.ratis.server.impl.RaftServerImpl.appendEntriesAsync(RaftServerImpl.java:1509)
	at org.apache.ratis.server.impl.RaftServerProxy.lambda$null$28(RaftServerProxy.java:655)
	at org.apache.ratis.util.JavaUtils.callAsUnchecked(JavaUtils.java:118)
	at org.apache.ratis.server.impl.RaftServerImpl.lambda$executeSubmitServerRequestAsync$10(RaftServerImpl.java:907)
	at java.util.concurrent.CompletableFuture$AsyncSupply.run(CompletableFuture.java:1604)
	at java.util.concurrent.ThreadPoolExecutor.runWorker(ThreadPoolExecutor.java:1149)
	at java.util.concurrent.ThreadPoolExecutor$Worker.run(ThreadPoolExecutor.java:624)
	at java.lang.Thread.run(Thread.java:750)
2024-10-20 10:48:14,647 [s2-server-thread1] ERROR server.RaftServer$Division (RaftServerImpl.java:appendEntriesAsync(1518)) - s2@group-63F69FE1A60B: Failed appendEntries* s1->s2#29-t1,previous=(t:0, i:0),leaderCommit=0,initializing? false,HEARTBEAT
org.apache.ratis.protocol.exceptions.ServerNotReadyException: s2@group-63F69FE1A60B is not in [STARTING, RUNNING]: current state is CLOSING
	at org.apache.ratis.server.impl.RaftServerImpl.lambda$assertLifeCycleState$7(RaftServerImpl.java:791)
	at org.apache.ratis.util.LifeCycle.assertCurrentState(LifeCycle.java:260)
	at org.apache.ratis.server.impl.RaftServerImpl.assertLifeCycleState(RaftServerImpl.java:790)
	at org.apache.ratis.server.impl.RaftServerImpl.appendEntriesAsync(RaftServerImpl.java:1509)
	at org.apache.ratis.server.impl.RaftServerProxy.lambda$null$28(RaftServerProxy.java:655)
	at org.apache.ratis.util.JavaUtils.callAsUnchecked(JavaUtils.java:118)
	at org.apache.ratis.server.impl.RaftServerImpl.lambda$executeSubmitServerRequestAsync$10(RaftServerImpl.java:907)
	at java.util.concurrent.CompletableFuture$AsyncSupply.run(CompletableFuture.java:1604)
	at java.util.concurrent.ThreadPoolExecutor.runWorker(ThreadPoolExecutor.java:1149)
	at java.util.concurrent.ThreadPoolExecutor$Worker.run(ThreadPoolExecutor.java:624)
	at java.lang.Thread.run(Thread.java:750)
2024-10-20 10:48:14,647 [s2-server-thread1] ERROR server.RaftServer$Division (RaftServerImpl.java:appendEntriesAsync(1518)) - s2@group-63F69FE1A60B: Failed appendEntries* s1->s2#30-t1,previous=(t:0, i:0),leaderCommit=0,initializing? false,HEARTBEAT
org.apache.ratis.protocol.exceptions.ServerNotReadyException: s2@group-63F69FE1A60B is not in [STARTING, RUNNING]: current state is CLOSING
	at org.apache.ratis.server.impl.RaftServerImpl.lambda$assertLifeCycleState$7(RaftServerImpl.java:791)
	at org.apache.ratis.util.LifeCycle.assertCurrentState(LifeCycle.java:260)
	at org.apache.ratis.server.impl.RaftServerImpl.assertLifeCycleState(RaftServerImpl.java:790)
	at org.apache.ratis.server.impl.RaftServerImpl.appendEntriesAsync(RaftServerImpl.java:1509)
	at org.apache.ratis.server.impl.RaftServerProxy.lambda$null$28(RaftServerProxy.java:655)
	at org.apache.ratis.util.JavaUtils.callAsUnchecked(JavaUtils.java:118)
	at org.apache.ratis.server.impl.RaftServerImpl.lambda$executeSubmitServerRequestAsync$10(RaftServerImpl.java:907)
	at java.util.concurrent.CompletableFuture$AsyncSupply.run(CompletableFuture.java:1604)
	at java.util.concurrent.ThreadPoolExecutor.runWorker(ThreadPoolExecutor.java:1149)
	at java.util.concurrent.ThreadPoolExecutor$Worker.run(ThreadPoolExecutor.java:624)
	at java.lang.Thread.run(Thread.java:750)
2024-10-20 10:48:14,647 [grpc-default-executor-1] INFO  server.GrpcServerProtocolService (GrpcServerProtocolService.java:onCompleted(200)) - s2: Completed APPEND_ENTRIES, lastRequest: null
2024-10-20 10:48:14,761 [grpc-default-executor-2] INFO  util.CodeInjectionForTesting (BlockRequestHandlingInjection.java:execute(84)) - s1: unBlock request from s2
2024-10-20 10:48:14,761 [grpc-default-executor-2] INFO  server.RaftServer$Division (RaftServerImpl.java:requestVote(1447)) - s1@group-63F69FE1A60B: receive requestVote(PRE_VOTE, s2, group-63F69FE1A60B, 1, (t:1, i:2))
2024-10-20 10:48:14,761 [grpc-default-executor-2] WARN  server.GrpcServerProtocolService (LogUtils.java:warn(121)) - s1: Failed requestVote s2->s1#0: org.apache.ratis.protocol.exceptions.ServerNotReadyException: s1@group-63F69FE1A60B is not in [RUNNING]: current state is CLOSING
2024-10-20 10:48:14,771 [grpc-default-executor-6] INFO  util.CodeInjectionForTesting (BlockRequestHandlingInjection.java:execute(84)) - s1: unBlock request from s2
2024-10-20 10:48:14,771 [grpc-default-executor-6] INFO  server.RaftServer$Division (RaftServerImpl.java:requestVote(1447)) - s1@group-63F69FE1A60B: receive requestVote(ELECTION, s2, group-63F69FE1A60B, 2, (t:1, i:2))
2024-10-20 10:48:14,771 [grpc-default-executor-6] WARN  server.GrpcServerProtocolService (LogUtils.java:warn(121)) - s1: Failed requestVote s2->s1#0: org.apache.ratis.protocol.exceptions.ServerNotReadyException: s1@group-63F69FE1A60B is not in [RUNNING]: current state is CLOSING
2024-10-20 10:48:14,982 [s1-impl-thread1] INFO  segmented.SegmentedRaftLogWorker (SegmentedRaftLogWorker.java:close(253)) - s1@group-63F69FE1A60B-SegmentedRaftLogWorker close()
2024-10-20 10:48:14,982 [s1-impl-thread1] INFO  raftlog.RaftLog (SegmentedRaftLog.java:close(575)) - Successfully closed s1@group-63F69FE1A60B-SegmentedRaftLog:CLOSED:c2
2024-10-20 10:48:15,505 [s2-impl-thread1] INFO  segmented.SegmentedRaftLogWorker (SegmentedRaftLogWorker.java:close(253)) - s2@group-63F69FE1A60B-SegmentedRaftLogWorker close()
2024-10-20 10:48:15,505 [s0-impl-thread1] INFO  segmented.SegmentedRaftLogWorker (SegmentedRaftLogWorker.java:close(253)) - s0@group-63F69FE1A60B-SegmentedRaftLogWorker close()
2024-10-20 10:48:15,506 [s2-impl-thread1] INFO  raftlog.RaftLog (SegmentedRaftLog.java:close(575)) - Successfully closed s2@group-63F69FE1A60B-SegmentedRaftLog:CLOSED:c6
2024-10-20 10:48:15,506 [s0-impl-thread1] INFO  raftlog.RaftLog (SegmentedRaftLog.java:close(575)) - Successfully closed s0@group-63F69FE1A60B-SegmentedRaftLog:CLOSED:c5
2024-10-20 10:48:15,506 [main] WARN  impl.MiniRaftCluster (MiniRaftCluster.java:shutdown(872)) - 1/30: Not yet able to shutdown executor, will wait again ...
2024-10-20 10:48:15,506 [JvmPauseMonitor85] INFO  util.JvmPauseMonitor (JvmPauseMonitor.java:run(152)) - JvmPauseMonitor-s0: Stopped
2024-10-20 10:48:16,506 [main] WARN  impl.MiniRaftCluster (MiniRaftCluster.java:shutdown(872)) - 2/30: Not yet able to shutdown executor, will wait again ...
2024-10-20 10:48:16,980 [timer2] WARN  server.GrpcLogAppender (GrpcLogAppender.java:timeoutAppendRequest(450)) - s1@group-63F69FE1A60B->s0-GrpcLogAppender: Timed out appendEntries, errorCount=1, request=AppendEntriesRequest:cid=23,entriesCount=1,entry=(t:1, i:3)
2024-10-20 10:48:16,981 [timer1] WARN  server.GrpcLogAppender (GrpcLogAppender.java:timeoutAppendRequest(450)) - s1@group-63F69FE1A60B->s2-GrpcLogAppender: Timed out appendEntries, errorCount=1, request=AppendEntriesRequest:cid=23,entriesCount=1,entry=(t:1, i:3)
2024-10-20 10:48:17,045 [timer3] WARN  server.GrpcLogAppender (GrpcLogAppender.java:timeoutAppendRequest(450)) - s1@group-63F69FE1A60B->s0-GrpcLogAppender: Timed out HEARTBEAT appendEntries, errorCount=2, request=AppendEntriesRequest:cid=24,entriesCount=0
2024-10-20 10:48:17,045 [timer4] WARN  server.GrpcLogAppender (GrpcLogAppender.java:timeoutAppendRequest(450)) - s1@group-63F69FE1A60B->s2-GrpcLogAppender: Timed out HEARTBEAT appendEntries, errorCount=2, request=AppendEntriesRequest:cid=24,entriesCount=0
2024-10-20 10:48:17,082 [timer5] WARN  server.GrpcLogAppender (GrpcLogAppender.java:timeoutAppendRequest(450)) - s1@group-63F69FE1A60B->s0-GrpcLogAppender: Timed out HEARTBEAT appendEntries, errorCount=3, request=AppendEntriesRequest:cid=25,entriesCount=0
2024-10-20 10:48:17,083 [timer6] WARN  server.GrpcLogAppender (GrpcLogAppender.java:timeoutAppendRequest(450)) - s1@group-63F69FE1A60B->s2-GrpcLogAppender: Timed out HEARTBEAT appendEntries, errorCount=3, request=AppendEntriesRequest:cid=25,entriesCount=0
2024-10-20 10:48:17,120 [timer7] WARN  server.GrpcLogAppender (GrpcLogAppender.java:timeoutAppendRequest(450)) - s1@group-63F69FE1A60B->s0-GrpcLogAppender: Timed out HEARTBEAT appendEntries, errorCount=4, request=AppendEntriesRequest:cid=26,entriesCount=0
2024-10-20 10:48:17,121 [timer0] WARN  server.GrpcLogAppender (GrpcLogAppender.java:timeoutAppendRequest(450)) - s1@group-63F69FE1A60B->s2-GrpcLogAppender: Timed out HEARTBEAT appendEntries, errorCount=4, request=AppendEntriesRequest:cid=26,entriesCount=0
2024-10-20 10:48:17,158 [timer2] WARN  server.GrpcLogAppender (GrpcLogAppender.java:timeoutAppendRequest(450)) - s1@group-63F69FE1A60B->s2-GrpcLogAppender: Timed out HEARTBEAT appendEntries, errorCount=5, request=AppendEntriesRequest:cid=27,entriesCount=0
2024-10-20 10:48:17,158 [timer1] WARN  server.GrpcLogAppender (GrpcLogAppender.java:timeoutAppendRequest(450)) - s1@group-63F69FE1A60B->s0-GrpcLogAppender: Timed out HEARTBEAT appendEntries, errorCount=5, request=AppendEntriesRequest:cid=27,entriesCount=0
2024-10-20 10:48:17,197 [timer4] WARN  server.GrpcLogAppender (GrpcLogAppender.java:timeoutAppendRequest(450)) - s1@group-63F69FE1A60B->s0-GrpcLogAppender: Timed out HEARTBEAT appendEntries, errorCount=6, request=AppendEntriesRequest:cid=28,entriesCount=0
2024-10-20 10:48:17,197 [timer5] WARN  server.GrpcLogAppender (GrpcLogAppender.java:timeoutAppendRequest(450)) - s1@group-63F69FE1A60B->s2-GrpcLogAppender: Timed out HEARTBEAT appendEntries, errorCount=6, request=AppendEntriesRequest:cid=28,entriesCount=0
2024-10-20 10:48:17,211 [timer7] WARN  server.GrpcLogAppender (GrpcLogAppender.java:timeoutAppendRequest(450)) - s2@group-63F69FE1A60B->s1-GrpcLogAppender: Timed out HEARTBEAT appendEntries, errorCount=1, request=AppendEntriesRequest:cid=0,entriesCount=0
2024-10-20 10:48:17,214 [timer0] WARN  server.GrpcLogAppender (GrpcLogAppender.java:timeoutAppendRequest(450)) - s2@group-63F69FE1A60B->s1-GrpcLogAppender: Timed out appendEntries, errorCount=2, request=AppendEntriesRequest:cid=1,entriesCount=1,entry=(t:2, i:3)
2024-10-20 10:48:17,226 [timer1] WARN  server.GrpcLogAppender (GrpcLogAppender.java:timeoutAppendRequest(450)) - s2@group-63F69FE1A60B->s1-GrpcLogAppender: Timed out HEARTBEAT appendEntries, errorCount=3, request=AppendEntriesRequest:cid=2,entriesCount=0
2024-10-20 10:48:17,230 [timer3] WARN  server.GrpcLogAppender (GrpcLogAppender.java:timeoutAppendRequest(450)) - s2@group-63F69FE1A60B->s1-GrpcLogAppender: Timed out HEARTBEAT appendEntries, errorCount=4, request=AppendEntriesRequest:cid=3,entriesCount=0
2024-10-20 10:48:17,233 [timer4] WARN  server.GrpcLogAppender (GrpcLogAppender.java:timeoutAppendRequest(450)) - s1@group-63F69FE1A60B->s0-GrpcLogAppender: Timed out HEARTBEAT appendEntries, errorCount=7, request=AppendEntriesRequest:cid=29,entriesCount=0
2024-10-20 10:48:17,234 [timer5] WARN  server.GrpcLogAppender (GrpcLogAppender.java:timeoutAppendRequest(450)) - s1@group-63F69FE1A60B->s2-GrpcLogAppender: Timed out HEARTBEAT appendEntries, errorCount=7, request=AppendEntriesRequest:cid=29,entriesCount=0
2024-10-20 10:48:17,268 [timer6] WARN  server.GrpcLogAppender (GrpcLogAppender.java:timeoutAppendRequest(450)) - s2@group-63F69FE1A60B->s1-GrpcLogAppender: Timed out HEARTBEAT appendEntries, errorCount=5, request=AppendEntriesRequest:cid=4,entriesCount=0
2024-10-20 10:48:17,271 [timer7] WARN  server.GrpcLogAppender (GrpcLogAppender.java:timeoutAppendRequest(450)) - s1@group-63F69FE1A60B->s0-GrpcLogAppender: Timed out HEARTBEAT appendEntries, errorCount=8, request=AppendEntriesRequest:cid=30,entriesCount=0
2024-10-20 10:48:17,272 [timer0] WARN  server.GrpcLogAppender (GrpcLogAppender.java:timeoutAppendRequest(450)) - s1@group-63F69FE1A60B->s2-GrpcLogAppender: Timed out HEARTBEAT appendEntries, errorCount=8, request=AppendEntriesRequest:cid=30,entriesCount=0
2024-10-20 10:48:17,306 [timer2] WARN  server.GrpcLogAppender (GrpcLogAppender.java:timeoutAppendRequest(450)) - s2@group-63F69FE1A60B->s1-GrpcLogAppender: Timed out HEARTBEAT appendEntries, errorCount=6, request=AppendEntriesRequest:cid=5,entriesCount=0
2024-10-20 10:48:17,343 [timer3] WARN  server.GrpcLogAppender (GrpcLogAppender.java:timeoutAppendRequest(450)) - s2@group-63F69FE1A60B->s1-GrpcLogAppender: Timed out HEARTBEAT appendEntries, errorCount=7, request=AppendEntriesRequest:cid=6,entriesCount=0
2024-10-20 10:48:17,381 [timer4] WARN  server.GrpcLogAppender (GrpcLogAppender.java:timeoutAppendRequest(450)) - s2@group-63F69FE1A60B->s1-GrpcLogAppender: Timed out HEARTBEAT appendEntries, errorCount=8, request=AppendEntriesRequest:cid=7,entriesCount=0
2024-10-20 10:48:17,420 [timer6] WARN  server.GrpcLogAppender (GrpcLogAppender.java:timeoutAppendRequest(450)) - s2@group-63F69FE1A60B->s1-GrpcLogAppender: Timed out HEARTBEAT appendEntries, errorCount=9, request=AppendEntriesRequest:cid=8,entriesCount=0
2024-10-20 10:48:17,457 [timer7] WARN  server.GrpcLogAppender (GrpcLogAppender.java:timeoutAppendRequest(450)) - s2@group-63F69FE1A60B->s1-GrpcLogAppender: Timed out HEARTBEAT appendEntries, errorCount=10, request=AppendEntriesRequest:cid=9,entriesCount=0
2024-10-20 10:48:17,495 [timer1] WARN  server.GrpcLogAppender (GrpcLogAppender.java:timeoutAppendRequest(450)) - s2@group-63F69FE1A60B->s1-GrpcLogAppender: Timed out HEARTBEAT appendEntries, errorCount=11, request=AppendEntriesRequest:cid=10,entriesCount=0
2024-10-20 10:48:17,499 [timer3] WARN  server.GrpcLogAppender (GrpcLogAppender.java:timeoutAppendRequest(450)) - s2@group-63F69FE1A60B->s1-GrpcLogAppender: Timed out HEARTBEAT appendEntries, errorCount=12, request=AppendEntriesRequest:cid=11,entriesCount=0
2024-10-20 10:48:17,501 [timer4] WARN  server.GrpcLogAppender (GrpcLogAppender.java:timeoutAppendRequest(450)) - s2@group-63F69FE1A60B->s1-GrpcLogAppender: Timed out HEARTBEAT appendEntries, errorCount=13, request=AppendEntriesRequest:cid=12,entriesCount=0
2024-10-20 10:48:17,505 [timer6] WARN  server.GrpcLogAppender (GrpcLogAppender.java:timeoutAppendRequest(450)) - s2@group-63F69FE1A60B->s1-GrpcLogAppender: Timed out HEARTBEAT appendEntries, errorCount=14, request=AppendEntriesRequest:cid=13,entriesCount=0
2024-10-20 10:48:17,507 [main] WARN  impl.MiniRaftCluster (MiniRaftCluster.java:shutdown(872)) - 3/30: Not yet able to shutdown executor, will wait again ...
2024-10-20 10:48:17,523 [Thread-2227] WARN  grpc.GrpcUtil (GrpcUtil.java:shutdownManagedChannel(231)) - Timed out gracefully shutting down connection: ManagedChannelOrphanWrapper{delegate=ManagedChannelImpl{logId=2197, target=localhost:15344}}. 
2024-10-20 10:48:17,524 [grpc-default-executor-6] INFO  server.GrpcLogAppender (GrpcLogAppender.java:onError(546)) - s2@group-63F69FE1A60B->s1-GrpcLogAppender is already stopped
2024-10-20 10:48:17,525 [MiniRaftCluster-88] INFO  server.GrpcServicesImpl (GrpcServicesImpl.java:closeImpl(371)) - s2: shutdown server org.apache.ratis.grpc.server.GrpcClientProtocolService successfully
2024-10-20 10:48:17,525 [MiniRaftCluster-88] INFO  server.GrpcServicesImpl (GrpcServicesImpl.java:closeImpl(362)) - s2: shutdown server GrpcServerProtocolService now
2024-10-20 10:48:17,526 [MiniRaftCluster-87] INFO  server.GrpcServicesImpl (GrpcServicesImpl.java:closeImpl(371)) - s1: shutdown server org.apache.ratis.grpc.server.GrpcClientProtocolService successfully
2024-10-20 10:48:17,526 [MiniRaftCluster-88] INFO  server.GrpcServicesImpl (GrpcServicesImpl.java:closeImpl(371)) - s2: shutdown server GrpcServerProtocolService successfully
2024-10-20 10:48:17,526 [MiniRaftCluster-88] INFO  server.GrpcServicesImpl (GrpcServicesImpl.java:closeImpl(362)) - s2: shutdown server org.apache.ratis.grpc.server.GrpcAdminProtocolService now
2024-10-20 10:48:17,526 [grpc-default-executor-6] INFO  server.GrpcLogAppender (GrpcLogAppender.java:onError(546)) - s1@group-63F69FE1A60B->s2-GrpcLogAppender is already stopped
2024-10-20 10:48:17,526 [MiniRaftCluster-87] INFO  server.GrpcServicesImpl (GrpcServicesImpl.java:closeImpl(362)) - s1: shutdown server GrpcServerProtocolService now
2024-10-20 10:48:17,526 [MiniRaftCluster-88] INFO  server.GrpcServicesImpl (GrpcServicesImpl.java:closeImpl(371)) - s2: shutdown server org.apache.ratis.grpc.server.GrpcAdminProtocolService successfully
2024-10-20 10:48:17,526 [MiniRaftCluster-87] INFO  server.GrpcServicesImpl (GrpcServicesImpl.java:closeImpl(371)) - s1: shutdown server GrpcServerProtocolService successfully
2024-10-20 10:48:17,526 [MiniRaftCluster-87] INFO  server.GrpcServicesImpl (GrpcServicesImpl.java:closeImpl(362)) - s1: shutdown server org.apache.ratis.grpc.server.GrpcAdminProtocolService now
2024-10-20 10:48:17,527 [JvmPauseMonitor87] INFO  util.JvmPauseMonitor (JvmPauseMonitor.java:run(152)) - JvmPauseMonitor-s2: Stopped
2024-10-20 10:48:17,527 [MiniRaftCluster-87] INFO  server.GrpcServicesImpl (GrpcServicesImpl.java:closeImpl(371)) - s1: shutdown server org.apache.ratis.grpc.server.GrpcAdminProtocolService successfully
2024-10-20 10:48:17,527 [JvmPauseMonitor86] INFO  util.JvmPauseMonitor (JvmPauseMonitor.java:run(152)) - JvmPauseMonitor-s1: Stopped
2024-10-20 10:48:17,527 [main] INFO  impl.MiniRaftCluster (MiniRaftCluster.java:shutdown(885)) - MiniRaftClusterWithGrpc shutdown completed
2024-10-20 10:48:17,528 [main] INFO  ratis.RaftTestUtil (RaftTestUtil.java:gc(596)) - gc 0
2024-10-20 10:48:17,697 [main] WARN  util.ReferenceCountedLeakDetector (ReferenceCountedLeakDetector.java:logLeakMessage(167)) - LEAK: (class org.apache.ratis.proto.RaftProtos$AppendEntriesRequestProto, count=2, value=serverRequest {
  requestorId: "s0"
  replyId: "s2"
  raftGroupId {
    id: "\375\210\024\357\262\375HY\244\207Ci\024Gb\025"
  }
}
leaderTerm: 10
previousLog {
  term: 9
  index: 16
}
leaderCommit: 16
commitInfos {
  server {
    id: "s0"
    address: "localhost:15252"
    dataStreamAddress: "localhost:15255"
    clientAddress: "localhost:15254"
    adminAddress: "localhost:15253"
    startupRole: FOLLOWER
  }
  commitIndex: 16
}
commitInfos {
  server {
    id: "s1"
    address: "localhost:15256"
    dataStreamAddress: "localhost:15259"
    clientAddress: "localhost:15258"
    adminAddress: "localhost:15257"
    startupRole: FOLLOWER
  }
  commitIndex: 16
}
commitInfos {
  server {
    id: "s2"
    address: "localhost:15260"
    dataStreamAddress: "localhost:15263"
    clientAddress: "localhost:15262"
    adminAddress: "localhost:15261"
    startupRole: FOLLOWER
  }
  commitIndex: 16
}
)
2024-10-20 10:48:17,697 [main] WARN  util.ReferenceCountedLeakDetector (ReferenceCountedLeakDetector.java:logLeakMessage(167)) - LEAK: (class org.apache.ratis.proto.RaftProtos$AppendEntriesRequestProto, count=3, value=serverRequest {
  requestorId: "s1"
  replyId: "s2"
  raftGroupId {
    id: "\375\210\024\357\262\375HY\244\207Ci\024Gb\025"
  }
  callId: 1
}
leaderTerm: 11
previousLog {
  term: 10
  index: 18
}
entries {
  term: 11
  index: 19
  configurationEntry {
    peers {
      id: "s0"
      address: "localhost:15252"
      dataStreamAddress: "localhost:15255"
      clientAddress: "localhost:15254"
      adminAddress: "localhost:15253"
      startupRole: FOLLOWER
    }
    peers {
      id: "s1"
      address: "localhost:15256"
      dataStreamAddress: "localhost:15259"
      clientAddress: "localhost:15258"
      adminAddress: "localhost:15257"
      startupRole: FOLLOWER
    }
    peers {
      id: "s2"
      address: "localhost:15260"
      dataStreamAddress: "localhost:15263"
      clientAddress: "localhost:15262"
      adminAddress: "localhost:15261"
      startupRole: FOLLOWER
    }
  }
}
leaderCommit: 17
commitInfos {
  server {
    id: "s1"
    address: "localhost:15256"
    dataStreamAddress: "localhost:15259"
    clientAddress: "localhost:15258"
    adminAddress: "localhost:15257"
    startupRole: FOLLOWER
  }
  commitIndex: 17
}
commitInfos {
  server {
    id: "s0"
    address: "localhost:15252"
    dataStreamAddress: "localhost:15255"
    clientAddress: "localhost:15254"
    adminAddress: "localhost:15253"
    startupRole: FOLLOWER
  }
  commitIndex: 17
}
commitInfos {
  server {
    id: "s2"
    address: "localhost:15260"
    dataStreamAddress: "localhost:15263"
    clientAddress: "localhost:15262"
    adminAddress: "localhost:15261"
    startupRole: FOLLOWER
  }
  commitIndex: 16
}
)
2024-10-20 10:48:17,697 [main] WARN  util.ReferenceCountedLeakDetector (ReferenceCountedLeakDetector.java:logLeakMessage(167)) - LEAK: (class org.apache.ratis.proto.RaftProtos$AppendEntriesRequestProto, count=3, value=serverRequest {
  requestorId: "s0"
  replyId: "s2"
  raftGroupId {
    id: "\375\210\024\357\262\375HY\244\207Ci\024Gb\025"
  }
  callId: 1
}
leaderTerm: 10
previousLog {
  term: 9
  index: 16
}
entries {
  term: 10
  index: 17
  configurationEntry {
    peers {
      id: "s0"
      address: "localhost:15252"
      dataStreamAddress: "localhost:15255"
      clientAddress: "localhost:15254"
      adminAddress: "localhost:15253"
      startupRole: FOLLOWER
    }
    peers {
      id: "s1"
      address: "localhost:15256"
      dataStreamAddress: "localhost:15259"
      clientAddress: "localhost:15258"
      adminAddress: "localhost:15257"
      startupRole: FOLLOWER
    }
    peers {
      id: "s2"
      address: "localhost:15260"
      dataStreamAddress: "localhost:15263"
      clientAddress: "localhost:15262"
      adminAddress: "localhost:15261"
      startupRole: FOLLOWER
    }
  }
}
leaderCommit: 16
commitInfos {
  server {
    id: "s0"
    address: "localhost:15252"
    dataStreamAddress: "localhost:15255"
    clientAddress: "localhost:15254"
    adminAddress: "localhost:15253"
    startupRole: FOLLOWER
  }
  commitIndex: 16
}
commitInfos {
  server {
    id: "s1"
    address: "localhost:15256"
    dataStreamAddress: "localhost:15259"
    clientAddress: "localhost:15258"
    adminAddress: "localhost:15257"
    startupRole: FOLLOWER
  }
  commitIndex: 16
}
commitInfos {
  server {
    id: "s2"
    address: "localhost:15260"
    dataStreamAddress: "localhost:15263"
    clientAddress: "localhost:15262"
    adminAddress: "localhost:15261"
    startupRole: FOLLOWER
  }
  commitIndex: 16
}
)
2024-10-20 10:48:17,697 [main] WARN  util.ReferenceCountedLeakDetector (ReferenceCountedLeakDetector.java:logLeakMessage(167)) - LEAK: (class org.apache.ratis.proto.RaftProtos$AppendEntriesRequestProto, count=2, value=serverRequest {
  requestorId: "s1"
  replyId: "s2"
  raftGroupId {
    id: "\375\210\024\357\262\375HY\244\207Ci\024Gb\025"
  }
  callId: 8
}
leaderTerm: 9
previousLog {
  term: 9
  index: 16
}
leaderCommit: 16
commitInfos {
  server {
    id: "s1"
    address: "localhost:15256"
    dataStreamAddress: "localhost:15259"
    clientAddress: "localhost:15258"
    adminAddress: "localhost:15257"
    startupRole: FOLLOWER
  }
  commitIndex: 16
}
commitInfos {
  server {
    id: "s0"
    address: "localhost:15252"
    dataStreamAddress: "localhost:15255"
    clientAddress: "localhost:15254"
    adminAddress: "localhost:15253"
    startupRole: FOLLOWER
  }
  commitIndex: 16
}
commitInfos {
  server {
    id: "s2"
    address: "localhost:15260"
    dataStreamAddress: "localhost:15263"
    clientAddress: "localhost:15262"
    adminAddress: "localhost:15261"
    startupRole: FOLLOWER
  }
  commitIndex: 16
}
)
2024-10-20 10:48:17,697 [main] WARN  util.ReferenceCountedLeakDetector (ReferenceCountedLeakDetector.java:logLeakMessage(167)) - LEAK: (class org.apache.ratis.proto.RaftProtos$AppendEntriesRequestProto, count=2, value=serverRequest {
  requestorId: "s1"
  replyId: "s2"
  raftGroupId {
    id: "\375\210\024\357\262\375HY\244\207Ci\024Gb\025"
  }
}
leaderTerm: 11
previousLog {
  term: 10
  index: 18
}
leaderCommit: 17
commitInfos {
  server {
    id: "s1"
    address: "localhost:15256"
    dataStreamAddress: "localhost:15259"
    clientAddress: "localhost:15258"
    adminAddress: "localhost:15257"
    startupRole: FOLLOWER
  }
  commitIndex: 17
}
commitInfos {
  server {
    id: "s0"
    address: "localhost:15252"
    dataStreamAddress: "localhost:15255"
    clientAddress: "localhost:15254"
    adminAddress: "localhost:15253"
    startupRole: FOLLOWER
  }
  commitIndex: 17
}
commitInfos {
  server {
    id: "s2"
    address: "localhost:15260"
    dataStreamAddress: "localhost:15263"
    clientAddress: "localhost:15262"
    adminAddress: "localhost:15261"
    startupRole: FOLLOWER
  }
  commitIndex: 16
}
)
2024-10-20 10:48:17,697 [main] WARN  util.LeakDetector (LeakDetector.java:assertNoLeaks(171)) - 0/30) numLeaks == 5 > 0, will wait and retry ...
2024-10-20 10:48:18,698 [main] WARN  util.ReferenceCountedLeakDetector (ReferenceCountedLeakDetector.java:logLeakMessage(167)) - LEAK: (class org.apache.ratis.proto.RaftProtos$AppendEntriesRequestProto, count=2, value=serverRequest {
  requestorId: "s0"
  replyId: "s2"
  raftGroupId {
    id: "\375\210\024\357\262\375HY\244\207Ci\024Gb\025"
  }
}
leaderTerm: 10
previousLog {
  term: 9
  index: 16
}
leaderCommit: 16
commitInfos {
  server {
    id: "s0"
    address: "localhost:15252"
    dataStreamAddress: "localhost:15255"
    clientAddress: "localhost:15254"
    adminAddress: "localhost:15253"
    startupRole: FOLLOWER
  }
  commitIndex: 16
}
commitInfos {
  server {
    id: "s1"
    address: "localhost:15256"
    dataStreamAddress: "localhost:15259"
    clientAddress: "localhost:15258"
    adminAddress: "localhost:15257"
    startupRole: FOLLOWER
  }
  commitIndex: 16
}
commitInfos {
  server {
    id: "s2"
    address: "localhost:15260"
    dataStreamAddress: "localhost:15263"
    clientAddress: "localhost:15262"
    adminAddress: "localhost:15261"
    startupRole: FOLLOWER
  }
  commitIndex: 16
}
)
2024-10-20 10:48:18,698 [main] WARN  util.ReferenceCountedLeakDetector (ReferenceCountedLeakDetector.java:logLeakMessage(167)) - LEAK: (class org.apache.ratis.proto.RaftProtos$AppendEntriesRequestProto, count=3, value=serverRequest {
  requestorId: "s1"
  replyId: "s2"
  raftGroupId {
    id: "\375\210\024\357\262\375HY\244\207Ci\024Gb\025"
  }
  callId: 1
}
leaderTerm: 11
previousLog {
  term: 10
  index: 18
}
entries {
  term: 11
  index: 19
  configurationEntry {
    peers {
      id: "s0"
      address: "localhost:15252"
      dataStreamAddress: "localhost:15255"
      clientAddress: "localhost:15254"
      adminAddress: "localhost:15253"
      startupRole: FOLLOWER
    }
    peers {
      id: "s1"
      address: "localhost:15256"
      dataStreamAddress: "localhost:15259"
      clientAddress: "localhost:15258"
      adminAddress: "localhost:15257"
      startupRole: FOLLOWER
    }
    peers {
      id: "s2"
      address: "localhost:15260"
      dataStreamAddress: "localhost:15263"
      clientAddress: "localhost:15262"
      adminAddress: "localhost:15261"
      startupRole: FOLLOWER
    }
  }
}
leaderCommit: 17
commitInfos {
  server {
    id: "s1"
    address: "localhost:15256"
    dataStreamAddress: "localhost:15259"
    clientAddress: "localhost:15258"
    adminAddress: "localhost:15257"
    startupRole: FOLLOWER
  }
  commitIndex: 17
}
commitInfos {
  server {
    id: "s0"
    address: "localhost:15252"
    dataStreamAddress: "localhost:15255"
    clientAddress: "localhost:15254"
    adminAddress: "localhost:15253"
    startupRole: FOLLOWER
  }
  commitIndex: 17
}
commitInfos {
  server {
    id: "s2"
    address: "localhost:15260"
    dataStreamAddress: "localhost:15263"
    clientAddress: "localhost:15262"
    adminAddress: "localhost:15261"
    startupRole: FOLLOWER
  }
  commitIndex: 16
}
)
2024-10-20 10:48:18,698 [main] WARN  util.ReferenceCountedLeakDetector (ReferenceCountedLeakDetector.java:logLeakMessage(167)) - LEAK: (class org.apache.ratis.proto.RaftProtos$AppendEntriesRequestProto, count=3, value=serverRequest {
  requestorId: "s0"
  replyId: "s2"
  raftGroupId {
    id: "\375\210\024\357\262\375HY\244\207Ci\024Gb\025"
  }
  callId: 1
}
leaderTerm: 10
previousLog {
  term: 9
  index: 16
}
entries {
  term: 10
  index: 17
  configurationEntry {
    peers {
      id: "s0"
      address: "localhost:15252"
      dataStreamAddress: "localhost:15255"
      clientAddress: "localhost:15254"
      adminAddress: "localhost:15253"
      startupRole: FOLLOWER
    }
    peers {
      id: "s1"
      address: "localhost:15256"
      dataStreamAddress: "localhost:15259"
      clientAddress: "localhost:15258"
      adminAddress: "localhost:15257"
      startupRole: FOLLOWER
    }
    peers {
      id: "s2"
      address: "localhost:15260"
      dataStreamAddress: "localhost:15263"
      clientAddress: "localhost:15262"
      adminAddress: "localhost:15261"
      startupRole: FOLLOWER
    }
  }
}
leaderCommit: 16
commitInfos {
  server {
    id: "s0"
    address: "localhost:15252"
    dataStreamAddress: "localhost:15255"
    clientAddress: "localhost:15254"
    adminAddress: "localhost:15253"
    startupRole: FOLLOWER
  }
  commitIndex: 16
}
commitInfos {
  server {
    id: "s1"
    address: "localhost:15256"
    dataStreamAddress: "localhost:15259"
    clientAddress: "localhost:15258"
    adminAddress: "localhost:15257"
    startupRole: FOLLOWER
  }
  commitIndex: 16
}
commitInfos {
  server {
    id: "s2"
    address: "localhost:15260"
    dataStreamAddress: "localhost:15263"
    clientAddress: "localhost:15262"
    adminAddress: "localhost:15261"
    startupRole: FOLLOWER
  }
  commitIndex: 16
}
)
2024-10-20 10:48:18,698 [main] WARN  util.ReferenceCountedLeakDetector (ReferenceCountedLeakDetector.java:logLeakMessage(167)) - LEAK: (class org.apache.ratis.proto.RaftProtos$AppendEntriesRequestProto, count=2, value=serverRequest {
  requestorId: "s1"
  replyId: "s2"
  raftGroupId {
    id: "\375\210\024\357\262\375HY\244\207Ci\024Gb\025"
  }
  callId: 8
}
leaderTerm: 9
previousLog {
  term: 9
  index: 16
}
leaderCommit: 16
commitInfos {
  server {
    id: "s1"
    address: "localhost:15256"
    dataStreamAddress: "localhost:15259"
    clientAddress: "localhost:15258"
    adminAddress: "localhost:15257"
    startupRole: FOLLOWER
  }
  commitIndex: 16
}
commitInfos {
  server {
    id: "s0"
    address: "localhost:15252"
    dataStreamAddress: "localhost:15255"
    clientAddress: "localhost:15254"
    adminAddress: "localhost:15253"
    startupRole: FOLLOWER
  }
  commitIndex: 16
}
commitInfos {
  server {
    id: "s2"
    address: "localhost:15260"
    dataStreamAddress: "localhost:15263"
    clientAddress: "localhost:15262"
    adminAddress: "localhost:15261"
    startupRole: FOLLOWER
  }
  commitIndex: 16
}
)
2024-10-20 10:48:18,698 [main] WARN  util.ReferenceCountedLeakDetector (ReferenceCountedLeakDetector.java:logLeakMessage(167)) - LEAK: (class org.apache.ratis.proto.RaftProtos$AppendEntriesRequestProto, count=2, value=serverRequest {
  requestorId: "s1"
  replyId: "s2"
  raftGroupId {
    id: "\375\210\024\357\262\375HY\244\207Ci\024Gb\025"
  }
}
leaderTerm: 11
previousLog {
  term: 10
  index: 18
}
leaderCommit: 17
commitInfos {
  server {
    id: "s1"
    address: "localhost:15256"
    dataStreamAddress: "localhost:15259"
    clientAddress: "localhost:15258"
    adminAddress: "localhost:15257"
    startupRole: FOLLOWER
  }
  commitIndex: 17
}
commitInfos {
  server {
    id: "s0"
    address: "localhost:15252"
    dataStreamAddress: "localhost:15255"
    clientAddress: "localhost:15254"
    adminAddress: "localhost:15253"
    startupRole: FOLLOWER
  }
  commitIndex: 17
}
commitInfos {
  server {
    id: "s2"
    address: "localhost:15260"
    dataStreamAddress: "localhost:15263"
    clientAddress: "localhost:15262"
    adminAddress: "localhost:15261"
    startupRole: FOLLOWER
  }
  commitIndex: 16
}
)
2024-10-20 10:48:18,699 [main] WARN  util.LeakDetector (LeakDetector.java:assertNoLeaks(171)) - 1/30) numLeaks == 5 > 0, will wait and retry ...
2024-10-20 10:48:19,699 [main] WARN  util.ReferenceCountedLeakDetector (ReferenceCountedLeakDetector.java:logLeakMessage(167)) - LEAK: (class org.apache.ratis.proto.RaftProtos$AppendEntriesRequestProto, count=2, value=serverRequest {
  requestorId: "s0"
  replyId: "s2"
  raftGroupId {
    id: "\375\210\024\357\262\375HY\244\207Ci\024Gb\025"
  }
}
leaderTerm: 10
previousLog {
  term: 9
  index: 16
}
leaderCommit: 16
commitInfos {
  server {
    id: "s0"
    address: "localhost:15252"
    dataStreamAddress: "localhost:15255"
    clientAddress: "localhost:15254"
    adminAddress: "localhost:15253"
    startupRole: FOLLOWER
  }
  commitIndex: 16
}
commitInfos {
  server {
    id: "s1"
    address: "localhost:15256"
    dataStreamAddress: "localhost:15259"
    clientAddress: "localhost:15258"
    adminAddress: "localhost:15257"
    startupRole: FOLLOWER
  }
  commitIndex: 16
}
commitInfos {
  server {
    id: "s2"
    address: "localhost:15260"
    dataStreamAddress: "localhost:15263"
    clientAddress: "localhost:15262"
    adminAddress: "localhost:15261"
    startupRole: FOLLOWER
  }
  commitIndex: 16
}
)
2024-10-20 10:48:19,699 [main] WARN  util.ReferenceCountedLeakDetector (ReferenceCountedLeakDetector.java:logLeakMessage(167)) - LEAK: (class org.apache.ratis.proto.RaftProtos$AppendEntriesRequestProto, count=3, value=serverRequest {
  requestorId: "s1"
  replyId: "s2"
  raftGroupId {
    id: "\375\210\024\357\262\375HY\244\207Ci\024Gb\025"
  }
  callId: 1
}
leaderTerm: 11
previousLog {
  term: 10
  index: 18
}
entries {
  term: 11
  index: 19
  configurationEntry {
    peers {
      id: "s0"
      address: "localhost:15252"
      dataStreamAddress: "localhost:15255"
      clientAddress: "localhost:15254"
      adminAddress: "localhost:15253"
      startupRole: FOLLOWER
    }
    peers {
      id: "s1"
      address: "localhost:15256"
      dataStreamAddress: "localhost:15259"
      clientAddress: "localhost:15258"
      adminAddress: "localhost:15257"
      startupRole: FOLLOWER
    }
    peers {
      id: "s2"
      address: "localhost:15260"
      dataStreamAddress: "localhost:15263"
      clientAddress: "localhost:15262"
      adminAddress: "localhost:15261"
      startupRole: FOLLOWER
    }
  }
}
leaderCommit: 17
commitInfos {
  server {
    id: "s1"
    address: "localhost:15256"
    dataStreamAddress: "localhost:15259"
    clientAddress: "localhost:15258"
    adminAddress: "localhost:15257"
    startupRole: FOLLOWER
  }
  commitIndex: 17
}
commitInfos {
  server {
    id: "s0"
    address: "localhost:15252"
    dataStreamAddress: "localhost:15255"
    clientAddress: "localhost:15254"
    adminAddress: "localhost:15253"
    startupRole: FOLLOWER
  }
  commitIndex: 17
}
commitInfos {
  server {
    id: "s2"
    address: "localhost:15260"
    dataStreamAddress: "localhost:15263"
    clientAddress: "localhost:15262"
    adminAddress: "localhost:15261"
    startupRole: FOLLOWER
  }
  commitIndex: 16
}
)
2024-10-20 10:48:19,699 [main] WARN  util.ReferenceCountedLeakDetector (ReferenceCountedLeakDetector.java:logLeakMessage(167)) - LEAK: (class org.apache.ratis.proto.RaftProtos$AppendEntriesRequestProto, count=3, value=serverRequest {
  requestorId: "s0"
  replyId: "s2"
  raftGroupId {
    id: "\375\210\024\357\262\375HY\244\207Ci\024Gb\025"
  }
  callId: 1
}
leaderTerm: 10
previousLog {
  term: 9
  index: 16
}
entries {
  term: 10
  index: 17
  configurationEntry {
    peers {
      id: "s0"
      address: "localhost:15252"
      dataStreamAddress: "localhost:15255"
      clientAddress: "localhost:15254"
      adminAddress: "localhost:15253"
      startupRole: FOLLOWER
    }
    peers {
      id: "s1"
      address: "localhost:15256"
      dataStreamAddress: "localhost:15259"
      clientAddress: "localhost:15258"
      adminAddress: "localhost:15257"
      startupRole: FOLLOWER
    }
    peers {
      id: "s2"
      address: "localhost:15260"
      dataStreamAddress: "localhost:15263"
      clientAddress: "localhost:15262"
      adminAddress: "localhost:15261"
      startupRole: FOLLOWER
    }
  }
}
leaderCommit: 16
commitInfos {
  server {
    id: "s0"
    address: "localhost:15252"
    dataStreamAddress: "localhost:15255"
    clientAddress: "localhost:15254"
    adminAddress: "localhost:15253"
    startupRole: FOLLOWER
  }
  commitIndex: 16
}
commitInfos {
  server {
    id: "s1"
    address: "localhost:15256"
    dataStreamAddress: "localhost:15259"
    clientAddress: "localhost:15258"
    adminAddress: "localhost:15257"
    startupRole: FOLLOWER
  }
  commitIndex: 16
}
commitInfos {
  server {
    id: "s2"
    address: "localhost:15260"
    dataStreamAddress: "localhost:15263"
    clientAddress: "localhost:15262"
    adminAddress: "localhost:15261"
    startupRole: FOLLOWER
  }
  commitIndex: 16
}
)
2024-10-20 10:48:19,699 [main] WARN  util.ReferenceCountedLeakDetector (ReferenceCountedLeakDetector.java:logLeakMessage(167)) - LEAK: (class org.apache.ratis.proto.RaftProtos$AppendEntriesRequestProto, count=2, value=serverRequest {
  requestorId: "s1"
  replyId: "s2"
  raftGroupId {
    id: "\375\210\024\357\262\375HY\244\207Ci\024Gb\025"
  }
  callId: 8
}
leaderTerm: 9
previousLog {
  term: 9
  index: 16
}
leaderCommit: 16
commitInfos {
  server {
    id: "s1"
    address: "localhost:15256"
    dataStreamAddress: "localhost:15259"
    clientAddress: "localhost:15258"
    adminAddress: "localhost:15257"
    startupRole: FOLLOWER
  }
  commitIndex: 16
}
commitInfos {
  server {
    id: "s0"
    address: "localhost:15252"
    dataStreamAddress: "localhost:15255"
    clientAddress: "localhost:15254"
    adminAddress: "localhost:15253"
    startupRole: FOLLOWER
  }
  commitIndex: 16
}
commitInfos {
  server {
    id: "s2"
    address: "localhost:15260"
    dataStreamAddress: "localhost:15263"
    clientAddress: "localhost:15262"
    adminAddress: "localhost:15261"
    startupRole: FOLLOWER
  }
  commitIndex: 16
}
)
2024-10-20 10:48:19,700 [main] WARN  util.ReferenceCountedLeakDetector (ReferenceCountedLeakDetector.java:logLeakMessage(167)) - LEAK: (class org.apache.ratis.proto.RaftProtos$AppendEntriesRequestProto, count=2, value=serverRequest {
  requestorId: "s1"
  replyId: "s2"
  raftGroupId {
    id: "\375\210\024\357\262\375HY\244\207Ci\024Gb\025"
  }
}
leaderTerm: 11
previousLog {
  term: 10
  index: 18
}
leaderCommit: 17
commitInfos {
  server {
    id: "s1"
    address: "localhost:15256"
    dataStreamAddress: "localhost:15259"
    clientAddress: "localhost:15258"
    adminAddress: "localhost:15257"
    startupRole: FOLLOWER
  }
  commitIndex: 17
}
commitInfos {
  server {
    id: "s0"
    address: "localhost:15252"
    dataStreamAddress: "localhost:15255"
    clientAddress: "localhost:15254"
    adminAddress: "localhost:15253"
    startupRole: FOLLOWER
  }
  commitIndex: 17
}
commitInfos {
  server {
    id: "s2"
    address: "localhost:15260"
    dataStreamAddress: "localhost:15263"
    clientAddress: "localhost:15262"
    adminAddress: "localhost:15261"
    startupRole: FOLLOWER
  }
  commitIndex: 16
}
)
2024-10-20 10:48:19,700 [main] WARN  util.LeakDetector (LeakDetector.java:assertNoLeaks(171)) - 2/30) numLeaks == 5 > 0, will wait and retry ...
2024-10-20 10:48:20,700 [main] WARN  util.ReferenceCountedLeakDetector (ReferenceCountedLeakDetector.java:logLeakMessage(167)) - LEAK: (class org.apache.ratis.proto.RaftProtos$AppendEntriesRequestProto, count=2, value=serverRequest {
  requestorId: "s0"
  replyId: "s2"
  raftGroupId {
    id: "\375\210\024\357\262\375HY\244\207Ci\024Gb\025"
  }
}
leaderTerm: 10
previousLog {
  term: 9
  index: 16
}
leaderCommit: 16
commitInfos {
  server {
    id: "s0"
    address: "localhost:15252"
    dataStreamAddress: "localhost:15255"
    clientAddress: "localhost:15254"
    adminAddress: "localhost:15253"
    startupRole: FOLLOWER
  }
  commitIndex: 16
}
commitInfos {
  server {
    id: "s1"
    address: "localhost:15256"
    dataStreamAddress: "localhost:15259"
    clientAddress: "localhost:15258"
    adminAddress: "localhost:15257"
    startupRole: FOLLOWER
  }
  commitIndex: 16
}
commitInfos {
  server {
    id: "s2"
    address: "localhost:15260"
    dataStreamAddress: "localhost:15263"
    clientAddress: "localhost:15262"
    adminAddress: "localhost:15261"
    startupRole: FOLLOWER
  }
  commitIndex: 16
}
)
2024-10-20 10:48:20,700 [main] WARN  util.ReferenceCountedLeakDetector (ReferenceCountedLeakDetector.java:logLeakMessage(167)) - LEAK: (class org.apache.ratis.proto.RaftProtos$AppendEntriesRequestProto, count=3, value=serverRequest {
  requestorId: "s1"
  replyId: "s2"
  raftGroupId {
    id: "\375\210\024\357\262\375HY\244\207Ci\024Gb\025"
  }
  callId: 1
}
leaderTerm: 11
previousLog {
  term: 10
  index: 18
}
entries {
  term: 11
  index: 19
  configurationEntry {
    peers {
      id: "s0"
      address: "localhost:15252"
      dataStreamAddress: "localhost:15255"
      clientAddress: "localhost:15254"
      adminAddress: "localhost:15253"
      startupRole: FOLLOWER
    }
    peers {
      id: "s1"
      address: "localhost:15256"
      dataStreamAddress: "localhost:15259"
      clientAddress: "localhost:15258"
      adminAddress: "localhost:15257"
      startupRole: FOLLOWER
    }
    peers {
      id: "s2"
      address: "localhost:15260"
      dataStreamAddress: "localhost:15263"
      clientAddress: "localhost:15262"
      adminAddress: "localhost:15261"
      startupRole: FOLLOWER
    }
  }
}
leaderCommit: 17
commitInfos {
  server {
    id: "s1"
    address: "localhost:15256"
    dataStreamAddress: "localhost:15259"
    clientAddress: "localhost:15258"
    adminAddress: "localhost:15257"
    startupRole: FOLLOWER
  }
  commitIndex: 17
}
commitInfos {
  server {
    id: "s0"
    address: "localhost:15252"
    dataStreamAddress: "localhost:15255"
    clientAddress: "localhost:15254"
    adminAddress: "localhost:15253"
    startupRole: FOLLOWER
  }
  commitIndex: 17
}
commitInfos {
  server {
    id: "s2"
    address: "localhost:15260"
    dataStreamAddress: "localhost:15263"
    clientAddress: "localhost:15262"
    adminAddress: "localhost:15261"
    startupRole: FOLLOWER
  }
  commitIndex: 16
}
)
2024-10-20 10:48:20,700 [main] WARN  util.ReferenceCountedLeakDetector (ReferenceCountedLeakDetector.java:logLeakMessage(167)) - LEAK: (class org.apache.ratis.proto.RaftProtos$AppendEntriesRequestProto, count=3, value=serverRequest {
  requestorId: "s0"
  replyId: "s2"
  raftGroupId {
    id: "\375\210\024\357\262\375HY\244\207Ci\024Gb\025"
  }
  callId: 1
}
leaderTerm: 10
previousLog {
  term: 9
  index: 16
}
entries {
  term: 10
  index: 17
  configurationEntry {
    peers {
      id: "s0"
      address: "localhost:15252"
      dataStreamAddress: "localhost:15255"
      clientAddress: "localhost:15254"
      adminAddress: "localhost:15253"
      startupRole: FOLLOWER
    }
    peers {
      id: "s1"
      address: "localhost:15256"
      dataStreamAddress: "localhost:15259"
      clientAddress: "localhost:15258"
      adminAddress: "localhost:15257"
      startupRole: FOLLOWER
    }
    peers {
      id: "s2"
      address: "localhost:15260"
      dataStreamAddress: "localhost:15263"
      clientAddress: "localhost:15262"
      adminAddress: "localhost:15261"
      startupRole: FOLLOWER
    }
  }
}
leaderCommit: 16
commitInfos {
  server {
    id: "s0"
    address: "localhost:15252"
    dataStreamAddress: "localhost:15255"
    clientAddress: "localhost:15254"
    adminAddress: "localhost:15253"
    startupRole: FOLLOWER
  }
  commitIndex: 16
}
commitInfos {
  server {
    id: "s1"
    address: "localhost:15256"
    dataStreamAddress: "localhost:15259"
    clientAddress: "localhost:15258"
    adminAddress: "localhost:15257"
    startupRole: FOLLOWER
  }
  commitIndex: 16
}
commitInfos {
  server {
    id: "s2"
    address: "localhost:15260"
    dataStreamAddress: "localhost:15263"
    clientAddress: "localhost:15262"
    adminAddress: "localhost:15261"
    startupRole: FOLLOWER
  }
  commitIndex: 16
}
)
2024-10-20 10:48:20,700 [main] WARN  util.ReferenceCountedLeakDetector (ReferenceCountedLeakDetector.java:logLeakMessage(167)) - LEAK: (class org.apache.ratis.proto.RaftProtos$AppendEntriesRequestProto, count=2, value=serverRequest {
  requestorId: "s1"
  replyId: "s2"
  raftGroupId {
    id: "\375\210\024\357\262\375HY\244\207Ci\024Gb\025"
  }
  callId: 8
}
leaderTerm: 9
previousLog {
  term: 9
  index: 16
}
leaderCommit: 16
commitInfos {
  server {
    id: "s1"
    address: "localhost:15256"
    dataStreamAddress: "localhost:15259"
    clientAddress: "localhost:15258"
    adminAddress: "localhost:15257"
    startupRole: FOLLOWER
  }
  commitIndex: 16
}
commitInfos {
  server {
    id: "s0"
    address: "localhost:15252"
    dataStreamAddress: "localhost:15255"
    clientAddress: "localhost:15254"
    adminAddress: "localhost:15253"
    startupRole: FOLLOWER
  }
  commitIndex: 16
}
commitInfos {
  server {
    id: "s2"
    address: "localhost:15260"
    dataStreamAddress: "localhost:15263"
    clientAddress: "localhost:15262"
    adminAddress: "localhost:15261"
    startupRole: FOLLOWER
  }
  commitIndex: 16
}
)
2024-10-20 10:48:20,700 [main] WARN  util.ReferenceCountedLeakDetector (ReferenceCountedLeakDetector.java:logLeakMessage(167)) - LEAK: (class org.apache.ratis.proto.RaftProtos$AppendEntriesRequestProto, count=2, value=serverRequest {
  requestorId: "s1"
  replyId: "s2"
  raftGroupId {
    id: "\375\210\024\357\262\375HY\244\207Ci\024Gb\025"
  }
}
leaderTerm: 11
previousLog {
  term: 10
  index: 18
}
leaderCommit: 17
commitInfos {
  server {
    id: "s1"
    address: "localhost:15256"
    dataStreamAddress: "localhost:15259"
    clientAddress: "localhost:15258"
    adminAddress: "localhost:15257"
    startupRole: FOLLOWER
  }
  commitIndex: 17
}
commitInfos {
  server {
    id: "s0"
    address: "localhost:15252"
    dataStreamAddress: "localhost:15255"
    clientAddress: "localhost:15254"
    adminAddress: "localhost:15253"
    startupRole: FOLLOWER
  }
  commitIndex: 17
}
commitInfos {
  server {
    id: "s2"
    address: "localhost:15260"
    dataStreamAddress: "localhost:15263"
    clientAddress: "localhost:15262"
    adminAddress: "localhost:15261"
    startupRole: FOLLOWER
  }
  commitIndex: 16
}
)
2024-10-20 10:48:20,701 [main] WARN  util.LeakDetector (LeakDetector.java:assertNoLeaks(171)) - 3/30) numLeaks == 5 > 0, will wait and retry ...
2024-10-20 10:48:21,701 [main] WARN  util.ReferenceCountedLeakDetector (ReferenceCountedLeakDetector.java:logLeakMessage(167)) - LEAK: (class org.apache.ratis.proto.RaftProtos$AppendEntriesRequestProto, count=2, value=serverRequest {
  requestorId: "s0"
  replyId: "s2"
  raftGroupId {
    id: "\375\210\024\357\262\375HY\244\207Ci\024Gb\025"
  }
}
leaderTerm: 10
previousLog {
  term: 9
  index: 16
}
leaderCommit: 16
commitInfos {
  server {
    id: "s0"
    address: "localhost:15252"
    dataStreamAddress: "localhost:15255"
    clientAddress: "localhost:15254"
    adminAddress: "localhost:15253"
    startupRole: FOLLOWER
  }
  commitIndex: 16
}
commitInfos {
  server {
    id: "s1"
    address: "localhost:15256"
    dataStreamAddress: "localhost:15259"
    clientAddress: "localhost:15258"
    adminAddress: "localhost:15257"
    startupRole: FOLLOWER
  }
  commitIndex: 16
}
commitInfos {
  server {
    id: "s2"
    address: "localhost:15260"
    dataStreamAddress: "localhost:15263"
    clientAddress: "localhost:15262"
    adminAddress: "localhost:15261"
    startupRole: FOLLOWER
  }
  commitIndex: 16
}
)
2024-10-20 10:48:21,701 [main] WARN  util.ReferenceCountedLeakDetector (ReferenceCountedLeakDetector.java:logLeakMessage(167)) - LEAK: (class org.apache.ratis.proto.RaftProtos$AppendEntriesRequestProto, count=3, value=serverRequest {
  requestorId: "s1"
  replyId: "s2"
  raftGroupId {
    id: "\375\210\024\357\262\375HY\244\207Ci\024Gb\025"
  }
  callId: 1
}
leaderTerm: 11
previousLog {
  term: 10
  index: 18
}
entries {
  term: 11
  index: 19
  configurationEntry {
    peers {
      id: "s0"
      address: "localhost:15252"
      dataStreamAddress: "localhost:15255"
      clientAddress: "localhost:15254"
      adminAddress: "localhost:15253"
      startupRole: FOLLOWER
    }
    peers {
      id: "s1"
      address: "localhost:15256"
      dataStreamAddress: "localhost:15259"
      clientAddress: "localhost:15258"
      adminAddress: "localhost:15257"
      startupRole: FOLLOWER
    }
    peers {
      id: "s2"
      address: "localhost:15260"
      dataStreamAddress: "localhost:15263"
      clientAddress: "localhost:15262"
      adminAddress: "localhost:15261"
      startupRole: FOLLOWER
    }
  }
}
leaderCommit: 17
commitInfos {
  server {
    id: "s1"
    address: "localhost:15256"
    dataStreamAddress: "localhost:15259"
    clientAddress: "localhost:15258"
    adminAddress: "localhost:15257"
    startupRole: FOLLOWER
  }
  commitIndex: 17
}
commitInfos {
  server {
    id: "s0"
    address: "localhost:15252"
    dataStreamAddress: "localhost:15255"
    clientAddress: "localhost:15254"
    adminAddress: "localhost:15253"
    startupRole: FOLLOWER
  }
  commitIndex: 17
}
commitInfos {
  server {
    id: "s2"
    address: "localhost:15260"
    dataStreamAddress: "localhost:15263"
    clientAddress: "localhost:15262"
    adminAddress: "localhost:15261"
    startupRole: FOLLOWER
  }
  commitIndex: 16
}
)
2024-10-20 10:48:21,701 [main] WARN  util.ReferenceCountedLeakDetector (ReferenceCountedLeakDetector.java:logLeakMessage(167)) - LEAK: (class org.apache.ratis.proto.RaftProtos$AppendEntriesRequestProto, count=3, value=serverRequest {
  requestorId: "s0"
  replyId: "s2"
  raftGroupId {
    id: "\375\210\024\357\262\375HY\244\207Ci\024Gb\025"
  }
  callId: 1
}
leaderTerm: 10
previousLog {
  term: 9
  index: 16
}
entries {
  term: 10
  index: 17
  configurationEntry {
    peers {
      id: "s0"
      address: "localhost:15252"
      dataStreamAddress: "localhost:15255"
      clientAddress: "localhost:15254"
      adminAddress: "localhost:15253"
      startupRole: FOLLOWER
    }
    peers {
      id: "s1"
      address: "localhost:15256"
      dataStreamAddress: "localhost:15259"
      clientAddress: "localhost:15258"
      adminAddress: "localhost:15257"
      startupRole: FOLLOWER
    }
    peers {
      id: "s2"
      address: "localhost:15260"
      dataStreamAddress: "localhost:15263"
      clientAddress: "localhost:15262"
      adminAddress: "localhost:15261"
      startupRole: FOLLOWER
    }
  }
}
leaderCommit: 16
commitInfos {
  server {
    id: "s0"
    address: "localhost:15252"
    dataStreamAddress: "localhost:15255"
    clientAddress: "localhost:15254"
    adminAddress: "localhost:15253"
    startupRole: FOLLOWER
  }
  commitIndex: 16
}
commitInfos {
  server {
    id: "s1"
    address: "localhost:15256"
    dataStreamAddress: "localhost:15259"
    clientAddress: "localhost:15258"
    adminAddress: "localhost:15257"
    startupRole: FOLLOWER
  }
  commitIndex: 16
}
commitInfos {
  server {
    id: "s2"
    address: "localhost:15260"
    dataStreamAddress: "localhost:15263"
    clientAddress: "localhost:15262"
    adminAddress: "localhost:15261"
    startupRole: FOLLOWER
  }
  commitIndex: 16
}
)
2024-10-20 10:48:21,701 [main] WARN  util.ReferenceCountedLeakDetector (ReferenceCountedLeakDetector.java:logLeakMessage(167)) - LEAK: (class org.apache.ratis.proto.RaftProtos$AppendEntriesRequestProto, count=2, value=serverRequest {
  requestorId: "s1"
  replyId: "s2"
  raftGroupId {
    id: "\375\210\024\357\262\375HY\244\207Ci\024Gb\025"
  }
  callId: 8
}
leaderTerm: 9
previousLog {
  term: 9
  index: 16
}
leaderCommit: 16
commitInfos {
  server {
    id: "s1"
    address: "localhost:15256"
    dataStreamAddress: "localhost:15259"
    clientAddress: "localhost:15258"
    adminAddress: "localhost:15257"
    startupRole: FOLLOWER
  }
  commitIndex: 16
}
commitInfos {
  server {
    id: "s0"
    address: "localhost:15252"
    dataStreamAddress: "localhost:15255"
    clientAddress: "localhost:15254"
    adminAddress: "localhost:15253"
    startupRole: FOLLOWER
  }
  commitIndex: 16
}
commitInfos {
  server {
    id: "s2"
    address: "localhost:15260"
    dataStreamAddress: "localhost:15263"
    clientAddress: "localhost:15262"
    adminAddress: "localhost:15261"
    startupRole: FOLLOWER
  }
  commitIndex: 16
}
)
2024-10-20 10:48:21,701 [main] WARN  util.ReferenceCountedLeakDetector (ReferenceCountedLeakDetector.java:logLeakMessage(167)) - LEAK: (class org.apache.ratis.proto.RaftProtos$AppendEntriesRequestProto, count=2, value=serverRequest {
  requestorId: "s1"
  replyId: "s2"
  raftGroupId {
    id: "\375\210\024\357\262\375HY\244\207Ci\024Gb\025"
  }
}
leaderTerm: 11
previousLog {
  term: 10
  index: 18
}
leaderCommit: 17
commitInfos {
  server {
    id: "s1"
    address: "localhost:15256"
    dataStreamAddress: "localhost:15259"
    clientAddress: "localhost:15258"
    adminAddress: "localhost:15257"
    startupRole: FOLLOWER
  }
  commitIndex: 17
}
commitInfos {
  server {
    id: "s0"
    address: "localhost:15252"
    dataStreamAddress: "localhost:15255"
    clientAddress: "localhost:15254"
    adminAddress: "localhost:15253"
    startupRole: FOLLOWER
  }
  commitIndex: 17
}
commitInfos {
  server {
    id: "s2"
    address: "localhost:15260"
    dataStreamAddress: "localhost:15263"
    clientAddress: "localhost:15262"
    adminAddress: "localhost:15261"
    startupRole: FOLLOWER
  }
  commitIndex: 16
}
)
2024-10-20 10:48:21,702 [main] WARN  util.LeakDetector (LeakDetector.java:assertNoLeaks(171)) - 4/30) numLeaks == 5 > 0, will wait and retry ...
2024-10-20 10:48:22,702 [main] WARN  util.ReferenceCountedLeakDetector (ReferenceCountedLeakDetector.java:logLeakMessage(167)) - LEAK: (class org.apache.ratis.proto.RaftProtos$AppendEntriesRequestProto, count=2, value=serverRequest {
  requestorId: "s0"
  replyId: "s2"
  raftGroupId {
    id: "\375\210\024\357\262\375HY\244\207Ci\024Gb\025"
  }
}
leaderTerm: 10
previousLog {
  term: 9
  index: 16
}
leaderCommit: 16
commitInfos {
  server {
    id: "s0"
    address: "localhost:15252"
    dataStreamAddress: "localhost:15255"
    clientAddress: "localhost:15254"
    adminAddress: "localhost:15253"
    startupRole: FOLLOWER
  }
  commitIndex: 16
}
commitInfos {
  server {
    id: "s1"
    address: "localhost:15256"
    dataStreamAddress: "localhost:15259"
    clientAddress: "localhost:15258"
    adminAddress: "localhost:15257"
    startupRole: FOLLOWER
  }
  commitIndex: 16
}
commitInfos {
  server {
    id: "s2"
    address: "localhost:15260"
    dataStreamAddress: "localhost:15263"
    clientAddress: "localhost:15262"
    adminAddress: "localhost:15261"
    startupRole: FOLLOWER
  }
  commitIndex: 16
}
)
2024-10-20 10:48:22,702 [main] WARN  util.ReferenceCountedLeakDetector (ReferenceCountedLeakDetector.java:logLeakMessage(167)) - LEAK: (class org.apache.ratis.proto.RaftProtos$AppendEntriesRequestProto, count=3, value=serverRequest {
  requestorId: "s1"
  replyId: "s2"
  raftGroupId {
    id: "\375\210\024\357\262\375HY\244\207Ci\024Gb\025"
  }
  callId: 1
}
leaderTerm: 11
previousLog {
  term: 10
  index: 18
}
entries {
  term: 11
  index: 19
  configurationEntry {
    peers {
      id: "s0"
      address: "localhost:15252"
      dataStreamAddress: "localhost:15255"
      clientAddress: "localhost:15254"
      adminAddress: "localhost:15253"
      startupRole: FOLLOWER
    }
    peers {
      id: "s1"
      address: "localhost:15256"
      dataStreamAddress: "localhost:15259"
      clientAddress: "localhost:15258"
      adminAddress: "localhost:15257"
      startupRole: FOLLOWER
    }
    peers {
      id: "s2"
      address: "localhost:15260"
      dataStreamAddress: "localhost:15263"
      clientAddress: "localhost:15262"
      adminAddress: "localhost:15261"
      startupRole: FOLLOWER
    }
  }
}
leaderCommit: 17
commitInfos {
  server {
    id: "s1"
    address: "localhost:15256"
    dataStreamAddress: "localhost:15259"
    clientAddress: "localhost:15258"
    adminAddress: "localhost:15257"
    startupRole: FOLLOWER
  }
  commitIndex: 17
}
commitInfos {
  server {
    id: "s0"
    address: "localhost:15252"
    dataStreamAddress: "localhost:15255"
    clientAddress: "localhost:15254"
    adminAddress: "localhost:15253"
    startupRole: FOLLOWER
  }
  commitIndex: 17
}
commitInfos {
  server {
    id: "s2"
    address: "localhost:15260"
    dataStreamAddress: "localhost:15263"
    clientAddress: "localhost:15262"
    adminAddress: "localhost:15261"
    startupRole: FOLLOWER
  }
  commitIndex: 16
}
)
2024-10-20 10:48:22,702 [main] WARN  util.ReferenceCountedLeakDetector (ReferenceCountedLeakDetector.java:logLeakMessage(167)) - LEAK: (class org.apache.ratis.proto.RaftProtos$AppendEntriesRequestProto, count=3, value=serverRequest {
  requestorId: "s0"
  replyId: "s2"
  raftGroupId {
    id: "\375\210\024\357\262\375HY\244\207Ci\024Gb\025"
  }
  callId: 1
}
leaderTerm: 10
previousLog {
  term: 9
  index: 16
}
entries {
  term: 10
  index: 17
  configurationEntry {
    peers {
      id: "s0"
      address: "localhost:15252"
      dataStreamAddress: "localhost:15255"
      clientAddress: "localhost:15254"
      adminAddress: "localhost:15253"
      startupRole: FOLLOWER
    }
    peers {
      id: "s1"
      address: "localhost:15256"
      dataStreamAddress: "localhost:15259"
      clientAddress: "localhost:15258"
      adminAddress: "localhost:15257"
      startupRole: FOLLOWER
    }
    peers {
      id: "s2"
      address: "localhost:15260"
      dataStreamAddress: "localhost:15263"
      clientAddress: "localhost:15262"
      adminAddress: "localhost:15261"
      startupRole: FOLLOWER
    }
  }
}
leaderCommit: 16
commitInfos {
  server {
    id: "s0"
    address: "localhost:15252"
    dataStreamAddress: "localhost:15255"
    clientAddress: "localhost:15254"
    adminAddress: "localhost:15253"
    startupRole: FOLLOWER
  }
  commitIndex: 16
}
commitInfos {
  server {
    id: "s1"
    address: "localhost:15256"
    dataStreamAddress: "localhost:15259"
    clientAddress: "localhost:15258"
    adminAddress: "localhost:15257"
    startupRole: FOLLOWER
  }
  commitIndex: 16
}
commitInfos {
  server {
    id: "s2"
    address: "localhost:15260"
    dataStreamAddress: "localhost:15263"
    clientAddress: "localhost:15262"
    adminAddress: "localhost:15261"
    startupRole: FOLLOWER
  }
  commitIndex: 16
}
)
2024-10-20 10:48:22,702 [main] WARN  util.ReferenceCountedLeakDetector (ReferenceCountedLeakDetector.java:logLeakMessage(167)) - LEAK: (class org.apache.ratis.proto.RaftProtos$AppendEntriesRequestProto, count=2, value=serverRequest {
  requestorId: "s1"
  replyId: "s2"
  raftGroupId {
    id: "\375\210\024\357\262\375HY\244\207Ci\024Gb\025"
  }
  callId: 8
}
leaderTerm: 9
previousLog {
  term: 9
  index: 16
}
leaderCommit: 16
commitInfos {
  server {
    id: "s1"
    address: "localhost:15256"
    dataStreamAddress: "localhost:15259"
    clientAddress: "localhost:15258"
    adminAddress: "localhost:15257"
    startupRole: FOLLOWER
  }
  commitIndex: 16
}
commitInfos {
  server {
    id: "s0"
    address: "localhost:15252"
    dataStreamAddress: "localhost:15255"
    clientAddress: "localhost:15254"
    adminAddress: "localhost:15253"
    startupRole: FOLLOWER
  }
  commitIndex: 16
}
commitInfos {
  server {
    id: "s2"
    address: "localhost:15260"
    dataStreamAddress: "localhost:15263"
    clientAddress: "localhost:15262"
    adminAddress: "localhost:15261"
    startupRole: FOLLOWER
  }
  commitIndex: 16
}
)
2024-10-20 10:48:22,703 [main] WARN  util.ReferenceCountedLeakDetector (ReferenceCountedLeakDetector.java:logLeakMessage(167)) - LEAK: (class org.apache.ratis.proto.RaftProtos$AppendEntriesRequestProto, count=2, value=serverRequest {
  requestorId: "s1"
  replyId: "s2"
  raftGroupId {
    id: "\375\210\024\357\262\375HY\244\207Ci\024Gb\025"
  }
}
leaderTerm: 11
previousLog {
  term: 10
  index: 18
}
leaderCommit: 17
commitInfos {
  server {
    id: "s1"
    address: "localhost:15256"
    dataStreamAddress: "localhost:15259"
    clientAddress: "localhost:15258"
    adminAddress: "localhost:15257"
    startupRole: FOLLOWER
  }
  commitIndex: 17
}
commitInfos {
  server {
    id: "s0"
    address: "localhost:15252"
    dataStreamAddress: "localhost:15255"
    clientAddress: "localhost:15254"
    adminAddress: "localhost:15253"
    startupRole: FOLLOWER
  }
  commitIndex: 17
}
commitInfos {
  server {
    id: "s2"
    address: "localhost:15260"
    dataStreamAddress: "localhost:15263"
    clientAddress: "localhost:15262"
    adminAddress: "localhost:15261"
    startupRole: FOLLOWER
  }
  commitIndex: 16
}
)
2024-10-20 10:48:22,703 [main] WARN  util.LeakDetector (LeakDetector.java:assertNoLeaks(171)) - 5/30) numLeaks == 5 > 0, will wait and retry ...
2024-10-20 10:48:23,703 [main] WARN  util.ReferenceCountedLeakDetector (ReferenceCountedLeakDetector.java:logLeakMessage(167)) - LEAK: (class org.apache.ratis.proto.RaftProtos$AppendEntriesRequestProto, count=2, value=serverRequest {
  requestorId: "s0"
  replyId: "s2"
  raftGroupId {
    id: "\375\210\024\357\262\375HY\244\207Ci\024Gb\025"
  }
}
leaderTerm: 10
previousLog {
  term: 9
  index: 16
}
leaderCommit: 16
commitInfos {
  server {
    id: "s0"
    address: "localhost:15252"
    dataStreamAddress: "localhost:15255"
    clientAddress: "localhost:15254"
    adminAddress: "localhost:15253"
    startupRole: FOLLOWER
  }
  commitIndex: 16
}
commitInfos {
  server {
    id: "s1"
    address: "localhost:15256"
    dataStreamAddress: "localhost:15259"
    clientAddress: "localhost:15258"
    adminAddress: "localhost:15257"
    startupRole: FOLLOWER
  }
  commitIndex: 16
}
commitInfos {
  server {
    id: "s2"
    address: "localhost:15260"
    dataStreamAddress: "localhost:15263"
    clientAddress: "localhost:15262"
    adminAddress: "localhost:15261"
    startupRole: FOLLOWER
  }
  commitIndex: 16
}
)
2024-10-20 10:48:23,703 [main] WARN  util.ReferenceCountedLeakDetector (ReferenceCountedLeakDetector.java:logLeakMessage(167)) - LEAK: (class org.apache.ratis.proto.RaftProtos$AppendEntriesRequestProto, count=3, value=serverRequest {
  requestorId: "s1"
  replyId: "s2"
  raftGroupId {
    id: "\375\210\024\357\262\375HY\244\207Ci\024Gb\025"
  }
  callId: 1
}
leaderTerm: 11
previousLog {
  term: 10
  index: 18
}
entries {
  term: 11
  index: 19
  configurationEntry {
    peers {
      id: "s0"
      address: "localhost:15252"
      dataStreamAddress: "localhost:15255"
      clientAddress: "localhost:15254"
      adminAddress: "localhost:15253"
      startupRole: FOLLOWER
    }
    peers {
      id: "s1"
      address: "localhost:15256"
      dataStreamAddress: "localhost:15259"
      clientAddress: "localhost:15258"
      adminAddress: "localhost:15257"
      startupRole: FOLLOWER
    }
    peers {
      id: "s2"
      address: "localhost:15260"
      dataStreamAddress: "localhost:15263"
      clientAddress: "localhost:15262"
      adminAddress: "localhost:15261"
      startupRole: FOLLOWER
    }
  }
}
leaderCommit: 17
commitInfos {
  server {
    id: "s1"
    address: "localhost:15256"
    dataStreamAddress: "localhost:15259"
    clientAddress: "localhost:15258"
    adminAddress: "localhost:15257"
    startupRole: FOLLOWER
  }
  commitIndex: 17
}
commitInfos {
  server {
    id: "s0"
    address: "localhost:15252"
    dataStreamAddress: "localhost:15255"
    clientAddress: "localhost:15254"
    adminAddress: "localhost:15253"
    startupRole: FOLLOWER
  }
  commitIndex: 17
}
commitInfos {
  server {
    id: "s2"
    address: "localhost:15260"
    dataStreamAddress: "localhost:15263"
    clientAddress: "localhost:15262"
    adminAddress: "localhost:15261"
    startupRole: FOLLOWER
  }
  commitIndex: 16
}
)
2024-10-20 10:48:23,703 [main] WARN  util.ReferenceCountedLeakDetector (ReferenceCountedLeakDetector.java:logLeakMessage(167)) - LEAK: (class org.apache.ratis.proto.RaftProtos$AppendEntriesRequestProto, count=3, value=serverRequest {
  requestorId: "s0"
  replyId: "s2"
  raftGroupId {
    id: "\375\210\024\357\262\375HY\244\207Ci\024Gb\025"
  }
  callId: 1
}
leaderTerm: 10
previousLog {
  term: 9
  index: 16
}
entries {
  term: 10
  index: 17
  configurationEntry {
    peers {
      id: "s0"
      address: "localhost:15252"
      dataStreamAddress: "localhost:15255"
      clientAddress: "localhost:15254"
      adminAddress: "localhost:15253"
      startupRole: FOLLOWER
    }
    peers {
      id: "s1"
      address: "localhost:15256"
      dataStreamAddress: "localhost:15259"
      clientAddress: "localhost:15258"
      adminAddress: "localhost:15257"
      startupRole: FOLLOWER
    }
    peers {
      id: "s2"
      address: "localhost:15260"
      dataStreamAddress: "localhost:15263"
      clientAddress: "localhost:15262"
      adminAddress: "localhost:15261"
      startupRole: FOLLOWER
    }
  }
}
leaderCommit: 16
commitInfos {
  server {
    id: "s0"
    address: "localhost:15252"
    dataStreamAddress: "localhost:15255"
    clientAddress: "localhost:15254"
    adminAddress: "localhost:15253"
    startupRole: FOLLOWER
  }
  commitIndex: 16
}
commitInfos {
  server {
    id: "s1"
    address: "localhost:15256"
    dataStreamAddress: "localhost:15259"
    clientAddress: "localhost:15258"
    adminAddress: "localhost:15257"
    startupRole: FOLLOWER
  }
  commitIndex: 16
}
commitInfos {
  server {
    id: "s2"
    address: "localhost:15260"
    dataStreamAddress: "localhost:15263"
    clientAddress: "localhost:15262"
    adminAddress: "localhost:15261"
    startupRole: FOLLOWER
  }
  commitIndex: 16
}
)
2024-10-20 10:48:23,704 [main] WARN  util.ReferenceCountedLeakDetector (ReferenceCountedLeakDetector.java:logLeakMessage(167)) - LEAK: (class org.apache.ratis.proto.RaftProtos$AppendEntriesRequestProto, count=2, value=serverRequest {
  requestorId: "s1"
  replyId: "s2"
  raftGroupId {
    id: "\375\210\024\357\262\375HY\244\207Ci\024Gb\025"
  }
  callId: 8
}
leaderTerm: 9
previousLog {
  term: 9
  index: 16
}
leaderCommit: 16
commitInfos {
  server {
    id: "s1"
    address: "localhost:15256"
    dataStreamAddress: "localhost:15259"
    clientAddress: "localhost:15258"
    adminAddress: "localhost:15257"
    startupRole: FOLLOWER
  }
  commitIndex: 16
}
commitInfos {
  server {
    id: "s0"
    address: "localhost:15252"
    dataStreamAddress: "localhost:15255"
    clientAddress: "localhost:15254"
    adminAddress: "localhost:15253"
    startupRole: FOLLOWER
  }
  commitIndex: 16
}
commitInfos {
  server {
    id: "s2"
    address: "localhost:15260"
    dataStreamAddress: "localhost:15263"
    clientAddress: "localhost:15262"
    adminAddress: "localhost:15261"
    startupRole: FOLLOWER
  }
  commitIndex: 16
}
)
2024-10-20 10:48:23,704 [main] WARN  util.ReferenceCountedLeakDetector (ReferenceCountedLeakDetector.java:logLeakMessage(167)) - LEAK: (class org.apache.ratis.proto.RaftProtos$AppendEntriesRequestProto, count=2, value=serverRequest {
  requestorId: "s1"
  replyId: "s2"
  raftGroupId {
    id: "\375\210\024\357\262\375HY\244\207Ci\024Gb\025"
  }
}
leaderTerm: 11
previousLog {
  term: 10
  index: 18
}
leaderCommit: 17
commitInfos {
  server {
    id: "s1"
    address: "localhost:15256"
    dataStreamAddress: "localhost:15259"
    clientAddress: "localhost:15258"
    adminAddress: "localhost:15257"
    startupRole: FOLLOWER
  }
  commitIndex: 17
}
commitInfos {
  server {
    id: "s0"
    address: "localhost:15252"
    dataStreamAddress: "localhost:15255"
    clientAddress: "localhost:15254"
    adminAddress: "localhost:15253"
    startupRole: FOLLOWER
  }
  commitIndex: 17
}
commitInfos {
  server {
    id: "s2"
    address: "localhost:15260"
    dataStreamAddress: "localhost:15263"
    clientAddress: "localhost:15262"
    adminAddress: "localhost:15261"
    startupRole: FOLLOWER
  }
  commitIndex: 16
}
)
2024-10-20 10:48:23,704 [main] WARN  util.LeakDetector (LeakDetector.java:assertNoLeaks(171)) - 6/30) numLeaks == 5 > 0, will wait and retry ...
2024-10-20 10:48:24,704 [main] WARN  util.ReferenceCountedLeakDetector (ReferenceCountedLeakDetector.java:logLeakMessage(167)) - LEAK: (class org.apache.ratis.proto.RaftProtos$AppendEntriesRequestProto, count=2, value=serverRequest {
  requestorId: "s0"
  replyId: "s2"
  raftGroupId {
    id: "\375\210\024\357\262\375HY\244\207Ci\024Gb\025"
  }
}
leaderTerm: 10
previousLog {
  term: 9
  index: 16
}
leaderCommit: 16
commitInfos {
  server {
    id: "s0"
    address: "localhost:15252"
    dataStreamAddress: "localhost:15255"
    clientAddress: "localhost:15254"
    adminAddress: "localhost:15253"
    startupRole: FOLLOWER
  }
  commitIndex: 16
}
commitInfos {
  server {
    id: "s1"
    address: "localhost:15256"
    dataStreamAddress: "localhost:15259"
    clientAddress: "localhost:15258"
    adminAddress: "localhost:15257"
    startupRole: FOLLOWER
  }
  commitIndex: 16
}
commitInfos {
  server {
    id: "s2"
    address: "localhost:15260"
    dataStreamAddress: "localhost:15263"
    clientAddress: "localhost:15262"
    adminAddress: "localhost:15261"
    startupRole: FOLLOWER
  }
  commitIndex: 16
}
)
2024-10-20 10:48:24,704 [main] WARN  util.ReferenceCountedLeakDetector (ReferenceCountedLeakDetector.java:logLeakMessage(167)) - LEAK: (class org.apache.ratis.proto.RaftProtos$AppendEntriesRequestProto, count=3, value=serverRequest {
  requestorId: "s1"
  replyId: "s2"
  raftGroupId {
    id: "\375\210\024\357\262\375HY\244\207Ci\024Gb\025"
  }
  callId: 1
}
leaderTerm: 11
previousLog {
  term: 10
  index: 18
}
entries {
  term: 11
  index: 19
  configurationEntry {
    peers {
      id: "s0"
      address: "localhost:15252"
      dataStreamAddress: "localhost:15255"
      clientAddress: "localhost:15254"
      adminAddress: "localhost:15253"
      startupRole: FOLLOWER
    }
    peers {
      id: "s1"
      address: "localhost:15256"
      dataStreamAddress: "localhost:15259"
      clientAddress: "localhost:15258"
      adminAddress: "localhost:15257"
      startupRole: FOLLOWER
    }
    peers {
      id: "s2"
      address: "localhost:15260"
      dataStreamAddress: "localhost:15263"
      clientAddress: "localhost:15262"
      adminAddress: "localhost:15261"
      startupRole: FOLLOWER
    }
  }
}
leaderCommit: 17
commitInfos {
  server {
    id: "s1"
    address: "localhost:15256"
    dataStreamAddress: "localhost:15259"
    clientAddress: "localhost:15258"
    adminAddress: "localhost:15257"
    startupRole: FOLLOWER
  }
  commitIndex: 17
}
commitInfos {
  server {
    id: "s0"
    address: "localhost:15252"
    dataStreamAddress: "localhost:15255"
    clientAddress: "localhost:15254"
    adminAddress: "localhost:15253"
    startupRole: FOLLOWER
  }
  commitIndex: 17
}
commitInfos {
  server {
    id: "s2"
    address: "localhost:15260"
    dataStreamAddress: "localhost:15263"
    clientAddress: "localhost:15262"
    adminAddress: "localhost:15261"
    startupRole: FOLLOWER
  }
  commitIndex: 16
}
)
2024-10-20 10:48:24,705 [main] WARN  util.ReferenceCountedLeakDetector (ReferenceCountedLeakDetector.java:logLeakMessage(167)) - LEAK: (class org.apache.ratis.proto.RaftProtos$AppendEntriesRequestProto, count=3, value=serverRequest {
  requestorId: "s0"
  replyId: "s2"
  raftGroupId {
    id: "\375\210\024\357\262\375HY\244\207Ci\024Gb\025"
  }
  callId: 1
}
leaderTerm: 10
previousLog {
  term: 9
  index: 16
}
entries {
  term: 10
  index: 17
  configurationEntry {
    peers {
      id: "s0"
      address: "localhost:15252"
      dataStreamAddress: "localhost:15255"
      clientAddress: "localhost:15254"
      adminAddress: "localhost:15253"
      startupRole: FOLLOWER
    }
    peers {
      id: "s1"
      address: "localhost:15256"
      dataStreamAddress: "localhost:15259"
      clientAddress: "localhost:15258"
      adminAddress: "localhost:15257"
      startupRole: FOLLOWER
    }
    peers {
      id: "s2"
      address: "localhost:15260"
      dataStreamAddress: "localhost:15263"
      clientAddress: "localhost:15262"
      adminAddress: "localhost:15261"
      startupRole: FOLLOWER
    }
  }
}
leaderCommit: 16
commitInfos {
  server {
    id: "s0"
    address: "localhost:15252"
    dataStreamAddress: "localhost:15255"
    clientAddress: "localhost:15254"
    adminAddress: "localhost:15253"
    startupRole: FOLLOWER
  }
  commitIndex: 16
}
commitInfos {
  server {
    id: "s1"
    address: "localhost:15256"
    dataStreamAddress: "localhost:15259"
    clientAddress: "localhost:15258"
    adminAddress: "localhost:15257"
    startupRole: FOLLOWER
  }
  commitIndex: 16
}
commitInfos {
  server {
    id: "s2"
    address: "localhost:15260"
    dataStreamAddress: "localhost:15263"
    clientAddress: "localhost:15262"
    adminAddress: "localhost:15261"
    startupRole: FOLLOWER
  }
  commitIndex: 16
}
)
2024-10-20 10:48:24,705 [main] WARN  util.ReferenceCountedLeakDetector (ReferenceCountedLeakDetector.java:logLeakMessage(167)) - LEAK: (class org.apache.ratis.proto.RaftProtos$AppendEntriesRequestProto, count=2, value=serverRequest {
  requestorId: "s1"
  replyId: "s2"
  raftGroupId {
    id: "\375\210\024\357\262\375HY\244\207Ci\024Gb\025"
  }
  callId: 8
}
leaderTerm: 9
previousLog {
  term: 9
  index: 16
}
leaderCommit: 16
commitInfos {
  server {
    id: "s1"
    address: "localhost:15256"
    dataStreamAddress: "localhost:15259"
    clientAddress: "localhost:15258"
    adminAddress: "localhost:15257"
    startupRole: FOLLOWER
  }
  commitIndex: 16
}
commitInfos {
  server {
    id: "s0"
    address: "localhost:15252"
    dataStreamAddress: "localhost:15255"
    clientAddress: "localhost:15254"
    adminAddress: "localhost:15253"
    startupRole: FOLLOWER
  }
  commitIndex: 16
}
commitInfos {
  server {
    id: "s2"
    address: "localhost:15260"
    dataStreamAddress: "localhost:15263"
    clientAddress: "localhost:15262"
    adminAddress: "localhost:15261"
    startupRole: FOLLOWER
  }
  commitIndex: 16
}
)
2024-10-20 10:48:24,705 [main] WARN  util.ReferenceCountedLeakDetector (ReferenceCountedLeakDetector.java:logLeakMessage(167)) - LEAK: (class org.apache.ratis.proto.RaftProtos$AppendEntriesRequestProto, count=2, value=serverRequest {
  requestorId: "s1"
  replyId: "s2"
  raftGroupId {
    id: "\375\210\024\357\262\375HY\244\207Ci\024Gb\025"
  }
}
leaderTerm: 11
previousLog {
  term: 10
  index: 18
}
leaderCommit: 17
commitInfos {
  server {
    id: "s1"
    address: "localhost:15256"
    dataStreamAddress: "localhost:15259"
    clientAddress: "localhost:15258"
    adminAddress: "localhost:15257"
    startupRole: FOLLOWER
  }
  commitIndex: 17
}
commitInfos {
  server {
    id: "s0"
    address: "localhost:15252"
    dataStreamAddress: "localhost:15255"
    clientAddress: "localhost:15254"
    adminAddress: "localhost:15253"
    startupRole: FOLLOWER
  }
  commitIndex: 17
}
commitInfos {
  server {
    id: "s2"
    address: "localhost:15260"
    dataStreamAddress: "localhost:15263"
    clientAddress: "localhost:15262"
    adminAddress: "localhost:15261"
    startupRole: FOLLOWER
  }
  commitIndex: 16
}
)
2024-10-20 10:48:24,705 [main] WARN  util.LeakDetector (LeakDetector.java:assertNoLeaks(171)) - 7/30) numLeaks == 5 > 0, will wait and retry ...
2024-10-20 10:48:25,705 [main] WARN  util.ReferenceCountedLeakDetector (ReferenceCountedLeakDetector.java:logLeakMessage(167)) - LEAK: (class org.apache.ratis.proto.RaftProtos$AppendEntriesRequestProto, count=2, value=serverRequest {
  requestorId: "s0"
  replyId: "s2"
  raftGroupId {
    id: "\375\210\024\357\262\375HY\244\207Ci\024Gb\025"
  }
}
leaderTerm: 10
previousLog {
  term: 9
  index: 16
}
leaderCommit: 16
commitInfos {
  server {
    id: "s0"
    address: "localhost:15252"
    dataStreamAddress: "localhost:15255"
    clientAddress: "localhost:15254"
    adminAddress: "localhost:15253"
    startupRole: FOLLOWER
  }
  commitIndex: 16
}
commitInfos {
  server {
    id: "s1"
    address: "localhost:15256"
    dataStreamAddress: "localhost:15259"
    clientAddress: "localhost:15258"
    adminAddress: "localhost:15257"
    startupRole: FOLLOWER
  }
  commitIndex: 16
}
commitInfos {
  server {
    id: "s2"
    address: "localhost:15260"
    dataStreamAddress: "localhost:15263"
    clientAddress: "localhost:15262"
    adminAddress: "localhost:15261"
    startupRole: FOLLOWER
  }
  commitIndex: 16
}
)
2024-10-20 10:48:25,705 [main] WARN  util.ReferenceCountedLeakDetector (ReferenceCountedLeakDetector.java:logLeakMessage(167)) - LEAK: (class org.apache.ratis.proto.RaftProtos$AppendEntriesRequestProto, count=3, value=serverRequest {
  requestorId: "s1"
  replyId: "s2"
  raftGroupId {
    id: "\375\210\024\357\262\375HY\244\207Ci\024Gb\025"
  }
  callId: 1
}
leaderTerm: 11
previousLog {
  term: 10
  index: 18
}
entries {
  term: 11
  index: 19
  configurationEntry {
    peers {
      id: "s0"
      address: "localhost:15252"
      dataStreamAddress: "localhost:15255"
      clientAddress: "localhost:15254"
      adminAddress: "localhost:15253"
      startupRole: FOLLOWER
    }
    peers {
      id: "s1"
      address: "localhost:15256"
      dataStreamAddress: "localhost:15259"
      clientAddress: "localhost:15258"
      adminAddress: "localhost:15257"
      startupRole: FOLLOWER
    }
    peers {
      id: "s2"
      address: "localhost:15260"
      dataStreamAddress: "localhost:15263"
      clientAddress: "localhost:15262"
      adminAddress: "localhost:15261"
      startupRole: FOLLOWER
    }
  }
}
leaderCommit: 17
commitInfos {
  server {
    id: "s1"
    address: "localhost:15256"
    dataStreamAddress: "localhost:15259"
    clientAddress: "localhost:15258"
    adminAddress: "localhost:15257"
    startupRole: FOLLOWER
  }
  commitIndex: 17
}
commitInfos {
  server {
    id: "s0"
    address: "localhost:15252"
    dataStreamAddress: "localhost:15255"
    clientAddress: "localhost:15254"
    adminAddress: "localhost:15253"
    startupRole: FOLLOWER
  }
  commitIndex: 17
}
commitInfos {
  server {
    id: "s2"
    address: "localhost:15260"
    dataStreamAddress: "localhost:15263"
    clientAddress: "localhost:15262"
    adminAddress: "localhost:15261"
    startupRole: FOLLOWER
  }
  commitIndex: 16
}
)
2024-10-20 10:48:25,706 [main] WARN  util.ReferenceCountedLeakDetector (ReferenceCountedLeakDetector.java:logLeakMessage(167)) - LEAK: (class org.apache.ratis.proto.RaftProtos$AppendEntriesRequestProto, count=3, value=serverRequest {
  requestorId: "s0"
  replyId: "s2"
  raftGroupId {
    id: "\375\210\024\357\262\375HY\244\207Ci\024Gb\025"
  }
  callId: 1
}
leaderTerm: 10
previousLog {
  term: 9
  index: 16
}
entries {
  term: 10
  index: 17
  configurationEntry {
    peers {
      id: "s0"
      address: "localhost:15252"
      dataStreamAddress: "localhost:15255"
      clientAddress: "localhost:15254"
      adminAddress: "localhost:15253"
      startupRole: FOLLOWER
    }
    peers {
      id: "s1"
      address: "localhost:15256"
      dataStreamAddress: "localhost:15259"
      clientAddress: "localhost:15258"
      adminAddress: "localhost:15257"
      startupRole: FOLLOWER
    }
    peers {
      id: "s2"
      address: "localhost:15260"
      dataStreamAddress: "localhost:15263"
      clientAddress: "localhost:15262"
      adminAddress: "localhost:15261"
      startupRole: FOLLOWER
    }
  }
}
leaderCommit: 16
commitInfos {
  server {
    id: "s0"
    address: "localhost:15252"
    dataStreamAddress: "localhost:15255"
    clientAddress: "localhost:15254"
    adminAddress: "localhost:15253"
    startupRole: FOLLOWER
  }
  commitIndex: 16
}
commitInfos {
  server {
    id: "s1"
    address: "localhost:15256"
    dataStreamAddress: "localhost:15259"
    clientAddress: "localhost:15258"
    adminAddress: "localhost:15257"
    startupRole: FOLLOWER
  }
  commitIndex: 16
}
commitInfos {
  server {
    id: "s2"
    address: "localhost:15260"
    dataStreamAddress: "localhost:15263"
    clientAddress: "localhost:15262"
    adminAddress: "localhost:15261"
    startupRole: FOLLOWER
  }
  commitIndex: 16
}
)
2024-10-20 10:48:25,706 [main] WARN  util.ReferenceCountedLeakDetector (ReferenceCountedLeakDetector.java:logLeakMessage(167)) - LEAK: (class org.apache.ratis.proto.RaftProtos$AppendEntriesRequestProto, count=2, value=serverRequest {
  requestorId: "s1"
  replyId: "s2"
  raftGroupId {
    id: "\375\210\024\357\262\375HY\244\207Ci\024Gb\025"
  }
  callId: 8
}
leaderTerm: 9
previousLog {
  term: 9
  index: 16
}
leaderCommit: 16
commitInfos {
  server {
    id: "s1"
    address: "localhost:15256"
    dataStreamAddress: "localhost:15259"
    clientAddress: "localhost:15258"
    adminAddress: "localhost:15257"
    startupRole: FOLLOWER
  }
  commitIndex: 16
}
commitInfos {
  server {
    id: "s0"
    address: "localhost:15252"
    dataStreamAddress: "localhost:15255"
    clientAddress: "localhost:15254"
    adminAddress: "localhost:15253"
    startupRole: FOLLOWER
  }
  commitIndex: 16
}
commitInfos {
  server {
    id: "s2"
    address: "localhost:15260"
    dataStreamAddress: "localhost:15263"
    clientAddress: "localhost:15262"
    adminAddress: "localhost:15261"
    startupRole: FOLLOWER
  }
  commitIndex: 16
}
)
2024-10-20 10:48:25,706 [main] WARN  util.ReferenceCountedLeakDetector (ReferenceCountedLeakDetector.java:logLeakMessage(167)) - LEAK: (class org.apache.ratis.proto.RaftProtos$AppendEntriesRequestProto, count=2, value=serverRequest {
  requestorId: "s1"
  replyId: "s2"
  raftGroupId {
    id: "\375\210\024\357\262\375HY\244\207Ci\024Gb\025"
  }
}
leaderTerm: 11
previousLog {
  term: 10
  index: 18
}
leaderCommit: 17
commitInfos {
  server {
    id: "s1"
    address: "localhost:15256"
    dataStreamAddress: "localhost:15259"
    clientAddress: "localhost:15258"
    adminAddress: "localhost:15257"
    startupRole: FOLLOWER
  }
  commitIndex: 17
}
commitInfos {
  server {
    id: "s0"
    address: "localhost:15252"
    dataStreamAddress: "localhost:15255"
    clientAddress: "localhost:15254"
    adminAddress: "localhost:15253"
    startupRole: FOLLOWER
  }
  commitIndex: 17
}
commitInfos {
  server {
    id: "s2"
    address: "localhost:15260"
    dataStreamAddress: "localhost:15263"
    clientAddress: "localhost:15262"
    adminAddress: "localhost:15261"
    startupRole: FOLLOWER
  }
  commitIndex: 16
}
)
2024-10-20 10:48:25,706 [main] WARN  util.LeakDetector (LeakDetector.java:assertNoLeaks(171)) - 8/30) numLeaks == 5 > 0, will wait and retry ...
2024-10-20 10:48:26,706 [main] WARN  util.ReferenceCountedLeakDetector (ReferenceCountedLeakDetector.java:logLeakMessage(167)) - LEAK: (class org.apache.ratis.proto.RaftProtos$AppendEntriesRequestProto, count=2, value=serverRequest {
  requestorId: "s0"
  replyId: "s2"
  raftGroupId {
    id: "\375\210\024\357\262\375HY\244\207Ci\024Gb\025"
  }
}
leaderTerm: 10
previousLog {
  term: 9
  index: 16
}
leaderCommit: 16
commitInfos {
  server {
    id: "s0"
    address: "localhost:15252"
    dataStreamAddress: "localhost:15255"
    clientAddress: "localhost:15254"
    adminAddress: "localhost:15253"
    startupRole: FOLLOWER
  }
  commitIndex: 16
}
commitInfos {
  server {
    id: "s1"
    address: "localhost:15256"
    dataStreamAddress: "localhost:15259"
    clientAddress: "localhost:15258"
    adminAddress: "localhost:15257"
    startupRole: FOLLOWER
  }
  commitIndex: 16
}
commitInfos {
  server {
    id: "s2"
    address: "localhost:15260"
    dataStreamAddress: "localhost:15263"
    clientAddress: "localhost:15262"
    adminAddress: "localhost:15261"
    startupRole: FOLLOWER
  }
  commitIndex: 16
}
)
2024-10-20 10:48:26,707 [main] WARN  util.ReferenceCountedLeakDetector (ReferenceCountedLeakDetector.java:logLeakMessage(167)) - LEAK: (class org.apache.ratis.proto.RaftProtos$AppendEntriesRequestProto, count=3, value=serverRequest {
  requestorId: "s1"
  replyId: "s2"
  raftGroupId {
    id: "\375\210\024\357\262\375HY\244\207Ci\024Gb\025"
  }
  callId: 1
}
leaderTerm: 11
previousLog {
  term: 10
  index: 18
}
entries {
  term: 11
  index: 19
  configurationEntry {
    peers {
      id: "s0"
      address: "localhost:15252"
      dataStreamAddress: "localhost:15255"
      clientAddress: "localhost:15254"
      adminAddress: "localhost:15253"
      startupRole: FOLLOWER
    }
    peers {
      id: "s1"
      address: "localhost:15256"
      dataStreamAddress: "localhost:15259"
      clientAddress: "localhost:15258"
      adminAddress: "localhost:15257"
      startupRole: FOLLOWER
    }
    peers {
      id: "s2"
      address: "localhost:15260"
      dataStreamAddress: "localhost:15263"
      clientAddress: "localhost:15262"
      adminAddress: "localhost:15261"
      startupRole: FOLLOWER
    }
  }
}
leaderCommit: 17
commitInfos {
  server {
    id: "s1"
    address: "localhost:15256"
    dataStreamAddress: "localhost:15259"
    clientAddress: "localhost:15258"
    adminAddress: "localhost:15257"
    startupRole: FOLLOWER
  }
  commitIndex: 17
}
commitInfos {
  server {
    id: "s0"
    address: "localhost:15252"
    dataStreamAddress: "localhost:15255"
    clientAddress: "localhost:15254"
    adminAddress: "localhost:15253"
    startupRole: FOLLOWER
  }
  commitIndex: 17
}
commitInfos {
  server {
    id: "s2"
    address: "localhost:15260"
    dataStreamAddress: "localhost:15263"
    clientAddress: "localhost:15262"
    adminAddress: "localhost:15261"
    startupRole: FOLLOWER
  }
  commitIndex: 16
}
)
2024-10-20 10:48:26,707 [main] WARN  util.ReferenceCountedLeakDetector (ReferenceCountedLeakDetector.java:logLeakMessage(167)) - LEAK: (class org.apache.ratis.proto.RaftProtos$AppendEntriesRequestProto, count=3, value=serverRequest {
  requestorId: "s0"
  replyId: "s2"
  raftGroupId {
    id: "\375\210\024\357\262\375HY\244\207Ci\024Gb\025"
  }
  callId: 1
}
leaderTerm: 10
previousLog {
  term: 9
  index: 16
}
entries {
  term: 10
  index: 17
  configurationEntry {
    peers {
      id: "s0"
      address: "localhost:15252"
      dataStreamAddress: "localhost:15255"
      clientAddress: "localhost:15254"
      adminAddress: "localhost:15253"
      startupRole: FOLLOWER
    }
    peers {
      id: "s1"
      address: "localhost:15256"
      dataStreamAddress: "localhost:15259"
      clientAddress: "localhost:15258"
      adminAddress: "localhost:15257"
      startupRole: FOLLOWER
    }
    peers {
      id: "s2"
      address: "localhost:15260"
      dataStreamAddress: "localhost:15263"
      clientAddress: "localhost:15262"
      adminAddress: "localhost:15261"
      startupRole: FOLLOWER
    }
  }
}
leaderCommit: 16
commitInfos {
  server {
    id: "s0"
    address: "localhost:15252"
    dataStreamAddress: "localhost:15255"
    clientAddress: "localhost:15254"
    adminAddress: "localhost:15253"
    startupRole: FOLLOWER
  }
  commitIndex: 16
}
commitInfos {
  server {
    id: "s1"
    address: "localhost:15256"
    dataStreamAddress: "localhost:15259"
    clientAddress: "localhost:15258"
    adminAddress: "localhost:15257"
    startupRole: FOLLOWER
  }
  commitIndex: 16
}
commitInfos {
  server {
    id: "s2"
    address: "localhost:15260"
    dataStreamAddress: "localhost:15263"
    clientAddress: "localhost:15262"
    adminAddress: "localhost:15261"
    startupRole: FOLLOWER
  }
  commitIndex: 16
}
)
2024-10-20 10:48:26,707 [main] WARN  util.ReferenceCountedLeakDetector (ReferenceCountedLeakDetector.java:logLeakMessage(167)) - LEAK: (class org.apache.ratis.proto.RaftProtos$AppendEntriesRequestProto, count=2, value=serverRequest {
  requestorId: "s1"
  replyId: "s2"
  raftGroupId {
    id: "\375\210\024\357\262\375HY\244\207Ci\024Gb\025"
  }
  callId: 8
}
leaderTerm: 9
previousLog {
  term: 9
  index: 16
}
leaderCommit: 16
commitInfos {
  server {
    id: "s1"
    address: "localhost:15256"
    dataStreamAddress: "localhost:15259"
    clientAddress: "localhost:15258"
    adminAddress: "localhost:15257"
    startupRole: FOLLOWER
  }
  commitIndex: 16
}
commitInfos {
  server {
    id: "s0"
    address: "localhost:15252"
    dataStreamAddress: "localhost:15255"
    clientAddress: "localhost:15254"
    adminAddress: "localhost:15253"
    startupRole: FOLLOWER
  }
  commitIndex: 16
}
commitInfos {
  server {
    id: "s2"
    address: "localhost:15260"
    dataStreamAddress: "localhost:15263"
    clientAddress: "localhost:15262"
    adminAddress: "localhost:15261"
    startupRole: FOLLOWER
  }
  commitIndex: 16
}
)
2024-10-20 10:48:26,707 [main] WARN  util.ReferenceCountedLeakDetector (ReferenceCountedLeakDetector.java:logLeakMessage(167)) - LEAK: (class org.apache.ratis.proto.RaftProtos$AppendEntriesRequestProto, count=2, value=serverRequest {
  requestorId: "s1"
  replyId: "s2"
  raftGroupId {
    id: "\375\210\024\357\262\375HY\244\207Ci\024Gb\025"
  }
}
leaderTerm: 11
previousLog {
  term: 10
  index: 18
}
leaderCommit: 17
commitInfos {
  server {
    id: "s1"
    address: "localhost:15256"
    dataStreamAddress: "localhost:15259"
    clientAddress: "localhost:15258"
    adminAddress: "localhost:15257"
    startupRole: FOLLOWER
  }
  commitIndex: 17
}
commitInfos {
  server {
    id: "s0"
    address: "localhost:15252"
    dataStreamAddress: "localhost:15255"
    clientAddress: "localhost:15254"
    adminAddress: "localhost:15253"
    startupRole: FOLLOWER
  }
  commitIndex: 17
}
commitInfos {
  server {
    id: "s2"
    address: "localhost:15260"
    dataStreamAddress: "localhost:15263"
    clientAddress: "localhost:15262"
    adminAddress: "localhost:15261"
    startupRole: FOLLOWER
  }
  commitIndex: 16
}
)
2024-10-20 10:48:26,707 [main] WARN  util.LeakDetector (LeakDetector.java:assertNoLeaks(171)) - 9/30) numLeaks == 5 > 0, will wait and retry ...
2024-10-20 10:48:27,707 [main] WARN  util.ReferenceCountedLeakDetector (ReferenceCountedLeakDetector.java:logLeakMessage(167)) - LEAK: (class org.apache.ratis.proto.RaftProtos$AppendEntriesRequestProto, count=2, value=serverRequest {
  requestorId: "s0"
  replyId: "s2"
  raftGroupId {
    id: "\375\210\024\357\262\375HY\244\207Ci\024Gb\025"
  }
}
leaderTerm: 10
previousLog {
  term: 9
  index: 16
}
leaderCommit: 16
commitInfos {
  server {
    id: "s0"
    address: "localhost:15252"
    dataStreamAddress: "localhost:15255"
    clientAddress: "localhost:15254"
    adminAddress: "localhost:15253"
    startupRole: FOLLOWER
  }
  commitIndex: 16
}
commitInfos {
  server {
    id: "s1"
    address: "localhost:15256"
    dataStreamAddress: "localhost:15259"
    clientAddress: "localhost:15258"
    adminAddress: "localhost:15257"
    startupRole: FOLLOWER
  }
  commitIndex: 16
}
commitInfos {
  server {
    id: "s2"
    address: "localhost:15260"
    dataStreamAddress: "localhost:15263"
    clientAddress: "localhost:15262"
    adminAddress: "localhost:15261"
    startupRole: FOLLOWER
  }
  commitIndex: 16
}
)
2024-10-20 10:48:27,708 [main] WARN  util.ReferenceCountedLeakDetector (ReferenceCountedLeakDetector.java:logLeakMessage(167)) - LEAK: (class org.apache.ratis.proto.RaftProtos$AppendEntriesRequestProto, count=3, value=serverRequest {
  requestorId: "s1"
  replyId: "s2"
  raftGroupId {
    id: "\375\210\024\357\262\375HY\244\207Ci\024Gb\025"
  }
  callId: 1
}
leaderTerm: 11
previousLog {
  term: 10
  index: 18
}
entries {
  term: 11
  index: 19
  configurationEntry {
    peers {
      id: "s0"
      address: "localhost:15252"
      dataStreamAddress: "localhost:15255"
      clientAddress: "localhost:15254"
      adminAddress: "localhost:15253"
      startupRole: FOLLOWER
    }
    peers {
      id: "s1"
      address: "localhost:15256"
      dataStreamAddress: "localhost:15259"
      clientAddress: "localhost:15258"
      adminAddress: "localhost:15257"
      startupRole: FOLLOWER
    }
    peers {
      id: "s2"
      address: "localhost:15260"
      dataStreamAddress: "localhost:15263"
      clientAddress: "localhost:15262"
      adminAddress: "localhost:15261"
      startupRole: FOLLOWER
    }
  }
}
leaderCommit: 17
commitInfos {
  server {
    id: "s1"
    address: "localhost:15256"
    dataStreamAddress: "localhost:15259"
    clientAddress: "localhost:15258"
    adminAddress: "localhost:15257"
    startupRole: FOLLOWER
  }
  commitIndex: 17
}
commitInfos {
  server {
    id: "s0"
    address: "localhost:15252"
    dataStreamAddress: "localhost:15255"
    clientAddress: "localhost:15254"
    adminAddress: "localhost:15253"
    startupRole: FOLLOWER
  }
  commitIndex: 17
}
commitInfos {
  server {
    id: "s2"
    address: "localhost:15260"
    dataStreamAddress: "localhost:15263"
    clientAddress: "localhost:15262"
    adminAddress: "localhost:15261"
    startupRole: FOLLOWER
  }
  commitIndex: 16
}
)
2024-10-20 10:48:27,708 [main] WARN  util.ReferenceCountedLeakDetector (ReferenceCountedLeakDetector.java:logLeakMessage(167)) - LEAK: (class org.apache.ratis.proto.RaftProtos$AppendEntriesRequestProto, count=3, value=serverRequest {
  requestorId: "s0"
  replyId: "s2"
  raftGroupId {
    id: "\375\210\024\357\262\375HY\244\207Ci\024Gb\025"
  }
  callId: 1
}
leaderTerm: 10
previousLog {
  term: 9
  index: 16
}
entries {
  term: 10
  index: 17
  configurationEntry {
    peers {
      id: "s0"
      address: "localhost:15252"
      dataStreamAddress: "localhost:15255"
      clientAddress: "localhost:15254"
      adminAddress: "localhost:15253"
      startupRole: FOLLOWER
    }
    peers {
      id: "s1"
      address: "localhost:15256"
      dataStreamAddress: "localhost:15259"
      clientAddress: "localhost:15258"
      adminAddress: "localhost:15257"
      startupRole: FOLLOWER
    }
    peers {
      id: "s2"
      address: "localhost:15260"
      dataStreamAddress: "localhost:15263"
      clientAddress: "localhost:15262"
      adminAddress: "localhost:15261"
      startupRole: FOLLOWER
    }
  }
}
leaderCommit: 16
commitInfos {
  server {
    id: "s0"
    address: "localhost:15252"
    dataStreamAddress: "localhost:15255"
    clientAddress: "localhost:15254"
    adminAddress: "localhost:15253"
    startupRole: FOLLOWER
  }
  commitIndex: 16
}
commitInfos {
  server {
    id: "s1"
    address: "localhost:15256"
    dataStreamAddress: "localhost:15259"
    clientAddress: "localhost:15258"
    adminAddress: "localhost:15257"
    startupRole: FOLLOWER
  }
  commitIndex: 16
}
commitInfos {
  server {
    id: "s2"
    address: "localhost:15260"
    dataStreamAddress: "localhost:15263"
    clientAddress: "localhost:15262"
    adminAddress: "localhost:15261"
    startupRole: FOLLOWER
  }
  commitIndex: 16
}
)
2024-10-20 10:48:27,708 [main] WARN  util.ReferenceCountedLeakDetector (ReferenceCountedLeakDetector.java:logLeakMessage(167)) - LEAK: (class org.apache.ratis.proto.RaftProtos$AppendEntriesRequestProto, count=2, value=serverRequest {
  requestorId: "s1"
  replyId: "s2"
  raftGroupId {
    id: "\375\210\024\357\262\375HY\244\207Ci\024Gb\025"
  }
  callId: 8
}
leaderTerm: 9
previousLog {
  term: 9
  index: 16
}
leaderCommit: 16
commitInfos {
  server {
    id: "s1"
    address: "localhost:15256"
    dataStreamAddress: "localhost:15259"
    clientAddress: "localhost:15258"
    adminAddress: "localhost:15257"
    startupRole: FOLLOWER
  }
  commitIndex: 16
}
commitInfos {
  server {
    id: "s0"
    address: "localhost:15252"
    dataStreamAddress: "localhost:15255"
    clientAddress: "localhost:15254"
    adminAddress: "localhost:15253"
    startupRole: FOLLOWER
  }
  commitIndex: 16
}
commitInfos {
  server {
    id: "s2"
    address: "localhost:15260"
    dataStreamAddress: "localhost:15263"
    clientAddress: "localhost:15262"
    adminAddress: "localhost:15261"
    startupRole: FOLLOWER
  }
  commitIndex: 16
}
)
2024-10-20 10:48:27,708 [main] WARN  util.ReferenceCountedLeakDetector (ReferenceCountedLeakDetector.java:logLeakMessage(167)) - LEAK: (class org.apache.ratis.proto.RaftProtos$AppendEntriesRequestProto, count=2, value=serverRequest {
  requestorId: "s1"
  replyId: "s2"
  raftGroupId {
    id: "\375\210\024\357\262\375HY\244\207Ci\024Gb\025"
  }
}
leaderTerm: 11
previousLog {
  term: 10
  index: 18
}
leaderCommit: 17
commitInfos {
  server {
    id: "s1"
    address: "localhost:15256"
    dataStreamAddress: "localhost:15259"
    clientAddress: "localhost:15258"
    adminAddress: "localhost:15257"
    startupRole: FOLLOWER
  }
  commitIndex: 17
}
commitInfos {
  server {
    id: "s0"
    address: "localhost:15252"
    dataStreamAddress: "localhost:15255"
    clientAddress: "localhost:15254"
    adminAddress: "localhost:15253"
    startupRole: FOLLOWER
  }
  commitIndex: 17
}
commitInfos {
  server {
    id: "s2"
    address: "localhost:15260"
    dataStreamAddress: "localhost:15263"
    clientAddress: "localhost:15262"
    adminAddress: "localhost:15261"
    startupRole: FOLLOWER
  }
  commitIndex: 16
}
)
2024-10-20 10:48:27,708 [main] WARN  util.LeakDetector (LeakDetector.java:assertNoLeaks(171)) - 10/30) numLeaks == 5 > 0, will wait and retry ...
2024-10-20 10:48:28,708 [main] WARN  util.ReferenceCountedLeakDetector (ReferenceCountedLeakDetector.java:logLeakMessage(167)) - LEAK: (class org.apache.ratis.proto.RaftProtos$AppendEntriesRequestProto, count=2, value=serverRequest {
  requestorId: "s0"
  replyId: "s2"
  raftGroupId {
    id: "\375\210\024\357\262\375HY\244\207Ci\024Gb\025"
  }
}
leaderTerm: 10
previousLog {
  term: 9
  index: 16
}
leaderCommit: 16
commitInfos {
  server {
    id: "s0"
    address: "localhost:15252"
    dataStreamAddress: "localhost:15255"
    clientAddress: "localhost:15254"
    adminAddress: "localhost:15253"
    startupRole: FOLLOWER
  }
  commitIndex: 16
}
commitInfos {
  server {
    id: "s1"
    address: "localhost:15256"
    dataStreamAddress: "localhost:15259"
    clientAddress: "localhost:15258"
    adminAddress: "localhost:15257"
    startupRole: FOLLOWER
  }
  commitIndex: 16
}
commitInfos {
  server {
    id: "s2"
    address: "localhost:15260"
    dataStreamAddress: "localhost:15263"
    clientAddress: "localhost:15262"
    adminAddress: "localhost:15261"
    startupRole: FOLLOWER
  }
  commitIndex: 16
}
)
2024-10-20 10:48:28,709 [main] WARN  util.ReferenceCountedLeakDetector (ReferenceCountedLeakDetector.java:logLeakMessage(167)) - LEAK: (class org.apache.ratis.proto.RaftProtos$AppendEntriesRequestProto, count=3, value=serverRequest {
  requestorId: "s1"
  replyId: "s2"
  raftGroupId {
    id: "\375\210\024\357\262\375HY\244\207Ci\024Gb\025"
  }
  callId: 1
}
leaderTerm: 11
previousLog {
  term: 10
  index: 18
}
entries {
  term: 11
  index: 19
  configurationEntry {
    peers {
      id: "s0"
      address: "localhost:15252"
      dataStreamAddress: "localhost:15255"
      clientAddress: "localhost:15254"
      adminAddress: "localhost:15253"
      startupRole: FOLLOWER
    }
    peers {
      id: "s1"
      address: "localhost:15256"
      dataStreamAddress: "localhost:15259"
      clientAddress: "localhost:15258"
      adminAddress: "localhost:15257"
      startupRole: FOLLOWER
    }
    peers {
      id: "s2"
      address: "localhost:15260"
      dataStreamAddress: "localhost:15263"
      clientAddress: "localhost:15262"
      adminAddress: "localhost:15261"
      startupRole: FOLLOWER
    }
  }
}
leaderCommit: 17
commitInfos {
  server {
    id: "s1"
    address: "localhost:15256"
    dataStreamAddress: "localhost:15259"
    clientAddress: "localhost:15258"
    adminAddress: "localhost:15257"
    startupRole: FOLLOWER
  }
  commitIndex: 17
}
commitInfos {
  server {
    id: "s0"
    address: "localhost:15252"
    dataStreamAddress: "localhost:15255"
    clientAddress: "localhost:15254"
    adminAddress: "localhost:15253"
    startupRole: FOLLOWER
  }
  commitIndex: 17
}
commitInfos {
  server {
    id: "s2"
    address: "localhost:15260"
    dataStreamAddress: "localhost:15263"
    clientAddress: "localhost:15262"
    adminAddress: "localhost:15261"
    startupRole: FOLLOWER
  }
  commitIndex: 16
}
)
2024-10-20 10:48:28,709 [main] WARN  util.ReferenceCountedLeakDetector (ReferenceCountedLeakDetector.java:logLeakMessage(167)) - LEAK: (class org.apache.ratis.proto.RaftProtos$AppendEntriesRequestProto, count=3, value=serverRequest {
  requestorId: "s0"
  replyId: "s2"
  raftGroupId {
    id: "\375\210\024\357\262\375HY\244\207Ci\024Gb\025"
  }
  callId: 1
}
leaderTerm: 10
previousLog {
  term: 9
  index: 16
}
entries {
  term: 10
  index: 17
  configurationEntry {
    peers {
      id: "s0"
      address: "localhost:15252"
      dataStreamAddress: "localhost:15255"
      clientAddress: "localhost:15254"
      adminAddress: "localhost:15253"
      startupRole: FOLLOWER
    }
    peers {
      id: "s1"
      address: "localhost:15256"
      dataStreamAddress: "localhost:15259"
      clientAddress: "localhost:15258"
      adminAddress: "localhost:15257"
      startupRole: FOLLOWER
    }
    peers {
      id: "s2"
      address: "localhost:15260"
      dataStreamAddress: "localhost:15263"
      clientAddress: "localhost:15262"
      adminAddress: "localhost:15261"
      startupRole: FOLLOWER
    }
  }
}
leaderCommit: 16
commitInfos {
  server {
    id: "s0"
    address: "localhost:15252"
    dataStreamAddress: "localhost:15255"
    clientAddress: "localhost:15254"
    adminAddress: "localhost:15253"
    startupRole: FOLLOWER
  }
  commitIndex: 16
}
commitInfos {
  server {
    id: "s1"
    address: "localhost:15256"
    dataStreamAddress: "localhost:15259"
    clientAddress: "localhost:15258"
    adminAddress: "localhost:15257"
    startupRole: FOLLOWER
  }
  commitIndex: 16
}
commitInfos {
  server {
    id: "s2"
    address: "localhost:15260"
    dataStreamAddress: "localhost:15263"
    clientAddress: "localhost:15262"
    adminAddress: "localhost:15261"
    startupRole: FOLLOWER
  }
  commitIndex: 16
}
)
2024-10-20 10:48:28,709 [main] WARN  util.ReferenceCountedLeakDetector (ReferenceCountedLeakDetector.java:logLeakMessage(167)) - LEAK: (class org.apache.ratis.proto.RaftProtos$AppendEntriesRequestProto, count=2, value=serverRequest {
  requestorId: "s1"
  replyId: "s2"
  raftGroupId {
    id: "\375\210\024\357\262\375HY\244\207Ci\024Gb\025"
  }
  callId: 8
}
leaderTerm: 9
previousLog {
  term: 9
  index: 16
}
leaderCommit: 16
commitInfos {
  server {
    id: "s1"
    address: "localhost:15256"
    dataStreamAddress: "localhost:15259"
    clientAddress: "localhost:15258"
    adminAddress: "localhost:15257"
    startupRole: FOLLOWER
  }
  commitIndex: 16
}
commitInfos {
  server {
    id: "s0"
    address: "localhost:15252"
    dataStreamAddress: "localhost:15255"
    clientAddress: "localhost:15254"
    adminAddress: "localhost:15253"
    startupRole: FOLLOWER
  }
  commitIndex: 16
}
commitInfos {
  server {
    id: "s2"
    address: "localhost:15260"
    dataStreamAddress: "localhost:15263"
    clientAddress: "localhost:15262"
    adminAddress: "localhost:15261"
    startupRole: FOLLOWER
  }
  commitIndex: 16
}
)
2024-10-20 10:48:28,709 [main] WARN  util.ReferenceCountedLeakDetector (ReferenceCountedLeakDetector.java:logLeakMessage(167)) - LEAK: (class org.apache.ratis.proto.RaftProtos$AppendEntriesRequestProto, count=2, value=serverRequest {
  requestorId: "s1"
  replyId: "s2"
  raftGroupId {
    id: "\375\210\024\357\262\375HY\244\207Ci\024Gb\025"
  }
}
leaderTerm: 11
previousLog {
  term: 10
  index: 18
}
leaderCommit: 17
commitInfos {
  server {
    id: "s1"
    address: "localhost:15256"
    dataStreamAddress: "localhost:15259"
    clientAddress: "localhost:15258"
    adminAddress: "localhost:15257"
    startupRole: FOLLOWER
  }
  commitIndex: 17
}
commitInfos {
  server {
    id: "s0"
    address: "localhost:15252"
    dataStreamAddress: "localhost:15255"
    clientAddress: "localhost:15254"
    adminAddress: "localhost:15253"
    startupRole: FOLLOWER
  }
  commitIndex: 17
}
commitInfos {
  server {
    id: "s2"
    address: "localhost:15260"
    dataStreamAddress: "localhost:15263"
    clientAddress: "localhost:15262"
    adminAddress: "localhost:15261"
    startupRole: FOLLOWER
  }
  commitIndex: 16
}
)
2024-10-20 10:48:28,709 [main] WARN  util.LeakDetector (LeakDetector.java:assertNoLeaks(171)) - 11/30) numLeaks == 5 > 0, will wait and retry ...
2024-10-20 10:48:29,710 [main] WARN  util.ReferenceCountedLeakDetector (ReferenceCountedLeakDetector.java:logLeakMessage(167)) - LEAK: (class org.apache.ratis.proto.RaftProtos$AppendEntriesRequestProto, count=2, value=serverRequest {
  requestorId: "s0"
  replyId: "s2"
  raftGroupId {
    id: "\375\210\024\357\262\375HY\244\207Ci\024Gb\025"
  }
}
leaderTerm: 10
previousLog {
  term: 9
  index: 16
}
leaderCommit: 16
commitInfos {
  server {
    id: "s0"
    address: "localhost:15252"
    dataStreamAddress: "localhost:15255"
    clientAddress: "localhost:15254"
    adminAddress: "localhost:15253"
    startupRole: FOLLOWER
  }
  commitIndex: 16
}
commitInfos {
  server {
    id: "s1"
    address: "localhost:15256"
    dataStreamAddress: "localhost:15259"
    clientAddress: "localhost:15258"
    adminAddress: "localhost:15257"
    startupRole: FOLLOWER
  }
  commitIndex: 16
}
commitInfos {
  server {
    id: "s2"
    address: "localhost:15260"
    dataStreamAddress: "localhost:15263"
    clientAddress: "localhost:15262"
    adminAddress: "localhost:15261"
    startupRole: FOLLOWER
  }
  commitIndex: 16
}
)
2024-10-20 10:48:29,710 [main] WARN  util.ReferenceCountedLeakDetector (ReferenceCountedLeakDetector.java:logLeakMessage(167)) - LEAK: (class org.apache.ratis.proto.RaftProtos$AppendEntriesRequestProto, count=3, value=serverRequest {
  requestorId: "s1"
  replyId: "s2"
  raftGroupId {
    id: "\375\210\024\357\262\375HY\244\207Ci\024Gb\025"
  }
  callId: 1
}
leaderTerm: 11
previousLog {
  term: 10
  index: 18
}
entries {
  term: 11
  index: 19
  configurationEntry {
    peers {
      id: "s0"
      address: "localhost:15252"
      dataStreamAddress: "localhost:15255"
      clientAddress: "localhost:15254"
      adminAddress: "localhost:15253"
      startupRole: FOLLOWER
    }
    peers {
      id: "s1"
      address: "localhost:15256"
      dataStreamAddress: "localhost:15259"
      clientAddress: "localhost:15258"
      adminAddress: "localhost:15257"
      startupRole: FOLLOWER
    }
    peers {
      id: "s2"
      address: "localhost:15260"
      dataStreamAddress: "localhost:15263"
      clientAddress: "localhost:15262"
      adminAddress: "localhost:15261"
      startupRole: FOLLOWER
    }
  }
}
leaderCommit: 17
commitInfos {
  server {
    id: "s1"
    address: "localhost:15256"
    dataStreamAddress: "localhost:15259"
    clientAddress: "localhost:15258"
    adminAddress: "localhost:15257"
    startupRole: FOLLOWER
  }
  commitIndex: 17
}
commitInfos {
  server {
    id: "s0"
    address: "localhost:15252"
    dataStreamAddress: "localhost:15255"
    clientAddress: "localhost:15254"
    adminAddress: "localhost:15253"
    startupRole: FOLLOWER
  }
  commitIndex: 17
}
commitInfos {
  server {
    id: "s2"
    address: "localhost:15260"
    dataStreamAddress: "localhost:15263"
    clientAddress: "localhost:15262"
    adminAddress: "localhost:15261"
    startupRole: FOLLOWER
  }
  commitIndex: 16
}
)
2024-10-20 10:48:29,710 [main] WARN  util.ReferenceCountedLeakDetector (ReferenceCountedLeakDetector.java:logLeakMessage(167)) - LEAK: (class org.apache.ratis.proto.RaftProtos$AppendEntriesRequestProto, count=3, value=serverRequest {
  requestorId: "s0"
  replyId: "s2"
  raftGroupId {
    id: "\375\210\024\357\262\375HY\244\207Ci\024Gb\025"
  }
  callId: 1
}
leaderTerm: 10
previousLog {
  term: 9
  index: 16
}
entries {
  term: 10
  index: 17
  configurationEntry {
    peers {
      id: "s0"
      address: "localhost:15252"
      dataStreamAddress: "localhost:15255"
      clientAddress: "localhost:15254"
      adminAddress: "localhost:15253"
      startupRole: FOLLOWER
    }
    peers {
      id: "s1"
      address: "localhost:15256"
      dataStreamAddress: "localhost:15259"
      clientAddress: "localhost:15258"
      adminAddress: "localhost:15257"
      startupRole: FOLLOWER
    }
    peers {
      id: "s2"
      address: "localhost:15260"
      dataStreamAddress: "localhost:15263"
      clientAddress: "localhost:15262"
      adminAddress: "localhost:15261"
      startupRole: FOLLOWER
    }
  }
}
leaderCommit: 16
commitInfos {
  server {
    id: "s0"
    address: "localhost:15252"
    dataStreamAddress: "localhost:15255"
    clientAddress: "localhost:15254"
    adminAddress: "localhost:15253"
    startupRole: FOLLOWER
  }
  commitIndex: 16
}
commitInfos {
  server {
    id: "s1"
    address: "localhost:15256"
    dataStreamAddress: "localhost:15259"
    clientAddress: "localhost:15258"
    adminAddress: "localhost:15257"
    startupRole: FOLLOWER
  }
  commitIndex: 16
}
commitInfos {
  server {
    id: "s2"
    address: "localhost:15260"
    dataStreamAddress: "localhost:15263"
    clientAddress: "localhost:15262"
    adminAddress: "localhost:15261"
    startupRole: FOLLOWER
  }
  commitIndex: 16
}
)
2024-10-20 10:48:29,710 [main] WARN  util.ReferenceCountedLeakDetector (ReferenceCountedLeakDetector.java:logLeakMessage(167)) - LEAK: (class org.apache.ratis.proto.RaftProtos$AppendEntriesRequestProto, count=2, value=serverRequest {
  requestorId: "s1"
  replyId: "s2"
  raftGroupId {
    id: "\375\210\024\357\262\375HY\244\207Ci\024Gb\025"
  }
  callId: 8
}
leaderTerm: 9
previousLog {
  term: 9
  index: 16
}
leaderCommit: 16
commitInfos {
  server {
    id: "s1"
    address: "localhost:15256"
    dataStreamAddress: "localhost:15259"
    clientAddress: "localhost:15258"
    adminAddress: "localhost:15257"
    startupRole: FOLLOWER
  }
  commitIndex: 16
}
commitInfos {
  server {
    id: "s0"
    address: "localhost:15252"
    dataStreamAddress: "localhost:15255"
    clientAddress: "localhost:15254"
    adminAddress: "localhost:15253"
    startupRole: FOLLOWER
  }
  commitIndex: 16
}
commitInfos {
  server {
    id: "s2"
    address: "localhost:15260"
    dataStreamAddress: "localhost:15263"
    clientAddress: "localhost:15262"
    adminAddress: "localhost:15261"
    startupRole: FOLLOWER
  }
  commitIndex: 16
}
)
2024-10-20 10:48:29,710 [main] WARN  util.ReferenceCountedLeakDetector (ReferenceCountedLeakDetector.java:logLeakMessage(167)) - LEAK: (class org.apache.ratis.proto.RaftProtos$AppendEntriesRequestProto, count=2, value=serverRequest {
  requestorId: "s1"
  replyId: "s2"
  raftGroupId {
    id: "\375\210\024\357\262\375HY\244\207Ci\024Gb\025"
  }
}
leaderTerm: 11
previousLog {
  term: 10
  index: 18
}
leaderCommit: 17
commitInfos {
  server {
    id: "s1"
    address: "localhost:15256"
    dataStreamAddress: "localhost:15259"
    clientAddress: "localhost:15258"
    adminAddress: "localhost:15257"
    startupRole: FOLLOWER
  }
  commitIndex: 17
}
commitInfos {
  server {
    id: "s0"
    address: "localhost:15252"
    dataStreamAddress: "localhost:15255"
    clientAddress: "localhost:15254"
    adminAddress: "localhost:15253"
    startupRole: FOLLOWER
  }
  commitIndex: 17
}
commitInfos {
  server {
    id: "s2"
    address: "localhost:15260"
    dataStreamAddress: "localhost:15263"
    clientAddress: "localhost:15262"
    adminAddress: "localhost:15261"
    startupRole: FOLLOWER
  }
  commitIndex: 16
}
)
2024-10-20 10:48:29,710 [main] WARN  util.LeakDetector (LeakDetector.java:assertNoLeaks(171)) - 12/30) numLeaks == 5 > 0, will wait and retry ...
2024-10-20 10:48:30,711 [main] WARN  util.ReferenceCountedLeakDetector (ReferenceCountedLeakDetector.java:logLeakMessage(167)) - LEAK: (class org.apache.ratis.proto.RaftProtos$AppendEntriesRequestProto, count=2, value=serverRequest {
  requestorId: "s0"
  replyId: "s2"
  raftGroupId {
    id: "\375\210\024\357\262\375HY\244\207Ci\024Gb\025"
  }
}
leaderTerm: 10
previousLog {
  term: 9
  index: 16
}
leaderCommit: 16
commitInfos {
  server {
    id: "s0"
    address: "localhost:15252"
    dataStreamAddress: "localhost:15255"
    clientAddress: "localhost:15254"
    adminAddress: "localhost:15253"
    startupRole: FOLLOWER
  }
  commitIndex: 16
}
commitInfos {
  server {
    id: "s1"
    address: "localhost:15256"
    dataStreamAddress: "localhost:15259"
    clientAddress: "localhost:15258"
    adminAddress: "localhost:15257"
    startupRole: FOLLOWER
  }
  commitIndex: 16
}
commitInfos {
  server {
    id: "s2"
    address: "localhost:15260"
    dataStreamAddress: "localhost:15263"
    clientAddress: "localhost:15262"
    adminAddress: "localhost:15261"
    startupRole: FOLLOWER
  }
  commitIndex: 16
}
)
2024-10-20 10:48:30,711 [main] WARN  util.ReferenceCountedLeakDetector (ReferenceCountedLeakDetector.java:logLeakMessage(167)) - LEAK: (class org.apache.ratis.proto.RaftProtos$AppendEntriesRequestProto, count=3, value=serverRequest {
  requestorId: "s1"
  replyId: "s2"
  raftGroupId {
    id: "\375\210\024\357\262\375HY\244\207Ci\024Gb\025"
  }
  callId: 1
}
leaderTerm: 11
previousLog {
  term: 10
  index: 18
}
entries {
  term: 11
  index: 19
  configurationEntry {
    peers {
      id: "s0"
      address: "localhost:15252"
      dataStreamAddress: "localhost:15255"
      clientAddress: "localhost:15254"
      adminAddress: "localhost:15253"
      startupRole: FOLLOWER
    }
    peers {
      id: "s1"
      address: "localhost:15256"
      dataStreamAddress: "localhost:15259"
      clientAddress: "localhost:15258"
      adminAddress: "localhost:15257"
      startupRole: FOLLOWER
    }
    peers {
      id: "s2"
      address: "localhost:15260"
      dataStreamAddress: "localhost:15263"
      clientAddress: "localhost:15262"
      adminAddress: "localhost:15261"
      startupRole: FOLLOWER
    }
  }
}
leaderCommit: 17
commitInfos {
  server {
    id: "s1"
    address: "localhost:15256"
    dataStreamAddress: "localhost:15259"
    clientAddress: "localhost:15258"
    adminAddress: "localhost:15257"
    startupRole: FOLLOWER
  }
  commitIndex: 17
}
commitInfos {
  server {
    id: "s0"
    address: "localhost:15252"
    dataStreamAddress: "localhost:15255"
    clientAddress: "localhost:15254"
    adminAddress: "localhost:15253"
    startupRole: FOLLOWER
  }
  commitIndex: 17
}
commitInfos {
  server {
    id: "s2"
    address: "localhost:15260"
    dataStreamAddress: "localhost:15263"
    clientAddress: "localhost:15262"
    adminAddress: "localhost:15261"
    startupRole: FOLLOWER
  }
  commitIndex: 16
}
)
2024-10-20 10:48:30,711 [main] WARN  util.ReferenceCountedLeakDetector (ReferenceCountedLeakDetector.java:logLeakMessage(167)) - LEAK: (class org.apache.ratis.proto.RaftProtos$AppendEntriesRequestProto, count=3, value=serverRequest {
  requestorId: "s0"
  replyId: "s2"
  raftGroupId {
    id: "\375\210\024\357\262\375HY\244\207Ci\024Gb\025"
  }
  callId: 1
}
leaderTerm: 10
previousLog {
  term: 9
  index: 16
}
entries {
  term: 10
  index: 17
  configurationEntry {
    peers {
      id: "s0"
      address: "localhost:15252"
      dataStreamAddress: "localhost:15255"
      clientAddress: "localhost:15254"
      adminAddress: "localhost:15253"
      startupRole: FOLLOWER
    }
    peers {
      id: "s1"
      address: "localhost:15256"
      dataStreamAddress: "localhost:15259"
      clientAddress: "localhost:15258"
      adminAddress: "localhost:15257"
      startupRole: FOLLOWER
    }
    peers {
      id: "s2"
      address: "localhost:15260"
      dataStreamAddress: "localhost:15263"
      clientAddress: "localhost:15262"
      adminAddress: "localhost:15261"
      startupRole: FOLLOWER
    }
  }
}
leaderCommit: 16
commitInfos {
  server {
    id: "s0"
    address: "localhost:15252"
    dataStreamAddress: "localhost:15255"
    clientAddress: "localhost:15254"
    adminAddress: "localhost:15253"
    startupRole: FOLLOWER
  }
  commitIndex: 16
}
commitInfos {
  server {
    id: "s1"
    address: "localhost:15256"
    dataStreamAddress: "localhost:15259"
    clientAddress: "localhost:15258"
    adminAddress: "localhost:15257"
    startupRole: FOLLOWER
  }
  commitIndex: 16
}
commitInfos {
  server {
    id: "s2"
    address: "localhost:15260"
    dataStreamAddress: "localhost:15263"
    clientAddress: "localhost:15262"
    adminAddress: "localhost:15261"
    startupRole: FOLLOWER
  }
  commitIndex: 16
}
)
2024-10-20 10:48:30,711 [main] WARN  util.ReferenceCountedLeakDetector (ReferenceCountedLeakDetector.java:logLeakMessage(167)) - LEAK: (class org.apache.ratis.proto.RaftProtos$AppendEntriesRequestProto, count=2, value=serverRequest {
  requestorId: "s1"
  replyId: "s2"
  raftGroupId {
    id: "\375\210\024\357\262\375HY\244\207Ci\024Gb\025"
  }
  callId: 8
}
leaderTerm: 9
previousLog {
  term: 9
  index: 16
}
leaderCommit: 16
commitInfos {
  server {
    id: "s1"
    address: "localhost:15256"
    dataStreamAddress: "localhost:15259"
    clientAddress: "localhost:15258"
    adminAddress: "localhost:15257"
    startupRole: FOLLOWER
  }
  commitIndex: 16
}
commitInfos {
  server {
    id: "s0"
    address: "localhost:15252"
    dataStreamAddress: "localhost:15255"
    clientAddress: "localhost:15254"
    adminAddress: "localhost:15253"
    startupRole: FOLLOWER
  }
  commitIndex: 16
}
commitInfos {
  server {
    id: "s2"
    address: "localhost:15260"
    dataStreamAddress: "localhost:15263"
    clientAddress: "localhost:15262"
    adminAddress: "localhost:15261"
    startupRole: FOLLOWER
  }
  commitIndex: 16
}
)
2024-10-20 10:48:30,711 [main] WARN  util.ReferenceCountedLeakDetector (ReferenceCountedLeakDetector.java:logLeakMessage(167)) - LEAK: (class org.apache.ratis.proto.RaftProtos$AppendEntriesRequestProto, count=2, value=serverRequest {
  requestorId: "s1"
  replyId: "s2"
  raftGroupId {
    id: "\375\210\024\357\262\375HY\244\207Ci\024Gb\025"
  }
}
leaderTerm: 11
previousLog {
  term: 10
  index: 18
}
leaderCommit: 17
commitInfos {
  server {
    id: "s1"
    address: "localhost:15256"
    dataStreamAddress: "localhost:15259"
    clientAddress: "localhost:15258"
    adminAddress: "localhost:15257"
    startupRole: FOLLOWER
  }
  commitIndex: 17
}
commitInfos {
  server {
    id: "s0"
    address: "localhost:15252"
    dataStreamAddress: "localhost:15255"
    clientAddress: "localhost:15254"
    adminAddress: "localhost:15253"
    startupRole: FOLLOWER
  }
  commitIndex: 17
}
commitInfos {
  server {
    id: "s2"
    address: "localhost:15260"
    dataStreamAddress: "localhost:15263"
    clientAddress: "localhost:15262"
    adminAddress: "localhost:15261"
    startupRole: FOLLOWER
  }
  commitIndex: 16
}
)
2024-10-20 10:48:30,712 [main] WARN  util.LeakDetector (LeakDetector.java:assertNoLeaks(171)) - 13/30) numLeaks == 5 > 0, will wait and retry ...
2024-10-20 10:48:31,712 [main] WARN  util.ReferenceCountedLeakDetector (ReferenceCountedLeakDetector.java:logLeakMessage(167)) - LEAK: (class org.apache.ratis.proto.RaftProtos$AppendEntriesRequestProto, count=2, value=serverRequest {
  requestorId: "s0"
  replyId: "s2"
  raftGroupId {
    id: "\375\210\024\357\262\375HY\244\207Ci\024Gb\025"
  }
}
leaderTerm: 10
previousLog {
  term: 9
  index: 16
}
leaderCommit: 16
commitInfos {
  server {
    id: "s0"
    address: "localhost:15252"
    dataStreamAddress: "localhost:15255"
    clientAddress: "localhost:15254"
    adminAddress: "localhost:15253"
    startupRole: FOLLOWER
  }
  commitIndex: 16
}
commitInfos {
  server {
    id: "s1"
    address: "localhost:15256"
    dataStreamAddress: "localhost:15259"
    clientAddress: "localhost:15258"
    adminAddress: "localhost:15257"
    startupRole: FOLLOWER
  }
  commitIndex: 16
}
commitInfos {
  server {
    id: "s2"
    address: "localhost:15260"
    dataStreamAddress: "localhost:15263"
    clientAddress: "localhost:15262"
    adminAddress: "localhost:15261"
    startupRole: FOLLOWER
  }
  commitIndex: 16
}
)
2024-10-20 10:48:31,712 [main] WARN  util.ReferenceCountedLeakDetector (ReferenceCountedLeakDetector.java:logLeakMessage(167)) - LEAK: (class org.apache.ratis.proto.RaftProtos$AppendEntriesRequestProto, count=3, value=serverRequest {
  requestorId: "s1"
  replyId: "s2"
  raftGroupId {
    id: "\375\210\024\357\262\375HY\244\207Ci\024Gb\025"
  }
  callId: 1
}
leaderTerm: 11
previousLog {
  term: 10
  index: 18
}
entries {
  term: 11
  index: 19
  configurationEntry {
    peers {
      id: "s0"
      address: "localhost:15252"
      dataStreamAddress: "localhost:15255"
      clientAddress: "localhost:15254"
      adminAddress: "localhost:15253"
      startupRole: FOLLOWER
    }
    peers {
      id: "s1"
      address: "localhost:15256"
      dataStreamAddress: "localhost:15259"
      clientAddress: "localhost:15258"
      adminAddress: "localhost:15257"
      startupRole: FOLLOWER
    }
    peers {
      id: "s2"
      address: "localhost:15260"
      dataStreamAddress: "localhost:15263"
      clientAddress: "localhost:15262"
      adminAddress: "localhost:15261"
      startupRole: FOLLOWER
    }
  }
}
leaderCommit: 17
commitInfos {
  server {
    id: "s1"
    address: "localhost:15256"
    dataStreamAddress: "localhost:15259"
    clientAddress: "localhost:15258"
    adminAddress: "localhost:15257"
    startupRole: FOLLOWER
  }
  commitIndex: 17
}
commitInfos {
  server {
    id: "s0"
    address: "localhost:15252"
    dataStreamAddress: "localhost:15255"
    clientAddress: "localhost:15254"
    adminAddress: "localhost:15253"
    startupRole: FOLLOWER
  }
  commitIndex: 17
}
commitInfos {
  server {
    id: "s2"
    address: "localhost:15260"
    dataStreamAddress: "localhost:15263"
    clientAddress: "localhost:15262"
    adminAddress: "localhost:15261"
    startupRole: FOLLOWER
  }
  commitIndex: 16
}
)
2024-10-20 10:48:31,712 [main] WARN  util.ReferenceCountedLeakDetector (ReferenceCountedLeakDetector.java:logLeakMessage(167)) - LEAK: (class org.apache.ratis.proto.RaftProtos$AppendEntriesRequestProto, count=3, value=serverRequest {
  requestorId: "s0"
  replyId: "s2"
  raftGroupId {
    id: "\375\210\024\357\262\375HY\244\207Ci\024Gb\025"
  }
  callId: 1
}
leaderTerm: 10
previousLog {
  term: 9
  index: 16
}
entries {
  term: 10
  index: 17
  configurationEntry {
    peers {
      id: "s0"
      address: "localhost:15252"
      dataStreamAddress: "localhost:15255"
      clientAddress: "localhost:15254"
      adminAddress: "localhost:15253"
      startupRole: FOLLOWER
    }
    peers {
      id: "s1"
      address: "localhost:15256"
      dataStreamAddress: "localhost:15259"
      clientAddress: "localhost:15258"
      adminAddress: "localhost:15257"
      startupRole: FOLLOWER
    }
    peers {
      id: "s2"
      address: "localhost:15260"
      dataStreamAddress: "localhost:15263"
      clientAddress: "localhost:15262"
      adminAddress: "localhost:15261"
      startupRole: FOLLOWER
    }
  }
}
leaderCommit: 16
commitInfos {
  server {
    id: "s0"
    address: "localhost:15252"
    dataStreamAddress: "localhost:15255"
    clientAddress: "localhost:15254"
    adminAddress: "localhost:15253"
    startupRole: FOLLOWER
  }
  commitIndex: 16
}
commitInfos {
  server {
    id: "s1"
    address: "localhost:15256"
    dataStreamAddress: "localhost:15259"
    clientAddress: "localhost:15258"
    adminAddress: "localhost:15257"
    startupRole: FOLLOWER
  }
  commitIndex: 16
}
commitInfos {
  server {
    id: "s2"
    address: "localhost:15260"
    dataStreamAddress: "localhost:15263"
    clientAddress: "localhost:15262"
    adminAddress: "localhost:15261"
    startupRole: FOLLOWER
  }
  commitIndex: 16
}
)
2024-10-20 10:48:31,712 [main] WARN  util.ReferenceCountedLeakDetector (ReferenceCountedLeakDetector.java:logLeakMessage(167)) - LEAK: (class org.apache.ratis.proto.RaftProtos$AppendEntriesRequestProto, count=2, value=serverRequest {
  requestorId: "s1"
  replyId: "s2"
  raftGroupId {
    id: "\375\210\024\357\262\375HY\244\207Ci\024Gb\025"
  }
  callId: 8
}
leaderTerm: 9
previousLog {
  term: 9
  index: 16
}
leaderCommit: 16
commitInfos {
  server {
    id: "s1"
    address: "localhost:15256"
    dataStreamAddress: "localhost:15259"
    clientAddress: "localhost:15258"
    adminAddress: "localhost:15257"
    startupRole: FOLLOWER
  }
  commitIndex: 16
}
commitInfos {
  server {
    id: "s0"
    address: "localhost:15252"
    dataStreamAddress: "localhost:15255"
    clientAddress: "localhost:15254"
    adminAddress: "localhost:15253"
    startupRole: FOLLOWER
  }
  commitIndex: 16
}
commitInfos {
  server {
    id: "s2"
    address: "localhost:15260"
    dataStreamAddress: "localhost:15263"
    clientAddress: "localhost:15262"
    adminAddress: "localhost:15261"
    startupRole: FOLLOWER
  }
  commitIndex: 16
}
)
2024-10-20 10:48:31,712 [main] WARN  util.ReferenceCountedLeakDetector (ReferenceCountedLeakDetector.java:logLeakMessage(167)) - LEAK: (class org.apache.ratis.proto.RaftProtos$AppendEntriesRequestProto, count=2, value=serverRequest {
  requestorId: "s1"
  replyId: "s2"
  raftGroupId {
    id: "\375\210\024\357\262\375HY\244\207Ci\024Gb\025"
  }
}
leaderTerm: 11
previousLog {
  term: 10
  index: 18
}
leaderCommit: 17
commitInfos {
  server {
    id: "s1"
    address: "localhost:15256"
    dataStreamAddress: "localhost:15259"
    clientAddress: "localhost:15258"
    adminAddress: "localhost:15257"
    startupRole: FOLLOWER
  }
  commitIndex: 17
}
commitInfos {
  server {
    id: "s0"
    address: "localhost:15252"
    dataStreamAddress: "localhost:15255"
    clientAddress: "localhost:15254"
    adminAddress: "localhost:15253"
    startupRole: FOLLOWER
  }
  commitIndex: 17
}
commitInfos {
  server {
    id: "s2"
    address: "localhost:15260"
    dataStreamAddress: "localhost:15263"
    clientAddress: "localhost:15262"
    adminAddress: "localhost:15261"
    startupRole: FOLLOWER
  }
  commitIndex: 16
}
)
2024-10-20 10:48:31,713 [main] WARN  util.LeakDetector (LeakDetector.java:assertNoLeaks(171)) - 14/30) numLeaks == 5 > 0, will wait and retry ...
2024-10-20 10:48:32,713 [main] WARN  util.ReferenceCountedLeakDetector (ReferenceCountedLeakDetector.java:logLeakMessage(167)) - LEAK: (class org.apache.ratis.proto.RaftProtos$AppendEntriesRequestProto, count=2, value=serverRequest {
  requestorId: "s0"
  replyId: "s2"
  raftGroupId {
    id: "\375\210\024\357\262\375HY\244\207Ci\024Gb\025"
  }
}
leaderTerm: 10
previousLog {
  term: 9
  index: 16
}
leaderCommit: 16
commitInfos {
  server {
    id: "s0"
    address: "localhost:15252"
    dataStreamAddress: "localhost:15255"
    clientAddress: "localhost:15254"
    adminAddress: "localhost:15253"
    startupRole: FOLLOWER
  }
  commitIndex: 16
}
commitInfos {
  server {
    id: "s1"
    address: "localhost:15256"
    dataStreamAddress: "localhost:15259"
    clientAddress: "localhost:15258"
    adminAddress: "localhost:15257"
    startupRole: FOLLOWER
  }
  commitIndex: 16
}
commitInfos {
  server {
    id: "s2"
    address: "localhost:15260"
    dataStreamAddress: "localhost:15263"
    clientAddress: "localhost:15262"
    adminAddress: "localhost:15261"
    startupRole: FOLLOWER
  }
  commitIndex: 16
}
)
2024-10-20 10:48:32,713 [main] WARN  util.ReferenceCountedLeakDetector (ReferenceCountedLeakDetector.java:logLeakMessage(167)) - LEAK: (class org.apache.ratis.proto.RaftProtos$AppendEntriesRequestProto, count=3, value=serverRequest {
  requestorId: "s1"
  replyId: "s2"
  raftGroupId {
    id: "\375\210\024\357\262\375HY\244\207Ci\024Gb\025"
  }
  callId: 1
}
leaderTerm: 11
previousLog {
  term: 10
  index: 18
}
entries {
  term: 11
  index: 19
  configurationEntry {
    peers {
      id: "s0"
      address: "localhost:15252"
      dataStreamAddress: "localhost:15255"
      clientAddress: "localhost:15254"
      adminAddress: "localhost:15253"
      startupRole: FOLLOWER
    }
    peers {
      id: "s1"
      address: "localhost:15256"
      dataStreamAddress: "localhost:15259"
      clientAddress: "localhost:15258"
      adminAddress: "localhost:15257"
      startupRole: FOLLOWER
    }
    peers {
      id: "s2"
      address: "localhost:15260"
      dataStreamAddress: "localhost:15263"
      clientAddress: "localhost:15262"
      adminAddress: "localhost:15261"
      startupRole: FOLLOWER
    }
  }
}
leaderCommit: 17
commitInfos {
  server {
    id: "s1"
    address: "localhost:15256"
    dataStreamAddress: "localhost:15259"
    clientAddress: "localhost:15258"
    adminAddress: "localhost:15257"
    startupRole: FOLLOWER
  }
  commitIndex: 17
}
commitInfos {
  server {
    id: "s0"
    address: "localhost:15252"
    dataStreamAddress: "localhost:15255"
    clientAddress: "localhost:15254"
    adminAddress: "localhost:15253"
    startupRole: FOLLOWER
  }
  commitIndex: 17
}
commitInfos {
  server {
    id: "s2"
    address: "localhost:15260"
    dataStreamAddress: "localhost:15263"
    clientAddress: "localhost:15262"
    adminAddress: "localhost:15261"
    startupRole: FOLLOWER
  }
  commitIndex: 16
}
)
2024-10-20 10:48:32,713 [main] WARN  util.ReferenceCountedLeakDetector (ReferenceCountedLeakDetector.java:logLeakMessage(167)) - LEAK: (class org.apache.ratis.proto.RaftProtos$AppendEntriesRequestProto, count=3, value=serverRequest {
  requestorId: "s0"
  replyId: "s2"
  raftGroupId {
    id: "\375\210\024\357\262\375HY\244\207Ci\024Gb\025"
  }
  callId: 1
}
leaderTerm: 10
previousLog {
  term: 9
  index: 16
}
entries {
  term: 10
  index: 17
  configurationEntry {
    peers {
      id: "s0"
      address: "localhost:15252"
      dataStreamAddress: "localhost:15255"
      clientAddress: "localhost:15254"
      adminAddress: "localhost:15253"
      startupRole: FOLLOWER
    }
    peers {
      id: "s1"
      address: "localhost:15256"
      dataStreamAddress: "localhost:15259"
      clientAddress: "localhost:15258"
      adminAddress: "localhost:15257"
      startupRole: FOLLOWER
    }
    peers {
      id: "s2"
      address: "localhost:15260"
      dataStreamAddress: "localhost:15263"
      clientAddress: "localhost:15262"
      adminAddress: "localhost:15261"
      startupRole: FOLLOWER
    }
  }
}
leaderCommit: 16
commitInfos {
  server {
    id: "s0"
    address: "localhost:15252"
    dataStreamAddress: "localhost:15255"
    clientAddress: "localhost:15254"
    adminAddress: "localhost:15253"
    startupRole: FOLLOWER
  }
  commitIndex: 16
}
commitInfos {
  server {
    id: "s1"
    address: "localhost:15256"
    dataStreamAddress: "localhost:15259"
    clientAddress: "localhost:15258"
    adminAddress: "localhost:15257"
    startupRole: FOLLOWER
  }
  commitIndex: 16
}
commitInfos {
  server {
    id: "s2"
    address: "localhost:15260"
    dataStreamAddress: "localhost:15263"
    clientAddress: "localhost:15262"
    adminAddress: "localhost:15261"
    startupRole: FOLLOWER
  }
  commitIndex: 16
}
)
2024-10-20 10:48:32,713 [main] WARN  util.ReferenceCountedLeakDetector (ReferenceCountedLeakDetector.java:logLeakMessage(167)) - LEAK: (class org.apache.ratis.proto.RaftProtos$AppendEntriesRequestProto, count=2, value=serverRequest {
  requestorId: "s1"
  replyId: "s2"
  raftGroupId {
    id: "\375\210\024\357\262\375HY\244\207Ci\024Gb\025"
  }
  callId: 8
}
leaderTerm: 9
previousLog {
  term: 9
  index: 16
}
leaderCommit: 16
commitInfos {
  server {
    id: "s1"
    address: "localhost:15256"
    dataStreamAddress: "localhost:15259"
    clientAddress: "localhost:15258"
    adminAddress: "localhost:15257"
    startupRole: FOLLOWER
  }
  commitIndex: 16
}
commitInfos {
  server {
    id: "s0"
    address: "localhost:15252"
    dataStreamAddress: "localhost:15255"
    clientAddress: "localhost:15254"
    adminAddress: "localhost:15253"
    startupRole: FOLLOWER
  }
  commitIndex: 16
}
commitInfos {
  server {
    id: "s2"
    address: "localhost:15260"
    dataStreamAddress: "localhost:15263"
    clientAddress: "localhost:15262"
    adminAddress: "localhost:15261"
    startupRole: FOLLOWER
  }
  commitIndex: 16
}
)
2024-10-20 10:48:32,714 [main] WARN  util.ReferenceCountedLeakDetector (ReferenceCountedLeakDetector.java:logLeakMessage(167)) - LEAK: (class org.apache.ratis.proto.RaftProtos$AppendEntriesRequestProto, count=2, value=serverRequest {
  requestorId: "s1"
  replyId: "s2"
  raftGroupId {
    id: "\375\210\024\357\262\375HY\244\207Ci\024Gb\025"
  }
}
leaderTerm: 11
previousLog {
  term: 10
  index: 18
}
leaderCommit: 17
commitInfos {
  server {
    id: "s1"
    address: "localhost:15256"
    dataStreamAddress: "localhost:15259"
    clientAddress: "localhost:15258"
    adminAddress: "localhost:15257"
    startupRole: FOLLOWER
  }
  commitIndex: 17
}
commitInfos {
  server {
    id: "s0"
    address: "localhost:15252"
    dataStreamAddress: "localhost:15255"
    clientAddress: "localhost:15254"
    adminAddress: "localhost:15253"
    startupRole: FOLLOWER
  }
  commitIndex: 17
}
commitInfos {
  server {
    id: "s2"
    address: "localhost:15260"
    dataStreamAddress: "localhost:15263"
    clientAddress: "localhost:15262"
    adminAddress: "localhost:15261"
    startupRole: FOLLOWER
  }
  commitIndex: 16
}
)
2024-10-20 10:48:32,714 [main] WARN  util.LeakDetector (LeakDetector.java:assertNoLeaks(171)) - 15/30) numLeaks == 5 > 0, will wait and retry ...
2024-10-20 10:48:33,714 [main] WARN  util.ReferenceCountedLeakDetector (ReferenceCountedLeakDetector.java:logLeakMessage(167)) - LEAK: (class org.apache.ratis.proto.RaftProtos$AppendEntriesRequestProto, count=2, value=serverRequest {
  requestorId: "s0"
  replyId: "s2"
  raftGroupId {
    id: "\375\210\024\357\262\375HY\244\207Ci\024Gb\025"
  }
}
leaderTerm: 10
previousLog {
  term: 9
  index: 16
}
leaderCommit: 16
commitInfos {
  server {
    id: "s0"
    address: "localhost:15252"
    dataStreamAddress: "localhost:15255"
    clientAddress: "localhost:15254"
    adminAddress: "localhost:15253"
    startupRole: FOLLOWER
  }
  commitIndex: 16
}
commitInfos {
  server {
    id: "s1"
    address: "localhost:15256"
    dataStreamAddress: "localhost:15259"
    clientAddress: "localhost:15258"
    adminAddress: "localhost:15257"
    startupRole: FOLLOWER
  }
  commitIndex: 16
}
commitInfos {
  server {
    id: "s2"
    address: "localhost:15260"
    dataStreamAddress: "localhost:15263"
    clientAddress: "localhost:15262"
    adminAddress: "localhost:15261"
    startupRole: FOLLOWER
  }
  commitIndex: 16
}
)
2024-10-20 10:48:33,714 [main] WARN  util.ReferenceCountedLeakDetector (ReferenceCountedLeakDetector.java:logLeakMessage(167)) - LEAK: (class org.apache.ratis.proto.RaftProtos$AppendEntriesRequestProto, count=3, value=serverRequest {
  requestorId: "s1"
  replyId: "s2"
  raftGroupId {
    id: "\375\210\024\357\262\375HY\244\207Ci\024Gb\025"
  }
  callId: 1
}
leaderTerm: 11
previousLog {
  term: 10
  index: 18
}
entries {
  term: 11
  index: 19
  configurationEntry {
    peers {
      id: "s0"
      address: "localhost:15252"
      dataStreamAddress: "localhost:15255"
      clientAddress: "localhost:15254"
      adminAddress: "localhost:15253"
      startupRole: FOLLOWER
    }
    peers {
      id: "s1"
      address: "localhost:15256"
      dataStreamAddress: "localhost:15259"
      clientAddress: "localhost:15258"
      adminAddress: "localhost:15257"
      startupRole: FOLLOWER
    }
    peers {
      id: "s2"
      address: "localhost:15260"
      dataStreamAddress: "localhost:15263"
      clientAddress: "localhost:15262"
      adminAddress: "localhost:15261"
      startupRole: FOLLOWER
    }
  }
}
leaderCommit: 17
commitInfos {
  server {
    id: "s1"
    address: "localhost:15256"
    dataStreamAddress: "localhost:15259"
    clientAddress: "localhost:15258"
    adminAddress: "localhost:15257"
    startupRole: FOLLOWER
  }
  commitIndex: 17
}
commitInfos {
  server {
    id: "s0"
    address: "localhost:15252"
    dataStreamAddress: "localhost:15255"
    clientAddress: "localhost:15254"
    adminAddress: "localhost:15253"
    startupRole: FOLLOWER
  }
  commitIndex: 17
}
commitInfos {
  server {
    id: "s2"
    address: "localhost:15260"
    dataStreamAddress: "localhost:15263"
    clientAddress: "localhost:15262"
    adminAddress: "localhost:15261"
    startupRole: FOLLOWER
  }
  commitIndex: 16
}
)
2024-10-20 10:48:33,714 [main] WARN  util.ReferenceCountedLeakDetector (ReferenceCountedLeakDetector.java:logLeakMessage(167)) - LEAK: (class org.apache.ratis.proto.RaftProtos$AppendEntriesRequestProto, count=3, value=serverRequest {
  requestorId: "s0"
  replyId: "s2"
  raftGroupId {
    id: "\375\210\024\357\262\375HY\244\207Ci\024Gb\025"
  }
  callId: 1
}
leaderTerm: 10
previousLog {
  term: 9
  index: 16
}
entries {
  term: 10
  index: 17
  configurationEntry {
    peers {
      id: "s0"
      address: "localhost:15252"
      dataStreamAddress: "localhost:15255"
      clientAddress: "localhost:15254"
      adminAddress: "localhost:15253"
      startupRole: FOLLOWER
    }
    peers {
      id: "s1"
      address: "localhost:15256"
      dataStreamAddress: "localhost:15259"
      clientAddress: "localhost:15258"
      adminAddress: "localhost:15257"
      startupRole: FOLLOWER
    }
    peers {
      id: "s2"
      address: "localhost:15260"
      dataStreamAddress: "localhost:15263"
      clientAddress: "localhost:15262"
      adminAddress: "localhost:15261"
      startupRole: FOLLOWER
    }
  }
}
leaderCommit: 16
commitInfos {
  server {
    id: "s0"
    address: "localhost:15252"
    dataStreamAddress: "localhost:15255"
    clientAddress: "localhost:15254"
    adminAddress: "localhost:15253"
    startupRole: FOLLOWER
  }
  commitIndex: 16
}
commitInfos {
  server {
    id: "s1"
    address: "localhost:15256"
    dataStreamAddress: "localhost:15259"
    clientAddress: "localhost:15258"
    adminAddress: "localhost:15257"
    startupRole: FOLLOWER
  }
  commitIndex: 16
}
commitInfos {
  server {
    id: "s2"
    address: "localhost:15260"
    dataStreamAddress: "localhost:15263"
    clientAddress: "localhost:15262"
    adminAddress: "localhost:15261"
    startupRole: FOLLOWER
  }
  commitIndex: 16
}
)
2024-10-20 10:48:33,715 [main] WARN  util.ReferenceCountedLeakDetector (ReferenceCountedLeakDetector.java:logLeakMessage(167)) - LEAK: (class org.apache.ratis.proto.RaftProtos$AppendEntriesRequestProto, count=2, value=serverRequest {
  requestorId: "s1"
  replyId: "s2"
  raftGroupId {
    id: "\375\210\024\357\262\375HY\244\207Ci\024Gb\025"
  }
  callId: 8
}
leaderTerm: 9
previousLog {
  term: 9
  index: 16
}
leaderCommit: 16
commitInfos {
  server {
    id: "s1"
    address: "localhost:15256"
    dataStreamAddress: "localhost:15259"
    clientAddress: "localhost:15258"
    adminAddress: "localhost:15257"
    startupRole: FOLLOWER
  }
  commitIndex: 16
}
commitInfos {
  server {
    id: "s0"
    address: "localhost:15252"
    dataStreamAddress: "localhost:15255"
    clientAddress: "localhost:15254"
    adminAddress: "localhost:15253"
    startupRole: FOLLOWER
  }
  commitIndex: 16
}
commitInfos {
  server {
    id: "s2"
    address: "localhost:15260"
    dataStreamAddress: "localhost:15263"
    clientAddress: "localhost:15262"
    adminAddress: "localhost:15261"
    startupRole: FOLLOWER
  }
  commitIndex: 16
}
)
2024-10-20 10:48:33,715 [main] WARN  util.ReferenceCountedLeakDetector (ReferenceCountedLeakDetector.java:logLeakMessage(167)) - LEAK: (class org.apache.ratis.proto.RaftProtos$AppendEntriesRequestProto, count=2, value=serverRequest {
  requestorId: "s1"
  replyId: "s2"
  raftGroupId {
    id: "\375\210\024\357\262\375HY\244\207Ci\024Gb\025"
  }
}
leaderTerm: 11
previousLog {
  term: 10
  index: 18
}
leaderCommit: 17
commitInfos {
  server {
    id: "s1"
    address: "localhost:15256"
    dataStreamAddress: "localhost:15259"
    clientAddress: "localhost:15258"
    adminAddress: "localhost:15257"
    startupRole: FOLLOWER
  }
  commitIndex: 17
}
commitInfos {
  server {
    id: "s0"
    address: "localhost:15252"
    dataStreamAddress: "localhost:15255"
    clientAddress: "localhost:15254"
    adminAddress: "localhost:15253"
    startupRole: FOLLOWER
  }
  commitIndex: 17
}
commitInfos {
  server {
    id: "s2"
    address: "localhost:15260"
    dataStreamAddress: "localhost:15263"
    clientAddress: "localhost:15262"
    adminAddress: "localhost:15261"
    startupRole: FOLLOWER
  }
  commitIndex: 16
}
)
2024-10-20 10:48:33,715 [main] WARN  util.LeakDetector (LeakDetector.java:assertNoLeaks(171)) - 16/30) numLeaks == 5 > 0, will wait and retry ...
2024-10-20 10:48:34,715 [main] WARN  util.ReferenceCountedLeakDetector (ReferenceCountedLeakDetector.java:logLeakMessage(167)) - LEAK: (class org.apache.ratis.proto.RaftProtos$AppendEntriesRequestProto, count=2, value=serverRequest {
  requestorId: "s0"
  replyId: "s2"
  raftGroupId {
    id: "\375\210\024\357\262\375HY\244\207Ci\024Gb\025"
  }
}
leaderTerm: 10
previousLog {
  term: 9
  index: 16
}
leaderCommit: 16
commitInfos {
  server {
    id: "s0"
    address: "localhost:15252"
    dataStreamAddress: "localhost:15255"
    clientAddress: "localhost:15254"
    adminAddress: "localhost:15253"
    startupRole: FOLLOWER
  }
  commitIndex: 16
}
commitInfos {
  server {
    id: "s1"
    address: "localhost:15256"
    dataStreamAddress: "localhost:15259"
    clientAddress: "localhost:15258"
    adminAddress: "localhost:15257"
    startupRole: FOLLOWER
  }
  commitIndex: 16
}
commitInfos {
  server {
    id: "s2"
    address: "localhost:15260"
    dataStreamAddress: "localhost:15263"
    clientAddress: "localhost:15262"
    adminAddress: "localhost:15261"
    startupRole: FOLLOWER
  }
  commitIndex: 16
}
)
2024-10-20 10:48:34,715 [main] WARN  util.ReferenceCountedLeakDetector (ReferenceCountedLeakDetector.java:logLeakMessage(167)) - LEAK: (class org.apache.ratis.proto.RaftProtos$AppendEntriesRequestProto, count=3, value=serverRequest {
  requestorId: "s1"
  replyId: "s2"
  raftGroupId {
    id: "\375\210\024\357\262\375HY\244\207Ci\024Gb\025"
  }
  callId: 1
}
leaderTerm: 11
previousLog {
  term: 10
  index: 18
}
entries {
  term: 11
  index: 19
  configurationEntry {
    peers {
      id: "s0"
      address: "localhost:15252"
      dataStreamAddress: "localhost:15255"
      clientAddress: "localhost:15254"
      adminAddress: "localhost:15253"
      startupRole: FOLLOWER
    }
    peers {
      id: "s1"
      address: "localhost:15256"
      dataStreamAddress: "localhost:15259"
      clientAddress: "localhost:15258"
      adminAddress: "localhost:15257"
      startupRole: FOLLOWER
    }
    peers {
      id: "s2"
      address: "localhost:15260"
      dataStreamAddress: "localhost:15263"
      clientAddress: "localhost:15262"
      adminAddress: "localhost:15261"
      startupRole: FOLLOWER
    }
  }
}
leaderCommit: 17
commitInfos {
  server {
    id: "s1"
    address: "localhost:15256"
    dataStreamAddress: "localhost:15259"
    clientAddress: "localhost:15258"
    adminAddress: "localhost:15257"
    startupRole: FOLLOWER
  }
  commitIndex: 17
}
commitInfos {
  server {
    id: "s0"
    address: "localhost:15252"
    dataStreamAddress: "localhost:15255"
    clientAddress: "localhost:15254"
    adminAddress: "localhost:15253"
    startupRole: FOLLOWER
  }
  commitIndex: 17
}
commitInfos {
  server {
    id: "s2"
    address: "localhost:15260"
    dataStreamAddress: "localhost:15263"
    clientAddress: "localhost:15262"
    adminAddress: "localhost:15261"
    startupRole: FOLLOWER
  }
  commitIndex: 16
}
)
2024-10-20 10:48:34,715 [main] WARN  util.ReferenceCountedLeakDetector (ReferenceCountedLeakDetector.java:logLeakMessage(167)) - LEAK: (class org.apache.ratis.proto.RaftProtos$AppendEntriesRequestProto, count=3, value=serverRequest {
  requestorId: "s0"
  replyId: "s2"
  raftGroupId {
    id: "\375\210\024\357\262\375HY\244\207Ci\024Gb\025"
  }
  callId: 1
}
leaderTerm: 10
previousLog {
  term: 9
  index: 16
}
entries {
  term: 10
  index: 17
  configurationEntry {
    peers {
      id: "s0"
      address: "localhost:15252"
      dataStreamAddress: "localhost:15255"
      clientAddress: "localhost:15254"
      adminAddress: "localhost:15253"
      startupRole: FOLLOWER
    }
    peers {
      id: "s1"
      address: "localhost:15256"
      dataStreamAddress: "localhost:15259"
      clientAddress: "localhost:15258"
      adminAddress: "localhost:15257"
      startupRole: FOLLOWER
    }
    peers {
      id: "s2"
      address: "localhost:15260"
      dataStreamAddress: "localhost:15263"
      clientAddress: "localhost:15262"
      adminAddress: "localhost:15261"
      startupRole: FOLLOWER
    }
  }
}
leaderCommit: 16
commitInfos {
  server {
    id: "s0"
    address: "localhost:15252"
    dataStreamAddress: "localhost:15255"
    clientAddress: "localhost:15254"
    adminAddress: "localhost:15253"
    startupRole: FOLLOWER
  }
  commitIndex: 16
}
commitInfos {
  server {
    id: "s1"
    address: "localhost:15256"
    dataStreamAddress: "localhost:15259"
    clientAddress: "localhost:15258"
    adminAddress: "localhost:15257"
    startupRole: FOLLOWER
  }
  commitIndex: 16
}
commitInfos {
  server {
    id: "s2"
    address: "localhost:15260"
    dataStreamAddress: "localhost:15263"
    clientAddress: "localhost:15262"
    adminAddress: "localhost:15261"
    startupRole: FOLLOWER
  }
  commitIndex: 16
}
)
2024-10-20 10:48:34,716 [main] WARN  util.ReferenceCountedLeakDetector (ReferenceCountedLeakDetector.java:logLeakMessage(167)) - LEAK: (class org.apache.ratis.proto.RaftProtos$AppendEntriesRequestProto, count=2, value=serverRequest {
  requestorId: "s1"
  replyId: "s2"
  raftGroupId {
    id: "\375\210\024\357\262\375HY\244\207Ci\024Gb\025"
  }
  callId: 8
}
leaderTerm: 9
previousLog {
  term: 9
  index: 16
}
leaderCommit: 16
commitInfos {
  server {
    id: "s1"
    address: "localhost:15256"
    dataStreamAddress: "localhost:15259"
    clientAddress: "localhost:15258"
    adminAddress: "localhost:15257"
    startupRole: FOLLOWER
  }
  commitIndex: 16
}
commitInfos {
  server {
    id: "s0"
    address: "localhost:15252"
    dataStreamAddress: "localhost:15255"
    clientAddress: "localhost:15254"
    adminAddress: "localhost:15253"
    startupRole: FOLLOWER
  }
  commitIndex: 16
}
commitInfos {
  server {
    id: "s2"
    address: "localhost:15260"
    dataStreamAddress: "localhost:15263"
    clientAddress: "localhost:15262"
    adminAddress: "localhost:15261"
    startupRole: FOLLOWER
  }
  commitIndex: 16
}
)
2024-10-20 10:48:34,716 [main] WARN  util.ReferenceCountedLeakDetector (ReferenceCountedLeakDetector.java:logLeakMessage(167)) - LEAK: (class org.apache.ratis.proto.RaftProtos$AppendEntriesRequestProto, count=2, value=serverRequest {
  requestorId: "s1"
  replyId: "s2"
  raftGroupId {
    id: "\375\210\024\357\262\375HY\244\207Ci\024Gb\025"
  }
}
leaderTerm: 11
previousLog {
  term: 10
  index: 18
}
leaderCommit: 17
commitInfos {
  server {
    id: "s1"
    address: "localhost:15256"
    dataStreamAddress: "localhost:15259"
    clientAddress: "localhost:15258"
    adminAddress: "localhost:15257"
    startupRole: FOLLOWER
  }
  commitIndex: 17
}
commitInfos {
  server {
    id: "s0"
    address: "localhost:15252"
    dataStreamAddress: "localhost:15255"
    clientAddress: "localhost:15254"
    adminAddress: "localhost:15253"
    startupRole: FOLLOWER
  }
  commitIndex: 17
}
commitInfos {
  server {
    id: "s2"
    address: "localhost:15260"
    dataStreamAddress: "localhost:15263"
    clientAddress: "localhost:15262"
    adminAddress: "localhost:15261"
    startupRole: FOLLOWER
  }
  commitIndex: 16
}
)
2024-10-20 10:48:34,716 [main] WARN  util.LeakDetector (LeakDetector.java:assertNoLeaks(171)) - 17/30) numLeaks == 5 > 0, will wait and retry ...
2024-10-20 10:48:35,716 [main] WARN  util.ReferenceCountedLeakDetector (ReferenceCountedLeakDetector.java:logLeakMessage(167)) - LEAK: (class org.apache.ratis.proto.RaftProtos$AppendEntriesRequestProto, count=2, value=serverRequest {
  requestorId: "s0"
  replyId: "s2"
  raftGroupId {
    id: "\375\210\024\357\262\375HY\244\207Ci\024Gb\025"
  }
}
leaderTerm: 10
previousLog {
  term: 9
  index: 16
}
leaderCommit: 16
commitInfos {
  server {
    id: "s0"
    address: "localhost:15252"
    dataStreamAddress: "localhost:15255"
    clientAddress: "localhost:15254"
    adminAddress: "localhost:15253"
    startupRole: FOLLOWER
  }
  commitIndex: 16
}
commitInfos {
  server {
    id: "s1"
    address: "localhost:15256"
    dataStreamAddress: "localhost:15259"
    clientAddress: "localhost:15258"
    adminAddress: "localhost:15257"
    startupRole: FOLLOWER
  }
  commitIndex: 16
}
commitInfos {
  server {
    id: "s2"
    address: "localhost:15260"
    dataStreamAddress: "localhost:15263"
    clientAddress: "localhost:15262"
    adminAddress: "localhost:15261"
    startupRole: FOLLOWER
  }
  commitIndex: 16
}
)
2024-10-20 10:48:35,716 [main] WARN  util.ReferenceCountedLeakDetector (ReferenceCountedLeakDetector.java:logLeakMessage(167)) - LEAK: (class org.apache.ratis.proto.RaftProtos$AppendEntriesRequestProto, count=3, value=serverRequest {
  requestorId: "s1"
  replyId: "s2"
  raftGroupId {
    id: "\375\210\024\357\262\375HY\244\207Ci\024Gb\025"
  }
  callId: 1
}
leaderTerm: 11
previousLog {
  term: 10
  index: 18
}
entries {
  term: 11
  index: 19
  configurationEntry {
    peers {
      id: "s0"
      address: "localhost:15252"
      dataStreamAddress: "localhost:15255"
      clientAddress: "localhost:15254"
      adminAddress: "localhost:15253"
      startupRole: FOLLOWER
    }
    peers {
      id: "s1"
      address: "localhost:15256"
      dataStreamAddress: "localhost:15259"
      clientAddress: "localhost:15258"
      adminAddress: "localhost:15257"
      startupRole: FOLLOWER
    }
    peers {
      id: "s2"
      address: "localhost:15260"
      dataStreamAddress: "localhost:15263"
      clientAddress: "localhost:15262"
      adminAddress: "localhost:15261"
      startupRole: FOLLOWER
    }
  }
}
leaderCommit: 17
commitInfos {
  server {
    id: "s1"
    address: "localhost:15256"
    dataStreamAddress: "localhost:15259"
    clientAddress: "localhost:15258"
    adminAddress: "localhost:15257"
    startupRole: FOLLOWER
  }
  commitIndex: 17
}
commitInfos {
  server {
    id: "s0"
    address: "localhost:15252"
    dataStreamAddress: "localhost:15255"
    clientAddress: "localhost:15254"
    adminAddress: "localhost:15253"
    startupRole: FOLLOWER
  }
  commitIndex: 17
}
commitInfos {
  server {
    id: "s2"
    address: "localhost:15260"
    dataStreamAddress: "localhost:15263"
    clientAddress: "localhost:15262"
    adminAddress: "localhost:15261"
    startupRole: FOLLOWER
  }
  commitIndex: 16
}
)
2024-10-20 10:48:35,716 [main] WARN  util.ReferenceCountedLeakDetector (ReferenceCountedLeakDetector.java:logLeakMessage(167)) - LEAK: (class org.apache.ratis.proto.RaftProtos$AppendEntriesRequestProto, count=3, value=serverRequest {
  requestorId: "s0"
  replyId: "s2"
  raftGroupId {
    id: "\375\210\024\357\262\375HY\244\207Ci\024Gb\025"
  }
  callId: 1
}
leaderTerm: 10
previousLog {
  term: 9
  index: 16
}
entries {
  term: 10
  index: 17
  configurationEntry {
    peers {
      id: "s0"
      address: "localhost:15252"
      dataStreamAddress: "localhost:15255"
      clientAddress: "localhost:15254"
      adminAddress: "localhost:15253"
      startupRole: FOLLOWER
    }
    peers {
      id: "s1"
      address: "localhost:15256"
      dataStreamAddress: "localhost:15259"
      clientAddress: "localhost:15258"
      adminAddress: "localhost:15257"
      startupRole: FOLLOWER
    }
    peers {
      id: "s2"
      address: "localhost:15260"
      dataStreamAddress: "localhost:15263"
      clientAddress: "localhost:15262"
      adminAddress: "localhost:15261"
      startupRole: FOLLOWER
    }
  }
}
leaderCommit: 16
commitInfos {
  server {
    id: "s0"
    address: "localhost:15252"
    dataStreamAddress: "localhost:15255"
    clientAddress: "localhost:15254"
    adminAddress: "localhost:15253"
    startupRole: FOLLOWER
  }
  commitIndex: 16
}
commitInfos {
  server {
    id: "s1"
    address: "localhost:15256"
    dataStreamAddress: "localhost:15259"
    clientAddress: "localhost:15258"
    adminAddress: "localhost:15257"
    startupRole: FOLLOWER
  }
  commitIndex: 16
}
commitInfos {
  server {
    id: "s2"
    address: "localhost:15260"
    dataStreamAddress: "localhost:15263"
    clientAddress: "localhost:15262"
    adminAddress: "localhost:15261"
    startupRole: FOLLOWER
  }
  commitIndex: 16
}
)
2024-10-20 10:48:35,717 [main] WARN  util.ReferenceCountedLeakDetector (ReferenceCountedLeakDetector.java:logLeakMessage(167)) - LEAK: (class org.apache.ratis.proto.RaftProtos$AppendEntriesRequestProto, count=2, value=serverRequest {
  requestorId: "s1"
  replyId: "s2"
  raftGroupId {
    id: "\375\210\024\357\262\375HY\244\207Ci\024Gb\025"
  }
  callId: 8
}
leaderTerm: 9
previousLog {
  term: 9
  index: 16
}
leaderCommit: 16
commitInfos {
  server {
    id: "s1"
    address: "localhost:15256"
    dataStreamAddress: "localhost:15259"
    clientAddress: "localhost:15258"
    adminAddress: "localhost:15257"
    startupRole: FOLLOWER
  }
  commitIndex: 16
}
commitInfos {
  server {
    id: "s0"
    address: "localhost:15252"
    dataStreamAddress: "localhost:15255"
    clientAddress: "localhost:15254"
    adminAddress: "localhost:15253"
    startupRole: FOLLOWER
  }
  commitIndex: 16
}
commitInfos {
  server {
    id: "s2"
    address: "localhost:15260"
    dataStreamAddress: "localhost:15263"
    clientAddress: "localhost:15262"
    adminAddress: "localhost:15261"
    startupRole: FOLLOWER
  }
  commitIndex: 16
}
)
2024-10-20 10:48:35,717 [main] WARN  util.ReferenceCountedLeakDetector (ReferenceCountedLeakDetector.java:logLeakMessage(167)) - LEAK: (class org.apache.ratis.proto.RaftProtos$AppendEntriesRequestProto, count=2, value=serverRequest {
  requestorId: "s1"
  replyId: "s2"
  raftGroupId {
    id: "\375\210\024\357\262\375HY\244\207Ci\024Gb\025"
  }
}
leaderTerm: 11
previousLog {
  term: 10
  index: 18
}
leaderCommit: 17
commitInfos {
  server {
    id: "s1"
    address: "localhost:15256"
    dataStreamAddress: "localhost:15259"
    clientAddress: "localhost:15258"
    adminAddress: "localhost:15257"
    startupRole: FOLLOWER
  }
  commitIndex: 17
}
commitInfos {
  server {
    id: "s0"
    address: "localhost:15252"
    dataStreamAddress: "localhost:15255"
    clientAddress: "localhost:15254"
    adminAddress: "localhost:15253"
    startupRole: FOLLOWER
  }
  commitIndex: 17
}
commitInfos {
  server {
    id: "s2"
    address: "localhost:15260"
    dataStreamAddress: "localhost:15263"
    clientAddress: "localhost:15262"
    adminAddress: "localhost:15261"
    startupRole: FOLLOWER
  }
  commitIndex: 16
}
)
2024-10-20 10:48:35,717 [main] WARN  util.LeakDetector (LeakDetector.java:assertNoLeaks(171)) - 18/30) numLeaks == 5 > 0, will wait and retry ...
2024-10-20 10:48:36,717 [main] WARN  util.ReferenceCountedLeakDetector (ReferenceCountedLeakDetector.java:logLeakMessage(167)) - LEAK: (class org.apache.ratis.proto.RaftProtos$AppendEntriesRequestProto, count=2, value=serverRequest {
  requestorId: "s0"
  replyId: "s2"
  raftGroupId {
    id: "\375\210\024\357\262\375HY\244\207Ci\024Gb\025"
  }
}
leaderTerm: 10
previousLog {
  term: 9
  index: 16
}
leaderCommit: 16
commitInfos {
  server {
    id: "s0"
    address: "localhost:15252"
    dataStreamAddress: "localhost:15255"
    clientAddress: "localhost:15254"
    adminAddress: "localhost:15253"
    startupRole: FOLLOWER
  }
  commitIndex: 16
}
commitInfos {
  server {
    id: "s1"
    address: "localhost:15256"
    dataStreamAddress: "localhost:15259"
    clientAddress: "localhost:15258"
    adminAddress: "localhost:15257"
    startupRole: FOLLOWER
  }
  commitIndex: 16
}
commitInfos {
  server {
    id: "s2"
    address: "localhost:15260"
    dataStreamAddress: "localhost:15263"
    clientAddress: "localhost:15262"
    adminAddress: "localhost:15261"
    startupRole: FOLLOWER
  }
  commitIndex: 16
}
)
2024-10-20 10:48:36,717 [main] WARN  util.ReferenceCountedLeakDetector (ReferenceCountedLeakDetector.java:logLeakMessage(167)) - LEAK: (class org.apache.ratis.proto.RaftProtos$AppendEntriesRequestProto, count=3, value=serverRequest {
  requestorId: "s1"
  replyId: "s2"
  raftGroupId {
    id: "\375\210\024\357\262\375HY\244\207Ci\024Gb\025"
  }
  callId: 1
}
leaderTerm: 11
previousLog {
  term: 10
  index: 18
}
entries {
  term: 11
  index: 19
  configurationEntry {
    peers {
      id: "s0"
      address: "localhost:15252"
      dataStreamAddress: "localhost:15255"
      clientAddress: "localhost:15254"
      adminAddress: "localhost:15253"
      startupRole: FOLLOWER
    }
    peers {
      id: "s1"
      address: "localhost:15256"
      dataStreamAddress: "localhost:15259"
      clientAddress: "localhost:15258"
      adminAddress: "localhost:15257"
      startupRole: FOLLOWER
    }
    peers {
      id: "s2"
      address: "localhost:15260"
      dataStreamAddress: "localhost:15263"
      clientAddress: "localhost:15262"
      adminAddress: "localhost:15261"
      startupRole: FOLLOWER
    }
  }
}
leaderCommit: 17
commitInfos {
  server {
    id: "s1"
    address: "localhost:15256"
    dataStreamAddress: "localhost:15259"
    clientAddress: "localhost:15258"
    adminAddress: "localhost:15257"
    startupRole: FOLLOWER
  }
  commitIndex: 17
}
commitInfos {
  server {
    id: "s0"
    address: "localhost:15252"
    dataStreamAddress: "localhost:15255"
    clientAddress: "localhost:15254"
    adminAddress: "localhost:15253"
    startupRole: FOLLOWER
  }
  commitIndex: 17
}
commitInfos {
  server {
    id: "s2"
    address: "localhost:15260"
    dataStreamAddress: "localhost:15263"
    clientAddress: "localhost:15262"
    adminAddress: "localhost:15261"
    startupRole: FOLLOWER
  }
  commitIndex: 16
}
)
2024-10-20 10:48:36,718 [main] WARN  util.ReferenceCountedLeakDetector (ReferenceCountedLeakDetector.java:logLeakMessage(167)) - LEAK: (class org.apache.ratis.proto.RaftProtos$AppendEntriesRequestProto, count=3, value=serverRequest {
  requestorId: "s0"
  replyId: "s2"
  raftGroupId {
    id: "\375\210\024\357\262\375HY\244\207Ci\024Gb\025"
  }
  callId: 1
}
leaderTerm: 10
previousLog {
  term: 9
  index: 16
}
entries {
  term: 10
  index: 17
  configurationEntry {
    peers {
      id: "s0"
      address: "localhost:15252"
      dataStreamAddress: "localhost:15255"
      clientAddress: "localhost:15254"
      adminAddress: "localhost:15253"
      startupRole: FOLLOWER
    }
    peers {
      id: "s1"
      address: "localhost:15256"
      dataStreamAddress: "localhost:15259"
      clientAddress: "localhost:15258"
      adminAddress: "localhost:15257"
      startupRole: FOLLOWER
    }
    peers {
      id: "s2"
      address: "localhost:15260"
      dataStreamAddress: "localhost:15263"
      clientAddress: "localhost:15262"
      adminAddress: "localhost:15261"
      startupRole: FOLLOWER
    }
  }
}
leaderCommit: 16
commitInfos {
  server {
    id: "s0"
    address: "localhost:15252"
    dataStreamAddress: "localhost:15255"
    clientAddress: "localhost:15254"
    adminAddress: "localhost:15253"
    startupRole: FOLLOWER
  }
  commitIndex: 16
}
commitInfos {
  server {
    id: "s1"
    address: "localhost:15256"
    dataStreamAddress: "localhost:15259"
    clientAddress: "localhost:15258"
    adminAddress: "localhost:15257"
    startupRole: FOLLOWER
  }
  commitIndex: 16
}
commitInfos {
  server {
    id: "s2"
    address: "localhost:15260"
    dataStreamAddress: "localhost:15263"
    clientAddress: "localhost:15262"
    adminAddress: "localhost:15261"
    startupRole: FOLLOWER
  }
  commitIndex: 16
}
)
2024-10-20 10:48:36,718 [main] WARN  util.ReferenceCountedLeakDetector (ReferenceCountedLeakDetector.java:logLeakMessage(167)) - LEAK: (class org.apache.ratis.proto.RaftProtos$AppendEntriesRequestProto, count=2, value=serverRequest {
  requestorId: "s1"
  replyId: "s2"
  raftGroupId {
    id: "\375\210\024\357\262\375HY\244\207Ci\024Gb\025"
  }
  callId: 8
}
leaderTerm: 9
previousLog {
  term: 9
  index: 16
}
leaderCommit: 16
commitInfos {
  server {
    id: "s1"
    address: "localhost:15256"
    dataStreamAddress: "localhost:15259"
    clientAddress: "localhost:15258"
    adminAddress: "localhost:15257"
    startupRole: FOLLOWER
  }
  commitIndex: 16
}
commitInfos {
  server {
    id: "s0"
    address: "localhost:15252"
    dataStreamAddress: "localhost:15255"
    clientAddress: "localhost:15254"
    adminAddress: "localhost:15253"
    startupRole: FOLLOWER
  }
  commitIndex: 16
}
commitInfos {
  server {
    id: "s2"
    address: "localhost:15260"
    dataStreamAddress: "localhost:15263"
    clientAddress: "localhost:15262"
    adminAddress: "localhost:15261"
    startupRole: FOLLOWER
  }
  commitIndex: 16
}
)
2024-10-20 10:48:36,718 [main] WARN  util.ReferenceCountedLeakDetector (ReferenceCountedLeakDetector.java:logLeakMessage(167)) - LEAK: (class org.apache.ratis.proto.RaftProtos$AppendEntriesRequestProto, count=2, value=serverRequest {
  requestorId: "s1"
  replyId: "s2"
  raftGroupId {
    id: "\375\210\024\357\262\375HY\244\207Ci\024Gb\025"
  }
}
leaderTerm: 11
previousLog {
  term: 10
  index: 18
}
leaderCommit: 17
commitInfos {
  server {
    id: "s1"
    address: "localhost:15256"
    dataStreamAddress: "localhost:15259"
    clientAddress: "localhost:15258"
    adminAddress: "localhost:15257"
    startupRole: FOLLOWER
  }
  commitIndex: 17
}
commitInfos {
  server {
    id: "s0"
    address: "localhost:15252"
    dataStreamAddress: "localhost:15255"
    clientAddress: "localhost:15254"
    adminAddress: "localhost:15253"
    startupRole: FOLLOWER
  }
  commitIndex: 17
}
commitInfos {
  server {
    id: "s2"
    address: "localhost:15260"
    dataStreamAddress: "localhost:15263"
    clientAddress: "localhost:15262"
    adminAddress: "localhost:15261"
    startupRole: FOLLOWER
  }
  commitIndex: 16
}
)
2024-10-20 10:48:36,718 [main] WARN  util.LeakDetector (LeakDetector.java:assertNoLeaks(171)) - 19/30) numLeaks == 5 > 0, will wait and retry ...
2024-10-20 10:48:37,718 [main] WARN  util.ReferenceCountedLeakDetector (ReferenceCountedLeakDetector.java:logLeakMessage(167)) - LEAK: (class org.apache.ratis.proto.RaftProtos$AppendEntriesRequestProto, count=2, value=serverRequest {
  requestorId: "s0"
  replyId: "s2"
  raftGroupId {
    id: "\375\210\024\357\262\375HY\244\207Ci\024Gb\025"
  }
}
leaderTerm: 10
previousLog {
  term: 9
  index: 16
}
leaderCommit: 16
commitInfos {
  server {
    id: "s0"
    address: "localhost:15252"
    dataStreamAddress: "localhost:15255"
    clientAddress: "localhost:15254"
    adminAddress: "localhost:15253"
    startupRole: FOLLOWER
  }
  commitIndex: 16
}
commitInfos {
  server {
    id: "s1"
    address: "localhost:15256"
    dataStreamAddress: "localhost:15259"
    clientAddress: "localhost:15258"
    adminAddress: "localhost:15257"
    startupRole: FOLLOWER
  }
  commitIndex: 16
}
commitInfos {
  server {
    id: "s2"
    address: "localhost:15260"
    dataStreamAddress: "localhost:15263"
    clientAddress: "localhost:15262"
    adminAddress: "localhost:15261"
    startupRole: FOLLOWER
  }
  commitIndex: 16
}
)
2024-10-20 10:48:37,718 [main] WARN  util.ReferenceCountedLeakDetector (ReferenceCountedLeakDetector.java:logLeakMessage(167)) - LEAK: (class org.apache.ratis.proto.RaftProtos$AppendEntriesRequestProto, count=3, value=serverRequest {
  requestorId: "s1"
  replyId: "s2"
  raftGroupId {
    id: "\375\210\024\357\262\375HY\244\207Ci\024Gb\025"
  }
  callId: 1
}
leaderTerm: 11
previousLog {
  term: 10
  index: 18
}
entries {
  term: 11
  index: 19
  configurationEntry {
    peers {
      id: "s0"
      address: "localhost:15252"
      dataStreamAddress: "localhost:15255"
      clientAddress: "localhost:15254"
      adminAddress: "localhost:15253"
      startupRole: FOLLOWER
    }
    peers {
      id: "s1"
      address: "localhost:15256"
      dataStreamAddress: "localhost:15259"
      clientAddress: "localhost:15258"
      adminAddress: "localhost:15257"
      startupRole: FOLLOWER
    }
    peers {
      id: "s2"
      address: "localhost:15260"
      dataStreamAddress: "localhost:15263"
      clientAddress: "localhost:15262"
      adminAddress: "localhost:15261"
      startupRole: FOLLOWER
    }
  }
}
leaderCommit: 17
commitInfos {
  server {
    id: "s1"
    address: "localhost:15256"
    dataStreamAddress: "localhost:15259"
    clientAddress: "localhost:15258"
    adminAddress: "localhost:15257"
    startupRole: FOLLOWER
  }
  commitIndex: 17
}
commitInfos {
  server {
    id: "s0"
    address: "localhost:15252"
    dataStreamAddress: "localhost:15255"
    clientAddress: "localhost:15254"
    adminAddress: "localhost:15253"
    startupRole: FOLLOWER
  }
  commitIndex: 17
}
commitInfos {
  server {
    id: "s2"
    address: "localhost:15260"
    dataStreamAddress: "localhost:15263"
    clientAddress: "localhost:15262"
    adminAddress: "localhost:15261"
    startupRole: FOLLOWER
  }
  commitIndex: 16
}
)
2024-10-20 10:48:37,719 [main] WARN  util.ReferenceCountedLeakDetector (ReferenceCountedLeakDetector.java:logLeakMessage(167)) - LEAK: (class org.apache.ratis.proto.RaftProtos$AppendEntriesRequestProto, count=3, value=serverRequest {
  requestorId: "s0"
  replyId: "s2"
  raftGroupId {
    id: "\375\210\024\357\262\375HY\244\207Ci\024Gb\025"
  }
  callId: 1
}
leaderTerm: 10
previousLog {
  term: 9
  index: 16
}
entries {
  term: 10
  index: 17
  configurationEntry {
    peers {
      id: "s0"
      address: "localhost:15252"
      dataStreamAddress: "localhost:15255"
      clientAddress: "localhost:15254"
      adminAddress: "localhost:15253"
      startupRole: FOLLOWER
    }
    peers {
      id: "s1"
      address: "localhost:15256"
      dataStreamAddress: "localhost:15259"
      clientAddress: "localhost:15258"
      adminAddress: "localhost:15257"
      startupRole: FOLLOWER
    }
    peers {
      id: "s2"
      address: "localhost:15260"
      dataStreamAddress: "localhost:15263"
      clientAddress: "localhost:15262"
      adminAddress: "localhost:15261"
      startupRole: FOLLOWER
    }
  }
}
leaderCommit: 16
commitInfos {
  server {
    id: "s0"
    address: "localhost:15252"
    dataStreamAddress: "localhost:15255"
    clientAddress: "localhost:15254"
    adminAddress: "localhost:15253"
    startupRole: FOLLOWER
  }
  commitIndex: 16
}
commitInfos {
  server {
    id: "s1"
    address: "localhost:15256"
    dataStreamAddress: "localhost:15259"
    clientAddress: "localhost:15258"
    adminAddress: "localhost:15257"
    startupRole: FOLLOWER
  }
  commitIndex: 16
}
commitInfos {
  server {
    id: "s2"
    address: "localhost:15260"
    dataStreamAddress: "localhost:15263"
    clientAddress: "localhost:15262"
    adminAddress: "localhost:15261"
    startupRole: FOLLOWER
  }
  commitIndex: 16
}
)
2024-10-20 10:48:37,719 [main] WARN  util.ReferenceCountedLeakDetector (ReferenceCountedLeakDetector.java:logLeakMessage(167)) - LEAK: (class org.apache.ratis.proto.RaftProtos$AppendEntriesRequestProto, count=2, value=serverRequest {
  requestorId: "s1"
  replyId: "s2"
  raftGroupId {
    id: "\375\210\024\357\262\375HY\244\207Ci\024Gb\025"
  }
  callId: 8
}
leaderTerm: 9
previousLog {
  term: 9
  index: 16
}
leaderCommit: 16
commitInfos {
  server {
    id: "s1"
    address: "localhost:15256"
    dataStreamAddress: "localhost:15259"
    clientAddress: "localhost:15258"
    adminAddress: "localhost:15257"
    startupRole: FOLLOWER
  }
  commitIndex: 16
}
commitInfos {
  server {
    id: "s0"
    address: "localhost:15252"
    dataStreamAddress: "localhost:15255"
    clientAddress: "localhost:15254"
    adminAddress: "localhost:15253"
    startupRole: FOLLOWER
  }
  commitIndex: 16
}
commitInfos {
  server {
    id: "s2"
    address: "localhost:15260"
    dataStreamAddress: "localhost:15263"
    clientAddress: "localhost:15262"
    adminAddress: "localhost:15261"
    startupRole: FOLLOWER
  }
  commitIndex: 16
}
)
2024-10-20 10:48:37,719 [main] WARN  util.ReferenceCountedLeakDetector (ReferenceCountedLeakDetector.java:logLeakMessage(167)) - LEAK: (class org.apache.ratis.proto.RaftProtos$AppendEntriesRequestProto, count=2, value=serverRequest {
  requestorId: "s1"
  replyId: "s2"
  raftGroupId {
    id: "\375\210\024\357\262\375HY\244\207Ci\024Gb\025"
  }
}
leaderTerm: 11
previousLog {
  term: 10
  index: 18
}
leaderCommit: 17
commitInfos {
  server {
    id: "s1"
    address: "localhost:15256"
    dataStreamAddress: "localhost:15259"
    clientAddress: "localhost:15258"
    adminAddress: "localhost:15257"
    startupRole: FOLLOWER
  }
  commitIndex: 17
}
commitInfos {
  server {
    id: "s0"
    address: "localhost:15252"
    dataStreamAddress: "localhost:15255"
    clientAddress: "localhost:15254"
    adminAddress: "localhost:15253"
    startupRole: FOLLOWER
  }
  commitIndex: 17
}
commitInfos {
  server {
    id: "s2"
    address: "localhost:15260"
    dataStreamAddress: "localhost:15263"
    clientAddress: "localhost:15262"
    adminAddress: "localhost:15261"
    startupRole: FOLLOWER
  }
  commitIndex: 16
}
)
2024-10-20 10:48:37,719 [main] WARN  util.LeakDetector (LeakDetector.java:assertNoLeaks(171)) - 20/30) numLeaks == 5 > 0, will wait and retry ...
2024-10-20 10:48:38,719 [main] WARN  util.ReferenceCountedLeakDetector (ReferenceCountedLeakDetector.java:logLeakMessage(167)) - LEAK: (class org.apache.ratis.proto.RaftProtos$AppendEntriesRequestProto, count=2, value=serverRequest {
  requestorId: "s0"
  replyId: "s2"
  raftGroupId {
    id: "\375\210\024\357\262\375HY\244\207Ci\024Gb\025"
  }
}
leaderTerm: 10
previousLog {
  term: 9
  index: 16
}
leaderCommit: 16
commitInfos {
  server {
    id: "s0"
    address: "localhost:15252"
    dataStreamAddress: "localhost:15255"
    clientAddress: "localhost:15254"
    adminAddress: "localhost:15253"
    startupRole: FOLLOWER
  }
  commitIndex: 16
}
commitInfos {
  server {
    id: "s1"
    address: "localhost:15256"
    dataStreamAddress: "localhost:15259"
    clientAddress: "localhost:15258"
    adminAddress: "localhost:15257"
    startupRole: FOLLOWER
  }
  commitIndex: 16
}
commitInfos {
  server {
    id: "s2"
    address: "localhost:15260"
    dataStreamAddress: "localhost:15263"
    clientAddress: "localhost:15262"
    adminAddress: "localhost:15261"
    startupRole: FOLLOWER
  }
  commitIndex: 16
}
)
2024-10-20 10:48:38,720 [main] WARN  util.ReferenceCountedLeakDetector (ReferenceCountedLeakDetector.java:logLeakMessage(167)) - LEAK: (class org.apache.ratis.proto.RaftProtos$AppendEntriesRequestProto, count=3, value=serverRequest {
  requestorId: "s1"
  replyId: "s2"
  raftGroupId {
    id: "\375\210\024\357\262\375HY\244\207Ci\024Gb\025"
  }
  callId: 1
}
leaderTerm: 11
previousLog {
  term: 10
  index: 18
}
entries {
  term: 11
  index: 19
  configurationEntry {
    peers {
      id: "s0"
      address: "localhost:15252"
      dataStreamAddress: "localhost:15255"
      clientAddress: "localhost:15254"
      adminAddress: "localhost:15253"
      startupRole: FOLLOWER
    }
    peers {
      id: "s1"
      address: "localhost:15256"
      dataStreamAddress: "localhost:15259"
      clientAddress: "localhost:15258"
      adminAddress: "localhost:15257"
      startupRole: FOLLOWER
    }
    peers {
      id: "s2"
      address: "localhost:15260"
      dataStreamAddress: "localhost:15263"
      clientAddress: "localhost:15262"
      adminAddress: "localhost:15261"
      startupRole: FOLLOWER
    }
  }
}
leaderCommit: 17
commitInfos {
  server {
    id: "s1"
    address: "localhost:15256"
    dataStreamAddress: "localhost:15259"
    clientAddress: "localhost:15258"
    adminAddress: "localhost:15257"
    startupRole: FOLLOWER
  }
  commitIndex: 17
}
commitInfos {
  server {
    id: "s0"
    address: "localhost:15252"
    dataStreamAddress: "localhost:15255"
    clientAddress: "localhost:15254"
    adminAddress: "localhost:15253"
    startupRole: FOLLOWER
  }
  commitIndex: 17
}
commitInfos {
  server {
    id: "s2"
    address: "localhost:15260"
    dataStreamAddress: "localhost:15263"
    clientAddress: "localhost:15262"
    adminAddress: "localhost:15261"
    startupRole: FOLLOWER
  }
  commitIndex: 16
}
)
2024-10-20 10:48:38,720 [main] WARN  util.ReferenceCountedLeakDetector (ReferenceCountedLeakDetector.java:logLeakMessage(167)) - LEAK: (class org.apache.ratis.proto.RaftProtos$AppendEntriesRequestProto, count=3, value=serverRequest {
  requestorId: "s0"
  replyId: "s2"
  raftGroupId {
    id: "\375\210\024\357\262\375HY\244\207Ci\024Gb\025"
  }
  callId: 1
}
leaderTerm: 10
previousLog {
  term: 9
  index: 16
}
entries {
  term: 10
  index: 17
  configurationEntry {
    peers {
      id: "s0"
      address: "localhost:15252"
      dataStreamAddress: "localhost:15255"
      clientAddress: "localhost:15254"
      adminAddress: "localhost:15253"
      startupRole: FOLLOWER
    }
    peers {
      id: "s1"
      address: "localhost:15256"
      dataStreamAddress: "localhost:15259"
      clientAddress: "localhost:15258"
      adminAddress: "localhost:15257"
      startupRole: FOLLOWER
    }
    peers {
      id: "s2"
      address: "localhost:15260"
      dataStreamAddress: "localhost:15263"
      clientAddress: "localhost:15262"
      adminAddress: "localhost:15261"
      startupRole: FOLLOWER
    }
  }
}
leaderCommit: 16
commitInfos {
  server {
    id: "s0"
    address: "localhost:15252"
    dataStreamAddress: "localhost:15255"
    clientAddress: "localhost:15254"
    adminAddress: "localhost:15253"
    startupRole: FOLLOWER
  }
  commitIndex: 16
}
commitInfos {
  server {
    id: "s1"
    address: "localhost:15256"
    dataStreamAddress: "localhost:15259"
    clientAddress: "localhost:15258"
    adminAddress: "localhost:15257"
    startupRole: FOLLOWER
  }
  commitIndex: 16
}
commitInfos {
  server {
    id: "s2"
    address: "localhost:15260"
    dataStreamAddress: "localhost:15263"
    clientAddress: "localhost:15262"
    adminAddress: "localhost:15261"
    startupRole: FOLLOWER
  }
  commitIndex: 16
}
)
2024-10-20 10:48:38,720 [main] WARN  util.ReferenceCountedLeakDetector (ReferenceCountedLeakDetector.java:logLeakMessage(167)) - LEAK: (class org.apache.ratis.proto.RaftProtos$AppendEntriesRequestProto, count=2, value=serverRequest {
  requestorId: "s1"
  replyId: "s2"
  raftGroupId {
    id: "\375\210\024\357\262\375HY\244\207Ci\024Gb\025"
  }
  callId: 8
}
leaderTerm: 9
previousLog {
  term: 9
  index: 16
}
leaderCommit: 16
commitInfos {
  server {
    id: "s1"
    address: "localhost:15256"
    dataStreamAddress: "localhost:15259"
    clientAddress: "localhost:15258"
    adminAddress: "localhost:15257"
    startupRole: FOLLOWER
  }
  commitIndex: 16
}
commitInfos {
  server {
    id: "s0"
    address: "localhost:15252"
    dataStreamAddress: "localhost:15255"
    clientAddress: "localhost:15254"
    adminAddress: "localhost:15253"
    startupRole: FOLLOWER
  }
  commitIndex: 16
}
commitInfos {
  server {
    id: "s2"
    address: "localhost:15260"
    dataStreamAddress: "localhost:15263"
    clientAddress: "localhost:15262"
    adminAddress: "localhost:15261"
    startupRole: FOLLOWER
  }
  commitIndex: 16
}
)
2024-10-20 10:48:38,720 [main] WARN  util.ReferenceCountedLeakDetector (ReferenceCountedLeakDetector.java:logLeakMessage(167)) - LEAK: (class org.apache.ratis.proto.RaftProtos$AppendEntriesRequestProto, count=2, value=serverRequest {
  requestorId: "s1"
  replyId: "s2"
  raftGroupId {
    id: "\375\210\024\357\262\375HY\244\207Ci\024Gb\025"
  }
}
leaderTerm: 11
previousLog {
  term: 10
  index: 18
}
leaderCommit: 17
commitInfos {
  server {
    id: "s1"
    address: "localhost:15256"
    dataStreamAddress: "localhost:15259"
    clientAddress: "localhost:15258"
    adminAddress: "localhost:15257"
    startupRole: FOLLOWER
  }
  commitIndex: 17
}
commitInfos {
  server {
    id: "s0"
    address: "localhost:15252"
    dataStreamAddress: "localhost:15255"
    clientAddress: "localhost:15254"
    adminAddress: "localhost:15253"
    startupRole: FOLLOWER
  }
  commitIndex: 17
}
commitInfos {
  server {
    id: "s2"
    address: "localhost:15260"
    dataStreamAddress: "localhost:15263"
    clientAddress: "localhost:15262"
    adminAddress: "localhost:15261"
    startupRole: FOLLOWER
  }
  commitIndex: 16
}
)
2024-10-20 10:48:38,720 [main] WARN  util.LeakDetector (LeakDetector.java:assertNoLeaks(171)) - 21/30) numLeaks == 5 > 0, will wait and retry ...
2024-10-20 10:48:39,720 [main] WARN  util.ReferenceCountedLeakDetector (ReferenceCountedLeakDetector.java:logLeakMessage(167)) - LEAK: (class org.apache.ratis.proto.RaftProtos$AppendEntriesRequestProto, count=2, value=serverRequest {
  requestorId: "s0"
  replyId: "s2"
  raftGroupId {
    id: "\375\210\024\357\262\375HY\244\207Ci\024Gb\025"
  }
}
leaderTerm: 10
previousLog {
  term: 9
  index: 16
}
leaderCommit: 16
commitInfos {
  server {
    id: "s0"
    address: "localhost:15252"
    dataStreamAddress: "localhost:15255"
    clientAddress: "localhost:15254"
    adminAddress: "localhost:15253"
    startupRole: FOLLOWER
  }
  commitIndex: 16
}
commitInfos {
  server {
    id: "s1"
    address: "localhost:15256"
    dataStreamAddress: "localhost:15259"
    clientAddress: "localhost:15258"
    adminAddress: "localhost:15257"
    startupRole: FOLLOWER
  }
  commitIndex: 16
}
commitInfos {
  server {
    id: "s2"
    address: "localhost:15260"
    dataStreamAddress: "localhost:15263"
    clientAddress: "localhost:15262"
    adminAddress: "localhost:15261"
    startupRole: FOLLOWER
  }
  commitIndex: 16
}
)
2024-10-20 10:48:39,721 [main] WARN  util.ReferenceCountedLeakDetector (ReferenceCountedLeakDetector.java:logLeakMessage(167)) - LEAK: (class org.apache.ratis.proto.RaftProtos$AppendEntriesRequestProto, count=3, value=serverRequest {
  requestorId: "s1"
  replyId: "s2"
  raftGroupId {
    id: "\375\210\024\357\262\375HY\244\207Ci\024Gb\025"
  }
  callId: 1
}
leaderTerm: 11
previousLog {
  term: 10
  index: 18
}
entries {
  term: 11
  index: 19
  configurationEntry {
    peers {
      id: "s0"
      address: "localhost:15252"
      dataStreamAddress: "localhost:15255"
      clientAddress: "localhost:15254"
      adminAddress: "localhost:15253"
      startupRole: FOLLOWER
    }
    peers {
      id: "s1"
      address: "localhost:15256"
      dataStreamAddress: "localhost:15259"
      clientAddress: "localhost:15258"
      adminAddress: "localhost:15257"
      startupRole: FOLLOWER
    }
    peers {
      id: "s2"
      address: "localhost:15260"
      dataStreamAddress: "localhost:15263"
      clientAddress: "localhost:15262"
      adminAddress: "localhost:15261"
      startupRole: FOLLOWER
    }
  }
}
leaderCommit: 17
commitInfos {
  server {
    id: "s1"
    address: "localhost:15256"
    dataStreamAddress: "localhost:15259"
    clientAddress: "localhost:15258"
    adminAddress: "localhost:15257"
    startupRole: FOLLOWER
  }
  commitIndex: 17
}
commitInfos {
  server {
    id: "s0"
    address: "localhost:15252"
    dataStreamAddress: "localhost:15255"
    clientAddress: "localhost:15254"
    adminAddress: "localhost:15253"
    startupRole: FOLLOWER
  }
  commitIndex: 17
}
commitInfos {
  server {
    id: "s2"
    address: "localhost:15260"
    dataStreamAddress: "localhost:15263"
    clientAddress: "localhost:15262"
    adminAddress: "localhost:15261"
    startupRole: FOLLOWER
  }
  commitIndex: 16
}
)
2024-10-20 10:48:39,721 [main] WARN  util.ReferenceCountedLeakDetector (ReferenceCountedLeakDetector.java:logLeakMessage(167)) - LEAK: (class org.apache.ratis.proto.RaftProtos$AppendEntriesRequestProto, count=3, value=serverRequest {
  requestorId: "s0"
  replyId: "s2"
  raftGroupId {
    id: "\375\210\024\357\262\375HY\244\207Ci\024Gb\025"
  }
  callId: 1
}
leaderTerm: 10
previousLog {
  term: 9
  index: 16
}
entries {
  term: 10
  index: 17
  configurationEntry {
    peers {
      id: "s0"
      address: "localhost:15252"
      dataStreamAddress: "localhost:15255"
      clientAddress: "localhost:15254"
      adminAddress: "localhost:15253"
      startupRole: FOLLOWER
    }
    peers {
      id: "s1"
      address: "localhost:15256"
      dataStreamAddress: "localhost:15259"
      clientAddress: "localhost:15258"
      adminAddress: "localhost:15257"
      startupRole: FOLLOWER
    }
    peers {
      id: "s2"
      address: "localhost:15260"
      dataStreamAddress: "localhost:15263"
      clientAddress: "localhost:15262"
      adminAddress: "localhost:15261"
      startupRole: FOLLOWER
    }
  }
}
leaderCommit: 16
commitInfos {
  server {
    id: "s0"
    address: "localhost:15252"
    dataStreamAddress: "localhost:15255"
    clientAddress: "localhost:15254"
    adminAddress: "localhost:15253"
    startupRole: FOLLOWER
  }
  commitIndex: 16
}
commitInfos {
  server {
    id: "s1"
    address: "localhost:15256"
    dataStreamAddress: "localhost:15259"
    clientAddress: "localhost:15258"
    adminAddress: "localhost:15257"
    startupRole: FOLLOWER
  }
  commitIndex: 16
}
commitInfos {
  server {
    id: "s2"
    address: "localhost:15260"
    dataStreamAddress: "localhost:15263"
    clientAddress: "localhost:15262"
    adminAddress: "localhost:15261"
    startupRole: FOLLOWER
  }
  commitIndex: 16
}
)
2024-10-20 10:48:39,721 [main] WARN  util.ReferenceCountedLeakDetector (ReferenceCountedLeakDetector.java:logLeakMessage(167)) - LEAK: (class org.apache.ratis.proto.RaftProtos$AppendEntriesRequestProto, count=2, value=serverRequest {
  requestorId: "s1"
  replyId: "s2"
  raftGroupId {
    id: "\375\210\024\357\262\375HY\244\207Ci\024Gb\025"
  }
  callId: 8
}
leaderTerm: 9
previousLog {
  term: 9
  index: 16
}
leaderCommit: 16
commitInfos {
  server {
    id: "s1"
    address: "localhost:15256"
    dataStreamAddress: "localhost:15259"
    clientAddress: "localhost:15258"
    adminAddress: "localhost:15257"
    startupRole: FOLLOWER
  }
  commitIndex: 16
}
commitInfos {
  server {
    id: "s0"
    address: "localhost:15252"
    dataStreamAddress: "localhost:15255"
    clientAddress: "localhost:15254"
    adminAddress: "localhost:15253"
    startupRole: FOLLOWER
  }
  commitIndex: 16
}
commitInfos {
  server {
    id: "s2"
    address: "localhost:15260"
    dataStreamAddress: "localhost:15263"
    clientAddress: "localhost:15262"
    adminAddress: "localhost:15261"
    startupRole: FOLLOWER
  }
  commitIndex: 16
}
)
2024-10-20 10:48:39,721 [main] WARN  util.ReferenceCountedLeakDetector (ReferenceCountedLeakDetector.java:logLeakMessage(167)) - LEAK: (class org.apache.ratis.proto.RaftProtos$AppendEntriesRequestProto, count=2, value=serverRequest {
  requestorId: "s1"
  replyId: "s2"
  raftGroupId {
    id: "\375\210\024\357\262\375HY\244\207Ci\024Gb\025"
  }
}
leaderTerm: 11
previousLog {
  term: 10
  index: 18
}
leaderCommit: 17
commitInfos {
  server {
    id: "s1"
    address: "localhost:15256"
    dataStreamAddress: "localhost:15259"
    clientAddress: "localhost:15258"
    adminAddress: "localhost:15257"
    startupRole: FOLLOWER
  }
  commitIndex: 17
}
commitInfos {
  server {
    id: "s0"
    address: "localhost:15252"
    dataStreamAddress: "localhost:15255"
    clientAddress: "localhost:15254"
    adminAddress: "localhost:15253"
    startupRole: FOLLOWER
  }
  commitIndex: 17
}
commitInfos {
  server {
    id: "s2"
    address: "localhost:15260"
    dataStreamAddress: "localhost:15263"
    clientAddress: "localhost:15262"
    adminAddress: "localhost:15261"
    startupRole: FOLLOWER
  }
  commitIndex: 16
}
)
2024-10-20 10:48:39,721 [main] WARN  util.LeakDetector (LeakDetector.java:assertNoLeaks(171)) - 22/30) numLeaks == 5 > 0, will wait and retry ...
2024-10-20 10:48:40,721 [main] WARN  util.ReferenceCountedLeakDetector (ReferenceCountedLeakDetector.java:logLeakMessage(167)) - LEAK: (class org.apache.ratis.proto.RaftProtos$AppendEntriesRequestProto, count=2, value=serverRequest {
  requestorId: "s0"
  replyId: "s2"
  raftGroupId {
    id: "\375\210\024\357\262\375HY\244\207Ci\024Gb\025"
  }
}
leaderTerm: 10
previousLog {
  term: 9
  index: 16
}
leaderCommit: 16
commitInfos {
  server {
    id: "s0"
    address: "localhost:15252"
    dataStreamAddress: "localhost:15255"
    clientAddress: "localhost:15254"
    adminAddress: "localhost:15253"
    startupRole: FOLLOWER
  }
  commitIndex: 16
}
commitInfos {
  server {
    id: "s1"
    address: "localhost:15256"
    dataStreamAddress: "localhost:15259"
    clientAddress: "localhost:15258"
    adminAddress: "localhost:15257"
    startupRole: FOLLOWER
  }
  commitIndex: 16
}
commitInfos {
  server {
    id: "s2"
    address: "localhost:15260"
    dataStreamAddress: "localhost:15263"
    clientAddress: "localhost:15262"
    adminAddress: "localhost:15261"
    startupRole: FOLLOWER
  }
  commitIndex: 16
}
)
2024-10-20 10:48:40,722 [main] WARN  util.ReferenceCountedLeakDetector (ReferenceCountedLeakDetector.java:logLeakMessage(167)) - LEAK: (class org.apache.ratis.proto.RaftProtos$AppendEntriesRequestProto, count=3, value=serverRequest {
  requestorId: "s1"
  replyId: "s2"
  raftGroupId {
    id: "\375\210\024\357\262\375HY\244\207Ci\024Gb\025"
  }
  callId: 1
}
leaderTerm: 11
previousLog {
  term: 10
  index: 18
}
entries {
  term: 11
  index: 19
  configurationEntry {
    peers {
      id: "s0"
      address: "localhost:15252"
      dataStreamAddress: "localhost:15255"
      clientAddress: "localhost:15254"
      adminAddress: "localhost:15253"
      startupRole: FOLLOWER
    }
    peers {
      id: "s1"
      address: "localhost:15256"
      dataStreamAddress: "localhost:15259"
      clientAddress: "localhost:15258"
      adminAddress: "localhost:15257"
      startupRole: FOLLOWER
    }
    peers {
      id: "s2"
      address: "localhost:15260"
      dataStreamAddress: "localhost:15263"
      clientAddress: "localhost:15262"
      adminAddress: "localhost:15261"
      startupRole: FOLLOWER
    }
  }
}
leaderCommit: 17
commitInfos {
  server {
    id: "s1"
    address: "localhost:15256"
    dataStreamAddress: "localhost:15259"
    clientAddress: "localhost:15258"
    adminAddress: "localhost:15257"
    startupRole: FOLLOWER
  }
  commitIndex: 17
}
commitInfos {
  server {
    id: "s0"
    address: "localhost:15252"
    dataStreamAddress: "localhost:15255"
    clientAddress: "localhost:15254"
    adminAddress: "localhost:15253"
    startupRole: FOLLOWER
  }
  commitIndex: 17
}
commitInfos {
  server {
    id: "s2"
    address: "localhost:15260"
    dataStreamAddress: "localhost:15263"
    clientAddress: "localhost:15262"
    adminAddress: "localhost:15261"
    startupRole: FOLLOWER
  }
  commitIndex: 16
}
)
2024-10-20 10:48:40,722 [main] WARN  util.ReferenceCountedLeakDetector (ReferenceCountedLeakDetector.java:logLeakMessage(167)) - LEAK: (class org.apache.ratis.proto.RaftProtos$AppendEntriesRequestProto, count=3, value=serverRequest {
  requestorId: "s0"
  replyId: "s2"
  raftGroupId {
    id: "\375\210\024\357\262\375HY\244\207Ci\024Gb\025"
  }
  callId: 1
}
leaderTerm: 10
previousLog {
  term: 9
  index: 16
}
entries {
  term: 10
  index: 17
  configurationEntry {
    peers {
      id: "s0"
      address: "localhost:15252"
      dataStreamAddress: "localhost:15255"
      clientAddress: "localhost:15254"
      adminAddress: "localhost:15253"
      startupRole: FOLLOWER
    }
    peers {
      id: "s1"
      address: "localhost:15256"
      dataStreamAddress: "localhost:15259"
      clientAddress: "localhost:15258"
      adminAddress: "localhost:15257"
      startupRole: FOLLOWER
    }
    peers {
      id: "s2"
      address: "localhost:15260"
      dataStreamAddress: "localhost:15263"
      clientAddress: "localhost:15262"
      adminAddress: "localhost:15261"
      startupRole: FOLLOWER
    }
  }
}
leaderCommit: 16
commitInfos {
  server {
    id: "s0"
    address: "localhost:15252"
    dataStreamAddress: "localhost:15255"
    clientAddress: "localhost:15254"
    adminAddress: "localhost:15253"
    startupRole: FOLLOWER
  }
  commitIndex: 16
}
commitInfos {
  server {
    id: "s1"
    address: "localhost:15256"
    dataStreamAddress: "localhost:15259"
    clientAddress: "localhost:15258"
    adminAddress: "localhost:15257"
    startupRole: FOLLOWER
  }
  commitIndex: 16
}
commitInfos {
  server {
    id: "s2"
    address: "localhost:15260"
    dataStreamAddress: "localhost:15263"
    clientAddress: "localhost:15262"
    adminAddress: "localhost:15261"
    startupRole: FOLLOWER
  }
  commitIndex: 16
}
)
2024-10-20 10:48:40,722 [main] WARN  util.ReferenceCountedLeakDetector (ReferenceCountedLeakDetector.java:logLeakMessage(167)) - LEAK: (class org.apache.ratis.proto.RaftProtos$AppendEntriesRequestProto, count=2, value=serverRequest {
  requestorId: "s1"
  replyId: "s2"
  raftGroupId {
    id: "\375\210\024\357\262\375HY\244\207Ci\024Gb\025"
  }
  callId: 8
}
leaderTerm: 9
previousLog {
  term: 9
  index: 16
}
leaderCommit: 16
commitInfos {
  server {
    id: "s1"
    address: "localhost:15256"
    dataStreamAddress: "localhost:15259"
    clientAddress: "localhost:15258"
    adminAddress: "localhost:15257"
    startupRole: FOLLOWER
  }
  commitIndex: 16
}
commitInfos {
  server {
    id: "s0"
    address: "localhost:15252"
    dataStreamAddress: "localhost:15255"
    clientAddress: "localhost:15254"
    adminAddress: "localhost:15253"
    startupRole: FOLLOWER
  }
  commitIndex: 16
}
commitInfos {
  server {
    id: "s2"
    address: "localhost:15260"
    dataStreamAddress: "localhost:15263"
    clientAddress: "localhost:15262"
    adminAddress: "localhost:15261"
    startupRole: FOLLOWER
  }
  commitIndex: 16
}
)
2024-10-20 10:48:40,722 [main] WARN  util.ReferenceCountedLeakDetector (ReferenceCountedLeakDetector.java:logLeakMessage(167)) - LEAK: (class org.apache.ratis.proto.RaftProtos$AppendEntriesRequestProto, count=2, value=serverRequest {
  requestorId: "s1"
  replyId: "s2"
  raftGroupId {
    id: "\375\210\024\357\262\375HY\244\207Ci\024Gb\025"
  }
}
leaderTerm: 11
previousLog {
  term: 10
  index: 18
}
leaderCommit: 17
commitInfos {
  server {
    id: "s1"
    address: "localhost:15256"
    dataStreamAddress: "localhost:15259"
    clientAddress: "localhost:15258"
    adminAddress: "localhost:15257"
    startupRole: FOLLOWER
  }
  commitIndex: 17
}
commitInfos {
  server {
    id: "s0"
    address: "localhost:15252"
    dataStreamAddress: "localhost:15255"
    clientAddress: "localhost:15254"
    adminAddress: "localhost:15253"
    startupRole: FOLLOWER
  }
  commitIndex: 17
}
commitInfos {
  server {
    id: "s2"
    address: "localhost:15260"
    dataStreamAddress: "localhost:15263"
    clientAddress: "localhost:15262"
    adminAddress: "localhost:15261"
    startupRole: FOLLOWER
  }
  commitIndex: 16
}
)
2024-10-20 10:48:40,722 [main] WARN  util.LeakDetector (LeakDetector.java:assertNoLeaks(171)) - 23/30) numLeaks == 5 > 0, will wait and retry ...
2024-10-20 10:48:41,722 [main] WARN  util.ReferenceCountedLeakDetector (ReferenceCountedLeakDetector.java:logLeakMessage(167)) - LEAK: (class org.apache.ratis.proto.RaftProtos$AppendEntriesRequestProto, count=2, value=serverRequest {
  requestorId: "s0"
  replyId: "s2"
  raftGroupId {
    id: "\375\210\024\357\262\375HY\244\207Ci\024Gb\025"
  }
}
leaderTerm: 10
previousLog {
  term: 9
  index: 16
}
leaderCommit: 16
commitInfos {
  server {
    id: "s0"
    address: "localhost:15252"
    dataStreamAddress: "localhost:15255"
    clientAddress: "localhost:15254"
    adminAddress: "localhost:15253"
    startupRole: FOLLOWER
  }
  commitIndex: 16
}
commitInfos {
  server {
    id: "s1"
    address: "localhost:15256"
    dataStreamAddress: "localhost:15259"
    clientAddress: "localhost:15258"
    adminAddress: "localhost:15257"
    startupRole: FOLLOWER
  }
  commitIndex: 16
}
commitInfos {
  server {
    id: "s2"
    address: "localhost:15260"
    dataStreamAddress: "localhost:15263"
    clientAddress: "localhost:15262"
    adminAddress: "localhost:15261"
    startupRole: FOLLOWER
  }
  commitIndex: 16
}
)
2024-10-20 10:48:41,723 [main] WARN  util.ReferenceCountedLeakDetector (ReferenceCountedLeakDetector.java:logLeakMessage(167)) - LEAK: (class org.apache.ratis.proto.RaftProtos$AppendEntriesRequestProto, count=3, value=serverRequest {
  requestorId: "s1"
  replyId: "s2"
  raftGroupId {
    id: "\375\210\024\357\262\375HY\244\207Ci\024Gb\025"
  }
  callId: 1
}
leaderTerm: 11
previousLog {
  term: 10
  index: 18
}
entries {
  term: 11
  index: 19
  configurationEntry {
    peers {
      id: "s0"
      address: "localhost:15252"
      dataStreamAddress: "localhost:15255"
      clientAddress: "localhost:15254"
      adminAddress: "localhost:15253"
      startupRole: FOLLOWER
    }
    peers {
      id: "s1"
      address: "localhost:15256"
      dataStreamAddress: "localhost:15259"
      clientAddress: "localhost:15258"
      adminAddress: "localhost:15257"
      startupRole: FOLLOWER
    }
    peers {
      id: "s2"
      address: "localhost:15260"
      dataStreamAddress: "localhost:15263"
      clientAddress: "localhost:15262"
      adminAddress: "localhost:15261"
      startupRole: FOLLOWER
    }
  }
}
leaderCommit: 17
commitInfos {
  server {
    id: "s1"
    address: "localhost:15256"
    dataStreamAddress: "localhost:15259"
    clientAddress: "localhost:15258"
    adminAddress: "localhost:15257"
    startupRole: FOLLOWER
  }
  commitIndex: 17
}
commitInfos {
  server {
    id: "s0"
    address: "localhost:15252"
    dataStreamAddress: "localhost:15255"
    clientAddress: "localhost:15254"
    adminAddress: "localhost:15253"
    startupRole: FOLLOWER
  }
  commitIndex: 17
}
commitInfos {
  server {
    id: "s2"
    address: "localhost:15260"
    dataStreamAddress: "localhost:15263"
    clientAddress: "localhost:15262"
    adminAddress: "localhost:15261"
    startupRole: FOLLOWER
  }
  commitIndex: 16
}
)
2024-10-20 10:48:41,723 [main] WARN  util.ReferenceCountedLeakDetector (ReferenceCountedLeakDetector.java:logLeakMessage(167)) - LEAK: (class org.apache.ratis.proto.RaftProtos$AppendEntriesRequestProto, count=3, value=serverRequest {
  requestorId: "s0"
  replyId: "s2"
  raftGroupId {
    id: "\375\210\024\357\262\375HY\244\207Ci\024Gb\025"
  }
  callId: 1
}
leaderTerm: 10
previousLog {
  term: 9
  index: 16
}
entries {
  term: 10
  index: 17
  configurationEntry {
    peers {
      id: "s0"
      address: "localhost:15252"
      dataStreamAddress: "localhost:15255"
      clientAddress: "localhost:15254"
      adminAddress: "localhost:15253"
      startupRole: FOLLOWER
    }
    peers {
      id: "s1"
      address: "localhost:15256"
      dataStreamAddress: "localhost:15259"
      clientAddress: "localhost:15258"
      adminAddress: "localhost:15257"
      startupRole: FOLLOWER
    }
    peers {
      id: "s2"
      address: "localhost:15260"
      dataStreamAddress: "localhost:15263"
      clientAddress: "localhost:15262"
      adminAddress: "localhost:15261"
      startupRole: FOLLOWER
    }
  }
}
leaderCommit: 16
commitInfos {
  server {
    id: "s0"
    address: "localhost:15252"
    dataStreamAddress: "localhost:15255"
    clientAddress: "localhost:15254"
    adminAddress: "localhost:15253"
    startupRole: FOLLOWER
  }
  commitIndex: 16
}
commitInfos {
  server {
    id: "s1"
    address: "localhost:15256"
    dataStreamAddress: "localhost:15259"
    clientAddress: "localhost:15258"
    adminAddress: "localhost:15257"
    startupRole: FOLLOWER
  }
  commitIndex: 16
}
commitInfos {
  server {
    id: "s2"
    address: "localhost:15260"
    dataStreamAddress: "localhost:15263"
    clientAddress: "localhost:15262"
    adminAddress: "localhost:15261"
    startupRole: FOLLOWER
  }
  commitIndex: 16
}
)
2024-10-20 10:48:41,723 [main] WARN  util.ReferenceCountedLeakDetector (ReferenceCountedLeakDetector.java:logLeakMessage(167)) - LEAK: (class org.apache.ratis.proto.RaftProtos$AppendEntriesRequestProto, count=2, value=serverRequest {
  requestorId: "s1"
  replyId: "s2"
  raftGroupId {
    id: "\375\210\024\357\262\375HY\244\207Ci\024Gb\025"
  }
  callId: 8
}
leaderTerm: 9
previousLog {
  term: 9
  index: 16
}
leaderCommit: 16
commitInfos {
  server {
    id: "s1"
    address: "localhost:15256"
    dataStreamAddress: "localhost:15259"
    clientAddress: "localhost:15258"
    adminAddress: "localhost:15257"
    startupRole: FOLLOWER
  }
  commitIndex: 16
}
commitInfos {
  server {
    id: "s0"
    address: "localhost:15252"
    dataStreamAddress: "localhost:15255"
    clientAddress: "localhost:15254"
    adminAddress: "localhost:15253"
    startupRole: FOLLOWER
  }
  commitIndex: 16
}
commitInfos {
  server {
    id: "s2"
    address: "localhost:15260"
    dataStreamAddress: "localhost:15263"
    clientAddress: "localhost:15262"
    adminAddress: "localhost:15261"
    startupRole: FOLLOWER
  }
  commitIndex: 16
}
)
2024-10-20 10:48:41,723 [main] WARN  util.ReferenceCountedLeakDetector (ReferenceCountedLeakDetector.java:logLeakMessage(167)) - LEAK: (class org.apache.ratis.proto.RaftProtos$AppendEntriesRequestProto, count=2, value=serverRequest {
  requestorId: "s1"
  replyId: "s2"
  raftGroupId {
    id: "\375\210\024\357\262\375HY\244\207Ci\024Gb\025"
  }
}
leaderTerm: 11
previousLog {
  term: 10
  index: 18
}
leaderCommit: 17
commitInfos {
  server {
    id: "s1"
    address: "localhost:15256"
    dataStreamAddress: "localhost:15259"
    clientAddress: "localhost:15258"
    adminAddress: "localhost:15257"
    startupRole: FOLLOWER
  }
  commitIndex: 17
}
commitInfos {
  server {
    id: "s0"
    address: "localhost:15252"
    dataStreamAddress: "localhost:15255"
    clientAddress: "localhost:15254"
    adminAddress: "localhost:15253"
    startupRole: FOLLOWER
  }
  commitIndex: 17
}
commitInfos {
  server {
    id: "s2"
    address: "localhost:15260"
    dataStreamAddress: "localhost:15263"
    clientAddress: "localhost:15262"
    adminAddress: "localhost:15261"
    startupRole: FOLLOWER
  }
  commitIndex: 16
}
)
2024-10-20 10:48:41,723 [main] WARN  util.LeakDetector (LeakDetector.java:assertNoLeaks(171)) - 24/30) numLeaks == 5 > 0, will wait and retry ...
2024-10-20 10:48:42,723 [main] WARN  util.ReferenceCountedLeakDetector (ReferenceCountedLeakDetector.java:logLeakMessage(167)) - LEAK: (class org.apache.ratis.proto.RaftProtos$AppendEntriesRequestProto, count=2, value=serverRequest {
  requestorId: "s0"
  replyId: "s2"
  raftGroupId {
    id: "\375\210\024\357\262\375HY\244\207Ci\024Gb\025"
  }
}
leaderTerm: 10
previousLog {
  term: 9
  index: 16
}
leaderCommit: 16
commitInfos {
  server {
    id: "s0"
    address: "localhost:15252"
    dataStreamAddress: "localhost:15255"
    clientAddress: "localhost:15254"
    adminAddress: "localhost:15253"
    startupRole: FOLLOWER
  }
  commitIndex: 16
}
commitInfos {
  server {
    id: "s1"
    address: "localhost:15256"
    dataStreamAddress: "localhost:15259"
    clientAddress: "localhost:15258"
    adminAddress: "localhost:15257"
    startupRole: FOLLOWER
  }
  commitIndex: 16
}
commitInfos {
  server {
    id: "s2"
    address: "localhost:15260"
    dataStreamAddress: "localhost:15263"
    clientAddress: "localhost:15262"
    adminAddress: "localhost:15261"
    startupRole: FOLLOWER
  }
  commitIndex: 16
}
)
2024-10-20 10:48:42,724 [main] WARN  util.ReferenceCountedLeakDetector (ReferenceCountedLeakDetector.java:logLeakMessage(167)) - LEAK: (class org.apache.ratis.proto.RaftProtos$AppendEntriesRequestProto, count=3, value=serverRequest {
  requestorId: "s1"
  replyId: "s2"
  raftGroupId {
    id: "\375\210\024\357\262\375HY\244\207Ci\024Gb\025"
  }
  callId: 1
}
leaderTerm: 11
previousLog {
  term: 10
  index: 18
}
entries {
  term: 11
  index: 19
  configurationEntry {
    peers {
      id: "s0"
      address: "localhost:15252"
      dataStreamAddress: "localhost:15255"
      clientAddress: "localhost:15254"
      adminAddress: "localhost:15253"
      startupRole: FOLLOWER
    }
    peers {
      id: "s1"
      address: "localhost:15256"
      dataStreamAddress: "localhost:15259"
      clientAddress: "localhost:15258"
      adminAddress: "localhost:15257"
      startupRole: FOLLOWER
    }
    peers {
      id: "s2"
      address: "localhost:15260"
      dataStreamAddress: "localhost:15263"
      clientAddress: "localhost:15262"
      adminAddress: "localhost:15261"
      startupRole: FOLLOWER
    }
  }
}
leaderCommit: 17
commitInfos {
  server {
    id: "s1"
    address: "localhost:15256"
    dataStreamAddress: "localhost:15259"
    clientAddress: "localhost:15258"
    adminAddress: "localhost:15257"
    startupRole: FOLLOWER
  }
  commitIndex: 17
}
commitInfos {
  server {
    id: "s0"
    address: "localhost:15252"
    dataStreamAddress: "localhost:15255"
    clientAddress: "localhost:15254"
    adminAddress: "localhost:15253"
    startupRole: FOLLOWER
  }
  commitIndex: 17
}
commitInfos {
  server {
    id: "s2"
    address: "localhost:15260"
    dataStreamAddress: "localhost:15263"
    clientAddress: "localhost:15262"
    adminAddress: "localhost:15261"
    startupRole: FOLLOWER
  }
  commitIndex: 16
}
)
2024-10-20 10:48:42,724 [main] WARN  util.ReferenceCountedLeakDetector (ReferenceCountedLeakDetector.java:logLeakMessage(167)) - LEAK: (class org.apache.ratis.proto.RaftProtos$AppendEntriesRequestProto, count=3, value=serverRequest {
  requestorId: "s0"
  replyId: "s2"
  raftGroupId {
    id: "\375\210\024\357\262\375HY\244\207Ci\024Gb\025"
  }
  callId: 1
}
leaderTerm: 10
previousLog {
  term: 9
  index: 16
}
entries {
  term: 10
  index: 17
  configurationEntry {
    peers {
      id: "s0"
      address: "localhost:15252"
      dataStreamAddress: "localhost:15255"
      clientAddress: "localhost:15254"
      adminAddress: "localhost:15253"
      startupRole: FOLLOWER
    }
    peers {
      id: "s1"
      address: "localhost:15256"
      dataStreamAddress: "localhost:15259"
      clientAddress: "localhost:15258"
      adminAddress: "localhost:15257"
      startupRole: FOLLOWER
    }
    peers {
      id: "s2"
      address: "localhost:15260"
      dataStreamAddress: "localhost:15263"
      clientAddress: "localhost:15262"
      adminAddress: "localhost:15261"
      startupRole: FOLLOWER
    }
  }
}
leaderCommit: 16
commitInfos {
  server {
    id: "s0"
    address: "localhost:15252"
    dataStreamAddress: "localhost:15255"
    clientAddress: "localhost:15254"
    adminAddress: "localhost:15253"
    startupRole: FOLLOWER
  }
  commitIndex: 16
}
commitInfos {
  server {
    id: "s1"
    address: "localhost:15256"
    dataStreamAddress: "localhost:15259"
    clientAddress: "localhost:15258"
    adminAddress: "localhost:15257"
    startupRole: FOLLOWER
  }
  commitIndex: 16
}
commitInfos {
  server {
    id: "s2"
    address: "localhost:15260"
    dataStreamAddress: "localhost:15263"
    clientAddress: "localhost:15262"
    adminAddress: "localhost:15261"
    startupRole: FOLLOWER
  }
  commitIndex: 16
}
)
2024-10-20 10:48:42,724 [main] WARN  util.ReferenceCountedLeakDetector (ReferenceCountedLeakDetector.java:logLeakMessage(167)) - LEAK: (class org.apache.ratis.proto.RaftProtos$AppendEntriesRequestProto, count=2, value=serverRequest {
  requestorId: "s1"
  replyId: "s2"
  raftGroupId {
    id: "\375\210\024\357\262\375HY\244\207Ci\024Gb\025"
  }
  callId: 8
}
leaderTerm: 9
previousLog {
  term: 9
  index: 16
}
leaderCommit: 16
commitInfos {
  server {
    id: "s1"
    address: "localhost:15256"
    dataStreamAddress: "localhost:15259"
    clientAddress: "localhost:15258"
    adminAddress: "localhost:15257"
    startupRole: FOLLOWER
  }
  commitIndex: 16
}
commitInfos {
  server {
    id: "s0"
    address: "localhost:15252"
    dataStreamAddress: "localhost:15255"
    clientAddress: "localhost:15254"
    adminAddress: "localhost:15253"
    startupRole: FOLLOWER
  }
  commitIndex: 16
}
commitInfos {
  server {
    id: "s2"
    address: "localhost:15260"
    dataStreamAddress: "localhost:15263"
    clientAddress: "localhost:15262"
    adminAddress: "localhost:15261"
    startupRole: FOLLOWER
  }
  commitIndex: 16
}
)
2024-10-20 10:48:42,724 [main] WARN  util.ReferenceCountedLeakDetector (ReferenceCountedLeakDetector.java:logLeakMessage(167)) - LEAK: (class org.apache.ratis.proto.RaftProtos$AppendEntriesRequestProto, count=2, value=serverRequest {
  requestorId: "s1"
  replyId: "s2"
  raftGroupId {
    id: "\375\210\024\357\262\375HY\244\207Ci\024Gb\025"
  }
}
leaderTerm: 11
previousLog {
  term: 10
  index: 18
}
leaderCommit: 17
commitInfos {
  server {
    id: "s1"
    address: "localhost:15256"
    dataStreamAddress: "localhost:15259"
    clientAddress: "localhost:15258"
    adminAddress: "localhost:15257"
    startupRole: FOLLOWER
  }
  commitIndex: 17
}
commitInfos {
  server {
    id: "s0"
    address: "localhost:15252"
    dataStreamAddress: "localhost:15255"
    clientAddress: "localhost:15254"
    adminAddress: "localhost:15253"
    startupRole: FOLLOWER
  }
  commitIndex: 17
}
commitInfos {
  server {
    id: "s2"
    address: "localhost:15260"
    dataStreamAddress: "localhost:15263"
    clientAddress: "localhost:15262"
    adminAddress: "localhost:15261"
    startupRole: FOLLOWER
  }
  commitIndex: 16
}
)
2024-10-20 10:48:42,724 [main] WARN  util.LeakDetector (LeakDetector.java:assertNoLeaks(171)) - 25/30) numLeaks == 5 > 0, will wait and retry ...
2024-10-20 10:48:43,724 [main] WARN  util.ReferenceCountedLeakDetector (ReferenceCountedLeakDetector.java:logLeakMessage(167)) - LEAK: (class org.apache.ratis.proto.RaftProtos$AppendEntriesRequestProto, count=2, value=serverRequest {
  requestorId: "s0"
  replyId: "s2"
  raftGroupId {
    id: "\375\210\024\357\262\375HY\244\207Ci\024Gb\025"
  }
}
leaderTerm: 10
previousLog {
  term: 9
  index: 16
}
leaderCommit: 16
commitInfos {
  server {
    id: "s0"
    address: "localhost:15252"
    dataStreamAddress: "localhost:15255"
    clientAddress: "localhost:15254"
    adminAddress: "localhost:15253"
    startupRole: FOLLOWER
  }
  commitIndex: 16
}
commitInfos {
  server {
    id: "s1"
    address: "localhost:15256"
    dataStreamAddress: "localhost:15259"
    clientAddress: "localhost:15258"
    adminAddress: "localhost:15257"
    startupRole: FOLLOWER
  }
  commitIndex: 16
}
commitInfos {
  server {
    id: "s2"
    address: "localhost:15260"
    dataStreamAddress: "localhost:15263"
    clientAddress: "localhost:15262"
    adminAddress: "localhost:15261"
    startupRole: FOLLOWER
  }
  commitIndex: 16
}
)
2024-10-20 10:48:43,725 [main] WARN  util.ReferenceCountedLeakDetector (ReferenceCountedLeakDetector.java:logLeakMessage(167)) - LEAK: (class org.apache.ratis.proto.RaftProtos$AppendEntriesRequestProto, count=3, value=serverRequest {
  requestorId: "s1"
  replyId: "s2"
  raftGroupId {
    id: "\375\210\024\357\262\375HY\244\207Ci\024Gb\025"
  }
  callId: 1
}
leaderTerm: 11
previousLog {
  term: 10
  index: 18
}
entries {
  term: 11
  index: 19
  configurationEntry {
    peers {
      id: "s0"
      address: "localhost:15252"
      dataStreamAddress: "localhost:15255"
      clientAddress: "localhost:15254"
      adminAddress: "localhost:15253"
      startupRole: FOLLOWER
    }
    peers {
      id: "s1"
      address: "localhost:15256"
      dataStreamAddress: "localhost:15259"
      clientAddress: "localhost:15258"
      adminAddress: "localhost:15257"
      startupRole: FOLLOWER
    }
    peers {
      id: "s2"
      address: "localhost:15260"
      dataStreamAddress: "localhost:15263"
      clientAddress: "localhost:15262"
      adminAddress: "localhost:15261"
      startupRole: FOLLOWER
    }
  }
}
leaderCommit: 17
commitInfos {
  server {
    id: "s1"
    address: "localhost:15256"
    dataStreamAddress: "localhost:15259"
    clientAddress: "localhost:15258"
    adminAddress: "localhost:15257"
    startupRole: FOLLOWER
  }
  commitIndex: 17
}
commitInfos {
  server {
    id: "s0"
    address: "localhost:15252"
    dataStreamAddress: "localhost:15255"
    clientAddress: "localhost:15254"
    adminAddress: "localhost:15253"
    startupRole: FOLLOWER
  }
  commitIndex: 17
}
commitInfos {
  server {
    id: "s2"
    address: "localhost:15260"
    dataStreamAddress: "localhost:15263"
    clientAddress: "localhost:15262"
    adminAddress: "localhost:15261"
    startupRole: FOLLOWER
  }
  commitIndex: 16
}
)
2024-10-20 10:48:43,725 [main] WARN  util.ReferenceCountedLeakDetector (ReferenceCountedLeakDetector.java:logLeakMessage(167)) - LEAK: (class org.apache.ratis.proto.RaftProtos$AppendEntriesRequestProto, count=3, value=serverRequest {
  requestorId: "s0"
  replyId: "s2"
  raftGroupId {
    id: "\375\210\024\357\262\375HY\244\207Ci\024Gb\025"
  }
  callId: 1
}
leaderTerm: 10
previousLog {
  term: 9
  index: 16
}
entries {
  term: 10
  index: 17
  configurationEntry {
    peers {
      id: "s0"
      address: "localhost:15252"
      dataStreamAddress: "localhost:15255"
      clientAddress: "localhost:15254"
      adminAddress: "localhost:15253"
      startupRole: FOLLOWER
    }
    peers {
      id: "s1"
      address: "localhost:15256"
      dataStreamAddress: "localhost:15259"
      clientAddress: "localhost:15258"
      adminAddress: "localhost:15257"
      startupRole: FOLLOWER
    }
    peers {
      id: "s2"
      address: "localhost:15260"
      dataStreamAddress: "localhost:15263"
      clientAddress: "localhost:15262"
      adminAddress: "localhost:15261"
      startupRole: FOLLOWER
    }
  }
}
leaderCommit: 16
commitInfos {
  server {
    id: "s0"
    address: "localhost:15252"
    dataStreamAddress: "localhost:15255"
    clientAddress: "localhost:15254"
    adminAddress: "localhost:15253"
    startupRole: FOLLOWER
  }
  commitIndex: 16
}
commitInfos {
  server {
    id: "s1"
    address: "localhost:15256"
    dataStreamAddress: "localhost:15259"
    clientAddress: "localhost:15258"
    adminAddress: "localhost:15257"
    startupRole: FOLLOWER
  }
  commitIndex: 16
}
commitInfos {
  server {
    id: "s2"
    address: "localhost:15260"
    dataStreamAddress: "localhost:15263"
    clientAddress: "localhost:15262"
    adminAddress: "localhost:15261"
    startupRole: FOLLOWER
  }
  commitIndex: 16
}
)
2024-10-20 10:48:43,725 [main] WARN  util.ReferenceCountedLeakDetector (ReferenceCountedLeakDetector.java:logLeakMessage(167)) - LEAK: (class org.apache.ratis.proto.RaftProtos$AppendEntriesRequestProto, count=2, value=serverRequest {
  requestorId: "s1"
  replyId: "s2"
  raftGroupId {
    id: "\375\210\024\357\262\375HY\244\207Ci\024Gb\025"
  }
  callId: 8
}
leaderTerm: 9
previousLog {
  term: 9
  index: 16
}
leaderCommit: 16
commitInfos {
  server {
    id: "s1"
    address: "localhost:15256"
    dataStreamAddress: "localhost:15259"
    clientAddress: "localhost:15258"
    adminAddress: "localhost:15257"
    startupRole: FOLLOWER
  }
  commitIndex: 16
}
commitInfos {
  server {
    id: "s0"
    address: "localhost:15252"
    dataStreamAddress: "localhost:15255"
    clientAddress: "localhost:15254"
    adminAddress: "localhost:15253"
    startupRole: FOLLOWER
  }
  commitIndex: 16
}
commitInfos {
  server {
    id: "s2"
    address: "localhost:15260"
    dataStreamAddress: "localhost:15263"
    clientAddress: "localhost:15262"
    adminAddress: "localhost:15261"
    startupRole: FOLLOWER
  }
  commitIndex: 16
}
)
2024-10-20 10:48:43,725 [main] WARN  util.ReferenceCountedLeakDetector (ReferenceCountedLeakDetector.java:logLeakMessage(167)) - LEAK: (class org.apache.ratis.proto.RaftProtos$AppendEntriesRequestProto, count=2, value=serverRequest {
  requestorId: "s1"
  replyId: "s2"
  raftGroupId {
    id: "\375\210\024\357\262\375HY\244\207Ci\024Gb\025"
  }
}
leaderTerm: 11
previousLog {
  term: 10
  index: 18
}
leaderCommit: 17
commitInfos {
  server {
    id: "s1"
    address: "localhost:15256"
    dataStreamAddress: "localhost:15259"
    clientAddress: "localhost:15258"
    adminAddress: "localhost:15257"
    startupRole: FOLLOWER
  }
  commitIndex: 17
}
commitInfos {
  server {
    id: "s0"
    address: "localhost:15252"
    dataStreamAddress: "localhost:15255"
    clientAddress: "localhost:15254"
    adminAddress: "localhost:15253"
    startupRole: FOLLOWER
  }
  commitIndex: 17
}
commitInfos {
  server {
    id: "s2"
    address: "localhost:15260"
    dataStreamAddress: "localhost:15263"
    clientAddress: "localhost:15262"
    adminAddress: "localhost:15261"
    startupRole: FOLLOWER
  }
  commitIndex: 16
}
)
2024-10-20 10:48:43,725 [main] WARN  util.LeakDetector (LeakDetector.java:assertNoLeaks(171)) - 26/30) numLeaks == 5 > 0, will wait and retry ...
2024-10-20 10:48:44,725 [main] WARN  util.ReferenceCountedLeakDetector (ReferenceCountedLeakDetector.java:logLeakMessage(167)) - LEAK: (class org.apache.ratis.proto.RaftProtos$AppendEntriesRequestProto, count=2, value=serverRequest {
  requestorId: "s0"
  replyId: "s2"
  raftGroupId {
    id: "\375\210\024\357\262\375HY\244\207Ci\024Gb\025"
  }
}
leaderTerm: 10
previousLog {
  term: 9
  index: 16
}
leaderCommit: 16
commitInfos {
  server {
    id: "s0"
    address: "localhost:15252"
    dataStreamAddress: "localhost:15255"
    clientAddress: "localhost:15254"
    adminAddress: "localhost:15253"
    startupRole: FOLLOWER
  }
  commitIndex: 16
}
commitInfos {
  server {
    id: "s1"
    address: "localhost:15256"
    dataStreamAddress: "localhost:15259"
    clientAddress: "localhost:15258"
    adminAddress: "localhost:15257"
    startupRole: FOLLOWER
  }
  commitIndex: 16
}
commitInfos {
  server {
    id: "s2"
    address: "localhost:15260"
    dataStreamAddress: "localhost:15263"
    clientAddress: "localhost:15262"
    adminAddress: "localhost:15261"
    startupRole: FOLLOWER
  }
  commitIndex: 16
}
)
2024-10-20 10:48:44,726 [main] WARN  util.ReferenceCountedLeakDetector (ReferenceCountedLeakDetector.java:logLeakMessage(167)) - LEAK: (class org.apache.ratis.proto.RaftProtos$AppendEntriesRequestProto, count=3, value=serverRequest {
  requestorId: "s1"
  replyId: "s2"
  raftGroupId {
    id: "\375\210\024\357\262\375HY\244\207Ci\024Gb\025"
  }
  callId: 1
}
leaderTerm: 11
previousLog {
  term: 10
  index: 18
}
entries {
  term: 11
  index: 19
  configurationEntry {
    peers {
      id: "s0"
      address: "localhost:15252"
      dataStreamAddress: "localhost:15255"
      clientAddress: "localhost:15254"
      adminAddress: "localhost:15253"
      startupRole: FOLLOWER
    }
    peers {
      id: "s1"
      address: "localhost:15256"
      dataStreamAddress: "localhost:15259"
      clientAddress: "localhost:15258"
      adminAddress: "localhost:15257"
      startupRole: FOLLOWER
    }
    peers {
      id: "s2"
      address: "localhost:15260"
      dataStreamAddress: "localhost:15263"
      clientAddress: "localhost:15262"
      adminAddress: "localhost:15261"
      startupRole: FOLLOWER
    }
  }
}
leaderCommit: 17
commitInfos {
  server {
    id: "s1"
    address: "localhost:15256"
    dataStreamAddress: "localhost:15259"
    clientAddress: "localhost:15258"
    adminAddress: "localhost:15257"
    startupRole: FOLLOWER
  }
  commitIndex: 17
}
commitInfos {
  server {
    id: "s0"
    address: "localhost:15252"
    dataStreamAddress: "localhost:15255"
    clientAddress: "localhost:15254"
    adminAddress: "localhost:15253"
    startupRole: FOLLOWER
  }
  commitIndex: 17
}
commitInfos {
  server {
    id: "s2"
    address: "localhost:15260"
    dataStreamAddress: "localhost:15263"
    clientAddress: "localhost:15262"
    adminAddress: "localhost:15261"
    startupRole: FOLLOWER
  }
  commitIndex: 16
}
)
2024-10-20 10:48:44,726 [main] WARN  util.ReferenceCountedLeakDetector (ReferenceCountedLeakDetector.java:logLeakMessage(167)) - LEAK: (class org.apache.ratis.proto.RaftProtos$AppendEntriesRequestProto, count=3, value=serverRequest {
  requestorId: "s0"
  replyId: "s2"
  raftGroupId {
    id: "\375\210\024\357\262\375HY\244\207Ci\024Gb\025"
  }
  callId: 1
}
leaderTerm: 10
previousLog {
  term: 9
  index: 16
}
entries {
  term: 10
  index: 17
  configurationEntry {
    peers {
      id: "s0"
      address: "localhost:15252"
      dataStreamAddress: "localhost:15255"
      clientAddress: "localhost:15254"
      adminAddress: "localhost:15253"
      startupRole: FOLLOWER
    }
    peers {
      id: "s1"
      address: "localhost:15256"
      dataStreamAddress: "localhost:15259"
      clientAddress: "localhost:15258"
      adminAddress: "localhost:15257"
      startupRole: FOLLOWER
    }
    peers {
      id: "s2"
      address: "localhost:15260"
      dataStreamAddress: "localhost:15263"
      clientAddress: "localhost:15262"
      adminAddress: "localhost:15261"
      startupRole: FOLLOWER
    }
  }
}
leaderCommit: 16
commitInfos {
  server {
    id: "s0"
    address: "localhost:15252"
    dataStreamAddress: "localhost:15255"
    clientAddress: "localhost:15254"
    adminAddress: "localhost:15253"
    startupRole: FOLLOWER
  }
  commitIndex: 16
}
commitInfos {
  server {
    id: "s1"
    address: "localhost:15256"
    dataStreamAddress: "localhost:15259"
    clientAddress: "localhost:15258"
    adminAddress: "localhost:15257"
    startupRole: FOLLOWER
  }
  commitIndex: 16
}
commitInfos {
  server {
    id: "s2"
    address: "localhost:15260"
    dataStreamAddress: "localhost:15263"
    clientAddress: "localhost:15262"
    adminAddress: "localhost:15261"
    startupRole: FOLLOWER
  }
  commitIndex: 16
}
)
2024-10-20 10:48:44,726 [main] WARN  util.ReferenceCountedLeakDetector (ReferenceCountedLeakDetector.java:logLeakMessage(167)) - LEAK: (class org.apache.ratis.proto.RaftProtos$AppendEntriesRequestProto, count=2, value=serverRequest {
  requestorId: "s1"
  replyId: "s2"
  raftGroupId {
    id: "\375\210\024\357\262\375HY\244\207Ci\024Gb\025"
  }
  callId: 8
}
leaderTerm: 9
previousLog {
  term: 9
  index: 16
}
leaderCommit: 16
commitInfos {
  server {
    id: "s1"
    address: "localhost:15256"
    dataStreamAddress: "localhost:15259"
    clientAddress: "localhost:15258"
    adminAddress: "localhost:15257"
    startupRole: FOLLOWER
  }
  commitIndex: 16
}
commitInfos {
  server {
    id: "s0"
    address: "localhost:15252"
    dataStreamAddress: "localhost:15255"
    clientAddress: "localhost:15254"
    adminAddress: "localhost:15253"
    startupRole: FOLLOWER
  }
  commitIndex: 16
}
commitInfos {
  server {
    id: "s2"
    address: "localhost:15260"
    dataStreamAddress: "localhost:15263"
    clientAddress: "localhost:15262"
    adminAddress: "localhost:15261"
    startupRole: FOLLOWER
  }
  commitIndex: 16
}
)
2024-10-20 10:48:44,726 [main] WARN  util.ReferenceCountedLeakDetector (ReferenceCountedLeakDetector.java:logLeakMessage(167)) - LEAK: (class org.apache.ratis.proto.RaftProtos$AppendEntriesRequestProto, count=2, value=serverRequest {
  requestorId: "s1"
  replyId: "s2"
  raftGroupId {
    id: "\375\210\024\357\262\375HY\244\207Ci\024Gb\025"
  }
}
leaderTerm: 11
previousLog {
  term: 10
  index: 18
}
leaderCommit: 17
commitInfos {
  server {
    id: "s1"
    address: "localhost:15256"
    dataStreamAddress: "localhost:15259"
    clientAddress: "localhost:15258"
    adminAddress: "localhost:15257"
    startupRole: FOLLOWER
  }
  commitIndex: 17
}
commitInfos {
  server {
    id: "s0"
    address: "localhost:15252"
    dataStreamAddress: "localhost:15255"
    clientAddress: "localhost:15254"
    adminAddress: "localhost:15253"
    startupRole: FOLLOWER
  }
  commitIndex: 17
}
commitInfos {
  server {
    id: "s2"
    address: "localhost:15260"
    dataStreamAddress: "localhost:15263"
    clientAddress: "localhost:15262"
    adminAddress: "localhost:15261"
    startupRole: FOLLOWER
  }
  commitIndex: 16
}
)
2024-10-20 10:48:44,726 [main] WARN  util.LeakDetector (LeakDetector.java:assertNoLeaks(171)) - 27/30) numLeaks == 5 > 0, will wait and retry ...
2024-10-20 10:48:45,727 [main] WARN  util.ReferenceCountedLeakDetector (ReferenceCountedLeakDetector.java:logLeakMessage(167)) - LEAK: (class org.apache.ratis.proto.RaftProtos$AppendEntriesRequestProto, count=2, value=serverRequest {
  requestorId: "s0"
  replyId: "s2"
  raftGroupId {
    id: "\375\210\024\357\262\375HY\244\207Ci\024Gb\025"
  }
}
leaderTerm: 10
previousLog {
  term: 9
  index: 16
}
leaderCommit: 16
commitInfos {
  server {
    id: "s0"
    address: "localhost:15252"
    dataStreamAddress: "localhost:15255"
    clientAddress: "localhost:15254"
    adminAddress: "localhost:15253"
    startupRole: FOLLOWER
  }
  commitIndex: 16
}
commitInfos {
  server {
    id: "s1"
    address: "localhost:15256"
    dataStreamAddress: "localhost:15259"
    clientAddress: "localhost:15258"
    adminAddress: "localhost:15257"
    startupRole: FOLLOWER
  }
  commitIndex: 16
}
commitInfos {
  server {
    id: "s2"
    address: "localhost:15260"
    dataStreamAddress: "localhost:15263"
    clientAddress: "localhost:15262"
    adminAddress: "localhost:15261"
    startupRole: FOLLOWER
  }
  commitIndex: 16
}
)
2024-10-20 10:48:45,727 [main] WARN  util.ReferenceCountedLeakDetector (ReferenceCountedLeakDetector.java:logLeakMessage(167)) - LEAK: (class org.apache.ratis.proto.RaftProtos$AppendEntriesRequestProto, count=3, value=serverRequest {
  requestorId: "s1"
  replyId: "s2"
  raftGroupId {
    id: "\375\210\024\357\262\375HY\244\207Ci\024Gb\025"
  }
  callId: 1
}
leaderTerm: 11
previousLog {
  term: 10
  index: 18
}
entries {
  term: 11
  index: 19
  configurationEntry {
    peers {
      id: "s0"
      address: "localhost:15252"
      dataStreamAddress: "localhost:15255"
      clientAddress: "localhost:15254"
      adminAddress: "localhost:15253"
      startupRole: FOLLOWER
    }
    peers {
      id: "s1"
      address: "localhost:15256"
      dataStreamAddress: "localhost:15259"
      clientAddress: "localhost:15258"
      adminAddress: "localhost:15257"
      startupRole: FOLLOWER
    }
    peers {
      id: "s2"
      address: "localhost:15260"
      dataStreamAddress: "localhost:15263"
      clientAddress: "localhost:15262"
      adminAddress: "localhost:15261"
      startupRole: FOLLOWER
    }
  }
}
leaderCommit: 17
commitInfos {
  server {
    id: "s1"
    address: "localhost:15256"
    dataStreamAddress: "localhost:15259"
    clientAddress: "localhost:15258"
    adminAddress: "localhost:15257"
    startupRole: FOLLOWER
  }
  commitIndex: 17
}
commitInfos {
  server {
    id: "s0"
    address: "localhost:15252"
    dataStreamAddress: "localhost:15255"
    clientAddress: "localhost:15254"
    adminAddress: "localhost:15253"
    startupRole: FOLLOWER
  }
  commitIndex: 17
}
commitInfos {
  server {
    id: "s2"
    address: "localhost:15260"
    dataStreamAddress: "localhost:15263"
    clientAddress: "localhost:15262"
    adminAddress: "localhost:15261"
    startupRole: FOLLOWER
  }
  commitIndex: 16
}
)
2024-10-20 10:48:45,727 [main] WARN  util.ReferenceCountedLeakDetector (ReferenceCountedLeakDetector.java:logLeakMessage(167)) - LEAK: (class org.apache.ratis.proto.RaftProtos$AppendEntriesRequestProto, count=3, value=serverRequest {
  requestorId: "s0"
  replyId: "s2"
  raftGroupId {
    id: "\375\210\024\357\262\375HY\244\207Ci\024Gb\025"
  }
  callId: 1
}
leaderTerm: 10
previousLog {
  term: 9
  index: 16
}
entries {
  term: 10
  index: 17
  configurationEntry {
    peers {
      id: "s0"
      address: "localhost:15252"
      dataStreamAddress: "localhost:15255"
      clientAddress: "localhost:15254"
      adminAddress: "localhost:15253"
      startupRole: FOLLOWER
    }
    peers {
      id: "s1"
      address: "localhost:15256"
      dataStreamAddress: "localhost:15259"
      clientAddress: "localhost:15258"
      adminAddress: "localhost:15257"
      startupRole: FOLLOWER
    }
    peers {
      id: "s2"
      address: "localhost:15260"
      dataStreamAddress: "localhost:15263"
      clientAddress: "localhost:15262"
      adminAddress: "localhost:15261"
      startupRole: FOLLOWER
    }
  }
}
leaderCommit: 16
commitInfos {
  server {
    id: "s0"
    address: "localhost:15252"
    dataStreamAddress: "localhost:15255"
    clientAddress: "localhost:15254"
    adminAddress: "localhost:15253"
    startupRole: FOLLOWER
  }
  commitIndex: 16
}
commitInfos {
  server {
    id: "s1"
    address: "localhost:15256"
    dataStreamAddress: "localhost:15259"
    clientAddress: "localhost:15258"
    adminAddress: "localhost:15257"
    startupRole: FOLLOWER
  }
  commitIndex: 16
}
commitInfos {
  server {
    id: "s2"
    address: "localhost:15260"
    dataStreamAddress: "localhost:15263"
    clientAddress: "localhost:15262"
    adminAddress: "localhost:15261"
    startupRole: FOLLOWER
  }
  commitIndex: 16
}
)
2024-10-20 10:48:45,727 [main] WARN  util.ReferenceCountedLeakDetector (ReferenceCountedLeakDetector.java:logLeakMessage(167)) - LEAK: (class org.apache.ratis.proto.RaftProtos$AppendEntriesRequestProto, count=2, value=serverRequest {
  requestorId: "s1"
  replyId: "s2"
  raftGroupId {
    id: "\375\210\024\357\262\375HY\244\207Ci\024Gb\025"
  }
  callId: 8
}
leaderTerm: 9
previousLog {
  term: 9
  index: 16
}
leaderCommit: 16
commitInfos {
  server {
    id: "s1"
    address: "localhost:15256"
    dataStreamAddress: "localhost:15259"
    clientAddress: "localhost:15258"
    adminAddress: "localhost:15257"
    startupRole: FOLLOWER
  }
  commitIndex: 16
}
commitInfos {
  server {
    id: "s0"
    address: "localhost:15252"
    dataStreamAddress: "localhost:15255"
    clientAddress: "localhost:15254"
    adminAddress: "localhost:15253"
    startupRole: FOLLOWER
  }
  commitIndex: 16
}
commitInfos {
  server {
    id: "s2"
    address: "localhost:15260"
    dataStreamAddress: "localhost:15263"
    clientAddress: "localhost:15262"
    adminAddress: "localhost:15261"
    startupRole: FOLLOWER
  }
  commitIndex: 16
}
)
2024-10-20 10:48:45,727 [main] WARN  util.ReferenceCountedLeakDetector (ReferenceCountedLeakDetector.java:logLeakMessage(167)) - LEAK: (class org.apache.ratis.proto.RaftProtos$AppendEntriesRequestProto, count=2, value=serverRequest {
  requestorId: "s1"
  replyId: "s2"
  raftGroupId {
    id: "\375\210\024\357\262\375HY\244\207Ci\024Gb\025"
  }
}
leaderTerm: 11
previousLog {
  term: 10
  index: 18
}
leaderCommit: 17
commitInfos {
  server {
    id: "s1"
    address: "localhost:15256"
    dataStreamAddress: "localhost:15259"
    clientAddress: "localhost:15258"
    adminAddress: "localhost:15257"
    startupRole: FOLLOWER
  }
  commitIndex: 17
}
commitInfos {
  server {
    id: "s0"
    address: "localhost:15252"
    dataStreamAddress: "localhost:15255"
    clientAddress: "localhost:15254"
    adminAddress: "localhost:15253"
    startupRole: FOLLOWER
  }
  commitIndex: 17
}
commitInfos {
  server {
    id: "s2"
    address: "localhost:15260"
    dataStreamAddress: "localhost:15263"
    clientAddress: "localhost:15262"
    adminAddress: "localhost:15261"
    startupRole: FOLLOWER
  }
  commitIndex: 16
}
)
2024-10-20 10:48:45,727 [main] WARN  util.LeakDetector (LeakDetector.java:assertNoLeaks(171)) - 28/30) numLeaks == 5 > 0, will wait and retry ...
2024-10-20 10:48:46,728 [main] WARN  util.ReferenceCountedLeakDetector (ReferenceCountedLeakDetector.java:logLeakMessage(167)) - LEAK: (class org.apache.ratis.proto.RaftProtos$AppendEntriesRequestProto, count=2, value=serverRequest {
  requestorId: "s0"
  replyId: "s2"
  raftGroupId {
    id: "\375\210\024\357\262\375HY\244\207Ci\024Gb\025"
  }
}
leaderTerm: 10
previousLog {
  term: 9
  index: 16
}
leaderCommit: 16
commitInfos {
  server {
    id: "s0"
    address: "localhost:15252"
    dataStreamAddress: "localhost:15255"
    clientAddress: "localhost:15254"
    adminAddress: "localhost:15253"
    startupRole: FOLLOWER
  }
  commitIndex: 16
}
commitInfos {
  server {
    id: "s1"
    address: "localhost:15256"
    dataStreamAddress: "localhost:15259"
    clientAddress: "localhost:15258"
    adminAddress: "localhost:15257"
    startupRole: FOLLOWER
  }
  commitIndex: 16
}
commitInfos {
  server {
    id: "s2"
    address: "localhost:15260"
    dataStreamAddress: "localhost:15263"
    clientAddress: "localhost:15262"
    adminAddress: "localhost:15261"
    startupRole: FOLLOWER
  }
  commitIndex: 16
}
)
2024-10-20 10:48:46,728 [main] WARN  util.ReferenceCountedLeakDetector (ReferenceCountedLeakDetector.java:logLeakMessage(167)) - LEAK: (class org.apache.ratis.proto.RaftProtos$AppendEntriesRequestProto, count=3, value=serverRequest {
  requestorId: "s1"
  replyId: "s2"
  raftGroupId {
    id: "\375\210\024\357\262\375HY\244\207Ci\024Gb\025"
  }
  callId: 1
}
leaderTerm: 11
previousLog {
  term: 10
  index: 18
}
entries {
  term: 11
  index: 19
  configurationEntry {
    peers {
      id: "s0"
      address: "localhost:15252"
      dataStreamAddress: "localhost:15255"
      clientAddress: "localhost:15254"
      adminAddress: "localhost:15253"
      startupRole: FOLLOWER
    }
    peers {
      id: "s1"
      address: "localhost:15256"
      dataStreamAddress: "localhost:15259"
      clientAddress: "localhost:15258"
      adminAddress: "localhost:15257"
      startupRole: FOLLOWER
    }
    peers {
      id: "s2"
      address: "localhost:15260"
      dataStreamAddress: "localhost:15263"
      clientAddress: "localhost:15262"
      adminAddress: "localhost:15261"
      startupRole: FOLLOWER
    }
  }
}
leaderCommit: 17
commitInfos {
  server {
    id: "s1"
    address: "localhost:15256"
    dataStreamAddress: "localhost:15259"
    clientAddress: "localhost:15258"
    adminAddress: "localhost:15257"
    startupRole: FOLLOWER
  }
  commitIndex: 17
}
commitInfos {
  server {
    id: "s0"
    address: "localhost:15252"
    dataStreamAddress: "localhost:15255"
    clientAddress: "localhost:15254"
    adminAddress: "localhost:15253"
    startupRole: FOLLOWER
  }
  commitIndex: 17
}
commitInfos {
  server {
    id: "s2"
    address: "localhost:15260"
    dataStreamAddress: "localhost:15263"
    clientAddress: "localhost:15262"
    adminAddress: "localhost:15261"
    startupRole: FOLLOWER
  }
  commitIndex: 16
}
)
2024-10-20 10:48:46,728 [main] WARN  util.ReferenceCountedLeakDetector (ReferenceCountedLeakDetector.java:logLeakMessage(167)) - LEAK: (class org.apache.ratis.proto.RaftProtos$AppendEntriesRequestProto, count=3, value=serverRequest {
  requestorId: "s0"
  replyId: "s2"
  raftGroupId {
    id: "\375\210\024\357\262\375HY\244\207Ci\024Gb\025"
  }
  callId: 1
}
leaderTerm: 10
previousLog {
  term: 9
  index: 16
}
entries {
  term: 10
  index: 17
  configurationEntry {
    peers {
      id: "s0"
      address: "localhost:15252"
      dataStreamAddress: "localhost:15255"
      clientAddress: "localhost:15254"
      adminAddress: "localhost:15253"
      startupRole: FOLLOWER
    }
    peers {
      id: "s1"
      address: "localhost:15256"
      dataStreamAddress: "localhost:15259"
      clientAddress: "localhost:15258"
      adminAddress: "localhost:15257"
      startupRole: FOLLOWER
    }
    peers {
      id: "s2"
      address: "localhost:15260"
      dataStreamAddress: "localhost:15263"
      clientAddress: "localhost:15262"
      adminAddress: "localhost:15261"
      startupRole: FOLLOWER
    }
  }
}
leaderCommit: 16
commitInfos {
  server {
    id: "s0"
    address: "localhost:15252"
    dataStreamAddress: "localhost:15255"
    clientAddress: "localhost:15254"
    adminAddress: "localhost:15253"
    startupRole: FOLLOWER
  }
  commitIndex: 16
}
commitInfos {
  server {
    id: "s1"
    address: "localhost:15256"
    dataStreamAddress: "localhost:15259"
    clientAddress: "localhost:15258"
    adminAddress: "localhost:15257"
    startupRole: FOLLOWER
  }
  commitIndex: 16
}
commitInfos {
  server {
    id: "s2"
    address: "localhost:15260"
    dataStreamAddress: "localhost:15263"
    clientAddress: "localhost:15262"
    adminAddress: "localhost:15261"
    startupRole: FOLLOWER
  }
  commitIndex: 16
}
)
2024-10-20 10:48:46,728 [main] WARN  util.ReferenceCountedLeakDetector (ReferenceCountedLeakDetector.java:logLeakMessage(167)) - LEAK: (class org.apache.ratis.proto.RaftProtos$AppendEntriesRequestProto, count=2, value=serverRequest {
  requestorId: "s1"
  replyId: "s2"
  raftGroupId {
    id: "\375\210\024\357\262\375HY\244\207Ci\024Gb\025"
  }
  callId: 8
}
leaderTerm: 9
previousLog {
  term: 9
  index: 16
}
leaderCommit: 16
commitInfos {
  server {
    id: "s1"
    address: "localhost:15256"
    dataStreamAddress: "localhost:15259"
    clientAddress: "localhost:15258"
    adminAddress: "localhost:15257"
    startupRole: FOLLOWER
  }
  commitIndex: 16
}
commitInfos {
  server {
    id: "s0"
    address: "localhost:15252"
    dataStreamAddress: "localhost:15255"
    clientAddress: "localhost:15254"
    adminAddress: "localhost:15253"
    startupRole: FOLLOWER
  }
  commitIndex: 16
}
commitInfos {
  server {
    id: "s2"
    address: "localhost:15260"
    dataStreamAddress: "localhost:15263"
    clientAddress: "localhost:15262"
    adminAddress: "localhost:15261"
    startupRole: FOLLOWER
  }
  commitIndex: 16
}
)
2024-10-20 10:48:46,728 [main] WARN  util.ReferenceCountedLeakDetector (ReferenceCountedLeakDetector.java:logLeakMessage(167)) - LEAK: (class org.apache.ratis.proto.RaftProtos$AppendEntriesRequestProto, count=2, value=serverRequest {
  requestorId: "s1"
  replyId: "s2"
  raftGroupId {
    id: "\375\210\024\357\262\375HY\244\207Ci\024Gb\025"
  }
}
leaderTerm: 11
previousLog {
  term: 10
  index: 18
}
leaderCommit: 17
commitInfos {
  server {
    id: "s1"
    address: "localhost:15256"
    dataStreamAddress: "localhost:15259"
    clientAddress: "localhost:15258"
    adminAddress: "localhost:15257"
    startupRole: FOLLOWER
  }
  commitIndex: 17
}
commitInfos {
  server {
    id: "s0"
    address: "localhost:15252"
    dataStreamAddress: "localhost:15255"
    clientAddress: "localhost:15254"
    adminAddress: "localhost:15253"
    startupRole: FOLLOWER
  }
  commitIndex: 17
}
commitInfos {
  server {
    id: "s2"
    address: "localhost:15260"
    dataStreamAddress: "localhost:15263"
    clientAddress: "localhost:15262"
    adminAddress: "localhost:15261"
    startupRole: FOLLOWER
  }
  commitIndex: 16
}
)
2024-10-20 10:48:46,728 [main] WARN  util.LeakDetector (LeakDetector.java:assertNoLeaks(171)) - 29/30) numLeaks == 5 > 0, will wait and retry ...
2024-10-20 10:48:47,729 [main] WARN  util.ReferenceCountedLeakDetector (ReferenceCountedLeakDetector.java:logLeakMessage(167)) - LEAK: (class org.apache.ratis.proto.RaftProtos$AppendEntriesRequestProto, count=2, value=serverRequest {
  requestorId: "s0"
  replyId: "s2"
  raftGroupId {
    id: "\375\210\024\357\262\375HY\244\207Ci\024Gb\025"
  }
}
leaderTerm: 10
previousLog {
  term: 9
  index: 16
}
leaderCommit: 16
commitInfos {
  server {
    id: "s0"
    address: "localhost:15252"
    dataStreamAddress: "localhost:15255"
    clientAddress: "localhost:15254"
    adminAddress: "localhost:15253"
    startupRole: FOLLOWER
  }
  commitIndex: 16
}
commitInfos {
  server {
    id: "s1"
    address: "localhost:15256"
    dataStreamAddress: "localhost:15259"
    clientAddress: "localhost:15258"
    adminAddress: "localhost:15257"
    startupRole: FOLLOWER
  }
  commitIndex: 16
}
commitInfos {
  server {
    id: "s2"
    address: "localhost:15260"
    dataStreamAddress: "localhost:15263"
    clientAddress: "localhost:15262"
    adminAddress: "localhost:15261"
    startupRole: FOLLOWER
  }
  commitIndex: 16
}
)
2024-10-20 10:48:47,729 [main] WARN  util.ReferenceCountedLeakDetector (ReferenceCountedLeakDetector.java:logLeakMessage(167)) - LEAK: (class org.apache.ratis.proto.RaftProtos$AppendEntriesRequestProto, count=3, value=serverRequest {
  requestorId: "s1"
  replyId: "s2"
  raftGroupId {
    id: "\375\210\024\357\262\375HY\244\207Ci\024Gb\025"
  }
  callId: 1
}
leaderTerm: 11
previousLog {
  term: 10
  index: 18
}
entries {
  term: 11
  index: 19
  configurationEntry {
    peers {
      id: "s0"
      address: "localhost:15252"
      dataStreamAddress: "localhost:15255"
      clientAddress: "localhost:15254"
      adminAddress: "localhost:15253"
      startupRole: FOLLOWER
    }
    peers {
      id: "s1"
      address: "localhost:15256"
      dataStreamAddress: "localhost:15259"
      clientAddress: "localhost:15258"
      adminAddress: "localhost:15257"
      startupRole: FOLLOWER
    }
    peers {
      id: "s2"
      address: "localhost:15260"
      dataStreamAddress: "localhost:15263"
      clientAddress: "localhost:15262"
      adminAddress: "localhost:15261"
      startupRole: FOLLOWER
    }
  }
}
leaderCommit: 17
commitInfos {
  server {
    id: "s1"
    address: "localhost:15256"
    dataStreamAddress: "localhost:15259"
    clientAddress: "localhost:15258"
    adminAddress: "localhost:15257"
    startupRole: FOLLOWER
  }
  commitIndex: 17
}
commitInfos {
  server {
    id: "s0"
    address: "localhost:15252"
    dataStreamAddress: "localhost:15255"
    clientAddress: "localhost:15254"
    adminAddress: "localhost:15253"
    startupRole: FOLLOWER
  }
  commitIndex: 17
}
commitInfos {
  server {
    id: "s2"
    address: "localhost:15260"
    dataStreamAddress: "localhost:15263"
    clientAddress: "localhost:15262"
    adminAddress: "localhost:15261"
    startupRole: FOLLOWER
  }
  commitIndex: 16
}
)
2024-10-20 10:48:47,729 [main] WARN  util.ReferenceCountedLeakDetector (ReferenceCountedLeakDetector.java:logLeakMessage(167)) - LEAK: (class org.apache.ratis.proto.RaftProtos$AppendEntriesRequestProto, count=3, value=serverRequest {
  requestorId: "s0"
  replyId: "s2"
  raftGroupId {
    id: "\375\210\024\357\262\375HY\244\207Ci\024Gb\025"
  }
  callId: 1
}
leaderTerm: 10
previousLog {
  term: 9
  index: 16
}
entries {
  term: 10
  index: 17
  configurationEntry {
    peers {
      id: "s0"
      address: "localhost:15252"
      dataStreamAddress: "localhost:15255"
      clientAddress: "localhost:15254"
      adminAddress: "localhost:15253"
      startupRole: FOLLOWER
    }
    peers {
      id: "s1"
      address: "localhost:15256"
      dataStreamAddress: "localhost:15259"
      clientAddress: "localhost:15258"
      adminAddress: "localhost:15257"
      startupRole: FOLLOWER
    }
    peers {
      id: "s2"
      address: "localhost:15260"
      dataStreamAddress: "localhost:15263"
      clientAddress: "localhost:15262"
      adminAddress: "localhost:15261"
      startupRole: FOLLOWER
    }
  }
}
leaderCommit: 16
commitInfos {
  server {
    id: "s0"
    address: "localhost:15252"
    dataStreamAddress: "localhost:15255"
    clientAddress: "localhost:15254"
    adminAddress: "localhost:15253"
    startupRole: FOLLOWER
  }
  commitIndex: 16
}
commitInfos {
  server {
    id: "s1"
    address: "localhost:15256"
    dataStreamAddress: "localhost:15259"
    clientAddress: "localhost:15258"
    adminAddress: "localhost:15257"
    startupRole: FOLLOWER
  }
  commitIndex: 16
}
commitInfos {
  server {
    id: "s2"
    address: "localhost:15260"
    dataStreamAddress: "localhost:15263"
    clientAddress: "localhost:15262"
    adminAddress: "localhost:15261"
    startupRole: FOLLOWER
  }
  commitIndex: 16
}
)
2024-10-20 10:48:47,729 [main] WARN  util.ReferenceCountedLeakDetector (ReferenceCountedLeakDetector.java:logLeakMessage(167)) - LEAK: (class org.apache.ratis.proto.RaftProtos$AppendEntriesRequestProto, count=2, value=serverRequest {
  requestorId: "s1"
  replyId: "s2"
  raftGroupId {
    id: "\375\210\024\357\262\375HY\244\207Ci\024Gb\025"
  }
  callId: 8
}
leaderTerm: 9
previousLog {
  term: 9
  index: 16
}
leaderCommit: 16
commitInfos {
  server {
    id: "s1"
    address: "localhost:15256"
    dataStreamAddress: "localhost:15259"
    clientAddress: "localhost:15258"
    adminAddress: "localhost:15257"
    startupRole: FOLLOWER
  }
  commitIndex: 16
}
commitInfos {
  server {
    id: "s0"
    address: "localhost:15252"
    dataStreamAddress: "localhost:15255"
    clientAddress: "localhost:15254"
    adminAddress: "localhost:15253"
    startupRole: FOLLOWER
  }
  commitIndex: 16
}
commitInfos {
  server {
    id: "s2"
    address: "localhost:15260"
    dataStreamAddress: "localhost:15263"
    clientAddress: "localhost:15262"
    adminAddress: "localhost:15261"
    startupRole: FOLLOWER
  }
  commitIndex: 16
}
)
2024-10-20 10:48:47,729 [main] WARN  util.ReferenceCountedLeakDetector (ReferenceCountedLeakDetector.java:logLeakMessage(167)) - LEAK: (class org.apache.ratis.proto.RaftProtos$AppendEntriesRequestProto, count=2, value=serverRequest {
  requestorId: "s1"
  replyId: "s2"
  raftGroupId {
    id: "\375\210\024\357\262\375HY\244\207Ci\024Gb\025"
  }
}
leaderTerm: 11
previousLog {
  term: 10
  index: 18
}
leaderCommit: 17
commitInfos {
  server {
    id: "s1"
    address: "localhost:15256"
    dataStreamAddress: "localhost:15259"
    clientAddress: "localhost:15258"
    adminAddress: "localhost:15257"
    startupRole: FOLLOWER
  }
  commitIndex: 17
}
commitInfos {
  server {
    id: "s0"
    address: "localhost:15252"
    dataStreamAddress: "localhost:15255"
    clientAddress: "localhost:15254"
    adminAddress: "localhost:15253"
    startupRole: FOLLOWER
  }
  commitIndex: 17
}
commitInfos {
  server {
    id: "s2"
    address: "localhost:15260"
    dataStreamAddress: "localhost:15263"
    clientAddress: "localhost:15262"
    adminAddress: "localhost:15261"
    startupRole: FOLLOWER
  }
  commitIndex: 16
}
)
]]></system-out>
  </testcase>
</testsuite>