<?xml version="1.0" encoding="UTF-8"?>
<testsuite xmlns:xsi="http://www.w3.org/2001/XMLSchema-instance" xsi:noNamespaceSchemaLocation="https://maven.apache.org/surefire/maven-surefire-plugin/xsd/surefire-test-report.xsd" name="org.apache.ratis.datastream.TestNettyDataStreamStarTopologyWithGrpcCluster" time="371.305" tests="4" errors="1" skipped="0" failures="0">
  <properties>
    <property name="awt.toolkit" value="sun.awt.X11.XToolkit"/>
    <property name="java.specification.version" value="11"/>
    <property name="sun.cpu.isalist" value=""/>
    <property name="sun.jnu.encoding" value="UTF-8"/>
    <property name="java.class.path" value="/home/runner/work/ratis/ratis/ratis-test/target/test-classes:/home/runner/work/ratis/ratis/ratis-test/target/classes:/home/runner/work/ratis/ratis/ratis-common/target/classes:/home/runner/.m2/repository/org/apache/ratis/ratis-thirdparty-misc/1.0.3/ratis-thirdparty-misc-1.0.3.jar:/home/runner/work/ratis/ratis/ratis-proto/target/ratis-proto-3.0.0-SNAPSHOT.jar:/home/runner/work/ratis/ratis/ratis-common/target/test-classes:/home/runner/work/ratis/ratis/ratis-client/target/classes:/home/runner/work/ratis/ratis/ratis-server/target/classes:/home/runner/work/ratis/ratis/ratis-server-api/target/classes:/home/runner/work/ratis/ratis/ratis-metrics-api/target/classes:/home/runner/work/ratis/ratis/ratis-server/target/test-classes:/home/runner/work/ratis/ratis/ratis-metrics-default/target/classes:/home/runner/work/ratis/ratis/ratis-netty/target/classes:/home/runner/work/ratis/ratis/ratis-netty/target/test-classes:/home/runner/work/ratis/ratis/ratis-grpc/target/classes:/home/runner/work/ratis/ratis/ratis-grpc/target/test-classes:/home/runner/work/ratis/ratis/ratis-shell/target/classes:/home/runner/.m2/repository/commons-cli/commons-cli/1.5.0/commons-cli-1.5.0.jar:/home/runner/.m2/repository/org/reflections/reflections/0.10.2/reflections-0.10.2.jar:/home/runner/.m2/repository/org/javassist/javassist/3.28.0-GA/javassist-3.28.0-GA.jar:/home/runner/.m2/repository/com/google/code/findbugs/jsr305/3.0.2/jsr305-3.0.2.jar:/home/runner/.m2/repository/org/bouncycastle/bcprov-jdk15on/1.70/bcprov-jdk15on-1.70.jar:/home/runner/.m2/repository/org/bouncycastle/bcpkix-jdk15on/1.70/bcpkix-jdk15on-1.70.jar:/home/runner/.m2/repository/org/bouncycastle/bcutil-jdk15on/1.70/bcutil-jdk15on-1.70.jar:/home/runner/.m2/repository/org/slf4j/slf4j-api/1.7.36/slf4j-api-1.7.36.jar:/home/runner/.m2/repository/org/slf4j/slf4j-reload4j/1.7.36/slf4j-reload4j-1.7.36.jar:/home/runner/.m2/repository/ch/qos/reload4j/reload4j/1.2.19/reload4j-1.2.19.jar:/home/runner/.m2/repository/junit/junit/4.13.2/junit-4.13.2.jar:/home/runner/.m2/repository/org/hamcrest/hamcrest-core/1.3/hamcrest-core-1.3.jar:/home/runner/.m2/repository/org/mockito/mockito-core/4.3.1/mockito-core-4.3.1.jar:/home/runner/.m2/repository/net/bytebuddy/byte-buddy/1.12.7/byte-buddy-1.12.7.jar:/home/runner/.m2/repository/net/bytebuddy/byte-buddy-agent/1.12.7/byte-buddy-agent-1.12.7.jar:/home/runner/.m2/repository/org/objenesis/objenesis/3.2/objenesis-3.2.jar:"/>
    <property name="java.vm.vendor" value="Eclipse Adoptium"/>
    <property name="sun.arch.data.model" value="64"/>
    <property name="java.vendor.url" value="https://adoptium.net/"/>
    <property name="user.timezone" value=""/>
    <property name="java.vm.specification.version" value="11"/>
    <property name="os.name" value="Linux"/>
    <property name="sun.java.launcher" value="SUN_STANDARD"/>
    <property name="sun.boot.library.path" value="/usr/lib/jvm/temurin-11-jdk-amd64/lib"/>
    <property name="sun.java.command" value="/home/runner/work/ratis/ratis/ratis-test/target/surefire/surefirebooter1601990668294068225.jar /home/runner/work/ratis/ratis/ratis-test/target/surefire 2023-02-23T08-33-10_750-jvmRun1 surefire14089874814901532977tmp surefire_354274333637182290422tmp"/>
    <property name="jdk.debug" value="release"/>
    <property name="surefire.test.class.path" value="/home/runner/work/ratis/ratis/ratis-test/target/test-classes:/home/runner/work/ratis/ratis/ratis-test/target/classes:/home/runner/work/ratis/ratis/ratis-common/target/classes:/home/runner/.m2/repository/org/apache/ratis/ratis-thirdparty-misc/1.0.3/ratis-thirdparty-misc-1.0.3.jar:/home/runner/work/ratis/ratis/ratis-proto/target/ratis-proto-3.0.0-SNAPSHOT.jar:/home/runner/work/ratis/ratis/ratis-common/target/test-classes:/home/runner/work/ratis/ratis/ratis-client/target/classes:/home/runner/work/ratis/ratis/ratis-server/target/classes:/home/runner/work/ratis/ratis/ratis-server-api/target/classes:/home/runner/work/ratis/ratis/ratis-metrics-api/target/classes:/home/runner/work/ratis/ratis/ratis-server/target/test-classes:/home/runner/work/ratis/ratis/ratis-metrics-default/target/classes:/home/runner/work/ratis/ratis/ratis-netty/target/classes:/home/runner/work/ratis/ratis/ratis-netty/target/test-classes:/home/runner/work/ratis/ratis/ratis-grpc/target/classes:/home/runner/work/ratis/ratis/ratis-grpc/target/test-classes:/home/runner/work/ratis/ratis/ratis-shell/target/classes:/home/runner/.m2/repository/commons-cli/commons-cli/1.5.0/commons-cli-1.5.0.jar:/home/runner/.m2/repository/org/reflections/reflections/0.10.2/reflections-0.10.2.jar:/home/runner/.m2/repository/org/javassist/javassist/3.28.0-GA/javassist-3.28.0-GA.jar:/home/runner/.m2/repository/com/google/code/findbugs/jsr305/3.0.2/jsr305-3.0.2.jar:/home/runner/.m2/repository/org/bouncycastle/bcprov-jdk15on/1.70/bcprov-jdk15on-1.70.jar:/home/runner/.m2/repository/org/bouncycastle/bcpkix-jdk15on/1.70/bcpkix-jdk15on-1.70.jar:/home/runner/.m2/repository/org/bouncycastle/bcutil-jdk15on/1.70/bcutil-jdk15on-1.70.jar:/home/runner/.m2/repository/org/slf4j/slf4j-api/1.7.36/slf4j-api-1.7.36.jar:/home/runner/.m2/repository/org/slf4j/slf4j-reload4j/1.7.36/slf4j-reload4j-1.7.36.jar:/home/runner/.m2/repository/ch/qos/reload4j/reload4j/1.2.19/reload4j-1.2.19.jar:/home/runner/.m2/repository/junit/junit/4.13.2/junit-4.13.2.jar:/home/runner/.m2/repository/org/hamcrest/hamcrest-core/1.3/hamcrest-core-1.3.jar:/home/runner/.m2/repository/org/mockito/mockito-core/4.3.1/mockito-core-4.3.1.jar:/home/runner/.m2/repository/net/bytebuddy/byte-buddy/1.12.7/byte-buddy-1.12.7.jar:/home/runner/.m2/repository/net/bytebuddy/byte-buddy-agent/1.12.7/byte-buddy-agent-1.12.7.jar:/home/runner/.m2/repository/org/objenesis/objenesis/3.2/objenesis-3.2.jar:"/>
    <property name="sun.cpu.endian" value="little"/>
    <property name="user.home" value="/home/runner"/>
    <property name="user.language" value="en"/>
    <property name="java.specification.vendor" value="Oracle Corporation"/>
    <property name="java.version.date" value="2023-01-17"/>
    <property name="java.home" value="/usr/lib/jvm/temurin-11-jdk-amd64"/>
    <property name="file.separator" value="/"/>
    <property name="basedir" value="/home/runner/work/ratis/ratis/ratis-test"/>
    <property name="java.vm.compressedOopsMode" value="32-bit"/>
    <property name="line.separator" value="&#10;"/>
    <property name="java.specification.name" value="Java Platform API Specification"/>
    <property name="java.vm.specification.vendor" value="Oracle Corporation"/>
    <property name="java.awt.graphicsenv" value="sun.awt.X11GraphicsEnvironment"/>
    <property name="surefire.real.class.path" value="/home/runner/work/ratis/ratis/ratis-test/target/surefire/surefirebooter1601990668294068225.jar"/>
    <property name="sun.management.compiler" value="HotSpot 64-Bit Tiered Compilers"/>
    <property name="java.runtime.version" value="11.0.18+10"/>
    <property name="user.name" value="runner"/>
    <property name="java.net.preferIPv4Stack" value="true"/>
    <property name="path.separator" value=":"/>
    <property name="os.version" value="5.15.0-1033-azure"/>
    <property name="java.runtime.name" value="OpenJDK Runtime Environment"/>
    <property name="file.encoding" value="UTF-8"/>
    <property name="java.vm.name" value="OpenJDK 64-Bit Server VM"/>
    <property name="java.vendor.version" value="Temurin-11.0.18+10"/>
    <property name="localRepository" value="/home/runner/.m2/repository"/>
    <property name="java.vendor.url.bug" value="https://github.com/adoptium/adoptium-support/issues"/>
    <property name="java.io.tmpdir" value="/tmp"/>
    <property name="java.version" value="11.0.18"/>
    <property name="user.dir" value="/home/runner/work/ratis/ratis/ratis-test"/>
    <property name="os.arch" value="amd64"/>
    <property name="ratis.tmp.dir" value="/home/runner/work/ratis/ratis/ratis-test/target/tmp"/>
    <property name="java.vm.specification.name" value="Java Virtual Machine Specification"/>
    <property name="java.awt.printerjob" value="sun.print.PSPrinterJob"/>
    <property name="ratis.log.dir" value="/home/runner/work/ratis/ratis/ratis-test/target/log"/>
    <property name="sun.os.patch.level" value="unknown"/>
    <property name="java.library.path" value="/usr/java/packages/lib:/usr/lib64:/lib64:/lib:/usr/lib"/>
    <property name="java.vm.info" value="mixed mode"/>
    <property name="java.vendor" value="Eclipse Adoptium"/>
    <property name="java.vm.version" value="11.0.18+10"/>
    <property name="sun.io.unicode.encoding" value="UnicodeLittle"/>
    <property name="java.class.version" value="55.0"/>
  </properties>
  <testcase name="testMultipleStreamsSingleServer" classname="org.apache.ratis.datastream.TestNettyDataStreamStarTopologyWithGrpcCluster" time="14.578"/>
  <testcase name="testMultipleStreamsMultipleServers" classname="org.apache.ratis.datastream.TestNettyDataStreamStarTopologyWithGrpcCluster" time="51.534"/>
  <testcase name="testMultipleStreamsMultipleServersStepDownLeader" classname="org.apache.ratis.datastream.TestNettyDataStreamStarTopologyWithGrpcCluster" time="300.009">
    <error message="test timed out after 300 seconds" type="org.junit.runners.model.TestTimedOutException">org.junit.runners.model.TestTimedOutException: test timed out after 300 seconds
	at java.base@11.0.18/jdk.internal.misc.Unsafe.park(Native Method)
	at java.base@11.0.18/java.util.concurrent.locks.LockSupport.park(LockSupport.java:194)
	at java.base@11.0.18/java.util.concurrent.CompletableFuture$Signaller.block(CompletableFuture.java:1796)
	at java.base@11.0.18/java.util.concurrent.ForkJoinPool.managedBlock(ForkJoinPool.java:3128)
	at java.base@11.0.18/java.util.concurrent.CompletableFuture.waitingGet(CompletableFuture.java:1823)
	at java.base@11.0.18/java.util.concurrent.CompletableFuture.join(CompletableFuture.java:2043)
	at app//org.apache.ratis.datastream.DataStreamAsyncClusterTests$$Lambda$517/0x0000000100341440.apply(Unknown Source)
	at java.base@11.0.18/java.util.stream.ReferencePipeline$3$1.accept(ReferencePipeline.java:195)
	at java.base@11.0.18/java.util.ArrayList$ArrayListSpliterator.forEachRemaining(ArrayList.java:1655)
	at java.base@11.0.18/java.util.stream.AbstractPipeline.copyInto(AbstractPipeline.java:484)
	at java.base@11.0.18/java.util.stream.AbstractPipeline.wrapAndCopyInto(AbstractPipeline.java:474)
	at java.base@11.0.18/java.util.stream.ReduceOps$ReduceOp.evaluateSequential(ReduceOps.java:913)
	at java.base@11.0.18/java.util.stream.AbstractPipeline.evaluate(AbstractPipeline.java:234)
	at java.base@11.0.18/java.util.stream.ReferencePipeline.reduce(ReferencePipeline.java:558)
	at java.base@11.0.18/java.util.stream.ReferencePipeline.max(ReferencePipeline.java:594)
	at app//org.apache.ratis.datastream.DataStreamAsyncClusterTests.runTestDataStream(DataStreamAsyncClusterTests.java:97)
	at app//org.apache.ratis.datastream.DataStreamAsyncClusterTests.runTestDataStreamStepDownLeader(DataStreamAsyncClusterTests.java:82)
	at app//org.apache.ratis.datastream.DataStreamAsyncClusterTests$$Lambda$958/0x00000001004a6040.accept(Unknown Source)
	at app//org.apache.ratis.server.impl.MiniRaftCluster$Factory$Get.runWithNewCluster(MiniRaftCluster.java:141)
	at app//org.apache.ratis.server.impl.MiniRaftCluster$Factory$Get.runWithNewCluster(MiniRaftCluster.java:121)
	at app//org.apache.ratis.datastream.DataStreamAsyncClusterTests.testMultipleStreamsMultipleServersStepDownLeader(DataStreamAsyncClusterTests.java:78)
	at java.base@11.0.18/jdk.internal.reflect.NativeMethodAccessorImpl.invoke0(Native Method)
	at java.base@11.0.18/jdk.internal.reflect.NativeMethodAccessorImpl.invoke(NativeMethodAccessorImpl.java:62)
	at java.base@11.0.18/jdk.internal.reflect.DelegatingMethodAccessorImpl.invoke(DelegatingMethodAccessorImpl.java:43)
	at java.base@11.0.18/java.lang.reflect.Method.invoke(Method.java:566)
	at app//org.junit.runners.model.FrameworkMethod$1.runReflectiveCall(FrameworkMethod.java:59)
	at app//org.junit.internal.runners.model.ReflectiveCallable.run(ReflectiveCallable.java:12)
	at app//org.junit.runners.model.FrameworkMethod.invokeExplosively(FrameworkMethod.java:56)
	at app//org.junit.internal.runners.statements.InvokeMethod.evaluate(InvokeMethod.java:17)
	at app//org.junit.internal.runners.statements.RunBefores.evaluate(RunBefores.java:26)
	at app//org.junit.internal.runners.statements.RunAfters.evaluate(RunAfters.java:27)
	at app//org.junit.internal.runners.statements.FailOnTimeout$CallableStatement.call(FailOnTimeout.java:299)
	at app//org.junit.internal.runners.statements.FailOnTimeout$CallableStatement.call(FailOnTimeout.java:293)
	at java.base@11.0.18/java.util.concurrent.FutureTask.run(FutureTask.java:264)
	at java.base@11.0.18/java.lang.Thread.run(Thread.java:829)
</error>
    <system-out><![CDATA[2023-02-23 08:44:15,420 [main] INFO  util.LogUtils (Slf4jUtils.java:setLogLevel(38)) - Successfully set org.apache.ratis.conf.ConfUtils log level to WARN
2023-02-23 08:44:15,420 [main] INFO  util.LogUtils (Slf4jUtils.java:setLogLevel(38)) - Successfully set org.apache.ratis.util.FileUtils log level to TRACE
2023-02-23 08:44:15,423 [Time-limited test] INFO  impl.MiniRaftCluster (MiniRaftCluster.java:runWithNewCluster(135)) - Running runWithNewCluster
2023-02-23 08:44:15,423 [Time-limited test] INFO  impl.MiniRaftCluster (MiniRaftCluster.java:<init>(306)) - new MiniRaftClusterWithRpcTypeGrpcAndDataStreamTypeNetty with group-D5CC796A79A9:[s0|rpc:localhost:44609|admin:localhost:43339|client:localhost:35167|dataStream:localhost:45017|priority:0|startupRole:FOLLOWER, s1|rpc:localhost:46005|admin:localhost:39871|client:localhost:43155|dataStream:localhost:44881|priority:0|startupRole:FOLLOWER, s2|rpc:localhost:40131|admin:localhost:41173|client:localhost:45441|dataStream:localhost:41833|priority:0|startupRole:FOLLOWER]
2023-02-23 08:44:15,423 [Time-limited test] INFO  impl.MiniRaftCluster (MiniRaftCluster.java:start(339)) - .............................................................. 
2023-02-23 08:44:15,423 [Time-limited test] INFO  impl.MiniRaftCluster (MiniRaftCluster.java:start(340)) - ... 
2023-02-23 08:44:15,423 [Time-limited test] INFO  impl.MiniRaftCluster (MiniRaftCluster.java:start(341)) - ...     Starting MiniRaftClusterWithRpcTypeGrpcAndDataStreamTypeNetty
2023-02-23 08:44:15,423 [Time-limited test] INFO  impl.MiniRaftCluster (MiniRaftCluster.java:start(342)) - ... 
2023-02-23 08:44:15,423 [Time-limited test] INFO  impl.MiniRaftCluster (MiniRaftCluster.java:start(343)) - .............................................................. 
2023-02-23 08:44:15,423 [Time-limited test] INFO  impl.MiniRaftCluster (MiniRaftCluster.java:initServers(318)) - servers = {}
2023-02-23 08:44:15,424 [Time-limited test] INFO  impl.MiniRaftCluster (MiniRaftCluster.java:newRaftServer(382)) - newRaftServer: s0, group-D5CC796A79A9:[s0|rpc:localhost:44609|admin:localhost:43339|client:localhost:35167|dataStream:localhost:45017|priority:0|startupRole:FOLLOWER, s1|rpc:localhost:46005|admin:localhost:39871|client:localhost:43155|dataStream:localhost:44881|priority:0|startupRole:FOLLOWER, s2|rpc:localhost:40131|admin:localhost:41173|client:localhost:45441|dataStream:localhost:41833|priority:0|startupRole:FOLLOWER], format? true
2023-02-23 08:44:15,424 [Time-limited test] TRACE util.FileUtils (FileUtils.java:deleteFully(201)) - deleteFully target/test/data/74e677c2/MiniRaftClusterWithRpcTypeGrpcAndDataStreamTypeNetty7c12e66b/s0
2023-02-23 08:44:15,424 [Time-limited test] TRACE util.FileUtils (FileUtils.java:deleteFully(217)) - deleteFully: target/test/data/74e677c2/MiniRaftClusterWithRpcTypeGrpcAndDataStreamTypeNetty7c12e66b/s0 does not exist.
2023-02-23 08:44:15,424 [Time-limited test] INFO  impl.MiniRaftCluster (MiniRaftCluster.java:newRaftServer(387)) - Formatted directory target/test/data/74e677c2/MiniRaftClusterWithRpcTypeGrpcAndDataStreamTypeNetty7c12e66b/s0
2023-02-23 08:44:15,424 [Time-limited test] INFO  server.RaftServer (ConfUtils.java:logGet(46)) - raft.rpc.type = GRPC (default)
2023-02-23 08:44:15,424 [Time-limited test] INFO  grpc.GrpcConfigKeys (ConfUtils.java:logFallback(53)) - raft.grpc.admin.host = null (fallback to raft.grpc.server.host)
2023-02-23 08:44:15,428 [Time-limited test] INFO  grpc.GrpcConfigKeys (ConfUtils.java:logGet(46)) - raft.grpc.admin.port = 43339 (custom)
2023-02-23 08:44:15,428 [Time-limited test] INFO  grpc.GrpcConfigKeys (ConfUtils.java:logFallback(53)) - raft.grpc.client.host = null (fallback to raft.grpc.server.host)
2023-02-23 08:44:15,429 [Time-limited test] INFO  grpc.GrpcConfigKeys (ConfUtils.java:logGet(46)) - raft.grpc.client.port = 35167 (custom)
2023-02-23 08:44:15,429 [Time-limited test] INFO  grpc.GrpcConfigKeys (ConfUtils.java:logGet(46)) - raft.grpc.server.host = null (default)
2023-02-23 08:44:15,429 [Time-limited test] INFO  grpc.GrpcConfigKeys (ConfUtils.java:logGet(46)) - raft.grpc.server.port = 44609 (custom)
2023-02-23 08:44:15,429 [Time-limited test] INFO  server.GrpcService (ConfUtils.java:logGet(46)) - raft.grpc.message.size.max = 64MB (=67108864) (default)
2023-02-23 08:44:15,429 [Time-limited test] INFO  server.RaftServerConfigKeys (ConfUtils.java:logGet(46)) - raft.server.log.appender.buffer.byte-limit = 4MB (=4194304) (default)
2023-02-23 08:44:15,429 [Time-limited test] INFO  server.GrpcService (ConfUtils.java:logGet(46)) - raft.grpc.flow.control.window = 1MB (=1048576) (default)
2023-02-23 08:44:15,429 [Time-limited test] INFO  server.RaftServerConfigKeys (ConfUtils.java:logGet(46)) - raft.server.rpc.request.timeout = 3000ms (default)
2023-02-23 08:44:15,429 [Time-limited test] INFO  grpc.GrpcConfigKeys (ConfUtils.java:logGet(46)) - raft.grpc.server.heartbeat.channel = true (default)
2023-02-23 08:44:15,429 [Time-limited test] INFO  grpc.GrpcConfigKeys (ConfUtils.java:logGet(46)) - raft.grpc.server.async.request.thread.pool.cached = true (default)
2023-02-23 08:44:15,429 [Time-limited test] INFO  grpc.GrpcConfigKeys (ConfUtils.java:logGet(46)) - raft.grpc.server.async.request.thread.pool.size = 32 (default)
2023-02-23 08:44:15,431 [Time-limited test] INFO  impl.DataStreamServerImpl (ConfUtils.java:logGet(46)) - raft.datastream.type = NETTY (custom)
2023-02-23 08:44:15,431 [Time-limited test] INFO  server.RaftServerConfigKeys (ConfUtils.java:logGet(46)) - raft.server.data-stream.async.request.thread.pool.cached = false (default)
2023-02-23 08:44:15,431 [Time-limited test] INFO  server.RaftServerConfigKeys (ConfUtils.java:logGet(46)) - raft.server.data-stream.async.request.thread.pool.size = 32 (default)
2023-02-23 08:44:15,431 [Time-limited test] INFO  server.RaftServerConfigKeys (ConfUtils.java:logGet(46)) - raft.server.data-stream.async.write.thread.pool.size = 16 (default)
2023-02-23 08:44:15,431 [Time-limited test] INFO  server.RaftServerConfigKeys (ConfUtils.java:logGet(46)) - raft.server.data-stream.client.pool.size = 10 (default)
2023-02-23 08:44:15,431 [Time-limited test] INFO  netty.NettyConfigKeys$DataStream (ConfUtils.java:logGet(46)) - raft.netty.dataStream.server.use-epoll = false (default)
2023-02-23 08:44:15,432 [Time-limited test] INFO  netty.NettyConfigKeys$DataStream (ConfUtils.java:logGet(46)) - raft.netty.dataStream.server.boss-group.size = 0 (default)
2023-02-23 08:44:15,432 [Time-limited test] INFO  netty.NettyConfigKeys$DataStream (ConfUtils.java:logGet(46)) - raft.netty.dataStream.server.worker-group.size = 0 (default)
2023-02-23 08:44:15,432 [Time-limited test] INFO  netty.NettyConfigKeys$DataStream (ConfUtils.java:logGet(46)) - raft.netty.dataStream.server.tls.conf = null (default)
2023-02-23 08:44:15,432 [Time-limited test] INFO  netty.NettyConfigKeys$DataStream (ConfUtils.java:logGet(46)) - raft.netty.dataStream.host = null (default)
2023-02-23 08:44:15,432 [Time-limited test] INFO  netty.NettyConfigKeys$DataStream (ConfUtils.java:logGet(46)) - raft.netty.dataStream.port = 45017 (custom)
2023-02-23 08:44:15,433 [Time-limited test] INFO  server.RaftServerConfigKeys (ConfUtils.java:logGet(46)) - raft.server.threadpool.proxy.cached = true (default)
2023-02-23 08:44:15,433 [Time-limited test] INFO  server.RaftServerConfigKeys (ConfUtils.java:logGet(46)) - raft.server.threadpool.proxy.size = 0 (default)
2023-02-23 08:44:15,433 [Time-limited test] INFO  server.RaftServerConfigKeys (ConfUtils.java:logGet(46)) - raft.server.rpc.slowness.timeout = 60s (default)
2023-02-23 08:44:15,433 [Time-limited test] INFO  server.RaftServerConfigKeys (ConfUtils.java:logGet(46)) - raft.server.leaderelection.leader.step-down.wait-time = 10s (default)
2023-02-23 08:44:15,433 [Time-limited test] INFO  server.RaftServerConfigKeys (ConfUtils.java:logGet(46)) - raft.server.storage.dir = [/home/runner/work/ratis/ratis/ratis-test/target/test/data/74e677c2/MiniRaftClusterWithRpcTypeGrpcAndDataStreamTypeNetty7c12e66b/s0] (custom)
2023-02-23 08:44:15,434 [s0-NettyServerStreamRpc-bossGroup--thread1] INFO  logging.LoggingHandler (AbstractInternalLogger.java:log(148)) - [id: 0xd3bce935] REGISTERED
2023-02-23 08:44:15,441 [s0-NettyServerStreamRpc-bossGroup--thread1] INFO  logging.LoggingHandler (AbstractInternalLogger.java:log(148)) - [id: 0xd3bce935] BIND: 0.0.0.0/0.0.0.0:45017
2023-02-23 08:44:15,442 [s0-NettyServerStreamRpc-bossGroup--thread1] INFO  logging.LoggingHandler (AbstractInternalLogger.java:log(148)) - [id: 0xd3bce935, L:/0.0.0.0:45017] ACTIVE
2023-02-23 08:44:15,442 [Time-limited test] INFO  server.RaftServer (RaftServerProxy.java:addNew(99)) - s0: addNew group-D5CC796A79A9:[s0|rpc:localhost:44609|admin:localhost:43339|client:localhost:35167|dataStream:localhost:45017|priority:0|startupRole:FOLLOWER, s1|rpc:localhost:46005|admin:localhost:39871|client:localhost:43155|dataStream:localhost:44881|priority:0|startupRole:FOLLOWER, s2|rpc:localhost:40131|admin:localhost:41173|client:localhost:45441|dataStream:localhost:41833|priority:0|startupRole:FOLLOWER] returns group-D5CC796A79A9:java.util.concurrent.CompletableFuture@9510eb7[Not completed]
2023-02-23 08:44:15,442 [s0-groupManagement] INFO  server.RaftServer$Division (RaftServerImpl.java:<init>(198)) - s0: new RaftServerImpl for group-D5CC796A79A9:[s0|rpc:localhost:44609|admin:localhost:43339|client:localhost:35167|dataStream:localhost:45017|priority:0|startupRole:FOLLOWER, s1|rpc:localhost:46005|admin:localhost:39871|client:localhost:43155|dataStream:localhost:44881|priority:0|startupRole:FOLLOWER, s2|rpc:localhost:40131|admin:localhost:41173|client:localhost:45441|dataStream:localhost:41833|priority:0|startupRole:FOLLOWER] with MultiDataStreamStateMachine:uninitialized
2023-02-23 08:44:15,442 [s0-groupManagement] INFO  server.RaftServerConfigKeys (ConfUtils.java:logGet(46)) - raft.server.rpc.timeout.min = 150ms (default)
2023-02-23 08:44:15,442 [Time-limited test] INFO  impl.MiniRaftCluster (MiniRaftCluster.java:newRaftServer(382)) - newRaftServer: s1, group-D5CC796A79A9:[s0|rpc:localhost:44609|admin:localhost:43339|client:localhost:35167|dataStream:localhost:45017|priority:0|startupRole:FOLLOWER, s1|rpc:localhost:46005|admin:localhost:39871|client:localhost:43155|dataStream:localhost:44881|priority:0|startupRole:FOLLOWER, s2|rpc:localhost:40131|admin:localhost:41173|client:localhost:45441|dataStream:localhost:41833|priority:0|startupRole:FOLLOWER], format? true
2023-02-23 08:44:15,445 [Time-limited test] TRACE util.FileUtils (FileUtils.java:deleteFully(201)) - deleteFully target/test/data/74e677c2/MiniRaftClusterWithRpcTypeGrpcAndDataStreamTypeNetty7c12e66b/s1
2023-02-23 08:44:15,445 [s0-groupManagement] INFO  server.RaftServerConfigKeys (ConfUtils.java:logGet(46)) - raft.server.rpc.timeout.max = 300ms (default)
2023-02-23 08:44:15,445 [Time-limited test] TRACE util.FileUtils (FileUtils.java:deleteFully(217)) - deleteFully: target/test/data/74e677c2/MiniRaftClusterWithRpcTypeGrpcAndDataStreamTypeNetty7c12e66b/s1 does not exist.
2023-02-23 08:44:15,445 [Time-limited test] INFO  impl.MiniRaftCluster (MiniRaftCluster.java:newRaftServer(387)) - Formatted directory target/test/data/74e677c2/MiniRaftClusterWithRpcTypeGrpcAndDataStreamTypeNetty7c12e66b/s1
2023-02-23 08:44:15,446 [Time-limited test] INFO  server.RaftServer (ConfUtils.java:logGet(46)) - raft.rpc.type = GRPC (default)
2023-02-23 08:44:15,446 [Time-limited test] INFO  grpc.GrpcConfigKeys (ConfUtils.java:logFallback(53)) - raft.grpc.admin.host = null (fallback to raft.grpc.server.host)
2023-02-23 08:44:15,446 [Time-limited test] INFO  grpc.GrpcConfigKeys (ConfUtils.java:logGet(46)) - raft.grpc.admin.port = 39871 (custom)
2023-02-23 08:44:15,446 [Time-limited test] INFO  grpc.GrpcConfigKeys (ConfUtils.java:logFallback(53)) - raft.grpc.client.host = null (fallback to raft.grpc.server.host)
2023-02-23 08:44:15,446 [Time-limited test] INFO  grpc.GrpcConfigKeys (ConfUtils.java:logGet(46)) - raft.grpc.client.port = 43155 (custom)
2023-02-23 08:44:15,446 [Time-limited test] INFO  grpc.GrpcConfigKeys (ConfUtils.java:logGet(46)) - raft.grpc.server.host = null (default)
2023-02-23 08:44:15,446 [Time-limited test] INFO  grpc.GrpcConfigKeys (ConfUtils.java:logGet(46)) - raft.grpc.server.port = 46005 (custom)
2023-02-23 08:44:15,446 [Time-limited test] INFO  server.GrpcService (ConfUtils.java:logGet(46)) - raft.grpc.message.size.max = 64MB (=67108864) (default)
2023-02-23 08:44:15,446 [Time-limited test] INFO  server.RaftServerConfigKeys (ConfUtils.java:logGet(46)) - raft.server.log.appender.buffer.byte-limit = 4MB (=4194304) (default)
2023-02-23 08:44:15,446 [Time-limited test] INFO  server.GrpcService (ConfUtils.java:logGet(46)) - raft.grpc.flow.control.window = 1MB (=1048576) (default)
2023-02-23 08:44:15,446 [Time-limited test] INFO  server.RaftServerConfigKeys (ConfUtils.java:logGet(46)) - raft.server.rpc.request.timeout = 3000ms (default)
2023-02-23 08:44:15,446 [Time-limited test] INFO  grpc.GrpcConfigKeys (ConfUtils.java:logGet(46)) - raft.grpc.server.heartbeat.channel = true (default)
2023-02-23 08:44:15,446 [Time-limited test] INFO  grpc.GrpcConfigKeys (ConfUtils.java:logGet(46)) - raft.grpc.server.async.request.thread.pool.cached = true (default)
2023-02-23 08:44:15,446 [Time-limited test] INFO  grpc.GrpcConfigKeys (ConfUtils.java:logGet(46)) - raft.grpc.server.async.request.thread.pool.size = 32 (default)
2023-02-23 08:44:15,447 [Time-limited test] INFO  impl.DataStreamServerImpl (ConfUtils.java:logGet(46)) - raft.datastream.type = NETTY (custom)
2023-02-23 08:44:15,447 [Time-limited test] INFO  server.RaftServerConfigKeys (ConfUtils.java:logGet(46)) - raft.server.data-stream.async.request.thread.pool.cached = false (default)
2023-02-23 08:44:15,447 [Time-limited test] INFO  server.RaftServerConfigKeys (ConfUtils.java:logGet(46)) - raft.server.data-stream.async.request.thread.pool.size = 32 (default)
2023-02-23 08:44:15,447 [Time-limited test] INFO  server.RaftServerConfigKeys (ConfUtils.java:logGet(46)) - raft.server.data-stream.async.write.thread.pool.size = 16 (default)
2023-02-23 08:44:15,447 [Time-limited test] INFO  server.RaftServerConfigKeys (ConfUtils.java:logGet(46)) - raft.server.data-stream.client.pool.size = 10 (default)
2023-02-23 08:44:15,447 [Time-limited test] INFO  netty.NettyConfigKeys$DataStream (ConfUtils.java:logGet(46)) - raft.netty.dataStream.server.use-epoll = false (default)
2023-02-23 08:44:15,447 [Time-limited test] INFO  netty.NettyConfigKeys$DataStream (ConfUtils.java:logGet(46)) - raft.netty.dataStream.server.boss-group.size = 0 (default)
2023-02-23 08:44:15,448 [Time-limited test] INFO  netty.NettyConfigKeys$DataStream (ConfUtils.java:logGet(46)) - raft.netty.dataStream.server.worker-group.size = 0 (default)
2023-02-23 08:44:15,448 [Time-limited test] INFO  netty.NettyConfigKeys$DataStream (ConfUtils.java:logGet(46)) - raft.netty.dataStream.server.tls.conf = null (default)
2023-02-23 08:44:15,448 [Time-limited test] INFO  netty.NettyConfigKeys$DataStream (ConfUtils.java:logGet(46)) - raft.netty.dataStream.host = null (default)
2023-02-23 08:44:15,448 [Time-limited test] INFO  netty.NettyConfigKeys$DataStream (ConfUtils.java:logGet(46)) - raft.netty.dataStream.port = 44881 (custom)
2023-02-23 08:44:15,448 [Time-limited test] INFO  server.RaftServerConfigKeys (ConfUtils.java:logGet(46)) - raft.server.threadpool.proxy.cached = true (default)
2023-02-23 08:44:15,448 [Time-limited test] INFO  server.RaftServerConfigKeys (ConfUtils.java:logGet(46)) - raft.server.threadpool.proxy.size = 0 (default)
2023-02-23 08:44:15,448 [Time-limited test] INFO  server.RaftServerConfigKeys (ConfUtils.java:logGet(46)) - raft.server.rpc.slowness.timeout = 60s (default)
2023-02-23 08:44:15,448 [Time-limited test] INFO  server.RaftServerConfigKeys (ConfUtils.java:logGet(46)) - raft.server.leaderelection.leader.step-down.wait-time = 10s (default)
2023-02-23 08:44:15,448 [s1-NettyServerStreamRpc-bossGroup--thread1] INFO  logging.LoggingHandler (AbstractInternalLogger.java:log(148)) - [id: 0x94ce7168] REGISTERED
2023-02-23 08:44:15,448 [Time-limited test] INFO  server.RaftServerConfigKeys (ConfUtils.java:logGet(46)) - raft.server.storage.dir = [/home/runner/work/ratis/ratis/ratis-test/target/test/data/74e677c2/MiniRaftClusterWithRpcTypeGrpcAndDataStreamTypeNetty7c12e66b/s1] (custom)
2023-02-23 08:44:15,448 [s1-NettyServerStreamRpc-bossGroup--thread1] INFO  logging.LoggingHandler (AbstractInternalLogger.java:log(148)) - [id: 0x94ce7168] BIND: 0.0.0.0/0.0.0.0:44881
2023-02-23 08:44:15,449 [s1-NettyServerStreamRpc-bossGroup--thread1] INFO  logging.LoggingHandler (AbstractInternalLogger.java:log(148)) - [id: 0x94ce7168, L:/0.0.0.0:44881] ACTIVE
2023-02-23 08:44:15,449 [s0-groupManagement] INFO  server.RaftServerConfigKeys (ConfUtils.java:logGet(46)) - raft.server.rpc.sleep.time = 25ms (default)
2023-02-23 08:44:15,449 [s0-groupManagement] INFO  server.RaftServerConfigKeys (ConfUtils.java:logGet(46)) - raft.server.rpc.slowness.timeout = 60s (default)
2023-02-23 08:44:15,449 [Time-limited test] INFO  server.RaftServer (RaftServerProxy.java:addNew(99)) - s1: addNew group-D5CC796A79A9:[s0|rpc:localhost:44609|admin:localhost:43339|client:localhost:35167|dataStream:localhost:45017|priority:0|startupRole:FOLLOWER, s1|rpc:localhost:46005|admin:localhost:39871|client:localhost:43155|dataStream:localhost:44881|priority:0|startupRole:FOLLOWER, s2|rpc:localhost:40131|admin:localhost:41173|client:localhost:45441|dataStream:localhost:41833|priority:0|startupRole:FOLLOWER] returns group-D5CC796A79A9:java.util.concurrent.CompletableFuture@23e123f[Not completed]
2023-02-23 08:44:15,449 [s1-groupManagement] INFO  server.RaftServer$Division (RaftServerImpl.java:<init>(198)) - s1: new RaftServerImpl for group-D5CC796A79A9:[s0|rpc:localhost:44609|admin:localhost:43339|client:localhost:35167|dataStream:localhost:45017|priority:0|startupRole:FOLLOWER, s1|rpc:localhost:46005|admin:localhost:39871|client:localhost:43155|dataStream:localhost:44881|priority:0|startupRole:FOLLOWER, s2|rpc:localhost:40131|admin:localhost:41173|client:localhost:45441|dataStream:localhost:41833|priority:0|startupRole:FOLLOWER] with MultiDataStreamStateMachine:uninitialized
2023-02-23 08:44:15,450 [s1-groupManagement] INFO  server.RaftServerConfigKeys (ConfUtils.java:logGet(46)) - raft.server.rpc.timeout.min = 150ms (default)
2023-02-23 08:44:15,450 [s1-groupManagement] INFO  server.RaftServerConfigKeys (ConfUtils.java:logGet(46)) - raft.server.rpc.timeout.max = 300ms (default)
2023-02-23 08:44:15,450 [s1-groupManagement] INFO  server.RaftServerConfigKeys (ConfUtils.java:logGet(46)) - raft.server.rpc.sleep.time = 25ms (default)
2023-02-23 08:44:15,450 [Time-limited test] INFO  impl.MiniRaftCluster (MiniRaftCluster.java:newRaftServer(382)) - newRaftServer: s2, group-D5CC796A79A9:[s0|rpc:localhost:44609|admin:localhost:43339|client:localhost:35167|dataStream:localhost:45017|priority:0|startupRole:FOLLOWER, s1|rpc:localhost:46005|admin:localhost:39871|client:localhost:43155|dataStream:localhost:44881|priority:0|startupRole:FOLLOWER, s2|rpc:localhost:40131|admin:localhost:41173|client:localhost:45441|dataStream:localhost:41833|priority:0|startupRole:FOLLOWER], format? true
2023-02-23 08:44:15,454 [Time-limited test] TRACE util.FileUtils (FileUtils.java:deleteFully(201)) - deleteFully target/test/data/74e677c2/MiniRaftClusterWithRpcTypeGrpcAndDataStreamTypeNetty7c12e66b/s2
2023-02-23 08:44:15,454 [Time-limited test] TRACE util.FileUtils (FileUtils.java:deleteFully(217)) - deleteFully: target/test/data/74e677c2/MiniRaftClusterWithRpcTypeGrpcAndDataStreamTypeNetty7c12e66b/s2 does not exist.
2023-02-23 08:44:15,454 [Time-limited test] INFO  impl.MiniRaftCluster (MiniRaftCluster.java:newRaftServer(387)) - Formatted directory target/test/data/74e677c2/MiniRaftClusterWithRpcTypeGrpcAndDataStreamTypeNetty7c12e66b/s2
2023-02-23 08:44:15,455 [Time-limited test] INFO  server.RaftServer (ConfUtils.java:logGet(46)) - raft.rpc.type = GRPC (default)
2023-02-23 08:44:15,455 [Time-limited test] INFO  grpc.GrpcConfigKeys (ConfUtils.java:logFallback(53)) - raft.grpc.admin.host = null (fallback to raft.grpc.server.host)
2023-02-23 08:44:15,455 [Time-limited test] INFO  grpc.GrpcConfigKeys (ConfUtils.java:logGet(46)) - raft.grpc.admin.port = 41173 (custom)
2023-02-23 08:44:15,455 [Time-limited test] INFO  grpc.GrpcConfigKeys (ConfUtils.java:logFallback(53)) - raft.grpc.client.host = null (fallback to raft.grpc.server.host)
2023-02-23 08:44:15,455 [Time-limited test] INFO  grpc.GrpcConfigKeys (ConfUtils.java:logGet(46)) - raft.grpc.client.port = 45441 (custom)
2023-02-23 08:44:15,455 [Time-limited test] INFO  grpc.GrpcConfigKeys (ConfUtils.java:logGet(46)) - raft.grpc.server.host = null (default)
2023-02-23 08:44:15,455 [Time-limited test] INFO  grpc.GrpcConfigKeys (ConfUtils.java:logGet(46)) - raft.grpc.server.port = 40131 (custom)
2023-02-23 08:44:15,455 [Time-limited test] INFO  server.GrpcService (ConfUtils.java:logGet(46)) - raft.grpc.message.size.max = 64MB (=67108864) (default)
2023-02-23 08:44:15,455 [Time-limited test] INFO  server.RaftServerConfigKeys (ConfUtils.java:logGet(46)) - raft.server.log.appender.buffer.byte-limit = 4MB (=4194304) (default)
2023-02-23 08:44:15,455 [Time-limited test] INFO  server.GrpcService (ConfUtils.java:logGet(46)) - raft.grpc.flow.control.window = 1MB (=1048576) (default)
2023-02-23 08:44:15,455 [Time-limited test] INFO  server.RaftServerConfigKeys (ConfUtils.java:logGet(46)) - raft.server.rpc.request.timeout = 3000ms (default)
2023-02-23 08:44:15,455 [Time-limited test] INFO  grpc.GrpcConfigKeys (ConfUtils.java:logGet(46)) - raft.grpc.server.heartbeat.channel = true (default)
2023-02-23 08:44:15,455 [Time-limited test] INFO  grpc.GrpcConfigKeys (ConfUtils.java:logGet(46)) - raft.grpc.server.async.request.thread.pool.cached = true (default)
2023-02-23 08:44:15,455 [Time-limited test] INFO  grpc.GrpcConfigKeys (ConfUtils.java:logGet(46)) - raft.grpc.server.async.request.thread.pool.size = 32 (default)
2023-02-23 08:44:15,456 [Time-limited test] INFO  impl.DataStreamServerImpl (ConfUtils.java:logGet(46)) - raft.datastream.type = NETTY (custom)
2023-02-23 08:44:15,456 [Time-limited test] INFO  server.RaftServerConfigKeys (ConfUtils.java:logGet(46)) - raft.server.data-stream.async.request.thread.pool.cached = false (default)
2023-02-23 08:44:15,456 [Time-limited test] INFO  server.RaftServerConfigKeys (ConfUtils.java:logGet(46)) - raft.server.data-stream.async.request.thread.pool.size = 32 (default)
2023-02-23 08:44:15,456 [Time-limited test] INFO  server.RaftServerConfigKeys (ConfUtils.java:logGet(46)) - raft.server.data-stream.async.write.thread.pool.size = 16 (default)
2023-02-23 08:44:15,456 [Time-limited test] INFO  server.RaftServerConfigKeys (ConfUtils.java:logGet(46)) - raft.server.data-stream.client.pool.size = 10 (default)
2023-02-23 08:44:15,456 [Time-limited test] INFO  netty.NettyConfigKeys$DataStream (ConfUtils.java:logGet(46)) - raft.netty.dataStream.server.use-epoll = false (default)
2023-02-23 08:44:15,456 [Time-limited test] INFO  netty.NettyConfigKeys$DataStream (ConfUtils.java:logGet(46)) - raft.netty.dataStream.server.boss-group.size = 0 (default)
2023-02-23 08:44:15,457 [Time-limited test] INFO  netty.NettyConfigKeys$DataStream (ConfUtils.java:logGet(46)) - raft.netty.dataStream.server.worker-group.size = 0 (default)
2023-02-23 08:44:15,457 [Time-limited test] INFO  netty.NettyConfigKeys$DataStream (ConfUtils.java:logGet(46)) - raft.netty.dataStream.server.tls.conf = null (default)
2023-02-23 08:44:15,457 [Time-limited test] INFO  netty.NettyConfigKeys$DataStream (ConfUtils.java:logGet(46)) - raft.netty.dataStream.host = null (default)
2023-02-23 08:44:15,457 [Time-limited test] INFO  netty.NettyConfigKeys$DataStream (ConfUtils.java:logGet(46)) - raft.netty.dataStream.port = 41833 (custom)
2023-02-23 08:44:15,454 [s0-groupManagement] INFO  server.RaftServerConfigKeys (ConfUtils.java:logGet(46)) - raft.server.leaderelection.leader.step-down.wait-time = 10s (default)
2023-02-23 08:44:15,458 [s0-groupManagement] INFO  server.RaftServerConfigKeys (ConfUtils.java:logGet(46)) - raft.server.sleep.deviation.threshold = 300ms (default)
2023-02-23 08:44:15,458 [s0-groupManagement] INFO  server.RaftServer$Division (ServerState.java:<init>(113)) - s0@group-D5CC796A79A9: ConfigurationManager, init=-1: peers:[s0|rpc:localhost:44609|admin:localhost:43339|client:localhost:35167|dataStream:localhost:45017|priority:0|startupRole:FOLLOWER, s1|rpc:localhost:46005|admin:localhost:39871|client:localhost:43155|dataStream:localhost:44881|priority:0|startupRole:FOLLOWER, s2|rpc:localhost:40131|admin:localhost:41173|client:localhost:45441|dataStream:localhost:41833|priority:0|startupRole:FOLLOWER]|listeners:[], old=null, confs=<EMPTY_MAP>
2023-02-23 08:44:15,458 [s0-groupManagement] INFO  server.RaftServerConfigKeys (ConfUtils.java:logGet(46)) - raft.server.notification.no-leader.timeout = 60s (default)
2023-02-23 08:44:15,458 [s0-groupManagement] INFO  server.RaftServerConfigKeys (ConfUtils.java:logGet(46)) - raft.server.read.timeout = 10s (default)
2023-02-23 08:44:15,458 [s0-groupManagement] INFO  server.RaftServerConfigKeys (ConfUtils.java:logGet(46)) - raft.server.retrycache.expirytime = 60s (default)
2023-02-23 08:44:15,458 [s0-groupManagement] INFO  server.RaftServerConfigKeys (ConfUtils.java:logGet(46)) - raft.server.retrycache.statistics.expirytime = 100μs (default)
2023-02-23 08:44:15,459 [s0-groupManagement] INFO  server.RaftServerConfigKeys (ConfUtils.java:logGet(46)) - raft.server.read.option = DEFAULT (default)
2023-02-23 08:44:15,460 [s0-groupManagement] INFO  server.RaftServerConfigKeys (ConfUtils.java:logGet(46)) - raft.server.log.appender.install.snapshot.enabled = true (default)
2023-02-23 08:44:15,460 [s0-groupManagement] INFO  server.RaftServerConfigKeys (ConfUtils.java:logGet(46)) - raft.server.threadpool.server.cached = true (default)
2023-02-23 08:44:15,460 [s0-groupManagement] INFO  server.RaftServerConfigKeys (ConfUtils.java:logGet(46)) - raft.server.threadpool.server.size = 0 (default)
2023-02-23 08:44:15,460 [s0-groupManagement] INFO  server.RaftServerConfigKeys (ConfUtils.java:logGet(46)) - raft.server.threadpool.client.cached = true (default)
2023-02-23 08:44:15,460 [s0-groupManagement] INFO  server.RaftServerConfigKeys (ConfUtils.java:logGet(46)) - raft.server.threadpool.client.size = 0 (default)
2023-02-23 08:44:15,461 [Time-limited test] INFO  server.RaftServerConfigKeys (ConfUtils.java:logGet(46)) - raft.server.threadpool.proxy.cached = true (default)
2023-02-23 08:44:15,462 [Time-limited test] INFO  server.RaftServerConfigKeys (ConfUtils.java:logGet(46)) - raft.server.threadpool.proxy.size = 0 (default)
2023-02-23 08:44:15,462 [Time-limited test] INFO  server.RaftServerConfigKeys (ConfUtils.java:logGet(46)) - raft.server.rpc.slowness.timeout = 60s (default)
2023-02-23 08:44:15,462 [Time-limited test] INFO  server.RaftServerConfigKeys (ConfUtils.java:logGet(46)) - raft.server.leaderelection.leader.step-down.wait-time = 10s (default)
2023-02-23 08:44:15,462 [Time-limited test] INFO  server.RaftServerConfigKeys (ConfUtils.java:logGet(46)) - raft.server.storage.dir = [/home/runner/work/ratis/ratis/ratis-test/target/test/data/74e677c2/MiniRaftClusterWithRpcTypeGrpcAndDataStreamTypeNetty7c12e66b/s2] (custom)
2023-02-23 08:44:15,450 [s1-groupManagement] INFO  server.RaftServerConfigKeys (ConfUtils.java:logGet(46)) - raft.server.rpc.slowness.timeout = 60s (default)
2023-02-23 08:44:15,463 [s1-groupManagement] INFO  server.RaftServerConfigKeys (ConfUtils.java:logGet(46)) - raft.server.leaderelection.leader.step-down.wait-time = 10s (default)
2023-02-23 08:44:15,463 [s1-groupManagement] INFO  server.RaftServerConfigKeys (ConfUtils.java:logGet(46)) - raft.server.sleep.deviation.threshold = 300ms (default)
2023-02-23 08:44:15,463 [s1-groupManagement] INFO  server.RaftServer$Division (ServerState.java:<init>(113)) - s1@group-D5CC796A79A9: ConfigurationManager, init=-1: peers:[s0|rpc:localhost:44609|admin:localhost:43339|client:localhost:35167|dataStream:localhost:45017|priority:0|startupRole:FOLLOWER, s1|rpc:localhost:46005|admin:localhost:39871|client:localhost:43155|dataStream:localhost:44881|priority:0|startupRole:FOLLOWER, s2|rpc:localhost:40131|admin:localhost:41173|client:localhost:45441|dataStream:localhost:41833|priority:0|startupRole:FOLLOWER]|listeners:[], old=null, confs=<EMPTY_MAP>
2023-02-23 08:44:15,463 [s1-groupManagement] INFO  server.RaftServerConfigKeys (ConfUtils.java:logGet(46)) - raft.server.notification.no-leader.timeout = 60s (default)
2023-02-23 08:44:15,463 [s1-groupManagement] INFO  server.RaftServerConfigKeys (ConfUtils.java:logGet(46)) - raft.server.read.timeout = 10s (default)
2023-02-23 08:44:15,463 [s1-groupManagement] INFO  server.RaftServerConfigKeys (ConfUtils.java:logGet(46)) - raft.server.retrycache.expirytime = 60s (default)
2023-02-23 08:44:15,464 [s1-groupManagement] INFO  server.RaftServerConfigKeys (ConfUtils.java:logGet(46)) - raft.server.retrycache.statistics.expirytime = 100μs (default)
2023-02-23 08:44:15,464 [s1-groupManagement] INFO  server.RaftServerConfigKeys (ConfUtils.java:logGet(46)) - raft.server.read.option = DEFAULT (default)
2023-02-23 08:44:15,466 [s1-groupManagement] INFO  server.RaftServerConfigKeys (ConfUtils.java:logGet(46)) - raft.server.log.appender.install.snapshot.enabled = true (default)
2023-02-23 08:44:15,466 [s1-groupManagement] INFO  server.RaftServerConfigKeys (ConfUtils.java:logGet(46)) - raft.server.threadpool.server.cached = true (default)
2023-02-23 08:44:15,466 [s1-groupManagement] INFO  server.RaftServerConfigKeys (ConfUtils.java:logGet(46)) - raft.server.threadpool.server.size = 0 (default)
2023-02-23 08:44:15,468 [s1-groupManagement] INFO  server.RaftServerConfigKeys (ConfUtils.java:logGet(46)) - raft.server.threadpool.client.cached = true (default)
2023-02-23 08:44:15,468 [s1-groupManagement] INFO  server.RaftServerConfigKeys (ConfUtils.java:logGet(46)) - raft.server.threadpool.client.size = 0 (default)
2023-02-23 08:44:15,468 [Time-limited test] INFO  server.RaftServer (RaftServerProxy.java:addNew(99)) - s2: addNew group-D5CC796A79A9:[s0|rpc:localhost:44609|admin:localhost:43339|client:localhost:35167|dataStream:localhost:45017|priority:0|startupRole:FOLLOWER, s1|rpc:localhost:46005|admin:localhost:39871|client:localhost:43155|dataStream:localhost:44881|priority:0|startupRole:FOLLOWER, s2|rpc:localhost:40131|admin:localhost:41173|client:localhost:45441|dataStream:localhost:41833|priority:0|startupRole:FOLLOWER] returns group-D5CC796A79A9:java.util.concurrent.CompletableFuture@1f53af71[Not completed]
2023-02-23 08:44:15,469 [s2-NettyServerStreamRpc-bossGroup--thread1] INFO  logging.LoggingHandler (AbstractInternalLogger.java:log(148)) - [id: 0xbcb72dc6] REGISTERED
2023-02-23 08:44:15,469 [s2-NettyServerStreamRpc-bossGroup--thread1] INFO  logging.LoggingHandler (AbstractInternalLogger.java:log(148)) - [id: 0xbcb72dc6] BIND: 0.0.0.0/0.0.0.0:41833
2023-02-23 08:44:15,469 [s2-NettyServerStreamRpc-bossGroup--thread1] INFO  logging.LoggingHandler (AbstractInternalLogger.java:log(148)) - [id: 0xbcb72dc6, L:0.0.0.0/0.0.0.0:41833] ACTIVE
2023-02-23 08:44:15,469 [s0-impl-thread1] INFO  server.RaftServerConfigKeys (ConfUtils.java:logGet(46)) - raft.server.storage.free-space.min = 0MB (=0) (default)
2023-02-23 08:44:15,470 [s0-impl-thread1] INFO  server.RaftServerConfigKeys (ConfUtils.java:logGet(46)) - raft.server.log.corruption.policy = EXCEPTION (default)
2023-02-23 08:44:15,470 [s0-impl-thread1] INFO  server.RaftServerConfigKeys (ConfUtils.java:logGet(46)) - raft.server.storage.dir = [/home/runner/work/ratis/ratis/ratis-test/target/test/data/74e677c2/MiniRaftClusterWithRpcTypeGrpcAndDataStreamTypeNetty7c12e66b/s0] (custom)
2023-02-23 08:44:15,470 [s0-impl-thread1] INFO  storage.RaftStorageDirectory (RaftStorageDirectoryImpl.java:analyzeStorage(138)) - The storage directory /home/runner/work/ratis/ratis/ratis-test/target/test/data/74e677c2/MiniRaftClusterWithRpcTypeGrpcAndDataStreamTypeNetty7c12e66b/s0/88259b85-7cb7-47c2-b0b3-d5cc796a79a9 does not exist. Creating ...
2023-02-23 08:44:15,470 [s2-groupManagement] INFO  server.RaftServer$Division (RaftServerImpl.java:<init>(198)) - s2: new RaftServerImpl for group-D5CC796A79A9:[s0|rpc:localhost:44609|admin:localhost:43339|client:localhost:35167|dataStream:localhost:45017|priority:0|startupRole:FOLLOWER, s1|rpc:localhost:46005|admin:localhost:39871|client:localhost:43155|dataStream:localhost:44881|priority:0|startupRole:FOLLOWER, s2|rpc:localhost:40131|admin:localhost:41173|client:localhost:45441|dataStream:localhost:41833|priority:0|startupRole:FOLLOWER] with MultiDataStreamStateMachine:uninitialized
2023-02-23 08:44:15,470 [s2-groupManagement] INFO  server.RaftServerConfigKeys (ConfUtils.java:logGet(46)) - raft.server.rpc.timeout.min = 150ms (default)
2023-02-23 08:44:15,471 [s2-groupManagement] INFO  server.RaftServerConfigKeys (ConfUtils.java:logGet(46)) - raft.server.rpc.timeout.max = 300ms (default)
2023-02-23 08:44:15,471 [s0-impl-thread1] TRACE util.FileUtils (LogUtils.java:runAndLog(49)) - Successfully ran Files.createDirectories /home/runner/work/ratis/ratis/ratis-test/target/test/data/74e677c2/MiniRaftClusterWithRpcTypeGrpcAndDataStreamTypeNetty7c12e66b/s0/88259b85-7cb7-47c2-b0b3-d5cc796a79a9
2023-02-23 08:44:15,471 [s2-groupManagement] INFO  server.RaftServerConfigKeys (ConfUtils.java:logGet(46)) - raft.server.rpc.sleep.time = 25ms (default)
2023-02-23 08:44:15,471 [s2-groupManagement] INFO  server.RaftServerConfigKeys (ConfUtils.java:logGet(46)) - raft.server.rpc.slowness.timeout = 60s (default)
2023-02-23 08:44:15,471 [s2-groupManagement] INFO  server.RaftServerConfigKeys (ConfUtils.java:logGet(46)) - raft.server.leaderelection.leader.step-down.wait-time = 10s (default)
2023-02-23 08:44:15,471 [s2-groupManagement] INFO  server.RaftServerConfigKeys (ConfUtils.java:logGet(46)) - raft.server.sleep.deviation.threshold = 300ms (default)
2023-02-23 08:44:15,471 [s2-groupManagement] INFO  server.RaftServer$Division (ServerState.java:<init>(113)) - s2@group-D5CC796A79A9: ConfigurationManager, init=-1: peers:[s0|rpc:localhost:44609|admin:localhost:43339|client:localhost:35167|dataStream:localhost:45017|priority:0|startupRole:FOLLOWER, s1|rpc:localhost:46005|admin:localhost:39871|client:localhost:43155|dataStream:localhost:44881|priority:0|startupRole:FOLLOWER, s2|rpc:localhost:40131|admin:localhost:41173|client:localhost:45441|dataStream:localhost:41833|priority:0|startupRole:FOLLOWER]|listeners:[], old=null, confs=<EMPTY_MAP>
2023-02-23 08:44:15,471 [s2-groupManagement] INFO  server.RaftServerConfigKeys (ConfUtils.java:logGet(46)) - raft.server.notification.no-leader.timeout = 60s (default)
2023-02-23 08:44:15,471 [s2-groupManagement] INFO  server.RaftServerConfigKeys (ConfUtils.java:logGet(46)) - raft.server.read.timeout = 10s (default)
2023-02-23 08:44:15,471 [s2-groupManagement] INFO  server.RaftServerConfigKeys (ConfUtils.java:logGet(46)) - raft.server.retrycache.expirytime = 60s (default)
2023-02-23 08:44:15,471 [s2-groupManagement] INFO  server.RaftServerConfigKeys (ConfUtils.java:logGet(46)) - raft.server.retrycache.statistics.expirytime = 100μs (default)
2023-02-23 08:44:15,472 [s2-groupManagement] INFO  server.RaftServerConfigKeys (ConfUtils.java:logGet(46)) - raft.server.read.option = DEFAULT (default)
2023-02-23 08:44:15,472 [s0-impl-thread1] INFO  storage.RaftStorageDirectory (RaftStorageDirectoryImpl.java:tryLock(232)) - Lock on /home/runner/work/ratis/ratis/ratis-test/target/test/data/74e677c2/MiniRaftClusterWithRpcTypeGrpcAndDataStreamTypeNetty7c12e66b/s0/88259b85-7cb7-47c2-b0b3-d5cc796a79a9/in_use.lock acquired by nodename 13006@fv-az426-781
2023-02-23 08:44:15,473 [s0-impl-thread1] TRACE util.FileUtils (LogUtils.java:runAndLog(49)) - Successfully ran Files.createDirectories /home/runner/work/ratis/ratis/ratis-test/target/test/data/74e677c2/MiniRaftClusterWithRpcTypeGrpcAndDataStreamTypeNetty7c12e66b/s0/88259b85-7cb7-47c2-b0b3-d5cc796a79a9/current
2023-02-23 08:44:15,473 [s0-impl-thread1] TRACE util.FileUtils (LogUtils.java:runAndLog(49)) - Successfully ran Files.createDirectories /home/runner/work/ratis/ratis/ratis-test/target/test/data/74e677c2/MiniRaftClusterWithRpcTypeGrpcAndDataStreamTypeNetty7c12e66b/s0/88259b85-7cb7-47c2-b0b3-d5cc796a79a9/sm
2023-02-23 08:44:15,475 [s0-impl-thread1] INFO  storage.RaftStorage (RaftStorageImpl.java:format(96)) - Storage directory /home/runner/work/ratis/ratis/ratis-test/target/test/data/74e677c2/MiniRaftClusterWithRpcTypeGrpcAndDataStreamTypeNetty7c12e66b/s0/88259b85-7cb7-47c2-b0b3-d5cc796a79a9 has been successfully formatted.
2023-02-23 08:44:15,475 [s0-impl-thread1] INFO  server.RaftServerConfigKeys (ConfUtils.java:logGet(46)) - raft.server.log.use.memory = false (default)
2023-02-23 08:44:15,475 [s0-impl-thread1] INFO  server.RaftServerConfigKeys (ConfUtils.java:logGet(46)) - raft.server.log.purge.gap = 1024 (default)
2023-02-23 08:44:15,475 [s0-impl-thread1] INFO  server.RaftServerConfigKeys (ConfUtils.java:logGet(46)) - raft.server.log.appender.buffer.byte-limit = 4MB (=4194304) (default)
2023-02-23 08:44:15,475 [s0-impl-thread1] INFO  server.RaftServerConfigKeys (ConfUtils.java:logGet(46)) - raft.server.log.statemachine.data.read.timeout = 1000ms (default)
2023-02-23 08:44:15,475 [s0-impl-thread1] INFO  server.RaftServerConfigKeys (ConfUtils.java:logGet(46)) - raft.server.log.purge.preservation.log.num = 0 (default)
2023-02-23 08:44:15,475 [s2-groupManagement] INFO  server.RaftServerConfigKeys (ConfUtils.java:logGet(46)) - raft.server.log.appender.install.snapshot.enabled = true (default)
2023-02-23 08:44:15,475 [s2-groupManagement] INFO  server.RaftServerConfigKeys (ConfUtils.java:logGet(46)) - raft.server.threadpool.server.cached = true (default)
2023-02-23 08:44:15,475 [s2-groupManagement] INFO  server.RaftServerConfigKeys (ConfUtils.java:logGet(46)) - raft.server.threadpool.server.size = 0 (default)
2023-02-23 08:44:15,475 [s2-groupManagement] INFO  server.RaftServerConfigKeys (ConfUtils.java:logGet(46)) - raft.server.threadpool.client.cached = true (default)
2023-02-23 08:44:15,475 [s2-groupManagement] INFO  server.RaftServerConfigKeys (ConfUtils.java:logGet(46)) - raft.server.threadpool.client.size = 0 (default)
2023-02-23 08:44:15,476 [s0-impl-thread1] INFO  server.RaftServerConfigKeys (ConfUtils.java:logGet(46)) - raft.server.log.segment.size.max = 8MB (=8388608) (default)
2023-02-23 08:44:15,476 [s0-impl-thread1] INFO  server.RaftServerConfigKeys (ConfUtils.java:logGet(46)) - raft.server.log.segment.cache.num.max = 6 (default)
2023-02-23 08:44:15,476 [s0-impl-thread1] INFO  server.RaftServerConfigKeys (ConfUtils.java:logGet(46)) - raft.server.log.segment.cache.size.max = 200MB (=209715200) (default)
2023-02-23 08:44:15,476 [s0-impl-thread1] INFO  server.RaftServerConfigKeys (ConfUtils.java:logGet(46)) - raft.server.log.appender.buffer.byte-limit = 4MB (=4194304) (default)
2023-02-23 08:44:15,476 [s0-impl-thread1] INFO  segmented.SegmentedRaftLogWorker (SegmentedRaftLogWorker.java:<init>(183)) - new s0@group-D5CC796A79A9-SegmentedRaftLogWorker for RaftStorageImpl:Storage Directory /home/runner/work/ratis/ratis/ratis-test/target/test/data/74e677c2/MiniRaftClusterWithRpcTypeGrpcAndDataStreamTypeNetty7c12e66b/s0/88259b85-7cb7-47c2-b0b3-d5cc796a79a9
2023-02-23 08:44:15,476 [s0-impl-thread1] INFO  server.RaftServerConfigKeys (ConfUtils.java:logGet(46)) - raft.server.log.queue.byte-limit = 64MB (=67108864) (default)
2023-02-23 08:44:15,476 [s0-impl-thread1] INFO  server.RaftServerConfigKeys (ConfUtils.java:logGet(46)) - raft.server.log.queue.element-limit = 4096 (default)
2023-02-23 08:44:15,476 [s0-impl-thread1] INFO  server.RaftServerConfigKeys (ConfUtils.java:logGet(46)) - raft.server.log.segment.size.max = 8MB (=8388608) (default)
2023-02-23 08:44:15,476 [s0-impl-thread1] INFO  server.RaftServerConfigKeys (ConfUtils.java:logGet(46)) - raft.server.log.preallocated.size = 4MB (=4194304) (default)
2023-02-23 08:44:15,476 [s0-impl-thread1] INFO  server.RaftServerConfigKeys (ConfUtils.java:logGet(46)) - raft.server.log.force.sync.num = 128 (default)
2023-02-23 08:44:15,476 [s0-impl-thread1] INFO  server.RaftServerConfigKeys (ConfUtils.java:logGet(46)) - raft.server.log.statemachine.data.sync = true (default)
2023-02-23 08:44:15,476 [s0-impl-thread1] INFO  server.RaftServerConfigKeys (ConfUtils.java:logGet(46)) - raft.server.log.statemachine.data.sync.timeout = 10s (default)
2023-02-23 08:44:15,476 [s0-impl-thread1] INFO  server.RaftServerConfigKeys (ConfUtils.java:logGet(46)) - raft.server.log.statemachine.data.sync.timeout.retry = -1 (default)
2023-02-23 08:44:15,476 [s0-impl-thread1] INFO  server.RaftServerConfigKeys (ConfUtils.java:logGet(46)) - raft.server.log.write.buffer.size = 64KB (=65536) (default)
2023-02-23 08:44:15,476 [s0-impl-thread1] INFO  server.RaftServerConfigKeys (ConfUtils.java:logGet(46)) - raft.server.log.appender.buffer.byte-limit = 4MB (=4194304) (default)
2023-02-23 08:44:15,477 [s0-impl-thread1] INFO  server.RaftServerConfigKeys (ConfUtils.java:logGet(46)) - raft.server.log.unsafe-flush.enabled = false (default)
2023-02-23 08:44:15,477 [s0-impl-thread1] INFO  server.RaftServerConfigKeys (ConfUtils.java:logGet(46)) - raft.server.log.async-flush.enabled = false (default)
2023-02-23 08:44:15,477 [s0-impl-thread1] INFO  server.RaftServerConfigKeys (ConfUtils.java:logGet(46)) - raft.server.log.statemachine.data.caching.enabled = false (default)
2023-02-23 08:44:15,477 [s0-impl-thread1] INFO  segmented.SegmentedRaftLogWorker (SegmentedRaftLogWorker.java:lambda$new$0(134)) - s0@group-D5CC796A79A9-SegmentedRaftLogWorker: flushIndex: setUnconditionally 0 -> -1
2023-02-23 08:44:15,477 [s0-impl-thread1] INFO  segmented.SegmentedRaftLogWorker (SegmentedRaftLogWorker.java:lambda$new$0(134)) - s0@group-D5CC796A79A9-SegmentedRaftLogWorker: safeCacheEvictIndex: setUnconditionally 0 -> -1
2023-02-23 08:44:15,477 [s0-impl-thread1] INFO  server.RaftServer$Division (RaftServerImpl.java:start(342)) - s0@group-D5CC796A79A9: start as a follower, conf=-1: peers:[s0|rpc:localhost:44609|admin:localhost:43339|client:localhost:35167|dataStream:localhost:45017|priority:0|startupRole:FOLLOWER, s1|rpc:localhost:46005|admin:localhost:39871|client:localhost:43155|dataStream:localhost:44881|priority:0|startupRole:FOLLOWER, s2|rpc:localhost:40131|admin:localhost:41173|client:localhost:45441|dataStream:localhost:41833|priority:0|startupRole:FOLLOWER]|listeners:[], old=null
2023-02-23 08:44:15,477 [s0-impl-thread1] INFO  server.RaftServer$Division (RaftServerImpl.java:setRole(329)) - s0@group-D5CC796A79A9: changes role from      null to FOLLOWER at term 0 for startAsFollower
2023-02-23 08:44:15,477 [s0-impl-thread1] INFO  impl.RoleInfo (RoleInfo.java:updateAndGet(139)) - s0: start s0@group-D5CC796A79A9-FollowerState
2023-02-23 08:44:15,478 [s0@group-D5CC796A79A9-FollowerState] INFO  server.RaftServerConfigKeys (ConfUtils.java:logFallback(53)) - raft.server.rpc.first-election.timeout.min = 150ms (fallback to raft.server.rpc.timeout.min)
2023-02-23 08:44:15,478 [s0-impl-thread1] INFO  util.JmxRegister (JmxRegister.java:tryRegister(44)) - Successfully registered JMX Bean with object name Ratis:service=RaftServer,group=group-D5CC796A79A9,id=s0
2023-02-23 08:44:15,478 [s0@group-D5CC796A79A9-FollowerState] INFO  server.RaftServerConfigKeys (ConfUtils.java:logFallback(53)) - raft.server.rpc.first-election.timeout.max = 300ms (fallback to raft.server.rpc.timeout.max)
2023-02-23 08:44:15,478 [s0-impl-thread1] INFO  server.RaftServerConfigKeys (ConfUtils.java:logGet(46)) - raft.server.snapshot.auto.trigger.enabled = false (default)
2023-02-23 08:44:15,478 [s0-impl-thread1] INFO  server.RaftServerConfigKeys (ConfUtils.java:logGet(46)) - raft.server.snapshot.retention.file.num = -1 (default)
2023-02-23 08:44:15,478 [s0-impl-thread1] INFO  server.RaftServerConfigKeys (ConfUtils.java:logGet(46)) - raft.server.log.purge.upto.snapshot.index = false (default)
2023-02-23 08:44:15,480 [Time-limited test] INFO  server.RaftServer (RaftServerProxy.java:startImpl(401)) - s0: start RPC server
2023-02-23 08:44:15,482 [Time-limited test] INFO  server.GrpcService (GrpcService.java:startImpl(302)) - s0: GrpcService started, listening on 35167
2023-02-23 08:44:15,483 [Time-limited test] INFO  server.GrpcService (GrpcService.java:startImpl(302)) - s0: GrpcService started, listening on 44609
2023-02-23 08:44:15,484 [Time-limited test] INFO  server.GrpcService (GrpcService.java:startImpl(302)) - s0: GrpcService started, listening on 43339
2023-02-23 08:44:15,485 [s1-impl-thread1] INFO  server.RaftServerConfigKeys (ConfUtils.java:logGet(46)) - raft.server.storage.free-space.min = 0MB (=0) (default)
2023-02-23 08:44:15,485 [JvmPauseMonitor4] INFO  util.JvmPauseMonitor (JvmPauseMonitor.java:run(103)) - JvmPauseMonitor-s0: Started
2023-02-23 08:44:15,485 [s1-impl-thread1] INFO  server.RaftServerConfigKeys (ConfUtils.java:logGet(46)) - raft.server.log.corruption.policy = EXCEPTION (default)
2023-02-23 08:44:15,485 [s1-impl-thread1] INFO  server.RaftServerConfigKeys (ConfUtils.java:logGet(46)) - raft.server.storage.dir = [/home/runner/work/ratis/ratis/ratis-test/target/test/data/74e677c2/MiniRaftClusterWithRpcTypeGrpcAndDataStreamTypeNetty7c12e66b/s1] (custom)
2023-02-23 08:44:15,485 [s1-impl-thread1] INFO  storage.RaftStorageDirectory (RaftStorageDirectoryImpl.java:analyzeStorage(138)) - The storage directory /home/runner/work/ratis/ratis/ratis-test/target/test/data/74e677c2/MiniRaftClusterWithRpcTypeGrpcAndDataStreamTypeNetty7c12e66b/s1/88259b85-7cb7-47c2-b0b3-d5cc796a79a9 does not exist. Creating ...
2023-02-23 08:44:15,485 [s1-impl-thread1] TRACE util.FileUtils (LogUtils.java:runAndLog(49)) - Successfully ran Files.createDirectories /home/runner/work/ratis/ratis/ratis-test/target/test/data/74e677c2/MiniRaftClusterWithRpcTypeGrpcAndDataStreamTypeNetty7c12e66b/s1/88259b85-7cb7-47c2-b0b3-d5cc796a79a9
2023-02-23 08:44:15,486 [s1-impl-thread1] INFO  storage.RaftStorageDirectory (RaftStorageDirectoryImpl.java:tryLock(232)) - Lock on /home/runner/work/ratis/ratis/ratis-test/target/test/data/74e677c2/MiniRaftClusterWithRpcTypeGrpcAndDataStreamTypeNetty7c12e66b/s1/88259b85-7cb7-47c2-b0b3-d5cc796a79a9/in_use.lock acquired by nodename 13006@fv-az426-781
2023-02-23 08:44:15,486 [s1-impl-thread1] TRACE util.FileUtils (LogUtils.java:runAndLog(49)) - Successfully ran Files.createDirectories /home/runner/work/ratis/ratis/ratis-test/target/test/data/74e677c2/MiniRaftClusterWithRpcTypeGrpcAndDataStreamTypeNetty7c12e66b/s1/88259b85-7cb7-47c2-b0b3-d5cc796a79a9/current
2023-02-23 08:44:15,486 [s1-impl-thread1] TRACE util.FileUtils (LogUtils.java:runAndLog(49)) - Successfully ran Files.createDirectories /home/runner/work/ratis/ratis/ratis-test/target/test/data/74e677c2/MiniRaftClusterWithRpcTypeGrpcAndDataStreamTypeNetty7c12e66b/s1/88259b85-7cb7-47c2-b0b3-d5cc796a79a9/sm
2023-02-23 08:44:15,488 [s1-impl-thread1] INFO  storage.RaftStorage (RaftStorageImpl.java:format(96)) - Storage directory /home/runner/work/ratis/ratis/ratis-test/target/test/data/74e677c2/MiniRaftClusterWithRpcTypeGrpcAndDataStreamTypeNetty7c12e66b/s1/88259b85-7cb7-47c2-b0b3-d5cc796a79a9 has been successfully formatted.
2023-02-23 08:44:15,488 [s1-impl-thread1] INFO  server.RaftServerConfigKeys (ConfUtils.java:logGet(46)) - raft.server.log.use.memory = false (default)
2023-02-23 08:44:15,488 [s1-impl-thread1] INFO  server.RaftServerConfigKeys (ConfUtils.java:logGet(46)) - raft.server.log.purge.gap = 1024 (default)
2023-02-23 08:44:15,488 [s1-impl-thread1] INFO  server.RaftServerConfigKeys (ConfUtils.java:logGet(46)) - raft.server.log.appender.buffer.byte-limit = 4MB (=4194304) (default)
2023-02-23 08:44:15,488 [s1-impl-thread1] INFO  server.RaftServerConfigKeys (ConfUtils.java:logGet(46)) - raft.server.log.statemachine.data.read.timeout = 1000ms (default)
2023-02-23 08:44:15,488 [s1-impl-thread1] INFO  server.RaftServerConfigKeys (ConfUtils.java:logGet(46)) - raft.server.log.purge.preservation.log.num = 0 (default)
2023-02-23 08:44:15,489 [s1-impl-thread1] INFO  server.RaftServerConfigKeys (ConfUtils.java:logGet(46)) - raft.server.log.segment.size.max = 8MB (=8388608) (default)
2023-02-23 08:44:15,489 [s1-impl-thread1] INFO  server.RaftServerConfigKeys (ConfUtils.java:logGet(46)) - raft.server.log.segment.cache.num.max = 6 (default)
2023-02-23 08:44:15,489 [s1-impl-thread1] INFO  server.RaftServerConfigKeys (ConfUtils.java:logGet(46)) - raft.server.log.segment.cache.size.max = 200MB (=209715200) (default)
2023-02-23 08:44:15,489 [s1-impl-thread1] INFO  server.RaftServerConfigKeys (ConfUtils.java:logGet(46)) - raft.server.log.appender.buffer.byte-limit = 4MB (=4194304) (default)
2023-02-23 08:44:15,489 [s1-impl-thread1] INFO  segmented.SegmentedRaftLogWorker (SegmentedRaftLogWorker.java:<init>(183)) - new s1@group-D5CC796A79A9-SegmentedRaftLogWorker for RaftStorageImpl:Storage Directory /home/runner/work/ratis/ratis/ratis-test/target/test/data/74e677c2/MiniRaftClusterWithRpcTypeGrpcAndDataStreamTypeNetty7c12e66b/s1/88259b85-7cb7-47c2-b0b3-d5cc796a79a9
2023-02-23 08:44:15,489 [s1-impl-thread1] INFO  server.RaftServerConfigKeys (ConfUtils.java:logGet(46)) - raft.server.log.queue.byte-limit = 64MB (=67108864) (default)
2023-02-23 08:44:15,489 [s1-impl-thread1] INFO  server.RaftServerConfigKeys (ConfUtils.java:logGet(46)) - raft.server.log.queue.element-limit = 4096 (default)
2023-02-23 08:44:15,489 [s1-impl-thread1] INFO  server.RaftServerConfigKeys (ConfUtils.java:logGet(46)) - raft.server.log.segment.size.max = 8MB (=8388608) (default)
2023-02-23 08:44:15,489 [s1-impl-thread1] INFO  server.RaftServerConfigKeys (ConfUtils.java:logGet(46)) - raft.server.log.preallocated.size = 4MB (=4194304) (default)
2023-02-23 08:44:15,489 [s1-impl-thread1] INFO  server.RaftServerConfigKeys (ConfUtils.java:logGet(46)) - raft.server.log.force.sync.num = 128 (default)
2023-02-23 08:44:15,489 [s1-impl-thread1] INFO  server.RaftServerConfigKeys (ConfUtils.java:logGet(46)) - raft.server.log.statemachine.data.sync = true (default)
2023-02-23 08:44:15,489 [s1-impl-thread1] INFO  server.RaftServerConfigKeys (ConfUtils.java:logGet(46)) - raft.server.log.statemachine.data.sync.timeout = 10s (default)
2023-02-23 08:44:15,489 [s1-impl-thread1] INFO  server.RaftServerConfigKeys (ConfUtils.java:logGet(46)) - raft.server.log.statemachine.data.sync.timeout.retry = -1 (default)
2023-02-23 08:44:15,489 [s1-impl-thread1] INFO  server.RaftServerConfigKeys (ConfUtils.java:logGet(46)) - raft.server.log.write.buffer.size = 64KB (=65536) (default)
2023-02-23 08:44:15,489 [s1-impl-thread1] INFO  server.RaftServerConfigKeys (ConfUtils.java:logGet(46)) - raft.server.log.appender.buffer.byte-limit = 4MB (=4194304) (default)
2023-02-23 08:44:15,490 [s1-impl-thread1] INFO  server.RaftServerConfigKeys (ConfUtils.java:logGet(46)) - raft.server.log.unsafe-flush.enabled = false (default)
2023-02-23 08:44:15,490 [s1-impl-thread1] INFO  server.RaftServerConfigKeys (ConfUtils.java:logGet(46)) - raft.server.log.async-flush.enabled = false (default)
2023-02-23 08:44:15,490 [s1-impl-thread1] INFO  server.RaftServerConfigKeys (ConfUtils.java:logGet(46)) - raft.server.log.statemachine.data.caching.enabled = false (default)
2023-02-23 08:44:15,490 [s1-impl-thread1] INFO  segmented.SegmentedRaftLogWorker (SegmentedRaftLogWorker.java:lambda$new$0(134)) - s1@group-D5CC796A79A9-SegmentedRaftLogWorker: flushIndex: setUnconditionally 0 -> -1
2023-02-23 08:44:15,490 [s1-impl-thread1] INFO  segmented.SegmentedRaftLogWorker (SegmentedRaftLogWorker.java:lambda$new$0(134)) - s1@group-D5CC796A79A9-SegmentedRaftLogWorker: safeCacheEvictIndex: setUnconditionally 0 -> -1
2023-02-23 08:44:15,493 [s1-impl-thread1] INFO  server.RaftServer$Division (RaftServerImpl.java:start(342)) - s1@group-D5CC796A79A9: start as a follower, conf=-1: peers:[s0|rpc:localhost:44609|admin:localhost:43339|client:localhost:35167|dataStream:localhost:45017|priority:0|startupRole:FOLLOWER, s1|rpc:localhost:46005|admin:localhost:39871|client:localhost:43155|dataStream:localhost:44881|priority:0|startupRole:FOLLOWER, s2|rpc:localhost:40131|admin:localhost:41173|client:localhost:45441|dataStream:localhost:41833|priority:0|startupRole:FOLLOWER]|listeners:[], old=null
2023-02-23 08:44:15,493 [s1-impl-thread1] INFO  server.RaftServer$Division (RaftServerImpl.java:setRole(329)) - s1@group-D5CC796A79A9: changes role from      null to FOLLOWER at term 0 for startAsFollower
2023-02-23 08:44:15,493 [s1-impl-thread1] INFO  impl.RoleInfo (RoleInfo.java:updateAndGet(139)) - s1: start s1@group-D5CC796A79A9-FollowerState
2023-02-23 08:44:15,498 [s1-impl-thread1] INFO  util.JmxRegister (JmxRegister.java:tryRegister(44)) - Successfully registered JMX Bean with object name Ratis:service=RaftServer,group=group-D5CC796A79A9,id=s1
2023-02-23 08:44:15,498 [s1-impl-thread1] INFO  server.RaftServerConfigKeys (ConfUtils.java:logGet(46)) - raft.server.snapshot.auto.trigger.enabled = false (default)
2023-02-23 08:44:15,498 [s1-impl-thread1] INFO  server.RaftServerConfigKeys (ConfUtils.java:logGet(46)) - raft.server.snapshot.retention.file.num = -1 (default)
2023-02-23 08:44:15,498 [s1-impl-thread1] INFO  server.RaftServerConfigKeys (ConfUtils.java:logGet(46)) - raft.server.log.purge.upto.snapshot.index = false (default)
2023-02-23 08:44:15,498 [s1@group-D5CC796A79A9-FollowerState] INFO  server.RaftServerConfigKeys (ConfUtils.java:logFallback(53)) - raft.server.rpc.first-election.timeout.min = 150ms (fallback to raft.server.rpc.timeout.min)
2023-02-23 08:44:15,501 [Time-limited test] INFO  server.RaftServer (RaftServerProxy.java:startImpl(401)) - s1: start RPC server
2023-02-23 08:44:15,506 [s1@group-D5CC796A79A9-FollowerState] INFO  server.RaftServerConfigKeys (ConfUtils.java:logFallback(53)) - raft.server.rpc.first-election.timeout.max = 300ms (fallback to raft.server.rpc.timeout.max)
2023-02-23 08:44:15,507 [Time-limited test] INFO  server.GrpcService (GrpcService.java:startImpl(302)) - s1: GrpcService started, listening on 43155
2023-02-23 08:44:15,508 [Time-limited test] INFO  server.GrpcService (GrpcService.java:startImpl(302)) - s1: GrpcService started, listening on 46005
2023-02-23 08:44:15,510 [Time-limited test] INFO  server.GrpcService (GrpcService.java:startImpl(302)) - s1: GrpcService started, listening on 39871
2023-02-23 08:44:15,510 [s2-impl-thread1] INFO  server.RaftServerConfigKeys (ConfUtils.java:logGet(46)) - raft.server.storage.free-space.min = 0MB (=0) (default)
2023-02-23 08:44:15,510 [s2-impl-thread1] INFO  server.RaftServerConfigKeys (ConfUtils.java:logGet(46)) - raft.server.log.corruption.policy = EXCEPTION (default)
2023-02-23 08:44:15,510 [s2-impl-thread1] INFO  server.RaftServerConfigKeys (ConfUtils.java:logGet(46)) - raft.server.storage.dir = [/home/runner/work/ratis/ratis/ratis-test/target/test/data/74e677c2/MiniRaftClusterWithRpcTypeGrpcAndDataStreamTypeNetty7c12e66b/s2] (custom)
2023-02-23 08:44:15,510 [s2-impl-thread1] INFO  storage.RaftStorageDirectory (RaftStorageDirectoryImpl.java:analyzeStorage(138)) - The storage directory /home/runner/work/ratis/ratis/ratis-test/target/test/data/74e677c2/MiniRaftClusterWithRpcTypeGrpcAndDataStreamTypeNetty7c12e66b/s2/88259b85-7cb7-47c2-b0b3-d5cc796a79a9 does not exist. Creating ...
2023-02-23 08:44:15,511 [s2-impl-thread1] TRACE util.FileUtils (LogUtils.java:runAndLog(49)) - Successfully ran Files.createDirectories /home/runner/work/ratis/ratis/ratis-test/target/test/data/74e677c2/MiniRaftClusterWithRpcTypeGrpcAndDataStreamTypeNetty7c12e66b/s2/88259b85-7cb7-47c2-b0b3-d5cc796a79a9
2023-02-23 08:44:15,511 [JvmPauseMonitor5] INFO  util.JvmPauseMonitor (JvmPauseMonitor.java:run(103)) - JvmPauseMonitor-s1: Started
2023-02-23 08:44:15,512 [s2-impl-thread1] INFO  storage.RaftStorageDirectory (RaftStorageDirectoryImpl.java:tryLock(232)) - Lock on /home/runner/work/ratis/ratis/ratis-test/target/test/data/74e677c2/MiniRaftClusterWithRpcTypeGrpcAndDataStreamTypeNetty7c12e66b/s2/88259b85-7cb7-47c2-b0b3-d5cc796a79a9/in_use.lock acquired by nodename 13006@fv-az426-781
2023-02-23 08:44:15,512 [s2-impl-thread1] TRACE util.FileUtils (LogUtils.java:runAndLog(49)) - Successfully ran Files.createDirectories /home/runner/work/ratis/ratis/ratis-test/target/test/data/74e677c2/MiniRaftClusterWithRpcTypeGrpcAndDataStreamTypeNetty7c12e66b/s2/88259b85-7cb7-47c2-b0b3-d5cc796a79a9/current
2023-02-23 08:44:15,512 [s2-impl-thread1] TRACE util.FileUtils (LogUtils.java:runAndLog(49)) - Successfully ran Files.createDirectories /home/runner/work/ratis/ratis/ratis-test/target/test/data/74e677c2/MiniRaftClusterWithRpcTypeGrpcAndDataStreamTypeNetty7c12e66b/s2/88259b85-7cb7-47c2-b0b3-d5cc796a79a9/sm
2023-02-23 08:44:15,514 [s2-impl-thread1] INFO  storage.RaftStorage (RaftStorageImpl.java:format(96)) - Storage directory /home/runner/work/ratis/ratis/ratis-test/target/test/data/74e677c2/MiniRaftClusterWithRpcTypeGrpcAndDataStreamTypeNetty7c12e66b/s2/88259b85-7cb7-47c2-b0b3-d5cc796a79a9 has been successfully formatted.
2023-02-23 08:44:15,514 [s2-impl-thread1] INFO  server.RaftServerConfigKeys (ConfUtils.java:logGet(46)) - raft.server.log.use.memory = false (default)
2023-02-23 08:44:15,514 [s2-impl-thread1] INFO  server.RaftServerConfigKeys (ConfUtils.java:logGet(46)) - raft.server.log.purge.gap = 1024 (default)
2023-02-23 08:44:15,514 [s2-impl-thread1] INFO  server.RaftServerConfigKeys (ConfUtils.java:logGet(46)) - raft.server.log.appender.buffer.byte-limit = 4MB (=4194304) (default)
2023-02-23 08:44:15,514 [s2-impl-thread1] INFO  server.RaftServerConfigKeys (ConfUtils.java:logGet(46)) - raft.server.log.statemachine.data.read.timeout = 1000ms (default)
2023-02-23 08:44:15,514 [s2-impl-thread1] INFO  server.RaftServerConfigKeys (ConfUtils.java:logGet(46)) - raft.server.log.purge.preservation.log.num = 0 (default)
2023-02-23 08:44:15,515 [s2-impl-thread1] INFO  server.RaftServerConfigKeys (ConfUtils.java:logGet(46)) - raft.server.log.segment.size.max = 8MB (=8388608) (default)
2023-02-23 08:44:15,515 [s2-impl-thread1] INFO  server.RaftServerConfigKeys (ConfUtils.java:logGet(46)) - raft.server.log.segment.cache.num.max = 6 (default)
2023-02-23 08:44:15,515 [s2-impl-thread1] INFO  server.RaftServerConfigKeys (ConfUtils.java:logGet(46)) - raft.server.log.segment.cache.size.max = 200MB (=209715200) (default)
2023-02-23 08:44:15,515 [s2-impl-thread1] INFO  server.RaftServerConfigKeys (ConfUtils.java:logGet(46)) - raft.server.log.appender.buffer.byte-limit = 4MB (=4194304) (default)
2023-02-23 08:44:15,515 [s2-impl-thread1] INFO  segmented.SegmentedRaftLogWorker (SegmentedRaftLogWorker.java:<init>(183)) - new s2@group-D5CC796A79A9-SegmentedRaftLogWorker for RaftStorageImpl:Storage Directory /home/runner/work/ratis/ratis/ratis-test/target/test/data/74e677c2/MiniRaftClusterWithRpcTypeGrpcAndDataStreamTypeNetty7c12e66b/s2/88259b85-7cb7-47c2-b0b3-d5cc796a79a9
2023-02-23 08:44:15,515 [s2-impl-thread1] INFO  server.RaftServerConfigKeys (ConfUtils.java:logGet(46)) - raft.server.log.queue.byte-limit = 64MB (=67108864) (default)
2023-02-23 08:44:15,515 [s2-impl-thread1] INFO  server.RaftServerConfigKeys (ConfUtils.java:logGet(46)) - raft.server.log.queue.element-limit = 4096 (default)
2023-02-23 08:44:15,515 [s2-impl-thread1] INFO  server.RaftServerConfigKeys (ConfUtils.java:logGet(46)) - raft.server.log.segment.size.max = 8MB (=8388608) (default)
2023-02-23 08:44:15,515 [s2-impl-thread1] INFO  server.RaftServerConfigKeys (ConfUtils.java:logGet(46)) - raft.server.log.preallocated.size = 4MB (=4194304) (default)
2023-02-23 08:44:15,515 [s2-impl-thread1] INFO  server.RaftServerConfigKeys (ConfUtils.java:logGet(46)) - raft.server.log.force.sync.num = 128 (default)
2023-02-23 08:44:15,515 [s2-impl-thread1] INFO  server.RaftServerConfigKeys (ConfUtils.java:logGet(46)) - raft.server.log.statemachine.data.sync = true (default)
2023-02-23 08:44:15,515 [s2-impl-thread1] INFO  server.RaftServerConfigKeys (ConfUtils.java:logGet(46)) - raft.server.log.statemachine.data.sync.timeout = 10s (default)
2023-02-23 08:44:15,515 [s2-impl-thread1] INFO  server.RaftServerConfigKeys (ConfUtils.java:logGet(46)) - raft.server.log.statemachine.data.sync.timeout.retry = -1 (default)
2023-02-23 08:44:15,515 [s2-impl-thread1] INFO  server.RaftServerConfigKeys (ConfUtils.java:logGet(46)) - raft.server.log.write.buffer.size = 64KB (=65536) (default)
2023-02-23 08:44:15,515 [s2-impl-thread1] INFO  server.RaftServerConfigKeys (ConfUtils.java:logGet(46)) - raft.server.log.appender.buffer.byte-limit = 4MB (=4194304) (default)
2023-02-23 08:44:15,516 [s2-impl-thread1] INFO  server.RaftServerConfigKeys (ConfUtils.java:logGet(46)) - raft.server.log.unsafe-flush.enabled = false (default)
2023-02-23 08:44:15,516 [s2-impl-thread1] INFO  server.RaftServerConfigKeys (ConfUtils.java:logGet(46)) - raft.server.log.async-flush.enabled = false (default)
2023-02-23 08:44:15,516 [s2-impl-thread1] INFO  server.RaftServerConfigKeys (ConfUtils.java:logGet(46)) - raft.server.log.statemachine.data.caching.enabled = false (default)
2023-02-23 08:44:15,516 [s2-impl-thread1] INFO  segmented.SegmentedRaftLogWorker (SegmentedRaftLogWorker.java:lambda$new$0(134)) - s2@group-D5CC796A79A9-SegmentedRaftLogWorker: flushIndex: setUnconditionally 0 -> -1
2023-02-23 08:44:15,516 [s2-impl-thread1] INFO  segmented.SegmentedRaftLogWorker (SegmentedRaftLogWorker.java:lambda$new$0(134)) - s2@group-D5CC796A79A9-SegmentedRaftLogWorker: safeCacheEvictIndex: setUnconditionally 0 -> -1
2023-02-23 08:44:15,516 [s2-impl-thread1] INFO  server.RaftServer$Division (RaftServerImpl.java:start(342)) - s2@group-D5CC796A79A9: start as a follower, conf=-1: peers:[s0|rpc:localhost:44609|admin:localhost:43339|client:localhost:35167|dataStream:localhost:45017|priority:0|startupRole:FOLLOWER, s1|rpc:localhost:46005|admin:localhost:39871|client:localhost:43155|dataStream:localhost:44881|priority:0|startupRole:FOLLOWER, s2|rpc:localhost:40131|admin:localhost:41173|client:localhost:45441|dataStream:localhost:41833|priority:0|startupRole:FOLLOWER]|listeners:[], old=null
2023-02-23 08:44:15,516 [s2-impl-thread1] INFO  server.RaftServer$Division (RaftServerImpl.java:setRole(329)) - s2@group-D5CC796A79A9: changes role from      null to FOLLOWER at term 0 for startAsFollower
2023-02-23 08:44:15,516 [s2-impl-thread1] INFO  impl.RoleInfo (RoleInfo.java:updateAndGet(139)) - s2: start s2@group-D5CC796A79A9-FollowerState
2023-02-23 08:44:15,516 [s2-impl-thread1] INFO  util.JmxRegister (JmxRegister.java:tryRegister(44)) - Successfully registered JMX Bean with object name Ratis:service=RaftServer,group=group-D5CC796A79A9,id=s2
2023-02-23 08:44:15,516 [s2-impl-thread1] INFO  server.RaftServerConfigKeys (ConfUtils.java:logGet(46)) - raft.server.snapshot.auto.trigger.enabled = false (default)
2023-02-23 08:44:15,516 [s2-impl-thread1] INFO  server.RaftServerConfigKeys (ConfUtils.java:logGet(46)) - raft.server.snapshot.retention.file.num = -1 (default)
2023-02-23 08:44:15,516 [s2-impl-thread1] INFO  server.RaftServerConfigKeys (ConfUtils.java:logGet(46)) - raft.server.log.purge.upto.snapshot.index = false (default)
2023-02-23 08:44:15,517 [s2@group-D5CC796A79A9-FollowerState] INFO  server.RaftServerConfigKeys (ConfUtils.java:logFallback(53)) - raft.server.rpc.first-election.timeout.min = 150ms (fallback to raft.server.rpc.timeout.min)
2023-02-23 08:44:15,521 [Time-limited test] INFO  server.RaftServer (RaftServerProxy.java:startImpl(401)) - s2: start RPC server
2023-02-23 08:44:15,521 [s2@group-D5CC796A79A9-FollowerState] INFO  server.RaftServerConfigKeys (ConfUtils.java:logFallback(53)) - raft.server.rpc.first-election.timeout.max = 300ms (fallback to raft.server.rpc.timeout.max)
2023-02-23 08:44:15,522 [Time-limited test] INFO  server.GrpcService (GrpcService.java:startImpl(302)) - s2: GrpcService started, listening on 45441
2023-02-23 08:44:15,529 [Time-limited test] INFO  server.GrpcService (GrpcService.java:startImpl(302)) - s2: GrpcService started, listening on 40131
2023-02-23 08:44:15,530 [Time-limited test] INFO  server.GrpcService (GrpcService.java:startImpl(302)) - s2: GrpcService started, listening on 41173
2023-02-23 08:44:15,533 [Time-limited test] INFO  server.RaftServerConfigKeys (ConfUtils.java:logGet(46)) - raft.server.rpc.timeout.max = 300ms (default)
2023-02-23 08:44:15,533 [Time-limited test] INFO  ratis.RaftTestUtil (RaftTestUtil.java:waitForLeader(100)) - printing ALL groups
  s0:  RUNNING  FOLLOWER s0@group-D5CC796A79A9:t0, leader=null, voted=, raftlog=Memoized:s0@group-D5CC796A79A9-SegmentedRaftLog:OPENED:c-1, conf=-1: peers:[s0|rpc:localhost:44609|admin:localhost:43339|client:localhost:35167|dataStream:localhost:45017|priority:0|startupRole:FOLLOWER, s1|rpc:localhost:46005|admin:localhost:39871|client:localhost:43155|dataStream:localhost:44881|priority:0|startupRole:FOLLOWER, s2|rpc:localhost:40131|admin:localhost:41173|client:localhost:45441|dataStream:localhost:41833|priority:0|startupRole:FOLLOWER]|listeners:[], old=null RUNNING
  s1:  RUNNING  FOLLOWER s1@group-D5CC796A79A9:t0, leader=null, voted=, raftlog=Memoized:s1@group-D5CC796A79A9-SegmentedRaftLog:OPENED:c-1, conf=-1: peers:[s0|rpc:localhost:44609|admin:localhost:43339|client:localhost:35167|dataStream:localhost:45017|priority:0|startupRole:FOLLOWER, s1|rpc:localhost:46005|admin:localhost:39871|client:localhost:43155|dataStream:localhost:44881|priority:0|startupRole:FOLLOWER, s2|rpc:localhost:40131|admin:localhost:41173|client:localhost:45441|dataStream:localhost:41833|priority:0|startupRole:FOLLOWER]|listeners:[], old=null RUNNING
  s2:  RUNNING  FOLLOWER s2@group-D5CC796A79A9:t0, leader=null, voted=, raftlog=Memoized:s2@group-D5CC796A79A9-SegmentedRaftLog:OPENED:c-1, conf=-1: peers:[s0|rpc:localhost:44609|admin:localhost:43339|client:localhost:35167|dataStream:localhost:45017|priority:0|startupRole:FOLLOWER, s1|rpc:localhost:46005|admin:localhost:39871|client:localhost:43155|dataStream:localhost:44881|priority:0|startupRole:FOLLOWER, s2|rpc:localhost:40131|admin:localhost:41173|client:localhost:45441|dataStream:localhost:41833|priority:0|startupRole:FOLLOWER]|listeners:[], old=null RUNNING
2023-02-23 08:44:15,533 [Time-limited test] WARN  ratis.RaftTestUtil (JavaUtils.java:attempt(217)) - FAILED "waitForLeader-null-(expectLeader? true)", attempt #1/100: java.lang.IllegalStateException: No leader yet : printing ALL groups
  s0:  RUNNING  FOLLOWER s0@group-D5CC796A79A9:t0, leader=null, voted=, raftlog=Memoized:s0@group-D5CC796A79A9-SegmentedRaftLog:OPENED:c-1, conf=-1: peers:[s0|rpc:localhost:44609|admin:localhost:43339|client:localhost:35167|dataStream:localhost:45017|priority:0|startupRole:FOLLOWER, s1|rpc:localhost:46005|admin:localhost:39871|client:localhost:43155|dataStream:localhost:44881|priority:0|startupRole:FOLLOWER, s2|rpc:localhost:40131|admin:localhost:41173|client:localhost:45441|dataStream:localhost:41833|priority:0|startupRole:FOLLOWER]|listeners:[], old=null RUNNING
  s1:  RUNNING  FOLLOWER s1@group-D5CC796A79A9:t0, leader=null, voted=, raftlog=Memoized:s1@group-D5CC796A79A9-SegmentedRaftLog:OPENED:c-1, conf=-1: peers:[s0|rpc:localhost:44609|admin:localhost:43339|client:localhost:35167|dataStream:localhost:45017|priority:0|startupRole:FOLLOWER, s1|rpc:localhost:46005|admin:localhost:39871|client:localhost:43155|dataStream:localhost:44881|priority:0|startupRole:FOLLOWER, s2|rpc:localhost:40131|admin:localhost:41173|client:localhost:45441|dataStream:localhost:41833|priority:0|startupRole:FOLLOWER]|listeners:[], old=null RUNNING
  s2:  RUNNING  FOLLOWER s2@group-D5CC796A79A9:t0, leader=null, voted=, raftlog=Memoized:s2@group-D5CC796A79A9-SegmentedRaftLog:OPENED:c-1, conf=-1: peers:[s0|rpc:localhost:44609|admin:localhost:43339|client:localhost:35167|dataStream:localhost:45017|priority:0|startupRole:FOLLOWER, s1|rpc:localhost:46005|admin:localhost:39871|client:localhost:43155|dataStream:localhost:44881|priority:0|startupRole:FOLLOWER, s2|rpc:localhost:40131|admin:localhost:41173|client:localhost:45441|dataStream:localhost:41833|priority:0|startupRole:FOLLOWER]|listeners:[], old=null RUNNING, sleep 450ms and then retry.
java.lang.IllegalStateException: No leader yet : printing ALL groups
  s0:  RUNNING  FOLLOWER s0@group-D5CC796A79A9:t0, leader=null, voted=, raftlog=Memoized:s0@group-D5CC796A79A9-SegmentedRaftLog:OPENED:c-1, conf=-1: peers:[s0|rpc:localhost:44609|admin:localhost:43339|client:localhost:35167|dataStream:localhost:45017|priority:0|startupRole:FOLLOWER, s1|rpc:localhost:46005|admin:localhost:39871|client:localhost:43155|dataStream:localhost:44881|priority:0|startupRole:FOLLOWER, s2|rpc:localhost:40131|admin:localhost:41173|client:localhost:45441|dataStream:localhost:41833|priority:0|startupRole:FOLLOWER]|listeners:[], old=null RUNNING
  s1:  RUNNING  FOLLOWER s1@group-D5CC796A79A9:t0, leader=null, voted=, raftlog=Memoized:s1@group-D5CC796A79A9-SegmentedRaftLog:OPENED:c-1, conf=-1: peers:[s0|rpc:localhost:44609|admin:localhost:43339|client:localhost:35167|dataStream:localhost:45017|priority:0|startupRole:FOLLOWER, s1|rpc:localhost:46005|admin:localhost:39871|client:localhost:43155|dataStream:localhost:44881|priority:0|startupRole:FOLLOWER, s2|rpc:localhost:40131|admin:localhost:41173|client:localhost:45441|dataStream:localhost:41833|priority:0|startupRole:FOLLOWER]|listeners:[], old=null RUNNING
  s2:  RUNNING  FOLLOWER s2@group-D5CC796A79A9:t0, leader=null, voted=, raftlog=Memoized:s2@group-D5CC796A79A9-SegmentedRaftLog:OPENED:c-1, conf=-1: peers:[s0|rpc:localhost:44609|admin:localhost:43339|client:localhost:35167|dataStream:localhost:45017|priority:0|startupRole:FOLLOWER, s1|rpc:localhost:46005|admin:localhost:39871|client:localhost:43155|dataStream:localhost:44881|priority:0|startupRole:FOLLOWER, s2|rpc:localhost:40131|admin:localhost:41173|client:localhost:45441|dataStream:localhost:41833|priority:0|startupRole:FOLLOWER]|listeners:[], old=null RUNNING
	at org.apache.ratis.server.impl.MiniRaftCluster.newIllegalStateExceptionForNoLeaders(MiniRaftCluster.java:581)
	at org.apache.ratis.RaftTestUtil.lambda$waitForLeader$1(RaftTestUtil.java:104)
	at org.apache.ratis.server.impl.MiniRaftCluster.getLeader(MiniRaftCluster.java:615)
	at org.apache.ratis.server.impl.MiniRaftCluster.getLeader(MiniRaftCluster.java:608)
	at org.apache.ratis.RaftTestUtil.lambda$waitForLeader$3(RaftTestUtil.java:112)
	at org.apache.ratis.util.JavaUtils.attempt(JavaUtils.java:211)
	at org.apache.ratis.util.JavaUtils.attemptRepeatedly(JavaUtils.java:197)
	at org.apache.ratis.RaftTestUtil.waitForLeader(RaftTestUtil.java:111)
	at org.apache.ratis.RaftTestUtil.waitForLeader(RaftTestUtil.java:92)
	at org.apache.ratis.RaftTestUtil.waitForLeader(RaftTestUtil.java:87)
	at org.apache.ratis.datastream.DataStreamAsyncClusterTests.runTestDataStream(DataStreamAsyncClusterTests.java:90)
	at org.apache.ratis.datastream.DataStreamAsyncClusterTests.runTestDataStreamStepDownLeader(DataStreamAsyncClusterTests.java:82)
	at org.apache.ratis.server.impl.MiniRaftCluster$Factory$Get.runWithNewCluster(MiniRaftCluster.java:141)
	at org.apache.ratis.server.impl.MiniRaftCluster$Factory$Get.runWithNewCluster(MiniRaftCluster.java:121)
	at org.apache.ratis.datastream.DataStreamAsyncClusterTests.testMultipleStreamsMultipleServersStepDownLeader(DataStreamAsyncClusterTests.java:78)
	at java.base/jdk.internal.reflect.NativeMethodAccessorImpl.invoke0(Native Method)
	at java.base/jdk.internal.reflect.NativeMethodAccessorImpl.invoke(NativeMethodAccessorImpl.java:62)
	at java.base/jdk.internal.reflect.DelegatingMethodAccessorImpl.invoke(DelegatingMethodAccessorImpl.java:43)
	at java.base/java.lang.reflect.Method.invoke(Method.java:566)
	at org.junit.runners.model.FrameworkMethod$1.runReflectiveCall(FrameworkMethod.java:59)
	at org.junit.internal.runners.model.ReflectiveCallable.run(ReflectiveCallable.java:12)
	at org.junit.runners.model.FrameworkMethod.invokeExplosively(FrameworkMethod.java:56)
	at org.junit.internal.runners.statements.InvokeMethod.evaluate(InvokeMethod.java:17)
	at org.junit.internal.runners.statements.RunBefores.evaluate(RunBefores.java:26)
	at org.junit.internal.runners.statements.RunAfters.evaluate(RunAfters.java:27)
	at org.junit.internal.runners.statements.FailOnTimeout$CallableStatement.call(FailOnTimeout.java:299)
	at org.junit.internal.runners.statements.FailOnTimeout$CallableStatement.call(FailOnTimeout.java:293)
	at java.base/java.util.concurrent.FutureTask.run(FutureTask.java:264)
	at java.base/java.lang.Thread.run(Thread.java:829)
2023-02-23 08:44:15,536 [JvmPauseMonitor6] INFO  util.JvmPauseMonitor (JvmPauseMonitor.java:run(103)) - JvmPauseMonitor-s2: Started
2023-02-23 08:44:15,664 [s1@group-D5CC796A79A9-FollowerState] INFO  impl.FollowerState (FollowerState.java:run(143)) - s1@group-D5CC796A79A9-FollowerState: change to CANDIDATE, lastRpcElapsedTime:171651514ns, electionTimeout:158ms
2023-02-23 08:44:15,667 [s1@group-D5CC796A79A9-FollowerState] INFO  impl.RoleInfo (RoleInfo.java:shutdownFollowerState(110)) - s1: shutdown s1@group-D5CC796A79A9-FollowerState
2023-02-23 08:44:15,668 [s1@group-D5CC796A79A9-FollowerState] INFO  server.RaftServer$Division (RaftServerImpl.java:setRole(329)) - s1@group-D5CC796A79A9: changes role from  FOLLOWER to CANDIDATE at term 0 for changeToCandidate
2023-02-23 08:44:15,668 [s1@group-D5CC796A79A9-FollowerState] INFO  server.RaftServerConfigKeys (ConfUtils.java:logGet(46)) - raft.server.leaderelection.pre-vote = true (default)
2023-02-23 08:44:15,668 [s1@group-D5CC796A79A9-FollowerState] INFO  impl.RoleInfo (RoleInfo.java:updateAndGet(139)) - s1: start s1@group-D5CC796A79A9-LeaderElection3
2023-02-23 08:44:15,671 [s0@group-D5CC796A79A9-FollowerState] INFO  impl.FollowerState (FollowerState.java:run(143)) - s0@group-D5CC796A79A9-FollowerState: change to CANDIDATE, lastRpcElapsedTime:193788271ns, electionTimeout:192ms
2023-02-23 08:44:15,672 [s0@group-D5CC796A79A9-FollowerState] INFO  impl.RoleInfo (RoleInfo.java:shutdownFollowerState(110)) - s0: shutdown s0@group-D5CC796A79A9-FollowerState
2023-02-23 08:44:15,672 [s0@group-D5CC796A79A9-FollowerState] INFO  server.RaftServer$Division (RaftServerImpl.java:setRole(329)) - s0@group-D5CC796A79A9: changes role from  FOLLOWER to CANDIDATE at term 0 for changeToCandidate
2023-02-23 08:44:15,672 [s1@group-D5CC796A79A9-LeaderElection3] INFO  impl.LeaderElection (LeaderElection.java:askForVotes(309)) - s1@group-D5CC796A79A9-LeaderElection3 PRE_VOTE round 0: submit vote requests at term 0 for -1: peers:[s0|rpc:localhost:44609|admin:localhost:43339|client:localhost:35167|dataStream:localhost:45017|priority:0|startupRole:FOLLOWER, s1|rpc:localhost:46005|admin:localhost:39871|client:localhost:43155|dataStream:localhost:44881|priority:0|startupRole:FOLLOWER, s2|rpc:localhost:40131|admin:localhost:41173|client:localhost:45441|dataStream:localhost:41833|priority:0|startupRole:FOLLOWER]|listeners:[], old=null
2023-02-23 08:44:15,674 [s0@group-D5CC796A79A9-FollowerState] INFO  server.RaftServerConfigKeys (ConfUtils.java:logGet(46)) - raft.server.leaderelection.pre-vote = true (default)
2023-02-23 08:44:15,674 [s0@group-D5CC796A79A9-FollowerState] INFO  impl.RoleInfo (RoleInfo.java:updateAndGet(139)) - s0: start s0@group-D5CC796A79A9-LeaderElection4
2023-02-23 08:44:15,677 [s1@group-D5CC796A79A9-LeaderElection3-1] INFO  server.GrpcServerProtocolClient (GrpcServerProtocolClient.java:<init>(63)) - Build channel for s0
2023-02-23 08:44:15,677 [s1@group-D5CC796A79A9-LeaderElection3] INFO  server.RaftServerConfigKeys (ConfUtils.java:logFallback(53)) - raft.server.rpc.first-election.timeout.min = 150ms (fallback to raft.server.rpc.timeout.min)
2023-02-23 08:44:15,684 [s1@group-D5CC796A79A9-LeaderElection3] INFO  server.RaftServerConfigKeys (ConfUtils.java:logFallback(53)) - raft.server.rpc.first-election.timeout.max = 300ms (fallback to raft.server.rpc.timeout.max)
2023-02-23 08:44:15,682 [s0@group-D5CC796A79A9-LeaderElection4] INFO  impl.LeaderElection (LeaderElection.java:askForVotes(309)) - s0@group-D5CC796A79A9-LeaderElection4 PRE_VOTE round 0: submit vote requests at term 0 for -1: peers:[s0|rpc:localhost:44609|admin:localhost:43339|client:localhost:35167|dataStream:localhost:45017|priority:0|startupRole:FOLLOWER, s1|rpc:localhost:46005|admin:localhost:39871|client:localhost:43155|dataStream:localhost:44881|priority:0|startupRole:FOLLOWER, s2|rpc:localhost:40131|admin:localhost:41173|client:localhost:45441|dataStream:localhost:41833|priority:0|startupRole:FOLLOWER]|listeners:[], old=null
2023-02-23 08:44:15,677 [s1@group-D5CC796A79A9-LeaderElection3-2] INFO  server.GrpcServerProtocolClient (GrpcServerProtocolClient.java:<init>(63)) - Build channel for s2
2023-02-23 08:44:15,697 [grpc-default-executor-5] INFO  server.RaftServer$Division (RaftServerImpl.java:requestVote(1302)) - s0@group-D5CC796A79A9: receive requestVote(PRE_VOTE, s1, group-D5CC796A79A9, 0, (t:0, i:0))
2023-02-23 08:44:15,702 [grpc-default-executor-5] INFO  impl.VoteContext (VoteContext.java:log(49)) - s0@group-D5CC796A79A9-CANDIDATE: accept PRE_VOTE from s1: our priority 0 <= candidate's priority 0
2023-02-23 08:44:15,702 [grpc-default-executor-5] INFO  server.RaftServer$Division (RaftServerImpl.java:requestVote(1335)) - s0@group-D5CC796A79A9 replies to PRE_VOTE vote request: s1<-s0#0:OK-t0. Peer's state: s0@group-D5CC796A79A9:t0, leader=null, voted=, raftlog=Memoized:s0@group-D5CC796A79A9-SegmentedRaftLog:OPENED:c-1, conf=-1: peers:[s0|rpc:localhost:44609|admin:localhost:43339|client:localhost:35167|dataStream:localhost:45017|priority:0|startupRole:FOLLOWER, s1|rpc:localhost:46005|admin:localhost:39871|client:localhost:43155|dataStream:localhost:44881|priority:0|startupRole:FOLLOWER, s2|rpc:localhost:40131|admin:localhost:41173|client:localhost:45441|dataStream:localhost:41833|priority:0|startupRole:FOLLOWER]|listeners:[], old=null
2023-02-23 08:44:15,697 [s0@group-D5CC796A79A9-LeaderElection4] INFO  server.RaftServerConfigKeys (ConfUtils.java:logFallback(53)) - raft.server.rpc.first-election.timeout.min = 150ms (fallback to raft.server.rpc.timeout.min)
2023-02-23 08:44:15,703 [s1@group-D5CC796A79A9-LeaderElection3] INFO  impl.LeaderElection (LeaderElection.java:logAndReturn(89)) - s1@group-D5CC796A79A9-LeaderElection3: PRE_VOTE PASSED received 1 response(s) and 0 exception(s):
2023-02-23 08:44:15,697 [grpc-default-executor-3] INFO  server.RaftServer$Division (RaftServerImpl.java:requestVote(1302)) - s2@group-D5CC796A79A9: receive requestVote(PRE_VOTE, s1, group-D5CC796A79A9, 0, (t:0, i:0))
2023-02-23 08:44:15,704 [grpc-default-executor-3] INFO  impl.VoteContext (VoteContext.java:log(49)) - s2@group-D5CC796A79A9-FOLLOWER: accept PRE_VOTE from s1: our priority 0 <= candidate's priority 0
2023-02-23 08:44:15,704 [s1@group-D5CC796A79A9-LeaderElection3] INFO  impl.LeaderElection (LeaderElection.java:logAndReturn(93)) -   Response 0: s1<-s0#0:OK-t0
2023-02-23 08:44:15,704 [grpc-default-executor-3] INFO  server.RaftServer$Division (RaftServerImpl.java:requestVote(1335)) - s2@group-D5CC796A79A9 replies to PRE_VOTE vote request: s1<-s2#0:OK-t0. Peer's state: s2@group-D5CC796A79A9:t0, leader=null, voted=, raftlog=Memoized:s2@group-D5CC796A79A9-SegmentedRaftLog:OPENED:c-1, conf=-1: peers:[s0|rpc:localhost:44609|admin:localhost:43339|client:localhost:35167|dataStream:localhost:45017|priority:0|startupRole:FOLLOWER, s1|rpc:localhost:46005|admin:localhost:39871|client:localhost:43155|dataStream:localhost:44881|priority:0|startupRole:FOLLOWER, s2|rpc:localhost:40131|admin:localhost:41173|client:localhost:45441|dataStream:localhost:41833|priority:0|startupRole:FOLLOWER]|listeners:[], old=null
2023-02-23 08:44:15,704 [s0@group-D5CC796A79A9-LeaderElection4-1] INFO  server.GrpcServerProtocolClient (GrpcServerProtocolClient.java:<init>(63)) - Build channel for s1
2023-02-23 08:44:15,703 [s0@group-D5CC796A79A9-LeaderElection4-2] INFO  server.GrpcServerProtocolClient (GrpcServerProtocolClient.java:<init>(63)) - Build channel for s2
2023-02-23 08:44:15,703 [s0@group-D5CC796A79A9-LeaderElection4] INFO  server.RaftServerConfigKeys (ConfUtils.java:logFallback(53)) - raft.server.rpc.first-election.timeout.max = 300ms (fallback to raft.server.rpc.timeout.max)
2023-02-23 08:44:15,704 [s1@group-D5CC796A79A9-LeaderElection3] INFO  impl.LeaderElection (LeaderElection.java:askForVotes(311)) - s1@group-D5CC796A79A9-LeaderElection3 PRE_VOTE round 0: result PASSED
2023-02-23 08:44:15,708 [s1@group-D5CC796A79A9-LeaderElection3] INFO  impl.LeaderElection (LeaderElection.java:askForVotes(309)) - s1@group-D5CC796A79A9-LeaderElection3 ELECTION round 0: submit vote requests at term 1 for -1: peers:[s0|rpc:localhost:44609|admin:localhost:43339|client:localhost:35167|dataStream:localhost:45017|priority:0|startupRole:FOLLOWER, s1|rpc:localhost:46005|admin:localhost:39871|client:localhost:43155|dataStream:localhost:44881|priority:0|startupRole:FOLLOWER, s2|rpc:localhost:40131|admin:localhost:41173|client:localhost:45441|dataStream:localhost:41833|priority:0|startupRole:FOLLOWER]|listeners:[], old=null
2023-02-23 08:44:15,709 [s1@group-D5CC796A79A9-LeaderElection3] INFO  server.RaftServerConfigKeys (ConfUtils.java:logFallback(53)) - raft.server.rpc.first-election.timeout.min = 150ms (fallback to raft.server.rpc.timeout.min)
2023-02-23 08:44:15,709 [s1@group-D5CC796A79A9-LeaderElection3] INFO  server.RaftServerConfigKeys (ConfUtils.java:logFallback(53)) - raft.server.rpc.first-election.timeout.max = 300ms (fallback to raft.server.rpc.timeout.max)
2023-02-23 08:44:15,713 [grpc-default-executor-5] INFO  server.RaftServer$Division (RaftServerImpl.java:requestVote(1302)) - s0@group-D5CC796A79A9: receive requestVote(ELECTION, s1, group-D5CC796A79A9, 1, (t:0, i:0))
2023-02-23 08:44:15,713 [grpc-default-executor-5] INFO  impl.VoteContext (VoteContext.java:log(49)) - s0@group-D5CC796A79A9-CANDIDATE: accept ELECTION from s1: our priority 0 <= candidate's priority 0
2023-02-23 08:44:15,713 [grpc-default-executor-5] INFO  server.RaftServer$Division (RaftServerImpl.java:setRole(329)) - s0@group-D5CC796A79A9: changes role from CANDIDATE to FOLLOWER at term 1 for candidate:s1
2023-02-23 08:44:15,713 [grpc-default-executor-5] INFO  impl.RoleInfo (RoleInfo.java:shutdownLeaderElection(130)) - s0: shutdown s0@group-D5CC796A79A9-LeaderElection4
2023-02-23 08:44:15,713 [grpc-default-executor-5] INFO  impl.RoleInfo (RoleInfo.java:updateAndGet(139)) - s0: start s0@group-D5CC796A79A9-FollowerState
2023-02-23 08:44:15,718 [s0@group-D5CC796A79A9-FollowerState] INFO  server.RaftServerConfigKeys (ConfUtils.java:logFallback(53)) - raft.server.rpc.first-election.timeout.min = 150ms (fallback to raft.server.rpc.timeout.min)
2023-02-23 08:44:15,719 [grpc-default-executor-5] INFO  server.RaftServer$Division (RaftServerImpl.java:requestVote(1335)) - s0@group-D5CC796A79A9 replies to ELECTION vote request: s1<-s0#0:OK-t1. Peer's state: s0@group-D5CC796A79A9:t1, leader=null, voted=s1, raftlog=Memoized:s0@group-D5CC796A79A9-SegmentedRaftLog:OPENED:c-1, conf=-1: peers:[s0|rpc:localhost:44609|admin:localhost:43339|client:localhost:35167|dataStream:localhost:45017|priority:0|startupRole:FOLLOWER, s1|rpc:localhost:46005|admin:localhost:39871|client:localhost:43155|dataStream:localhost:44881|priority:0|startupRole:FOLLOWER, s2|rpc:localhost:40131|admin:localhost:41173|client:localhost:45441|dataStream:localhost:41833|priority:0|startupRole:FOLLOWER]|listeners:[], old=null
2023-02-23 08:44:15,718 [grpc-default-executor-1] INFO  server.RaftServer$Division (RaftServerImpl.java:requestVote(1302)) - s2@group-D5CC796A79A9: receive requestVote(ELECTION, s1, group-D5CC796A79A9, 1, (t:0, i:0))
2023-02-23 08:44:15,724 [s0@group-D5CC796A79A9-FollowerState] INFO  server.RaftServerConfigKeys (ConfUtils.java:logFallback(53)) - raft.server.rpc.first-election.timeout.max = 300ms (fallback to raft.server.rpc.timeout.max)
2023-02-23 08:44:15,725 [grpc-default-executor-3] INFO  server.RaftServer$Division (RaftServerImpl.java:requestVote(1302)) - s1@group-D5CC796A79A9: receive requestVote(PRE_VOTE, s0, group-D5CC796A79A9, 0, (t:0, i:0))
2023-02-23 08:44:15,725 [grpc-default-executor-3] INFO  impl.VoteContext (VoteContext.java:log(49)) - s1@group-D5CC796A79A9-CANDIDATE: accept PRE_VOTE from s0: our priority 0 <= candidate's priority 0
2023-02-23 08:44:15,725 [grpc-default-executor-1] INFO  impl.VoteContext (VoteContext.java:log(49)) - s2@group-D5CC796A79A9-FOLLOWER: accept ELECTION from s1: our priority 0 <= candidate's priority 0
2023-02-23 08:44:15,725 [grpc-default-executor-3] INFO  server.RaftServer$Division (RaftServerImpl.java:requestVote(1335)) - s1@group-D5CC796A79A9 replies to PRE_VOTE vote request: s0<-s1#0:OK-t1. Peer's state: s1@group-D5CC796A79A9:t1, leader=null, voted=s1, raftlog=Memoized:s1@group-D5CC796A79A9-SegmentedRaftLog:OPENED:c-1, conf=-1: peers:[s0|rpc:localhost:44609|admin:localhost:43339|client:localhost:35167|dataStream:localhost:45017|priority:0|startupRole:FOLLOWER, s1|rpc:localhost:46005|admin:localhost:39871|client:localhost:43155|dataStream:localhost:44881|priority:0|startupRole:FOLLOWER, s2|rpc:localhost:40131|admin:localhost:41173|client:localhost:45441|dataStream:localhost:41833|priority:0|startupRole:FOLLOWER]|listeners:[], old=null
2023-02-23 08:44:15,725 [s1@group-D5CC796A79A9-LeaderElection3] INFO  impl.LeaderElection (LeaderElection.java:logAndReturn(89)) - s1@group-D5CC796A79A9-LeaderElection3: ELECTION PASSED received 1 response(s) and 0 exception(s):
2023-02-23 08:44:15,725 [s1@group-D5CC796A79A9-LeaderElection3] INFO  impl.LeaderElection (LeaderElection.java:logAndReturn(93)) -   Response 0: s1<-s0#0:OK-t1
2023-02-23 08:44:15,725 [s1@group-D5CC796A79A9-LeaderElection3] INFO  impl.LeaderElection (LeaderElection.java:askForVotes(311)) - s1@group-D5CC796A79A9-LeaderElection3 ELECTION round 0: result PASSED
2023-02-23 08:44:15,725 [s1@group-D5CC796A79A9-LeaderElection3] INFO  impl.RoleInfo (RoleInfo.java:shutdownLeaderElection(130)) - s1: shutdown s1@group-D5CC796A79A9-LeaderElection3
2023-02-23 08:44:15,725 [s1@group-D5CC796A79A9-LeaderElection3] INFO  server.RaftServer$Division (RaftServerImpl.java:setRole(329)) - s1@group-D5CC796A79A9: changes role from CANDIDATE to LEADER at term 1 for changeToLeader
2023-02-23 08:44:15,725 [s1@group-D5CC796A79A9-LeaderElection3] INFO  server.RaftServer$Division (ServerState.java:setLeader(260)) - s1@group-D5CC796A79A9: change Leader from null to s1 at term 1 for becomeLeader, leader elected after 261ms
2023-02-23 08:44:15,725 [s1@group-D5CC796A79A9-LeaderElection3] INFO  server.RaftServerConfigKeys (ConfUtils.java:logGet(46)) - raft.server.staging.catchup.gap = 1000 (default)
2023-02-23 08:44:15,725 [s1@group-D5CC796A79A9-LeaderElection3] INFO  server.RaftServerConfigKeys (ConfUtils.java:logGet(46)) - raft.server.write.element-limit = 4096 (default)
2023-02-23 08:44:15,725 [s1@group-D5CC796A79A9-LeaderElection3] INFO  server.RaftServerConfigKeys (ConfUtils.java:logGet(46)) - raft.server.write.byte-limit = 64MB (=67108864) (default)
2023-02-23 08:44:15,726 [s1@group-D5CC796A79A9-LeaderElection3] INFO  server.RaftServerConfigKeys (ConfUtils.java:logGet(46)) - raft.server.watch.timeout = 10s (default)
2023-02-23 08:44:15,726 [s1@group-D5CC796A79A9-LeaderElection3] INFO  server.RaftServerConfigKeys (ConfUtils.java:logGet(46)) - raft.server.watch.timeout.denomination = 1s (default)
2023-02-23 08:44:15,726 [s1@group-D5CC796A79A9-LeaderElection3] INFO  server.RaftServerConfigKeys (ConfUtils.java:logGet(46)) - raft.server.watch.element-limit = 65536 (default)
2023-02-23 08:44:15,726 [s1@group-D5CC796A79A9-LeaderElection3] INFO  server.RaftServerConfigKeys (ConfUtils.java:logGet(46)) - raft.server.write.element-limit = 4096 (default)
2023-02-23 08:44:15,725 [grpc-default-executor-1] INFO  server.RaftServer$Division (RaftServerImpl.java:setRole(329)) - s2@group-D5CC796A79A9: changes role from  FOLLOWER to FOLLOWER at term 1 for candidate:s1
2023-02-23 08:44:15,729 [grpc-default-executor-1] INFO  impl.RoleInfo (RoleInfo.java:shutdownFollowerState(110)) - s2: shutdown s2@group-D5CC796A79A9-FollowerState
2023-02-23 08:44:15,729 [s2@group-D5CC796A79A9-FollowerState] INFO  impl.FollowerState (FollowerState.java:run(152)) - s2@group-D5CC796A79A9-FollowerState was interrupted
2023-02-23 08:44:15,729 [s0@group-D5CC796A79A9-LeaderElection4] INFO  impl.LeaderElection (LeaderElection.java:logAndReturn(89)) - s0@group-D5CC796A79A9-LeaderElection4: PRE_VOTE DISCOVERED_A_NEW_TERM (term=1) received 1 response(s) and 0 exception(s):
2023-02-23 08:44:15,729 [s0@group-D5CC796A79A9-LeaderElection4] INFO  impl.LeaderElection (LeaderElection.java:logAndReturn(93)) -   Response 0: s0<-s1#0:OK-t1
2023-02-23 08:44:15,729 [s0@group-D5CC796A79A9-LeaderElection4] INFO  impl.LeaderElection (LeaderElection.java:askForVotes(311)) - s0@group-D5CC796A79A9-LeaderElection4 PRE_VOTE round 0: result DISCOVERED_A_NEW_TERM (term=1)
2023-02-23 08:44:15,726 [s1@group-D5CC796A79A9-LeaderElection3] INFO  server.RaftServerConfigKeys (ConfUtils.java:logGet(46)) - raft.server.write.follower.gap.ratio.max = -1.0 (default)
2023-02-23 08:44:15,729 [s1@group-D5CC796A79A9-LeaderElection3] INFO  server.RaftServerConfigKeys (ConfUtils.java:logGet(46)) - raft.server.log.appender.snapshot.chunk.size.max = 16MB (=16777216) (default)
2023-02-23 08:44:15,729 [s1@group-D5CC796A79A9-LeaderElection3] INFO  server.RaftServerConfigKeys (ConfUtils.java:logGet(46)) - raft.server.log.appender.buffer.byte-limit = 4MB (=4194304) (default)
2023-02-23 08:44:15,729 [s1@group-D5CC796A79A9-LeaderElection3] INFO  server.RaftServerConfigKeys (ConfUtils.java:logGet(46)) - raft.server.log.appender.buffer.element-limit = 0 (default)
2023-02-23 08:44:15,729 [s1@group-D5CC796A79A9-LeaderElection3] INFO  grpc.GrpcConfigKeys (ConfUtils.java:logGet(46)) - raft.grpc.server.leader.outstanding.appends.max = 128 (default)
2023-02-23 08:44:15,729 [s1@group-D5CC796A79A9-LeaderElection3] INFO  server.RaftServerConfigKeys (ConfUtils.java:logGet(46)) - raft.server.rpc.request.timeout = 3000ms (default)
2023-02-23 08:44:15,730 [s1@group-D5CC796A79A9-LeaderElection3] INFO  server.RaftServerConfigKeys (ConfUtils.java:logGet(46)) - raft.server.log.appender.install.snapshot.enabled = true (default)
2023-02-23 08:44:15,730 [s1@group-D5CC796A79A9-LeaderElection3] INFO  grpc.GrpcConfigKeys (ConfUtils.java:logGet(46)) - raft.grpc.server.heartbeat.channel = true (default)
2023-02-23 08:44:15,730 [s1@group-D5CC796A79A9-LeaderElection3] INFO  server.RaftServerConfigKeys (ConfUtils.java:logGet(46)) - raft.server.log.appender.wait-time.min = 10ms (default)
2023-02-23 08:44:15,730 [s1@group-D5CC796A79A9-LeaderElection3] INFO  server.RaftServerConfigKeys (ConfUtils.java:logGet(46)) - raft.server.log.appender.snapshot.chunk.size.max = 16MB (=16777216) (default)
2023-02-23 08:44:15,730 [s1@group-D5CC796A79A9-LeaderElection3] INFO  server.RaftServerConfigKeys (ConfUtils.java:logGet(46)) - raft.server.log.appender.buffer.byte-limit = 4MB (=4194304) (default)
2023-02-23 08:44:15,730 [s1@group-D5CC796A79A9-LeaderElection3] INFO  server.RaftServerConfigKeys (ConfUtils.java:logGet(46)) - raft.server.log.appender.buffer.element-limit = 0 (default)
2023-02-23 08:44:15,730 [s1@group-D5CC796A79A9-LeaderElection3] INFO  grpc.GrpcConfigKeys (ConfUtils.java:logGet(46)) - raft.grpc.server.leader.outstanding.appends.max = 128 (default)
2023-02-23 08:44:15,730 [s1@group-D5CC796A79A9-LeaderElection3] INFO  server.RaftServerConfigKeys (ConfUtils.java:logGet(46)) - raft.server.rpc.request.timeout = 3000ms (default)
2023-02-23 08:44:15,730 [s1@group-D5CC796A79A9-LeaderElection3] INFO  server.RaftServerConfigKeys (ConfUtils.java:logGet(46)) - raft.server.log.appender.install.snapshot.enabled = true (default)
2023-02-23 08:44:15,730 [s1@group-D5CC796A79A9-LeaderElection3] INFO  grpc.GrpcConfigKeys (ConfUtils.java:logGet(46)) - raft.grpc.server.heartbeat.channel = true (default)
2023-02-23 08:44:15,730 [s1@group-D5CC796A79A9-LeaderElection3] INFO  server.RaftServerConfigKeys (ConfUtils.java:logGet(46)) - raft.server.log.appender.wait-time.min = 10ms (default)
2023-02-23 08:44:15,730 [s1@group-D5CC796A79A9-LeaderElection3] INFO  impl.RoleInfo (RoleInfo.java:updateAndGet(139)) - s1: start s1@group-D5CC796A79A9-LeaderStateImpl
2023-02-23 08:44:15,730 [s1@group-D5CC796A79A9-LeaderElection3] INFO  segmented.SegmentedRaftLogWorker (SegmentedRaftLogWorker.java:startLogSegment(426)) - s1@group-D5CC796A79A9-SegmentedRaftLogWorker: Starting segment from index:0
2023-02-23 08:44:15,729 [grpc-default-executor-3] INFO  server.RaftServer$Division (RaftServerImpl.java:requestVote(1302)) - s2@group-D5CC796A79A9: receive requestVote(PRE_VOTE, s0, group-D5CC796A79A9, 0, (t:0, i:0))
2023-02-23 08:44:15,735 [grpc-default-executor-1] INFO  impl.RoleInfo (RoleInfo.java:updateAndGet(139)) - s2: start s2@group-D5CC796A79A9-FollowerState
2023-02-23 08:44:15,736 [s1@group-D5CC796A79A9-LeaderElection3] INFO  server.RaftServer$Division (ServerState.java:setRaftConf(378)) - s1@group-D5CC796A79A9: set configuration 0: peers:[s0|rpc:localhost:44609|admin:localhost:43339|client:localhost:35167|dataStream:localhost:45017|priority:0|startupRole:FOLLOWER, s1|rpc:localhost:46005|admin:localhost:39871|client:localhost:43155|dataStream:localhost:44881|priority:0|startupRole:FOLLOWER, s2|rpc:localhost:40131|admin:localhost:41173|client:localhost:45441|dataStream:localhost:41833|priority:0|startupRole:FOLLOWER]|listeners:[], old=null
2023-02-23 08:44:15,741 [s2@group-D5CC796A79A9-FollowerState] INFO  server.RaftServerConfigKeys (ConfUtils.java:logFallback(53)) - raft.server.rpc.first-election.timeout.min = 150ms (fallback to raft.server.rpc.timeout.min)
2023-02-23 08:44:15,741 [s2@group-D5CC796A79A9-FollowerState] INFO  server.RaftServerConfigKeys (ConfUtils.java:logFallback(53)) - raft.server.rpc.first-election.timeout.max = 300ms (fallback to raft.server.rpc.timeout.max)
2023-02-23 08:44:15,741 [s1@group-D5CC796A79A9-SegmentedRaftLogWorker] INFO  segmented.SegmentedRaftLogWorker (SegmentedRaftLogWorker.java:execute(630)) - s1@group-D5CC796A79A9-SegmentedRaftLogWorker: created new log segment /home/runner/work/ratis/ratis/ratis-test/target/test/data/74e677c2/MiniRaftClusterWithRpcTypeGrpcAndDataStreamTypeNetty7c12e66b/s1/88259b85-7cb7-47c2-b0b3-d5cc796a79a9/current/log_inprogress_0
2023-02-23 08:44:15,753 [grpc-default-executor-1] INFO  server.RaftServer$Division (RaftServerImpl.java:requestVote(1335)) - s2@group-D5CC796A79A9 replies to ELECTION vote request: s1<-s2#0:OK-t1. Peer's state: s2@group-D5CC796A79A9:t1, leader=null, voted=s1, raftlog=Memoized:s2@group-D5CC796A79A9-SegmentedRaftLog:OPENED:c-1, conf=-1: peers:[s0|rpc:localhost:44609|admin:localhost:43339|client:localhost:35167|dataStream:localhost:45017|priority:0|startupRole:FOLLOWER, s1|rpc:localhost:46005|admin:localhost:39871|client:localhost:43155|dataStream:localhost:44881|priority:0|startupRole:FOLLOWER, s2|rpc:localhost:40131|admin:localhost:41173|client:localhost:45441|dataStream:localhost:41833|priority:0|startupRole:FOLLOWER]|listeners:[], old=null
2023-02-23 08:44:15,753 [grpc-default-executor-3] INFO  impl.VoteContext (VoteContext.java:log(49)) - s2@group-D5CC796A79A9-FOLLOWER: accept PRE_VOTE from s0: our priority 0 <= candidate's priority 0
2023-02-23 08:44:15,753 [grpc-default-executor-3] INFO  server.RaftServer$Division (RaftServerImpl.java:requestVote(1335)) - s2@group-D5CC796A79A9 replies to PRE_VOTE vote request: s0<-s2#0:OK-t1. Peer's state: s2@group-D5CC796A79A9:t1, leader=null, voted=s1, raftlog=Memoized:s2@group-D5CC796A79A9-SegmentedRaftLog:OPENED:c-1, conf=-1: peers:[s0|rpc:localhost:44609|admin:localhost:43339|client:localhost:35167|dataStream:localhost:45017|priority:0|startupRole:FOLLOWER, s1|rpc:localhost:46005|admin:localhost:39871|client:localhost:43155|dataStream:localhost:44881|priority:0|startupRole:FOLLOWER, s2|rpc:localhost:40131|admin:localhost:41173|client:localhost:45441|dataStream:localhost:41833|priority:0|startupRole:FOLLOWER]|listeners:[], old=null
2023-02-23 08:44:15,763 [s0-server-thread1] INFO  server.RaftServer$Division (ServerState.java:setLeader(260)) - s0@group-D5CC796A79A9: change Leader from null to s1 at term 1 for appendEntries, leader elected after 305ms
2023-02-23 08:44:15,768 [s0-server-thread1] INFO  server.RaftServer$Division (ServerState.java:setRaftConf(378)) - s0@group-D5CC796A79A9: set configuration 0: peers:[s0|rpc:localhost:44609|admin:localhost:43339|client:localhost:35167|dataStream:localhost:45017|priority:0|startupRole:FOLLOWER, s1|rpc:localhost:46005|admin:localhost:39871|client:localhost:43155|dataStream:localhost:44881|priority:0|startupRole:FOLLOWER, s2|rpc:localhost:40131|admin:localhost:41173|client:localhost:45441|dataStream:localhost:41833|priority:0|startupRole:FOLLOWER]|listeners:[], old=null
2023-02-23 08:44:15,768 [s0-server-thread1] INFO  segmented.SegmentedRaftLogWorker (SegmentedRaftLogWorker.java:startLogSegment(426)) - s0@group-D5CC796A79A9-SegmentedRaftLogWorker: Starting segment from index:0
2023-02-23 08:44:15,772 [s2-server-thread1] INFO  server.RaftServer$Division (ServerState.java:setLeader(260)) - s2@group-D5CC796A79A9: change Leader from null to s1 at term 1 for appendEntries, leader elected after 301ms
2023-02-23 08:44:15,775 [s2-server-thread2] INFO  server.RaftServer$Division (ServerState.java:setRaftConf(378)) - s2@group-D5CC796A79A9: set configuration 0: peers:[s0|rpc:localhost:44609|admin:localhost:43339|client:localhost:35167|dataStream:localhost:45017|priority:0|startupRole:FOLLOWER, s1|rpc:localhost:46005|admin:localhost:39871|client:localhost:43155|dataStream:localhost:44881|priority:0|startupRole:FOLLOWER, s2|rpc:localhost:40131|admin:localhost:41173|client:localhost:45441|dataStream:localhost:41833|priority:0|startupRole:FOLLOWER]|listeners:[], old=null
2023-02-23 08:44:15,775 [s2-server-thread2] INFO  segmented.SegmentedRaftLogWorker (SegmentedRaftLogWorker.java:startLogSegment(426)) - s2@group-D5CC796A79A9-SegmentedRaftLogWorker: Starting segment from index:0
2023-02-23 08:44:15,777 [s0@group-D5CC796A79A9-SegmentedRaftLogWorker] INFO  segmented.SegmentedRaftLogWorker (SegmentedRaftLogWorker.java:execute(630)) - s0@group-D5CC796A79A9-SegmentedRaftLogWorker: created new log segment /home/runner/work/ratis/ratis/ratis-test/target/test/data/74e677c2/MiniRaftClusterWithRpcTypeGrpcAndDataStreamTypeNetty7c12e66b/s0/88259b85-7cb7-47c2-b0b3-d5cc796a79a9/current/log_inprogress_0
2023-02-23 08:44:15,785 [s2@group-D5CC796A79A9-SegmentedRaftLogWorker] INFO  segmented.SegmentedRaftLogWorker (SegmentedRaftLogWorker.java:execute(630)) - s2@group-D5CC796A79A9-SegmentedRaftLogWorker: created new log segment /home/runner/work/ratis/ratis/ratis-test/target/test/data/74e677c2/MiniRaftClusterWithRpcTypeGrpcAndDataStreamTypeNetty7c12e66b/s2/88259b85-7cb7-47c2-b0b3-d5cc796a79a9/current/log_inprogress_0
2023-02-23 08:44:15,984 [Time-limited test] INFO  ratis.RaftTestUtil (RaftTestUtil.java:waitForLeader(119)) - printing ALL groups
  s0:  RUNNING  FOLLOWER s0@group-D5CC796A79A9:t1, leader=s1, voted=s1, raftlog=Memoized:s0@group-D5CC796A79A9-SegmentedRaftLog:OPENED:c0, conf=0: peers:[s0|rpc:localhost:44609|admin:localhost:43339|client:localhost:35167|dataStream:localhost:45017|priority:0|startupRole:FOLLOWER, s1|rpc:localhost:46005|admin:localhost:39871|client:localhost:43155|dataStream:localhost:44881|priority:0|startupRole:FOLLOWER, s2|rpc:localhost:40131|admin:localhost:41173|client:localhost:45441|dataStream:localhost:41833|priority:0|startupRole:FOLLOWER]|listeners:[], old=null RUNNING
  s1:  RUNNING    LEADER s1@group-D5CC796A79A9:t1, leader=s1, voted=s1, raftlog=Memoized:s1@group-D5CC796A79A9-SegmentedRaftLog:OPENED:c0, conf=0: peers:[s0|rpc:localhost:44609|admin:localhost:43339|client:localhost:35167|dataStream:localhost:45017|priority:0|startupRole:FOLLOWER, s1|rpc:localhost:46005|admin:localhost:39871|client:localhost:43155|dataStream:localhost:44881|priority:0|startupRole:FOLLOWER, s2|rpc:localhost:40131|admin:localhost:41173|client:localhost:45441|dataStream:localhost:41833|priority:0|startupRole:FOLLOWER]|listeners:[], old=null RUNNING
  s2:  RUNNING  FOLLOWER s2@group-D5CC796A79A9:t1, leader=s1, voted=s1, raftlog=Memoized:s2@group-D5CC796A79A9-SegmentedRaftLog:OPENED:c0, conf=0: peers:[s0|rpc:localhost:44609|admin:localhost:43339|client:localhost:35167|dataStream:localhost:45017|priority:0|startupRole:FOLLOWER, s1|rpc:localhost:46005|admin:localhost:39871|client:localhost:43155|dataStream:localhost:44881|priority:0|startupRole:FOLLOWER, s2|rpc:localhost:40131|admin:localhost:41173|client:localhost:45441|dataStream:localhost:41833|priority:0|startupRole:FOLLOWER]|listeners:[], old=null RUNNING
2023-02-23 08:44:15,985 [pool-6-thread-3] INFO  server.RaftServerConfigKeys (ConfUtils.java:logGet(46)) - raft.server.rpc.timeout.max = 300ms (default)
2023-02-23 08:44:15,985 [pool-6-thread-4] INFO  server.RaftServerConfigKeys (ConfUtils.java:logGet(46)) - raft.server.rpc.timeout.max = 300ms (default)
2023-02-23 08:44:15,985 [pool-6-thread-5] INFO  server.RaftServerConfigKeys (ConfUtils.java:logGet(46)) - raft.server.rpc.timeout.max = 300ms (default)
2023-02-23 08:44:15,985 [pool-6-thread-7] INFO  server.RaftServerConfigKeys (ConfUtils.java:logGet(46)) - raft.server.rpc.timeout.max = 300ms (default)
2023-02-23 08:44:15,987 [pool-6-thread-6] INFO  server.RaftServerConfigKeys (ConfUtils.java:logGet(46)) - raft.server.rpc.timeout.max = 300ms (default)
2023-02-23 08:44:15,987 [pool-6-thread-8] INFO  server.RaftServerConfigKeys (ConfUtils.java:logGet(46)) - raft.server.rpc.timeout.max = 300ms (default)
2023-02-23 08:44:15,987 [pool-6-thread-9] INFO  server.RaftServerConfigKeys (ConfUtils.java:logGet(46)) - raft.server.rpc.timeout.max = 300ms (default)
2023-02-23 08:44:15,991 [pool-6-thread-3] INFO  ratis.RaftTestUtil (RaftTestUtil.java:waitForLeader(100)) - printing ALL groups
  s0:  RUNNING  FOLLOWER s0@group-D5CC796A79A9:t1, leader=s1, voted=s1, raftlog=Memoized:s0@group-D5CC796A79A9-SegmentedRaftLog:OPENED:c0, conf=0: peers:[s0|rpc:localhost:44609|admin:localhost:43339|client:localhost:35167|dataStream:localhost:45017|priority:0|startupRole:FOLLOWER, s1|rpc:localhost:46005|admin:localhost:39871|client:localhost:43155|dataStream:localhost:44881|priority:0|startupRole:FOLLOWER, s2|rpc:localhost:40131|admin:localhost:41173|client:localhost:45441|dataStream:localhost:41833|priority:0|startupRole:FOLLOWER]|listeners:[], old=null RUNNING
  s1:  RUNNING    LEADER s1@group-D5CC796A79A9:t1, leader=s1, voted=s1, raftlog=Memoized:s1@group-D5CC796A79A9-SegmentedRaftLog:OPENED:c0, conf=0: peers:[s0|rpc:localhost:44609|admin:localhost:43339|client:localhost:35167|dataStream:localhost:45017|priority:0|startupRole:FOLLOWER, s1|rpc:localhost:46005|admin:localhost:39871|client:localhost:43155|dataStream:localhost:44881|priority:0|startupRole:FOLLOWER, s2|rpc:localhost:40131|admin:localhost:41173|client:localhost:45441|dataStream:localhost:41833|priority:0|startupRole:FOLLOWER]|listeners:[], old=null RUNNING
  s2:  RUNNING  FOLLOWER s2@group-D5CC796A79A9:t1, leader=s1, voted=s1, raftlog=Memoized:s2@group-D5CC796A79A9-SegmentedRaftLog:OPENED:c0, conf=0: peers:[s0|rpc:localhost:44609|admin:localhost:43339|client:localhost:35167|dataStream:localhost:45017|priority:0|startupRole:FOLLOWER, s1|rpc:localhost:46005|admin:localhost:39871|client:localhost:43155|dataStream:localhost:44881|priority:0|startupRole:FOLLOWER, s2|rpc:localhost:40131|admin:localhost:41173|client:localhost:45441|dataStream:localhost:41833|priority:0|startupRole:FOLLOWER]|listeners:[], old=null RUNNING
2023-02-23 08:44:15,991 [pool-6-thread-3] INFO  ratis.RaftTestUtil (RaftTestUtil.java:waitForLeader(119)) - printing ALL groups
  s0:  RUNNING  FOLLOWER s0@group-D5CC796A79A9:t1, leader=s1, voted=s1, raftlog=Memoized:s0@group-D5CC796A79A9-SegmentedRaftLog:OPENED:c0, conf=0: peers:[s0|rpc:localhost:44609|admin:localhost:43339|client:localhost:35167|dataStream:localhost:45017|priority:0|startupRole:FOLLOWER, s1|rpc:localhost:46005|admin:localhost:39871|client:localhost:43155|dataStream:localhost:44881|priority:0|startupRole:FOLLOWER, s2|rpc:localhost:40131|admin:localhost:41173|client:localhost:45441|dataStream:localhost:41833|priority:0|startupRole:FOLLOWER]|listeners:[], old=null RUNNING
  s1:  RUNNING    LEADER s1@group-D5CC796A79A9:t1, leader=s1, voted=s1, raftlog=Memoized:s1@group-D5CC796A79A9-SegmentedRaftLog:OPENED:c0, conf=0: peers:[s0|rpc:localhost:44609|admin:localhost:43339|client:localhost:35167|dataStream:localhost:45017|priority:0|startupRole:FOLLOWER, s1|rpc:localhost:46005|admin:localhost:39871|client:localhost:43155|dataStream:localhost:44881|priority:0|startupRole:FOLLOWER, s2|rpc:localhost:40131|admin:localhost:41173|client:localhost:45441|dataStream:localhost:41833|priority:0|startupRole:FOLLOWER]|listeners:[], old=null RUNNING
  s2:  RUNNING  FOLLOWER s2@group-D5CC796A79A9:t1, leader=s1, voted=s1, raftlog=Memoized:s2@group-D5CC796A79A9-SegmentedRaftLog:OPENED:c0, conf=0: peers:[s0|rpc:localhost:44609|admin:localhost:43339|client:localhost:35167|dataStream:localhost:45017|priority:0|startupRole:FOLLOWER, s1|rpc:localhost:46005|admin:localhost:39871|client:localhost:43155|dataStream:localhost:44881|priority:0|startupRole:FOLLOWER, s2|rpc:localhost:40131|admin:localhost:41173|client:localhost:45441|dataStream:localhost:41833|priority:0|startupRole:FOLLOWER]|listeners:[], old=null RUNNING
2023-02-23 08:44:15,991 [pool-6-thread-3] INFO  client.DataStreamClient (ConfUtils.java:logGet(46)) - raft.datastream.type = NETTY (custom)
2023-02-23 08:44:15,991 [pool-6-thread-3] INFO  netty.NettyConfigKeys$DataStream (ConfUtils.java:logGet(46)) - raft.netty.dataStream.client.tls.conf = null (default)
2023-02-23 08:44:15,991 [pool-6-thread-3] INFO  netty.NettyConfigKeys$DataStream (ConfUtils.java:logGet(46)) - raft.netty.dataStream.client.reply.queue.grace-period = 1s (default)
2023-02-23 08:44:15,992 [pool-6-thread-3] INFO  netty.NettyConfigKeys$DataStream (ConfUtils.java:logGet(46)) - raft.netty.dataStream.client.worker-group.share = false (default)
2023-02-23 08:44:15,992 [pool-6-thread-3] INFO  netty.NettyConfigKeys$DataStream (ConfUtils.java:logGet(46)) - raft.netty.dataStream.client.worker-group.size = 4 (default)
2023-02-23 08:44:15,994 [pool-6-thread-8] INFO  ratis.RaftTestUtil (RaftTestUtil.java:waitForLeader(100)) - printing ALL groups
  s0:  RUNNING  FOLLOWER s0@group-D5CC796A79A9:t1, leader=s1, voted=s1, raftlog=Memoized:s0@group-D5CC796A79A9-SegmentedRaftLog:OPENED:c0, conf=0: peers:[s0|rpc:localhost:44609|admin:localhost:43339|client:localhost:35167|dataStream:localhost:45017|priority:0|startupRole:FOLLOWER, s1|rpc:localhost:46005|admin:localhost:39871|client:localhost:43155|dataStream:localhost:44881|priority:0|startupRole:FOLLOWER, s2|rpc:localhost:40131|admin:localhost:41173|client:localhost:45441|dataStream:localhost:41833|priority:0|startupRole:FOLLOWER]|listeners:[], old=null RUNNING
  s1:  RUNNING    LEADER s1@group-D5CC796A79A9:t1, leader=s1, voted=s1, raftlog=Memoized:s1@group-D5CC796A79A9-SegmentedRaftLog:OPENED:c0, conf=0: peers:[s0|rpc:localhost:44609|admin:localhost:43339|client:localhost:35167|dataStream:localhost:45017|priority:0|startupRole:FOLLOWER, s1|rpc:localhost:46005|admin:localhost:39871|client:localhost:43155|dataStream:localhost:44881|priority:0|startupRole:FOLLOWER, s2|rpc:localhost:40131|admin:localhost:41173|client:localhost:45441|dataStream:localhost:41833|priority:0|startupRole:FOLLOWER]|listeners:[], old=null RUNNING
  s2:  RUNNING  FOLLOWER s2@group-D5CC796A79A9:t1, leader=s1, voted=s1, raftlog=Memoized:s2@group-D5CC796A79A9-SegmentedRaftLog:OPENED:c0, conf=0: peers:[s0|rpc:localhost:44609|admin:localhost:43339|client:localhost:35167|dataStream:localhost:45017|priority:0|startupRole:FOLLOWER, s1|rpc:localhost:46005|admin:localhost:39871|client:localhost:43155|dataStream:localhost:44881|priority:0|startupRole:FOLLOWER, s2|rpc:localhost:40131|admin:localhost:41173|client:localhost:45441|dataStream:localhost:41833|priority:0|startupRole:FOLLOWER]|listeners:[], old=null RUNNING
2023-02-23 08:44:15,995 [pool-6-thread-7] INFO  ratis.RaftTestUtil (RaftTestUtil.java:waitForLeader(100)) - printing ALL groups
  s0:  RUNNING  FOLLOWER s0@group-D5CC796A79A9:t1, leader=s1, voted=s1, raftlog=Memoized:s0@group-D5CC796A79A9-SegmentedRaftLog:OPENED:c0, conf=0: peers:[s0|rpc:localhost:44609|admin:localhost:43339|client:localhost:35167|dataStream:localhost:45017|priority:0|startupRole:FOLLOWER, s1|rpc:localhost:46005|admin:localhost:39871|client:localhost:43155|dataStream:localhost:44881|priority:0|startupRole:FOLLOWER, s2|rpc:localhost:40131|admin:localhost:41173|client:localhost:45441|dataStream:localhost:41833|priority:0|startupRole:FOLLOWER]|listeners:[], old=null RUNNING
  s1:  RUNNING    LEADER s1@group-D5CC796A79A9:t1, leader=s1, voted=s1, raftlog=Memoized:s1@group-D5CC796A79A9-SegmentedRaftLog:OPENED:c0, conf=0: peers:[s0|rpc:localhost:44609|admin:localhost:43339|client:localhost:35167|dataStream:localhost:45017|priority:0|startupRole:FOLLOWER, s1|rpc:localhost:46005|admin:localhost:39871|client:localhost:43155|dataStream:localhost:44881|priority:0|startupRole:FOLLOWER, s2|rpc:localhost:40131|admin:localhost:41173|client:localhost:45441|dataStream:localhost:41833|priority:0|startupRole:FOLLOWER]|listeners:[], old=null RUNNING
  s2:  RUNNING  FOLLOWER s2@group-D5CC796A79A9:t1, leader=s1, voted=s1, raftlog=Memoized:s2@group-D5CC796A79A9-SegmentedRaftLog:OPENED:c0, conf=0: peers:[s0|rpc:localhost:44609|admin:localhost:43339|client:localhost:35167|dataStream:localhost:45017|priority:0|startupRole:FOLLOWER, s1|rpc:localhost:46005|admin:localhost:39871|client:localhost:43155|dataStream:localhost:44881|priority:0|startupRole:FOLLOWER, s2|rpc:localhost:40131|admin:localhost:41173|client:localhost:45441|dataStream:localhost:41833|priority:0|startupRole:FOLLOWER]|listeners:[], old=null RUNNING
2023-02-23 08:44:15,995 [pool-6-thread-4] INFO  ratis.RaftTestUtil (RaftTestUtil.java:waitForLeader(100)) - printing ALL groups
  s0:  RUNNING  FOLLOWER s0@group-D5CC796A79A9:t1, leader=s1, voted=s1, raftlog=Memoized:s0@group-D5CC796A79A9-SegmentedRaftLog:OPENED:c0, conf=0: peers:[s0|rpc:localhost:44609|admin:localhost:43339|client:localhost:35167|dataStream:localhost:45017|priority:0|startupRole:FOLLOWER, s1|rpc:localhost:46005|admin:localhost:39871|client:localhost:43155|dataStream:localhost:44881|priority:0|startupRole:FOLLOWER, s2|rpc:localhost:40131|admin:localhost:41173|client:localhost:45441|dataStream:localhost:41833|priority:0|startupRole:FOLLOWER]|listeners:[], old=null RUNNING
  s1:  RUNNING    LEADER s1@group-D5CC796A79A9:t1, leader=s1, voted=s1, raftlog=Memoized:s1@group-D5CC796A79A9-SegmentedRaftLog:OPENED:c0, conf=0: peers:[s0|rpc:localhost:44609|admin:localhost:43339|client:localhost:35167|dataStream:localhost:45017|priority:0|startupRole:FOLLOWER, s1|rpc:localhost:46005|admin:localhost:39871|client:localhost:43155|dataStream:localhost:44881|priority:0|startupRole:FOLLOWER, s2|rpc:localhost:40131|admin:localhost:41173|client:localhost:45441|dataStream:localhost:41833|priority:0|startupRole:FOLLOWER]|listeners:[], old=null RUNNING
  s2:  RUNNING  FOLLOWER s2@group-D5CC796A79A9:t1, leader=s1, voted=s1, raftlog=Memoized:s2@group-D5CC796A79A9-SegmentedRaftLog:OPENED:c0, conf=0: peers:[s0|rpc:localhost:44609|admin:localhost:43339|client:localhost:35167|dataStream:localhost:45017|priority:0|startupRole:FOLLOWER, s1|rpc:localhost:46005|admin:localhost:39871|client:localhost:43155|dataStream:localhost:44881|priority:0|startupRole:FOLLOWER, s2|rpc:localhost:40131|admin:localhost:41173|client:localhost:45441|dataStream:localhost:41833|priority:0|startupRole:FOLLOWER]|listeners:[], old=null RUNNING
2023-02-23 08:44:15,995 [pool-6-thread-5] INFO  ratis.RaftTestUtil (RaftTestUtil.java:waitForLeader(100)) - printing ALL groups
  s0:  RUNNING  FOLLOWER s0@group-D5CC796A79A9:t1, leader=s1, voted=s1, raftlog=Memoized:s0@group-D5CC796A79A9-SegmentedRaftLog:OPENED:c0, conf=0: peers:[s0|rpc:localhost:44609|admin:localhost:43339|client:localhost:35167|dataStream:localhost:45017|priority:0|startupRole:FOLLOWER, s1|rpc:localhost:46005|admin:localhost:39871|client:localhost:43155|dataStream:localhost:44881|priority:0|startupRole:FOLLOWER, s2|rpc:localhost:40131|admin:localhost:41173|client:localhost:45441|dataStream:localhost:41833|priority:0|startupRole:FOLLOWER]|listeners:[], old=null RUNNING
  s1:  RUNNING    LEADER s1@group-D5CC796A79A9:t1, leader=s1, voted=s1, raftlog=Memoized:s1@group-D5CC796A79A9-SegmentedRaftLog:OPENED:c0, conf=0: peers:[s0|rpc:localhost:44609|admin:localhost:43339|client:localhost:35167|dataStream:localhost:45017|priority:0|startupRole:FOLLOWER, s1|rpc:localhost:46005|admin:localhost:39871|client:localhost:43155|dataStream:localhost:44881|priority:0|startupRole:FOLLOWER, s2|rpc:localhost:40131|admin:localhost:41173|client:localhost:45441|dataStream:localhost:41833|priority:0|startupRole:FOLLOWER]|listeners:[], old=null RUNNING
  s2:  RUNNING  FOLLOWER s2@group-D5CC796A79A9:t1, leader=s1, voted=s1, raftlog=Memoized:s2@group-D5CC796A79A9-SegmentedRaftLog:OPENED:c0, conf=0: peers:[s0|rpc:localhost:44609|admin:localhost:43339|client:localhost:35167|dataStream:localhost:45017|priority:0|startupRole:FOLLOWER, s1|rpc:localhost:46005|admin:localhost:39871|client:localhost:43155|dataStream:localhost:44881|priority:0|startupRole:FOLLOWER, s2|rpc:localhost:40131|admin:localhost:41173|client:localhost:45441|dataStream:localhost:41833|priority:0|startupRole:FOLLOWER]|listeners:[], old=null RUNNING
2023-02-23 08:44:15,994 [pool-6-thread-6] INFO  ratis.RaftTestUtil (RaftTestUtil.java:waitForLeader(100)) - printing ALL groups
  s0:  RUNNING  FOLLOWER s0@group-D5CC796A79A9:t1, leader=s1, voted=s1, raftlog=Memoized:s0@group-D5CC796A79A9-SegmentedRaftLog:OPENED:c0, conf=0: peers:[s0|rpc:localhost:44609|admin:localhost:43339|client:localhost:35167|dataStream:localhost:45017|priority:0|startupRole:FOLLOWER, s1|rpc:localhost:46005|admin:localhost:39871|client:localhost:43155|dataStream:localhost:44881|priority:0|startupRole:FOLLOWER, s2|rpc:localhost:40131|admin:localhost:41173|client:localhost:45441|dataStream:localhost:41833|priority:0|startupRole:FOLLOWER]|listeners:[], old=null RUNNING
  s1:  RUNNING    LEADER s1@group-D5CC796A79A9:t1, leader=s1, voted=s1, raftlog=Memoized:s1@group-D5CC796A79A9-SegmentedRaftLog:OPENED:c0, conf=0: peers:[s0|rpc:localhost:44609|admin:localhost:43339|client:localhost:35167|dataStream:localhost:45017|priority:0|startupRole:FOLLOWER, s1|rpc:localhost:46005|admin:localhost:39871|client:localhost:43155|dataStream:localhost:44881|priority:0|startupRole:FOLLOWER, s2|rpc:localhost:40131|admin:localhost:41173|client:localhost:45441|dataStream:localhost:41833|priority:0|startupRole:FOLLOWER]|listeners:[], old=null RUNNING
  s2:  RUNNING  FOLLOWER s2@group-D5CC796A79A9:t1, leader=s1, voted=s1, raftlog=Memoized:s2@group-D5CC796A79A9-SegmentedRaftLog:OPENED:c0, conf=0: peers:[s0|rpc:localhost:44609|admin:localhost:43339|client:localhost:35167|dataStream:localhost:45017|priority:0|startupRole:FOLLOWER, s1|rpc:localhost:46005|admin:localhost:39871|client:localhost:43155|dataStream:localhost:44881|priority:0|startupRole:FOLLOWER, s2|rpc:localhost:40131|admin:localhost:41173|client:localhost:45441|dataStream:localhost:41833|priority:0|startupRole:FOLLOWER]|listeners:[], old=null RUNNING
2023-02-23 08:44:16,000 [pool-6-thread-6] INFO  ratis.RaftTestUtil (RaftTestUtil.java:waitForLeader(119)) - printing ALL groups
  s0:  RUNNING  FOLLOWER s0@group-D5CC796A79A9:t1, leader=s1, voted=s1, raftlog=Memoized:s0@group-D5CC796A79A9-SegmentedRaftLog:OPENED:c0, conf=0: peers:[s0|rpc:localhost:44609|admin:localhost:43339|client:localhost:35167|dataStream:localhost:45017|priority:0|startupRole:FOLLOWER, s1|rpc:localhost:46005|admin:localhost:39871|client:localhost:43155|dataStream:localhost:44881|priority:0|startupRole:FOLLOWER, s2|rpc:localhost:40131|admin:localhost:41173|client:localhost:45441|dataStream:localhost:41833|priority:0|startupRole:FOLLOWER]|listeners:[], old=null RUNNING
  s1:  RUNNING    LEADER s1@group-D5CC796A79A9:t1, leader=s1, voted=s1, raftlog=Memoized:s1@group-D5CC796A79A9-SegmentedRaftLog:OPENED:c0, conf=0: peers:[s0|rpc:localhost:44609|admin:localhost:43339|client:localhost:35167|dataStream:localhost:45017|priority:0|startupRole:FOLLOWER, s1|rpc:localhost:46005|admin:localhost:39871|client:localhost:43155|dataStream:localhost:44881|priority:0|startupRole:FOLLOWER, s2|rpc:localhost:40131|admin:localhost:41173|client:localhost:45441|dataStream:localhost:41833|priority:0|startupRole:FOLLOWER]|listeners:[], old=null RUNNING
  s2:  RUNNING  FOLLOWER s2@group-D5CC796A79A9:t1, leader=s1, voted=s1, raftlog=Memoized:s2@group-D5CC796A79A9-SegmentedRaftLog:OPENED:c0, conf=0: peers:[s0|rpc:localhost:44609|admin:localhost:43339|client:localhost:35167|dataStream:localhost:45017|priority:0|startupRole:FOLLOWER, s1|rpc:localhost:46005|admin:localhost:39871|client:localhost:43155|dataStream:localhost:44881|priority:0|startupRole:FOLLOWER, s2|rpc:localhost:40131|admin:localhost:41173|client:localhost:45441|dataStream:localhost:41833|priority:0|startupRole:FOLLOWER]|listeners:[], old=null RUNNING
2023-02-23 08:44:16,000 [pool-6-thread-5] INFO  ratis.RaftTestUtil (RaftTestUtil.java:waitForLeader(119)) - printing ALL groups
  s0:  RUNNING  FOLLOWER s0@group-D5CC796A79A9:t1, leader=s1, voted=s1, raftlog=Memoized:s0@group-D5CC796A79A9-SegmentedRaftLog:OPENED:c0, conf=0: peers:[s0|rpc:localhost:44609|admin:localhost:43339|client:localhost:35167|dataStream:localhost:45017|priority:0|startupRole:FOLLOWER, s1|rpc:localhost:46005|admin:localhost:39871|client:localhost:43155|dataStream:localhost:44881|priority:0|startupRole:FOLLOWER, s2|rpc:localhost:40131|admin:localhost:41173|client:localhost:45441|dataStream:localhost:41833|priority:0|startupRole:FOLLOWER]|listeners:[], old=null RUNNING
  s1:  RUNNING    LEADER s1@group-D5CC796A79A9:t1, leader=s1, voted=s1, raftlog=Memoized:s1@group-D5CC796A79A9-SegmentedRaftLog:OPENED:c0, conf=0: peers:[s0|rpc:localhost:44609|admin:localhost:43339|client:localhost:35167|dataStream:localhost:45017|priority:0|startupRole:FOLLOWER, s1|rpc:localhost:46005|admin:localhost:39871|client:localhost:43155|dataStream:localhost:44881|priority:0|startupRole:FOLLOWER, s2|rpc:localhost:40131|admin:localhost:41173|client:localhost:45441|dataStream:localhost:41833|priority:0|startupRole:FOLLOWER]|listeners:[], old=null RUNNING
  s2:  RUNNING  FOLLOWER s2@group-D5CC796A79A9:t1, leader=s1, voted=s1, raftlog=Memoized:s2@group-D5CC796A79A9-SegmentedRaftLog:OPENED:c0, conf=0: peers:[s0|rpc:localhost:44609|admin:localhost:43339|client:localhost:35167|dataStream:localhost:45017|priority:0|startupRole:FOLLOWER, s1|rpc:localhost:46005|admin:localhost:39871|client:localhost:43155|dataStream:localhost:44881|priority:0|startupRole:FOLLOWER, s2|rpc:localhost:40131|admin:localhost:41173|client:localhost:45441|dataStream:localhost:41833|priority:0|startupRole:FOLLOWER]|listeners:[], old=null RUNNING
2023-02-23 08:44:16,000 [pool-6-thread-4] INFO  ratis.RaftTestUtil (RaftTestUtil.java:waitForLeader(119)) - printing ALL groups
  s0:  RUNNING  FOLLOWER s0@group-D5CC796A79A9:t1, leader=s1, voted=s1, raftlog=Memoized:s0@group-D5CC796A79A9-SegmentedRaftLog:OPENED:c0, conf=0: peers:[s0|rpc:localhost:44609|admin:localhost:43339|client:localhost:35167|dataStream:localhost:45017|priority:0|startupRole:FOLLOWER, s1|rpc:localhost:46005|admin:localhost:39871|client:localhost:43155|dataStream:localhost:44881|priority:0|startupRole:FOLLOWER, s2|rpc:localhost:40131|admin:localhost:41173|client:localhost:45441|dataStream:localhost:41833|priority:0|startupRole:FOLLOWER]|listeners:[], old=null RUNNING
  s1:  RUNNING    LEADER s1@group-D5CC796A79A9:t1, leader=s1, voted=s1, raftlog=Memoized:s1@group-D5CC796A79A9-SegmentedRaftLog:OPENED:c0, conf=0: peers:[s0|rpc:localhost:44609|admin:localhost:43339|client:localhost:35167|dataStream:localhost:45017|priority:0|startupRole:FOLLOWER, s1|rpc:localhost:46005|admin:localhost:39871|client:localhost:43155|dataStream:localhost:44881|priority:0|startupRole:FOLLOWER, s2|rpc:localhost:40131|admin:localhost:41173|client:localhost:45441|dataStream:localhost:41833|priority:0|startupRole:FOLLOWER]|listeners:[], old=null RUNNING
  s2:  RUNNING  FOLLOWER s2@group-D5CC796A79A9:t1, leader=s1, voted=s1, raftlog=Memoized:s2@group-D5CC796A79A9-SegmentedRaftLog:OPENED:c0, conf=0: peers:[s0|rpc:localhost:44609|admin:localhost:43339|client:localhost:35167|dataStream:localhost:45017|priority:0|startupRole:FOLLOWER, s1|rpc:localhost:46005|admin:localhost:39871|client:localhost:43155|dataStream:localhost:44881|priority:0|startupRole:FOLLOWER, s2|rpc:localhost:40131|admin:localhost:41173|client:localhost:45441|dataStream:localhost:41833|priority:0|startupRole:FOLLOWER]|listeners:[], old=null RUNNING
2023-02-23 08:44:16,002 [pool-6-thread-5] INFO  client.DataStreamClient (ConfUtils.java:logGet(46)) - raft.datastream.type = NETTY (custom)
2023-02-23 08:44:16,006 [pool-6-thread-5] INFO  netty.NettyConfigKeys$DataStream (ConfUtils.java:logGet(46)) - raft.netty.dataStream.client.tls.conf = null (default)
2023-02-23 08:44:16,006 [pool-6-thread-5] INFO  netty.NettyConfigKeys$DataStream (ConfUtils.java:logGet(46)) - raft.netty.dataStream.client.reply.queue.grace-period = 1s (default)
2023-02-23 08:44:16,006 [pool-6-thread-5] INFO  netty.NettyConfigKeys$DataStream (ConfUtils.java:logGet(46)) - raft.netty.dataStream.client.worker-group.share = false (default)
2023-02-23 08:44:16,006 [pool-6-thread-5] INFO  netty.NettyConfigKeys$DataStream (ConfUtils.java:logGet(46)) - raft.netty.dataStream.client.worker-group.size = 4 (default)
2023-02-23 08:44:16,000 [pool-6-thread-7] INFO  ratis.RaftTestUtil (RaftTestUtil.java:waitForLeader(119)) - printing ALL groups
  s0:  RUNNING  FOLLOWER s0@group-D5CC796A79A9:t1, leader=s1, voted=s1, raftlog=Memoized:s0@group-D5CC796A79A9-SegmentedRaftLog:OPENED:c0, conf=0: peers:[s0|rpc:localhost:44609|admin:localhost:43339|client:localhost:35167|dataStream:localhost:45017|priority:0|startupRole:FOLLOWER, s1|rpc:localhost:46005|admin:localhost:39871|client:localhost:43155|dataStream:localhost:44881|priority:0|startupRole:FOLLOWER, s2|rpc:localhost:40131|admin:localhost:41173|client:localhost:45441|dataStream:localhost:41833|priority:0|startupRole:FOLLOWER]|listeners:[], old=null RUNNING
  s1:  RUNNING    LEADER s1@group-D5CC796A79A9:t1, leader=s1, voted=s1, raftlog=Memoized:s1@group-D5CC796A79A9-SegmentedRaftLog:OPENED:c0, conf=0: peers:[s0|rpc:localhost:44609|admin:localhost:43339|client:localhost:35167|dataStream:localhost:45017|priority:0|startupRole:FOLLOWER, s1|rpc:localhost:46005|admin:localhost:39871|client:localhost:43155|dataStream:localhost:44881|priority:0|startupRole:FOLLOWER, s2|rpc:localhost:40131|admin:localhost:41173|client:localhost:45441|dataStream:localhost:41833|priority:0|startupRole:FOLLOWER]|listeners:[], old=null RUNNING
  s2:  RUNNING  FOLLOWER s2@group-D5CC796A79A9:t1, leader=s1, voted=s1, raftlog=Memoized:s2@group-D5CC796A79A9-SegmentedRaftLog:OPENED:c0, conf=0: peers:[s0|rpc:localhost:44609|admin:localhost:43339|client:localhost:35167|dataStream:localhost:45017|priority:0|startupRole:FOLLOWER, s1|rpc:localhost:46005|admin:localhost:39871|client:localhost:43155|dataStream:localhost:44881|priority:0|startupRole:FOLLOWER, s2|rpc:localhost:40131|admin:localhost:41173|client:localhost:45441|dataStream:localhost:41833|priority:0|startupRole:FOLLOWER]|listeners:[], old=null RUNNING
2023-02-23 08:44:16,002 [pool-6-thread-4] INFO  client.DataStreamClient (ConfUtils.java:logGet(46)) - raft.datastream.type = NETTY (custom)
2023-02-23 08:44:16,001 [pool-6-thread-9] INFO  ratis.RaftTestUtil (RaftTestUtil.java:waitForLeader(100)) - printing ALL groups
  s0:  RUNNING  FOLLOWER s0@group-D5CC796A79A9:t1, leader=s1, voted=s1, raftlog=Memoized:s0@group-D5CC796A79A9-SegmentedRaftLog:OPENED:c0, conf=0: peers:[s0|rpc:localhost:44609|admin:localhost:43339|client:localhost:35167|dataStream:localhost:45017|priority:0|startupRole:FOLLOWER, s1|rpc:localhost:46005|admin:localhost:39871|client:localhost:43155|dataStream:localhost:44881|priority:0|startupRole:FOLLOWER, s2|rpc:localhost:40131|admin:localhost:41173|client:localhost:45441|dataStream:localhost:41833|priority:0|startupRole:FOLLOWER]|listeners:[], old=null RUNNING
  s1:  RUNNING    LEADER s1@group-D5CC796A79A9:t1, leader=s1, voted=s1, raftlog=Memoized:s1@group-D5CC796A79A9-SegmentedRaftLog:OPENED:c0, conf=0: peers:[s0|rpc:localhost:44609|admin:localhost:43339|client:localhost:35167|dataStream:localhost:45017|priority:0|startupRole:FOLLOWER, s1|rpc:localhost:46005|admin:localhost:39871|client:localhost:43155|dataStream:localhost:44881|priority:0|startupRole:FOLLOWER, s2|rpc:localhost:40131|admin:localhost:41173|client:localhost:45441|dataStream:localhost:41833|priority:0|startupRole:FOLLOWER]|listeners:[], old=null RUNNING
  s2:  RUNNING  FOLLOWER s2@group-D5CC796A79A9:t1, leader=s1, voted=s1, raftlog=Memoized:s2@group-D5CC796A79A9-SegmentedRaftLog:OPENED:c0, conf=0: peers:[s0|rpc:localhost:44609|admin:localhost:43339|client:localhost:35167|dataStream:localhost:45017|priority:0|startupRole:FOLLOWER, s1|rpc:localhost:46005|admin:localhost:39871|client:localhost:43155|dataStream:localhost:44881|priority:0|startupRole:FOLLOWER, s2|rpc:localhost:40131|admin:localhost:41173|client:localhost:45441|dataStream:localhost:41833|priority:0|startupRole:FOLLOWER]|listeners:[], old=null RUNNING
2023-02-23 08:44:16,007 [pool-6-thread-9] INFO  ratis.RaftTestUtil (RaftTestUtil.java:waitForLeader(119)) - printing ALL groups
  s0:  RUNNING  FOLLOWER s0@group-D5CC796A79A9:t1, leader=s1, voted=s1, raftlog=Memoized:s0@group-D5CC796A79A9-SegmentedRaftLog:OPENED:c0, conf=0: peers:[s0|rpc:localhost:44609|admin:localhost:43339|client:localhost:35167|dataStream:localhost:45017|priority:0|startupRole:FOLLOWER, s1|rpc:localhost:46005|admin:localhost:39871|client:localhost:43155|dataStream:localhost:44881|priority:0|startupRole:FOLLOWER, s2|rpc:localhost:40131|admin:localhost:41173|client:localhost:45441|dataStream:localhost:41833|priority:0|startupRole:FOLLOWER]|listeners:[], old=null RUNNING
  s1:  RUNNING    LEADER s1@group-D5CC796A79A9:t1, leader=s1, voted=s1, raftlog=Memoized:s1@group-D5CC796A79A9-SegmentedRaftLog:OPENED:c0, conf=0: peers:[s0|rpc:localhost:44609|admin:localhost:43339|client:localhost:35167|dataStream:localhost:45017|priority:0|startupRole:FOLLOWER, s1|rpc:localhost:46005|admin:localhost:39871|client:localhost:43155|dataStream:localhost:44881|priority:0|startupRole:FOLLOWER, s2|rpc:localhost:40131|admin:localhost:41173|client:localhost:45441|dataStream:localhost:41833|priority:0|startupRole:FOLLOWER]|listeners:[], old=null RUNNING
  s2:  RUNNING  FOLLOWER s2@group-D5CC796A79A9:t1, leader=s1, voted=s1, raftlog=Memoized:s2@group-D5CC796A79A9-SegmentedRaftLog:OPENED:c0, conf=0: peers:[s0|rpc:localhost:44609|admin:localhost:43339|client:localhost:35167|dataStream:localhost:45017|priority:0|startupRole:FOLLOWER, s1|rpc:localhost:46005|admin:localhost:39871|client:localhost:43155|dataStream:localhost:44881|priority:0|startupRole:FOLLOWER, s2|rpc:localhost:40131|admin:localhost:41173|client:localhost:45441|dataStream:localhost:41833|priority:0|startupRole:FOLLOWER]|listeners:[], old=null RUNNING
2023-02-23 08:44:16,008 [pool-6-thread-9] INFO  client.DataStreamClient (ConfUtils.java:logGet(46)) - raft.datastream.type = NETTY (custom)
2023-02-23 08:44:16,008 [pool-6-thread-9] INFO  netty.NettyConfigKeys$DataStream (ConfUtils.java:logGet(46)) - raft.netty.dataStream.client.tls.conf = null (default)
2023-02-23 08:44:16,008 [pool-6-thread-9] INFO  netty.NettyConfigKeys$DataStream (ConfUtils.java:logGet(46)) - raft.netty.dataStream.client.reply.queue.grace-period = 1s (default)
2023-02-23 08:44:16,008 [pool-6-thread-7] INFO  client.DataStreamClient (ConfUtils.java:logGet(46)) - raft.datastream.type = NETTY (custom)
2023-02-23 08:44:16,008 [pool-6-thread-9] INFO  netty.NettyConfigKeys$DataStream (ConfUtils.java:logGet(46)) - raft.netty.dataStream.client.worker-group.share = false (default)
2023-02-23 08:44:16,008 [pool-6-thread-9] INFO  netty.NettyConfigKeys$DataStream (ConfUtils.java:logGet(46)) - raft.netty.dataStream.client.worker-group.size = 4 (default)
2023-02-23 08:44:16,001 [pool-6-thread-8] INFO  ratis.RaftTestUtil (RaftTestUtil.java:waitForLeader(119)) - printing ALL groups
  s0:  RUNNING  FOLLOWER s0@group-D5CC796A79A9:t1, leader=s1, voted=s1, raftlog=Memoized:s0@group-D5CC796A79A9-SegmentedRaftLog:OPENED:c0, conf=0: peers:[s0|rpc:localhost:44609|admin:localhost:43339|client:localhost:35167|dataStream:localhost:45017|priority:0|startupRole:FOLLOWER, s1|rpc:localhost:46005|admin:localhost:39871|client:localhost:43155|dataStream:localhost:44881|priority:0|startupRole:FOLLOWER, s2|rpc:localhost:40131|admin:localhost:41173|client:localhost:45441|dataStream:localhost:41833|priority:0|startupRole:FOLLOWER]|listeners:[], old=null RUNNING
  s1:  RUNNING    LEADER s1@group-D5CC796A79A9:t1, leader=s1, voted=s1, raftlog=Memoized:s1@group-D5CC796A79A9-SegmentedRaftLog:OPENED:c0, conf=0: peers:[s0|rpc:localhost:44609|admin:localhost:43339|client:localhost:35167|dataStream:localhost:45017|priority:0|startupRole:FOLLOWER, s1|rpc:localhost:46005|admin:localhost:39871|client:localhost:43155|dataStream:localhost:44881|priority:0|startupRole:FOLLOWER, s2|rpc:localhost:40131|admin:localhost:41173|client:localhost:45441|dataStream:localhost:41833|priority:0|startupRole:FOLLOWER]|listeners:[], old=null RUNNING
  s2:  RUNNING  FOLLOWER s2@group-D5CC796A79A9:t1, leader=s1, voted=s1, raftlog=Memoized:s2@group-D5CC796A79A9-SegmentedRaftLog:OPENED:c0, conf=0: peers:[s0|rpc:localhost:44609|admin:localhost:43339|client:localhost:35167|dataStream:localhost:45017|priority:0|startupRole:FOLLOWER, s1|rpc:localhost:46005|admin:localhost:39871|client:localhost:43155|dataStream:localhost:44881|priority:0|startupRole:FOLLOWER, s2|rpc:localhost:40131|admin:localhost:41173|client:localhost:45441|dataStream:localhost:41833|priority:0|startupRole:FOLLOWER]|listeners:[], old=null RUNNING
2023-02-23 08:44:16,008 [pool-6-thread-8] INFO  client.DataStreamClient (ConfUtils.java:logGet(46)) - raft.datastream.type = NETTY (custom)
2023-02-23 08:44:16,008 [pool-6-thread-8] INFO  netty.NettyConfigKeys$DataStream (ConfUtils.java:logGet(46)) - raft.netty.dataStream.client.tls.conf = null (default)
2023-02-23 08:44:16,008 [pool-6-thread-8] INFO  netty.NettyConfigKeys$DataStream (ConfUtils.java:logGet(46)) - raft.netty.dataStream.client.reply.queue.grace-period = 1s (default)
2023-02-23 08:44:16,008 [pool-6-thread-10] INFO  datastream.DataStreamTestUtils (DataStreamTestUtils.java:writeAndCloseAndAssertReplies(311)) - start Stream377
2023-02-23 08:44:16,009 [pool-6-thread-8] INFO  netty.NettyConfigKeys$DataStream (ConfUtils.java:logGet(46)) - raft.netty.dataStream.client.worker-group.share = false (default)
2023-02-23 08:44:16,009 [pool-6-thread-8] INFO  netty.NettyConfigKeys$DataStream (ConfUtils.java:logGet(46)) - raft.netty.dataStream.client.worker-group.size = 4 (default)
2023-02-23 08:44:16,001 [s0-NettyServerStreamRpc-bossGroup--thread1] INFO  logging.LoggingHandler (AbstractInternalLogger.java:log(148)) - [id: 0xd3bce935, L:/0.0.0.0:45017] READ: [id: 0x6e096c00, L:/127.0.0.1:45017 - R:/127.0.0.1:36180]
2023-02-23 08:44:16,000 [pool-6-thread-6] INFO  client.DataStreamClient (ConfUtils.java:logGet(46)) - raft.datastream.type = NETTY (custom)
2023-02-23 08:44:16,009 [pool-6-thread-6] INFO  netty.NettyConfigKeys$DataStream (ConfUtils.java:logGet(46)) - raft.netty.dataStream.client.tls.conf = null (default)
2023-02-23 08:44:16,009 [pool-6-thread-6] INFO  netty.NettyConfigKeys$DataStream (ConfUtils.java:logGet(46)) - raft.netty.dataStream.client.reply.queue.grace-period = 1s (default)
2023-02-23 08:44:16,009 [pool-6-thread-6] INFO  netty.NettyConfigKeys$DataStream (ConfUtils.java:logGet(46)) - raft.netty.dataStream.client.worker-group.share = false (default)
2023-02-23 08:44:16,009 [pool-6-thread-6] INFO  netty.NettyConfigKeys$DataStream (ConfUtils.java:logGet(46)) - raft.netty.dataStream.client.worker-group.size = 4 (default)
2023-02-23 08:44:16,008 [pool-6-thread-7] INFO  netty.NettyConfigKeys$DataStream (ConfUtils.java:logGet(46)) - raft.netty.dataStream.client.tls.conf = null (default)
2023-02-23 08:44:16,007 [pool-6-thread-4] INFO  netty.NettyConfigKeys$DataStream (ConfUtils.java:logGet(46)) - raft.netty.dataStream.client.tls.conf = null (default)
2023-02-23 08:44:16,010 [pool-6-thread-7] INFO  netty.NettyConfigKeys$DataStream (ConfUtils.java:logGet(46)) - raft.netty.dataStream.client.reply.queue.grace-period = 1s (default)
2023-02-23 08:44:16,010 [pool-6-thread-4] INFO  netty.NettyConfigKeys$DataStream (ConfUtils.java:logGet(46)) - raft.netty.dataStream.client.reply.queue.grace-period = 1s (default)
2023-02-23 08:44:16,010 [pool-6-thread-7] INFO  netty.NettyConfigKeys$DataStream (ConfUtils.java:logGet(46)) - raft.netty.dataStream.client.worker-group.share = false (default)
2023-02-23 08:44:16,010 [pool-6-thread-7] INFO  netty.NettyConfigKeys$DataStream (ConfUtils.java:logGet(46)) - raft.netty.dataStream.client.worker-group.size = 4 (default)
2023-02-23 08:44:16,010 [pool-6-thread-4] INFO  netty.NettyConfigKeys$DataStream (ConfUtils.java:logGet(46)) - raft.netty.dataStream.client.worker-group.share = false (default)
2023-02-23 08:44:16,010 [pool-6-thread-4] INFO  netty.NettyConfigKeys$DataStream (ConfUtils.java:logGet(46)) - raft.netty.dataStream.client.worker-group.size = 4 (default)
2023-02-23 08:44:16,012 [pool-6-thread-11] INFO  datastream.DataStreamTestUtils (DataStreamTestUtils.java:writeAndCloseAndAssertReplies(311)) - start Stream378
2023-02-23 08:44:16,017 [pool-6-thread-12] INFO  datastream.DataStreamTestUtils (DataStreamTestUtils.java:writeAndCloseAndAssertReplies(311)) - start Stream379
2023-02-23 08:44:16,020 [pool-6-thread-13] INFO  datastream.DataStreamTestUtils (DataStreamTestUtils.java:writeAndCloseAndAssertReplies(311)) - start Stream380
2023-02-23 08:44:16,023 [pool-6-thread-14] INFO  datastream.DataStreamTestUtils (DataStreamTestUtils.java:writeAndCloseAndAssertReplies(311)) - start Stream381
2023-02-23 08:44:16,038 [pool-6-thread-15] INFO  datastream.DataStreamTestUtils (DataStreamTestUtils.java:writeAndCloseAndAssertReplies(311)) - start Stream382
2023-02-23 08:44:16,046 [pool-6-thread-16] INFO  datastream.DataStreamTestUtils (DataStreamTestUtils.java:writeAndCloseAndAssertReplies(311)) - start Stream383
2023-02-23 08:44:16,076 [s0-NettyServerStreamRpc-bossGroup--thread1] INFO  logging.LoggingHandler (AbstractInternalLogger.java:log(148)) - [id: 0xd3bce935, L:/0.0.0.0:45017] READ COMPLETE
2023-02-23 08:44:16,077 [s0-NettyServerStreamRpc-bossGroup--thread1] INFO  logging.LoggingHandler (AbstractInternalLogger.java:log(148)) - [id: 0xd3bce935, L:/0.0.0.0:45017] READ: [id: 0xdc6bc6b9, L:/127.0.0.1:45017 - R:/127.0.0.1:36194]
2023-02-23 08:44:16,088 [s2-NettyServerStreamRpc-bossGroup--thread1] INFO  logging.LoggingHandler (AbstractInternalLogger.java:log(148)) - [id: 0xbcb72dc6, L:0.0.0.0/0.0.0.0:41833] READ: [id: 0x08fb6fb2, L:/127.0.0.1:41833 - R:/127.0.0.1:52154]
2023-02-23 08:44:16,091 [s0-NettyServerStreamRpc-workerGroup--thread1] INFO  client.DataStreamClient (ConfUtils.java:logGet(46)) - raft.datastream.type = NETTY (custom)
2023-02-23 08:44:16,092 [s0-NettyServerStreamRpc-workerGroup--thread1] INFO  netty.NettyConfigKeys$DataStream (ConfUtils.java:logGet(46)) - raft.netty.dataStream.client.tls.conf = null (default)
2023-02-23 08:44:16,092 [s0-NettyServerStreamRpc-workerGroup--thread1] INFO  netty.NettyConfigKeys$DataStream (ConfUtils.java:logGet(46)) - raft.netty.dataStream.client.reply.queue.grace-period = 1s (default)
2023-02-23 08:44:16,092 [s0-NettyServerStreamRpc-workerGroup--thread1] INFO  netty.NettyConfigKeys$DataStream (ConfUtils.java:logGet(46)) - raft.netty.dataStream.client.worker-group.share = false (default)
2023-02-23 08:44:16,092 [s0-NettyServerStreamRpc-workerGroup--thread1] INFO  netty.NettyConfigKeys$DataStream (ConfUtils.java:logGet(46)) - raft.netty.dataStream.client.worker-group.size = 4 (default)
2023-02-23 08:44:16,092 [s0-NettyServerStreamRpc-bossGroup--thread1] INFO  logging.LoggingHandler (AbstractInternalLogger.java:log(148)) - [id: 0xd3bce935, L:/0.0.0.0:45017] READ COMPLETE
2023-02-23 08:44:16,096 [s0-NettyServerStreamRpc-bossGroup--thread1] INFO  logging.LoggingHandler (AbstractInternalLogger.java:log(148)) - [id: 0xd3bce935, L:/0.0.0.0:45017] READ: [id: 0xf2a8190b, L:/127.0.0.1:45017 - R:/127.0.0.1:36208]
2023-02-23 08:44:16,117 [s0-NettyServerStreamRpc-workerGroup--thread2] INFO  client.DataStreamClient (ConfUtils.java:logGet(46)) - raft.datastream.type = NETTY (custom)
2023-02-23 08:44:16,117 [s0-NettyServerStreamRpc-workerGroup--thread2] INFO  netty.NettyConfigKeys$DataStream (ConfUtils.java:logGet(46)) - raft.netty.dataStream.client.tls.conf = null (default)
2023-02-23 08:44:16,117 [s0-NettyServerStreamRpc-workerGroup--thread2] INFO  netty.NettyConfigKeys$DataStream (ConfUtils.java:logGet(46)) - raft.netty.dataStream.client.reply.queue.grace-period = 1s (default)
2023-02-23 08:44:16,117 [s0-NettyServerStreamRpc-workerGroup--thread2] INFO  netty.NettyConfigKeys$DataStream (ConfUtils.java:logGet(46)) - raft.netty.dataStream.client.worker-group.share = false (default)
2023-02-23 08:44:16,117 [s0-NettyServerStreamRpc-workerGroup--thread2] INFO  netty.NettyConfigKeys$DataStream (ConfUtils.java:logGet(46)) - raft.netty.dataStream.client.worker-group.size = 4 (default)
2023-02-23 08:44:16,134 [s1-NettyServerStreamRpc-bossGroup--thread1] INFO  logging.LoggingHandler (AbstractInternalLogger.java:log(148)) - [id: 0x94ce7168, L:/0.0.0.0:44881] READ: [id: 0x2d4ecabd, L:/127.0.0.1:44881 - R:/127.0.0.1:40298]
2023-02-23 08:44:16,134 [s0-NettyServerStreamRpc-workerGroup--thread2] INFO  client.DataStreamClient (ConfUtils.java:logGet(46)) - raft.datastream.type = NETTY (custom)
2023-02-23 08:44:16,134 [s0-NettyServerStreamRpc-workerGroup--thread2] INFO  netty.NettyConfigKeys$DataStream (ConfUtils.java:logGet(46)) - raft.netty.dataStream.client.tls.conf = null (default)
2023-02-23 08:44:16,134 [s0-NettyServerStreamRpc-workerGroup--thread2] INFO  netty.NettyConfigKeys$DataStream (ConfUtils.java:logGet(46)) - raft.netty.dataStream.client.reply.queue.grace-period = 1s (default)
2023-02-23 08:44:16,135 [s0-NettyServerStreamRpc-workerGroup--thread2] INFO  netty.NettyConfigKeys$DataStream (ConfUtils.java:logGet(46)) - raft.netty.dataStream.client.worker-group.share = false (default)
2023-02-23 08:44:16,135 [s0-NettyServerStreamRpc-workerGroup--thread2] INFO  netty.NettyConfigKeys$DataStream (ConfUtils.java:logGet(46)) - raft.netty.dataStream.client.worker-group.size = 4 (default)
2023-02-23 08:44:16,140 [s0-NettyServerStreamRpc-bossGroup--thread1] INFO  logging.LoggingHandler (AbstractInternalLogger.java:log(148)) - [id: 0xd3bce935, L:/0.0.0.0:45017] READ COMPLETE
2023-02-23 08:44:16,140 [s0-NettyServerStreamRpc-bossGroup--thread1] INFO  logging.LoggingHandler (AbstractInternalLogger.java:log(148)) - [id: 0xd3bce935, L:/0.0.0.0:45017] READ: [id: 0x0ef856a5, L:/127.0.0.1:45017 - R:/127.0.0.1:36218]
2023-02-23 08:44:16,145 [s0-NettyServerStreamRpc-workerGroup--thread3] INFO  client.DataStreamClient (ConfUtils.java:logGet(46)) - raft.datastream.type = NETTY (custom)
2023-02-23 08:44:16,145 [s0-NettyServerStreamRpc-workerGroup--thread3] INFO  netty.NettyConfigKeys$DataStream (ConfUtils.java:logGet(46)) - raft.netty.dataStream.client.tls.conf = null (default)
2023-02-23 08:44:16,145 [s0-NettyServerStreamRpc-workerGroup--thread3] INFO  netty.NettyConfigKeys$DataStream (ConfUtils.java:logGet(46)) - raft.netty.dataStream.client.reply.queue.grace-period = 1s (default)
2023-02-23 08:44:16,145 [s0-NettyServerStreamRpc-workerGroup--thread3] INFO  netty.NettyConfigKeys$DataStream (ConfUtils.java:logGet(46)) - raft.netty.dataStream.client.worker-group.share = false (default)
2023-02-23 08:44:16,145 [s0-NettyServerStreamRpc-workerGroup--thread3] INFO  netty.NettyConfigKeys$DataStream (ConfUtils.java:logGet(46)) - raft.netty.dataStream.client.worker-group.size = 4 (default)
2023-02-23 08:44:16,146 [s0-NettyServerStreamRpc-bossGroup--thread1] INFO  logging.LoggingHandler (AbstractInternalLogger.java:log(148)) - [id: 0xd3bce935, L:/0.0.0.0:45017] READ COMPLETE
2023-02-23 08:44:16,147 [s2-NettyServerStreamRpc-bossGroup--thread1] INFO  logging.LoggingHandler (AbstractInternalLogger.java:log(148)) - [id: 0xbcb72dc6, L:0.0.0.0/0.0.0.0:41833] READ COMPLETE
2023-02-23 08:44:16,147 [s2-NettyServerStreamRpc-bossGroup--thread1] INFO  logging.LoggingHandler (AbstractInternalLogger.java:log(148)) - [id: 0xbcb72dc6, L:0.0.0.0/0.0.0.0:41833] READ: [id: 0xca59e394, L:/127.0.0.1:41833 - R:/127.0.0.1:52166]
2023-02-23 08:44:16,147 [s2-NettyServerStreamRpc-workerGroup--thread1] INFO  client.DataStreamClient (ConfUtils.java:logGet(46)) - raft.datastream.type = NETTY (custom)
2023-02-23 08:44:16,148 [s2-NettyServerStreamRpc-workerGroup--thread1] INFO  netty.NettyConfigKeys$DataStream (ConfUtils.java:logGet(46)) - raft.netty.dataStream.client.tls.conf = null (default)
2023-02-23 08:44:16,148 [s2-NettyServerStreamRpc-workerGroup--thread1] INFO  netty.NettyConfigKeys$DataStream (ConfUtils.java:logGet(46)) - raft.netty.dataStream.client.reply.queue.grace-period = 1s (default)
2023-02-23 08:44:16,148 [s2-NettyServerStreamRpc-workerGroup--thread1] INFO  netty.NettyConfigKeys$DataStream (ConfUtils.java:logGet(46)) - raft.netty.dataStream.client.worker-group.share = false (default)
2023-02-23 08:44:16,148 [s2-NettyServerStreamRpc-workerGroup--thread1] INFO  netty.NettyConfigKeys$DataStream (ConfUtils.java:logGet(46)) - raft.netty.dataStream.client.worker-group.size = 4 (default)
2023-02-23 08:44:16,148 [s0-NettyServerStreamRpc-workerGroup--thread1] INFO  client.DataStreamClient (ConfUtils.java:logGet(46)) - raft.datastream.type = NETTY (custom)
2023-02-23 08:44:16,148 [s0-NettyServerStreamRpc-workerGroup--thread1] INFO  netty.NettyConfigKeys$DataStream (ConfUtils.java:logGet(46)) - raft.netty.dataStream.client.tls.conf = null (default)
2023-02-23 08:44:16,148 [s0-NettyServerStreamRpc-workerGroup--thread1] INFO  netty.NettyConfigKeys$DataStream (ConfUtils.java:logGet(46)) - raft.netty.dataStream.client.reply.queue.grace-period = 1s (default)
2023-02-23 08:44:16,149 [s0-NettyServerStreamRpc-workerGroup--thread1] INFO  netty.NettyConfigKeys$DataStream (ConfUtils.java:logGet(46)) - raft.netty.dataStream.client.worker-group.share = false (default)
2023-02-23 08:44:16,149 [s0-NettyServerStreamRpc-workerGroup--thread1] INFO  netty.NettyConfigKeys$DataStream (ConfUtils.java:logGet(46)) - raft.netty.dataStream.client.worker-group.size = 4 (default)
2023-02-23 08:44:16,151 [s2-NettyServerStreamRpc-bossGroup--thread1] INFO  logging.LoggingHandler (AbstractInternalLogger.java:log(148)) - [id: 0xbcb72dc6, L:0.0.0.0/0.0.0.0:41833] READ: [id: 0x125c5f08, L:/127.0.0.1:41833 - R:/127.0.0.1:52168]
2023-02-23 08:44:16,151 [s2-NettyServerStreamRpc-workerGroup--thread2] INFO  client.DataStreamClient (ConfUtils.java:logGet(46)) - raft.datastream.type = NETTY (custom)
2023-02-23 08:44:16,152 [s2-NettyServerStreamRpc-workerGroup--thread2] INFO  netty.NettyConfigKeys$DataStream (ConfUtils.java:logGet(46)) - raft.netty.dataStream.client.tls.conf = null (default)
2023-02-23 08:44:16,152 [s2-NettyServerStreamRpc-workerGroup--thread2] INFO  netty.NettyConfigKeys$DataStream (ConfUtils.java:logGet(46)) - raft.netty.dataStream.client.reply.queue.grace-period = 1s (default)
2023-02-23 08:44:16,152 [s2-NettyServerStreamRpc-workerGroup--thread2] INFO  netty.NettyConfigKeys$DataStream (ConfUtils.java:logGet(46)) - raft.netty.dataStream.client.worker-group.share = false (default)
2023-02-23 08:44:16,152 [s2-NettyServerStreamRpc-workerGroup--thread2] INFO  netty.NettyConfigKeys$DataStream (ConfUtils.java:logGet(46)) - raft.netty.dataStream.client.worker-group.size = 4 (default)
2023-02-23 08:44:16,152 [s2-NettyServerStreamRpc-bossGroup--thread1] INFO  logging.LoggingHandler (AbstractInternalLogger.java:log(148)) - [id: 0xbcb72dc6, L:0.0.0.0/0.0.0.0:41833] READ COMPLETE
2023-02-23 08:44:16,153 [s2-NettyServerStreamRpc-workerGroup--thread3] INFO  client.DataStreamClient (ConfUtils.java:logGet(46)) - raft.datastream.type = NETTY (custom)
2023-02-23 08:44:16,153 [s2-NettyServerStreamRpc-workerGroup--thread3] INFO  netty.NettyConfigKeys$DataStream (ConfUtils.java:logGet(46)) - raft.netty.dataStream.client.tls.conf = null (default)
2023-02-23 08:44:16,153 [s2-NettyServerStreamRpc-workerGroup--thread3] INFO  netty.NettyConfigKeys$DataStream (ConfUtils.java:logGet(46)) - raft.netty.dataStream.client.reply.queue.grace-period = 1s (default)
2023-02-23 08:44:16,153 [s2-NettyServerStreamRpc-workerGroup--thread3] INFO  netty.NettyConfigKeys$DataStream (ConfUtils.java:logGet(46)) - raft.netty.dataStream.client.worker-group.share = false (default)
2023-02-23 08:44:16,153 [s2-NettyServerStreamRpc-workerGroup--thread3] INFO  netty.NettyConfigKeys$DataStream (ConfUtils.java:logGet(46)) - raft.netty.dataStream.client.worker-group.size = 4 (default)
2023-02-23 08:44:16,157 [s0-NettyServerStreamRpc-workerGroup--thread3] INFO  client.DataStreamClient (ConfUtils.java:logGet(46)) - raft.datastream.type = NETTY (custom)
2023-02-23 08:44:16,157 [s0-NettyServerStreamRpc-workerGroup--thread3] INFO  netty.NettyConfigKeys$DataStream (ConfUtils.java:logGet(46)) - raft.netty.dataStream.client.tls.conf = null (default)
2023-02-23 08:44:16,157 [s0-NettyServerStreamRpc-workerGroup--thread3] INFO  netty.NettyConfigKeys$DataStream (ConfUtils.java:logGet(46)) - raft.netty.dataStream.client.reply.queue.grace-period = 1s (default)
2023-02-23 08:44:16,158 [s0-NettyServerStreamRpc-workerGroup--thread3] INFO  netty.NettyConfigKeys$DataStream (ConfUtils.java:logGet(46)) - raft.netty.dataStream.client.worker-group.share = false (default)
2023-02-23 08:44:16,158 [s0-NettyServerStreamRpc-workerGroup--thread3] INFO  netty.NettyConfigKeys$DataStream (ConfUtils.java:logGet(46)) - raft.netty.dataStream.client.worker-group.size = 4 (default)
2023-02-23 08:44:16,159 [s2-NettyServerStreamRpc-bossGroup--thread1] INFO  logging.LoggingHandler (AbstractInternalLogger.java:log(148)) - [id: 0xbcb72dc6, L:0.0.0.0/0.0.0.0:41833] READ: [id: 0x170116f7, L:/127.0.0.1:41833 - R:/127.0.0.1:52172]
2023-02-23 08:44:16,159 [s1-NettyServerStreamRpc-bossGroup--thread1] INFO  logging.LoggingHandler (AbstractInternalLogger.java:log(148)) - [id: 0x94ce7168, L:/0.0.0.0:44881] READ COMPLETE
2023-02-23 08:44:16,159 [s1-NettyServerStreamRpc-bossGroup--thread1] INFO  logging.LoggingHandler (AbstractInternalLogger.java:log(148)) - [id: 0x94ce7168, L:/0.0.0.0:44881] READ: [id: 0xd0d7e15b, L:/127.0.0.1:44881 - R:/127.0.0.1:40302]
2023-02-23 08:44:16,160 [s1-NettyServerStreamRpc-bossGroup--thread1] INFO  logging.LoggingHandler (AbstractInternalLogger.java:log(148)) - [id: 0x94ce7168, L:/0.0.0.0:44881] READ: [id: 0xdc5c216b, L:/127.0.0.1:44881 - R:/127.0.0.1:40314]
2023-02-23 08:44:16,162 [s1-NettyServerStreamRpc-bossGroup--thread1] INFO  logging.LoggingHandler (AbstractInternalLogger.java:log(148)) - [id: 0x94ce7168, L:/0.0.0.0:44881] READ COMPLETE
2023-02-23 08:44:16,163 [s0-NettyServerStreamRpc-workerGroup--thread2] INFO  client.DataStreamClient (ConfUtils.java:logGet(46)) - raft.datastream.type = NETTY (custom)
2023-02-23 08:44:16,163 [s0-NettyServerStreamRpc-workerGroup--thread2] INFO  netty.NettyConfigKeys$DataStream (ConfUtils.java:logGet(46)) - raft.netty.dataStream.client.tls.conf = null (default)
2023-02-23 08:44:16,163 [s0-NettyServerStreamRpc-workerGroup--thread2] INFO  netty.NettyConfigKeys$DataStream (ConfUtils.java:logGet(46)) - raft.netty.dataStream.client.reply.queue.grace-period = 1s (default)
2023-02-23 08:44:16,163 [s0-NettyServerStreamRpc-workerGroup--thread2] INFO  netty.NettyConfigKeys$DataStream (ConfUtils.java:logGet(46)) - raft.netty.dataStream.client.worker-group.share = false (default)
2023-02-23 08:44:16,163 [s0-NettyServerStreamRpc-workerGroup--thread2] INFO  netty.NettyConfigKeys$DataStream (ConfUtils.java:logGet(46)) - raft.netty.dataStream.client.worker-group.size = 4 (default)
2023-02-23 08:44:16,166 [s1-NettyServerStreamRpc-bossGroup--thread1] INFO  logging.LoggingHandler (AbstractInternalLogger.java:log(148)) - [id: 0x94ce7168, L:/0.0.0.0:44881] READ: [id: 0xc9ab1129, L:/127.0.0.1:44881 - R:/127.0.0.1:40328]
2023-02-23 08:44:16,166 [s0-NettyServerStreamRpc-workerGroup--thread2] INFO  client.DataStreamClient (ConfUtils.java:logGet(46)) - raft.datastream.type = NETTY (custom)
2023-02-23 08:44:16,166 [s0-NettyServerStreamRpc-workerGroup--thread2] INFO  netty.NettyConfigKeys$DataStream (ConfUtils.java:logGet(46)) - raft.netty.dataStream.client.tls.conf = null (default)
2023-02-23 08:44:16,166 [s0-NettyServerStreamRpc-workerGroup--thread2] INFO  netty.NettyConfigKeys$DataStream (ConfUtils.java:logGet(46)) - raft.netty.dataStream.client.reply.queue.grace-period = 1s (default)
2023-02-23 08:44:16,166 [s0-NettyServerStreamRpc-workerGroup--thread2] INFO  netty.NettyConfigKeys$DataStream (ConfUtils.java:logGet(46)) - raft.netty.dataStream.client.worker-group.share = false (default)
2023-02-23 08:44:16,166 [s0-NettyServerStreamRpc-workerGroup--thread2] INFO  netty.NettyConfigKeys$DataStream (ConfUtils.java:logGet(46)) - raft.netty.dataStream.client.worker-group.size = 4 (default)
2023-02-23 08:44:16,168 [s2-NettyServerStreamRpc-bossGroup--thread1] INFO  logging.LoggingHandler (AbstractInternalLogger.java:log(148)) - [id: 0xbcb72dc6, L:0.0.0.0/0.0.0.0:41833] READ COMPLETE
2023-02-23 08:44:16,169 [s2-NettyServerStreamRpc-bossGroup--thread1] INFO  logging.LoggingHandler (AbstractInternalLogger.java:log(148)) - [id: 0xbcb72dc6, L:0.0.0.0/0.0.0.0:41833] READ: [id: 0xd129fd3d, L:/127.0.0.1:41833 - R:/127.0.0.1:52188]
2023-02-23 08:44:16,169 [s2-NettyServerStreamRpc-bossGroup--thread1] INFO  logging.LoggingHandler (AbstractInternalLogger.java:log(148)) - [id: 0xbcb72dc6, L:0.0.0.0/0.0.0.0:41833] READ COMPLETE
2023-02-23 08:44:16,170 [s0-NettyServerStreamRpc-bossGroup--thread1] INFO  logging.LoggingHandler (AbstractInternalLogger.java:log(148)) - [id: 0xd3bce935, L:/0.0.0.0:45017] READ: [id: 0x8f848af9, L:/127.0.0.1:45017 - R:/127.0.0.1:36226]
2023-02-23 08:44:16,170 [s0-NettyServerStreamRpc-bossGroup--thread1] INFO  logging.LoggingHandler (AbstractInternalLogger.java:log(148)) - [id: 0xd3bce935, L:/0.0.0.0:45017] READ COMPLETE
2023-02-23 08:44:16,171 [s2-NettyServerStreamRpc-workerGroup--thread3] INFO  client.DataStreamClient (ConfUtils.java:logGet(46)) - raft.datastream.type = NETTY (custom)
2023-02-23 08:44:16,171 [s2-NettyServerStreamRpc-workerGroup--thread3] INFO  netty.NettyConfigKeys$DataStream (ConfUtils.java:logGet(46)) - raft.netty.dataStream.client.tls.conf = null (default)
2023-02-23 08:44:16,171 [s2-NettyServerStreamRpc-workerGroup--thread3] INFO  netty.NettyConfigKeys$DataStream (ConfUtils.java:logGet(46)) - raft.netty.dataStream.client.reply.queue.grace-period = 1s (default)
2023-02-23 08:44:16,171 [s2-NettyServerStreamRpc-workerGroup--thread3] INFO  netty.NettyConfigKeys$DataStream (ConfUtils.java:logGet(46)) - raft.netty.dataStream.client.worker-group.share = false (default)
2023-02-23 08:44:16,171 [s2-NettyServerStreamRpc-workerGroup--thread3] INFO  netty.NettyConfigKeys$DataStream (ConfUtils.java:logGet(46)) - raft.netty.dataStream.client.worker-group.size = 4 (default)
2023-02-23 08:44:16,177 [s2-NettyServerStreamRpc-bossGroup--thread1] INFO  logging.LoggingHandler (AbstractInternalLogger.java:log(148)) - [id: 0xbcb72dc6, L:0.0.0.0/0.0.0.0:41833] READ: [id: 0x43b0b602, L:/127.0.0.1:41833 - R:/127.0.0.1:52202]
2023-02-23 08:44:16,177 [s2-NettyServerStreamRpc-bossGroup--thread1] INFO  logging.LoggingHandler (AbstractInternalLogger.java:log(148)) - [id: 0xbcb72dc6, L:0.0.0.0/0.0.0.0:41833] READ COMPLETE
2023-02-23 08:44:16,177 [s0-NettyServerStreamRpc-workerGroup--thread4] INFO  client.DataStreamClient (ConfUtils.java:logGet(46)) - raft.datastream.type = NETTY (custom)
2023-02-23 08:44:16,177 [s0-NettyServerStreamRpc-workerGroup--thread4] INFO  netty.NettyConfigKeys$DataStream (ConfUtils.java:logGet(46)) - raft.netty.dataStream.client.tls.conf = null (default)
2023-02-23 08:44:16,178 [s0-NettyServerStreamRpc-workerGroup--thread4] INFO  netty.NettyConfigKeys$DataStream (ConfUtils.java:logGet(46)) - raft.netty.dataStream.client.reply.queue.grace-period = 1s (default)
2023-02-23 08:44:16,178 [s0-NettyServerStreamRpc-workerGroup--thread4] INFO  netty.NettyConfigKeys$DataStream (ConfUtils.java:logGet(46)) - raft.netty.dataStream.client.worker-group.share = false (default)
2023-02-23 08:44:16,178 [s0-NettyServerStreamRpc-workerGroup--thread4] INFO  netty.NettyConfigKeys$DataStream (ConfUtils.java:logGet(46)) - raft.netty.dataStream.client.worker-group.size = 4 (default)
2023-02-23 08:44:16,179 [s0-NettyServerStreamRpc-workerGroup--thread4] INFO  client.DataStreamClient (ConfUtils.java:logGet(46)) - raft.datastream.type = NETTY (custom)
2023-02-23 08:44:16,179 [s0-NettyServerStreamRpc-workerGroup--thread4] INFO  netty.NettyConfigKeys$DataStream (ConfUtils.java:logGet(46)) - raft.netty.dataStream.client.tls.conf = null (default)
2023-02-23 08:44:16,179 [s0-NettyServerStreamRpc-workerGroup--thread4] INFO  netty.NettyConfigKeys$DataStream (ConfUtils.java:logGet(46)) - raft.netty.dataStream.client.reply.queue.grace-period = 1s (default)
2023-02-23 08:44:16,179 [s0-NettyServerStreamRpc-workerGroup--thread4] INFO  netty.NettyConfigKeys$DataStream (ConfUtils.java:logGet(46)) - raft.netty.dataStream.client.worker-group.share = false (default)
2023-02-23 08:44:16,179 [s0-NettyServerStreamRpc-workerGroup--thread4] INFO  netty.NettyConfigKeys$DataStream (ConfUtils.java:logGet(46)) - raft.netty.dataStream.client.worker-group.size = 4 (default)
2023-02-23 08:44:16,181 [s0-NettyServerStreamRpc-bossGroup--thread1] INFO  logging.LoggingHandler (AbstractInternalLogger.java:log(148)) - [id: 0xd3bce935, L:/0.0.0.0:45017] READ: [id: 0xdf0e103a, L:/127.0.0.1:45017 - R:/127.0.0.1:36236]
2023-02-23 08:44:16,181 [s0-NettyServerStreamRpc-bossGroup--thread1] INFO  logging.LoggingHandler (AbstractInternalLogger.java:log(148)) - [id: 0xd3bce935, L:/0.0.0.0:45017] READ COMPLETE
2023-02-23 08:44:16,181 [s2-NettyServerStreamRpc-workerGroup--thread1] INFO  client.DataStreamClient (ConfUtils.java:logGet(46)) - raft.datastream.type = NETTY (custom)
2023-02-23 08:44:16,181 [s2-NettyServerStreamRpc-workerGroup--thread1] INFO  netty.NettyConfigKeys$DataStream (ConfUtils.java:logGet(46)) - raft.netty.dataStream.client.tls.conf = null (default)
2023-02-23 08:44:16,181 [s2-NettyServerStreamRpc-workerGroup--thread1] INFO  netty.NettyConfigKeys$DataStream (ConfUtils.java:logGet(46)) - raft.netty.dataStream.client.reply.queue.grace-period = 1s (default)
2023-02-23 08:44:16,181 [s2-NettyServerStreamRpc-workerGroup--thread1] INFO  netty.NettyConfigKeys$DataStream (ConfUtils.java:logGet(46)) - raft.netty.dataStream.client.worker-group.share = false (default)
2023-02-23 08:44:16,181 [s2-NettyServerStreamRpc-workerGroup--thread1] INFO  netty.NettyConfigKeys$DataStream (ConfUtils.java:logGet(46)) - raft.netty.dataStream.client.worker-group.size = 4 (default)
2023-02-23 08:44:16,184 [s0-NettyServerStreamRpc-workerGroup--thread1] INFO  client.DataStreamClient (ConfUtils.java:logGet(46)) - raft.datastream.type = NETTY (custom)
2023-02-23 08:44:16,185 [s0-NettyServerStreamRpc-workerGroup--thread1] INFO  netty.NettyConfigKeys$DataStream (ConfUtils.java:logGet(46)) - raft.netty.dataStream.client.tls.conf = null (default)
2023-02-23 08:44:16,185 [s0-NettyServerStreamRpc-workerGroup--thread1] INFO  netty.NettyConfigKeys$DataStream (ConfUtils.java:logGet(46)) - raft.netty.dataStream.client.reply.queue.grace-period = 1s (default)
2023-02-23 08:44:16,185 [s0-NettyServerStreamRpc-workerGroup--thread1] INFO  netty.NettyConfigKeys$DataStream (ConfUtils.java:logGet(46)) - raft.netty.dataStream.client.worker-group.share = false (default)
2023-02-23 08:44:16,185 [s0-NettyServerStreamRpc-workerGroup--thread1] INFO  netty.NettyConfigKeys$DataStream (ConfUtils.java:logGet(46)) - raft.netty.dataStream.client.worker-group.size = 4 (default)
2023-02-23 08:44:16,185 [s2-NettyServerStreamRpc-workerGroup--thread2] INFO  client.DataStreamClient (ConfUtils.java:logGet(46)) - raft.datastream.type = NETTY (custom)
2023-02-23 08:44:16,185 [s2-NettyServerStreamRpc-workerGroup--thread2] INFO  netty.NettyConfigKeys$DataStream (ConfUtils.java:logGet(46)) - raft.netty.dataStream.client.tls.conf = null (default)
2023-02-23 08:44:16,185 [s2-NettyServerStreamRpc-workerGroup--thread2] INFO  netty.NettyConfigKeys$DataStream (ConfUtils.java:logGet(46)) - raft.netty.dataStream.client.reply.queue.grace-period = 1s (default)
2023-02-23 08:44:16,185 [s2-NettyServerStreamRpc-workerGroup--thread2] INFO  netty.NettyConfigKeys$DataStream (ConfUtils.java:logGet(46)) - raft.netty.dataStream.client.worker-group.share = false (default)
2023-02-23 08:44:16,185 [s0-NettyServerStreamRpc-bossGroup--thread1] INFO  logging.LoggingHandler (AbstractInternalLogger.java:log(148)) - [id: 0xd3bce935, L:/0.0.0.0:45017] READ: [id: 0x77b6507e, L:/127.0.0.1:45017 - R:/127.0.0.1:36240]
2023-02-23 08:44:16,185 [s0-NettyServerStreamRpc-bossGroup--thread1] INFO  logging.LoggingHandler (AbstractInternalLogger.java:log(148)) - [id: 0xd3bce935, L:/0.0.0.0:45017] READ COMPLETE
2023-02-23 08:44:16,185 [s2-NettyServerStreamRpc-workerGroup--thread2] INFO  netty.NettyConfigKeys$DataStream (ConfUtils.java:logGet(46)) - raft.netty.dataStream.client.worker-group.size = 4 (default)
2023-02-23 08:44:16,189 [s0-NettyServerStreamRpc-workerGroup--thread1] INFO  client.DataStreamClient (ConfUtils.java:logGet(46)) - raft.datastream.type = NETTY (custom)
2023-02-23 08:44:16,189 [s0-NettyServerStreamRpc-workerGroup--thread1] INFO  netty.NettyConfigKeys$DataStream (ConfUtils.java:logGet(46)) - raft.netty.dataStream.client.tls.conf = null (default)
2023-02-23 08:44:16,190 [s0-NettyServerStreamRpc-workerGroup--thread1] INFO  netty.NettyConfigKeys$DataStream (ConfUtils.java:logGet(46)) - raft.netty.dataStream.client.reply.queue.grace-period = 1s (default)
2023-02-23 08:44:16,190 [s0-NettyServerStreamRpc-workerGroup--thread1] INFO  netty.NettyConfigKeys$DataStream (ConfUtils.java:logGet(46)) - raft.netty.dataStream.client.worker-group.share = false (default)
2023-02-23 08:44:16,190 [s0-NettyServerStreamRpc-workerGroup--thread1] INFO  netty.NettyConfigKeys$DataStream (ConfUtils.java:logGet(46)) - raft.netty.dataStream.client.worker-group.size = 4 (default)
2023-02-23 08:44:16,193 [s2-NettyServerStreamRpc-bossGroup--thread1] INFO  logging.LoggingHandler (AbstractInternalLogger.java:log(148)) - [id: 0xbcb72dc6, L:0.0.0.0/0.0.0.0:41833] READ: [id: 0x2c0371d2, L:/127.0.0.1:41833 - R:/127.0.0.1:52212]
2023-02-23 08:44:16,193 [s2-NettyServerStreamRpc-bossGroup--thread1] INFO  logging.LoggingHandler (AbstractInternalLogger.java:log(148)) - [id: 0xbcb72dc6, L:0.0.0.0/0.0.0.0:41833] READ COMPLETE
2023-02-23 08:44:16,193 [s1-NettyServerStreamRpc-bossGroup--thread1] INFO  logging.LoggingHandler (AbstractInternalLogger.java:log(148)) - [id: 0x94ce7168, L:/0.0.0.0:44881] READ COMPLETE
2023-02-23 08:44:16,194 [s1-NettyServerStreamRpc-bossGroup--thread1] INFO  logging.LoggingHandler (AbstractInternalLogger.java:log(148)) - [id: 0x94ce7168, L:/0.0.0.0:44881] READ: [id: 0x67940b66, L:/127.0.0.1:44881 - R:/127.0.0.1:40344]
2023-02-23 08:44:16,194 [s1-NettyServerStreamRpc-bossGroup--thread1] INFO  logging.LoggingHandler (AbstractInternalLogger.java:log(148)) - [id: 0x94ce7168, L:/0.0.0.0:44881] READ: [id: 0x9885357c, L:/127.0.0.1:44881 - R:/127.0.0.1:40360]
2023-02-23 08:44:16,194 [s1-NettyServerStreamRpc-bossGroup--thread1] INFO  logging.LoggingHandler (AbstractInternalLogger.java:log(148)) - [id: 0x94ce7168, L:/0.0.0.0:44881] READ: [id: 0xeda4819a, L:/127.0.0.1:44881 - R:/127.0.0.1:40372]
2023-02-23 08:44:16,194 [s1-NettyServerStreamRpc-bossGroup--thread1] INFO  logging.LoggingHandler (AbstractInternalLogger.java:log(148)) - [id: 0x94ce7168, L:/0.0.0.0:44881] READ COMPLETE
2023-02-23 08:44:16,198 [s2-NettyServerStreamRpc-bossGroup--thread1] INFO  logging.LoggingHandler (AbstractInternalLogger.java:log(148)) - [id: 0xbcb72dc6, L:0.0.0.0/0.0.0.0:41833] READ: [id: 0x6eb5f500, L:/127.0.0.1:41833 - R:/127.0.0.1:52222]
2023-02-23 08:44:16,198 [s2-NettyServerStreamRpc-bossGroup--thread1] INFO  logging.LoggingHandler (AbstractInternalLogger.java:log(148)) - [id: 0xbcb72dc6, L:0.0.0.0/0.0.0.0:41833] READ COMPLETE
2023-02-23 08:44:16,198 [s1-NettyServerStreamRpc-bossGroup--thread1] INFO  logging.LoggingHandler (AbstractInternalLogger.java:log(148)) - [id: 0x94ce7168, L:/0.0.0.0:44881] READ: [id: 0xe26357b1, L:/127.0.0.1:44881 - R:/127.0.0.1:40376]
2023-02-23 08:44:16,199 [s1-NettyServerStreamRpc-bossGroup--thread1] INFO  logging.LoggingHandler (AbstractInternalLogger.java:log(148)) - [id: 0x94ce7168, L:/0.0.0.0:44881] READ COMPLETE
2023-02-23 08:44:16,205 [s1-NettyServerStreamRpc-bossGroup--thread1] INFO  logging.LoggingHandler (AbstractInternalLogger.java:log(148)) - [id: 0x94ce7168, L:/0.0.0.0:44881] READ: [id: 0xf71cf093, L:/127.0.0.1:44881 - R:/127.0.0.1:40388]
2023-02-23 08:44:16,205 [s1-NettyServerStreamRpc-bossGroup--thread1] INFO  logging.LoggingHandler (AbstractInternalLogger.java:log(148)) - [id: 0x94ce7168, L:/0.0.0.0:44881] READ COMPLETE
2023-02-23 08:44:16,206 [s2-NettyServerStreamRpc-bossGroup--thread1] INFO  logging.LoggingHandler (AbstractInternalLogger.java:log(148)) - [id: 0xbcb72dc6, L:0.0.0.0/0.0.0.0:41833] READ: [id: 0x5c87fd70, L:/127.0.0.1:41833 - R:/127.0.0.1:52228]
2023-02-23 08:44:16,206 [s2-NettyServerStreamRpc-bossGroup--thread1] INFO  logging.LoggingHandler (AbstractInternalLogger.java:log(148)) - [id: 0xbcb72dc6, L:0.0.0.0/0.0.0.0:41833] READ COMPLETE
2023-02-23 08:44:16,206 [s0-NettyServerStreamRpc-workerGroup--thread3] INFO  client.DataStreamClient (ConfUtils.java:logGet(46)) - raft.datastream.type = NETTY (custom)
2023-02-23 08:44:16,206 [s0-NettyServerStreamRpc-workerGroup--thread3] INFO  netty.NettyConfigKeys$DataStream (ConfUtils.java:logGet(46)) - raft.netty.dataStream.client.tls.conf = null (default)
2023-02-23 08:44:16,206 [s0-NettyServerStreamRpc-workerGroup--thread3] INFO  netty.NettyConfigKeys$DataStream (ConfUtils.java:logGet(46)) - raft.netty.dataStream.client.reply.queue.grace-period = 1s (default)
2023-02-23 08:44:16,206 [s0-NettyServerStreamRpc-workerGroup--thread3] INFO  netty.NettyConfigKeys$DataStream (ConfUtils.java:logGet(46)) - raft.netty.dataStream.client.worker-group.share = false (default)
2023-02-23 08:44:16,206 [s0-NettyServerStreamRpc-workerGroup--thread3] INFO  netty.NettyConfigKeys$DataStream (ConfUtils.java:logGet(46)) - raft.netty.dataStream.client.worker-group.size = 4 (default)
2023-02-23 08:44:16,214 [s2-NettyServerStreamRpc-workerGroup--thread2] INFO  client.DataStreamClient (ConfUtils.java:logGet(46)) - raft.datastream.type = NETTY (custom)
2023-02-23 08:44:16,214 [s2-NettyServerStreamRpc-workerGroup--thread2] INFO  netty.NettyConfigKeys$DataStream (ConfUtils.java:logGet(46)) - raft.netty.dataStream.client.tls.conf = null (default)
2023-02-23 08:44:16,214 [s2-NettyServerStreamRpc-workerGroup--thread2] INFO  netty.NettyConfigKeys$DataStream (ConfUtils.java:logGet(46)) - raft.netty.dataStream.client.reply.queue.grace-period = 1s (default)
2023-02-23 08:44:16,214 [s2-NettyServerStreamRpc-workerGroup--thread2] INFO  netty.NettyConfigKeys$DataStream (ConfUtils.java:logGet(46)) - raft.netty.dataStream.client.worker-group.share = false (default)
2023-02-23 08:44:16,214 [s2-NettyServerStreamRpc-workerGroup--thread2] INFO  netty.NettyConfigKeys$DataStream (ConfUtils.java:logGet(46)) - raft.netty.dataStream.client.worker-group.size = 4 (default)
2023-02-23 08:44:16,215 [s0-NettyServerStreamRpc-bossGroup--thread1] INFO  logging.LoggingHandler (AbstractInternalLogger.java:log(148)) - [id: 0xd3bce935, L:/0.0.0.0:45017] READ: [id: 0x62ed3df2, L:/127.0.0.1:45017 - R:/127.0.0.1:36242]
2023-02-23 08:44:16,215 [s0-NettyServerStreamRpc-bossGroup--thread1] INFO  logging.LoggingHandler (AbstractInternalLogger.java:log(148)) - [id: 0xd3bce935, L:/0.0.0.0:45017] READ COMPLETE
2023-02-23 08:44:16,215 [s2-NettyServerStreamRpc-workerGroup--thread2] INFO  client.DataStreamClient (ConfUtils.java:logGet(46)) - raft.datastream.type = NETTY (custom)
2023-02-23 08:44:16,216 [s2-NettyServerStreamRpc-workerGroup--thread2] INFO  netty.NettyConfigKeys$DataStream (ConfUtils.java:logGet(46)) - raft.netty.dataStream.client.tls.conf = null (default)
2023-02-23 08:44:16,216 [s2-NettyServerStreamRpc-workerGroup--thread2] INFO  netty.NettyConfigKeys$DataStream (ConfUtils.java:logGet(46)) - raft.netty.dataStream.client.reply.queue.grace-period = 1s (default)
2023-02-23 08:44:16,216 [s2-NettyServerStreamRpc-workerGroup--thread2] INFO  netty.NettyConfigKeys$DataStream (ConfUtils.java:logGet(46)) - raft.netty.dataStream.client.worker-group.share = false (default)
2023-02-23 08:44:16,216 [s2-NettyServerStreamRpc-workerGroup--thread2] INFO  netty.NettyConfigKeys$DataStream (ConfUtils.java:logGet(46)) - raft.netty.dataStream.client.worker-group.size = 4 (default)
2023-02-23 08:44:16,217 [s0-NettyServerStreamRpc-workerGroup--thread2] INFO  client.DataStreamClient (ConfUtils.java:logGet(46)) - raft.datastream.type = NETTY (custom)
2023-02-23 08:44:16,217 [s0-NettyServerStreamRpc-workerGroup--thread2] INFO  netty.NettyConfigKeys$DataStream (ConfUtils.java:logGet(46)) - raft.netty.dataStream.client.tls.conf = null (default)
2023-02-23 08:44:16,217 [s0-NettyServerStreamRpc-workerGroup--thread2] INFO  netty.NettyConfigKeys$DataStream (ConfUtils.java:logGet(46)) - raft.netty.dataStream.client.reply.queue.grace-period = 1s (default)
2023-02-23 08:44:16,217 [s0-NettyServerStreamRpc-workerGroup--thread2] INFO  netty.NettyConfigKeys$DataStream (ConfUtils.java:logGet(46)) - raft.netty.dataStream.client.worker-group.share = false (default)
2023-02-23 08:44:16,217 [s0-NettyServerStreamRpc-workerGroup--thread2] INFO  netty.NettyConfigKeys$DataStream (ConfUtils.java:logGet(46)) - raft.netty.dataStream.client.worker-group.size = 4 (default)
2023-02-23 08:44:16,222 [s1-NettyServerStreamRpc-bossGroup--thread1] INFO  logging.LoggingHandler (AbstractInternalLogger.java:log(148)) - [id: 0x94ce7168, L:/0.0.0.0:44881] READ: [id: 0x20b836c6, L:/127.0.0.1:44881 - R:/127.0.0.1:40404]
2023-02-23 08:44:16,222 [s1-NettyServerStreamRpc-bossGroup--thread1] INFO  logging.LoggingHandler (AbstractInternalLogger.java:log(148)) - [id: 0x94ce7168, L:/0.0.0.0:44881] READ COMPLETE
2023-02-23 08:44:16,223 [s0-NettyServerStreamRpc-workerGroup--thread2] INFO  client.DataStreamClient (ConfUtils.java:logGet(46)) - raft.datastream.type = NETTY (custom)
2023-02-23 08:44:16,223 [s0-NettyServerStreamRpc-workerGroup--thread2] INFO  netty.NettyConfigKeys$DataStream (ConfUtils.java:logGet(46)) - raft.netty.dataStream.client.tls.conf = null (default)
2023-02-23 08:44:16,223 [s0-NettyServerStreamRpc-workerGroup--thread2] INFO  netty.NettyConfigKeys$DataStream (ConfUtils.java:logGet(46)) - raft.netty.dataStream.client.reply.queue.grace-period = 1s (default)
2023-02-23 08:44:16,223 [s0-NettyServerStreamRpc-workerGroup--thread2] INFO  netty.NettyConfigKeys$DataStream (ConfUtils.java:logGet(46)) - raft.netty.dataStream.client.worker-group.share = false (default)
2023-02-23 08:44:16,223 [s0-NettyServerStreamRpc-workerGroup--thread2] INFO  netty.NettyConfigKeys$DataStream (ConfUtils.java:logGet(46)) - raft.netty.dataStream.client.worker-group.size = 4 (default)
2023-02-23 08:44:16,224 [s2-NettyServerStreamRpc-workerGroup--thread3] INFO  client.DataStreamClient (ConfUtils.java:logGet(46)) - raft.datastream.type = NETTY (custom)
2023-02-23 08:44:16,224 [s2-NettyServerStreamRpc-workerGroup--thread3] INFO  netty.NettyConfigKeys$DataStream (ConfUtils.java:logGet(46)) - raft.netty.dataStream.client.tls.conf = null (default)
2023-02-23 08:44:16,224 [s2-NettyServerStreamRpc-workerGroup--thread3] INFO  netty.NettyConfigKeys$DataStream (ConfUtils.java:logGet(46)) - raft.netty.dataStream.client.reply.queue.grace-period = 1s (default)
2023-02-23 08:44:16,224 [s2-NettyServerStreamRpc-workerGroup--thread3] INFO  netty.NettyConfigKeys$DataStream (ConfUtils.java:logGet(46)) - raft.netty.dataStream.client.worker-group.share = false (default)
2023-02-23 08:44:16,224 [s2-NettyServerStreamRpc-workerGroup--thread3] INFO  netty.NettyConfigKeys$DataStream (ConfUtils.java:logGet(46)) - raft.netty.dataStream.client.worker-group.size = 4 (default)
2023-02-23 08:44:16,225 [s1-NettyServerStreamRpc-bossGroup--thread1] INFO  logging.LoggingHandler (AbstractInternalLogger.java:log(148)) - [id: 0x94ce7168, L:/0.0.0.0:44881] READ: [id: 0x72d44d10, L:/127.0.0.1:44881 - R:/127.0.0.1:40410]
2023-02-23 08:44:16,225 [s1-NettyServerStreamRpc-bossGroup--thread1] INFO  logging.LoggingHandler (AbstractInternalLogger.java:log(148)) - [id: 0x94ce7168, L:/0.0.0.0:44881] READ COMPLETE
2023-02-23 08:44:16,229 [s2-NettyServerStreamRpc-workerGroup--thread1] INFO  client.DataStreamClient (ConfUtils.java:logGet(46)) - raft.datastream.type = NETTY (custom)
2023-02-23 08:44:16,229 [s2-NettyServerStreamRpc-workerGroup--thread1] INFO  netty.NettyConfigKeys$DataStream (ConfUtils.java:logGet(46)) - raft.netty.dataStream.client.tls.conf = null (default)
2023-02-23 08:44:16,229 [s2-NettyServerStreamRpc-workerGroup--thread1] INFO  netty.NettyConfigKeys$DataStream (ConfUtils.java:logGet(46)) - raft.netty.dataStream.client.reply.queue.grace-period = 1s (default)
2023-02-23 08:44:16,229 [s2-NettyServerStreamRpc-workerGroup--thread1] INFO  netty.NettyConfigKeys$DataStream (ConfUtils.java:logGet(46)) - raft.netty.dataStream.client.worker-group.share = false (default)
2023-02-23 08:44:16,229 [s2-NettyServerStreamRpc-workerGroup--thread1] INFO  netty.NettyConfigKeys$DataStream (ConfUtils.java:logGet(46)) - raft.netty.dataStream.client.worker-group.size = 4 (default)
2023-02-23 08:44:16,233 [s0-NettyServerStreamRpc-bossGroup--thread1] INFO  logging.LoggingHandler (AbstractInternalLogger.java:log(148)) - [id: 0xd3bce935, L:/0.0.0.0:45017] READ: [id: 0x813311d0, L:/127.0.0.1:45017 - R:/127.0.0.1:36248]
2023-02-23 08:44:16,233 [s0-NettyServerStreamRpc-bossGroup--thread1] INFO  logging.LoggingHandler (AbstractInternalLogger.java:log(148)) - [id: 0xd3bce935, L:/0.0.0.0:45017] READ COMPLETE
2023-02-23 08:44:16,233 [s2-NettyServerStreamRpc-workerGroup--thread1] INFO  client.DataStreamClient (ConfUtils.java:logGet(46)) - raft.datastream.type = NETTY (custom)
2023-02-23 08:44:16,233 [s2-NettyServerStreamRpc-workerGroup--thread1] INFO  netty.NettyConfigKeys$DataStream (ConfUtils.java:logGet(46)) - raft.netty.dataStream.client.tls.conf = null (default)
2023-02-23 08:44:16,233 [s2-NettyServerStreamRpc-workerGroup--thread1] INFO  netty.NettyConfigKeys$DataStream (ConfUtils.java:logGet(46)) - raft.netty.dataStream.client.reply.queue.grace-period = 1s (default)
2023-02-23 08:44:16,233 [s2-NettyServerStreamRpc-workerGroup--thread1] INFO  netty.NettyConfigKeys$DataStream (ConfUtils.java:logGet(46)) - raft.netty.dataStream.client.worker-group.share = false (default)
2023-02-23 08:44:16,233 [s2-NettyServerStreamRpc-workerGroup--thread1] INFO  netty.NettyConfigKeys$DataStream (ConfUtils.java:logGet(46)) - raft.netty.dataStream.client.worker-group.size = 4 (default)
2023-02-23 08:44:16,234 [s1-NettyServerStreamRpc-bossGroup--thread1] INFO  logging.LoggingHandler (AbstractInternalLogger.java:log(148)) - [id: 0x94ce7168, L:/0.0.0.0:44881] READ: [id: 0x0117d18d, L:/127.0.0.1:44881 - R:/127.0.0.1:40426]
2023-02-23 08:44:16,234 [s1-NettyServerStreamRpc-bossGroup--thread1] INFO  logging.LoggingHandler (AbstractInternalLogger.java:log(148)) - [id: 0x94ce7168, L:/0.0.0.0:44881] READ COMPLETE
2023-02-23 08:44:16,235 [s0-NettyServerStreamRpc-workerGroup--thread3] INFO  client.DataStreamClient (ConfUtils.java:logGet(46)) - raft.datastream.type = NETTY (custom)
2023-02-23 08:44:16,235 [s0-NettyServerStreamRpc-workerGroup--thread3] INFO  netty.NettyConfigKeys$DataStream (ConfUtils.java:logGet(46)) - raft.netty.dataStream.client.tls.conf = null (default)
2023-02-23 08:44:16,235 [s0-NettyServerStreamRpc-workerGroup--thread3] INFO  netty.NettyConfigKeys$DataStream (ConfUtils.java:logGet(46)) - raft.netty.dataStream.client.reply.queue.grace-period = 1s (default)
2023-02-23 08:44:16,235 [s0-NettyServerStreamRpc-workerGroup--thread3] INFO  netty.NettyConfigKeys$DataStream (ConfUtils.java:logGet(46)) - raft.netty.dataStream.client.worker-group.share = false (default)
2023-02-23 08:44:16,235 [s0-NettyServerStreamRpc-workerGroup--thread3] INFO  netty.NettyConfigKeys$DataStream (ConfUtils.java:logGet(46)) - raft.netty.dataStream.client.worker-group.size = 4 (default)
2023-02-23 08:44:16,235 [s0-NettyServerStreamRpc-workerGroup--thread4] INFO  client.DataStreamClient (ConfUtils.java:logGet(46)) - raft.datastream.type = NETTY (custom)
2023-02-23 08:44:16,235 [s0-NettyServerStreamRpc-workerGroup--thread4] INFO  netty.NettyConfigKeys$DataStream (ConfUtils.java:logGet(46)) - raft.netty.dataStream.client.tls.conf = null (default)
2023-02-23 08:44:16,235 [s0-NettyServerStreamRpc-workerGroup--thread4] INFO  netty.NettyConfigKeys$DataStream (ConfUtils.java:logGet(46)) - raft.netty.dataStream.client.reply.queue.grace-period = 1s (default)
2023-02-23 08:44:16,235 [s0-NettyServerStreamRpc-workerGroup--thread4] INFO  netty.NettyConfigKeys$DataStream (ConfUtils.java:logGet(46)) - raft.netty.dataStream.client.worker-group.share = false (default)
2023-02-23 08:44:16,235 [s0-NettyServerStreamRpc-workerGroup--thread4] INFO  netty.NettyConfigKeys$DataStream (ConfUtils.java:logGet(46)) - raft.netty.dataStream.client.worker-group.size = 4 (default)
2023-02-23 08:44:16,236 [s1-NettyServerStreamRpc-bossGroup--thread1] INFO  logging.LoggingHandler (AbstractInternalLogger.java:log(148)) - [id: 0x94ce7168, L:/0.0.0.0:44881] READ: [id: 0xc45d6108, L:/127.0.0.1:44881 - R:/127.0.0.1:40430]
2023-02-23 08:44:16,236 [s1-NettyServerStreamRpc-bossGroup--thread1] INFO  logging.LoggingHandler (AbstractInternalLogger.java:log(148)) - [id: 0x94ce7168, L:/0.0.0.0:44881] READ COMPLETE
2023-02-23 08:44:16,237 [s0-NettyServerStreamRpc-workerGroup--thread4] INFO  client.DataStreamClient (ConfUtils.java:logGet(46)) - raft.datastream.type = NETTY (custom)
2023-02-23 08:44:16,237 [s0-NettyServerStreamRpc-workerGroup--thread4] INFO  netty.NettyConfigKeys$DataStream (ConfUtils.java:logGet(46)) - raft.netty.dataStream.client.tls.conf = null (default)
2023-02-23 08:44:16,237 [s0-NettyServerStreamRpc-workerGroup--thread4] INFO  netty.NettyConfigKeys$DataStream (ConfUtils.java:logGet(46)) - raft.netty.dataStream.client.reply.queue.grace-period = 1s (default)
2023-02-23 08:44:16,237 [s0-NettyServerStreamRpc-workerGroup--thread4] INFO  netty.NettyConfigKeys$DataStream (ConfUtils.java:logGet(46)) - raft.netty.dataStream.client.worker-group.share = false (default)
2023-02-23 08:44:16,237 [s0-NettyServerStreamRpc-workerGroup--thread4] INFO  netty.NettyConfigKeys$DataStream (ConfUtils.java:logGet(46)) - raft.netty.dataStream.client.worker-group.size = 4 (default)
2023-02-23 08:44:16,241 [s2-NettyServerStreamRpc-bossGroup--thread1] INFO  logging.LoggingHandler (AbstractInternalLogger.java:log(148)) - [id: 0xbcb72dc6, L:0.0.0.0/0.0.0.0:41833] READ: [id: 0x06d89c7a, L:/127.0.0.1:41833 - R:/127.0.0.1:52244]
2023-02-23 08:44:16,241 [s2-NettyServerStreamRpc-bossGroup--thread1] INFO  logging.LoggingHandler (AbstractInternalLogger.java:log(148)) - [id: 0xbcb72dc6, L:0.0.0.0/0.0.0.0:41833] READ COMPLETE
2023-02-23 08:44:16,242 [s1-NettyServerStreamRpc-bossGroup--thread1] INFO  logging.LoggingHandler (AbstractInternalLogger.java:log(148)) - [id: 0x94ce7168, L:/0.0.0.0:44881] READ: [id: 0xfe12e8d5, L:/127.0.0.1:44881 - R:/127.0.0.1:40432]
2023-02-23 08:44:16,242 [s1-NettyServerStreamRpc-bossGroup--thread1] INFO  logging.LoggingHandler (AbstractInternalLogger.java:log(148)) - [id: 0x94ce7168, L:/0.0.0.0:44881] READ COMPLETE
2023-02-23 08:44:16,252 [s2-NettyServerStreamRpc-workerGroup--thread2] INFO  client.DataStreamClient (ConfUtils.java:logGet(46)) - raft.datastream.type = NETTY (custom)
2023-02-23 08:44:16,252 [s2-NettyServerStreamRpc-workerGroup--thread2] INFO  netty.NettyConfigKeys$DataStream (ConfUtils.java:logGet(46)) - raft.netty.dataStream.client.tls.conf = null (default)
2023-02-23 08:44:16,252 [s2-NettyServerStreamRpc-workerGroup--thread2] INFO  netty.NettyConfigKeys$DataStream (ConfUtils.java:logGet(46)) - raft.netty.dataStream.client.reply.queue.grace-period = 1s (default)
2023-02-23 08:44:16,252 [s2-NettyServerStreamRpc-workerGroup--thread2] INFO  netty.NettyConfigKeys$DataStream (ConfUtils.java:logGet(46)) - raft.netty.dataStream.client.worker-group.share = false (default)
2023-02-23 08:44:16,252 [s2-NettyServerStreamRpc-workerGroup--thread2] INFO  netty.NettyConfigKeys$DataStream (ConfUtils.java:logGet(46)) - raft.netty.dataStream.client.worker-group.size = 4 (default)
2023-02-23 08:44:16,253 [s0-NettyServerStreamRpc-bossGroup--thread1] INFO  logging.LoggingHandler (AbstractInternalLogger.java:log(148)) - [id: 0xd3bce935, L:/0.0.0.0:45017] READ: [id: 0x4bb4e5a8, L:/127.0.0.1:45017 - R:/127.0.0.1:36256]
2023-02-23 08:44:16,253 [s0-NettyServerStreamRpc-bossGroup--thread1] INFO  logging.LoggingHandler (AbstractInternalLogger.java:log(148)) - [id: 0xd3bce935, L:/0.0.0.0:45017] READ COMPLETE
2023-02-23 08:44:16,253 [s2-NettyServerStreamRpc-workerGroup--thread2] INFO  client.DataStreamClient (ConfUtils.java:logGet(46)) - raft.datastream.type = NETTY (custom)
2023-02-23 08:44:16,253 [s2-NettyServerStreamRpc-workerGroup--thread2] INFO  netty.NettyConfigKeys$DataStream (ConfUtils.java:logGet(46)) - raft.netty.dataStream.client.tls.conf = null (default)
2023-02-23 08:44:16,253 [s2-NettyServerStreamRpc-workerGroup--thread2] INFO  netty.NettyConfigKeys$DataStream (ConfUtils.java:logGet(46)) - raft.netty.dataStream.client.reply.queue.grace-period = 1s (default)
2023-02-23 08:44:16,253 [s2-NettyServerStreamRpc-workerGroup--thread2] INFO  netty.NettyConfigKeys$DataStream (ConfUtils.java:logGet(46)) - raft.netty.dataStream.client.worker-group.share = false (default)
2023-02-23 08:44:16,253 [s2-NettyServerStreamRpc-workerGroup--thread2] INFO  netty.NettyConfigKeys$DataStream (ConfUtils.java:logGet(46)) - raft.netty.dataStream.client.worker-group.size = 4 (default)
2023-02-23 08:44:16,257 [s0-NettyServerStreamRpc-bossGroup--thread1] INFO  logging.LoggingHandler (AbstractInternalLogger.java:log(148)) - [id: 0xd3bce935, L:/0.0.0.0:45017] READ: [id: 0xfca7b4e3, L:/127.0.0.1:45017 - R:/127.0.0.1:36264]
2023-02-23 08:44:16,257 [s0-NettyServerStreamRpc-bossGroup--thread1] INFO  logging.LoggingHandler (AbstractInternalLogger.java:log(148)) - [id: 0xd3bce935, L:/0.0.0.0:45017] READ COMPLETE
2023-02-23 08:44:16,257 [s2-NettyServerStreamRpc-workerGroup--thread3] INFO  client.DataStreamClient (ConfUtils.java:logGet(46)) - raft.datastream.type = NETTY (custom)
2023-02-23 08:44:16,257 [s2-NettyServerStreamRpc-workerGroup--thread3] INFO  netty.NettyConfigKeys$DataStream (ConfUtils.java:logGet(46)) - raft.netty.dataStream.client.tls.conf = null (default)
2023-02-23 08:44:16,257 [s2-NettyServerStreamRpc-workerGroup--thread3] INFO  netty.NettyConfigKeys$DataStream (ConfUtils.java:logGet(46)) - raft.netty.dataStream.client.reply.queue.grace-period = 1s (default)
2023-02-23 08:44:16,257 [s2-NettyServerStreamRpc-workerGroup--thread3] INFO  netty.NettyConfigKeys$DataStream (ConfUtils.java:logGet(46)) - raft.netty.dataStream.client.worker-group.share = false (default)
2023-02-23 08:44:16,257 [s2-NettyServerStreamRpc-workerGroup--thread3] INFO  netty.NettyConfigKeys$DataStream (ConfUtils.java:logGet(46)) - raft.netty.dataStream.client.worker-group.size = 4 (default)
2023-02-23 08:44:16,259 [s2-NettyServerStreamRpc-bossGroup--thread1] INFO  logging.LoggingHandler (AbstractInternalLogger.java:log(148)) - [id: 0xbcb72dc6, L:0.0.0.0/0.0.0.0:41833] READ: [id: 0xf82a1fb3, L:/127.0.0.1:41833 - R:/127.0.0.1:52246]
2023-02-23 08:44:16,259 [s2-NettyServerStreamRpc-bossGroup--thread1] INFO  logging.LoggingHandler (AbstractInternalLogger.java:log(148)) - [id: 0xbcb72dc6, L:0.0.0.0/0.0.0.0:41833] READ COMPLETE
2023-02-23 08:44:16,261 [s1-NettyServerStreamRpc-bossGroup--thread1] INFO  logging.LoggingHandler (AbstractInternalLogger.java:log(148)) - [id: 0x94ce7168, L:/0.0.0.0:44881] READ: [id: 0x5eee89cd, L:/127.0.0.1:44881 - R:/127.0.0.1:40438]
2023-02-23 08:44:16,261 [s1-NettyServerStreamRpc-bossGroup--thread1] INFO  logging.LoggingHandler (AbstractInternalLogger.java:log(148)) - [id: 0x94ce7168, L:/0.0.0.0:44881] READ COMPLETE
2023-02-23 08:44:16,265 [s1-NettyServerStreamRpc-bossGroup--thread1] INFO  logging.LoggingHandler (AbstractInternalLogger.java:log(148)) - [id: 0x94ce7168, L:/0.0.0.0:44881] READ: [id: 0x1487c8e2, L:/127.0.0.1:44881 - R:/127.0.0.1:40448]
2023-02-23 08:44:16,265 [s1-NettyServerStreamRpc-bossGroup--thread1] INFO  logging.LoggingHandler (AbstractInternalLogger.java:log(148)) - [id: 0x94ce7168, L:/0.0.0.0:44881] READ COMPLETE
2023-02-23 08:44:16,269 [s2-NettyServerStreamRpc-bossGroup--thread1] INFO  logging.LoggingHandler (AbstractInternalLogger.java:log(148)) - [id: 0xbcb72dc6, L:0.0.0.0/0.0.0.0:41833] READ: [id: 0xea2940bc, L:/127.0.0.1:41833 - R:/127.0.0.1:52248]
2023-02-23 08:44:16,269 [s2-NettyServerStreamRpc-bossGroup--thread1] INFO  logging.LoggingHandler (AbstractInternalLogger.java:log(148)) - [id: 0xbcb72dc6, L:0.0.0.0/0.0.0.0:41833] READ COMPLETE
2023-02-23 08:44:16,275 [s0-NettyServerStreamRpc-workerGroup--thread4] INFO  client.DataStreamClient (ConfUtils.java:logGet(46)) - raft.datastream.type = NETTY (custom)
2023-02-23 08:44:16,275 [s0-NettyServerStreamRpc-workerGroup--thread4] INFO  netty.NettyConfigKeys$DataStream (ConfUtils.java:logGet(46)) - raft.netty.dataStream.client.tls.conf = null (default)
2023-02-23 08:44:16,275 [s0-NettyServerStreamRpc-workerGroup--thread4] INFO  netty.NettyConfigKeys$DataStream (ConfUtils.java:logGet(46)) - raft.netty.dataStream.client.reply.queue.grace-period = 1s (default)
2023-02-23 08:44:16,275 [s0-NettyServerStreamRpc-workerGroup--thread4] INFO  netty.NettyConfigKeys$DataStream (ConfUtils.java:logGet(46)) - raft.netty.dataStream.client.worker-group.share = false (default)
2023-02-23 08:44:16,275 [s0-NettyServerStreamRpc-workerGroup--thread4] INFO  netty.NettyConfigKeys$DataStream (ConfUtils.java:logGet(46)) - raft.netty.dataStream.client.worker-group.size = 4 (default)
2023-02-23 08:44:16,278 [s1-NettyServerStreamRpc-bossGroup--thread1] INFO  logging.LoggingHandler (AbstractInternalLogger.java:log(148)) - [id: 0x94ce7168, L:/0.0.0.0:44881] READ: [id: 0xe326443e, L:/127.0.0.1:44881 - R:/127.0.0.1:40462]
2023-02-23 08:44:16,278 [s1-NettyServerStreamRpc-bossGroup--thread1] INFO  logging.LoggingHandler (AbstractInternalLogger.java:log(148)) - [id: 0x94ce7168, L:/0.0.0.0:44881] READ COMPLETE
2023-02-23 08:44:16,279 [s0-NettyServerStreamRpc-workerGroup--thread4] INFO  client.DataStreamClient (ConfUtils.java:logGet(46)) - raft.datastream.type = NETTY (custom)
2023-02-23 08:44:16,279 [s0-NettyServerStreamRpc-workerGroup--thread4] INFO  netty.NettyConfigKeys$DataStream (ConfUtils.java:logGet(46)) - raft.netty.dataStream.client.tls.conf = null (default)
2023-02-23 08:44:16,279 [s0-NettyServerStreamRpc-workerGroup--thread4] INFO  netty.NettyConfigKeys$DataStream (ConfUtils.java:logGet(46)) - raft.netty.dataStream.client.reply.queue.grace-period = 1s (default)
2023-02-23 08:44:16,279 [s0-NettyServerStreamRpc-workerGroup--thread4] INFO  netty.NettyConfigKeys$DataStream (ConfUtils.java:logGet(46)) - raft.netty.dataStream.client.worker-group.share = false (default)
2023-02-23 08:44:16,279 [s0-NettyServerStreamRpc-workerGroup--thread4] INFO  netty.NettyConfigKeys$DataStream (ConfUtils.java:logGet(46)) - raft.netty.dataStream.client.worker-group.size = 4 (default)
2023-02-23 08:44:16,289 [s2-NettyServerStreamRpc-workerGroup--thread2] INFO  client.DataStreamClient (ConfUtils.java:logGet(46)) - raft.datastream.type = NETTY (custom)
2023-02-23 08:44:16,289 [s2-NettyServerStreamRpc-workerGroup--thread2] INFO  netty.NettyConfigKeys$DataStream (ConfUtils.java:logGet(46)) - raft.netty.dataStream.client.tls.conf = null (default)
2023-02-23 08:44:16,289 [s2-NettyServerStreamRpc-workerGroup--thread2] INFO  netty.NettyConfigKeys$DataStream (ConfUtils.java:logGet(46)) - raft.netty.dataStream.client.reply.queue.grace-period = 1s (default)
2023-02-23 08:44:16,289 [s2-NettyServerStreamRpc-workerGroup--thread2] INFO  netty.NettyConfigKeys$DataStream (ConfUtils.java:logGet(46)) - raft.netty.dataStream.client.worker-group.share = false (default)
2023-02-23 08:44:16,289 [s2-NettyServerStreamRpc-workerGroup--thread2] INFO  netty.NettyConfigKeys$DataStream (ConfUtils.java:logGet(46)) - raft.netty.dataStream.client.worker-group.size = 4 (default)
2023-02-23 08:44:16,290 [s0-NettyServerStreamRpc-bossGroup--thread1] INFO  logging.LoggingHandler (AbstractInternalLogger.java:log(148)) - [id: 0xd3bce935, L:/0.0.0.0:45017] READ: [id: 0x170ff991, L:/127.0.0.1:45017 - R:/127.0.0.1:36268]
2023-02-23 08:44:16,290 [s0-NettyServerStreamRpc-bossGroup--thread1] INFO  logging.LoggingHandler (AbstractInternalLogger.java:log(148)) - [id: 0xd3bce935, L:/0.0.0.0:45017] READ COMPLETE
2023-02-23 08:44:16,292 [s2-NettyServerStreamRpc-workerGroup--thread2] INFO  client.DataStreamClient (ConfUtils.java:logGet(46)) - raft.datastream.type = NETTY (custom)
2023-02-23 08:44:16,292 [s2-NettyServerStreamRpc-workerGroup--thread2] INFO  netty.NettyConfigKeys$DataStream (ConfUtils.java:logGet(46)) - raft.netty.dataStream.client.tls.conf = null (default)
2023-02-23 08:44:16,292 [s2-NettyServerStreamRpc-workerGroup--thread2] INFO  netty.NettyConfigKeys$DataStream (ConfUtils.java:logGet(46)) - raft.netty.dataStream.client.reply.queue.grace-period = 1s (default)
2023-02-23 08:44:16,292 [s2-NettyServerStreamRpc-workerGroup--thread2] INFO  netty.NettyConfigKeys$DataStream (ConfUtils.java:logGet(46)) - raft.netty.dataStream.client.worker-group.share = false (default)
2023-02-23 08:44:16,292 [s2-NettyServerStreamRpc-workerGroup--thread2] INFO  netty.NettyConfigKeys$DataStream (ConfUtils.java:logGet(46)) - raft.netty.dataStream.client.worker-group.size = 4 (default)
2023-02-23 08:44:16,294 [s2-NettyServerStreamRpc-workerGroup--thread3] INFO  client.DataStreamClient (ConfUtils.java:logGet(46)) - raft.datastream.type = NETTY (custom)
2023-02-23 08:44:16,294 [s2-NettyServerStreamRpc-workerGroup--thread3] INFO  netty.NettyConfigKeys$DataStream (ConfUtils.java:logGet(46)) - raft.netty.dataStream.client.tls.conf = null (default)
2023-02-23 08:44:16,294 [s2-NettyServerStreamRpc-workerGroup--thread3] INFO  netty.NettyConfigKeys$DataStream (ConfUtils.java:logGet(46)) - raft.netty.dataStream.client.reply.queue.grace-period = 1s (default)
2023-02-23 08:44:16,294 [s2-NettyServerStreamRpc-workerGroup--thread3] INFO  netty.NettyConfigKeys$DataStream (ConfUtils.java:logGet(46)) - raft.netty.dataStream.client.worker-group.share = false (default)
2023-02-23 08:44:16,294 [s2-NettyServerStreamRpc-workerGroup--thread3] INFO  netty.NettyConfigKeys$DataStream (ConfUtils.java:logGet(46)) - raft.netty.dataStream.client.worker-group.size = 4 (default)
2023-02-23 08:44:16,297 [s0-NettyServerStreamRpc-bossGroup--thread1] INFO  logging.LoggingHandler (AbstractInternalLogger.java:log(148)) - [id: 0xd3bce935, L:/0.0.0.0:45017] READ: [id: 0xa89c07db, L:/127.0.0.1:45017 - R:/127.0.0.1:36270]
2023-02-23 08:44:16,297 [s0-NettyServerStreamRpc-bossGroup--thread1] INFO  logging.LoggingHandler (AbstractInternalLogger.java:log(148)) - [id: 0xd3bce935, L:/0.0.0.0:45017] READ COMPLETE
2023-02-23 08:44:16,298 [s2-NettyServerStreamRpc-workerGroup--thread3] INFO  client.DataStreamClient (ConfUtils.java:logGet(46)) - raft.datastream.type = NETTY (custom)
2023-02-23 08:44:16,298 [s2-NettyServerStreamRpc-workerGroup--thread3] INFO  netty.NettyConfigKeys$DataStream (ConfUtils.java:logGet(46)) - raft.netty.dataStream.client.tls.conf = null (default)
2023-02-23 08:44:16,298 [s2-NettyServerStreamRpc-workerGroup--thread3] INFO  netty.NettyConfigKeys$DataStream (ConfUtils.java:logGet(46)) - raft.netty.dataStream.client.reply.queue.grace-period = 1s (default)
2023-02-23 08:44:16,298 [s2-NettyServerStreamRpc-workerGroup--thread3] INFO  netty.NettyConfigKeys$DataStream (ConfUtils.java:logGet(46)) - raft.netty.dataStream.client.worker-group.share = false (default)
2023-02-23 08:44:16,298 [s2-NettyServerStreamRpc-workerGroup--thread3] INFO  netty.NettyConfigKeys$DataStream (ConfUtils.java:logGet(46)) - raft.netty.dataStream.client.worker-group.size = 4 (default)
2023-02-23 08:44:16,302 [s1-NettyServerStreamRpc-bossGroup--thread1] INFO  logging.LoggingHandler (AbstractInternalLogger.java:log(148)) - [id: 0x94ce7168, L:/0.0.0.0:44881] READ: [id: 0x1ef88e15, L:/127.0.0.1:44881 - R:/127.0.0.1:40468]
2023-02-23 08:44:16,302 [s1-NettyServerStreamRpc-bossGroup--thread1] INFO  logging.LoggingHandler (AbstractInternalLogger.java:log(148)) - [id: 0x94ce7168, L:/0.0.0.0:44881] READ COMPLETE
2023-02-23 08:44:16,307 [s1-NettyServerStreamRpc-bossGroup--thread1] INFO  logging.LoggingHandler (AbstractInternalLogger.java:log(148)) - [id: 0x94ce7168, L:/0.0.0.0:44881] READ: [id: 0xab730f7c, L:/127.0.0.1:44881 - R:/127.0.0.1:40480]
2023-02-23 08:44:16,307 [s1-NettyServerStreamRpc-bossGroup--thread1] INFO  logging.LoggingHandler (AbstractInternalLogger.java:log(148)) - [id: 0x94ce7168, L:/0.0.0.0:44881] READ COMPLETE
2023-02-23 08:44:16,307 [s2-NettyServerStreamRpc-workerGroup--thread2] INFO  client.DataStreamClient (ConfUtils.java:logGet(46)) - raft.datastream.type = NETTY (custom)
2023-02-23 08:44:16,307 [s2-NettyServerStreamRpc-workerGroup--thread2] INFO  netty.NettyConfigKeys$DataStream (ConfUtils.java:logGet(46)) - raft.netty.dataStream.client.tls.conf = null (default)
2023-02-23 08:44:16,307 [s2-NettyServerStreamRpc-workerGroup--thread2] INFO  netty.NettyConfigKeys$DataStream (ConfUtils.java:logGet(46)) - raft.netty.dataStream.client.reply.queue.grace-period = 1s (default)
2023-02-23 08:44:16,307 [s2-NettyServerStreamRpc-workerGroup--thread2] INFO  netty.NettyConfigKeys$DataStream (ConfUtils.java:logGet(46)) - raft.netty.dataStream.client.worker-group.share = false (default)
2023-02-23 08:44:16,307 [s2-NettyServerStreamRpc-workerGroup--thread2] INFO  netty.NettyConfigKeys$DataStream (ConfUtils.java:logGet(46)) - raft.netty.dataStream.client.worker-group.size = 4 (default)
2023-02-23 08:44:16,314 [s2-NettyServerStreamRpc-bossGroup--thread1] INFO  logging.LoggingHandler (AbstractInternalLogger.java:log(148)) - [id: 0xbcb72dc6, L:0.0.0.0/0.0.0.0:41833] READ: [id: 0x2731c868, L:/127.0.0.1:41833 - R:/127.0.0.1:52256]
2023-02-23 08:44:16,314 [s2-NettyServerStreamRpc-bossGroup--thread1] INFO  logging.LoggingHandler (AbstractInternalLogger.java:log(148)) - [id: 0xbcb72dc6, L:0.0.0.0/0.0.0.0:41833] READ COMPLETE
2023-02-23 08:44:16,446 [s0-NettyServerStreamRpc-bossGroup--thread1] INFO  logging.LoggingHandler (AbstractInternalLogger.java:log(148)) - [id: 0xd3bce935, L:/0.0.0.0:45017] READ: [id: 0xd8ae9648, L:/127.0.0.1:45017 - R:/127.0.0.1:36286]
2023-02-23 08:44:16,446 [s0-NettyServerStreamRpc-bossGroup--thread1] INFO  logging.LoggingHandler (AbstractInternalLogger.java:log(148)) - [id: 0xd3bce935, L:/0.0.0.0:45017] READ COMPLETE
2023-02-23 08:44:16,446 [s2-NettyServerStreamRpc-workerGroup--thread2] INFO  client.DataStreamClient (ConfUtils.java:logGet(46)) - raft.datastream.type = NETTY (custom)
2023-02-23 08:44:16,446 [s2-NettyServerStreamRpc-workerGroup--thread2] INFO  netty.NettyConfigKeys$DataStream (ConfUtils.java:logGet(46)) - raft.netty.dataStream.client.tls.conf = null (default)
2023-02-23 08:44:16,446 [s2-NettyServerStreamRpc-workerGroup--thread2] INFO  netty.NettyConfigKeys$DataStream (ConfUtils.java:logGet(46)) - raft.netty.dataStream.client.reply.queue.grace-period = 1s (default)
2023-02-23 08:44:16,447 [s2-NettyServerStreamRpc-workerGroup--thread2] INFO  netty.NettyConfigKeys$DataStream (ConfUtils.java:logGet(46)) - raft.netty.dataStream.client.worker-group.share = false (default)
2023-02-23 08:44:16,447 [s2-NettyServerStreamRpc-workerGroup--thread2] INFO  netty.NettyConfigKeys$DataStream (ConfUtils.java:logGet(46)) - raft.netty.dataStream.client.worker-group.size = 4 (default)
2023-02-23 08:44:16,449 [s1-NettyServerStreamRpc-bossGroup--thread1] INFO  logging.LoggingHandler (AbstractInternalLogger.java:log(148)) - [id: 0x94ce7168, L:/0.0.0.0:44881] READ: [id: 0x868f7823, L:/127.0.0.1:44881 - R:/127.0.0.1:40482]
2023-02-23 08:44:16,449 [s1-NettyServerStreamRpc-bossGroup--thread1] INFO  logging.LoggingHandler (AbstractInternalLogger.java:log(148)) - [id: 0x94ce7168, L:/0.0.0.0:44881] READ COMPLETE
2023-02-23 08:44:20,222 [s2@group-D5CC796A79A9-FollowerState] WARN  impl.FollowerState (FollowerState.java:run(130)) - Unexpected long sleep: sleep 237ms but took extra 1580654380ns (> threshold = 300ms)
2023-02-23 08:44:20,223 [s1@group-D5CC796A79A9-LeaderStateImpl] WARN  server.RaftServer$Division (LeaderStateImpl.java:checkLeadership(1098)) - s1@group-D5CC796A79A9-LeaderStateImpl: Lost leadership on term: 1. Election timeout: 300ms. In charge for: 4497ms. Conf: 0: peers:[s0|rpc:localhost:44609|admin:localhost:43339|client:localhost:35167|dataStream:localhost:45017|priority:0|startupRole:FOLLOWER, s1|rpc:localhost:46005|admin:localhost:39871|client:localhost:43155|dataStream:localhost:44881|priority:0|startupRole:FOLLOWER, s2|rpc:localhost:40131|admin:localhost:41173|client:localhost:45441|dataStream:localhost:41833|priority:0|startupRole:FOLLOWER]|listeners:[], old=null
2023-02-23 08:44:20,224 [JvmPauseMonitor6] WARN  util.JvmPauseMonitor (JvmPauseMonitor.java:detectPause(124)) - JvmPauseMonitor-s2: Detected pause in JVM or host machine approximately 1.685s with 1.864s GC time.
GC pool 'G1 Young Generation' had collection(s): count=2 time=113ms
GC pool 'G1 Old Generation' had collection(s): count=1 time=1751ms
2023-02-23 08:44:20,225 [JvmPauseMonitor5] WARN  util.JvmPauseMonitor (JvmPauseMonitor.java:detectPause(124)) - JvmPauseMonitor-s1: Detected pause in JVM or host machine approximately 1.712s with 1.864s GC time.
GC pool 'G1 Young Generation' had collection(s): count=2 time=113ms
GC pool 'G1 Old Generation' had collection(s): count=1 time=1751ms
2023-02-23 08:44:20,225 [JvmPauseMonitor4] WARN  util.JvmPauseMonitor (JvmPauseMonitor.java:detectPause(124)) - JvmPauseMonitor-s0: Detected pause in JVM or host machine approximately 1.739s with 1.864s GC time.
GC pool 'G1 Young Generation' had collection(s): count=2 time=113ms
GC pool 'G1 Old Generation' had collection(s): count=1 time=1751ms
2023-02-23 08:44:20,225 [s0@group-D5CC796A79A9-FollowerState] WARN  impl.FollowerState (FollowerState.java:run(130)) - Unexpected long sleep: sleep 300ms but took extra 1807691294ns (> threshold = 300ms)
2023-02-23 08:44:20,232 [s1@group-D5CC796A79A9-LeaderStateImpl] WARN  server.RaftServer$Division (LeaderStateImpl.java:lambda$checkLeadership$20(1102)) - Follower s1@group-D5CC796A79A9->s0(c0,m0,n1, attendVote=true, lastRpcSendTime=1848, lastRpcResponseTime=1847)
2023-02-23 08:44:20,233 [s1@group-D5CC796A79A9-LeaderStateImpl] WARN  server.RaftServer$Division (LeaderStateImpl.java:lambda$checkLeadership$20(1102)) - Follower s1@group-D5CC796A79A9->s2(c0,m0,n1, attendVote=true, lastRpcSendTime=7, lastRpcResponseTime=3)
2023-02-23 08:44:20,233 [s1@group-D5CC796A79A9-LeaderStateImpl] INFO  server.RaftServer$Division (RaftServerImpl.java:setRole(329)) - s1@group-D5CC796A79A9: changes role from    LEADER to FOLLOWER at term 1 for StepDownReason:LOST_MAJORITY_HEARTBEATS
2023-02-23 08:44:20,233 [s1@group-D5CC796A79A9-LeaderStateImpl] INFO  impl.RoleInfo (RoleInfo.java:shutdownLeaderState(93)) - s1: shutdown s1@group-D5CC796A79A9-LeaderStateImpl
2023-02-23 08:44:20,233 [s1@group-D5CC796A79A9-LeaderStateImpl] INFO  impl.PendingRequests (PendingRequests.java:sendNotLeaderResponses(282)) - s1@group-D5CC796A79A9-PendingRequests: sendNotLeaderResponses
2023-02-23 08:44:20,233 [s1@group-D5CC796A79A9-LeaderStateImpl] INFO  server.RaftServer$Division (ServerState.java:setLeader(260)) - s1@group-D5CC796A79A9: change Leader from s1 to null at term 1 for StepDownReason:LOST_MAJORITY_HEARTBEATS
2023-02-23 08:44:20,233 [s1@group-D5CC796A79A9-LeaderStateImpl] INFO  impl.RoleInfo (RoleInfo.java:updateAndGet(139)) - s1: start s1@group-D5CC796A79A9-FollowerState
2023-02-23 08:44:20,234 [s1@group-D5CC796A79A9->s2-GrpcLogAppender-LogAppenderDaemon] WARN  server.GrpcLogAppender (GrpcLogAppender.java:mayWait(199)) - s1@group-D5CC796A79A9->s2-GrpcLogAppender: Wait interrupted by java.lang.InterruptedException
2023-02-23 08:44:20,235 [grpc-default-executor-5] INFO  server.GrpcServerProtocolService (GrpcServerProtocolService.java:onCompleted(143)) - s2: Completed APPEND_ENTRIES, lastRequest: null
2023-02-23 08:44:20,241 [grpc-default-executor-3] INFO  server.GrpcLogAppender (GrpcLogAppender.java:onCompleted(417)) - s1@group-D5CC796A79A9->s2-AppendLogResponseHandler: follower responses appendEntries COMPLETED
2023-02-23 08:44:20,241 [grpc-default-executor-3] INFO  leader.FollowerInfo (FollowerInfoImpl.java:lambda$new$0(52)) - s1@group-D5CC796A79A9->s2: nextIndex: updateUnconditionally 1 -> 0
2023-02-23 08:44:20,244 [s1@group-D5CC796A79A9->s0-GrpcLogAppender-LogAppenderDaemon] WARN  server.GrpcLogAppender (GrpcLogAppender.java:mayWait(199)) - s1@group-D5CC796A79A9->s0-GrpcLogAppender: Wait interrupted by java.lang.InterruptedException
2023-02-23 08:44:20,247 [grpc-default-executor-5] INFO  server.GrpcServerProtocolService (GrpcServerProtocolService.java:onCompleted(143)) - s0: Completed APPEND_ENTRIES, lastRequest: null
2023-02-23 08:44:20,265 [grpc-default-executor-1] INFO  server.GrpcLogAppender (GrpcLogAppender.java:onCompleted(417)) - s1@group-D5CC796A79A9->s0-AppendLogResponseHandler: follower responses appendEntries COMPLETED
2023-02-23 08:44:20,265 [grpc-default-executor-1] INFO  leader.FollowerInfo (FollowerInfoImpl.java:lambda$new$0(52)) - s1@group-D5CC796A79A9->s0: nextIndex: updateUnconditionally 1 -> 0
2023-02-23 08:44:20,457 [s1@group-D5CC796A79A9-FollowerState] INFO  impl.FollowerState (FollowerState.java:lostMajorityHeartbeatsRecently(108)) - s1@group-D5CC796A79A9-FollowerState: Skipping leader election since it stepped down recently (elapsed = 223ms < waitTime = 10s)
2023-02-23 08:44:20,505 [s0@group-D5CC796A79A9-FollowerState] INFO  impl.FollowerState (FollowerState.java:run(143)) - s0@group-D5CC796A79A9-FollowerState: change to CANDIDATE, lastRpcElapsedTime:2120939115ns, electionTimeout:280ms
2023-02-23 08:44:20,505 [s0@group-D5CC796A79A9-FollowerState] INFO  impl.RoleInfo (RoleInfo.java:shutdownFollowerState(110)) - s0: shutdown s0@group-D5CC796A79A9-FollowerState
2023-02-23 08:44:20,505 [s0@group-D5CC796A79A9-FollowerState] INFO  server.RaftServer$Division (RaftServerImpl.java:setRole(329)) - s0@group-D5CC796A79A9: changes role from  FOLLOWER to CANDIDATE at term 1 for changeToCandidate
2023-02-23 08:44:20,506 [s0@group-D5CC796A79A9-FollowerState] INFO  server.RaftServerConfigKeys (ConfUtils.java:logGet(46)) - raft.server.leaderelection.pre-vote = true (default)
2023-02-23 08:44:20,506 [s0@group-D5CC796A79A9-FollowerState] INFO  impl.RoleInfo (RoleInfo.java:updateAndGet(139)) - s0: start s0@group-D5CC796A79A9-LeaderElection5
2023-02-23 08:44:20,525 [s0@group-D5CC796A79A9-LeaderElection5] INFO  server.RaftServer$Division (ServerState.java:setLeader(260)) - s0@group-D5CC796A79A9: change Leader from s1 to null at term 1 for PRE_VOTE
2023-02-23 08:44:20,525 [s0@group-D5CC796A79A9-LeaderElection5] INFO  impl.LeaderElection (LeaderElection.java:askForVotes(309)) - s0@group-D5CC796A79A9-LeaderElection5 PRE_VOTE round 0: submit vote requests at term 1 for 0: peers:[s0|rpc:localhost:44609|admin:localhost:43339|client:localhost:35167|dataStream:localhost:45017|priority:0|startupRole:FOLLOWER, s1|rpc:localhost:46005|admin:localhost:39871|client:localhost:43155|dataStream:localhost:44881|priority:0|startupRole:FOLLOWER, s2|rpc:localhost:40131|admin:localhost:41173|client:localhost:45441|dataStream:localhost:41833|priority:0|startupRole:FOLLOWER]|listeners:[], old=null
2023-02-23 08:44:20,579 [grpc-default-executor-5] INFO  server.RaftServer$Division (RaftServerImpl.java:requestVote(1302)) - s1@group-D5CC796A79A9: receive requestVote(PRE_VOTE, s0, group-D5CC796A79A9, 1, (t:1, i:0))
2023-02-23 08:44:20,579 [grpc-default-executor-5] INFO  impl.VoteContext (VoteContext.java:log(49)) - s1@group-D5CC796A79A9-FOLLOWER: accept PRE_VOTE from s0: our priority 0 <= candidate's priority 0
2023-02-23 08:44:20,579 [grpc-default-executor-5] INFO  server.RaftServer$Division (RaftServerImpl.java:requestVote(1335)) - s1@group-D5CC796A79A9 replies to PRE_VOTE vote request: s0<-s1#0:OK-t1. Peer's state: s1@group-D5CC796A79A9:t1, leader=null, voted=s1, raftlog=Memoized:s1@group-D5CC796A79A9-SegmentedRaftLog:OPENED:c0, conf=0: peers:[s0|rpc:localhost:44609|admin:localhost:43339|client:localhost:35167|dataStream:localhost:45017|priority:0|startupRole:FOLLOWER, s1|rpc:localhost:46005|admin:localhost:39871|client:localhost:43155|dataStream:localhost:44881|priority:0|startupRole:FOLLOWER, s2|rpc:localhost:40131|admin:localhost:41173|client:localhost:45441|dataStream:localhost:41833|priority:0|startupRole:FOLLOWER]|listeners:[], old=null
2023-02-23 08:44:20,592 [s0@group-D5CC796A79A9-LeaderElection5] INFO  impl.LeaderElection (LeaderElection.java:logAndReturn(89)) - s0@group-D5CC796A79A9-LeaderElection5: PRE_VOTE PASSED received 1 response(s) and 0 exception(s):
2023-02-23 08:44:20,592 [s0@group-D5CC796A79A9-LeaderElection5] INFO  impl.LeaderElection (LeaderElection.java:logAndReturn(93)) -   Response 0: s0<-s1#0:OK-t1
2023-02-23 08:44:20,593 [s0@group-D5CC796A79A9-LeaderElection5] INFO  impl.LeaderElection (LeaderElection.java:askForVotes(311)) - s0@group-D5CC796A79A9-LeaderElection5 PRE_VOTE round 0: result PASSED
2023-02-23 08:44:20,603 [grpc-default-executor-5] INFO  server.RaftServer$Division (RaftServerImpl.java:requestVote(1302)) - s2@group-D5CC796A79A9: receive requestVote(PRE_VOTE, s0, group-D5CC796A79A9, 1, (t:1, i:0))
2023-02-23 08:44:20,603 [grpc-default-executor-5] INFO  impl.VoteContext (VoteContext.java:log(49)) - s2@group-D5CC796A79A9-FOLLOWER: accept PRE_VOTE from s0: our priority 0 <= candidate's priority 0
2023-02-23 08:44:20,603 [grpc-default-executor-5] INFO  server.RaftServer$Division (RaftServerImpl.java:requestVote(1335)) - s2@group-D5CC796A79A9 replies to PRE_VOTE vote request: s0<-s2#0:OK-t1. Peer's state: s2@group-D5CC796A79A9:t1, leader=s1, voted=s1, raftlog=Memoized:s2@group-D5CC796A79A9-SegmentedRaftLog:OPENED:c0, conf=0: peers:[s0|rpc:localhost:44609|admin:localhost:43339|client:localhost:35167|dataStream:localhost:45017|priority:0|startupRole:FOLLOWER, s1|rpc:localhost:46005|admin:localhost:39871|client:localhost:43155|dataStream:localhost:44881|priority:0|startupRole:FOLLOWER, s2|rpc:localhost:40131|admin:localhost:41173|client:localhost:45441|dataStream:localhost:41833|priority:0|startupRole:FOLLOWER]|listeners:[], old=null
2023-02-23 08:44:20,611 [s0@group-D5CC796A79A9-LeaderElection5] INFO  impl.LeaderElection (LeaderElection.java:askForVotes(309)) - s0@group-D5CC796A79A9-LeaderElection5 ELECTION round 0: submit vote requests at term 2 for 0: peers:[s0|rpc:localhost:44609|admin:localhost:43339|client:localhost:35167|dataStream:localhost:45017|priority:0|startupRole:FOLLOWER, s1|rpc:localhost:46005|admin:localhost:39871|client:localhost:43155|dataStream:localhost:44881|priority:0|startupRole:FOLLOWER, s2|rpc:localhost:40131|admin:localhost:41173|client:localhost:45441|dataStream:localhost:41833|priority:0|startupRole:FOLLOWER]|listeners:[], old=null
2023-02-23 08:44:20,682 [grpc-default-executor-5] INFO  server.RaftServer$Division (RaftServerImpl.java:requestVote(1302)) - s1@group-D5CC796A79A9: receive requestVote(ELECTION, s0, group-D5CC796A79A9, 2, (t:1, i:0))
2023-02-23 08:44:20,682 [grpc-default-executor-5] INFO  impl.VoteContext (VoteContext.java:log(49)) - s1@group-D5CC796A79A9-FOLLOWER: accept ELECTION from s0: our priority 0 <= candidate's priority 0
2023-02-23 08:44:20,682 [grpc-default-executor-5] INFO  server.RaftServer$Division (RaftServerImpl.java:setRole(329)) - s1@group-D5CC796A79A9: changes role from  FOLLOWER to FOLLOWER at term 2 for candidate:s0
2023-02-23 08:44:20,682 [grpc-default-executor-5] INFO  impl.RoleInfo (RoleInfo.java:shutdownFollowerState(110)) - s1: shutdown s1@group-D5CC796A79A9-FollowerState
2023-02-23 08:44:20,683 [grpc-default-executor-5] INFO  impl.RoleInfo (RoleInfo.java:updateAndGet(139)) - s1: start s1@group-D5CC796A79A9-FollowerState
2023-02-23 08:44:20,683 [s1@group-D5CC796A79A9-FollowerState] INFO  impl.FollowerState (FollowerState.java:run(152)) - s1@group-D5CC796A79A9-FollowerState was interrupted
2023-02-23 08:44:20,686 [grpc-default-executor-5] INFO  server.RaftServer$Division (RaftServerImpl.java:requestVote(1335)) - s1@group-D5CC796A79A9 replies to ELECTION vote request: s0<-s1#0:OK-t2. Peer's state: s1@group-D5CC796A79A9:t2, leader=null, voted=s0, raftlog=Memoized:s1@group-D5CC796A79A9-SegmentedRaftLog:OPENED:c0, conf=0: peers:[s0|rpc:localhost:44609|admin:localhost:43339|client:localhost:35167|dataStream:localhost:45017|priority:0|startupRole:FOLLOWER, s1|rpc:localhost:46005|admin:localhost:39871|client:localhost:43155|dataStream:localhost:44881|priority:0|startupRole:FOLLOWER, s2|rpc:localhost:40131|admin:localhost:41173|client:localhost:45441|dataStream:localhost:41833|priority:0|startupRole:FOLLOWER]|listeners:[], old=null
2023-02-23 08:44:20,686 [s0@group-D5CC796A79A9-LeaderElection5] INFO  impl.LeaderElection (LeaderElection.java:logAndReturn(89)) - s0@group-D5CC796A79A9-LeaderElection5: ELECTION PASSED received 1 response(s) and 0 exception(s):
2023-02-23 08:44:20,687 [s0@group-D5CC796A79A9-LeaderElection5] INFO  impl.LeaderElection (LeaderElection.java:logAndReturn(93)) -   Response 0: s0<-s1#0:OK-t2
2023-02-23 08:44:20,687 [s0@group-D5CC796A79A9-LeaderElection5] INFO  impl.LeaderElection (LeaderElection.java:askForVotes(311)) - s0@group-D5CC796A79A9-LeaderElection5 ELECTION round 0: result PASSED
2023-02-23 08:44:20,687 [s0@group-D5CC796A79A9-LeaderElection5] INFO  impl.RoleInfo (RoleInfo.java:shutdownLeaderElection(130)) - s0: shutdown s0@group-D5CC796A79A9-LeaderElection5
2023-02-23 08:44:20,687 [s0@group-D5CC796A79A9-LeaderElection5] INFO  server.RaftServer$Division (RaftServerImpl.java:setRole(329)) - s0@group-D5CC796A79A9: changes role from CANDIDATE to LEADER at term 2 for changeToLeader
2023-02-23 08:44:20,687 [s0@group-D5CC796A79A9-LeaderElection5] INFO  server.RaftServer$Division (ServerState.java:setLeader(260)) - s0@group-D5CC796A79A9: change Leader from null to s0 at term 2 for becomeLeader, leader elected after 161ms
2023-02-23 08:44:20,687 [s0@group-D5CC796A79A9-LeaderElection5] INFO  server.RaftServerConfigKeys (ConfUtils.java:logGet(46)) - raft.server.staging.catchup.gap = 1000 (default)
2023-02-23 08:44:20,687 [s0@group-D5CC796A79A9-LeaderElection5] INFO  server.RaftServerConfigKeys (ConfUtils.java:logGet(46)) - raft.server.write.element-limit = 4096 (default)
2023-02-23 08:44:20,687 [s0@group-D5CC796A79A9-LeaderElection5] INFO  server.RaftServerConfigKeys (ConfUtils.java:logGet(46)) - raft.server.write.byte-limit = 64MB (=67108864) (default)
2023-02-23 08:44:20,687 [s0@group-D5CC796A79A9-LeaderElection5] INFO  server.RaftServerConfigKeys (ConfUtils.java:logGet(46)) - raft.server.watch.timeout = 10s (default)
2023-02-23 08:44:20,687 [s0@group-D5CC796A79A9-LeaderElection5] INFO  server.RaftServerConfigKeys (ConfUtils.java:logGet(46)) - raft.server.watch.timeout.denomination = 1s (default)
2023-02-23 08:44:20,687 [s0@group-D5CC796A79A9-LeaderElection5] INFO  server.RaftServerConfigKeys (ConfUtils.java:logGet(46)) - raft.server.watch.element-limit = 65536 (default)
2023-02-23 08:44:20,687 [s0@group-D5CC796A79A9-LeaderElection5] INFO  server.RaftServerConfigKeys (ConfUtils.java:logGet(46)) - raft.server.write.element-limit = 4096 (default)
2023-02-23 08:44:20,687 [s0@group-D5CC796A79A9-LeaderElection5] INFO  server.RaftServerConfigKeys (ConfUtils.java:logGet(46)) - raft.server.write.follower.gap.ratio.max = -1.0 (default)
2023-02-23 08:44:20,687 [s0@group-D5CC796A79A9-LeaderElection5] INFO  server.RaftServerConfigKeys (ConfUtils.java:logGet(46)) - raft.server.log.appender.snapshot.chunk.size.max = 16MB (=16777216) (default)
2023-02-23 08:44:20,688 [s0@group-D5CC796A79A9-LeaderElection5] INFO  server.RaftServerConfigKeys (ConfUtils.java:logGet(46)) - raft.server.log.appender.buffer.byte-limit = 4MB (=4194304) (default)
2023-02-23 08:44:20,688 [s0@group-D5CC796A79A9-LeaderElection5] INFO  server.RaftServerConfigKeys (ConfUtils.java:logGet(46)) - raft.server.log.appender.buffer.element-limit = 0 (default)
2023-02-23 08:44:20,688 [s0@group-D5CC796A79A9-LeaderElection5] INFO  grpc.GrpcConfigKeys (ConfUtils.java:logGet(46)) - raft.grpc.server.leader.outstanding.appends.max = 128 (default)
2023-02-23 08:44:20,688 [s0@group-D5CC796A79A9-LeaderElection5] INFO  server.RaftServerConfigKeys (ConfUtils.java:logGet(46)) - raft.server.rpc.request.timeout = 3000ms (default)
2023-02-23 08:44:20,688 [s0@group-D5CC796A79A9-LeaderElection5] INFO  server.RaftServerConfigKeys (ConfUtils.java:logGet(46)) - raft.server.log.appender.install.snapshot.enabled = true (default)
2023-02-23 08:44:20,688 [s0@group-D5CC796A79A9-LeaderElection5] INFO  grpc.GrpcConfigKeys (ConfUtils.java:logGet(46)) - raft.grpc.server.heartbeat.channel = true (default)
2023-02-23 08:44:20,688 [s0@group-D5CC796A79A9-LeaderElection5] INFO  server.RaftServerConfigKeys (ConfUtils.java:logGet(46)) - raft.server.log.appender.wait-time.min = 10ms (default)
2023-02-23 08:44:20,688 [s0@group-D5CC796A79A9-LeaderElection5] INFO  server.RaftServerConfigKeys (ConfUtils.java:logGet(46)) - raft.server.log.appender.snapshot.chunk.size.max = 16MB (=16777216) (default)
2023-02-23 08:44:20,689 [s0@group-D5CC796A79A9-LeaderElection5] INFO  server.RaftServerConfigKeys (ConfUtils.java:logGet(46)) - raft.server.log.appender.buffer.byte-limit = 4MB (=4194304) (default)
2023-02-23 08:44:20,689 [s0@group-D5CC796A79A9-LeaderElection5] INFO  server.RaftServerConfigKeys (ConfUtils.java:logGet(46)) - raft.server.log.appender.buffer.element-limit = 0 (default)
2023-02-23 08:44:20,689 [s0@group-D5CC796A79A9-LeaderElection5] INFO  grpc.GrpcConfigKeys (ConfUtils.java:logGet(46)) - raft.grpc.server.leader.outstanding.appends.max = 128 (default)
2023-02-23 08:44:20,689 [s0@group-D5CC796A79A9-LeaderElection5] INFO  server.RaftServerConfigKeys (ConfUtils.java:logGet(46)) - raft.server.rpc.request.timeout = 3000ms (default)
2023-02-23 08:44:20,689 [s0@group-D5CC796A79A9-LeaderElection5] INFO  server.RaftServerConfigKeys (ConfUtils.java:logGet(46)) - raft.server.log.appender.install.snapshot.enabled = true (default)
2023-02-23 08:44:20,689 [s0@group-D5CC796A79A9-LeaderElection5] INFO  grpc.GrpcConfigKeys (ConfUtils.java:logGet(46)) - raft.grpc.server.heartbeat.channel = true (default)
2023-02-23 08:44:20,689 [s0@group-D5CC796A79A9-LeaderElection5] INFO  server.RaftServerConfigKeys (ConfUtils.java:logGet(46)) - raft.server.log.appender.wait-time.min = 10ms (default)
2023-02-23 08:44:20,689 [s0@group-D5CC796A79A9-LeaderElection5] INFO  impl.RoleInfo (RoleInfo.java:updateAndGet(139)) - s0: start s0@group-D5CC796A79A9-LeaderStateImpl
2023-02-23 08:44:20,691 [s0@group-D5CC796A79A9-LeaderElection5] INFO  segmented.SegmentedRaftLogWorker (SegmentedRaftLogWorker.java:rollLogSegment(431)) - s0@group-D5CC796A79A9-SegmentedRaftLogWorker: Rolling segment log-0_0 to index:0
2023-02-23 08:44:20,693 [s0@group-D5CC796A79A9-SegmentedRaftLogWorker] TRACE util.FileUtils (LogUtils.java:runAndLog(49)) - Successfully ran Atomic Files.move /home/runner/work/ratis/ratis/ratis-test/target/test/data/74e677c2/MiniRaftClusterWithRpcTypeGrpcAndDataStreamTypeNetty7c12e66b/s0/88259b85-7cb7-47c2-b0b3-d5cc796a79a9/current/log_inprogress_0 to /home/runner/work/ratis/ratis/ratis-test/target/test/data/74e677c2/MiniRaftClusterWithRpcTypeGrpcAndDataStreamTypeNetty7c12e66b/s0/88259b85-7cb7-47c2-b0b3-d5cc796a79a9/current/log_0-0
2023-02-23 08:44:20,693 [s0@group-D5CC796A79A9-SegmentedRaftLogWorker] INFO  segmented.SegmentedRaftLogWorker (SegmentedRaftLogWorker.java:execute(587)) - s0@group-D5CC796A79A9-SegmentedRaftLogWorker: Rolled log segment from /home/runner/work/ratis/ratis/ratis-test/target/test/data/74e677c2/MiniRaftClusterWithRpcTypeGrpcAndDataStreamTypeNetty7c12e66b/s0/88259b85-7cb7-47c2-b0b3-d5cc796a79a9/current/log_inprogress_0 to /home/runner/work/ratis/ratis/ratis-test/target/test/data/74e677c2/MiniRaftClusterWithRpcTypeGrpcAndDataStreamTypeNetty7c12e66b/s0/88259b85-7cb7-47c2-b0b3-d5cc796a79a9/current/log_0-0
2023-02-23 08:44:20,702 [s0@group-D5CC796A79A9-LeaderElection5] INFO  server.RaftServer$Division (ServerState.java:setRaftConf(378)) - s0@group-D5CC796A79A9: set configuration 1: peers:[s0|rpc:localhost:44609|admin:localhost:43339|client:localhost:35167|dataStream:localhost:45017|priority:0|startupRole:FOLLOWER, s1|rpc:localhost:46005|admin:localhost:39871|client:localhost:43155|dataStream:localhost:44881|priority:0|startupRole:FOLLOWER, s2|rpc:localhost:40131|admin:localhost:41173|client:localhost:45441|dataStream:localhost:41833|priority:0|startupRole:FOLLOWER]|listeners:[], old=null
2023-02-23 08:44:20,710 [s0@group-D5CC796A79A9-SegmentedRaftLogWorker] INFO  segmented.SegmentedRaftLogWorker (SegmentedRaftLogWorker.java:execute(630)) - s0@group-D5CC796A79A9-SegmentedRaftLogWorker: created new log segment /home/runner/work/ratis/ratis/ratis-test/target/test/data/74e677c2/MiniRaftClusterWithRpcTypeGrpcAndDataStreamTypeNetty7c12e66b/s0/88259b85-7cb7-47c2-b0b3-d5cc796a79a9/current/log_inprogress_1
2023-02-23 08:44:20,710 [grpc-default-executor-5] INFO  server.RaftServer$Division (RaftServerImpl.java:requestVote(1302)) - s2@group-D5CC796A79A9: receive requestVote(ELECTION, s0, group-D5CC796A79A9, 2, (t:1, i:0))
2023-02-23 08:44:20,710 [grpc-default-executor-5] INFO  impl.VoteContext (VoteContext.java:log(49)) - s2@group-D5CC796A79A9-FOLLOWER: accept ELECTION from s0: our priority 0 <= candidate's priority 0
2023-02-23 08:44:20,710 [grpc-default-executor-5] INFO  server.RaftServer$Division (ServerState.java:setLeader(260)) - s2@group-D5CC796A79A9: change Leader from s1 to null at term 2 for updateCurrentTerm
2023-02-23 08:44:20,710 [grpc-default-executor-5] INFO  server.RaftServer$Division (RaftServerImpl.java:setRole(329)) - s2@group-D5CC796A79A9: changes role from  FOLLOWER to FOLLOWER at term 2 for candidate:s0
2023-02-23 08:44:20,710 [grpc-default-executor-5] INFO  impl.RoleInfo (RoleInfo.java:shutdownFollowerState(110)) - s2: shutdown s2@group-D5CC796A79A9-FollowerState
2023-02-23 08:44:20,711 [grpc-default-executor-5] INFO  impl.RoleInfo (RoleInfo.java:updateAndGet(139)) - s2: start s2@group-D5CC796A79A9-FollowerState
2023-02-23 08:44:20,711 [s2@group-D5CC796A79A9-FollowerState] INFO  impl.FollowerState (FollowerState.java:run(152)) - s2@group-D5CC796A79A9-FollowerState was interrupted
2023-02-23 08:44:20,712 [grpc-default-executor-5] INFO  server.RaftServer$Division (RaftServerImpl.java:requestVote(1335)) - s2@group-D5CC796A79A9 replies to ELECTION vote request: s0<-s2#0:OK-t2. Peer's state: s2@group-D5CC796A79A9:t2, leader=null, voted=s0, raftlog=Memoized:s2@group-D5CC796A79A9-SegmentedRaftLog:OPENED:c0, conf=0: peers:[s0|rpc:localhost:44609|admin:localhost:43339|client:localhost:35167|dataStream:localhost:45017|priority:0|startupRole:FOLLOWER, s1|rpc:localhost:46005|admin:localhost:39871|client:localhost:43155|dataStream:localhost:44881|priority:0|startupRole:FOLLOWER, s2|rpc:localhost:40131|admin:localhost:41173|client:localhost:45441|dataStream:localhost:41833|priority:0|startupRole:FOLLOWER]|listeners:[], old=null
2023-02-23 08:44:20,720 [s2-server-thread2] INFO  server.RaftServer$Division (ServerState.java:setLeader(260)) - s2@group-D5CC796A79A9: change Leader from null to s0 at term 2 for appendEntries, leader elected after 9ms
2023-02-23 08:44:20,725 [s1-server-thread1] INFO  server.RaftServer$Division (ServerState.java:setLeader(260)) - s1@group-D5CC796A79A9: change Leader from null to s0 at term 2 for appendEntries, leader elected after 491ms
2023-02-23 08:44:20,758 [s2-server-thread2] INFO  server.RaftServer$Division (ServerState.java:setRaftConf(378)) - s2@group-D5CC796A79A9: set configuration 1: peers:[s0|rpc:localhost:44609|admin:localhost:43339|client:localhost:35167|dataStream:localhost:45017|priority:0|startupRole:FOLLOWER, s1|rpc:localhost:46005|admin:localhost:39871|client:localhost:43155|dataStream:localhost:44881|priority:0|startupRole:FOLLOWER, s2|rpc:localhost:40131|admin:localhost:41173|client:localhost:45441|dataStream:localhost:41833|priority:0|startupRole:FOLLOWER]|listeners:[], old=null
2023-02-23 08:44:20,758 [s2-server-thread2] INFO  segmented.SegmentedRaftLogWorker (SegmentedRaftLogWorker.java:rollLogSegment(431)) - s2@group-D5CC796A79A9-SegmentedRaftLogWorker: Rolling segment log-0_0 to index:0
2023-02-23 08:44:20,759 [s2@group-D5CC796A79A9-SegmentedRaftLogWorker] TRACE util.FileUtils (LogUtils.java:runAndLog(49)) - Successfully ran Atomic Files.move /home/runner/work/ratis/ratis/ratis-test/target/test/data/74e677c2/MiniRaftClusterWithRpcTypeGrpcAndDataStreamTypeNetty7c12e66b/s2/88259b85-7cb7-47c2-b0b3-d5cc796a79a9/current/log_inprogress_0 to /home/runner/work/ratis/ratis/ratis-test/target/test/data/74e677c2/MiniRaftClusterWithRpcTypeGrpcAndDataStreamTypeNetty7c12e66b/s2/88259b85-7cb7-47c2-b0b3-d5cc796a79a9/current/log_0-0
2023-02-23 08:44:20,759 [s2@group-D5CC796A79A9-SegmentedRaftLogWorker] INFO  segmented.SegmentedRaftLogWorker (SegmentedRaftLogWorker.java:execute(587)) - s2@group-D5CC796A79A9-SegmentedRaftLogWorker: Rolled log segment from /home/runner/work/ratis/ratis/ratis-test/target/test/data/74e677c2/MiniRaftClusterWithRpcTypeGrpcAndDataStreamTypeNetty7c12e66b/s2/88259b85-7cb7-47c2-b0b3-d5cc796a79a9/current/log_inprogress_0 to /home/runner/work/ratis/ratis/ratis-test/target/test/data/74e677c2/MiniRaftClusterWithRpcTypeGrpcAndDataStreamTypeNetty7c12e66b/s2/88259b85-7cb7-47c2-b0b3-d5cc796a79a9/current/log_0-0
2023-02-23 08:44:20,767 [s1-server-thread1] INFO  server.RaftServer$Division (ServerState.java:setRaftConf(378)) - s1@group-D5CC796A79A9: set configuration 1: peers:[s0|rpc:localhost:44609|admin:localhost:43339|client:localhost:35167|dataStream:localhost:45017|priority:0|startupRole:FOLLOWER, s1|rpc:localhost:46005|admin:localhost:39871|client:localhost:43155|dataStream:localhost:44881|priority:0|startupRole:FOLLOWER, s2|rpc:localhost:40131|admin:localhost:41173|client:localhost:45441|dataStream:localhost:41833|priority:0|startupRole:FOLLOWER]|listeners:[], old=null
2023-02-23 08:44:20,775 [s1-server-thread1] INFO  segmented.SegmentedRaftLogWorker (SegmentedRaftLogWorker.java:rollLogSegment(431)) - s1@group-D5CC796A79A9-SegmentedRaftLogWorker: Rolling segment log-0_0 to index:0
2023-02-23 08:44:20,776 [s1@group-D5CC796A79A9-SegmentedRaftLogWorker] TRACE util.FileUtils (LogUtils.java:runAndLog(49)) - Successfully ran Atomic Files.move /home/runner/work/ratis/ratis/ratis-test/target/test/data/74e677c2/MiniRaftClusterWithRpcTypeGrpcAndDataStreamTypeNetty7c12e66b/s1/88259b85-7cb7-47c2-b0b3-d5cc796a79a9/current/log_inprogress_0 to /home/runner/work/ratis/ratis/ratis-test/target/test/data/74e677c2/MiniRaftClusterWithRpcTypeGrpcAndDataStreamTypeNetty7c12e66b/s1/88259b85-7cb7-47c2-b0b3-d5cc796a79a9/current/log_0-0
2023-02-23 08:44:20,776 [s1@group-D5CC796A79A9-SegmentedRaftLogWorker] INFO  segmented.SegmentedRaftLogWorker (SegmentedRaftLogWorker.java:execute(587)) - s1@group-D5CC796A79A9-SegmentedRaftLogWorker: Rolled log segment from /home/runner/work/ratis/ratis/ratis-test/target/test/data/74e677c2/MiniRaftClusterWithRpcTypeGrpcAndDataStreamTypeNetty7c12e66b/s1/88259b85-7cb7-47c2-b0b3-d5cc796a79a9/current/log_inprogress_0 to /home/runner/work/ratis/ratis/ratis-test/target/test/data/74e677c2/MiniRaftClusterWithRpcTypeGrpcAndDataStreamTypeNetty7c12e66b/s1/88259b85-7cb7-47c2-b0b3-d5cc796a79a9/current/log_0-0
2023-02-23 08:44:20,773 [s2@group-D5CC796A79A9-SegmentedRaftLogWorker] INFO  segmented.SegmentedRaftLogWorker (SegmentedRaftLogWorker.java:execute(630)) - s2@group-D5CC796A79A9-SegmentedRaftLogWorker: created new log segment /home/runner/work/ratis/ratis/ratis-test/target/test/data/74e677c2/MiniRaftClusterWithRpcTypeGrpcAndDataStreamTypeNetty7c12e66b/s2/88259b85-7cb7-47c2-b0b3-d5cc796a79a9/current/log_inprogress_1
2023-02-23 08:44:20,828 [s1@group-D5CC796A79A9-SegmentedRaftLogWorker] INFO  segmented.SegmentedRaftLogWorker (SegmentedRaftLogWorker.java:execute(630)) - s1@group-D5CC796A79A9-SegmentedRaftLogWorker: created new log segment /home/runner/work/ratis/ratis/ratis-test/target/test/data/74e677c2/MiniRaftClusterWithRpcTypeGrpcAndDataStreamTypeNetty7c12e66b/s1/88259b85-7cb7-47c2-b0b3-d5cc796a79a9/current/log_inprogress_1
2023-02-23 08:44:20,981 [grpc-default-executor-3] INFO  server.GrpcServerProtocolService (GrpcServerProtocolService.java:onCompleted(143)) - s0: Completed APPEND_ENTRIES, lastRequest: s1->s0#1-t1,previous=(t:0, i:0),leaderCommit=-1,initializing? true,entries: size=1, first=(t:1, i:0), CONFIGURATIONENTRY(current:id: "s0"
address: "localhost:44609"
dataStreamAddress: "localhost:45017"
clientAddress: "localhost:35167"
adminAddress: "localhost:43339"
startupRole: FOLLOWER
,id: "s1"
address: "localhost:46005"
dataStreamAddress: "localhost:44881"
clientAddress: "localhost:43155"
adminAddress: "localhost:39871"
startupRole: FOLLOWER
,id: "s2"
address: "localhost:40131"
dataStreamAddress: "localhost:41833"
clientAddress: "localhost:45441"
adminAddress: "localhost:41173"
startupRole: FOLLOWER
, old:)
2023-02-23 08:44:20,981 [grpc-default-executor-0] INFO  server.GrpcLogAppender (GrpcLogAppender.java:onCompleted(417)) - s1@group-D5CC796A79A9->s0-AppendLogResponseHandler: follower responses appendEntries COMPLETED
2023-02-23 08:44:20,981 [grpc-default-executor-0] INFO  leader.FollowerInfo (FollowerInfoImpl.java:lambda$new$0(52)) - s1@group-D5CC796A79A9->s0: nextIndex: updateUnconditionally 0 -> 0
2023-02-23 08:44:21,007 [grpc-default-executor-4] INFO  server.GrpcServerProtocolService (GrpcServerProtocolService.java:onCompleted(143)) - s2: Completed APPEND_ENTRIES, lastRequest: s1->s2#1-t1,previous=(t:0, i:0),leaderCommit=-1,initializing? true,entries: size=1, first=(t:1, i:0), CONFIGURATIONENTRY(current:id: "s0"
address: "localhost:44609"
dataStreamAddress: "localhost:45017"
clientAddress: "localhost:35167"
adminAddress: "localhost:43339"
startupRole: FOLLOWER
,id: "s1"
address: "localhost:46005"
dataStreamAddress: "localhost:44881"
clientAddress: "localhost:43155"
adminAddress: "localhost:39871"
startupRole: FOLLOWER
,id: "s2"
address: "localhost:40131"
dataStreamAddress: "localhost:41833"
clientAddress: "localhost:45441"
adminAddress: "localhost:41173"
startupRole: FOLLOWER
, old:)
2023-02-23 08:44:21,008 [grpc-default-executor-3] INFO  server.GrpcLogAppender (GrpcLogAppender.java:onCompleted(417)) - s1@group-D5CC796A79A9->s2-AppendLogResponseHandler: follower responses appendEntries COMPLETED
2023-02-23 08:44:21,008 [grpc-default-executor-3] INFO  leader.FollowerInfo (FollowerInfoImpl.java:lambda$new$0(52)) - s1@group-D5CC796A79A9->s2: nextIndex: updateUnconditionally 0 -> 0
2023-02-23 08:44:24,200 [pool-6-thread-11] INFO  datastream.DataStreamTestUtils (DataStreamTestUtils.java:writeAndCloseAndAssertReplies(320)) - Stream378: bytesWritten=3772814
2023-02-23 08:44:24,376 [pool-6-thread-12] INFO  datastream.DataStreamTestUtils (DataStreamTestUtils.java:writeAndCloseAndAssertReplies(320)) - Stream379: bytesWritten=3744223
2023-02-23 08:44:24,622 [pool-6-thread-10] INFO  datastream.DataStreamTestUtils (DataStreamTestUtils.java:writeAndCloseAndAssertReplies(320)) - Stream377: bytesWritten=3750975
2023-02-23 08:44:24,720 [s0-client-thread1] INFO  statemachine.StateMachine (DataStreamTestUtils.java:link(157)) - link SingleDataStream: writeRequest=RaftClientRequest:client-813405745949->s0@group-D5CC796A79A9, cid=378, seq=0, DataStream, Message:<EMPTY>, logEntry=null
2023-02-23 08:44:24,721 [s2-server-thread3] INFO  statemachine.StateMachine (DataStreamTestUtils.java:link(157)) - link SingleDataStream: writeRequest=RaftClientRequest:client-813405745949->s0@group-D5CC796A79A9, cid=378, seq=0, DataStream, Message:<EMPTY>, logEntry=null
2023-02-23 08:44:24,721 [s1-server-thread3] INFO  statemachine.StateMachine (DataStreamTestUtils.java:link(157)) - link SingleDataStream: writeRequest=RaftClientRequest:client-813405745949->s0@group-D5CC796A79A9, cid=378, seq=0, DataStream, Message:<EMPTY>, logEntry=null
2023-02-23 08:44:24,728 [s0-client-thread1] INFO  statemachine.StateMachine (DataStreamTestUtils.java:link(157)) - link SingleDataStream: writeRequest=RaftClientRequest:client-813405745949->s0@group-D5CC796A79A9, cid=379, seq=0, DataStream, Message:<EMPTY>, logEntry=null
2023-02-23 08:44:24,729 [s2-server-thread3] INFO  statemachine.StateMachine (DataStreamTestUtils.java:link(157)) - link SingleDataStream: writeRequest=RaftClientRequest:client-813405745949->s0@group-D5CC796A79A9, cid=379, seq=0, DataStream, Message:<EMPTY>, logEntry=null
2023-02-23 08:44:24,730 [s1-server-thread3] INFO  statemachine.StateMachine (DataStreamTestUtils.java:link(157)) - link SingleDataStream: writeRequest=RaftClientRequest:client-813405745949->s0@group-D5CC796A79A9, cid=379, seq=0, DataStream, Message:<EMPTY>, logEntry=null
2023-02-23 08:44:24,731 [pool-6-thread-11] INFO  datastream.DataStreamTestUtils (DataStreamTestUtils.java:writeAndCloseAndAssertReplies(311)) - start Stream384
2023-02-23 08:44:24,737 [pool-6-thread-12] INFO  datastream.DataStreamTestUtils (DataStreamTestUtils.java:writeAndCloseAndAssertReplies(311)) - start Stream385
2023-02-23 08:44:24,958 [pool-6-thread-15] INFO  datastream.DataStreamTestUtils (DataStreamTestUtils.java:writeAndCloseAndAssertReplies(320)) - Stream382: bytesWritten=3763251
2023-02-23 08:44:25,000 [s0-client-thread1] INFO  statemachine.StateMachine (DataStreamTestUtils.java:link(157)) - link SingleDataStream: writeRequest=RaftClientRequest:client-813405745949->s0@group-D5CC796A79A9, cid=377, seq=0, DataStream, Message:<EMPTY>, logEntry=null
2023-02-23 08:44:25,001 [s2-server-thread2] INFO  statemachine.StateMachine (DataStreamTestUtils.java:link(157)) - link SingleDataStream: writeRequest=RaftClientRequest:client-813405745949->s0@group-D5CC796A79A9, cid=377, seq=0, DataStream, Message:<EMPTY>, logEntry=null
2023-02-23 08:44:25,001 [s1-server-thread2] INFO  statemachine.StateMachine (DataStreamTestUtils.java:link(157)) - link SingleDataStream: writeRequest=RaftClientRequest:client-813405745949->s0@group-D5CC796A79A9, cid=377, seq=0, DataStream, Message:<EMPTY>, logEntry=null
2023-02-23 08:44:25,004 [pool-6-thread-10] INFO  datastream.DataStreamTestUtils (DataStreamTestUtils.java:writeAndCloseAndAssertReplies(311)) - start Stream386
2023-02-23 08:44:25,192 [pool-6-thread-13] INFO  datastream.DataStreamTestUtils (DataStreamTestUtils.java:writeAndCloseAndAssertReplies(320)) - Stream380: bytesWritten=3745013
2023-02-23 08:44:25,533 [Timer-2] INFO  impl.MiniRaftCluster (MiniRaftCluster.java:lambda$start$6(349)) - TIMED-PRINT: printing ALL groups
  s0:  RUNNING    LEADER s0@group-D5CC796A79A9:t2, leader=s0, voted=s0, raftlog=Memoized:s0@group-D5CC796A79A9-SegmentedRaftLog:OPENED:c8, conf=1: peers:[s0|rpc:localhost:44609|admin:localhost:43339|client:localhost:35167|dataStream:localhost:45017|priority:0|startupRole:FOLLOWER, s1|rpc:localhost:46005|admin:localhost:39871|client:localhost:43155|dataStream:localhost:44881|priority:0|startupRole:FOLLOWER, s2|rpc:localhost:40131|admin:localhost:41173|client:localhost:45441|dataStream:localhost:41833|priority:0|startupRole:FOLLOWER]|listeners:[], old=null RUNNING
  s1:  RUNNING  FOLLOWER s1@group-D5CC796A79A9:t2, leader=s0, voted=s0, raftlog=Memoized:s1@group-D5CC796A79A9-SegmentedRaftLog:OPENED:c8, conf=1: peers:[s0|rpc:localhost:44609|admin:localhost:43339|client:localhost:35167|dataStream:localhost:45017|priority:0|startupRole:FOLLOWER, s1|rpc:localhost:46005|admin:localhost:39871|client:localhost:43155|dataStream:localhost:44881|priority:0|startupRole:FOLLOWER, s2|rpc:localhost:40131|admin:localhost:41173|client:localhost:45441|dataStream:localhost:41833|priority:0|startupRole:FOLLOWER]|listeners:[], old=null RUNNING
  s2:  RUNNING  FOLLOWER s2@group-D5CC796A79A9:t2, leader=s0, voted=s0, raftlog=Memoized:s2@group-D5CC796A79A9-SegmentedRaftLog:OPENED:c8, conf=1: peers:[s0|rpc:localhost:44609|admin:localhost:43339|client:localhost:35167|dataStream:localhost:45017|priority:0|startupRole:FOLLOWER, s1|rpc:localhost:46005|admin:localhost:39871|client:localhost:43155|dataStream:localhost:44881|priority:0|startupRole:FOLLOWER, s2|rpc:localhost:40131|admin:localhost:41173|client:localhost:45441|dataStream:localhost:41833|priority:0|startupRole:FOLLOWER]|listeners:[], old=null RUNNING
2023-02-23 08:44:25,639 [pool-6-thread-14] INFO  datastream.DataStreamTestUtils (DataStreamTestUtils.java:writeAndCloseAndAssertReplies(320)) - Stream381: bytesWritten=3754506
2023-02-23 08:44:25,774 [pool-6-thread-16] INFO  datastream.DataStreamTestUtils (DataStreamTestUtils.java:writeAndCloseAndAssertReplies(320)) - Stream383: bytesWritten=3749815
2023-02-23 08:44:26,161 [s0-client-thread1] INFO  statemachine.StateMachine (DataStreamTestUtils.java:link(157)) - link SingleDataStream: writeRequest=RaftClientRequest:client-813405745949->s0@group-D5CC796A79A9, cid=382, seq=0, DataStream, Message:<EMPTY>, logEntry=null
2023-02-23 08:44:26,163 [s2-server-thread2] INFO  statemachine.StateMachine (DataStreamTestUtils.java:link(157)) - link SingleDataStream: writeRequest=RaftClientRequest:client-813405745949->s0@group-D5CC796A79A9, cid=382, seq=0, DataStream, Message:<EMPTY>, logEntry=null
2023-02-23 08:44:26,163 [s1-server-thread3] INFO  statemachine.StateMachine (DataStreamTestUtils.java:link(157)) - link SingleDataStream: writeRequest=RaftClientRequest:client-813405745949->s0@group-D5CC796A79A9, cid=382, seq=0, DataStream, Message:<EMPTY>, logEntry=null
2023-02-23 08:44:26,177 [pool-6-thread-15] INFO  datastream.DataStreamTestUtils (DataStreamTestUtils.java:writeAndCloseAndAssertReplies(311)) - start Stream387
2023-02-23 08:44:26,801 [s0-client-thread1] INFO  statemachine.StateMachine (DataStreamTestUtils.java:link(157)) - link SingleDataStream: writeRequest=RaftClientRequest:client-813405745949->s0@group-D5CC796A79A9, cid=380, seq=0, DataStream, Message:<EMPTY>, logEntry=null
2023-02-23 08:44:26,803 [s1-server-thread3] INFO  statemachine.StateMachine (DataStreamTestUtils.java:link(157)) - link SingleDataStream: writeRequest=RaftClientRequest:client-813405745949->s0@group-D5CC796A79A9, cid=380, seq=0, DataStream, Message:<EMPTY>, logEntry=null
2023-02-23 08:44:26,803 [s2-server-thread2] INFO  statemachine.StateMachine (DataStreamTestUtils.java:link(157)) - link SingleDataStream: writeRequest=RaftClientRequest:client-813405745949->s0@group-D5CC796A79A9, cid=380, seq=0, DataStream, Message:<EMPTY>, logEntry=null
2023-02-23 08:44:26,805 [pool-6-thread-13] INFO  datastream.DataStreamTestUtils (DataStreamTestUtils.java:writeAndCloseAndAssertReplies(311)) - start Stream388
2023-02-23 08:44:26,960 [s0-client-thread1] INFO  statemachine.StateMachine (DataStreamTestUtils.java:link(157)) - link SingleDataStream: writeRequest=RaftClientRequest:client-813405745949->s0@group-D5CC796A79A9, cid=381, seq=0, DataStream, Message:<EMPTY>, logEntry=null
2023-02-23 08:44:26,962 [s2-server-thread3] INFO  statemachine.StateMachine (DataStreamTestUtils.java:link(157)) - link SingleDataStream: writeRequest=RaftClientRequest:client-813405745949->s0@group-D5CC796A79A9, cid=381, seq=0, DataStream, Message:<EMPTY>, logEntry=null
2023-02-23 08:44:26,962 [s1-server-thread2] INFO  statemachine.StateMachine (DataStreamTestUtils.java:link(157)) - link SingleDataStream: writeRequest=RaftClientRequest:client-813405745949->s0@group-D5CC796A79A9, cid=381, seq=0, DataStream, Message:<EMPTY>, logEntry=null
2023-02-23 08:44:26,970 [pool-6-thread-14] INFO  datastream.DataStreamTestUtils (DataStreamTestUtils.java:writeAndCloseAndAssertReplies(311)) - start Stream389
2023-02-23 08:44:26,973 [s0-client-thread1] INFO  statemachine.StateMachine (DataStreamTestUtils.java:link(157)) - link SingleDataStream: writeRequest=RaftClientRequest:client-813405745949->s0@group-D5CC796A79A9, cid=383, seq=0, DataStream, Message:<EMPTY>, logEntry=null
2023-02-23 08:44:26,973 [s1-server-thread3] INFO  statemachine.StateMachine (DataStreamTestUtils.java:link(157)) - link SingleDataStream: writeRequest=RaftClientRequest:client-813405745949->s0@group-D5CC796A79A9, cid=383, seq=0, DataStream, Message:<EMPTY>, logEntry=null
2023-02-23 08:44:26,974 [s2-server-thread3] INFO  statemachine.StateMachine (DataStreamTestUtils.java:link(157)) - link SingleDataStream: writeRequest=RaftClientRequest:client-813405745949->s0@group-D5CC796A79A9, cid=383, seq=0, DataStream, Message:<EMPTY>, logEntry=null
2023-02-23 08:44:26,979 [pool-6-thread-16] INFO  datastream.DataStreamTestUtils (DataStreamTestUtils.java:writeAndCloseAndAssertReplies(311)) - start Stream390
2023-02-23 08:44:28,134 [pool-6-thread-11] INFO  datastream.DataStreamTestUtils (DataStreamTestUtils.java:writeAndCloseAndAssertReplies(320)) - Stream384: bytesWritten=3763224
2023-02-23 08:44:29,607 [pool-6-thread-12] INFO  datastream.DataStreamTestUtils (DataStreamTestUtils.java:writeAndCloseAndAssertReplies(320)) - Stream385: bytesWritten=3734045
2023-02-23 08:44:30,386 [pool-6-thread-10] INFO  datastream.DataStreamTestUtils (DataStreamTestUtils.java:writeAndCloseAndAssertReplies(320)) - Stream386: bytesWritten=3740432
2023-02-23 08:44:31,448 [pool-6-thread-15] INFO  datastream.DataStreamTestUtils (DataStreamTestUtils.java:writeAndCloseAndAssertReplies(320)) - Stream387: bytesWritten=3748325
2023-02-23 08:44:31,978 [pool-6-thread-13] INFO  datastream.DataStreamTestUtils (DataStreamTestUtils.java:writeAndCloseAndAssertReplies(320)) - Stream388: bytesWritten=3756025
2023-02-23 08:44:32,142 [s0-client-thread1] INFO  statemachine.StateMachine (DataStreamTestUtils.java:link(157)) - link SingleDataStream: writeRequest=RaftClientRequest:client-813405745949->s0@group-D5CC796A79A9, cid=384, seq=0, DataStream, Message:<EMPTY>, logEntry=null
2023-02-23 08:44:32,146 [s2-server-thread3] INFO  statemachine.StateMachine (DataStreamTestUtils.java:link(157)) - link SingleDataStream: writeRequest=RaftClientRequest:client-813405745949->s0@group-D5CC796A79A9, cid=384, seq=0, DataStream, Message:<EMPTY>, logEntry=null
2023-02-23 08:44:32,146 [s1-server-thread3] INFO  statemachine.StateMachine (DataStreamTestUtils.java:link(157)) - link SingleDataStream: writeRequest=RaftClientRequest:client-813405745949->s0@group-D5CC796A79A9, cid=384, seq=0, DataStream, Message:<EMPTY>, logEntry=null
2023-02-23 08:44:32,146 [s0-client-thread1] INFO  statemachine.StateMachine (DataStreamTestUtils.java:link(157)) - link SingleDataStream: writeRequest=RaftClientRequest:client-813405745949->s0@group-D5CC796A79A9, cid=385, seq=0, DataStream, Message:<EMPTY>, logEntry=null
2023-02-23 08:44:32,148 [s1-server-thread3] INFO  statemachine.StateMachine (DataStreamTestUtils.java:link(157)) - link SingleDataStream: writeRequest=RaftClientRequest:client-813405745949->s0@group-D5CC796A79A9, cid=385, seq=0, DataStream, Message:<EMPTY>, logEntry=null
2023-02-23 08:44:32,149 [s2-server-thread3] INFO  statemachine.StateMachine (DataStreamTestUtils.java:link(157)) - link SingleDataStream: writeRequest=RaftClientRequest:client-813405745949->s0@group-D5CC796A79A9, cid=385, seq=0, DataStream, Message:<EMPTY>, logEntry=null
2023-02-23 08:44:32,157 [s0-client-thread1] INFO  statemachine.StateMachine (DataStreamTestUtils.java:link(157)) - link SingleDataStream: writeRequest=RaftClientRequest:client-813405745949->s0@group-D5CC796A79A9, cid=386, seq=0, DataStream, Message:<EMPTY>, logEntry=null
2023-02-23 08:44:32,158 [s1-server-thread3] INFO  statemachine.StateMachine (DataStreamTestUtils.java:link(157)) - link SingleDataStream: writeRequest=RaftClientRequest:client-813405745949->s0@group-D5CC796A79A9, cid=386, seq=0, DataStream, Message:<EMPTY>, logEntry=null
2023-02-23 08:44:32,158 [pool-6-thread-11] INFO  datastream.DataStreamTestUtils (DataStreamTestUtils.java:writeAndCloseAndAssertReplies(311)) - start Stream391
2023-02-23 08:44:32,158 [s2-server-thread3] INFO  statemachine.StateMachine (DataStreamTestUtils.java:link(157)) - link SingleDataStream: writeRequest=RaftClientRequest:client-813405745949->s0@group-D5CC796A79A9, cid=386, seq=0, DataStream, Message:<EMPTY>, logEntry=null
2023-02-23 08:44:32,159 [pool-6-thread-12] INFO  datastream.DataStreamTestUtils (DataStreamTestUtils.java:writeAndCloseAndAssertReplies(311)) - start Stream392
2023-02-23 08:44:32,161 [s0-client-thread1] INFO  statemachine.StateMachine (DataStreamTestUtils.java:link(157)) - link SingleDataStream: writeRequest=RaftClientRequest:client-813405745949->s0@group-D5CC796A79A9, cid=387, seq=0, DataStream, Message:<EMPTY>, logEntry=null
2023-02-23 08:44:32,165 [s1-server-thread3] INFO  statemachine.StateMachine (DataStreamTestUtils.java:link(157)) - link SingleDataStream: writeRequest=RaftClientRequest:client-813405745949->s0@group-D5CC796A79A9, cid=387, seq=0, DataStream, Message:<EMPTY>, logEntry=null
2023-02-23 08:44:32,166 [pool-6-thread-10] INFO  datastream.DataStreamTestUtils (DataStreamTestUtils.java:writeAndCloseAndAssertReplies(311)) - start Stream393
2023-02-23 08:44:32,187 [s2-server-thread3] INFO  statemachine.StateMachine (DataStreamTestUtils.java:link(157)) - link SingleDataStream: writeRequest=RaftClientRequest:client-813405745949->s0@group-D5CC796A79A9, cid=387, seq=0, DataStream, Message:<EMPTY>, logEntry=null
2023-02-23 08:44:32,188 [pool-6-thread-15] INFO  datastream.DataStreamTestUtils (DataStreamTestUtils.java:writeAndCloseAndAssertReplies(311)) - start Stream394
2023-02-23 08:44:32,318 [s0-client-thread1] INFO  statemachine.StateMachine (DataStreamTestUtils.java:link(157)) - link SingleDataStream: writeRequest=RaftClientRequest:client-813405745949->s0@group-D5CC796A79A9, cid=388, seq=0, DataStream, Message:<EMPTY>, logEntry=null
2023-02-23 08:44:32,319 [s2-server-thread1] INFO  statemachine.StateMachine (DataStreamTestUtils.java:link(157)) - link SingleDataStream: writeRequest=RaftClientRequest:client-813405745949->s0@group-D5CC796A79A9, cid=388, seq=0, DataStream, Message:<EMPTY>, logEntry=null
2023-02-23 08:44:32,320 [s1-server-thread3] INFO  statemachine.StateMachine (DataStreamTestUtils.java:link(157)) - link SingleDataStream: writeRequest=RaftClientRequest:client-813405745949->s0@group-D5CC796A79A9, cid=388, seq=0, DataStream, Message:<EMPTY>, logEntry=null
2023-02-23 08:44:32,359 [pool-6-thread-13] INFO  datastream.DataStreamTestUtils (DataStreamTestUtils.java:writeAndCloseAndAssertReplies(311)) - start Stream395
2023-02-23 08:44:33,565 [pool-6-thread-16] INFO  datastream.DataStreamTestUtils (DataStreamTestUtils.java:writeAndCloseAndAssertReplies(320)) - Stream390: bytesWritten=3742116
2023-02-23 08:44:33,629 [pool-6-thread-14] INFO  datastream.DataStreamTestUtils (DataStreamTestUtils.java:writeAndCloseAndAssertReplies(320)) - Stream389: bytesWritten=3743088
2023-02-23 08:44:37,361 [JvmPauseMonitor5] WARN  util.JvmPauseMonitor (JvmPauseMonitor.java:detectPause(124)) - JvmPauseMonitor-s1: Detected pause in JVM or host machine approximately 1.508s with 1.985s GC time.
GC pool 'G1 Young Generation' had collection(s): count=1 time=80ms
GC pool 'G1 Old Generation' had collection(s): count=1 time=1905ms
2023-02-23 08:44:37,361 [JvmPauseMonitor4] WARN  util.JvmPauseMonitor (JvmPauseMonitor.java:detectPause(124)) - JvmPauseMonitor-s0: Detected pause in JVM or host machine approximately 1.508s with 1.985s GC time.
GC pool 'G1 Young Generation' had collection(s): count=1 time=80ms
GC pool 'G1 Old Generation' had collection(s): count=1 time=1905ms
2023-02-23 08:44:37,361 [JvmPauseMonitor6] WARN  util.JvmPauseMonitor (JvmPauseMonitor.java:detectPause(124)) - JvmPauseMonitor-s2: Detected pause in JVM or host machine approximately 1.508s with 1.985s GC time.
GC pool 'G1 Young Generation' had collection(s): count=1 time=80ms
GC pool 'G1 Old Generation' had collection(s): count=1 time=1905ms
2023-02-23 08:44:37,361 [s0@group-D5CC796A79A9-LeaderStateImpl] WARN  server.RaftServer$Division (LeaderStateImpl.java:checkLeadership(1098)) - s0@group-D5CC796A79A9-LeaderStateImpl: Lost leadership on term: 2. Election timeout: 300ms. In charge for: 16674ms. Conf: 1: peers:[s0|rpc:localhost:44609|admin:localhost:43339|client:localhost:35167|dataStream:localhost:45017|priority:0|startupRole:FOLLOWER, s1|rpc:localhost:46005|admin:localhost:39871|client:localhost:43155|dataStream:localhost:44881|priority:0|startupRole:FOLLOWER, s2|rpc:localhost:40131|admin:localhost:41173|client:localhost:45441|dataStream:localhost:41833|priority:0|startupRole:FOLLOWER]|listeners:[], old=null
2023-02-23 08:44:37,361 [s0@group-D5CC796A79A9-LeaderStateImpl] WARN  server.RaftServer$Division (LeaderStateImpl.java:lambda$checkLeadership$20(1102)) - Follower s0@group-D5CC796A79A9->s1(c26,m26,n27, attendVote=true, lastRpcSendTime=2063, lastRpcResponseTime=2062)
2023-02-23 08:44:37,361 [s0@group-D5CC796A79A9-LeaderStateImpl] WARN  server.RaftServer$Division (LeaderStateImpl.java:lambda$checkLeadership$20(1102)) - Follower s0@group-D5CC796A79A9->s2(c26,m26,n27, attendVote=true, lastRpcSendTime=2063, lastRpcResponseTime=2063)
2023-02-23 08:44:37,361 [s0@group-D5CC796A79A9-LeaderStateImpl] INFO  server.RaftServer$Division (RaftServerImpl.java:setRole(329)) - s0@group-D5CC796A79A9: changes role from    LEADER to FOLLOWER at term 2 for StepDownReason:LOST_MAJORITY_HEARTBEATS
2023-02-23 08:44:37,361 [Timer-2] INFO  impl.MiniRaftCluster (MiniRaftCluster.java:lambda$start$6(349)) - TIMED-PRINT: printing ALL groups
  s0:  RUNNING    LEADER s0@group-D5CC796A79A9:t2, leader=s0, voted=s0, raftlog=Memoized:s0@group-D5CC796A79A9-SegmentedRaftLog:OPENED:c26, conf=1: peers:[s0|rpc:localhost:44609|admin:localhost:43339|client:localhost:35167|dataStream:localhost:45017|priority:0|startupRole:FOLLOWER, s1|rpc:localhost:46005|admin:localhost:39871|client:localhost:43155|dataStream:localhost:44881|priority:0|startupRole:FOLLOWER, s2|rpc:localhost:40131|admin:localhost:41173|client:localhost:45441|dataStream:localhost:41833|priority:0|startupRole:FOLLOWER]|listeners:[], old=null RUNNING
  s1:  RUNNING  FOLLOWER s1@group-D5CC796A79A9:t2, leader=s0, voted=s0, raftlog=Memoized:s1@group-D5CC796A79A9-SegmentedRaftLog:OPENED:c26, conf=1: peers:[s0|rpc:localhost:44609|admin:localhost:43339|client:localhost:35167|dataStream:localhost:45017|priority:0|startupRole:FOLLOWER, s1|rpc:localhost:46005|admin:localhost:39871|client:localhost:43155|dataStream:localhost:44881|priority:0|startupRole:FOLLOWER, s2|rpc:localhost:40131|admin:localhost:41173|client:localhost:45441|dataStream:localhost:41833|priority:0|startupRole:FOLLOWER]|listeners:[], old=null RUNNING
  s2:  RUNNING  FOLLOWER s2@group-D5CC796A79A9:t2, leader=s0, voted=s0, raftlog=Memoized:s2@group-D5CC796A79A9-SegmentedRaftLog:OPENED:c26, conf=1: peers:[s0|rpc:localhost:44609|admin:localhost:43339|client:localhost:35167|dataStream:localhost:45017|priority:0|startupRole:FOLLOWER, s1|rpc:localhost:46005|admin:localhost:39871|client:localhost:43155|dataStream:localhost:44881|priority:0|startupRole:FOLLOWER, s2|rpc:localhost:40131|admin:localhost:41173|client:localhost:45441|dataStream:localhost:41833|priority:0|startupRole:FOLLOWER]|listeners:[], old=null RUNNING
2023-02-23 08:44:37,361 [s0@group-D5CC796A79A9-LeaderStateImpl] INFO  impl.RoleInfo (RoleInfo.java:shutdownLeaderState(93)) - s0: shutdown s0@group-D5CC796A79A9-LeaderStateImpl
2023-02-23 08:44:37,362 [s1@group-D5CC796A79A9-FollowerState] WARN  impl.FollowerState (FollowerState.java:run(130)) - Unexpected long sleep: sleep 213ms but took extra 1854661990ns (> threshold = 300ms)
2023-02-23 08:44:37,362 [s0@group-D5CC796A79A9-LeaderStateImpl] INFO  impl.PendingRequests (PendingRequests.java:sendNotLeaderResponses(282)) - s0@group-D5CC796A79A9-PendingRequests: sendNotLeaderResponses
2023-02-23 08:44:37,362 [s0@group-D5CC796A79A9-LeaderStateImpl] INFO  server.RaftServer$Division (ServerState.java:setLeader(260)) - s0@group-D5CC796A79A9: change Leader from s0 to null at term 2 for StepDownReason:LOST_MAJORITY_HEARTBEATS
2023-02-23 08:44:37,362 [s0@group-D5CC796A79A9-LeaderStateImpl] INFO  impl.RoleInfo (RoleInfo.java:updateAndGet(139)) - s0: start s0@group-D5CC796A79A9-FollowerState
2023-02-23 08:44:37,365 [s2@group-D5CC796A79A9-FollowerState] WARN  impl.FollowerState (FollowerState.java:run(130)) - Unexpected long sleep: sleep 185ms but took extra 1968942431ns (> threshold = 300ms)
2023-02-23 08:44:37,367 [s0@group-D5CC796A79A9->s1-GrpcLogAppender-LogAppenderDaemon] WARN  server.GrpcLogAppender (GrpcLogAppender.java:mayWait(199)) - s0@group-D5CC796A79A9->s1-GrpcLogAppender: Wait interrupted by java.lang.InterruptedException
2023-02-23 08:44:37,367 [s0@group-D5CC796A79A9->s2-GrpcLogAppender-LogAppenderDaemon] WARN  server.GrpcLogAppender (GrpcLogAppender.java:mayWait(199)) - s0@group-D5CC796A79A9->s2-GrpcLogAppender: Wait interrupted by java.lang.InterruptedException
2023-02-23 08:44:37,379 [grpc-default-executor-3] INFO  server.GrpcServerProtocolService (GrpcServerProtocolService.java:onCompleted(143)) - s1: Completed APPEND_ENTRIES, lastRequest: s0->s1#260-t2,previous=(t:2, i:25),leaderCommit=25,initializing? true,entries: size=1, first=(t:2, i:26), METADATAENTRY(c:25)
2023-02-23 08:44:37,381 [grpc-default-executor-0] INFO  server.GrpcServerProtocolService (GrpcServerProtocolService.java:onCompleted(143)) - s2: Completed APPEND_ENTRIES, lastRequest: null
2023-02-23 08:44:37,381 [grpc-default-executor-4] INFO  server.GrpcLogAppender (GrpcLogAppender.java:onCompleted(417)) - s0@group-D5CC796A79A9->s1-AppendLogResponseHandler: follower responses appendEntries COMPLETED
2023-02-23 08:44:37,381 [grpc-default-executor-4] INFO  leader.FollowerInfo (FollowerInfoImpl.java:lambda$new$0(52)) - s0@group-D5CC796A79A9->s1: nextIndex: updateUnconditionally 27 -> 26
2023-02-23 08:44:37,386 [grpc-default-executor-0] INFO  server.GrpcLogAppender (GrpcLogAppender.java:onCompleted(417)) - s0@group-D5CC796A79A9->s2-AppendLogResponseHandler: follower responses appendEntries COMPLETED
2023-02-23 08:44:37,386 [grpc-default-executor-0] INFO  leader.FollowerInfo (FollowerInfoImpl.java:lambda$new$0(52)) - s0@group-D5CC796A79A9->s2: nextIndex: updateUnconditionally 27 -> 26
2023-02-23 08:44:37,394 [grpc-default-executor-4] INFO  server.GrpcServerProtocolService (GrpcServerProtocolService.java:onCompleted(143)) - s1: Completed APPEND_ENTRIES, lastRequest: null
2023-02-23 08:44:37,395 [grpc-default-executor-0] INFO  server.GrpcServerProtocolService (GrpcServerProtocolService.java:onCompleted(143)) - s2: Completed APPEND_ENTRIES, lastRequest: s0->s2#258-t2,previous=(t:2, i:25),leaderCommit=25,initializing? true,entries: size=1, first=(t:2, i:26), METADATAENTRY(c:25)
2023-02-23 08:44:37,398 [grpc-default-executor-0] INFO  server.GrpcLogAppender (GrpcLogAppender.java:onCompleted(417)) - s0@group-D5CC796A79A9->s2-AppendLogResponseHandler: follower responses appendEntries COMPLETED
2023-02-23 08:44:37,398 [grpc-default-executor-0] INFO  leader.FollowerInfo (FollowerInfoImpl.java:lambda$new$0(52)) - s0@group-D5CC796A79A9->s2: nextIndex: updateUnconditionally 26 -> 25
2023-02-23 08:44:37,400 [grpc-default-executor-4] INFO  server.GrpcLogAppender (GrpcLogAppender.java:onCompleted(417)) - s0@group-D5CC796A79A9->s1-AppendLogResponseHandler: follower responses appendEntries COMPLETED
2023-02-23 08:44:37,401 [grpc-default-executor-4] INFO  leader.FollowerInfo (FollowerInfoImpl.java:lambda$new$0(52)) - s0@group-D5CC796A79A9->s1: nextIndex: updateUnconditionally 26 -> 25
2023-02-23 08:44:37,523 [s0@group-D5CC796A79A9-FollowerState] INFO  impl.FollowerState (FollowerState.java:lostMajorityHeartbeatsRecently(108)) - s0@group-D5CC796A79A9-FollowerState: Skipping leader election since it stepped down recently (elapsed = 160ms < waitTime = 10s)
2023-02-23 08:44:37,632 [s1@group-D5CC796A79A9-FollowerState] INFO  impl.FollowerState (FollowerState.java:run(143)) - s1@group-D5CC796A79A9-FollowerState: change to CANDIDATE, lastRpcElapsedTime:2333907843ns, electionTimeout:270ms
2023-02-23 08:44:37,632 [s1@group-D5CC796A79A9-FollowerState] INFO  impl.RoleInfo (RoleInfo.java:shutdownFollowerState(110)) - s1: shutdown s1@group-D5CC796A79A9-FollowerState
2023-02-23 08:44:37,632 [s1@group-D5CC796A79A9-FollowerState] INFO  server.RaftServer$Division (RaftServerImpl.java:setRole(329)) - s1@group-D5CC796A79A9: changes role from  FOLLOWER to CANDIDATE at term 2 for changeToCandidate
2023-02-23 08:44:37,632 [s1@group-D5CC796A79A9-FollowerState] INFO  server.RaftServerConfigKeys (ConfUtils.java:logGet(46)) - raft.server.leaderelection.pre-vote = true (default)
2023-02-23 08:44:37,632 [s1@group-D5CC796A79A9-FollowerState] INFO  impl.RoleInfo (RoleInfo.java:updateAndGet(139)) - s1: start s1@group-D5CC796A79A9-LeaderElection6
2023-02-23 08:44:37,640 [s2@group-D5CC796A79A9-FollowerState] INFO  impl.FollowerState (FollowerState.java:run(143)) - s2@group-D5CC796A79A9-FollowerState: change to CANDIDATE, lastRpcElapsedTime:2341888955ns, electionTimeout:275ms
2023-02-23 08:44:37,640 [s2@group-D5CC796A79A9-FollowerState] INFO  impl.RoleInfo (RoleInfo.java:shutdownFollowerState(110)) - s2: shutdown s2@group-D5CC796A79A9-FollowerState
2023-02-23 08:44:37,640 [s2@group-D5CC796A79A9-FollowerState] INFO  server.RaftServer$Division (RaftServerImpl.java:setRole(329)) - s2@group-D5CC796A79A9: changes role from  FOLLOWER to CANDIDATE at term 2 for changeToCandidate
2023-02-23 08:44:37,640 [s2@group-D5CC796A79A9-FollowerState] INFO  server.RaftServerConfigKeys (ConfUtils.java:logGet(46)) - raft.server.leaderelection.pre-vote = true (default)
2023-02-23 08:44:37,640 [s2@group-D5CC796A79A9-FollowerState] INFO  impl.RoleInfo (RoleInfo.java:updateAndGet(139)) - s2: start s2@group-D5CC796A79A9-LeaderElection7
2023-02-23 08:44:37,649 [s1@group-D5CC796A79A9-LeaderElection6] INFO  server.RaftServer$Division (ServerState.java:setLeader(260)) - s1@group-D5CC796A79A9: change Leader from s0 to null at term 2 for PRE_VOTE
2023-02-23 08:44:37,649 [s1@group-D5CC796A79A9-LeaderElection6] INFO  impl.LeaderElection (LeaderElection.java:askForVotes(309)) - s1@group-D5CC796A79A9-LeaderElection6 PRE_VOTE round 0: submit vote requests at term 2 for 1: peers:[s0|rpc:localhost:44609|admin:localhost:43339|client:localhost:35167|dataStream:localhost:45017|priority:0|startupRole:FOLLOWER, s1|rpc:localhost:46005|admin:localhost:39871|client:localhost:43155|dataStream:localhost:44881|priority:0|startupRole:FOLLOWER, s2|rpc:localhost:40131|admin:localhost:41173|client:localhost:45441|dataStream:localhost:41833|priority:0|startupRole:FOLLOWER]|listeners:[], old=null
2023-02-23 08:44:37,658 [s2@group-D5CC796A79A9-LeaderElection7] INFO  server.RaftServer$Division (ServerState.java:setLeader(260)) - s2@group-D5CC796A79A9: change Leader from s0 to null at term 2 for PRE_VOTE
2023-02-23 08:44:37,660 [s2@group-D5CC796A79A9-LeaderElection7] INFO  impl.LeaderElection (LeaderElection.java:askForVotes(309)) - s2@group-D5CC796A79A9-LeaderElection7 PRE_VOTE round 0: submit vote requests at term 2 for 1: peers:[s0|rpc:localhost:44609|admin:localhost:43339|client:localhost:35167|dataStream:localhost:45017|priority:0|startupRole:FOLLOWER, s1|rpc:localhost:46005|admin:localhost:39871|client:localhost:43155|dataStream:localhost:44881|priority:0|startupRole:FOLLOWER, s2|rpc:localhost:40131|admin:localhost:41173|client:localhost:45441|dataStream:localhost:41833|priority:0|startupRole:FOLLOWER]|listeners:[], old=null
2023-02-23 08:44:37,690 [s2@group-D5CC796A79A9-LeaderElection7-1] INFO  server.GrpcServerProtocolClient (GrpcServerProtocolClient.java:<init>(63)) - Build channel for s0
2023-02-23 08:44:37,752 [grpc-default-executor-4] INFO  server.RaftServer$Division (RaftServerImpl.java:requestVote(1302)) - s0@group-D5CC796A79A9: receive requestVote(PRE_VOTE, s2, group-D5CC796A79A9, 2, (t:2, i:26))
2023-02-23 08:44:37,752 [grpc-default-executor-4] INFO  impl.VoteContext (VoteContext.java:log(49)) - s0@group-D5CC796A79A9-FOLLOWER: accept PRE_VOTE from s2: our priority 0 <= candidate's priority 0
2023-02-23 08:44:37,752 [grpc-default-executor-4] INFO  server.RaftServer$Division (RaftServerImpl.java:requestVote(1335)) - s0@group-D5CC796A79A9 replies to PRE_VOTE vote request: s2<-s0#0:OK-t2. Peer's state: s0@group-D5CC796A79A9:t2, leader=null, voted=s0, raftlog=Memoized:s0@group-D5CC796A79A9-SegmentedRaftLog:OPENED:c26, conf=1: peers:[s0|rpc:localhost:44609|admin:localhost:43339|client:localhost:35167|dataStream:localhost:45017|priority:0|startupRole:FOLLOWER, s1|rpc:localhost:46005|admin:localhost:39871|client:localhost:43155|dataStream:localhost:44881|priority:0|startupRole:FOLLOWER, s2|rpc:localhost:40131|admin:localhost:41173|client:localhost:45441|dataStream:localhost:41833|priority:0|startupRole:FOLLOWER]|listeners:[], old=null
2023-02-23 08:44:37,752 [grpc-default-executor-3] INFO  server.RaftServer$Division (RaftServerImpl.java:requestVote(1302)) - s2@group-D5CC796A79A9: receive requestVote(PRE_VOTE, s1, group-D5CC796A79A9, 2, (t:2, i:26))
2023-02-23 08:44:37,752 [grpc-default-executor-3] INFO  impl.VoteContext (VoteContext.java:log(49)) - s2@group-D5CC796A79A9-CANDIDATE: accept PRE_VOTE from s1: our priority 0 <= candidate's priority 0
2023-02-23 08:44:37,752 [grpc-default-executor-3] INFO  server.RaftServer$Division (RaftServerImpl.java:requestVote(1335)) - s2@group-D5CC796A79A9 replies to PRE_VOTE vote request: s1<-s2#0:OK-t2. Peer's state: s2@group-D5CC796A79A9:t2, leader=null, voted=s0, raftlog=Memoized:s2@group-D5CC796A79A9-SegmentedRaftLog:OPENED:c26, conf=1: peers:[s0|rpc:localhost:44609|admin:localhost:43339|client:localhost:35167|dataStream:localhost:45017|priority:0|startupRole:FOLLOWER, s1|rpc:localhost:46005|admin:localhost:39871|client:localhost:43155|dataStream:localhost:44881|priority:0|startupRole:FOLLOWER, s2|rpc:localhost:40131|admin:localhost:41173|client:localhost:45441|dataStream:localhost:41833|priority:0|startupRole:FOLLOWER]|listeners:[], old=null
2023-02-23 08:44:37,753 [s2@group-D5CC796A79A9-LeaderElection7] INFO  impl.LeaderElection (LeaderElection.java:logAndReturn(89)) - s2@group-D5CC796A79A9-LeaderElection7: PRE_VOTE PASSED received 1 response(s) and 0 exception(s):
2023-02-23 08:44:37,753 [s2@group-D5CC796A79A9-LeaderElection7] INFO  impl.LeaderElection (LeaderElection.java:logAndReturn(93)) -   Response 0: s2<-s0#0:OK-t2
2023-02-23 08:44:37,753 [s2@group-D5CC796A79A9-LeaderElection7] INFO  impl.LeaderElection (LeaderElection.java:askForVotes(311)) - s2@group-D5CC796A79A9-LeaderElection7 PRE_VOTE round 0: result PASSED
2023-02-23 08:44:37,753 [grpc-default-executor-0] INFO  server.RaftServer$Division (RaftServerImpl.java:requestVote(1302)) - s0@group-D5CC796A79A9: receive requestVote(PRE_VOTE, s1, group-D5CC796A79A9, 2, (t:2, i:26))
2023-02-23 08:44:37,753 [grpc-default-executor-0] INFO  impl.VoteContext (VoteContext.java:log(49)) - s0@group-D5CC796A79A9-FOLLOWER: accept PRE_VOTE from s1: our priority 0 <= candidate's priority 0
2023-02-23 08:44:37,753 [grpc-default-executor-0] INFO  server.RaftServer$Division (RaftServerImpl.java:requestVote(1335)) - s0@group-D5CC796A79A9 replies to PRE_VOTE vote request: s1<-s0#0:OK-t2. Peer's state: s0@group-D5CC796A79A9:t2, leader=null, voted=s0, raftlog=Memoized:s0@group-D5CC796A79A9-SegmentedRaftLog:OPENED:c26, conf=1: peers:[s0|rpc:localhost:44609|admin:localhost:43339|client:localhost:35167|dataStream:localhost:45017|priority:0|startupRole:FOLLOWER, s1|rpc:localhost:46005|admin:localhost:39871|client:localhost:43155|dataStream:localhost:44881|priority:0|startupRole:FOLLOWER, s2|rpc:localhost:40131|admin:localhost:41173|client:localhost:45441|dataStream:localhost:41833|priority:0|startupRole:FOLLOWER]|listeners:[], old=null
2023-02-23 08:44:37,754 [s1@group-D5CC796A79A9-LeaderElection6] INFO  impl.LeaderElection (LeaderElection.java:logAndReturn(89)) - s1@group-D5CC796A79A9-LeaderElection6: PRE_VOTE PASSED received 1 response(s) and 0 exception(s):
2023-02-23 08:44:37,754 [s1@group-D5CC796A79A9-LeaderElection6] INFO  impl.LeaderElection (LeaderElection.java:logAndReturn(93)) -   Response 0: s1<-s0#0:OK-t2
2023-02-23 08:44:37,754 [s1@group-D5CC796A79A9-LeaderElection6] INFO  impl.LeaderElection (LeaderElection.java:askForVotes(311)) - s1@group-D5CC796A79A9-LeaderElection6 PRE_VOTE round 0: result PASSED
2023-02-23 08:44:37,755 [s2@group-D5CC796A79A9-LeaderElection7] INFO  impl.LeaderElection (LeaderElection.java:askForVotes(309)) - s2@group-D5CC796A79A9-LeaderElection7 ELECTION round 0: submit vote requests at term 3 for 1: peers:[s0|rpc:localhost:44609|admin:localhost:43339|client:localhost:35167|dataStream:localhost:45017|priority:0|startupRole:FOLLOWER, s1|rpc:localhost:46005|admin:localhost:39871|client:localhost:43155|dataStream:localhost:44881|priority:0|startupRole:FOLLOWER, s2|rpc:localhost:40131|admin:localhost:41173|client:localhost:45441|dataStream:localhost:41833|priority:0|startupRole:FOLLOWER]|listeners:[], old=null
2023-02-23 08:44:37,756 [s1@group-D5CC796A79A9-LeaderElection6] INFO  impl.LeaderElection (LeaderElection.java:askForVotes(309)) - s1@group-D5CC796A79A9-LeaderElection6 ELECTION round 0: submit vote requests at term 3 for 1: peers:[s0|rpc:localhost:44609|admin:localhost:43339|client:localhost:35167|dataStream:localhost:45017|priority:0|startupRole:FOLLOWER, s1|rpc:localhost:46005|admin:localhost:39871|client:localhost:43155|dataStream:localhost:44881|priority:0|startupRole:FOLLOWER, s2|rpc:localhost:40131|admin:localhost:41173|client:localhost:45441|dataStream:localhost:41833|priority:0|startupRole:FOLLOWER]|listeners:[], old=null
2023-02-23 08:44:37,776 [s2@group-D5CC796A79A9-LeaderElection7-2] INFO  server.GrpcServerProtocolClient (GrpcServerProtocolClient.java:<init>(63)) - Build channel for s1
2023-02-23 08:44:37,803 [grpc-default-executor-2] INFO  server.RaftServer$Division (RaftServerImpl.java:requestVote(1302)) - s0@group-D5CC796A79A9: receive requestVote(ELECTION, s2, group-D5CC796A79A9, 3, (t:2, i:26))
2023-02-23 08:44:37,803 [grpc-default-executor-4] INFO  server.RaftServer$Division (RaftServerImpl.java:requestVote(1302)) - s0@group-D5CC796A79A9: receive requestVote(ELECTION, s1, group-D5CC796A79A9, 3, (t:2, i:26))
2023-02-23 08:44:37,803 [grpc-default-executor-0] INFO  server.RaftServer$Division (RaftServerImpl.java:requestVote(1302)) - s2@group-D5CC796A79A9: receive requestVote(ELECTION, s1, group-D5CC796A79A9, 3, (t:2, i:26))
2023-02-23 08:44:37,803 [grpc-default-executor-0] INFO  impl.VoteContext (VoteContext.java:log(49)) - s2@group-D5CC796A79A9-CANDIDATE: reject ELECTION from s1: already has voted for s2 at current term 3
2023-02-23 08:44:37,803 [grpc-default-executor-0] INFO  server.RaftServer$Division (RaftServerImpl.java:requestVote(1335)) - s2@group-D5CC796A79A9 replies to ELECTION vote request: s1<-s2#0:FAIL-t3. Peer's state: s2@group-D5CC796A79A9:t3, leader=null, voted=s2, raftlog=Memoized:s2@group-D5CC796A79A9-SegmentedRaftLog:OPENED:c26, conf=1: peers:[s0|rpc:localhost:44609|admin:localhost:43339|client:localhost:35167|dataStream:localhost:45017|priority:0|startupRole:FOLLOWER, s1|rpc:localhost:46005|admin:localhost:39871|client:localhost:43155|dataStream:localhost:44881|priority:0|startupRole:FOLLOWER, s2|rpc:localhost:40131|admin:localhost:41173|client:localhost:45441|dataStream:localhost:41833|priority:0|startupRole:FOLLOWER]|listeners:[], old=null
2023-02-23 08:44:37,803 [grpc-default-executor-3] INFO  server.RaftServer$Division (RaftServerImpl.java:requestVote(1302)) - s1@group-D5CC796A79A9: receive requestVote(PRE_VOTE, s2, group-D5CC796A79A9, 2, (t:2, i:26))
2023-02-23 08:44:37,803 [grpc-default-executor-3] INFO  impl.VoteContext (VoteContext.java:log(49)) - s1@group-D5CC796A79A9-CANDIDATE: accept PRE_VOTE from s2: our priority 0 <= candidate's priority 0
2023-02-23 08:44:37,803 [grpc-default-executor-2] INFO  impl.VoteContext (VoteContext.java:log(49)) - s0@group-D5CC796A79A9-FOLLOWER: accept ELECTION from s2: our priority 0 <= candidate's priority 0
2023-02-23 08:44:37,803 [grpc-default-executor-3] INFO  server.RaftServer$Division (RaftServerImpl.java:requestVote(1335)) - s1@group-D5CC796A79A9 replies to PRE_VOTE vote request: s2<-s1#0:OK-t3. Peer's state: s1@group-D5CC796A79A9:t3, leader=null, voted=s1, raftlog=Memoized:s1@group-D5CC796A79A9-SegmentedRaftLog:OPENED:c26, conf=1: peers:[s0|rpc:localhost:44609|admin:localhost:43339|client:localhost:35167|dataStream:localhost:45017|priority:0|startupRole:FOLLOWER, s1|rpc:localhost:46005|admin:localhost:39871|client:localhost:43155|dataStream:localhost:44881|priority:0|startupRole:FOLLOWER, s2|rpc:localhost:40131|admin:localhost:41173|client:localhost:45441|dataStream:localhost:41833|priority:0|startupRole:FOLLOWER]|listeners:[], old=null
2023-02-23 08:44:37,825 [grpc-default-executor-2] INFO  server.RaftServer$Division (RaftServerImpl.java:setRole(329)) - s0@group-D5CC796A79A9: changes role from  FOLLOWER to FOLLOWER at term 3 for candidate:s2
2023-02-23 08:44:37,829 [grpc-default-executor-2] INFO  impl.RoleInfo (RoleInfo.java:shutdownFollowerState(110)) - s0: shutdown s0@group-D5CC796A79A9-FollowerState
2023-02-23 08:44:37,829 [grpc-default-executor-0] INFO  server.RaftServer$Division (RaftServerImpl.java:requestVote(1302)) - s1@group-D5CC796A79A9: receive requestVote(ELECTION, s2, group-D5CC796A79A9, 3, (t:2, i:26))
2023-02-23 08:44:37,829 [grpc-default-executor-0] INFO  impl.VoteContext (VoteContext.java:log(49)) - s1@group-D5CC796A79A9-CANDIDATE: reject ELECTION from s2: already has voted for s1 at current term 3
2023-02-23 08:44:37,829 [grpc-default-executor-0] INFO  server.RaftServer$Division (RaftServerImpl.java:requestVote(1335)) - s1@group-D5CC796A79A9 replies to ELECTION vote request: s2<-s1#0:FAIL-t3. Peer's state: s1@group-D5CC796A79A9:t3, leader=null, voted=s1, raftlog=Memoized:s1@group-D5CC796A79A9-SegmentedRaftLog:OPENED:c26, conf=1: peers:[s0|rpc:localhost:44609|admin:localhost:43339|client:localhost:35167|dataStream:localhost:45017|priority:0|startupRole:FOLLOWER, s1|rpc:localhost:46005|admin:localhost:39871|client:localhost:43155|dataStream:localhost:44881|priority:0|startupRole:FOLLOWER, s2|rpc:localhost:40131|admin:localhost:41173|client:localhost:45441|dataStream:localhost:41833|priority:0|startupRole:FOLLOWER]|listeners:[], old=null
2023-02-23 08:44:37,829 [grpc-default-executor-2] INFO  impl.RoleInfo (RoleInfo.java:updateAndGet(139)) - s0: start s0@group-D5CC796A79A9-FollowerState
2023-02-23 08:44:37,829 [s0@group-D5CC796A79A9-FollowerState] INFO  impl.FollowerState (FollowerState.java:run(152)) - s0@group-D5CC796A79A9-FollowerState was interrupted
2023-02-23 08:44:37,913 [grpc-default-executor-2] INFO  server.RaftServer$Division (RaftServerImpl.java:requestVote(1335)) - s0@group-D5CC796A79A9 replies to ELECTION vote request: s2<-s0#0:OK-t3. Peer's state: s0@group-D5CC796A79A9:t3, leader=null, voted=s2, raftlog=Memoized:s0@group-D5CC796A79A9-SegmentedRaftLog:OPENED:c26, conf=1: peers:[s0|rpc:localhost:44609|admin:localhost:43339|client:localhost:35167|dataStream:localhost:45017|priority:0|startupRole:FOLLOWER, s1|rpc:localhost:46005|admin:localhost:39871|client:localhost:43155|dataStream:localhost:44881|priority:0|startupRole:FOLLOWER, s2|rpc:localhost:40131|admin:localhost:41173|client:localhost:45441|dataStream:localhost:41833|priority:0|startupRole:FOLLOWER]|listeners:[], old=null
2023-02-23 08:44:37,913 [grpc-default-executor-4] INFO  impl.VoteContext (VoteContext.java:log(49)) - s0@group-D5CC796A79A9-FOLLOWER: reject ELECTION from s1: already has voted for s2 at current term 3
2023-02-23 08:44:37,913 [grpc-default-executor-4] INFO  server.RaftServer$Division (RaftServerImpl.java:requestVote(1335)) - s0@group-D5CC796A79A9 replies to ELECTION vote request: s1<-s0#0:FAIL-t3. Peer's state: s0@group-D5CC796A79A9:t3, leader=null, voted=s2, raftlog=Memoized:s0@group-D5CC796A79A9-SegmentedRaftLog:OPENED:c26, conf=1: peers:[s0|rpc:localhost:44609|admin:localhost:43339|client:localhost:35167|dataStream:localhost:45017|priority:0|startupRole:FOLLOWER, s1|rpc:localhost:46005|admin:localhost:39871|client:localhost:43155|dataStream:localhost:44881|priority:0|startupRole:FOLLOWER, s2|rpc:localhost:40131|admin:localhost:41173|client:localhost:45441|dataStream:localhost:41833|priority:0|startupRole:FOLLOWER]|listeners:[], old=null
2023-02-23 08:44:37,915 [s2@group-D5CC796A79A9-LeaderElection7] INFO  impl.LeaderElection (LeaderElection.java:logAndReturn(89)) - s2@group-D5CC796A79A9-LeaderElection7: ELECTION PASSED received 2 response(s) and 0 exception(s):
2023-02-23 08:44:37,915 [s2@group-D5CC796A79A9-LeaderElection7] INFO  impl.LeaderElection (LeaderElection.java:logAndReturn(93)) -   Response 0: s2<-s0#0:OK-t3
2023-02-23 08:44:37,915 [s2@group-D5CC796A79A9-LeaderElection7] INFO  impl.LeaderElection (LeaderElection.java:logAndReturn(93)) -   Response 1: s2<-s1#0:FAIL-t3
2023-02-23 08:44:37,915 [s2@group-D5CC796A79A9-LeaderElection7] INFO  impl.LeaderElection (LeaderElection.java:askForVotes(311)) - s2@group-D5CC796A79A9-LeaderElection7 ELECTION round 0: result PASSED
2023-02-23 08:44:37,915 [s2@group-D5CC796A79A9-LeaderElection7] INFO  impl.RoleInfo (RoleInfo.java:shutdownLeaderElection(130)) - s2: shutdown s2@group-D5CC796A79A9-LeaderElection7
2023-02-23 08:44:37,915 [s2@group-D5CC796A79A9-LeaderElection7] INFO  server.RaftServer$Division (RaftServerImpl.java:setRole(329)) - s2@group-D5CC796A79A9: changes role from CANDIDATE to LEADER at term 3 for changeToLeader
2023-02-23 08:44:37,915 [s2@group-D5CC796A79A9-LeaderElection7] INFO  server.RaftServer$Division (ServerState.java:setLeader(260)) - s2@group-D5CC796A79A9: change Leader from null to s2 at term 3 for becomeLeader, leader elected after 256ms
2023-02-23 08:44:37,915 [s2@group-D5CC796A79A9-LeaderElection7] INFO  server.RaftServerConfigKeys (ConfUtils.java:logGet(46)) - raft.server.staging.catchup.gap = 1000 (default)
2023-02-23 08:44:37,921 [s2@group-D5CC796A79A9-LeaderElection7] INFO  server.RaftServerConfigKeys (ConfUtils.java:logGet(46)) - raft.server.write.element-limit = 4096 (default)
2023-02-23 08:44:37,921 [s2@group-D5CC796A79A9-LeaderElection7] INFO  server.RaftServerConfigKeys (ConfUtils.java:logGet(46)) - raft.server.write.byte-limit = 64MB (=67108864) (default)
2023-02-23 08:44:37,921 [s2@group-D5CC796A79A9-LeaderElection7] INFO  server.RaftServerConfigKeys (ConfUtils.java:logGet(46)) - raft.server.watch.timeout = 10s (default)
2023-02-23 08:44:37,921 [s2@group-D5CC796A79A9-LeaderElection7] INFO  server.RaftServerConfigKeys (ConfUtils.java:logGet(46)) - raft.server.watch.timeout.denomination = 1s (default)
2023-02-23 08:44:37,921 [s2@group-D5CC796A79A9-LeaderElection7] INFO  server.RaftServerConfigKeys (ConfUtils.java:logGet(46)) - raft.server.watch.element-limit = 65536 (default)
2023-02-23 08:44:37,921 [s2@group-D5CC796A79A9-LeaderElection7] INFO  server.RaftServerConfigKeys (ConfUtils.java:logGet(46)) - raft.server.write.element-limit = 4096 (default)
2023-02-23 08:44:37,921 [s2@group-D5CC796A79A9-LeaderElection7] INFO  server.RaftServerConfigKeys (ConfUtils.java:logGet(46)) - raft.server.write.follower.gap.ratio.max = -1.0 (default)
2023-02-23 08:44:37,922 [s2@group-D5CC796A79A9-LeaderElection7] INFO  server.RaftServerConfigKeys (ConfUtils.java:logGet(46)) - raft.server.log.appender.snapshot.chunk.size.max = 16MB (=16777216) (default)
2023-02-23 08:44:37,922 [s2@group-D5CC796A79A9-LeaderElection7] INFO  server.RaftServerConfigKeys (ConfUtils.java:logGet(46)) - raft.server.log.appender.buffer.byte-limit = 4MB (=4194304) (default)
2023-02-23 08:44:37,922 [s2@group-D5CC796A79A9-LeaderElection7] INFO  server.RaftServerConfigKeys (ConfUtils.java:logGet(46)) - raft.server.log.appender.buffer.element-limit = 0 (default)
2023-02-23 08:44:37,922 [s2@group-D5CC796A79A9-LeaderElection7] INFO  grpc.GrpcConfigKeys (ConfUtils.java:logGet(46)) - raft.grpc.server.leader.outstanding.appends.max = 128 (default)
2023-02-23 08:44:37,922 [s2@group-D5CC796A79A9-LeaderElection7] INFO  server.RaftServerConfigKeys (ConfUtils.java:logGet(46)) - raft.server.rpc.request.timeout = 3000ms (default)
2023-02-23 08:44:37,922 [s2@group-D5CC796A79A9-LeaderElection7] INFO  server.RaftServerConfigKeys (ConfUtils.java:logGet(46)) - raft.server.log.appender.install.snapshot.enabled = true (default)
2023-02-23 08:44:37,922 [s2@group-D5CC796A79A9-LeaderElection7] INFO  grpc.GrpcConfigKeys (ConfUtils.java:logGet(46)) - raft.grpc.server.heartbeat.channel = true (default)
2023-02-23 08:44:37,922 [s2@group-D5CC796A79A9-LeaderElection7] INFO  server.RaftServerConfigKeys (ConfUtils.java:logGet(46)) - raft.server.log.appender.wait-time.min = 10ms (default)
2023-02-23 08:44:37,922 [s2@group-D5CC796A79A9-LeaderElection7] INFO  server.RaftServerConfigKeys (ConfUtils.java:logGet(46)) - raft.server.log.appender.snapshot.chunk.size.max = 16MB (=16777216) (default)
2023-02-23 08:44:37,922 [s2@group-D5CC796A79A9-LeaderElection7] INFO  server.RaftServerConfigKeys (ConfUtils.java:logGet(46)) - raft.server.log.appender.buffer.byte-limit = 4MB (=4194304) (default)
2023-02-23 08:44:37,922 [s2@group-D5CC796A79A9-LeaderElection7] INFO  server.RaftServerConfigKeys (ConfUtils.java:logGet(46)) - raft.server.log.appender.buffer.element-limit = 0 (default)
2023-02-23 08:44:37,922 [s2@group-D5CC796A79A9-LeaderElection7] INFO  grpc.GrpcConfigKeys (ConfUtils.java:logGet(46)) - raft.grpc.server.leader.outstanding.appends.max = 128 (default)
2023-02-23 08:44:37,923 [s2@group-D5CC796A79A9-LeaderElection7] INFO  server.RaftServerConfigKeys (ConfUtils.java:logGet(46)) - raft.server.rpc.request.timeout = 3000ms (default)
2023-02-23 08:44:37,923 [s2@group-D5CC796A79A9-LeaderElection7] INFO  server.RaftServerConfigKeys (ConfUtils.java:logGet(46)) - raft.server.log.appender.install.snapshot.enabled = true (default)
2023-02-23 08:44:37,923 [s2@group-D5CC796A79A9-LeaderElection7] INFO  grpc.GrpcConfigKeys (ConfUtils.java:logGet(46)) - raft.grpc.server.heartbeat.channel = true (default)
2023-02-23 08:44:37,923 [s2@group-D5CC796A79A9-LeaderElection7] INFO  server.RaftServerConfigKeys (ConfUtils.java:logGet(46)) - raft.server.log.appender.wait-time.min = 10ms (default)
2023-02-23 08:44:37,923 [s2@group-D5CC796A79A9-LeaderElection7] INFO  impl.RoleInfo (RoleInfo.java:updateAndGet(139)) - s2: start s2@group-D5CC796A79A9-LeaderStateImpl
2023-02-23 08:44:37,923 [s2@group-D5CC796A79A9-LeaderElection7] INFO  segmented.SegmentedRaftLogWorker (SegmentedRaftLogWorker.java:rollLogSegment(431)) - s2@group-D5CC796A79A9-SegmentedRaftLogWorker: Rolling segment log-1_26 to index:26
2023-02-23 08:44:37,924 [s2@group-D5CC796A79A9-SegmentedRaftLogWorker] TRACE util.FileUtils (LogUtils.java:runAndLog(49)) - Successfully ran Atomic Files.move /home/runner/work/ratis/ratis/ratis-test/target/test/data/74e677c2/MiniRaftClusterWithRpcTypeGrpcAndDataStreamTypeNetty7c12e66b/s2/88259b85-7cb7-47c2-b0b3-d5cc796a79a9/current/log_inprogress_1 to /home/runner/work/ratis/ratis/ratis-test/target/test/data/74e677c2/MiniRaftClusterWithRpcTypeGrpcAndDataStreamTypeNetty7c12e66b/s2/88259b85-7cb7-47c2-b0b3-d5cc796a79a9/current/log_1-26
2023-02-23 08:44:37,924 [s2@group-D5CC796A79A9-SegmentedRaftLogWorker] INFO  segmented.SegmentedRaftLogWorker (SegmentedRaftLogWorker.java:execute(587)) - s2@group-D5CC796A79A9-SegmentedRaftLogWorker: Rolled log segment from /home/runner/work/ratis/ratis/ratis-test/target/test/data/74e677c2/MiniRaftClusterWithRpcTypeGrpcAndDataStreamTypeNetty7c12e66b/s2/88259b85-7cb7-47c2-b0b3-d5cc796a79a9/current/log_inprogress_1 to /home/runner/work/ratis/ratis/ratis-test/target/test/data/74e677c2/MiniRaftClusterWithRpcTypeGrpcAndDataStreamTypeNetty7c12e66b/s2/88259b85-7cb7-47c2-b0b3-d5cc796a79a9/current/log_1-26
2023-02-23 08:44:37,934 [s1@group-D5CC796A79A9-LeaderElection6] INFO  impl.LeaderElection (LeaderElection.java:logAndReturn(89)) - s1@group-D5CC796A79A9-LeaderElection6: ELECTION REJECTED received 2 response(s) and 0 exception(s):
2023-02-23 08:44:37,934 [s1@group-D5CC796A79A9-LeaderElection6] INFO  impl.LeaderElection (LeaderElection.java:logAndReturn(93)) -   Response 0: s1<-s0#0:FAIL-t3
2023-02-23 08:44:37,934 [s1@group-D5CC796A79A9-LeaderElection6] INFO  impl.LeaderElection (LeaderElection.java:logAndReturn(93)) -   Response 1: s1<-s2#0:FAIL-t3
2023-02-23 08:44:37,934 [s1@group-D5CC796A79A9-LeaderElection6] INFO  impl.LeaderElection (LeaderElection.java:askForVotes(311)) - s1@group-D5CC796A79A9-LeaderElection6 ELECTION round 0: result REJECTED
2023-02-23 08:44:37,934 [s1@group-D5CC796A79A9-LeaderElection6] INFO  server.RaftServer$Division (RaftServerImpl.java:setRole(329)) - s1@group-D5CC796A79A9: changes role from CANDIDATE to FOLLOWER at term 3 for REJECTED
2023-02-23 08:44:37,934 [s1@group-D5CC796A79A9-LeaderElection6] INFO  impl.RoleInfo (RoleInfo.java:shutdownLeaderElection(130)) - s1: shutdown s1@group-D5CC796A79A9-LeaderElection6
2023-02-23 08:44:37,934 [s1@group-D5CC796A79A9-LeaderElection6] INFO  impl.RoleInfo (RoleInfo.java:updateAndGet(139)) - s1: start s1@group-D5CC796A79A9-FollowerState
2023-02-23 08:44:37,934 [s2@group-D5CC796A79A9-SegmentedRaftLogWorker] INFO  segmented.SegmentedRaftLogWorker (SegmentedRaftLogWorker.java:execute(630)) - s2@group-D5CC796A79A9-SegmentedRaftLogWorker: created new log segment /home/runner/work/ratis/ratis/ratis-test/target/test/data/74e677c2/MiniRaftClusterWithRpcTypeGrpcAndDataStreamTypeNetty7c12e66b/s2/88259b85-7cb7-47c2-b0b3-d5cc796a79a9/current/log_inprogress_27
2023-02-23 08:44:37,936 [s2@group-D5CC796A79A9-LeaderElection7] INFO  server.RaftServer$Division (ServerState.java:setRaftConf(378)) - s2@group-D5CC796A79A9: set configuration 27: peers:[s0|rpc:localhost:44609|admin:localhost:43339|client:localhost:35167|dataStream:localhost:45017|priority:0|startupRole:FOLLOWER, s1|rpc:localhost:46005|admin:localhost:39871|client:localhost:43155|dataStream:localhost:44881|priority:0|startupRole:FOLLOWER, s2|rpc:localhost:40131|admin:localhost:41173|client:localhost:45441|dataStream:localhost:41833|priority:0|startupRole:FOLLOWER]|listeners:[], old=null
2023-02-23 08:44:37,943 [s0-server-thread2] INFO  server.RaftServer$Division (ServerState.java:setLeader(260)) - s0@group-D5CC796A79A9: change Leader from null to s2 at term 3 for appendEntries, leader elected after 580ms
2023-02-23 08:44:37,953 [s0-server-thread1] INFO  server.RaftServer$Division (ServerState.java:setRaftConf(378)) - s0@group-D5CC796A79A9: set configuration 27: peers:[s0|rpc:localhost:44609|admin:localhost:43339|client:localhost:35167|dataStream:localhost:45017|priority:0|startupRole:FOLLOWER, s1|rpc:localhost:46005|admin:localhost:39871|client:localhost:43155|dataStream:localhost:44881|priority:0|startupRole:FOLLOWER, s2|rpc:localhost:40131|admin:localhost:41173|client:localhost:45441|dataStream:localhost:41833|priority:0|startupRole:FOLLOWER]|listeners:[], old=null
2023-02-23 08:44:37,954 [s0-server-thread1] INFO  segmented.SegmentedRaftLogWorker (SegmentedRaftLogWorker.java:rollLogSegment(431)) - s0@group-D5CC796A79A9-SegmentedRaftLogWorker: Rolling segment log-1_26 to index:26
2023-02-23 08:44:37,954 [s0@group-D5CC796A79A9-SegmentedRaftLogWorker] TRACE util.FileUtils (LogUtils.java:runAndLog(49)) - Successfully ran Atomic Files.move /home/runner/work/ratis/ratis/ratis-test/target/test/data/74e677c2/MiniRaftClusterWithRpcTypeGrpcAndDataStreamTypeNetty7c12e66b/s0/88259b85-7cb7-47c2-b0b3-d5cc796a79a9/current/log_inprogress_1 to /home/runner/work/ratis/ratis/ratis-test/target/test/data/74e677c2/MiniRaftClusterWithRpcTypeGrpcAndDataStreamTypeNetty7c12e66b/s0/88259b85-7cb7-47c2-b0b3-d5cc796a79a9/current/log_1-26
2023-02-23 08:44:37,954 [s0@group-D5CC796A79A9-SegmentedRaftLogWorker] INFO  segmented.SegmentedRaftLogWorker (SegmentedRaftLogWorker.java:execute(587)) - s0@group-D5CC796A79A9-SegmentedRaftLogWorker: Rolled log segment from /home/runner/work/ratis/ratis/ratis-test/target/test/data/74e677c2/MiniRaftClusterWithRpcTypeGrpcAndDataStreamTypeNetty7c12e66b/s0/88259b85-7cb7-47c2-b0b3-d5cc796a79a9/current/log_inprogress_1 to /home/runner/work/ratis/ratis/ratis-test/target/test/data/74e677c2/MiniRaftClusterWithRpcTypeGrpcAndDataStreamTypeNetty7c12e66b/s0/88259b85-7cb7-47c2-b0b3-d5cc796a79a9/current/log_1-26
2023-02-23 08:44:37,962 [s1-server-thread2] INFO  server.RaftServer$Division (ServerState.java:setLeader(260)) - s1@group-D5CC796A79A9: change Leader from null to s2 at term 3 for appendEntries, leader elected after 322ms
2023-02-23 08:44:37,972 [s0@group-D5CC796A79A9-SegmentedRaftLogWorker] INFO  segmented.SegmentedRaftLogWorker (SegmentedRaftLogWorker.java:execute(630)) - s0@group-D5CC796A79A9-SegmentedRaftLogWorker: created new log segment /home/runner/work/ratis/ratis/ratis-test/target/test/data/74e677c2/MiniRaftClusterWithRpcTypeGrpcAndDataStreamTypeNetty7c12e66b/s0/88259b85-7cb7-47c2-b0b3-d5cc796a79a9/current/log_inprogress_27
2023-02-23 08:44:37,987 [s1-server-thread3] INFO  server.RaftServer$Division (ServerState.java:setRaftConf(378)) - s1@group-D5CC796A79A9: set configuration 27: peers:[s0|rpc:localhost:44609|admin:localhost:43339|client:localhost:35167|dataStream:localhost:45017|priority:0|startupRole:FOLLOWER, s1|rpc:localhost:46005|admin:localhost:39871|client:localhost:43155|dataStream:localhost:44881|priority:0|startupRole:FOLLOWER, s2|rpc:localhost:40131|admin:localhost:41173|client:localhost:45441|dataStream:localhost:41833|priority:0|startupRole:FOLLOWER]|listeners:[], old=null
2023-02-23 08:44:37,988 [s1-server-thread3] INFO  segmented.SegmentedRaftLogWorker (SegmentedRaftLogWorker.java:rollLogSegment(431)) - s1@group-D5CC796A79A9-SegmentedRaftLogWorker: Rolling segment log-1_26 to index:26
2023-02-23 08:44:37,988 [s1@group-D5CC796A79A9-SegmentedRaftLogWorker] TRACE util.FileUtils (LogUtils.java:runAndLog(49)) - Successfully ran Atomic Files.move /home/runner/work/ratis/ratis/ratis-test/target/test/data/74e677c2/MiniRaftClusterWithRpcTypeGrpcAndDataStreamTypeNetty7c12e66b/s1/88259b85-7cb7-47c2-b0b3-d5cc796a79a9/current/log_inprogress_1 to /home/runner/work/ratis/ratis/ratis-test/target/test/data/74e677c2/MiniRaftClusterWithRpcTypeGrpcAndDataStreamTypeNetty7c12e66b/s1/88259b85-7cb7-47c2-b0b3-d5cc796a79a9/current/log_1-26
2023-02-23 08:44:37,988 [s1@group-D5CC796A79A9-SegmentedRaftLogWorker] INFO  segmented.SegmentedRaftLogWorker (SegmentedRaftLogWorker.java:execute(587)) - s1@group-D5CC796A79A9-SegmentedRaftLogWorker: Rolled log segment from /home/runner/work/ratis/ratis/ratis-test/target/test/data/74e677c2/MiniRaftClusterWithRpcTypeGrpcAndDataStreamTypeNetty7c12e66b/s1/88259b85-7cb7-47c2-b0b3-d5cc796a79a9/current/log_inprogress_1 to /home/runner/work/ratis/ratis/ratis-test/target/test/data/74e677c2/MiniRaftClusterWithRpcTypeGrpcAndDataStreamTypeNetty7c12e66b/s1/88259b85-7cb7-47c2-b0b3-d5cc796a79a9/current/log_1-26
2023-02-23 08:44:38,000 [s1@group-D5CC796A79A9-SegmentedRaftLogWorker] INFO  segmented.SegmentedRaftLogWorker (SegmentedRaftLogWorker.java:execute(630)) - s1@group-D5CC796A79A9-SegmentedRaftLogWorker: created new log segment /home/runner/work/ratis/ratis/ratis-test/target/test/data/74e677c2/MiniRaftClusterWithRpcTypeGrpcAndDataStreamTypeNetty7c12e66b/s1/88259b85-7cb7-47c2-b0b3-d5cc796a79a9/current/log_inprogress_27
2023-02-23 08:44:38,612 [pool-6-thread-10] INFO  datastream.DataStreamTestUtils (DataStreamTestUtils.java:writeAndCloseAndAssertReplies(320)) - Stream393: bytesWritten=3750543
2023-02-23 08:44:38,632 [pool-6-thread-15] INFO  datastream.DataStreamTestUtils (DataStreamTestUtils.java:writeAndCloseAndAssertReplies(320)) - Stream394: bytesWritten=3746808
2023-02-23 08:44:38,834 [pool-6-thread-12] INFO  datastream.DataStreamTestUtils (DataStreamTestUtils.java:writeAndCloseAndAssertReplies(320)) - Stream392: bytesWritten=3754329
2023-02-23 08:44:38,868 [pool-6-thread-11] INFO  datastream.DataStreamTestUtils (DataStreamTestUtils.java:writeAndCloseAndAssertReplies(320)) - Stream391: bytesWritten=3758922
2023-02-23 08:44:39,078 [s2-client-thread1] INFO  statemachine.StateMachine (DataStreamTestUtils.java:link(157)) - link SingleDataStream: writeRequest=RaftClientRequest:client-813405745949->s0@group-D5CC796A79A9, cid=392, seq=0, DataStream, Message:<EMPTY>, logEntry=null
2023-02-23 08:44:39,079 [s0-server-thread2] INFO  statemachine.StateMachine (DataStreamTestUtils.java:link(157)) - link SingleDataStream: writeRequest=RaftClientRequest:client-813405745949->s0@group-D5CC796A79A9, cid=392, seq=0, DataStream, Message:<EMPTY>, logEntry=null
2023-02-23 08:44:39,079 [s1-server-thread2] INFO  statemachine.StateMachine (DataStreamTestUtils.java:link(157)) - link SingleDataStream: writeRequest=RaftClientRequest:client-813405745949->s0@group-D5CC796A79A9, cid=392, seq=0, DataStream, Message:<EMPTY>, logEntry=null
2023-02-23 08:44:39,083 [pool-6-thread-12] INFO  datastream.DataStreamTestUtils (DataStreamTestUtils.java:writeAndCloseAndAssertReplies(311)) - start Stream396
2023-02-23 08:44:39,085 [s2-client-thread1] INFO  statemachine.StateMachine (DataStreamTestUtils.java:link(157)) - link SingleDataStream: writeRequest=RaftClientRequest:client-813405745949->s0@group-D5CC796A79A9, cid=391, seq=0, DataStream, Message:<EMPTY>, logEntry=null
2023-02-23 08:44:39,162 [s2-client-thread1] INFO  statemachine.StateMachine (DataStreamTestUtils.java:link(157)) - link SingleDataStream: writeRequest=RaftClientRequest:client-813405745949->s0@group-D5CC796A79A9, cid=393, seq=0, DataStream, Message:<EMPTY>, logEntry=null
2023-02-23 08:44:39,162 [s0-server-thread2] INFO  statemachine.StateMachine (DataStreamTestUtils.java:link(157)) - link SingleDataStream: writeRequest=RaftClientRequest:client-813405745949->s0@group-D5CC796A79A9, cid=391, seq=0, DataStream, Message:<EMPTY>, logEntry=null
2023-02-23 08:44:39,162 [s1-server-thread3] INFO  statemachine.StateMachine (DataStreamTestUtils.java:link(157)) - link SingleDataStream: writeRequest=RaftClientRequest:client-813405745949->s0@group-D5CC796A79A9, cid=391, seq=0, DataStream, Message:<EMPTY>, logEntry=null
2023-02-23 08:44:39,163 [s1-server-thread3] INFO  statemachine.StateMachine (DataStreamTestUtils.java:link(157)) - link SingleDataStream: writeRequest=RaftClientRequest:client-813405745949->s0@group-D5CC796A79A9, cid=393, seq=0, DataStream, Message:<EMPTY>, logEntry=null
2023-02-23 08:44:39,164 [s2-client-thread1] INFO  statemachine.StateMachine (DataStreamTestUtils.java:link(157)) - link SingleDataStream: writeRequest=RaftClientRequest:client-813405745949->s0@group-D5CC796A79A9, cid=390, seq=0, DataStream, Message:<EMPTY>, logEntry=null
2023-02-23 08:44:39,165 [s2-client-thread1] INFO  statemachine.StateMachine (DataStreamTestUtils.java:link(157)) - link SingleDataStream: writeRequest=RaftClientRequest:client-813405745949->s0@group-D5CC796A79A9, cid=394, seq=0, DataStream, Message:<EMPTY>, logEntry=null
2023-02-23 08:44:39,166 [s2-client-thread1] INFO  statemachine.StateMachine (DataStreamTestUtils.java:link(157)) - link SingleDataStream: writeRequest=RaftClientRequest:client-813405745949->s0@group-D5CC796A79A9, cid=389, seq=0, DataStream, Message:<EMPTY>, logEntry=null
2023-02-23 08:44:39,169 [pool-6-thread-11] INFO  datastream.DataStreamTestUtils (DataStreamTestUtils.java:writeAndCloseAndAssertReplies(311)) - start Stream376
2023-02-23 08:44:39,175 [s1-server-thread3] INFO  statemachine.StateMachine (DataStreamTestUtils.java:link(157)) - link SingleDataStream: writeRequest=RaftClientRequest:client-813405745949->s0@group-D5CC796A79A9, cid=390, seq=0, DataStream, Message:<EMPTY>, logEntry=null
2023-02-23 08:44:39,177 [pool-6-thread-10] INFO  datastream.DataStreamTestUtils (DataStreamTestUtils.java:writeAndCloseAndAssertReplies(311)) - start Stream397
2023-02-23 08:44:39,180 [s0-server-thread1] INFO  statemachine.StateMachine (DataStreamTestUtils.java:link(157)) - link SingleDataStream: writeRequest=RaftClientRequest:client-813405745949->s0@group-D5CC796A79A9, cid=393, seq=0, DataStream, Message:<EMPTY>, logEntry=null
2023-02-23 08:44:39,180 [s0-server-thread1] INFO  statemachine.StateMachine (DataStreamTestUtils.java:link(157)) - link SingleDataStream: writeRequest=RaftClientRequest:client-813405745949->s0@group-D5CC796A79A9, cid=390, seq=0, DataStream, Message:<EMPTY>, logEntry=null
2023-02-23 08:44:39,180 [s0-server-thread1] INFO  statemachine.StateMachine (DataStreamTestUtils.java:link(157)) - link SingleDataStream: writeRequest=RaftClientRequest:client-813405745949->s0@group-D5CC796A79A9, cid=394, seq=0, DataStream, Message:<EMPTY>, logEntry=null
2023-02-23 08:44:39,180 [s0-server-thread1] INFO  statemachine.StateMachine (DataStreamTestUtils.java:link(157)) - link SingleDataStream: writeRequest=RaftClientRequest:client-813405745949->s0@group-D5CC796A79A9, cid=389, seq=0, DataStream, Message:<EMPTY>, logEntry=null
2023-02-23 08:44:39,184 [s1-server-thread3] INFO  statemachine.StateMachine (DataStreamTestUtils.java:link(157)) - link SingleDataStream: writeRequest=RaftClientRequest:client-813405745949->s0@group-D5CC796A79A9, cid=394, seq=0, DataStream, Message:<EMPTY>, logEntry=null
2023-02-23 08:44:39,184 [s1-server-thread3] INFO  statemachine.StateMachine (DataStreamTestUtils.java:link(157)) - link SingleDataStream: writeRequest=RaftClientRequest:client-813405745949->s0@group-D5CC796A79A9, cid=389, seq=0, DataStream, Message:<EMPTY>, logEntry=null
2023-02-23 08:44:39,187 [pool-6-thread-16] INFO  datastream.DataStreamTestUtils (DataStreamTestUtils.java:writeAndCloseAndAssertReplies(311)) - start Stream398
2023-02-23 08:44:39,188 [pool-6-thread-15] INFO  datastream.DataStreamTestUtils (DataStreamTestUtils.java:writeAndCloseAndAssertReplies(311)) - start Stream399
2023-02-23 08:44:39,198 [pool-6-thread-14] INFO  datastream.DataStreamTestUtils (DataStreamTestUtils.java:writeAndCloseAndAssertReplies(311)) - start Stream400
2023-02-23 08:44:39,213 [pool-6-thread-11] INFO  datastream.DataStreamTestUtils (DataStreamTestUtils.java:writeAndCloseAndAssertReplies(320)) - Stream376: bytesWritten=764661
2023-02-23 08:44:39,236 [pool-6-thread-16] INFO  datastream.DataStreamTestUtils (DataStreamTestUtils.java:writeAndCloseAndAssertReplies(320)) - Stream398: bytesWritten=768571
2023-02-23 08:44:39,249 [pool-6-thread-10] INFO  datastream.DataStreamTestUtils (DataStreamTestUtils.java:writeAndCloseAndAssertReplies(320)) - Stream397: bytesWritten=798897
2023-02-23 08:44:39,249 [pool-6-thread-14] INFO  datastream.DataStreamTestUtils (DataStreamTestUtils.java:writeAndCloseAndAssertReplies(320)) - Stream400: bytesWritten=777421
2023-02-23 08:44:39,249 [pool-6-thread-15] INFO  datastream.DataStreamTestUtils (DataStreamTestUtils.java:writeAndCloseAndAssertReplies(320)) - Stream399: bytesWritten=738304
2023-02-23 08:44:39,317 [s2-client-thread1] INFO  statemachine.StateMachine (DataStreamTestUtils.java:link(157)) - link SingleDataStream: writeRequest=RaftClientRequest:client-02881232DBEE->s0@group-D5CC796A79A9, cid=376, seq=0, DataStream, Message:<EMPTY>, logEntry=null
2023-02-23 08:44:39,318 [s1-server-thread2] INFO  statemachine.StateMachine (DataStreamTestUtils.java:link(157)) - link SingleDataStream: writeRequest=RaftClientRequest:client-02881232DBEE->s0@group-D5CC796A79A9, cid=376, seq=0, DataStream, Message:<EMPTY>, logEntry=null
2023-02-23 08:44:39,319 [s0-server-thread2] INFO  statemachine.StateMachine (DataStreamTestUtils.java:link(157)) - link SingleDataStream: writeRequest=RaftClientRequest:client-02881232DBEE->s0@group-D5CC796A79A9, cid=376, seq=0, DataStream, Message:<EMPTY>, logEntry=null
2023-02-23 08:44:39,323 [pool-6-thread-11] INFO  datastream.DataStreamTestUtils (DataStreamTestUtils.java:writeAndCloseAndAssertReplies(311)) - start Stream401
2023-02-23 08:44:39,331 [s2-client-thread1] INFO  statemachine.StateMachine (DataStreamTestUtils.java:link(157)) - link SingleDataStream: writeRequest=RaftClientRequest:client-02881232DBEE->s0@group-D5CC796A79A9, cid=398, seq=0, DataStream, Message:<EMPTY>, logEntry=null
2023-02-23 08:44:39,333 [s0-server-thread2] INFO  statemachine.StateMachine (DataStreamTestUtils.java:link(157)) - link SingleDataStream: writeRequest=RaftClientRequest:client-02881232DBEE->s0@group-D5CC796A79A9, cid=398, seq=0, DataStream, Message:<EMPTY>, logEntry=null
2023-02-23 08:44:39,336 [s1-server-thread2] INFO  statemachine.StateMachine (DataStreamTestUtils.java:link(157)) - link SingleDataStream: writeRequest=RaftClientRequest:client-02881232DBEE->s0@group-D5CC796A79A9, cid=398, seq=0, DataStream, Message:<EMPTY>, logEntry=null
2023-02-23 08:44:39,340 [s2-client-thread1] INFO  statemachine.StateMachine (DataStreamTestUtils.java:link(157)) - link SingleDataStream: writeRequest=RaftClientRequest:client-02881232DBEE->s0@group-D5CC796A79A9, cid=399, seq=0, DataStream, Message:<EMPTY>, logEntry=null
2023-02-23 08:44:39,341 [s0-server-thread2] INFO  statemachine.StateMachine (DataStreamTestUtils.java:link(157)) - link SingleDataStream: writeRequest=RaftClientRequest:client-02881232DBEE->s0@group-D5CC796A79A9, cid=399, seq=0, DataStream, Message:<EMPTY>, logEntry=null
2023-02-23 08:44:39,341 [pool-6-thread-11] INFO  datastream.DataStreamTestUtils (DataStreamTestUtils.java:writeAndCloseAndAssertReplies(320)) - Stream401: bytesWritten=717128
2023-02-23 08:44:39,341 [s1-server-thread2] INFO  statemachine.StateMachine (DataStreamTestUtils.java:link(157)) - link SingleDataStream: writeRequest=RaftClientRequest:client-02881232DBEE->s0@group-D5CC796A79A9, cid=399, seq=0, DataStream, Message:<EMPTY>, logEntry=null
2023-02-23 08:44:39,343 [pool-6-thread-16] INFO  datastream.DataStreamTestUtils (DataStreamTestUtils.java:writeAndCloseAndAssertReplies(311)) - start Stream402
2023-02-23 08:44:39,344 [s2-client-thread1] INFO  statemachine.StateMachine (DataStreamTestUtils.java:link(157)) - link SingleDataStream: writeRequest=RaftClientRequest:client-02881232DBEE->s0@group-D5CC796A79A9, cid=400, seq=0, DataStream, Message:<EMPTY>, logEntry=null
2023-02-23 08:44:39,345 [s1-server-thread2] INFO  statemachine.StateMachine (DataStreamTestUtils.java:link(157)) - link SingleDataStream: writeRequest=RaftClientRequest:client-02881232DBEE->s0@group-D5CC796A79A9, cid=400, seq=0, DataStream, Message:<EMPTY>, logEntry=null
2023-02-23 08:44:39,345 [s2-client-thread1] INFO  statemachine.StateMachine (DataStreamTestUtils.java:link(157)) - link SingleDataStream: writeRequest=RaftClientRequest:client-02881232DBEE->s0@group-D5CC796A79A9, cid=397, seq=0, DataStream, Message:<EMPTY>, logEntry=null
2023-02-23 08:44:39,346 [s1-server-thread2] INFO  statemachine.StateMachine (DataStreamTestUtils.java:link(157)) - link SingleDataStream: writeRequest=RaftClientRequest:client-02881232DBEE->s0@group-D5CC796A79A9, cid=397, seq=0, DataStream, Message:<EMPTY>, logEntry=null
2023-02-23 08:44:39,350 [s0-server-thread2] INFO  statemachine.StateMachine (DataStreamTestUtils.java:link(157)) - link SingleDataStream: writeRequest=RaftClientRequest:client-02881232DBEE->s0@group-D5CC796A79A9, cid=400, seq=0, DataStream, Message:<EMPTY>, logEntry=null
2023-02-23 08:44:39,354 [s0-server-thread2] INFO  statemachine.StateMachine (DataStreamTestUtils.java:link(157)) - link SingleDataStream: writeRequest=RaftClientRequest:client-02881232DBEE->s0@group-D5CC796A79A9, cid=397, seq=0, DataStream, Message:<EMPTY>, logEntry=null
2023-02-23 08:44:39,360 [s2-client-thread1] INFO  statemachine.StateMachine (DataStreamTestUtils.java:link(157)) - link SingleDataStream: writeRequest=RaftClientRequest:client-02881232DBEE->s0@group-D5CC796A79A9, cid=401, seq=0, DataStream, Message:<EMPTY>, logEntry=null
2023-02-23 08:44:39,362 [s0-server-thread2] INFO  statemachine.StateMachine (DataStreamTestUtils.java:link(157)) - link SingleDataStream: writeRequest=RaftClientRequest:client-02881232DBEE->s0@group-D5CC796A79A9, cid=401, seq=0, DataStream, Message:<EMPTY>, logEntry=null
2023-02-23 08:44:39,363 [s1-server-thread2] INFO  statemachine.StateMachine (DataStreamTestUtils.java:link(157)) - link SingleDataStream: writeRequest=RaftClientRequest:client-02881232DBEE->s0@group-D5CC796A79A9, cid=401, seq=0, DataStream, Message:<EMPTY>, logEntry=null
2023-02-23 08:44:39,364 [pool-6-thread-15] INFO  datastream.DataStreamTestUtils (DataStreamTestUtils.java:writeAndCloseAndAssertReplies(311)) - start Stream403
2023-02-23 08:44:39,366 [pool-6-thread-10] INFO  datastream.DataStreamTestUtils (DataStreamTestUtils.java:writeAndCloseAndAssertReplies(311)) - start Stream404
2023-02-23 08:44:39,367 [pool-6-thread-14] INFO  datastream.DataStreamTestUtils (DataStreamTestUtils.java:writeAndCloseAndAssertReplies(311)) - start Stream405
2023-02-23 08:44:39,372 [pool-6-thread-11] INFO  datastream.DataStreamTestUtils (DataStreamTestUtils.java:writeAndCloseAndAssertReplies(311)) - start Stream406
2023-02-23 08:44:39,397 [pool-6-thread-16] INFO  datastream.DataStreamTestUtils (DataStreamTestUtils.java:writeAndCloseAndAssertReplies(320)) - Stream402: bytesWritten=729390
2023-02-23 08:44:39,402 [s2-client-thread1] INFO  statemachine.StateMachine (DataStreamTestUtils.java:link(157)) - link SingleDataStream: writeRequest=RaftClientRequest:client-02881232DBEE->s0@group-D5CC796A79A9, cid=402, seq=0, DataStream, Message:<EMPTY>, logEntry=null
2023-02-23 08:44:39,406 [s1-server-thread2] INFO  statemachine.StateMachine (DataStreamTestUtils.java:link(157)) - link SingleDataStream: writeRequest=RaftClientRequest:client-02881232DBEE->s0@group-D5CC796A79A9, cid=402, seq=0, DataStream, Message:<EMPTY>, logEntry=null
2023-02-23 08:44:39,407 [s0-server-thread2] INFO  statemachine.StateMachine (DataStreamTestUtils.java:link(157)) - link SingleDataStream: writeRequest=RaftClientRequest:client-02881232DBEE->s0@group-D5CC796A79A9, cid=402, seq=0, DataStream, Message:<EMPTY>, logEntry=null
2023-02-23 08:44:39,408 [pool-6-thread-16] INFO  datastream.DataStreamTestUtils (DataStreamTestUtils.java:writeAndCloseAndAssertReplies(311)) - start Stream407
2023-02-23 08:44:39,416 [pool-6-thread-11] INFO  datastream.DataStreamTestUtils (DataStreamTestUtils.java:writeAndCloseAndAssertReplies(320)) - Stream406: bytesWritten=775786
2023-02-23 08:44:39,419 [pool-6-thread-15] INFO  datastream.DataStreamTestUtils (DataStreamTestUtils.java:writeAndCloseAndAssertReplies(320)) - Stream403: bytesWritten=717053
2023-02-23 08:44:39,424 [pool-6-thread-14] INFO  datastream.DataStreamTestUtils (DataStreamTestUtils.java:writeAndCloseAndAssertReplies(320)) - Stream405: bytesWritten=704276
2023-02-23 08:44:39,424 [pool-6-thread-10] INFO  datastream.DataStreamTestUtils (DataStreamTestUtils.java:writeAndCloseAndAssertReplies(320)) - Stream404: bytesWritten=769541
2023-02-23 08:44:39,429 [s2-client-thread1] INFO  statemachine.StateMachine (DataStreamTestUtils.java:link(157)) - link SingleDataStream: writeRequest=RaftClientRequest:client-02881232DBEE->s0@group-D5CC796A79A9, cid=403, seq=0, DataStream, Message:<EMPTY>, logEntry=null
2023-02-23 08:44:39,431 [pool-6-thread-16] INFO  datastream.DataStreamTestUtils (DataStreamTestUtils.java:writeAndCloseAndAssertReplies(320)) - Stream407: bytesWritten=776239
2023-02-23 08:44:39,432 [s1-server-thread2] INFO  statemachine.StateMachine (DataStreamTestUtils.java:link(157)) - link SingleDataStream: writeRequest=RaftClientRequest:client-02881232DBEE->s0@group-D5CC796A79A9, cid=403, seq=0, DataStream, Message:<EMPTY>, logEntry=null
2023-02-23 08:44:39,433 [s0-server-thread2] INFO  statemachine.StateMachine (DataStreamTestUtils.java:link(157)) - link SingleDataStream: writeRequest=RaftClientRequest:client-02881232DBEE->s0@group-D5CC796A79A9, cid=403, seq=0, DataStream, Message:<EMPTY>, logEntry=null
2023-02-23 08:44:39,434 [s2-client-thread1] INFO  statemachine.StateMachine (DataStreamTestUtils.java:link(157)) - link SingleDataStream: writeRequest=RaftClientRequest:client-02881232DBEE->s0@group-D5CC796A79A9, cid=404, seq=0, DataStream, Message:<EMPTY>, logEntry=null
2023-02-23 08:44:39,435 [s0-server-thread2] INFO  statemachine.StateMachine (DataStreamTestUtils.java:link(157)) - link SingleDataStream: writeRequest=RaftClientRequest:client-02881232DBEE->s0@group-D5CC796A79A9, cid=404, seq=0, DataStream, Message:<EMPTY>, logEntry=null
2023-02-23 08:44:39,437 [s1-server-thread2] INFO  statemachine.StateMachine (DataStreamTestUtils.java:link(157)) - link SingleDataStream: writeRequest=RaftClientRequest:client-02881232DBEE->s0@group-D5CC796A79A9, cid=404, seq=0, DataStream, Message:<EMPTY>, logEntry=null
2023-02-23 08:44:39,438 [s2-client-thread1] INFO  statemachine.StateMachine (DataStreamTestUtils.java:link(157)) - link SingleDataStream: writeRequest=RaftClientRequest:client-02881232DBEE->s0@group-D5CC796A79A9, cid=405, seq=0, DataStream, Message:<EMPTY>, logEntry=null
2023-02-23 08:44:39,438 [pool-6-thread-15] INFO  datastream.DataStreamTestUtils (DataStreamTestUtils.java:writeAndCloseAndAssertReplies(311)) - start Stream408
2023-02-23 08:44:39,450 [s0-server-thread2] INFO  statemachine.StateMachine (DataStreamTestUtils.java:link(157)) - link SingleDataStream: writeRequest=RaftClientRequest:client-02881232DBEE->s0@group-D5CC796A79A9, cid=405, seq=0, DataStream, Message:<EMPTY>, logEntry=null
2023-02-23 08:44:39,457 [pool-6-thread-15] INFO  datastream.DataStreamTestUtils (DataStreamTestUtils.java:writeAndCloseAndAssertReplies(320)) - Stream408: bytesWritten=719653
2023-02-23 08:44:39,510 [pool-6-thread-10] INFO  datastream.DataStreamTestUtils (DataStreamTestUtils.java:writeAndCloseAndAssertReplies(311)) - start Stream409
2023-02-23 08:44:39,511 [pool-6-thread-14] INFO  datastream.DataStreamTestUtils (DataStreamTestUtils.java:writeAndCloseAndAssertReplies(311)) - start Stream410
2023-02-23 08:44:39,520 [s1-server-thread2] INFO  statemachine.StateMachine (DataStreamTestUtils.java:link(157)) - link SingleDataStream: writeRequest=RaftClientRequest:client-02881232DBEE->s0@group-D5CC796A79A9, cid=405, seq=0, DataStream, Message:<EMPTY>, logEntry=null
2023-02-23 08:44:39,541 [pool-6-thread-14] INFO  datastream.DataStreamTestUtils (DataStreamTestUtils.java:writeAndCloseAndAssertReplies(320)) - Stream410: bytesWritten=780670
2023-02-23 08:44:39,543 [pool-6-thread-10] INFO  datastream.DataStreamTestUtils (DataStreamTestUtils.java:writeAndCloseAndAssertReplies(320)) - Stream409: bytesWritten=731437
2023-02-23 08:44:39,563 [pool-6-thread-3] INFO  datastream.DataStreamTestUtils (DataStreamTestUtils.java:writeAndCloseAndAssertReplies(311)) - start Stream411
2023-02-23 08:44:39,591 [s2-client-thread1] INFO  statemachine.StateMachine (DataStreamTestUtils.java:link(157)) - link SingleDataStream: writeRequest=RaftClientRequest:client-C5E326770DF5->s2@group-D5CC796A79A9, cid=406, seq=0, DataStream, Message:<EMPTY>, logEntry=null
2023-02-23 08:44:39,592 [s2-client-thread1] INFO  statemachine.StateMachine (DataStreamTestUtils.java:link(157)) - link SingleDataStream: writeRequest=RaftClientRequest:client-C5E326770DF5->s2@group-D5CC796A79A9, cid=407, seq=0, DataStream, Message:<EMPTY>, logEntry=null
2023-02-23 08:44:39,592 [s1-server-thread2] INFO  statemachine.StateMachine (DataStreamTestUtils.java:link(157)) - link SingleDataStream: writeRequest=RaftClientRequest:client-C5E326770DF5->s2@group-D5CC796A79A9, cid=406, seq=0, DataStream, Message:<EMPTY>, logEntry=null
2023-02-23 08:44:39,593 [s0-server-thread1] INFO  statemachine.StateMachine (DataStreamTestUtils.java:link(157)) - link SingleDataStream: writeRequest=RaftClientRequest:client-C5E326770DF5->s2@group-D5CC796A79A9, cid=406, seq=0, DataStream, Message:<EMPTY>, logEntry=null
2023-02-23 08:44:39,593 [s2-client-thread1] INFO  statemachine.StateMachine (DataStreamTestUtils.java:link(157)) - link SingleDataStream: writeRequest=RaftClientRequest:client-C5E326770DF5->s2@group-D5CC796A79A9, cid=408, seq=0, DataStream, Message:<EMPTY>, logEntry=null
2023-02-23 08:44:39,593 [s1-server-thread2] INFO  statemachine.StateMachine (DataStreamTestUtils.java:link(157)) - link SingleDataStream: writeRequest=RaftClientRequest:client-C5E326770DF5->s2@group-D5CC796A79A9, cid=407, seq=0, DataStream, Message:<EMPTY>, logEntry=null
2023-02-23 08:44:39,594 [s2-client-thread1] INFO  statemachine.StateMachine (DataStreamTestUtils.java:link(157)) - link SingleDataStream: writeRequest=RaftClientRequest:client-C5E326770DF5->s2@group-D5CC796A79A9, cid=410, seq=0, DataStream, Message:<EMPTY>, logEntry=null
2023-02-23 08:44:39,594 [s0-server-thread1] INFO  statemachine.StateMachine (DataStreamTestUtils.java:link(157)) - link SingleDataStream: writeRequest=RaftClientRequest:client-C5E326770DF5->s2@group-D5CC796A79A9, cid=407, seq=0, DataStream, Message:<EMPTY>, logEntry=null
2023-02-23 08:44:39,594 [s0-server-thread1] INFO  statemachine.StateMachine (DataStreamTestUtils.java:link(157)) - link SingleDataStream: writeRequest=RaftClientRequest:client-C5E326770DF5->s2@group-D5CC796A79A9, cid=408, seq=0, DataStream, Message:<EMPTY>, logEntry=null
2023-02-23 08:44:39,595 [s1-server-thread2] INFO  statemachine.StateMachine (DataStreamTestUtils.java:link(157)) - link SingleDataStream: writeRequest=RaftClientRequest:client-C5E326770DF5->s2@group-D5CC796A79A9, cid=408, seq=0, DataStream, Message:<EMPTY>, logEntry=null
2023-02-23 08:44:39,596 [s1-server-thread3] INFO  statemachine.StateMachine (DataStreamTestUtils.java:link(157)) - link SingleDataStream: writeRequest=RaftClientRequest:client-C5E326770DF5->s2@group-D5CC796A79A9, cid=410, seq=0, DataStream, Message:<EMPTY>, logEntry=null
2023-02-23 08:44:39,596 [pool-6-thread-11] INFO  datastream.DataStreamTestUtils (DataStreamTestUtils.java:writeAndCloseAndAssertReplies(311)) - start Stream412
2023-02-23 08:44:39,598 [pool-6-thread-16] INFO  datastream.DataStreamTestUtils (DataStreamTestUtils.java:writeAndCloseAndAssertReplies(311)) - start Stream413
2023-02-23 08:44:39,605 [s0-server-thread1] INFO  statemachine.StateMachine (DataStreamTestUtils.java:link(157)) - link SingleDataStream: writeRequest=RaftClientRequest:client-C5E326770DF5->s2@group-D5CC796A79A9, cid=410, seq=0, DataStream, Message:<EMPTY>, logEntry=null
2023-02-23 08:44:39,606 [s2-client-thread1] INFO  statemachine.StateMachine (DataStreamTestUtils.java:link(157)) - link SingleDataStream: writeRequest=RaftClientRequest:client-C5E326770DF5->s2@group-D5CC796A79A9, cid=409, seq=0, DataStream, Message:<EMPTY>, logEntry=null
2023-02-23 08:44:39,607 [s1-server-thread2] INFO  statemachine.StateMachine (DataStreamTestUtils.java:link(157)) - link SingleDataStream: writeRequest=RaftClientRequest:client-C5E326770DF5->s2@group-D5CC796A79A9, cid=409, seq=0, DataStream, Message:<EMPTY>, logEntry=null
2023-02-23 08:44:39,609 [pool-6-thread-15] INFO  datastream.DataStreamTestUtils (DataStreamTestUtils.java:writeAndCloseAndAssertReplies(311)) - start Stream414
2023-02-23 08:44:39,615 [pool-6-thread-14] INFO  datastream.DataStreamTestUtils (DataStreamTestUtils.java:writeAndCloseAndAssertReplies(311)) - start Stream415
2023-02-23 08:44:39,616 [pool-6-thread-10] INFO  datastream.DataStreamTestUtils (DataStreamTestUtils.java:writeAndCloseAndAssertReplies(311)) - start Stream416
2023-02-23 08:44:39,631 [s0-server-thread1] INFO  statemachine.StateMachine (DataStreamTestUtils.java:link(157)) - link SingleDataStream: writeRequest=RaftClientRequest:client-C5E326770DF5->s2@group-D5CC796A79A9, cid=409, seq=0, DataStream, Message:<EMPTY>, logEntry=null
2023-02-23 08:44:39,651 [pool-6-thread-3] INFO  datastream.DataStreamTestUtils (DataStreamTestUtils.java:writeAndCloseAndAssertReplies(320)) - Stream411: bytesWritten=793815
2023-02-23 08:44:39,669 [pool-6-thread-15] INFO  datastream.DataStreamTestUtils (DataStreamTestUtils.java:writeAndCloseAndAssertReplies(320)) - Stream414: bytesWritten=792831
2023-02-23 08:44:39,669 [pool-6-thread-14] INFO  datastream.DataStreamTestUtils (DataStreamTestUtils.java:writeAndCloseAndAssertReplies(320)) - Stream415: bytesWritten=740342
2023-02-23 08:44:39,670 [s2-client-thread1] INFO  statemachine.StateMachine (DataStreamTestUtils.java:link(157)) - link SingleDataStream: writeRequest=RaftClientRequest:client-C5E326770DF5->s2@group-D5CC796A79A9, cid=411, seq=0, DataStream, Message:<EMPTY>, logEntry=null
2023-02-23 08:44:39,671 [s0-server-thread1] INFO  statemachine.StateMachine (DataStreamTestUtils.java:link(157)) - link SingleDataStream: writeRequest=RaftClientRequest:client-C5E326770DF5->s2@group-D5CC796A79A9, cid=411, seq=0, DataStream, Message:<EMPTY>, logEntry=null
2023-02-23 08:44:39,671 [s1-server-thread2] INFO  statemachine.StateMachine (DataStreamTestUtils.java:link(157)) - link SingleDataStream: writeRequest=RaftClientRequest:client-C5E326770DF5->s2@group-D5CC796A79A9, cid=411, seq=0, DataStream, Message:<EMPTY>, logEntry=null
2023-02-23 08:44:39,673 [pool-6-thread-3] INFO  datastream.DataStreamTestUtils (DataStreamTestUtils.java:writeAndCloseAndAssertReplies(311)) - start Stream418
2023-02-23 08:44:39,697 [s2-client-thread1] INFO  statemachine.StateMachine (DataStreamTestUtils.java:link(157)) - link SingleDataStream: writeRequest=RaftClientRequest:client-C5E326770DF5->s2@group-D5CC796A79A9, cid=415, seq=0, DataStream, Message:<EMPTY>, logEntry=null
2023-02-23 08:44:39,697 [s0-server-thread1] INFO  statemachine.StateMachine (DataStreamTestUtils.java:link(157)) - link SingleDataStream: writeRequest=RaftClientRequest:client-C5E326770DF5->s2@group-D5CC796A79A9, cid=415, seq=0, DataStream, Message:<EMPTY>, logEntry=null
2023-02-23 08:44:39,697 [s1-server-thread2] INFO  statemachine.StateMachine (DataStreamTestUtils.java:link(157)) - link SingleDataStream: writeRequest=RaftClientRequest:client-C5E326770DF5->s2@group-D5CC796A79A9, cid=415, seq=0, DataStream, Message:<EMPTY>, logEntry=null
2023-02-23 08:44:39,699 [pool-6-thread-14] INFO  datastream.DataStreamTestUtils (DataStreamTestUtils.java:writeAndCloseAndAssertReplies(311)) - start Stream419
2023-02-23 08:44:39,703 [pool-6-thread-16] INFO  datastream.DataStreamTestUtils (DataStreamTestUtils.java:writeAndCloseAndAssertReplies(320)) - Stream413: bytesWritten=747089
2023-02-23 08:44:39,704 [pool-6-thread-11] INFO  datastream.DataStreamTestUtils (DataStreamTestUtils.java:writeAndCloseAndAssertReplies(320)) - Stream412: bytesWritten=730771
2023-02-23 08:44:39,709 [s2-client-thread1] INFO  statemachine.StateMachine (DataStreamTestUtils.java:link(157)) - link SingleDataStream: writeRequest=RaftClientRequest:client-C5E326770DF5->s2@group-D5CC796A79A9, cid=414, seq=0, DataStream, Message:<EMPTY>, logEntry=null
2023-02-23 08:44:39,710 [s0-server-thread1] INFO  statemachine.StateMachine (DataStreamTestUtils.java:link(157)) - link SingleDataStream: writeRequest=RaftClientRequest:client-C5E326770DF5->s2@group-D5CC796A79A9, cid=414, seq=0, DataStream, Message:<EMPTY>, logEntry=null
2023-02-23 08:44:39,710 [s1-server-thread2] INFO  statemachine.StateMachine (DataStreamTestUtils.java:link(157)) - link SingleDataStream: writeRequest=RaftClientRequest:client-C5E326770DF5->s2@group-D5CC796A79A9, cid=414, seq=0, DataStream, Message:<EMPTY>, logEntry=null
2023-02-23 08:44:39,712 [pool-6-thread-15] INFO  datastream.DataStreamTestUtils (DataStreamTestUtils.java:writeAndCloseAndAssertReplies(311)) - start Stream420
2023-02-23 08:44:39,721 [s2-client-thread1] INFO  statemachine.StateMachine (DataStreamTestUtils.java:link(157)) - link SingleDataStream: writeRequest=RaftClientRequest:client-C5E326770DF5->s2@group-D5CC796A79A9, cid=413, seq=0, DataStream, Message:<EMPTY>, logEntry=null
2023-02-23 08:44:39,722 [s0-server-thread1] INFO  statemachine.StateMachine (DataStreamTestUtils.java:link(157)) - link SingleDataStream: writeRequest=RaftClientRequest:client-C5E326770DF5->s2@group-D5CC796A79A9, cid=413, seq=0, DataStream, Message:<EMPTY>, logEntry=null
2023-02-23 08:44:39,722 [s2-client-thread1] INFO  statemachine.StateMachine (DataStreamTestUtils.java:link(157)) - link SingleDataStream: writeRequest=RaftClientRequest:client-C5E326770DF5->s2@group-D5CC796A79A9, cid=412, seq=0, DataStream, Message:<EMPTY>, logEntry=null
2023-02-23 08:44:39,723 [s0-server-thread1] INFO  statemachine.StateMachine (DataStreamTestUtils.java:link(157)) - link SingleDataStream: writeRequest=RaftClientRequest:client-C5E326770DF5->s2@group-D5CC796A79A9, cid=412, seq=0, DataStream, Message:<EMPTY>, logEntry=null
2023-02-23 08:44:39,723 [s1-server-thread2] INFO  statemachine.StateMachine (DataStreamTestUtils.java:link(157)) - link SingleDataStream: writeRequest=RaftClientRequest:client-C5E326770DF5->s2@group-D5CC796A79A9, cid=413, seq=0, DataStream, Message:<EMPTY>, logEntry=null
2023-02-23 08:44:39,724 [s1-server-thread3] INFO  statemachine.StateMachine (DataStreamTestUtils.java:link(157)) - link SingleDataStream: writeRequest=RaftClientRequest:client-C5E326770DF5->s2@group-D5CC796A79A9, cid=412, seq=0, DataStream, Message:<EMPTY>, logEntry=null
2023-02-23 08:44:39,725 [pool-6-thread-16] INFO  datastream.DataStreamTestUtils (DataStreamTestUtils.java:writeAndCloseAndAssertReplies(311)) - start Stream421
2023-02-23 08:44:39,728 [pool-6-thread-11] INFO  datastream.DataStreamTestUtils (DataStreamTestUtils.java:writeAndCloseAndAssertReplies(311)) - start Stream422
2023-02-23 08:44:39,768 [pool-6-thread-4] INFO  datastream.DataStreamTestUtils (DataStreamTestUtils.java:writeAndCloseAndAssertReplies(311)) - start Stream423
2023-02-23 08:44:40,990 [pool-6-thread-13] INFO  datastream.DataStreamTestUtils (DataStreamTestUtils.java:writeAndCloseAndAssertReplies(320)) - Stream395: bytesWritten=3748126
2023-02-23 08:44:40,994 [s2-client-thread1] INFO  statemachine.StateMachine (DataStreamTestUtils.java:link(157)) - link SingleDataStream: writeRequest=RaftClientRequest:client-813405745949->s0@group-D5CC796A79A9, cid=395, seq=0, DataStream, Message:<EMPTY>, logEntry=null
2023-02-23 08:44:40,995 [s0-server-thread2] INFO  statemachine.StateMachine (DataStreamTestUtils.java:link(157)) - link SingleDataStream: writeRequest=RaftClientRequest:client-813405745949->s0@group-D5CC796A79A9, cid=395, seq=0, DataStream, Message:<EMPTY>, logEntry=null
2023-02-23 08:44:40,995 [s1-server-thread2] INFO  statemachine.StateMachine (DataStreamTestUtils.java:link(157)) - link SingleDataStream: writeRequest=RaftClientRequest:client-813405745949->s0@group-D5CC796A79A9, cid=395, seq=0, DataStream, Message:<EMPTY>, logEntry=null
2023-02-23 08:44:40,998 [pool-6-thread-13] INFO  datastream.DataStreamTestUtils (DataStreamTestUtils.java:writeAndCloseAndAssertReplies(311)) - start Stream424
2023-02-23 08:44:44,653 [pool-6-thread-12] INFO  datastream.DataStreamTestUtils (DataStreamTestUtils.java:writeAndCloseAndAssertReplies(320)) - Stream396: bytesWritten=3733242
2023-02-23 08:44:44,656 [s2-client-thread1] INFO  statemachine.StateMachine (DataStreamTestUtils.java:link(157)) - link SingleDataStream: writeRequest=RaftClientRequest:client-813405745949->s0@group-D5CC796A79A9, cid=396, seq=0, DataStream, Message:<EMPTY>, logEntry=null
2023-02-23 08:44:44,657 [s1-server-thread3] INFO  statemachine.StateMachine (DataStreamTestUtils.java:link(157)) - link SingleDataStream: writeRequest=RaftClientRequest:client-813405745949->s0@group-D5CC796A79A9, cid=396, seq=0, DataStream, Message:<EMPTY>, logEntry=null
2023-02-23 08:44:44,658 [s0-server-thread1] INFO  statemachine.StateMachine (DataStreamTestUtils.java:link(157)) - link SingleDataStream: writeRequest=RaftClientRequest:client-813405745949->s0@group-D5CC796A79A9, cid=396, seq=0, DataStream, Message:<EMPTY>, logEntry=null
2023-02-23 08:44:44,660 [pool-6-thread-12] INFO  datastream.DataStreamTestUtils (DataStreamTestUtils.java:writeAndCloseAndAssertReplies(311)) - start Stream425
2023-02-23 08:44:44,844 [pool-6-thread-5] INFO  datastream.DataStreamTestUtils (DataStreamTestUtils.java:writeAndCloseAndAssertReplies(311)) - start Stream426
2023-02-23 08:44:45,770 [pool-6-thread-3] INFO  datastream.DataStreamTestUtils (DataStreamTestUtils.java:writeAndCloseAndAssertReplies(320)) - Stream418: bytesWritten=3761239
2023-02-23 08:44:49,077 [JvmPauseMonitor5] WARN  util.JvmPauseMonitor (JvmPauseMonitor.java:detectPause(124)) - JvmPauseMonitor-s1: Detected pause in JVM or host machine approximately 1.524s with 1.980s GC time.
GC pool 'G1 Young Generation' had collection(s): count=1 time=57ms
GC pool 'G1 Old Generation' had collection(s): count=1 time=1923ms
2023-02-23 08:44:49,077 [JvmPauseMonitor4] WARN  util.JvmPauseMonitor (JvmPauseMonitor.java:detectPause(124)) - JvmPauseMonitor-s0: Detected pause in JVM or host machine approximately 1.525s with 1.980s GC time.
GC pool 'G1 Young Generation' had collection(s): count=1 time=57ms
GC pool 'G1 Old Generation' had collection(s): count=1 time=1923ms
2023-02-23 08:44:49,077 [JvmPauseMonitor6] WARN  util.JvmPauseMonitor (JvmPauseMonitor.java:detectPause(124)) - JvmPauseMonitor-s2: Detected pause in JVM or host machine approximately 1.525s with 1.980s GC time.
GC pool 'G1 Young Generation' had collection(s): count=1 time=57ms
GC pool 'G1 Old Generation' had collection(s): count=1 time=1923ms
2023-02-23 08:44:49,080 [Timer-2] INFO  impl.MiniRaftCluster (MiniRaftCluster.java:lambda$start$6(349)) - TIMED-PRINT: printing ALL groups
  s0:  RUNNING  FOLLOWER s0@group-D5CC796A79A9:t3, leader=s2, voted=s2, raftlog=Memoized:s0@group-D5CC796A79A9-SegmentedRaftLog:OPENED:c81, conf=27: peers:[s0|rpc:localhost:44609|admin:localhost:43339|client:localhost:35167|dataStream:localhost:45017|priority:0|startupRole:FOLLOWER, s1|rpc:localhost:46005|admin:localhost:39871|client:localhost:43155|dataStream:localhost:44881|priority:0|startupRole:FOLLOWER, s2|rpc:localhost:40131|admin:localhost:41173|client:localhost:45441|dataStream:localhost:41833|priority:0|startupRole:FOLLOWER]|listeners:[], old=null RUNNING
  s1:  RUNNING  FOLLOWER s1@group-D5CC796A79A9:t3, leader=s2, voted=s1, raftlog=Memoized:s1@group-D5CC796A79A9-SegmentedRaftLog:OPENED:c81, conf=27: peers:[s0|rpc:localhost:44609|admin:localhost:43339|client:localhost:35167|dataStream:localhost:45017|priority:0|startupRole:FOLLOWER, s1|rpc:localhost:46005|admin:localhost:39871|client:localhost:43155|dataStream:localhost:44881|priority:0|startupRole:FOLLOWER, s2|rpc:localhost:40131|admin:localhost:41173|client:localhost:45441|dataStream:localhost:41833|priority:0|startupRole:FOLLOWER]|listeners:[], old=null RUNNING
  s2:  RUNNING    LEADER s2@group-D5CC796A79A9:t3, leader=s2, voted=s2, raftlog=Memoized:s2@group-D5CC796A79A9-SegmentedRaftLog:OPENED:c81, conf=27: peers:[s0|rpc:localhost:44609|admin:localhost:43339|client:localhost:35167|dataStream:localhost:45017|priority:0|startupRole:FOLLOWER, s1|rpc:localhost:46005|admin:localhost:39871|client:localhost:43155|dataStream:localhost:44881|priority:0|startupRole:FOLLOWER, s2|rpc:localhost:40131|admin:localhost:41173|client:localhost:45441|dataStream:localhost:41833|priority:0|startupRole:FOLLOWER]|listeners:[], old=null RUNNING
2023-02-23 08:44:49,081 [s0@group-D5CC796A79A9-FollowerState] WARN  impl.FollowerState (FollowerState.java:run(130)) - Unexpected long sleep: sleep 278ms but took extra 1845723895ns (> threshold = 300ms)
2023-02-23 08:44:49,081 [s1@group-D5CC796A79A9-FollowerState] WARN  impl.FollowerState (FollowerState.java:run(130)) - Unexpected long sleep: sleep 231ms but took extra 1908553217ns (> threshold = 300ms)
2023-02-23 08:44:49,081 [s2@group-D5CC796A79A9-LeaderStateImpl] WARN  server.RaftServer$Division (LeaderStateImpl.java:checkLeadership(1098)) - s2@group-D5CC796A79A9-LeaderStateImpl: Lost leadership on term: 3. Election timeout: 300ms. In charge for: 11165ms. Conf: 27: peers:[s0|rpc:localhost:44609|admin:localhost:43339|client:localhost:35167|dataStream:localhost:45017|priority:0|startupRole:FOLLOWER, s1|rpc:localhost:46005|admin:localhost:39871|client:localhost:43155|dataStream:localhost:44881|priority:0|startupRole:FOLLOWER, s2|rpc:localhost:40131|admin:localhost:41173|client:localhost:45441|dataStream:localhost:41833|priority:0|startupRole:FOLLOWER]|listeners:[], old=null
2023-02-23 08:44:49,081 [s2@group-D5CC796A79A9-LeaderStateImpl] WARN  server.RaftServer$Division (LeaderStateImpl.java:lambda$checkLeadership$20(1102)) - Follower s2@group-D5CC796A79A9->s0(c81,m81,n82, attendVote=true, lastRpcSendTime=2028, lastRpcResponseTime=2028)
2023-02-23 08:44:49,081 [s2@group-D5CC796A79A9-LeaderStateImpl] WARN  server.RaftServer$Division (LeaderStateImpl.java:lambda$checkLeadership$20(1102)) - Follower s2@group-D5CC796A79A9->s1(c81,m81,n82, attendVote=true, lastRpcSendTime=2030, lastRpcResponseTime=2029)
2023-02-23 08:44:49,081 [s2@group-D5CC796A79A9-LeaderStateImpl] INFO  server.RaftServer$Division (RaftServerImpl.java:setRole(329)) - s2@group-D5CC796A79A9: changes role from    LEADER to FOLLOWER at term 3 for StepDownReason:LOST_MAJORITY_HEARTBEATS
2023-02-23 08:44:49,081 [s2@group-D5CC796A79A9-LeaderStateImpl] INFO  impl.RoleInfo (RoleInfo.java:shutdownLeaderState(93)) - s2: shutdown s2@group-D5CC796A79A9-LeaderStateImpl
2023-02-23 08:44:49,081 [s2@group-D5CC796A79A9-LeaderStateImpl] INFO  impl.PendingRequests (PendingRequests.java:sendNotLeaderResponses(282)) - s2@group-D5CC796A79A9-PendingRequests: sendNotLeaderResponses
2023-02-23 08:44:49,081 [s2@group-D5CC796A79A9-LeaderStateImpl] INFO  server.RaftServer$Division (ServerState.java:setLeader(260)) - s2@group-D5CC796A79A9: change Leader from s2 to null at term 3 for StepDownReason:LOST_MAJORITY_HEARTBEATS
2023-02-23 08:44:49,081 [s2@group-D5CC796A79A9-LeaderStateImpl] INFO  impl.RoleInfo (RoleInfo.java:updateAndGet(139)) - s2: start s2@group-D5CC796A79A9-FollowerState
2023-02-23 08:44:49,087 [s2@group-D5CC796A79A9->s1-GrpcLogAppender-LogAppenderDaemon] WARN  server.GrpcLogAppender (GrpcLogAppender.java:mayWait(199)) - s2@group-D5CC796A79A9->s1-GrpcLogAppender: Wait interrupted by java.lang.InterruptedException
2023-02-23 08:44:49,087 [s2@group-D5CC796A79A9->s0-GrpcLogAppender-LogAppenderDaemon] WARN  server.GrpcLogAppender (GrpcLogAppender.java:mayWait(199)) - s2@group-D5CC796A79A9->s0-GrpcLogAppender: Wait interrupted by java.lang.InterruptedException
2023-02-23 08:44:49,087 [grpc-default-executor-4] INFO  server.GrpcServerProtocolService (GrpcServerProtocolService.java:onCompleted(143)) - s1: Completed APPEND_ENTRIES, lastRequest: s2->s1#240-t3,previous=(t:3, i:80),leaderCommit=80,initializing? true,entries: size=1, first=(t:3, i:81), METADATAENTRY(c:80)
2023-02-23 08:44:49,087 [grpc-default-executor-2] INFO  server.GrpcServerProtocolService (GrpcServerProtocolService.java:onCompleted(143)) - s1: Completed APPEND_ENTRIES, lastRequest: null
2023-02-23 08:44:49,088 [grpc-default-executor-3] INFO  server.GrpcServerProtocolService (GrpcServerProtocolService.java:onCompleted(143)) - s0: Completed APPEND_ENTRIES, lastRequest: s2->s0#221-t3,previous=(t:3, i:80),leaderCommit=80,initializing? true,entries: size=1, first=(t:3, i:81), METADATAENTRY(c:80)
2023-02-23 08:44:49,088 [grpc-default-executor-5] INFO  server.GrpcLogAppender (GrpcLogAppender.java:onCompleted(417)) - s2@group-D5CC796A79A9->s1-AppendLogResponseHandler: follower responses appendEntries COMPLETED
2023-02-23 08:44:49,089 [grpc-default-executor-5] INFO  leader.FollowerInfo (FollowerInfoImpl.java:lambda$new$0(52)) - s2@group-D5CC796A79A9->s1: nextIndex: updateUnconditionally 82 -> 81
2023-02-23 08:44:49,089 [grpc-default-executor-3] INFO  server.GrpcServerProtocolService (GrpcServerProtocolService.java:onCompleted(143)) - s0: Completed APPEND_ENTRIES, lastRequest: null
2023-02-23 08:44:49,089 [grpc-default-executor-2] INFO  server.GrpcLogAppender (GrpcLogAppender.java:onCompleted(417)) - s2@group-D5CC796A79A9->s1-AppendLogResponseHandler: follower responses appendEntries COMPLETED
2023-02-23 08:44:49,089 [grpc-default-executor-2] INFO  leader.FollowerInfo (FollowerInfoImpl.java:lambda$new$0(52)) - s2@group-D5CC796A79A9->s1: nextIndex: updateUnconditionally 81 -> 80
2023-02-23 08:44:49,089 [grpc-default-executor-4] INFO  server.GrpcLogAppender (GrpcLogAppender.java:onCompleted(417)) - s2@group-D5CC796A79A9->s0-AppendLogResponseHandler: follower responses appendEntries COMPLETED
2023-02-23 08:44:49,089 [grpc-default-executor-4] INFO  leader.FollowerInfo (FollowerInfoImpl.java:lambda$new$0(52)) - s2@group-D5CC796A79A9->s0: nextIndex: updateUnconditionally 82 -> 81
2023-02-23 08:44:49,089 [grpc-default-executor-4] INFO  server.GrpcLogAppender (GrpcLogAppender.java:onCompleted(417)) - s2@group-D5CC796A79A9->s0-AppendLogResponseHandler: follower responses appendEntries COMPLETED
2023-02-23 08:44:49,089 [grpc-default-executor-4] INFO  leader.FollowerInfo (FollowerInfoImpl.java:lambda$new$0(52)) - s2@group-D5CC796A79A9->s0: nextIndex: updateUnconditionally 81 -> 80
2023-02-23 08:44:49,325 [s0@group-D5CC796A79A9-FollowerState] INFO  impl.FollowerState (FollowerState.java:run(143)) - s0@group-D5CC796A79A9-FollowerState: change to CANDIDATE, lastRpcElapsedTime:2272172617ns, electionTimeout:244ms
2023-02-23 08:44:49,325 [s0@group-D5CC796A79A9-FollowerState] INFO  impl.RoleInfo (RoleInfo.java:shutdownFollowerState(110)) - s0: shutdown s0@group-D5CC796A79A9-FollowerState
2023-02-23 08:44:49,325 [s0@group-D5CC796A79A9-FollowerState] INFO  server.RaftServer$Division (RaftServerImpl.java:setRole(329)) - s0@group-D5CC796A79A9: changes role from  FOLLOWER to CANDIDATE at term 3 for changeToCandidate
2023-02-23 08:44:49,325 [s0@group-D5CC796A79A9-FollowerState] INFO  server.RaftServerConfigKeys (ConfUtils.java:logGet(46)) - raft.server.leaderelection.pre-vote = true (default)
2023-02-23 08:44:49,325 [s0@group-D5CC796A79A9-FollowerState] INFO  impl.RoleInfo (RoleInfo.java:updateAndGet(139)) - s0: start s0@group-D5CC796A79A9-LeaderElection8
2023-02-23 08:44:49,350 [s1@group-D5CC796A79A9-FollowerState] INFO  impl.FollowerState (FollowerState.java:run(143)) - s1@group-D5CC796A79A9-FollowerState: change to CANDIDATE, lastRpcElapsedTime:2298930715ns, electionTimeout:269ms
2023-02-23 08:44:49,350 [s1@group-D5CC796A79A9-FollowerState] INFO  impl.RoleInfo (RoleInfo.java:shutdownFollowerState(110)) - s1: shutdown s1@group-D5CC796A79A9-FollowerState
2023-02-23 08:44:49,350 [s1@group-D5CC796A79A9-FollowerState] INFO  server.RaftServer$Division (RaftServerImpl.java:setRole(329)) - s1@group-D5CC796A79A9: changes role from  FOLLOWER to CANDIDATE at term 3 for changeToCandidate
2023-02-23 08:44:49,350 [s1@group-D5CC796A79A9-FollowerState] INFO  server.RaftServerConfigKeys (ConfUtils.java:logGet(46)) - raft.server.leaderelection.pre-vote = true (default)
2023-02-23 08:44:49,350 [s1@group-D5CC796A79A9-FollowerState] INFO  impl.RoleInfo (RoleInfo.java:updateAndGet(139)) - s1: start s1@group-D5CC796A79A9-LeaderElection9
2023-02-23 08:44:49,357 [s0@group-D5CC796A79A9-LeaderElection8] INFO  server.RaftServer$Division (ServerState.java:setLeader(260)) - s0@group-D5CC796A79A9: change Leader from s2 to null at term 3 for PRE_VOTE
2023-02-23 08:44:49,359 [s0@group-D5CC796A79A9-LeaderElection8] INFO  impl.LeaderElection (LeaderElection.java:askForVotes(309)) - s0@group-D5CC796A79A9-LeaderElection8 PRE_VOTE round 0: submit vote requests at term 3 for 27: peers:[s0|rpc:localhost:44609|admin:localhost:43339|client:localhost:35167|dataStream:localhost:45017|priority:0|startupRole:FOLLOWER, s1|rpc:localhost:46005|admin:localhost:39871|client:localhost:43155|dataStream:localhost:44881|priority:0|startupRole:FOLLOWER, s2|rpc:localhost:40131|admin:localhost:41173|client:localhost:45441|dataStream:localhost:41833|priority:0|startupRole:FOLLOWER]|listeners:[], old=null
2023-02-23 08:44:49,370 [s2@group-D5CC796A79A9-FollowerState] INFO  impl.FollowerState (FollowerState.java:lostMajorityHeartbeatsRecently(108)) - s2@group-D5CC796A79A9-FollowerState: Skipping leader election since it stepped down recently (elapsed = 289ms < waitTime = 10s)
2023-02-23 08:44:49,381 [s1@group-D5CC796A79A9-LeaderElection9] INFO  server.RaftServer$Division (ServerState.java:setLeader(260)) - s1@group-D5CC796A79A9: change Leader from s2 to null at term 3 for PRE_VOTE
2023-02-23 08:44:49,384 [s1@group-D5CC796A79A9-LeaderElection9] INFO  impl.LeaderElection (LeaderElection.java:askForVotes(309)) - s1@group-D5CC796A79A9-LeaderElection9 PRE_VOTE round 0: submit vote requests at term 3 for 27: peers:[s0|rpc:localhost:44609|admin:localhost:43339|client:localhost:35167|dataStream:localhost:45017|priority:0|startupRole:FOLLOWER, s1|rpc:localhost:46005|admin:localhost:39871|client:localhost:43155|dataStream:localhost:44881|priority:0|startupRole:FOLLOWER, s2|rpc:localhost:40131|admin:localhost:41173|client:localhost:45441|dataStream:localhost:41833|priority:0|startupRole:FOLLOWER]|listeners:[], old=null
2023-02-23 08:44:49,407 [grpc-default-executor-4] INFO  server.RaftServer$Division (RaftServerImpl.java:requestVote(1302)) - s1@group-D5CC796A79A9: receive requestVote(PRE_VOTE, s0, group-D5CC796A79A9, 3, (t:3, i:81))
2023-02-23 08:44:49,407 [grpc-default-executor-4] INFO  impl.VoteContext (VoteContext.java:log(49)) - s1@group-D5CC796A79A9-CANDIDATE: accept PRE_VOTE from s0: our priority 0 <= candidate's priority 0
2023-02-23 08:44:49,407 [grpc-default-executor-4] INFO  server.RaftServer$Division (RaftServerImpl.java:requestVote(1335)) - s1@group-D5CC796A79A9 replies to PRE_VOTE vote request: s0<-s1#0:OK-t3. Peer's state: s1@group-D5CC796A79A9:t3, leader=null, voted=s1, raftlog=Memoized:s1@group-D5CC796A79A9-SegmentedRaftLog:OPENED:c81, conf=27: peers:[s0|rpc:localhost:44609|admin:localhost:43339|client:localhost:35167|dataStream:localhost:45017|priority:0|startupRole:FOLLOWER, s1|rpc:localhost:46005|admin:localhost:39871|client:localhost:43155|dataStream:localhost:44881|priority:0|startupRole:FOLLOWER, s2|rpc:localhost:40131|admin:localhost:41173|client:localhost:45441|dataStream:localhost:41833|priority:0|startupRole:FOLLOWER]|listeners:[], old=null
2023-02-23 08:44:49,408 [s0@group-D5CC796A79A9-LeaderElection8] INFO  impl.LeaderElection (LeaderElection.java:logAndReturn(89)) - s0@group-D5CC796A79A9-LeaderElection8: PRE_VOTE PASSED received 1 response(s) and 0 exception(s):
2023-02-23 08:44:49,408 [s0@group-D5CC796A79A9-LeaderElection8] INFO  impl.LeaderElection (LeaderElection.java:logAndReturn(93)) -   Response 0: s0<-s1#0:OK-t3
2023-02-23 08:44:49,408 [s0@group-D5CC796A79A9-LeaderElection8] INFO  impl.LeaderElection (LeaderElection.java:askForVotes(311)) - s0@group-D5CC796A79A9-LeaderElection8 PRE_VOTE round 0: result PASSED
2023-02-23 08:44:49,410 [s0@group-D5CC796A79A9-LeaderElection8] INFO  impl.LeaderElection (LeaderElection.java:askForVotes(309)) - s0@group-D5CC796A79A9-LeaderElection8 ELECTION round 0: submit vote requests at term 4 for 27: peers:[s0|rpc:localhost:44609|admin:localhost:43339|client:localhost:35167|dataStream:localhost:45017|priority:0|startupRole:FOLLOWER, s1|rpc:localhost:46005|admin:localhost:39871|client:localhost:43155|dataStream:localhost:44881|priority:0|startupRole:FOLLOWER, s2|rpc:localhost:40131|admin:localhost:41173|client:localhost:45441|dataStream:localhost:41833|priority:0|startupRole:FOLLOWER]|listeners:[], old=null
2023-02-23 08:44:49,425 [grpc-default-executor-4] INFO  server.RaftServer$Division (RaftServerImpl.java:requestVote(1302)) - s2@group-D5CC796A79A9: receive requestVote(PRE_VOTE, s0, group-D5CC796A79A9, 3, (t:3, i:81))
2023-02-23 08:44:49,425 [grpc-default-executor-4] INFO  impl.VoteContext (VoteContext.java:log(49)) - s2@group-D5CC796A79A9-FOLLOWER: accept PRE_VOTE from s0: our priority 0 <= candidate's priority 0
2023-02-23 08:44:49,425 [grpc-default-executor-4] INFO  server.RaftServer$Division (RaftServerImpl.java:requestVote(1335)) - s2@group-D5CC796A79A9 replies to PRE_VOTE vote request: s0<-s2#0:OK-t3. Peer's state: s2@group-D5CC796A79A9:t3, leader=null, voted=s2, raftlog=Memoized:s2@group-D5CC796A79A9-SegmentedRaftLog:OPENED:c81, conf=27: peers:[s0|rpc:localhost:44609|admin:localhost:43339|client:localhost:35167|dataStream:localhost:45017|priority:0|startupRole:FOLLOWER, s1|rpc:localhost:46005|admin:localhost:39871|client:localhost:43155|dataStream:localhost:44881|priority:0|startupRole:FOLLOWER, s2|rpc:localhost:40131|admin:localhost:41173|client:localhost:45441|dataStream:localhost:41833|priority:0|startupRole:FOLLOWER]|listeners:[], old=null
2023-02-23 08:44:49,426 [grpc-default-executor-2] INFO  server.RaftServer$Division (RaftServerImpl.java:requestVote(1302)) - s0@group-D5CC796A79A9: receive requestVote(PRE_VOTE, s1, group-D5CC796A79A9, 3, (t:3, i:81))
2023-02-23 08:44:49,426 [grpc-default-executor-2] INFO  impl.VoteContext (VoteContext.java:log(49)) - s0@group-D5CC796A79A9-CANDIDATE: accept PRE_VOTE from s1: our priority 0 <= candidate's priority 0
2023-02-23 08:44:49,426 [grpc-default-executor-2] INFO  server.RaftServer$Division (RaftServerImpl.java:requestVote(1335)) - s0@group-D5CC796A79A9 replies to PRE_VOTE vote request: s1<-s0#0:OK-t4. Peer's state: s0@group-D5CC796A79A9:t4, leader=null, voted=s0, raftlog=Memoized:s0@group-D5CC796A79A9-SegmentedRaftLog:OPENED:c81, conf=27: peers:[s0|rpc:localhost:44609|admin:localhost:43339|client:localhost:35167|dataStream:localhost:45017|priority:0|startupRole:FOLLOWER, s1|rpc:localhost:46005|admin:localhost:39871|client:localhost:43155|dataStream:localhost:44881|priority:0|startupRole:FOLLOWER, s2|rpc:localhost:40131|admin:localhost:41173|client:localhost:45441|dataStream:localhost:41833|priority:0|startupRole:FOLLOWER]|listeners:[], old=null
2023-02-23 08:44:49,426 [grpc-default-executor-3] INFO  server.RaftServer$Division (RaftServerImpl.java:requestVote(1302)) - s1@group-D5CC796A79A9: receive requestVote(ELECTION, s0, group-D5CC796A79A9, 4, (t:3, i:81))
2023-02-23 08:44:49,426 [grpc-default-executor-3] INFO  impl.VoteContext (VoteContext.java:log(49)) - s1@group-D5CC796A79A9-CANDIDATE: accept ELECTION from s0: our priority 0 <= candidate's priority 0
2023-02-23 08:44:49,426 [grpc-default-executor-3] INFO  server.RaftServer$Division (RaftServerImpl.java:setRole(329)) - s1@group-D5CC796A79A9: changes role from CANDIDATE to FOLLOWER at term 4 for candidate:s0
2023-02-23 08:44:49,426 [grpc-default-executor-3] INFO  impl.RoleInfo (RoleInfo.java:shutdownLeaderElection(130)) - s1: shutdown s1@group-D5CC796A79A9-LeaderElection9
2023-02-23 08:44:49,426 [grpc-default-executor-3] INFO  impl.RoleInfo (RoleInfo.java:updateAndGet(139)) - s1: start s1@group-D5CC796A79A9-FollowerState
2023-02-23 08:44:49,426 [grpc-default-executor-5] INFO  server.RaftServer$Division (RaftServerImpl.java:requestVote(1302)) - s2@group-D5CC796A79A9: receive requestVote(ELECTION, s0, group-D5CC796A79A9, 4, (t:3, i:81))
2023-02-23 08:44:49,426 [grpc-default-executor-5] INFO  impl.VoteContext (VoteContext.java:log(49)) - s2@group-D5CC796A79A9-FOLLOWER: accept ELECTION from s0: our priority 0 <= candidate's priority 0
2023-02-23 08:44:49,426 [grpc-default-executor-5] INFO  server.RaftServer$Division (RaftServerImpl.java:setRole(329)) - s2@group-D5CC796A79A9: changes role from  FOLLOWER to FOLLOWER at term 4 for candidate:s0
2023-02-23 08:44:49,426 [grpc-default-executor-5] INFO  impl.RoleInfo (RoleInfo.java:shutdownFollowerState(110)) - s2: shutdown s2@group-D5CC796A79A9-FollowerState
2023-02-23 08:44:49,426 [grpc-default-executor-5] INFO  impl.RoleInfo (RoleInfo.java:updateAndGet(139)) - s2: start s2@group-D5CC796A79A9-FollowerState
2023-02-23 08:44:49,426 [s2@group-D5CC796A79A9-FollowerState] INFO  impl.FollowerState (FollowerState.java:run(152)) - s2@group-D5CC796A79A9-FollowerState was interrupted
2023-02-23 08:44:49,428 [s1@group-D5CC796A79A9-LeaderElection9] INFO  impl.LeaderElection (LeaderElection.java:logAndReturn(89)) - s1@group-D5CC796A79A9-LeaderElection9: PRE_VOTE DISCOVERED_A_NEW_TERM (term=4) received 1 response(s) and 0 exception(s):
2023-02-23 08:44:49,428 [s1@group-D5CC796A79A9-LeaderElection9] INFO  impl.LeaderElection (LeaderElection.java:logAndReturn(93)) -   Response 0: s1<-s0#0:OK-t4
2023-02-23 08:44:49,428 [s1@group-D5CC796A79A9-LeaderElection9] INFO  impl.LeaderElection (LeaderElection.java:askForVotes(311)) - s1@group-D5CC796A79A9-LeaderElection9 PRE_VOTE round 0: result DISCOVERED_A_NEW_TERM (term=4)
2023-02-23 08:44:49,440 [grpc-default-executor-4] INFO  server.RaftServer$Division (RaftServerImpl.java:requestVote(1302)) - s2@group-D5CC796A79A9: receive requestVote(PRE_VOTE, s1, group-D5CC796A79A9, 3, (t:3, i:81))
2023-02-23 08:44:49,441 [grpc-default-executor-3] INFO  server.RaftServer$Division (RaftServerImpl.java:requestVote(1335)) - s1@group-D5CC796A79A9 replies to ELECTION vote request: s0<-s1#0:OK-t4. Peer's state: s1@group-D5CC796A79A9:t4, leader=null, voted=s0, raftlog=Memoized:s1@group-D5CC796A79A9-SegmentedRaftLog:OPENED:c81, conf=27: peers:[s0|rpc:localhost:44609|admin:localhost:43339|client:localhost:35167|dataStream:localhost:45017|priority:0|startupRole:FOLLOWER, s1|rpc:localhost:46005|admin:localhost:39871|client:localhost:43155|dataStream:localhost:44881|priority:0|startupRole:FOLLOWER, s2|rpc:localhost:40131|admin:localhost:41173|client:localhost:45441|dataStream:localhost:41833|priority:0|startupRole:FOLLOWER]|listeners:[], old=null
2023-02-23 08:44:49,445 [s0@group-D5CC796A79A9-LeaderElection8] INFO  impl.LeaderElection (LeaderElection.java:logAndReturn(89)) - s0@group-D5CC796A79A9-LeaderElection8: ELECTION PASSED received 1 response(s) and 0 exception(s):
2023-02-23 08:44:49,445 [s0@group-D5CC796A79A9-LeaderElection8] INFO  impl.LeaderElection (LeaderElection.java:logAndReturn(93)) -   Response 0: s0<-s1#0:OK-t4
2023-02-23 08:44:49,445 [s0@group-D5CC796A79A9-LeaderElection8] INFO  impl.LeaderElection (LeaderElection.java:askForVotes(311)) - s0@group-D5CC796A79A9-LeaderElection8 ELECTION round 0: result PASSED
2023-02-23 08:44:49,445 [s0@group-D5CC796A79A9-LeaderElection8] INFO  impl.RoleInfo (RoleInfo.java:shutdownLeaderElection(130)) - s0: shutdown s0@group-D5CC796A79A9-LeaderElection8
2023-02-23 08:44:49,445 [s0@group-D5CC796A79A9-LeaderElection8] INFO  server.RaftServer$Division (RaftServerImpl.java:setRole(329)) - s0@group-D5CC796A79A9: changes role from CANDIDATE to LEADER at term 4 for changeToLeader
2023-02-23 08:44:49,445 [s0@group-D5CC796A79A9-LeaderElection8] INFO  server.RaftServer$Division (ServerState.java:setLeader(260)) - s0@group-D5CC796A79A9: change Leader from null to s0 at term 4 for becomeLeader, leader elected after 88ms
2023-02-23 08:44:49,445 [s0@group-D5CC796A79A9-LeaderElection8] INFO  server.RaftServerConfigKeys (ConfUtils.java:logGet(46)) - raft.server.staging.catchup.gap = 1000 (default)
2023-02-23 08:44:49,445 [s0@group-D5CC796A79A9-LeaderElection8] INFO  server.RaftServerConfigKeys (ConfUtils.java:logGet(46)) - raft.server.write.element-limit = 4096 (default)
2023-02-23 08:44:49,445 [s0@group-D5CC796A79A9-LeaderElection8] INFO  server.RaftServerConfigKeys (ConfUtils.java:logGet(46)) - raft.server.write.byte-limit = 64MB (=67108864) (default)
2023-02-23 08:44:49,445 [s0@group-D5CC796A79A9-LeaderElection8] INFO  server.RaftServerConfigKeys (ConfUtils.java:logGet(46)) - raft.server.watch.timeout = 10s (default)
2023-02-23 08:44:49,445 [s0@group-D5CC796A79A9-LeaderElection8] INFO  server.RaftServerConfigKeys (ConfUtils.java:logGet(46)) - raft.server.watch.timeout.denomination = 1s (default)
2023-02-23 08:44:49,445 [s0@group-D5CC796A79A9-LeaderElection8] INFO  server.RaftServerConfigKeys (ConfUtils.java:logGet(46)) - raft.server.watch.element-limit = 65536 (default)
2023-02-23 08:44:49,445 [s0@group-D5CC796A79A9-LeaderElection8] INFO  server.RaftServerConfigKeys (ConfUtils.java:logGet(46)) - raft.server.write.element-limit = 4096 (default)
2023-02-23 08:44:49,445 [s0@group-D5CC796A79A9-LeaderElection8] INFO  server.RaftServerConfigKeys (ConfUtils.java:logGet(46)) - raft.server.write.follower.gap.ratio.max = -1.0 (default)
2023-02-23 08:44:49,446 [s0@group-D5CC796A79A9-LeaderElection8] INFO  server.RaftServerConfigKeys (ConfUtils.java:logGet(46)) - raft.server.log.appender.snapshot.chunk.size.max = 16MB (=16777216) (default)
2023-02-23 08:44:49,446 [s0@group-D5CC796A79A9-LeaderElection8] INFO  server.RaftServerConfigKeys (ConfUtils.java:logGet(46)) - raft.server.log.appender.buffer.byte-limit = 4MB (=4194304) (default)
2023-02-23 08:44:49,446 [s0@group-D5CC796A79A9-LeaderElection8] INFO  server.RaftServerConfigKeys (ConfUtils.java:logGet(46)) - raft.server.log.appender.buffer.element-limit = 0 (default)
2023-02-23 08:44:49,446 [s0@group-D5CC796A79A9-LeaderElection8] INFO  grpc.GrpcConfigKeys (ConfUtils.java:logGet(46)) - raft.grpc.server.leader.outstanding.appends.max = 128 (default)
2023-02-23 08:44:49,446 [s0@group-D5CC796A79A9-LeaderElection8] INFO  server.RaftServerConfigKeys (ConfUtils.java:logGet(46)) - raft.server.rpc.request.timeout = 3000ms (default)
2023-02-23 08:44:49,446 [s0@group-D5CC796A79A9-LeaderElection8] INFO  server.RaftServerConfigKeys (ConfUtils.java:logGet(46)) - raft.server.log.appender.install.snapshot.enabled = true (default)
2023-02-23 08:44:49,446 [s0@group-D5CC796A79A9-LeaderElection8] INFO  grpc.GrpcConfigKeys (ConfUtils.java:logGet(46)) - raft.grpc.server.heartbeat.channel = true (default)
2023-02-23 08:44:49,446 [s0@group-D5CC796A79A9-LeaderElection8] INFO  server.RaftServerConfigKeys (ConfUtils.java:logGet(46)) - raft.server.log.appender.wait-time.min = 10ms (default)
2023-02-23 08:44:49,446 [s0@group-D5CC796A79A9-LeaderElection8] INFO  server.RaftServerConfigKeys (ConfUtils.java:logGet(46)) - raft.server.log.appender.snapshot.chunk.size.max = 16MB (=16777216) (default)
2023-02-23 08:44:49,446 [s0@group-D5CC796A79A9-LeaderElection8] INFO  server.RaftServerConfigKeys (ConfUtils.java:logGet(46)) - raft.server.log.appender.buffer.byte-limit = 4MB (=4194304) (default)
2023-02-23 08:44:49,446 [s0@group-D5CC796A79A9-LeaderElection8] INFO  server.RaftServerConfigKeys (ConfUtils.java:logGet(46)) - raft.server.log.appender.buffer.element-limit = 0 (default)
2023-02-23 08:44:49,446 [s0@group-D5CC796A79A9-LeaderElection8] INFO  grpc.GrpcConfigKeys (ConfUtils.java:logGet(46)) - raft.grpc.server.leader.outstanding.appends.max = 128 (default)
2023-02-23 08:44:49,446 [s0@group-D5CC796A79A9-LeaderElection8] INFO  server.RaftServerConfigKeys (ConfUtils.java:logGet(46)) - raft.server.rpc.request.timeout = 3000ms (default)
2023-02-23 08:44:49,446 [s0@group-D5CC796A79A9-LeaderElection8] INFO  server.RaftServerConfigKeys (ConfUtils.java:logGet(46)) - raft.server.log.appender.install.snapshot.enabled = true (default)
2023-02-23 08:44:49,446 [s0@group-D5CC796A79A9-LeaderElection8] INFO  grpc.GrpcConfigKeys (ConfUtils.java:logGet(46)) - raft.grpc.server.heartbeat.channel = true (default)
2023-02-23 08:44:49,446 [s0@group-D5CC796A79A9-LeaderElection8] INFO  server.RaftServerConfigKeys (ConfUtils.java:logGet(46)) - raft.server.log.appender.wait-time.min = 10ms (default)
2023-02-23 08:44:49,447 [s0@group-D5CC796A79A9-LeaderElection8] INFO  impl.RoleInfo (RoleInfo.java:updateAndGet(139)) - s0: start s0@group-D5CC796A79A9-LeaderStateImpl
2023-02-23 08:44:49,447 [s0@group-D5CC796A79A9-LeaderElection8] INFO  segmented.SegmentedRaftLogWorker (SegmentedRaftLogWorker.java:rollLogSegment(431)) - s0@group-D5CC796A79A9-SegmentedRaftLogWorker: Rolling segment log-27_81 to index:81
2023-02-23 08:44:49,448 [s0@group-D5CC796A79A9-SegmentedRaftLogWorker] TRACE util.FileUtils (LogUtils.java:runAndLog(49)) - Successfully ran Atomic Files.move /home/runner/work/ratis/ratis/ratis-test/target/test/data/74e677c2/MiniRaftClusterWithRpcTypeGrpcAndDataStreamTypeNetty7c12e66b/s0/88259b85-7cb7-47c2-b0b3-d5cc796a79a9/current/log_inprogress_27 to /home/runner/work/ratis/ratis/ratis-test/target/test/data/74e677c2/MiniRaftClusterWithRpcTypeGrpcAndDataStreamTypeNetty7c12e66b/s0/88259b85-7cb7-47c2-b0b3-d5cc796a79a9/current/log_27-81
2023-02-23 08:44:49,448 [s0@group-D5CC796A79A9-SegmentedRaftLogWorker] INFO  segmented.SegmentedRaftLogWorker (SegmentedRaftLogWorker.java:execute(587)) - s0@group-D5CC796A79A9-SegmentedRaftLogWorker: Rolled log segment from /home/runner/work/ratis/ratis/ratis-test/target/test/data/74e677c2/MiniRaftClusterWithRpcTypeGrpcAndDataStreamTypeNetty7c12e66b/s0/88259b85-7cb7-47c2-b0b3-d5cc796a79a9/current/log_inprogress_27 to /home/runner/work/ratis/ratis/ratis-test/target/test/data/74e677c2/MiniRaftClusterWithRpcTypeGrpcAndDataStreamTypeNetty7c12e66b/s0/88259b85-7cb7-47c2-b0b3-d5cc796a79a9/current/log_27-81
2023-02-23 08:44:49,457 [grpc-default-executor-5] INFO  server.RaftServer$Division (RaftServerImpl.java:requestVote(1335)) - s2@group-D5CC796A79A9 replies to ELECTION vote request: s0<-s2#0:OK-t4. Peer's state: s2@group-D5CC796A79A9:t4, leader=null, voted=s0, raftlog=Memoized:s2@group-D5CC796A79A9-SegmentedRaftLog:OPENED:c81, conf=27: peers:[s0|rpc:localhost:44609|admin:localhost:43339|client:localhost:35167|dataStream:localhost:45017|priority:0|startupRole:FOLLOWER, s1|rpc:localhost:46005|admin:localhost:39871|client:localhost:43155|dataStream:localhost:44881|priority:0|startupRole:FOLLOWER, s2|rpc:localhost:40131|admin:localhost:41173|client:localhost:45441|dataStream:localhost:41833|priority:0|startupRole:FOLLOWER]|listeners:[], old=null
2023-02-23 08:44:49,457 [grpc-default-executor-4] INFO  impl.VoteContext (VoteContext.java:log(49)) - s2@group-D5CC796A79A9-FOLLOWER: accept PRE_VOTE from s1: our priority 0 <= candidate's priority 0
2023-02-23 08:44:49,457 [grpc-default-executor-4] INFO  server.RaftServer$Division (RaftServerImpl.java:requestVote(1335)) - s2@group-D5CC796A79A9 replies to PRE_VOTE vote request: s1<-s2#0:OK-t4. Peer's state: s2@group-D5CC796A79A9:t4, leader=null, voted=s0, raftlog=Memoized:s2@group-D5CC796A79A9-SegmentedRaftLog:OPENED:c81, conf=27: peers:[s0|rpc:localhost:44609|admin:localhost:43339|client:localhost:35167|dataStream:localhost:45017|priority:0|startupRole:FOLLOWER, s1|rpc:localhost:46005|admin:localhost:39871|client:localhost:43155|dataStream:localhost:44881|priority:0|startupRole:FOLLOWER, s2|rpc:localhost:40131|admin:localhost:41173|client:localhost:45441|dataStream:localhost:41833|priority:0|startupRole:FOLLOWER]|listeners:[], old=null
2023-02-23 08:44:49,530 [s0@group-D5CC796A79A9-SegmentedRaftLogWorker] INFO  segmented.SegmentedRaftLogWorker (SegmentedRaftLogWorker.java:execute(630)) - s0@group-D5CC796A79A9-SegmentedRaftLogWorker: created new log segment /home/runner/work/ratis/ratis/ratis-test/target/test/data/74e677c2/MiniRaftClusterWithRpcTypeGrpcAndDataStreamTypeNetty7c12e66b/s0/88259b85-7cb7-47c2-b0b3-d5cc796a79a9/current/log_inprogress_82
2023-02-23 08:44:49,606 [s1-server-thread2] INFO  server.RaftServer$Division (ServerState.java:setLeader(260)) - s1@group-D5CC796A79A9: change Leader from null to s0 at term 4 for appendEntries, leader elected after 224ms
2023-02-23 08:44:49,619 [s0@group-D5CC796A79A9-LeaderElection8] INFO  server.RaftServer$Division (ServerState.java:setRaftConf(378)) - s0@group-D5CC796A79A9: set configuration 82: peers:[s0|rpc:localhost:44609|admin:localhost:43339|client:localhost:35167|dataStream:localhost:45017|priority:0|startupRole:FOLLOWER, s1|rpc:localhost:46005|admin:localhost:39871|client:localhost:43155|dataStream:localhost:44881|priority:0|startupRole:FOLLOWER, s2|rpc:localhost:40131|admin:localhost:41173|client:localhost:45441|dataStream:localhost:41833|priority:0|startupRole:FOLLOWER]|listeners:[], old=null
2023-02-23 08:44:49,623 [s1-server-thread3] INFO  server.RaftServer$Division (ServerState.java:setRaftConf(378)) - s1@group-D5CC796A79A9: set configuration 82: peers:[s0|rpc:localhost:44609|admin:localhost:43339|client:localhost:35167|dataStream:localhost:45017|priority:0|startupRole:FOLLOWER, s1|rpc:localhost:46005|admin:localhost:39871|client:localhost:43155|dataStream:localhost:44881|priority:0|startupRole:FOLLOWER, s2|rpc:localhost:40131|admin:localhost:41173|client:localhost:45441|dataStream:localhost:41833|priority:0|startupRole:FOLLOWER]|listeners:[], old=null
2023-02-23 08:44:49,624 [s1-server-thread3] INFO  segmented.SegmentedRaftLogWorker (SegmentedRaftLogWorker.java:rollLogSegment(431)) - s1@group-D5CC796A79A9-SegmentedRaftLogWorker: Rolling segment log-27_81 to index:81
2023-02-23 08:44:49,624 [s1@group-D5CC796A79A9-SegmentedRaftLogWorker] TRACE util.FileUtils (LogUtils.java:runAndLog(49)) - Successfully ran Atomic Files.move /home/runner/work/ratis/ratis/ratis-test/target/test/data/74e677c2/MiniRaftClusterWithRpcTypeGrpcAndDataStreamTypeNetty7c12e66b/s1/88259b85-7cb7-47c2-b0b3-d5cc796a79a9/current/log_inprogress_27 to /home/runner/work/ratis/ratis/ratis-test/target/test/data/74e677c2/MiniRaftClusterWithRpcTypeGrpcAndDataStreamTypeNetty7c12e66b/s1/88259b85-7cb7-47c2-b0b3-d5cc796a79a9/current/log_27-81
2023-02-23 08:44:49,624 [s1@group-D5CC796A79A9-SegmentedRaftLogWorker] INFO  segmented.SegmentedRaftLogWorker (SegmentedRaftLogWorker.java:execute(587)) - s1@group-D5CC796A79A9-SegmentedRaftLogWorker: Rolled log segment from /home/runner/work/ratis/ratis/ratis-test/target/test/data/74e677c2/MiniRaftClusterWithRpcTypeGrpcAndDataStreamTypeNetty7c12e66b/s1/88259b85-7cb7-47c2-b0b3-d5cc796a79a9/current/log_inprogress_27 to /home/runner/work/ratis/ratis/ratis-test/target/test/data/74e677c2/MiniRaftClusterWithRpcTypeGrpcAndDataStreamTypeNetty7c12e66b/s1/88259b85-7cb7-47c2-b0b3-d5cc796a79a9/current/log_27-81
2023-02-23 08:44:49,628 [s2-server-thread3] INFO  server.RaftServer$Division (ServerState.java:setLeader(260)) - s2@group-D5CC796A79A9: change Leader from null to s0 at term 4 for appendEntries, leader elected after 546ms
2023-02-23 08:44:49,633 [s1@group-D5CC796A79A9-SegmentedRaftLogWorker] INFO  segmented.SegmentedRaftLogWorker (SegmentedRaftLogWorker.java:execute(630)) - s1@group-D5CC796A79A9-SegmentedRaftLogWorker: created new log segment /home/runner/work/ratis/ratis/ratis-test/target/test/data/74e677c2/MiniRaftClusterWithRpcTypeGrpcAndDataStreamTypeNetty7c12e66b/s1/88259b85-7cb7-47c2-b0b3-d5cc796a79a9/current/log_inprogress_82
2023-02-23 08:44:49,639 [s2-server-thread1] INFO  server.RaftServer$Division (ServerState.java:setRaftConf(378)) - s2@group-D5CC796A79A9: set configuration 82: peers:[s0|rpc:localhost:44609|admin:localhost:43339|client:localhost:35167|dataStream:localhost:45017|priority:0|startupRole:FOLLOWER, s1|rpc:localhost:46005|admin:localhost:39871|client:localhost:43155|dataStream:localhost:44881|priority:0|startupRole:FOLLOWER, s2|rpc:localhost:40131|admin:localhost:41173|client:localhost:45441|dataStream:localhost:41833|priority:0|startupRole:FOLLOWER]|listeners:[], old=null
2023-02-23 08:44:49,639 [s2-server-thread1] INFO  segmented.SegmentedRaftLogWorker (SegmentedRaftLogWorker.java:rollLogSegment(431)) - s2@group-D5CC796A79A9-SegmentedRaftLogWorker: Rolling segment log-27_81 to index:81
2023-02-23 08:44:49,640 [s2@group-D5CC796A79A9-SegmentedRaftLogWorker] TRACE util.FileUtils (LogUtils.java:runAndLog(49)) - Successfully ran Atomic Files.move /home/runner/work/ratis/ratis/ratis-test/target/test/data/74e677c2/MiniRaftClusterWithRpcTypeGrpcAndDataStreamTypeNetty7c12e66b/s2/88259b85-7cb7-47c2-b0b3-d5cc796a79a9/current/log_inprogress_27 to /home/runner/work/ratis/ratis/ratis-test/target/test/data/74e677c2/MiniRaftClusterWithRpcTypeGrpcAndDataStreamTypeNetty7c12e66b/s2/88259b85-7cb7-47c2-b0b3-d5cc796a79a9/current/log_27-81
2023-02-23 08:44:49,640 [s2@group-D5CC796A79A9-SegmentedRaftLogWorker] INFO  segmented.SegmentedRaftLogWorker (SegmentedRaftLogWorker.java:execute(587)) - s2@group-D5CC796A79A9-SegmentedRaftLogWorker: Rolled log segment from /home/runner/work/ratis/ratis/ratis-test/target/test/data/74e677c2/MiniRaftClusterWithRpcTypeGrpcAndDataStreamTypeNetty7c12e66b/s2/88259b85-7cb7-47c2-b0b3-d5cc796a79a9/current/log_inprogress_27 to /home/runner/work/ratis/ratis/ratis-test/target/test/data/74e677c2/MiniRaftClusterWithRpcTypeGrpcAndDataStreamTypeNetty7c12e66b/s2/88259b85-7cb7-47c2-b0b3-d5cc796a79a9/current/log_27-81
2023-02-23 08:44:49,662 [s2@group-D5CC796A79A9-SegmentedRaftLogWorker] INFO  segmented.SegmentedRaftLogWorker (SegmentedRaftLogWorker.java:execute(630)) - s2@group-D5CC796A79A9-SegmentedRaftLogWorker: created new log segment /home/runner/work/ratis/ratis/ratis-test/target/test/data/74e677c2/MiniRaftClusterWithRpcTypeGrpcAndDataStreamTypeNetty7c12e66b/s2/88259b85-7cb7-47c2-b0b3-d5cc796a79a9/current/log_inprogress_82
2023-02-23 08:44:50,053 [pool-6-thread-16] INFO  datastream.DataStreamTestUtils (DataStreamTestUtils.java:writeAndCloseAndAssertReplies(320)) - Stream421: bytesWritten=3758626
2023-02-23 08:44:50,692 [pool-6-thread-15] INFO  datastream.DataStreamTestUtils (DataStreamTestUtils.java:writeAndCloseAndAssertReplies(320)) - Stream420: bytesWritten=3738219
2023-02-23 08:44:50,717 [pool-6-thread-11] INFO  datastream.DataStreamTestUtils (DataStreamTestUtils.java:writeAndCloseAndAssertReplies(320)) - Stream422: bytesWritten=3757408
2023-02-23 08:44:50,859 [pool-6-thread-14] INFO  datastream.DataStreamTestUtils (DataStreamTestUtils.java:writeAndCloseAndAssertReplies(320)) - Stream419: bytesWritten=3732705
2023-02-23 08:44:50,918 [s0-client-thread1] INFO  statemachine.StateMachine (DataStreamTestUtils.java:link(157)) - link SingleDataStream: writeRequest=RaftClientRequest:client-AFE3C13319D4->s0@group-D5CC796A79A9, cid=418, seq=0, DataStream, Message:<EMPTY>, logEntry=null
2023-02-23 08:44:50,919 [s2-server-thread3] INFO  statemachine.StateMachine (DataStreamTestUtils.java:link(157)) - link SingleDataStream: writeRequest=RaftClientRequest:client-AFE3C13319D4->s0@group-D5CC796A79A9, cid=418, seq=0, DataStream, Message:<EMPTY>, logEntry=null
2023-02-23 08:44:50,919 [s0-client-thread1] INFO  statemachine.StateMachine (DataStreamTestUtils.java:link(157)) - link SingleDataStream: writeRequest=RaftClientRequest:client-AFE3C13319D4->s0@group-D5CC796A79A9, cid=421, seq=0, DataStream, Message:<EMPTY>, logEntry=null
2023-02-23 08:44:50,919 [s1-server-thread2] INFO  statemachine.StateMachine (DataStreamTestUtils.java:link(157)) - link SingleDataStream: writeRequest=RaftClientRequest:client-AFE3C13319D4->s0@group-D5CC796A79A9, cid=418, seq=0, DataStream, Message:<EMPTY>, logEntry=null
2023-02-23 08:44:50,920 [s1-server-thread3] INFO  statemachine.StateMachine (DataStreamTestUtils.java:link(157)) - link SingleDataStream: writeRequest=RaftClientRequest:client-AFE3C13319D4->s0@group-D5CC796A79A9, cid=421, seq=0, DataStream, Message:<EMPTY>, logEntry=null
2023-02-23 08:44:50,921 [s2-server-thread1] INFO  statemachine.StateMachine (DataStreamTestUtils.java:link(157)) - link SingleDataStream: writeRequest=RaftClientRequest:client-AFE3C13319D4->s0@group-D5CC796A79A9, cid=421, seq=0, DataStream, Message:<EMPTY>, logEntry=null
2023-02-23 08:44:50,925 [pool-6-thread-3] INFO  datastream.DataStreamTestUtils (DataStreamTestUtils.java:writeAndCloseAndAssertReplies(311)) - start Stream427
2023-02-23 08:44:50,928 [pool-6-thread-16] INFO  datastream.DataStreamTestUtils (DataStreamTestUtils.java:writeAndCloseAndAssertReplies(311)) - start Stream428
2023-02-23 08:44:50,973 [pool-6-thread-4] INFO  datastream.DataStreamTestUtils (DataStreamTestUtils.java:writeAndCloseAndAssertReplies(320)) - Stream423: bytesWritten=3758606
2023-02-23 08:44:51,064 [pool-6-thread-10] INFO  datastream.DataStreamTestUtils (DataStreamTestUtils.java:writeAndCloseAndAssertReplies(320)) - Stream416: bytesWritten=3753219
2023-02-23 08:44:51,148 [s0-client-thread1] INFO  statemachine.StateMachine (DataStreamTestUtils.java:link(157)) - link SingleDataStream: writeRequest=RaftClientRequest:client-AFE3C13319D4->s0@group-D5CC796A79A9, cid=422, seq=0, DataStream, Message:<EMPTY>, logEntry=null
2023-02-23 08:44:51,149 [s2-server-thread3] INFO  statemachine.StateMachine (DataStreamTestUtils.java:link(157)) - link SingleDataStream: writeRequest=RaftClientRequest:client-AFE3C13319D4->s0@group-D5CC796A79A9, cid=422, seq=0, DataStream, Message:<EMPTY>, logEntry=null
2023-02-23 08:44:51,149 [s1-server-thread2] INFO  statemachine.StateMachine (DataStreamTestUtils.java:link(157)) - link SingleDataStream: writeRequest=RaftClientRequest:client-AFE3C13319D4->s0@group-D5CC796A79A9, cid=422, seq=0, DataStream, Message:<EMPTY>, logEntry=null
2023-02-23 08:44:51,154 [pool-6-thread-11] INFO  datastream.DataStreamTestUtils (DataStreamTestUtils.java:writeAndCloseAndAssertReplies(311)) - start Stream429
2023-02-23 08:44:51,155 [s0-client-thread1] INFO  statemachine.StateMachine (DataStreamTestUtils.java:link(157)) - link SingleDataStream: writeRequest=RaftClientRequest:client-AFE3C13319D4->s0@group-D5CC796A79A9, cid=420, seq=0, DataStream, Message:<EMPTY>, logEntry=null
2023-02-23 08:44:51,155 [s2-server-thread3] INFO  statemachine.StateMachine (DataStreamTestUtils.java:link(157)) - link SingleDataStream: writeRequest=RaftClientRequest:client-AFE3C13319D4->s0@group-D5CC796A79A9, cid=420, seq=0, DataStream, Message:<EMPTY>, logEntry=null
2023-02-23 08:44:51,156 [s1-server-thread2] INFO  statemachine.StateMachine (DataStreamTestUtils.java:link(157)) - link SingleDataStream: writeRequest=RaftClientRequest:client-AFE3C13319D4->s0@group-D5CC796A79A9, cid=420, seq=0, DataStream, Message:<EMPTY>, logEntry=null
2023-02-23 08:44:51,161 [pool-6-thread-15] INFO  datastream.DataStreamTestUtils (DataStreamTestUtils.java:writeAndCloseAndAssertReplies(311)) - start Stream430
2023-02-23 08:44:51,174 [s0-client-thread1] INFO  statemachine.StateMachine (DataStreamTestUtils.java:link(157)) - link SingleDataStream: writeRequest=RaftClientRequest:client-AFE3C13319D4->s0@group-D5CC796A79A9, cid=419, seq=0, DataStream, Message:<EMPTY>, logEntry=null
2023-02-23 08:44:51,175 [s1-server-thread2] INFO  statemachine.StateMachine (DataStreamTestUtils.java:link(157)) - link SingleDataStream: writeRequest=RaftClientRequest:client-AFE3C13319D4->s0@group-D5CC796A79A9, cid=419, seq=0, DataStream, Message:<EMPTY>, logEntry=null
2023-02-23 08:44:51,175 [s2-server-thread3] INFO  statemachine.StateMachine (DataStreamTestUtils.java:link(157)) - link SingleDataStream: writeRequest=RaftClientRequest:client-AFE3C13319D4->s0@group-D5CC796A79A9, cid=419, seq=0, DataStream, Message:<EMPTY>, logEntry=null
2023-02-23 08:44:51,178 [pool-6-thread-14] INFO  datastream.DataStreamTestUtils (DataStreamTestUtils.java:writeAndCloseAndAssertReplies(311)) - start Stream431
2023-02-23 08:44:52,227 [s0-client-thread1] INFO  statemachine.StateMachine (DataStreamTestUtils.java:link(157)) - link SingleDataStream: writeRequest=RaftClientRequest:client-AFE3C13319D4->s0@group-D5CC796A79A9, cid=423, seq=0, DataStream, Message:<EMPTY>, logEntry=null
2023-02-23 08:44:52,229 [s2-server-thread3] INFO  statemachine.StateMachine (DataStreamTestUtils.java:link(157)) - link SingleDataStream: writeRequest=RaftClientRequest:client-AFE3C13319D4->s0@group-D5CC796A79A9, cid=423, seq=0, DataStream, Message:<EMPTY>, logEntry=null
2023-02-23 08:44:52,229 [s1-server-thread2] INFO  statemachine.StateMachine (DataStreamTestUtils.java:link(157)) - link SingleDataStream: writeRequest=RaftClientRequest:client-AFE3C13319D4->s0@group-D5CC796A79A9, cid=423, seq=0, DataStream, Message:<EMPTY>, logEntry=null
2023-02-23 08:44:52,233 [pool-6-thread-4] INFO  datastream.DataStreamTestUtils (DataStreamTestUtils.java:writeAndCloseAndAssertReplies(311)) - start Stream432
2023-02-23 08:44:52,740 [s0-client-thread1] INFO  statemachine.StateMachine (DataStreamTestUtils.java:link(157)) - link SingleDataStream: writeRequest=RaftClientRequest:client-AFE3C13319D4->s0@group-D5CC796A79A9, cid=416, seq=0, DataStream, Message:<EMPTY>, logEntry=null
2023-02-23 08:44:52,741 [s2-server-thread3] INFO  statemachine.StateMachine (DataStreamTestUtils.java:link(157)) - link SingleDataStream: writeRequest=RaftClientRequest:client-AFE3C13319D4->s0@group-D5CC796A79A9, cid=416, seq=0, DataStream, Message:<EMPTY>, logEntry=null
2023-02-23 08:44:52,741 [s1-server-thread2] INFO  statemachine.StateMachine (DataStreamTestUtils.java:link(157)) - link SingleDataStream: writeRequest=RaftClientRequest:client-AFE3C13319D4->s0@group-D5CC796A79A9, cid=416, seq=0, DataStream, Message:<EMPTY>, logEntry=null
2023-02-23 08:44:52,743 [pool-6-thread-10] INFO  datastream.DataStreamTestUtils (DataStreamTestUtils.java:writeAndCloseAndAssertReplies(311)) - start Stream433
2023-02-23 08:44:54,370 [pool-6-thread-13] INFO  datastream.DataStreamTestUtils (DataStreamTestUtils.java:writeAndCloseAndAssertReplies(320)) - Stream424: bytesWritten=3745984
2023-02-23 08:44:54,373 [pool-6-thread-12] INFO  datastream.DataStreamTestUtils (DataStreamTestUtils.java:writeAndCloseAndAssertReplies(320)) - Stream425: bytesWritten=3746114
2023-02-23 08:44:54,613 [pool-6-thread-5] INFO  datastream.DataStreamTestUtils (DataStreamTestUtils.java:writeAndCloseAndAssertReplies(320)) - Stream426: bytesWritten=3749145
2023-02-23 08:44:54,657 [pool-6-thread-16] INFO  datastream.DataStreamTestUtils (DataStreamTestUtils.java:writeAndCloseAndAssertReplies(320)) - Stream428: bytesWritten=3751033
2023-02-23 08:44:54,994 [pool-6-thread-3] INFO  datastream.DataStreamTestUtils (DataStreamTestUtils.java:writeAndCloseAndAssertReplies(320)) - Stream427: bytesWritten=3737989
2023-02-23 08:44:58,077 [s0-client-thread1] INFO  statemachine.StateMachine (DataStreamTestUtils.java:link(157)) - link SingleDataStream: writeRequest=RaftClientRequest:client-AFE3C13319D4->s0@group-D5CC796A79A9, cid=424, seq=0, DataStream, Message:<EMPTY>, logEntry=null
2023-02-23 08:44:58,079 [s1-server-thread3] INFO  statemachine.StateMachine (DataStreamTestUtils.java:link(157)) - link SingleDataStream: writeRequest=RaftClientRequest:client-AFE3C13319D4->s0@group-D5CC796A79A9, cid=424, seq=0, DataStream, Message:<EMPTY>, logEntry=null
2023-02-23 08:44:58,080 [s2-server-thread1] INFO  statemachine.StateMachine (DataStreamTestUtils.java:link(157)) - link SingleDataStream: writeRequest=RaftClientRequest:client-AFE3C13319D4->s0@group-D5CC796A79A9, cid=424, seq=0, DataStream, Message:<EMPTY>, logEntry=null
2023-02-23 08:44:58,080 [s0-client-thread1] INFO  statemachine.StateMachine (DataStreamTestUtils.java:link(157)) - link SingleDataStream: writeRequest=RaftClientRequest:client-AFE3C13319D4->s0@group-D5CC796A79A9, cid=425, seq=0, DataStream, Message:<EMPTY>, logEntry=null
2023-02-23 08:44:58,081 [s2-server-thread1] INFO  statemachine.StateMachine (DataStreamTestUtils.java:link(157)) - link SingleDataStream: writeRequest=RaftClientRequest:client-AFE3C13319D4->s0@group-D5CC796A79A9, cid=425, seq=0, DataStream, Message:<EMPTY>, logEntry=null
2023-02-23 08:44:58,082 [s1-server-thread3] INFO  statemachine.StateMachine (DataStreamTestUtils.java:link(157)) - link SingleDataStream: writeRequest=RaftClientRequest:client-AFE3C13319D4->s0@group-D5CC796A79A9, cid=425, seq=0, DataStream, Message:<EMPTY>, logEntry=null
2023-02-23 08:44:58,087 [s0-client-thread1] INFO  statemachine.StateMachine (DataStreamTestUtils.java:link(157)) - link SingleDataStream: writeRequest=RaftClientRequest:client-AFE3C13319D4->s0@group-D5CC796A79A9, cid=426, seq=0, DataStream, Message:<EMPTY>, logEntry=null
2023-02-23 08:44:58,089 [pool-6-thread-13] INFO  datastream.DataStreamTestUtils (DataStreamTestUtils.java:writeAndCloseAndAssertReplies(311)) - start Stream434
2023-02-23 08:44:58,090 [pool-6-thread-12] INFO  datastream.DataStreamTestUtils (DataStreamTestUtils.java:writeAndCloseAndAssertReplies(311)) - start Stream435
2023-02-23 08:44:58,093 [s2-server-thread1] INFO  statemachine.StateMachine (DataStreamTestUtils.java:link(157)) - link SingleDataStream: writeRequest=RaftClientRequest:client-AFE3C13319D4->s0@group-D5CC796A79A9, cid=426, seq=0, DataStream, Message:<EMPTY>, logEntry=null
2023-02-23 08:44:58,093 [s1-server-thread3] INFO  statemachine.StateMachine (DataStreamTestUtils.java:link(157)) - link SingleDataStream: writeRequest=RaftClientRequest:client-AFE3C13319D4->s0@group-D5CC796A79A9, cid=426, seq=0, DataStream, Message:<EMPTY>, logEntry=null
2023-02-23 08:44:58,093 [s0-client-thread1] INFO  statemachine.StateMachine (DataStreamTestUtils.java:link(157)) - link SingleDataStream: writeRequest=RaftClientRequest:client-AFE3C13319D4->s0@group-D5CC796A79A9, cid=428, seq=0, DataStream, Message:<EMPTY>, logEntry=null
2023-02-23 08:44:58,094 [s0-client-thread1] INFO  statemachine.StateMachine (DataStreamTestUtils.java:link(157)) - link SingleDataStream: writeRequest=RaftClientRequest:client-AFE3C13319D4->s0@group-D5CC796A79A9, cid=427, seq=0, DataStream, Message:<EMPTY>, logEntry=null
2023-02-23 08:45:00,027 [Timer-2] INFO  impl.MiniRaftCluster (MiniRaftCluster.java:lambda$start$6(349)) - TIMED-PRINT: printing ALL groups
  s0:  RUNNING    LEADER s0@group-D5CC796A79A9:t4, leader=s0, voted=s0, raftlog=Memoized:s0@group-D5CC796A79A9-SegmentedRaftLog:OPENED:c101, conf=82: peers:[s0|rpc:localhost:44609|admin:localhost:43339|client:localhost:35167|dataStream:localhost:45017|priority:0|startupRole:FOLLOWER, s1|rpc:localhost:46005|admin:localhost:39871|client:localhost:43155|dataStream:localhost:44881|priority:0|startupRole:FOLLOWER, s2|rpc:localhost:40131|admin:localhost:41173|client:localhost:45441|dataStream:localhost:41833|priority:0|startupRole:FOLLOWER]|listeners:[], old=null RUNNING
  s1:  RUNNING  FOLLOWER s1@group-D5CC796A79A9:t4, leader=s0, voted=s0, raftlog=Memoized:s1@group-D5CC796A79A9-SegmentedRaftLog:OPENED:c99, conf=82: peers:[s0|rpc:localhost:44609|admin:localhost:43339|client:localhost:35167|dataStream:localhost:45017|priority:0|startupRole:FOLLOWER, s1|rpc:localhost:46005|admin:localhost:39871|client:localhost:43155|dataStream:localhost:44881|priority:0|startupRole:FOLLOWER, s2|rpc:localhost:40131|admin:localhost:41173|client:localhost:45441|dataStream:localhost:41833|priority:0|startupRole:FOLLOWER]|listeners:[], old=null RUNNING
  s2:  RUNNING  FOLLOWER s2@group-D5CC796A79A9:t4, leader=s0, voted=s0, raftlog=Memoized:s2@group-D5CC796A79A9-SegmentedRaftLog:OPENED:c99, conf=82: peers:[s0|rpc:localhost:44609|admin:localhost:43339|client:localhost:35167|dataStream:localhost:45017|priority:0|startupRole:FOLLOWER, s1|rpc:localhost:46005|admin:localhost:39871|client:localhost:43155|dataStream:localhost:44881|priority:0|startupRole:FOLLOWER, s2|rpc:localhost:40131|admin:localhost:41173|client:localhost:45441|dataStream:localhost:41833|priority:0|startupRole:FOLLOWER]|listeners:[], old=null RUNNING
2023-02-23 08:45:00,027 [s1@group-D5CC796A79A9-FollowerState] WARN  impl.FollowerState (FollowerState.java:run(130)) - Unexpected long sleep: sleep 279ms but took extra 1756162602ns (> threshold = 300ms)
2023-02-23 08:45:00,027 [s0@group-D5CC796A79A9-LeaderStateImpl] WARN  server.RaftServer$Division (LeaderStateImpl.java:checkLeadership(1098)) - s0@group-D5CC796A79A9-LeaderStateImpl: Lost leadership on term: 4. Election timeout: 300ms. In charge for: 10582ms. Conf: 82: peers:[s0|rpc:localhost:44609|admin:localhost:43339|client:localhost:35167|dataStream:localhost:45017|priority:0|startupRole:FOLLOWER, s1|rpc:localhost:46005|admin:localhost:39871|client:localhost:43155|dataStream:localhost:44881|priority:0|startupRole:FOLLOWER, s2|rpc:localhost:40131|admin:localhost:41173|client:localhost:45441|dataStream:localhost:41833|priority:0|startupRole:FOLLOWER]|listeners:[], old=null
2023-02-23 08:45:00,028 [s0@group-D5CC796A79A9-LeaderStateImpl] WARN  server.RaftServer$Division (LeaderStateImpl.java:lambda$checkLeadership$20(1102)) - Follower s0@group-D5CC796A79A9->s1(c99,m101,n105, attendVote=true, lastRpcSendTime=1933, lastRpcResponseTime=1938)
2023-02-23 08:45:00,028 [s0@group-D5CC796A79A9-LeaderStateImpl] WARN  server.RaftServer$Division (LeaderStateImpl.java:lambda$checkLeadership$20(1102)) - Follower s0@group-D5CC796A79A9->s2(c99,m101,n105, attendVote=true, lastRpcSendTime=1933, lastRpcResponseTime=1938)
2023-02-23 08:45:00,028 [s0@group-D5CC796A79A9-LeaderStateImpl] INFO  server.RaftServer$Division (RaftServerImpl.java:setRole(329)) - s0@group-D5CC796A79A9: changes role from    LEADER to FOLLOWER at term 4 for StepDownReason:LOST_MAJORITY_HEARTBEATS
2023-02-23 08:45:00,028 [s0@group-D5CC796A79A9-LeaderStateImpl] INFO  impl.RoleInfo (RoleInfo.java:shutdownLeaderState(93)) - s0: shutdown s0@group-D5CC796A79A9-LeaderStateImpl
2023-02-23 08:45:00,028 [s0@group-D5CC796A79A9-LeaderStateImpl] INFO  impl.PendingRequests (PendingRequests.java:sendNotLeaderResponses(282)) - s0@group-D5CC796A79A9-PendingRequests: sendNotLeaderResponses
2023-02-23 08:45:00,028 [s0@group-D5CC796A79A9-LeaderStateImpl] INFO  server.RaftServer$Division (ServerState.java:setLeader(260)) - s0@group-D5CC796A79A9: change Leader from s0 to null at term 4 for StepDownReason:LOST_MAJORITY_HEARTBEATS
2023-02-23 08:45:00,028 [s0@group-D5CC796A79A9-LeaderStateImpl] INFO  impl.RoleInfo (RoleInfo.java:updateAndGet(139)) - s0: start s0@group-D5CC796A79A9-FollowerState
2023-02-23 08:45:00,029 [JvmPauseMonitor5] WARN  util.JvmPauseMonitor (JvmPauseMonitor.java:detectPause(124)) - JvmPauseMonitor-s1: Detected pause in JVM or host machine approximately 1.918s with 1.993s GC time.
GC pool 'G1 Young Generation' had collection(s): count=2 time=121ms
GC pool 'G1 Old Generation' had collection(s): count=1 time=1872ms
2023-02-23 08:45:00,029 [JvmPauseMonitor4] WARN  util.JvmPauseMonitor (JvmPauseMonitor.java:detectPause(124)) - JvmPauseMonitor-s0: Detected pause in JVM or host machine approximately 1.918s with 1.993s GC time.
GC pool 'G1 Young Generation' had collection(s): count=2 time=121ms
GC pool 'G1 Old Generation' had collection(s): count=1 time=1872ms
2023-02-23 08:45:00,029 [JvmPauseMonitor6] WARN  util.JvmPauseMonitor (JvmPauseMonitor.java:detectPause(124)) - JvmPauseMonitor-s2: Detected pause in JVM or host machine approximately 1.918s with 1.993s GC time.
GC pool 'G1 Young Generation' had collection(s): count=2 time=121ms
GC pool 'G1 Old Generation' had collection(s): count=1 time=1872ms
2023-02-23 08:45:00,032 [s2@group-D5CC796A79A9-FollowerState] WARN  impl.FollowerState (FollowerState.java:run(130)) - Unexpected long sleep: sleep 225ms but took extra 1922805048ns (> threshold = 300ms)
2023-02-23 08:45:00,032 [s0@group-D5CC796A79A9->s1-GrpcLogAppender-LogAppenderDaemon] WARN  server.GrpcLogAppender (GrpcLogAppender.java:mayWait(199)) - s0@group-D5CC796A79A9->s1-GrpcLogAppender: Wait interrupted by java.lang.InterruptedException
2023-02-23 08:45:00,033 [s0@group-D5CC796A79A9->s2-GrpcLogAppender-LogAppenderDaemon] WARN  server.GrpcLogAppender (GrpcLogAppender.java:mayWait(199)) - s0@group-D5CC796A79A9->s2-GrpcLogAppender: Wait interrupted by java.lang.InterruptedException
2023-02-23 08:45:00,041 [grpc-default-executor-5] INFO  server.GrpcServerProtocolService (GrpcServerProtocolService.java:onCompleted(143)) - s2: Completed APPEND_ENTRIES, lastRequest: null
2023-02-23 08:45:00,041 [grpc-default-executor-2] INFO  server.GrpcServerProtocolService (GrpcServerProtocolService.java:onCompleted(143)) - s1: Completed APPEND_ENTRIES, lastRequest: null
2023-02-23 08:45:00,044 [grpc-default-executor-1] INFO  server.GrpcLogAppender (GrpcLogAppender.java:onCompleted(417)) - s0@group-D5CC796A79A9->s2-AppendLogResponseHandler: follower responses appendEntries COMPLETED
2023-02-23 08:45:00,044 [grpc-default-executor-1] INFO  leader.FollowerInfo (FollowerInfoImpl.java:lambda$new$0(52)) - s0@group-D5CC796A79A9->s2: nextIndex: updateUnconditionally 105 -> 102
2023-02-23 08:45:00,045 [grpc-default-executor-2] INFO  server.GrpcLogAppender (GrpcLogAppender.java:onCompleted(417)) - s0@group-D5CC796A79A9->s1-AppendLogResponseHandler: follower responses appendEntries COMPLETED
2023-02-23 08:45:00,045 [grpc-default-executor-2] INFO  leader.FollowerInfo (FollowerInfoImpl.java:lambda$new$0(52)) - s0@group-D5CC796A79A9->s1: nextIndex: updateUnconditionally 105 -> 102
2023-02-23 08:45:00,046 [s2-server-thread1] INFO  statemachine.StateMachine (DataStreamTestUtils.java:link(157)) - link SingleDataStream: writeRequest=RaftClientRequest:client-AFE3C13319D4->s0@group-D5CC796A79A9, cid=428, seq=0, DataStream, Message:<EMPTY>, logEntry=null
2023-02-23 08:45:00,046 [s2-server-thread1] INFO  statemachine.StateMachine (DataStreamTestUtils.java:link(157)) - link SingleDataStream: writeRequest=RaftClientRequest:client-AFE3C13319D4->s0@group-D5CC796A79A9, cid=427, seq=0, DataStream, Message:<EMPTY>, logEntry=null
2023-02-23 08:45:00,047 [grpc-default-executor-3] INFO  server.GrpcServerProtocolService (GrpcServerProtocolService.java:onCompleted(143)) - s2: Completed APPEND_ENTRIES, lastRequest: s0->s2#181-t4,previous=(t:4, i:103),leaderCommit=101,initializing? true,entries: size=1, first=(t:4, i:104), STATEMACHINELOGENTRY, 427@client-AFE3C13319D4
2023-02-23 08:45:00,047 [grpc-default-executor-4] INFO  server.GrpcLogAppender (GrpcLogAppender.java:onCompleted(417)) - s0@group-D5CC796A79A9->s2-AppendLogResponseHandler: follower responses appendEntries COMPLETED
2023-02-23 08:45:00,047 [grpc-default-executor-4] INFO  leader.FollowerInfo (FollowerInfoImpl.java:lambda$new$0(52)) - s0@group-D5CC796A79A9->s2: nextIndex: updateUnconditionally 102 -> 101
2023-02-23 08:45:00,057 [s1-server-thread3] INFO  statemachine.StateMachine (DataStreamTestUtils.java:link(157)) - link SingleDataStream: writeRequest=RaftClientRequest:client-AFE3C13319D4->s0@group-D5CC796A79A9, cid=428, seq=0, DataStream, Message:<EMPTY>, logEntry=null
2023-02-23 08:45:00,058 [s1-server-thread3] INFO  statemachine.StateMachine (DataStreamTestUtils.java:link(157)) - link SingleDataStream: writeRequest=RaftClientRequest:client-AFE3C13319D4->s0@group-D5CC796A79A9, cid=427, seq=0, DataStream, Message:<EMPTY>, logEntry=null
2023-02-23 08:45:00,058 [grpc-default-executor-5] INFO  server.GrpcServerProtocolService (GrpcServerProtocolService.java:onCompleted(143)) - s1: Completed APPEND_ENTRIES, lastRequest: s0->s1#183-t4,previous=(t:4, i:103),leaderCommit=101,initializing? true,entries: size=1, first=(t:4, i:104), STATEMACHINELOGENTRY, 427@client-AFE3C13319D4
2023-02-23 08:45:00,058 [grpc-default-executor-0] INFO  server.GrpcLogAppender (GrpcLogAppender.java:onCompleted(417)) - s0@group-D5CC796A79A9->s1-AppendLogResponseHandler: follower responses appendEntries COMPLETED
2023-02-23 08:45:00,059 [grpc-default-executor-0] INFO  leader.FollowerInfo (FollowerInfoImpl.java:lambda$new$0(52)) - s0@group-D5CC796A79A9->s1: nextIndex: updateUnconditionally 102 -> 101
2023-02-23 08:45:00,182 [s0@group-D5CC796A79A9-FollowerState] INFO  impl.FollowerState (FollowerState.java:lostMajorityHeartbeatsRecently(108)) - s0@group-D5CC796A79A9-FollowerState: Skipping leader election since it stepped down recently (elapsed = 153ms < waitTime = 10s)
2023-02-23 08:45:00,394 [s0@group-D5CC796A79A9-FollowerState] INFO  impl.FollowerState (FollowerState.java:lostMajorityHeartbeatsRecently(108)) - s0@group-D5CC796A79A9-FollowerState: Skipping leader election since it stepped down recently (elapsed = 365ms < waitTime = 10s)
2023-02-23 08:45:00,419 [s1@group-D5CC796A79A9-FollowerState] INFO  impl.FollowerState (FollowerState.java:run(143)) - s1@group-D5CC796A79A9-FollowerState: change to CANDIDATE, lastRpcElapsedTime:360520956ns, electionTimeout:171ms
2023-02-23 08:45:00,419 [s1@group-D5CC796A79A9-FollowerState] INFO  impl.RoleInfo (RoleInfo.java:shutdownFollowerState(110)) - s1: shutdown s1@group-D5CC796A79A9-FollowerState
2023-02-23 08:45:00,419 [s1@group-D5CC796A79A9-FollowerState] INFO  server.RaftServer$Division (RaftServerImpl.java:setRole(329)) - s1@group-D5CC796A79A9: changes role from  FOLLOWER to CANDIDATE at term 4 for changeToCandidate
2023-02-23 08:45:00,419 [s1@group-D5CC796A79A9-FollowerState] INFO  server.RaftServerConfigKeys (ConfUtils.java:logGet(46)) - raft.server.leaderelection.pre-vote = true (default)
2023-02-23 08:45:00,419 [s1@group-D5CC796A79A9-FollowerState] INFO  impl.RoleInfo (RoleInfo.java:updateAndGet(139)) - s1: start s1@group-D5CC796A79A9-LeaderElection10
2023-02-23 08:45:00,425 [s1@group-D5CC796A79A9-LeaderElection10] INFO  server.RaftServer$Division (ServerState.java:setLeader(260)) - s1@group-D5CC796A79A9: change Leader from s0 to null at term 4 for PRE_VOTE
2023-02-23 08:45:00,425 [s1@group-D5CC796A79A9-LeaderElection10] INFO  impl.LeaderElection (LeaderElection.java:askForVotes(309)) - s1@group-D5CC796A79A9-LeaderElection10 PRE_VOTE round 0: submit vote requests at term 4 for 82: peers:[s0|rpc:localhost:44609|admin:localhost:43339|client:localhost:35167|dataStream:localhost:45017|priority:0|startupRole:FOLLOWER, s1|rpc:localhost:46005|admin:localhost:39871|client:localhost:43155|dataStream:localhost:44881|priority:0|startupRole:FOLLOWER, s2|rpc:localhost:40131|admin:localhost:41173|client:localhost:45441|dataStream:localhost:41833|priority:0|startupRole:FOLLOWER]|listeners:[], old=null
2023-02-23 08:45:00,459 [grpc-default-executor-0] INFO  server.RaftServer$Division (RaftServerImpl.java:requestVote(1302)) - s0@group-D5CC796A79A9: receive requestVote(PRE_VOTE, s1, group-D5CC796A79A9, 4, (t:4, i:104))
2023-02-23 08:45:00,459 [grpc-default-executor-0] INFO  impl.VoteContext (VoteContext.java:log(49)) - s0@group-D5CC796A79A9-FOLLOWER: accept PRE_VOTE from s1: our priority 0 <= candidate's priority 0
2023-02-23 08:45:00,459 [grpc-default-executor-0] INFO  server.RaftServer$Division (RaftServerImpl.java:requestVote(1335)) - s0@group-D5CC796A79A9 replies to PRE_VOTE vote request: s1<-s0#0:OK-t4. Peer's state: s0@group-D5CC796A79A9:t4, leader=null, voted=s0, raftlog=Memoized:s0@group-D5CC796A79A9-SegmentedRaftLog:OPENED:c101, conf=82: peers:[s0|rpc:localhost:44609|admin:localhost:43339|client:localhost:35167|dataStream:localhost:45017|priority:0|startupRole:FOLLOWER, s1|rpc:localhost:46005|admin:localhost:39871|client:localhost:43155|dataStream:localhost:44881|priority:0|startupRole:FOLLOWER, s2|rpc:localhost:40131|admin:localhost:41173|client:localhost:45441|dataStream:localhost:41833|priority:0|startupRole:FOLLOWER]|listeners:[], old=null
2023-02-23 08:45:00,460 [s1@group-D5CC796A79A9-LeaderElection10] INFO  impl.LeaderElection (LeaderElection.java:logAndReturn(89)) - s1@group-D5CC796A79A9-LeaderElection10: PRE_VOTE PASSED received 1 response(s) and 0 exception(s):
2023-02-23 08:45:00,460 [s1@group-D5CC796A79A9-LeaderElection10] INFO  impl.LeaderElection (LeaderElection.java:logAndReturn(93)) -   Response 0: s1<-s0#0:OK-t4
2023-02-23 08:45:00,460 [s1@group-D5CC796A79A9-LeaderElection10] INFO  impl.LeaderElection (LeaderElection.java:askForVotes(311)) - s1@group-D5CC796A79A9-LeaderElection10 PRE_VOTE round 0: result PASSED
2023-02-23 08:45:00,464 [s1@group-D5CC796A79A9-LeaderElection10] INFO  impl.LeaderElection (LeaderElection.java:askForVotes(309)) - s1@group-D5CC796A79A9-LeaderElection10 ELECTION round 0: submit vote requests at term 5 for 82: peers:[s0|rpc:localhost:44609|admin:localhost:43339|client:localhost:35167|dataStream:localhost:45017|priority:0|startupRole:FOLLOWER, s1|rpc:localhost:46005|admin:localhost:39871|client:localhost:43155|dataStream:localhost:44881|priority:0|startupRole:FOLLOWER, s2|rpc:localhost:40131|admin:localhost:41173|client:localhost:45441|dataStream:localhost:41833|priority:0|startupRole:FOLLOWER]|listeners:[], old=null
2023-02-23 08:45:00,486 [grpc-default-executor-0] INFO  server.RaftServer$Division (RaftServerImpl.java:requestVote(1302)) - s2@group-D5CC796A79A9: receive requestVote(PRE_VOTE, s1, group-D5CC796A79A9, 4, (t:4, i:104))
2023-02-23 08:45:00,486 [grpc-default-executor-0] INFO  impl.VoteContext (VoteContext.java:log(49)) - s2@group-D5CC796A79A9-FOLLOWER: accept PRE_VOTE from s1: our priority 0 <= candidate's priority 0
2023-02-23 08:45:00,486 [grpc-default-executor-0] INFO  server.RaftServer$Division (RaftServerImpl.java:requestVote(1335)) - s2@group-D5CC796A79A9 replies to PRE_VOTE vote request: s1<-s2#0:OK-t4. Peer's state: s2@group-D5CC796A79A9:t4, leader=s0, voted=s0, raftlog=Memoized:s2@group-D5CC796A79A9-SegmentedRaftLog:OPENED:c101, conf=82: peers:[s0|rpc:localhost:44609|admin:localhost:43339|client:localhost:35167|dataStream:localhost:45017|priority:0|startupRole:FOLLOWER, s1|rpc:localhost:46005|admin:localhost:39871|client:localhost:43155|dataStream:localhost:44881|priority:0|startupRole:FOLLOWER, s2|rpc:localhost:40131|admin:localhost:41173|client:localhost:45441|dataStream:localhost:41833|priority:0|startupRole:FOLLOWER]|listeners:[], old=null
2023-02-23 08:45:00,486 [grpc-default-executor-3] INFO  server.RaftServer$Division (RaftServerImpl.java:requestVote(1302)) - s0@group-D5CC796A79A9: receive requestVote(ELECTION, s1, group-D5CC796A79A9, 5, (t:4, i:104))
2023-02-23 08:45:00,487 [grpc-default-executor-3] INFO  impl.VoteContext (VoteContext.java:log(49)) - s0@group-D5CC796A79A9-FOLLOWER: accept ELECTION from s1: our priority 0 <= candidate's priority 0
2023-02-23 08:45:00,487 [grpc-default-executor-3] INFO  server.RaftServer$Division (RaftServerImpl.java:setRole(329)) - s0@group-D5CC796A79A9: changes role from  FOLLOWER to FOLLOWER at term 5 for candidate:s1
2023-02-23 08:45:00,487 [grpc-default-executor-3] INFO  impl.RoleInfo (RoleInfo.java:shutdownFollowerState(110)) - s0: shutdown s0@group-D5CC796A79A9-FollowerState
2023-02-23 08:45:00,487 [grpc-default-executor-3] INFO  impl.RoleInfo (RoleInfo.java:updateAndGet(139)) - s0: start s0@group-D5CC796A79A9-FollowerState
2023-02-23 08:45:00,487 [s0@group-D5CC796A79A9-FollowerState] INFO  impl.FollowerState (FollowerState.java:run(152)) - s0@group-D5CC796A79A9-FollowerState was interrupted
2023-02-23 08:45:00,494 [grpc-default-executor-3] INFO  server.RaftServer$Division (RaftServerImpl.java:requestVote(1335)) - s0@group-D5CC796A79A9 replies to ELECTION vote request: s1<-s0#0:OK-t5. Peer's state: s0@group-D5CC796A79A9:t5, leader=null, voted=s1, raftlog=Memoized:s0@group-D5CC796A79A9-SegmentedRaftLog:OPENED:c101, conf=82: peers:[s0|rpc:localhost:44609|admin:localhost:43339|client:localhost:35167|dataStream:localhost:45017|priority:0|startupRole:FOLLOWER, s1|rpc:localhost:46005|admin:localhost:39871|client:localhost:43155|dataStream:localhost:44881|priority:0|startupRole:FOLLOWER, s2|rpc:localhost:40131|admin:localhost:41173|client:localhost:45441|dataStream:localhost:41833|priority:0|startupRole:FOLLOWER]|listeners:[], old=null
2023-02-23 08:45:00,495 [s1@group-D5CC796A79A9-LeaderElection10] INFO  impl.LeaderElection (LeaderElection.java:logAndReturn(89)) - s1@group-D5CC796A79A9-LeaderElection10: ELECTION PASSED received 1 response(s) and 0 exception(s):
2023-02-23 08:45:00,495 [s1@group-D5CC796A79A9-LeaderElection10] INFO  impl.LeaderElection (LeaderElection.java:logAndReturn(93)) -   Response 0: s1<-s0#0:OK-t5
2023-02-23 08:45:00,495 [s1@group-D5CC796A79A9-LeaderElection10] INFO  impl.LeaderElection (LeaderElection.java:askForVotes(311)) - s1@group-D5CC796A79A9-LeaderElection10 ELECTION round 0: result PASSED
2023-02-23 08:45:00,495 [s1@group-D5CC796A79A9-LeaderElection10] INFO  impl.RoleInfo (RoleInfo.java:shutdownLeaderElection(130)) - s1: shutdown s1@group-D5CC796A79A9-LeaderElection10
2023-02-23 08:45:00,495 [s1@group-D5CC796A79A9-LeaderElection10] INFO  server.RaftServer$Division (RaftServerImpl.java:setRole(329)) - s1@group-D5CC796A79A9: changes role from CANDIDATE to LEADER at term 5 for changeToLeader
2023-02-23 08:45:00,495 [s1@group-D5CC796A79A9-LeaderElection10] INFO  server.RaftServer$Division (ServerState.java:setLeader(260)) - s1@group-D5CC796A79A9: change Leader from null to s1 at term 5 for becomeLeader, leader elected after 70ms
2023-02-23 08:45:00,496 [s1@group-D5CC796A79A9-LeaderElection10] INFO  server.RaftServerConfigKeys (ConfUtils.java:logGet(46)) - raft.server.staging.catchup.gap = 1000 (default)
2023-02-23 08:45:00,496 [s1@group-D5CC796A79A9-LeaderElection10] INFO  server.RaftServerConfigKeys (ConfUtils.java:logGet(46)) - raft.server.write.element-limit = 4096 (default)
2023-02-23 08:45:00,496 [s1@group-D5CC796A79A9-LeaderElection10] INFO  server.RaftServerConfigKeys (ConfUtils.java:logGet(46)) - raft.server.write.byte-limit = 64MB (=67108864) (default)
2023-02-23 08:45:00,496 [s1@group-D5CC796A79A9-LeaderElection10] INFO  server.RaftServerConfigKeys (ConfUtils.java:logGet(46)) - raft.server.watch.timeout = 10s (default)
2023-02-23 08:45:00,496 [s1@group-D5CC796A79A9-LeaderElection10] INFO  server.RaftServerConfigKeys (ConfUtils.java:logGet(46)) - raft.server.watch.timeout.denomination = 1s (default)
2023-02-23 08:45:00,496 [s1@group-D5CC796A79A9-LeaderElection10] INFO  server.RaftServerConfigKeys (ConfUtils.java:logGet(46)) - raft.server.watch.element-limit = 65536 (default)
2023-02-23 08:45:00,496 [s1@group-D5CC796A79A9-LeaderElection10] INFO  server.RaftServerConfigKeys (ConfUtils.java:logGet(46)) - raft.server.write.element-limit = 4096 (default)
2023-02-23 08:45:00,496 [s1@group-D5CC796A79A9-LeaderElection10] INFO  server.RaftServerConfigKeys (ConfUtils.java:logGet(46)) - raft.server.write.follower.gap.ratio.max = -1.0 (default)
2023-02-23 08:45:00,496 [s1@group-D5CC796A79A9-LeaderElection10] INFO  server.RaftServerConfigKeys (ConfUtils.java:logGet(46)) - raft.server.log.appender.snapshot.chunk.size.max = 16MB (=16777216) (default)
2023-02-23 08:45:00,496 [s1@group-D5CC796A79A9-LeaderElection10] INFO  server.RaftServerConfigKeys (ConfUtils.java:logGet(46)) - raft.server.log.appender.buffer.byte-limit = 4MB (=4194304) (default)
2023-02-23 08:45:00,496 [s1@group-D5CC796A79A9-LeaderElection10] INFO  server.RaftServerConfigKeys (ConfUtils.java:logGet(46)) - raft.server.log.appender.buffer.element-limit = 0 (default)
2023-02-23 08:45:00,496 [s1@group-D5CC796A79A9-LeaderElection10] INFO  grpc.GrpcConfigKeys (ConfUtils.java:logGet(46)) - raft.grpc.server.leader.outstanding.appends.max = 128 (default)
2023-02-23 08:45:00,496 [s1@group-D5CC796A79A9-LeaderElection10] INFO  server.RaftServerConfigKeys (ConfUtils.java:logGet(46)) - raft.server.rpc.request.timeout = 3000ms (default)
2023-02-23 08:45:00,496 [s1@group-D5CC796A79A9-LeaderElection10] INFO  server.RaftServerConfigKeys (ConfUtils.java:logGet(46)) - raft.server.log.appender.install.snapshot.enabled = true (default)
2023-02-23 08:45:00,496 [s1@group-D5CC796A79A9-LeaderElection10] INFO  grpc.GrpcConfigKeys (ConfUtils.java:logGet(46)) - raft.grpc.server.heartbeat.channel = true (default)
2023-02-23 08:45:00,497 [s1@group-D5CC796A79A9-LeaderElection10] INFO  server.RaftServerConfigKeys (ConfUtils.java:logGet(46)) - raft.server.log.appender.wait-time.min = 10ms (default)
2023-02-23 08:45:00,497 [s1@group-D5CC796A79A9-LeaderElection10] INFO  server.RaftServerConfigKeys (ConfUtils.java:logGet(46)) - raft.server.log.appender.snapshot.chunk.size.max = 16MB (=16777216) (default)
2023-02-23 08:45:00,497 [s1@group-D5CC796A79A9-LeaderElection10] INFO  server.RaftServerConfigKeys (ConfUtils.java:logGet(46)) - raft.server.log.appender.buffer.byte-limit = 4MB (=4194304) (default)
2023-02-23 08:45:00,497 [s1@group-D5CC796A79A9-LeaderElection10] INFO  server.RaftServerConfigKeys (ConfUtils.java:logGet(46)) - raft.server.log.appender.buffer.element-limit = 0 (default)
2023-02-23 08:45:00,497 [s1@group-D5CC796A79A9-LeaderElection10] INFO  grpc.GrpcConfigKeys (ConfUtils.java:logGet(46)) - raft.grpc.server.leader.outstanding.appends.max = 128 (default)
2023-02-23 08:45:00,497 [s1@group-D5CC796A79A9-LeaderElection10] INFO  server.RaftServerConfigKeys (ConfUtils.java:logGet(46)) - raft.server.rpc.request.timeout = 3000ms (default)
2023-02-23 08:45:00,497 [s1@group-D5CC796A79A9-LeaderElection10] INFO  server.RaftServerConfigKeys (ConfUtils.java:logGet(46)) - raft.server.log.appender.install.snapshot.enabled = true (default)
2023-02-23 08:45:00,497 [s1@group-D5CC796A79A9-LeaderElection10] INFO  grpc.GrpcConfigKeys (ConfUtils.java:logGet(46)) - raft.grpc.server.heartbeat.channel = true (default)
2023-02-23 08:45:00,497 [s1@group-D5CC796A79A9-LeaderElection10] INFO  server.RaftServerConfigKeys (ConfUtils.java:logGet(46)) - raft.server.log.appender.wait-time.min = 10ms (default)
2023-02-23 08:45:00,497 [s1@group-D5CC796A79A9-LeaderElection10] INFO  impl.RoleInfo (RoleInfo.java:updateAndGet(139)) - s1: start s1@group-D5CC796A79A9-LeaderStateImpl
2023-02-23 08:45:00,497 [s1@group-D5CC796A79A9-LeaderElection10] INFO  segmented.SegmentedRaftLogWorker (SegmentedRaftLogWorker.java:rollLogSegment(431)) - s1@group-D5CC796A79A9-SegmentedRaftLogWorker: Rolling segment log-82_104 to index:104
2023-02-23 08:45:00,498 [s1@group-D5CC796A79A9-SegmentedRaftLogWorker] TRACE util.FileUtils (LogUtils.java:runAndLog(49)) - Successfully ran Atomic Files.move /home/runner/work/ratis/ratis/ratis-test/target/test/data/74e677c2/MiniRaftClusterWithRpcTypeGrpcAndDataStreamTypeNetty7c12e66b/s1/88259b85-7cb7-47c2-b0b3-d5cc796a79a9/current/log_inprogress_82 to /home/runner/work/ratis/ratis/ratis-test/target/test/data/74e677c2/MiniRaftClusterWithRpcTypeGrpcAndDataStreamTypeNetty7c12e66b/s1/88259b85-7cb7-47c2-b0b3-d5cc796a79a9/current/log_82-104
2023-02-23 08:45:00,498 [s1@group-D5CC796A79A9-SegmentedRaftLogWorker] INFO  segmented.SegmentedRaftLogWorker (SegmentedRaftLogWorker.java:execute(587)) - s1@group-D5CC796A79A9-SegmentedRaftLogWorker: Rolled log segment from /home/runner/work/ratis/ratis/ratis-test/target/test/data/74e677c2/MiniRaftClusterWithRpcTypeGrpcAndDataStreamTypeNetty7c12e66b/s1/88259b85-7cb7-47c2-b0b3-d5cc796a79a9/current/log_inprogress_82 to /home/runner/work/ratis/ratis/ratis-test/target/test/data/74e677c2/MiniRaftClusterWithRpcTypeGrpcAndDataStreamTypeNetty7c12e66b/s1/88259b85-7cb7-47c2-b0b3-d5cc796a79a9/current/log_82-104
2023-02-23 08:45:00,550 [s1@group-D5CC796A79A9-SegmentedRaftLogWorker] INFO  segmented.SegmentedRaftLogWorker (SegmentedRaftLogWorker.java:execute(630)) - s1@group-D5CC796A79A9-SegmentedRaftLogWorker: created new log segment /home/runner/work/ratis/ratis/ratis-test/target/test/data/74e677c2/MiniRaftClusterWithRpcTypeGrpcAndDataStreamTypeNetty7c12e66b/s1/88259b85-7cb7-47c2-b0b3-d5cc796a79a9/current/log_inprogress_105
2023-02-23 08:45:00,564 [grpc-default-executor-0] INFO  server.RaftServer$Division (RaftServerImpl.java:requestVote(1302)) - s2@group-D5CC796A79A9: receive requestVote(ELECTION, s1, group-D5CC796A79A9, 5, (t:4, i:104))
2023-02-23 08:45:00,564 [grpc-default-executor-0] INFO  impl.VoteContext (VoteContext.java:log(49)) - s2@group-D5CC796A79A9-FOLLOWER: accept ELECTION from s1: our priority 0 <= candidate's priority 0
2023-02-23 08:45:00,564 [grpc-default-executor-0] INFO  server.RaftServer$Division (ServerState.java:setLeader(260)) - s2@group-D5CC796A79A9: change Leader from s0 to null at term 5 for updateCurrentTerm
2023-02-23 08:45:00,564 [grpc-default-executor-0] INFO  server.RaftServer$Division (RaftServerImpl.java:setRole(329)) - s2@group-D5CC796A79A9: changes role from  FOLLOWER to FOLLOWER at term 5 for candidate:s1
2023-02-23 08:45:00,564 [grpc-default-executor-0] INFO  impl.RoleInfo (RoleInfo.java:shutdownFollowerState(110)) - s2: shutdown s2@group-D5CC796A79A9-FollowerState
2023-02-23 08:45:00,564 [grpc-default-executor-0] INFO  impl.RoleInfo (RoleInfo.java:updateAndGet(139)) - s2: start s2@group-D5CC796A79A9-FollowerState
2023-02-23 08:45:00,564 [s2@group-D5CC796A79A9-FollowerState] INFO  impl.FollowerState (FollowerState.java:run(152)) - s2@group-D5CC796A79A9-FollowerState was interrupted
2023-02-23 08:45:00,570 [grpc-default-executor-0] INFO  server.RaftServer$Division (RaftServerImpl.java:requestVote(1335)) - s2@group-D5CC796A79A9 replies to ELECTION vote request: s1<-s2#0:OK-t5. Peer's state: s2@group-D5CC796A79A9:t5, leader=null, voted=s1, raftlog=Memoized:s2@group-D5CC796A79A9-SegmentedRaftLog:OPENED:c101, conf=82: peers:[s0|rpc:localhost:44609|admin:localhost:43339|client:localhost:35167|dataStream:localhost:45017|priority:0|startupRole:FOLLOWER, s1|rpc:localhost:46005|admin:localhost:39871|client:localhost:43155|dataStream:localhost:44881|priority:0|startupRole:FOLLOWER, s2|rpc:localhost:40131|admin:localhost:41173|client:localhost:45441|dataStream:localhost:41833|priority:0|startupRole:FOLLOWER]|listeners:[], old=null
2023-02-23 08:45:00,586 [s0-server-thread2] INFO  server.RaftServer$Division (ServerState.java:setLeader(260)) - s0@group-D5CC796A79A9: change Leader from null to s1 at term 5 for appendEntries, leader elected after 558ms
2023-02-23 08:45:00,589 [s0-server-thread1] INFO  server.RaftServer$Division (ServerState.java:setRaftConf(378)) - s0@group-D5CC796A79A9: set configuration 105: peers:[s0|rpc:localhost:44609|admin:localhost:43339|client:localhost:35167|dataStream:localhost:45017|priority:0|startupRole:FOLLOWER, s1|rpc:localhost:46005|admin:localhost:39871|client:localhost:43155|dataStream:localhost:44881|priority:0|startupRole:FOLLOWER, s2|rpc:localhost:40131|admin:localhost:41173|client:localhost:45441|dataStream:localhost:41833|priority:0|startupRole:FOLLOWER]|listeners:[], old=null
2023-02-23 08:45:00,589 [s0-server-thread1] INFO  segmented.SegmentedRaftLogWorker (SegmentedRaftLogWorker.java:rollLogSegment(431)) - s0@group-D5CC796A79A9-SegmentedRaftLogWorker: Rolling segment log-82_104 to index:104
2023-02-23 08:45:00,589 [s0@group-D5CC796A79A9-SegmentedRaftLogWorker] TRACE util.FileUtils (LogUtils.java:runAndLog(49)) - Successfully ran Atomic Files.move /home/runner/work/ratis/ratis/ratis-test/target/test/data/74e677c2/MiniRaftClusterWithRpcTypeGrpcAndDataStreamTypeNetty7c12e66b/s0/88259b85-7cb7-47c2-b0b3-d5cc796a79a9/current/log_inprogress_82 to /home/runner/work/ratis/ratis/ratis-test/target/test/data/74e677c2/MiniRaftClusterWithRpcTypeGrpcAndDataStreamTypeNetty7c12e66b/s0/88259b85-7cb7-47c2-b0b3-d5cc796a79a9/current/log_82-104
2023-02-23 08:45:00,589 [s0@group-D5CC796A79A9-SegmentedRaftLogWorker] INFO  segmented.SegmentedRaftLogWorker (SegmentedRaftLogWorker.java:execute(587)) - s0@group-D5CC796A79A9-SegmentedRaftLogWorker: Rolled log segment from /home/runner/work/ratis/ratis/ratis-test/target/test/data/74e677c2/MiniRaftClusterWithRpcTypeGrpcAndDataStreamTypeNetty7c12e66b/s0/88259b85-7cb7-47c2-b0b3-d5cc796a79a9/current/log_inprogress_82 to /home/runner/work/ratis/ratis/ratis-test/target/test/data/74e677c2/MiniRaftClusterWithRpcTypeGrpcAndDataStreamTypeNetty7c12e66b/s0/88259b85-7cb7-47c2-b0b3-d5cc796a79a9/current/log_82-104
2023-02-23 08:45:00,594 [s1@group-D5CC796A79A9-LeaderElection10] INFO  server.RaftServer$Division (ServerState.java:setRaftConf(378)) - s1@group-D5CC796A79A9: set configuration 105: peers:[s0|rpc:localhost:44609|admin:localhost:43339|client:localhost:35167|dataStream:localhost:45017|priority:0|startupRole:FOLLOWER, s1|rpc:localhost:46005|admin:localhost:39871|client:localhost:43155|dataStream:localhost:44881|priority:0|startupRole:FOLLOWER, s2|rpc:localhost:40131|admin:localhost:41173|client:localhost:45441|dataStream:localhost:41833|priority:0|startupRole:FOLLOWER]|listeners:[], old=null
2023-02-23 08:45:00,598 [pool-6-thread-11] INFO  datastream.DataStreamTestUtils (DataStreamTestUtils.java:writeAndCloseAndAssertReplies(320)) - Stream429: bytesWritten=3755531
2023-02-23 08:45:00,600 [s2-server-thread1] INFO  server.RaftServer$Division (ServerState.java:setLeader(260)) - s2@group-D5CC796A79A9: change Leader from null to s1 at term 5 for appendEntries, leader elected after 35ms
2023-02-23 08:45:00,604 [s0@group-D5CC796A79A9-SegmentedRaftLogWorker] INFO  segmented.SegmentedRaftLogWorker (SegmentedRaftLogWorker.java:execute(630)) - s0@group-D5CC796A79A9-SegmentedRaftLogWorker: created new log segment /home/runner/work/ratis/ratis/ratis-test/target/test/data/74e677c2/MiniRaftClusterWithRpcTypeGrpcAndDataStreamTypeNetty7c12e66b/s0/88259b85-7cb7-47c2-b0b3-d5cc796a79a9/current/log_inprogress_105
2023-02-23 08:45:00,608 [pool-6-thread-4] INFO  datastream.DataStreamTestUtils (DataStreamTestUtils.java:writeAndCloseAndAssertReplies(320)) - Stream432: bytesWritten=3757934
2023-02-23 08:45:00,618 [pool-6-thread-14] INFO  datastream.DataStreamTestUtils (DataStreamTestUtils.java:writeAndCloseAndAssertReplies(320)) - Stream431: bytesWritten=3718723
2023-02-23 08:45:00,634 [s2-server-thread2] INFO  server.RaftServer$Division (ServerState.java:setRaftConf(378)) - s2@group-D5CC796A79A9: set configuration 105: peers:[s0|rpc:localhost:44609|admin:localhost:43339|client:localhost:35167|dataStream:localhost:45017|priority:0|startupRole:FOLLOWER, s1|rpc:localhost:46005|admin:localhost:39871|client:localhost:43155|dataStream:localhost:44881|priority:0|startupRole:FOLLOWER, s2|rpc:localhost:40131|admin:localhost:41173|client:localhost:45441|dataStream:localhost:41833|priority:0|startupRole:FOLLOWER]|listeners:[], old=null
2023-02-23 08:45:00,635 [s2-server-thread2] INFO  segmented.SegmentedRaftLogWorker (SegmentedRaftLogWorker.java:rollLogSegment(431)) - s2@group-D5CC796A79A9-SegmentedRaftLogWorker: Rolling segment log-82_104 to index:104
2023-02-23 08:45:00,635 [s2@group-D5CC796A79A9-SegmentedRaftLogWorker] TRACE util.FileUtils (LogUtils.java:runAndLog(49)) - Successfully ran Atomic Files.move /home/runner/work/ratis/ratis/ratis-test/target/test/data/74e677c2/MiniRaftClusterWithRpcTypeGrpcAndDataStreamTypeNetty7c12e66b/s2/88259b85-7cb7-47c2-b0b3-d5cc796a79a9/current/log_inprogress_82 to /home/runner/work/ratis/ratis/ratis-test/target/test/data/74e677c2/MiniRaftClusterWithRpcTypeGrpcAndDataStreamTypeNetty7c12e66b/s2/88259b85-7cb7-47c2-b0b3-d5cc796a79a9/current/log_82-104
2023-02-23 08:45:00,636 [s2@group-D5CC796A79A9-SegmentedRaftLogWorker] INFO  segmented.SegmentedRaftLogWorker (SegmentedRaftLogWorker.java:execute(587)) - s2@group-D5CC796A79A9-SegmentedRaftLogWorker: Rolled log segment from /home/runner/work/ratis/ratis/ratis-test/target/test/data/74e677c2/MiniRaftClusterWithRpcTypeGrpcAndDataStreamTypeNetty7c12e66b/s2/88259b85-7cb7-47c2-b0b3-d5cc796a79a9/current/log_inprogress_82 to /home/runner/work/ratis/ratis/ratis-test/target/test/data/74e677c2/MiniRaftClusterWithRpcTypeGrpcAndDataStreamTypeNetty7c12e66b/s2/88259b85-7cb7-47c2-b0b3-d5cc796a79a9/current/log_82-104
2023-02-23 08:45:00,650 [s2@group-D5CC796A79A9-SegmentedRaftLogWorker] INFO  segmented.SegmentedRaftLogWorker (SegmentedRaftLogWorker.java:execute(630)) - s2@group-D5CC796A79A9-SegmentedRaftLogWorker: created new log segment /home/runner/work/ratis/ratis/ratis-test/target/test/data/74e677c2/MiniRaftClusterWithRpcTypeGrpcAndDataStreamTypeNetty7c12e66b/s2/88259b85-7cb7-47c2-b0b3-d5cc796a79a9/current/log_inprogress_105
2023-02-23 08:45:00,711 [s1-client-thread1] INFO  statemachine.StateMachine (DataStreamTestUtils.java:link(157)) - link null
2023-02-23 08:45:00,717 [s0-server-thread1] INFO  statemachine.StateMachine (DataStreamTestUtils.java:link(157)) - link null
2023-02-23 08:45:00,717 [s2-server-thread2] INFO  statemachine.StateMachine (DataStreamTestUtils.java:link(157)) - link null
2023-02-23 08:45:00,718 [s0-server-thread1] WARN  server.GrpcServerProtocolService (LogUtils.java:warn(124)) - s0: Failed APPEND_ENTRIES request s1->s0#9-t5,previous=(t:5, i:106),leaderCommit=106,initializing? true,entries: size=1, first=(t:5, i:107), STATEMACHINELOGENTRY, 426@client-AFE3C13319D4
java.util.concurrent.CompletionException: java.io.IOException: java.lang.IllegalStateException: Null stream: entry=term: 5
index: 107
stateMachineLogEntry {
  type: DATASTREAM
  clientId: "hg\313\375(\352N\363\225\245\257\343\3013\031\324"
  callId: 426
}

	at java.base/java.util.concurrent.CompletableFuture.encodeThrowable(CompletableFuture.java:331)
	at java.base/java.util.concurrent.CompletableFuture.completeThrowable(CompletableFuture.java:346)
	at java.base/java.util.concurrent.CompletableFuture$BiRelay.tryFire(CompletableFuture.java:1423)
	at java.base/java.util.concurrent.CompletableFuture$CoCompletion.tryFire(CompletableFuture.java:1144)
	at java.base/java.util.concurrent.CompletableFuture.postComplete(CompletableFuture.java:506)
	at java.base/java.util.concurrent.CompletableFuture.completeExceptionally(CompletableFuture.java:2088)
	at org.apache.ratis.server.raftlog.segmented.SegmentedRaftLog$Task.failed(SegmentedRaftLog.java:105)
	at org.apache.ratis.server.raftlog.segmented.SegmentedRaftLogWorker$WriteLog.failed(SegmentedRaftLogWorker.java:514)
	at org.apache.ratis.server.raftlog.segmented.SegmentedRaftLogWorker.run(SegmentedRaftLogWorker.java:312)
	at java.base/java.util.concurrent.Executors$RunnableAdapter.call(Executors.java:515)
	at java.base/java.util.concurrent.FutureTask.run(FutureTask.java:264)
	at java.base/java.util.concurrent.ThreadPoolExecutor.runWorker(ThreadPoolExecutor.java:1128)
	at java.base/java.util.concurrent.ThreadPoolExecutor$Worker.run(ThreadPoolExecutor.java:628)
	at java.base/java.lang.Thread.run(Thread.java:829)
Caused by: java.io.IOException: java.lang.IllegalStateException: Null stream: entry=term: 5
index: 107
stateMachineLogEntry {
  type: DATASTREAM
  clientId: "hg\313\375(\352N\363\225\245\257\343\3013\031\324"
  callId: 426
}

	at org.apache.ratis.util.IOUtils.asIOException(IOUtils.java:56)
	at org.apache.ratis.util.IOUtils.toIOException(IOUtils.java:61)
	at org.apache.ratis.util.IOUtils.getFromFuture(IOUtils.java:85)
	at org.apache.ratis.server.raftlog.segmented.SegmentedRaftLogWorker$StateMachineDataPolicy.getFromFuture(SegmentedRaftLogWorker.java:88)
	at org.apache.ratis.server.raftlog.segmented.SegmentedRaftLogWorker$WriteLog.execute(SegmentedRaftLogWorker.java:535)
	at org.apache.ratis.server.raftlog.segmented.SegmentedRaftLogWorker.run(SegmentedRaftLogWorker.java:303)
	... 5 more
Caused by: java.lang.IllegalStateException: Null stream: entry=term: 5
index: 107
stateMachineLogEntry {
  type: DATASTREAM
  clientId: "hg\313\375(\352N\363\225\245\257\343\3013\031\324"
  callId: 426
}

	at org.apache.ratis.datastream.DataStreamTestUtils$MultiDataStreamStateMachine.link(DataStreamTestUtils.java:159)
	at org.apache.ratis.server.raftlog.segmented.SegmentedRaftLogWorker$WriteLog.<init>(SegmentedRaftLogWorker.java:492)
	at org.apache.ratis.server.raftlog.segmented.SegmentedRaftLogWorker.writeLogEntry(SegmentedRaftLogWorker.java:438)
	at org.apache.ratis.server.raftlog.segmented.SegmentedRaftLog.appendEntryImpl(SegmentedRaftLog.java:409)
	at org.apache.ratis.server.raftlog.RaftLogBase.lambda$appendEntry$10(RaftLogBase.java:330)
	at org.apache.ratis.server.raftlog.RaftLogSequentialOps$Runner.runSequentially(RaftLogSequentialOps.java:78)
	at org.apache.ratis.server.raftlog.RaftLogBase.appendEntry(RaftLogBase.java:330)
	at org.apache.ratis.server.raftlog.segmented.SegmentedRaftLog.appendImpl(SegmentedRaftLog.java:456)
	at org.apache.ratis.server.raftlog.RaftLogBase.lambda$append$11(RaftLogBase.java:337)
	at org.apache.ratis.server.raftlog.RaftLogSequentialOps$Runner.runSequentially(RaftLogSequentialOps.java:69)
	at org.apache.ratis.server.raftlog.RaftLogBase.append(RaftLogBase.java:337)
	at org.apache.ratis.server.impl.RaftServerImpl.appendEntriesAsync(RaftServerImpl.java:1528)
	at org.apache.ratis.server.impl.RaftServerImpl.appendEntriesAsync(RaftServerImpl.java:1396)
	at org.apache.ratis.server.impl.RaftServerProxy.lambda$appendEntriesAsync$26(RaftServerProxy.java:639)
	at org.apache.ratis.util.JavaUtils.callAsUnchecked(JavaUtils.java:117)
	at org.apache.ratis.server.impl.RaftServerImpl.lambda$executeSubmitServerRequestAsync$11(RaftServerImpl.java:818)
	at java.base/java.util.concurrent.CompletableFuture$AsyncSupply.run(CompletableFuture.java:1700)
	... 3 more
2023-02-23 08:45:00,718 [s2-server-thread2] WARN  server.GrpcServerProtocolService (LogUtils.java:warn(124)) - s2: Failed APPEND_ENTRIES request s1->s2#11-t5,previous=(t:5, i:106),leaderCommit=106,initializing? true,entries: size=1, first=(t:5, i:107), STATEMACHINELOGENTRY, 426@client-AFE3C13319D4
java.util.concurrent.CompletionException: java.io.IOException: java.lang.IllegalStateException: Null stream: entry=term: 5
index: 107
stateMachineLogEntry {
  type: DATASTREAM
  clientId: "hg\313\375(\352N\363\225\245\257\343\3013\031\324"
  callId: 426
}

	at java.base/java.util.concurrent.CompletableFuture.encodeThrowable(CompletableFuture.java:331)
	at java.base/java.util.concurrent.CompletableFuture.completeThrowable(CompletableFuture.java:346)
	at java.base/java.util.concurrent.CompletableFuture$BiRelay.tryFire(CompletableFuture.java:1423)
	at java.base/java.util.concurrent.CompletableFuture$CoCompletion.tryFire(CompletableFuture.java:1144)
	at java.base/java.util.concurrent.CompletableFuture.postComplete(CompletableFuture.java:506)
	at java.base/java.util.concurrent.CompletableFuture.completeExceptionally(CompletableFuture.java:2088)
	at org.apache.ratis.server.raftlog.segmented.SegmentedRaftLog$Task.failed(SegmentedRaftLog.java:105)
	at org.apache.ratis.server.raftlog.segmented.SegmentedRaftLogWorker$WriteLog.failed(SegmentedRaftLogWorker.java:514)
	at org.apache.ratis.server.raftlog.segmented.SegmentedRaftLogWorker.run(SegmentedRaftLogWorker.java:312)
	at java.base/java.util.concurrent.Executors$RunnableAdapter.call(Executors.java:515)
	at java.base/java.util.concurrent.FutureTask.run(FutureTask.java:264)
	at java.base/java.util.concurrent.ThreadPoolExecutor.runWorker(ThreadPoolExecutor.java:1128)
	at java.base/java.util.concurrent.ThreadPoolExecutor$Worker.run(ThreadPoolExecutor.java:628)
	at java.base/java.lang.Thread.run(Thread.java:829)
Caused by: java.io.IOException: java.lang.IllegalStateException: Null stream: entry=term: 5
index: 107
stateMachineLogEntry {
  type: DATASTREAM
  clientId: "hg\313\375(\352N\363\225\245\257\343\3013\031\324"
  callId: 426
}

	at org.apache.ratis.util.IOUtils.asIOException(IOUtils.java:56)
	at org.apache.ratis.util.IOUtils.toIOException(IOUtils.java:61)
	at org.apache.ratis.util.IOUtils.getFromFuture(IOUtils.java:85)
	at org.apache.ratis.server.raftlog.segmented.SegmentedRaftLogWorker$StateMachineDataPolicy.getFromFuture(SegmentedRaftLogWorker.java:88)
	at org.apache.ratis.server.raftlog.segmented.SegmentedRaftLogWorker$WriteLog.execute(SegmentedRaftLogWorker.java:535)
	at org.apache.ratis.server.raftlog.segmented.SegmentedRaftLogWorker.run(SegmentedRaftLogWorker.java:303)
	... 5 more
Caused by: java.lang.IllegalStateException: Null stream: entry=term: 5
index: 107
stateMachineLogEntry {
  type: DATASTREAM
  clientId: "hg\313\375(\352N\363\225\245\257\343\3013\031\324"
  callId: 426
}

	at org.apache.ratis.datastream.DataStreamTestUtils$MultiDataStreamStateMachine.link(DataStreamTestUtils.java:159)
	at org.apache.ratis.server.raftlog.segmented.SegmentedRaftLogWorker$WriteLog.<init>(SegmentedRaftLogWorker.java:492)
	at org.apache.ratis.server.raftlog.segmented.SegmentedRaftLogWorker.writeLogEntry(SegmentedRaftLogWorker.java:438)
	at org.apache.ratis.server.raftlog.segmented.SegmentedRaftLog.appendEntryImpl(SegmentedRaftLog.java:409)
	at org.apache.ratis.server.raftlog.RaftLogBase.lambda$appendEntry$10(RaftLogBase.java:330)
	at org.apache.ratis.server.raftlog.RaftLogSequentialOps$Runner.runSequentially(RaftLogSequentialOps.java:78)
	at org.apache.ratis.server.raftlog.RaftLogBase.appendEntry(RaftLogBase.java:330)
	at org.apache.ratis.server.raftlog.segmented.SegmentedRaftLog.appendImpl(SegmentedRaftLog.java:456)
	at org.apache.ratis.server.raftlog.RaftLogBase.lambda$append$11(RaftLogBase.java:337)
	at org.apache.ratis.server.raftlog.RaftLogSequentialOps$Runner.runSequentially(RaftLogSequentialOps.java:69)
	at org.apache.ratis.server.raftlog.RaftLogBase.append(RaftLogBase.java:337)
	at org.apache.ratis.server.impl.RaftServerImpl.appendEntriesAsync(RaftServerImpl.java:1528)
	at org.apache.ratis.server.impl.RaftServerImpl.appendEntriesAsync(RaftServerImpl.java:1396)
	at org.apache.ratis.server.impl.RaftServerProxy.lambda$appendEntriesAsync$26(RaftServerProxy.java:639)
	at org.apache.ratis.util.JavaUtils.callAsUnchecked(JavaUtils.java:117)
	at org.apache.ratis.server.impl.RaftServerImpl.lambda$executeSubmitServerRequestAsync$11(RaftServerImpl.java:818)
	at java.base/java.util.concurrent.CompletableFuture$AsyncSupply.run(CompletableFuture.java:1700)
	... 3 more
2023-02-23 08:45:00,769 [grpc-default-executor-3] WARN  server.GrpcLogAppender (LogUtils.java:warn(124)) - s1@group-D5CC796A79A9->s2-AppendLogResponseHandler: Failed appendEntries
java.io.IOException: java.lang.IllegalStateException: Null stream: entry=term: 5
index: 107
stateMachineLogEntry {
  type: DATASTREAM
  clientId: "hg\313\375(\352N\363\225\245\257\343\3013\031\324"
  callId: 426
}

	at org.apache.ratis.util.IOUtils.asIOException(IOUtils.java:56)
	at org.apache.ratis.util.IOUtils.toIOException(IOUtils.java:61)
	at org.apache.ratis.util.IOUtils.getFromFuture(IOUtils.java:85)
	at org.apache.ratis.server.raftlog.segmented.SegmentedRaftLogWorker$StateMachineDataPolicy.getFromFuture(SegmentedRaftLogWorker.java:88)
	at org.apache.ratis.server.raftlog.segmented.SegmentedRaftLogWorker$WriteLog.execute(SegmentedRaftLogWorker.java:535)
	at org.apache.ratis.server.raftlog.segmented.SegmentedRaftLogWorker.run(SegmentedRaftLogWorker.java:303)
	at java.base/java.util.concurrent.Executors$RunnableAdapter.call(Executors.java:515)
	at java.base/java.util.concurrent.FutureTask.run(FutureTask.java:264)
	at java.base/java.util.concurrent.ThreadPoolExecutor.runWorker(ThreadPoolExecutor.java:1128)
	at java.base/java.util.concurrent.ThreadPoolExecutor$Worker.run(ThreadPoolExecutor.java:628)
	at java.base/java.lang.Thread.run(Thread.java:829)
Caused by: java.lang.IllegalStateException: Null stream: entry=term: 5
index: 107
stateMachineLogEntry {
  type: DATASTREAM
  clientId: "hg\313\375(\352N\363\225\245\257\343\3013\031\324"
  callId: 426
}

	at org.apache.ratis.datastream.DataStreamTestUtils$MultiDataStreamStateMachine.link(DataStreamTestUtils.java:159)
	at org.apache.ratis.server.raftlog.segmented.SegmentedRaftLogWorker$WriteLog.<init>(SegmentedRaftLogWorker.java:492)
	at org.apache.ratis.server.raftlog.segmented.SegmentedRaftLogWorker.writeLogEntry(SegmentedRaftLogWorker.java:438)
	at org.apache.ratis.server.raftlog.segmented.SegmentedRaftLog.appendEntryImpl(SegmentedRaftLog.java:409)
	at org.apache.ratis.server.raftlog.RaftLogBase.lambda$appendEntry$10(RaftLogBase.java:330)
	at org.apache.ratis.server.raftlog.RaftLogSequentialOps$Runner.runSequentially(RaftLogSequentialOps.java:78)
	at org.apache.ratis.server.raftlog.RaftLogBase.appendEntry(RaftLogBase.java:330)
	at org.apache.ratis.server.raftlog.segmented.SegmentedRaftLog.appendImpl(SegmentedRaftLog.java:456)
	at org.apache.ratis.server.raftlog.RaftLogBase.lambda$append$11(RaftLogBase.java:337)
	at org.apache.ratis.server.raftlog.RaftLogSequentialOps$Runner.runSequentially(RaftLogSequentialOps.java:69)
	at org.apache.ratis.server.raftlog.RaftLogBase.append(RaftLogBase.java:337)
	at org.apache.ratis.server.impl.RaftServerImpl.appendEntriesAsync(RaftServerImpl.java:1528)
	at org.apache.ratis.server.impl.RaftServerImpl.appendEntriesAsync(RaftServerImpl.java:1396)
	at org.apache.ratis.server.impl.RaftServerProxy.lambda$appendEntriesAsync$26(RaftServerProxy.java:639)
	at org.apache.ratis.util.JavaUtils.callAsUnchecked(JavaUtils.java:117)
	at org.apache.ratis.server.impl.RaftServerImpl.lambda$executeSubmitServerRequestAsync$11(RaftServerImpl.java:818)
	at java.base/java.util.concurrent.CompletableFuture$AsyncSupply.run(CompletableFuture.java:1700)
	... 3 more
2023-02-23 08:45:00,778 [grpc-default-executor-2] WARN  server.GrpcLogAppender (LogUtils.java:warn(124)) - s1@group-D5CC796A79A9->s0-AppendLogResponseHandler: Failed appendEntries
java.io.IOException: java.lang.IllegalStateException: Null stream: entry=term: 5
index: 107
stateMachineLogEntry {
  type: DATASTREAM
  clientId: "hg\313\375(\352N\363\225\245\257\343\3013\031\324"
  callId: 426
}

	at org.apache.ratis.util.IOUtils.asIOException(IOUtils.java:56)
	at org.apache.ratis.util.IOUtils.toIOException(IOUtils.java:61)
	at org.apache.ratis.util.IOUtils.getFromFuture(IOUtils.java:85)
	at org.apache.ratis.server.raftlog.segmented.SegmentedRaftLogWorker$StateMachineDataPolicy.getFromFuture(SegmentedRaftLogWorker.java:88)
	at org.apache.ratis.server.raftlog.segmented.SegmentedRaftLogWorker$WriteLog.execute(SegmentedRaftLogWorker.java:535)
	at org.apache.ratis.server.raftlog.segmented.SegmentedRaftLogWorker.run(SegmentedRaftLogWorker.java:303)
	at java.base/java.util.concurrent.Executors$RunnableAdapter.call(Executors.java:515)
	at java.base/java.util.concurrent.FutureTask.run(FutureTask.java:264)
	at java.base/java.util.concurrent.ThreadPoolExecutor.runWorker(ThreadPoolExecutor.java:1128)
	at java.base/java.util.concurrent.ThreadPoolExecutor$Worker.run(ThreadPoolExecutor.java:628)
	at java.base/java.lang.Thread.run(Thread.java:829)
Caused by: java.lang.IllegalStateException: Null stream: entry=term: 5
index: 107
stateMachineLogEntry {
  type: DATASTREAM
  clientId: "hg\313\375(\352N\363\225\245\257\343\3013\031\324"
  callId: 426
}

	at org.apache.ratis.datastream.DataStreamTestUtils$MultiDataStreamStateMachine.link(DataStreamTestUtils.java:159)
	at org.apache.ratis.server.raftlog.segmented.SegmentedRaftLogWorker$WriteLog.<init>(SegmentedRaftLogWorker.java:492)
	at org.apache.ratis.server.raftlog.segmented.SegmentedRaftLogWorker.writeLogEntry(SegmentedRaftLogWorker.java:438)
	at org.apache.ratis.server.raftlog.segmented.SegmentedRaftLog.appendEntryImpl(SegmentedRaftLog.java:409)
	at org.apache.ratis.server.raftlog.RaftLogBase.lambda$appendEntry$10(RaftLogBase.java:330)
	at org.apache.ratis.server.raftlog.RaftLogSequentialOps$Runner.runSequentially(RaftLogSequentialOps.java:78)
	at org.apache.ratis.server.raftlog.RaftLogBase.appendEntry(RaftLogBase.java:330)
	at org.apache.ratis.server.raftlog.segmented.SegmentedRaftLog.appendImpl(SegmentedRaftLog.java:456)
	at org.apache.ratis.server.raftlog.RaftLogBase.lambda$append$11(RaftLogBase.java:337)
	at org.apache.ratis.server.raftlog.RaftLogSequentialOps$Runner.runSequentially(RaftLogSequentialOps.java:69)
	at org.apache.ratis.server.raftlog.RaftLogBase.append(RaftLogBase.java:337)
	at org.apache.ratis.server.impl.RaftServerImpl.appendEntriesAsync(RaftServerImpl.java:1528)
	at org.apache.ratis.server.impl.RaftServerImpl.appendEntriesAsync(RaftServerImpl.java:1396)
	at org.apache.ratis.server.impl.RaftServerProxy.lambda$appendEntriesAsync$26(RaftServerProxy.java:639)
	at org.apache.ratis.util.JavaUtils.callAsUnchecked(JavaUtils.java:117)
	at org.apache.ratis.server.impl.RaftServerImpl.lambda$executeSubmitServerRequestAsync$11(RaftServerImpl.java:818)
	at java.base/java.util.concurrent.CompletableFuture$AsyncSupply.run(CompletableFuture.java:1700)
	... 3 more
2023-02-23 08:45:00,782 [grpc-default-executor-2] INFO  leader.FollowerInfo (FollowerInfoImpl.java:lambda$new$0(52)) - s1@group-D5CC796A79A9->s0: nextIndex: updateUnconditionally 108 -> 107
2023-02-23 08:45:00,782 [grpc-default-executor-3] INFO  leader.FollowerInfo (FollowerInfoImpl.java:lambda$new$0(52)) - s1@group-D5CC796A79A9->s2: nextIndex: updateUnconditionally 108 -> 107
2023-02-23 08:45:01,341 [pool-6-thread-15] INFO  datastream.DataStreamTestUtils (DataStreamTestUtils.java:writeAndCloseAndAssertReplies(320)) - Stream430: bytesWritten=3733024
2023-02-23 08:45:02,316 [pool-6-thread-10] INFO  datastream.DataStreamTestUtils (DataStreamTestUtils.java:writeAndCloseAndAssertReplies(320)) - Stream433: bytesWritten=3738504
2023-02-23 08:45:03,077 [pool-6-thread-13] INFO  datastream.DataStreamTestUtils (DataStreamTestUtils.java:writeAndCloseAndAssertReplies(320)) - Stream434: bytesWritten=3756588
2023-02-23 08:45:03,087 [pool-6-thread-12] INFO  datastream.DataStreamTestUtils (DataStreamTestUtils.java:writeAndCloseAndAssertReplies(320)) - Stream435: bytesWritten=3727955
2023-02-23 08:45:06,712 [timer0] WARN  grpc.GrpcUtil (GrpcUtil.java:shutdownManagedChannel(223)) - Timed out gracefully shutting down connection: ManagedChannelOrphanWrapper{delegate=ManagedChannelImpl{logId=403, target=localhost:43155}}. 
2023-02-23 08:45:10,028 [Timer-2] INFO  impl.MiniRaftCluster (MiniRaftCluster.java:lambda$start$6(349)) - TIMED-PRINT: printing ALL groups
  s0:  RUNNING  FOLLOWER s0@group-D5CC796A79A9:t5, leader=s1, voted=s1, raftlog=Memoized:s0@group-D5CC796A79A9-SegmentedRaftLog:OPENED:c106, conf=105: peers:[s0|rpc:localhost:44609|admin:localhost:43339|client:localhost:35167|dataStream:localhost:45017|priority:0|startupRole:FOLLOWER, s1|rpc:localhost:46005|admin:localhost:39871|client:localhost:43155|dataStream:localhost:44881|priority:0|startupRole:FOLLOWER, s2|rpc:localhost:40131|admin:localhost:41173|client:localhost:45441|dataStream:localhost:41833|priority:0|startupRole:FOLLOWER]|listeners:[], old=null RUNNING
  s1:  RUNNING    LEADER s1@group-D5CC796A79A9:t5, leader=s1, voted=s1, raftlog=Memoized:s1@group-D5CC796A79A9-SegmentedRaftLog:OPENED:c106, conf=105: peers:[s0|rpc:localhost:44609|admin:localhost:43339|client:localhost:35167|dataStream:localhost:45017|priority:0|startupRole:FOLLOWER, s1|rpc:localhost:46005|admin:localhost:39871|client:localhost:43155|dataStream:localhost:44881|priority:0|startupRole:FOLLOWER, s2|rpc:localhost:40131|admin:localhost:41173|client:localhost:45441|dataStream:localhost:41833|priority:0|startupRole:FOLLOWER]|listeners:[], old=null RUNNING
  s2:  RUNNING  FOLLOWER s2@group-D5CC796A79A9:t5, leader=s1, voted=s1, raftlog=Memoized:s2@group-D5CC796A79A9-SegmentedRaftLog:OPENED:c106, conf=105: peers:[s0|rpc:localhost:44609|admin:localhost:43339|client:localhost:35167|dataStream:localhost:45017|priority:0|startupRole:FOLLOWER, s1|rpc:localhost:46005|admin:localhost:39871|client:localhost:43155|dataStream:localhost:44881|priority:0|startupRole:FOLLOWER, s2|rpc:localhost:40131|admin:localhost:41173|client:localhost:45441|dataStream:localhost:41833|priority:0|startupRole:FOLLOWER]|listeners:[], old=null RUNNING
2023-02-23 08:45:12,841 [timer3] WARN  grpc.GrpcUtil (GrpcUtil.java:shutdownManagedChannel(223)) - Timed out gracefully shutting down connection: ManagedChannelOrphanWrapper{delegate=ManagedChannelImpl{logId=417, target=localhost:43155}}. 
2023-02-23 08:45:18,964 [timer6] WARN  grpc.GrpcUtil (GrpcUtil.java:shutdownManagedChannel(223)) - Timed out gracefully shutting down connection: ManagedChannelOrphanWrapper{delegate=ManagedChannelImpl{logId=431, target=localhost:43155}}. 
2023-02-23 08:45:20,027 [Timer-2] INFO  impl.MiniRaftCluster (MiniRaftCluster.java:lambda$start$6(349)) - TIMED-PRINT: printing ALL groups
  s0:  RUNNING  FOLLOWER s0@group-D5CC796A79A9:t5, leader=s1, voted=s1, raftlog=Memoized:s0@group-D5CC796A79A9-SegmentedRaftLog:OPENED:c106, conf=105: peers:[s0|rpc:localhost:44609|admin:localhost:43339|client:localhost:35167|dataStream:localhost:45017|priority:0|startupRole:FOLLOWER, s1|rpc:localhost:46005|admin:localhost:39871|client:localhost:43155|dataStream:localhost:44881|priority:0|startupRole:FOLLOWER, s2|rpc:localhost:40131|admin:localhost:41173|client:localhost:45441|dataStream:localhost:41833|priority:0|startupRole:FOLLOWER]|listeners:[], old=null RUNNING
  s1:  RUNNING    LEADER s1@group-D5CC796A79A9:t5, leader=s1, voted=s1, raftlog=Memoized:s1@group-D5CC796A79A9-SegmentedRaftLog:OPENED:c106, conf=105: peers:[s0|rpc:localhost:44609|admin:localhost:43339|client:localhost:35167|dataStream:localhost:45017|priority:0|startupRole:FOLLOWER, s1|rpc:localhost:46005|admin:localhost:39871|client:localhost:43155|dataStream:localhost:44881|priority:0|startupRole:FOLLOWER, s2|rpc:localhost:40131|admin:localhost:41173|client:localhost:45441|dataStream:localhost:41833|priority:0|startupRole:FOLLOWER]|listeners:[], old=null RUNNING
  s2:  RUNNING  FOLLOWER s2@group-D5CC796A79A9:t5, leader=s1, voted=s1, raftlog=Memoized:s2@group-D5CC796A79A9-SegmentedRaftLog:OPENED:c106, conf=105: peers:[s0|rpc:localhost:44609|admin:localhost:43339|client:localhost:35167|dataStream:localhost:45017|priority:0|startupRole:FOLLOWER, s1|rpc:localhost:46005|admin:localhost:39871|client:localhost:43155|dataStream:localhost:44881|priority:0|startupRole:FOLLOWER, s2|rpc:localhost:40131|admin:localhost:41173|client:localhost:45441|dataStream:localhost:41833|priority:0|startupRole:FOLLOWER]|listeners:[], old=null RUNNING
2023-02-23 08:45:25,096 [timer4] WARN  grpc.GrpcUtil (GrpcUtil.java:shutdownManagedChannel(223)) - Timed out gracefully shutting down connection: ManagedChannelOrphanWrapper{delegate=ManagedChannelImpl{logId=445, target=localhost:43155}}. 
2023-02-23 08:45:30,027 [Timer-2] INFO  impl.MiniRaftCluster (MiniRaftCluster.java:lambda$start$6(349)) - TIMED-PRINT: printing ALL groups
  s0:  RUNNING  FOLLOWER s0@group-D5CC796A79A9:t5, leader=s1, voted=s1, raftlog=Memoized:s0@group-D5CC796A79A9-SegmentedRaftLog:OPENED:c106, conf=105: peers:[s0|rpc:localhost:44609|admin:localhost:43339|client:localhost:35167|dataStream:localhost:45017|priority:0|startupRole:FOLLOWER, s1|rpc:localhost:46005|admin:localhost:39871|client:localhost:43155|dataStream:localhost:44881|priority:0|startupRole:FOLLOWER, s2|rpc:localhost:40131|admin:localhost:41173|client:localhost:45441|dataStream:localhost:41833|priority:0|startupRole:FOLLOWER]|listeners:[], old=null RUNNING
  s1:  RUNNING    LEADER s1@group-D5CC796A79A9:t5, leader=s1, voted=s1, raftlog=Memoized:s1@group-D5CC796A79A9-SegmentedRaftLog:OPENED:c106, conf=105: peers:[s0|rpc:localhost:44609|admin:localhost:43339|client:localhost:35167|dataStream:localhost:45017|priority:0|startupRole:FOLLOWER, s1|rpc:localhost:46005|admin:localhost:39871|client:localhost:43155|dataStream:localhost:44881|priority:0|startupRole:FOLLOWER, s2|rpc:localhost:40131|admin:localhost:41173|client:localhost:45441|dataStream:localhost:41833|priority:0|startupRole:FOLLOWER]|listeners:[], old=null RUNNING
  s2:  RUNNING  FOLLOWER s2@group-D5CC796A79A9:t5, leader=s1, voted=s1, raftlog=Memoized:s2@group-D5CC796A79A9-SegmentedRaftLog:OPENED:c106, conf=105: peers:[s0|rpc:localhost:44609|admin:localhost:43339|client:localhost:35167|dataStream:localhost:45017|priority:0|startupRole:FOLLOWER, s1|rpc:localhost:46005|admin:localhost:39871|client:localhost:43155|dataStream:localhost:44881|priority:0|startupRole:FOLLOWER, s2|rpc:localhost:40131|admin:localhost:41173|client:localhost:45441|dataStream:localhost:41833|priority:0|startupRole:FOLLOWER]|listeners:[], old=null RUNNING
2023-02-23 08:45:31,223 [timer0] WARN  grpc.GrpcUtil (GrpcUtil.java:shutdownManagedChannel(223)) - Timed out gracefully shutting down connection: ManagedChannelOrphanWrapper{delegate=ManagedChannelImpl{logId=459, target=localhost:43155}}. 
2023-02-23 08:45:37,346 [timer1] WARN  grpc.GrpcUtil (GrpcUtil.java:shutdownManagedChannel(223)) - Timed out gracefully shutting down connection: ManagedChannelOrphanWrapper{delegate=ManagedChannelImpl{logId=473, target=localhost:43155}}. 
2023-02-23 08:45:40,028 [Timer-2] INFO  impl.MiniRaftCluster (MiniRaftCluster.java:lambda$start$6(349)) - TIMED-PRINT: printing ALL groups
  s0:  RUNNING  FOLLOWER s0@group-D5CC796A79A9:t5, leader=s1, voted=s1, raftlog=Memoized:s0@group-D5CC796A79A9-SegmentedRaftLog:OPENED:c106, conf=105: peers:[s0|rpc:localhost:44609|admin:localhost:43339|client:localhost:35167|dataStream:localhost:45017|priority:0|startupRole:FOLLOWER, s1|rpc:localhost:46005|admin:localhost:39871|client:localhost:43155|dataStream:localhost:44881|priority:0|startupRole:FOLLOWER, s2|rpc:localhost:40131|admin:localhost:41173|client:localhost:45441|dataStream:localhost:41833|priority:0|startupRole:FOLLOWER]|listeners:[], old=null RUNNING
  s1:  RUNNING    LEADER s1@group-D5CC796A79A9:t5, leader=s1, voted=s1, raftlog=Memoized:s1@group-D5CC796A79A9-SegmentedRaftLog:OPENED:c106, conf=105: peers:[s0|rpc:localhost:44609|admin:localhost:43339|client:localhost:35167|dataStream:localhost:45017|priority:0|startupRole:FOLLOWER, s1|rpc:localhost:46005|admin:localhost:39871|client:localhost:43155|dataStream:localhost:44881|priority:0|startupRole:FOLLOWER, s2|rpc:localhost:40131|admin:localhost:41173|client:localhost:45441|dataStream:localhost:41833|priority:0|startupRole:FOLLOWER]|listeners:[], old=null RUNNING
  s2:  RUNNING  FOLLOWER s2@group-D5CC796A79A9:t5, leader=s1, voted=s1, raftlog=Memoized:s2@group-D5CC796A79A9-SegmentedRaftLog:OPENED:c106, conf=105: peers:[s0|rpc:localhost:44609|admin:localhost:43339|client:localhost:35167|dataStream:localhost:45017|priority:0|startupRole:FOLLOWER, s1|rpc:localhost:46005|admin:localhost:39871|client:localhost:43155|dataStream:localhost:44881|priority:0|startupRole:FOLLOWER, s2|rpc:localhost:40131|admin:localhost:41173|client:localhost:45441|dataStream:localhost:41833|priority:0|startupRole:FOLLOWER]|listeners:[], old=null RUNNING
2023-02-23 08:45:43,470 [timer6] WARN  grpc.GrpcUtil (GrpcUtil.java:shutdownManagedChannel(223)) - Timed out gracefully shutting down connection: ManagedChannelOrphanWrapper{delegate=ManagedChannelImpl{logId=487, target=localhost:43155}}. 
2023-02-23 08:45:49,587 [timer1] WARN  grpc.GrpcUtil (GrpcUtil.java:shutdownManagedChannel(223)) - Timed out gracefully shutting down connection: ManagedChannelOrphanWrapper{delegate=ManagedChannelImpl{logId=501, target=localhost:43155}}. 
2023-02-23 08:45:50,027 [Timer-2] INFO  impl.MiniRaftCluster (MiniRaftCluster.java:lambda$start$6(349)) - TIMED-PRINT: printing ALL groups
  s0:  RUNNING  FOLLOWER s0@group-D5CC796A79A9:t5, leader=s1, voted=s1, raftlog=Memoized:s0@group-D5CC796A79A9-SegmentedRaftLog:OPENED:c106, conf=105: peers:[s0|rpc:localhost:44609|admin:localhost:43339|client:localhost:35167|dataStream:localhost:45017|priority:0|startupRole:FOLLOWER, s1|rpc:localhost:46005|admin:localhost:39871|client:localhost:43155|dataStream:localhost:44881|priority:0|startupRole:FOLLOWER, s2|rpc:localhost:40131|admin:localhost:41173|client:localhost:45441|dataStream:localhost:41833|priority:0|startupRole:FOLLOWER]|listeners:[], old=null RUNNING
  s1:  RUNNING    LEADER s1@group-D5CC796A79A9:t5, leader=s1, voted=s1, raftlog=Memoized:s1@group-D5CC796A79A9-SegmentedRaftLog:OPENED:c106, conf=105: peers:[s0|rpc:localhost:44609|admin:localhost:43339|client:localhost:35167|dataStream:localhost:45017|priority:0|startupRole:FOLLOWER, s1|rpc:localhost:46005|admin:localhost:39871|client:localhost:43155|dataStream:localhost:44881|priority:0|startupRole:FOLLOWER, s2|rpc:localhost:40131|admin:localhost:41173|client:localhost:45441|dataStream:localhost:41833|priority:0|startupRole:FOLLOWER]|listeners:[], old=null RUNNING
  s2:  RUNNING  FOLLOWER s2@group-D5CC796A79A9:t5, leader=s1, voted=s1, raftlog=Memoized:s2@group-D5CC796A79A9-SegmentedRaftLog:OPENED:c106, conf=105: peers:[s0|rpc:localhost:44609|admin:localhost:43339|client:localhost:35167|dataStream:localhost:45017|priority:0|startupRole:FOLLOWER, s1|rpc:localhost:46005|admin:localhost:39871|client:localhost:43155|dataStream:localhost:44881|priority:0|startupRole:FOLLOWER, s2|rpc:localhost:40131|admin:localhost:41173|client:localhost:45441|dataStream:localhost:41833|priority:0|startupRole:FOLLOWER]|listeners:[], old=null RUNNING
2023-02-23 08:45:55,709 [timer7] WARN  grpc.GrpcUtil (GrpcUtil.java:shutdownManagedChannel(223)) - Timed out gracefully shutting down connection: ManagedChannelOrphanWrapper{delegate=ManagedChannelImpl{logId=515, target=localhost:43155}}. 
2023-02-23 08:46:00,027 [Timer-2] INFO  impl.MiniRaftCluster (MiniRaftCluster.java:lambda$start$6(349)) - TIMED-PRINT: printing ALL groups
  s0:  RUNNING  FOLLOWER s0@group-D5CC796A79A9:t5, leader=s1, voted=s1, raftlog=Memoized:s0@group-D5CC796A79A9-SegmentedRaftLog:OPENED:c106, conf=105: peers:[s0|rpc:localhost:44609|admin:localhost:43339|client:localhost:35167|dataStream:localhost:45017|priority:0|startupRole:FOLLOWER, s1|rpc:localhost:46005|admin:localhost:39871|client:localhost:43155|dataStream:localhost:44881|priority:0|startupRole:FOLLOWER, s2|rpc:localhost:40131|admin:localhost:41173|client:localhost:45441|dataStream:localhost:41833|priority:0|startupRole:FOLLOWER]|listeners:[], old=null RUNNING
  s1:  RUNNING    LEADER s1@group-D5CC796A79A9:t5, leader=s1, voted=s1, raftlog=Memoized:s1@group-D5CC796A79A9-SegmentedRaftLog:OPENED:c106, conf=105: peers:[s0|rpc:localhost:44609|admin:localhost:43339|client:localhost:35167|dataStream:localhost:45017|priority:0|startupRole:FOLLOWER, s1|rpc:localhost:46005|admin:localhost:39871|client:localhost:43155|dataStream:localhost:44881|priority:0|startupRole:FOLLOWER, s2|rpc:localhost:40131|admin:localhost:41173|client:localhost:45441|dataStream:localhost:41833|priority:0|startupRole:FOLLOWER]|listeners:[], old=null RUNNING
  s2:  RUNNING  FOLLOWER s2@group-D5CC796A79A9:t5, leader=s1, voted=s1, raftlog=Memoized:s2@group-D5CC796A79A9-SegmentedRaftLog:OPENED:c106, conf=105: peers:[s0|rpc:localhost:44609|admin:localhost:43339|client:localhost:35167|dataStream:localhost:45017|priority:0|startupRole:FOLLOWER, s1|rpc:localhost:46005|admin:localhost:39871|client:localhost:43155|dataStream:localhost:44881|priority:0|startupRole:FOLLOWER, s2|rpc:localhost:40131|admin:localhost:41173|client:localhost:45441|dataStream:localhost:41833|priority:0|startupRole:FOLLOWER]|listeners:[], old=null RUNNING
2023-02-23 08:46:01,835 [timer4] WARN  grpc.GrpcUtil (GrpcUtil.java:shutdownManagedChannel(223)) - Timed out gracefully shutting down connection: ManagedChannelOrphanWrapper{delegate=ManagedChannelImpl{logId=529, target=localhost:43155}}. 
2023-02-23 08:46:01,961 [s1-client-thread1] INFO  statemachine.StateMachine (DataStreamTestUtils.java:link(157)) - link null
2023-02-23 08:46:01,962 [s0-server-thread3] INFO  statemachine.StateMachine (DataStreamTestUtils.java:link(157)) - link null
2023-02-23 08:46:01,963 [s2-server-thread2] INFO  statemachine.StateMachine (DataStreamTestUtils.java:link(157)) - link null
2023-02-23 08:46:01,963 [grpc-default-executor-0] WARN  server.GrpcServerProtocolService (LogUtils.java:warn(124)) - s0: Failed APPEND_ENTRIES request s1->s0#821-t5,previous=(t:5, i:107),leaderCommit=106,initializing? true,entries: size=1, first=(t:5, i:108), STATEMACHINELOGENTRY, 426@client-AFE3C13319D4
java.util.concurrent.CompletionException: org.apache.ratis.server.raftlog.RaftLogIOException: Log already failed at index 107 for task WriteLog:107: (t:5, i:107), STATEMACHINELOGENTRY, StateMachineLogEntryProto:426@client-AFE3C13319D4
	at java.base/java.util.concurrent.CompletableFuture.encodeThrowable(CompletableFuture.java:331)
	at java.base/java.util.concurrent.CompletableFuture.completeThrowable(CompletableFuture.java:346)
	at java.base/java.util.concurrent.CompletableFuture$BiRelay.tryFire(CompletableFuture.java:1423)
	at java.base/java.util.concurrent.CompletableFuture$CoCompletion.tryFire(CompletableFuture.java:1144)
	at java.base/java.util.concurrent.CompletableFuture.postComplete(CompletableFuture.java:506)
	at java.base/java.util.concurrent.CompletableFuture.completeExceptionally(CompletableFuture.java:2088)
	at org.apache.ratis.server.raftlog.segmented.SegmentedRaftLog$Task.failed(SegmentedRaftLog.java:105)
	at org.apache.ratis.server.raftlog.segmented.SegmentedRaftLogWorker$WriteLog.failed(SegmentedRaftLogWorker.java:514)
	at org.apache.ratis.server.raftlog.segmented.SegmentedRaftLogWorker.run(SegmentedRaftLogWorker.java:312)
	at java.base/java.util.concurrent.Executors$RunnableAdapter.call(Executors.java:515)
	at java.base/java.util.concurrent.FutureTask.run(FutureTask.java:264)
	at java.base/java.util.concurrent.ThreadPoolExecutor.runWorker(ThreadPoolExecutor.java:1128)
	at java.base/java.util.concurrent.ThreadPoolExecutor$Worker.run(ThreadPoolExecutor.java:628)
	at java.base/java.lang.Thread.run(Thread.java:829)
Caused by: org.apache.ratis.server.raftlog.RaftLogIOException: Log already failed at index 107 for task WriteLog:107: (t:5, i:107), STATEMACHINELOGENTRY, StateMachineLogEntryProto:426@client-AFE3C13319D4
	at org.apache.ratis.server.raftlog.segmented.SegmentedRaftLogWorker.run(SegmentedRaftLogWorker.java:315)
	... 5 more
Caused by: java.io.IOException: java.lang.IllegalStateException: Null stream: entry=term: 5
index: 107
stateMachineLogEntry {
  type: DATASTREAM
  clientId: "hg\313\375(\352N\363\225\245\257\343\3013\031\324"
  callId: 426
}

	at org.apache.ratis.util.IOUtils.asIOException(IOUtils.java:56)
	at org.apache.ratis.util.IOUtils.toIOException(IOUtils.java:61)
	at org.apache.ratis.util.IOUtils.getFromFuture(IOUtils.java:85)
	at org.apache.ratis.server.raftlog.segmented.SegmentedRaftLogWorker$StateMachineDataPolicy.getFromFuture(SegmentedRaftLogWorker.java:88)
	at org.apache.ratis.server.raftlog.segmented.SegmentedRaftLogWorker$WriteLog.execute(SegmentedRaftLogWorker.java:535)
	at org.apache.ratis.server.raftlog.segmented.SegmentedRaftLogWorker.run(SegmentedRaftLogWorker.java:303)
	... 5 more
Caused by: java.lang.IllegalStateException: Null stream: entry=term: 5
index: 107
stateMachineLogEntry {
  type: DATASTREAM
  clientId: "hg\313\375(\352N\363\225\245\257\343\3013\031\324"
  callId: 426
}

	at org.apache.ratis.datastream.DataStreamTestUtils$MultiDataStreamStateMachine.link(DataStreamTestUtils.java:159)
	at org.apache.ratis.server.raftlog.segmented.SegmentedRaftLogWorker$WriteLog.<init>(SegmentedRaftLogWorker.java:492)
	at org.apache.ratis.server.raftlog.segmented.SegmentedRaftLogWorker.writeLogEntry(SegmentedRaftLogWorker.java:438)
	at org.apache.ratis.server.raftlog.segmented.SegmentedRaftLog.appendEntryImpl(SegmentedRaftLog.java:409)
	at org.apache.ratis.server.raftlog.RaftLogBase.lambda$appendEntry$10(RaftLogBase.java:330)
	at org.apache.ratis.server.raftlog.RaftLogSequentialOps$Runner.runSequentially(RaftLogSequentialOps.java:78)
	at org.apache.ratis.server.raftlog.RaftLogBase.appendEntry(RaftLogBase.java:330)
	at org.apache.ratis.server.raftlog.segmented.SegmentedRaftLog.appendImpl(SegmentedRaftLog.java:456)
	at org.apache.ratis.server.raftlog.RaftLogBase.lambda$append$11(RaftLogBase.java:337)
	at org.apache.ratis.server.raftlog.RaftLogSequentialOps$Runner.runSequentially(RaftLogSequentialOps.java:69)
	at org.apache.ratis.server.raftlog.RaftLogBase.append(RaftLogBase.java:337)
	at org.apache.ratis.server.impl.RaftServerImpl.appendEntriesAsync(RaftServerImpl.java:1528)
	at org.apache.ratis.server.impl.RaftServerImpl.appendEntriesAsync(RaftServerImpl.java:1396)
	at org.apache.ratis.server.impl.RaftServerProxy.lambda$appendEntriesAsync$26(RaftServerProxy.java:639)
	at org.apache.ratis.util.JavaUtils.callAsUnchecked(JavaUtils.java:117)
	at org.apache.ratis.server.impl.RaftServerImpl.lambda$executeSubmitServerRequestAsync$11(RaftServerImpl.java:818)
	at java.base/java.util.concurrent.CompletableFuture$AsyncSupply.run(CompletableFuture.java:1700)
	... 3 more
2023-02-23 08:46:01,963 [grpc-default-executor-5] WARN  server.GrpcServerProtocolService (LogUtils.java:warn(124)) - s2: Failed APPEND_ENTRIES request s1->s2#819-t5,previous=(t:5, i:107),leaderCommit=106,initializing? true,entries: size=1, first=(t:5, i:108), STATEMACHINELOGENTRY, 426@client-AFE3C13319D4
java.util.concurrent.CompletionException: org.apache.ratis.server.raftlog.RaftLogIOException: Log already failed at index 107 for task WriteLog:107: (t:5, i:107), STATEMACHINELOGENTRY, StateMachineLogEntryProto:426@client-AFE3C13319D4
	at java.base/java.util.concurrent.CompletableFuture.encodeThrowable(CompletableFuture.java:331)
	at java.base/java.util.concurrent.CompletableFuture.andTree(CompletableFuture.java:1452)
	at java.base/java.util.concurrent.CompletableFuture.allOf(CompletableFuture.java:2337)
	at org.apache.ratis.util.JavaUtils.allOf(JavaUtils.java:278)
	at org.apache.ratis.server.impl.RaftServerImpl.appendEntriesAsync(RaftServerImpl.java:1539)
	at org.apache.ratis.server.impl.RaftServerImpl.appendEntriesAsync(RaftServerImpl.java:1396)
	at org.apache.ratis.server.impl.RaftServerProxy.lambda$appendEntriesAsync$26(RaftServerProxy.java:639)
	at org.apache.ratis.util.JavaUtils.callAsUnchecked(JavaUtils.java:117)
	at org.apache.ratis.server.impl.RaftServerImpl.lambda$executeSubmitServerRequestAsync$11(RaftServerImpl.java:818)
	at java.base/java.util.concurrent.CompletableFuture$AsyncSupply.run(CompletableFuture.java:1700)
	at java.base/java.util.concurrent.ThreadPoolExecutor.runWorker(ThreadPoolExecutor.java:1128)
	at java.base/java.util.concurrent.ThreadPoolExecutor$Worker.run(ThreadPoolExecutor.java:628)
	at java.base/java.lang.Thread.run(Thread.java:829)
Caused by: org.apache.ratis.server.raftlog.RaftLogIOException: Log already failed at index 107 for task WriteLog:107: (t:5, i:107), STATEMACHINELOGENTRY, StateMachineLogEntryProto:426@client-AFE3C13319D4
	at org.apache.ratis.server.raftlog.segmented.SegmentedRaftLogWorker.run(SegmentedRaftLogWorker.java:315)
	at java.base/java.util.concurrent.Executors$RunnableAdapter.call(Executors.java:515)
	at java.base/java.util.concurrent.FutureTask.run(FutureTask.java:264)
	... 3 more
Caused by: java.io.IOException: java.lang.IllegalStateException: Null stream: entry=term: 5
index: 107
stateMachineLogEntry {
  type: DATASTREAM
  clientId: "hg\313\375(\352N\363\225\245\257\343\3013\031\324"
  callId: 426
}

	at org.apache.ratis.util.IOUtils.asIOException(IOUtils.java:56)
	at org.apache.ratis.util.IOUtils.toIOException(IOUtils.java:61)
	at org.apache.ratis.util.IOUtils.getFromFuture(IOUtils.java:85)
	at org.apache.ratis.server.raftlog.segmented.SegmentedRaftLogWorker$StateMachineDataPolicy.getFromFuture(SegmentedRaftLogWorker.java:88)
	at org.apache.ratis.server.raftlog.segmented.SegmentedRaftLogWorker$WriteLog.execute(SegmentedRaftLogWorker.java:535)
	at org.apache.ratis.server.raftlog.segmented.SegmentedRaftLogWorker.run(SegmentedRaftLogWorker.java:303)
	... 5 more
Caused by: java.lang.IllegalStateException: Null stream: entry=term: 5
index: 107
stateMachineLogEntry {
  type: DATASTREAM
  clientId: "hg\313\375(\352N\363\225\245\257\343\3013\031\324"
  callId: 426
}

	at org.apache.ratis.datastream.DataStreamTestUtils$MultiDataStreamStateMachine.link(DataStreamTestUtils.java:159)
	at org.apache.ratis.server.raftlog.segmented.SegmentedRaftLogWorker$WriteLog.<init>(SegmentedRaftLogWorker.java:492)
	at org.apache.ratis.server.raftlog.segmented.SegmentedRaftLogWorker.writeLogEntry(SegmentedRaftLogWorker.java:438)
	at org.apache.ratis.server.raftlog.segmented.SegmentedRaftLog.appendEntryImpl(SegmentedRaftLog.java:409)
	at org.apache.ratis.server.raftlog.RaftLogBase.lambda$appendEntry$10(RaftLogBase.java:330)
	at org.apache.ratis.server.raftlog.RaftLogSequentialOps$Runner.runSequentially(RaftLogSequentialOps.java:78)
	at org.apache.ratis.server.raftlog.RaftLogBase.appendEntry(RaftLogBase.java:330)
	at org.apache.ratis.server.raftlog.segmented.SegmentedRaftLog.appendImpl(SegmentedRaftLog.java:456)
	at org.apache.ratis.server.raftlog.RaftLogBase.lambda$append$11(RaftLogBase.java:337)
	at org.apache.ratis.server.raftlog.RaftLogSequentialOps$Runner.runSequentially(RaftLogSequentialOps.java:69)
	at org.apache.ratis.server.raftlog.RaftLogBase.append(RaftLogBase.java:337)
	at org.apache.ratis.server.impl.RaftServerImpl.appendEntriesAsync(RaftServerImpl.java:1528)
	at org.apache.ratis.server.impl.RaftServerImpl.appendEntriesAsync(RaftServerImpl.java:1396)
	at org.apache.ratis.server.impl.RaftServerProxy.lambda$appendEntriesAsync$26(RaftServerProxy.java:639)
	at org.apache.ratis.util.JavaUtils.callAsUnchecked(JavaUtils.java:117)
	at org.apache.ratis.server.impl.RaftServerImpl.lambda$executeSubmitServerRequestAsync$11(RaftServerImpl.java:818)
	at java.base/java.util.concurrent.CompletableFuture$AsyncSupply.run(CompletableFuture.java:1700)
	... 3 more
2023-02-23 08:46:01,978 [grpc-default-executor-6] WARN  server.GrpcLogAppender (LogUtils.java:warn(124)) - s1@group-D5CC796A79A9->s2-AppendLogResponseHandler: Failed appendEntries
org.apache.ratis.server.raftlog.RaftLogIOException: Log already failed at index 107 for task WriteLog:107: (t:5, i:107), STATEMACHINELOGENTRY, StateMachineLogEntryProto:426@client-AFE3C13319D4
	at org.apache.ratis.server.raftlog.segmented.SegmentedRaftLogWorker.run(SegmentedRaftLogWorker.java:315)
	at java.base/java.util.concurrent.Executors$RunnableAdapter.call(Executors.java:515)
	at java.base/java.util.concurrent.FutureTask.run(FutureTask.java:264)
	at java.base/java.util.concurrent.ThreadPoolExecutor.runWorker(ThreadPoolExecutor.java:1128)
	at java.base/java.util.concurrent.ThreadPoolExecutor$Worker.run(ThreadPoolExecutor.java:628)
	at java.base/java.lang.Thread.run(Thread.java:829)
Caused by: java.io.IOException: java.lang.IllegalStateException: Null stream: entry=term: 5
index: 107
stateMachineLogEntry {
  type: DATASTREAM
  clientId: "hg\313\375(\352N\363\225\245\257\343\3013\031\324"
  callId: 426
}

	at org.apache.ratis.util.IOUtils.asIOException(IOUtils.java:56)
	at org.apache.ratis.util.IOUtils.toIOException(IOUtils.java:61)
	at org.apache.ratis.util.IOUtils.getFromFuture(IOUtils.java:85)
	at org.apache.ratis.server.raftlog.segmented.SegmentedRaftLogWorker$StateMachineDataPolicy.getFromFuture(SegmentedRaftLogWorker.java:88)
	at org.apache.ratis.server.raftlog.segmented.SegmentedRaftLogWorker$WriteLog.execute(SegmentedRaftLogWorker.java:535)
	at org.apache.ratis.server.raftlog.segmented.SegmentedRaftLogWorker.run(SegmentedRaftLogWorker.java:303)
	... 5 more
Caused by: java.lang.IllegalStateException: Null stream: entry=term: 5
index: 107
stateMachineLogEntry {
  type: DATASTREAM
  clientId: "hg\313\375(\352N\363\225\245\257\343\3013\031\324"
  callId: 426
}

	at org.apache.ratis.datastream.DataStreamTestUtils$MultiDataStreamStateMachine.link(DataStreamTestUtils.java:159)
	at org.apache.ratis.server.raftlog.segmented.SegmentedRaftLogWorker$WriteLog.<init>(SegmentedRaftLogWorker.java:492)
	at org.apache.ratis.server.raftlog.segmented.SegmentedRaftLogWorker.writeLogEntry(SegmentedRaftLogWorker.java:438)
	at org.apache.ratis.server.raftlog.segmented.SegmentedRaftLog.appendEntryImpl(SegmentedRaftLog.java:409)
	at org.apache.ratis.server.raftlog.RaftLogBase.lambda$appendEntry$10(RaftLogBase.java:330)
	at org.apache.ratis.server.raftlog.RaftLogSequentialOps$Runner.runSequentially(RaftLogSequentialOps.java:78)
	at org.apache.ratis.server.raftlog.RaftLogBase.appendEntry(RaftLogBase.java:330)
	at org.apache.ratis.server.raftlog.segmented.SegmentedRaftLog.appendImpl(SegmentedRaftLog.java:456)
	at org.apache.ratis.server.raftlog.RaftLogBase.lambda$append$11(RaftLogBase.java:337)
	at org.apache.ratis.server.raftlog.RaftLogSequentialOps$Runner.runSequentially(RaftLogSequentialOps.java:69)
	at org.apache.ratis.server.raftlog.RaftLogBase.append(RaftLogBase.java:337)
	at org.apache.ratis.server.impl.RaftServerImpl.appendEntriesAsync(RaftServerImpl.java:1528)
	at org.apache.ratis.server.impl.RaftServerImpl.appendEntriesAsync(RaftServerImpl.java:1396)
	at org.apache.ratis.server.impl.RaftServerProxy.lambda$appendEntriesAsync$26(RaftServerProxy.java:639)
	at org.apache.ratis.util.JavaUtils.callAsUnchecked(JavaUtils.java:117)
	at org.apache.ratis.server.impl.RaftServerImpl.lambda$executeSubmitServerRequestAsync$11(RaftServerImpl.java:818)
	at java.base/java.util.concurrent.CompletableFuture$AsyncSupply.run(CompletableFuture.java:1700)
	... 3 more
2023-02-23 08:46:01,979 [grpc-default-executor-6] INFO  leader.FollowerInfo (FollowerInfoImpl.java:lambda$new$0(52)) - s1@group-D5CC796A79A9->s2: nextIndex: updateUnconditionally 109 -> 108
2023-02-23 08:46:01,985 [grpc-default-executor-6] WARN  server.GrpcLogAppender (LogUtils.java:warn(124)) - s1@group-D5CC796A79A9->s0-AppendLogResponseHandler: Failed appendEntries
org.apache.ratis.server.raftlog.RaftLogIOException: Log already failed at index 107 for task WriteLog:107: (t:5, i:107), STATEMACHINELOGENTRY, StateMachineLogEntryProto:426@client-AFE3C13319D4
	at org.apache.ratis.server.raftlog.segmented.SegmentedRaftLogWorker.run(SegmentedRaftLogWorker.java:315)
	at java.base/java.util.concurrent.Executors$RunnableAdapter.call(Executors.java:515)
	at java.base/java.util.concurrent.FutureTask.run(FutureTask.java:264)
	at java.base/java.util.concurrent.ThreadPoolExecutor.runWorker(ThreadPoolExecutor.java:1128)
	at java.base/java.util.concurrent.ThreadPoolExecutor$Worker.run(ThreadPoolExecutor.java:628)
	at java.base/java.lang.Thread.run(Thread.java:829)
Caused by: java.io.IOException: java.lang.IllegalStateException: Null stream: entry=term: 5
index: 107
stateMachineLogEntry {
  type: DATASTREAM
  clientId: "hg\313\375(\352N\363\225\245\257\343\3013\031\324"
  callId: 426
}

	at org.apache.ratis.util.IOUtils.asIOException(IOUtils.java:56)
	at org.apache.ratis.util.IOUtils.toIOException(IOUtils.java:61)
	at org.apache.ratis.util.IOUtils.getFromFuture(IOUtils.java:85)
	at org.apache.ratis.server.raftlog.segmented.SegmentedRaftLogWorker$StateMachineDataPolicy.getFromFuture(SegmentedRaftLogWorker.java:88)
	at org.apache.ratis.server.raftlog.segmented.SegmentedRaftLogWorker$WriteLog.execute(SegmentedRaftLogWorker.java:535)
	at org.apache.ratis.server.raftlog.segmented.SegmentedRaftLogWorker.run(SegmentedRaftLogWorker.java:303)
	... 5 more
Caused by: java.lang.IllegalStateException: Null stream: entry=term: 5
index: 107
stateMachineLogEntry {
  type: DATASTREAM
  clientId: "hg\313\375(\352N\363\225\245\257\343\3013\031\324"
  callId: 426
}

	at org.apache.ratis.datastream.DataStreamTestUtils$MultiDataStreamStateMachine.link(DataStreamTestUtils.java:159)
	at org.apache.ratis.server.raftlog.segmented.SegmentedRaftLogWorker$WriteLog.<init>(SegmentedRaftLogWorker.java:492)
	at org.apache.ratis.server.raftlog.segmented.SegmentedRaftLogWorker.writeLogEntry(SegmentedRaftLogWorker.java:438)
	at org.apache.ratis.server.raftlog.segmented.SegmentedRaftLog.appendEntryImpl(SegmentedRaftLog.java:409)
	at org.apache.ratis.server.raftlog.RaftLogBase.lambda$appendEntry$10(RaftLogBase.java:330)
	at org.apache.ratis.server.raftlog.RaftLogSequentialOps$Runner.runSequentially(RaftLogSequentialOps.java:78)
	at org.apache.ratis.server.raftlog.RaftLogBase.appendEntry(RaftLogBase.java:330)
	at org.apache.ratis.server.raftlog.segmented.SegmentedRaftLog.appendImpl(SegmentedRaftLog.java:456)
	at org.apache.ratis.server.raftlog.RaftLogBase.lambda$append$11(RaftLogBase.java:337)
	at org.apache.ratis.server.raftlog.RaftLogSequentialOps$Runner.runSequentially(RaftLogSequentialOps.java:69)
	at org.apache.ratis.server.raftlog.RaftLogBase.append(RaftLogBase.java:337)
	at org.apache.ratis.server.impl.RaftServerImpl.appendEntriesAsync(RaftServerImpl.java:1528)
	at org.apache.ratis.server.impl.RaftServerImpl.appendEntriesAsync(RaftServerImpl.java:1396)
	at org.apache.ratis.server.impl.RaftServerProxy.lambda$appendEntriesAsync$26(RaftServerProxy.java:639)
	at org.apache.ratis.util.JavaUtils.callAsUnchecked(JavaUtils.java:117)
	at org.apache.ratis.server.impl.RaftServerImpl.lambda$executeSubmitServerRequestAsync$11(RaftServerImpl.java:818)
	at java.base/java.util.concurrent.CompletableFuture$AsyncSupply.run(CompletableFuture.java:1700)
	... 3 more
2023-02-23 08:46:01,985 [grpc-default-executor-6] INFO  leader.FollowerInfo (FollowerInfoImpl.java:lambda$new$0(52)) - s1@group-D5CC796A79A9->s0: nextIndex: updateUnconditionally 109 -> 108
2023-02-23 08:46:07,956 [timer4] WARN  grpc.GrpcUtil (GrpcUtil.java:shutdownManagedChannel(223)) - Timed out gracefully shutting down connection: ManagedChannelOrphanWrapper{delegate=ManagedChannelImpl{logId=543, target=localhost:43155}}. 
2023-02-23 08:46:10,027 [Timer-2] INFO  impl.MiniRaftCluster (MiniRaftCluster.java:lambda$start$6(349)) - TIMED-PRINT: printing ALL groups
  s0:  RUNNING  FOLLOWER s0@group-D5CC796A79A9:t5, leader=s1, voted=s1, raftlog=Memoized:s0@group-D5CC796A79A9-SegmentedRaftLog:OPENED:c106, conf=105: peers:[s0|rpc:localhost:44609|admin:localhost:43339|client:localhost:35167|dataStream:localhost:45017|priority:0|startupRole:FOLLOWER, s1|rpc:localhost:46005|admin:localhost:39871|client:localhost:43155|dataStream:localhost:44881|priority:0|startupRole:FOLLOWER, s2|rpc:localhost:40131|admin:localhost:41173|client:localhost:45441|dataStream:localhost:41833|priority:0|startupRole:FOLLOWER]|listeners:[], old=null RUNNING
  s1:  RUNNING    LEADER s1@group-D5CC796A79A9:t5, leader=s1, voted=s1, raftlog=Memoized:s1@group-D5CC796A79A9-SegmentedRaftLog:OPENED:c106, conf=105: peers:[s0|rpc:localhost:44609|admin:localhost:43339|client:localhost:35167|dataStream:localhost:45017|priority:0|startupRole:FOLLOWER, s1|rpc:localhost:46005|admin:localhost:39871|client:localhost:43155|dataStream:localhost:44881|priority:0|startupRole:FOLLOWER, s2|rpc:localhost:40131|admin:localhost:41173|client:localhost:45441|dataStream:localhost:41833|priority:0|startupRole:FOLLOWER]|listeners:[], old=null RUNNING
  s2:  RUNNING  FOLLOWER s2@group-D5CC796A79A9:t5, leader=s1, voted=s1, raftlog=Memoized:s2@group-D5CC796A79A9-SegmentedRaftLog:OPENED:c106, conf=105: peers:[s0|rpc:localhost:44609|admin:localhost:43339|client:localhost:35167|dataStream:localhost:45017|priority:0|startupRole:FOLLOWER, s1|rpc:localhost:46005|admin:localhost:39871|client:localhost:43155|dataStream:localhost:44881|priority:0|startupRole:FOLLOWER, s2|rpc:localhost:40131|admin:localhost:41173|client:localhost:45441|dataStream:localhost:41833|priority:0|startupRole:FOLLOWER]|listeners:[], old=null RUNNING
2023-02-23 08:46:14,073 [timer2] WARN  grpc.GrpcUtil (GrpcUtil.java:shutdownManagedChannel(223)) - Timed out gracefully shutting down connection: ManagedChannelOrphanWrapper{delegate=ManagedChannelImpl{logId=557, target=localhost:43155}}. 
2023-02-23 08:46:20,028 [Timer-2] INFO  impl.MiniRaftCluster (MiniRaftCluster.java:lambda$start$6(349)) - TIMED-PRINT: printing ALL groups
  s0:  RUNNING  FOLLOWER s0@group-D5CC796A79A9:t5, leader=s1, voted=s1, raftlog=Memoized:s0@group-D5CC796A79A9-SegmentedRaftLog:OPENED:c106, conf=105: peers:[s0|rpc:localhost:44609|admin:localhost:43339|client:localhost:35167|dataStream:localhost:45017|priority:0|startupRole:FOLLOWER, s1|rpc:localhost:46005|admin:localhost:39871|client:localhost:43155|dataStream:localhost:44881|priority:0|startupRole:FOLLOWER, s2|rpc:localhost:40131|admin:localhost:41173|client:localhost:45441|dataStream:localhost:41833|priority:0|startupRole:FOLLOWER]|listeners:[], old=null RUNNING
  s1:  RUNNING    LEADER s1@group-D5CC796A79A9:t5, leader=s1, voted=s1, raftlog=Memoized:s1@group-D5CC796A79A9-SegmentedRaftLog:OPENED:c106, conf=105: peers:[s0|rpc:localhost:44609|admin:localhost:43339|client:localhost:35167|dataStream:localhost:45017|priority:0|startupRole:FOLLOWER, s1|rpc:localhost:46005|admin:localhost:39871|client:localhost:43155|dataStream:localhost:44881|priority:0|startupRole:FOLLOWER, s2|rpc:localhost:40131|admin:localhost:41173|client:localhost:45441|dataStream:localhost:41833|priority:0|startupRole:FOLLOWER]|listeners:[], old=null RUNNING
  s2:  RUNNING  FOLLOWER s2@group-D5CC796A79A9:t5, leader=s1, voted=s1, raftlog=Memoized:s2@group-D5CC796A79A9-SegmentedRaftLog:OPENED:c106, conf=105: peers:[s0|rpc:localhost:44609|admin:localhost:43339|client:localhost:35167|dataStream:localhost:45017|priority:0|startupRole:FOLLOWER, s1|rpc:localhost:46005|admin:localhost:39871|client:localhost:43155|dataStream:localhost:44881|priority:0|startupRole:FOLLOWER, s2|rpc:localhost:40131|admin:localhost:41173|client:localhost:45441|dataStream:localhost:41833|priority:0|startupRole:FOLLOWER]|listeners:[], old=null RUNNING
2023-02-23 08:46:20,191 [timer5] WARN  grpc.GrpcUtil (GrpcUtil.java:shutdownManagedChannel(223)) - Timed out gracefully shutting down connection: ManagedChannelOrphanWrapper{delegate=ManagedChannelImpl{logId=571, target=localhost:43155}}. 
2023-02-23 08:46:26,307 [timer4] WARN  grpc.GrpcUtil (GrpcUtil.java:shutdownManagedChannel(223)) - Timed out gracefully shutting down connection: ManagedChannelOrphanWrapper{delegate=ManagedChannelImpl{logId=585, target=localhost:43155}}. 
2023-02-23 08:46:30,028 [Timer-2] INFO  impl.MiniRaftCluster (MiniRaftCluster.java:lambda$start$6(349)) - TIMED-PRINT: printing ALL groups
  s0:  RUNNING  FOLLOWER s0@group-D5CC796A79A9:t5, leader=s1, voted=s1, raftlog=Memoized:s0@group-D5CC796A79A9-SegmentedRaftLog:OPENED:c106, conf=105: peers:[s0|rpc:localhost:44609|admin:localhost:43339|client:localhost:35167|dataStream:localhost:45017|priority:0|startupRole:FOLLOWER, s1|rpc:localhost:46005|admin:localhost:39871|client:localhost:43155|dataStream:localhost:44881|priority:0|startupRole:FOLLOWER, s2|rpc:localhost:40131|admin:localhost:41173|client:localhost:45441|dataStream:localhost:41833|priority:0|startupRole:FOLLOWER]|listeners:[], old=null RUNNING
  s1:  RUNNING    LEADER s1@group-D5CC796A79A9:t5, leader=s1, voted=s1, raftlog=Memoized:s1@group-D5CC796A79A9-SegmentedRaftLog:OPENED:c106, conf=105: peers:[s0|rpc:localhost:44609|admin:localhost:43339|client:localhost:35167|dataStream:localhost:45017|priority:0|startupRole:FOLLOWER, s1|rpc:localhost:46005|admin:localhost:39871|client:localhost:43155|dataStream:localhost:44881|priority:0|startupRole:FOLLOWER, s2|rpc:localhost:40131|admin:localhost:41173|client:localhost:45441|dataStream:localhost:41833|priority:0|startupRole:FOLLOWER]|listeners:[], old=null RUNNING
  s2:  RUNNING  FOLLOWER s2@group-D5CC796A79A9:t5, leader=s1, voted=s1, raftlog=Memoized:s2@group-D5CC796A79A9-SegmentedRaftLog:OPENED:c106, conf=105: peers:[s0|rpc:localhost:44609|admin:localhost:43339|client:localhost:35167|dataStream:localhost:45017|priority:0|startupRole:FOLLOWER, s1|rpc:localhost:46005|admin:localhost:39871|client:localhost:43155|dataStream:localhost:44881|priority:0|startupRole:FOLLOWER, s2|rpc:localhost:40131|admin:localhost:41173|client:localhost:45441|dataStream:localhost:41833|priority:0|startupRole:FOLLOWER]|listeners:[], old=null RUNNING
2023-02-23 08:46:32,421 [timer3] WARN  grpc.GrpcUtil (GrpcUtil.java:shutdownManagedChannel(223)) - Timed out gracefully shutting down connection: ManagedChannelOrphanWrapper{delegate=ManagedChannelImpl{logId=599, target=localhost:43155}}. 
2023-02-23 08:46:38,538 [timer6] WARN  grpc.GrpcUtil (GrpcUtil.java:shutdownManagedChannel(223)) - Timed out gracefully shutting down connection: ManagedChannelOrphanWrapper{delegate=ManagedChannelImpl{logId=613, target=localhost:43155}}. 
2023-02-23 08:46:40,028 [Timer-2] INFO  impl.MiniRaftCluster (MiniRaftCluster.java:lambda$start$6(349)) - TIMED-PRINT: printing ALL groups
  s0:  RUNNING  FOLLOWER s0@group-D5CC796A79A9:t5, leader=s1, voted=s1, raftlog=Memoized:s0@group-D5CC796A79A9-SegmentedRaftLog:OPENED:c106, conf=105: peers:[s0|rpc:localhost:44609|admin:localhost:43339|client:localhost:35167|dataStream:localhost:45017|priority:0|startupRole:FOLLOWER, s1|rpc:localhost:46005|admin:localhost:39871|client:localhost:43155|dataStream:localhost:44881|priority:0|startupRole:FOLLOWER, s2|rpc:localhost:40131|admin:localhost:41173|client:localhost:45441|dataStream:localhost:41833|priority:0|startupRole:FOLLOWER]|listeners:[], old=null RUNNING
  s1:  RUNNING    LEADER s1@group-D5CC796A79A9:t5, leader=s1, voted=s1, raftlog=Memoized:s1@group-D5CC796A79A9-SegmentedRaftLog:OPENED:c106, conf=105: peers:[s0|rpc:localhost:44609|admin:localhost:43339|client:localhost:35167|dataStream:localhost:45017|priority:0|startupRole:FOLLOWER, s1|rpc:localhost:46005|admin:localhost:39871|client:localhost:43155|dataStream:localhost:44881|priority:0|startupRole:FOLLOWER, s2|rpc:localhost:40131|admin:localhost:41173|client:localhost:45441|dataStream:localhost:41833|priority:0|startupRole:FOLLOWER]|listeners:[], old=null RUNNING
  s2:  RUNNING  FOLLOWER s2@group-D5CC796A79A9:t5, leader=s1, voted=s1, raftlog=Memoized:s2@group-D5CC796A79A9-SegmentedRaftLog:OPENED:c106, conf=105: peers:[s0|rpc:localhost:44609|admin:localhost:43339|client:localhost:35167|dataStream:localhost:45017|priority:0|startupRole:FOLLOWER, s1|rpc:localhost:46005|admin:localhost:39871|client:localhost:43155|dataStream:localhost:44881|priority:0|startupRole:FOLLOWER, s2|rpc:localhost:40131|admin:localhost:41173|client:localhost:45441|dataStream:localhost:41833|priority:0|startupRole:FOLLOWER]|listeners:[], old=null RUNNING
2023-02-23 08:46:44,656 [timer2] WARN  grpc.GrpcUtil (GrpcUtil.java:shutdownManagedChannel(223)) - Timed out gracefully shutting down connection: ManagedChannelOrphanWrapper{delegate=ManagedChannelImpl{logId=627, target=localhost:43155}}. 
2023-02-23 08:46:50,029 [Timer-2] INFO  impl.MiniRaftCluster (MiniRaftCluster.java:lambda$start$6(349)) - TIMED-PRINT: printing ALL groups
  s0:  RUNNING  FOLLOWER s0@group-D5CC796A79A9:t5, leader=s1, voted=s1, raftlog=Memoized:s0@group-D5CC796A79A9-SegmentedRaftLog:OPENED:c106, conf=105: peers:[s0|rpc:localhost:44609|admin:localhost:43339|client:localhost:35167|dataStream:localhost:45017|priority:0|startupRole:FOLLOWER, s1|rpc:localhost:46005|admin:localhost:39871|client:localhost:43155|dataStream:localhost:44881|priority:0|startupRole:FOLLOWER, s2|rpc:localhost:40131|admin:localhost:41173|client:localhost:45441|dataStream:localhost:41833|priority:0|startupRole:FOLLOWER]|listeners:[], old=null RUNNING
  s1:  RUNNING    LEADER s1@group-D5CC796A79A9:t5, leader=s1, voted=s1, raftlog=Memoized:s1@group-D5CC796A79A9-SegmentedRaftLog:OPENED:c106, conf=105: peers:[s0|rpc:localhost:44609|admin:localhost:43339|client:localhost:35167|dataStream:localhost:45017|priority:0|startupRole:FOLLOWER, s1|rpc:localhost:46005|admin:localhost:39871|client:localhost:43155|dataStream:localhost:44881|priority:0|startupRole:FOLLOWER, s2|rpc:localhost:40131|admin:localhost:41173|client:localhost:45441|dataStream:localhost:41833|priority:0|startupRole:FOLLOWER]|listeners:[], old=null RUNNING
  s2:  RUNNING  FOLLOWER s2@group-D5CC796A79A9:t5, leader=s1, voted=s1, raftlog=Memoized:s2@group-D5CC796A79A9-SegmentedRaftLog:OPENED:c106, conf=105: peers:[s0|rpc:localhost:44609|admin:localhost:43339|client:localhost:35167|dataStream:localhost:45017|priority:0|startupRole:FOLLOWER, s1|rpc:localhost:46005|admin:localhost:39871|client:localhost:43155|dataStream:localhost:44881|priority:0|startupRole:FOLLOWER, s2|rpc:localhost:40131|admin:localhost:41173|client:localhost:45441|dataStream:localhost:41833|priority:0|startupRole:FOLLOWER]|listeners:[], old=null RUNNING
2023-02-23 08:46:50,779 [timer4] WARN  grpc.GrpcUtil (GrpcUtil.java:shutdownManagedChannel(223)) - Timed out gracefully shutting down connection: ManagedChannelOrphanWrapper{delegate=ManagedChannelImpl{logId=641, target=localhost:43155}}. 
2023-02-23 08:46:56,903 [timer1] WARN  grpc.GrpcUtil (GrpcUtil.java:shutdownManagedChannel(223)) - Timed out gracefully shutting down connection: ManagedChannelOrphanWrapper{delegate=ManagedChannelImpl{logId=655, target=localhost:43155}}. 
2023-02-23 08:47:00,028 [Timer-2] INFO  impl.MiniRaftCluster (MiniRaftCluster.java:lambda$start$6(349)) - TIMED-PRINT: printing ALL groups
  s0:  RUNNING  FOLLOWER s0@group-D5CC796A79A9:t5, leader=s1, voted=s1, raftlog=Memoized:s0@group-D5CC796A79A9-SegmentedRaftLog:OPENED:c106, conf=105: peers:[s0|rpc:localhost:44609|admin:localhost:43339|client:localhost:35167|dataStream:localhost:45017|priority:0|startupRole:FOLLOWER, s1|rpc:localhost:46005|admin:localhost:39871|client:localhost:43155|dataStream:localhost:44881|priority:0|startupRole:FOLLOWER, s2|rpc:localhost:40131|admin:localhost:41173|client:localhost:45441|dataStream:localhost:41833|priority:0|startupRole:FOLLOWER]|listeners:[], old=null RUNNING
  s1:  RUNNING    LEADER s1@group-D5CC796A79A9:t5, leader=s1, voted=s1, raftlog=Memoized:s1@group-D5CC796A79A9-SegmentedRaftLog:OPENED:c106, conf=105: peers:[s0|rpc:localhost:44609|admin:localhost:43339|client:localhost:35167|dataStream:localhost:45017|priority:0|startupRole:FOLLOWER, s1|rpc:localhost:46005|admin:localhost:39871|client:localhost:43155|dataStream:localhost:44881|priority:0|startupRole:FOLLOWER, s2|rpc:localhost:40131|admin:localhost:41173|client:localhost:45441|dataStream:localhost:41833|priority:0|startupRole:FOLLOWER]|listeners:[], old=null RUNNING
  s2:  RUNNING  FOLLOWER s2@group-D5CC796A79A9:t5, leader=s1, voted=s1, raftlog=Memoized:s2@group-D5CC796A79A9-SegmentedRaftLog:OPENED:c106, conf=105: peers:[s0|rpc:localhost:44609|admin:localhost:43339|client:localhost:35167|dataStream:localhost:45017|priority:0|startupRole:FOLLOWER, s1|rpc:localhost:46005|admin:localhost:39871|client:localhost:43155|dataStream:localhost:44881|priority:0|startupRole:FOLLOWER, s2|rpc:localhost:40131|admin:localhost:41173|client:localhost:45441|dataStream:localhost:41833|priority:0|startupRole:FOLLOWER]|listeners:[], old=null RUNNING
2023-02-23 08:47:03,021 [timer2] WARN  grpc.GrpcUtil (GrpcUtil.java:shutdownManagedChannel(223)) - Timed out gracefully shutting down connection: ManagedChannelOrphanWrapper{delegate=ManagedChannelImpl{logId=669, target=localhost:43155}}. 
2023-02-23 08:47:03,138 [s1-client-thread1] INFO  statemachine.StateMachine (DataStreamTestUtils.java:link(157)) - link null
2023-02-23 08:47:03,139 [s2-server-thread1] INFO  statemachine.StateMachine (DataStreamTestUtils.java:link(157)) - link null
2023-02-23 08:47:03,140 [s0-server-thread4] INFO  statemachine.StateMachine (DataStreamTestUtils.java:link(157)) - link null
2023-02-23 08:47:03,141 [grpc-default-executor-6] WARN  server.GrpcServerProtocolService (LogUtils.java:warn(124)) - s0: Failed APPEND_ENTRIES request s1->s0#1625-t5,previous=(t:5, i:108),leaderCommit=106,initializing? true,entries: size=1, first=(t:5, i:109), STATEMACHINELOGENTRY, 426@client-AFE3C13319D4
java.util.concurrent.CompletionException: org.apache.ratis.server.raftlog.RaftLogIOException: Log already failed at index 107 for task WriteLog:107: (t:5, i:107), STATEMACHINELOGENTRY, StateMachineLogEntryProto:426@client-AFE3C13319D4
	at java.base/java.util.concurrent.CompletableFuture.encodeThrowable(CompletableFuture.java:331)
	at java.base/java.util.concurrent.CompletableFuture.completeThrowable(CompletableFuture.java:346)
	at java.base/java.util.concurrent.CompletableFuture$BiRelay.tryFire(CompletableFuture.java:1423)
	at java.base/java.util.concurrent.CompletableFuture$CoCompletion.tryFire(CompletableFuture.java:1144)
	at java.base/java.util.concurrent.CompletableFuture.postComplete(CompletableFuture.java:506)
	at java.base/java.util.concurrent.CompletableFuture.completeExceptionally(CompletableFuture.java:2088)
	at org.apache.ratis.server.raftlog.segmented.SegmentedRaftLog$Task.failed(SegmentedRaftLog.java:105)
	at org.apache.ratis.server.raftlog.segmented.SegmentedRaftLogWorker$WriteLog.failed(SegmentedRaftLogWorker.java:514)
	at org.apache.ratis.server.raftlog.segmented.SegmentedRaftLogWorker.run(SegmentedRaftLogWorker.java:312)
	at java.base/java.util.concurrent.Executors$RunnableAdapter.call(Executors.java:515)
	at java.base/java.util.concurrent.FutureTask.run(FutureTask.java:264)
	at java.base/java.util.concurrent.ThreadPoolExecutor.runWorker(ThreadPoolExecutor.java:1128)
	at java.base/java.util.concurrent.ThreadPoolExecutor$Worker.run(ThreadPoolExecutor.java:628)
	at java.base/java.lang.Thread.run(Thread.java:829)
Caused by: org.apache.ratis.server.raftlog.RaftLogIOException: Log already failed at index 107 for task WriteLog:107: (t:5, i:107), STATEMACHINELOGENTRY, StateMachineLogEntryProto:426@client-AFE3C13319D4
	at org.apache.ratis.server.raftlog.segmented.SegmentedRaftLogWorker.run(SegmentedRaftLogWorker.java:315)
	... 5 more
Caused by: java.io.IOException: java.lang.IllegalStateException: Null stream: entry=term: 5
index: 107
stateMachineLogEntry {
  type: DATASTREAM
  clientId: "hg\313\375(\352N\363\225\245\257\343\3013\031\324"
  callId: 426
}

	at org.apache.ratis.util.IOUtils.asIOException(IOUtils.java:56)
	at org.apache.ratis.util.IOUtils.toIOException(IOUtils.java:61)
	at org.apache.ratis.util.IOUtils.getFromFuture(IOUtils.java:85)
	at org.apache.ratis.server.raftlog.segmented.SegmentedRaftLogWorker$StateMachineDataPolicy.getFromFuture(SegmentedRaftLogWorker.java:88)
	at org.apache.ratis.server.raftlog.segmented.SegmentedRaftLogWorker$WriteLog.execute(SegmentedRaftLogWorker.java:535)
	at org.apache.ratis.server.raftlog.segmented.SegmentedRaftLogWorker.run(SegmentedRaftLogWorker.java:303)
	... 5 more
Caused by: java.lang.IllegalStateException: Null stream: entry=term: 5
index: 107
stateMachineLogEntry {
  type: DATASTREAM
  clientId: "hg\313\375(\352N\363\225\245\257\343\3013\031\324"
  callId: 426
}

	at org.apache.ratis.datastream.DataStreamTestUtils$MultiDataStreamStateMachine.link(DataStreamTestUtils.java:159)
	at org.apache.ratis.server.raftlog.segmented.SegmentedRaftLogWorker$WriteLog.<init>(SegmentedRaftLogWorker.java:492)
	at org.apache.ratis.server.raftlog.segmented.SegmentedRaftLogWorker.writeLogEntry(SegmentedRaftLogWorker.java:438)
	at org.apache.ratis.server.raftlog.segmented.SegmentedRaftLog.appendEntryImpl(SegmentedRaftLog.java:409)
	at org.apache.ratis.server.raftlog.RaftLogBase.lambda$appendEntry$10(RaftLogBase.java:330)
	at org.apache.ratis.server.raftlog.RaftLogSequentialOps$Runner.runSequentially(RaftLogSequentialOps.java:78)
	at org.apache.ratis.server.raftlog.RaftLogBase.appendEntry(RaftLogBase.java:330)
	at org.apache.ratis.server.raftlog.segmented.SegmentedRaftLog.appendImpl(SegmentedRaftLog.java:456)
	at org.apache.ratis.server.raftlog.RaftLogBase.lambda$append$11(RaftLogBase.java:337)
	at org.apache.ratis.server.raftlog.RaftLogSequentialOps$Runner.runSequentially(RaftLogSequentialOps.java:69)
	at org.apache.ratis.server.raftlog.RaftLogBase.append(RaftLogBase.java:337)
	at org.apache.ratis.server.impl.RaftServerImpl.appendEntriesAsync(RaftServerImpl.java:1528)
	at org.apache.ratis.server.impl.RaftServerImpl.appendEntriesAsync(RaftServerImpl.java:1396)
	at org.apache.ratis.server.impl.RaftServerProxy.lambda$appendEntriesAsync$26(RaftServerProxy.java:639)
	at org.apache.ratis.util.JavaUtils.callAsUnchecked(JavaUtils.java:117)
	at org.apache.ratis.server.impl.RaftServerImpl.lambda$executeSubmitServerRequestAsync$11(RaftServerImpl.java:818)
	at java.base/java.util.concurrent.CompletableFuture$AsyncSupply.run(CompletableFuture.java:1700)
	... 3 more
2023-02-23 08:47:03,145 [grpc-default-executor-5] WARN  server.GrpcServerProtocolService (LogUtils.java:warn(124)) - s2: Failed APPEND_ENTRIES request s1->s2#1623-t5,previous=(t:5, i:108),leaderCommit=106,initializing? true,entries: size=1, first=(t:5, i:109), STATEMACHINELOGENTRY, 426@client-AFE3C13319D4
java.util.concurrent.CompletionException: org.apache.ratis.server.raftlog.RaftLogIOException: Log already failed at index 107 for task WriteLog:107: (t:5, i:107), STATEMACHINELOGENTRY, StateMachineLogEntryProto:426@client-AFE3C13319D4
	at java.base/java.util.concurrent.CompletableFuture.encodeThrowable(CompletableFuture.java:331)
	at java.base/java.util.concurrent.CompletableFuture.completeThrowable(CompletableFuture.java:346)
	at java.base/java.util.concurrent.CompletableFuture$BiRelay.tryFire(CompletableFuture.java:1423)
	at java.base/java.util.concurrent.CompletableFuture$CoCompletion.tryFire(CompletableFuture.java:1144)
	at java.base/java.util.concurrent.CompletableFuture.postComplete(CompletableFuture.java:506)
	at java.base/java.util.concurrent.CompletableFuture.completeExceptionally(CompletableFuture.java:2088)
	at org.apache.ratis.server.raftlog.segmented.SegmentedRaftLog$Task.failed(SegmentedRaftLog.java:105)
	at org.apache.ratis.server.raftlog.segmented.SegmentedRaftLogWorker$WriteLog.failed(SegmentedRaftLogWorker.java:514)
	at org.apache.ratis.server.raftlog.segmented.SegmentedRaftLogWorker.run(SegmentedRaftLogWorker.java:312)
	at java.base/java.util.concurrent.Executors$RunnableAdapter.call(Executors.java:515)
	at java.base/java.util.concurrent.FutureTask.run(FutureTask.java:264)
	at java.base/java.util.concurrent.ThreadPoolExecutor.runWorker(ThreadPoolExecutor.java:1128)
	at java.base/java.util.concurrent.ThreadPoolExecutor$Worker.run(ThreadPoolExecutor.java:628)
	at java.base/java.lang.Thread.run(Thread.java:829)
Caused by: org.apache.ratis.server.raftlog.RaftLogIOException: Log already failed at index 107 for task WriteLog:107: (t:5, i:107), STATEMACHINELOGENTRY, StateMachineLogEntryProto:426@client-AFE3C13319D4
	at org.apache.ratis.server.raftlog.segmented.SegmentedRaftLogWorker.run(SegmentedRaftLogWorker.java:315)
	... 5 more
Caused by: java.io.IOException: java.lang.IllegalStateException: Null stream: entry=term: 5
index: 107
stateMachineLogEntry {
  type: DATASTREAM
  clientId: "hg\313\375(\352N\363\225\245\257\343\3013\031\324"
  callId: 426
}

	at org.apache.ratis.util.IOUtils.asIOException(IOUtils.java:56)
	at org.apache.ratis.util.IOUtils.toIOException(IOUtils.java:61)
	at org.apache.ratis.util.IOUtils.getFromFuture(IOUtils.java:85)
	at org.apache.ratis.server.raftlog.segmented.SegmentedRaftLogWorker$StateMachineDataPolicy.getFromFuture(SegmentedRaftLogWorker.java:88)
	at org.apache.ratis.server.raftlog.segmented.SegmentedRaftLogWorker$WriteLog.execute(SegmentedRaftLogWorker.java:535)
	at org.apache.ratis.server.raftlog.segmented.SegmentedRaftLogWorker.run(SegmentedRaftLogWorker.java:303)
	... 5 more
Caused by: java.lang.IllegalStateException: Null stream: entry=term: 5
index: 107
stateMachineLogEntry {
  type: DATASTREAM
  clientId: "hg\313\375(\352N\363\225\245\257\343\3013\031\324"
  callId: 426
}

	at org.apache.ratis.datastream.DataStreamTestUtils$MultiDataStreamStateMachine.link(DataStreamTestUtils.java:159)
	at org.apache.ratis.server.raftlog.segmented.SegmentedRaftLogWorker$WriteLog.<init>(SegmentedRaftLogWorker.java:492)
	at org.apache.ratis.server.raftlog.segmented.SegmentedRaftLogWorker.writeLogEntry(SegmentedRaftLogWorker.java:438)
	at org.apache.ratis.server.raftlog.segmented.SegmentedRaftLog.appendEntryImpl(SegmentedRaftLog.java:409)
	at org.apache.ratis.server.raftlog.RaftLogBase.lambda$appendEntry$10(RaftLogBase.java:330)
	at org.apache.ratis.server.raftlog.RaftLogSequentialOps$Runner.runSequentially(RaftLogSequentialOps.java:78)
	at org.apache.ratis.server.raftlog.RaftLogBase.appendEntry(RaftLogBase.java:330)
	at org.apache.ratis.server.raftlog.segmented.SegmentedRaftLog.appendImpl(SegmentedRaftLog.java:456)
	at org.apache.ratis.server.raftlog.RaftLogBase.lambda$append$11(RaftLogBase.java:337)
	at org.apache.ratis.server.raftlog.RaftLogSequentialOps$Runner.runSequentially(RaftLogSequentialOps.java:69)
	at org.apache.ratis.server.raftlog.RaftLogBase.append(RaftLogBase.java:337)
	at org.apache.ratis.server.impl.RaftServerImpl.appendEntriesAsync(RaftServerImpl.java:1528)
	at org.apache.ratis.server.impl.RaftServerImpl.appendEntriesAsync(RaftServerImpl.java:1396)
	at org.apache.ratis.server.impl.RaftServerProxy.lambda$appendEntriesAsync$26(RaftServerProxy.java:639)
	at org.apache.ratis.util.JavaUtils.callAsUnchecked(JavaUtils.java:117)
	at org.apache.ratis.server.impl.RaftServerImpl.lambda$executeSubmitServerRequestAsync$11(RaftServerImpl.java:818)
	at java.base/java.util.concurrent.CompletableFuture$AsyncSupply.run(CompletableFuture.java:1700)
	... 3 more
2023-02-23 08:47:03,155 [grpc-default-executor-5] WARN  server.GrpcLogAppender (LogUtils.java:warn(124)) - s1@group-D5CC796A79A9->s0-AppendLogResponseHandler: Failed appendEntries
org.apache.ratis.server.raftlog.RaftLogIOException: Log already failed at index 107 for task WriteLog:107: (t:5, i:107), STATEMACHINELOGENTRY, StateMachineLogEntryProto:426@client-AFE3C13319D4
	at org.apache.ratis.server.raftlog.segmented.SegmentedRaftLogWorker.run(SegmentedRaftLogWorker.java:315)
	at java.base/java.util.concurrent.Executors$RunnableAdapter.call(Executors.java:515)
	at java.base/java.util.concurrent.FutureTask.run(FutureTask.java:264)
	at java.base/java.util.concurrent.ThreadPoolExecutor.runWorker(ThreadPoolExecutor.java:1128)
	at java.base/java.util.concurrent.ThreadPoolExecutor$Worker.run(ThreadPoolExecutor.java:628)
	at java.base/java.lang.Thread.run(Thread.java:829)
Caused by: java.io.IOException: java.lang.IllegalStateException: Null stream: entry=term: 5
index: 107
stateMachineLogEntry {
  type: DATASTREAM
  clientId: "hg\313\375(\352N\363\225\245\257\343\3013\031\324"
  callId: 426
}

	at org.apache.ratis.util.IOUtils.asIOException(IOUtils.java:56)
	at org.apache.ratis.util.IOUtils.toIOException(IOUtils.java:61)
	at org.apache.ratis.util.IOUtils.getFromFuture(IOUtils.java:85)
	at org.apache.ratis.server.raftlog.segmented.SegmentedRaftLogWorker$StateMachineDataPolicy.getFromFuture(SegmentedRaftLogWorker.java:88)
	at org.apache.ratis.server.raftlog.segmented.SegmentedRaftLogWorker$WriteLog.execute(SegmentedRaftLogWorker.java:535)
	at org.apache.ratis.server.raftlog.segmented.SegmentedRaftLogWorker.run(SegmentedRaftLogWorker.java:303)
	... 5 more
Caused by: java.lang.IllegalStateException: Null stream: entry=term: 5
index: 107
stateMachineLogEntry {
  type: DATASTREAM
  clientId: "hg\313\375(\352N\363\225\245\257\343\3013\031\324"
  callId: 426
}

	at org.apache.ratis.datastream.DataStreamTestUtils$MultiDataStreamStateMachine.link(DataStreamTestUtils.java:159)
	at org.apache.ratis.server.raftlog.segmented.SegmentedRaftLogWorker$WriteLog.<init>(SegmentedRaftLogWorker.java:492)
	at org.apache.ratis.server.raftlog.segmented.SegmentedRaftLogWorker.writeLogEntry(SegmentedRaftLogWorker.java:438)
	at org.apache.ratis.server.raftlog.segmented.SegmentedRaftLog.appendEntryImpl(SegmentedRaftLog.java:409)
	at org.apache.ratis.server.raftlog.RaftLogBase.lambda$appendEntry$10(RaftLogBase.java:330)
	at org.apache.ratis.server.raftlog.RaftLogSequentialOps$Runner.runSequentially(RaftLogSequentialOps.java:78)
	at org.apache.ratis.server.raftlog.RaftLogBase.appendEntry(RaftLogBase.java:330)
	at org.apache.ratis.server.raftlog.segmented.SegmentedRaftLog.appendImpl(SegmentedRaftLog.java:456)
	at org.apache.ratis.server.raftlog.RaftLogBase.lambda$append$11(RaftLogBase.java:337)
	at org.apache.ratis.server.raftlog.RaftLogSequentialOps$Runner.runSequentially(RaftLogSequentialOps.java:69)
	at org.apache.ratis.server.raftlog.RaftLogBase.append(RaftLogBase.java:337)
	at org.apache.ratis.server.impl.RaftServerImpl.appendEntriesAsync(RaftServerImpl.java:1528)
	at org.apache.ratis.server.impl.RaftServerImpl.appendEntriesAsync(RaftServerImpl.java:1396)
	at org.apache.ratis.server.impl.RaftServerProxy.lambda$appendEntriesAsync$26(RaftServerProxy.java:639)
	at org.apache.ratis.util.JavaUtils.callAsUnchecked(JavaUtils.java:117)
	at org.apache.ratis.server.impl.RaftServerImpl.lambda$executeSubmitServerRequestAsync$11(RaftServerImpl.java:818)
	at java.base/java.util.concurrent.CompletableFuture$AsyncSupply.run(CompletableFuture.java:1700)
	... 3 more
2023-02-23 08:47:03,156 [grpc-default-executor-6] WARN  server.GrpcLogAppender (LogUtils.java:warn(124)) - s1@group-D5CC796A79A9->s2-AppendLogResponseHandler: Failed appendEntries
org.apache.ratis.server.raftlog.RaftLogIOException: Log already failed at index 107 for task WriteLog:107: (t:5, i:107), STATEMACHINELOGENTRY, StateMachineLogEntryProto:426@client-AFE3C13319D4
	at org.apache.ratis.server.raftlog.segmented.SegmentedRaftLogWorker.run(SegmentedRaftLogWorker.java:315)
	at java.base/java.util.concurrent.Executors$RunnableAdapter.call(Executors.java:515)
	at java.base/java.util.concurrent.FutureTask.run(FutureTask.java:264)
	at java.base/java.util.concurrent.ThreadPoolExecutor.runWorker(ThreadPoolExecutor.java:1128)
	at java.base/java.util.concurrent.ThreadPoolExecutor$Worker.run(ThreadPoolExecutor.java:628)
	at java.base/java.lang.Thread.run(Thread.java:829)
Caused by: java.io.IOException: java.lang.IllegalStateException: Null stream: entry=term: 5
index: 107
stateMachineLogEntry {
  type: DATASTREAM
  clientId: "hg\313\375(\352N\363\225\245\257\343\3013\031\324"
  callId: 426
}

	at org.apache.ratis.util.IOUtils.asIOException(IOUtils.java:56)
	at org.apache.ratis.util.IOUtils.toIOException(IOUtils.java:61)
	at org.apache.ratis.util.IOUtils.getFromFuture(IOUtils.java:85)
	at org.apache.ratis.server.raftlog.segmented.SegmentedRaftLogWorker$StateMachineDataPolicy.getFromFuture(SegmentedRaftLogWorker.java:88)
	at org.apache.ratis.server.raftlog.segmented.SegmentedRaftLogWorker$WriteLog.execute(SegmentedRaftLogWorker.java:535)
	at org.apache.ratis.server.raftlog.segmented.SegmentedRaftLogWorker.run(SegmentedRaftLogWorker.java:303)
	... 5 more
Caused by: java.lang.IllegalStateException: Null stream: entry=term: 5
index: 107
stateMachineLogEntry {
  type: DATASTREAM
  clientId: "hg\313\375(\352N\363\225\245\257\343\3013\031\324"
  callId: 426
}

	at org.apache.ratis.datastream.DataStreamTestUtils$MultiDataStreamStateMachine.link(DataStreamTestUtils.java:159)
	at org.apache.ratis.server.raftlog.segmented.SegmentedRaftLogWorker$WriteLog.<init>(SegmentedRaftLogWorker.java:492)
	at org.apache.ratis.server.raftlog.segmented.SegmentedRaftLogWorker.writeLogEntry(SegmentedRaftLogWorker.java:438)
	at org.apache.ratis.server.raftlog.segmented.SegmentedRaftLog.appendEntryImpl(SegmentedRaftLog.java:409)
	at org.apache.ratis.server.raftlog.RaftLogBase.lambda$appendEntry$10(RaftLogBase.java:330)
	at org.apache.ratis.server.raftlog.RaftLogSequentialOps$Runner.runSequentially(RaftLogSequentialOps.java:78)
	at org.apache.ratis.server.raftlog.RaftLogBase.appendEntry(RaftLogBase.java:330)
	at org.apache.ratis.server.raftlog.segmented.SegmentedRaftLog.appendImpl(SegmentedRaftLog.java:456)
	at org.apache.ratis.server.raftlog.RaftLogBase.lambda$append$11(RaftLogBase.java:337)
	at org.apache.ratis.server.raftlog.RaftLogSequentialOps$Runner.runSequentially(RaftLogSequentialOps.java:69)
	at org.apache.ratis.server.raftlog.RaftLogBase.append(RaftLogBase.java:337)
	at org.apache.ratis.server.impl.RaftServerImpl.appendEntriesAsync(RaftServerImpl.java:1528)
	at org.apache.ratis.server.impl.RaftServerImpl.appendEntriesAsync(RaftServerImpl.java:1396)
	at org.apache.ratis.server.impl.RaftServerProxy.lambda$appendEntriesAsync$26(RaftServerProxy.java:639)
	at org.apache.ratis.util.JavaUtils.callAsUnchecked(JavaUtils.java:117)
	at org.apache.ratis.server.impl.RaftServerImpl.lambda$executeSubmitServerRequestAsync$11(RaftServerImpl.java:818)
	at java.base/java.util.concurrent.CompletableFuture$AsyncSupply.run(CompletableFuture.java:1700)
	... 3 more
2023-02-23 08:47:03,160 [grpc-default-executor-6] INFO  leader.FollowerInfo (FollowerInfoImpl.java:lambda$new$0(52)) - s1@group-D5CC796A79A9->s2: nextIndex: updateUnconditionally 110 -> 109
2023-02-23 08:47:03,161 [grpc-default-executor-5] INFO  leader.FollowerInfo (FollowerInfoImpl.java:lambda$new$0(52)) - s1@group-D5CC796A79A9->s0: nextIndex: updateUnconditionally 110 -> 109
2023-02-23 08:47:09,138 [timer3] WARN  grpc.GrpcUtil (GrpcUtil.java:shutdownManagedChannel(223)) - Timed out gracefully shutting down connection: ManagedChannelOrphanWrapper{delegate=ManagedChannelImpl{logId=683, target=localhost:43155}}. 
2023-02-23 08:47:10,029 [Timer-2] INFO  impl.MiniRaftCluster (MiniRaftCluster.java:lambda$start$6(349)) - TIMED-PRINT: printing ALL groups
  s0:  RUNNING  FOLLOWER s0@group-D5CC796A79A9:t5, leader=s1, voted=s1, raftlog=Memoized:s0@group-D5CC796A79A9-SegmentedRaftLog:OPENED:c106, conf=105: peers:[s0|rpc:localhost:44609|admin:localhost:43339|client:localhost:35167|dataStream:localhost:45017|priority:0|startupRole:FOLLOWER, s1|rpc:localhost:46005|admin:localhost:39871|client:localhost:43155|dataStream:localhost:44881|priority:0|startupRole:FOLLOWER, s2|rpc:localhost:40131|admin:localhost:41173|client:localhost:45441|dataStream:localhost:41833|priority:0|startupRole:FOLLOWER]|listeners:[], old=null RUNNING
  s1:  RUNNING    LEADER s1@group-D5CC796A79A9:t5, leader=s1, voted=s1, raftlog=Memoized:s1@group-D5CC796A79A9-SegmentedRaftLog:OPENED:c106, conf=105: peers:[s0|rpc:localhost:44609|admin:localhost:43339|client:localhost:35167|dataStream:localhost:45017|priority:0|startupRole:FOLLOWER, s1|rpc:localhost:46005|admin:localhost:39871|client:localhost:43155|dataStream:localhost:44881|priority:0|startupRole:FOLLOWER, s2|rpc:localhost:40131|admin:localhost:41173|client:localhost:45441|dataStream:localhost:41833|priority:0|startupRole:FOLLOWER]|listeners:[], old=null RUNNING
  s2:  RUNNING  FOLLOWER s2@group-D5CC796A79A9:t5, leader=s1, voted=s1, raftlog=Memoized:s2@group-D5CC796A79A9-SegmentedRaftLog:OPENED:c106, conf=105: peers:[s0|rpc:localhost:44609|admin:localhost:43339|client:localhost:35167|dataStream:localhost:45017|priority:0|startupRole:FOLLOWER, s1|rpc:localhost:46005|admin:localhost:39871|client:localhost:43155|dataStream:localhost:44881|priority:0|startupRole:FOLLOWER, s2|rpc:localhost:40131|admin:localhost:41173|client:localhost:45441|dataStream:localhost:41833|priority:0|startupRole:FOLLOWER]|listeners:[], old=null RUNNING
2023-02-23 08:47:15,255 [timer1] WARN  grpc.GrpcUtil (GrpcUtil.java:shutdownManagedChannel(223)) - Timed out gracefully shutting down connection: ManagedChannelOrphanWrapper{delegate=ManagedChannelImpl{logId=697, target=localhost:43155}}. 
2023-02-23 08:47:20,028 [Timer-2] INFO  impl.MiniRaftCluster (MiniRaftCluster.java:lambda$start$6(349)) - TIMED-PRINT: printing ALL groups
  s0:  RUNNING  FOLLOWER s0@group-D5CC796A79A9:t5, leader=s1, voted=s1, raftlog=Memoized:s0@group-D5CC796A79A9-SegmentedRaftLog:OPENED:c106, conf=105: peers:[s0|rpc:localhost:44609|admin:localhost:43339|client:localhost:35167|dataStream:localhost:45017|priority:0|startupRole:FOLLOWER, s1|rpc:localhost:46005|admin:localhost:39871|client:localhost:43155|dataStream:localhost:44881|priority:0|startupRole:FOLLOWER, s2|rpc:localhost:40131|admin:localhost:41173|client:localhost:45441|dataStream:localhost:41833|priority:0|startupRole:FOLLOWER]|listeners:[], old=null RUNNING
  s1:  RUNNING    LEADER s1@group-D5CC796A79A9:t5, leader=s1, voted=s1, raftlog=Memoized:s1@group-D5CC796A79A9-SegmentedRaftLog:OPENED:c106, conf=105: peers:[s0|rpc:localhost:44609|admin:localhost:43339|client:localhost:35167|dataStream:localhost:45017|priority:0|startupRole:FOLLOWER, s1|rpc:localhost:46005|admin:localhost:39871|client:localhost:43155|dataStream:localhost:44881|priority:0|startupRole:FOLLOWER, s2|rpc:localhost:40131|admin:localhost:41173|client:localhost:45441|dataStream:localhost:41833|priority:0|startupRole:FOLLOWER]|listeners:[], old=null RUNNING
  s2:  RUNNING  FOLLOWER s2@group-D5CC796A79A9:t5, leader=s1, voted=s1, raftlog=Memoized:s2@group-D5CC796A79A9-SegmentedRaftLog:OPENED:c106, conf=105: peers:[s0|rpc:localhost:44609|admin:localhost:43339|client:localhost:35167|dataStream:localhost:45017|priority:0|startupRole:FOLLOWER, s1|rpc:localhost:46005|admin:localhost:39871|client:localhost:43155|dataStream:localhost:44881|priority:0|startupRole:FOLLOWER, s2|rpc:localhost:40131|admin:localhost:41173|client:localhost:45441|dataStream:localhost:41833|priority:0|startupRole:FOLLOWER]|listeners:[], old=null RUNNING
2023-02-23 08:47:21,371 [timer3] WARN  grpc.GrpcUtil (GrpcUtil.java:shutdownManagedChannel(223)) - Timed out gracefully shutting down connection: ManagedChannelOrphanWrapper{delegate=ManagedChannelImpl{logId=711, target=localhost:43155}}. 
2023-02-23 08:47:27,497 [timer1] WARN  grpc.GrpcUtil (GrpcUtil.java:shutdownManagedChannel(223)) - Timed out gracefully shutting down connection: ManagedChannelOrphanWrapper{delegate=ManagedChannelImpl{logId=725, target=localhost:43155}}. 
2023-02-23 08:47:30,029 [Timer-2] INFO  impl.MiniRaftCluster (MiniRaftCluster.java:lambda$start$6(349)) - TIMED-PRINT: printing ALL groups
  s0:  RUNNING  FOLLOWER s0@group-D5CC796A79A9:t5, leader=s1, voted=s1, raftlog=Memoized:s0@group-D5CC796A79A9-SegmentedRaftLog:OPENED:c106, conf=105: peers:[s0|rpc:localhost:44609|admin:localhost:43339|client:localhost:35167|dataStream:localhost:45017|priority:0|startupRole:FOLLOWER, s1|rpc:localhost:46005|admin:localhost:39871|client:localhost:43155|dataStream:localhost:44881|priority:0|startupRole:FOLLOWER, s2|rpc:localhost:40131|admin:localhost:41173|client:localhost:45441|dataStream:localhost:41833|priority:0|startupRole:FOLLOWER]|listeners:[], old=null RUNNING
  s1:  RUNNING    LEADER s1@group-D5CC796A79A9:t5, leader=s1, voted=s1, raftlog=Memoized:s1@group-D5CC796A79A9-SegmentedRaftLog:OPENED:c106, conf=105: peers:[s0|rpc:localhost:44609|admin:localhost:43339|client:localhost:35167|dataStream:localhost:45017|priority:0|startupRole:FOLLOWER, s1|rpc:localhost:46005|admin:localhost:39871|client:localhost:43155|dataStream:localhost:44881|priority:0|startupRole:FOLLOWER, s2|rpc:localhost:40131|admin:localhost:41173|client:localhost:45441|dataStream:localhost:41833|priority:0|startupRole:FOLLOWER]|listeners:[], old=null RUNNING
  s2:  RUNNING  FOLLOWER s2@group-D5CC796A79A9:t5, leader=s1, voted=s1, raftlog=Memoized:s2@group-D5CC796A79A9-SegmentedRaftLog:OPENED:c106, conf=105: peers:[s0|rpc:localhost:44609|admin:localhost:43339|client:localhost:35167|dataStream:localhost:45017|priority:0|startupRole:FOLLOWER, s1|rpc:localhost:46005|admin:localhost:39871|client:localhost:43155|dataStream:localhost:44881|priority:0|startupRole:FOLLOWER, s2|rpc:localhost:40131|admin:localhost:41173|client:localhost:45441|dataStream:localhost:41833|priority:0|startupRole:FOLLOWER]|listeners:[], old=null RUNNING
2023-02-23 08:47:33,618 [timer3] WARN  grpc.GrpcUtil (GrpcUtil.java:shutdownManagedChannel(223)) - Timed out gracefully shutting down connection: ManagedChannelOrphanWrapper{delegate=ManagedChannelImpl{logId=739, target=localhost:43155}}. 
2023-02-23 08:47:39,732 [timer3] WARN  grpc.GrpcUtil (GrpcUtil.java:shutdownManagedChannel(223)) - Timed out gracefully shutting down connection: ManagedChannelOrphanWrapper{delegate=ManagedChannelImpl{logId=753, target=localhost:43155}}. 
2023-02-23 08:47:40,028 [Timer-2] INFO  impl.MiniRaftCluster (MiniRaftCluster.java:lambda$start$6(349)) - TIMED-PRINT: printing ALL groups
  s0:  RUNNING  FOLLOWER s0@group-D5CC796A79A9:t5, leader=s1, voted=s1, raftlog=Memoized:s0@group-D5CC796A79A9-SegmentedRaftLog:OPENED:c106, conf=105: peers:[s0|rpc:localhost:44609|admin:localhost:43339|client:localhost:35167|dataStream:localhost:45017|priority:0|startupRole:FOLLOWER, s1|rpc:localhost:46005|admin:localhost:39871|client:localhost:43155|dataStream:localhost:44881|priority:0|startupRole:FOLLOWER, s2|rpc:localhost:40131|admin:localhost:41173|client:localhost:45441|dataStream:localhost:41833|priority:0|startupRole:FOLLOWER]|listeners:[], old=null RUNNING
  s1:  RUNNING    LEADER s1@group-D5CC796A79A9:t5, leader=s1, voted=s1, raftlog=Memoized:s1@group-D5CC796A79A9-SegmentedRaftLog:OPENED:c106, conf=105: peers:[s0|rpc:localhost:44609|admin:localhost:43339|client:localhost:35167|dataStream:localhost:45017|priority:0|startupRole:FOLLOWER, s1|rpc:localhost:46005|admin:localhost:39871|client:localhost:43155|dataStream:localhost:44881|priority:0|startupRole:FOLLOWER, s2|rpc:localhost:40131|admin:localhost:41173|client:localhost:45441|dataStream:localhost:41833|priority:0|startupRole:FOLLOWER]|listeners:[], old=null RUNNING
  s2:  RUNNING  FOLLOWER s2@group-D5CC796A79A9:t5, leader=s1, voted=s1, raftlog=Memoized:s2@group-D5CC796A79A9-SegmentedRaftLog:OPENED:c106, conf=105: peers:[s0|rpc:localhost:44609|admin:localhost:43339|client:localhost:35167|dataStream:localhost:45017|priority:0|startupRole:FOLLOWER, s1|rpc:localhost:46005|admin:localhost:39871|client:localhost:43155|dataStream:localhost:44881|priority:0|startupRole:FOLLOWER, s2|rpc:localhost:40131|admin:localhost:41173|client:localhost:45441|dataStream:localhost:41833|priority:0|startupRole:FOLLOWER]|listeners:[], old=null RUNNING
2023-02-23 08:47:45,849 [timer1] WARN  grpc.GrpcUtil (GrpcUtil.java:shutdownManagedChannel(223)) - Timed out gracefully shutting down connection: ManagedChannelOrphanWrapper{delegate=ManagedChannelImpl{logId=767, target=localhost:43155}}. 
2023-02-23 08:47:50,028 [Timer-2] INFO  impl.MiniRaftCluster (MiniRaftCluster.java:lambda$start$6(349)) - TIMED-PRINT: printing ALL groups
  s0:  RUNNING  FOLLOWER s0@group-D5CC796A79A9:t5, leader=s1, voted=s1, raftlog=Memoized:s0@group-D5CC796A79A9-SegmentedRaftLog:OPENED:c106, conf=105: peers:[s0|rpc:localhost:44609|admin:localhost:43339|client:localhost:35167|dataStream:localhost:45017|priority:0|startupRole:FOLLOWER, s1|rpc:localhost:46005|admin:localhost:39871|client:localhost:43155|dataStream:localhost:44881|priority:0|startupRole:FOLLOWER, s2|rpc:localhost:40131|admin:localhost:41173|client:localhost:45441|dataStream:localhost:41833|priority:0|startupRole:FOLLOWER]|listeners:[], old=null RUNNING
  s1:  RUNNING    LEADER s1@group-D5CC796A79A9:t5, leader=s1, voted=s1, raftlog=Memoized:s1@group-D5CC796A79A9-SegmentedRaftLog:OPENED:c106, conf=105: peers:[s0|rpc:localhost:44609|admin:localhost:43339|client:localhost:35167|dataStream:localhost:45017|priority:0|startupRole:FOLLOWER, s1|rpc:localhost:46005|admin:localhost:39871|client:localhost:43155|dataStream:localhost:44881|priority:0|startupRole:FOLLOWER, s2|rpc:localhost:40131|admin:localhost:41173|client:localhost:45441|dataStream:localhost:41833|priority:0|startupRole:FOLLOWER]|listeners:[], old=null RUNNING
  s2:  RUNNING  FOLLOWER s2@group-D5CC796A79A9:t5, leader=s1, voted=s1, raftlog=Memoized:s2@group-D5CC796A79A9-SegmentedRaftLog:OPENED:c106, conf=105: peers:[s0|rpc:localhost:44609|admin:localhost:43339|client:localhost:35167|dataStream:localhost:45017|priority:0|startupRole:FOLLOWER, s1|rpc:localhost:46005|admin:localhost:39871|client:localhost:43155|dataStream:localhost:44881|priority:0|startupRole:FOLLOWER, s2|rpc:localhost:40131|admin:localhost:41173|client:localhost:45441|dataStream:localhost:41833|priority:0|startupRole:FOLLOWER]|listeners:[], old=null RUNNING
2023-02-23 08:47:51,966 [timer1] WARN  grpc.GrpcUtil (GrpcUtil.java:shutdownManagedChannel(223)) - Timed out gracefully shutting down connection: ManagedChannelOrphanWrapper{delegate=ManagedChannelImpl{logId=781, target=localhost:43155}}. 
2023-02-23 08:47:58,087 [timer3] WARN  grpc.GrpcUtil (GrpcUtil.java:shutdownManagedChannel(223)) - Timed out gracefully shutting down connection: ManagedChannelOrphanWrapper{delegate=ManagedChannelImpl{logId=795, target=localhost:43155}}. 
2023-02-23 08:48:00,029 [Timer-2] INFO  impl.MiniRaftCluster (MiniRaftCluster.java:lambda$start$6(349)) - TIMED-PRINT: printing ALL groups
  s0:  RUNNING  FOLLOWER s0@group-D5CC796A79A9:t5, leader=s1, voted=s1, raftlog=Memoized:s0@group-D5CC796A79A9-SegmentedRaftLog:OPENED:c106, conf=105: peers:[s0|rpc:localhost:44609|admin:localhost:43339|client:localhost:35167|dataStream:localhost:45017|priority:0|startupRole:FOLLOWER, s1|rpc:localhost:46005|admin:localhost:39871|client:localhost:43155|dataStream:localhost:44881|priority:0|startupRole:FOLLOWER, s2|rpc:localhost:40131|admin:localhost:41173|client:localhost:45441|dataStream:localhost:41833|priority:0|startupRole:FOLLOWER]|listeners:[], old=null RUNNING
  s1:  RUNNING    LEADER s1@group-D5CC796A79A9:t5, leader=s1, voted=s1, raftlog=Memoized:s1@group-D5CC796A79A9-SegmentedRaftLog:OPENED:c106, conf=105: peers:[s0|rpc:localhost:44609|admin:localhost:43339|client:localhost:35167|dataStream:localhost:45017|priority:0|startupRole:FOLLOWER, s1|rpc:localhost:46005|admin:localhost:39871|client:localhost:43155|dataStream:localhost:44881|priority:0|startupRole:FOLLOWER, s2|rpc:localhost:40131|admin:localhost:41173|client:localhost:45441|dataStream:localhost:41833|priority:0|startupRole:FOLLOWER]|listeners:[], old=null RUNNING
  s2:  RUNNING  FOLLOWER s2@group-D5CC796A79A9:t5, leader=s1, voted=s1, raftlog=Memoized:s2@group-D5CC796A79A9-SegmentedRaftLog:OPENED:c106, conf=105: peers:[s0|rpc:localhost:44609|admin:localhost:43339|client:localhost:35167|dataStream:localhost:45017|priority:0|startupRole:FOLLOWER, s1|rpc:localhost:46005|admin:localhost:39871|client:localhost:43155|dataStream:localhost:44881|priority:0|startupRole:FOLLOWER, s2|rpc:localhost:40131|admin:localhost:41173|client:localhost:45441|dataStream:localhost:41833|priority:0|startupRole:FOLLOWER]|listeners:[], old=null RUNNING
2023-02-23 08:48:04,206 [timer1] WARN  grpc.GrpcUtil (GrpcUtil.java:shutdownManagedChannel(223)) - Timed out gracefully shutting down connection: ManagedChannelOrphanWrapper{delegate=ManagedChannelImpl{logId=809, target=localhost:43155}}. 
2023-02-23 08:48:04,323 [s1-client-thread1] INFO  statemachine.StateMachine (DataStreamTestUtils.java:link(157)) - link null
2023-02-23 08:48:04,323 [s2-server-thread1] INFO  statemachine.StateMachine (DataStreamTestUtils.java:link(157)) - link null
2023-02-23 08:48:04,324 [s0-server-thread3] INFO  statemachine.StateMachine (DataStreamTestUtils.java:link(157)) - link null
2023-02-23 08:48:04,324 [s0-server-thread3] WARN  server.GrpcServerProtocolService (LogUtils.java:warn(124)) - s0: Failed APPEND_ENTRIES request s1->s0#2430-t5,previous=(t:5, i:109),leaderCommit=106,initializing? true,entries: size=1, first=(t:5, i:110), STATEMACHINELOGENTRY, 426@client-AFE3C13319D4
java.util.concurrent.CompletionException: org.apache.ratis.server.raftlog.RaftLogIOException: Log already failed at index 107 for task WriteLog:107: (t:5, i:107), STATEMACHINELOGENTRY, StateMachineLogEntryProto:426@client-AFE3C13319D4
	at java.base/java.util.concurrent.CompletableFuture.encodeThrowable(CompletableFuture.java:331)
	at java.base/java.util.concurrent.CompletableFuture.completeThrowable(CompletableFuture.java:346)
	at java.base/java.util.concurrent.CompletableFuture$BiRelay.tryFire(CompletableFuture.java:1423)
	at java.base/java.util.concurrent.CompletableFuture$CoCompletion.tryFire(CompletableFuture.java:1144)
	at java.base/java.util.concurrent.CompletableFuture.postComplete(CompletableFuture.java:506)
	at java.base/java.util.concurrent.CompletableFuture.completeExceptionally(CompletableFuture.java:2088)
	at org.apache.ratis.server.raftlog.segmented.SegmentedRaftLog$Task.failed(SegmentedRaftLog.java:105)
	at org.apache.ratis.server.raftlog.segmented.SegmentedRaftLogWorker$WriteLog.failed(SegmentedRaftLogWorker.java:514)
	at org.apache.ratis.server.raftlog.segmented.SegmentedRaftLogWorker.run(SegmentedRaftLogWorker.java:312)
	at java.base/java.util.concurrent.Executors$RunnableAdapter.call(Executors.java:515)
	at java.base/java.util.concurrent.FutureTask.run(FutureTask.java:264)
	at java.base/java.util.concurrent.ThreadPoolExecutor.runWorker(ThreadPoolExecutor.java:1128)
	at java.base/java.util.concurrent.ThreadPoolExecutor$Worker.run(ThreadPoolExecutor.java:628)
	at java.base/java.lang.Thread.run(Thread.java:829)
Caused by: org.apache.ratis.server.raftlog.RaftLogIOException: Log already failed at index 107 for task WriteLog:107: (t:5, i:107), STATEMACHINELOGENTRY, StateMachineLogEntryProto:426@client-AFE3C13319D4
	at org.apache.ratis.server.raftlog.segmented.SegmentedRaftLogWorker.run(SegmentedRaftLogWorker.java:315)
	... 5 more
Caused by: java.io.IOException: java.lang.IllegalStateException: Null stream: entry=term: 5
index: 107
stateMachineLogEntry {
  type: DATASTREAM
  clientId: "hg\313\375(\352N\363\225\245\257\343\3013\031\324"
  callId: 426
}

	at org.apache.ratis.util.IOUtils.asIOException(IOUtils.java:56)
	at org.apache.ratis.util.IOUtils.toIOException(IOUtils.java:61)
	at org.apache.ratis.util.IOUtils.getFromFuture(IOUtils.java:85)
	at org.apache.ratis.server.raftlog.segmented.SegmentedRaftLogWorker$StateMachineDataPolicy.getFromFuture(SegmentedRaftLogWorker.java:88)
	at org.apache.ratis.server.raftlog.segmented.SegmentedRaftLogWorker$WriteLog.execute(SegmentedRaftLogWorker.java:535)
	at org.apache.ratis.server.raftlog.segmented.SegmentedRaftLogWorker.run(SegmentedRaftLogWorker.java:303)
	... 5 more
Caused by: java.lang.IllegalStateException: Null stream: entry=term: 5
index: 107
stateMachineLogEntry {
  type: DATASTREAM
  clientId: "hg\313\375(\352N\363\225\245\257\343\3013\031\324"
  callId: 426
}

	at org.apache.ratis.datastream.DataStreamTestUtils$MultiDataStreamStateMachine.link(DataStreamTestUtils.java:159)
	at org.apache.ratis.server.raftlog.segmented.SegmentedRaftLogWorker$WriteLog.<init>(SegmentedRaftLogWorker.java:492)
	at org.apache.ratis.server.raftlog.segmented.SegmentedRaftLogWorker.writeLogEntry(SegmentedRaftLogWorker.java:438)
	at org.apache.ratis.server.raftlog.segmented.SegmentedRaftLog.appendEntryImpl(SegmentedRaftLog.java:409)
	at org.apache.ratis.server.raftlog.RaftLogBase.lambda$appendEntry$10(RaftLogBase.java:330)
	at org.apache.ratis.server.raftlog.RaftLogSequentialOps$Runner.runSequentially(RaftLogSequentialOps.java:78)
	at org.apache.ratis.server.raftlog.RaftLogBase.appendEntry(RaftLogBase.java:330)
	at org.apache.ratis.server.raftlog.segmented.SegmentedRaftLog.appendImpl(SegmentedRaftLog.java:456)
	at org.apache.ratis.server.raftlog.RaftLogBase.lambda$append$11(RaftLogBase.java:337)
	at org.apache.ratis.server.raftlog.RaftLogSequentialOps$Runner.runSequentially(RaftLogSequentialOps.java:69)
	at org.apache.ratis.server.raftlog.RaftLogBase.append(RaftLogBase.java:337)
	at org.apache.ratis.server.impl.RaftServerImpl.appendEntriesAsync(RaftServerImpl.java:1528)
	at org.apache.ratis.server.impl.RaftServerImpl.appendEntriesAsync(RaftServerImpl.java:1396)
	at org.apache.ratis.server.impl.RaftServerProxy.lambda$appendEntriesAsync$26(RaftServerProxy.java:639)
	at org.apache.ratis.util.JavaUtils.callAsUnchecked(JavaUtils.java:117)
	at org.apache.ratis.server.impl.RaftServerImpl.lambda$executeSubmitServerRequestAsync$11(RaftServerImpl.java:818)
	at java.base/java.util.concurrent.CompletableFuture$AsyncSupply.run(CompletableFuture.java:1700)
	... 3 more
2023-02-23 08:48:04,325 [grpc-default-executor-5] WARN  server.GrpcServerProtocolService (LogUtils.java:warn(124)) - s2: Failed APPEND_ENTRIES request s1->s2#2428-t5,previous=(t:5, i:109),leaderCommit=106,initializing? true,entries: size=1, first=(t:5, i:110), STATEMACHINELOGENTRY, 426@client-AFE3C13319D4
java.util.concurrent.CompletionException: org.apache.ratis.server.raftlog.RaftLogIOException: Log already failed at index 107 for task WriteLog:107: (t:5, i:107), STATEMACHINELOGENTRY, StateMachineLogEntryProto:426@client-AFE3C13319D4
	at java.base/java.util.concurrent.CompletableFuture.encodeThrowable(CompletableFuture.java:331)
	at java.base/java.util.concurrent.CompletableFuture.completeThrowable(CompletableFuture.java:346)
	at java.base/java.util.concurrent.CompletableFuture$BiRelay.tryFire(CompletableFuture.java:1423)
	at java.base/java.util.concurrent.CompletableFuture$CoCompletion.tryFire(CompletableFuture.java:1144)
	at java.base/java.util.concurrent.CompletableFuture.postComplete(CompletableFuture.java:506)
	at java.base/java.util.concurrent.CompletableFuture.completeExceptionally(CompletableFuture.java:2088)
	at org.apache.ratis.server.raftlog.segmented.SegmentedRaftLog$Task.failed(SegmentedRaftLog.java:105)
	at org.apache.ratis.server.raftlog.segmented.SegmentedRaftLogWorker$WriteLog.failed(SegmentedRaftLogWorker.java:514)
	at org.apache.ratis.server.raftlog.segmented.SegmentedRaftLogWorker.run(SegmentedRaftLogWorker.java:312)
	at java.base/java.util.concurrent.Executors$RunnableAdapter.call(Executors.java:515)
	at java.base/java.util.concurrent.FutureTask.run(FutureTask.java:264)
	at java.base/java.util.concurrent.ThreadPoolExecutor.runWorker(ThreadPoolExecutor.java:1128)
	at java.base/java.util.concurrent.ThreadPoolExecutor$Worker.run(ThreadPoolExecutor.java:628)
	at java.base/java.lang.Thread.run(Thread.java:829)
Caused by: org.apache.ratis.server.raftlog.RaftLogIOException: Log already failed at index 107 for task WriteLog:107: (t:5, i:107), STATEMACHINELOGENTRY, StateMachineLogEntryProto:426@client-AFE3C13319D4
	at org.apache.ratis.server.raftlog.segmented.SegmentedRaftLogWorker.run(SegmentedRaftLogWorker.java:315)
	... 5 more
Caused by: java.io.IOException: java.lang.IllegalStateException: Null stream: entry=term: 5
index: 107
stateMachineLogEntry {
  type: DATASTREAM
  clientId: "hg\313\375(\352N\363\225\245\257\343\3013\031\324"
  callId: 426
}

	at org.apache.ratis.util.IOUtils.asIOException(IOUtils.java:56)
	at org.apache.ratis.util.IOUtils.toIOException(IOUtils.java:61)
	at org.apache.ratis.util.IOUtils.getFromFuture(IOUtils.java:85)
	at org.apache.ratis.server.raftlog.segmented.SegmentedRaftLogWorker$StateMachineDataPolicy.getFromFuture(SegmentedRaftLogWorker.java:88)
	at org.apache.ratis.server.raftlog.segmented.SegmentedRaftLogWorker$WriteLog.execute(SegmentedRaftLogWorker.java:535)
	at org.apache.ratis.server.raftlog.segmented.SegmentedRaftLogWorker.run(SegmentedRaftLogWorker.java:303)
	... 5 more
Caused by: java.lang.IllegalStateException: Null stream: entry=term: 5
index: 107
stateMachineLogEntry {
  type: DATASTREAM
  clientId: "hg\313\375(\352N\363\225\245\257\343\3013\031\324"
  callId: 426
}

	at org.apache.ratis.datastream.DataStreamTestUtils$MultiDataStreamStateMachine.link(DataStreamTestUtils.java:159)
	at org.apache.ratis.server.raftlog.segmented.SegmentedRaftLogWorker$WriteLog.<init>(SegmentedRaftLogWorker.java:492)
	at org.apache.ratis.server.raftlog.segmented.SegmentedRaftLogWorker.writeLogEntry(SegmentedRaftLogWorker.java:438)
	at org.apache.ratis.server.raftlog.segmented.SegmentedRaftLog.appendEntryImpl(SegmentedRaftLog.java:409)
	at org.apache.ratis.server.raftlog.RaftLogBase.lambda$appendEntry$10(RaftLogBase.java:330)
	at org.apache.ratis.server.raftlog.RaftLogSequentialOps$Runner.runSequentially(RaftLogSequentialOps.java:78)
	at org.apache.ratis.server.raftlog.RaftLogBase.appendEntry(RaftLogBase.java:330)
	at org.apache.ratis.server.raftlog.segmented.SegmentedRaftLog.appendImpl(SegmentedRaftLog.java:456)
	at org.apache.ratis.server.raftlog.RaftLogBase.lambda$append$11(RaftLogBase.java:337)
	at org.apache.ratis.server.raftlog.RaftLogSequentialOps$Runner.runSequentially(RaftLogSequentialOps.java:69)
	at org.apache.ratis.server.raftlog.RaftLogBase.append(RaftLogBase.java:337)
	at org.apache.ratis.server.impl.RaftServerImpl.appendEntriesAsync(RaftServerImpl.java:1528)
	at org.apache.ratis.server.impl.RaftServerImpl.appendEntriesAsync(RaftServerImpl.java:1396)
	at org.apache.ratis.server.impl.RaftServerProxy.lambda$appendEntriesAsync$26(RaftServerProxy.java:639)
	at org.apache.ratis.util.JavaUtils.callAsUnchecked(JavaUtils.java:117)
	at org.apache.ratis.server.impl.RaftServerImpl.lambda$executeSubmitServerRequestAsync$11(RaftServerImpl.java:818)
	at java.base/java.util.concurrent.CompletableFuture$AsyncSupply.run(CompletableFuture.java:1700)
	... 3 more
2023-02-23 08:48:04,340 [grpc-default-executor-6] WARN  server.GrpcLogAppender (LogUtils.java:warn(124)) - s1@group-D5CC796A79A9->s2-AppendLogResponseHandler: Failed appendEntries
org.apache.ratis.server.raftlog.RaftLogIOException: Log already failed at index 107 for task WriteLog:107: (t:5, i:107), STATEMACHINELOGENTRY, StateMachineLogEntryProto:426@client-AFE3C13319D4
	at org.apache.ratis.server.raftlog.segmented.SegmentedRaftLogWorker.run(SegmentedRaftLogWorker.java:315)
	at java.base/java.util.concurrent.Executors$RunnableAdapter.call(Executors.java:515)
	at java.base/java.util.concurrent.FutureTask.run(FutureTask.java:264)
	at java.base/java.util.concurrent.ThreadPoolExecutor.runWorker(ThreadPoolExecutor.java:1128)
	at java.base/java.util.concurrent.ThreadPoolExecutor$Worker.run(ThreadPoolExecutor.java:628)
	at java.base/java.lang.Thread.run(Thread.java:829)
Caused by: java.io.IOException: java.lang.IllegalStateException: Null stream: entry=term: 5
index: 107
stateMachineLogEntry {
  type: DATASTREAM
  clientId: "hg\313\375(\352N\363\225\245\257\343\3013\031\324"
  callId: 426
}

	at org.apache.ratis.util.IOUtils.asIOException(IOUtils.java:56)
	at org.apache.ratis.util.IOUtils.toIOException(IOUtils.java:61)
	at org.apache.ratis.util.IOUtils.getFromFuture(IOUtils.java:85)
	at org.apache.ratis.server.raftlog.segmented.SegmentedRaftLogWorker$StateMachineDataPolicy.getFromFuture(SegmentedRaftLogWorker.java:88)
	at org.apache.ratis.server.raftlog.segmented.SegmentedRaftLogWorker$WriteLog.execute(SegmentedRaftLogWorker.java:535)
	at org.apache.ratis.server.raftlog.segmented.SegmentedRaftLogWorker.run(SegmentedRaftLogWorker.java:303)
	... 5 more
Caused by: java.lang.IllegalStateException: Null stream: entry=term: 5
index: 107
stateMachineLogEntry {
  type: DATASTREAM
  clientId: "hg\313\375(\352N\363\225\245\257\343\3013\031\324"
  callId: 426
}

	at org.apache.ratis.datastream.DataStreamTestUtils$MultiDataStreamStateMachine.link(DataStreamTestUtils.java:159)
	at org.apache.ratis.server.raftlog.segmented.SegmentedRaftLogWorker$WriteLog.<init>(SegmentedRaftLogWorker.java:492)
	at org.apache.ratis.server.raftlog.segmented.SegmentedRaftLogWorker.writeLogEntry(SegmentedRaftLogWorker.java:438)
	at org.apache.ratis.server.raftlog.segmented.SegmentedRaftLog.appendEntryImpl(SegmentedRaftLog.java:409)
	at org.apache.ratis.server.raftlog.RaftLogBase.lambda$appendEntry$10(RaftLogBase.java:330)
	at org.apache.ratis.server.raftlog.RaftLogSequentialOps$Runner.runSequentially(RaftLogSequentialOps.java:78)
	at org.apache.ratis.server.raftlog.RaftLogBase.appendEntry(RaftLogBase.java:330)
	at org.apache.ratis.server.raftlog.segmented.SegmentedRaftLog.appendImpl(SegmentedRaftLog.java:456)
	at org.apache.ratis.server.raftlog.RaftLogBase.lambda$append$11(RaftLogBase.java:337)
	at org.apache.ratis.server.raftlog.RaftLogSequentialOps$Runner.runSequentially(RaftLogSequentialOps.java:69)
	at org.apache.ratis.server.raftlog.RaftLogBase.append(RaftLogBase.java:337)
	at org.apache.ratis.server.impl.RaftServerImpl.appendEntriesAsync(RaftServerImpl.java:1528)
	at org.apache.ratis.server.impl.RaftServerImpl.appendEntriesAsync(RaftServerImpl.java:1396)
	at org.apache.ratis.server.impl.RaftServerProxy.lambda$appendEntriesAsync$26(RaftServerProxy.java:639)
	at org.apache.ratis.util.JavaUtils.callAsUnchecked(JavaUtils.java:117)
	at org.apache.ratis.server.impl.RaftServerImpl.lambda$executeSubmitServerRequestAsync$11(RaftServerImpl.java:818)
	at java.base/java.util.concurrent.CompletableFuture$AsyncSupply.run(CompletableFuture.java:1700)
	... 3 more
2023-02-23 08:48:04,341 [grpc-default-executor-6] INFO  leader.FollowerInfo (FollowerInfoImpl.java:lambda$new$0(52)) - s1@group-D5CC796A79A9->s2: nextIndex: updateUnconditionally 111 -> 110
2023-02-23 08:48:04,342 [grpc-default-executor-5] WARN  server.GrpcLogAppender (LogUtils.java:warn(124)) - s1@group-D5CC796A79A9->s0-AppendLogResponseHandler: Failed appendEntries
org.apache.ratis.server.raftlog.RaftLogIOException: Log already failed at index 107 for task WriteLog:107: (t:5, i:107), STATEMACHINELOGENTRY, StateMachineLogEntryProto:426@client-AFE3C13319D4
	at org.apache.ratis.server.raftlog.segmented.SegmentedRaftLogWorker.run(SegmentedRaftLogWorker.java:315)
	at java.base/java.util.concurrent.Executors$RunnableAdapter.call(Executors.java:515)
	at java.base/java.util.concurrent.FutureTask.run(FutureTask.java:264)
	at java.base/java.util.concurrent.ThreadPoolExecutor.runWorker(ThreadPoolExecutor.java:1128)
	at java.base/java.util.concurrent.ThreadPoolExecutor$Worker.run(ThreadPoolExecutor.java:628)
	at java.base/java.lang.Thread.run(Thread.java:829)
Caused by: java.io.IOException: java.lang.IllegalStateException: Null stream: entry=term: 5
index: 107
stateMachineLogEntry {
  type: DATASTREAM
  clientId: "hg\313\375(\352N\363\225\245\257\343\3013\031\324"
  callId: 426
}

	at org.apache.ratis.util.IOUtils.asIOException(IOUtils.java:56)
	at org.apache.ratis.util.IOUtils.toIOException(IOUtils.java:61)
	at org.apache.ratis.util.IOUtils.getFromFuture(IOUtils.java:85)
	at org.apache.ratis.server.raftlog.segmented.SegmentedRaftLogWorker$StateMachineDataPolicy.getFromFuture(SegmentedRaftLogWorker.java:88)
	at org.apache.ratis.server.raftlog.segmented.SegmentedRaftLogWorker$WriteLog.execute(SegmentedRaftLogWorker.java:535)
	at org.apache.ratis.server.raftlog.segmented.SegmentedRaftLogWorker.run(SegmentedRaftLogWorker.java:303)
	... 5 more
Caused by: java.lang.IllegalStateException: Null stream: entry=term: 5
index: 107
stateMachineLogEntry {
  type: DATASTREAM
  clientId: "hg\313\375(\352N\363\225\245\257\343\3013\031\324"
  callId: 426
}

	at org.apache.ratis.datastream.DataStreamTestUtils$MultiDataStreamStateMachine.link(DataStreamTestUtils.java:159)
	at org.apache.ratis.server.raftlog.segmented.SegmentedRaftLogWorker$WriteLog.<init>(SegmentedRaftLogWorker.java:492)
	at org.apache.ratis.server.raftlog.segmented.SegmentedRaftLogWorker.writeLogEntry(SegmentedRaftLogWorker.java:438)
	at org.apache.ratis.server.raftlog.segmented.SegmentedRaftLog.appendEntryImpl(SegmentedRaftLog.java:409)
	at org.apache.ratis.server.raftlog.RaftLogBase.lambda$appendEntry$10(RaftLogBase.java:330)
	at org.apache.ratis.server.raftlog.RaftLogSequentialOps$Runner.runSequentially(RaftLogSequentialOps.java:78)
	at org.apache.ratis.server.raftlog.RaftLogBase.appendEntry(RaftLogBase.java:330)
	at org.apache.ratis.server.raftlog.segmented.SegmentedRaftLog.appendImpl(SegmentedRaftLog.java:456)
	at org.apache.ratis.server.raftlog.RaftLogBase.lambda$append$11(RaftLogBase.java:337)
	at org.apache.ratis.server.raftlog.RaftLogSequentialOps$Runner.runSequentially(RaftLogSequentialOps.java:69)
	at org.apache.ratis.server.raftlog.RaftLogBase.append(RaftLogBase.java:337)
	at org.apache.ratis.server.impl.RaftServerImpl.appendEntriesAsync(RaftServerImpl.java:1528)
	at org.apache.ratis.server.impl.RaftServerImpl.appendEntriesAsync(RaftServerImpl.java:1396)
	at org.apache.ratis.server.impl.RaftServerProxy.lambda$appendEntriesAsync$26(RaftServerProxy.java:639)
	at org.apache.ratis.util.JavaUtils.callAsUnchecked(JavaUtils.java:117)
	at org.apache.ratis.server.impl.RaftServerImpl.lambda$executeSubmitServerRequestAsync$11(RaftServerImpl.java:818)
	at java.base/java.util.concurrent.CompletableFuture$AsyncSupply.run(CompletableFuture.java:1700)
	... 3 more
2023-02-23 08:48:04,342 [grpc-default-executor-5] INFO  leader.FollowerInfo (FollowerInfoImpl.java:lambda$new$0(52)) - s1@group-D5CC796A79A9->s0: nextIndex: updateUnconditionally 111 -> 110
2023-02-23 08:48:10,029 [Timer-2] INFO  impl.MiniRaftCluster (MiniRaftCluster.java:lambda$start$6(349)) - TIMED-PRINT: printing ALL groups
  s0:  RUNNING  FOLLOWER s0@group-D5CC796A79A9:t5, leader=s1, voted=s1, raftlog=Memoized:s0@group-D5CC796A79A9-SegmentedRaftLog:OPENED:c106, conf=105: peers:[s0|rpc:localhost:44609|admin:localhost:43339|client:localhost:35167|dataStream:localhost:45017|priority:0|startupRole:FOLLOWER, s1|rpc:localhost:46005|admin:localhost:39871|client:localhost:43155|dataStream:localhost:44881|priority:0|startupRole:FOLLOWER, s2|rpc:localhost:40131|admin:localhost:41173|client:localhost:45441|dataStream:localhost:41833|priority:0|startupRole:FOLLOWER]|listeners:[], old=null RUNNING
  s1:  RUNNING    LEADER s1@group-D5CC796A79A9:t5, leader=s1, voted=s1, raftlog=Memoized:s1@group-D5CC796A79A9-SegmentedRaftLog:OPENED:c106, conf=105: peers:[s0|rpc:localhost:44609|admin:localhost:43339|client:localhost:35167|dataStream:localhost:45017|priority:0|startupRole:FOLLOWER, s1|rpc:localhost:46005|admin:localhost:39871|client:localhost:43155|dataStream:localhost:44881|priority:0|startupRole:FOLLOWER, s2|rpc:localhost:40131|admin:localhost:41173|client:localhost:45441|dataStream:localhost:41833|priority:0|startupRole:FOLLOWER]|listeners:[], old=null RUNNING
  s2:  RUNNING  FOLLOWER s2@group-D5CC796A79A9:t5, leader=s1, voted=s1, raftlog=Memoized:s2@group-D5CC796A79A9-SegmentedRaftLog:OPENED:c106, conf=105: peers:[s0|rpc:localhost:44609|admin:localhost:43339|client:localhost:35167|dataStream:localhost:45017|priority:0|startupRole:FOLLOWER, s1|rpc:localhost:46005|admin:localhost:39871|client:localhost:43155|dataStream:localhost:44881|priority:0|startupRole:FOLLOWER, s2|rpc:localhost:40131|admin:localhost:41173|client:localhost:45441|dataStream:localhost:41833|priority:0|startupRole:FOLLOWER]|listeners:[], old=null RUNNING
2023-02-23 08:48:10,322 [timer3] WARN  grpc.GrpcUtil (GrpcUtil.java:shutdownManagedChannel(223)) - Timed out gracefully shutting down connection: ManagedChannelOrphanWrapper{delegate=ManagedChannelImpl{logId=823, target=localhost:43155}}. 
2023-02-23 08:48:16,448 [timer3] WARN  grpc.GrpcUtil (GrpcUtil.java:shutdownManagedChannel(223)) - Timed out gracefully shutting down connection: ManagedChannelOrphanWrapper{delegate=ManagedChannelImpl{logId=837, target=localhost:43155}}. 
2023-02-23 08:48:20,029 [Timer-2] INFO  impl.MiniRaftCluster (MiniRaftCluster.java:lambda$start$6(349)) - TIMED-PRINT: printing ALL groups
  s0:  RUNNING  FOLLOWER s0@group-D5CC796A79A9:t5, leader=s1, voted=s1, raftlog=Memoized:s0@group-D5CC796A79A9-SegmentedRaftLog:OPENED:c106, conf=105: peers:[s0|rpc:localhost:44609|admin:localhost:43339|client:localhost:35167|dataStream:localhost:45017|priority:0|startupRole:FOLLOWER, s1|rpc:localhost:46005|admin:localhost:39871|client:localhost:43155|dataStream:localhost:44881|priority:0|startupRole:FOLLOWER, s2|rpc:localhost:40131|admin:localhost:41173|client:localhost:45441|dataStream:localhost:41833|priority:0|startupRole:FOLLOWER]|listeners:[], old=null RUNNING
  s1:  RUNNING    LEADER s1@group-D5CC796A79A9:t5, leader=s1, voted=s1, raftlog=Memoized:s1@group-D5CC796A79A9-SegmentedRaftLog:OPENED:c106, conf=105: peers:[s0|rpc:localhost:44609|admin:localhost:43339|client:localhost:35167|dataStream:localhost:45017|priority:0|startupRole:FOLLOWER, s1|rpc:localhost:46005|admin:localhost:39871|client:localhost:43155|dataStream:localhost:44881|priority:0|startupRole:FOLLOWER, s2|rpc:localhost:40131|admin:localhost:41173|client:localhost:45441|dataStream:localhost:41833|priority:0|startupRole:FOLLOWER]|listeners:[], old=null RUNNING
  s2:  RUNNING  FOLLOWER s2@group-D5CC796A79A9:t5, leader=s1, voted=s1, raftlog=Memoized:s2@group-D5CC796A79A9-SegmentedRaftLog:OPENED:c106, conf=105: peers:[s0|rpc:localhost:44609|admin:localhost:43339|client:localhost:35167|dataStream:localhost:45017|priority:0|startupRole:FOLLOWER, s1|rpc:localhost:46005|admin:localhost:39871|client:localhost:43155|dataStream:localhost:44881|priority:0|startupRole:FOLLOWER, s2|rpc:localhost:40131|admin:localhost:41173|client:localhost:45441|dataStream:localhost:41833|priority:0|startupRole:FOLLOWER]|listeners:[], old=null RUNNING
2023-02-23 08:48:22,572 [timer1] WARN  grpc.GrpcUtil (GrpcUtil.java:shutdownManagedChannel(223)) - Timed out gracefully shutting down connection: ManagedChannelOrphanWrapper{delegate=ManagedChannelImpl{logId=851, target=localhost:43155}}. 
2023-02-23 08:48:28,690 [timer1] WARN  grpc.GrpcUtil (GrpcUtil.java:shutdownManagedChannel(223)) - Timed out gracefully shutting down connection: ManagedChannelOrphanWrapper{delegate=ManagedChannelImpl{logId=865, target=localhost:43155}}. 
2023-02-23 08:48:30,029 [Timer-2] INFO  impl.MiniRaftCluster (MiniRaftCluster.java:lambda$start$6(349)) - TIMED-PRINT: printing ALL groups
  s0:  RUNNING  FOLLOWER s0@group-D5CC796A79A9:t5, leader=s1, voted=s1, raftlog=Memoized:s0@group-D5CC796A79A9-SegmentedRaftLog:OPENED:c106, conf=105: peers:[s0|rpc:localhost:44609|admin:localhost:43339|client:localhost:35167|dataStream:localhost:45017|priority:0|startupRole:FOLLOWER, s1|rpc:localhost:46005|admin:localhost:39871|client:localhost:43155|dataStream:localhost:44881|priority:0|startupRole:FOLLOWER, s2|rpc:localhost:40131|admin:localhost:41173|client:localhost:45441|dataStream:localhost:41833|priority:0|startupRole:FOLLOWER]|listeners:[], old=null RUNNING
  s1:  RUNNING    LEADER s1@group-D5CC796A79A9:t5, leader=s1, voted=s1, raftlog=Memoized:s1@group-D5CC796A79A9-SegmentedRaftLog:OPENED:c106, conf=105: peers:[s0|rpc:localhost:44609|admin:localhost:43339|client:localhost:35167|dataStream:localhost:45017|priority:0|startupRole:FOLLOWER, s1|rpc:localhost:46005|admin:localhost:39871|client:localhost:43155|dataStream:localhost:44881|priority:0|startupRole:FOLLOWER, s2|rpc:localhost:40131|admin:localhost:41173|client:localhost:45441|dataStream:localhost:41833|priority:0|startupRole:FOLLOWER]|listeners:[], old=null RUNNING
  s2:  RUNNING  FOLLOWER s2@group-D5CC796A79A9:t5, leader=s1, voted=s1, raftlog=Memoized:s2@group-D5CC796A79A9-SegmentedRaftLog:OPENED:c106, conf=105: peers:[s0|rpc:localhost:44609|admin:localhost:43339|client:localhost:35167|dataStream:localhost:45017|priority:0|startupRole:FOLLOWER, s1|rpc:localhost:46005|admin:localhost:39871|client:localhost:43155|dataStream:localhost:44881|priority:0|startupRole:FOLLOWER, s2|rpc:localhost:40131|admin:localhost:41173|client:localhost:45441|dataStream:localhost:41833|priority:0|startupRole:FOLLOWER]|listeners:[], old=null RUNNING
2023-02-23 08:48:34,807 [timer3] WARN  grpc.GrpcUtil (GrpcUtil.java:shutdownManagedChannel(223)) - Timed out gracefully shutting down connection: ManagedChannelOrphanWrapper{delegate=ManagedChannelImpl{logId=879, target=localhost:43155}}. 
2023-02-23 08:48:40,029 [Timer-2] INFO  impl.MiniRaftCluster (MiniRaftCluster.java:lambda$start$6(349)) - TIMED-PRINT: printing ALL groups
  s0:  RUNNING  FOLLOWER s0@group-D5CC796A79A9:t5, leader=s1, voted=s1, raftlog=Memoized:s0@group-D5CC796A79A9-SegmentedRaftLog:OPENED:c106, conf=105: peers:[s0|rpc:localhost:44609|admin:localhost:43339|client:localhost:35167|dataStream:localhost:45017|priority:0|startupRole:FOLLOWER, s1|rpc:localhost:46005|admin:localhost:39871|client:localhost:43155|dataStream:localhost:44881|priority:0|startupRole:FOLLOWER, s2|rpc:localhost:40131|admin:localhost:41173|client:localhost:45441|dataStream:localhost:41833|priority:0|startupRole:FOLLOWER]|listeners:[], old=null RUNNING
  s1:  RUNNING    LEADER s1@group-D5CC796A79A9:t5, leader=s1, voted=s1, raftlog=Memoized:s1@group-D5CC796A79A9-SegmentedRaftLog:OPENED:c106, conf=105: peers:[s0|rpc:localhost:44609|admin:localhost:43339|client:localhost:35167|dataStream:localhost:45017|priority:0|startupRole:FOLLOWER, s1|rpc:localhost:46005|admin:localhost:39871|client:localhost:43155|dataStream:localhost:44881|priority:0|startupRole:FOLLOWER, s2|rpc:localhost:40131|admin:localhost:41173|client:localhost:45441|dataStream:localhost:41833|priority:0|startupRole:FOLLOWER]|listeners:[], old=null RUNNING
  s2:  RUNNING  FOLLOWER s2@group-D5CC796A79A9:t5, leader=s1, voted=s1, raftlog=Memoized:s2@group-D5CC796A79A9-SegmentedRaftLog:OPENED:c106, conf=105: peers:[s0|rpc:localhost:44609|admin:localhost:43339|client:localhost:35167|dataStream:localhost:45017|priority:0|startupRole:FOLLOWER, s1|rpc:localhost:46005|admin:localhost:39871|client:localhost:43155|dataStream:localhost:44881|priority:0|startupRole:FOLLOWER, s2|rpc:localhost:40131|admin:localhost:41173|client:localhost:45441|dataStream:localhost:41833|priority:0|startupRole:FOLLOWER]|listeners:[], old=null RUNNING
2023-02-23 08:48:40,923 [timer1] WARN  grpc.GrpcUtil (GrpcUtil.java:shutdownManagedChannel(223)) - Timed out gracefully shutting down connection: ManagedChannelOrphanWrapper{delegate=ManagedChannelImpl{logId=893, target=localhost:43155}}. 
2023-02-23 08:48:47,043 [timer3] WARN  grpc.GrpcUtil (GrpcUtil.java:shutdownManagedChannel(223)) - Timed out gracefully shutting down connection: ManagedChannelOrphanWrapper{delegate=ManagedChannelImpl{logId=907, target=localhost:43155}}. 
2023-02-23 08:48:50,029 [Timer-2] INFO  impl.MiniRaftCluster (MiniRaftCluster.java:lambda$start$6(349)) - TIMED-PRINT: printing ALL groups
  s0:  RUNNING  FOLLOWER s0@group-D5CC796A79A9:t5, leader=s1, voted=s1, raftlog=Memoized:s0@group-D5CC796A79A9-SegmentedRaftLog:OPENED:c106, conf=105: peers:[s0|rpc:localhost:44609|admin:localhost:43339|client:localhost:35167|dataStream:localhost:45017|priority:0|startupRole:FOLLOWER, s1|rpc:localhost:46005|admin:localhost:39871|client:localhost:43155|dataStream:localhost:44881|priority:0|startupRole:FOLLOWER, s2|rpc:localhost:40131|admin:localhost:41173|client:localhost:45441|dataStream:localhost:41833|priority:0|startupRole:FOLLOWER]|listeners:[], old=null RUNNING
  s1:  RUNNING    LEADER s1@group-D5CC796A79A9:t5, leader=s1, voted=s1, raftlog=Memoized:s1@group-D5CC796A79A9-SegmentedRaftLog:OPENED:c106, conf=105: peers:[s0|rpc:localhost:44609|admin:localhost:43339|client:localhost:35167|dataStream:localhost:45017|priority:0|startupRole:FOLLOWER, s1|rpc:localhost:46005|admin:localhost:39871|client:localhost:43155|dataStream:localhost:44881|priority:0|startupRole:FOLLOWER, s2|rpc:localhost:40131|admin:localhost:41173|client:localhost:45441|dataStream:localhost:41833|priority:0|startupRole:FOLLOWER]|listeners:[], old=null RUNNING
  s2:  RUNNING  FOLLOWER s2@group-D5CC796A79A9:t5, leader=s1, voted=s1, raftlog=Memoized:s2@group-D5CC796A79A9-SegmentedRaftLog:OPENED:c106, conf=105: peers:[s0|rpc:localhost:44609|admin:localhost:43339|client:localhost:35167|dataStream:localhost:45017|priority:0|startupRole:FOLLOWER, s1|rpc:localhost:46005|admin:localhost:39871|client:localhost:43155|dataStream:localhost:44881|priority:0|startupRole:FOLLOWER, s2|rpc:localhost:40131|admin:localhost:41173|client:localhost:45441|dataStream:localhost:41833|priority:0|startupRole:FOLLOWER]|listeners:[], old=null RUNNING
2023-02-23 08:48:53,159 [timer3] WARN  grpc.GrpcUtil (GrpcUtil.java:shutdownManagedChannel(223)) - Timed out gracefully shutting down connection: ManagedChannelOrphanWrapper{delegate=ManagedChannelImpl{logId=921, target=localhost:43155}}. 
2023-02-23 08:48:59,277 [timer1] WARN  grpc.GrpcUtil (GrpcUtil.java:shutdownManagedChannel(223)) - Timed out gracefully shutting down connection: ManagedChannelOrphanWrapper{delegate=ManagedChannelImpl{logId=935, target=localhost:43155}}. 
2023-02-23 08:49:00,029 [Timer-2] INFO  impl.MiniRaftCluster (MiniRaftCluster.java:lambda$start$6(349)) - TIMED-PRINT: printing ALL groups
  s0:  RUNNING  FOLLOWER s0@group-D5CC796A79A9:t5, leader=s1, voted=s1, raftlog=Memoized:s0@group-D5CC796A79A9-SegmentedRaftLog:OPENED:c106, conf=105: peers:[s0|rpc:localhost:44609|admin:localhost:43339|client:localhost:35167|dataStream:localhost:45017|priority:0|startupRole:FOLLOWER, s1|rpc:localhost:46005|admin:localhost:39871|client:localhost:43155|dataStream:localhost:44881|priority:0|startupRole:FOLLOWER, s2|rpc:localhost:40131|admin:localhost:41173|client:localhost:45441|dataStream:localhost:41833|priority:0|startupRole:FOLLOWER]|listeners:[], old=null RUNNING
  s1:  RUNNING    LEADER s1@group-D5CC796A79A9:t5, leader=s1, voted=s1, raftlog=Memoized:s1@group-D5CC796A79A9-SegmentedRaftLog:OPENED:c106, conf=105: peers:[s0|rpc:localhost:44609|admin:localhost:43339|client:localhost:35167|dataStream:localhost:45017|priority:0|startupRole:FOLLOWER, s1|rpc:localhost:46005|admin:localhost:39871|client:localhost:43155|dataStream:localhost:44881|priority:0|startupRole:FOLLOWER, s2|rpc:localhost:40131|admin:localhost:41173|client:localhost:45441|dataStream:localhost:41833|priority:0|startupRole:FOLLOWER]|listeners:[], old=null RUNNING
  s2:  RUNNING  FOLLOWER s2@group-D5CC796A79A9:t5, leader=s1, voted=s1, raftlog=Memoized:s2@group-D5CC796A79A9-SegmentedRaftLog:OPENED:c106, conf=105: peers:[s0|rpc:localhost:44609|admin:localhost:43339|client:localhost:35167|dataStream:localhost:45017|priority:0|startupRole:FOLLOWER, s1|rpc:localhost:46005|admin:localhost:39871|client:localhost:43155|dataStream:localhost:44881|priority:0|startupRole:FOLLOWER, s2|rpc:localhost:40131|admin:localhost:41173|client:localhost:45441|dataStream:localhost:41833|priority:0|startupRole:FOLLOWER]|listeners:[], old=null RUNNING
2023-02-23 08:49:05,395 [timer3] WARN  grpc.GrpcUtil (GrpcUtil.java:shutdownManagedChannel(223)) - Timed out gracefully shutting down connection: ManagedChannelOrphanWrapper{delegate=ManagedChannelImpl{logId=949, target=localhost:43155}}. 
2023-02-23 08:49:05,512 [s1-client-thread1] INFO  statemachine.StateMachine (DataStreamTestUtils.java:link(157)) - link null
2023-02-23 08:49:05,513 [s2-server-thread1] INFO  statemachine.StateMachine (DataStreamTestUtils.java:link(157)) - link null
2023-02-23 08:49:05,513 [s0-server-thread3] INFO  statemachine.StateMachine (DataStreamTestUtils.java:link(157)) - link null
2023-02-23 08:49:05,513 [grpc-default-executor-7] WARN  server.GrpcServerProtocolService (LogUtils.java:warn(124)) - s0: Failed APPEND_ENTRIES request s1->s0#3235-t5,previous=(t:5, i:110),leaderCommit=106,initializing? true,entries: size=1, first=(t:5, i:111), STATEMACHINELOGENTRY, 426@client-AFE3C13319D4
java.util.concurrent.CompletionException: org.apache.ratis.server.raftlog.RaftLogIOException: Log already failed at index 107 for task WriteLog:107: (t:5, i:107), STATEMACHINELOGENTRY, StateMachineLogEntryProto:426@client-AFE3C13319D4
	at java.base/java.util.concurrent.CompletableFuture.encodeThrowable(CompletableFuture.java:331)
	at java.base/java.util.concurrent.CompletableFuture.completeThrowable(CompletableFuture.java:346)
	at java.base/java.util.concurrent.CompletableFuture$BiRelay.tryFire(CompletableFuture.java:1423)
	at java.base/java.util.concurrent.CompletableFuture$CoCompletion.tryFire(CompletableFuture.java:1144)
	at java.base/java.util.concurrent.CompletableFuture.postComplete(CompletableFuture.java:506)
	at java.base/java.util.concurrent.CompletableFuture.completeExceptionally(CompletableFuture.java:2088)
	at org.apache.ratis.server.raftlog.segmented.SegmentedRaftLog$Task.failed(SegmentedRaftLog.java:105)
	at org.apache.ratis.server.raftlog.segmented.SegmentedRaftLogWorker$WriteLog.failed(SegmentedRaftLogWorker.java:514)
	at org.apache.ratis.server.raftlog.segmented.SegmentedRaftLogWorker.run(SegmentedRaftLogWorker.java:312)
	at java.base/java.util.concurrent.Executors$RunnableAdapter.call(Executors.java:515)
	at java.base/java.util.concurrent.FutureTask.run(FutureTask.java:264)
	at java.base/java.util.concurrent.ThreadPoolExecutor.runWorker(ThreadPoolExecutor.java:1128)
	at java.base/java.util.concurrent.ThreadPoolExecutor$Worker.run(ThreadPoolExecutor.java:628)
	at java.base/java.lang.Thread.run(Thread.java:829)
Caused by: org.apache.ratis.server.raftlog.RaftLogIOException: Log already failed at index 107 for task WriteLog:107: (t:5, i:107), STATEMACHINELOGENTRY, StateMachineLogEntryProto:426@client-AFE3C13319D4
	at org.apache.ratis.server.raftlog.segmented.SegmentedRaftLogWorker.run(SegmentedRaftLogWorker.java:315)
	... 5 more
Caused by: java.io.IOException: java.lang.IllegalStateException: Null stream: entry=term: 5
index: 107
stateMachineLogEntry {
  type: DATASTREAM
  clientId: "hg\313\375(\352N\363\225\245\257\343\3013\031\324"
  callId: 426
}

	at org.apache.ratis.util.IOUtils.asIOException(IOUtils.java:56)
	at org.apache.ratis.util.IOUtils.toIOException(IOUtils.java:61)
	at org.apache.ratis.util.IOUtils.getFromFuture(IOUtils.java:85)
	at org.apache.ratis.server.raftlog.segmented.SegmentedRaftLogWorker$StateMachineDataPolicy.getFromFuture(SegmentedRaftLogWorker.java:88)
	at org.apache.ratis.server.raftlog.segmented.SegmentedRaftLogWorker$WriteLog.execute(SegmentedRaftLogWorker.java:535)
	at org.apache.ratis.server.raftlog.segmented.SegmentedRaftLogWorker.run(SegmentedRaftLogWorker.java:303)
	... 5 more
Caused by: java.lang.IllegalStateException: Null stream: entry=term: 5
index: 107
stateMachineLogEntry {
  type: DATASTREAM
  clientId: "hg\313\375(\352N\363\225\245\257\343\3013\031\324"
  callId: 426
}

	at org.apache.ratis.datastream.DataStreamTestUtils$MultiDataStreamStateMachine.link(DataStreamTestUtils.java:159)
	at org.apache.ratis.server.raftlog.segmented.SegmentedRaftLogWorker$WriteLog.<init>(SegmentedRaftLogWorker.java:492)
	at org.apache.ratis.server.raftlog.segmented.SegmentedRaftLogWorker.writeLogEntry(SegmentedRaftLogWorker.java:438)
	at org.apache.ratis.server.raftlog.segmented.SegmentedRaftLog.appendEntryImpl(SegmentedRaftLog.java:409)
	at org.apache.ratis.server.raftlog.RaftLogBase.lambda$appendEntry$10(RaftLogBase.java:330)
	at org.apache.ratis.server.raftlog.RaftLogSequentialOps$Runner.runSequentially(RaftLogSequentialOps.java:78)
	at org.apache.ratis.server.raftlog.RaftLogBase.appendEntry(RaftLogBase.java:330)
	at org.apache.ratis.server.raftlog.segmented.SegmentedRaftLog.appendImpl(SegmentedRaftLog.java:456)
	at org.apache.ratis.server.raftlog.RaftLogBase.lambda$append$11(RaftLogBase.java:337)
	at org.apache.ratis.server.raftlog.RaftLogSequentialOps$Runner.runSequentially(RaftLogSequentialOps.java:69)
	at org.apache.ratis.server.raftlog.RaftLogBase.append(RaftLogBase.java:337)
	at org.apache.ratis.server.impl.RaftServerImpl.appendEntriesAsync(RaftServerImpl.java:1528)
	at org.apache.ratis.server.impl.RaftServerImpl.appendEntriesAsync(RaftServerImpl.java:1396)
	at org.apache.ratis.server.impl.RaftServerProxy.lambda$appendEntriesAsync$26(RaftServerProxy.java:639)
	at org.apache.ratis.util.JavaUtils.callAsUnchecked(JavaUtils.java:117)
	at org.apache.ratis.server.impl.RaftServerImpl.lambda$executeSubmitServerRequestAsync$11(RaftServerImpl.java:818)
	at java.base/java.util.concurrent.CompletableFuture$AsyncSupply.run(CompletableFuture.java:1700)
	... 3 more
2023-02-23 08:49:05,516 [grpc-default-executor-0] WARN  server.GrpcServerProtocolService (LogUtils.java:warn(124)) - s2: Failed APPEND_ENTRIES request s1->s2#3233-t5,previous=(t:5, i:110),leaderCommit=106,initializing? true,entries: size=1, first=(t:5, i:111), STATEMACHINELOGENTRY, 426@client-AFE3C13319D4
java.util.concurrent.CompletionException: org.apache.ratis.server.raftlog.RaftLogIOException: Log already failed at index 107 for task WriteLog:107: (t:5, i:107), STATEMACHINELOGENTRY, StateMachineLogEntryProto:426@client-AFE3C13319D4
	at java.base/java.util.concurrent.CompletableFuture.encodeThrowable(CompletableFuture.java:331)
	at java.base/java.util.concurrent.CompletableFuture.completeThrowable(CompletableFuture.java:346)
	at java.base/java.util.concurrent.CompletableFuture$BiRelay.tryFire(CompletableFuture.java:1423)
	at java.base/java.util.concurrent.CompletableFuture$CoCompletion.tryFire(CompletableFuture.java:1144)
	at java.base/java.util.concurrent.CompletableFuture.postComplete(CompletableFuture.java:506)
	at java.base/java.util.concurrent.CompletableFuture.completeExceptionally(CompletableFuture.java:2088)
	at org.apache.ratis.server.raftlog.segmented.SegmentedRaftLog$Task.failed(SegmentedRaftLog.java:105)
	at org.apache.ratis.server.raftlog.segmented.SegmentedRaftLogWorker$WriteLog.failed(SegmentedRaftLogWorker.java:514)
	at org.apache.ratis.server.raftlog.segmented.SegmentedRaftLogWorker.run(SegmentedRaftLogWorker.java:312)
	at java.base/java.util.concurrent.Executors$RunnableAdapter.call(Executors.java:515)
	at java.base/java.util.concurrent.FutureTask.run(FutureTask.java:264)
	at java.base/java.util.concurrent.ThreadPoolExecutor.runWorker(ThreadPoolExecutor.java:1128)
	at java.base/java.util.concurrent.ThreadPoolExecutor$Worker.run(ThreadPoolExecutor.java:628)
	at java.base/java.lang.Thread.run(Thread.java:829)
Caused by: org.apache.ratis.server.raftlog.RaftLogIOException: Log already failed at index 107 for task WriteLog:107: (t:5, i:107), STATEMACHINELOGENTRY, StateMachineLogEntryProto:426@client-AFE3C13319D4
	at org.apache.ratis.server.raftlog.segmented.SegmentedRaftLogWorker.run(SegmentedRaftLogWorker.java:315)
	... 5 more
Caused by: java.io.IOException: java.lang.IllegalStateException: Null stream: entry=term: 5
index: 107
stateMachineLogEntry {
  type: DATASTREAM
  clientId: "hg\313\375(\352N\363\225\245\257\343\3013\031\324"
  callId: 426
}

	at org.apache.ratis.util.IOUtils.asIOException(IOUtils.java:56)
	at org.apache.ratis.util.IOUtils.toIOException(IOUtils.java:61)
	at org.apache.ratis.util.IOUtils.getFromFuture(IOUtils.java:85)
	at org.apache.ratis.server.raftlog.segmented.SegmentedRaftLogWorker$StateMachineDataPolicy.getFromFuture(SegmentedRaftLogWorker.java:88)
	at org.apache.ratis.server.raftlog.segmented.SegmentedRaftLogWorker$WriteLog.execute(SegmentedRaftLogWorker.java:535)
	at org.apache.ratis.server.raftlog.segmented.SegmentedRaftLogWorker.run(SegmentedRaftLogWorker.java:303)
	... 5 more
Caused by: java.lang.IllegalStateException: Null stream: entry=term: 5
index: 107
stateMachineLogEntry {
  type: DATASTREAM
  clientId: "hg\313\375(\352N\363\225\245\257\343\3013\031\324"
  callId: 426
}

	at org.apache.ratis.datastream.DataStreamTestUtils$MultiDataStreamStateMachine.link(DataStreamTestUtils.java:159)
	at org.apache.ratis.server.raftlog.segmented.SegmentedRaftLogWorker$WriteLog.<init>(SegmentedRaftLogWorker.java:492)
	at org.apache.ratis.server.raftlog.segmented.SegmentedRaftLogWorker.writeLogEntry(SegmentedRaftLogWorker.java:438)
	at org.apache.ratis.server.raftlog.segmented.SegmentedRaftLog.appendEntryImpl(SegmentedRaftLog.java:409)
	at org.apache.ratis.server.raftlog.RaftLogBase.lambda$appendEntry$10(RaftLogBase.java:330)
	at org.apache.ratis.server.raftlog.RaftLogSequentialOps$Runner.runSequentially(RaftLogSequentialOps.java:78)
	at org.apache.ratis.server.raftlog.RaftLogBase.appendEntry(RaftLogBase.java:330)
	at org.apache.ratis.server.raftlog.segmented.SegmentedRaftLog.appendImpl(SegmentedRaftLog.java:456)
	at org.apache.ratis.server.raftlog.RaftLogBase.lambda$append$11(RaftLogBase.java:337)
	at org.apache.ratis.server.raftlog.RaftLogSequentialOps$Runner.runSequentially(RaftLogSequentialOps.java:69)
	at org.apache.ratis.server.raftlog.RaftLogBase.append(RaftLogBase.java:337)
	at org.apache.ratis.server.impl.RaftServerImpl.appendEntriesAsync(RaftServerImpl.java:1528)
	at org.apache.ratis.server.impl.RaftServerImpl.appendEntriesAsync(RaftServerImpl.java:1396)
	at org.apache.ratis.server.impl.RaftServerProxy.lambda$appendEntriesAsync$26(RaftServerProxy.java:639)
	at org.apache.ratis.util.JavaUtils.callAsUnchecked(JavaUtils.java:117)
	at org.apache.ratis.server.impl.RaftServerImpl.lambda$executeSubmitServerRequestAsync$11(RaftServerImpl.java:818)
	at java.base/java.util.concurrent.CompletableFuture$AsyncSupply.run(CompletableFuture.java:1700)
	... 3 more
2023-02-23 08:49:05,525 [grpc-default-executor-0] WARN  server.GrpcLogAppender (LogUtils.java:warn(124)) - s1@group-D5CC796A79A9->s0-AppendLogResponseHandler: Failed appendEntries
org.apache.ratis.server.raftlog.RaftLogIOException: Log already failed at index 107 for task WriteLog:107: (t:5, i:107), STATEMACHINELOGENTRY, StateMachineLogEntryProto:426@client-AFE3C13319D4
	at org.apache.ratis.server.raftlog.segmented.SegmentedRaftLogWorker.run(SegmentedRaftLogWorker.java:315)
	at java.base/java.util.concurrent.Executors$RunnableAdapter.call(Executors.java:515)
	at java.base/java.util.concurrent.FutureTask.run(FutureTask.java:264)
	at java.base/java.util.concurrent.ThreadPoolExecutor.runWorker(ThreadPoolExecutor.java:1128)
	at java.base/java.util.concurrent.ThreadPoolExecutor$Worker.run(ThreadPoolExecutor.java:628)
	at java.base/java.lang.Thread.run(Thread.java:829)
Caused by: java.io.IOException: java.lang.IllegalStateException: Null stream: entry=term: 5
index: 107
stateMachineLogEntry {
  type: DATASTREAM
  clientId: "hg\313\375(\352N\363\225\245\257\343\3013\031\324"
  callId: 426
}

	at org.apache.ratis.util.IOUtils.asIOException(IOUtils.java:56)
	at org.apache.ratis.util.IOUtils.toIOException(IOUtils.java:61)
	at org.apache.ratis.util.IOUtils.getFromFuture(IOUtils.java:85)
	at org.apache.ratis.server.raftlog.segmented.SegmentedRaftLogWorker$StateMachineDataPolicy.getFromFuture(SegmentedRaftLogWorker.java:88)
	at org.apache.ratis.server.raftlog.segmented.SegmentedRaftLogWorker$WriteLog.execute(SegmentedRaftLogWorker.java:535)
	at org.apache.ratis.server.raftlog.segmented.SegmentedRaftLogWorker.run(SegmentedRaftLogWorker.java:303)
	... 5 more
Caused by: java.lang.IllegalStateException: Null stream: entry=term: 5
index: 107
stateMachineLogEntry {
  type: DATASTREAM
  clientId: "hg\313\375(\352N\363\225\245\257\343\3013\031\324"
  callId: 426
}

	at org.apache.ratis.datastream.DataStreamTestUtils$MultiDataStreamStateMachine.link(DataStreamTestUtils.java:159)
	at org.apache.ratis.server.raftlog.segmented.SegmentedRaftLogWorker$WriteLog.<init>(SegmentedRaftLogWorker.java:492)
	at org.apache.ratis.server.raftlog.segmented.SegmentedRaftLogWorker.writeLogEntry(SegmentedRaftLogWorker.java:438)
	at org.apache.ratis.server.raftlog.segmented.SegmentedRaftLog.appendEntryImpl(SegmentedRaftLog.java:409)
	at org.apache.ratis.server.raftlog.RaftLogBase.lambda$appendEntry$10(RaftLogBase.java:330)
	at org.apache.ratis.server.raftlog.RaftLogSequentialOps$Runner.runSequentially(RaftLogSequentialOps.java:78)
	at org.apache.ratis.server.raftlog.RaftLogBase.appendEntry(RaftLogBase.java:330)
	at org.apache.ratis.server.raftlog.segmented.SegmentedRaftLog.appendImpl(SegmentedRaftLog.java:456)
	at org.apache.ratis.server.raftlog.RaftLogBase.lambda$append$11(RaftLogBase.java:337)
	at org.apache.ratis.server.raftlog.RaftLogSequentialOps$Runner.runSequentially(RaftLogSequentialOps.java:69)
	at org.apache.ratis.server.raftlog.RaftLogBase.append(RaftLogBase.java:337)
	at org.apache.ratis.server.impl.RaftServerImpl.appendEntriesAsync(RaftServerImpl.java:1528)
	at org.apache.ratis.server.impl.RaftServerImpl.appendEntriesAsync(RaftServerImpl.java:1396)
	at org.apache.ratis.server.impl.RaftServerProxy.lambda$appendEntriesAsync$26(RaftServerProxy.java:639)
	at org.apache.ratis.util.JavaUtils.callAsUnchecked(JavaUtils.java:117)
	at org.apache.ratis.server.impl.RaftServerImpl.lambda$executeSubmitServerRequestAsync$11(RaftServerImpl.java:818)
	at java.base/java.util.concurrent.CompletableFuture$AsyncSupply.run(CompletableFuture.java:1700)
	... 3 more
2023-02-23 08:49:05,525 [grpc-default-executor-0] INFO  leader.FollowerInfo (FollowerInfoImpl.java:lambda$new$0(52)) - s1@group-D5CC796A79A9->s0: nextIndex: updateUnconditionally 112 -> 111
2023-02-23 08:49:05,528 [grpc-default-executor-0] WARN  server.GrpcLogAppender (LogUtils.java:warn(124)) - s1@group-D5CC796A79A9->s2-AppendLogResponseHandler: Failed appendEntries
org.apache.ratis.server.raftlog.RaftLogIOException: Log already failed at index 107 for task WriteLog:107: (t:5, i:107), STATEMACHINELOGENTRY, StateMachineLogEntryProto:426@client-AFE3C13319D4
	at org.apache.ratis.server.raftlog.segmented.SegmentedRaftLogWorker.run(SegmentedRaftLogWorker.java:315)
	at java.base/java.util.concurrent.Executors$RunnableAdapter.call(Executors.java:515)
	at java.base/java.util.concurrent.FutureTask.run(FutureTask.java:264)
	at java.base/java.util.concurrent.ThreadPoolExecutor.runWorker(ThreadPoolExecutor.java:1128)
	at java.base/java.util.concurrent.ThreadPoolExecutor$Worker.run(ThreadPoolExecutor.java:628)
	at java.base/java.lang.Thread.run(Thread.java:829)
Caused by: java.io.IOException: java.lang.IllegalStateException: Null stream: entry=term: 5
index: 107
stateMachineLogEntry {
  type: DATASTREAM
  clientId: "hg\313\375(\352N\363\225\245\257\343\3013\031\324"
  callId: 426
}

	at org.apache.ratis.util.IOUtils.asIOException(IOUtils.java:56)
	at org.apache.ratis.util.IOUtils.toIOException(IOUtils.java:61)
	at org.apache.ratis.util.IOUtils.getFromFuture(IOUtils.java:85)
	at org.apache.ratis.server.raftlog.segmented.SegmentedRaftLogWorker$StateMachineDataPolicy.getFromFuture(SegmentedRaftLogWorker.java:88)
	at org.apache.ratis.server.raftlog.segmented.SegmentedRaftLogWorker$WriteLog.execute(SegmentedRaftLogWorker.java:535)
	at org.apache.ratis.server.raftlog.segmented.SegmentedRaftLogWorker.run(SegmentedRaftLogWorker.java:303)
	... 5 more
Caused by: java.lang.IllegalStateException: Null stream: entry=term: 5
index: 107
stateMachineLogEntry {
  type: DATASTREAM
  clientId: "hg\313\375(\352N\363\225\245\257\343\3013\031\324"
  callId: 426
}

	at org.apache.ratis.datastream.DataStreamTestUtils$MultiDataStreamStateMachine.link(DataStreamTestUtils.java:159)
	at org.apache.ratis.server.raftlog.segmented.SegmentedRaftLogWorker$WriteLog.<init>(SegmentedRaftLogWorker.java:492)
	at org.apache.ratis.server.raftlog.segmented.SegmentedRaftLogWorker.writeLogEntry(SegmentedRaftLogWorker.java:438)
	at org.apache.ratis.server.raftlog.segmented.SegmentedRaftLog.appendEntryImpl(SegmentedRaftLog.java:409)
	at org.apache.ratis.server.raftlog.RaftLogBase.lambda$appendEntry$10(RaftLogBase.java:330)
	at org.apache.ratis.server.raftlog.RaftLogSequentialOps$Runner.runSequentially(RaftLogSequentialOps.java:78)
	at org.apache.ratis.server.raftlog.RaftLogBase.appendEntry(RaftLogBase.java:330)
	at org.apache.ratis.server.raftlog.segmented.SegmentedRaftLog.appendImpl(SegmentedRaftLog.java:456)
	at org.apache.ratis.server.raftlog.RaftLogBase.lambda$append$11(RaftLogBase.java:337)
	at org.apache.ratis.server.raftlog.RaftLogSequentialOps$Runner.runSequentially(RaftLogSequentialOps.java:69)
	at org.apache.ratis.server.raftlog.RaftLogBase.append(RaftLogBase.java:337)
	at org.apache.ratis.server.impl.RaftServerImpl.appendEntriesAsync(RaftServerImpl.java:1528)
	at org.apache.ratis.server.impl.RaftServerImpl.appendEntriesAsync(RaftServerImpl.java:1396)
	at org.apache.ratis.server.impl.RaftServerProxy.lambda$appendEntriesAsync$26(RaftServerProxy.java:639)
	at org.apache.ratis.util.JavaUtils.callAsUnchecked(JavaUtils.java:117)
	at org.apache.ratis.server.impl.RaftServerImpl.lambda$executeSubmitServerRequestAsync$11(RaftServerImpl.java:818)
	at java.base/java.util.concurrent.CompletableFuture$AsyncSupply.run(CompletableFuture.java:1700)
	... 3 more
2023-02-23 08:49:05,528 [grpc-default-executor-0] INFO  leader.FollowerInfo (FollowerInfoImpl.java:lambda$new$0(52)) - s1@group-D5CC796A79A9->s2: nextIndex: updateUnconditionally 112 -> 111
2023-02-23 08:49:10,029 [Timer-2] INFO  impl.MiniRaftCluster (MiniRaftCluster.java:lambda$start$6(349)) - TIMED-PRINT: printing ALL groups
  s0:  RUNNING  FOLLOWER s0@group-D5CC796A79A9:t5, leader=s1, voted=s1, raftlog=Memoized:s0@group-D5CC796A79A9-SegmentedRaftLog:OPENED:c106, conf=105: peers:[s0|rpc:localhost:44609|admin:localhost:43339|client:localhost:35167|dataStream:localhost:45017|priority:0|startupRole:FOLLOWER, s1|rpc:localhost:46005|admin:localhost:39871|client:localhost:43155|dataStream:localhost:44881|priority:0|startupRole:FOLLOWER, s2|rpc:localhost:40131|admin:localhost:41173|client:localhost:45441|dataStream:localhost:41833|priority:0|startupRole:FOLLOWER]|listeners:[], old=null RUNNING
  s1:  RUNNING    LEADER s1@group-D5CC796A79A9:t5, leader=s1, voted=s1, raftlog=Memoized:s1@group-D5CC796A79A9-SegmentedRaftLog:OPENED:c106, conf=105: peers:[s0|rpc:localhost:44609|admin:localhost:43339|client:localhost:35167|dataStream:localhost:45017|priority:0|startupRole:FOLLOWER, s1|rpc:localhost:46005|admin:localhost:39871|client:localhost:43155|dataStream:localhost:44881|priority:0|startupRole:FOLLOWER, s2|rpc:localhost:40131|admin:localhost:41173|client:localhost:45441|dataStream:localhost:41833|priority:0|startupRole:FOLLOWER]|listeners:[], old=null RUNNING
  s2:  RUNNING  FOLLOWER s2@group-D5CC796A79A9:t5, leader=s1, voted=s1, raftlog=Memoized:s2@group-D5CC796A79A9-SegmentedRaftLog:OPENED:c106, conf=105: peers:[s0|rpc:localhost:44609|admin:localhost:43339|client:localhost:35167|dataStream:localhost:45017|priority:0|startupRole:FOLLOWER, s1|rpc:localhost:46005|admin:localhost:39871|client:localhost:43155|dataStream:localhost:44881|priority:0|startupRole:FOLLOWER, s2|rpc:localhost:40131|admin:localhost:41173|client:localhost:45441|dataStream:localhost:41833|priority:0|startupRole:FOLLOWER]|listeners:[], old=null RUNNING
2023-02-23 08:49:11,513 [timer1] WARN  grpc.GrpcUtil (GrpcUtil.java:shutdownManagedChannel(223)) - Timed out gracefully shutting down connection: ManagedChannelOrphanWrapper{delegate=ManagedChannelImpl{logId=963, target=localhost:43155}}. 
]]></system-out>
  </testcase>
  <testcase name="testStreamWrites" classname="org.apache.ratis.datastream.TestNettyDataStreamStarTopologyWithGrpcCluster" time="4.163"/>
</testsuite>