<?xml version="1.0" encoding="UTF-8"?>
<testsuite xmlns:xsi="http://www.w3.org/2001/XMLSchema-instance" xsi:noNamespaceSchemaLocation="https://maven.apache.org/surefire/maven-surefire-plugin/xsd/surefire-test-report.xsd" name="org.apache.ratis.grpc.TestReadOnlyRequestWithGrpc" time="20.535" tests="6" errors="1" skipped="0" failures="0">
  <properties>
    <property name="awt.toolkit" value="sun.awt.X11.XToolkit"/>
    <property name="java.specification.version" value="11"/>
    <property name="sun.cpu.isalist" value=""/>
    <property name="sun.jnu.encoding" value="UTF-8"/>
    <property name="java.class.path" value="/home/runner/work/ratis/ratis/ratis-test/target/test-classes:/home/runner/work/ratis/ratis/ratis-test/target/classes:/home/runner/work/ratis/ratis/ratis-common/target/classes:/home/runner/.m2/repository/org/apache/ratis/ratis-thirdparty-misc/1.0.3/ratis-thirdparty-misc-1.0.3.jar:/home/runner/work/ratis/ratis/ratis-proto/target/ratis-proto-3.0.0-SNAPSHOT.jar:/home/runner/work/ratis/ratis/ratis-common/target/test-classes:/home/runner/work/ratis/ratis/ratis-client/target/classes:/home/runner/work/ratis/ratis/ratis-server/target/classes:/home/runner/work/ratis/ratis/ratis-server-api/target/classes:/home/runner/work/ratis/ratis/ratis-metrics-api/target/classes:/home/runner/work/ratis/ratis/ratis-server/target/test-classes:/home/runner/work/ratis/ratis/ratis-metrics-default/target/classes:/home/runner/work/ratis/ratis/ratis-netty/target/classes:/home/runner/work/ratis/ratis/ratis-netty/target/test-classes:/home/runner/work/ratis/ratis/ratis-grpc/target/classes:/home/runner/work/ratis/ratis/ratis-grpc/target/test-classes:/home/runner/work/ratis/ratis/ratis-shell/target/classes:/home/runner/.m2/repository/commons-cli/commons-cli/1.5.0/commons-cli-1.5.0.jar:/home/runner/.m2/repository/org/reflections/reflections/0.10.2/reflections-0.10.2.jar:/home/runner/.m2/repository/org/javassist/javassist/3.28.0-GA/javassist-3.28.0-GA.jar:/home/runner/.m2/repository/com/google/code/findbugs/jsr305/3.0.2/jsr305-3.0.2.jar:/home/runner/.m2/repository/org/bouncycastle/bcprov-jdk15on/1.70/bcprov-jdk15on-1.70.jar:/home/runner/.m2/repository/org/bouncycastle/bcpkix-jdk15on/1.70/bcpkix-jdk15on-1.70.jar:/home/runner/.m2/repository/org/bouncycastle/bcutil-jdk15on/1.70/bcutil-jdk15on-1.70.jar:/home/runner/.m2/repository/org/slf4j/slf4j-api/1.7.36/slf4j-api-1.7.36.jar:/home/runner/.m2/repository/org/slf4j/slf4j-reload4j/1.7.36/slf4j-reload4j-1.7.36.jar:/home/runner/.m2/repository/ch/qos/reload4j/reload4j/1.2.19/reload4j-1.2.19.jar:/home/runner/.m2/repository/junit/junit/4.13.2/junit-4.13.2.jar:/home/runner/.m2/repository/org/hamcrest/hamcrest-core/1.3/hamcrest-core-1.3.jar:/home/runner/.m2/repository/org/mockito/mockito-core/4.3.1/mockito-core-4.3.1.jar:/home/runner/.m2/repository/net/bytebuddy/byte-buddy/1.12.7/byte-buddy-1.12.7.jar:/home/runner/.m2/repository/net/bytebuddy/byte-buddy-agent/1.12.7/byte-buddy-agent-1.12.7.jar:/home/runner/.m2/repository/org/objenesis/objenesis/3.2/objenesis-3.2.jar:"/>
    <property name="java.vm.vendor" value="Eclipse Adoptium"/>
    <property name="sun.arch.data.model" value="64"/>
    <property name="java.vendor.url" value="https://adoptium.net/"/>
    <property name="user.timezone" value=""/>
    <property name="java.vm.specification.version" value="11"/>
    <property name="os.name" value="Linux"/>
    <property name="sun.java.launcher" value="SUN_STANDARD"/>
    <property name="sun.boot.library.path" value="/usr/lib/jvm/temurin-11-jdk-amd64/lib"/>
    <property name="sun.java.command" value="/home/runner/work/ratis/ratis/ratis-test/target/surefire/surefirebooter1301397928684669158.jar /home/runner/work/ratis/ratis/ratis-test/target/surefire 2023-03-09T02-53-36_244-jvmRun1 surefire9084695677959128087tmp surefire_134299148013275148673tmp"/>
    <property name="jdk.debug" value="release"/>
    <property name="surefire.test.class.path" value="/home/runner/work/ratis/ratis/ratis-test/target/test-classes:/home/runner/work/ratis/ratis/ratis-test/target/classes:/home/runner/work/ratis/ratis/ratis-common/target/classes:/home/runner/.m2/repository/org/apache/ratis/ratis-thirdparty-misc/1.0.3/ratis-thirdparty-misc-1.0.3.jar:/home/runner/work/ratis/ratis/ratis-proto/target/ratis-proto-3.0.0-SNAPSHOT.jar:/home/runner/work/ratis/ratis/ratis-common/target/test-classes:/home/runner/work/ratis/ratis/ratis-client/target/classes:/home/runner/work/ratis/ratis/ratis-server/target/classes:/home/runner/work/ratis/ratis/ratis-server-api/target/classes:/home/runner/work/ratis/ratis/ratis-metrics-api/target/classes:/home/runner/work/ratis/ratis/ratis-server/target/test-classes:/home/runner/work/ratis/ratis/ratis-metrics-default/target/classes:/home/runner/work/ratis/ratis/ratis-netty/target/classes:/home/runner/work/ratis/ratis/ratis-netty/target/test-classes:/home/runner/work/ratis/ratis/ratis-grpc/target/classes:/home/runner/work/ratis/ratis/ratis-grpc/target/test-classes:/home/runner/work/ratis/ratis/ratis-shell/target/classes:/home/runner/.m2/repository/commons-cli/commons-cli/1.5.0/commons-cli-1.5.0.jar:/home/runner/.m2/repository/org/reflections/reflections/0.10.2/reflections-0.10.2.jar:/home/runner/.m2/repository/org/javassist/javassist/3.28.0-GA/javassist-3.28.0-GA.jar:/home/runner/.m2/repository/com/google/code/findbugs/jsr305/3.0.2/jsr305-3.0.2.jar:/home/runner/.m2/repository/org/bouncycastle/bcprov-jdk15on/1.70/bcprov-jdk15on-1.70.jar:/home/runner/.m2/repository/org/bouncycastle/bcpkix-jdk15on/1.70/bcpkix-jdk15on-1.70.jar:/home/runner/.m2/repository/org/bouncycastle/bcutil-jdk15on/1.70/bcutil-jdk15on-1.70.jar:/home/runner/.m2/repository/org/slf4j/slf4j-api/1.7.36/slf4j-api-1.7.36.jar:/home/runner/.m2/repository/org/slf4j/slf4j-reload4j/1.7.36/slf4j-reload4j-1.7.36.jar:/home/runner/.m2/repository/ch/qos/reload4j/reload4j/1.2.19/reload4j-1.2.19.jar:/home/runner/.m2/repository/junit/junit/4.13.2/junit-4.13.2.jar:/home/runner/.m2/repository/org/hamcrest/hamcrest-core/1.3/hamcrest-core-1.3.jar:/home/runner/.m2/repository/org/mockito/mockito-core/4.3.1/mockito-core-4.3.1.jar:/home/runner/.m2/repository/net/bytebuddy/byte-buddy/1.12.7/byte-buddy-1.12.7.jar:/home/runner/.m2/repository/net/bytebuddy/byte-buddy-agent/1.12.7/byte-buddy-agent-1.12.7.jar:/home/runner/.m2/repository/org/objenesis/objenesis/3.2/objenesis-3.2.jar:"/>
    <property name="sun.cpu.endian" value="little"/>
    <property name="user.home" value="/home/runner"/>
    <property name="user.language" value="en"/>
    <property name="java.specification.vendor" value="Oracle Corporation"/>
    <property name="java.version.date" value="2023-01-17"/>
    <property name="java.home" value="/usr/lib/jvm/temurin-11-jdk-amd64"/>
    <property name="file.separator" value="/"/>
    <property name="basedir" value="/home/runner/work/ratis/ratis/ratis-test"/>
    <property name="java.vm.compressedOopsMode" value="32-bit"/>
    <property name="line.separator" value="&#10;"/>
    <property name="java.specification.name" value="Java Platform API Specification"/>
    <property name="java.vm.specification.vendor" value="Oracle Corporation"/>
    <property name="java.awt.graphicsenv" value="sun.awt.X11GraphicsEnvironment"/>
    <property name="surefire.real.class.path" value="/home/runner/work/ratis/ratis/ratis-test/target/surefire/surefirebooter1301397928684669158.jar"/>
    <property name="sun.management.compiler" value="HotSpot 64-Bit Tiered Compilers"/>
    <property name="java.runtime.version" value="11.0.18+10"/>
    <property name="user.name" value="runner"/>
    <property name="java.net.preferIPv4Stack" value="true"/>
    <property name="path.separator" value=":"/>
    <property name="os.version" value="5.15.0-1034-azure"/>
    <property name="java.runtime.name" value="OpenJDK Runtime Environment"/>
    <property name="file.encoding" value="UTF-8"/>
    <property name="java.vm.name" value="OpenJDK 64-Bit Server VM"/>
    <property name="java.vendor.version" value="Temurin-11.0.18+10"/>
    <property name="localRepository" value="/home/runner/.m2/repository"/>
    <property name="java.vendor.url.bug" value="https://github.com/adoptium/adoptium-support/issues"/>
    <property name="java.io.tmpdir" value="/tmp"/>
    <property name="java.version" value="11.0.18"/>
    <property name="user.dir" value="/home/runner/work/ratis/ratis/ratis-test"/>
    <property name="os.arch" value="amd64"/>
    <property name="ratis.tmp.dir" value="/home/runner/work/ratis/ratis/ratis-test/target/tmp"/>
    <property name="java.vm.specification.name" value="Java Virtual Machine Specification"/>
    <property name="java.awt.printerjob" value="sun.print.PSPrinterJob"/>
    <property name="ratis.log.dir" value="/home/runner/work/ratis/ratis/ratis-test/target/log"/>
    <property name="sun.os.patch.level" value="unknown"/>
    <property name="java.library.path" value="/usr/java/packages/lib:/usr/lib64:/lib64:/lib:/usr/lib"/>
    <property name="java.vm.info" value="mixed mode"/>
    <property name="java.vendor" value="Eclipse Adoptium"/>
    <property name="java.vm.version" value="11.0.18+10"/>
    <property name="sun.io.unicode.encoding" value="UnicodeLittle"/>
    <property name="java.class.version" value="55.0"/>
  </properties>
  <testcase name="testFollowerLinearizableReadFailWhenLeaderDown" classname="org.apache.ratis.grpc.TestReadOnlyRequestWithGrpc" time="3.41"/>
  <testcase name="testFollowerLinearizableRead" classname="org.apache.ratis.grpc.TestReadOnlyRequestWithGrpc" time="6.704">
    <error type="java.util.concurrent.TimeoutException">java.util.concurrent.TimeoutException
	at java.base/java.util.concurrent.CompletableFuture.timedGet(CompletableFuture.java:1886)
	at java.base/java.util.concurrent.CompletableFuture.get(CompletableFuture.java:2021)
	at org.apache.ratis.ReadOnlyRequestTests.testFollowerLinearizableReadImpl(ReadOnlyRequestTests.java:147)
	at org.apache.ratis.server.impl.MiniRaftCluster$Factory$Get.runWithNewCluster(MiniRaftCluster.java:141)
	at org.apache.ratis.server.impl.MiniRaftCluster$Factory$Get.runWithNewCluster(MiniRaftCluster.java:121)
	at org.apache.ratis.ReadOnlyRequestTests.testFollowerLinearizableRead(ReadOnlyRequestTests.java:128)
	at java.base/jdk.internal.reflect.NativeMethodAccessorImpl.invoke0(Native Method)
	at java.base/jdk.internal.reflect.NativeMethodAccessorImpl.invoke(NativeMethodAccessorImpl.java:62)
	at java.base/jdk.internal.reflect.DelegatingMethodAccessorImpl.invoke(DelegatingMethodAccessorImpl.java:43)
	at java.base/java.lang.reflect.Method.invoke(Method.java:566)
	at org.junit.runners.model.FrameworkMethod$1.runReflectiveCall(FrameworkMethod.java:59)
	at org.junit.internal.runners.model.ReflectiveCallable.run(ReflectiveCallable.java:12)
	at org.junit.runners.model.FrameworkMethod.invokeExplosively(FrameworkMethod.java:56)
	at org.junit.internal.runners.statements.InvokeMethod.evaluate(InvokeMethod.java:17)
	at org.junit.internal.runners.statements.RunBefores.evaluate(RunBefores.java:26)
	at org.junit.internal.runners.statements.RunAfters.evaluate(RunAfters.java:27)
	at org.junit.internal.runners.statements.FailOnTimeout$CallableStatement.call(FailOnTimeout.java:299)
	at org.junit.internal.runners.statements.FailOnTimeout$CallableStatement.call(FailOnTimeout.java:293)
	at java.base/java.util.concurrent.FutureTask.run(FutureTask.java:264)
	at java.base/java.lang.Thread.run(Thread.java:829)
</error>
    <system-out><![CDATA[2023-03-09 02:58:32,995 [main] INFO  util.LogUtils (Slf4jUtils.java:setLogLevel(38)) - Successfully set org.apache.ratis.conf.ConfUtils log level to WARN
2023-03-09 02:58:32,995 [main] INFO  util.LogUtils (Slf4jUtils.java:setLogLevel(38)) - Successfully set org.apache.ratis.util.FileUtils log level to TRACE
2023-03-09 02:58:32,995 [main] INFO  util.LogUtils (Slf4jUtils.java:setLogLevel(38)) - Successfully set org.apache.ratis.server.RaftServer$Division log level to DEBUG
2023-03-09 02:58:32,997 [Time-limited test] INFO  impl.MiniRaftCluster (MiniRaftCluster.java:runWithNewCluster(135)) - Running runWithNewCluster
2023-03-09 02:58:32,997 [Time-limited test] INFO  impl.MiniRaftCluster (MiniRaftCluster.java:<init>(306)) - new MiniRaftClusterWithGrpc with group-9429A86137B5:[s0|rpc:localhost:45361|admin:localhost:38109|client:localhost:34017|dataStream:localhost:46067|priority:0|startupRole:FOLLOWER, s1|rpc:localhost:40827|admin:localhost:41045|client:localhost:42243|dataStream:localhost:41487|priority:0|startupRole:FOLLOWER, s2|rpc:localhost:33089|admin:localhost:33701|client:localhost:39731|dataStream:localhost:38483|priority:0|startupRole:FOLLOWER]
2023-03-09 02:58:32,998 [Time-limited test] INFO  impl.MiniRaftCluster (MiniRaftCluster.java:start(339)) - .............................................................. 
2023-03-09 02:58:32,998 [Time-limited test] INFO  impl.MiniRaftCluster (MiniRaftCluster.java:start(340)) - ... 
2023-03-09 02:58:32,998 [Time-limited test] INFO  impl.MiniRaftCluster (MiniRaftCluster.java:start(341)) - ...     Starting MiniRaftClusterWithGrpc
2023-03-09 02:58:32,998 [Time-limited test] INFO  impl.MiniRaftCluster (MiniRaftCluster.java:start(342)) - ... 
2023-03-09 02:58:32,998 [Time-limited test] INFO  impl.MiniRaftCluster (MiniRaftCluster.java:start(343)) - .............................................................. 
2023-03-09 02:58:32,998 [Time-limited test] INFO  impl.MiniRaftCluster (MiniRaftCluster.java:initServers(318)) - servers = {}
2023-03-09 02:58:32,998 [Time-limited test] INFO  impl.MiniRaftCluster (MiniRaftCluster.java:newRaftServer(382)) - newRaftServer: s0, group-9429A86137B5:[s0|rpc:localhost:45361|admin:localhost:38109|client:localhost:34017|dataStream:localhost:46067|priority:0|startupRole:FOLLOWER, s1|rpc:localhost:40827|admin:localhost:41045|client:localhost:42243|dataStream:localhost:41487|priority:0|startupRole:FOLLOWER, s2|rpc:localhost:33089|admin:localhost:33701|client:localhost:39731|dataStream:localhost:38483|priority:0|startupRole:FOLLOWER], format? true
2023-03-09 02:58:32,998 [Time-limited test] TRACE util.FileUtils (FileUtils.java:deleteFully(201)) - deleteFully target/test/data/914aaede/MiniRaftClusterWithGrpcab88bf1e/s0
2023-03-09 02:58:32,998 [Time-limited test] TRACE util.FileUtils (FileUtils.java:deleteFully(217)) - deleteFully: target/test/data/914aaede/MiniRaftClusterWithGrpcab88bf1e/s0 does not exist.
2023-03-09 02:58:32,998 [Time-limited test] INFO  impl.MiniRaftCluster (MiniRaftCluster.java:newRaftServer(387)) - Formatted directory target/test/data/914aaede/MiniRaftClusterWithGrpcab88bf1e/s0
2023-03-09 02:58:32,998 [Time-limited test] INFO  server.RaftServer (ConfUtils.java:logGet(46)) - raft.rpc.type = GRPC (default)
2023-03-09 02:58:32,999 [Time-limited test] INFO  grpc.GrpcConfigKeys (ConfUtils.java:logFallback(53)) - raft.grpc.admin.host = null (fallback to raft.grpc.server.host)
2023-03-09 02:58:32,999 [Time-limited test] INFO  grpc.GrpcConfigKeys (ConfUtils.java:logGet(46)) - raft.grpc.admin.port = 38109 (custom)
2023-03-09 02:58:32,999 [Time-limited test] INFO  grpc.GrpcConfigKeys (ConfUtils.java:logFallback(53)) - raft.grpc.client.host = null (fallback to raft.grpc.server.host)
2023-03-09 02:58:32,999 [Time-limited test] INFO  grpc.GrpcConfigKeys (ConfUtils.java:logGet(46)) - raft.grpc.client.port = 34017 (custom)
2023-03-09 02:58:32,999 [Time-limited test] INFO  grpc.GrpcConfigKeys (ConfUtils.java:logGet(46)) - raft.grpc.server.host = null (default)
2023-03-09 02:58:32,999 [Time-limited test] INFO  grpc.GrpcConfigKeys (ConfUtils.java:logGet(46)) - raft.grpc.server.port = 45361 (custom)
2023-03-09 02:58:32,999 [Time-limited test] INFO  server.GrpcService (ConfUtils.java:logGet(46)) - raft.grpc.message.size.max = 64MB (=67108864) (default)
2023-03-09 02:58:32,999 [Time-limited test] INFO  server.RaftServerConfigKeys (ConfUtils.java:logGet(46)) - raft.server.log.appender.buffer.byte-limit = 4MB (=4194304) (default)
2023-03-09 02:58:32,999 [Time-limited test] INFO  server.GrpcService (ConfUtils.java:logGet(46)) - raft.grpc.flow.control.window = 1MB (=1048576) (default)
2023-03-09 02:58:32,999 [Time-limited test] INFO  server.RaftServerConfigKeys (ConfUtils.java:logGet(46)) - raft.server.rpc.request.timeout = 3000ms (default)
2023-03-09 02:58:32,999 [Time-limited test] INFO  grpc.GrpcConfigKeys (ConfUtils.java:logGet(46)) - raft.grpc.server.heartbeat.channel = true (default)
2023-03-09 02:58:32,999 [Time-limited test] INFO  grpc.GrpcConfigKeys (ConfUtils.java:logGet(46)) - raft.grpc.server.async.request.thread.pool.cached = true (default)
2023-03-09 02:58:32,999 [Time-limited test] INFO  grpc.GrpcConfigKeys (ConfUtils.java:logGet(46)) - raft.grpc.server.async.request.thread.pool.size = 32 (default)
2023-03-09 02:58:33,000 [Time-limited test] INFO  impl.DataStreamServerImpl (ConfUtils.java:logGet(46)) - raft.datastream.type = DISABLED (default)
2023-03-09 02:58:33,000 [Time-limited test] INFO  server.RaftServerConfigKeys (ConfUtils.java:logGet(46)) - raft.server.threadpool.proxy.cached = true (default)
2023-03-09 02:58:33,000 [Time-limited test] INFO  server.RaftServerConfigKeys (ConfUtils.java:logGet(46)) - raft.server.threadpool.proxy.size = 0 (default)
2023-03-09 02:58:33,001 [Time-limited test] INFO  server.RaftServerConfigKeys (ConfUtils.java:logGet(46)) - raft.server.rpc.slowness.timeout = 60s (default)
2023-03-09 02:58:33,001 [Time-limited test] INFO  server.RaftServerConfigKeys (ConfUtils.java:logGet(46)) - raft.server.leaderelection.leader.step-down.wait-time = 10s (default)
2023-03-09 02:58:33,001 [Time-limited test] INFO  server.RaftServerConfigKeys (ConfUtils.java:logGet(46)) - raft.server.storage.dir = [/home/runner/work/ratis/ratis/ratis-test/target/test/data/914aaede/MiniRaftClusterWithGrpcab88bf1e/s0] (custom)
2023-03-09 02:58:33,001 [Time-limited test] INFO  server.RaftServer (RaftServerProxy.java:addNew(99)) - s0: addNew group-9429A86137B5:[s0|rpc:localhost:45361|admin:localhost:38109|client:localhost:34017|dataStream:localhost:46067|priority:0|startupRole:FOLLOWER, s1|rpc:localhost:40827|admin:localhost:41045|client:localhost:42243|dataStream:localhost:41487|priority:0|startupRole:FOLLOWER, s2|rpc:localhost:33089|admin:localhost:33701|client:localhost:39731|dataStream:localhost:38483|priority:0|startupRole:FOLLOWER] returns group-9429A86137B5:java.util.concurrent.CompletableFuture@6e2621b[Not completed]
2023-03-09 02:58:33,001 [Time-limited test] INFO  impl.MiniRaftCluster (MiniRaftCluster.java:newRaftServer(382)) - newRaftServer: s1, group-9429A86137B5:[s0|rpc:localhost:45361|admin:localhost:38109|client:localhost:34017|dataStream:localhost:46067|priority:0|startupRole:FOLLOWER, s1|rpc:localhost:40827|admin:localhost:41045|client:localhost:42243|dataStream:localhost:41487|priority:0|startupRole:FOLLOWER, s2|rpc:localhost:33089|admin:localhost:33701|client:localhost:39731|dataStream:localhost:38483|priority:0|startupRole:FOLLOWER], format? true
2023-03-09 02:58:33,001 [Time-limited test] TRACE util.FileUtils (FileUtils.java:deleteFully(201)) - deleteFully target/test/data/914aaede/MiniRaftClusterWithGrpcab88bf1e/s1
2023-03-09 02:58:33,001 [Time-limited test] TRACE util.FileUtils (FileUtils.java:deleteFully(217)) - deleteFully: target/test/data/914aaede/MiniRaftClusterWithGrpcab88bf1e/s1 does not exist.
2023-03-09 02:58:33,001 [Time-limited test] INFO  impl.MiniRaftCluster (MiniRaftCluster.java:newRaftServer(387)) - Formatted directory target/test/data/914aaede/MiniRaftClusterWithGrpcab88bf1e/s1
2023-03-09 02:58:33,002 [Time-limited test] INFO  server.RaftServer (ConfUtils.java:logGet(46)) - raft.rpc.type = GRPC (default)
2023-03-09 02:58:33,002 [Time-limited test] INFO  grpc.GrpcConfigKeys (ConfUtils.java:logFallback(53)) - raft.grpc.admin.host = null (fallback to raft.grpc.server.host)
2023-03-09 02:58:33,002 [Time-limited test] INFO  grpc.GrpcConfigKeys (ConfUtils.java:logGet(46)) - raft.grpc.admin.port = 41045 (custom)
2023-03-09 02:58:33,002 [Time-limited test] INFO  grpc.GrpcConfigKeys (ConfUtils.java:logFallback(53)) - raft.grpc.client.host = null (fallback to raft.grpc.server.host)
2023-03-09 02:58:33,002 [Time-limited test] INFO  grpc.GrpcConfigKeys (ConfUtils.java:logGet(46)) - raft.grpc.client.port = 42243 (custom)
2023-03-09 02:58:33,002 [Time-limited test] INFO  grpc.GrpcConfigKeys (ConfUtils.java:logGet(46)) - raft.grpc.server.host = null (default)
2023-03-09 02:58:33,002 [Time-limited test] INFO  grpc.GrpcConfigKeys (ConfUtils.java:logGet(46)) - raft.grpc.server.port = 40827 (custom)
2023-03-09 02:58:33,002 [Time-limited test] INFO  server.GrpcService (ConfUtils.java:logGet(46)) - raft.grpc.message.size.max = 64MB (=67108864) (default)
2023-03-09 02:58:33,002 [Time-limited test] INFO  server.RaftServerConfigKeys (ConfUtils.java:logGet(46)) - raft.server.log.appender.buffer.byte-limit = 4MB (=4194304) (default)
2023-03-09 02:58:33,002 [Time-limited test] INFO  server.GrpcService (ConfUtils.java:logGet(46)) - raft.grpc.flow.control.window = 1MB (=1048576) (default)
2023-03-09 02:58:33,002 [Time-limited test] INFO  server.RaftServerConfigKeys (ConfUtils.java:logGet(46)) - raft.server.rpc.request.timeout = 3000ms (default)
2023-03-09 02:58:33,002 [Time-limited test] INFO  grpc.GrpcConfigKeys (ConfUtils.java:logGet(46)) - raft.grpc.server.heartbeat.channel = true (default)
2023-03-09 02:58:33,002 [Time-limited test] INFO  grpc.GrpcConfigKeys (ConfUtils.java:logGet(46)) - raft.grpc.server.async.request.thread.pool.cached = true (default)
2023-03-09 02:58:33,002 [Time-limited test] INFO  grpc.GrpcConfigKeys (ConfUtils.java:logGet(46)) - raft.grpc.server.async.request.thread.pool.size = 32 (default)
2023-03-09 02:58:33,003 [Time-limited test] INFO  impl.DataStreamServerImpl (ConfUtils.java:logGet(46)) - raft.datastream.type = DISABLED (default)
2023-03-09 02:58:33,003 [Time-limited test] INFO  server.RaftServerConfigKeys (ConfUtils.java:logGet(46)) - raft.server.threadpool.proxy.cached = true (default)
2023-03-09 02:58:33,003 [Time-limited test] INFO  server.RaftServerConfigKeys (ConfUtils.java:logGet(46)) - raft.server.threadpool.proxy.size = 0 (default)
2023-03-09 02:58:33,004 [Time-limited test] INFO  server.RaftServerConfigKeys (ConfUtils.java:logGet(46)) - raft.server.rpc.slowness.timeout = 60s (default)
2023-03-09 02:58:33,004 [Time-limited test] INFO  server.RaftServerConfigKeys (ConfUtils.java:logGet(46)) - raft.server.leaderelection.leader.step-down.wait-time = 10s (default)
2023-03-09 02:58:33,004 [Time-limited test] INFO  server.RaftServerConfigKeys (ConfUtils.java:logGet(46)) - raft.server.storage.dir = [/home/runner/work/ratis/ratis/ratis-test/target/test/data/914aaede/MiniRaftClusterWithGrpcab88bf1e/s1] (custom)
2023-03-09 02:58:33,004 [s0-groupManagement] INFO  server.RaftServer$Division (RaftServerImpl.java:<init>(198)) - s0: new RaftServerImpl for group-9429A86137B5:[s0|rpc:localhost:45361|admin:localhost:38109|client:localhost:34017|dataStream:localhost:46067|priority:0|startupRole:FOLLOWER, s1|rpc:localhost:40827|admin:localhost:41045|client:localhost:42243|dataStream:localhost:41487|priority:0|startupRole:FOLLOWER, s2|rpc:localhost:33089|admin:localhost:33701|client:localhost:39731|dataStream:localhost:38483|priority:0|startupRole:FOLLOWER] with CounterStateMachine:uninitialized
2023-03-09 02:58:33,004 [s0-groupManagement] INFO  server.RaftServerConfigKeys (ConfUtils.java:logGet(46)) - raft.server.rpc.timeout.min = 150ms (default)
2023-03-09 02:58:33,004 [s0-groupManagement] INFO  server.RaftServerConfigKeys (ConfUtils.java:logGet(46)) - raft.server.rpc.timeout.max = 300ms (default)
2023-03-09 02:58:33,004 [s0-groupManagement] INFO  server.RaftServerConfigKeys (ConfUtils.java:logGet(46)) - raft.server.rpc.sleep.time = 25ms (default)
2023-03-09 02:58:33,004 [s0-groupManagement] INFO  server.RaftServerConfigKeys (ConfUtils.java:logGet(46)) - raft.server.rpc.slowness.timeout = 60s (default)
2023-03-09 02:58:33,004 [s0-groupManagement] INFO  server.RaftServerConfigKeys (ConfUtils.java:logGet(46)) - raft.server.leaderelection.leader.step-down.wait-time = 10s (default)
2023-03-09 02:58:33,004 [s0-groupManagement] INFO  server.RaftServerConfigKeys (ConfUtils.java:logGet(46)) - raft.server.sleep.deviation.threshold = 300ms (default)
2023-03-09 02:58:33,004 [s0-groupManagement] INFO  server.RaftServer$Division (ServerState.java:<init>(113)) - s0@group-9429A86137B5: ConfigurationManager, init=-1: peers:[s0|rpc:localhost:45361|admin:localhost:38109|client:localhost:34017|dataStream:localhost:46067|priority:0|startupRole:FOLLOWER, s1|rpc:localhost:40827|admin:localhost:41045|client:localhost:42243|dataStream:localhost:41487|priority:0|startupRole:FOLLOWER, s2|rpc:localhost:33089|admin:localhost:33701|client:localhost:39731|dataStream:localhost:38483|priority:0|startupRole:FOLLOWER]|listeners:[], old=null, confs=<EMPTY_MAP>
2023-03-09 02:58:33,004 [s0-groupManagement] INFO  server.RaftServerConfigKeys (ConfUtils.java:logGet(46)) - raft.server.notification.no-leader.timeout = 60s (default)
2023-03-09 02:58:33,005 [s0-groupManagement] INFO  server.RaftServerConfigKeys (ConfUtils.java:logGet(46)) - raft.server.read.timeout = 10s (default)
2023-03-09 02:58:33,005 [s0-groupManagement] INFO  server.RaftServerConfigKeys (ConfUtils.java:logGet(46)) - raft.server.retrycache.expirytime = 60s (default)
2023-03-09 02:58:33,005 [s0-groupManagement] INFO  server.RaftServerConfigKeys (ConfUtils.java:logGet(46)) - raft.server.retrycache.statistics.expirytime = 100μs (default)
2023-03-09 02:58:33,005 [s0-groupManagement] INFO  server.RaftServerConfigKeys (ConfUtils.java:logGet(46)) - raft.server.read.option = LINEARIZABLE (custom)
2023-03-09 02:58:33,007 [s0-groupManagement] INFO  server.RaftServerConfigKeys (ConfUtils.java:logGet(46)) - raft.server.log.appender.install.snapshot.enabled = true (default)
2023-03-09 02:58:33,007 [s0-groupManagement] INFO  server.RaftServerConfigKeys (ConfUtils.java:logGet(46)) - raft.server.threadpool.server.cached = true (default)
2023-03-09 02:58:33,007 [s0-groupManagement] INFO  server.RaftServerConfigKeys (ConfUtils.java:logGet(46)) - raft.server.threadpool.server.size = 0 (default)
2023-03-09 02:58:33,007 [s0-groupManagement] INFO  server.RaftServerConfigKeys (ConfUtils.java:logGet(46)) - raft.server.threadpool.client.cached = true (default)
2023-03-09 02:58:33,007 [s0-groupManagement] INFO  server.RaftServerConfigKeys (ConfUtils.java:logGet(46)) - raft.server.threadpool.client.size = 0 (default)
2023-03-09 02:58:33,014 [Time-limited test] INFO  server.RaftServer (RaftServerProxy.java:addNew(99)) - s1: addNew group-9429A86137B5:[s0|rpc:localhost:45361|admin:localhost:38109|client:localhost:34017|dataStream:localhost:46067|priority:0|startupRole:FOLLOWER, s1|rpc:localhost:40827|admin:localhost:41045|client:localhost:42243|dataStream:localhost:41487|priority:0|startupRole:FOLLOWER, s2|rpc:localhost:33089|admin:localhost:33701|client:localhost:39731|dataStream:localhost:38483|priority:0|startupRole:FOLLOWER] returns group-9429A86137B5:java.util.concurrent.CompletableFuture@732acb90[Not completed]
2023-03-09 02:58:33,014 [Time-limited test] INFO  impl.MiniRaftCluster (MiniRaftCluster.java:newRaftServer(382)) - newRaftServer: s2, group-9429A86137B5:[s0|rpc:localhost:45361|admin:localhost:38109|client:localhost:34017|dataStream:localhost:46067|priority:0|startupRole:FOLLOWER, s1|rpc:localhost:40827|admin:localhost:41045|client:localhost:42243|dataStream:localhost:41487|priority:0|startupRole:FOLLOWER, s2|rpc:localhost:33089|admin:localhost:33701|client:localhost:39731|dataStream:localhost:38483|priority:0|startupRole:FOLLOWER], format? true
2023-03-09 02:58:33,014 [Time-limited test] TRACE util.FileUtils (FileUtils.java:deleteFully(201)) - deleteFully target/test/data/914aaede/MiniRaftClusterWithGrpcab88bf1e/s2
2023-03-09 02:58:33,014 [Time-limited test] TRACE util.FileUtils (FileUtils.java:deleteFully(217)) - deleteFully: target/test/data/914aaede/MiniRaftClusterWithGrpcab88bf1e/s2 does not exist.
2023-03-09 02:58:33,014 [Time-limited test] INFO  impl.MiniRaftCluster (MiniRaftCluster.java:newRaftServer(387)) - Formatted directory target/test/data/914aaede/MiniRaftClusterWithGrpcab88bf1e/s2
2023-03-09 02:58:33,015 [Time-limited test] INFO  server.RaftServer (ConfUtils.java:logGet(46)) - raft.rpc.type = GRPC (default)
2023-03-09 02:58:33,015 [Time-limited test] INFO  grpc.GrpcConfigKeys (ConfUtils.java:logFallback(53)) - raft.grpc.admin.host = null (fallback to raft.grpc.server.host)
2023-03-09 02:58:33,015 [Time-limited test] INFO  grpc.GrpcConfigKeys (ConfUtils.java:logGet(46)) - raft.grpc.admin.port = 33701 (custom)
2023-03-09 02:58:33,015 [Time-limited test] INFO  grpc.GrpcConfigKeys (ConfUtils.java:logFallback(53)) - raft.grpc.client.host = null (fallback to raft.grpc.server.host)
2023-03-09 02:58:33,015 [Time-limited test] INFO  grpc.GrpcConfigKeys (ConfUtils.java:logGet(46)) - raft.grpc.client.port = 39731 (custom)
2023-03-09 02:58:33,015 [Time-limited test] INFO  grpc.GrpcConfigKeys (ConfUtils.java:logGet(46)) - raft.grpc.server.host = null (default)
2023-03-09 02:58:33,015 [Time-limited test] INFO  grpc.GrpcConfigKeys (ConfUtils.java:logGet(46)) - raft.grpc.server.port = 33089 (custom)
2023-03-09 02:58:33,015 [Time-limited test] INFO  server.GrpcService (ConfUtils.java:logGet(46)) - raft.grpc.message.size.max = 64MB (=67108864) (default)
2023-03-09 02:58:33,015 [Time-limited test] INFO  server.RaftServerConfigKeys (ConfUtils.java:logGet(46)) - raft.server.log.appender.buffer.byte-limit = 4MB (=4194304) (default)
2023-03-09 02:58:33,015 [Time-limited test] INFO  server.GrpcService (ConfUtils.java:logGet(46)) - raft.grpc.flow.control.window = 1MB (=1048576) (default)
2023-03-09 02:58:33,016 [Time-limited test] INFO  server.RaftServerConfigKeys (ConfUtils.java:logGet(46)) - raft.server.rpc.request.timeout = 3000ms (default)
2023-03-09 02:58:33,016 [Time-limited test] INFO  grpc.GrpcConfigKeys (ConfUtils.java:logGet(46)) - raft.grpc.server.heartbeat.channel = true (default)
2023-03-09 02:58:33,016 [Time-limited test] INFO  grpc.GrpcConfigKeys (ConfUtils.java:logGet(46)) - raft.grpc.server.async.request.thread.pool.cached = true (default)
2023-03-09 02:58:33,016 [Time-limited test] INFO  grpc.GrpcConfigKeys (ConfUtils.java:logGet(46)) - raft.grpc.server.async.request.thread.pool.size = 32 (default)
2023-03-09 02:58:33,018 [Time-limited test] INFO  impl.DataStreamServerImpl (ConfUtils.java:logGet(46)) - raft.datastream.type = DISABLED (default)
2023-03-09 02:58:33,018 [Time-limited test] INFO  server.RaftServerConfigKeys (ConfUtils.java:logGet(46)) - raft.server.threadpool.proxy.cached = true (default)
2023-03-09 02:58:33,018 [Time-limited test] INFO  server.RaftServerConfigKeys (ConfUtils.java:logGet(46)) - raft.server.threadpool.proxy.size = 0 (default)
2023-03-09 02:58:33,018 [Time-limited test] INFO  server.RaftServerConfigKeys (ConfUtils.java:logGet(46)) - raft.server.rpc.slowness.timeout = 60s (default)
2023-03-09 02:58:33,018 [Time-limited test] INFO  server.RaftServerConfigKeys (ConfUtils.java:logGet(46)) - raft.server.leaderelection.leader.step-down.wait-time = 10s (default)
2023-03-09 02:58:33,019 [Time-limited test] INFO  server.RaftServerConfigKeys (ConfUtils.java:logGet(46)) - raft.server.storage.dir = [/home/runner/work/ratis/ratis/ratis-test/target/test/data/914aaede/MiniRaftClusterWithGrpcab88bf1e/s2] (custom)
2023-03-09 02:58:33,019 [s1-groupManagement] INFO  server.RaftServer$Division (RaftServerImpl.java:<init>(198)) - s1: new RaftServerImpl for group-9429A86137B5:[s0|rpc:localhost:45361|admin:localhost:38109|client:localhost:34017|dataStream:localhost:46067|priority:0|startupRole:FOLLOWER, s1|rpc:localhost:40827|admin:localhost:41045|client:localhost:42243|dataStream:localhost:41487|priority:0|startupRole:FOLLOWER, s2|rpc:localhost:33089|admin:localhost:33701|client:localhost:39731|dataStream:localhost:38483|priority:0|startupRole:FOLLOWER] with CounterStateMachine:uninitialized
2023-03-09 02:58:33,019 [s1-groupManagement] INFO  server.RaftServerConfigKeys (ConfUtils.java:logGet(46)) - raft.server.rpc.timeout.min = 150ms (default)
2023-03-09 02:58:33,019 [s1-groupManagement] INFO  server.RaftServerConfigKeys (ConfUtils.java:logGet(46)) - raft.server.rpc.timeout.max = 300ms (default)
2023-03-09 02:58:33,019 [s1-groupManagement] INFO  server.RaftServerConfigKeys (ConfUtils.java:logGet(46)) - raft.server.rpc.sleep.time = 25ms (default)
2023-03-09 02:58:33,019 [s1-groupManagement] INFO  server.RaftServerConfigKeys (ConfUtils.java:logGet(46)) - raft.server.rpc.slowness.timeout = 60s (default)
2023-03-09 02:58:33,019 [s1-groupManagement] INFO  server.RaftServerConfigKeys (ConfUtils.java:logGet(46)) - raft.server.leaderelection.leader.step-down.wait-time = 10s (default)
2023-03-09 02:58:33,019 [s1-groupManagement] INFO  server.RaftServerConfigKeys (ConfUtils.java:logGet(46)) - raft.server.sleep.deviation.threshold = 300ms (default)
2023-03-09 02:58:33,019 [s1-groupManagement] INFO  server.RaftServer$Division (ServerState.java:<init>(113)) - s1@group-9429A86137B5: ConfigurationManager, init=-1: peers:[s0|rpc:localhost:45361|admin:localhost:38109|client:localhost:34017|dataStream:localhost:46067|priority:0|startupRole:FOLLOWER, s1|rpc:localhost:40827|admin:localhost:41045|client:localhost:42243|dataStream:localhost:41487|priority:0|startupRole:FOLLOWER, s2|rpc:localhost:33089|admin:localhost:33701|client:localhost:39731|dataStream:localhost:38483|priority:0|startupRole:FOLLOWER]|listeners:[], old=null, confs=<EMPTY_MAP>
2023-03-09 02:58:33,020 [s1-groupManagement] INFO  server.RaftServerConfigKeys (ConfUtils.java:logGet(46)) - raft.server.notification.no-leader.timeout = 60s (default)
2023-03-09 02:58:33,020 [s1-groupManagement] INFO  server.RaftServerConfigKeys (ConfUtils.java:logGet(46)) - raft.server.read.timeout = 10s (default)
2023-03-09 02:58:33,020 [s1-groupManagement] INFO  server.RaftServerConfigKeys (ConfUtils.java:logGet(46)) - raft.server.retrycache.expirytime = 60s (default)
2023-03-09 02:58:33,020 [s1-groupManagement] INFO  server.RaftServerConfigKeys (ConfUtils.java:logGet(46)) - raft.server.retrycache.statistics.expirytime = 100μs (default)
2023-03-09 02:58:33,020 [s1-groupManagement] INFO  server.RaftServerConfigKeys (ConfUtils.java:logGet(46)) - raft.server.read.option = LINEARIZABLE (custom)
2023-03-09 02:58:33,022 [s1-groupManagement] INFO  server.RaftServerConfigKeys (ConfUtils.java:logGet(46)) - raft.server.log.appender.install.snapshot.enabled = true (default)
2023-03-09 02:58:33,022 [s1-groupManagement] INFO  server.RaftServerConfigKeys (ConfUtils.java:logGet(46)) - raft.server.threadpool.server.cached = true (default)
2023-03-09 02:58:33,022 [s1-groupManagement] INFO  server.RaftServerConfigKeys (ConfUtils.java:logGet(46)) - raft.server.threadpool.server.size = 0 (default)
2023-03-09 02:58:33,023 [s1-groupManagement] INFO  server.RaftServerConfigKeys (ConfUtils.java:logGet(46)) - raft.server.threadpool.client.cached = true (default)
2023-03-09 02:58:33,023 [s1-groupManagement] INFO  server.RaftServerConfigKeys (ConfUtils.java:logGet(46)) - raft.server.threadpool.client.size = 0 (default)
2023-03-09 02:58:33,030 [Time-limited test] INFO  server.RaftServer (RaftServerProxy.java:addNew(99)) - s2: addNew group-9429A86137B5:[s0|rpc:localhost:45361|admin:localhost:38109|client:localhost:34017|dataStream:localhost:46067|priority:0|startupRole:FOLLOWER, s1|rpc:localhost:40827|admin:localhost:41045|client:localhost:42243|dataStream:localhost:41487|priority:0|startupRole:FOLLOWER, s2|rpc:localhost:33089|admin:localhost:33701|client:localhost:39731|dataStream:localhost:38483|priority:0|startupRole:FOLLOWER] returns group-9429A86137B5:java.util.concurrent.CompletableFuture@4dfd3438[Not completed]
2023-03-09 02:58:33,031 [s0-impl-thread1] INFO  server.RaftServerConfigKeys (ConfUtils.java:logGet(46)) - raft.server.storage.free-space.min = 0MB (=0) (default)
2023-03-09 02:58:33,031 [s0-impl-thread1] INFO  server.RaftServerConfigKeys (ConfUtils.java:logGet(46)) - raft.server.log.corruption.policy = EXCEPTION (default)
2023-03-09 02:58:33,031 [s2-groupManagement] INFO  server.RaftServer$Division (RaftServerImpl.java:<init>(198)) - s2: new RaftServerImpl for group-9429A86137B5:[s0|rpc:localhost:45361|admin:localhost:38109|client:localhost:34017|dataStream:localhost:46067|priority:0|startupRole:FOLLOWER, s1|rpc:localhost:40827|admin:localhost:41045|client:localhost:42243|dataStream:localhost:41487|priority:0|startupRole:FOLLOWER, s2|rpc:localhost:33089|admin:localhost:33701|client:localhost:39731|dataStream:localhost:38483|priority:0|startupRole:FOLLOWER] with CounterStateMachine:uninitialized
2023-03-09 02:58:33,031 [s0-impl-thread1] INFO  server.RaftServerConfigKeys (ConfUtils.java:logGet(46)) - raft.server.storage.dir = [/home/runner/work/ratis/ratis/ratis-test/target/test/data/914aaede/MiniRaftClusterWithGrpcab88bf1e/s0] (custom)
2023-03-09 02:58:33,031 [s2-groupManagement] INFO  server.RaftServerConfigKeys (ConfUtils.java:logGet(46)) - raft.server.rpc.timeout.min = 150ms (default)
2023-03-09 02:58:33,031 [s2-groupManagement] INFO  server.RaftServerConfigKeys (ConfUtils.java:logGet(46)) - raft.server.rpc.timeout.max = 300ms (default)
2023-03-09 02:58:33,032 [s2-groupManagement] INFO  server.RaftServerConfigKeys (ConfUtils.java:logGet(46)) - raft.server.rpc.sleep.time = 25ms (default)
2023-03-09 02:58:33,032 [s2-groupManagement] INFO  server.RaftServerConfigKeys (ConfUtils.java:logGet(46)) - raft.server.rpc.slowness.timeout = 60s (default)
2023-03-09 02:58:33,032 [s2-groupManagement] INFO  server.RaftServerConfigKeys (ConfUtils.java:logGet(46)) - raft.server.leaderelection.leader.step-down.wait-time = 10s (default)
2023-03-09 02:58:33,032 [s2-groupManagement] INFO  server.RaftServerConfigKeys (ConfUtils.java:logGet(46)) - raft.server.sleep.deviation.threshold = 300ms (default)
2023-03-09 02:58:33,032 [s2-groupManagement] INFO  server.RaftServer$Division (ServerState.java:<init>(113)) - s2@group-9429A86137B5: ConfigurationManager, init=-1: peers:[s0|rpc:localhost:45361|admin:localhost:38109|client:localhost:34017|dataStream:localhost:46067|priority:0|startupRole:FOLLOWER, s1|rpc:localhost:40827|admin:localhost:41045|client:localhost:42243|dataStream:localhost:41487|priority:0|startupRole:FOLLOWER, s2|rpc:localhost:33089|admin:localhost:33701|client:localhost:39731|dataStream:localhost:38483|priority:0|startupRole:FOLLOWER]|listeners:[], old=null, confs=<EMPTY_MAP>
2023-03-09 02:58:33,032 [s0-impl-thread1] INFO  storage.RaftStorageDirectory (RaftStorageDirectoryImpl.java:analyzeStorage(138)) - The storage directory /home/runner/work/ratis/ratis/ratis-test/target/test/data/914aaede/MiniRaftClusterWithGrpcab88bf1e/s0/6795b005-8499-4622-a506-9429a86137b5 does not exist. Creating ...
2023-03-09 02:58:33,032 [s2-groupManagement] INFO  server.RaftServerConfigKeys (ConfUtils.java:logGet(46)) - raft.server.notification.no-leader.timeout = 60s (default)
2023-03-09 02:58:33,032 [s2-groupManagement] INFO  server.RaftServerConfigKeys (ConfUtils.java:logGet(46)) - raft.server.read.timeout = 10s (default)
2023-03-09 02:58:33,032 [s2-groupManagement] INFO  server.RaftServerConfigKeys (ConfUtils.java:logGet(46)) - raft.server.retrycache.expirytime = 60s (default)
2023-03-09 02:58:33,032 [s2-groupManagement] INFO  server.RaftServerConfigKeys (ConfUtils.java:logGet(46)) - raft.server.retrycache.statistics.expirytime = 100μs (default)
2023-03-09 02:58:33,032 [s0-impl-thread1] TRACE util.FileUtils (LogUtils.java:runAndLog(49)) - Successfully ran Files.createDirectories /home/runner/work/ratis/ratis/ratis-test/target/test/data/914aaede/MiniRaftClusterWithGrpcab88bf1e/s0/6795b005-8499-4622-a506-9429a86137b5
2023-03-09 02:58:33,032 [s2-groupManagement] INFO  server.RaftServerConfigKeys (ConfUtils.java:logGet(46)) - raft.server.read.option = LINEARIZABLE (custom)
2023-03-09 02:58:33,034 [s0-impl-thread1] INFO  storage.RaftStorageDirectory (RaftStorageDirectoryImpl.java:tryLock(232)) - Lock on /home/runner/work/ratis/ratis/ratis-test/target/test/data/914aaede/MiniRaftClusterWithGrpcab88bf1e/s0/6795b005-8499-4622-a506-9429a86137b5/in_use.lock acquired by nodename 8670@fv-az740-87
2023-03-09 02:58:33,035 [s0-impl-thread1] TRACE util.FileUtils (LogUtils.java:runAndLog(49)) - Successfully ran Files.createDirectories /home/runner/work/ratis/ratis/ratis-test/target/test/data/914aaede/MiniRaftClusterWithGrpcab88bf1e/s0/6795b005-8499-4622-a506-9429a86137b5/current
2023-03-09 02:58:33,035 [s0-impl-thread1] TRACE util.FileUtils (LogUtils.java:runAndLog(49)) - Successfully ran Files.createDirectories /home/runner/work/ratis/ratis/ratis-test/target/test/data/914aaede/MiniRaftClusterWithGrpcab88bf1e/s0/6795b005-8499-4622-a506-9429a86137b5/sm
2023-03-09 02:58:33,036 [s2-groupManagement] INFO  server.RaftServerConfigKeys (ConfUtils.java:logGet(46)) - raft.server.log.appender.install.snapshot.enabled = true (default)
2023-03-09 02:58:33,037 [s2-groupManagement] INFO  server.RaftServerConfigKeys (ConfUtils.java:logGet(46)) - raft.server.threadpool.server.cached = true (default)
2023-03-09 02:58:33,038 [s2-groupManagement] INFO  server.RaftServerConfigKeys (ConfUtils.java:logGet(46)) - raft.server.threadpool.server.size = 0 (default)
2023-03-09 02:58:33,038 [s2-groupManagement] INFO  server.RaftServerConfigKeys (ConfUtils.java:logGet(46)) - raft.server.threadpool.client.cached = true (default)
2023-03-09 02:58:33,038 [s2-groupManagement] INFO  server.RaftServerConfigKeys (ConfUtils.java:logGet(46)) - raft.server.threadpool.client.size = 0 (default)
2023-03-09 02:58:33,042 [s0-impl-thread1] INFO  storage.RaftStorage (RaftStorageImpl.java:format(96)) - Storage directory /home/runner/work/ratis/ratis/ratis-test/target/test/data/914aaede/MiniRaftClusterWithGrpcab88bf1e/s0/6795b005-8499-4622-a506-9429a86137b5 has been successfully formatted.
2023-03-09 02:58:33,042 [s0-impl-thread1] INFO  server.RaftServerConfigKeys (ConfUtils.java:logGet(46)) - raft.server.log.use.memory = false (default)
2023-03-09 02:58:33,042 [s0-impl-thread1] INFO  server.RaftServerConfigKeys (ConfUtils.java:logGet(46)) - raft.server.log.purge.gap = 1024 (default)
2023-03-09 02:58:33,042 [s0-impl-thread1] INFO  server.RaftServerConfigKeys (ConfUtils.java:logGet(46)) - raft.server.log.appender.buffer.byte-limit = 4MB (=4194304) (default)
2023-03-09 02:58:33,042 [s0-impl-thread1] INFO  server.RaftServerConfigKeys (ConfUtils.java:logGet(46)) - raft.server.log.statemachine.data.read.timeout = 1000ms (default)
2023-03-09 02:58:33,042 [s0-impl-thread1] INFO  server.RaftServerConfigKeys (ConfUtils.java:logGet(46)) - raft.server.log.purge.preservation.log.num = 0 (default)
2023-03-09 02:58:33,043 [s0-impl-thread1] INFO  server.RaftServerConfigKeys (ConfUtils.java:logGet(46)) - raft.server.log.segment.size.max = 8MB (=8388608) (default)
2023-03-09 02:58:33,043 [s0-impl-thread1] INFO  server.RaftServerConfigKeys (ConfUtils.java:logGet(46)) - raft.server.log.segment.cache.num.max = 6 (default)
2023-03-09 02:58:33,044 [s0-impl-thread1] INFO  server.RaftServerConfigKeys (ConfUtils.java:logGet(46)) - raft.server.log.segment.cache.size.max = 200MB (=209715200) (default)
2023-03-09 02:58:33,044 [s0-impl-thread1] INFO  server.RaftServerConfigKeys (ConfUtils.java:logGet(46)) - raft.server.log.appender.buffer.byte-limit = 4MB (=4194304) (default)
2023-03-09 02:58:33,044 [s0-impl-thread1] INFO  segmented.SegmentedRaftLogWorker (SegmentedRaftLogWorker.java:<init>(183)) - new s0@group-9429A86137B5-SegmentedRaftLogWorker for RaftStorageImpl:Storage Directory /home/runner/work/ratis/ratis/ratis-test/target/test/data/914aaede/MiniRaftClusterWithGrpcab88bf1e/s0/6795b005-8499-4622-a506-9429a86137b5
2023-03-09 02:58:33,044 [s0-impl-thread1] INFO  server.RaftServerConfigKeys (ConfUtils.java:logGet(46)) - raft.server.log.queue.byte-limit = 64MB (=67108864) (default)
2023-03-09 02:58:33,044 [s0-impl-thread1] INFO  server.RaftServerConfigKeys (ConfUtils.java:logGet(46)) - raft.server.log.queue.element-limit = 4096 (default)
2023-03-09 02:58:33,044 [s0-impl-thread1] INFO  server.RaftServerConfigKeys (ConfUtils.java:logGet(46)) - raft.server.log.segment.size.max = 8MB (=8388608) (default)
2023-03-09 02:58:33,044 [s0-impl-thread1] INFO  server.RaftServerConfigKeys (ConfUtils.java:logGet(46)) - raft.server.log.preallocated.size = 4MB (=4194304) (default)
2023-03-09 02:58:33,044 [s0-impl-thread1] INFO  server.RaftServerConfigKeys (ConfUtils.java:logGet(46)) - raft.server.log.force.sync.num = 128 (default)
2023-03-09 02:58:33,044 [s0-impl-thread1] INFO  server.RaftServerConfigKeys (ConfUtils.java:logGet(46)) - raft.server.log.statemachine.data.sync = true (default)
2023-03-09 02:58:33,044 [s0-impl-thread1] INFO  server.RaftServerConfigKeys (ConfUtils.java:logGet(46)) - raft.server.log.statemachine.data.sync.timeout = 10s (default)
2023-03-09 02:58:33,044 [s0-impl-thread1] INFO  server.RaftServerConfigKeys (ConfUtils.java:logGet(46)) - raft.server.log.statemachine.data.sync.timeout.retry = -1 (default)
2023-03-09 02:58:33,044 [s0-impl-thread1] INFO  server.RaftServerConfigKeys (ConfUtils.java:logGet(46)) - raft.server.log.write.buffer.size = 64KB (=65536) (default)
2023-03-09 02:58:33,044 [s0-impl-thread1] INFO  server.RaftServerConfigKeys (ConfUtils.java:logGet(46)) - raft.server.log.appender.buffer.byte-limit = 4MB (=4194304) (default)
2023-03-09 02:58:33,046 [s0-impl-thread1] INFO  server.RaftServerConfigKeys (ConfUtils.java:logGet(46)) - raft.server.log.unsafe-flush.enabled = false (default)
2023-03-09 02:58:33,046 [s0-impl-thread1] INFO  server.RaftServerConfigKeys (ConfUtils.java:logGet(46)) - raft.server.log.async-flush.enabled = false (default)
2023-03-09 02:58:33,046 [s0-impl-thread1] INFO  server.RaftServerConfigKeys (ConfUtils.java:logGet(46)) - raft.server.log.statemachine.data.caching.enabled = false (default)
2023-03-09 02:58:33,046 [s0-impl-thread1] INFO  segmented.SegmentedRaftLogWorker (SegmentedRaftLogWorker.java:lambda$new$0(134)) - s0@group-9429A86137B5-SegmentedRaftLogWorker: flushIndex: setUnconditionally 0 -> -1
2023-03-09 02:58:33,046 [s0-impl-thread1] INFO  segmented.SegmentedRaftLogWorker (SegmentedRaftLogWorker.java:lambda$new$0(134)) - s0@group-9429A86137B5-SegmentedRaftLogWorker: safeCacheEvictIndex: setUnconditionally 0 -> -1
2023-03-09 02:58:33,048 [s0-impl-thread1] INFO  server.RaftServer$Division (RaftServerImpl.java:start(342)) - s0@group-9429A86137B5: start as a follower, conf=-1: peers:[s0|rpc:localhost:45361|admin:localhost:38109|client:localhost:34017|dataStream:localhost:46067|priority:0|startupRole:FOLLOWER, s1|rpc:localhost:40827|admin:localhost:41045|client:localhost:42243|dataStream:localhost:41487|priority:0|startupRole:FOLLOWER, s2|rpc:localhost:33089|admin:localhost:33701|client:localhost:39731|dataStream:localhost:38483|priority:0|startupRole:FOLLOWER]|listeners:[], old=null
2023-03-09 02:58:33,048 [s0-impl-thread1] INFO  server.RaftServer$Division (RaftServerImpl.java:setRole(329)) - s0@group-9429A86137B5: changes role from      null to FOLLOWER at term 0 for startAsFollower
2023-03-09 02:58:33,048 [s0-impl-thread1] INFO  impl.RoleInfo (RoleInfo.java:updateAndGet(139)) - s0: start s0@group-9429A86137B5-FollowerState
2023-03-09 02:58:33,048 [s0@group-9429A86137B5-FollowerState] INFO  server.RaftServerConfigKeys (ConfUtils.java:logFallback(53)) - raft.server.rpc.first-election.timeout.min = 150ms (fallback to raft.server.rpc.timeout.min)
2023-03-09 02:58:33,049 [s0-impl-thread1] INFO  util.JmxRegister (JmxRegister.java:tryRegister(44)) - Successfully registered JMX Bean with object name Ratis:service=RaftServer,group=group-9429A86137B5,id=s0
2023-03-09 02:58:33,050 [s0@group-9429A86137B5-FollowerState] INFO  server.RaftServerConfigKeys (ConfUtils.java:logFallback(53)) - raft.server.rpc.first-election.timeout.max = 300ms (fallback to raft.server.rpc.timeout.max)
2023-03-09 02:58:33,050 [s0-impl-thread1] INFO  server.RaftServerConfigKeys (ConfUtils.java:logGet(46)) - raft.server.snapshot.auto.trigger.enabled = false (default)
2023-03-09 02:58:33,050 [s0-impl-thread1] INFO  server.RaftServerConfigKeys (ConfUtils.java:logGet(46)) - raft.server.snapshot.retention.file.num = -1 (default)
2023-03-09 02:58:33,050 [s0-impl-thread1] INFO  server.RaftServerConfigKeys (ConfUtils.java:logGet(46)) - raft.server.log.purge.upto.snapshot.index = false (default)
2023-03-09 02:58:33,050 [Time-limited test] INFO  server.RaftServer (RaftServerProxy.java:startImpl(401)) - s0: start RPC server
2023-03-09 02:58:33,052 [Time-limited test] INFO  server.GrpcService (GrpcService.java:startImpl(302)) - s0: GrpcService started, listening on 34017
2023-03-09 02:58:33,053 [Time-limited test] INFO  server.GrpcService (GrpcService.java:startImpl(302)) - s0: GrpcService started, listening on 45361
2023-03-09 02:58:33,053 [Time-limited test] INFO  server.GrpcService (GrpcService.java:startImpl(302)) - s0: GrpcService started, listening on 38109
2023-03-09 02:58:33,054 [s1-impl-thread1] INFO  server.RaftServerConfigKeys (ConfUtils.java:logGet(46)) - raft.server.storage.free-space.min = 0MB (=0) (default)
2023-03-09 02:58:33,054 [s1-impl-thread1] INFO  server.RaftServerConfigKeys (ConfUtils.java:logGet(46)) - raft.server.log.corruption.policy = EXCEPTION (default)
2023-03-09 02:58:33,054 [s1-impl-thread1] INFO  server.RaftServerConfigKeys (ConfUtils.java:logGet(46)) - raft.server.storage.dir = [/home/runner/work/ratis/ratis/ratis-test/target/test/data/914aaede/MiniRaftClusterWithGrpcab88bf1e/s1] (custom)
2023-03-09 02:58:33,054 [s1-impl-thread1] INFO  storage.RaftStorageDirectory (RaftStorageDirectoryImpl.java:analyzeStorage(138)) - The storage directory /home/runner/work/ratis/ratis/ratis-test/target/test/data/914aaede/MiniRaftClusterWithGrpcab88bf1e/s1/6795b005-8499-4622-a506-9429a86137b5 does not exist. Creating ...
2023-03-09 02:58:33,054 [s1-impl-thread1] TRACE util.FileUtils (LogUtils.java:runAndLog(49)) - Successfully ran Files.createDirectories /home/runner/work/ratis/ratis/ratis-test/target/test/data/914aaede/MiniRaftClusterWithGrpcab88bf1e/s1/6795b005-8499-4622-a506-9429a86137b5
2023-03-09 02:58:33,054 [JvmPauseMonitor3] INFO  util.JvmPauseMonitor (JvmPauseMonitor.java:run(103)) - JvmPauseMonitor-s0: Started
2023-03-09 02:58:33,055 [s1-impl-thread1] INFO  storage.RaftStorageDirectory (RaftStorageDirectoryImpl.java:tryLock(232)) - Lock on /home/runner/work/ratis/ratis/ratis-test/target/test/data/914aaede/MiniRaftClusterWithGrpcab88bf1e/s1/6795b005-8499-4622-a506-9429a86137b5/in_use.lock acquired by nodename 8670@fv-az740-87
2023-03-09 02:58:33,055 [s1-impl-thread1] TRACE util.FileUtils (LogUtils.java:runAndLog(49)) - Successfully ran Files.createDirectories /home/runner/work/ratis/ratis/ratis-test/target/test/data/914aaede/MiniRaftClusterWithGrpcab88bf1e/s1/6795b005-8499-4622-a506-9429a86137b5/current
2023-03-09 02:58:33,055 [s1-impl-thread1] TRACE util.FileUtils (LogUtils.java:runAndLog(49)) - Successfully ran Files.createDirectories /home/runner/work/ratis/ratis/ratis-test/target/test/data/914aaede/MiniRaftClusterWithGrpcab88bf1e/s1/6795b005-8499-4622-a506-9429a86137b5/sm
2023-03-09 02:58:33,058 [s1-impl-thread1] INFO  storage.RaftStorage (RaftStorageImpl.java:format(96)) - Storage directory /home/runner/work/ratis/ratis/ratis-test/target/test/data/914aaede/MiniRaftClusterWithGrpcab88bf1e/s1/6795b005-8499-4622-a506-9429a86137b5 has been successfully formatted.
2023-03-09 02:58:33,058 [s1-impl-thread1] INFO  server.RaftServerConfigKeys (ConfUtils.java:logGet(46)) - raft.server.log.use.memory = false (default)
2023-03-09 02:58:33,058 [s1-impl-thread1] INFO  server.RaftServerConfigKeys (ConfUtils.java:logGet(46)) - raft.server.log.purge.gap = 1024 (default)
2023-03-09 02:58:33,058 [s1-impl-thread1] INFO  server.RaftServerConfigKeys (ConfUtils.java:logGet(46)) - raft.server.log.appender.buffer.byte-limit = 4MB (=4194304) (default)
2023-03-09 02:58:33,058 [s1-impl-thread1] INFO  server.RaftServerConfigKeys (ConfUtils.java:logGet(46)) - raft.server.log.statemachine.data.read.timeout = 1000ms (default)
2023-03-09 02:58:33,058 [s1-impl-thread1] INFO  server.RaftServerConfigKeys (ConfUtils.java:logGet(46)) - raft.server.log.purge.preservation.log.num = 0 (default)
2023-03-09 02:58:33,059 [s1-impl-thread1] INFO  server.RaftServerConfigKeys (ConfUtils.java:logGet(46)) - raft.server.log.segment.size.max = 8MB (=8388608) (default)
2023-03-09 02:58:33,059 [s1-impl-thread1] INFO  server.RaftServerConfigKeys (ConfUtils.java:logGet(46)) - raft.server.log.segment.cache.num.max = 6 (default)
2023-03-09 02:58:33,060 [s1-impl-thread1] INFO  server.RaftServerConfigKeys (ConfUtils.java:logGet(46)) - raft.server.log.segment.cache.size.max = 200MB (=209715200) (default)
2023-03-09 02:58:33,060 [s1-impl-thread1] INFO  server.RaftServerConfigKeys (ConfUtils.java:logGet(46)) - raft.server.log.appender.buffer.byte-limit = 4MB (=4194304) (default)
2023-03-09 02:58:33,060 [s1-impl-thread1] INFO  segmented.SegmentedRaftLogWorker (SegmentedRaftLogWorker.java:<init>(183)) - new s1@group-9429A86137B5-SegmentedRaftLogWorker for RaftStorageImpl:Storage Directory /home/runner/work/ratis/ratis/ratis-test/target/test/data/914aaede/MiniRaftClusterWithGrpcab88bf1e/s1/6795b005-8499-4622-a506-9429a86137b5
2023-03-09 02:58:33,060 [s1-impl-thread1] INFO  server.RaftServerConfigKeys (ConfUtils.java:logGet(46)) - raft.server.log.queue.byte-limit = 64MB (=67108864) (default)
2023-03-09 02:58:33,060 [s1-impl-thread1] INFO  server.RaftServerConfigKeys (ConfUtils.java:logGet(46)) - raft.server.log.queue.element-limit = 4096 (default)
2023-03-09 02:58:33,060 [s1-impl-thread1] INFO  server.RaftServerConfigKeys (ConfUtils.java:logGet(46)) - raft.server.log.segment.size.max = 8MB (=8388608) (default)
2023-03-09 02:58:33,060 [s1-impl-thread1] INFO  server.RaftServerConfigKeys (ConfUtils.java:logGet(46)) - raft.server.log.preallocated.size = 4MB (=4194304) (default)
2023-03-09 02:58:33,060 [s1-impl-thread1] INFO  server.RaftServerConfigKeys (ConfUtils.java:logGet(46)) - raft.server.log.force.sync.num = 128 (default)
2023-03-09 02:58:33,060 [s1-impl-thread1] INFO  server.RaftServerConfigKeys (ConfUtils.java:logGet(46)) - raft.server.log.statemachine.data.sync = true (default)
2023-03-09 02:58:33,060 [s1-impl-thread1] INFO  server.RaftServerConfigKeys (ConfUtils.java:logGet(46)) - raft.server.log.statemachine.data.sync.timeout = 10s (default)
2023-03-09 02:58:33,060 [s1-impl-thread1] INFO  server.RaftServerConfigKeys (ConfUtils.java:logGet(46)) - raft.server.log.statemachine.data.sync.timeout.retry = -1 (default)
2023-03-09 02:58:33,060 [s1-impl-thread1] INFO  server.RaftServerConfigKeys (ConfUtils.java:logGet(46)) - raft.server.log.write.buffer.size = 64KB (=65536) (default)
2023-03-09 02:58:33,060 [s1-impl-thread1] INFO  server.RaftServerConfigKeys (ConfUtils.java:logGet(46)) - raft.server.log.appender.buffer.byte-limit = 4MB (=4194304) (default)
2023-03-09 02:58:33,064 [s1-impl-thread1] INFO  server.RaftServerConfigKeys (ConfUtils.java:logGet(46)) - raft.server.log.unsafe-flush.enabled = false (default)
2023-03-09 02:58:33,064 [s1-impl-thread1] INFO  server.RaftServerConfigKeys (ConfUtils.java:logGet(46)) - raft.server.log.async-flush.enabled = false (default)
2023-03-09 02:58:33,065 [s1-impl-thread1] INFO  server.RaftServerConfigKeys (ConfUtils.java:logGet(46)) - raft.server.log.statemachine.data.caching.enabled = false (default)
2023-03-09 02:58:33,065 [s1-impl-thread1] INFO  segmented.SegmentedRaftLogWorker (SegmentedRaftLogWorker.java:lambda$new$0(134)) - s1@group-9429A86137B5-SegmentedRaftLogWorker: flushIndex: setUnconditionally 0 -> -1
2023-03-09 02:58:33,065 [s1-impl-thread1] INFO  segmented.SegmentedRaftLogWorker (SegmentedRaftLogWorker.java:lambda$new$0(134)) - s1@group-9429A86137B5-SegmentedRaftLogWorker: safeCacheEvictIndex: setUnconditionally 0 -> -1
2023-03-09 02:58:33,065 [s1-impl-thread1] INFO  server.RaftServer$Division (RaftServerImpl.java:start(342)) - s1@group-9429A86137B5: start as a follower, conf=-1: peers:[s0|rpc:localhost:45361|admin:localhost:38109|client:localhost:34017|dataStream:localhost:46067|priority:0|startupRole:FOLLOWER, s1|rpc:localhost:40827|admin:localhost:41045|client:localhost:42243|dataStream:localhost:41487|priority:0|startupRole:FOLLOWER, s2|rpc:localhost:33089|admin:localhost:33701|client:localhost:39731|dataStream:localhost:38483|priority:0|startupRole:FOLLOWER]|listeners:[], old=null
2023-03-09 02:58:33,065 [s1-impl-thread1] INFO  server.RaftServer$Division (RaftServerImpl.java:setRole(329)) - s1@group-9429A86137B5: changes role from      null to FOLLOWER at term 0 for startAsFollower
2023-03-09 02:58:33,065 [s1-impl-thread1] INFO  impl.RoleInfo (RoleInfo.java:updateAndGet(139)) - s1: start s1@group-9429A86137B5-FollowerState
2023-03-09 02:58:33,066 [s1-impl-thread1] INFO  util.JmxRegister (JmxRegister.java:tryRegister(44)) - Successfully registered JMX Bean with object name Ratis:service=RaftServer,group=group-9429A86137B5,id=s1
2023-03-09 02:58:33,066 [s1-impl-thread1] INFO  server.RaftServerConfigKeys (ConfUtils.java:logGet(46)) - raft.server.snapshot.auto.trigger.enabled = false (default)
2023-03-09 02:58:33,066 [s1-impl-thread1] INFO  server.RaftServerConfigKeys (ConfUtils.java:logGet(46)) - raft.server.snapshot.retention.file.num = -1 (default)
2023-03-09 02:58:33,066 [s1-impl-thread1] INFO  server.RaftServerConfigKeys (ConfUtils.java:logGet(46)) - raft.server.log.purge.upto.snapshot.index = false (default)
2023-03-09 02:58:33,066 [s1@group-9429A86137B5-FollowerState] INFO  server.RaftServerConfigKeys (ConfUtils.java:logFallback(53)) - raft.server.rpc.first-election.timeout.min = 150ms (fallback to raft.server.rpc.timeout.min)
2023-03-09 02:58:33,066 [s1@group-9429A86137B5-FollowerState] INFO  server.RaftServerConfigKeys (ConfUtils.java:logFallback(53)) - raft.server.rpc.first-election.timeout.max = 300ms (fallback to raft.server.rpc.timeout.max)
2023-03-09 02:58:33,066 [Time-limited test] INFO  server.RaftServer (RaftServerProxy.java:startImpl(401)) - s1: start RPC server
2023-03-09 02:58:33,067 [Time-limited test] INFO  server.GrpcService (GrpcService.java:startImpl(302)) - s1: GrpcService started, listening on 42243
2023-03-09 02:58:33,068 [Time-limited test] INFO  server.GrpcService (GrpcService.java:startImpl(302)) - s1: GrpcService started, listening on 40827
2023-03-09 02:58:33,069 [Time-limited test] INFO  server.GrpcService (GrpcService.java:startImpl(302)) - s1: GrpcService started, listening on 41045
2023-03-09 02:58:33,069 [JvmPauseMonitor4] INFO  util.JvmPauseMonitor (JvmPauseMonitor.java:run(103)) - JvmPauseMonitor-s1: Started
2023-03-09 02:58:33,069 [s2-impl-thread1] INFO  server.RaftServerConfigKeys (ConfUtils.java:logGet(46)) - raft.server.storage.free-space.min = 0MB (=0) (default)
2023-03-09 02:58:33,069 [s2-impl-thread1] INFO  server.RaftServerConfigKeys (ConfUtils.java:logGet(46)) - raft.server.log.corruption.policy = EXCEPTION (default)
2023-03-09 02:58:33,069 [s2-impl-thread1] INFO  server.RaftServerConfigKeys (ConfUtils.java:logGet(46)) - raft.server.storage.dir = [/home/runner/work/ratis/ratis/ratis-test/target/test/data/914aaede/MiniRaftClusterWithGrpcab88bf1e/s2] (custom)
2023-03-09 02:58:33,069 [s2-impl-thread1] INFO  storage.RaftStorageDirectory (RaftStorageDirectoryImpl.java:analyzeStorage(138)) - The storage directory /home/runner/work/ratis/ratis/ratis-test/target/test/data/914aaede/MiniRaftClusterWithGrpcab88bf1e/s2/6795b005-8499-4622-a506-9429a86137b5 does not exist. Creating ...
2023-03-09 02:58:33,070 [s2-impl-thread1] TRACE util.FileUtils (LogUtils.java:runAndLog(49)) - Successfully ran Files.createDirectories /home/runner/work/ratis/ratis/ratis-test/target/test/data/914aaede/MiniRaftClusterWithGrpcab88bf1e/s2/6795b005-8499-4622-a506-9429a86137b5
2023-03-09 02:58:33,070 [s2-impl-thread1] INFO  storage.RaftStorageDirectory (RaftStorageDirectoryImpl.java:tryLock(232)) - Lock on /home/runner/work/ratis/ratis/ratis-test/target/test/data/914aaede/MiniRaftClusterWithGrpcab88bf1e/s2/6795b005-8499-4622-a506-9429a86137b5/in_use.lock acquired by nodename 8670@fv-az740-87
2023-03-09 02:58:33,070 [s2-impl-thread1] TRACE util.FileUtils (LogUtils.java:runAndLog(49)) - Successfully ran Files.createDirectories /home/runner/work/ratis/ratis/ratis-test/target/test/data/914aaede/MiniRaftClusterWithGrpcab88bf1e/s2/6795b005-8499-4622-a506-9429a86137b5/current
2023-03-09 02:58:33,071 [s2-impl-thread1] TRACE util.FileUtils (LogUtils.java:runAndLog(49)) - Successfully ran Files.createDirectories /home/runner/work/ratis/ratis/ratis-test/target/test/data/914aaede/MiniRaftClusterWithGrpcab88bf1e/s2/6795b005-8499-4622-a506-9429a86137b5/sm
2023-03-09 02:58:33,071 [s2-impl-thread1] INFO  storage.RaftStorage (RaftStorageImpl.java:format(96)) - Storage directory /home/runner/work/ratis/ratis/ratis-test/target/test/data/914aaede/MiniRaftClusterWithGrpcab88bf1e/s2/6795b005-8499-4622-a506-9429a86137b5 has been successfully formatted.
2023-03-09 02:58:33,072 [s2-impl-thread1] INFO  server.RaftServerConfigKeys (ConfUtils.java:logGet(46)) - raft.server.log.use.memory = false (default)
2023-03-09 02:58:33,072 [s2-impl-thread1] INFO  server.RaftServerConfigKeys (ConfUtils.java:logGet(46)) - raft.server.log.purge.gap = 1024 (default)
2023-03-09 02:58:33,072 [s2-impl-thread1] INFO  server.RaftServerConfigKeys (ConfUtils.java:logGet(46)) - raft.server.log.appender.buffer.byte-limit = 4MB (=4194304) (default)
2023-03-09 02:58:33,072 [s2-impl-thread1] INFO  server.RaftServerConfigKeys (ConfUtils.java:logGet(46)) - raft.server.log.statemachine.data.read.timeout = 1000ms (default)
2023-03-09 02:58:33,072 [s2-impl-thread1] INFO  server.RaftServerConfigKeys (ConfUtils.java:logGet(46)) - raft.server.log.purge.preservation.log.num = 0 (default)
2023-03-09 02:58:33,072 [s2-impl-thread1] INFO  server.RaftServerConfigKeys (ConfUtils.java:logGet(46)) - raft.server.log.segment.size.max = 8MB (=8388608) (default)
2023-03-09 02:58:33,073 [s2-impl-thread1] INFO  server.RaftServerConfigKeys (ConfUtils.java:logGet(46)) - raft.server.log.segment.cache.num.max = 6 (default)
2023-03-09 02:58:33,073 [s2-impl-thread1] INFO  server.RaftServerConfigKeys (ConfUtils.java:logGet(46)) - raft.server.log.segment.cache.size.max = 200MB (=209715200) (default)
2023-03-09 02:58:33,073 [s2-impl-thread1] INFO  server.RaftServerConfigKeys (ConfUtils.java:logGet(46)) - raft.server.log.appender.buffer.byte-limit = 4MB (=4194304) (default)
2023-03-09 02:58:33,073 [s2-impl-thread1] INFO  segmented.SegmentedRaftLogWorker (SegmentedRaftLogWorker.java:<init>(183)) - new s2@group-9429A86137B5-SegmentedRaftLogWorker for RaftStorageImpl:Storage Directory /home/runner/work/ratis/ratis/ratis-test/target/test/data/914aaede/MiniRaftClusterWithGrpcab88bf1e/s2/6795b005-8499-4622-a506-9429a86137b5
2023-03-09 02:58:33,073 [s2-impl-thread1] INFO  server.RaftServerConfigKeys (ConfUtils.java:logGet(46)) - raft.server.log.queue.byte-limit = 64MB (=67108864) (default)
2023-03-09 02:58:33,073 [s2-impl-thread1] INFO  server.RaftServerConfigKeys (ConfUtils.java:logGet(46)) - raft.server.log.queue.element-limit = 4096 (default)
2023-03-09 02:58:33,073 [s2-impl-thread1] INFO  server.RaftServerConfigKeys (ConfUtils.java:logGet(46)) - raft.server.log.segment.size.max = 8MB (=8388608) (default)
2023-03-09 02:58:33,073 [s2-impl-thread1] INFO  server.RaftServerConfigKeys (ConfUtils.java:logGet(46)) - raft.server.log.preallocated.size = 4MB (=4194304) (default)
2023-03-09 02:58:33,073 [s2-impl-thread1] INFO  server.RaftServerConfigKeys (ConfUtils.java:logGet(46)) - raft.server.log.force.sync.num = 128 (default)
2023-03-09 02:58:33,073 [s2-impl-thread1] INFO  server.RaftServerConfigKeys (ConfUtils.java:logGet(46)) - raft.server.log.statemachine.data.sync = true (default)
2023-03-09 02:58:33,073 [s2-impl-thread1] INFO  server.RaftServerConfigKeys (ConfUtils.java:logGet(46)) - raft.server.log.statemachine.data.sync.timeout = 10s (default)
2023-03-09 02:58:33,073 [s2-impl-thread1] INFO  server.RaftServerConfigKeys (ConfUtils.java:logGet(46)) - raft.server.log.statemachine.data.sync.timeout.retry = -1 (default)
2023-03-09 02:58:33,073 [s2-impl-thread1] INFO  server.RaftServerConfigKeys (ConfUtils.java:logGet(46)) - raft.server.log.write.buffer.size = 64KB (=65536) (default)
2023-03-09 02:58:33,073 [s2-impl-thread1] INFO  server.RaftServerConfigKeys (ConfUtils.java:logGet(46)) - raft.server.log.appender.buffer.byte-limit = 4MB (=4194304) (default)
2023-03-09 02:58:33,075 [s2-impl-thread1] INFO  server.RaftServerConfigKeys (ConfUtils.java:logGet(46)) - raft.server.log.unsafe-flush.enabled = false (default)
2023-03-09 02:58:33,075 [s2-impl-thread1] INFO  server.RaftServerConfigKeys (ConfUtils.java:logGet(46)) - raft.server.log.async-flush.enabled = false (default)
2023-03-09 02:58:33,075 [s2-impl-thread1] INFO  server.RaftServerConfigKeys (ConfUtils.java:logGet(46)) - raft.server.log.statemachine.data.caching.enabled = false (default)
2023-03-09 02:58:33,075 [s2-impl-thread1] INFO  segmented.SegmentedRaftLogWorker (SegmentedRaftLogWorker.java:lambda$new$0(134)) - s2@group-9429A86137B5-SegmentedRaftLogWorker: flushIndex: setUnconditionally 0 -> -1
2023-03-09 02:58:33,075 [s2-impl-thread1] INFO  segmented.SegmentedRaftLogWorker (SegmentedRaftLogWorker.java:lambda$new$0(134)) - s2@group-9429A86137B5-SegmentedRaftLogWorker: safeCacheEvictIndex: setUnconditionally 0 -> -1
2023-03-09 02:58:33,075 [s2-impl-thread1] INFO  server.RaftServer$Division (RaftServerImpl.java:start(342)) - s2@group-9429A86137B5: start as a follower, conf=-1: peers:[s0|rpc:localhost:45361|admin:localhost:38109|client:localhost:34017|dataStream:localhost:46067|priority:0|startupRole:FOLLOWER, s1|rpc:localhost:40827|admin:localhost:41045|client:localhost:42243|dataStream:localhost:41487|priority:0|startupRole:FOLLOWER, s2|rpc:localhost:33089|admin:localhost:33701|client:localhost:39731|dataStream:localhost:38483|priority:0|startupRole:FOLLOWER]|listeners:[], old=null
2023-03-09 02:58:33,075 [s2-impl-thread1] INFO  server.RaftServer$Division (RaftServerImpl.java:setRole(329)) - s2@group-9429A86137B5: changes role from      null to FOLLOWER at term 0 for startAsFollower
2023-03-09 02:58:33,076 [s2-impl-thread1] INFO  impl.RoleInfo (RoleInfo.java:updateAndGet(139)) - s2: start s2@group-9429A86137B5-FollowerState
2023-03-09 02:58:33,078 [s2@group-9429A86137B5-FollowerState] INFO  server.RaftServerConfigKeys (ConfUtils.java:logFallback(53)) - raft.server.rpc.first-election.timeout.min = 150ms (fallback to raft.server.rpc.timeout.min)
2023-03-09 02:58:33,078 [s2-impl-thread1] INFO  util.JmxRegister (JmxRegister.java:tryRegister(44)) - Successfully registered JMX Bean with object name Ratis:service=RaftServer,group=group-9429A86137B5,id=s2
2023-03-09 02:58:33,078 [s2-impl-thread1] INFO  server.RaftServerConfigKeys (ConfUtils.java:logGet(46)) - raft.server.snapshot.auto.trigger.enabled = false (default)
2023-03-09 02:58:33,078 [s2-impl-thread1] INFO  server.RaftServerConfigKeys (ConfUtils.java:logGet(46)) - raft.server.snapshot.retention.file.num = -1 (default)
2023-03-09 02:58:33,078 [s2-impl-thread1] INFO  server.RaftServerConfigKeys (ConfUtils.java:logGet(46)) - raft.server.log.purge.upto.snapshot.index = false (default)
2023-03-09 02:58:33,078 [s2@group-9429A86137B5-FollowerState] INFO  server.RaftServerConfigKeys (ConfUtils.java:logFallback(53)) - raft.server.rpc.first-election.timeout.max = 300ms (fallback to raft.server.rpc.timeout.max)
2023-03-09 02:58:33,082 [Time-limited test] INFO  server.RaftServer (RaftServerProxy.java:startImpl(401)) - s2: start RPC server
2023-03-09 02:58:33,084 [Time-limited test] INFO  server.GrpcService (GrpcService.java:startImpl(302)) - s2: GrpcService started, listening on 39731
2023-03-09 02:58:33,084 [Time-limited test] INFO  server.GrpcService (GrpcService.java:startImpl(302)) - s2: GrpcService started, listening on 33089
2023-03-09 02:58:33,085 [Time-limited test] INFO  server.GrpcService (GrpcService.java:startImpl(302)) - s2: GrpcService started, listening on 33701
2023-03-09 02:58:33,086 [JvmPauseMonitor5] INFO  util.JvmPauseMonitor (JvmPauseMonitor.java:run(103)) - JvmPauseMonitor-s2: Started
2023-03-09 02:58:33,087 [Time-limited test] INFO  server.RaftServerConfigKeys (ConfUtils.java:logGet(46)) - raft.server.rpc.timeout.max = 300ms (default)
2023-03-09 02:58:33,087 [Time-limited test] INFO  ratis.RaftTestUtil (RaftTestUtil.java:waitForLeader(100)) - printing ALL groups
  s0:  RUNNING  FOLLOWER s0@group-9429A86137B5:t0, leader=null, voted=, raftlog=Memoized:s0@group-9429A86137B5-SegmentedRaftLog:OPENED:c-1, conf=-1: peers:[s0|rpc:localhost:45361|admin:localhost:38109|client:localhost:34017|dataStream:localhost:46067|priority:0|startupRole:FOLLOWER, s1|rpc:localhost:40827|admin:localhost:41045|client:localhost:42243|dataStream:localhost:41487|priority:0|startupRole:FOLLOWER, s2|rpc:localhost:33089|admin:localhost:33701|client:localhost:39731|dataStream:localhost:38483|priority:0|startupRole:FOLLOWER]|listeners:[], old=null RUNNING
  s1:  RUNNING  FOLLOWER s1@group-9429A86137B5:t0, leader=null, voted=, raftlog=Memoized:s1@group-9429A86137B5-SegmentedRaftLog:OPENED:c-1, conf=-1: peers:[s0|rpc:localhost:45361|admin:localhost:38109|client:localhost:34017|dataStream:localhost:46067|priority:0|startupRole:FOLLOWER, s1|rpc:localhost:40827|admin:localhost:41045|client:localhost:42243|dataStream:localhost:41487|priority:0|startupRole:FOLLOWER, s2|rpc:localhost:33089|admin:localhost:33701|client:localhost:39731|dataStream:localhost:38483|priority:0|startupRole:FOLLOWER]|listeners:[], old=null RUNNING
  s2:  RUNNING  FOLLOWER s2@group-9429A86137B5:t0, leader=null, voted=, raftlog=Memoized:s2@group-9429A86137B5-SegmentedRaftLog:OPENED:c-1, conf=-1: peers:[s0|rpc:localhost:45361|admin:localhost:38109|client:localhost:34017|dataStream:localhost:46067|priority:0|startupRole:FOLLOWER, s1|rpc:localhost:40827|admin:localhost:41045|client:localhost:42243|dataStream:localhost:41487|priority:0|startupRole:FOLLOWER, s2|rpc:localhost:33089|admin:localhost:33701|client:localhost:39731|dataStream:localhost:38483|priority:0|startupRole:FOLLOWER]|listeners:[], old=null RUNNING
2023-03-09 02:58:33,087 [Time-limited test] WARN  ratis.RaftTestUtil (JavaUtils.java:attempt(217)) - FAILED "waitForLeader-null-(expectLeader? true)", attempt #1/100: java.lang.IllegalStateException: No leader yet : printing ALL groups
  s0:  RUNNING  FOLLOWER s0@group-9429A86137B5:t0, leader=null, voted=, raftlog=Memoized:s0@group-9429A86137B5-SegmentedRaftLog:OPENED:c-1, conf=-1: peers:[s0|rpc:localhost:45361|admin:localhost:38109|client:localhost:34017|dataStream:localhost:46067|priority:0|startupRole:FOLLOWER, s1|rpc:localhost:40827|admin:localhost:41045|client:localhost:42243|dataStream:localhost:41487|priority:0|startupRole:FOLLOWER, s2|rpc:localhost:33089|admin:localhost:33701|client:localhost:39731|dataStream:localhost:38483|priority:0|startupRole:FOLLOWER]|listeners:[], old=null RUNNING
  s1:  RUNNING  FOLLOWER s1@group-9429A86137B5:t0, leader=null, voted=, raftlog=Memoized:s1@group-9429A86137B5-SegmentedRaftLog:OPENED:c-1, conf=-1: peers:[s0|rpc:localhost:45361|admin:localhost:38109|client:localhost:34017|dataStream:localhost:46067|priority:0|startupRole:FOLLOWER, s1|rpc:localhost:40827|admin:localhost:41045|client:localhost:42243|dataStream:localhost:41487|priority:0|startupRole:FOLLOWER, s2|rpc:localhost:33089|admin:localhost:33701|client:localhost:39731|dataStream:localhost:38483|priority:0|startupRole:FOLLOWER]|listeners:[], old=null RUNNING
  s2:  RUNNING  FOLLOWER s2@group-9429A86137B5:t0, leader=null, voted=, raftlog=Memoized:s2@group-9429A86137B5-SegmentedRaftLog:OPENED:c-1, conf=-1: peers:[s0|rpc:localhost:45361|admin:localhost:38109|client:localhost:34017|dataStream:localhost:46067|priority:0|startupRole:FOLLOWER, s1|rpc:localhost:40827|admin:localhost:41045|client:localhost:42243|dataStream:localhost:41487|priority:0|startupRole:FOLLOWER, s2|rpc:localhost:33089|admin:localhost:33701|client:localhost:39731|dataStream:localhost:38483|priority:0|startupRole:FOLLOWER]|listeners:[], old=null RUNNING, sleep 450ms and then retry.
java.lang.IllegalStateException: No leader yet : printing ALL groups
  s0:  RUNNING  FOLLOWER s0@group-9429A86137B5:t0, leader=null, voted=, raftlog=Memoized:s0@group-9429A86137B5-SegmentedRaftLog:OPENED:c-1, conf=-1: peers:[s0|rpc:localhost:45361|admin:localhost:38109|client:localhost:34017|dataStream:localhost:46067|priority:0|startupRole:FOLLOWER, s1|rpc:localhost:40827|admin:localhost:41045|client:localhost:42243|dataStream:localhost:41487|priority:0|startupRole:FOLLOWER, s2|rpc:localhost:33089|admin:localhost:33701|client:localhost:39731|dataStream:localhost:38483|priority:0|startupRole:FOLLOWER]|listeners:[], old=null RUNNING
  s1:  RUNNING  FOLLOWER s1@group-9429A86137B5:t0, leader=null, voted=, raftlog=Memoized:s1@group-9429A86137B5-SegmentedRaftLog:OPENED:c-1, conf=-1: peers:[s0|rpc:localhost:45361|admin:localhost:38109|client:localhost:34017|dataStream:localhost:46067|priority:0|startupRole:FOLLOWER, s1|rpc:localhost:40827|admin:localhost:41045|client:localhost:42243|dataStream:localhost:41487|priority:0|startupRole:FOLLOWER, s2|rpc:localhost:33089|admin:localhost:33701|client:localhost:39731|dataStream:localhost:38483|priority:0|startupRole:FOLLOWER]|listeners:[], old=null RUNNING
  s2:  RUNNING  FOLLOWER s2@group-9429A86137B5:t0, leader=null, voted=, raftlog=Memoized:s2@group-9429A86137B5-SegmentedRaftLog:OPENED:c-1, conf=-1: peers:[s0|rpc:localhost:45361|admin:localhost:38109|client:localhost:34017|dataStream:localhost:46067|priority:0|startupRole:FOLLOWER, s1|rpc:localhost:40827|admin:localhost:41045|client:localhost:42243|dataStream:localhost:41487|priority:0|startupRole:FOLLOWER, s2|rpc:localhost:33089|admin:localhost:33701|client:localhost:39731|dataStream:localhost:38483|priority:0|startupRole:FOLLOWER]|listeners:[], old=null RUNNING
	at org.apache.ratis.server.impl.MiniRaftCluster.newIllegalStateExceptionForNoLeaders(MiniRaftCluster.java:581)
	at org.apache.ratis.RaftTestUtil.lambda$waitForLeader$1(RaftTestUtil.java:104)
	at org.apache.ratis.server.impl.MiniRaftCluster.getLeader(MiniRaftCluster.java:615)
	at org.apache.ratis.server.impl.MiniRaftCluster.getLeader(MiniRaftCluster.java:608)
	at org.apache.ratis.RaftTestUtil.lambda$waitForLeader$3(RaftTestUtil.java:112)
	at org.apache.ratis.util.JavaUtils.attempt(JavaUtils.java:211)
	at org.apache.ratis.util.JavaUtils.attemptRepeatedly(JavaUtils.java:197)
	at org.apache.ratis.RaftTestUtil.waitForLeader(RaftTestUtil.java:111)
	at org.apache.ratis.RaftTestUtil.waitForLeader(RaftTestUtil.java:92)
	at org.apache.ratis.RaftTestUtil.waitForLeader(RaftTestUtil.java:87)
	at org.apache.ratis.ReadOnlyRequestTests.testFollowerLinearizableReadImpl(ReadOnlyRequestTests.java:133)
	at org.apache.ratis.server.impl.MiniRaftCluster$Factory$Get.runWithNewCluster(MiniRaftCluster.java:141)
	at org.apache.ratis.server.impl.MiniRaftCluster$Factory$Get.runWithNewCluster(MiniRaftCluster.java:121)
	at org.apache.ratis.ReadOnlyRequestTests.testFollowerLinearizableRead(ReadOnlyRequestTests.java:128)
	at java.base/jdk.internal.reflect.NativeMethodAccessorImpl.invoke0(Native Method)
	at java.base/jdk.internal.reflect.NativeMethodAccessorImpl.invoke(NativeMethodAccessorImpl.java:62)
	at java.base/jdk.internal.reflect.DelegatingMethodAccessorImpl.invoke(DelegatingMethodAccessorImpl.java:43)
	at java.base/java.lang.reflect.Method.invoke(Method.java:566)
	at org.junit.runners.model.FrameworkMethod$1.runReflectiveCall(FrameworkMethod.java:59)
	at org.junit.internal.runners.model.ReflectiveCallable.run(ReflectiveCallable.java:12)
	at org.junit.runners.model.FrameworkMethod.invokeExplosively(FrameworkMethod.java:56)
	at org.junit.internal.runners.statements.InvokeMethod.evaluate(InvokeMethod.java:17)
	at org.junit.internal.runners.statements.RunBefores.evaluate(RunBefores.java:26)
	at org.junit.internal.runners.statements.RunAfters.evaluate(RunAfters.java:27)
	at org.junit.internal.runners.statements.FailOnTimeout$CallableStatement.call(FailOnTimeout.java:299)
	at org.junit.internal.runners.statements.FailOnTimeout$CallableStatement.call(FailOnTimeout.java:293)
	at java.base/java.util.concurrent.FutureTask.run(FutureTask.java:264)
	at java.base/java.lang.Thread.run(Thread.java:829)
2023-03-09 02:58:33,228 [s0@group-9429A86137B5-FollowerState] INFO  impl.FollowerState (FollowerState.java:run(143)) - s0@group-9429A86137B5-FollowerState: change to CANDIDATE, lastRpcElapsedTime:180308251ns, electionTimeout:178ms
2023-03-09 02:58:33,228 [s0@group-9429A86137B5-FollowerState] INFO  impl.RoleInfo (RoleInfo.java:shutdownFollowerState(110)) - s0: shutdown s0@group-9429A86137B5-FollowerState
2023-03-09 02:58:33,228 [s0@group-9429A86137B5-FollowerState] INFO  server.RaftServer$Division (RaftServerImpl.java:setRole(329)) - s0@group-9429A86137B5: changes role from  FOLLOWER to CANDIDATE at term 0 for changeToCandidate
2023-03-09 02:58:33,229 [s0@group-9429A86137B5-FollowerState] INFO  server.RaftServerConfigKeys (ConfUtils.java:logGet(46)) - raft.server.leaderelection.pre-vote = true (default)
2023-03-09 02:58:33,229 [s0@group-9429A86137B5-FollowerState] INFO  impl.RoleInfo (RoleInfo.java:updateAndGet(139)) - s0: start s0@group-9429A86137B5-LeaderElection4
2023-03-09 02:58:33,233 [s0@group-9429A86137B5-LeaderElection4] INFO  impl.LeaderElection (LeaderElection.java:askForVotes(309)) - s0@group-9429A86137B5-LeaderElection4 PRE_VOTE round 0: submit vote requests at term 0 for -1: peers:[s0|rpc:localhost:45361|admin:localhost:38109|client:localhost:34017|dataStream:localhost:46067|priority:0|startupRole:FOLLOWER, s1|rpc:localhost:40827|admin:localhost:41045|client:localhost:42243|dataStream:localhost:41487|priority:0|startupRole:FOLLOWER, s2|rpc:localhost:33089|admin:localhost:33701|client:localhost:39731|dataStream:localhost:38483|priority:0|startupRole:FOLLOWER]|listeners:[], old=null
2023-03-09 02:58:33,233 [s0@group-9429A86137B5-LeaderElection4] INFO  server.RaftServerConfigKeys (ConfUtils.java:logFallback(53)) - raft.server.rpc.first-election.timeout.min = 150ms (fallback to raft.server.rpc.timeout.min)
2023-03-09 02:58:33,233 [s0@group-9429A86137B5-LeaderElection4] INFO  server.RaftServerConfigKeys (ConfUtils.java:logFallback(53)) - raft.server.rpc.first-election.timeout.max = 300ms (fallback to raft.server.rpc.timeout.max)
2023-03-09 02:58:33,233 [s0@group-9429A86137B5-LeaderElection4-1] INFO  server.GrpcServerProtocolClient (GrpcServerProtocolClient.java:<init>(64)) - Build channel for s1
2023-03-09 02:58:33,237 [s0@group-9429A86137B5-LeaderElection4-2] INFO  server.GrpcServerProtocolClient (GrpcServerProtocolClient.java:<init>(64)) - Build channel for s2
2023-03-09 02:58:33,246 [grpc-default-executor-6] INFO  server.RaftServer$Division (RaftServerImpl.java:requestVote(1302)) - s1@group-9429A86137B5: receive requestVote(PRE_VOTE, s0, group-9429A86137B5, 0, (t:0, i:0))
2023-03-09 02:58:33,247 [grpc-default-executor-6] INFO  impl.VoteContext (VoteContext.java:log(49)) - s1@group-9429A86137B5-FOLLOWER: accept PRE_VOTE from s0: our priority 0 <= candidate's priority 0
2023-03-09 02:58:33,247 [grpc-default-executor-6] INFO  server.RaftServer$Division (RaftServerImpl.java:requestVote(1335)) - s1@group-9429A86137B5 replies to PRE_VOTE vote request: s0<-s1#0:OK-t0. Peer's state: s1@group-9429A86137B5:t0, leader=null, voted=, raftlog=Memoized:s1@group-9429A86137B5-SegmentedRaftLog:OPENED:c-1, conf=-1: peers:[s0|rpc:localhost:45361|admin:localhost:38109|client:localhost:34017|dataStream:localhost:46067|priority:0|startupRole:FOLLOWER, s1|rpc:localhost:40827|admin:localhost:41045|client:localhost:42243|dataStream:localhost:41487|priority:0|startupRole:FOLLOWER, s2|rpc:localhost:33089|admin:localhost:33701|client:localhost:39731|dataStream:localhost:38483|priority:0|startupRole:FOLLOWER]|listeners:[], old=null
2023-03-09 02:58:33,251 [grpc-default-executor-6] INFO  server.RaftServer$Division (RaftServerImpl.java:requestVote(1302)) - s2@group-9429A86137B5: receive requestVote(PRE_VOTE, s0, group-9429A86137B5, 0, (t:0, i:0))
2023-03-09 02:58:33,251 [s0@group-9429A86137B5-LeaderElection4] INFO  impl.LeaderElection (LeaderElection.java:logAndReturn(89)) - s0@group-9429A86137B5-LeaderElection4: PRE_VOTE PASSED received 1 response(s) and 0 exception(s):
2023-03-09 02:58:33,251 [grpc-default-executor-6] INFO  impl.VoteContext (VoteContext.java:log(49)) - s2@group-9429A86137B5-FOLLOWER: accept PRE_VOTE from s0: our priority 0 <= candidate's priority 0
2023-03-09 02:58:33,251 [s0@group-9429A86137B5-LeaderElection4] INFO  impl.LeaderElection (LeaderElection.java:logAndReturn(93)) -   Response 0: s0<-s1#0:OK-t0
2023-03-09 02:58:33,251 [s0@group-9429A86137B5-LeaderElection4] INFO  impl.LeaderElection (LeaderElection.java:askForVotes(311)) - s0@group-9429A86137B5-LeaderElection4 PRE_VOTE round 0: result PASSED
2023-03-09 02:58:33,251 [grpc-default-executor-6] INFO  server.RaftServer$Division (RaftServerImpl.java:requestVote(1335)) - s2@group-9429A86137B5 replies to PRE_VOTE vote request: s0<-s2#0:OK-t0. Peer's state: s2@group-9429A86137B5:t0, leader=null, voted=, raftlog=Memoized:s2@group-9429A86137B5-SegmentedRaftLog:OPENED:c-1, conf=-1: peers:[s0|rpc:localhost:45361|admin:localhost:38109|client:localhost:34017|dataStream:localhost:46067|priority:0|startupRole:FOLLOWER, s1|rpc:localhost:40827|admin:localhost:41045|client:localhost:42243|dataStream:localhost:41487|priority:0|startupRole:FOLLOWER, s2|rpc:localhost:33089|admin:localhost:33701|client:localhost:39731|dataStream:localhost:38483|priority:0|startupRole:FOLLOWER]|listeners:[], old=null
2023-03-09 02:58:33,252 [s0@group-9429A86137B5-LeaderElection4] INFO  impl.LeaderElection (LeaderElection.java:askForVotes(309)) - s0@group-9429A86137B5-LeaderElection4 ELECTION round 0: submit vote requests at term 1 for -1: peers:[s0|rpc:localhost:45361|admin:localhost:38109|client:localhost:34017|dataStream:localhost:46067|priority:0|startupRole:FOLLOWER, s1|rpc:localhost:40827|admin:localhost:41045|client:localhost:42243|dataStream:localhost:41487|priority:0|startupRole:FOLLOWER, s2|rpc:localhost:33089|admin:localhost:33701|client:localhost:39731|dataStream:localhost:38483|priority:0|startupRole:FOLLOWER]|listeners:[], old=null
2023-03-09 02:58:33,255 [s0@group-9429A86137B5-LeaderElection4] INFO  server.RaftServerConfigKeys (ConfUtils.java:logFallback(53)) - raft.server.rpc.first-election.timeout.min = 150ms (fallback to raft.server.rpc.timeout.min)
2023-03-09 02:58:33,255 [s0@group-9429A86137B5-LeaderElection4] INFO  server.RaftServerConfigKeys (ConfUtils.java:logFallback(53)) - raft.server.rpc.first-election.timeout.max = 300ms (fallback to raft.server.rpc.timeout.max)
2023-03-09 02:58:33,263 [grpc-default-executor-6] INFO  server.RaftServer$Division (RaftServerImpl.java:requestVote(1302)) - s1@group-9429A86137B5: receive requestVote(ELECTION, s0, group-9429A86137B5, 1, (t:0, i:0))
2023-03-09 02:58:33,263 [grpc-default-executor-6] INFO  impl.VoteContext (VoteContext.java:log(49)) - s1@group-9429A86137B5-FOLLOWER: accept ELECTION from s0: our priority 0 <= candidate's priority 0
2023-03-09 02:58:33,263 [grpc-default-executor-6] INFO  server.RaftServer$Division (RaftServerImpl.java:setRole(329)) - s1@group-9429A86137B5: changes role from  FOLLOWER to FOLLOWER at term 1 for candidate:s0
2023-03-09 02:58:33,263 [grpc-default-executor-6] INFO  impl.RoleInfo (RoleInfo.java:shutdownFollowerState(110)) - s1: shutdown s1@group-9429A86137B5-FollowerState
2023-03-09 02:58:33,263 [s1@group-9429A86137B5-FollowerState] INFO  impl.FollowerState (FollowerState.java:run(152)) - s1@group-9429A86137B5-FollowerState was interrupted
2023-03-09 02:58:33,263 [grpc-default-executor-7] INFO  server.RaftServer$Division (RaftServerImpl.java:requestVote(1302)) - s2@group-9429A86137B5: receive requestVote(ELECTION, s0, group-9429A86137B5, 1, (t:0, i:0))
2023-03-09 02:58:33,264 [grpc-default-executor-7] INFO  impl.VoteContext (VoteContext.java:log(49)) - s2@group-9429A86137B5-FOLLOWER: accept ELECTION from s0: our priority 0 <= candidate's priority 0
2023-03-09 02:58:33,264 [grpc-default-executor-7] INFO  server.RaftServer$Division (RaftServerImpl.java:setRole(329)) - s2@group-9429A86137B5: changes role from  FOLLOWER to FOLLOWER at term 1 for candidate:s0
2023-03-09 02:58:33,264 [grpc-default-executor-7] INFO  impl.RoleInfo (RoleInfo.java:shutdownFollowerState(110)) - s2: shutdown s2@group-9429A86137B5-FollowerState
2023-03-09 02:58:33,264 [s2@group-9429A86137B5-FollowerState] INFO  impl.FollowerState (FollowerState.java:run(152)) - s2@group-9429A86137B5-FollowerState was interrupted
2023-03-09 02:58:33,264 [grpc-default-executor-7] INFO  impl.RoleInfo (RoleInfo.java:updateAndGet(139)) - s2: start s2@group-9429A86137B5-FollowerState
2023-03-09 02:58:33,264 [grpc-default-executor-6] INFO  impl.RoleInfo (RoleInfo.java:updateAndGet(139)) - s1: start s1@group-9429A86137B5-FollowerState
2023-03-09 02:58:33,265 [s2@group-9429A86137B5-FollowerState] INFO  server.RaftServerConfigKeys (ConfUtils.java:logFallback(53)) - raft.server.rpc.first-election.timeout.min = 150ms (fallback to raft.server.rpc.timeout.min)
2023-03-09 02:58:33,265 [s2@group-9429A86137B5-FollowerState] INFO  server.RaftServerConfigKeys (ConfUtils.java:logFallback(53)) - raft.server.rpc.first-election.timeout.max = 300ms (fallback to raft.server.rpc.timeout.max)
2023-03-09 02:58:33,265 [grpc-default-executor-7] INFO  server.RaftServer$Division (RaftServerImpl.java:requestVote(1335)) - s2@group-9429A86137B5 replies to ELECTION vote request: s0<-s2#0:OK-t1. Peer's state: s2@group-9429A86137B5:t1, leader=null, voted=s0, raftlog=Memoized:s2@group-9429A86137B5-SegmentedRaftLog:OPENED:c-1, conf=-1: peers:[s0|rpc:localhost:45361|admin:localhost:38109|client:localhost:34017|dataStream:localhost:46067|priority:0|startupRole:FOLLOWER, s1|rpc:localhost:40827|admin:localhost:41045|client:localhost:42243|dataStream:localhost:41487|priority:0|startupRole:FOLLOWER, s2|rpc:localhost:33089|admin:localhost:33701|client:localhost:39731|dataStream:localhost:38483|priority:0|startupRole:FOLLOWER]|listeners:[], old=null
2023-03-09 02:58:33,266 [s0@group-9429A86137B5-LeaderElection4] INFO  impl.LeaderElection (LeaderElection.java:logAndReturn(89)) - s0@group-9429A86137B5-LeaderElection4: ELECTION PASSED received 1 response(s) and 0 exception(s):
2023-03-09 02:58:33,266 [s0@group-9429A86137B5-LeaderElection4] INFO  impl.LeaderElection (LeaderElection.java:logAndReturn(93)) -   Response 0: s0<-s2#0:OK-t1
2023-03-09 02:58:33,267 [s0@group-9429A86137B5-LeaderElection4] INFO  impl.LeaderElection (LeaderElection.java:askForVotes(311)) - s0@group-9429A86137B5-LeaderElection4 ELECTION round 0: result PASSED
2023-03-09 02:58:33,267 [s0@group-9429A86137B5-LeaderElection4] INFO  impl.RoleInfo (RoleInfo.java:shutdownLeaderElection(130)) - s0: shutdown s0@group-9429A86137B5-LeaderElection4
2023-03-09 02:58:33,267 [s0@group-9429A86137B5-LeaderElection4] INFO  server.RaftServer$Division (RaftServerImpl.java:setRole(329)) - s0@group-9429A86137B5: changes role from CANDIDATE to LEADER at term 1 for changeToLeader
2023-03-09 02:58:33,267 [s0@group-9429A86137B5-LeaderElection4] INFO  server.RaftServer$Division (ServerState.java:setLeader(260)) - s0@group-9429A86137B5: change Leader from null to s0 at term 1 for becomeLeader, leader elected after 262ms
2023-03-09 02:58:33,267 [s0@group-9429A86137B5-LeaderElection4] INFO  server.RaftServerConfigKeys (ConfUtils.java:logGet(46)) - raft.server.staging.catchup.gap = 1000 (default)
2023-03-09 02:58:33,267 [s0@group-9429A86137B5-LeaderElection4] INFO  server.RaftServerConfigKeys (ConfUtils.java:logGet(46)) - raft.server.write.element-limit = 4096 (default)
2023-03-09 02:58:33,267 [s0@group-9429A86137B5-LeaderElection4] INFO  server.RaftServerConfigKeys (ConfUtils.java:logGet(46)) - raft.server.write.byte-limit = 64MB (=67108864) (default)
2023-03-09 02:58:33,267 [s0@group-9429A86137B5-LeaderElection4] INFO  server.RaftServerConfigKeys (ConfUtils.java:logGet(46)) - raft.server.watch.timeout = 10s (default)
2023-03-09 02:58:33,267 [s0@group-9429A86137B5-LeaderElection4] INFO  server.RaftServerConfigKeys (ConfUtils.java:logGet(46)) - raft.server.watch.timeout.denomination = 1s (default)
2023-03-09 02:58:33,267 [s0@group-9429A86137B5-LeaderElection4] INFO  server.RaftServerConfigKeys (ConfUtils.java:logGet(46)) - raft.server.watch.element-limit = 65536 (default)
2023-03-09 02:58:33,267 [s0@group-9429A86137B5-LeaderElection4] INFO  server.RaftServerConfigKeys (ConfUtils.java:logGet(46)) - raft.server.write.element-limit = 4096 (default)
2023-03-09 02:58:33,267 [s0@group-9429A86137B5-LeaderElection4] INFO  server.RaftServerConfigKeys (ConfUtils.java:logGet(46)) - raft.server.write.follower.gap.ratio.max = -1.0 (default)
2023-03-09 02:58:33,268 [s0@group-9429A86137B5-LeaderElection4] INFO  server.RaftServerConfigKeys (ConfUtils.java:logGet(46)) - raft.server.log.appender.snapshot.chunk.size.max = 16MB (=16777216) (default)
2023-03-09 02:58:33,268 [s0@group-9429A86137B5-LeaderElection4] INFO  server.RaftServerConfigKeys (ConfUtils.java:logGet(46)) - raft.server.log.appender.buffer.byte-limit = 4MB (=4194304) (default)
2023-03-09 02:58:33,268 [s0@group-9429A86137B5-LeaderElection4] INFO  server.RaftServerConfigKeys (ConfUtils.java:logGet(46)) - raft.server.log.appender.buffer.element-limit = 0 (default)
2023-03-09 02:58:33,268 [s0@group-9429A86137B5-LeaderElection4] INFO  server.RaftServerConfigKeys (ConfUtils.java:logGet(46)) - raft.server.log.appender.wait-time.min = 10ms (default)
2023-03-09 02:58:33,268 [s0@group-9429A86137B5-LeaderElection4] INFO  grpc.GrpcConfigKeys (ConfUtils.java:logGet(46)) - raft.grpc.server.leader.outstanding.appends.max = 128 (default)
2023-03-09 02:58:33,268 [s0@group-9429A86137B5-LeaderElection4] INFO  server.RaftServerConfigKeys (ConfUtils.java:logGet(46)) - raft.server.rpc.request.timeout = 3000ms (default)
2023-03-09 02:58:33,268 [s0@group-9429A86137B5-LeaderElection4] INFO  server.RaftServerConfigKeys (ConfUtils.java:logGet(46)) - raft.server.log.appender.install.snapshot.enabled = true (default)
2023-03-09 02:58:33,268 [s0@group-9429A86137B5-LeaderElection4] INFO  grpc.GrpcConfigKeys (ConfUtils.java:logGet(46)) - raft.grpc.server.heartbeat.channel = true (default)
2023-03-09 02:58:33,268 [s0@group-9429A86137B5-LeaderElection4] INFO  server.RaftServerConfigKeys (ConfUtils.java:logGet(46)) - raft.server.log.appender.snapshot.chunk.size.max = 16MB (=16777216) (default)
2023-03-09 02:58:33,268 [s0@group-9429A86137B5-LeaderElection4] INFO  server.RaftServerConfigKeys (ConfUtils.java:logGet(46)) - raft.server.log.appender.buffer.byte-limit = 4MB (=4194304) (default)
2023-03-09 02:58:33,268 [s0@group-9429A86137B5-LeaderElection4] INFO  server.RaftServerConfigKeys (ConfUtils.java:logGet(46)) - raft.server.log.appender.buffer.element-limit = 0 (default)
2023-03-09 02:58:33,269 [s0@group-9429A86137B5-LeaderElection4] INFO  server.RaftServerConfigKeys (ConfUtils.java:logGet(46)) - raft.server.log.appender.wait-time.min = 10ms (default)
2023-03-09 02:58:33,269 [s0@group-9429A86137B5-LeaderElection4] INFO  grpc.GrpcConfigKeys (ConfUtils.java:logGet(46)) - raft.grpc.server.leader.outstanding.appends.max = 128 (default)
2023-03-09 02:58:33,269 [s0@group-9429A86137B5-LeaderElection4] INFO  server.RaftServerConfigKeys (ConfUtils.java:logGet(46)) - raft.server.rpc.request.timeout = 3000ms (default)
2023-03-09 02:58:33,269 [s0@group-9429A86137B5-LeaderElection4] INFO  server.RaftServerConfigKeys (ConfUtils.java:logGet(46)) - raft.server.log.appender.install.snapshot.enabled = true (default)
2023-03-09 02:58:33,269 [s0@group-9429A86137B5-LeaderElection4] INFO  grpc.GrpcConfigKeys (ConfUtils.java:logGet(46)) - raft.grpc.server.heartbeat.channel = true (default)
2023-03-09 02:58:33,269 [s0@group-9429A86137B5-LeaderElection4] INFO  impl.RoleInfo (RoleInfo.java:updateAndGet(139)) - s0: start s0@group-9429A86137B5-LeaderStateImpl
2023-03-09 02:58:33,269 [s0@group-9429A86137B5-LeaderElection4] INFO  segmented.SegmentedRaftLogWorker (SegmentedRaftLogWorker.java:startLogSegment(426)) - s0@group-9429A86137B5-SegmentedRaftLogWorker: Starting segment from index:0
2023-03-09 02:58:33,278 [s0@group-9429A86137B5-SegmentedRaftLogWorker] INFO  segmented.SegmentedRaftLogWorker (SegmentedRaftLogWorker.java:execute(630)) - s0@group-9429A86137B5-SegmentedRaftLogWorker: created new log segment /home/runner/work/ratis/ratis/ratis-test/target/test/data/914aaede/MiniRaftClusterWithGrpcab88bf1e/s0/6795b005-8499-4622-a506-9429a86137b5/current/log_inprogress_0
2023-03-09 02:58:33,278 [s1@group-9429A86137B5-FollowerState] INFO  server.RaftServerConfigKeys (ConfUtils.java:logFallback(53)) - raft.server.rpc.first-election.timeout.min = 150ms (fallback to raft.server.rpc.timeout.min)
2023-03-09 02:58:33,279 [grpc-default-executor-6] INFO  server.RaftServer$Division (RaftServerImpl.java:requestVote(1335)) - s1@group-9429A86137B5 replies to ELECTION vote request: s0<-s1#0:OK-t1. Peer's state: s1@group-9429A86137B5:t1, leader=null, voted=s0, raftlog=Memoized:s1@group-9429A86137B5-SegmentedRaftLog:OPENED:c-1, conf=-1: peers:[s0|rpc:localhost:45361|admin:localhost:38109|client:localhost:34017|dataStream:localhost:46067|priority:0|startupRole:FOLLOWER, s1|rpc:localhost:40827|admin:localhost:41045|client:localhost:42243|dataStream:localhost:41487|priority:0|startupRole:FOLLOWER, s2|rpc:localhost:33089|admin:localhost:33701|client:localhost:39731|dataStream:localhost:38483|priority:0|startupRole:FOLLOWER]|listeners:[], old=null
2023-03-09 02:58:33,279 [s1@group-9429A86137B5-FollowerState] INFO  server.RaftServerConfigKeys (ConfUtils.java:logFallback(53)) - raft.server.rpc.first-election.timeout.max = 300ms (fallback to raft.server.rpc.timeout.max)
2023-03-09 02:58:33,293 [s0@group-9429A86137B5-LeaderElection4] INFO  server.RaftServer$Division (ServerState.java:setRaftConf(378)) - s0@group-9429A86137B5: set configuration 0: peers:[s0|rpc:localhost:45361|admin:localhost:38109|client:localhost:34017|dataStream:localhost:46067|priority:0|startupRole:FOLLOWER, s1|rpc:localhost:40827|admin:localhost:41045|client:localhost:42243|dataStream:localhost:41487|priority:0|startupRole:FOLLOWER, s2|rpc:localhost:33089|admin:localhost:33701|client:localhost:39731|dataStream:localhost:38483|priority:0|startupRole:FOLLOWER]|listeners:[], old=null
2023-03-09 02:58:33,303 [s2-server-thread2] DEBUG server.RaftServer$Division (RaftServerImpl.java:logAppendEntries(1429)) - s2@group-9429A86137B5: receive appendEntries(s0, 1, null, -1, true, commits:[s0:c-1, s1:c-1, s2:c-1], cId:1, entries: [(t:1, i:0), CONFIGURATIONENTRY(current:id: "s0"
address: "localhost:45361"
dataStreamAddress: "localhost:46067"
clientAddress: "localhost:34017"
adminAddress: "localhost:38109"
startupRole: FOLLOWER
,id: "s1"
address: "localhost:40827"
dataStreamAddress: "localhost:41487"
clientAddress: "localhost:42243"
adminAddress: "localhost:41045"
startupRole: FOLLOWER
,id: "s2"
address: "localhost:33089"
dataStreamAddress: "localhost:38483"
clientAddress: "localhost:39731"
adminAddress: "localhost:33701"
startupRole: FOLLOWER
, old:)]
2023-03-09 02:58:33,303 [s2-server-thread2] INFO  server.RaftServer$Division (ServerState.java:setLeader(260)) - s2@group-9429A86137B5: change Leader from null to s0 at term 1 for appendEntries, leader elected after 271ms
2023-03-09 02:58:33,307 [s1-server-thread1] INFO  server.RaftServer$Division (ServerState.java:setLeader(260)) - s1@group-9429A86137B5: change Leader from null to s0 at term 1 for appendEntries, leader elected after 287ms
2023-03-09 02:58:33,307 [s2-server-thread2] INFO  server.RaftServer$Division (ServerState.java:setRaftConf(378)) - s2@group-9429A86137B5: set configuration 0: peers:[s0|rpc:localhost:45361|admin:localhost:38109|client:localhost:34017|dataStream:localhost:46067|priority:0|startupRole:FOLLOWER, s1|rpc:localhost:40827|admin:localhost:41045|client:localhost:42243|dataStream:localhost:41487|priority:0|startupRole:FOLLOWER, s2|rpc:localhost:33089|admin:localhost:33701|client:localhost:39731|dataStream:localhost:38483|priority:0|startupRole:FOLLOWER]|listeners:[], old=null
2023-03-09 02:58:33,307 [s2-server-thread2] INFO  segmented.SegmentedRaftLogWorker (SegmentedRaftLogWorker.java:startLogSegment(426)) - s2@group-9429A86137B5-SegmentedRaftLogWorker: Starting segment from index:0
2023-03-09 02:58:33,318 [s2@group-9429A86137B5-SegmentedRaftLogWorker] INFO  segmented.SegmentedRaftLogWorker (SegmentedRaftLogWorker.java:execute(630)) - s2@group-9429A86137B5-SegmentedRaftLogWorker: created new log segment /home/runner/work/ratis/ratis/ratis-test/target/test/data/914aaede/MiniRaftClusterWithGrpcab88bf1e/s2/6795b005-8499-4622-a506-9429a86137b5/current/log_inprogress_0
2023-03-09 02:58:33,319 [s1-server-thread2] DEBUG server.RaftServer$Division (RaftServerImpl.java:logAppendEntries(1429)) - s1@group-9429A86137B5: receive appendEntries(s0, 1, null, -1, true, commits:[s0:c-1, s1:c-1, s2:c-1], cId:1, entries: [(t:1, i:0), CONFIGURATIONENTRY(current:id: "s0"
address: "localhost:45361"
dataStreamAddress: "localhost:46067"
clientAddress: "localhost:34017"
adminAddress: "localhost:38109"
startupRole: FOLLOWER
,id: "s1"
address: "localhost:40827"
dataStreamAddress: "localhost:41487"
clientAddress: "localhost:42243"
adminAddress: "localhost:41045"
startupRole: FOLLOWER
,id: "s2"
address: "localhost:33089"
dataStreamAddress: "localhost:38483"
clientAddress: "localhost:39731"
adminAddress: "localhost:33701"
startupRole: FOLLOWER
, old:)]
2023-03-09 02:58:33,329 [s2-server-thread2] DEBUG server.RaftServer$Division (RaftServerImpl.java:logAppendEntries(1429)) - s2@group-9429A86137B5: succeeded to handle AppendEntries. Reply: s0<-s2#1:OK-t1,SUCCESS,nextIndex=1,followerCommit=-1,matchIndex=0
2023-03-09 02:58:33,334 [s1-server-thread2] INFO  server.RaftServer$Division (ServerState.java:setRaftConf(378)) - s1@group-9429A86137B5: set configuration 0: peers:[s0|rpc:localhost:45361|admin:localhost:38109|client:localhost:34017|dataStream:localhost:46067|priority:0|startupRole:FOLLOWER, s1|rpc:localhost:40827|admin:localhost:41045|client:localhost:42243|dataStream:localhost:41487|priority:0|startupRole:FOLLOWER, s2|rpc:localhost:33089|admin:localhost:33701|client:localhost:39731|dataStream:localhost:38483|priority:0|startupRole:FOLLOWER]|listeners:[], old=null
2023-03-09 02:58:33,334 [s1-server-thread2] INFO  segmented.SegmentedRaftLogWorker (SegmentedRaftLogWorker.java:startLogSegment(426)) - s1@group-9429A86137B5-SegmentedRaftLogWorker: Starting segment from index:0
2023-03-09 02:58:33,343 [s1@group-9429A86137B5-SegmentedRaftLogWorker] INFO  segmented.SegmentedRaftLogWorker (SegmentedRaftLogWorker.java:execute(630)) - s1@group-9429A86137B5-SegmentedRaftLogWorker: created new log segment /home/runner/work/ratis/ratis/ratis-test/target/test/data/914aaede/MiniRaftClusterWithGrpcab88bf1e/s1/6795b005-8499-4622-a506-9429a86137b5/current/log_inprogress_0
2023-03-09 02:58:33,344 [s1-server-thread2] DEBUG server.RaftServer$Division (RaftServerImpl.java:logAppendEntries(1429)) - s1@group-9429A86137B5: succeeded to handle AppendEntries. Reply: s0<-s1#1:OK-t1,SUCCESS,nextIndex=1,followerCommit=-1,matchIndex=0
2023-03-09 02:58:33,538 [Time-limited test] INFO  ratis.RaftTestUtil (RaftTestUtil.java:waitForLeader(119)) - printing ALL groups
  s0:  RUNNING    LEADER s0@group-9429A86137B5:t1, leader=s0, voted=s0, raftlog=Memoized:s0@group-9429A86137B5-SegmentedRaftLog:OPENED:c0, conf=0: peers:[s0|rpc:localhost:45361|admin:localhost:38109|client:localhost:34017|dataStream:localhost:46067|priority:0|startupRole:FOLLOWER, s1|rpc:localhost:40827|admin:localhost:41045|client:localhost:42243|dataStream:localhost:41487|priority:0|startupRole:FOLLOWER, s2|rpc:localhost:33089|admin:localhost:33701|client:localhost:39731|dataStream:localhost:38483|priority:0|startupRole:FOLLOWER]|listeners:[], old=null RUNNING
  s1:  RUNNING  FOLLOWER s1@group-9429A86137B5:t1, leader=s0, voted=s0, raftlog=Memoized:s1@group-9429A86137B5-SegmentedRaftLog:OPENED:c0, conf=0: peers:[s0|rpc:localhost:45361|admin:localhost:38109|client:localhost:34017|dataStream:localhost:46067|priority:0|startupRole:FOLLOWER, s1|rpc:localhost:40827|admin:localhost:41045|client:localhost:42243|dataStream:localhost:41487|priority:0|startupRole:FOLLOWER, s2|rpc:localhost:33089|admin:localhost:33701|client:localhost:39731|dataStream:localhost:38483|priority:0|startupRole:FOLLOWER]|listeners:[], old=null RUNNING
  s2:  RUNNING  FOLLOWER s2@group-9429A86137B5:t1, leader=s0, voted=s0, raftlog=Memoized:s2@group-9429A86137B5-SegmentedRaftLog:OPENED:c0, conf=0: peers:[s0|rpc:localhost:45361|admin:localhost:38109|client:localhost:34017|dataStream:localhost:46067|priority:0|startupRole:FOLLOWER, s1|rpc:localhost:40827|admin:localhost:41045|client:localhost:42243|dataStream:localhost:41487|priority:0|startupRole:FOLLOWER, s2|rpc:localhost:33089|admin:localhost:33701|client:localhost:39731|dataStream:localhost:38483|priority:0|startupRole:FOLLOWER]|listeners:[], old=null RUNNING
2023-03-09 02:58:33,562 [s0-client-thread1] DEBUG server.RaftServer$Division (RaftServerImpl.java:submitClientRequestAsync(832)) - s0@group-9429A86137B5: receive client request(RaftClientRequest:client-B5A6FAC62094->s0@group-9429A86137B5, cid=4, seq=0, RW, Message:494e4352454d454e54)
2023-03-09 02:58:33,566 [s0-client-thread1] DEBUG server.RaftServer$Division (LeaderStateImpl.java:addPendingRequest(474)) - s0@group-9429A86137B5-LeaderStateImpl: addPendingRequest at RaftClientRequest:client-B5A6FAC62094->s0@group-9429A86137B5, cid=4, seq=0, RW, Message:494e4352454d454e54, entry=(t:1, i:1), STATEMACHINELOGENTRY, 4@client-B5A6FAC62094
2023-03-09 02:58:33,568 [s1-server-thread2] DEBUG server.RaftServer$Division (RaftServerImpl.java:logAppendEntries(1429)) - s1@group-9429A86137B5: receive appendEntries(s0, 1, (t:1, i:0), 0, true, commits:[s0:c0, s1:c0, s2:c0], cId:23575, entries: [(t:1, i:1), STATEMACHINELOGENTRY, 4@client-B5A6FAC62094]
2023-03-09 02:58:33,569 [s2-server-thread2] DEBUG server.RaftServer$Division (RaftServerImpl.java:logAppendEntries(1429)) - s2@group-9429A86137B5: receive appendEntries(s0, 1, (t:1, i:0), 0, true, commits:[s0:c0, s1:c0, s2:c0], cId:24754, entries: [(t:1, i:1), STATEMACHINELOGENTRY, 4@client-B5A6FAC62094]
2023-03-09 02:58:33,570 [s2-server-thread2] DEBUG server.RaftServer$Division (RaftServerImpl.java:logAppendEntries(1429)) - s2@group-9429A86137B5: succeeded to handle AppendEntries. Reply: s0<-s2#24754:OK-t1,SUCCESS,nextIndex=2,followerCommit=0,matchIndex=1
2023-03-09 02:58:33,570 [s0@group-9429A86137B5-StateMachineUpdater] INFO  statemachine.StateMachine (ReadOnlyRequestTests.java:applyTransaction(304)) - receive command: INCREMENT
2023-03-09 02:58:33,571 [s1-server-thread2] DEBUG server.RaftServer$Division (RaftServerImpl.java:logAppendEntries(1429)) - s1@group-9429A86137B5: succeeded to handle AppendEntries. Reply: s0<-s1#23575:OK-t1,SUCCESS,nextIndex=2,followerCommit=0,matchIndex=1
2023-03-09 02:58:33,578 [s2-server-thread2] DEBUG server.RaftServer$Division (RaftServerImpl.java:logAppendEntries(1429)) - s2@group-9429A86137B5: receive appendEntries(s0, 1, (t:1, i:1), 1, true, commits:[s0:c1, s1:c0, s2:c0], cId:24755, entries: [(t:1, i:2), METADATAENTRY(c:1)]
2023-03-09 02:58:33,579 [s2-server-thread2] DEBUG server.RaftServer$Division (RaftServerImpl.java:logAppendEntries(1429)) - s2@group-9429A86137B5: succeeded to handle AppendEntries. Reply: s0<-s2#24755:OK-t1,SUCCESS,nextIndex=3,followerCommit=1,matchIndex=2
2023-03-09 02:58:33,579 [s2@group-9429A86137B5-StateMachineUpdater] INFO  statemachine.StateMachine (ReadOnlyRequestTests.java:applyTransaction(304)) - receive command: INCREMENT
2023-03-09 02:58:33,580 [s1-server-thread2] DEBUG server.RaftServer$Division (RaftServerImpl.java:logAppendEntries(1429)) - s1@group-9429A86137B5: receive appendEntries(s0, 1, (t:1, i:1), 1, true, commits:[s0:c1, s1:c0, s2:c0], cId:23576, entries: [(t:1, i:2), METADATAENTRY(c:1)]
2023-03-09 02:58:33,581 [s1-server-thread2] DEBUG server.RaftServer$Division (RaftServerImpl.java:logAppendEntries(1429)) - s1@group-9429A86137B5: succeeded to handle AppendEntries. Reply: s0<-s1#23576:OK-t1,SUCCESS,nextIndex=3,followerCommit=1,matchIndex=2
2023-03-09 02:58:33,581 [s1@group-9429A86137B5-StateMachineUpdater] INFO  statemachine.StateMachine (ReadOnlyRequestTests.java:applyTransaction(304)) - receive command: INCREMENT
2023-03-09 02:58:33,587 [s1-client-thread1] DEBUG server.RaftServer$Division (RaftServerImpl.java:submitClientRequestAsync(832)) - s1@group-9429A86137B5: receive client request(RaftClientRequest:client-B5A6FAC62094->s1@group-9429A86137B5, cid=5, seq=0, RO, Message:5155455259)
2023-03-09 02:58:33,588 [s1-client-thread1] INFO  server.GrpcServerProtocolClient (GrpcServerProtocolClient.java:<init>(64)) - Build channel for s0
2023-03-09 02:58:33,743 [s0-client-thread1] DEBUG server.RaftServer$Division (RaftServerImpl.java:submitClientRequestAsync(832)) - s0@group-9429A86137B5: receive client request(RaftClientRequest:client-B5A6FAC62094->s0@group-9429A86137B5, cid=6, seq=1*, Watch(0), Message:<EMPTY>)
2023-03-09 02:58:33,743 [s0-client-thread1] DEBUG server.RaftServer$Division (LeaderStateImpl.java:addWatchReqeust(492)) - s0@group-9429A86137B5-LeaderStateImpl: addWatchRequest RaftClientRequest:client-B5A6FAC62094->s0@group-9429A86137B5, cid=6, seq=1*, Watch(0), Message:<EMPTY>
2023-03-09 02:58:33,786 [s2-client-thread1] DEBUG server.RaftServer$Division (RaftServerImpl.java:submitClientRequestAsync(832)) - s2@group-9429A86137B5: receive client request(RaftClientRequest:client-B5A6FAC62094->s2@group-9429A86137B5, cid=7, seq=1*, RO, Message:5155455259)
2023-03-09 02:58:33,786 [s2-client-thread1] INFO  server.GrpcServerProtocolClient (GrpcServerProtocolClient.java:<init>(64)) - Build channel for s0
2023-03-09 02:58:33,833 [s0-client-thread1] DEBUG server.RaftServer$Division (RaftServerImpl.java:submitClientRequestAsync(832)) - s0@group-9429A86137B5: receive client request(RaftClientRequest:client-B5A6FAC62094->s0@group-9429A86137B5, cid=8, seq=0, RW, Message:494e4352454d454e54)
2023-03-09 02:58:33,834 [s0-client-thread1] DEBUG server.RaftServer$Division (LeaderStateImpl.java:addPendingRequest(474)) - s0@group-9429A86137B5-LeaderStateImpl: addPendingRequest at RaftClientRequest:client-B5A6FAC62094->s0@group-9429A86137B5, cid=8, seq=0, RW, Message:494e4352454d454e54, entry=(t:1, i:3), STATEMACHINELOGENTRY, 8@client-B5A6FAC62094
2023-03-09 02:58:33,836 [s2-server-thread1] DEBUG server.RaftServer$Division (RaftServerImpl.java:logAppendEntries(1429)) - s2@group-9429A86137B5: receive appendEntries(s0, 1, (t:1, i:2), 2, true, commits:[s0:c2, s1:c2, s2:c2], cId:35242, entries: [(t:1, i:3), STATEMACHINELOGENTRY, 8@client-B5A6FAC62094]
2023-03-09 02:58:33,836 [s1-server-thread3] DEBUG server.RaftServer$Division (RaftServerImpl.java:logAppendEntries(1429)) - s1@group-9429A86137B5: receive appendEntries(s0, 1, (t:1, i:2), 2, true, commits:[s0:c2, s1:c2, s2:c2], cId:40649, entries: [(t:1, i:3), STATEMACHINELOGENTRY, 8@client-B5A6FAC62094]
2023-03-09 02:58:33,837 [s1-server-thread3] DEBUG server.RaftServer$Division (RaftServerImpl.java:logAppendEntries(1429)) - s1@group-9429A86137B5: succeeded to handle AppendEntries. Reply: s0<-s1#40649:OK-t1,SUCCESS,nextIndex=4,followerCommit=2,matchIndex=3
2023-03-09 02:58:33,837 [s2-server-thread1] DEBUG server.RaftServer$Division (RaftServerImpl.java:logAppendEntries(1429)) - s2@group-9429A86137B5: succeeded to handle AppendEntries. Reply: s0<-s2#35242:OK-t1,SUCCESS,nextIndex=4,followerCommit=2,matchIndex=3
2023-03-09 02:58:33,838 [s0@group-9429A86137B5-StateMachineUpdater] INFO  statemachine.StateMachine (ReadOnlyRequestTests.java:applyTransaction(304)) - receive command: INCREMENT
2023-03-09 02:58:33,844 [s1-client-thread1] DEBUG server.RaftServer$Division (RaftServerImpl.java:submitClientRequestAsync(832)) - s1@group-9429A86137B5: receive client request(RaftClientRequest:client-B5A6FAC62094->s1@group-9429A86137B5, cid=9, seq=0, RO, Message:5155455259)
2023-03-09 02:58:33,847 [s1-server-thread3] DEBUG server.RaftServer$Division (RaftServerImpl.java:logAppendEntries(1429)) - s1@group-9429A86137B5: receive appendEntries(s0, 1, (t:1, i:3), 3, true, commits:[s0:c3, s1:c2, s2:c2], cId:40650, entries: [(t:1, i:4), METADATAENTRY(c:3)]
2023-03-09 02:58:33,847 [s2-server-thread1] DEBUG server.RaftServer$Division (RaftServerImpl.java:logAppendEntries(1429)) - s2@group-9429A86137B5: receive appendEntries(s0, 1, (t:1, i:3), 3, true, commits:[s0:c3, s1:c2, s2:c2], cId:35243, entries: [(t:1, i:4), METADATAENTRY(c:3)]
2023-03-09 02:58:33,847 [s2-server-thread1] DEBUG server.RaftServer$Division (RaftServerImpl.java:logAppendEntries(1429)) - s2@group-9429A86137B5: succeeded to handle AppendEntries. Reply: s0<-s2#35243:OK-t1,SUCCESS,nextIndex=5,followerCommit=3,matchIndex=4
2023-03-09 02:58:33,848 [s1@group-9429A86137B5-StateMachineUpdater] INFO  statemachine.StateMachine (ReadOnlyRequestTests.java:applyTransaction(304)) - receive command: INCREMENT
2023-03-09 02:58:33,848 [s2@group-9429A86137B5-StateMachineUpdater] INFO  statemachine.StateMachine (ReadOnlyRequestTests.java:applyTransaction(304)) - receive command: INCREMENT
2023-03-09 02:58:33,847 [s1-server-thread3] DEBUG server.RaftServer$Division (RaftServerImpl.java:logAppendEntries(1429)) - s1@group-9429A86137B5: succeeded to handle AppendEntries. Reply: s0<-s1#40650:OK-t1,SUCCESS,nextIndex=5,followerCommit=3,matchIndex=4
2023-03-09 02:58:33,939 [s2-client-thread1] DEBUG server.RaftServer$Division (RaftServerImpl.java:submitClientRequestAsync(832)) - s2@group-9429A86137B5: receive client request(RaftClientRequest:client-B5A6FAC62094->s2@group-9429A86137B5, cid=10, seq=2, RO, Message:5155455259)
2023-03-09 02:58:34,028 [s0-client-thread1] DEBUG server.RaftServer$Division (RaftServerImpl.java:submitClientRequestAsync(832)) - s0@group-9429A86137B5: receive client request(RaftClientRequest:client-B5A6FAC62094->s0@group-9429A86137B5, cid=11, seq=0, RW, Message:494e4352454d454e54)
2023-03-09 02:58:34,029 [s0-client-thread1] DEBUG server.RaftServer$Division (LeaderStateImpl.java:addPendingRequest(474)) - s0@group-9429A86137B5-LeaderStateImpl: addPendingRequest at RaftClientRequest:client-B5A6FAC62094->s0@group-9429A86137B5, cid=11, seq=0, RW, Message:494e4352454d454e54, entry=(t:1, i:5), STATEMACHINELOGENTRY, 11@client-B5A6FAC62094
2023-03-09 02:58:34,033 [s2-server-thread1] DEBUG server.RaftServer$Division (RaftServerImpl.java:logAppendEntries(1429)) - s2@group-9429A86137B5: receive appendEntries(s0, 1, (t:1, i:4), 4, true, commits:[s0:c4, s1:c4, s2:c4], cId:75688, entries: [(t:1, i:5), STATEMACHINELOGENTRY, 11@client-B5A6FAC62094]
2023-03-09 02:58:34,034 [s2-server-thread1] DEBUG server.RaftServer$Division (RaftServerImpl.java:logAppendEntries(1429)) - s2@group-9429A86137B5: succeeded to handle AppendEntries. Reply: s0<-s2#75688:OK-t1,SUCCESS,nextIndex=6,followerCommit=4,matchIndex=5
2023-03-09 02:58:34,034 [s0@group-9429A86137B5-StateMachineUpdater] INFO  statemachine.StateMachine (ReadOnlyRequestTests.java:applyTransaction(304)) - receive command: INCREMENT
2023-03-09 02:58:34,037 [s1-client-thread1] DEBUG server.RaftServer$Division (RaftServerImpl.java:submitClientRequestAsync(832)) - s1@group-9429A86137B5: receive client request(RaftClientRequest:client-B5A6FAC62094->s1@group-9429A86137B5, cid=12, seq=0, RO, Message:5155455259)
2023-03-09 02:58:34,039 [s1-server-thread3] DEBUG server.RaftServer$Division (RaftServerImpl.java:logAppendEntries(1429)) - s1@group-9429A86137B5: receive appendEntries(s0, 1, (t:1, i:4), 4, true, commits:[s0:c4, s1:c4, s2:c4], cId:53361, entries: [(t:1, i:5), STATEMACHINELOGENTRY, 11@client-B5A6FAC62094]
2023-03-09 02:58:34,039 [s1-server-thread3] DEBUG server.RaftServer$Division (RaftServerImpl.java:logAppendEntries(1429)) - s1@group-9429A86137B5: succeeded to handle AppendEntries. Reply: s0<-s1#53361:OK-t1,SUCCESS,nextIndex=6,followerCommit=4,matchIndex=5
2023-03-09 02:58:34,044 [s2-server-thread1] DEBUG server.RaftServer$Division (RaftServerImpl.java:logAppendEntries(1429)) - s2@group-9429A86137B5: receive appendEntries(s0, 1, (t:1, i:5), 5, true, commits:[s0:c5, s1:c4, s2:c4], cId:75689, entries: [(t:1, i:6), METADATAENTRY(c:5)]
2023-03-09 02:58:34,044 [s2-server-thread1] DEBUG server.RaftServer$Division (RaftServerImpl.java:logAppendEntries(1429)) - s2@group-9429A86137B5: succeeded to handle AppendEntries. Reply: s0<-s2#75689:OK-t1,SUCCESS,nextIndex=7,followerCommit=5,matchIndex=6
2023-03-09 02:58:34,044 [s2@group-9429A86137B5-StateMachineUpdater] INFO  statemachine.StateMachine (ReadOnlyRequestTests.java:applyTransaction(304)) - receive command: INCREMENT
2023-03-09 02:58:34,049 [s1@group-9429A86137B5-StateMachineUpdater] INFO  statemachine.StateMachine (ReadOnlyRequestTests.java:applyTransaction(304)) - receive command: INCREMENT
2023-03-09 02:58:34,061 [s1-server-thread2] DEBUG server.RaftServer$Division (RaftServerImpl.java:logAppendEntries(1429)) - s1@group-9429A86137B5: receive appendEntries(s0, 1, (t:1, i:5), 6, true, commits:[s0:c6, s1:c5, s2:c5], cId:53363, entries: [(t:1, i:6), METADATAENTRY(c:5)]
2023-03-09 02:58:34,063 [s1-server-thread2] DEBUG server.RaftServer$Division (RaftServerImpl.java:logAppendEntries(1429)) - s1@group-9429A86137B5: succeeded to handle AppendEntries. Reply: s0<-s1#53363:OK-t1,SUCCESS,nextIndex=7,followerCommit=6,matchIndex=6
2023-03-09 02:58:34,067 [s2-client-thread1] DEBUG server.RaftServer$Division (RaftServerImpl.java:submitClientRequestAsync(832)) - s2@group-9429A86137B5: receive client request(RaftClientRequest:client-B5A6FAC62094->s2@group-9429A86137B5, cid=13, seq=3, RO, Message:5155455259)
2023-03-09 02:58:34,153 [s0-client-thread1] DEBUG server.RaftServer$Division (RaftServerImpl.java:submitClientRequestAsync(832)) - s0@group-9429A86137B5: receive client request(RaftClientRequest:client-B5A6FAC62094->s0@group-9429A86137B5, cid=14, seq=0, RW, Message:494e4352454d454e54)
2023-03-09 02:58:34,153 [s0-client-thread1] DEBUG server.RaftServer$Division (LeaderStateImpl.java:addPendingRequest(474)) - s0@group-9429A86137B5-LeaderStateImpl: addPendingRequest at RaftClientRequest:client-B5A6FAC62094->s0@group-9429A86137B5, cid=14, seq=0, RW, Message:494e4352454d454e54, entry=(t:1, i:7), STATEMACHINELOGENTRY, 14@client-B5A6FAC62094
2023-03-09 02:58:34,155 [s1-server-thread3] DEBUG server.RaftServer$Division (RaftServerImpl.java:logAppendEntries(1429)) - s1@group-9429A86137B5: receive appendEntries(s0, 1, (t:1, i:6), 6, true, commits:[s0:c6, s1:c6, s2:c6], cId:53365, entries: [(t:1, i:7), STATEMACHINELOGENTRY, 14@client-B5A6FAC62094]
2023-03-09 02:58:34,155 [s1-server-thread3] DEBUG server.RaftServer$Division (RaftServerImpl.java:logAppendEntries(1429)) - s1@group-9429A86137B5: succeeded to handle AppendEntries. Reply: s0<-s1#53365:OK-t1,SUCCESS,nextIndex=8,followerCommit=6,matchIndex=7
2023-03-09 02:58:34,156 [s0@group-9429A86137B5-StateMachineUpdater] INFO  statemachine.StateMachine (ReadOnlyRequestTests.java:applyTransaction(304)) - receive command: INCREMENT
2023-03-09 02:58:34,158 [s2-server-thread1] DEBUG server.RaftServer$Division (RaftServerImpl.java:logAppendEntries(1429)) - s2@group-9429A86137B5: receive appendEntries(s0, 1, (t:1, i:6), 6, true, commits:[s0:c6, s1:c6, s2:c6], cId:84786, entries: [(t:1, i:7), STATEMACHINELOGENTRY, 14@client-B5A6FAC62094]
2023-03-09 02:58:34,159 [s2-server-thread1] DEBUG server.RaftServer$Division (RaftServerImpl.java:logAppendEntries(1429)) - s2@group-9429A86137B5: succeeded to handle AppendEntries. Reply: s0<-s2#84786:OK-t1,SUCCESS,nextIndex=8,followerCommit=6,matchIndex=7
2023-03-09 02:58:34,160 [s1-client-thread1] DEBUG server.RaftServer$Division (RaftServerImpl.java:submitClientRequestAsync(832)) - s1@group-9429A86137B5: receive client request(RaftClientRequest:client-B5A6FAC62094->s1@group-9429A86137B5, cid=15, seq=0, RO, Message:5155455259)
2023-03-09 02:58:34,166 [s1-server-thread3] DEBUG server.RaftServer$Division (RaftServerImpl.java:logAppendEntries(1429)) - s1@group-9429A86137B5: receive appendEntries(s0, 1, (t:1, i:7), 7, true, commits:[s0:c7, s1:c6, s2:c6], cId:53366, entries: [(t:1, i:8), METADATAENTRY(c:7)]
2023-03-09 02:58:34,167 [s1-server-thread3] DEBUG server.RaftServer$Division (RaftServerImpl.java:logAppendEntries(1429)) - s1@group-9429A86137B5: succeeded to handle AppendEntries. Reply: s0<-s1#53366:OK-t1,SUCCESS,nextIndex=9,followerCommit=7,matchIndex=8
2023-03-09 02:58:34,167 [s1@group-9429A86137B5-StateMachineUpdater] INFO  statemachine.StateMachine (ReadOnlyRequestTests.java:applyTransaction(304)) - receive command: INCREMENT
2023-03-09 02:58:34,169 [s2-server-thread1] DEBUG server.RaftServer$Division (RaftServerImpl.java:logAppendEntries(1429)) - s2@group-9429A86137B5: receive appendEntries(s0, 1, (t:1, i:7), 7, true, commits:[s0:c7, s1:c6, s2:c6], cId:84787, entries: [(t:1, i:8), METADATAENTRY(c:7)]
2023-03-09 02:58:34,170 [s2-server-thread1] DEBUG server.RaftServer$Division (RaftServerImpl.java:logAppendEntries(1429)) - s2@group-9429A86137B5: succeeded to handle AppendEntries. Reply: s0<-s2#84787:OK-t1,SUCCESS,nextIndex=9,followerCommit=7,matchIndex=8
2023-03-09 02:58:34,171 [s2@group-9429A86137B5-StateMachineUpdater] INFO  statemachine.StateMachine (ReadOnlyRequestTests.java:applyTransaction(304)) - receive command: INCREMENT
2023-03-09 02:58:34,251 [s2-client-thread1] DEBUG server.RaftServer$Division (RaftServerImpl.java:submitClientRequestAsync(832)) - s2@group-9429A86137B5: receive client request(RaftClientRequest:client-B5A6FAC62094->s2@group-9429A86137B5, cid=16, seq=4, RO, Message:5155455259)
2023-03-09 02:58:34,336 [s0-client-thread1] DEBUG server.RaftServer$Division (RaftServerImpl.java:submitClientRequestAsync(832)) - s0@group-9429A86137B5: receive client request(RaftClientRequest:client-B5A6FAC62094->s0@group-9429A86137B5, cid=17, seq=0, RW, Message:494e4352454d454e54)
2023-03-09 02:58:34,337 [s0-client-thread1] DEBUG server.RaftServer$Division (LeaderStateImpl.java:addPendingRequest(474)) - s0@group-9429A86137B5-LeaderStateImpl: addPendingRequest at RaftClientRequest:client-B5A6FAC62094->s0@group-9429A86137B5, cid=17, seq=0, RW, Message:494e4352454d454e54, entry=(t:1, i:9), STATEMACHINELOGENTRY, 17@client-B5A6FAC62094
2023-03-09 02:58:34,342 [s1-server-thread2] DEBUG server.RaftServer$Division (RaftServerImpl.java:logAppendEntries(1429)) - s1@group-9429A86137B5: receive appendEntries(s0, 1, (t:1, i:8), 8, true, commits:[s0:c8, s1:c8, s2:c8], cId:77665, entries: [(t:1, i:9), STATEMACHINELOGENTRY, 17@client-B5A6FAC62094]
2023-03-09 02:58:34,343 [s1-server-thread2] DEBUG server.RaftServer$Division (RaftServerImpl.java:logAppendEntries(1429)) - s1@group-9429A86137B5: succeeded to handle AppendEntries. Reply: s0<-s1#77665:OK-t1,SUCCESS,nextIndex=10,followerCommit=8,matchIndex=9
2023-03-09 02:58:34,344 [s0@group-9429A86137B5-StateMachineUpdater] INFO  statemachine.StateMachine (ReadOnlyRequestTests.java:applyTransaction(304)) - receive command: INCREMENT
2023-03-09 02:58:34,348 [s2-server-thread2] DEBUG server.RaftServer$Division (RaftServerImpl.java:logAppendEntries(1429)) - s2@group-9429A86137B5: receive appendEntries(s0, 1, (t:1, i:8), 8, true, commits:[s0:c8, s1:c8, s2:c8], cId:110009, entries: [(t:1, i:9), STATEMACHINELOGENTRY, 17@client-B5A6FAC62094]
2023-03-09 02:58:34,348 [s1-client-thread1] DEBUG server.RaftServer$Division (RaftServerImpl.java:submitClientRequestAsync(832)) - s1@group-9429A86137B5: receive client request(RaftClientRequest:client-B5A6FAC62094->s1@group-9429A86137B5, cid=18, seq=0, RO, Message:5155455259)
2023-03-09 02:58:34,349 [s2-server-thread2] DEBUG server.RaftServer$Division (RaftServerImpl.java:logAppendEntries(1429)) - s2@group-9429A86137B5: succeeded to handle AppendEntries. Reply: s0<-s2#110009:OK-t1,SUCCESS,nextIndex=10,followerCommit=8,matchIndex=9
2023-03-09 02:58:34,354 [s1-server-thread2] DEBUG server.RaftServer$Division (RaftServerImpl.java:logAppendEntries(1429)) - s1@group-9429A86137B5: receive appendEntries(s0, 1, (t:1, i:9), 9, true, commits:[s0:c9, s1:c8, s2:c8], cId:77666, entries: [(t:1, i:10), METADATAENTRY(c:9)]
2023-03-09 02:58:34,355 [s1-server-thread2] DEBUG server.RaftServer$Division (RaftServerImpl.java:logAppendEntries(1429)) - s1@group-9429A86137B5: succeeded to handle AppendEntries. Reply: s0<-s1#77666:OK-t1,SUCCESS,nextIndex=11,followerCommit=9,matchIndex=10
2023-03-09 02:58:34,355 [s1@group-9429A86137B5-StateMachineUpdater] INFO  statemachine.StateMachine (ReadOnlyRequestTests.java:applyTransaction(304)) - receive command: INCREMENT
2023-03-09 02:58:34,369 [s2-server-thread1] DEBUG server.RaftServer$Division (RaftServerImpl.java:logAppendEntries(1429)) - s2@group-9429A86137B5: receive appendEntries(s0, 1, (t:1, i:9), 10, true, commits:[s0:c10, s1:c9, s2:c8], cId:110011, entries: [(t:1, i:10), METADATAENTRY(c:9)]
2023-03-09 02:58:34,370 [s2-server-thread1] DEBUG server.RaftServer$Division (RaftServerImpl.java:logAppendEntries(1429)) - s2@group-9429A86137B5: succeeded to handle AppendEntries. Reply: s0<-s2#110011:OK-t1,SUCCESS,nextIndex=11,followerCommit=10,matchIndex=10
2023-03-09 02:58:34,370 [s2@group-9429A86137B5-StateMachineUpdater] INFO  statemachine.StateMachine (ReadOnlyRequestTests.java:applyTransaction(304)) - receive command: INCREMENT
2023-03-09 02:58:34,440 [s2-client-thread1] DEBUG server.RaftServer$Division (RaftServerImpl.java:submitClientRequestAsync(832)) - s2@group-9429A86137B5: receive client request(RaftClientRequest:client-B5A6FAC62094->s2@group-9429A86137B5, cid=19, seq=5, RO, Message:5155455259)
2023-03-09 02:58:34,528 [s0-client-thread1] DEBUG server.RaftServer$Division (RaftServerImpl.java:submitClientRequestAsync(832)) - s0@group-9429A86137B5: receive client request(RaftClientRequest:client-B5A6FAC62094->s0@group-9429A86137B5, cid=20, seq=0, RW, Message:494e4352454d454e54)
2023-03-09 02:58:34,529 [s0-client-thread1] DEBUG server.RaftServer$Division (LeaderStateImpl.java:addPendingRequest(474)) - s0@group-9429A86137B5-LeaderStateImpl: addPendingRequest at RaftClientRequest:client-B5A6FAC62094->s0@group-9429A86137B5, cid=20, seq=0, RW, Message:494e4352454d454e54, entry=(t:1, i:11), STATEMACHINELOGENTRY, 20@client-B5A6FAC62094
2023-03-09 02:58:34,533 [s1-server-thread3] DEBUG server.RaftServer$Division (RaftServerImpl.java:logAppendEntries(1429)) - s1@group-9429A86137B5: receive appendEntries(s0, 1, (t:1, i:10), 10, true, commits:[s0:c10, s1:c10, s2:c10], cId:111837, entries: [(t:1, i:11), STATEMACHINELOGENTRY, 20@client-B5A6FAC62094]
2023-03-09 02:58:34,534 [s1-server-thread3] DEBUG server.RaftServer$Division (RaftServerImpl.java:logAppendEntries(1429)) - s1@group-9429A86137B5: succeeded to handle AppendEntries. Reply: s0<-s1#111837:OK-t1,SUCCESS,nextIndex=12,followerCommit=10,matchIndex=11
2023-03-09 02:58:34,535 [s0@group-9429A86137B5-StateMachineUpdater] INFO  statemachine.StateMachine (ReadOnlyRequestTests.java:applyTransaction(304)) - receive command: INCREMENT
2023-03-09 02:58:34,536 [s2-server-thread1] DEBUG server.RaftServer$Division (RaftServerImpl.java:logAppendEntries(1429)) - s2@group-9429A86137B5: receive appendEntries(s0, 1, (t:1, i:10), 10, true, commits:[s0:c10, s1:c10, s2:c10], cId:110014, entries: [(t:1, i:11), STATEMACHINELOGENTRY, 20@client-B5A6FAC62094]
2023-03-09 02:58:34,537 [s2-server-thread1] DEBUG server.RaftServer$Division (RaftServerImpl.java:logAppendEntries(1429)) - s2@group-9429A86137B5: succeeded to handle AppendEntries. Reply: s0<-s2#110014:OK-t1,SUCCESS,nextIndex=12,followerCommit=10,matchIndex=11
2023-03-09 02:58:34,538 [s1-client-thread1] DEBUG server.RaftServer$Division (RaftServerImpl.java:submitClientRequestAsync(832)) - s1@group-9429A86137B5: receive client request(RaftClientRequest:client-B5A6FAC62094->s1@group-9429A86137B5, cid=21, seq=0, RO, Message:5155455259)
2023-03-09 02:58:34,544 [s1-server-thread3] DEBUG server.RaftServer$Division (RaftServerImpl.java:logAppendEntries(1429)) - s1@group-9429A86137B5: receive appendEntries(s0, 1, (t:1, i:11), 11, true, commits:[s0:c11, s1:c10, s2:c10], cId:111838, entries: [(t:1, i:12), METADATAENTRY(c:11)]
2023-03-09 02:58:34,545 [s1-server-thread3] DEBUG server.RaftServer$Division (RaftServerImpl.java:logAppendEntries(1429)) - s1@group-9429A86137B5: succeeded to handle AppendEntries. Reply: s0<-s1#111838:OK-t1,SUCCESS,nextIndex=13,followerCommit=11,matchIndex=12
2023-03-09 02:58:34,545 [s1@group-9429A86137B5-StateMachineUpdater] INFO  statemachine.StateMachine (ReadOnlyRequestTests.java:applyTransaction(304)) - receive command: INCREMENT
2023-03-09 02:58:34,546 [s2@group-9429A86137B5-StateMachineUpdater] INFO  statemachine.StateMachine (ReadOnlyRequestTests.java:applyTransaction(304)) - receive command: INCREMENT
2023-03-09 02:58:34,558 [s2-server-thread2] DEBUG server.RaftServer$Division (RaftServerImpl.java:logAppendEntries(1429)) - s2@group-9429A86137B5: receive appendEntries(s0, 1, (t:1, i:11), 12, true, commits:[s0:c12, s1:c11, s2:c11], cId:110016, entries: [(t:1, i:12), METADATAENTRY(c:11)]
2023-03-09 02:58:34,559 [s2-server-thread2] DEBUG server.RaftServer$Division (RaftServerImpl.java:logAppendEntries(1429)) - s2@group-9429A86137B5: succeeded to handle AppendEntries. Reply: s0<-s2#110016:OK-t1,SUCCESS,nextIndex=13,followerCommit=12,matchIndex=12
2023-03-09 02:58:34,566 [s2-client-thread1] DEBUG server.RaftServer$Division (RaftServerImpl.java:submitClientRequestAsync(832)) - s2@group-9429A86137B5: receive client request(RaftClientRequest:client-B5A6FAC62094->s2@group-9429A86137B5, cid=22, seq=6, RO, Message:5155455259)
2023-03-09 02:58:34,657 [s0-client-thread1] DEBUG server.RaftServer$Division (RaftServerImpl.java:submitClientRequestAsync(832)) - s0@group-9429A86137B5: receive client request(RaftClientRequest:client-B5A6FAC62094->s0@group-9429A86137B5, cid=23, seq=0, RW, Message:494e4352454d454e54)
2023-03-09 02:58:34,657 [s0-client-thread1] DEBUG server.RaftServer$Division (LeaderStateImpl.java:addPendingRequest(474)) - s0@group-9429A86137B5-LeaderStateImpl: addPendingRequest at RaftClientRequest:client-B5A6FAC62094->s0@group-9429A86137B5, cid=23, seq=0, RW, Message:494e4352454d454e54, entry=(t:1, i:13), STATEMACHINELOGENTRY, 23@client-B5A6FAC62094
2023-03-09 02:58:34,662 [s1-server-thread3] DEBUG server.RaftServer$Division (RaftServerImpl.java:logAppendEntries(1429)) - s1@group-9429A86137B5: receive appendEntries(s0, 1, (t:1, i:12), 12, true, commits:[s0:c12, s1:c12, s2:c12], cId:121653, entries: [(t:1, i:13), STATEMACHINELOGENTRY, 23@client-B5A6FAC62094]
2023-03-09 02:58:34,663 [s1-server-thread3] DEBUG server.RaftServer$Division (RaftServerImpl.java:logAppendEntries(1429)) - s1@group-9429A86137B5: succeeded to handle AppendEntries. Reply: s0<-s1#121653:OK-t1,SUCCESS,nextIndex=14,followerCommit=12,matchIndex=13
2023-03-09 02:58:34,664 [s0@group-9429A86137B5-StateMachineUpdater] INFO  statemachine.StateMachine (ReadOnlyRequestTests.java:applyTransaction(304)) - receive command: INCREMENT
2023-03-09 02:58:34,666 [s2-server-thread2] DEBUG server.RaftServer$Division (RaftServerImpl.java:logAppendEntries(1429)) - s2@group-9429A86137B5: receive appendEntries(s0, 1, (t:1, i:12), 12, true, commits:[s0:c12, s1:c12, s2:c12], cId:110019, entries: [(t:1, i:13), STATEMACHINELOGENTRY, 23@client-B5A6FAC62094]
2023-03-09 02:58:34,667 [s2-server-thread2] DEBUG server.RaftServer$Division (RaftServerImpl.java:logAppendEntries(1429)) - s2@group-9429A86137B5: succeeded to handle AppendEntries. Reply: s0<-s2#110019:OK-t1,SUCCESS,nextIndex=14,followerCommit=12,matchIndex=13
2023-03-09 02:58:34,667 [s1-client-thread1] DEBUG server.RaftServer$Division (RaftServerImpl.java:submitClientRequestAsync(832)) - s1@group-9429A86137B5: receive client request(RaftClientRequest:client-B5A6FAC62094->s1@group-9429A86137B5, cid=24, seq=0, RO, Message:5155455259)
2023-03-09 02:58:34,672 [s1@group-9429A86137B5-StateMachineUpdater] INFO  statemachine.StateMachine (ReadOnlyRequestTests.java:applyTransaction(304)) - receive command: INCREMENT
2023-03-09 02:58:34,677 [s2@group-9429A86137B5-StateMachineUpdater] INFO  statemachine.StateMachine (ReadOnlyRequestTests.java:applyTransaction(304)) - receive command: INCREMENT
2023-03-09 02:58:34,684 [s1-server-thread2] DEBUG server.RaftServer$Division (RaftServerImpl.java:logAppendEntries(1429)) - s1@group-9429A86137B5: receive appendEntries(s0, 1, (t:1, i:13), 13, true, commits:[s0:c13, s1:c13, s2:c13], cId:121655, entries: [(t:1, i:14), METADATAENTRY(c:13)]
2023-03-09 02:58:34,685 [s1-server-thread2] DEBUG server.RaftServer$Division (RaftServerImpl.java:logAppendEntries(1429)) - s1@group-9429A86137B5: succeeded to handle AppendEntries. Reply: s0<-s1#121655:OK-t1,SUCCESS,nextIndex=15,followerCommit=13,matchIndex=14
2023-03-09 02:58:34,688 [s2-client-thread1] DEBUG server.RaftServer$Division (RaftServerImpl.java:submitClientRequestAsync(832)) - s2@group-9429A86137B5: receive client request(RaftClientRequest:client-B5A6FAC62094->s2@group-9429A86137B5, cid=25, seq=7, RO, Message:5155455259)
2023-03-09 02:58:34,689 [s2-server-thread1] DEBUG server.RaftServer$Division (RaftServerImpl.java:logAppendEntries(1429)) - s2@group-9429A86137B5: receive appendEntries(s0, 1, (t:1, i:13), 13, true, commits:[s0:c13, s1:c13, s2:c13], cId:110021, entries: [(t:1, i:14), METADATAENTRY(c:13)]
2023-03-09 02:58:34,690 [s2-server-thread1] DEBUG server.RaftServer$Division (RaftServerImpl.java:logAppendEntries(1429)) - s2@group-9429A86137B5: succeeded to handle AppendEntries. Reply: s0<-s2#110021:OK-t1,SUCCESS,nextIndex=15,followerCommit=13,matchIndex=14
2023-03-09 02:58:35,839 [s2-client-thread1] DEBUG server.RaftServer$Division (RaftServerImpl.java:submitClientRequestAsync(832)) - s2@group-9429A86137B5: receive client request(RaftClientRequest:client-B5A6FAC62094->s2@group-9429A86137B5, cid=25, seq=7*, RO, Message:5155455259)
2023-03-09 02:58:38,730 [Thread-149] WARN  grpc.GrpcUtil (GrpcUtil.java:shutdownManagedChannel(223)) - Timed out gracefully shutting down connection: ManagedChannelOrphanWrapper{delegate=ManagedChannelImpl{logId=161, target=localhost:39731}}. 
2023-03-09 02:58:38,736 [Time-limited test] INFO  impl.MiniRaftCluster (MiniRaftCluster.java:shutdown(831)) - ************************************************************** 
2023-03-09 02:58:38,736 [Time-limited test] INFO  impl.MiniRaftCluster (MiniRaftCluster.java:shutdown(832)) - *** 
2023-03-09 02:58:38,736 [Time-limited test] INFO  impl.MiniRaftCluster (MiniRaftCluster.java:shutdown(833)) - ***     Stopping MiniRaftClusterWithGrpc
2023-03-09 02:58:38,736 [Time-limited test] INFO  impl.MiniRaftCluster (MiniRaftCluster.java:shutdown(834)) - *** 
2023-03-09 02:58:38,736 [Time-limited test] INFO  impl.MiniRaftCluster (MiniRaftCluster.java:shutdown(835)) - ************************************************************** 
2023-03-09 02:58:38,737 [Time-limited test] INFO  impl.MiniRaftCluster (MiniRaftCluster.java:shutdown(836)) - printing ALL groups
  s0:  RUNNING    LEADER s0@group-9429A86137B5:t1, leader=s0, voted=s0, raftlog=Memoized:s0@group-9429A86137B5-SegmentedRaftLog:OPENED:c14, conf=0: peers:[s0|rpc:localhost:45361|admin:localhost:38109|client:localhost:34017|dataStream:localhost:46067|priority:0|startupRole:FOLLOWER, s1|rpc:localhost:40827|admin:localhost:41045|client:localhost:42243|dataStream:localhost:41487|priority:0|startupRole:FOLLOWER, s2|rpc:localhost:33089|admin:localhost:33701|client:localhost:39731|dataStream:localhost:38483|priority:0|startupRole:FOLLOWER]|listeners:[], old=null RUNNING
  s1:  RUNNING  FOLLOWER s1@group-9429A86137B5:t1, leader=s0, voted=s0, raftlog=Memoized:s1@group-9429A86137B5-SegmentedRaftLog:OPENED:c14, conf=0: peers:[s0|rpc:localhost:45361|admin:localhost:38109|client:localhost:34017|dataStream:localhost:46067|priority:0|startupRole:FOLLOWER, s1|rpc:localhost:40827|admin:localhost:41045|client:localhost:42243|dataStream:localhost:41487|priority:0|startupRole:FOLLOWER, s2|rpc:localhost:33089|admin:localhost:33701|client:localhost:39731|dataStream:localhost:38483|priority:0|startupRole:FOLLOWER]|listeners:[], old=null RUNNING
  s2:  RUNNING  FOLLOWER s2@group-9429A86137B5:t1, leader=s0, voted=s0, raftlog=Memoized:s2@group-9429A86137B5-SegmentedRaftLog:OPENED:c14, conf=0: peers:[s0|rpc:localhost:45361|admin:localhost:38109|client:localhost:34017|dataStream:localhost:46067|priority:0|startupRole:FOLLOWER, s1|rpc:localhost:40827|admin:localhost:41045|client:localhost:42243|dataStream:localhost:41487|priority:0|startupRole:FOLLOWER, s2|rpc:localhost:33089|admin:localhost:33701|client:localhost:39731|dataStream:localhost:38483|priority:0|startupRole:FOLLOWER]|listeners:[], old=null RUNNING
2023-03-09 02:58:38,738 [MiniRaftCluster-7] INFO  server.RaftServer (RaftServerProxy.java:lambda$close$7(417)) - s0: close
2023-03-09 02:58:38,742 [MiniRaftCluster-7] INFO  server.GrpcService (GrpcService.java:closeImpl(311)) - s0: shutdown server org.apache.ratis.grpc.server.GrpcClientProtocolService now
2023-03-09 02:58:38,743 [s0-impl-thread1] INFO  server.RaftServer$Division (RaftServerImpl.java:lambda$close$4(466)) - s0@group-9429A86137B5: shutdown
2023-03-09 02:58:38,743 [s0-impl-thread1] INFO  util.JmxRegister (JmxRegister.java:unregister(73)) - Successfully un-registered JMX Bean with object name Ratis:service=RaftServer,group=group-9429A86137B5,id=s0
2023-03-09 02:58:38,743 [s0-impl-thread1] INFO  impl.RoleInfo (RoleInfo.java:shutdownLeaderState(93)) - s0: shutdown s0@group-9429A86137B5-LeaderStateImpl
2023-03-09 02:58:38,743 [s0-impl-thread1] INFO  impl.PendingRequests (PendingRequests.java:sendNotLeaderResponses(282)) - s0@group-9429A86137B5-PendingRequests: sendNotLeaderResponses
2023-03-09 02:58:38,744 [grpc-default-executor-7] INFO  server.GrpcServerProtocolService (GrpcServerProtocolService.java:onCompleted(145)) - s1: Completed APPEND_ENTRIES, lastRequest: null
2023-03-09 02:58:38,744 [grpc-default-executor-4] INFO  server.GrpcServerProtocolService (GrpcServerProtocolService.java:onCompleted(145)) - s1: Completed APPEND_ENTRIES, lastRequest: s0->s1#121655-t1,previous=(t:1, i:13),leaderCommit=13,initializing? true,entries: size=1, first=(t:1, i:14), METADATAENTRY(c:13)
2023-03-09 02:58:38,744 [grpc-default-executor-1] INFO  server.GrpcServerProtocolService (GrpcServerProtocolService.java:onCompleted(145)) - s2: Completed APPEND_ENTRIES, lastRequest: s0->s2#110021-t1,previous=(t:1, i:13),leaderCommit=13,initializing? true,entries: size=1, first=(t:1, i:14), METADATAENTRY(c:13)
2023-03-09 02:58:38,744 [grpc-default-executor-6] INFO  server.GrpcServerProtocolService (GrpcServerProtocolService.java:onCompleted(145)) - s2: Completed APPEND_ENTRIES, lastRequest: null
2023-03-09 02:58:38,745 [grpc-default-executor-6] INFO  server.GrpcLogAppender (GrpcLogAppender.java:onCompleted(417)) - s0@group-9429A86137B5->s1-AppendLogResponseHandler: follower responses appendEntries COMPLETED
2023-03-09 02:58:38,745 [grpc-default-executor-6] INFO  leader.FollowerInfo (FollowerInfoImpl.java:lambda$new$0(52)) - s0@group-9429A86137B5->s1: decreaseNextIndex nextIndex: updateUnconditionally 15 -> 14
2023-03-09 02:58:38,746 [grpc-default-executor-7] INFO  server.GrpcLogAppender (GrpcLogAppender.java:onCompleted(417)) - s0@group-9429A86137B5->s2-AppendLogResponseHandler: follower responses appendEntries COMPLETED
2023-03-09 02:58:38,746 [grpc-default-executor-7] INFO  leader.FollowerInfo (FollowerInfoImpl.java:lambda$new$0(52)) - s0@group-9429A86137B5->s2: decreaseNextIndex nextIndex: updateUnconditionally 15 -> 14
2023-03-09 02:58:38,746 [grpc-default-executor-7] INFO  server.GrpcLogAppender (GrpcLogAppender.java:onCompleted(417)) - s0@group-9429A86137B5->s2-AppendLogResponseHandler: follower responses appendEntries COMPLETED
2023-03-09 02:58:38,746 [grpc-default-executor-7] INFO  leader.FollowerInfo (FollowerInfoImpl.java:lambda$new$0(52)) - s0@group-9429A86137B5->s2: decreaseNextIndex nextIndex: updateUnconditionally 14 -> 13
2023-03-09 02:58:38,750 [MiniRaftCluster-9] INFO  server.RaftServer (RaftServerProxy.java:lambda$close$7(417)) - s2: close
2023-03-09 02:58:38,750 [MiniRaftCluster-8] INFO  server.RaftServer (RaftServerProxy.java:lambda$close$7(417)) - s1: close
2023-03-09 02:58:38,751 [grpc-default-executor-7] INFO  server.GrpcLogAppender (GrpcLogAppender.java:onCompleted(417)) - s0@group-9429A86137B5->s1-AppendLogResponseHandler: follower responses appendEntries COMPLETED
2023-03-09 02:58:38,752 [grpc-default-executor-7] INFO  leader.FollowerInfo (FollowerInfoImpl.java:lambda$new$0(52)) - s0@group-9429A86137B5->s1: decreaseNextIndex nextIndex: updateUnconditionally 14 -> 13
2023-03-09 02:58:38,752 [Thread-154] INFO  server.GrpcServerProtocolClient (GrpcServerProtocolClient.java:close(102)) - s1 Close channels
2023-03-09 02:58:38,753 [MiniRaftCluster-9] INFO  server.GrpcService (GrpcService.java:closeImpl(311)) - s2: shutdown server org.apache.ratis.grpc.server.GrpcClientProtocolService now
2023-03-09 02:58:38,753 [s2-impl-thread1] INFO  server.RaftServer$Division (RaftServerImpl.java:lambda$close$4(466)) - s2@group-9429A86137B5: shutdown
2023-03-09 02:58:38,753 [s2-impl-thread1] INFO  util.JmxRegister (JmxRegister.java:unregister(73)) - Successfully un-registered JMX Bean with object name Ratis:service=RaftServer,group=group-9429A86137B5,id=s2
2023-03-09 02:58:38,753 [s2-impl-thread1] INFO  impl.RoleInfo (RoleInfo.java:shutdownFollowerState(110)) - s2: shutdown s2@group-9429A86137B5-FollowerState
2023-03-09 02:58:38,753 [s2-impl-thread1] INFO  impl.StateMachineUpdater (StateMachineUpdater.java:stopAndJoin(154)) - s2@group-9429A86137B5-StateMachineUpdater: set stopIndex = 14
2023-03-09 02:58:38,753 [s2@group-9429A86137B5-FollowerState] INFO  impl.FollowerState (FollowerState.java:run(152)) - s2@group-9429A86137B5-FollowerState was interrupted
2023-03-09 02:58:38,754 [grpc-default-executor-7] WARN  server.GrpcClientProtocolService (LogUtils.java:warn(122)) - 1-OrderedRequestStreamObserver1: onError: org.apache.ratis.thirdparty.io.grpc.StatusRuntimeException: CANCELLED: client cancelled
2023-03-09 02:58:38,755 [MiniRaftCluster-8] INFO  server.GrpcService (GrpcService.java:closeImpl(311)) - s1: shutdown server org.apache.ratis.grpc.server.GrpcClientProtocolService now
2023-03-09 02:58:38,755 [s1-impl-thread1] INFO  server.RaftServer$Division (RaftServerImpl.java:lambda$close$4(466)) - s1@group-9429A86137B5: shutdown
2023-03-09 02:58:38,755 [s1-impl-thread1] INFO  util.JmxRegister (JmxRegister.java:unregister(73)) - Successfully un-registered JMX Bean with object name Ratis:service=RaftServer,group=group-9429A86137B5,id=s1
2023-03-09 02:58:38,755 [s1-impl-thread1] INFO  impl.RoleInfo (RoleInfo.java:shutdownFollowerState(110)) - s1: shutdown s1@group-9429A86137B5-FollowerState
2023-03-09 02:58:38,755 [s1-impl-thread1] INFO  impl.StateMachineUpdater (StateMachineUpdater.java:stopAndJoin(154)) - s1@group-9429A86137B5-StateMachineUpdater: set stopIndex = 14
2023-03-09 02:58:38,756 [s1@group-9429A86137B5-FollowerState] INFO  impl.FollowerState (FollowerState.java:run(152)) - s1@group-9429A86137B5-FollowerState was interrupted
2023-03-09 02:58:38,756 [s1-impl-thread1] INFO  server.RaftServer$Division (ServerState.java:close(414)) - s1@group-9429A86137B5: applyIndex: 14
2023-03-09 02:58:38,757 [Thread-155] INFO  server.GrpcServerProtocolClient (GrpcServerProtocolClient.java:close(102)) - s2 Close channels
2023-03-09 02:58:38,758 [s0-impl-thread1] INFO  impl.StateMachineUpdater (StateMachineUpdater.java:stopAndJoin(154)) - s0@group-9429A86137B5-StateMachineUpdater: set stopIndex = 14
2023-03-09 02:58:38,758 [s2-impl-thread1] INFO  server.RaftServer$Division (ServerState.java:close(414)) - s2@group-9429A86137B5: applyIndex: 14
2023-03-09 02:58:38,758 [s0-impl-thread1] INFO  server.RaftServer$Division (ServerState.java:close(414)) - s0@group-9429A86137B5: applyIndex: 14
2023-03-09 02:58:38,759 [Thread-156] INFO  server.GrpcServerProtocolClient (GrpcServerProtocolClient.java:close(102)) - s0 Close channels
2023-03-09 02:58:38,761 [Thread-159] INFO  server.GrpcServerProtocolClient (GrpcServerProtocolClient.java:close(102)) - s0 Close channels
2023-03-09 02:58:38,762 [MiniRaftCluster-7] INFO  server.GrpcService (GrpcService.java:closeImpl(320)) - s0: shutdown server org.apache.ratis.grpc.server.GrpcClientProtocolService successfully
2023-03-09 02:58:38,762 [MiniRaftCluster-7] INFO  server.GrpcService (GrpcService.java:closeImpl(311)) - s0: shutdown server GrpcServerProtocolService now
2023-03-09 02:58:38,763 [MiniRaftCluster-9] INFO  server.GrpcService (GrpcService.java:closeImpl(320)) - s2: shutdown server org.apache.ratis.grpc.server.GrpcClientProtocolService successfully
2023-03-09 02:58:38,763 [MiniRaftCluster-9] INFO  server.GrpcService (GrpcService.java:closeImpl(311)) - s2: shutdown server GrpcServerProtocolService now
2023-03-09 02:58:38,768 [MiniRaftCluster-8] INFO  server.GrpcService (GrpcService.java:closeImpl(320)) - s1: shutdown server org.apache.ratis.grpc.server.GrpcClientProtocolService successfully
2023-03-09 02:58:38,768 [MiniRaftCluster-8] INFO  server.GrpcService (GrpcService.java:closeImpl(311)) - s1: shutdown server GrpcServerProtocolService now
2023-03-09 02:58:38,768 [MiniRaftCluster-9] INFO  server.GrpcService (GrpcService.java:closeImpl(320)) - s2: shutdown server GrpcServerProtocolService successfully
2023-03-09 02:58:38,768 [MiniRaftCluster-9] INFO  server.GrpcService (GrpcService.java:closeImpl(311)) - s2: shutdown server org.apache.ratis.grpc.server.GrpcAdminProtocolService now
2023-03-09 02:58:38,768 [MiniRaftCluster-7] INFO  server.GrpcService (GrpcService.java:closeImpl(320)) - s0: shutdown server GrpcServerProtocolService successfully
2023-03-09 02:58:38,768 [MiniRaftCluster-7] INFO  server.GrpcService (GrpcService.java:closeImpl(311)) - s0: shutdown server org.apache.ratis.grpc.server.GrpcAdminProtocolService now
2023-03-09 02:58:38,770 [MiniRaftCluster-9] INFO  server.GrpcService (GrpcService.java:closeImpl(320)) - s2: shutdown server org.apache.ratis.grpc.server.GrpcAdminProtocolService successfully
2023-03-09 02:58:38,770 [MiniRaftCluster-8] INFO  server.GrpcService (GrpcService.java:closeImpl(320)) - s1: shutdown server GrpcServerProtocolService successfully
2023-03-09 02:58:38,770 [MiniRaftCluster-8] INFO  server.GrpcService (GrpcService.java:closeImpl(311)) - s1: shutdown server org.apache.ratis.grpc.server.GrpcAdminProtocolService now
2023-03-09 02:58:38,775 [MiniRaftCluster-8] INFO  server.GrpcService (GrpcService.java:closeImpl(320)) - s1: shutdown server org.apache.ratis.grpc.server.GrpcAdminProtocolService successfully
2023-03-09 02:58:38,775 [MiniRaftCluster-7] INFO  server.GrpcService (GrpcService.java:closeImpl(320)) - s0: shutdown server org.apache.ratis.grpc.server.GrpcAdminProtocolService successfully
2023-03-09 02:58:39,666 [s0-impl-thread1] INFO  segmented.SegmentedRaftLogWorker (SegmentedRaftLogWorker.java:close(242)) - s0@group-9429A86137B5-SegmentedRaftLogWorker close()
2023-03-09 02:58:39,667 [JvmPauseMonitor3] INFO  util.JvmPauseMonitor (JvmPauseMonitor.java:run(109)) - JvmPauseMonitor-s0: Stopped
2023-03-09 02:58:39,687 [s1-impl-thread1] INFO  segmented.SegmentedRaftLogWorker (SegmentedRaftLogWorker.java:close(242)) - s1@group-9429A86137B5-SegmentedRaftLogWorker close()
2023-03-09 02:58:39,687 [JvmPauseMonitor4] INFO  util.JvmPauseMonitor (JvmPauseMonitor.java:run(109)) - JvmPauseMonitor-s1: Stopped
2023-03-09 02:58:39,691 [s2-impl-thread1] INFO  segmented.SegmentedRaftLogWorker (SegmentedRaftLogWorker.java:close(242)) - s2@group-9429A86137B5-SegmentedRaftLogWorker close()
2023-03-09 02:58:39,691 [JvmPauseMonitor5] INFO  util.JvmPauseMonitor (JvmPauseMonitor.java:run(109)) - JvmPauseMonitor-s2: Stopped
2023-03-09 02:58:39,692 [Time-limited test] INFO  impl.MiniRaftCluster (MiniRaftCluster.java:shutdown(855)) - MiniRaftClusterWithGrpc shutdown completed
2023-03-09 02:58:39,692 [Time-limited test] INFO  impl.MiniRaftCluster (MiniRaftCluster.java:runWithNewCluster(143)) - printing ALL groups
  s0:   CLOSED    LEADER s0@group-9429A86137B5:t1, leader=s0, voted=s0, raftlog=Memoized:s0@group-9429A86137B5-SegmentedRaftLog:CLOSED:c14, conf=0: peers:[s0|rpc:localhost:45361|admin:localhost:38109|client:localhost:34017|dataStream:localhost:46067|priority:0|startupRole:FOLLOWER, s1|rpc:localhost:40827|admin:localhost:41045|client:localhost:42243|dataStream:localhost:41487|priority:0|startupRole:FOLLOWER, s2|rpc:localhost:33089|admin:localhost:33701|client:localhost:39731|dataStream:localhost:38483|priority:0|startupRole:FOLLOWER]|listeners:[], old=null CLOSED
  s1:   CLOSED  FOLLOWER s1@group-9429A86137B5:t1, leader=s0, voted=s0, raftlog=Memoized:s1@group-9429A86137B5-SegmentedRaftLog:CLOSED:c14, conf=0: peers:[s0|rpc:localhost:45361|admin:localhost:38109|client:localhost:34017|dataStream:localhost:46067|priority:0|startupRole:FOLLOWER, s1|rpc:localhost:40827|admin:localhost:41045|client:localhost:42243|dataStream:localhost:41487|priority:0|startupRole:FOLLOWER, s2|rpc:localhost:33089|admin:localhost:33701|client:localhost:39731|dataStream:localhost:38483|priority:0|startupRole:FOLLOWER]|listeners:[], old=null CLOSED
  s2:   CLOSED  FOLLOWER s2@group-9429A86137B5:t1, leader=s0, voted=s0, raftlog=Memoized:s2@group-9429A86137B5-SegmentedRaftLog:CLOSED:c14, conf=0: peers:[s0|rpc:localhost:45361|admin:localhost:38109|client:localhost:34017|dataStream:localhost:46067|priority:0|startupRole:FOLLOWER, s1|rpc:localhost:40827|admin:localhost:41045|client:localhost:42243|dataStream:localhost:41487|priority:0|startupRole:FOLLOWER, s2|rpc:localhost:33089|admin:localhost:33701|client:localhost:39731|dataStream:localhost:38483|priority:0|startupRole:FOLLOWER]|listeners:[], old=null CLOSED
2023-03-09 02:58:39,692 [Time-limited test] ERROR impl.MiniRaftCluster (MiniRaftCluster.java:runWithNewCluster(144)) - Failed org.apache.ratis.server.impl.MiniRaftCluster$Factory$Get.runWithNewCluster(MiniRaftCluster.java:121)
java.util.concurrent.TimeoutException
	at java.base/java.util.concurrent.CompletableFuture.timedGet(CompletableFuture.java:1886)
	at java.base/java.util.concurrent.CompletableFuture.get(CompletableFuture.java:2021)
	at org.apache.ratis.ReadOnlyRequestTests.testFollowerLinearizableReadImpl(ReadOnlyRequestTests.java:147)
	at org.apache.ratis.server.impl.MiniRaftCluster$Factory$Get.runWithNewCluster(MiniRaftCluster.java:141)
	at org.apache.ratis.server.impl.MiniRaftCluster$Factory$Get.runWithNewCluster(MiniRaftCluster.java:121)
	at org.apache.ratis.ReadOnlyRequestTests.testFollowerLinearizableRead(ReadOnlyRequestTests.java:128)
	at java.base/jdk.internal.reflect.NativeMethodAccessorImpl.invoke0(Native Method)
	at java.base/jdk.internal.reflect.NativeMethodAccessorImpl.invoke(NativeMethodAccessorImpl.java:62)
	at java.base/jdk.internal.reflect.DelegatingMethodAccessorImpl.invoke(DelegatingMethodAccessorImpl.java:43)
	at java.base/java.lang.reflect.Method.invoke(Method.java:566)
	at org.junit.runners.model.FrameworkMethod$1.runReflectiveCall(FrameworkMethod.java:59)
	at org.junit.internal.runners.model.ReflectiveCallable.run(ReflectiveCallable.java:12)
	at org.junit.runners.model.FrameworkMethod.invokeExplosively(FrameworkMethod.java:56)
	at org.junit.internal.runners.statements.InvokeMethod.evaluate(InvokeMethod.java:17)
	at org.junit.internal.runners.statements.RunBefores.evaluate(RunBefores.java:26)
	at org.junit.internal.runners.statements.RunAfters.evaluate(RunAfters.java:27)
	at org.junit.internal.runners.statements.FailOnTimeout$CallableStatement.call(FailOnTimeout.java:299)
	at org.junit.internal.runners.statements.FailOnTimeout$CallableStatement.call(FailOnTimeout.java:293)
	at java.base/java.util.concurrent.FutureTask.run(FutureTask.java:264)
	at java.base/java.lang.Thread.run(Thread.java:829)
2023-03-09 02:58:39,692 [Time-limited test] INFO  impl.MiniRaftCluster (MiniRaftCluster.java:shutdown(831)) - ************************************************************** 
2023-03-09 02:58:39,692 [Time-limited test] INFO  impl.MiniRaftCluster (MiniRaftCluster.java:shutdown(832)) - *** 
2023-03-09 02:58:39,692 [Time-limited test] INFO  impl.MiniRaftCluster (MiniRaftCluster.java:shutdown(833)) - ***     Stopping MiniRaftClusterWithGrpc
2023-03-09 02:58:39,692 [Time-limited test] INFO  impl.MiniRaftCluster (MiniRaftCluster.java:shutdown(834)) - *** 
2023-03-09 02:58:39,692 [Time-limited test] INFO  impl.MiniRaftCluster (MiniRaftCluster.java:shutdown(835)) - ************************************************************** 
2023-03-09 02:58:39,692 [Time-limited test] INFO  impl.MiniRaftCluster (MiniRaftCluster.java:shutdown(836)) - printing ALL groups
  s0:   CLOSED    LEADER s0@group-9429A86137B5:t1, leader=s0, voted=s0, raftlog=Memoized:s0@group-9429A86137B5-SegmentedRaftLog:CLOSED:c14, conf=0: peers:[s0|rpc:localhost:45361|admin:localhost:38109|client:localhost:34017|dataStream:localhost:46067|priority:0|startupRole:FOLLOWER, s1|rpc:localhost:40827|admin:localhost:41045|client:localhost:42243|dataStream:localhost:41487|priority:0|startupRole:FOLLOWER, s2|rpc:localhost:33089|admin:localhost:33701|client:localhost:39731|dataStream:localhost:38483|priority:0|startupRole:FOLLOWER]|listeners:[], old=null CLOSED
  s1:   CLOSED  FOLLOWER s1@group-9429A86137B5:t1, leader=s0, voted=s0, raftlog=Memoized:s1@group-9429A86137B5-SegmentedRaftLog:CLOSED:c14, conf=0: peers:[s0|rpc:localhost:45361|admin:localhost:38109|client:localhost:34017|dataStream:localhost:46067|priority:0|startupRole:FOLLOWER, s1|rpc:localhost:40827|admin:localhost:41045|client:localhost:42243|dataStream:localhost:41487|priority:0|startupRole:FOLLOWER, s2|rpc:localhost:33089|admin:localhost:33701|client:localhost:39731|dataStream:localhost:38483|priority:0|startupRole:FOLLOWER]|listeners:[], old=null CLOSED
  s2:   CLOSED  FOLLOWER s2@group-9429A86137B5:t1, leader=s0, voted=s0, raftlog=Memoized:s2@group-9429A86137B5-SegmentedRaftLog:CLOSED:c14, conf=0: peers:[s0|rpc:localhost:45361|admin:localhost:38109|client:localhost:34017|dataStream:localhost:46067|priority:0|startupRole:FOLLOWER, s1|rpc:localhost:40827|admin:localhost:41045|client:localhost:42243|dataStream:localhost:41487|priority:0|startupRole:FOLLOWER, s2|rpc:localhost:33089|admin:localhost:33701|client:localhost:39731|dataStream:localhost:38483|priority:0|startupRole:FOLLOWER]|listeners:[], old=null CLOSED
2023-03-09 02:58:39,693 [Time-limited test] INFO  impl.MiniRaftCluster (MiniRaftCluster.java:shutdown(855)) - MiniRaftClusterWithGrpc shutdown completed
]]></system-out>
  </testcase>
  <testcase name="testFollowerLinearizableReadParallel" classname="org.apache.ratis.grpc.TestReadOnlyRequestWithGrpc" time="4.603"/>
  <testcase name="testLinearizableRead" classname="org.apache.ratis.grpc.TestReadOnlyRequestWithGrpc" time="2.44"/>
  <testcase name="testLinearizableReadTimeout" classname="org.apache.ratis.grpc.TestReadOnlyRequestWithGrpc" time="1.32"/>
  <testcase name="testFollowerLinearizableReadRetryWhenLeaderDown" classname="org.apache.ratis.grpc.TestReadOnlyRequestWithGrpc" time="1.98"/>
</testsuite>