<?xml version="1.0" encoding="UTF-8"?>
<testsuite xmlns:xsi="http://www.w3.org/2001/XMLSchema-instance" xsi:noNamespaceSchemaLocation="https://maven.apache.org/surefire/maven-surefire-plugin/xsd/surefire-test-report.xsd" name="org.apache.ratis.TestMultiRaftGroup" time="40.839" tests="3" errors="1" skipped="0" failures="0">
  <properties>
    <property name="awt.toolkit" value="sun.awt.X11.XToolkit"/>
    <property name="java.specification.version" value="11"/>
    <property name="sun.cpu.isalist" value=""/>
    <property name="sun.jnu.encoding" value="UTF-8"/>
    <property name="java.class.path" value="/home/runner/work/ratis/ratis/ratis-examples/target/test-classes:/home/runner/work/ratis/ratis/ratis-examples/target/classes:/home/runner/.m2/repository/org/apache/ratis/ratis-thirdparty-misc/1.0.1/ratis-thirdparty-misc-1.0.1.jar:/home/runner/work/ratis/ratis/ratis-proto/target/ratis-proto-3.0.0-SNAPSHOT.jar:/home/runner/work/ratis/ratis/ratis-tools/target/classes:/home/runner/work/ratis/ratis/ratis-common/target/classes:/home/runner/work/ratis/ratis/ratis-common/target/test-classes:/home/runner/work/ratis/ratis/ratis-client/target/classes:/home/runner/work/ratis/ratis/ratis-server/target/classes:/home/runner/work/ratis/ratis/ratis-server-api/target/classes:/home/runner/work/ratis/ratis/ratis-metrics/target/classes:/home/runner/work/ratis/ratis/ratis-server/target/test-classes:/home/runner/work/ratis/ratis/ratis-grpc/target/classes:/home/runner/work/ratis/ratis/ratis-grpc/target/test-classes:/home/runner/work/ratis/ratis/ratis-netty/target/classes:/home/runner/work/ratis/ratis/ratis-netty/target/test-classes:/home/runner/work/ratis/ratis/ratis-test/target/test-classes:/home/runner/.m2/repository/com/beust/jcommander/1.72/jcommander-1.72.jar:/home/runner/.m2/repository/org/slf4j/slf4j-api/1.7.29/slf4j-api-1.7.29.jar:/home/runner/.m2/repository/org/slf4j/slf4j-log4j12/1.7.29/slf4j-log4j12-1.7.29.jar:/home/runner/.m2/repository/log4j/log4j/1.2.17/log4j-1.2.17.jar:/home/runner/.m2/repository/junit/junit/4.13.2/junit-4.13.2.jar:/home/runner/.m2/repository/org/hamcrest/hamcrest-core/1.3/hamcrest-core-1.3.jar:/home/runner/.m2/repository/com/github/spotbugs/spotbugs-annotations/4.2.1/spotbugs-annotations-4.2.1.jar:/home/runner/.m2/repository/com/google/code/findbugs/jsr305/3.0.2/jsr305-3.0.2.jar:"/>
    <property name="java.vm.vendor" value="Eclipse Adoptium"/>
    <property name="sun.arch.data.model" value="64"/>
    <property name="java.vendor.url" value="https://adoptium.net/"/>
    <property name="user.timezone" value=""/>
    <property name="java.vm.specification.version" value="11"/>
    <property name="os.name" value="Linux"/>
    <property name="sun.java.launcher" value="SUN_STANDARD"/>
    <property name="sun.boot.library.path" value="/usr/lib/jvm/temurin-11-jdk-amd64/lib"/>
    <property name="sun.java.command" value="/home/runner/work/ratis/ratis/ratis-examples/target/surefire/surefirebooter10366269554225626455.jar /home/runner/work/ratis/ratis/ratis-examples/target/surefire 2022-08-22T16-44-20_914-jvmRun1 surefire15836951546771397123tmp surefire_445281063981224195802tmp"/>
    <property name="jdk.debug" value="release"/>
    <property name="surefire.test.class.path" value="/home/runner/work/ratis/ratis/ratis-examples/target/test-classes:/home/runner/work/ratis/ratis/ratis-examples/target/classes:/home/runner/.m2/repository/org/apache/ratis/ratis-thirdparty-misc/1.0.1/ratis-thirdparty-misc-1.0.1.jar:/home/runner/work/ratis/ratis/ratis-proto/target/ratis-proto-3.0.0-SNAPSHOT.jar:/home/runner/work/ratis/ratis/ratis-tools/target/classes:/home/runner/work/ratis/ratis/ratis-common/target/classes:/home/runner/work/ratis/ratis/ratis-common/target/test-classes:/home/runner/work/ratis/ratis/ratis-client/target/classes:/home/runner/work/ratis/ratis/ratis-server/target/classes:/home/runner/work/ratis/ratis/ratis-server-api/target/classes:/home/runner/work/ratis/ratis/ratis-metrics/target/classes:/home/runner/work/ratis/ratis/ratis-server/target/test-classes:/home/runner/work/ratis/ratis/ratis-grpc/target/classes:/home/runner/work/ratis/ratis/ratis-grpc/target/test-classes:/home/runner/work/ratis/ratis/ratis-netty/target/classes:/home/runner/work/ratis/ratis/ratis-netty/target/test-classes:/home/runner/work/ratis/ratis/ratis-test/target/test-classes:/home/runner/.m2/repository/com/beust/jcommander/1.72/jcommander-1.72.jar:/home/runner/.m2/repository/org/slf4j/slf4j-api/1.7.29/slf4j-api-1.7.29.jar:/home/runner/.m2/repository/org/slf4j/slf4j-log4j12/1.7.29/slf4j-log4j12-1.7.29.jar:/home/runner/.m2/repository/log4j/log4j/1.2.17/log4j-1.2.17.jar:/home/runner/.m2/repository/junit/junit/4.13.2/junit-4.13.2.jar:/home/runner/.m2/repository/org/hamcrest/hamcrest-core/1.3/hamcrest-core-1.3.jar:/home/runner/.m2/repository/com/github/spotbugs/spotbugs-annotations/4.2.1/spotbugs-annotations-4.2.1.jar:/home/runner/.m2/repository/com/google/code/findbugs/jsr305/3.0.2/jsr305-3.0.2.jar:"/>
    <property name="sun.cpu.endian" value="little"/>
    <property name="user.home" value="/home/runner"/>
    <property name="user.language" value="en"/>
    <property name="java.specification.vendor" value="Oracle Corporation"/>
    <property name="java.version.date" value="2022-07-19"/>
    <property name="java.home" value="/usr/lib/jvm/temurin-11-jdk-amd64"/>
    <property name="file.separator" value="/"/>
    <property name="basedir" value="/home/runner/work/ratis/ratis/ratis-examples"/>
    <property name="java.vm.compressedOopsMode" value="32-bit"/>
    <property name="line.separator" value="&#10;"/>
    <property name="java.specification.name" value="Java Platform API Specification"/>
    <property name="java.vm.specification.vendor" value="Oracle Corporation"/>
    <property name="java.awt.graphicsenv" value="sun.awt.X11GraphicsEnvironment"/>
    <property name="surefire.real.class.path" value="/home/runner/work/ratis/ratis/ratis-examples/target/surefire/surefirebooter10366269554225626455.jar"/>
    <property name="sun.management.compiler" value="HotSpot 64-Bit Tiered Compilers"/>
    <property name="java.runtime.version" value="11.0.16+8"/>
    <property name="user.name" value="runner"/>
    <property name="java.net.preferIPv4Stack" value="true"/>
    <property name="path.separator" value=":"/>
    <property name="os.version" value="5.15.0-1017-azure"/>
    <property name="java.runtime.name" value="OpenJDK Runtime Environment"/>
    <property name="file.encoding" value="UTF-8"/>
    <property name="java.vm.name" value="OpenJDK 64-Bit Server VM"/>
    <property name="java.vendor.version" value="Temurin-11.0.16+8"/>
    <property name="localRepository" value="/home/runner/.m2/repository"/>
    <property name="java.vendor.url.bug" value="https://github.com/adoptium/adoptium-support/issues"/>
    <property name="java.io.tmpdir" value="/tmp"/>
    <property name="java.version" value="11.0.16"/>
    <property name="user.dir" value="/home/runner/work/ratis/ratis/ratis-examples"/>
    <property name="os.arch" value="amd64"/>
    <property name="ratis.tmp.dir" value="/home/runner/work/ratis/ratis/ratis-examples/target/tmp"/>
    <property name="java.vm.specification.name" value="Java Virtual Machine Specification"/>
    <property name="java.awt.printerjob" value="sun.print.PSPrinterJob"/>
    <property name="ratis.log.dir" value="/home/runner/work/ratis/ratis/ratis-examples/target/log"/>
    <property name="sun.os.patch.level" value="unknown"/>
    <property name="java.library.path" value="/usr/java/packages/lib:/usr/lib64:/lib64:/lib:/usr/lib"/>
    <property name="java.vm.info" value="mixed mode"/>
    <property name="java.vendor" value="Eclipse Adoptium"/>
    <property name="java.vm.version" value="11.0.16+8"/>
    <property name="sun.io.unicode.encoding" value="UnicodeLittle"/>
    <property name="java.class.version" value="55.0"/>
  </properties>
  <testcase name="testMultiRaftGroup[0]" classname="org.apache.ratis.TestMultiRaftGroup" time="24.401"/>
  <testcase name="testMultiRaftGroup[1]" classname="org.apache.ratis.TestMultiRaftGroup" time="14.779"/>
  <testcase name="testMultiRaftGroup[2]" classname="org.apache.ratis.TestMultiRaftGroup" time="1.413">
    <error message="s0: Failed to start NettyRpcService" type="java.io.IOException">java.io.IOException: s0: Failed to start NettyRpcService
	at org.apache.ratis.netty.server.NettyRpcService.startImpl(NettyRpcService.java:149)
	at org.apache.ratis.util.LifeCycle.startAndTransition(LifeCycle.java:270)
	at org.apache.ratis.server.RaftServerRpcWithProxy.start(RaftServerRpcWithProxy.java:72)
	at org.apache.ratis.server.impl.RaftServerProxy.startImpl(RaftServerProxy.java:388)
	at org.apache.ratis.util.LifeCycle.startAndTransition(LifeCycle.java:270)
	at org.apache.ratis.server.impl.RaftServerProxy.start(RaftServerProxy.java:381)
	at org.apache.ratis.server.impl.MiniRaftCluster.startServers(MiniRaftCluster.java:495)
	at org.apache.ratis.server.impl.MiniRaftCluster.start(MiniRaftCluster.java:343)
	at org.apache.ratis.server.impl.GroupManagementBaseTest.runMultiGroupTest(GroupManagementBaseTest.java:263)
	at org.apache.ratis.TestMultiRaftGroup.runTestMultiRaftGroup(TestMultiRaftGroup.java:74)
	at org.apache.ratis.TestMultiRaftGroup.runTestMultiRaftGroup(TestMultiRaftGroup.java:60)
	at org.apache.ratis.TestMultiRaftGroup.testMultiRaftGroup(TestMultiRaftGroup.java:56)
	at java.base/jdk.internal.reflect.NativeMethodAccessorImpl.invoke0(Native Method)
	at java.base/jdk.internal.reflect.NativeMethodAccessorImpl.invoke(NativeMethodAccessorImpl.java:62)
	at java.base/jdk.internal.reflect.DelegatingMethodAccessorImpl.invoke(DelegatingMethodAccessorImpl.java:43)
	at java.base/java.lang.reflect.Method.invoke(Method.java:566)
	at org.junit.runners.model.FrameworkMethod$1.runReflectiveCall(FrameworkMethod.java:59)
	at org.junit.internal.runners.model.ReflectiveCallable.run(ReflectiveCallable.java:12)
	at org.junit.runners.model.FrameworkMethod.invokeExplosively(FrameworkMethod.java:56)
	at org.junit.internal.runners.statements.InvokeMethod.evaluate(InvokeMethod.java:17)
	at org.junit.internal.runners.statements.RunAfters.evaluate(RunAfters.java:27)
	at org.junit.internal.runners.statements.FailOnTimeout$CallableStatement.call(FailOnTimeout.java:299)
	at org.junit.internal.runners.statements.FailOnTimeout$CallableStatement.call(FailOnTimeout.java:293)
	at java.base/java.util.concurrent.FutureTask.run(FutureTask.java:264)
	at java.base/java.lang.Thread.run(Thread.java:829)
Caused by: java.net.BindException: Address already in use
	at java.base/sun.nio.ch.Net.bind0(Native Method)
	at java.base/sun.nio.ch.Net.bind(Net.java:459)
	at java.base/sun.nio.ch.Net.bind(Net.java:448)
	at java.base/sun.nio.ch.ServerSocketChannelImpl.bind(ServerSocketChannelImpl.java:227)
	at org.apache.ratis.thirdparty.io.netty.channel.socket.nio.NioServerSocketChannel.doBind(NioServerSocketChannel.java:141)
	at org.apache.ratis.thirdparty.io.netty.channel.AbstractChannel$AbstractUnsafe.bind(AbstractChannel.java:562)
	at org.apache.ratis.thirdparty.io.netty.channel.DefaultChannelPipeline$HeadContext.bind(DefaultChannelPipeline.java:1334)
	at org.apache.ratis.thirdparty.io.netty.channel.AbstractChannelHandlerContext.invokeBind(AbstractChannelHandlerContext.java:506)
	at org.apache.ratis.thirdparty.io.netty.channel.AbstractChannelHandlerContext.bind(AbstractChannelHandlerContext.java:491)
	at org.apache.ratis.thirdparty.io.netty.handler.logging.LoggingHandler.bind(LoggingHandler.java:230)
	at org.apache.ratis.thirdparty.io.netty.channel.AbstractChannelHandlerContext.invokeBind(AbstractChannelHandlerContext.java:506)
	at org.apache.ratis.thirdparty.io.netty.channel.AbstractChannelHandlerContext.bind(AbstractChannelHandlerContext.java:491)
	at org.apache.ratis.thirdparty.io.netty.channel.DefaultChannelPipeline.bind(DefaultChannelPipeline.java:973)
	at org.apache.ratis.thirdparty.io.netty.channel.AbstractChannel.bind(AbstractChannel.java:260)
	at org.apache.ratis.thirdparty.io.netty.bootstrap.AbstractBootstrap$2.run(AbstractBootstrap.java:356)
	at org.apache.ratis.thirdparty.io.netty.util.concurrent.AbstractEventExecutor.runTask(AbstractEventExecutor.java:174)
	at org.apache.ratis.thirdparty.io.netty.util.concurrent.AbstractEventExecutor.safeExecute(AbstractEventExecutor.java:167)
	at org.apache.ratis.thirdparty.io.netty.util.concurrent.SingleThreadEventExecutor.runAllTasks(SingleThreadEventExecutor.java:470)
	at org.apache.ratis.thirdparty.io.netty.channel.nio.NioEventLoop.run(NioEventLoop.java:503)
	at org.apache.ratis.thirdparty.io.netty.util.concurrent.SingleThreadEventExecutor$4.run(SingleThreadEventExecutor.java:995)
	at org.apache.ratis.thirdparty.io.netty.util.internal.ThreadExecutorMap$2.run(ThreadExecutorMap.java:74)
	at org.apache.ratis.thirdparty.io.netty.util.concurrent.FastThreadLocalRunnable.run(FastThreadLocalRunnable.java:30)
	... 1 more
</error>
    <system-out><![CDATA[2022-08-22 16:51:08,094 INFO  util.LogUtils (Log4jUtils.java:setLogLevel(32)) - Set org.apache.ratis.conf.ConfUtils log level to WARN
2022-08-22 16:51:08,094 INFO  util.LogUtils (Log4jUtils.java:setLogLevel(32)) - Set org.apache.ratis.util.FileUtils log level to TRACE
2022-08-22 16:51:08,098 INFO  impl.GroupManagementBaseTest (GroupManagementBaseTest.java:runMultiGroupTest(251)) - 

runMultiGroupTest with MiniRaftClusterWithNetty[3, 6, 9, 12, 15]chosen=4: printing ALL groups
2022-08-22 16:51:08,098 INFO  impl.GroupManagementBaseTest (GroupManagementBaseTest.java:runMultiGroupTest(258)) - ids: [s0, s1, s2, s3, s4, s5, s6, s7, s8, s9, s10, s11, s12, s13, s14]
2022-08-22 16:51:08,098 INFO  impl.MiniRaftCluster (MiniRaftCluster.java:newRaftServer(379)) - newRaftServer: s0, group-3C7173CAAE07:[], format? true
2022-08-22 16:51:08,098 TRACE util.FileUtils (FileUtils.java:deleteFully(162)) - deleteFully target/test/data/937c4279/MiniRaftClusterWithNettyd4d3c057/s0
2022-08-22 16:51:08,098 TRACE util.FileUtils (FileUtils.java:deleteFully(178)) - deleteFully: target/test/data/937c4279/MiniRaftClusterWithNettyd4d3c057/s0 does not exist.
2022-08-22 16:51:08,098 INFO  impl.MiniRaftCluster (MiniRaftCluster.java:newRaftServer(384)) - Formatted directory target/test/data/937c4279/MiniRaftClusterWithNettyd4d3c057/s0
2022-08-22 16:51:08,100 INFO  server.RaftServer (ConfUtils.java:logGet(46)) - raft.rpc.type = NETTY (custom)
2022-08-22 16:51:08,110 INFO  netty.NettyConfigKeys$Server (ConfUtils.java:logGet(46)) - raft.netty.server.host = null (default)
2022-08-22 16:51:08,111 INFO  netty.NettyConfigKeys$Server (ConfUtils.java:logGet(46)) - raft.netty.server.port = 40607 (custom)
2022-08-22 16:51:08,111 INFO  impl.DataStreamServerImpl (ConfUtils.java:logGet(46)) - raft.datastream.type = DISABLED (default)
2022-08-22 16:51:08,112 INFO  server.RaftServerConfigKeys (ConfUtils.java:logGet(46)) - raft.server.threadpool.proxy.cached = true (default)
2022-08-22 16:51:08,112 INFO  server.RaftServerConfigKeys (ConfUtils.java:logGet(46)) - raft.server.threadpool.proxy.size = 0 (default)
2022-08-22 16:51:08,112 INFO  server.RaftServerConfigKeys (ConfUtils.java:logGet(46)) - raft.server.rpc.slowness.timeout = 60s (default)
2022-08-22 16:51:08,112 INFO  server.RaftServerConfigKeys (ConfUtils.java:logGet(46)) - raft.server.leaderelection.leader.step-down.wait-time = 10s (default)
2022-08-22 16:51:08,112 INFO  server.RaftServerConfigKeys (ConfUtils.java:logGet(46)) - raft.server.storage.dir = [/home/runner/work/ratis/ratis/ratis-examples/target/test/data/937c4279/MiniRaftClusterWithNettyd4d3c057/s0] (custom)
2022-08-22 16:51:08,112 INFO  server.RaftServer (RaftServerProxy.java:addNew(96)) - s0: addNew group-3C7173CAAE07:[] returns group-3C7173CAAE07:java.util.concurrent.CompletableFuture@3fed492f[Not completed]
2022-08-22 16:51:08,113 INFO  impl.MiniRaftCluster (MiniRaftCluster.java:newRaftServer(379)) - newRaftServer: s1, group-3C7173CAAE07:[], format? true
2022-08-22 16:51:08,113 TRACE util.FileUtils (FileUtils.java:deleteFully(162)) - deleteFully target/test/data/937c4279/MiniRaftClusterWithNettyd4d3c057/s1
2022-08-22 16:51:08,113 TRACE util.FileUtils (FileUtils.java:deleteFully(178)) - deleteFully: target/test/data/937c4279/MiniRaftClusterWithNettyd4d3c057/s1 does not exist.
2022-08-22 16:51:08,113 INFO  impl.MiniRaftCluster (MiniRaftCluster.java:newRaftServer(384)) - Formatted directory target/test/data/937c4279/MiniRaftClusterWithNettyd4d3c057/s1
2022-08-22 16:51:08,113 INFO  server.RaftServer (ConfUtils.java:logGet(46)) - raft.rpc.type = NETTY (custom)
2022-08-22 16:51:08,113 INFO  netty.NettyConfigKeys$Server (ConfUtils.java:logGet(46)) - raft.netty.server.host = null (default)
2022-08-22 16:51:08,114 INFO  netty.NettyConfigKeys$Server (ConfUtils.java:logGet(46)) - raft.netty.server.port = 44771 (custom)
2022-08-22 16:51:08,114 INFO  impl.DataStreamServerImpl (ConfUtils.java:logGet(46)) - raft.datastream.type = DISABLED (default)
2022-08-22 16:51:08,114 INFO  server.RaftServerConfigKeys (ConfUtils.java:logGet(46)) - raft.server.threadpool.proxy.cached = true (default)
2022-08-22 16:51:08,114 INFO  server.RaftServerConfigKeys (ConfUtils.java:logGet(46)) - raft.server.threadpool.proxy.size = 0 (default)
2022-08-22 16:51:08,114 INFO  server.RaftServerConfigKeys (ConfUtils.java:logGet(46)) - raft.server.rpc.slowness.timeout = 60s (default)
2022-08-22 16:51:08,114 INFO  server.RaftServerConfigKeys (ConfUtils.java:logGet(46)) - raft.server.leaderelection.leader.step-down.wait-time = 10s (default)
2022-08-22 16:51:08,114 INFO  server.RaftServerConfigKeys (ConfUtils.java:logGet(46)) - raft.server.storage.dir = [/home/runner/work/ratis/ratis/ratis-examples/target/test/data/937c4279/MiniRaftClusterWithNettyd4d3c057/s1] (custom)
2022-08-22 16:51:08,115 INFO  server.RaftServer$Division (RaftServerImpl.java:<init>(194)) - s0: new RaftServerImpl for group-3C7173CAAE07:[] with ArithmeticStateMachine:uninitialized
2022-08-22 16:51:08,115 INFO  server.RaftServerConfigKeys (ConfUtils.java:logGet(46)) - raft.server.rpc.timeout.min = 300ms (custom)
2022-08-22 16:51:08,115 INFO  server.RaftServerConfigKeys (ConfUtils.java:logGet(46)) - raft.server.rpc.timeout.max = 600ms (custom)
2022-08-22 16:51:08,115 INFO  server.RaftServerConfigKeys (ConfUtils.java:logGet(46)) - raft.server.rpc.sleep.time = 25ms (default)
2022-08-22 16:51:08,115 INFO  server.RaftServerConfigKeys (ConfUtils.java:logGet(46)) - raft.server.rpc.slowness.timeout = 60s (default)
2022-08-22 16:51:08,115 INFO  server.RaftServerConfigKeys (ConfUtils.java:logGet(46)) - raft.server.leaderelection.leader.step-down.wait-time = 10s (default)
2022-08-22 16:51:08,115 INFO  server.RaftServerConfigKeys (ConfUtils.java:logGet(46)) - raft.server.sleep.deviation.threshold = 300ms (default)
2022-08-22 16:51:08,116 INFO  server.RaftServer$Division (ServerState.java:<init>(118)) - s0@group-3C7173CAAE07: ConfigurationManager, init=-1: peers:[]|listeners:[], old=null, confs=<EMPTY_MAP>
2022-08-22 16:51:08,116 INFO  server.RaftServerConfigKeys (ConfUtils.java:logGet(46)) - raft.server.storage.dir = [/home/runner/work/ratis/ratis/ratis-examples/target/test/data/937c4279/MiniRaftClusterWithNettyd4d3c057/s0] (custom)
2022-08-22 16:51:08,116 INFO  server.RaftServerConfigKeys (ConfUtils.java:logGet(46)) - raft.server.log.corruption.policy = EXCEPTION (default)
2022-08-22 16:51:08,116 INFO  server.RaftServerConfigKeys (ConfUtils.java:logGet(46)) - raft.server.storage.free-space.min = 0MB (=0) (default)
2022-08-22 16:51:08,116 INFO  server.RaftServerConfigKeys (ConfUtils.java:logGet(46)) - raft.server.notification.no-leader.timeout = 60s (default)
2022-08-22 16:51:08,116 INFO  server.RaftServerConfigKeys (ConfUtils.java:logGet(46)) - raft.server.retrycache.expirytime = 60s (default)
2022-08-22 16:51:08,116 INFO  server.RaftServerConfigKeys (ConfUtils.java:logGet(46)) - raft.server.retrycache.statistics.expirytime = 100μs (default)
2022-08-22 16:51:08,117 INFO  server.RaftServerConfigKeys (ConfUtils.java:logGet(46)) - raft.server.log.appender.install.snapshot.enabled = true (default)
2022-08-22 16:51:08,117 INFO  server.RaftServerConfigKeys (ConfUtils.java:logGet(46)) - raft.server.threadpool.server.cached = true (default)
2022-08-22 16:51:08,117 INFO  server.RaftServerConfigKeys (ConfUtils.java:logGet(46)) - raft.server.threadpool.server.size = 0 (default)
2022-08-22 16:51:08,117 INFO  server.RaftServerConfigKeys (ConfUtils.java:logGet(46)) - raft.server.threadpool.client.cached = true (default)
2022-08-22 16:51:08,117 INFO  server.RaftServerConfigKeys (ConfUtils.java:logGet(46)) - raft.server.threadpool.client.size = 0 (default)
2022-08-22 16:51:08,117 INFO  server.RaftServer (RaftServerProxy.java:addNew(96)) - s1: addNew group-3C7173CAAE07:[] returns group-3C7173CAAE07:java.util.concurrent.CompletableFuture@436f12ef[Not completed]
2022-08-22 16:51:08,117 INFO  impl.MiniRaftCluster (MiniRaftCluster.java:newRaftServer(379)) - newRaftServer: s2, group-3C7173CAAE07:[], format? true
2022-08-22 16:51:08,117 TRACE util.FileUtils (FileUtils.java:deleteFully(162)) - deleteFully target/test/data/937c4279/MiniRaftClusterWithNettyd4d3c057/s2
2022-08-22 16:51:08,118 TRACE util.FileUtils (FileUtils.java:deleteFully(178)) - deleteFully: target/test/data/937c4279/MiniRaftClusterWithNettyd4d3c057/s2 does not exist.
2022-08-22 16:51:08,118 INFO  impl.MiniRaftCluster (MiniRaftCluster.java:newRaftServer(384)) - Formatted directory target/test/data/937c4279/MiniRaftClusterWithNettyd4d3c057/s2
2022-08-22 16:51:08,118 INFO  server.RaftServer (ConfUtils.java:logGet(46)) - raft.rpc.type = NETTY (custom)
2022-08-22 16:51:08,118 INFO  netty.NettyConfigKeys$Server (ConfUtils.java:logGet(46)) - raft.netty.server.host = null (default)
2022-08-22 16:51:08,118 INFO  netty.NettyConfigKeys$Server (ConfUtils.java:logGet(46)) - raft.netty.server.port = 37605 (custom)
2022-08-22 16:51:08,118 INFO  impl.DataStreamServerImpl (ConfUtils.java:logGet(46)) - raft.datastream.type = DISABLED (default)
2022-08-22 16:51:08,118 INFO  server.RaftServerConfigKeys (ConfUtils.java:logGet(46)) - raft.server.threadpool.proxy.cached = true (default)
2022-08-22 16:51:08,118 INFO  server.RaftServerConfigKeys (ConfUtils.java:logGet(46)) - raft.server.threadpool.proxy.size = 0 (default)
2022-08-22 16:51:08,118 INFO  server.RaftServerConfigKeys (ConfUtils.java:logGet(46)) - raft.server.rpc.slowness.timeout = 60s (default)
2022-08-22 16:51:08,118 INFO  server.RaftServerConfigKeys (ConfUtils.java:logGet(46)) - raft.server.leaderelection.leader.step-down.wait-time = 10s (default)
2022-08-22 16:51:08,119 INFO  server.RaftServerConfigKeys (ConfUtils.java:logGet(46)) - raft.server.storage.dir = [/home/runner/work/ratis/ratis/ratis-examples/target/test/data/937c4279/MiniRaftClusterWithNettyd4d3c057/s2] (custom)
2022-08-22 16:51:08,119 INFO  server.RaftServer$Division (RaftServerImpl.java:<init>(194)) - s1: new RaftServerImpl for group-3C7173CAAE07:[] with ArithmeticStateMachine:uninitialized
2022-08-22 16:51:08,119 INFO  server.RaftServerConfigKeys (ConfUtils.java:logGet(46)) - raft.server.rpc.timeout.min = 300ms (custom)
2022-08-22 16:51:08,119 INFO  server.RaftServerConfigKeys (ConfUtils.java:logGet(46)) - raft.server.rpc.timeout.max = 600ms (custom)
2022-08-22 16:51:08,119 INFO  server.RaftServerConfigKeys (ConfUtils.java:logGet(46)) - raft.server.rpc.sleep.time = 25ms (default)
2022-08-22 16:51:08,119 INFO  server.RaftServerConfigKeys (ConfUtils.java:logGet(46)) - raft.server.rpc.slowness.timeout = 60s (default)
2022-08-22 16:51:08,119 INFO  server.RaftServerConfigKeys (ConfUtils.java:logGet(46)) - raft.server.leaderelection.leader.step-down.wait-time = 10s (default)
2022-08-22 16:51:08,119 INFO  server.RaftServerConfigKeys (ConfUtils.java:logGet(46)) - raft.server.sleep.deviation.threshold = 300ms (default)
2022-08-22 16:51:08,119 INFO  server.RaftServer$Division (ServerState.java:<init>(118)) - s1@group-3C7173CAAE07: ConfigurationManager, init=-1: peers:[]|listeners:[], old=null, confs=<EMPTY_MAP>
2022-08-22 16:51:08,119 INFO  server.RaftServerConfigKeys (ConfUtils.java:logGet(46)) - raft.server.storage.dir = [/home/runner/work/ratis/ratis/ratis-examples/target/test/data/937c4279/MiniRaftClusterWithNettyd4d3c057/s1] (custom)
2022-08-22 16:51:08,120 INFO  server.RaftServerConfigKeys (ConfUtils.java:logGet(46)) - raft.server.log.corruption.policy = EXCEPTION (default)
2022-08-22 16:51:08,120 INFO  server.RaftServerConfigKeys (ConfUtils.java:logGet(46)) - raft.server.storage.free-space.min = 0MB (=0) (default)
2022-08-22 16:51:08,120 INFO  server.RaftServerConfigKeys (ConfUtils.java:logGet(46)) - raft.server.notification.no-leader.timeout = 60s (default)
2022-08-22 16:51:08,120 INFO  server.RaftServerConfigKeys (ConfUtils.java:logGet(46)) - raft.server.retrycache.expirytime = 60s (default)
2022-08-22 16:51:08,120 INFO  server.RaftServerConfigKeys (ConfUtils.java:logGet(46)) - raft.server.retrycache.statistics.expirytime = 100μs (default)
2022-08-22 16:51:08,120 INFO  server.RaftServerConfigKeys (ConfUtils.java:logGet(46)) - raft.server.log.appender.install.snapshot.enabled = true (default)
2022-08-22 16:51:08,120 INFO  server.RaftServerConfigKeys (ConfUtils.java:logGet(46)) - raft.server.threadpool.server.cached = true (default)
2022-08-22 16:51:08,120 INFO  server.RaftServerConfigKeys (ConfUtils.java:logGet(46)) - raft.server.threadpool.server.size = 0 (default)
2022-08-22 16:51:08,120 INFO  server.RaftServerConfigKeys (ConfUtils.java:logGet(46)) - raft.server.threadpool.client.cached = true (default)
2022-08-22 16:51:08,120 INFO  server.RaftServerConfigKeys (ConfUtils.java:logGet(46)) - raft.server.threadpool.client.size = 0 (default)
2022-08-22 16:51:08,121 INFO  server.RaftServer (RaftServerProxy.java:addNew(96)) - s2: addNew group-3C7173CAAE07:[] returns group-3C7173CAAE07:java.util.concurrent.CompletableFuture@5a5a5a76[Not completed]
2022-08-22 16:51:08,121 INFO  impl.MiniRaftCluster (MiniRaftCluster.java:newRaftServer(379)) - newRaftServer: s3, group-3C7173CAAE07:[], format? true
2022-08-22 16:51:08,121 TRACE util.FileUtils (FileUtils.java:deleteFully(162)) - deleteFully target/test/data/937c4279/MiniRaftClusterWithNettyd4d3c057/s3
2022-08-22 16:51:08,121 TRACE util.FileUtils (FileUtils.java:deleteFully(178)) - deleteFully: target/test/data/937c4279/MiniRaftClusterWithNettyd4d3c057/s3 does not exist.
2022-08-22 16:51:08,121 INFO  impl.MiniRaftCluster (MiniRaftCluster.java:newRaftServer(384)) - Formatted directory target/test/data/937c4279/MiniRaftClusterWithNettyd4d3c057/s3
2022-08-22 16:51:08,121 INFO  server.RaftServer (ConfUtils.java:logGet(46)) - raft.rpc.type = NETTY (custom)
2022-08-22 16:51:08,122 INFO  netty.NettyConfigKeys$Server (ConfUtils.java:logGet(46)) - raft.netty.server.host = null (default)
2022-08-22 16:51:08,122 INFO  netty.NettyConfigKeys$Server (ConfUtils.java:logGet(46)) - raft.netty.server.port = 38855 (custom)
2022-08-22 16:51:08,122 INFO  impl.DataStreamServerImpl (ConfUtils.java:logGet(46)) - raft.datastream.type = DISABLED (default)
2022-08-22 16:51:08,122 INFO  server.RaftServerConfigKeys (ConfUtils.java:logGet(46)) - raft.server.threadpool.proxy.cached = true (default)
2022-08-22 16:51:08,122 INFO  server.RaftServerConfigKeys (ConfUtils.java:logGet(46)) - raft.server.threadpool.proxy.size = 0 (default)
2022-08-22 16:51:08,122 INFO  server.RaftServerConfigKeys (ConfUtils.java:logGet(46)) - raft.server.rpc.slowness.timeout = 60s (default)
2022-08-22 16:51:08,122 INFO  server.RaftServerConfigKeys (ConfUtils.java:logGet(46)) - raft.server.leaderelection.leader.step-down.wait-time = 10s (default)
2022-08-22 16:51:08,122 INFO  server.RaftServerConfigKeys (ConfUtils.java:logGet(46)) - raft.server.storage.dir = [/home/runner/work/ratis/ratis/ratis-examples/target/test/data/937c4279/MiniRaftClusterWithNettyd4d3c057/s3] (custom)
2022-08-22 16:51:08,122 INFO  server.RaftServer$Division (RaftServerImpl.java:<init>(194)) - s2: new RaftServerImpl for group-3C7173CAAE07:[] with ArithmeticStateMachine:uninitialized
2022-08-22 16:51:08,122 INFO  server.RaftServerConfigKeys (ConfUtils.java:logGet(46)) - raft.server.rpc.timeout.min = 300ms (custom)
2022-08-22 16:51:08,123 INFO  server.RaftServerConfigKeys (ConfUtils.java:logGet(46)) - raft.server.rpc.timeout.max = 600ms (custom)
2022-08-22 16:51:08,123 INFO  server.RaftServerConfigKeys (ConfUtils.java:logGet(46)) - raft.server.rpc.sleep.time = 25ms (default)
2022-08-22 16:51:08,123 INFO  server.RaftServerConfigKeys (ConfUtils.java:logGet(46)) - raft.server.rpc.slowness.timeout = 60s (default)
2022-08-22 16:51:08,123 INFO  server.RaftServerConfigKeys (ConfUtils.java:logGet(46)) - raft.server.leaderelection.leader.step-down.wait-time = 10s (default)
2022-08-22 16:51:08,123 INFO  server.RaftServerConfigKeys (ConfUtils.java:logGet(46)) - raft.server.sleep.deviation.threshold = 300ms (default)
2022-08-22 16:51:08,123 INFO  server.RaftServer$Division (ServerState.java:<init>(118)) - s2@group-3C7173CAAE07: ConfigurationManager, init=-1: peers:[]|listeners:[], old=null, confs=<EMPTY_MAP>
2022-08-22 16:51:08,123 INFO  server.RaftServerConfigKeys (ConfUtils.java:logGet(46)) - raft.server.storage.dir = [/home/runner/work/ratis/ratis/ratis-examples/target/test/data/937c4279/MiniRaftClusterWithNettyd4d3c057/s2] (custom)
2022-08-22 16:51:08,123 INFO  server.RaftServerConfigKeys (ConfUtils.java:logGet(46)) - raft.server.log.corruption.policy = EXCEPTION (default)
2022-08-22 16:51:08,123 INFO  server.RaftServerConfigKeys (ConfUtils.java:logGet(46)) - raft.server.storage.free-space.min = 0MB (=0) (default)
2022-08-22 16:51:08,123 INFO  server.RaftServerConfigKeys (ConfUtils.java:logGet(46)) - raft.server.notification.no-leader.timeout = 60s (default)
2022-08-22 16:51:08,123 INFO  server.RaftServerConfigKeys (ConfUtils.java:logGet(46)) - raft.server.retrycache.expirytime = 60s (default)
2022-08-22 16:51:08,123 INFO  server.RaftServerConfigKeys (ConfUtils.java:logGet(46)) - raft.server.retrycache.statistics.expirytime = 100μs (default)
2022-08-22 16:51:08,124 INFO  server.RaftServerConfigKeys (ConfUtils.java:logGet(46)) - raft.server.log.appender.install.snapshot.enabled = true (default)
2022-08-22 16:51:08,124 INFO  server.RaftServerConfigKeys (ConfUtils.java:logGet(46)) - raft.server.threadpool.server.cached = true (default)
2022-08-22 16:51:08,124 INFO  server.RaftServerConfigKeys (ConfUtils.java:logGet(46)) - raft.server.threadpool.server.size = 0 (default)
2022-08-22 16:51:08,124 INFO  server.RaftServerConfigKeys (ConfUtils.java:logGet(46)) - raft.server.threadpool.client.cached = true (default)
2022-08-22 16:51:08,124 INFO  server.RaftServerConfigKeys (ConfUtils.java:logGet(46)) - raft.server.threadpool.client.size = 0 (default)
2022-08-22 16:51:08,124 INFO  server.RaftServer (RaftServerProxy.java:addNew(96)) - s3: addNew group-3C7173CAAE07:[] returns group-3C7173CAAE07:java.util.concurrent.CompletableFuture@1f48a371[Not completed]
2022-08-22 16:51:08,124 INFO  impl.MiniRaftCluster (MiniRaftCluster.java:newRaftServer(379)) - newRaftServer: s4, group-3C7173CAAE07:[], format? true
2022-08-22 16:51:08,124 TRACE util.FileUtils (FileUtils.java:deleteFully(162)) - deleteFully target/test/data/937c4279/MiniRaftClusterWithNettyd4d3c057/s4
2022-08-22 16:51:08,124 TRACE util.FileUtils (FileUtils.java:deleteFully(178)) - deleteFully: target/test/data/937c4279/MiniRaftClusterWithNettyd4d3c057/s4 does not exist.
2022-08-22 16:51:08,124 INFO  impl.MiniRaftCluster (MiniRaftCluster.java:newRaftServer(384)) - Formatted directory target/test/data/937c4279/MiniRaftClusterWithNettyd4d3c057/s4
2022-08-22 16:51:08,125 INFO  server.RaftServer (ConfUtils.java:logGet(46)) - raft.rpc.type = NETTY (custom)
2022-08-22 16:51:08,125 INFO  netty.NettyConfigKeys$Server (ConfUtils.java:logGet(46)) - raft.netty.server.host = null (default)
2022-08-22 16:51:08,125 INFO  netty.NettyConfigKeys$Server (ConfUtils.java:logGet(46)) - raft.netty.server.port = 33195 (custom)
2022-08-22 16:51:08,125 INFO  impl.DataStreamServerImpl (ConfUtils.java:logGet(46)) - raft.datastream.type = DISABLED (default)
2022-08-22 16:51:08,125 INFO  server.RaftServerConfigKeys (ConfUtils.java:logGet(46)) - raft.server.threadpool.proxy.cached = true (default)
2022-08-22 16:51:08,125 INFO  server.RaftServerConfigKeys (ConfUtils.java:logGet(46)) - raft.server.threadpool.proxy.size = 0 (default)
2022-08-22 16:51:08,125 INFO  server.RaftServerConfigKeys (ConfUtils.java:logGet(46)) - raft.server.rpc.slowness.timeout = 60s (default)
2022-08-22 16:51:08,125 INFO  server.RaftServerConfigKeys (ConfUtils.java:logGet(46)) - raft.server.leaderelection.leader.step-down.wait-time = 10s (default)
2022-08-22 16:51:08,125 INFO  server.RaftServerConfigKeys (ConfUtils.java:logGet(46)) - raft.server.storage.dir = [/home/runner/work/ratis/ratis/ratis-examples/target/test/data/937c4279/MiniRaftClusterWithNettyd4d3c057/s4] (custom)
2022-08-22 16:51:08,126 INFO  server.RaftServer$Division (RaftServerImpl.java:<init>(194)) - s3: new RaftServerImpl for group-3C7173CAAE07:[] with ArithmeticStateMachine:uninitialized
2022-08-22 16:51:08,127 INFO  server.RaftServerConfigKeys (ConfUtils.java:logGet(46)) - raft.server.rpc.timeout.min = 300ms (custom)
2022-08-22 16:51:08,127 INFO  server.RaftServerConfigKeys (ConfUtils.java:logGet(46)) - raft.server.rpc.timeout.max = 600ms (custom)
2022-08-22 16:51:08,127 INFO  server.RaftServerConfigKeys (ConfUtils.java:logGet(46)) - raft.server.rpc.sleep.time = 25ms (default)
2022-08-22 16:51:08,127 INFO  server.RaftServerConfigKeys (ConfUtils.java:logGet(46)) - raft.server.rpc.slowness.timeout = 60s (default)
2022-08-22 16:51:08,127 INFO  server.RaftServerConfigKeys (ConfUtils.java:logGet(46)) - raft.server.leaderelection.leader.step-down.wait-time = 10s (default)
2022-08-22 16:51:08,127 INFO  server.RaftServerConfigKeys (ConfUtils.java:logGet(46)) - raft.server.sleep.deviation.threshold = 300ms (default)
2022-08-22 16:51:08,127 INFO  server.RaftServer$Division (ServerState.java:<init>(118)) - s3@group-3C7173CAAE07: ConfigurationManager, init=-1: peers:[]|listeners:[], old=null, confs=<EMPTY_MAP>
2022-08-22 16:51:08,127 INFO  server.RaftServerConfigKeys (ConfUtils.java:logGet(46)) - raft.server.storage.dir = [/home/runner/work/ratis/ratis/ratis-examples/target/test/data/937c4279/MiniRaftClusterWithNettyd4d3c057/s3] (custom)
2022-08-22 16:51:08,127 INFO  server.RaftServerConfigKeys (ConfUtils.java:logGet(46)) - raft.server.log.corruption.policy = EXCEPTION (default)
2022-08-22 16:51:08,127 INFO  server.RaftServerConfigKeys (ConfUtils.java:logGet(46)) - raft.server.storage.free-space.min = 0MB (=0) (default)
2022-08-22 16:51:08,127 INFO  server.RaftServerConfigKeys (ConfUtils.java:logGet(46)) - raft.server.notification.no-leader.timeout = 60s (default)
2022-08-22 16:51:08,127 INFO  server.RaftServerConfigKeys (ConfUtils.java:logGet(46)) - raft.server.retrycache.expirytime = 60s (default)
2022-08-22 16:51:08,127 INFO  server.RaftServerConfigKeys (ConfUtils.java:logGet(46)) - raft.server.retrycache.statistics.expirytime = 100μs (default)
2022-08-22 16:51:08,128 INFO  server.RaftServerConfigKeys (ConfUtils.java:logGet(46)) - raft.server.log.appender.install.snapshot.enabled = true (default)
2022-08-22 16:51:08,128 INFO  server.RaftServerConfigKeys (ConfUtils.java:logGet(46)) - raft.server.threadpool.server.cached = true (default)
2022-08-22 16:51:08,128 INFO  server.RaftServerConfigKeys (ConfUtils.java:logGet(46)) - raft.server.threadpool.server.size = 0 (default)
2022-08-22 16:51:08,128 INFO  server.RaftServerConfigKeys (ConfUtils.java:logGet(46)) - raft.server.threadpool.client.cached = true (default)
2022-08-22 16:51:08,128 INFO  server.RaftServerConfigKeys (ConfUtils.java:logGet(46)) - raft.server.threadpool.client.size = 0 (default)
2022-08-22 16:51:08,128 INFO  server.RaftServer (RaftServerProxy.java:addNew(96)) - s4: addNew group-3C7173CAAE07:[] returns group-3C7173CAAE07:java.util.concurrent.CompletableFuture@32e09918[Not completed]
2022-08-22 16:51:08,128 INFO  impl.MiniRaftCluster (MiniRaftCluster.java:newRaftServer(379)) - newRaftServer: s5, group-3C7173CAAE07:[], format? true
2022-08-22 16:51:08,128 TRACE util.FileUtils (FileUtils.java:deleteFully(162)) - deleteFully target/test/data/937c4279/MiniRaftClusterWithNettyd4d3c057/s5
2022-08-22 16:51:08,128 TRACE util.FileUtils (FileUtils.java:deleteFully(178)) - deleteFully: target/test/data/937c4279/MiniRaftClusterWithNettyd4d3c057/s5 does not exist.
2022-08-22 16:51:08,128 INFO  impl.MiniRaftCluster (MiniRaftCluster.java:newRaftServer(384)) - Formatted directory target/test/data/937c4279/MiniRaftClusterWithNettyd4d3c057/s5
2022-08-22 16:51:08,148 INFO  server.RaftServer (ConfUtils.java:logGet(46)) - raft.rpc.type = NETTY (custom)
2022-08-22 16:51:08,149 INFO  netty.NettyConfigKeys$Server (ConfUtils.java:logGet(46)) - raft.netty.server.host = null (default)
2022-08-22 16:51:08,149 INFO  netty.NettyConfigKeys$Server (ConfUtils.java:logGet(46)) - raft.netty.server.port = 33307 (custom)
2022-08-22 16:51:08,149 INFO  impl.DataStreamServerImpl (ConfUtils.java:logGet(46)) - raft.datastream.type = DISABLED (default)
2022-08-22 16:51:08,149 INFO  server.RaftServerConfigKeys (ConfUtils.java:logGet(46)) - raft.server.threadpool.proxy.cached = true (default)
2022-08-22 16:51:08,149 INFO  server.RaftServerConfigKeys (ConfUtils.java:logGet(46)) - raft.server.threadpool.proxy.size = 0 (default)
2022-08-22 16:51:08,149 INFO  server.RaftServerConfigKeys (ConfUtils.java:logGet(46)) - raft.server.rpc.slowness.timeout = 60s (default)
2022-08-22 16:51:08,149 INFO  server.RaftServerConfigKeys (ConfUtils.java:logGet(46)) - raft.server.leaderelection.leader.step-down.wait-time = 10s (default)
2022-08-22 16:51:08,149 INFO  server.RaftServerConfigKeys (ConfUtils.java:logGet(46)) - raft.server.storage.dir = [/home/runner/work/ratis/ratis/ratis-examples/target/test/data/937c4279/MiniRaftClusterWithNettyd4d3c057/s5] (custom)
2022-08-22 16:51:08,150 INFO  server.RaftServer$Division (RaftServerImpl.java:<init>(194)) - s4: new RaftServerImpl for group-3C7173CAAE07:[] with ArithmeticStateMachine:uninitialized
2022-08-22 16:51:08,150 INFO  server.RaftServerConfigKeys (ConfUtils.java:logGet(46)) - raft.server.rpc.timeout.min = 300ms (custom)
2022-08-22 16:51:08,150 INFO  server.RaftServerConfigKeys (ConfUtils.java:logGet(46)) - raft.server.rpc.timeout.max = 600ms (custom)
2022-08-22 16:51:08,150 INFO  server.RaftServerConfigKeys (ConfUtils.java:logGet(46)) - raft.server.rpc.sleep.time = 25ms (default)
2022-08-22 16:51:08,150 INFO  server.RaftServerConfigKeys (ConfUtils.java:logGet(46)) - raft.server.rpc.slowness.timeout = 60s (default)
2022-08-22 16:51:08,150 INFO  server.RaftServerConfigKeys (ConfUtils.java:logGet(46)) - raft.server.leaderelection.leader.step-down.wait-time = 10s (default)
2022-08-22 16:51:08,150 INFO  server.RaftServerConfigKeys (ConfUtils.java:logGet(46)) - raft.server.sleep.deviation.threshold = 300ms (default)
2022-08-22 16:51:08,150 INFO  server.RaftServer$Division (ServerState.java:<init>(118)) - s4@group-3C7173CAAE07: ConfigurationManager, init=-1: peers:[]|listeners:[], old=null, confs=<EMPTY_MAP>
2022-08-22 16:51:08,150 INFO  server.RaftServerConfigKeys (ConfUtils.java:logGet(46)) - raft.server.storage.dir = [/home/runner/work/ratis/ratis/ratis-examples/target/test/data/937c4279/MiniRaftClusterWithNettyd4d3c057/s4] (custom)
2022-08-22 16:51:08,150 INFO  server.RaftServerConfigKeys (ConfUtils.java:logGet(46)) - raft.server.log.corruption.policy = EXCEPTION (default)
2022-08-22 16:51:08,150 INFO  server.RaftServerConfigKeys (ConfUtils.java:logGet(46)) - raft.server.storage.free-space.min = 0MB (=0) (default)
2022-08-22 16:51:08,150 INFO  server.RaftServerConfigKeys (ConfUtils.java:logGet(46)) - raft.server.notification.no-leader.timeout = 60s (default)
2022-08-22 16:51:08,150 INFO  server.RaftServerConfigKeys (ConfUtils.java:logGet(46)) - raft.server.retrycache.expirytime = 60s (default)
2022-08-22 16:51:08,150 INFO  server.RaftServerConfigKeys (ConfUtils.java:logGet(46)) - raft.server.retrycache.statistics.expirytime = 100μs (default)
2022-08-22 16:51:08,151 INFO  server.RaftServerConfigKeys (ConfUtils.java:logGet(46)) - raft.server.log.appender.install.snapshot.enabled = true (default)
2022-08-22 16:51:08,151 INFO  server.RaftServerConfigKeys (ConfUtils.java:logGet(46)) - raft.server.threadpool.server.cached = true (default)
2022-08-22 16:51:08,151 INFO  server.RaftServerConfigKeys (ConfUtils.java:logGet(46)) - raft.server.threadpool.server.size = 0 (default)
2022-08-22 16:51:08,151 INFO  server.RaftServerConfigKeys (ConfUtils.java:logGet(46)) - raft.server.threadpool.client.cached = true (default)
2022-08-22 16:51:08,151 INFO  server.RaftServerConfigKeys (ConfUtils.java:logGet(46)) - raft.server.threadpool.client.size = 0 (default)
2022-08-22 16:51:08,153 INFO  server.RaftServer (RaftServerProxy.java:addNew(96)) - s5: addNew group-3C7173CAAE07:[] returns group-3C7173CAAE07:java.util.concurrent.CompletableFuture@2ec1e6a4[Not completed]
2022-08-22 16:51:08,154 INFO  impl.MiniRaftCluster (MiniRaftCluster.java:newRaftServer(379)) - newRaftServer: s6, group-3C7173CAAE07:[], format? true
2022-08-22 16:51:08,154 TRACE util.FileUtils (FileUtils.java:deleteFully(162)) - deleteFully target/test/data/937c4279/MiniRaftClusterWithNettyd4d3c057/s6
2022-08-22 16:51:08,154 TRACE util.FileUtils (FileUtils.java:deleteFully(178)) - deleteFully: target/test/data/937c4279/MiniRaftClusterWithNettyd4d3c057/s6 does not exist.
2022-08-22 16:51:08,154 INFO  impl.MiniRaftCluster (MiniRaftCluster.java:newRaftServer(384)) - Formatted directory target/test/data/937c4279/MiniRaftClusterWithNettyd4d3c057/s6
2022-08-22 16:51:08,154 INFO  server.RaftServer$Division (RaftServerImpl.java:<init>(194)) - s5: new RaftServerImpl for group-3C7173CAAE07:[] with ArithmeticStateMachine:uninitialized
2022-08-22 16:51:08,154 INFO  server.RaftServerConfigKeys (ConfUtils.java:logGet(46)) - raft.server.rpc.timeout.min = 300ms (custom)
2022-08-22 16:51:08,154 INFO  server.RaftServerConfigKeys (ConfUtils.java:logGet(46)) - raft.server.rpc.timeout.max = 600ms (custom)
2022-08-22 16:51:08,154 INFO  server.RaftServerConfigKeys (ConfUtils.java:logGet(46)) - raft.server.rpc.sleep.time = 25ms (default)
2022-08-22 16:51:08,154 INFO  server.RaftServerConfigKeys (ConfUtils.java:logGet(46)) - raft.server.rpc.slowness.timeout = 60s (default)
2022-08-22 16:51:08,154 INFO  server.RaftServerConfigKeys (ConfUtils.java:logGet(46)) - raft.server.leaderelection.leader.step-down.wait-time = 10s (default)
2022-08-22 16:51:08,154 INFO  server.RaftServerConfigKeys (ConfUtils.java:logGet(46)) - raft.server.sleep.deviation.threshold = 300ms (default)
2022-08-22 16:51:08,154 INFO  server.RaftServer (ConfUtils.java:logGet(46)) - raft.rpc.type = NETTY (custom)
2022-08-22 16:51:08,154 INFO  server.RaftServer$Division (ServerState.java:<init>(118)) - s5@group-3C7173CAAE07: ConfigurationManager, init=-1: peers:[]|listeners:[], old=null, confs=<EMPTY_MAP>
2022-08-22 16:51:08,154 INFO  server.RaftServerConfigKeys (ConfUtils.java:logGet(46)) - raft.server.storage.dir = [/home/runner/work/ratis/ratis/ratis-examples/target/test/data/937c4279/MiniRaftClusterWithNettyd4d3c057/s5] (custom)
2022-08-22 16:51:08,154 INFO  server.RaftServerConfigKeys (ConfUtils.java:logGet(46)) - raft.server.log.corruption.policy = EXCEPTION (default)
2022-08-22 16:51:08,154 INFO  server.RaftServerConfigKeys (ConfUtils.java:logGet(46)) - raft.server.storage.free-space.min = 0MB (=0) (default)
2022-08-22 16:51:08,154 INFO  server.RaftServerConfigKeys (ConfUtils.java:logGet(46)) - raft.server.notification.no-leader.timeout = 60s (default)
2022-08-22 16:51:08,154 INFO  server.RaftServerConfigKeys (ConfUtils.java:logGet(46)) - raft.server.retrycache.expirytime = 60s (default)
2022-08-22 16:51:08,154 INFO  server.RaftServerConfigKeys (ConfUtils.java:logGet(46)) - raft.server.retrycache.statistics.expirytime = 100μs (default)
2022-08-22 16:51:08,155 INFO  server.RaftServerConfigKeys (ConfUtils.java:logGet(46)) - raft.server.log.appender.install.snapshot.enabled = true (default)
2022-08-22 16:51:08,155 INFO  server.RaftServerConfigKeys (ConfUtils.java:logGet(46)) - raft.server.threadpool.server.cached = true (default)
2022-08-22 16:51:08,155 INFO  server.RaftServerConfigKeys (ConfUtils.java:logGet(46)) - raft.server.threadpool.server.size = 0 (default)
2022-08-22 16:51:08,155 INFO  server.RaftServerConfigKeys (ConfUtils.java:logGet(46)) - raft.server.threadpool.client.cached = true (default)
2022-08-22 16:51:08,155 INFO  server.RaftServerConfigKeys (ConfUtils.java:logGet(46)) - raft.server.threadpool.client.size = 0 (default)
2022-08-22 16:51:08,155 INFO  netty.NettyConfigKeys$Server (ConfUtils.java:logGet(46)) - raft.netty.server.host = null (default)
2022-08-22 16:51:08,155 INFO  netty.NettyConfigKeys$Server (ConfUtils.java:logGet(46)) - raft.netty.server.port = 39639 (custom)
2022-08-22 16:51:08,155 INFO  impl.DataStreamServerImpl (ConfUtils.java:logGet(46)) - raft.datastream.type = DISABLED (default)
2022-08-22 16:51:08,155 INFO  server.RaftServerConfigKeys (ConfUtils.java:logGet(46)) - raft.server.threadpool.proxy.cached = true (default)
2022-08-22 16:51:08,155 INFO  server.RaftServerConfigKeys (ConfUtils.java:logGet(46)) - raft.server.threadpool.proxy.size = 0 (default)
2022-08-22 16:51:08,156 INFO  server.RaftServerConfigKeys (ConfUtils.java:logGet(46)) - raft.server.rpc.slowness.timeout = 60s (default)
2022-08-22 16:51:08,156 INFO  server.RaftServerConfigKeys (ConfUtils.java:logGet(46)) - raft.server.leaderelection.leader.step-down.wait-time = 10s (default)
2022-08-22 16:51:08,156 INFO  server.RaftServerConfigKeys (ConfUtils.java:logGet(46)) - raft.server.storage.dir = [/home/runner/work/ratis/ratis/ratis-examples/target/test/data/937c4279/MiniRaftClusterWithNettyd4d3c057/s6] (custom)
2022-08-22 16:51:08,163 INFO  server.RaftServer (RaftServerProxy.java:addNew(96)) - s6: addNew group-3C7173CAAE07:[] returns group-3C7173CAAE07:java.util.concurrent.CompletableFuture@62c70f73[Not completed]
2022-08-22 16:51:08,163 INFO  impl.MiniRaftCluster (MiniRaftCluster.java:newRaftServer(379)) - newRaftServer: s7, group-3C7173CAAE07:[], format? true
2022-08-22 16:51:08,163 TRACE util.FileUtils (FileUtils.java:deleteFully(162)) - deleteFully target/test/data/937c4279/MiniRaftClusterWithNettyd4d3c057/s7
2022-08-22 16:51:08,163 TRACE util.FileUtils (FileUtils.java:deleteFully(178)) - deleteFully: target/test/data/937c4279/MiniRaftClusterWithNettyd4d3c057/s7 does not exist.
2022-08-22 16:51:08,163 INFO  impl.MiniRaftCluster (MiniRaftCluster.java:newRaftServer(384)) - Formatted directory target/test/data/937c4279/MiniRaftClusterWithNettyd4d3c057/s7
2022-08-22 16:51:08,163 INFO  server.RaftServer (ConfUtils.java:logGet(46)) - raft.rpc.type = NETTY (custom)
2022-08-22 16:51:08,164 INFO  netty.NettyConfigKeys$Server (ConfUtils.java:logGet(46)) - raft.netty.server.host = null (default)
2022-08-22 16:51:08,164 INFO  netty.NettyConfigKeys$Server (ConfUtils.java:logGet(46)) - raft.netty.server.port = 35233 (custom)
2022-08-22 16:51:08,164 INFO  impl.DataStreamServerImpl (ConfUtils.java:logGet(46)) - raft.datastream.type = DISABLED (default)
2022-08-22 16:51:08,164 INFO  server.RaftServerConfigKeys (ConfUtils.java:logGet(46)) - raft.server.threadpool.proxy.cached = true (default)
2022-08-22 16:51:08,164 INFO  server.RaftServerConfigKeys (ConfUtils.java:logGet(46)) - raft.server.threadpool.proxy.size = 0 (default)
2022-08-22 16:51:08,164 INFO  server.RaftServerConfigKeys (ConfUtils.java:logGet(46)) - raft.server.rpc.slowness.timeout = 60s (default)
2022-08-22 16:51:08,164 INFO  server.RaftServerConfigKeys (ConfUtils.java:logGet(46)) - raft.server.leaderelection.leader.step-down.wait-time = 10s (default)
2022-08-22 16:51:08,164 INFO  server.RaftServerConfigKeys (ConfUtils.java:logGet(46)) - raft.server.storage.dir = [/home/runner/work/ratis/ratis/ratis-examples/target/test/data/937c4279/MiniRaftClusterWithNettyd4d3c057/s7] (custom)
2022-08-22 16:51:08,165 INFO  server.RaftServer$Division (RaftServerImpl.java:<init>(194)) - s6: new RaftServerImpl for group-3C7173CAAE07:[] with ArithmeticStateMachine:uninitialized
2022-08-22 16:51:08,165 INFO  server.RaftServerConfigKeys (ConfUtils.java:logGet(46)) - raft.server.rpc.timeout.min = 300ms (custom)
2022-08-22 16:51:08,165 INFO  server.RaftServerConfigKeys (ConfUtils.java:logGet(46)) - raft.server.rpc.timeout.max = 600ms (custom)
2022-08-22 16:51:08,165 INFO  server.RaftServerConfigKeys (ConfUtils.java:logGet(46)) - raft.server.rpc.sleep.time = 25ms (default)
2022-08-22 16:51:08,165 INFO  server.RaftServerConfigKeys (ConfUtils.java:logGet(46)) - raft.server.rpc.slowness.timeout = 60s (default)
2022-08-22 16:51:08,165 INFO  server.RaftServerConfigKeys (ConfUtils.java:logGet(46)) - raft.server.leaderelection.leader.step-down.wait-time = 10s (default)
2022-08-22 16:51:08,165 INFO  server.RaftServerConfigKeys (ConfUtils.java:logGet(46)) - raft.server.sleep.deviation.threshold = 300ms (default)
2022-08-22 16:51:08,165 INFO  server.RaftServer$Division (ServerState.java:<init>(118)) - s6@group-3C7173CAAE07: ConfigurationManager, init=-1: peers:[]|listeners:[], old=null, confs=<EMPTY_MAP>
2022-08-22 16:51:08,165 INFO  server.RaftServerConfigKeys (ConfUtils.java:logGet(46)) - raft.server.storage.dir = [/home/runner/work/ratis/ratis/ratis-examples/target/test/data/937c4279/MiniRaftClusterWithNettyd4d3c057/s6] (custom)
2022-08-22 16:51:08,165 INFO  server.RaftServerConfigKeys (ConfUtils.java:logGet(46)) - raft.server.log.corruption.policy = EXCEPTION (default)
2022-08-22 16:51:08,165 INFO  server.RaftServerConfigKeys (ConfUtils.java:logGet(46)) - raft.server.storage.free-space.min = 0MB (=0) (default)
2022-08-22 16:51:08,165 INFO  server.RaftServerConfigKeys (ConfUtils.java:logGet(46)) - raft.server.notification.no-leader.timeout = 60s (default)
2022-08-22 16:51:08,165 INFO  server.RaftServerConfigKeys (ConfUtils.java:logGet(46)) - raft.server.retrycache.expirytime = 60s (default)
2022-08-22 16:51:08,165 INFO  server.RaftServerConfigKeys (ConfUtils.java:logGet(46)) - raft.server.retrycache.statistics.expirytime = 100μs (default)
2022-08-22 16:51:08,166 INFO  server.RaftServerConfigKeys (ConfUtils.java:logGet(46)) - raft.server.log.appender.install.snapshot.enabled = true (default)
2022-08-22 16:51:08,166 INFO  server.RaftServerConfigKeys (ConfUtils.java:logGet(46)) - raft.server.threadpool.server.cached = true (default)
2022-08-22 16:51:08,166 INFO  server.RaftServerConfigKeys (ConfUtils.java:logGet(46)) - raft.server.threadpool.server.size = 0 (default)
2022-08-22 16:51:08,166 INFO  server.RaftServerConfigKeys (ConfUtils.java:logGet(46)) - raft.server.threadpool.client.cached = true (default)
2022-08-22 16:51:08,166 INFO  server.RaftServerConfigKeys (ConfUtils.java:logGet(46)) - raft.server.threadpool.client.size = 0 (default)
2022-08-22 16:51:08,166 INFO  server.RaftServer (RaftServerProxy.java:addNew(96)) - s7: addNew group-3C7173CAAE07:[] returns group-3C7173CAAE07:java.util.concurrent.CompletableFuture@5203a1b0[Not completed]
2022-08-22 16:51:08,167 INFO  impl.MiniRaftCluster (MiniRaftCluster.java:newRaftServer(379)) - newRaftServer: s8, group-3C7173CAAE07:[], format? true
2022-08-22 16:51:08,167 TRACE util.FileUtils (FileUtils.java:deleteFully(162)) - deleteFully target/test/data/937c4279/MiniRaftClusterWithNettyd4d3c057/s8
2022-08-22 16:51:08,167 TRACE util.FileUtils (FileUtils.java:deleteFully(178)) - deleteFully: target/test/data/937c4279/MiniRaftClusterWithNettyd4d3c057/s8 does not exist.
2022-08-22 16:51:08,167 INFO  impl.MiniRaftCluster (MiniRaftCluster.java:newRaftServer(384)) - Formatted directory target/test/data/937c4279/MiniRaftClusterWithNettyd4d3c057/s8
2022-08-22 16:51:08,167 INFO  server.RaftServer (ConfUtils.java:logGet(46)) - raft.rpc.type = NETTY (custom)
2022-08-22 16:51:08,167 INFO  netty.NettyConfigKeys$Server (ConfUtils.java:logGet(46)) - raft.netty.server.host = null (default)
2022-08-22 16:51:08,167 INFO  netty.NettyConfigKeys$Server (ConfUtils.java:logGet(46)) - raft.netty.server.port = 45509 (custom)
2022-08-22 16:51:08,167 INFO  impl.DataStreamServerImpl (ConfUtils.java:logGet(46)) - raft.datastream.type = DISABLED (default)
2022-08-22 16:51:08,167 INFO  server.RaftServerConfigKeys (ConfUtils.java:logGet(46)) - raft.server.threadpool.proxy.cached = true (default)
2022-08-22 16:51:08,167 INFO  server.RaftServerConfigKeys (ConfUtils.java:logGet(46)) - raft.server.threadpool.proxy.size = 0 (default)
2022-08-22 16:51:08,167 INFO  server.RaftServerConfigKeys (ConfUtils.java:logGet(46)) - raft.server.rpc.slowness.timeout = 60s (default)
2022-08-22 16:51:08,167 INFO  server.RaftServerConfigKeys (ConfUtils.java:logGet(46)) - raft.server.leaderelection.leader.step-down.wait-time = 10s (default)
2022-08-22 16:51:08,168 INFO  server.RaftServerConfigKeys (ConfUtils.java:logGet(46)) - raft.server.storage.dir = [/home/runner/work/ratis/ratis/ratis-examples/target/test/data/937c4279/MiniRaftClusterWithNettyd4d3c057/s8] (custom)
2022-08-22 16:51:08,168 INFO  server.RaftServer$Division (RaftServerImpl.java:<init>(194)) - s7: new RaftServerImpl for group-3C7173CAAE07:[] with ArithmeticStateMachine:uninitialized
2022-08-22 16:51:08,168 INFO  server.RaftServerConfigKeys (ConfUtils.java:logGet(46)) - raft.server.rpc.timeout.min = 300ms (custom)
2022-08-22 16:51:08,168 INFO  server.RaftServerConfigKeys (ConfUtils.java:logGet(46)) - raft.server.rpc.timeout.max = 600ms (custom)
2022-08-22 16:51:08,168 INFO  server.RaftServerConfigKeys (ConfUtils.java:logGet(46)) - raft.server.rpc.sleep.time = 25ms (default)
2022-08-22 16:51:08,168 INFO  server.RaftServerConfigKeys (ConfUtils.java:logGet(46)) - raft.server.rpc.slowness.timeout = 60s (default)
2022-08-22 16:51:08,168 INFO  server.RaftServerConfigKeys (ConfUtils.java:logGet(46)) - raft.server.leaderelection.leader.step-down.wait-time = 10s (default)
2022-08-22 16:51:08,168 INFO  server.RaftServerConfigKeys (ConfUtils.java:logGet(46)) - raft.server.sleep.deviation.threshold = 300ms (default)
2022-08-22 16:51:08,168 INFO  server.RaftServer$Division (ServerState.java:<init>(118)) - s7@group-3C7173CAAE07: ConfigurationManager, init=-1: peers:[]|listeners:[], old=null, confs=<EMPTY_MAP>
2022-08-22 16:51:08,168 INFO  server.RaftServerConfigKeys (ConfUtils.java:logGet(46)) - raft.server.storage.dir = [/home/runner/work/ratis/ratis/ratis-examples/target/test/data/937c4279/MiniRaftClusterWithNettyd4d3c057/s7] (custom)
2022-08-22 16:51:08,169 INFO  server.RaftServerConfigKeys (ConfUtils.java:logGet(46)) - raft.server.log.corruption.policy = EXCEPTION (default)
2022-08-22 16:51:08,169 INFO  server.RaftServerConfigKeys (ConfUtils.java:logGet(46)) - raft.server.storage.free-space.min = 0MB (=0) (default)
2022-08-22 16:51:08,169 INFO  server.RaftServerConfigKeys (ConfUtils.java:logGet(46)) - raft.server.notification.no-leader.timeout = 60s (default)
2022-08-22 16:51:08,169 INFO  server.RaftServerConfigKeys (ConfUtils.java:logGet(46)) - raft.server.retrycache.expirytime = 60s (default)
2022-08-22 16:51:08,169 INFO  server.RaftServerConfigKeys (ConfUtils.java:logGet(46)) - raft.server.retrycache.statistics.expirytime = 100μs (default)
2022-08-22 16:51:08,169 INFO  server.RaftServerConfigKeys (ConfUtils.java:logGet(46)) - raft.server.log.appender.install.snapshot.enabled = true (default)
2022-08-22 16:51:08,169 INFO  server.RaftServerConfigKeys (ConfUtils.java:logGet(46)) - raft.server.threadpool.server.cached = true (default)
2022-08-22 16:51:08,169 INFO  server.RaftServerConfigKeys (ConfUtils.java:logGet(46)) - raft.server.threadpool.server.size = 0 (default)
2022-08-22 16:51:08,169 INFO  server.RaftServerConfigKeys (ConfUtils.java:logGet(46)) - raft.server.threadpool.client.cached = true (default)
2022-08-22 16:51:08,169 INFO  server.RaftServerConfigKeys (ConfUtils.java:logGet(46)) - raft.server.threadpool.client.size = 0 (default)
2022-08-22 16:51:08,170 INFO  server.RaftServer (RaftServerProxy.java:addNew(96)) - s8: addNew group-3C7173CAAE07:[] returns group-3C7173CAAE07:java.util.concurrent.CompletableFuture@64c161b7[Not completed]
2022-08-22 16:51:08,170 INFO  impl.MiniRaftCluster (MiniRaftCluster.java:newRaftServer(379)) - newRaftServer: s9, group-3C7173CAAE07:[], format? true
2022-08-22 16:51:08,170 TRACE util.FileUtils (FileUtils.java:deleteFully(162)) - deleteFully target/test/data/937c4279/MiniRaftClusterWithNettyd4d3c057/s9
2022-08-22 16:51:08,170 TRACE util.FileUtils (FileUtils.java:deleteFully(178)) - deleteFully: target/test/data/937c4279/MiniRaftClusterWithNettyd4d3c057/s9 does not exist.
2022-08-22 16:51:08,170 INFO  impl.MiniRaftCluster (MiniRaftCluster.java:newRaftServer(384)) - Formatted directory target/test/data/937c4279/MiniRaftClusterWithNettyd4d3c057/s9
2022-08-22 16:51:08,170 INFO  server.RaftServer (ConfUtils.java:logGet(46)) - raft.rpc.type = NETTY (custom)
2022-08-22 16:51:08,171 INFO  netty.NettyConfigKeys$Server (ConfUtils.java:logGet(46)) - raft.netty.server.host = null (default)
2022-08-22 16:51:08,171 INFO  netty.NettyConfigKeys$Server (ConfUtils.java:logGet(46)) - raft.netty.server.port = 40607 (custom)
2022-08-22 16:51:08,171 INFO  impl.DataStreamServerImpl (ConfUtils.java:logGet(46)) - raft.datastream.type = DISABLED (default)
2022-08-22 16:51:08,171 INFO  server.RaftServerConfigKeys (ConfUtils.java:logGet(46)) - raft.server.threadpool.proxy.cached = true (default)
2022-08-22 16:51:08,171 INFO  server.RaftServerConfigKeys (ConfUtils.java:logGet(46)) - raft.server.threadpool.proxy.size = 0 (default)
2022-08-22 16:51:08,171 INFO  server.RaftServerConfigKeys (ConfUtils.java:logGet(46)) - raft.server.rpc.slowness.timeout = 60s (default)
2022-08-22 16:51:08,171 INFO  server.RaftServerConfigKeys (ConfUtils.java:logGet(46)) - raft.server.leaderelection.leader.step-down.wait-time = 10s (default)
2022-08-22 16:51:08,171 INFO  server.RaftServerConfigKeys (ConfUtils.java:logGet(46)) - raft.server.storage.dir = [/home/runner/work/ratis/ratis/ratis-examples/target/test/data/937c4279/MiniRaftClusterWithNettyd4d3c057/s9] (custom)
2022-08-22 16:51:08,193 INFO  server.RaftServer$Division (RaftServerImpl.java:<init>(194)) - s8: new RaftServerImpl for group-3C7173CAAE07:[] with ArithmeticStateMachine:uninitialized
2022-08-22 16:51:08,194 INFO  server.RaftServerConfigKeys (ConfUtils.java:logGet(46)) - raft.server.rpc.timeout.min = 300ms (custom)
2022-08-22 16:51:08,194 INFO  server.RaftServerConfigKeys (ConfUtils.java:logGet(46)) - raft.server.rpc.timeout.max = 600ms (custom)
2022-08-22 16:51:08,194 INFO  server.RaftServerConfigKeys (ConfUtils.java:logGet(46)) - raft.server.rpc.sleep.time = 25ms (default)
2022-08-22 16:51:08,194 INFO  server.RaftServerConfigKeys (ConfUtils.java:logGet(46)) - raft.server.rpc.slowness.timeout = 60s (default)
2022-08-22 16:51:08,194 INFO  server.RaftServerConfigKeys (ConfUtils.java:logGet(46)) - raft.server.leaderelection.leader.step-down.wait-time = 10s (default)
2022-08-22 16:51:08,194 INFO  server.RaftServerConfigKeys (ConfUtils.java:logGet(46)) - raft.server.sleep.deviation.threshold = 300ms (default)
2022-08-22 16:51:08,194 INFO  server.RaftServer$Division (ServerState.java:<init>(118)) - s8@group-3C7173CAAE07: ConfigurationManager, init=-1: peers:[]|listeners:[], old=null, confs=<EMPTY_MAP>
2022-08-22 16:51:08,194 INFO  server.RaftServerConfigKeys (ConfUtils.java:logGet(46)) - raft.server.storage.dir = [/home/runner/work/ratis/ratis/ratis-examples/target/test/data/937c4279/MiniRaftClusterWithNettyd4d3c057/s8] (custom)
2022-08-22 16:51:08,194 INFO  server.RaftServerConfigKeys (ConfUtils.java:logGet(46)) - raft.server.log.corruption.policy = EXCEPTION (default)
2022-08-22 16:51:08,194 INFO  server.RaftServerConfigKeys (ConfUtils.java:logGet(46)) - raft.server.storage.free-space.min = 0MB (=0) (default)
2022-08-22 16:51:08,194 INFO  server.RaftServerConfigKeys (ConfUtils.java:logGet(46)) - raft.server.notification.no-leader.timeout = 60s (default)
2022-08-22 16:51:08,194 INFO  server.RaftServerConfigKeys (ConfUtils.java:logGet(46)) - raft.server.retrycache.expirytime = 60s (default)
2022-08-22 16:51:08,194 INFO  server.RaftServerConfigKeys (ConfUtils.java:logGet(46)) - raft.server.retrycache.statistics.expirytime = 100μs (default)
2022-08-22 16:51:08,195 INFO  server.RaftServerConfigKeys (ConfUtils.java:logGet(46)) - raft.server.log.appender.install.snapshot.enabled = true (default)
2022-08-22 16:51:08,195 INFO  server.RaftServerConfigKeys (ConfUtils.java:logGet(46)) - raft.server.threadpool.server.cached = true (default)
2022-08-22 16:51:08,195 INFO  server.RaftServerConfigKeys (ConfUtils.java:logGet(46)) - raft.server.threadpool.server.size = 0 (default)
2022-08-22 16:51:08,195 INFO  server.RaftServerConfigKeys (ConfUtils.java:logGet(46)) - raft.server.threadpool.client.cached = true (default)
2022-08-22 16:51:08,195 INFO  server.RaftServerConfigKeys (ConfUtils.java:logGet(46)) - raft.server.threadpool.client.size = 0 (default)
2022-08-22 16:51:08,195 INFO  server.RaftServer (RaftServerProxy.java:addNew(96)) - s9: addNew group-3C7173CAAE07:[] returns group-3C7173CAAE07:java.util.concurrent.CompletableFuture@2a985d7e[Not completed]
2022-08-22 16:51:08,195 INFO  impl.MiniRaftCluster (MiniRaftCluster.java:newRaftServer(379)) - newRaftServer: s10, group-3C7173CAAE07:[], format? true
2022-08-22 16:51:08,195 TRACE util.FileUtils (FileUtils.java:deleteFully(162)) - deleteFully target/test/data/937c4279/MiniRaftClusterWithNettyd4d3c057/s10
2022-08-22 16:51:08,195 TRACE util.FileUtils (FileUtils.java:deleteFully(178)) - deleteFully: target/test/data/937c4279/MiniRaftClusterWithNettyd4d3c057/s10 does not exist.
2022-08-22 16:51:08,195 INFO  impl.MiniRaftCluster (MiniRaftCluster.java:newRaftServer(384)) - Formatted directory target/test/data/937c4279/MiniRaftClusterWithNettyd4d3c057/s10
2022-08-22 16:51:08,196 INFO  server.RaftServer (ConfUtils.java:logGet(46)) - raft.rpc.type = NETTY (custom)
2022-08-22 16:51:08,196 INFO  netty.NettyConfigKeys$Server (ConfUtils.java:logGet(46)) - raft.netty.server.host = null (default)
2022-08-22 16:51:08,196 INFO  netty.NettyConfigKeys$Server (ConfUtils.java:logGet(46)) - raft.netty.server.port = 45121 (custom)
2022-08-22 16:51:08,196 INFO  impl.DataStreamServerImpl (ConfUtils.java:logGet(46)) - raft.datastream.type = DISABLED (default)
2022-08-22 16:51:08,196 INFO  server.RaftServerConfigKeys (ConfUtils.java:logGet(46)) - raft.server.threadpool.proxy.cached = true (default)
2022-08-22 16:51:08,196 INFO  server.RaftServerConfigKeys (ConfUtils.java:logGet(46)) - raft.server.threadpool.proxy.size = 0 (default)
2022-08-22 16:51:08,196 INFO  server.RaftServerConfigKeys (ConfUtils.java:logGet(46)) - raft.server.rpc.slowness.timeout = 60s (default)
2022-08-22 16:51:08,196 INFO  server.RaftServerConfigKeys (ConfUtils.java:logGet(46)) - raft.server.leaderelection.leader.step-down.wait-time = 10s (default)
2022-08-22 16:51:08,196 INFO  server.RaftServerConfigKeys (ConfUtils.java:logGet(46)) - raft.server.storage.dir = [/home/runner/work/ratis/ratis/ratis-examples/target/test/data/937c4279/MiniRaftClusterWithNettyd4d3c057/s10] (custom)
2022-08-22 16:51:08,197 INFO  server.RaftServer$Division (RaftServerImpl.java:<init>(194)) - s9: new RaftServerImpl for group-3C7173CAAE07:[] with ArithmeticStateMachine:uninitialized
2022-08-22 16:51:08,197 INFO  server.RaftServerConfigKeys (ConfUtils.java:logGet(46)) - raft.server.rpc.timeout.min = 300ms (custom)
2022-08-22 16:51:08,197 INFO  server.RaftServerConfigKeys (ConfUtils.java:logGet(46)) - raft.server.rpc.timeout.max = 600ms (custom)
2022-08-22 16:51:08,197 INFO  server.RaftServerConfigKeys (ConfUtils.java:logGet(46)) - raft.server.rpc.sleep.time = 25ms (default)
2022-08-22 16:51:08,197 INFO  server.RaftServerConfigKeys (ConfUtils.java:logGet(46)) - raft.server.rpc.slowness.timeout = 60s (default)
2022-08-22 16:51:08,197 INFO  server.RaftServerConfigKeys (ConfUtils.java:logGet(46)) - raft.server.leaderelection.leader.step-down.wait-time = 10s (default)
2022-08-22 16:51:08,197 INFO  server.RaftServerConfigKeys (ConfUtils.java:logGet(46)) - raft.server.sleep.deviation.threshold = 300ms (default)
2022-08-22 16:51:08,197 INFO  server.RaftServer$Division (ServerState.java:<init>(118)) - s9@group-3C7173CAAE07: ConfigurationManager, init=-1: peers:[]|listeners:[], old=null, confs=<EMPTY_MAP>
2022-08-22 16:51:08,197 INFO  server.RaftServerConfigKeys (ConfUtils.java:logGet(46)) - raft.server.storage.dir = [/home/runner/work/ratis/ratis/ratis-examples/target/test/data/937c4279/MiniRaftClusterWithNettyd4d3c057/s9] (custom)
2022-08-22 16:51:08,198 INFO  server.RaftServerConfigKeys (ConfUtils.java:logGet(46)) - raft.server.log.corruption.policy = EXCEPTION (default)
2022-08-22 16:51:08,198 INFO  server.RaftServerConfigKeys (ConfUtils.java:logGet(46)) - raft.server.storage.free-space.min = 0MB (=0) (default)
2022-08-22 16:51:08,198 INFO  server.RaftServerConfigKeys (ConfUtils.java:logGet(46)) - raft.server.notification.no-leader.timeout = 60s (default)
2022-08-22 16:51:08,198 INFO  server.RaftServerConfigKeys (ConfUtils.java:logGet(46)) - raft.server.retrycache.expirytime = 60s (default)
2022-08-22 16:51:08,198 INFO  server.RaftServerConfigKeys (ConfUtils.java:logGet(46)) - raft.server.retrycache.statistics.expirytime = 100μs (default)
2022-08-22 16:51:08,198 INFO  server.RaftServerConfigKeys (ConfUtils.java:logGet(46)) - raft.server.log.appender.install.snapshot.enabled = true (default)
2022-08-22 16:51:08,198 INFO  server.RaftServerConfigKeys (ConfUtils.java:logGet(46)) - raft.server.threadpool.server.cached = true (default)
2022-08-22 16:51:08,198 INFO  server.RaftServerConfigKeys (ConfUtils.java:logGet(46)) - raft.server.threadpool.server.size = 0 (default)
2022-08-22 16:51:08,198 INFO  server.RaftServerConfigKeys (ConfUtils.java:logGet(46)) - raft.server.threadpool.client.cached = true (default)
2022-08-22 16:51:08,198 INFO  server.RaftServerConfigKeys (ConfUtils.java:logGet(46)) - raft.server.threadpool.client.size = 0 (default)
2022-08-22 16:51:08,199 INFO  server.RaftServer (RaftServerProxy.java:addNew(96)) - s10: addNew group-3C7173CAAE07:[] returns group-3C7173CAAE07:java.util.concurrent.CompletableFuture@b32c735[Not completed]
2022-08-22 16:51:08,199 INFO  impl.MiniRaftCluster (MiniRaftCluster.java:newRaftServer(379)) - newRaftServer: s11, group-3C7173CAAE07:[], format? true
2022-08-22 16:51:08,199 TRACE util.FileUtils (FileUtils.java:deleteFully(162)) - deleteFully target/test/data/937c4279/MiniRaftClusterWithNettyd4d3c057/s11
2022-08-22 16:51:08,199 TRACE util.FileUtils (FileUtils.java:deleteFully(178)) - deleteFully: target/test/data/937c4279/MiniRaftClusterWithNettyd4d3c057/s11 does not exist.
2022-08-22 16:51:08,199 INFO  impl.MiniRaftCluster (MiniRaftCluster.java:newRaftServer(384)) - Formatted directory target/test/data/937c4279/MiniRaftClusterWithNettyd4d3c057/s11
2022-08-22 16:51:08,199 INFO  server.RaftServer (ConfUtils.java:logGet(46)) - raft.rpc.type = NETTY (custom)
2022-08-22 16:51:08,200 INFO  netty.NettyConfigKeys$Server (ConfUtils.java:logGet(46)) - raft.netty.server.host = null (default)
2022-08-22 16:51:08,200 INFO  netty.NettyConfigKeys$Server (ConfUtils.java:logGet(46)) - raft.netty.server.port = 46071 (custom)
2022-08-22 16:51:08,200 INFO  server.RaftServer$Division (RaftServerImpl.java:<init>(194)) - s10: new RaftServerImpl for group-3C7173CAAE07:[] with ArithmeticStateMachine:uninitialized
2022-08-22 16:51:08,200 INFO  impl.DataStreamServerImpl (ConfUtils.java:logGet(46)) - raft.datastream.type = DISABLED (default)
2022-08-22 16:51:08,200 INFO  server.RaftServerConfigKeys (ConfUtils.java:logGet(46)) - raft.server.threadpool.proxy.cached = true (default)
2022-08-22 16:51:08,200 INFO  server.RaftServerConfigKeys (ConfUtils.java:logGet(46)) - raft.server.threadpool.proxy.size = 0 (default)
2022-08-22 16:51:08,200 INFO  server.RaftServerConfigKeys (ConfUtils.java:logGet(46)) - raft.server.rpc.slowness.timeout = 60s (default)
2022-08-22 16:51:08,200 INFO  server.RaftServerConfigKeys (ConfUtils.java:logGet(46)) - raft.server.leaderelection.leader.step-down.wait-time = 10s (default)
2022-08-22 16:51:08,200 INFO  server.RaftServerConfigKeys (ConfUtils.java:logGet(46)) - raft.server.storage.dir = [/home/runner/work/ratis/ratis/ratis-examples/target/test/data/937c4279/MiniRaftClusterWithNettyd4d3c057/s11] (custom)
2022-08-22 16:51:08,201 INFO  server.RaftServer (RaftServerProxy.java:addNew(96)) - s11: addNew group-3C7173CAAE07:[] returns group-3C7173CAAE07:java.util.concurrent.CompletableFuture@28793458[Not completed]
2022-08-22 16:51:08,201 INFO  impl.MiniRaftCluster (MiniRaftCluster.java:newRaftServer(379)) - newRaftServer: s12, group-3C7173CAAE07:[], format? true
2022-08-22 16:51:08,201 TRACE util.FileUtils (FileUtils.java:deleteFully(162)) - deleteFully target/test/data/937c4279/MiniRaftClusterWithNettyd4d3c057/s12
2022-08-22 16:51:08,201 TRACE util.FileUtils (FileUtils.java:deleteFully(178)) - deleteFully: target/test/data/937c4279/MiniRaftClusterWithNettyd4d3c057/s12 does not exist.
2022-08-22 16:51:08,201 INFO  impl.MiniRaftCluster (MiniRaftCluster.java:newRaftServer(384)) - Formatted directory target/test/data/937c4279/MiniRaftClusterWithNettyd4d3c057/s12
2022-08-22 16:51:08,201 INFO  server.RaftServer$Division (RaftServerImpl.java:<init>(194)) - s11: new RaftServerImpl for group-3C7173CAAE07:[] with ArithmeticStateMachine:uninitialized
2022-08-22 16:51:08,201 INFO  server.RaftServerConfigKeys (ConfUtils.java:logGet(46)) - raft.server.rpc.timeout.min = 300ms (custom)
2022-08-22 16:51:08,201 INFO  server.RaftServerConfigKeys (ConfUtils.java:logGet(46)) - raft.server.rpc.timeout.max = 600ms (custom)
2022-08-22 16:51:08,201 INFO  server.RaftServerConfigKeys (ConfUtils.java:logGet(46)) - raft.server.rpc.sleep.time = 25ms (default)
2022-08-22 16:51:08,201 INFO  server.RaftServerConfigKeys (ConfUtils.java:logGet(46)) - raft.server.rpc.slowness.timeout = 60s (default)
2022-08-22 16:51:08,201 INFO  server.RaftServerConfigKeys (ConfUtils.java:logGet(46)) - raft.server.leaderelection.leader.step-down.wait-time = 10s (default)
2022-08-22 16:51:08,201 INFO  server.RaftServer (ConfUtils.java:logGet(46)) - raft.rpc.type = NETTY (custom)
2022-08-22 16:51:08,201 INFO  server.RaftServerConfigKeys (ConfUtils.java:logGet(46)) - raft.server.sleep.deviation.threshold = 300ms (default)
2022-08-22 16:51:08,201 INFO  server.RaftServer$Division (ServerState.java:<init>(118)) - s11@group-3C7173CAAE07: ConfigurationManager, init=-1: peers:[]|listeners:[], old=null, confs=<EMPTY_MAP>
2022-08-22 16:51:08,201 INFO  server.RaftServerConfigKeys (ConfUtils.java:logGet(46)) - raft.server.storage.dir = [/home/runner/work/ratis/ratis/ratis-examples/target/test/data/937c4279/MiniRaftClusterWithNettyd4d3c057/s11] (custom)
2022-08-22 16:51:08,201 INFO  server.RaftServerConfigKeys (ConfUtils.java:logGet(46)) - raft.server.log.corruption.policy = EXCEPTION (default)
2022-08-22 16:51:08,201 INFO  server.RaftServerConfigKeys (ConfUtils.java:logGet(46)) - raft.server.storage.free-space.min = 0MB (=0) (default)
2022-08-22 16:51:08,201 INFO  server.RaftServerConfigKeys (ConfUtils.java:logGet(46)) - raft.server.notification.no-leader.timeout = 60s (default)
2022-08-22 16:51:08,202 INFO  server.RaftServerConfigKeys (ConfUtils.java:logGet(46)) - raft.server.retrycache.expirytime = 60s (default)
2022-08-22 16:51:08,202 INFO  server.RaftServerConfigKeys (ConfUtils.java:logGet(46)) - raft.server.retrycache.statistics.expirytime = 100μs (default)
2022-08-22 16:51:08,202 INFO  netty.NettyConfigKeys$Server (ConfUtils.java:logGet(46)) - raft.netty.server.host = null (default)
2022-08-22 16:51:08,202 INFO  netty.NettyConfigKeys$Server (ConfUtils.java:logGet(46)) - raft.netty.server.port = 40741 (custom)
2022-08-22 16:51:08,202 INFO  impl.DataStreamServerImpl (ConfUtils.java:logGet(46)) - raft.datastream.type = DISABLED (default)
2022-08-22 16:51:08,202 INFO  server.RaftServerConfigKeys (ConfUtils.java:logGet(46)) - raft.server.threadpool.proxy.cached = true (default)
2022-08-22 16:51:08,202 INFO  server.RaftServerConfigKeys (ConfUtils.java:logGet(46)) - raft.server.threadpool.proxy.size = 0 (default)
2022-08-22 16:51:08,202 INFO  server.RaftServerConfigKeys (ConfUtils.java:logGet(46)) - raft.server.rpc.slowness.timeout = 60s (default)
2022-08-22 16:51:08,202 INFO  server.RaftServerConfigKeys (ConfUtils.java:logGet(46)) - raft.server.leaderelection.leader.step-down.wait-time = 10s (default)
2022-08-22 16:51:08,202 INFO  server.RaftServerConfigKeys (ConfUtils.java:logGet(46)) - raft.server.storage.dir = [/home/runner/work/ratis/ratis/ratis-examples/target/test/data/937c4279/MiniRaftClusterWithNettyd4d3c057/s12] (custom)
2022-08-22 16:51:08,204 INFO  server.RaftServerConfigKeys (ConfUtils.java:logGet(46)) - raft.server.rpc.timeout.min = 300ms (custom)
2022-08-22 16:51:08,204 INFO  server.RaftServerConfigKeys (ConfUtils.java:logGet(46)) - raft.server.rpc.timeout.max = 600ms (custom)
2022-08-22 16:51:08,204 INFO  server.RaftServerConfigKeys (ConfUtils.java:logGet(46)) - raft.server.rpc.sleep.time = 25ms (default)
2022-08-22 16:51:08,204 INFO  server.RaftServerConfigKeys (ConfUtils.java:logGet(46)) - raft.server.rpc.slowness.timeout = 60s (default)
2022-08-22 16:51:08,204 INFO  server.RaftServerConfigKeys (ConfUtils.java:logGet(46)) - raft.server.leaderelection.leader.step-down.wait-time = 10s (default)
2022-08-22 16:51:08,204 INFO  server.RaftServerConfigKeys (ConfUtils.java:logGet(46)) - raft.server.sleep.deviation.threshold = 300ms (default)
2022-08-22 16:51:08,204 INFO  server.RaftServer$Division (ServerState.java:<init>(118)) - s10@group-3C7173CAAE07: ConfigurationManager, init=-1: peers:[]|listeners:[], old=null, confs=<EMPTY_MAP>
2022-08-22 16:51:08,204 INFO  server.RaftServerConfigKeys (ConfUtils.java:logGet(46)) - raft.server.storage.dir = [/home/runner/work/ratis/ratis/ratis-examples/target/test/data/937c4279/MiniRaftClusterWithNettyd4d3c057/s10] (custom)
2022-08-22 16:51:08,204 INFO  server.RaftServerConfigKeys (ConfUtils.java:logGet(46)) - raft.server.log.corruption.policy = EXCEPTION (default)
2022-08-22 16:51:08,204 INFO  server.RaftServerConfigKeys (ConfUtils.java:logGet(46)) - raft.server.storage.free-space.min = 0MB (=0) (default)
2022-08-22 16:51:08,204 INFO  server.RaftServerConfigKeys (ConfUtils.java:logGet(46)) - raft.server.notification.no-leader.timeout = 60s (default)
2022-08-22 16:51:08,204 INFO  server.RaftServerConfigKeys (ConfUtils.java:logGet(46)) - raft.server.retrycache.expirytime = 60s (default)
2022-08-22 16:51:08,204 INFO  server.RaftServerConfigKeys (ConfUtils.java:logGet(46)) - raft.server.retrycache.statistics.expirytime = 100μs (default)
2022-08-22 16:51:08,205 INFO  server.RaftServerConfigKeys (ConfUtils.java:logGet(46)) - raft.server.log.appender.install.snapshot.enabled = true (default)
2022-08-22 16:51:08,205 INFO  server.RaftServerConfigKeys (ConfUtils.java:logGet(46)) - raft.server.threadpool.server.cached = true (default)
2022-08-22 16:51:08,205 INFO  server.RaftServerConfigKeys (ConfUtils.java:logGet(46)) - raft.server.threadpool.server.size = 0 (default)
2022-08-22 16:51:08,205 INFO  server.RaftServerConfigKeys (ConfUtils.java:logGet(46)) - raft.server.threadpool.client.cached = true (default)
2022-08-22 16:51:08,205 INFO  server.RaftServerConfigKeys (ConfUtils.java:logGet(46)) - raft.server.threadpool.client.size = 0 (default)
2022-08-22 16:51:08,204 INFO  server.RaftServerConfigKeys (ConfUtils.java:logGet(46)) - raft.server.log.appender.install.snapshot.enabled = true (default)
2022-08-22 16:51:08,205 INFO  server.RaftServerConfigKeys (ConfUtils.java:logGet(46)) - raft.server.threadpool.server.cached = true (default)
2022-08-22 16:51:08,205 INFO  server.RaftServerConfigKeys (ConfUtils.java:logGet(46)) - raft.server.threadpool.server.size = 0 (default)
2022-08-22 16:51:08,205 INFO  server.RaftServerConfigKeys (ConfUtils.java:logGet(46)) - raft.server.threadpool.client.cached = true (default)
2022-08-22 16:51:08,205 INFO  server.RaftServerConfigKeys (ConfUtils.java:logGet(46)) - raft.server.threadpool.client.size = 0 (default)
2022-08-22 16:51:08,205 INFO  server.RaftServer (RaftServerProxy.java:addNew(96)) - s12: addNew group-3C7173CAAE07:[] returns group-3C7173CAAE07:java.util.concurrent.CompletableFuture@33e1dd53[Not completed]
2022-08-22 16:51:08,205 INFO  impl.MiniRaftCluster (MiniRaftCluster.java:newRaftServer(379)) - newRaftServer: s13, group-3C7173CAAE07:[], format? true
2022-08-22 16:51:08,206 TRACE util.FileUtils (FileUtils.java:deleteFully(162)) - deleteFully target/test/data/937c4279/MiniRaftClusterWithNettyd4d3c057/s13
2022-08-22 16:51:08,206 TRACE util.FileUtils (FileUtils.java:deleteFully(178)) - deleteFully: target/test/data/937c4279/MiniRaftClusterWithNettyd4d3c057/s13 does not exist.
2022-08-22 16:51:08,206 INFO  impl.MiniRaftCluster (MiniRaftCluster.java:newRaftServer(384)) - Formatted directory target/test/data/937c4279/MiniRaftClusterWithNettyd4d3c057/s13
2022-08-22 16:51:08,206 INFO  server.RaftServer (ConfUtils.java:logGet(46)) - raft.rpc.type = NETTY (custom)
2022-08-22 16:51:08,206 INFO  server.RaftServer$Division (RaftServerImpl.java:<init>(194)) - s12: new RaftServerImpl for group-3C7173CAAE07:[] with ArithmeticStateMachine:uninitialized
2022-08-22 16:51:08,206 INFO  server.RaftServerConfigKeys (ConfUtils.java:logGet(46)) - raft.server.rpc.timeout.min = 300ms (custom)
2022-08-22 16:51:08,206 INFO  server.RaftServerConfigKeys (ConfUtils.java:logGet(46)) - raft.server.rpc.timeout.max = 600ms (custom)
2022-08-22 16:51:08,206 INFO  server.RaftServerConfigKeys (ConfUtils.java:logGet(46)) - raft.server.rpc.sleep.time = 25ms (default)
2022-08-22 16:51:08,206 INFO  server.RaftServerConfigKeys (ConfUtils.java:logGet(46)) - raft.server.rpc.slowness.timeout = 60s (default)
2022-08-22 16:51:08,206 INFO  server.RaftServerConfigKeys (ConfUtils.java:logGet(46)) - raft.server.leaderelection.leader.step-down.wait-time = 10s (default)
2022-08-22 16:51:08,206 INFO  netty.NettyConfigKeys$Server (ConfUtils.java:logGet(46)) - raft.netty.server.host = null (default)
2022-08-22 16:51:08,206 INFO  server.RaftServerConfigKeys (ConfUtils.java:logGet(46)) - raft.server.sleep.deviation.threshold = 300ms (default)
2022-08-22 16:51:08,206 INFO  netty.NettyConfigKeys$Server (ConfUtils.java:logGet(46)) - raft.netty.server.port = 42193 (custom)
2022-08-22 16:51:08,206 INFO  server.RaftServer$Division (ServerState.java:<init>(118)) - s12@group-3C7173CAAE07: ConfigurationManager, init=-1: peers:[]|listeners:[], old=null, confs=<EMPTY_MAP>
2022-08-22 16:51:08,206 INFO  server.RaftServerConfigKeys (ConfUtils.java:logGet(46)) - raft.server.storage.dir = [/home/runner/work/ratis/ratis/ratis-examples/target/test/data/937c4279/MiniRaftClusterWithNettyd4d3c057/s12] (custom)
2022-08-22 16:51:08,206 INFO  impl.DataStreamServerImpl (ConfUtils.java:logGet(46)) - raft.datastream.type = DISABLED (default)
2022-08-22 16:51:08,207 INFO  server.RaftServerConfigKeys (ConfUtils.java:logGet(46)) - raft.server.threadpool.proxy.cached = true (default)
2022-08-22 16:51:08,207 INFO  server.RaftServerConfigKeys (ConfUtils.java:logGet(46)) - raft.server.threadpool.proxy.size = 0 (default)
2022-08-22 16:51:08,207 INFO  server.RaftServerConfigKeys (ConfUtils.java:logGet(46)) - raft.server.rpc.slowness.timeout = 60s (default)
2022-08-22 16:51:08,207 INFO  server.RaftServerConfigKeys (ConfUtils.java:logGet(46)) - raft.server.leaderelection.leader.step-down.wait-time = 10s (default)
2022-08-22 16:51:08,207 INFO  server.RaftServerConfigKeys (ConfUtils.java:logGet(46)) - raft.server.storage.dir = [/home/runner/work/ratis/ratis/ratis-examples/target/test/data/937c4279/MiniRaftClusterWithNettyd4d3c057/s13] (custom)
2022-08-22 16:51:08,206 INFO  server.RaftServerConfigKeys (ConfUtils.java:logGet(46)) - raft.server.log.corruption.policy = EXCEPTION (default)
2022-08-22 16:51:08,207 INFO  server.RaftServer (RaftServerProxy.java:addNew(96)) - s13: addNew group-3C7173CAAE07:[] returns group-3C7173CAAE07:java.util.concurrent.CompletableFuture@62dc3ca0[Not completed]
2022-08-22 16:51:08,207 INFO  impl.MiniRaftCluster (MiniRaftCluster.java:newRaftServer(379)) - newRaftServer: s14, group-3C7173CAAE07:[], format? true
2022-08-22 16:51:08,207 TRACE util.FileUtils (FileUtils.java:deleteFully(162)) - deleteFully target/test/data/937c4279/MiniRaftClusterWithNettyd4d3c057/s14
2022-08-22 16:51:08,207 TRACE util.FileUtils (FileUtils.java:deleteFully(178)) - deleteFully: target/test/data/937c4279/MiniRaftClusterWithNettyd4d3c057/s14 does not exist.
2022-08-22 16:51:08,207 INFO  impl.MiniRaftCluster (MiniRaftCluster.java:newRaftServer(384)) - Formatted directory target/test/data/937c4279/MiniRaftClusterWithNettyd4d3c057/s14
2022-08-22 16:51:08,208 INFO  server.RaftServer (ConfUtils.java:logGet(46)) - raft.rpc.type = NETTY (custom)
2022-08-22 16:51:08,208 INFO  netty.NettyConfigKeys$Server (ConfUtils.java:logGet(46)) - raft.netty.server.host = null (default)
2022-08-22 16:51:08,208 INFO  netty.NettyConfigKeys$Server (ConfUtils.java:logGet(46)) - raft.netty.server.port = 45103 (custom)
2022-08-22 16:51:08,208 INFO  impl.DataStreamServerImpl (ConfUtils.java:logGet(46)) - raft.datastream.type = DISABLED (default)
2022-08-22 16:51:08,208 INFO  server.RaftServer$Division (RaftServerImpl.java:<init>(194)) - s13: new RaftServerImpl for group-3C7173CAAE07:[] with ArithmeticStateMachine:uninitialized
2022-08-22 16:51:08,208 INFO  server.RaftServerConfigKeys (ConfUtils.java:logGet(46)) - raft.server.rpc.timeout.min = 300ms (custom)
2022-08-22 16:51:08,208 INFO  server.RaftServerConfigKeys (ConfUtils.java:logGet(46)) - raft.server.storage.free-space.min = 0MB (=0) (default)
2022-08-22 16:51:08,208 INFO  server.RaftServerConfigKeys (ConfUtils.java:logGet(46)) - raft.server.threadpool.proxy.cached = true (default)
2022-08-22 16:51:08,209 INFO  server.RaftServerConfigKeys (ConfUtils.java:logGet(46)) - raft.server.threadpool.proxy.size = 0 (default)
2022-08-22 16:51:08,209 INFO  server.RaftServerConfigKeys (ConfUtils.java:logGet(46)) - raft.server.rpc.slowness.timeout = 60s (default)
2022-08-22 16:51:08,209 INFO  server.RaftServerConfigKeys (ConfUtils.java:logGet(46)) - raft.server.leaderelection.leader.step-down.wait-time = 10s (default)
2022-08-22 16:51:08,209 INFO  server.RaftServerConfigKeys (ConfUtils.java:logGet(46)) - raft.server.storage.dir = [/home/runner/work/ratis/ratis/ratis-examples/target/test/data/937c4279/MiniRaftClusterWithNettyd4d3c057/s14] (custom)
2022-08-22 16:51:08,208 INFO  server.RaftServerConfigKeys (ConfUtils.java:logGet(46)) - raft.server.rpc.timeout.max = 600ms (custom)
2022-08-22 16:51:08,209 INFO  server.RaftServerConfigKeys (ConfUtils.java:logGet(46)) - raft.server.rpc.sleep.time = 25ms (default)
2022-08-22 16:51:08,209 INFO  server.RaftServerConfigKeys (ConfUtils.java:logGet(46)) - raft.server.rpc.slowness.timeout = 60s (default)
2022-08-22 16:51:08,209 INFO  server.RaftServerConfigKeys (ConfUtils.java:logGet(46)) - raft.server.leaderelection.leader.step-down.wait-time = 10s (default)
2022-08-22 16:51:08,209 INFO  server.RaftServerConfigKeys (ConfUtils.java:logGet(46)) - raft.server.sleep.deviation.threshold = 300ms (default)
2022-08-22 16:51:08,209 INFO  server.RaftServer$Division (ServerState.java:<init>(118)) - s13@group-3C7173CAAE07: ConfigurationManager, init=-1: peers:[]|listeners:[], old=null, confs=<EMPTY_MAP>
2022-08-22 16:51:08,210 INFO  server.RaftServerConfigKeys (ConfUtils.java:logGet(46)) - raft.server.storage.dir = [/home/runner/work/ratis/ratis/ratis-examples/target/test/data/937c4279/MiniRaftClusterWithNettyd4d3c057/s13] (custom)
2022-08-22 16:51:08,209 INFO  server.RaftServerConfigKeys (ConfUtils.java:logGet(46)) - raft.server.notification.no-leader.timeout = 60s (default)
2022-08-22 16:51:08,210 INFO  server.RaftServerConfigKeys (ConfUtils.java:logGet(46)) - raft.server.retrycache.expirytime = 60s (default)
2022-08-22 16:51:08,210 INFO  server.RaftServerConfigKeys (ConfUtils.java:logGet(46)) - raft.server.retrycache.statistics.expirytime = 100μs (default)
2022-08-22 16:51:08,210 INFO  server.RaftServerConfigKeys (ConfUtils.java:logGet(46)) - raft.server.log.appender.install.snapshot.enabled = true (default)
2022-08-22 16:51:08,210 INFO  server.RaftServerConfigKeys (ConfUtils.java:logGet(46)) - raft.server.threadpool.server.cached = true (default)
2022-08-22 16:51:08,211 INFO  server.RaftServer$Division (RaftServerImpl.java:<init>(194)) - s14: new RaftServerImpl for group-3C7173CAAE07:[] with ArithmeticStateMachine:uninitialized
2022-08-22 16:51:08,211 INFO  server.RaftServerConfigKeys (ConfUtils.java:logGet(46)) - raft.server.log.corruption.policy = EXCEPTION (default)
2022-08-22 16:51:08,211 INFO  server.RaftServerConfigKeys (ConfUtils.java:logGet(46)) - raft.server.storage.free-space.min = 0MB (=0) (default)
2022-08-22 16:51:08,210 INFO  server.RaftServer (RaftServerProxy.java:addNew(96)) - s14: addNew group-3C7173CAAE07:[] returns group-3C7173CAAE07:java.util.concurrent.CompletableFuture@3036a722[Not completed]
2022-08-22 16:51:08,211 INFO  impl.GroupManagementBaseTest (GroupManagementBaseTest.java:runMultiGroupTest(260)) - putNewServer: printing ALL groups
  s3:      NEW      null s3@group-3C7173CAAE07:t0, leader=null, voted=null, raftlog=UNINITIALIZED, conf=-1: peers:[]|listeners:[], old=null NEW
  s4:      NEW      null s4@group-3C7173CAAE07:t0, leader=null, voted=null, raftlog=UNINITIALIZED, conf=-1: peers:[]|listeners:[], old=null NEW
  s5:      NEW      null s5@group-3C7173CAAE07:t0, leader=null, voted=null, raftlog=UNINITIALIZED, conf=-1: peers:[]|listeners:[], old=null NEW
  s6:      NEW      null s6@group-3C7173CAAE07:t0, leader=null, voted=null, raftlog=UNINITIALIZED, conf=-1: peers:[]|listeners:[], old=null NEW
  s7:      NEW      null s7@group-3C7173CAAE07:t0, leader=null, voted=null, raftlog=UNINITIALIZED, conf=-1: peers:[]|listeners:[], old=null NEW
  s8:      NEW      null s8@group-3C7173CAAE07:t0, leader=null, voted=null, raftlog=UNINITIALIZED, conf=-1: peers:[]|listeners:[], old=null NEW
  s9:      NEW      null s9@group-3C7173CAAE07:t0, leader=null, voted=null, raftlog=UNINITIALIZED, conf=-1: peers:[]|listeners:[], old=null NEW
  s11:      NEW      null s11@group-3C7173CAAE07:t0, leader=null, voted=null, raftlog=UNINITIALIZED, conf=-1: peers:[]|listeners:[], old=null NEW
  s10:      NEW      null s10@group-3C7173CAAE07:t0, leader=null, voted=null, raftlog=UNINITIALIZED, conf=-1: peers:[]|listeners:[], old=null NEW
  s13:      NEW group-3C7173CAAE07:java.util.concurrent.CompletableFuture@62dc3ca0[Not completed]
  s12:      NEW group-3C7173CAAE07:java.util.concurrent.CompletableFuture@33e1dd53[Not completed]
  s14:      NEW group-3C7173CAAE07:java.util.concurrent.CompletableFuture@3036a722[Not completed]
  s0:      NEW      null s0@group-3C7173CAAE07:t0, leader=null, voted=null, raftlog=UNINITIALIZED, conf=-1: peers:[]|listeners:[], old=null NEW
  s1:      NEW      null s1@group-3C7173CAAE07:t0, leader=null, voted=null, raftlog=UNINITIALIZED, conf=-1: peers:[]|listeners:[], old=null NEW
  s2:      NEW      null s2@group-3C7173CAAE07:t0, leader=null, voted=null, raftlog=UNINITIALIZED, conf=-1: peers:[]|listeners:[], old=null NEW
2022-08-22 16:51:08,211 INFO  server.RaftServerConfigKeys (ConfUtils.java:logGet(46)) - raft.server.notification.no-leader.timeout = 60s (default)
2022-08-22 16:51:08,211 INFO  server.RaftServerConfigKeys (ConfUtils.java:logGet(46)) - raft.server.retrycache.expirytime = 60s (default)
2022-08-22 16:51:08,211 INFO  server.RaftServerConfigKeys (ConfUtils.java:logGet(46)) - raft.server.retrycache.statistics.expirytime = 100μs (default)
2022-08-22 16:51:08,212 INFO  server.RaftServerConfigKeys (ConfUtils.java:logGet(46)) - raft.server.log.appender.install.snapshot.enabled = true (default)
2022-08-22 16:51:08,212 INFO  server.RaftServerConfigKeys (ConfUtils.java:logGet(46)) - raft.server.threadpool.server.cached = true (default)
2022-08-22 16:51:08,212 INFO  server.RaftServerConfigKeys (ConfUtils.java:logGet(46)) - raft.server.threadpool.server.size = 0 (default)
2022-08-22 16:51:08,212 INFO  server.RaftServerConfigKeys (ConfUtils.java:logGet(46)) - raft.server.threadpool.client.cached = true (default)
2022-08-22 16:51:08,212 INFO  server.RaftServerConfigKeys (ConfUtils.java:logGet(46)) - raft.server.threadpool.client.size = 0 (default)
2022-08-22 16:51:08,211 INFO  server.RaftServerConfigKeys (ConfUtils.java:logGet(46)) - raft.server.rpc.timeout.min = 300ms (custom)
2022-08-22 16:51:08,212 INFO  server.RaftServerConfigKeys (ConfUtils.java:logGet(46)) - raft.server.rpc.timeout.max = 600ms (custom)
2022-08-22 16:51:08,211 INFO  server.RaftServerConfigKeys (ConfUtils.java:logGet(46)) - raft.server.threadpool.server.size = 0 (default)
2022-08-22 16:51:08,212 INFO  server.RaftServerConfigKeys (ConfUtils.java:logGet(46)) - raft.server.rpc.sleep.time = 25ms (default)
2022-08-22 16:51:08,212 INFO  server.RaftServerConfigKeys (ConfUtils.java:logGet(46)) - raft.server.rpc.slowness.timeout = 60s (default)
2022-08-22 16:51:08,212 INFO  server.RaftServerConfigKeys (ConfUtils.java:logGet(46)) - raft.server.leaderelection.leader.step-down.wait-time = 10s (default)
2022-08-22 16:51:08,212 INFO  server.RaftServerConfigKeys (ConfUtils.java:logGet(46)) - raft.server.threadpool.client.cached = true (default)
2022-08-22 16:51:08,212 INFO  server.RaftServerConfigKeys (ConfUtils.java:logGet(46)) - raft.server.sleep.deviation.threshold = 300ms (default)
2022-08-22 16:51:08,212 INFO  server.RaftServer$Division (ServerState.java:<init>(118)) - s14@group-3C7173CAAE07: ConfigurationManager, init=-1: peers:[]|listeners:[], old=null, confs=<EMPTY_MAP>
2022-08-22 16:51:08,212 INFO  server.RaftServerConfigKeys (ConfUtils.java:logGet(46)) - raft.server.storage.dir = [/home/runner/work/ratis/ratis/ratis-examples/target/test/data/937c4279/MiniRaftClusterWithNettyd4d3c057/s14] (custom)
2022-08-22 16:51:08,212 INFO  server.RaftServerConfigKeys (ConfUtils.java:logGet(46)) - raft.server.log.corruption.policy = EXCEPTION (default)
2022-08-22 16:51:08,212 INFO  server.RaftServerConfigKeys (ConfUtils.java:logGet(46)) - raft.server.storage.free-space.min = 0MB (=0) (default)
2022-08-22 16:51:08,213 INFO  server.RaftServerConfigKeys (ConfUtils.java:logGet(46)) - raft.server.notification.no-leader.timeout = 60s (default)
2022-08-22 16:51:08,213 INFO  server.RaftServerConfigKeys (ConfUtils.java:logGet(46)) - raft.server.retrycache.expirytime = 60s (default)
2022-08-22 16:51:08,213 INFO  server.RaftServerConfigKeys (ConfUtils.java:logGet(46)) - raft.server.retrycache.statistics.expirytime = 100μs (default)
2022-08-22 16:51:08,213 INFO  server.RaftServerConfigKeys (ConfUtils.java:logGet(46)) - raft.server.log.appender.install.snapshot.enabled = true (default)
2022-08-22 16:51:08,213 INFO  server.RaftServerConfigKeys (ConfUtils.java:logGet(46)) - raft.server.threadpool.server.cached = true (default)
2022-08-22 16:51:08,213 INFO  server.RaftServerConfigKeys (ConfUtils.java:logGet(46)) - raft.server.threadpool.server.size = 0 (default)
2022-08-22 16:51:08,213 INFO  server.RaftServerConfigKeys (ConfUtils.java:logGet(46)) - raft.server.threadpool.client.cached = true (default)
2022-08-22 16:51:08,213 INFO  server.RaftServerConfigKeys (ConfUtils.java:logGet(46)) - raft.server.threadpool.client.size = 0 (default)
2022-08-22 16:51:08,212 INFO  server.RaftServerConfigKeys (ConfUtils.java:logGet(46)) - raft.server.threadpool.client.size = 0 (default)
2022-08-22 16:51:09,211 INFO  impl.MiniRaftCluster (MiniRaftCluster.java:start(336)) - .............................................................. 
2022-08-22 16:51:09,212 INFO  impl.MiniRaftCluster (MiniRaftCluster.java:start(337)) - ... 
2022-08-22 16:51:09,212 INFO  impl.MiniRaftCluster (MiniRaftCluster.java:start(338)) - ...     Starting MiniRaftClusterWithNetty
2022-08-22 16:51:09,212 INFO  impl.MiniRaftCluster (MiniRaftCluster.java:start(339)) - ... 
2022-08-22 16:51:09,212 INFO  impl.MiniRaftCluster (MiniRaftCluster.java:start(340)) - .............................................................. 
2022-08-22 16:51:09,212 INFO  impl.MiniRaftCluster (MiniRaftCluster.java:initServers(315)) - servers = {s3=s3:      NEW      null s3@group-3C7173CAAE07:t0, leader=null, voted=null, raftlog=UNINITIALIZED, conf=-1: peers:[]|listeners:[], old=null NEW, s4=s4:      NEW      null s4@group-3C7173CAAE07:t0, leader=null, voted=null, raftlog=UNINITIALIZED, conf=-1: peers:[]|listeners:[], old=null NEW, s5=s5:      NEW      null s5@group-3C7173CAAE07:t0, leader=null, voted=null, raftlog=UNINITIALIZED, conf=-1: peers:[]|listeners:[], old=null NEW, s6=s6:      NEW      null s6@group-3C7173CAAE07:t0, leader=null, voted=null, raftlog=UNINITIALIZED, conf=-1: peers:[]|listeners:[], old=null NEW, s7=s7:      NEW      null s7@group-3C7173CAAE07:t0, leader=null, voted=null, raftlog=UNINITIALIZED, conf=-1: peers:[]|listeners:[], old=null NEW, s8=s8:      NEW      null s8@group-3C7173CAAE07:t0, leader=null, voted=null, raftlog=UNINITIALIZED, conf=-1: peers:[]|listeners:[], old=null NEW, s9=s9:      NEW      null s9@group-3C7173CAAE07:t0, leader=null, voted=null, raftlog=UNINITIALIZED, conf=-1: peers:[]|listeners:[], old=null NEW, s11=s11:      NEW      null s11@group-3C7173CAAE07:t0, leader=null, voted=null, raftlog=UNINITIALIZED, conf=-1: peers:[]|listeners:[], old=null NEW, s10=s10:      NEW      null s10@group-3C7173CAAE07:t0, leader=null, voted=null, raftlog=UNINITIALIZED, conf=-1: peers:[]|listeners:[], old=null NEW, s13=s13:      NEW      null s13@group-3C7173CAAE07:t0, leader=null, voted=null, raftlog=UNINITIALIZED, conf=-1: peers:[]|listeners:[], old=null NEW, s12=s12:      NEW      null s12@group-3C7173CAAE07:t0, leader=null, voted=null, raftlog=UNINITIALIZED, conf=-1: peers:[]|listeners:[], old=null NEW, s14=s14:      NEW      null s14@group-3C7173CAAE07:t0, leader=null, voted=null, raftlog=UNINITIALIZED, conf=-1: peers:[]|listeners:[], old=null NEW, s0=s0:      NEW      null s0@group-3C7173CAAE07:t0, leader=null, voted=null, raftlog=UNINITIALIZED, conf=-1: peers:[]|listeners:[], old=null NEW, s1=s1:      NEW      null s1@group-3C7173CAAE07:t0, leader=null, voted=null, raftlog=UNINITIALIZED, conf=-1: peers:[]|listeners:[], old=null NEW, s2=s2:      NEW      null s2@group-3C7173CAAE07:t0, leader=null, voted=null, raftlog=UNINITIALIZED, conf=-1: peers:[]|listeners:[], old=null NEW}
2022-08-22 16:51:09,212 INFO  storage.RaftStorageDirectory (RaftStorageDirectoryImpl.java:analyzeStorage(137)) - The storage directory /home/runner/work/ratis/ratis/ratis-examples/target/test/data/937c4279/MiniRaftClusterWithNettyd4d3c057/s3/b627d630-71ad-454a-8bb1-3c7173caae07 does not exist. Creating ...
2022-08-22 16:51:09,213 TRACE util.FileUtils (LogUtils.java:runAndLog(49)) - Successfully ran Files.createDirectories /home/runner/work/ratis/ratis/ratis-examples/target/test/data/937c4279/MiniRaftClusterWithNettyd4d3c057/s3/b627d630-71ad-454a-8bb1-3c7173caae07
2022-08-22 16:51:09,221 INFO  storage.RaftStorageDirectory (RaftStorageDirectoryImpl.java:tryLock(231)) - Lock on /home/runner/work/ratis/ratis/ratis-examples/target/test/data/937c4279/MiniRaftClusterWithNettyd4d3c057/s3/b627d630-71ad-454a-8bb1-3c7173caae07/in_use.lock acquired by nodename 14926@fv-az83-922
2022-08-22 16:51:09,221 TRACE util.FileUtils (LogUtils.java:runAndLog(49)) - Successfully ran Files.createDirectories /home/runner/work/ratis/ratis/ratis-examples/target/test/data/937c4279/MiniRaftClusterWithNettyd4d3c057/s3/b627d630-71ad-454a-8bb1-3c7173caae07/current
2022-08-22 16:51:09,221 TRACE util.FileUtils (LogUtils.java:runAndLog(49)) - Successfully ran Files.createDirectories /home/runner/work/ratis/ratis/ratis-examples/target/test/data/937c4279/MiniRaftClusterWithNettyd4d3c057/s3/b627d630-71ad-454a-8bb1-3c7173caae07/sm
2022-08-22 16:51:09,230 INFO  storage.RaftStorage (RaftStorageImpl.java:format(96)) - Storage directory /home/runner/work/ratis/ratis/ratis-examples/target/test/data/937c4279/MiniRaftClusterWithNettyd4d3c057/s3/b627d630-71ad-454a-8bb1-3c7173caae07 has been successfully formatted.
2022-08-22 16:51:09,230 WARN  statemachine.StateMachine (ArithmeticStateMachine.java:load(114)) - The snapshot info is null.
2022-08-22 16:51:09,230 INFO  server.RaftServerConfigKeys (ConfUtils.java:logGet(46)) - raft.server.log.use.memory = false (default)
2022-08-22 16:51:09,230 INFO  server.RaftServerConfigKeys (ConfUtils.java:logGet(46)) - raft.server.log.purge.gap = 1024 (default)
2022-08-22 16:51:09,230 INFO  server.RaftServerConfigKeys (ConfUtils.java:logGet(46)) - raft.server.log.appender.buffer.byte-limit = 4MB (=4194304) (default)
2022-08-22 16:51:09,230 INFO  server.RaftServerConfigKeys (ConfUtils.java:logGet(46)) - raft.server.log.statemachine.data.read.timeout = 1000ms (default)
2022-08-22 16:51:09,231 INFO  server.RaftServerConfigKeys (ConfUtils.java:logGet(46)) - raft.server.log.purge.preservation.log.num = 0 (default)
2022-08-22 16:51:09,231 INFO  server.RaftServerConfigKeys (ConfUtils.java:logGet(46)) - raft.server.log.segment.size.max = 8MB (=8388608) (default)
2022-08-22 16:51:09,231 INFO  server.RaftServerConfigKeys (ConfUtils.java:logGet(46)) - raft.server.log.segment.cache.num.max = 6 (default)
2022-08-22 16:51:09,231 INFO  server.RaftServerConfigKeys (ConfUtils.java:logGet(46)) - raft.server.log.segment.cache.size.max = 200MB (=209715200) (default)
2022-08-22 16:51:09,231 INFO  segmented.SegmentedRaftLogWorker (SegmentedRaftLogWorker.java:<init>(191)) - new s3@group-3C7173CAAE07-SegmentedRaftLogWorker for RaftStorageImpl:Storage Directory /home/runner/work/ratis/ratis/ratis-examples/target/test/data/937c4279/MiniRaftClusterWithNettyd4d3c057/s3/b627d630-71ad-454a-8bb1-3c7173caae07
2022-08-22 16:51:09,231 INFO  server.RaftServerConfigKeys (ConfUtils.java:logGet(46)) - raft.server.log.queue.byte-limit = 64MB (=67108864) (default)
2022-08-22 16:51:09,231 INFO  server.RaftServerConfigKeys (ConfUtils.java:logGet(46)) - raft.server.log.queue.element-limit = 4096 (default)
2022-08-22 16:51:09,231 INFO  server.RaftServerConfigKeys (ConfUtils.java:logGet(46)) - raft.server.log.segment.size.max = 8MB (=8388608) (default)
2022-08-22 16:51:09,231 INFO  server.RaftServerConfigKeys (ConfUtils.java:logGet(46)) - raft.server.log.preallocated.size = 4MB (=4194304) (default)
2022-08-22 16:51:09,231 INFO  server.RaftServerConfigKeys (ConfUtils.java:logGet(46)) - raft.server.log.force.sync.num = 128 (default)
2022-08-22 16:51:09,231 INFO  server.RaftServerConfigKeys (ConfUtils.java:logGet(46)) - raft.server.log.statemachine.data.sync = true (default)
2022-08-22 16:51:09,231 INFO  server.RaftServerConfigKeys (ConfUtils.java:logGet(46)) - raft.server.log.statemachine.data.sync.timeout = 10s (default)
2022-08-22 16:51:09,231 INFO  server.RaftServerConfigKeys (ConfUtils.java:logGet(46)) - raft.server.log.statemachine.data.sync.timeout.retry = -1 (default)
2022-08-22 16:51:09,231 INFO  server.RaftServerConfigKeys (ConfUtils.java:logGet(46)) - raft.server.log.write.buffer.size = 64KB (=65536) (default)
2022-08-22 16:51:09,232 INFO  server.RaftServerConfigKeys (ConfUtils.java:logGet(46)) - raft.server.log.unsafe-flush.enabled = false (default)
2022-08-22 16:51:09,232 INFO  server.RaftServerConfigKeys (ConfUtils.java:logGet(46)) - raft.server.log.async-flush.enabled = false (default)
2022-08-22 16:51:09,232 INFO  server.RaftServerConfigKeys (ConfUtils.java:logGet(46)) - raft.server.log.statemachine.data.caching.enabled = false (default)
2022-08-22 16:51:09,232 INFO  segmented.SegmentedRaftLogWorker (SegmentedRaftLogWorker.java:lambda$new$0(136)) - s3@group-3C7173CAAE07-SegmentedRaftLogWorker: flushIndex: setUnconditionally 0 -> -1
2022-08-22 16:51:09,232 INFO  segmented.SegmentedRaftLogWorker (SegmentedRaftLogWorker.java:lambda$new$0(136)) - s3@group-3C7173CAAE07-SegmentedRaftLogWorker: safeCacheEvictIndex: setUnconditionally 0 -> -1
2022-08-22 16:51:09,232 INFO  server.RaftServer$Division (RaftServerImpl.java:start(333)) - s3@group-3C7173CAAE07: start with initializing state, conf=-1: peers:[]|listeners:[], old=null
2022-08-22 16:51:09,232 INFO  server.RaftServer$Division (RaftServerImpl.java:setRole(314)) - s3@group-3C7173CAAE07: changes role from      null to FOLLOWER at term 0 for startInitializing
2022-08-22 16:51:09,232 INFO  util.JmxRegister (JmxRegister.java:tryRegister(44)) - Successfully registered JMX Bean with object name Ratis:service=RaftServer,group=group-3C7173CAAE07,id=s3
2022-08-22 16:51:09,232 INFO  server.RaftServerConfigKeys (ConfUtils.java:logGet(46)) - raft.server.snapshot.auto.trigger.enabled = false (default)
2022-08-22 16:51:09,232 INFO  server.RaftServerConfigKeys (ConfUtils.java:logGet(46)) - raft.server.snapshot.retention.file.num = -1 (default)
2022-08-22 16:51:09,232 INFO  server.RaftServerConfigKeys (ConfUtils.java:logGet(46)) - raft.server.log.purge.upto.snapshot.index = false (default)
2022-08-22 16:51:09,233 INFO  server.RaftServer (RaftServerProxy.java:startImpl(387)) - s3: start RPC server
2022-08-22 16:51:09,248 INFO  logging.LoggingHandler (AbstractInternalLogger.java:log(148)) - [id: 0x26cdc74a] REGISTERED
2022-08-22 16:51:09,249 INFO  logging.LoggingHandler (AbstractInternalLogger.java:log(148)) - [id: 0x26cdc74a] BIND: 0.0.0.0/0.0.0.0:38855
2022-08-22 16:51:09,253 INFO  logging.LoggingHandler (AbstractInternalLogger.java:log(148)) - [id: 0x26cdc74a, L:/0.0.0.0:38855] ACTIVE
2022-08-22 16:51:09,260 INFO  storage.RaftStorageDirectory (RaftStorageDirectoryImpl.java:analyzeStorage(137)) - The storage directory /home/runner/work/ratis/ratis/ratis-examples/target/test/data/937c4279/MiniRaftClusterWithNettyd4d3c057/s4/b627d630-71ad-454a-8bb1-3c7173caae07 does not exist. Creating ...
2022-08-22 16:51:09,260 TRACE util.FileUtils (LogUtils.java:runAndLog(49)) - Successfully ran Files.createDirectories /home/runner/work/ratis/ratis/ratis-examples/target/test/data/937c4279/MiniRaftClusterWithNettyd4d3c057/s4/b627d630-71ad-454a-8bb1-3c7173caae07
2022-08-22 16:51:09,260 INFO  util.JvmPauseMonitor (JvmPauseMonitor.java:run(103)) - JvmPauseMonitor-s3: Started
2022-08-22 16:51:09,268 INFO  storage.RaftStorageDirectory (RaftStorageDirectoryImpl.java:tryLock(231)) - Lock on /home/runner/work/ratis/ratis/ratis-examples/target/test/data/937c4279/MiniRaftClusterWithNettyd4d3c057/s4/b627d630-71ad-454a-8bb1-3c7173caae07/in_use.lock acquired by nodename 14926@fv-az83-922
2022-08-22 16:51:09,268 TRACE util.FileUtils (LogUtils.java:runAndLog(49)) - Successfully ran Files.createDirectories /home/runner/work/ratis/ratis/ratis-examples/target/test/data/937c4279/MiniRaftClusterWithNettyd4d3c057/s4/b627d630-71ad-454a-8bb1-3c7173caae07/current
2022-08-22 16:51:09,268 TRACE util.FileUtils (LogUtils.java:runAndLog(49)) - Successfully ran Files.createDirectories /home/runner/work/ratis/ratis/ratis-examples/target/test/data/937c4279/MiniRaftClusterWithNettyd4d3c057/s4/b627d630-71ad-454a-8bb1-3c7173caae07/sm
2022-08-22 16:51:09,275 INFO  storage.RaftStorage (RaftStorageImpl.java:format(96)) - Storage directory /home/runner/work/ratis/ratis/ratis-examples/target/test/data/937c4279/MiniRaftClusterWithNettyd4d3c057/s4/b627d630-71ad-454a-8bb1-3c7173caae07 has been successfully formatted.
2022-08-22 16:51:09,275 WARN  statemachine.StateMachine (ArithmeticStateMachine.java:load(114)) - The snapshot info is null.
2022-08-22 16:51:09,275 INFO  server.RaftServerConfigKeys (ConfUtils.java:logGet(46)) - raft.server.log.use.memory = false (default)
2022-08-22 16:51:09,275 INFO  server.RaftServerConfigKeys (ConfUtils.java:logGet(46)) - raft.server.log.purge.gap = 1024 (default)
2022-08-22 16:51:09,276 INFO  server.RaftServerConfigKeys (ConfUtils.java:logGet(46)) - raft.server.log.appender.buffer.byte-limit = 4MB (=4194304) (default)
2022-08-22 16:51:09,276 INFO  server.RaftServerConfigKeys (ConfUtils.java:logGet(46)) - raft.server.log.statemachine.data.read.timeout = 1000ms (default)
2022-08-22 16:51:09,276 INFO  server.RaftServerConfigKeys (ConfUtils.java:logGet(46)) - raft.server.log.purge.preservation.log.num = 0 (default)
2022-08-22 16:51:09,276 INFO  server.RaftServerConfigKeys (ConfUtils.java:logGet(46)) - raft.server.log.segment.size.max = 8MB (=8388608) (default)
2022-08-22 16:51:09,276 INFO  server.RaftServerConfigKeys (ConfUtils.java:logGet(46)) - raft.server.log.segment.cache.num.max = 6 (default)
2022-08-22 16:51:09,276 INFO  server.RaftServerConfigKeys (ConfUtils.java:logGet(46)) - raft.server.log.segment.cache.size.max = 200MB (=209715200) (default)
2022-08-22 16:51:09,276 INFO  segmented.SegmentedRaftLogWorker (SegmentedRaftLogWorker.java:<init>(191)) - new s4@group-3C7173CAAE07-SegmentedRaftLogWorker for RaftStorageImpl:Storage Directory /home/runner/work/ratis/ratis/ratis-examples/target/test/data/937c4279/MiniRaftClusterWithNettyd4d3c057/s4/b627d630-71ad-454a-8bb1-3c7173caae07
2022-08-22 16:51:09,276 INFO  server.RaftServerConfigKeys (ConfUtils.java:logGet(46)) - raft.server.log.queue.byte-limit = 64MB (=67108864) (default)
2022-08-22 16:51:09,276 INFO  server.RaftServerConfigKeys (ConfUtils.java:logGet(46)) - raft.server.log.queue.element-limit = 4096 (default)
2022-08-22 16:51:09,276 INFO  server.RaftServerConfigKeys (ConfUtils.java:logGet(46)) - raft.server.log.segment.size.max = 8MB (=8388608) (default)
2022-08-22 16:51:09,276 INFO  server.RaftServerConfigKeys (ConfUtils.java:logGet(46)) - raft.server.log.preallocated.size = 4MB (=4194304) (default)
2022-08-22 16:51:09,276 INFO  server.RaftServerConfigKeys (ConfUtils.java:logGet(46)) - raft.server.log.force.sync.num = 128 (default)
2022-08-22 16:51:09,276 INFO  server.RaftServerConfigKeys (ConfUtils.java:logGet(46)) - raft.server.log.statemachine.data.sync = true (default)
2022-08-22 16:51:09,276 INFO  server.RaftServerConfigKeys (ConfUtils.java:logGet(46)) - raft.server.log.statemachine.data.sync.timeout = 10s (default)
2022-08-22 16:51:09,276 INFO  server.RaftServerConfigKeys (ConfUtils.java:logGet(46)) - raft.server.log.statemachine.data.sync.timeout.retry = -1 (default)
2022-08-22 16:51:09,276 INFO  server.RaftServerConfigKeys (ConfUtils.java:logGet(46)) - raft.server.log.write.buffer.size = 64KB (=65536) (default)
2022-08-22 16:51:09,277 INFO  server.RaftServerConfigKeys (ConfUtils.java:logGet(46)) - raft.server.log.unsafe-flush.enabled = false (default)
2022-08-22 16:51:09,277 INFO  server.RaftServerConfigKeys (ConfUtils.java:logGet(46)) - raft.server.log.async-flush.enabled = false (default)
2022-08-22 16:51:09,277 INFO  server.RaftServerConfigKeys (ConfUtils.java:logGet(46)) - raft.server.log.statemachine.data.caching.enabled = false (default)
2022-08-22 16:51:09,277 INFO  segmented.SegmentedRaftLogWorker (SegmentedRaftLogWorker.java:lambda$new$0(136)) - s4@group-3C7173CAAE07-SegmentedRaftLogWorker: flushIndex: setUnconditionally 0 -> -1
2022-08-22 16:51:09,277 INFO  segmented.SegmentedRaftLogWorker (SegmentedRaftLogWorker.java:lambda$new$0(136)) - s4@group-3C7173CAAE07-SegmentedRaftLogWorker: safeCacheEvictIndex: setUnconditionally 0 -> -1
2022-08-22 16:51:09,277 INFO  server.RaftServer$Division (RaftServerImpl.java:start(333)) - s4@group-3C7173CAAE07: start with initializing state, conf=-1: peers:[]|listeners:[], old=null
2022-08-22 16:51:09,277 INFO  server.RaftServer$Division (RaftServerImpl.java:setRole(314)) - s4@group-3C7173CAAE07: changes role from      null to FOLLOWER at term 0 for startInitializing
2022-08-22 16:51:09,277 INFO  util.JmxRegister (JmxRegister.java:tryRegister(44)) - Successfully registered JMX Bean with object name Ratis:service=RaftServer,group=group-3C7173CAAE07,id=s4
2022-08-22 16:51:09,277 INFO  server.RaftServerConfigKeys (ConfUtils.java:logGet(46)) - raft.server.snapshot.auto.trigger.enabled = false (default)
2022-08-22 16:51:09,277 INFO  server.RaftServerConfigKeys (ConfUtils.java:logGet(46)) - raft.server.snapshot.retention.file.num = -1 (default)
2022-08-22 16:51:09,277 INFO  server.RaftServerConfigKeys (ConfUtils.java:logGet(46)) - raft.server.log.purge.upto.snapshot.index = false (default)
2022-08-22 16:51:09,278 INFO  server.RaftServer (RaftServerProxy.java:startImpl(387)) - s4: start RPC server
2022-08-22 16:51:09,279 INFO  logging.LoggingHandler (AbstractInternalLogger.java:log(148)) - [id: 0x3fad3d73] REGISTERED
2022-08-22 16:51:09,279 INFO  logging.LoggingHandler (AbstractInternalLogger.java:log(148)) - [id: 0x3fad3d73] BIND: 0.0.0.0/0.0.0.0:33195
2022-08-22 16:51:09,279 INFO  storage.RaftStorageDirectory (RaftStorageDirectoryImpl.java:analyzeStorage(137)) - The storage directory /home/runner/work/ratis/ratis/ratis-examples/target/test/data/937c4279/MiniRaftClusterWithNettyd4d3c057/s5/b627d630-71ad-454a-8bb1-3c7173caae07 does not exist. Creating ...
2022-08-22 16:51:09,279 INFO  logging.LoggingHandler (AbstractInternalLogger.java:log(148)) - [id: 0x3fad3d73, L:/0.0.0.0:33195] ACTIVE
2022-08-22 16:51:09,279 TRACE util.FileUtils (LogUtils.java:runAndLog(49)) - Successfully ran Files.createDirectories /home/runner/work/ratis/ratis/ratis-examples/target/test/data/937c4279/MiniRaftClusterWithNettyd4d3c057/s5/b627d630-71ad-454a-8bb1-3c7173caae07
2022-08-22 16:51:09,280 INFO  util.JvmPauseMonitor (JvmPauseMonitor.java:run(103)) - JvmPauseMonitor-s4: Started
2022-08-22 16:51:09,287 INFO  storage.RaftStorageDirectory (RaftStorageDirectoryImpl.java:tryLock(231)) - Lock on /home/runner/work/ratis/ratis/ratis-examples/target/test/data/937c4279/MiniRaftClusterWithNettyd4d3c057/s5/b627d630-71ad-454a-8bb1-3c7173caae07/in_use.lock acquired by nodename 14926@fv-az83-922
2022-08-22 16:51:09,287 TRACE util.FileUtils (LogUtils.java:runAndLog(49)) - Successfully ran Files.createDirectories /home/runner/work/ratis/ratis/ratis-examples/target/test/data/937c4279/MiniRaftClusterWithNettyd4d3c057/s5/b627d630-71ad-454a-8bb1-3c7173caae07/current
2022-08-22 16:51:09,287 TRACE util.FileUtils (LogUtils.java:runAndLog(49)) - Successfully ran Files.createDirectories /home/runner/work/ratis/ratis/ratis-examples/target/test/data/937c4279/MiniRaftClusterWithNettyd4d3c057/s5/b627d630-71ad-454a-8bb1-3c7173caae07/sm
2022-08-22 16:51:09,295 INFO  storage.RaftStorage (RaftStorageImpl.java:format(96)) - Storage directory /home/runner/work/ratis/ratis/ratis-examples/target/test/data/937c4279/MiniRaftClusterWithNettyd4d3c057/s5/b627d630-71ad-454a-8bb1-3c7173caae07 has been successfully formatted.
2022-08-22 16:51:09,295 WARN  statemachine.StateMachine (ArithmeticStateMachine.java:load(114)) - The snapshot info is null.
2022-08-22 16:51:09,295 INFO  server.RaftServerConfigKeys (ConfUtils.java:logGet(46)) - raft.server.log.use.memory = false (default)
2022-08-22 16:51:09,295 INFO  server.RaftServerConfigKeys (ConfUtils.java:logGet(46)) - raft.server.log.purge.gap = 1024 (default)
2022-08-22 16:51:09,295 INFO  server.RaftServerConfigKeys (ConfUtils.java:logGet(46)) - raft.server.log.appender.buffer.byte-limit = 4MB (=4194304) (default)
2022-08-22 16:51:09,295 INFO  server.RaftServerConfigKeys (ConfUtils.java:logGet(46)) - raft.server.log.statemachine.data.read.timeout = 1000ms (default)
2022-08-22 16:51:09,295 INFO  server.RaftServerConfigKeys (ConfUtils.java:logGet(46)) - raft.server.log.purge.preservation.log.num = 0 (default)
2022-08-22 16:51:09,295 INFO  server.RaftServerConfigKeys (ConfUtils.java:logGet(46)) - raft.server.log.segment.size.max = 8MB (=8388608) (default)
2022-08-22 16:51:09,296 INFO  server.RaftServerConfigKeys (ConfUtils.java:logGet(46)) - raft.server.log.segment.cache.num.max = 6 (default)
2022-08-22 16:51:09,296 INFO  server.RaftServerConfigKeys (ConfUtils.java:logGet(46)) - raft.server.log.segment.cache.size.max = 200MB (=209715200) (default)
2022-08-22 16:51:09,296 INFO  segmented.SegmentedRaftLogWorker (SegmentedRaftLogWorker.java:<init>(191)) - new s5@group-3C7173CAAE07-SegmentedRaftLogWorker for RaftStorageImpl:Storage Directory /home/runner/work/ratis/ratis/ratis-examples/target/test/data/937c4279/MiniRaftClusterWithNettyd4d3c057/s5/b627d630-71ad-454a-8bb1-3c7173caae07
2022-08-22 16:51:09,296 INFO  server.RaftServerConfigKeys (ConfUtils.java:logGet(46)) - raft.server.log.queue.byte-limit = 64MB (=67108864) (default)
2022-08-22 16:51:09,296 INFO  server.RaftServerConfigKeys (ConfUtils.java:logGet(46)) - raft.server.log.queue.element-limit = 4096 (default)
2022-08-22 16:51:09,296 INFO  server.RaftServerConfigKeys (ConfUtils.java:logGet(46)) - raft.server.log.segment.size.max = 8MB (=8388608) (default)
2022-08-22 16:51:09,296 INFO  server.RaftServerConfigKeys (ConfUtils.java:logGet(46)) - raft.server.log.preallocated.size = 4MB (=4194304) (default)
2022-08-22 16:51:09,296 INFO  server.RaftServerConfigKeys (ConfUtils.java:logGet(46)) - raft.server.log.force.sync.num = 128 (default)
2022-08-22 16:51:09,296 INFO  server.RaftServerConfigKeys (ConfUtils.java:logGet(46)) - raft.server.log.statemachine.data.sync = true (default)
2022-08-22 16:51:09,296 INFO  server.RaftServerConfigKeys (ConfUtils.java:logGet(46)) - raft.server.log.statemachine.data.sync.timeout = 10s (default)
2022-08-22 16:51:09,296 INFO  server.RaftServerConfigKeys (ConfUtils.java:logGet(46)) - raft.server.log.statemachine.data.sync.timeout.retry = -1 (default)
2022-08-22 16:51:09,296 INFO  server.RaftServerConfigKeys (ConfUtils.java:logGet(46)) - raft.server.log.write.buffer.size = 64KB (=65536) (default)
2022-08-22 16:51:09,296 INFO  server.RaftServerConfigKeys (ConfUtils.java:logGet(46)) - raft.server.log.unsafe-flush.enabled = false (default)
2022-08-22 16:51:09,296 INFO  server.RaftServerConfigKeys (ConfUtils.java:logGet(46)) - raft.server.log.async-flush.enabled = false (default)
2022-08-22 16:51:09,296 INFO  server.RaftServerConfigKeys (ConfUtils.java:logGet(46)) - raft.server.log.statemachine.data.caching.enabled = false (default)
2022-08-22 16:51:09,296 INFO  segmented.SegmentedRaftLogWorker (SegmentedRaftLogWorker.java:lambda$new$0(136)) - s5@group-3C7173CAAE07-SegmentedRaftLogWorker: flushIndex: setUnconditionally 0 -> -1
2022-08-22 16:51:09,297 INFO  segmented.SegmentedRaftLogWorker (SegmentedRaftLogWorker.java:lambda$new$0(136)) - s5@group-3C7173CAAE07-SegmentedRaftLogWorker: safeCacheEvictIndex: setUnconditionally 0 -> -1
2022-08-22 16:51:09,297 INFO  server.RaftServer$Division (RaftServerImpl.java:start(333)) - s5@group-3C7173CAAE07: start with initializing state, conf=-1: peers:[]|listeners:[], old=null
2022-08-22 16:51:09,297 INFO  server.RaftServer$Division (RaftServerImpl.java:setRole(314)) - s5@group-3C7173CAAE07: changes role from      null to FOLLOWER at term 0 for startInitializing
2022-08-22 16:51:09,297 INFO  util.JmxRegister (JmxRegister.java:tryRegister(44)) - Successfully registered JMX Bean with object name Ratis:service=RaftServer,group=group-3C7173CAAE07,id=s5
2022-08-22 16:51:09,297 INFO  server.RaftServerConfigKeys (ConfUtils.java:logGet(46)) - raft.server.snapshot.auto.trigger.enabled = false (default)
2022-08-22 16:51:09,297 INFO  server.RaftServerConfigKeys (ConfUtils.java:logGet(46)) - raft.server.snapshot.retention.file.num = -1 (default)
2022-08-22 16:51:09,297 INFO  server.RaftServerConfigKeys (ConfUtils.java:logGet(46)) - raft.server.log.purge.upto.snapshot.index = false (default)
2022-08-22 16:51:09,297 INFO  server.RaftServer (RaftServerProxy.java:startImpl(387)) - s5: start RPC server
2022-08-22 16:51:09,298 INFO  logging.LoggingHandler (AbstractInternalLogger.java:log(148)) - [id: 0x0cc1056a] REGISTERED
2022-08-22 16:51:09,298 INFO  logging.LoggingHandler (AbstractInternalLogger.java:log(148)) - [id: 0x0cc1056a] BIND: 0.0.0.0/0.0.0.0:33307
2022-08-22 16:51:09,299 INFO  logging.LoggingHandler (AbstractInternalLogger.java:log(148)) - [id: 0x0cc1056a, L:/0.0.0.0:33307] ACTIVE
2022-08-22 16:51:09,299 INFO  util.JvmPauseMonitor (JvmPauseMonitor.java:run(103)) - JvmPauseMonitor-s5: Started
2022-08-22 16:51:09,300 INFO  storage.RaftStorageDirectory (RaftStorageDirectoryImpl.java:analyzeStorage(137)) - The storage directory /home/runner/work/ratis/ratis/ratis-examples/target/test/data/937c4279/MiniRaftClusterWithNettyd4d3c057/s6/b627d630-71ad-454a-8bb1-3c7173caae07 does not exist. Creating ...
2022-08-22 16:51:09,300 TRACE util.FileUtils (LogUtils.java:runAndLog(49)) - Successfully ran Files.createDirectories /home/runner/work/ratis/ratis/ratis-examples/target/test/data/937c4279/MiniRaftClusterWithNettyd4d3c057/s6/b627d630-71ad-454a-8bb1-3c7173caae07
2022-08-22 16:51:09,307 INFO  storage.RaftStorageDirectory (RaftStorageDirectoryImpl.java:tryLock(231)) - Lock on /home/runner/work/ratis/ratis/ratis-examples/target/test/data/937c4279/MiniRaftClusterWithNettyd4d3c057/s6/b627d630-71ad-454a-8bb1-3c7173caae07/in_use.lock acquired by nodename 14926@fv-az83-922
2022-08-22 16:51:09,307 TRACE util.FileUtils (LogUtils.java:runAndLog(49)) - Successfully ran Files.createDirectories /home/runner/work/ratis/ratis/ratis-examples/target/test/data/937c4279/MiniRaftClusterWithNettyd4d3c057/s6/b627d630-71ad-454a-8bb1-3c7173caae07/current
2022-08-22 16:51:09,307 TRACE util.FileUtils (LogUtils.java:runAndLog(49)) - Successfully ran Files.createDirectories /home/runner/work/ratis/ratis/ratis-examples/target/test/data/937c4279/MiniRaftClusterWithNettyd4d3c057/s6/b627d630-71ad-454a-8bb1-3c7173caae07/sm
2022-08-22 16:51:09,314 INFO  storage.RaftStorage (RaftStorageImpl.java:format(96)) - Storage directory /home/runner/work/ratis/ratis/ratis-examples/target/test/data/937c4279/MiniRaftClusterWithNettyd4d3c057/s6/b627d630-71ad-454a-8bb1-3c7173caae07 has been successfully formatted.
2022-08-22 16:51:09,314 WARN  statemachine.StateMachine (ArithmeticStateMachine.java:load(114)) - The snapshot info is null.
2022-08-22 16:51:09,314 INFO  server.RaftServerConfigKeys (ConfUtils.java:logGet(46)) - raft.server.log.use.memory = false (default)
2022-08-22 16:51:09,314 INFO  server.RaftServerConfigKeys (ConfUtils.java:logGet(46)) - raft.server.log.purge.gap = 1024 (default)
2022-08-22 16:51:09,314 INFO  server.RaftServerConfigKeys (ConfUtils.java:logGet(46)) - raft.server.log.appender.buffer.byte-limit = 4MB (=4194304) (default)
2022-08-22 16:51:09,314 INFO  server.RaftServerConfigKeys (ConfUtils.java:logGet(46)) - raft.server.log.statemachine.data.read.timeout = 1000ms (default)
2022-08-22 16:51:09,314 INFO  server.RaftServerConfigKeys (ConfUtils.java:logGet(46)) - raft.server.log.purge.preservation.log.num = 0 (default)
2022-08-22 16:51:09,315 INFO  server.RaftServerConfigKeys (ConfUtils.java:logGet(46)) - raft.server.log.segment.size.max = 8MB (=8388608) (default)
2022-08-22 16:51:09,315 INFO  server.RaftServerConfigKeys (ConfUtils.java:logGet(46)) - raft.server.log.segment.cache.num.max = 6 (default)
2022-08-22 16:51:09,315 INFO  server.RaftServerConfigKeys (ConfUtils.java:logGet(46)) - raft.server.log.segment.cache.size.max = 200MB (=209715200) (default)
2022-08-22 16:51:09,315 INFO  segmented.SegmentedRaftLogWorker (SegmentedRaftLogWorker.java:<init>(191)) - new s6@group-3C7173CAAE07-SegmentedRaftLogWorker for RaftStorageImpl:Storage Directory /home/runner/work/ratis/ratis/ratis-examples/target/test/data/937c4279/MiniRaftClusterWithNettyd4d3c057/s6/b627d630-71ad-454a-8bb1-3c7173caae07
2022-08-22 16:51:09,315 INFO  server.RaftServerConfigKeys (ConfUtils.java:logGet(46)) - raft.server.log.queue.byte-limit = 64MB (=67108864) (default)
2022-08-22 16:51:09,315 INFO  server.RaftServerConfigKeys (ConfUtils.java:logGet(46)) - raft.server.log.queue.element-limit = 4096 (default)
2022-08-22 16:51:09,315 INFO  server.RaftServerConfigKeys (ConfUtils.java:logGet(46)) - raft.server.log.segment.size.max = 8MB (=8388608) (default)
2022-08-22 16:51:09,315 INFO  server.RaftServerConfigKeys (ConfUtils.java:logGet(46)) - raft.server.log.preallocated.size = 4MB (=4194304) (default)
2022-08-22 16:51:09,315 INFO  server.RaftServerConfigKeys (ConfUtils.java:logGet(46)) - raft.server.log.force.sync.num = 128 (default)
2022-08-22 16:51:09,315 INFO  server.RaftServerConfigKeys (ConfUtils.java:logGet(46)) - raft.server.log.statemachine.data.sync = true (default)
2022-08-22 16:51:09,315 INFO  server.RaftServerConfigKeys (ConfUtils.java:logGet(46)) - raft.server.log.statemachine.data.sync.timeout = 10s (default)
2022-08-22 16:51:09,315 INFO  server.RaftServerConfigKeys (ConfUtils.java:logGet(46)) - raft.server.log.statemachine.data.sync.timeout.retry = -1 (default)
2022-08-22 16:51:09,315 INFO  server.RaftServerConfigKeys (ConfUtils.java:logGet(46)) - raft.server.log.write.buffer.size = 64KB (=65536) (default)
2022-08-22 16:51:09,315 INFO  server.RaftServerConfigKeys (ConfUtils.java:logGet(46)) - raft.server.log.unsafe-flush.enabled = false (default)
2022-08-22 16:51:09,315 INFO  server.RaftServerConfigKeys (ConfUtils.java:logGet(46)) - raft.server.log.async-flush.enabled = false (default)
2022-08-22 16:51:09,315 INFO  server.RaftServerConfigKeys (ConfUtils.java:logGet(46)) - raft.server.log.statemachine.data.caching.enabled = false (default)
2022-08-22 16:51:09,316 INFO  segmented.SegmentedRaftLogWorker (SegmentedRaftLogWorker.java:lambda$new$0(136)) - s6@group-3C7173CAAE07-SegmentedRaftLogWorker: flushIndex: setUnconditionally 0 -> -1
2022-08-22 16:51:09,316 INFO  segmented.SegmentedRaftLogWorker (SegmentedRaftLogWorker.java:lambda$new$0(136)) - s6@group-3C7173CAAE07-SegmentedRaftLogWorker: safeCacheEvictIndex: setUnconditionally 0 -> -1
2022-08-22 16:51:09,316 INFO  server.RaftServer$Division (RaftServerImpl.java:start(333)) - s6@group-3C7173CAAE07: start with initializing state, conf=-1: peers:[]|listeners:[], old=null
2022-08-22 16:51:09,316 INFO  server.RaftServer$Division (RaftServerImpl.java:setRole(314)) - s6@group-3C7173CAAE07: changes role from      null to FOLLOWER at term 0 for startInitializing
2022-08-22 16:51:09,316 INFO  util.JmxRegister (JmxRegister.java:tryRegister(44)) - Successfully registered JMX Bean with object name Ratis:service=RaftServer,group=group-3C7173CAAE07,id=s6
2022-08-22 16:51:09,316 INFO  server.RaftServerConfigKeys (ConfUtils.java:logGet(46)) - raft.server.snapshot.auto.trigger.enabled = false (default)
2022-08-22 16:51:09,316 INFO  server.RaftServerConfigKeys (ConfUtils.java:logGet(46)) - raft.server.snapshot.retention.file.num = -1 (default)
2022-08-22 16:51:09,316 INFO  server.RaftServerConfigKeys (ConfUtils.java:logGet(46)) - raft.server.log.purge.upto.snapshot.index = false (default)
2022-08-22 16:51:09,317 INFO  server.RaftServer (RaftServerProxy.java:startImpl(387)) - s6: start RPC server
2022-08-22 16:51:09,317 INFO  logging.LoggingHandler (AbstractInternalLogger.java:log(148)) - [id: 0x2034605f] REGISTERED
2022-08-22 16:51:09,318 INFO  logging.LoggingHandler (AbstractInternalLogger.java:log(148)) - [id: 0x2034605f] BIND: 0.0.0.0/0.0.0.0:39639
2022-08-22 16:51:09,318 INFO  logging.LoggingHandler (AbstractInternalLogger.java:log(148)) - [id: 0x2034605f, L:/0.0.0.0:39639] ACTIVE
2022-08-22 16:51:09,318 INFO  storage.RaftStorageDirectory (RaftStorageDirectoryImpl.java:analyzeStorage(137)) - The storage directory /home/runner/work/ratis/ratis/ratis-examples/target/test/data/937c4279/MiniRaftClusterWithNettyd4d3c057/s7/b627d630-71ad-454a-8bb1-3c7173caae07 does not exist. Creating ...
2022-08-22 16:51:09,318 TRACE util.FileUtils (LogUtils.java:runAndLog(49)) - Successfully ran Files.createDirectories /home/runner/work/ratis/ratis/ratis-examples/target/test/data/937c4279/MiniRaftClusterWithNettyd4d3c057/s7/b627d630-71ad-454a-8bb1-3c7173caae07
2022-08-22 16:51:09,319 INFO  util.JvmPauseMonitor (JvmPauseMonitor.java:run(103)) - JvmPauseMonitor-s6: Started
2022-08-22 16:51:09,325 INFO  storage.RaftStorageDirectory (RaftStorageDirectoryImpl.java:tryLock(231)) - Lock on /home/runner/work/ratis/ratis/ratis-examples/target/test/data/937c4279/MiniRaftClusterWithNettyd4d3c057/s7/b627d630-71ad-454a-8bb1-3c7173caae07/in_use.lock acquired by nodename 14926@fv-az83-922
2022-08-22 16:51:09,325 TRACE util.FileUtils (LogUtils.java:runAndLog(49)) - Successfully ran Files.createDirectories /home/runner/work/ratis/ratis/ratis-examples/target/test/data/937c4279/MiniRaftClusterWithNettyd4d3c057/s7/b627d630-71ad-454a-8bb1-3c7173caae07/current
2022-08-22 16:51:09,325 TRACE util.FileUtils (LogUtils.java:runAndLog(49)) - Successfully ran Files.createDirectories /home/runner/work/ratis/ratis/ratis-examples/target/test/data/937c4279/MiniRaftClusterWithNettyd4d3c057/s7/b627d630-71ad-454a-8bb1-3c7173caae07/sm
2022-08-22 16:51:09,333 INFO  storage.RaftStorage (RaftStorageImpl.java:format(96)) - Storage directory /home/runner/work/ratis/ratis/ratis-examples/target/test/data/937c4279/MiniRaftClusterWithNettyd4d3c057/s7/b627d630-71ad-454a-8bb1-3c7173caae07 has been successfully formatted.
2022-08-22 16:51:09,333 WARN  statemachine.StateMachine (ArithmeticStateMachine.java:load(114)) - The snapshot info is null.
2022-08-22 16:51:09,333 INFO  server.RaftServerConfigKeys (ConfUtils.java:logGet(46)) - raft.server.log.use.memory = false (default)
2022-08-22 16:51:09,333 INFO  server.RaftServerConfigKeys (ConfUtils.java:logGet(46)) - raft.server.log.purge.gap = 1024 (default)
2022-08-22 16:51:09,334 INFO  server.RaftServerConfigKeys (ConfUtils.java:logGet(46)) - raft.server.log.appender.buffer.byte-limit = 4MB (=4194304) (default)
2022-08-22 16:51:09,334 INFO  server.RaftServerConfigKeys (ConfUtils.java:logGet(46)) - raft.server.log.statemachine.data.read.timeout = 1000ms (default)
2022-08-22 16:51:09,334 INFO  server.RaftServerConfigKeys (ConfUtils.java:logGet(46)) - raft.server.log.purge.preservation.log.num = 0 (default)
2022-08-22 16:51:09,334 INFO  server.RaftServerConfigKeys (ConfUtils.java:logGet(46)) - raft.server.log.segment.size.max = 8MB (=8388608) (default)
2022-08-22 16:51:09,334 INFO  server.RaftServerConfigKeys (ConfUtils.java:logGet(46)) - raft.server.log.segment.cache.num.max = 6 (default)
2022-08-22 16:51:09,334 INFO  server.RaftServerConfigKeys (ConfUtils.java:logGet(46)) - raft.server.log.segment.cache.size.max = 200MB (=209715200) (default)
2022-08-22 16:51:09,334 INFO  segmented.SegmentedRaftLogWorker (SegmentedRaftLogWorker.java:<init>(191)) - new s7@group-3C7173CAAE07-SegmentedRaftLogWorker for RaftStorageImpl:Storage Directory /home/runner/work/ratis/ratis/ratis-examples/target/test/data/937c4279/MiniRaftClusterWithNettyd4d3c057/s7/b627d630-71ad-454a-8bb1-3c7173caae07
2022-08-22 16:51:09,334 INFO  server.RaftServerConfigKeys (ConfUtils.java:logGet(46)) - raft.server.log.queue.byte-limit = 64MB (=67108864) (default)
2022-08-22 16:51:09,334 INFO  server.RaftServerConfigKeys (ConfUtils.java:logGet(46)) - raft.server.log.queue.element-limit = 4096 (default)
2022-08-22 16:51:09,334 INFO  server.RaftServerConfigKeys (ConfUtils.java:logGet(46)) - raft.server.log.segment.size.max = 8MB (=8388608) (default)
2022-08-22 16:51:09,334 INFO  server.RaftServerConfigKeys (ConfUtils.java:logGet(46)) - raft.server.log.preallocated.size = 4MB (=4194304) (default)
2022-08-22 16:51:09,334 INFO  server.RaftServerConfigKeys (ConfUtils.java:logGet(46)) - raft.server.log.force.sync.num = 128 (default)
2022-08-22 16:51:09,334 INFO  server.RaftServerConfigKeys (ConfUtils.java:logGet(46)) - raft.server.log.statemachine.data.sync = true (default)
2022-08-22 16:51:09,334 INFO  server.RaftServerConfigKeys (ConfUtils.java:logGet(46)) - raft.server.log.statemachine.data.sync.timeout = 10s (default)
2022-08-22 16:51:09,334 INFO  server.RaftServerConfigKeys (ConfUtils.java:logGet(46)) - raft.server.log.statemachine.data.sync.timeout.retry = -1 (default)
2022-08-22 16:51:09,335 INFO  server.RaftServerConfigKeys (ConfUtils.java:logGet(46)) - raft.server.log.write.buffer.size = 64KB (=65536) (default)
2022-08-22 16:51:09,335 INFO  server.RaftServerConfigKeys (ConfUtils.java:logGet(46)) - raft.server.log.unsafe-flush.enabled = false (default)
2022-08-22 16:51:09,335 INFO  server.RaftServerConfigKeys (ConfUtils.java:logGet(46)) - raft.server.log.async-flush.enabled = false (default)
2022-08-22 16:51:09,335 INFO  server.RaftServerConfigKeys (ConfUtils.java:logGet(46)) - raft.server.log.statemachine.data.caching.enabled = false (default)
2022-08-22 16:51:09,335 INFO  segmented.SegmentedRaftLogWorker (SegmentedRaftLogWorker.java:lambda$new$0(136)) - s7@group-3C7173CAAE07-SegmentedRaftLogWorker: flushIndex: setUnconditionally 0 -> -1
2022-08-22 16:51:09,335 INFO  segmented.SegmentedRaftLogWorker (SegmentedRaftLogWorker.java:lambda$new$0(136)) - s7@group-3C7173CAAE07-SegmentedRaftLogWorker: safeCacheEvictIndex: setUnconditionally 0 -> -1
2022-08-22 16:51:09,335 INFO  server.RaftServer$Division (RaftServerImpl.java:start(333)) - s7@group-3C7173CAAE07: start with initializing state, conf=-1: peers:[]|listeners:[], old=null
2022-08-22 16:51:09,335 INFO  server.RaftServer$Division (RaftServerImpl.java:setRole(314)) - s7@group-3C7173CAAE07: changes role from      null to FOLLOWER at term 0 for startInitializing
2022-08-22 16:51:09,335 INFO  util.JmxRegister (JmxRegister.java:tryRegister(44)) - Successfully registered JMX Bean with object name Ratis:service=RaftServer,group=group-3C7173CAAE07,id=s7
2022-08-22 16:51:09,335 INFO  server.RaftServerConfigKeys (ConfUtils.java:logGet(46)) - raft.server.snapshot.auto.trigger.enabled = false (default)
2022-08-22 16:51:09,335 INFO  server.RaftServerConfigKeys (ConfUtils.java:logGet(46)) - raft.server.snapshot.retention.file.num = -1 (default)
2022-08-22 16:51:09,335 INFO  server.RaftServerConfigKeys (ConfUtils.java:logGet(46)) - raft.server.log.purge.upto.snapshot.index = false (default)
2022-08-22 16:51:09,336 INFO  server.RaftServer (RaftServerProxy.java:startImpl(387)) - s7: start RPC server
2022-08-22 16:51:09,337 INFO  logging.LoggingHandler (AbstractInternalLogger.java:log(148)) - [id: 0x2cbd286d] REGISTERED
2022-08-22 16:51:09,337 INFO  logging.LoggingHandler (AbstractInternalLogger.java:log(148)) - [id: 0x2cbd286d] BIND: 0.0.0.0/0.0.0.0:35233
2022-08-22 16:51:09,337 INFO  logging.LoggingHandler (AbstractInternalLogger.java:log(148)) - [id: 0x2cbd286d, L:/0.0.0.0:35233] ACTIVE
2022-08-22 16:51:09,337 INFO  util.JvmPauseMonitor (JvmPauseMonitor.java:run(103)) - JvmPauseMonitor-s7: Started
2022-08-22 16:51:09,337 INFO  storage.RaftStorageDirectory (RaftStorageDirectoryImpl.java:analyzeStorage(137)) - The storage directory /home/runner/work/ratis/ratis/ratis-examples/target/test/data/937c4279/MiniRaftClusterWithNettyd4d3c057/s8/b627d630-71ad-454a-8bb1-3c7173caae07 does not exist. Creating ...
2022-08-22 16:51:09,338 TRACE util.FileUtils (LogUtils.java:runAndLog(49)) - Successfully ran Files.createDirectories /home/runner/work/ratis/ratis/ratis-examples/target/test/data/937c4279/MiniRaftClusterWithNettyd4d3c057/s8/b627d630-71ad-454a-8bb1-3c7173caae07
2022-08-22 16:51:09,344 INFO  storage.RaftStorageDirectory (RaftStorageDirectoryImpl.java:tryLock(231)) - Lock on /home/runner/work/ratis/ratis/ratis-examples/target/test/data/937c4279/MiniRaftClusterWithNettyd4d3c057/s8/b627d630-71ad-454a-8bb1-3c7173caae07/in_use.lock acquired by nodename 14926@fv-az83-922
2022-08-22 16:51:09,345 TRACE util.FileUtils (LogUtils.java:runAndLog(49)) - Successfully ran Files.createDirectories /home/runner/work/ratis/ratis/ratis-examples/target/test/data/937c4279/MiniRaftClusterWithNettyd4d3c057/s8/b627d630-71ad-454a-8bb1-3c7173caae07/current
2022-08-22 16:51:09,345 TRACE util.FileUtils (LogUtils.java:runAndLog(49)) - Successfully ran Files.createDirectories /home/runner/work/ratis/ratis/ratis-examples/target/test/data/937c4279/MiniRaftClusterWithNettyd4d3c057/s8/b627d630-71ad-454a-8bb1-3c7173caae07/sm
2022-08-22 16:51:09,352 INFO  storage.RaftStorage (RaftStorageImpl.java:format(96)) - Storage directory /home/runner/work/ratis/ratis/ratis-examples/target/test/data/937c4279/MiniRaftClusterWithNettyd4d3c057/s8/b627d630-71ad-454a-8bb1-3c7173caae07 has been successfully formatted.
2022-08-22 16:51:09,352 WARN  statemachine.StateMachine (ArithmeticStateMachine.java:load(114)) - The snapshot info is null.
2022-08-22 16:51:09,352 INFO  server.RaftServerConfigKeys (ConfUtils.java:logGet(46)) - raft.server.log.use.memory = false (default)
2022-08-22 16:51:09,352 INFO  server.RaftServerConfigKeys (ConfUtils.java:logGet(46)) - raft.server.log.purge.gap = 1024 (default)
2022-08-22 16:51:09,352 INFO  server.RaftServerConfigKeys (ConfUtils.java:logGet(46)) - raft.server.log.appender.buffer.byte-limit = 4MB (=4194304) (default)
2022-08-22 16:51:09,353 INFO  server.RaftServerConfigKeys (ConfUtils.java:logGet(46)) - raft.server.log.statemachine.data.read.timeout = 1000ms (default)
2022-08-22 16:51:09,353 INFO  server.RaftServerConfigKeys (ConfUtils.java:logGet(46)) - raft.server.log.purge.preservation.log.num = 0 (default)
2022-08-22 16:51:09,353 INFO  server.RaftServerConfigKeys (ConfUtils.java:logGet(46)) - raft.server.log.segment.size.max = 8MB (=8388608) (default)
2022-08-22 16:51:09,353 INFO  server.RaftServerConfigKeys (ConfUtils.java:logGet(46)) - raft.server.log.segment.cache.num.max = 6 (default)
2022-08-22 16:51:09,353 INFO  server.RaftServerConfigKeys (ConfUtils.java:logGet(46)) - raft.server.log.segment.cache.size.max = 200MB (=209715200) (default)
2022-08-22 16:51:09,353 INFO  segmented.SegmentedRaftLogWorker (SegmentedRaftLogWorker.java:<init>(191)) - new s8@group-3C7173CAAE07-SegmentedRaftLogWorker for RaftStorageImpl:Storage Directory /home/runner/work/ratis/ratis/ratis-examples/target/test/data/937c4279/MiniRaftClusterWithNettyd4d3c057/s8/b627d630-71ad-454a-8bb1-3c7173caae07
2022-08-22 16:51:09,353 INFO  server.RaftServerConfigKeys (ConfUtils.java:logGet(46)) - raft.server.log.queue.byte-limit = 64MB (=67108864) (default)
2022-08-22 16:51:09,353 INFO  server.RaftServerConfigKeys (ConfUtils.java:logGet(46)) - raft.server.log.queue.element-limit = 4096 (default)
2022-08-22 16:51:09,353 INFO  server.RaftServerConfigKeys (ConfUtils.java:logGet(46)) - raft.server.log.segment.size.max = 8MB (=8388608) (default)
2022-08-22 16:51:09,353 INFO  server.RaftServerConfigKeys (ConfUtils.java:logGet(46)) - raft.server.log.preallocated.size = 4MB (=4194304) (default)
2022-08-22 16:51:09,353 INFO  server.RaftServerConfigKeys (ConfUtils.java:logGet(46)) - raft.server.log.force.sync.num = 128 (default)
2022-08-22 16:51:09,353 INFO  server.RaftServerConfigKeys (ConfUtils.java:logGet(46)) - raft.server.log.statemachine.data.sync = true (default)
2022-08-22 16:51:09,353 INFO  server.RaftServerConfigKeys (ConfUtils.java:logGet(46)) - raft.server.log.statemachine.data.sync.timeout = 10s (default)
2022-08-22 16:51:09,353 INFO  server.RaftServerConfigKeys (ConfUtils.java:logGet(46)) - raft.server.log.statemachine.data.sync.timeout.retry = -1 (default)
2022-08-22 16:51:09,353 INFO  server.RaftServerConfigKeys (ConfUtils.java:logGet(46)) - raft.server.log.write.buffer.size = 64KB (=65536) (default)
2022-08-22 16:51:09,353 INFO  server.RaftServerConfigKeys (ConfUtils.java:logGet(46)) - raft.server.log.unsafe-flush.enabled = false (default)
2022-08-22 16:51:09,354 INFO  server.RaftServerConfigKeys (ConfUtils.java:logGet(46)) - raft.server.log.async-flush.enabled = false (default)
2022-08-22 16:51:09,354 INFO  server.RaftServerConfigKeys (ConfUtils.java:logGet(46)) - raft.server.log.statemachine.data.caching.enabled = false (default)
2022-08-22 16:51:09,354 INFO  segmented.SegmentedRaftLogWorker (SegmentedRaftLogWorker.java:lambda$new$0(136)) - s8@group-3C7173CAAE07-SegmentedRaftLogWorker: flushIndex: setUnconditionally 0 -> -1
2022-08-22 16:51:09,354 INFO  segmented.SegmentedRaftLogWorker (SegmentedRaftLogWorker.java:lambda$new$0(136)) - s8@group-3C7173CAAE07-SegmentedRaftLogWorker: safeCacheEvictIndex: setUnconditionally 0 -> -1
2022-08-22 16:51:09,354 INFO  server.RaftServer$Division (RaftServerImpl.java:start(333)) - s8@group-3C7173CAAE07: start with initializing state, conf=-1: peers:[]|listeners:[], old=null
2022-08-22 16:51:09,354 INFO  server.RaftServer$Division (RaftServerImpl.java:setRole(314)) - s8@group-3C7173CAAE07: changes role from      null to FOLLOWER at term 0 for startInitializing
2022-08-22 16:51:09,354 INFO  util.JmxRegister (JmxRegister.java:tryRegister(44)) - Successfully registered JMX Bean with object name Ratis:service=RaftServer,group=group-3C7173CAAE07,id=s8
2022-08-22 16:51:09,354 INFO  server.RaftServerConfigKeys (ConfUtils.java:logGet(46)) - raft.server.snapshot.auto.trigger.enabled = false (default)
2022-08-22 16:51:09,354 INFO  server.RaftServerConfigKeys (ConfUtils.java:logGet(46)) - raft.server.snapshot.retention.file.num = -1 (default)
2022-08-22 16:51:09,354 INFO  server.RaftServerConfigKeys (ConfUtils.java:logGet(46)) - raft.server.log.purge.upto.snapshot.index = false (default)
2022-08-22 16:51:09,354 INFO  server.RaftServer (RaftServerProxy.java:startImpl(387)) - s8: start RPC server
2022-08-22 16:51:09,355 INFO  logging.LoggingHandler (AbstractInternalLogger.java:log(148)) - [id: 0x180513c2] REGISTERED
2022-08-22 16:51:09,355 INFO  logging.LoggingHandler (AbstractInternalLogger.java:log(148)) - [id: 0x180513c2] BIND: 0.0.0.0/0.0.0.0:45509
2022-08-22 16:51:09,355 INFO  logging.LoggingHandler (AbstractInternalLogger.java:log(148)) - [id: 0x180513c2, L:/0.0.0.0:45509] ACTIVE
2022-08-22 16:51:09,356 INFO  util.JvmPauseMonitor (JvmPauseMonitor.java:run(103)) - JvmPauseMonitor-s8: Started
2022-08-22 16:51:09,356 INFO  storage.RaftStorageDirectory (RaftStorageDirectoryImpl.java:analyzeStorage(137)) - The storage directory /home/runner/work/ratis/ratis/ratis-examples/target/test/data/937c4279/MiniRaftClusterWithNettyd4d3c057/s9/b627d630-71ad-454a-8bb1-3c7173caae07 does not exist. Creating ...
2022-08-22 16:51:09,356 TRACE util.FileUtils (LogUtils.java:runAndLog(49)) - Successfully ran Files.createDirectories /home/runner/work/ratis/ratis/ratis-examples/target/test/data/937c4279/MiniRaftClusterWithNettyd4d3c057/s9/b627d630-71ad-454a-8bb1-3c7173caae07
2022-08-22 16:51:09,363 INFO  storage.RaftStorageDirectory (RaftStorageDirectoryImpl.java:tryLock(231)) - Lock on /home/runner/work/ratis/ratis/ratis-examples/target/test/data/937c4279/MiniRaftClusterWithNettyd4d3c057/s9/b627d630-71ad-454a-8bb1-3c7173caae07/in_use.lock acquired by nodename 14926@fv-az83-922
2022-08-22 16:51:09,363 TRACE util.FileUtils (LogUtils.java:runAndLog(49)) - Successfully ran Files.createDirectories /home/runner/work/ratis/ratis/ratis-examples/target/test/data/937c4279/MiniRaftClusterWithNettyd4d3c057/s9/b627d630-71ad-454a-8bb1-3c7173caae07/current
2022-08-22 16:51:09,363 TRACE util.FileUtils (LogUtils.java:runAndLog(49)) - Successfully ran Files.createDirectories /home/runner/work/ratis/ratis/ratis-examples/target/test/data/937c4279/MiniRaftClusterWithNettyd4d3c057/s9/b627d630-71ad-454a-8bb1-3c7173caae07/sm
2022-08-22 16:51:09,370 INFO  storage.RaftStorage (RaftStorageImpl.java:format(96)) - Storage directory /home/runner/work/ratis/ratis/ratis-examples/target/test/data/937c4279/MiniRaftClusterWithNettyd4d3c057/s9/b627d630-71ad-454a-8bb1-3c7173caae07 has been successfully formatted.
2022-08-22 16:51:09,370 WARN  statemachine.StateMachine (ArithmeticStateMachine.java:load(114)) - The snapshot info is null.
2022-08-22 16:51:09,370 INFO  server.RaftServerConfigKeys (ConfUtils.java:logGet(46)) - raft.server.log.use.memory = false (default)
2022-08-22 16:51:09,370 INFO  server.RaftServerConfigKeys (ConfUtils.java:logGet(46)) - raft.server.log.purge.gap = 1024 (default)
2022-08-22 16:51:09,370 INFO  server.RaftServerConfigKeys (ConfUtils.java:logGet(46)) - raft.server.log.appender.buffer.byte-limit = 4MB (=4194304) (default)
2022-08-22 16:51:09,370 INFO  server.RaftServerConfigKeys (ConfUtils.java:logGet(46)) - raft.server.log.statemachine.data.read.timeout = 1000ms (default)
2022-08-22 16:51:09,371 INFO  server.RaftServerConfigKeys (ConfUtils.java:logGet(46)) - raft.server.log.purge.preservation.log.num = 0 (default)
2022-08-22 16:51:09,371 INFO  server.RaftServerConfigKeys (ConfUtils.java:logGet(46)) - raft.server.log.segment.size.max = 8MB (=8388608) (default)
2022-08-22 16:51:09,371 INFO  server.RaftServerConfigKeys (ConfUtils.java:logGet(46)) - raft.server.log.segment.cache.num.max = 6 (default)
2022-08-22 16:51:09,371 INFO  server.RaftServerConfigKeys (ConfUtils.java:logGet(46)) - raft.server.log.segment.cache.size.max = 200MB (=209715200) (default)
2022-08-22 16:51:09,371 INFO  segmented.SegmentedRaftLogWorker (SegmentedRaftLogWorker.java:<init>(191)) - new s9@group-3C7173CAAE07-SegmentedRaftLogWorker for RaftStorageImpl:Storage Directory /home/runner/work/ratis/ratis/ratis-examples/target/test/data/937c4279/MiniRaftClusterWithNettyd4d3c057/s9/b627d630-71ad-454a-8bb1-3c7173caae07
2022-08-22 16:51:09,371 INFO  server.RaftServerConfigKeys (ConfUtils.java:logGet(46)) - raft.server.log.queue.byte-limit = 64MB (=67108864) (default)
2022-08-22 16:51:09,371 INFO  server.RaftServerConfigKeys (ConfUtils.java:logGet(46)) - raft.server.log.queue.element-limit = 4096 (default)
2022-08-22 16:51:09,371 INFO  server.RaftServerConfigKeys (ConfUtils.java:logGet(46)) - raft.server.log.segment.size.max = 8MB (=8388608) (default)
2022-08-22 16:51:09,371 INFO  server.RaftServerConfigKeys (ConfUtils.java:logGet(46)) - raft.server.log.preallocated.size = 4MB (=4194304) (default)
2022-08-22 16:51:09,371 INFO  server.RaftServerConfigKeys (ConfUtils.java:logGet(46)) - raft.server.log.force.sync.num = 128 (default)
2022-08-22 16:51:09,371 INFO  server.RaftServerConfigKeys (ConfUtils.java:logGet(46)) - raft.server.log.statemachine.data.sync = true (default)
2022-08-22 16:51:09,371 INFO  server.RaftServerConfigKeys (ConfUtils.java:logGet(46)) - raft.server.log.statemachine.data.sync.timeout = 10s (default)
2022-08-22 16:51:09,371 INFO  server.RaftServerConfigKeys (ConfUtils.java:logGet(46)) - raft.server.log.statemachine.data.sync.timeout.retry = -1 (default)
2022-08-22 16:51:09,371 INFO  server.RaftServerConfigKeys (ConfUtils.java:logGet(46)) - raft.server.log.write.buffer.size = 64KB (=65536) (default)
2022-08-22 16:51:09,371 INFO  server.RaftServerConfigKeys (ConfUtils.java:logGet(46)) - raft.server.log.unsafe-flush.enabled = false (default)
2022-08-22 16:51:09,371 INFO  server.RaftServerConfigKeys (ConfUtils.java:logGet(46)) - raft.server.log.async-flush.enabled = false (default)
2022-08-22 16:51:09,371 INFO  server.RaftServerConfigKeys (ConfUtils.java:logGet(46)) - raft.server.log.statemachine.data.caching.enabled = false (default)
2022-08-22 16:51:09,372 INFO  segmented.SegmentedRaftLogWorker (SegmentedRaftLogWorker.java:lambda$new$0(136)) - s9@group-3C7173CAAE07-SegmentedRaftLogWorker: flushIndex: setUnconditionally 0 -> -1
2022-08-22 16:51:09,372 INFO  segmented.SegmentedRaftLogWorker (SegmentedRaftLogWorker.java:lambda$new$0(136)) - s9@group-3C7173CAAE07-SegmentedRaftLogWorker: safeCacheEvictIndex: setUnconditionally 0 -> -1
2022-08-22 16:51:09,372 INFO  server.RaftServer$Division (RaftServerImpl.java:start(333)) - s9@group-3C7173CAAE07: start with initializing state, conf=-1: peers:[]|listeners:[], old=null
2022-08-22 16:51:09,372 INFO  server.RaftServer$Division (RaftServerImpl.java:setRole(314)) - s9@group-3C7173CAAE07: changes role from      null to FOLLOWER at term 0 for startInitializing
2022-08-22 16:51:09,372 INFO  util.JmxRegister (JmxRegister.java:tryRegister(44)) - Successfully registered JMX Bean with object name Ratis:service=RaftServer,group=group-3C7173CAAE07,id=s9
2022-08-22 16:51:09,372 INFO  server.RaftServerConfigKeys (ConfUtils.java:logGet(46)) - raft.server.snapshot.auto.trigger.enabled = false (default)
2022-08-22 16:51:09,372 INFO  server.RaftServerConfigKeys (ConfUtils.java:logGet(46)) - raft.server.snapshot.retention.file.num = -1 (default)
2022-08-22 16:51:09,372 INFO  server.RaftServerConfigKeys (ConfUtils.java:logGet(46)) - raft.server.log.purge.upto.snapshot.index = false (default)
2022-08-22 16:51:09,372 INFO  server.RaftServer (RaftServerProxy.java:startImpl(387)) - s9: start RPC server
2022-08-22 16:51:09,374 INFO  logging.LoggingHandler (AbstractInternalLogger.java:log(148)) - [id: 0xea2f2cc6] REGISTERED
2022-08-22 16:51:09,374 INFO  logging.LoggingHandler (AbstractInternalLogger.java:log(148)) - [id: 0xea2f2cc6] BIND: 0.0.0.0/0.0.0.0:40607
2022-08-22 16:51:09,374 INFO  logging.LoggingHandler (AbstractInternalLogger.java:log(148)) - [id: 0xea2f2cc6, L:/0.0.0.0:40607] ACTIVE
2022-08-22 16:51:09,374 INFO  util.JvmPauseMonitor (JvmPauseMonitor.java:run(103)) - JvmPauseMonitor-s9: Started
2022-08-22 16:51:09,374 INFO  storage.RaftStorageDirectory (RaftStorageDirectoryImpl.java:analyzeStorage(137)) - The storage directory /home/runner/work/ratis/ratis/ratis-examples/target/test/data/937c4279/MiniRaftClusterWithNettyd4d3c057/s11/b627d630-71ad-454a-8bb1-3c7173caae07 does not exist. Creating ...
2022-08-22 16:51:09,374 TRACE util.FileUtils (LogUtils.java:runAndLog(49)) - Successfully ran Files.createDirectories /home/runner/work/ratis/ratis/ratis-examples/target/test/data/937c4279/MiniRaftClusterWithNettyd4d3c057/s11/b627d630-71ad-454a-8bb1-3c7173caae07
2022-08-22 16:51:09,381 INFO  storage.RaftStorageDirectory (RaftStorageDirectoryImpl.java:tryLock(231)) - Lock on /home/runner/work/ratis/ratis/ratis-examples/target/test/data/937c4279/MiniRaftClusterWithNettyd4d3c057/s11/b627d630-71ad-454a-8bb1-3c7173caae07/in_use.lock acquired by nodename 14926@fv-az83-922
2022-08-22 16:51:09,382 TRACE util.FileUtils (LogUtils.java:runAndLog(49)) - Successfully ran Files.createDirectories /home/runner/work/ratis/ratis/ratis-examples/target/test/data/937c4279/MiniRaftClusterWithNettyd4d3c057/s11/b627d630-71ad-454a-8bb1-3c7173caae07/current
2022-08-22 16:51:09,382 TRACE util.FileUtils (LogUtils.java:runAndLog(49)) - Successfully ran Files.createDirectories /home/runner/work/ratis/ratis/ratis-examples/target/test/data/937c4279/MiniRaftClusterWithNettyd4d3c057/s11/b627d630-71ad-454a-8bb1-3c7173caae07/sm
2022-08-22 16:51:09,392 INFO  storage.RaftStorage (RaftStorageImpl.java:format(96)) - Storage directory /home/runner/work/ratis/ratis/ratis-examples/target/test/data/937c4279/MiniRaftClusterWithNettyd4d3c057/s11/b627d630-71ad-454a-8bb1-3c7173caae07 has been successfully formatted.
2022-08-22 16:51:09,393 WARN  statemachine.StateMachine (ArithmeticStateMachine.java:load(114)) - The snapshot info is null.
2022-08-22 16:51:09,393 INFO  server.RaftServerConfigKeys (ConfUtils.java:logGet(46)) - raft.server.log.use.memory = false (default)
2022-08-22 16:51:09,393 INFO  server.RaftServerConfigKeys (ConfUtils.java:logGet(46)) - raft.server.log.purge.gap = 1024 (default)
2022-08-22 16:51:09,393 INFO  server.RaftServerConfigKeys (ConfUtils.java:logGet(46)) - raft.server.log.appender.buffer.byte-limit = 4MB (=4194304) (default)
2022-08-22 16:51:09,393 INFO  server.RaftServerConfigKeys (ConfUtils.java:logGet(46)) - raft.server.log.statemachine.data.read.timeout = 1000ms (default)
2022-08-22 16:51:09,393 INFO  server.RaftServerConfigKeys (ConfUtils.java:logGet(46)) - raft.server.log.purge.preservation.log.num = 0 (default)
2022-08-22 16:51:09,393 INFO  server.RaftServerConfigKeys (ConfUtils.java:logGet(46)) - raft.server.log.segment.size.max = 8MB (=8388608) (default)
2022-08-22 16:51:09,393 INFO  server.RaftServerConfigKeys (ConfUtils.java:logGet(46)) - raft.server.log.segment.cache.num.max = 6 (default)
2022-08-22 16:51:09,393 INFO  server.RaftServerConfigKeys (ConfUtils.java:logGet(46)) - raft.server.log.segment.cache.size.max = 200MB (=209715200) (default)
2022-08-22 16:51:09,393 INFO  segmented.SegmentedRaftLogWorker (SegmentedRaftLogWorker.java:<init>(191)) - new s11@group-3C7173CAAE07-SegmentedRaftLogWorker for RaftStorageImpl:Storage Directory /home/runner/work/ratis/ratis/ratis-examples/target/test/data/937c4279/MiniRaftClusterWithNettyd4d3c057/s11/b627d630-71ad-454a-8bb1-3c7173caae07
2022-08-22 16:51:09,393 INFO  server.RaftServerConfigKeys (ConfUtils.java:logGet(46)) - raft.server.log.queue.byte-limit = 64MB (=67108864) (default)
2022-08-22 16:51:09,393 INFO  server.RaftServerConfigKeys (ConfUtils.java:logGet(46)) - raft.server.log.queue.element-limit = 4096 (default)
2022-08-22 16:51:09,393 INFO  server.RaftServerConfigKeys (ConfUtils.java:logGet(46)) - raft.server.log.segment.size.max = 8MB (=8388608) (default)
2022-08-22 16:51:09,393 INFO  server.RaftServerConfigKeys (ConfUtils.java:logGet(46)) - raft.server.log.preallocated.size = 4MB (=4194304) (default)
2022-08-22 16:51:09,393 INFO  server.RaftServerConfigKeys (ConfUtils.java:logGet(46)) - raft.server.log.force.sync.num = 128 (default)
2022-08-22 16:51:09,394 INFO  server.RaftServerConfigKeys (ConfUtils.java:logGet(46)) - raft.server.log.statemachine.data.sync = true (default)
2022-08-22 16:51:09,394 INFO  server.RaftServerConfigKeys (ConfUtils.java:logGet(46)) - raft.server.log.statemachine.data.sync.timeout = 10s (default)
2022-08-22 16:51:09,394 INFO  server.RaftServerConfigKeys (ConfUtils.java:logGet(46)) - raft.server.log.statemachine.data.sync.timeout.retry = -1 (default)
2022-08-22 16:51:09,394 INFO  server.RaftServerConfigKeys (ConfUtils.java:logGet(46)) - raft.server.log.write.buffer.size = 64KB (=65536) (default)
2022-08-22 16:51:09,394 INFO  server.RaftServerConfigKeys (ConfUtils.java:logGet(46)) - raft.server.log.unsafe-flush.enabled = false (default)
2022-08-22 16:51:09,394 INFO  server.RaftServerConfigKeys (ConfUtils.java:logGet(46)) - raft.server.log.async-flush.enabled = false (default)
2022-08-22 16:51:09,394 INFO  server.RaftServerConfigKeys (ConfUtils.java:logGet(46)) - raft.server.log.statemachine.data.caching.enabled = false (default)
2022-08-22 16:51:09,396 INFO  segmented.SegmentedRaftLogWorker (SegmentedRaftLogWorker.java:lambda$new$0(136)) - s11@group-3C7173CAAE07-SegmentedRaftLogWorker: flushIndex: setUnconditionally 0 -> -1
2022-08-22 16:51:09,396 INFO  segmented.SegmentedRaftLogWorker (SegmentedRaftLogWorker.java:lambda$new$0(136)) - s11@group-3C7173CAAE07-SegmentedRaftLogWorker: safeCacheEvictIndex: setUnconditionally 0 -> -1
2022-08-22 16:51:09,397 INFO  server.RaftServer$Division (RaftServerImpl.java:start(333)) - s11@group-3C7173CAAE07: start with initializing state, conf=-1: peers:[]|listeners:[], old=null
2022-08-22 16:51:09,397 INFO  server.RaftServer$Division (RaftServerImpl.java:setRole(314)) - s11@group-3C7173CAAE07: changes role from      null to FOLLOWER at term 0 for startInitializing
2022-08-22 16:51:09,397 INFO  util.JmxRegister (JmxRegister.java:tryRegister(44)) - Successfully registered JMX Bean with object name Ratis:service=RaftServer,group=group-3C7173CAAE07,id=s11
2022-08-22 16:51:09,397 INFO  server.RaftServerConfigKeys (ConfUtils.java:logGet(46)) - raft.server.snapshot.auto.trigger.enabled = false (default)
2022-08-22 16:51:09,397 INFO  server.RaftServerConfigKeys (ConfUtils.java:logGet(46)) - raft.server.snapshot.retention.file.num = -1 (default)
2022-08-22 16:51:09,397 INFO  server.RaftServerConfigKeys (ConfUtils.java:logGet(46)) - raft.server.log.purge.upto.snapshot.index = false (default)
2022-08-22 16:51:09,398 INFO  server.RaftServer (RaftServerProxy.java:startImpl(387)) - s11: start RPC server
2022-08-22 16:51:09,399 INFO  logging.LoggingHandler (AbstractInternalLogger.java:log(148)) - [id: 0xe1cdea42] REGISTERED
2022-08-22 16:51:09,399 INFO  logging.LoggingHandler (AbstractInternalLogger.java:log(148)) - [id: 0xe1cdea42] BIND: 0.0.0.0/0.0.0.0:46071
2022-08-22 16:51:09,399 INFO  logging.LoggingHandler (AbstractInternalLogger.java:log(148)) - [id: 0xe1cdea42, L:/0.0.0.0:46071] ACTIVE
2022-08-22 16:51:09,400 INFO  util.JvmPauseMonitor (JvmPauseMonitor.java:run(103)) - JvmPauseMonitor-s11: Started
2022-08-22 16:51:09,400 INFO  storage.RaftStorageDirectory (RaftStorageDirectoryImpl.java:analyzeStorage(137)) - The storage directory /home/runner/work/ratis/ratis/ratis-examples/target/test/data/937c4279/MiniRaftClusterWithNettyd4d3c057/s10/b627d630-71ad-454a-8bb1-3c7173caae07 does not exist. Creating ...
2022-08-22 16:51:09,400 TRACE util.FileUtils (LogUtils.java:runAndLog(49)) - Successfully ran Files.createDirectories /home/runner/work/ratis/ratis/ratis-examples/target/test/data/937c4279/MiniRaftClusterWithNettyd4d3c057/s10/b627d630-71ad-454a-8bb1-3c7173caae07
2022-08-22 16:51:09,407 INFO  storage.RaftStorageDirectory (RaftStorageDirectoryImpl.java:tryLock(231)) - Lock on /home/runner/work/ratis/ratis/ratis-examples/target/test/data/937c4279/MiniRaftClusterWithNettyd4d3c057/s10/b627d630-71ad-454a-8bb1-3c7173caae07/in_use.lock acquired by nodename 14926@fv-az83-922
2022-08-22 16:51:09,407 TRACE util.FileUtils (LogUtils.java:runAndLog(49)) - Successfully ran Files.createDirectories /home/runner/work/ratis/ratis/ratis-examples/target/test/data/937c4279/MiniRaftClusterWithNettyd4d3c057/s10/b627d630-71ad-454a-8bb1-3c7173caae07/current
2022-08-22 16:51:09,407 TRACE util.FileUtils (LogUtils.java:runAndLog(49)) - Successfully ran Files.createDirectories /home/runner/work/ratis/ratis/ratis-examples/target/test/data/937c4279/MiniRaftClusterWithNettyd4d3c057/s10/b627d630-71ad-454a-8bb1-3c7173caae07/sm
2022-08-22 16:51:09,414 INFO  storage.RaftStorage (RaftStorageImpl.java:format(96)) - Storage directory /home/runner/work/ratis/ratis/ratis-examples/target/test/data/937c4279/MiniRaftClusterWithNettyd4d3c057/s10/b627d630-71ad-454a-8bb1-3c7173caae07 has been successfully formatted.
2022-08-22 16:51:09,415 WARN  statemachine.StateMachine (ArithmeticStateMachine.java:load(114)) - The snapshot info is null.
2022-08-22 16:51:09,415 INFO  server.RaftServerConfigKeys (ConfUtils.java:logGet(46)) - raft.server.log.use.memory = false (default)
2022-08-22 16:51:09,415 INFO  server.RaftServerConfigKeys (ConfUtils.java:logGet(46)) - raft.server.log.purge.gap = 1024 (default)
2022-08-22 16:51:09,415 INFO  server.RaftServerConfigKeys (ConfUtils.java:logGet(46)) - raft.server.log.appender.buffer.byte-limit = 4MB (=4194304) (default)
2022-08-22 16:51:09,415 INFO  server.RaftServerConfigKeys (ConfUtils.java:logGet(46)) - raft.server.log.statemachine.data.read.timeout = 1000ms (default)
2022-08-22 16:51:09,415 INFO  server.RaftServerConfigKeys (ConfUtils.java:logGet(46)) - raft.server.log.purge.preservation.log.num = 0 (default)
2022-08-22 16:51:09,415 INFO  server.RaftServerConfigKeys (ConfUtils.java:logGet(46)) - raft.server.log.segment.size.max = 8MB (=8388608) (default)
2022-08-22 16:51:09,415 INFO  server.RaftServerConfigKeys (ConfUtils.java:logGet(46)) - raft.server.log.segment.cache.num.max = 6 (default)
2022-08-22 16:51:09,415 INFO  server.RaftServerConfigKeys (ConfUtils.java:logGet(46)) - raft.server.log.segment.cache.size.max = 200MB (=209715200) (default)
2022-08-22 16:51:09,415 INFO  segmented.SegmentedRaftLogWorker (SegmentedRaftLogWorker.java:<init>(191)) - new s10@group-3C7173CAAE07-SegmentedRaftLogWorker for RaftStorageImpl:Storage Directory /home/runner/work/ratis/ratis/ratis-examples/target/test/data/937c4279/MiniRaftClusterWithNettyd4d3c057/s10/b627d630-71ad-454a-8bb1-3c7173caae07
2022-08-22 16:51:09,415 INFO  server.RaftServerConfigKeys (ConfUtils.java:logGet(46)) - raft.server.log.queue.byte-limit = 64MB (=67108864) (default)
2022-08-22 16:51:09,415 INFO  server.RaftServerConfigKeys (ConfUtils.java:logGet(46)) - raft.server.log.queue.element-limit = 4096 (default)
2022-08-22 16:51:09,415 INFO  server.RaftServerConfigKeys (ConfUtils.java:logGet(46)) - raft.server.log.segment.size.max = 8MB (=8388608) (default)
2022-08-22 16:51:09,415 INFO  server.RaftServerConfigKeys (ConfUtils.java:logGet(46)) - raft.server.log.preallocated.size = 4MB (=4194304) (default)
2022-08-22 16:51:09,415 INFO  server.RaftServerConfigKeys (ConfUtils.java:logGet(46)) - raft.server.log.force.sync.num = 128 (default)
2022-08-22 16:51:09,415 INFO  server.RaftServerConfigKeys (ConfUtils.java:logGet(46)) - raft.server.log.statemachine.data.sync = true (default)
2022-08-22 16:51:09,415 INFO  server.RaftServerConfigKeys (ConfUtils.java:logGet(46)) - raft.server.log.statemachine.data.sync.timeout = 10s (default)
2022-08-22 16:51:09,415 INFO  server.RaftServerConfigKeys (ConfUtils.java:logGet(46)) - raft.server.log.statemachine.data.sync.timeout.retry = -1 (default)
2022-08-22 16:51:09,416 INFO  server.RaftServerConfigKeys (ConfUtils.java:logGet(46)) - raft.server.log.write.buffer.size = 64KB (=65536) (default)
2022-08-22 16:51:09,416 INFO  server.RaftServerConfigKeys (ConfUtils.java:logGet(46)) - raft.server.log.unsafe-flush.enabled = false (default)
2022-08-22 16:51:09,416 INFO  server.RaftServerConfigKeys (ConfUtils.java:logGet(46)) - raft.server.log.async-flush.enabled = false (default)
2022-08-22 16:51:09,416 INFO  server.RaftServerConfigKeys (ConfUtils.java:logGet(46)) - raft.server.log.statemachine.data.caching.enabled = false (default)
2022-08-22 16:51:09,416 INFO  segmented.SegmentedRaftLogWorker (SegmentedRaftLogWorker.java:lambda$new$0(136)) - s10@group-3C7173CAAE07-SegmentedRaftLogWorker: flushIndex: setUnconditionally 0 -> -1
2022-08-22 16:51:09,416 INFO  segmented.SegmentedRaftLogWorker (SegmentedRaftLogWorker.java:lambda$new$0(136)) - s10@group-3C7173CAAE07-SegmentedRaftLogWorker: safeCacheEvictIndex: setUnconditionally 0 -> -1
2022-08-22 16:51:09,416 INFO  server.RaftServer$Division (RaftServerImpl.java:start(333)) - s10@group-3C7173CAAE07: start with initializing state, conf=-1: peers:[]|listeners:[], old=null
2022-08-22 16:51:09,416 INFO  server.RaftServer$Division (RaftServerImpl.java:setRole(314)) - s10@group-3C7173CAAE07: changes role from      null to FOLLOWER at term 0 for startInitializing
2022-08-22 16:51:09,417 INFO  util.JmxRegister (JmxRegister.java:tryRegister(44)) - Successfully registered JMX Bean with object name Ratis:service=RaftServer,group=group-3C7173CAAE07,id=s10
2022-08-22 16:51:09,417 INFO  server.RaftServerConfigKeys (ConfUtils.java:logGet(46)) - raft.server.snapshot.auto.trigger.enabled = false (default)
2022-08-22 16:51:09,417 INFO  server.RaftServerConfigKeys (ConfUtils.java:logGet(46)) - raft.server.snapshot.retention.file.num = -1 (default)
2022-08-22 16:51:09,417 INFO  server.RaftServerConfigKeys (ConfUtils.java:logGet(46)) - raft.server.log.purge.upto.snapshot.index = false (default)
2022-08-22 16:51:09,417 INFO  server.RaftServer (RaftServerProxy.java:startImpl(387)) - s10: start RPC server
2022-08-22 16:51:09,418 INFO  logging.LoggingHandler (AbstractInternalLogger.java:log(148)) - [id: 0x0af51164] REGISTERED
2022-08-22 16:51:09,418 INFO  logging.LoggingHandler (AbstractInternalLogger.java:log(148)) - [id: 0x0af51164] BIND: 0.0.0.0/0.0.0.0:45121
2022-08-22 16:51:09,418 INFO  logging.LoggingHandler (AbstractInternalLogger.java:log(148)) - [id: 0x0af51164, L:/0.0.0.0:45121] ACTIVE
2022-08-22 16:51:09,418 INFO  storage.RaftStorageDirectory (RaftStorageDirectoryImpl.java:analyzeStorage(137)) - The storage directory /home/runner/work/ratis/ratis/ratis-examples/target/test/data/937c4279/MiniRaftClusterWithNettyd4d3c057/s13/b627d630-71ad-454a-8bb1-3c7173caae07 does not exist. Creating ...
2022-08-22 16:51:09,419 TRACE util.FileUtils (LogUtils.java:runAndLog(49)) - Successfully ran Files.createDirectories /home/runner/work/ratis/ratis/ratis-examples/target/test/data/937c4279/MiniRaftClusterWithNettyd4d3c057/s13/b627d630-71ad-454a-8bb1-3c7173caae07
2022-08-22 16:51:09,419 INFO  util.JvmPauseMonitor (JvmPauseMonitor.java:run(103)) - JvmPauseMonitor-s10: Started
2022-08-22 16:51:09,427 INFO  storage.RaftStorageDirectory (RaftStorageDirectoryImpl.java:tryLock(231)) - Lock on /home/runner/work/ratis/ratis/ratis-examples/target/test/data/937c4279/MiniRaftClusterWithNettyd4d3c057/s13/b627d630-71ad-454a-8bb1-3c7173caae07/in_use.lock acquired by nodename 14926@fv-az83-922
2022-08-22 16:51:09,427 TRACE util.FileUtils (LogUtils.java:runAndLog(49)) - Successfully ran Files.createDirectories /home/runner/work/ratis/ratis/ratis-examples/target/test/data/937c4279/MiniRaftClusterWithNettyd4d3c057/s13/b627d630-71ad-454a-8bb1-3c7173caae07/current
2022-08-22 16:51:09,427 TRACE util.FileUtils (LogUtils.java:runAndLog(49)) - Successfully ran Files.createDirectories /home/runner/work/ratis/ratis/ratis-examples/target/test/data/937c4279/MiniRaftClusterWithNettyd4d3c057/s13/b627d630-71ad-454a-8bb1-3c7173caae07/sm
2022-08-22 16:51:09,434 INFO  storage.RaftStorage (RaftStorageImpl.java:format(96)) - Storage directory /home/runner/work/ratis/ratis/ratis-examples/target/test/data/937c4279/MiniRaftClusterWithNettyd4d3c057/s13/b627d630-71ad-454a-8bb1-3c7173caae07 has been successfully formatted.
2022-08-22 16:51:09,434 WARN  statemachine.StateMachine (ArithmeticStateMachine.java:load(114)) - The snapshot info is null.
2022-08-22 16:51:09,434 INFO  server.RaftServerConfigKeys (ConfUtils.java:logGet(46)) - raft.server.log.use.memory = false (default)
2022-08-22 16:51:09,434 INFO  server.RaftServerConfigKeys (ConfUtils.java:logGet(46)) - raft.server.log.purge.gap = 1024 (default)
2022-08-22 16:51:09,434 INFO  server.RaftServerConfigKeys (ConfUtils.java:logGet(46)) - raft.server.log.appender.buffer.byte-limit = 4MB (=4194304) (default)
2022-08-22 16:51:09,434 INFO  server.RaftServerConfigKeys (ConfUtils.java:logGet(46)) - raft.server.log.statemachine.data.read.timeout = 1000ms (default)
2022-08-22 16:51:09,434 INFO  server.RaftServerConfigKeys (ConfUtils.java:logGet(46)) - raft.server.log.purge.preservation.log.num = 0 (default)
2022-08-22 16:51:09,435 INFO  server.RaftServerConfigKeys (ConfUtils.java:logGet(46)) - raft.server.log.segment.size.max = 8MB (=8388608) (default)
2022-08-22 16:51:09,435 INFO  server.RaftServerConfigKeys (ConfUtils.java:logGet(46)) - raft.server.log.segment.cache.num.max = 6 (default)
2022-08-22 16:51:09,435 INFO  server.RaftServerConfigKeys (ConfUtils.java:logGet(46)) - raft.server.log.segment.cache.size.max = 200MB (=209715200) (default)
2022-08-22 16:51:09,435 INFO  segmented.SegmentedRaftLogWorker (SegmentedRaftLogWorker.java:<init>(191)) - new s13@group-3C7173CAAE07-SegmentedRaftLogWorker for RaftStorageImpl:Storage Directory /home/runner/work/ratis/ratis/ratis-examples/target/test/data/937c4279/MiniRaftClusterWithNettyd4d3c057/s13/b627d630-71ad-454a-8bb1-3c7173caae07
2022-08-22 16:51:09,435 INFO  server.RaftServerConfigKeys (ConfUtils.java:logGet(46)) - raft.server.log.queue.byte-limit = 64MB (=67108864) (default)
2022-08-22 16:51:09,435 INFO  server.RaftServerConfigKeys (ConfUtils.java:logGet(46)) - raft.server.log.queue.element-limit = 4096 (default)
2022-08-22 16:51:09,435 INFO  server.RaftServerConfigKeys (ConfUtils.java:logGet(46)) - raft.server.log.segment.size.max = 8MB (=8388608) (default)
2022-08-22 16:51:09,435 INFO  server.RaftServerConfigKeys (ConfUtils.java:logGet(46)) - raft.server.log.preallocated.size = 4MB (=4194304) (default)
2022-08-22 16:51:09,435 INFO  server.RaftServerConfigKeys (ConfUtils.java:logGet(46)) - raft.server.log.force.sync.num = 128 (default)
2022-08-22 16:51:09,435 INFO  server.RaftServerConfigKeys (ConfUtils.java:logGet(46)) - raft.server.log.statemachine.data.sync = true (default)
2022-08-22 16:51:09,435 INFO  server.RaftServerConfigKeys (ConfUtils.java:logGet(46)) - raft.server.log.statemachine.data.sync.timeout = 10s (default)
2022-08-22 16:51:09,435 INFO  server.RaftServerConfigKeys (ConfUtils.java:logGet(46)) - raft.server.log.statemachine.data.sync.timeout.retry = -1 (default)
2022-08-22 16:51:09,435 INFO  server.RaftServerConfigKeys (ConfUtils.java:logGet(46)) - raft.server.log.write.buffer.size = 64KB (=65536) (default)
2022-08-22 16:51:09,435 INFO  server.RaftServerConfigKeys (ConfUtils.java:logGet(46)) - raft.server.log.unsafe-flush.enabled = false (default)
2022-08-22 16:51:09,435 INFO  server.RaftServerConfigKeys (ConfUtils.java:logGet(46)) - raft.server.log.async-flush.enabled = false (default)
2022-08-22 16:51:09,435 INFO  server.RaftServerConfigKeys (ConfUtils.java:logGet(46)) - raft.server.log.statemachine.data.caching.enabled = false (default)
2022-08-22 16:51:09,436 INFO  segmented.SegmentedRaftLogWorker (SegmentedRaftLogWorker.java:lambda$new$0(136)) - s13@group-3C7173CAAE07-SegmentedRaftLogWorker: flushIndex: setUnconditionally 0 -> -1
2022-08-22 16:51:09,436 INFO  segmented.SegmentedRaftLogWorker (SegmentedRaftLogWorker.java:lambda$new$0(136)) - s13@group-3C7173CAAE07-SegmentedRaftLogWorker: safeCacheEvictIndex: setUnconditionally 0 -> -1
2022-08-22 16:51:09,436 INFO  server.RaftServer$Division (RaftServerImpl.java:start(333)) - s13@group-3C7173CAAE07: start with initializing state, conf=-1: peers:[]|listeners:[], old=null
2022-08-22 16:51:09,436 INFO  server.RaftServer$Division (RaftServerImpl.java:setRole(314)) - s13@group-3C7173CAAE07: changes role from      null to FOLLOWER at term 0 for startInitializing
2022-08-22 16:51:09,436 INFO  util.JmxRegister (JmxRegister.java:tryRegister(44)) - Successfully registered JMX Bean with object name Ratis:service=RaftServer,group=group-3C7173CAAE07,id=s13
2022-08-22 16:51:09,436 INFO  server.RaftServerConfigKeys (ConfUtils.java:logGet(46)) - raft.server.snapshot.auto.trigger.enabled = false (default)
2022-08-22 16:51:09,436 INFO  server.RaftServerConfigKeys (ConfUtils.java:logGet(46)) - raft.server.snapshot.retention.file.num = -1 (default)
2022-08-22 16:51:09,436 INFO  server.RaftServerConfigKeys (ConfUtils.java:logGet(46)) - raft.server.log.purge.upto.snapshot.index = false (default)
2022-08-22 16:51:09,436 INFO  server.RaftServer (RaftServerProxy.java:startImpl(387)) - s13: start RPC server
2022-08-22 16:51:09,437 INFO  logging.LoggingHandler (AbstractInternalLogger.java:log(148)) - [id: 0x967345af] REGISTERED
2022-08-22 16:51:09,437 INFO  logging.LoggingHandler (AbstractInternalLogger.java:log(148)) - [id: 0x967345af] BIND: 0.0.0.0/0.0.0.0:42193
2022-08-22 16:51:09,437 INFO  logging.LoggingHandler (AbstractInternalLogger.java:log(148)) - [id: 0x967345af, L:/0.0.0.0:42193] ACTIVE
2022-08-22 16:51:09,438 INFO  util.JvmPauseMonitor (JvmPauseMonitor.java:run(103)) - JvmPauseMonitor-s13: Started
2022-08-22 16:51:09,438 INFO  storage.RaftStorageDirectory (RaftStorageDirectoryImpl.java:analyzeStorage(137)) - The storage directory /home/runner/work/ratis/ratis/ratis-examples/target/test/data/937c4279/MiniRaftClusterWithNettyd4d3c057/s12/b627d630-71ad-454a-8bb1-3c7173caae07 does not exist. Creating ...
2022-08-22 16:51:09,438 TRACE util.FileUtils (LogUtils.java:runAndLog(49)) - Successfully ran Files.createDirectories /home/runner/work/ratis/ratis/ratis-examples/target/test/data/937c4279/MiniRaftClusterWithNettyd4d3c057/s12/b627d630-71ad-454a-8bb1-3c7173caae07
2022-08-22 16:51:09,445 INFO  storage.RaftStorageDirectory (RaftStorageDirectoryImpl.java:tryLock(231)) - Lock on /home/runner/work/ratis/ratis/ratis-examples/target/test/data/937c4279/MiniRaftClusterWithNettyd4d3c057/s12/b627d630-71ad-454a-8bb1-3c7173caae07/in_use.lock acquired by nodename 14926@fv-az83-922
2022-08-22 16:51:09,445 TRACE util.FileUtils (LogUtils.java:runAndLog(49)) - Successfully ran Files.createDirectories /home/runner/work/ratis/ratis/ratis-examples/target/test/data/937c4279/MiniRaftClusterWithNettyd4d3c057/s12/b627d630-71ad-454a-8bb1-3c7173caae07/current
2022-08-22 16:51:09,445 TRACE util.FileUtils (LogUtils.java:runAndLog(49)) - Successfully ran Files.createDirectories /home/runner/work/ratis/ratis/ratis-examples/target/test/data/937c4279/MiniRaftClusterWithNettyd4d3c057/s12/b627d630-71ad-454a-8bb1-3c7173caae07/sm
2022-08-22 16:51:09,453 INFO  storage.RaftStorage (RaftStorageImpl.java:format(96)) - Storage directory /home/runner/work/ratis/ratis/ratis-examples/target/test/data/937c4279/MiniRaftClusterWithNettyd4d3c057/s12/b627d630-71ad-454a-8bb1-3c7173caae07 has been successfully formatted.
2022-08-22 16:51:09,453 WARN  statemachine.StateMachine (ArithmeticStateMachine.java:load(114)) - The snapshot info is null.
2022-08-22 16:51:09,453 INFO  server.RaftServerConfigKeys (ConfUtils.java:logGet(46)) - raft.server.log.use.memory = false (default)
2022-08-22 16:51:09,453 INFO  server.RaftServerConfigKeys (ConfUtils.java:logGet(46)) - raft.server.log.purge.gap = 1024 (default)
2022-08-22 16:51:09,453 INFO  server.RaftServerConfigKeys (ConfUtils.java:logGet(46)) - raft.server.log.appender.buffer.byte-limit = 4MB (=4194304) (default)
2022-08-22 16:51:09,453 INFO  server.RaftServerConfigKeys (ConfUtils.java:logGet(46)) - raft.server.log.statemachine.data.read.timeout = 1000ms (default)
2022-08-22 16:51:09,453 INFO  server.RaftServerConfigKeys (ConfUtils.java:logGet(46)) - raft.server.log.purge.preservation.log.num = 0 (default)
2022-08-22 16:51:09,453 INFO  server.RaftServerConfigKeys (ConfUtils.java:logGet(46)) - raft.server.log.segment.size.max = 8MB (=8388608) (default)
2022-08-22 16:51:09,454 INFO  server.RaftServerConfigKeys (ConfUtils.java:logGet(46)) - raft.server.log.segment.cache.num.max = 6 (default)
2022-08-22 16:51:09,454 INFO  server.RaftServerConfigKeys (ConfUtils.java:logGet(46)) - raft.server.log.segment.cache.size.max = 200MB (=209715200) (default)
2022-08-22 16:51:09,454 INFO  segmented.SegmentedRaftLogWorker (SegmentedRaftLogWorker.java:<init>(191)) - new s12@group-3C7173CAAE07-SegmentedRaftLogWorker for RaftStorageImpl:Storage Directory /home/runner/work/ratis/ratis/ratis-examples/target/test/data/937c4279/MiniRaftClusterWithNettyd4d3c057/s12/b627d630-71ad-454a-8bb1-3c7173caae07
2022-08-22 16:51:09,454 INFO  server.RaftServerConfigKeys (ConfUtils.java:logGet(46)) - raft.server.log.queue.byte-limit = 64MB (=67108864) (default)
2022-08-22 16:51:09,454 INFO  server.RaftServerConfigKeys (ConfUtils.java:logGet(46)) - raft.server.log.queue.element-limit = 4096 (default)
2022-08-22 16:51:09,454 INFO  server.RaftServerConfigKeys (ConfUtils.java:logGet(46)) - raft.server.log.segment.size.max = 8MB (=8388608) (default)
2022-08-22 16:51:09,454 INFO  server.RaftServerConfigKeys (ConfUtils.java:logGet(46)) - raft.server.log.preallocated.size = 4MB (=4194304) (default)
2022-08-22 16:51:09,454 INFO  server.RaftServerConfigKeys (ConfUtils.java:logGet(46)) - raft.server.log.force.sync.num = 128 (default)
2022-08-22 16:51:09,454 INFO  server.RaftServerConfigKeys (ConfUtils.java:logGet(46)) - raft.server.log.statemachine.data.sync = true (default)
2022-08-22 16:51:09,454 INFO  server.RaftServerConfigKeys (ConfUtils.java:logGet(46)) - raft.server.log.statemachine.data.sync.timeout = 10s (default)
2022-08-22 16:51:09,454 INFO  server.RaftServerConfigKeys (ConfUtils.java:logGet(46)) - raft.server.log.statemachine.data.sync.timeout.retry = -1 (default)
2022-08-22 16:51:09,454 INFO  server.RaftServerConfigKeys (ConfUtils.java:logGet(46)) - raft.server.log.write.buffer.size = 64KB (=65536) (default)
2022-08-22 16:51:09,454 INFO  server.RaftServerConfigKeys (ConfUtils.java:logGet(46)) - raft.server.log.unsafe-flush.enabled = false (default)
2022-08-22 16:51:09,454 INFO  server.RaftServerConfigKeys (ConfUtils.java:logGet(46)) - raft.server.log.async-flush.enabled = false (default)
2022-08-22 16:51:09,454 INFO  server.RaftServerConfigKeys (ConfUtils.java:logGet(46)) - raft.server.log.statemachine.data.caching.enabled = false (default)
2022-08-22 16:51:09,454 INFO  segmented.SegmentedRaftLogWorker (SegmentedRaftLogWorker.java:lambda$new$0(136)) - s12@group-3C7173CAAE07-SegmentedRaftLogWorker: flushIndex: setUnconditionally 0 -> -1
2022-08-22 16:51:09,454 INFO  segmented.SegmentedRaftLogWorker (SegmentedRaftLogWorker.java:lambda$new$0(136)) - s12@group-3C7173CAAE07-SegmentedRaftLogWorker: safeCacheEvictIndex: setUnconditionally 0 -> -1
2022-08-22 16:51:09,455 INFO  server.RaftServer$Division (RaftServerImpl.java:start(333)) - s12@group-3C7173CAAE07: start with initializing state, conf=-1: peers:[]|listeners:[], old=null
2022-08-22 16:51:09,455 INFO  server.RaftServer$Division (RaftServerImpl.java:setRole(314)) - s12@group-3C7173CAAE07: changes role from      null to FOLLOWER at term 0 for startInitializing
2022-08-22 16:51:09,455 INFO  util.JmxRegister (JmxRegister.java:tryRegister(44)) - Successfully registered JMX Bean with object name Ratis:service=RaftServer,group=group-3C7173CAAE07,id=s12
2022-08-22 16:51:09,455 INFO  server.RaftServerConfigKeys (ConfUtils.java:logGet(46)) - raft.server.snapshot.auto.trigger.enabled = false (default)
2022-08-22 16:51:09,455 INFO  server.RaftServerConfigKeys (ConfUtils.java:logGet(46)) - raft.server.snapshot.retention.file.num = -1 (default)
2022-08-22 16:51:09,455 INFO  server.RaftServerConfigKeys (ConfUtils.java:logGet(46)) - raft.server.log.purge.upto.snapshot.index = false (default)
2022-08-22 16:51:09,455 INFO  server.RaftServer (RaftServerProxy.java:startImpl(387)) - s12: start RPC server
2022-08-22 16:51:09,456 INFO  logging.LoggingHandler (AbstractInternalLogger.java:log(148)) - [id: 0xae3c934f] REGISTERED
2022-08-22 16:51:09,456 INFO  logging.LoggingHandler (AbstractInternalLogger.java:log(148)) - [id: 0xae3c934f] BIND: 0.0.0.0/0.0.0.0:40741
2022-08-22 16:51:09,456 INFO  logging.LoggingHandler (AbstractInternalLogger.java:log(148)) - [id: 0xae3c934f, L:/0.0.0.0:40741] ACTIVE
2022-08-22 16:51:09,457 INFO  util.JvmPauseMonitor (JvmPauseMonitor.java:run(103)) - JvmPauseMonitor-s12: Started
2022-08-22 16:51:09,457 INFO  storage.RaftStorageDirectory (RaftStorageDirectoryImpl.java:analyzeStorage(137)) - The storage directory /home/runner/work/ratis/ratis/ratis-examples/target/test/data/937c4279/MiniRaftClusterWithNettyd4d3c057/s14/b627d630-71ad-454a-8bb1-3c7173caae07 does not exist. Creating ...
2022-08-22 16:51:09,457 TRACE util.FileUtils (LogUtils.java:runAndLog(49)) - Successfully ran Files.createDirectories /home/runner/work/ratis/ratis/ratis-examples/target/test/data/937c4279/MiniRaftClusterWithNettyd4d3c057/s14/b627d630-71ad-454a-8bb1-3c7173caae07
2022-08-22 16:51:09,464 INFO  storage.RaftStorageDirectory (RaftStorageDirectoryImpl.java:tryLock(231)) - Lock on /home/runner/work/ratis/ratis/ratis-examples/target/test/data/937c4279/MiniRaftClusterWithNettyd4d3c057/s14/b627d630-71ad-454a-8bb1-3c7173caae07/in_use.lock acquired by nodename 14926@fv-az83-922
2022-08-22 16:51:09,464 TRACE util.FileUtils (LogUtils.java:runAndLog(49)) - Successfully ran Files.createDirectories /home/runner/work/ratis/ratis/ratis-examples/target/test/data/937c4279/MiniRaftClusterWithNettyd4d3c057/s14/b627d630-71ad-454a-8bb1-3c7173caae07/current
2022-08-22 16:51:09,465 TRACE util.FileUtils (LogUtils.java:runAndLog(49)) - Successfully ran Files.createDirectories /home/runner/work/ratis/ratis/ratis-examples/target/test/data/937c4279/MiniRaftClusterWithNettyd4d3c057/s14/b627d630-71ad-454a-8bb1-3c7173caae07/sm
2022-08-22 16:51:09,472 INFO  storage.RaftStorage (RaftStorageImpl.java:format(96)) - Storage directory /home/runner/work/ratis/ratis/ratis-examples/target/test/data/937c4279/MiniRaftClusterWithNettyd4d3c057/s14/b627d630-71ad-454a-8bb1-3c7173caae07 has been successfully formatted.
2022-08-22 16:51:09,472 WARN  statemachine.StateMachine (ArithmeticStateMachine.java:load(114)) - The snapshot info is null.
2022-08-22 16:51:09,472 INFO  server.RaftServerConfigKeys (ConfUtils.java:logGet(46)) - raft.server.log.use.memory = false (default)
2022-08-22 16:51:09,472 INFO  server.RaftServerConfigKeys (ConfUtils.java:logGet(46)) - raft.server.log.purge.gap = 1024 (default)
2022-08-22 16:51:09,472 INFO  server.RaftServerConfigKeys (ConfUtils.java:logGet(46)) - raft.server.log.appender.buffer.byte-limit = 4MB (=4194304) (default)
2022-08-22 16:51:09,472 INFO  server.RaftServerConfigKeys (ConfUtils.java:logGet(46)) - raft.server.log.statemachine.data.read.timeout = 1000ms (default)
2022-08-22 16:51:09,472 INFO  server.RaftServerConfigKeys (ConfUtils.java:logGet(46)) - raft.server.log.purge.preservation.log.num = 0 (default)
2022-08-22 16:51:09,472 INFO  server.RaftServerConfigKeys (ConfUtils.java:logGet(46)) - raft.server.log.segment.size.max = 8MB (=8388608) (default)
2022-08-22 16:51:09,472 INFO  server.RaftServerConfigKeys (ConfUtils.java:logGet(46)) - raft.server.log.segment.cache.num.max = 6 (default)
2022-08-22 16:51:09,472 INFO  server.RaftServerConfigKeys (ConfUtils.java:logGet(46)) - raft.server.log.segment.cache.size.max = 200MB (=209715200) (default)
2022-08-22 16:51:09,472 INFO  segmented.SegmentedRaftLogWorker (SegmentedRaftLogWorker.java:<init>(191)) - new s14@group-3C7173CAAE07-SegmentedRaftLogWorker for RaftStorageImpl:Storage Directory /home/runner/work/ratis/ratis/ratis-examples/target/test/data/937c4279/MiniRaftClusterWithNettyd4d3c057/s14/b627d630-71ad-454a-8bb1-3c7173caae07
2022-08-22 16:51:09,472 INFO  server.RaftServerConfigKeys (ConfUtils.java:logGet(46)) - raft.server.log.queue.byte-limit = 64MB (=67108864) (default)
2022-08-22 16:51:09,472 INFO  server.RaftServerConfigKeys (ConfUtils.java:logGet(46)) - raft.server.log.queue.element-limit = 4096 (default)
2022-08-22 16:51:09,472 INFO  server.RaftServerConfigKeys (ConfUtils.java:logGet(46)) - raft.server.log.segment.size.max = 8MB (=8388608) (default)
2022-08-22 16:51:09,472 INFO  server.RaftServerConfigKeys (ConfUtils.java:logGet(46)) - raft.server.log.preallocated.size = 4MB (=4194304) (default)
2022-08-22 16:51:09,473 INFO  server.RaftServerConfigKeys (ConfUtils.java:logGet(46)) - raft.server.log.force.sync.num = 128 (default)
2022-08-22 16:51:09,473 INFO  server.RaftServerConfigKeys (ConfUtils.java:logGet(46)) - raft.server.log.statemachine.data.sync = true (default)
2022-08-22 16:51:09,473 INFO  server.RaftServerConfigKeys (ConfUtils.java:logGet(46)) - raft.server.log.statemachine.data.sync.timeout = 10s (default)
2022-08-22 16:51:09,473 INFO  server.RaftServerConfigKeys (ConfUtils.java:logGet(46)) - raft.server.log.statemachine.data.sync.timeout.retry = -1 (default)
2022-08-22 16:51:09,473 INFO  server.RaftServerConfigKeys (ConfUtils.java:logGet(46)) - raft.server.log.write.buffer.size = 64KB (=65536) (default)
2022-08-22 16:51:09,473 INFO  server.RaftServerConfigKeys (ConfUtils.java:logGet(46)) - raft.server.log.unsafe-flush.enabled = false (default)
2022-08-22 16:51:09,473 INFO  server.RaftServerConfigKeys (ConfUtils.java:logGet(46)) - raft.server.log.async-flush.enabled = false (default)
2022-08-22 16:51:09,473 INFO  server.RaftServerConfigKeys (ConfUtils.java:logGet(46)) - raft.server.log.statemachine.data.caching.enabled = false (default)
2022-08-22 16:51:09,474 INFO  segmented.SegmentedRaftLogWorker (SegmentedRaftLogWorker.java:lambda$new$0(136)) - s14@group-3C7173CAAE07-SegmentedRaftLogWorker: flushIndex: setUnconditionally 0 -> -1
2022-08-22 16:51:09,474 INFO  segmented.SegmentedRaftLogWorker (SegmentedRaftLogWorker.java:lambda$new$0(136)) - s14@group-3C7173CAAE07-SegmentedRaftLogWorker: safeCacheEvictIndex: setUnconditionally 0 -> -1
2022-08-22 16:51:09,474 INFO  server.RaftServer$Division (RaftServerImpl.java:start(333)) - s14@group-3C7173CAAE07: start with initializing state, conf=-1: peers:[]|listeners:[], old=null
2022-08-22 16:51:09,474 INFO  server.RaftServer$Division (RaftServerImpl.java:setRole(314)) - s14@group-3C7173CAAE07: changes role from      null to FOLLOWER at term 0 for startInitializing
2022-08-22 16:51:09,474 INFO  util.JmxRegister (JmxRegister.java:tryRegister(44)) - Successfully registered JMX Bean with object name Ratis:service=RaftServer,group=group-3C7173CAAE07,id=s14
2022-08-22 16:51:09,474 INFO  server.RaftServerConfigKeys (ConfUtils.java:logGet(46)) - raft.server.snapshot.auto.trigger.enabled = false (default)
2022-08-22 16:51:09,474 INFO  server.RaftServerConfigKeys (ConfUtils.java:logGet(46)) - raft.server.snapshot.retention.file.num = -1 (default)
2022-08-22 16:51:09,474 INFO  server.RaftServerConfigKeys (ConfUtils.java:logGet(46)) - raft.server.log.purge.upto.snapshot.index = false (default)
2022-08-22 16:51:09,474 INFO  server.RaftServer (RaftServerProxy.java:startImpl(387)) - s14: start RPC server
2022-08-22 16:51:09,475 INFO  logging.LoggingHandler (AbstractInternalLogger.java:log(148)) - [id: 0x27657b86] REGISTERED
2022-08-22 16:51:09,475 INFO  logging.LoggingHandler (AbstractInternalLogger.java:log(148)) - [id: 0x27657b86] BIND: 0.0.0.0/0.0.0.0:45103
2022-08-22 16:51:09,475 INFO  logging.LoggingHandler (AbstractInternalLogger.java:log(148)) - [id: 0x27657b86, L:/0.0.0.0:45103] ACTIVE
2022-08-22 16:51:09,481 INFO  util.JvmPauseMonitor (JvmPauseMonitor.java:run(103)) - JvmPauseMonitor-s14: Started
2022-08-22 16:51:09,481 INFO  storage.RaftStorageDirectory (RaftStorageDirectoryImpl.java:analyzeStorage(137)) - The storage directory /home/runner/work/ratis/ratis/ratis-examples/target/test/data/937c4279/MiniRaftClusterWithNettyd4d3c057/s0/b627d630-71ad-454a-8bb1-3c7173caae07 does not exist. Creating ...
2022-08-22 16:51:09,482 TRACE util.FileUtils (LogUtils.java:runAndLog(49)) - Successfully ran Files.createDirectories /home/runner/work/ratis/ratis/ratis-examples/target/test/data/937c4279/MiniRaftClusterWithNettyd4d3c057/s0/b627d630-71ad-454a-8bb1-3c7173caae07
2022-08-22 16:51:09,489 INFO  storage.RaftStorageDirectory (RaftStorageDirectoryImpl.java:tryLock(231)) - Lock on /home/runner/work/ratis/ratis/ratis-examples/target/test/data/937c4279/MiniRaftClusterWithNettyd4d3c057/s0/b627d630-71ad-454a-8bb1-3c7173caae07/in_use.lock acquired by nodename 14926@fv-az83-922
2022-08-22 16:51:09,489 TRACE util.FileUtils (LogUtils.java:runAndLog(49)) - Successfully ran Files.createDirectories /home/runner/work/ratis/ratis/ratis-examples/target/test/data/937c4279/MiniRaftClusterWithNettyd4d3c057/s0/b627d630-71ad-454a-8bb1-3c7173caae07/current
2022-08-22 16:51:09,490 TRACE util.FileUtils (LogUtils.java:runAndLog(49)) - Successfully ran Files.createDirectories /home/runner/work/ratis/ratis/ratis-examples/target/test/data/937c4279/MiniRaftClusterWithNettyd4d3c057/s0/b627d630-71ad-454a-8bb1-3c7173caae07/sm
2022-08-22 16:51:09,496 INFO  storage.RaftStorage (RaftStorageImpl.java:format(96)) - Storage directory /home/runner/work/ratis/ratis/ratis-examples/target/test/data/937c4279/MiniRaftClusterWithNettyd4d3c057/s0/b627d630-71ad-454a-8bb1-3c7173caae07 has been successfully formatted.
2022-08-22 16:51:09,496 WARN  statemachine.StateMachine (ArithmeticStateMachine.java:load(114)) - The snapshot info is null.
2022-08-22 16:51:09,496 INFO  server.RaftServerConfigKeys (ConfUtils.java:logGet(46)) - raft.server.log.use.memory = false (default)
2022-08-22 16:51:09,496 INFO  server.RaftServerConfigKeys (ConfUtils.java:logGet(46)) - raft.server.log.purge.gap = 1024 (default)
2022-08-22 16:51:09,497 INFO  server.RaftServerConfigKeys (ConfUtils.java:logGet(46)) - raft.server.log.appender.buffer.byte-limit = 4MB (=4194304) (default)
2022-08-22 16:51:09,497 INFO  server.RaftServerConfigKeys (ConfUtils.java:logGet(46)) - raft.server.log.statemachine.data.read.timeout = 1000ms (default)
2022-08-22 16:51:09,497 INFO  server.RaftServerConfigKeys (ConfUtils.java:logGet(46)) - raft.server.log.purge.preservation.log.num = 0 (default)
2022-08-22 16:51:09,497 INFO  server.RaftServerConfigKeys (ConfUtils.java:logGet(46)) - raft.server.log.segment.size.max = 8MB (=8388608) (default)
2022-08-22 16:51:09,497 INFO  server.RaftServerConfigKeys (ConfUtils.java:logGet(46)) - raft.server.log.segment.cache.num.max = 6 (default)
2022-08-22 16:51:09,497 INFO  server.RaftServerConfigKeys (ConfUtils.java:logGet(46)) - raft.server.log.segment.cache.size.max = 200MB (=209715200) (default)
2022-08-22 16:51:09,497 INFO  segmented.SegmentedRaftLogWorker (SegmentedRaftLogWorker.java:<init>(191)) - new s0@group-3C7173CAAE07-SegmentedRaftLogWorker for RaftStorageImpl:Storage Directory /home/runner/work/ratis/ratis/ratis-examples/target/test/data/937c4279/MiniRaftClusterWithNettyd4d3c057/s0/b627d630-71ad-454a-8bb1-3c7173caae07
2022-08-22 16:51:09,497 INFO  server.RaftServerConfigKeys (ConfUtils.java:logGet(46)) - raft.server.log.queue.byte-limit = 64MB (=67108864) (default)
2022-08-22 16:51:09,497 INFO  server.RaftServerConfigKeys (ConfUtils.java:logGet(46)) - raft.server.log.queue.element-limit = 4096 (default)
2022-08-22 16:51:09,497 INFO  server.RaftServerConfigKeys (ConfUtils.java:logGet(46)) - raft.server.log.segment.size.max = 8MB (=8388608) (default)
2022-08-22 16:51:09,497 INFO  server.RaftServerConfigKeys (ConfUtils.java:logGet(46)) - raft.server.log.preallocated.size = 4MB (=4194304) (default)
2022-08-22 16:51:09,497 INFO  server.RaftServerConfigKeys (ConfUtils.java:logGet(46)) - raft.server.log.force.sync.num = 128 (default)
2022-08-22 16:51:09,497 INFO  server.RaftServerConfigKeys (ConfUtils.java:logGet(46)) - raft.server.log.statemachine.data.sync = true (default)
2022-08-22 16:51:09,497 INFO  server.RaftServerConfigKeys (ConfUtils.java:logGet(46)) - raft.server.log.statemachine.data.sync.timeout = 10s (default)
2022-08-22 16:51:09,497 INFO  server.RaftServerConfigKeys (ConfUtils.java:logGet(46)) - raft.server.log.statemachine.data.sync.timeout.retry = -1 (default)
2022-08-22 16:51:09,498 INFO  server.RaftServerConfigKeys (ConfUtils.java:logGet(46)) - raft.server.log.write.buffer.size = 64KB (=65536) (default)
2022-08-22 16:51:09,498 INFO  server.RaftServerConfigKeys (ConfUtils.java:logGet(46)) - raft.server.log.unsafe-flush.enabled = false (default)
2022-08-22 16:51:09,498 INFO  server.RaftServerConfigKeys (ConfUtils.java:logGet(46)) - raft.server.log.async-flush.enabled = false (default)
2022-08-22 16:51:09,498 INFO  server.RaftServerConfigKeys (ConfUtils.java:logGet(46)) - raft.server.log.statemachine.data.caching.enabled = false (default)
2022-08-22 16:51:09,498 INFO  segmented.SegmentedRaftLogWorker (SegmentedRaftLogWorker.java:lambda$new$0(136)) - s0@group-3C7173CAAE07-SegmentedRaftLogWorker: flushIndex: setUnconditionally 0 -> -1
2022-08-22 16:51:09,498 INFO  segmented.SegmentedRaftLogWorker (SegmentedRaftLogWorker.java:lambda$new$0(136)) - s0@group-3C7173CAAE07-SegmentedRaftLogWorker: safeCacheEvictIndex: setUnconditionally 0 -> -1
2022-08-22 16:51:09,498 INFO  server.RaftServer$Division (RaftServerImpl.java:start(333)) - s0@group-3C7173CAAE07: start with initializing state, conf=-1: peers:[]|listeners:[], old=null
2022-08-22 16:51:09,498 INFO  server.RaftServer$Division (RaftServerImpl.java:setRole(314)) - s0@group-3C7173CAAE07: changes role from      null to FOLLOWER at term 0 for startInitializing
2022-08-22 16:51:09,498 INFO  util.JmxRegister (JmxRegister.java:tryRegister(44)) - Successfully registered JMX Bean with object name Ratis:service=RaftServer,group=group-3C7173CAAE07,id=s0
2022-08-22 16:51:09,498 INFO  server.RaftServerConfigKeys (ConfUtils.java:logGet(46)) - raft.server.snapshot.auto.trigger.enabled = false (default)
2022-08-22 16:51:09,498 INFO  server.RaftServerConfigKeys (ConfUtils.java:logGet(46)) - raft.server.snapshot.retention.file.num = -1 (default)
2022-08-22 16:51:09,498 INFO  server.RaftServerConfigKeys (ConfUtils.java:logGet(46)) - raft.server.log.purge.upto.snapshot.index = false (default)
2022-08-22 16:51:09,499 INFO  server.RaftServer (RaftServerProxy.java:startImpl(387)) - s0: start RPC server
2022-08-22 16:51:09,499 INFO  logging.LoggingHandler (AbstractInternalLogger.java:log(148)) - [id: 0xfd8a8670] REGISTERED
2022-08-22 16:51:09,500 INFO  logging.LoggingHandler (AbstractInternalLogger.java:log(148)) - [id: 0xfd8a8670] BIND: 0.0.0.0/0.0.0.0:40607
2022-08-22 16:51:09,500 INFO  logging.LoggingHandler (AbstractInternalLogger.java:log(148)) - [id: 0xfd8a8670] CLOSE
2022-08-22 16:51:09,500 INFO  logging.LoggingHandler (AbstractInternalLogger.java:log(148)) - [id: 0xfd8a8670] UNREGISTERED
]]></system-out>
  </testcase>
</testsuite>