<?xml version="1.0" encoding="UTF-8"?>
<testsuite xmlns:xsi="http://www.w3.org/2001/XMLSchema-instance" xsi:noNamespaceSchemaLocation="https://maven.apache.org/surefire/maven-surefire-plugin/xsd/surefire-test-report-3.0.xsd" version="3.0" name="org.apache.ratis.grpc.TestLeaderElectionWithGrpc" time="120.742" tests="26" errors="1" skipped="9" failures="0">
  <properties>
    <property name="awt.toolkit" value="sun.awt.X11.XToolkit"/>
    <property name="file.encoding.pkg" value="sun.io"/>
    <property name="java.specification.version" value="1.8"/>
    <property name="sun.cpu.isalist" value=""/>
    <property name="sun.jnu.encoding" value="UTF-8"/>
    <property name="java.class.path" value="/home/runner/work/ratis/ratis/ratis-test/target/test-classes:/home/runner/work/ratis/ratis/ratis-test/target/classes:/home/runner/work/ratis/ratis/ratis-common/target/classes:/home/runner/.m2/repository/org/apache/ratis/ratis-thirdparty-misc/1.0.8/ratis-thirdparty-misc-1.0.8.jar:/home/runner/work/ratis/ratis/ratis-proto/target/classes:/home/runner/work/ratis/ratis/ratis-common/target/test-classes:/home/runner/work/ratis/ratis/ratis-client/target/classes:/home/runner/work/ratis/ratis/ratis-server/target/classes:/home/runner/work/ratis/ratis/ratis-server-api/target/classes:/home/runner/work/ratis/ratis/ratis-metrics-api/target/classes:/home/runner/work/ratis/ratis/ratis-server/target/test-classes:/home/runner/work/ratis/ratis/ratis-metrics-default/target/classes:/home/runner/work/ratis/ratis/ratis-netty/target/classes:/home/runner/work/ratis/ratis/ratis-netty/target/test-classes:/home/runner/work/ratis/ratis/ratis-grpc/target/classes:/home/runner/work/ratis/ratis/ratis-grpc/target/test-classes:/home/runner/work/ratis/ratis/ratis-shell/target/classes:/home/runner/.m2/repository/commons-cli/commons-cli/1.5.0/commons-cli-1.5.0.jar:/home/runner/.m2/repository/org/reflections/reflections/0.10.2/reflections-0.10.2.jar:/home/runner/.m2/repository/org/javassist/javassist/3.28.0-GA/javassist-3.28.0-GA.jar:/home/runner/.m2/repository/com/google/code/findbugs/jsr305/3.0.2/jsr305-3.0.2.jar:/home/runner/.m2/repository/org/bouncycastle/bcprov-jdk18on/1.78.1/bcprov-jdk18on-1.78.1.jar:/home/runner/.m2/repository/org/bouncycastle/bcpkix-jdk18on/1.78.1/bcpkix-jdk18on-1.78.1.jar:/home/runner/.m2/repository/org/bouncycastle/bcutil-jdk18on/1.78.1/bcutil-jdk18on-1.78.1.jar:/home/runner/.m2/repository/org/slf4j/slf4j-api/2.0.7/slf4j-api-2.0.7.jar:/home/runner/.m2/repository/org/slf4j/slf4j-reload4j/2.0.7/slf4j-reload4j-2.0.7.jar:/home/runner/.m2/repository/ch/qos/reload4j/reload4j/1.2.22/reload4j-1.2.22.jar:/home/runner/.m2/repository/junit/junit/4.13.2/junit-4.13.2.jar:/home/runner/.m2/repository/org/hamcrest/hamcrest-core/1.3/hamcrest-core-1.3.jar:/home/runner/.m2/repository/org/junit/jupiter/junit-jupiter-engine/5.11.2/junit-jupiter-engine-5.11.2.jar:/home/runner/.m2/repository/org/junit/platform/junit-platform-engine/1.11.2/junit-platform-engine-1.11.2.jar:/home/runner/.m2/repository/org/apiguardian/apiguardian-api/1.1.2/apiguardian-api-1.1.2.jar:/home/runner/.m2/repository/org/junit/jupiter/junit-jupiter-api/5.11.2/junit-jupiter-api-5.11.2.jar:/home/runner/.m2/repository/org/opentest4j/opentest4j/1.3.0/opentest4j-1.3.0.jar:/home/runner/.m2/repository/org/junit/platform/junit-platform-commons/1.11.2/junit-platform-commons-1.11.2.jar:/home/runner/.m2/repository/org/junit/jupiter/junit-jupiter-params/5.11.2/junit-jupiter-params-5.11.2.jar:/home/runner/.m2/repository/org/mockito/mockito-core/4.3.1/mockito-core-4.3.1.jar:/home/runner/.m2/repository/net/bytebuddy/byte-buddy/1.12.7/byte-buddy-1.12.7.jar:/home/runner/.m2/repository/net/bytebuddy/byte-buddy-agent/1.12.7/byte-buddy-agent-1.12.7.jar:/home/runner/.m2/repository/org/objenesis/objenesis/3.2/objenesis-3.2.jar:/home/runner/work/ratis/ratis/ratis-test/target/gradle-enterprise/test-listeners.jar:"/>
    <property name="java.vm.vendor" value="Temurin"/>
    <property name="sun.arch.data.model" value="64"/>
    <property name="java.vendor.url" value="https://adoptium.net/"/>
    <property name="user.timezone" value="Etc/UTC"/>
    <property name="java.vm.specification.version" value="1.8"/>
    <property name="os.name" value="Linux"/>
    <property name="sun.java.launcher" value="SUN_STANDARD"/>
    <property name="sun.boot.library.path" value="/usr/lib/jvm/temurin-8-jdk-amd64/jre/lib/amd64"/>
    <property name="sun.java.command" value="/home/runner/work/ratis/ratis/ratis-test/target/surefire/surefirebooter7818673124431047730.jar /home/runner/work/ratis/ratis/ratis-test/target/surefire 2025-02-26T08-16-22_969-jvmRun1 surefire6227484642239365848tmp surefire_21354669445920763831tmp"/>
    <property name="surefire.test.class.path" value="/home/runner/work/ratis/ratis/ratis-test/target/test-classes:/home/runner/work/ratis/ratis/ratis-test/target/classes:/home/runner/work/ratis/ratis/ratis-common/target/classes:/home/runner/.m2/repository/org/apache/ratis/ratis-thirdparty-misc/1.0.8/ratis-thirdparty-misc-1.0.8.jar:/home/runner/work/ratis/ratis/ratis-proto/target/classes:/home/runner/work/ratis/ratis/ratis-common/target/test-classes:/home/runner/work/ratis/ratis/ratis-client/target/classes:/home/runner/work/ratis/ratis/ratis-server/target/classes:/home/runner/work/ratis/ratis/ratis-server-api/target/classes:/home/runner/work/ratis/ratis/ratis-metrics-api/target/classes:/home/runner/work/ratis/ratis/ratis-server/target/test-classes:/home/runner/work/ratis/ratis/ratis-metrics-default/target/classes:/home/runner/work/ratis/ratis/ratis-netty/target/classes:/home/runner/work/ratis/ratis/ratis-netty/target/test-classes:/home/runner/work/ratis/ratis/ratis-grpc/target/classes:/home/runner/work/ratis/ratis/ratis-grpc/target/test-classes:/home/runner/work/ratis/ratis/ratis-shell/target/classes:/home/runner/.m2/repository/commons-cli/commons-cli/1.5.0/commons-cli-1.5.0.jar:/home/runner/.m2/repository/org/reflections/reflections/0.10.2/reflections-0.10.2.jar:/home/runner/.m2/repository/org/javassist/javassist/3.28.0-GA/javassist-3.28.0-GA.jar:/home/runner/.m2/repository/com/google/code/findbugs/jsr305/3.0.2/jsr305-3.0.2.jar:/home/runner/.m2/repository/org/bouncycastle/bcprov-jdk18on/1.78.1/bcprov-jdk18on-1.78.1.jar:/home/runner/.m2/repository/org/bouncycastle/bcpkix-jdk18on/1.78.1/bcpkix-jdk18on-1.78.1.jar:/home/runner/.m2/repository/org/bouncycastle/bcutil-jdk18on/1.78.1/bcutil-jdk18on-1.78.1.jar:/home/runner/.m2/repository/org/slf4j/slf4j-api/2.0.7/slf4j-api-2.0.7.jar:/home/runner/.m2/repository/org/slf4j/slf4j-reload4j/2.0.7/slf4j-reload4j-2.0.7.jar:/home/runner/.m2/repository/ch/qos/reload4j/reload4j/1.2.22/reload4j-1.2.22.jar:/home/runner/.m2/repository/junit/junit/4.13.2/junit-4.13.2.jar:/home/runner/.m2/repository/org/hamcrest/hamcrest-core/1.3/hamcrest-core-1.3.jar:/home/runner/.m2/repository/org/junit/jupiter/junit-jupiter-engine/5.11.2/junit-jupiter-engine-5.11.2.jar:/home/runner/.m2/repository/org/junit/platform/junit-platform-engine/1.11.2/junit-platform-engine-1.11.2.jar:/home/runner/.m2/repository/org/apiguardian/apiguardian-api/1.1.2/apiguardian-api-1.1.2.jar:/home/runner/.m2/repository/org/junit/jupiter/junit-jupiter-api/5.11.2/junit-jupiter-api-5.11.2.jar:/home/runner/.m2/repository/org/opentest4j/opentest4j/1.3.0/opentest4j-1.3.0.jar:/home/runner/.m2/repository/org/junit/platform/junit-platform-commons/1.11.2/junit-platform-commons-1.11.2.jar:/home/runner/.m2/repository/org/junit/jupiter/junit-jupiter-params/5.11.2/junit-jupiter-params-5.11.2.jar:/home/runner/.m2/repository/org/mockito/mockito-core/4.3.1/mockito-core-4.3.1.jar:/home/runner/.m2/repository/net/bytebuddy/byte-buddy/1.12.7/byte-buddy-1.12.7.jar:/home/runner/.m2/repository/net/bytebuddy/byte-buddy-agent/1.12.7/byte-buddy-agent-1.12.7.jar:/home/runner/.m2/repository/org/objenesis/objenesis/3.2/objenesis-3.2.jar:/home/runner/work/ratis/ratis/ratis-test/target/gradle-enterprise/test-listeners.jar:"/>
    <property name="sun.cpu.endian" value="little"/>
    <property name="user.home" value="/home/runner"/>
    <property name="user.language" value="en"/>
    <property name="java.specification.vendor" value="Oracle Corporation"/>
    <property name="java.home" value="/usr/lib/jvm/temurin-8-jdk-amd64/jre"/>
    <property name="jacoco.skip" value="true"/>
    <property name="basedir" value="/home/runner/work/ratis/ratis/ratis-test"/>
    <property name="file.separator" value="/"/>
    <property name="line.separator" value="&#10;"/>
    <property name="java.vm.specification.vendor" value="Oracle Corporation"/>
    <property name="java.specification.name" value="Java Platform API Specification"/>
    <property name="java.awt.graphicsenv" value="sun.awt.X11GraphicsEnvironment"/>
    <property name="surefire.real.class.path" value="/home/runner/work/ratis/ratis/ratis-test/target/surefire/surefirebooter7818673124431047730.jar"/>
    <property name="sun.boot.class.path" value="/usr/lib/jvm/temurin-8-jdk-amd64/jre/lib/resources.jar:/usr/lib/jvm/temurin-8-jdk-amd64/jre/lib/rt.jar:/usr/lib/jvm/temurin-8-jdk-amd64/jre/lib/sunrsasign.jar:/usr/lib/jvm/temurin-8-jdk-amd64/jre/lib/jsse.jar:/usr/lib/jvm/temurin-8-jdk-amd64/jre/lib/jce.jar:/usr/lib/jvm/temurin-8-jdk-amd64/jre/lib/charsets.jar:/usr/lib/jvm/temurin-8-jdk-amd64/jre/lib/jfr.jar:/usr/lib/jvm/temurin-8-jdk-amd64/jre/classes"/>
    <property name="sun.management.compiler" value="HotSpot 64-Bit Tiered Compilers"/>
    <property name="java.runtime.version" value="1.8.0_442-b06"/>
    <property name="java.net.preferIPv4Stack" value="true"/>
    <property name="user.name" value="runner"/>
    <property name="path.separator" value=":"/>
    <property name="os.version" value="6.8.0-1021-azure"/>
    <property name="java.endorsed.dirs" value="/usr/lib/jvm/temurin-8-jdk-amd64/jre/lib/endorsed"/>
    <property name="java.runtime.name" value="OpenJDK Runtime Environment"/>
    <property name="com.gradle.maven.scan.extension.test.listener.junitplatform.NestedExecutionSafeDelegatingTestExecutionListener" value="48503868"/>
    <property name="file.encoding" value="UTF-8"/>
    <property name="java.vm.name" value="OpenJDK 64-Bit Server VM"/>
    <property name="develocity.listener.surefire.forkId" value="1"/>
    <property name="localRepository" value="/home/runner/.m2/repository"/>
    <property name="java.vendor.url.bug" value="https://github.com/adoptium/adoptium-support/issues"/>
    <property name="java.io.tmpdir" value="/tmp"/>
    <property name="java.version" value="1.8.0_442"/>
    <property name="user.dir" value="/home/runner/work/ratis/ratis/ratis-test"/>
    <property name="os.arch" value="amd64"/>
    <property name="ratis.tmp.dir" value="/home/runner/work/ratis/ratis/ratis-test/target/tmp"/>
    <property name="java.vm.specification.name" value="Java Virtual Machine Specification"/>
    <property name="java.awt.printerjob" value="sun.print.PSPrinterJob"/>
    <property name="ratis.log.dir" value="/home/runner/work/ratis/ratis/ratis-test/target/log"/>
    <property name="sun.os.patch.level" value="unknown"/>
    <property name="org.apache.ratis.thirdparty.io.netty.allocator.useCacheForAllThreads" value="false"/>
    <property name="java.library.path" value="/usr/java/packages/lib/amd64:/usr/lib64:/lib64:/lib:/usr/lib"/>
    <property name="java.vm.info" value="mixed mode"/>
    <property name="java.vendor" value="Temurin"/>
    <property name="java.vm.version" value="25.442-b06"/>
    <property name="java.specification.maintenance.version" value="6"/>
    <property name="develocity.listener.port" value="44925"/>
    <property name="java.ext.dirs" value="/usr/lib/jvm/temurin-8-jdk-amd64/jre/lib/ext:/usr/java/packages/lib/ext"/>
    <property name="sun.io.unicode.encoding" value="UnicodeLittle"/>
    <property name="java.class.version" value="52.0"/>
  </properties>
  <testcase name="testAddFollowerWhenExistsListener" classname="org.apache.ratis.grpc.TestLeaderElectionWithGrpc" time="3.378"/>
  <testcase name="testRemoveListener" classname="org.apache.ratis.grpc.TestLeaderElectionWithGrpc" time="1.774"/>
  <testcase name="testLostMajorityHeartbeats" classname="org.apache.ratis.grpc.TestLeaderElectionWithGrpc" time="4.281"/>
  <testcase name="testLateServerStart" classname="org.apache.ratis.grpc.TestLeaderElectionWithGrpc" time="6.507"/>
  <testcase name="testListenerNotStartLeaderElection" classname="org.apache.ratis.grpc.TestLeaderElectionWithGrpc" time="1.496"/>
  <testcase name="testWaitServerReady" classname="org.apache.ratis.grpc.TestLeaderElectionWithGrpc" time="3.114"/>
  <testcase name="testPreVote" classname="org.apache.ratis.grpc.TestLeaderElectionWithGrpc" time="5.66"/>
  <testcase name="testListenerRejectRequestVote" classname="org.apache.ratis.grpc.TestLeaderElectionWithGrpc" time="1.46"/>
  <testcase name="testAddListener" classname="org.apache.ratis.grpc.TestLeaderElectionWithGrpc" time="1.699"/>
  <testcase name="testTransferLeaderTimeout" classname="org.apache.ratis.grpc.TestLeaderElectionWithGrpc" time="6.663"/>
  <testcase name="testBasicLeaderElection" classname="org.apache.ratis.grpc.TestLeaderElectionWithGrpc" time="23.077"/>
  <testcase name="testChangeFollowerToListener" classname="org.apache.ratis.grpc.TestLeaderElectionWithGrpc" time="1.793"/>
  <testcase name="testTransferLeader" classname="org.apache.ratis.grpc.TestLeaderElectionWithGrpc" time="7.223"/>
  <testcase name="testAddServerForWaitReady" classname="org.apache.ratis.grpc.TestLeaderElectionWithGrpc" time="5.762"/>
  <testcase name="testPauseResumeLeaderElection" classname="org.apache.ratis.grpc.TestLeaderElectionWithGrpc" time="7.208"/>
  <testcase name="testYieldLeaderToHigherPriority" classname="org.apache.ratis.grpc.TestLeaderElectionWithGrpc" time="7.763"/>
  <testcase name="testLeaderLeaseDuringReconfiguration" classname="org.apache.ratis.grpc.TestLeaderElectionWithGrpc" time="31.736">
    <error type="java.lang.IllegalStateException"><![CDATA[java.lang.IllegalStateException: #leaks = 1 > 0, #leaks == set.size = 1
	at org.apache.ratis.util.Preconditions.assertTrue(Preconditions.java:77)
	at org.apache.ratis.util.LeakDetector$LeakTrackerSet.assertNoLeaks(LeakDetector.java:100)
	at org.apache.ratis.util.LeakDetector$LeakTrackerSet.getNumLeaks(LeakDetector.java:94)
	at org.apache.ratis.util.LeakDetector.assertNoLeaks(LeakDetector.java:178)
	at org.apache.ratis.server.impl.MiniRaftCluster.shutdown(MiniRaftCluster.java:892)
	at org.apache.ratis.grpc.MiniRaftClusterWithGrpc.shutdown(MiniRaftClusterWithGrpc.java:97)
	at org.apache.ratis.server.impl.MiniRaftCluster$Factory$Get.runWithNewCluster(MiniRaftCluster.java:152)
	at org.apache.ratis.server.impl.MiniRaftCluster$Factory$Get.runWithNewCluster(MiniRaftCluster.java:121)
	at org.apache.ratis.server.impl.LeaderElectionTests.testLeaderLeaseDuringReconfiguration(LeaderElectionTests.java:737)
	at java.lang.reflect.Method.invoke(Method.java:498)
	at java.util.ArrayList.forEach(ArrayList.java:1259)
	at java.util.ArrayList.forEach(ArrayList.java:1259)
]]></error>
    <system-out><![CDATA[2025-02-26 08:18:31,420 [main] INFO  util.LogUtils (Slf4jUtils.java:setLogLevel(38)) - Successfully set org.apache.ratis.conf.ConfUtils log level to WARN
2025-02-26 08:18:31,420 [main] INFO  util.LogUtils (Slf4jUtils.java:setLogLevel(38)) - Successfully set org.apache.ratis.util.FileUtils log level to TRACE
2025-02-26 08:18:31,420 [main] INFO  util.LogUtils (Slf4jUtils.java:setLogLevel(38)) - Successfully set org.apache.ratis.server.RaftServer$Division log level to DEBUG
2025-02-26 08:18:31,420 [main] INFO  util.LogUtils (Slf4jUtils.java:setLogLevel(38)) - Successfully set org.apache.ratis.client.RaftClient log level to DEBUG
2025-02-26 08:18:31,422 [main] INFO  impl.MiniRaftCluster (MiniRaftCluster.java:runWithNewCluster(137)) - Running runWithNewCluster
2025-02-26 08:18:31,423 [main] INFO  impl.MiniRaftCluster (MiniRaftCluster.java:<init>(319)) - new MiniRaftClusterWithGrpc with group-23107F7972FE:[s0|localhost:15232, s1|localhost:15236, s2|localhost:15240]
2025-02-26 08:18:31,423 [main] INFO  impl.MiniRaftCluster (MiniRaftCluster.java:start(352)) - .............................................................. 
2025-02-26 08:18:31,423 [main] INFO  impl.MiniRaftCluster (MiniRaftCluster.java:start(353)) - ... 
2025-02-26 08:18:31,423 [main] INFO  impl.MiniRaftCluster (MiniRaftCluster.java:start(354)) - ...     Starting MiniRaftClusterWithGrpc
2025-02-26 08:18:31,424 [main] INFO  impl.MiniRaftCluster (MiniRaftCluster.java:start(355)) - ... 
2025-02-26 08:18:31,424 [main] INFO  impl.MiniRaftCluster (MiniRaftCluster.java:start(356)) - .............................................................. 
2025-02-26 08:18:31,424 [main] INFO  impl.MiniRaftCluster (MiniRaftCluster.java:initServers(331)) - servers = {}
2025-02-26 08:18:31,424 [main] INFO  impl.MiniRaftCluster (MiniRaftCluster.java:newRaftServer(396)) - newRaftServer: s0, group-23107F7972FE:[s0|localhost:15232, s1|localhost:15236, s2|localhost:15240], format? true
2025-02-26 08:18:31,424 [main] TRACE util.FileUtils (FileUtils.java:deleteFully(307)) - deleteFully target/test/data/8c35503c/MiniRaftClusterWithGrpc517cf52a/s0
2025-02-26 08:18:31,424 [main] TRACE util.FileUtils (FileUtils.java:deleteFully(320)) - deleteFully: target/test/data/8c35503c/MiniRaftClusterWithGrpc517cf52a/s0 does not exist.
2025-02-26 08:18:31,424 [main] INFO  impl.MiniRaftCluster (MiniRaftCluster.java:newRaftServer(401)) - Formatted directory target/test/data/8c35503c/MiniRaftClusterWithGrpc517cf52a/s0
2025-02-26 08:18:31,425 [main] INFO  grpc.GrpcConfigKeys (ConfUtils.java:logFallback(69)) - raft.grpc.admin.host = null (fallback to raft.grpc.server.host)
2025-02-26 08:18:31,425 [main] INFO  grpc.GrpcConfigKeys (ConfUtils.java:logGet(62)) - raft.grpc.admin.port = 15233 (custom)
2025-02-26 08:18:31,425 [main] INFO  grpc.GrpcConfigKeys (ConfUtils.java:logFallback(69)) - raft.grpc.client.host = null (fallback to raft.grpc.server.host)
2025-02-26 08:18:31,425 [main] INFO  grpc.GrpcConfigKeys (ConfUtils.java:logGet(62)) - raft.grpc.client.port = 15234 (custom)
2025-02-26 08:18:31,425 [main] INFO  grpc.GrpcConfigKeys (ConfUtils.java:logGet(62)) - raft.grpc.server.port = 15232 (custom)
2025-02-26 08:18:31,427 [main] INFO  server.RaftServerConfigKeys (ConfUtils.java:logGet(62)) - raft.server.storage.dir = [/home/runner/work/ratis/ratis/ratis-test/target/test/data/8c35503c/MiniRaftClusterWithGrpc517cf52a/s0] (custom)
2025-02-26 08:18:31,427 [main] INFO  server.RaftServer (RaftServerProxy.java:addNew(101)) - s0: addNew group-23107F7972FE:[s0|localhost:15232, s1|localhost:15236, s2|localhost:15240] returns group-23107F7972FE:java.util.concurrent.CompletableFuture@50ecde95[Not completed]
2025-02-26 08:18:31,427 [s0-groupManagement] INFO  server.RaftServer$Division (RaftServerImpl.java:<init>(271)) - s0: new RaftServerImpl for group-23107F7972FE:[s0|localhost:15232, s1|localhost:15236, s2|localhost:15240] with BaseStateMachine:uninitialized
2025-02-26 08:18:31,427 [main] INFO  impl.MiniRaftCluster (MiniRaftCluster.java:newRaftServer(396)) - newRaftServer: s1, group-23107F7972FE:[s0|localhost:15232, s1|localhost:15236, s2|localhost:15240], format? true
2025-02-26 08:18:31,428 [main] TRACE util.FileUtils (FileUtils.java:deleteFully(307)) - deleteFully target/test/data/8c35503c/MiniRaftClusterWithGrpc517cf52a/s1
2025-02-26 08:18:31,428 [s0-groupManagement] INFO  server.RaftServer$Division (ServerState.java:<init>(114)) - s0@group-23107F7972FE: ConfigurationManager, init=conf: {index: -1, cur=peers:[s0|localhost:15232, s1|localhost:15236, s2|localhost:15240]|listeners:[], old=null}, confs=<EMPTY_MAP>
2025-02-26 08:18:31,428 [main] TRACE util.FileUtils (FileUtils.java:deleteFully(320)) - deleteFully: target/test/data/8c35503c/MiniRaftClusterWithGrpc517cf52a/s1 does not exist.
2025-02-26 08:18:31,428 [main] INFO  impl.MiniRaftCluster (MiniRaftCluster.java:newRaftServer(401)) - Formatted directory target/test/data/8c35503c/MiniRaftClusterWithGrpc517cf52a/s1
2025-02-26 08:18:31,428 [main] INFO  grpc.GrpcConfigKeys (ConfUtils.java:logFallback(69)) - raft.grpc.admin.host = null (fallback to raft.grpc.server.host)
2025-02-26 08:18:31,429 [main] INFO  grpc.GrpcConfigKeys (ConfUtils.java:logGet(62)) - raft.grpc.admin.port = 15237 (custom)
2025-02-26 08:18:31,429 [main] INFO  grpc.GrpcConfigKeys (ConfUtils.java:logFallback(69)) - raft.grpc.client.host = null (fallback to raft.grpc.server.host)
2025-02-26 08:18:31,429 [main] INFO  grpc.GrpcConfigKeys (ConfUtils.java:logGet(62)) - raft.grpc.client.port = 15238 (custom)
2025-02-26 08:18:31,429 [main] INFO  grpc.GrpcConfigKeys (ConfUtils.java:logGet(62)) - raft.grpc.server.port = 15236 (custom)
2025-02-26 08:18:31,430 [main] INFO  server.RaftServerConfigKeys (ConfUtils.java:logGet(62)) - raft.server.storage.dir = [/home/runner/work/ratis/ratis/ratis-test/target/test/data/8c35503c/MiniRaftClusterWithGrpc517cf52a/s1] (custom)
2025-02-26 08:18:31,431 [main] INFO  server.RaftServer (RaftServerProxy.java:addNew(101)) - s1: addNew group-23107F7972FE:[s0|localhost:15232, s1|localhost:15236, s2|localhost:15240] returns group-23107F7972FE:java.util.concurrent.CompletableFuture@45815ffc[Not completed]
2025-02-26 08:18:31,431 [s1-groupManagement] INFO  server.RaftServer$Division (RaftServerImpl.java:<init>(271)) - s1: new RaftServerImpl for group-23107F7972FE:[s0|localhost:15232, s1|localhost:15236, s2|localhost:15240] with BaseStateMachine:uninitialized
2025-02-26 08:18:31,431 [main] INFO  impl.MiniRaftCluster (MiniRaftCluster.java:newRaftServer(396)) - newRaftServer: s2, group-23107F7972FE:[s0|localhost:15232, s1|localhost:15236, s2|localhost:15240], format? true
2025-02-26 08:18:31,431 [main] TRACE util.FileUtils (FileUtils.java:deleteFully(307)) - deleteFully target/test/data/8c35503c/MiniRaftClusterWithGrpc517cf52a/s2
2025-02-26 08:18:31,431 [s1-groupManagement] INFO  server.RaftServer$Division (ServerState.java:<init>(114)) - s1@group-23107F7972FE: ConfigurationManager, init=conf: {index: -1, cur=peers:[s0|localhost:15232, s1|localhost:15236, s2|localhost:15240]|listeners:[], old=null}, confs=<EMPTY_MAP>
2025-02-26 08:18:31,431 [main] TRACE util.FileUtils (FileUtils.java:deleteFully(320)) - deleteFully: target/test/data/8c35503c/MiniRaftClusterWithGrpc517cf52a/s2 does not exist.
2025-02-26 08:18:31,431 [main] INFO  impl.MiniRaftCluster (MiniRaftCluster.java:newRaftServer(401)) - Formatted directory target/test/data/8c35503c/MiniRaftClusterWithGrpc517cf52a/s2
2025-02-26 08:18:31,432 [main] INFO  grpc.GrpcConfigKeys (ConfUtils.java:logFallback(69)) - raft.grpc.admin.host = null (fallback to raft.grpc.server.host)
2025-02-26 08:18:31,432 [main] INFO  grpc.GrpcConfigKeys (ConfUtils.java:logGet(62)) - raft.grpc.admin.port = 15241 (custom)
2025-02-26 08:18:31,432 [main] INFO  grpc.GrpcConfigKeys (ConfUtils.java:logFallback(69)) - raft.grpc.client.host = null (fallback to raft.grpc.server.host)
2025-02-26 08:18:31,432 [main] INFO  grpc.GrpcConfigKeys (ConfUtils.java:logGet(62)) - raft.grpc.client.port = 15242 (custom)
2025-02-26 08:18:31,432 [main] INFO  grpc.GrpcConfigKeys (ConfUtils.java:logGet(62)) - raft.grpc.server.port = 15240 (custom)
2025-02-26 08:18:31,433 [main] INFO  server.RaftServerConfigKeys (ConfUtils.java:logGet(62)) - raft.server.storage.dir = [/home/runner/work/ratis/ratis/ratis-test/target/test/data/8c35503c/MiniRaftClusterWithGrpc517cf52a/s2] (custom)
2025-02-26 08:18:31,434 [main] INFO  server.RaftServer (RaftServerProxy.java:addNew(101)) - s2: addNew group-23107F7972FE:[s0|localhost:15232, s1|localhost:15236, s2|localhost:15240] returns group-23107F7972FE:java.util.concurrent.CompletableFuture@6622fc65[Not completed]
2025-02-26 08:18:31,434 [s2-groupManagement] INFO  server.RaftServer$Division (RaftServerImpl.java:<init>(271)) - s2: new RaftServerImpl for group-23107F7972FE:[s0|localhost:15232, s1|localhost:15236, s2|localhost:15240] with BaseStateMachine:uninitialized
2025-02-26 08:18:31,434 [s2-groupManagement] INFO  server.RaftServer$Division (ServerState.java:<init>(114)) - s2@group-23107F7972FE: ConfigurationManager, init=conf: {index: -1, cur=peers:[s0|localhost:15232, s1|localhost:15236, s2|localhost:15240]|listeners:[], old=null}, confs=<EMPTY_MAP>
2025-02-26 08:18:31,434 [s0-impl-thread1] INFO  server.RaftServerConfigKeys (ConfUtils.java:logGet(62)) - raft.server.storage.dir = [/home/runner/work/ratis/ratis/ratis-test/target/test/data/8c35503c/MiniRaftClusterWithGrpc517cf52a/s0] (custom)
2025-02-26 08:18:31,434 [s0-impl-thread1] INFO  storage.RaftStorageDirectory (RaftStorageDirectoryImpl.java:analyzeStorage(138)) - The storage directory /home/runner/work/ratis/ratis/ratis-test/target/test/data/8c35503c/MiniRaftClusterWithGrpc517cf52a/s0/1d61b1b4-2b51-4871-bccd-23107f7972fe does not exist. Creating ...
2025-02-26 08:18:31,435 [s0-impl-thread1] TRACE util.FileUtils (LogUtils.java:runAndLog(49)) - Successfully ran Files.createDirectories /home/runner/work/ratis/ratis/ratis-test/target/test/data/8c35503c/MiniRaftClusterWithGrpc517cf52a/s0/1d61b1b4-2b51-4871-bccd-23107f7972fe
2025-02-26 08:18:31,436 [s0-impl-thread1] INFO  storage.RaftStorageDirectory (RaftStorageDirectoryImpl.java:tryLock(229)) - Lock on /home/runner/work/ratis/ratis/ratis-test/target/test/data/8c35503c/MiniRaftClusterWithGrpc517cf52a/s0/1d61b1b4-2b51-4871-bccd-23107f7972fe/in_use.lock acquired by nodename 2627@fv-az1979-234.weyvzlf0ic0udbi5oe1vusek0f.dx.internal.cloudapp.net
2025-02-26 08:18:31,436 [s0-impl-thread1] TRACE util.FileUtils (LogUtils.java:runAndLog(49)) - Successfully ran Files.createDirectories /home/runner/work/ratis/ratis/ratis-test/target/test/data/8c35503c/MiniRaftClusterWithGrpc517cf52a/s0/1d61b1b4-2b51-4871-bccd-23107f7972fe/current
2025-02-26 08:18:31,436 [s0-impl-thread1] TRACE util.FileUtils (LogUtils.java:runAndLog(49)) - Successfully ran Files.createDirectories /home/runner/work/ratis/ratis/ratis-test/target/test/data/8c35503c/MiniRaftClusterWithGrpc517cf52a/s0/1d61b1b4-2b51-4871-bccd-23107f7972fe/sm
2025-02-26 08:18:31,436 [s0-impl-thread1] TRACE util.FileUtils (LogUtils.java:supplyAndLog(69)) - Successfully supplied FileChannel.open /home/runner/work/ratis/ratis/ratis-test/target/test/data/8c35503c/MiniRaftClusterWithGrpc517cf52a/s0/1d61b1b4-2b51-4871-bccd-23107f7972fe/current/raft-meta.tmp with options [CREATE, WRITE]: sun.nio.ch.FileChannelImpl@447cd5e4
2025-02-26 08:18:31,437 [s0-impl-thread1] TRACE util.FileUtils (LogUtils.java:runAndLog(49)) - Successfully ran Atomic Files.move /home/runner/work/ratis/ratis/ratis-test/target/test/data/8c35503c/MiniRaftClusterWithGrpc517cf52a/s0/1d61b1b4-2b51-4871-bccd-23107f7972fe/current/raft-meta.tmp to /home/runner/work/ratis/ratis/ratis-test/target/test/data/8c35503c/MiniRaftClusterWithGrpc517cf52a/s0/1d61b1b4-2b51-4871-bccd-23107f7972fe/current/raft-meta with options [REPLACE_EXISTING]
2025-02-26 08:18:31,437 [s0-impl-thread1] INFO  storage.RaftStorage (RaftStorageImpl.java:format(98)) - Storage directory /home/runner/work/ratis/ratis/ratis-test/target/test/data/8c35503c/MiniRaftClusterWithGrpc517cf52a/s0/1d61b1b4-2b51-4871-bccd-23107f7972fe has been successfully formatted.
2025-02-26 08:18:31,437 [s0-impl-thread1] INFO  util.AwaitToRun (AwaitToRun.java:start(81)) - Thread[s0@group-23107F7972FE-cacheEviction-AwaitToRun,5,main] started
2025-02-26 08:18:31,438 [s0-impl-thread1] INFO  segmented.SegmentedRaftLogWorker (SegmentedRaftLogWorker.java:<init>(189)) - new s0@group-23107F7972FE-SegmentedRaftLogWorker for RaftStorageImpl:Storage Directory /home/runner/work/ratis/ratis/ratis-test/target/test/data/8c35503c/MiniRaftClusterWithGrpc517cf52a/s0/1d61b1b4-2b51-4871-bccd-23107f7972fe
2025-02-26 08:18:31,438 [s0-impl-thread1] INFO  segmented.SegmentedRaftLogWorker (SegmentedRaftLogWorker.java:lambda$new$0(140)) - s0@group-23107F7972FE-SegmentedRaftLogWorker: flushIndex: setUnconditionally 0 -> -1
2025-02-26 08:18:31,438 [s0-impl-thread1] INFO  segmented.SegmentedRaftLogWorker (SegmentedRaftLogWorker.java:lambda$new$0(140)) - s0@group-23107F7972FE-SegmentedRaftLogWorker: safeCacheEvictIndex: setUnconditionally 0 -> -1
2025-02-26 08:18:31,439 [s0-impl-thread1] INFO  server.RaftServer$Division (RaftServerImpl.java:start(408)) - s0@group-23107F7972FE: start as a follower, conf=conf: {index: -1, cur=peers:[s0|localhost:15232, s1|localhost:15236, s2|localhost:15240]|listeners:[], old=null}
2025-02-26 08:18:31,439 [s0-impl-thread1] INFO  server.RaftServer$Division (RaftServerImpl.java:setRole(395)) - s0@group-23107F7972FE: changes role from      null to FOLLOWER at term 0 for startAsFollower
2025-02-26 08:18:31,439 [s0-impl-thread1] INFO  impl.RoleInfo (RoleInfo.java:updateAndGet(148)) - s0: start s0@group-23107F7972FE-FollowerState
2025-02-26 08:18:31,439 [s0@group-23107F7972FE-FollowerState] INFO  server.RaftServerConfigKeys (ConfUtils.java:logFallback(69)) - raft.server.rpc.first-election.timeout.min = 150ms (fallback to raft.server.rpc.timeout.min)
2025-02-26 08:18:31,439 [s0@group-23107F7972FE-FollowerState] INFO  server.RaftServerConfigKeys (ConfUtils.java:logFallback(69)) - raft.server.rpc.first-election.timeout.max = 300ms (fallback to raft.server.rpc.timeout.max)
2025-02-26 08:18:31,439 [s0-impl-thread1] INFO  util.JmxRegister (JmxRegister.java:tryRegister(44)) - Successfully registered JMX Bean with object name Ratis:service=RaftServer,group=group-23107F7972FE,id=s0
2025-02-26 08:18:31,439 [s0-impl-thread1] INFO  util.JmxRegister (JmxRegister.java:register(58)) - register mxBean class org.apache.ratis.server.impl.RaftServerJmxAdapter as Ratis:service=RaftServer,group=group-23107F7972FE,id=s0
2025-02-26 08:18:31,440 [s0-impl-thread1] INFO  server.RaftServer$Division (RaftServerImpl.java:start(422)) - s0@group-23107F7972FE: Successfully started.
2025-02-26 08:18:31,440 [main] INFO  server.RaftServer (RaftServerProxy.java:startImpl(408)) - s0: start RPC server
2025-02-26 08:18:31,440 [main] INFO  server.GrpcServicesImpl (GrpcServicesImpl.java:startImpl(353)) - s0: GrpcServicesImpl started, listening on 15234
2025-02-26 08:18:31,440 [main] INFO  server.GrpcServicesImpl (GrpcServicesImpl.java:startImpl(353)) - s0: GrpcServicesImpl started, listening on 15232
2025-02-26 08:18:31,440 [main] INFO  server.GrpcServicesImpl (GrpcServicesImpl.java:startImpl(353)) - s0: GrpcServicesImpl started, listening on 15233
2025-02-26 08:18:31,441 [JvmPauseMonitor58] INFO  util.JvmPauseMonitor (JvmPauseMonitor.java:run(146)) - JvmPauseMonitor-s0: Started
2025-02-26 08:18:31,441 [s1-impl-thread1] INFO  server.RaftServerConfigKeys (ConfUtils.java:logGet(62)) - raft.server.storage.dir = [/home/runner/work/ratis/ratis/ratis-test/target/test/data/8c35503c/MiniRaftClusterWithGrpc517cf52a/s1] (custom)
2025-02-26 08:18:31,441 [s1-impl-thread1] INFO  storage.RaftStorageDirectory (RaftStorageDirectoryImpl.java:analyzeStorage(138)) - The storage directory /home/runner/work/ratis/ratis/ratis-test/target/test/data/8c35503c/MiniRaftClusterWithGrpc517cf52a/s1/1d61b1b4-2b51-4871-bccd-23107f7972fe does not exist. Creating ...
2025-02-26 08:18:31,441 [s1-impl-thread1] TRACE util.FileUtils (LogUtils.java:runAndLog(49)) - Successfully ran Files.createDirectories /home/runner/work/ratis/ratis/ratis-test/target/test/data/8c35503c/MiniRaftClusterWithGrpc517cf52a/s1/1d61b1b4-2b51-4871-bccd-23107f7972fe
2025-02-26 08:18:31,442 [s1-impl-thread1] INFO  storage.RaftStorageDirectory (RaftStorageDirectoryImpl.java:tryLock(229)) - Lock on /home/runner/work/ratis/ratis/ratis-test/target/test/data/8c35503c/MiniRaftClusterWithGrpc517cf52a/s1/1d61b1b4-2b51-4871-bccd-23107f7972fe/in_use.lock acquired by nodename 2627@fv-az1979-234.weyvzlf0ic0udbi5oe1vusek0f.dx.internal.cloudapp.net
2025-02-26 08:18:31,442 [s1-impl-thread1] TRACE util.FileUtils (LogUtils.java:runAndLog(49)) - Successfully ran Files.createDirectories /home/runner/work/ratis/ratis/ratis-test/target/test/data/8c35503c/MiniRaftClusterWithGrpc517cf52a/s1/1d61b1b4-2b51-4871-bccd-23107f7972fe/current
2025-02-26 08:18:31,443 [s1-impl-thread1] TRACE util.FileUtils (LogUtils.java:runAndLog(49)) - Successfully ran Files.createDirectories /home/runner/work/ratis/ratis/ratis-test/target/test/data/8c35503c/MiniRaftClusterWithGrpc517cf52a/s1/1d61b1b4-2b51-4871-bccd-23107f7972fe/sm
2025-02-26 08:18:31,443 [s1-impl-thread1] TRACE util.FileUtils (LogUtils.java:supplyAndLog(69)) - Successfully supplied FileChannel.open /home/runner/work/ratis/ratis/ratis-test/target/test/data/8c35503c/MiniRaftClusterWithGrpc517cf52a/s1/1d61b1b4-2b51-4871-bccd-23107f7972fe/current/raft-meta.tmp with options [CREATE, WRITE]: sun.nio.ch.FileChannelImpl@551908e8
2025-02-26 08:18:31,444 [s1-impl-thread1] TRACE util.FileUtils (LogUtils.java:runAndLog(49)) - Successfully ran Atomic Files.move /home/runner/work/ratis/ratis/ratis-test/target/test/data/8c35503c/MiniRaftClusterWithGrpc517cf52a/s1/1d61b1b4-2b51-4871-bccd-23107f7972fe/current/raft-meta.tmp to /home/runner/work/ratis/ratis/ratis-test/target/test/data/8c35503c/MiniRaftClusterWithGrpc517cf52a/s1/1d61b1b4-2b51-4871-bccd-23107f7972fe/current/raft-meta with options [REPLACE_EXISTING]
2025-02-26 08:18:31,444 [s1-impl-thread1] INFO  storage.RaftStorage (RaftStorageImpl.java:format(98)) - Storage directory /home/runner/work/ratis/ratis/ratis-test/target/test/data/8c35503c/MiniRaftClusterWithGrpc517cf52a/s1/1d61b1b4-2b51-4871-bccd-23107f7972fe has been successfully formatted.
2025-02-26 08:18:31,444 [s1-impl-thread1] INFO  util.AwaitToRun (AwaitToRun.java:start(81)) - Thread[s1@group-23107F7972FE-cacheEviction-AwaitToRun,5,main] started
2025-02-26 08:18:31,444 [s1-impl-thread1] INFO  segmented.SegmentedRaftLogWorker (SegmentedRaftLogWorker.java:<init>(189)) - new s1@group-23107F7972FE-SegmentedRaftLogWorker for RaftStorageImpl:Storage Directory /home/runner/work/ratis/ratis/ratis-test/target/test/data/8c35503c/MiniRaftClusterWithGrpc517cf52a/s1/1d61b1b4-2b51-4871-bccd-23107f7972fe
2025-02-26 08:18:31,446 [s1-impl-thread1] INFO  segmented.SegmentedRaftLogWorker (SegmentedRaftLogWorker.java:lambda$new$0(140)) - s1@group-23107F7972FE-SegmentedRaftLogWorker: flushIndex: setUnconditionally 0 -> -1
2025-02-26 08:18:31,446 [s1-impl-thread1] INFO  segmented.SegmentedRaftLogWorker (SegmentedRaftLogWorker.java:lambda$new$0(140)) - s1@group-23107F7972FE-SegmentedRaftLogWorker: safeCacheEvictIndex: setUnconditionally 0 -> -1
2025-02-26 08:18:31,447 [s1-impl-thread1] INFO  server.RaftServer$Division (RaftServerImpl.java:start(408)) - s1@group-23107F7972FE: start as a follower, conf=conf: {index: -1, cur=peers:[s0|localhost:15232, s1|localhost:15236, s2|localhost:15240]|listeners:[], old=null}
2025-02-26 08:18:31,447 [s1-impl-thread1] INFO  server.RaftServer$Division (RaftServerImpl.java:setRole(395)) - s1@group-23107F7972FE: changes role from      null to FOLLOWER at term 0 for startAsFollower
2025-02-26 08:18:31,447 [s1-impl-thread1] INFO  impl.RoleInfo (RoleInfo.java:updateAndGet(148)) - s1: start s1@group-23107F7972FE-FollowerState
2025-02-26 08:18:31,448 [s1-impl-thread1] INFO  util.JmxRegister (JmxRegister.java:tryRegister(44)) - Successfully registered JMX Bean with object name Ratis:service=RaftServer,group=group-23107F7972FE,id=s1
2025-02-26 08:18:31,448 [s1@group-23107F7972FE-FollowerState] INFO  server.RaftServerConfigKeys (ConfUtils.java:logFallback(69)) - raft.server.rpc.first-election.timeout.min = 150ms (fallback to raft.server.rpc.timeout.min)
2025-02-26 08:18:31,448 [s1@group-23107F7972FE-FollowerState] INFO  server.RaftServerConfigKeys (ConfUtils.java:logFallback(69)) - raft.server.rpc.first-election.timeout.max = 300ms (fallback to raft.server.rpc.timeout.max)
2025-02-26 08:18:31,448 [s1-impl-thread1] INFO  util.JmxRegister (JmxRegister.java:register(58)) - register mxBean class org.apache.ratis.server.impl.RaftServerJmxAdapter as Ratis:service=RaftServer,group=group-23107F7972FE,id=s1
2025-02-26 08:18:31,448 [s1-impl-thread1] INFO  server.RaftServer$Division (RaftServerImpl.java:start(422)) - s1@group-23107F7972FE: Successfully started.
2025-02-26 08:18:31,448 [main] INFO  server.RaftServer (RaftServerProxy.java:startImpl(408)) - s1: start RPC server
2025-02-26 08:18:31,449 [main] INFO  server.GrpcServicesImpl (GrpcServicesImpl.java:startImpl(353)) - s1: GrpcServicesImpl started, listening on 15238
2025-02-26 08:18:31,449 [main] INFO  server.GrpcServicesImpl (GrpcServicesImpl.java:startImpl(353)) - s1: GrpcServicesImpl started, listening on 15236
2025-02-26 08:18:31,449 [main] INFO  server.GrpcServicesImpl (GrpcServicesImpl.java:startImpl(353)) - s1: GrpcServicesImpl started, listening on 15237
2025-02-26 08:18:31,450 [JvmPauseMonitor59] INFO  util.JvmPauseMonitor (JvmPauseMonitor.java:run(146)) - JvmPauseMonitor-s1: Started
2025-02-26 08:18:31,450 [s2-impl-thread1] INFO  server.RaftServerConfigKeys (ConfUtils.java:logGet(62)) - raft.server.storage.dir = [/home/runner/work/ratis/ratis/ratis-test/target/test/data/8c35503c/MiniRaftClusterWithGrpc517cf52a/s2] (custom)
2025-02-26 08:18:31,450 [s2-impl-thread1] INFO  storage.RaftStorageDirectory (RaftStorageDirectoryImpl.java:analyzeStorage(138)) - The storage directory /home/runner/work/ratis/ratis/ratis-test/target/test/data/8c35503c/MiniRaftClusterWithGrpc517cf52a/s2/1d61b1b4-2b51-4871-bccd-23107f7972fe does not exist. Creating ...
2025-02-26 08:18:31,450 [s2-impl-thread1] TRACE util.FileUtils (LogUtils.java:runAndLog(49)) - Successfully ran Files.createDirectories /home/runner/work/ratis/ratis/ratis-test/target/test/data/8c35503c/MiniRaftClusterWithGrpc517cf52a/s2/1d61b1b4-2b51-4871-bccd-23107f7972fe
2025-02-26 08:18:31,451 [s2-impl-thread1] INFO  storage.RaftStorageDirectory (RaftStorageDirectoryImpl.java:tryLock(229)) - Lock on /home/runner/work/ratis/ratis/ratis-test/target/test/data/8c35503c/MiniRaftClusterWithGrpc517cf52a/s2/1d61b1b4-2b51-4871-bccd-23107f7972fe/in_use.lock acquired by nodename 2627@fv-az1979-234.weyvzlf0ic0udbi5oe1vusek0f.dx.internal.cloudapp.net
2025-02-26 08:18:31,451 [s2-impl-thread1] TRACE util.FileUtils (LogUtils.java:runAndLog(49)) - Successfully ran Files.createDirectories /home/runner/work/ratis/ratis/ratis-test/target/test/data/8c35503c/MiniRaftClusterWithGrpc517cf52a/s2/1d61b1b4-2b51-4871-bccd-23107f7972fe/current
2025-02-26 08:18:31,451 [s2-impl-thread1] TRACE util.FileUtils (LogUtils.java:runAndLog(49)) - Successfully ran Files.createDirectories /home/runner/work/ratis/ratis/ratis-test/target/test/data/8c35503c/MiniRaftClusterWithGrpc517cf52a/s2/1d61b1b4-2b51-4871-bccd-23107f7972fe/sm
2025-02-26 08:18:31,451 [s2-impl-thread1] TRACE util.FileUtils (LogUtils.java:supplyAndLog(69)) - Successfully supplied FileChannel.open /home/runner/work/ratis/ratis/ratis-test/target/test/data/8c35503c/MiniRaftClusterWithGrpc517cf52a/s2/1d61b1b4-2b51-4871-bccd-23107f7972fe/current/raft-meta.tmp with options [CREATE, WRITE]: sun.nio.ch.FileChannelImpl@2dcdf00f
2025-02-26 08:18:31,452 [s2-impl-thread1] TRACE util.FileUtils (LogUtils.java:runAndLog(49)) - Successfully ran Atomic Files.move /home/runner/work/ratis/ratis/ratis-test/target/test/data/8c35503c/MiniRaftClusterWithGrpc517cf52a/s2/1d61b1b4-2b51-4871-bccd-23107f7972fe/current/raft-meta.tmp to /home/runner/work/ratis/ratis/ratis-test/target/test/data/8c35503c/MiniRaftClusterWithGrpc517cf52a/s2/1d61b1b4-2b51-4871-bccd-23107f7972fe/current/raft-meta with options [REPLACE_EXISTING]
2025-02-26 08:18:31,452 [s2-impl-thread1] INFO  storage.RaftStorage (RaftStorageImpl.java:format(98)) - Storage directory /home/runner/work/ratis/ratis/ratis-test/target/test/data/8c35503c/MiniRaftClusterWithGrpc517cf52a/s2/1d61b1b4-2b51-4871-bccd-23107f7972fe has been successfully formatted.
2025-02-26 08:18:31,453 [s2-impl-thread1] INFO  util.AwaitToRun (AwaitToRun.java:start(81)) - Thread[s2@group-23107F7972FE-cacheEviction-AwaitToRun,5,main] started
2025-02-26 08:18:31,453 [s2-impl-thread1] INFO  segmented.SegmentedRaftLogWorker (SegmentedRaftLogWorker.java:<init>(189)) - new s2@group-23107F7972FE-SegmentedRaftLogWorker for RaftStorageImpl:Storage Directory /home/runner/work/ratis/ratis/ratis-test/target/test/data/8c35503c/MiniRaftClusterWithGrpc517cf52a/s2/1d61b1b4-2b51-4871-bccd-23107f7972fe
2025-02-26 08:18:31,454 [s2-impl-thread1] INFO  segmented.SegmentedRaftLogWorker (SegmentedRaftLogWorker.java:lambda$new$0(140)) - s2@group-23107F7972FE-SegmentedRaftLogWorker: flushIndex: setUnconditionally 0 -> -1
2025-02-26 08:18:31,454 [s2-impl-thread1] INFO  segmented.SegmentedRaftLogWorker (SegmentedRaftLogWorker.java:lambda$new$0(140)) - s2@group-23107F7972FE-SegmentedRaftLogWorker: safeCacheEvictIndex: setUnconditionally 0 -> -1
2025-02-26 08:18:31,455 [s2-impl-thread1] INFO  server.RaftServer$Division (RaftServerImpl.java:start(408)) - s2@group-23107F7972FE: start as a follower, conf=conf: {index: -1, cur=peers:[s0|localhost:15232, s1|localhost:15236, s2|localhost:15240]|listeners:[], old=null}
2025-02-26 08:18:31,455 [s2-impl-thread1] INFO  server.RaftServer$Division (RaftServerImpl.java:setRole(395)) - s2@group-23107F7972FE: changes role from      null to FOLLOWER at term 0 for startAsFollower
2025-02-26 08:18:31,455 [s2-impl-thread1] INFO  impl.RoleInfo (RoleInfo.java:updateAndGet(148)) - s2: start s2@group-23107F7972FE-FollowerState
2025-02-26 08:18:31,455 [s2@group-23107F7972FE-FollowerState] INFO  server.RaftServerConfigKeys (ConfUtils.java:logFallback(69)) - raft.server.rpc.first-election.timeout.min = 150ms (fallback to raft.server.rpc.timeout.min)
2025-02-26 08:18:31,455 [s2-impl-thread1] INFO  util.JmxRegister (JmxRegister.java:tryRegister(44)) - Successfully registered JMX Bean with object name Ratis:service=RaftServer,group=group-23107F7972FE,id=s2
2025-02-26 08:18:31,455 [s2-impl-thread1] INFO  util.JmxRegister (JmxRegister.java:register(58)) - register mxBean class org.apache.ratis.server.impl.RaftServerJmxAdapter as Ratis:service=RaftServer,group=group-23107F7972FE,id=s2
2025-02-26 08:18:31,455 [s2@group-23107F7972FE-FollowerState] INFO  server.RaftServerConfigKeys (ConfUtils.java:logFallback(69)) - raft.server.rpc.first-election.timeout.max = 300ms (fallback to raft.server.rpc.timeout.max)
2025-02-26 08:18:31,456 [s2-impl-thread1] INFO  server.RaftServer$Division (RaftServerImpl.java:start(422)) - s2@group-23107F7972FE: Successfully started.
2025-02-26 08:18:31,456 [main] INFO  server.RaftServer (RaftServerProxy.java:startImpl(408)) - s2: start RPC server
2025-02-26 08:18:31,457 [main] INFO  server.GrpcServicesImpl (GrpcServicesImpl.java:startImpl(353)) - s2: GrpcServicesImpl started, listening on 15242
2025-02-26 08:18:31,457 [main] INFO  server.GrpcServicesImpl (GrpcServicesImpl.java:startImpl(353)) - s2: GrpcServicesImpl started, listening on 15240
2025-02-26 08:18:31,457 [main] INFO  server.GrpcServicesImpl (GrpcServicesImpl.java:startImpl(353)) - s2: GrpcServicesImpl started, listening on 15241
2025-02-26 08:18:31,457 [JvmPauseMonitor60] INFO  util.JvmPauseMonitor (JvmPauseMonitor.java:run(146)) - JvmPauseMonitor-s2: Started
2025-02-26 08:18:31,458 [main] INFO  server.RaftServerConfigKeys (ConfUtils.java:logGet(62)) - raft.server.read.leader.lease.timeout.ratio = 0.5 (custom)
2025-02-26 08:18:31,458 [main] INFO  ratis.RaftTestUtil (RaftTestUtil.java:waitForLeader(107)) - printing ALL groups
  s0:  RUNNING  FOLLOWER s0@group-23107F7972FE:t0, leader=null, voted=, raftlog=Memoized:s0@group-23107F7972FE-SegmentedRaftLog:OPENED:c-1:lastnull, conf=conf: {index: -1, cur=peers:[s0|localhost:15232, s1|localhost:15236, s2|localhost:15240]|listeners:[], old=null} RUNNING
  s1:  RUNNING  FOLLOWER s1@group-23107F7972FE:t0, leader=null, voted=, raftlog=Memoized:s1@group-23107F7972FE-SegmentedRaftLog:OPENED:c-1:lastnull, conf=conf: {index: -1, cur=peers:[s0|localhost:15232, s1|localhost:15236, s2|localhost:15240]|listeners:[], old=null} RUNNING
  s2:  RUNNING  FOLLOWER s2@group-23107F7972FE:t0, leader=null, voted=, raftlog=Memoized:s2@group-23107F7972FE-SegmentedRaftLog:OPENED:c-1:lastnull, conf=conf: {index: -1, cur=peers:[s0|localhost:15232, s1|localhost:15236, s2|localhost:15240]|listeners:[], old=null} RUNNING
2025-02-26 08:18:31,458 [main] WARN  ratis.RaftTestUtil (RaftTestUtil.java:lambda$waitForLeader$3(126)) - Attempt #1 failed: java.lang.IllegalStateException: No leader yet : printing ALL groups
  s0:  RUNNING  FOLLOWER s0@group-23107F7972FE:t0, leader=null, voted=, raftlog=Memoized:s0@group-23107F7972FE-SegmentedRaftLog:OPENED:c-1:lastnull, conf=conf: {index: -1, cur=peers:[s0|localhost:15232, s1|localhost:15236, s2|localhost:15240]|listeners:[], old=null} RUNNING
  s1:  RUNNING  FOLLOWER s1@group-23107F7972FE:t0, leader=null, voted=, raftlog=Memoized:s1@group-23107F7972FE-SegmentedRaftLog:OPENED:c-1:lastnull, conf=conf: {index: -1, cur=peers:[s0|localhost:15232, s1|localhost:15236, s2|localhost:15240]|listeners:[], old=null} RUNNING
  s2:  RUNNING  FOLLOWER s2@group-23107F7972FE:t0, leader=null, voted=, raftlog=Memoized:s2@group-23107F7972FE-SegmentedRaftLog:OPENED:c-1:lastnull, conf=conf: {index: -1, cur=peers:[s0|localhost:15232, s1|localhost:15236, s2|localhost:15240]|listeners:[], old=null} RUNNING
2025-02-26 08:18:31,643 [s1@group-23107F7972FE-FollowerState] INFO  impl.FollowerState (FollowerState.java:runImpl(161)) - s1@group-23107F7972FE-FollowerState: change to CANDIDATE, lastRpcElapsedTime:196169167ns, electionTimeout:195ms
2025-02-26 08:18:31,643 [s1@group-23107F7972FE-FollowerState] INFO  impl.RoleInfo (RoleInfo.java:shutdownFollowerState(121)) - s1: shutdown s1@group-23107F7972FE-FollowerState
2025-02-26 08:18:31,643 [s1@group-23107F7972FE-FollowerState] INFO  server.RaftServer$Division (RaftServerImpl.java:setRole(395)) - s1@group-23107F7972FE: changes role from  FOLLOWER to CANDIDATE at term 0 for changeToCandidate
2025-02-26 08:18:31,643 [s1@group-23107F7972FE-FollowerState] INFO  impl.RoleInfo (RoleInfo.java:updateAndGet(148)) - s1: start s1@group-23107F7972FE-LeaderElection89
2025-02-26 08:18:31,644 [s1@group-23107F7972FE-LeaderElection89] INFO  impl.LeaderElection (LeaderElection.java:askForVotes(332)) - s1@group-23107F7972FE-LeaderElection89 PRE_VOTE round 0: submit vote requests at term 0 for conf: {index: -1, cur=peers:[s0|localhost:15232, s1|localhost:15236, s2|localhost:15240]|listeners:[], old=null}
2025-02-26 08:18:31,644 [s1@group-23107F7972FE-LeaderElection89] INFO  server.RaftServerConfigKeys (ConfUtils.java:logFallback(69)) - raft.server.rpc.first-election.timeout.min = 150ms (fallback to raft.server.rpc.timeout.min)
2025-02-26 08:18:31,644 [s1@group-23107F7972FE-LeaderElection89-2] INFO  server.GrpcServerProtocolClient (GrpcServerProtocolClient.java:<init>(65)) - Build channel for s2|localhost:15240
2025-02-26 08:18:31,644 [s1@group-23107F7972FE-LeaderElection89] INFO  server.RaftServerConfigKeys (ConfUtils.java:logFallback(69)) - raft.server.rpc.first-election.timeout.max = 300ms (fallback to raft.server.rpc.timeout.max)
2025-02-26 08:18:31,644 [s1@group-23107F7972FE-LeaderElection89-1] INFO  server.GrpcServerProtocolClient (GrpcServerProtocolClient.java:<init>(65)) - Build channel for s0|localhost:15232
2025-02-26 08:18:31,647 [grpc-default-executor-2] INFO  server.RaftServer$Division (RaftServerImpl.java:requestVote(1475)) - s0@group-23107F7972FE: receive requestVote(PRE_VOTE, s1, group-23107F7972FE, 0, (t:0, i:0))
2025-02-26 08:18:31,647 [grpc-default-executor-5] INFO  server.RaftServer$Division (RaftServerImpl.java:requestVote(1475)) - s2@group-23107F7972FE: receive requestVote(PRE_VOTE, s1, group-23107F7972FE, 0, (t:0, i:0))
2025-02-26 08:18:31,647 [grpc-default-executor-5] INFO  impl.VoteContext (VoteContext.java:log(49)) - s2@group-23107F7972FE-FOLLOWER: accept PRE_VOTE from s1: our priority 0 <= candidate's priority 0
2025-02-26 08:18:31,648 [grpc-default-executor-5] INFO  server.RaftServer$Division (RaftServerImpl.java:requestVote(1509)) - s2@group-23107F7972FE replies to PRE_VOTE vote request: s1<-s2#0:OK-t0. Peer's state: s2@group-23107F7972FE:t0, leader=null, voted=, raftlog=Memoized:s2@group-23107F7972FE-SegmentedRaftLog:OPENED:c-1:lastnull, conf=conf: {index: -1, cur=peers:[s0|localhost:15232, s1|localhost:15236, s2|localhost:15240]|listeners:[], old=null}
2025-02-26 08:18:31,647 [grpc-default-executor-2] INFO  impl.VoteContext (VoteContext.java:log(49)) - s0@group-23107F7972FE-FOLLOWER: accept PRE_VOTE from s1: our priority 0 <= candidate's priority 0
2025-02-26 08:18:31,648 [grpc-default-executor-2] INFO  server.RaftServer$Division (RaftServerImpl.java:requestVote(1509)) - s0@group-23107F7972FE replies to PRE_VOTE vote request: s1<-s0#0:OK-t0. Peer's state: s0@group-23107F7972FE:t0, leader=null, voted=, raftlog=Memoized:s0@group-23107F7972FE-SegmentedRaftLog:OPENED:c-1:lastnull, conf=conf: {index: -1, cur=peers:[s0|localhost:15232, s1|localhost:15236, s2|localhost:15240]|listeners:[], old=null}
2025-02-26 08:18:31,648 [s1@group-23107F7972FE-LeaderElection89] INFO  impl.LeaderElection (LeaderElection.java:logAndReturn(90)) - s1@group-23107F7972FE-LeaderElection89: PRE_VOTE PASSED received 1 response(s) and 0 exception(s):
2025-02-26 08:18:31,648 [s1@group-23107F7972FE-LeaderElection89] INFO  impl.LeaderElection (LeaderElection.java:logAndReturn(94)) -   Response 0: s1<-s2#0:OK-t0
2025-02-26 08:18:31,648 [s1@group-23107F7972FE-LeaderElection89] INFO  impl.LeaderElection (LeaderElection.java:askForVotes(334)) - s1@group-23107F7972FE-LeaderElection89 PRE_VOTE round 0: result PASSED
2025-02-26 08:18:31,648 [s1@group-23107F7972FE-LeaderElection89] TRACE util.FileUtils (LogUtils.java:supplyAndLog(69)) - Successfully supplied FileChannel.open /home/runner/work/ratis/ratis/ratis-test/target/test/data/8c35503c/MiniRaftClusterWithGrpc517cf52a/s1/1d61b1b4-2b51-4871-bccd-23107f7972fe/current/raft-meta.tmp with options [CREATE, WRITE]: sun.nio.ch.FileChannelImpl@7d9cfc0d
2025-02-26 08:18:31,650 [s1@group-23107F7972FE-LeaderElection89] TRACE util.FileUtils (LogUtils.java:runAndLog(49)) - Successfully ran Atomic Files.move /home/runner/work/ratis/ratis/ratis-test/target/test/data/8c35503c/MiniRaftClusterWithGrpc517cf52a/s1/1d61b1b4-2b51-4871-bccd-23107f7972fe/current/raft-meta.tmp to /home/runner/work/ratis/ratis/ratis-test/target/test/data/8c35503c/MiniRaftClusterWithGrpc517cf52a/s1/1d61b1b4-2b51-4871-bccd-23107f7972fe/current/raft-meta with options [REPLACE_EXISTING]
2025-02-26 08:18:31,650 [s1@group-23107F7972FE-LeaderElection89] INFO  impl.LeaderElection (LeaderElection.java:askForVotes(332)) - s1@group-23107F7972FE-LeaderElection89 ELECTION round 0: submit vote requests at term 1 for conf: {index: -1, cur=peers:[s0|localhost:15232, s1|localhost:15236, s2|localhost:15240]|listeners:[], old=null}
2025-02-26 08:18:31,650 [s1@group-23107F7972FE-LeaderElection89] INFO  server.RaftServerConfigKeys (ConfUtils.java:logFallback(69)) - raft.server.rpc.first-election.timeout.min = 150ms (fallback to raft.server.rpc.timeout.min)
2025-02-26 08:18:31,650 [s1@group-23107F7972FE-LeaderElection89] INFO  server.RaftServerConfigKeys (ConfUtils.java:logFallback(69)) - raft.server.rpc.first-election.timeout.max = 300ms (fallback to raft.server.rpc.timeout.max)
2025-02-26 08:18:31,651 [grpc-default-executor-2] INFO  server.RaftServer$Division (RaftServerImpl.java:requestVote(1475)) - s2@group-23107F7972FE: receive requestVote(ELECTION, s1, group-23107F7972FE, 1, (t:0, i:0))
2025-02-26 08:18:31,651 [grpc-default-executor-5] INFO  server.RaftServer$Division (RaftServerImpl.java:requestVote(1475)) - s0@group-23107F7972FE: receive requestVote(ELECTION, s1, group-23107F7972FE, 1, (t:0, i:0))
2025-02-26 08:18:31,651 [grpc-default-executor-2] INFO  impl.VoteContext (VoteContext.java:log(49)) - s2@group-23107F7972FE-FOLLOWER: accept ELECTION from s1: our priority 0 <= candidate's priority 0
2025-02-26 08:18:31,651 [grpc-default-executor-2] INFO  server.RaftServer$Division (RaftServerImpl.java:setRole(395)) - s2@group-23107F7972FE: changes role from  FOLLOWER to FOLLOWER at term 0 for candidate:s1
2025-02-26 08:18:31,651 [grpc-default-executor-2] INFO  impl.RoleInfo (RoleInfo.java:shutdownFollowerState(121)) - s2: shutdown s2@group-23107F7972FE-FollowerState
2025-02-26 08:18:31,651 [s2@group-23107F7972FE-FollowerState] INFO  impl.FollowerState (FollowerState.java:runImpl(170)) - s2@group-23107F7972FE-FollowerState was interrupted
2025-02-26 08:18:31,652 [grpc-default-executor-5] INFO  impl.VoteContext (VoteContext.java:log(49)) - s0@group-23107F7972FE-FOLLOWER: accept ELECTION from s1: our priority 0 <= candidate's priority 0
2025-02-26 08:18:31,652 [grpc-default-executor-2] INFO  impl.RoleInfo (RoleInfo.java:updateAndGet(148)) - s2: start s2@group-23107F7972FE-FollowerState
2025-02-26 08:18:31,652 [grpc-default-executor-5] INFO  server.RaftServer$Division (RaftServerImpl.java:setRole(395)) - s0@group-23107F7972FE: changes role from  FOLLOWER to FOLLOWER at term 0 for candidate:s1
2025-02-26 08:18:31,652 [grpc-default-executor-5] INFO  impl.RoleInfo (RoleInfo.java:shutdownFollowerState(121)) - s0: shutdown s0@group-23107F7972FE-FollowerState
2025-02-26 08:18:31,652 [s2@group-23107F7972FE-FollowerState] INFO  server.RaftServerConfigKeys (ConfUtils.java:logFallback(69)) - raft.server.rpc.first-election.timeout.min = 150ms (fallback to raft.server.rpc.timeout.min)
2025-02-26 08:18:31,652 [grpc-default-executor-5] INFO  impl.RoleInfo (RoleInfo.java:updateAndGet(148)) - s0: start s0@group-23107F7972FE-FollowerState
2025-02-26 08:18:31,652 [s0@group-23107F7972FE-FollowerState] INFO  impl.FollowerState (FollowerState.java:runImpl(170)) - s0@group-23107F7972FE-FollowerState was interrupted
2025-02-26 08:18:31,653 [grpc-default-executor-5] INFO  server.RaftServer$Division (RaftServerImpl.java:setFirstElection(579)) - s0@group-23107F7972FE: set firstElectionSinceStartup to false for candidate:s1
2025-02-26 08:18:31,652 [grpc-default-executor-2] INFO  server.RaftServer$Division (RaftServerImpl.java:setFirstElection(579)) - s2@group-23107F7972FE: set firstElectionSinceStartup to false for candidate:s1
2025-02-26 08:18:31,652 [s2@group-23107F7972FE-FollowerState] INFO  server.RaftServerConfigKeys (ConfUtils.java:logFallback(69)) - raft.server.rpc.first-election.timeout.max = 300ms (fallback to raft.server.rpc.timeout.max)
2025-02-26 08:18:31,653 [grpc-default-executor-2] TRACE util.FileUtils (LogUtils.java:supplyAndLog(69)) - Successfully supplied FileChannel.open /home/runner/work/ratis/ratis/ratis-test/target/test/data/8c35503c/MiniRaftClusterWithGrpc517cf52a/s2/1d61b1b4-2b51-4871-bccd-23107f7972fe/current/raft-meta.tmp with options [CREATE, WRITE]: sun.nio.ch.FileChannelImpl@25a10401
2025-02-26 08:18:31,653 [grpc-default-executor-5] TRACE util.FileUtils (LogUtils.java:supplyAndLog(69)) - Successfully supplied FileChannel.open /home/runner/work/ratis/ratis/ratis-test/target/test/data/8c35503c/MiniRaftClusterWithGrpc517cf52a/s0/1d61b1b4-2b51-4871-bccd-23107f7972fe/current/raft-meta.tmp with options [CREATE, WRITE]: sun.nio.ch.FileChannelImpl@46073ca8
2025-02-26 08:18:31,654 [grpc-default-executor-2] TRACE util.FileUtils (LogUtils.java:runAndLog(49)) - Successfully ran Atomic Files.move /home/runner/work/ratis/ratis/ratis-test/target/test/data/8c35503c/MiniRaftClusterWithGrpc517cf52a/s2/1d61b1b4-2b51-4871-bccd-23107f7972fe/current/raft-meta.tmp to /home/runner/work/ratis/ratis/ratis-test/target/test/data/8c35503c/MiniRaftClusterWithGrpc517cf52a/s2/1d61b1b4-2b51-4871-bccd-23107f7972fe/current/raft-meta with options [REPLACE_EXISTING]
2025-02-26 08:18:31,654 [grpc-default-executor-2] INFO  server.RaftServer$Division (RaftServerImpl.java:requestVote(1509)) - s2@group-23107F7972FE replies to ELECTION vote request: s1<-s2#0:OK-t1. Peer's state: s2@group-23107F7972FE:t1, leader=null, voted=s1, raftlog=Memoized:s2@group-23107F7972FE-SegmentedRaftLog:OPENED:c-1:lastnull, conf=conf: {index: -1, cur=peers:[s0|localhost:15232, s1|localhost:15236, s2|localhost:15240]|listeners:[], old=null}
2025-02-26 08:18:31,654 [grpc-default-executor-5] TRACE util.FileUtils (LogUtils.java:runAndLog(49)) - Successfully ran Atomic Files.move /home/runner/work/ratis/ratis/ratis-test/target/test/data/8c35503c/MiniRaftClusterWithGrpc517cf52a/s0/1d61b1b4-2b51-4871-bccd-23107f7972fe/current/raft-meta.tmp to /home/runner/work/ratis/ratis/ratis-test/target/test/data/8c35503c/MiniRaftClusterWithGrpc517cf52a/s0/1d61b1b4-2b51-4871-bccd-23107f7972fe/current/raft-meta with options [REPLACE_EXISTING]
2025-02-26 08:18:31,654 [s1@group-23107F7972FE-LeaderElection89] INFO  impl.LeaderElection (LeaderElection.java:logAndReturn(90)) - s1@group-23107F7972FE-LeaderElection89: ELECTION PASSED received 1 response(s) and 0 exception(s):
2025-02-26 08:18:31,654 [s1@group-23107F7972FE-LeaderElection89] INFO  impl.LeaderElection (LeaderElection.java:logAndReturn(94)) -   Response 0: s1<-s2#0:OK-t1
2025-02-26 08:18:31,654 [grpc-default-executor-5] INFO  server.RaftServer$Division (RaftServerImpl.java:requestVote(1509)) - s0@group-23107F7972FE replies to ELECTION vote request: s1<-s0#0:OK-t1. Peer's state: s0@group-23107F7972FE:t1, leader=null, voted=s1, raftlog=Memoized:s0@group-23107F7972FE-SegmentedRaftLog:OPENED:c-1:lastnull, conf=conf: {index: -1, cur=peers:[s0|localhost:15232, s1|localhost:15236, s2|localhost:15240]|listeners:[], old=null}
2025-02-26 08:18:31,654 [s1@group-23107F7972FE-LeaderElection89] INFO  impl.LeaderElection (LeaderElection.java:askForVotes(334)) - s1@group-23107F7972FE-LeaderElection89 ELECTION round 0: result PASSED
2025-02-26 08:18:31,655 [s1@group-23107F7972FE-LeaderElection89] INFO  impl.RoleInfo (RoleInfo.java:shutdownLeaderElection(141)) - s1: shutdown s1@group-23107F7972FE-LeaderElection89
2025-02-26 08:18:31,655 [s1@group-23107F7972FE-LeaderElection89] INFO  server.RaftServer$Division (RaftServerImpl.java:setRole(395)) - s1@group-23107F7972FE: changes role from CANDIDATE to LEADER at term 1 for changeToLeader
2025-02-26 08:18:31,655 [s1@group-23107F7972FE-LeaderElection89] INFO  server.RaftServerConfigKeys (ConfUtils.java:logFallback(69)) - raft.server.staging.timeout = 900ms (fallback to raft.server.rpc.timeout.max)
2025-02-26 08:18:31,655 [s1@group-23107F7972FE-LeaderElection89] INFO  server.RaftServerConfigKeys (ConfUtils.java:logGet(62)) - raft.server.read.leader.lease.enabled = true (custom)
2025-02-26 08:18:31,655 [s1@group-23107F7972FE-LeaderElection89] INFO  impl.RoleInfo (RoleInfo.java:updateAndGet(148)) - s1: start s1@group-23107F7972FE-LeaderStateImpl
2025-02-26 08:18:31,655 [s1@group-23107F7972FE-LeaderElection89] INFO  server.RaftServer$Division (RaftServerImpl.java:setFirstElection(579)) - s1@group-23107F7972FE: set firstElectionSinceStartup to false for becomeLeader
2025-02-26 08:18:31,655 [s1@group-23107F7972FE-LeaderElection89] INFO  server.RaftServer$Division (ServerState.java:setLeader(272)) - s1@group-23107F7972FE: change Leader from null to s1 at term 1 for becomeLeader, leader elected after 224ms
2025-02-26 08:18:31,656 [s1@group-23107F7972FE-LeaderElection89] INFO  segmented.SegmentedRaftLogWorker (SegmentedRaftLogWorker.java:startLogSegment(443)) - s1@group-23107F7972FE-SegmentedRaftLogWorker: Starting segment from index:0
2025-02-26 08:18:31,656 [s1@group-23107F7972FE-LeaderElection89] INFO  server.RaftServer$Division (ServerState.java:setRaftConf(386)) - s1@group-23107F7972FE: set configuration conf: {index: 0, cur=peers:[s0|localhost:15232, s1|localhost:15236, s2|localhost:15240]|listeners:[], old=null}
2025-02-26 08:18:31,656 [s1@group-23107F7972FE-SegmentedRaftLogWorker] INFO  segmented.BufferedWriteChannel (BufferedWriteChannel.java:open(61)) - open log_inprogress_0 at position 0
2025-02-26 08:18:31,658 [grpc-default-executor-5] INFO  server.RaftServer$Division (ServerState.java:setLeader(272)) - s2@group-23107F7972FE: change Leader from null to s1 at term 1 for appendEntries, leader elected after 224ms
2025-02-26 08:18:31,659 [grpc-default-executor-3] INFO  server.RaftServer$Division (ServerState.java:setLeader(272)) - s0@group-23107F7972FE: change Leader from null to s1 at term 1 for appendEntries, leader elected after 231ms
2025-02-26 08:18:31,660 [grpc-default-executor-5] DEBUG server.RaftServer$Division (RaftServerImpl.java:logAppendEntries(1581)) - s2@group-23107F7972FE: appendEntries* s1->s2#1-t1,previous=(t:0, i:0),leaderCommit=-1,initializing? false,entries: size=1, first=(t:1, i:0), CONFIGURATIONENTRY(current:id:"s0"address:"localhost:15232"dataStreamAddress:"localhost:15235"clientAddress:"localhost:15234"adminAddress:"localhost:15233"startupRole:FOLLOWER, id:"s1"address:"localhost:15236"dataStreamAddress:"localhost:15239"clientAddress:"localhost:15238"adminAddress:"localhost:15237"startupRole:FOLLOWER, id:"s2"address:"localhost:15240"dataStreamAddress:"localhost:15243"clientAddress:"localhost:15242"adminAddress:"localhost:15241"startupRole:FOLLOWER, old:)
2025-02-26 08:18:31,660 [grpc-default-executor-5] INFO  server.RaftServer$Division (ServerState.java:setRaftConf(386)) - s2@group-23107F7972FE: set configuration conf: {index: 0, cur=peers:[s0|localhost:15232, s1|localhost:15236, s2|localhost:15240]|listeners:[], old=null}
2025-02-26 08:18:31,661 [grpc-default-executor-5] INFO  segmented.SegmentedRaftLogWorker (SegmentedRaftLogWorker.java:startLogSegment(443)) - s2@group-23107F7972FE-SegmentedRaftLogWorker: Starting segment from index:0
2025-02-26 08:18:31,661 [grpc-default-executor-3] DEBUG server.RaftServer$Division (RaftServerImpl.java:logAppendEntries(1581)) - s0@group-23107F7972FE: appendEntries* s1->s0#1-t1,previous=(t:0, i:0),leaderCommit=-1,initializing? false,entries: size=1, first=(t:1, i:0), CONFIGURATIONENTRY(current:id:"s0"address:"localhost:15232"dataStreamAddress:"localhost:15235"clientAddress:"localhost:15234"adminAddress:"localhost:15233"startupRole:FOLLOWER, id:"s1"address:"localhost:15236"dataStreamAddress:"localhost:15239"clientAddress:"localhost:15238"adminAddress:"localhost:15237"startupRole:FOLLOWER, id:"s2"address:"localhost:15240"dataStreamAddress:"localhost:15243"clientAddress:"localhost:15242"adminAddress:"localhost:15241"startupRole:FOLLOWER, old:)
2025-02-26 08:18:31,661 [grpc-default-executor-3] INFO  server.RaftServer$Division (ServerState.java:setRaftConf(386)) - s0@group-23107F7972FE: set configuration conf: {index: 0, cur=peers:[s0|localhost:15232, s1|localhost:15236, s2|localhost:15240]|listeners:[], old=null}
2025-02-26 08:18:31,661 [grpc-default-executor-3] INFO  segmented.SegmentedRaftLogWorker (SegmentedRaftLogWorker.java:startLogSegment(443)) - s0@group-23107F7972FE-SegmentedRaftLogWorker: Starting segment from index:0
2025-02-26 08:18:31,661 [s2@group-23107F7972FE-SegmentedRaftLogWorker] INFO  segmented.BufferedWriteChannel (BufferedWriteChannel.java:open(61)) - open log_inprogress_0 at position 0
2025-02-26 08:18:31,662 [s0@group-23107F7972FE-SegmentedRaftLogWorker] INFO  segmented.BufferedWriteChannel (BufferedWriteChannel.java:open(61)) - open log_inprogress_0 at position 0
2025-02-26 08:18:31,671 [s1@group-23107F7972FE-SegmentedRaftLogWorker] INFO  segmented.SegmentedRaftLogWorker (SegmentedRaftLogWorker.java:execute(667)) - s1@group-23107F7972FE-SegmentedRaftLogWorker: created new log segment /home/runner/work/ratis/ratis/ratis-test/target/test/data/8c35503c/MiniRaftClusterWithGrpc517cf52a/s1/1d61b1b4-2b51-4871-bccd-23107f7972fe/current/log_inprogress_0
2025-02-26 08:18:31,675 [s2@group-23107F7972FE-SegmentedRaftLogWorker] INFO  segmented.SegmentedRaftLogWorker (SegmentedRaftLogWorker.java:execute(667)) - s2@group-23107F7972FE-SegmentedRaftLogWorker: created new log segment /home/runner/work/ratis/ratis/ratis-test/target/test/data/8c35503c/MiniRaftClusterWithGrpc517cf52a/s2/1d61b1b4-2b51-4871-bccd-23107f7972fe/current/log_inprogress_0
2025-02-26 08:18:31,675 [s2-server-thread1] DEBUG server.RaftServer$Division (RaftServerImpl.java:logAppendEntries(1581)) - s2@group-23107F7972FE: appendEntries* reply s1<-s2#1:OK-t1,SUCCESS,nextIndex=1,followerCommit=-1,matchIndex=0
2025-02-26 08:18:31,676 [s0@group-23107F7972FE-SegmentedRaftLogWorker] INFO  segmented.SegmentedRaftLogWorker (SegmentedRaftLogWorker.java:execute(667)) - s0@group-23107F7972FE-SegmentedRaftLogWorker: created new log segment /home/runner/work/ratis/ratis/ratis-test/target/test/data/8c35503c/MiniRaftClusterWithGrpc517cf52a/s0/1d61b1b4-2b51-4871-bccd-23107f7972fe/current/log_inprogress_0
2025-02-26 08:18:31,676 [s1@group-23107F7972FE-StateMachineUpdater] TRACE util.FileUtils (LogUtils.java:supplyAndLog(69)) - Successfully supplied FileChannel.open /home/runner/work/ratis/ratis/ratis-test/target/test/data/8c35503c/MiniRaftClusterWithGrpc517cf52a/s1/1d61b1b4-2b51-4871-bccd-23107f7972fe/current/raft-meta.conf.tmp with options [CREATE, WRITE]: sun.nio.ch.FileChannelImpl@3e59993c
2025-02-26 08:18:31,676 [s0-server-thread1] DEBUG server.RaftServer$Division (RaftServerImpl.java:logAppendEntries(1581)) - s0@group-23107F7972FE: appendEntries* reply s1<-s0#1:OK-t1,SUCCESS,nextIndex=1,followerCommit=-1,matchIndex=0
2025-02-26 08:18:31,677 [s1@group-23107F7972FE-StateMachineUpdater] TRACE util.FileUtils (LogUtils.java:runAndLog(49)) - Successfully ran Atomic Files.move /home/runner/work/ratis/ratis/ratis-test/target/test/data/8c35503c/MiniRaftClusterWithGrpc517cf52a/s1/1d61b1b4-2b51-4871-bccd-23107f7972fe/current/raft-meta.conf.tmp to /home/runner/work/ratis/ratis/ratis-test/target/test/data/8c35503c/MiniRaftClusterWithGrpc517cf52a/s1/1d61b1b4-2b51-4871-bccd-23107f7972fe/current/raft-meta.conf with options [REPLACE_EXISTING]
2025-02-26 08:18:31,677 [s1@group-23107F7972FE-StateMachineUpdater] INFO  server.RaftServer$Division (LeaderStateImpl.java:checkStartIndex(314)) - Leader s1@group-23107F7972FE-LeaderStateImpl is ready since appliedIndex == startIndex == 0
2025-02-26 08:18:31,751 [s2@group-23107F7972FE-StateMachineUpdater] TRACE util.FileUtils (LogUtils.java:supplyAndLog(69)) - Successfully supplied FileChannel.open /home/runner/work/ratis/ratis/ratis-test/target/test/data/8c35503c/MiniRaftClusterWithGrpc517cf52a/s2/1d61b1b4-2b51-4871-bccd-23107f7972fe/current/raft-meta.conf.tmp with options [CREATE, WRITE]: sun.nio.ch.FileChannelImpl@661c2f22
2025-02-26 08:18:31,753 [s0@group-23107F7972FE-StateMachineUpdater] TRACE util.FileUtils (LogUtils.java:supplyAndLog(69)) - Successfully supplied FileChannel.open /home/runner/work/ratis/ratis/ratis-test/target/test/data/8c35503c/MiniRaftClusterWithGrpc517cf52a/s0/1d61b1b4-2b51-4871-bccd-23107f7972fe/current/raft-meta.conf.tmp with options [CREATE, WRITE]: sun.nio.ch.FileChannelImpl@638ce0c2
2025-02-26 08:18:31,753 [s2@group-23107F7972FE-StateMachineUpdater] TRACE util.FileUtils (LogUtils.java:runAndLog(49)) - Successfully ran Atomic Files.move /home/runner/work/ratis/ratis/ratis-test/target/test/data/8c35503c/MiniRaftClusterWithGrpc517cf52a/s2/1d61b1b4-2b51-4871-bccd-23107f7972fe/current/raft-meta.conf.tmp to /home/runner/work/ratis/ratis/ratis-test/target/test/data/8c35503c/MiniRaftClusterWithGrpc517cf52a/s2/1d61b1b4-2b51-4871-bccd-23107f7972fe/current/raft-meta.conf with options [REPLACE_EXISTING]
2025-02-26 08:18:31,754 [s0@group-23107F7972FE-StateMachineUpdater] TRACE util.FileUtils (LogUtils.java:runAndLog(49)) - Successfully ran Atomic Files.move /home/runner/work/ratis/ratis/ratis-test/target/test/data/8c35503c/MiniRaftClusterWithGrpc517cf52a/s0/1d61b1b4-2b51-4871-bccd-23107f7972fe/current/raft-meta.conf.tmp to /home/runner/work/ratis/ratis/ratis-test/target/test/data/8c35503c/MiniRaftClusterWithGrpc517cf52a/s0/1d61b1b4-2b51-4871-bccd-23107f7972fe/current/raft-meta.conf with options [REPLACE_EXISTING]
2025-02-26 08:18:31,909 [main] INFO  ratis.RaftTestUtil (RaftTestUtil.java:waitForLeader(131)) - printing ALL groups
  s0:  RUNNING  FOLLOWER s0@group-23107F7972FE:t1, leader=s1, voted=s1, raftlog=Memoized:s0@group-23107F7972FE-SegmentedRaftLog:OPENED:c0:last(t:1, i:0), conf=conf: {index: 0, cur=peers:[s0|localhost:15232, s1|localhost:15236, s2|localhost:15240]|listeners:[], old=null} RUNNING
  s1:  RUNNING    LEADER s1@group-23107F7972FE:t1, leader=s1, voted=s1, raftlog=Memoized:s1@group-23107F7972FE-SegmentedRaftLog:OPENED:c0:last(t:1, i:0), conf=conf: {index: 0, cur=peers:[s0|localhost:15232, s1|localhost:15236, s2|localhost:15240]|listeners:[], old=null} RUNNING
  s2:  RUNNING  FOLLOWER s2@group-23107F7972FE:t1, leader=s1, voted=s1, raftlog=Memoized:s2@group-23107F7972FE-SegmentedRaftLog:OPENED:c0:last(t:1, i:0), conf=conf: {index: 0, cur=peers:[s0|localhost:15232, s1|localhost:15236, s2|localhost:15240]|listeners:[], old=null} RUNNING
2025-02-26 08:18:31,909 [main] DEBUG client.RaftClient (RaftClientImpl.java:get(158)) - client-FEBE89C11A94: get 36 returns []
2025-02-26 08:18:31,910 [main] DEBUG client.RaftClient (RaftClientImpl.java:newRequest(95)) - attempt #1, newRequest RaftClientRequest:client-FEBE89C11A94->s1@group-23107F7972FE, cid=36, seq=null, RW, message
2025-02-26 08:18:31,913 [s1-client-thread1] DEBUG server.RaftServer$Division (RaftServerImpl.java:submitClientRequestAsync(951)) - s1@group-23107F7972FE: receive client request(RaftClientRequest:client-FEBE89C11A94->s1@group-23107F7972FE, cid=36, seq=null, RW, Message:6d657373616765)
2025-02-26 08:18:31,913 [s1-client-thread1] DEBUG server.RaftServer$Division (LeaderStateImpl.java:addPendingRequest(531)) - s1@group-23107F7972FE-LeaderStateImpl: addPendingRequest at RaftClientRequest:client-FEBE89C11A94->s1@group-23107F7972FE, cid=36, seq=null, RW, Message:6d657373616765, entry=(t:1, i:1), STATEMACHINELOGENTRY, WRITE: logData.size=7, stateMachineData.size=0, logEntryProtoSerializedSize=0
2025-02-26 08:18:31,914 [grpc-default-executor-0] DEBUG server.RaftServer$Division (RaftServerImpl.java:logAppendEntries(1581)) - s2@group-23107F7972FE: appendEntries* s1->s2#6-t1,previous=(t:1, i:0),leaderCommit=0,initializing? false,entries: size=1, first=(t:1, i:1), STATEMACHINELOGENTRY, StateMachineLogEntryProto:36@client-FEBE89C11A94
2025-02-26 08:18:31,914 [grpc-default-executor-3] DEBUG server.RaftServer$Division (RaftServerImpl.java:logAppendEntries(1581)) - s0@group-23107F7972FE: appendEntries* s1->s0#7-t1,previous=(t:1, i:0),leaderCommit=0,initializing? false,entries: size=1, first=(t:1, i:1), STATEMACHINELOGENTRY, StateMachineLogEntryProto:36@client-FEBE89C11A94
2025-02-26 08:18:31,914 [s2-server-thread1] DEBUG server.RaftServer$Division (RaftServerImpl.java:logAppendEntries(1581)) - s2@group-23107F7972FE: appendEntries* reply s1<-s2#6:OK-t1,SUCCESS,nextIndex=2,followerCommit=0,matchIndex=1
2025-02-26 08:18:31,914 [s0-server-thread1] DEBUG server.RaftServer$Division (RaftServerImpl.java:logAppendEntries(1581)) - s0@group-23107F7972FE: appendEntries* reply s1<-s0#7:OK-t1,SUCCESS,nextIndex=2,followerCommit=0,matchIndex=1
2025-02-26 08:18:31,915 [grpc-default-executor-3] DEBUG server.RaftServer$Division (RaftServerImpl.java:logAppendEntries(1581)) - s2@group-23107F7972FE: appendEntries* s1->s2#7-t1,previous=(t:1, i:1),leaderCommit=1,initializing? false,entries: size=1, first=(t:1, i:2), METADATAENTRY(c:1)
2025-02-26 08:18:31,915 [grpc-default-executor-0] DEBUG server.RaftServer$Division (RaftServerImpl.java:logAppendEntries(1581)) - s0@group-23107F7972FE: appendEntries* s1->s0#8-t1,previous=(t:1, i:1),leaderCommit=1,initializing? false,entries: size=1, first=(t:1, i:2), METADATAENTRY(c:1)
2025-02-26 08:18:31,916 [s2-server-thread1] DEBUG server.RaftServer$Division (RaftServerImpl.java:logAppendEntries(1581)) - s2@group-23107F7972FE: appendEntries* reply s1<-s2#7:OK-t1,SUCCESS,nextIndex=3,followerCommit=1,matchIndex=2
2025-02-26 08:18:31,916 [s0-server-thread1] DEBUG server.RaftServer$Division (RaftServerImpl.java:logAppendEntries(1581)) - s0@group-23107F7972FE: appendEntries* reply s1<-s0#8:OK-t1,SUCCESS,nextIndex=3,followerCommit=1,matchIndex=2
2025-02-26 08:18:31,916 [main] DEBUG client.RaftClient (RaftClientImpl.java:add(146)) - client-FEBE89C11A94: add replied callId 36
2025-02-26 08:18:31,919 [main] INFO  impl.MiniRaftCluster (MiniRaftCluster.java:addNewPeers(478)) - Add new peers [s3, s4]
2025-02-26 08:18:31,919 [main] INFO  impl.MiniRaftCluster (MiniRaftCluster.java:newRaftServer(396)) - newRaftServer: s3, group-23107F7972FE:[s3|localhost:15244, s4|localhost:15248, s0|localhost:15232, s1|localhost:15236, s2|localhost:15240], format? true
2025-02-26 08:18:31,919 [main] TRACE util.FileUtils (FileUtils.java:deleteFully(307)) - deleteFully target/test/data/8c35503c/MiniRaftClusterWithGrpc517cf52a/s3
2025-02-26 08:18:31,919 [main] TRACE util.FileUtils (FileUtils.java:deleteFully(320)) - deleteFully: target/test/data/8c35503c/MiniRaftClusterWithGrpc517cf52a/s3 does not exist.
2025-02-26 08:18:31,920 [main] INFO  impl.MiniRaftCluster (MiniRaftCluster.java:newRaftServer(401)) - Formatted directory target/test/data/8c35503c/MiniRaftClusterWithGrpc517cf52a/s3
2025-02-26 08:18:31,920 [main] INFO  grpc.GrpcConfigKeys (ConfUtils.java:logFallback(69)) - raft.grpc.admin.host = null (fallback to raft.grpc.server.host)
2025-02-26 08:18:31,920 [main] INFO  grpc.GrpcConfigKeys (ConfUtils.java:logGet(62)) - raft.grpc.admin.port = 15245 (custom)
2025-02-26 08:18:31,920 [main] INFO  grpc.GrpcConfigKeys (ConfUtils.java:logFallback(69)) - raft.grpc.client.host = null (fallback to raft.grpc.server.host)
2025-02-26 08:18:31,920 [main] INFO  grpc.GrpcConfigKeys (ConfUtils.java:logGet(62)) - raft.grpc.client.port = 15246 (custom)
2025-02-26 08:18:31,920 [main] INFO  grpc.GrpcConfigKeys (ConfUtils.java:logGet(62)) - raft.grpc.server.port = 15244 (custom)
2025-02-26 08:18:31,922 [main] INFO  server.RaftServerConfigKeys (ConfUtils.java:logGet(62)) - raft.server.storage.dir = [/home/runner/work/ratis/ratis/ratis-test/target/test/data/8c35503c/MiniRaftClusterWithGrpc517cf52a/s3] (custom)
2025-02-26 08:18:31,922 [main] INFO  server.RaftServer (RaftServerProxy.java:addNew(101)) - s3: addNew group-23107F7972FE:[s3|localhost:15244, s4|localhost:15248, s0|localhost:15232, s1|localhost:15236, s2|localhost:15240] returns group-23107F7972FE:java.util.concurrent.CompletableFuture@3300f4fd[Not completed]
2025-02-26 08:18:31,922 [main] INFO  impl.MiniRaftCluster (MiniRaftCluster.java:newRaftServer(396)) - newRaftServer: s4, group-23107F7972FE:[s3|localhost:15244, s4|localhost:15248, s0|localhost:15232, s1|localhost:15236, s2|localhost:15240], format? true
2025-02-26 08:18:31,922 [main] TRACE util.FileUtils (FileUtils.java:deleteFully(307)) - deleteFully target/test/data/8c35503c/MiniRaftClusterWithGrpc517cf52a/s4
2025-02-26 08:18:31,922 [s3-groupManagement] INFO  server.RaftServer$Division (RaftServerImpl.java:<init>(271)) - s3: new RaftServerImpl for group-23107F7972FE:[s3|localhost:15244, s4|localhost:15248, s0|localhost:15232, s1|localhost:15236, s2|localhost:15240] with BaseStateMachine:uninitialized
2025-02-26 08:18:31,923 [main] TRACE util.FileUtils (FileUtils.java:deleteFully(320)) - deleteFully: target/test/data/8c35503c/MiniRaftClusterWithGrpc517cf52a/s4 does not exist.
2025-02-26 08:18:31,923 [main] INFO  impl.MiniRaftCluster (MiniRaftCluster.java:newRaftServer(401)) - Formatted directory target/test/data/8c35503c/MiniRaftClusterWithGrpc517cf52a/s4
2025-02-26 08:18:31,923 [s3-groupManagement] INFO  server.RaftServer$Division (ServerState.java:<init>(114)) - s3@group-23107F7972FE: ConfigurationManager, init=conf: {index: -1, cur=peers:[s3|localhost:15244, s4|localhost:15248, s0|localhost:15232, s1|localhost:15236, s2|localhost:15240]|listeners:[], old=null}, confs=<EMPTY_MAP>
2025-02-26 08:18:31,923 [main] INFO  grpc.GrpcConfigKeys (ConfUtils.java:logFallback(69)) - raft.grpc.admin.host = null (fallback to raft.grpc.server.host)
2025-02-26 08:18:31,923 [main] INFO  grpc.GrpcConfigKeys (ConfUtils.java:logGet(62)) - raft.grpc.admin.port = 15249 (custom)
2025-02-26 08:18:31,923 [main] INFO  grpc.GrpcConfigKeys (ConfUtils.java:logFallback(69)) - raft.grpc.client.host = null (fallback to raft.grpc.server.host)
2025-02-26 08:18:31,924 [main] INFO  grpc.GrpcConfigKeys (ConfUtils.java:logGet(62)) - raft.grpc.client.port = 15250 (custom)
2025-02-26 08:18:31,924 [main] INFO  grpc.GrpcConfigKeys (ConfUtils.java:logGet(62)) - raft.grpc.server.port = 15248 (custom)
2025-02-26 08:18:31,925 [main] INFO  server.RaftServerConfigKeys (ConfUtils.java:logGet(62)) - raft.server.storage.dir = [/home/runner/work/ratis/ratis/ratis-test/target/test/data/8c35503c/MiniRaftClusterWithGrpc517cf52a/s4] (custom)
2025-02-26 08:18:31,926 [main] INFO  server.RaftServer (RaftServerProxy.java:addNew(101)) - s4: addNew group-23107F7972FE:[s3|localhost:15244, s4|localhost:15248, s0|localhost:15232, s1|localhost:15236, s2|localhost:15240] returns group-23107F7972FE:java.util.concurrent.CompletableFuture@5b068087[Not completed]
2025-02-26 08:18:31,926 [s4-groupManagement] INFO  server.RaftServer$Division (RaftServerImpl.java:<init>(271)) - s4: new RaftServerImpl for group-23107F7972FE:[s3|localhost:15244, s4|localhost:15248, s0|localhost:15232, s1|localhost:15236, s2|localhost:15240] with BaseStateMachine:uninitialized
2025-02-26 08:18:31,926 [s4-groupManagement] INFO  server.RaftServer$Division (ServerState.java:<init>(114)) - s4@group-23107F7972FE: ConfigurationManager, init=conf: {index: -1, cur=peers:[s3|localhost:15244, s4|localhost:15248, s0|localhost:15232, s1|localhost:15236, s2|localhost:15240]|listeners:[], old=null}, confs=<EMPTY_MAP>
2025-02-26 08:18:31,926 [s3-impl-thread1] INFO  server.RaftServerConfigKeys (ConfUtils.java:logGet(62)) - raft.server.storage.dir = [/home/runner/work/ratis/ratis/ratis-test/target/test/data/8c35503c/MiniRaftClusterWithGrpc517cf52a/s3] (custom)
2025-02-26 08:18:31,927 [s3-impl-thread1] INFO  storage.RaftStorageDirectory (RaftStorageDirectoryImpl.java:analyzeStorage(138)) - The storage directory /home/runner/work/ratis/ratis/ratis-test/target/test/data/8c35503c/MiniRaftClusterWithGrpc517cf52a/s3/1d61b1b4-2b51-4871-bccd-23107f7972fe does not exist. Creating ...
2025-02-26 08:18:31,927 [s3-impl-thread1] TRACE util.FileUtils (LogUtils.java:runAndLog(49)) - Successfully ran Files.createDirectories /home/runner/work/ratis/ratis/ratis-test/target/test/data/8c35503c/MiniRaftClusterWithGrpc517cf52a/s3/1d61b1b4-2b51-4871-bccd-23107f7972fe
2025-02-26 08:18:31,928 [s3-impl-thread1] INFO  storage.RaftStorageDirectory (RaftStorageDirectoryImpl.java:tryLock(229)) - Lock on /home/runner/work/ratis/ratis/ratis-test/target/test/data/8c35503c/MiniRaftClusterWithGrpc517cf52a/s3/1d61b1b4-2b51-4871-bccd-23107f7972fe/in_use.lock acquired by nodename 2627@fv-az1979-234.weyvzlf0ic0udbi5oe1vusek0f.dx.internal.cloudapp.net
2025-02-26 08:18:31,928 [s3-impl-thread1] TRACE util.FileUtils (LogUtils.java:runAndLog(49)) - Successfully ran Files.createDirectories /home/runner/work/ratis/ratis/ratis-test/target/test/data/8c35503c/MiniRaftClusterWithGrpc517cf52a/s3/1d61b1b4-2b51-4871-bccd-23107f7972fe/current
2025-02-26 08:18:31,928 [s3-impl-thread1] TRACE util.FileUtils (LogUtils.java:runAndLog(49)) - Successfully ran Files.createDirectories /home/runner/work/ratis/ratis/ratis-test/target/test/data/8c35503c/MiniRaftClusterWithGrpc517cf52a/s3/1d61b1b4-2b51-4871-bccd-23107f7972fe/sm
2025-02-26 08:18:31,928 [s3-impl-thread1] TRACE util.FileUtils (LogUtils.java:supplyAndLog(69)) - Successfully supplied FileChannel.open /home/runner/work/ratis/ratis/ratis-test/target/test/data/8c35503c/MiniRaftClusterWithGrpc517cf52a/s3/1d61b1b4-2b51-4871-bccd-23107f7972fe/current/raft-meta.tmp with options [CREATE, WRITE]: sun.nio.ch.FileChannelImpl@51cc8363
2025-02-26 08:18:31,930 [s3-impl-thread1] TRACE util.FileUtils (LogUtils.java:runAndLog(49)) - Successfully ran Atomic Files.move /home/runner/work/ratis/ratis/ratis-test/target/test/data/8c35503c/MiniRaftClusterWithGrpc517cf52a/s3/1d61b1b4-2b51-4871-bccd-23107f7972fe/current/raft-meta.tmp to /home/runner/work/ratis/ratis/ratis-test/target/test/data/8c35503c/MiniRaftClusterWithGrpc517cf52a/s3/1d61b1b4-2b51-4871-bccd-23107f7972fe/current/raft-meta with options [REPLACE_EXISTING]
2025-02-26 08:18:31,930 [s3-impl-thread1] INFO  storage.RaftStorage (RaftStorageImpl.java:format(98)) - Storage directory /home/runner/work/ratis/ratis/ratis-test/target/test/data/8c35503c/MiniRaftClusterWithGrpc517cf52a/s3/1d61b1b4-2b51-4871-bccd-23107f7972fe has been successfully formatted.
2025-02-26 08:18:31,931 [s3-impl-thread1] INFO  util.AwaitToRun (AwaitToRun.java:start(81)) - Thread[s3@group-23107F7972FE-cacheEviction-AwaitToRun,5,main] started
2025-02-26 08:18:31,931 [s3-impl-thread1] INFO  segmented.SegmentedRaftLogWorker (SegmentedRaftLogWorker.java:<init>(189)) - new s3@group-23107F7972FE-SegmentedRaftLogWorker for RaftStorageImpl:Storage Directory /home/runner/work/ratis/ratis/ratis-test/target/test/data/8c35503c/MiniRaftClusterWithGrpc517cf52a/s3/1d61b1b4-2b51-4871-bccd-23107f7972fe
2025-02-26 08:18:31,933 [s3-impl-thread1] INFO  segmented.SegmentedRaftLogWorker (SegmentedRaftLogWorker.java:lambda$new$0(140)) - s3@group-23107F7972FE-SegmentedRaftLogWorker: flushIndex: setUnconditionally 0 -> -1
2025-02-26 08:18:31,933 [s3-impl-thread1] INFO  segmented.SegmentedRaftLogWorker (SegmentedRaftLogWorker.java:lambda$new$0(140)) - s3@group-23107F7972FE-SegmentedRaftLogWorker: safeCacheEvictIndex: setUnconditionally 0 -> -1
2025-02-26 08:18:31,934 [s3-impl-thread1] INFO  server.RaftServer$Division (RaftServerImpl.java:start(408)) - s3@group-23107F7972FE: start as a follower, conf=conf: {index: -1, cur=peers:[s3|localhost:15244, s4|localhost:15248, s0|localhost:15232, s1|localhost:15236, s2|localhost:15240]|listeners:[], old=null}
2025-02-26 08:18:31,934 [s3-impl-thread1] INFO  server.RaftServer$Division (RaftServerImpl.java:setRole(395)) - s3@group-23107F7972FE: changes role from      null to FOLLOWER at term 0 for startAsFollower
2025-02-26 08:18:31,934 [s3-impl-thread1] INFO  impl.RoleInfo (RoleInfo.java:updateAndGet(148)) - s3: start s3@group-23107F7972FE-FollowerState
2025-02-26 08:18:31,934 [s3-impl-thread1] INFO  util.JmxRegister (JmxRegister.java:tryRegister(44)) - Successfully registered JMX Bean with object name Ratis:service=RaftServer,group=group-23107F7972FE,id=s3
2025-02-26 08:18:31,934 [s3-impl-thread1] INFO  util.JmxRegister (JmxRegister.java:register(58)) - register mxBean class org.apache.ratis.server.impl.RaftServerJmxAdapter as Ratis:service=RaftServer,group=group-23107F7972FE,id=s3
2025-02-26 08:18:31,934 [s3@group-23107F7972FE-FollowerState] INFO  server.RaftServerConfigKeys (ConfUtils.java:logFallback(69)) - raft.server.rpc.first-election.timeout.min = 150ms (fallback to raft.server.rpc.timeout.min)
2025-02-26 08:18:31,934 [s3@group-23107F7972FE-FollowerState] INFO  server.RaftServerConfigKeys (ConfUtils.java:logFallback(69)) - raft.server.rpc.first-election.timeout.max = 300ms (fallback to raft.server.rpc.timeout.max)
2025-02-26 08:18:31,935 [s3-impl-thread1] INFO  server.RaftServer$Division (RaftServerImpl.java:start(422)) - s3@group-23107F7972FE: Successfully started.
2025-02-26 08:18:31,935 [main] INFO  server.RaftServer (RaftServerProxy.java:startImpl(408)) - s3: start RPC server
2025-02-26 08:18:31,935 [main] INFO  server.GrpcServicesImpl (GrpcServicesImpl.java:startImpl(353)) - s3: GrpcServicesImpl started, listening on 15246
2025-02-26 08:18:31,936 [main] INFO  server.GrpcServicesImpl (GrpcServicesImpl.java:startImpl(353)) - s3: GrpcServicesImpl started, listening on 15244
2025-02-26 08:18:31,936 [main] INFO  server.GrpcServicesImpl (GrpcServicesImpl.java:startImpl(353)) - s3: GrpcServicesImpl started, listening on 15245
2025-02-26 08:18:31,937 [JvmPauseMonitor61] INFO  util.JvmPauseMonitor (JvmPauseMonitor.java:run(146)) - JvmPauseMonitor-s3: Started
2025-02-26 08:18:31,937 [s4-impl-thread1] INFO  server.RaftServerConfigKeys (ConfUtils.java:logGet(62)) - raft.server.storage.dir = [/home/runner/work/ratis/ratis/ratis-test/target/test/data/8c35503c/MiniRaftClusterWithGrpc517cf52a/s4] (custom)
2025-02-26 08:18:31,937 [s4-impl-thread1] INFO  storage.RaftStorageDirectory (RaftStorageDirectoryImpl.java:analyzeStorage(138)) - The storage directory /home/runner/work/ratis/ratis/ratis-test/target/test/data/8c35503c/MiniRaftClusterWithGrpc517cf52a/s4/1d61b1b4-2b51-4871-bccd-23107f7972fe does not exist. Creating ...
2025-02-26 08:18:31,937 [s4-impl-thread1] TRACE util.FileUtils (LogUtils.java:runAndLog(49)) - Successfully ran Files.createDirectories /home/runner/work/ratis/ratis/ratis-test/target/test/data/8c35503c/MiniRaftClusterWithGrpc517cf52a/s4/1d61b1b4-2b51-4871-bccd-23107f7972fe
2025-02-26 08:18:31,939 [s4-impl-thread1] INFO  storage.RaftStorageDirectory (RaftStorageDirectoryImpl.java:tryLock(229)) - Lock on /home/runner/work/ratis/ratis/ratis-test/target/test/data/8c35503c/MiniRaftClusterWithGrpc517cf52a/s4/1d61b1b4-2b51-4871-bccd-23107f7972fe/in_use.lock acquired by nodename 2627@fv-az1979-234.weyvzlf0ic0udbi5oe1vusek0f.dx.internal.cloudapp.net
2025-02-26 08:18:31,939 [s4-impl-thread1] TRACE util.FileUtils (LogUtils.java:runAndLog(49)) - Successfully ran Files.createDirectories /home/runner/work/ratis/ratis/ratis-test/target/test/data/8c35503c/MiniRaftClusterWithGrpc517cf52a/s4/1d61b1b4-2b51-4871-bccd-23107f7972fe/current
2025-02-26 08:18:31,939 [s4-impl-thread1] TRACE util.FileUtils (LogUtils.java:runAndLog(49)) - Successfully ran Files.createDirectories /home/runner/work/ratis/ratis/ratis-test/target/test/data/8c35503c/MiniRaftClusterWithGrpc517cf52a/s4/1d61b1b4-2b51-4871-bccd-23107f7972fe/sm
2025-02-26 08:18:31,939 [s4-impl-thread1] TRACE util.FileUtils (LogUtils.java:supplyAndLog(69)) - Successfully supplied FileChannel.open /home/runner/work/ratis/ratis/ratis-test/target/test/data/8c35503c/MiniRaftClusterWithGrpc517cf52a/s4/1d61b1b4-2b51-4871-bccd-23107f7972fe/current/raft-meta.tmp with options [CREATE, WRITE]: sun.nio.ch.FileChannelImpl@72f1a5c0
2025-02-26 08:18:31,940 [s4-impl-thread1] TRACE util.FileUtils (LogUtils.java:runAndLog(49)) - Successfully ran Atomic Files.move /home/runner/work/ratis/ratis/ratis-test/target/test/data/8c35503c/MiniRaftClusterWithGrpc517cf52a/s4/1d61b1b4-2b51-4871-bccd-23107f7972fe/current/raft-meta.tmp to /home/runner/work/ratis/ratis/ratis-test/target/test/data/8c35503c/MiniRaftClusterWithGrpc517cf52a/s4/1d61b1b4-2b51-4871-bccd-23107f7972fe/current/raft-meta with options [REPLACE_EXISTING]
2025-02-26 08:18:31,940 [s4-impl-thread1] INFO  storage.RaftStorage (RaftStorageImpl.java:format(98)) - Storage directory /home/runner/work/ratis/ratis/ratis-test/target/test/data/8c35503c/MiniRaftClusterWithGrpc517cf52a/s4/1d61b1b4-2b51-4871-bccd-23107f7972fe has been successfully formatted.
2025-02-26 08:18:31,941 [s4-impl-thread1] INFO  util.AwaitToRun (AwaitToRun.java:start(81)) - Thread[s4@group-23107F7972FE-cacheEviction-AwaitToRun,5,main] started
2025-02-26 08:18:31,941 [s4-impl-thread1] INFO  segmented.SegmentedRaftLogWorker (SegmentedRaftLogWorker.java:<init>(189)) - new s4@group-23107F7972FE-SegmentedRaftLogWorker for RaftStorageImpl:Storage Directory /home/runner/work/ratis/ratis/ratis-test/target/test/data/8c35503c/MiniRaftClusterWithGrpc517cf52a/s4/1d61b1b4-2b51-4871-bccd-23107f7972fe
2025-02-26 08:18:31,943 [s4-impl-thread1] INFO  segmented.SegmentedRaftLogWorker (SegmentedRaftLogWorker.java:lambda$new$0(140)) - s4@group-23107F7972FE-SegmentedRaftLogWorker: flushIndex: setUnconditionally 0 -> -1
2025-02-26 08:18:31,944 [s4-impl-thread1] INFO  segmented.SegmentedRaftLogWorker (SegmentedRaftLogWorker.java:lambda$new$0(140)) - s4@group-23107F7972FE-SegmentedRaftLogWorker: safeCacheEvictIndex: setUnconditionally 0 -> -1
2025-02-26 08:18:31,944 [s4-impl-thread1] INFO  server.RaftServer$Division (RaftServerImpl.java:start(408)) - s4@group-23107F7972FE: start as a follower, conf=conf: {index: -1, cur=peers:[s3|localhost:15244, s4|localhost:15248, s0|localhost:15232, s1|localhost:15236, s2|localhost:15240]|listeners:[], old=null}
2025-02-26 08:18:31,944 [s4-impl-thread1] INFO  server.RaftServer$Division (RaftServerImpl.java:setRole(395)) - s4@group-23107F7972FE: changes role from      null to FOLLOWER at term 0 for startAsFollower
2025-02-26 08:18:31,944 [s4-impl-thread1] INFO  impl.RoleInfo (RoleInfo.java:updateAndGet(148)) - s4: start s4@group-23107F7972FE-FollowerState
2025-02-26 08:18:31,944 [s4@group-23107F7972FE-FollowerState] INFO  server.RaftServerConfigKeys (ConfUtils.java:logFallback(69)) - raft.server.rpc.first-election.timeout.min = 150ms (fallback to raft.server.rpc.timeout.min)
2025-02-26 08:18:31,945 [s4@group-23107F7972FE-FollowerState] INFO  server.RaftServerConfigKeys (ConfUtils.java:logFallback(69)) - raft.server.rpc.first-election.timeout.max = 300ms (fallback to raft.server.rpc.timeout.max)
2025-02-26 08:18:31,944 [s4-impl-thread1] INFO  util.JmxRegister (JmxRegister.java:tryRegister(44)) - Successfully registered JMX Bean with object name Ratis:service=RaftServer,group=group-23107F7972FE,id=s4
2025-02-26 08:18:31,945 [s4-impl-thread1] INFO  util.JmxRegister (JmxRegister.java:register(58)) - register mxBean class org.apache.ratis.server.impl.RaftServerJmxAdapter as Ratis:service=RaftServer,group=group-23107F7972FE,id=s4
2025-02-26 08:18:31,945 [s4-impl-thread1] INFO  server.RaftServer$Division (RaftServerImpl.java:start(422)) - s4@group-23107F7972FE: Successfully started.
2025-02-26 08:18:31,945 [main] INFO  server.RaftServer (RaftServerProxy.java:startImpl(408)) - s4: start RPC server
2025-02-26 08:18:31,946 [main] INFO  server.GrpcServicesImpl (GrpcServicesImpl.java:startImpl(353)) - s4: GrpcServicesImpl started, listening on 15250
2025-02-26 08:18:31,946 [main] INFO  server.GrpcServicesImpl (GrpcServicesImpl.java:startImpl(353)) - s4: GrpcServicesImpl started, listening on 15248
2025-02-26 08:18:31,946 [main] INFO  server.GrpcServicesImpl (GrpcServicesImpl.java:startImpl(353)) - s4: GrpcServicesImpl started, listening on 15249
2025-02-26 08:18:31,947 [JvmPauseMonitor62] INFO  util.JvmPauseMonitor (JvmPauseMonitor.java:run(146)) - JvmPauseMonitor-s4: Started
2025-02-26 08:18:31,948 [Thread-1571] DEBUG client.RaftClient (RaftClientImpl.java:newRequest(95)) - attempt #1, newRequest SetConfigurationRequest:client-FEBE89C11A94->s1@group-23107F7972FE, cid=37, seq=null, RW, null, SET_UNCONDITIONALLY, servers:[s3|0.0.0.0:15244, s4|0.0.0.0:15248, s0|localhost:15232, s1|localhost:15236, s2|localhost:15240], listeners:[]
2025-02-26 08:18:31,950 [s1-server-thread1] INFO  server.RaftServer$Division (RaftServerImpl.java:setConfigurationAsync(1364)) - s1@group-23107F7972FE: receive setConfiguration SetConfigurationRequest:client-FEBE89C11A94->s1@group-23107F7972FE, cid=37, seq=null, RW, null, SET_UNCONDITIONALLY, servers:[s3|0.0.0.0:15244, s4|0.0.0.0:15248, s0|localhost:15232, s1|localhost:15236, s2|localhost:15240], listeners:[]
2025-02-26 08:18:31,951 [s1-server-thread1] INFO  server.RaftServer$Division (LeaderStateImpl.java:startSetConfiguration(488)) - s1@group-23107F7972FE-LeaderStateImpl: startSetConfiguration SetConfigurationRequest:client-FEBE89C11A94->s1@group-23107F7972FE, cid=37, seq=null, RW, null, SET_UNCONDITIONALLY, servers:[s3|0.0.0.0:15244, s4|0.0.0.0:15248, s0|localhost:15232, s1|localhost:15236, s2|localhost:15240], listeners:[]
2025-02-26 08:18:31,953 [s1@group-23107F7972FE->s3-GrpcLogAppender-LogAppenderDaemon] INFO  leader.FollowerInfo (FollowerInfoImpl.java:setAttemptedToInstallSnapshot(154)) - Follower s1@group-23107F7972FE->s3 acknowledged installing snapshot
2025-02-26 08:18:31,953 [s1@group-23107F7972FE->s3-GrpcLogAppender-LogAppenderDaemon] INFO  server.GrpcServerProtocolClient (GrpcServerProtocolClient.java:<init>(65)) - Build channel for s3|0.0.0.0:15244
2025-02-26 08:18:31,955 [s1@group-23107F7972FE->s4-GrpcLogAppender-LogAppenderDaemon] INFO  leader.FollowerInfo (FollowerInfoImpl.java:setAttemptedToInstallSnapshot(154)) - Follower s1@group-23107F7972FE->s4 acknowledged installing snapshot
2025-02-26 08:18:31,955 [s1@group-23107F7972FE->s4-GrpcLogAppender-LogAppenderDaemon] INFO  server.GrpcServerProtocolClient (GrpcServerProtocolClient.java:<init>(65)) - Build channel for s4|0.0.0.0:15248
2025-02-26 08:18:31,959 [grpc-default-executor-0] TRACE util.FileUtils (LogUtils.java:supplyAndLog(69)) - Successfully supplied FileChannel.open /home/runner/work/ratis/ratis/ratis-test/target/test/data/8c35503c/MiniRaftClusterWithGrpc517cf52a/s3/1d61b1b4-2b51-4871-bccd-23107f7972fe/current/raft-meta.tmp with options [CREATE, WRITE]: sun.nio.ch.FileChannelImpl@681bee42
2025-02-26 08:18:31,961 [grpc-default-executor-0] TRACE util.FileUtils (LogUtils.java:runAndLog(49)) - Successfully ran Atomic Files.move /home/runner/work/ratis/ratis/ratis-test/target/test/data/8c35503c/MiniRaftClusterWithGrpc517cf52a/s3/1d61b1b4-2b51-4871-bccd-23107f7972fe/current/raft-meta.tmp to /home/runner/work/ratis/ratis/ratis-test/target/test/data/8c35503c/MiniRaftClusterWithGrpc517cf52a/s3/1d61b1b4-2b51-4871-bccd-23107f7972fe/current/raft-meta with options [REPLACE_EXISTING]
2025-02-26 08:18:31,961 [grpc-default-executor-4] TRACE util.FileUtils (LogUtils.java:supplyAndLog(69)) - Successfully supplied FileChannel.open /home/runner/work/ratis/ratis/ratis-test/target/test/data/8c35503c/MiniRaftClusterWithGrpc517cf52a/s4/1d61b1b4-2b51-4871-bccd-23107f7972fe/current/raft-meta.tmp with options [CREATE, WRITE]: sun.nio.ch.FileChannelImpl@27c25437
2025-02-26 08:18:31,961 [grpc-default-executor-0] INFO  server.RaftServer$Division (RaftServerImpl.java:setFirstElection(579)) - s3@group-23107F7972FE: set firstElectionSinceStartup to false for appendEntries
2025-02-26 08:18:31,962 [grpc-default-executor-0] INFO  server.RaftServer$Division (ServerState.java:setLeader(272)) - s3@group-23107F7972FE: change Leader from null to s1 at term 1 for appendEntries, leader elected after 37ms
2025-02-26 08:18:31,962 [grpc-default-executor-5] DEBUG server.RaftServer$Division (RaftServerImpl.java:logAppendEntries(1581)) - s3@group-23107F7972FE: appendEntries* s1->s3#1-t1,previous=(t:0, i:0),leaderCommit=2,initializing? true,entries: size=3, first=(t:1, i:0), CONFIGURATIONENTRY(current:id:"s0"address:"localhost:15232"dataStreamAddress:"localhost:15235"clientAddress:"localhost:15234"adminAddress:"localhost:15233"startupRole:FOLLOWER, id:"s1"address:"localhost:15236"dataStreamAddress:"localhost:15239"clientAddress:"localhost:15238"adminAddress:"localhost:15237"startupRole:FOLLOWER, id:"s2"address:"localhost:15240"dataStreamAddress:"localhost:15243"clientAddress:"localhost:15242"adminAddress:"localhost:15241"startupRole:FOLLOWER, old:)
2025-02-26 08:18:31,962 [grpc-default-executor-5] INFO  server.RaftServer$Division (ServerState.java:setRaftConf(386)) - s3@group-23107F7972FE: set configuration conf: {index: 0, cur=peers:[s0|localhost:15232, s1|localhost:15236, s2|localhost:15240]|listeners:[], old=null}
2025-02-26 08:18:31,962 [grpc-default-executor-5] INFO  segmented.SegmentedRaftLogWorker (SegmentedRaftLogWorker.java:startLogSegment(443)) - s3@group-23107F7972FE-SegmentedRaftLogWorker: Starting segment from index:0
2025-02-26 08:18:31,962 [grpc-default-executor-4] TRACE util.FileUtils (LogUtils.java:runAndLog(49)) - Successfully ran Atomic Files.move /home/runner/work/ratis/ratis/ratis-test/target/test/data/8c35503c/MiniRaftClusterWithGrpc517cf52a/s4/1d61b1b4-2b51-4871-bccd-23107f7972fe/current/raft-meta.tmp to /home/runner/work/ratis/ratis/ratis-test/target/test/data/8c35503c/MiniRaftClusterWithGrpc517cf52a/s4/1d61b1b4-2b51-4871-bccd-23107f7972fe/current/raft-meta with options [REPLACE_EXISTING]
2025-02-26 08:18:31,962 [grpc-default-executor-4] INFO  server.RaftServer$Division (RaftServerImpl.java:setFirstElection(579)) - s4@group-23107F7972FE: set firstElectionSinceStartup to false for appendEntries
2025-02-26 08:18:31,962 [grpc-default-executor-4] INFO  server.RaftServer$Division (ServerState.java:setLeader(272)) - s4@group-23107F7972FE: change Leader from null to s1 at term 1 for appendEntries, leader elected after 36ms
2025-02-26 08:18:31,963 [s3@group-23107F7972FE-SegmentedRaftLogWorker] INFO  segmented.BufferedWriteChannel (BufferedWriteChannel.java:open(61)) - open log_inprogress_0 at position 0
2025-02-26 08:18:31,965 [grpc-default-executor-0] DEBUG server.RaftServer$Division (RaftServerImpl.java:logAppendEntries(1581)) - s4@group-23107F7972FE: appendEntries* s1->s4#1-t1,previous=(t:0, i:0),leaderCommit=2,initializing? true,entries: size=3, first=(t:1, i:0), CONFIGURATIONENTRY(current:id:"s0"address:"localhost:15232"dataStreamAddress:"localhost:15235"clientAddress:"localhost:15234"adminAddress:"localhost:15233"startupRole:FOLLOWER, id:"s1"address:"localhost:15236"dataStreamAddress:"localhost:15239"clientAddress:"localhost:15238"adminAddress:"localhost:15237"startupRole:FOLLOWER, id:"s2"address:"localhost:15240"dataStreamAddress:"localhost:15243"clientAddress:"localhost:15242"adminAddress:"localhost:15241"startupRole:FOLLOWER, old:)
2025-02-26 08:18:31,965 [grpc-default-executor-0] INFO  server.RaftServer$Division (ServerState.java:setRaftConf(386)) - s4@group-23107F7972FE: set configuration conf: {index: 0, cur=peers:[s0|localhost:15232, s1|localhost:15236, s2|localhost:15240]|listeners:[], old=null}
2025-02-26 08:18:31,966 [grpc-default-executor-0] INFO  segmented.SegmentedRaftLogWorker (SegmentedRaftLogWorker.java:startLogSegment(443)) - s4@group-23107F7972FE-SegmentedRaftLogWorker: Starting segment from index:0
2025-02-26 08:18:31,966 [s4@group-23107F7972FE-SegmentedRaftLogWorker] INFO  segmented.BufferedWriteChannel (BufferedWriteChannel.java:open(61)) - open log_inprogress_0 at position 0
2025-02-26 08:18:31,980 [s3@group-23107F7972FE-SegmentedRaftLogWorker] INFO  segmented.SegmentedRaftLogWorker (SegmentedRaftLogWorker.java:execute(667)) - s3@group-23107F7972FE-SegmentedRaftLogWorker: created new log segment /home/runner/work/ratis/ratis/ratis-test/target/test/data/8c35503c/MiniRaftClusterWithGrpc517cf52a/s3/1d61b1b4-2b51-4871-bccd-23107f7972fe/current/log_inprogress_0
2025-02-26 08:18:31,981 [s4@group-23107F7972FE-SegmentedRaftLogWorker] INFO  segmented.SegmentedRaftLogWorker (SegmentedRaftLogWorker.java:execute(667)) - s4@group-23107F7972FE-SegmentedRaftLogWorker: created new log segment /home/runner/work/ratis/ratis/ratis-test/target/test/data/8c35503c/MiniRaftClusterWithGrpc517cf52a/s4/1d61b1b4-2b51-4871-bccd-23107f7972fe/current/log_inprogress_0
2025-02-26 08:18:31,981 [s3@group-23107F7972FE-StateMachineUpdater] TRACE util.FileUtils (LogUtils.java:supplyAndLog(69)) - Successfully supplied FileChannel.open /home/runner/work/ratis/ratis/ratis-test/target/test/data/8c35503c/MiniRaftClusterWithGrpc517cf52a/s3/1d61b1b4-2b51-4871-bccd-23107f7972fe/current/raft-meta.conf.tmp with options [CREATE, WRITE]: sun.nio.ch.FileChannelImpl@700dc15d
2025-02-26 08:18:31,981 [s3-server-thread1] DEBUG server.RaftServer$Division (RaftServerImpl.java:logAppendEntries(1581)) - s3@group-23107F7972FE: appendEntries* reply s1<-s3#1:OK-t1,SUCCESS,nextIndex=3,followerCommit=2,matchIndex=2
2025-02-26 08:18:31,982 [s4-server-thread1] DEBUG server.RaftServer$Division (RaftServerImpl.java:logAppendEntries(1581)) - s4@group-23107F7972FE: appendEntries* reply s1<-s4#1:OK-t1,SUCCESS,nextIndex=3,followerCommit=2,matchIndex=2
2025-02-26 08:18:31,982 [s4@group-23107F7972FE-StateMachineUpdater] TRACE util.FileUtils (LogUtils.java:supplyAndLog(69)) - Successfully supplied FileChannel.open /home/runner/work/ratis/ratis/ratis-test/target/test/data/8c35503c/MiniRaftClusterWithGrpc517cf52a/s4/1d61b1b4-2b51-4871-bccd-23107f7972fe/current/raft-meta.conf.tmp with options [CREATE, WRITE]: sun.nio.ch.FileChannelImpl@67c93b48
2025-02-26 08:18:31,983 [s3@group-23107F7972FE-StateMachineUpdater] TRACE util.FileUtils (LogUtils.java:runAndLog(49)) - Successfully ran Atomic Files.move /home/runner/work/ratis/ratis/ratis-test/target/test/data/8c35503c/MiniRaftClusterWithGrpc517cf52a/s3/1d61b1b4-2b51-4871-bccd-23107f7972fe/current/raft-meta.conf.tmp to /home/runner/work/ratis/ratis/ratis-test/target/test/data/8c35503c/MiniRaftClusterWithGrpc517cf52a/s3/1d61b1b4-2b51-4871-bccd-23107f7972fe/current/raft-meta.conf with options [REPLACE_EXISTING]
2025-02-26 08:18:31,983 [s1@group-23107F7972FE-LeaderStateImpl] INFO  server.RaftServer$Division (ServerState.java:setRaftConf(386)) - s1@group-23107F7972FE: set configuration conf: {index: 3, cur=peers:[s3|0.0.0.0:15244, s4|0.0.0.0:15248, s0|localhost:15232, s1|localhost:15236, s2|localhost:15240]|listeners:[], old=peers:[s0|localhost:15232, s1|localhost:15236, s2|localhost:15240]|listeners:[]}
2025-02-26 08:18:31,984 [s4@group-23107F7972FE-StateMachineUpdater] TRACE util.FileUtils (LogUtils.java:runAndLog(49)) - Successfully ran Atomic Files.move /home/runner/work/ratis/ratis/ratis-test/target/test/data/8c35503c/MiniRaftClusterWithGrpc517cf52a/s4/1d61b1b4-2b51-4871-bccd-23107f7972fe/current/raft-meta.conf.tmp to /home/runner/work/ratis/ratis/ratis-test/target/test/data/8c35503c/MiniRaftClusterWithGrpc517cf52a/s4/1d61b1b4-2b51-4871-bccd-23107f7972fe/current/raft-meta.conf with options [REPLACE_EXISTING]
2025-02-26 08:18:31,985 [grpc-default-executor-0] INFO  util.CodeInjectionForTesting (BlockRequestHandlingInjection.java:execute(77)) - s0: Block request from s1
2025-02-26 08:18:31,986 [grpc-default-executor-2] INFO  util.CodeInjectionForTesting (BlockRequestHandlingInjection.java:execute(77)) - s2: Block request from s1
2025-02-26 08:18:31,986 [grpc-default-executor-5] DEBUG server.RaftServer$Division (RaftServerImpl.java:logAppendEntries(1581)) - s4@group-23107F7972FE: appendEntries* s1->s4#3-t1,previous=(t:1, i:2),leaderCommit=2,initializing? false,entries: size=1, first=(t:1, i:3), CONFIGURATIONENTRY(current:id:"s3"address:"0.0.0.0:15244"clientAddress:"0.0.0.0:15246"adminAddress:"0.0.0.0:15245"startupRole:FOLLOWER, id:"s4"address:"0.0.0.0:15248"clientAddress:"0.0.0.0:15250"adminAddress:"0.0.0.0:15249"startupRole:FOLLOWER, id:"s0"address:"localhost:15232"dataStreamAddress:"localhost:15235"clientAddress:"localhost:15234"adminAddress:"localhost:15233"startupRole:FOLLOWER, id:"s1"address:"localhost:15236"dataStreamAddress:"localhost:15239"clientAddress:"localhost:15238"adminAddress:"localhost:15237"startupRole:FOLLOWER, id:"s2"address:"localhost:15240"dataStreamAddress:"localhost:15243"clientAddress:"localhost:15242"adminAddress:"localhost:15241"startupRole:FOLLOWER, old:id:"s0"address:"localhost:15232"dataStreamAddress:"localhost:15235"clientAddress:"localhost:15234"adminAddress:"localhost:15233"startupRole:FOLLOWER, id:"s1"address:"localhost:15236"dataStreamAddress:"localhost:15239"clientAddress:"localhost:15238"adminAddress:"localhost:15237"startupRole:FOLLOWER, id:"s2"address:"localhost:15240"dataStreamAddress:"localhost:15243"clientAddress:"localhost:15242"adminAddress:"localhost:15241"startupRole:FOLLOWER)
2025-02-26 08:18:31,986 [grpc-default-executor-4] DEBUG server.RaftServer$Division (RaftServerImpl.java:logAppendEntries(1581)) - s3@group-23107F7972FE: appendEntries* s1->s3#4-t1,previous=(t:1, i:2),leaderCommit=2,initializing? false,entries: size=1, first=(t:1, i:3), CONFIGURATIONENTRY(current:id:"s3"address:"0.0.0.0:15244"clientAddress:"0.0.0.0:15246"adminAddress:"0.0.0.0:15245"startupRole:FOLLOWER, id:"s4"address:"0.0.0.0:15248"clientAddress:"0.0.0.0:15250"adminAddress:"0.0.0.0:15249"startupRole:FOLLOWER, id:"s0"address:"localhost:15232"dataStreamAddress:"localhost:15235"clientAddress:"localhost:15234"adminAddress:"localhost:15233"startupRole:FOLLOWER, id:"s1"address:"localhost:15236"dataStreamAddress:"localhost:15239"clientAddress:"localhost:15238"adminAddress:"localhost:15237"startupRole:FOLLOWER, id:"s2"address:"localhost:15240"dataStreamAddress:"localhost:15243"clientAddress:"localhost:15242"adminAddress:"localhost:15241"startupRole:FOLLOWER, old:id:"s0"address:"localhost:15232"dataStreamAddress:"localhost:15235"clientAddress:"localhost:15234"adminAddress:"localhost:15233"startupRole:FOLLOWER, id:"s1"address:"localhost:15236"dataStreamAddress:"localhost:15239"clientAddress:"localhost:15238"adminAddress:"localhost:15237"startupRole:FOLLOWER, id:"s2"address:"localhost:15240"dataStreamAddress:"localhost:15243"clientAddress:"localhost:15242"adminAddress:"localhost:15241"startupRole:FOLLOWER)
2025-02-26 08:18:31,986 [grpc-default-executor-4] INFO  server.RaftServer$Division (ServerState.java:setRaftConf(386)) - s3@group-23107F7972FE: set configuration conf: {index: 3, cur=peers:[s3|0.0.0.0:15244, s4|0.0.0.0:15248, s0|localhost:15232, s1|localhost:15236, s2|localhost:15240]|listeners:[], old=peers:[s0|localhost:15232, s1|localhost:15236, s2|localhost:15240]|listeners:[]}
2025-02-26 08:18:31,986 [grpc-default-executor-5] INFO  server.RaftServer$Division (ServerState.java:setRaftConf(386)) - s4@group-23107F7972FE: set configuration conf: {index: 3, cur=peers:[s3|0.0.0.0:15244, s4|0.0.0.0:15248, s0|localhost:15232, s1|localhost:15236, s2|localhost:15240]|listeners:[], old=peers:[s0|localhost:15232, s1|localhost:15236, s2|localhost:15240]|listeners:[]}
2025-02-26 08:18:31,987 [s3-server-thread1] DEBUG server.RaftServer$Division (RaftServerImpl.java:logAppendEntries(1581)) - s3@group-23107F7972FE: appendEntries* reply s1<-s3#4:OK-t1,SUCCESS,nextIndex=4,followerCommit=2,matchIndex=3
2025-02-26 08:18:31,987 [s4-server-thread1] DEBUG server.RaftServer$Division (RaftServerImpl.java:logAppendEntries(1581)) - s4@group-23107F7972FE: appendEntries* reply s1<-s4#3:OK-t1,SUCCESS,nextIndex=4,followerCommit=2,matchIndex=3
2025-02-26 08:18:31,992 [grpc-default-executor-5] INFO  util.CodeInjectionForTesting (BlockRequestHandlingInjection.java:execute(77)) - s2: Block request from s1
2025-02-26 08:18:31,993 [grpc-default-executor-4] INFO  util.CodeInjectionForTesting (BlockRequestHandlingInjection.java:execute(77)) - s0: Block request from s1
2025-02-26 08:18:32,023 [main] DEBUG client.RaftClient (RaftClientImpl.java:close(465)) - close client-FEBE89C11A94
2025-02-26 08:18:32,203 [s2@group-23107F7972FE-FollowerState] INFO  impl.FollowerState (FollowerState.java:runImpl(161)) - s2@group-23107F7972FE-FollowerState: change to CANDIDATE, lastRpcElapsedTime:287216734ns, electionTimeout:262ms
2025-02-26 08:18:32,203 [s2@group-23107F7972FE-FollowerState] INFO  impl.RoleInfo (RoleInfo.java:shutdownFollowerState(121)) - s2: shutdown s2@group-23107F7972FE-FollowerState
2025-02-26 08:18:32,203 [s2@group-23107F7972FE-FollowerState] INFO  server.RaftServer$Division (RaftServerImpl.java:setRole(395)) - s2@group-23107F7972FE: changes role from  FOLLOWER to CANDIDATE at term 1 for changeToCandidate
2025-02-26 08:18:32,203 [s2@group-23107F7972FE-FollowerState] INFO  impl.RoleInfo (RoleInfo.java:updateAndGet(148)) - s2: start s2@group-23107F7972FE-LeaderElection90
2025-02-26 08:18:32,204 [s2@group-23107F7972FE-LeaderElection90] INFO  server.RaftServer$Division (ServerState.java:setLeader(272)) - s2@group-23107F7972FE: change Leader from s1 to null at term 1 for PRE_VOTE
2025-02-26 08:18:32,204 [s2@group-23107F7972FE-LeaderElection90] INFO  impl.LeaderElection (LeaderElection.java:askForVotes(332)) - s2@group-23107F7972FE-LeaderElection90 PRE_VOTE round 0: submit vote requests at term 1 for conf: {index: 0, cur=peers:[s0|localhost:15232, s1|localhost:15236, s2|localhost:15240]|listeners:[], old=null}
2025-02-26 08:18:32,204 [s2@group-23107F7972FE-LeaderElection90-1] INFO  server.GrpcServerProtocolClient (GrpcServerProtocolClient.java:<init>(65)) - Build channel for s0|localhost:15232
2025-02-26 08:18:32,204 [s2@group-23107F7972FE-LeaderElection90-2] INFO  server.GrpcServerProtocolClient (GrpcServerProtocolClient.java:<init>(65)) - Build channel for s1|localhost:15236
2025-02-26 08:18:32,207 [grpc-default-executor-3] INFO  util.CodeInjectionForTesting (BlockRequestHandlingInjection.java:execute(77)) - s0: Block request from s2
2025-02-26 08:18:32,207 [grpc-default-executor-6] INFO  server.RaftServer$Division (RaftServerImpl.java:requestVote(1475)) - s1@group-23107F7972FE: receive requestVote(PRE_VOTE, s2, group-23107F7972FE, 1, (t:1, i:2))
2025-02-26 08:18:32,207 [grpc-default-executor-6] INFO  impl.VoteContext (VoteContext.java:log(49)) - s1@group-23107F7972FE-LEADER: reject PRE_VOTE from s2: this server is the leader and still has leadership
2025-02-26 08:18:32,207 [grpc-default-executor-6] INFO  server.RaftServer$Division (RaftServerImpl.java:requestVote(1509)) - s1@group-23107F7972FE replies to PRE_VOTE vote request: s2<-s1#0:FAIL-t1. Peer's state: s1@group-23107F7972FE:t1, leader=s1, voted=s1, raftlog=Memoized:s1@group-23107F7972FE-SegmentedRaftLog:OPENED:c2:last(t:1, i:3), conf=conf: {index: 3, cur=peers:[s3|0.0.0.0:15244, s4|0.0.0.0:15248, s0|localhost:15232, s1|localhost:15236, s2|localhost:15240]|listeners:[], old=peers:[s0|localhost:15232, s1|localhost:15236, s2|localhost:15240]|listeners:[]}
2025-02-26 08:18:32,276 [s0@group-23107F7972FE-FollowerState] INFO  impl.FollowerState (FollowerState.java:runImpl(161)) - s0@group-23107F7972FE-FollowerState: change to CANDIDATE, lastRpcElapsedTime:359919286ns, electionTimeout:284ms
2025-02-26 08:18:32,276 [s0@group-23107F7972FE-FollowerState] INFO  impl.RoleInfo (RoleInfo.java:shutdownFollowerState(121)) - s0: shutdown s0@group-23107F7972FE-FollowerState
2025-02-26 08:18:32,276 [s0@group-23107F7972FE-FollowerState] INFO  server.RaftServer$Division (RaftServerImpl.java:setRole(395)) - s0@group-23107F7972FE: changes role from  FOLLOWER to CANDIDATE at term 1 for changeToCandidate
2025-02-26 08:18:32,277 [s0@group-23107F7972FE-FollowerState] INFO  impl.RoleInfo (RoleInfo.java:updateAndGet(148)) - s0: start s0@group-23107F7972FE-LeaderElection91
2025-02-26 08:18:32,277 [s0@group-23107F7972FE-LeaderElection91] INFO  server.RaftServer$Division (ServerState.java:setLeader(272)) - s0@group-23107F7972FE: change Leader from s1 to null at term 1 for PRE_VOTE
2025-02-26 08:18:32,277 [s0@group-23107F7972FE-LeaderElection91] INFO  impl.LeaderElection (LeaderElection.java:askForVotes(332)) - s0@group-23107F7972FE-LeaderElection91 PRE_VOTE round 0: submit vote requests at term 1 for conf: {index: 0, cur=peers:[s0|localhost:15232, s1|localhost:15236, s2|localhost:15240]|listeners:[], old=null}
2025-02-26 08:18:32,277 [s0@group-23107F7972FE-LeaderElection91-1] INFO  server.GrpcServerProtocolClient (GrpcServerProtocolClient.java:<init>(65)) - Build channel for s1|localhost:15236
2025-02-26 08:18:32,277 [s0@group-23107F7972FE-LeaderElection91-2] INFO  server.GrpcServerProtocolClient (GrpcServerProtocolClient.java:<init>(65)) - Build channel for s2|localhost:15240
2025-02-26 08:18:32,280 [grpc-default-executor-1] INFO  util.CodeInjectionForTesting (BlockRequestHandlingInjection.java:execute(77)) - s2: Block request from s0
2025-02-26 08:18:32,280 [grpc-default-executor-6] INFO  server.RaftServer$Division (RaftServerImpl.java:requestVote(1475)) - s1@group-23107F7972FE: receive requestVote(PRE_VOTE, s0, group-23107F7972FE, 1, (t:1, i:2))
2025-02-26 08:18:32,280 [grpc-default-executor-6] WARN  server.RaftServer$Division (LeaderStateImpl.java:checkLeadership(1119)) - s1@group-23107F7972FE-LeaderStateImpl: Lost leadership on term: 1. Election timeout: 300ms. In charge for: 625ms. Conf: conf: {index: 3, cur=peers:[s3|0.0.0.0:15244, s4|0.0.0.0:15248, s0|localhost:15232, s1|localhost:15236, s2|localhost:15240]|listeners:[], old=peers:[s0|localhost:15232, s1|localhost:15236, s2|localhost:15240]|listeners:[]}
2025-02-26 08:18:32,280 [grpc-default-executor-6] WARN  server.RaftServer$Division (LeaderStateImpl.java:lambda$checkLeadership$20(1123)) - Follower s1@group-23107F7972FE->s0(c1,m2,n4, caughtUp=true, lastRpcSendTime=21, lastRpcResponseTime=363)
2025-02-26 08:18:32,280 [grpc-default-executor-6] WARN  server.RaftServer$Division (LeaderStateImpl.java:lambda$checkLeadership$20(1123)) - Follower s1@group-23107F7972FE->s2(c1,m2,n4, caughtUp=true, lastRpcSendTime=23, lastRpcResponseTime=363)
2025-02-26 08:18:32,280 [grpc-default-executor-6] WARN  server.RaftServer$Division (LeaderStateImpl.java:lambda$checkLeadership$20(1123)) - Follower s1@group-23107F7972FE->s3(c2,m3,n4, caughtUp=true, lastRpcSendTime=63, lastRpcResponseTime=63)
2025-02-26 08:18:32,280 [grpc-default-executor-6] WARN  server.RaftServer$Division (LeaderStateImpl.java:lambda$checkLeadership$20(1123)) - Follower s1@group-23107F7972FE->s4(c2,m3,n4, caughtUp=true, lastRpcSendTime=64, lastRpcResponseTime=64)
2025-02-26 08:18:32,280 [grpc-default-executor-6] INFO  server.RaftServer$Division (RaftServerImpl.java:setRole(395)) - s1@group-23107F7972FE: changes role from    LEADER to FOLLOWER at term 1 for StepDownReason:LOST_MAJORITY_HEARTBEATS
2025-02-26 08:18:32,280 [grpc-default-executor-6] INFO  impl.RoleInfo (RoleInfo.java:shutdownLeaderState(103)) - s1: shutdown s1@group-23107F7972FE-LeaderStateImpl
2025-02-26 08:18:32,281 [s1@group-23107F7972FE->s0-GrpcLogAppender-LogAppenderDaemon] WARN  server.GrpcLogAppender (GrpcLogAppender.java:mayWait(294)) - s1@group-23107F7972FE->s0-GrpcLogAppender: Wait interrupted by java.lang.InterruptedException
2025-02-26 08:18:32,281 [s1@group-23107F7972FE->s2-GrpcLogAppender-LogAppenderDaemon] WARN  server.GrpcLogAppender (GrpcLogAppender.java:mayWait(294)) - s1@group-23107F7972FE->s2-GrpcLogAppender: Wait interrupted by java.lang.InterruptedException
2025-02-26 08:18:32,281 [s1@group-23107F7972FE->s3-GrpcLogAppender-LogAppenderDaemon] WARN  server.GrpcLogAppender (GrpcLogAppender.java:mayWait(294)) - s1@group-23107F7972FE->s3-GrpcLogAppender: Wait interrupted by java.lang.InterruptedException
2025-02-26 08:18:32,281 [s1@group-23107F7972FE->s4-GrpcLogAppender-LogAppenderDaemon] WARN  server.GrpcLogAppender (GrpcLogAppender.java:mayWait(294)) - s1@group-23107F7972FE->s4-GrpcLogAppender: Wait interrupted by java.lang.InterruptedException
2025-02-26 08:18:32,281 [grpc-default-executor-6] INFO  impl.PendingRequests (PendingRequests.java:sendNotLeaderResponses(287)) - s1@group-23107F7972FE-PendingRequests: sendNotLeaderResponses
2025-02-26 08:18:32,283 [Thread-1571] DEBUG client.RaftClient (RaftClientImpl.java:handleIOException(418)) - client-FEBE89C11A94: suggested new leader: null. Failed SetConfigurationRequest:client-FEBE89C11A94->s1@group-23107F7972FE, cid=37, seq=null, RW, null, SET_UNCONDITIONALLY, servers:[s3|0.0.0.0:15244, s4|0.0.0.0:15248, s0|localhost:15232, s1|localhost:15236, s2|localhost:15240], listeners:[]
org.apache.ratis.protocol.exceptions.NotLeaderException: Server s1@group-23107F7972FE is not the leader
	at org.apache.ratis.client.impl.ClientProtoUtils.toRaftClientReply(ClientProtoUtils.java:402)
	at org.apache.ratis.grpc.client.GrpcClientRpc.sendRequest(GrpcClientRpc.java:102)
	at org.apache.ratis.client.impl.BlockingImpl.sendRequest(BlockingImpl.java:147)
	at org.apache.ratis.client.impl.BlockingImpl.sendRequestWithRetry(BlockingImpl.java:109)
	at org.apache.ratis.client.impl.AdminImpl.setConfiguration(AdminImpl.java:46)
	at org.apache.ratis.client.api.AdminApi.setConfiguration(AdminApi.java:51)
	at org.apache.ratis.client.api.AdminApi.setConfiguration(AdminApi.java:45)
	at org.apache.ratis.server.impl.LeaderElectionTests.lambda$runTestLeaderLeaseDuringReconfiguration$13(LeaderElectionTests.java:759)
	at java.lang.Thread.run(Thread.java:750)
2025-02-26 08:18:32,283 [grpc-default-executor-6] INFO  server.RaftServer$Division (ServerState.java:setLeader(272)) - s1@group-23107F7972FE: change Leader from s1 to null at term 1 for StepDownReason:LOST_MAJORITY_HEARTBEATS
2025-02-26 08:18:32,284 [main] INFO  impl.MiniRaftCluster (MiniRaftCluster.java:shutdown(847)) - ************************************************************** 
2025-02-26 08:18:32,284 [main] INFO  impl.MiniRaftCluster (MiniRaftCluster.java:shutdown(848)) - *** 
2025-02-26 08:18:32,284 [main] INFO  impl.MiniRaftCluster (MiniRaftCluster.java:shutdown(849)) - ***     Stopping MiniRaftClusterWithGrpc
2025-02-26 08:18:32,284 [main] INFO  impl.MiniRaftCluster (MiniRaftCluster.java:shutdown(850)) - *** 
2025-02-26 08:18:32,284 [main] INFO  impl.MiniRaftCluster (MiniRaftCluster.java:shutdown(851)) - ************************************************************** 
2025-02-26 08:18:32,284 [Thread-1571] DEBUG client.RaftClient (RaftClientImpl.java:handleIOException(436)) - client-FEBE89C11A94: oldLeader=s1,  curLeader=s1, newLeader=s4
2025-02-26 08:18:32,284 [Thread-1571] DEBUG client.RaftClient (RaftClientImpl.java:handleIOException(442)) - client-FEBE89C11A94 changes Leader from s1 to s4 for group-23107F7972FE
org.apache.ratis.protocol.exceptions.NotLeaderException: Server s1@group-23107F7972FE is not the leader
	at org.apache.ratis.client.impl.ClientProtoUtils.toRaftClientReply(ClientProtoUtils.java:402)
	at org.apache.ratis.grpc.client.GrpcClientRpc.sendRequest(GrpcClientRpc.java:102)
	at org.apache.ratis.client.impl.BlockingImpl.sendRequest(BlockingImpl.java:147)
	at org.apache.ratis.client.impl.BlockingImpl.sendRequestWithRetry(BlockingImpl.java:109)
	at org.apache.ratis.client.impl.AdminImpl.setConfiguration(AdminImpl.java:46)
	at org.apache.ratis.client.api.AdminApi.setConfiguration(AdminApi.java:51)
	at org.apache.ratis.client.api.AdminApi.setConfiguration(AdminApi.java:45)
	at org.apache.ratis.server.impl.LeaderElectionTests.lambda$runTestLeaderLeaseDuringReconfiguration$13(LeaderElectionTests.java:759)
	at java.lang.Thread.run(Thread.java:750)
2025-02-26 08:18:32,284 [grpc-default-executor-6] INFO  impl.RoleInfo (RoleInfo.java:updateAndGet(148)) - s1: start s1@group-23107F7972FE-FollowerState
2025-02-26 08:18:32,284 [main] INFO  impl.MiniRaftCluster (MiniRaftCluster.java:shutdown(852)) - printing ALL groups
  s3:  RUNNING  FOLLOWER s3@group-23107F7972FE:t1, leader=s1, voted=null, raftlog=Memoized:s3@group-23107F7972FE-SegmentedRaftLog:OPENED:c2:last(t:1, i:3), conf=conf: {index: 3, cur=peers:[s3|0.0.0.0:15244, s4|0.0.0.0:15248, s0|localhost:15232, s1|localhost:15236, s2|localhost:15240]|listeners:[], old=peers:[s0|localhost:15232, s1|localhost:15236, s2|localhost:15240]|listeners:[]} RUNNING
  s4:  RUNNING  FOLLOWER s4@group-23107F7972FE:t1, leader=s1, voted=null, raftlog=Memoized:s4@group-23107F7972FE-SegmentedRaftLog:OPENED:c2:last(t:1, i:3), conf=conf: {index: 3, cur=peers:[s3|0.0.0.0:15244, s4|0.0.0.0:15248, s0|localhost:15232, s1|localhost:15236, s2|localhost:15240]|listeners:[], old=peers:[s0|localhost:15232, s1|localhost:15236, s2|localhost:15240]|listeners:[]} RUNNING
  s0:  RUNNING CANDIDATE s0@group-23107F7972FE:t1, leader=null, voted=s1, raftlog=Memoized:s0@group-23107F7972FE-SegmentedRaftLog:OPENED:c1:last(t:1, i:2), conf=conf: {index: 0, cur=peers:[s0|localhost:15232, s1|localhost:15236, s2|localhost:15240]|listeners:[], old=null} RUNNING
  s1:  RUNNING  FOLLOWER s1@group-23107F7972FE:t1, leader=null, voted=s1, raftlog=Memoized:s1@group-23107F7972FE-SegmentedRaftLog:OPENED:c2:last(t:1, i:3), conf=conf: {index: 3, cur=peers:[s3|0.0.0.0:15244, s4|0.0.0.0:15248, s0|localhost:15232, s1|localhost:15236, s2|localhost:15240]|listeners:[], old=peers:[s0|localhost:15232, s1|localhost:15236, s2|localhost:15240]|listeners:[]} RUNNING
  s2:  RUNNING CANDIDATE s2@group-23107F7972FE:t1, leader=null, voted=s1, raftlog=Memoized:s2@group-23107F7972FE-SegmentedRaftLog:OPENED:c1:last(t:1, i:2), conf=conf: {index: 0, cur=peers:[s0|localhost:15232, s1|localhost:15236, s2|localhost:15240]|listeners:[], old=null} RUNNING
as expected: org.apache.ratis.client.impl.BlockingImpl@2a7c91d7 is closed.
2025-02-26 08:18:32,285 [grpc-default-executor-6] INFO  impl.VoteContext (VoteContext.java:log(49)) - s1@group-23107F7972FE-FOLLOWER: reject PRE_VOTE from s0: our last entry (t:1, i:3) > candidate's last entry (t:1, i:2)
2025-02-26 08:18:32,285 [MiniRaftCluster-59] INFO  server.RaftServer (RaftServerProxy.java:lambda$close$9(418)) - s3: close
2025-02-26 08:18:32,285 [MiniRaftCluster-60] INFO  server.RaftServer (RaftServerProxy.java:lambda$close$9(418)) - s4: close
2025-02-26 08:18:32,285 [grpc-default-executor-0] INFO  util.CodeInjectionForTesting (BlockRequestHandlingInjection.java:execute(84)) - s0: unBlock request from s1
2025-02-26 08:18:32,285 [grpc-default-executor-6] INFO  server.RaftServer$Division (RaftServerImpl.java:requestVote(1509)) - s1@group-23107F7972FE replies to PRE_VOTE vote request: s0<-s1#0:FAIL-t1. Peer's state: s1@group-23107F7972FE:t1, leader=null, voted=s1, raftlog=Memoized:s1@group-23107F7972FE-SegmentedRaftLog:OPENED:c2:last(t:1, i:3), conf=conf: {index: 3, cur=peers:[s3|0.0.0.0:15244, s4|0.0.0.0:15248, s0|localhost:15232, s1|localhost:15236, s2|localhost:15240]|listeners:[], old=peers:[s0|localhost:15232, s1|localhost:15236, s2|localhost:15240]|listeners:[]}
2025-02-26 08:18:32,286 [MiniRaftCluster-62] INFO  server.RaftServer (RaftServerProxy.java:lambda$close$9(418)) - s1: close
2025-02-26 08:18:32,286 [grpc-default-executor-0] DEBUG server.RaftServer$Division (RaftServerImpl.java:logAppendEntries(1581)) - s0@group-23107F7972FE: appendEntries* s1->s0#13-t1,previous=(t:1, i:2),leaderCommit=2,initializing? false,entries: size=1, first=(t:1, i:3), CONFIGURATIONENTRY(current:id:"s3"address:"0.0.0.0:15244"clientAddress:"0.0.0.0:15246"adminAddress:"0.0.0.0:15245"startupRole:FOLLOWER, id:"s4"address:"0.0.0.0:15248"clientAddress:"0.0.0.0:15250"adminAddress:"0.0.0.0:15249"startupRole:FOLLOWER, id:"s0"address:"localhost:15232"dataStreamAddress:"localhost:15235"clientAddress:"localhost:15234"adminAddress:"localhost:15233"startupRole:FOLLOWER, id:"s1"address:"localhost:15236"dataStreamAddress:"localhost:15239"clientAddress:"localhost:15238"adminAddress:"localhost:15237"startupRole:FOLLOWER, id:"s2"address:"localhost:15240"dataStreamAddress:"localhost:15243"clientAddress:"localhost:15242"adminAddress:"localhost:15241"startupRole:FOLLOWER, old:id:"s0"address:"localhost:15232"dataStreamAddress:"localhost:15235"clientAddress:"localhost:15234"adminAddress:"localhost:15233"startupRole:FOLLOWER, id:"s1"address:"localhost:15236"dataStreamAddress:"localhost:15239"clientAddress:"localhost:15238"adminAddress:"localhost:15237"startupRole:FOLLOWER, id:"s2"address:"localhost:15240"dataStreamAddress:"localhost:15243"clientAddress:"localhost:15242"adminAddress:"localhost:15241"startupRole:FOLLOWER)
2025-02-26 08:18:32,286 [grpc-default-executor-0] INFO  server.RaftServer$Division (RaftServerImpl.java:setRole(395)) - s0@group-23107F7972FE: changes role from CANDIDATE to FOLLOWER at term 1 for appendEntries
2025-02-26 08:18:32,286 [grpc-default-executor-0] INFO  impl.RoleInfo (RoleInfo.java:shutdownLeaderElection(141)) - s0: shutdown s0@group-23107F7972FE-LeaderElection91
2025-02-26 08:18:32,286 [grpc-default-executor-0] INFO  impl.RoleInfo (RoleInfo.java:updateAndGet(148)) - s0: start s0@group-23107F7972FE-FollowerState
2025-02-26 08:18:32,286 [s4-impl-thread1] INFO  server.RaftServer$Division (RaftServerImpl.java:lambda$close$1(530)) - s4@group-23107F7972FE: shutdown
2025-02-26 08:18:32,286 [grpc-default-executor-0] INFO  server.RaftServer$Division (ServerState.java:setLeader(272)) - s0@group-23107F7972FE: change Leader from null to s1 at term 1 for appendEntries, leader elected after 9ms
2025-02-26 08:18:32,285 [MiniRaftCluster-61] INFO  server.RaftServer (RaftServerProxy.java:lambda$close$9(418)) - s0: close
2025-02-26 08:18:32,286 [s4-impl-thread1] INFO  util.JmxRegister (JmxRegister.java:unregister(74)) - Successfully un-registered JMX Bean with object name Ratis:service=RaftServer,group=group-23107F7972FE,id=s4
2025-02-26 08:18:32,287 [s4-impl-thread1] INFO  impl.RoleInfo (RoleInfo.java:shutdownFollowerState(121)) - s4: shutdown s4@group-23107F7972FE-FollowerState
2025-02-26 08:18:32,287 [s4@group-23107F7972FE-FollowerState] INFO  impl.FollowerState (FollowerState.java:runImpl(170)) - s4@group-23107F7972FE-FollowerState was interrupted
2025-02-26 08:18:32,286 [s0@group-23107F7972FE-LeaderElection91] INFO  impl.LeaderElection (LeaderElection.java:logAndReturn(90)) - s0@group-23107F7972FE-LeaderElection91: PRE_VOTE REJECTED received 1 response(s) and 0 exception(s):
2025-02-26 08:18:32,287 [s0@group-23107F7972FE-LeaderElection91] INFO  impl.LeaderElection (LeaderElection.java:logAndReturn(94)) -   Response 0: s0<-s1#0:FAIL-t1
2025-02-26 08:18:32,287 [s0@group-23107F7972FE-LeaderElection91] INFO  impl.LeaderElection (LeaderElection.java:askForVotes(334)) - s0@group-23107F7972FE-LeaderElection91 PRE_VOTE round 0: result REJECTED
2025-02-26 08:18:32,286 [s1-impl-thread1] INFO  server.RaftServer$Division (RaftServerImpl.java:lambda$close$1(530)) - s1@group-23107F7972FE: shutdown
2025-02-26 08:18:32,288 [s1-impl-thread1] INFO  util.JmxRegister (JmxRegister.java:unregister(74)) - Successfully un-registered JMX Bean with object name Ratis:service=RaftServer,group=group-23107F7972FE,id=s1
2025-02-26 08:18:32,288 [s1-impl-thread1] INFO  impl.RoleInfo (RoleInfo.java:shutdownFollowerState(121)) - s1: shutdown s1@group-23107F7972FE-FollowerState
2025-02-26 08:18:32,288 [s1-impl-thread1] INFO  impl.StateMachineUpdater (StateMachineUpdater.java:stopAndJoin(162)) - s1@group-23107F7972FE-StateMachineUpdater: set stopIndex = 2
2025-02-26 08:18:32,288 [s1@group-23107F7972FE-StateMachineUpdater] INFO  impl.StateMachineUpdater (StateMachineUpdater.java:stop(139)) - s1@group-23107F7972FE-StateMachineUpdater: closing BaseStateMachine, lastApplied=(t:1, i:2)
2025-02-26 08:18:32,288 [s1-impl-thread1] INFO  raftlog.RaftLog (SegmentedRaftLog.java:close(569)) - Start closing s1@group-23107F7972FE-SegmentedRaftLog:OPENED:c2:last(t:1, i:3)
2025-02-26 08:18:32,286 [MiniRaftCluster-62] INFO  server.GrpcServicesImpl (GrpcServicesImpl.java:closeImpl(362)) - s1: shutdown server org.apache.ratis.grpc.server.GrpcClientProtocolService now
2025-02-26 08:18:32,286 [MiniRaftCluster-60] INFO  server.GrpcServicesImpl (GrpcServicesImpl.java:closeImpl(362)) - s4: shutdown server org.apache.ratis.grpc.server.GrpcClientProtocolService now
2025-02-26 08:18:32,286 [grpc-default-executor-2] INFO  util.CodeInjectionForTesting (BlockRequestHandlingInjection.java:execute(84)) - s2: unBlock request from s1
2025-02-26 08:18:32,289 [grpc-default-executor-2] DEBUG server.RaftServer$Division (RaftServerImpl.java:logAppendEntries(1581)) - s2@group-23107F7972FE: appendEntries* s1->s2#11-t1,previous=(t:1, i:2),leaderCommit=2,initializing? false,entries: size=1, first=(t:1, i:3), CONFIGURATIONENTRY(current:id:"s3"address:"0.0.0.0:15244"clientAddress:"0.0.0.0:15246"adminAddress:"0.0.0.0:15245"startupRole:FOLLOWER, id:"s4"address:"0.0.0.0:15248"clientAddress:"0.0.0.0:15250"adminAddress:"0.0.0.0:15249"startupRole:FOLLOWER, id:"s0"address:"localhost:15232"dataStreamAddress:"localhost:15235"clientAddress:"localhost:15234"adminAddress:"localhost:15233"startupRole:FOLLOWER, id:"s1"address:"localhost:15236"dataStreamAddress:"localhost:15239"clientAddress:"localhost:15238"adminAddress:"localhost:15237"startupRole:FOLLOWER, id:"s2"address:"localhost:15240"dataStreamAddress:"localhost:15243"clientAddress:"localhost:15242"adminAddress:"localhost:15241"startupRole:FOLLOWER, old:id:"s0"address:"localhost:15232"dataStreamAddress:"localhost:15235"clientAddress:"localhost:15234"adminAddress:"localhost:15233"startupRole:FOLLOWER, id:"s1"address:"localhost:15236"dataStreamAddress:"localhost:15239"clientAddress:"localhost:15238"adminAddress:"localhost:15237"startupRole:FOLLOWER, id:"s2"address:"localhost:15240"dataStreamAddress:"localhost:15243"clientAddress:"localhost:15242"adminAddress:"localhost:15241"startupRole:FOLLOWER)
2025-02-26 08:18:32,289 [grpc-default-executor-2] INFO  server.RaftServer$Division (RaftServerImpl.java:setRole(395)) - s2@group-23107F7972FE: changes role from CANDIDATE to FOLLOWER at term 1 for appendEntries
2025-02-26 08:18:32,289 [grpc-default-executor-2] INFO  impl.RoleInfo (RoleInfo.java:shutdownLeaderElection(141)) - s2: shutdown s2@group-23107F7972FE-LeaderElection90
2025-02-26 08:18:32,286 [MiniRaftCluster-63] INFO  server.RaftServer (RaftServerProxy.java:lambda$close$9(418)) - s2: close
2025-02-26 08:18:32,290 [Thread-1597] INFO  server.GrpcServerProtocolClient (GrpcServerProtocolClient.java:close(105)) - s0 Close channels
2025-02-26 08:18:32,290 [s1@group-23107F7972FE-cacheEviction-AwaitToRun] INFO  util.AwaitToRun (AwaitToRun.java:run(49)) - s1@group-23107F7972FE-cacheEviction-AwaitToRun-AwaitForSignal is interrupted
2025-02-26 08:18:32,289 [Thread-1596] INFO  server.GrpcServerProtocolClient (GrpcServerProtocolClient.java:close(105)) - s4 Close channels
2025-02-26 08:18:32,289 [Thread-1595] INFO  server.GrpcServerProtocolClient (GrpcServerProtocolClient.java:close(105)) - s3 Close channels
2025-02-26 08:18:32,289 [s1@group-23107F7972FE-FollowerState] INFO  impl.FollowerState (FollowerState.java:runImpl(170)) - s1@group-23107F7972FE-FollowerState was interrupted
2025-02-26 08:18:32,291 [MiniRaftCluster-63] INFO  server.GrpcServicesImpl (GrpcServicesImpl.java:closeImpl(362)) - s2: shutdown server org.apache.ratis.grpc.server.GrpcClientProtocolService now
2025-02-26 08:18:32,289 [s0-impl-thread1] INFO  server.RaftServer$Division (RaftServerImpl.java:lambda$close$1(530)) - s0@group-23107F7972FE: shutdown
2025-02-26 08:18:32,291 [s0-impl-thread1] INFO  util.JmxRegister (JmxRegister.java:unregister(74)) - Successfully un-registered JMX Bean with object name Ratis:service=RaftServer,group=group-23107F7972FE,id=s0
2025-02-26 08:18:32,291 [s0-impl-thread1] INFO  impl.RoleInfo (RoleInfo.java:shutdownFollowerState(121)) - s0: shutdown s0@group-23107F7972FE-FollowerState
2025-02-26 08:18:32,291 [s0-impl-thread1] INFO  impl.StateMachineUpdater (StateMachineUpdater.java:stopAndJoin(162)) - s0@group-23107F7972FE-StateMachineUpdater: set stopIndex = 1
2025-02-26 08:18:32,289 [MiniRaftCluster-61] INFO  server.GrpcServicesImpl (GrpcServicesImpl.java:closeImpl(362)) - s0: shutdown server org.apache.ratis.grpc.server.GrpcClientProtocolService now
2025-02-26 08:18:32,291 [MiniRaftCluster-60] INFO  server.GrpcServicesImpl (GrpcServicesImpl.java:closeImpl(371)) - s4: shutdown server org.apache.ratis.grpc.server.GrpcClientProtocolService successfully
2025-02-26 08:18:32,292 [s0@group-23107F7972FE-StateMachineUpdater] INFO  impl.StateMachineUpdater (StateMachineUpdater.java:stop(139)) - s0@group-23107F7972FE-StateMachineUpdater: closing BaseStateMachine, lastApplied=(t:1, i:1)
2025-02-26 08:18:32,292 [s0-impl-thread1] INFO  raftlog.RaftLog (SegmentedRaftLog.java:close(569)) - Start closing s0@group-23107F7972FE-SegmentedRaftLog:OPENED:c1:last(t:1, i:2)
2025-02-26 08:18:32,292 [Thread-1606] INFO  server.GrpcServerProtocolClient (GrpcServerProtocolClient.java:close(105)) - s0 Close channels
2025-02-26 08:18:32,287 [s4-impl-thread1] INFO  impl.StateMachineUpdater (StateMachineUpdater.java:stopAndJoin(162)) - s4@group-23107F7972FE-StateMachineUpdater: set stopIndex = 2
2025-02-26 08:18:32,292 [Thread-1608] INFO  server.GrpcServerProtocolClient (GrpcServerProtocolClient.java:close(105)) - s1 Close channels
2025-02-26 08:18:32,292 [s0@group-23107F7972FE-cacheEviction-AwaitToRun] INFO  util.AwaitToRun (AwaitToRun.java:run(49)) - s0@group-23107F7972FE-cacheEviction-AwaitToRun-AwaitForSignal is interrupted
2025-02-26 08:18:32,287 [s4@group-23107F7972FE-StateMachineUpdater] INFO  impl.StateMachineUpdater (StateMachineUpdater.java:stop(139)) - s4@group-23107F7972FE-StateMachineUpdater: closing BaseStateMachine, lastApplied=(t:1, i:2)
2025-02-26 08:18:32,287 [s3-impl-thread1] INFO  server.RaftServer$Division (RaftServerImpl.java:lambda$close$1(530)) - s3@group-23107F7972FE: shutdown
2025-02-26 08:18:32,292 [s3-impl-thread1] INFO  util.JmxRegister (JmxRegister.java:unregister(74)) - Successfully un-registered JMX Bean with object name Ratis:service=RaftServer,group=group-23107F7972FE,id=s3
2025-02-26 08:18:32,293 [s3-impl-thread1] INFO  impl.RoleInfo (RoleInfo.java:shutdownFollowerState(121)) - s3: shutdown s3@group-23107F7972FE-FollowerState
2025-02-26 08:18:32,287 [MiniRaftCluster-59] INFO  server.GrpcServicesImpl (GrpcServicesImpl.java:closeImpl(362)) - s3: shutdown server org.apache.ratis.grpc.server.GrpcClientProtocolService now
2025-02-26 08:18:32,287 [grpc-default-executor-0] INFO  server.RaftServer$Division (ServerState.java:setRaftConf(386)) - s0@group-23107F7972FE: set configuration conf: {index: 3, cur=peers:[s3|0.0.0.0:15244, s4|0.0.0.0:15248, s0|localhost:15232, s1|localhost:15236, s2|localhost:15240]|listeners:[], old=peers:[s0|localhost:15232, s1|localhost:15236, s2|localhost:15240]|listeners:[]}
2025-02-26 08:18:32,293 [grpc-default-executor-4] INFO  util.CodeInjectionForTesting (BlockRequestHandlingInjection.java:execute(84)) - s0: unBlock request from s1
2025-02-26 08:18:32,293 [s4-impl-thread1] INFO  raftlog.RaftLog (SegmentedRaftLog.java:close(569)) - Start closing s4@group-23107F7972FE-SegmentedRaftLog:OPENED:c2:last(t:1, i:3)
2025-02-26 08:18:32,292 [s0-impl-thread1] INFO  segmented.LogSegment (LogSegment.java:close(350)) - Successfully closed EntryCache-log_inprogress_0
2025-02-26 08:18:32,292 [grpc-default-executor-5] INFO  util.CodeInjectionForTesting (BlockRequestHandlingInjection.java:execute(84)) - s2: unBlock request from s1
2025-02-26 08:18:32,292 [MiniRaftCluster-60] INFO  server.GrpcServicesImpl (GrpcServicesImpl.java:closeImpl(362)) - s4: shutdown server GrpcServerProtocolService now
2025-02-26 08:18:32,291 [s0@group-23107F7972FE-FollowerState] INFO  impl.FollowerState (FollowerState.java:runImpl(170)) - s0@group-23107F7972FE-FollowerState was interrupted
2025-02-26 08:18:32,291 [s2-impl-thread1] INFO  server.RaftServer$Division (RaftServerImpl.java:lambda$close$1(530)) - s2@group-23107F7972FE: shutdown
2025-02-26 08:18:32,294 [s2-impl-thread1] INFO  util.JmxRegister (JmxRegister.java:unregister(74)) - Successfully un-registered JMX Bean with object name Ratis:service=RaftServer,group=group-23107F7972FE,id=s2
2025-02-26 08:18:32,294 [s2-impl-thread1] INFO  impl.RoleInfo (RoleInfo.java:shutdownFollowerState(121)) - s2: shutdown s2@group-23107F7972FE-FollowerState
2025-02-26 08:18:32,291 [Thread-1600] INFO  server.GrpcServerProtocolClient (GrpcServerProtocolClient.java:close(105)) - s2 Close channels
2025-02-26 08:18:32,291 [s1-impl-thread1] INFO  segmented.LogSegment (LogSegment.java:close(350)) - Successfully closed EntryCache-log_inprogress_0
2025-02-26 08:18:32,290 [grpc-default-executor-2] INFO  impl.RoleInfo (RoleInfo.java:updateAndGet(148)) - s2: start s2@group-23107F7972FE-FollowerState
2025-02-26 08:18:32,295 [Thread-1614] INFO  server.GrpcServerProtocolClient (GrpcServerProtocolClient.java:close(105)) - s2 Close channels
2025-02-26 08:18:32,295 [Thread-1613] INFO  server.GrpcServerProtocolClient (GrpcServerProtocolClient.java:close(105)) - s1 Close channels
2025-02-26 08:18:32,294 [grpc-default-executor-6] WARN  server.GrpcServerProtocolService (LogUtils.java:warn(127)) - s4: APPEND_ENTRIES onError, lastRequest: null: org.apache.ratis.thirdparty.io.grpc.StatusRuntimeException: CANCELLED: client cancelled
2025-02-26 08:18:32,296 [s3-impl-thread1] INFO  impl.StateMachineUpdater (StateMachineUpdater.java:stopAndJoin(162)) - s3@group-23107F7972FE-StateMachineUpdater: set stopIndex = 2
2025-02-26 08:18:32,296 [s3@group-23107F7972FE-StateMachineUpdater] INFO  impl.StateMachineUpdater (StateMachineUpdater.java:stop(139)) - s3@group-23107F7972FE-StateMachineUpdater: closing BaseStateMachine, lastApplied=(t:1, i:2)
2025-02-26 08:18:32,294 [grpc-default-executor-5] ERROR server.RaftServer$Division (RaftServerImpl.java:appendEntriesAsync(1550)) - s2@group-23107F7972FE: Failed appendEntries* s1->s2#12-t1,previous=(t:0, i:0),leaderCommit=0,initializing? false,HEARTBEAT
org.apache.ratis.protocol.exceptions.ServerNotReadyException: s2@group-23107F7972FE is not in [STARTING, RUNNING]: current state is CLOSING
	at org.apache.ratis.server.impl.RaftServerImpl.lambda$assertLifeCycleState$7(RaftServerImpl.java:821)
	at org.apache.ratis.util.LifeCycle.assertCurrentState(LifeCycle.java:260)
	at org.apache.ratis.server.impl.RaftServerImpl.assertLifeCycleState(RaftServerImpl.java:820)
	at org.apache.ratis.server.impl.RaftServerImpl.appendEntriesAsync(RaftServerImpl.java:1541)
	at org.apache.ratis.server.impl.RaftServerProxy.lambda$null$28(RaftServerProxy.java:657)
	at org.apache.ratis.util.JavaUtils.callAsUnchecked(JavaUtils.java:118)
	at org.apache.ratis.server.impl.RaftServerProxy.lambda$appendEntriesAsync$29(RaftServerProxy.java:656)
	at java.util.concurrent.CompletableFuture.uniComposeStage(CompletableFuture.java:995)
	at java.util.concurrent.CompletableFuture.thenCompose(CompletableFuture.java:2137)
	at org.apache.ratis.server.impl.RaftServerProxy.appendEntriesAsync(RaftServerProxy.java:656)
	at org.apache.ratis.grpc.server.GrpcServerProtocolService$1.process(GrpcServerProtocolService.java:323)
	at org.apache.ratis.grpc.server.GrpcServerProtocolService$ServerRequestStreamObserver.onNext(GrpcServerProtocolService.java:172)
	at org.apache.ratis.thirdparty.io.grpc.stub.ServerCalls$StreamingServerCallHandler$StreamingServerCallListener.onMessage(ServerCalls.java:262)
	at org.apache.ratis.thirdparty.io.grpc.internal.ServerCallImpl$ServerStreamListenerImpl.messagesAvailableInternal(ServerCallImpl.java:334)
	at org.apache.ratis.thirdparty.io.grpc.internal.ServerCallImpl$ServerStreamListenerImpl.messagesAvailable(ServerCallImpl.java:319)
	at org.apache.ratis.thirdparty.io.grpc.internal.ServerImpl$JumpToApplicationThreadServerStreamListener$1MessagesAvailable.runInContext(ServerImpl.java:834)
	at org.apache.ratis.thirdparty.io.grpc.internal.ContextRunnable.run(ContextRunnable.java:37)
	at org.apache.ratis.thirdparty.io.grpc.internal.SerializingExecutor.run(SerializingExecutor.java:133)
	at java.util.concurrent.ThreadPoolExecutor.runWorker(ThreadPoolExecutor.java:1149)
	at java.util.concurrent.ThreadPoolExecutor$Worker.run(ThreadPoolExecutor.java:624)
	at java.lang.Thread.run(Thread.java:750)
2025-02-26 08:18:32,296 [grpc-default-executor-2] INFO  server.RaftServer$Division (ServerState.java:setLeader(272)) - s2@group-23107F7972FE: change Leader from null to s1 at term 1 for appendEntries, leader elected after 92ms
2025-02-26 08:18:32,296 [s2@group-23107F7972FE-FollowerState] INFO  impl.FollowerState (FollowerState.java:shouldRun(122)) - s2@group-23107F7972FE-FollowerState: Stopping now (isRunning? false, role = FOLLOWER)
2025-02-26 08:18:32,296 [grpc-default-executor-5] ERROR server.RaftServer$Division (RaftServerImpl.java:appendEntriesAsync(1550)) - s2@group-23107F7972FE: Failed appendEntries* s1->s2#13-t1,previous=(t:0, i:0),leaderCommit=0,initializing? false,HEARTBEAT
org.apache.ratis.protocol.exceptions.ServerNotReadyException: s2@group-23107F7972FE is not in [STARTING, RUNNING]: current state is CLOSING
	at org.apache.ratis.server.impl.RaftServerImpl.lambda$assertLifeCycleState$7(RaftServerImpl.java:821)
	at org.apache.ratis.util.LifeCycle.assertCurrentState(LifeCycle.java:260)
	at org.apache.ratis.server.impl.RaftServerImpl.assertLifeCycleState(RaftServerImpl.java:820)
	at org.apache.ratis.server.impl.RaftServerImpl.appendEntriesAsync(RaftServerImpl.java:1541)
	at org.apache.ratis.server.impl.RaftServerProxy.lambda$null$28(RaftServerProxy.java:657)
	at org.apache.ratis.util.JavaUtils.callAsUnchecked(JavaUtils.java:118)
	at org.apache.ratis.server.impl.RaftServerProxy.lambda$appendEntriesAsync$29(RaftServerProxy.java:656)
	at java.util.concurrent.CompletableFuture.uniComposeStage(CompletableFuture.java:995)
	at java.util.concurrent.CompletableFuture.thenCompose(CompletableFuture.java:2137)
	at org.apache.ratis.server.impl.RaftServerProxy.appendEntriesAsync(RaftServerProxy.java:656)
	at org.apache.ratis.grpc.server.GrpcServerProtocolService$1.process(GrpcServerProtocolService.java:323)
	at org.apache.ratis.grpc.server.GrpcServerProtocolService$ServerRequestStreamObserver.onNext(GrpcServerProtocolService.java:172)
	at org.apache.ratis.thirdparty.io.grpc.stub.ServerCalls$StreamingServerCallHandler$StreamingServerCallListener.onMessage(ServerCalls.java:262)
	at org.apache.ratis.thirdparty.io.grpc.internal.ServerCallImpl$ServerStreamListenerImpl.messagesAvailableInternal(ServerCallImpl.java:334)
	at org.apache.ratis.thirdparty.io.grpc.internal.ServerCallImpl$ServerStreamListenerImpl.messagesAvailable(ServerCallImpl.java:319)
	at org.apache.ratis.thirdparty.io.grpc.internal.ServerImpl$JumpToApplicationThreadServerStreamListener$1MessagesAvailable.runInContext(ServerImpl.java:834)
	at org.apache.ratis.thirdparty.io.grpc.internal.ContextRunnable.run(ContextRunnable.java:37)
	at org.apache.ratis.thirdparty.io.grpc.internal.SerializingExecutor.run(SerializingExecutor.java:133)
	at java.util.concurrent.ThreadPoolExecutor.runWorker(ThreadPoolExecutor.java:1149)
	at java.util.concurrent.ThreadPoolExecutor$Worker.run(ThreadPoolExecutor.java:624)
	at java.lang.Thread.run(Thread.java:750)
2025-02-26 08:18:32,294 [s0-server-thread1] WARN  server.GrpcServerProtocolService (LogUtils.java:warn(129)) - s0: Failed APPEND_ENTRIES request cid=13, isHeartbeat? false
java.util.concurrent.CompletionException: java.lang.IllegalStateException: s0@group-23107F7972FE-SegmentedRaftLog is expected to be opened but it is CLOSED
	at java.util.concurrent.CompletableFuture.encodeThrowable(CompletableFuture.java:273)
	at java.util.concurrent.CompletableFuture.uniComposeStage(CompletableFuture.java:1005)
	at java.util.concurrent.CompletableFuture.thenCompose(CompletableFuture.java:2137)
	at org.apache.ratis.server.impl.RaftServerImpl.lambda$appendLog$41(RaftServerImpl.java:1701)
	at java.util.concurrent.atomic.AtomicReference.updateAndGet(AtomicReference.java:179)
	at org.apache.ratis.server.impl.RaftServerImpl.appendLog(RaftServerImpl.java:1701)
	at org.apache.ratis.server.impl.RaftServerImpl.appendEntriesAsync(RaftServerImpl.java:1661)
	at org.apache.ratis.server.impl.RaftServerImpl.appendEntriesAsync(RaftServerImpl.java:1548)
	at org.apache.ratis.server.impl.RaftServerProxy.lambda$null$28(RaftServerProxy.java:657)
	at org.apache.ratis.util.JavaUtils.callAsUnchecked(JavaUtils.java:118)
	at org.apache.ratis.server.impl.RaftServerProxy.lambda$appendEntriesAsync$29(RaftServerProxy.java:656)
	at java.util.concurrent.CompletableFuture.uniComposeStage(CompletableFuture.java:995)
	at java.util.concurrent.CompletableFuture.thenCompose(CompletableFuture.java:2137)
	at org.apache.ratis.server.impl.RaftServerProxy.appendEntriesAsync(RaftServerProxy.java:656)
	at org.apache.ratis.grpc.server.GrpcServerProtocolService$1.process(GrpcServerProtocolService.java:323)
	at org.apache.ratis.grpc.server.GrpcServerProtocolService$ServerRequestStreamObserver.onNext(GrpcServerProtocolService.java:187)
	at org.apache.ratis.thirdparty.io.grpc.stub.ServerCalls$StreamingServerCallHandler$StreamingServerCallListener.onMessage(ServerCalls.java:262)
	at org.apache.ratis.thirdparty.io.grpc.internal.ServerCallImpl$ServerStreamListenerImpl.messagesAvailableInternal(ServerCallImpl.java:334)
	at org.apache.ratis.thirdparty.io.grpc.internal.ServerCallImpl$ServerStreamListenerImpl.messagesAvailable(ServerCallImpl.java:319)
	at org.apache.ratis.thirdparty.io.grpc.internal.ServerImpl$JumpToApplicationThreadServerStreamListener$1MessagesAvailable.runInContext(ServerImpl.java:834)
	at org.apache.ratis.thirdparty.io.grpc.internal.ContextRunnable.run(ContextRunnable.java:37)
	at org.apache.ratis.thirdparty.io.grpc.internal.SerializingExecutor.run(SerializingExecutor.java:133)
	at java.util.concurrent.ThreadPoolExecutor.runWorker(ThreadPoolExecutor.java:1149)
	at java.util.concurrent.ThreadPoolExecutor$Worker.run(ThreadPoolExecutor.java:624)
	at java.lang.Thread.run(Thread.java:750)
Caused by: java.lang.IllegalStateException: s0@group-23107F7972FE-SegmentedRaftLog is expected to be opened but it is CLOSED
	at org.apache.ratis.util.OpenCloseState.assertOpen(OpenCloseState.java:63)
	at org.apache.ratis.server.raftlog.RaftLogBase.checkLogState(RaftLogBase.java:115)
	at org.apache.ratis.server.raftlog.segmented.SegmentedRaftLog.appendImpl(SegmentedRaftLog.java:494)
	at org.apache.ratis.server.raftlog.RaftLogBase.lambda$append$11(RaftLogBase.java:366)
	at org.apache.ratis.server.raftlog.RaftLogSequentialOps$Runner.runSequentially(RaftLogSequentialOps.java:71)
	at org.apache.ratis.server.raftlog.RaftLogBase.append(RaftLogBase.java:366)
	at org.apache.ratis.server.impl.RaftServerImpl.lambda$null$40(RaftServerImpl.java:1702)
	at java.util.concurrent.CompletableFuture.uniComposeStage(CompletableFuture.java:995)
	... 23 more
Caused by: org.apache.ratis.util.OpenCloseState$CloseTrace: Close s0@group-23107F7972FE-SegmentedRaftLog
	at org.apache.ratis.util.OpenCloseState.lambda$close$1(OpenCloseState.java:109)
	at java.util.concurrent.atomic.AtomicReference.getAndUpdate(AtomicReference.java:160)
	at org.apache.ratis.util.OpenCloseState.close(OpenCloseState.java:109)
	at org.apache.ratis.server.raftlog.RaftLogBase.close(RaftLogBase.java:407)
	at org.apache.ratis.server.raftlog.segmented.SegmentedRaftLog.close(SegmentedRaftLog.java:570)
	at org.apache.ratis.server.impl.ServerState.close(ServerState.java:434)
	at org.apache.ratis.server.impl.RaftServerImpl.lambda$close$1(RaftServerImpl.java:552)
	at org.apache.ratis.util.LifeCycle.lambda$checkStateAndClose$7(LifeCycle.java:306)
	at org.apache.ratis.util.LifeCycle.checkStateAndClose(LifeCycle.java:326)
	at org.apache.ratis.util.LifeCycle.checkStateAndClose(LifeCycle.java:304)
	at org.apache.ratis.server.impl.RaftServerImpl.close(RaftServerImpl.java:529)
	at org.apache.ratis.server.impl.RaftServerProxy$ImplMap.close(RaftServerProxy.java:137)
	at org.apache.ratis.server.impl.RaftServerProxy$ImplMap.lambda$close$0(RaftServerProxy.java:124)
	at org.apache.ratis.util.ConcurrentUtils.accept(ConcurrentUtils.java:203)
	at org.apache.ratis.util.ConcurrentUtils.lambda$null$4(ConcurrentUtils.java:182)
	... 3 more
2025-02-26 08:18:32,293 [grpc-default-executor-4] ERROR server.RaftServer$Division (RaftServerImpl.java:appendEntriesAsync(1550)) - s0@group-23107F7972FE: Failed appendEntries* s1->s0#14-t1,previous=(t:0, i:0),leaderCommit=0,initializing? false,HEARTBEAT
org.apache.ratis.protocol.exceptions.ServerNotReadyException: s0@group-23107F7972FE is not in [STARTING, RUNNING]: current state is CLOSING
	at org.apache.ratis.server.impl.RaftServerImpl.lambda$assertLifeCycleState$7(RaftServerImpl.java:821)
	at org.apache.ratis.util.LifeCycle.assertCurrentState(LifeCycle.java:260)
	at org.apache.ratis.server.impl.RaftServerImpl.assertLifeCycleState(RaftServerImpl.java:820)
	at org.apache.ratis.server.impl.RaftServerImpl.appendEntriesAsync(RaftServerImpl.java:1541)
	at org.apache.ratis.server.impl.RaftServerProxy.lambda$null$28(RaftServerProxy.java:657)
	at org.apache.ratis.util.JavaUtils.callAsUnchecked(JavaUtils.java:118)
	at org.apache.ratis.server.impl.RaftServerProxy.lambda$appendEntriesAsync$29(RaftServerProxy.java:656)
	at java.util.concurrent.CompletableFuture.uniComposeStage(CompletableFuture.java:995)
	at java.util.concurrent.CompletableFuture.thenCompose(CompletableFuture.java:2137)
	at org.apache.ratis.server.impl.RaftServerProxy.appendEntriesAsync(RaftServerProxy.java:656)
	at org.apache.ratis.grpc.server.GrpcServerProtocolService$1.process(GrpcServerProtocolService.java:323)
	at org.apache.ratis.grpc.server.GrpcServerProtocolService$ServerRequestStreamObserver.onNext(GrpcServerProtocolService.java:172)
	at org.apache.ratis.thirdparty.io.grpc.stub.ServerCalls$StreamingServerCallHandler$StreamingServerCallListener.onMessage(ServerCalls.java:262)
	at org.apache.ratis.thirdparty.io.grpc.internal.ServerCallImpl$ServerStreamListenerImpl.messagesAvailableInternal(ServerCallImpl.java:334)
	at org.apache.ratis.thirdparty.io.grpc.internal.ServerCallImpl$ServerStreamListenerImpl.messagesAvailable(ServerCallImpl.java:319)
	at org.apache.ratis.thirdparty.io.grpc.internal.ServerImpl$JumpToApplicationThreadServerStreamListener$1MessagesAvailable.runInContext(ServerImpl.java:834)
	at org.apache.ratis.thirdparty.io.grpc.internal.ContextRunnable.run(ContextRunnable.java:37)
	at org.apache.ratis.thirdparty.io.grpc.internal.SerializingExecutor.run(SerializingExecutor.java:133)
	at java.util.concurrent.ThreadPoolExecutor.runWorker(ThreadPoolExecutor.java:1149)
	at java.util.concurrent.ThreadPoolExecutor$Worker.run(ThreadPoolExecutor.java:624)
	at java.lang.Thread.run(Thread.java:750)
2025-02-26 08:18:32,298 [grpc-default-executor-5] ERROR server.RaftServer$Division (RaftServerImpl.java:appendEntriesAsync(1550)) - s2@group-23107F7972FE: Failed appendEntries* s1->s2#14-t1,previous=(t:0, i:0),leaderCommit=0,initializing? false,HEARTBEAT
org.apache.ratis.protocol.exceptions.ServerNotReadyException: s2@group-23107F7972FE is not in [STARTING, RUNNING]: current state is CLOSING
	at org.apache.ratis.server.impl.RaftServerImpl.lambda$assertLifeCycleState$7(RaftServerImpl.java:821)
	at org.apache.ratis.util.LifeCycle.assertCurrentState(LifeCycle.java:260)
	at org.apache.ratis.server.impl.RaftServerImpl.assertLifeCycleState(RaftServerImpl.java:820)
	at org.apache.ratis.server.impl.RaftServerImpl.appendEntriesAsync(RaftServerImpl.java:1541)
	at org.apache.ratis.server.impl.RaftServerProxy.lambda$null$28(RaftServerProxy.java:657)
	at org.apache.ratis.util.JavaUtils.callAsUnchecked(JavaUtils.java:118)
	at org.apache.ratis.server.impl.RaftServerProxy.lambda$appendEntriesAsync$29(RaftServerProxy.java:656)
	at java.util.concurrent.CompletableFuture.uniComposeStage(CompletableFuture.java:995)
	at java.util.concurrent.CompletableFuture.thenCompose(CompletableFuture.java:2137)
	at org.apache.ratis.server.impl.RaftServerProxy.appendEntriesAsync(RaftServerProxy.java:656)
	at org.apache.ratis.grpc.server.GrpcServerProtocolService$1.process(GrpcServerProtocolService.java:323)
	at org.apache.ratis.grpc.server.GrpcServerProtocolService$ServerRequestStreamObserver.onNext(GrpcServerProtocolService.java:172)
	at org.apache.ratis.thirdparty.io.grpc.stub.ServerCalls$StreamingServerCallHandler$StreamingServerCallListener.onMessage(ServerCalls.java:262)
	at org.apache.ratis.thirdparty.io.grpc.internal.ServerCallImpl$ServerStreamListenerImpl.messagesAvailableInternal(ServerCallImpl.java:334)
	at org.apache.ratis.thirdparty.io.grpc.internal.ServerCallImpl$ServerStreamListenerImpl.messagesAvailable(ServerCallImpl.java:319)
	at org.apache.ratis.thirdparty.io.grpc.internal.ServerImpl$JumpToApplicationThreadServerStreamListener$1MessagesAvailable.runInContext(ServerImpl.java:834)
	at org.apache.ratis.thirdparty.io.grpc.internal.ContextRunnable.run(ContextRunnable.java:37)
	at org.apache.ratis.thirdparty.io.grpc.internal.SerializingExecutor.run(SerializingExecutor.java:133)
	at java.util.concurrent.ThreadPoolExecutor.runWorker(ThreadPoolExecutor.java:1149)
	at java.util.concurrent.ThreadPoolExecutor$Worker.run(ThreadPoolExecutor.java:624)
	at java.lang.Thread.run(Thread.java:750)
2025-02-26 08:18:32,298 [MiniRaftCluster-61] INFO  server.GrpcServicesImpl (GrpcServicesImpl.java:closeImpl(371)) - s0: shutdown server org.apache.ratis.grpc.server.GrpcClientProtocolService successfully
2025-02-26 08:18:32,299 [MiniRaftCluster-61] INFO  server.GrpcServicesImpl (GrpcServicesImpl.java:closeImpl(362)) - s0: shutdown server GrpcServerProtocolService now
2025-02-26 08:18:32,299 [grpc-default-executor-5] ERROR server.RaftServer$Division (RaftServerImpl.java:appendEntriesAsync(1550)) - s2@group-23107F7972FE: Failed appendEntries* s1->s2#15-t1,previous=(t:0, i:0),leaderCommit=0,initializing? false,HEARTBEAT
org.apache.ratis.protocol.exceptions.ServerNotReadyException: s2@group-23107F7972FE is not in [STARTING, RUNNING]: current state is CLOSING
	at org.apache.ratis.server.impl.RaftServerImpl.lambda$assertLifeCycleState$7(RaftServerImpl.java:821)
	at org.apache.ratis.util.LifeCycle.assertCurrentState(LifeCycle.java:260)
	at org.apache.ratis.server.impl.RaftServerImpl.assertLifeCycleState(RaftServerImpl.java:820)
	at org.apache.ratis.server.impl.RaftServerImpl.appendEntriesAsync(RaftServerImpl.java:1541)
	at org.apache.ratis.server.impl.RaftServerProxy.lambda$null$28(RaftServerProxy.java:657)
	at org.apache.ratis.util.JavaUtils.callAsUnchecked(JavaUtils.java:118)
	at org.apache.ratis.server.impl.RaftServerProxy.lambda$appendEntriesAsync$29(RaftServerProxy.java:656)
	at java.util.concurrent.CompletableFuture.uniComposeStage(CompletableFuture.java:995)
	at java.util.concurrent.CompletableFuture.thenCompose(CompletableFuture.java:2137)
	at org.apache.ratis.server.impl.RaftServerProxy.appendEntriesAsync(RaftServerProxy.java:656)
	at org.apache.ratis.grpc.server.GrpcServerProtocolService$1.process(GrpcServerProtocolService.java:323)
	at org.apache.ratis.grpc.server.GrpcServerProtocolService$ServerRequestStreamObserver.onNext(GrpcServerProtocolService.java:172)
	at org.apache.ratis.thirdparty.io.grpc.stub.ServerCalls$StreamingServerCallHandler$StreamingServerCallListener.onMessage(ServerCalls.java:262)
	at org.apache.ratis.thirdparty.io.grpc.internal.ServerCallImpl$ServerStreamListenerImpl.messagesAvailableInternal(ServerCallImpl.java:334)
	at org.apache.ratis.thirdparty.io.grpc.internal.ServerCallImpl$ServerStreamListenerImpl.messagesAvailable(ServerCallImpl.java:319)
	at org.apache.ratis.thirdparty.io.grpc.internal.ServerImpl$JumpToApplicationThreadServerStreamListener$1MessagesAvailable.runInContext(ServerImpl.java:834)
	at org.apache.ratis.thirdparty.io.grpc.internal.ContextRunnable.run(ContextRunnable.java:37)
	at org.apache.ratis.thirdparty.io.grpc.internal.SerializingExecutor.run(SerializingExecutor.java:133)
	at java.util.concurrent.ThreadPoolExecutor.runWorker(ThreadPoolExecutor.java:1149)
	at java.util.concurrent.ThreadPoolExecutor$Worker.run(ThreadPoolExecutor.java:624)
	at java.lang.Thread.run(Thread.java:750)
2025-02-26 08:18:32,297 [grpc-default-executor-6] INFO  server.GrpcLogAppender (GrpcLogAppender.java:onError(557)) - s1@group-23107F7972FE->s4-GrpcLogAppender is already stopped
2025-02-26 08:18:32,300 [grpc-default-executor-5] ERROR server.RaftServer$Division (RaftServerImpl.java:appendEntriesAsync(1550)) - s2@group-23107F7972FE: Failed appendEntries* s1->s2#16-t1,previous=(t:0, i:0),leaderCommit=0,initializing? false,HEARTBEAT
org.apache.ratis.protocol.exceptions.ServerNotReadyException: s2@group-23107F7972FE is not in [STARTING, RUNNING]: current state is CLOSING
	at org.apache.ratis.server.impl.RaftServerImpl.lambda$assertLifeCycleState$7(RaftServerImpl.java:821)
	at org.apache.ratis.util.LifeCycle.assertCurrentState(LifeCycle.java:260)
	at org.apache.ratis.server.impl.RaftServerImpl.assertLifeCycleState(RaftServerImpl.java:820)
	at org.apache.ratis.server.impl.RaftServerImpl.appendEntriesAsync(RaftServerImpl.java:1541)
	at org.apache.ratis.server.impl.RaftServerProxy.lambda$null$28(RaftServerProxy.java:657)
	at org.apache.ratis.util.JavaUtils.callAsUnchecked(JavaUtils.java:118)
	at org.apache.ratis.server.impl.RaftServerProxy.lambda$appendEntriesAsync$29(RaftServerProxy.java:656)
	at java.util.concurrent.CompletableFuture.uniComposeStage(CompletableFuture.java:995)
	at java.util.concurrent.CompletableFuture.thenCompose(CompletableFuture.java:2137)
	at org.apache.ratis.server.impl.RaftServerProxy.appendEntriesAsync(RaftServerProxy.java:656)
	at org.apache.ratis.grpc.server.GrpcServerProtocolService$1.process(GrpcServerProtocolService.java:323)
	at org.apache.ratis.grpc.server.GrpcServerProtocolService$ServerRequestStreamObserver.onNext(GrpcServerProtocolService.java:172)
	at org.apache.ratis.thirdparty.io.grpc.stub.ServerCalls$StreamingServerCallHandler$StreamingServerCallListener.onMessage(ServerCalls.java:262)
	at org.apache.ratis.thirdparty.io.grpc.internal.ServerCallImpl$ServerStreamListenerImpl.messagesAvailableInternal(ServerCallImpl.java:334)
	at org.apache.ratis.thirdparty.io.grpc.internal.ServerCallImpl$ServerStreamListenerImpl.messagesAvailable(ServerCallImpl.java:319)
	at org.apache.ratis.thirdparty.io.grpc.internal.ServerImpl$JumpToApplicationThreadServerStreamListener$1MessagesAvailable.runInContext(ServerImpl.java:834)
	at org.apache.ratis.thirdparty.io.grpc.internal.ContextRunnable.run(ContextRunnable.java:37)
	at org.apache.ratis.thirdparty.io.grpc.internal.SerializingExecutor.run(SerializingExecutor.java:133)
	at java.util.concurrent.ThreadPoolExecutor.runWorker(ThreadPoolExecutor.java:1149)
	at java.util.concurrent.ThreadPoolExecutor$Worker.run(ThreadPoolExecutor.java:624)
	at java.lang.Thread.run(Thread.java:750)
2025-02-26 08:18:32,300 [grpc-default-executor-9] WARN  server.GrpcServerProtocolService (LogUtils.java:warn(127)) - s0: APPEND_ENTRIES onError, lastRequest: s1->s0#13-t1,previous=(t:1, i:2),leaderCommit=2,initializing? false,entries: size=1, first=(t:1, i:3), CONFIGURATIONENTRY(current:id:"s3"address:"0.0.0.0:15244"clientAddress:"0.0.0.0:15246"adminAddress:"0.0.0.0:15245"startupRole:FOLLOWER, id:"s4"address:"0.0.0.0:15248"clientAddress:"0.0.0.0:15250"adminAddress:"0.0.0.0:15249"startupRole:FOLLOWER, id:"s0"address:"localhost:15232"dataStreamAddress:"localhost:15235"clientAddress:"localhost:15234"adminAddress:"localhost:15233"startupRole:FOLLOWER, id:"s1"address:"localhost:15236"dataStreamAddress:"localhost:15239"clientAddress:"localhost:15238"adminAddress:"localhost:15237"startupRole:FOLLOWER, id:"s2"address:"localhost:15240"dataStreamAddress:"localhost:15243"clientAddress:"localhost:15242"adminAddress:"localhost:15241"startupRole:FOLLOWER, old:id:"s0"address:"localhost:15232"dataStreamAddress:"localhost:15235"clientAddress:"localhost:15234"adminAddress:"localhost:15233"startupRole:FOLLOWER, id:"s1"address:"localhost:15236"dataStreamAddress:"localhost:15239"clientAddress:"localhost:15238"adminAddress:"localhost:15237"startupRole:FOLLOWER, id:"s2"address:"localhost:15240"dataStreamAddress:"localhost:15243"clientAddress:"localhost:15242"adminAddress:"localhost:15241"startupRole:FOLLOWER): org.apache.ratis.thirdparty.io.grpc.StatusRuntimeException: CANCELLED: client cancelled
2025-02-26 08:18:32,301 [grpc-default-executor-9] ERROR server.RaftServer$Division (RaftServerImpl.java:appendEntriesAsync(1550)) - s2@group-23107F7972FE: Failed appendEntries* s1->s2#17-t1,previous=(t:0, i:0),leaderCommit=0,initializing? false,HEARTBEAT
org.apache.ratis.protocol.exceptions.ServerNotReadyException: s2@group-23107F7972FE is not in [STARTING, RUNNING]: current state is CLOSING
	at org.apache.ratis.server.impl.RaftServerImpl.lambda$assertLifeCycleState$7(RaftServerImpl.java:821)
	at org.apache.ratis.util.LifeCycle.assertCurrentState(LifeCycle.java:260)
	at org.apache.ratis.server.impl.RaftServerImpl.assertLifeCycleState(RaftServerImpl.java:820)
	at org.apache.ratis.server.impl.RaftServerImpl.appendEntriesAsync(RaftServerImpl.java:1541)
	at org.apache.ratis.server.impl.RaftServerProxy.lambda$null$28(RaftServerProxy.java:657)
	at org.apache.ratis.util.JavaUtils.callAsUnchecked(JavaUtils.java:118)
	at org.apache.ratis.server.impl.RaftServerProxy.lambda$appendEntriesAsync$29(RaftServerProxy.java:656)
	at java.util.concurrent.CompletableFuture.uniComposeStage(CompletableFuture.java:995)
	at java.util.concurrent.CompletableFuture.thenCompose(CompletableFuture.java:2137)
	at org.apache.ratis.server.impl.RaftServerProxy.appendEntriesAsync(RaftServerProxy.java:656)
	at org.apache.ratis.grpc.server.GrpcServerProtocolService$1.process(GrpcServerProtocolService.java:323)
	at org.apache.ratis.grpc.server.GrpcServerProtocolService$ServerRequestStreamObserver.onNext(GrpcServerProtocolService.java:172)
	at org.apache.ratis.thirdparty.io.grpc.stub.ServerCalls$StreamingServerCallHandler$StreamingServerCallListener.onMessage(ServerCalls.java:262)
	at org.apache.ratis.thirdparty.io.grpc.internal.ServerCallImpl$ServerStreamListenerImpl.messagesAvailableInternal(ServerCallImpl.java:334)
	at org.apache.ratis.thirdparty.io.grpc.internal.ServerCallImpl$ServerStreamListenerImpl.messagesAvailable(ServerCallImpl.java:319)
	at org.apache.ratis.thirdparty.io.grpc.internal.ServerImpl$JumpToApplicationThreadServerStreamListener$1MessagesAvailable.runInContext(ServerImpl.java:834)
	at org.apache.ratis.thirdparty.io.grpc.internal.ContextRunnable.run(ContextRunnable.java:37)
	at org.apache.ratis.thirdparty.io.grpc.internal.SerializingExecutor.run(SerializingExecutor.java:133)
	at java.util.concurrent.ThreadPoolExecutor.runWorker(ThreadPoolExecutor.java:1149)
	at java.util.concurrent.ThreadPoolExecutor$Worker.run(ThreadPoolExecutor.java:624)
	at java.lang.Thread.run(Thread.java:750)
2025-02-26 08:18:32,297 [grpc-default-executor-7] WARN  server.GrpcServerProtocolService (LogUtils.java:warn(127)) - s4: APPEND_ENTRIES onError, lastRequest: s1->s4#3-t1,previous=(t:1, i:2),leaderCommit=2,initializing? false,entries: size=1, first=(t:1, i:3), CONFIGURATIONENTRY(current:id:"s3"address:"0.0.0.0:15244"clientAddress:"0.0.0.0:15246"adminAddress:"0.0.0.0:15245"startupRole:FOLLOWER, id:"s4"address:"0.0.0.0:15248"clientAddress:"0.0.0.0:15250"adminAddress:"0.0.0.0:15249"startupRole:FOLLOWER, id:"s0"address:"localhost:15232"dataStreamAddress:"localhost:15235"clientAddress:"localhost:15234"adminAddress:"localhost:15233"startupRole:FOLLOWER, id:"s1"address:"localhost:15236"dataStreamAddress:"localhost:15239"clientAddress:"localhost:15238"adminAddress:"localhost:15237"startupRole:FOLLOWER, id:"s2"address:"localhost:15240"dataStreamAddress:"localhost:15243"clientAddress:"localhost:15242"adminAddress:"localhost:15241"startupRole:FOLLOWER, old:id:"s0"address:"localhost:15232"dataStreamAddress:"localhost:15235"clientAddress:"localhost:15234"adminAddress:"localhost:15233"startupRole:FOLLOWER, id:"s1"address:"localhost:15236"dataStreamAddress:"localhost:15239"clientAddress:"localhost:15238"adminAddress:"localhost:15237"startupRole:FOLLOWER, id:"s2"address:"localhost:15240"dataStreamAddress:"localhost:15243"clientAddress:"localhost:15242"adminAddress:"localhost:15241"startupRole:FOLLOWER): org.apache.ratis.thirdparty.io.grpc.StatusRuntimeException: CANCELLED: client cancelled
2025-02-26 08:18:32,297 [s3-impl-thread1] INFO  raftlog.RaftLog (SegmentedRaftLog.java:close(569)) - Start closing s3@group-23107F7972FE-SegmentedRaftLog:OPENED:c2:last(t:1, i:3)
2025-02-26 08:18:32,297 [MiniRaftCluster-60] INFO  server.GrpcServicesImpl (GrpcServicesImpl.java:closeImpl(371)) - s4: shutdown server GrpcServerProtocolService successfully
2025-02-26 08:18:32,302 [MiniRaftCluster-60] INFO  server.GrpcServicesImpl (GrpcServicesImpl.java:closeImpl(362)) - s4: shutdown server org.apache.ratis.grpc.server.GrpcAdminProtocolService now
2025-02-26 08:18:32,302 [grpc-default-executor-9] ERROR server.RaftServer$Division (RaftServerImpl.java:appendEntriesAsync(1550)) - s2@group-23107F7972FE: Failed appendEntries* s1->s2#18-t1,previous=(t:0, i:0),leaderCommit=0,initializing? false,HEARTBEAT
org.apache.ratis.protocol.exceptions.ServerNotReadyException: s2@group-23107F7972FE is not in [STARTING, RUNNING]: current state is CLOSING
	at org.apache.ratis.server.impl.RaftServerImpl.lambda$assertLifeCycleState$7(RaftServerImpl.java:821)
	at org.apache.ratis.util.LifeCycle.assertCurrentState(LifeCycle.java:260)
	at org.apache.ratis.server.impl.RaftServerImpl.assertLifeCycleState(RaftServerImpl.java:820)
	at org.apache.ratis.server.impl.RaftServerImpl.appendEntriesAsync(RaftServerImpl.java:1541)
	at org.apache.ratis.server.impl.RaftServerProxy.lambda$null$28(RaftServerProxy.java:657)
	at org.apache.ratis.util.JavaUtils.callAsUnchecked(JavaUtils.java:118)
	at org.apache.ratis.server.impl.RaftServerProxy.lambda$appendEntriesAsync$29(RaftServerProxy.java:656)
	at java.util.concurrent.CompletableFuture.uniComposeStage(CompletableFuture.java:995)
	at java.util.concurrent.CompletableFuture.thenCompose(CompletableFuture.java:2137)
	at org.apache.ratis.server.impl.RaftServerProxy.appendEntriesAsync(RaftServerProxy.java:656)
	at org.apache.ratis.grpc.server.GrpcServerProtocolService$1.process(GrpcServerProtocolService.java:323)
	at org.apache.ratis.grpc.server.GrpcServerProtocolService$ServerRequestStreamObserver.onNext(GrpcServerProtocolService.java:172)
	at org.apache.ratis.thirdparty.io.grpc.stub.ServerCalls$StreamingServerCallHandler$StreamingServerCallListener.onMessage(ServerCalls.java:262)
	at org.apache.ratis.thirdparty.io.grpc.internal.ServerCallImpl$ServerStreamListenerImpl.messagesAvailableInternal(ServerCallImpl.java:334)
	at org.apache.ratis.thirdparty.io.grpc.internal.ServerCallImpl$ServerStreamListenerImpl.messagesAvailable(ServerCallImpl.java:319)
	at org.apache.ratis.thirdparty.io.grpc.internal.ServerImpl$JumpToApplicationThreadServerStreamListener$1MessagesAvailable.runInContext(ServerImpl.java:834)
	at org.apache.ratis.thirdparty.io.grpc.internal.ContextRunnable.run(ContextRunnable.java:37)
	at org.apache.ratis.thirdparty.io.grpc.internal.SerializingExecutor.run(SerializingExecutor.java:133)
	at java.util.concurrent.ThreadPoolExecutor.runWorker(ThreadPoolExecutor.java:1149)
	at java.util.concurrent.ThreadPoolExecutor$Worker.run(ThreadPoolExecutor.java:624)
	at java.lang.Thread.run(Thread.java:750)
2025-02-26 08:18:32,297 [s4@group-23107F7972FE-cacheEviction-AwaitToRun] INFO  util.AwaitToRun (AwaitToRun.java:run(49)) - s4@group-23107F7972FE-cacheEviction-AwaitToRun-AwaitForSignal is interrupted
2025-02-26 08:18:32,297 [s2@group-23107F7972FE-StateMachineUpdater] INFO  impl.StateMachineUpdater (StateMachineUpdater.java:stop(139)) - s2@group-23107F7972FE-StateMachineUpdater: closing BaseStateMachine, lastApplied=(t:1, i:1)
2025-02-26 08:18:32,297 [s2-impl-thread1] INFO  impl.StateMachineUpdater (StateMachineUpdater.java:stopAndJoin(162)) - s2@group-23107F7972FE-StateMachineUpdater: set stopIndex = 1
2025-02-26 08:18:32,297 [grpc-default-executor-0] INFO  server.GrpcLogAppender (GrpcLogAppender.java:onError(557)) - s1@group-23107F7972FE->s4-GrpcLogAppender is already stopped
2025-02-26 08:18:32,296 [grpc-default-executor-2] INFO  server.RaftServer$Division (ServerState.java:setRaftConf(386)) - s2@group-23107F7972FE: set configuration conf: {index: 3, cur=peers:[s3|0.0.0.0:15244, s4|0.0.0.0:15248, s0|localhost:15232, s1|localhost:15236, s2|localhost:15240]|listeners:[], old=peers:[s0|localhost:15232, s1|localhost:15236, s2|localhost:15240]|listeners:[]}
2025-02-26 08:18:32,296 [MiniRaftCluster-59] INFO  server.GrpcServicesImpl (GrpcServicesImpl.java:closeImpl(371)) - s3: shutdown server org.apache.ratis.grpc.server.GrpcClientProtocolService successfully
2025-02-26 08:18:32,303 [MiniRaftCluster-59] INFO  server.GrpcServicesImpl (GrpcServicesImpl.java:closeImpl(362)) - s3: shutdown server GrpcServerProtocolService now
2025-02-26 08:18:32,296 [s3@group-23107F7972FE-FollowerState] INFO  impl.FollowerState (FollowerState.java:runImpl(170)) - s3@group-23107F7972FE-FollowerState was interrupted
2025-02-26 08:18:32,302 [s2-impl-thread1] INFO  raftlog.RaftLog (SegmentedRaftLog.java:close(569)) - Start closing s2@group-23107F7972FE-SegmentedRaftLog:OPENED:c1:last(t:1, i:2)
2025-02-26 08:18:32,302 [s4-impl-thread1] INFO  segmented.LogSegment (LogSegment.java:close(350)) - Successfully closed EntryCache-log_inprogress_0
2025-02-26 08:18:32,302 [grpc-default-executor-9] ERROR server.RaftServer$Division (RaftServerImpl.java:appendEntriesAsync(1550)) - s2@group-23107F7972FE: Failed appendEntries* s1->s2#19-t1,previous=(t:0, i:0),leaderCommit=0,initializing? false,HEARTBEAT
org.apache.ratis.protocol.exceptions.ServerNotReadyException: s2@group-23107F7972FE is not in [STARTING, RUNNING]: current state is CLOSING
	at org.apache.ratis.server.impl.RaftServerImpl.lambda$assertLifeCycleState$7(RaftServerImpl.java:821)
	at org.apache.ratis.util.LifeCycle.assertCurrentState(LifeCycle.java:260)
	at org.apache.ratis.server.impl.RaftServerImpl.assertLifeCycleState(RaftServerImpl.java:820)
	at org.apache.ratis.server.impl.RaftServerImpl.appendEntriesAsync(RaftServerImpl.java:1541)
	at org.apache.ratis.server.impl.RaftServerProxy.lambda$null$28(RaftServerProxy.java:657)
	at org.apache.ratis.util.JavaUtils.callAsUnchecked(JavaUtils.java:118)
	at org.apache.ratis.server.impl.RaftServerProxy.lambda$appendEntriesAsync$29(RaftServerProxy.java:656)
	at java.util.concurrent.CompletableFuture.uniComposeStage(CompletableFuture.java:995)
	at java.util.concurrent.CompletableFuture.thenCompose(CompletableFuture.java:2137)
	at org.apache.ratis.server.impl.RaftServerProxy.appendEntriesAsync(RaftServerProxy.java:656)
	at org.apache.ratis.grpc.server.GrpcServerProtocolService$1.process(GrpcServerProtocolService.java:323)
	at org.apache.ratis.grpc.server.GrpcServerProtocolService$ServerRequestStreamObserver.onNext(GrpcServerProtocolService.java:172)
	at org.apache.ratis.thirdparty.io.grpc.stub.ServerCalls$StreamingServerCallHandler$StreamingServerCallListener.onMessage(ServerCalls.java:262)
	at org.apache.ratis.thirdparty.io.grpc.internal.ServerCallImpl$ServerStreamListenerImpl.messagesAvailableInternal(ServerCallImpl.java:334)
	at org.apache.ratis.thirdparty.io.grpc.internal.ServerCallImpl$ServerStreamListenerImpl.messagesAvailable(ServerCallImpl.java:319)
	at org.apache.ratis.thirdparty.io.grpc.internal.ServerImpl$JumpToApplicationThreadServerStreamListener$1MessagesAvailable.runInContext(ServerImpl.java:834)
	at org.apache.ratis.thirdparty.io.grpc.internal.ContextRunnable.run(ContextRunnable.java:37)
	at org.apache.ratis.thirdparty.io.grpc.internal.SerializingExecutor.run(SerializingExecutor.java:133)
	at java.util.concurrent.ThreadPoolExecutor.runWorker(ThreadPoolExecutor.java:1149)
	at java.util.concurrent.ThreadPoolExecutor$Worker.run(ThreadPoolExecutor.java:624)
	at java.lang.Thread.run(Thread.java:750)
2025-02-26 08:18:32,302 [MiniRaftCluster-60] INFO  server.GrpcServicesImpl (GrpcServicesImpl.java:closeImpl(371)) - s4: shutdown server org.apache.ratis.grpc.server.GrpcAdminProtocolService successfully
2025-02-26 08:18:32,302 [s3@group-23107F7972FE-cacheEviction-AwaitToRun] INFO  util.AwaitToRun (AwaitToRun.java:run(49)) - s3@group-23107F7972FE-cacheEviction-AwaitToRun-AwaitForSignal is interrupted
2025-02-26 08:18:32,301 [grpc-default-executor-8] INFO  server.GrpcLogAppender (GrpcLogAppender.java:onError(557)) - s1@group-23107F7972FE->s0-GrpcLogAppender is already stopped
2025-02-26 08:18:32,301 [MiniRaftCluster-61] INFO  server.GrpcServicesImpl (GrpcServicesImpl.java:closeImpl(371)) - s0: shutdown server GrpcServerProtocolService successfully
2025-02-26 08:18:32,305 [MiniRaftCluster-61] INFO  server.GrpcServicesImpl (GrpcServicesImpl.java:closeImpl(362)) - s0: shutdown server org.apache.ratis.grpc.server.GrpcAdminProtocolService now
2025-02-26 08:18:32,305 [MiniRaftCluster-61] INFO  server.GrpcServicesImpl (GrpcServicesImpl.java:closeImpl(371)) - s0: shutdown server org.apache.ratis.grpc.server.GrpcAdminProtocolService successfully
2025-02-26 08:18:32,301 [grpc-default-executor-6] INFO  server.GrpcLogAppender (GrpcLogAppender.java:onError(557)) - s1@group-23107F7972FE->s0-GrpcLogAppender is already stopped
2025-02-26 08:18:32,301 [MiniRaftCluster-63] INFO  server.GrpcServicesImpl (GrpcServicesImpl.java:closeImpl(371)) - s2: shutdown server org.apache.ratis.grpc.server.GrpcClientProtocolService successfully
2025-02-26 08:18:32,305 [MiniRaftCluster-63] INFO  server.GrpcServicesImpl (GrpcServicesImpl.java:closeImpl(362)) - s2: shutdown server GrpcServerProtocolService now
2025-02-26 08:18:32,301 [s2@group-23107F7972FE-LeaderElection90] INFO  impl.LeaderElection (LogUtils.java:infoOrTrace(142)) - s2@group-23107F7972FE-LeaderElection90 got exception when requesting votes: java.util.concurrent.ExecutionException: org.apache.ratis.thirdparty.io.grpc.StatusRuntimeException: CANCELLED: RST_STREAM closed stream. HTTP/2 error code: CANCEL
2025-02-26 08:18:32,305 [s2@group-23107F7972FE-LeaderElection90] INFO  impl.LeaderElection (LeaderElection.java:logAndReturn(90)) - s2@group-23107F7972FE-LeaderElection90: PRE_VOTE REJECTED received 1 response(s) and 1 exception(s):
2025-02-26 08:18:32,305 [s2@group-23107F7972FE-LeaderElection90] INFO  impl.LeaderElection (LeaderElection.java:logAndReturn(94)) -   Response 0: s2<-s1#0:FAIL-t1
2025-02-26 08:18:32,305 [s2@group-23107F7972FE-LeaderElection90] INFO  impl.LeaderElection (LogUtils.java:infoOrTrace(142)) -   Exception 1: java.util.concurrent.ExecutionException: org.apache.ratis.thirdparty.io.grpc.StatusRuntimeException: CANCELLED: RST_STREAM closed stream. HTTP/2 error code: CANCEL
2025-02-26 08:18:32,305 [s2@group-23107F7972FE-LeaderElection90] INFO  impl.LeaderElection (LeaderElection.java:askForVotes(334)) - s2@group-23107F7972FE-LeaderElection90 PRE_VOTE round 0: result REJECTED
2025-02-26 08:18:32,299 [grpc-default-executor-4] ERROR server.RaftServer$Division (RaftServerImpl.java:appendEntriesAsync(1550)) - s0@group-23107F7972FE: Failed appendEntries* s1->s0#15-t1,previous=(t:0, i:0),leaderCommit=0,initializing? false,HEARTBEAT
org.apache.ratis.protocol.exceptions.ServerNotReadyException: s0@group-23107F7972FE is not in [STARTING, RUNNING]: current state is CLOSING
	at org.apache.ratis.server.impl.RaftServerImpl.lambda$assertLifeCycleState$7(RaftServerImpl.java:821)
	at org.apache.ratis.util.LifeCycle.assertCurrentState(LifeCycle.java:260)
	at org.apache.ratis.server.impl.RaftServerImpl.assertLifeCycleState(RaftServerImpl.java:820)
	at org.apache.ratis.server.impl.RaftServerImpl.appendEntriesAsync(RaftServerImpl.java:1541)
	at org.apache.ratis.server.impl.RaftServerProxy.lambda$null$28(RaftServerProxy.java:657)
	at org.apache.ratis.util.JavaUtils.callAsUnchecked(JavaUtils.java:118)
	at org.apache.ratis.server.impl.RaftServerProxy.lambda$appendEntriesAsync$29(RaftServerProxy.java:656)
	at java.util.concurrent.CompletableFuture.uniComposeStage(CompletableFuture.java:995)
	at java.util.concurrent.CompletableFuture.thenCompose(CompletableFuture.java:2137)
	at org.apache.ratis.server.impl.RaftServerProxy.appendEntriesAsync(RaftServerProxy.java:656)
	at org.apache.ratis.grpc.server.GrpcServerProtocolService$1.process(GrpcServerProtocolService.java:323)
	at org.apache.ratis.grpc.server.GrpcServerProtocolService$ServerRequestStreamObserver.onNext(GrpcServerProtocolService.java:172)
	at org.apache.ratis.thirdparty.io.grpc.stub.ServerCalls$StreamingServerCallHandler$StreamingServerCallListener.onMessage(ServerCalls.java:262)
	at org.apache.ratis.thirdparty.io.grpc.internal.ServerCallImpl$ServerStreamListenerImpl.messagesAvailableInternal(ServerCallImpl.java:334)
	at org.apache.ratis.thirdparty.io.grpc.internal.ServerCallImpl$ServerStreamListenerImpl.messagesAvailable(ServerCallImpl.java:319)
	at org.apache.ratis.thirdparty.io.grpc.internal.ServerImpl$JumpToApplicationThreadServerStreamListener$1MessagesAvailable.runInContext(ServerImpl.java:834)
	at org.apache.ratis.thirdparty.io.grpc.internal.ContextRunnable.run(ContextRunnable.java:37)
	at org.apache.ratis.thirdparty.io.grpc.internal.SerializingExecutor.run(SerializingExecutor.java:133)
	at java.util.concurrent.ThreadPoolExecutor.runWorker(ThreadPoolExecutor.java:1149)
	at java.util.concurrent.ThreadPoolExecutor$Worker.run(ThreadPoolExecutor.java:624)
	at java.lang.Thread.run(Thread.java:750)
2025-02-26 08:18:32,306 [grpc-default-executor-4] WARN  server.GrpcServerProtocolService (LogUtils.java:warn(127)) - s0: APPEND_ENTRIES onError, lastRequest: null: org.apache.ratis.thirdparty.io.grpc.StatusRuntimeException: CANCELLED: client cancelled
2025-02-26 08:18:32,306 [MiniRaftCluster-63] INFO  server.GrpcServicesImpl (GrpcServicesImpl.java:closeImpl(371)) - s2: shutdown server GrpcServerProtocolService successfully
2025-02-26 08:18:32,306 [MiniRaftCluster-63] INFO  server.GrpcServicesImpl (GrpcServicesImpl.java:closeImpl(362)) - s2: shutdown server org.apache.ratis.grpc.server.GrpcAdminProtocolService now
2025-02-26 08:18:32,306 [grpc-default-executor-2] WARN  server.GrpcServerProtocolService (LogUtils.java:warn(127)) - s2: APPEND_ENTRIES onError, lastRequest: s1->s2#11-t1,previous=(t:1, i:2),leaderCommit=2,initializing? false,entries: size=1, first=(t:1, i:3), CONFIGURATIONENTRY(current:id:"s3"address:"0.0.0.0:15244"clientAddress:"0.0.0.0:15246"adminAddress:"0.0.0.0:15245"startupRole:FOLLOWER, id:"s4"address:"0.0.0.0:15248"clientAddress:"0.0.0.0:15250"adminAddress:"0.0.0.0:15249"startupRole:FOLLOWER, id:"s0"address:"localhost:15232"dataStreamAddress:"localhost:15235"clientAddress:"localhost:15234"adminAddress:"localhost:15233"startupRole:FOLLOWER, id:"s1"address:"localhost:15236"dataStreamAddress:"localhost:15239"clientAddress:"localhost:15238"adminAddress:"localhost:15237"startupRole:FOLLOWER, id:"s2"address:"localhost:15240"dataStreamAddress:"localhost:15243"clientAddress:"localhost:15242"adminAddress:"localhost:15241"startupRole:FOLLOWER, old:id:"s0"address:"localhost:15232"dataStreamAddress:"localhost:15235"clientAddress:"localhost:15234"adminAddress:"localhost:15233"startupRole:FOLLOWER, id:"s1"address:"localhost:15236"dataStreamAddress:"localhost:15239"clientAddress:"localhost:15238"adminAddress:"localhost:15237"startupRole:FOLLOWER, id:"s2"address:"localhost:15240"dataStreamAddress:"localhost:15243"clientAddress:"localhost:15242"adminAddress:"localhost:15241"startupRole:FOLLOWER): org.apache.ratis.thirdparty.io.grpc.StatusRuntimeException: CANCELLED: client cancelled
2025-02-26 08:18:32,306 [MiniRaftCluster-63] INFO  server.GrpcServicesImpl (GrpcServicesImpl.java:closeImpl(371)) - s2: shutdown server org.apache.ratis.grpc.server.GrpcAdminProtocolService successfully
2025-02-26 08:18:32,306 [grpc-default-executor-9] WARN  server.GrpcServerProtocolService (LogUtils.java:warn(127)) - s2: APPEND_ENTRIES onError, lastRequest: null: org.apache.ratis.thirdparty.io.grpc.StatusRuntimeException: CANCELLED: client cancelled
2025-02-26 08:18:32,306 [s2-server-thread1] WARN  server.GrpcServerProtocolService (LogUtils.java:warn(129)) - s2: Failed APPEND_ENTRIES request cid=11, isHeartbeat? false
java.util.concurrent.CompletionException: java.lang.IllegalStateException: s2@group-23107F7972FE-SegmentedRaftLog is expected to be opened but it is CLOSED
	at java.util.concurrent.CompletableFuture.encodeThrowable(CompletableFuture.java:273)
	at java.util.concurrent.CompletableFuture.uniComposeStage(CompletableFuture.java:1005)
	at java.util.concurrent.CompletableFuture.thenCompose(CompletableFuture.java:2137)
	at org.apache.ratis.server.impl.RaftServerImpl.lambda$appendLog$41(RaftServerImpl.java:1701)
	at java.util.concurrent.atomic.AtomicReference.updateAndGet(AtomicReference.java:179)
	at org.apache.ratis.server.impl.RaftServerImpl.appendLog(RaftServerImpl.java:1701)
	at org.apache.ratis.server.impl.RaftServerImpl.appendEntriesAsync(RaftServerImpl.java:1661)
	at org.apache.ratis.server.impl.RaftServerImpl.appendEntriesAsync(RaftServerImpl.java:1548)
	at org.apache.ratis.server.impl.RaftServerProxy.lambda$null$28(RaftServerProxy.java:657)
	at org.apache.ratis.util.JavaUtils.callAsUnchecked(JavaUtils.java:118)
	at org.apache.ratis.server.impl.RaftServerProxy.lambda$appendEntriesAsync$29(RaftServerProxy.java:656)
	at java.util.concurrent.CompletableFuture.uniComposeStage(CompletableFuture.java:995)
	at java.util.concurrent.CompletableFuture.thenCompose(CompletableFuture.java:2137)
	at org.apache.ratis.server.impl.RaftServerProxy.appendEntriesAsync(RaftServerProxy.java:656)
	at org.apache.ratis.grpc.server.GrpcServerProtocolService$1.process(GrpcServerProtocolService.java:323)
	at org.apache.ratis.grpc.server.GrpcServerProtocolService$ServerRequestStreamObserver.onNext(GrpcServerProtocolService.java:187)
	at org.apache.ratis.thirdparty.io.grpc.stub.ServerCalls$StreamingServerCallHandler$StreamingServerCallListener.onMessage(ServerCalls.java:262)
	at org.apache.ratis.thirdparty.io.grpc.internal.ServerCallImpl$ServerStreamListenerImpl.messagesAvailableInternal(ServerCallImpl.java:334)
	at org.apache.ratis.thirdparty.io.grpc.internal.ServerCallImpl$ServerStreamListenerImpl.messagesAvailable(ServerCallImpl.java:319)
	at org.apache.ratis.thirdparty.io.grpc.internal.ServerImpl$JumpToApplicationThreadServerStreamListener$1MessagesAvailable.runInContext(ServerImpl.java:834)
	at org.apache.ratis.thirdparty.io.grpc.internal.ContextRunnable.run(ContextRunnable.java:37)
	at org.apache.ratis.thirdparty.io.grpc.internal.SerializingExecutor.run(SerializingExecutor.java:133)
	at java.util.concurrent.ThreadPoolExecutor.runWorker(ThreadPoolExecutor.java:1149)
	at java.util.concurrent.ThreadPoolExecutor$Worker.run(ThreadPoolExecutor.java:624)
	at java.lang.Thread.run(Thread.java:750)
Caused by: java.lang.IllegalStateException: s2@group-23107F7972FE-SegmentedRaftLog is expected to be opened but it is CLOSED
	at org.apache.ratis.util.OpenCloseState.assertOpen(OpenCloseState.java:63)
	at org.apache.ratis.server.raftlog.RaftLogBase.checkLogState(RaftLogBase.java:115)
	at org.apache.ratis.server.raftlog.segmented.SegmentedRaftLog.appendImpl(SegmentedRaftLog.java:494)
	at org.apache.ratis.server.raftlog.RaftLogBase.lambda$append$11(RaftLogBase.java:366)
	at org.apache.ratis.server.raftlog.RaftLogSequentialOps$Runner.runSequentially(RaftLogSequentialOps.java:71)
	at org.apache.ratis.server.raftlog.RaftLogBase.append(RaftLogBase.java:366)
	at org.apache.ratis.server.impl.RaftServerImpl.lambda$null$40(RaftServerImpl.java:1702)
	at java.util.concurrent.CompletableFuture.uniComposeStage(CompletableFuture.java:995)
	... 23 more
Caused by: org.apache.ratis.util.OpenCloseState$CloseTrace: Close s2@group-23107F7972FE-SegmentedRaftLog
	at org.apache.ratis.util.OpenCloseState.lambda$close$1(OpenCloseState.java:109)
	at java.util.concurrent.atomic.AtomicReference.getAndUpdate(AtomicReference.java:160)
	at org.apache.ratis.util.OpenCloseState.close(OpenCloseState.java:109)
	at org.apache.ratis.server.raftlog.RaftLogBase.close(RaftLogBase.java:407)
	at org.apache.ratis.server.raftlog.segmented.SegmentedRaftLog.close(SegmentedRaftLog.java:570)
	at org.apache.ratis.server.impl.ServerState.close(ServerState.java:434)
	at org.apache.ratis.server.impl.RaftServerImpl.lambda$close$1(RaftServerImpl.java:552)
	at org.apache.ratis.util.LifeCycle.lambda$checkStateAndClose$7(LifeCycle.java:306)
	at org.apache.ratis.util.LifeCycle.checkStateAndClose(LifeCycle.java:326)
	at org.apache.ratis.util.LifeCycle.checkStateAndClose(LifeCycle.java:304)
	at org.apache.ratis.server.impl.RaftServerImpl.close(RaftServerImpl.java:529)
	at org.apache.ratis.server.impl.RaftServerProxy$ImplMap.close(RaftServerProxy.java:137)
	at org.apache.ratis.server.impl.RaftServerProxy$ImplMap.lambda$close$0(RaftServerProxy.java:124)
	at org.apache.ratis.util.ConcurrentUtils.accept(ConcurrentUtils.java:203)
	at org.apache.ratis.util.ConcurrentUtils.lambda$null$4(ConcurrentUtils.java:182)
	... 3 more
2025-02-26 08:18:32,305 [s3-impl-thread1] INFO  segmented.LogSegment (LogSegment.java:close(350)) - Successfully closed EntryCache-log_inprogress_0
2025-02-26 08:18:32,304 [grpc-default-executor-5] INFO  server.GrpcLogAppender (GrpcLogAppender.java:onError(557)) - s1@group-23107F7972FE->s3-GrpcLogAppender is already stopped
2025-02-26 08:18:32,304 [grpc-default-executor-0] INFO  server.GrpcLogAppender (GrpcLogAppender.java:onError(557)) - s1@group-23107F7972FE->s3-GrpcLogAppender is already stopped
2025-02-26 08:18:32,303 [s2@group-23107F7972FE-cacheEviction-AwaitToRun] INFO  util.AwaitToRun (AwaitToRun.java:run(49)) - s2@group-23107F7972FE-cacheEviction-AwaitToRun-AwaitForSignal is interrupted
2025-02-26 08:18:32,308 [s2-impl-thread1] INFO  segmented.LogSegment (LogSegment.java:close(350)) - Successfully closed EntryCache-log_inprogress_0
2025-02-26 08:18:32,303 [grpc-default-executor-7] WARN  server.GrpcServerProtocolService (LogUtils.java:warn(127)) - s3: APPEND_ENTRIES onError, lastRequest: s1->s3#4-t1,previous=(t:1, i:2),leaderCommit=2,initializing? false,entries: size=1, first=(t:1, i:3), CONFIGURATIONENTRY(current:id:"s3"address:"0.0.0.0:15244"clientAddress:"0.0.0.0:15246"adminAddress:"0.0.0.0:15245"startupRole:FOLLOWER, id:"s4"address:"0.0.0.0:15248"clientAddress:"0.0.0.0:15250"adminAddress:"0.0.0.0:15249"startupRole:FOLLOWER, id:"s0"address:"localhost:15232"dataStreamAddress:"localhost:15235"clientAddress:"localhost:15234"adminAddress:"localhost:15233"startupRole:FOLLOWER, id:"s1"address:"localhost:15236"dataStreamAddress:"localhost:15239"clientAddress:"localhost:15238"adminAddress:"localhost:15237"startupRole:FOLLOWER, id:"s2"address:"localhost:15240"dataStreamAddress:"localhost:15243"clientAddress:"localhost:15242"adminAddress:"localhost:15241"startupRole:FOLLOWER, old:id:"s0"address:"localhost:15232"dataStreamAddress:"localhost:15235"clientAddress:"localhost:15234"adminAddress:"localhost:15233"startupRole:FOLLOWER, id:"s1"address:"localhost:15236"dataStreamAddress:"localhost:15239"clientAddress:"localhost:15238"adminAddress:"localhost:15237"startupRole:FOLLOWER, id:"s2"address:"localhost:15240"dataStreamAddress:"localhost:15243"clientAddress:"localhost:15242"adminAddress:"localhost:15241"startupRole:FOLLOWER): org.apache.ratis.thirdparty.io.grpc.StatusRuntimeException: CANCELLED: client cancelled
2025-02-26 08:18:32,303 [MiniRaftCluster-59] INFO  server.GrpcServicesImpl (GrpcServicesImpl.java:closeImpl(371)) - s3: shutdown server GrpcServerProtocolService successfully
2025-02-26 08:18:32,308 [MiniRaftCluster-59] INFO  server.GrpcServicesImpl (GrpcServicesImpl.java:closeImpl(362)) - s3: shutdown server org.apache.ratis.grpc.server.GrpcAdminProtocolService now
2025-02-26 08:18:32,303 [grpc-default-executor-10] WARN  server.GrpcServerProtocolService (LogUtils.java:warn(127)) - s3: APPEND_ENTRIES onError, lastRequest: null: org.apache.ratis.thirdparty.io.grpc.StatusRuntimeException: CANCELLED: client cancelled
2025-02-26 08:18:32,308 [MiniRaftCluster-59] INFO  server.GrpcServicesImpl (GrpcServicesImpl.java:closeImpl(371)) - s3: shutdown server org.apache.ratis.grpc.server.GrpcAdminProtocolService successfully
2025-02-26 08:18:32,308 [MiniRaftCluster-62] INFO  server.GrpcServicesImpl (GrpcServicesImpl.java:closeImpl(371)) - s1: shutdown server org.apache.ratis.grpc.server.GrpcClientProtocolService successfully
2025-02-26 08:18:32,308 [MiniRaftCluster-62] INFO  server.GrpcServicesImpl (GrpcServicesImpl.java:closeImpl(362)) - s1: shutdown server GrpcServerProtocolService now
2025-02-26 08:18:32,307 [grpc-default-executor-2] INFO  server.GrpcLogAppender (GrpcLogAppender.java:onError(557)) - s1@group-23107F7972FE->s2-GrpcLogAppender is already stopped
2025-02-26 08:18:32,309 [MiniRaftCluster-62] INFO  server.GrpcServicesImpl (GrpcServicesImpl.java:closeImpl(371)) - s1: shutdown server GrpcServerProtocolService successfully
2025-02-26 08:18:32,309 [MiniRaftCluster-62] INFO  server.GrpcServicesImpl (GrpcServicesImpl.java:closeImpl(362)) - s1: shutdown server org.apache.ratis.grpc.server.GrpcAdminProtocolService now
2025-02-26 08:18:32,307 [grpc-default-executor-9] INFO  server.GrpcLogAppender (GrpcLogAppender.java:onError(557)) - s1@group-23107F7972FE->s2-GrpcLogAppender is already stopped
2025-02-26 08:18:32,309 [MiniRaftCluster-62] INFO  server.GrpcServicesImpl (GrpcServicesImpl.java:closeImpl(371)) - s1: shutdown server org.apache.ratis.grpc.server.GrpcAdminProtocolService successfully
2025-02-26 08:18:32,507 [grpc-default-executor-3] INFO  util.CodeInjectionForTesting (BlockRequestHandlingInjection.java:execute(84)) - s0: unBlock request from s2
2025-02-26 08:18:32,507 [grpc-default-executor-3] INFO  server.RaftServer$Division (RaftServerImpl.java:requestVote(1475)) - s0@group-23107F7972FE: receive requestVote(PRE_VOTE, s2, group-23107F7972FE, 1, (t:1, i:2))
2025-02-26 08:18:32,507 [grpc-default-executor-3] WARN  server.GrpcServerProtocolService (LogUtils.java:warn(127)) - s0: Failed requestVote s2->s0#0: org.apache.ratis.protocol.exceptions.ServerNotReadyException: s0@group-23107F7972FE is not in [RUNNING]: current state is CLOSING
2025-02-26 08:18:32,580 [grpc-default-executor-1] INFO  util.CodeInjectionForTesting (BlockRequestHandlingInjection.java:execute(84)) - s2: unBlock request from s0
2025-02-26 08:18:32,580 [grpc-default-executor-1] INFO  server.RaftServer$Division (RaftServerImpl.java:requestVote(1475)) - s2@group-23107F7972FE: receive requestVote(PRE_VOTE, s0, group-23107F7972FE, 1, (t:1, i:2))
2025-02-26 08:18:32,580 [grpc-default-executor-1] WARN  server.GrpcServerProtocolService (LogUtils.java:warn(127)) - s2: Failed requestVote s0->s2#0: org.apache.ratis.protocol.exceptions.ServerNotReadyException: s2@group-23107F7972FE is not in [RUNNING]: current state is CLOSING
2025-02-26 08:18:32,918 [s2-impl-thread1] INFO  segmented.SegmentedRaftLogWorker (SegmentedRaftLogWorker.java:close(254)) - s2@group-23107F7972FE-SegmentedRaftLogWorker close()
2025-02-26 08:18:32,918 [s0-impl-thread1] INFO  segmented.SegmentedRaftLogWorker (SegmentedRaftLogWorker.java:close(254)) - s0@group-23107F7972FE-SegmentedRaftLogWorker close()
2025-02-26 08:18:32,919 [s2-impl-thread1] INFO  raftlog.RaftLog (SegmentedRaftLog.java:close(577)) - Successfully closed s2@group-23107F7972FE-SegmentedRaftLog:CLOSED:c1
2025-02-26 08:18:32,919 [s0-impl-thread1] INFO  raftlog.RaftLog (SegmentedRaftLog.java:close(577)) - Successfully closed s0@group-23107F7972FE-SegmentedRaftLog:CLOSED:c1
2025-02-26 08:18:32,919 [JvmPauseMonitor58] INFO  util.JvmPauseMonitor (JvmPauseMonitor.java:run(152)) - JvmPauseMonitor-s0: Stopped
2025-02-26 08:18:32,919 [JvmPauseMonitor60] INFO  util.JvmPauseMonitor (JvmPauseMonitor.java:run(152)) - JvmPauseMonitor-s2: Stopped
2025-02-26 08:18:32,986 [s1-impl-thread1] INFO  segmented.SegmentedRaftLogWorker (SegmentedRaftLogWorker.java:close(254)) - s1@group-23107F7972FE-SegmentedRaftLogWorker close()
2025-02-26 08:18:32,986 [s1-impl-thread1] INFO  raftlog.RaftLog (SegmentedRaftLog.java:close(577)) - Successfully closed s1@group-23107F7972FE-SegmentedRaftLog:CLOSED:c2
2025-02-26 08:18:32,987 [JvmPauseMonitor59] INFO  util.JvmPauseMonitor (JvmPauseMonitor.java:run(152)) - JvmPauseMonitor-s1: Stopped
2025-02-26 08:18:32,989 [s4-impl-thread1] INFO  segmented.SegmentedRaftLogWorker (SegmentedRaftLogWorker.java:close(254)) - s4@group-23107F7972FE-SegmentedRaftLogWorker close()
2025-02-26 08:18:32,989 [s4-impl-thread1] INFO  raftlog.RaftLog (SegmentedRaftLog.java:close(577)) - Successfully closed s4@group-23107F7972FE-SegmentedRaftLog:CLOSED:c2
2025-02-26 08:18:32,991 [s3-impl-thread1] INFO  segmented.SegmentedRaftLogWorker (SegmentedRaftLogWorker.java:close(254)) - s3@group-23107F7972FE-SegmentedRaftLogWorker close()
2025-02-26 08:18:32,991 [s3-impl-thread1] INFO  raftlog.RaftLog (SegmentedRaftLog.java:close(577)) - Successfully closed s3@group-23107F7972FE-SegmentedRaftLog:CLOSED:c2
2025-02-26 08:18:32,992 [JvmPauseMonitor62] INFO  util.JvmPauseMonitor (JvmPauseMonitor.java:run(152)) - JvmPauseMonitor-s4: Stopped
2025-02-26 08:18:32,993 [JvmPauseMonitor61] INFO  util.JvmPauseMonitor (JvmPauseMonitor.java:run(152)) - JvmPauseMonitor-s3: Stopped
2025-02-26 08:18:32,993 [main] INFO  impl.MiniRaftCluster (MiniRaftCluster.java:shutdown(883)) - MiniRaftClusterWithGrpc shutdown completed
2025-02-26 08:18:32,994 [main] INFO  ratis.RaftTestUtil (RaftTestUtil.java:gc(596)) - gc 0
2025-02-26 08:18:33,135 [main] WARN  util.ReferenceCountedLeakDetector (ReferenceCountedLeakDetector.java:logLeakMessage(167)) - LEAK: (class org.apache.ratis.proto.RaftProtos$AppendEntriesRequestProto, count=1, value=serverRequest {
  requestorId: "s1"
  replyId: "s0"
  raftGroupId {
    id: "\035a\261\264+QHq\274\315#\020\177yr\376"
  }
  callId: 13
}
leaderTerm: 1
previousLog {
  term: 1
  index: 2
}
entries {
  term: 1
  index: 3
  configurationEntry {
    peers {
      id: "s3"
      address: "0.0.0.0:15244"
      clientAddress: "0.0.0.0:15246"
      adminAddress: "0.0.0.0:15245"
      startupRole: FOLLOWER
    }
    peers {
      id: "s4"
      address: "0.0.0.0:15248"
      clientAddress: "0.0.0.0:15250"
      adminAddress: "0.0.0.0:15249"
      startupRole: FOLLOWER
    }
    peers {
      id: "s0"
      address: "localhost:15232"
      dataStreamAddress: "localhost:15235"
      clientAddress: "localhost:15234"
      adminAddress: "localhost:15233"
      startupRole: FOLLOWER
    }
    peers {
      id: "s1"
      address: "localhost:15236"
      dataStreamAddress: "localhost:15239"
      clientAddress: "localhost:15238"
      adminAddress: "localhost:15237"
      startupRole: FOLLOWER
    }
    peers {
      id: "s2"
      address: "localhost:15240"
      dataStreamAddress: "localhost:15243"
      clientAddress: "localhost:15242"
      adminAddress: "localhost:15241"
      startupRole: FOLLOWER
    }
    oldPeers {
      id: "s0"
      address: "localhost:15232"
      dataStreamAddress: "localhost:15235"
      clientAddress: "localhost:15234"
      adminAddress: "localhost:15233"
      startupRole: FOLLOWER
    }
    oldPeers {
      id: "s1"
      address: "localhost:15236"
      dataStreamAddress: "localhost:15239"
      clientAddress: "localhost:15238"
      adminAddress: "localhost:15237"
      startupRole: FOLLOWER
    }
    oldPeers {
      id: "s2"
      address: "localhost:15240"
      dataStreamAddress: "localhost:15243"
      clientAddress: "localhost:15242"
      adminAddress: "localhost:15241"
      startupRole: FOLLOWER
    }
  }
}
leaderCommit: 2
commitInfos {
  server {
    id: "s1"
    address: "localhost:15236"
    dataStreamAddress: "localhost:15239"
    clientAddress: "localhost:15238"
    adminAddress: "localhost:15237"
    startupRole: FOLLOWER
  }
  commitIndex: 2
}
commitInfos {
  server {
    id: "s0"
    address: "localhost:15232"
    dataStreamAddress: "localhost:15235"
    clientAddress: "localhost:15234"
    adminAddress: "localhost:15233"
    startupRole: FOLLOWER
  }
  commitIndex: 1
}
commitInfos {
  server {
    id: "s2"
    address: "localhost:15240"
    dataStreamAddress: "localhost:15243"
    clientAddress: "localhost:15242"
    adminAddress: "localhost:15241"
    startupRole: FOLLOWER
  }
  commitIndex: 1
}
commitInfos {
  server {
    id: "s3"
    address: "0.0.0.0:15244"
    clientAddress: "0.0.0.0:15246"
    adminAddress: "0.0.0.0:15245"
    startupRole: FOLLOWER
  }
  commitIndex: 2
}
commitInfos {
  server {
    id: "s4"
    address: "0.0.0.0:15248"
    clientAddress: "0.0.0.0:15250"
    adminAddress: "0.0.0.0:15249"
    startupRole: FOLLOWER
  }
  commitIndex: 2
}
)
2025-02-26 08:18:33,135 [main] WARN  util.LeakDetector (LeakDetector.java:assertNoLeaks(175)) - 0/30) numLeaks == 1 > 0, will wait and retry ...
2025-02-26 08:18:34,135 [main] WARN  util.ReferenceCountedLeakDetector (ReferenceCountedLeakDetector.java:logLeakMessage(167)) - LEAK: (class org.apache.ratis.proto.RaftProtos$AppendEntriesRequestProto, count=1, value=serverRequest {
  requestorId: "s1"
  replyId: "s0"
  raftGroupId {
    id: "\035a\261\264+QHq\274\315#\020\177yr\376"
  }
  callId: 13
}
leaderTerm: 1
previousLog {
  term: 1
  index: 2
}
entries {
  term: 1
  index: 3
  configurationEntry {
    peers {
      id: "s3"
      address: "0.0.0.0:15244"
      clientAddress: "0.0.0.0:15246"
      adminAddress: "0.0.0.0:15245"
      startupRole: FOLLOWER
    }
    peers {
      id: "s4"
      address: "0.0.0.0:15248"
      clientAddress: "0.0.0.0:15250"
      adminAddress: "0.0.0.0:15249"
      startupRole: FOLLOWER
    }
    peers {
      id: "s0"
      address: "localhost:15232"
      dataStreamAddress: "localhost:15235"
      clientAddress: "localhost:15234"
      adminAddress: "localhost:15233"
      startupRole: FOLLOWER
    }
    peers {
      id: "s1"
      address: "localhost:15236"
      dataStreamAddress: "localhost:15239"
      clientAddress: "localhost:15238"
      adminAddress: "localhost:15237"
      startupRole: FOLLOWER
    }
    peers {
      id: "s2"
      address: "localhost:15240"
      dataStreamAddress: "localhost:15243"
      clientAddress: "localhost:15242"
      adminAddress: "localhost:15241"
      startupRole: FOLLOWER
    }
    oldPeers {
      id: "s0"
      address: "localhost:15232"
      dataStreamAddress: "localhost:15235"
      clientAddress: "localhost:15234"
      adminAddress: "localhost:15233"
      startupRole: FOLLOWER
    }
    oldPeers {
      id: "s1"
      address: "localhost:15236"
      dataStreamAddress: "localhost:15239"
      clientAddress: "localhost:15238"
      adminAddress: "localhost:15237"
      startupRole: FOLLOWER
    }
    oldPeers {
      id: "s2"
      address: "localhost:15240"
      dataStreamAddress: "localhost:15243"
      clientAddress: "localhost:15242"
      adminAddress: "localhost:15241"
      startupRole: FOLLOWER
    }
  }
}
leaderCommit: 2
commitInfos {
  server {
    id: "s1"
    address: "localhost:15236"
    dataStreamAddress: "localhost:15239"
    clientAddress: "localhost:15238"
    adminAddress: "localhost:15237"
    startupRole: FOLLOWER
  }
  commitIndex: 2
}
commitInfos {
  server {
    id: "s0"
    address: "localhost:15232"
    dataStreamAddress: "localhost:15235"
    clientAddress: "localhost:15234"
    adminAddress: "localhost:15233"
    startupRole: FOLLOWER
  }
  commitIndex: 1
}
commitInfos {
  server {
    id: "s2"
    address: "localhost:15240"
    dataStreamAddress: "localhost:15243"
    clientAddress: "localhost:15242"
    adminAddress: "localhost:15241"
    startupRole: FOLLOWER
  }
  commitIndex: 1
}
commitInfos {
  server {
    id: "s3"
    address: "0.0.0.0:15244"
    clientAddress: "0.0.0.0:15246"
    adminAddress: "0.0.0.0:15245"
    startupRole: FOLLOWER
  }
  commitIndex: 2
}
commitInfos {
  server {
    id: "s4"
    address: "0.0.0.0:15248"
    clientAddress: "0.0.0.0:15250"
    adminAddress: "0.0.0.0:15249"
    startupRole: FOLLOWER
  }
  commitIndex: 2
}
)
2025-02-26 08:18:34,136 [main] WARN  util.LeakDetector (LeakDetector.java:assertNoLeaks(175)) - 1/30) numLeaks == 1 > 0, will wait and retry ...
2025-02-26 08:18:34,984 [timer4] WARN  server.GrpcLogAppender (GrpcLogAppender.java:timeoutAppendRequest(460)) - s1@group-23107F7972FE->s2-GrpcLogAppender: Timed out appendEntries, errorCount=1, request=AppendEntriesRequest:cid=11,entriesCount=1,entry=(t:1, i:3)
2025-02-26 08:18:34,984 [timer3] WARN  server.GrpcLogAppender (GrpcLogAppender.java:timeoutAppendRequest(460)) - s1@group-23107F7972FE->s0-GrpcLogAppender: Timed out appendEntries, errorCount=1, request=AppendEntriesRequest:cid=13,entriesCount=1,entry=(t:1, i:3)
2025-02-26 08:18:34,992 [timer7] WARN  server.GrpcLogAppender (GrpcLogAppender.java:timeoutAppendRequest(460)) - s1@group-23107F7972FE->s2-GrpcLogAppender: Timed out HEARTBEAT appendEntries, errorCount=2, request=AppendEntriesRequest:cid=12,entriesCount=0
2025-02-26 08:18:34,993 [timer0] WARN  server.GrpcLogAppender (GrpcLogAppender.java:timeoutAppendRequest(460)) - s1@group-23107F7972FE->s0-GrpcLogAppender: Timed out HEARTBEAT appendEntries, errorCount=2, request=AppendEntriesRequest:cid=14,entriesCount=0
2025-02-26 08:18:35,029 [timer1] WARN  server.GrpcLogAppender (GrpcLogAppender.java:timeoutAppendRequest(460)) - s1@group-23107F7972FE->s2-GrpcLogAppender: Timed out HEARTBEAT appendEntries, errorCount=3, request=AppendEntriesRequest:cid=13,entriesCount=0
2025-02-26 08:18:35,031 [timer2] WARN  server.GrpcLogAppender (GrpcLogAppender.java:timeoutAppendRequest(460)) - s1@group-23107F7972FE->s0-GrpcLogAppender: Timed out HEARTBEAT appendEntries, errorCount=3, request=AppendEntriesRequest:cid=15,entriesCount=0
2025-02-26 08:18:35,066 [timer5] WARN  server.GrpcLogAppender (GrpcLogAppender.java:timeoutAppendRequest(460)) - s1@group-23107F7972FE->s2-GrpcLogAppender: Timed out HEARTBEAT appendEntries, errorCount=4, request=AppendEntriesRequest:cid=14,entriesCount=0
2025-02-26 08:18:35,069 [timer6] WARN  server.GrpcLogAppender (GrpcLogAppender.java:timeoutAppendRequest(460)) - s1@group-23107F7972FE->s0-GrpcLogAppender: Timed out HEARTBEAT appendEntries, errorCount=4, request=AppendEntriesRequest:cid=16,entriesCount=0
2025-02-26 08:18:35,104 [timer7] WARN  server.GrpcLogAppender (GrpcLogAppender.java:timeoutAppendRequest(460)) - s1@group-23107F7972FE->s2-GrpcLogAppender: Timed out HEARTBEAT appendEntries, errorCount=5, request=AppendEntriesRequest:cid=15,entriesCount=0
2025-02-26 08:18:35,106 [timer0] WARN  server.GrpcLogAppender (GrpcLogAppender.java:timeoutAppendRequest(460)) - s1@group-23107F7972FE->s0-GrpcLogAppender: Timed out HEARTBEAT appendEntries, errorCount=5, request=AppendEntriesRequest:cid=17,entriesCount=0
2025-02-26 08:18:35,136 [main] WARN  util.ReferenceCountedLeakDetector (ReferenceCountedLeakDetector.java:logLeakMessage(167)) - LEAK: (class org.apache.ratis.proto.RaftProtos$AppendEntriesRequestProto, count=1, value=serverRequest {
  requestorId: "s1"
  replyId: "s0"
  raftGroupId {
    id: "\035a\261\264+QHq\274\315#\020\177yr\376"
  }
  callId: 13
}
leaderTerm: 1
previousLog {
  term: 1
  index: 2
}
entries {
  term: 1
  index: 3
  configurationEntry {
    peers {
      id: "s3"
      address: "0.0.0.0:15244"
      clientAddress: "0.0.0.0:15246"
      adminAddress: "0.0.0.0:15245"
      startupRole: FOLLOWER
    }
    peers {
      id: "s4"
      address: "0.0.0.0:15248"
      clientAddress: "0.0.0.0:15250"
      adminAddress: "0.0.0.0:15249"
      startupRole: FOLLOWER
    }
    peers {
      id: "s0"
      address: "localhost:15232"
      dataStreamAddress: "localhost:15235"
      clientAddress: "localhost:15234"
      adminAddress: "localhost:15233"
      startupRole: FOLLOWER
    }
    peers {
      id: "s1"
      address: "localhost:15236"
      dataStreamAddress: "localhost:15239"
      clientAddress: "localhost:15238"
      adminAddress: "localhost:15237"
      startupRole: FOLLOWER
    }
    peers {
      id: "s2"
      address: "localhost:15240"
      dataStreamAddress: "localhost:15243"
      clientAddress: "localhost:15242"
      adminAddress: "localhost:15241"
      startupRole: FOLLOWER
    }
    oldPeers {
      id: "s0"
      address: "localhost:15232"
      dataStreamAddress: "localhost:15235"
      clientAddress: "localhost:15234"
      adminAddress: "localhost:15233"
      startupRole: FOLLOWER
    }
    oldPeers {
      id: "s1"
      address: "localhost:15236"
      dataStreamAddress: "localhost:15239"
      clientAddress: "localhost:15238"
      adminAddress: "localhost:15237"
      startupRole: FOLLOWER
    }
    oldPeers {
      id: "s2"
      address: "localhost:15240"
      dataStreamAddress: "localhost:15243"
      clientAddress: "localhost:15242"
      adminAddress: "localhost:15241"
      startupRole: FOLLOWER
    }
  }
}
leaderCommit: 2
commitInfos {
  server {
    id: "s1"
    address: "localhost:15236"
    dataStreamAddress: "localhost:15239"
    clientAddress: "localhost:15238"
    adminAddress: "localhost:15237"
    startupRole: FOLLOWER
  }
  commitIndex: 2
}
commitInfos {
  server {
    id: "s0"
    address: "localhost:15232"
    dataStreamAddress: "localhost:15235"
    clientAddress: "localhost:15234"
    adminAddress: "localhost:15233"
    startupRole: FOLLOWER
  }
  commitIndex: 1
}
commitInfos {
  server {
    id: "s2"
    address: "localhost:15240"
    dataStreamAddress: "localhost:15243"
    clientAddress: "localhost:15242"
    adminAddress: "localhost:15241"
    startupRole: FOLLOWER
  }
  commitIndex: 1
}
commitInfos {
  server {
    id: "s3"
    address: "0.0.0.0:15244"
    clientAddress: "0.0.0.0:15246"
    adminAddress: "0.0.0.0:15245"
    startupRole: FOLLOWER
  }
  commitIndex: 2
}
commitInfos {
  server {
    id: "s4"
    address: "0.0.0.0:15248"
    clientAddress: "0.0.0.0:15250"
    adminAddress: "0.0.0.0:15249"
    startupRole: FOLLOWER
  }
  commitIndex: 2
}
)
2025-02-26 08:18:35,136 [main] WARN  util.LeakDetector (LeakDetector.java:assertNoLeaks(175)) - 2/30) numLeaks == 1 > 0, will wait and retry ...
2025-02-26 08:18:35,142 [timer3] WARN  server.GrpcLogAppender (GrpcLogAppender.java:timeoutAppendRequest(460)) - s1@group-23107F7972FE->s2-GrpcLogAppender: Timed out HEARTBEAT appendEntries, errorCount=6, request=AppendEntriesRequest:cid=16,entriesCount=0
2025-02-26 08:18:35,144 [timer4] WARN  server.GrpcLogAppender (GrpcLogAppender.java:timeoutAppendRequest(460)) - s1@group-23107F7972FE->s0-GrpcLogAppender: Timed out HEARTBEAT appendEntries, errorCount=6, request=AppendEntriesRequest:cid=18,entriesCount=0
2025-02-26 08:18:35,181 [timer5] WARN  server.GrpcLogAppender (GrpcLogAppender.java:timeoutAppendRequest(460)) - s1@group-23107F7972FE->s2-GrpcLogAppender: Timed out HEARTBEAT appendEntries, errorCount=7, request=AppendEntriesRequest:cid=17,entriesCount=0
2025-02-26 08:18:35,182 [timer6] WARN  server.GrpcLogAppender (GrpcLogAppender.java:timeoutAppendRequest(460)) - s1@group-23107F7972FE->s0-GrpcLogAppender: Timed out HEARTBEAT appendEntries, errorCount=7, request=AppendEntriesRequest:cid=19,entriesCount=0
2025-02-26 08:18:35,219 [timer1] WARN  server.GrpcLogAppender (GrpcLogAppender.java:timeoutAppendRequest(460)) - s1@group-23107F7972FE->s2-GrpcLogAppender: Timed out HEARTBEAT appendEntries, errorCount=8, request=AppendEntriesRequest:cid=18,entriesCount=0
2025-02-26 08:18:35,220 [timer2] WARN  server.GrpcLogAppender (GrpcLogAppender.java:timeoutAppendRequest(460)) - s1@group-23107F7972FE->s0-GrpcLogAppender: Timed out HEARTBEAT appendEntries, errorCount=8, request=AppendEntriesRequest:cid=20,entriesCount=0
2025-02-26 08:18:35,257 [timer3] WARN  server.GrpcLogAppender (GrpcLogAppender.java:timeoutAppendRequest(460)) - s1@group-23107F7972FE->s2-GrpcLogAppender: Timed out HEARTBEAT appendEntries, errorCount=9, request=AppendEntriesRequest:cid=19,entriesCount=0
2025-02-26 08:18:35,259 [timer4] WARN  server.GrpcLogAppender (GrpcLogAppender.java:timeoutAppendRequest(460)) - s1@group-23107F7972FE->s0-GrpcLogAppender: Timed out HEARTBEAT appendEntries, errorCount=9, request=AppendEntriesRequest:cid=21,entriesCount=0
2025-02-26 08:18:36,137 [main] WARN  util.ReferenceCountedLeakDetector (ReferenceCountedLeakDetector.java:logLeakMessage(167)) - LEAK: (class org.apache.ratis.proto.RaftProtos$AppendEntriesRequestProto, count=1, value=serverRequest {
  requestorId: "s1"
  replyId: "s0"
  raftGroupId {
    id: "\035a\261\264+QHq\274\315#\020\177yr\376"
  }
  callId: 13
}
leaderTerm: 1
previousLog {
  term: 1
  index: 2
}
entries {
  term: 1
  index: 3
  configurationEntry {
    peers {
      id: "s3"
      address: "0.0.0.0:15244"
      clientAddress: "0.0.0.0:15246"
      adminAddress: "0.0.0.0:15245"
      startupRole: FOLLOWER
    }
    peers {
      id: "s4"
      address: "0.0.0.0:15248"
      clientAddress: "0.0.0.0:15250"
      adminAddress: "0.0.0.0:15249"
      startupRole: FOLLOWER
    }
    peers {
      id: "s0"
      address: "localhost:15232"
      dataStreamAddress: "localhost:15235"
      clientAddress: "localhost:15234"
      adminAddress: "localhost:15233"
      startupRole: FOLLOWER
    }
    peers {
      id: "s1"
      address: "localhost:15236"
      dataStreamAddress: "localhost:15239"
      clientAddress: "localhost:15238"
      adminAddress: "localhost:15237"
      startupRole: FOLLOWER
    }
    peers {
      id: "s2"
      address: "localhost:15240"
      dataStreamAddress: "localhost:15243"
      clientAddress: "localhost:15242"
      adminAddress: "localhost:15241"
      startupRole: FOLLOWER
    }
    oldPeers {
      id: "s0"
      address: "localhost:15232"
      dataStreamAddress: "localhost:15235"
      clientAddress: "localhost:15234"
      adminAddress: "localhost:15233"
      startupRole: FOLLOWER
    }
    oldPeers {
      id: "s1"
      address: "localhost:15236"
      dataStreamAddress: "localhost:15239"
      clientAddress: "localhost:15238"
      adminAddress: "localhost:15237"
      startupRole: FOLLOWER
    }
    oldPeers {
      id: "s2"
      address: "localhost:15240"
      dataStreamAddress: "localhost:15243"
      clientAddress: "localhost:15242"
      adminAddress: "localhost:15241"
      startupRole: FOLLOWER
    }
  }
}
leaderCommit: 2
commitInfos {
  server {
    id: "s1"
    address: "localhost:15236"
    dataStreamAddress: "localhost:15239"
    clientAddress: "localhost:15238"
    adminAddress: "localhost:15237"
    startupRole: FOLLOWER
  }
  commitIndex: 2
}
commitInfos {
  server {
    id: "s0"
    address: "localhost:15232"
    dataStreamAddress: "localhost:15235"
    clientAddress: "localhost:15234"
    adminAddress: "localhost:15233"
    startupRole: FOLLOWER
  }
  commitIndex: 1
}
commitInfos {
  server {
    id: "s2"
    address: "localhost:15240"
    dataStreamAddress: "localhost:15243"
    clientAddress: "localhost:15242"
    adminAddress: "localhost:15241"
    startupRole: FOLLOWER
  }
  commitIndex: 1
}
commitInfos {
  server {
    id: "s3"
    address: "0.0.0.0:15244"
    clientAddress: "0.0.0.0:15246"
    adminAddress: "0.0.0.0:15245"
    startupRole: FOLLOWER
  }
  commitIndex: 2
}
commitInfos {
  server {
    id: "s4"
    address: "0.0.0.0:15248"
    clientAddress: "0.0.0.0:15250"
    adminAddress: "0.0.0.0:15249"
    startupRole: FOLLOWER
  }
  commitIndex: 2
}
)
2025-02-26 08:18:36,137 [main] WARN  util.LeakDetector (LeakDetector.java:assertNoLeaks(175)) - 3/30) numLeaks == 1 > 0, will wait and retry ...
2025-02-26 08:18:37,137 [main] WARN  util.ReferenceCountedLeakDetector (ReferenceCountedLeakDetector.java:logLeakMessage(167)) - LEAK: (class org.apache.ratis.proto.RaftProtos$AppendEntriesRequestProto, count=1, value=serverRequest {
  requestorId: "s1"
  replyId: "s0"
  raftGroupId {
    id: "\035a\261\264+QHq\274\315#\020\177yr\376"
  }
  callId: 13
}
leaderTerm: 1
previousLog {
  term: 1
  index: 2
}
entries {
  term: 1
  index: 3
  configurationEntry {
    peers {
      id: "s3"
      address: "0.0.0.0:15244"
      clientAddress: "0.0.0.0:15246"
      adminAddress: "0.0.0.0:15245"
      startupRole: FOLLOWER
    }
    peers {
      id: "s4"
      address: "0.0.0.0:15248"
      clientAddress: "0.0.0.0:15250"
      adminAddress: "0.0.0.0:15249"
      startupRole: FOLLOWER
    }
    peers {
      id: "s0"
      address: "localhost:15232"
      dataStreamAddress: "localhost:15235"
      clientAddress: "localhost:15234"
      adminAddress: "localhost:15233"
      startupRole: FOLLOWER
    }
    peers {
      id: "s1"
      address: "localhost:15236"
      dataStreamAddress: "localhost:15239"
      clientAddress: "localhost:15238"
      adminAddress: "localhost:15237"
      startupRole: FOLLOWER
    }
    peers {
      id: "s2"
      address: "localhost:15240"
      dataStreamAddress: "localhost:15243"
      clientAddress: "localhost:15242"
      adminAddress: "localhost:15241"
      startupRole: FOLLOWER
    }
    oldPeers {
      id: "s0"
      address: "localhost:15232"
      dataStreamAddress: "localhost:15235"
      clientAddress: "localhost:15234"
      adminAddress: "localhost:15233"
      startupRole: FOLLOWER
    }
    oldPeers {
      id: "s1"
      address: "localhost:15236"
      dataStreamAddress: "localhost:15239"
      clientAddress: "localhost:15238"
      adminAddress: "localhost:15237"
      startupRole: FOLLOWER
    }
    oldPeers {
      id: "s2"
      address: "localhost:15240"
      dataStreamAddress: "localhost:15243"
      clientAddress: "localhost:15242"
      adminAddress: "localhost:15241"
      startupRole: FOLLOWER
    }
  }
}
leaderCommit: 2
commitInfos {
  server {
    id: "s1"
    address: "localhost:15236"
    dataStreamAddress: "localhost:15239"
    clientAddress: "localhost:15238"
    adminAddress: "localhost:15237"
    startupRole: FOLLOWER
  }
  commitIndex: 2
}
commitInfos {
  server {
    id: "s0"
    address: "localhost:15232"
    dataStreamAddress: "localhost:15235"
    clientAddress: "localhost:15234"
    adminAddress: "localhost:15233"
    startupRole: FOLLOWER
  }
  commitIndex: 1
}
commitInfos {
  server {
    id: "s2"
    address: "localhost:15240"
    dataStreamAddress: "localhost:15243"
    clientAddress: "localhost:15242"
    adminAddress: "localhost:15241"
    startupRole: FOLLOWER
  }
  commitIndex: 1
}
commitInfos {
  server {
    id: "s3"
    address: "0.0.0.0:15244"
    clientAddress: "0.0.0.0:15246"
    adminAddress: "0.0.0.0:15245"
    startupRole: FOLLOWER
  }
  commitIndex: 2
}
commitInfos {
  server {
    id: "s4"
    address: "0.0.0.0:15248"
    clientAddress: "0.0.0.0:15250"
    adminAddress: "0.0.0.0:15249"
    startupRole: FOLLOWER
  }
  commitIndex: 2
}
)
2025-02-26 08:18:37,138 [main] WARN  util.LeakDetector (LeakDetector.java:assertNoLeaks(175)) - 4/30) numLeaks == 1 > 0, will wait and retry ...
2025-02-26 08:18:38,138 [main] WARN  util.ReferenceCountedLeakDetector (ReferenceCountedLeakDetector.java:logLeakMessage(167)) - LEAK: (class org.apache.ratis.proto.RaftProtos$AppendEntriesRequestProto, count=1, value=serverRequest {
  requestorId: "s1"
  replyId: "s0"
  raftGroupId {
    id: "\035a\261\264+QHq\274\315#\020\177yr\376"
  }
  callId: 13
}
leaderTerm: 1
previousLog {
  term: 1
  index: 2
}
entries {
  term: 1
  index: 3
  configurationEntry {
    peers {
      id: "s3"
      address: "0.0.0.0:15244"
      clientAddress: "0.0.0.0:15246"
      adminAddress: "0.0.0.0:15245"
      startupRole: FOLLOWER
    }
    peers {
      id: "s4"
      address: "0.0.0.0:15248"
      clientAddress: "0.0.0.0:15250"
      adminAddress: "0.0.0.0:15249"
      startupRole: FOLLOWER
    }
    peers {
      id: "s0"
      address: "localhost:15232"
      dataStreamAddress: "localhost:15235"
      clientAddress: "localhost:15234"
      adminAddress: "localhost:15233"
      startupRole: FOLLOWER
    }
    peers {
      id: "s1"
      address: "localhost:15236"
      dataStreamAddress: "localhost:15239"
      clientAddress: "localhost:15238"
      adminAddress: "localhost:15237"
      startupRole: FOLLOWER
    }
    peers {
      id: "s2"
      address: "localhost:15240"
      dataStreamAddress: "localhost:15243"
      clientAddress: "localhost:15242"
      adminAddress: "localhost:15241"
      startupRole: FOLLOWER
    }
    oldPeers {
      id: "s0"
      address: "localhost:15232"
      dataStreamAddress: "localhost:15235"
      clientAddress: "localhost:15234"
      adminAddress: "localhost:15233"
      startupRole: FOLLOWER
    }
    oldPeers {
      id: "s1"
      address: "localhost:15236"
      dataStreamAddress: "localhost:15239"
      clientAddress: "localhost:15238"
      adminAddress: "localhost:15237"
      startupRole: FOLLOWER
    }
    oldPeers {
      id: "s2"
      address: "localhost:15240"
      dataStreamAddress: "localhost:15243"
      clientAddress: "localhost:15242"
      adminAddress: "localhost:15241"
      startupRole: FOLLOWER
    }
  }
}
leaderCommit: 2
commitInfos {
  server {
    id: "s1"
    address: "localhost:15236"
    dataStreamAddress: "localhost:15239"
    clientAddress: "localhost:15238"
    adminAddress: "localhost:15237"
    startupRole: FOLLOWER
  }
  commitIndex: 2
}
commitInfos {
  server {
    id: "s0"
    address: "localhost:15232"
    dataStreamAddress: "localhost:15235"
    clientAddress: "localhost:15234"
    adminAddress: "localhost:15233"
    startupRole: FOLLOWER
  }
  commitIndex: 1
}
commitInfos {
  server {
    id: "s2"
    address: "localhost:15240"
    dataStreamAddress: "localhost:15243"
    clientAddress: "localhost:15242"
    adminAddress: "localhost:15241"
    startupRole: FOLLOWER
  }
  commitIndex: 1
}
commitInfos {
  server {
    id: "s3"
    address: "0.0.0.0:15244"
    clientAddress: "0.0.0.0:15246"
    adminAddress: "0.0.0.0:15245"
    startupRole: FOLLOWER
  }
  commitIndex: 2
}
commitInfos {
  server {
    id: "s4"
    address: "0.0.0.0:15248"
    clientAddress: "0.0.0.0:15250"
    adminAddress: "0.0.0.0:15249"
    startupRole: FOLLOWER
  }
  commitIndex: 2
}
)
2025-02-26 08:18:38,138 [main] WARN  util.LeakDetector (LeakDetector.java:assertNoLeaks(175)) - 5/30) numLeaks == 1 > 0, will wait and retry ...
2025-02-26 08:18:39,138 [main] WARN  util.ReferenceCountedLeakDetector (ReferenceCountedLeakDetector.java:logLeakMessage(167)) - LEAK: (class org.apache.ratis.proto.RaftProtos$AppendEntriesRequestProto, count=1, value=serverRequest {
  requestorId: "s1"
  replyId: "s0"
  raftGroupId {
    id: "\035a\261\264+QHq\274\315#\020\177yr\376"
  }
  callId: 13
}
leaderTerm: 1
previousLog {
  term: 1
  index: 2
}
entries {
  term: 1
  index: 3
  configurationEntry {
    peers {
      id: "s3"
      address: "0.0.0.0:15244"
      clientAddress: "0.0.0.0:15246"
      adminAddress: "0.0.0.0:15245"
      startupRole: FOLLOWER
    }
    peers {
      id: "s4"
      address: "0.0.0.0:15248"
      clientAddress: "0.0.0.0:15250"
      adminAddress: "0.0.0.0:15249"
      startupRole: FOLLOWER
    }
    peers {
      id: "s0"
      address: "localhost:15232"
      dataStreamAddress: "localhost:15235"
      clientAddress: "localhost:15234"
      adminAddress: "localhost:15233"
      startupRole: FOLLOWER
    }
    peers {
      id: "s1"
      address: "localhost:15236"
      dataStreamAddress: "localhost:15239"
      clientAddress: "localhost:15238"
      adminAddress: "localhost:15237"
      startupRole: FOLLOWER
    }
    peers {
      id: "s2"
      address: "localhost:15240"
      dataStreamAddress: "localhost:15243"
      clientAddress: "localhost:15242"
      adminAddress: "localhost:15241"
      startupRole: FOLLOWER
    }
    oldPeers {
      id: "s0"
      address: "localhost:15232"
      dataStreamAddress: "localhost:15235"
      clientAddress: "localhost:15234"
      adminAddress: "localhost:15233"
      startupRole: FOLLOWER
    }
    oldPeers {
      id: "s1"
      address: "localhost:15236"
      dataStreamAddress: "localhost:15239"
      clientAddress: "localhost:15238"
      adminAddress: "localhost:15237"
      startupRole: FOLLOWER
    }
    oldPeers {
      id: "s2"
      address: "localhost:15240"
      dataStreamAddress: "localhost:15243"
      clientAddress: "localhost:15242"
      adminAddress: "localhost:15241"
      startupRole: FOLLOWER
    }
  }
}
leaderCommit: 2
commitInfos {
  server {
    id: "s1"
    address: "localhost:15236"
    dataStreamAddress: "localhost:15239"
    clientAddress: "localhost:15238"
    adminAddress: "localhost:15237"
    startupRole: FOLLOWER
  }
  commitIndex: 2
}
commitInfos {
  server {
    id: "s0"
    address: "localhost:15232"
    dataStreamAddress: "localhost:15235"
    clientAddress: "localhost:15234"
    adminAddress: "localhost:15233"
    startupRole: FOLLOWER
  }
  commitIndex: 1
}
commitInfos {
  server {
    id: "s2"
    address: "localhost:15240"
    dataStreamAddress: "localhost:15243"
    clientAddress: "localhost:15242"
    adminAddress: "localhost:15241"
    startupRole: FOLLOWER
  }
  commitIndex: 1
}
commitInfos {
  server {
    id: "s3"
    address: "0.0.0.0:15244"
    clientAddress: "0.0.0.0:15246"
    adminAddress: "0.0.0.0:15245"
    startupRole: FOLLOWER
  }
  commitIndex: 2
}
commitInfos {
  server {
    id: "s4"
    address: "0.0.0.0:15248"
    clientAddress: "0.0.0.0:15250"
    adminAddress: "0.0.0.0:15249"
    startupRole: FOLLOWER
  }
  commitIndex: 2
}
)
2025-02-26 08:18:39,139 [main] WARN  util.LeakDetector (LeakDetector.java:assertNoLeaks(175)) - 6/30) numLeaks == 1 > 0, will wait and retry ...
2025-02-26 08:18:40,139 [main] WARN  util.ReferenceCountedLeakDetector (ReferenceCountedLeakDetector.java:logLeakMessage(167)) - LEAK: (class org.apache.ratis.proto.RaftProtos$AppendEntriesRequestProto, count=1, value=serverRequest {
  requestorId: "s1"
  replyId: "s0"
  raftGroupId {
    id: "\035a\261\264+QHq\274\315#\020\177yr\376"
  }
  callId: 13
}
leaderTerm: 1
previousLog {
  term: 1
  index: 2
}
entries {
  term: 1
  index: 3
  configurationEntry {
    peers {
      id: "s3"
      address: "0.0.0.0:15244"
      clientAddress: "0.0.0.0:15246"
      adminAddress: "0.0.0.0:15245"
      startupRole: FOLLOWER
    }
    peers {
      id: "s4"
      address: "0.0.0.0:15248"
      clientAddress: "0.0.0.0:15250"
      adminAddress: "0.0.0.0:15249"
      startupRole: FOLLOWER
    }
    peers {
      id: "s0"
      address: "localhost:15232"
      dataStreamAddress: "localhost:15235"
      clientAddress: "localhost:15234"
      adminAddress: "localhost:15233"
      startupRole: FOLLOWER
    }
    peers {
      id: "s1"
      address: "localhost:15236"
      dataStreamAddress: "localhost:15239"
      clientAddress: "localhost:15238"
      adminAddress: "localhost:15237"
      startupRole: FOLLOWER
    }
    peers {
      id: "s2"
      address: "localhost:15240"
      dataStreamAddress: "localhost:15243"
      clientAddress: "localhost:15242"
      adminAddress: "localhost:15241"
      startupRole: FOLLOWER
    }
    oldPeers {
      id: "s0"
      address: "localhost:15232"
      dataStreamAddress: "localhost:15235"
      clientAddress: "localhost:15234"
      adminAddress: "localhost:15233"
      startupRole: FOLLOWER
    }
    oldPeers {
      id: "s1"
      address: "localhost:15236"
      dataStreamAddress: "localhost:15239"
      clientAddress: "localhost:15238"
      adminAddress: "localhost:15237"
      startupRole: FOLLOWER
    }
    oldPeers {
      id: "s2"
      address: "localhost:15240"
      dataStreamAddress: "localhost:15243"
      clientAddress: "localhost:15242"
      adminAddress: "localhost:15241"
      startupRole: FOLLOWER
    }
  }
}
leaderCommit: 2
commitInfos {
  server {
    id: "s1"
    address: "localhost:15236"
    dataStreamAddress: "localhost:15239"
    clientAddress: "localhost:15238"
    adminAddress: "localhost:15237"
    startupRole: FOLLOWER
  }
  commitIndex: 2
}
commitInfos {
  server {
    id: "s0"
    address: "localhost:15232"
    dataStreamAddress: "localhost:15235"
    clientAddress: "localhost:15234"
    adminAddress: "localhost:15233"
    startupRole: FOLLOWER
  }
  commitIndex: 1
}
commitInfos {
  server {
    id: "s2"
    address: "localhost:15240"
    dataStreamAddress: "localhost:15243"
    clientAddress: "localhost:15242"
    adminAddress: "localhost:15241"
    startupRole: FOLLOWER
  }
  commitIndex: 1
}
commitInfos {
  server {
    id: "s3"
    address: "0.0.0.0:15244"
    clientAddress: "0.0.0.0:15246"
    adminAddress: "0.0.0.0:15245"
    startupRole: FOLLOWER
  }
  commitIndex: 2
}
commitInfos {
  server {
    id: "s4"
    address: "0.0.0.0:15248"
    clientAddress: "0.0.0.0:15250"
    adminAddress: "0.0.0.0:15249"
    startupRole: FOLLOWER
  }
  commitIndex: 2
}
)
2025-02-26 08:18:40,139 [main] WARN  util.LeakDetector (LeakDetector.java:assertNoLeaks(175)) - 7/30) numLeaks == 1 > 0, will wait and retry ...
2025-02-26 08:18:41,140 [main] WARN  util.ReferenceCountedLeakDetector (ReferenceCountedLeakDetector.java:logLeakMessage(167)) - LEAK: (class org.apache.ratis.proto.RaftProtos$AppendEntriesRequestProto, count=1, value=serverRequest {
  requestorId: "s1"
  replyId: "s0"
  raftGroupId {
    id: "\035a\261\264+QHq\274\315#\020\177yr\376"
  }
  callId: 13
}
leaderTerm: 1
previousLog {
  term: 1
  index: 2
}
entries {
  term: 1
  index: 3
  configurationEntry {
    peers {
      id: "s3"
      address: "0.0.0.0:15244"
      clientAddress: "0.0.0.0:15246"
      adminAddress: "0.0.0.0:15245"
      startupRole: FOLLOWER
    }
    peers {
      id: "s4"
      address: "0.0.0.0:15248"
      clientAddress: "0.0.0.0:15250"
      adminAddress: "0.0.0.0:15249"
      startupRole: FOLLOWER
    }
    peers {
      id: "s0"
      address: "localhost:15232"
      dataStreamAddress: "localhost:15235"
      clientAddress: "localhost:15234"
      adminAddress: "localhost:15233"
      startupRole: FOLLOWER
    }
    peers {
      id: "s1"
      address: "localhost:15236"
      dataStreamAddress: "localhost:15239"
      clientAddress: "localhost:15238"
      adminAddress: "localhost:15237"
      startupRole: FOLLOWER
    }
    peers {
      id: "s2"
      address: "localhost:15240"
      dataStreamAddress: "localhost:15243"
      clientAddress: "localhost:15242"
      adminAddress: "localhost:15241"
      startupRole: FOLLOWER
    }
    oldPeers {
      id: "s0"
      address: "localhost:15232"
      dataStreamAddress: "localhost:15235"
      clientAddress: "localhost:15234"
      adminAddress: "localhost:15233"
      startupRole: FOLLOWER
    }
    oldPeers {
      id: "s1"
      address: "localhost:15236"
      dataStreamAddress: "localhost:15239"
      clientAddress: "localhost:15238"
      adminAddress: "localhost:15237"
      startupRole: FOLLOWER
    }
    oldPeers {
      id: "s2"
      address: "localhost:15240"
      dataStreamAddress: "localhost:15243"
      clientAddress: "localhost:15242"
      adminAddress: "localhost:15241"
      startupRole: FOLLOWER
    }
  }
}
leaderCommit: 2
commitInfos {
  server {
    id: "s1"
    address: "localhost:15236"
    dataStreamAddress: "localhost:15239"
    clientAddress: "localhost:15238"
    adminAddress: "localhost:15237"
    startupRole: FOLLOWER
  }
  commitIndex: 2
}
commitInfos {
  server {
    id: "s0"
    address: "localhost:15232"
    dataStreamAddress: "localhost:15235"
    clientAddress: "localhost:15234"
    adminAddress: "localhost:15233"
    startupRole: FOLLOWER
  }
  commitIndex: 1
}
commitInfos {
  server {
    id: "s2"
    address: "localhost:15240"
    dataStreamAddress: "localhost:15243"
    clientAddress: "localhost:15242"
    adminAddress: "localhost:15241"
    startupRole: FOLLOWER
  }
  commitIndex: 1
}
commitInfos {
  server {
    id: "s3"
    address: "0.0.0.0:15244"
    clientAddress: "0.0.0.0:15246"
    adminAddress: "0.0.0.0:15245"
    startupRole: FOLLOWER
  }
  commitIndex: 2
}
commitInfos {
  server {
    id: "s4"
    address: "0.0.0.0:15248"
    clientAddress: "0.0.0.0:15250"
    adminAddress: "0.0.0.0:15249"
    startupRole: FOLLOWER
  }
  commitIndex: 2
}
)
2025-02-26 08:18:41,140 [main] WARN  util.LeakDetector (LeakDetector.java:assertNoLeaks(175)) - 8/30) numLeaks == 1 > 0, will wait and retry ...
2025-02-26 08:18:42,140 [main] WARN  util.ReferenceCountedLeakDetector (ReferenceCountedLeakDetector.java:logLeakMessage(167)) - LEAK: (class org.apache.ratis.proto.RaftProtos$AppendEntriesRequestProto, count=1, value=serverRequest {
  requestorId: "s1"
  replyId: "s0"
  raftGroupId {
    id: "\035a\261\264+QHq\274\315#\020\177yr\376"
  }
  callId: 13
}
leaderTerm: 1
previousLog {
  term: 1
  index: 2
}
entries {
  term: 1
  index: 3
  configurationEntry {
    peers {
      id: "s3"
      address: "0.0.0.0:15244"
      clientAddress: "0.0.0.0:15246"
      adminAddress: "0.0.0.0:15245"
      startupRole: FOLLOWER
    }
    peers {
      id: "s4"
      address: "0.0.0.0:15248"
      clientAddress: "0.0.0.0:15250"
      adminAddress: "0.0.0.0:15249"
      startupRole: FOLLOWER
    }
    peers {
      id: "s0"
      address: "localhost:15232"
      dataStreamAddress: "localhost:15235"
      clientAddress: "localhost:15234"
      adminAddress: "localhost:15233"
      startupRole: FOLLOWER
    }
    peers {
      id: "s1"
      address: "localhost:15236"
      dataStreamAddress: "localhost:15239"
      clientAddress: "localhost:15238"
      adminAddress: "localhost:15237"
      startupRole: FOLLOWER
    }
    peers {
      id: "s2"
      address: "localhost:15240"
      dataStreamAddress: "localhost:15243"
      clientAddress: "localhost:15242"
      adminAddress: "localhost:15241"
      startupRole: FOLLOWER
    }
    oldPeers {
      id: "s0"
      address: "localhost:15232"
      dataStreamAddress: "localhost:15235"
      clientAddress: "localhost:15234"
      adminAddress: "localhost:15233"
      startupRole: FOLLOWER
    }
    oldPeers {
      id: "s1"
      address: "localhost:15236"
      dataStreamAddress: "localhost:15239"
      clientAddress: "localhost:15238"
      adminAddress: "localhost:15237"
      startupRole: FOLLOWER
    }
    oldPeers {
      id: "s2"
      address: "localhost:15240"
      dataStreamAddress: "localhost:15243"
      clientAddress: "localhost:15242"
      adminAddress: "localhost:15241"
      startupRole: FOLLOWER
    }
  }
}
leaderCommit: 2
commitInfos {
  server {
    id: "s1"
    address: "localhost:15236"
    dataStreamAddress: "localhost:15239"
    clientAddress: "localhost:15238"
    adminAddress: "localhost:15237"
    startupRole: FOLLOWER
  }
  commitIndex: 2
}
commitInfos {
  server {
    id: "s0"
    address: "localhost:15232"
    dataStreamAddress: "localhost:15235"
    clientAddress: "localhost:15234"
    adminAddress: "localhost:15233"
    startupRole: FOLLOWER
  }
  commitIndex: 1
}
commitInfos {
  server {
    id: "s2"
    address: "localhost:15240"
    dataStreamAddress: "localhost:15243"
    clientAddress: "localhost:15242"
    adminAddress: "localhost:15241"
    startupRole: FOLLOWER
  }
  commitIndex: 1
}
commitInfos {
  server {
    id: "s3"
    address: "0.0.0.0:15244"
    clientAddress: "0.0.0.0:15246"
    adminAddress: "0.0.0.0:15245"
    startupRole: FOLLOWER
  }
  commitIndex: 2
}
commitInfos {
  server {
    id: "s4"
    address: "0.0.0.0:15248"
    clientAddress: "0.0.0.0:15250"
    adminAddress: "0.0.0.0:15249"
    startupRole: FOLLOWER
  }
  commitIndex: 2
}
)
2025-02-26 08:18:42,141 [main] WARN  util.LeakDetector (LeakDetector.java:assertNoLeaks(175)) - 9/30) numLeaks == 1 > 0, will wait and retry ...
2025-02-26 08:18:43,141 [main] WARN  util.ReferenceCountedLeakDetector (ReferenceCountedLeakDetector.java:logLeakMessage(167)) - LEAK: (class org.apache.ratis.proto.RaftProtos$AppendEntriesRequestProto, count=1, value=serverRequest {
  requestorId: "s1"
  replyId: "s0"
  raftGroupId {
    id: "\035a\261\264+QHq\274\315#\020\177yr\376"
  }
  callId: 13
}
leaderTerm: 1
previousLog {
  term: 1
  index: 2
}
entries {
  term: 1
  index: 3
  configurationEntry {
    peers {
      id: "s3"
      address: "0.0.0.0:15244"
      clientAddress: "0.0.0.0:15246"
      adminAddress: "0.0.0.0:15245"
      startupRole: FOLLOWER
    }
    peers {
      id: "s4"
      address: "0.0.0.0:15248"
      clientAddress: "0.0.0.0:15250"
      adminAddress: "0.0.0.0:15249"
      startupRole: FOLLOWER
    }
    peers {
      id: "s0"
      address: "localhost:15232"
      dataStreamAddress: "localhost:15235"
      clientAddress: "localhost:15234"
      adminAddress: "localhost:15233"
      startupRole: FOLLOWER
    }
    peers {
      id: "s1"
      address: "localhost:15236"
      dataStreamAddress: "localhost:15239"
      clientAddress: "localhost:15238"
      adminAddress: "localhost:15237"
      startupRole: FOLLOWER
    }
    peers {
      id: "s2"
      address: "localhost:15240"
      dataStreamAddress: "localhost:15243"
      clientAddress: "localhost:15242"
      adminAddress: "localhost:15241"
      startupRole: FOLLOWER
    }
    oldPeers {
      id: "s0"
      address: "localhost:15232"
      dataStreamAddress: "localhost:15235"
      clientAddress: "localhost:15234"
      adminAddress: "localhost:15233"
      startupRole: FOLLOWER
    }
    oldPeers {
      id: "s1"
      address: "localhost:15236"
      dataStreamAddress: "localhost:15239"
      clientAddress: "localhost:15238"
      adminAddress: "localhost:15237"
      startupRole: FOLLOWER
    }
    oldPeers {
      id: "s2"
      address: "localhost:15240"
      dataStreamAddress: "localhost:15243"
      clientAddress: "localhost:15242"
      adminAddress: "localhost:15241"
      startupRole: FOLLOWER
    }
  }
}
leaderCommit: 2
commitInfos {
  server {
    id: "s1"
    address: "localhost:15236"
    dataStreamAddress: "localhost:15239"
    clientAddress: "localhost:15238"
    adminAddress: "localhost:15237"
    startupRole: FOLLOWER
  }
  commitIndex: 2
}
commitInfos {
  server {
    id: "s0"
    address: "localhost:15232"
    dataStreamAddress: "localhost:15235"
    clientAddress: "localhost:15234"
    adminAddress: "localhost:15233"
    startupRole: FOLLOWER
  }
  commitIndex: 1
}
commitInfos {
  server {
    id: "s2"
    address: "localhost:15240"
    dataStreamAddress: "localhost:15243"
    clientAddress: "localhost:15242"
    adminAddress: "localhost:15241"
    startupRole: FOLLOWER
  }
  commitIndex: 1
}
commitInfos {
  server {
    id: "s3"
    address: "0.0.0.0:15244"
    clientAddress: "0.0.0.0:15246"
    adminAddress: "0.0.0.0:15245"
    startupRole: FOLLOWER
  }
  commitIndex: 2
}
commitInfos {
  server {
    id: "s4"
    address: "0.0.0.0:15248"
    clientAddress: "0.0.0.0:15250"
    adminAddress: "0.0.0.0:15249"
    startupRole: FOLLOWER
  }
  commitIndex: 2
}
)
2025-02-26 08:18:43,141 [main] WARN  util.LeakDetector (LeakDetector.java:assertNoLeaks(175)) - 10/30) numLeaks == 1 > 0, will wait and retry ...
2025-02-26 08:18:44,142 [main] WARN  util.ReferenceCountedLeakDetector (ReferenceCountedLeakDetector.java:logLeakMessage(167)) - LEAK: (class org.apache.ratis.proto.RaftProtos$AppendEntriesRequestProto, count=1, value=serverRequest {
  requestorId: "s1"
  replyId: "s0"
  raftGroupId {
    id: "\035a\261\264+QHq\274\315#\020\177yr\376"
  }
  callId: 13
}
leaderTerm: 1
previousLog {
  term: 1
  index: 2
}
entries {
  term: 1
  index: 3
  configurationEntry {
    peers {
      id: "s3"
      address: "0.0.0.0:15244"
      clientAddress: "0.0.0.0:15246"
      adminAddress: "0.0.0.0:15245"
      startupRole: FOLLOWER
    }
    peers {
      id: "s4"
      address: "0.0.0.0:15248"
      clientAddress: "0.0.0.0:15250"
      adminAddress: "0.0.0.0:15249"
      startupRole: FOLLOWER
    }
    peers {
      id: "s0"
      address: "localhost:15232"
      dataStreamAddress: "localhost:15235"
      clientAddress: "localhost:15234"
      adminAddress: "localhost:15233"
      startupRole: FOLLOWER
    }
    peers {
      id: "s1"
      address: "localhost:15236"
      dataStreamAddress: "localhost:15239"
      clientAddress: "localhost:15238"
      adminAddress: "localhost:15237"
      startupRole: FOLLOWER
    }
    peers {
      id: "s2"
      address: "localhost:15240"
      dataStreamAddress: "localhost:15243"
      clientAddress: "localhost:15242"
      adminAddress: "localhost:15241"
      startupRole: FOLLOWER
    }
    oldPeers {
      id: "s0"
      address: "localhost:15232"
      dataStreamAddress: "localhost:15235"
      clientAddress: "localhost:15234"
      adminAddress: "localhost:15233"
      startupRole: FOLLOWER
    }
    oldPeers {
      id: "s1"
      address: "localhost:15236"
      dataStreamAddress: "localhost:15239"
      clientAddress: "localhost:15238"
      adminAddress: "localhost:15237"
      startupRole: FOLLOWER
    }
    oldPeers {
      id: "s2"
      address: "localhost:15240"
      dataStreamAddress: "localhost:15243"
      clientAddress: "localhost:15242"
      adminAddress: "localhost:15241"
      startupRole: FOLLOWER
    }
  }
}
leaderCommit: 2
commitInfos {
  server {
    id: "s1"
    address: "localhost:15236"
    dataStreamAddress: "localhost:15239"
    clientAddress: "localhost:15238"
    adminAddress: "localhost:15237"
    startupRole: FOLLOWER
  }
  commitIndex: 2
}
commitInfos {
  server {
    id: "s0"
    address: "localhost:15232"
    dataStreamAddress: "localhost:15235"
    clientAddress: "localhost:15234"
    adminAddress: "localhost:15233"
    startupRole: FOLLOWER
  }
  commitIndex: 1
}
commitInfos {
  server {
    id: "s2"
    address: "localhost:15240"
    dataStreamAddress: "localhost:15243"
    clientAddress: "localhost:15242"
    adminAddress: "localhost:15241"
    startupRole: FOLLOWER
  }
  commitIndex: 1
}
commitInfos {
  server {
    id: "s3"
    address: "0.0.0.0:15244"
    clientAddress: "0.0.0.0:15246"
    adminAddress: "0.0.0.0:15245"
    startupRole: FOLLOWER
  }
  commitIndex: 2
}
commitInfos {
  server {
    id: "s4"
    address: "0.0.0.0:15248"
    clientAddress: "0.0.0.0:15250"
    adminAddress: "0.0.0.0:15249"
    startupRole: FOLLOWER
  }
  commitIndex: 2
}
)
2025-02-26 08:18:44,142 [main] WARN  util.LeakDetector (LeakDetector.java:assertNoLeaks(175)) - 11/30) numLeaks == 1 > 0, will wait and retry ...
2025-02-26 08:18:45,142 [main] WARN  util.ReferenceCountedLeakDetector (ReferenceCountedLeakDetector.java:logLeakMessage(167)) - LEAK: (class org.apache.ratis.proto.RaftProtos$AppendEntriesRequestProto, count=1, value=serverRequest {
  requestorId: "s1"
  replyId: "s0"
  raftGroupId {
    id: "\035a\261\264+QHq\274\315#\020\177yr\376"
  }
  callId: 13
}
leaderTerm: 1
previousLog {
  term: 1
  index: 2
}
entries {
  term: 1
  index: 3
  configurationEntry {
    peers {
      id: "s3"
      address: "0.0.0.0:15244"
      clientAddress: "0.0.0.0:15246"
      adminAddress: "0.0.0.0:15245"
      startupRole: FOLLOWER
    }
    peers {
      id: "s4"
      address: "0.0.0.0:15248"
      clientAddress: "0.0.0.0:15250"
      adminAddress: "0.0.0.0:15249"
      startupRole: FOLLOWER
    }
    peers {
      id: "s0"
      address: "localhost:15232"
      dataStreamAddress: "localhost:15235"
      clientAddress: "localhost:15234"
      adminAddress: "localhost:15233"
      startupRole: FOLLOWER
    }
    peers {
      id: "s1"
      address: "localhost:15236"
      dataStreamAddress: "localhost:15239"
      clientAddress: "localhost:15238"
      adminAddress: "localhost:15237"
      startupRole: FOLLOWER
    }
    peers {
      id: "s2"
      address: "localhost:15240"
      dataStreamAddress: "localhost:15243"
      clientAddress: "localhost:15242"
      adminAddress: "localhost:15241"
      startupRole: FOLLOWER
    }
    oldPeers {
      id: "s0"
      address: "localhost:15232"
      dataStreamAddress: "localhost:15235"
      clientAddress: "localhost:15234"
      adminAddress: "localhost:15233"
      startupRole: FOLLOWER
    }
    oldPeers {
      id: "s1"
      address: "localhost:15236"
      dataStreamAddress: "localhost:15239"
      clientAddress: "localhost:15238"
      adminAddress: "localhost:15237"
      startupRole: FOLLOWER
    }
    oldPeers {
      id: "s2"
      address: "localhost:15240"
      dataStreamAddress: "localhost:15243"
      clientAddress: "localhost:15242"
      adminAddress: "localhost:15241"
      startupRole: FOLLOWER
    }
  }
}
leaderCommit: 2
commitInfos {
  server {
    id: "s1"
    address: "localhost:15236"
    dataStreamAddress: "localhost:15239"
    clientAddress: "localhost:15238"
    adminAddress: "localhost:15237"
    startupRole: FOLLOWER
  }
  commitIndex: 2
}
commitInfos {
  server {
    id: "s0"
    address: "localhost:15232"
    dataStreamAddress: "localhost:15235"
    clientAddress: "localhost:15234"
    adminAddress: "localhost:15233"
    startupRole: FOLLOWER
  }
  commitIndex: 1
}
commitInfos {
  server {
    id: "s2"
    address: "localhost:15240"
    dataStreamAddress: "localhost:15243"
    clientAddress: "localhost:15242"
    adminAddress: "localhost:15241"
    startupRole: FOLLOWER
  }
  commitIndex: 1
}
commitInfos {
  server {
    id: "s3"
    address: "0.0.0.0:15244"
    clientAddress: "0.0.0.0:15246"
    adminAddress: "0.0.0.0:15245"
    startupRole: FOLLOWER
  }
  commitIndex: 2
}
commitInfos {
  server {
    id: "s4"
    address: "0.0.0.0:15248"
    clientAddress: "0.0.0.0:15250"
    adminAddress: "0.0.0.0:15249"
    startupRole: FOLLOWER
  }
  commitIndex: 2
}
)
2025-02-26 08:18:45,142 [main] WARN  util.LeakDetector (LeakDetector.java:assertNoLeaks(175)) - 12/30) numLeaks == 1 > 0, will wait and retry ...
2025-02-26 08:18:46,143 [main] WARN  util.ReferenceCountedLeakDetector (ReferenceCountedLeakDetector.java:logLeakMessage(167)) - LEAK: (class org.apache.ratis.proto.RaftProtos$AppendEntriesRequestProto, count=1, value=serverRequest {
  requestorId: "s1"
  replyId: "s0"
  raftGroupId {
    id: "\035a\261\264+QHq\274\315#\020\177yr\376"
  }
  callId: 13
}
leaderTerm: 1
previousLog {
  term: 1
  index: 2
}
entries {
  term: 1
  index: 3
  configurationEntry {
    peers {
      id: "s3"
      address: "0.0.0.0:15244"
      clientAddress: "0.0.0.0:15246"
      adminAddress: "0.0.0.0:15245"
      startupRole: FOLLOWER
    }
    peers {
      id: "s4"
      address: "0.0.0.0:15248"
      clientAddress: "0.0.0.0:15250"
      adminAddress: "0.0.0.0:15249"
      startupRole: FOLLOWER
    }
    peers {
      id: "s0"
      address: "localhost:15232"
      dataStreamAddress: "localhost:15235"
      clientAddress: "localhost:15234"
      adminAddress: "localhost:15233"
      startupRole: FOLLOWER
    }
    peers {
      id: "s1"
      address: "localhost:15236"
      dataStreamAddress: "localhost:15239"
      clientAddress: "localhost:15238"
      adminAddress: "localhost:15237"
      startupRole: FOLLOWER
    }
    peers {
      id: "s2"
      address: "localhost:15240"
      dataStreamAddress: "localhost:15243"
      clientAddress: "localhost:15242"
      adminAddress: "localhost:15241"
      startupRole: FOLLOWER
    }
    oldPeers {
      id: "s0"
      address: "localhost:15232"
      dataStreamAddress: "localhost:15235"
      clientAddress: "localhost:15234"
      adminAddress: "localhost:15233"
      startupRole: FOLLOWER
    }
    oldPeers {
      id: "s1"
      address: "localhost:15236"
      dataStreamAddress: "localhost:15239"
      clientAddress: "localhost:15238"
      adminAddress: "localhost:15237"
      startupRole: FOLLOWER
    }
    oldPeers {
      id: "s2"
      address: "localhost:15240"
      dataStreamAddress: "localhost:15243"
      clientAddress: "localhost:15242"
      adminAddress: "localhost:15241"
      startupRole: FOLLOWER
    }
  }
}
leaderCommit: 2
commitInfos {
  server {
    id: "s1"
    address: "localhost:15236"
    dataStreamAddress: "localhost:15239"
    clientAddress: "localhost:15238"
    adminAddress: "localhost:15237"
    startupRole: FOLLOWER
  }
  commitIndex: 2
}
commitInfos {
  server {
    id: "s0"
    address: "localhost:15232"
    dataStreamAddress: "localhost:15235"
    clientAddress: "localhost:15234"
    adminAddress: "localhost:15233"
    startupRole: FOLLOWER
  }
  commitIndex: 1
}
commitInfos {
  server {
    id: "s2"
    address: "localhost:15240"
    dataStreamAddress: "localhost:15243"
    clientAddress: "localhost:15242"
    adminAddress: "localhost:15241"
    startupRole: FOLLOWER
  }
  commitIndex: 1
}
commitInfos {
  server {
    id: "s3"
    address: "0.0.0.0:15244"
    clientAddress: "0.0.0.0:15246"
    adminAddress: "0.0.0.0:15245"
    startupRole: FOLLOWER
  }
  commitIndex: 2
}
commitInfos {
  server {
    id: "s4"
    address: "0.0.0.0:15248"
    clientAddress: "0.0.0.0:15250"
    adminAddress: "0.0.0.0:15249"
    startupRole: FOLLOWER
  }
  commitIndex: 2
}
)
2025-02-26 08:18:46,143 [main] WARN  util.LeakDetector (LeakDetector.java:assertNoLeaks(175)) - 13/30) numLeaks == 1 > 0, will wait and retry ...
2025-02-26 08:18:47,143 [main] WARN  util.ReferenceCountedLeakDetector (ReferenceCountedLeakDetector.java:logLeakMessage(167)) - LEAK: (class org.apache.ratis.proto.RaftProtos$AppendEntriesRequestProto, count=1, value=serverRequest {
  requestorId: "s1"
  replyId: "s0"
  raftGroupId {
    id: "\035a\261\264+QHq\274\315#\020\177yr\376"
  }
  callId: 13
}
leaderTerm: 1
previousLog {
  term: 1
  index: 2
}
entries {
  term: 1
  index: 3
  configurationEntry {
    peers {
      id: "s3"
      address: "0.0.0.0:15244"
      clientAddress: "0.0.0.0:15246"
      adminAddress: "0.0.0.0:15245"
      startupRole: FOLLOWER
    }
    peers {
      id: "s4"
      address: "0.0.0.0:15248"
      clientAddress: "0.0.0.0:15250"
      adminAddress: "0.0.0.0:15249"
      startupRole: FOLLOWER
    }
    peers {
      id: "s0"
      address: "localhost:15232"
      dataStreamAddress: "localhost:15235"
      clientAddress: "localhost:15234"
      adminAddress: "localhost:15233"
      startupRole: FOLLOWER
    }
    peers {
      id: "s1"
      address: "localhost:15236"
      dataStreamAddress: "localhost:15239"
      clientAddress: "localhost:15238"
      adminAddress: "localhost:15237"
      startupRole: FOLLOWER
    }
    peers {
      id: "s2"
      address: "localhost:15240"
      dataStreamAddress: "localhost:15243"
      clientAddress: "localhost:15242"
      adminAddress: "localhost:15241"
      startupRole: FOLLOWER
    }
    oldPeers {
      id: "s0"
      address: "localhost:15232"
      dataStreamAddress: "localhost:15235"
      clientAddress: "localhost:15234"
      adminAddress: "localhost:15233"
      startupRole: FOLLOWER
    }
    oldPeers {
      id: "s1"
      address: "localhost:15236"
      dataStreamAddress: "localhost:15239"
      clientAddress: "localhost:15238"
      adminAddress: "localhost:15237"
      startupRole: FOLLOWER
    }
    oldPeers {
      id: "s2"
      address: "localhost:15240"
      dataStreamAddress: "localhost:15243"
      clientAddress: "localhost:15242"
      adminAddress: "localhost:15241"
      startupRole: FOLLOWER
    }
  }
}
leaderCommit: 2
commitInfos {
  server {
    id: "s1"
    address: "localhost:15236"
    dataStreamAddress: "localhost:15239"
    clientAddress: "localhost:15238"
    adminAddress: "localhost:15237"
    startupRole: FOLLOWER
  }
  commitIndex: 2
}
commitInfos {
  server {
    id: "s0"
    address: "localhost:15232"
    dataStreamAddress: "localhost:15235"
    clientAddress: "localhost:15234"
    adminAddress: "localhost:15233"
    startupRole: FOLLOWER
  }
  commitIndex: 1
}
commitInfos {
  server {
    id: "s2"
    address: "localhost:15240"
    dataStreamAddress: "localhost:15243"
    clientAddress: "localhost:15242"
    adminAddress: "localhost:15241"
    startupRole: FOLLOWER
  }
  commitIndex: 1
}
commitInfos {
  server {
    id: "s3"
    address: "0.0.0.0:15244"
    clientAddress: "0.0.0.0:15246"
    adminAddress: "0.0.0.0:15245"
    startupRole: FOLLOWER
  }
  commitIndex: 2
}
commitInfos {
  server {
    id: "s4"
    address: "0.0.0.0:15248"
    clientAddress: "0.0.0.0:15250"
    adminAddress: "0.0.0.0:15249"
    startupRole: FOLLOWER
  }
  commitIndex: 2
}
)
2025-02-26 08:18:47,144 [main] WARN  util.LeakDetector (LeakDetector.java:assertNoLeaks(175)) - 14/30) numLeaks == 1 > 0, will wait and retry ...
2025-02-26 08:18:48,144 [main] WARN  util.ReferenceCountedLeakDetector (ReferenceCountedLeakDetector.java:logLeakMessage(167)) - LEAK: (class org.apache.ratis.proto.RaftProtos$AppendEntriesRequestProto, count=1, value=serverRequest {
  requestorId: "s1"
  replyId: "s0"
  raftGroupId {
    id: "\035a\261\264+QHq\274\315#\020\177yr\376"
  }
  callId: 13
}
leaderTerm: 1
previousLog {
  term: 1
  index: 2
}
entries {
  term: 1
  index: 3
  configurationEntry {
    peers {
      id: "s3"
      address: "0.0.0.0:15244"
      clientAddress: "0.0.0.0:15246"
      adminAddress: "0.0.0.0:15245"
      startupRole: FOLLOWER
    }
    peers {
      id: "s4"
      address: "0.0.0.0:15248"
      clientAddress: "0.0.0.0:15250"
      adminAddress: "0.0.0.0:15249"
      startupRole: FOLLOWER
    }
    peers {
      id: "s0"
      address: "localhost:15232"
      dataStreamAddress: "localhost:15235"
      clientAddress: "localhost:15234"
      adminAddress: "localhost:15233"
      startupRole: FOLLOWER
    }
    peers {
      id: "s1"
      address: "localhost:15236"
      dataStreamAddress: "localhost:15239"
      clientAddress: "localhost:15238"
      adminAddress: "localhost:15237"
      startupRole: FOLLOWER
    }
    peers {
      id: "s2"
      address: "localhost:15240"
      dataStreamAddress: "localhost:15243"
      clientAddress: "localhost:15242"
      adminAddress: "localhost:15241"
      startupRole: FOLLOWER
    }
    oldPeers {
      id: "s0"
      address: "localhost:15232"
      dataStreamAddress: "localhost:15235"
      clientAddress: "localhost:15234"
      adminAddress: "localhost:15233"
      startupRole: FOLLOWER
    }
    oldPeers {
      id: "s1"
      address: "localhost:15236"
      dataStreamAddress: "localhost:15239"
      clientAddress: "localhost:15238"
      adminAddress: "localhost:15237"
      startupRole: FOLLOWER
    }
    oldPeers {
      id: "s2"
      address: "localhost:15240"
      dataStreamAddress: "localhost:15243"
      clientAddress: "localhost:15242"
      adminAddress: "localhost:15241"
      startupRole: FOLLOWER
    }
  }
}
leaderCommit: 2
commitInfos {
  server {
    id: "s1"
    address: "localhost:15236"
    dataStreamAddress: "localhost:15239"
    clientAddress: "localhost:15238"
    adminAddress: "localhost:15237"
    startupRole: FOLLOWER
  }
  commitIndex: 2
}
commitInfos {
  server {
    id: "s0"
    address: "localhost:15232"
    dataStreamAddress: "localhost:15235"
    clientAddress: "localhost:15234"
    adminAddress: "localhost:15233"
    startupRole: FOLLOWER
  }
  commitIndex: 1
}
commitInfos {
  server {
    id: "s2"
    address: "localhost:15240"
    dataStreamAddress: "localhost:15243"
    clientAddress: "localhost:15242"
    adminAddress: "localhost:15241"
    startupRole: FOLLOWER
  }
  commitIndex: 1
}
commitInfos {
  server {
    id: "s3"
    address: "0.0.0.0:15244"
    clientAddress: "0.0.0.0:15246"
    adminAddress: "0.0.0.0:15245"
    startupRole: FOLLOWER
  }
  commitIndex: 2
}
commitInfos {
  server {
    id: "s4"
    address: "0.0.0.0:15248"
    clientAddress: "0.0.0.0:15250"
    adminAddress: "0.0.0.0:15249"
    startupRole: FOLLOWER
  }
  commitIndex: 2
}
)
2025-02-26 08:18:48,144 [main] WARN  util.LeakDetector (LeakDetector.java:assertNoLeaks(175)) - 15/30) numLeaks == 1 > 0, will wait and retry ...
2025-02-26 08:18:49,145 [main] WARN  util.ReferenceCountedLeakDetector (ReferenceCountedLeakDetector.java:logLeakMessage(167)) - LEAK: (class org.apache.ratis.proto.RaftProtos$AppendEntriesRequestProto, count=1, value=serverRequest {
  requestorId: "s1"
  replyId: "s0"
  raftGroupId {
    id: "\035a\261\264+QHq\274\315#\020\177yr\376"
  }
  callId: 13
}
leaderTerm: 1
previousLog {
  term: 1
  index: 2
}
entries {
  term: 1
  index: 3
  configurationEntry {
    peers {
      id: "s3"
      address: "0.0.0.0:15244"
      clientAddress: "0.0.0.0:15246"
      adminAddress: "0.0.0.0:15245"
      startupRole: FOLLOWER
    }
    peers {
      id: "s4"
      address: "0.0.0.0:15248"
      clientAddress: "0.0.0.0:15250"
      adminAddress: "0.0.0.0:15249"
      startupRole: FOLLOWER
    }
    peers {
      id: "s0"
      address: "localhost:15232"
      dataStreamAddress: "localhost:15235"
      clientAddress: "localhost:15234"
      adminAddress: "localhost:15233"
      startupRole: FOLLOWER
    }
    peers {
      id: "s1"
      address: "localhost:15236"
      dataStreamAddress: "localhost:15239"
      clientAddress: "localhost:15238"
      adminAddress: "localhost:15237"
      startupRole: FOLLOWER
    }
    peers {
      id: "s2"
      address: "localhost:15240"
      dataStreamAddress: "localhost:15243"
      clientAddress: "localhost:15242"
      adminAddress: "localhost:15241"
      startupRole: FOLLOWER
    }
    oldPeers {
      id: "s0"
      address: "localhost:15232"
      dataStreamAddress: "localhost:15235"
      clientAddress: "localhost:15234"
      adminAddress: "localhost:15233"
      startupRole: FOLLOWER
    }
    oldPeers {
      id: "s1"
      address: "localhost:15236"
      dataStreamAddress: "localhost:15239"
      clientAddress: "localhost:15238"
      adminAddress: "localhost:15237"
      startupRole: FOLLOWER
    }
    oldPeers {
      id: "s2"
      address: "localhost:15240"
      dataStreamAddress: "localhost:15243"
      clientAddress: "localhost:15242"
      adminAddress: "localhost:15241"
      startupRole: FOLLOWER
    }
  }
}
leaderCommit: 2
commitInfos {
  server {
    id: "s1"
    address: "localhost:15236"
    dataStreamAddress: "localhost:15239"
    clientAddress: "localhost:15238"
    adminAddress: "localhost:15237"
    startupRole: FOLLOWER
  }
  commitIndex: 2
}
commitInfos {
  server {
    id: "s0"
    address: "localhost:15232"
    dataStreamAddress: "localhost:15235"
    clientAddress: "localhost:15234"
    adminAddress: "localhost:15233"
    startupRole: FOLLOWER
  }
  commitIndex: 1
}
commitInfos {
  server {
    id: "s2"
    address: "localhost:15240"
    dataStreamAddress: "localhost:15243"
    clientAddress: "localhost:15242"
    adminAddress: "localhost:15241"
    startupRole: FOLLOWER
  }
  commitIndex: 1
}
commitInfos {
  server {
    id: "s3"
    address: "0.0.0.0:15244"
    clientAddress: "0.0.0.0:15246"
    adminAddress: "0.0.0.0:15245"
    startupRole: FOLLOWER
  }
  commitIndex: 2
}
commitInfos {
  server {
    id: "s4"
    address: "0.0.0.0:15248"
    clientAddress: "0.0.0.0:15250"
    adminAddress: "0.0.0.0:15249"
    startupRole: FOLLOWER
  }
  commitIndex: 2
}
)
2025-02-26 08:18:49,145 [main] WARN  util.LeakDetector (LeakDetector.java:assertNoLeaks(175)) - 16/30) numLeaks == 1 > 0, will wait and retry ...
2025-02-26 08:18:50,145 [main] WARN  util.ReferenceCountedLeakDetector (ReferenceCountedLeakDetector.java:logLeakMessage(167)) - LEAK: (class org.apache.ratis.proto.RaftProtos$AppendEntriesRequestProto, count=1, value=serverRequest {
  requestorId: "s1"
  replyId: "s0"
  raftGroupId {
    id: "\035a\261\264+QHq\274\315#\020\177yr\376"
  }
  callId: 13
}
leaderTerm: 1
previousLog {
  term: 1
  index: 2
}
entries {
  term: 1
  index: 3
  configurationEntry {
    peers {
      id: "s3"
      address: "0.0.0.0:15244"
      clientAddress: "0.0.0.0:15246"
      adminAddress: "0.0.0.0:15245"
      startupRole: FOLLOWER
    }
    peers {
      id: "s4"
      address: "0.0.0.0:15248"
      clientAddress: "0.0.0.0:15250"
      adminAddress: "0.0.0.0:15249"
      startupRole: FOLLOWER
    }
    peers {
      id: "s0"
      address: "localhost:15232"
      dataStreamAddress: "localhost:15235"
      clientAddress: "localhost:15234"
      adminAddress: "localhost:15233"
      startupRole: FOLLOWER
    }
    peers {
      id: "s1"
      address: "localhost:15236"
      dataStreamAddress: "localhost:15239"
      clientAddress: "localhost:15238"
      adminAddress: "localhost:15237"
      startupRole: FOLLOWER
    }
    peers {
      id: "s2"
      address: "localhost:15240"
      dataStreamAddress: "localhost:15243"
      clientAddress: "localhost:15242"
      adminAddress: "localhost:15241"
      startupRole: FOLLOWER
    }
    oldPeers {
      id: "s0"
      address: "localhost:15232"
      dataStreamAddress: "localhost:15235"
      clientAddress: "localhost:15234"
      adminAddress: "localhost:15233"
      startupRole: FOLLOWER
    }
    oldPeers {
      id: "s1"
      address: "localhost:15236"
      dataStreamAddress: "localhost:15239"
      clientAddress: "localhost:15238"
      adminAddress: "localhost:15237"
      startupRole: FOLLOWER
    }
    oldPeers {
      id: "s2"
      address: "localhost:15240"
      dataStreamAddress: "localhost:15243"
      clientAddress: "localhost:15242"
      adminAddress: "localhost:15241"
      startupRole: FOLLOWER
    }
  }
}
leaderCommit: 2
commitInfos {
  server {
    id: "s1"
    address: "localhost:15236"
    dataStreamAddress: "localhost:15239"
    clientAddress: "localhost:15238"
    adminAddress: "localhost:15237"
    startupRole: FOLLOWER
  }
  commitIndex: 2
}
commitInfos {
  server {
    id: "s0"
    address: "localhost:15232"
    dataStreamAddress: "localhost:15235"
    clientAddress: "localhost:15234"
    adminAddress: "localhost:15233"
    startupRole: FOLLOWER
  }
  commitIndex: 1
}
commitInfos {
  server {
    id: "s2"
    address: "localhost:15240"
    dataStreamAddress: "localhost:15243"
    clientAddress: "localhost:15242"
    adminAddress: "localhost:15241"
    startupRole: FOLLOWER
  }
  commitIndex: 1
}
commitInfos {
  server {
    id: "s3"
    address: "0.0.0.0:15244"
    clientAddress: "0.0.0.0:15246"
    adminAddress: "0.0.0.0:15245"
    startupRole: FOLLOWER
  }
  commitIndex: 2
}
commitInfos {
  server {
    id: "s4"
    address: "0.0.0.0:15248"
    clientAddress: "0.0.0.0:15250"
    adminAddress: "0.0.0.0:15249"
    startupRole: FOLLOWER
  }
  commitIndex: 2
}
)
2025-02-26 08:18:50,145 [main] WARN  util.LeakDetector (LeakDetector.java:assertNoLeaks(175)) - 17/30) numLeaks == 1 > 0, will wait and retry ...
2025-02-26 08:18:51,146 [main] WARN  util.ReferenceCountedLeakDetector (ReferenceCountedLeakDetector.java:logLeakMessage(167)) - LEAK: (class org.apache.ratis.proto.RaftProtos$AppendEntriesRequestProto, count=1, value=serverRequest {
  requestorId: "s1"
  replyId: "s0"
  raftGroupId {
    id: "\035a\261\264+QHq\274\315#\020\177yr\376"
  }
  callId: 13
}
leaderTerm: 1
previousLog {
  term: 1
  index: 2
}
entries {
  term: 1
  index: 3
  configurationEntry {
    peers {
      id: "s3"
      address: "0.0.0.0:15244"
      clientAddress: "0.0.0.0:15246"
      adminAddress: "0.0.0.0:15245"
      startupRole: FOLLOWER
    }
    peers {
      id: "s4"
      address: "0.0.0.0:15248"
      clientAddress: "0.0.0.0:15250"
      adminAddress: "0.0.0.0:15249"
      startupRole: FOLLOWER
    }
    peers {
      id: "s0"
      address: "localhost:15232"
      dataStreamAddress: "localhost:15235"
      clientAddress: "localhost:15234"
      adminAddress: "localhost:15233"
      startupRole: FOLLOWER
    }
    peers {
      id: "s1"
      address: "localhost:15236"
      dataStreamAddress: "localhost:15239"
      clientAddress: "localhost:15238"
      adminAddress: "localhost:15237"
      startupRole: FOLLOWER
    }
    peers {
      id: "s2"
      address: "localhost:15240"
      dataStreamAddress: "localhost:15243"
      clientAddress: "localhost:15242"
      adminAddress: "localhost:15241"
      startupRole: FOLLOWER
    }
    oldPeers {
      id: "s0"
      address: "localhost:15232"
      dataStreamAddress: "localhost:15235"
      clientAddress: "localhost:15234"
      adminAddress: "localhost:15233"
      startupRole: FOLLOWER
    }
    oldPeers {
      id: "s1"
      address: "localhost:15236"
      dataStreamAddress: "localhost:15239"
      clientAddress: "localhost:15238"
      adminAddress: "localhost:15237"
      startupRole: FOLLOWER
    }
    oldPeers {
      id: "s2"
      address: "localhost:15240"
      dataStreamAddress: "localhost:15243"
      clientAddress: "localhost:15242"
      adminAddress: "localhost:15241"
      startupRole: FOLLOWER
    }
  }
}
leaderCommit: 2
commitInfos {
  server {
    id: "s1"
    address: "localhost:15236"
    dataStreamAddress: "localhost:15239"
    clientAddress: "localhost:15238"
    adminAddress: "localhost:15237"
    startupRole: FOLLOWER
  }
  commitIndex: 2
}
commitInfos {
  server {
    id: "s0"
    address: "localhost:15232"
    dataStreamAddress: "localhost:15235"
    clientAddress: "localhost:15234"
    adminAddress: "localhost:15233"
    startupRole: FOLLOWER
  }
  commitIndex: 1
}
commitInfos {
  server {
    id: "s2"
    address: "localhost:15240"
    dataStreamAddress: "localhost:15243"
    clientAddress: "localhost:15242"
    adminAddress: "localhost:15241"
    startupRole: FOLLOWER
  }
  commitIndex: 1
}
commitInfos {
  server {
    id: "s3"
    address: "0.0.0.0:15244"
    clientAddress: "0.0.0.0:15246"
    adminAddress: "0.0.0.0:15245"
    startupRole: FOLLOWER
  }
  commitIndex: 2
}
commitInfos {
  server {
    id: "s4"
    address: "0.0.0.0:15248"
    clientAddress: "0.0.0.0:15250"
    adminAddress: "0.0.0.0:15249"
    startupRole: FOLLOWER
  }
  commitIndex: 2
}
)
2025-02-26 08:18:51,146 [main] WARN  util.LeakDetector (LeakDetector.java:assertNoLeaks(175)) - 18/30) numLeaks == 1 > 0, will wait and retry ...
2025-02-26 08:18:52,146 [main] WARN  util.ReferenceCountedLeakDetector (ReferenceCountedLeakDetector.java:logLeakMessage(167)) - LEAK: (class org.apache.ratis.proto.RaftProtos$AppendEntriesRequestProto, count=1, value=serverRequest {
  requestorId: "s1"
  replyId: "s0"
  raftGroupId {
    id: "\035a\261\264+QHq\274\315#\020\177yr\376"
  }
  callId: 13
}
leaderTerm: 1
previousLog {
  term: 1
  index: 2
}
entries {
  term: 1
  index: 3
  configurationEntry {
    peers {
      id: "s3"
      address: "0.0.0.0:15244"
      clientAddress: "0.0.0.0:15246"
      adminAddress: "0.0.0.0:15245"
      startupRole: FOLLOWER
    }
    peers {
      id: "s4"
      address: "0.0.0.0:15248"
      clientAddress: "0.0.0.0:15250"
      adminAddress: "0.0.0.0:15249"
      startupRole: FOLLOWER
    }
    peers {
      id: "s0"
      address: "localhost:15232"
      dataStreamAddress: "localhost:15235"
      clientAddress: "localhost:15234"
      adminAddress: "localhost:15233"
      startupRole: FOLLOWER
    }
    peers {
      id: "s1"
      address: "localhost:15236"
      dataStreamAddress: "localhost:15239"
      clientAddress: "localhost:15238"
      adminAddress: "localhost:15237"
      startupRole: FOLLOWER
    }
    peers {
      id: "s2"
      address: "localhost:15240"
      dataStreamAddress: "localhost:15243"
      clientAddress: "localhost:15242"
      adminAddress: "localhost:15241"
      startupRole: FOLLOWER
    }
    oldPeers {
      id: "s0"
      address: "localhost:15232"
      dataStreamAddress: "localhost:15235"
      clientAddress: "localhost:15234"
      adminAddress: "localhost:15233"
      startupRole: FOLLOWER
    }
    oldPeers {
      id: "s1"
      address: "localhost:15236"
      dataStreamAddress: "localhost:15239"
      clientAddress: "localhost:15238"
      adminAddress: "localhost:15237"
      startupRole: FOLLOWER
    }
    oldPeers {
      id: "s2"
      address: "localhost:15240"
      dataStreamAddress: "localhost:15243"
      clientAddress: "localhost:15242"
      adminAddress: "localhost:15241"
      startupRole: FOLLOWER
    }
  }
}
leaderCommit: 2
commitInfos {
  server {
    id: "s1"
    address: "localhost:15236"
    dataStreamAddress: "localhost:15239"
    clientAddress: "localhost:15238"
    adminAddress: "localhost:15237"
    startupRole: FOLLOWER
  }
  commitIndex: 2
}
commitInfos {
  server {
    id: "s0"
    address: "localhost:15232"
    dataStreamAddress: "localhost:15235"
    clientAddress: "localhost:15234"
    adminAddress: "localhost:15233"
    startupRole: FOLLOWER
  }
  commitIndex: 1
}
commitInfos {
  server {
    id: "s2"
    address: "localhost:15240"
    dataStreamAddress: "localhost:15243"
    clientAddress: "localhost:15242"
    adminAddress: "localhost:15241"
    startupRole: FOLLOWER
  }
  commitIndex: 1
}
commitInfos {
  server {
    id: "s3"
    address: "0.0.0.0:15244"
    clientAddress: "0.0.0.0:15246"
    adminAddress: "0.0.0.0:15245"
    startupRole: FOLLOWER
  }
  commitIndex: 2
}
commitInfos {
  server {
    id: "s4"
    address: "0.0.0.0:15248"
    clientAddress: "0.0.0.0:15250"
    adminAddress: "0.0.0.0:15249"
    startupRole: FOLLOWER
  }
  commitIndex: 2
}
)
2025-02-26 08:18:52,147 [main] WARN  util.LeakDetector (LeakDetector.java:assertNoLeaks(175)) - 19/30) numLeaks == 1 > 0, will wait and retry ...
2025-02-26 08:18:53,147 [main] WARN  util.ReferenceCountedLeakDetector (ReferenceCountedLeakDetector.java:logLeakMessage(167)) - LEAK: (class org.apache.ratis.proto.RaftProtos$AppendEntriesRequestProto, count=1, value=serverRequest {
  requestorId: "s1"
  replyId: "s0"
  raftGroupId {
    id: "\035a\261\264+QHq\274\315#\020\177yr\376"
  }
  callId: 13
}
leaderTerm: 1
previousLog {
  term: 1
  index: 2
}
entries {
  term: 1
  index: 3
  configurationEntry {
    peers {
      id: "s3"
      address: "0.0.0.0:15244"
      clientAddress: "0.0.0.0:15246"
      adminAddress: "0.0.0.0:15245"
      startupRole: FOLLOWER
    }
    peers {
      id: "s4"
      address: "0.0.0.0:15248"
      clientAddress: "0.0.0.0:15250"
      adminAddress: "0.0.0.0:15249"
      startupRole: FOLLOWER
    }
    peers {
      id: "s0"
      address: "localhost:15232"
      dataStreamAddress: "localhost:15235"
      clientAddress: "localhost:15234"
      adminAddress: "localhost:15233"
      startupRole: FOLLOWER
    }
    peers {
      id: "s1"
      address: "localhost:15236"
      dataStreamAddress: "localhost:15239"
      clientAddress: "localhost:15238"
      adminAddress: "localhost:15237"
      startupRole: FOLLOWER
    }
    peers {
      id: "s2"
      address: "localhost:15240"
      dataStreamAddress: "localhost:15243"
      clientAddress: "localhost:15242"
      adminAddress: "localhost:15241"
      startupRole: FOLLOWER
    }
    oldPeers {
      id: "s0"
      address: "localhost:15232"
      dataStreamAddress: "localhost:15235"
      clientAddress: "localhost:15234"
      adminAddress: "localhost:15233"
      startupRole: FOLLOWER
    }
    oldPeers {
      id: "s1"
      address: "localhost:15236"
      dataStreamAddress: "localhost:15239"
      clientAddress: "localhost:15238"
      adminAddress: "localhost:15237"
      startupRole: FOLLOWER
    }
    oldPeers {
      id: "s2"
      address: "localhost:15240"
      dataStreamAddress: "localhost:15243"
      clientAddress: "localhost:15242"
      adminAddress: "localhost:15241"
      startupRole: FOLLOWER
    }
  }
}
leaderCommit: 2
commitInfos {
  server {
    id: "s1"
    address: "localhost:15236"
    dataStreamAddress: "localhost:15239"
    clientAddress: "localhost:15238"
    adminAddress: "localhost:15237"
    startupRole: FOLLOWER
  }
  commitIndex: 2
}
commitInfos {
  server {
    id: "s0"
    address: "localhost:15232"
    dataStreamAddress: "localhost:15235"
    clientAddress: "localhost:15234"
    adminAddress: "localhost:15233"
    startupRole: FOLLOWER
  }
  commitIndex: 1
}
commitInfos {
  server {
    id: "s2"
    address: "localhost:15240"
    dataStreamAddress: "localhost:15243"
    clientAddress: "localhost:15242"
    adminAddress: "localhost:15241"
    startupRole: FOLLOWER
  }
  commitIndex: 1
}
commitInfos {
  server {
    id: "s3"
    address: "0.0.0.0:15244"
    clientAddress: "0.0.0.0:15246"
    adminAddress: "0.0.0.0:15245"
    startupRole: FOLLOWER
  }
  commitIndex: 2
}
commitInfos {
  server {
    id: "s4"
    address: "0.0.0.0:15248"
    clientAddress: "0.0.0.0:15250"
    adminAddress: "0.0.0.0:15249"
    startupRole: FOLLOWER
  }
  commitIndex: 2
}
)
2025-02-26 08:18:53,147 [main] WARN  util.LeakDetector (LeakDetector.java:assertNoLeaks(175)) - 20/30) numLeaks == 1 > 0, will wait and retry ...
2025-02-26 08:18:54,148 [main] WARN  util.ReferenceCountedLeakDetector (ReferenceCountedLeakDetector.java:logLeakMessage(167)) - LEAK: (class org.apache.ratis.proto.RaftProtos$AppendEntriesRequestProto, count=1, value=serverRequest {
  requestorId: "s1"
  replyId: "s0"
  raftGroupId {
    id: "\035a\261\264+QHq\274\315#\020\177yr\376"
  }
  callId: 13
}
leaderTerm: 1
previousLog {
  term: 1
  index: 2
}
entries {
  term: 1
  index: 3
  configurationEntry {
    peers {
      id: "s3"
      address: "0.0.0.0:15244"
      clientAddress: "0.0.0.0:15246"
      adminAddress: "0.0.0.0:15245"
      startupRole: FOLLOWER
    }
    peers {
      id: "s4"
      address: "0.0.0.0:15248"
      clientAddress: "0.0.0.0:15250"
      adminAddress: "0.0.0.0:15249"
      startupRole: FOLLOWER
    }
    peers {
      id: "s0"
      address: "localhost:15232"
      dataStreamAddress: "localhost:15235"
      clientAddress: "localhost:15234"
      adminAddress: "localhost:15233"
      startupRole: FOLLOWER
    }
    peers {
      id: "s1"
      address: "localhost:15236"
      dataStreamAddress: "localhost:15239"
      clientAddress: "localhost:15238"
      adminAddress: "localhost:15237"
      startupRole: FOLLOWER
    }
    peers {
      id: "s2"
      address: "localhost:15240"
      dataStreamAddress: "localhost:15243"
      clientAddress: "localhost:15242"
      adminAddress: "localhost:15241"
      startupRole: FOLLOWER
    }
    oldPeers {
      id: "s0"
      address: "localhost:15232"
      dataStreamAddress: "localhost:15235"
      clientAddress: "localhost:15234"
      adminAddress: "localhost:15233"
      startupRole: FOLLOWER
    }
    oldPeers {
      id: "s1"
      address: "localhost:15236"
      dataStreamAddress: "localhost:15239"
      clientAddress: "localhost:15238"
      adminAddress: "localhost:15237"
      startupRole: FOLLOWER
    }
    oldPeers {
      id: "s2"
      address: "localhost:15240"
      dataStreamAddress: "localhost:15243"
      clientAddress: "localhost:15242"
      adminAddress: "localhost:15241"
      startupRole: FOLLOWER
    }
  }
}
leaderCommit: 2
commitInfos {
  server {
    id: "s1"
    address: "localhost:15236"
    dataStreamAddress: "localhost:15239"
    clientAddress: "localhost:15238"
    adminAddress: "localhost:15237"
    startupRole: FOLLOWER
  }
  commitIndex: 2
}
commitInfos {
  server {
    id: "s0"
    address: "localhost:15232"
    dataStreamAddress: "localhost:15235"
    clientAddress: "localhost:15234"
    adminAddress: "localhost:15233"
    startupRole: FOLLOWER
  }
  commitIndex: 1
}
commitInfos {
  server {
    id: "s2"
    address: "localhost:15240"
    dataStreamAddress: "localhost:15243"
    clientAddress: "localhost:15242"
    adminAddress: "localhost:15241"
    startupRole: FOLLOWER
  }
  commitIndex: 1
}
commitInfos {
  server {
    id: "s3"
    address: "0.0.0.0:15244"
    clientAddress: "0.0.0.0:15246"
    adminAddress: "0.0.0.0:15245"
    startupRole: FOLLOWER
  }
  commitIndex: 2
}
commitInfos {
  server {
    id: "s4"
    address: "0.0.0.0:15248"
    clientAddress: "0.0.0.0:15250"
    adminAddress: "0.0.0.0:15249"
    startupRole: FOLLOWER
  }
  commitIndex: 2
}
)
2025-02-26 08:18:54,148 [main] WARN  util.LeakDetector (LeakDetector.java:assertNoLeaks(175)) - 21/30) numLeaks == 1 > 0, will wait and retry ...
2025-02-26 08:18:55,148 [main] WARN  util.ReferenceCountedLeakDetector (ReferenceCountedLeakDetector.java:logLeakMessage(167)) - LEAK: (class org.apache.ratis.proto.RaftProtos$AppendEntriesRequestProto, count=1, value=serverRequest {
  requestorId: "s1"
  replyId: "s0"
  raftGroupId {
    id: "\035a\261\264+QHq\274\315#\020\177yr\376"
  }
  callId: 13
}
leaderTerm: 1
previousLog {
  term: 1
  index: 2
}
entries {
  term: 1
  index: 3
  configurationEntry {
    peers {
      id: "s3"
      address: "0.0.0.0:15244"
      clientAddress: "0.0.0.0:15246"
      adminAddress: "0.0.0.0:15245"
      startupRole: FOLLOWER
    }
    peers {
      id: "s4"
      address: "0.0.0.0:15248"
      clientAddress: "0.0.0.0:15250"
      adminAddress: "0.0.0.0:15249"
      startupRole: FOLLOWER
    }
    peers {
      id: "s0"
      address: "localhost:15232"
      dataStreamAddress: "localhost:15235"
      clientAddress: "localhost:15234"
      adminAddress: "localhost:15233"
      startupRole: FOLLOWER
    }
    peers {
      id: "s1"
      address: "localhost:15236"
      dataStreamAddress: "localhost:15239"
      clientAddress: "localhost:15238"
      adminAddress: "localhost:15237"
      startupRole: FOLLOWER
    }
    peers {
      id: "s2"
      address: "localhost:15240"
      dataStreamAddress: "localhost:15243"
      clientAddress: "localhost:15242"
      adminAddress: "localhost:15241"
      startupRole: FOLLOWER
    }
    oldPeers {
      id: "s0"
      address: "localhost:15232"
      dataStreamAddress: "localhost:15235"
      clientAddress: "localhost:15234"
      adminAddress: "localhost:15233"
      startupRole: FOLLOWER
    }
    oldPeers {
      id: "s1"
      address: "localhost:15236"
      dataStreamAddress: "localhost:15239"
      clientAddress: "localhost:15238"
      adminAddress: "localhost:15237"
      startupRole: FOLLOWER
    }
    oldPeers {
      id: "s2"
      address: "localhost:15240"
      dataStreamAddress: "localhost:15243"
      clientAddress: "localhost:15242"
      adminAddress: "localhost:15241"
      startupRole: FOLLOWER
    }
  }
}
leaderCommit: 2
commitInfos {
  server {
    id: "s1"
    address: "localhost:15236"
    dataStreamAddress: "localhost:15239"
    clientAddress: "localhost:15238"
    adminAddress: "localhost:15237"
    startupRole: FOLLOWER
  }
  commitIndex: 2
}
commitInfos {
  server {
    id: "s0"
    address: "localhost:15232"
    dataStreamAddress: "localhost:15235"
    clientAddress: "localhost:15234"
    adminAddress: "localhost:15233"
    startupRole: FOLLOWER
  }
  commitIndex: 1
}
commitInfos {
  server {
    id: "s2"
    address: "localhost:15240"
    dataStreamAddress: "localhost:15243"
    clientAddress: "localhost:15242"
    adminAddress: "localhost:15241"
    startupRole: FOLLOWER
  }
  commitIndex: 1
}
commitInfos {
  server {
    id: "s3"
    address: "0.0.0.0:15244"
    clientAddress: "0.0.0.0:15246"
    adminAddress: "0.0.0.0:15245"
    startupRole: FOLLOWER
  }
  commitIndex: 2
}
commitInfos {
  server {
    id: "s4"
    address: "0.0.0.0:15248"
    clientAddress: "0.0.0.0:15250"
    adminAddress: "0.0.0.0:15249"
    startupRole: FOLLOWER
  }
  commitIndex: 2
}
)
2025-02-26 08:18:55,149 [main] WARN  util.LeakDetector (LeakDetector.java:assertNoLeaks(175)) - 22/30) numLeaks == 1 > 0, will wait and retry ...
2025-02-26 08:18:56,149 [main] WARN  util.ReferenceCountedLeakDetector (ReferenceCountedLeakDetector.java:logLeakMessage(167)) - LEAK: (class org.apache.ratis.proto.RaftProtos$AppendEntriesRequestProto, count=1, value=serverRequest {
  requestorId: "s1"
  replyId: "s0"
  raftGroupId {
    id: "\035a\261\264+QHq\274\315#\020\177yr\376"
  }
  callId: 13
}
leaderTerm: 1
previousLog {
  term: 1
  index: 2
}
entries {
  term: 1
  index: 3
  configurationEntry {
    peers {
      id: "s3"
      address: "0.0.0.0:15244"
      clientAddress: "0.0.0.0:15246"
      adminAddress: "0.0.0.0:15245"
      startupRole: FOLLOWER
    }
    peers {
      id: "s4"
      address: "0.0.0.0:15248"
      clientAddress: "0.0.0.0:15250"
      adminAddress: "0.0.0.0:15249"
      startupRole: FOLLOWER
    }
    peers {
      id: "s0"
      address: "localhost:15232"
      dataStreamAddress: "localhost:15235"
      clientAddress: "localhost:15234"
      adminAddress: "localhost:15233"
      startupRole: FOLLOWER
    }
    peers {
      id: "s1"
      address: "localhost:15236"
      dataStreamAddress: "localhost:15239"
      clientAddress: "localhost:15238"
      adminAddress: "localhost:15237"
      startupRole: FOLLOWER
    }
    peers {
      id: "s2"
      address: "localhost:15240"
      dataStreamAddress: "localhost:15243"
      clientAddress: "localhost:15242"
      adminAddress: "localhost:15241"
      startupRole: FOLLOWER
    }
    oldPeers {
      id: "s0"
      address: "localhost:15232"
      dataStreamAddress: "localhost:15235"
      clientAddress: "localhost:15234"
      adminAddress: "localhost:15233"
      startupRole: FOLLOWER
    }
    oldPeers {
      id: "s1"
      address: "localhost:15236"
      dataStreamAddress: "localhost:15239"
      clientAddress: "localhost:15238"
      adminAddress: "localhost:15237"
      startupRole: FOLLOWER
    }
    oldPeers {
      id: "s2"
      address: "localhost:15240"
      dataStreamAddress: "localhost:15243"
      clientAddress: "localhost:15242"
      adminAddress: "localhost:15241"
      startupRole: FOLLOWER
    }
  }
}
leaderCommit: 2
commitInfos {
  server {
    id: "s1"
    address: "localhost:15236"
    dataStreamAddress: "localhost:15239"
    clientAddress: "localhost:15238"
    adminAddress: "localhost:15237"
    startupRole: FOLLOWER
  }
  commitIndex: 2
}
commitInfos {
  server {
    id: "s0"
    address: "localhost:15232"
    dataStreamAddress: "localhost:15235"
    clientAddress: "localhost:15234"
    adminAddress: "localhost:15233"
    startupRole: FOLLOWER
  }
  commitIndex: 1
}
commitInfos {
  server {
    id: "s2"
    address: "localhost:15240"
    dataStreamAddress: "localhost:15243"
    clientAddress: "localhost:15242"
    adminAddress: "localhost:15241"
    startupRole: FOLLOWER
  }
  commitIndex: 1
}
commitInfos {
  server {
    id: "s3"
    address: "0.0.0.0:15244"
    clientAddress: "0.0.0.0:15246"
    adminAddress: "0.0.0.0:15245"
    startupRole: FOLLOWER
  }
  commitIndex: 2
}
commitInfos {
  server {
    id: "s4"
    address: "0.0.0.0:15248"
    clientAddress: "0.0.0.0:15250"
    adminAddress: "0.0.0.0:15249"
    startupRole: FOLLOWER
  }
  commitIndex: 2
}
)
2025-02-26 08:18:56,149 [main] WARN  util.LeakDetector (LeakDetector.java:assertNoLeaks(175)) - 23/30) numLeaks == 1 > 0, will wait and retry ...
2025-02-26 08:18:57,149 [main] WARN  util.ReferenceCountedLeakDetector (ReferenceCountedLeakDetector.java:logLeakMessage(167)) - LEAK: (class org.apache.ratis.proto.RaftProtos$AppendEntriesRequestProto, count=1, value=serverRequest {
  requestorId: "s1"
  replyId: "s0"
  raftGroupId {
    id: "\035a\261\264+QHq\274\315#\020\177yr\376"
  }
  callId: 13
}
leaderTerm: 1
previousLog {
  term: 1
  index: 2
}
entries {
  term: 1
  index: 3
  configurationEntry {
    peers {
      id: "s3"
      address: "0.0.0.0:15244"
      clientAddress: "0.0.0.0:15246"
      adminAddress: "0.0.0.0:15245"
      startupRole: FOLLOWER
    }
    peers {
      id: "s4"
      address: "0.0.0.0:15248"
      clientAddress: "0.0.0.0:15250"
      adminAddress: "0.0.0.0:15249"
      startupRole: FOLLOWER
    }
    peers {
      id: "s0"
      address: "localhost:15232"
      dataStreamAddress: "localhost:15235"
      clientAddress: "localhost:15234"
      adminAddress: "localhost:15233"
      startupRole: FOLLOWER
    }
    peers {
      id: "s1"
      address: "localhost:15236"
      dataStreamAddress: "localhost:15239"
      clientAddress: "localhost:15238"
      adminAddress: "localhost:15237"
      startupRole: FOLLOWER
    }
    peers {
      id: "s2"
      address: "localhost:15240"
      dataStreamAddress: "localhost:15243"
      clientAddress: "localhost:15242"
      adminAddress: "localhost:15241"
      startupRole: FOLLOWER
    }
    oldPeers {
      id: "s0"
      address: "localhost:15232"
      dataStreamAddress: "localhost:15235"
      clientAddress: "localhost:15234"
      adminAddress: "localhost:15233"
      startupRole: FOLLOWER
    }
    oldPeers {
      id: "s1"
      address: "localhost:15236"
      dataStreamAddress: "localhost:15239"
      clientAddress: "localhost:15238"
      adminAddress: "localhost:15237"
      startupRole: FOLLOWER
    }
    oldPeers {
      id: "s2"
      address: "localhost:15240"
      dataStreamAddress: "localhost:15243"
      clientAddress: "localhost:15242"
      adminAddress: "localhost:15241"
      startupRole: FOLLOWER
    }
  }
}
leaderCommit: 2
commitInfos {
  server {
    id: "s1"
    address: "localhost:15236"
    dataStreamAddress: "localhost:15239"
    clientAddress: "localhost:15238"
    adminAddress: "localhost:15237"
    startupRole: FOLLOWER
  }
  commitIndex: 2
}
commitInfos {
  server {
    id: "s0"
    address: "localhost:15232"
    dataStreamAddress: "localhost:15235"
    clientAddress: "localhost:15234"
    adminAddress: "localhost:15233"
    startupRole: FOLLOWER
  }
  commitIndex: 1
}
commitInfos {
  server {
    id: "s2"
    address: "localhost:15240"
    dataStreamAddress: "localhost:15243"
    clientAddress: "localhost:15242"
    adminAddress: "localhost:15241"
    startupRole: FOLLOWER
  }
  commitIndex: 1
}
commitInfos {
  server {
    id: "s3"
    address: "0.0.0.0:15244"
    clientAddress: "0.0.0.0:15246"
    adminAddress: "0.0.0.0:15245"
    startupRole: FOLLOWER
  }
  commitIndex: 2
}
commitInfos {
  server {
    id: "s4"
    address: "0.0.0.0:15248"
    clientAddress: "0.0.0.0:15250"
    adminAddress: "0.0.0.0:15249"
    startupRole: FOLLOWER
  }
  commitIndex: 2
}
)
2025-02-26 08:18:57,150 [main] WARN  util.LeakDetector (LeakDetector.java:assertNoLeaks(175)) - 24/30) numLeaks == 1 > 0, will wait and retry ...
2025-02-26 08:18:58,150 [main] WARN  util.ReferenceCountedLeakDetector (ReferenceCountedLeakDetector.java:logLeakMessage(167)) - LEAK: (class org.apache.ratis.proto.RaftProtos$AppendEntriesRequestProto, count=1, value=serverRequest {
  requestorId: "s1"
  replyId: "s0"
  raftGroupId {
    id: "\035a\261\264+QHq\274\315#\020\177yr\376"
  }
  callId: 13
}
leaderTerm: 1
previousLog {
  term: 1
  index: 2
}
entries {
  term: 1
  index: 3
  configurationEntry {
    peers {
      id: "s3"
      address: "0.0.0.0:15244"
      clientAddress: "0.0.0.0:15246"
      adminAddress: "0.0.0.0:15245"
      startupRole: FOLLOWER
    }
    peers {
      id: "s4"
      address: "0.0.0.0:15248"
      clientAddress: "0.0.0.0:15250"
      adminAddress: "0.0.0.0:15249"
      startupRole: FOLLOWER
    }
    peers {
      id: "s0"
      address: "localhost:15232"
      dataStreamAddress: "localhost:15235"
      clientAddress: "localhost:15234"
      adminAddress: "localhost:15233"
      startupRole: FOLLOWER
    }
    peers {
      id: "s1"
      address: "localhost:15236"
      dataStreamAddress: "localhost:15239"
      clientAddress: "localhost:15238"
      adminAddress: "localhost:15237"
      startupRole: FOLLOWER
    }
    peers {
      id: "s2"
      address: "localhost:15240"
      dataStreamAddress: "localhost:15243"
      clientAddress: "localhost:15242"
      adminAddress: "localhost:15241"
      startupRole: FOLLOWER
    }
    oldPeers {
      id: "s0"
      address: "localhost:15232"
      dataStreamAddress: "localhost:15235"
      clientAddress: "localhost:15234"
      adminAddress: "localhost:15233"
      startupRole: FOLLOWER
    }
    oldPeers {
      id: "s1"
      address: "localhost:15236"
      dataStreamAddress: "localhost:15239"
      clientAddress: "localhost:15238"
      adminAddress: "localhost:15237"
      startupRole: FOLLOWER
    }
    oldPeers {
      id: "s2"
      address: "localhost:15240"
      dataStreamAddress: "localhost:15243"
      clientAddress: "localhost:15242"
      adminAddress: "localhost:15241"
      startupRole: FOLLOWER
    }
  }
}
leaderCommit: 2
commitInfos {
  server {
    id: "s1"
    address: "localhost:15236"
    dataStreamAddress: "localhost:15239"
    clientAddress: "localhost:15238"
    adminAddress: "localhost:15237"
    startupRole: FOLLOWER
  }
  commitIndex: 2
}
commitInfos {
  server {
    id: "s0"
    address: "localhost:15232"
    dataStreamAddress: "localhost:15235"
    clientAddress: "localhost:15234"
    adminAddress: "localhost:15233"
    startupRole: FOLLOWER
  }
  commitIndex: 1
}
commitInfos {
  server {
    id: "s2"
    address: "localhost:15240"
    dataStreamAddress: "localhost:15243"
    clientAddress: "localhost:15242"
    adminAddress: "localhost:15241"
    startupRole: FOLLOWER
  }
  commitIndex: 1
}
commitInfos {
  server {
    id: "s3"
    address: "0.0.0.0:15244"
    clientAddress: "0.0.0.0:15246"
    adminAddress: "0.0.0.0:15245"
    startupRole: FOLLOWER
  }
  commitIndex: 2
}
commitInfos {
  server {
    id: "s4"
    address: "0.0.0.0:15248"
    clientAddress: "0.0.0.0:15250"
    adminAddress: "0.0.0.0:15249"
    startupRole: FOLLOWER
  }
  commitIndex: 2
}
)
2025-02-26 08:18:58,150 [main] WARN  util.LeakDetector (LeakDetector.java:assertNoLeaks(175)) - 25/30) numLeaks == 1 > 0, will wait and retry ...
2025-02-26 08:18:59,151 [main] WARN  util.ReferenceCountedLeakDetector (ReferenceCountedLeakDetector.java:logLeakMessage(167)) - LEAK: (class org.apache.ratis.proto.RaftProtos$AppendEntriesRequestProto, count=1, value=serverRequest {
  requestorId: "s1"
  replyId: "s0"
  raftGroupId {
    id: "\035a\261\264+QHq\274\315#\020\177yr\376"
  }
  callId: 13
}
leaderTerm: 1
previousLog {
  term: 1
  index: 2
}
entries {
  term: 1
  index: 3
  configurationEntry {
    peers {
      id: "s3"
      address: "0.0.0.0:15244"
      clientAddress: "0.0.0.0:15246"
      adminAddress: "0.0.0.0:15245"
      startupRole: FOLLOWER
    }
    peers {
      id: "s4"
      address: "0.0.0.0:15248"
      clientAddress: "0.0.0.0:15250"
      adminAddress: "0.0.0.0:15249"
      startupRole: FOLLOWER
    }
    peers {
      id: "s0"
      address: "localhost:15232"
      dataStreamAddress: "localhost:15235"
      clientAddress: "localhost:15234"
      adminAddress: "localhost:15233"
      startupRole: FOLLOWER
    }
    peers {
      id: "s1"
      address: "localhost:15236"
      dataStreamAddress: "localhost:15239"
      clientAddress: "localhost:15238"
      adminAddress: "localhost:15237"
      startupRole: FOLLOWER
    }
    peers {
      id: "s2"
      address: "localhost:15240"
      dataStreamAddress: "localhost:15243"
      clientAddress: "localhost:15242"
      adminAddress: "localhost:15241"
      startupRole: FOLLOWER
    }
    oldPeers {
      id: "s0"
      address: "localhost:15232"
      dataStreamAddress: "localhost:15235"
      clientAddress: "localhost:15234"
      adminAddress: "localhost:15233"
      startupRole: FOLLOWER
    }
    oldPeers {
      id: "s1"
      address: "localhost:15236"
      dataStreamAddress: "localhost:15239"
      clientAddress: "localhost:15238"
      adminAddress: "localhost:15237"
      startupRole: FOLLOWER
    }
    oldPeers {
      id: "s2"
      address: "localhost:15240"
      dataStreamAddress: "localhost:15243"
      clientAddress: "localhost:15242"
      adminAddress: "localhost:15241"
      startupRole: FOLLOWER
    }
  }
}
leaderCommit: 2
commitInfos {
  server {
    id: "s1"
    address: "localhost:15236"
    dataStreamAddress: "localhost:15239"
    clientAddress: "localhost:15238"
    adminAddress: "localhost:15237"
    startupRole: FOLLOWER
  }
  commitIndex: 2
}
commitInfos {
  server {
    id: "s0"
    address: "localhost:15232"
    dataStreamAddress: "localhost:15235"
    clientAddress: "localhost:15234"
    adminAddress: "localhost:15233"
    startupRole: FOLLOWER
  }
  commitIndex: 1
}
commitInfos {
  server {
    id: "s2"
    address: "localhost:15240"
    dataStreamAddress: "localhost:15243"
    clientAddress: "localhost:15242"
    adminAddress: "localhost:15241"
    startupRole: FOLLOWER
  }
  commitIndex: 1
}
commitInfos {
  server {
    id: "s3"
    address: "0.0.0.0:15244"
    clientAddress: "0.0.0.0:15246"
    adminAddress: "0.0.0.0:15245"
    startupRole: FOLLOWER
  }
  commitIndex: 2
}
commitInfos {
  server {
    id: "s4"
    address: "0.0.0.0:15248"
    clientAddress: "0.0.0.0:15250"
    adminAddress: "0.0.0.0:15249"
    startupRole: FOLLOWER
  }
  commitIndex: 2
}
)
2025-02-26 08:18:59,151 [main] WARN  util.LeakDetector (LeakDetector.java:assertNoLeaks(175)) - 26/30) numLeaks == 1 > 0, will wait and retry ...
2025-02-26 08:19:00,151 [main] WARN  util.ReferenceCountedLeakDetector (ReferenceCountedLeakDetector.java:logLeakMessage(167)) - LEAK: (class org.apache.ratis.proto.RaftProtos$AppendEntriesRequestProto, count=1, value=serverRequest {
  requestorId: "s1"
  replyId: "s0"
  raftGroupId {
    id: "\035a\261\264+QHq\274\315#\020\177yr\376"
  }
  callId: 13
}
leaderTerm: 1
previousLog {
  term: 1
  index: 2
}
entries {
  term: 1
  index: 3
  configurationEntry {
    peers {
      id: "s3"
      address: "0.0.0.0:15244"
      clientAddress: "0.0.0.0:15246"
      adminAddress: "0.0.0.0:15245"
      startupRole: FOLLOWER
    }
    peers {
      id: "s4"
      address: "0.0.0.0:15248"
      clientAddress: "0.0.0.0:15250"
      adminAddress: "0.0.0.0:15249"
      startupRole: FOLLOWER
    }
    peers {
      id: "s0"
      address: "localhost:15232"
      dataStreamAddress: "localhost:15235"
      clientAddress: "localhost:15234"
      adminAddress: "localhost:15233"
      startupRole: FOLLOWER
    }
    peers {
      id: "s1"
      address: "localhost:15236"
      dataStreamAddress: "localhost:15239"
      clientAddress: "localhost:15238"
      adminAddress: "localhost:15237"
      startupRole: FOLLOWER
    }
    peers {
      id: "s2"
      address: "localhost:15240"
      dataStreamAddress: "localhost:15243"
      clientAddress: "localhost:15242"
      adminAddress: "localhost:15241"
      startupRole: FOLLOWER
    }
    oldPeers {
      id: "s0"
      address: "localhost:15232"
      dataStreamAddress: "localhost:15235"
      clientAddress: "localhost:15234"
      adminAddress: "localhost:15233"
      startupRole: FOLLOWER
    }
    oldPeers {
      id: "s1"
      address: "localhost:15236"
      dataStreamAddress: "localhost:15239"
      clientAddress: "localhost:15238"
      adminAddress: "localhost:15237"
      startupRole: FOLLOWER
    }
    oldPeers {
      id: "s2"
      address: "localhost:15240"
      dataStreamAddress: "localhost:15243"
      clientAddress: "localhost:15242"
      adminAddress: "localhost:15241"
      startupRole: FOLLOWER
    }
  }
}
leaderCommit: 2
commitInfos {
  server {
    id: "s1"
    address: "localhost:15236"
    dataStreamAddress: "localhost:15239"
    clientAddress: "localhost:15238"
    adminAddress: "localhost:15237"
    startupRole: FOLLOWER
  }
  commitIndex: 2
}
commitInfos {
  server {
    id: "s0"
    address: "localhost:15232"
    dataStreamAddress: "localhost:15235"
    clientAddress: "localhost:15234"
    adminAddress: "localhost:15233"
    startupRole: FOLLOWER
  }
  commitIndex: 1
}
commitInfos {
  server {
    id: "s2"
    address: "localhost:15240"
    dataStreamAddress: "localhost:15243"
    clientAddress: "localhost:15242"
    adminAddress: "localhost:15241"
    startupRole: FOLLOWER
  }
  commitIndex: 1
}
commitInfos {
  server {
    id: "s3"
    address: "0.0.0.0:15244"
    clientAddress: "0.0.0.0:15246"
    adminAddress: "0.0.0.0:15245"
    startupRole: FOLLOWER
  }
  commitIndex: 2
}
commitInfos {
  server {
    id: "s4"
    address: "0.0.0.0:15248"
    clientAddress: "0.0.0.0:15250"
    adminAddress: "0.0.0.0:15249"
    startupRole: FOLLOWER
  }
  commitIndex: 2
}
)
2025-02-26 08:19:00,152 [main] WARN  util.LeakDetector (LeakDetector.java:assertNoLeaks(175)) - 27/30) numLeaks == 1 > 0, will wait and retry ...
2025-02-26 08:19:01,152 [main] WARN  util.ReferenceCountedLeakDetector (ReferenceCountedLeakDetector.java:logLeakMessage(167)) - LEAK: (class org.apache.ratis.proto.RaftProtos$AppendEntriesRequestProto, count=1, value=serverRequest {
  requestorId: "s1"
  replyId: "s0"
  raftGroupId {
    id: "\035a\261\264+QHq\274\315#\020\177yr\376"
  }
  callId: 13
}
leaderTerm: 1
previousLog {
  term: 1
  index: 2
}
entries {
  term: 1
  index: 3
  configurationEntry {
    peers {
      id: "s3"
      address: "0.0.0.0:15244"
      clientAddress: "0.0.0.0:15246"
      adminAddress: "0.0.0.0:15245"
      startupRole: FOLLOWER
    }
    peers {
      id: "s4"
      address: "0.0.0.0:15248"
      clientAddress: "0.0.0.0:15250"
      adminAddress: "0.0.0.0:15249"
      startupRole: FOLLOWER
    }
    peers {
      id: "s0"
      address: "localhost:15232"
      dataStreamAddress: "localhost:15235"
      clientAddress: "localhost:15234"
      adminAddress: "localhost:15233"
      startupRole: FOLLOWER
    }
    peers {
      id: "s1"
      address: "localhost:15236"
      dataStreamAddress: "localhost:15239"
      clientAddress: "localhost:15238"
      adminAddress: "localhost:15237"
      startupRole: FOLLOWER
    }
    peers {
      id: "s2"
      address: "localhost:15240"
      dataStreamAddress: "localhost:15243"
      clientAddress: "localhost:15242"
      adminAddress: "localhost:15241"
      startupRole: FOLLOWER
    }
    oldPeers {
      id: "s0"
      address: "localhost:15232"
      dataStreamAddress: "localhost:15235"
      clientAddress: "localhost:15234"
      adminAddress: "localhost:15233"
      startupRole: FOLLOWER
    }
    oldPeers {
      id: "s1"
      address: "localhost:15236"
      dataStreamAddress: "localhost:15239"
      clientAddress: "localhost:15238"
      adminAddress: "localhost:15237"
      startupRole: FOLLOWER
    }
    oldPeers {
      id: "s2"
      address: "localhost:15240"
      dataStreamAddress: "localhost:15243"
      clientAddress: "localhost:15242"
      adminAddress: "localhost:15241"
      startupRole: FOLLOWER
    }
  }
}
leaderCommit: 2
commitInfos {
  server {
    id: "s1"
    address: "localhost:15236"
    dataStreamAddress: "localhost:15239"
    clientAddress: "localhost:15238"
    adminAddress: "localhost:15237"
    startupRole: FOLLOWER
  }
  commitIndex: 2
}
commitInfos {
  server {
    id: "s0"
    address: "localhost:15232"
    dataStreamAddress: "localhost:15235"
    clientAddress: "localhost:15234"
    adminAddress: "localhost:15233"
    startupRole: FOLLOWER
  }
  commitIndex: 1
}
commitInfos {
  server {
    id: "s2"
    address: "localhost:15240"
    dataStreamAddress: "localhost:15243"
    clientAddress: "localhost:15242"
    adminAddress: "localhost:15241"
    startupRole: FOLLOWER
  }
  commitIndex: 1
}
commitInfos {
  server {
    id: "s3"
    address: "0.0.0.0:15244"
    clientAddress: "0.0.0.0:15246"
    adminAddress: "0.0.0.0:15245"
    startupRole: FOLLOWER
  }
  commitIndex: 2
}
commitInfos {
  server {
    id: "s4"
    address: "0.0.0.0:15248"
    clientAddress: "0.0.0.0:15250"
    adminAddress: "0.0.0.0:15249"
    startupRole: FOLLOWER
  }
  commitIndex: 2
}
)
2025-02-26 08:19:01,152 [main] WARN  util.LeakDetector (LeakDetector.java:assertNoLeaks(175)) - 28/30) numLeaks == 1 > 0, will wait and retry ...
2025-02-26 08:19:02,153 [main] WARN  util.ReferenceCountedLeakDetector (ReferenceCountedLeakDetector.java:logLeakMessage(167)) - LEAK: (class org.apache.ratis.proto.RaftProtos$AppendEntriesRequestProto, count=1, value=serverRequest {
  requestorId: "s1"
  replyId: "s0"
  raftGroupId {
    id: "\035a\261\264+QHq\274\315#\020\177yr\376"
  }
  callId: 13
}
leaderTerm: 1
previousLog {
  term: 1
  index: 2
}
entries {
  term: 1
  index: 3
  configurationEntry {
    peers {
      id: "s3"
      address: "0.0.0.0:15244"
      clientAddress: "0.0.0.0:15246"
      adminAddress: "0.0.0.0:15245"
      startupRole: FOLLOWER
    }
    peers {
      id: "s4"
      address: "0.0.0.0:15248"
      clientAddress: "0.0.0.0:15250"
      adminAddress: "0.0.0.0:15249"
      startupRole: FOLLOWER
    }
    peers {
      id: "s0"
      address: "localhost:15232"
      dataStreamAddress: "localhost:15235"
      clientAddress: "localhost:15234"
      adminAddress: "localhost:15233"
      startupRole: FOLLOWER
    }
    peers {
      id: "s1"
      address: "localhost:15236"
      dataStreamAddress: "localhost:15239"
      clientAddress: "localhost:15238"
      adminAddress: "localhost:15237"
      startupRole: FOLLOWER
    }
    peers {
      id: "s2"
      address: "localhost:15240"
      dataStreamAddress: "localhost:15243"
      clientAddress: "localhost:15242"
      adminAddress: "localhost:15241"
      startupRole: FOLLOWER
    }
    oldPeers {
      id: "s0"
      address: "localhost:15232"
      dataStreamAddress: "localhost:15235"
      clientAddress: "localhost:15234"
      adminAddress: "localhost:15233"
      startupRole: FOLLOWER
    }
    oldPeers {
      id: "s1"
      address: "localhost:15236"
      dataStreamAddress: "localhost:15239"
      clientAddress: "localhost:15238"
      adminAddress: "localhost:15237"
      startupRole: FOLLOWER
    }
    oldPeers {
      id: "s2"
      address: "localhost:15240"
      dataStreamAddress: "localhost:15243"
      clientAddress: "localhost:15242"
      adminAddress: "localhost:15241"
      startupRole: FOLLOWER
    }
  }
}
leaderCommit: 2
commitInfos {
  server {
    id: "s1"
    address: "localhost:15236"
    dataStreamAddress: "localhost:15239"
    clientAddress: "localhost:15238"
    adminAddress: "localhost:15237"
    startupRole: FOLLOWER
  }
  commitIndex: 2
}
commitInfos {
  server {
    id: "s0"
    address: "localhost:15232"
    dataStreamAddress: "localhost:15235"
    clientAddress: "localhost:15234"
    adminAddress: "localhost:15233"
    startupRole: FOLLOWER
  }
  commitIndex: 1
}
commitInfos {
  server {
    id: "s2"
    address: "localhost:15240"
    dataStreamAddress: "localhost:15243"
    clientAddress: "localhost:15242"
    adminAddress: "localhost:15241"
    startupRole: FOLLOWER
  }
  commitIndex: 1
}
commitInfos {
  server {
    id: "s3"
    address: "0.0.0.0:15244"
    clientAddress: "0.0.0.0:15246"
    adminAddress: "0.0.0.0:15245"
    startupRole: FOLLOWER
  }
  commitIndex: 2
}
commitInfos {
  server {
    id: "s4"
    address: "0.0.0.0:15248"
    clientAddress: "0.0.0.0:15250"
    adminAddress: "0.0.0.0:15249"
    startupRole: FOLLOWER
  }
  commitIndex: 2
}
)
2025-02-26 08:19:02,153 [main] WARN  util.LeakDetector (LeakDetector.java:assertNoLeaks(175)) - 29/30) numLeaks == 1 > 0, will wait and retry ...
2025-02-26 08:19:03,153 [main] WARN  util.ReferenceCountedLeakDetector (ReferenceCountedLeakDetector.java:logLeakMessage(167)) - LEAK: (class org.apache.ratis.proto.RaftProtos$AppendEntriesRequestProto, count=1, value=serverRequest {
  requestorId: "s1"
  replyId: "s0"
  raftGroupId {
    id: "\035a\261\264+QHq\274\315#\020\177yr\376"
  }
  callId: 13
}
leaderTerm: 1
previousLog {
  term: 1
  index: 2
}
entries {
  term: 1
  index: 3
  configurationEntry {
    peers {
      id: "s3"
      address: "0.0.0.0:15244"
      clientAddress: "0.0.0.0:15246"
      adminAddress: "0.0.0.0:15245"
      startupRole: FOLLOWER
    }
    peers {
      id: "s4"
      address: "0.0.0.0:15248"
      clientAddress: "0.0.0.0:15250"
      adminAddress: "0.0.0.0:15249"
      startupRole: FOLLOWER
    }
    peers {
      id: "s0"
      address: "localhost:15232"
      dataStreamAddress: "localhost:15235"
      clientAddress: "localhost:15234"
      adminAddress: "localhost:15233"
      startupRole: FOLLOWER
    }
    peers {
      id: "s1"
      address: "localhost:15236"
      dataStreamAddress: "localhost:15239"
      clientAddress: "localhost:15238"
      adminAddress: "localhost:15237"
      startupRole: FOLLOWER
    }
    peers {
      id: "s2"
      address: "localhost:15240"
      dataStreamAddress: "localhost:15243"
      clientAddress: "localhost:15242"
      adminAddress: "localhost:15241"
      startupRole: FOLLOWER
    }
    oldPeers {
      id: "s0"
      address: "localhost:15232"
      dataStreamAddress: "localhost:15235"
      clientAddress: "localhost:15234"
      adminAddress: "localhost:15233"
      startupRole: FOLLOWER
    }
    oldPeers {
      id: "s1"
      address: "localhost:15236"
      dataStreamAddress: "localhost:15239"
      clientAddress: "localhost:15238"
      adminAddress: "localhost:15237"
      startupRole: FOLLOWER
    }
    oldPeers {
      id: "s2"
      address: "localhost:15240"
      dataStreamAddress: "localhost:15243"
      clientAddress: "localhost:15242"
      adminAddress: "localhost:15241"
      startupRole: FOLLOWER
    }
  }
}
leaderCommit: 2
commitInfos {
  server {
    id: "s1"
    address: "localhost:15236"
    dataStreamAddress: "localhost:15239"
    clientAddress: "localhost:15238"
    adminAddress: "localhost:15237"
    startupRole: FOLLOWER
  }
  commitIndex: 2
}
commitInfos {
  server {
    id: "s0"
    address: "localhost:15232"
    dataStreamAddress: "localhost:15235"
    clientAddress: "localhost:15234"
    adminAddress: "localhost:15233"
    startupRole: FOLLOWER
  }
  commitIndex: 1
}
commitInfos {
  server {
    id: "s2"
    address: "localhost:15240"
    dataStreamAddress: "localhost:15243"
    clientAddress: "localhost:15242"
    adminAddress: "localhost:15241"
    startupRole: FOLLOWER
  }
  commitIndex: 1
}
commitInfos {
  server {
    id: "s3"
    address: "0.0.0.0:15244"
    clientAddress: "0.0.0.0:15246"
    adminAddress: "0.0.0.0:15245"
    startupRole: FOLLOWER
  }
  commitIndex: 2
}
commitInfos {
  server {
    id: "s4"
    address: "0.0.0.0:15248"
    clientAddress: "0.0.0.0:15250"
    adminAddress: "0.0.0.0:15249"
    startupRole: FOLLOWER
  }
  commitIndex: 2
}
)
]]></system-out>
  </testcase>
  <testcase name="testChangeLeader" classname="org.apache.ratis.grpc.TestLeaderElectionWithGrpc" time="0">
    <skipped type="org.opentest4j.TestAbortedException"><![CDATA[org.opentest4j.TestAbortedException: Assumption failed: numLeaks 1 > 0
	at org.apache.ratis.BaseTest.setup(BaseTest.java:104)
	at java.lang.reflect.Method.invoke(Method.java:498)
	at java.util.ArrayList.forEach(ArrayList.java:1259)
	at java.util.ArrayList.forEach(ArrayList.java:1259)
]]></skipped>
    <system-out><![CDATA[2025-02-26 08:19:03,162 [main] INFO  util.LogUtils (Slf4jUtils.java:setLogLevel(38)) - Successfully set org.apache.ratis.conf.ConfUtils log level to WARN
2025-02-26 08:19:03,162 [main] INFO  util.LogUtils (Slf4jUtils.java:setLogLevel(38)) - Successfully set org.apache.ratis.util.FileUtils log level to TRACE
2025-02-26 08:19:03,162 [main] INFO  util.LogUtils (Slf4jUtils.java:setLogLevel(38)) - Successfully set org.apache.ratis.server.RaftServer$Division log level to DEBUG
2025-02-26 08:19:03,162 [main] INFO  util.LogUtils (Slf4jUtils.java:setLogLevel(38)) - Successfully set org.apache.ratis.client.RaftClient log level to DEBUG
2025-02-26 08:19:03,163 [main] WARN  util.ReferenceCountedLeakDetector (ReferenceCountedLeakDetector.java:logLeakMessage(167)) - LEAK: (class org.apache.ratis.proto.RaftProtos$AppendEntriesRequestProto, count=1, value=serverRequest {
  requestorId: "s1"
  replyId: "s0"
  raftGroupId {
    id: "\035a\261\264+QHq\274\315#\020\177yr\376"
  }
  callId: 13
}
leaderTerm: 1
previousLog {
  term: 1
  index: 2
}
entries {
  term: 1
  index: 3
  configurationEntry {
    peers {
      id: "s3"
      address: "0.0.0.0:15244"
      clientAddress: "0.0.0.0:15246"
      adminAddress: "0.0.0.0:15245"
      startupRole: FOLLOWER
    }
    peers {
      id: "s4"
      address: "0.0.0.0:15248"
      clientAddress: "0.0.0.0:15250"
      adminAddress: "0.0.0.0:15249"
      startupRole: FOLLOWER
    }
    peers {
      id: "s0"
      address: "localhost:15232"
      dataStreamAddress: "localhost:15235"
      clientAddress: "localhost:15234"
      adminAddress: "localhost:15233"
      startupRole: FOLLOWER
    }
    peers {
      id: "s1"
      address: "localhost:15236"
      dataStreamAddress: "localhost:15239"
      clientAddress: "localhost:15238"
      adminAddress: "localhost:15237"
      startupRole: FOLLOWER
    }
    peers {
      id: "s2"
      address: "localhost:15240"
      dataStreamAddress: "localhost:15243"
      clientAddress: "localhost:15242"
      adminAddress: "localhost:15241"
      startupRole: FOLLOWER
    }
    oldPeers {
      id: "s0"
      address: "localhost:15232"
      dataStreamAddress: "localhost:15235"
      clientAddress: "localhost:15234"
      adminAddress: "localhost:15233"
      startupRole: FOLLOWER
    }
    oldPeers {
      id: "s1"
      address: "localhost:15236"
      dataStreamAddress: "localhost:15239"
      clientAddress: "localhost:15238"
      adminAddress: "localhost:15237"
      startupRole: FOLLOWER
    }
    oldPeers {
      id: "s2"
      address: "localhost:15240"
      dataStreamAddress: "localhost:15243"
      clientAddress: "localhost:15242"
      adminAddress: "localhost:15241"
      startupRole: FOLLOWER
    }
  }
}
leaderCommit: 2
commitInfos {
  server {
    id: "s1"
    address: "localhost:15236"
    dataStreamAddress: "localhost:15239"
    clientAddress: "localhost:15238"
    adminAddress: "localhost:15237"
    startupRole: FOLLOWER
  }
  commitIndex: 2
}
commitInfos {
  server {
    id: "s0"
    address: "localhost:15232"
    dataStreamAddress: "localhost:15235"
    clientAddress: "localhost:15234"
    adminAddress: "localhost:15233"
    startupRole: FOLLOWER
  }
  commitIndex: 1
}
commitInfos {
  server {
    id: "s2"
    address: "localhost:15240"
    dataStreamAddress: "localhost:15243"
    clientAddress: "localhost:15242"
    adminAddress: "localhost:15241"
    startupRole: FOLLOWER
  }
  commitIndex: 1
}
commitInfos {
  server {
    id: "s3"
    address: "0.0.0.0:15244"
    clientAddress: "0.0.0.0:15246"
    adminAddress: "0.0.0.0:15245"
    startupRole: FOLLOWER
  }
  commitIndex: 2
}
commitInfos {
  server {
    id: "s4"
    address: "0.0.0.0:15248"
    clientAddress: "0.0.0.0:15250"
    adminAddress: "0.0.0.0:15249"
    startupRole: FOLLOWER
  }
  commitIndex: 2
}
)
]]></system-out>
  </testcase>
  <testcase name="testChangeListenerToFollower" classname="org.apache.ratis.grpc.TestLeaderElectionWithGrpc" time="0">
    <skipped type="org.opentest4j.TestAbortedException"><![CDATA[org.opentest4j.TestAbortedException: Assumption failed: numLeaks 1 > 0
	at org.apache.ratis.BaseTest.setup(BaseTest.java:104)
	at java.lang.reflect.Method.invoke(Method.java:498)
	at java.util.ArrayList.forEach(ArrayList.java:1259)
	at java.util.ArrayList.forEach(ArrayList.java:1259)
]]></skipped>
    <system-out><![CDATA[2025-02-26 08:19:03,165 [main] INFO  util.LogUtils (Slf4jUtils.java:setLogLevel(38)) - Successfully set org.apache.ratis.conf.ConfUtils log level to WARN
2025-02-26 08:19:03,166 [main] INFO  util.LogUtils (Slf4jUtils.java:setLogLevel(38)) - Successfully set org.apache.ratis.util.FileUtils log level to TRACE
2025-02-26 08:19:03,166 [main] INFO  util.LogUtils (Slf4jUtils.java:setLogLevel(38)) - Successfully set org.apache.ratis.server.RaftServer$Division log level to DEBUG
2025-02-26 08:19:03,166 [main] INFO  util.LogUtils (Slf4jUtils.java:setLogLevel(38)) - Successfully set org.apache.ratis.client.RaftClient log level to DEBUG
2025-02-26 08:19:03,166 [main] WARN  util.ReferenceCountedLeakDetector (ReferenceCountedLeakDetector.java:logLeakMessage(167)) - LEAK: (class org.apache.ratis.proto.RaftProtos$AppendEntriesRequestProto, count=1, value=serverRequest {
  requestorId: "s1"
  replyId: "s0"
  raftGroupId {
    id: "\035a\261\264+QHq\274\315#\020\177yr\376"
  }
  callId: 13
}
leaderTerm: 1
previousLog {
  term: 1
  index: 2
}
entries {
  term: 1
  index: 3
  configurationEntry {
    peers {
      id: "s3"
      address: "0.0.0.0:15244"
      clientAddress: "0.0.0.0:15246"
      adminAddress: "0.0.0.0:15245"
      startupRole: FOLLOWER
    }
    peers {
      id: "s4"
      address: "0.0.0.0:15248"
      clientAddress: "0.0.0.0:15250"
      adminAddress: "0.0.0.0:15249"
      startupRole: FOLLOWER
    }
    peers {
      id: "s0"
      address: "localhost:15232"
      dataStreamAddress: "localhost:15235"
      clientAddress: "localhost:15234"
      adminAddress: "localhost:15233"
      startupRole: FOLLOWER
    }
    peers {
      id: "s1"
      address: "localhost:15236"
      dataStreamAddress: "localhost:15239"
      clientAddress: "localhost:15238"
      adminAddress: "localhost:15237"
      startupRole: FOLLOWER
    }
    peers {
      id: "s2"
      address: "localhost:15240"
      dataStreamAddress: "localhost:15243"
      clientAddress: "localhost:15242"
      adminAddress: "localhost:15241"
      startupRole: FOLLOWER
    }
    oldPeers {
      id: "s0"
      address: "localhost:15232"
      dataStreamAddress: "localhost:15235"
      clientAddress: "localhost:15234"
      adminAddress: "localhost:15233"
      startupRole: FOLLOWER
    }
    oldPeers {
      id: "s1"
      address: "localhost:15236"
      dataStreamAddress: "localhost:15239"
      clientAddress: "localhost:15238"
      adminAddress: "localhost:15237"
      startupRole: FOLLOWER
    }
    oldPeers {
      id: "s2"
      address: "localhost:15240"
      dataStreamAddress: "localhost:15243"
      clientAddress: "localhost:15242"
      adminAddress: "localhost:15241"
      startupRole: FOLLOWER
    }
  }
}
leaderCommit: 2
commitInfos {
  server {
    id: "s1"
    address: "localhost:15236"
    dataStreamAddress: "localhost:15239"
    clientAddress: "localhost:15238"
    adminAddress: "localhost:15237"
    startupRole: FOLLOWER
  }
  commitIndex: 2
}
commitInfos {
  server {
    id: "s0"
    address: "localhost:15232"
    dataStreamAddress: "localhost:15235"
    clientAddress: "localhost:15234"
    adminAddress: "localhost:15233"
    startupRole: FOLLOWER
  }
  commitIndex: 1
}
commitInfos {
  server {
    id: "s2"
    address: "localhost:15240"
    dataStreamAddress: "localhost:15243"
    clientAddress: "localhost:15242"
    adminAddress: "localhost:15241"
    startupRole: FOLLOWER
  }
  commitIndex: 1
}
commitInfos {
  server {
    id: "s3"
    address: "0.0.0.0:15244"
    clientAddress: "0.0.0.0:15246"
    adminAddress: "0.0.0.0:15245"
    startupRole: FOLLOWER
  }
  commitIndex: 2
}
commitInfos {
  server {
    id: "s4"
    address: "0.0.0.0:15248"
    clientAddress: "0.0.0.0:15250"
    adminAddress: "0.0.0.0:15249"
    startupRole: FOLLOWER
  }
  commitIndex: 2
}
)
]]></system-out>
  </testcase>
  <testcase name="testShutdownBeforeStart" classname="org.apache.ratis.grpc.TestLeaderElectionWithGrpc" time="0">
    <skipped type="org.opentest4j.TestAbortedException"><![CDATA[org.opentest4j.TestAbortedException: Assumption failed: numLeaks 1 > 0
	at org.apache.ratis.BaseTest.setup(BaseTest.java:104)
	at java.lang.reflect.Method.invoke(Method.java:498)
	at java.util.ArrayList.forEach(ArrayList.java:1259)
	at java.util.ArrayList.forEach(ArrayList.java:1259)
]]></skipped>
    <system-out><![CDATA[2025-02-26 08:19:03,171 [main] INFO  util.LogUtils (Slf4jUtils.java:setLogLevel(38)) - Successfully set org.apache.ratis.conf.ConfUtils log level to WARN
2025-02-26 08:19:03,171 [main] INFO  util.LogUtils (Slf4jUtils.java:setLogLevel(38)) - Successfully set org.apache.ratis.util.FileUtils log level to TRACE
2025-02-26 08:19:03,171 [main] INFO  util.LogUtils (Slf4jUtils.java:setLogLevel(38)) - Successfully set org.apache.ratis.server.RaftServer$Division log level to DEBUG
2025-02-26 08:19:03,171 [main] INFO  util.LogUtils (Slf4jUtils.java:setLogLevel(38)) - Successfully set org.apache.ratis.client.RaftClient log level to DEBUG
2025-02-26 08:19:03,172 [main] WARN  util.ReferenceCountedLeakDetector (ReferenceCountedLeakDetector.java:logLeakMessage(167)) - LEAK: (class org.apache.ratis.proto.RaftProtos$AppendEntriesRequestProto, count=1, value=serverRequest {
  requestorId: "s1"
  replyId: "s0"
  raftGroupId {
    id: "\035a\261\264+QHq\274\315#\020\177yr\376"
  }
  callId: 13
}
leaderTerm: 1
previousLog {
  term: 1
  index: 2
}
entries {
  term: 1
  index: 3
  configurationEntry {
    peers {
      id: "s3"
      address: "0.0.0.0:15244"
      clientAddress: "0.0.0.0:15246"
      adminAddress: "0.0.0.0:15245"
      startupRole: FOLLOWER
    }
    peers {
      id: "s4"
      address: "0.0.0.0:15248"
      clientAddress: "0.0.0.0:15250"
      adminAddress: "0.0.0.0:15249"
      startupRole: FOLLOWER
    }
    peers {
      id: "s0"
      address: "localhost:15232"
      dataStreamAddress: "localhost:15235"
      clientAddress: "localhost:15234"
      adminAddress: "localhost:15233"
      startupRole: FOLLOWER
    }
    peers {
      id: "s1"
      address: "localhost:15236"
      dataStreamAddress: "localhost:15239"
      clientAddress: "localhost:15238"
      adminAddress: "localhost:15237"
      startupRole: FOLLOWER
    }
    peers {
      id: "s2"
      address: "localhost:15240"
      dataStreamAddress: "localhost:15243"
      clientAddress: "localhost:15242"
      adminAddress: "localhost:15241"
      startupRole: FOLLOWER
    }
    oldPeers {
      id: "s0"
      address: "localhost:15232"
      dataStreamAddress: "localhost:15235"
      clientAddress: "localhost:15234"
      adminAddress: "localhost:15233"
      startupRole: FOLLOWER
    }
    oldPeers {
      id: "s1"
      address: "localhost:15236"
      dataStreamAddress: "localhost:15239"
      clientAddress: "localhost:15238"
      adminAddress: "localhost:15237"
      startupRole: FOLLOWER
    }
    oldPeers {
      id: "s2"
      address: "localhost:15240"
      dataStreamAddress: "localhost:15243"
      clientAddress: "localhost:15242"
      adminAddress: "localhost:15241"
      startupRole: FOLLOWER
    }
  }
}
leaderCommit: 2
commitInfos {
  server {
    id: "s1"
    address: "localhost:15236"
    dataStreamAddress: "localhost:15239"
    clientAddress: "localhost:15238"
    adminAddress: "localhost:15237"
    startupRole: FOLLOWER
  }
  commitIndex: 2
}
commitInfos {
  server {
    id: "s0"
    address: "localhost:15232"
    dataStreamAddress: "localhost:15235"
    clientAddress: "localhost:15234"
    adminAddress: "localhost:15233"
    startupRole: FOLLOWER
  }
  commitIndex: 1
}
commitInfos {
  server {
    id: "s2"
    address: "localhost:15240"
    dataStreamAddress: "localhost:15243"
    clientAddress: "localhost:15242"
    adminAddress: "localhost:15241"
    startupRole: FOLLOWER
  }
  commitIndex: 1
}
commitInfos {
  server {
    id: "s3"
    address: "0.0.0.0:15244"
    clientAddress: "0.0.0.0:15246"
    adminAddress: "0.0.0.0:15245"
    startupRole: FOLLOWER
  }
  commitIndex: 2
}
commitInfos {
  server {
    id: "s4"
    address: "0.0.0.0:15248"
    clientAddress: "0.0.0.0:15250"
    adminAddress: "0.0.0.0:15249"
    startupRole: FOLLOWER
  }
  commitIndex: 2
}
)
]]></system-out>
  </testcase>
  <testcase name="testLeaderLease" classname="org.apache.ratis.grpc.TestLeaderElectionWithGrpc" time="0">
    <skipped type="org.opentest4j.TestAbortedException"><![CDATA[org.opentest4j.TestAbortedException: Assumption failed: numLeaks 1 > 0
	at org.apache.ratis.BaseTest.setup(BaseTest.java:104)
	at java.lang.reflect.Method.invoke(Method.java:498)
	at java.util.ArrayList.forEach(ArrayList.java:1259)
	at java.util.ArrayList.forEach(ArrayList.java:1259)
]]></skipped>
    <system-out><![CDATA[2025-02-26 08:19:03,173 [main] INFO  util.LogUtils (Slf4jUtils.java:setLogLevel(38)) - Successfully set org.apache.ratis.conf.ConfUtils log level to WARN
2025-02-26 08:19:03,174 [main] INFO  util.LogUtils (Slf4jUtils.java:setLogLevel(38)) - Successfully set org.apache.ratis.util.FileUtils log level to TRACE
2025-02-26 08:19:03,174 [main] INFO  util.LogUtils (Slf4jUtils.java:setLogLevel(38)) - Successfully set org.apache.ratis.server.RaftServer$Division log level to DEBUG
2025-02-26 08:19:03,177 [main] INFO  util.LogUtils (Slf4jUtils.java:setLogLevel(38)) - Successfully set org.apache.ratis.client.RaftClient log level to DEBUG
2025-02-26 08:19:03,178 [main] WARN  util.ReferenceCountedLeakDetector (ReferenceCountedLeakDetector.java:logLeakMessage(167)) - LEAK: (class org.apache.ratis.proto.RaftProtos$AppendEntriesRequestProto, count=1, value=serverRequest {
  requestorId: "s1"
  replyId: "s0"
  raftGroupId {
    id: "\035a\261\264+QHq\274\315#\020\177yr\376"
  }
  callId: 13
}
leaderTerm: 1
previousLog {
  term: 1
  index: 2
}
entries {
  term: 1
  index: 3
  configurationEntry {
    peers {
      id: "s3"
      address: "0.0.0.0:15244"
      clientAddress: "0.0.0.0:15246"
      adminAddress: "0.0.0.0:15245"
      startupRole: FOLLOWER
    }
    peers {
      id: "s4"
      address: "0.0.0.0:15248"
      clientAddress: "0.0.0.0:15250"
      adminAddress: "0.0.0.0:15249"
      startupRole: FOLLOWER
    }
    peers {
      id: "s0"
      address: "localhost:15232"
      dataStreamAddress: "localhost:15235"
      clientAddress: "localhost:15234"
      adminAddress: "localhost:15233"
      startupRole: FOLLOWER
    }
    peers {
      id: "s1"
      address: "localhost:15236"
      dataStreamAddress: "localhost:15239"
      clientAddress: "localhost:15238"
      adminAddress: "localhost:15237"
      startupRole: FOLLOWER
    }
    peers {
      id: "s2"
      address: "localhost:15240"
      dataStreamAddress: "localhost:15243"
      clientAddress: "localhost:15242"
      adminAddress: "localhost:15241"
      startupRole: FOLLOWER
    }
    oldPeers {
      id: "s0"
      address: "localhost:15232"
      dataStreamAddress: "localhost:15235"
      clientAddress: "localhost:15234"
      adminAddress: "localhost:15233"
      startupRole: FOLLOWER
    }
    oldPeers {
      id: "s1"
      address: "localhost:15236"
      dataStreamAddress: "localhost:15239"
      clientAddress: "localhost:15238"
      adminAddress: "localhost:15237"
      startupRole: FOLLOWER
    }
    oldPeers {
      id: "s2"
      address: "localhost:15240"
      dataStreamAddress: "localhost:15243"
      clientAddress: "localhost:15242"
      adminAddress: "localhost:15241"
      startupRole: FOLLOWER
    }
  }
}
leaderCommit: 2
commitInfos {
  server {
    id: "s1"
    address: "localhost:15236"
    dataStreamAddress: "localhost:15239"
    clientAddress: "localhost:15238"
    adminAddress: "localhost:15237"
    startupRole: FOLLOWER
  }
  commitIndex: 2
}
commitInfos {
  server {
    id: "s0"
    address: "localhost:15232"
    dataStreamAddress: "localhost:15235"
    clientAddress: "localhost:15234"
    adminAddress: "localhost:15233"
    startupRole: FOLLOWER
  }
  commitIndex: 1
}
commitInfos {
  server {
    id: "s2"
    address: "localhost:15240"
    dataStreamAddress: "localhost:15243"
    clientAddress: "localhost:15242"
    adminAddress: "localhost:15241"
    startupRole: FOLLOWER
  }
  commitIndex: 1
}
commitInfos {
  server {
    id: "s3"
    address: "0.0.0.0:15244"
    clientAddress: "0.0.0.0:15246"
    adminAddress: "0.0.0.0:15245"
    startupRole: FOLLOWER
  }
  commitIndex: 2
}
commitInfos {
  server {
    id: "s4"
    address: "0.0.0.0:15248"
    clientAddress: "0.0.0.0:15250"
    adminAddress: "0.0.0.0:15249"
    startupRole: FOLLOWER
  }
  commitIndex: 2
}
)
]]></system-out>
  </testcase>
  <testcase name="testLeaderNotCountListenerForMajority" classname="org.apache.ratis.grpc.TestLeaderElectionWithGrpc" time="0">
    <skipped type="org.opentest4j.TestAbortedException"><![CDATA[org.opentest4j.TestAbortedException: Assumption failed: numLeaks 1 > 0
	at org.apache.ratis.BaseTest.setup(BaseTest.java:104)
	at java.lang.reflect.Method.invoke(Method.java:498)
	at java.util.ArrayList.forEach(ArrayList.java:1259)
	at java.util.ArrayList.forEach(ArrayList.java:1259)
]]></skipped>
    <system-out><![CDATA[2025-02-26 08:19:03,179 [main] INFO  util.LogUtils (Slf4jUtils.java:setLogLevel(38)) - Successfully set org.apache.ratis.conf.ConfUtils log level to WARN
2025-02-26 08:19:03,179 [main] INFO  util.LogUtils (Slf4jUtils.java:setLogLevel(38)) - Successfully set org.apache.ratis.util.FileUtils log level to TRACE
2025-02-26 08:19:03,179 [main] INFO  util.LogUtils (Slf4jUtils.java:setLogLevel(38)) - Successfully set org.apache.ratis.server.RaftServer$Division log level to DEBUG
2025-02-26 08:19:03,179 [main] INFO  util.LogUtils (Slf4jUtils.java:setLogLevel(38)) - Successfully set org.apache.ratis.client.RaftClient log level to DEBUG
2025-02-26 08:19:03,180 [main] WARN  util.ReferenceCountedLeakDetector (ReferenceCountedLeakDetector.java:logLeakMessage(167)) - LEAK: (class org.apache.ratis.proto.RaftProtos$AppendEntriesRequestProto, count=1, value=serverRequest {
  requestorId: "s1"
  replyId: "s0"
  raftGroupId {
    id: "\035a\261\264+QHq\274\315#\020\177yr\376"
  }
  callId: 13
}
leaderTerm: 1
previousLog {
  term: 1
  index: 2
}
entries {
  term: 1
  index: 3
  configurationEntry {
    peers {
      id: "s3"
      address: "0.0.0.0:15244"
      clientAddress: "0.0.0.0:15246"
      adminAddress: "0.0.0.0:15245"
      startupRole: FOLLOWER
    }
    peers {
      id: "s4"
      address: "0.0.0.0:15248"
      clientAddress: "0.0.0.0:15250"
      adminAddress: "0.0.0.0:15249"
      startupRole: FOLLOWER
    }
    peers {
      id: "s0"
      address: "localhost:15232"
      dataStreamAddress: "localhost:15235"
      clientAddress: "localhost:15234"
      adminAddress: "localhost:15233"
      startupRole: FOLLOWER
    }
    peers {
      id: "s1"
      address: "localhost:15236"
      dataStreamAddress: "localhost:15239"
      clientAddress: "localhost:15238"
      adminAddress: "localhost:15237"
      startupRole: FOLLOWER
    }
    peers {
      id: "s2"
      address: "localhost:15240"
      dataStreamAddress: "localhost:15243"
      clientAddress: "localhost:15242"
      adminAddress: "localhost:15241"
      startupRole: FOLLOWER
    }
    oldPeers {
      id: "s0"
      address: "localhost:15232"
      dataStreamAddress: "localhost:15235"
      clientAddress: "localhost:15234"
      adminAddress: "localhost:15233"
      startupRole: FOLLOWER
    }
    oldPeers {
      id: "s1"
      address: "localhost:15236"
      dataStreamAddress: "localhost:15239"
      clientAddress: "localhost:15238"
      adminAddress: "localhost:15237"
      startupRole: FOLLOWER
    }
    oldPeers {
      id: "s2"
      address: "localhost:15240"
      dataStreamAddress: "localhost:15243"
      clientAddress: "localhost:15242"
      adminAddress: "localhost:15241"
      startupRole: FOLLOWER
    }
  }
}
leaderCommit: 2
commitInfos {
  server {
    id: "s1"
    address: "localhost:15236"
    dataStreamAddress: "localhost:15239"
    clientAddress: "localhost:15238"
    adminAddress: "localhost:15237"
    startupRole: FOLLOWER
  }
  commitIndex: 2
}
commitInfos {
  server {
    id: "s0"
    address: "localhost:15232"
    dataStreamAddress: "localhost:15235"
    clientAddress: "localhost:15234"
    adminAddress: "localhost:15233"
    startupRole: FOLLOWER
  }
  commitIndex: 1
}
commitInfos {
  server {
    id: "s2"
    address: "localhost:15240"
    dataStreamAddress: "localhost:15243"
    clientAddress: "localhost:15242"
    adminAddress: "localhost:15241"
    startupRole: FOLLOWER
  }
  commitIndex: 1
}
commitInfos {
  server {
    id: "s3"
    address: "0.0.0.0:15244"
    clientAddress: "0.0.0.0:15246"
    adminAddress: "0.0.0.0:15245"
    startupRole: FOLLOWER
  }
  commitIndex: 2
}
commitInfos {
  server {
    id: "s4"
    address: "0.0.0.0:15248"
    clientAddress: "0.0.0.0:15250"
    adminAddress: "0.0.0.0:15249"
    startupRole: FOLLOWER
  }
  commitIndex: 2
}
)
]]></system-out>
  </testcase>
  <testcase name="testImmediatelyRevertedToFollower" classname="org.apache.ratis.grpc.TestLeaderElectionWithGrpc" time="0">
    <skipped type="org.opentest4j.TestAbortedException"><![CDATA[org.opentest4j.TestAbortedException: Assumption failed: numLeaks 1 > 0
	at org.apache.ratis.BaseTest.setup(BaseTest.java:104)
	at java.lang.reflect.Method.invoke(Method.java:498)
	at java.util.ArrayList.forEach(ArrayList.java:1259)
	at java.util.ArrayList.forEach(ArrayList.java:1259)
]]></skipped>
    <system-out><![CDATA[2025-02-26 08:19:03,183 [main] INFO  util.LogUtils (Slf4jUtils.java:setLogLevel(38)) - Successfully set org.apache.ratis.conf.ConfUtils log level to WARN
2025-02-26 08:19:03,183 [main] INFO  util.LogUtils (Slf4jUtils.java:setLogLevel(38)) - Successfully set org.apache.ratis.util.FileUtils log level to TRACE
2025-02-26 08:19:03,184 [main] INFO  util.LogUtils (Slf4jUtils.java:setLogLevel(38)) - Successfully set org.apache.ratis.server.RaftServer$Division log level to DEBUG
2025-02-26 08:19:03,184 [main] INFO  util.LogUtils (Slf4jUtils.java:setLogLevel(38)) - Successfully set org.apache.ratis.client.RaftClient log level to DEBUG
2025-02-26 08:19:03,185 [main] WARN  util.ReferenceCountedLeakDetector (ReferenceCountedLeakDetector.java:logLeakMessage(167)) - LEAK: (class org.apache.ratis.proto.RaftProtos$AppendEntriesRequestProto, count=1, value=serverRequest {
  requestorId: "s1"
  replyId: "s0"
  raftGroupId {
    id: "\035a\261\264+QHq\274\315#\020\177yr\376"
  }
  callId: 13
}
leaderTerm: 1
previousLog {
  term: 1
  index: 2
}
entries {
  term: 1
  index: 3
  configurationEntry {
    peers {
      id: "s3"
      address: "0.0.0.0:15244"
      clientAddress: "0.0.0.0:15246"
      adminAddress: "0.0.0.0:15245"
      startupRole: FOLLOWER
    }
    peers {
      id: "s4"
      address: "0.0.0.0:15248"
      clientAddress: "0.0.0.0:15250"
      adminAddress: "0.0.0.0:15249"
      startupRole: FOLLOWER
    }
    peers {
      id: "s0"
      address: "localhost:15232"
      dataStreamAddress: "localhost:15235"
      clientAddress: "localhost:15234"
      adminAddress: "localhost:15233"
      startupRole: FOLLOWER
    }
    peers {
      id: "s1"
      address: "localhost:15236"
      dataStreamAddress: "localhost:15239"
      clientAddress: "localhost:15238"
      adminAddress: "localhost:15237"
      startupRole: FOLLOWER
    }
    peers {
      id: "s2"
      address: "localhost:15240"
      dataStreamAddress: "localhost:15243"
      clientAddress: "localhost:15242"
      adminAddress: "localhost:15241"
      startupRole: FOLLOWER
    }
    oldPeers {
      id: "s0"
      address: "localhost:15232"
      dataStreamAddress: "localhost:15235"
      clientAddress: "localhost:15234"
      adminAddress: "localhost:15233"
      startupRole: FOLLOWER
    }
    oldPeers {
      id: "s1"
      address: "localhost:15236"
      dataStreamAddress: "localhost:15239"
      clientAddress: "localhost:15238"
      adminAddress: "localhost:15237"
      startupRole: FOLLOWER
    }
    oldPeers {
      id: "s2"
      address: "localhost:15240"
      dataStreamAddress: "localhost:15243"
      clientAddress: "localhost:15242"
      adminAddress: "localhost:15241"
      startupRole: FOLLOWER
    }
  }
}
leaderCommit: 2
commitInfos {
  server {
    id: "s1"
    address: "localhost:15236"
    dataStreamAddress: "localhost:15239"
    clientAddress: "localhost:15238"
    adminAddress: "localhost:15237"
    startupRole: FOLLOWER
  }
  commitIndex: 2
}
commitInfos {
  server {
    id: "s0"
    address: "localhost:15232"
    dataStreamAddress: "localhost:15235"
    clientAddress: "localhost:15234"
    adminAddress: "localhost:15233"
    startupRole: FOLLOWER
  }
  commitIndex: 1
}
commitInfos {
  server {
    id: "s2"
    address: "localhost:15240"
    dataStreamAddress: "localhost:15243"
    clientAddress: "localhost:15242"
    adminAddress: "localhost:15241"
    startupRole: FOLLOWER
  }
  commitIndex: 1
}
commitInfos {
  server {
    id: "s3"
    address: "0.0.0.0:15244"
    clientAddress: "0.0.0.0:15246"
    adminAddress: "0.0.0.0:15245"
    startupRole: FOLLOWER
  }
  commitIndex: 2
}
commitInfos {
  server {
    id: "s4"
    address: "0.0.0.0:15248"
    clientAddress: "0.0.0.0:15250"
    adminAddress: "0.0.0.0:15249"
    startupRole: FOLLOWER
  }
  commitIndex: 2
}
)
]]></system-out>
  </testcase>
  <testcase name="testLeaderElectionMetrics" classname="org.apache.ratis.grpc.TestLeaderElectionWithGrpc" time="0">
    <skipped type="org.opentest4j.TestAbortedException"><![CDATA[org.opentest4j.TestAbortedException: Assumption failed: numLeaks 1 > 0
	at org.apache.ratis.BaseTest.setup(BaseTest.java:104)
	at java.lang.reflect.Method.invoke(Method.java:498)
	at java.util.ArrayList.forEach(ArrayList.java:1259)
	at java.util.ArrayList.forEach(ArrayList.java:1259)
]]></skipped>
    <system-out><![CDATA[2025-02-26 08:19:03,186 [main] INFO  util.LogUtils (Slf4jUtils.java:setLogLevel(38)) - Successfully set org.apache.ratis.conf.ConfUtils log level to WARN
2025-02-26 08:19:03,187 [main] INFO  util.LogUtils (Slf4jUtils.java:setLogLevel(38)) - Successfully set org.apache.ratis.util.FileUtils log level to TRACE
2025-02-26 08:19:03,187 [main] INFO  util.LogUtils (Slf4jUtils.java:setLogLevel(38)) - Successfully set org.apache.ratis.server.RaftServer$Division log level to DEBUG
2025-02-26 08:19:03,187 [main] INFO  util.LogUtils (Slf4jUtils.java:setLogLevel(38)) - Successfully set org.apache.ratis.client.RaftClient log level to DEBUG
2025-02-26 08:19:03,187 [main] WARN  util.ReferenceCountedLeakDetector (ReferenceCountedLeakDetector.java:logLeakMessage(167)) - LEAK: (class org.apache.ratis.proto.RaftProtos$AppendEntriesRequestProto, count=1, value=serverRequest {
  requestorId: "s1"
  replyId: "s0"
  raftGroupId {
    id: "\035a\261\264+QHq\274\315#\020\177yr\376"
  }
  callId: 13
}
leaderTerm: 1
previousLog {
  term: 1
  index: 2
}
entries {
  term: 1
  index: 3
  configurationEntry {
    peers {
      id: "s3"
      address: "0.0.0.0:15244"
      clientAddress: "0.0.0.0:15246"
      adminAddress: "0.0.0.0:15245"
      startupRole: FOLLOWER
    }
    peers {
      id: "s4"
      address: "0.0.0.0:15248"
      clientAddress: "0.0.0.0:15250"
      adminAddress: "0.0.0.0:15249"
      startupRole: FOLLOWER
    }
    peers {
      id: "s0"
      address: "localhost:15232"
      dataStreamAddress: "localhost:15235"
      clientAddress: "localhost:15234"
      adminAddress: "localhost:15233"
      startupRole: FOLLOWER
    }
    peers {
      id: "s1"
      address: "localhost:15236"
      dataStreamAddress: "localhost:15239"
      clientAddress: "localhost:15238"
      adminAddress: "localhost:15237"
      startupRole: FOLLOWER
    }
    peers {
      id: "s2"
      address: "localhost:15240"
      dataStreamAddress: "localhost:15243"
      clientAddress: "localhost:15242"
      adminAddress: "localhost:15241"
      startupRole: FOLLOWER
    }
    oldPeers {
      id: "s0"
      address: "localhost:15232"
      dataStreamAddress: "localhost:15235"
      clientAddress: "localhost:15234"
      adminAddress: "localhost:15233"
      startupRole: FOLLOWER
    }
    oldPeers {
      id: "s1"
      address: "localhost:15236"
      dataStreamAddress: "localhost:15239"
      clientAddress: "localhost:15238"
      adminAddress: "localhost:15237"
      startupRole: FOLLOWER
    }
    oldPeers {
      id: "s2"
      address: "localhost:15240"
      dataStreamAddress: "localhost:15243"
      clientAddress: "localhost:15242"
      adminAddress: "localhost:15241"
      startupRole: FOLLOWER
    }
  }
}
leaderCommit: 2
commitInfos {
  server {
    id: "s1"
    address: "localhost:15236"
    dataStreamAddress: "localhost:15239"
    clientAddress: "localhost:15238"
    adminAddress: "localhost:15237"
    startupRole: FOLLOWER
  }
  commitIndex: 2
}
commitInfos {
  server {
    id: "s0"
    address: "localhost:15232"
    dataStreamAddress: "localhost:15235"
    clientAddress: "localhost:15234"
    adminAddress: "localhost:15233"
    startupRole: FOLLOWER
  }
  commitIndex: 1
}
commitInfos {
  server {
    id: "s2"
    address: "localhost:15240"
    dataStreamAddress: "localhost:15243"
    clientAddress: "localhost:15242"
    adminAddress: "localhost:15241"
    startupRole: FOLLOWER
  }
  commitIndex: 1
}
commitInfos {
  server {
    id: "s3"
    address: "0.0.0.0:15244"
    clientAddress: "0.0.0.0:15246"
    adminAddress: "0.0.0.0:15245"
    startupRole: FOLLOWER
  }
  commitIndex: 2
}
commitInfos {
  server {
    id: "s4"
    address: "0.0.0.0:15248"
    clientAddress: "0.0.0.0:15250"
    adminAddress: "0.0.0.0:15249"
    startupRole: FOLLOWER
  }
  commitIndex: 2
}
)
]]></system-out>
  </testcase>
  <testcase name="testEnforceLeader" classname="org.apache.ratis.grpc.TestLeaderElectionWithGrpc" time="0">
    <skipped type="org.opentest4j.TestAbortedException"><![CDATA[org.opentest4j.TestAbortedException: Assumption failed: numLeaks 1 > 0
	at org.apache.ratis.BaseTest.setup(BaseTest.java:104)
	at java.lang.reflect.Method.invoke(Method.java:498)
	at java.util.ArrayList.forEach(ArrayList.java:1259)
	at java.util.ArrayList.forEach(ArrayList.java:1259)
]]></skipped>
    <system-out><![CDATA[2025-02-26 08:19:03,189 [main] INFO  util.LogUtils (Slf4jUtils.java:setLogLevel(38)) - Successfully set org.apache.ratis.conf.ConfUtils log level to WARN
2025-02-26 08:19:03,189 [main] INFO  util.LogUtils (Slf4jUtils.java:setLogLevel(38)) - Successfully set org.apache.ratis.util.FileUtils log level to TRACE
2025-02-26 08:19:03,189 [main] INFO  util.LogUtils (Slf4jUtils.java:setLogLevel(38)) - Successfully set org.apache.ratis.server.RaftServer$Division log level to DEBUG
2025-02-26 08:19:03,189 [main] INFO  util.LogUtils (Slf4jUtils.java:setLogLevel(38)) - Successfully set org.apache.ratis.client.RaftClient log level to DEBUG
2025-02-26 08:19:03,190 [main] WARN  util.ReferenceCountedLeakDetector (ReferenceCountedLeakDetector.java:logLeakMessage(167)) - LEAK: (class org.apache.ratis.proto.RaftProtos$AppendEntriesRequestProto, count=1, value=serverRequest {
  requestorId: "s1"
  replyId: "s0"
  raftGroupId {
    id: "\035a\261\264+QHq\274\315#\020\177yr\376"
  }
  callId: 13
}
leaderTerm: 1
previousLog {
  term: 1
  index: 2
}
entries {
  term: 1
  index: 3
  configurationEntry {
    peers {
      id: "s3"
      address: "0.0.0.0:15244"
      clientAddress: "0.0.0.0:15246"
      adminAddress: "0.0.0.0:15245"
      startupRole: FOLLOWER
    }
    peers {
      id: "s4"
      address: "0.0.0.0:15248"
      clientAddress: "0.0.0.0:15250"
      adminAddress: "0.0.0.0:15249"
      startupRole: FOLLOWER
    }
    peers {
      id: "s0"
      address: "localhost:15232"
      dataStreamAddress: "localhost:15235"
      clientAddress: "localhost:15234"
      adminAddress: "localhost:15233"
      startupRole: FOLLOWER
    }
    peers {
      id: "s1"
      address: "localhost:15236"
      dataStreamAddress: "localhost:15239"
      clientAddress: "localhost:15238"
      adminAddress: "localhost:15237"
      startupRole: FOLLOWER
    }
    peers {
      id: "s2"
      address: "localhost:15240"
      dataStreamAddress: "localhost:15243"
      clientAddress: "localhost:15242"
      adminAddress: "localhost:15241"
      startupRole: FOLLOWER
    }
    oldPeers {
      id: "s0"
      address: "localhost:15232"
      dataStreamAddress: "localhost:15235"
      clientAddress: "localhost:15234"
      adminAddress: "localhost:15233"
      startupRole: FOLLOWER
    }
    oldPeers {
      id: "s1"
      address: "localhost:15236"
      dataStreamAddress: "localhost:15239"
      clientAddress: "localhost:15238"
      adminAddress: "localhost:15237"
      startupRole: FOLLOWER
    }
    oldPeers {
      id: "s2"
      address: "localhost:15240"
      dataStreamAddress: "localhost:15243"
      clientAddress: "localhost:15242"
      adminAddress: "localhost:15241"
      startupRole: FOLLOWER
    }
  }
}
leaderCommit: 2
commitInfos {
  server {
    id: "s1"
    address: "localhost:15236"
    dataStreamAddress: "localhost:15239"
    clientAddress: "localhost:15238"
    adminAddress: "localhost:15237"
    startupRole: FOLLOWER
  }
  commitIndex: 2
}
commitInfos {
  server {
    id: "s0"
    address: "localhost:15232"
    dataStreamAddress: "localhost:15235"
    clientAddress: "localhost:15234"
    adminAddress: "localhost:15233"
    startupRole: FOLLOWER
  }
  commitIndex: 1
}
commitInfos {
  server {
    id: "s2"
    address: "localhost:15240"
    dataStreamAddress: "localhost:15243"
    clientAddress: "localhost:15242"
    adminAddress: "localhost:15241"
    startupRole: FOLLOWER
  }
  commitIndex: 1
}
commitInfos {
  server {
    id: "s3"
    address: "0.0.0.0:15244"
    clientAddress: "0.0.0.0:15246"
    adminAddress: "0.0.0.0:15245"
    startupRole: FOLLOWER
  }
  commitIndex: 2
}
commitInfos {
  server {
    id: "s4"
    address: "0.0.0.0:15248"
    clientAddress: "0.0.0.0:15250"
    adminAddress: "0.0.0.0:15249"
    startupRole: FOLLOWER
  }
  commitIndex: 2
}
)
]]></system-out>
  </testcase>
  <testcase name="testDisconnectLeader" classname="org.apache.ratis.grpc.TestLeaderElectionWithGrpc" time="0">
    <skipped type="org.opentest4j.TestAbortedException"><![CDATA[org.opentest4j.TestAbortedException: Assumption failed: numLeaks 1 > 0
	at org.apache.ratis.BaseTest.setup(BaseTest.java:104)
	at java.lang.reflect.Method.invoke(Method.java:498)
	at java.util.ArrayList.forEach(ArrayList.java:1259)
	at java.util.ArrayList.forEach(ArrayList.java:1259)
]]></skipped>
    <system-out><![CDATA[2025-02-26 08:19:03,191 [main] INFO  util.LogUtils (Slf4jUtils.java:setLogLevel(38)) - Successfully set org.apache.ratis.conf.ConfUtils log level to WARN
2025-02-26 08:19:03,191 [main] INFO  util.LogUtils (Slf4jUtils.java:setLogLevel(38)) - Successfully set org.apache.ratis.util.FileUtils log level to TRACE
2025-02-26 08:19:03,192 [main] INFO  util.LogUtils (Slf4jUtils.java:setLogLevel(38)) - Successfully set org.apache.ratis.server.RaftServer$Division log level to DEBUG
2025-02-26 08:19:03,192 [main] INFO  util.LogUtils (Slf4jUtils.java:setLogLevel(38)) - Successfully set org.apache.ratis.client.RaftClient log level to DEBUG
2025-02-26 08:19:03,193 [main] WARN  util.ReferenceCountedLeakDetector (ReferenceCountedLeakDetector.java:logLeakMessage(167)) - LEAK: (class org.apache.ratis.proto.RaftProtos$AppendEntriesRequestProto, count=1, value=serverRequest {
  requestorId: "s1"
  replyId: "s0"
  raftGroupId {
    id: "\035a\261\264+QHq\274\315#\020\177yr\376"
  }
  callId: 13
}
leaderTerm: 1
previousLog {
  term: 1
  index: 2
}
entries {
  term: 1
  index: 3
  configurationEntry {
    peers {
      id: "s3"
      address: "0.0.0.0:15244"
      clientAddress: "0.0.0.0:15246"
      adminAddress: "0.0.0.0:15245"
      startupRole: FOLLOWER
    }
    peers {
      id: "s4"
      address: "0.0.0.0:15248"
      clientAddress: "0.0.0.0:15250"
      adminAddress: "0.0.0.0:15249"
      startupRole: FOLLOWER
    }
    peers {
      id: "s0"
      address: "localhost:15232"
      dataStreamAddress: "localhost:15235"
      clientAddress: "localhost:15234"
      adminAddress: "localhost:15233"
      startupRole: FOLLOWER
    }
    peers {
      id: "s1"
      address: "localhost:15236"
      dataStreamAddress: "localhost:15239"
      clientAddress: "localhost:15238"
      adminAddress: "localhost:15237"
      startupRole: FOLLOWER
    }
    peers {
      id: "s2"
      address: "localhost:15240"
      dataStreamAddress: "localhost:15243"
      clientAddress: "localhost:15242"
      adminAddress: "localhost:15241"
      startupRole: FOLLOWER
    }
    oldPeers {
      id: "s0"
      address: "localhost:15232"
      dataStreamAddress: "localhost:15235"
      clientAddress: "localhost:15234"
      adminAddress: "localhost:15233"
      startupRole: FOLLOWER
    }
    oldPeers {
      id: "s1"
      address: "localhost:15236"
      dataStreamAddress: "localhost:15239"
      clientAddress: "localhost:15238"
      adminAddress: "localhost:15237"
      startupRole: FOLLOWER
    }
    oldPeers {
      id: "s2"
      address: "localhost:15240"
      dataStreamAddress: "localhost:15243"
      clientAddress: "localhost:15242"
      adminAddress: "localhost:15241"
      startupRole: FOLLOWER
    }
  }
}
leaderCommit: 2
commitInfos {
  server {
    id: "s1"
    address: "localhost:15236"
    dataStreamAddress: "localhost:15239"
    clientAddress: "localhost:15238"
    adminAddress: "localhost:15237"
    startupRole: FOLLOWER
  }
  commitIndex: 2
}
commitInfos {
  server {
    id: "s0"
    address: "localhost:15232"
    dataStreamAddress: "localhost:15235"
    clientAddress: "localhost:15234"
    adminAddress: "localhost:15233"
    startupRole: FOLLOWER
  }
  commitIndex: 1
}
commitInfos {
  server {
    id: "s2"
    address: "localhost:15240"
    dataStreamAddress: "localhost:15243"
    clientAddress: "localhost:15242"
    adminAddress: "localhost:15241"
    startupRole: FOLLOWER
  }
  commitIndex: 1
}
commitInfos {
  server {
    id: "s3"
    address: "0.0.0.0:15244"
    clientAddress: "0.0.0.0:15246"
    adminAddress: "0.0.0.0:15245"
    startupRole: FOLLOWER
  }
  commitIndex: 2
}
commitInfos {
  server {
    id: "s4"
    address: "0.0.0.0:15248"
    clientAddress: "0.0.0.0:15250"
    adminAddress: "0.0.0.0:15249"
    startupRole: FOLLOWER
  }
  commitIndex: 2
}
)
]]></system-out>
  </testcase>
</testsuite>