<?xml version="1.0" encoding="UTF-8"?>
<testsuite xmlns:xsi="http://www.w3.org/2001/XMLSchema-instance" xsi:noNamespaceSchemaLocation="https://maven.apache.org/surefire/maven-surefire-plugin/xsd/surefire-test-report-3.0.xsd" version="3.0" name="org.apache.ratis.server.simulation.TestRaftStateMachineExceptionWithSimulatedRpc" time="6.055" tests="3" errors="1" skipped="0" failures="0">
  <properties>
    <property name="awt.toolkit" value="sun.awt.X11.XToolkit"/>
    <property name="java.specification.version" value="11"/>
    <property name="sun.cpu.isalist" value=""/>
    <property name="sun.jnu.encoding" value="UTF-8"/>
    <property name="java.class.path" value="/home/runner/work/ratis/ratis/ratis-test/target/test-classes:/home/runner/work/ratis/ratis/ratis-test/target/classes:/home/runner/work/ratis/ratis/ratis-common/target/classes:/home/runner/.m2/repository/org/apache/ratis/ratis-thirdparty-misc/1.0.4/ratis-thirdparty-misc-1.0.4.jar:/home/runner/work/ratis/ratis/ratis-proto/target/ratis-proto-3.0.0-SNAPSHOT.jar:/home/runner/work/ratis/ratis/ratis-common/target/test-classes:/home/runner/work/ratis/ratis/ratis-client/target/classes:/home/runner/work/ratis/ratis/ratis-server/target/classes:/home/runner/work/ratis/ratis/ratis-server-api/target/classes:/home/runner/work/ratis/ratis/ratis-metrics-api/target/classes:/home/runner/work/ratis/ratis/ratis-server/target/test-classes:/home/runner/work/ratis/ratis/ratis-metrics-default/target/classes:/home/runner/work/ratis/ratis/ratis-netty/target/classes:/home/runner/work/ratis/ratis/ratis-netty/target/test-classes:/home/runner/work/ratis/ratis/ratis-grpc/target/classes:/home/runner/work/ratis/ratis/ratis-grpc/target/test-classes:/home/runner/work/ratis/ratis/ratis-shell/target/classes:/home/runner/.m2/repository/commons-cli/commons-cli/1.5.0/commons-cli-1.5.0.jar:/home/runner/.m2/repository/org/reflections/reflections/0.10.2/reflections-0.10.2.jar:/home/runner/.m2/repository/org/javassist/javassist/3.28.0-GA/javassist-3.28.0-GA.jar:/home/runner/.m2/repository/com/google/code/findbugs/jsr305/3.0.2/jsr305-3.0.2.jar:/home/runner/.m2/repository/org/bouncycastle/bcprov-jdk15on/1.70/bcprov-jdk15on-1.70.jar:/home/runner/.m2/repository/org/bouncycastle/bcpkix-jdk15on/1.70/bcpkix-jdk15on-1.70.jar:/home/runner/.m2/repository/org/bouncycastle/bcutil-jdk15on/1.70/bcutil-jdk15on-1.70.jar:/home/runner/.m2/repository/org/slf4j/slf4j-api/2.0.7/slf4j-api-2.0.7.jar:/home/runner/.m2/repository/org/slf4j/slf4j-reload4j/2.0.7/slf4j-reload4j-2.0.7.jar:/home/runner/.m2/repository/ch/qos/reload4j/reload4j/1.2.22/reload4j-1.2.22.jar:/home/runner/.m2/repository/junit/junit/4.13.2/junit-4.13.2.jar:/home/runner/.m2/repository/org/hamcrest/hamcrest-core/1.3/hamcrest-core-1.3.jar:/home/runner/.m2/repository/org/mockito/mockito-core/4.3.1/mockito-core-4.3.1.jar:/home/runner/.m2/repository/net/bytebuddy/byte-buddy/1.12.7/byte-buddy-1.12.7.jar:/home/runner/.m2/repository/net/bytebuddy/byte-buddy-agent/1.12.7/byte-buddy-agent-1.12.7.jar:/home/runner/.m2/repository/org/objenesis/objenesis/3.2/objenesis-3.2.jar:"/>
    <property name="java.vm.vendor" value="Eclipse Adoptium"/>
    <property name="sun.arch.data.model" value="64"/>
    <property name="java.vendor.url" value="https://adoptium.net/"/>
    <property name="user.timezone" value=""/>
    <property name="java.vm.specification.version" value="11"/>
    <property name="os.name" value="Linux"/>
    <property name="sun.java.launcher" value="SUN_STANDARD"/>
    <property name="sun.boot.library.path" value="/usr/lib/jvm/temurin-11-jdk-amd64/lib"/>
    <property name="sun.java.command" value="/home/runner/work/ratis/ratis/ratis-test/target/surefire/surefirebooter-20230411140829013_184.jar /home/runner/work/ratis/ratis/ratis-test/target/surefire 2023-04-11T14-07-41_425-jvmRun1 surefire-20230411140829013_182tmp surefire_21-20230411140829013_183tmp"/>
    <property name="jdk.debug" value="release"/>
    <property name="surefire.test.class.path" value="/home/runner/work/ratis/ratis/ratis-test/target/test-classes:/home/runner/work/ratis/ratis/ratis-test/target/classes:/home/runner/work/ratis/ratis/ratis-common/target/classes:/home/runner/.m2/repository/org/apache/ratis/ratis-thirdparty-misc/1.0.4/ratis-thirdparty-misc-1.0.4.jar:/home/runner/work/ratis/ratis/ratis-proto/target/ratis-proto-3.0.0-SNAPSHOT.jar:/home/runner/work/ratis/ratis/ratis-common/target/test-classes:/home/runner/work/ratis/ratis/ratis-client/target/classes:/home/runner/work/ratis/ratis/ratis-server/target/classes:/home/runner/work/ratis/ratis/ratis-server-api/target/classes:/home/runner/work/ratis/ratis/ratis-metrics-api/target/classes:/home/runner/work/ratis/ratis/ratis-server/target/test-classes:/home/runner/work/ratis/ratis/ratis-metrics-default/target/classes:/home/runner/work/ratis/ratis/ratis-netty/target/classes:/home/runner/work/ratis/ratis/ratis-netty/target/test-classes:/home/runner/work/ratis/ratis/ratis-grpc/target/classes:/home/runner/work/ratis/ratis/ratis-grpc/target/test-classes:/home/runner/work/ratis/ratis/ratis-shell/target/classes:/home/runner/.m2/repository/commons-cli/commons-cli/1.5.0/commons-cli-1.5.0.jar:/home/runner/.m2/repository/org/reflections/reflections/0.10.2/reflections-0.10.2.jar:/home/runner/.m2/repository/org/javassist/javassist/3.28.0-GA/javassist-3.28.0-GA.jar:/home/runner/.m2/repository/com/google/code/findbugs/jsr305/3.0.2/jsr305-3.0.2.jar:/home/runner/.m2/repository/org/bouncycastle/bcprov-jdk15on/1.70/bcprov-jdk15on-1.70.jar:/home/runner/.m2/repository/org/bouncycastle/bcpkix-jdk15on/1.70/bcpkix-jdk15on-1.70.jar:/home/runner/.m2/repository/org/bouncycastle/bcutil-jdk15on/1.70/bcutil-jdk15on-1.70.jar:/home/runner/.m2/repository/org/slf4j/slf4j-api/2.0.7/slf4j-api-2.0.7.jar:/home/runner/.m2/repository/org/slf4j/slf4j-reload4j/2.0.7/slf4j-reload4j-2.0.7.jar:/home/runner/.m2/repository/ch/qos/reload4j/reload4j/1.2.22/reload4j-1.2.22.jar:/home/runner/.m2/repository/junit/junit/4.13.2/junit-4.13.2.jar:/home/runner/.m2/repository/org/hamcrest/hamcrest-core/1.3/hamcrest-core-1.3.jar:/home/runner/.m2/repository/org/mockito/mockito-core/4.3.1/mockito-core-4.3.1.jar:/home/runner/.m2/repository/net/bytebuddy/byte-buddy/1.12.7/byte-buddy-1.12.7.jar:/home/runner/.m2/repository/net/bytebuddy/byte-buddy-agent/1.12.7/byte-buddy-agent-1.12.7.jar:/home/runner/.m2/repository/org/objenesis/objenesis/3.2/objenesis-3.2.jar:"/>
    <property name="sun.cpu.endian" value="little"/>
    <property name="user.home" value="/home/runner"/>
    <property name="user.language" value="en"/>
    <property name="java.specification.vendor" value="Oracle Corporation"/>
    <property name="java.version.date" value="2023-01-17"/>
    <property name="java.home" value="/usr/lib/jvm/temurin-11-jdk-amd64"/>
    <property name="file.separator" value="/"/>
    <property name="basedir" value="/home/runner/work/ratis/ratis/ratis-test"/>
    <property name="java.vm.compressedOopsMode" value="32-bit"/>
    <property name="line.separator" value="&#10;"/>
    <property name="java.specification.name" value="Java Platform API Specification"/>
    <property name="java.vm.specification.vendor" value="Oracle Corporation"/>
    <property name="java.awt.graphicsenv" value="sun.awt.X11GraphicsEnvironment"/>
    <property name="surefire.real.class.path" value="/home/runner/work/ratis/ratis/ratis-test/target/surefire/surefirebooter-20230411140829013_184.jar"/>
    <property name="sun.management.compiler" value="HotSpot 64-Bit Tiered Compilers"/>
    <property name="java.runtime.version" value="11.0.18+10"/>
    <property name="user.name" value="runner"/>
    <property name="java.net.preferIPv4Stack" value="true"/>
    <property name="path.separator" value=":"/>
    <property name="os.version" value="5.15.0-1035-azure"/>
    <property name="java.runtime.name" value="OpenJDK Runtime Environment"/>
    <property name="file.encoding" value="UTF-8"/>
    <property name="java.vm.name" value="OpenJDK 64-Bit Server VM"/>
    <property name="java.vendor.version" value="Temurin-11.0.18+10"/>
    <property name="localRepository" value="/home/runner/.m2/repository"/>
    <property name="java.vendor.url.bug" value="https://github.com/adoptium/adoptium-support/issues"/>
    <property name="java.io.tmpdir" value="/tmp"/>
    <property name="java.version" value="11.0.18"/>
    <property name="user.dir" value="/home/runner/work/ratis/ratis/ratis-test"/>
    <property name="os.arch" value="amd64"/>
    <property name="ratis.tmp.dir" value="/home/runner/work/ratis/ratis/ratis-test/target/tmp"/>
    <property name="java.vm.specification.name" value="Java Virtual Machine Specification"/>
    <property name="java.awt.printerjob" value="sun.print.PSPrinterJob"/>
    <property name="ratis.log.dir" value="/home/runner/work/ratis/ratis/ratis-test/target/log"/>
    <property name="sun.os.patch.level" value="unknown"/>
    <property name="java.library.path" value="/usr/java/packages/lib:/usr/lib64:/lib64:/lib:/usr/lib"/>
    <property name="java.vm.info" value="mixed mode"/>
    <property name="java.vendor" value="Eclipse Adoptium"/>
    <property name="java.vm.version" value="11.0.18+10"/>
    <property name="sun.io.unicode.encoding" value="UnicodeLittle"/>
    <property name="java.class.version" value="55.0"/>
  </properties>
  <testcase name="testRetryOnStateMachineException" classname="org.apache.ratis.server.simulation.TestRaftStateMachineExceptionWithSimulatedRpc" time="2.853">
    <system-out><![CDATA[2023-04-11 14:12:36,627 [main] INFO  util.LogUtils (Slf4jUtils.java:setLogLevel(38)) - Successfully set org.apache.ratis.conf.ConfUtils log level to WARN
2023-04-11 14:12:36,629 [main] INFO  util.LogUtils (Slf4jUtils.java:setLogLevel(38)) - Successfully set org.apache.ratis.util.FileUtils log level to TRACE
2023-04-11 14:12:36,632 [main] INFO  util.LogUtils (Slf4jUtils.java:setLogLevel(38)) - Successfully set org.apache.ratis.server.RaftServer$Division log level to DEBUG
2023-04-11 14:12:36,633 [main] INFO  util.LogUtils (Slf4jUtils.java:setLogLevel(38)) - Successfully set org.apache.ratis.server.raftlog.RaftLog log level to DEBUG
2023-04-11 14:12:36,633 [main] INFO  util.LogUtils (Slf4jUtils.java:setLogLevel(38)) - Successfully set org.apache.ratis.client.RaftClient log level to DEBUG
2023-04-11 14:12:36,648 [Time-limited test] INFO  impl.MiniRaftCluster (MiniRaftCluster.java:runWithNewCluster(135)) - Running runWithNewCluster
2023-04-11 14:12:36,657 [Time-limited test] INFO  simulation.MiniRaftClusterWithSimulatedRpc (ConfUtils.java:logGet(46)) - org.apache.ratis.server.simulation.SimulatedRequestReply.simulateLatencyMs = 150 (default)
2023-04-11 14:12:36,694 [Time-limited test] INFO  impl.MiniRaftCluster (MiniRaftCluster.java:<init>(306)) - new MiniRaftClusterWithSimulatedRpc with group-D54832D7F2F9:[s0|rpc:localhost:36377|admin:localhost:43981|client:localhost:45773|dataStream:localhost:44659|priority:0|startupRole:FOLLOWER, s1|rpc:localhost:41593|admin:localhost:33009|client:localhost:40657|dataStream:localhost:39887|priority:0|startupRole:FOLLOWER, s2|rpc:localhost:35799|admin:localhost:42661|client:localhost:42851|dataStream:localhost:38965|priority:0|startupRole:FOLLOWER]
2023-04-11 14:12:36,694 [Time-limited test] INFO  impl.MiniRaftCluster (MiniRaftCluster.java:start(339)) - .............................................................. 
2023-04-11 14:12:36,694 [Time-limited test] INFO  impl.MiniRaftCluster (MiniRaftCluster.java:start(340)) - ... 
2023-04-11 14:12:36,695 [Time-limited test] INFO  impl.MiniRaftCluster (MiniRaftCluster.java:start(341)) - ...     Starting MiniRaftClusterWithSimulatedRpc
2023-04-11 14:12:36,695 [Time-limited test] INFO  impl.MiniRaftCluster (MiniRaftCluster.java:start(342)) - ... 
2023-04-11 14:12:36,695 [Time-limited test] INFO  impl.MiniRaftCluster (MiniRaftCluster.java:start(343)) - .............................................................. 
2023-04-11 14:12:36,695 [Time-limited test] INFO  impl.MiniRaftCluster (MiniRaftCluster.java:initServers(318)) - servers = {}
2023-04-11 14:12:36,699 [Time-limited test] INFO  impl.MiniRaftCluster (MiniRaftCluster.java:newRaftServer(382)) - newRaftServer: s0, group-D54832D7F2F9:[s0|rpc:localhost:36377|admin:localhost:43981|client:localhost:45773|dataStream:localhost:44659|priority:0|startupRole:FOLLOWER, s1|rpc:localhost:41593|admin:localhost:33009|client:localhost:40657|dataStream:localhost:39887|priority:0|startupRole:FOLLOWER, s2|rpc:localhost:35799|admin:localhost:42661|client:localhost:42851|dataStream:localhost:38965|priority:0|startupRole:FOLLOWER], format? true
2023-04-11 14:12:36,701 [Time-limited test] TRACE util.FileUtils (FileUtils.java:deleteFully(201)) - deleteFully target/test/data/6a86d74c/MiniRaftClusterWithSimulatedRpcbbcfd77a/s0
2023-04-11 14:12:36,701 [Time-limited test] TRACE util.FileUtils (FileUtils.java:deleteFully(217)) - deleteFully: target/test/data/6a86d74c/MiniRaftClusterWithSimulatedRpcbbcfd77a/s0 does not exist.
2023-04-11 14:12:36,701 [Time-limited test] INFO  impl.MiniRaftCluster (MiniRaftCluster.java:newRaftServer(387)) - Formatted directory target/test/data/6a86d74c/MiniRaftClusterWithSimulatedRpcbbcfd77a/s0
2023-04-11 14:12:36,713 [Time-limited test] INFO  server.RaftServer (ConfUtils.java:logGet(46)) - raft.rpc.type = org.apache.ratis.server.simulation.SimulatedRpc (custom)
2023-04-11 14:12:36,720 [Time-limited test] INFO  impl.DataStreamServerImpl (ConfUtils.java:logGet(46)) - raft.datastream.type = DISABLED (default)
2023-04-11 14:12:36,739 [Time-limited test] INFO  server.RaftServerConfigKeys (ConfUtils.java:logGet(46)) - raft.server.threadpool.proxy.cached = true (default)
2023-04-11 14:12:36,740 [Time-limited test] INFO  server.RaftServerConfigKeys (ConfUtils.java:logGet(46)) - raft.server.threadpool.proxy.size = 0 (default)
2023-04-11 14:12:36,744 [Time-limited test] INFO  server.RaftServerConfigKeys (ConfUtils.java:logGet(46)) - raft.server.rpc.slowness.timeout = 60s (default)
2023-04-11 14:12:36,745 [Time-limited test] INFO  server.RaftServerConfigKeys (ConfUtils.java:logGet(46)) - raft.server.leaderelection.leader.step-down.wait-time = 10s (default)
2023-04-11 14:12:36,748 [Time-limited test] INFO  server.RaftServerConfigKeys (ConfUtils.java:logGet(46)) - raft.server.storage.dir = [/home/runner/work/ratis/ratis/ratis-test/target/test/data/6a86d74c/MiniRaftClusterWithSimulatedRpcbbcfd77a/s0] (custom)
2023-04-11 14:12:36,759 [Time-limited test] INFO  server.RaftServer (RaftServerProxy.java:addNew(99)) - s0: addNew group-D54832D7F2F9:[s0|rpc:localhost:36377|admin:localhost:43981|client:localhost:45773|dataStream:localhost:44659|priority:0|startupRole:FOLLOWER, s1|rpc:localhost:41593|admin:localhost:33009|client:localhost:40657|dataStream:localhost:39887|priority:0|startupRole:FOLLOWER, s2|rpc:localhost:35799|admin:localhost:42661|client:localhost:42851|dataStream:localhost:38965|priority:0|startupRole:FOLLOWER] returns group-D54832D7F2F9:java.util.concurrent.CompletableFuture@575e12e[Not completed]
2023-04-11 14:12:36,759 [Time-limited test] INFO  impl.MiniRaftCluster (MiniRaftCluster.java:newRaftServer(382)) - newRaftServer: s1, group-D54832D7F2F9:[s0|rpc:localhost:36377|admin:localhost:43981|client:localhost:45773|dataStream:localhost:44659|priority:0|startupRole:FOLLOWER, s1|rpc:localhost:41593|admin:localhost:33009|client:localhost:40657|dataStream:localhost:39887|priority:0|startupRole:FOLLOWER, s2|rpc:localhost:35799|admin:localhost:42661|client:localhost:42851|dataStream:localhost:38965|priority:0|startupRole:FOLLOWER], format? true
2023-04-11 14:12:36,760 [Time-limited test] TRACE util.FileUtils (FileUtils.java:deleteFully(201)) - deleteFully target/test/data/6a86d74c/MiniRaftClusterWithSimulatedRpcbbcfd77a/s1
2023-04-11 14:12:36,760 [Time-limited test] TRACE util.FileUtils (FileUtils.java:deleteFully(217)) - deleteFully: target/test/data/6a86d74c/MiniRaftClusterWithSimulatedRpcbbcfd77a/s1 does not exist.
2023-04-11 14:12:36,760 [Time-limited test] INFO  impl.MiniRaftCluster (MiniRaftCluster.java:newRaftServer(387)) - Formatted directory target/test/data/6a86d74c/MiniRaftClusterWithSimulatedRpcbbcfd77a/s1
2023-04-11 14:12:36,760 [Time-limited test] INFO  server.RaftServer (ConfUtils.java:logGet(46)) - raft.rpc.type = org.apache.ratis.server.simulation.SimulatedRpc (custom)
2023-04-11 14:12:36,761 [Time-limited test] INFO  impl.DataStreamServerImpl (ConfUtils.java:logGet(46)) - raft.datastream.type = DISABLED (default)
2023-04-11 14:12:36,761 [Time-limited test] INFO  server.RaftServerConfigKeys (ConfUtils.java:logGet(46)) - raft.server.threadpool.proxy.cached = true (default)
2023-04-11 14:12:36,761 [Time-limited test] INFO  server.RaftServerConfigKeys (ConfUtils.java:logGet(46)) - raft.server.threadpool.proxy.size = 0 (default)
2023-04-11 14:12:36,761 [Time-limited test] INFO  server.RaftServerConfigKeys (ConfUtils.java:logGet(46)) - raft.server.rpc.slowness.timeout = 60s (default)
2023-04-11 14:12:36,762 [Time-limited test] INFO  server.RaftServerConfigKeys (ConfUtils.java:logGet(46)) - raft.server.leaderelection.leader.step-down.wait-time = 10s (default)
2023-04-11 14:12:36,762 [Time-limited test] INFO  server.RaftServerConfigKeys (ConfUtils.java:logGet(46)) - raft.server.storage.dir = [/home/runner/work/ratis/ratis/ratis-test/target/test/data/6a86d74c/MiniRaftClusterWithSimulatedRpcbbcfd77a/s1] (custom)
2023-04-11 14:12:36,779 [Time-limited test] INFO  server.RaftServer (RaftServerProxy.java:addNew(99)) - s1: addNew group-D54832D7F2F9:[s0|rpc:localhost:36377|admin:localhost:43981|client:localhost:45773|dataStream:localhost:44659|priority:0|startupRole:FOLLOWER, s1|rpc:localhost:41593|admin:localhost:33009|client:localhost:40657|dataStream:localhost:39887|priority:0|startupRole:FOLLOWER, s2|rpc:localhost:35799|admin:localhost:42661|client:localhost:42851|dataStream:localhost:38965|priority:0|startupRole:FOLLOWER] returns group-D54832D7F2F9:java.util.concurrent.CompletableFuture@6f8e9152[Not completed]
2023-04-11 14:12:36,779 [Time-limited test] INFO  impl.MiniRaftCluster (MiniRaftCluster.java:newRaftServer(382)) - newRaftServer: s2, group-D54832D7F2F9:[s0|rpc:localhost:36377|admin:localhost:43981|client:localhost:45773|dataStream:localhost:44659|priority:0|startupRole:FOLLOWER, s1|rpc:localhost:41593|admin:localhost:33009|client:localhost:40657|dataStream:localhost:39887|priority:0|startupRole:FOLLOWER, s2|rpc:localhost:35799|admin:localhost:42661|client:localhost:42851|dataStream:localhost:38965|priority:0|startupRole:FOLLOWER], format? true
2023-04-11 14:12:36,779 [Time-limited test] TRACE util.FileUtils (FileUtils.java:deleteFully(201)) - deleteFully target/test/data/6a86d74c/MiniRaftClusterWithSimulatedRpcbbcfd77a/s2
2023-04-11 14:12:36,779 [Time-limited test] TRACE util.FileUtils (FileUtils.java:deleteFully(217)) - deleteFully: target/test/data/6a86d74c/MiniRaftClusterWithSimulatedRpcbbcfd77a/s2 does not exist.
2023-04-11 14:12:36,780 [Time-limited test] INFO  impl.MiniRaftCluster (MiniRaftCluster.java:newRaftServer(387)) - Formatted directory target/test/data/6a86d74c/MiniRaftClusterWithSimulatedRpcbbcfd77a/s2
2023-04-11 14:12:36,780 [Time-limited test] INFO  server.RaftServer (ConfUtils.java:logGet(46)) - raft.rpc.type = org.apache.ratis.server.simulation.SimulatedRpc (custom)
2023-04-11 14:12:36,780 [Time-limited test] INFO  impl.DataStreamServerImpl (ConfUtils.java:logGet(46)) - raft.datastream.type = DISABLED (default)
2023-04-11 14:12:36,781 [Time-limited test] INFO  server.RaftServerConfigKeys (ConfUtils.java:logGet(46)) - raft.server.threadpool.proxy.cached = true (default)
2023-04-11 14:12:36,781 [Time-limited test] INFO  server.RaftServerConfigKeys (ConfUtils.java:logGet(46)) - raft.server.threadpool.proxy.size = 0 (default)
2023-04-11 14:12:36,781 [Time-limited test] INFO  server.RaftServerConfigKeys (ConfUtils.java:logGet(46)) - raft.server.rpc.slowness.timeout = 60s (default)
2023-04-11 14:12:36,781 [Time-limited test] INFO  server.RaftServerConfigKeys (ConfUtils.java:logGet(46)) - raft.server.leaderelection.leader.step-down.wait-time = 10s (default)
2023-04-11 14:12:36,782 [Time-limited test] INFO  server.RaftServerConfigKeys (ConfUtils.java:logGet(46)) - raft.server.storage.dir = [/home/runner/work/ratis/ratis/ratis-test/target/test/data/6a86d74c/MiniRaftClusterWithSimulatedRpcbbcfd77a/s2] (custom)
2023-04-11 14:12:36,782 [s1-groupManagement] INFO  server.RaftServerConfigKeys (ConfUtils.java:logGet(46)) - raft.server.log.segment.size.max = 8MB (=8388608) (default)
2023-04-11 14:12:36,791 [Time-limited test] INFO  server.RaftServer (RaftServerProxy.java:addNew(99)) - s2: addNew group-D54832D7F2F9:[s0|rpc:localhost:36377|admin:localhost:43981|client:localhost:45773|dataStream:localhost:44659|priority:0|startupRole:FOLLOWER, s1|rpc:localhost:41593|admin:localhost:33009|client:localhost:40657|dataStream:localhost:39887|priority:0|startupRole:FOLLOWER, s2|rpc:localhost:35799|admin:localhost:42661|client:localhost:42851|dataStream:localhost:38965|priority:0|startupRole:FOLLOWER] returns group-D54832D7F2F9:java.util.concurrent.CompletableFuture@67ebc332[Not completed]
2023-04-11 14:12:36,776 [s0-groupManagement] INFO  server.RaftServerConfigKeys (ConfUtils.java:logGet(46)) - raft.server.log.segment.size.max = 8MB (=8388608) (default)
2023-04-11 14:12:36,796 [s2-groupManagement] INFO  server.RaftServerConfigKeys (ConfUtils.java:logGet(46)) - raft.server.log.segment.size.max = 8MB (=8388608) (default)
2023-04-11 14:12:36,797 [s2-groupManagement] INFO  server.RaftServerConfigKeys (ConfUtils.java:logGet(46)) - raft.server.log.preallocated.size = 4MB (=4194304) (default)
2023-04-11 14:12:36,797 [s0-groupManagement] INFO  server.RaftServerConfigKeys (ConfUtils.java:logGet(46)) - raft.server.log.preallocated.size = 4MB (=4194304) (default)
2023-04-11 14:12:36,798 [s1-groupManagement] INFO  server.RaftServerConfigKeys (ConfUtils.java:logGet(46)) - raft.server.log.preallocated.size = 4MB (=4194304) (default)
2023-04-11 14:12:36,799 [s1-groupManagement] INFO  server.RaftServerConfigKeys (ConfUtils.java:logGet(46)) - raft.server.log.write.buffer.size = 64KB (=65536) (default)
2023-04-11 14:12:36,801 [s2-groupManagement] INFO  server.RaftServerConfigKeys (ConfUtils.java:logGet(46)) - raft.server.log.write.buffer.size = 64KB (=65536) (default)
2023-04-11 14:12:36,801 [s0-groupManagement] INFO  server.RaftServerConfigKeys (ConfUtils.java:logGet(46)) - raft.server.log.write.buffer.size = 64KB (=65536) (default)
2023-04-11 14:12:36,805 [s0-groupManagement] INFO  server.RaftServer$Division (RaftServerImpl.java:<init>(198)) - s0: new RaftServerImpl for group-D54832D7F2F9:[s0|rpc:localhost:36377|admin:localhost:43981|client:localhost:45773|dataStream:localhost:44659|priority:0|startupRole:FOLLOWER, s1|rpc:localhost:41593|admin:localhost:33009|client:localhost:40657|dataStream:localhost:39887|priority:0|startupRole:FOLLOWER, s2|rpc:localhost:35799|admin:localhost:42661|client:localhost:42851|dataStream:localhost:38965|priority:0|startupRole:FOLLOWER] with StateMachineWithException:uninitialized
2023-04-11 14:12:36,806 [s0-groupManagement] INFO  server.RaftServerConfigKeys (ConfUtils.java:logGet(46)) - raft.server.rpc.timeout.min = 150ms (default)
2023-04-11 14:12:36,807 [s0-groupManagement] INFO  server.RaftServerConfigKeys (ConfUtils.java:logGet(46)) - raft.server.rpc.timeout.max = 300ms (default)
2023-04-11 14:12:36,811 [s0-groupManagement] INFO  server.RaftServerConfigKeys (ConfUtils.java:logGet(46)) - raft.server.rpc.sleep.time = 25ms (default)
2023-04-11 14:12:36,811 [s0-groupManagement] INFO  server.RaftServerConfigKeys (ConfUtils.java:logGet(46)) - raft.server.rpc.slowness.timeout = 60s (default)
2023-04-11 14:12:36,812 [s0-groupManagement] INFO  server.RaftServerConfigKeys (ConfUtils.java:logGet(46)) - raft.server.leaderelection.leader.step-down.wait-time = 10s (default)
2023-04-11 14:12:36,812 [s0-groupManagement] INFO  server.RaftServerConfigKeys (ConfUtils.java:logGet(46)) - raft.server.sleep.deviation.threshold = 300ms (default)
2023-04-11 14:12:36,807 [s2-groupManagement] INFO  server.RaftServer$Division (RaftServerImpl.java:<init>(198)) - s2: new RaftServerImpl for group-D54832D7F2F9:[s0|rpc:localhost:36377|admin:localhost:43981|client:localhost:45773|dataStream:localhost:44659|priority:0|startupRole:FOLLOWER, s1|rpc:localhost:41593|admin:localhost:33009|client:localhost:40657|dataStream:localhost:39887|priority:0|startupRole:FOLLOWER, s2|rpc:localhost:35799|admin:localhost:42661|client:localhost:42851|dataStream:localhost:38965|priority:0|startupRole:FOLLOWER] with StateMachineWithException:uninitialized
2023-04-11 14:12:36,814 [s2-groupManagement] INFO  server.RaftServerConfigKeys (ConfUtils.java:logGet(46)) - raft.server.rpc.timeout.min = 150ms (default)
2023-04-11 14:12:36,814 [s2-groupManagement] INFO  server.RaftServerConfigKeys (ConfUtils.java:logGet(46)) - raft.server.rpc.timeout.max = 300ms (default)
2023-04-11 14:12:36,814 [s2-groupManagement] INFO  server.RaftServerConfigKeys (ConfUtils.java:logGet(46)) - raft.server.rpc.sleep.time = 25ms (default)
2023-04-11 14:12:36,814 [s2-groupManagement] INFO  server.RaftServerConfigKeys (ConfUtils.java:logGet(46)) - raft.server.rpc.slowness.timeout = 60s (default)
2023-04-11 14:12:36,814 [s2-groupManagement] INFO  server.RaftServerConfigKeys (ConfUtils.java:logGet(46)) - raft.server.leaderelection.leader.step-down.wait-time = 10s (default)
2023-04-11 14:12:36,815 [s2-groupManagement] INFO  server.RaftServerConfigKeys (ConfUtils.java:logGet(46)) - raft.server.sleep.deviation.threshold = 300ms (default)
2023-04-11 14:12:36,811 [s1-groupManagement] INFO  server.RaftServer$Division (RaftServerImpl.java:<init>(198)) - s1: new RaftServerImpl for group-D54832D7F2F9:[s0|rpc:localhost:36377|admin:localhost:43981|client:localhost:45773|dataStream:localhost:44659|priority:0|startupRole:FOLLOWER, s1|rpc:localhost:41593|admin:localhost:33009|client:localhost:40657|dataStream:localhost:39887|priority:0|startupRole:FOLLOWER, s2|rpc:localhost:35799|admin:localhost:42661|client:localhost:42851|dataStream:localhost:38965|priority:0|startupRole:FOLLOWER] with StateMachineWithException:uninitialized
2023-04-11 14:12:36,819 [s1-groupManagement] INFO  server.RaftServerConfigKeys (ConfUtils.java:logGet(46)) - raft.server.rpc.timeout.min = 150ms (default)
2023-04-11 14:12:36,819 [s1-groupManagement] INFO  server.RaftServerConfigKeys (ConfUtils.java:logGet(46)) - raft.server.rpc.timeout.max = 300ms (default)
2023-04-11 14:12:36,819 [s1-groupManagement] INFO  server.RaftServerConfigKeys (ConfUtils.java:logGet(46)) - raft.server.rpc.sleep.time = 25ms (default)
2023-04-11 14:12:36,820 [s1-groupManagement] INFO  server.RaftServerConfigKeys (ConfUtils.java:logGet(46)) - raft.server.rpc.slowness.timeout = 60s (default)
2023-04-11 14:12:36,820 [s1-groupManagement] INFO  server.RaftServerConfigKeys (ConfUtils.java:logGet(46)) - raft.server.leaderelection.leader.step-down.wait-time = 10s (default)
2023-04-11 14:12:36,820 [s1-groupManagement] INFO  server.RaftServerConfigKeys (ConfUtils.java:logGet(46)) - raft.server.sleep.deviation.threshold = 300ms (default)
2023-04-11 14:12:36,823 [s0-groupManagement] INFO  server.RaftServer$Division (ServerState.java:<init>(113)) - s0@group-D54832D7F2F9: ConfigurationManager, init=-1: peers:[s0|rpc:localhost:36377|admin:localhost:43981|client:localhost:45773|dataStream:localhost:44659|priority:0|startupRole:FOLLOWER, s1|rpc:localhost:41593|admin:localhost:33009|client:localhost:40657|dataStream:localhost:39887|priority:0|startupRole:FOLLOWER, s2|rpc:localhost:35799|admin:localhost:42661|client:localhost:42851|dataStream:localhost:38965|priority:0|startupRole:FOLLOWER]|listeners:[], old=null, confs=<EMPTY_MAP>
2023-04-11 14:12:36,824 [s2-groupManagement] INFO  server.RaftServer$Division (ServerState.java:<init>(113)) - s2@group-D54832D7F2F9: ConfigurationManager, init=-1: peers:[s0|rpc:localhost:36377|admin:localhost:43981|client:localhost:45773|dataStream:localhost:44659|priority:0|startupRole:FOLLOWER, s1|rpc:localhost:41593|admin:localhost:33009|client:localhost:40657|dataStream:localhost:39887|priority:0|startupRole:FOLLOWER, s2|rpc:localhost:35799|admin:localhost:42661|client:localhost:42851|dataStream:localhost:38965|priority:0|startupRole:FOLLOWER]|listeners:[], old=null, confs=<EMPTY_MAP>
2023-04-11 14:12:36,823 [s1-groupManagement] INFO  server.RaftServer$Division (ServerState.java:<init>(113)) - s1@group-D54832D7F2F9: ConfigurationManager, init=-1: peers:[s0|rpc:localhost:36377|admin:localhost:43981|client:localhost:45773|dataStream:localhost:44659|priority:0|startupRole:FOLLOWER, s1|rpc:localhost:41593|admin:localhost:33009|client:localhost:40657|dataStream:localhost:39887|priority:0|startupRole:FOLLOWER, s2|rpc:localhost:35799|admin:localhost:42661|client:localhost:42851|dataStream:localhost:38965|priority:0|startupRole:FOLLOWER]|listeners:[], old=null, confs=<EMPTY_MAP>
2023-04-11 14:12:36,831 [s1-groupManagement] INFO  server.RaftServerConfigKeys (ConfUtils.java:logGet(46)) - raft.server.notification.no-leader.timeout = 60s (default)
2023-04-11 14:12:36,835 [s1-groupManagement] INFO  server.RaftServerConfigKeys (ConfUtils.java:logGet(46)) - raft.server.read.timeout = 10s (default)
2023-04-11 14:12:36,836 [s2-groupManagement] INFO  server.RaftServerConfigKeys (ConfUtils.java:logGet(46)) - raft.server.notification.no-leader.timeout = 60s (default)
2023-04-11 14:12:36,839 [s0-groupManagement] INFO  server.RaftServerConfigKeys (ConfUtils.java:logGet(46)) - raft.server.notification.no-leader.timeout = 60s (default)
2023-04-11 14:12:36,839 [s2-groupManagement] INFO  server.RaftServerConfigKeys (ConfUtils.java:logGet(46)) - raft.server.read.timeout = 10s (default)
2023-04-11 14:12:36,839 [s0-groupManagement] INFO  server.RaftServerConfigKeys (ConfUtils.java:logGet(46)) - raft.server.read.timeout = 10s (default)
2023-04-11 14:12:36,844 [s2-groupManagement] INFO  server.RaftServerConfigKeys (ConfUtils.java:logGet(46)) - raft.server.retrycache.expirytime = 60s (default)
2023-04-11 14:12:36,844 [s0-groupManagement] INFO  server.RaftServerConfigKeys (ConfUtils.java:logGet(46)) - raft.server.retrycache.expirytime = 60s (default)
2023-04-11 14:12:36,844 [s2-groupManagement] INFO  server.RaftServerConfigKeys (ConfUtils.java:logGet(46)) - raft.server.retrycache.statistics.expirytime = 100μs (default)
2023-04-11 14:12:36,844 [s0-groupManagement] INFO  server.RaftServerConfigKeys (ConfUtils.java:logGet(46)) - raft.server.retrycache.statistics.expirytime = 100μs (default)
2023-04-11 14:12:36,847 [s1-groupManagement] INFO  server.RaftServerConfigKeys (ConfUtils.java:logGet(46)) - raft.server.retrycache.expirytime = 60s (default)
2023-04-11 14:12:36,847 [s1-groupManagement] INFO  server.RaftServerConfigKeys (ConfUtils.java:logGet(46)) - raft.server.retrycache.statistics.expirytime = 100μs (default)
2023-04-11 14:12:36,887 [s2-groupManagement] INFO  server.RaftServerConfigKeys (ConfUtils.java:logGet(46)) - raft.server.read.option = DEFAULT (default)
2023-04-11 14:12:36,887 [s0-groupManagement] INFO  server.RaftServerConfigKeys (ConfUtils.java:logGet(46)) - raft.server.read.option = DEFAULT (default)
2023-04-11 14:12:36,891 [s1-groupManagement] INFO  server.RaftServerConfigKeys (ConfUtils.java:logGet(46)) - raft.server.read.option = DEFAULT (default)
2023-04-11 14:12:36,894 [s0-groupManagement] INFO  metrics.MetricRegistries (MetricRegistriesLoader.java:load(64)) - Loaded MetricRegistries class org.apache.ratis.metrics.impl.MetricRegistriesImpl
2023-04-11 14:12:37,073 [s0-groupManagement] INFO  server.RaftServerConfigKeys (ConfUtils.java:logGet(46)) - raft.server.rpc.request.timeout = 3000ms (default)
2023-04-11 14:12:37,080 [s2-groupManagement] INFO  server.RaftServerConfigKeys (ConfUtils.java:logGet(46)) - raft.server.rpc.request.timeout = 3000ms (default)
2023-04-11 14:12:37,081 [s1-groupManagement] INFO  server.RaftServerConfigKeys (ConfUtils.java:logGet(46)) - raft.server.rpc.request.timeout = 3000ms (default)
2023-04-11 14:12:37,082 [s2-groupManagement] INFO  server.RaftServerConfigKeys (ConfUtils.java:logGet(46)) - raft.server.log.appender.install.snapshot.enabled = true (default)
2023-04-11 14:12:37,082 [s2-groupManagement] INFO  server.RaftServerConfigKeys (ConfUtils.java:logGet(46)) - raft.server.threadpool.server.cached = true (default)
2023-04-11 14:12:37,082 [s1-groupManagement] INFO  server.RaftServerConfigKeys (ConfUtils.java:logGet(46)) - raft.server.log.appender.install.snapshot.enabled = true (default)
2023-04-11 14:12:37,082 [s1-groupManagement] INFO  server.RaftServerConfigKeys (ConfUtils.java:logGet(46)) - raft.server.threadpool.server.cached = true (default)
2023-04-11 14:12:37,083 [s1-groupManagement] INFO  server.RaftServerConfigKeys (ConfUtils.java:logGet(46)) - raft.server.threadpool.server.size = 0 (default)
2023-04-11 14:12:37,083 [s1-groupManagement] INFO  server.RaftServerConfigKeys (ConfUtils.java:logGet(46)) - raft.server.threadpool.client.cached = true (default)
2023-04-11 14:12:37,083 [s1-groupManagement] INFO  server.RaftServerConfigKeys (ConfUtils.java:logGet(46)) - raft.server.threadpool.client.size = 0 (default)
2023-04-11 14:12:37,083 [s2-groupManagement] INFO  server.RaftServerConfigKeys (ConfUtils.java:logGet(46)) - raft.server.threadpool.server.size = 0 (default)
2023-04-11 14:12:37,084 [s2-groupManagement] INFO  server.RaftServerConfigKeys (ConfUtils.java:logGet(46)) - raft.server.threadpool.client.cached = true (default)
2023-04-11 14:12:37,085 [s2-groupManagement] INFO  server.RaftServerConfigKeys (ConfUtils.java:logGet(46)) - raft.server.threadpool.client.size = 0 (default)
2023-04-11 14:12:37,085 [s0-groupManagement] INFO  server.RaftServerConfigKeys (ConfUtils.java:logGet(46)) - raft.server.log.appender.install.snapshot.enabled = true (default)
2023-04-11 14:12:37,085 [s0-groupManagement] INFO  server.RaftServerConfigKeys (ConfUtils.java:logGet(46)) - raft.server.threadpool.server.cached = true (default)
2023-04-11 14:12:37,085 [s0-groupManagement] INFO  server.RaftServerConfigKeys (ConfUtils.java:logGet(46)) - raft.server.threadpool.server.size = 0 (default)
2023-04-11 14:12:37,086 [s0-groupManagement] INFO  server.RaftServerConfigKeys (ConfUtils.java:logGet(46)) - raft.server.threadpool.client.cached = true (default)
2023-04-11 14:12:37,086 [s0-groupManagement] INFO  server.RaftServerConfigKeys (ConfUtils.java:logGet(46)) - raft.server.threadpool.client.size = 0 (default)
2023-04-11 14:12:37,088 [s0-impl-thread1] INFO  server.RaftServerConfigKeys (ConfUtils.java:logGet(46)) - raft.server.storage.free-space.min = 0MB (=0) (default)
2023-04-11 14:12:37,088 [s0-impl-thread1] INFO  server.RaftServerConfigKeys (ConfUtils.java:logGet(46)) - raft.server.log.corruption.policy = EXCEPTION (default)
2023-04-11 14:12:37,088 [s0-impl-thread1] INFO  server.RaftServerConfigKeys (ConfUtils.java:logGet(46)) - raft.server.storage.dir = [/home/runner/work/ratis/ratis/ratis-test/target/test/data/6a86d74c/MiniRaftClusterWithSimulatedRpcbbcfd77a/s0] (custom)
2023-04-11 14:12:37,099 [s0-impl-thread1] INFO  storage.RaftStorageDirectory (RaftStorageDirectoryImpl.java:analyzeStorage(138)) - The storage directory /home/runner/work/ratis/ratis/ratis-test/target/test/data/6a86d74c/MiniRaftClusterWithSimulatedRpcbbcfd77a/s0/d83a9636-dc20-43c4-9d91-d54832d7f2f9 does not exist. Creating ...
2023-04-11 14:12:37,104 [s0-impl-thread1] TRACE util.FileUtils (LogUtils.java:runAndLog(49)) - Successfully ran Files.createDirectories /home/runner/work/ratis/ratis/ratis-test/target/test/data/6a86d74c/MiniRaftClusterWithSimulatedRpcbbcfd77a/s0/d83a9636-dc20-43c4-9d91-d54832d7f2f9
2023-04-11 14:12:37,109 [s0-impl-thread1] INFO  storage.RaftStorageDirectory (RaftStorageDirectoryImpl.java:tryLock(232)) - Lock on /home/runner/work/ratis/ratis/ratis-test/target/test/data/6a86d74c/MiniRaftClusterWithSimulatedRpcbbcfd77a/s0/d83a9636-dc20-43c4-9d91-d54832d7f2f9/in_use.lock acquired by nodename 5139@fv-az937-810
2023-04-11 14:12:37,109 [s0-impl-thread1] TRACE util.FileUtils (LogUtils.java:runAndLog(49)) - Successfully ran Files.createDirectories /home/runner/work/ratis/ratis/ratis-test/target/test/data/6a86d74c/MiniRaftClusterWithSimulatedRpcbbcfd77a/s0/d83a9636-dc20-43c4-9d91-d54832d7f2f9/current
2023-04-11 14:12:37,110 [s0-impl-thread1] TRACE util.FileUtils (LogUtils.java:runAndLog(49)) - Successfully ran Files.createDirectories /home/runner/work/ratis/ratis/ratis-test/target/test/data/6a86d74c/MiniRaftClusterWithSimulatedRpcbbcfd77a/s0/d83a9636-dc20-43c4-9d91-d54832d7f2f9/sm
2023-04-11 14:12:37,133 [s0-impl-thread1] INFO  storage.RaftStorage (RaftStorageImpl.java:format(96)) - Storage directory /home/runner/work/ratis/ratis/ratis-test/target/test/data/6a86d74c/MiniRaftClusterWithSimulatedRpcbbcfd77a/s0/d83a9636-dc20-43c4-9d91-d54832d7f2f9 has been successfully formatted.
2023-04-11 14:12:37,134 [s0-impl-thread1] INFO  impl.SimpleStateMachine4Testing (SimpleStateMachine4Testing.java:initialize(213)) - Initializing StateMachineWithException:uninitialized
2023-04-11 14:12:37,137 [s0-impl-thread1] INFO  impl.SimpleStateMachine4Testing (SimpleStateMachine4Testing.java:loadSnapshot(293)) - Loading snapshot null
2023-04-11 14:12:37,140 [s0-impl-thread1] INFO  server.RaftServerConfigKeys (ConfUtils.java:logGet(46)) - raft.server.log.use.memory = false (default)
2023-04-11 14:12:37,149 [s0-impl-thread1] INFO  server.RaftServerConfigKeys (ConfUtils.java:logGet(46)) - raft.server.log.purge.gap = 1024 (default)
2023-04-11 14:12:37,150 [s0-impl-thread1] INFO  server.RaftServerConfigKeys (ConfUtils.java:logGet(46)) - raft.server.log.appender.buffer.byte-limit = 4MB (=4194304) (default)
2023-04-11 14:12:37,151 [s0-impl-thread1] INFO  server.RaftServerConfigKeys (ConfUtils.java:logGet(46)) - raft.server.log.statemachine.data.read.timeout = 1000ms (default)
2023-04-11 14:12:37,152 [s0-impl-thread1] INFO  server.RaftServerConfigKeys (ConfUtils.java:logGet(46)) - raft.server.log.purge.preservation.log.num = 0 (default)
2023-04-11 14:12:37,159 [s0-impl-thread1] INFO  server.RaftServerConfigKeys (ConfUtils.java:logGet(46)) - raft.server.log.segment.size.max = 8MB (=8388608) (default)
2023-04-11 14:12:37,166 [s0-impl-thread1] INFO  server.RaftServerConfigKeys (ConfUtils.java:logGet(46)) - raft.server.log.segment.cache.num.max = 6 (default)
2023-04-11 14:12:37,167 [s0-impl-thread1] INFO  server.RaftServerConfigKeys (ConfUtils.java:logGet(46)) - raft.server.log.segment.cache.size.max = 200MB (=209715200) (default)
2023-04-11 14:12:37,167 [s0-impl-thread1] INFO  server.RaftServerConfigKeys (ConfUtils.java:logGet(46)) - raft.server.log.appender.buffer.byte-limit = 4MB (=4194304) (default)
2023-04-11 14:12:37,175 [s0-impl-thread1] INFO  segmented.SegmentedRaftLogWorker (SegmentedRaftLogWorker.java:<init>(183)) - new s0@group-D54832D7F2F9-SegmentedRaftLogWorker for RaftStorageImpl:Storage Directory /home/runner/work/ratis/ratis/ratis-test/target/test/data/6a86d74c/MiniRaftClusterWithSimulatedRpcbbcfd77a/s0/d83a9636-dc20-43c4-9d91-d54832d7f2f9
2023-04-11 14:12:37,175 [s0-impl-thread1] INFO  server.RaftServerConfigKeys (ConfUtils.java:logGet(46)) - raft.server.log.queue.byte-limit = 64MB (=67108864) (default)
2023-04-11 14:12:37,176 [s0-impl-thread1] INFO  server.RaftServerConfigKeys (ConfUtils.java:logGet(46)) - raft.server.log.queue.element-limit = 4096 (default)
2023-04-11 14:12:37,177 [s0-impl-thread1] INFO  server.RaftServerConfigKeys (ConfUtils.java:logGet(46)) - raft.server.log.segment.size.max = 8MB (=8388608) (default)
2023-04-11 14:12:37,177 [s0-impl-thread1] INFO  server.RaftServerConfigKeys (ConfUtils.java:logGet(46)) - raft.server.log.preallocated.size = 4MB (=4194304) (default)
2023-04-11 14:12:37,178 [s0-impl-thread1] INFO  server.RaftServerConfigKeys (ConfUtils.java:logGet(46)) - raft.server.log.force.sync.num = 128 (default)
2023-04-11 14:12:37,179 [s0-impl-thread1] INFO  server.RaftServerConfigKeys (ConfUtils.java:logGet(46)) - raft.server.log.statemachine.data.sync = true (default)
2023-04-11 14:12:37,179 [s0-impl-thread1] INFO  server.RaftServerConfigKeys (ConfUtils.java:logGet(46)) - raft.server.log.statemachine.data.sync.timeout = 10s (default)
2023-04-11 14:12:37,180 [s0-impl-thread1] INFO  server.RaftServerConfigKeys (ConfUtils.java:logGet(46)) - raft.server.log.statemachine.data.sync.timeout.retry = -1 (default)
2023-04-11 14:12:37,186 [s0-impl-thread1] INFO  server.RaftServerConfigKeys (ConfUtils.java:logGet(46)) - raft.server.log.write.buffer.size = 64KB (=65536) (default)
2023-04-11 14:12:37,187 [s0-impl-thread1] INFO  server.RaftServerConfigKeys (ConfUtils.java:logGet(46)) - raft.server.log.appender.buffer.byte-limit = 4MB (=4194304) (default)
2023-04-11 14:12:37,190 [s0-impl-thread1] INFO  server.RaftServerConfigKeys (ConfUtils.java:logGet(46)) - raft.server.log.unsafe-flush.enabled = false (default)
2023-04-11 14:12:37,192 [s0-impl-thread1] INFO  server.RaftServerConfigKeys (ConfUtils.java:logGet(46)) - raft.server.log.async-flush.enabled = false (default)
2023-04-11 14:12:37,192 [s0-impl-thread1] INFO  server.RaftServerConfigKeys (ConfUtils.java:logGet(46)) - raft.server.log.statemachine.data.caching.enabled = false (default)
2023-04-11 14:12:37,200 [s0-impl-thread1] INFO  segmented.SegmentedRaftLogWorker (SegmentedRaftLogWorker.java:lambda$new$0(134)) - s0@group-D54832D7F2F9-SegmentedRaftLogWorker: flushIndex: setUnconditionally 0 -> -1
2023-04-11 14:12:37,200 [s0-impl-thread1] INFO  segmented.SegmentedRaftLogWorker (SegmentedRaftLogWorker.java:lambda$new$0(134)) - s0@group-D54832D7F2F9-SegmentedRaftLogWorker: safeCacheEvictIndex: setUnconditionally 0 -> -1
2023-04-11 14:12:37,202 [s0-impl-thread1] INFO  server.RaftServer$Division (RaftServerImpl.java:start(342)) - s0@group-D54832D7F2F9: start as a follower, conf=-1: peers:[s0|rpc:localhost:36377|admin:localhost:43981|client:localhost:45773|dataStream:localhost:44659|priority:0|startupRole:FOLLOWER, s1|rpc:localhost:41593|admin:localhost:33009|client:localhost:40657|dataStream:localhost:39887|priority:0|startupRole:FOLLOWER, s2|rpc:localhost:35799|admin:localhost:42661|client:localhost:42851|dataStream:localhost:38965|priority:0|startupRole:FOLLOWER]|listeners:[], old=null
2023-04-11 14:12:37,203 [s0-impl-thread1] INFO  server.RaftServer$Division (RaftServerImpl.java:setRole(329)) - s0@group-D54832D7F2F9: changes role from      null to FOLLOWER at term 0 for startAsFollower
2023-04-11 14:12:37,204 [s0-impl-thread1] INFO  impl.RoleInfo (RoleInfo.java:updateAndGet(139)) - s0: start s0@group-D54832D7F2F9-FollowerState
2023-04-11 14:12:37,212 [s0-impl-thread1] INFO  util.JmxRegister (JmxRegister.java:tryRegister(44)) - Successfully registered JMX Bean with object name Ratis:service=RaftServer,group=group-D54832D7F2F9,id=s0
2023-04-11 14:12:37,212 [s0@group-D54832D7F2F9-FollowerState] INFO  server.RaftServerConfigKeys (ConfUtils.java:logFallback(53)) - raft.server.rpc.first-election.timeout.min = 150ms (fallback to raft.server.rpc.timeout.min)
2023-04-11 14:12:37,214 [s0-impl-thread1] INFO  server.RaftServerConfigKeys (ConfUtils.java:logGet(46)) - raft.server.snapshot.auto.trigger.enabled = false (default)
2023-04-11 14:12:37,214 [s0-impl-thread1] INFO  server.RaftServerConfigKeys (ConfUtils.java:logGet(46)) - raft.server.snapshot.retention.file.num = -1 (default)
2023-04-11 14:12:37,215 [s0-impl-thread1] INFO  server.RaftServerConfigKeys (ConfUtils.java:logGet(46)) - raft.server.log.purge.upto.snapshot.index = false (default)
2023-04-11 14:12:37,218 [s0@group-D54832D7F2F9-FollowerState] INFO  server.RaftServerConfigKeys (ConfUtils.java:logFallback(53)) - raft.server.rpc.first-election.timeout.max = 300ms (fallback to raft.server.rpc.timeout.max)
2023-04-11 14:12:37,219 [Time-limited test] INFO  server.RaftServer (RaftServerProxy.java:startImpl(401)) - s0: start RPC server
2023-04-11 14:12:37,234 [s1-impl-thread1] INFO  server.RaftServerConfigKeys (ConfUtils.java:logGet(46)) - raft.server.storage.free-space.min = 0MB (=0) (default)
2023-04-11 14:12:37,234 [s1-impl-thread1] INFO  server.RaftServerConfigKeys (ConfUtils.java:logGet(46)) - raft.server.log.corruption.policy = EXCEPTION (default)
2023-04-11 14:12:37,235 [s1-impl-thread1] INFO  server.RaftServerConfigKeys (ConfUtils.java:logGet(46)) - raft.server.storage.dir = [/home/runner/work/ratis/ratis/ratis-test/target/test/data/6a86d74c/MiniRaftClusterWithSimulatedRpcbbcfd77a/s1] (custom)
2023-04-11 14:12:37,235 [s1-impl-thread1] INFO  storage.RaftStorageDirectory (RaftStorageDirectoryImpl.java:analyzeStorage(138)) - The storage directory /home/runner/work/ratis/ratis/ratis-test/target/test/data/6a86d74c/MiniRaftClusterWithSimulatedRpcbbcfd77a/s1/d83a9636-dc20-43c4-9d91-d54832d7f2f9 does not exist. Creating ...
2023-04-11 14:12:37,236 [s1-impl-thread1] TRACE util.FileUtils (LogUtils.java:runAndLog(49)) - Successfully ran Files.createDirectories /home/runner/work/ratis/ratis/ratis-test/target/test/data/6a86d74c/MiniRaftClusterWithSimulatedRpcbbcfd77a/s1/d83a9636-dc20-43c4-9d91-d54832d7f2f9
2023-04-11 14:12:37,237 [s1-impl-thread1] INFO  storage.RaftStorageDirectory (RaftStorageDirectoryImpl.java:tryLock(232)) - Lock on /home/runner/work/ratis/ratis/ratis-test/target/test/data/6a86d74c/MiniRaftClusterWithSimulatedRpcbbcfd77a/s1/d83a9636-dc20-43c4-9d91-d54832d7f2f9/in_use.lock acquired by nodename 5139@fv-az937-810
2023-04-11 14:12:37,238 [s1-impl-thread1] TRACE util.FileUtils (LogUtils.java:runAndLog(49)) - Successfully ran Files.createDirectories /home/runner/work/ratis/ratis/ratis-test/target/test/data/6a86d74c/MiniRaftClusterWithSimulatedRpcbbcfd77a/s1/d83a9636-dc20-43c4-9d91-d54832d7f2f9/current
2023-04-11 14:12:37,238 [JvmPauseMonitor0] INFO  util.JvmPauseMonitor (JvmPauseMonitor.java:run(103)) - JvmPauseMonitor-s0: Started
2023-04-11 14:12:37,238 [s1-impl-thread1] TRACE util.FileUtils (LogUtils.java:runAndLog(49)) - Successfully ran Files.createDirectories /home/runner/work/ratis/ratis/ratis-test/target/test/data/6a86d74c/MiniRaftClusterWithSimulatedRpcbbcfd77a/s1/d83a9636-dc20-43c4-9d91-d54832d7f2f9/sm
2023-04-11 14:12:37,241 [s1-impl-thread1] INFO  storage.RaftStorage (RaftStorageImpl.java:format(96)) - Storage directory /home/runner/work/ratis/ratis/ratis-test/target/test/data/6a86d74c/MiniRaftClusterWithSimulatedRpcbbcfd77a/s1/d83a9636-dc20-43c4-9d91-d54832d7f2f9 has been successfully formatted.
2023-04-11 14:12:37,241 [s1-impl-thread1] INFO  impl.SimpleStateMachine4Testing (SimpleStateMachine4Testing.java:initialize(213)) - Initializing StateMachineWithException:uninitialized
2023-04-11 14:12:37,241 [s1-impl-thread1] INFO  impl.SimpleStateMachine4Testing (SimpleStateMachine4Testing.java:loadSnapshot(293)) - Loading snapshot null
2023-04-11 14:12:37,242 [s1-impl-thread1] INFO  server.RaftServerConfigKeys (ConfUtils.java:logGet(46)) - raft.server.log.use.memory = false (default)
2023-04-11 14:12:37,242 [s1-impl-thread1] INFO  server.RaftServerConfigKeys (ConfUtils.java:logGet(46)) - raft.server.log.purge.gap = 1024 (default)
2023-04-11 14:12:37,242 [s1-impl-thread1] INFO  server.RaftServerConfigKeys (ConfUtils.java:logGet(46)) - raft.server.log.appender.buffer.byte-limit = 4MB (=4194304) (default)
2023-04-11 14:12:37,242 [s1-impl-thread1] INFO  server.RaftServerConfigKeys (ConfUtils.java:logGet(46)) - raft.server.log.statemachine.data.read.timeout = 1000ms (default)
2023-04-11 14:12:37,242 [s1-impl-thread1] INFO  server.RaftServerConfigKeys (ConfUtils.java:logGet(46)) - raft.server.log.purge.preservation.log.num = 0 (default)
2023-04-11 14:12:37,244 [s1-impl-thread1] INFO  server.RaftServerConfigKeys (ConfUtils.java:logGet(46)) - raft.server.log.segment.size.max = 8MB (=8388608) (default)
2023-04-11 14:12:37,245 [s1-impl-thread1] INFO  server.RaftServerConfigKeys (ConfUtils.java:logGet(46)) - raft.server.log.segment.cache.num.max = 6 (default)
2023-04-11 14:12:37,245 [s1-impl-thread1] INFO  server.RaftServerConfigKeys (ConfUtils.java:logGet(46)) - raft.server.log.segment.cache.size.max = 200MB (=209715200) (default)
2023-04-11 14:12:37,245 [s1-impl-thread1] INFO  server.RaftServerConfigKeys (ConfUtils.java:logGet(46)) - raft.server.log.appender.buffer.byte-limit = 4MB (=4194304) (default)
2023-04-11 14:12:37,245 [s1-impl-thread1] INFO  segmented.SegmentedRaftLogWorker (SegmentedRaftLogWorker.java:<init>(183)) - new s1@group-D54832D7F2F9-SegmentedRaftLogWorker for RaftStorageImpl:Storage Directory /home/runner/work/ratis/ratis/ratis-test/target/test/data/6a86d74c/MiniRaftClusterWithSimulatedRpcbbcfd77a/s1/d83a9636-dc20-43c4-9d91-d54832d7f2f9
2023-04-11 14:12:37,247 [s1-impl-thread1] INFO  server.RaftServerConfigKeys (ConfUtils.java:logGet(46)) - raft.server.log.queue.byte-limit = 64MB (=67108864) (default)
2023-04-11 14:12:37,247 [s1-impl-thread1] INFO  server.RaftServerConfigKeys (ConfUtils.java:logGet(46)) - raft.server.log.queue.element-limit = 4096 (default)
2023-04-11 14:12:37,247 [s1-impl-thread1] INFO  server.RaftServerConfigKeys (ConfUtils.java:logGet(46)) - raft.server.log.segment.size.max = 8MB (=8388608) (default)
2023-04-11 14:12:37,247 [s1-impl-thread1] INFO  server.RaftServerConfigKeys (ConfUtils.java:logGet(46)) - raft.server.log.preallocated.size = 4MB (=4194304) (default)
2023-04-11 14:12:37,247 [s1-impl-thread1] INFO  server.RaftServerConfigKeys (ConfUtils.java:logGet(46)) - raft.server.log.force.sync.num = 128 (default)
2023-04-11 14:12:37,247 [s1-impl-thread1] INFO  server.RaftServerConfigKeys (ConfUtils.java:logGet(46)) - raft.server.log.statemachine.data.sync = true (default)
2023-04-11 14:12:37,248 [s1-impl-thread1] INFO  server.RaftServerConfigKeys (ConfUtils.java:logGet(46)) - raft.server.log.statemachine.data.sync.timeout = 10s (default)
2023-04-11 14:12:37,248 [s1-impl-thread1] INFO  server.RaftServerConfigKeys (ConfUtils.java:logGet(46)) - raft.server.log.statemachine.data.sync.timeout.retry = -1 (default)
2023-04-11 14:12:37,248 [s1-impl-thread1] INFO  server.RaftServerConfigKeys (ConfUtils.java:logGet(46)) - raft.server.log.write.buffer.size = 64KB (=65536) (default)
2023-04-11 14:12:37,248 [s1-impl-thread1] INFO  server.RaftServerConfigKeys (ConfUtils.java:logGet(46)) - raft.server.log.appender.buffer.byte-limit = 4MB (=4194304) (default)
2023-04-11 14:12:37,250 [s1-impl-thread1] INFO  server.RaftServerConfigKeys (ConfUtils.java:logGet(46)) - raft.server.log.unsafe-flush.enabled = false (default)
2023-04-11 14:12:37,250 [s1-impl-thread1] INFO  server.RaftServerConfigKeys (ConfUtils.java:logGet(46)) - raft.server.log.async-flush.enabled = false (default)
2023-04-11 14:12:37,250 [s1-impl-thread1] INFO  server.RaftServerConfigKeys (ConfUtils.java:logGet(46)) - raft.server.log.statemachine.data.caching.enabled = false (default)
2023-04-11 14:12:37,250 [s1-impl-thread1] INFO  segmented.SegmentedRaftLogWorker (SegmentedRaftLogWorker.java:lambda$new$0(134)) - s1@group-D54832D7F2F9-SegmentedRaftLogWorker: flushIndex: setUnconditionally 0 -> -1
2023-04-11 14:12:37,250 [s1-impl-thread1] INFO  segmented.SegmentedRaftLogWorker (SegmentedRaftLogWorker.java:lambda$new$0(134)) - s1@group-D54832D7F2F9-SegmentedRaftLogWorker: safeCacheEvictIndex: setUnconditionally 0 -> -1
2023-04-11 14:12:37,255 [s1-impl-thread1] INFO  server.RaftServer$Division (RaftServerImpl.java:start(342)) - s1@group-D54832D7F2F9: start as a follower, conf=-1: peers:[s0|rpc:localhost:36377|admin:localhost:43981|client:localhost:45773|dataStream:localhost:44659|priority:0|startupRole:FOLLOWER, s1|rpc:localhost:41593|admin:localhost:33009|client:localhost:40657|dataStream:localhost:39887|priority:0|startupRole:FOLLOWER, s2|rpc:localhost:35799|admin:localhost:42661|client:localhost:42851|dataStream:localhost:38965|priority:0|startupRole:FOLLOWER]|listeners:[], old=null
2023-04-11 14:12:37,255 [s1-impl-thread1] INFO  server.RaftServer$Division (RaftServerImpl.java:setRole(329)) - s1@group-D54832D7F2F9: changes role from      null to FOLLOWER at term 0 for startAsFollower
2023-04-11 14:12:37,255 [s1-impl-thread1] INFO  impl.RoleInfo (RoleInfo.java:updateAndGet(139)) - s1: start s1@group-D54832D7F2F9-FollowerState
2023-04-11 14:12:37,256 [s1-impl-thread1] INFO  util.JmxRegister (JmxRegister.java:tryRegister(44)) - Successfully registered JMX Bean with object name Ratis:service=RaftServer,group=group-D54832D7F2F9,id=s1
2023-04-11 14:12:37,259 [s1-impl-thread1] INFO  server.RaftServerConfigKeys (ConfUtils.java:logGet(46)) - raft.server.snapshot.auto.trigger.enabled = false (default)
2023-04-11 14:12:37,259 [s1-impl-thread1] INFO  server.RaftServerConfigKeys (ConfUtils.java:logGet(46)) - raft.server.snapshot.retention.file.num = -1 (default)
2023-04-11 14:12:37,259 [s1-impl-thread1] INFO  server.RaftServerConfigKeys (ConfUtils.java:logGet(46)) - raft.server.log.purge.upto.snapshot.index = false (default)
2023-04-11 14:12:37,260 [Time-limited test] INFO  server.RaftServer (RaftServerProxy.java:startImpl(401)) - s1: start RPC server
2023-04-11 14:12:37,264 [s1@group-D54832D7F2F9-FollowerState] INFO  server.RaftServerConfigKeys (ConfUtils.java:logFallback(53)) - raft.server.rpc.first-election.timeout.min = 150ms (fallback to raft.server.rpc.timeout.min)
2023-04-11 14:12:37,264 [s1@group-D54832D7F2F9-FollowerState] INFO  server.RaftServerConfigKeys (ConfUtils.java:logFallback(53)) - raft.server.rpc.first-election.timeout.max = 300ms (fallback to raft.server.rpc.timeout.max)
2023-04-11 14:12:37,264 [s2-impl-thread1] INFO  server.RaftServerConfigKeys (ConfUtils.java:logGet(46)) - raft.server.storage.free-space.min = 0MB (=0) (default)
2023-04-11 14:12:37,264 [s2-impl-thread1] INFO  server.RaftServerConfigKeys (ConfUtils.java:logGet(46)) - raft.server.log.corruption.policy = EXCEPTION (default)
2023-04-11 14:12:37,265 [s2-impl-thread1] INFO  server.RaftServerConfigKeys (ConfUtils.java:logGet(46)) - raft.server.storage.dir = [/home/runner/work/ratis/ratis/ratis-test/target/test/data/6a86d74c/MiniRaftClusterWithSimulatedRpcbbcfd77a/s2] (custom)
2023-04-11 14:12:37,265 [s2-impl-thread1] INFO  storage.RaftStorageDirectory (RaftStorageDirectoryImpl.java:analyzeStorage(138)) - The storage directory /home/runner/work/ratis/ratis/ratis-test/target/test/data/6a86d74c/MiniRaftClusterWithSimulatedRpcbbcfd77a/s2/d83a9636-dc20-43c4-9d91-d54832d7f2f9 does not exist. Creating ...
2023-04-11 14:12:37,265 [s2-impl-thread1] TRACE util.FileUtils (LogUtils.java:runAndLog(49)) - Successfully ran Files.createDirectories /home/runner/work/ratis/ratis/ratis-test/target/test/data/6a86d74c/MiniRaftClusterWithSimulatedRpcbbcfd77a/s2/d83a9636-dc20-43c4-9d91-d54832d7f2f9
2023-04-11 14:12:37,279 [s2-impl-thread1] INFO  storage.RaftStorageDirectory (RaftStorageDirectoryImpl.java:tryLock(232)) - Lock on /home/runner/work/ratis/ratis/ratis-test/target/test/data/6a86d74c/MiniRaftClusterWithSimulatedRpcbbcfd77a/s2/d83a9636-dc20-43c4-9d91-d54832d7f2f9/in_use.lock acquired by nodename 5139@fv-az937-810
2023-04-11 14:12:37,279 [s2-impl-thread1] TRACE util.FileUtils (LogUtils.java:runAndLog(49)) - Successfully ran Files.createDirectories /home/runner/work/ratis/ratis/ratis-test/target/test/data/6a86d74c/MiniRaftClusterWithSimulatedRpcbbcfd77a/s2/d83a9636-dc20-43c4-9d91-d54832d7f2f9/current
2023-04-11 14:12:37,279 [s2-impl-thread1] TRACE util.FileUtils (LogUtils.java:runAndLog(49)) - Successfully ran Files.createDirectories /home/runner/work/ratis/ratis/ratis-test/target/test/data/6a86d74c/MiniRaftClusterWithSimulatedRpcbbcfd77a/s2/d83a9636-dc20-43c4-9d91-d54832d7f2f9/sm
2023-04-11 14:12:37,264 [JvmPauseMonitor1] INFO  util.JvmPauseMonitor (JvmPauseMonitor.java:run(103)) - JvmPauseMonitor-s1: Started
2023-04-11 14:12:37,281 [s2-impl-thread1] INFO  storage.RaftStorage (RaftStorageImpl.java:format(96)) - Storage directory /home/runner/work/ratis/ratis/ratis-test/target/test/data/6a86d74c/MiniRaftClusterWithSimulatedRpcbbcfd77a/s2/d83a9636-dc20-43c4-9d91-d54832d7f2f9 has been successfully formatted.
2023-04-11 14:12:37,281 [s2-impl-thread1] INFO  impl.SimpleStateMachine4Testing (SimpleStateMachine4Testing.java:initialize(213)) - Initializing StateMachineWithException:uninitialized
2023-04-11 14:12:37,281 [s2-impl-thread1] INFO  impl.SimpleStateMachine4Testing (SimpleStateMachine4Testing.java:loadSnapshot(293)) - Loading snapshot null
2023-04-11 14:12:37,281 [s2-impl-thread1] INFO  server.RaftServerConfigKeys (ConfUtils.java:logGet(46)) - raft.server.log.use.memory = false (default)
2023-04-11 14:12:37,282 [s2-impl-thread1] INFO  server.RaftServerConfigKeys (ConfUtils.java:logGet(46)) - raft.server.log.purge.gap = 1024 (default)
2023-04-11 14:12:37,282 [s2-impl-thread1] INFO  server.RaftServerConfigKeys (ConfUtils.java:logGet(46)) - raft.server.log.appender.buffer.byte-limit = 4MB (=4194304) (default)
2023-04-11 14:12:37,282 [s2-impl-thread1] INFO  server.RaftServerConfigKeys (ConfUtils.java:logGet(46)) - raft.server.log.statemachine.data.read.timeout = 1000ms (default)
2023-04-11 14:12:37,282 [s2-impl-thread1] INFO  server.RaftServerConfigKeys (ConfUtils.java:logGet(46)) - raft.server.log.purge.preservation.log.num = 0 (default)
2023-04-11 14:12:37,284 [s2-impl-thread1] INFO  server.RaftServerConfigKeys (ConfUtils.java:logGet(46)) - raft.server.log.segment.size.max = 8MB (=8388608) (default)
2023-04-11 14:12:37,285 [s2-impl-thread1] INFO  server.RaftServerConfigKeys (ConfUtils.java:logGet(46)) - raft.server.log.segment.cache.num.max = 6 (default)
2023-04-11 14:12:37,285 [s2-impl-thread1] INFO  server.RaftServerConfigKeys (ConfUtils.java:logGet(46)) - raft.server.log.segment.cache.size.max = 200MB (=209715200) (default)
2023-04-11 14:12:37,285 [s2-impl-thread1] INFO  server.RaftServerConfigKeys (ConfUtils.java:logGet(46)) - raft.server.log.appender.buffer.byte-limit = 4MB (=4194304) (default)
2023-04-11 14:12:37,285 [s2-impl-thread1] INFO  segmented.SegmentedRaftLogWorker (SegmentedRaftLogWorker.java:<init>(183)) - new s2@group-D54832D7F2F9-SegmentedRaftLogWorker for RaftStorageImpl:Storage Directory /home/runner/work/ratis/ratis/ratis-test/target/test/data/6a86d74c/MiniRaftClusterWithSimulatedRpcbbcfd77a/s2/d83a9636-dc20-43c4-9d91-d54832d7f2f9
2023-04-11 14:12:37,285 [s2-impl-thread1] INFO  server.RaftServerConfigKeys (ConfUtils.java:logGet(46)) - raft.server.log.queue.byte-limit = 64MB (=67108864) (default)
2023-04-11 14:12:37,285 [s2-impl-thread1] INFO  server.RaftServerConfigKeys (ConfUtils.java:logGet(46)) - raft.server.log.queue.element-limit = 4096 (default)
2023-04-11 14:12:37,285 [s2-impl-thread1] INFO  server.RaftServerConfigKeys (ConfUtils.java:logGet(46)) - raft.server.log.segment.size.max = 8MB (=8388608) (default)
2023-04-11 14:12:37,286 [s2-impl-thread1] INFO  server.RaftServerConfigKeys (ConfUtils.java:logGet(46)) - raft.server.log.preallocated.size = 4MB (=4194304) (default)
2023-04-11 14:12:37,286 [s2-impl-thread1] INFO  server.RaftServerConfigKeys (ConfUtils.java:logGet(46)) - raft.server.log.force.sync.num = 128 (default)
2023-04-11 14:12:37,286 [s2-impl-thread1] INFO  server.RaftServerConfigKeys (ConfUtils.java:logGet(46)) - raft.server.log.statemachine.data.sync = true (default)
2023-04-11 14:12:37,286 [s2-impl-thread1] INFO  server.RaftServerConfigKeys (ConfUtils.java:logGet(46)) - raft.server.log.statemachine.data.sync.timeout = 10s (default)
2023-04-11 14:12:37,286 [s2-impl-thread1] INFO  server.RaftServerConfigKeys (ConfUtils.java:logGet(46)) - raft.server.log.statemachine.data.sync.timeout.retry = -1 (default)
2023-04-11 14:12:37,293 [s2-impl-thread1] INFO  server.RaftServerConfigKeys (ConfUtils.java:logGet(46)) - raft.server.log.write.buffer.size = 64KB (=65536) (default)
2023-04-11 14:12:37,294 [s2-impl-thread1] INFO  server.RaftServerConfigKeys (ConfUtils.java:logGet(46)) - raft.server.log.appender.buffer.byte-limit = 4MB (=4194304) (default)
2023-04-11 14:12:37,296 [s2-impl-thread1] INFO  server.RaftServerConfigKeys (ConfUtils.java:logGet(46)) - raft.server.log.unsafe-flush.enabled = false (default)
2023-04-11 14:12:37,296 [s2-impl-thread1] INFO  server.RaftServerConfigKeys (ConfUtils.java:logGet(46)) - raft.server.log.async-flush.enabled = false (default)
2023-04-11 14:12:37,296 [s2-impl-thread1] INFO  server.RaftServerConfigKeys (ConfUtils.java:logGet(46)) - raft.server.log.statemachine.data.caching.enabled = false (default)
2023-04-11 14:12:37,297 [s2-impl-thread1] INFO  segmented.SegmentedRaftLogWorker (SegmentedRaftLogWorker.java:lambda$new$0(134)) - s2@group-D54832D7F2F9-SegmentedRaftLogWorker: flushIndex: setUnconditionally 0 -> -1
2023-04-11 14:12:37,297 [s2-impl-thread1] INFO  segmented.SegmentedRaftLogWorker (SegmentedRaftLogWorker.java:lambda$new$0(134)) - s2@group-D54832D7F2F9-SegmentedRaftLogWorker: safeCacheEvictIndex: setUnconditionally 0 -> -1
2023-04-11 14:12:37,299 [s2-impl-thread1] INFO  server.RaftServer$Division (RaftServerImpl.java:start(342)) - s2@group-D54832D7F2F9: start as a follower, conf=-1: peers:[s0|rpc:localhost:36377|admin:localhost:43981|client:localhost:45773|dataStream:localhost:44659|priority:0|startupRole:FOLLOWER, s1|rpc:localhost:41593|admin:localhost:33009|client:localhost:40657|dataStream:localhost:39887|priority:0|startupRole:FOLLOWER, s2|rpc:localhost:35799|admin:localhost:42661|client:localhost:42851|dataStream:localhost:38965|priority:0|startupRole:FOLLOWER]|listeners:[], old=null
2023-04-11 14:12:37,299 [s2-impl-thread1] INFO  server.RaftServer$Division (RaftServerImpl.java:setRole(329)) - s2@group-D54832D7F2F9: changes role from      null to FOLLOWER at term 0 for startAsFollower
2023-04-11 14:12:37,299 [s2-impl-thread1] INFO  impl.RoleInfo (RoleInfo.java:updateAndGet(139)) - s2: start s2@group-D54832D7F2F9-FollowerState
2023-04-11 14:12:37,303 [s2-impl-thread1] INFO  util.JmxRegister (JmxRegister.java:tryRegister(44)) - Successfully registered JMX Bean with object name Ratis:service=RaftServer,group=group-D54832D7F2F9,id=s2
2023-04-11 14:12:37,303 [s2-impl-thread1] INFO  server.RaftServerConfigKeys (ConfUtils.java:logGet(46)) - raft.server.snapshot.auto.trigger.enabled = false (default)
2023-04-11 14:12:37,303 [s2-impl-thread1] INFO  server.RaftServerConfigKeys (ConfUtils.java:logGet(46)) - raft.server.snapshot.retention.file.num = -1 (default)
2023-04-11 14:12:37,303 [s2-impl-thread1] INFO  server.RaftServerConfigKeys (ConfUtils.java:logGet(46)) - raft.server.log.purge.upto.snapshot.index = false (default)
2023-04-11 14:12:37,304 [s2@group-D54832D7F2F9-FollowerState] INFO  server.RaftServerConfigKeys (ConfUtils.java:logFallback(53)) - raft.server.rpc.first-election.timeout.min = 150ms (fallback to raft.server.rpc.timeout.min)
2023-04-11 14:12:37,309 [Time-limited test] INFO  server.RaftServer (RaftServerProxy.java:startImpl(401)) - s2: start RPC server
2023-04-11 14:12:37,309 [s2@group-D54832D7F2F9-FollowerState] INFO  server.RaftServerConfigKeys (ConfUtils.java:logFallback(53)) - raft.server.rpc.first-election.timeout.max = 300ms (fallback to raft.server.rpc.timeout.max)
2023-04-11 14:12:37,316 [JvmPauseMonitor2] INFO  util.JvmPauseMonitor (JvmPauseMonitor.java:run(103)) - JvmPauseMonitor-s2: Started
2023-04-11 14:12:37,319 [Time-limited test] INFO  server.RaftServerConfigKeys (ConfUtils.java:logGet(46)) - raft.server.rpc.timeout.max = 300ms (default)
2023-04-11 14:12:37,321 [Time-limited test] INFO  ratis.RaftTestUtil (RaftTestUtil.java:waitForLeader(100)) - printing ALL groups
  s0:  RUNNING  FOLLOWER s0@group-D54832D7F2F9:t0, leader=null, voted=, raftlog=Memoized:s0@group-D54832D7F2F9-SegmentedRaftLog:OPENED:c-1, conf=-1: peers:[s0|rpc:localhost:36377|admin:localhost:43981|client:localhost:45773|dataStream:localhost:44659|priority:0|startupRole:FOLLOWER, s1|rpc:localhost:41593|admin:localhost:33009|client:localhost:40657|dataStream:localhost:39887|priority:0|startupRole:FOLLOWER, s2|rpc:localhost:35799|admin:localhost:42661|client:localhost:42851|dataStream:localhost:38965|priority:0|startupRole:FOLLOWER]|listeners:[], old=null RUNNING
  s1:  RUNNING  FOLLOWER s1@group-D54832D7F2F9:t0, leader=null, voted=, raftlog=Memoized:s1@group-D54832D7F2F9-SegmentedRaftLog:OPENED:c-1, conf=-1: peers:[s0|rpc:localhost:36377|admin:localhost:43981|client:localhost:45773|dataStream:localhost:44659|priority:0|startupRole:FOLLOWER, s1|rpc:localhost:41593|admin:localhost:33009|client:localhost:40657|dataStream:localhost:39887|priority:0|startupRole:FOLLOWER, s2|rpc:localhost:35799|admin:localhost:42661|client:localhost:42851|dataStream:localhost:38965|priority:0|startupRole:FOLLOWER]|listeners:[], old=null RUNNING
  s2:  RUNNING  FOLLOWER s2@group-D54832D7F2F9:t0, leader=null, voted=, raftlog=Memoized:s2@group-D54832D7F2F9-SegmentedRaftLog:OPENED:c-1, conf=-1: peers:[s0|rpc:localhost:36377|admin:localhost:43981|client:localhost:45773|dataStream:localhost:44659|priority:0|startupRole:FOLLOWER, s1|rpc:localhost:41593|admin:localhost:33009|client:localhost:40657|dataStream:localhost:39887|priority:0|startupRole:FOLLOWER, s2|rpc:localhost:35799|admin:localhost:42661|client:localhost:42851|dataStream:localhost:38965|priority:0|startupRole:FOLLOWER]|listeners:[], old=null RUNNING
2023-04-11 14:12:37,325 [Time-limited test] WARN  ratis.RaftTestUtil (JavaUtils.java:attempt(217)) - FAILED "waitForLeader-null-(expectLeader? true)", attempt #1/100: java.lang.IllegalStateException: No leader yet : printing ALL groups
  s0:  RUNNING  FOLLOWER s0@group-D54832D7F2F9:t0, leader=null, voted=, raftlog=Memoized:s0@group-D54832D7F2F9-SegmentedRaftLog:OPENED:c-1, conf=-1: peers:[s0|rpc:localhost:36377|admin:localhost:43981|client:localhost:45773|dataStream:localhost:44659|priority:0|startupRole:FOLLOWER, s1|rpc:localhost:41593|admin:localhost:33009|client:localhost:40657|dataStream:localhost:39887|priority:0|startupRole:FOLLOWER, s2|rpc:localhost:35799|admin:localhost:42661|client:localhost:42851|dataStream:localhost:38965|priority:0|startupRole:FOLLOWER]|listeners:[], old=null RUNNING
  s1:  RUNNING  FOLLOWER s1@group-D54832D7F2F9:t0, leader=null, voted=, raftlog=Memoized:s1@group-D54832D7F2F9-SegmentedRaftLog:OPENED:c-1, conf=-1: peers:[s0|rpc:localhost:36377|admin:localhost:43981|client:localhost:45773|dataStream:localhost:44659|priority:0|startupRole:FOLLOWER, s1|rpc:localhost:41593|admin:localhost:33009|client:localhost:40657|dataStream:localhost:39887|priority:0|startupRole:FOLLOWER, s2|rpc:localhost:35799|admin:localhost:42661|client:localhost:42851|dataStream:localhost:38965|priority:0|startupRole:FOLLOWER]|listeners:[], old=null RUNNING
  s2:  RUNNING  FOLLOWER s2@group-D54832D7F2F9:t0, leader=null, voted=, raftlog=Memoized:s2@group-D54832D7F2F9-SegmentedRaftLog:OPENED:c-1, conf=-1: peers:[s0|rpc:localhost:36377|admin:localhost:43981|client:localhost:45773|dataStream:localhost:44659|priority:0|startupRole:FOLLOWER, s1|rpc:localhost:41593|admin:localhost:33009|client:localhost:40657|dataStream:localhost:39887|priority:0|startupRole:FOLLOWER, s2|rpc:localhost:35799|admin:localhost:42661|client:localhost:42851|dataStream:localhost:38965|priority:0|startupRole:FOLLOWER]|listeners:[], old=null RUNNING, sleep 450ms and then retry.
java.lang.IllegalStateException: No leader yet : printing ALL groups
  s0:  RUNNING  FOLLOWER s0@group-D54832D7F2F9:t0, leader=null, voted=, raftlog=Memoized:s0@group-D54832D7F2F9-SegmentedRaftLog:OPENED:c-1, conf=-1: peers:[s0|rpc:localhost:36377|admin:localhost:43981|client:localhost:45773|dataStream:localhost:44659|priority:0|startupRole:FOLLOWER, s1|rpc:localhost:41593|admin:localhost:33009|client:localhost:40657|dataStream:localhost:39887|priority:0|startupRole:FOLLOWER, s2|rpc:localhost:35799|admin:localhost:42661|client:localhost:42851|dataStream:localhost:38965|priority:0|startupRole:FOLLOWER]|listeners:[], old=null RUNNING
  s1:  RUNNING  FOLLOWER s1@group-D54832D7F2F9:t0, leader=null, voted=, raftlog=Memoized:s1@group-D54832D7F2F9-SegmentedRaftLog:OPENED:c-1, conf=-1: peers:[s0|rpc:localhost:36377|admin:localhost:43981|client:localhost:45773|dataStream:localhost:44659|priority:0|startupRole:FOLLOWER, s1|rpc:localhost:41593|admin:localhost:33009|client:localhost:40657|dataStream:localhost:39887|priority:0|startupRole:FOLLOWER, s2|rpc:localhost:35799|admin:localhost:42661|client:localhost:42851|dataStream:localhost:38965|priority:0|startupRole:FOLLOWER]|listeners:[], old=null RUNNING
  s2:  RUNNING  FOLLOWER s2@group-D54832D7F2F9:t0, leader=null, voted=, raftlog=Memoized:s2@group-D54832D7F2F9-SegmentedRaftLog:OPENED:c-1, conf=-1: peers:[s0|rpc:localhost:36377|admin:localhost:43981|client:localhost:45773|dataStream:localhost:44659|priority:0|startupRole:FOLLOWER, s1|rpc:localhost:41593|admin:localhost:33009|client:localhost:40657|dataStream:localhost:39887|priority:0|startupRole:FOLLOWER, s2|rpc:localhost:35799|admin:localhost:42661|client:localhost:42851|dataStream:localhost:38965|priority:0|startupRole:FOLLOWER]|listeners:[], old=null RUNNING
	at org.apache.ratis.server.impl.MiniRaftCluster.newIllegalStateExceptionForNoLeaders(MiniRaftCluster.java:581)
	at org.apache.ratis.RaftTestUtil.lambda$waitForLeader$1(RaftTestUtil.java:104)
	at org.apache.ratis.server.impl.MiniRaftCluster.getLeader(MiniRaftCluster.java:615)
	at org.apache.ratis.server.impl.MiniRaftCluster.getLeader(MiniRaftCluster.java:608)
	at org.apache.ratis.RaftTestUtil.lambda$waitForLeader$3(RaftTestUtil.java:112)
	at org.apache.ratis.util.JavaUtils.attempt(JavaUtils.java:211)
	at org.apache.ratis.util.JavaUtils.attemptRepeatedly(JavaUtils.java:197)
	at org.apache.ratis.RaftTestUtil.waitForLeader(RaftTestUtil.java:111)
	at org.apache.ratis.RaftTestUtil.waitForLeader(RaftTestUtil.java:92)
	at org.apache.ratis.RaftTestUtil.waitForLeader(RaftTestUtil.java:87)
	at org.apache.ratis.server.impl.RaftStateMachineExceptionTests.runTestRetryOnStateMachineException(RaftStateMachineExceptionTests.java:106)
	at org.apache.ratis.server.impl.MiniRaftCluster$Factory$Get.runWithNewCluster(MiniRaftCluster.java:141)
	at org.apache.ratis.server.impl.MiniRaftCluster$Factory$Get.runWithNewCluster(MiniRaftCluster.java:121)
	at org.apache.ratis.server.impl.RaftStateMachineExceptionTests.testRetryOnStateMachineException(RaftStateMachineExceptionTests.java:102)
	at java.base/jdk.internal.reflect.NativeMethodAccessorImpl.invoke0(Native Method)
	at java.base/jdk.internal.reflect.NativeMethodAccessorImpl.invoke(NativeMethodAccessorImpl.java:62)
	at java.base/jdk.internal.reflect.DelegatingMethodAccessorImpl.invoke(DelegatingMethodAccessorImpl.java:43)
	at java.base/java.lang.reflect.Method.invoke(Method.java:566)
	at org.junit.runners.model.FrameworkMethod$1.runReflectiveCall(FrameworkMethod.java:59)
	at org.junit.internal.runners.model.ReflectiveCallable.run(ReflectiveCallable.java:12)
	at org.junit.runners.model.FrameworkMethod.invokeExplosively(FrameworkMethod.java:56)
	at org.junit.internal.runners.statements.InvokeMethod.evaluate(InvokeMethod.java:17)
	at org.junit.internal.runners.statements.RunAfters.evaluate(RunAfters.java:27)
	at org.junit.internal.runners.statements.FailOnTimeout$CallableStatement.call(FailOnTimeout.java:299)
	at org.junit.internal.runners.statements.FailOnTimeout$CallableStatement.call(FailOnTimeout.java:293)
	at java.base/java.util.concurrent.FutureTask.run(FutureTask.java:264)
	at java.base/java.lang.Thread.run(Thread.java:829)
2023-04-11 14:12:37,459 [s0@group-D54832D7F2F9-FollowerState] INFO  impl.FollowerState (FollowerState.java:run(143)) - s0@group-D54832D7F2F9-FollowerState: change to CANDIDATE, lastRpcElapsedTime:254462192ns, electionTimeout:239ms
2023-04-11 14:12:37,459 [s0@group-D54832D7F2F9-FollowerState] INFO  impl.RoleInfo (RoleInfo.java:shutdownFollowerState(110)) - s0: shutdown s0@group-D54832D7F2F9-FollowerState
2023-04-11 14:12:37,459 [s0@group-D54832D7F2F9-FollowerState] INFO  server.RaftServer$Division (RaftServerImpl.java:setRole(329)) - s0@group-D54832D7F2F9: changes role from  FOLLOWER to CANDIDATE at term 0 for changeToCandidate
2023-04-11 14:12:37,466 [s0@group-D54832D7F2F9-FollowerState] INFO  server.RaftServerConfigKeys (ConfUtils.java:logGet(46)) - raft.server.leaderelection.pre-vote = true (default)
2023-04-11 14:12:37,466 [s0@group-D54832D7F2F9-FollowerState] INFO  impl.RoleInfo (RoleInfo.java:updateAndGet(139)) - s0: start s0@group-D54832D7F2F9-LeaderElection1
2023-04-11 14:12:37,473 [s2@group-D54832D7F2F9-FollowerState] INFO  impl.FollowerState (FollowerState.java:run(143)) - s2@group-D54832D7F2F9-FollowerState: change to CANDIDATE, lastRpcElapsedTime:173361526ns, electionTimeout:163ms
2023-04-11 14:12:37,473 [s2@group-D54832D7F2F9-FollowerState] INFO  impl.RoleInfo (RoleInfo.java:shutdownFollowerState(110)) - s2: shutdown s2@group-D54832D7F2F9-FollowerState
2023-04-11 14:12:37,473 [s2@group-D54832D7F2F9-FollowerState] INFO  server.RaftServer$Division (RaftServerImpl.java:setRole(329)) - s2@group-D54832D7F2F9: changes role from  FOLLOWER to CANDIDATE at term 0 for changeToCandidate
2023-04-11 14:12:37,474 [s2@group-D54832D7F2F9-FollowerState] INFO  server.RaftServerConfigKeys (ConfUtils.java:logGet(46)) - raft.server.leaderelection.pre-vote = true (default)
2023-04-11 14:12:37,474 [s2@group-D54832D7F2F9-FollowerState] INFO  impl.RoleInfo (RoleInfo.java:updateAndGet(139)) - s2: start s2@group-D54832D7F2F9-LeaderElection2
2023-04-11 14:12:37,478 [s0@group-D54832D7F2F9-LeaderElection1] INFO  impl.LeaderElection (LeaderElection.java:askForVotes(320)) - s0@group-D54832D7F2F9-LeaderElection1 PRE_VOTE round 0: submit vote requests at term 0 for -1: peers:[s0|rpc:localhost:36377|admin:localhost:43981|client:localhost:45773|dataStream:localhost:44659|priority:0|startupRole:FOLLOWER, s1|rpc:localhost:41593|admin:localhost:33009|client:localhost:40657|dataStream:localhost:39887|priority:0|startupRole:FOLLOWER, s2|rpc:localhost:35799|admin:localhost:42661|client:localhost:42851|dataStream:localhost:38965|priority:0|startupRole:FOLLOWER]|listeners:[], old=null
2023-04-11 14:12:37,483 [s1@group-D54832D7F2F9-FollowerState] INFO  impl.FollowerState (FollowerState.java:run(143)) - s1@group-D54832D7F2F9-FollowerState: change to CANDIDATE, lastRpcElapsedTime:228034569ns, electionTimeout:219ms
2023-04-11 14:12:37,483 [s1@group-D54832D7F2F9-FollowerState] INFO  impl.RoleInfo (RoleInfo.java:shutdownFollowerState(110)) - s1: shutdown s1@group-D54832D7F2F9-FollowerState
2023-04-11 14:12:37,484 [s1@group-D54832D7F2F9-FollowerState] INFO  server.RaftServer$Division (RaftServerImpl.java:setRole(329)) - s1@group-D54832D7F2F9: changes role from  FOLLOWER to CANDIDATE at term 0 for changeToCandidate
2023-04-11 14:12:37,484 [s1@group-D54832D7F2F9-FollowerState] INFO  server.RaftServerConfigKeys (ConfUtils.java:logGet(46)) - raft.server.leaderelection.pre-vote = true (default)
2023-04-11 14:12:37,484 [s1@group-D54832D7F2F9-FollowerState] INFO  impl.RoleInfo (RoleInfo.java:updateAndGet(139)) - s1: start s1@group-D54832D7F2F9-LeaderElection3
2023-04-11 14:12:37,485 [s2@group-D54832D7F2F9-LeaderElection2] INFO  impl.LeaderElection (LeaderElection.java:askForVotes(320)) - s2@group-D54832D7F2F9-LeaderElection2 PRE_VOTE round 0: submit vote requests at term 0 for -1: peers:[s0|rpc:localhost:36377|admin:localhost:43981|client:localhost:45773|dataStream:localhost:44659|priority:0|startupRole:FOLLOWER, s1|rpc:localhost:41593|admin:localhost:33009|client:localhost:40657|dataStream:localhost:39887|priority:0|startupRole:FOLLOWER, s2|rpc:localhost:35799|admin:localhost:42661|client:localhost:42851|dataStream:localhost:38965|priority:0|startupRole:FOLLOWER]|listeners:[], old=null
2023-04-11 14:12:37,491 [s1@group-D54832D7F2F9-LeaderElection3] INFO  impl.LeaderElection (LeaderElection.java:askForVotes(320)) - s1@group-D54832D7F2F9-LeaderElection3 PRE_VOTE round 0: submit vote requests at term 0 for -1: peers:[s0|rpc:localhost:36377|admin:localhost:43981|client:localhost:45773|dataStream:localhost:44659|priority:0|startupRole:FOLLOWER, s1|rpc:localhost:41593|admin:localhost:33009|client:localhost:40657|dataStream:localhost:39887|priority:0|startupRole:FOLLOWER, s2|rpc:localhost:35799|admin:localhost:42661|client:localhost:42851|dataStream:localhost:38965|priority:0|startupRole:FOLLOWER]|listeners:[], old=null
2023-04-11 14:12:37,499 [s0@group-D54832D7F2F9-LeaderElection1] INFO  server.RaftServerConfigKeys (ConfUtils.java:logFallback(53)) - raft.server.rpc.first-election.timeout.min = 150ms (fallback to raft.server.rpc.timeout.min)
2023-04-11 14:12:37,503 [s0@group-D54832D7F2F9-LeaderElection1] INFO  server.RaftServerConfigKeys (ConfUtils.java:logFallback(53)) - raft.server.rpc.first-election.timeout.max = 300ms (fallback to raft.server.rpc.timeout.max)
2023-04-11 14:12:37,506 [HandlerDaemon-0] INFO  server.RaftServer$Division (RaftServerImpl.java:requestVote(1303)) - s1@group-D54832D7F2F9: receive requestVote(PRE_VOTE, s0, group-D54832D7F2F9, 0, (t:0, i:0))
2023-04-11 14:12:37,514 [HandlerDaemon-0] INFO  server.RaftServer$Division (RaftServerImpl.java:requestVote(1303)) - s0@group-D54832D7F2F9: receive requestVote(PRE_VOTE, s2, group-D54832D7F2F9, 0, (t:0, i:0))
2023-04-11 14:12:37,513 [HandlerDaemon-0] INFO  server.RaftServer$Division (RaftServerImpl.java:requestVote(1303)) - s2@group-D54832D7F2F9: receive requestVote(PRE_VOTE, s0, group-D54832D7F2F9, 0, (t:0, i:0))
2023-04-11 14:12:37,510 [s2@group-D54832D7F2F9-LeaderElection2] INFO  server.RaftServerConfigKeys (ConfUtils.java:logFallback(53)) - raft.server.rpc.first-election.timeout.min = 150ms (fallback to raft.server.rpc.timeout.min)
2023-04-11 14:12:37,514 [s2@group-D54832D7F2F9-LeaderElection2] INFO  server.RaftServerConfigKeys (ConfUtils.java:logFallback(53)) - raft.server.rpc.first-election.timeout.max = 300ms (fallback to raft.server.rpc.timeout.max)
2023-04-11 14:12:37,515 [s1@group-D54832D7F2F9-LeaderElection3] INFO  server.RaftServerConfigKeys (ConfUtils.java:logFallback(53)) - raft.server.rpc.first-election.timeout.min = 150ms (fallback to raft.server.rpc.timeout.min)
2023-04-11 14:12:37,515 [s1@group-D54832D7F2F9-LeaderElection3] INFO  server.RaftServerConfigKeys (ConfUtils.java:logFallback(53)) - raft.server.rpc.first-election.timeout.max = 300ms (fallback to raft.server.rpc.timeout.max)
2023-04-11 14:12:37,516 [HandlerDaemon-1] INFO  server.RaftServer$Division (RaftServerImpl.java:requestVote(1303)) - s2@group-D54832D7F2F9: receive requestVote(PRE_VOTE, s1, group-D54832D7F2F9, 0, (t:0, i:0))
2023-04-11 14:12:37,520 [HandlerDaemon-1] INFO  server.RaftServer$Division (RaftServerImpl.java:requestVote(1303)) - s1@group-D54832D7F2F9: receive requestVote(PRE_VOTE, s2, group-D54832D7F2F9, 0, (t:0, i:0))
2023-04-11 14:12:37,520 [HandlerDaemon-0] INFO  impl.VoteContext (VoteContext.java:log(49)) - s1@group-D54832D7F2F9-CANDIDATE: accept PRE_VOTE from s0: our priority 0 <= candidate's priority 0
2023-04-11 14:12:37,521 [HandlerDaemon-0] INFO  impl.VoteContext (VoteContext.java:log(49)) - s0@group-D54832D7F2F9-CANDIDATE: accept PRE_VOTE from s2: our priority 0 <= candidate's priority 0
2023-04-11 14:12:37,521 [HandlerDaemon-1] INFO  server.RaftServer$Division (RaftServerImpl.java:requestVote(1303)) - s0@group-D54832D7F2F9: receive requestVote(PRE_VOTE, s1, group-D54832D7F2F9, 0, (t:0, i:0))
2023-04-11 14:12:37,522 [HandlerDaemon-0] INFO  impl.VoteContext (VoteContext.java:log(49)) - s2@group-D54832D7F2F9-CANDIDATE: accept PRE_VOTE from s0: our priority 0 <= candidate's priority 0
2023-04-11 14:12:37,526 [HandlerDaemon-0] INFO  server.RaftServer$Division (RaftServerImpl.java:requestVote(1336)) - s0@group-D54832D7F2F9 replies to PRE_VOTE vote request: s2<-s0#0:OK-t0. Peer's state: s0@group-D54832D7F2F9:t0, leader=null, voted=, raftlog=Memoized:s0@group-D54832D7F2F9-SegmentedRaftLog:OPENED:c-1, conf=-1: peers:[s0|rpc:localhost:36377|admin:localhost:43981|client:localhost:45773|dataStream:localhost:44659|priority:0|startupRole:FOLLOWER, s1|rpc:localhost:41593|admin:localhost:33009|client:localhost:40657|dataStream:localhost:39887|priority:0|startupRole:FOLLOWER, s2|rpc:localhost:35799|admin:localhost:42661|client:localhost:42851|dataStream:localhost:38965|priority:0|startupRole:FOLLOWER]|listeners:[], old=null
2023-04-11 14:12:37,526 [HandlerDaemon-1] INFO  impl.VoteContext (VoteContext.java:log(49)) - s0@group-D54832D7F2F9-CANDIDATE: accept PRE_VOTE from s1: our priority 0 <= candidate's priority 0
2023-04-11 14:12:37,527 [HandlerDaemon-1] INFO  server.RaftServer$Division (RaftServerImpl.java:requestVote(1336)) - s0@group-D54832D7F2F9 replies to PRE_VOTE vote request: s1<-s0#0:OK-t0. Peer's state: s0@group-D54832D7F2F9:t0, leader=null, voted=, raftlog=Memoized:s0@group-D54832D7F2F9-SegmentedRaftLog:OPENED:c-1, conf=-1: peers:[s0|rpc:localhost:36377|admin:localhost:43981|client:localhost:45773|dataStream:localhost:44659|priority:0|startupRole:FOLLOWER, s1|rpc:localhost:41593|admin:localhost:33009|client:localhost:40657|dataStream:localhost:39887|priority:0|startupRole:FOLLOWER, s2|rpc:localhost:35799|admin:localhost:42661|client:localhost:42851|dataStream:localhost:38965|priority:0|startupRole:FOLLOWER]|listeners:[], old=null
2023-04-11 14:12:37,527 [HandlerDaemon-0] INFO  server.RaftServer$Division (RaftServerImpl.java:requestVote(1336)) - s2@group-D54832D7F2F9 replies to PRE_VOTE vote request: s0<-s2#0:OK-t0. Peer's state: s2@group-D54832D7F2F9:t0, leader=null, voted=, raftlog=Memoized:s2@group-D54832D7F2F9-SegmentedRaftLog:OPENED:c-1, conf=-1: peers:[s0|rpc:localhost:36377|admin:localhost:43981|client:localhost:45773|dataStream:localhost:44659|priority:0|startupRole:FOLLOWER, s1|rpc:localhost:41593|admin:localhost:33009|client:localhost:40657|dataStream:localhost:39887|priority:0|startupRole:FOLLOWER, s2|rpc:localhost:35799|admin:localhost:42661|client:localhost:42851|dataStream:localhost:38965|priority:0|startupRole:FOLLOWER]|listeners:[], old=null
2023-04-11 14:12:37,528 [HandlerDaemon-1] INFO  impl.VoteContext (VoteContext.java:log(49)) - s2@group-D54832D7F2F9-CANDIDATE: accept PRE_VOTE from s1: our priority 0 <= candidate's priority 0
2023-04-11 14:12:37,528 [HandlerDaemon-1] INFO  server.RaftServer$Division (RaftServerImpl.java:requestVote(1336)) - s2@group-D54832D7F2F9 replies to PRE_VOTE vote request: s1<-s2#0:OK-t0. Peer's state: s2@group-D54832D7F2F9:t0, leader=null, voted=, raftlog=Memoized:s2@group-D54832D7F2F9-SegmentedRaftLog:OPENED:c-1, conf=-1: peers:[s0|rpc:localhost:36377|admin:localhost:43981|client:localhost:45773|dataStream:localhost:44659|priority:0|startupRole:FOLLOWER, s1|rpc:localhost:41593|admin:localhost:33009|client:localhost:40657|dataStream:localhost:39887|priority:0|startupRole:FOLLOWER, s2|rpc:localhost:35799|admin:localhost:42661|client:localhost:42851|dataStream:localhost:38965|priority:0|startupRole:FOLLOWER]|listeners:[], old=null
2023-04-11 14:12:37,527 [HandlerDaemon-0] INFO  server.RaftServer$Division (RaftServerImpl.java:requestVote(1336)) - s1@group-D54832D7F2F9 replies to PRE_VOTE vote request: s0<-s1#0:OK-t0. Peer's state: s1@group-D54832D7F2F9:t0, leader=null, voted=, raftlog=Memoized:s1@group-D54832D7F2F9-SegmentedRaftLog:OPENED:c-1, conf=-1: peers:[s0|rpc:localhost:36377|admin:localhost:43981|client:localhost:45773|dataStream:localhost:44659|priority:0|startupRole:FOLLOWER, s1|rpc:localhost:41593|admin:localhost:33009|client:localhost:40657|dataStream:localhost:39887|priority:0|startupRole:FOLLOWER, s2|rpc:localhost:35799|admin:localhost:42661|client:localhost:42851|dataStream:localhost:38965|priority:0|startupRole:FOLLOWER]|listeners:[], old=null
2023-04-11 14:12:37,528 [HandlerDaemon-1] INFO  impl.VoteContext (VoteContext.java:log(49)) - s1@group-D54832D7F2F9-CANDIDATE: accept PRE_VOTE from s2: our priority 0 <= candidate's priority 0
2023-04-11 14:12:37,529 [HandlerDaemon-1] INFO  server.RaftServer$Division (RaftServerImpl.java:requestVote(1336)) - s1@group-D54832D7F2F9 replies to PRE_VOTE vote request: s2<-s1#0:OK-t0. Peer's state: s1@group-D54832D7F2F9:t0, leader=null, voted=, raftlog=Memoized:s1@group-D54832D7F2F9-SegmentedRaftLog:OPENED:c-1, conf=-1: peers:[s0|rpc:localhost:36377|admin:localhost:43981|client:localhost:45773|dataStream:localhost:44659|priority:0|startupRole:FOLLOWER, s1|rpc:localhost:41593|admin:localhost:33009|client:localhost:40657|dataStream:localhost:39887|priority:0|startupRole:FOLLOWER, s2|rpc:localhost:35799|admin:localhost:42661|client:localhost:42851|dataStream:localhost:38965|priority:0|startupRole:FOLLOWER]|listeners:[], old=null
2023-04-11 14:12:37,540 [s0@group-D54832D7F2F9-LeaderElection1] INFO  impl.LeaderElection (LeaderElection.java:logAndReturn(89)) - s0@group-D54832D7F2F9-LeaderElection1: PRE_VOTE PASSED received 1 response(s) and 0 exception(s):
2023-04-11 14:12:37,540 [s2@group-D54832D7F2F9-LeaderElection2] INFO  impl.LeaderElection (LeaderElection.java:logAndReturn(89)) - s2@group-D54832D7F2F9-LeaderElection2: PRE_VOTE PASSED received 1 response(s) and 0 exception(s):
2023-04-11 14:12:37,540 [s2@group-D54832D7F2F9-LeaderElection2] INFO  impl.LeaderElection (LeaderElection.java:logAndReturn(93)) -   Response 0: s2<-s0#0:OK-t0
2023-04-11 14:12:37,540 [s2@group-D54832D7F2F9-LeaderElection2] INFO  impl.LeaderElection (LeaderElection.java:askForVotes(322)) - s2@group-D54832D7F2F9-LeaderElection2 PRE_VOTE round 0: result PASSED
2023-04-11 14:12:37,541 [s1@group-D54832D7F2F9-LeaderElection3] INFO  impl.LeaderElection (LeaderElection.java:logAndReturn(89)) - s1@group-D54832D7F2F9-LeaderElection3: PRE_VOTE PASSED received 1 response(s) and 0 exception(s):
2023-04-11 14:12:37,542 [s0@group-D54832D7F2F9-LeaderElection1] INFO  impl.LeaderElection (LeaderElection.java:logAndReturn(93)) -   Response 0: s0<-s2#0:OK-t0
2023-04-11 14:12:37,542 [s1@group-D54832D7F2F9-LeaderElection3] INFO  impl.LeaderElection (LeaderElection.java:logAndReturn(93)) -   Response 0: s1<-s0#0:OK-t0
2023-04-11 14:12:37,542 [s0@group-D54832D7F2F9-LeaderElection1] INFO  impl.LeaderElection (LeaderElection.java:askForVotes(322)) - s0@group-D54832D7F2F9-LeaderElection1 PRE_VOTE round 0: result PASSED
2023-04-11 14:12:37,543 [s2@group-D54832D7F2F9-LeaderElection2] INFO  impl.LeaderElection (LeaderElection.java:askForVotes(320)) - s2@group-D54832D7F2F9-LeaderElection2 ELECTION round 0: submit vote requests at term 1 for -1: peers:[s0|rpc:localhost:36377|admin:localhost:43981|client:localhost:45773|dataStream:localhost:44659|priority:0|startupRole:FOLLOWER, s1|rpc:localhost:41593|admin:localhost:33009|client:localhost:40657|dataStream:localhost:39887|priority:0|startupRole:FOLLOWER, s2|rpc:localhost:35799|admin:localhost:42661|client:localhost:42851|dataStream:localhost:38965|priority:0|startupRole:FOLLOWER]|listeners:[], old=null
2023-04-11 14:12:37,542 [s1@group-D54832D7F2F9-LeaderElection3] INFO  impl.LeaderElection (LeaderElection.java:askForVotes(322)) - s1@group-D54832D7F2F9-LeaderElection3 PRE_VOTE round 0: result PASSED
2023-04-11 14:12:37,545 [s1@group-D54832D7F2F9-LeaderElection3] INFO  impl.LeaderElection (LeaderElection.java:askForVotes(320)) - s1@group-D54832D7F2F9-LeaderElection3 ELECTION round 0: submit vote requests at term 1 for -1: peers:[s0|rpc:localhost:36377|admin:localhost:43981|client:localhost:45773|dataStream:localhost:44659|priority:0|startupRole:FOLLOWER, s1|rpc:localhost:41593|admin:localhost:33009|client:localhost:40657|dataStream:localhost:39887|priority:0|startupRole:FOLLOWER, s2|rpc:localhost:35799|admin:localhost:42661|client:localhost:42851|dataStream:localhost:38965|priority:0|startupRole:FOLLOWER]|listeners:[], old=null
2023-04-11 14:12:37,545 [s0@group-D54832D7F2F9-LeaderElection1] INFO  impl.LeaderElection (LeaderElection.java:askForVotes(320)) - s0@group-D54832D7F2F9-LeaderElection1 ELECTION round 0: submit vote requests at term 1 for -1: peers:[s0|rpc:localhost:36377|admin:localhost:43981|client:localhost:45773|dataStream:localhost:44659|priority:0|startupRole:FOLLOWER, s1|rpc:localhost:41593|admin:localhost:33009|client:localhost:40657|dataStream:localhost:39887|priority:0|startupRole:FOLLOWER, s2|rpc:localhost:35799|admin:localhost:42661|client:localhost:42851|dataStream:localhost:38965|priority:0|startupRole:FOLLOWER]|listeners:[], old=null
2023-04-11 14:12:37,553 [s0@group-D54832D7F2F9-LeaderElection1] INFO  server.RaftServerConfigKeys (ConfUtils.java:logFallback(53)) - raft.server.rpc.first-election.timeout.min = 150ms (fallback to raft.server.rpc.timeout.min)
2023-04-11 14:12:37,553 [HandlerDaemon-2] INFO  server.RaftServer$Division (RaftServerImpl.java:requestVote(1303)) - s1@group-D54832D7F2F9: receive requestVote(ELECTION, s0, group-D54832D7F2F9, 1, (t:0, i:0))
2023-04-11 14:12:37,555 [s2@group-D54832D7F2F9-LeaderElection2] INFO  server.RaftServerConfigKeys (ConfUtils.java:logFallback(53)) - raft.server.rpc.first-election.timeout.min = 150ms (fallback to raft.server.rpc.timeout.min)
2023-04-11 14:12:37,555 [HandlerDaemon-2] INFO  impl.VoteContext (VoteContext.java:log(49)) - s1@group-D54832D7F2F9-CANDIDATE: reject ELECTION from s0: already has voted for s1 at current term 1
2023-04-11 14:12:37,555 [s2@group-D54832D7F2F9-LeaderElection2] INFO  server.RaftServerConfigKeys (ConfUtils.java:logFallback(53)) - raft.server.rpc.first-election.timeout.max = 300ms (fallback to raft.server.rpc.timeout.max)
2023-04-11 14:12:37,555 [HandlerDaemon-2] INFO  server.RaftServer$Division (RaftServerImpl.java:requestVote(1336)) - s1@group-D54832D7F2F9 replies to ELECTION vote request: s0<-s1#0:FAIL-t1. Peer's state: s1@group-D54832D7F2F9:t1, leader=null, voted=s1, raftlog=Memoized:s1@group-D54832D7F2F9-SegmentedRaftLog:OPENED:c-1, conf=-1: peers:[s0|rpc:localhost:36377|admin:localhost:43981|client:localhost:45773|dataStream:localhost:44659|priority:0|startupRole:FOLLOWER, s1|rpc:localhost:41593|admin:localhost:33009|client:localhost:40657|dataStream:localhost:39887|priority:0|startupRole:FOLLOWER, s2|rpc:localhost:35799|admin:localhost:42661|client:localhost:42851|dataStream:localhost:38965|priority:0|startupRole:FOLLOWER]|listeners:[], old=null
2023-04-11 14:12:37,554 [s0@group-D54832D7F2F9-LeaderElection1] INFO  server.RaftServerConfigKeys (ConfUtils.java:logFallback(53)) - raft.server.rpc.first-election.timeout.max = 300ms (fallback to raft.server.rpc.timeout.max)
2023-04-11 14:12:37,556 [HandlerDaemon-2] INFO  server.RaftServer$Division (RaftServerImpl.java:requestVote(1303)) - s0@group-D54832D7F2F9: receive requestVote(ELECTION, s2, group-D54832D7F2F9, 1, (t:0, i:0))
2023-04-11 14:12:37,561 [HandlerDaemon-2] INFO  impl.VoteContext (VoteContext.java:log(49)) - s0@group-D54832D7F2F9-CANDIDATE: reject ELECTION from s2: already has voted for s0 at current term 1
2023-04-11 14:12:37,561 [HandlerDaemon-2] INFO  server.RaftServer$Division (RaftServerImpl.java:requestVote(1336)) - s0@group-D54832D7F2F9 replies to ELECTION vote request: s2<-s0#0:FAIL-t1. Peer's state: s0@group-D54832D7F2F9:t1, leader=null, voted=s0, raftlog=Memoized:s0@group-D54832D7F2F9-SegmentedRaftLog:OPENED:c-1, conf=-1: peers:[s0|rpc:localhost:36377|admin:localhost:43981|client:localhost:45773|dataStream:localhost:44659|priority:0|startupRole:FOLLOWER, s1|rpc:localhost:41593|admin:localhost:33009|client:localhost:40657|dataStream:localhost:39887|priority:0|startupRole:FOLLOWER, s2|rpc:localhost:35799|admin:localhost:42661|client:localhost:42851|dataStream:localhost:38965|priority:0|startupRole:FOLLOWER]|listeners:[], old=null
2023-04-11 14:12:37,561 [s1@group-D54832D7F2F9-LeaderElection3] INFO  server.RaftServerConfigKeys (ConfUtils.java:logFallback(53)) - raft.server.rpc.first-election.timeout.min = 150ms (fallback to raft.server.rpc.timeout.min)
2023-04-11 14:12:37,561 [s1@group-D54832D7F2F9-LeaderElection3] INFO  server.RaftServerConfigKeys (ConfUtils.java:logFallback(53)) - raft.server.rpc.first-election.timeout.max = 300ms (fallback to raft.server.rpc.timeout.max)
2023-04-11 14:12:37,562 [HandlerDaemon-2] INFO  server.RaftServer$Division (RaftServerImpl.java:requestVote(1303)) - s2@group-D54832D7F2F9: receive requestVote(ELECTION, s1, group-D54832D7F2F9, 1, (t:0, i:0))
2023-04-11 14:12:37,562 [HandlerDaemon-0] INFO  server.RaftServer$Division (RaftServerImpl.java:requestVote(1303)) - s0@group-D54832D7F2F9: receive requestVote(ELECTION, s1, group-D54832D7F2F9, 1, (t:0, i:0))
2023-04-11 14:12:37,562 [HandlerDaemon-0] INFO  impl.VoteContext (VoteContext.java:log(49)) - s0@group-D54832D7F2F9-CANDIDATE: reject ELECTION from s1: already has voted for s0 at current term 1
2023-04-11 14:12:37,563 [HandlerDaemon-0] INFO  server.RaftServer$Division (RaftServerImpl.java:requestVote(1336)) - s0@group-D54832D7F2F9 replies to ELECTION vote request: s1<-s0#0:FAIL-t1. Peer's state: s0@group-D54832D7F2F9:t1, leader=null, voted=s0, raftlog=Memoized:s0@group-D54832D7F2F9-SegmentedRaftLog:OPENED:c-1, conf=-1: peers:[s0|rpc:localhost:36377|admin:localhost:43981|client:localhost:45773|dataStream:localhost:44659|priority:0|startupRole:FOLLOWER, s1|rpc:localhost:41593|admin:localhost:33009|client:localhost:40657|dataStream:localhost:39887|priority:0|startupRole:FOLLOWER, s2|rpc:localhost:35799|admin:localhost:42661|client:localhost:42851|dataStream:localhost:38965|priority:0|startupRole:FOLLOWER]|listeners:[], old=null
2023-04-11 14:12:37,563 [HandlerDaemon-2] INFO  impl.VoteContext (VoteContext.java:log(49)) - s2@group-D54832D7F2F9-CANDIDATE: reject ELECTION from s1: already has voted for s2 at current term 1
2023-04-11 14:12:37,563 [HandlerDaemon-2] INFO  server.RaftServer$Division (RaftServerImpl.java:requestVote(1336)) - s2@group-D54832D7F2F9 replies to ELECTION vote request: s1<-s2#0:FAIL-t1. Peer's state: s2@group-D54832D7F2F9:t1, leader=null, voted=s2, raftlog=Memoized:s2@group-D54832D7F2F9-SegmentedRaftLog:OPENED:c-1, conf=-1: peers:[s0|rpc:localhost:36377|admin:localhost:43981|client:localhost:45773|dataStream:localhost:44659|priority:0|startupRole:FOLLOWER, s1|rpc:localhost:41593|admin:localhost:33009|client:localhost:40657|dataStream:localhost:39887|priority:0|startupRole:FOLLOWER, s2|rpc:localhost:35799|admin:localhost:42661|client:localhost:42851|dataStream:localhost:38965|priority:0|startupRole:FOLLOWER]|listeners:[], old=null
2023-04-11 14:12:37,564 [HandlerDaemon-0] INFO  server.RaftServer$Division (RaftServerImpl.java:requestVote(1303)) - s2@group-D54832D7F2F9: receive requestVote(ELECTION, s0, group-D54832D7F2F9, 1, (t:0, i:0))
2023-04-11 14:12:37,564 [HandlerDaemon-0] INFO  impl.VoteContext (VoteContext.java:log(49)) - s2@group-D54832D7F2F9-CANDIDATE: reject ELECTION from s0: already has voted for s2 at current term 1
2023-04-11 14:12:37,564 [HandlerDaemon-0] INFO  server.RaftServer$Division (RaftServerImpl.java:requestVote(1336)) - s2@group-D54832D7F2F9 replies to ELECTION vote request: s0<-s2#0:FAIL-t1. Peer's state: s2@group-D54832D7F2F9:t1, leader=null, voted=s2, raftlog=Memoized:s2@group-D54832D7F2F9-SegmentedRaftLog:OPENED:c-1, conf=-1: peers:[s0|rpc:localhost:36377|admin:localhost:43981|client:localhost:45773|dataStream:localhost:44659|priority:0|startupRole:FOLLOWER, s1|rpc:localhost:41593|admin:localhost:33009|client:localhost:40657|dataStream:localhost:39887|priority:0|startupRole:FOLLOWER, s2|rpc:localhost:35799|admin:localhost:42661|client:localhost:42851|dataStream:localhost:38965|priority:0|startupRole:FOLLOWER]|listeners:[], old=null
2023-04-11 14:12:37,565 [HandlerDaemon-1] INFO  server.RaftServer$Division (RaftServerImpl.java:requestVote(1303)) - s1@group-D54832D7F2F9: receive requestVote(ELECTION, s2, group-D54832D7F2F9, 1, (t:0, i:0))
2023-04-11 14:12:37,565 [HandlerDaemon-1] INFO  impl.VoteContext (VoteContext.java:log(49)) - s1@group-D54832D7F2F9-CANDIDATE: reject ELECTION from s2: already has voted for s1 at current term 1
2023-04-11 14:12:37,565 [HandlerDaemon-1] INFO  server.RaftServer$Division (RaftServerImpl.java:requestVote(1336)) - s1@group-D54832D7F2F9 replies to ELECTION vote request: s2<-s1#0:FAIL-t1. Peer's state: s1@group-D54832D7F2F9:t1, leader=null, voted=s1, raftlog=Memoized:s1@group-D54832D7F2F9-SegmentedRaftLog:OPENED:c-1, conf=-1: peers:[s0|rpc:localhost:36377|admin:localhost:43981|client:localhost:45773|dataStream:localhost:44659|priority:0|startupRole:FOLLOWER, s1|rpc:localhost:41593|admin:localhost:33009|client:localhost:40657|dataStream:localhost:39887|priority:0|startupRole:FOLLOWER, s2|rpc:localhost:35799|admin:localhost:42661|client:localhost:42851|dataStream:localhost:38965|priority:0|startupRole:FOLLOWER]|listeners:[], old=null
2023-04-11 14:12:37,578 [s2@group-D54832D7F2F9-LeaderElection2] INFO  impl.LeaderElection (LeaderElection.java:logAndReturn(89)) - s2@group-D54832D7F2F9-LeaderElection2: ELECTION REJECTED received 2 response(s) and 0 exception(s):
2023-04-11 14:12:37,578 [s2@group-D54832D7F2F9-LeaderElection2] INFO  impl.LeaderElection (LeaderElection.java:logAndReturn(93)) -   Response 0: s2<-s0#0:FAIL-t1
2023-04-11 14:12:37,578 [s2@group-D54832D7F2F9-LeaderElection2] INFO  impl.LeaderElection (LeaderElection.java:logAndReturn(93)) -   Response 1: s2<-s1#0:FAIL-t1
2023-04-11 14:12:37,578 [s2@group-D54832D7F2F9-LeaderElection2] INFO  impl.LeaderElection (LeaderElection.java:askForVotes(322)) - s2@group-D54832D7F2F9-LeaderElection2 ELECTION round 0: result REJECTED
2023-04-11 14:12:37,579 [s1@group-D54832D7F2F9-LeaderElection3] INFO  impl.LeaderElection (LeaderElection.java:logAndReturn(89)) - s1@group-D54832D7F2F9-LeaderElection3: ELECTION REJECTED received 2 response(s) and 0 exception(s):
2023-04-11 14:12:37,582 [s1@group-D54832D7F2F9-LeaderElection3] INFO  impl.LeaderElection (LeaderElection.java:logAndReturn(93)) -   Response 0: s1<-s0#0:FAIL-t1
2023-04-11 14:12:37,583 [s1@group-D54832D7F2F9-LeaderElection3] INFO  impl.LeaderElection (LeaderElection.java:logAndReturn(93)) -   Response 1: s1<-s2#0:FAIL-t1
2023-04-11 14:12:37,583 [s1@group-D54832D7F2F9-LeaderElection3] INFO  impl.LeaderElection (LeaderElection.java:askForVotes(322)) - s1@group-D54832D7F2F9-LeaderElection3 ELECTION round 0: result REJECTED
2023-04-11 14:12:37,583 [s1@group-D54832D7F2F9-LeaderElection3] INFO  server.RaftServer$Division (RaftServerImpl.java:setRole(329)) - s1@group-D54832D7F2F9: changes role from CANDIDATE to FOLLOWER at term 1 for REJECTED
2023-04-11 14:12:37,583 [s1@group-D54832D7F2F9-LeaderElection3] INFO  impl.RoleInfo (RoleInfo.java:shutdownLeaderElection(130)) - s1: shutdown s1@group-D54832D7F2F9-LeaderElection3
2023-04-11 14:12:37,584 [s1@group-D54832D7F2F9-LeaderElection3] INFO  impl.RoleInfo (RoleInfo.java:updateAndGet(139)) - s1: start s1@group-D54832D7F2F9-FollowerState
2023-04-11 14:12:37,583 [s2@group-D54832D7F2F9-LeaderElection2] INFO  server.RaftServer$Division (RaftServerImpl.java:setRole(329)) - s2@group-D54832D7F2F9: changes role from CANDIDATE to FOLLOWER at term 1 for REJECTED
2023-04-11 14:12:37,584 [s2@group-D54832D7F2F9-LeaderElection2] INFO  impl.RoleInfo (RoleInfo.java:shutdownLeaderElection(130)) - s2: shutdown s2@group-D54832D7F2F9-LeaderElection2
2023-04-11 14:12:37,584 [s2@group-D54832D7F2F9-LeaderElection2] INFO  impl.RoleInfo (RoleInfo.java:updateAndGet(139)) - s2: start s2@group-D54832D7F2F9-FollowerState
2023-04-11 14:12:37,584 [s0@group-D54832D7F2F9-LeaderElection1] INFO  impl.LeaderElection (LeaderElection.java:logAndReturn(89)) - s0@group-D54832D7F2F9-LeaderElection1: ELECTION REJECTED received 2 response(s) and 0 exception(s):
2023-04-11 14:12:37,585 [s0@group-D54832D7F2F9-LeaderElection1] INFO  impl.LeaderElection (LeaderElection.java:logAndReturn(93)) -   Response 0: s0<-s1#0:FAIL-t1
2023-04-11 14:12:37,585 [s0@group-D54832D7F2F9-LeaderElection1] INFO  impl.LeaderElection (LeaderElection.java:logAndReturn(93)) -   Response 1: s0<-s2#0:FAIL-t1
2023-04-11 14:12:37,585 [s0@group-D54832D7F2F9-LeaderElection1] INFO  impl.LeaderElection (LeaderElection.java:askForVotes(322)) - s0@group-D54832D7F2F9-LeaderElection1 ELECTION round 0: result REJECTED
2023-04-11 14:12:37,585 [s0@group-D54832D7F2F9-LeaderElection1] INFO  server.RaftServer$Division (RaftServerImpl.java:setRole(329)) - s0@group-D54832D7F2F9: changes role from CANDIDATE to FOLLOWER at term 1 for REJECTED
2023-04-11 14:12:37,585 [s0@group-D54832D7F2F9-LeaderElection1] INFO  impl.RoleInfo (RoleInfo.java:shutdownLeaderElection(130)) - s0: shutdown s0@group-D54832D7F2F9-LeaderElection1
2023-04-11 14:12:37,585 [s0@group-D54832D7F2F9-LeaderElection1] INFO  impl.RoleInfo (RoleInfo.java:updateAndGet(139)) - s0: start s0@group-D54832D7F2F9-FollowerState
2023-04-11 14:12:37,779 [Time-limited test] WARN  ratis.RaftTestUtil (JavaUtils.java:attempt(217)) - FAILED "waitForLeader-null-(expectLeader? true)", attempt #2/100: java.lang.IllegalStateException: No leader yet : printing ALL groups
  s0:  RUNNING  FOLLOWER s0@group-D54832D7F2F9:t1, leader=null, voted=s0, raftlog=Memoized:s0@group-D54832D7F2F9-SegmentedRaftLog:OPENED:c-1, conf=-1: peers:[s0|rpc:localhost:36377|admin:localhost:43981|client:localhost:45773|dataStream:localhost:44659|priority:0|startupRole:FOLLOWER, s1|rpc:localhost:41593|admin:localhost:33009|client:localhost:40657|dataStream:localhost:39887|priority:0|startupRole:FOLLOWER, s2|rpc:localhost:35799|admin:localhost:42661|client:localhost:42851|dataStream:localhost:38965|priority:0|startupRole:FOLLOWER]|listeners:[], old=null RUNNING
  s1:  RUNNING  FOLLOWER s1@group-D54832D7F2F9:t1, leader=null, voted=s1, raftlog=Memoized:s1@group-D54832D7F2F9-SegmentedRaftLog:OPENED:c-1, conf=-1: peers:[s0|rpc:localhost:36377|admin:localhost:43981|client:localhost:45773|dataStream:localhost:44659|priority:0|startupRole:FOLLOWER, s1|rpc:localhost:41593|admin:localhost:33009|client:localhost:40657|dataStream:localhost:39887|priority:0|startupRole:FOLLOWER, s2|rpc:localhost:35799|admin:localhost:42661|client:localhost:42851|dataStream:localhost:38965|priority:0|startupRole:FOLLOWER]|listeners:[], old=null RUNNING
  s2:  RUNNING  FOLLOWER s2@group-D54832D7F2F9:t1, leader=null, voted=s2, raftlog=Memoized:s2@group-D54832D7F2F9-SegmentedRaftLog:OPENED:c-1, conf=-1: peers:[s0|rpc:localhost:36377|admin:localhost:43981|client:localhost:45773|dataStream:localhost:44659|priority:0|startupRole:FOLLOWER, s1|rpc:localhost:41593|admin:localhost:33009|client:localhost:40657|dataStream:localhost:39887|priority:0|startupRole:FOLLOWER, s2|rpc:localhost:35799|admin:localhost:42661|client:localhost:42851|dataStream:localhost:38965|priority:0|startupRole:FOLLOWER]|listeners:[], old=null RUNNING, sleep 450ms and then retry.
java.lang.IllegalStateException: No leader yet : printing ALL groups
  s0:  RUNNING  FOLLOWER s0@group-D54832D7F2F9:t1, leader=null, voted=s0, raftlog=Memoized:s0@group-D54832D7F2F9-SegmentedRaftLog:OPENED:c-1, conf=-1: peers:[s0|rpc:localhost:36377|admin:localhost:43981|client:localhost:45773|dataStream:localhost:44659|priority:0|startupRole:FOLLOWER, s1|rpc:localhost:41593|admin:localhost:33009|client:localhost:40657|dataStream:localhost:39887|priority:0|startupRole:FOLLOWER, s2|rpc:localhost:35799|admin:localhost:42661|client:localhost:42851|dataStream:localhost:38965|priority:0|startupRole:FOLLOWER]|listeners:[], old=null RUNNING
  s1:  RUNNING  FOLLOWER s1@group-D54832D7F2F9:t1, leader=null, voted=s1, raftlog=Memoized:s1@group-D54832D7F2F9-SegmentedRaftLog:OPENED:c-1, conf=-1: peers:[s0|rpc:localhost:36377|admin:localhost:43981|client:localhost:45773|dataStream:localhost:44659|priority:0|startupRole:FOLLOWER, s1|rpc:localhost:41593|admin:localhost:33009|client:localhost:40657|dataStream:localhost:39887|priority:0|startupRole:FOLLOWER, s2|rpc:localhost:35799|admin:localhost:42661|client:localhost:42851|dataStream:localhost:38965|priority:0|startupRole:FOLLOWER]|listeners:[], old=null RUNNING
  s2:  RUNNING  FOLLOWER s2@group-D54832D7F2F9:t1, leader=null, voted=s2, raftlog=Memoized:s2@group-D54832D7F2F9-SegmentedRaftLog:OPENED:c-1, conf=-1: peers:[s0|rpc:localhost:36377|admin:localhost:43981|client:localhost:45773|dataStream:localhost:44659|priority:0|startupRole:FOLLOWER, s1|rpc:localhost:41593|admin:localhost:33009|client:localhost:40657|dataStream:localhost:39887|priority:0|startupRole:FOLLOWER, s2|rpc:localhost:35799|admin:localhost:42661|client:localhost:42851|dataStream:localhost:38965|priority:0|startupRole:FOLLOWER]|listeners:[], old=null RUNNING
	at org.apache.ratis.server.impl.MiniRaftCluster.newIllegalStateExceptionForNoLeaders(MiniRaftCluster.java:581)
	at org.apache.ratis.RaftTestUtil.lambda$waitForLeader$1(RaftTestUtil.java:104)
	at org.apache.ratis.server.impl.MiniRaftCluster.getLeader(MiniRaftCluster.java:615)
	at org.apache.ratis.server.impl.MiniRaftCluster.getLeader(MiniRaftCluster.java:608)
	at org.apache.ratis.RaftTestUtil.lambda$waitForLeader$3(RaftTestUtil.java:112)
	at org.apache.ratis.util.JavaUtils.attempt(JavaUtils.java:211)
	at org.apache.ratis.util.JavaUtils.attemptRepeatedly(JavaUtils.java:197)
	at org.apache.ratis.RaftTestUtil.waitForLeader(RaftTestUtil.java:111)
	at org.apache.ratis.RaftTestUtil.waitForLeader(RaftTestUtil.java:92)
	at org.apache.ratis.RaftTestUtil.waitForLeader(RaftTestUtil.java:87)
	at org.apache.ratis.server.impl.RaftStateMachineExceptionTests.runTestRetryOnStateMachineException(RaftStateMachineExceptionTests.java:106)
	at org.apache.ratis.server.impl.MiniRaftCluster$Factory$Get.runWithNewCluster(MiniRaftCluster.java:141)
	at org.apache.ratis.server.impl.MiniRaftCluster$Factory$Get.runWithNewCluster(MiniRaftCluster.java:121)
	at org.apache.ratis.server.impl.RaftStateMachineExceptionTests.testRetryOnStateMachineException(RaftStateMachineExceptionTests.java:102)
	at java.base/jdk.internal.reflect.NativeMethodAccessorImpl.invoke0(Native Method)
	at java.base/jdk.internal.reflect.NativeMethodAccessorImpl.invoke(NativeMethodAccessorImpl.java:62)
	at java.base/jdk.internal.reflect.DelegatingMethodAccessorImpl.invoke(DelegatingMethodAccessorImpl.java:43)
	at java.base/java.lang.reflect.Method.invoke(Method.java:566)
	at org.junit.runners.model.FrameworkMethod$1.runReflectiveCall(FrameworkMethod.java:59)
	at org.junit.internal.runners.model.ReflectiveCallable.run(ReflectiveCallable.java:12)
	at org.junit.runners.model.FrameworkMethod.invokeExplosively(FrameworkMethod.java:56)
	at org.junit.internal.runners.statements.InvokeMethod.evaluate(InvokeMethod.java:17)
	at org.junit.internal.runners.statements.RunAfters.evaluate(RunAfters.java:27)
	at org.junit.internal.runners.statements.FailOnTimeout$CallableStatement.call(FailOnTimeout.java:299)
	at org.junit.internal.runners.statements.FailOnTimeout$CallableStatement.call(FailOnTimeout.java:293)
	at java.base/java.util.concurrent.FutureTask.run(FutureTask.java:264)
	at java.base/java.lang.Thread.run(Thread.java:829)
2023-04-11 14:12:37,791 [s2@group-D54832D7F2F9-FollowerState] INFO  impl.FollowerState (FollowerState.java:run(143)) - s2@group-D54832D7F2F9-FollowerState: change to CANDIDATE, lastRpcElapsedTime:206721791ns, electionTimeout:204ms
2023-04-11 14:12:37,791 [s2@group-D54832D7F2F9-FollowerState] INFO  impl.RoleInfo (RoleInfo.java:shutdownFollowerState(110)) - s2: shutdown s2@group-D54832D7F2F9-FollowerState
2023-04-11 14:12:37,791 [s2@group-D54832D7F2F9-FollowerState] INFO  server.RaftServer$Division (RaftServerImpl.java:setRole(329)) - s2@group-D54832D7F2F9: changes role from  FOLLOWER to CANDIDATE at term 1 for changeToCandidate
2023-04-11 14:12:37,792 [s2@group-D54832D7F2F9-FollowerState] INFO  server.RaftServerConfigKeys (ConfUtils.java:logGet(46)) - raft.server.leaderelection.pre-vote = true (default)
2023-04-11 14:12:37,792 [s2@group-D54832D7F2F9-FollowerState] INFO  impl.RoleInfo (RoleInfo.java:updateAndGet(139)) - s2: start s2@group-D54832D7F2F9-LeaderElection4
2023-04-11 14:12:37,792 [s2@group-D54832D7F2F9-LeaderElection4] INFO  impl.LeaderElection (LeaderElection.java:askForVotes(320)) - s2@group-D54832D7F2F9-LeaderElection4 PRE_VOTE round 0: submit vote requests at term 1 for -1: peers:[s0|rpc:localhost:36377|admin:localhost:43981|client:localhost:45773|dataStream:localhost:44659|priority:0|startupRole:FOLLOWER, s1|rpc:localhost:41593|admin:localhost:33009|client:localhost:40657|dataStream:localhost:39887|priority:0|startupRole:FOLLOWER, s2|rpc:localhost:35799|admin:localhost:42661|client:localhost:42851|dataStream:localhost:38965|priority:0|startupRole:FOLLOWER]|listeners:[], old=null
2023-04-11 14:12:37,793 [HandlerDaemon-1] INFO  server.RaftServer$Division (RaftServerImpl.java:requestVote(1303)) - s0@group-D54832D7F2F9: receive requestVote(PRE_VOTE, s2, group-D54832D7F2F9, 1, (t:0, i:0))
2023-04-11 14:12:37,794 [HandlerDaemon-1] INFO  impl.VoteContext (VoteContext.java:log(49)) - s0@group-D54832D7F2F9-FOLLOWER: accept PRE_VOTE from s2: our priority 0 <= candidate's priority 0
2023-04-11 14:12:37,794 [HandlerDaemon-0] INFO  server.RaftServer$Division (RaftServerImpl.java:requestVote(1303)) - s1@group-D54832D7F2F9: receive requestVote(PRE_VOTE, s2, group-D54832D7F2F9, 1, (t:0, i:0))
2023-04-11 14:12:37,795 [HandlerDaemon-0] INFO  impl.VoteContext (VoteContext.java:log(49)) - s1@group-D54832D7F2F9-FOLLOWER: accept PRE_VOTE from s2: our priority 0 <= candidate's priority 0
2023-04-11 14:12:37,795 [HandlerDaemon-1] INFO  server.RaftServer$Division (RaftServerImpl.java:requestVote(1336)) - s0@group-D54832D7F2F9 replies to PRE_VOTE vote request: s2<-s0#0:OK-t1. Peer's state: s0@group-D54832D7F2F9:t1, leader=null, voted=s0, raftlog=Memoized:s0@group-D54832D7F2F9-SegmentedRaftLog:OPENED:c-1, conf=-1: peers:[s0|rpc:localhost:36377|admin:localhost:43981|client:localhost:45773|dataStream:localhost:44659|priority:0|startupRole:FOLLOWER, s1|rpc:localhost:41593|admin:localhost:33009|client:localhost:40657|dataStream:localhost:39887|priority:0|startupRole:FOLLOWER, s2|rpc:localhost:35799|admin:localhost:42661|client:localhost:42851|dataStream:localhost:38965|priority:0|startupRole:FOLLOWER]|listeners:[], old=null
2023-04-11 14:12:37,796 [HandlerDaemon-0] INFO  server.RaftServer$Division (RaftServerImpl.java:requestVote(1336)) - s1@group-D54832D7F2F9 replies to PRE_VOTE vote request: s2<-s1#0:OK-t1. Peer's state: s1@group-D54832D7F2F9:t1, leader=null, voted=s1, raftlog=Memoized:s1@group-D54832D7F2F9-SegmentedRaftLog:OPENED:c-1, conf=-1: peers:[s0|rpc:localhost:36377|admin:localhost:43981|client:localhost:45773|dataStream:localhost:44659|priority:0|startupRole:FOLLOWER, s1|rpc:localhost:41593|admin:localhost:33009|client:localhost:40657|dataStream:localhost:39887|priority:0|startupRole:FOLLOWER, s2|rpc:localhost:35799|admin:localhost:42661|client:localhost:42851|dataStream:localhost:38965|priority:0|startupRole:FOLLOWER]|listeners:[], old=null
2023-04-11 14:12:37,808 [s2@group-D54832D7F2F9-LeaderElection4] INFO  impl.LeaderElection (LeaderElection.java:logAndReturn(89)) - s2@group-D54832D7F2F9-LeaderElection4: PRE_VOTE PASSED received 1 response(s) and 0 exception(s):
2023-04-11 14:12:37,808 [s2@group-D54832D7F2F9-LeaderElection4] INFO  impl.LeaderElection (LeaderElection.java:logAndReturn(93)) -   Response 0: s2<-s0#0:OK-t1
2023-04-11 14:12:37,808 [s2@group-D54832D7F2F9-LeaderElection4] INFO  impl.LeaderElection (LeaderElection.java:askForVotes(322)) - s2@group-D54832D7F2F9-LeaderElection4 PRE_VOTE round 0: result PASSED
2023-04-11 14:12:37,810 [s2@group-D54832D7F2F9-LeaderElection4] INFO  impl.LeaderElection (LeaderElection.java:askForVotes(320)) - s2@group-D54832D7F2F9-LeaderElection4 ELECTION round 0: submit vote requests at term 2 for -1: peers:[s0|rpc:localhost:36377|admin:localhost:43981|client:localhost:45773|dataStream:localhost:44659|priority:0|startupRole:FOLLOWER, s1|rpc:localhost:41593|admin:localhost:33009|client:localhost:40657|dataStream:localhost:39887|priority:0|startupRole:FOLLOWER, s2|rpc:localhost:35799|admin:localhost:42661|client:localhost:42851|dataStream:localhost:38965|priority:0|startupRole:FOLLOWER]|listeners:[], old=null
2023-04-11 14:12:37,811 [HandlerDaemon-0] INFO  server.RaftServer$Division (RaftServerImpl.java:requestVote(1303)) - s0@group-D54832D7F2F9: receive requestVote(ELECTION, s2, group-D54832D7F2F9, 2, (t:0, i:0))
2023-04-11 14:12:37,811 [HandlerDaemon-0] INFO  impl.VoteContext (VoteContext.java:log(49)) - s0@group-D54832D7F2F9-FOLLOWER: accept ELECTION from s2: our priority 0 <= candidate's priority 0
2023-04-11 14:12:37,812 [HandlerDaemon-0] INFO  server.RaftServer$Division (RaftServerImpl.java:setRole(329)) - s0@group-D54832D7F2F9: changes role from  FOLLOWER to FOLLOWER at term 2 for candidate:s2
2023-04-11 14:12:37,812 [HandlerDaemon-0] INFO  impl.RoleInfo (RoleInfo.java:shutdownFollowerState(110)) - s0: shutdown s0@group-D54832D7F2F9-FollowerState
2023-04-11 14:12:37,812 [HandlerDaemon-0] INFO  impl.RoleInfo (RoleInfo.java:updateAndGet(139)) - s0: start s0@group-D54832D7F2F9-FollowerState
2023-04-11 14:12:37,812 [s0@group-D54832D7F2F9-FollowerState] INFO  impl.FollowerState (FollowerState.java:run(152)) - s0@group-D54832D7F2F9-FollowerState was interrupted
2023-04-11 14:12:37,813 [HandlerDaemon-0] INFO  server.RaftServer$Division (RaftServerImpl.java:requestVote(1336)) - s0@group-D54832D7F2F9 replies to ELECTION vote request: s2<-s0#0:OK-t2. Peer's state: s0@group-D54832D7F2F9:t2, leader=null, voted=s2, raftlog=Memoized:s0@group-D54832D7F2F9-SegmentedRaftLog:OPENED:c-1, conf=-1: peers:[s0|rpc:localhost:36377|admin:localhost:43981|client:localhost:45773|dataStream:localhost:44659|priority:0|startupRole:FOLLOWER, s1|rpc:localhost:41593|admin:localhost:33009|client:localhost:40657|dataStream:localhost:39887|priority:0|startupRole:FOLLOWER, s2|rpc:localhost:35799|admin:localhost:42661|client:localhost:42851|dataStream:localhost:38965|priority:0|startupRole:FOLLOWER]|listeners:[], old=null
2023-04-11 14:12:37,815 [HandlerDaemon-2] INFO  server.RaftServer$Division (RaftServerImpl.java:requestVote(1303)) - s1@group-D54832D7F2F9: receive requestVote(ELECTION, s2, group-D54832D7F2F9, 2, (t:0, i:0))
2023-04-11 14:12:37,816 [HandlerDaemon-2] INFO  impl.VoteContext (VoteContext.java:log(49)) - s1@group-D54832D7F2F9-FOLLOWER: accept ELECTION from s2: our priority 0 <= candidate's priority 0
2023-04-11 14:12:37,816 [HandlerDaemon-2] INFO  server.RaftServer$Division (RaftServerImpl.java:setRole(329)) - s1@group-D54832D7F2F9: changes role from  FOLLOWER to FOLLOWER at term 2 for candidate:s2
2023-04-11 14:12:37,816 [HandlerDaemon-2] INFO  impl.RoleInfo (RoleInfo.java:shutdownFollowerState(110)) - s1: shutdown s1@group-D54832D7F2F9-FollowerState
2023-04-11 14:12:37,816 [HandlerDaemon-2] INFO  impl.RoleInfo (RoleInfo.java:updateAndGet(139)) - s1: start s1@group-D54832D7F2F9-FollowerState
2023-04-11 14:12:37,816 [s1@group-D54832D7F2F9-FollowerState] INFO  impl.FollowerState (FollowerState.java:run(152)) - s1@group-D54832D7F2F9-FollowerState was interrupted
2023-04-11 14:12:37,821 [HandlerDaemon-2] INFO  server.RaftServer$Division (RaftServerImpl.java:requestVote(1336)) - s1@group-D54832D7F2F9 replies to ELECTION vote request: s2<-s1#0:OK-t2. Peer's state: s1@group-D54832D7F2F9:t2, leader=null, voted=s2, raftlog=Memoized:s1@group-D54832D7F2F9-SegmentedRaftLog:OPENED:c-1, conf=-1: peers:[s0|rpc:localhost:36377|admin:localhost:43981|client:localhost:45773|dataStream:localhost:44659|priority:0|startupRole:FOLLOWER, s1|rpc:localhost:41593|admin:localhost:33009|client:localhost:40657|dataStream:localhost:39887|priority:0|startupRole:FOLLOWER, s2|rpc:localhost:35799|admin:localhost:42661|client:localhost:42851|dataStream:localhost:38965|priority:0|startupRole:FOLLOWER]|listeners:[], old=null
2023-04-11 14:12:37,831 [s2@group-D54832D7F2F9-LeaderElection4] INFO  impl.LeaderElection (LeaderElection.java:logAndReturn(89)) - s2@group-D54832D7F2F9-LeaderElection4: ELECTION PASSED received 1 response(s) and 0 exception(s):
2023-04-11 14:12:37,831 [s2@group-D54832D7F2F9-LeaderElection4] INFO  impl.LeaderElection (LeaderElection.java:logAndReturn(93)) -   Response 0: s2<-s0#0:OK-t2
2023-04-11 14:12:37,831 [s2@group-D54832D7F2F9-LeaderElection4] INFO  impl.LeaderElection (LeaderElection.java:askForVotes(322)) - s2@group-D54832D7F2F9-LeaderElection4 ELECTION round 0: result PASSED
2023-04-11 14:12:37,831 [s2@group-D54832D7F2F9-LeaderElection4] INFO  impl.RoleInfo (RoleInfo.java:shutdownLeaderElection(130)) - s2: shutdown s2@group-D54832D7F2F9-LeaderElection4
2023-04-11 14:12:37,831 [s2@group-D54832D7F2F9-LeaderElection4] INFO  server.RaftServer$Division (RaftServerImpl.java:setRole(329)) - s2@group-D54832D7F2F9: changes role from CANDIDATE to LEADER at term 2 for changeToLeader
2023-04-11 14:12:37,831 [s2@group-D54832D7F2F9-LeaderElection4] INFO  server.RaftServer$Division (ServerState.java:setLeader(260)) - s2@group-D54832D7F2F9: change Leader from null to s2 at term 2 for becomeLeader, leader elected after 995ms
2023-04-11 14:12:37,851 [s2@group-D54832D7F2F9-LeaderElection4] INFO  server.RaftServerConfigKeys (ConfUtils.java:logGet(46)) - raft.server.staging.catchup.gap = 1000 (default)
2023-04-11 14:12:37,855 [s2@group-D54832D7F2F9-LeaderElection4] INFO  server.RaftServerConfigKeys (ConfUtils.java:logGet(46)) - raft.server.write.element-limit = 4096 (default)
2023-04-11 14:12:37,862 [s2@group-D54832D7F2F9-LeaderElection4] INFO  server.RaftServerConfigKeys (ConfUtils.java:logGet(46)) - raft.server.write.byte-limit = 64MB (=67108864) (default)
2023-04-11 14:12:37,865 [s2@group-D54832D7F2F9-LeaderElection4] INFO  server.RaftServerConfigKeys (ConfUtils.java:logGet(46)) - raft.server.watch.timeout = 10s (default)
2023-04-11 14:12:37,870 [s2@group-D54832D7F2F9-LeaderElection4] INFO  server.RaftServerConfigKeys (ConfUtils.java:logGet(46)) - raft.server.watch.timeout.denomination = 1s (default)
2023-04-11 14:12:37,870 [s2@group-D54832D7F2F9-LeaderElection4] INFO  server.RaftServerConfigKeys (ConfUtils.java:logGet(46)) - raft.server.watch.element-limit = 65536 (default)
2023-04-11 14:12:37,876 [s2@group-D54832D7F2F9-LeaderElection4] INFO  server.RaftServerConfigKeys (ConfUtils.java:logGet(46)) - raft.server.write.element-limit = 4096 (default)
2023-04-11 14:12:37,877 [s2@group-D54832D7F2F9-LeaderElection4] INFO  server.RaftServerConfigKeys (ConfUtils.java:logGet(46)) - raft.server.write.follower.gap.ratio.max = -1.0 (default)
2023-04-11 14:12:37,889 [s2@group-D54832D7F2F9-LeaderElection4] INFO  server.RaftServerConfigKeys (ConfUtils.java:logGet(46)) - raft.server.log.appender.snapshot.chunk.size.max = 16MB (=16777216) (default)
2023-04-11 14:12:37,889 [s2@group-D54832D7F2F9-LeaderElection4] INFO  server.RaftServerConfigKeys (ConfUtils.java:logGet(46)) - raft.server.log.appender.buffer.byte-limit = 4MB (=4194304) (default)
2023-04-11 14:12:37,889 [s2@group-D54832D7F2F9-LeaderElection4] INFO  server.RaftServerConfigKeys (ConfUtils.java:logGet(46)) - raft.server.log.appender.buffer.element-limit = 0 (default)
2023-04-11 14:12:37,893 [s2@group-D54832D7F2F9-LeaderElection4] INFO  server.RaftServerConfigKeys (ConfUtils.java:logGet(46)) - raft.server.log.appender.wait-time.min = 10ms (default)
2023-04-11 14:12:37,894 [s2@group-D54832D7F2F9-LeaderElection4] INFO  server.RaftServerConfigKeys (ConfUtils.java:logGet(46)) - raft.server.log.appender.snapshot.chunk.size.max = 16MB (=16777216) (default)
2023-04-11 14:12:37,894 [s2@group-D54832D7F2F9-LeaderElection4] INFO  server.RaftServerConfigKeys (ConfUtils.java:logGet(46)) - raft.server.log.appender.buffer.byte-limit = 4MB (=4194304) (default)
2023-04-11 14:12:37,894 [s2@group-D54832D7F2F9-LeaderElection4] INFO  server.RaftServerConfigKeys (ConfUtils.java:logGet(46)) - raft.server.log.appender.buffer.element-limit = 0 (default)
2023-04-11 14:12:37,895 [s2@group-D54832D7F2F9-LeaderElection4] INFO  server.RaftServerConfigKeys (ConfUtils.java:logGet(46)) - raft.server.log.appender.wait-time.min = 10ms (default)
2023-04-11 14:12:37,895 [s2@group-D54832D7F2F9-LeaderElection4] INFO  impl.RoleInfo (RoleInfo.java:updateAndGet(139)) - s2: start s2@group-D54832D7F2F9-LeaderStateImpl
2023-04-11 14:12:37,907 [s2@group-D54832D7F2F9-LeaderElection4] DEBUG raftlog.RaftLog (SegmentedRaftLog.java:appendImpl(447)) - truncateIndex=-1, arrayIndex=0
2023-04-11 14:12:37,910 [s2@group-D54832D7F2F9-LeaderElection4] INFO  segmented.SegmentedRaftLogWorker (SegmentedRaftLogWorker.java:startLogSegment(426)) - s2@group-D54832D7F2F9-SegmentedRaftLogWorker: Starting segment from index:0
2023-04-11 14:12:37,940 [s2@group-D54832D7F2F9-LeaderElection4] INFO  server.RaftServer$Division (ServerState.java:setRaftConf(377)) - s2@group-D54832D7F2F9: set configuration 0: peers:[s0|rpc:localhost:36377|admin:localhost:43981|client:localhost:45773|dataStream:localhost:44659|priority:0|startupRole:FOLLOWER, s1|rpc:localhost:41593|admin:localhost:33009|client:localhost:40657|dataStream:localhost:39887|priority:0|startupRole:FOLLOWER, s2|rpc:localhost:35799|admin:localhost:42661|client:localhost:42851|dataStream:localhost:38965|priority:0|startupRole:FOLLOWER]|listeners:[], old=null
2023-04-11 14:12:37,945 [HandlerDaemon-1] INFO  server.RaftServer$Division (ServerState.java:setLeader(260)) - s1@group-D54832D7F2F9: change Leader from null to s2 at term 2 for appendEntries, leader elected after 1114ms
2023-04-11 14:12:37,954 [HandlerDaemon-2] INFO  server.RaftServer$Division (ServerState.java:setLeader(260)) - s0@group-D54832D7F2F9: change Leader from null to s2 at term 2 for appendEntries, leader elected after 1114ms
2023-04-11 14:12:38,023 [s2@group-D54832D7F2F9-SegmentedRaftLogWorker] INFO  segmented.SegmentedRaftLogWorker (SegmentedRaftLogWorker.java:execute(630)) - s2@group-D54832D7F2F9-SegmentedRaftLogWorker: created new log segment /home/runner/work/ratis/ratis/ratis-test/target/test/data/6a86d74c/MiniRaftClusterWithSimulatedRpcbbcfd77a/s2/d83a9636-dc20-43c4-9d91-d54832d7f2f9/current/log_inprogress_0
2023-04-11 14:12:38,073 [HandlerDaemon-1] DEBUG server.RaftServer$Division (RaftServerImpl.java:logAppendEntries(1430)) - s0@group-D54832D7F2F9: receive appendEntries(s2, 2, null, -1, true, commits:[s2:c-1, s0:c-1, s1:c-1], cId:4, entries: [(t:2, i:0), CONFIGURATIONENTRY(current:id: "s0"
address: "localhost:36377"
dataStreamAddress: "localhost:44659"
clientAddress: "localhost:45773"
adminAddress: "localhost:43981"
startupRole: FOLLOWER
,id: "s1"
address: "localhost:41593"
dataStreamAddress: "localhost:39887"
clientAddress: "localhost:40657"
adminAddress: "localhost:33009"
startupRole: FOLLOWER
,id: "s2"
address: "localhost:35799"
dataStreamAddress: "localhost:38965"
clientAddress: "localhost:42851"
adminAddress: "localhost:42661"
startupRole: FOLLOWER
, old:)]
2023-04-11 14:12:38,073 [HandlerDaemon-0] DEBUG server.RaftServer$Division (RaftServerImpl.java:logAppendEntries(1430)) - s1@group-D54832D7F2F9: receive appendEntries(s2, 2, null, -1, true, commits:[s2:c-1, s0:c-1, s1:c-1], cId:5, entries: [(t:2, i:0), CONFIGURATIONENTRY(current:id: "s0"
address: "localhost:36377"
dataStreamAddress: "localhost:44659"
clientAddress: "localhost:45773"
adminAddress: "localhost:43981"
startupRole: FOLLOWER
,id: "s1"
address: "localhost:41593"
dataStreamAddress: "localhost:39887"
clientAddress: "localhost:40657"
adminAddress: "localhost:33009"
startupRole: FOLLOWER
,id: "s2"
address: "localhost:35799"
dataStreamAddress: "localhost:38965"
clientAddress: "localhost:42851"
adminAddress: "localhost:42661"
startupRole: FOLLOWER
, old:)]
2023-04-11 14:12:38,074 [HandlerDaemon-1] INFO  server.RaftServer$Division (ServerState.java:setRaftConf(377)) - s0@group-D54832D7F2F9: set configuration 0: peers:[s0|rpc:localhost:36377|admin:localhost:43981|client:localhost:45773|dataStream:localhost:44659|priority:0|startupRole:FOLLOWER, s1|rpc:localhost:41593|admin:localhost:33009|client:localhost:40657|dataStream:localhost:39887|priority:0|startupRole:FOLLOWER, s2|rpc:localhost:35799|admin:localhost:42661|client:localhost:42851|dataStream:localhost:38965|priority:0|startupRole:FOLLOWER]|listeners:[], old=null
2023-04-11 14:12:38,076 [HandlerDaemon-0] INFO  server.RaftServer$Division (ServerState.java:setRaftConf(377)) - s1@group-D54832D7F2F9: set configuration 0: peers:[s0|rpc:localhost:36377|admin:localhost:43981|client:localhost:45773|dataStream:localhost:44659|priority:0|startupRole:FOLLOWER, s1|rpc:localhost:41593|admin:localhost:33009|client:localhost:40657|dataStream:localhost:39887|priority:0|startupRole:FOLLOWER, s2|rpc:localhost:35799|admin:localhost:42661|client:localhost:42851|dataStream:localhost:38965|priority:0|startupRole:FOLLOWER]|listeners:[], old=null
2023-04-11 14:12:38,076 [HandlerDaemon-1] DEBUG raftlog.RaftLog (SegmentedRaftLog.java:appendImpl(447)) - truncateIndex=-1, arrayIndex=0
2023-04-11 14:12:38,076 [HandlerDaemon-0] DEBUG raftlog.RaftLog (SegmentedRaftLog.java:appendImpl(447)) - truncateIndex=-1, arrayIndex=0
2023-04-11 14:12:38,077 [HandlerDaemon-1] INFO  segmented.SegmentedRaftLogWorker (SegmentedRaftLogWorker.java:startLogSegment(426)) - s0@group-D54832D7F2F9-SegmentedRaftLogWorker: Starting segment from index:0
2023-04-11 14:12:38,077 [HandlerDaemon-0] INFO  segmented.SegmentedRaftLogWorker (SegmentedRaftLogWorker.java:startLogSegment(426)) - s1@group-D54832D7F2F9-SegmentedRaftLogWorker: Starting segment from index:0
2023-04-11 14:12:38,096 [s0@group-D54832D7F2F9-SegmentedRaftLogWorker] INFO  segmented.SegmentedRaftLogWorker (SegmentedRaftLogWorker.java:execute(630)) - s0@group-D54832D7F2F9-SegmentedRaftLogWorker: created new log segment /home/runner/work/ratis/ratis/ratis-test/target/test/data/6a86d74c/MiniRaftClusterWithSimulatedRpcbbcfd77a/s0/d83a9636-dc20-43c4-9d91-d54832d7f2f9/current/log_inprogress_0
2023-04-11 14:12:38,097 [s1@group-D54832D7F2F9-SegmentedRaftLogWorker] INFO  segmented.SegmentedRaftLogWorker (SegmentedRaftLogWorker.java:execute(630)) - s1@group-D54832D7F2F9-SegmentedRaftLogWorker: created new log segment /home/runner/work/ratis/ratis/ratis-test/target/test/data/6a86d74c/MiniRaftClusterWithSimulatedRpcbbcfd77a/s1/d83a9636-dc20-43c4-9d91-d54832d7f2f9/current/log_inprogress_0
2023-04-11 14:12:38,098 [s0-server-thread1] DEBUG server.RaftServer$Division (RaftServerImpl.java:logAppendEntries(1430)) - s0@group-D54832D7F2F9: succeeded to handle AppendEntries. Reply: s2<-s0#4:OK-t2,SUCCESS,nextIndex=1,followerCommit=-1,matchIndex=0
2023-04-11 14:12:38,098 [s1-server-thread1] DEBUG server.RaftServer$Division (RaftServerImpl.java:logAppendEntries(1430)) - s1@group-D54832D7F2F9: succeeded to handle AppendEntries. Reply: s2<-s1#5:OK-t2,SUCCESS,nextIndex=1,followerCommit=-1,matchIndex=0
2023-04-11 14:12:38,231 [Time-limited test] INFO  ratis.RaftTestUtil (RaftTestUtil.java:waitForLeader(119)) - printing ALL groups
  s0:  RUNNING  FOLLOWER s0@group-D54832D7F2F9:t2, leader=s2, voted=s2, raftlog=Memoized:s0@group-D54832D7F2F9-SegmentedRaftLog:OPENED:c0, conf=0: peers:[s0|rpc:localhost:36377|admin:localhost:43981|client:localhost:45773|dataStream:localhost:44659|priority:0|startupRole:FOLLOWER, s1|rpc:localhost:41593|admin:localhost:33009|client:localhost:40657|dataStream:localhost:39887|priority:0|startupRole:FOLLOWER, s2|rpc:localhost:35799|admin:localhost:42661|client:localhost:42851|dataStream:localhost:38965|priority:0|startupRole:FOLLOWER]|listeners:[], old=null RUNNING
  s1:  RUNNING  FOLLOWER s1@group-D54832D7F2F9:t2, leader=s2, voted=s2, raftlog=Memoized:s1@group-D54832D7F2F9-SegmentedRaftLog:OPENED:c0, conf=0: peers:[s0|rpc:localhost:36377|admin:localhost:43981|client:localhost:45773|dataStream:localhost:44659|priority:0|startupRole:FOLLOWER, s1|rpc:localhost:41593|admin:localhost:33009|client:localhost:40657|dataStream:localhost:39887|priority:0|startupRole:FOLLOWER, s2|rpc:localhost:35799|admin:localhost:42661|client:localhost:42851|dataStream:localhost:38965|priority:0|startupRole:FOLLOWER]|listeners:[], old=null RUNNING
  s2:  RUNNING    LEADER s2@group-D54832D7F2F9:t2, leader=s2, voted=s2, raftlog=Memoized:s2@group-D54832D7F2F9-SegmentedRaftLog:OPENED:c0, conf=0: peers:[s0|rpc:localhost:36377|admin:localhost:43981|client:localhost:45773|dataStream:localhost:44659|priority:0|startupRole:FOLLOWER, s1|rpc:localhost:41593|admin:localhost:33009|client:localhost:40657|dataStream:localhost:39887|priority:0|startupRole:FOLLOWER, s2|rpc:localhost:35799|admin:localhost:42661|client:localhost:42851|dataStream:localhost:38965|priority:0|startupRole:FOLLOWER]|listeners:[], old=null RUNNING
2023-04-11 14:12:38,235 [Time-limited test] DEBUG client.RaftClient (ConfUtils.java:logGet(46)) - raft.rpc.type = org.apache.ratis.server.simulation.SimulatedRpc (custom)
2023-04-11 14:12:38,254 [s2-client-thread1] DEBUG server.RaftServer$Division (RaftServerImpl.java:submitClientRequestAsync(839)) - s2@group-D54832D7F2F9: receive client request(RaftClientRequest:client-E236068A0BCE->s2@group-D54832D7F2F9, cid=10, seq=0, RW, first msg to make leader ready)
2023-04-11 14:12:38,279 [s2-client-thread1] DEBUG server.RaftServer$Division (LeaderStateImpl.java:addPendingRequest(477)) - s2@group-D54832D7F2F9-LeaderStateImpl: addPendingRequest at RaftClientRequest:client-E236068A0BCE->s2@group-D54832D7F2F9, cid=10, seq=0, RW, first msg to make leader ready, entry=(t:2, i:1), STATEMACHINELOGENTRY, 10@client-E236068A0BCE
2023-04-11 14:12:38,280 [HandlerDaemon-1] DEBUG server.RaftServer$Division (RaftServerImpl.java:logAppendEntries(1430)) - s1@group-D54832D7F2F9: receive appendEntries(s2, 2, (t:2, i:0), 0, true, commits:[s2:c0, s0:c0, s1:c0], cId:11, entries: [(t:2, i:1), STATEMACHINELOGENTRY, 10@client-E236068A0BCE]
2023-04-11 14:12:38,280 [HandlerDaemon-2] DEBUG server.RaftServer$Division (RaftServerImpl.java:logAppendEntries(1430)) - s0@group-D54832D7F2F9: receive appendEntries(s2, 2, (t:2, i:0), 0, true, commits:[s2:c0, s0:c0, s1:c0], cId:12, entries: [(t:2, i:1), STATEMACHINELOGENTRY, 10@client-E236068A0BCE]
2023-04-11 14:12:38,281 [HandlerDaemon-1] DEBUG raftlog.RaftLog (SegmentedRaftLog.java:appendImpl(447)) - truncateIndex=-1, arrayIndex=0
2023-04-11 14:12:38,281 [HandlerDaemon-2] DEBUG raftlog.RaftLog (SegmentedRaftLog.java:appendImpl(447)) - truncateIndex=-1, arrayIndex=0
2023-04-11 14:12:38,282 [s1-server-thread1] DEBUG server.RaftServer$Division (RaftServerImpl.java:logAppendEntries(1430)) - s1@group-D54832D7F2F9: succeeded to handle AppendEntries. Reply: s2<-s1#11:OK-t2,SUCCESS,nextIndex=2,followerCommit=0,matchIndex=1
2023-04-11 14:12:38,282 [s0-server-thread1] DEBUG server.RaftServer$Division (RaftServerImpl.java:logAppendEntries(1430)) - s0@group-D54832D7F2F9: succeeded to handle AppendEntries. Reply: s2<-s0#12:OK-t2,SUCCESS,nextIndex=2,followerCommit=0,matchIndex=1
2023-04-11 14:12:38,304 [HandlerDaemon-1] DEBUG server.RaftServer$Division (RaftServerImpl.java:logAppendEntries(1430)) - s0@group-D54832D7F2F9: receive appendEntries(s2, 2, (t:2, i:1), 1, true, commits:[s2:c1, s0:c0, s1:c0], cId:13, entries: [(t:2, i:2), METADATAENTRY(c:1)]
2023-04-11 14:12:38,305 [HandlerDaemon-1] DEBUG raftlog.RaftLog (SegmentedRaftLog.java:appendImpl(447)) - truncateIndex=-1, arrayIndex=0
2023-04-11 14:12:38,305 [HandlerDaemon-0] DEBUG server.RaftServer$Division (RaftServerImpl.java:logAppendEntries(1430)) - s1@group-D54832D7F2F9: receive appendEntries(s2, 2, (t:2, i:1), 1, true, commits:[s2:c1, s0:c0, s1:c0], cId:14, entries: [(t:2, i:2), METADATAENTRY(c:1)]
2023-04-11 14:12:38,305 [HandlerDaemon-0] DEBUG raftlog.RaftLog (SegmentedRaftLog.java:appendImpl(447)) - truncateIndex=-1, arrayIndex=0
2023-04-11 14:12:38,306 [s0-server-thread1] DEBUG server.RaftServer$Division (RaftServerImpl.java:logAppendEntries(1430)) - s0@group-D54832D7F2F9: succeeded to handle AppendEntries. Reply: s2<-s0#13:OK-t2,SUCCESS,nextIndex=3,followerCommit=1,matchIndex=2
2023-04-11 14:12:38,306 [s1-server-thread1] DEBUG server.RaftServer$Division (RaftServerImpl.java:logAppendEntries(1430)) - s1@group-D54832D7F2F9: succeeded to handle AppendEntries. Reply: s2<-s1#14:OK-t2,SUCCESS,nextIndex=3,followerCommit=1,matchIndex=2
2023-04-11 14:12:38,323 [Time-limited test] DEBUG client.RaftClient (ConfUtils.java:logGet(46)) - raft.rpc.type = org.apache.ratis.server.simulation.SimulatedRpc (custom)
2023-04-11 14:12:38,323 [s2-client-thread1] DEBUG server.RaftServer$Division (RaftServerImpl.java:submitClientRequestAsync(839)) - s2@group-D54832D7F2F9: receive client request(RaftClientRequest:client-B1C47EFE32C9->s2@group-D54832D7F2F9, cid=999, seq=0, RW, message)
2023-04-11 14:12:38,324 [s2-client-thread1] DEBUG server.RaftServer$Division (LeaderStateImpl.java:addPendingRequest(477)) - s2@group-D54832D7F2F9-LeaderStateImpl: addPendingRequest at RaftClientRequest:client-B1C47EFE32C9->s2@group-D54832D7F2F9, cid=999, seq=0, RW, message, entry=(t:2, i:3), STATEMACHINELOGENTRY, 999@client-B1C47EFE32C9
2023-04-11 14:12:38,325 [HandlerDaemon-0] DEBUG server.RaftServer$Division (RaftServerImpl.java:logAppendEntries(1430)) - s0@group-D54832D7F2F9: receive appendEntries(s2, 2, (t:2, i:2), 2, true, commits:[s2:c2, s0:c1, s1:c0], cId:15, entries: [(t:2, i:3), STATEMACHINELOGENTRY, 999@client-B1C47EFE32C9]
2023-04-11 14:12:38,325 [HandlerDaemon-0] DEBUG raftlog.RaftLog (SegmentedRaftLog.java:appendImpl(447)) - truncateIndex=-1, arrayIndex=0
2023-04-11 14:12:38,326 [HandlerDaemon-2] DEBUG server.RaftServer$Division (RaftServerImpl.java:logAppendEntries(1430)) - s1@group-D54832D7F2F9: receive appendEntries(s2, 2, (t:2, i:2), 2, true, commits:[s2:c2, s0:c1, s1:c1], cId:16, entries: [(t:2, i:3), STATEMACHINELOGENTRY, 999@client-B1C47EFE32C9]
2023-04-11 14:12:38,327 [HandlerDaemon-2] DEBUG raftlog.RaftLog (SegmentedRaftLog.java:appendImpl(447)) - truncateIndex=-1, arrayIndex=0
2023-04-11 14:12:38,327 [s0-server-thread1] DEBUG server.RaftServer$Division (RaftServerImpl.java:logAppendEntries(1430)) - s0@group-D54832D7F2F9: succeeded to handle AppendEntries. Reply: s2<-s0#15:OK-t2,SUCCESS,nextIndex=4,followerCommit=2,matchIndex=3
2023-04-11 14:12:38,328 [s1-server-thread1] DEBUG server.RaftServer$Division (RaftServerImpl.java:logAppendEntries(1430)) - s1@group-D54832D7F2F9: succeeded to handle AppendEntries. Reply: s2<-s1#16:OK-t2,SUCCESS,nextIndex=4,followerCommit=2,matchIndex=3
2023-04-11 14:12:38,339 [HandlerDaemon-2] DEBUG server.RaftServer$Division (RaftServerImpl.java:logAppendEntries(1430)) - s0@group-D54832D7F2F9: receive appendEntries(s2, 2, (t:2, i:3), 3, true, commits:[s2:c3, s0:c2, s1:c1], cId:17, entries: [(t:2, i:4), METADATAENTRY(c:3)]
2023-04-11 14:12:38,339 [HandlerDaemon-2] DEBUG raftlog.RaftLog (SegmentedRaftLog.java:appendImpl(447)) - truncateIndex=-1, arrayIndex=0
2023-04-11 14:12:38,340 [s0-server-thread1] DEBUG server.RaftServer$Division (RaftServerImpl.java:logAppendEntries(1430)) - s0@group-D54832D7F2F9: succeeded to handle AppendEntries. Reply: s2<-s0#17:OK-t2,SUCCESS,nextIndex=5,followerCommit=3,matchIndex=4
2023-04-11 14:12:38,344 [HandlerDaemon-1] DEBUG server.RaftServer$Division (RaftServerImpl.java:logAppendEntries(1430)) - s1@group-D54832D7F2F9: receive appendEntries(s2, 2, (t:2, i:3), 3, true, commits:[s2:c3, s0:c2, s1:c2], cId:18, entries: [(t:2, i:4), METADATAENTRY(c:3)]
2023-04-11 14:12:38,344 [HandlerDaemon-1] DEBUG raftlog.RaftLog (SegmentedRaftLog.java:appendImpl(447)) - truncateIndex=-1, arrayIndex=0
2023-04-11 14:12:38,345 [s1-server-thread1] DEBUG server.RaftServer$Division (RaftServerImpl.java:logAppendEntries(1430)) - s1@group-D54832D7F2F9: succeeded to handle AppendEntries. Reply: s2<-s1#18:OK-t2,SUCCESS,nextIndex=5,followerCommit=3,matchIndex=4
2023-04-11 14:12:38,354 [s2-client-thread1] DEBUG server.RaftServer$Division (RaftServerImpl.java:submitClientRequestAsync(839)) - s2@group-D54832D7F2F9: receive client request(RaftClientRequest:client-B1C47EFE32C9->s2@group-D54832D7F2F9, cid=999, seq=0, RW, message)
2023-04-11 14:12:38,368 [s2-client-thread1] DEBUG server.RaftServer$Division (RaftServerImpl.java:submitClientRequestAsync(839)) - s2@group-D54832D7F2F9: receive client request(RaftClientRequest:client-B1C47EFE32C9->s2@group-D54832D7F2F9, cid=999, seq=0, RW, message)
2023-04-11 14:12:38,382 [s2-client-thread1] DEBUG server.RaftServer$Division (RaftServerImpl.java:submitClientRequestAsync(839)) - s2@group-D54832D7F2F9: receive client request(RaftClientRequest:client-B1C47EFE32C9->s2@group-D54832D7F2F9, cid=999, seq=0, RW, message)
2023-04-11 14:12:38,401 [s2-client-thread1] DEBUG server.RaftServer$Division (RaftServerImpl.java:submitClientRequestAsync(839)) - s2@group-D54832D7F2F9: receive client request(RaftClientRequest:client-B1C47EFE32C9->s2@group-D54832D7F2F9, cid=999, seq=0, RW, message)
2023-04-11 14:12:38,416 [s2-client-thread1] DEBUG server.RaftServer$Division (RaftServerImpl.java:submitClientRequestAsync(839)) - s2@group-D54832D7F2F9: receive client request(RaftClientRequest:client-B1C47EFE32C9->s2@group-D54832D7F2F9, cid=999, seq=0, RW, message)
2023-04-11 14:12:38,438 [Time-limited test] INFO  simulation.TestRaftStateMachineExceptionWithSimulatedRpc (RaftStateMachineExceptionTests.java:runTestRetryOnStateMachineException(130)) - check server s0
2023-04-11 14:12:38,439 [Time-limited test] INFO  simulation.TestRaftStateMachineExceptionWithSimulatedRpc (RaftStateMachineExceptionTests.java:runTestRetryOnStateMachineException(130)) - check server s1
2023-04-11 14:12:38,439 [Time-limited test] INFO  simulation.TestRaftStateMachineExceptionWithSimulatedRpc (RaftStateMachineExceptionTests.java:runTestRetryOnStateMachineException(130)) - check server s2
2023-04-11 14:12:38,439 [Time-limited test] INFO  impl.MiniRaftCluster (MiniRaftCluster.java:shutdown(831)) - ************************************************************** 
2023-04-11 14:12:38,439 [Time-limited test] INFO  impl.MiniRaftCluster (MiniRaftCluster.java:shutdown(832)) - *** 
2023-04-11 14:12:38,439 [Time-limited test] INFO  impl.MiniRaftCluster (MiniRaftCluster.java:shutdown(833)) - ***     Stopping MiniRaftClusterWithSimulatedRpc
2023-04-11 14:12:38,439 [Time-limited test] INFO  impl.MiniRaftCluster (MiniRaftCluster.java:shutdown(834)) - *** 
2023-04-11 14:12:38,439 [Time-limited test] INFO  impl.MiniRaftCluster (MiniRaftCluster.java:shutdown(835)) - ************************************************************** 
2023-04-11 14:12:38,440 [Time-limited test] INFO  impl.MiniRaftCluster (MiniRaftCluster.java:shutdown(836)) - printing ALL groups
  s0:  RUNNING  FOLLOWER s0@group-D54832D7F2F9:t2, leader=s2, voted=s2, raftlog=Memoized:s0@group-D54832D7F2F9-SegmentedRaftLog:OPENED:c4, conf=0: peers:[s0|rpc:localhost:36377|admin:localhost:43981|client:localhost:45773|dataStream:localhost:44659|priority:0|startupRole:FOLLOWER, s1|rpc:localhost:41593|admin:localhost:33009|client:localhost:40657|dataStream:localhost:39887|priority:0|startupRole:FOLLOWER, s2|rpc:localhost:35799|admin:localhost:42661|client:localhost:42851|dataStream:localhost:38965|priority:0|startupRole:FOLLOWER]|listeners:[], old=null RUNNING
  s1:  RUNNING  FOLLOWER s1@group-D54832D7F2F9:t2, leader=s2, voted=s2, raftlog=Memoized:s1@group-D54832D7F2F9-SegmentedRaftLog:OPENED:c4, conf=0: peers:[s0|rpc:localhost:36377|admin:localhost:43981|client:localhost:45773|dataStream:localhost:44659|priority:0|startupRole:FOLLOWER, s1|rpc:localhost:41593|admin:localhost:33009|client:localhost:40657|dataStream:localhost:39887|priority:0|startupRole:FOLLOWER, s2|rpc:localhost:35799|admin:localhost:42661|client:localhost:42851|dataStream:localhost:38965|priority:0|startupRole:FOLLOWER]|listeners:[], old=null RUNNING
  s2:  RUNNING    LEADER s2@group-D54832D7F2F9:t2, leader=s2, voted=s2, raftlog=Memoized:s2@group-D54832D7F2F9-SegmentedRaftLog:OPENED:c4, conf=0: peers:[s0|rpc:localhost:36377|admin:localhost:43981|client:localhost:45773|dataStream:localhost:44659|priority:0|startupRole:FOLLOWER, s1|rpc:localhost:41593|admin:localhost:33009|client:localhost:40657|dataStream:localhost:39887|priority:0|startupRole:FOLLOWER, s2|rpc:localhost:35799|admin:localhost:42661|client:localhost:42851|dataStream:localhost:38965|priority:0|startupRole:FOLLOWER]|listeners:[], old=null RUNNING
2023-04-11 14:12:38,442 [MiniRaftCluster-1] INFO  server.RaftServer (RaftServerProxy.java:lambda$close$7(417)) - s0: close
2023-04-11 14:12:38,442 [MiniRaftCluster-2] INFO  server.RaftServer (RaftServerProxy.java:lambda$close$7(417)) - s1: close
2023-04-11 14:12:38,446 [HandlerDaemon-2] INFO  simulation.RequestHandler (RequestHandler.java:run(127)) - s0.clientHandler2 is interrupted by java.io.InterruptedIOException: 
2023-04-11 14:12:38,447 [HandlerDaemon-2] INFO  simulation.RequestHandler (RequestHandler.java:run(127)) - s1.clientHandler2 is interrupted by java.io.InterruptedIOException: 
2023-04-11 14:12:38,446 [HandlerDaemon-1] INFO  simulation.RequestHandler (RequestHandler.java:run(127)) - s0.clientHandler1 is interrupted by java.io.InterruptedIOException: 
2023-04-11 14:12:38,446 [HandlerDaemon-0] INFO  simulation.RequestHandler (RequestHandler.java:run(127)) - s0.clientHandler0 is interrupted by java.io.InterruptedIOException: 
2023-04-11 14:12:38,445 [s0-impl-thread1] INFO  server.RaftServer$Division (RaftServerImpl.java:lambda$close$4(466)) - s0@group-D54832D7F2F9: shutdown
2023-04-11 14:12:38,444 [MiniRaftCluster-3] INFO  server.RaftServer (RaftServerProxy.java:lambda$close$7(417)) - s2: close
2023-04-11 14:12:38,448 [HandlerDaemon-1] INFO  simulation.RequestHandler (RequestHandler.java:run(127)) - s1.clientHandler1 is interrupted by java.io.InterruptedIOException: 
2023-04-11 14:12:38,448 [s0-impl-thread1] INFO  util.JmxRegister (JmxRegister.java:unregister(73)) - Successfully un-registered JMX Bean with object name Ratis:service=RaftServer,group=group-D54832D7F2F9,id=s0
2023-04-11 14:12:38,447 [s1-impl-thread1] INFO  server.RaftServer$Division (RaftServerImpl.java:lambda$close$4(466)) - s1@group-D54832D7F2F9: shutdown
2023-04-11 14:12:38,449 [s1-impl-thread1] INFO  util.JmxRegister (JmxRegister.java:unregister(73)) - Successfully un-registered JMX Bean with object name Ratis:service=RaftServer,group=group-D54832D7F2F9,id=s1
2023-04-11 14:12:38,449 [s1-impl-thread1] INFO  impl.RoleInfo (RoleInfo.java:shutdownFollowerState(110)) - s1: shutdown s1@group-D54832D7F2F9-FollowerState
2023-04-11 14:12:38,449 [s1-impl-thread1] INFO  impl.StateMachineUpdater (StateMachineUpdater.java:stopAndJoin(154)) - s1@group-D54832D7F2F9-StateMachineUpdater: set stopIndex = 4
2023-04-11 14:12:38,449 [HandlerDaemon-0] INFO  simulation.RequestHandler (RequestHandler.java:run(127)) - s1.clientHandler0 is interrupted by java.io.InterruptedIOException: 
2023-04-11 14:12:38,449 [s1@group-D54832D7F2F9-FollowerState] INFO  impl.FollowerState (FollowerState.java:run(152)) - s1@group-D54832D7F2F9-FollowerState was interrupted
2023-04-11 14:12:38,448 [s0-impl-thread1] INFO  impl.RoleInfo (RoleInfo.java:shutdownFollowerState(110)) - s0: shutdown s0@group-D54832D7F2F9-FollowerState
2023-04-11 14:12:38,450 [HandlerDaemon-0] INFO  simulation.RequestHandler (RequestHandler.java:run(127)) - s2.clientHandler0 is interrupted by java.io.InterruptedIOException: 
2023-04-11 14:12:38,450 [s0@group-D54832D7F2F9-FollowerState] INFO  impl.FollowerState (FollowerState.java:run(152)) - s0@group-D54832D7F2F9-FollowerState was interrupted
2023-04-11 14:12:38,450 [s2-impl-thread1] INFO  server.RaftServer$Division (RaftServerImpl.java:lambda$close$4(466)) - s2@group-D54832D7F2F9: shutdown
2023-04-11 14:12:38,451 [s2-impl-thread1] INFO  util.JmxRegister (JmxRegister.java:unregister(73)) - Successfully un-registered JMX Bean with object name Ratis:service=RaftServer,group=group-D54832D7F2F9,id=s2
2023-04-11 14:12:38,451 [HandlerDaemon-1] INFO  simulation.RequestHandler (RequestHandler.java:run(127)) - s2.clientHandler1 is interrupted by java.io.InterruptedIOException: 
2023-04-11 14:12:38,451 [s2-impl-thread1] INFO  impl.RoleInfo (RoleInfo.java:shutdownLeaderState(93)) - s2: shutdown s2@group-D54832D7F2F9-LeaderStateImpl
2023-04-11 14:12:38,451 [HandlerDaemon-2] INFO  simulation.RequestHandler (RequestHandler.java:run(127)) - s2.clientHandler2 is interrupted by java.io.InterruptedIOException: 
2023-04-11 14:12:38,451 [HandlerDaemon-0] INFO  simulation.RequestHandler (RequestHandler.java:run(127)) - s0.serverHandler0 is interrupted by java.io.InterruptedIOException: 
2023-04-11 14:12:38,451 [HandlerDaemon-2] INFO  simulation.RequestHandler (RequestHandler.java:run(127)) - s0.serverHandler2 is interrupted by java.io.InterruptedIOException: 
2023-04-11 14:12:38,451 [s2@group-D54832D7F2F9->s1-LogAppenderDefault-LogAppenderDaemon] INFO  leader.LogAppenderDaemon (LogAppenderDaemon.java:run(85)) - s2@group-D54832D7F2F9->s1-LogAppenderDefault-LogAppenderDaemon I/O was interrupted: java.io.InterruptedIOException: 
2023-04-11 14:12:38,451 [s2-impl-thread1] INFO  impl.PendingRequests (PendingRequests.java:sendNotLeaderResponses(289)) - s2@group-D54832D7F2F9-PendingRequests: sendNotLeaderResponses
2023-04-11 14:12:38,452 [s1-impl-thread1] INFO  server.RaftServer$Division (ServerState.java:close(415)) - s1@group-D54832D7F2F9: applyIndex: 4
2023-04-11 14:12:38,450 [s0-impl-thread1] INFO  impl.StateMachineUpdater (StateMachineUpdater.java:stopAndJoin(154)) - s0@group-D54832D7F2F9-StateMachineUpdater: set stopIndex = 4
2023-04-11 14:12:38,455 [s0-impl-thread1] INFO  server.RaftServer$Division (ServerState.java:close(415)) - s0@group-D54832D7F2F9: applyIndex: 4
2023-04-11 14:12:38,456 [HandlerDaemon-1] INFO  simulation.RequestHandler (RequestHandler.java:run(127)) - s2.serverHandler1 is interrupted by java.io.InterruptedIOException: 
2023-04-11 14:12:38,456 [HandlerDaemon-2] INFO  simulation.RequestHandler (RequestHandler.java:run(127)) - s2.serverHandler2 is interrupted by java.io.InterruptedIOException: 
2023-04-11 14:12:38,456 [HandlerDaemon-0] INFO  simulation.RequestHandler (RequestHandler.java:run(127)) - s2.serverHandler0 is interrupted by java.io.InterruptedIOException: 
2023-04-11 14:12:38,452 [s2@group-D54832D7F2F9->s0-LogAppenderDefault-LogAppenderDaemon] INFO  leader.LogAppenderDaemon (LogAppenderDaemon.java:run(83)) - s2@group-D54832D7F2F9->s0-LogAppenderDefault-LogAppenderDaemon was interrupted: java.lang.InterruptedException
2023-04-11 14:12:38,458 [HandlerDaemon-1] INFO  simulation.RequestHandler (RequestHandler.java:run(127)) - s1.serverHandler1 is interrupted by java.io.InterruptedIOException: 
2023-04-11 14:12:38,460 [s2-impl-thread1] INFO  impl.StateMachineUpdater (StateMachineUpdater.java:stopAndJoin(154)) - s2@group-D54832D7F2F9-StateMachineUpdater: set stopIndex = 4
2023-04-11 14:12:38,460 [s2-impl-thread1] INFO  server.RaftServer$Division (ServerState.java:close(415)) - s2@group-D54832D7F2F9: applyIndex: 4
2023-04-11 14:12:38,462 [HandlerDaemon-2] INFO  simulation.RequestHandler (RequestHandler.java:run(127)) - s1.serverHandler2 is interrupted by java.io.InterruptedIOException: 
2023-04-11 14:12:39,343 [s2-impl-thread1] INFO  segmented.SegmentedRaftLogWorker (SegmentedRaftLogWorker.java:close(242)) - s2@group-D54832D7F2F9-SegmentedRaftLogWorker close()
2023-04-11 14:12:39,343 [s0-impl-thread1] INFO  segmented.SegmentedRaftLogWorker (SegmentedRaftLogWorker.java:close(242)) - s0@group-D54832D7F2F9-SegmentedRaftLogWorker close()
2023-04-11 14:12:39,345 [JvmPauseMonitor0] INFO  util.JvmPauseMonitor (JvmPauseMonitor.java:run(109)) - JvmPauseMonitor-s0: Stopped
2023-04-11 14:12:39,346 [JvmPauseMonitor2] INFO  util.JvmPauseMonitor (JvmPauseMonitor.java:run(109)) - JvmPauseMonitor-s2: Stopped
2023-04-11 14:12:39,347 [s1-impl-thread1] INFO  segmented.SegmentedRaftLogWorker (SegmentedRaftLogWorker.java:close(242)) - s1@group-D54832D7F2F9-SegmentedRaftLogWorker close()
2023-04-11 14:12:39,348 [JvmPauseMonitor1] INFO  util.JvmPauseMonitor (JvmPauseMonitor.java:run(109)) - JvmPauseMonitor-s1: Stopped
2023-04-11 14:12:39,348 [Time-limited test] INFO  impl.MiniRaftCluster (MiniRaftCluster.java:shutdown(855)) - MiniRaftClusterWithSimulatedRpc shutdown completed
2023-04-11 14:12:39,349 [Time-limited test] INFO  impl.MiniRaftCluster (MiniRaftCluster.java:shutdown(831)) - ************************************************************** 
2023-04-11 14:12:39,349 [Time-limited test] INFO  impl.MiniRaftCluster (MiniRaftCluster.java:shutdown(832)) - *** 
2023-04-11 14:12:39,349 [Time-limited test] INFO  impl.MiniRaftCluster (MiniRaftCluster.java:shutdown(833)) - ***     Stopping MiniRaftClusterWithSimulatedRpc
2023-04-11 14:12:39,349 [Time-limited test] INFO  impl.MiniRaftCluster (MiniRaftCluster.java:shutdown(834)) - *** 
2023-04-11 14:12:39,349 [Time-limited test] INFO  impl.MiniRaftCluster (MiniRaftCluster.java:shutdown(835)) - ************************************************************** 
2023-04-11 14:12:39,349 [Time-limited test] INFO  impl.MiniRaftCluster (MiniRaftCluster.java:shutdown(836)) - printing ALL groups
  s0:   CLOSED  FOLLOWER s0@group-D54832D7F2F9:t2, leader=s2, voted=s2, raftlog=Memoized:s0@group-D54832D7F2F9-SegmentedRaftLog:CLOSED:c4, conf=0: peers:[s0|rpc:localhost:36377|admin:localhost:43981|client:localhost:45773|dataStream:localhost:44659|priority:0|startupRole:FOLLOWER, s1|rpc:localhost:41593|admin:localhost:33009|client:localhost:40657|dataStream:localhost:39887|priority:0|startupRole:FOLLOWER, s2|rpc:localhost:35799|admin:localhost:42661|client:localhost:42851|dataStream:localhost:38965|priority:0|startupRole:FOLLOWER]|listeners:[], old=null CLOSED
  s1:   CLOSED  FOLLOWER s1@group-D54832D7F2F9:t2, leader=s2, voted=s2, raftlog=Memoized:s1@group-D54832D7F2F9-SegmentedRaftLog:CLOSED:c4, conf=0: peers:[s0|rpc:localhost:36377|admin:localhost:43981|client:localhost:45773|dataStream:localhost:44659|priority:0|startupRole:FOLLOWER, s1|rpc:localhost:41593|admin:localhost:33009|client:localhost:40657|dataStream:localhost:39887|priority:0|startupRole:FOLLOWER, s2|rpc:localhost:35799|admin:localhost:42661|client:localhost:42851|dataStream:localhost:38965|priority:0|startupRole:FOLLOWER]|listeners:[], old=null CLOSED
  s2:   CLOSED    LEADER s2@group-D54832D7F2F9:t2, leader=s2, voted=s2, raftlog=Memoized:s2@group-D54832D7F2F9-SegmentedRaftLog:CLOSED:c4, conf=0: peers:[s0|rpc:localhost:36377|admin:localhost:43981|client:localhost:45773|dataStream:localhost:44659|priority:0|startupRole:FOLLOWER, s1|rpc:localhost:41593|admin:localhost:33009|client:localhost:40657|dataStream:localhost:39887|priority:0|startupRole:FOLLOWER, s2|rpc:localhost:35799|admin:localhost:42661|client:localhost:42851|dataStream:localhost:38965|priority:0|startupRole:FOLLOWER]|listeners:[], old=null CLOSED
2023-04-11 14:12:39,358 [Time-limited test] INFO  impl.MiniRaftCluster (MiniRaftCluster.java:shutdown(855)) - MiniRaftClusterWithSimulatedRpc shutdown completed
]]></system-out>
  </testcase>
  <testcase name="testHandleStateMachineException" classname="org.apache.ratis.server.simulation.TestRaftStateMachineExceptionWithSimulatedRpc" time="1.567">
    <system-out><![CDATA[2023-04-11 14:12:39,360 [main] INFO  util.LogUtils (Slf4jUtils.java:setLogLevel(38)) - Successfully set org.apache.ratis.conf.ConfUtils log level to WARN
2023-04-11 14:12:39,360 [main] INFO  util.LogUtils (Slf4jUtils.java:setLogLevel(38)) - Successfully set org.apache.ratis.util.FileUtils log level to TRACE
2023-04-11 14:12:39,360 [main] INFO  util.LogUtils (Slf4jUtils.java:setLogLevel(38)) - Successfully set org.apache.ratis.server.RaftServer$Division log level to DEBUG
2023-04-11 14:12:39,360 [main] INFO  util.LogUtils (Slf4jUtils.java:setLogLevel(38)) - Successfully set org.apache.ratis.server.raftlog.RaftLog log level to DEBUG
2023-04-11 14:12:39,360 [main] INFO  util.LogUtils (Slf4jUtils.java:setLogLevel(38)) - Successfully set org.apache.ratis.client.RaftClient log level to DEBUG
2023-04-11 14:12:39,361 [Time-limited test] INFO  impl.MiniRaftCluster (MiniRaftCluster.java:runWithNewCluster(135)) - Running runWithNewCluster
2023-04-11 14:12:39,362 [Time-limited test] INFO  simulation.MiniRaftClusterWithSimulatedRpc (ConfUtils.java:logGet(46)) - org.apache.ratis.server.simulation.SimulatedRequestReply.simulateLatencyMs = 0 (custom)
2023-04-11 14:12:39,362 [Time-limited test] INFO  impl.MiniRaftCluster (MiniRaftCluster.java:<init>(306)) - new MiniRaftClusterWithSimulatedRpc with group-045A2751C825:[s0|rpc:localhost:37513|admin:localhost:33837|client:localhost:41249|dataStream:localhost:41665|priority:0|startupRole:FOLLOWER, s1|rpc:localhost:39253|admin:localhost:39739|client:localhost:46055|dataStream:localhost:46641|priority:0|startupRole:FOLLOWER, s2|rpc:localhost:45657|admin:localhost:42325|client:localhost:37941|dataStream:localhost:42855|priority:0|startupRole:FOLLOWER]
2023-04-11 14:12:39,362 [Time-limited test] INFO  impl.MiniRaftCluster (MiniRaftCluster.java:start(339)) - .............................................................. 
2023-04-11 14:12:39,362 [Time-limited test] INFO  impl.MiniRaftCluster (MiniRaftCluster.java:start(340)) - ... 
2023-04-11 14:12:39,362 [Time-limited test] INFO  impl.MiniRaftCluster (MiniRaftCluster.java:start(341)) - ...     Starting MiniRaftClusterWithSimulatedRpc
2023-04-11 14:12:39,362 [Time-limited test] INFO  impl.MiniRaftCluster (MiniRaftCluster.java:start(342)) - ... 
2023-04-11 14:12:39,362 [Time-limited test] INFO  impl.MiniRaftCluster (MiniRaftCluster.java:start(343)) - .............................................................. 
2023-04-11 14:12:39,363 [Time-limited test] INFO  impl.MiniRaftCluster (MiniRaftCluster.java:initServers(318)) - servers = {}
2023-04-11 14:12:39,363 [Time-limited test] INFO  impl.MiniRaftCluster (MiniRaftCluster.java:newRaftServer(382)) - newRaftServer: s0, group-045A2751C825:[s0|rpc:localhost:37513|admin:localhost:33837|client:localhost:41249|dataStream:localhost:41665|priority:0|startupRole:FOLLOWER, s1|rpc:localhost:39253|admin:localhost:39739|client:localhost:46055|dataStream:localhost:46641|priority:0|startupRole:FOLLOWER, s2|rpc:localhost:45657|admin:localhost:42325|client:localhost:37941|dataStream:localhost:42855|priority:0|startupRole:FOLLOWER], format? true
2023-04-11 14:12:39,363 [Time-limited test] TRACE util.FileUtils (FileUtils.java:deleteFully(201)) - deleteFully target/test/data/6a86d74c/MiniRaftClusterWithSimulatedRpcc9642ec1/s0
2023-04-11 14:12:39,363 [Time-limited test] TRACE util.FileUtils (FileUtils.java:deleteFully(217)) - deleteFully: target/test/data/6a86d74c/MiniRaftClusterWithSimulatedRpcc9642ec1/s0 does not exist.
2023-04-11 14:12:39,363 [Time-limited test] INFO  impl.MiniRaftCluster (MiniRaftCluster.java:newRaftServer(387)) - Formatted directory target/test/data/6a86d74c/MiniRaftClusterWithSimulatedRpcc9642ec1/s0
2023-04-11 14:12:39,363 [Time-limited test] INFO  server.RaftServer (ConfUtils.java:logGet(46)) - raft.rpc.type = org.apache.ratis.server.simulation.SimulatedRpc (custom)
2023-04-11 14:12:39,363 [Time-limited test] INFO  impl.DataStreamServerImpl (ConfUtils.java:logGet(46)) - raft.datastream.type = DISABLED (default)
2023-04-11 14:12:39,364 [Time-limited test] INFO  server.RaftServerConfigKeys (ConfUtils.java:logGet(46)) - raft.server.threadpool.proxy.cached = true (default)
2023-04-11 14:12:39,364 [Time-limited test] INFO  server.RaftServerConfigKeys (ConfUtils.java:logGet(46)) - raft.server.threadpool.proxy.size = 0 (default)
2023-04-11 14:12:39,364 [Time-limited test] INFO  server.RaftServerConfigKeys (ConfUtils.java:logGet(46)) - raft.server.rpc.slowness.timeout = 60s (default)
2023-04-11 14:12:39,364 [Time-limited test] INFO  server.RaftServerConfigKeys (ConfUtils.java:logGet(46)) - raft.server.leaderelection.leader.step-down.wait-time = 10s (default)
2023-04-11 14:12:39,364 [Time-limited test] INFO  server.RaftServerConfigKeys (ConfUtils.java:logGet(46)) - raft.server.storage.dir = [/home/runner/work/ratis/ratis/ratis-test/target/test/data/6a86d74c/MiniRaftClusterWithSimulatedRpcc9642ec1/s0] (custom)
2023-04-11 14:12:39,365 [Time-limited test] INFO  server.RaftServer (RaftServerProxy.java:addNew(99)) - s0: addNew group-045A2751C825:[s0|rpc:localhost:37513|admin:localhost:33837|client:localhost:41249|dataStream:localhost:41665|priority:0|startupRole:FOLLOWER, s1|rpc:localhost:39253|admin:localhost:39739|client:localhost:46055|dataStream:localhost:46641|priority:0|startupRole:FOLLOWER, s2|rpc:localhost:45657|admin:localhost:42325|client:localhost:37941|dataStream:localhost:42855|priority:0|startupRole:FOLLOWER] returns group-045A2751C825:java.util.concurrent.CompletableFuture@3d895bac[Not completed]
2023-04-11 14:12:39,365 [Time-limited test] INFO  impl.MiniRaftCluster (MiniRaftCluster.java:newRaftServer(382)) - newRaftServer: s1, group-045A2751C825:[s0|rpc:localhost:37513|admin:localhost:33837|client:localhost:41249|dataStream:localhost:41665|priority:0|startupRole:FOLLOWER, s1|rpc:localhost:39253|admin:localhost:39739|client:localhost:46055|dataStream:localhost:46641|priority:0|startupRole:FOLLOWER, s2|rpc:localhost:45657|admin:localhost:42325|client:localhost:37941|dataStream:localhost:42855|priority:0|startupRole:FOLLOWER], format? true
2023-04-11 14:12:39,365 [Time-limited test] TRACE util.FileUtils (FileUtils.java:deleteFully(201)) - deleteFully target/test/data/6a86d74c/MiniRaftClusterWithSimulatedRpcc9642ec1/s1
2023-04-11 14:12:39,365 [Time-limited test] TRACE util.FileUtils (FileUtils.java:deleteFully(217)) - deleteFully: target/test/data/6a86d74c/MiniRaftClusterWithSimulatedRpcc9642ec1/s1 does not exist.
2023-04-11 14:12:39,365 [Time-limited test] INFO  impl.MiniRaftCluster (MiniRaftCluster.java:newRaftServer(387)) - Formatted directory target/test/data/6a86d74c/MiniRaftClusterWithSimulatedRpcc9642ec1/s1
2023-04-11 14:12:39,365 [Time-limited test] INFO  server.RaftServer (ConfUtils.java:logGet(46)) - raft.rpc.type = org.apache.ratis.server.simulation.SimulatedRpc (custom)
2023-04-11 14:12:39,365 [s0-groupManagement] INFO  server.RaftServerConfigKeys (ConfUtils.java:logGet(46)) - raft.server.log.segment.size.max = 8MB (=8388608) (default)
2023-04-11 14:12:39,365 [Time-limited test] INFO  impl.DataStreamServerImpl (ConfUtils.java:logGet(46)) - raft.datastream.type = DISABLED (default)
2023-04-11 14:12:39,365 [s0-groupManagement] INFO  server.RaftServerConfigKeys (ConfUtils.java:logGet(46)) - raft.server.log.preallocated.size = 4MB (=4194304) (default)
2023-04-11 14:12:39,366 [Time-limited test] INFO  server.RaftServerConfigKeys (ConfUtils.java:logGet(46)) - raft.server.threadpool.proxy.cached = true (default)
2023-04-11 14:12:39,366 [s0-groupManagement] INFO  server.RaftServerConfigKeys (ConfUtils.java:logGet(46)) - raft.server.log.write.buffer.size = 64KB (=65536) (default)
2023-04-11 14:12:39,366 [Time-limited test] INFO  server.RaftServerConfigKeys (ConfUtils.java:logGet(46)) - raft.server.threadpool.proxy.size = 0 (default)
2023-04-11 14:12:39,366 [s0-groupManagement] INFO  server.RaftServer$Division (RaftServerImpl.java:<init>(198)) - s0: new RaftServerImpl for group-045A2751C825:[s0|rpc:localhost:37513|admin:localhost:33837|client:localhost:41249|dataStream:localhost:41665|priority:0|startupRole:FOLLOWER, s1|rpc:localhost:39253|admin:localhost:39739|client:localhost:46055|dataStream:localhost:46641|priority:0|startupRole:FOLLOWER, s2|rpc:localhost:45657|admin:localhost:42325|client:localhost:37941|dataStream:localhost:42855|priority:0|startupRole:FOLLOWER] with StateMachineWithException:uninitialized
2023-04-11 14:12:39,366 [s0-groupManagement] INFO  server.RaftServerConfigKeys (ConfUtils.java:logGet(46)) - raft.server.rpc.timeout.min = 150ms (default)
2023-04-11 14:12:39,366 [s0-groupManagement] INFO  server.RaftServerConfigKeys (ConfUtils.java:logGet(46)) - raft.server.rpc.timeout.max = 300ms (default)
2023-04-11 14:12:39,366 [s0-groupManagement] INFO  server.RaftServerConfigKeys (ConfUtils.java:logGet(46)) - raft.server.rpc.sleep.time = 25ms (default)
2023-04-11 14:12:39,366 [s0-groupManagement] INFO  server.RaftServerConfigKeys (ConfUtils.java:logGet(46)) - raft.server.rpc.slowness.timeout = 60s (default)
2023-04-11 14:12:39,366 [s0-groupManagement] INFO  server.RaftServerConfigKeys (ConfUtils.java:logGet(46)) - raft.server.leaderelection.leader.step-down.wait-time = 10s (default)
2023-04-11 14:12:39,366 [s0-groupManagement] INFO  server.RaftServerConfigKeys (ConfUtils.java:logGet(46)) - raft.server.sleep.deviation.threshold = 300ms (default)
2023-04-11 14:12:39,366 [s0-groupManagement] INFO  server.RaftServer$Division (ServerState.java:<init>(113)) - s0@group-045A2751C825: ConfigurationManager, init=-1: peers:[s0|rpc:localhost:37513|admin:localhost:33837|client:localhost:41249|dataStream:localhost:41665|priority:0|startupRole:FOLLOWER, s1|rpc:localhost:39253|admin:localhost:39739|client:localhost:46055|dataStream:localhost:46641|priority:0|startupRole:FOLLOWER, s2|rpc:localhost:45657|admin:localhost:42325|client:localhost:37941|dataStream:localhost:42855|priority:0|startupRole:FOLLOWER]|listeners:[], old=null, confs=<EMPTY_MAP>
2023-04-11 14:12:39,366 [s0-groupManagement] INFO  server.RaftServerConfigKeys (ConfUtils.java:logGet(46)) - raft.server.notification.no-leader.timeout = 60s (default)
2023-04-11 14:12:39,367 [Time-limited test] INFO  server.RaftServerConfigKeys (ConfUtils.java:logGet(46)) - raft.server.rpc.slowness.timeout = 60s (default)
2023-04-11 14:12:39,367 [Time-limited test] INFO  server.RaftServerConfigKeys (ConfUtils.java:logGet(46)) - raft.server.leaderelection.leader.step-down.wait-time = 10s (default)
2023-04-11 14:12:39,367 [Time-limited test] INFO  server.RaftServerConfigKeys (ConfUtils.java:logGet(46)) - raft.server.storage.dir = [/home/runner/work/ratis/ratis/ratis-test/target/test/data/6a86d74c/MiniRaftClusterWithSimulatedRpcc9642ec1/s1] (custom)
2023-04-11 14:12:39,368 [s0-groupManagement] INFO  server.RaftServerConfigKeys (ConfUtils.java:logGet(46)) - raft.server.read.timeout = 10s (default)
2023-04-11 14:12:39,368 [s0-groupManagement] INFO  server.RaftServerConfigKeys (ConfUtils.java:logGet(46)) - raft.server.retrycache.expirytime = 60s (default)
2023-04-11 14:12:39,368 [s0-groupManagement] INFO  server.RaftServerConfigKeys (ConfUtils.java:logGet(46)) - raft.server.retrycache.statistics.expirytime = 100μs (default)
2023-04-11 14:12:39,369 [s0-groupManagement] INFO  server.RaftServerConfigKeys (ConfUtils.java:logGet(46)) - raft.server.read.option = DEFAULT (default)
2023-04-11 14:12:39,371 [s0-groupManagement] INFO  server.RaftServerConfigKeys (ConfUtils.java:logGet(46)) - raft.server.rpc.request.timeout = 3000ms (default)
2023-04-11 14:12:39,371 [s0-groupManagement] INFO  server.RaftServerConfigKeys (ConfUtils.java:logGet(46)) - raft.server.log.appender.install.snapshot.enabled = true (default)
2023-04-11 14:12:39,372 [s0-groupManagement] INFO  server.RaftServerConfigKeys (ConfUtils.java:logGet(46)) - raft.server.threadpool.server.cached = true (default)
2023-04-11 14:12:39,372 [s0-groupManagement] INFO  server.RaftServerConfigKeys (ConfUtils.java:logGet(46)) - raft.server.threadpool.server.size = 0 (default)
2023-04-11 14:12:39,372 [s0-groupManagement] INFO  server.RaftServerConfigKeys (ConfUtils.java:logGet(46)) - raft.server.threadpool.client.cached = true (default)
2023-04-11 14:12:39,372 [s0-groupManagement] INFO  server.RaftServerConfigKeys (ConfUtils.java:logGet(46)) - raft.server.threadpool.client.size = 0 (default)
2023-04-11 14:12:39,375 [Time-limited test] INFO  server.RaftServer (RaftServerProxy.java:addNew(99)) - s1: addNew group-045A2751C825:[s0|rpc:localhost:37513|admin:localhost:33837|client:localhost:41249|dataStream:localhost:41665|priority:0|startupRole:FOLLOWER, s1|rpc:localhost:39253|admin:localhost:39739|client:localhost:46055|dataStream:localhost:46641|priority:0|startupRole:FOLLOWER, s2|rpc:localhost:45657|admin:localhost:42325|client:localhost:37941|dataStream:localhost:42855|priority:0|startupRole:FOLLOWER] returns group-045A2751C825:java.util.concurrent.CompletableFuture@2a85de24[Not completed]
2023-04-11 14:12:39,375 [Time-limited test] INFO  impl.MiniRaftCluster (MiniRaftCluster.java:newRaftServer(382)) - newRaftServer: s2, group-045A2751C825:[s0|rpc:localhost:37513|admin:localhost:33837|client:localhost:41249|dataStream:localhost:41665|priority:0|startupRole:FOLLOWER, s1|rpc:localhost:39253|admin:localhost:39739|client:localhost:46055|dataStream:localhost:46641|priority:0|startupRole:FOLLOWER, s2|rpc:localhost:45657|admin:localhost:42325|client:localhost:37941|dataStream:localhost:42855|priority:0|startupRole:FOLLOWER], format? true
2023-04-11 14:12:39,376 [Time-limited test] TRACE util.FileUtils (FileUtils.java:deleteFully(201)) - deleteFully target/test/data/6a86d74c/MiniRaftClusterWithSimulatedRpcc9642ec1/s2
2023-04-11 14:12:39,376 [Time-limited test] TRACE util.FileUtils (FileUtils.java:deleteFully(217)) - deleteFully: target/test/data/6a86d74c/MiniRaftClusterWithSimulatedRpcc9642ec1/s2 does not exist.
2023-04-11 14:12:39,376 [Time-limited test] INFO  impl.MiniRaftCluster (MiniRaftCluster.java:newRaftServer(387)) - Formatted directory target/test/data/6a86d74c/MiniRaftClusterWithSimulatedRpcc9642ec1/s2
2023-04-11 14:12:39,376 [Time-limited test] INFO  server.RaftServer (ConfUtils.java:logGet(46)) - raft.rpc.type = org.apache.ratis.server.simulation.SimulatedRpc (custom)
2023-04-11 14:12:39,376 [Time-limited test] INFO  impl.DataStreamServerImpl (ConfUtils.java:logGet(46)) - raft.datastream.type = DISABLED (default)
2023-04-11 14:12:39,376 [Time-limited test] INFO  server.RaftServerConfigKeys (ConfUtils.java:logGet(46)) - raft.server.threadpool.proxy.cached = true (default)
2023-04-11 14:12:39,376 [Time-limited test] INFO  server.RaftServerConfigKeys (ConfUtils.java:logGet(46)) - raft.server.threadpool.proxy.size = 0 (default)
2023-04-11 14:12:39,377 [Time-limited test] INFO  server.RaftServerConfigKeys (ConfUtils.java:logGet(46)) - raft.server.rpc.slowness.timeout = 60s (default)
2023-04-11 14:12:39,377 [Time-limited test] INFO  server.RaftServerConfigKeys (ConfUtils.java:logGet(46)) - raft.server.leaderelection.leader.step-down.wait-time = 10s (default)
2023-04-11 14:12:39,377 [Time-limited test] INFO  server.RaftServerConfigKeys (ConfUtils.java:logGet(46)) - raft.server.storage.dir = [/home/runner/work/ratis/ratis/ratis-test/target/test/data/6a86d74c/MiniRaftClusterWithSimulatedRpcc9642ec1/s2] (custom)
2023-04-11 14:12:39,377 [s1-groupManagement] INFO  server.RaftServerConfigKeys (ConfUtils.java:logGet(46)) - raft.server.log.segment.size.max = 8MB (=8388608) (default)
2023-04-11 14:12:39,377 [s1-groupManagement] INFO  server.RaftServerConfigKeys (ConfUtils.java:logGet(46)) - raft.server.log.preallocated.size = 4MB (=4194304) (default)
2023-04-11 14:12:39,377 [s1-groupManagement] INFO  server.RaftServerConfigKeys (ConfUtils.java:logGet(46)) - raft.server.log.write.buffer.size = 64KB (=65536) (default)
2023-04-11 14:12:39,377 [s1-groupManagement] INFO  server.RaftServer$Division (RaftServerImpl.java:<init>(198)) - s1: new RaftServerImpl for group-045A2751C825:[s0|rpc:localhost:37513|admin:localhost:33837|client:localhost:41249|dataStream:localhost:41665|priority:0|startupRole:FOLLOWER, s1|rpc:localhost:39253|admin:localhost:39739|client:localhost:46055|dataStream:localhost:46641|priority:0|startupRole:FOLLOWER, s2|rpc:localhost:45657|admin:localhost:42325|client:localhost:37941|dataStream:localhost:42855|priority:0|startupRole:FOLLOWER] with StateMachineWithException:uninitialized
2023-04-11 14:12:39,378 [s1-groupManagement] INFO  server.RaftServerConfigKeys (ConfUtils.java:logGet(46)) - raft.server.rpc.timeout.min = 150ms (default)
2023-04-11 14:12:39,378 [s1-groupManagement] INFO  server.RaftServerConfigKeys (ConfUtils.java:logGet(46)) - raft.server.rpc.timeout.max = 300ms (default)
2023-04-11 14:12:39,378 [s1-groupManagement] INFO  server.RaftServerConfigKeys (ConfUtils.java:logGet(46)) - raft.server.rpc.sleep.time = 25ms (default)
2023-04-11 14:12:39,378 [s1-groupManagement] INFO  server.RaftServerConfigKeys (ConfUtils.java:logGet(46)) - raft.server.rpc.slowness.timeout = 60s (default)
2023-04-11 14:12:39,378 [s1-groupManagement] INFO  server.RaftServerConfigKeys (ConfUtils.java:logGet(46)) - raft.server.leaderelection.leader.step-down.wait-time = 10s (default)
2023-04-11 14:12:39,378 [s1-groupManagement] INFO  server.RaftServerConfigKeys (ConfUtils.java:logGet(46)) - raft.server.sleep.deviation.threshold = 300ms (default)
2023-04-11 14:12:39,378 [s1-groupManagement] INFO  server.RaftServer$Division (ServerState.java:<init>(113)) - s1@group-045A2751C825: ConfigurationManager, init=-1: peers:[s0|rpc:localhost:37513|admin:localhost:33837|client:localhost:41249|dataStream:localhost:41665|priority:0|startupRole:FOLLOWER, s1|rpc:localhost:39253|admin:localhost:39739|client:localhost:46055|dataStream:localhost:46641|priority:0|startupRole:FOLLOWER, s2|rpc:localhost:45657|admin:localhost:42325|client:localhost:37941|dataStream:localhost:42855|priority:0|startupRole:FOLLOWER]|listeners:[], old=null, confs=<EMPTY_MAP>
2023-04-11 14:12:39,378 [s1-groupManagement] INFO  server.RaftServerConfigKeys (ConfUtils.java:logGet(46)) - raft.server.notification.no-leader.timeout = 60s (default)
2023-04-11 14:12:39,378 [s1-groupManagement] INFO  server.RaftServerConfigKeys (ConfUtils.java:logGet(46)) - raft.server.read.timeout = 10s (default)
2023-04-11 14:12:39,378 [s1-groupManagement] INFO  server.RaftServerConfigKeys (ConfUtils.java:logGet(46)) - raft.server.retrycache.expirytime = 60s (default)
2023-04-11 14:12:39,378 [s1-groupManagement] INFO  server.RaftServerConfigKeys (ConfUtils.java:logGet(46)) - raft.server.retrycache.statistics.expirytime = 100μs (default)
2023-04-11 14:12:39,379 [s1-groupManagement] INFO  server.RaftServerConfigKeys (ConfUtils.java:logGet(46)) - raft.server.read.option = DEFAULT (default)
2023-04-11 14:12:39,381 [s1-groupManagement] INFO  server.RaftServerConfigKeys (ConfUtils.java:logGet(46)) - raft.server.rpc.request.timeout = 3000ms (default)
2023-04-11 14:12:39,381 [s1-groupManagement] INFO  server.RaftServerConfigKeys (ConfUtils.java:logGet(46)) - raft.server.log.appender.install.snapshot.enabled = true (default)
2023-04-11 14:12:39,381 [s1-groupManagement] INFO  server.RaftServerConfigKeys (ConfUtils.java:logGet(46)) - raft.server.threadpool.server.cached = true (default)
2023-04-11 14:12:39,381 [s1-groupManagement] INFO  server.RaftServerConfigKeys (ConfUtils.java:logGet(46)) - raft.server.threadpool.server.size = 0 (default)
2023-04-11 14:12:39,381 [s1-groupManagement] INFO  server.RaftServerConfigKeys (ConfUtils.java:logGet(46)) - raft.server.threadpool.client.cached = true (default)
2023-04-11 14:12:39,381 [s1-groupManagement] INFO  server.RaftServerConfigKeys (ConfUtils.java:logGet(46)) - raft.server.threadpool.client.size = 0 (default)
2023-04-11 14:12:39,391 [Time-limited test] INFO  server.RaftServer (RaftServerProxy.java:addNew(99)) - s2: addNew group-045A2751C825:[s0|rpc:localhost:37513|admin:localhost:33837|client:localhost:41249|dataStream:localhost:41665|priority:0|startupRole:FOLLOWER, s1|rpc:localhost:39253|admin:localhost:39739|client:localhost:46055|dataStream:localhost:46641|priority:0|startupRole:FOLLOWER, s2|rpc:localhost:45657|admin:localhost:42325|client:localhost:37941|dataStream:localhost:42855|priority:0|startupRole:FOLLOWER] returns group-045A2751C825:java.util.concurrent.CompletableFuture@3571bae7[Not completed]
2023-04-11 14:12:39,391 [s0-impl-thread1] INFO  server.RaftServerConfigKeys (ConfUtils.java:logGet(46)) - raft.server.storage.free-space.min = 0MB (=0) (default)
2023-04-11 14:12:39,391 [s0-impl-thread1] INFO  server.RaftServerConfigKeys (ConfUtils.java:logGet(46)) - raft.server.log.corruption.policy = EXCEPTION (default)
2023-04-11 14:12:39,391 [s0-impl-thread1] INFO  server.RaftServerConfigKeys (ConfUtils.java:logGet(46)) - raft.server.storage.dir = [/home/runner/work/ratis/ratis/ratis-test/target/test/data/6a86d74c/MiniRaftClusterWithSimulatedRpcc9642ec1/s0] (custom)
2023-04-11 14:12:39,392 [s0-impl-thread1] INFO  storage.RaftStorageDirectory (RaftStorageDirectoryImpl.java:analyzeStorage(138)) - The storage directory /home/runner/work/ratis/ratis/ratis-test/target/test/data/6a86d74c/MiniRaftClusterWithSimulatedRpcc9642ec1/s0/3f88d46b-6518-4caf-8584-045a2751c825 does not exist. Creating ...
2023-04-11 14:12:39,392 [s0-impl-thread1] TRACE util.FileUtils (LogUtils.java:runAndLog(49)) - Successfully ran Files.createDirectories /home/runner/work/ratis/ratis/ratis-test/target/test/data/6a86d74c/MiniRaftClusterWithSimulatedRpcc9642ec1/s0/3f88d46b-6518-4caf-8584-045a2751c825
2023-04-11 14:12:39,393 [s2-groupManagement] INFO  server.RaftServerConfigKeys (ConfUtils.java:logGet(46)) - raft.server.log.segment.size.max = 8MB (=8388608) (default)
2023-04-11 14:12:39,393 [s2-groupManagement] INFO  server.RaftServerConfigKeys (ConfUtils.java:logGet(46)) - raft.server.log.preallocated.size = 4MB (=4194304) (default)
2023-04-11 14:12:39,393 [s2-groupManagement] INFO  server.RaftServerConfigKeys (ConfUtils.java:logGet(46)) - raft.server.log.write.buffer.size = 64KB (=65536) (default)
2023-04-11 14:12:39,393 [s2-groupManagement] INFO  server.RaftServer$Division (RaftServerImpl.java:<init>(198)) - s2: new RaftServerImpl for group-045A2751C825:[s0|rpc:localhost:37513|admin:localhost:33837|client:localhost:41249|dataStream:localhost:41665|priority:0|startupRole:FOLLOWER, s1|rpc:localhost:39253|admin:localhost:39739|client:localhost:46055|dataStream:localhost:46641|priority:0|startupRole:FOLLOWER, s2|rpc:localhost:45657|admin:localhost:42325|client:localhost:37941|dataStream:localhost:42855|priority:0|startupRole:FOLLOWER] with StateMachineWithException:uninitialized
2023-04-11 14:12:39,393 [s2-groupManagement] INFO  server.RaftServerConfigKeys (ConfUtils.java:logGet(46)) - raft.server.rpc.timeout.min = 150ms (default)
2023-04-11 14:12:39,393 [s2-groupManagement] INFO  server.RaftServerConfigKeys (ConfUtils.java:logGet(46)) - raft.server.rpc.timeout.max = 300ms (default)
2023-04-11 14:12:39,393 [s2-groupManagement] INFO  server.RaftServerConfigKeys (ConfUtils.java:logGet(46)) - raft.server.rpc.sleep.time = 25ms (default)
2023-04-11 14:12:39,394 [s2-groupManagement] INFO  server.RaftServerConfigKeys (ConfUtils.java:logGet(46)) - raft.server.rpc.slowness.timeout = 60s (default)
2023-04-11 14:12:39,394 [s2-groupManagement] INFO  server.RaftServerConfigKeys (ConfUtils.java:logGet(46)) - raft.server.leaderelection.leader.step-down.wait-time = 10s (default)
2023-04-11 14:12:39,394 [s2-groupManagement] INFO  server.RaftServerConfigKeys (ConfUtils.java:logGet(46)) - raft.server.sleep.deviation.threshold = 300ms (default)
2023-04-11 14:12:39,394 [s2-groupManagement] INFO  server.RaftServer$Division (ServerState.java:<init>(113)) - s2@group-045A2751C825: ConfigurationManager, init=-1: peers:[s0|rpc:localhost:37513|admin:localhost:33837|client:localhost:41249|dataStream:localhost:41665|priority:0|startupRole:FOLLOWER, s1|rpc:localhost:39253|admin:localhost:39739|client:localhost:46055|dataStream:localhost:46641|priority:0|startupRole:FOLLOWER, s2|rpc:localhost:45657|admin:localhost:42325|client:localhost:37941|dataStream:localhost:42855|priority:0|startupRole:FOLLOWER]|listeners:[], old=null, confs=<EMPTY_MAP>
2023-04-11 14:12:39,394 [s2-groupManagement] INFO  server.RaftServerConfigKeys (ConfUtils.java:logGet(46)) - raft.server.notification.no-leader.timeout = 60s (default)
2023-04-11 14:12:39,394 [s2-groupManagement] INFO  server.RaftServerConfigKeys (ConfUtils.java:logGet(46)) - raft.server.read.timeout = 10s (default)
2023-04-11 14:12:39,394 [s0-impl-thread1] INFO  storage.RaftStorageDirectory (RaftStorageDirectoryImpl.java:tryLock(232)) - Lock on /home/runner/work/ratis/ratis/ratis-test/target/test/data/6a86d74c/MiniRaftClusterWithSimulatedRpcc9642ec1/s0/3f88d46b-6518-4caf-8584-045a2751c825/in_use.lock acquired by nodename 5139@fv-az937-810
2023-04-11 14:12:39,395 [s0-impl-thread1] TRACE util.FileUtils (LogUtils.java:runAndLog(49)) - Successfully ran Files.createDirectories /home/runner/work/ratis/ratis/ratis-test/target/test/data/6a86d74c/MiniRaftClusterWithSimulatedRpcc9642ec1/s0/3f88d46b-6518-4caf-8584-045a2751c825/current
2023-04-11 14:12:39,396 [s0-impl-thread1] TRACE util.FileUtils (LogUtils.java:runAndLog(49)) - Successfully ran Files.createDirectories /home/runner/work/ratis/ratis/ratis-test/target/test/data/6a86d74c/MiniRaftClusterWithSimulatedRpcc9642ec1/s0/3f88d46b-6518-4caf-8584-045a2751c825/sm
2023-04-11 14:12:39,396 [s2-groupManagement] INFO  server.RaftServerConfigKeys (ConfUtils.java:logGet(46)) - raft.server.retrycache.expirytime = 60s (default)
2023-04-11 14:12:39,396 [s2-groupManagement] INFO  server.RaftServerConfigKeys (ConfUtils.java:logGet(46)) - raft.server.retrycache.statistics.expirytime = 100μs (default)
2023-04-11 14:12:39,396 [s2-groupManagement] INFO  server.RaftServerConfigKeys (ConfUtils.java:logGet(46)) - raft.server.read.option = DEFAULT (default)
2023-04-11 14:12:39,398 [s0-impl-thread1] INFO  storage.RaftStorage (RaftStorageImpl.java:format(96)) - Storage directory /home/runner/work/ratis/ratis/ratis-test/target/test/data/6a86d74c/MiniRaftClusterWithSimulatedRpcc9642ec1/s0/3f88d46b-6518-4caf-8584-045a2751c825 has been successfully formatted.
2023-04-11 14:12:39,398 [s0-impl-thread1] INFO  impl.SimpleStateMachine4Testing (SimpleStateMachine4Testing.java:initialize(213)) - Initializing StateMachineWithException:uninitialized
2023-04-11 14:12:39,398 [s0-impl-thread1] INFO  impl.SimpleStateMachine4Testing (SimpleStateMachine4Testing.java:loadSnapshot(293)) - Loading snapshot null
2023-04-11 14:12:39,398 [s0-impl-thread1] INFO  server.RaftServerConfigKeys (ConfUtils.java:logGet(46)) - raft.server.log.use.memory = false (default)
2023-04-11 14:12:39,398 [s0-impl-thread1] INFO  server.RaftServerConfigKeys (ConfUtils.java:logGet(46)) - raft.server.log.purge.gap = 1024 (default)
2023-04-11 14:12:39,399 [s0-impl-thread1] INFO  server.RaftServerConfigKeys (ConfUtils.java:logGet(46)) - raft.server.log.appender.buffer.byte-limit = 4MB (=4194304) (default)
2023-04-11 14:12:39,399 [s0-impl-thread1] INFO  server.RaftServerConfigKeys (ConfUtils.java:logGet(46)) - raft.server.log.statemachine.data.read.timeout = 1000ms (default)
2023-04-11 14:12:39,399 [s0-impl-thread1] INFO  server.RaftServerConfigKeys (ConfUtils.java:logGet(46)) - raft.server.log.purge.preservation.log.num = 0 (default)
2023-04-11 14:12:39,400 [s0-impl-thread1] INFO  server.RaftServerConfigKeys (ConfUtils.java:logGet(46)) - raft.server.log.segment.size.max = 8MB (=8388608) (default)
2023-04-11 14:12:39,400 [s0-impl-thread1] INFO  server.RaftServerConfigKeys (ConfUtils.java:logGet(46)) - raft.server.log.segment.cache.num.max = 6 (default)
2023-04-11 14:12:39,400 [s0-impl-thread1] INFO  server.RaftServerConfigKeys (ConfUtils.java:logGet(46)) - raft.server.log.segment.cache.size.max = 200MB (=209715200) (default)
2023-04-11 14:12:39,400 [s0-impl-thread1] INFO  server.RaftServerConfigKeys (ConfUtils.java:logGet(46)) - raft.server.log.appender.buffer.byte-limit = 4MB (=4194304) (default)
2023-04-11 14:12:39,401 [s0-impl-thread1] INFO  segmented.SegmentedRaftLogWorker (SegmentedRaftLogWorker.java:<init>(183)) - new s0@group-045A2751C825-SegmentedRaftLogWorker for RaftStorageImpl:Storage Directory /home/runner/work/ratis/ratis/ratis-test/target/test/data/6a86d74c/MiniRaftClusterWithSimulatedRpcc9642ec1/s0/3f88d46b-6518-4caf-8584-045a2751c825
2023-04-11 14:12:39,401 [s0-impl-thread1] INFO  server.RaftServerConfigKeys (ConfUtils.java:logGet(46)) - raft.server.log.queue.byte-limit = 64MB (=67108864) (default)
2023-04-11 14:12:39,401 [s0-impl-thread1] INFO  server.RaftServerConfigKeys (ConfUtils.java:logGet(46)) - raft.server.log.queue.element-limit = 4096 (default)
2023-04-11 14:12:39,401 [s0-impl-thread1] INFO  server.RaftServerConfigKeys (ConfUtils.java:logGet(46)) - raft.server.log.segment.size.max = 8MB (=8388608) (default)
2023-04-11 14:12:39,401 [s0-impl-thread1] INFO  server.RaftServerConfigKeys (ConfUtils.java:logGet(46)) - raft.server.log.preallocated.size = 4MB (=4194304) (default)
2023-04-11 14:12:39,401 [s0-impl-thread1] INFO  server.RaftServerConfigKeys (ConfUtils.java:logGet(46)) - raft.server.log.force.sync.num = 128 (default)
2023-04-11 14:12:39,401 [s0-impl-thread1] INFO  server.RaftServerConfigKeys (ConfUtils.java:logGet(46)) - raft.server.log.statemachine.data.sync = true (default)
2023-04-11 14:12:39,401 [s0-impl-thread1] INFO  server.RaftServerConfigKeys (ConfUtils.java:logGet(46)) - raft.server.log.statemachine.data.sync.timeout = 10s (default)
2023-04-11 14:12:39,401 [s0-impl-thread1] INFO  server.RaftServerConfigKeys (ConfUtils.java:logGet(46)) - raft.server.log.statemachine.data.sync.timeout.retry = -1 (default)
2023-04-11 14:12:39,401 [s0-impl-thread1] INFO  server.RaftServerConfigKeys (ConfUtils.java:logGet(46)) - raft.server.log.write.buffer.size = 64KB (=65536) (default)
2023-04-11 14:12:39,402 [s0-impl-thread1] INFO  server.RaftServerConfigKeys (ConfUtils.java:logGet(46)) - raft.server.log.appender.buffer.byte-limit = 4MB (=4194304) (default)
2023-04-11 14:12:39,403 [s0-impl-thread1] INFO  server.RaftServerConfigKeys (ConfUtils.java:logGet(46)) - raft.server.log.unsafe-flush.enabled = false (default)
2023-04-11 14:12:39,403 [s0-impl-thread1] INFO  server.RaftServerConfigKeys (ConfUtils.java:logGet(46)) - raft.server.log.async-flush.enabled = false (default)
2023-04-11 14:12:39,403 [s0-impl-thread1] INFO  server.RaftServerConfigKeys (ConfUtils.java:logGet(46)) - raft.server.log.statemachine.data.caching.enabled = false (default)
2023-04-11 14:12:39,404 [s0-impl-thread1] INFO  segmented.SegmentedRaftLogWorker (SegmentedRaftLogWorker.java:lambda$new$0(134)) - s0@group-045A2751C825-SegmentedRaftLogWorker: flushIndex: setUnconditionally 0 -> -1
2023-04-11 14:12:39,404 [s0-impl-thread1] INFO  segmented.SegmentedRaftLogWorker (SegmentedRaftLogWorker.java:lambda$new$0(134)) - s0@group-045A2751C825-SegmentedRaftLogWorker: safeCacheEvictIndex: setUnconditionally 0 -> -1
2023-04-11 14:12:39,406 [s2-groupManagement] INFO  server.RaftServerConfigKeys (ConfUtils.java:logGet(46)) - raft.server.rpc.request.timeout = 3000ms (default)
2023-04-11 14:12:39,406 [s2-groupManagement] INFO  server.RaftServerConfigKeys (ConfUtils.java:logGet(46)) - raft.server.log.appender.install.snapshot.enabled = true (default)
2023-04-11 14:12:39,406 [s2-groupManagement] INFO  server.RaftServerConfigKeys (ConfUtils.java:logGet(46)) - raft.server.threadpool.server.cached = true (default)
2023-04-11 14:12:39,406 [s2-groupManagement] INFO  server.RaftServerConfigKeys (ConfUtils.java:logGet(46)) - raft.server.threadpool.server.size = 0 (default)
2023-04-11 14:12:39,406 [s2-groupManagement] INFO  server.RaftServerConfigKeys (ConfUtils.java:logGet(46)) - raft.server.threadpool.client.cached = true (default)
2023-04-11 14:12:39,406 [s2-groupManagement] INFO  server.RaftServerConfigKeys (ConfUtils.java:logGet(46)) - raft.server.threadpool.client.size = 0 (default)
2023-04-11 14:12:39,407 [s0-impl-thread1] INFO  server.RaftServer$Division (RaftServerImpl.java:start(342)) - s0@group-045A2751C825: start as a follower, conf=-1: peers:[s0|rpc:localhost:37513|admin:localhost:33837|client:localhost:41249|dataStream:localhost:41665|priority:0|startupRole:FOLLOWER, s1|rpc:localhost:39253|admin:localhost:39739|client:localhost:46055|dataStream:localhost:46641|priority:0|startupRole:FOLLOWER, s2|rpc:localhost:45657|admin:localhost:42325|client:localhost:37941|dataStream:localhost:42855|priority:0|startupRole:FOLLOWER]|listeners:[], old=null
2023-04-11 14:12:39,407 [s0-impl-thread1] INFO  server.RaftServer$Division (RaftServerImpl.java:setRole(329)) - s0@group-045A2751C825: changes role from      null to FOLLOWER at term 0 for startAsFollower
2023-04-11 14:12:39,407 [s0-impl-thread1] INFO  impl.RoleInfo (RoleInfo.java:updateAndGet(139)) - s0: start s0@group-045A2751C825-FollowerState
2023-04-11 14:12:39,408 [s0-impl-thread1] INFO  util.JmxRegister (JmxRegister.java:tryRegister(44)) - Successfully registered JMX Bean with object name Ratis:service=RaftServer,group=group-045A2751C825,id=s0
2023-04-11 14:12:39,408 [s0-impl-thread1] INFO  server.RaftServerConfigKeys (ConfUtils.java:logGet(46)) - raft.server.snapshot.auto.trigger.enabled = false (default)
2023-04-11 14:12:39,408 [s0-impl-thread1] INFO  server.RaftServerConfigKeys (ConfUtils.java:logGet(46)) - raft.server.snapshot.retention.file.num = -1 (default)
2023-04-11 14:12:39,408 [s0-impl-thread1] INFO  server.RaftServerConfigKeys (ConfUtils.java:logGet(46)) - raft.server.log.purge.upto.snapshot.index = false (default)
2023-04-11 14:12:39,409 [s0@group-045A2751C825-FollowerState] INFO  server.RaftServerConfigKeys (ConfUtils.java:logFallback(53)) - raft.server.rpc.first-election.timeout.min = 150ms (fallback to raft.server.rpc.timeout.min)
2023-04-11 14:12:39,409 [s0@group-045A2751C825-FollowerState] INFO  server.RaftServerConfigKeys (ConfUtils.java:logFallback(53)) - raft.server.rpc.first-election.timeout.max = 300ms (fallback to raft.server.rpc.timeout.max)
2023-04-11 14:12:39,409 [Time-limited test] INFO  server.RaftServer (RaftServerProxy.java:startImpl(401)) - s0: start RPC server
2023-04-11 14:12:39,410 [JvmPauseMonitor3] INFO  util.JvmPauseMonitor (JvmPauseMonitor.java:run(103)) - JvmPauseMonitor-s0: Started
2023-04-11 14:12:39,410 [s1-impl-thread1] INFO  server.RaftServerConfigKeys (ConfUtils.java:logGet(46)) - raft.server.storage.free-space.min = 0MB (=0) (default)
2023-04-11 14:12:39,410 [s1-impl-thread1] INFO  server.RaftServerConfigKeys (ConfUtils.java:logGet(46)) - raft.server.log.corruption.policy = EXCEPTION (default)
2023-04-11 14:12:39,410 [s1-impl-thread1] INFO  server.RaftServerConfigKeys (ConfUtils.java:logGet(46)) - raft.server.storage.dir = [/home/runner/work/ratis/ratis/ratis-test/target/test/data/6a86d74c/MiniRaftClusterWithSimulatedRpcc9642ec1/s1] (custom)
2023-04-11 14:12:39,411 [s1-impl-thread1] INFO  storage.RaftStorageDirectory (RaftStorageDirectoryImpl.java:analyzeStorage(138)) - The storage directory /home/runner/work/ratis/ratis/ratis-test/target/test/data/6a86d74c/MiniRaftClusterWithSimulatedRpcc9642ec1/s1/3f88d46b-6518-4caf-8584-045a2751c825 does not exist. Creating ...
2023-04-11 14:12:39,411 [s1-impl-thread1] TRACE util.FileUtils (LogUtils.java:runAndLog(49)) - Successfully ran Files.createDirectories /home/runner/work/ratis/ratis/ratis-test/target/test/data/6a86d74c/MiniRaftClusterWithSimulatedRpcc9642ec1/s1/3f88d46b-6518-4caf-8584-045a2751c825
2023-04-11 14:12:39,412 [s1-impl-thread1] INFO  storage.RaftStorageDirectory (RaftStorageDirectoryImpl.java:tryLock(232)) - Lock on /home/runner/work/ratis/ratis/ratis-test/target/test/data/6a86d74c/MiniRaftClusterWithSimulatedRpcc9642ec1/s1/3f88d46b-6518-4caf-8584-045a2751c825/in_use.lock acquired by nodename 5139@fv-az937-810
2023-04-11 14:12:39,413 [s1-impl-thread1] TRACE util.FileUtils (LogUtils.java:runAndLog(49)) - Successfully ran Files.createDirectories /home/runner/work/ratis/ratis/ratis-test/target/test/data/6a86d74c/MiniRaftClusterWithSimulatedRpcc9642ec1/s1/3f88d46b-6518-4caf-8584-045a2751c825/current
2023-04-11 14:12:39,413 [s1-impl-thread1] TRACE util.FileUtils (LogUtils.java:runAndLog(49)) - Successfully ran Files.createDirectories /home/runner/work/ratis/ratis/ratis-test/target/test/data/6a86d74c/MiniRaftClusterWithSimulatedRpcc9642ec1/s1/3f88d46b-6518-4caf-8584-045a2751c825/sm
2023-04-11 14:12:39,414 [s1-impl-thread1] INFO  storage.RaftStorage (RaftStorageImpl.java:format(96)) - Storage directory /home/runner/work/ratis/ratis/ratis-test/target/test/data/6a86d74c/MiniRaftClusterWithSimulatedRpcc9642ec1/s1/3f88d46b-6518-4caf-8584-045a2751c825 has been successfully formatted.
2023-04-11 14:12:39,415 [s1-impl-thread1] INFO  impl.SimpleStateMachine4Testing (SimpleStateMachine4Testing.java:initialize(213)) - Initializing StateMachineWithException:uninitialized
2023-04-11 14:12:39,415 [s1-impl-thread1] INFO  impl.SimpleStateMachine4Testing (SimpleStateMachine4Testing.java:loadSnapshot(293)) - Loading snapshot null
2023-04-11 14:12:39,415 [s1-impl-thread1] INFO  server.RaftServerConfigKeys (ConfUtils.java:logGet(46)) - raft.server.log.use.memory = false (default)
2023-04-11 14:12:39,415 [s1-impl-thread1] INFO  server.RaftServerConfigKeys (ConfUtils.java:logGet(46)) - raft.server.log.purge.gap = 1024 (default)
2023-04-11 14:12:39,415 [s1-impl-thread1] INFO  server.RaftServerConfigKeys (ConfUtils.java:logGet(46)) - raft.server.log.appender.buffer.byte-limit = 4MB (=4194304) (default)
2023-04-11 14:12:39,415 [s1-impl-thread1] INFO  server.RaftServerConfigKeys (ConfUtils.java:logGet(46)) - raft.server.log.statemachine.data.read.timeout = 1000ms (default)
2023-04-11 14:12:39,415 [s1-impl-thread1] INFO  server.RaftServerConfigKeys (ConfUtils.java:logGet(46)) - raft.server.log.purge.preservation.log.num = 0 (default)
2023-04-11 14:12:39,416 [s1-impl-thread1] INFO  server.RaftServerConfigKeys (ConfUtils.java:logGet(46)) - raft.server.log.segment.size.max = 8MB (=8388608) (default)
2023-04-11 14:12:39,417 [s1-impl-thread1] INFO  server.RaftServerConfigKeys (ConfUtils.java:logGet(46)) - raft.server.log.segment.cache.num.max = 6 (default)
2023-04-11 14:12:39,417 [s1-impl-thread1] INFO  server.RaftServerConfigKeys (ConfUtils.java:logGet(46)) - raft.server.log.segment.cache.size.max = 200MB (=209715200) (default)
2023-04-11 14:12:39,417 [s1-impl-thread1] INFO  server.RaftServerConfigKeys (ConfUtils.java:logGet(46)) - raft.server.log.appender.buffer.byte-limit = 4MB (=4194304) (default)
2023-04-11 14:12:39,417 [s1-impl-thread1] INFO  segmented.SegmentedRaftLogWorker (SegmentedRaftLogWorker.java:<init>(183)) - new s1@group-045A2751C825-SegmentedRaftLogWorker for RaftStorageImpl:Storage Directory /home/runner/work/ratis/ratis/ratis-test/target/test/data/6a86d74c/MiniRaftClusterWithSimulatedRpcc9642ec1/s1/3f88d46b-6518-4caf-8584-045a2751c825
2023-04-11 14:12:39,417 [s1-impl-thread1] INFO  server.RaftServerConfigKeys (ConfUtils.java:logGet(46)) - raft.server.log.queue.byte-limit = 64MB (=67108864) (default)
2023-04-11 14:12:39,417 [s1-impl-thread1] INFO  server.RaftServerConfigKeys (ConfUtils.java:logGet(46)) - raft.server.log.queue.element-limit = 4096 (default)
2023-04-11 14:12:39,417 [s1-impl-thread1] INFO  server.RaftServerConfigKeys (ConfUtils.java:logGet(46)) - raft.server.log.segment.size.max = 8MB (=8388608) (default)
2023-04-11 14:12:39,417 [s1-impl-thread1] INFO  server.RaftServerConfigKeys (ConfUtils.java:logGet(46)) - raft.server.log.preallocated.size = 4MB (=4194304) (default)
2023-04-11 14:12:39,417 [s1-impl-thread1] INFO  server.RaftServerConfigKeys (ConfUtils.java:logGet(46)) - raft.server.log.force.sync.num = 128 (default)
2023-04-11 14:12:39,417 [s1-impl-thread1] INFO  server.RaftServerConfigKeys (ConfUtils.java:logGet(46)) - raft.server.log.statemachine.data.sync = true (default)
2023-04-11 14:12:39,417 [s1-impl-thread1] INFO  server.RaftServerConfigKeys (ConfUtils.java:logGet(46)) - raft.server.log.statemachine.data.sync.timeout = 10s (default)
2023-04-11 14:12:39,417 [s1-impl-thread1] INFO  server.RaftServerConfigKeys (ConfUtils.java:logGet(46)) - raft.server.log.statemachine.data.sync.timeout.retry = -1 (default)
2023-04-11 14:12:39,418 [s1-impl-thread1] INFO  server.RaftServerConfigKeys (ConfUtils.java:logGet(46)) - raft.server.log.write.buffer.size = 64KB (=65536) (default)
2023-04-11 14:12:39,418 [s1-impl-thread1] INFO  server.RaftServerConfigKeys (ConfUtils.java:logGet(46)) - raft.server.log.appender.buffer.byte-limit = 4MB (=4194304) (default)
2023-04-11 14:12:39,420 [s1-impl-thread1] INFO  server.RaftServerConfigKeys (ConfUtils.java:logGet(46)) - raft.server.log.unsafe-flush.enabled = false (default)
2023-04-11 14:12:39,420 [s1-impl-thread1] INFO  server.RaftServerConfigKeys (ConfUtils.java:logGet(46)) - raft.server.log.async-flush.enabled = false (default)
2023-04-11 14:12:39,420 [s1-impl-thread1] INFO  server.RaftServerConfigKeys (ConfUtils.java:logGet(46)) - raft.server.log.statemachine.data.caching.enabled = false (default)
2023-04-11 14:12:39,420 [s1-impl-thread1] INFO  segmented.SegmentedRaftLogWorker (SegmentedRaftLogWorker.java:lambda$new$0(134)) - s1@group-045A2751C825-SegmentedRaftLogWorker: flushIndex: setUnconditionally 0 -> -1
2023-04-11 14:12:39,420 [s1-impl-thread1] INFO  segmented.SegmentedRaftLogWorker (SegmentedRaftLogWorker.java:lambda$new$0(134)) - s1@group-045A2751C825-SegmentedRaftLogWorker: safeCacheEvictIndex: setUnconditionally 0 -> -1
2023-04-11 14:12:39,423 [s1-impl-thread1] INFO  server.RaftServer$Division (RaftServerImpl.java:start(342)) - s1@group-045A2751C825: start as a follower, conf=-1: peers:[s0|rpc:localhost:37513|admin:localhost:33837|client:localhost:41249|dataStream:localhost:41665|priority:0|startupRole:FOLLOWER, s1|rpc:localhost:39253|admin:localhost:39739|client:localhost:46055|dataStream:localhost:46641|priority:0|startupRole:FOLLOWER, s2|rpc:localhost:45657|admin:localhost:42325|client:localhost:37941|dataStream:localhost:42855|priority:0|startupRole:FOLLOWER]|listeners:[], old=null
2023-04-11 14:12:39,423 [s1-impl-thread1] INFO  server.RaftServer$Division (RaftServerImpl.java:setRole(329)) - s1@group-045A2751C825: changes role from      null to FOLLOWER at term 0 for startAsFollower
2023-04-11 14:12:39,423 [s1-impl-thread1] INFO  impl.RoleInfo (RoleInfo.java:updateAndGet(139)) - s1: start s1@group-045A2751C825-FollowerState
2023-04-11 14:12:39,427 [s1-impl-thread1] INFO  util.JmxRegister (JmxRegister.java:tryRegister(44)) - Successfully registered JMX Bean with object name Ratis:service=RaftServer,group=group-045A2751C825,id=s1
2023-04-11 14:12:39,427 [s1-impl-thread1] INFO  server.RaftServerConfigKeys (ConfUtils.java:logGet(46)) - raft.server.snapshot.auto.trigger.enabled = false (default)
2023-04-11 14:12:39,427 [s1-impl-thread1] INFO  server.RaftServerConfigKeys (ConfUtils.java:logGet(46)) - raft.server.snapshot.retention.file.num = -1 (default)
2023-04-11 14:12:39,427 [s1-impl-thread1] INFO  server.RaftServerConfigKeys (ConfUtils.java:logGet(46)) - raft.server.log.purge.upto.snapshot.index = false (default)
2023-04-11 14:12:39,428 [s1@group-045A2751C825-FollowerState] INFO  server.RaftServerConfigKeys (ConfUtils.java:logFallback(53)) - raft.server.rpc.first-election.timeout.min = 150ms (fallback to raft.server.rpc.timeout.min)
2023-04-11 14:12:39,428 [s1@group-045A2751C825-FollowerState] INFO  server.RaftServerConfigKeys (ConfUtils.java:logFallback(53)) - raft.server.rpc.first-election.timeout.max = 300ms (fallback to raft.server.rpc.timeout.max)
2023-04-11 14:12:39,429 [Time-limited test] INFO  server.RaftServer (RaftServerProxy.java:startImpl(401)) - s1: start RPC server
2023-04-11 14:12:39,430 [s2-impl-thread1] INFO  server.RaftServerConfigKeys (ConfUtils.java:logGet(46)) - raft.server.storage.free-space.min = 0MB (=0) (default)
2023-04-11 14:12:39,430 [s2-impl-thread1] INFO  server.RaftServerConfigKeys (ConfUtils.java:logGet(46)) - raft.server.log.corruption.policy = EXCEPTION (default)
2023-04-11 14:12:39,430 [s2-impl-thread1] INFO  server.RaftServerConfigKeys (ConfUtils.java:logGet(46)) - raft.server.storage.dir = [/home/runner/work/ratis/ratis/ratis-test/target/test/data/6a86d74c/MiniRaftClusterWithSimulatedRpcc9642ec1/s2] (custom)
2023-04-11 14:12:39,430 [s2-impl-thread1] INFO  storage.RaftStorageDirectory (RaftStorageDirectoryImpl.java:analyzeStorage(138)) - The storage directory /home/runner/work/ratis/ratis/ratis-test/target/test/data/6a86d74c/MiniRaftClusterWithSimulatedRpcc9642ec1/s2/3f88d46b-6518-4caf-8584-045a2751c825 does not exist. Creating ...
2023-04-11 14:12:39,430 [s2-impl-thread1] TRACE util.FileUtils (LogUtils.java:runAndLog(49)) - Successfully ran Files.createDirectories /home/runner/work/ratis/ratis/ratis-test/target/test/data/6a86d74c/MiniRaftClusterWithSimulatedRpcc9642ec1/s2/3f88d46b-6518-4caf-8584-045a2751c825
2023-04-11 14:12:39,435 [JvmPauseMonitor4] INFO  util.JvmPauseMonitor (JvmPauseMonitor.java:run(103)) - JvmPauseMonitor-s1: Started
2023-04-11 14:12:39,436 [s2-impl-thread1] INFO  storage.RaftStorageDirectory (RaftStorageDirectoryImpl.java:tryLock(232)) - Lock on /home/runner/work/ratis/ratis/ratis-test/target/test/data/6a86d74c/MiniRaftClusterWithSimulatedRpcc9642ec1/s2/3f88d46b-6518-4caf-8584-045a2751c825/in_use.lock acquired by nodename 5139@fv-az937-810
2023-04-11 14:12:39,436 [s2-impl-thread1] TRACE util.FileUtils (LogUtils.java:runAndLog(49)) - Successfully ran Files.createDirectories /home/runner/work/ratis/ratis/ratis-test/target/test/data/6a86d74c/MiniRaftClusterWithSimulatedRpcc9642ec1/s2/3f88d46b-6518-4caf-8584-045a2751c825/current
2023-04-11 14:12:39,436 [s2-impl-thread1] TRACE util.FileUtils (LogUtils.java:runAndLog(49)) - Successfully ran Files.createDirectories /home/runner/work/ratis/ratis/ratis-test/target/test/data/6a86d74c/MiniRaftClusterWithSimulatedRpcc9642ec1/s2/3f88d46b-6518-4caf-8584-045a2751c825/sm
2023-04-11 14:12:39,437 [s2-impl-thread1] INFO  storage.RaftStorage (RaftStorageImpl.java:format(96)) - Storage directory /home/runner/work/ratis/ratis/ratis-test/target/test/data/6a86d74c/MiniRaftClusterWithSimulatedRpcc9642ec1/s2/3f88d46b-6518-4caf-8584-045a2751c825 has been successfully formatted.
2023-04-11 14:12:39,438 [s2-impl-thread1] INFO  impl.SimpleStateMachine4Testing (SimpleStateMachine4Testing.java:initialize(213)) - Initializing StateMachineWithException:uninitialized
2023-04-11 14:12:39,438 [s2-impl-thread1] INFO  impl.SimpleStateMachine4Testing (SimpleStateMachine4Testing.java:loadSnapshot(293)) - Loading snapshot null
2023-04-11 14:12:39,438 [s2-impl-thread1] INFO  server.RaftServerConfigKeys (ConfUtils.java:logGet(46)) - raft.server.log.use.memory = false (default)
2023-04-11 14:12:39,438 [s2-impl-thread1] INFO  server.RaftServerConfigKeys (ConfUtils.java:logGet(46)) - raft.server.log.purge.gap = 1024 (default)
2023-04-11 14:12:39,438 [s2-impl-thread1] INFO  server.RaftServerConfigKeys (ConfUtils.java:logGet(46)) - raft.server.log.appender.buffer.byte-limit = 4MB (=4194304) (default)
2023-04-11 14:12:39,438 [s2-impl-thread1] INFO  server.RaftServerConfigKeys (ConfUtils.java:logGet(46)) - raft.server.log.statemachine.data.read.timeout = 1000ms (default)
2023-04-11 14:12:39,438 [s2-impl-thread1] INFO  server.RaftServerConfigKeys (ConfUtils.java:logGet(46)) - raft.server.log.purge.preservation.log.num = 0 (default)
2023-04-11 14:12:39,439 [s2-impl-thread1] INFO  server.RaftServerConfigKeys (ConfUtils.java:logGet(46)) - raft.server.log.segment.size.max = 8MB (=8388608) (default)
2023-04-11 14:12:39,439 [s2-impl-thread1] INFO  server.RaftServerConfigKeys (ConfUtils.java:logGet(46)) - raft.server.log.segment.cache.num.max = 6 (default)
2023-04-11 14:12:39,439 [s2-impl-thread1] INFO  server.RaftServerConfigKeys (ConfUtils.java:logGet(46)) - raft.server.log.segment.cache.size.max = 200MB (=209715200) (default)
2023-04-11 14:12:39,440 [s2-impl-thread1] INFO  server.RaftServerConfigKeys (ConfUtils.java:logGet(46)) - raft.server.log.appender.buffer.byte-limit = 4MB (=4194304) (default)
2023-04-11 14:12:39,440 [s2-impl-thread1] INFO  segmented.SegmentedRaftLogWorker (SegmentedRaftLogWorker.java:<init>(183)) - new s2@group-045A2751C825-SegmentedRaftLogWorker for RaftStorageImpl:Storage Directory /home/runner/work/ratis/ratis/ratis-test/target/test/data/6a86d74c/MiniRaftClusterWithSimulatedRpcc9642ec1/s2/3f88d46b-6518-4caf-8584-045a2751c825
2023-04-11 14:12:39,440 [s2-impl-thread1] INFO  server.RaftServerConfigKeys (ConfUtils.java:logGet(46)) - raft.server.log.queue.byte-limit = 64MB (=67108864) (default)
2023-04-11 14:12:39,440 [s2-impl-thread1] INFO  server.RaftServerConfigKeys (ConfUtils.java:logGet(46)) - raft.server.log.queue.element-limit = 4096 (default)
2023-04-11 14:12:39,440 [s2-impl-thread1] INFO  server.RaftServerConfigKeys (ConfUtils.java:logGet(46)) - raft.server.log.segment.size.max = 8MB (=8388608) (default)
2023-04-11 14:12:39,440 [s2-impl-thread1] INFO  server.RaftServerConfigKeys (ConfUtils.java:logGet(46)) - raft.server.log.preallocated.size = 4MB (=4194304) (default)
2023-04-11 14:12:39,440 [s2-impl-thread1] INFO  server.RaftServerConfigKeys (ConfUtils.java:logGet(46)) - raft.server.log.force.sync.num = 128 (default)
2023-04-11 14:12:39,440 [s2-impl-thread1] INFO  server.RaftServerConfigKeys (ConfUtils.java:logGet(46)) - raft.server.log.statemachine.data.sync = true (default)
2023-04-11 14:12:39,441 [s2-impl-thread1] INFO  server.RaftServerConfigKeys (ConfUtils.java:logGet(46)) - raft.server.log.statemachine.data.sync.timeout = 10s (default)
2023-04-11 14:12:39,441 [s2-impl-thread1] INFO  server.RaftServerConfigKeys (ConfUtils.java:logGet(46)) - raft.server.log.statemachine.data.sync.timeout.retry = -1 (default)
2023-04-11 14:12:39,441 [s2-impl-thread1] INFO  server.RaftServerConfigKeys (ConfUtils.java:logGet(46)) - raft.server.log.write.buffer.size = 64KB (=65536) (default)
2023-04-11 14:12:39,441 [s2-impl-thread1] INFO  server.RaftServerConfigKeys (ConfUtils.java:logGet(46)) - raft.server.log.appender.buffer.byte-limit = 4MB (=4194304) (default)
2023-04-11 14:12:39,443 [s2-impl-thread1] INFO  server.RaftServerConfigKeys (ConfUtils.java:logGet(46)) - raft.server.log.unsafe-flush.enabled = false (default)
2023-04-11 14:12:39,443 [s2-impl-thread1] INFO  server.RaftServerConfigKeys (ConfUtils.java:logGet(46)) - raft.server.log.async-flush.enabled = false (default)
2023-04-11 14:12:39,443 [s2-impl-thread1] INFO  server.RaftServerConfigKeys (ConfUtils.java:logGet(46)) - raft.server.log.statemachine.data.caching.enabled = false (default)
2023-04-11 14:12:39,443 [s2-impl-thread1] INFO  segmented.SegmentedRaftLogWorker (SegmentedRaftLogWorker.java:lambda$new$0(134)) - s2@group-045A2751C825-SegmentedRaftLogWorker: flushIndex: setUnconditionally 0 -> -1
2023-04-11 14:12:39,443 [s2-impl-thread1] INFO  segmented.SegmentedRaftLogWorker (SegmentedRaftLogWorker.java:lambda$new$0(134)) - s2@group-045A2751C825-SegmentedRaftLogWorker: safeCacheEvictIndex: setUnconditionally 0 -> -1
2023-04-11 14:12:39,450 [s2-impl-thread1] INFO  server.RaftServer$Division (RaftServerImpl.java:start(342)) - s2@group-045A2751C825: start as a follower, conf=-1: peers:[s0|rpc:localhost:37513|admin:localhost:33837|client:localhost:41249|dataStream:localhost:41665|priority:0|startupRole:FOLLOWER, s1|rpc:localhost:39253|admin:localhost:39739|client:localhost:46055|dataStream:localhost:46641|priority:0|startupRole:FOLLOWER, s2|rpc:localhost:45657|admin:localhost:42325|client:localhost:37941|dataStream:localhost:42855|priority:0|startupRole:FOLLOWER]|listeners:[], old=null
2023-04-11 14:12:39,450 [s2-impl-thread1] INFO  server.RaftServer$Division (RaftServerImpl.java:setRole(329)) - s2@group-045A2751C825: changes role from      null to FOLLOWER at term 0 for startAsFollower
2023-04-11 14:12:39,450 [s2-impl-thread1] INFO  impl.RoleInfo (RoleInfo.java:updateAndGet(139)) - s2: start s2@group-045A2751C825-FollowerState
2023-04-11 14:12:39,450 [s2-impl-thread1] INFO  util.JmxRegister (JmxRegister.java:tryRegister(44)) - Successfully registered JMX Bean with object name Ratis:service=RaftServer,group=group-045A2751C825,id=s2
2023-04-11 14:12:39,451 [s2-impl-thread1] INFO  server.RaftServerConfigKeys (ConfUtils.java:logGet(46)) - raft.server.snapshot.auto.trigger.enabled = false (default)
2023-04-11 14:12:39,451 [s2-impl-thread1] INFO  server.RaftServerConfigKeys (ConfUtils.java:logGet(46)) - raft.server.snapshot.retention.file.num = -1 (default)
2023-04-11 14:12:39,451 [s2-impl-thread1] INFO  server.RaftServerConfigKeys (ConfUtils.java:logGet(46)) - raft.server.log.purge.upto.snapshot.index = false (default)
2023-04-11 14:12:39,452 [Time-limited test] INFO  server.RaftServer (RaftServerProxy.java:startImpl(401)) - s2: start RPC server
2023-04-11 14:12:39,453 [JvmPauseMonitor5] INFO  util.JvmPauseMonitor (JvmPauseMonitor.java:run(103)) - JvmPauseMonitor-s2: Started
2023-04-11 14:12:39,454 [s2@group-045A2751C825-FollowerState] INFO  server.RaftServerConfigKeys (ConfUtils.java:logFallback(53)) - raft.server.rpc.first-election.timeout.min = 150ms (fallback to raft.server.rpc.timeout.min)
2023-04-11 14:12:39,454 [s2@group-045A2751C825-FollowerState] INFO  server.RaftServerConfigKeys (ConfUtils.java:logFallback(53)) - raft.server.rpc.first-election.timeout.max = 300ms (fallback to raft.server.rpc.timeout.max)
2023-04-11 14:12:39,456 [Time-limited test] INFO  server.RaftServerConfigKeys (ConfUtils.java:logGet(46)) - raft.server.rpc.timeout.max = 300ms (default)
2023-04-11 14:12:39,456 [Time-limited test] INFO  ratis.RaftTestUtil (RaftTestUtil.java:waitForLeader(100)) - printing ALL groups
  s0:  RUNNING  FOLLOWER s0@group-045A2751C825:t0, leader=null, voted=, raftlog=Memoized:s0@group-045A2751C825-SegmentedRaftLog:OPENED:c-1, conf=-1: peers:[s0|rpc:localhost:37513|admin:localhost:33837|client:localhost:41249|dataStream:localhost:41665|priority:0|startupRole:FOLLOWER, s1|rpc:localhost:39253|admin:localhost:39739|client:localhost:46055|dataStream:localhost:46641|priority:0|startupRole:FOLLOWER, s2|rpc:localhost:45657|admin:localhost:42325|client:localhost:37941|dataStream:localhost:42855|priority:0|startupRole:FOLLOWER]|listeners:[], old=null RUNNING
  s1:  RUNNING  FOLLOWER s1@group-045A2751C825:t0, leader=null, voted=, raftlog=Memoized:s1@group-045A2751C825-SegmentedRaftLog:OPENED:c-1, conf=-1: peers:[s0|rpc:localhost:37513|admin:localhost:33837|client:localhost:41249|dataStream:localhost:41665|priority:0|startupRole:FOLLOWER, s1|rpc:localhost:39253|admin:localhost:39739|client:localhost:46055|dataStream:localhost:46641|priority:0|startupRole:FOLLOWER, s2|rpc:localhost:45657|admin:localhost:42325|client:localhost:37941|dataStream:localhost:42855|priority:0|startupRole:FOLLOWER]|listeners:[], old=null RUNNING
  s2:  RUNNING  FOLLOWER s2@group-045A2751C825:t0, leader=null, voted=, raftlog=Memoized:s2@group-045A2751C825-SegmentedRaftLog:OPENED:c-1, conf=-1: peers:[s0|rpc:localhost:37513|admin:localhost:33837|client:localhost:41249|dataStream:localhost:41665|priority:0|startupRole:FOLLOWER, s1|rpc:localhost:39253|admin:localhost:39739|client:localhost:46055|dataStream:localhost:46641|priority:0|startupRole:FOLLOWER, s2|rpc:localhost:45657|admin:localhost:42325|client:localhost:37941|dataStream:localhost:42855|priority:0|startupRole:FOLLOWER]|listeners:[], old=null RUNNING
2023-04-11 14:12:39,456 [Time-limited test] WARN  ratis.RaftTestUtil (JavaUtils.java:attempt(217)) - FAILED "waitForLeader-null-(expectLeader? true)", attempt #1/100: java.lang.IllegalStateException: No leader yet : printing ALL groups
  s0:  RUNNING  FOLLOWER s0@group-045A2751C825:t0, leader=null, voted=, raftlog=Memoized:s0@group-045A2751C825-SegmentedRaftLog:OPENED:c-1, conf=-1: peers:[s0|rpc:localhost:37513|admin:localhost:33837|client:localhost:41249|dataStream:localhost:41665|priority:0|startupRole:FOLLOWER, s1|rpc:localhost:39253|admin:localhost:39739|client:localhost:46055|dataStream:localhost:46641|priority:0|startupRole:FOLLOWER, s2|rpc:localhost:45657|admin:localhost:42325|client:localhost:37941|dataStream:localhost:42855|priority:0|startupRole:FOLLOWER]|listeners:[], old=null RUNNING
  s1:  RUNNING  FOLLOWER s1@group-045A2751C825:t0, leader=null, voted=, raftlog=Memoized:s1@group-045A2751C825-SegmentedRaftLog:OPENED:c-1, conf=-1: peers:[s0|rpc:localhost:37513|admin:localhost:33837|client:localhost:41249|dataStream:localhost:41665|priority:0|startupRole:FOLLOWER, s1|rpc:localhost:39253|admin:localhost:39739|client:localhost:46055|dataStream:localhost:46641|priority:0|startupRole:FOLLOWER, s2|rpc:localhost:45657|admin:localhost:42325|client:localhost:37941|dataStream:localhost:42855|priority:0|startupRole:FOLLOWER]|listeners:[], old=null RUNNING
  s2:  RUNNING  FOLLOWER s2@group-045A2751C825:t0, leader=null, voted=, raftlog=Memoized:s2@group-045A2751C825-SegmentedRaftLog:OPENED:c-1, conf=-1: peers:[s0|rpc:localhost:37513|admin:localhost:33837|client:localhost:41249|dataStream:localhost:41665|priority:0|startupRole:FOLLOWER, s1|rpc:localhost:39253|admin:localhost:39739|client:localhost:46055|dataStream:localhost:46641|priority:0|startupRole:FOLLOWER, s2|rpc:localhost:45657|admin:localhost:42325|client:localhost:37941|dataStream:localhost:42855|priority:0|startupRole:FOLLOWER]|listeners:[], old=null RUNNING, sleep 450ms and then retry.
java.lang.IllegalStateException: No leader yet : printing ALL groups
  s0:  RUNNING  FOLLOWER s0@group-045A2751C825:t0, leader=null, voted=, raftlog=Memoized:s0@group-045A2751C825-SegmentedRaftLog:OPENED:c-1, conf=-1: peers:[s0|rpc:localhost:37513|admin:localhost:33837|client:localhost:41249|dataStream:localhost:41665|priority:0|startupRole:FOLLOWER, s1|rpc:localhost:39253|admin:localhost:39739|client:localhost:46055|dataStream:localhost:46641|priority:0|startupRole:FOLLOWER, s2|rpc:localhost:45657|admin:localhost:42325|client:localhost:37941|dataStream:localhost:42855|priority:0|startupRole:FOLLOWER]|listeners:[], old=null RUNNING
  s1:  RUNNING  FOLLOWER s1@group-045A2751C825:t0, leader=null, voted=, raftlog=Memoized:s1@group-045A2751C825-SegmentedRaftLog:OPENED:c-1, conf=-1: peers:[s0|rpc:localhost:37513|admin:localhost:33837|client:localhost:41249|dataStream:localhost:41665|priority:0|startupRole:FOLLOWER, s1|rpc:localhost:39253|admin:localhost:39739|client:localhost:46055|dataStream:localhost:46641|priority:0|startupRole:FOLLOWER, s2|rpc:localhost:45657|admin:localhost:42325|client:localhost:37941|dataStream:localhost:42855|priority:0|startupRole:FOLLOWER]|listeners:[], old=null RUNNING
  s2:  RUNNING  FOLLOWER s2@group-045A2751C825:t0, leader=null, voted=, raftlog=Memoized:s2@group-045A2751C825-SegmentedRaftLog:OPENED:c-1, conf=-1: peers:[s0|rpc:localhost:37513|admin:localhost:33837|client:localhost:41249|dataStream:localhost:41665|priority:0|startupRole:FOLLOWER, s1|rpc:localhost:39253|admin:localhost:39739|client:localhost:46055|dataStream:localhost:46641|priority:0|startupRole:FOLLOWER, s2|rpc:localhost:45657|admin:localhost:42325|client:localhost:37941|dataStream:localhost:42855|priority:0|startupRole:FOLLOWER]|listeners:[], old=null RUNNING
	at org.apache.ratis.server.impl.MiniRaftCluster.newIllegalStateExceptionForNoLeaders(MiniRaftCluster.java:581)
	at org.apache.ratis.RaftTestUtil.lambda$waitForLeader$1(RaftTestUtil.java:104)
	at org.apache.ratis.server.impl.MiniRaftCluster.getLeader(MiniRaftCluster.java:615)
	at org.apache.ratis.server.impl.MiniRaftCluster.getLeader(MiniRaftCluster.java:608)
	at org.apache.ratis.RaftTestUtil.lambda$waitForLeader$3(RaftTestUtil.java:112)
	at org.apache.ratis.util.JavaUtils.attempt(JavaUtils.java:211)
	at org.apache.ratis.util.JavaUtils.attemptRepeatedly(JavaUtils.java:197)
	at org.apache.ratis.RaftTestUtil.waitForLeader(RaftTestUtil.java:111)
	at org.apache.ratis.RaftTestUtil.waitForLeader(RaftTestUtil.java:92)
	at org.apache.ratis.RaftTestUtil.waitForLeader(RaftTestUtil.java:87)
	at org.apache.ratis.server.impl.RaftStateMachineExceptionTests.runTestHandleStateMachineException(RaftStateMachineExceptionTests.java:88)
	at org.apache.ratis.server.impl.MiniRaftCluster$Factory$Get.runWithNewCluster(MiniRaftCluster.java:141)
	at org.apache.ratis.server.impl.MiniRaftCluster$Factory$Get.runWithNewCluster(MiniRaftCluster.java:121)
	at org.apache.ratis.server.impl.RaftStateMachineExceptionTests.testHandleStateMachineException(RaftStateMachineExceptionTests.java:84)
	at java.base/jdk.internal.reflect.NativeMethodAccessorImpl.invoke0(Native Method)
	at java.base/jdk.internal.reflect.NativeMethodAccessorImpl.invoke(NativeMethodAccessorImpl.java:62)
	at java.base/jdk.internal.reflect.DelegatingMethodAccessorImpl.invoke(DelegatingMethodAccessorImpl.java:43)
	at java.base/java.lang.reflect.Method.invoke(Method.java:566)
	at org.junit.runners.model.FrameworkMethod$1.runReflectiveCall(FrameworkMethod.java:59)
	at org.junit.internal.runners.model.ReflectiveCallable.run(ReflectiveCallable.java:12)
	at org.junit.runners.model.FrameworkMethod.invokeExplosively(FrameworkMethod.java:56)
	at org.junit.internal.runners.statements.InvokeMethod.evaluate(InvokeMethod.java:17)
	at org.junit.internal.runners.statements.RunAfters.evaluate(RunAfters.java:27)
	at org.junit.internal.runners.statements.FailOnTimeout$CallableStatement.call(FailOnTimeout.java:299)
	at org.junit.internal.runners.statements.FailOnTimeout$CallableStatement.call(FailOnTimeout.java:293)
	at java.base/java.util.concurrent.FutureTask.run(FutureTask.java:264)
	at java.base/java.lang.Thread.run(Thread.java:829)
2023-04-11 14:12:39,589 [s1@group-045A2751C825-FollowerState] INFO  impl.FollowerState (FollowerState.java:run(143)) - s1@group-045A2751C825-FollowerState: change to CANDIDATE, lastRpcElapsedTime:165669104ns, electionTimeout:160ms
2023-04-11 14:12:39,589 [s1@group-045A2751C825-FollowerState] INFO  impl.RoleInfo (RoleInfo.java:shutdownFollowerState(110)) - s1: shutdown s1@group-045A2751C825-FollowerState
2023-04-11 14:12:39,589 [s1@group-045A2751C825-FollowerState] INFO  server.RaftServer$Division (RaftServerImpl.java:setRole(329)) - s1@group-045A2751C825: changes role from  FOLLOWER to CANDIDATE at term 0 for changeToCandidate
2023-04-11 14:12:39,590 [s1@group-045A2751C825-FollowerState] INFO  server.RaftServerConfigKeys (ConfUtils.java:logGet(46)) - raft.server.leaderelection.pre-vote = true (default)
2023-04-11 14:12:39,590 [s1@group-045A2751C825-FollowerState] INFO  impl.RoleInfo (RoleInfo.java:updateAndGet(139)) - s1: start s1@group-045A2751C825-LeaderElection5
2023-04-11 14:12:39,591 [s1@group-045A2751C825-LeaderElection5] INFO  impl.LeaderElection (LeaderElection.java:askForVotes(320)) - s1@group-045A2751C825-LeaderElection5 PRE_VOTE round 0: submit vote requests at term 0 for -1: peers:[s0|rpc:localhost:37513|admin:localhost:33837|client:localhost:41249|dataStream:localhost:41665|priority:0|startupRole:FOLLOWER, s1|rpc:localhost:39253|admin:localhost:39739|client:localhost:46055|dataStream:localhost:46641|priority:0|startupRole:FOLLOWER, s2|rpc:localhost:45657|admin:localhost:42325|client:localhost:37941|dataStream:localhost:42855|priority:0|startupRole:FOLLOWER]|listeners:[], old=null
2023-04-11 14:12:39,592 [s1@group-045A2751C825-LeaderElection5] INFO  server.RaftServerConfigKeys (ConfUtils.java:logFallback(53)) - raft.server.rpc.first-election.timeout.min = 150ms (fallback to raft.server.rpc.timeout.min)
2023-04-11 14:12:39,592 [s1@group-045A2751C825-LeaderElection5] INFO  server.RaftServerConfigKeys (ConfUtils.java:logFallback(53)) - raft.server.rpc.first-election.timeout.max = 300ms (fallback to raft.server.rpc.timeout.max)
2023-04-11 14:12:39,593 [HandlerDaemon-0] INFO  server.RaftServer$Division (RaftServerImpl.java:requestVote(1303)) - s2@group-045A2751C825: receive requestVote(PRE_VOTE, s1, group-045A2751C825, 0, (t:0, i:0))
2023-04-11 14:12:39,593 [HandlerDaemon-0] INFO  impl.VoteContext (VoteContext.java:log(49)) - s2@group-045A2751C825-FOLLOWER: accept PRE_VOTE from s1: our priority 0 <= candidate's priority 0
2023-04-11 14:12:39,593 [HandlerDaemon-0] INFO  server.RaftServer$Division (RaftServerImpl.java:requestVote(1336)) - s2@group-045A2751C825 replies to PRE_VOTE vote request: s1<-s2#0:OK-t0. Peer's state: s2@group-045A2751C825:t0, leader=null, voted=, raftlog=Memoized:s2@group-045A2751C825-SegmentedRaftLog:OPENED:c-1, conf=-1: peers:[s0|rpc:localhost:37513|admin:localhost:33837|client:localhost:41249|dataStream:localhost:41665|priority:0|startupRole:FOLLOWER, s1|rpc:localhost:39253|admin:localhost:39739|client:localhost:46055|dataStream:localhost:46641|priority:0|startupRole:FOLLOWER, s2|rpc:localhost:45657|admin:localhost:42325|client:localhost:37941|dataStream:localhost:42855|priority:0|startupRole:FOLLOWER]|listeners:[], old=null
2023-04-11 14:12:39,594 [HandlerDaemon-0] INFO  server.RaftServer$Division (RaftServerImpl.java:requestVote(1303)) - s0@group-045A2751C825: receive requestVote(PRE_VOTE, s1, group-045A2751C825, 0, (t:0, i:0))
2023-04-11 14:12:39,594 [HandlerDaemon-0] INFO  impl.VoteContext (VoteContext.java:log(49)) - s0@group-045A2751C825-FOLLOWER: accept PRE_VOTE from s1: our priority 0 <= candidate's priority 0
2023-04-11 14:12:39,594 [HandlerDaemon-0] INFO  server.RaftServer$Division (RaftServerImpl.java:requestVote(1336)) - s0@group-045A2751C825 replies to PRE_VOTE vote request: s1<-s0#0:OK-t0. Peer's state: s0@group-045A2751C825:t0, leader=null, voted=, raftlog=Memoized:s0@group-045A2751C825-SegmentedRaftLog:OPENED:c-1, conf=-1: peers:[s0|rpc:localhost:37513|admin:localhost:33837|client:localhost:41249|dataStream:localhost:41665|priority:0|startupRole:FOLLOWER, s1|rpc:localhost:39253|admin:localhost:39739|client:localhost:46055|dataStream:localhost:46641|priority:0|startupRole:FOLLOWER, s2|rpc:localhost:45657|admin:localhost:42325|client:localhost:37941|dataStream:localhost:42855|priority:0|startupRole:FOLLOWER]|listeners:[], old=null
2023-04-11 14:12:39,599 [s1@group-045A2751C825-LeaderElection5] INFO  impl.LeaderElection (LeaderElection.java:logAndReturn(89)) - s1@group-045A2751C825-LeaderElection5: PRE_VOTE PASSED received 1 response(s) and 0 exception(s):
2023-04-11 14:12:39,599 [s1@group-045A2751C825-LeaderElection5] INFO  impl.LeaderElection (LeaderElection.java:logAndReturn(93)) -   Response 0: s1<-s2#0:OK-t0
2023-04-11 14:12:39,599 [s1@group-045A2751C825-LeaderElection5] INFO  impl.LeaderElection (LeaderElection.java:askForVotes(322)) - s1@group-045A2751C825-LeaderElection5 PRE_VOTE round 0: result PASSED
2023-04-11 14:12:39,603 [s1@group-045A2751C825-LeaderElection5] INFO  impl.LeaderElection (LeaderElection.java:askForVotes(320)) - s1@group-045A2751C825-LeaderElection5 ELECTION round 0: submit vote requests at term 1 for -1: peers:[s0|rpc:localhost:37513|admin:localhost:33837|client:localhost:41249|dataStream:localhost:41665|priority:0|startupRole:FOLLOWER, s1|rpc:localhost:39253|admin:localhost:39739|client:localhost:46055|dataStream:localhost:46641|priority:0|startupRole:FOLLOWER, s2|rpc:localhost:45657|admin:localhost:42325|client:localhost:37941|dataStream:localhost:42855|priority:0|startupRole:FOLLOWER]|listeners:[], old=null
2023-04-11 14:12:39,603 [HandlerDaemon-1] INFO  server.RaftServer$Division (RaftServerImpl.java:requestVote(1303)) - s0@group-045A2751C825: receive requestVote(ELECTION, s1, group-045A2751C825, 1, (t:0, i:0))
2023-04-11 14:12:39,607 [s1@group-045A2751C825-LeaderElection5] INFO  server.RaftServerConfigKeys (ConfUtils.java:logFallback(53)) - raft.server.rpc.first-election.timeout.min = 150ms (fallback to raft.server.rpc.timeout.min)
2023-04-11 14:12:39,607 [s1@group-045A2751C825-LeaderElection5] INFO  server.RaftServerConfigKeys (ConfUtils.java:logFallback(53)) - raft.server.rpc.first-election.timeout.max = 300ms (fallback to raft.server.rpc.timeout.max)
2023-04-11 14:12:39,607 [HandlerDaemon-1] INFO  server.RaftServer$Division (RaftServerImpl.java:requestVote(1303)) - s2@group-045A2751C825: receive requestVote(ELECTION, s1, group-045A2751C825, 1, (t:0, i:0))
2023-04-11 14:12:39,608 [HandlerDaemon-1] INFO  impl.VoteContext (VoteContext.java:log(49)) - s2@group-045A2751C825-FOLLOWER: accept ELECTION from s1: our priority 0 <= candidate's priority 0
2023-04-11 14:12:39,608 [HandlerDaemon-1] INFO  server.RaftServer$Division (RaftServerImpl.java:setRole(329)) - s2@group-045A2751C825: changes role from  FOLLOWER to FOLLOWER at term 1 for candidate:s1
2023-04-11 14:12:39,608 [HandlerDaemon-1] INFO  impl.RoleInfo (RoleInfo.java:shutdownFollowerState(110)) - s2: shutdown s2@group-045A2751C825-FollowerState
2023-04-11 14:12:39,608 [HandlerDaemon-1] INFO  impl.VoteContext (VoteContext.java:log(49)) - s0@group-045A2751C825-FOLLOWER: accept ELECTION from s1: our priority 0 <= candidate's priority 0
2023-04-11 14:12:39,608 [HandlerDaemon-1] INFO  server.RaftServer$Division (RaftServerImpl.java:setRole(329)) - s0@group-045A2751C825: changes role from  FOLLOWER to FOLLOWER at term 1 for candidate:s1
2023-04-11 14:12:39,608 [HandlerDaemon-1] INFO  impl.RoleInfo (RoleInfo.java:shutdownFollowerState(110)) - s0: shutdown s0@group-045A2751C825-FollowerState
2023-04-11 14:12:39,608 [s0@group-045A2751C825-FollowerState] INFO  impl.FollowerState (FollowerState.java:run(152)) - s0@group-045A2751C825-FollowerState was interrupted
2023-04-11 14:12:39,608 [s2@group-045A2751C825-FollowerState] INFO  impl.FollowerState (FollowerState.java:run(152)) - s2@group-045A2751C825-FollowerState was interrupted
2023-04-11 14:12:39,608 [HandlerDaemon-1] INFO  impl.RoleInfo (RoleInfo.java:updateAndGet(139)) - s2: start s2@group-045A2751C825-FollowerState
2023-04-11 14:12:39,609 [HandlerDaemon-1] INFO  impl.RoleInfo (RoleInfo.java:updateAndGet(139)) - s0: start s0@group-045A2751C825-FollowerState
2023-04-11 14:12:39,611 [HandlerDaemon-1] INFO  server.RaftServer$Division (RaftServerImpl.java:requestVote(1336)) - s0@group-045A2751C825 replies to ELECTION vote request: s1<-s0#0:OK-t1. Peer's state: s0@group-045A2751C825:t1, leader=null, voted=s1, raftlog=Memoized:s0@group-045A2751C825-SegmentedRaftLog:OPENED:c-1, conf=-1: peers:[s0|rpc:localhost:37513|admin:localhost:33837|client:localhost:41249|dataStream:localhost:41665|priority:0|startupRole:FOLLOWER, s1|rpc:localhost:39253|admin:localhost:39739|client:localhost:46055|dataStream:localhost:46641|priority:0|startupRole:FOLLOWER, s2|rpc:localhost:45657|admin:localhost:42325|client:localhost:37941|dataStream:localhost:42855|priority:0|startupRole:FOLLOWER]|listeners:[], old=null
2023-04-11 14:12:39,611 [HandlerDaemon-1] INFO  server.RaftServer$Division (RaftServerImpl.java:requestVote(1336)) - s2@group-045A2751C825 replies to ELECTION vote request: s1<-s2#0:OK-t1. Peer's state: s2@group-045A2751C825:t1, leader=null, voted=s1, raftlog=Memoized:s2@group-045A2751C825-SegmentedRaftLog:OPENED:c-1, conf=-1: peers:[s0|rpc:localhost:37513|admin:localhost:33837|client:localhost:41249|dataStream:localhost:41665|priority:0|startupRole:FOLLOWER, s1|rpc:localhost:39253|admin:localhost:39739|client:localhost:46055|dataStream:localhost:46641|priority:0|startupRole:FOLLOWER, s2|rpc:localhost:45657|admin:localhost:42325|client:localhost:37941|dataStream:localhost:42855|priority:0|startupRole:FOLLOWER]|listeners:[], old=null
2023-04-11 14:12:39,611 [s1@group-045A2751C825-LeaderElection5] INFO  impl.LeaderElection (LeaderElection.java:logAndReturn(89)) - s1@group-045A2751C825-LeaderElection5: ELECTION PASSED received 1 response(s) and 0 exception(s):
2023-04-11 14:12:39,612 [s1@group-045A2751C825-LeaderElection5] INFO  impl.LeaderElection (LeaderElection.java:logAndReturn(93)) -   Response 0: s1<-s0#0:OK-t1
2023-04-11 14:12:39,612 [s1@group-045A2751C825-LeaderElection5] INFO  impl.LeaderElection (LeaderElection.java:askForVotes(322)) - s1@group-045A2751C825-LeaderElection5 ELECTION round 0: result PASSED
2023-04-11 14:12:39,612 [s1@group-045A2751C825-LeaderElection5] INFO  impl.RoleInfo (RoleInfo.java:shutdownLeaderElection(130)) - s1: shutdown s1@group-045A2751C825-LeaderElection5
2023-04-11 14:12:39,612 [s1@group-045A2751C825-LeaderElection5] INFO  server.RaftServer$Division (RaftServerImpl.java:setRole(329)) - s1@group-045A2751C825: changes role from CANDIDATE to LEADER at term 1 for changeToLeader
2023-04-11 14:12:39,612 [s1@group-045A2751C825-LeaderElection5] INFO  server.RaftServer$Division (ServerState.java:setLeader(260)) - s1@group-045A2751C825: change Leader from null to s1 at term 1 for becomeLeader, leader elected after 233ms
2023-04-11 14:12:39,612 [s1@group-045A2751C825-LeaderElection5] INFO  server.RaftServerConfigKeys (ConfUtils.java:logGet(46)) - raft.server.staging.catchup.gap = 1000 (default)
2023-04-11 14:12:39,612 [s1@group-045A2751C825-LeaderElection5] INFO  server.RaftServerConfigKeys (ConfUtils.java:logGet(46)) - raft.server.write.element-limit = 4096 (default)
2023-04-11 14:12:39,612 [s1@group-045A2751C825-LeaderElection5] INFO  server.RaftServerConfigKeys (ConfUtils.java:logGet(46)) - raft.server.write.byte-limit = 64MB (=67108864) (default)
2023-04-11 14:12:39,612 [s1@group-045A2751C825-LeaderElection5] INFO  server.RaftServerConfigKeys (ConfUtils.java:logGet(46)) - raft.server.watch.timeout = 10s (default)
2023-04-11 14:12:39,612 [s1@group-045A2751C825-LeaderElection5] INFO  server.RaftServerConfigKeys (ConfUtils.java:logGet(46)) - raft.server.watch.timeout.denomination = 1s (default)
2023-04-11 14:12:39,612 [s1@group-045A2751C825-LeaderElection5] INFO  server.RaftServerConfigKeys (ConfUtils.java:logGet(46)) - raft.server.watch.element-limit = 65536 (default)
2023-04-11 14:12:39,613 [s1@group-045A2751C825-LeaderElection5] INFO  server.RaftServerConfigKeys (ConfUtils.java:logGet(46)) - raft.server.write.element-limit = 4096 (default)
2023-04-11 14:12:39,613 [s1@group-045A2751C825-LeaderElection5] INFO  server.RaftServerConfigKeys (ConfUtils.java:logGet(46)) - raft.server.write.follower.gap.ratio.max = -1.0 (default)
2023-04-11 14:12:39,613 [s1@group-045A2751C825-LeaderElection5] INFO  server.RaftServerConfigKeys (ConfUtils.java:logGet(46)) - raft.server.log.appender.snapshot.chunk.size.max = 16MB (=16777216) (default)
2023-04-11 14:12:39,613 [s1@group-045A2751C825-LeaderElection5] INFO  server.RaftServerConfigKeys (ConfUtils.java:logGet(46)) - raft.server.log.appender.buffer.byte-limit = 4MB (=4194304) (default)
2023-04-11 14:12:39,613 [s1@group-045A2751C825-LeaderElection5] INFO  server.RaftServerConfigKeys (ConfUtils.java:logGet(46)) - raft.server.log.appender.buffer.element-limit = 0 (default)
2023-04-11 14:12:39,613 [s1@group-045A2751C825-LeaderElection5] INFO  server.RaftServerConfigKeys (ConfUtils.java:logGet(46)) - raft.server.log.appender.wait-time.min = 10ms (default)
2023-04-11 14:12:39,614 [s1@group-045A2751C825-LeaderElection5] INFO  server.RaftServerConfigKeys (ConfUtils.java:logGet(46)) - raft.server.log.appender.snapshot.chunk.size.max = 16MB (=16777216) (default)
2023-04-11 14:12:39,614 [s1@group-045A2751C825-LeaderElection5] INFO  server.RaftServerConfigKeys (ConfUtils.java:logGet(46)) - raft.server.log.appender.buffer.byte-limit = 4MB (=4194304) (default)
2023-04-11 14:12:39,614 [s1@group-045A2751C825-LeaderElection5] INFO  server.RaftServerConfigKeys (ConfUtils.java:logGet(46)) - raft.server.log.appender.buffer.element-limit = 0 (default)
2023-04-11 14:12:39,614 [s1@group-045A2751C825-LeaderElection5] INFO  server.RaftServerConfigKeys (ConfUtils.java:logGet(46)) - raft.server.log.appender.wait-time.min = 10ms (default)
2023-04-11 14:12:39,614 [s1@group-045A2751C825-LeaderElection5] INFO  impl.RoleInfo (RoleInfo.java:updateAndGet(139)) - s1: start s1@group-045A2751C825-LeaderStateImpl
2023-04-11 14:12:39,614 [s1@group-045A2751C825-LeaderElection5] DEBUG raftlog.RaftLog (SegmentedRaftLog.java:appendImpl(447)) - truncateIndex=-1, arrayIndex=0
2023-04-11 14:12:39,614 [s1@group-045A2751C825-LeaderElection5] INFO  segmented.SegmentedRaftLogWorker (SegmentedRaftLogWorker.java:startLogSegment(426)) - s1@group-045A2751C825-SegmentedRaftLogWorker: Starting segment from index:0
2023-04-11 14:12:39,626 [s1@group-045A2751C825-LeaderElection5] INFO  server.RaftServer$Division (ServerState.java:setRaftConf(377)) - s1@group-045A2751C825: set configuration 0: peers:[s0|rpc:localhost:37513|admin:localhost:33837|client:localhost:41249|dataStream:localhost:41665|priority:0|startupRole:FOLLOWER, s1|rpc:localhost:39253|admin:localhost:39739|client:localhost:46055|dataStream:localhost:46641|priority:0|startupRole:FOLLOWER, s2|rpc:localhost:45657|admin:localhost:42325|client:localhost:37941|dataStream:localhost:42855|priority:0|startupRole:FOLLOWER]|listeners:[], old=null
2023-04-11 14:12:39,626 [HandlerDaemon-2] INFO  server.RaftServer$Division (ServerState.java:setLeader(260)) - s0@group-045A2751C825: change Leader from null to s1 at term 1 for appendEntries, leader elected after 260ms
2023-04-11 14:12:39,627 [HandlerDaemon-2] INFO  server.RaftServer$Division (ServerState.java:setLeader(260)) - s2@group-045A2751C825: change Leader from null to s1 at term 1 for appendEntries, leader elected after 233ms
2023-04-11 14:12:39,630 [s1@group-045A2751C825-SegmentedRaftLogWorker] INFO  segmented.SegmentedRaftLogWorker (SegmentedRaftLogWorker.java:execute(630)) - s1@group-045A2751C825-SegmentedRaftLogWorker: created new log segment /home/runner/work/ratis/ratis/ratis-test/target/test/data/6a86d74c/MiniRaftClusterWithSimulatedRpcc9642ec1/s1/3f88d46b-6518-4caf-8584-045a2751c825/current/log_inprogress_0
2023-04-11 14:12:39,634 [HandlerDaemon-0] DEBUG server.RaftServer$Division (RaftServerImpl.java:logAppendEntries(1430)) - s0@group-045A2751C825: receive appendEntries(s1, 1, null, -1, true, commits:[s1:c-1, s0:c-1, s2:c-1], cId:27, entries: [(t:1, i:0), CONFIGURATIONENTRY(current:id: "s0"
address: "localhost:37513"
dataStreamAddress: "localhost:41665"
clientAddress: "localhost:41249"
adminAddress: "localhost:33837"
startupRole: FOLLOWER
,id: "s1"
address: "localhost:39253"
dataStreamAddress: "localhost:46641"
clientAddress: "localhost:46055"
adminAddress: "localhost:39739"
startupRole: FOLLOWER
,id: "s2"
address: "localhost:45657"
dataStreamAddress: "localhost:42855"
clientAddress: "localhost:37941"
adminAddress: "localhost:42325"
startupRole: FOLLOWER
, old:)]
2023-04-11 14:12:39,637 [HandlerDaemon-0] INFO  server.RaftServer$Division (ServerState.java:setRaftConf(377)) - s0@group-045A2751C825: set configuration 0: peers:[s0|rpc:localhost:37513|admin:localhost:33837|client:localhost:41249|dataStream:localhost:41665|priority:0|startupRole:FOLLOWER, s1|rpc:localhost:39253|admin:localhost:39739|client:localhost:46055|dataStream:localhost:46641|priority:0|startupRole:FOLLOWER, s2|rpc:localhost:45657|admin:localhost:42325|client:localhost:37941|dataStream:localhost:42855|priority:0|startupRole:FOLLOWER]|listeners:[], old=null
2023-04-11 14:12:39,638 [HandlerDaemon-0] DEBUG server.RaftServer$Division (RaftServerImpl.java:logAppendEntries(1430)) - s2@group-045A2751C825: receive appendEntries(s1, 1, null, -1, true, commits:[s1:c-1, s0:c-1, s2:c-1], cId:28, entries: [(t:1, i:0), CONFIGURATIONENTRY(current:id: "s0"
address: "localhost:37513"
dataStreamAddress: "localhost:41665"
clientAddress: "localhost:41249"
adminAddress: "localhost:33837"
startupRole: FOLLOWER
,id: "s1"
address: "localhost:39253"
dataStreamAddress: "localhost:46641"
clientAddress: "localhost:46055"
adminAddress: "localhost:39739"
startupRole: FOLLOWER
,id: "s2"
address: "localhost:45657"
dataStreamAddress: "localhost:42855"
clientAddress: "localhost:37941"
adminAddress: "localhost:42325"
startupRole: FOLLOWER
, old:)]
2023-04-11 14:12:39,638 [HandlerDaemon-0] DEBUG raftlog.RaftLog (SegmentedRaftLog.java:appendImpl(447)) - truncateIndex=-1, arrayIndex=0
2023-04-11 14:12:39,638 [HandlerDaemon-0] INFO  segmented.SegmentedRaftLogWorker (SegmentedRaftLogWorker.java:startLogSegment(426)) - s0@group-045A2751C825-SegmentedRaftLogWorker: Starting segment from index:0
2023-04-11 14:12:39,638 [HandlerDaemon-0] INFO  server.RaftServer$Division (ServerState.java:setRaftConf(377)) - s2@group-045A2751C825: set configuration 0: peers:[s0|rpc:localhost:37513|admin:localhost:33837|client:localhost:41249|dataStream:localhost:41665|priority:0|startupRole:FOLLOWER, s1|rpc:localhost:39253|admin:localhost:39739|client:localhost:46055|dataStream:localhost:46641|priority:0|startupRole:FOLLOWER, s2|rpc:localhost:45657|admin:localhost:42325|client:localhost:37941|dataStream:localhost:42855|priority:0|startupRole:FOLLOWER]|listeners:[], old=null
2023-04-11 14:12:39,639 [HandlerDaemon-0] DEBUG raftlog.RaftLog (SegmentedRaftLog.java:appendImpl(447)) - truncateIndex=-1, arrayIndex=0
2023-04-11 14:12:39,639 [HandlerDaemon-0] INFO  segmented.SegmentedRaftLogWorker (SegmentedRaftLogWorker.java:startLogSegment(426)) - s2@group-045A2751C825-SegmentedRaftLogWorker: Starting segment from index:0
2023-04-11 14:12:39,659 [s2@group-045A2751C825-SegmentedRaftLogWorker] INFO  segmented.SegmentedRaftLogWorker (SegmentedRaftLogWorker.java:execute(630)) - s2@group-045A2751C825-SegmentedRaftLogWorker: created new log segment /home/runner/work/ratis/ratis/ratis-test/target/test/data/6a86d74c/MiniRaftClusterWithSimulatedRpcc9642ec1/s2/3f88d46b-6518-4caf-8584-045a2751c825/current/log_inprogress_0
2023-04-11 14:12:39,659 [s0@group-045A2751C825-SegmentedRaftLogWorker] INFO  segmented.SegmentedRaftLogWorker (SegmentedRaftLogWorker.java:execute(630)) - s0@group-045A2751C825-SegmentedRaftLogWorker: created new log segment /home/runner/work/ratis/ratis/ratis-test/target/test/data/6a86d74c/MiniRaftClusterWithSimulatedRpcc9642ec1/s0/3f88d46b-6518-4caf-8584-045a2751c825/current/log_inprogress_0
2023-04-11 14:12:39,660 [s2-server-thread1] DEBUG server.RaftServer$Division (RaftServerImpl.java:logAppendEntries(1430)) - s2@group-045A2751C825: succeeded to handle AppendEntries. Reply: s1<-s2#28:OK-t1,SUCCESS,nextIndex=1,followerCommit=-1,matchIndex=0
2023-04-11 14:12:39,661 [s0-server-thread1] DEBUG server.RaftServer$Division (RaftServerImpl.java:logAppendEntries(1430)) - s0@group-045A2751C825: succeeded to handle AppendEntries. Reply: s1<-s0#27:OK-t1,SUCCESS,nextIndex=1,followerCommit=-1,matchIndex=0
2023-04-11 14:12:39,908 [Time-limited test] INFO  ratis.RaftTestUtil (RaftTestUtil.java:waitForLeader(119)) - printing ALL groups
  s0:  RUNNING  FOLLOWER s0@group-045A2751C825:t1, leader=s1, voted=s1, raftlog=Memoized:s0@group-045A2751C825-SegmentedRaftLog:OPENED:c0, conf=0: peers:[s0|rpc:localhost:37513|admin:localhost:33837|client:localhost:41249|dataStream:localhost:41665|priority:0|startupRole:FOLLOWER, s1|rpc:localhost:39253|admin:localhost:39739|client:localhost:46055|dataStream:localhost:46641|priority:0|startupRole:FOLLOWER, s2|rpc:localhost:45657|admin:localhost:42325|client:localhost:37941|dataStream:localhost:42855|priority:0|startupRole:FOLLOWER]|listeners:[], old=null RUNNING
  s1:  RUNNING    LEADER s1@group-045A2751C825:t1, leader=s1, voted=s1, raftlog=Memoized:s1@group-045A2751C825-SegmentedRaftLog:OPENED:c0, conf=0: peers:[s0|rpc:localhost:37513|admin:localhost:33837|client:localhost:41249|dataStream:localhost:41665|priority:0|startupRole:FOLLOWER, s1|rpc:localhost:39253|admin:localhost:39739|client:localhost:46055|dataStream:localhost:46641|priority:0|startupRole:FOLLOWER, s2|rpc:localhost:45657|admin:localhost:42325|client:localhost:37941|dataStream:localhost:42855|priority:0|startupRole:FOLLOWER]|listeners:[], old=null RUNNING
  s2:  RUNNING  FOLLOWER s2@group-045A2751C825:t1, leader=s1, voted=s1, raftlog=Memoized:s2@group-045A2751C825-SegmentedRaftLog:OPENED:c0, conf=0: peers:[s0|rpc:localhost:37513|admin:localhost:33837|client:localhost:41249|dataStream:localhost:41665|priority:0|startupRole:FOLLOWER, s1|rpc:localhost:39253|admin:localhost:39739|client:localhost:46055|dataStream:localhost:46641|priority:0|startupRole:FOLLOWER, s2|rpc:localhost:45657|admin:localhost:42325|client:localhost:37941|dataStream:localhost:42855|priority:0|startupRole:FOLLOWER]|listeners:[], old=null RUNNING
2023-04-11 14:12:39,908 [Time-limited test] DEBUG client.RaftClient (ConfUtils.java:logGet(46)) - raft.rpc.type = org.apache.ratis.server.simulation.SimulatedRpc (custom)
2023-04-11 14:12:39,909 [s1-client-thread1] DEBUG server.RaftServer$Division (RaftServerImpl.java:submitClientRequestAsync(839)) - s1@group-045A2751C825: receive client request(RaftClientRequest:client-FFE442BFD99C->s1@group-045A2751C825, cid=41, seq=0, RW, m)
2023-04-11 14:12:39,909 [s1-client-thread1] DEBUG server.RaftServer$Division (LeaderStateImpl.java:addPendingRequest(477)) - s1@group-045A2751C825-LeaderStateImpl: addPendingRequest at RaftClientRequest:client-FFE442BFD99C->s1@group-045A2751C825, cid=41, seq=0, RW, m, entry=(t:1, i:1), STATEMACHINELOGENTRY, 41@client-FFE442BFD99C
2023-04-11 14:12:39,910 [HandlerDaemon-1] DEBUG server.RaftServer$Division (RaftServerImpl.java:logAppendEntries(1430)) - s2@group-045A2751C825: receive appendEntries(s1, 1, (t:1, i:0), 0, true, commits:[s1:c0, s0:c0, s2:c0], cId:42, entries: [(t:1, i:1), STATEMACHINELOGENTRY, 41@client-FFE442BFD99C]
2023-04-11 14:12:39,910 [HandlerDaemon-1] DEBUG server.RaftServer$Division (RaftServerImpl.java:logAppendEntries(1430)) - s0@group-045A2751C825: receive appendEntries(s1, 1, (t:1, i:0), 0, true, commits:[s1:c0, s0:c0, s2:c0], cId:43, entries: [(t:1, i:1), STATEMACHINELOGENTRY, 41@client-FFE442BFD99C]
2023-04-11 14:12:39,910 [HandlerDaemon-1] DEBUG raftlog.RaftLog (SegmentedRaftLog.java:appendImpl(447)) - truncateIndex=-1, arrayIndex=0
2023-04-11 14:12:39,910 [HandlerDaemon-1] DEBUG raftlog.RaftLog (SegmentedRaftLog.java:appendImpl(447)) - truncateIndex=-1, arrayIndex=0
2023-04-11 14:12:39,912 [s0-server-thread1] DEBUG server.RaftServer$Division (RaftServerImpl.java:logAppendEntries(1430)) - s0@group-045A2751C825: succeeded to handle AppendEntries. Reply: s1<-s0#43:OK-t1,SUCCESS,nextIndex=2,followerCommit=0,matchIndex=1
2023-04-11 14:12:39,912 [s2-server-thread1] DEBUG server.RaftServer$Division (RaftServerImpl.java:logAppendEntries(1430)) - s2@group-045A2751C825: succeeded to handle AppendEntries. Reply: s1<-s2#42:OK-t1,SUCCESS,nextIndex=2,followerCommit=0,matchIndex=1
2023-04-11 14:12:39,913 [HandlerDaemon-2] DEBUG server.RaftServer$Division (RaftServerImpl.java:logAppendEntries(1430)) - s2@group-045A2751C825: receive appendEntries(s1, 1, (t:1, i:1), 1, true, commits:[s1:c1, s0:c0, s2:c0], cId:44, entries: [(t:1, i:2), METADATAENTRY(c:1)]
2023-04-11 14:12:39,914 [HandlerDaemon-2] DEBUG raftlog.RaftLog (SegmentedRaftLog.java:appendImpl(447)) - truncateIndex=-1, arrayIndex=0
2023-04-11 14:12:39,914 [HandlerDaemon-2] DEBUG server.RaftServer$Division (RaftServerImpl.java:logAppendEntries(1430)) - s0@group-045A2751C825: receive appendEntries(s1, 1, (t:1, i:1), 1, true, commits:[s1:c1, s0:c0, s2:c0], cId:45, entries: [(t:1, i:2), METADATAENTRY(c:1)]
2023-04-11 14:12:39,914 [HandlerDaemon-2] DEBUG raftlog.RaftLog (SegmentedRaftLog.java:appendImpl(447)) - truncateIndex=-1, arrayIndex=0
2023-04-11 14:12:39,915 [s2-server-thread1] DEBUG server.RaftServer$Division (RaftServerImpl.java:logAppendEntries(1430)) - s2@group-045A2751C825: succeeded to handle AppendEntries. Reply: s1<-s2#44:OK-t1,SUCCESS,nextIndex=3,followerCommit=1,matchIndex=2
2023-04-11 14:12:39,915 [s0-server-thread1] DEBUG server.RaftServer$Division (RaftServerImpl.java:logAppendEntries(1430)) - s0@group-045A2751C825: succeeded to handle AppendEntries. Reply: s1<-s0#45:OK-t1,SUCCESS,nextIndex=3,followerCommit=1,matchIndex=2
2023-04-11 14:12:39,917 [Time-limited test] INFO  impl.MiniRaftCluster (MiniRaftCluster.java:shutdown(831)) - ************************************************************** 
2023-04-11 14:12:39,917 [Time-limited test] INFO  impl.MiniRaftCluster (MiniRaftCluster.java:shutdown(832)) - *** 
2023-04-11 14:12:39,917 [Time-limited test] INFO  impl.MiniRaftCluster (MiniRaftCluster.java:shutdown(833)) - ***     Stopping MiniRaftClusterWithSimulatedRpc
2023-04-11 14:12:39,917 [Time-limited test] INFO  impl.MiniRaftCluster (MiniRaftCluster.java:shutdown(834)) - *** 
2023-04-11 14:12:39,917 [Time-limited test] INFO  impl.MiniRaftCluster (MiniRaftCluster.java:shutdown(835)) - ************************************************************** 
2023-04-11 14:12:39,917 [Time-limited test] INFO  impl.MiniRaftCluster (MiniRaftCluster.java:shutdown(836)) - printing ALL groups
  s0:  RUNNING  FOLLOWER s0@group-045A2751C825:t1, leader=s1, voted=s1, raftlog=Memoized:s0@group-045A2751C825-SegmentedRaftLog:OPENED:c1, conf=0: peers:[s0|rpc:localhost:37513|admin:localhost:33837|client:localhost:41249|dataStream:localhost:41665|priority:0|startupRole:FOLLOWER, s1|rpc:localhost:39253|admin:localhost:39739|client:localhost:46055|dataStream:localhost:46641|priority:0|startupRole:FOLLOWER, s2|rpc:localhost:45657|admin:localhost:42325|client:localhost:37941|dataStream:localhost:42855|priority:0|startupRole:FOLLOWER]|listeners:[], old=null RUNNING
  s1:  RUNNING    LEADER s1@group-045A2751C825:t1, leader=s1, voted=s1, raftlog=Memoized:s1@group-045A2751C825-SegmentedRaftLog:OPENED:c2, conf=0: peers:[s0|rpc:localhost:37513|admin:localhost:33837|client:localhost:41249|dataStream:localhost:41665|priority:0|startupRole:FOLLOWER, s1|rpc:localhost:39253|admin:localhost:39739|client:localhost:46055|dataStream:localhost:46641|priority:0|startupRole:FOLLOWER, s2|rpc:localhost:45657|admin:localhost:42325|client:localhost:37941|dataStream:localhost:42855|priority:0|startupRole:FOLLOWER]|listeners:[], old=null RUNNING
  s2:  RUNNING  FOLLOWER s2@group-045A2751C825:t1, leader=s1, voted=s1, raftlog=Memoized:s2@group-045A2751C825-SegmentedRaftLog:OPENED:c1, conf=0: peers:[s0|rpc:localhost:37513|admin:localhost:33837|client:localhost:41249|dataStream:localhost:41665|priority:0|startupRole:FOLLOWER, s1|rpc:localhost:39253|admin:localhost:39739|client:localhost:46055|dataStream:localhost:46641|priority:0|startupRole:FOLLOWER, s2|rpc:localhost:45657|admin:localhost:42325|client:localhost:37941|dataStream:localhost:42855|priority:0|startupRole:FOLLOWER]|listeners:[], old=null RUNNING
2023-04-11 14:12:39,918 [MiniRaftCluster-7] INFO  server.RaftServer (RaftServerProxy.java:lambda$close$7(417)) - s0: close
2023-04-11 14:12:39,918 [MiniRaftCluster-8] INFO  server.RaftServer (RaftServerProxy.java:lambda$close$7(417)) - s1: close
2023-04-11 14:12:39,923 [s0-impl-thread1] INFO  server.RaftServer$Division (RaftServerImpl.java:lambda$close$4(466)) - s0@group-045A2751C825: shutdown
2023-04-11 14:12:39,923 [s0-impl-thread1] INFO  util.JmxRegister (JmxRegister.java:unregister(73)) - Successfully un-registered JMX Bean with object name Ratis:service=RaftServer,group=group-045A2751C825,id=s0
2023-04-11 14:12:39,923 [s0-impl-thread1] INFO  impl.RoleInfo (RoleInfo.java:shutdownFollowerState(110)) - s0: shutdown s0@group-045A2751C825-FollowerState
2023-04-11 14:12:39,923 [s0-impl-thread1] INFO  impl.StateMachineUpdater (StateMachineUpdater.java:stopAndJoin(154)) - s0@group-045A2751C825-StateMachineUpdater: set stopIndex = 1
2023-04-11 14:12:39,924 [HandlerDaemon-0] INFO  simulation.RequestHandler (RequestHandler.java:run(127)) - s0.clientHandler0 is interrupted by java.io.InterruptedIOException: 
2023-04-11 14:12:39,924 [HandlerDaemon-1] INFO  simulation.RequestHandler (RequestHandler.java:run(127)) - s0.clientHandler1 is interrupted by java.io.InterruptedIOException: 
2023-04-11 14:12:39,924 [HandlerDaemon-2] INFO  simulation.RequestHandler (RequestHandler.java:run(127)) - s0.clientHandler2 is interrupted by java.io.InterruptedIOException: 
2023-04-11 14:12:39,924 [s0@group-045A2751C825-FollowerState] INFO  impl.FollowerState (FollowerState.java:run(152)) - s0@group-045A2751C825-FollowerState was interrupted
2023-04-11 14:12:39,924 [s0-impl-thread1] INFO  server.RaftServer$Division (ServerState.java:close(415)) - s0@group-045A2751C825: applyIndex: 0
2023-04-11 14:12:39,924 [s1-impl-thread1] INFO  server.RaftServer$Division (RaftServerImpl.java:lambda$close$4(466)) - s1@group-045A2751C825: shutdown
2023-04-11 14:12:39,927 [s1-impl-thread1] INFO  util.JmxRegister (JmxRegister.java:unregister(73)) - Successfully un-registered JMX Bean with object name Ratis:service=RaftServer,group=group-045A2751C825,id=s1
2023-04-11 14:12:39,927 [HandlerDaemon-2] INFO  simulation.RequestHandler (RequestHandler.java:run(127)) - s1.clientHandler2 is interrupted by java.io.InterruptedIOException: 
2023-04-11 14:12:39,927 [s1-impl-thread1] INFO  impl.RoleInfo (RoleInfo.java:shutdownLeaderState(93)) - s1: shutdown s1@group-045A2751C825-LeaderStateImpl
2023-04-11 14:12:39,927 [s1@group-045A2751C825->s0-LogAppenderDefault-LogAppenderDaemon] INFO  leader.LogAppenderDaemon (LogAppenderDaemon.java:run(83)) - s1@group-045A2751C825->s0-LogAppenderDefault-LogAppenderDaemon was interrupted: java.lang.InterruptedException
2023-04-11 14:12:39,928 [s1-impl-thread1] INFO  impl.PendingRequests (PendingRequests.java:sendNotLeaderResponses(289)) - s1@group-045A2751C825-PendingRequests: sendNotLeaderResponses
2023-04-11 14:12:39,924 [HandlerDaemon-0] INFO  simulation.RequestHandler (RequestHandler.java:run(127)) - s1.clientHandler0 is interrupted by java.io.InterruptedIOException: 
2023-04-11 14:12:39,927 [HandlerDaemon-2] INFO  simulation.RequestHandler (RequestHandler.java:run(127)) - s0.serverHandler2 is interrupted by java.io.InterruptedIOException: 
2023-04-11 14:12:39,927 [HandlerDaemon-1] INFO  simulation.RequestHandler (RequestHandler.java:run(127)) - s0.serverHandler1 is interrupted by java.io.InterruptedIOException: 
2023-04-11 14:12:39,928 [s1@group-045A2751C825->s2-LogAppenderDefault-LogAppenderDaemon] INFO  leader.LogAppenderDaemon (LogAppenderDaemon.java:run(83)) - s1@group-045A2751C825->s2-LogAppenderDefault-LogAppenderDaemon was interrupted: java.lang.InterruptedException
2023-04-11 14:12:39,927 [HandlerDaemon-0] INFO  simulation.RequestHandler (RequestHandler.java:run(127)) - s0.serverHandler0 is interrupted by java.io.InterruptedIOException: 
2023-04-11 14:12:39,928 [HandlerDaemon-1] INFO  simulation.RequestHandler (RequestHandler.java:run(127)) - s1.clientHandler1 is interrupted by java.io.InterruptedIOException: 
2023-04-11 14:12:39,928 [MiniRaftCluster-9] INFO  server.RaftServer (RaftServerProxy.java:lambda$close$7(417)) - s2: close
2023-04-11 14:12:39,929 [HandlerDaemon-1] INFO  simulation.RequestHandler (RequestHandler.java:run(127)) - s1.serverHandler1 is interrupted by java.io.InterruptedIOException: 
2023-04-11 14:12:39,929 [HandlerDaemon-2] INFO  simulation.RequestHandler (RequestHandler.java:run(127)) - s1.serverHandler2 is interrupted by java.io.InterruptedIOException: 
2023-04-11 14:12:39,929 [HandlerDaemon-0] INFO  simulation.RequestHandler (RequestHandler.java:run(127)) - s1.serverHandler0 is interrupted by java.io.InterruptedIOException: 
2023-04-11 14:12:39,931 [s2-impl-thread1] INFO  server.RaftServer$Division (RaftServerImpl.java:lambda$close$4(466)) - s2@group-045A2751C825: shutdown
2023-04-11 14:12:39,931 [HandlerDaemon-1] INFO  simulation.RequestHandler (RequestHandler.java:run(127)) - s2.clientHandler1 is interrupted by java.io.InterruptedIOException: 
2023-04-11 14:12:39,931 [HandlerDaemon-2] INFO  simulation.RequestHandler (RequestHandler.java:run(127)) - s2.clientHandler2 is interrupted by java.io.InterruptedIOException: 
2023-04-11 14:12:39,931 [HandlerDaemon-0] INFO  simulation.RequestHandler (RequestHandler.java:run(127)) - s2.clientHandler0 is interrupted by java.io.InterruptedIOException: 
2023-04-11 14:12:39,931 [s2-impl-thread1] INFO  util.JmxRegister (JmxRegister.java:unregister(73)) - Successfully un-registered JMX Bean with object name Ratis:service=RaftServer,group=group-045A2751C825,id=s2
2023-04-11 14:12:39,932 [s2-impl-thread1] INFO  impl.RoleInfo (RoleInfo.java:shutdownFollowerState(110)) - s2: shutdown s2@group-045A2751C825-FollowerState
2023-04-11 14:12:39,932 [s2-impl-thread1] INFO  impl.StateMachineUpdater (StateMachineUpdater.java:stopAndJoin(154)) - s2@group-045A2751C825-StateMachineUpdater: set stopIndex = 1
2023-04-11 14:12:39,932 [s2@group-045A2751C825-FollowerState] INFO  impl.FollowerState (FollowerState.java:run(152)) - s2@group-045A2751C825-FollowerState was interrupted
2023-04-11 14:12:39,935 [s2-impl-thread1] INFO  server.RaftServer$Division (ServerState.java:close(415)) - s2@group-045A2751C825: applyIndex: 0
2023-04-11 14:12:39,936 [HandlerDaemon-0] INFO  simulation.RequestHandler (RequestHandler.java:run(127)) - s2.serverHandler0 is interrupted by java.io.InterruptedIOException: 
2023-04-11 14:12:39,936 [HandlerDaemon-2] INFO  simulation.RequestHandler (RequestHandler.java:run(127)) - s2.serverHandler2 is interrupted by java.io.InterruptedIOException: 
2023-04-11 14:12:39,937 [HandlerDaemon-1] INFO  simulation.RequestHandler (RequestHandler.java:run(127)) - s2.serverHandler1 is interrupted by java.io.InterruptedIOException: 
2023-04-11 14:12:39,937 [s1-impl-thread1] INFO  impl.StateMachineUpdater (StateMachineUpdater.java:stopAndJoin(154)) - s1@group-045A2751C825-StateMachineUpdater: set stopIndex = 2
2023-04-11 14:12:39,937 [s1-impl-thread1] INFO  server.RaftServer$Division (ServerState.java:close(415)) - s1@group-045A2751C825: applyIndex: 2
2023-04-11 14:12:40,917 [s1-impl-thread1] INFO  segmented.SegmentedRaftLogWorker (SegmentedRaftLogWorker.java:close(242)) - s1@group-045A2751C825-SegmentedRaftLogWorker close()
2023-04-11 14:12:40,918 [s2-impl-thread1] INFO  segmented.SegmentedRaftLogWorker (SegmentedRaftLogWorker.java:close(242)) - s2@group-045A2751C825-SegmentedRaftLogWorker close()
2023-04-11 14:12:40,919 [JvmPauseMonitor5] INFO  util.JvmPauseMonitor (JvmPauseMonitor.java:run(109)) - JvmPauseMonitor-s2: Stopped
2023-04-11 14:12:40,920 [s0-impl-thread1] INFO  segmented.SegmentedRaftLogWorker (SegmentedRaftLogWorker.java:close(242)) - s0@group-045A2751C825-SegmentedRaftLogWorker close()
2023-04-11 14:12:40,921 [JvmPauseMonitor4] INFO  util.JvmPauseMonitor (JvmPauseMonitor.java:run(109)) - JvmPauseMonitor-s1: Stopped
2023-04-11 14:12:40,921 [JvmPauseMonitor3] INFO  util.JvmPauseMonitor (JvmPauseMonitor.java:run(109)) - JvmPauseMonitor-s0: Stopped
2023-04-11 14:12:40,921 [Time-limited test] INFO  impl.MiniRaftCluster (MiniRaftCluster.java:shutdown(855)) - MiniRaftClusterWithSimulatedRpc shutdown completed
2023-04-11 14:12:40,922 [Time-limited test] INFO  impl.MiniRaftCluster (MiniRaftCluster.java:shutdown(831)) - ************************************************************** 
2023-04-11 14:12:40,922 [Time-limited test] INFO  impl.MiniRaftCluster (MiniRaftCluster.java:shutdown(832)) - *** 
2023-04-11 14:12:40,922 [Time-limited test] INFO  impl.MiniRaftCluster (MiniRaftCluster.java:shutdown(833)) - ***     Stopping MiniRaftClusterWithSimulatedRpc
2023-04-11 14:12:40,922 [Time-limited test] INFO  impl.MiniRaftCluster (MiniRaftCluster.java:shutdown(834)) - *** 
2023-04-11 14:12:40,922 [Time-limited test] INFO  impl.MiniRaftCluster (MiniRaftCluster.java:shutdown(835)) - ************************************************************** 
2023-04-11 14:12:40,923 [Time-limited test] INFO  impl.MiniRaftCluster (MiniRaftCluster.java:shutdown(836)) - printing ALL groups
  s0:   CLOSED  FOLLOWER s0@group-045A2751C825:t1, leader=s1, voted=s1, raftlog=Memoized:s0@group-045A2751C825-SegmentedRaftLog:CLOSED:c1, conf=0: peers:[s0|rpc:localhost:37513|admin:localhost:33837|client:localhost:41249|dataStream:localhost:41665|priority:0|startupRole:FOLLOWER, s1|rpc:localhost:39253|admin:localhost:39739|client:localhost:46055|dataStream:localhost:46641|priority:0|startupRole:FOLLOWER, s2|rpc:localhost:45657|admin:localhost:42325|client:localhost:37941|dataStream:localhost:42855|priority:0|startupRole:FOLLOWER]|listeners:[], old=null CLOSED
  s1:   CLOSED    LEADER s1@group-045A2751C825:t1, leader=s1, voted=s1, raftlog=Memoized:s1@group-045A2751C825-SegmentedRaftLog:CLOSED:c2, conf=0: peers:[s0|rpc:localhost:37513|admin:localhost:33837|client:localhost:41249|dataStream:localhost:41665|priority:0|startupRole:FOLLOWER, s1|rpc:localhost:39253|admin:localhost:39739|client:localhost:46055|dataStream:localhost:46641|priority:0|startupRole:FOLLOWER, s2|rpc:localhost:45657|admin:localhost:42325|client:localhost:37941|dataStream:localhost:42855|priority:0|startupRole:FOLLOWER]|listeners:[], old=null CLOSED
  s2:   CLOSED  FOLLOWER s2@group-045A2751C825:t1, leader=s1, voted=s1, raftlog=Memoized:s2@group-045A2751C825-SegmentedRaftLog:CLOSED:c1, conf=0: peers:[s0|rpc:localhost:37513|admin:localhost:33837|client:localhost:41249|dataStream:localhost:41665|priority:0|startupRole:FOLLOWER, s1|rpc:localhost:39253|admin:localhost:39739|client:localhost:46055|dataStream:localhost:46641|priority:0|startupRole:FOLLOWER, s2|rpc:localhost:45657|admin:localhost:42325|client:localhost:37941|dataStream:localhost:42855|priority:0|startupRole:FOLLOWER]|listeners:[], old=null CLOSED
2023-04-11 14:12:40,927 [Time-limited test] INFO  impl.MiniRaftCluster (MiniRaftCluster.java:shutdown(855)) - MiniRaftClusterWithSimulatedRpc shutdown completed
]]></system-out>
    <system-err><![CDATA[org.apache.ratis.protocol.exceptions.StateMachineException: org.apache.ratis.protocol.exceptions.StateMachineException from Server s1@group-045A2751C825: Fake Exception
	at org.apache.ratis.server.impl.RaftServerImpl.lambda$replyPendingRequest$41(RaftServerImpl.java:1744)
	at java.base/java.util.concurrent.CompletableFuture.uniWhenComplete(CompletableFuture.java:859)
	at java.base/java.util.concurrent.CompletableFuture.uniWhenCompleteStage(CompletableFuture.java:883)
	at java.base/java.util.concurrent.CompletableFuture.whenComplete(CompletableFuture.java:2251)
	at org.apache.ratis.server.impl.RaftServerImpl.replyPendingRequest(RaftServerImpl.java:1736)
	at org.apache.ratis.server.impl.RaftServerImpl.applyLogToStateMachine(RaftServerImpl.java:1779)
	at org.apache.ratis.server.impl.StateMachineUpdater.applyLog(StateMachineUpdater.java:241)
	at org.apache.ratis.server.impl.StateMachineUpdater.run(StateMachineUpdater.java:183)
	at java.base/java.lang.Thread.run(Thread.java:829)
Caused by: org.apache.ratis.protocol.exceptions.StateMachineException: Fake Exception
	at org.apache.ratis.server.impl.RaftStateMachineExceptionTests$StateMachineWithException.applyTransaction(RaftStateMachineExceptionTests.java:62)
	at org.apache.ratis.server.impl.RaftServerImpl.applyLogToStateMachine(RaftServerImpl.java:1778)
	... 3 more
]]></system-err>
  </testcase>
  <testcase name="testRetryOnExceptionDuringReplication" classname="org.apache.ratis.server.simulation.TestRaftStateMachineExceptionWithSimulatedRpc" time="1.565">
    <error type="java.lang.NullPointerException"><![CDATA[java.lang.NullPointerException
	at java.base/java.util.Objects.requireNonNull(Objects.java:221)
	at org.apache.ratis.server.impl.RaftStateMachineExceptionTests.runTestRetryOnExceptionDuringReplication(RaftStateMachineExceptionTests.java:172)
	at org.apache.ratis.server.impl.MiniRaftCluster$Factory$Get.runWithNewCluster(MiniRaftCluster.java:141)
	at org.apache.ratis.server.impl.MiniRaftCluster$Factory$Get.runWithNewCluster(MiniRaftCluster.java:121)
	at org.apache.ratis.server.impl.RaftStateMachineExceptionTests.testRetryOnExceptionDuringReplication(RaftStateMachineExceptionTests.java:147)
	at java.base/jdk.internal.reflect.NativeMethodAccessorImpl.invoke0(Native Method)
	at java.base/jdk.internal.reflect.NativeMethodAccessorImpl.invoke(NativeMethodAccessorImpl.java:62)
	at java.base/jdk.internal.reflect.DelegatingMethodAccessorImpl.invoke(DelegatingMethodAccessorImpl.java:43)
	at java.base/java.lang.reflect.Method.invoke(Method.java:566)
	at org.junit.runners.model.FrameworkMethod$1.runReflectiveCall(FrameworkMethod.java:59)
	at org.junit.internal.runners.model.ReflectiveCallable.run(ReflectiveCallable.java:12)
	at org.junit.runners.model.FrameworkMethod.invokeExplosively(FrameworkMethod.java:56)
	at org.junit.internal.runners.statements.InvokeMethod.evaluate(InvokeMethod.java:17)
	at org.junit.internal.runners.statements.RunAfters.evaluate(RunAfters.java:27)
	at org.junit.internal.runners.statements.FailOnTimeout$CallableStatement.call(FailOnTimeout.java:299)
	at org.junit.internal.runners.statements.FailOnTimeout$CallableStatement.call(FailOnTimeout.java:293)
	at java.base/java.util.concurrent.FutureTask.run(FutureTask.java:264)
	at java.base/java.lang.Thread.run(Thread.java:829)
]]></error>
    <system-out><![CDATA[2023-04-11 14:12:40,927 [main] INFO  util.LogUtils (Slf4jUtils.java:setLogLevel(38)) - Successfully set org.apache.ratis.conf.ConfUtils log level to WARN
2023-04-11 14:12:40,927 [main] INFO  util.LogUtils (Slf4jUtils.java:setLogLevel(38)) - Successfully set org.apache.ratis.util.FileUtils log level to TRACE
2023-04-11 14:12:40,927 [main] INFO  util.LogUtils (Slf4jUtils.java:setLogLevel(38)) - Successfully set org.apache.ratis.server.RaftServer$Division log level to DEBUG
2023-04-11 14:12:40,928 [main] INFO  util.LogUtils (Slf4jUtils.java:setLogLevel(38)) - Successfully set org.apache.ratis.server.raftlog.RaftLog log level to DEBUG
2023-04-11 14:12:40,928 [main] INFO  util.LogUtils (Slf4jUtils.java:setLogLevel(38)) - Successfully set org.apache.ratis.client.RaftClient log level to DEBUG
2023-04-11 14:12:40,929 [Time-limited test] INFO  impl.MiniRaftCluster (MiniRaftCluster.java:runWithNewCluster(135)) - Running runWithNewCluster
2023-04-11 14:12:40,929 [Time-limited test] INFO  simulation.MiniRaftClusterWithSimulatedRpc (ConfUtils.java:logGet(46)) - org.apache.ratis.server.simulation.SimulatedRequestReply.simulateLatencyMs = 0 (custom)
2023-04-11 14:12:40,930 [Time-limited test] INFO  impl.MiniRaftCluster (MiniRaftCluster.java:<init>(306)) - new MiniRaftClusterWithSimulatedRpc with group-A6C73DD72C11:[s0|rpc:localhost:34797|admin:localhost:39663|client:localhost:38903|dataStream:localhost:36463|priority:0|startupRole:FOLLOWER, s1|rpc:localhost:38511|admin:localhost:34105|client:localhost:40353|dataStream:localhost:37123|priority:0|startupRole:FOLLOWER, s2|rpc:localhost:39967|admin:localhost:36265|client:localhost:34663|dataStream:localhost:38633|priority:0|startupRole:FOLLOWER]
2023-04-11 14:12:40,930 [Time-limited test] INFO  impl.MiniRaftCluster (MiniRaftCluster.java:start(339)) - .............................................................. 
2023-04-11 14:12:40,930 [Time-limited test] INFO  impl.MiniRaftCluster (MiniRaftCluster.java:start(340)) - ... 
2023-04-11 14:12:40,930 [Time-limited test] INFO  impl.MiniRaftCluster (MiniRaftCluster.java:start(341)) - ...     Starting MiniRaftClusterWithSimulatedRpc
2023-04-11 14:12:40,930 [Time-limited test] INFO  impl.MiniRaftCluster (MiniRaftCluster.java:start(342)) - ... 
2023-04-11 14:12:40,930 [Time-limited test] INFO  impl.MiniRaftCluster (MiniRaftCluster.java:start(343)) - .............................................................. 
2023-04-11 14:12:40,930 [Time-limited test] INFO  impl.MiniRaftCluster (MiniRaftCluster.java:initServers(318)) - servers = {}
2023-04-11 14:12:40,930 [Time-limited test] INFO  impl.MiniRaftCluster (MiniRaftCluster.java:newRaftServer(382)) - newRaftServer: s0, group-A6C73DD72C11:[s0|rpc:localhost:34797|admin:localhost:39663|client:localhost:38903|dataStream:localhost:36463|priority:0|startupRole:FOLLOWER, s1|rpc:localhost:38511|admin:localhost:34105|client:localhost:40353|dataStream:localhost:37123|priority:0|startupRole:FOLLOWER, s2|rpc:localhost:39967|admin:localhost:36265|client:localhost:34663|dataStream:localhost:38633|priority:0|startupRole:FOLLOWER], format? true
2023-04-11 14:12:40,930 [Time-limited test] TRACE util.FileUtils (FileUtils.java:deleteFully(201)) - deleteFully target/test/data/6a86d74c/MiniRaftClusterWithSimulatedRpcc212a805/s0
2023-04-11 14:12:40,931 [Time-limited test] TRACE util.FileUtils (FileUtils.java:deleteFully(217)) - deleteFully: target/test/data/6a86d74c/MiniRaftClusterWithSimulatedRpcc212a805/s0 does not exist.
2023-04-11 14:12:40,931 [Time-limited test] INFO  impl.MiniRaftCluster (MiniRaftCluster.java:newRaftServer(387)) - Formatted directory target/test/data/6a86d74c/MiniRaftClusterWithSimulatedRpcc212a805/s0
2023-04-11 14:12:40,931 [Time-limited test] INFO  server.RaftServer (ConfUtils.java:logGet(46)) - raft.rpc.type = org.apache.ratis.server.simulation.SimulatedRpc (custom)
2023-04-11 14:12:40,932 [Time-limited test] INFO  impl.DataStreamServerImpl (ConfUtils.java:logGet(46)) - raft.datastream.type = DISABLED (default)
2023-04-11 14:12:40,932 [Time-limited test] INFO  server.RaftServerConfigKeys (ConfUtils.java:logGet(46)) - raft.server.threadpool.proxy.cached = true (default)
2023-04-11 14:12:40,933 [Time-limited test] INFO  server.RaftServerConfigKeys (ConfUtils.java:logGet(46)) - raft.server.threadpool.proxy.size = 0 (default)
2023-04-11 14:12:40,933 [Time-limited test] INFO  server.RaftServerConfigKeys (ConfUtils.java:logGet(46)) - raft.server.rpc.slowness.timeout = 60s (default)
2023-04-11 14:12:40,933 [Time-limited test] INFO  server.RaftServerConfigKeys (ConfUtils.java:logGet(46)) - raft.server.leaderelection.leader.step-down.wait-time = 10s (default)
2023-04-11 14:12:40,933 [Time-limited test] INFO  server.RaftServerConfigKeys (ConfUtils.java:logGet(46)) - raft.server.storage.dir = [/home/runner/work/ratis/ratis/ratis-test/target/test/data/6a86d74c/MiniRaftClusterWithSimulatedRpcc212a805/s0] (custom)
2023-04-11 14:12:40,933 [Time-limited test] INFO  server.RaftServer (RaftServerProxy.java:addNew(99)) - s0: addNew group-A6C73DD72C11:[s0|rpc:localhost:34797|admin:localhost:39663|client:localhost:38903|dataStream:localhost:36463|priority:0|startupRole:FOLLOWER, s1|rpc:localhost:38511|admin:localhost:34105|client:localhost:40353|dataStream:localhost:37123|priority:0|startupRole:FOLLOWER, s2|rpc:localhost:39967|admin:localhost:36265|client:localhost:34663|dataStream:localhost:38633|priority:0|startupRole:FOLLOWER] returns group-A6C73DD72C11:java.util.concurrent.CompletableFuture@48de50fc[Not completed]
2023-04-11 14:12:40,933 [Time-limited test] INFO  impl.MiniRaftCluster (MiniRaftCluster.java:newRaftServer(382)) - newRaftServer: s1, group-A6C73DD72C11:[s0|rpc:localhost:34797|admin:localhost:39663|client:localhost:38903|dataStream:localhost:36463|priority:0|startupRole:FOLLOWER, s1|rpc:localhost:38511|admin:localhost:34105|client:localhost:40353|dataStream:localhost:37123|priority:0|startupRole:FOLLOWER, s2|rpc:localhost:39967|admin:localhost:36265|client:localhost:34663|dataStream:localhost:38633|priority:0|startupRole:FOLLOWER], format? true
2023-04-11 14:12:40,933 [Time-limited test] TRACE util.FileUtils (FileUtils.java:deleteFully(201)) - deleteFully target/test/data/6a86d74c/MiniRaftClusterWithSimulatedRpcc212a805/s1
2023-04-11 14:12:40,934 [Time-limited test] TRACE util.FileUtils (FileUtils.java:deleteFully(217)) - deleteFully: target/test/data/6a86d74c/MiniRaftClusterWithSimulatedRpcc212a805/s1 does not exist.
2023-04-11 14:12:40,934 [Time-limited test] INFO  impl.MiniRaftCluster (MiniRaftCluster.java:newRaftServer(387)) - Formatted directory target/test/data/6a86d74c/MiniRaftClusterWithSimulatedRpcc212a805/s1
2023-04-11 14:12:40,934 [Time-limited test] INFO  server.RaftServer (ConfUtils.java:logGet(46)) - raft.rpc.type = org.apache.ratis.server.simulation.SimulatedRpc (custom)
2023-04-11 14:12:40,934 [Time-limited test] INFO  impl.DataStreamServerImpl (ConfUtils.java:logGet(46)) - raft.datastream.type = DISABLED (default)
2023-04-11 14:12:40,934 [Time-limited test] INFO  server.RaftServerConfigKeys (ConfUtils.java:logGet(46)) - raft.server.threadpool.proxy.cached = true (default)
2023-04-11 14:12:40,934 [Time-limited test] INFO  server.RaftServerConfigKeys (ConfUtils.java:logGet(46)) - raft.server.threadpool.proxy.size = 0 (default)
2023-04-11 14:12:40,934 [Time-limited test] INFO  server.RaftServerConfigKeys (ConfUtils.java:logGet(46)) - raft.server.rpc.slowness.timeout = 60s (default)
2023-04-11 14:12:40,934 [Time-limited test] INFO  server.RaftServerConfigKeys (ConfUtils.java:logGet(46)) - raft.server.leaderelection.leader.step-down.wait-time = 10s (default)
2023-04-11 14:12:40,934 [Time-limited test] INFO  server.RaftServerConfigKeys (ConfUtils.java:logGet(46)) - raft.server.storage.dir = [/home/runner/work/ratis/ratis/ratis-test/target/test/data/6a86d74c/MiniRaftClusterWithSimulatedRpcc212a805/s1] (custom)
2023-04-11 14:12:40,935 [Time-limited test] INFO  server.RaftServer (RaftServerProxy.java:addNew(99)) - s1: addNew group-A6C73DD72C11:[s0|rpc:localhost:34797|admin:localhost:39663|client:localhost:38903|dataStream:localhost:36463|priority:0|startupRole:FOLLOWER, s1|rpc:localhost:38511|admin:localhost:34105|client:localhost:40353|dataStream:localhost:37123|priority:0|startupRole:FOLLOWER, s2|rpc:localhost:39967|admin:localhost:36265|client:localhost:34663|dataStream:localhost:38633|priority:0|startupRole:FOLLOWER] returns group-A6C73DD72C11:java.util.concurrent.CompletableFuture@129244ad[Not completed]
2023-04-11 14:12:40,935 [Time-limited test] INFO  impl.MiniRaftCluster (MiniRaftCluster.java:newRaftServer(382)) - newRaftServer: s2, group-A6C73DD72C11:[s0|rpc:localhost:34797|admin:localhost:39663|client:localhost:38903|dataStream:localhost:36463|priority:0|startupRole:FOLLOWER, s1|rpc:localhost:38511|admin:localhost:34105|client:localhost:40353|dataStream:localhost:37123|priority:0|startupRole:FOLLOWER, s2|rpc:localhost:39967|admin:localhost:36265|client:localhost:34663|dataStream:localhost:38633|priority:0|startupRole:FOLLOWER], format? true
2023-04-11 14:12:40,935 [Time-limited test] TRACE util.FileUtils (FileUtils.java:deleteFully(201)) - deleteFully target/test/data/6a86d74c/MiniRaftClusterWithSimulatedRpcc212a805/s2
2023-04-11 14:12:40,935 [Time-limited test] TRACE util.FileUtils (FileUtils.java:deleteFully(217)) - deleteFully: target/test/data/6a86d74c/MiniRaftClusterWithSimulatedRpcc212a805/s2 does not exist.
2023-04-11 14:12:40,935 [Time-limited test] INFO  impl.MiniRaftCluster (MiniRaftCluster.java:newRaftServer(387)) - Formatted directory target/test/data/6a86d74c/MiniRaftClusterWithSimulatedRpcc212a805/s2
2023-04-11 14:12:40,935 [Time-limited test] INFO  server.RaftServer (ConfUtils.java:logGet(46)) - raft.rpc.type = org.apache.ratis.server.simulation.SimulatedRpc (custom)
2023-04-11 14:12:40,936 [Time-limited test] INFO  impl.DataStreamServerImpl (ConfUtils.java:logGet(46)) - raft.datastream.type = DISABLED (default)
2023-04-11 14:12:40,936 [Time-limited test] INFO  server.RaftServerConfigKeys (ConfUtils.java:logGet(46)) - raft.server.threadpool.proxy.cached = true (default)
2023-04-11 14:12:40,936 [Time-limited test] INFO  server.RaftServerConfigKeys (ConfUtils.java:logGet(46)) - raft.server.threadpool.proxy.size = 0 (default)
2023-04-11 14:12:40,936 [Time-limited test] INFO  server.RaftServerConfigKeys (ConfUtils.java:logGet(46)) - raft.server.rpc.slowness.timeout = 60s (default)
2023-04-11 14:12:40,936 [Time-limited test] INFO  server.RaftServerConfigKeys (ConfUtils.java:logGet(46)) - raft.server.leaderelection.leader.step-down.wait-time = 10s (default)
2023-04-11 14:12:40,936 [Time-limited test] INFO  server.RaftServerConfigKeys (ConfUtils.java:logGet(46)) - raft.server.storage.dir = [/home/runner/work/ratis/ratis/ratis-test/target/test/data/6a86d74c/MiniRaftClusterWithSimulatedRpcc212a805/s2] (custom)
2023-04-11 14:12:40,936 [s1-groupManagement] INFO  server.RaftServerConfigKeys (ConfUtils.java:logGet(46)) - raft.server.log.segment.size.max = 8MB (=8388608) (default)
2023-04-11 14:12:40,936 [s1-groupManagement] INFO  server.RaftServerConfigKeys (ConfUtils.java:logGet(46)) - raft.server.log.preallocated.size = 4MB (=4194304) (default)
2023-04-11 14:12:40,936 [s1-groupManagement] INFO  server.RaftServerConfigKeys (ConfUtils.java:logGet(46)) - raft.server.log.write.buffer.size = 64KB (=65536) (default)
2023-04-11 14:12:40,936 [s1-groupManagement] INFO  server.RaftServer$Division (RaftServerImpl.java:<init>(198)) - s1: new RaftServerImpl for group-A6C73DD72C11:[s0|rpc:localhost:34797|admin:localhost:39663|client:localhost:38903|dataStream:localhost:36463|priority:0|startupRole:FOLLOWER, s1|rpc:localhost:38511|admin:localhost:34105|client:localhost:40353|dataStream:localhost:37123|priority:0|startupRole:FOLLOWER, s2|rpc:localhost:39967|admin:localhost:36265|client:localhost:34663|dataStream:localhost:38633|priority:0|startupRole:FOLLOWER] with StateMachineWithException:uninitialized
2023-04-11 14:12:40,937 [s1-groupManagement] INFO  server.RaftServerConfigKeys (ConfUtils.java:logGet(46)) - raft.server.rpc.timeout.min = 150ms (default)
2023-04-11 14:12:40,937 [s1-groupManagement] INFO  server.RaftServerConfigKeys (ConfUtils.java:logGet(46)) - raft.server.rpc.timeout.max = 300ms (default)
2023-04-11 14:12:40,937 [s1-groupManagement] INFO  server.RaftServerConfigKeys (ConfUtils.java:logGet(46)) - raft.server.rpc.sleep.time = 25ms (default)
2023-04-11 14:12:40,937 [s1-groupManagement] INFO  server.RaftServerConfigKeys (ConfUtils.java:logGet(46)) - raft.server.rpc.slowness.timeout = 60s (default)
2023-04-11 14:12:40,937 [s1-groupManagement] INFO  server.RaftServerConfigKeys (ConfUtils.java:logGet(46)) - raft.server.leaderelection.leader.step-down.wait-time = 10s (default)
2023-04-11 14:12:40,937 [s1-groupManagement] INFO  server.RaftServerConfigKeys (ConfUtils.java:logGet(46)) - raft.server.sleep.deviation.threshold = 300ms (default)
2023-04-11 14:12:40,937 [s1-groupManagement] INFO  server.RaftServer$Division (ServerState.java:<init>(113)) - s1@group-A6C73DD72C11: ConfigurationManager, init=-1: peers:[s0|rpc:localhost:34797|admin:localhost:39663|client:localhost:38903|dataStream:localhost:36463|priority:0|startupRole:FOLLOWER, s1|rpc:localhost:38511|admin:localhost:34105|client:localhost:40353|dataStream:localhost:37123|priority:0|startupRole:FOLLOWER, s2|rpc:localhost:39967|admin:localhost:36265|client:localhost:34663|dataStream:localhost:38633|priority:0|startupRole:FOLLOWER]|listeners:[], old=null, confs=<EMPTY_MAP>
2023-04-11 14:12:40,937 [s1-groupManagement] INFO  server.RaftServerConfigKeys (ConfUtils.java:logGet(46)) - raft.server.notification.no-leader.timeout = 60s (default)
2023-04-11 14:12:40,937 [s1-groupManagement] INFO  server.RaftServerConfigKeys (ConfUtils.java:logGet(46)) - raft.server.read.timeout = 10s (default)
2023-04-11 14:12:40,937 [s1-groupManagement] INFO  server.RaftServerConfigKeys (ConfUtils.java:logGet(46)) - raft.server.retrycache.expirytime = 60s (default)
2023-04-11 14:12:40,937 [s1-groupManagement] INFO  server.RaftServerConfigKeys (ConfUtils.java:logGet(46)) - raft.server.retrycache.statistics.expirytime = 100μs (default)
2023-04-11 14:12:40,938 [s1-groupManagement] INFO  server.RaftServerConfigKeys (ConfUtils.java:logGet(46)) - raft.server.read.option = DEFAULT (default)
2023-04-11 14:12:40,939 [s1-groupManagement] INFO  server.RaftServerConfigKeys (ConfUtils.java:logGet(46)) - raft.server.rpc.request.timeout = 3000ms (default)
2023-04-11 14:12:40,939 [s1-groupManagement] INFO  server.RaftServerConfigKeys (ConfUtils.java:logGet(46)) - raft.server.log.appender.install.snapshot.enabled = true (default)
2023-04-11 14:12:40,939 [s1-groupManagement] INFO  server.RaftServerConfigKeys (ConfUtils.java:logGet(46)) - raft.server.threadpool.server.cached = true (default)
2023-04-11 14:12:40,940 [s1-groupManagement] INFO  server.RaftServerConfigKeys (ConfUtils.java:logGet(46)) - raft.server.threadpool.server.size = 0 (default)
2023-04-11 14:12:40,940 [s1-groupManagement] INFO  server.RaftServerConfigKeys (ConfUtils.java:logGet(46)) - raft.server.threadpool.client.cached = true (default)
2023-04-11 14:12:40,940 [s1-groupManagement] INFO  server.RaftServerConfigKeys (ConfUtils.java:logGet(46)) - raft.server.threadpool.client.size = 0 (default)
2023-04-11 14:12:40,943 [s0-groupManagement] INFO  server.RaftServerConfigKeys (ConfUtils.java:logGet(46)) - raft.server.log.segment.size.max = 8MB (=8388608) (default)
2023-04-11 14:12:40,943 [s0-groupManagement] INFO  server.RaftServerConfigKeys (ConfUtils.java:logGet(46)) - raft.server.log.preallocated.size = 4MB (=4194304) (default)
2023-04-11 14:12:40,943 [s0-groupManagement] INFO  server.RaftServerConfigKeys (ConfUtils.java:logGet(46)) - raft.server.log.write.buffer.size = 64KB (=65536) (default)
2023-04-11 14:12:40,943 [s0-groupManagement] INFO  server.RaftServer$Division (RaftServerImpl.java:<init>(198)) - s0: new RaftServerImpl for group-A6C73DD72C11:[s0|rpc:localhost:34797|admin:localhost:39663|client:localhost:38903|dataStream:localhost:36463|priority:0|startupRole:FOLLOWER, s1|rpc:localhost:38511|admin:localhost:34105|client:localhost:40353|dataStream:localhost:37123|priority:0|startupRole:FOLLOWER, s2|rpc:localhost:39967|admin:localhost:36265|client:localhost:34663|dataStream:localhost:38633|priority:0|startupRole:FOLLOWER] with StateMachineWithException:uninitialized
2023-04-11 14:12:40,943 [s0-groupManagement] INFO  server.RaftServerConfigKeys (ConfUtils.java:logGet(46)) - raft.server.rpc.timeout.min = 150ms (default)
2023-04-11 14:12:40,943 [s0-groupManagement] INFO  server.RaftServerConfigKeys (ConfUtils.java:logGet(46)) - raft.server.rpc.timeout.max = 300ms (default)
2023-04-11 14:12:40,943 [s0-groupManagement] INFO  server.RaftServerConfigKeys (ConfUtils.java:logGet(46)) - raft.server.rpc.sleep.time = 25ms (default)
2023-04-11 14:12:40,943 [s0-groupManagement] INFO  server.RaftServerConfigKeys (ConfUtils.java:logGet(46)) - raft.server.rpc.slowness.timeout = 60s (default)
2023-04-11 14:12:40,943 [s0-groupManagement] INFO  server.RaftServerConfigKeys (ConfUtils.java:logGet(46)) - raft.server.leaderelection.leader.step-down.wait-time = 10s (default)
2023-04-11 14:12:40,943 [s0-groupManagement] INFO  server.RaftServerConfigKeys (ConfUtils.java:logGet(46)) - raft.server.sleep.deviation.threshold = 300ms (default)
2023-04-11 14:12:40,944 [s0-groupManagement] INFO  server.RaftServer$Division (ServerState.java:<init>(113)) - s0@group-A6C73DD72C11: ConfigurationManager, init=-1: peers:[s0|rpc:localhost:34797|admin:localhost:39663|client:localhost:38903|dataStream:localhost:36463|priority:0|startupRole:FOLLOWER, s1|rpc:localhost:38511|admin:localhost:34105|client:localhost:40353|dataStream:localhost:37123|priority:0|startupRole:FOLLOWER, s2|rpc:localhost:39967|admin:localhost:36265|client:localhost:34663|dataStream:localhost:38633|priority:0|startupRole:FOLLOWER]|listeners:[], old=null, confs=<EMPTY_MAP>
2023-04-11 14:12:40,944 [s0-groupManagement] INFO  server.RaftServerConfigKeys (ConfUtils.java:logGet(46)) - raft.server.notification.no-leader.timeout = 60s (default)
2023-04-11 14:12:40,944 [s0-groupManagement] INFO  server.RaftServerConfigKeys (ConfUtils.java:logGet(46)) - raft.server.read.timeout = 10s (default)
2023-04-11 14:12:40,944 [s0-groupManagement] INFO  server.RaftServerConfigKeys (ConfUtils.java:logGet(46)) - raft.server.retrycache.expirytime = 60s (default)
2023-04-11 14:12:40,944 [s0-groupManagement] INFO  server.RaftServerConfigKeys (ConfUtils.java:logGet(46)) - raft.server.retrycache.statistics.expirytime = 100μs (default)
2023-04-11 14:12:40,944 [s0-groupManagement] INFO  server.RaftServerConfigKeys (ConfUtils.java:logGet(46)) - raft.server.read.option = DEFAULT (default)
2023-04-11 14:12:40,945 [s0-groupManagement] INFO  server.RaftServerConfigKeys (ConfUtils.java:logGet(46)) - raft.server.rpc.request.timeout = 3000ms (default)
2023-04-11 14:12:40,946 [s0-groupManagement] INFO  server.RaftServerConfigKeys (ConfUtils.java:logGet(46)) - raft.server.log.appender.install.snapshot.enabled = true (default)
2023-04-11 14:12:40,946 [s0-groupManagement] INFO  server.RaftServerConfigKeys (ConfUtils.java:logGet(46)) - raft.server.threadpool.server.cached = true (default)
2023-04-11 14:12:40,946 [s0-groupManagement] INFO  server.RaftServerConfigKeys (ConfUtils.java:logGet(46)) - raft.server.threadpool.server.size = 0 (default)
2023-04-11 14:12:40,946 [s0-groupManagement] INFO  server.RaftServerConfigKeys (ConfUtils.java:logGet(46)) - raft.server.threadpool.client.cached = true (default)
2023-04-11 14:12:40,946 [s0-groupManagement] INFO  server.RaftServerConfigKeys (ConfUtils.java:logGet(46)) - raft.server.threadpool.client.size = 0 (default)
2023-04-11 14:12:40,950 [Time-limited test] INFO  server.RaftServer (RaftServerProxy.java:addNew(99)) - s2: addNew group-A6C73DD72C11:[s0|rpc:localhost:34797|admin:localhost:39663|client:localhost:38903|dataStream:localhost:36463|priority:0|startupRole:FOLLOWER, s1|rpc:localhost:38511|admin:localhost:34105|client:localhost:40353|dataStream:localhost:37123|priority:0|startupRole:FOLLOWER, s2|rpc:localhost:39967|admin:localhost:36265|client:localhost:34663|dataStream:localhost:38633|priority:0|startupRole:FOLLOWER] returns group-A6C73DD72C11:java.util.concurrent.CompletableFuture@9a1c3f8[Not completed]
2023-04-11 14:12:40,950 [s0-impl-thread1] INFO  server.RaftServerConfigKeys (ConfUtils.java:logGet(46)) - raft.server.storage.free-space.min = 0MB (=0) (default)
2023-04-11 14:12:40,950 [s0-impl-thread1] INFO  server.RaftServerConfigKeys (ConfUtils.java:logGet(46)) - raft.server.log.corruption.policy = EXCEPTION (default)
2023-04-11 14:12:40,950 [s0-impl-thread1] INFO  server.RaftServerConfigKeys (ConfUtils.java:logGet(46)) - raft.server.storage.dir = [/home/runner/work/ratis/ratis/ratis-test/target/test/data/6a86d74c/MiniRaftClusterWithSimulatedRpcc212a805/s0] (custom)
2023-04-11 14:12:40,950 [s0-impl-thread1] INFO  storage.RaftStorageDirectory (RaftStorageDirectoryImpl.java:analyzeStorage(138)) - The storage directory /home/runner/work/ratis/ratis/ratis-test/target/test/data/6a86d74c/MiniRaftClusterWithSimulatedRpcc212a805/s0/d6b4beea-1261-4344-80dd-a6c73dd72c11 does not exist. Creating ...
2023-04-11 14:12:40,951 [s0-impl-thread1] TRACE util.FileUtils (LogUtils.java:runAndLog(49)) - Successfully ran Files.createDirectories /home/runner/work/ratis/ratis/ratis-test/target/test/data/6a86d74c/MiniRaftClusterWithSimulatedRpcc212a805/s0/d6b4beea-1261-4344-80dd-a6c73dd72c11
2023-04-11 14:12:40,952 [s2-groupManagement] INFO  server.RaftServerConfigKeys (ConfUtils.java:logGet(46)) - raft.server.log.segment.size.max = 8MB (=8388608) (default)
2023-04-11 14:12:40,952 [s2-groupManagement] INFO  server.RaftServerConfigKeys (ConfUtils.java:logGet(46)) - raft.server.log.preallocated.size = 4MB (=4194304) (default)
2023-04-11 14:12:40,952 [s2-groupManagement] INFO  server.RaftServerConfigKeys (ConfUtils.java:logGet(46)) - raft.server.log.write.buffer.size = 64KB (=65536) (default)
2023-04-11 14:12:40,952 [s2-groupManagement] INFO  server.RaftServer$Division (RaftServerImpl.java:<init>(198)) - s2: new RaftServerImpl for group-A6C73DD72C11:[s0|rpc:localhost:34797|admin:localhost:39663|client:localhost:38903|dataStream:localhost:36463|priority:0|startupRole:FOLLOWER, s1|rpc:localhost:38511|admin:localhost:34105|client:localhost:40353|dataStream:localhost:37123|priority:0|startupRole:FOLLOWER, s2|rpc:localhost:39967|admin:localhost:36265|client:localhost:34663|dataStream:localhost:38633|priority:0|startupRole:FOLLOWER] with StateMachineWithException:uninitialized
2023-04-11 14:12:40,952 [s2-groupManagement] INFO  server.RaftServerConfigKeys (ConfUtils.java:logGet(46)) - raft.server.rpc.timeout.min = 150ms (default)
2023-04-11 14:12:40,952 [s2-groupManagement] INFO  server.RaftServerConfigKeys (ConfUtils.java:logGet(46)) - raft.server.rpc.timeout.max = 300ms (default)
2023-04-11 14:12:40,952 [s2-groupManagement] INFO  server.RaftServerConfigKeys (ConfUtils.java:logGet(46)) - raft.server.rpc.sleep.time = 25ms (default)
2023-04-11 14:12:40,952 [s2-groupManagement] INFO  server.RaftServerConfigKeys (ConfUtils.java:logGet(46)) - raft.server.rpc.slowness.timeout = 60s (default)
2023-04-11 14:12:40,952 [s2-groupManagement] INFO  server.RaftServerConfigKeys (ConfUtils.java:logGet(46)) - raft.server.leaderelection.leader.step-down.wait-time = 10s (default)
2023-04-11 14:12:40,952 [s2-groupManagement] INFO  server.RaftServerConfigKeys (ConfUtils.java:logGet(46)) - raft.server.sleep.deviation.threshold = 300ms (default)
2023-04-11 14:12:40,952 [s2-groupManagement] INFO  server.RaftServer$Division (ServerState.java:<init>(113)) - s2@group-A6C73DD72C11: ConfigurationManager, init=-1: peers:[s0|rpc:localhost:34797|admin:localhost:39663|client:localhost:38903|dataStream:localhost:36463|priority:0|startupRole:FOLLOWER, s1|rpc:localhost:38511|admin:localhost:34105|client:localhost:40353|dataStream:localhost:37123|priority:0|startupRole:FOLLOWER, s2|rpc:localhost:39967|admin:localhost:36265|client:localhost:34663|dataStream:localhost:38633|priority:0|startupRole:FOLLOWER]|listeners:[], old=null, confs=<EMPTY_MAP>
2023-04-11 14:12:40,952 [s2-groupManagement] INFO  server.RaftServerConfigKeys (ConfUtils.java:logGet(46)) - raft.server.notification.no-leader.timeout = 60s (default)
2023-04-11 14:12:40,952 [s0-impl-thread1] INFO  storage.RaftStorageDirectory (RaftStorageDirectoryImpl.java:tryLock(232)) - Lock on /home/runner/work/ratis/ratis/ratis-test/target/test/data/6a86d74c/MiniRaftClusterWithSimulatedRpcc212a805/s0/d6b4beea-1261-4344-80dd-a6c73dd72c11/in_use.lock acquired by nodename 5139@fv-az937-810
2023-04-11 14:12:40,953 [s0-impl-thread1] TRACE util.FileUtils (LogUtils.java:runAndLog(49)) - Successfully ran Files.createDirectories /home/runner/work/ratis/ratis/ratis-test/target/test/data/6a86d74c/MiniRaftClusterWithSimulatedRpcc212a805/s0/d6b4beea-1261-4344-80dd-a6c73dd72c11/current
2023-04-11 14:12:40,953 [s0-impl-thread1] TRACE util.FileUtils (LogUtils.java:runAndLog(49)) - Successfully ran Files.createDirectories /home/runner/work/ratis/ratis/ratis-test/target/test/data/6a86d74c/MiniRaftClusterWithSimulatedRpcc212a805/s0/d6b4beea-1261-4344-80dd-a6c73dd72c11/sm
2023-04-11 14:12:40,953 [s2-groupManagement] INFO  server.RaftServerConfigKeys (ConfUtils.java:logGet(46)) - raft.server.read.timeout = 10s (default)
2023-04-11 14:12:40,953 [s2-groupManagement] INFO  server.RaftServerConfigKeys (ConfUtils.java:logGet(46)) - raft.server.retrycache.expirytime = 60s (default)
2023-04-11 14:12:40,953 [s2-groupManagement] INFO  server.RaftServerConfigKeys (ConfUtils.java:logGet(46)) - raft.server.retrycache.statistics.expirytime = 100μs (default)
2023-04-11 14:12:40,954 [s2-groupManagement] INFO  server.RaftServerConfigKeys (ConfUtils.java:logGet(46)) - raft.server.read.option = DEFAULT (default)
2023-04-11 14:12:40,954 [s0-impl-thread1] INFO  storage.RaftStorage (RaftStorageImpl.java:format(96)) - Storage directory /home/runner/work/ratis/ratis/ratis-test/target/test/data/6a86d74c/MiniRaftClusterWithSimulatedRpcc212a805/s0/d6b4beea-1261-4344-80dd-a6c73dd72c11 has been successfully formatted.
2023-04-11 14:12:40,954 [s0-impl-thread1] INFO  impl.SimpleStateMachine4Testing (SimpleStateMachine4Testing.java:initialize(213)) - Initializing StateMachineWithException:uninitialized
2023-04-11 14:12:40,954 [s0-impl-thread1] INFO  impl.SimpleStateMachine4Testing (SimpleStateMachine4Testing.java:loadSnapshot(293)) - Loading snapshot null
2023-04-11 14:12:40,954 [s0-impl-thread1] INFO  server.RaftServerConfigKeys (ConfUtils.java:logGet(46)) - raft.server.log.use.memory = false (default)
2023-04-11 14:12:40,954 [s0-impl-thread1] INFO  server.RaftServerConfigKeys (ConfUtils.java:logGet(46)) - raft.server.log.purge.gap = 1024 (default)
2023-04-11 14:12:40,954 [s0-impl-thread1] INFO  server.RaftServerConfigKeys (ConfUtils.java:logGet(46)) - raft.server.log.appender.buffer.byte-limit = 4MB (=4194304) (default)
2023-04-11 14:12:40,955 [s0-impl-thread1] INFO  server.RaftServerConfigKeys (ConfUtils.java:logGet(46)) - raft.server.log.statemachine.data.read.timeout = 1000ms (default)
2023-04-11 14:12:40,955 [s0-impl-thread1] INFO  server.RaftServerConfigKeys (ConfUtils.java:logGet(46)) - raft.server.log.purge.preservation.log.num = 0 (default)
2023-04-11 14:12:40,959 [s0-impl-thread1] INFO  server.RaftServerConfigKeys (ConfUtils.java:logGet(46)) - raft.server.log.segment.size.max = 8MB (=8388608) (default)
2023-04-11 14:12:40,959 [s0-impl-thread1] INFO  server.RaftServerConfigKeys (ConfUtils.java:logGet(46)) - raft.server.log.segment.cache.num.max = 6 (default)
2023-04-11 14:12:40,959 [s0-impl-thread1] INFO  server.RaftServerConfigKeys (ConfUtils.java:logGet(46)) - raft.server.log.segment.cache.size.max = 200MB (=209715200) (default)
2023-04-11 14:12:40,959 [s0-impl-thread1] INFO  server.RaftServerConfigKeys (ConfUtils.java:logGet(46)) - raft.server.log.appender.buffer.byte-limit = 4MB (=4194304) (default)
2023-04-11 14:12:40,959 [s0-impl-thread1] INFO  segmented.SegmentedRaftLogWorker (SegmentedRaftLogWorker.java:<init>(183)) - new s0@group-A6C73DD72C11-SegmentedRaftLogWorker for RaftStorageImpl:Storage Directory /home/runner/work/ratis/ratis/ratis-test/target/test/data/6a86d74c/MiniRaftClusterWithSimulatedRpcc212a805/s0/d6b4beea-1261-4344-80dd-a6c73dd72c11
2023-04-11 14:12:40,959 [s0-impl-thread1] INFO  server.RaftServerConfigKeys (ConfUtils.java:logGet(46)) - raft.server.log.queue.byte-limit = 64MB (=67108864) (default)
2023-04-11 14:12:40,959 [s0-impl-thread1] INFO  server.RaftServerConfigKeys (ConfUtils.java:logGet(46)) - raft.server.log.queue.element-limit = 4096 (default)
2023-04-11 14:12:40,959 [s0-impl-thread1] INFO  server.RaftServerConfigKeys (ConfUtils.java:logGet(46)) - raft.server.log.segment.size.max = 8MB (=8388608) (default)
2023-04-11 14:12:40,959 [s0-impl-thread1] INFO  server.RaftServerConfigKeys (ConfUtils.java:logGet(46)) - raft.server.log.preallocated.size = 4MB (=4194304) (default)
2023-04-11 14:12:40,959 [s0-impl-thread1] INFO  server.RaftServerConfigKeys (ConfUtils.java:logGet(46)) - raft.server.log.force.sync.num = 128 (default)
2023-04-11 14:12:40,959 [s0-impl-thread1] INFO  server.RaftServerConfigKeys (ConfUtils.java:logGet(46)) - raft.server.log.statemachine.data.sync = true (default)
2023-04-11 14:12:40,959 [s0-impl-thread1] INFO  server.RaftServerConfigKeys (ConfUtils.java:logGet(46)) - raft.server.log.statemachine.data.sync.timeout = 10s (default)
2023-04-11 14:12:40,959 [s0-impl-thread1] INFO  server.RaftServerConfigKeys (ConfUtils.java:logGet(46)) - raft.server.log.statemachine.data.sync.timeout.retry = -1 (default)
2023-04-11 14:12:40,960 [s0-impl-thread1] INFO  server.RaftServerConfigKeys (ConfUtils.java:logGet(46)) - raft.server.log.write.buffer.size = 64KB (=65536) (default)
2023-04-11 14:12:40,960 [s0-impl-thread1] INFO  server.RaftServerConfigKeys (ConfUtils.java:logGet(46)) - raft.server.log.appender.buffer.byte-limit = 4MB (=4194304) (default)
2023-04-11 14:12:40,962 [s0-impl-thread1] INFO  server.RaftServerConfigKeys (ConfUtils.java:logGet(46)) - raft.server.log.unsafe-flush.enabled = false (default)
2023-04-11 14:12:40,962 [s0-impl-thread1] INFO  server.RaftServerConfigKeys (ConfUtils.java:logGet(46)) - raft.server.log.async-flush.enabled = false (default)
2023-04-11 14:12:40,962 [s0-impl-thread1] INFO  server.RaftServerConfigKeys (ConfUtils.java:logGet(46)) - raft.server.log.statemachine.data.caching.enabled = false (default)
2023-04-11 14:12:40,962 [s0-impl-thread1] INFO  segmented.SegmentedRaftLogWorker (SegmentedRaftLogWorker.java:lambda$new$0(134)) - s0@group-A6C73DD72C11-SegmentedRaftLogWorker: flushIndex: setUnconditionally 0 -> -1
2023-04-11 14:12:40,962 [s0-impl-thread1] INFO  segmented.SegmentedRaftLogWorker (SegmentedRaftLogWorker.java:lambda$new$0(134)) - s0@group-A6C73DD72C11-SegmentedRaftLogWorker: safeCacheEvictIndex: setUnconditionally 0 -> -1
2023-04-11 14:12:40,964 [s2-groupManagement] INFO  server.RaftServerConfigKeys (ConfUtils.java:logGet(46)) - raft.server.rpc.request.timeout = 3000ms (default)
2023-04-11 14:12:40,964 [s2-groupManagement] INFO  server.RaftServerConfigKeys (ConfUtils.java:logGet(46)) - raft.server.log.appender.install.snapshot.enabled = true (default)
2023-04-11 14:12:40,964 [s2-groupManagement] INFO  server.RaftServerConfigKeys (ConfUtils.java:logGet(46)) - raft.server.threadpool.server.cached = true (default)
2023-04-11 14:12:40,964 [s2-groupManagement] INFO  server.RaftServerConfigKeys (ConfUtils.java:logGet(46)) - raft.server.threadpool.server.size = 0 (default)
2023-04-11 14:12:40,964 [s2-groupManagement] INFO  server.RaftServerConfigKeys (ConfUtils.java:logGet(46)) - raft.server.threadpool.client.cached = true (default)
2023-04-11 14:12:40,964 [s2-groupManagement] INFO  server.RaftServerConfigKeys (ConfUtils.java:logGet(46)) - raft.server.threadpool.client.size = 0 (default)
2023-04-11 14:12:40,966 [s0-impl-thread1] INFO  server.RaftServer$Division (RaftServerImpl.java:start(342)) - s0@group-A6C73DD72C11: start as a follower, conf=-1: peers:[s0|rpc:localhost:34797|admin:localhost:39663|client:localhost:38903|dataStream:localhost:36463|priority:0|startupRole:FOLLOWER, s1|rpc:localhost:38511|admin:localhost:34105|client:localhost:40353|dataStream:localhost:37123|priority:0|startupRole:FOLLOWER, s2|rpc:localhost:39967|admin:localhost:36265|client:localhost:34663|dataStream:localhost:38633|priority:0|startupRole:FOLLOWER]|listeners:[], old=null
2023-04-11 14:12:40,966 [s0-impl-thread1] INFO  server.RaftServer$Division (RaftServerImpl.java:setRole(329)) - s0@group-A6C73DD72C11: changes role from      null to FOLLOWER at term 0 for startAsFollower
2023-04-11 14:12:40,966 [s0-impl-thread1] INFO  impl.RoleInfo (RoleInfo.java:updateAndGet(139)) - s0: start s0@group-A6C73DD72C11-FollowerState
2023-04-11 14:12:40,971 [s0-impl-thread1] INFO  util.JmxRegister (JmxRegister.java:tryRegister(44)) - Successfully registered JMX Bean with object name Ratis:service=RaftServer,group=group-A6C73DD72C11,id=s0
2023-04-11 14:12:40,971 [s0-impl-thread1] INFO  server.RaftServerConfigKeys (ConfUtils.java:logGet(46)) - raft.server.snapshot.auto.trigger.enabled = false (default)
2023-04-11 14:12:40,971 [s0-impl-thread1] INFO  server.RaftServerConfigKeys (ConfUtils.java:logGet(46)) - raft.server.snapshot.retention.file.num = -1 (default)
2023-04-11 14:12:40,971 [s0-impl-thread1] INFO  server.RaftServerConfigKeys (ConfUtils.java:logGet(46)) - raft.server.log.purge.upto.snapshot.index = false (default)
2023-04-11 14:12:40,973 [s0@group-A6C73DD72C11-FollowerState] INFO  server.RaftServerConfigKeys (ConfUtils.java:logFallback(53)) - raft.server.rpc.first-election.timeout.min = 150ms (fallback to raft.server.rpc.timeout.min)
2023-04-11 14:12:40,973 [s0@group-A6C73DD72C11-FollowerState] INFO  server.RaftServerConfigKeys (ConfUtils.java:logFallback(53)) - raft.server.rpc.first-election.timeout.max = 300ms (fallback to raft.server.rpc.timeout.max)
2023-04-11 14:12:40,973 [Time-limited test] INFO  server.RaftServer (RaftServerProxy.java:startImpl(401)) - s0: start RPC server
2023-04-11 14:12:40,974 [JvmPauseMonitor6] INFO  util.JvmPauseMonitor (JvmPauseMonitor.java:run(103)) - JvmPauseMonitor-s0: Started
2023-04-11 14:12:40,974 [s1-impl-thread1] INFO  server.RaftServerConfigKeys (ConfUtils.java:logGet(46)) - raft.server.storage.free-space.min = 0MB (=0) (default)
2023-04-11 14:12:40,974 [s1-impl-thread1] INFO  server.RaftServerConfigKeys (ConfUtils.java:logGet(46)) - raft.server.log.corruption.policy = EXCEPTION (default)
2023-04-11 14:12:40,975 [s1-impl-thread1] INFO  server.RaftServerConfigKeys (ConfUtils.java:logGet(46)) - raft.server.storage.dir = [/home/runner/work/ratis/ratis/ratis-test/target/test/data/6a86d74c/MiniRaftClusterWithSimulatedRpcc212a805/s1] (custom)
2023-04-11 14:12:40,975 [s1-impl-thread1] INFO  storage.RaftStorageDirectory (RaftStorageDirectoryImpl.java:analyzeStorage(138)) - The storage directory /home/runner/work/ratis/ratis/ratis-test/target/test/data/6a86d74c/MiniRaftClusterWithSimulatedRpcc212a805/s1/d6b4beea-1261-4344-80dd-a6c73dd72c11 does not exist. Creating ...
2023-04-11 14:12:40,975 [s1-impl-thread1] TRACE util.FileUtils (LogUtils.java:runAndLog(49)) - Successfully ran Files.createDirectories /home/runner/work/ratis/ratis/ratis-test/target/test/data/6a86d74c/MiniRaftClusterWithSimulatedRpcc212a805/s1/d6b4beea-1261-4344-80dd-a6c73dd72c11
2023-04-11 14:12:40,976 [s1-impl-thread1] INFO  storage.RaftStorageDirectory (RaftStorageDirectoryImpl.java:tryLock(232)) - Lock on /home/runner/work/ratis/ratis/ratis-test/target/test/data/6a86d74c/MiniRaftClusterWithSimulatedRpcc212a805/s1/d6b4beea-1261-4344-80dd-a6c73dd72c11/in_use.lock acquired by nodename 5139@fv-az937-810
2023-04-11 14:12:40,977 [s1-impl-thread1] TRACE util.FileUtils (LogUtils.java:runAndLog(49)) - Successfully ran Files.createDirectories /home/runner/work/ratis/ratis/ratis-test/target/test/data/6a86d74c/MiniRaftClusterWithSimulatedRpcc212a805/s1/d6b4beea-1261-4344-80dd-a6c73dd72c11/current
2023-04-11 14:12:40,977 [s1-impl-thread1] TRACE util.FileUtils (LogUtils.java:runAndLog(49)) - Successfully ran Files.createDirectories /home/runner/work/ratis/ratis/ratis-test/target/test/data/6a86d74c/MiniRaftClusterWithSimulatedRpcc212a805/s1/d6b4beea-1261-4344-80dd-a6c73dd72c11/sm
2023-04-11 14:12:40,978 [s1-impl-thread1] INFO  storage.RaftStorage (RaftStorageImpl.java:format(96)) - Storage directory /home/runner/work/ratis/ratis/ratis-test/target/test/data/6a86d74c/MiniRaftClusterWithSimulatedRpcc212a805/s1/d6b4beea-1261-4344-80dd-a6c73dd72c11 has been successfully formatted.
2023-04-11 14:12:40,978 [s1-impl-thread1] INFO  impl.SimpleStateMachine4Testing (SimpleStateMachine4Testing.java:initialize(213)) - Initializing StateMachineWithException:uninitialized
2023-04-11 14:12:40,978 [s1-impl-thread1] INFO  impl.SimpleStateMachine4Testing (SimpleStateMachine4Testing.java:loadSnapshot(293)) - Loading snapshot null
2023-04-11 14:12:40,978 [s1-impl-thread1] INFO  server.RaftServerConfigKeys (ConfUtils.java:logGet(46)) - raft.server.log.use.memory = false (default)
2023-04-11 14:12:40,979 [s1-impl-thread1] INFO  server.RaftServerConfigKeys (ConfUtils.java:logGet(46)) - raft.server.log.purge.gap = 1024 (default)
2023-04-11 14:12:40,979 [s1-impl-thread1] INFO  server.RaftServerConfigKeys (ConfUtils.java:logGet(46)) - raft.server.log.appender.buffer.byte-limit = 4MB (=4194304) (default)
2023-04-11 14:12:40,979 [s1-impl-thread1] INFO  server.RaftServerConfigKeys (ConfUtils.java:logGet(46)) - raft.server.log.statemachine.data.read.timeout = 1000ms (default)
2023-04-11 14:12:40,979 [s1-impl-thread1] INFO  server.RaftServerConfigKeys (ConfUtils.java:logGet(46)) - raft.server.log.purge.preservation.log.num = 0 (default)
2023-04-11 14:12:40,980 [s1-impl-thread1] INFO  server.RaftServerConfigKeys (ConfUtils.java:logGet(46)) - raft.server.log.segment.size.max = 8MB (=8388608) (default)
2023-04-11 14:12:40,988 [s1-impl-thread1] INFO  server.RaftServerConfigKeys (ConfUtils.java:logGet(46)) - raft.server.log.segment.cache.num.max = 6 (default)
2023-04-11 14:12:40,988 [s1-impl-thread1] INFO  server.RaftServerConfigKeys (ConfUtils.java:logGet(46)) - raft.server.log.segment.cache.size.max = 200MB (=209715200) (default)
2023-04-11 14:12:40,988 [s1-impl-thread1] INFO  server.RaftServerConfigKeys (ConfUtils.java:logGet(46)) - raft.server.log.appender.buffer.byte-limit = 4MB (=4194304) (default)
2023-04-11 14:12:40,988 [s1-impl-thread1] INFO  segmented.SegmentedRaftLogWorker (SegmentedRaftLogWorker.java:<init>(183)) - new s1@group-A6C73DD72C11-SegmentedRaftLogWorker for RaftStorageImpl:Storage Directory /home/runner/work/ratis/ratis/ratis-test/target/test/data/6a86d74c/MiniRaftClusterWithSimulatedRpcc212a805/s1/d6b4beea-1261-4344-80dd-a6c73dd72c11
2023-04-11 14:12:40,988 [s1-impl-thread1] INFO  server.RaftServerConfigKeys (ConfUtils.java:logGet(46)) - raft.server.log.queue.byte-limit = 64MB (=67108864) (default)
2023-04-11 14:12:40,989 [s1-impl-thread1] INFO  server.RaftServerConfigKeys (ConfUtils.java:logGet(46)) - raft.server.log.queue.element-limit = 4096 (default)
2023-04-11 14:12:40,989 [s1-impl-thread1] INFO  server.RaftServerConfigKeys (ConfUtils.java:logGet(46)) - raft.server.log.segment.size.max = 8MB (=8388608) (default)
2023-04-11 14:12:40,989 [s1-impl-thread1] INFO  server.RaftServerConfigKeys (ConfUtils.java:logGet(46)) - raft.server.log.preallocated.size = 4MB (=4194304) (default)
2023-04-11 14:12:40,989 [s1-impl-thread1] INFO  server.RaftServerConfigKeys (ConfUtils.java:logGet(46)) - raft.server.log.force.sync.num = 128 (default)
2023-04-11 14:12:40,989 [s1-impl-thread1] INFO  server.RaftServerConfigKeys (ConfUtils.java:logGet(46)) - raft.server.log.statemachine.data.sync = true (default)
2023-04-11 14:12:40,989 [s1-impl-thread1] INFO  server.RaftServerConfigKeys (ConfUtils.java:logGet(46)) - raft.server.log.statemachine.data.sync.timeout = 10s (default)
2023-04-11 14:12:40,989 [s1-impl-thread1] INFO  server.RaftServerConfigKeys (ConfUtils.java:logGet(46)) - raft.server.log.statemachine.data.sync.timeout.retry = -1 (default)
2023-04-11 14:12:40,989 [s1-impl-thread1] INFO  server.RaftServerConfigKeys (ConfUtils.java:logGet(46)) - raft.server.log.write.buffer.size = 64KB (=65536) (default)
2023-04-11 14:12:40,989 [s1-impl-thread1] INFO  server.RaftServerConfigKeys (ConfUtils.java:logGet(46)) - raft.server.log.appender.buffer.byte-limit = 4MB (=4194304) (default)
2023-04-11 14:12:40,990 [s1-impl-thread1] INFO  server.RaftServerConfigKeys (ConfUtils.java:logGet(46)) - raft.server.log.unsafe-flush.enabled = false (default)
2023-04-11 14:12:40,990 [s1-impl-thread1] INFO  server.RaftServerConfigKeys (ConfUtils.java:logGet(46)) - raft.server.log.async-flush.enabled = false (default)
2023-04-11 14:12:40,990 [s1-impl-thread1] INFO  server.RaftServerConfigKeys (ConfUtils.java:logGet(46)) - raft.server.log.statemachine.data.caching.enabled = false (default)
2023-04-11 14:12:40,990 [s1-impl-thread1] INFO  segmented.SegmentedRaftLogWorker (SegmentedRaftLogWorker.java:lambda$new$0(134)) - s1@group-A6C73DD72C11-SegmentedRaftLogWorker: flushIndex: setUnconditionally 0 -> -1
2023-04-11 14:12:40,990 [s1-impl-thread1] INFO  segmented.SegmentedRaftLogWorker (SegmentedRaftLogWorker.java:lambda$new$0(134)) - s1@group-A6C73DD72C11-SegmentedRaftLogWorker: safeCacheEvictIndex: setUnconditionally 0 -> -1
2023-04-11 14:12:40,991 [s1-impl-thread1] INFO  server.RaftServer$Division (RaftServerImpl.java:start(342)) - s1@group-A6C73DD72C11: start as a follower, conf=-1: peers:[s0|rpc:localhost:34797|admin:localhost:39663|client:localhost:38903|dataStream:localhost:36463|priority:0|startupRole:FOLLOWER, s1|rpc:localhost:38511|admin:localhost:34105|client:localhost:40353|dataStream:localhost:37123|priority:0|startupRole:FOLLOWER, s2|rpc:localhost:39967|admin:localhost:36265|client:localhost:34663|dataStream:localhost:38633|priority:0|startupRole:FOLLOWER]|listeners:[], old=null
2023-04-11 14:12:40,991 [s1-impl-thread1] INFO  server.RaftServer$Division (RaftServerImpl.java:setRole(329)) - s1@group-A6C73DD72C11: changes role from      null to FOLLOWER at term 0 for startAsFollower
2023-04-11 14:12:40,991 [s1-impl-thread1] INFO  impl.RoleInfo (RoleInfo.java:updateAndGet(139)) - s1: start s1@group-A6C73DD72C11-FollowerState
2023-04-11 14:12:40,993 [s1@group-A6C73DD72C11-FollowerState] INFO  server.RaftServerConfigKeys (ConfUtils.java:logFallback(53)) - raft.server.rpc.first-election.timeout.min = 150ms (fallback to raft.server.rpc.timeout.min)
2023-04-11 14:12:40,993 [s1-impl-thread1] INFO  util.JmxRegister (JmxRegister.java:tryRegister(44)) - Successfully registered JMX Bean with object name Ratis:service=RaftServer,group=group-A6C73DD72C11,id=s1
2023-04-11 14:12:40,993 [s1@group-A6C73DD72C11-FollowerState] INFO  server.RaftServerConfigKeys (ConfUtils.java:logFallback(53)) - raft.server.rpc.first-election.timeout.max = 300ms (fallback to raft.server.rpc.timeout.max)
2023-04-11 14:12:40,993 [s1-impl-thread1] INFO  server.RaftServerConfigKeys (ConfUtils.java:logGet(46)) - raft.server.snapshot.auto.trigger.enabled = false (default)
2023-04-11 14:12:40,993 [s1-impl-thread1] INFO  server.RaftServerConfigKeys (ConfUtils.java:logGet(46)) - raft.server.snapshot.retention.file.num = -1 (default)
2023-04-11 14:12:40,993 [s1-impl-thread1] INFO  server.RaftServerConfigKeys (ConfUtils.java:logGet(46)) - raft.server.log.purge.upto.snapshot.index = false (default)
2023-04-11 14:12:40,994 [Time-limited test] INFO  server.RaftServer (RaftServerProxy.java:startImpl(401)) - s1: start RPC server
2023-04-11 14:12:40,999 [s2-impl-thread1] INFO  server.RaftServerConfigKeys (ConfUtils.java:logGet(46)) - raft.server.storage.free-space.min = 0MB (=0) (default)
2023-04-11 14:12:41,000 [s2-impl-thread1] INFO  server.RaftServerConfigKeys (ConfUtils.java:logGet(46)) - raft.server.log.corruption.policy = EXCEPTION (default)
2023-04-11 14:12:41,000 [s2-impl-thread1] INFO  server.RaftServerConfigKeys (ConfUtils.java:logGet(46)) - raft.server.storage.dir = [/home/runner/work/ratis/ratis/ratis-test/target/test/data/6a86d74c/MiniRaftClusterWithSimulatedRpcc212a805/s2] (custom)
2023-04-11 14:12:41,000 [s2-impl-thread1] INFO  storage.RaftStorageDirectory (RaftStorageDirectoryImpl.java:analyzeStorage(138)) - The storage directory /home/runner/work/ratis/ratis/ratis-test/target/test/data/6a86d74c/MiniRaftClusterWithSimulatedRpcc212a805/s2/d6b4beea-1261-4344-80dd-a6c73dd72c11 does not exist. Creating ...
2023-04-11 14:12:41,000 [s2-impl-thread1] TRACE util.FileUtils (LogUtils.java:runAndLog(49)) - Successfully ran Files.createDirectories /home/runner/work/ratis/ratis/ratis-test/target/test/data/6a86d74c/MiniRaftClusterWithSimulatedRpcc212a805/s2/d6b4beea-1261-4344-80dd-a6c73dd72c11
2023-04-11 14:12:41,002 [JvmPauseMonitor7] INFO  util.JvmPauseMonitor (JvmPauseMonitor.java:run(103)) - JvmPauseMonitor-s1: Started
2023-04-11 14:12:41,002 [s2-impl-thread1] INFO  storage.RaftStorageDirectory (RaftStorageDirectoryImpl.java:tryLock(232)) - Lock on /home/runner/work/ratis/ratis/ratis-test/target/test/data/6a86d74c/MiniRaftClusterWithSimulatedRpcc212a805/s2/d6b4beea-1261-4344-80dd-a6c73dd72c11/in_use.lock acquired by nodename 5139@fv-az937-810
2023-04-11 14:12:41,002 [s2-impl-thread1] TRACE util.FileUtils (LogUtils.java:runAndLog(49)) - Successfully ran Files.createDirectories /home/runner/work/ratis/ratis/ratis-test/target/test/data/6a86d74c/MiniRaftClusterWithSimulatedRpcc212a805/s2/d6b4beea-1261-4344-80dd-a6c73dd72c11/current
2023-04-11 14:12:41,003 [s2-impl-thread1] TRACE util.FileUtils (LogUtils.java:runAndLog(49)) - Successfully ran Files.createDirectories /home/runner/work/ratis/ratis/ratis-test/target/test/data/6a86d74c/MiniRaftClusterWithSimulatedRpcc212a805/s2/d6b4beea-1261-4344-80dd-a6c73dd72c11/sm
2023-04-11 14:12:41,004 [s2-impl-thread1] INFO  storage.RaftStorage (RaftStorageImpl.java:format(96)) - Storage directory /home/runner/work/ratis/ratis/ratis-test/target/test/data/6a86d74c/MiniRaftClusterWithSimulatedRpcc212a805/s2/d6b4beea-1261-4344-80dd-a6c73dd72c11 has been successfully formatted.
2023-04-11 14:12:41,004 [s2-impl-thread1] INFO  impl.SimpleStateMachine4Testing (SimpleStateMachine4Testing.java:initialize(213)) - Initializing StateMachineWithException:uninitialized
2023-04-11 14:12:41,004 [s2-impl-thread1] INFO  impl.SimpleStateMachine4Testing (SimpleStateMachine4Testing.java:loadSnapshot(293)) - Loading snapshot null
2023-04-11 14:12:41,005 [s2-impl-thread1] INFO  server.RaftServerConfigKeys (ConfUtils.java:logGet(46)) - raft.server.log.use.memory = false (default)
2023-04-11 14:12:41,005 [s2-impl-thread1] INFO  server.RaftServerConfigKeys (ConfUtils.java:logGet(46)) - raft.server.log.purge.gap = 1024 (default)
2023-04-11 14:12:41,005 [s2-impl-thread1] INFO  server.RaftServerConfigKeys (ConfUtils.java:logGet(46)) - raft.server.log.appender.buffer.byte-limit = 4MB (=4194304) (default)
2023-04-11 14:12:41,005 [s2-impl-thread1] INFO  server.RaftServerConfigKeys (ConfUtils.java:logGet(46)) - raft.server.log.statemachine.data.read.timeout = 1000ms (default)
2023-04-11 14:12:41,005 [s2-impl-thread1] INFO  server.RaftServerConfigKeys (ConfUtils.java:logGet(46)) - raft.server.log.purge.preservation.log.num = 0 (default)
2023-04-11 14:12:41,006 [s2-impl-thread1] INFO  server.RaftServerConfigKeys (ConfUtils.java:logGet(46)) - raft.server.log.segment.size.max = 8MB (=8388608) (default)
2023-04-11 14:12:41,006 [s2-impl-thread1] INFO  server.RaftServerConfigKeys (ConfUtils.java:logGet(46)) - raft.server.log.segment.cache.num.max = 6 (default)
2023-04-11 14:12:41,006 [s2-impl-thread1] INFO  server.RaftServerConfigKeys (ConfUtils.java:logGet(46)) - raft.server.log.segment.cache.size.max = 200MB (=209715200) (default)
2023-04-11 14:12:41,006 [s2-impl-thread1] INFO  server.RaftServerConfigKeys (ConfUtils.java:logGet(46)) - raft.server.log.appender.buffer.byte-limit = 4MB (=4194304) (default)
2023-04-11 14:12:41,006 [s2-impl-thread1] INFO  segmented.SegmentedRaftLogWorker (SegmentedRaftLogWorker.java:<init>(183)) - new s2@group-A6C73DD72C11-SegmentedRaftLogWorker for RaftStorageImpl:Storage Directory /home/runner/work/ratis/ratis/ratis-test/target/test/data/6a86d74c/MiniRaftClusterWithSimulatedRpcc212a805/s2/d6b4beea-1261-4344-80dd-a6c73dd72c11
2023-04-11 14:12:41,006 [s2-impl-thread1] INFO  server.RaftServerConfigKeys (ConfUtils.java:logGet(46)) - raft.server.log.queue.byte-limit = 64MB (=67108864) (default)
2023-04-11 14:12:41,006 [s2-impl-thread1] INFO  server.RaftServerConfigKeys (ConfUtils.java:logGet(46)) - raft.server.log.queue.element-limit = 4096 (default)
2023-04-11 14:12:41,006 [s2-impl-thread1] INFO  server.RaftServerConfigKeys (ConfUtils.java:logGet(46)) - raft.server.log.segment.size.max = 8MB (=8388608) (default)
2023-04-11 14:12:41,006 [s2-impl-thread1] INFO  server.RaftServerConfigKeys (ConfUtils.java:logGet(46)) - raft.server.log.preallocated.size = 4MB (=4194304) (default)
2023-04-11 14:12:41,006 [s2-impl-thread1] INFO  server.RaftServerConfigKeys (ConfUtils.java:logGet(46)) - raft.server.log.force.sync.num = 128 (default)
2023-04-11 14:12:41,006 [s2-impl-thread1] INFO  server.RaftServerConfigKeys (ConfUtils.java:logGet(46)) - raft.server.log.statemachine.data.sync = true (default)
2023-04-11 14:12:41,014 [s2-impl-thread1] INFO  server.RaftServerConfigKeys (ConfUtils.java:logGet(46)) - raft.server.log.statemachine.data.sync.timeout = 10s (default)
2023-04-11 14:12:41,014 [s2-impl-thread1] INFO  server.RaftServerConfigKeys (ConfUtils.java:logGet(46)) - raft.server.log.statemachine.data.sync.timeout.retry = -1 (default)
2023-04-11 14:12:41,014 [s2-impl-thread1] INFO  server.RaftServerConfigKeys (ConfUtils.java:logGet(46)) - raft.server.log.write.buffer.size = 64KB (=65536) (default)
2023-04-11 14:12:41,014 [s2-impl-thread1] INFO  server.RaftServerConfigKeys (ConfUtils.java:logGet(46)) - raft.server.log.appender.buffer.byte-limit = 4MB (=4194304) (default)
2023-04-11 14:12:41,015 [s2-impl-thread1] INFO  server.RaftServerConfigKeys (ConfUtils.java:logGet(46)) - raft.server.log.unsafe-flush.enabled = false (default)
2023-04-11 14:12:41,015 [s2-impl-thread1] INFO  server.RaftServerConfigKeys (ConfUtils.java:logGet(46)) - raft.server.log.async-flush.enabled = false (default)
2023-04-11 14:12:41,015 [s2-impl-thread1] INFO  server.RaftServerConfigKeys (ConfUtils.java:logGet(46)) - raft.server.log.statemachine.data.caching.enabled = false (default)
2023-04-11 14:12:41,015 [s2-impl-thread1] INFO  segmented.SegmentedRaftLogWorker (SegmentedRaftLogWorker.java:lambda$new$0(134)) - s2@group-A6C73DD72C11-SegmentedRaftLogWorker: flushIndex: setUnconditionally 0 -> -1
2023-04-11 14:12:41,015 [s2-impl-thread1] INFO  segmented.SegmentedRaftLogWorker (SegmentedRaftLogWorker.java:lambda$new$0(134)) - s2@group-A6C73DD72C11-SegmentedRaftLogWorker: safeCacheEvictIndex: setUnconditionally 0 -> -1
2023-04-11 14:12:41,016 [s2-impl-thread1] INFO  server.RaftServer$Division (RaftServerImpl.java:start(342)) - s2@group-A6C73DD72C11: start as a follower, conf=-1: peers:[s0|rpc:localhost:34797|admin:localhost:39663|client:localhost:38903|dataStream:localhost:36463|priority:0|startupRole:FOLLOWER, s1|rpc:localhost:38511|admin:localhost:34105|client:localhost:40353|dataStream:localhost:37123|priority:0|startupRole:FOLLOWER, s2|rpc:localhost:39967|admin:localhost:36265|client:localhost:34663|dataStream:localhost:38633|priority:0|startupRole:FOLLOWER]|listeners:[], old=null
2023-04-11 14:12:41,016 [s2-impl-thread1] INFO  server.RaftServer$Division (RaftServerImpl.java:setRole(329)) - s2@group-A6C73DD72C11: changes role from      null to FOLLOWER at term 0 for startAsFollower
2023-04-11 14:12:41,016 [s2-impl-thread1] INFO  impl.RoleInfo (RoleInfo.java:updateAndGet(139)) - s2: start s2@group-A6C73DD72C11-FollowerState
2023-04-11 14:12:41,017 [s2-impl-thread1] INFO  util.JmxRegister (JmxRegister.java:tryRegister(44)) - Successfully registered JMX Bean with object name Ratis:service=RaftServer,group=group-A6C73DD72C11,id=s2
2023-04-11 14:12:41,018 [s2-impl-thread1] INFO  server.RaftServerConfigKeys (ConfUtils.java:logGet(46)) - raft.server.snapshot.auto.trigger.enabled = false (default)
2023-04-11 14:12:41,018 [s2-impl-thread1] INFO  server.RaftServerConfigKeys (ConfUtils.java:logGet(46)) - raft.server.snapshot.retention.file.num = -1 (default)
2023-04-11 14:12:41,018 [s2-impl-thread1] INFO  server.RaftServerConfigKeys (ConfUtils.java:logGet(46)) - raft.server.log.purge.upto.snapshot.index = false (default)
2023-04-11 14:12:41,018 [s2@group-A6C73DD72C11-FollowerState] INFO  server.RaftServerConfigKeys (ConfUtils.java:logFallback(53)) - raft.server.rpc.first-election.timeout.min = 150ms (fallback to raft.server.rpc.timeout.min)
2023-04-11 14:12:41,019 [s2@group-A6C73DD72C11-FollowerState] INFO  server.RaftServerConfigKeys (ConfUtils.java:logFallback(53)) - raft.server.rpc.first-election.timeout.max = 300ms (fallback to raft.server.rpc.timeout.max)
2023-04-11 14:12:41,019 [Time-limited test] INFO  server.RaftServer (RaftServerProxy.java:startImpl(401)) - s2: start RPC server
2023-04-11 14:12:41,020 [JvmPauseMonitor8] INFO  util.JvmPauseMonitor (JvmPauseMonitor.java:run(103)) - JvmPauseMonitor-s2: Started
2023-04-11 14:12:41,022 [Time-limited test] INFO  server.RaftServerConfigKeys (ConfUtils.java:logGet(46)) - raft.server.rpc.timeout.max = 300ms (default)
2023-04-11 14:12:41,023 [Time-limited test] INFO  ratis.RaftTestUtil (RaftTestUtil.java:waitForLeader(100)) - printing ALL groups
  s0:  RUNNING  FOLLOWER s0@group-A6C73DD72C11:t0, leader=null, voted=, raftlog=Memoized:s0@group-A6C73DD72C11-SegmentedRaftLog:OPENED:c-1, conf=-1: peers:[s0|rpc:localhost:34797|admin:localhost:39663|client:localhost:38903|dataStream:localhost:36463|priority:0|startupRole:FOLLOWER, s1|rpc:localhost:38511|admin:localhost:34105|client:localhost:40353|dataStream:localhost:37123|priority:0|startupRole:FOLLOWER, s2|rpc:localhost:39967|admin:localhost:36265|client:localhost:34663|dataStream:localhost:38633|priority:0|startupRole:FOLLOWER]|listeners:[], old=null RUNNING
  s1:  RUNNING  FOLLOWER s1@group-A6C73DD72C11:t0, leader=null, voted=, raftlog=Memoized:s1@group-A6C73DD72C11-SegmentedRaftLog:OPENED:c-1, conf=-1: peers:[s0|rpc:localhost:34797|admin:localhost:39663|client:localhost:38903|dataStream:localhost:36463|priority:0|startupRole:FOLLOWER, s1|rpc:localhost:38511|admin:localhost:34105|client:localhost:40353|dataStream:localhost:37123|priority:0|startupRole:FOLLOWER, s2|rpc:localhost:39967|admin:localhost:36265|client:localhost:34663|dataStream:localhost:38633|priority:0|startupRole:FOLLOWER]|listeners:[], old=null RUNNING
  s2:  RUNNING  FOLLOWER s2@group-A6C73DD72C11:t0, leader=null, voted=, raftlog=Memoized:s2@group-A6C73DD72C11-SegmentedRaftLog:OPENED:c-1, conf=-1: peers:[s0|rpc:localhost:34797|admin:localhost:39663|client:localhost:38903|dataStream:localhost:36463|priority:0|startupRole:FOLLOWER, s1|rpc:localhost:38511|admin:localhost:34105|client:localhost:40353|dataStream:localhost:37123|priority:0|startupRole:FOLLOWER, s2|rpc:localhost:39967|admin:localhost:36265|client:localhost:34663|dataStream:localhost:38633|priority:0|startupRole:FOLLOWER]|listeners:[], old=null RUNNING
2023-04-11 14:12:41,023 [Time-limited test] WARN  ratis.RaftTestUtil (JavaUtils.java:attempt(217)) - FAILED "waitForLeader-null-(expectLeader? true)", attempt #1/100: java.lang.IllegalStateException: No leader yet : printing ALL groups
  s0:  RUNNING  FOLLOWER s0@group-A6C73DD72C11:t0, leader=null, voted=, raftlog=Memoized:s0@group-A6C73DD72C11-SegmentedRaftLog:OPENED:c-1, conf=-1: peers:[s0|rpc:localhost:34797|admin:localhost:39663|client:localhost:38903|dataStream:localhost:36463|priority:0|startupRole:FOLLOWER, s1|rpc:localhost:38511|admin:localhost:34105|client:localhost:40353|dataStream:localhost:37123|priority:0|startupRole:FOLLOWER, s2|rpc:localhost:39967|admin:localhost:36265|client:localhost:34663|dataStream:localhost:38633|priority:0|startupRole:FOLLOWER]|listeners:[], old=null RUNNING
  s1:  RUNNING  FOLLOWER s1@group-A6C73DD72C11:t0, leader=null, voted=, raftlog=Memoized:s1@group-A6C73DD72C11-SegmentedRaftLog:OPENED:c-1, conf=-1: peers:[s0|rpc:localhost:34797|admin:localhost:39663|client:localhost:38903|dataStream:localhost:36463|priority:0|startupRole:FOLLOWER, s1|rpc:localhost:38511|admin:localhost:34105|client:localhost:40353|dataStream:localhost:37123|priority:0|startupRole:FOLLOWER, s2|rpc:localhost:39967|admin:localhost:36265|client:localhost:34663|dataStream:localhost:38633|priority:0|startupRole:FOLLOWER]|listeners:[], old=null RUNNING
  s2:  RUNNING  FOLLOWER s2@group-A6C73DD72C11:t0, leader=null, voted=, raftlog=Memoized:s2@group-A6C73DD72C11-SegmentedRaftLog:OPENED:c-1, conf=-1: peers:[s0|rpc:localhost:34797|admin:localhost:39663|client:localhost:38903|dataStream:localhost:36463|priority:0|startupRole:FOLLOWER, s1|rpc:localhost:38511|admin:localhost:34105|client:localhost:40353|dataStream:localhost:37123|priority:0|startupRole:FOLLOWER, s2|rpc:localhost:39967|admin:localhost:36265|client:localhost:34663|dataStream:localhost:38633|priority:0|startupRole:FOLLOWER]|listeners:[], old=null RUNNING, sleep 450ms and then retry.
java.lang.IllegalStateException: No leader yet : printing ALL groups
  s0:  RUNNING  FOLLOWER s0@group-A6C73DD72C11:t0, leader=null, voted=, raftlog=Memoized:s0@group-A6C73DD72C11-SegmentedRaftLog:OPENED:c-1, conf=-1: peers:[s0|rpc:localhost:34797|admin:localhost:39663|client:localhost:38903|dataStream:localhost:36463|priority:0|startupRole:FOLLOWER, s1|rpc:localhost:38511|admin:localhost:34105|client:localhost:40353|dataStream:localhost:37123|priority:0|startupRole:FOLLOWER, s2|rpc:localhost:39967|admin:localhost:36265|client:localhost:34663|dataStream:localhost:38633|priority:0|startupRole:FOLLOWER]|listeners:[], old=null RUNNING
  s1:  RUNNING  FOLLOWER s1@group-A6C73DD72C11:t0, leader=null, voted=, raftlog=Memoized:s1@group-A6C73DD72C11-SegmentedRaftLog:OPENED:c-1, conf=-1: peers:[s0|rpc:localhost:34797|admin:localhost:39663|client:localhost:38903|dataStream:localhost:36463|priority:0|startupRole:FOLLOWER, s1|rpc:localhost:38511|admin:localhost:34105|client:localhost:40353|dataStream:localhost:37123|priority:0|startupRole:FOLLOWER, s2|rpc:localhost:39967|admin:localhost:36265|client:localhost:34663|dataStream:localhost:38633|priority:0|startupRole:FOLLOWER]|listeners:[], old=null RUNNING
  s2:  RUNNING  FOLLOWER s2@group-A6C73DD72C11:t0, leader=null, voted=, raftlog=Memoized:s2@group-A6C73DD72C11-SegmentedRaftLog:OPENED:c-1, conf=-1: peers:[s0|rpc:localhost:34797|admin:localhost:39663|client:localhost:38903|dataStream:localhost:36463|priority:0|startupRole:FOLLOWER, s1|rpc:localhost:38511|admin:localhost:34105|client:localhost:40353|dataStream:localhost:37123|priority:0|startupRole:FOLLOWER, s2|rpc:localhost:39967|admin:localhost:36265|client:localhost:34663|dataStream:localhost:38633|priority:0|startupRole:FOLLOWER]|listeners:[], old=null RUNNING
	at org.apache.ratis.server.impl.MiniRaftCluster.newIllegalStateExceptionForNoLeaders(MiniRaftCluster.java:581)
	at org.apache.ratis.RaftTestUtil.lambda$waitForLeader$1(RaftTestUtil.java:104)
	at org.apache.ratis.server.impl.MiniRaftCluster.getLeader(MiniRaftCluster.java:615)
	at org.apache.ratis.server.impl.MiniRaftCluster.getLeader(MiniRaftCluster.java:608)
	at org.apache.ratis.RaftTestUtil.lambda$waitForLeader$3(RaftTestUtil.java:112)
	at org.apache.ratis.util.JavaUtils.attempt(JavaUtils.java:211)
	at org.apache.ratis.util.JavaUtils.attemptRepeatedly(JavaUtils.java:197)
	at org.apache.ratis.RaftTestUtil.waitForLeader(RaftTestUtil.java:111)
	at org.apache.ratis.RaftTestUtil.waitForLeader(RaftTestUtil.java:92)
	at org.apache.ratis.RaftTestUtil.waitForLeader(RaftTestUtil.java:87)
	at org.apache.ratis.server.impl.RaftStateMachineExceptionTests.runTestRetryOnExceptionDuringReplication(RaftStateMachineExceptionTests.java:151)
	at org.apache.ratis.server.impl.MiniRaftCluster$Factory$Get.runWithNewCluster(MiniRaftCluster.java:141)
	at org.apache.ratis.server.impl.MiniRaftCluster$Factory$Get.runWithNewCluster(MiniRaftCluster.java:121)
	at org.apache.ratis.server.impl.RaftStateMachineExceptionTests.testRetryOnExceptionDuringReplication(RaftStateMachineExceptionTests.java:147)
	at java.base/jdk.internal.reflect.NativeMethodAccessorImpl.invoke0(Native Method)
	at java.base/jdk.internal.reflect.NativeMethodAccessorImpl.invoke(NativeMethodAccessorImpl.java:62)
	at java.base/jdk.internal.reflect.DelegatingMethodAccessorImpl.invoke(DelegatingMethodAccessorImpl.java:43)
	at java.base/java.lang.reflect.Method.invoke(Method.java:566)
	at org.junit.runners.model.FrameworkMethod$1.runReflectiveCall(FrameworkMethod.java:59)
	at org.junit.internal.runners.model.ReflectiveCallable.run(ReflectiveCallable.java:12)
	at org.junit.runners.model.FrameworkMethod.invokeExplosively(FrameworkMethod.java:56)
	at org.junit.internal.runners.statements.InvokeMethod.evaluate(InvokeMethod.java:17)
	at org.junit.internal.runners.statements.RunAfters.evaluate(RunAfters.java:27)
	at org.junit.internal.runners.statements.FailOnTimeout$CallableStatement.call(FailOnTimeout.java:299)
	at org.junit.internal.runners.statements.FailOnTimeout$CallableStatement.call(FailOnTimeout.java:293)
	at java.base/java.util.concurrent.FutureTask.run(FutureTask.java:264)
	at java.base/java.lang.Thread.run(Thread.java:829)
2023-04-11 14:12:41,172 [s0@group-A6C73DD72C11-FollowerState] INFO  impl.FollowerState (FollowerState.java:run(143)) - s0@group-A6C73DD72C11-FollowerState: change to CANDIDATE, lastRpcElapsedTime:206060604ns, electionTimeout:199ms
2023-04-11 14:12:41,172 [s0@group-A6C73DD72C11-FollowerState] INFO  impl.RoleInfo (RoleInfo.java:shutdownFollowerState(110)) - s0: shutdown s0@group-A6C73DD72C11-FollowerState
2023-04-11 14:12:41,172 [s0@group-A6C73DD72C11-FollowerState] INFO  server.RaftServer$Division (RaftServerImpl.java:setRole(329)) - s0@group-A6C73DD72C11: changes role from  FOLLOWER to CANDIDATE at term 0 for changeToCandidate
2023-04-11 14:12:41,173 [s0@group-A6C73DD72C11-FollowerState] INFO  server.RaftServerConfigKeys (ConfUtils.java:logGet(46)) - raft.server.leaderelection.pre-vote = true (default)
2023-04-11 14:12:41,173 [s0@group-A6C73DD72C11-FollowerState] INFO  impl.RoleInfo (RoleInfo.java:updateAndGet(139)) - s0: start s0@group-A6C73DD72C11-LeaderElection6
2023-04-11 14:12:41,176 [s0@group-A6C73DD72C11-LeaderElection6] INFO  impl.LeaderElection (LeaderElection.java:askForVotes(320)) - s0@group-A6C73DD72C11-LeaderElection6 PRE_VOTE round 0: submit vote requests at term 0 for -1: peers:[s0|rpc:localhost:34797|admin:localhost:39663|client:localhost:38903|dataStream:localhost:36463|priority:0|startupRole:FOLLOWER, s1|rpc:localhost:38511|admin:localhost:34105|client:localhost:40353|dataStream:localhost:37123|priority:0|startupRole:FOLLOWER, s2|rpc:localhost:39967|admin:localhost:36265|client:localhost:34663|dataStream:localhost:38633|priority:0|startupRole:FOLLOWER]|listeners:[], old=null
2023-04-11 14:12:41,177 [s0@group-A6C73DD72C11-LeaderElection6] INFO  server.RaftServerConfigKeys (ConfUtils.java:logFallback(53)) - raft.server.rpc.first-election.timeout.min = 150ms (fallback to raft.server.rpc.timeout.min)
2023-04-11 14:12:41,177 [HandlerDaemon-0] INFO  server.RaftServer$Division (RaftServerImpl.java:requestVote(1303)) - s1@group-A6C73DD72C11: receive requestVote(PRE_VOTE, s0, group-A6C73DD72C11, 0, (t:0, i:0))
2023-04-11 14:12:41,177 [HandlerDaemon-0] INFO  impl.VoteContext (VoteContext.java:log(49)) - s1@group-A6C73DD72C11-FOLLOWER: accept PRE_VOTE from s0: our priority 0 <= candidate's priority 0
2023-04-11 14:12:41,177 [HandlerDaemon-0] INFO  server.RaftServer$Division (RaftServerImpl.java:requestVote(1336)) - s1@group-A6C73DD72C11 replies to PRE_VOTE vote request: s0<-s1#0:OK-t0. Peer's state: s1@group-A6C73DD72C11:t0, leader=null, voted=, raftlog=Memoized:s1@group-A6C73DD72C11-SegmentedRaftLog:OPENED:c-1, conf=-1: peers:[s0|rpc:localhost:34797|admin:localhost:39663|client:localhost:38903|dataStream:localhost:36463|priority:0|startupRole:FOLLOWER, s1|rpc:localhost:38511|admin:localhost:34105|client:localhost:40353|dataStream:localhost:37123|priority:0|startupRole:FOLLOWER, s2|rpc:localhost:39967|admin:localhost:36265|client:localhost:34663|dataStream:localhost:38633|priority:0|startupRole:FOLLOWER]|listeners:[], old=null
2023-04-11 14:12:41,177 [HandlerDaemon-0] INFO  server.RaftServer$Division (RaftServerImpl.java:requestVote(1303)) - s2@group-A6C73DD72C11: receive requestVote(PRE_VOTE, s0, group-A6C73DD72C11, 0, (t:0, i:0))
2023-04-11 14:12:41,177 [HandlerDaemon-0] INFO  impl.VoteContext (VoteContext.java:log(49)) - s2@group-A6C73DD72C11-FOLLOWER: accept PRE_VOTE from s0: our priority 0 <= candidate's priority 0
2023-04-11 14:12:41,177 [HandlerDaemon-0] INFO  server.RaftServer$Division (RaftServerImpl.java:requestVote(1336)) - s2@group-A6C73DD72C11 replies to PRE_VOTE vote request: s0<-s2#0:OK-t0. Peer's state: s2@group-A6C73DD72C11:t0, leader=null, voted=, raftlog=Memoized:s2@group-A6C73DD72C11-SegmentedRaftLog:OPENED:c-1, conf=-1: peers:[s0|rpc:localhost:34797|admin:localhost:39663|client:localhost:38903|dataStream:localhost:36463|priority:0|startupRole:FOLLOWER, s1|rpc:localhost:38511|admin:localhost:34105|client:localhost:40353|dataStream:localhost:37123|priority:0|startupRole:FOLLOWER, s2|rpc:localhost:39967|admin:localhost:36265|client:localhost:34663|dataStream:localhost:38633|priority:0|startupRole:FOLLOWER]|listeners:[], old=null
2023-04-11 14:12:41,177 [s0@group-A6C73DD72C11-LeaderElection6] INFO  server.RaftServerConfigKeys (ConfUtils.java:logFallback(53)) - raft.server.rpc.first-election.timeout.max = 300ms (fallback to raft.server.rpc.timeout.max)
2023-04-11 14:12:41,178 [s0@group-A6C73DD72C11-LeaderElection6] INFO  impl.LeaderElection (LeaderElection.java:logAndReturn(89)) - s0@group-A6C73DD72C11-LeaderElection6: PRE_VOTE PASSED received 1 response(s) and 0 exception(s):
2023-04-11 14:12:41,178 [s0@group-A6C73DD72C11-LeaderElection6] INFO  impl.LeaderElection (LeaderElection.java:logAndReturn(93)) -   Response 0: s0<-s1#0:OK-t0
2023-04-11 14:12:41,178 [s0@group-A6C73DD72C11-LeaderElection6] INFO  impl.LeaderElection (LeaderElection.java:askForVotes(322)) - s0@group-A6C73DD72C11-LeaderElection6 PRE_VOTE round 0: result PASSED
2023-04-11 14:12:41,180 [s0@group-A6C73DD72C11-LeaderElection6] INFO  impl.LeaderElection (LeaderElection.java:askForVotes(320)) - s0@group-A6C73DD72C11-LeaderElection6 ELECTION round 0: submit vote requests at term 1 for -1: peers:[s0|rpc:localhost:34797|admin:localhost:39663|client:localhost:38903|dataStream:localhost:36463|priority:0|startupRole:FOLLOWER, s1|rpc:localhost:38511|admin:localhost:34105|client:localhost:40353|dataStream:localhost:37123|priority:0|startupRole:FOLLOWER, s2|rpc:localhost:39967|admin:localhost:36265|client:localhost:34663|dataStream:localhost:38633|priority:0|startupRole:FOLLOWER]|listeners:[], old=null
2023-04-11 14:12:41,180 [s0@group-A6C73DD72C11-LeaderElection6] INFO  server.RaftServerConfigKeys (ConfUtils.java:logFallback(53)) - raft.server.rpc.first-election.timeout.min = 150ms (fallback to raft.server.rpc.timeout.min)
2023-04-11 14:12:41,180 [s0@group-A6C73DD72C11-LeaderElection6] INFO  server.RaftServerConfigKeys (ConfUtils.java:logFallback(53)) - raft.server.rpc.first-election.timeout.max = 300ms (fallback to raft.server.rpc.timeout.max)
2023-04-11 14:12:41,180 [HandlerDaemon-1] INFO  server.RaftServer$Division (RaftServerImpl.java:requestVote(1303)) - s1@group-A6C73DD72C11: receive requestVote(ELECTION, s0, group-A6C73DD72C11, 1, (t:0, i:0))
2023-04-11 14:12:41,181 [HandlerDaemon-1] INFO  impl.VoteContext (VoteContext.java:log(49)) - s1@group-A6C73DD72C11-FOLLOWER: accept ELECTION from s0: our priority 0 <= candidate's priority 0
2023-04-11 14:12:41,181 [HandlerDaemon-1] INFO  server.RaftServer$Division (RaftServerImpl.java:setRole(329)) - s1@group-A6C73DD72C11: changes role from  FOLLOWER to FOLLOWER at term 1 for candidate:s0
2023-04-11 14:12:41,181 [HandlerDaemon-1] INFO  impl.RoleInfo (RoleInfo.java:shutdownFollowerState(110)) - s1: shutdown s1@group-A6C73DD72C11-FollowerState
2023-04-11 14:12:41,181 [s1@group-A6C73DD72C11-FollowerState] INFO  impl.FollowerState (FollowerState.java:run(152)) - s1@group-A6C73DD72C11-FollowerState was interrupted
2023-04-11 14:12:41,181 [HandlerDaemon-1] INFO  impl.RoleInfo (RoleInfo.java:updateAndGet(139)) - s1: start s1@group-A6C73DD72C11-FollowerState
2023-04-11 14:12:41,181 [HandlerDaemon-1] INFO  server.RaftServer$Division (RaftServerImpl.java:requestVote(1303)) - s2@group-A6C73DD72C11: receive requestVote(ELECTION, s0, group-A6C73DD72C11, 1, (t:0, i:0))
2023-04-11 14:12:41,183 [HandlerDaemon-1] INFO  impl.VoteContext (VoteContext.java:log(49)) - s2@group-A6C73DD72C11-FOLLOWER: accept ELECTION from s0: our priority 0 <= candidate's priority 0
2023-04-11 14:12:41,183 [HandlerDaemon-1] INFO  server.RaftServer$Division (RaftServerImpl.java:setRole(329)) - s2@group-A6C73DD72C11: changes role from  FOLLOWER to FOLLOWER at term 1 for candidate:s0
2023-04-11 14:12:41,183 [HandlerDaemon-1] INFO  impl.RoleInfo (RoleInfo.java:shutdownFollowerState(110)) - s2: shutdown s2@group-A6C73DD72C11-FollowerState
2023-04-11 14:12:41,183 [HandlerDaemon-1] INFO  impl.RoleInfo (RoleInfo.java:updateAndGet(139)) - s2: start s2@group-A6C73DD72C11-FollowerState
2023-04-11 14:12:41,184 [HandlerDaemon-1] INFO  server.RaftServer$Division (RaftServerImpl.java:requestVote(1336)) - s1@group-A6C73DD72C11 replies to ELECTION vote request: s0<-s1#0:OK-t1. Peer's state: s1@group-A6C73DD72C11:t1, leader=null, voted=s0, raftlog=Memoized:s1@group-A6C73DD72C11-SegmentedRaftLog:OPENED:c-1, conf=-1: peers:[s0|rpc:localhost:34797|admin:localhost:39663|client:localhost:38903|dataStream:localhost:36463|priority:0|startupRole:FOLLOWER, s1|rpc:localhost:38511|admin:localhost:34105|client:localhost:40353|dataStream:localhost:37123|priority:0|startupRole:FOLLOWER, s2|rpc:localhost:39967|admin:localhost:36265|client:localhost:34663|dataStream:localhost:38633|priority:0|startupRole:FOLLOWER]|listeners:[], old=null
2023-04-11 14:12:41,184 [s2@group-A6C73DD72C11-FollowerState] INFO  impl.FollowerState (FollowerState.java:run(152)) - s2@group-A6C73DD72C11-FollowerState was interrupted
2023-04-11 14:12:41,185 [s0@group-A6C73DD72C11-LeaderElection6] INFO  impl.LeaderElection (LeaderElection.java:logAndReturn(89)) - s0@group-A6C73DD72C11-LeaderElection6: ELECTION PASSED received 1 response(s) and 0 exception(s):
2023-04-11 14:12:41,185 [s0@group-A6C73DD72C11-LeaderElection6] INFO  impl.LeaderElection (LeaderElection.java:logAndReturn(93)) -   Response 0: s0<-s1#0:OK-t1
2023-04-11 14:12:41,185 [s0@group-A6C73DD72C11-LeaderElection6] INFO  impl.LeaderElection (LeaderElection.java:askForVotes(322)) - s0@group-A6C73DD72C11-LeaderElection6 ELECTION round 0: result PASSED
2023-04-11 14:12:41,185 [s0@group-A6C73DD72C11-LeaderElection6] INFO  impl.RoleInfo (RoleInfo.java:shutdownLeaderElection(130)) - s0: shutdown s0@group-A6C73DD72C11-LeaderElection6
2023-04-11 14:12:41,185 [s0@group-A6C73DD72C11-LeaderElection6] INFO  server.RaftServer$Division (RaftServerImpl.java:setRole(329)) - s0@group-A6C73DD72C11: changes role from CANDIDATE to LEADER at term 1 for changeToLeader
2023-04-11 14:12:41,185 [s0@group-A6C73DD72C11-LeaderElection6] INFO  server.RaftServer$Division (ServerState.java:setLeader(260)) - s0@group-A6C73DD72C11: change Leader from null to s0 at term 1 for becomeLeader, leader elected after 241ms
2023-04-11 14:12:41,185 [s0@group-A6C73DD72C11-LeaderElection6] INFO  server.RaftServerConfigKeys (ConfUtils.java:logGet(46)) - raft.server.staging.catchup.gap = 1000 (default)
2023-04-11 14:12:41,185 [s0@group-A6C73DD72C11-LeaderElection6] INFO  server.RaftServerConfigKeys (ConfUtils.java:logGet(46)) - raft.server.write.element-limit = 4096 (default)
2023-04-11 14:12:41,185 [s0@group-A6C73DD72C11-LeaderElection6] INFO  server.RaftServerConfigKeys (ConfUtils.java:logGet(46)) - raft.server.write.byte-limit = 64MB (=67108864) (default)
2023-04-11 14:12:41,186 [s0@group-A6C73DD72C11-LeaderElection6] INFO  server.RaftServerConfigKeys (ConfUtils.java:logGet(46)) - raft.server.watch.timeout = 10s (default)
2023-04-11 14:12:41,186 [s0@group-A6C73DD72C11-LeaderElection6] INFO  server.RaftServerConfigKeys (ConfUtils.java:logGet(46)) - raft.server.watch.timeout.denomination = 1s (default)
2023-04-11 14:12:41,186 [s0@group-A6C73DD72C11-LeaderElection6] INFO  server.RaftServerConfigKeys (ConfUtils.java:logGet(46)) - raft.server.watch.element-limit = 65536 (default)
2023-04-11 14:12:41,186 [s0@group-A6C73DD72C11-LeaderElection6] INFO  server.RaftServerConfigKeys (ConfUtils.java:logGet(46)) - raft.server.write.element-limit = 4096 (default)
2023-04-11 14:12:41,186 [s0@group-A6C73DD72C11-LeaderElection6] INFO  server.RaftServerConfigKeys (ConfUtils.java:logGet(46)) - raft.server.write.follower.gap.ratio.max = -1.0 (default)
2023-04-11 14:12:41,186 [s0@group-A6C73DD72C11-LeaderElection6] INFO  server.RaftServerConfigKeys (ConfUtils.java:logGet(46)) - raft.server.log.appender.snapshot.chunk.size.max = 16MB (=16777216) (default)
2023-04-11 14:12:41,187 [s0@group-A6C73DD72C11-LeaderElection6] INFO  server.RaftServerConfigKeys (ConfUtils.java:logGet(46)) - raft.server.log.appender.buffer.byte-limit = 4MB (=4194304) (default)
2023-04-11 14:12:41,187 [s0@group-A6C73DD72C11-LeaderElection6] INFO  server.RaftServerConfigKeys (ConfUtils.java:logGet(46)) - raft.server.log.appender.buffer.element-limit = 0 (default)
2023-04-11 14:12:41,187 [s0@group-A6C73DD72C11-LeaderElection6] INFO  server.RaftServerConfigKeys (ConfUtils.java:logGet(46)) - raft.server.log.appender.wait-time.min = 10ms (default)
2023-04-11 14:12:41,187 [s0@group-A6C73DD72C11-LeaderElection6] INFO  server.RaftServerConfigKeys (ConfUtils.java:logGet(46)) - raft.server.log.appender.snapshot.chunk.size.max = 16MB (=16777216) (default)
2023-04-11 14:12:41,187 [s0@group-A6C73DD72C11-LeaderElection6] INFO  server.RaftServerConfigKeys (ConfUtils.java:logGet(46)) - raft.server.log.appender.buffer.byte-limit = 4MB (=4194304) (default)
2023-04-11 14:12:41,187 [s0@group-A6C73DD72C11-LeaderElection6] INFO  server.RaftServerConfigKeys (ConfUtils.java:logGet(46)) - raft.server.log.appender.buffer.element-limit = 0 (default)
2023-04-11 14:12:41,187 [s0@group-A6C73DD72C11-LeaderElection6] INFO  server.RaftServerConfigKeys (ConfUtils.java:logGet(46)) - raft.server.log.appender.wait-time.min = 10ms (default)
2023-04-11 14:12:41,187 [s0@group-A6C73DD72C11-LeaderElection6] INFO  impl.RoleInfo (RoleInfo.java:updateAndGet(139)) - s0: start s0@group-A6C73DD72C11-LeaderStateImpl
2023-04-11 14:12:41,187 [s0@group-A6C73DD72C11-LeaderElection6] DEBUG raftlog.RaftLog (SegmentedRaftLog.java:appendImpl(447)) - truncateIndex=-1, arrayIndex=0
2023-04-11 14:12:41,188 [s0@group-A6C73DD72C11-LeaderElection6] INFO  segmented.SegmentedRaftLogWorker (SegmentedRaftLogWorker.java:startLogSegment(426)) - s0@group-A6C73DD72C11-SegmentedRaftLogWorker: Starting segment from index:0
2023-04-11 14:12:41,188 [HandlerDaemon-1] INFO  server.RaftServer$Division (RaftServerImpl.java:requestVote(1336)) - s2@group-A6C73DD72C11 replies to ELECTION vote request: s0<-s2#0:OK-t1. Peer's state: s2@group-A6C73DD72C11:t1, leader=null, voted=s0, raftlog=Memoized:s2@group-A6C73DD72C11-SegmentedRaftLog:OPENED:c-1, conf=-1: peers:[s0|rpc:localhost:34797|admin:localhost:39663|client:localhost:38903|dataStream:localhost:36463|priority:0|startupRole:FOLLOWER, s1|rpc:localhost:38511|admin:localhost:34105|client:localhost:40353|dataStream:localhost:37123|priority:0|startupRole:FOLLOWER, s2|rpc:localhost:39967|admin:localhost:36265|client:localhost:34663|dataStream:localhost:38633|priority:0|startupRole:FOLLOWER]|listeners:[], old=null
2023-04-11 14:12:41,195 [HandlerDaemon-2] INFO  server.RaftServer$Division (ServerState.java:setLeader(260)) - s1@group-A6C73DD72C11: change Leader from null to s0 at term 1 for appendEntries, leader elected after 258ms
2023-04-11 14:12:41,196 [s0@group-A6C73DD72C11-LeaderElection6] INFO  server.RaftServer$Division (ServerState.java:setRaftConf(377)) - s0@group-A6C73DD72C11: set configuration 0: peers:[s0|rpc:localhost:34797|admin:localhost:39663|client:localhost:38903|dataStream:localhost:36463|priority:0|startupRole:FOLLOWER, s1|rpc:localhost:38511|admin:localhost:34105|client:localhost:40353|dataStream:localhost:37123|priority:0|startupRole:FOLLOWER, s2|rpc:localhost:39967|admin:localhost:36265|client:localhost:34663|dataStream:localhost:38633|priority:0|startupRole:FOLLOWER]|listeners:[], old=null
2023-04-11 14:12:41,199 [HandlerDaemon-2] INFO  server.RaftServer$Division (ServerState.java:setLeader(260)) - s2@group-A6C73DD72C11: change Leader from null to s0 at term 1 for appendEntries, leader elected after 247ms
2023-04-11 14:12:41,200 [HandlerDaemon-0] DEBUG server.RaftServer$Division (RaftServerImpl.java:logAppendEntries(1430)) - s1@group-A6C73DD72C11: receive appendEntries(s0, 1, null, -1, true, commits:[s0:c-1, s1:c-1, s2:c-1], cId:50, entries: [(t:1, i:0), CONFIGURATIONENTRY(current:id: "s0"
address: "localhost:34797"
dataStreamAddress: "localhost:36463"
clientAddress: "localhost:38903"
adminAddress: "localhost:39663"
startupRole: FOLLOWER
,id: "s1"
address: "localhost:38511"
dataStreamAddress: "localhost:37123"
clientAddress: "localhost:40353"
adminAddress: "localhost:34105"
startupRole: FOLLOWER
,id: "s2"
address: "localhost:39967"
dataStreamAddress: "localhost:38633"
clientAddress: "localhost:34663"
adminAddress: "localhost:36265"
startupRole: FOLLOWER
, old:)]
2023-04-11 14:12:41,203 [HandlerDaemon-0] INFO  server.RaftServer$Division (ServerState.java:setRaftConf(377)) - s1@group-A6C73DD72C11: set configuration 0: peers:[s0|rpc:localhost:34797|admin:localhost:39663|client:localhost:38903|dataStream:localhost:36463|priority:0|startupRole:FOLLOWER, s1|rpc:localhost:38511|admin:localhost:34105|client:localhost:40353|dataStream:localhost:37123|priority:0|startupRole:FOLLOWER, s2|rpc:localhost:39967|admin:localhost:36265|client:localhost:34663|dataStream:localhost:38633|priority:0|startupRole:FOLLOWER]|listeners:[], old=null
2023-04-11 14:12:41,203 [HandlerDaemon-0] DEBUG raftlog.RaftLog (SegmentedRaftLog.java:appendImpl(447)) - truncateIndex=-1, arrayIndex=0
2023-04-11 14:12:41,203 [HandlerDaemon-0] INFO  segmented.SegmentedRaftLogWorker (SegmentedRaftLogWorker.java:startLogSegment(426)) - s1@group-A6C73DD72C11-SegmentedRaftLogWorker: Starting segment from index:0
2023-04-11 14:12:41,203 [s0@group-A6C73DD72C11-SegmentedRaftLogWorker] INFO  segmented.SegmentedRaftLogWorker (SegmentedRaftLogWorker.java:execute(630)) - s0@group-A6C73DD72C11-SegmentedRaftLogWorker: created new log segment /home/runner/work/ratis/ratis/ratis-test/target/test/data/6a86d74c/MiniRaftClusterWithSimulatedRpcc212a805/s0/d6b4beea-1261-4344-80dd-a6c73dd72c11/current/log_inprogress_0
2023-04-11 14:12:41,210 [HandlerDaemon-0] DEBUG server.RaftServer$Division (RaftServerImpl.java:logAppendEntries(1430)) - s2@group-A6C73DD72C11: receive appendEntries(s0, 1, null, -1, true, commits:[s0:c-1, s1:c-1, s2:c-1], cId:51, entries: [(t:1, i:0), CONFIGURATIONENTRY(current:id: "s0"
address: "localhost:34797"
dataStreamAddress: "localhost:36463"
clientAddress: "localhost:38903"
adminAddress: "localhost:39663"
startupRole: FOLLOWER
,id: "s1"
address: "localhost:38511"
dataStreamAddress: "localhost:37123"
clientAddress: "localhost:40353"
adminAddress: "localhost:34105"
startupRole: FOLLOWER
,id: "s2"
address: "localhost:39967"
dataStreamAddress: "localhost:38633"
clientAddress: "localhost:34663"
adminAddress: "localhost:36265"
startupRole: FOLLOWER
, old:)]
2023-04-11 14:12:41,211 [HandlerDaemon-0] INFO  server.RaftServer$Division (ServerState.java:setRaftConf(377)) - s2@group-A6C73DD72C11: set configuration 0: peers:[s0|rpc:localhost:34797|admin:localhost:39663|client:localhost:38903|dataStream:localhost:36463|priority:0|startupRole:FOLLOWER, s1|rpc:localhost:38511|admin:localhost:34105|client:localhost:40353|dataStream:localhost:37123|priority:0|startupRole:FOLLOWER, s2|rpc:localhost:39967|admin:localhost:36265|client:localhost:34663|dataStream:localhost:38633|priority:0|startupRole:FOLLOWER]|listeners:[], old=null
2023-04-11 14:12:41,211 [HandlerDaemon-0] DEBUG raftlog.RaftLog (SegmentedRaftLog.java:appendImpl(447)) - truncateIndex=-1, arrayIndex=0
2023-04-11 14:12:41,211 [HandlerDaemon-0] INFO  segmented.SegmentedRaftLogWorker (SegmentedRaftLogWorker.java:startLogSegment(426)) - s2@group-A6C73DD72C11-SegmentedRaftLogWorker: Starting segment from index:0
2023-04-11 14:12:41,223 [s1@group-A6C73DD72C11-SegmentedRaftLogWorker] INFO  segmented.SegmentedRaftLogWorker (SegmentedRaftLogWorker.java:execute(630)) - s1@group-A6C73DD72C11-SegmentedRaftLogWorker: created new log segment /home/runner/work/ratis/ratis/ratis-test/target/test/data/6a86d74c/MiniRaftClusterWithSimulatedRpcc212a805/s1/d6b4beea-1261-4344-80dd-a6c73dd72c11/current/log_inprogress_0
2023-04-11 14:12:41,223 [s2@group-A6C73DD72C11-SegmentedRaftLogWorker] INFO  segmented.SegmentedRaftLogWorker (SegmentedRaftLogWorker.java:execute(630)) - s2@group-A6C73DD72C11-SegmentedRaftLogWorker: created new log segment /home/runner/work/ratis/ratis/ratis-test/target/test/data/6a86d74c/MiniRaftClusterWithSimulatedRpcc212a805/s2/d6b4beea-1261-4344-80dd-a6c73dd72c11/current/log_inprogress_0
2023-04-11 14:12:41,224 [s1-server-thread1] DEBUG server.RaftServer$Division (RaftServerImpl.java:logAppendEntries(1430)) - s1@group-A6C73DD72C11: succeeded to handle AppendEntries. Reply: s0<-s1#50:OK-t1,SUCCESS,nextIndex=1,followerCommit=-1,matchIndex=0
2023-04-11 14:12:41,225 [s2-server-thread1] DEBUG server.RaftServer$Division (RaftServerImpl.java:logAppendEntries(1430)) - s2@group-A6C73DD72C11: succeeded to handle AppendEntries. Reply: s0<-s2#51:OK-t1,SUCCESS,nextIndex=1,followerCommit=-1,matchIndex=0
2023-04-11 14:12:41,474 [Time-limited test] INFO  ratis.RaftTestUtil (RaftTestUtil.java:waitForLeader(119)) - printing ALL groups
  s0:  RUNNING    LEADER s0@group-A6C73DD72C11:t1, leader=s0, voted=s0, raftlog=Memoized:s0@group-A6C73DD72C11-SegmentedRaftLog:OPENED:c0, conf=0: peers:[s0|rpc:localhost:34797|admin:localhost:39663|client:localhost:38903|dataStream:localhost:36463|priority:0|startupRole:FOLLOWER, s1|rpc:localhost:38511|admin:localhost:34105|client:localhost:40353|dataStream:localhost:37123|priority:0|startupRole:FOLLOWER, s2|rpc:localhost:39967|admin:localhost:36265|client:localhost:34663|dataStream:localhost:38633|priority:0|startupRole:FOLLOWER]|listeners:[], old=null RUNNING
  s1:  RUNNING  FOLLOWER s1@group-A6C73DD72C11:t1, leader=s0, voted=s0, raftlog=Memoized:s1@group-A6C73DD72C11-SegmentedRaftLog:OPENED:c0, conf=0: peers:[s0|rpc:localhost:34797|admin:localhost:39663|client:localhost:38903|dataStream:localhost:36463|priority:0|startupRole:FOLLOWER, s1|rpc:localhost:38511|admin:localhost:34105|client:localhost:40353|dataStream:localhost:37123|priority:0|startupRole:FOLLOWER, s2|rpc:localhost:39967|admin:localhost:36265|client:localhost:34663|dataStream:localhost:38633|priority:0|startupRole:FOLLOWER]|listeners:[], old=null RUNNING
  s2:  RUNNING  FOLLOWER s2@group-A6C73DD72C11:t1, leader=s0, voted=s0, raftlog=Memoized:s2@group-A6C73DD72C11-SegmentedRaftLog:OPENED:c0, conf=0: peers:[s0|rpc:localhost:34797|admin:localhost:39663|client:localhost:38903|dataStream:localhost:36463|priority:0|startupRole:FOLLOWER, s1|rpc:localhost:38511|admin:localhost:34105|client:localhost:40353|dataStream:localhost:37123|priority:0|startupRole:FOLLOWER, s2|rpc:localhost:39967|admin:localhost:36265|client:localhost:34663|dataStream:localhost:38633|priority:0|startupRole:FOLLOWER]|listeners:[], old=null RUNNING
2023-04-11 14:12:41,474 [Time-limited test] DEBUG client.RaftClient (ConfUtils.java:logGet(46)) - raft.rpc.type = org.apache.ratis.server.simulation.SimulatedRpc (custom)
2023-04-11 14:12:41,475 [s0-client-thread1] DEBUG server.RaftServer$Division (RaftServerImpl.java:submitClientRequestAsync(839)) - s0@group-A6C73DD72C11: receive client request(RaftClientRequest:client-C42EFECAA6A6->s0@group-A6C73DD72C11, cid=64, seq=0, RW, first msg to make leader ready)
2023-04-11 14:12:41,475 [s0-client-thread1] DEBUG server.RaftServer$Division (LeaderStateImpl.java:addPendingRequest(477)) - s0@group-A6C73DD72C11-LeaderStateImpl: addPendingRequest at RaftClientRequest:client-C42EFECAA6A6->s0@group-A6C73DD72C11, cid=64, seq=0, RW, first msg to make leader ready, entry=(t:1, i:1), STATEMACHINELOGENTRY, 64@client-C42EFECAA6A6
2023-04-11 14:12:41,476 [HandlerDaemon-1] DEBUG server.RaftServer$Division (RaftServerImpl.java:logAppendEntries(1430)) - s1@group-A6C73DD72C11: receive appendEntries(s0, 1, (t:1, i:0), 0, true, commits:[s0:c0, s1:c0, s2:c0], cId:65, entries: [(t:1, i:1), STATEMACHINELOGENTRY, 64@client-C42EFECAA6A6]
2023-04-11 14:12:41,476 [HandlerDaemon-1] DEBUG raftlog.RaftLog (SegmentedRaftLog.java:appendImpl(447)) - truncateIndex=-1, arrayIndex=0
2023-04-11 14:12:41,478 [s1-server-thread1] DEBUG server.RaftServer$Division (RaftServerImpl.java:logAppendEntries(1430)) - s1@group-A6C73DD72C11: succeeded to handle AppendEntries. Reply: s0<-s1#65:OK-t1,SUCCESS,nextIndex=2,followerCommit=0,matchIndex=1
2023-04-11 14:12:41,478 [HandlerDaemon-1] DEBUG server.RaftServer$Division (RaftServerImpl.java:logAppendEntries(1430)) - s2@group-A6C73DD72C11: receive appendEntries(s0, 1, (t:1, i:0), 0, true, commits:[s0:c0, s1:c0, s2:c0], cId:66, entries: [(t:1, i:1), STATEMACHINELOGENTRY, 64@client-C42EFECAA6A6]
2023-04-11 14:12:41,478 [HandlerDaemon-1] DEBUG raftlog.RaftLog (SegmentedRaftLog.java:appendImpl(447)) - truncateIndex=-1, arrayIndex=0
2023-04-11 14:12:41,480 [HandlerDaemon-2] DEBUG server.RaftServer$Division (RaftServerImpl.java:logAppendEntries(1430)) - s1@group-A6C73DD72C11: receive appendEntries(s0, 1, (t:1, i:1), 1, true, commits:[s0:c1, s1:c0, s2:c0], cId:67, entries: [(t:1, i:2), METADATAENTRY(c:1)]
2023-04-11 14:12:41,480 [HandlerDaemon-2] DEBUG raftlog.RaftLog (SegmentedRaftLog.java:appendImpl(447)) - truncateIndex=-1, arrayIndex=0
2023-04-11 14:12:41,480 [s2-server-thread1] DEBUG server.RaftServer$Division (RaftServerImpl.java:logAppendEntries(1430)) - s2@group-A6C73DD72C11: succeeded to handle AppendEntries. Reply: s0<-s2#66:OK-t1,SUCCESS,nextIndex=2,followerCommit=0,matchIndex=1
2023-04-11 14:12:41,480 [Time-limited test] DEBUG client.RaftClient (ConfUtils.java:logGet(46)) - raft.rpc.type = org.apache.ratis.server.simulation.SimulatedRpc (custom)
2023-04-11 14:12:41,481 [s0-client-thread1] DEBUG server.RaftServer$Division (RaftServerImpl.java:submitClientRequestAsync(839)) - s0@group-A6C73DD72C11: receive client request(RaftClientRequest:client-3353231AFFF4->s0@group-A6C73DD72C11, cid=999, seq=0, RW, message)
2023-04-11 14:12:41,481 [HandlerDaemon-2] DEBUG server.RaftServer$Division (RaftServerImpl.java:logAppendEntries(1430)) - s2@group-A6C73DD72C11: receive appendEntries(s0, 1, (t:1, i:1), 1, true, commits:[s0:c1, s1:c0, s2:c0], cId:68, entries: [(t:1, i:2), METADATAENTRY(c:1)]
2023-04-11 14:12:41,481 [HandlerDaemon-2] DEBUG raftlog.RaftLog (SegmentedRaftLog.java:appendImpl(447)) - truncateIndex=-1, arrayIndex=0
2023-04-11 14:12:41,482 [Time-limited test] INFO  server.RaftServerConfigKeys (ConfUtils.java:logGet(46)) - raft.server.rpc.timeout.max = 300ms (default)
2023-04-11 14:12:41,483 [Time-limited test] INFO  ratis.RaftTestUtil (RaftTestUtil.java:waitForLeader(100)) - printing ALL groups
  s0:  RUNNING    LEADER s0@group-A6C73DD72C11:t1, leader=s0, voted=s0, raftlog=Memoized:s0@group-A6C73DD72C11-SegmentedRaftLog:OPENED:c1, conf=0: peers:[s0|rpc:localhost:34797|admin:localhost:39663|client:localhost:38903|dataStream:localhost:36463|priority:0|startupRole:FOLLOWER, s1|rpc:localhost:38511|admin:localhost:34105|client:localhost:40353|dataStream:localhost:37123|priority:0|startupRole:FOLLOWER, s2|rpc:localhost:39967|admin:localhost:36265|client:localhost:34663|dataStream:localhost:38633|priority:0|startupRole:FOLLOWER]|listeners:[], old=null RUNNING
  s1:  RUNNING  FOLLOWER s1@group-A6C73DD72C11:t1, leader=s0, voted=s0, raftlog=Memoized:s1@group-A6C73DD72C11-SegmentedRaftLog:OPENED:c0, conf=0: peers:[s0|rpc:localhost:34797|admin:localhost:39663|client:localhost:38903|dataStream:localhost:36463|priority:0|startupRole:FOLLOWER, s1|rpc:localhost:38511|admin:localhost:34105|client:localhost:40353|dataStream:localhost:37123|priority:0|startupRole:FOLLOWER, s2|rpc:localhost:39967|admin:localhost:36265|client:localhost:34663|dataStream:localhost:38633|priority:0|startupRole:FOLLOWER]|listeners:[], old=null RUNNING
  s2:  RUNNING  FOLLOWER s2@group-A6C73DD72C11:t1, leader=s0, voted=s0, raftlog=Memoized:s2@group-A6C73DD72C11-SegmentedRaftLog:OPENED:c0, conf=0: peers:[s0|rpc:localhost:34797|admin:localhost:39663|client:localhost:38903|dataStream:localhost:36463|priority:0|startupRole:FOLLOWER, s1|rpc:localhost:38511|admin:localhost:34105|client:localhost:40353|dataStream:localhost:37123|priority:0|startupRole:FOLLOWER, s2|rpc:localhost:39967|admin:localhost:36265|client:localhost:34663|dataStream:localhost:38633|priority:0|startupRole:FOLLOWER]|listeners:[], old=null RUNNING
2023-04-11 14:12:41,483 [Time-limited test] INFO  ratis.RaftTestUtil (RaftTestUtil.java:waitForLeader(119)) - printing ALL groups
  s0:  RUNNING    LEADER s0@group-A6C73DD72C11:t1, leader=s0, voted=s0, raftlog=Memoized:s0@group-A6C73DD72C11-SegmentedRaftLog:OPENED:c1, conf=0: peers:[s0|rpc:localhost:34797|admin:localhost:39663|client:localhost:38903|dataStream:localhost:36463|priority:0|startupRole:FOLLOWER, s1|rpc:localhost:38511|admin:localhost:34105|client:localhost:40353|dataStream:localhost:37123|priority:0|startupRole:FOLLOWER, s2|rpc:localhost:39967|admin:localhost:36265|client:localhost:34663|dataStream:localhost:38633|priority:0|startupRole:FOLLOWER]|listeners:[], old=null RUNNING
  s1:  RUNNING  FOLLOWER s1@group-A6C73DD72C11:t1, leader=s0, voted=s0, raftlog=Memoized:s1@group-A6C73DD72C11-SegmentedRaftLog:OPENED:c0, conf=0: peers:[s0|rpc:localhost:34797|admin:localhost:39663|client:localhost:38903|dataStream:localhost:36463|priority:0|startupRole:FOLLOWER, s1|rpc:localhost:38511|admin:localhost:34105|client:localhost:40353|dataStream:localhost:37123|priority:0|startupRole:FOLLOWER, s2|rpc:localhost:39967|admin:localhost:36265|client:localhost:34663|dataStream:localhost:38633|priority:0|startupRole:FOLLOWER]|listeners:[], old=null RUNNING
  s2:  RUNNING  FOLLOWER s2@group-A6C73DD72C11:t1, leader=s0, voted=s0, raftlog=Memoized:s2@group-A6C73DD72C11-SegmentedRaftLog:OPENED:c0, conf=0: peers:[s0|rpc:localhost:34797|admin:localhost:39663|client:localhost:38903|dataStream:localhost:36463|priority:0|startupRole:FOLLOWER, s1|rpc:localhost:38511|admin:localhost:34105|client:localhost:40353|dataStream:localhost:37123|priority:0|startupRole:FOLLOWER, s2|rpc:localhost:39967|admin:localhost:36265|client:localhost:34663|dataStream:localhost:38633|priority:0|startupRole:FOLLOWER]|listeners:[], old=null RUNNING
2023-04-11 14:12:41,483 [s0-client-thread1] DEBUG server.RaftServer$Division (RaftServerImpl.java:submitClientRequestAsync(839)) - s0@group-A6C73DD72C11: receive client request(RaftClientRequest:client-3353231AFFF4->s0@group-A6C73DD72C11, cid=999, seq=0, RW, message)
2023-04-11 14:12:41,484 [s2-server-thread1] DEBUG server.RaftServer$Division (RaftServerImpl.java:logAppendEntries(1430)) - s2@group-A6C73DD72C11: succeeded to handle AppendEntries. Reply: s0<-s2#68:OK-t1,SUCCESS,nextIndex=3,followerCommit=1,matchIndex=2
2023-04-11 14:12:41,484 [s0@group-A6C73DD72C11-LeaderStateImpl] INFO  server.RaftServer$Division (RaftServerImpl.java:setRole(329)) - s0@group-A6C73DD72C11: changes role from    LEADER to FOLLOWER at term 1 for StepDownReason:STATE_MACHINE_EXCEPTION
2023-04-11 14:12:41,484 [s0@group-A6C73DD72C11-LeaderStateImpl] INFO  impl.RoleInfo (RoleInfo.java:shutdownLeaderState(93)) - s0: shutdown s0@group-A6C73DD72C11-LeaderStateImpl
2023-04-11 14:12:41,484 [s0@group-A6C73DD72C11-LeaderStateImpl] INFO  impl.PendingRequests (PendingRequests.java:sendNotLeaderResponses(289)) - s0@group-A6C73DD72C11-PendingRequests: sendNotLeaderResponses
2023-04-11 14:12:41,485 [s0@group-A6C73DD72C11-LeaderStateImpl] INFO  server.RaftServer$Division (ServerState.java:setLeader(260)) - s0@group-A6C73DD72C11: change Leader from s0 to null at term 1 for StepDownReason:STATE_MACHINE_EXCEPTION
2023-04-11 14:12:41,485 [s0@group-A6C73DD72C11-LeaderStateImpl] INFO  impl.RoleInfo (RoleInfo.java:updateAndGet(139)) - s0: start s0@group-A6C73DD72C11-FollowerState
2023-04-11 14:12:41,485 [s0@group-A6C73DD72C11->s1-LogAppenderDefault-LogAppenderDaemon] INFO  leader.LogAppenderDaemon (LogAppenderDaemon.java:run(85)) - s0@group-A6C73DD72C11->s1-LogAppenderDefault-LogAppenderDaemon I/O was interrupted: java.io.InterruptedIOException: 
2023-04-11 14:12:41,486 [s1-server-thread1] DEBUG server.RaftServer$Division (RaftServerImpl.java:logAppendEntries(1430)) - s1@group-A6C73DD72C11: succeeded to handle AppendEntries. Reply: s0<-s1#67:OK-t1,SUCCESS,nextIndex=3,followerCommit=1,matchIndex=2
2023-04-11 14:12:41,484 [s0@group-A6C73DD72C11->s2-LogAppenderDefault-LogAppenderDaemon] INFO  leader.LogAppenderDaemon (LogAppenderDaemon.java:run(85)) - s0@group-A6C73DD72C11->s2-LogAppenderDefault-LogAppenderDaemon I/O was interrupted: java.io.InterruptedIOException: 
2023-04-11 14:12:41,489 [Time-limited test] INFO  impl.MiniRaftCluster (MiniRaftCluster.java:runWithNewCluster(143)) - printing ALL groups
  s0:  RUNNING  FOLLOWER s0@group-A6C73DD72C11:t1, leader=null, voted=s0, raftlog=Memoized:s0@group-A6C73DD72C11-SegmentedRaftLog:OPENED:c1, conf=0: peers:[s0|rpc:localhost:34797|admin:localhost:39663|client:localhost:38903|dataStream:localhost:36463|priority:0|startupRole:FOLLOWER, s1|rpc:localhost:38511|admin:localhost:34105|client:localhost:40353|dataStream:localhost:37123|priority:0|startupRole:FOLLOWER, s2|rpc:localhost:39967|admin:localhost:36265|client:localhost:34663|dataStream:localhost:38633|priority:0|startupRole:FOLLOWER]|listeners:[], old=null RUNNING
  s1:  RUNNING  FOLLOWER s1@group-A6C73DD72C11:t1, leader=s0, voted=s0, raftlog=Memoized:s1@group-A6C73DD72C11-SegmentedRaftLog:OPENED:c1, conf=0: peers:[s0|rpc:localhost:34797|admin:localhost:39663|client:localhost:38903|dataStream:localhost:36463|priority:0|startupRole:FOLLOWER, s1|rpc:localhost:38511|admin:localhost:34105|client:localhost:40353|dataStream:localhost:37123|priority:0|startupRole:FOLLOWER, s2|rpc:localhost:39967|admin:localhost:36265|client:localhost:34663|dataStream:localhost:38633|priority:0|startupRole:FOLLOWER]|listeners:[], old=null RUNNING
  s2:  RUNNING  FOLLOWER s2@group-A6C73DD72C11:t1, leader=s0, voted=s0, raftlog=Memoized:s2@group-A6C73DD72C11-SegmentedRaftLog:OPENED:c1, conf=0: peers:[s0|rpc:localhost:34797|admin:localhost:39663|client:localhost:38903|dataStream:localhost:36463|priority:0|startupRole:FOLLOWER, s1|rpc:localhost:38511|admin:localhost:34105|client:localhost:40353|dataStream:localhost:37123|priority:0|startupRole:FOLLOWER, s2|rpc:localhost:39967|admin:localhost:36265|client:localhost:34663|dataStream:localhost:38633|priority:0|startupRole:FOLLOWER]|listeners:[], old=null RUNNING
2023-04-11 14:12:41,490 [Time-limited test] ERROR impl.MiniRaftCluster (MiniRaftCluster.java:runWithNewCluster(144)) - Failed org.apache.ratis.server.impl.MiniRaftCluster$Factory$Get.runWithNewCluster(MiniRaftCluster.java:121)
java.lang.NullPointerException
	at java.base/java.util.Objects.requireNonNull(Objects.java:221)
	at org.apache.ratis.server.impl.RaftStateMachineExceptionTests.runTestRetryOnExceptionDuringReplication(RaftStateMachineExceptionTests.java:172)
	at org.apache.ratis.server.impl.MiniRaftCluster$Factory$Get.runWithNewCluster(MiniRaftCluster.java:141)
	at org.apache.ratis.server.impl.MiniRaftCluster$Factory$Get.runWithNewCluster(MiniRaftCluster.java:121)
	at org.apache.ratis.server.impl.RaftStateMachineExceptionTests.testRetryOnExceptionDuringReplication(RaftStateMachineExceptionTests.java:147)
	at java.base/jdk.internal.reflect.NativeMethodAccessorImpl.invoke0(Native Method)
	at java.base/jdk.internal.reflect.NativeMethodAccessorImpl.invoke(NativeMethodAccessorImpl.java:62)
	at java.base/jdk.internal.reflect.DelegatingMethodAccessorImpl.invoke(DelegatingMethodAccessorImpl.java:43)
	at java.base/java.lang.reflect.Method.invoke(Method.java:566)
	at org.junit.runners.model.FrameworkMethod$1.runReflectiveCall(FrameworkMethod.java:59)
	at org.junit.internal.runners.model.ReflectiveCallable.run(ReflectiveCallable.java:12)
	at org.junit.runners.model.FrameworkMethod.invokeExplosively(FrameworkMethod.java:56)
	at org.junit.internal.runners.statements.InvokeMethod.evaluate(InvokeMethod.java:17)
	at org.junit.internal.runners.statements.RunAfters.evaluate(RunAfters.java:27)
	at org.junit.internal.runners.statements.FailOnTimeout$CallableStatement.call(FailOnTimeout.java:299)
	at org.junit.internal.runners.statements.FailOnTimeout$CallableStatement.call(FailOnTimeout.java:293)
	at java.base/java.util.concurrent.FutureTask.run(FutureTask.java:264)
	at java.base/java.lang.Thread.run(Thread.java:829)
2023-04-11 14:12:41,490 [Time-limited test] INFO  impl.MiniRaftCluster (MiniRaftCluster.java:shutdown(831)) - ************************************************************** 
2023-04-11 14:12:41,490 [Time-limited test] INFO  impl.MiniRaftCluster (MiniRaftCluster.java:shutdown(832)) - *** 
2023-04-11 14:12:41,490 [Time-limited test] INFO  impl.MiniRaftCluster (MiniRaftCluster.java:shutdown(833)) - ***     Stopping MiniRaftClusterWithSimulatedRpc
2023-04-11 14:12:41,490 [Time-limited test] INFO  impl.MiniRaftCluster (MiniRaftCluster.java:shutdown(834)) - *** 
2023-04-11 14:12:41,490 [Time-limited test] INFO  impl.MiniRaftCluster (MiniRaftCluster.java:shutdown(835)) - ************************************************************** 
2023-04-11 14:12:41,490 [Time-limited test] INFO  impl.MiniRaftCluster (MiniRaftCluster.java:shutdown(836)) - printing ALL groups
  s0:  RUNNING  FOLLOWER s0@group-A6C73DD72C11:t1, leader=null, voted=s0, raftlog=Memoized:s0@group-A6C73DD72C11-SegmentedRaftLog:OPENED:c1, conf=0: peers:[s0|rpc:localhost:34797|admin:localhost:39663|client:localhost:38903|dataStream:localhost:36463|priority:0|startupRole:FOLLOWER, s1|rpc:localhost:38511|admin:localhost:34105|client:localhost:40353|dataStream:localhost:37123|priority:0|startupRole:FOLLOWER, s2|rpc:localhost:39967|admin:localhost:36265|client:localhost:34663|dataStream:localhost:38633|priority:0|startupRole:FOLLOWER]|listeners:[], old=null RUNNING
  s1:  RUNNING  FOLLOWER s1@group-A6C73DD72C11:t1, leader=s0, voted=s0, raftlog=Memoized:s1@group-A6C73DD72C11-SegmentedRaftLog:OPENED:c1, conf=0: peers:[s0|rpc:localhost:34797|admin:localhost:39663|client:localhost:38903|dataStream:localhost:36463|priority:0|startupRole:FOLLOWER, s1|rpc:localhost:38511|admin:localhost:34105|client:localhost:40353|dataStream:localhost:37123|priority:0|startupRole:FOLLOWER, s2|rpc:localhost:39967|admin:localhost:36265|client:localhost:34663|dataStream:localhost:38633|priority:0|startupRole:FOLLOWER]|listeners:[], old=null RUNNING
  s2:  RUNNING  FOLLOWER s2@group-A6C73DD72C11:t1, leader=s0, voted=s0, raftlog=Memoized:s2@group-A6C73DD72C11-SegmentedRaftLog:OPENED:c1, conf=0: peers:[s0|rpc:localhost:34797|admin:localhost:39663|client:localhost:38903|dataStream:localhost:36463|priority:0|startupRole:FOLLOWER, s1|rpc:localhost:38511|admin:localhost:34105|client:localhost:40353|dataStream:localhost:37123|priority:0|startupRole:FOLLOWER, s2|rpc:localhost:39967|admin:localhost:36265|client:localhost:34663|dataStream:localhost:38633|priority:0|startupRole:FOLLOWER]|listeners:[], old=null RUNNING
2023-04-11 14:12:41,491 [MiniRaftCluster-13] INFO  server.RaftServer (RaftServerProxy.java:lambda$close$7(417)) - s0: close
2023-04-11 14:12:41,491 [MiniRaftCluster-14] INFO  server.RaftServer (RaftServerProxy.java:lambda$close$7(417)) - s1: close
2023-04-11 14:12:41,492 [s0-impl-thread1] INFO  server.RaftServer$Division (RaftServerImpl.java:lambda$close$4(466)) - s0@group-A6C73DD72C11: shutdown
2023-04-11 14:12:41,492 [s0-impl-thread1] INFO  util.JmxRegister (JmxRegister.java:unregister(73)) - Successfully un-registered JMX Bean with object name Ratis:service=RaftServer,group=group-A6C73DD72C11,id=s0
2023-04-11 14:12:41,492 [s0-impl-thread1] INFO  impl.RoleInfo (RoleInfo.java:shutdownFollowerState(110)) - s0: shutdown s0@group-A6C73DD72C11-FollowerState
2023-04-11 14:12:41,492 [s0-impl-thread1] INFO  impl.StateMachineUpdater (StateMachineUpdater.java:stopAndJoin(154)) - s0@group-A6C73DD72C11-StateMachineUpdater: set stopIndex = 1
2023-04-11 14:12:41,492 [s0@group-A6C73DD72C11-FollowerState] INFO  impl.FollowerState (FollowerState.java:run(152)) - s0@group-A6C73DD72C11-FollowerState was interrupted
2023-04-11 14:12:41,492 [s0-impl-thread1] INFO  server.RaftServer$Division (ServerState.java:close(415)) - s0@group-A6C73DD72C11: applyIndex: 0
2023-04-11 14:12:41,493 [HandlerDaemon-0] INFO  simulation.RequestHandler (RequestHandler.java:run(127)) - s1.clientHandler0 is interrupted by java.io.InterruptedIOException: 
2023-04-11 14:12:41,493 [HandlerDaemon-2] INFO  simulation.RequestHandler (RequestHandler.java:run(127)) - s1.clientHandler2 is interrupted by java.io.InterruptedIOException: 
2023-04-11 14:12:41,493 [s1-impl-thread1] INFO  server.RaftServer$Division (RaftServerImpl.java:lambda$close$4(466)) - s1@group-A6C73DD72C11: shutdown
2023-04-11 14:12:41,493 [s1-impl-thread1] INFO  util.JmxRegister (JmxRegister.java:unregister(73)) - Successfully un-registered JMX Bean with object name Ratis:service=RaftServer,group=group-A6C73DD72C11,id=s1
2023-04-11 14:12:41,493 [s1-impl-thread1] INFO  impl.RoleInfo (RoleInfo.java:shutdownFollowerState(110)) - s1: shutdown s1@group-A6C73DD72C11-FollowerState
2023-04-11 14:12:41,493 [s1-impl-thread1] INFO  impl.StateMachineUpdater (StateMachineUpdater.java:stopAndJoin(154)) - s1@group-A6C73DD72C11-StateMachineUpdater: set stopIndex = 1
2023-04-11 14:12:41,493 [s1@group-A6C73DD72C11-FollowerState] INFO  impl.FollowerState (FollowerState.java:run(152)) - s1@group-A6C73DD72C11-FollowerState was interrupted
2023-04-11 14:12:41,493 [HandlerDaemon-1] INFO  simulation.RequestHandler (RequestHandler.java:run(127)) - s1.clientHandler1 is interrupted by java.io.InterruptedIOException: 
2023-04-11 14:12:41,493 [s1-impl-thread1] INFO  server.RaftServer$Division (ServerState.java:close(415)) - s1@group-A6C73DD72C11: applyIndex: 0
2023-04-11 14:12:41,497 [HandlerDaemon-1] INFO  simulation.RequestHandler (RequestHandler.java:run(127)) - s0.clientHandler1 is interrupted by java.io.InterruptedIOException: 
2023-04-11 14:12:41,497 [HandlerDaemon-0] INFO  simulation.RequestHandler (RequestHandler.java:run(127)) - s0.clientHandler0 is interrupted by java.io.InterruptedIOException: 
2023-04-11 14:12:41,497 [HandlerDaemon-1] INFO  simulation.RequestHandler (RequestHandler.java:run(127)) - s1.serverHandler1 is interrupted by java.io.InterruptedIOException: 
2023-04-11 14:12:41,497 [HandlerDaemon-0] INFO  simulation.RequestHandler (RequestHandler.java:run(127)) - s1.serverHandler0 is interrupted by java.io.InterruptedIOException: 
2023-04-11 14:12:41,498 [HandlerDaemon-2] INFO  simulation.RequestHandler (RequestHandler.java:run(127)) - s1.serverHandler2 is interrupted by java.io.InterruptedIOException: 
2023-04-11 14:12:41,498 [HandlerDaemon-2] INFO  simulation.RequestHandler (RequestHandler.java:run(127)) - s0.clientHandler2 is interrupted by java.io.InterruptedIOException: 
2023-04-11 14:12:41,498 [MiniRaftCluster-15] INFO  server.RaftServer (RaftServerProxy.java:lambda$close$7(417)) - s2: close
2023-04-11 14:12:41,499 [HandlerDaemon-2] INFO  simulation.RequestHandler (RequestHandler.java:run(127)) - s0.serverHandler2 is interrupted by java.io.InterruptedIOException: 
2023-04-11 14:12:41,499 [HandlerDaemon-1] INFO  simulation.RequestHandler (RequestHandler.java:run(127)) - s0.serverHandler1 is interrupted by java.io.InterruptedIOException: 
2023-04-11 14:12:41,498 [HandlerDaemon-0] INFO  simulation.RequestHandler (RequestHandler.java:run(127)) - s0.serverHandler0 is interrupted by java.io.InterruptedIOException: 
2023-04-11 14:12:41,500 [s2-impl-thread1] INFO  server.RaftServer$Division (RaftServerImpl.java:lambda$close$4(466)) - s2@group-A6C73DD72C11: shutdown
2023-04-11 14:12:41,500 [s2-impl-thread1] INFO  util.JmxRegister (JmxRegister.java:unregister(73)) - Successfully un-registered JMX Bean with object name Ratis:service=RaftServer,group=group-A6C73DD72C11,id=s2
2023-04-11 14:12:41,500 [s2-impl-thread1] INFO  impl.RoleInfo (RoleInfo.java:shutdownFollowerState(110)) - s2: shutdown s2@group-A6C73DD72C11-FollowerState
2023-04-11 14:12:41,500 [s2-impl-thread1] INFO  impl.StateMachineUpdater (StateMachineUpdater.java:stopAndJoin(154)) - s2@group-A6C73DD72C11-StateMachineUpdater: set stopIndex = 1
2023-04-11 14:12:41,500 [HandlerDaemon-0] INFO  simulation.RequestHandler (RequestHandler.java:run(127)) - s2.clientHandler0 is interrupted by java.io.InterruptedIOException: 
2023-04-11 14:12:41,500 [HandlerDaemon-2] INFO  simulation.RequestHandler (RequestHandler.java:run(127)) - s2.clientHandler2 is interrupted by java.io.InterruptedIOException: 
2023-04-11 14:12:41,500 [HandlerDaemon-1] INFO  simulation.RequestHandler (RequestHandler.java:run(127)) - s2.clientHandler1 is interrupted by java.io.InterruptedIOException: 
2023-04-11 14:12:41,500 [HandlerDaemon-0] INFO  simulation.RequestHandler (RequestHandler.java:run(127)) - s2.serverHandler0 is interrupted by java.io.InterruptedIOException: 
2023-04-11 14:12:41,500 [s2-impl-thread1] INFO  server.RaftServer$Division (ServerState.java:close(415)) - s2@group-A6C73DD72C11: applyIndex: 0
2023-04-11 14:12:41,500 [s2@group-A6C73DD72C11-FollowerState] INFO  impl.FollowerState (FollowerState.java:run(152)) - s2@group-A6C73DD72C11-FollowerState was interrupted
2023-04-11 14:12:41,502 [HandlerDaemon-1] INFO  simulation.RequestHandler (RequestHandler.java:run(127)) - s2.serverHandler1 is interrupted by java.io.InterruptedIOException: 
2023-04-11 14:12:41,502 [HandlerDaemon-2] INFO  simulation.RequestHandler (RequestHandler.java:run(127)) - s2.serverHandler2 is interrupted by java.io.InterruptedIOException: 
2023-04-11 14:12:42,485 [s0-impl-thread1] INFO  segmented.SegmentedRaftLogWorker (SegmentedRaftLogWorker.java:close(242)) - s0@group-A6C73DD72C11-SegmentedRaftLogWorker close()
2023-04-11 14:12:42,485 [s2-impl-thread1] INFO  segmented.SegmentedRaftLogWorker (SegmentedRaftLogWorker.java:close(242)) - s2@group-A6C73DD72C11-SegmentedRaftLogWorker close()
2023-04-11 14:12:42,485 [s1-impl-thread1] INFO  segmented.SegmentedRaftLogWorker (SegmentedRaftLogWorker.java:close(242)) - s1@group-A6C73DD72C11-SegmentedRaftLogWorker close()
2023-04-11 14:12:42,487 [JvmPauseMonitor6] INFO  util.JvmPauseMonitor (JvmPauseMonitor.java:run(109)) - JvmPauseMonitor-s0: Stopped
2023-04-11 14:12:42,488 [JvmPauseMonitor7] INFO  util.JvmPauseMonitor (JvmPauseMonitor.java:run(109)) - JvmPauseMonitor-s1: Stopped
2023-04-11 14:12:42,488 [JvmPauseMonitor8] INFO  util.JvmPauseMonitor (JvmPauseMonitor.java:run(109)) - JvmPauseMonitor-s2: Stopped
2023-04-11 14:12:42,488 [Time-limited test] INFO  impl.MiniRaftCluster (MiniRaftCluster.java:shutdown(855)) - MiniRaftClusterWithSimulatedRpc shutdown completed
]]></system-out>
  </testcase>
</testsuite>