<?xml version="1.0" encoding="UTF-8"?>
<testsuite xmlns:xsi="http://www.w3.org/2001/XMLSchema-instance" xsi:noNamespaceSchemaLocation="https://maven.apache.org/surefire/maven-surefire-plugin/xsd/surefire-test-report.xsd" name="org.apache.ratis.datastream.TestNettyDataStreamStarTopologyWithGrpcCluster" time="418.851" tests="4" errors="1" skipped="0" failures="0">
  <properties>
    <property name="awt.toolkit" value="sun.awt.X11.XToolkit"/>
    <property name="file.encoding.pkg" value="sun.io"/>
    <property name="java.specification.version" value="1.8"/>
    <property name="sun.cpu.isalist" value=""/>
    <property name="sun.jnu.encoding" value="UTF-8"/>
    <property name="java.class.path" value="/home/runner/work/ratis/ratis/ratis-test/target/test-classes:/home/runner/work/ratis/ratis/ratis-test/target/classes:/home/runner/work/ratis/ratis/ratis-common/target/classes:/home/runner/.m2/repository/org/apache/ratis/ratis-thirdparty-misc/1.0.1/ratis-thirdparty-misc-1.0.1.jar:/home/runner/work/ratis/ratis/ratis-proto/target/ratis-proto-3.0.0-SNAPSHOT.jar:/home/runner/work/ratis/ratis/ratis-common/target/test-classes:/home/runner/work/ratis/ratis/ratis-client/target/classes:/home/runner/work/ratis/ratis/ratis-server/target/classes:/home/runner/work/ratis/ratis/ratis-server-api/target/classes:/home/runner/work/ratis/ratis/ratis-metrics/target/classes:/home/runner/.m2/repository/io/dropwizard/metrics/metrics-jmx/4.2.9/metrics-jmx-4.2.9.jar:/home/runner/work/ratis/ratis/ratis-server/target/test-classes:/home/runner/work/ratis/ratis/ratis-netty/target/classes:/home/runner/work/ratis/ratis/ratis-netty/target/test-classes:/home/runner/work/ratis/ratis/ratis-grpc/target/classes:/home/runner/work/ratis/ratis/ratis-grpc/target/test-classes:/home/runner/.m2/repository/org/slf4j/slf4j-api/1.7.29/slf4j-api-1.7.29.jar:/home/runner/.m2/repository/org/slf4j/slf4j-log4j12/1.7.29/slf4j-log4j12-1.7.29.jar:/home/runner/.m2/repository/log4j/log4j/1.2.17/log4j-1.2.17.jar:/home/runner/.m2/repository/junit/junit/4.13.2/junit-4.13.2.jar:/home/runner/.m2/repository/org/hamcrest/hamcrest-core/1.3/hamcrest-core-1.3.jar:/home/runner/.m2/repository/org/mockito/mockito-core/4.3.1/mockito-core-4.3.1.jar:/home/runner/.m2/repository/net/bytebuddy/byte-buddy/1.12.7/byte-buddy-1.12.7.jar:/home/runner/.m2/repository/net/bytebuddy/byte-buddy-agent/1.12.7/byte-buddy-agent-1.12.7.jar:/home/runner/.m2/repository/org/objenesis/objenesis/3.2/objenesis-3.2.jar:/home/runner/.m2/repository/io/dropwizard/metrics/metrics-jvm/4.2.9/metrics-jvm-4.2.9.jar:/home/runner/.m2/repository/io/dropwizard/metrics/metrics-core/4.2.9/metrics-core-4.2.9.jar:/home/runner/work/ratis/ratis/ratis-shell/target/classes:/home/runner/.m2/repository/commons-cli/commons-cli/1.5.0/commons-cli-1.5.0.jar:/home/runner/.m2/repository/org/reflections/reflections/0.10.2/reflections-0.10.2.jar:/home/runner/.m2/repository/org/javassist/javassist/3.28.0-GA/javassist-3.28.0-GA.jar:/home/runner/.m2/repository/com/google/code/findbugs/jsr305/3.0.2/jsr305-3.0.2.jar:"/>
    <property name="java.vm.vendor" value="Temurin"/>
    <property name="sun.arch.data.model" value="64"/>
    <property name="java.vendor.url" value="https://adoptium.net/"/>
    <property name="user.timezone" value=""/>
    <property name="java.vm.specification.version" value="1.8"/>
    <property name="os.name" value="Linux"/>
    <property name="sun.java.launcher" value="SUN_STANDARD"/>
    <property name="sun.boot.library.path" value="/usr/lib/jvm/temurin-8-jdk-amd64/jre/lib/amd64"/>
    <property name="sun.java.command" value="/home/runner/work/ratis/ratis/ratis-test/target/surefire/surefirebooter7606807876821112681.jar /home/runner/work/ratis/ratis/ratis-test/target/surefire 2022-07-06T17-11-39_673-jvmRun1 surefire4988150154785254517tmp surefire_358083824628849793665tmp"/>
    <property name="surefire.test.class.path" value="/home/runner/work/ratis/ratis/ratis-test/target/test-classes:/home/runner/work/ratis/ratis/ratis-test/target/classes:/home/runner/work/ratis/ratis/ratis-common/target/classes:/home/runner/.m2/repository/org/apache/ratis/ratis-thirdparty-misc/1.0.1/ratis-thirdparty-misc-1.0.1.jar:/home/runner/work/ratis/ratis/ratis-proto/target/ratis-proto-3.0.0-SNAPSHOT.jar:/home/runner/work/ratis/ratis/ratis-common/target/test-classes:/home/runner/work/ratis/ratis/ratis-client/target/classes:/home/runner/work/ratis/ratis/ratis-server/target/classes:/home/runner/work/ratis/ratis/ratis-server-api/target/classes:/home/runner/work/ratis/ratis/ratis-metrics/target/classes:/home/runner/.m2/repository/io/dropwizard/metrics/metrics-jmx/4.2.9/metrics-jmx-4.2.9.jar:/home/runner/work/ratis/ratis/ratis-server/target/test-classes:/home/runner/work/ratis/ratis/ratis-netty/target/classes:/home/runner/work/ratis/ratis/ratis-netty/target/test-classes:/home/runner/work/ratis/ratis/ratis-grpc/target/classes:/home/runner/work/ratis/ratis/ratis-grpc/target/test-classes:/home/runner/.m2/repository/org/slf4j/slf4j-api/1.7.29/slf4j-api-1.7.29.jar:/home/runner/.m2/repository/org/slf4j/slf4j-log4j12/1.7.29/slf4j-log4j12-1.7.29.jar:/home/runner/.m2/repository/log4j/log4j/1.2.17/log4j-1.2.17.jar:/home/runner/.m2/repository/junit/junit/4.13.2/junit-4.13.2.jar:/home/runner/.m2/repository/org/hamcrest/hamcrest-core/1.3/hamcrest-core-1.3.jar:/home/runner/.m2/repository/org/mockito/mockito-core/4.3.1/mockito-core-4.3.1.jar:/home/runner/.m2/repository/net/bytebuddy/byte-buddy/1.12.7/byte-buddy-1.12.7.jar:/home/runner/.m2/repository/net/bytebuddy/byte-buddy-agent/1.12.7/byte-buddy-agent-1.12.7.jar:/home/runner/.m2/repository/org/objenesis/objenesis/3.2/objenesis-3.2.jar:/home/runner/.m2/repository/io/dropwizard/metrics/metrics-jvm/4.2.9/metrics-jvm-4.2.9.jar:/home/runner/.m2/repository/io/dropwizard/metrics/metrics-core/4.2.9/metrics-core-4.2.9.jar:/home/runner/work/ratis/ratis/ratis-shell/target/classes:/home/runner/.m2/repository/commons-cli/commons-cli/1.5.0/commons-cli-1.5.0.jar:/home/runner/.m2/repository/org/reflections/reflections/0.10.2/reflections-0.10.2.jar:/home/runner/.m2/repository/org/javassist/javassist/3.28.0-GA/javassist-3.28.0-GA.jar:/home/runner/.m2/repository/com/google/code/findbugs/jsr305/3.0.2/jsr305-3.0.2.jar:"/>
    <property name="sun.cpu.endian" value="little"/>
    <property name="user.home" value="/home/runner"/>
    <property name="user.language" value="en"/>
    <property name="java.specification.vendor" value="Oracle Corporation"/>
    <property name="java.home" value="/usr/lib/jvm/temurin-8-jdk-amd64/jre"/>
    <property name="basedir" value="/home/runner/work/ratis/ratis/ratis-test"/>
    <property name="file.separator" value="/"/>
    <property name="line.separator" value="&#10;"/>
    <property name="java.vm.specification.vendor" value="Oracle Corporation"/>
    <property name="java.specification.name" value="Java Platform API Specification"/>
    <property name="java.awt.graphicsenv" value="sun.awt.X11GraphicsEnvironment"/>
    <property name="surefire.real.class.path" value="/home/runner/work/ratis/ratis/ratis-test/target/surefire/surefirebooter7606807876821112681.jar"/>
    <property name="sun.boot.class.path" value="/usr/lib/jvm/temurin-8-jdk-amd64/jre/lib/resources.jar:/usr/lib/jvm/temurin-8-jdk-amd64/jre/lib/rt.jar:/usr/lib/jvm/temurin-8-jdk-amd64/jre/lib/sunrsasign.jar:/usr/lib/jvm/temurin-8-jdk-amd64/jre/lib/jsse.jar:/usr/lib/jvm/temurin-8-jdk-amd64/jre/lib/jce.jar:/usr/lib/jvm/temurin-8-jdk-amd64/jre/lib/charsets.jar:/usr/lib/jvm/temurin-8-jdk-amd64/jre/lib/jfr.jar:/usr/lib/jvm/temurin-8-jdk-amd64/jre/classes"/>
    <property name="sun.management.compiler" value="HotSpot 64-Bit Tiered Compilers"/>
    <property name="java.runtime.version" value="1.8.0_332-b09"/>
    <property name="java.net.preferIPv4Stack" value="true"/>
    <property name="user.name" value="runner"/>
    <property name="path.separator" value=":"/>
    <property name="os.version" value="5.4.0-1085-azure"/>
    <property name="java.endorsed.dirs" value="/usr/lib/jvm/temurin-8-jdk-amd64/jre/lib/endorsed"/>
    <property name="java.runtime.name" value="OpenJDK Runtime Environment"/>
    <property name="file.encoding" value="UTF-8"/>
    <property name="java.vm.name" value="OpenJDK 64-Bit Server VM"/>
    <property name="localRepository" value="/home/runner/.m2/repository"/>
    <property name="java.vendor.url.bug" value="https://github.com/adoptium/adoptium-support/issues"/>
    <property name="java.io.tmpdir" value="/tmp"/>
    <property name="java.version" value="1.8.0_332"/>
    <property name="user.dir" value="/home/runner/work/ratis/ratis/ratis-test"/>
    <property name="os.arch" value="amd64"/>
    <property name="ratis.tmp.dir" value="/home/runner/work/ratis/ratis/ratis-test/target/tmp"/>
    <property name="java.vm.specification.name" value="Java Virtual Machine Specification"/>
    <property name="java.awt.printerjob" value="sun.print.PSPrinterJob"/>
    <property name="ratis.log.dir" value="/home/runner/work/ratis/ratis/ratis-test/target/log"/>
    <property name="sun.os.patch.level" value="unknown"/>
    <property name="java.library.path" value="/usr/java/packages/lib/amd64:/usr/lib64:/lib64:/lib:/usr/lib"/>
    <property name="java.vm.info" value="mixed mode"/>
    <property name="java.vendor" value="Temurin"/>
    <property name="java.vm.version" value="25.332-b09"/>
    <property name="java.ext.dirs" value="/usr/lib/jvm/temurin-8-jdk-amd64/jre/lib/ext:/usr/java/packages/lib/ext"/>
    <property name="sun.io.unicode.encoding" value="UnicodeLittle"/>
    <property name="java.class.version" value="52.0"/>
  </properties>
  <testcase name="testMultipleStreamsSingleServer" classname="org.apache.ratis.datastream.TestNettyDataStreamStarTopologyWithGrpcCluster" time="27.635"/>
  <testcase name="testMultipleStreamsMultipleServers" classname="org.apache.ratis.datastream.TestNettyDataStreamStarTopologyWithGrpcCluster" time="86.497"/>
  <testcase name="testMultipleStreamsMultipleServersStepDownLeader" classname="org.apache.ratis.datastream.TestNettyDataStreamStarTopologyWithGrpcCluster" time="300.01">
    <error message="test timed out after 300 seconds" type="org.junit.runners.model.TestTimedOutException">org.junit.runners.model.TestTimedOutException: test timed out after 300 seconds
	at sun.misc.Unsafe.park(Native Method)
	at java.util.concurrent.locks.LockSupport.park(LockSupport.java:175)
	at java.util.concurrent.CompletableFuture$Signaller.block(CompletableFuture.java:1707)
	at java.util.concurrent.ForkJoinPool.managedBlock(ForkJoinPool.java:3323)
	at java.util.concurrent.CompletableFuture.waitingGet(CompletableFuture.java:1742)
	at java.util.concurrent.CompletableFuture.join(CompletableFuture.java:1947)
	at org.apache.ratis.datastream.DataStreamAsyncClusterTests$$Lambda$396/466909957.apply(Unknown Source)
	at java.util.stream.ReferencePipeline$3$1.accept(ReferencePipeline.java:193)
	at java.util.ArrayList$ArrayListSpliterator.forEachRemaining(ArrayList.java:1384)
	at java.util.stream.AbstractPipeline.copyInto(AbstractPipeline.java:482)
	at java.util.stream.AbstractPipeline.wrapAndCopyInto(AbstractPipeline.java:472)
	at java.util.stream.ReduceOps$ReduceOp.evaluateSequential(ReduceOps.java:708)
	at java.util.stream.AbstractPipeline.evaluate(AbstractPipeline.java:234)
	at java.util.stream.ReferencePipeline.reduce(ReferencePipeline.java:546)
	at java.util.stream.ReferencePipeline.max(ReferencePipeline.java:582)
	at org.apache.ratis.datastream.DataStreamAsyncClusterTests.runTestDataStream(DataStreamAsyncClusterTests.java:97)
	at org.apache.ratis.datastream.DataStreamAsyncClusterTests.runTestDataStreamStepDownLeader(DataStreamAsyncClusterTests.java:82)
	at org.apache.ratis.datastream.DataStreamAsyncClusterTests$$Lambda$847/1474650555.accept(Unknown Source)
	at org.apache.ratis.server.impl.MiniRaftCluster$Factory$Get.runWithNewCluster(MiniRaftCluster.java:125)
	at org.apache.ratis.server.impl.MiniRaftCluster$Factory$Get.runWithNewCluster(MiniRaftCluster.java:113)
	at org.apache.ratis.datastream.DataStreamAsyncClusterTests.testMultipleStreamsMultipleServersStepDownLeader(DataStreamAsyncClusterTests.java:78)
	at sun.reflect.NativeMethodAccessorImpl.invoke0(Native Method)
	at sun.reflect.NativeMethodAccessorImpl.invoke(NativeMethodAccessorImpl.java:62)
	at sun.reflect.DelegatingMethodAccessorImpl.invoke(DelegatingMethodAccessorImpl.java:43)
	at java.lang.reflect.Method.invoke(Method.java:498)
	at org.junit.runners.model.FrameworkMethod$1.runReflectiveCall(FrameworkMethod.java:59)
	at org.junit.internal.runners.model.ReflectiveCallable.run(ReflectiveCallable.java:12)
	at org.junit.runners.model.FrameworkMethod.invokeExplosively(FrameworkMethod.java:56)
	at org.junit.internal.runners.statements.InvokeMethod.evaluate(InvokeMethod.java:17)
	at org.junit.internal.runners.statements.RunAfters.evaluate(RunAfters.java:27)
	at org.junit.internal.runners.statements.FailOnTimeout$CallableStatement.call(FailOnTimeout.java:299)
	at org.junit.internal.runners.statements.FailOnTimeout$CallableStatement.call(FailOnTimeout.java:293)
	at java.util.concurrent.FutureTask.run(FutureTask.java:266)
	at java.lang.Thread.run(Thread.java:750)
</error>
    <system-out><![CDATA[2022-07-06 17:18:42,467 [main] INFO  util.LogUtils (Log4jUtils.java:setLogLevel(32)) - Set org.apache.ratis.conf.ConfUtils log level to WARN
2022-07-06 17:18:42,467 [main] INFO  util.LogUtils (Log4jUtils.java:setLogLevel(32)) - Set org.apache.ratis.util.FileUtils log level to TRACE
2022-07-06 17:18:42,468 [Time-limited test] INFO  impl.MiniRaftCluster (MiniRaftCluster.java:runWithNewCluster(119)) - Running runWithNewCluster
2022-07-06 17:18:42,469 [Time-limited test] INFO  impl.MiniRaftCluster (MiniRaftCluster.java:<init>(272)) - new MiniRaftClusterWithRpcTypeGrpcAndDataStreamTypeNetty with group-CD87ED06CC9F:[s0|rpc:localhost:46837|admin:localhost:40145|client:localhost:44183|dataStream:localhost:36771|priority:0, s1|rpc:localhost:36769|admin:localhost:40151|client:localhost:35673|dataStream:localhost:44419|priority:0, s2|rpc:localhost:42693|admin:localhost:37755|client:localhost:34689|dataStream:localhost:44561|priority:0]
2022-07-06 17:18:42,469 [Time-limited test] INFO  impl.MiniRaftCluster (MiniRaftCluster.java:start(313)) - .............................................................. 
2022-07-06 17:18:42,469 [Time-limited test] INFO  impl.MiniRaftCluster (MiniRaftCluster.java:start(314)) - ... 
2022-07-06 17:18:42,469 [Time-limited test] INFO  impl.MiniRaftCluster (MiniRaftCluster.java:start(315)) - ...     Starting MiniRaftClusterWithRpcTypeGrpcAndDataStreamTypeNetty
2022-07-06 17:18:42,469 [Time-limited test] INFO  impl.MiniRaftCluster (MiniRaftCluster.java:start(316)) - ... 
2022-07-06 17:18:42,469 [Time-limited test] INFO  impl.MiniRaftCluster (MiniRaftCluster.java:start(317)) - .............................................................. 
2022-07-06 17:18:42,469 [Time-limited test] INFO  impl.MiniRaftCluster (MiniRaftCluster.java:initServers(284)) - servers = {}
2022-07-06 17:18:42,469 [Time-limited test] INFO  impl.MiniRaftCluster (MiniRaftCluster.java:newRaftServer(357)) - newRaftServer: s0, group-CD87ED06CC9F:[s0|rpc:localhost:46837|admin:localhost:40145|client:localhost:44183|dataStream:localhost:36771|priority:0, s1|rpc:localhost:36769|admin:localhost:40151|client:localhost:35673|dataStream:localhost:44419|priority:0, s2|rpc:localhost:42693|admin:localhost:37755|client:localhost:34689|dataStream:localhost:44561|priority:0], format? true
2022-07-06 17:18:42,469 [Time-limited test] TRACE util.FileUtils (FileUtils.java:deleteFully(162)) - deleteFully target/test/data/f67faa4/MiniRaftClusterWithRpcTypeGrpcAndDataStreamTypeNetty2681f6d6/s0
2022-07-06 17:18:42,470 [Time-limited test] TRACE util.FileUtils (FileUtils.java:deleteFully(178)) - deleteFully: target/test/data/f67faa4/MiniRaftClusterWithRpcTypeGrpcAndDataStreamTypeNetty2681f6d6/s0 does not exist.
2022-07-06 17:18:42,470 [Time-limited test] INFO  impl.MiniRaftCluster (MiniRaftCluster.java:newRaftServer(362)) - Formatted directory target/test/data/f67faa4/MiniRaftClusterWithRpcTypeGrpcAndDataStreamTypeNetty2681f6d6/s0
2022-07-06 17:18:42,470 [Time-limited test] INFO  server.RaftServer (ConfUtils.java:logGet(46)) - raft.rpc.type = GRPC (default)
2022-07-06 17:18:42,471 [Time-limited test] INFO  grpc.GrpcConfigKeys (ConfUtils.java:logGet(46)) - raft.grpc.admin.port = 40145 (custom)
2022-07-06 17:18:42,471 [Time-limited test] INFO  grpc.GrpcConfigKeys (ConfUtils.java:logGet(46)) - raft.grpc.client.port = 44183 (custom)
2022-07-06 17:18:42,471 [Time-limited test] INFO  grpc.GrpcConfigKeys (ConfUtils.java:logGet(46)) - raft.grpc.server.port = 46837 (custom)
2022-07-06 17:18:42,471 [Time-limited test] INFO  server.GrpcService (ConfUtils.java:logGet(46)) - raft.grpc.message.size.max = 64MB (=67108864) (default)
2022-07-06 17:18:42,471 [Time-limited test] INFO  server.RaftServerConfigKeys (ConfUtils.java:logGet(46)) - raft.server.log.appender.buffer.byte-limit = 4MB (=4194304) (default)
2022-07-06 17:18:42,471 [Time-limited test] INFO  server.GrpcService (ConfUtils.java:logGet(46)) - raft.grpc.flow.control.window = 1MB (=1048576) (default)
2022-07-06 17:18:42,471 [Time-limited test] INFO  server.RaftServerConfigKeys (ConfUtils.java:logGet(46)) - raft.server.rpc.request.timeout = 3000ms (default)
2022-07-06 17:18:42,471 [Time-limited test] INFO  grpc.GrpcConfigKeys (ConfUtils.java:logGet(46)) - raft.grpc.server.async.request.thread.pool.cached = true (default)
2022-07-06 17:18:42,471 [Time-limited test] INFO  grpc.GrpcConfigKeys (ConfUtils.java:logGet(46)) - raft.grpc.server.async.request.thread.pool.size = 32 (default)
2022-07-06 17:18:42,473 [Time-limited test] INFO  impl.DataStreamServerImpl (ConfUtils.java:logGet(46)) - raft.datastream.type = NETTY (custom)
2022-07-06 17:18:42,474 [Time-limited test] INFO  netty.NettyConfigKeys$DataStream (ConfUtils.java:logGet(46)) - raft.netty.dataStream.server.tls.conf = null (default)
2022-07-06 17:18:42,474 [Time-limited test] INFO  server.RaftServerConfigKeys (ConfUtils.java:logGet(46)) - raft.server.data-stream.async.request.thread.pool.cached = false (default)
2022-07-06 17:18:42,474 [Time-limited test] INFO  server.RaftServerConfigKeys (ConfUtils.java:logGet(46)) - raft.server.data-stream.async.request.thread.pool.size = 32 (default)
2022-07-06 17:18:42,474 [Time-limited test] INFO  server.RaftServerConfigKeys (ConfUtils.java:logGet(46)) - raft.server.data-stream.async.write.thread.pool.size = 16 (default)
2022-07-06 17:18:42,474 [Time-limited test] INFO  server.RaftServerConfigKeys (ConfUtils.java:logGet(46)) - raft.server.data-stream.client.pool.size = 10 (default)
2022-07-06 17:18:42,474 [Time-limited test] INFO  netty.NettyConfigKeys$DataStream (ConfUtils.java:logGet(46)) - raft.netty.dataStream.server.use-epoll = false (default)
2022-07-06 17:18:42,474 [Time-limited test] INFO  netty.NettyConfigKeys$DataStream (ConfUtils.java:logGet(46)) - raft.netty.dataStream.server.boss-group.size = 0 (default)
2022-07-06 17:18:42,475 [Time-limited test] INFO  netty.NettyConfigKeys$DataStream (ConfUtils.java:logGet(46)) - raft.netty.dataStream.server.worker-group.size = 0 (default)
2022-07-06 17:18:42,475 [Time-limited test] INFO  netty.NettyConfigKeys$DataStream (ConfUtils.java:logGet(46)) - raft.netty.dataStream.port = 36771 (custom)
2022-07-06 17:18:42,476 [Time-limited test] INFO  server.RaftServerConfigKeys (ConfUtils.java:logGet(46)) - raft.server.threadpool.proxy.cached = true (default)
2022-07-06 17:18:42,476 [Time-limited test] INFO  server.RaftServerConfigKeys (ConfUtils.java:logGet(46)) - raft.server.threadpool.proxy.size = 0 (default)
2022-07-06 17:18:42,476 [Time-limited test] INFO  server.RaftServerConfigKeys (ConfUtils.java:logGet(46)) - raft.server.rpc.slowness.timeout = 60s (default)
2022-07-06 17:18:42,476 [Time-limited test] INFO  server.RaftServerConfigKeys (ConfUtils.java:logGet(46)) - raft.server.leaderelection.leader.step-down.wait-time = 10s (default)
2022-07-06 17:18:42,476 [Time-limited test] INFO  server.RaftServerConfigKeys (ConfUtils.java:logGet(46)) - raft.server.storage.dir = [/home/runner/work/ratis/ratis/ratis-test/target/test/data/f67faa4/MiniRaftClusterWithRpcTypeGrpcAndDataStreamTypeNetty2681f6d6/s0] (custom)
2022-07-06 17:18:42,477 [s0-NettyServerStreamRpc-bossGroup--thread1] INFO  logging.LoggingHandler (AbstractInternalLogger.java:log(148)) - [id: 0x91e049bd] REGISTERED
2022-07-06 17:18:42,477 [s0-NettyServerStreamRpc-bossGroup--thread1] INFO  logging.LoggingHandler (AbstractInternalLogger.java:log(148)) - [id: 0x91e049bd] BIND: 0.0.0.0/0.0.0.0:36771
2022-07-06 17:18:42,477 [s0-NettyServerStreamRpc-bossGroup--thread1] INFO  logging.LoggingHandler (AbstractInternalLogger.java:log(148)) - [id: 0x91e049bd, L:/0.0.0.0:36771] ACTIVE
2022-07-06 17:18:42,478 [Time-limited test] INFO  server.RaftServer (RaftServerProxy.java:addNew(96)) - s0: addNew group-CD87ED06CC9F:[s0|rpc:localhost:46837|admin:localhost:40145|client:localhost:44183|dataStream:localhost:36771|priority:0, s1|rpc:localhost:36769|admin:localhost:40151|client:localhost:35673|dataStream:localhost:44419|priority:0, s2|rpc:localhost:42693|admin:localhost:37755|client:localhost:34689|dataStream:localhost:44561|priority:0] returns group-CD87ED06CC9F:java.util.concurrent.CompletableFuture@7c7eecda[Not completed]
2022-07-06 17:18:42,478 [Time-limited test] INFO  impl.MiniRaftCluster (MiniRaftCluster.java:newRaftServer(357)) - newRaftServer: s1, group-CD87ED06CC9F:[s0|rpc:localhost:46837|admin:localhost:40145|client:localhost:44183|dataStream:localhost:36771|priority:0, s1|rpc:localhost:36769|admin:localhost:40151|client:localhost:35673|dataStream:localhost:44419|priority:0, s2|rpc:localhost:42693|admin:localhost:37755|client:localhost:34689|dataStream:localhost:44561|priority:0], format? true
2022-07-06 17:18:42,478 [pool-10-thread-1] INFO  server.RaftServer$Division (RaftServerImpl.java:<init>(191)) - s0: new RaftServerImpl for group-CD87ED06CC9F:[s0|rpc:localhost:46837|admin:localhost:40145|client:localhost:44183|dataStream:localhost:36771|priority:0, s1|rpc:localhost:36769|admin:localhost:40151|client:localhost:35673|dataStream:localhost:44419|priority:0, s2|rpc:localhost:42693|admin:localhost:37755|client:localhost:34689|dataStream:localhost:44561|priority:0] with MultiDataStreamStateMachine:uninitialized
2022-07-06 17:18:42,478 [Time-limited test] TRACE util.FileUtils (FileUtils.java:deleteFully(162)) - deleteFully target/test/data/f67faa4/MiniRaftClusterWithRpcTypeGrpcAndDataStreamTypeNetty2681f6d6/s1
2022-07-06 17:18:42,480 [pool-10-thread-1] INFO  server.RaftServerConfigKeys (ConfUtils.java:logGet(46)) - raft.server.rpc.timeout.min = 150ms (default)
2022-07-06 17:18:42,480 [Time-limited test] TRACE util.FileUtils (FileUtils.java:deleteFully(178)) - deleteFully: target/test/data/f67faa4/MiniRaftClusterWithRpcTypeGrpcAndDataStreamTypeNetty2681f6d6/s1 does not exist.
2022-07-06 17:18:42,481 [Time-limited test] INFO  impl.MiniRaftCluster (MiniRaftCluster.java:newRaftServer(362)) - Formatted directory target/test/data/f67faa4/MiniRaftClusterWithRpcTypeGrpcAndDataStreamTypeNetty2681f6d6/s1
2022-07-06 17:18:42,481 [pool-10-thread-1] INFO  server.RaftServerConfigKeys (ConfUtils.java:logGet(46)) - raft.server.rpc.timeout.max = 300ms (default)
2022-07-06 17:18:42,481 [pool-10-thread-1] INFO  server.RaftServerConfigKeys (ConfUtils.java:logGet(46)) - raft.server.rpc.sleep.time = 25ms (default)
2022-07-06 17:18:42,481 [pool-10-thread-1] INFO  server.RaftServerConfigKeys (ConfUtils.java:logGet(46)) - raft.server.rpc.slowness.timeout = 60s (default)
2022-07-06 17:18:42,481 [Time-limited test] INFO  server.RaftServer (ConfUtils.java:logGet(46)) - raft.rpc.type = GRPC (default)
2022-07-06 17:18:42,481 [pool-10-thread-1] INFO  server.RaftServerConfigKeys (ConfUtils.java:logGet(46)) - raft.server.leaderelection.leader.step-down.wait-time = 10s (default)
2022-07-06 17:18:42,481 [Time-limited test] INFO  grpc.GrpcConfigKeys (ConfUtils.java:logGet(46)) - raft.grpc.admin.port = 40151 (custom)
2022-07-06 17:18:42,481 [Time-limited test] INFO  grpc.GrpcConfigKeys (ConfUtils.java:logGet(46)) - raft.grpc.client.port = 35673 (custom)
2022-07-06 17:18:42,481 [pool-10-thread-1] INFO  server.RaftServerConfigKeys (ConfUtils.java:logGet(46)) - raft.server.sleep.deviation.threshold = 300ms (default)
2022-07-06 17:18:42,482 [Time-limited test] INFO  grpc.GrpcConfigKeys (ConfUtils.java:logGet(46)) - raft.grpc.server.port = 36769 (custom)
2022-07-06 17:18:42,482 [Time-limited test] INFO  server.GrpcService (ConfUtils.java:logGet(46)) - raft.grpc.message.size.max = 64MB (=67108864) (default)
2022-07-06 17:18:42,483 [Time-limited test] INFO  server.RaftServerConfigKeys (ConfUtils.java:logGet(46)) - raft.server.log.appender.buffer.byte-limit = 4MB (=4194304) (default)
2022-07-06 17:18:42,483 [Time-limited test] INFO  server.GrpcService (ConfUtils.java:logGet(46)) - raft.grpc.flow.control.window = 1MB (=1048576) (default)
2022-07-06 17:18:42,483 [Time-limited test] INFO  server.RaftServerConfigKeys (ConfUtils.java:logGet(46)) - raft.server.rpc.request.timeout = 3000ms (default)
2022-07-06 17:18:42,483 [Time-limited test] INFO  grpc.GrpcConfigKeys (ConfUtils.java:logGet(46)) - raft.grpc.server.async.request.thread.pool.cached = true (default)
2022-07-06 17:18:42,483 [Time-limited test] INFO  grpc.GrpcConfigKeys (ConfUtils.java:logGet(46)) - raft.grpc.server.async.request.thread.pool.size = 32 (default)
2022-07-06 17:18:42,486 [Time-limited test] INFO  impl.DataStreamServerImpl (ConfUtils.java:logGet(46)) - raft.datastream.type = NETTY (custom)
2022-07-06 17:18:42,486 [Time-limited test] INFO  netty.NettyConfigKeys$DataStream (ConfUtils.java:logGet(46)) - raft.netty.dataStream.server.tls.conf = null (default)
2022-07-06 17:18:42,487 [Time-limited test] INFO  server.RaftServerConfigKeys (ConfUtils.java:logGet(46)) - raft.server.data-stream.async.request.thread.pool.cached = false (default)
2022-07-06 17:18:42,487 [Time-limited test] INFO  server.RaftServerConfigKeys (ConfUtils.java:logGet(46)) - raft.server.data-stream.async.request.thread.pool.size = 32 (default)
2022-07-06 17:18:42,487 [Time-limited test] INFO  server.RaftServerConfigKeys (ConfUtils.java:logGet(46)) - raft.server.data-stream.async.write.thread.pool.size = 16 (default)
2022-07-06 17:18:42,487 [Time-limited test] INFO  server.RaftServerConfigKeys (ConfUtils.java:logGet(46)) - raft.server.data-stream.client.pool.size = 10 (default)
2022-07-06 17:18:42,487 [Time-limited test] INFO  netty.NettyConfigKeys$DataStream (ConfUtils.java:logGet(46)) - raft.netty.dataStream.server.use-epoll = false (default)
2022-07-06 17:18:42,488 [Time-limited test] INFO  netty.NettyConfigKeys$DataStream (ConfUtils.java:logGet(46)) - raft.netty.dataStream.server.boss-group.size = 0 (default)
2022-07-06 17:18:42,488 [Time-limited test] INFO  netty.NettyConfigKeys$DataStream (ConfUtils.java:logGet(46)) - raft.netty.dataStream.server.worker-group.size = 0 (default)
2022-07-06 17:18:43,417 [Time-limited test] INFO  netty.NettyConfigKeys$DataStream (ConfUtils.java:logGet(46)) - raft.netty.dataStream.port = 44419 (custom)
2022-07-06 17:18:43,417 [pool-10-thread-1] INFO  server.RaftServer$Division (ServerState.java:<init>(107)) - s0@group-CD87ED06CC9F: ConfigurationManager, init=-1: [s0|rpc:localhost:46837|admin:localhost:40145|client:localhost:44183|dataStream:localhost:36771|priority:0, s1|rpc:localhost:36769|admin:localhost:40151|client:localhost:35673|dataStream:localhost:44419|priority:0, s2|rpc:localhost:42693|admin:localhost:37755|client:localhost:34689|dataStream:localhost:44561|priority:0], old=null, confs=<EMPTY_MAP>
2022-07-06 17:18:43,418 [pool-10-thread-1] INFO  server.RaftServerConfigKeys (ConfUtils.java:logGet(46)) - raft.server.storage.dir = [/home/runner/work/ratis/ratis/ratis-test/target/test/data/f67faa4/MiniRaftClusterWithRpcTypeGrpcAndDataStreamTypeNetty2681f6d6/s0] (custom)
2022-07-06 17:18:43,419 [pool-10-thread-1] INFO  server.RaftServerConfigKeys (ConfUtils.java:logGet(46)) - raft.server.log.corruption.policy = EXCEPTION (default)
2022-07-06 17:18:43,419 [pool-10-thread-1] INFO  server.RaftServerConfigKeys (ConfUtils.java:logGet(46)) - raft.server.storage.free-space.min = 0MB (=0) (default)
2022-07-06 17:18:43,419 [pool-10-thread-1] INFO  storage.RaftStorageDirectory (RaftStorageDirectoryImpl.java:analyzeStorage(136)) - The storage directory /home/runner/work/ratis/ratis/ratis-test/target/test/data/f67faa4/MiniRaftClusterWithRpcTypeGrpcAndDataStreamTypeNetty2681f6d6/s0/802761fa-1bbd-4ac8-a343-cd87ed06cc9f does not exist. Creating ...
2022-07-06 17:18:43,420 [pool-10-thread-1] TRACE util.FileUtils (LogUtils.java:runAndLog(49)) - Successfully ran Files.createDirectories /home/runner/work/ratis/ratis/ratis-test/target/test/data/f67faa4/MiniRaftClusterWithRpcTypeGrpcAndDataStreamTypeNetty2681f6d6/s0/802761fa-1bbd-4ac8-a343-cd87ed06cc9f
2022-07-06 17:18:43,428 [pool-10-thread-1] INFO  storage.RaftStorageDirectory (RaftStorageDirectoryImpl.java:tryLock(230)) - Lock on /home/runner/work/ratis/ratis/ratis-test/target/test/data/f67faa4/MiniRaftClusterWithRpcTypeGrpcAndDataStreamTypeNetty2681f6d6/s0/802761fa-1bbd-4ac8-a343-cd87ed06cc9f/in_use.lock acquired by nodename 19282@fv-az78-856.1yjuz5qicxhennglgapadkoisg.dx.internal.cloudapp.net
2022-07-06 17:18:43,429 [pool-10-thread-1] TRACE util.FileUtils (LogUtils.java:runAndLog(49)) - Successfully ran Files.createDirectories /home/runner/work/ratis/ratis/ratis-test/target/test/data/f67faa4/MiniRaftClusterWithRpcTypeGrpcAndDataStreamTypeNetty2681f6d6/s0/802761fa-1bbd-4ac8-a343-cd87ed06cc9f/current
2022-07-06 17:18:43,429 [pool-10-thread-1] TRACE util.FileUtils (LogUtils.java:runAndLog(49)) - Successfully ran Files.createDirectories /home/runner/work/ratis/ratis/ratis-test/target/test/data/f67faa4/MiniRaftClusterWithRpcTypeGrpcAndDataStreamTypeNetty2681f6d6/s0/802761fa-1bbd-4ac8-a343-cd87ed06cc9f/sm
2022-07-06 17:18:43,431 [Time-limited test] INFO  server.RaftServerConfigKeys (ConfUtils.java:logGet(46)) - raft.server.threadpool.proxy.cached = true (default)
2022-07-06 17:18:43,439 [Time-limited test] INFO  server.RaftServerConfigKeys (ConfUtils.java:logGet(46)) - raft.server.threadpool.proxy.size = 0 (default)
2022-07-06 17:18:43,439 [Time-limited test] INFO  server.RaftServerConfigKeys (ConfUtils.java:logGet(46)) - raft.server.rpc.slowness.timeout = 60s (default)
2022-07-06 17:18:43,439 [Time-limited test] INFO  server.RaftServerConfigKeys (ConfUtils.java:logGet(46)) - raft.server.leaderelection.leader.step-down.wait-time = 10s (default)
2022-07-06 17:18:43,439 [Time-limited test] INFO  server.RaftServerConfigKeys (ConfUtils.java:logGet(46)) - raft.server.storage.dir = [/home/runner/work/ratis/ratis/ratis-test/target/test/data/f67faa4/MiniRaftClusterWithRpcTypeGrpcAndDataStreamTypeNetty2681f6d6/s1] (custom)
2022-07-06 17:18:43,438 [pool-10-thread-1] INFO  storage.RaftStorage (RaftStorageImpl.java:format(79)) - Storage directory /home/runner/work/ratis/ratis/ratis-test/target/test/data/f67faa4/MiniRaftClusterWithRpcTypeGrpcAndDataStreamTypeNetty2681f6d6/s0/802761fa-1bbd-4ac8-a343-cd87ed06cc9f has been successfully formatted.
2022-07-06 17:18:43,443 [pool-10-thread-1] INFO  server.RaftServerConfigKeys (ConfUtils.java:logGet(46)) - raft.server.notification.no-leader.timeout = 60s (default)
2022-07-06 17:18:43,443 [pool-10-thread-1] INFO  server.RaftServerConfigKeys (ConfUtils.java:logGet(46)) - raft.server.log.use.memory = false (default)
2022-07-06 17:18:43,443 [pool-10-thread-1] INFO  server.RaftServerConfigKeys (ConfUtils.java:logGet(46)) - raft.server.log.purge.gap = 1024 (default)
2022-07-06 17:18:43,443 [pool-10-thread-1] INFO  server.RaftServerConfigKeys (ConfUtils.java:logGet(46)) - raft.server.log.appender.buffer.byte-limit = 4MB (=4194304) (default)
2022-07-06 17:18:43,443 [pool-10-thread-1] INFO  server.RaftServerConfigKeys (ConfUtils.java:logGet(46)) - raft.server.log.statemachine.data.read.timeout = 1000ms (default)
2022-07-06 17:18:43,444 [pool-10-thread-1] INFO  server.RaftServerConfigKeys (ConfUtils.java:logGet(46)) - raft.server.log.segment.size.max = 8MB (=8388608) (default)
2022-07-06 17:18:43,444 [pool-10-thread-1] INFO  server.RaftServerConfigKeys (ConfUtils.java:logGet(46)) - raft.server.log.segment.cache.num.max = 6 (default)
2022-07-06 17:18:43,444 [pool-10-thread-1] INFO  server.RaftServerConfigKeys (ConfUtils.java:logGet(46)) - raft.server.log.segment.cache.size.max = 200MB (=209715200) (default)
2022-07-06 17:18:43,444 [pool-10-thread-1] INFO  segmented.SegmentedRaftLogWorker (SegmentedRaftLogWorker.java:<init>(187)) - new s0@group-CD87ED06CC9F-SegmentedRaftLogWorker for RaftStorageImpl:Storage Directory /home/runner/work/ratis/ratis/ratis-test/target/test/data/f67faa4/MiniRaftClusterWithRpcTypeGrpcAndDataStreamTypeNetty2681f6d6/s0/802761fa-1bbd-4ac8-a343-cd87ed06cc9f
2022-07-06 17:18:43,444 [pool-10-thread-1] INFO  server.RaftServerConfigKeys (ConfUtils.java:logGet(46)) - raft.server.log.queue.byte-limit = 64MB (=67108864) (default)
2022-07-06 17:18:43,445 [pool-10-thread-1] INFO  server.RaftServerConfigKeys (ConfUtils.java:logGet(46)) - raft.server.log.queue.element-limit = 4096 (default)
2022-07-06 17:18:43,445 [pool-10-thread-1] INFO  server.RaftServerConfigKeys (ConfUtils.java:logGet(46)) - raft.server.log.segment.size.max = 8MB (=8388608) (default)
2022-07-06 17:18:43,445 [pool-10-thread-1] INFO  server.RaftServerConfigKeys (ConfUtils.java:logGet(46)) - raft.server.log.preallocated.size = 4MB (=4194304) (default)
2022-07-06 17:18:43,445 [pool-10-thread-1] INFO  server.RaftServerConfigKeys (ConfUtils.java:logGet(46)) - raft.server.log.force.sync.num = 128 (default)
2022-07-06 17:18:43,445 [pool-10-thread-1] INFO  server.RaftServerConfigKeys (ConfUtils.java:logGet(46)) - raft.server.log.statemachine.data.sync = true (default)
2022-07-06 17:18:43,445 [pool-10-thread-1] INFO  server.RaftServerConfigKeys (ConfUtils.java:logGet(46)) - raft.server.log.statemachine.data.sync.timeout = 10s (default)
2022-07-06 17:18:43,445 [pool-10-thread-1] INFO  server.RaftServerConfigKeys (ConfUtils.java:logGet(46)) - raft.server.log.statemachine.data.sync.timeout.retry = -1 (default)
2022-07-06 17:18:43,437 [s1-NettyServerStreamRpc-bossGroup--thread1] INFO  logging.LoggingHandler (AbstractInternalLogger.java:log(148)) - [id: 0xe19e4865] REGISTERED
2022-07-06 17:18:43,446 [s1-NettyServerStreamRpc-bossGroup--thread1] INFO  logging.LoggingHandler (AbstractInternalLogger.java:log(148)) - [id: 0xe19e4865] BIND: 0.0.0.0/0.0.0.0:44419
2022-07-06 17:18:43,446 [s1-NettyServerStreamRpc-bossGroup--thread1] INFO  logging.LoggingHandler (AbstractInternalLogger.java:log(148)) - [id: 0xe19e4865, L:/0.0.0.0:44419] ACTIVE
2022-07-06 17:18:43,450 [pool-10-thread-1] INFO  server.RaftServerConfigKeys (ConfUtils.java:logGet(46)) - raft.server.log.write.buffer.size = 64KB (=65536) (default)
2022-07-06 17:18:43,450 [pool-10-thread-1] INFO  server.RaftServerConfigKeys (ConfUtils.java:logGet(46)) - raft.server.log.unsafe-flush.enabled = false (default)
2022-07-06 17:18:43,450 [pool-10-thread-1] INFO  server.RaftServerConfigKeys (ConfUtils.java:logGet(46)) - raft.server.log.statemachine.data.caching.enabled = false (default)
2022-07-06 17:18:43,451 [pool-10-thread-1] INFO  segmented.SegmentedRaftLogWorker (SegmentedRaftLogWorker.java:lambda$new$0(135)) - s0@group-CD87ED06CC9F-SegmentedRaftLogWorker: flushIndex: setUnconditionally 0 -> -1
2022-07-06 17:18:43,451 [pool-10-thread-1] INFO  segmented.SegmentedRaftLogWorker (SegmentedRaftLogWorker.java:lambda$new$0(135)) - s0@group-CD87ED06CC9F-SegmentedRaftLogWorker: safeCacheEvictIndex: setUnconditionally 0 -> -1
2022-07-06 17:18:43,451 [pool-10-thread-1] INFO  server.RaftServerConfigKeys (ConfUtils.java:logGet(46)) - raft.server.snapshot.auto.trigger.enabled = false (default)
2022-07-06 17:18:43,451 [pool-10-thread-1] INFO  server.RaftServerConfigKeys (ConfUtils.java:logGet(46)) - raft.server.snapshot.retention.file.num = -1 (default)
2022-07-06 17:18:43,451 [Time-limited test] INFO  server.RaftServer (RaftServerProxy.java:addNew(96)) - s1: addNew group-CD87ED06CC9F:[s0|rpc:localhost:46837|admin:localhost:40145|client:localhost:44183|dataStream:localhost:36771|priority:0, s1|rpc:localhost:36769|admin:localhost:40151|client:localhost:35673|dataStream:localhost:44419|priority:0, s2|rpc:localhost:42693|admin:localhost:37755|client:localhost:34689|dataStream:localhost:44561|priority:0] returns group-CD87ED06CC9F:java.util.concurrent.CompletableFuture@73ab517f[Not completed]
2022-07-06 17:18:43,452 [Time-limited test] INFO  impl.MiniRaftCluster (MiniRaftCluster.java:newRaftServer(357)) - newRaftServer: s2, group-CD87ED06CC9F:[s0|rpc:localhost:46837|admin:localhost:40145|client:localhost:44183|dataStream:localhost:36771|priority:0, s1|rpc:localhost:36769|admin:localhost:40151|client:localhost:35673|dataStream:localhost:44419|priority:0, s2|rpc:localhost:42693|admin:localhost:37755|client:localhost:34689|dataStream:localhost:44561|priority:0], format? true
2022-07-06 17:18:43,452 [Time-limited test] TRACE util.FileUtils (FileUtils.java:deleteFully(162)) - deleteFully target/test/data/f67faa4/MiniRaftClusterWithRpcTypeGrpcAndDataStreamTypeNetty2681f6d6/s2
2022-07-06 17:18:43,451 [pool-10-thread-1] INFO  server.RaftServerConfigKeys (ConfUtils.java:logGet(46)) - raft.server.log.purge.upto.snapshot.index = false (default)
2022-07-06 17:18:43,456 [Time-limited test] TRACE util.FileUtils (FileUtils.java:deleteFully(178)) - deleteFully: target/test/data/f67faa4/MiniRaftClusterWithRpcTypeGrpcAndDataStreamTypeNetty2681f6d6/s2 does not exist.
2022-07-06 17:18:43,456 [Time-limited test] INFO  impl.MiniRaftCluster (MiniRaftCluster.java:newRaftServer(362)) - Formatted directory target/test/data/f67faa4/MiniRaftClusterWithRpcTypeGrpcAndDataStreamTypeNetty2681f6d6/s2
2022-07-06 17:18:43,456 [Time-limited test] INFO  server.RaftServer (ConfUtils.java:logGet(46)) - raft.rpc.type = GRPC (default)
2022-07-06 17:18:43,457 [Time-limited test] INFO  grpc.GrpcConfigKeys (ConfUtils.java:logGet(46)) - raft.grpc.admin.port = 37755 (custom)
2022-07-06 17:18:43,457 [Time-limited test] INFO  grpc.GrpcConfigKeys (ConfUtils.java:logGet(46)) - raft.grpc.client.port = 34689 (custom)
2022-07-06 17:18:43,457 [Time-limited test] INFO  grpc.GrpcConfigKeys (ConfUtils.java:logGet(46)) - raft.grpc.server.port = 42693 (custom)
2022-07-06 17:18:43,457 [Time-limited test] INFO  server.GrpcService (ConfUtils.java:logGet(46)) - raft.grpc.message.size.max = 64MB (=67108864) (default)
2022-07-06 17:18:43,457 [Time-limited test] INFO  server.RaftServerConfigKeys (ConfUtils.java:logGet(46)) - raft.server.log.appender.buffer.byte-limit = 4MB (=4194304) (default)
2022-07-06 17:18:43,457 [Time-limited test] INFO  server.GrpcService (ConfUtils.java:logGet(46)) - raft.grpc.flow.control.window = 1MB (=1048576) (default)
2022-07-06 17:18:43,457 [Time-limited test] INFO  server.RaftServerConfigKeys (ConfUtils.java:logGet(46)) - raft.server.rpc.request.timeout = 3000ms (default)
2022-07-06 17:18:43,457 [Time-limited test] INFO  grpc.GrpcConfigKeys (ConfUtils.java:logGet(46)) - raft.grpc.server.async.request.thread.pool.cached = true (default)
2022-07-06 17:18:43,457 [Time-limited test] INFO  grpc.GrpcConfigKeys (ConfUtils.java:logGet(46)) - raft.grpc.server.async.request.thread.pool.size = 32 (default)
2022-07-06 17:18:43,459 [Time-limited test] INFO  impl.DataStreamServerImpl (ConfUtils.java:logGet(46)) - raft.datastream.type = NETTY (custom)
2022-07-06 17:18:43,459 [Time-limited test] INFO  netty.NettyConfigKeys$DataStream (ConfUtils.java:logGet(46)) - raft.netty.dataStream.server.tls.conf = null (default)
2022-07-06 17:18:43,459 [Time-limited test] INFO  server.RaftServerConfigKeys (ConfUtils.java:logGet(46)) - raft.server.data-stream.async.request.thread.pool.cached = false (default)
2022-07-06 17:18:43,459 [Time-limited test] INFO  server.RaftServerConfigKeys (ConfUtils.java:logGet(46)) - raft.server.data-stream.async.request.thread.pool.size = 32 (default)
2022-07-06 17:18:43,459 [Time-limited test] INFO  server.RaftServerConfigKeys (ConfUtils.java:logGet(46)) - raft.server.data-stream.async.write.thread.pool.size = 16 (default)
2022-07-06 17:18:43,460 [Time-limited test] INFO  server.RaftServerConfigKeys (ConfUtils.java:logGet(46)) - raft.server.data-stream.client.pool.size = 10 (default)
2022-07-06 17:18:43,460 [Time-limited test] INFO  netty.NettyConfigKeys$DataStream (ConfUtils.java:logGet(46)) - raft.netty.dataStream.server.use-epoll = false (default)
2022-07-06 17:18:43,460 [Time-limited test] INFO  netty.NettyConfigKeys$DataStream (ConfUtils.java:logGet(46)) - raft.netty.dataStream.server.boss-group.size = 0 (default)
2022-07-06 17:18:43,460 [Time-limited test] INFO  netty.NettyConfigKeys$DataStream (ConfUtils.java:logGet(46)) - raft.netty.dataStream.server.worker-group.size = 0 (default)
2022-07-06 17:18:43,460 [Time-limited test] INFO  netty.NettyConfigKeys$DataStream (ConfUtils.java:logGet(46)) - raft.netty.dataStream.port = 44561 (custom)
2022-07-06 17:18:43,462 [pool-11-thread-1] INFO  server.RaftServer$Division (RaftServerImpl.java:<init>(191)) - s1: new RaftServerImpl for group-CD87ED06CC9F:[s0|rpc:localhost:46837|admin:localhost:40145|client:localhost:44183|dataStream:localhost:36771|priority:0, s1|rpc:localhost:36769|admin:localhost:40151|client:localhost:35673|dataStream:localhost:44419|priority:0, s2|rpc:localhost:42693|admin:localhost:37755|client:localhost:34689|dataStream:localhost:44561|priority:0] with MultiDataStreamStateMachine:uninitialized
2022-07-06 17:18:43,462 [pool-11-thread-1] INFO  server.RaftServerConfigKeys (ConfUtils.java:logGet(46)) - raft.server.rpc.timeout.min = 150ms (default)
2022-07-06 17:18:43,462 [pool-11-thread-1] INFO  server.RaftServerConfigKeys (ConfUtils.java:logGet(46)) - raft.server.rpc.timeout.max = 300ms (default)
2022-07-06 17:18:43,462 [pool-11-thread-1] INFO  server.RaftServerConfigKeys (ConfUtils.java:logGet(46)) - raft.server.rpc.sleep.time = 25ms (default)
2022-07-06 17:18:43,462 [pool-11-thread-1] INFO  server.RaftServerConfigKeys (ConfUtils.java:logGet(46)) - raft.server.rpc.slowness.timeout = 60s (default)
2022-07-06 17:18:43,463 [pool-11-thread-1] INFO  server.RaftServerConfigKeys (ConfUtils.java:logGet(46)) - raft.server.leaderelection.leader.step-down.wait-time = 10s (default)
2022-07-06 17:18:43,463 [pool-11-thread-1] INFO  server.RaftServerConfigKeys (ConfUtils.java:logGet(46)) - raft.server.sleep.deviation.threshold = 300ms (default)
2022-07-06 17:18:43,463 [pool-11-thread-1] INFO  server.RaftServer$Division (ServerState.java:<init>(107)) - s1@group-CD87ED06CC9F: ConfigurationManager, init=-1: [s0|rpc:localhost:46837|admin:localhost:40145|client:localhost:44183|dataStream:localhost:36771|priority:0, s1|rpc:localhost:36769|admin:localhost:40151|client:localhost:35673|dataStream:localhost:44419|priority:0, s2|rpc:localhost:42693|admin:localhost:37755|client:localhost:34689|dataStream:localhost:44561|priority:0], old=null, confs=<EMPTY_MAP>
2022-07-06 17:18:43,463 [pool-11-thread-1] INFO  server.RaftServerConfigKeys (ConfUtils.java:logGet(46)) - raft.server.storage.dir = [/home/runner/work/ratis/ratis/ratis-test/target/test/data/f67faa4/MiniRaftClusterWithRpcTypeGrpcAndDataStreamTypeNetty2681f6d6/s1] (custom)
2022-07-06 17:18:43,463 [pool-11-thread-1] INFO  server.RaftServerConfigKeys (ConfUtils.java:logGet(46)) - raft.server.log.corruption.policy = EXCEPTION (default)
2022-07-06 17:18:43,463 [pool-11-thread-1] INFO  server.RaftServerConfigKeys (ConfUtils.java:logGet(46)) - raft.server.storage.free-space.min = 0MB (=0) (default)
2022-07-06 17:18:43,463 [pool-11-thread-1] INFO  storage.RaftStorageDirectory (RaftStorageDirectoryImpl.java:analyzeStorage(136)) - The storage directory /home/runner/work/ratis/ratis/ratis-test/target/test/data/f67faa4/MiniRaftClusterWithRpcTypeGrpcAndDataStreamTypeNetty2681f6d6/s1/802761fa-1bbd-4ac8-a343-cd87ed06cc9f does not exist. Creating ...
2022-07-06 17:18:43,464 [pool-11-thread-1] TRACE util.FileUtils (LogUtils.java:runAndLog(49)) - Successfully ran Files.createDirectories /home/runner/work/ratis/ratis/ratis-test/target/test/data/f67faa4/MiniRaftClusterWithRpcTypeGrpcAndDataStreamTypeNetty2681f6d6/s1/802761fa-1bbd-4ac8-a343-cd87ed06cc9f
2022-07-06 17:18:43,464 [pool-10-thread-1] INFO  server.RaftServerConfigKeys (ConfUtils.java:logGet(46)) - raft.server.retrycache.expirytime = 60s (default)
2022-07-06 17:18:43,466 [pool-11-thread-1] INFO  storage.RaftStorageDirectory (RaftStorageDirectoryImpl.java:tryLock(230)) - Lock on /home/runner/work/ratis/ratis/ratis-test/target/test/data/f67faa4/MiniRaftClusterWithRpcTypeGrpcAndDataStreamTypeNetty2681f6d6/s1/802761fa-1bbd-4ac8-a343-cd87ed06cc9f/in_use.lock acquired by nodename 19282@fv-az78-856.1yjuz5qicxhennglgapadkoisg.dx.internal.cloudapp.net
2022-07-06 17:18:43,466 [pool-11-thread-1] TRACE util.FileUtils (LogUtils.java:runAndLog(49)) - Successfully ran Files.createDirectories /home/runner/work/ratis/ratis/ratis-test/target/test/data/f67faa4/MiniRaftClusterWithRpcTypeGrpcAndDataStreamTypeNetty2681f6d6/s1/802761fa-1bbd-4ac8-a343-cd87ed06cc9f/current
2022-07-06 17:18:43,467 [pool-11-thread-1] TRACE util.FileUtils (LogUtils.java:runAndLog(49)) - Successfully ran Files.createDirectories /home/runner/work/ratis/ratis/ratis-test/target/test/data/f67faa4/MiniRaftClusterWithRpcTypeGrpcAndDataStreamTypeNetty2681f6d6/s1/802761fa-1bbd-4ac8-a343-cd87ed06cc9f/sm
2022-07-06 17:18:43,464 [Time-limited test] INFO  server.RaftServerConfigKeys (ConfUtils.java:logGet(46)) - raft.server.threadpool.proxy.cached = true (default)
2022-07-06 17:18:43,467 [Time-limited test] INFO  server.RaftServerConfigKeys (ConfUtils.java:logGet(46)) - raft.server.threadpool.proxy.size = 0 (default)
2022-07-06 17:18:43,467 [Time-limited test] INFO  server.RaftServerConfigKeys (ConfUtils.java:logGet(46)) - raft.server.rpc.slowness.timeout = 60s (default)
2022-07-06 17:18:43,467 [Time-limited test] INFO  server.RaftServerConfigKeys (ConfUtils.java:logGet(46)) - raft.server.leaderelection.leader.step-down.wait-time = 10s (default)
2022-07-06 17:18:43,468 [Time-limited test] INFO  server.RaftServerConfigKeys (ConfUtils.java:logGet(46)) - raft.server.storage.dir = [/home/runner/work/ratis/ratis/ratis-test/target/test/data/f67faa4/MiniRaftClusterWithRpcTypeGrpcAndDataStreamTypeNetty2681f6d6/s2] (custom)
2022-07-06 17:18:43,466 [pool-10-thread-1] INFO  server.RaftServerConfigKeys (ConfUtils.java:logGet(46)) - raft.server.retrycache.statistics.expirytime = 100μs (default)
2022-07-06 17:18:43,468 [s2-NettyServerStreamRpc-bossGroup--thread1] INFO  logging.LoggingHandler (AbstractInternalLogger.java:log(148)) - [id: 0x0ea598cb] REGISTERED
2022-07-06 17:18:43,468 [s2-NettyServerStreamRpc-bossGroup--thread1] INFO  logging.LoggingHandler (AbstractInternalLogger.java:log(148)) - [id: 0x0ea598cb] BIND: 0.0.0.0/0.0.0.0:44561
2022-07-06 17:18:43,468 [s2-NettyServerStreamRpc-bossGroup--thread1] INFO  logging.LoggingHandler (AbstractInternalLogger.java:log(148)) - [id: 0x0ea598cb, L:/0.0.0.0:44561] ACTIVE
2022-07-06 17:18:43,469 [pool-10-thread-1] INFO  server.RaftServerConfigKeys (ConfUtils.java:logGet(46)) - raft.server.log.appender.install.snapshot.enabled = true (default)
2022-07-06 17:18:43,469 [pool-10-thread-1] INFO  server.RaftServerConfigKeys (ConfUtils.java:logGet(46)) - raft.server.threadpool.server.cached = true (default)
2022-07-06 17:18:43,469 [pool-10-thread-1] INFO  server.RaftServerConfigKeys (ConfUtils.java:logGet(46)) - raft.server.threadpool.server.size = 0 (default)
2022-07-06 17:18:43,469 [pool-10-thread-1] INFO  server.RaftServerConfigKeys (ConfUtils.java:logGet(46)) - raft.server.threadpool.client.cached = true (default)
2022-07-06 17:18:43,469 [pool-10-thread-1] INFO  server.RaftServerConfigKeys (ConfUtils.java:logGet(46)) - raft.server.threadpool.client.size = 0 (default)
2022-07-06 17:18:43,470 [pool-11-thread-1] INFO  storage.RaftStorage (RaftStorageImpl.java:format(79)) - Storage directory /home/runner/work/ratis/ratis/ratis-test/target/test/data/f67faa4/MiniRaftClusterWithRpcTypeGrpcAndDataStreamTypeNetty2681f6d6/s1/802761fa-1bbd-4ac8-a343-cd87ed06cc9f has been successfully formatted.
2022-07-06 17:18:43,471 [pool-11-thread-1] INFO  server.RaftServerConfigKeys (ConfUtils.java:logGet(46)) - raft.server.notification.no-leader.timeout = 60s (default)
2022-07-06 17:18:43,472 [pool-11-thread-1] INFO  server.RaftServerConfigKeys (ConfUtils.java:logGet(46)) - raft.server.log.use.memory = false (default)
2022-07-06 17:18:43,472 [pool-11-thread-1] INFO  server.RaftServerConfigKeys (ConfUtils.java:logGet(46)) - raft.server.log.purge.gap = 1024 (default)
2022-07-06 17:18:43,472 [pool-11-thread-1] INFO  server.RaftServerConfigKeys (ConfUtils.java:logGet(46)) - raft.server.log.appender.buffer.byte-limit = 4MB (=4194304) (default)
2022-07-06 17:18:43,472 [pool-11-thread-1] INFO  server.RaftServerConfigKeys (ConfUtils.java:logGet(46)) - raft.server.log.statemachine.data.read.timeout = 1000ms (default)
2022-07-06 17:18:43,472 [pool-11-thread-1] INFO  server.RaftServerConfigKeys (ConfUtils.java:logGet(46)) - raft.server.log.segment.size.max = 8MB (=8388608) (default)
2022-07-06 17:18:43,472 [pool-11-thread-1] INFO  server.RaftServerConfigKeys (ConfUtils.java:logGet(46)) - raft.server.log.segment.cache.num.max = 6 (default)
2022-07-06 17:18:43,472 [pool-11-thread-1] INFO  server.RaftServerConfigKeys (ConfUtils.java:logGet(46)) - raft.server.log.segment.cache.size.max = 200MB (=209715200) (default)
2022-07-06 17:18:43,472 [pool-11-thread-1] INFO  segmented.SegmentedRaftLogWorker (SegmentedRaftLogWorker.java:<init>(187)) - new s1@group-CD87ED06CC9F-SegmentedRaftLogWorker for RaftStorageImpl:Storage Directory /home/runner/work/ratis/ratis/ratis-test/target/test/data/f67faa4/MiniRaftClusterWithRpcTypeGrpcAndDataStreamTypeNetty2681f6d6/s1/802761fa-1bbd-4ac8-a343-cd87ed06cc9f
2022-07-06 17:18:43,473 [pool-11-thread-1] INFO  server.RaftServerConfigKeys (ConfUtils.java:logGet(46)) - raft.server.log.queue.byte-limit = 64MB (=67108864) (default)
2022-07-06 17:18:43,473 [pool-11-thread-1] INFO  server.RaftServerConfigKeys (ConfUtils.java:logGet(46)) - raft.server.log.queue.element-limit = 4096 (default)
2022-07-06 17:18:43,473 [pool-11-thread-1] INFO  server.RaftServerConfigKeys (ConfUtils.java:logGet(46)) - raft.server.log.segment.size.max = 8MB (=8388608) (default)
2022-07-06 17:18:43,473 [pool-11-thread-1] INFO  server.RaftServerConfigKeys (ConfUtils.java:logGet(46)) - raft.server.log.preallocated.size = 4MB (=4194304) (default)
2022-07-06 17:18:43,473 [pool-11-thread-1] INFO  server.RaftServerConfigKeys (ConfUtils.java:logGet(46)) - raft.server.log.force.sync.num = 128 (default)
2022-07-06 17:18:43,473 [pool-11-thread-1] INFO  server.RaftServerConfigKeys (ConfUtils.java:logGet(46)) - raft.server.log.statemachine.data.sync = true (default)
2022-07-06 17:18:43,473 [pool-11-thread-1] INFO  server.RaftServerConfigKeys (ConfUtils.java:logGet(46)) - raft.server.log.statemachine.data.sync.timeout = 10s (default)
2022-07-06 17:18:43,473 [pool-11-thread-1] INFO  server.RaftServerConfigKeys (ConfUtils.java:logGet(46)) - raft.server.log.statemachine.data.sync.timeout.retry = -1 (default)
2022-07-06 17:18:43,475 [pool-11-thread-1] INFO  server.RaftServerConfigKeys (ConfUtils.java:logGet(46)) - raft.server.log.write.buffer.size = 64KB (=65536) (default)
2022-07-06 17:18:43,475 [pool-11-thread-1] INFO  server.RaftServerConfigKeys (ConfUtils.java:logGet(46)) - raft.server.log.unsafe-flush.enabled = false (default)
2022-07-06 17:18:43,476 [pool-11-thread-1] INFO  server.RaftServerConfigKeys (ConfUtils.java:logGet(46)) - raft.server.log.statemachine.data.caching.enabled = false (default)
2022-07-06 17:18:43,476 [pool-11-thread-1] INFO  segmented.SegmentedRaftLogWorker (SegmentedRaftLogWorker.java:lambda$new$0(135)) - s1@group-CD87ED06CC9F-SegmentedRaftLogWorker: flushIndex: setUnconditionally 0 -> -1
2022-07-06 17:18:43,476 [pool-11-thread-1] INFO  segmented.SegmentedRaftLogWorker (SegmentedRaftLogWorker.java:lambda$new$0(135)) - s1@group-CD87ED06CC9F-SegmentedRaftLogWorker: safeCacheEvictIndex: setUnconditionally 0 -> -1
2022-07-06 17:18:43,477 [pool-11-thread-1] INFO  server.RaftServerConfigKeys (ConfUtils.java:logGet(46)) - raft.server.snapshot.auto.trigger.enabled = false (default)
2022-07-06 17:18:43,477 [pool-11-thread-1] INFO  server.RaftServerConfigKeys (ConfUtils.java:logGet(46)) - raft.server.snapshot.retention.file.num = -1 (default)
2022-07-06 17:18:43,477 [pool-11-thread-1] INFO  server.RaftServerConfigKeys (ConfUtils.java:logGet(46)) - raft.server.log.purge.upto.snapshot.index = false (default)
2022-07-06 17:18:43,477 [pool-11-thread-1] INFO  server.RaftServerConfigKeys (ConfUtils.java:logGet(46)) - raft.server.retrycache.expirytime = 60s (default)
2022-07-06 17:18:43,477 [pool-11-thread-1] INFO  server.RaftServerConfigKeys (ConfUtils.java:logGet(46)) - raft.server.retrycache.statistics.expirytime = 100μs (default)
2022-07-06 17:18:43,477 [pool-11-thread-1] INFO  server.RaftServerConfigKeys (ConfUtils.java:logGet(46)) - raft.server.log.appender.install.snapshot.enabled = true (default)
2022-07-06 17:18:43,478 [pool-11-thread-1] INFO  server.RaftServerConfigKeys (ConfUtils.java:logGet(46)) - raft.server.threadpool.server.cached = true (default)
2022-07-06 17:18:43,478 [pool-11-thread-1] INFO  server.RaftServerConfigKeys (ConfUtils.java:logGet(46)) - raft.server.threadpool.server.size = 0 (default)
2022-07-06 17:18:43,478 [pool-11-thread-1] INFO  server.RaftServerConfigKeys (ConfUtils.java:logGet(46)) - raft.server.threadpool.client.cached = true (default)
2022-07-06 17:18:43,478 [pool-11-thread-1] INFO  server.RaftServerConfigKeys (ConfUtils.java:logGet(46)) - raft.server.threadpool.client.size = 0 (default)
2022-07-06 17:18:43,478 [Time-limited test] INFO  server.RaftServer (RaftServerProxy.java:addNew(96)) - s2: addNew group-CD87ED06CC9F:[s0|rpc:localhost:46837|admin:localhost:40145|client:localhost:44183|dataStream:localhost:36771|priority:0, s1|rpc:localhost:36769|admin:localhost:40151|client:localhost:35673|dataStream:localhost:44419|priority:0, s2|rpc:localhost:42693|admin:localhost:37755|client:localhost:34689|dataStream:localhost:44561|priority:0] returns group-CD87ED06CC9F:java.util.concurrent.CompletableFuture@11a5ae5c[Not completed]
2022-07-06 17:18:43,478 [s0-impl-thread1] INFO  server.RaftServer$Division (RaftServerImpl.java:start(311)) - s0@group-CD87ED06CC9F: start as a follower, conf=-1: [s0|rpc:localhost:46837|admin:localhost:40145|client:localhost:44183|dataStream:localhost:36771|priority:0, s1|rpc:localhost:36769|admin:localhost:40151|client:localhost:35673|dataStream:localhost:44419|priority:0, s2|rpc:localhost:42693|admin:localhost:37755|client:localhost:34689|dataStream:localhost:44561|priority:0], old=null
2022-07-06 17:18:43,478 [s0-impl-thread1] INFO  server.RaftServer$Division (RaftServerImpl.java:setRole(300)) - s0@group-CD87ED06CC9F: changes role from      null to FOLLOWER at term 0 for startAsFollower
2022-07-06 17:18:43,479 [pool-12-thread-1] INFO  server.RaftServer$Division (RaftServerImpl.java:<init>(191)) - s2: new RaftServerImpl for group-CD87ED06CC9F:[s0|rpc:localhost:46837|admin:localhost:40145|client:localhost:44183|dataStream:localhost:36771|priority:0, s1|rpc:localhost:36769|admin:localhost:40151|client:localhost:35673|dataStream:localhost:44419|priority:0, s2|rpc:localhost:42693|admin:localhost:37755|client:localhost:34689|dataStream:localhost:44561|priority:0] with MultiDataStreamStateMachine:uninitialized
2022-07-06 17:18:43,479 [s0-impl-thread1] INFO  impl.RoleInfo (RoleInfo.java:updateAndGet(139)) - s0: start s0@group-CD87ED06CC9F-FollowerState
2022-07-06 17:18:43,480 [pool-12-thread-1] INFO  server.RaftServerConfigKeys (ConfUtils.java:logGet(46)) - raft.server.rpc.timeout.min = 150ms (default)
2022-07-06 17:18:43,483 [s0-impl-thread1] INFO  util.JmxRegister (JmxRegister.java:tryRegister(44)) - Successfully registered JMX Bean with object name Ratis:service=RaftServer,group=group-CD87ED06CC9F,id=s0
2022-07-06 17:18:43,487 [pool-12-thread-1] INFO  server.RaftServerConfigKeys (ConfUtils.java:logGet(46)) - raft.server.rpc.timeout.max = 300ms (default)
2022-07-06 17:18:43,487 [pool-12-thread-1] INFO  server.RaftServerConfigKeys (ConfUtils.java:logGet(46)) - raft.server.rpc.sleep.time = 25ms (default)
2022-07-06 17:18:43,495 [Time-limited test] INFO  server.RaftServer (RaftServerProxy.java:lambda$start$6(382)) - s0: start RPC server
2022-07-06 17:18:43,495 [pool-12-thread-1] INFO  server.RaftServerConfigKeys (ConfUtils.java:logGet(46)) - raft.server.rpc.slowness.timeout = 60s (default)
2022-07-06 17:18:43,496 [pool-12-thread-1] INFO  server.RaftServerConfigKeys (ConfUtils.java:logGet(46)) - raft.server.leaderelection.leader.step-down.wait-time = 10s (default)
2022-07-06 17:18:43,496 [pool-12-thread-1] INFO  server.RaftServerConfigKeys (ConfUtils.java:logGet(46)) - raft.server.sleep.deviation.threshold = 300ms (default)
2022-07-06 17:18:43,496 [pool-12-thread-1] INFO  server.RaftServer$Division (ServerState.java:<init>(107)) - s2@group-CD87ED06CC9F: ConfigurationManager, init=-1: [s0|rpc:localhost:46837|admin:localhost:40145|client:localhost:44183|dataStream:localhost:36771|priority:0, s1|rpc:localhost:36769|admin:localhost:40151|client:localhost:35673|dataStream:localhost:44419|priority:0, s2|rpc:localhost:42693|admin:localhost:37755|client:localhost:34689|dataStream:localhost:44561|priority:0], old=null, confs=<EMPTY_MAP>
2022-07-06 17:18:43,496 [pool-12-thread-1] INFO  server.RaftServerConfigKeys (ConfUtils.java:logGet(46)) - raft.server.storage.dir = [/home/runner/work/ratis/ratis/ratis-test/target/test/data/f67faa4/MiniRaftClusterWithRpcTypeGrpcAndDataStreamTypeNetty2681f6d6/s2] (custom)
2022-07-06 17:18:43,497 [pool-12-thread-1] INFO  server.RaftServerConfigKeys (ConfUtils.java:logGet(46)) - raft.server.log.corruption.policy = EXCEPTION (default)
2022-07-06 17:18:43,497 [pool-12-thread-1] INFO  server.RaftServerConfigKeys (ConfUtils.java:logGet(46)) - raft.server.storage.free-space.min = 0MB (=0) (default)
2022-07-06 17:18:43,497 [pool-12-thread-1] INFO  storage.RaftStorageDirectory (RaftStorageDirectoryImpl.java:analyzeStorage(136)) - The storage directory /home/runner/work/ratis/ratis/ratis-test/target/test/data/f67faa4/MiniRaftClusterWithRpcTypeGrpcAndDataStreamTypeNetty2681f6d6/s2/802761fa-1bbd-4ac8-a343-cd87ed06cc9f does not exist. Creating ...
2022-07-06 17:18:43,497 [pool-12-thread-1] TRACE util.FileUtils (LogUtils.java:runAndLog(49)) - Successfully ran Files.createDirectories /home/runner/work/ratis/ratis/ratis-test/target/test/data/f67faa4/MiniRaftClusterWithRpcTypeGrpcAndDataStreamTypeNetty2681f6d6/s2/802761fa-1bbd-4ac8-a343-cd87ed06cc9f
2022-07-06 17:18:43,502 [Time-limited test] INFO  server.GrpcService (GrpcService.java:startImpl(260)) - s0: GrpcService started, listening on 46837
2022-07-06 17:18:43,504 [pool-12-thread-1] INFO  storage.RaftStorageDirectory (RaftStorageDirectoryImpl.java:tryLock(230)) - Lock on /home/runner/work/ratis/ratis/ratis-test/target/test/data/f67faa4/MiniRaftClusterWithRpcTypeGrpcAndDataStreamTypeNetty2681f6d6/s2/802761fa-1bbd-4ac8-a343-cd87ed06cc9f/in_use.lock acquired by nodename 19282@fv-az78-856.1yjuz5qicxhennglgapadkoisg.dx.internal.cloudapp.net
2022-07-06 17:18:43,505 [Time-limited test] INFO  server.GrpcService (GrpcService.java:startImpl(260)) - s0: GrpcService started, listening on 40145
2022-07-06 17:18:43,507 [Time-limited test] INFO  server.GrpcService (GrpcService.java:startImpl(260)) - s0: GrpcService started, listening on 44183
2022-07-06 17:18:43,508 [pool-12-thread-1] TRACE util.FileUtils (LogUtils.java:runAndLog(49)) - Successfully ran Files.createDirectories /home/runner/work/ratis/ratis/ratis-test/target/test/data/f67faa4/MiniRaftClusterWithRpcTypeGrpcAndDataStreamTypeNetty2681f6d6/s2/802761fa-1bbd-4ac8-a343-cd87ed06cc9f/current
2022-07-06 17:18:43,508 [pool-12-thread-1] TRACE util.FileUtils (LogUtils.java:runAndLog(49)) - Successfully ran Files.createDirectories /home/runner/work/ratis/ratis/ratis-test/target/test/data/f67faa4/MiniRaftClusterWithRpcTypeGrpcAndDataStreamTypeNetty2681f6d6/s2/802761fa-1bbd-4ac8-a343-cd87ed06cc9f/sm
2022-07-06 17:18:43,509 [s1-impl-thread1] INFO  server.RaftServer$Division (RaftServerImpl.java:start(311)) - s1@group-CD87ED06CC9F: start as a follower, conf=-1: [s0|rpc:localhost:46837|admin:localhost:40145|client:localhost:44183|dataStream:localhost:36771|priority:0, s1|rpc:localhost:36769|admin:localhost:40151|client:localhost:35673|dataStream:localhost:44419|priority:0, s2|rpc:localhost:42693|admin:localhost:37755|client:localhost:34689|dataStream:localhost:44561|priority:0], old=null
2022-07-06 17:18:43,509 [s1-impl-thread1] INFO  server.RaftServer$Division (RaftServerImpl.java:setRole(300)) - s1@group-CD87ED06CC9F: changes role from      null to FOLLOWER at term 0 for startAsFollower
2022-07-06 17:18:43,509 [s1-impl-thread1] INFO  impl.RoleInfo (RoleInfo.java:updateAndGet(139)) - s1: start s1@group-CD87ED06CC9F-FollowerState
2022-07-06 17:18:43,509 [org.apache.ratis.util.JvmPauseMonitor$$Lambda$273/398417010@269384c0] INFO  util.JvmPauseMonitor (JvmPauseMonitor.java:run(103)) - JvmPauseMonitor-s0: Started
2022-07-06 17:18:43,512 [pool-12-thread-1] INFO  storage.RaftStorage (RaftStorageImpl.java:format(79)) - Storage directory /home/runner/work/ratis/ratis/ratis-test/target/test/data/f67faa4/MiniRaftClusterWithRpcTypeGrpcAndDataStreamTypeNetty2681f6d6/s2/802761fa-1bbd-4ac8-a343-cd87ed06cc9f has been successfully formatted.
2022-07-06 17:18:43,512 [pool-12-thread-1] INFO  server.RaftServerConfigKeys (ConfUtils.java:logGet(46)) - raft.server.notification.no-leader.timeout = 60s (default)
2022-07-06 17:18:43,512 [pool-12-thread-1] INFO  server.RaftServerConfigKeys (ConfUtils.java:logGet(46)) - raft.server.log.use.memory = false (default)
2022-07-06 17:18:43,512 [pool-12-thread-1] INFO  server.RaftServerConfigKeys (ConfUtils.java:logGet(46)) - raft.server.log.purge.gap = 1024 (default)
2022-07-06 17:18:43,512 [pool-12-thread-1] INFO  server.RaftServerConfigKeys (ConfUtils.java:logGet(46)) - raft.server.log.appender.buffer.byte-limit = 4MB (=4194304) (default)
2022-07-06 17:18:43,512 [pool-12-thread-1] INFO  server.RaftServerConfigKeys (ConfUtils.java:logGet(46)) - raft.server.log.statemachine.data.read.timeout = 1000ms (default)
2022-07-06 17:18:43,512 [pool-12-thread-1] INFO  server.RaftServerConfigKeys (ConfUtils.java:logGet(46)) - raft.server.log.segment.size.max = 8MB (=8388608) (default)
2022-07-06 17:18:43,513 [pool-12-thread-1] INFO  server.RaftServerConfigKeys (ConfUtils.java:logGet(46)) - raft.server.log.segment.cache.num.max = 6 (default)
2022-07-06 17:18:43,513 [pool-12-thread-1] INFO  server.RaftServerConfigKeys (ConfUtils.java:logGet(46)) - raft.server.log.segment.cache.size.max = 200MB (=209715200) (default)
2022-07-06 17:18:43,513 [pool-12-thread-1] INFO  segmented.SegmentedRaftLogWorker (SegmentedRaftLogWorker.java:<init>(187)) - new s2@group-CD87ED06CC9F-SegmentedRaftLogWorker for RaftStorageImpl:Storage Directory /home/runner/work/ratis/ratis/ratis-test/target/test/data/f67faa4/MiniRaftClusterWithRpcTypeGrpcAndDataStreamTypeNetty2681f6d6/s2/802761fa-1bbd-4ac8-a343-cd87ed06cc9f
2022-07-06 17:18:43,513 [pool-12-thread-1] INFO  server.RaftServerConfigKeys (ConfUtils.java:logGet(46)) - raft.server.log.queue.byte-limit = 64MB (=67108864) (default)
2022-07-06 17:18:43,513 [pool-12-thread-1] INFO  server.RaftServerConfigKeys (ConfUtils.java:logGet(46)) - raft.server.log.queue.element-limit = 4096 (default)
2022-07-06 17:18:43,513 [pool-12-thread-1] INFO  server.RaftServerConfigKeys (ConfUtils.java:logGet(46)) - raft.server.log.segment.size.max = 8MB (=8388608) (default)
2022-07-06 17:18:43,513 [pool-12-thread-1] INFO  server.RaftServerConfigKeys (ConfUtils.java:logGet(46)) - raft.server.log.preallocated.size = 4MB (=4194304) (default)
2022-07-06 17:18:43,513 [pool-12-thread-1] INFO  server.RaftServerConfigKeys (ConfUtils.java:logGet(46)) - raft.server.log.force.sync.num = 128 (default)
2022-07-06 17:18:43,516 [pool-12-thread-1] INFO  server.RaftServerConfigKeys (ConfUtils.java:logGet(46)) - raft.server.log.statemachine.data.sync = true (default)
2022-07-06 17:18:43,516 [pool-12-thread-1] INFO  server.RaftServerConfigKeys (ConfUtils.java:logGet(46)) - raft.server.log.statemachine.data.sync.timeout = 10s (default)
2022-07-06 17:18:43,516 [pool-12-thread-1] INFO  server.RaftServerConfigKeys (ConfUtils.java:logGet(46)) - raft.server.log.statemachine.data.sync.timeout.retry = -1 (default)
2022-07-06 17:18:43,520 [s1-impl-thread1] INFO  util.JmxRegister (JmxRegister.java:tryRegister(44)) - Successfully registered JMX Bean with object name Ratis:service=RaftServer,group=group-CD87ED06CC9F,id=s1
2022-07-06 17:18:43,521 [pool-12-thread-1] INFO  server.RaftServerConfigKeys (ConfUtils.java:logGet(46)) - raft.server.log.write.buffer.size = 64KB (=65536) (default)
2022-07-06 17:18:43,521 [pool-12-thread-1] INFO  server.RaftServerConfigKeys (ConfUtils.java:logGet(46)) - raft.server.log.unsafe-flush.enabled = false (default)
2022-07-06 17:18:43,522 [pool-12-thread-1] INFO  server.RaftServerConfigKeys (ConfUtils.java:logGet(46)) - raft.server.log.statemachine.data.caching.enabled = false (default)
2022-07-06 17:18:43,523 [pool-12-thread-1] INFO  segmented.SegmentedRaftLogWorker (SegmentedRaftLogWorker.java:lambda$new$0(135)) - s2@group-CD87ED06CC9F-SegmentedRaftLogWorker: flushIndex: setUnconditionally 0 -> -1
2022-07-06 17:18:43,523 [pool-12-thread-1] INFO  segmented.SegmentedRaftLogWorker (SegmentedRaftLogWorker.java:lambda$new$0(135)) - s2@group-CD87ED06CC9F-SegmentedRaftLogWorker: safeCacheEvictIndex: setUnconditionally 0 -> -1
2022-07-06 17:18:43,522 [Time-limited test] INFO  server.RaftServer (RaftServerProxy.java:lambda$start$6(382)) - s1: start RPC server
2022-07-06 17:18:43,530 [pool-12-thread-1] INFO  server.RaftServerConfigKeys (ConfUtils.java:logGet(46)) - raft.server.snapshot.auto.trigger.enabled = false (default)
2022-07-06 17:18:43,530 [pool-12-thread-1] INFO  server.RaftServerConfigKeys (ConfUtils.java:logGet(46)) - raft.server.snapshot.retention.file.num = -1 (default)
2022-07-06 17:18:43,530 [pool-12-thread-1] INFO  server.RaftServerConfigKeys (ConfUtils.java:logGet(46)) - raft.server.log.purge.upto.snapshot.index = false (default)
2022-07-06 17:18:43,531 [pool-12-thread-1] INFO  server.RaftServerConfigKeys (ConfUtils.java:logGet(46)) - raft.server.retrycache.expirytime = 60s (default)
2022-07-06 17:18:43,531 [pool-12-thread-1] INFO  server.RaftServerConfigKeys (ConfUtils.java:logGet(46)) - raft.server.retrycache.statistics.expirytime = 100μs (default)
2022-07-06 17:18:43,531 [pool-12-thread-1] INFO  server.RaftServerConfigKeys (ConfUtils.java:logGet(46)) - raft.server.log.appender.install.snapshot.enabled = true (default)
2022-07-06 17:18:43,531 [pool-12-thread-1] INFO  server.RaftServerConfigKeys (ConfUtils.java:logGet(46)) - raft.server.threadpool.server.cached = true (default)
2022-07-06 17:18:43,531 [pool-12-thread-1] INFO  server.RaftServerConfigKeys (ConfUtils.java:logGet(46)) - raft.server.threadpool.server.size = 0 (default)
2022-07-06 17:18:43,531 [pool-12-thread-1] INFO  server.RaftServerConfigKeys (ConfUtils.java:logGet(46)) - raft.server.threadpool.client.cached = true (default)
2022-07-06 17:18:43,531 [pool-12-thread-1] INFO  server.RaftServerConfigKeys (ConfUtils.java:logGet(46)) - raft.server.threadpool.client.size = 0 (default)
2022-07-06 17:18:43,541 [Time-limited test] INFO  server.GrpcService (GrpcService.java:startImpl(260)) - s1: GrpcService started, listening on 36769
2022-07-06 17:18:43,544 [Time-limited test] INFO  server.GrpcService (GrpcService.java:startImpl(260)) - s1: GrpcService started, listening on 40151
2022-07-06 17:18:43,547 [Time-limited test] INFO  server.GrpcService (GrpcService.java:startImpl(260)) - s1: GrpcService started, listening on 35673
2022-07-06 17:18:43,551 [s2-impl-thread1] INFO  server.RaftServer$Division (RaftServerImpl.java:start(311)) - s2@group-CD87ED06CC9F: start as a follower, conf=-1: [s0|rpc:localhost:46837|admin:localhost:40145|client:localhost:44183|dataStream:localhost:36771|priority:0, s1|rpc:localhost:36769|admin:localhost:40151|client:localhost:35673|dataStream:localhost:44419|priority:0, s2|rpc:localhost:42693|admin:localhost:37755|client:localhost:34689|dataStream:localhost:44561|priority:0], old=null
2022-07-06 17:18:43,551 [s2-impl-thread1] INFO  server.RaftServer$Division (RaftServerImpl.java:setRole(300)) - s2@group-CD87ED06CC9F: changes role from      null to FOLLOWER at term 0 for startAsFollower
2022-07-06 17:18:43,551 [s2-impl-thread1] INFO  impl.RoleInfo (RoleInfo.java:updateAndGet(139)) - s2: start s2@group-CD87ED06CC9F-FollowerState
2022-07-06 17:18:43,551 [org.apache.ratis.util.JvmPauseMonitor$$Lambda$273/398417010@2e4d9071] INFO  util.JvmPauseMonitor (JvmPauseMonitor.java:run(103)) - JvmPauseMonitor-s1: Started
2022-07-06 17:18:43,552 [s2-impl-thread1] INFO  util.JmxRegister (JmxRegister.java:tryRegister(44)) - Successfully registered JMX Bean with object name Ratis:service=RaftServer,group=group-CD87ED06CC9F,id=s2
2022-07-06 17:18:43,561 [Time-limited test] INFO  server.RaftServer (RaftServerProxy.java:lambda$start$6(382)) - s2: start RPC server
2022-07-06 17:18:43,577 [Time-limited test] INFO  server.GrpcService (GrpcService.java:startImpl(260)) - s2: GrpcService started, listening on 42693
2022-07-06 17:18:43,579 [Time-limited test] INFO  server.GrpcService (GrpcService.java:startImpl(260)) - s2: GrpcService started, listening on 37755
2022-07-06 17:18:43,581 [Time-limited test] INFO  server.GrpcService (GrpcService.java:startImpl(260)) - s2: GrpcService started, listening on 34689
2022-07-06 17:18:43,583 [org.apache.ratis.util.JvmPauseMonitor$$Lambda$273/398417010@41afa821] INFO  util.JvmPauseMonitor (JvmPauseMonitor.java:run(103)) - JvmPauseMonitor-s2: Started
2022-07-06 17:18:43,585 [Time-limited test] INFO  server.RaftServerConfigKeys (ConfUtils.java:logGet(46)) - raft.server.rpc.timeout.max = 300ms (default)
2022-07-06 17:18:43,585 [Time-limited test] INFO  ratis.RaftTestUtil (RaftTestUtil.java:waitForLeader(100)) - printing ALL groups
  s0:  RUNNING  FOLLOWER s0@group-CD87ED06CC9F:t0, leader=null, voted=, raftlog=s0@group-CD87ED06CC9F-SegmentedRaftLog:OPENED:c-1, conf=-1: [s0|rpc:localhost:46837|admin:localhost:40145|client:localhost:44183|dataStream:localhost:36771|priority:0, s1|rpc:localhost:36769|admin:localhost:40151|client:localhost:35673|dataStream:localhost:44419|priority:0, s2|rpc:localhost:42693|admin:localhost:37755|client:localhost:34689|dataStream:localhost:44561|priority:0], old=null RUNNING
  s1:  RUNNING  FOLLOWER s1@group-CD87ED06CC9F:t0, leader=null, voted=, raftlog=s1@group-CD87ED06CC9F-SegmentedRaftLog:OPENED:c-1, conf=-1: [s0|rpc:localhost:46837|admin:localhost:40145|client:localhost:44183|dataStream:localhost:36771|priority:0, s1|rpc:localhost:36769|admin:localhost:40151|client:localhost:35673|dataStream:localhost:44419|priority:0, s2|rpc:localhost:42693|admin:localhost:37755|client:localhost:34689|dataStream:localhost:44561|priority:0], old=null RUNNING
  s2:  RUNNING  FOLLOWER s2@group-CD87ED06CC9F:t0, leader=null, voted=, raftlog=s2@group-CD87ED06CC9F-SegmentedRaftLog:OPENED:c-1, conf=-1: [s0|rpc:localhost:46837|admin:localhost:40145|client:localhost:44183|dataStream:localhost:36771|priority:0, s1|rpc:localhost:36769|admin:localhost:40151|client:localhost:35673|dataStream:localhost:44419|priority:0, s2|rpc:localhost:42693|admin:localhost:37755|client:localhost:34689|dataStream:localhost:44561|priority:0], old=null RUNNING
2022-07-06 17:18:43,585 [Time-limited test] WARN  ratis.RaftTestUtil (JavaUtils.java:attempt(172)) - FAILED "waitForLeader-null-(expectLeader? true)", attempt #1/100: java.lang.IllegalStateException: No leader yet : printing ALL groups
  s0:  RUNNING  FOLLOWER s0@group-CD87ED06CC9F:t0, leader=null, voted=, raftlog=s0@group-CD87ED06CC9F-SegmentedRaftLog:OPENED:c-1, conf=-1: [s0|rpc:localhost:46837|admin:localhost:40145|client:localhost:44183|dataStream:localhost:36771|priority:0, s1|rpc:localhost:36769|admin:localhost:40151|client:localhost:35673|dataStream:localhost:44419|priority:0, s2|rpc:localhost:42693|admin:localhost:37755|client:localhost:34689|dataStream:localhost:44561|priority:0], old=null RUNNING
  s1:  RUNNING  FOLLOWER s1@group-CD87ED06CC9F:t0, leader=null, voted=, raftlog=s1@group-CD87ED06CC9F-SegmentedRaftLog:OPENED:c-1, conf=-1: [s0|rpc:localhost:46837|admin:localhost:40145|client:localhost:44183|dataStream:localhost:36771|priority:0, s1|rpc:localhost:36769|admin:localhost:40151|client:localhost:35673|dataStream:localhost:44419|priority:0, s2|rpc:localhost:42693|admin:localhost:37755|client:localhost:34689|dataStream:localhost:44561|priority:0], old=null RUNNING
  s2:  RUNNING  FOLLOWER s2@group-CD87ED06CC9F:t0, leader=null, voted=, raftlog=s2@group-CD87ED06CC9F-SegmentedRaftLog:OPENED:c-1, conf=-1: [s0|rpc:localhost:46837|admin:localhost:40145|client:localhost:44183|dataStream:localhost:36771|priority:0, s1|rpc:localhost:36769|admin:localhost:40151|client:localhost:35673|dataStream:localhost:44419|priority:0, s2|rpc:localhost:42693|admin:localhost:37755|client:localhost:34689|dataStream:localhost:44561|priority:0], old=null RUNNING, sleep 450ms and then retry.
java.lang.IllegalStateException: No leader yet : printing ALL groups
  s0:  RUNNING  FOLLOWER s0@group-CD87ED06CC9F:t0, leader=null, voted=, raftlog=s0@group-CD87ED06CC9F-SegmentedRaftLog:OPENED:c-1, conf=-1: [s0|rpc:localhost:46837|admin:localhost:40145|client:localhost:44183|dataStream:localhost:36771|priority:0, s1|rpc:localhost:36769|admin:localhost:40151|client:localhost:35673|dataStream:localhost:44419|priority:0, s2|rpc:localhost:42693|admin:localhost:37755|client:localhost:34689|dataStream:localhost:44561|priority:0], old=null RUNNING
  s1:  RUNNING  FOLLOWER s1@group-CD87ED06CC9F:t0, leader=null, voted=, raftlog=s1@group-CD87ED06CC9F-SegmentedRaftLog:OPENED:c-1, conf=-1: [s0|rpc:localhost:46837|admin:localhost:40145|client:localhost:44183|dataStream:localhost:36771|priority:0, s1|rpc:localhost:36769|admin:localhost:40151|client:localhost:35673|dataStream:localhost:44419|priority:0, s2|rpc:localhost:42693|admin:localhost:37755|client:localhost:34689|dataStream:localhost:44561|priority:0], old=null RUNNING
  s2:  RUNNING  FOLLOWER s2@group-CD87ED06CC9F:t0, leader=null, voted=, raftlog=s2@group-CD87ED06CC9F-SegmentedRaftLog:OPENED:c-1, conf=-1: [s0|rpc:localhost:46837|admin:localhost:40145|client:localhost:44183|dataStream:localhost:36771|priority:0, s1|rpc:localhost:36769|admin:localhost:40151|client:localhost:35673|dataStream:localhost:44419|priority:0, s2|rpc:localhost:42693|admin:localhost:37755|client:localhost:34689|dataStream:localhost:44561|priority:0], old=null RUNNING
	at org.apache.ratis.server.impl.MiniRaftCluster.newIllegalStateExceptionForNoLeaders(MiniRaftCluster.java:533)
	at org.apache.ratis.RaftTestUtil.lambda$waitForLeader$1(RaftTestUtil.java:104)
	at org.apache.ratis.server.impl.MiniRaftCluster.getLeader(MiniRaftCluster.java:567)
	at org.apache.ratis.server.impl.MiniRaftCluster.getLeader(MiniRaftCluster.java:560)
	at org.apache.ratis.RaftTestUtil.lambda$waitForLeader$3(RaftTestUtil.java:112)
	at org.apache.ratis.util.JavaUtils.attempt(JavaUtils.java:166)
	at org.apache.ratis.util.JavaUtils.attemptRepeatedly(JavaUtils.java:152)
	at org.apache.ratis.RaftTestUtil.waitForLeader(RaftTestUtil.java:111)
	at org.apache.ratis.RaftTestUtil.waitForLeader(RaftTestUtil.java:92)
	at org.apache.ratis.RaftTestUtil.waitForLeader(RaftTestUtil.java:87)
	at org.apache.ratis.datastream.DataStreamAsyncClusterTests.runTestDataStream(DataStreamAsyncClusterTests.java:90)
	at org.apache.ratis.datastream.DataStreamAsyncClusterTests.runTestDataStreamStepDownLeader(DataStreamAsyncClusterTests.java:82)
	at org.apache.ratis.server.impl.MiniRaftCluster$Factory$Get.runWithNewCluster(MiniRaftCluster.java:125)
	at org.apache.ratis.server.impl.MiniRaftCluster$Factory$Get.runWithNewCluster(MiniRaftCluster.java:113)
	at org.apache.ratis.datastream.DataStreamAsyncClusterTests.testMultipleStreamsMultipleServersStepDownLeader(DataStreamAsyncClusterTests.java:78)
	at sun.reflect.NativeMethodAccessorImpl.invoke0(Native Method)
	at sun.reflect.NativeMethodAccessorImpl.invoke(NativeMethodAccessorImpl.java:62)
	at sun.reflect.DelegatingMethodAccessorImpl.invoke(DelegatingMethodAccessorImpl.java:43)
	at java.lang.reflect.Method.invoke(Method.java:498)
	at org.junit.runners.model.FrameworkMethod$1.runReflectiveCall(FrameworkMethod.java:59)
	at org.junit.internal.runners.model.ReflectiveCallable.run(ReflectiveCallable.java:12)
	at org.junit.runners.model.FrameworkMethod.invokeExplosively(FrameworkMethod.java:56)
	at org.junit.internal.runners.statements.InvokeMethod.evaluate(InvokeMethod.java:17)
	at org.junit.internal.runners.statements.RunAfters.evaluate(RunAfters.java:27)
	at org.junit.internal.runners.statements.FailOnTimeout$CallableStatement.call(FailOnTimeout.java:299)
	at org.junit.internal.runners.statements.FailOnTimeout$CallableStatement.call(FailOnTimeout.java:293)
	at java.util.concurrent.FutureTask.run(FutureTask.java:266)
	at java.lang.Thread.run(Thread.java:750)
2022-07-06 17:18:44,595 [Time-limited test] WARN  ratis.RaftTestUtil (JavaUtils.java:attempt(172)) - FAILED "waitForLeader-null-(expectLeader? true)", attempt #2/100: java.lang.IllegalStateException: No leader yet : printing ALL groups
  s0:  RUNNING  FOLLOWER s0@group-CD87ED06CC9F:t0, leader=null, voted=, raftlog=s0@group-CD87ED06CC9F-SegmentedRaftLog:OPENED:c-1, conf=-1: [s0|rpc:localhost:46837|admin:localhost:40145|client:localhost:44183|dataStream:localhost:36771|priority:0, s1|rpc:localhost:36769|admin:localhost:40151|client:localhost:35673|dataStream:localhost:44419|priority:0, s2|rpc:localhost:42693|admin:localhost:37755|client:localhost:34689|dataStream:localhost:44561|priority:0], old=null RUNNING
  s1:  RUNNING  FOLLOWER s1@group-CD87ED06CC9F:t0, leader=null, voted=, raftlog=s1@group-CD87ED06CC9F-SegmentedRaftLog:OPENED:c-1, conf=-1: [s0|rpc:localhost:46837|admin:localhost:40145|client:localhost:44183|dataStream:localhost:36771|priority:0, s1|rpc:localhost:36769|admin:localhost:40151|client:localhost:35673|dataStream:localhost:44419|priority:0, s2|rpc:localhost:42693|admin:localhost:37755|client:localhost:34689|dataStream:localhost:44561|priority:0], old=null RUNNING
  s2:  RUNNING  FOLLOWER s2@group-CD87ED06CC9F:t0, leader=null, voted=, raftlog=s2@group-CD87ED06CC9F-SegmentedRaftLog:OPENED:c-1, conf=-1: [s0|rpc:localhost:46837|admin:localhost:40145|client:localhost:44183|dataStream:localhost:36771|priority:0, s1|rpc:localhost:36769|admin:localhost:40151|client:localhost:35673|dataStream:localhost:44419|priority:0, s2|rpc:localhost:42693|admin:localhost:37755|client:localhost:34689|dataStream:localhost:44561|priority:0], old=null RUNNING, sleep 450ms and then retry.
java.lang.IllegalStateException: No leader yet : printing ALL groups
  s0:  RUNNING  FOLLOWER s0@group-CD87ED06CC9F:t0, leader=null, voted=, raftlog=s0@group-CD87ED06CC9F-SegmentedRaftLog:OPENED:c-1, conf=-1: [s0|rpc:localhost:46837|admin:localhost:40145|client:localhost:44183|dataStream:localhost:36771|priority:0, s1|rpc:localhost:36769|admin:localhost:40151|client:localhost:35673|dataStream:localhost:44419|priority:0, s2|rpc:localhost:42693|admin:localhost:37755|client:localhost:34689|dataStream:localhost:44561|priority:0], old=null RUNNING
  s1:  RUNNING  FOLLOWER s1@group-CD87ED06CC9F:t0, leader=null, voted=, raftlog=s1@group-CD87ED06CC9F-SegmentedRaftLog:OPENED:c-1, conf=-1: [s0|rpc:localhost:46837|admin:localhost:40145|client:localhost:44183|dataStream:localhost:36771|priority:0, s1|rpc:localhost:36769|admin:localhost:40151|client:localhost:35673|dataStream:localhost:44419|priority:0, s2|rpc:localhost:42693|admin:localhost:37755|client:localhost:34689|dataStream:localhost:44561|priority:0], old=null RUNNING
  s2:  RUNNING  FOLLOWER s2@group-CD87ED06CC9F:t0, leader=null, voted=, raftlog=s2@group-CD87ED06CC9F-SegmentedRaftLog:OPENED:c-1, conf=-1: [s0|rpc:localhost:46837|admin:localhost:40145|client:localhost:44183|dataStream:localhost:36771|priority:0, s1|rpc:localhost:36769|admin:localhost:40151|client:localhost:35673|dataStream:localhost:44419|priority:0, s2|rpc:localhost:42693|admin:localhost:37755|client:localhost:34689|dataStream:localhost:44561|priority:0], old=null RUNNING
	at org.apache.ratis.server.impl.MiniRaftCluster.newIllegalStateExceptionForNoLeaders(MiniRaftCluster.java:533)
	at org.apache.ratis.RaftTestUtil.lambda$waitForLeader$1(RaftTestUtil.java:104)
	at org.apache.ratis.server.impl.MiniRaftCluster.getLeader(MiniRaftCluster.java:567)
	at org.apache.ratis.server.impl.MiniRaftCluster.getLeader(MiniRaftCluster.java:560)
	at org.apache.ratis.RaftTestUtil.lambda$waitForLeader$3(RaftTestUtil.java:112)
	at org.apache.ratis.util.JavaUtils.attempt(JavaUtils.java:166)
	at org.apache.ratis.util.JavaUtils.attemptRepeatedly(JavaUtils.java:152)
	at org.apache.ratis.RaftTestUtil.waitForLeader(RaftTestUtil.java:111)
	at org.apache.ratis.RaftTestUtil.waitForLeader(RaftTestUtil.java:92)
	at org.apache.ratis.RaftTestUtil.waitForLeader(RaftTestUtil.java:87)
	at org.apache.ratis.datastream.DataStreamAsyncClusterTests.runTestDataStream(DataStreamAsyncClusterTests.java:90)
	at org.apache.ratis.datastream.DataStreamAsyncClusterTests.runTestDataStreamStepDownLeader(DataStreamAsyncClusterTests.java:82)
	at org.apache.ratis.server.impl.MiniRaftCluster$Factory$Get.runWithNewCluster(MiniRaftCluster.java:125)
	at org.apache.ratis.server.impl.MiniRaftCluster$Factory$Get.runWithNewCluster(MiniRaftCluster.java:113)
	at org.apache.ratis.datastream.DataStreamAsyncClusterTests.testMultipleStreamsMultipleServersStepDownLeader(DataStreamAsyncClusterTests.java:78)
	at sun.reflect.NativeMethodAccessorImpl.invoke0(Native Method)
	at sun.reflect.NativeMethodAccessorImpl.invoke(NativeMethodAccessorImpl.java:62)
	at sun.reflect.DelegatingMethodAccessorImpl.invoke(DelegatingMethodAccessorImpl.java:43)
	at java.lang.reflect.Method.invoke(Method.java:498)
	at org.junit.runners.model.FrameworkMethod$1.runReflectiveCall(FrameworkMethod.java:59)
	at org.junit.internal.runners.model.ReflectiveCallable.run(ReflectiveCallable.java:12)
	at org.junit.runners.model.FrameworkMethod.invokeExplosively(FrameworkMethod.java:56)
	at org.junit.internal.runners.statements.InvokeMethod.evaluate(InvokeMethod.java:17)
	at org.junit.internal.runners.statements.RunAfters.evaluate(RunAfters.java:27)
	at org.junit.internal.runners.statements.FailOnTimeout$CallableStatement.call(FailOnTimeout.java:299)
	at org.junit.internal.runners.statements.FailOnTimeout$CallableStatement.call(FailOnTimeout.java:293)
	at java.util.concurrent.FutureTask.run(FutureTask.java:266)
	at java.lang.Thread.run(Thread.java:750)
2022-07-06 17:18:44,597 [org.apache.ratis.util.JvmPauseMonitor$$Lambda$273/398417010@41afa821] WARN  util.JvmPauseMonitor (JvmPauseMonitor.java:detectPause(124)) - JvmPauseMonitor-s2: Detected pause in JVM or host machine (eg GC): pause of approximately 511180805ns. No GCs detected.
2022-07-06 17:18:44,597 [s0@group-CD87ED06CC9F-FollowerState] INFO  impl.FollowerState (FollowerState.java:run(143)) - s0@group-CD87ED06CC9F-FollowerState: change to CANDIDATE, lastRpcElapsedTime:1118441188ns, electionTimeout:286ms
2022-07-06 17:18:44,597 [s2@group-CD87ED06CC9F-FollowerState] INFO  impl.FollowerState (FollowerState.java:run(143)) - s2@group-CD87ED06CC9F-FollowerState: change to CANDIDATE, lastRpcElapsedTime:1045770667ns, electionTimeout:236ms
2022-07-06 17:18:44,632 [s1@group-CD87ED06CC9F-FollowerState] INFO  impl.FollowerState (FollowerState.java:run(143)) - s1@group-CD87ED06CC9F-FollowerState: change to CANDIDATE, lastRpcElapsedTime:1122941884ns, electionTimeout:193ms
2022-07-06 17:18:44,632 [s1@group-CD87ED06CC9F-FollowerState] INFO  impl.RoleInfo (RoleInfo.java:shutdownFollowerState(110)) - s1: shutdown s1@group-CD87ED06CC9F-FollowerState
2022-07-06 17:18:44,633 [s1@group-CD87ED06CC9F-FollowerState] INFO  server.RaftServer$Division (RaftServerImpl.java:setRole(300)) - s1@group-CD87ED06CC9F: changes role from  FOLLOWER to CANDIDATE at term 0 for changeToCandidate
2022-07-06 17:18:44,633 [s1@group-CD87ED06CC9F-FollowerState] INFO  server.RaftServerConfigKeys (ConfUtils.java:logGet(46)) - raft.server.leaderelection.pre-vote = true (default)
2022-07-06 17:18:44,633 [s1@group-CD87ED06CC9F-FollowerState] INFO  impl.RoleInfo (RoleInfo.java:updateAndGet(139)) - s1: start s1@group-CD87ED06CC9F-LeaderElection3
2022-07-06 17:18:44,639 [s2@group-CD87ED06CC9F-FollowerState] INFO  impl.RoleInfo (RoleInfo.java:shutdownFollowerState(110)) - s2: shutdown s2@group-CD87ED06CC9F-FollowerState
2022-07-06 17:18:44,639 [s2@group-CD87ED06CC9F-FollowerState] INFO  server.RaftServer$Division (RaftServerImpl.java:setRole(300)) - s2@group-CD87ED06CC9F: changes role from  FOLLOWER to CANDIDATE at term 0 for changeToCandidate
2022-07-06 17:18:44,639 [s0@group-CD87ED06CC9F-FollowerState] INFO  impl.RoleInfo (RoleInfo.java:shutdownFollowerState(110)) - s0: shutdown s0@group-CD87ED06CC9F-FollowerState
2022-07-06 17:18:44,639 [s0@group-CD87ED06CC9F-FollowerState] INFO  server.RaftServer$Division (RaftServerImpl.java:setRole(300)) - s0@group-CD87ED06CC9F: changes role from  FOLLOWER to CANDIDATE at term 0 for changeToCandidate
2022-07-06 17:18:44,648 [s0@group-CD87ED06CC9F-FollowerState] INFO  server.RaftServerConfigKeys (ConfUtils.java:logGet(46)) - raft.server.leaderelection.pre-vote = true (default)
2022-07-06 17:18:44,648 [s0@group-CD87ED06CC9F-FollowerState] INFO  impl.RoleInfo (RoleInfo.java:updateAndGet(139)) - s0: start s0@group-CD87ED06CC9F-LeaderElection5
2022-07-06 17:18:44,650 [s2@group-CD87ED06CC9F-FollowerState] INFO  server.RaftServerConfigKeys (ConfUtils.java:logGet(46)) - raft.server.leaderelection.pre-vote = true (default)
2022-07-06 17:18:44,650 [s2@group-CD87ED06CC9F-FollowerState] INFO  impl.RoleInfo (RoleInfo.java:updateAndGet(139)) - s2: start s2@group-CD87ED06CC9F-LeaderElection4
2022-07-06 17:18:44,652 [s0@group-CD87ED06CC9F-LeaderElection5] INFO  impl.LeaderElection (LeaderElection.java:askForVotes(310)) - s0@group-CD87ED06CC9F-LeaderElection5 PRE_VOTE round 0: submit vote requests at term 0 for -1: [s0|rpc:localhost:46837|admin:localhost:40145|client:localhost:44183|dataStream:localhost:36771|priority:0, s1|rpc:localhost:36769|admin:localhost:40151|client:localhost:35673|dataStream:localhost:44419|priority:0, s2|rpc:localhost:42693|admin:localhost:37755|client:localhost:34689|dataStream:localhost:44561|priority:0], old=null
2022-07-06 17:18:44,652 [s2@group-CD87ED06CC9F-LeaderElection4] INFO  impl.LeaderElection (LeaderElection.java:askForVotes(310)) - s2@group-CD87ED06CC9F-LeaderElection4 PRE_VOTE round 0: submit vote requests at term 0 for -1: [s0|rpc:localhost:46837|admin:localhost:40145|client:localhost:44183|dataStream:localhost:36771|priority:0, s1|rpc:localhost:36769|admin:localhost:40151|client:localhost:35673|dataStream:localhost:44419|priority:0, s2|rpc:localhost:42693|admin:localhost:37755|client:localhost:34689|dataStream:localhost:44561|priority:0], old=null
2022-07-06 17:18:44,659 [s1@group-CD87ED06CC9F-LeaderElection3] INFO  impl.LeaderElection (LeaderElection.java:askForVotes(310)) - s1@group-CD87ED06CC9F-LeaderElection3 PRE_VOTE round 0: submit vote requests at term 0 for -1: [s0|rpc:localhost:46837|admin:localhost:40145|client:localhost:44183|dataStream:localhost:36771|priority:0, s1|rpc:localhost:36769|admin:localhost:40151|client:localhost:35673|dataStream:localhost:44419|priority:0, s2|rpc:localhost:42693|admin:localhost:37755|client:localhost:34689|dataStream:localhost:44561|priority:0], old=null
2022-07-06 17:18:44,675 [grpc-default-executor-0] INFO  server.RaftServer$Division (RaftServerImpl.java:requestVote(1173)) - s1@group-CD87ED06CC9F: receive requestVote(PRE_VOTE, s0, group-CD87ED06CC9F, 0, (t:0, i:0))
2022-07-06 17:18:44,675 [grpc-default-executor-1] INFO  server.RaftServer$Division (RaftServerImpl.java:requestVote(1173)) - s2@group-CD87ED06CC9F: receive requestVote(PRE_VOTE, s0, group-CD87ED06CC9F, 0, (t:0, i:0))
2022-07-06 17:18:44,679 [grpc-default-executor-1] INFO  impl.VoteContext (VoteContext.java:log(48)) - s2@group-CD87ED06CC9F-CANDIDATE: accept PRE_VOTE from s0: our priority 0 <= candidate's priority 0
2022-07-06 17:18:44,679 [grpc-default-executor-1] INFO  server.RaftServer$Division (RaftServerImpl.java:requestVote(1205)) - s2@group-CD87ED06CC9F replies to PRE_VOTE vote request: s0<-s2#0:OK-t0. Peer's state: s2@group-CD87ED06CC9F:t0, leader=null, voted=, raftlog=s2@group-CD87ED06CC9F-SegmentedRaftLog:OPENED:c-1, conf=-1: [s0|rpc:localhost:46837|admin:localhost:40145|client:localhost:44183|dataStream:localhost:36771|priority:0, s1|rpc:localhost:36769|admin:localhost:40151|client:localhost:35673|dataStream:localhost:44419|priority:0, s2|rpc:localhost:42693|admin:localhost:37755|client:localhost:34689|dataStream:localhost:44561|priority:0], old=null
2022-07-06 17:18:44,676 [grpc-default-executor-0] INFO  impl.VoteContext (VoteContext.java:log(48)) - s1@group-CD87ED06CC9F-CANDIDATE: accept PRE_VOTE from s0: our priority 0 <= candidate's priority 0
2022-07-06 17:18:44,679 [grpc-default-executor-0] INFO  server.RaftServer$Division (RaftServerImpl.java:requestVote(1205)) - s1@group-CD87ED06CC9F replies to PRE_VOTE vote request: s0<-s1#0:OK-t0. Peer's state: s1@group-CD87ED06CC9F:t0, leader=null, voted=, raftlog=s1@group-CD87ED06CC9F-SegmentedRaftLog:OPENED:c-1, conf=-1: [s0|rpc:localhost:46837|admin:localhost:40145|client:localhost:44183|dataStream:localhost:36771|priority:0, s1|rpc:localhost:36769|admin:localhost:40151|client:localhost:35673|dataStream:localhost:44419|priority:0, s2|rpc:localhost:42693|admin:localhost:37755|client:localhost:34689|dataStream:localhost:44561|priority:0], old=null
2022-07-06 17:18:44,688 [grpc-default-executor-1] INFO  server.RaftServer$Division (RaftServerImpl.java:requestVote(1173)) - s2@group-CD87ED06CC9F: receive requestVote(PRE_VOTE, s1, group-CD87ED06CC9F, 0, (t:0, i:0))
2022-07-06 17:18:44,689 [grpc-default-executor-1] INFO  impl.VoteContext (VoteContext.java:log(48)) - s2@group-CD87ED06CC9F-CANDIDATE: accept PRE_VOTE from s1: our priority 0 <= candidate's priority 0
2022-07-06 17:18:44,690 [grpc-default-executor-1] INFO  server.RaftServer$Division (RaftServerImpl.java:requestVote(1205)) - s2@group-CD87ED06CC9F replies to PRE_VOTE vote request: s1<-s2#0:OK-t0. Peer's state: s2@group-CD87ED06CC9F:t0, leader=null, voted=, raftlog=s2@group-CD87ED06CC9F-SegmentedRaftLog:OPENED:c-1, conf=-1: [s0|rpc:localhost:46837|admin:localhost:40145|client:localhost:44183|dataStream:localhost:36771|priority:0, s1|rpc:localhost:36769|admin:localhost:40151|client:localhost:35673|dataStream:localhost:44419|priority:0, s2|rpc:localhost:42693|admin:localhost:37755|client:localhost:34689|dataStream:localhost:44561|priority:0], old=null
2022-07-06 17:18:44,691 [s1@group-CD87ED06CC9F-LeaderElection3] INFO  impl.LeaderElection (LeaderElection.java:logAndReturn(90)) - s1@group-CD87ED06CC9F-LeaderElection3: PRE_VOTE PASSED received 1 response(s) and 0 exception(s):
2022-07-06 17:18:44,698 [s1@group-CD87ED06CC9F-LeaderElection3] INFO  impl.LeaderElection (LeaderElection.java:logAndReturn(94)) -   Response 0: s1<-s2#0:OK-t0
2022-07-06 17:18:44,698 [s1@group-CD87ED06CC9F-LeaderElection3] INFO  impl.LeaderElection (LeaderElection.java:askForVotes(312)) - s1@group-CD87ED06CC9F-LeaderElection3 PRE_VOTE round 0: result PASSED
2022-07-06 17:18:44,691 [s0@group-CD87ED06CC9F-LeaderElection5] INFO  impl.LeaderElection (LeaderElection.java:logAndReturn(90)) - s0@group-CD87ED06CC9F-LeaderElection5: PRE_VOTE PASSED received 1 response(s) and 0 exception(s):
2022-07-06 17:18:44,700 [s0@group-CD87ED06CC9F-LeaderElection5] INFO  impl.LeaderElection (LeaderElection.java:logAndReturn(94)) -   Response 0: s0<-s2#0:OK-t0
2022-07-06 17:18:44,700 [s0@group-CD87ED06CC9F-LeaderElection5] INFO  impl.LeaderElection (LeaderElection.java:askForVotes(312)) - s0@group-CD87ED06CC9F-LeaderElection5 PRE_VOTE round 0: result PASSED
2022-07-06 17:18:44,702 [s1@group-CD87ED06CC9F-LeaderElection3] INFO  impl.LeaderElection (LeaderElection.java:askForVotes(310)) - s1@group-CD87ED06CC9F-LeaderElection3 ELECTION round 0: submit vote requests at term 1 for -1: [s0|rpc:localhost:46837|admin:localhost:40145|client:localhost:44183|dataStream:localhost:36771|priority:0, s1|rpc:localhost:36769|admin:localhost:40151|client:localhost:35673|dataStream:localhost:44419|priority:0, s2|rpc:localhost:42693|admin:localhost:37755|client:localhost:34689|dataStream:localhost:44561|priority:0], old=null
2022-07-06 17:18:44,704 [s0@group-CD87ED06CC9F-LeaderElection5] INFO  impl.LeaderElection (LeaderElection.java:askForVotes(310)) - s0@group-CD87ED06CC9F-LeaderElection5 ELECTION round 0: submit vote requests at term 1 for -1: [s0|rpc:localhost:46837|admin:localhost:40145|client:localhost:44183|dataStream:localhost:36771|priority:0, s1|rpc:localhost:36769|admin:localhost:40151|client:localhost:35673|dataStream:localhost:44419|priority:0, s2|rpc:localhost:42693|admin:localhost:37755|client:localhost:34689|dataStream:localhost:44561|priority:0], old=null
2022-07-06 17:18:44,704 [grpc-default-executor-3] INFO  server.RaftServer$Division (RaftServerImpl.java:requestVote(1173)) - s1@group-CD87ED06CC9F: receive requestVote(PRE_VOTE, s2, group-CD87ED06CC9F, 0, (t:0, i:0))
2022-07-06 17:18:44,716 [grpc-default-executor-1] INFO  server.RaftServer$Division (RaftServerImpl.java:requestVote(1173)) - s1@group-CD87ED06CC9F: receive requestVote(ELECTION, s0, group-CD87ED06CC9F, 1, (t:0, i:0))
2022-07-06 17:18:44,716 [grpc-default-executor-3] INFO  impl.VoteContext (VoteContext.java:log(48)) - s1@group-CD87ED06CC9F-CANDIDATE: accept PRE_VOTE from s2: our priority 0 <= candidate's priority 0
2022-07-06 17:18:44,717 [grpc-default-executor-3] INFO  server.RaftServer$Division (RaftServerImpl.java:requestVote(1205)) - s1@group-CD87ED06CC9F replies to PRE_VOTE vote request: s2<-s1#0:OK-t1. Peer's state: s1@group-CD87ED06CC9F:t1, leader=null, voted=s1, raftlog=s1@group-CD87ED06CC9F-SegmentedRaftLog:OPENED:c-1, conf=-1: [s0|rpc:localhost:46837|admin:localhost:40145|client:localhost:44183|dataStream:localhost:36771|priority:0, s1|rpc:localhost:36769|admin:localhost:40151|client:localhost:35673|dataStream:localhost:44419|priority:0, s2|rpc:localhost:42693|admin:localhost:37755|client:localhost:34689|dataStream:localhost:44561|priority:0], old=null
2022-07-06 17:18:44,717 [grpc-default-executor-1] INFO  impl.VoteContext (VoteContext.java:log(48)) - s1@group-CD87ED06CC9F-CANDIDATE: reject ELECTION from s0: already has voted for s1 at current term 1
2022-07-06 17:18:44,717 [grpc-default-executor-1] INFO  server.RaftServer$Division (RaftServerImpl.java:requestVote(1205)) - s1@group-CD87ED06CC9F replies to ELECTION vote request: s0<-s1#0:FAIL-t1. Peer's state: s1@group-CD87ED06CC9F:t1, leader=null, voted=s1, raftlog=s1@group-CD87ED06CC9F-SegmentedRaftLog:OPENED:c-1, conf=-1: [s0|rpc:localhost:46837|admin:localhost:40145|client:localhost:44183|dataStream:localhost:36771|priority:0, s1|rpc:localhost:36769|admin:localhost:40151|client:localhost:35673|dataStream:localhost:44419|priority:0, s2|rpc:localhost:42693|admin:localhost:37755|client:localhost:34689|dataStream:localhost:44561|priority:0], old=null
2022-07-06 17:18:44,710 [grpc-default-executor-5] INFO  server.RaftServer$Division (RaftServerImpl.java:requestVote(1173)) - s0@group-CD87ED06CC9F: receive requestVote(PRE_VOTE, s1, group-CD87ED06CC9F, 0, (t:0, i:0))
2022-07-06 17:18:44,719 [grpc-default-executor-5] INFO  impl.VoteContext (VoteContext.java:log(48)) - s0@group-CD87ED06CC9F-CANDIDATE: accept PRE_VOTE from s1: our priority 0 <= candidate's priority 0
2022-07-06 17:18:44,720 [grpc-default-executor-4] INFO  server.RaftServer$Division (RaftServerImpl.java:requestVote(1173)) - s0@group-CD87ED06CC9F: receive requestVote(ELECTION, s1, group-CD87ED06CC9F, 1, (t:0, i:0))
2022-07-06 17:18:44,729 [grpc-default-executor-5] INFO  server.RaftServer$Division (RaftServerImpl.java:requestVote(1205)) - s0@group-CD87ED06CC9F replies to PRE_VOTE vote request: s1<-s0#0:OK-t1. Peer's state: s0@group-CD87ED06CC9F:t1, leader=null, voted=s0, raftlog=s0@group-CD87ED06CC9F-SegmentedRaftLog:OPENED:c-1, conf=-1: [s0|rpc:localhost:46837|admin:localhost:40145|client:localhost:44183|dataStream:localhost:36771|priority:0, s1|rpc:localhost:36769|admin:localhost:40151|client:localhost:35673|dataStream:localhost:44419|priority:0, s2|rpc:localhost:42693|admin:localhost:37755|client:localhost:34689|dataStream:localhost:44561|priority:0], old=null
2022-07-06 17:18:44,730 [grpc-default-executor-4] INFO  impl.VoteContext (VoteContext.java:log(48)) - s0@group-CD87ED06CC9F-CANDIDATE: reject ELECTION from s1: already has voted for s0 at current term 1
2022-07-06 17:18:44,730 [grpc-default-executor-4] INFO  server.RaftServer$Division (RaftServerImpl.java:requestVote(1205)) - s0@group-CD87ED06CC9F replies to ELECTION vote request: s1<-s0#0:FAIL-t1. Peer's state: s0@group-CD87ED06CC9F:t1, leader=null, voted=s0, raftlog=s0@group-CD87ED06CC9F-SegmentedRaftLog:OPENED:c-1, conf=-1: [s0|rpc:localhost:46837|admin:localhost:40145|client:localhost:44183|dataStream:localhost:36771|priority:0, s1|rpc:localhost:36769|admin:localhost:40151|client:localhost:35673|dataStream:localhost:44419|priority:0, s2|rpc:localhost:42693|admin:localhost:37755|client:localhost:34689|dataStream:localhost:44561|priority:0], old=null
2022-07-06 17:18:44,729 [s2@group-CD87ED06CC9F-LeaderElection4] INFO  impl.LeaderElection (LeaderElection.java:logAndReturn(90)) - s2@group-CD87ED06CC9F-LeaderElection4: PRE_VOTE DISCOVERED_A_NEW_TERM (term=1) received 1 response(s) and 0 exception(s):
2022-07-06 17:18:44,740 [grpc-default-executor-1] INFO  server.RaftServer$Division (RaftServerImpl.java:requestVote(1173)) - s2@group-CD87ED06CC9F: receive requestVote(ELECTION, s0, group-CD87ED06CC9F, 1, (t:0, i:0))
2022-07-06 17:18:44,740 [grpc-default-executor-1] INFO  impl.VoteContext (VoteContext.java:log(48)) - s2@group-CD87ED06CC9F-CANDIDATE: accept ELECTION from s0: our priority 0 <= candidate's priority 0
2022-07-06 17:18:44,739 [grpc-default-executor-3] INFO  server.RaftServer$Division (RaftServerImpl.java:requestVote(1173)) - s2@group-CD87ED06CC9F: receive requestVote(ELECTION, s1, group-CD87ED06CC9F, 1, (t:0, i:0))
2022-07-06 17:18:44,741 [grpc-default-executor-1] INFO  server.RaftServer$Division (RaftServerImpl.java:setRole(300)) - s2@group-CD87ED06CC9F: changes role from CANDIDATE to FOLLOWER at term 1 for candidate:s0
2022-07-06 17:18:44,740 [grpc-default-executor-5] INFO  server.RaftServer$Division (RaftServerImpl.java:requestVote(1173)) - s0@group-CD87ED06CC9F: receive requestVote(PRE_VOTE, s2, group-CD87ED06CC9F, 0, (t:0, i:0))
2022-07-06 17:18:44,741 [grpc-default-executor-5] INFO  impl.VoteContext (VoteContext.java:log(48)) - s0@group-CD87ED06CC9F-CANDIDATE: accept PRE_VOTE from s2: our priority 0 <= candidate's priority 0
2022-07-06 17:18:44,741 [grpc-default-executor-5] INFO  server.RaftServer$Division (RaftServerImpl.java:requestVote(1205)) - s0@group-CD87ED06CC9F replies to PRE_VOTE vote request: s2<-s0#0:OK-t1. Peer's state: s0@group-CD87ED06CC9F:t1, leader=null, voted=s0, raftlog=s0@group-CD87ED06CC9F-SegmentedRaftLog:OPENED:c-1, conf=-1: [s0|rpc:localhost:46837|admin:localhost:40145|client:localhost:44183|dataStream:localhost:36771|priority:0, s1|rpc:localhost:36769|admin:localhost:40151|client:localhost:35673|dataStream:localhost:44419|priority:0, s2|rpc:localhost:42693|admin:localhost:37755|client:localhost:34689|dataStream:localhost:44561|priority:0], old=null
2022-07-06 17:18:44,740 [s2@group-CD87ED06CC9F-LeaderElection4] INFO  impl.LeaderElection (LeaderElection.java:logAndReturn(94)) -   Response 0: s2<-s1#0:OK-t1
2022-07-06 17:18:44,741 [s2@group-CD87ED06CC9F-LeaderElection4] INFO  impl.LeaderElection (LeaderElection.java:askForVotes(312)) - s2@group-CD87ED06CC9F-LeaderElection4 PRE_VOTE round 0: result DISCOVERED_A_NEW_TERM (term=1)
2022-07-06 17:18:44,741 [grpc-default-executor-1] INFO  impl.RoleInfo (RoleInfo.java:shutdownLeaderElection(130)) - s2: shutdown s2@group-CD87ED06CC9F-LeaderElection4
2022-07-06 17:18:44,742 [grpc-default-executor-1] INFO  impl.RoleInfo (RoleInfo.java:updateAndGet(139)) - s2: start s2@group-CD87ED06CC9F-FollowerState
2022-07-06 17:18:44,756 [grpc-default-executor-1] INFO  server.RaftServer$Division (RaftServerImpl.java:requestVote(1205)) - s2@group-CD87ED06CC9F replies to ELECTION vote request: s0<-s2#0:OK-t1. Peer's state: s2@group-CD87ED06CC9F:t1, leader=null, voted=s0, raftlog=s2@group-CD87ED06CC9F-SegmentedRaftLog:OPENED:c-1, conf=-1: [s0|rpc:localhost:46837|admin:localhost:40145|client:localhost:44183|dataStream:localhost:36771|priority:0, s1|rpc:localhost:36769|admin:localhost:40151|client:localhost:35673|dataStream:localhost:44419|priority:0, s2|rpc:localhost:42693|admin:localhost:37755|client:localhost:34689|dataStream:localhost:44561|priority:0], old=null
2022-07-06 17:18:44,757 [grpc-default-executor-3] INFO  impl.VoteContext (VoteContext.java:log(48)) - s2@group-CD87ED06CC9F-FOLLOWER: reject ELECTION from s1: already has voted for s0 at current term 1
2022-07-06 17:18:44,757 [grpc-default-executor-3] INFO  server.RaftServer$Division (RaftServerImpl.java:requestVote(1205)) - s2@group-CD87ED06CC9F replies to ELECTION vote request: s1<-s2#0:FAIL-t1. Peer's state: s2@group-CD87ED06CC9F:t1, leader=null, voted=s0, raftlog=s2@group-CD87ED06CC9F-SegmentedRaftLog:OPENED:c-1, conf=-1: [s0|rpc:localhost:46837|admin:localhost:40145|client:localhost:44183|dataStream:localhost:36771|priority:0, s1|rpc:localhost:36769|admin:localhost:40151|client:localhost:35673|dataStream:localhost:44419|priority:0, s2|rpc:localhost:42693|admin:localhost:37755|client:localhost:34689|dataStream:localhost:44561|priority:0], old=null
2022-07-06 17:18:44,758 [s0@group-CD87ED06CC9F-LeaderElection5] INFO  impl.LeaderElection (LeaderElection.java:logAndReturn(90)) - s0@group-CD87ED06CC9F-LeaderElection5: ELECTION PASSED received 2 response(s) and 0 exception(s):
2022-07-06 17:18:44,758 [s1@group-CD87ED06CC9F-LeaderElection3] INFO  impl.LeaderElection (LeaderElection.java:logAndReturn(90)) - s1@group-CD87ED06CC9F-LeaderElection3: ELECTION REJECTED received 2 response(s) and 0 exception(s):
2022-07-06 17:18:44,759 [s0@group-CD87ED06CC9F-LeaderElection5] INFO  impl.LeaderElection (LeaderElection.java:logAndReturn(94)) -   Response 0: s0<-s1#0:FAIL-t1
2022-07-06 17:18:44,760 [s1@group-CD87ED06CC9F-LeaderElection3] INFO  impl.LeaderElection (LeaderElection.java:logAndReturn(94)) -   Response 0: s1<-s0#0:FAIL-t1
2022-07-06 17:18:44,760 [s0@group-CD87ED06CC9F-LeaderElection5] INFO  impl.LeaderElection (LeaderElection.java:logAndReturn(94)) -   Response 1: s0<-s2#0:OK-t1
2022-07-06 17:18:44,760 [s1@group-CD87ED06CC9F-LeaderElection3] INFO  impl.LeaderElection (LeaderElection.java:logAndReturn(94)) -   Response 1: s1<-s2#0:FAIL-t1
2022-07-06 17:18:44,760 [s0@group-CD87ED06CC9F-LeaderElection5] INFO  impl.LeaderElection (LeaderElection.java:askForVotes(312)) - s0@group-CD87ED06CC9F-LeaderElection5 ELECTION round 0: result PASSED
2022-07-06 17:18:44,760 [s0@group-CD87ED06CC9F-LeaderElection5] INFO  impl.RoleInfo (RoleInfo.java:shutdownLeaderElection(130)) - s0: shutdown s0@group-CD87ED06CC9F-LeaderElection5
2022-07-06 17:18:44,760 [s1@group-CD87ED06CC9F-LeaderElection3] INFO  impl.LeaderElection (LeaderElection.java:askForVotes(312)) - s1@group-CD87ED06CC9F-LeaderElection3 ELECTION round 0: result REJECTED
2022-07-06 17:18:44,760 [s0@group-CD87ED06CC9F-LeaderElection5] INFO  server.RaftServer$Division (RaftServerImpl.java:setRole(300)) - s0@group-CD87ED06CC9F: changes role from CANDIDATE to LEADER at term 1 for changeToLeader
2022-07-06 17:18:44,760 [s1@group-CD87ED06CC9F-LeaderElection3] INFO  server.RaftServer$Division (RaftServerImpl.java:setRole(300)) - s1@group-CD87ED06CC9F: changes role from CANDIDATE to FOLLOWER at term 1 for REJECTED
2022-07-06 17:18:44,760 [s1@group-CD87ED06CC9F-LeaderElection3] INFO  impl.RoleInfo (RoleInfo.java:shutdownLeaderElection(130)) - s1: shutdown s1@group-CD87ED06CC9F-LeaderElection3
2022-07-06 17:18:44,760 [s0@group-CD87ED06CC9F-LeaderElection5] INFO  server.RaftServer$Division (ServerState.java:setLeader(291)) - s0@group-CD87ED06CC9F: change Leader from null to s0 at term 1 for becomeLeader, leader elected after 1317ms
2022-07-06 17:18:44,760 [s1@group-CD87ED06CC9F-LeaderElection3] INFO  impl.RoleInfo (RoleInfo.java:updateAndGet(139)) - s1: start s1@group-CD87ED06CC9F-FollowerState
2022-07-06 17:18:44,761 [s0@group-CD87ED06CC9F-LeaderElection5] INFO  server.RaftServerConfigKeys (ConfUtils.java:logGet(46)) - raft.server.staging.catchup.gap = 1000 (default)
2022-07-06 17:18:44,770 [s0@group-CD87ED06CC9F-LeaderElection5] INFO  server.RaftServerConfigKeys (ConfUtils.java:logGet(46)) - raft.server.write.element-limit = 4096 (default)
2022-07-06 17:18:44,770 [s0@group-CD87ED06CC9F-LeaderElection5] INFO  server.RaftServerConfigKeys (ConfUtils.java:logGet(46)) - raft.server.write.byte-limit = 64MB (=67108864) (default)
2022-07-06 17:18:44,771 [s0@group-CD87ED06CC9F-LeaderElection5] INFO  server.RaftServerConfigKeys (ConfUtils.java:logGet(46)) - raft.server.watch.timeout = 10s (default)
2022-07-06 17:18:44,771 [s0@group-CD87ED06CC9F-LeaderElection5] INFO  server.RaftServerConfigKeys (ConfUtils.java:logGet(46)) - raft.server.watch.timeout.denomination = 1s (default)
2022-07-06 17:18:44,771 [s0@group-CD87ED06CC9F-LeaderElection5] INFO  server.RaftServerConfigKeys (ConfUtils.java:logGet(46)) - raft.server.watch.element-limit = 65536 (default)
2022-07-06 17:18:44,771 [s0@group-CD87ED06CC9F-LeaderElection5] INFO  server.RaftServerConfigKeys (ConfUtils.java:logGet(46)) - raft.server.write.element-limit = 4096 (default)
2022-07-06 17:18:44,771 [s0@group-CD87ED06CC9F-LeaderElection5] INFO  server.RaftServerConfigKeys (ConfUtils.java:logGet(46)) - raft.server.write.follower.gap.ratio.max = -1.0 (default)
2022-07-06 17:18:44,772 [s0@group-CD87ED06CC9F-LeaderElection5] INFO  server.RaftServerConfigKeys (ConfUtils.java:logGet(46)) - raft.server.log.appender.snapshot.chunk.size.max = 16MB (=16777216) (default)
2022-07-06 17:18:44,772 [s0@group-CD87ED06CC9F-LeaderElection5] INFO  server.RaftServerConfigKeys (ConfUtils.java:logGet(46)) - raft.server.log.appender.buffer.byte-limit = 4MB (=4194304) (default)
2022-07-06 17:18:44,772 [s0@group-CD87ED06CC9F-LeaderElection5] INFO  server.RaftServerConfigKeys (ConfUtils.java:logGet(46)) - raft.server.log.appender.buffer.element-limit = 0 (default)
2022-07-06 17:18:44,772 [s0@group-CD87ED06CC9F-LeaderElection5] INFO  grpc.GrpcConfigKeys (ConfUtils.java:logGet(46)) - raft.grpc.server.leader.outstanding.appends.max = 128 (default)
2022-07-06 17:18:44,772 [s0@group-CD87ED06CC9F-LeaderElection5] INFO  server.RaftServerConfigKeys (ConfUtils.java:logGet(46)) - raft.server.rpc.request.timeout = 3000ms (default)
2022-07-06 17:18:44,772 [s0@group-CD87ED06CC9F-LeaderElection5] INFO  server.RaftServerConfigKeys (ConfUtils.java:logGet(46)) - raft.server.log.appender.install.snapshot.enabled = true (default)
2022-07-06 17:18:44,773 [s0@group-CD87ED06CC9F-LeaderElection5] INFO  server.RaftServerConfigKeys (ConfUtils.java:logGet(46)) - raft.server.log.appender.snapshot.chunk.size.max = 16MB (=16777216) (default)
2022-07-06 17:18:44,773 [s0@group-CD87ED06CC9F-LeaderElection5] INFO  server.RaftServerConfigKeys (ConfUtils.java:logGet(46)) - raft.server.log.appender.buffer.byte-limit = 4MB (=4194304) (default)
2022-07-06 17:18:44,773 [s0@group-CD87ED06CC9F-LeaderElection5] INFO  server.RaftServerConfigKeys (ConfUtils.java:logGet(46)) - raft.server.log.appender.buffer.element-limit = 0 (default)
2022-07-06 17:18:44,773 [s0@group-CD87ED06CC9F-LeaderElection5] INFO  grpc.GrpcConfigKeys (ConfUtils.java:logGet(46)) - raft.grpc.server.leader.outstanding.appends.max = 128 (default)
2022-07-06 17:18:44,773 [s0@group-CD87ED06CC9F-LeaderElection5] INFO  server.RaftServerConfigKeys (ConfUtils.java:logGet(46)) - raft.server.rpc.request.timeout = 3000ms (default)
2022-07-06 17:18:44,773 [s0@group-CD87ED06CC9F-LeaderElection5] INFO  server.RaftServerConfigKeys (ConfUtils.java:logGet(46)) - raft.server.log.appender.install.snapshot.enabled = true (default)
2022-07-06 17:18:44,773 [s0@group-CD87ED06CC9F-LeaderElection5] INFO  impl.RoleInfo (RoleInfo.java:updateAndGet(139)) - s0: start s0@group-CD87ED06CC9F-LeaderStateImpl
2022-07-06 17:18:44,774 [s0@group-CD87ED06CC9F-LeaderElection5] INFO  segmented.SegmentedRaftLogWorker (SegmentedRaftLogWorker.java:startLogSegment(425)) - s0@group-CD87ED06CC9F-SegmentedRaftLogWorker: Starting segment from index:0
2022-07-06 17:18:44,784 [s0@group-CD87ED06CC9F-LeaderElection5] INFO  server.RaftServer$Division (ServerState.java:setRaftConf(397)) - s0@group-CD87ED06CC9F: set configuration 0: [s0|rpc:localhost:46837|admin:localhost:40145|client:localhost:44183|dataStream:localhost:36771|priority:0, s1|rpc:localhost:36769|admin:localhost:40151|client:localhost:35673|dataStream:localhost:44419|priority:0, s2|rpc:localhost:42693|admin:localhost:37755|client:localhost:34689|dataStream:localhost:44561|priority:0], old=null
2022-07-06 17:18:44,791 [s0@group-CD87ED06CC9F-SegmentedRaftLogWorker] INFO  segmented.SegmentedRaftLogWorker (SegmentedRaftLogWorker.java:execute(629)) - s0@group-CD87ED06CC9F-SegmentedRaftLogWorker: created new log segment /home/runner/work/ratis/ratis/ratis-test/target/test/data/f67faa4/MiniRaftClusterWithRpcTypeGrpcAndDataStreamTypeNetty2681f6d6/s0/802761fa-1bbd-4ac8-a343-cd87ed06cc9f/current/log_inprogress_0
2022-07-06 17:18:44,798 [s1-server-thread1] INFO  server.RaftServer$Division (ServerState.java:setLeader(291)) - s1@group-CD87ED06CC9F: change Leader from null to s0 at term 1 for appendEntries, leader elected after 1327ms
2022-07-06 17:18:44,799 [s2-server-thread1] INFO  server.RaftServer$Division (ServerState.java:setLeader(291)) - s2@group-CD87ED06CC9F: change Leader from null to s0 at term 1 for appendEntries, leader elected after 1286ms
2022-07-06 17:18:44,807 [s1-server-thread1] INFO  server.RaftServer$Division (ServerState.java:setRaftConf(397)) - s1@group-CD87ED06CC9F: set configuration 0: [s0|rpc:localhost:46837|admin:localhost:40145|client:localhost:44183|dataStream:localhost:36771|priority:0, s1|rpc:localhost:36769|admin:localhost:40151|client:localhost:35673|dataStream:localhost:44419|priority:0, s2|rpc:localhost:42693|admin:localhost:37755|client:localhost:34689|dataStream:localhost:44561|priority:0], old=null
2022-07-06 17:18:44,807 [s1-server-thread1] INFO  segmented.SegmentedRaftLogWorker (SegmentedRaftLogWorker.java:startLogSegment(425)) - s1@group-CD87ED06CC9F-SegmentedRaftLogWorker: Starting segment from index:0
2022-07-06 17:18:44,818 [s2-server-thread1] INFO  server.RaftServer$Division (ServerState.java:setRaftConf(397)) - s2@group-CD87ED06CC9F: set configuration 0: [s0|rpc:localhost:46837|admin:localhost:40145|client:localhost:44183|dataStream:localhost:36771|priority:0, s1|rpc:localhost:36769|admin:localhost:40151|client:localhost:35673|dataStream:localhost:44419|priority:0, s2|rpc:localhost:42693|admin:localhost:37755|client:localhost:34689|dataStream:localhost:44561|priority:0], old=null
2022-07-06 17:18:44,819 [s2-server-thread1] INFO  segmented.SegmentedRaftLogWorker (SegmentedRaftLogWorker.java:startLogSegment(425)) - s2@group-CD87ED06CC9F-SegmentedRaftLogWorker: Starting segment from index:0
2022-07-06 17:18:44,821 [s1@group-CD87ED06CC9F-SegmentedRaftLogWorker] INFO  segmented.SegmentedRaftLogWorker (SegmentedRaftLogWorker.java:execute(629)) - s1@group-CD87ED06CC9F-SegmentedRaftLogWorker: created new log segment /home/runner/work/ratis/ratis/ratis-test/target/test/data/f67faa4/MiniRaftClusterWithRpcTypeGrpcAndDataStreamTypeNetty2681f6d6/s1/802761fa-1bbd-4ac8-a343-cd87ed06cc9f/current/log_inprogress_0
2022-07-06 17:18:44,832 [s2@group-CD87ED06CC9F-SegmentedRaftLogWorker] INFO  segmented.SegmentedRaftLogWorker (SegmentedRaftLogWorker.java:execute(629)) - s2@group-CD87ED06CC9F-SegmentedRaftLogWorker: created new log segment /home/runner/work/ratis/ratis/ratis-test/target/test/data/f67faa4/MiniRaftClusterWithRpcTypeGrpcAndDataStreamTypeNetty2681f6d6/s2/802761fa-1bbd-4ac8-a343-cd87ed06cc9f/current/log_inprogress_0
2022-07-06 17:18:45,057 [Time-limited test] INFO  ratis.RaftTestUtil (RaftTestUtil.java:waitForLeader(119)) - printing ALL groups
  s0:  RUNNING    LEADER s0@group-CD87ED06CC9F:t1, leader=s0, voted=s0, raftlog=s0@group-CD87ED06CC9F-SegmentedRaftLog:OPENED:c0, conf=0: [s0|rpc:localhost:46837|admin:localhost:40145|client:localhost:44183|dataStream:localhost:36771|priority:0, s1|rpc:localhost:36769|admin:localhost:40151|client:localhost:35673|dataStream:localhost:44419|priority:0, s2|rpc:localhost:42693|admin:localhost:37755|client:localhost:34689|dataStream:localhost:44561|priority:0], old=null RUNNING
  s1:  RUNNING  FOLLOWER s1@group-CD87ED06CC9F:t1, leader=s0, voted=s1, raftlog=s1@group-CD87ED06CC9F-SegmentedRaftLog:OPENED:c0, conf=0: [s0|rpc:localhost:46837|admin:localhost:40145|client:localhost:44183|dataStream:localhost:36771|priority:0, s1|rpc:localhost:36769|admin:localhost:40151|client:localhost:35673|dataStream:localhost:44419|priority:0, s2|rpc:localhost:42693|admin:localhost:37755|client:localhost:34689|dataStream:localhost:44561|priority:0], old=null RUNNING
  s2:  RUNNING  FOLLOWER s2@group-CD87ED06CC9F:t1, leader=s0, voted=s0, raftlog=s2@group-CD87ED06CC9F-SegmentedRaftLog:OPENED:c0, conf=0: [s0|rpc:localhost:46837|admin:localhost:40145|client:localhost:44183|dataStream:localhost:36771|priority:0, s1|rpc:localhost:36769|admin:localhost:40151|client:localhost:35673|dataStream:localhost:44419|priority:0, s2|rpc:localhost:42693|admin:localhost:37755|client:localhost:34689|dataStream:localhost:44561|priority:0], old=null RUNNING
2022-07-06 17:18:45,066 [pool-9-thread-6] INFO  client.DataStreamClient (ConfUtils.java:logGet(46)) - raft.datastream.type = NETTY (custom)
2022-07-06 17:18:45,067 [pool-9-thread-6] INFO  netty.NettyConfigKeys$DataStream (ConfUtils.java:logGet(46)) - raft.netty.dataStream.client.tls.conf = null (default)
2022-07-06 17:18:45,067 [pool-9-thread-6] INFO  netty.NettyConfigKeys$DataStream (ConfUtils.java:logGet(46)) - raft.netty.dataStream.client.reply.queue.grace-period = 1s (default)
2022-07-06 17:18:45,067 [pool-9-thread-8] INFO  client.DataStreamClient (ConfUtils.java:logGet(46)) - raft.datastream.type = NETTY (custom)
2022-07-06 17:18:45,071 [pool-9-thread-8] INFO  netty.NettyConfigKeys$DataStream (ConfUtils.java:logGet(46)) - raft.netty.dataStream.client.tls.conf = null (default)
2022-07-06 17:18:45,067 [pool-9-thread-7] INFO  client.DataStreamClient (ConfUtils.java:logGet(46)) - raft.datastream.type = NETTY (custom)
2022-07-06 17:18:45,071 [pool-9-thread-7] INFO  netty.NettyConfigKeys$DataStream (ConfUtils.java:logGet(46)) - raft.netty.dataStream.client.tls.conf = null (default)
2022-07-06 17:18:45,071 [pool-9-thread-7] INFO  netty.NettyConfigKeys$DataStream (ConfUtils.java:logGet(46)) - raft.netty.dataStream.client.reply.queue.grace-period = 1s (default)
2022-07-06 17:18:45,067 [pool-9-thread-5] INFO  client.DataStreamClient (ConfUtils.java:logGet(46)) - raft.datastream.type = NETTY (custom)
2022-07-06 17:18:45,072 [pool-9-thread-5] INFO  netty.NettyConfigKeys$DataStream (ConfUtils.java:logGet(46)) - raft.netty.dataStream.client.tls.conf = null (default)
2022-07-06 17:18:45,072 [pool-9-thread-5] INFO  netty.NettyConfigKeys$DataStream (ConfUtils.java:logGet(46)) - raft.netty.dataStream.client.reply.queue.grace-period = 1s (default)
2022-07-06 17:18:45,072 [pool-9-thread-5] INFO  netty.NettyConfigKeys$DataStream (ConfUtils.java:logGet(46)) - raft.netty.dataStream.client.worker-group.share = false (default)
2022-07-06 17:18:45,072 [pool-9-thread-5] INFO  netty.NettyConfigKeys$DataStream (ConfUtils.java:logGet(46)) - raft.netty.dataStream.client.worker-group.size = 4 (default)
2022-07-06 17:18:45,067 [pool-9-thread-4] INFO  client.DataStreamClient (ConfUtils.java:logGet(46)) - raft.datastream.type = NETTY (custom)
2022-07-06 17:18:45,073 [pool-9-thread-4] INFO  netty.NettyConfigKeys$DataStream (ConfUtils.java:logGet(46)) - raft.netty.dataStream.client.tls.conf = null (default)
2022-07-06 17:18:45,073 [pool-9-thread-4] INFO  netty.NettyConfigKeys$DataStream (ConfUtils.java:logGet(46)) - raft.netty.dataStream.client.reply.queue.grace-period = 1s (default)
2022-07-06 17:18:45,067 [pool-9-thread-9] INFO  client.DataStreamClient (ConfUtils.java:logGet(46)) - raft.datastream.type = NETTY (custom)
2022-07-06 17:18:45,073 [pool-9-thread-9] INFO  netty.NettyConfigKeys$DataStream (ConfUtils.java:logGet(46)) - raft.netty.dataStream.client.tls.conf = null (default)
2022-07-06 17:18:45,073 [pool-9-thread-9] INFO  netty.NettyConfigKeys$DataStream (ConfUtils.java:logGet(46)) - raft.netty.dataStream.client.reply.queue.grace-period = 1s (default)
2022-07-06 17:18:45,073 [pool-9-thread-9] INFO  netty.NettyConfigKeys$DataStream (ConfUtils.java:logGet(46)) - raft.netty.dataStream.client.worker-group.share = false (default)
2022-07-06 17:18:45,073 [pool-9-thread-9] INFO  netty.NettyConfigKeys$DataStream (ConfUtils.java:logGet(46)) - raft.netty.dataStream.client.worker-group.size = 4 (default)
2022-07-06 17:18:45,067 [pool-9-thread-6] INFO  netty.NettyConfigKeys$DataStream (ConfUtils.java:logGet(46)) - raft.netty.dataStream.client.worker-group.share = false (default)
2022-07-06 17:18:45,073 [pool-9-thread-6] INFO  netty.NettyConfigKeys$DataStream (ConfUtils.java:logGet(46)) - raft.netty.dataStream.client.worker-group.size = 4 (default)
2022-07-06 17:18:45,073 [pool-9-thread-7] INFO  netty.NettyConfigKeys$DataStream (ConfUtils.java:logGet(46)) - raft.netty.dataStream.client.worker-group.share = false (default)
2022-07-06 17:18:45,074 [pool-9-thread-7] INFO  netty.NettyConfigKeys$DataStream (ConfUtils.java:logGet(46)) - raft.netty.dataStream.client.worker-group.size = 4 (default)
2022-07-06 17:18:45,073 [pool-9-thread-4] INFO  netty.NettyConfigKeys$DataStream (ConfUtils.java:logGet(46)) - raft.netty.dataStream.client.worker-group.share = false (default)
2022-07-06 17:18:45,071 [pool-9-thread-8] INFO  netty.NettyConfigKeys$DataStream (ConfUtils.java:logGet(46)) - raft.netty.dataStream.client.reply.queue.grace-period = 1s (default)
2022-07-06 17:18:45,071 [pool-9-thread-3] INFO  client.DataStreamClient (ConfUtils.java:logGet(46)) - raft.datastream.type = NETTY (custom)
2022-07-06 17:18:45,075 [pool-9-thread-3] INFO  netty.NettyConfigKeys$DataStream (ConfUtils.java:logGet(46)) - raft.netty.dataStream.client.tls.conf = null (default)
2022-07-06 17:18:45,075 [pool-9-thread-3] INFO  netty.NettyConfigKeys$DataStream (ConfUtils.java:logGet(46)) - raft.netty.dataStream.client.reply.queue.grace-period = 1s (default)
2022-07-06 17:18:45,075 [pool-9-thread-3] INFO  netty.NettyConfigKeys$DataStream (ConfUtils.java:logGet(46)) - raft.netty.dataStream.client.worker-group.share = false (default)
2022-07-06 17:18:45,075 [pool-9-thread-3] INFO  netty.NettyConfigKeys$DataStream (ConfUtils.java:logGet(46)) - raft.netty.dataStream.client.worker-group.size = 4 (default)
2022-07-06 17:18:45,075 [pool-9-thread-8] INFO  netty.NettyConfigKeys$DataStream (ConfUtils.java:logGet(46)) - raft.netty.dataStream.client.worker-group.share = false (default)
2022-07-06 17:18:45,075 [pool-9-thread-8] INFO  netty.NettyConfigKeys$DataStream (ConfUtils.java:logGet(46)) - raft.netty.dataStream.client.worker-group.size = 4 (default)
2022-07-06 17:18:45,075 [pool-9-thread-4] INFO  netty.NettyConfigKeys$DataStream (ConfUtils.java:logGet(46)) - raft.netty.dataStream.client.worker-group.size = 4 (default)
2022-07-06 17:18:45,079 [s2-NettyServerStreamRpc-bossGroup--thread1] INFO  logging.LoggingHandler (AbstractInternalLogger.java:log(148)) - [id: 0x0ea598cb, L:/0.0.0.0:44561] READ: [id: 0xe19ce1d7, L:/127.0.0.1:44561 - R:/127.0.0.1:35366]
2022-07-06 17:18:45,080 [s1-NettyServerStreamRpc-bossGroup--thread1] INFO  logging.LoggingHandler (AbstractInternalLogger.java:log(148)) - [id: 0xe19e4865, L:/0.0.0.0:44419] READ: [id: 0xf3815d7d, L:/127.0.0.1:44419 - R:/127.0.0.1:40494]
2022-07-06 17:18:45,084 [pool-9-thread-14] INFO  datastream.DataStreamTestUtils (DataStreamTestUtils.java:writeAndCloseAndAssertReplies(311)) - start Stream378
2022-07-06 17:18:45,086 [s1-NettyServerStreamRpc-bossGroup--thread1] INFO  logging.LoggingHandler (AbstractInternalLogger.java:log(148)) - [id: 0xe19e4865, L:/0.0.0.0:44419] READ: [id: 0xba810c38, L:/127.0.0.1:44419 - R:/127.0.0.1:40496]
2022-07-06 17:18:45,087 [s1-NettyServerStreamRpc-workerGroup--thread1] INFO  client.DataStreamClient (ConfUtils.java:logGet(46)) - raft.datastream.type = NETTY (custom)
2022-07-06 17:18:45,087 [s1-NettyServerStreamRpc-workerGroup--thread1] INFO  netty.NettyConfigKeys$DataStream (ConfUtils.java:logGet(46)) - raft.netty.dataStream.client.tls.conf = null (default)
2022-07-06 17:18:45,088 [s1-NettyServerStreamRpc-workerGroup--thread1] INFO  netty.NettyConfigKeys$DataStream (ConfUtils.java:logGet(46)) - raft.netty.dataStream.client.reply.queue.grace-period = 1s (default)
2022-07-06 17:18:45,088 [s1-NettyServerStreamRpc-bossGroup--thread1] INFO  logging.LoggingHandler (AbstractInternalLogger.java:log(148)) - [id: 0xe19e4865, L:/0.0.0.0:44419] READ: [id: 0x3b6dd944, L:/127.0.0.1:44419 - R:/127.0.0.1:40498]
2022-07-06 17:18:45,088 [s1-NettyServerStreamRpc-workerGroup--thread2] INFO  client.DataStreamClient (ConfUtils.java:logGet(46)) - raft.datastream.type = NETTY (custom)
2022-07-06 17:18:45,089 [s1-NettyServerStreamRpc-workerGroup--thread1] INFO  netty.NettyConfigKeys$DataStream (ConfUtils.java:logGet(46)) - raft.netty.dataStream.client.worker-group.share = false (default)
2022-07-06 17:18:45,089 [s1-NettyServerStreamRpc-workerGroup--thread1] INFO  netty.NettyConfigKeys$DataStream (ConfUtils.java:logGet(46)) - raft.netty.dataStream.client.worker-group.size = 4 (default)
2022-07-06 17:18:45,089 [s1-NettyServerStreamRpc-workerGroup--thread2] INFO  netty.NettyConfigKeys$DataStream (ConfUtils.java:logGet(46)) - raft.netty.dataStream.client.tls.conf = null (default)
2022-07-06 17:18:45,089 [s1-NettyServerStreamRpc-workerGroup--thread2] INFO  netty.NettyConfigKeys$DataStream (ConfUtils.java:logGet(46)) - raft.netty.dataStream.client.reply.queue.grace-period = 1s (default)
2022-07-06 17:18:45,090 [s1-NettyServerStreamRpc-workerGroup--thread2] INFO  netty.NettyConfigKeys$DataStream (ConfUtils.java:logGet(46)) - raft.netty.dataStream.client.worker-group.share = false (default)
2022-07-06 17:18:45,090 [s1-NettyServerStreamRpc-workerGroup--thread2] INFO  netty.NettyConfigKeys$DataStream (ConfUtils.java:logGet(46)) - raft.netty.dataStream.client.worker-group.size = 4 (default)
2022-07-06 17:18:45,090 [s1-NettyServerStreamRpc-bossGroup--thread1] INFO  logging.LoggingHandler (AbstractInternalLogger.java:log(148)) - [id: 0xe19e4865, L:/0.0.0.0:44419] READ: [id: 0xd06dd669, L:/127.0.0.1:44419 - R:/127.0.0.1:40500]
2022-07-06 17:18:45,091 [s1-NettyServerStreamRpc-bossGroup--thread1] INFO  logging.LoggingHandler (AbstractInternalLogger.java:log(148)) - [id: 0xe19e4865, L:/0.0.0.0:44419] READ COMPLETE
2022-07-06 17:18:45,092 [pool-9-thread-13] INFO  datastream.DataStreamTestUtils (DataStreamTestUtils.java:writeAndCloseAndAssertReplies(311)) - start Stream377
2022-07-06 17:18:45,096 [pool-9-thread-12] INFO  datastream.DataStreamTestUtils (DataStreamTestUtils.java:writeAndCloseAndAssertReplies(311)) - start Stream376
2022-07-06 17:18:45,098 [pool-9-thread-11] INFO  datastream.DataStreamTestUtils (DataStreamTestUtils.java:writeAndCloseAndAssertReplies(311)) - start Stream380
2022-07-06 17:18:45,099 [s2-NettyServerStreamRpc-bossGroup--thread1] INFO  logging.LoggingHandler (AbstractInternalLogger.java:log(148)) - [id: 0x0ea598cb, L:/0.0.0.0:44561] READ COMPLETE
2022-07-06 17:18:45,100 [s2-NettyServerStreamRpc-bossGroup--thread1] INFO  logging.LoggingHandler (AbstractInternalLogger.java:log(148)) - [id: 0x0ea598cb, L:/0.0.0.0:44561] READ: [id: 0xb9224749, L:/127.0.0.1:44561 - R:/127.0.0.1:35376]
2022-07-06 17:18:45,100 [s2-NettyServerStreamRpc-workerGroup--thread1] INFO  client.DataStreamClient (ConfUtils.java:logGet(46)) - raft.datastream.type = NETTY (custom)
2022-07-06 17:18:45,103 [s2-NettyServerStreamRpc-workerGroup--thread1] INFO  netty.NettyConfigKeys$DataStream (ConfUtils.java:logGet(46)) - raft.netty.dataStream.client.tls.conf = null (default)
2022-07-06 17:18:45,120 [s2-NettyServerStreamRpc-workerGroup--thread1] INFO  netty.NettyConfigKeys$DataStream (ConfUtils.java:logGet(46)) - raft.netty.dataStream.client.reply.queue.grace-period = 1s (default)
2022-07-06 17:18:45,123 [s2-NettyServerStreamRpc-workerGroup--thread1] INFO  netty.NettyConfigKeys$DataStream (ConfUtils.java:logGet(46)) - raft.netty.dataStream.client.worker-group.share = false (default)
2022-07-06 17:18:45,123 [s2-NettyServerStreamRpc-workerGroup--thread1] INFO  netty.NettyConfigKeys$DataStream (ConfUtils.java:logGet(46)) - raft.netty.dataStream.client.worker-group.size = 4 (default)
2022-07-06 17:18:45,125 [s2-NettyServerStreamRpc-workerGroup--thread2] INFO  client.DataStreamClient (ConfUtils.java:logGet(46)) - raft.datastream.type = NETTY (custom)
2022-07-06 17:18:45,125 [s2-NettyServerStreamRpc-workerGroup--thread2] INFO  netty.NettyConfigKeys$DataStream (ConfUtils.java:logGet(46)) - raft.netty.dataStream.client.tls.conf = null (default)
2022-07-06 17:18:45,125 [s2-NettyServerStreamRpc-workerGroup--thread2] INFO  netty.NettyConfigKeys$DataStream (ConfUtils.java:logGet(46)) - raft.netty.dataStream.client.reply.queue.grace-period = 1s (default)
2022-07-06 17:18:45,126 [s2-NettyServerStreamRpc-workerGroup--thread2] INFO  netty.NettyConfigKeys$DataStream (ConfUtils.java:logGet(46)) - raft.netty.dataStream.client.worker-group.share = false (default)
2022-07-06 17:18:45,126 [s2-NettyServerStreamRpc-workerGroup--thread2] INFO  netty.NettyConfigKeys$DataStream (ConfUtils.java:logGet(46)) - raft.netty.dataStream.client.worker-group.size = 4 (default)
2022-07-06 17:18:45,120 [pool-9-thread-15] INFO  datastream.DataStreamTestUtils (DataStreamTestUtils.java:writeAndCloseAndAssertReplies(311)) - start Stream381
2022-07-06 17:18:45,119 [pool-9-thread-10] INFO  datastream.DataStreamTestUtils (DataStreamTestUtils.java:writeAndCloseAndAssertReplies(311)) - start Stream379
2022-07-06 17:18:45,119 [s1-NettyServerStreamRpc-workerGroup--thread1] INFO  client.DataStreamClient (ConfUtils.java:logGet(46)) - raft.datastream.type = NETTY (custom)
2022-07-06 17:18:45,119 [pool-9-thread-16] INFO  datastream.DataStreamTestUtils (DataStreamTestUtils.java:writeAndCloseAndAssertReplies(311)) - start Stream382
2022-07-06 17:18:45,118 [s1-NettyServerStreamRpc-workerGroup--thread3] INFO  client.DataStreamClient (ConfUtils.java:logGet(46)) - raft.datastream.type = NETTY (custom)
2022-07-06 17:18:45,118 [s0-NettyServerStreamRpc-bossGroup--thread1] INFO  logging.LoggingHandler (AbstractInternalLogger.java:log(148)) - [id: 0x91e049bd, L:/0.0.0.0:36771] READ: [id: 0x047e16b8, L:/127.0.0.1:36771 - R:/127.0.0.1:48996]
2022-07-06 17:18:45,130 [s1-NettyServerStreamRpc-workerGroup--thread3] INFO  netty.NettyConfigKeys$DataStream (ConfUtils.java:logGet(46)) - raft.netty.dataStream.client.tls.conf = null (default)
2022-07-06 17:18:45,130 [s1-NettyServerStreamRpc-workerGroup--thread1] INFO  netty.NettyConfigKeys$DataStream (ConfUtils.java:logGet(46)) - raft.netty.dataStream.client.tls.conf = null (default)
2022-07-06 17:18:45,120 [s2-NettyServerStreamRpc-bossGroup--thread1] INFO  logging.LoggingHandler (AbstractInternalLogger.java:log(148)) - [id: 0x0ea598cb, L:/0.0.0.0:44561] READ: [id: 0x7bbf9e2f, L:/127.0.0.1:44561 - R:/127.0.0.1:35378]
2022-07-06 17:18:45,132 [s1-NettyServerStreamRpc-workerGroup--thread1] INFO  netty.NettyConfigKeys$DataStream (ConfUtils.java:logGet(46)) - raft.netty.dataStream.client.reply.queue.grace-period = 1s (default)
2022-07-06 17:18:45,133 [s1-NettyServerStreamRpc-workerGroup--thread1] INFO  netty.NettyConfigKeys$DataStream (ConfUtils.java:logGet(46)) - raft.netty.dataStream.client.worker-group.share = false (default)
2022-07-06 17:18:45,133 [s1-NettyServerStreamRpc-workerGroup--thread1] INFO  netty.NettyConfigKeys$DataStream (ConfUtils.java:logGet(46)) - raft.netty.dataStream.client.worker-group.size = 4 (default)
2022-07-06 17:18:45,132 [s1-NettyServerStreamRpc-workerGroup--thread3] INFO  netty.NettyConfigKeys$DataStream (ConfUtils.java:logGet(46)) - raft.netty.dataStream.client.reply.queue.grace-period = 1s (default)
2022-07-06 17:18:45,134 [s1-NettyServerStreamRpc-workerGroup--thread3] INFO  netty.NettyConfigKeys$DataStream (ConfUtils.java:logGet(46)) - raft.netty.dataStream.client.worker-group.share = false (default)
2022-07-06 17:18:45,134 [s1-NettyServerStreamRpc-workerGroup--thread3] INFO  netty.NettyConfigKeys$DataStream (ConfUtils.java:logGet(46)) - raft.netty.dataStream.client.worker-group.size = 4 (default)
2022-07-06 17:18:45,134 [s2-NettyServerStreamRpc-workerGroup--thread1] INFO  client.DataStreamClient (ConfUtils.java:logGet(46)) - raft.datastream.type = NETTY (custom)
2022-07-06 17:18:45,134 [s2-NettyServerStreamRpc-workerGroup--thread1] INFO  netty.NettyConfigKeys$DataStream (ConfUtils.java:logGet(46)) - raft.netty.dataStream.client.tls.conf = null (default)
2022-07-06 17:18:45,134 [s2-NettyServerStreamRpc-workerGroup--thread1] INFO  netty.NettyConfigKeys$DataStream (ConfUtils.java:logGet(46)) - raft.netty.dataStream.client.reply.queue.grace-period = 1s (default)
2022-07-06 17:18:45,135 [s2-NettyServerStreamRpc-workerGroup--thread1] INFO  netty.NettyConfigKeys$DataStream (ConfUtils.java:logGet(46)) - raft.netty.dataStream.client.worker-group.share = false (default)
2022-07-06 17:18:45,135 [s2-NettyServerStreamRpc-workerGroup--thread1] INFO  netty.NettyConfigKeys$DataStream (ConfUtils.java:logGet(46)) - raft.netty.dataStream.client.worker-group.size = 4 (default)
2022-07-06 17:18:45,135 [s2-NettyServerStreamRpc-bossGroup--thread1] INFO  logging.LoggingHandler (AbstractInternalLogger.java:log(148)) - [id: 0x0ea598cb, L:/0.0.0.0:44561] READ COMPLETE
2022-07-06 17:18:45,136 [s0-NettyServerStreamRpc-bossGroup--thread1] INFO  logging.LoggingHandler (AbstractInternalLogger.java:log(148)) - [id: 0x91e049bd, L:/0.0.0.0:36771] READ COMPLETE
2022-07-06 17:18:45,136 [s0-NettyServerStreamRpc-bossGroup--thread1] INFO  logging.LoggingHandler (AbstractInternalLogger.java:log(148)) - [id: 0x91e049bd, L:/0.0.0.0:36771] READ: [id: 0xe39edf17, L:/127.0.0.1:36771 - R:/127.0.0.1:48998]
2022-07-06 17:18:45,137 [s0-NettyServerStreamRpc-bossGroup--thread1] INFO  logging.LoggingHandler (AbstractInternalLogger.java:log(148)) - [id: 0x91e049bd, L:/0.0.0.0:36771] READ: [id: 0x229aee14, L:/127.0.0.1:36771 - R:/127.0.0.1:49000]
2022-07-06 17:18:45,138 [s2-NettyServerStreamRpc-workerGroup--thread2] INFO  client.DataStreamClient (ConfUtils.java:logGet(46)) - raft.datastream.type = NETTY (custom)
2022-07-06 17:18:45,138 [s2-NettyServerStreamRpc-workerGroup--thread2] INFO  netty.NettyConfigKeys$DataStream (ConfUtils.java:logGet(46)) - raft.netty.dataStream.client.tls.conf = null (default)
2022-07-06 17:18:45,139 [s2-NettyServerStreamRpc-workerGroup--thread2] INFO  netty.NettyConfigKeys$DataStream (ConfUtils.java:logGet(46)) - raft.netty.dataStream.client.reply.queue.grace-period = 1s (default)
2022-07-06 17:18:45,139 [s2-NettyServerStreamRpc-workerGroup--thread2] INFO  netty.NettyConfigKeys$DataStream (ConfUtils.java:logGet(46)) - raft.netty.dataStream.client.worker-group.share = false (default)
2022-07-06 17:18:45,139 [s2-NettyServerStreamRpc-workerGroup--thread2] INFO  netty.NettyConfigKeys$DataStream (ConfUtils.java:logGet(46)) - raft.netty.dataStream.client.worker-group.size = 4 (default)
2022-07-06 17:18:45,140 [s1-NettyServerStreamRpc-bossGroup--thread1] INFO  logging.LoggingHandler (AbstractInternalLogger.java:log(148)) - [id: 0xe19e4865, L:/0.0.0.0:44419] READ: [id: 0x918277df, L:/127.0.0.1:44419 - R:/127.0.0.1:40514]
2022-07-06 17:18:45,140 [s1-NettyServerStreamRpc-bossGroup--thread1] INFO  logging.LoggingHandler (AbstractInternalLogger.java:log(148)) - [id: 0xe19e4865, L:/0.0.0.0:44419] READ COMPLETE
2022-07-06 17:18:45,141 [s2-NettyServerStreamRpc-bossGroup--thread1] INFO  logging.LoggingHandler (AbstractInternalLogger.java:log(148)) - [id: 0x0ea598cb, L:/0.0.0.0:44561] READ: [id: 0x19ea3d53, L:/127.0.0.1:44561 - R:/127.0.0.1:35390]
2022-07-06 17:18:45,143 [s1-NettyServerStreamRpc-bossGroup--thread1] INFO  logging.LoggingHandler (AbstractInternalLogger.java:log(148)) - [id: 0xe19e4865, L:/0.0.0.0:44419] READ: [id: 0xbb0ec6c4, L:/127.0.0.1:44419 - R:/127.0.0.1:40520]
2022-07-06 17:18:45,143 [s1-NettyServerStreamRpc-bossGroup--thread1] INFO  logging.LoggingHandler (AbstractInternalLogger.java:log(148)) - [id: 0xe19e4865, L:/0.0.0.0:44419] READ COMPLETE
2022-07-06 17:18:45,146 [s0-NettyServerStreamRpc-bossGroup--thread1] INFO  logging.LoggingHandler (AbstractInternalLogger.java:log(148)) - [id: 0x91e049bd, L:/0.0.0.0:36771] READ COMPLETE
2022-07-06 17:18:45,146 [s0-NettyServerStreamRpc-bossGroup--thread1] INFO  logging.LoggingHandler (AbstractInternalLogger.java:log(148)) - [id: 0x91e049bd, L:/0.0.0.0:36771] READ: [id: 0x3e00a1fa, L:/127.0.0.1:36771 - R:/127.0.0.1:49002]
2022-07-06 17:18:45,146 [s0-NettyServerStreamRpc-bossGroup--thread1] INFO  logging.LoggingHandler (AbstractInternalLogger.java:log(148)) - [id: 0x91e049bd, L:/0.0.0.0:36771] READ COMPLETE
2022-07-06 17:18:45,147 [s2-NettyServerStreamRpc-workerGroup--thread2] INFO  client.DataStreamClient (ConfUtils.java:logGet(46)) - raft.datastream.type = NETTY (custom)
2022-07-06 17:18:45,148 [s2-NettyServerStreamRpc-workerGroup--thread2] INFO  netty.NettyConfigKeys$DataStream (ConfUtils.java:logGet(46)) - raft.netty.dataStream.client.tls.conf = null (default)
2022-07-06 17:18:45,148 [s2-NettyServerStreamRpc-workerGroup--thread2] INFO  netty.NettyConfigKeys$DataStream (ConfUtils.java:logGet(46)) - raft.netty.dataStream.client.reply.queue.grace-period = 1s (default)
2022-07-06 17:18:45,148 [s2-NettyServerStreamRpc-workerGroup--thread2] INFO  netty.NettyConfigKeys$DataStream (ConfUtils.java:logGet(46)) - raft.netty.dataStream.client.worker-group.share = false (default)
2022-07-06 17:18:45,148 [s2-NettyServerStreamRpc-workerGroup--thread2] INFO  netty.NettyConfigKeys$DataStream (ConfUtils.java:logGet(46)) - raft.netty.dataStream.client.worker-group.size = 4 (default)
2022-07-06 17:18:45,149 [s1-NettyServerStreamRpc-workerGroup--thread4] INFO  client.DataStreamClient (ConfUtils.java:logGet(46)) - raft.datastream.type = NETTY (custom)
2022-07-06 17:18:45,149 [s1-NettyServerStreamRpc-workerGroup--thread4] INFO  netty.NettyConfigKeys$DataStream (ConfUtils.java:logGet(46)) - raft.netty.dataStream.client.tls.conf = null (default)
2022-07-06 17:18:45,149 [s1-NettyServerStreamRpc-workerGroup--thread4] INFO  netty.NettyConfigKeys$DataStream (ConfUtils.java:logGet(46)) - raft.netty.dataStream.client.reply.queue.grace-period = 1s (default)
2022-07-06 17:18:45,150 [s1-NettyServerStreamRpc-workerGroup--thread4] INFO  netty.NettyConfigKeys$DataStream (ConfUtils.java:logGet(46)) - raft.netty.dataStream.client.worker-group.share = false (default)
2022-07-06 17:18:45,150 [s1-NettyServerStreamRpc-workerGroup--thread4] INFO  netty.NettyConfigKeys$DataStream (ConfUtils.java:logGet(46)) - raft.netty.dataStream.client.worker-group.size = 4 (default)
2022-07-06 17:18:45,151 [s0-NettyServerStreamRpc-bossGroup--thread1] INFO  logging.LoggingHandler (AbstractInternalLogger.java:log(148)) - [id: 0x91e049bd, L:/0.0.0.0:36771] READ: [id: 0x98702732, L:/127.0.0.1:36771 - R:/127.0.0.1:49012]
2022-07-06 17:18:45,151 [s0-NettyServerStreamRpc-bossGroup--thread1] INFO  logging.LoggingHandler (AbstractInternalLogger.java:log(148)) - [id: 0x91e049bd, L:/0.0.0.0:36771] READ COMPLETE
2022-07-06 17:18:45,152 [s1-NettyServerStreamRpc-workerGroup--thread4] INFO  client.DataStreamClient (ConfUtils.java:logGet(46)) - raft.datastream.type = NETTY (custom)
2022-07-06 17:18:45,152 [s1-NettyServerStreamRpc-workerGroup--thread4] INFO  netty.NettyConfigKeys$DataStream (ConfUtils.java:logGet(46)) - raft.netty.dataStream.client.tls.conf = null (default)
2022-07-06 17:18:45,152 [s1-NettyServerStreamRpc-workerGroup--thread4] INFO  netty.NettyConfigKeys$DataStream (ConfUtils.java:logGet(46)) - raft.netty.dataStream.client.reply.queue.grace-period = 1s (default)
2022-07-06 17:18:45,152 [s1-NettyServerStreamRpc-workerGroup--thread4] INFO  netty.NettyConfigKeys$DataStream (ConfUtils.java:logGet(46)) - raft.netty.dataStream.client.worker-group.share = false (default)
2022-07-06 17:18:45,152 [s1-NettyServerStreamRpc-workerGroup--thread4] INFO  netty.NettyConfigKeys$DataStream (ConfUtils.java:logGet(46)) - raft.netty.dataStream.client.worker-group.size = 4 (default)
2022-07-06 17:18:45,153 [s1-NettyServerStreamRpc-workerGroup--thread3] INFO  client.DataStreamClient (ConfUtils.java:logGet(46)) - raft.datastream.type = NETTY (custom)
2022-07-06 17:18:45,153 [s1-NettyServerStreamRpc-workerGroup--thread3] INFO  netty.NettyConfigKeys$DataStream (ConfUtils.java:logGet(46)) - raft.netty.dataStream.client.tls.conf = null (default)
2022-07-06 17:18:45,154 [s1-NettyServerStreamRpc-workerGroup--thread3] INFO  netty.NettyConfigKeys$DataStream (ConfUtils.java:logGet(46)) - raft.netty.dataStream.client.reply.queue.grace-period = 1s (default)
2022-07-06 17:18:45,154 [s1-NettyServerStreamRpc-workerGroup--thread3] INFO  netty.NettyConfigKeys$DataStream (ConfUtils.java:logGet(46)) - raft.netty.dataStream.client.worker-group.share = false (default)
2022-07-06 17:18:45,154 [s1-NettyServerStreamRpc-workerGroup--thread3] INFO  netty.NettyConfigKeys$DataStream (ConfUtils.java:logGet(46)) - raft.netty.dataStream.client.worker-group.size = 4 (default)
2022-07-06 17:18:45,155 [s0-NettyServerStreamRpc-bossGroup--thread1] INFO  logging.LoggingHandler (AbstractInternalLogger.java:log(148)) - [id: 0x91e049bd, L:/0.0.0.0:36771] READ: [id: 0xd6a63865, L:/127.0.0.1:36771 - R:/127.0.0.1:49014]
2022-07-06 17:18:45,155 [s0-NettyServerStreamRpc-bossGroup--thread1] INFO  logging.LoggingHandler (AbstractInternalLogger.java:log(148)) - [id: 0x91e049bd, L:/0.0.0.0:36771] READ COMPLETE
2022-07-06 17:18:45,156 [s1-NettyServerStreamRpc-workerGroup--thread3] INFO  client.DataStreamClient (ConfUtils.java:logGet(46)) - raft.datastream.type = NETTY (custom)
2022-07-06 17:18:45,156 [s1-NettyServerStreamRpc-workerGroup--thread3] INFO  netty.NettyConfigKeys$DataStream (ConfUtils.java:logGet(46)) - raft.netty.dataStream.client.tls.conf = null (default)
2022-07-06 17:18:45,156 [s1-NettyServerStreamRpc-workerGroup--thread3] INFO  netty.NettyConfigKeys$DataStream (ConfUtils.java:logGet(46)) - raft.netty.dataStream.client.reply.queue.grace-period = 1s (default)
2022-07-06 17:18:45,156 [s1-NettyServerStreamRpc-workerGroup--thread3] INFO  netty.NettyConfigKeys$DataStream (ConfUtils.java:logGet(46)) - raft.netty.dataStream.client.worker-group.share = false (default)
2022-07-06 17:18:45,156 [s1-NettyServerStreamRpc-workerGroup--thread3] INFO  netty.NettyConfigKeys$DataStream (ConfUtils.java:logGet(46)) - raft.netty.dataStream.client.worker-group.size = 4 (default)
2022-07-06 17:18:45,157 [s1-NettyServerStreamRpc-workerGroup--thread2] INFO  client.DataStreamClient (ConfUtils.java:logGet(46)) - raft.datastream.type = NETTY (custom)
2022-07-06 17:18:45,157 [s1-NettyServerStreamRpc-workerGroup--thread2] INFO  netty.NettyConfigKeys$DataStream (ConfUtils.java:logGet(46)) - raft.netty.dataStream.client.tls.conf = null (default)
2022-07-06 17:18:45,157 [s1-NettyServerStreamRpc-workerGroup--thread2] INFO  netty.NettyConfigKeys$DataStream (ConfUtils.java:logGet(46)) - raft.netty.dataStream.client.reply.queue.grace-period = 1s (default)
2022-07-06 17:18:45,157 [s1-NettyServerStreamRpc-workerGroup--thread2] INFO  netty.NettyConfigKeys$DataStream (ConfUtils.java:logGet(46)) - raft.netty.dataStream.client.worker-group.share = false (default)
2022-07-06 17:18:45,158 [s1-NettyServerStreamRpc-workerGroup--thread2] INFO  netty.NettyConfigKeys$DataStream (ConfUtils.java:logGet(46)) - raft.netty.dataStream.client.worker-group.size = 4 (default)
2022-07-06 17:18:45,159 [s2-NettyServerStreamRpc-workerGroup--thread1] INFO  client.DataStreamClient (ConfUtils.java:logGet(46)) - raft.datastream.type = NETTY (custom)
2022-07-06 17:18:45,159 [s2-NettyServerStreamRpc-workerGroup--thread1] INFO  netty.NettyConfigKeys$DataStream (ConfUtils.java:logGet(46)) - raft.netty.dataStream.client.tls.conf = null (default)
2022-07-06 17:18:45,159 [s2-NettyServerStreamRpc-workerGroup--thread1] INFO  netty.NettyConfigKeys$DataStream (ConfUtils.java:logGet(46)) - raft.netty.dataStream.client.reply.queue.grace-period = 1s (default)
2022-07-06 17:18:45,159 [s2-NettyServerStreamRpc-workerGroup--thread1] INFO  netty.NettyConfigKeys$DataStream (ConfUtils.java:logGet(46)) - raft.netty.dataStream.client.worker-group.share = false (default)
2022-07-06 17:18:45,159 [s2-NettyServerStreamRpc-workerGroup--thread1] INFO  netty.NettyConfigKeys$DataStream (ConfUtils.java:logGet(46)) - raft.netty.dataStream.client.worker-group.size = 4 (default)
2022-07-06 17:18:45,160 [s2-NettyServerStreamRpc-bossGroup--thread1] INFO  logging.LoggingHandler (AbstractInternalLogger.java:log(148)) - [id: 0x0ea598cb, L:/0.0.0.0:44561] READ COMPLETE
2022-07-06 17:18:45,160 [s1-NettyServerStreamRpc-workerGroup--thread1] INFO  client.DataStreamClient (ConfUtils.java:logGet(46)) - raft.datastream.type = NETTY (custom)
2022-07-06 17:18:45,160 [s2-NettyServerStreamRpc-bossGroup--thread1] INFO  logging.LoggingHandler (AbstractInternalLogger.java:log(148)) - [id: 0x0ea598cb, L:/0.0.0.0:44561] READ: [id: 0xa6855b59, L:/127.0.0.1:44561 - R:/127.0.0.1:35392]
2022-07-06 17:18:45,161 [s2-NettyServerStreamRpc-bossGroup--thread1] INFO  logging.LoggingHandler (AbstractInternalLogger.java:log(148)) - [id: 0x0ea598cb, L:/0.0.0.0:44561] READ COMPLETE
2022-07-06 17:18:45,160 [s1-NettyServerStreamRpc-workerGroup--thread1] INFO  netty.NettyConfigKeys$DataStream (ConfUtils.java:logGet(46)) - raft.netty.dataStream.client.tls.conf = null (default)
2022-07-06 17:18:45,161 [s1-NettyServerStreamRpc-workerGroup--thread1] INFO  netty.NettyConfigKeys$DataStream (ConfUtils.java:logGet(46)) - raft.netty.dataStream.client.reply.queue.grace-period = 1s (default)
2022-07-06 17:18:45,161 [s1-NettyServerStreamRpc-workerGroup--thread1] INFO  netty.NettyConfigKeys$DataStream (ConfUtils.java:logGet(46)) - raft.netty.dataStream.client.worker-group.share = false (default)
2022-07-06 17:18:45,161 [s1-NettyServerStreamRpc-workerGroup--thread1] INFO  netty.NettyConfigKeys$DataStream (ConfUtils.java:logGet(46)) - raft.netty.dataStream.client.worker-group.size = 4 (default)
2022-07-06 17:18:45,163 [s0-NettyServerStreamRpc-bossGroup--thread1] INFO  logging.LoggingHandler (AbstractInternalLogger.java:log(148)) - [id: 0x91e049bd, L:/0.0.0.0:36771] READ: [id: 0xb26be741, L:/127.0.0.1:36771 - R:/127.0.0.1:49016]
2022-07-06 17:18:45,163 [s2-NettyServerStreamRpc-workerGroup--thread1] INFO  client.DataStreamClient (ConfUtils.java:logGet(46)) - raft.datastream.type = NETTY (custom)
2022-07-06 17:18:45,163 [s0-NettyServerStreamRpc-bossGroup--thread1] INFO  logging.LoggingHandler (AbstractInternalLogger.java:log(148)) - [id: 0x91e049bd, L:/0.0.0.0:36771] READ COMPLETE
2022-07-06 17:18:45,163 [s2-NettyServerStreamRpc-workerGroup--thread1] INFO  netty.NettyConfigKeys$DataStream (ConfUtils.java:logGet(46)) - raft.netty.dataStream.client.tls.conf = null (default)
2022-07-06 17:18:45,163 [s2-NettyServerStreamRpc-workerGroup--thread1] INFO  netty.NettyConfigKeys$DataStream (ConfUtils.java:logGet(46)) - raft.netty.dataStream.client.reply.queue.grace-period = 1s (default)
2022-07-06 17:18:45,164 [s2-NettyServerStreamRpc-workerGroup--thread1] INFO  netty.NettyConfigKeys$DataStream (ConfUtils.java:logGet(46)) - raft.netty.dataStream.client.worker-group.share = false (default)
2022-07-06 17:18:45,164 [s2-NettyServerStreamRpc-workerGroup--thread1] INFO  netty.NettyConfigKeys$DataStream (ConfUtils.java:logGet(46)) - raft.netty.dataStream.client.worker-group.size = 4 (default)
2022-07-06 17:18:45,168 [s0-NettyServerStreamRpc-bossGroup--thread1] INFO  logging.LoggingHandler (AbstractInternalLogger.java:log(148)) - [id: 0x91e049bd, L:/0.0.0.0:36771] READ: [id: 0x53aa773f, L:/127.0.0.1:36771 - R:/127.0.0.1:49018]
2022-07-06 17:18:45,168 [s0-NettyServerStreamRpc-bossGroup--thread1] INFO  logging.LoggingHandler (AbstractInternalLogger.java:log(148)) - [id: 0x91e049bd, L:/0.0.0.0:36771] READ COMPLETE
2022-07-06 17:18:45,169 [s1-NettyServerStreamRpc-workerGroup--thread2] INFO  client.DataStreamClient (ConfUtils.java:logGet(46)) - raft.datastream.type = NETTY (custom)
2022-07-06 17:18:45,169 [s2-NettyServerStreamRpc-bossGroup--thread1] INFO  logging.LoggingHandler (AbstractInternalLogger.java:log(148)) - [id: 0x0ea598cb, L:/0.0.0.0:44561] READ: [id: 0x584c2aa8, L:/127.0.0.1:44561 - R:/127.0.0.1:35404]
2022-07-06 17:18:45,169 [s1-NettyServerStreamRpc-workerGroup--thread2] INFO  netty.NettyConfigKeys$DataStream (ConfUtils.java:logGet(46)) - raft.netty.dataStream.client.tls.conf = null (default)
2022-07-06 17:18:45,169 [s2-NettyServerStreamRpc-bossGroup--thread1] INFO  logging.LoggingHandler (AbstractInternalLogger.java:log(148)) - [id: 0x0ea598cb, L:/0.0.0.0:44561] READ COMPLETE
2022-07-06 17:18:45,169 [s1-NettyServerStreamRpc-workerGroup--thread2] INFO  netty.NettyConfigKeys$DataStream (ConfUtils.java:logGet(46)) - raft.netty.dataStream.client.reply.queue.grace-period = 1s (default)
2022-07-06 17:18:45,169 [s1-NettyServerStreamRpc-workerGroup--thread2] INFO  netty.NettyConfigKeys$DataStream (ConfUtils.java:logGet(46)) - raft.netty.dataStream.client.worker-group.share = false (default)
2022-07-06 17:18:45,170 [s1-NettyServerStreamRpc-workerGroup--thread2] INFO  netty.NettyConfigKeys$DataStream (ConfUtils.java:logGet(46)) - raft.netty.dataStream.client.worker-group.size = 4 (default)
2022-07-06 17:18:45,170 [s2-NettyServerStreamRpc-bossGroup--thread1] INFO  logging.LoggingHandler (AbstractInternalLogger.java:log(148)) - [id: 0x0ea598cb, L:/0.0.0.0:44561] READ: [id: 0x98fdc804, L:/127.0.0.1:44561 - R:/127.0.0.1:35406]
2022-07-06 17:18:45,171 [s2-NettyServerStreamRpc-bossGroup--thread1] INFO  logging.LoggingHandler (AbstractInternalLogger.java:log(148)) - [id: 0x0ea598cb, L:/0.0.0.0:44561] READ COMPLETE
2022-07-06 17:18:45,173 [s0-NettyServerStreamRpc-bossGroup--thread1] INFO  logging.LoggingHandler (AbstractInternalLogger.java:log(148)) - [id: 0x91e049bd, L:/0.0.0.0:36771] READ: [id: 0x5e8c8b34, L:/127.0.0.1:36771 - R:/127.0.0.1:49024]
2022-07-06 17:18:45,173 [s0-NettyServerStreamRpc-bossGroup--thread1] INFO  logging.LoggingHandler (AbstractInternalLogger.java:log(148)) - [id: 0x91e049bd, L:/0.0.0.0:36771] READ COMPLETE
2022-07-06 17:18:45,173 [s2-NettyServerStreamRpc-workerGroup--thread2] INFO  client.DataStreamClient (ConfUtils.java:logGet(46)) - raft.datastream.type = NETTY (custom)
2022-07-06 17:18:45,174 [s2-NettyServerStreamRpc-workerGroup--thread2] INFO  netty.NettyConfigKeys$DataStream (ConfUtils.java:logGet(46)) - raft.netty.dataStream.client.tls.conf = null (default)
2022-07-06 17:18:45,174 [s2-NettyServerStreamRpc-workerGroup--thread2] INFO  netty.NettyConfigKeys$DataStream (ConfUtils.java:logGet(46)) - raft.netty.dataStream.client.reply.queue.grace-period = 1s (default)
2022-07-06 17:18:45,174 [s2-NettyServerStreamRpc-workerGroup--thread2] INFO  netty.NettyConfigKeys$DataStream (ConfUtils.java:logGet(46)) - raft.netty.dataStream.client.worker-group.share = false (default)
2022-07-06 17:18:45,174 [s2-NettyServerStreamRpc-workerGroup--thread2] INFO  netty.NettyConfigKeys$DataStream (ConfUtils.java:logGet(46)) - raft.netty.dataStream.client.worker-group.size = 4 (default)
2022-07-06 17:18:45,177 [s2-NettyServerStreamRpc-workerGroup--thread3] INFO  client.DataStreamClient (ConfUtils.java:logGet(46)) - raft.datastream.type = NETTY (custom)
2022-07-06 17:18:45,177 [s2-NettyServerStreamRpc-workerGroup--thread3] INFO  netty.NettyConfigKeys$DataStream (ConfUtils.java:logGet(46)) - raft.netty.dataStream.client.tls.conf = null (default)
2022-07-06 17:18:45,177 [s2-NettyServerStreamRpc-workerGroup--thread3] INFO  netty.NettyConfigKeys$DataStream (ConfUtils.java:logGet(46)) - raft.netty.dataStream.client.reply.queue.grace-period = 1s (default)
2022-07-06 17:18:45,177 [s2-NettyServerStreamRpc-workerGroup--thread3] INFO  netty.NettyConfigKeys$DataStream (ConfUtils.java:logGet(46)) - raft.netty.dataStream.client.worker-group.share = false (default)
2022-07-06 17:18:45,177 [s2-NettyServerStreamRpc-workerGroup--thread3] INFO  netty.NettyConfigKeys$DataStream (ConfUtils.java:logGet(46)) - raft.netty.dataStream.client.worker-group.size = 4 (default)
2022-07-06 17:18:45,179 [s1-NettyServerStreamRpc-bossGroup--thread1] INFO  logging.LoggingHandler (AbstractInternalLogger.java:log(148)) - [id: 0xe19e4865, L:/0.0.0.0:44419] READ: [id: 0x8f3e1887, L:/127.0.0.1:44419 - R:/127.0.0.1:40536]
2022-07-06 17:18:45,179 [s1-NettyServerStreamRpc-bossGroup--thread1] INFO  logging.LoggingHandler (AbstractInternalLogger.java:log(148)) - [id: 0xe19e4865, L:/0.0.0.0:44419] READ COMPLETE
2022-07-06 17:18:45,181 [s1-NettyServerStreamRpc-workerGroup--thread3] INFO  client.DataStreamClient (ConfUtils.java:logGet(46)) - raft.datastream.type = NETTY (custom)
2022-07-06 17:18:45,181 [s1-NettyServerStreamRpc-workerGroup--thread3] INFO  netty.NettyConfigKeys$DataStream (ConfUtils.java:logGet(46)) - raft.netty.dataStream.client.tls.conf = null (default)
2022-07-06 17:18:45,181 [s1-NettyServerStreamRpc-workerGroup--thread3] INFO  netty.NettyConfigKeys$DataStream (ConfUtils.java:logGet(46)) - raft.netty.dataStream.client.reply.queue.grace-period = 1s (default)
2022-07-06 17:18:45,181 [s1-NettyServerStreamRpc-workerGroup--thread3] INFO  netty.NettyConfigKeys$DataStream (ConfUtils.java:logGet(46)) - raft.netty.dataStream.client.worker-group.share = false (default)
2022-07-06 17:18:45,181 [s1-NettyServerStreamRpc-workerGroup--thread3] INFO  netty.NettyConfigKeys$DataStream (ConfUtils.java:logGet(46)) - raft.netty.dataStream.client.worker-group.size = 4 (default)
2022-07-06 17:18:45,181 [s2-NettyServerStreamRpc-bossGroup--thread1] INFO  logging.LoggingHandler (AbstractInternalLogger.java:log(148)) - [id: 0x0ea598cb, L:/0.0.0.0:44561] READ: [id: 0xb8e7a19e, L:/127.0.0.1:44561 - R:/127.0.0.1:35412]
2022-07-06 17:18:45,181 [s2-NettyServerStreamRpc-bossGroup--thread1] INFO  logging.LoggingHandler (AbstractInternalLogger.java:log(148)) - [id: 0x0ea598cb, L:/0.0.0.0:44561] READ COMPLETE
2022-07-06 17:18:45,182 [s1-NettyServerStreamRpc-workerGroup--thread2] INFO  client.DataStreamClient (ConfUtils.java:logGet(46)) - raft.datastream.type = NETTY (custom)
2022-07-06 17:18:45,182 [s1-NettyServerStreamRpc-workerGroup--thread2] INFO  netty.NettyConfigKeys$DataStream (ConfUtils.java:logGet(46)) - raft.netty.dataStream.client.tls.conf = null (default)
2022-07-06 17:18:45,182 [s1-NettyServerStreamRpc-workerGroup--thread2] INFO  netty.NettyConfigKeys$DataStream (ConfUtils.java:logGet(46)) - raft.netty.dataStream.client.reply.queue.grace-period = 1s (default)
2022-07-06 17:18:45,182 [s1-NettyServerStreamRpc-workerGroup--thread2] INFO  netty.NettyConfigKeys$DataStream (ConfUtils.java:logGet(46)) - raft.netty.dataStream.client.worker-group.share = false (default)
2022-07-06 17:18:45,183 [s1-NettyServerStreamRpc-workerGroup--thread2] INFO  netty.NettyConfigKeys$DataStream (ConfUtils.java:logGet(46)) - raft.netty.dataStream.client.worker-group.size = 4 (default)
2022-07-06 17:18:45,184 [s0-NettyServerStreamRpc-bossGroup--thread1] INFO  logging.LoggingHandler (AbstractInternalLogger.java:log(148)) - [id: 0x91e049bd, L:/0.0.0.0:36771] READ: [id: 0x51d76cf8, L:/127.0.0.1:36771 - R:/127.0.0.1:49030]
2022-07-06 17:18:45,184 [s0-NettyServerStreamRpc-bossGroup--thread1] INFO  logging.LoggingHandler (AbstractInternalLogger.java:log(148)) - [id: 0x91e049bd, L:/0.0.0.0:36771] READ COMPLETE
2022-07-06 17:18:45,184 [s1-NettyServerStreamRpc-workerGroup--thread2] INFO  client.DataStreamClient (ConfUtils.java:logGet(46)) - raft.datastream.type = NETTY (custom)
2022-07-06 17:18:45,184 [s1-NettyServerStreamRpc-workerGroup--thread2] INFO  netty.NettyConfigKeys$DataStream (ConfUtils.java:logGet(46)) - raft.netty.dataStream.client.tls.conf = null (default)
2022-07-06 17:18:45,185 [s1-NettyServerStreamRpc-workerGroup--thread2] INFO  netty.NettyConfigKeys$DataStream (ConfUtils.java:logGet(46)) - raft.netty.dataStream.client.reply.queue.grace-period = 1s (default)
2022-07-06 17:18:45,185 [s1-NettyServerStreamRpc-workerGroup--thread2] INFO  netty.NettyConfigKeys$DataStream (ConfUtils.java:logGet(46)) - raft.netty.dataStream.client.worker-group.share = false (default)
2022-07-06 17:18:45,185 [s1-NettyServerStreamRpc-workerGroup--thread2] INFO  netty.NettyConfigKeys$DataStream (ConfUtils.java:logGet(46)) - raft.netty.dataStream.client.worker-group.size = 4 (default)
2022-07-06 17:18:45,186 [s1-NettyServerStreamRpc-bossGroup--thread1] INFO  logging.LoggingHandler (AbstractInternalLogger.java:log(148)) - [id: 0xe19e4865, L:/0.0.0.0:44419] READ: [id: 0x31bab53c, L:/127.0.0.1:44419 - R:/127.0.0.1:40542]
2022-07-06 17:18:45,187 [s1-NettyServerStreamRpc-bossGroup--thread1] INFO  logging.LoggingHandler (AbstractInternalLogger.java:log(148)) - [id: 0xe19e4865, L:/0.0.0.0:44419] READ COMPLETE
2022-07-06 17:18:45,188 [s0-NettyServerStreamRpc-bossGroup--thread1] INFO  logging.LoggingHandler (AbstractInternalLogger.java:log(148)) - [id: 0x91e049bd, L:/0.0.0.0:36771] READ: [id: 0xa9443d75, L:/127.0.0.1:36771 - R:/127.0.0.1:49034]
2022-07-06 17:18:45,188 [s0-NettyServerStreamRpc-bossGroup--thread1] INFO  logging.LoggingHandler (AbstractInternalLogger.java:log(148)) - [id: 0x91e049bd, L:/0.0.0.0:36771] READ COMPLETE
2022-07-06 17:18:45,188 [s1-NettyServerStreamRpc-workerGroup--thread1] INFO  client.DataStreamClient (ConfUtils.java:logGet(46)) - raft.datastream.type = NETTY (custom)
2022-07-06 17:18:45,188 [s1-NettyServerStreamRpc-workerGroup--thread1] INFO  netty.NettyConfigKeys$DataStream (ConfUtils.java:logGet(46)) - raft.netty.dataStream.client.tls.conf = null (default)
2022-07-06 17:18:45,188 [s1-NettyServerStreamRpc-workerGroup--thread1] INFO  netty.NettyConfigKeys$DataStream (ConfUtils.java:logGet(46)) - raft.netty.dataStream.client.reply.queue.grace-period = 1s (default)
2022-07-06 17:18:45,188 [s1-NettyServerStreamRpc-workerGroup--thread1] INFO  netty.NettyConfigKeys$DataStream (ConfUtils.java:logGet(46)) - raft.netty.dataStream.client.worker-group.share = false (default)
2022-07-06 17:18:45,188 [s1-NettyServerStreamRpc-workerGroup--thread1] INFO  netty.NettyConfigKeys$DataStream (ConfUtils.java:logGet(46)) - raft.netty.dataStream.client.worker-group.size = 4 (default)
2022-07-06 17:18:45,212 [s2-NettyServerStreamRpc-bossGroup--thread1] INFO  logging.LoggingHandler (AbstractInternalLogger.java:log(148)) - [id: 0x0ea598cb, L:/0.0.0.0:44561] READ: [id: 0x785f2f2b, L:/127.0.0.1:44561 - R:/127.0.0.1:35420]
2022-07-06 17:18:45,212 [s2-NettyServerStreamRpc-bossGroup--thread1] INFO  logging.LoggingHandler (AbstractInternalLogger.java:log(148)) - [id: 0x0ea598cb, L:/0.0.0.0:44561] READ COMPLETE
2022-07-06 17:18:45,215 [s2-NettyServerStreamRpc-workerGroup--thread1] INFO  client.DataStreamClient (ConfUtils.java:logGet(46)) - raft.datastream.type = NETTY (custom)
2022-07-06 17:18:45,216 [s2-NettyServerStreamRpc-workerGroup--thread1] INFO  netty.NettyConfigKeys$DataStream (ConfUtils.java:logGet(46)) - raft.netty.dataStream.client.tls.conf = null (default)
2022-07-06 17:18:45,216 [s2-NettyServerStreamRpc-workerGroup--thread1] INFO  netty.NettyConfigKeys$DataStream (ConfUtils.java:logGet(46)) - raft.netty.dataStream.client.reply.queue.grace-period = 1s (default)
2022-07-06 17:18:45,216 [s2-NettyServerStreamRpc-workerGroup--thread1] INFO  netty.NettyConfigKeys$DataStream (ConfUtils.java:logGet(46)) - raft.netty.dataStream.client.worker-group.share = false (default)
2022-07-06 17:18:45,216 [s2-NettyServerStreamRpc-workerGroup--thread1] INFO  netty.NettyConfigKeys$DataStream (ConfUtils.java:logGet(46)) - raft.netty.dataStream.client.worker-group.size = 4 (default)
2022-07-06 17:18:45,217 [s0-NettyServerStreamRpc-bossGroup--thread1] INFO  logging.LoggingHandler (AbstractInternalLogger.java:log(148)) - [id: 0x91e049bd, L:/0.0.0.0:36771] READ: [id: 0xcc384ae5, L:/127.0.0.1:36771 - R:/127.0.0.1:49038]
2022-07-06 17:18:45,217 [s2-NettyServerStreamRpc-workerGroup--thread1] INFO  client.DataStreamClient (ConfUtils.java:logGet(46)) - raft.datastream.type = NETTY (custom)
2022-07-06 17:18:45,218 [s2-NettyServerStreamRpc-workerGroup--thread1] INFO  netty.NettyConfigKeys$DataStream (ConfUtils.java:logGet(46)) - raft.netty.dataStream.client.tls.conf = null (default)
2022-07-06 17:18:45,218 [s2-NettyServerStreamRpc-workerGroup--thread1] INFO  netty.NettyConfigKeys$DataStream (ConfUtils.java:logGet(46)) - raft.netty.dataStream.client.reply.queue.grace-period = 1s (default)
2022-07-06 17:18:45,218 [s2-NettyServerStreamRpc-workerGroup--thread1] INFO  netty.NettyConfigKeys$DataStream (ConfUtils.java:logGet(46)) - raft.netty.dataStream.client.worker-group.share = false (default)
2022-07-06 17:18:45,218 [s2-NettyServerStreamRpc-workerGroup--thread1] INFO  netty.NettyConfigKeys$DataStream (ConfUtils.java:logGet(46)) - raft.netty.dataStream.client.worker-group.size = 4 (default)
2022-07-06 17:18:45,218 [s0-NettyServerStreamRpc-bossGroup--thread1] INFO  logging.LoggingHandler (AbstractInternalLogger.java:log(148)) - [id: 0x91e049bd, L:/0.0.0.0:36771] READ COMPLETE
2022-07-06 17:18:45,219 [s2-NettyServerStreamRpc-bossGroup--thread1] INFO  logging.LoggingHandler (AbstractInternalLogger.java:log(148)) - [id: 0x0ea598cb, L:/0.0.0.0:44561] READ: [id: 0xeb80a520, L:/127.0.0.1:44561 - R:/127.0.0.1:35424]
2022-07-06 17:18:45,219 [s2-NettyServerStreamRpc-bossGroup--thread1] INFO  logging.LoggingHandler (AbstractInternalLogger.java:log(148)) - [id: 0x0ea598cb, L:/0.0.0.0:44561] READ COMPLETE
2022-07-06 17:18:45,221 [s0-NettyServerStreamRpc-bossGroup--thread1] INFO  logging.LoggingHandler (AbstractInternalLogger.java:log(148)) - [id: 0x91e049bd, L:/0.0.0.0:36771] READ: [id: 0xc890605f, L:/127.0.0.1:36771 - R:/127.0.0.1:49042]
2022-07-06 17:18:45,221 [s0-NettyServerStreamRpc-bossGroup--thread1] INFO  logging.LoggingHandler (AbstractInternalLogger.java:log(148)) - [id: 0x91e049bd, L:/0.0.0.0:36771] READ COMPLETE
2022-07-06 17:18:45,221 [s1-NettyServerStreamRpc-workerGroup--thread3] INFO  client.DataStreamClient (ConfUtils.java:logGet(46)) - raft.datastream.type = NETTY (custom)
2022-07-06 17:18:45,221 [s1-NettyServerStreamRpc-workerGroup--thread3] INFO  netty.NettyConfigKeys$DataStream (ConfUtils.java:logGet(46)) - raft.netty.dataStream.client.tls.conf = null (default)
2022-07-06 17:18:45,221 [s1-NettyServerStreamRpc-workerGroup--thread3] INFO  netty.NettyConfigKeys$DataStream (ConfUtils.java:logGet(46)) - raft.netty.dataStream.client.reply.queue.grace-period = 1s (default)
2022-07-06 17:18:45,222 [s1-NettyServerStreamRpc-workerGroup--thread3] INFO  netty.NettyConfigKeys$DataStream (ConfUtils.java:logGet(46)) - raft.netty.dataStream.client.worker-group.share = false (default)
2022-07-06 17:18:45,222 [s1-NettyServerStreamRpc-workerGroup--thread3] INFO  netty.NettyConfigKeys$DataStream (ConfUtils.java:logGet(46)) - raft.netty.dataStream.client.worker-group.size = 4 (default)
2022-07-06 17:18:45,224 [s2-NettyServerStreamRpc-workerGroup--thread2] INFO  client.DataStreamClient (ConfUtils.java:logGet(46)) - raft.datastream.type = NETTY (custom)
2022-07-06 17:18:45,224 [s2-NettyServerStreamRpc-workerGroup--thread2] INFO  netty.NettyConfigKeys$DataStream (ConfUtils.java:logGet(46)) - raft.netty.dataStream.client.tls.conf = null (default)
2022-07-06 17:18:45,224 [s2-NettyServerStreamRpc-workerGroup--thread2] INFO  netty.NettyConfigKeys$DataStream (ConfUtils.java:logGet(46)) - raft.netty.dataStream.client.reply.queue.grace-period = 1s (default)
2022-07-06 17:18:45,224 [s2-NettyServerStreamRpc-workerGroup--thread2] INFO  netty.NettyConfigKeys$DataStream (ConfUtils.java:logGet(46)) - raft.netty.dataStream.client.worker-group.share = false (default)
2022-07-06 17:18:45,224 [s2-NettyServerStreamRpc-workerGroup--thread2] INFO  netty.NettyConfigKeys$DataStream (ConfUtils.java:logGet(46)) - raft.netty.dataStream.client.worker-group.size = 4 (default)
2022-07-06 17:18:45,227 [s0-NettyServerStreamRpc-bossGroup--thread1] INFO  logging.LoggingHandler (AbstractInternalLogger.java:log(148)) - [id: 0x91e049bd, L:/0.0.0.0:36771] READ: [id: 0x4aa2ae8b, L:/127.0.0.1:36771 - R:/127.0.0.1:49044]
2022-07-06 17:18:45,227 [s0-NettyServerStreamRpc-bossGroup--thread1] INFO  logging.LoggingHandler (AbstractInternalLogger.java:log(148)) - [id: 0x91e049bd, L:/0.0.0.0:36771] READ COMPLETE
2022-07-06 17:18:45,227 [s2-NettyServerStreamRpc-workerGroup--thread3] INFO  client.DataStreamClient (ConfUtils.java:logGet(46)) - raft.datastream.type = NETTY (custom)
2022-07-06 17:18:45,228 [s2-NettyServerStreamRpc-workerGroup--thread3] INFO  netty.NettyConfigKeys$DataStream (ConfUtils.java:logGet(46)) - raft.netty.dataStream.client.tls.conf = null (default)
2022-07-06 17:18:45,228 [s2-NettyServerStreamRpc-workerGroup--thread3] INFO  netty.NettyConfigKeys$DataStream (ConfUtils.java:logGet(46)) - raft.netty.dataStream.client.reply.queue.grace-period = 1s (default)
2022-07-06 17:18:45,228 [s2-NettyServerStreamRpc-workerGroup--thread3] INFO  netty.NettyConfigKeys$DataStream (ConfUtils.java:logGet(46)) - raft.netty.dataStream.client.worker-group.share = false (default)
2022-07-06 17:18:45,228 [s2-NettyServerStreamRpc-workerGroup--thread3] INFO  netty.NettyConfigKeys$DataStream (ConfUtils.java:logGet(46)) - raft.netty.dataStream.client.worker-group.size = 4 (default)
2022-07-06 17:18:45,233 [s2-NettyServerStreamRpc-bossGroup--thread1] INFO  logging.LoggingHandler (AbstractInternalLogger.java:log(148)) - [id: 0x0ea598cb, L:/0.0.0.0:44561] READ: [id: 0xe39f1cd9, L:/127.0.0.1:44561 - R:/127.0.0.1:35430]
2022-07-06 17:18:45,233 [s2-NettyServerStreamRpc-bossGroup--thread1] INFO  logging.LoggingHandler (AbstractInternalLogger.java:log(148)) - [id: 0x0ea598cb, L:/0.0.0.0:44561] READ COMPLETE
2022-07-06 17:18:45,235 [s1-NettyServerStreamRpc-workerGroup--thread2] INFO  client.DataStreamClient (ConfUtils.java:logGet(46)) - raft.datastream.type = NETTY (custom)
2022-07-06 17:18:45,235 [s1-NettyServerStreamRpc-workerGroup--thread2] INFO  netty.NettyConfigKeys$DataStream (ConfUtils.java:logGet(46)) - raft.netty.dataStream.client.tls.conf = null (default)
2022-07-06 17:18:45,236 [s1-NettyServerStreamRpc-workerGroup--thread2] INFO  netty.NettyConfigKeys$DataStream (ConfUtils.java:logGet(46)) - raft.netty.dataStream.client.reply.queue.grace-period = 1s (default)
2022-07-06 17:18:45,236 [s1-NettyServerStreamRpc-workerGroup--thread2] INFO  netty.NettyConfigKeys$DataStream (ConfUtils.java:logGet(46)) - raft.netty.dataStream.client.worker-group.share = false (default)
2022-07-06 17:18:45,236 [s1-NettyServerStreamRpc-workerGroup--thread2] INFO  netty.NettyConfigKeys$DataStream (ConfUtils.java:logGet(46)) - raft.netty.dataStream.client.worker-group.size = 4 (default)
2022-07-06 17:18:45,237 [s0-NettyServerStreamRpc-bossGroup--thread1] INFO  logging.LoggingHandler (AbstractInternalLogger.java:log(148)) - [id: 0x91e049bd, L:/0.0.0.0:36771] READ: [id: 0xe6e90668, L:/127.0.0.1:36771 - R:/127.0.0.1:49048]
2022-07-06 17:18:45,238 [s0-NettyServerStreamRpc-bossGroup--thread1] INFO  logging.LoggingHandler (AbstractInternalLogger.java:log(148)) - [id: 0x91e049bd, L:/0.0.0.0:36771] READ COMPLETE
2022-07-06 17:18:45,238 [s1-NettyServerStreamRpc-workerGroup--thread2] INFO  client.DataStreamClient (ConfUtils.java:logGet(46)) - raft.datastream.type = NETTY (custom)
2022-07-06 17:18:45,238 [s1-NettyServerStreamRpc-workerGroup--thread2] INFO  netty.NettyConfigKeys$DataStream (ConfUtils.java:logGet(46)) - raft.netty.dataStream.client.tls.conf = null (default)
2022-07-06 17:18:45,238 [s1-NettyServerStreamRpc-workerGroup--thread2] INFO  netty.NettyConfigKeys$DataStream (ConfUtils.java:logGet(46)) - raft.netty.dataStream.client.reply.queue.grace-period = 1s (default)
2022-07-06 17:18:45,238 [s1-NettyServerStreamRpc-workerGroup--thread2] INFO  netty.NettyConfigKeys$DataStream (ConfUtils.java:logGet(46)) - raft.netty.dataStream.client.worker-group.share = false (default)
2022-07-06 17:18:45,238 [s1-NettyServerStreamRpc-workerGroup--thread2] INFO  netty.NettyConfigKeys$DataStream (ConfUtils.java:logGet(46)) - raft.netty.dataStream.client.worker-group.size = 4 (default)
2022-07-06 17:18:45,240 [s1-NettyServerStreamRpc-bossGroup--thread1] INFO  logging.LoggingHandler (AbstractInternalLogger.java:log(148)) - [id: 0xe19e4865, L:/0.0.0.0:44419] READ: [id: 0x0ff3f6b5, L:/127.0.0.1:44419 - R:/127.0.0.1:40560]
2022-07-06 17:18:45,240 [s1-NettyServerStreamRpc-bossGroup--thread1] INFO  logging.LoggingHandler (AbstractInternalLogger.java:log(148)) - [id: 0xe19e4865, L:/0.0.0.0:44419] READ COMPLETE
2022-07-06 17:18:45,302 [s2-NettyServerStreamRpc-bossGroup--thread1] INFO  logging.LoggingHandler (AbstractInternalLogger.java:log(148)) - [id: 0x0ea598cb, L:/0.0.0.0:44561] READ: [id: 0x4685a097, L:/127.0.0.1:44561 - R:/127.0.0.1:35436]
2022-07-06 17:18:45,303 [s2-NettyServerStreamRpc-bossGroup--thread1] INFO  logging.LoggingHandler (AbstractInternalLogger.java:log(148)) - [id: 0x0ea598cb, L:/0.0.0.0:44561] READ COMPLETE
2022-07-06 17:18:45,303 [s1-NettyServerStreamRpc-workerGroup--thread1] INFO  client.DataStreamClient (ConfUtils.java:logGet(46)) - raft.datastream.type = NETTY (custom)
2022-07-06 17:18:45,303 [s1-NettyServerStreamRpc-workerGroup--thread1] INFO  netty.NettyConfigKeys$DataStream (ConfUtils.java:logGet(46)) - raft.netty.dataStream.client.tls.conf = null (default)
2022-07-06 17:18:45,304 [s1-NettyServerStreamRpc-workerGroup--thread1] INFO  netty.NettyConfigKeys$DataStream (ConfUtils.java:logGet(46)) - raft.netty.dataStream.client.reply.queue.grace-period = 1s (default)
2022-07-06 17:18:45,304 [s1-NettyServerStreamRpc-workerGroup--thread1] INFO  netty.NettyConfigKeys$DataStream (ConfUtils.java:logGet(46)) - raft.netty.dataStream.client.worker-group.share = false (default)
2022-07-06 17:18:45,304 [s1-NettyServerStreamRpc-workerGroup--thread1] INFO  netty.NettyConfigKeys$DataStream (ConfUtils.java:logGet(46)) - raft.netty.dataStream.client.worker-group.size = 4 (default)
2022-07-06 17:18:45,312 [s2-NettyServerStreamRpc-workerGroup--thread2] INFO  client.DataStreamClient (ConfUtils.java:logGet(46)) - raft.datastream.type = NETTY (custom)
2022-07-06 17:18:45,312 [s0-NettyServerStreamRpc-bossGroup--thread1] INFO  logging.LoggingHandler (AbstractInternalLogger.java:log(148)) - [id: 0x91e049bd, L:/0.0.0.0:36771] READ: [id: 0x822fadd2, L:/127.0.0.1:36771 - R:/127.0.0.1:49054]
2022-07-06 17:18:45,313 [s0-NettyServerStreamRpc-bossGroup--thread1] INFO  logging.LoggingHandler (AbstractInternalLogger.java:log(148)) - [id: 0x91e049bd, L:/0.0.0.0:36771] READ COMPLETE
2022-07-06 17:18:45,313 [s2-NettyServerStreamRpc-workerGroup--thread2] INFO  netty.NettyConfigKeys$DataStream (ConfUtils.java:logGet(46)) - raft.netty.dataStream.client.tls.conf = null (default)
2022-07-06 17:18:45,313 [s2-NettyServerStreamRpc-workerGroup--thread2] INFO  netty.NettyConfigKeys$DataStream (ConfUtils.java:logGet(46)) - raft.netty.dataStream.client.reply.queue.grace-period = 1s (default)
2022-07-06 17:18:45,314 [s2-NettyServerStreamRpc-workerGroup--thread2] INFO  netty.NettyConfigKeys$DataStream (ConfUtils.java:logGet(46)) - raft.netty.dataStream.client.worker-group.share = false (default)
2022-07-06 17:18:45,314 [s2-NettyServerStreamRpc-workerGroup--thread2] INFO  netty.NettyConfigKeys$DataStream (ConfUtils.java:logGet(46)) - raft.netty.dataStream.client.worker-group.size = 4 (default)
2022-07-06 17:18:45,314 [s1-NettyServerStreamRpc-bossGroup--thread1] INFO  logging.LoggingHandler (AbstractInternalLogger.java:log(148)) - [id: 0xe19e4865, L:/0.0.0.0:44419] READ: [id: 0x4f071982, L:/127.0.0.1:44419 - R:/127.0.0.1:40566]
2022-07-06 17:18:45,314 [s1-NettyServerStreamRpc-bossGroup--thread1] INFO  logging.LoggingHandler (AbstractInternalLogger.java:log(148)) - [id: 0xe19e4865, L:/0.0.0.0:44419] READ COMPLETE
2022-07-06 17:18:45,320 [s2-NettyServerStreamRpc-workerGroup--thread1] INFO  client.DataStreamClient (ConfUtils.java:logGet(46)) - raft.datastream.type = NETTY (custom)
2022-07-06 17:18:45,320 [s2-NettyServerStreamRpc-workerGroup--thread1] INFO  netty.NettyConfigKeys$DataStream (ConfUtils.java:logGet(46)) - raft.netty.dataStream.client.tls.conf = null (default)
2022-07-06 17:18:45,321 [s2-NettyServerStreamRpc-workerGroup--thread1] INFO  netty.NettyConfigKeys$DataStream (ConfUtils.java:logGet(46)) - raft.netty.dataStream.client.reply.queue.grace-period = 1s (default)
2022-07-06 17:18:45,321 [s2-NettyServerStreamRpc-workerGroup--thread1] INFO  netty.NettyConfigKeys$DataStream (ConfUtils.java:logGet(46)) - raft.netty.dataStream.client.worker-group.share = false (default)
2022-07-06 17:18:45,321 [s2-NettyServerStreamRpc-workerGroup--thread1] INFO  netty.NettyConfigKeys$DataStream (ConfUtils.java:logGet(46)) - raft.netty.dataStream.client.worker-group.size = 4 (default)
2022-07-06 17:18:45,327 [s1-NettyServerStreamRpc-workerGroup--thread3] INFO  client.DataStreamClient (ConfUtils.java:logGet(46)) - raft.datastream.type = NETTY (custom)
2022-07-06 17:18:45,327 [s1-NettyServerStreamRpc-workerGroup--thread3] INFO  netty.NettyConfigKeys$DataStream (ConfUtils.java:logGet(46)) - raft.netty.dataStream.client.tls.conf = null (default)
2022-07-06 17:18:45,327 [s1-NettyServerStreamRpc-workerGroup--thread3] INFO  netty.NettyConfigKeys$DataStream (ConfUtils.java:logGet(46)) - raft.netty.dataStream.client.reply.queue.grace-period = 1s (default)
2022-07-06 17:18:45,328 [s1-NettyServerStreamRpc-workerGroup--thread3] INFO  netty.NettyConfigKeys$DataStream (ConfUtils.java:logGet(46)) - raft.netty.dataStream.client.worker-group.share = false (default)
2022-07-06 17:18:45,328 [s1-NettyServerStreamRpc-workerGroup--thread3] INFO  netty.NettyConfigKeys$DataStream (ConfUtils.java:logGet(46)) - raft.netty.dataStream.client.worker-group.size = 4 (default)
2022-07-06 17:18:45,332 [s1-NettyServerStreamRpc-bossGroup--thread1] INFO  logging.LoggingHandler (AbstractInternalLogger.java:log(148)) - [id: 0xe19e4865, L:/0.0.0.0:44419] READ: [id: 0x7571ba0e, L:/127.0.0.1:44419 - R:/127.0.0.1:40572]
2022-07-06 17:18:45,332 [s1-NettyServerStreamRpc-bossGroup--thread1] INFO  logging.LoggingHandler (AbstractInternalLogger.java:log(148)) - [id: 0xe19e4865, L:/0.0.0.0:44419] READ COMPLETE
2022-07-06 17:18:45,333 [s2-NettyServerStreamRpc-workerGroup--thread3] INFO  client.DataStreamClient (ConfUtils.java:logGet(46)) - raft.datastream.type = NETTY (custom)
2022-07-06 17:18:45,333 [s2-NettyServerStreamRpc-workerGroup--thread3] INFO  netty.NettyConfigKeys$DataStream (ConfUtils.java:logGet(46)) - raft.netty.dataStream.client.tls.conf = null (default)
2022-07-06 17:18:45,333 [s2-NettyServerStreamRpc-workerGroup--thread3] INFO  netty.NettyConfigKeys$DataStream (ConfUtils.java:logGet(46)) - raft.netty.dataStream.client.reply.queue.grace-period = 1s (default)
2022-07-06 17:18:45,333 [s2-NettyServerStreamRpc-workerGroup--thread3] INFO  netty.NettyConfigKeys$DataStream (ConfUtils.java:logGet(46)) - raft.netty.dataStream.client.worker-group.share = false (default)
2022-07-06 17:18:45,333 [s2-NettyServerStreamRpc-workerGroup--thread3] INFO  netty.NettyConfigKeys$DataStream (ConfUtils.java:logGet(46)) - raft.netty.dataStream.client.worker-group.size = 4 (default)
2022-07-06 17:18:45,340 [s0-NettyServerStreamRpc-bossGroup--thread1] INFO  logging.LoggingHandler (AbstractInternalLogger.java:log(148)) - [id: 0x91e049bd, L:/0.0.0.0:36771] READ: [id: 0xfabcb115, L:/127.0.0.1:36771 - R:/127.0.0.1:49058]
2022-07-06 17:18:45,340 [s0-NettyServerStreamRpc-bossGroup--thread1] INFO  logging.LoggingHandler (AbstractInternalLogger.java:log(148)) - [id: 0x91e049bd, L:/0.0.0.0:36771] READ: [id: 0x9aead93a, L:/127.0.0.1:36771 - R:/127.0.0.1:49060]
2022-07-06 17:18:45,340 [s0-NettyServerStreamRpc-bossGroup--thread1] INFO  logging.LoggingHandler (AbstractInternalLogger.java:log(148)) - [id: 0x91e049bd, L:/0.0.0.0:36771] READ COMPLETE
2022-07-06 17:18:45,353 [s1-NettyServerStreamRpc-bossGroup--thread1] INFO  logging.LoggingHandler (AbstractInternalLogger.java:log(148)) - [id: 0xe19e4865, L:/0.0.0.0:44419] READ: [id: 0xdf031d35, L:/127.0.0.1:44419 - R:/127.0.0.1:40574]
2022-07-06 17:18:45,353 [s1-NettyServerStreamRpc-bossGroup--thread1] INFO  logging.LoggingHandler (AbstractInternalLogger.java:log(148)) - [id: 0xe19e4865, L:/0.0.0.0:44419] READ COMPLETE
2022-07-06 17:18:45,354 [s2-NettyServerStreamRpc-workerGroup--thread3] INFO  client.DataStreamClient (ConfUtils.java:logGet(46)) - raft.datastream.type = NETTY (custom)
2022-07-06 17:18:45,354 [s2-NettyServerStreamRpc-workerGroup--thread3] INFO  netty.NettyConfigKeys$DataStream (ConfUtils.java:logGet(46)) - raft.netty.dataStream.client.tls.conf = null (default)
2022-07-06 17:18:45,355 [s2-NettyServerStreamRpc-workerGroup--thread3] INFO  netty.NettyConfigKeys$DataStream (ConfUtils.java:logGet(46)) - raft.netty.dataStream.client.reply.queue.grace-period = 1s (default)
2022-07-06 17:18:45,355 [s2-NettyServerStreamRpc-workerGroup--thread3] INFO  netty.NettyConfigKeys$DataStream (ConfUtils.java:logGet(46)) - raft.netty.dataStream.client.worker-group.share = false (default)
2022-07-06 17:18:45,355 [s2-NettyServerStreamRpc-workerGroup--thread3] INFO  netty.NettyConfigKeys$DataStream (ConfUtils.java:logGet(46)) - raft.netty.dataStream.client.worker-group.size = 4 (default)
2022-07-06 17:18:45,365 [s0-NettyServerStreamRpc-bossGroup--thread1] INFO  logging.LoggingHandler (AbstractInternalLogger.java:log(148)) - [id: 0x91e049bd, L:/0.0.0.0:36771] READ: [id: 0xd0d17e14, L:/127.0.0.1:36771 - R:/127.0.0.1:49066]
2022-07-06 17:18:45,365 [s0-NettyServerStreamRpc-bossGroup--thread1] INFO  logging.LoggingHandler (AbstractInternalLogger.java:log(148)) - [id: 0x91e049bd, L:/0.0.0.0:36771] READ COMPLETE
2022-07-06 17:18:45,366 [s2-NettyServerStreamRpc-workerGroup--thread3] INFO  client.DataStreamClient (ConfUtils.java:logGet(46)) - raft.datastream.type = NETTY (custom)
2022-07-06 17:18:45,366 [s2-NettyServerStreamRpc-workerGroup--thread3] INFO  netty.NettyConfigKeys$DataStream (ConfUtils.java:logGet(46)) - raft.netty.dataStream.client.tls.conf = null (default)
2022-07-06 17:18:45,366 [s2-NettyServerStreamRpc-workerGroup--thread3] INFO  netty.NettyConfigKeys$DataStream (ConfUtils.java:logGet(46)) - raft.netty.dataStream.client.reply.queue.grace-period = 1s (default)
2022-07-06 17:18:45,366 [s2-NettyServerStreamRpc-workerGroup--thread3] INFO  netty.NettyConfigKeys$DataStream (ConfUtils.java:logGet(46)) - raft.netty.dataStream.client.worker-group.share = false (default)
2022-07-06 17:18:45,366 [s2-NettyServerStreamRpc-workerGroup--thread3] INFO  netty.NettyConfigKeys$DataStream (ConfUtils.java:logGet(46)) - raft.netty.dataStream.client.worker-group.size = 4 (default)
2022-07-06 17:18:45,375 [s2-NettyServerStreamRpc-bossGroup--thread1] INFO  logging.LoggingHandler (AbstractInternalLogger.java:log(148)) - [id: 0x0ea598cb, L:/0.0.0.0:44561] READ: [id: 0x168244b2, L:/127.0.0.1:44561 - R:/127.0.0.1:35452]
2022-07-06 17:18:45,375 [s2-NettyServerStreamRpc-bossGroup--thread1] INFO  logging.LoggingHandler (AbstractInternalLogger.java:log(148)) - [id: 0x0ea598cb, L:/0.0.0.0:44561] READ COMPLETE
2022-07-06 17:18:45,396 [s1-NettyServerStreamRpc-bossGroup--thread1] INFO  logging.LoggingHandler (AbstractInternalLogger.java:log(148)) - [id: 0xe19e4865, L:/0.0.0.0:44419] READ: [id: 0x0efc2e41, L:/127.0.0.1:44419 - R:/127.0.0.1:40580]
2022-07-06 17:18:45,396 [s1-NettyServerStreamRpc-bossGroup--thread1] INFO  logging.LoggingHandler (AbstractInternalLogger.java:log(148)) - [id: 0xe19e4865, L:/0.0.0.0:44419] READ COMPLETE
2022-07-06 17:18:45,398 [s2-NettyServerStreamRpc-workerGroup--thread3] INFO  client.DataStreamClient (ConfUtils.java:logGet(46)) - raft.datastream.type = NETTY (custom)
2022-07-06 17:18:45,398 [s2-NettyServerStreamRpc-workerGroup--thread3] INFO  netty.NettyConfigKeys$DataStream (ConfUtils.java:logGet(46)) - raft.netty.dataStream.client.tls.conf = null (default)
2022-07-06 17:18:45,399 [s2-NettyServerStreamRpc-workerGroup--thread3] INFO  netty.NettyConfigKeys$DataStream (ConfUtils.java:logGet(46)) - raft.netty.dataStream.client.reply.queue.grace-period = 1s (default)
2022-07-06 17:18:45,400 [s2-NettyServerStreamRpc-workerGroup--thread3] INFO  netty.NettyConfigKeys$DataStream (ConfUtils.java:logGet(46)) - raft.netty.dataStream.client.worker-group.share = false (default)
2022-07-06 17:18:45,400 [s2-NettyServerStreamRpc-workerGroup--thread3] INFO  netty.NettyConfigKeys$DataStream (ConfUtils.java:logGet(46)) - raft.netty.dataStream.client.worker-group.size = 4 (default)
2022-07-06 17:18:45,450 [s0-NettyServerStreamRpc-bossGroup--thread1] INFO  logging.LoggingHandler (AbstractInternalLogger.java:log(148)) - [id: 0x91e049bd, L:/0.0.0.0:36771] READ: [id: 0x983f7c2a, L:/127.0.0.1:36771 - R:/127.0.0.1:49072]
2022-07-06 17:18:45,450 [s0-NettyServerStreamRpc-bossGroup--thread1] INFO  logging.LoggingHandler (AbstractInternalLogger.java:log(148)) - [id: 0x91e049bd, L:/0.0.0.0:36771] READ COMPLETE
2022-07-06 17:18:45,452 [s2-NettyServerStreamRpc-workerGroup--thread3] INFO  client.DataStreamClient (ConfUtils.java:logGet(46)) - raft.datastream.type = NETTY (custom)
2022-07-06 17:18:45,453 [s2-NettyServerStreamRpc-workerGroup--thread3] INFO  netty.NettyConfigKeys$DataStream (ConfUtils.java:logGet(46)) - raft.netty.dataStream.client.tls.conf = null (default)
2022-07-06 17:18:45,453 [s2-NettyServerStreamRpc-workerGroup--thread3] INFO  netty.NettyConfigKeys$DataStream (ConfUtils.java:logGet(46)) - raft.netty.dataStream.client.reply.queue.grace-period = 1s (default)
2022-07-06 17:18:45,453 [s2-NettyServerStreamRpc-workerGroup--thread3] INFO  netty.NettyConfigKeys$DataStream (ConfUtils.java:logGet(46)) - raft.netty.dataStream.client.worker-group.share = false (default)
2022-07-06 17:18:45,453 [s2-NettyServerStreamRpc-workerGroup--thread3] INFO  netty.NettyConfigKeys$DataStream (ConfUtils.java:logGet(46)) - raft.netty.dataStream.client.worker-group.size = 4 (default)
2022-07-06 17:18:45,485 [s1-NettyServerStreamRpc-bossGroup--thread1] INFO  logging.LoggingHandler (AbstractInternalLogger.java:log(148)) - [id: 0xe19e4865, L:/0.0.0.0:44419] READ: [id: 0x9143982b, L:/127.0.0.1:44419 - R:/127.0.0.1:40584]
2022-07-06 17:18:45,485 [s1-NettyServerStreamRpc-bossGroup--thread1] INFO  logging.LoggingHandler (AbstractInternalLogger.java:log(148)) - [id: 0xe19e4865, L:/0.0.0.0:44419] READ COMPLETE
2022-07-06 17:18:45,851 [pool-9-thread-15] INFO  datastream.DataStreamTestUtils (DataStreamTestUtils.java:writeAndCloseAndAssertReplies(320)) - Stream381: bytesWritten=7201186
2022-07-06 17:18:45,855 [pool-9-thread-16] INFO  datastream.DataStreamTestUtils (DataStreamTestUtils.java:writeAndCloseAndAssertReplies(320)) - Stream382: bytesWritten=7339641
2022-07-06 17:18:45,892 [pool-9-thread-12] INFO  datastream.DataStreamTestUtils (DataStreamTestUtils.java:writeAndCloseAndAssertReplies(320)) - Stream376: bytesWritten=7426583
2022-07-06 17:18:45,892 [pool-9-thread-10] INFO  datastream.DataStreamTestUtils (DataStreamTestUtils.java:writeAndCloseAndAssertReplies(320)) - Stream379: bytesWritten=6988275
2022-07-06 17:18:45,949 [pool-9-thread-14] INFO  datastream.DataStreamTestUtils (DataStreamTestUtils.java:writeAndCloseAndAssertReplies(320)) - Stream378: bytesWritten=7783716
2022-07-06 17:18:45,976 [s0-client-thread2] INFO  statemachine.StateMachine (DataStreamTestUtils.java:link(157)) - link SingleDataStream: writeRequest=RaftClientRequest:client-F868B5FF963F->s2@group-CD87ED06CC9F, cid=382, seq=0, DataStream, Message:<EMPTY>, logEntry=null
2022-07-06 17:18:45,978 [s2-server-thread1] INFO  statemachine.StateMachine (DataStreamTestUtils.java:link(157)) - link SingleDataStream: writeRequest=RaftClientRequest:client-F868B5FF963F->s2@group-CD87ED06CC9F, cid=382, seq=0, DataStream, Message:<EMPTY>, logEntry=null
2022-07-06 17:18:45,979 [s0-client-thread2] INFO  statemachine.StateMachine (DataStreamTestUtils.java:link(157)) - link SingleDataStream: writeRequest=RaftClientRequest:client-DD80B7885CE5->s2@group-CD87ED06CC9F, cid=381, seq=0, DataStream, Message:<EMPTY>, logEntry=null
2022-07-06 17:18:45,980 [s1-server-thread1] INFO  statemachine.StateMachine (DataStreamTestUtils.java:link(157)) - link SingleDataStream: writeRequest=RaftClientRequest:client-F868B5FF963F->s2@group-CD87ED06CC9F, cid=382, seq=0, DataStream, Message:<EMPTY>, logEntry=null
2022-07-06 17:18:45,982 [s2-server-thread1] INFO  statemachine.StateMachine (DataStreamTestUtils.java:link(157)) - link SingleDataStream: writeRequest=RaftClientRequest:client-DD80B7885CE5->s2@group-CD87ED06CC9F, cid=381, seq=0, DataStream, Message:<EMPTY>, logEntry=null
2022-07-06 17:18:45,984 [s1-server-thread1] INFO  statemachine.StateMachine (DataStreamTestUtils.java:link(157)) - link SingleDataStream: writeRequest=RaftClientRequest:client-DD80B7885CE5->s2@group-CD87ED06CC9F, cid=381, seq=0, DataStream, Message:<EMPTY>, logEntry=null
2022-07-06 17:18:45,991 [s0-client-thread2] INFO  statemachine.StateMachine (DataStreamTestUtils.java:link(157)) - link SingleDataStream: writeRequest=RaftClientRequest:client-B92E392539EB->s1@group-CD87ED06CC9F, cid=379, seq=0, DataStream, Message:<EMPTY>, logEntry=null
2022-07-06 17:18:46,010 [s1-server-thread1] INFO  statemachine.StateMachine (DataStreamTestUtils.java:link(157)) - link SingleDataStream: writeRequest=RaftClientRequest:client-B92E392539EB->s1@group-CD87ED06CC9F, cid=379, seq=0, DataStream, Message:<EMPTY>, logEntry=null
2022-07-06 17:18:46,011 [s2-server-thread1] INFO  statemachine.StateMachine (DataStreamTestUtils.java:link(157)) - link SingleDataStream: writeRequest=RaftClientRequest:client-B92E392539EB->s1@group-CD87ED06CC9F, cid=379, seq=0, DataStream, Message:<EMPTY>, logEntry=null
2022-07-06 17:18:46,056 [pool-9-thread-15] INFO  datastream.DataStreamTestUtils (DataStreamTestUtils.java:writeAndCloseAndAssertReplies(311)) - start Stream383
2022-07-06 17:18:46,056 [pool-9-thread-16] INFO  datastream.DataStreamTestUtils (DataStreamTestUtils.java:writeAndCloseAndAssertReplies(311)) - start Stream384
2022-07-06 17:18:46,113 [pool-9-thread-10] INFO  datastream.DataStreamTestUtils (DataStreamTestUtils.java:writeAndCloseAndAssertReplies(311)) - start Stream385
2022-07-06 17:18:46,122 [s0-client-thread2] INFO  statemachine.StateMachine (DataStreamTestUtils.java:link(157)) - link SingleDataStream: writeRequest=RaftClientRequest:client-509372FEA6B6->s2@group-CD87ED06CC9F, cid=376, seq=0, DataStream, Message:<EMPTY>, logEntry=null
2022-07-06 17:18:46,127 [s0-client-thread1] INFO  statemachine.StateMachine (DataStreamTestUtils.java:link(157)) - link SingleDataStream: writeRequest=RaftClientRequest:client-F3B702DEE7DC->s1@group-CD87ED06CC9F, cid=378, seq=0, DataStream, Message:<EMPTY>, logEntry=null
2022-07-06 17:18:46,139 [s2-server-thread1] INFO  statemachine.StateMachine (DataStreamTestUtils.java:link(157)) - link SingleDataStream: writeRequest=RaftClientRequest:client-509372FEA6B6->s2@group-CD87ED06CC9F, cid=376, seq=0, DataStream, Message:<EMPTY>, logEntry=null
2022-07-06 17:18:46,140 [s2-server-thread1] INFO  statemachine.StateMachine (DataStreamTestUtils.java:link(157)) - link SingleDataStream: writeRequest=RaftClientRequest:client-F3B702DEE7DC->s1@group-CD87ED06CC9F, cid=378, seq=0, DataStream, Message:<EMPTY>, logEntry=null
2022-07-06 17:18:46,140 [s1-server-thread1] INFO  statemachine.StateMachine (DataStreamTestUtils.java:link(157)) - link SingleDataStream: writeRequest=RaftClientRequest:client-509372FEA6B6->s2@group-CD87ED06CC9F, cid=376, seq=0, DataStream, Message:<EMPTY>, logEntry=null
2022-07-06 17:18:46,141 [s1-server-thread1] INFO  statemachine.StateMachine (DataStreamTestUtils.java:link(157)) - link SingleDataStream: writeRequest=RaftClientRequest:client-F3B702DEE7DC->s1@group-CD87ED06CC9F, cid=378, seq=0, DataStream, Message:<EMPTY>, logEntry=null
2022-07-06 17:18:46,190 [pool-9-thread-12] INFO  datastream.DataStreamTestUtils (DataStreamTestUtils.java:writeAndCloseAndAssertReplies(311)) - start Stream386
2022-07-06 17:18:46,248 [pool-9-thread-14] INFO  datastream.DataStreamTestUtils (DataStreamTestUtils.java:writeAndCloseAndAssertReplies(311)) - start Stream387
2022-07-06 17:18:46,358 [pool-9-thread-16] INFO  datastream.DataStreamTestUtils (DataStreamTestUtils.java:writeAndCloseAndAssertReplies(320)) - Stream384: bytesWritten=7165368
2022-07-06 17:18:46,376 [s0-client-thread1] INFO  statemachine.StateMachine (DataStreamTestUtils.java:link(157)) - link SingleDataStream: writeRequest=RaftClientRequest:client-F3B702DEE7DC->s1@group-CD87ED06CC9F, cid=384, seq=0, DataStream, Message:<EMPTY>, logEntry=null
2022-07-06 17:18:46,399 [s1-server-thread1] INFO  statemachine.StateMachine (DataStreamTestUtils.java:link(157)) - link SingleDataStream: writeRequest=RaftClientRequest:client-F3B702DEE7DC->s1@group-CD87ED06CC9F, cid=384, seq=0, DataStream, Message:<EMPTY>, logEntry=null
2022-07-06 17:18:46,427 [s2-server-thread1] INFO  statemachine.StateMachine (DataStreamTestUtils.java:link(157)) - link SingleDataStream: writeRequest=RaftClientRequest:client-F3B702DEE7DC->s1@group-CD87ED06CC9F, cid=384, seq=0, DataStream, Message:<EMPTY>, logEntry=null
2022-07-06 17:18:46,432 [pool-9-thread-15] INFO  datastream.DataStreamTestUtils (DataStreamTestUtils.java:writeAndCloseAndAssertReplies(320)) - Stream383: bytesWritten=7312158
2022-07-06 17:18:46,500 [pool-9-thread-16] INFO  datastream.DataStreamTestUtils (DataStreamTestUtils.java:writeAndCloseAndAssertReplies(311)) - start Stream388
2022-07-06 17:18:46,530 [s0-client-thread1] INFO  statemachine.StateMachine (DataStreamTestUtils.java:link(157)) - link SingleDataStream: writeRequest=RaftClientRequest:client-F3B702DEE7DC->s1@group-CD87ED06CC9F, cid=383, seq=0, DataStream, Message:<EMPTY>, logEntry=null
2022-07-06 17:18:46,536 [pool-9-thread-10] INFO  datastream.DataStreamTestUtils (DataStreamTestUtils.java:writeAndCloseAndAssertReplies(320)) - Stream385: bytesWritten=7700450
2022-07-06 17:18:46,590 [pool-9-thread-14] INFO  datastream.DataStreamTestUtils (DataStreamTestUtils.java:writeAndCloseAndAssertReplies(320)) - Stream387: bytesWritten=6966939
2022-07-06 17:18:46,593 [s0-client-thread1] INFO  statemachine.StateMachine (DataStreamTestUtils.java:link(157)) - link SingleDataStream: writeRequest=RaftClientRequest:client-F3B702DEE7DC->s1@group-CD87ED06CC9F, cid=385, seq=0, DataStream, Message:<EMPTY>, logEntry=null
2022-07-06 17:18:46,602 [s2-server-thread1] INFO  statemachine.StateMachine (DataStreamTestUtils.java:link(157)) - link SingleDataStream: writeRequest=RaftClientRequest:client-F3B702DEE7DC->s1@group-CD87ED06CC9F, cid=383, seq=0, DataStream, Message:<EMPTY>, logEntry=null
2022-07-06 17:18:46,674 [s2-server-thread1] INFO  statemachine.StateMachine (DataStreamTestUtils.java:link(157)) - link SingleDataStream: writeRequest=RaftClientRequest:client-F3B702DEE7DC->s1@group-CD87ED06CC9F, cid=385, seq=0, DataStream, Message:<EMPTY>, logEntry=null
2022-07-06 17:18:46,680 [s1-server-thread1] INFO  statemachine.StateMachine (DataStreamTestUtils.java:link(157)) - link SingleDataStream: writeRequest=RaftClientRequest:client-F3B702DEE7DC->s1@group-CD87ED06CC9F, cid=383, seq=0, DataStream, Message:<EMPTY>, logEntry=null
2022-07-06 17:18:46,683 [pool-9-thread-15] INFO  datastream.DataStreamTestUtils (DataStreamTestUtils.java:writeAndCloseAndAssertReplies(311)) - start Stream389
2022-07-06 17:18:46,687 [s0-client-thread1] INFO  statemachine.StateMachine (DataStreamTestUtils.java:link(157)) - link SingleDataStream: writeRequest=RaftClientRequest:client-F3B702DEE7DC->s1@group-CD87ED06CC9F, cid=387, seq=0, DataStream, Message:<EMPTY>, logEntry=null
2022-07-06 17:18:46,693 [pool-9-thread-12] INFO  datastream.DataStreamTestUtils (DataStreamTestUtils.java:writeAndCloseAndAssertReplies(320)) - Stream386: bytesWritten=7639416
2022-07-06 17:18:46,712 [s2-server-thread1] INFO  statemachine.StateMachine (DataStreamTestUtils.java:link(157)) - link SingleDataStream: writeRequest=RaftClientRequest:client-F3B702DEE7DC->s1@group-CD87ED06CC9F, cid=387, seq=0, DataStream, Message:<EMPTY>, logEntry=null
2022-07-06 17:18:46,715 [s0-client-thread1] INFO  statemachine.StateMachine (DataStreamTestUtils.java:link(157)) - link SingleDataStream: writeRequest=RaftClientRequest:client-F3B702DEE7DC->s1@group-CD87ED06CC9F, cid=386, seq=0, DataStream, Message:<EMPTY>, logEntry=null
2022-07-06 17:18:46,717 [s2-server-thread1] INFO  statemachine.StateMachine (DataStreamTestUtils.java:link(157)) - link SingleDataStream: writeRequest=RaftClientRequest:client-F3B702DEE7DC->s1@group-CD87ED06CC9F, cid=386, seq=0, DataStream, Message:<EMPTY>, logEntry=null
2022-07-06 17:18:46,770 [pool-9-thread-16] INFO  datastream.DataStreamTestUtils (DataStreamTestUtils.java:writeAndCloseAndAssertReplies(320)) - Stream388: bytesWritten=7020770
2022-07-06 17:18:46,772 [s1-server-thread1] INFO  statemachine.StateMachine (DataStreamTestUtils.java:link(157)) - link SingleDataStream: writeRequest=RaftClientRequest:client-F3B702DEE7DC->s1@group-CD87ED06CC9F, cid=385, seq=0, DataStream, Message:<EMPTY>, logEntry=null
2022-07-06 17:18:46,777 [s0-client-thread1] INFO  statemachine.StateMachine (DataStreamTestUtils.java:link(157)) - link SingleDataStream: writeRequest=RaftClientRequest:client-F3B702DEE7DC->s1@group-CD87ED06CC9F, cid=388, seq=0, DataStream, Message:<EMPTY>, logEntry=null
2022-07-06 17:18:46,778 [pool-9-thread-10] INFO  datastream.DataStreamTestUtils (DataStreamTestUtils.java:writeAndCloseAndAssertReplies(311)) - start Stream390
2022-07-06 17:18:46,783 [s2-server-thread1] INFO  statemachine.StateMachine (DataStreamTestUtils.java:link(157)) - link SingleDataStream: writeRequest=RaftClientRequest:client-F3B702DEE7DC->s1@group-CD87ED06CC9F, cid=388, seq=0, DataStream, Message:<EMPTY>, logEntry=null
2022-07-06 17:18:46,785 [pool-9-thread-14] INFO  datastream.DataStreamTestUtils (DataStreamTestUtils.java:writeAndCloseAndAssertReplies(311)) - start Stream391
2022-07-06 17:18:46,791 [pool-9-thread-12] INFO  datastream.DataStreamTestUtils (DataStreamTestUtils.java:writeAndCloseAndAssertReplies(311)) - start Stream392
2022-07-06 17:18:46,983 [pool-9-thread-15] INFO  datastream.DataStreamTestUtils (DataStreamTestUtils.java:writeAndCloseAndAssertReplies(320)) - Stream389: bytesWritten=7804497
2022-07-06 17:18:46,984 [s1-server-thread1] INFO  statemachine.StateMachine (DataStreamTestUtils.java:link(157)) - link SingleDataStream: writeRequest=RaftClientRequest:client-F3B702DEE7DC->s1@group-CD87ED06CC9F, cid=387, seq=0, DataStream, Message:<EMPTY>, logEntry=null
2022-07-06 17:18:46,985 [s1-server-thread1] INFO  statemachine.StateMachine (DataStreamTestUtils.java:link(157)) - link SingleDataStream: writeRequest=RaftClientRequest:client-F3B702DEE7DC->s1@group-CD87ED06CC9F, cid=386, seq=0, DataStream, Message:<EMPTY>, logEntry=null
2022-07-06 17:18:46,988 [s1-server-thread1] INFO  statemachine.StateMachine (DataStreamTestUtils.java:link(157)) - link SingleDataStream: writeRequest=RaftClientRequest:client-F3B702DEE7DC->s1@group-CD87ED06CC9F, cid=388, seq=0, DataStream, Message:<EMPTY>, logEntry=null
2022-07-06 17:18:47,014 [pool-9-thread-16] INFO  datastream.DataStreamTestUtils (DataStreamTestUtils.java:writeAndCloseAndAssertReplies(311)) - start Stream393
2022-07-06 17:18:47,015 [s0-client-thread1] INFO  statemachine.StateMachine (DataStreamTestUtils.java:link(157)) - link SingleDataStream: writeRequest=RaftClientRequest:client-F3B702DEE7DC->s1@group-CD87ED06CC9F, cid=389, seq=0, DataStream, Message:<EMPTY>, logEntry=null
2022-07-06 17:18:47,050 [pool-9-thread-10] INFO  datastream.DataStreamTestUtils (DataStreamTestUtils.java:writeAndCloseAndAssertReplies(320)) - Stream390: bytesWritten=7338711
2022-07-06 17:18:47,056 [s0-client-thread1] INFO  statemachine.StateMachine (DataStreamTestUtils.java:link(157)) - link SingleDataStream: writeRequest=RaftClientRequest:client-F3B702DEE7DC->s1@group-CD87ED06CC9F, cid=390, seq=0, DataStream, Message:<EMPTY>, logEntry=null
2022-07-06 17:18:47,058 [s2-server-thread1] INFO  statemachine.StateMachine (DataStreamTestUtils.java:link(157)) - link SingleDataStream: writeRequest=RaftClientRequest:client-F3B702DEE7DC->s1@group-CD87ED06CC9F, cid=389, seq=0, DataStream, Message:<EMPTY>, logEntry=null
2022-07-06 17:18:47,060 [s2-server-thread1] INFO  statemachine.StateMachine (DataStreamTestUtils.java:link(157)) - link SingleDataStream: writeRequest=RaftClientRequest:client-F3B702DEE7DC->s1@group-CD87ED06CC9F, cid=390, seq=0, DataStream, Message:<EMPTY>, logEntry=null
2022-07-06 17:18:47,060 [pool-9-thread-14] INFO  datastream.DataStreamTestUtils (DataStreamTestUtils.java:writeAndCloseAndAssertReplies(320)) - Stream391: bytesWritten=7364526
2022-07-06 17:18:47,070 [s0-client-thread1] INFO  statemachine.StateMachine (DataStreamTestUtils.java:link(157)) - link SingleDataStream: writeRequest=RaftClientRequest:client-F3B702DEE7DC->s1@group-CD87ED06CC9F, cid=391, seq=0, DataStream, Message:<EMPTY>, logEntry=null
2022-07-06 17:18:47,071 [s2-server-thread1] INFO  statemachine.StateMachine (DataStreamTestUtils.java:link(157)) - link SingleDataStream: writeRequest=RaftClientRequest:client-F3B702DEE7DC->s1@group-CD87ED06CC9F, cid=391, seq=0, DataStream, Message:<EMPTY>, logEntry=null
2022-07-06 17:18:47,148 [s1-server-thread1] INFO  statemachine.StateMachine (DataStreamTestUtils.java:link(157)) - link SingleDataStream: writeRequest=RaftClientRequest:client-F3B702DEE7DC->s1@group-CD87ED06CC9F, cid=389, seq=0, DataStream, Message:<EMPTY>, logEntry=null
2022-07-06 17:18:47,149 [s1-server-thread1] INFO  statemachine.StateMachine (DataStreamTestUtils.java:link(157)) - link SingleDataStream: writeRequest=RaftClientRequest:client-F3B702DEE7DC->s1@group-CD87ED06CC9F, cid=390, seq=0, DataStream, Message:<EMPTY>, logEntry=null
2022-07-06 17:18:47,150 [s1-server-thread1] INFO  statemachine.StateMachine (DataStreamTestUtils.java:link(157)) - link SingleDataStream: writeRequest=RaftClientRequest:client-F3B702DEE7DC->s1@group-CD87ED06CC9F, cid=391, seq=0, DataStream, Message:<EMPTY>, logEntry=null
2022-07-06 17:18:47,161 [pool-9-thread-15] INFO  datastream.DataStreamTestUtils (DataStreamTestUtils.java:writeAndCloseAndAssertReplies(311)) - start Stream394
2022-07-06 17:18:47,173 [pool-9-thread-10] INFO  datastream.DataStreamTestUtils (DataStreamTestUtils.java:writeAndCloseAndAssertReplies(311)) - start Stream395
2022-07-06 17:18:47,178 [pool-9-thread-14] INFO  datastream.DataStreamTestUtils (DataStreamTestUtils.java:writeAndCloseAndAssertReplies(311)) - start Stream396
2022-07-06 17:18:47,254 [pool-9-thread-8] INFO  datastream.DataStreamTestUtils (DataStreamTestUtils.java:writeAndCloseAndAssertReplies(311)) - start Stream397
2022-07-06 17:18:50,814 [org.apache.ratis.util.JvmPauseMonitor$$Lambda$273/398417010@269384c0] WARN  util.JvmPauseMonitor (JvmPauseMonitor.java:detectPause(124)) - JvmPauseMonitor-s0: Detected pause in JVM or host machine (eg GC): pause of approximately 215244115ns.
GC pool 'PS MarkSweep' had collection(s): count=1 time=477ms
GC pool 'PS Scavenge' had collection(s): count=1 time=79ms
2022-07-06 17:18:50,814 [org.apache.ratis.util.JvmPauseMonitor$$Lambda$273/398417010@2e4d9071] WARN  util.JvmPauseMonitor (JvmPauseMonitor.java:detectPause(124)) - JvmPauseMonitor-s1: Detected pause in JVM or host machine (eg GC): pause of approximately 215564214ns.
GC pool 'PS MarkSweep' had collection(s): count=1 time=477ms
GC pool 'PS Scavenge' had collection(s): count=1 time=79ms
2022-07-06 17:18:50,819 [s1@group-CD87ED06CC9F-FollowerState] WARN  impl.FollowerState (FollowerState.java:run(130)) - Unexpected long sleep: sleep 278ms but took extra 492479755ns (> threshold = 300ms)
2022-07-06 17:18:50,820 [s2@group-CD87ED06CC9F-FollowerState] WARN  impl.FollowerState (FollowerState.java:run(130)) - Unexpected long sleep: sleep 176ms but took extra 544836608ns (> threshold = 300ms)
2022-07-06 17:18:50,814 [org.apache.ratis.util.JvmPauseMonitor$$Lambda$273/398417010@41afa821] WARN  util.JvmPauseMonitor (JvmPauseMonitor.java:detectPause(124)) - JvmPauseMonitor-s2: Detected pause in JVM or host machine (eg GC): pause of approximately 150123787ns.
GC pool 'PS MarkSweep' had collection(s): count=1 time=477ms
GC pool 'PS Scavenge' had collection(s): count=1 time=79ms
2022-07-06 17:18:50,820 [s0@group-CD87ED06CC9F-LeaderStateImpl] WARN  server.RaftServer$Division (LeaderStateImpl.java:checkLeadership(1017)) - s0@group-CD87ED06CC9F-LeaderStateImpl: Lost leadership on term: 1. Election timeout: 300ms. In charge for: 6059ms. Conf: 0: [s0|rpc:localhost:46837|admin:localhost:40145|client:localhost:44183|dataStream:localhost:36771|priority:0, s1|rpc:localhost:36769|admin:localhost:40151|client:localhost:35673|dataStream:localhost:44419|priority:0, s2|rpc:localhost:42693|admin:localhost:37755|client:localhost:34689|dataStream:localhost:44561|priority:0], old=null
2022-07-06 17:18:50,838 [s0@group-CD87ED06CC9F-LeaderStateImpl] WARN  server.RaftServer$Division (LeaderStateImpl.java:lambda$checkLeadership$17(1021)) - Follower s0@group-CD87ED06CC9F->s1(c27,m27,n28, attendVote=true, lastRpcSendTime=14, lastRpcResponseTime=1)
2022-07-06 17:18:50,840 [s0@group-CD87ED06CC9F-LeaderStateImpl] WARN  server.RaftServer$Division (LeaderStateImpl.java:lambda$checkLeadership$17(1021)) - Follower s0@group-CD87ED06CC9F->s2(c27,m27,n28, attendVote=true, lastRpcSendTime=15, lastRpcResponseTime=0)
2022-07-06 17:18:50,840 [s0@group-CD87ED06CC9F-LeaderStateImpl] INFO  server.RaftServer$Division (RaftServerImpl.java:setRole(300)) - s0@group-CD87ED06CC9F: changes role from    LEADER to FOLLOWER at term 1 for StepDownReason:LOST_MAJORITY_HEARTBEATS
2022-07-06 17:18:50,840 [s0@group-CD87ED06CC9F-LeaderStateImpl] INFO  impl.RoleInfo (RoleInfo.java:shutdownLeaderState(93)) - s0: shutdown s0@group-CD87ED06CC9F-LeaderStateImpl
2022-07-06 17:18:50,840 [s0@group-CD87ED06CC9F-LeaderStateImpl] INFO  impl.PendingRequests (PendingRequests.java:sendNotLeaderResponses(282)) - s0@group-CD87ED06CC9F-PendingRequests: sendNotLeaderResponses
2022-07-06 17:18:50,842 [s0@group-CD87ED06CC9F->s1-GrpcLogAppender-LogAppenderDaemon] WARN  server.GrpcLogAppender (GrpcLogAppender.java:mayWait(172)) - s0@group-CD87ED06CC9F->s1-GrpcLogAppender: Wait interrupted by java.lang.InterruptedException
2022-07-06 17:18:50,842 [s0@group-CD87ED06CC9F->s2-GrpcLogAppender-LogAppenderDaemon] WARN  server.GrpcLogAppender (GrpcLogAppender.java:mayWait(172)) - s0@group-CD87ED06CC9F->s2-GrpcLogAppender: Wait interrupted by java.lang.InterruptedException
2022-07-06 17:18:50,850 [s0@group-CD87ED06CC9F-LeaderStateImpl] INFO  impl.RoleInfo (RoleInfo.java:updateAndGet(139)) - s0: start s0@group-CD87ED06CC9F-FollowerState
2022-07-06 17:18:50,851 [grpc-default-executor-4] INFO  server.GrpcServerProtocolService (GrpcServerProtocolService.java:onCompleted(140)) - s1: Completed APPEND_ENTRIES, lastRequest: s0->s1#141-t1,previous=(t:1, i:26),leaderCommit=24,initializing? true,entries: size=1, first=(t:1, i:27), METADATAENTRY(c:24)
2022-07-06 17:18:50,870 [grpc-default-executor-6] INFO  server.GrpcServerProtocolService (GrpcServerProtocolService.java:onCompleted(140)) - s2: Completed APPEND_ENTRIES, lastRequest: s0->s2#141-t1,previous=(t:1, i:26),leaderCommit=24,initializing? true,entries: size=1, first=(t:1, i:27), METADATAENTRY(c:24)
2022-07-06 17:18:50,911 [grpc-default-executor-4] INFO  server.GrpcLogAppender (GrpcLogAppender.java:onCompleted(340)) - s0@group-CD87ED06CC9F->s2-AppendLogResponseHandler: follower responses appendEntries COMPLETED
2022-07-06 17:18:50,912 [grpc-default-executor-4] INFO  leader.FollowerInfo (FollowerInfoImpl.java:lambda$new$0(48)) - s0@group-CD87ED06CC9F->s2: nextIndex: updateUnconditionally 28 -> 27
2022-07-06 17:18:50,913 [grpc-default-executor-7] INFO  server.GrpcLogAppender (GrpcLogAppender.java:onCompleted(340)) - s0@group-CD87ED06CC9F->s1-AppendLogResponseHandler: follower responses appendEntries COMPLETED
2022-07-06 17:18:50,913 [grpc-default-executor-7] INFO  leader.FollowerInfo (FollowerInfoImpl.java:lambda$new$0(48)) - s0@group-CD87ED06CC9F->s1: nextIndex: updateUnconditionally 28 -> 27
2022-07-06 17:18:51,184 [s0@group-CD87ED06CC9F-FollowerState] INFO  impl.FollowerState (FollowerState.java:lostMajorityHeartbeatsRecently(108)) - s0@group-CD87ED06CC9F-FollowerState: Skipping leader election since it stepped down recently (elapsed = 335ms < waitTime = 10s)
2022-07-06 17:18:51,222 [s1@group-CD87ED06CC9F-FollowerState] INFO  impl.FollowerState (FollowerState.java:run(143)) - s1@group-CD87ED06CC9F-FollowerState: change to CANDIDATE, lastRpcElapsedTime:385582176ns, electionTimeout:151ms
2022-07-06 17:18:51,222 [s1@group-CD87ED06CC9F-FollowerState] INFO  impl.RoleInfo (RoleInfo.java:shutdownFollowerState(110)) - s1: shutdown s1@group-CD87ED06CC9F-FollowerState
2022-07-06 17:18:51,222 [s1@group-CD87ED06CC9F-FollowerState] INFO  server.RaftServer$Division (RaftServerImpl.java:setRole(300)) - s1@group-CD87ED06CC9F: changes role from  FOLLOWER to CANDIDATE at term 1 for changeToCandidate
2022-07-06 17:18:51,222 [s1@group-CD87ED06CC9F-FollowerState] INFO  server.RaftServerConfigKeys (ConfUtils.java:logGet(46)) - raft.server.leaderelection.pre-vote = true (default)
2022-07-06 17:18:51,222 [s1@group-CD87ED06CC9F-FollowerState] INFO  impl.RoleInfo (RoleInfo.java:updateAndGet(139)) - s1: start s1@group-CD87ED06CC9F-LeaderElection6
2022-07-06 17:18:51,233 [s1@group-CD87ED06CC9F-LeaderElection6] INFO  server.RaftServer$Division (ServerState.java:setLeader(291)) - s1@group-CD87ED06CC9F: change Leader from s0 to null at term 1 for PRE_VOTE
2022-07-06 17:18:51,235 [s1@group-CD87ED06CC9F-LeaderElection6] INFO  impl.LeaderElection (LeaderElection.java:askForVotes(310)) - s1@group-CD87ED06CC9F-LeaderElection6 PRE_VOTE round 0: submit vote requests at term 1 for 0: [s0|rpc:localhost:46837|admin:localhost:40145|client:localhost:44183|dataStream:localhost:36771|priority:0, s1|rpc:localhost:36769|admin:localhost:40151|client:localhost:35673|dataStream:localhost:44419|priority:0, s2|rpc:localhost:42693|admin:localhost:37755|client:localhost:34689|dataStream:localhost:44561|priority:0], old=null
2022-07-06 17:18:51,248 [grpc-default-executor-7] INFO  server.RaftServer$Division (RaftServerImpl.java:requestVote(1173)) - s0@group-CD87ED06CC9F: receive requestVote(PRE_VOTE, s1, group-CD87ED06CC9F, 1, (t:1, i:27))
2022-07-06 17:18:51,248 [grpc-default-executor-7] INFO  impl.VoteContext (VoteContext.java:log(48)) - s0@group-CD87ED06CC9F-FOLLOWER: accept PRE_VOTE from s1: our priority 0 <= candidate's priority 0
2022-07-06 17:18:51,249 [grpc-default-executor-7] INFO  server.RaftServer$Division (RaftServerImpl.java:requestVote(1205)) - s0@group-CD87ED06CC9F replies to PRE_VOTE vote request: s1<-s0#0:OK-t1. Peer's state: s0@group-CD87ED06CC9F:t1, leader=s0, voted=s0, raftlog=s0@group-CD87ED06CC9F-SegmentedRaftLog:OPENED:c27, conf=0: [s0|rpc:localhost:46837|admin:localhost:40145|client:localhost:44183|dataStream:localhost:36771|priority:0, s1|rpc:localhost:36769|admin:localhost:40151|client:localhost:35673|dataStream:localhost:44419|priority:0, s2|rpc:localhost:42693|admin:localhost:37755|client:localhost:34689|dataStream:localhost:44561|priority:0], old=null
2022-07-06 17:18:51,256 [s1@group-CD87ED06CC9F-LeaderElection6] INFO  impl.LeaderElection (LeaderElection.java:logAndReturn(90)) - s1@group-CD87ED06CC9F-LeaderElection6: PRE_VOTE PASSED received 1 response(s) and 0 exception(s):
2022-07-06 17:18:51,272 [s1@group-CD87ED06CC9F-LeaderElection6] INFO  impl.LeaderElection (LeaderElection.java:logAndReturn(94)) -   Response 0: s1<-s0#0:OK-t1
2022-07-06 17:18:51,272 [s1@group-CD87ED06CC9F-LeaderElection6] INFO  impl.LeaderElection (LeaderElection.java:askForVotes(312)) - s1@group-CD87ED06CC9F-LeaderElection6 PRE_VOTE round 0: result PASSED
2022-07-06 17:18:51,266 [grpc-default-executor-4] INFO  server.RaftServer$Division (RaftServerImpl.java:requestVote(1173)) - s2@group-CD87ED06CC9F: receive requestVote(PRE_VOTE, s1, group-CD87ED06CC9F, 1, (t:1, i:27))
2022-07-06 17:18:51,292 [grpc-default-executor-4] INFO  impl.VoteContext (VoteContext.java:log(48)) - s2@group-CD87ED06CC9F-FOLLOWER: accept PRE_VOTE from s1: our priority 0 <= candidate's priority 0
2022-07-06 17:18:51,292 [grpc-default-executor-4] INFO  server.RaftServer$Division (RaftServerImpl.java:requestVote(1205)) - s2@group-CD87ED06CC9F replies to PRE_VOTE vote request: s1<-s2#0:OK-t1. Peer's state: s2@group-CD87ED06CC9F:t1, leader=s0, voted=s0, raftlog=s2@group-CD87ED06CC9F-SegmentedRaftLog:OPENED:c27, conf=0: [s0|rpc:localhost:46837|admin:localhost:40145|client:localhost:44183|dataStream:localhost:36771|priority:0, s1|rpc:localhost:36769|admin:localhost:40151|client:localhost:35673|dataStream:localhost:44419|priority:0, s2|rpc:localhost:42693|admin:localhost:37755|client:localhost:34689|dataStream:localhost:44561|priority:0], old=null
2022-07-06 17:18:51,275 [s1@group-CD87ED06CC9F-LeaderElection6] INFO  impl.LeaderElection (LeaderElection.java:askForVotes(310)) - s1@group-CD87ED06CC9F-LeaderElection6 ELECTION round 0: submit vote requests at term 2 for 0: [s0|rpc:localhost:46837|admin:localhost:40145|client:localhost:44183|dataStream:localhost:36771|priority:0, s1|rpc:localhost:36769|admin:localhost:40151|client:localhost:35673|dataStream:localhost:44419|priority:0, s2|rpc:localhost:42693|admin:localhost:37755|client:localhost:34689|dataStream:localhost:44561|priority:0], old=null
2022-07-06 17:18:51,301 [grpc-default-executor-4] INFO  server.RaftServer$Division (RaftServerImpl.java:requestVote(1173)) - s2@group-CD87ED06CC9F: receive requestVote(ELECTION, s1, group-CD87ED06CC9F, 2, (t:1, i:27))
2022-07-06 17:18:51,302 [grpc-default-executor-4] INFO  impl.VoteContext (VoteContext.java:log(48)) - s2@group-CD87ED06CC9F-FOLLOWER: accept ELECTION from s1: our priority 0 <= candidate's priority 0
2022-07-06 17:18:51,302 [grpc-default-executor-4] INFO  server.RaftServer$Division (ServerState.java:setLeader(291)) - s2@group-CD87ED06CC9F: change Leader from s0 to null at term 2 for updateCurrentTerm
2022-07-06 17:18:51,302 [grpc-default-executor-4] INFO  server.RaftServer$Division (RaftServerImpl.java:setRole(300)) - s2@group-CD87ED06CC9F: changes role from  FOLLOWER to FOLLOWER at term 2 for candidate:s1
2022-07-06 17:18:51,303 [grpc-default-executor-4] INFO  impl.RoleInfo (RoleInfo.java:shutdownFollowerState(110)) - s2: shutdown s2@group-CD87ED06CC9F-FollowerState
2022-07-06 17:18:51,303 [grpc-default-executor-4] INFO  impl.RoleInfo (RoleInfo.java:updateAndGet(139)) - s2: start s2@group-CD87ED06CC9F-FollowerState
2022-07-06 17:18:51,303 [grpc-default-executor-7] INFO  server.RaftServer$Division (RaftServerImpl.java:requestVote(1173)) - s0@group-CD87ED06CC9F: receive requestVote(ELECTION, s1, group-CD87ED06CC9F, 2, (t:1, i:27))
2022-07-06 17:18:51,339 [s2@group-CD87ED06CC9F-FollowerState] INFO  impl.FollowerState (FollowerState.java:run(152)) - s2@group-CD87ED06CC9F-FollowerState was interrupted
2022-07-06 17:18:51,338 [grpc-default-executor-4] INFO  server.RaftServer$Division (RaftServerImpl.java:requestVote(1205)) - s2@group-CD87ED06CC9F replies to ELECTION vote request: s1<-s2#0:OK-t2. Peer's state: s2@group-CD87ED06CC9F:t2, leader=null, voted=s1, raftlog=s2@group-CD87ED06CC9F-SegmentedRaftLog:OPENED:c27, conf=0: [s0|rpc:localhost:46837|admin:localhost:40145|client:localhost:44183|dataStream:localhost:36771|priority:0, s1|rpc:localhost:36769|admin:localhost:40151|client:localhost:35673|dataStream:localhost:44419|priority:0, s2|rpc:localhost:42693|admin:localhost:37755|client:localhost:34689|dataStream:localhost:44561|priority:0], old=null
2022-07-06 17:18:51,345 [grpc-default-executor-7] INFO  impl.VoteContext (VoteContext.java:log(48)) - s0@group-CD87ED06CC9F-FOLLOWER: accept ELECTION from s1: our priority 0 <= candidate's priority 0
2022-07-06 17:18:51,369 [grpc-default-executor-7] INFO  server.RaftServer$Division (ServerState.java:setLeader(291)) - s0@group-CD87ED06CC9F: change Leader from s0 to null at term 2 for updateCurrentTerm
2022-07-06 17:18:51,369 [grpc-default-executor-7] INFO  server.RaftServer$Division (RaftServerImpl.java:setRole(300)) - s0@group-CD87ED06CC9F: changes role from  FOLLOWER to FOLLOWER at term 2 for candidate:s1
2022-07-06 17:18:51,370 [grpc-default-executor-7] INFO  impl.RoleInfo (RoleInfo.java:shutdownFollowerState(110)) - s0: shutdown s0@group-CD87ED06CC9F-FollowerState
2022-07-06 17:18:51,370 [grpc-default-executor-7] INFO  impl.RoleInfo (RoleInfo.java:updateAndGet(139)) - s0: start s0@group-CD87ED06CC9F-FollowerState
2022-07-06 17:18:51,370 [s0@group-CD87ED06CC9F-FollowerState] INFO  impl.FollowerState (FollowerState.java:run(152)) - s0@group-CD87ED06CC9F-FollowerState was interrupted
2022-07-06 17:18:51,392 [s1@group-CD87ED06CC9F-LeaderElection6] INFO  impl.LeaderElection (LeaderElection.java:logAndReturn(90)) - s1@group-CD87ED06CC9F-LeaderElection6: ELECTION PASSED received 1 response(s) and 0 exception(s):
2022-07-06 17:18:51,392 [s1@group-CD87ED06CC9F-LeaderElection6] INFO  impl.LeaderElection (LeaderElection.java:logAndReturn(94)) -   Response 0: s1<-s2#0:OK-t2
2022-07-06 17:18:51,392 [grpc-default-executor-7] INFO  server.RaftServer$Division (RaftServerImpl.java:requestVote(1205)) - s0@group-CD87ED06CC9F replies to ELECTION vote request: s1<-s0#0:OK-t2. Peer's state: s0@group-CD87ED06CC9F:t2, leader=null, voted=s1, raftlog=s0@group-CD87ED06CC9F-SegmentedRaftLog:OPENED:c27, conf=0: [s0|rpc:localhost:46837|admin:localhost:40145|client:localhost:44183|dataStream:localhost:36771|priority:0, s1|rpc:localhost:36769|admin:localhost:40151|client:localhost:35673|dataStream:localhost:44419|priority:0, s2|rpc:localhost:42693|admin:localhost:37755|client:localhost:34689|dataStream:localhost:44561|priority:0], old=null
2022-07-06 17:18:51,392 [s1@group-CD87ED06CC9F-LeaderElection6] INFO  impl.LeaderElection (LeaderElection.java:askForVotes(312)) - s1@group-CD87ED06CC9F-LeaderElection6 ELECTION round 0: result PASSED
2022-07-06 17:18:51,393 [s1@group-CD87ED06CC9F-LeaderElection6] INFO  impl.RoleInfo (RoleInfo.java:shutdownLeaderElection(130)) - s1: shutdown s1@group-CD87ED06CC9F-LeaderElection6
2022-07-06 17:18:51,393 [s1@group-CD87ED06CC9F-LeaderElection6] INFO  server.RaftServer$Division (RaftServerImpl.java:setRole(300)) - s1@group-CD87ED06CC9F: changes role from CANDIDATE to LEADER at term 2 for changeToLeader
2022-07-06 17:18:51,393 [s1@group-CD87ED06CC9F-LeaderElection6] INFO  server.RaftServer$Division (ServerState.java:setLeader(291)) - s1@group-CD87ED06CC9F: change Leader from null to s1 at term 2 for becomeLeader, leader elected after 160ms
2022-07-06 17:18:51,393 [s1@group-CD87ED06CC9F-LeaderElection6] INFO  server.RaftServerConfigKeys (ConfUtils.java:logGet(46)) - raft.server.staging.catchup.gap = 1000 (default)
2022-07-06 17:18:51,393 [s1@group-CD87ED06CC9F-LeaderElection6] INFO  server.RaftServerConfigKeys (ConfUtils.java:logGet(46)) - raft.server.write.element-limit = 4096 (default)
2022-07-06 17:18:51,393 [s1@group-CD87ED06CC9F-LeaderElection6] INFO  server.RaftServerConfigKeys (ConfUtils.java:logGet(46)) - raft.server.write.byte-limit = 64MB (=67108864) (default)
2022-07-06 17:18:51,393 [s1@group-CD87ED06CC9F-LeaderElection6] INFO  server.RaftServerConfigKeys (ConfUtils.java:logGet(46)) - raft.server.watch.timeout = 10s (default)
2022-07-06 17:18:51,393 [s1@group-CD87ED06CC9F-LeaderElection6] INFO  server.RaftServerConfigKeys (ConfUtils.java:logGet(46)) - raft.server.watch.timeout.denomination = 1s (default)
2022-07-06 17:18:51,393 [s1@group-CD87ED06CC9F-LeaderElection6] INFO  server.RaftServerConfigKeys (ConfUtils.java:logGet(46)) - raft.server.watch.element-limit = 65536 (default)
2022-07-06 17:18:51,394 [s1@group-CD87ED06CC9F-LeaderElection6] INFO  server.RaftServerConfigKeys (ConfUtils.java:logGet(46)) - raft.server.write.element-limit = 4096 (default)
2022-07-06 17:18:51,394 [s1@group-CD87ED06CC9F-LeaderElection6] INFO  server.RaftServerConfigKeys (ConfUtils.java:logGet(46)) - raft.server.write.follower.gap.ratio.max = -1.0 (default)
2022-07-06 17:18:51,394 [s1@group-CD87ED06CC9F-LeaderElection6] INFO  server.RaftServerConfigKeys (ConfUtils.java:logGet(46)) - raft.server.log.appender.snapshot.chunk.size.max = 16MB (=16777216) (default)
2022-07-06 17:18:51,394 [s1@group-CD87ED06CC9F-LeaderElection6] INFO  server.RaftServerConfigKeys (ConfUtils.java:logGet(46)) - raft.server.log.appender.buffer.byte-limit = 4MB (=4194304) (default)
2022-07-06 17:18:51,394 [s1@group-CD87ED06CC9F-LeaderElection6] INFO  server.RaftServerConfigKeys (ConfUtils.java:logGet(46)) - raft.server.log.appender.buffer.element-limit = 0 (default)
2022-07-06 17:18:51,394 [s1@group-CD87ED06CC9F-LeaderElection6] INFO  grpc.GrpcConfigKeys (ConfUtils.java:logGet(46)) - raft.grpc.server.leader.outstanding.appends.max = 128 (default)
2022-07-06 17:18:51,394 [s1@group-CD87ED06CC9F-LeaderElection6] INFO  server.RaftServerConfigKeys (ConfUtils.java:logGet(46)) - raft.server.rpc.request.timeout = 3000ms (default)
2022-07-06 17:18:51,394 [s1@group-CD87ED06CC9F-LeaderElection6] INFO  server.RaftServerConfigKeys (ConfUtils.java:logGet(46)) - raft.server.log.appender.install.snapshot.enabled = true (default)
2022-07-06 17:18:51,395 [s1@group-CD87ED06CC9F-LeaderElection6] INFO  server.RaftServerConfigKeys (ConfUtils.java:logGet(46)) - raft.server.log.appender.snapshot.chunk.size.max = 16MB (=16777216) (default)
2022-07-06 17:18:51,395 [s1@group-CD87ED06CC9F-LeaderElection6] INFO  server.RaftServerConfigKeys (ConfUtils.java:logGet(46)) - raft.server.log.appender.buffer.byte-limit = 4MB (=4194304) (default)
2022-07-06 17:18:51,395 [s1@group-CD87ED06CC9F-LeaderElection6] INFO  server.RaftServerConfigKeys (ConfUtils.java:logGet(46)) - raft.server.log.appender.buffer.element-limit = 0 (default)
2022-07-06 17:18:51,395 [s1@group-CD87ED06CC9F-LeaderElection6] INFO  grpc.GrpcConfigKeys (ConfUtils.java:logGet(46)) - raft.grpc.server.leader.outstanding.appends.max = 128 (default)
2022-07-06 17:18:51,395 [s1@group-CD87ED06CC9F-LeaderElection6] INFO  server.RaftServerConfigKeys (ConfUtils.java:logGet(46)) - raft.server.rpc.request.timeout = 3000ms (default)
2022-07-06 17:18:51,395 [s1@group-CD87ED06CC9F-LeaderElection6] INFO  server.RaftServerConfigKeys (ConfUtils.java:logGet(46)) - raft.server.log.appender.install.snapshot.enabled = true (default)
2022-07-06 17:18:51,395 [s1@group-CD87ED06CC9F-LeaderElection6] INFO  impl.RoleInfo (RoleInfo.java:updateAndGet(139)) - s1: start s1@group-CD87ED06CC9F-LeaderStateImpl
2022-07-06 17:18:51,396 [s1@group-CD87ED06CC9F-LeaderElection6] INFO  segmented.SegmentedRaftLogWorker (SegmentedRaftLogWorker.java:rollLogSegment(430)) - s1@group-CD87ED06CC9F-SegmentedRaftLogWorker: Rolling segment log-0_27 to index:27
2022-07-06 17:18:51,403 [s1@group-CD87ED06CC9F-SegmentedRaftLogWorker] TRACE util.FileUtils (LogUtils.java:runAndLog(49)) - Successfully ran Files.move /home/runner/work/ratis/ratis/ratis-test/target/test/data/f67faa4/MiniRaftClusterWithRpcTypeGrpcAndDataStreamTypeNetty2681f6d6/s1/802761fa-1bbd-4ac8-a343-cd87ed06cc9f/current/log_inprogress_0 to /home/runner/work/ratis/ratis/ratis-test/target/test/data/f67faa4/MiniRaftClusterWithRpcTypeGrpcAndDataStreamTypeNetty2681f6d6/s1/802761fa-1bbd-4ac8-a343-cd87ed06cc9f/current/log_0-27
2022-07-06 17:18:51,484 [s1@group-CD87ED06CC9F-SegmentedRaftLogWorker] INFO  segmented.SegmentedRaftLogWorker (SegmentedRaftLogWorker.java:execute(586)) - s1@group-CD87ED06CC9F-SegmentedRaftLogWorker: Rolled log segment from /home/runner/work/ratis/ratis/ratis-test/target/test/data/f67faa4/MiniRaftClusterWithRpcTypeGrpcAndDataStreamTypeNetty2681f6d6/s1/802761fa-1bbd-4ac8-a343-cd87ed06cc9f/current/log_inprogress_0 to /home/runner/work/ratis/ratis/ratis-test/target/test/data/f67faa4/MiniRaftClusterWithRpcTypeGrpcAndDataStreamTypeNetty2681f6d6/s1/802761fa-1bbd-4ac8-a343-cd87ed06cc9f/current/log_0-27
2022-07-06 17:18:51,482 [s0-server-thread1] INFO  server.RaftServer$Division (ServerState.java:setLeader(291)) - s0@group-CD87ED06CC9F: change Leader from null to s1 at term 2 for appendEntries, leader elected after 112ms
2022-07-06 17:18:51,465 [s1@group-CD87ED06CC9F-LeaderElection6] INFO  server.RaftServer$Division (ServerState.java:setRaftConf(397)) - s1@group-CD87ED06CC9F: set configuration 28: [s0|rpc:localhost:46837|admin:localhost:40145|client:localhost:44183|dataStream:localhost:36771|priority:0, s1|rpc:localhost:36769|admin:localhost:40151|client:localhost:35673|dataStream:localhost:44419|priority:0, s2|rpc:localhost:42693|admin:localhost:37755|client:localhost:34689|dataStream:localhost:44561|priority:0], old=null
2022-07-06 17:18:51,534 [s0-server-thread1] INFO  server.RaftServer$Division (ServerState.java:setRaftConf(397)) - s0@group-CD87ED06CC9F: set configuration 28: [s0|rpc:localhost:46837|admin:localhost:40145|client:localhost:44183|dataStream:localhost:36771|priority:0, s1|rpc:localhost:36769|admin:localhost:40151|client:localhost:35673|dataStream:localhost:44419|priority:0, s2|rpc:localhost:42693|admin:localhost:37755|client:localhost:34689|dataStream:localhost:44561|priority:0], old=null
2022-07-06 17:18:51,540 [s0-server-thread1] INFO  segmented.SegmentedRaftLogWorker (SegmentedRaftLogWorker.java:rollLogSegment(430)) - s0@group-CD87ED06CC9F-SegmentedRaftLogWorker: Rolling segment log-0_27 to index:27
2022-07-06 17:18:51,532 [s1@group-CD87ED06CC9F-SegmentedRaftLogWorker] INFO  segmented.SegmentedRaftLogWorker (SegmentedRaftLogWorker.java:execute(629)) - s1@group-CD87ED06CC9F-SegmentedRaftLogWorker: created new log segment /home/runner/work/ratis/ratis/ratis-test/target/test/data/f67faa4/MiniRaftClusterWithRpcTypeGrpcAndDataStreamTypeNetty2681f6d6/s1/802761fa-1bbd-4ac8-a343-cd87ed06cc9f/current/log_inprogress_28
2022-07-06 17:18:51,494 [s2-server-thread1] INFO  server.RaftServer$Division (ServerState.java:setLeader(291)) - s2@group-CD87ED06CC9F: change Leader from null to s1 at term 2 for appendEntries, leader elected after 191ms
2022-07-06 17:18:51,541 [s0@group-CD87ED06CC9F-SegmentedRaftLogWorker] TRACE util.FileUtils (LogUtils.java:runAndLog(49)) - Successfully ran Files.move /home/runner/work/ratis/ratis/ratis-test/target/test/data/f67faa4/MiniRaftClusterWithRpcTypeGrpcAndDataStreamTypeNetty2681f6d6/s0/802761fa-1bbd-4ac8-a343-cd87ed06cc9f/current/log_inprogress_0 to /home/runner/work/ratis/ratis/ratis-test/target/test/data/f67faa4/MiniRaftClusterWithRpcTypeGrpcAndDataStreamTypeNetty2681f6d6/s0/802761fa-1bbd-4ac8-a343-cd87ed06cc9f/current/log_0-27
2022-07-06 17:18:51,541 [s0@group-CD87ED06CC9F-SegmentedRaftLogWorker] INFO  segmented.SegmentedRaftLogWorker (SegmentedRaftLogWorker.java:execute(586)) - s0@group-CD87ED06CC9F-SegmentedRaftLogWorker: Rolled log segment from /home/runner/work/ratis/ratis/ratis-test/target/test/data/f67faa4/MiniRaftClusterWithRpcTypeGrpcAndDataStreamTypeNetty2681f6d6/s0/802761fa-1bbd-4ac8-a343-cd87ed06cc9f/current/log_inprogress_0 to /home/runner/work/ratis/ratis/ratis-test/target/test/data/f67faa4/MiniRaftClusterWithRpcTypeGrpcAndDataStreamTypeNetty2681f6d6/s0/802761fa-1bbd-4ac8-a343-cd87ed06cc9f/current/log_0-27
2022-07-06 17:18:51,558 [s0@group-CD87ED06CC9F-SegmentedRaftLogWorker] INFO  segmented.SegmentedRaftLogWorker (SegmentedRaftLogWorker.java:execute(629)) - s0@group-CD87ED06CC9F-SegmentedRaftLogWorker: created new log segment /home/runner/work/ratis/ratis/ratis-test/target/test/data/f67faa4/MiniRaftClusterWithRpcTypeGrpcAndDataStreamTypeNetty2681f6d6/s0/802761fa-1bbd-4ac8-a343-cd87ed06cc9f/current/log_inprogress_28
2022-07-06 17:18:51,560 [s2-server-thread1] INFO  server.RaftServer$Division (ServerState.java:setRaftConf(397)) - s2@group-CD87ED06CC9F: set configuration 28: [s0|rpc:localhost:46837|admin:localhost:40145|client:localhost:44183|dataStream:localhost:36771|priority:0, s1|rpc:localhost:36769|admin:localhost:40151|client:localhost:35673|dataStream:localhost:44419|priority:0, s2|rpc:localhost:42693|admin:localhost:37755|client:localhost:34689|dataStream:localhost:44561|priority:0], old=null
2022-07-06 17:18:51,561 [s2-server-thread1] INFO  segmented.SegmentedRaftLogWorker (SegmentedRaftLogWorker.java:rollLogSegment(430)) - s2@group-CD87ED06CC9F-SegmentedRaftLogWorker: Rolling segment log-0_27 to index:27
2022-07-06 17:18:51,562 [s2@group-CD87ED06CC9F-SegmentedRaftLogWorker] TRACE util.FileUtils (LogUtils.java:runAndLog(49)) - Successfully ran Files.move /home/runner/work/ratis/ratis/ratis-test/target/test/data/f67faa4/MiniRaftClusterWithRpcTypeGrpcAndDataStreamTypeNetty2681f6d6/s2/802761fa-1bbd-4ac8-a343-cd87ed06cc9f/current/log_inprogress_0 to /home/runner/work/ratis/ratis/ratis-test/target/test/data/f67faa4/MiniRaftClusterWithRpcTypeGrpcAndDataStreamTypeNetty2681f6d6/s2/802761fa-1bbd-4ac8-a343-cd87ed06cc9f/current/log_0-27
2022-07-06 17:18:51,562 [s2@group-CD87ED06CC9F-SegmentedRaftLogWorker] INFO  segmented.SegmentedRaftLogWorker (SegmentedRaftLogWorker.java:execute(586)) - s2@group-CD87ED06CC9F-SegmentedRaftLogWorker: Rolled log segment from /home/runner/work/ratis/ratis/ratis-test/target/test/data/f67faa4/MiniRaftClusterWithRpcTypeGrpcAndDataStreamTypeNetty2681f6d6/s2/802761fa-1bbd-4ac8-a343-cd87ed06cc9f/current/log_inprogress_0 to /home/runner/work/ratis/ratis/ratis-test/target/test/data/f67faa4/MiniRaftClusterWithRpcTypeGrpcAndDataStreamTypeNetty2681f6d6/s2/802761fa-1bbd-4ac8-a343-cd87ed06cc9f/current/log_0-27
2022-07-06 17:18:51,583 [s2@group-CD87ED06CC9F-SegmentedRaftLogWorker] INFO  segmented.SegmentedRaftLogWorker (SegmentedRaftLogWorker.java:execute(629)) - s2@group-CD87ED06CC9F-SegmentedRaftLogWorker: created new log segment /home/runner/work/ratis/ratis/ratis-test/target/test/data/f67faa4/MiniRaftClusterWithRpcTypeGrpcAndDataStreamTypeNetty2681f6d6/s2/802761fa-1bbd-4ac8-a343-cd87ed06cc9f/current/log_inprogress_28
2022-07-06 17:18:52,550 [pool-9-thread-11] INFO  datastream.DataStreamTestUtils (DataStreamTestUtils.java:writeAndCloseAndAssertReplies(320)) - Stream380: bytesWritten=3759616
2022-07-06 17:18:52,717 [s1-client-thread1] INFO  statemachine.StateMachine (DataStreamTestUtils.java:link(157)) - link SingleDataStream: writeRequest=RaftClientRequest:client-28EEF3AC7A00->s1@group-CD87ED06CC9F, cid=380, seq=0, DataStream, Message:<EMPTY>, logEntry=null
2022-07-06 17:18:52,719 [s0-server-thread1] INFO  statemachine.StateMachine (DataStreamTestUtils.java:link(157)) - link SingleDataStream: writeRequest=RaftClientRequest:client-28EEF3AC7A00->s1@group-CD87ED06CC9F, cid=380, seq=0, DataStream, Message:<EMPTY>, logEntry=null
2022-07-06 17:18:52,720 [s2-server-thread1] INFO  statemachine.StateMachine (DataStreamTestUtils.java:link(157)) - link SingleDataStream: writeRequest=RaftClientRequest:client-28EEF3AC7A00->s1@group-CD87ED06CC9F, cid=380, seq=0, DataStream, Message:<EMPTY>, logEntry=null
2022-07-06 17:18:52,832 [pool-9-thread-11] INFO  datastream.DataStreamTestUtils (DataStreamTestUtils.java:writeAndCloseAndAssertReplies(311)) - start Stream398
2022-07-06 17:18:53,584 [Timer-2] INFO  impl.MiniRaftCluster (MiniRaftCluster.java:lambda$null$6(323)) - TIMED-PRINT: printing ALL groups
  s0:  RUNNING  FOLLOWER s0@group-CD87ED06CC9F:t2, leader=s1, voted=s1, raftlog=s0@group-CD87ED06CC9F-SegmentedRaftLog:OPENED:c31, conf=28: [s0|rpc:localhost:46837|admin:localhost:40145|client:localhost:44183|dataStream:localhost:36771|priority:0, s1|rpc:localhost:36769|admin:localhost:40151|client:localhost:35673|dataStream:localhost:44419|priority:0, s2|rpc:localhost:42693|admin:localhost:37755|client:localhost:34689|dataStream:localhost:44561|priority:0], old=null RUNNING
  s1:  RUNNING    LEADER s1@group-CD87ED06CC9F:t2, leader=s1, voted=s1, raftlog=s1@group-CD87ED06CC9F-SegmentedRaftLog:OPENED:c31, conf=28: [s0|rpc:localhost:46837|admin:localhost:40145|client:localhost:44183|dataStream:localhost:36771|priority:0, s1|rpc:localhost:36769|admin:localhost:40151|client:localhost:35673|dataStream:localhost:44419|priority:0, s2|rpc:localhost:42693|admin:localhost:37755|client:localhost:34689|dataStream:localhost:44561|priority:0], old=null RUNNING
  s2:  RUNNING  FOLLOWER s2@group-CD87ED06CC9F:t2, leader=s1, voted=s1, raftlog=s2@group-CD87ED06CC9F-SegmentedRaftLog:OPENED:c31, conf=28: [s0|rpc:localhost:46837|admin:localhost:40145|client:localhost:44183|dataStream:localhost:36771|priority:0, s1|rpc:localhost:36769|admin:localhost:40151|client:localhost:35673|dataStream:localhost:44419|priority:0, s2|rpc:localhost:42693|admin:localhost:37755|client:localhost:34689|dataStream:localhost:44561|priority:0], old=null RUNNING
2022-07-06 17:18:58,441 [org.apache.ratis.util.JvmPauseMonitor$$Lambda$273/398417010@41afa821] WARN  util.JvmPauseMonitor (JvmPauseMonitor.java:detectPause(124)) - JvmPauseMonitor-s2: Detected pause in JVM or host machine (eg GC): pause of approximately 119427211ns.
GC pool 'PS Scavenge' had collection(s): count=1 time=143ms
2022-07-06 17:18:58,441 [org.apache.ratis.util.JvmPauseMonitor$$Lambda$273/398417010@2e4d9071] WARN  util.JvmPauseMonitor (JvmPauseMonitor.java:detectPause(124)) - JvmPauseMonitor-s1: Detected pause in JVM or host machine (eg GC): pause of approximately 119722211ns.
GC pool 'PS Scavenge' had collection(s): count=1 time=143ms
2022-07-06 17:18:58,441 [org.apache.ratis.util.JvmPauseMonitor$$Lambda$273/398417010@269384c0] WARN  util.JvmPauseMonitor (JvmPauseMonitor.java:detectPause(124)) - JvmPauseMonitor-s0: Detected pause in JVM or host machine (eg GC): pause of approximately 119798111ns.
GC pool 'PS Scavenge' had collection(s): count=1 time=143ms
2022-07-06 17:19:00,390 [s0@group-CD87ED06CC9F-FollowerState] INFO  impl.FollowerState (FollowerState.java:run(143)) - s0@group-CD87ED06CC9F-FollowerState: change to CANDIDATE, lastRpcElapsedTime:230683347ns, electionTimeout:226ms
2022-07-06 17:19:00,391 [s0@group-CD87ED06CC9F-FollowerState] INFO  impl.RoleInfo (RoleInfo.java:shutdownFollowerState(110)) - s0: shutdown s0@group-CD87ED06CC9F-FollowerState
2022-07-06 17:19:00,391 [s0@group-CD87ED06CC9F-FollowerState] INFO  server.RaftServer$Division (RaftServerImpl.java:setRole(300)) - s0@group-CD87ED06CC9F: changes role from  FOLLOWER to CANDIDATE at term 2 for changeToCandidate
2022-07-06 17:19:00,391 [s0@group-CD87ED06CC9F-FollowerState] INFO  server.RaftServerConfigKeys (ConfUtils.java:logGet(46)) - raft.server.leaderelection.pre-vote = true (default)
2022-07-06 17:19:00,391 [s0@group-CD87ED06CC9F-FollowerState] INFO  impl.RoleInfo (RoleInfo.java:updateAndGet(139)) - s0: start s0@group-CD87ED06CC9F-LeaderElection7
2022-07-06 17:19:00,391 [s0-server-thread1] INFO  server.RaftServer$Division (RaftServerImpl.java:setRole(300)) - s0@group-CD87ED06CC9F: changes role from CANDIDATE to FOLLOWER at term 2 for appendEntries
2022-07-06 17:19:00,391 [s0-server-thread1] INFO  impl.RoleInfo (RoleInfo.java:shutdownLeaderElection(130)) - s0: shutdown s0@group-CD87ED06CC9F-LeaderElection7
2022-07-06 17:19:00,392 [s0-server-thread1] INFO  impl.RoleInfo (RoleInfo.java:updateAndGet(139)) - s0: start s0@group-CD87ED06CC9F-FollowerState
2022-07-06 17:19:00,392 [s0@group-CD87ED06CC9F-LeaderElection7] INFO  impl.LeaderElection (LeaderElection.java:run(231)) - s0@group-CD87ED06CC9F-LeaderElection7: skip running since this is already CLOSING
2022-07-06 17:19:01,465 [pool-9-thread-13] INFO  datastream.DataStreamTestUtils (DataStreamTestUtils.java:writeAndCloseAndAssertReplies(320)) - Stream377: bytesWritten=3759143
2022-07-06 17:19:01,526 [s1-client-thread1] INFO  statemachine.StateMachine (DataStreamTestUtils.java:link(157)) - link SingleDataStream: writeRequest=RaftClientRequest:client-05A7A74BC167->s1@group-CD87ED06CC9F, cid=377, seq=0, DataStream, Message:<EMPTY>, logEntry=null
2022-07-06 17:19:01,528 [s2-server-thread1] INFO  statemachine.StateMachine (DataStreamTestUtils.java:link(157)) - link SingleDataStream: writeRequest=RaftClientRequest:client-05A7A74BC167->s1@group-CD87ED06CC9F, cid=377, seq=0, DataStream, Message:<EMPTY>, logEntry=null
2022-07-06 17:19:01,529 [s0-server-thread1] INFO  statemachine.StateMachine (DataStreamTestUtils.java:link(157)) - link SingleDataStream: writeRequest=RaftClientRequest:client-05A7A74BC167->s1@group-CD87ED06CC9F, cid=377, seq=0, DataStream, Message:<EMPTY>, logEntry=null
2022-07-06 17:19:01,547 [pool-9-thread-13] INFO  datastream.DataStreamTestUtils (DataStreamTestUtils.java:writeAndCloseAndAssertReplies(311)) - start Stream399
2022-07-06 17:19:02,307 [pool-9-thread-12] INFO  datastream.DataStreamTestUtils (DataStreamTestUtils.java:writeAndCloseAndAssertReplies(320)) - Stream392: bytesWritten=3751801
2022-07-06 17:19:02,316 [s1-client-thread1] INFO  statemachine.StateMachine (DataStreamTestUtils.java:link(157)) - link SingleDataStream: writeRequest=RaftClientRequest:client-05A7A74BC167->s1@group-CD87ED06CC9F, cid=392, seq=0, DataStream, Message:<EMPTY>, logEntry=null
2022-07-06 17:19:02,317 [s2-server-thread1] INFO  statemachine.StateMachine (DataStreamTestUtils.java:link(157)) - link SingleDataStream: writeRequest=RaftClientRequest:client-05A7A74BC167->s1@group-CD87ED06CC9F, cid=392, seq=0, DataStream, Message:<EMPTY>, logEntry=null
2022-07-06 17:19:02,318 [s0-server-thread1] INFO  statemachine.StateMachine (DataStreamTestUtils.java:link(157)) - link SingleDataStream: writeRequest=RaftClientRequest:client-05A7A74BC167->s1@group-CD87ED06CC9F, cid=392, seq=0, DataStream, Message:<EMPTY>, logEntry=null
2022-07-06 17:19:02,340 [pool-9-thread-12] INFO  datastream.DataStreamTestUtils (DataStreamTestUtils.java:writeAndCloseAndAssertReplies(311)) - start Stream400
2022-07-06 17:19:02,760 [pool-9-thread-16] INFO  datastream.DataStreamTestUtils (DataStreamTestUtils.java:writeAndCloseAndAssertReplies(320)) - Stream393: bytesWritten=3750254
2022-07-06 17:19:02,767 [s1-client-thread1] INFO  statemachine.StateMachine (DataStreamTestUtils.java:link(157)) - link SingleDataStream: writeRequest=RaftClientRequest:client-05A7A74BC167->s1@group-CD87ED06CC9F, cid=393, seq=0, DataStream, Message:<EMPTY>, logEntry=null
2022-07-06 17:19:02,768 [s0-server-thread1] INFO  statemachine.StateMachine (DataStreamTestUtils.java:link(157)) - link SingleDataStream: writeRequest=RaftClientRequest:client-05A7A74BC167->s1@group-CD87ED06CC9F, cid=393, seq=0, DataStream, Message:<EMPTY>, logEntry=null
2022-07-06 17:19:02,768 [s2-server-thread1] INFO  statemachine.StateMachine (DataStreamTestUtils.java:link(157)) - link SingleDataStream: writeRequest=RaftClientRequest:client-05A7A74BC167->s1@group-CD87ED06CC9F, cid=393, seq=0, DataStream, Message:<EMPTY>, logEntry=null
2022-07-06 17:19:02,776 [pool-9-thread-16] INFO  datastream.DataStreamTestUtils (DataStreamTestUtils.java:writeAndCloseAndAssertReplies(311)) - start Stream402
2022-07-06 17:19:02,872 [pool-9-thread-16] INFO  datastream.DataStreamTestUtils (DataStreamTestUtils.java:writeAndCloseAndAssertReplies(320)) - Stream402: bytesWritten=7218812
2022-07-06 17:19:03,035 [s1-client-thread1] INFO  statemachine.StateMachine (DataStreamTestUtils.java:link(157)) - link SingleDataStream: writeRequest=RaftClientRequest:client-509372FEA6B6->s2@group-CD87ED06CC9F, cid=402, seq=0, DataStream, Message:<EMPTY>, logEntry=null
2022-07-06 17:19:03,038 [s0-server-thread1] INFO  statemachine.StateMachine (DataStreamTestUtils.java:link(157)) - link SingleDataStream: writeRequest=RaftClientRequest:client-509372FEA6B6->s2@group-CD87ED06CC9F, cid=402, seq=0, DataStream, Message:<EMPTY>, logEntry=null
2022-07-06 17:19:03,038 [s2-server-thread1] INFO  statemachine.StateMachine (DataStreamTestUtils.java:link(157)) - link SingleDataStream: writeRequest=RaftClientRequest:client-509372FEA6B6->s2@group-CD87ED06CC9F, cid=402, seq=0, DataStream, Message:<EMPTY>, logEntry=null
2022-07-06 17:19:03,043 [pool-9-thread-16] INFO  datastream.DataStreamTestUtils (DataStreamTestUtils.java:writeAndCloseAndAssertReplies(311)) - start Stream403
2022-07-06 17:19:03,151 [pool-9-thread-16] INFO  datastream.DataStreamTestUtils (DataStreamTestUtils.java:writeAndCloseAndAssertReplies(320)) - Stream403: bytesWritten=8056038
2022-07-06 17:19:03,155 [pool-9-thread-14] INFO  datastream.DataStreamTestUtils (DataStreamTestUtils.java:writeAndCloseAndAssertReplies(320)) - Stream396: bytesWritten=3745254
2022-07-06 17:19:03,162 [s1-client-thread1] INFO  statemachine.StateMachine (DataStreamTestUtils.java:link(157)) - link SingleDataStream: writeRequest=RaftClientRequest:client-509372FEA6B6->s2@group-CD87ED06CC9F, cid=403, seq=0, DataStream, Message:<EMPTY>, logEntry=null
2022-07-06 17:19:03,163 [s2-server-thread1] INFO  statemachine.StateMachine (DataStreamTestUtils.java:link(157)) - link SingleDataStream: writeRequest=RaftClientRequest:client-509372FEA6B6->s2@group-CD87ED06CC9F, cid=403, seq=0, DataStream, Message:<EMPTY>, logEntry=null
2022-07-06 17:19:03,163 [s0-server-thread1] INFO  statemachine.StateMachine (DataStreamTestUtils.java:link(157)) - link SingleDataStream: writeRequest=RaftClientRequest:client-509372FEA6B6->s2@group-CD87ED06CC9F, cid=403, seq=0, DataStream, Message:<EMPTY>, logEntry=null
2022-07-06 17:19:03,167 [s1-client-thread1] INFO  statemachine.StateMachine (DataStreamTestUtils.java:link(157)) - link SingleDataStream: writeRequest=RaftClientRequest:client-05A7A74BC167->s1@group-CD87ED06CC9F, cid=396, seq=0, DataStream, Message:<EMPTY>, logEntry=null
2022-07-06 17:19:03,167 [pool-9-thread-16] INFO  datastream.DataStreamTestUtils (DataStreamTestUtils.java:writeAndCloseAndAssertReplies(311)) - start Stream404
2022-07-06 17:19:03,172 [s0-server-thread1] INFO  statemachine.StateMachine (DataStreamTestUtils.java:link(157)) - link SingleDataStream: writeRequest=RaftClientRequest:client-05A7A74BC167->s1@group-CD87ED06CC9F, cid=396, seq=0, DataStream, Message:<EMPTY>, logEntry=null
2022-07-06 17:19:03,173 [s2-server-thread1] INFO  statemachine.StateMachine (DataStreamTestUtils.java:link(157)) - link SingleDataStream: writeRequest=RaftClientRequest:client-05A7A74BC167->s1@group-CD87ED06CC9F, cid=396, seq=0, DataStream, Message:<EMPTY>, logEntry=null
2022-07-06 17:19:03,215 [pool-9-thread-14] INFO  datastream.DataStreamTestUtils (DataStreamTestUtils.java:writeAndCloseAndAssertReplies(311)) - start Stream405
2022-07-06 17:19:03,355 [pool-9-thread-14] INFO  datastream.DataStreamTestUtils (DataStreamTestUtils.java:writeAndCloseAndAssertReplies(320)) - Stream405: bytesWritten=8130502
2022-07-06 17:19:03,364 [s1-client-thread1] INFO  statemachine.StateMachine (DataStreamTestUtils.java:link(157)) - link SingleDataStream: writeRequest=RaftClientRequest:client-509372FEA6B6->s2@group-CD87ED06CC9F, cid=405, seq=0, DataStream, Message:<EMPTY>, logEntry=null
2022-07-06 17:19:03,365 [s2-server-thread1] INFO  statemachine.StateMachine (DataStreamTestUtils.java:link(157)) - link SingleDataStream: writeRequest=RaftClientRequest:client-509372FEA6B6->s2@group-CD87ED06CC9F, cid=405, seq=0, DataStream, Message:<EMPTY>, logEntry=null
2022-07-06 17:19:03,366 [s0-server-thread1] INFO  statemachine.StateMachine (DataStreamTestUtils.java:link(157)) - link SingleDataStream: writeRequest=RaftClientRequest:client-509372FEA6B6->s2@group-CD87ED06CC9F, cid=405, seq=0, DataStream, Message:<EMPTY>, logEntry=null
2022-07-06 17:19:03,383 [pool-9-thread-15] INFO  datastream.DataStreamTestUtils (DataStreamTestUtils.java:writeAndCloseAndAssertReplies(320)) - Stream394: bytesWritten=3749268
2022-07-06 17:19:03,386 [pool-9-thread-10] INFO  datastream.DataStreamTestUtils (DataStreamTestUtils.java:writeAndCloseAndAssertReplies(320)) - Stream395: bytesWritten=3734779
2022-07-06 17:19:03,393 [pool-9-thread-14] INFO  datastream.DataStreamTestUtils (DataStreamTestUtils.java:writeAndCloseAndAssertReplies(311)) - start Stream406
2022-07-06 17:19:03,397 [s1-client-thread1] INFO  statemachine.StateMachine (DataStreamTestUtils.java:link(157)) - link SingleDataStream: writeRequest=RaftClientRequest:client-05A7A74BC167->s1@group-CD87ED06CC9F, cid=395, seq=0, DataStream, Message:<EMPTY>, logEntry=null
2022-07-06 17:19:03,397 [s2-server-thread1] INFO  statemachine.StateMachine (DataStreamTestUtils.java:link(157)) - link SingleDataStream: writeRequest=RaftClientRequest:client-05A7A74BC167->s1@group-CD87ED06CC9F, cid=395, seq=0, DataStream, Message:<EMPTY>, logEntry=null
2022-07-06 17:19:03,398 [s0-server-thread1] INFO  statemachine.StateMachine (DataStreamTestUtils.java:link(157)) - link SingleDataStream: writeRequest=RaftClientRequest:client-05A7A74BC167->s1@group-CD87ED06CC9F, cid=395, seq=0, DataStream, Message:<EMPTY>, logEntry=null
2022-07-06 17:19:03,402 [pool-9-thread-16] INFO  datastream.DataStreamTestUtils (DataStreamTestUtils.java:writeAndCloseAndAssertReplies(320)) - Stream404: bytesWritten=7380764
2022-07-06 17:19:03,410 [s1-client-thread1] INFO  statemachine.StateMachine (DataStreamTestUtils.java:link(157)) - link SingleDataStream: writeRequest=RaftClientRequest:client-05A7A74BC167->s1@group-CD87ED06CC9F, cid=394, seq=0, DataStream, Message:<EMPTY>, logEntry=null
2022-07-06 17:19:03,411 [s0-server-thread1] INFO  statemachine.StateMachine (DataStreamTestUtils.java:link(157)) - link SingleDataStream: writeRequest=RaftClientRequest:client-05A7A74BC167->s1@group-CD87ED06CC9F, cid=394, seq=0, DataStream, Message:<EMPTY>, logEntry=null
2022-07-06 17:19:03,411 [s2-server-thread1] INFO  statemachine.StateMachine (DataStreamTestUtils.java:link(157)) - link SingleDataStream: writeRequest=RaftClientRequest:client-05A7A74BC167->s1@group-CD87ED06CC9F, cid=394, seq=0, DataStream, Message:<EMPTY>, logEntry=null
2022-07-06 17:19:03,421 [pool-9-thread-10] INFO  datastream.DataStreamTestUtils (DataStreamTestUtils.java:writeAndCloseAndAssertReplies(311)) - start Stream407
2022-07-06 17:19:03,568 [pool-9-thread-10] INFO  datastream.DataStreamTestUtils (DataStreamTestUtils.java:writeAndCloseAndAssertReplies(320)) - Stream407: bytesWritten=6929436
2022-07-06 17:19:03,584 [Timer-2] INFO  impl.MiniRaftCluster (MiniRaftCluster.java:lambda$null$6(323)) - TIMED-PRINT: printing ALL groups
  s0:  RUNNING  FOLLOWER s0@group-CD87ED06CC9F:t2, leader=s1, voted=s1, raftlog=s0@group-CD87ED06CC9F-SegmentedRaftLog:OPENED:c45, conf=28: [s0|rpc:localhost:46837|admin:localhost:40145|client:localhost:44183|dataStream:localhost:36771|priority:0, s1|rpc:localhost:36769|admin:localhost:40151|client:localhost:35673|dataStream:localhost:44419|priority:0, s2|rpc:localhost:42693|admin:localhost:37755|client:localhost:34689|dataStream:localhost:44561|priority:0], old=null RUNNING
  s1:  RUNNING    LEADER s1@group-CD87ED06CC9F:t2, leader=s1, voted=s1, raftlog=s1@group-CD87ED06CC9F-SegmentedRaftLog:OPENED:c46, conf=28: [s0|rpc:localhost:46837|admin:localhost:40145|client:localhost:44183|dataStream:localhost:36771|priority:0, s1|rpc:localhost:36769|admin:localhost:40151|client:localhost:35673|dataStream:localhost:44419|priority:0, s2|rpc:localhost:42693|admin:localhost:37755|client:localhost:34689|dataStream:localhost:44561|priority:0], old=null RUNNING
  s2:  RUNNING  FOLLOWER s2@group-CD87ED06CC9F:t2, leader=s1, voted=s1, raftlog=s2@group-CD87ED06CC9F-SegmentedRaftLog:OPENED:c46, conf=28: [s0|rpc:localhost:46837|admin:localhost:40145|client:localhost:44183|dataStream:localhost:36771|priority:0, s1|rpc:localhost:36769|admin:localhost:40151|client:localhost:35673|dataStream:localhost:44419|priority:0, s2|rpc:localhost:42693|admin:localhost:37755|client:localhost:34689|dataStream:localhost:44561|priority:0], old=null RUNNING
2022-07-06 17:19:03,624 [s1-client-thread2] INFO  statemachine.StateMachine (DataStreamTestUtils.java:link(157)) - link SingleDataStream: writeRequest=RaftClientRequest:client-509372FEA6B6->s2@group-CD87ED06CC9F, cid=404, seq=0, DataStream, Message:<EMPTY>, logEntry=null
2022-07-06 17:19:03,628 [s1-client-thread2] INFO  statemachine.StateMachine (DataStreamTestUtils.java:link(157)) - link SingleDataStream: writeRequest=RaftClientRequest:client-509372FEA6B6->s2@group-CD87ED06CC9F, cid=407, seq=0, DataStream, Message:<EMPTY>, logEntry=null
2022-07-06 17:19:03,630 [pool-9-thread-15] INFO  datastream.DataStreamTestUtils (DataStreamTestUtils.java:writeAndCloseAndAssertReplies(311)) - start Stream408
2022-07-06 17:19:03,649 [s2-server-thread1] INFO  statemachine.StateMachine (DataStreamTestUtils.java:link(157)) - link SingleDataStream: writeRequest=RaftClientRequest:client-509372FEA6B6->s2@group-CD87ED06CC9F, cid=404, seq=0, DataStream, Message:<EMPTY>, logEntry=null
2022-07-06 17:19:03,635 [pool-9-thread-8] INFO  datastream.DataStreamTestUtils (DataStreamTestUtils.java:writeAndCloseAndAssertReplies(320)) - Stream397: bytesWritten=3749123
2022-07-06 17:19:03,631 [pool-9-thread-14] INFO  datastream.DataStreamTestUtils (DataStreamTestUtils.java:writeAndCloseAndAssertReplies(320)) - Stream406: bytesWritten=7112421
2022-07-06 17:19:03,667 [s2-server-thread1] INFO  statemachine.StateMachine (DataStreamTestUtils.java:link(157)) - link SingleDataStream: writeRequest=RaftClientRequest:client-509372FEA6B6->s2@group-CD87ED06CC9F, cid=407, seq=0, DataStream, Message:<EMPTY>, logEntry=null
2022-07-06 17:19:03,679 [pool-9-thread-16] INFO  datastream.DataStreamTestUtils (DataStreamTestUtils.java:writeAndCloseAndAssertReplies(311)) - start Stream409
2022-07-06 17:19:03,685 [pool-9-thread-10] INFO  datastream.DataStreamTestUtils (DataStreamTestUtils.java:writeAndCloseAndAssertReplies(311)) - start Stream410
2022-07-06 17:19:03,724 [s0-server-thread1] INFO  statemachine.StateMachine (DataStreamTestUtils.java:link(157)) - link SingleDataStream: writeRequest=RaftClientRequest:client-509372FEA6B6->s2@group-CD87ED06CC9F, cid=404, seq=0, DataStream, Message:<EMPTY>, logEntry=null
2022-07-06 17:19:03,726 [s1-client-thread2] INFO  statemachine.StateMachine (DataStreamTestUtils.java:link(157)) - link SingleDataStream: writeRequest=RaftClientRequest:client-509372FEA6B6->s2@group-CD87ED06CC9F, cid=406, seq=0, DataStream, Message:<EMPTY>, logEntry=null
2022-07-06 17:19:03,728 [s0-server-thread1] INFO  statemachine.StateMachine (DataStreamTestUtils.java:link(157)) - link SingleDataStream: writeRequest=RaftClientRequest:client-509372FEA6B6->s2@group-CD87ED06CC9F, cid=407, seq=0, DataStream, Message:<EMPTY>, logEntry=null
2022-07-06 17:19:03,729 [s2-server-thread1] INFO  statemachine.StateMachine (DataStreamTestUtils.java:link(157)) - link SingleDataStream: writeRequest=RaftClientRequest:client-509372FEA6B6->s2@group-CD87ED06CC9F, cid=406, seq=0, DataStream, Message:<EMPTY>, logEntry=null
2022-07-06 17:19:03,738 [s1-client-thread2] INFO  statemachine.StateMachine (DataStreamTestUtils.java:link(157)) - link SingleDataStream: writeRequest=RaftClientRequest:client-05A7A74BC167->s1@group-CD87ED06CC9F, cid=397, seq=0, DataStream, Message:<EMPTY>, logEntry=null
2022-07-06 17:19:03,739 [s2-server-thread1] INFO  statemachine.StateMachine (DataStreamTestUtils.java:link(157)) - link SingleDataStream: writeRequest=RaftClientRequest:client-05A7A74BC167->s1@group-CD87ED06CC9F, cid=397, seq=0, DataStream, Message:<EMPTY>, logEntry=null
2022-07-06 17:19:03,975 [s0-server-thread1] INFO  statemachine.StateMachine (DataStreamTestUtils.java:link(157)) - link SingleDataStream: writeRequest=RaftClientRequest:client-509372FEA6B6->s2@group-CD87ED06CC9F, cid=406, seq=0, DataStream, Message:<EMPTY>, logEntry=null
2022-07-06 17:19:04,004 [s0-server-thread1] INFO  statemachine.StateMachine (DataStreamTestUtils.java:link(157)) - link SingleDataStream: writeRequest=RaftClientRequest:client-05A7A74BC167->s1@group-CD87ED06CC9F, cid=397, seq=0, DataStream, Message:<EMPTY>, logEntry=null
2022-07-06 17:19:04,082 [pool-9-thread-15] INFO  datastream.DataStreamTestUtils (DataStreamTestUtils.java:writeAndCloseAndAssertReplies(320)) - Stream408: bytesWritten=6968569
2022-07-06 17:19:04,088 [pool-9-thread-14] INFO  datastream.DataStreamTestUtils (DataStreamTestUtils.java:writeAndCloseAndAssertReplies(311)) - start Stream411
2022-07-06 17:19:04,104 [s1-client-thread2] INFO  statemachine.StateMachine (DataStreamTestUtils.java:link(157)) - link SingleDataStream: writeRequest=RaftClientRequest:client-509372FEA6B6->s2@group-CD87ED06CC9F, cid=408, seq=0, DataStream, Message:<EMPTY>, logEntry=null
2022-07-06 17:19:04,105 [s0-server-thread1] INFO  statemachine.StateMachine (DataStreamTestUtils.java:link(157)) - link SingleDataStream: writeRequest=RaftClientRequest:client-509372FEA6B6->s2@group-CD87ED06CC9F, cid=408, seq=0, DataStream, Message:<EMPTY>, logEntry=null
2022-07-06 17:19:04,112 [pool-9-thread-16] INFO  datastream.DataStreamTestUtils (DataStreamTestUtils.java:writeAndCloseAndAssertReplies(320)) - Stream409: bytesWritten=7842839
2022-07-06 17:19:04,115 [s1-client-thread2] INFO  statemachine.StateMachine (DataStreamTestUtils.java:link(157)) - link SingleDataStream: writeRequest=RaftClientRequest:client-509372FEA6B6->s2@group-CD87ED06CC9F, cid=409, seq=0, DataStream, Message:<EMPTY>, logEntry=null
2022-07-06 17:19:04,116 [s0-server-thread1] INFO  statemachine.StateMachine (DataStreamTestUtils.java:link(157)) - link SingleDataStream: writeRequest=RaftClientRequest:client-509372FEA6B6->s2@group-CD87ED06CC9F, cid=409, seq=0, DataStream, Message:<EMPTY>, logEntry=null
2022-07-06 17:19:04,150 [pool-9-thread-8] INFO  datastream.DataStreamTestUtils (DataStreamTestUtils.java:writeAndCloseAndAssertReplies(311)) - start Stream412
2022-07-06 17:19:04,152 [s2-server-thread1] INFO  statemachine.StateMachine (DataStreamTestUtils.java:link(157)) - link SingleDataStream: writeRequest=RaftClientRequest:client-509372FEA6B6->s2@group-CD87ED06CC9F, cid=408, seq=0, DataStream, Message:<EMPTY>, logEntry=null
2022-07-06 17:19:04,152 [s2-server-thread1] INFO  statemachine.StateMachine (DataStreamTestUtils.java:link(157)) - link SingleDataStream: writeRequest=RaftClientRequest:client-509372FEA6B6->s2@group-CD87ED06CC9F, cid=409, seq=0, DataStream, Message:<EMPTY>, logEntry=null
2022-07-06 17:19:04,158 [pool-9-thread-10] INFO  datastream.DataStreamTestUtils (DataStreamTestUtils.java:writeAndCloseAndAssertReplies(320)) - Stream410: bytesWritten=7794321
2022-07-06 17:19:04,161 [s1-client-thread2] INFO  statemachine.StateMachine (DataStreamTestUtils.java:link(157)) - link SingleDataStream: writeRequest=RaftClientRequest:client-509372FEA6B6->s2@group-CD87ED06CC9F, cid=410, seq=0, DataStream, Message:<EMPTY>, logEntry=null
2022-07-06 17:19:04,165 [s2-server-thread1] INFO  statemachine.StateMachine (DataStreamTestUtils.java:link(157)) - link SingleDataStream: writeRequest=RaftClientRequest:client-509372FEA6B6->s2@group-CD87ED06CC9F, cid=410, seq=0, DataStream, Message:<EMPTY>, logEntry=null
2022-07-06 17:19:04,271 [s0-server-thread1] INFO  statemachine.StateMachine (DataStreamTestUtils.java:link(157)) - link SingleDataStream: writeRequest=RaftClientRequest:client-509372FEA6B6->s2@group-CD87ED06CC9F, cid=410, seq=0, DataStream, Message:<EMPTY>, logEntry=null
2022-07-06 17:19:04,323 [pool-9-thread-15] INFO  datastream.DataStreamTestUtils (DataStreamTestUtils.java:writeAndCloseAndAssertReplies(311)) - start Stream413
2022-07-06 17:19:04,355 [pool-9-thread-16] INFO  datastream.DataStreamTestUtils (DataStreamTestUtils.java:writeAndCloseAndAssertReplies(311)) - start Stream414
2022-07-06 17:19:04,455 [pool-9-thread-10] INFO  datastream.DataStreamTestUtils (DataStreamTestUtils.java:writeAndCloseAndAssertReplies(311)) - start Stream415
2022-07-06 17:19:04,486 [pool-9-thread-5] INFO  datastream.DataStreamTestUtils (DataStreamTestUtils.java:writeAndCloseAndAssertReplies(311)) - start Stream416
2022-07-06 17:19:05,819 [s2@group-CD87ED06CC9F-FollowerState] INFO  impl.FollowerState (FollowerState.java:run(143)) - s2@group-CD87ED06CC9F-FollowerState: change to CANDIDATE, lastRpcElapsedTime:221145704ns, electionTimeout:160ms
2022-07-06 17:19:05,819 [s2@group-CD87ED06CC9F-FollowerState] INFO  impl.RoleInfo (RoleInfo.java:shutdownFollowerState(110)) - s2: shutdown s2@group-CD87ED06CC9F-FollowerState
2022-07-06 17:19:05,819 [s2@group-CD87ED06CC9F-FollowerState] INFO  server.RaftServer$Division (RaftServerImpl.java:setRole(300)) - s2@group-CD87ED06CC9F: changes role from  FOLLOWER to CANDIDATE at term 2 for changeToCandidate
2022-07-06 17:19:05,819 [s2@group-CD87ED06CC9F-FollowerState] INFO  server.RaftServerConfigKeys (ConfUtils.java:logGet(46)) - raft.server.leaderelection.pre-vote = true (default)
2022-07-06 17:19:05,820 [s2@group-CD87ED06CC9F-FollowerState] INFO  impl.RoleInfo (RoleInfo.java:updateAndGet(139)) - s2: start s2@group-CD87ED06CC9F-LeaderElection8
2022-07-06 17:19:05,831 [s2@group-CD87ED06CC9F-LeaderElection8] INFO  server.RaftServer$Division (ServerState.java:setLeader(291)) - s2@group-CD87ED06CC9F: change Leader from s1 to null at term 2 for PRE_VOTE
2022-07-06 17:19:05,867 [s2@group-CD87ED06CC9F-LeaderElection8] INFO  impl.LeaderElection (LeaderElection.java:askForVotes(310)) - s2@group-CD87ED06CC9F-LeaderElection8 PRE_VOTE round 0: submit vote requests at term 2 for 28: [s0|rpc:localhost:46837|admin:localhost:40145|client:localhost:44183|dataStream:localhost:36771|priority:0, s1|rpc:localhost:36769|admin:localhost:40151|client:localhost:35673|dataStream:localhost:44419|priority:0, s2|rpc:localhost:42693|admin:localhost:37755|client:localhost:34689|dataStream:localhost:44561|priority:0], old=null
2022-07-06 17:19:05,867 [s2-server-thread1] INFO  server.RaftServer$Division (RaftServerImpl.java:setRole(300)) - s2@group-CD87ED06CC9F: changes role from CANDIDATE to FOLLOWER at term 2 for appendEntries
2022-07-06 17:19:05,868 [s2-server-thread1] INFO  impl.RoleInfo (RoleInfo.java:shutdownLeaderElection(130)) - s2: shutdown s2@group-CD87ED06CC9F-LeaderElection8
2022-07-06 17:19:05,871 [grpc-default-executor-1] INFO  server.RaftServer$Division (RaftServerImpl.java:requestVote(1173)) - s0@group-CD87ED06CC9F: receive requestVote(PRE_VOTE, s2, group-CD87ED06CC9F, 2, (t:2, i:62))
2022-07-06 17:19:05,871 [grpc-default-executor-1] INFO  impl.VoteContext (VoteContext.java:log(48)) - s0@group-CD87ED06CC9F-FOLLOWER: reject PRE_VOTE from s2: this server is a follower and still has a valid leader s1
2022-07-06 17:19:05,871 [s2@group-CD87ED06CC9F-LeaderElection8] INFO  impl.LeaderElection (LeaderElection.java:logAndReturn(90)) - s2@group-CD87ED06CC9F-LeaderElection8: PRE_VOTE REJECTED received 0 response(s) and 0 exception(s):
2022-07-06 17:19:05,871 [s2@group-CD87ED06CC9F-LeaderElection8] INFO  impl.LeaderElection (LeaderElection.java:askForVotes(312)) - s2@group-CD87ED06CC9F-LeaderElection8 PRE_VOTE round 0: result REJECTED
2022-07-06 17:19:05,872 [s2-server-thread1] INFO  impl.RoleInfo (RoleInfo.java:updateAndGet(139)) - s2: start s2@group-CD87ED06CC9F-FollowerState
2022-07-06 17:19:05,871 [grpc-default-executor-1] INFO  server.RaftServer$Division (RaftServerImpl.java:requestVote(1205)) - s0@group-CD87ED06CC9F replies to PRE_VOTE vote request: s2<-s0#0:FAIL-t2. Peer's state: s0@group-CD87ED06CC9F:t2, leader=s1, voted=s1, raftlog=s0@group-CD87ED06CC9F-SegmentedRaftLog:OPENED:c62, conf=28: [s0|rpc:localhost:46837|admin:localhost:40145|client:localhost:44183|dataStream:localhost:36771|priority:0, s1|rpc:localhost:36769|admin:localhost:40151|client:localhost:35673|dataStream:localhost:44419|priority:0, s2|rpc:localhost:42693|admin:localhost:37755|client:localhost:34689|dataStream:localhost:44561|priority:0], old=null
2022-07-06 17:19:05,883 [s2-server-thread1] INFO  server.RaftServer$Division (ServerState.java:setLeader(291)) - s2@group-CD87ED06CC9F: change Leader from null to s1 at term 2 for appendEntries, leader elected after 51ms
2022-07-06 17:19:05,888 [grpc-default-executor-4] INFO  server.RaftServer$Division (RaftServerImpl.java:requestVote(1173)) - s1@group-CD87ED06CC9F: receive requestVote(PRE_VOTE, s2, group-CD87ED06CC9F, 2, (t:2, i:62))
2022-07-06 17:19:05,889 [grpc-default-executor-4] INFO  impl.VoteContext (VoteContext.java:log(48)) - s1@group-CD87ED06CC9F-LEADER: reject PRE_VOTE from s2: this server is the leader and still has leadership
2022-07-06 17:19:05,889 [grpc-default-executor-4] INFO  server.RaftServer$Division (RaftServerImpl.java:requestVote(1205)) - s1@group-CD87ED06CC9F replies to PRE_VOTE vote request: s2<-s1#0:FAIL-t2. Peer's state: s1@group-CD87ED06CC9F:t2, leader=s1, voted=s1, raftlog=s1@group-CD87ED06CC9F-SegmentedRaftLog:OPENED:c62, conf=28: [s0|rpc:localhost:46837|admin:localhost:40145|client:localhost:44183|dataStream:localhost:36771|priority:0, s1|rpc:localhost:36769|admin:localhost:40151|client:localhost:35673|dataStream:localhost:44419|priority:0, s2|rpc:localhost:42693|admin:localhost:37755|client:localhost:34689|dataStream:localhost:44561|priority:0], old=null
2022-07-06 17:19:07,030 [pool-9-thread-11] INFO  datastream.DataStreamTestUtils (DataStreamTestUtils.java:writeAndCloseAndAssertReplies(320)) - Stream398: bytesWritten=3728336
2022-07-06 17:19:07,044 [s1-client-thread2] INFO  statemachine.StateMachine (DataStreamTestUtils.java:link(157)) - link SingleDataStream: writeRequest=RaftClientRequest:client-05A7A74BC167->s1@group-CD87ED06CC9F, cid=398, seq=0, DataStream, Message:<EMPTY>, logEntry=null
2022-07-06 17:19:07,052 [s2-server-thread1] INFO  statemachine.StateMachine (DataStreamTestUtils.java:link(157)) - link SingleDataStream: writeRequest=RaftClientRequest:client-05A7A74BC167->s1@group-CD87ED06CC9F, cid=398, seq=0, DataStream, Message:<EMPTY>, logEntry=null
2022-07-06 17:19:07,053 [s0-server-thread1] INFO  statemachine.StateMachine (DataStreamTestUtils.java:link(157)) - link SingleDataStream: writeRequest=RaftClientRequest:client-05A7A74BC167->s1@group-CD87ED06CC9F, cid=398, seq=0, DataStream, Message:<EMPTY>, logEntry=null
2022-07-06 17:19:07,065 [pool-9-thread-11] INFO  datastream.DataStreamTestUtils (DataStreamTestUtils.java:writeAndCloseAndAssertReplies(311)) - start Stream417
2022-07-06 17:19:10,338 [s2@group-CD87ED06CC9F-FollowerState] WARN  impl.FollowerState (FollowerState.java:run(130)) - Unexpected long sleep: sleep 275ms but took extra 788501381ns (> threshold = 300ms)
2022-07-06 17:19:10,338 [s0@group-CD87ED06CC9F-FollowerState] WARN  impl.FollowerState (FollowerState.java:run(130)) - Unexpected long sleep: sleep 272ms but took extra 857659254ns (> threshold = 300ms)
2022-07-06 17:19:10,338 [s1@group-CD87ED06CC9F-LeaderStateImpl] WARN  server.RaftServer$Division (LeaderStateImpl.java:checkLeadership(1017)) - s1@group-CD87ED06CC9F-LeaderStateImpl: Lost leadership on term: 2. Election timeout: 300ms. In charge for: 18945ms. Conf: 28: [s0|rpc:localhost:46837|admin:localhost:40145|client:localhost:44183|dataStream:localhost:36771|priority:0, s1|rpc:localhost:36769|admin:localhost:40151|client:localhost:35673|dataStream:localhost:44419|priority:0, s2|rpc:localhost:42693|admin:localhost:37755|client:localhost:34689|dataStream:localhost:44561|priority:0], old=null
2022-07-06 17:19:10,339 [org.apache.ratis.util.JvmPauseMonitor$$Lambda$273/398417010@269384c0] WARN  util.JvmPauseMonitor (JvmPauseMonitor.java:detectPause(124)) - JvmPauseMonitor-s0: Detected pause in JVM or host machine (eg GC): pause of approximately 862574666ns.
GC pool 'PS MarkSweep' had collection(s): count=1 time=797ms
GC pool 'PS Scavenge' had collection(s): count=1 time=134ms
2022-07-06 17:19:10,339 [s1@group-CD87ED06CC9F-LeaderStateImpl] WARN  server.RaftServer$Division (LeaderStateImpl.java:lambda$checkLeadership$17(1021)) - Follower s1@group-CD87ED06CC9F->s0(c64,m64,n65, attendVote=true, lastRpcSendTime=1012, lastRpcResponseTime=986)
2022-07-06 17:19:10,339 [org.apache.ratis.util.JvmPauseMonitor$$Lambda$273/398417010@41afa821] WARN  util.JvmPauseMonitor (JvmPauseMonitor.java:detectPause(124)) - JvmPauseMonitor-s2: Detected pause in JVM or host machine (eg GC): pause of approximately 862454165ns.
GC pool 'PS MarkSweep' had collection(s): count=1 time=797ms
GC pool 'PS Scavenge' had collection(s): count=1 time=134ms
2022-07-06 17:19:10,339 [s1@group-CD87ED06CC9F-LeaderStateImpl] WARN  server.RaftServer$Division (LeaderStateImpl.java:lambda$checkLeadership$17(1021)) - Follower s1@group-CD87ED06CC9F->s2(c64,m64,n65, attendVote=true, lastRpcSendTime=1012, lastRpcResponseTime=986)
2022-07-06 17:19:10,339 [s1@group-CD87ED06CC9F-LeaderStateImpl] INFO  server.RaftServer$Division (RaftServerImpl.java:setRole(300)) - s1@group-CD87ED06CC9F: changes role from    LEADER to FOLLOWER at term 2 for StepDownReason:LOST_MAJORITY_HEARTBEATS
2022-07-06 17:19:10,339 [s1@group-CD87ED06CC9F-LeaderStateImpl] INFO  impl.RoleInfo (RoleInfo.java:shutdownLeaderState(93)) - s1: shutdown s1@group-CD87ED06CC9F-LeaderStateImpl
2022-07-06 17:19:10,340 [s1@group-CD87ED06CC9F-LeaderStateImpl] INFO  impl.PendingRequests (PendingRequests.java:sendNotLeaderResponses(282)) - s1@group-CD87ED06CC9F-PendingRequests: sendNotLeaderResponses
2022-07-06 17:19:10,339 [org.apache.ratis.util.JvmPauseMonitor$$Lambda$273/398417010@2e4d9071] WARN  util.JvmPauseMonitor (JvmPauseMonitor.java:detectPause(124)) - JvmPauseMonitor-s1: Detected pause in JVM or host machine (eg GC): pause of approximately 862710967ns.
GC pool 'PS MarkSweep' had collection(s): count=1 time=797ms
GC pool 'PS Scavenge' had collection(s): count=1 time=134ms
2022-07-06 17:19:10,346 [s1@group-CD87ED06CC9F-LeaderStateImpl] INFO  impl.RoleInfo (RoleInfo.java:updateAndGet(139)) - s1: start s1@group-CD87ED06CC9F-FollowerState
2022-07-06 17:19:10,347 [s1@group-CD87ED06CC9F->s2-GrpcLogAppender-LogAppenderDaemon] WARN  server.GrpcLogAppender (GrpcLogAppender.java:mayWait(172)) - s1@group-CD87ED06CC9F->s2-GrpcLogAppender: Wait interrupted by java.lang.InterruptedException
2022-07-06 17:19:10,347 [s1@group-CD87ED06CC9F->s0-GrpcLogAppender-LogAppenderDaemon] WARN  server.GrpcLogAppender (GrpcLogAppender.java:mayWait(172)) - s1@group-CD87ED06CC9F->s0-GrpcLogAppender: Wait interrupted by java.lang.InterruptedException
2022-07-06 17:19:10,351 [grpc-default-executor-1] INFO  server.GrpcServerProtocolService (GrpcServerProtocolService.java:onCompleted(140)) - s2: Completed APPEND_ENTRIES, lastRequest: s1->s2#395-t2,previous=(t:2, i:63),leaderCommit=63,initializing? true,entries: size=1, first=(t:2, i:64), METADATAENTRY(c:63)
2022-07-06 17:19:10,355 [grpc-default-executor-6] INFO  server.GrpcLogAppender (GrpcLogAppender.java:onCompleted(340)) - s1@group-CD87ED06CC9F->s2-AppendLogResponseHandler: follower responses appendEntries COMPLETED
2022-07-06 17:19:10,355 [grpc-default-executor-6] INFO  leader.FollowerInfo (FollowerInfoImpl.java:lambda$new$0(48)) - s1@group-CD87ED06CC9F->s2: nextIndex: updateUnconditionally 65 -> 64
2022-07-06 17:19:10,359 [grpc-default-executor-4] INFO  server.GrpcServerProtocolService (GrpcServerProtocolService.java:onCompleted(140)) - s0: Completed APPEND_ENTRIES, lastRequest: s1->s0#405-t2,previous=(t:2, i:63),leaderCommit=63,initializing? true,entries: size=1, first=(t:2, i:64), METADATAENTRY(c:63)
2022-07-06 17:19:10,360 [grpc-default-executor-4] INFO  server.GrpcLogAppender (GrpcLogAppender.java:onCompleted(340)) - s1@group-CD87ED06CC9F->s0-AppendLogResponseHandler: follower responses appendEntries COMPLETED
2022-07-06 17:19:10,360 [grpc-default-executor-4] INFO  leader.FollowerInfo (FollowerInfoImpl.java:lambda$new$0(48)) - s1@group-CD87ED06CC9F->s0: nextIndex: updateUnconditionally 65 -> 64
2022-07-06 17:19:10,577 [s1@group-CD87ED06CC9F-FollowerState] INFO  impl.FollowerState (FollowerState.java:lostMajorityHeartbeatsRecently(108)) - s1@group-CD87ED06CC9F-FollowerState: Skipping leader election since it stepped down recently (elapsed = 230ms < waitTime = 10s)
2022-07-06 17:19:10,777 [s0@group-CD87ED06CC9F-FollowerState] INFO  impl.FollowerState (FollowerState.java:run(143)) - s0@group-CD87ED06CC9F-FollowerState: change to CANDIDATE, lastRpcElapsedTime:417571984ns, electionTimeout:264ms
2022-07-06 17:19:10,777 [s0@group-CD87ED06CC9F-FollowerState] INFO  impl.RoleInfo (RoleInfo.java:shutdownFollowerState(110)) - s0: shutdown s0@group-CD87ED06CC9F-FollowerState
2022-07-06 17:19:10,777 [s0@group-CD87ED06CC9F-FollowerState] INFO  server.RaftServer$Division (RaftServerImpl.java:setRole(300)) - s0@group-CD87ED06CC9F: changes role from  FOLLOWER to CANDIDATE at term 2 for changeToCandidate
2022-07-06 17:19:10,777 [s0@group-CD87ED06CC9F-FollowerState] INFO  server.RaftServerConfigKeys (ConfUtils.java:logGet(46)) - raft.server.leaderelection.pre-vote = true (default)
2022-07-06 17:19:10,777 [s0@group-CD87ED06CC9F-FollowerState] INFO  impl.RoleInfo (RoleInfo.java:updateAndGet(139)) - s0: start s0@group-CD87ED06CC9F-LeaderElection9
2022-07-06 17:19:10,800 [s0@group-CD87ED06CC9F-LeaderElection9] INFO  server.RaftServer$Division (ServerState.java:setLeader(291)) - s0@group-CD87ED06CC9F: change Leader from s1 to null at term 2 for PRE_VOTE
2022-07-06 17:19:10,801 [s0@group-CD87ED06CC9F-LeaderElection9] INFO  impl.LeaderElection (LeaderElection.java:askForVotes(310)) - s0@group-CD87ED06CC9F-LeaderElection9 PRE_VOTE round 0: submit vote requests at term 2 for 28: [s0|rpc:localhost:46837|admin:localhost:40145|client:localhost:44183|dataStream:localhost:36771|priority:0, s1|rpc:localhost:36769|admin:localhost:40151|client:localhost:35673|dataStream:localhost:44419|priority:0, s2|rpc:localhost:42693|admin:localhost:37755|client:localhost:34689|dataStream:localhost:44561|priority:0], old=null
2022-07-06 17:19:10,803 [s1@group-CD87ED06CC9F-FollowerState] INFO  impl.FollowerState (FollowerState.java:lostMajorityHeartbeatsRecently(108)) - s1@group-CD87ED06CC9F-FollowerState: Skipping leader election since it stepped down recently (elapsed = 456ms < waitTime = 10s)
2022-07-06 17:19:10,828 [grpc-default-executor-4] INFO  server.RaftServer$Division (RaftServerImpl.java:requestVote(1173)) - s1@group-CD87ED06CC9F: receive requestVote(PRE_VOTE, s0, group-CD87ED06CC9F, 2, (t:2, i:64))
2022-07-06 17:19:10,828 [grpc-default-executor-4] INFO  impl.VoteContext (VoteContext.java:log(48)) - s1@group-CD87ED06CC9F-FOLLOWER: accept PRE_VOTE from s0: our priority 0 <= candidate's priority 0
2022-07-06 17:19:10,828 [grpc-default-executor-1] INFO  server.RaftServer$Division (RaftServerImpl.java:requestVote(1173)) - s2@group-CD87ED06CC9F: receive requestVote(PRE_VOTE, s0, group-CD87ED06CC9F, 2, (t:2, i:64))
2022-07-06 17:19:10,828 [grpc-default-executor-4] INFO  server.RaftServer$Division (RaftServerImpl.java:requestVote(1205)) - s1@group-CD87ED06CC9F replies to PRE_VOTE vote request: s0<-s1#0:OK-t2. Peer's state: s1@group-CD87ED06CC9F:t2, leader=s1, voted=s1, raftlog=s1@group-CD87ED06CC9F-SegmentedRaftLog:OPENED:c64, conf=28: [s0|rpc:localhost:46837|admin:localhost:40145|client:localhost:44183|dataStream:localhost:36771|priority:0, s1|rpc:localhost:36769|admin:localhost:40151|client:localhost:35673|dataStream:localhost:44419|priority:0, s2|rpc:localhost:42693|admin:localhost:37755|client:localhost:34689|dataStream:localhost:44561|priority:0], old=null
2022-07-06 17:19:10,828 [grpc-default-executor-1] INFO  impl.VoteContext (VoteContext.java:log(48)) - s2@group-CD87ED06CC9F-FOLLOWER: accept PRE_VOTE from s0: our priority 0 <= candidate's priority 0
2022-07-06 17:19:10,828 [grpc-default-executor-1] INFO  server.RaftServer$Division (RaftServerImpl.java:requestVote(1205)) - s2@group-CD87ED06CC9F replies to PRE_VOTE vote request: s0<-s2#0:OK-t2. Peer's state: s2@group-CD87ED06CC9F:t2, leader=s1, voted=s1, raftlog=s2@group-CD87ED06CC9F-SegmentedRaftLog:OPENED:c64, conf=28: [s0|rpc:localhost:46837|admin:localhost:40145|client:localhost:44183|dataStream:localhost:36771|priority:0, s1|rpc:localhost:36769|admin:localhost:40151|client:localhost:35673|dataStream:localhost:44419|priority:0, s2|rpc:localhost:42693|admin:localhost:37755|client:localhost:34689|dataStream:localhost:44561|priority:0], old=null
2022-07-06 17:19:10,829 [s0@group-CD87ED06CC9F-LeaderElection9] INFO  impl.LeaderElection (LeaderElection.java:logAndReturn(90)) - s0@group-CD87ED06CC9F-LeaderElection9: PRE_VOTE PASSED received 1 response(s) and 0 exception(s):
2022-07-06 17:19:10,829 [s0@group-CD87ED06CC9F-LeaderElection9] INFO  impl.LeaderElection (LeaderElection.java:logAndReturn(94)) -   Response 0: s0<-s1#0:OK-t2
2022-07-06 17:19:10,829 [s0@group-CD87ED06CC9F-LeaderElection9] INFO  impl.LeaderElection (LeaderElection.java:askForVotes(312)) - s0@group-CD87ED06CC9F-LeaderElection9 PRE_VOTE round 0: result PASSED
2022-07-06 17:19:10,835 [s0@group-CD87ED06CC9F-LeaderElection9] INFO  impl.LeaderElection (LeaderElection.java:askForVotes(310)) - s0@group-CD87ED06CC9F-LeaderElection9 ELECTION round 0: submit vote requests at term 3 for 28: [s0|rpc:localhost:46837|admin:localhost:40145|client:localhost:44183|dataStream:localhost:36771|priority:0, s1|rpc:localhost:36769|admin:localhost:40151|client:localhost:35673|dataStream:localhost:44419|priority:0, s2|rpc:localhost:42693|admin:localhost:37755|client:localhost:34689|dataStream:localhost:44561|priority:0], old=null
2022-07-06 17:19:10,865 [grpc-default-executor-4] INFO  server.RaftServer$Division (RaftServerImpl.java:requestVote(1173)) - s1@group-CD87ED06CC9F: receive requestVote(ELECTION, s0, group-CD87ED06CC9F, 3, (t:2, i:64))
2022-07-06 17:19:10,865 [grpc-default-executor-4] INFO  impl.VoteContext (VoteContext.java:log(48)) - s1@group-CD87ED06CC9F-FOLLOWER: accept ELECTION from s0: our priority 0 <= candidate's priority 0
2022-07-06 17:19:10,865 [grpc-default-executor-4] INFO  server.RaftServer$Division (ServerState.java:setLeader(291)) - s1@group-CD87ED06CC9F: change Leader from s1 to null at term 3 for updateCurrentTerm
2022-07-06 17:19:10,865 [grpc-default-executor-4] INFO  server.RaftServer$Division (RaftServerImpl.java:setRole(300)) - s1@group-CD87ED06CC9F: changes role from  FOLLOWER to FOLLOWER at term 3 for candidate:s0
2022-07-06 17:19:10,865 [grpc-default-executor-4] INFO  impl.RoleInfo (RoleInfo.java:shutdownFollowerState(110)) - s1: shutdown s1@group-CD87ED06CC9F-FollowerState
2022-07-06 17:19:10,865 [grpc-default-executor-4] INFO  impl.RoleInfo (RoleInfo.java:updateAndGet(139)) - s1: start s1@group-CD87ED06CC9F-FollowerState
2022-07-06 17:19:10,865 [s1@group-CD87ED06CC9F-FollowerState] INFO  impl.FollowerState (FollowerState.java:run(152)) - s1@group-CD87ED06CC9F-FollowerState was interrupted
2022-07-06 17:19:10,868 [grpc-default-executor-4] INFO  server.RaftServer$Division (RaftServerImpl.java:requestVote(1205)) - s1@group-CD87ED06CC9F replies to ELECTION vote request: s0<-s1#0:OK-t3. Peer's state: s1@group-CD87ED06CC9F:t3, leader=null, voted=s0, raftlog=s1@group-CD87ED06CC9F-SegmentedRaftLog:OPENED:c64, conf=28: [s0|rpc:localhost:46837|admin:localhost:40145|client:localhost:44183|dataStream:localhost:36771|priority:0, s1|rpc:localhost:36769|admin:localhost:40151|client:localhost:35673|dataStream:localhost:44419|priority:0, s2|rpc:localhost:42693|admin:localhost:37755|client:localhost:34689|dataStream:localhost:44561|priority:0], old=null
2022-07-06 17:19:10,873 [s0@group-CD87ED06CC9F-LeaderElection9] INFO  impl.LeaderElection (LeaderElection.java:logAndReturn(90)) - s0@group-CD87ED06CC9F-LeaderElection9: ELECTION PASSED received 1 response(s) and 0 exception(s):
2022-07-06 17:19:10,873 [s0@group-CD87ED06CC9F-LeaderElection9] INFO  impl.LeaderElection (LeaderElection.java:logAndReturn(94)) -   Response 0: s0<-s1#0:OK-t3
2022-07-06 17:19:10,873 [s0@group-CD87ED06CC9F-LeaderElection9] INFO  impl.LeaderElection (LeaderElection.java:askForVotes(312)) - s0@group-CD87ED06CC9F-LeaderElection9 ELECTION round 0: result PASSED
2022-07-06 17:19:10,873 [s0@group-CD87ED06CC9F-LeaderElection9] INFO  impl.RoleInfo (RoleInfo.java:shutdownLeaderElection(130)) - s0: shutdown s0@group-CD87ED06CC9F-LeaderElection9
2022-07-06 17:19:10,873 [s0@group-CD87ED06CC9F-LeaderElection9] INFO  server.RaftServer$Division (RaftServerImpl.java:setRole(300)) - s0@group-CD87ED06CC9F: changes role from CANDIDATE to LEADER at term 3 for changeToLeader
2022-07-06 17:19:10,873 [s0@group-CD87ED06CC9F-LeaderElection9] INFO  server.RaftServer$Division (ServerState.java:setLeader(291)) - s0@group-CD87ED06CC9F: change Leader from null to s0 at term 3 for becomeLeader, leader elected after 73ms
2022-07-06 17:19:10,873 [s0@group-CD87ED06CC9F-LeaderElection9] INFO  server.RaftServerConfigKeys (ConfUtils.java:logGet(46)) - raft.server.staging.catchup.gap = 1000 (default)
2022-07-06 17:19:10,873 [s0@group-CD87ED06CC9F-LeaderElection9] INFO  server.RaftServerConfigKeys (ConfUtils.java:logGet(46)) - raft.server.write.element-limit = 4096 (default)
2022-07-06 17:19:10,873 [s0@group-CD87ED06CC9F-LeaderElection9] INFO  server.RaftServerConfigKeys (ConfUtils.java:logGet(46)) - raft.server.write.byte-limit = 64MB (=67108864) (default)
2022-07-06 17:19:10,873 [s0@group-CD87ED06CC9F-LeaderElection9] INFO  server.RaftServerConfigKeys (ConfUtils.java:logGet(46)) - raft.server.watch.timeout = 10s (default)
2022-07-06 17:19:10,873 [s0@group-CD87ED06CC9F-LeaderElection9] INFO  server.RaftServerConfigKeys (ConfUtils.java:logGet(46)) - raft.server.watch.timeout.denomination = 1s (default)
2022-07-06 17:19:10,874 [s0@group-CD87ED06CC9F-LeaderElection9] INFO  server.RaftServerConfigKeys (ConfUtils.java:logGet(46)) - raft.server.watch.element-limit = 65536 (default)
2022-07-06 17:19:10,874 [s0@group-CD87ED06CC9F-LeaderElection9] INFO  server.RaftServerConfigKeys (ConfUtils.java:logGet(46)) - raft.server.write.element-limit = 4096 (default)
2022-07-06 17:19:10,874 [s0@group-CD87ED06CC9F-LeaderElection9] INFO  server.RaftServerConfigKeys (ConfUtils.java:logGet(46)) - raft.server.write.follower.gap.ratio.max = -1.0 (default)
2022-07-06 17:19:10,874 [s0@group-CD87ED06CC9F-LeaderElection9] INFO  server.RaftServerConfigKeys (ConfUtils.java:logGet(46)) - raft.server.log.appender.snapshot.chunk.size.max = 16MB (=16777216) (default)
2022-07-06 17:19:10,874 [s0@group-CD87ED06CC9F-LeaderElection9] INFO  server.RaftServerConfigKeys (ConfUtils.java:logGet(46)) - raft.server.log.appender.buffer.byte-limit = 4MB (=4194304) (default)
2022-07-06 17:19:10,874 [s0@group-CD87ED06CC9F-LeaderElection9] INFO  server.RaftServerConfigKeys (ConfUtils.java:logGet(46)) - raft.server.log.appender.buffer.element-limit = 0 (default)
2022-07-06 17:19:10,874 [s0@group-CD87ED06CC9F-LeaderElection9] INFO  grpc.GrpcConfigKeys (ConfUtils.java:logGet(46)) - raft.grpc.server.leader.outstanding.appends.max = 128 (default)
2022-07-06 17:19:10,875 [s0@group-CD87ED06CC9F-LeaderElection9] INFO  server.RaftServerConfigKeys (ConfUtils.java:logGet(46)) - raft.server.rpc.request.timeout = 3000ms (default)
2022-07-06 17:19:10,875 [s0@group-CD87ED06CC9F-LeaderElection9] INFO  server.RaftServerConfigKeys (ConfUtils.java:logGet(46)) - raft.server.log.appender.install.snapshot.enabled = true (default)
2022-07-06 17:19:10,875 [s0@group-CD87ED06CC9F-LeaderElection9] INFO  server.RaftServerConfigKeys (ConfUtils.java:logGet(46)) - raft.server.log.appender.snapshot.chunk.size.max = 16MB (=16777216) (default)
2022-07-06 17:19:10,875 [s0@group-CD87ED06CC9F-LeaderElection9] INFO  server.RaftServerConfigKeys (ConfUtils.java:logGet(46)) - raft.server.log.appender.buffer.byte-limit = 4MB (=4194304) (default)
2022-07-06 17:19:10,875 [s0@group-CD87ED06CC9F-LeaderElection9] INFO  server.RaftServerConfigKeys (ConfUtils.java:logGet(46)) - raft.server.log.appender.buffer.element-limit = 0 (default)
2022-07-06 17:19:10,875 [s0@group-CD87ED06CC9F-LeaderElection9] INFO  grpc.GrpcConfigKeys (ConfUtils.java:logGet(46)) - raft.grpc.server.leader.outstanding.appends.max = 128 (default)
2022-07-06 17:19:10,875 [s0@group-CD87ED06CC9F-LeaderElection9] INFO  server.RaftServerConfigKeys (ConfUtils.java:logGet(46)) - raft.server.rpc.request.timeout = 3000ms (default)
2022-07-06 17:19:10,875 [s0@group-CD87ED06CC9F-LeaderElection9] INFO  server.RaftServerConfigKeys (ConfUtils.java:logGet(46)) - raft.server.log.appender.install.snapshot.enabled = true (default)
2022-07-06 17:19:10,876 [s0@group-CD87ED06CC9F-LeaderElection9] INFO  impl.RoleInfo (RoleInfo.java:updateAndGet(139)) - s0: start s0@group-CD87ED06CC9F-LeaderStateImpl
2022-07-06 17:19:10,876 [s0@group-CD87ED06CC9F-LeaderElection9] INFO  segmented.SegmentedRaftLogWorker (SegmentedRaftLogWorker.java:rollLogSegment(430)) - s0@group-CD87ED06CC9F-SegmentedRaftLogWorker: Rolling segment log-28_64 to index:64
2022-07-06 17:19:10,877 [s0@group-CD87ED06CC9F-SegmentedRaftLogWorker] TRACE util.FileUtils (LogUtils.java:runAndLog(49)) - Successfully ran Files.move /home/runner/work/ratis/ratis/ratis-test/target/test/data/f67faa4/MiniRaftClusterWithRpcTypeGrpcAndDataStreamTypeNetty2681f6d6/s0/802761fa-1bbd-4ac8-a343-cd87ed06cc9f/current/log_inprogress_28 to /home/runner/work/ratis/ratis/ratis-test/target/test/data/f67faa4/MiniRaftClusterWithRpcTypeGrpcAndDataStreamTypeNetty2681f6d6/s0/802761fa-1bbd-4ac8-a343-cd87ed06cc9f/current/log_28-64
2022-07-06 17:19:10,877 [s0@group-CD87ED06CC9F-SegmentedRaftLogWorker] INFO  segmented.SegmentedRaftLogWorker (SegmentedRaftLogWorker.java:execute(586)) - s0@group-CD87ED06CC9F-SegmentedRaftLogWorker: Rolled log segment from /home/runner/work/ratis/ratis/ratis-test/target/test/data/f67faa4/MiniRaftClusterWithRpcTypeGrpcAndDataStreamTypeNetty2681f6d6/s0/802761fa-1bbd-4ac8-a343-cd87ed06cc9f/current/log_inprogress_28 to /home/runner/work/ratis/ratis/ratis-test/target/test/data/f67faa4/MiniRaftClusterWithRpcTypeGrpcAndDataStreamTypeNetty2681f6d6/s0/802761fa-1bbd-4ac8-a343-cd87ed06cc9f/current/log_28-64
2022-07-06 17:19:10,885 [s1-server-thread1] INFO  server.RaftServer$Division (ServerState.java:setLeader(291)) - s1@group-CD87ED06CC9F: change Leader from null to s0 at term 3 for appendEntries, leader elected after 20ms
2022-07-06 17:19:10,886 [s0@group-CD87ED06CC9F-LeaderElection9] INFO  server.RaftServer$Division (ServerState.java:setRaftConf(397)) - s0@group-CD87ED06CC9F: set configuration 65: [s0|rpc:localhost:46837|admin:localhost:40145|client:localhost:44183|dataStream:localhost:36771|priority:0, s1|rpc:localhost:36769|admin:localhost:40151|client:localhost:35673|dataStream:localhost:44419|priority:0, s2|rpc:localhost:42693|admin:localhost:37755|client:localhost:34689|dataStream:localhost:44561|priority:0], old=null
2022-07-06 17:19:10,889 [s2-server-thread1] INFO  server.RaftServer$Division (ServerState.java:setLeader(291)) - s2@group-CD87ED06CC9F: change Leader from s1 to null at term 3 for updateCurrentTerm
2022-07-06 17:19:10,891 [s0@group-CD87ED06CC9F-SegmentedRaftLogWorker] INFO  segmented.SegmentedRaftLogWorker (SegmentedRaftLogWorker.java:execute(629)) - s0@group-CD87ED06CC9F-SegmentedRaftLogWorker: created new log segment /home/runner/work/ratis/ratis/ratis-test/target/test/data/f67faa4/MiniRaftClusterWithRpcTypeGrpcAndDataStreamTypeNetty2681f6d6/s0/802761fa-1bbd-4ac8-a343-cd87ed06cc9f/current/log_inprogress_65
2022-07-06 17:19:10,892 [grpc-default-executor-6] INFO  server.RaftServer$Division (RaftServerImpl.java:requestVote(1173)) - s2@group-CD87ED06CC9F: receive requestVote(ELECTION, s0, group-CD87ED06CC9F, 3, (t:2, i:64))
2022-07-06 17:19:10,894 [s1-server-thread1] INFO  server.RaftServer$Division (ServerState.java:setRaftConf(397)) - s1@group-CD87ED06CC9F: set configuration 65: [s0|rpc:localhost:46837|admin:localhost:40145|client:localhost:44183|dataStream:localhost:36771|priority:0, s1|rpc:localhost:36769|admin:localhost:40151|client:localhost:35673|dataStream:localhost:44419|priority:0, s2|rpc:localhost:42693|admin:localhost:37755|client:localhost:34689|dataStream:localhost:44561|priority:0], old=null
2022-07-06 17:19:10,894 [s1-server-thread1] INFO  segmented.SegmentedRaftLogWorker (SegmentedRaftLogWorker.java:rollLogSegment(430)) - s1@group-CD87ED06CC9F-SegmentedRaftLogWorker: Rolling segment log-28_64 to index:64
2022-07-06 17:19:10,897 [s1@group-CD87ED06CC9F-SegmentedRaftLogWorker] TRACE util.FileUtils (LogUtils.java:runAndLog(49)) - Successfully ran Files.move /home/runner/work/ratis/ratis/ratis-test/target/test/data/f67faa4/MiniRaftClusterWithRpcTypeGrpcAndDataStreamTypeNetty2681f6d6/s1/802761fa-1bbd-4ac8-a343-cd87ed06cc9f/current/log_inprogress_28 to /home/runner/work/ratis/ratis/ratis-test/target/test/data/f67faa4/MiniRaftClusterWithRpcTypeGrpcAndDataStreamTypeNetty2681f6d6/s1/802761fa-1bbd-4ac8-a343-cd87ed06cc9f/current/log_28-64
2022-07-06 17:19:10,897 [s1@group-CD87ED06CC9F-SegmentedRaftLogWorker] INFO  segmented.SegmentedRaftLogWorker (SegmentedRaftLogWorker.java:execute(586)) - s1@group-CD87ED06CC9F-SegmentedRaftLogWorker: Rolled log segment from /home/runner/work/ratis/ratis/ratis-test/target/test/data/f67faa4/MiniRaftClusterWithRpcTypeGrpcAndDataStreamTypeNetty2681f6d6/s1/802761fa-1bbd-4ac8-a343-cd87ed06cc9f/current/log_inprogress_28 to /home/runner/work/ratis/ratis/ratis-test/target/test/data/f67faa4/MiniRaftClusterWithRpcTypeGrpcAndDataStreamTypeNetty2681f6d6/s1/802761fa-1bbd-4ac8-a343-cd87ed06cc9f/current/log_28-64
2022-07-06 17:19:10,897 [s2-server-thread1] INFO  server.RaftServer$Division (ServerState.java:setLeader(291)) - s2@group-CD87ED06CC9F: change Leader from null to s0 at term 3 for appendEntries, leader elected after 7ms
2022-07-06 17:19:10,897 [grpc-default-executor-6] INFO  impl.VoteContext (VoteContext.java:log(48)) - s2@group-CD87ED06CC9F-FOLLOWER: reject ELECTION from s0: this server is a follower and still has a valid leader s0
2022-07-06 17:19:10,897 [grpc-default-executor-6] INFO  server.RaftServer$Division (RaftServerImpl.java:requestVote(1205)) - s2@group-CD87ED06CC9F replies to ELECTION vote request: s0<-s2#0:FAIL-t3. Peer's state: s2@group-CD87ED06CC9F:t3, leader=s0, voted=null, raftlog=s2@group-CD87ED06CC9F-SegmentedRaftLog:OPENED:c64, conf=28: [s0|rpc:localhost:46837|admin:localhost:40145|client:localhost:44183|dataStream:localhost:36771|priority:0, s1|rpc:localhost:36769|admin:localhost:40151|client:localhost:35673|dataStream:localhost:44419|priority:0, s2|rpc:localhost:42693|admin:localhost:37755|client:localhost:34689|dataStream:localhost:44561|priority:0], old=null
2022-07-06 17:19:10,900 [s2-server-thread1] INFO  server.RaftServer$Division (ServerState.java:setRaftConf(397)) - s2@group-CD87ED06CC9F: set configuration 65: [s0|rpc:localhost:46837|admin:localhost:40145|client:localhost:44183|dataStream:localhost:36771|priority:0, s1|rpc:localhost:36769|admin:localhost:40151|client:localhost:35673|dataStream:localhost:44419|priority:0, s2|rpc:localhost:42693|admin:localhost:37755|client:localhost:34689|dataStream:localhost:44561|priority:0], old=null
2022-07-06 17:19:10,900 [s2-server-thread1] INFO  segmented.SegmentedRaftLogWorker (SegmentedRaftLogWorker.java:rollLogSegment(430)) - s2@group-CD87ED06CC9F-SegmentedRaftLogWorker: Rolling segment log-28_64 to index:64
2022-07-06 17:19:10,901 [s2@group-CD87ED06CC9F-SegmentedRaftLogWorker] TRACE util.FileUtils (LogUtils.java:runAndLog(49)) - Successfully ran Files.move /home/runner/work/ratis/ratis/ratis-test/target/test/data/f67faa4/MiniRaftClusterWithRpcTypeGrpcAndDataStreamTypeNetty2681f6d6/s2/802761fa-1bbd-4ac8-a343-cd87ed06cc9f/current/log_inprogress_28 to /home/runner/work/ratis/ratis/ratis-test/target/test/data/f67faa4/MiniRaftClusterWithRpcTypeGrpcAndDataStreamTypeNetty2681f6d6/s2/802761fa-1bbd-4ac8-a343-cd87ed06cc9f/current/log_28-64
2022-07-06 17:19:10,901 [s2@group-CD87ED06CC9F-SegmentedRaftLogWorker] INFO  segmented.SegmentedRaftLogWorker (SegmentedRaftLogWorker.java:execute(586)) - s2@group-CD87ED06CC9F-SegmentedRaftLogWorker: Rolled log segment from /home/runner/work/ratis/ratis/ratis-test/target/test/data/f67faa4/MiniRaftClusterWithRpcTypeGrpcAndDataStreamTypeNetty2681f6d6/s2/802761fa-1bbd-4ac8-a343-cd87ed06cc9f/current/log_inprogress_28 to /home/runner/work/ratis/ratis/ratis-test/target/test/data/f67faa4/MiniRaftClusterWithRpcTypeGrpcAndDataStreamTypeNetty2681f6d6/s2/802761fa-1bbd-4ac8-a343-cd87ed06cc9f/current/log_28-64
2022-07-06 17:19:10,930 [s2@group-CD87ED06CC9F-SegmentedRaftLogWorker] INFO  segmented.SegmentedRaftLogWorker (SegmentedRaftLogWorker.java:execute(629)) - s2@group-CD87ED06CC9F-SegmentedRaftLogWorker: created new log segment /home/runner/work/ratis/ratis/ratis-test/target/test/data/f67faa4/MiniRaftClusterWithRpcTypeGrpcAndDataStreamTypeNetty2681f6d6/s2/802761fa-1bbd-4ac8-a343-cd87ed06cc9f/current/log_inprogress_65
2022-07-06 17:19:10,931 [s1@group-CD87ED06CC9F-SegmentedRaftLogWorker] INFO  segmented.SegmentedRaftLogWorker (SegmentedRaftLogWorker.java:execute(629)) - s1@group-CD87ED06CC9F-SegmentedRaftLogWorker: created new log segment /home/runner/work/ratis/ratis/ratis-test/target/test/data/f67faa4/MiniRaftClusterWithRpcTypeGrpcAndDataStreamTypeNetty2681f6d6/s1/802761fa-1bbd-4ac8-a343-cd87ed06cc9f/current/log_inprogress_65
2022-07-06 17:19:12,410 [pool-9-thread-13] INFO  datastream.DataStreamTestUtils (DataStreamTestUtils.java:writeAndCloseAndAssertReplies(320)) - Stream399: bytesWritten=3744298
2022-07-06 17:19:12,674 [s0-client-thread1] INFO  statemachine.StateMachine (DataStreamTestUtils.java:link(157)) - link SingleDataStream: writeRequest=RaftClientRequest:client-05A7A74BC167->s1@group-CD87ED06CC9F, cid=399, seq=0, DataStream, Message:<EMPTY>, logEntry=null
2022-07-06 17:19:12,675 [s1-server-thread1] INFO  statemachine.StateMachine (DataStreamTestUtils.java:link(157)) - link SingleDataStream: writeRequest=RaftClientRequest:client-05A7A74BC167->s1@group-CD87ED06CC9F, cid=399, seq=0, DataStream, Message:<EMPTY>, logEntry=null
2022-07-06 17:19:12,675 [s2-server-thread1] INFO  statemachine.StateMachine (DataStreamTestUtils.java:link(157)) - link SingleDataStream: writeRequest=RaftClientRequest:client-05A7A74BC167->s1@group-CD87ED06CC9F, cid=399, seq=0, DataStream, Message:<EMPTY>, logEntry=null
2022-07-06 17:19:12,677 [pool-9-thread-12] INFO  datastream.DataStreamTestUtils (DataStreamTestUtils.java:writeAndCloseAndAssertReplies(320)) - Stream400: bytesWritten=3742833
2022-07-06 17:19:12,703 [s0-client-thread1] INFO  statemachine.StateMachine (DataStreamTestUtils.java:link(157)) - link SingleDataStream: writeRequest=RaftClientRequest:client-05A7A74BC167->s1@group-CD87ED06CC9F, cid=400, seq=0, DataStream, Message:<EMPTY>, logEntry=null
2022-07-06 17:19:12,704 [s2-server-thread1] INFO  statemachine.StateMachine (DataStreamTestUtils.java:link(157)) - link SingleDataStream: writeRequest=RaftClientRequest:client-05A7A74BC167->s1@group-CD87ED06CC9F, cid=400, seq=0, DataStream, Message:<EMPTY>, logEntry=null
2022-07-06 17:19:12,709 [pool-9-thread-13] INFO  datastream.DataStreamTestUtils (DataStreamTestUtils.java:writeAndCloseAndAssertReplies(311)) - start Stream418
2022-07-06 17:19:12,711 [s1-server-thread1] INFO  statemachine.StateMachine (DataStreamTestUtils.java:link(157)) - link SingleDataStream: writeRequest=RaftClientRequest:client-05A7A74BC167->s1@group-CD87ED06CC9F, cid=400, seq=0, DataStream, Message:<EMPTY>, logEntry=null
2022-07-06 17:19:12,713 [pool-9-thread-12] INFO  datastream.DataStreamTestUtils (DataStreamTestUtils.java:writeAndCloseAndAssertReplies(311)) - start Stream419
2022-07-06 17:19:13,585 [Timer-2] INFO  impl.MiniRaftCluster (MiniRaftCluster.java:lambda$null$6(323)) - TIMED-PRINT: printing ALL groups
  s0:  RUNNING    LEADER s0@group-CD87ED06CC9F:t3, leader=s0, voted=s0, raftlog=s0@group-CD87ED06CC9F-SegmentedRaftLog:OPENED:c70, conf=65: [s0|rpc:localhost:46837|admin:localhost:40145|client:localhost:44183|dataStream:localhost:36771|priority:0, s1|rpc:localhost:36769|admin:localhost:40151|client:localhost:35673|dataStream:localhost:44419|priority:0, s2|rpc:localhost:42693|admin:localhost:37755|client:localhost:34689|dataStream:localhost:44561|priority:0], old=null RUNNING
  s1:  RUNNING  FOLLOWER s1@group-CD87ED06CC9F:t3, leader=s0, voted=s0, raftlog=s1@group-CD87ED06CC9F-SegmentedRaftLog:OPENED:c70, conf=65: [s0|rpc:localhost:46837|admin:localhost:40145|client:localhost:44183|dataStream:localhost:36771|priority:0, s1|rpc:localhost:36769|admin:localhost:40151|client:localhost:35673|dataStream:localhost:44419|priority:0, s2|rpc:localhost:42693|admin:localhost:37755|client:localhost:34689|dataStream:localhost:44561|priority:0], old=null RUNNING
  s2:  RUNNING  FOLLOWER s2@group-CD87ED06CC9F:t3, leader=s0, voted=null, raftlog=s2@group-CD87ED06CC9F-SegmentedRaftLog:OPENED:c70, conf=65: [s0|rpc:localhost:46837|admin:localhost:40145|client:localhost:44183|dataStream:localhost:36771|priority:0, s1|rpc:localhost:36769|admin:localhost:40151|client:localhost:35673|dataStream:localhost:44419|priority:0, s2|rpc:localhost:42693|admin:localhost:37755|client:localhost:34689|dataStream:localhost:44561|priority:0], old=null RUNNING
2022-07-06 17:19:21,639 [pool-9-thread-8] INFO  datastream.DataStreamTestUtils (DataStreamTestUtils.java:writeAndCloseAndAssertReplies(320)) - Stream412: bytesWritten=3727763
2022-07-06 17:19:21,761 [s0-client-thread1] INFO  statemachine.StateMachine (DataStreamTestUtils.java:link(157)) - link SingleDataStream: writeRequest=RaftClientRequest:client-28EEF3AC7A00->s1@group-CD87ED06CC9F, cid=412, seq=0, DataStream, Message:<EMPTY>, logEntry=null
2022-07-06 17:19:21,763 [s2-server-thread1] INFO  statemachine.StateMachine (DataStreamTestUtils.java:link(157)) - link SingleDataStream: writeRequest=RaftClientRequest:client-28EEF3AC7A00->s1@group-CD87ED06CC9F, cid=412, seq=0, DataStream, Message:<EMPTY>, logEntry=null
2022-07-06 17:19:21,764 [s1-server-thread1] INFO  statemachine.StateMachine (DataStreamTestUtils.java:link(157)) - link SingleDataStream: writeRequest=RaftClientRequest:client-28EEF3AC7A00->s1@group-CD87ED06CC9F, cid=412, seq=0, DataStream, Message:<EMPTY>, logEntry=null
2022-07-06 17:19:21,785 [pool-9-thread-8] INFO  datastream.DataStreamTestUtils (DataStreamTestUtils.java:writeAndCloseAndAssertReplies(311)) - start Stream421
2022-07-06 17:19:21,944 [pool-9-thread-8] INFO  datastream.DataStreamTestUtils (DataStreamTestUtils.java:writeAndCloseAndAssertReplies(320)) - Stream421: bytesWritten=7860210
2022-07-06 17:19:22,023 [pool-9-thread-14] INFO  datastream.DataStreamTestUtils (DataStreamTestUtils.java:writeAndCloseAndAssertReplies(320)) - Stream411: bytesWritten=3753131
2022-07-06 17:19:22,036 [s0-client-thread1] INFO  statemachine.StateMachine (DataStreamTestUtils.java:link(157)) - link SingleDataStream: writeRequest=RaftClientRequest:client-28EEF3AC7A00->s1@group-CD87ED06CC9F, cid=411, seq=0, DataStream, Message:<EMPTY>, logEntry=null
2022-07-06 17:19:22,040 [s1-server-thread1] INFO  statemachine.StateMachine (DataStreamTestUtils.java:link(157)) - link SingleDataStream: writeRequest=RaftClientRequest:client-28EEF3AC7A00->s1@group-CD87ED06CC9F, cid=411, seq=0, DataStream, Message:<EMPTY>, logEntry=null
2022-07-06 17:19:22,042 [s2-server-thread1] INFO  statemachine.StateMachine (DataStreamTestUtils.java:link(157)) - link SingleDataStream: writeRequest=RaftClientRequest:client-28EEF3AC7A00->s1@group-CD87ED06CC9F, cid=411, seq=0, DataStream, Message:<EMPTY>, logEntry=null
2022-07-06 17:19:22,080 [pool-9-thread-14] INFO  datastream.DataStreamTestUtils (DataStreamTestUtils.java:writeAndCloseAndAssertReplies(311)) - start Stream422
2022-07-06 17:19:22,151 [s0-client-thread1] INFO  statemachine.StateMachine (DataStreamTestUtils.java:link(157)) - link SingleDataStream: writeRequest=RaftClientRequest:client-B92E392539EB->s1@group-CD87ED06CC9F, cid=421, seq=0, DataStream, Message:<EMPTY>, logEntry=null
2022-07-06 17:19:22,152 [s1-server-thread1] INFO  statemachine.StateMachine (DataStreamTestUtils.java:link(157)) - link SingleDataStream: writeRequest=RaftClientRequest:client-B92E392539EB->s1@group-CD87ED06CC9F, cid=421, seq=0, DataStream, Message:<EMPTY>, logEntry=null
2022-07-06 17:19:22,154 [s2-server-thread1] INFO  statemachine.StateMachine (DataStreamTestUtils.java:link(157)) - link SingleDataStream: writeRequest=RaftClientRequest:client-B92E392539EB->s1@group-CD87ED06CC9F, cid=421, seq=0, DataStream, Message:<EMPTY>, logEntry=null
2022-07-06 17:19:22,273 [pool-9-thread-8] INFO  datastream.DataStreamTestUtils (DataStreamTestUtils.java:writeAndCloseAndAssertReplies(311)) - start Stream423
2022-07-06 17:19:22,288 [pool-9-thread-14] INFO  datastream.DataStreamTestUtils (DataStreamTestUtils.java:writeAndCloseAndAssertReplies(320)) - Stream422: bytesWritten=7502298
2022-07-06 17:19:22,342 [s0-client-thread1] INFO  statemachine.StateMachine (DataStreamTestUtils.java:link(157)) - link SingleDataStream: writeRequest=RaftClientRequest:client-B92E392539EB->s1@group-CD87ED06CC9F, cid=422, seq=0, DataStream, Message:<EMPTY>, logEntry=null
2022-07-06 17:19:22,346 [s1-server-thread1] INFO  statemachine.StateMachine (DataStreamTestUtils.java:link(157)) - link SingleDataStream: writeRequest=RaftClientRequest:client-B92E392539EB->s1@group-CD87ED06CC9F, cid=422, seq=0, DataStream, Message:<EMPTY>, logEntry=null
2022-07-06 17:19:22,352 [s2-server-thread1] INFO  statemachine.StateMachine (DataStreamTestUtils.java:link(157)) - link SingleDataStream: writeRequest=RaftClientRequest:client-B92E392539EB->s1@group-CD87ED06CC9F, cid=422, seq=0, DataStream, Message:<EMPTY>, logEntry=null
2022-07-06 17:19:22,358 [pool-9-thread-14] INFO  datastream.DataStreamTestUtils (DataStreamTestUtils.java:writeAndCloseAndAssertReplies(311)) - start Stream424
2022-07-06 17:19:22,474 [pool-9-thread-8] INFO  datastream.DataStreamTestUtils (DataStreamTestUtils.java:writeAndCloseAndAssertReplies(320)) - Stream423: bytesWritten=8011206
2022-07-06 17:19:22,582 [s0-client-thread1] INFO  statemachine.StateMachine (DataStreamTestUtils.java:link(157)) - link SingleDataStream: writeRequest=RaftClientRequest:client-B92E392539EB->s1@group-CD87ED06CC9F, cid=423, seq=0, DataStream, Message:<EMPTY>, logEntry=null
2022-07-06 17:19:22,602 [s1-server-thread1] INFO  statemachine.StateMachine (DataStreamTestUtils.java:link(157)) - link SingleDataStream: writeRequest=RaftClientRequest:client-B92E392539EB->s1@group-CD87ED06CC9F, cid=423, seq=0, DataStream, Message:<EMPTY>, logEntry=null
2022-07-06 17:19:22,603 [pool-9-thread-14] INFO  datastream.DataStreamTestUtils (DataStreamTestUtils.java:writeAndCloseAndAssertReplies(320)) - Stream424: bytesWritten=7188157
2022-07-06 17:19:22,608 [s0-client-thread1] INFO  statemachine.StateMachine (DataStreamTestUtils.java:link(157)) - link SingleDataStream: writeRequest=RaftClientRequest:client-B92E392539EB->s1@group-CD87ED06CC9F, cid=424, seq=0, DataStream, Message:<EMPTY>, logEntry=null
2022-07-06 17:19:22,610 [s1-server-thread1] INFO  statemachine.StateMachine (DataStreamTestUtils.java:link(157)) - link SingleDataStream: writeRequest=RaftClientRequest:client-B92E392539EB->s1@group-CD87ED06CC9F, cid=424, seq=0, DataStream, Message:<EMPTY>, logEntry=null
2022-07-06 17:19:22,610 [s2-server-thread1] INFO  statemachine.StateMachine (DataStreamTestUtils.java:link(157)) - link SingleDataStream: writeRequest=RaftClientRequest:client-B92E392539EB->s1@group-CD87ED06CC9F, cid=423, seq=0, DataStream, Message:<EMPTY>, logEntry=null
2022-07-06 17:19:22,611 [s2-server-thread1] INFO  statemachine.StateMachine (DataStreamTestUtils.java:link(157)) - link SingleDataStream: writeRequest=RaftClientRequest:client-B92E392539EB->s1@group-CD87ED06CC9F, cid=424, seq=0, DataStream, Message:<EMPTY>, logEntry=null
2022-07-06 17:19:22,638 [pool-9-thread-8] INFO  datastream.DataStreamTestUtils (DataStreamTestUtils.java:writeAndCloseAndAssertReplies(311)) - start Stream425
2022-07-06 17:19:22,709 [pool-9-thread-14] INFO  datastream.DataStreamTestUtils (DataStreamTestUtils.java:writeAndCloseAndAssertReplies(311)) - start Stream426
2022-07-06 17:19:22,755 [pool-9-thread-10] INFO  datastream.DataStreamTestUtils (DataStreamTestUtils.java:writeAndCloseAndAssertReplies(320)) - Stream415: bytesWritten=3740952
2022-07-06 17:19:22,780 [s0-client-thread1] INFO  statemachine.StateMachine (DataStreamTestUtils.java:link(157)) - link SingleDataStream: writeRequest=RaftClientRequest:client-28EEF3AC7A00->s1@group-CD87ED06CC9F, cid=415, seq=0, DataStream, Message:<EMPTY>, logEntry=null
2022-07-06 17:19:22,781 [s1-server-thread1] INFO  statemachine.StateMachine (DataStreamTestUtils.java:link(157)) - link SingleDataStream: writeRequest=RaftClientRequest:client-28EEF3AC7A00->s1@group-CD87ED06CC9F, cid=415, seq=0, DataStream, Message:<EMPTY>, logEntry=null
2022-07-06 17:19:22,787 [s2-server-thread1] INFO  statemachine.StateMachine (DataStreamTestUtils.java:link(157)) - link SingleDataStream: writeRequest=RaftClientRequest:client-28EEF3AC7A00->s1@group-CD87ED06CC9F, cid=415, seq=0, DataStream, Message:<EMPTY>, logEntry=null
2022-07-06 17:19:22,837 [pool-9-thread-8] INFO  datastream.DataStreamTestUtils (DataStreamTestUtils.java:writeAndCloseAndAssertReplies(320)) - Stream425: bytesWritten=7907370
2022-07-06 17:19:22,841 [s0-client-thread1] INFO  statemachine.StateMachine (DataStreamTestUtils.java:link(157)) - link SingleDataStream: writeRequest=RaftClientRequest:client-B92E392539EB->s1@group-CD87ED06CC9F, cid=425, seq=0, DataStream, Message:<EMPTY>, logEntry=null
2022-07-06 17:19:22,842 [s2-server-thread1] INFO  statemachine.StateMachine (DataStreamTestUtils.java:link(157)) - link SingleDataStream: writeRequest=RaftClientRequest:client-B92E392539EB->s1@group-CD87ED06CC9F, cid=425, seq=0, DataStream, Message:<EMPTY>, logEntry=null
2022-07-06 17:19:22,872 [s1-server-thread1] INFO  statemachine.StateMachine (DataStreamTestUtils.java:link(157)) - link SingleDataStream: writeRequest=RaftClientRequest:client-B92E392539EB->s1@group-CD87ED06CC9F, cid=425, seq=0, DataStream, Message:<EMPTY>, logEntry=null
2022-07-06 17:19:22,873 [pool-9-thread-10] INFO  datastream.DataStreamTestUtils (DataStreamTestUtils.java:writeAndCloseAndAssertReplies(311)) - start Stream427
2022-07-06 17:19:22,890 [pool-9-thread-8] INFO  datastream.DataStreamTestUtils (DataStreamTestUtils.java:writeAndCloseAndAssertReplies(311)) - start Stream428
2022-07-06 17:19:22,919 [pool-9-thread-14] INFO  datastream.DataStreamTestUtils (DataStreamTestUtils.java:writeAndCloseAndAssertReplies(320)) - Stream426: bytesWritten=7854724
2022-07-06 17:19:22,928 [s0-client-thread1] INFO  statemachine.StateMachine (DataStreamTestUtils.java:link(157)) - link SingleDataStream: writeRequest=RaftClientRequest:client-B92E392539EB->s1@group-CD87ED06CC9F, cid=426, seq=0, DataStream, Message:<EMPTY>, logEntry=null
2022-07-06 17:19:22,930 [s1-server-thread1] INFO  statemachine.StateMachine (DataStreamTestUtils.java:link(157)) - link SingleDataStream: writeRequest=RaftClientRequest:client-B92E392539EB->s1@group-CD87ED06CC9F, cid=426, seq=0, DataStream, Message:<EMPTY>, logEntry=null
2022-07-06 17:19:22,931 [s2-server-thread1] INFO  statemachine.StateMachine (DataStreamTestUtils.java:link(157)) - link SingleDataStream: writeRequest=RaftClientRequest:client-B92E392539EB->s1@group-CD87ED06CC9F, cid=426, seq=0, DataStream, Message:<EMPTY>, logEntry=null
2022-07-06 17:19:22,971 [pool-9-thread-14] INFO  datastream.DataStreamTestUtils (DataStreamTestUtils.java:writeAndCloseAndAssertReplies(311)) - start Stream429
2022-07-06 17:19:22,975 [pool-9-thread-15] INFO  datastream.DataStreamTestUtils (DataStreamTestUtils.java:writeAndCloseAndAssertReplies(320)) - Stream413: bytesWritten=3737476
2022-07-06 17:19:22,998 [s0-client-thread1] INFO  statemachine.StateMachine (DataStreamTestUtils.java:link(157)) - link SingleDataStream: writeRequest=RaftClientRequest:client-28EEF3AC7A00->s1@group-CD87ED06CC9F, cid=413, seq=0, DataStream, Message:<EMPTY>, logEntry=null
2022-07-06 17:19:23,001 [s1-server-thread1] INFO  statemachine.StateMachine (DataStreamTestUtils.java:link(157)) - link SingleDataStream: writeRequest=RaftClientRequest:client-28EEF3AC7A00->s1@group-CD87ED06CC9F, cid=413, seq=0, DataStream, Message:<EMPTY>, logEntry=null
2022-07-06 17:19:23,002 [s2-server-thread1] INFO  statemachine.StateMachine (DataStreamTestUtils.java:link(157)) - link SingleDataStream: writeRequest=RaftClientRequest:client-28EEF3AC7A00->s1@group-CD87ED06CC9F, cid=413, seq=0, DataStream, Message:<EMPTY>, logEntry=null
2022-07-06 17:19:23,096 [pool-9-thread-15] INFO  datastream.DataStreamTestUtils (DataStreamTestUtils.java:writeAndCloseAndAssertReplies(311)) - start Stream430
2022-07-06 17:19:23,197 [pool-9-thread-10] INFO  datastream.DataStreamTestUtils (DataStreamTestUtils.java:writeAndCloseAndAssertReplies(320)) - Stream427: bytesWritten=7033781
2022-07-06 17:19:23,216 [pool-9-thread-14] INFO  datastream.DataStreamTestUtils (DataStreamTestUtils.java:writeAndCloseAndAssertReplies(320)) - Stream429: bytesWritten=7520645
2022-07-06 17:19:23,217 [s0-client-thread1] INFO  statemachine.StateMachine (DataStreamTestUtils.java:link(157)) - link SingleDataStream: writeRequest=RaftClientRequest:client-B92E392539EB->s1@group-CD87ED06CC9F, cid=427, seq=0, DataStream, Message:<EMPTY>, logEntry=null
2022-07-06 17:19:23,234 [s0-client-thread1] INFO  statemachine.StateMachine (DataStreamTestUtils.java:link(157)) - link SingleDataStream: writeRequest=RaftClientRequest:client-B92E392539EB->s1@group-CD87ED06CC9F, cid=429, seq=0, DataStream, Message:<EMPTY>, logEntry=null
2022-07-06 17:19:23,244 [pool-9-thread-5] INFO  datastream.DataStreamTestUtils (DataStreamTestUtils.java:writeAndCloseAndAssertReplies(320)) - Stream416: bytesWritten=3760229
2022-07-06 17:19:23,246 [pool-9-thread-8] INFO  datastream.DataStreamTestUtils (DataStreamTestUtils.java:writeAndCloseAndAssertReplies(320)) - Stream428: bytesWritten=7685591
2022-07-06 17:19:23,251 [pool-9-thread-16] INFO  datastream.DataStreamTestUtils (DataStreamTestUtils.java:writeAndCloseAndAssertReplies(320)) - Stream414: bytesWritten=3757954
2022-07-06 17:19:23,254 [s0-client-thread1] INFO  statemachine.StateMachine (DataStreamTestUtils.java:link(157)) - link SingleDataStream: writeRequest=RaftClientRequest:client-B92E392539EB->s1@group-CD87ED06CC9F, cid=428, seq=0, DataStream, Message:<EMPTY>, logEntry=null
2022-07-06 17:19:23,256 [s1-server-thread1] INFO  statemachine.StateMachine (DataStreamTestUtils.java:link(157)) - link SingleDataStream: writeRequest=RaftClientRequest:client-B92E392539EB->s1@group-CD87ED06CC9F, cid=427, seq=0, DataStream, Message:<EMPTY>, logEntry=null
2022-07-06 17:19:23,259 [s0-client-thread2] INFO  statemachine.StateMachine (DataStreamTestUtils.java:link(157)) - link SingleDataStream: writeRequest=RaftClientRequest:client-28EEF3AC7A00->s1@group-CD87ED06CC9F, cid=416, seq=0, DataStream, Message:<EMPTY>, logEntry=null
2022-07-06 17:19:23,261 [s2-server-thread1] INFO  statemachine.StateMachine (DataStreamTestUtils.java:link(157)) - link SingleDataStream: writeRequest=RaftClientRequest:client-B92E392539EB->s1@group-CD87ED06CC9F, cid=427, seq=0, DataStream, Message:<EMPTY>, logEntry=null
2022-07-06 17:19:23,263 [s2-server-thread1] INFO  statemachine.StateMachine (DataStreamTestUtils.java:link(157)) - link SingleDataStream: writeRequest=RaftClientRequest:client-B92E392539EB->s1@group-CD87ED06CC9F, cid=429, seq=0, DataStream, Message:<EMPTY>, logEntry=null
2022-07-06 17:19:23,265 [s1-server-thread1] INFO  statemachine.StateMachine (DataStreamTestUtils.java:link(157)) - link SingleDataStream: writeRequest=RaftClientRequest:client-B92E392539EB->s1@group-CD87ED06CC9F, cid=429, seq=0, DataStream, Message:<EMPTY>, logEntry=null
2022-07-06 17:19:23,267 [s2-server-thread1] INFO  statemachine.StateMachine (DataStreamTestUtils.java:link(157)) - link SingleDataStream: writeRequest=RaftClientRequest:client-B92E392539EB->s1@group-CD87ED06CC9F, cid=428, seq=0, DataStream, Message:<EMPTY>, logEntry=null
2022-07-06 17:19:23,268 [s0-client-thread2] INFO  statemachine.StateMachine (DataStreamTestUtils.java:link(157)) - link SingleDataStream: writeRequest=RaftClientRequest:client-28EEF3AC7A00->s1@group-CD87ED06CC9F, cid=414, seq=0, DataStream, Message:<EMPTY>, logEntry=null
2022-07-06 17:19:23,269 [s2-server-thread1] INFO  statemachine.StateMachine (DataStreamTestUtils.java:link(157)) - link SingleDataStream: writeRequest=RaftClientRequest:client-28EEF3AC7A00->s1@group-CD87ED06CC9F, cid=416, seq=0, DataStream, Message:<EMPTY>, logEntry=null
2022-07-06 17:19:23,272 [s1-server-thread1] INFO  statemachine.StateMachine (DataStreamTestUtils.java:link(157)) - link SingleDataStream: writeRequest=RaftClientRequest:client-B92E392539EB->s1@group-CD87ED06CC9F, cid=428, seq=0, DataStream, Message:<EMPTY>, logEntry=null
2022-07-06 17:19:23,274 [s1-server-thread1] INFO  statemachine.StateMachine (DataStreamTestUtils.java:link(157)) - link SingleDataStream: writeRequest=RaftClientRequest:client-28EEF3AC7A00->s1@group-CD87ED06CC9F, cid=416, seq=0, DataStream, Message:<EMPTY>, logEntry=null
2022-07-06 17:19:23,275 [s2-server-thread1] INFO  statemachine.StateMachine (DataStreamTestUtils.java:link(157)) - link SingleDataStream: writeRequest=RaftClientRequest:client-28EEF3AC7A00->s1@group-CD87ED06CC9F, cid=414, seq=0, DataStream, Message:<EMPTY>, logEntry=null
2022-07-06 17:19:23,275 [s1-server-thread1] INFO  statemachine.StateMachine (DataStreamTestUtils.java:link(157)) - link SingleDataStream: writeRequest=RaftClientRequest:client-28EEF3AC7A00->s1@group-CD87ED06CC9F, cid=414, seq=0, DataStream, Message:<EMPTY>, logEntry=null
2022-07-06 17:19:23,279 [pool-9-thread-10] INFO  datastream.DataStreamTestUtils (DataStreamTestUtils.java:writeAndCloseAndAssertReplies(311)) - start Stream431
2022-07-06 17:19:23,288 [pool-9-thread-14] INFO  datastream.DataStreamTestUtils (DataStreamTestUtils.java:writeAndCloseAndAssertReplies(311)) - start Stream432
2022-07-06 17:19:23,303 [pool-9-thread-8] INFO  datastream.DataStreamTestUtils (DataStreamTestUtils.java:writeAndCloseAndAssertReplies(311)) - start Stream433
2022-07-06 17:19:23,328 [pool-9-thread-5] INFO  datastream.DataStreamTestUtils (DataStreamTestUtils.java:writeAndCloseAndAssertReplies(311)) - start Stream434
2022-07-06 17:19:23,383 [pool-9-thread-16] INFO  datastream.DataStreamTestUtils (DataStreamTestUtils.java:writeAndCloseAndAssertReplies(311)) - start Stream435
2022-07-06 17:19:23,398 [pool-9-thread-15] INFO  datastream.DataStreamTestUtils (DataStreamTestUtils.java:writeAndCloseAndAssertReplies(320)) - Stream430: bytesWritten=7375942
2022-07-06 17:19:23,400 [pool-9-thread-9] INFO  datastream.DataStreamTestUtils (DataStreamTestUtils.java:writeAndCloseAndAssertReplies(311)) - start Stream436
2022-07-06 17:19:23,585 [Timer-2] INFO  impl.MiniRaftCluster (MiniRaftCluster.java:lambda$null$6(323)) - TIMED-PRINT: printing ALL groups
  s0:  RUNNING    LEADER s0@group-CD87ED06CC9F:t3, leader=s0, voted=s0, raftlog=s0@group-CD87ED06CC9F-SegmentedRaftLog:OPENED:c99, conf=65: [s0|rpc:localhost:46837|admin:localhost:40145|client:localhost:44183|dataStream:localhost:36771|priority:0, s1|rpc:localhost:36769|admin:localhost:40151|client:localhost:35673|dataStream:localhost:44419|priority:0, s2|rpc:localhost:42693|admin:localhost:37755|client:localhost:34689|dataStream:localhost:44561|priority:0], old=null RUNNING
  s1:  RUNNING  FOLLOWER s1@group-CD87ED06CC9F:t3, leader=s0, voted=s0, raftlog=s1@group-CD87ED06CC9F-SegmentedRaftLog:OPENED:c99, conf=65: [s0|rpc:localhost:46837|admin:localhost:40145|client:localhost:44183|dataStream:localhost:36771|priority:0, s1|rpc:localhost:36769|admin:localhost:40151|client:localhost:35673|dataStream:localhost:44419|priority:0, s2|rpc:localhost:42693|admin:localhost:37755|client:localhost:34689|dataStream:localhost:44561|priority:0], old=null RUNNING
  s2:  RUNNING  FOLLOWER s2@group-CD87ED06CC9F:t3, leader=s0, voted=null, raftlog=s2@group-CD87ED06CC9F-SegmentedRaftLog:OPENED:c99, conf=65: [s0|rpc:localhost:46837|admin:localhost:40145|client:localhost:44183|dataStream:localhost:36771|priority:0, s1|rpc:localhost:36769|admin:localhost:40151|client:localhost:35673|dataStream:localhost:44419|priority:0, s2|rpc:localhost:42693|admin:localhost:37755|client:localhost:34689|dataStream:localhost:44561|priority:0], old=null RUNNING
2022-07-06 17:19:23,688 [pool-9-thread-14] INFO  datastream.DataStreamTestUtils (DataStreamTestUtils.java:writeAndCloseAndAssertReplies(320)) - Stream432: bytesWritten=7283338
2022-07-06 17:19:23,733 [s0-client-thread2] INFO  statemachine.StateMachine (DataStreamTestUtils.java:link(157)) - link SingleDataStream: writeRequest=RaftClientRequest:client-F868B5FF963F->s2@group-CD87ED06CC9F, cid=430, seq=0, DataStream, Message:<EMPTY>, logEntry=null
2022-07-06 17:19:23,739 [s1-server-thread1] INFO  statemachine.StateMachine (DataStreamTestUtils.java:link(157)) - link SingleDataStream: writeRequest=RaftClientRequest:client-F868B5FF963F->s2@group-CD87ED06CC9F, cid=430, seq=0, DataStream, Message:<EMPTY>, logEntry=null
2022-07-06 17:19:23,785 [pool-9-thread-10] INFO  datastream.DataStreamTestUtils (DataStreamTestUtils.java:writeAndCloseAndAssertReplies(320)) - Stream431: bytesWritten=8350116
2022-07-06 17:19:23,826 [pool-9-thread-9] INFO  datastream.DataStreamTestUtils (DataStreamTestUtils.java:writeAndCloseAndAssertReplies(320)) - Stream436: bytesWritten=7948696
2022-07-06 17:19:23,832 [pool-9-thread-16] INFO  datastream.DataStreamTestUtils (DataStreamTestUtils.java:writeAndCloseAndAssertReplies(320)) - Stream435: bytesWritten=7324429
2022-07-06 17:19:23,914 [s2-server-thread1] INFO  statemachine.StateMachine (DataStreamTestUtils.java:link(157)) - link SingleDataStream: writeRequest=RaftClientRequest:client-F868B5FF963F->s2@group-CD87ED06CC9F, cid=430, seq=0, DataStream, Message:<EMPTY>, logEntry=null
2022-07-06 17:19:23,926 [pool-9-thread-5] INFO  datastream.DataStreamTestUtils (DataStreamTestUtils.java:writeAndCloseAndAssertReplies(320)) - Stream434: bytesWritten=6897177
2022-07-06 17:19:23,926 [pool-9-thread-8] INFO  datastream.DataStreamTestUtils (DataStreamTestUtils.java:writeAndCloseAndAssertReplies(320)) - Stream433: bytesWritten=7922993
2022-07-06 17:19:23,934 [pool-9-thread-15] INFO  datastream.DataStreamTestUtils (DataStreamTestUtils.java:writeAndCloseAndAssertReplies(311)) - start Stream437
2022-07-06 17:19:23,952 [s0-client-thread2] INFO  statemachine.StateMachine (DataStreamTestUtils.java:link(157)) - link SingleDataStream: writeRequest=RaftClientRequest:client-F868B5FF963F->s2@group-CD87ED06CC9F, cid=432, seq=0, DataStream, Message:<EMPTY>, logEntry=null
2022-07-06 17:19:23,954 [s1-server-thread1] INFO  statemachine.StateMachine (DataStreamTestUtils.java:link(157)) - link SingleDataStream: writeRequest=RaftClientRequest:client-F868B5FF963F->s2@group-CD87ED06CC9F, cid=432, seq=0, DataStream, Message:<EMPTY>, logEntry=null
2022-07-06 17:19:23,954 [s2-server-thread1] INFO  statemachine.StateMachine (DataStreamTestUtils.java:link(157)) - link SingleDataStream: writeRequest=RaftClientRequest:client-F868B5FF963F->s2@group-CD87ED06CC9F, cid=432, seq=0, DataStream, Message:<EMPTY>, logEntry=null
2022-07-06 17:19:23,960 [s0-client-thread2] INFO  statemachine.StateMachine (DataStreamTestUtils.java:link(157)) - link SingleDataStream: writeRequest=RaftClientRequest:client-F868B5FF963F->s2@group-CD87ED06CC9F, cid=431, seq=0, DataStream, Message:<EMPTY>, logEntry=null
2022-07-06 17:19:23,962 [s1-server-thread1] INFO  statemachine.StateMachine (DataStreamTestUtils.java:link(157)) - link SingleDataStream: writeRequest=RaftClientRequest:client-F868B5FF963F->s2@group-CD87ED06CC9F, cid=431, seq=0, DataStream, Message:<EMPTY>, logEntry=null
2022-07-06 17:19:23,962 [s2-server-thread1] INFO  statemachine.StateMachine (DataStreamTestUtils.java:link(157)) - link SingleDataStream: writeRequest=RaftClientRequest:client-F868B5FF963F->s2@group-CD87ED06CC9F, cid=431, seq=0, DataStream, Message:<EMPTY>, logEntry=null
2022-07-06 17:19:23,963 [s0-client-thread2] INFO  statemachine.StateMachine (DataStreamTestUtils.java:link(157)) - link SingleDataStream: writeRequest=RaftClientRequest:client-F868B5FF963F->s2@group-CD87ED06CC9F, cid=436, seq=0, DataStream, Message:<EMPTY>, logEntry=null
2022-07-06 17:19:23,965 [s0-client-thread2] INFO  statemachine.StateMachine (DataStreamTestUtils.java:link(157)) - link SingleDataStream: writeRequest=RaftClientRequest:client-F868B5FF963F->s2@group-CD87ED06CC9F, cid=435, seq=0, DataStream, Message:<EMPTY>, logEntry=null
2022-07-06 17:19:23,966 [s2-server-thread1] INFO  statemachine.StateMachine (DataStreamTestUtils.java:link(157)) - link SingleDataStream: writeRequest=RaftClientRequest:client-F868B5FF963F->s2@group-CD87ED06CC9F, cid=436, seq=0, DataStream, Message:<EMPTY>, logEntry=null
2022-07-06 17:19:23,965 [s1-server-thread1] INFO  statemachine.StateMachine (DataStreamTestUtils.java:link(157)) - link SingleDataStream: writeRequest=RaftClientRequest:client-F868B5FF963F->s2@group-CD87ED06CC9F, cid=436, seq=0, DataStream, Message:<EMPTY>, logEntry=null
2022-07-06 17:19:23,967 [s0-client-thread2] INFO  statemachine.StateMachine (DataStreamTestUtils.java:link(157)) - link SingleDataStream: writeRequest=RaftClientRequest:client-F868B5FF963F->s2@group-CD87ED06CC9F, cid=434, seq=0, DataStream, Message:<EMPTY>, logEntry=null
2022-07-06 17:19:23,969 [s1-server-thread1] INFO  statemachine.StateMachine (DataStreamTestUtils.java:link(157)) - link SingleDataStream: writeRequest=RaftClientRequest:client-F868B5FF963F->s2@group-CD87ED06CC9F, cid=435, seq=0, DataStream, Message:<EMPTY>, logEntry=null
2022-07-06 17:19:23,970 [s2-server-thread1] INFO  statemachine.StateMachine (DataStreamTestUtils.java:link(157)) - link SingleDataStream: writeRequest=RaftClientRequest:client-F868B5FF963F->s2@group-CD87ED06CC9F, cid=435, seq=0, DataStream, Message:<EMPTY>, logEntry=null
2022-07-06 17:19:23,971 [s2-server-thread1] INFO  statemachine.StateMachine (DataStreamTestUtils.java:link(157)) - link SingleDataStream: writeRequest=RaftClientRequest:client-F868B5FF963F->s2@group-CD87ED06CC9F, cid=434, seq=0, DataStream, Message:<EMPTY>, logEntry=null
2022-07-06 17:19:23,971 [s1-server-thread1] INFO  statemachine.StateMachine (DataStreamTestUtils.java:link(157)) - link SingleDataStream: writeRequest=RaftClientRequest:client-F868B5FF963F->s2@group-CD87ED06CC9F, cid=434, seq=0, DataStream, Message:<EMPTY>, logEntry=null
2022-07-06 17:19:23,977 [s0-client-thread2] INFO  statemachine.StateMachine (DataStreamTestUtils.java:link(157)) - link SingleDataStream: writeRequest=RaftClientRequest:client-F868B5FF963F->s2@group-CD87ED06CC9F, cid=433, seq=0, DataStream, Message:<EMPTY>, logEntry=null
2022-07-06 17:19:23,978 [s1-server-thread1] INFO  statemachine.StateMachine (DataStreamTestUtils.java:link(157)) - link SingleDataStream: writeRequest=RaftClientRequest:client-F868B5FF963F->s2@group-CD87ED06CC9F, cid=433, seq=0, DataStream, Message:<EMPTY>, logEntry=null
2022-07-06 17:19:23,979 [s2-server-thread1] INFO  statemachine.StateMachine (DataStreamTestUtils.java:link(157)) - link SingleDataStream: writeRequest=RaftClientRequest:client-F868B5FF963F->s2@group-CD87ED06CC9F, cid=433, seq=0, DataStream, Message:<EMPTY>, logEntry=null
2022-07-06 17:19:23,979 [pool-9-thread-14] INFO  datastream.DataStreamTestUtils (DataStreamTestUtils.java:writeAndCloseAndAssertReplies(311)) - start Stream438
2022-07-06 17:19:23,984 [pool-9-thread-10] INFO  datastream.DataStreamTestUtils (DataStreamTestUtils.java:writeAndCloseAndAssertReplies(311)) - start Stream439
2022-07-06 17:19:24,090 [pool-9-thread-9] INFO  datastream.DataStreamTestUtils (DataStreamTestUtils.java:writeAndCloseAndAssertReplies(311)) - start Stream440
2022-07-06 17:19:24,110 [pool-9-thread-16] INFO  datastream.DataStreamTestUtils (DataStreamTestUtils.java:writeAndCloseAndAssertReplies(311)) - start Stream441
2022-07-06 17:19:24,169 [pool-9-thread-5] INFO  datastream.DataStreamTestUtils (DataStreamTestUtils.java:writeAndCloseAndAssertReplies(311)) - start Stream442
2022-07-06 17:19:24,236 [pool-9-thread-8] INFO  datastream.DataStreamTestUtils (DataStreamTestUtils.java:writeAndCloseAndAssertReplies(311)) - start Stream443
2022-07-06 17:19:24,355 [pool-9-thread-15] INFO  datastream.DataStreamTestUtils (DataStreamTestUtils.java:writeAndCloseAndAssertReplies(320)) - Stream437: bytesWritten=7821055
2022-07-06 17:19:24,365 [s0-client-thread2] INFO  statemachine.StateMachine (DataStreamTestUtils.java:link(157)) - link SingleDataStream: writeRequest=RaftClientRequest:client-F868B5FF963F->s2@group-CD87ED06CC9F, cid=437, seq=0, DataStream, Message:<EMPTY>, logEntry=null
2022-07-06 17:19:24,366 [s1-server-thread1] INFO  statemachine.StateMachine (DataStreamTestUtils.java:link(157)) - link SingleDataStream: writeRequest=RaftClientRequest:client-F868B5FF963F->s2@group-CD87ED06CC9F, cid=437, seq=0, DataStream, Message:<EMPTY>, logEntry=null
2022-07-06 17:19:24,410 [s2-server-thread1] INFO  statemachine.StateMachine (DataStreamTestUtils.java:link(157)) - link SingleDataStream: writeRequest=RaftClientRequest:client-F868B5FF963F->s2@group-CD87ED06CC9F, cid=437, seq=0, DataStream, Message:<EMPTY>, logEntry=null
2022-07-06 17:19:24,446 [pool-9-thread-14] INFO  datastream.DataStreamTestUtils (DataStreamTestUtils.java:writeAndCloseAndAssertReplies(320)) - Stream438: bytesWritten=7836700
2022-07-06 17:19:24,465 [pool-9-thread-15] INFO  datastream.DataStreamTestUtils (DataStreamTestUtils.java:writeAndCloseAndAssertReplies(311)) - start Stream444
2022-07-06 17:19:24,469 [s0-client-thread2] INFO  statemachine.StateMachine (DataStreamTestUtils.java:link(157)) - link SingleDataStream: writeRequest=RaftClientRequest:client-F868B5FF963F->s2@group-CD87ED06CC9F, cid=438, seq=0, DataStream, Message:<EMPTY>, logEntry=null
2022-07-06 17:19:24,470 [s2-server-thread1] INFO  statemachine.StateMachine (DataStreamTestUtils.java:link(157)) - link SingleDataStream: writeRequest=RaftClientRequest:client-F868B5FF963F->s2@group-CD87ED06CC9F, cid=438, seq=0, DataStream, Message:<EMPTY>, logEntry=null
2022-07-06 17:19:24,471 [s1-server-thread1] INFO  statemachine.StateMachine (DataStreamTestUtils.java:link(157)) - link SingleDataStream: writeRequest=RaftClientRequest:client-F868B5FF963F->s2@group-CD87ED06CC9F, cid=438, seq=0, DataStream, Message:<EMPTY>, logEntry=null
2022-07-06 17:19:24,548 [pool-9-thread-16] INFO  datastream.DataStreamTestUtils (DataStreamTestUtils.java:writeAndCloseAndAssertReplies(320)) - Stream441: bytesWritten=7650140
2022-07-06 17:19:24,648 [pool-9-thread-5] INFO  datastream.DataStreamTestUtils (DataStreamTestUtils.java:writeAndCloseAndAssertReplies(320)) - Stream442: bytesWritten=6742250
2022-07-06 17:19:24,649 [pool-9-thread-10] INFO  datastream.DataStreamTestUtils (DataStreamTestUtils.java:writeAndCloseAndAssertReplies(320)) - Stream439: bytesWritten=8359414
2022-07-06 17:19:24,649 [pool-9-thread-9] INFO  datastream.DataStreamTestUtils (DataStreamTestUtils.java:writeAndCloseAndAssertReplies(320)) - Stream440: bytesWritten=6963654
2022-07-06 17:19:24,650 [pool-9-thread-14] INFO  datastream.DataStreamTestUtils (DataStreamTestUtils.java:writeAndCloseAndAssertReplies(311)) - start Stream445
2022-07-06 17:19:24,709 [pool-9-thread-3] INFO  datastream.DataStreamTestUtils (DataStreamTestUtils.java:writeAndCloseAndAssertReplies(311)) - start Stream446
2022-07-06 17:19:24,722 [pool-9-thread-8] INFO  datastream.DataStreamTestUtils (DataStreamTestUtils.java:writeAndCloseAndAssertReplies(320)) - Stream443: bytesWritten=7356638
2022-07-06 17:19:24,883 [pool-9-thread-15] INFO  datastream.DataStreamTestUtils (DataStreamTestUtils.java:writeAndCloseAndAssertReplies(320)) - Stream444: bytesWritten=7932774
2022-07-06 17:19:24,912 [pool-9-thread-3] INFO  datastream.DataStreamTestUtils (DataStreamTestUtils.java:writeAndCloseAndAssertReplies(320)) - Stream446: bytesWritten=8093436
2022-07-06 17:19:24,923 [s0-client-thread2] INFO  statemachine.StateMachine (DataStreamTestUtils.java:link(157)) - link SingleDataStream: writeRequest=RaftClientRequest:client-DD80B7885CE5->s2@group-CD87ED06CC9F, cid=441, seq=0, DataStream, Message:<EMPTY>, logEntry=null
2022-07-06 17:19:24,924 [s2-server-thread1] INFO  statemachine.StateMachine (DataStreamTestUtils.java:link(157)) - link SingleDataStream: writeRequest=RaftClientRequest:client-DD80B7885CE5->s2@group-CD87ED06CC9F, cid=441, seq=0, DataStream, Message:<EMPTY>, logEntry=null
2022-07-06 17:19:24,926 [s1-server-thread1] INFO  statemachine.StateMachine (DataStreamTestUtils.java:link(157)) - link SingleDataStream: writeRequest=RaftClientRequest:client-DD80B7885CE5->s2@group-CD87ED06CC9F, cid=441, seq=0, DataStream, Message:<EMPTY>, logEntry=null
2022-07-06 17:19:24,938 [pool-9-thread-14] INFO  datastream.DataStreamTestUtils (DataStreamTestUtils.java:writeAndCloseAndAssertReplies(320)) - Stream445: bytesWritten=8159430
2022-07-06 17:19:24,957 [pool-9-thread-16] INFO  datastream.DataStreamTestUtils (DataStreamTestUtils.java:writeAndCloseAndAssertReplies(311)) - start Stream447
2022-07-06 17:19:24,966 [s0-client-thread2] INFO  statemachine.StateMachine (DataStreamTestUtils.java:link(157)) - link SingleDataStream: writeRequest=RaftClientRequest:client-DD80B7885CE5->s2@group-CD87ED06CC9F, cid=442, seq=0, DataStream, Message:<EMPTY>, logEntry=null
2022-07-06 17:19:24,967 [s1-server-thread1] INFO  statemachine.StateMachine (DataStreamTestUtils.java:link(157)) - link SingleDataStream: writeRequest=RaftClientRequest:client-DD80B7885CE5->s2@group-CD87ED06CC9F, cid=442, seq=0, DataStream, Message:<EMPTY>, logEntry=null
2022-07-06 17:19:24,968 [s0-client-thread2] INFO  statemachine.StateMachine (DataStreamTestUtils.java:link(157)) - link SingleDataStream: writeRequest=RaftClientRequest:client-DD80B7885CE5->s2@group-CD87ED06CC9F, cid=439, seq=0, DataStream, Message:<EMPTY>, logEntry=null
2022-07-06 17:19:24,969 [s1-server-thread1] INFO  statemachine.StateMachine (DataStreamTestUtils.java:link(157)) - link SingleDataStream: writeRequest=RaftClientRequest:client-DD80B7885CE5->s2@group-CD87ED06CC9F, cid=439, seq=0, DataStream, Message:<EMPTY>, logEntry=null
2022-07-06 17:19:24,969 [s2-server-thread1] INFO  statemachine.StateMachine (DataStreamTestUtils.java:link(157)) - link SingleDataStream: writeRequest=RaftClientRequest:client-DD80B7885CE5->s2@group-CD87ED06CC9F, cid=442, seq=0, DataStream, Message:<EMPTY>, logEntry=null
2022-07-06 17:19:24,969 [s0-client-thread2] INFO  statemachine.StateMachine (DataStreamTestUtils.java:link(157)) - link SingleDataStream: writeRequest=RaftClientRequest:client-DD80B7885CE5->s2@group-CD87ED06CC9F, cid=440, seq=0, DataStream, Message:<EMPTY>, logEntry=null
2022-07-06 17:19:24,969 [s2-server-thread1] INFO  statemachine.StateMachine (DataStreamTestUtils.java:link(157)) - link SingleDataStream: writeRequest=RaftClientRequest:client-DD80B7885CE5->s2@group-CD87ED06CC9F, cid=439, seq=0, DataStream, Message:<EMPTY>, logEntry=null
2022-07-06 17:19:24,970 [s1-server-thread1] INFO  statemachine.StateMachine (DataStreamTestUtils.java:link(157)) - link SingleDataStream: writeRequest=RaftClientRequest:client-DD80B7885CE5->s2@group-CD87ED06CC9F, cid=440, seq=0, DataStream, Message:<EMPTY>, logEntry=null
2022-07-06 17:19:24,970 [s0-client-thread2] INFO  statemachine.StateMachine (DataStreamTestUtils.java:link(157)) - link SingleDataStream: writeRequest=RaftClientRequest:client-DD80B7885CE5->s2@group-CD87ED06CC9F, cid=443, seq=0, DataStream, Message:<EMPTY>, logEntry=null
2022-07-06 17:19:24,971 [s2-server-thread1] INFO  statemachine.StateMachine (DataStreamTestUtils.java:link(157)) - link SingleDataStream: writeRequest=RaftClientRequest:client-DD80B7885CE5->s2@group-CD87ED06CC9F, cid=440, seq=0, DataStream, Message:<EMPTY>, logEntry=null
2022-07-06 17:19:24,971 [s2-server-thread1] INFO  statemachine.StateMachine (DataStreamTestUtils.java:link(157)) - link SingleDataStream: writeRequest=RaftClientRequest:client-DD80B7885CE5->s2@group-CD87ED06CC9F, cid=443, seq=0, DataStream, Message:<EMPTY>, logEntry=null
2022-07-06 17:19:24,971 [s1-server-thread1] INFO  statemachine.StateMachine (DataStreamTestUtils.java:link(157)) - link SingleDataStream: writeRequest=RaftClientRequest:client-DD80B7885CE5->s2@group-CD87ED06CC9F, cid=443, seq=0, DataStream, Message:<EMPTY>, logEntry=null
2022-07-06 17:19:24,975 [s0-client-thread2] INFO  statemachine.StateMachine (DataStreamTestUtils.java:link(157)) - link SingleDataStream: writeRequest=RaftClientRequest:client-DD80B7885CE5->s2@group-CD87ED06CC9F, cid=444, seq=0, DataStream, Message:<EMPTY>, logEntry=null
2022-07-06 17:19:24,976 [s1-server-thread1] INFO  statemachine.StateMachine (DataStreamTestUtils.java:link(157)) - link SingleDataStream: writeRequest=RaftClientRequest:client-DD80B7885CE5->s2@group-CD87ED06CC9F, cid=444, seq=0, DataStream, Message:<EMPTY>, logEntry=null
2022-07-06 17:19:24,978 [s2-server-thread1] INFO  statemachine.StateMachine (DataStreamTestUtils.java:link(157)) - link SingleDataStream: writeRequest=RaftClientRequest:client-DD80B7885CE5->s2@group-CD87ED06CC9F, cid=444, seq=0, DataStream, Message:<EMPTY>, logEntry=null
2022-07-06 17:19:24,979 [s0-client-thread2] INFO  statemachine.StateMachine (DataStreamTestUtils.java:link(157)) - link SingleDataStream: writeRequest=RaftClientRequest:client-DD80B7885CE5->s2@group-CD87ED06CC9F, cid=446, seq=0, DataStream, Message:<EMPTY>, logEntry=null
2022-07-06 17:19:24,983 [s1-server-thread1] INFO  statemachine.StateMachine (DataStreamTestUtils.java:link(157)) - link SingleDataStream: writeRequest=RaftClientRequest:client-DD80B7885CE5->s2@group-CD87ED06CC9F, cid=446, seq=0, DataStream, Message:<EMPTY>, logEntry=null
2022-07-06 17:19:24,984 [s0-client-thread2] INFO  statemachine.StateMachine (DataStreamTestUtils.java:link(157)) - link SingleDataStream: writeRequest=RaftClientRequest:client-DD80B7885CE5->s2@group-CD87ED06CC9F, cid=445, seq=0, DataStream, Message:<EMPTY>, logEntry=null
2022-07-06 17:19:24,985 [s2-server-thread1] INFO  statemachine.StateMachine (DataStreamTestUtils.java:link(157)) - link SingleDataStream: writeRequest=RaftClientRequest:client-DD80B7885CE5->s2@group-CD87ED06CC9F, cid=446, seq=0, DataStream, Message:<EMPTY>, logEntry=null
2022-07-06 17:19:24,989 [s1-server-thread1] INFO  statemachine.StateMachine (DataStreamTestUtils.java:link(157)) - link SingleDataStream: writeRequest=RaftClientRequest:client-DD80B7885CE5->s2@group-CD87ED06CC9F, cid=445, seq=0, DataStream, Message:<EMPTY>, logEntry=null
2022-07-06 17:19:24,992 [s2-server-thread1] INFO  statemachine.StateMachine (DataStreamTestUtils.java:link(157)) - link SingleDataStream: writeRequest=RaftClientRequest:client-DD80B7885CE5->s2@group-CD87ED06CC9F, cid=445, seq=0, DataStream, Message:<EMPTY>, logEntry=null
2022-07-06 17:19:24,992 [pool-9-thread-5] INFO  datastream.DataStreamTestUtils (DataStreamTestUtils.java:writeAndCloseAndAssertReplies(311)) - start Stream420
2022-07-06 17:19:24,993 [pool-9-thread-10] INFO  datastream.DataStreamTestUtils (DataStreamTestUtils.java:writeAndCloseAndAssertReplies(311)) - start Stream448
2022-07-06 17:19:25,000 [pool-9-thread-9] INFO  datastream.DataStreamTestUtils (DataStreamTestUtils.java:writeAndCloseAndAssertReplies(311)) - start Stream449
2022-07-06 17:19:25,039 [pool-9-thread-8] INFO  datastream.DataStreamTestUtils (DataStreamTestUtils.java:writeAndCloseAndAssertReplies(311)) - start Stream401
2022-07-06 17:19:25,083 [pool-9-thread-15] INFO  datastream.DataStreamTestUtils (DataStreamTestUtils.java:writeAndCloseAndAssertReplies(311)) - start Stream451
2022-07-06 17:19:25,093 [pool-9-thread-3] INFO  datastream.DataStreamTestUtils (DataStreamTestUtils.java:writeAndCloseAndAssertReplies(311)) - start Stream452
2022-07-06 17:19:25,097 [pool-9-thread-14] INFO  datastream.DataStreamTestUtils (DataStreamTestUtils.java:writeAndCloseAndAssertReplies(311)) - start Stream453
2022-07-06 17:19:25,144 [pool-9-thread-16] INFO  datastream.DataStreamTestUtils (DataStreamTestUtils.java:writeAndCloseAndAssertReplies(320)) - Stream447: bytesWritten=6738941
2022-07-06 17:19:25,149 [s0-client-thread2] INFO  statemachine.StateMachine (DataStreamTestUtils.java:link(157)) - link SingleDataStream: writeRequest=RaftClientRequest:client-DD80B7885CE5->s2@group-CD87ED06CC9F, cid=447, seq=0, DataStream, Message:<EMPTY>, logEntry=null
2022-07-06 17:19:25,150 [s2-server-thread1] INFO  statemachine.StateMachine (DataStreamTestUtils.java:link(157)) - link SingleDataStream: writeRequest=RaftClientRequest:client-DD80B7885CE5->s2@group-CD87ED06CC9F, cid=447, seq=0, DataStream, Message:<EMPTY>, logEntry=null
2022-07-06 17:19:25,193 [s1-server-thread1] INFO  statemachine.StateMachine (DataStreamTestUtils.java:link(157)) - link SingleDataStream: writeRequest=RaftClientRequest:client-DD80B7885CE5->s2@group-CD87ED06CC9F, cid=447, seq=0, DataStream, Message:<EMPTY>, logEntry=null
2022-07-06 17:19:26,126 [s0@group-CD87ED06CC9F-LeaderStateImpl] WARN  server.RaftServer$Division (LeaderStateImpl.java:checkLeadership(1017)) - s0@group-CD87ED06CC9F-LeaderStateImpl: Lost leadership on term: 3. Election timeout: 300ms. In charge for: 15253ms. Conf: 65: [s0|rpc:localhost:46837|admin:localhost:40145|client:localhost:44183|dataStream:localhost:36771|priority:0, s1|rpc:localhost:36769|admin:localhost:40151|client:localhost:35673|dataStream:localhost:44419|priority:0, s2|rpc:localhost:42693|admin:localhost:37755|client:localhost:34689|dataStream:localhost:44561|priority:0], old=null
2022-07-06 17:19:26,127 [s0@group-CD87ED06CC9F-LeaderStateImpl] WARN  server.RaftServer$Division (LeaderStateImpl.java:lambda$checkLeadership$17(1021)) - Follower s0@group-CD87ED06CC9F->s1(c128,m130,n135, attendVote=true, lastRpcSendTime=977, lastRpcResponseTime=886)
2022-07-06 17:19:26,127 [org.apache.ratis.util.JvmPauseMonitor$$Lambda$273/398417010@2e4d9071] WARN  util.JvmPauseMonitor (JvmPauseMonitor.java:detectPause(124)) - JvmPauseMonitor-s1: Detected pause in JVM or host machine (eg GC): pause of approximately 710107288ns.
GC pool 'PS MarkSweep' had collection(s): count=1 time=761ms
GC pool 'PS Scavenge' had collection(s): count=1 time=115ms
2022-07-06 17:19:26,127 [s2@group-CD87ED06CC9F-FollowerState] WARN  impl.FollowerState (FollowerState.java:run(130)) - Unexpected long sleep: sleep 267ms but took extra 742305140ns (> threshold = 300ms)
2022-07-06 17:19:26,126 [org.apache.ratis.util.JvmPauseMonitor$$Lambda$273/398417010@269384c0] WARN  util.JvmPauseMonitor (JvmPauseMonitor.java:detectPause(124)) - JvmPauseMonitor-s0: Detected pause in JVM or host machine (eg GC): pause of approximately 709816287ns.
GC pool 'PS MarkSweep' had collection(s): count=1 time=761ms
GC pool 'PS Scavenge' had collection(s): count=1 time=115ms
2022-07-06 17:19:26,129 [s1@group-CD87ED06CC9F-FollowerState] WARN  impl.FollowerState (FollowerState.java:run(130)) - Unexpected long sleep: sleep 218ms but took extra 790578138ns (> threshold = 300ms)
2022-07-06 17:19:26,127 [s0@group-CD87ED06CC9F-LeaderStateImpl] WARN  server.RaftServer$Division (LeaderStateImpl.java:lambda$checkLeadership$17(1021)) - Follower s0@group-CD87ED06CC9F->s2(c126,m133,n135, attendVote=true, lastRpcSendTime=977, lastRpcResponseTime=952)
2022-07-06 17:19:26,127 [org.apache.ratis.util.JvmPauseMonitor$$Lambda$273/398417010@41afa821] WARN  util.JvmPauseMonitor (JvmPauseMonitor.java:detectPause(124)) - JvmPauseMonitor-s2: Detected pause in JVM or host machine (eg GC): pause of approximately 710014587ns.
GC pool 'PS MarkSweep' had collection(s): count=1 time=761ms
GC pool 'PS Scavenge' had collection(s): count=1 time=115ms
2022-07-06 17:19:26,134 [s0@group-CD87ED06CC9F-LeaderStateImpl] INFO  server.RaftServer$Division (RaftServerImpl.java:setRole(300)) - s0@group-CD87ED06CC9F: changes role from    LEADER to FOLLOWER at term 3 for StepDownReason:LOST_MAJORITY_HEARTBEATS
2022-07-06 17:19:26,135 [s0@group-CD87ED06CC9F-LeaderStateImpl] INFO  impl.RoleInfo (RoleInfo.java:shutdownLeaderState(93)) - s0: shutdown s0@group-CD87ED06CC9F-LeaderStateImpl
2022-07-06 17:19:26,175 [grpc-default-executor-5] INFO  server.GrpcServerProtocolService (GrpcServerProtocolService.java:onCompleted(140)) - s1: Completed APPEND_ENTRIES, lastRequest: s0->s1#482-t3,previous=(t:3, i:133),leaderCommit=129,initializing? true,entries: size=1, first=(t:3, i:134), STATEMACHINELOGENTRY, 447@client-DD80B7885CE5
2022-07-06 17:19:26,177 [grpc-default-executor-4] INFO  server.GrpcLogAppender (GrpcLogAppender.java:onCompleted(340)) - s0@group-CD87ED06CC9F->s1-AppendLogResponseHandler: follower responses appendEntries COMPLETED
2022-07-06 17:19:26,177 [grpc-default-executor-4] INFO  leader.FollowerInfo (FollowerInfoImpl.java:lambda$new$0(48)) - s0@group-CD87ED06CC9F->s1: nextIndex: updateUnconditionally 135 -> 134
2022-07-06 17:19:26,204 [s0@group-CD87ED06CC9F-LeaderStateImpl] INFO  impl.PendingRequests (PendingRequests.java:sendNotLeaderResponses(282)) - s0@group-CD87ED06CC9F-PendingRequests: sendNotLeaderResponses
2022-07-06 17:19:26,204 [s0@group-CD87ED06CC9F->s2-GrpcLogAppender-LogAppenderDaemon] WARN  server.GrpcLogAppender (GrpcLogAppender.java:mayWait(172)) - s0@group-CD87ED06CC9F->s2-GrpcLogAppender: Wait interrupted by java.lang.InterruptedException
2022-07-06 17:19:26,204 [grpc-default-executor-7] INFO  server.GrpcServerProtocolService (GrpcServerProtocolService.java:onCompleted(140)) - s2: Completed APPEND_ENTRIES, lastRequest: s0->s2#509-t3,previous=(t:3, i:133),leaderCommit=129,initializing? true,entries: size=1, first=(t:3, i:134), STATEMACHINELOGENTRY, 447@client-DD80B7885CE5
2022-07-06 17:19:26,205 [grpc-default-executor-5] INFO  server.GrpcLogAppender (GrpcLogAppender.java:onCompleted(340)) - s0@group-CD87ED06CC9F->s2-AppendLogResponseHandler: follower responses appendEntries COMPLETED
2022-07-06 17:19:26,205 [grpc-default-executor-5] INFO  leader.FollowerInfo (FollowerInfoImpl.java:lambda$new$0(48)) - s0@group-CD87ED06CC9F->s2: nextIndex: updateUnconditionally 135 -> 134
2022-07-06 17:19:26,212 [s0@group-CD87ED06CC9F-LeaderStateImpl] INFO  impl.RoleInfo (RoleInfo.java:updateAndGet(139)) - s0: start s0@group-CD87ED06CC9F-FollowerState
2022-07-06 17:19:26,399 [s0@group-CD87ED06CC9F-FollowerState] INFO  impl.FollowerState (FollowerState.java:lostMajorityHeartbeatsRecently(108)) - s0@group-CD87ED06CC9F-FollowerState: Skipping leader election since it stepped down recently (elapsed = 186ms < waitTime = 10s)
2022-07-06 17:19:26,569 [s2@group-CD87ED06CC9F-FollowerState] INFO  impl.FollowerState (FollowerState.java:run(143)) - s2@group-CD87ED06CC9F-FollowerState: change to CANDIDATE, lastRpcElapsedTime:362143496ns, electionTimeout:169ms
2022-07-06 17:19:26,569 [s2@group-CD87ED06CC9F-FollowerState] INFO  impl.RoleInfo (RoleInfo.java:shutdownFollowerState(110)) - s2: shutdown s2@group-CD87ED06CC9F-FollowerState
2022-07-06 17:19:26,569 [s2@group-CD87ED06CC9F-FollowerState] INFO  server.RaftServer$Division (RaftServerImpl.java:setRole(300)) - s2@group-CD87ED06CC9F: changes role from  FOLLOWER to CANDIDATE at term 3 for changeToCandidate
2022-07-06 17:19:26,569 [s2@group-CD87ED06CC9F-FollowerState] INFO  server.RaftServerConfigKeys (ConfUtils.java:logGet(46)) - raft.server.leaderelection.pre-vote = true (default)
2022-07-06 17:19:26,569 [s2@group-CD87ED06CC9F-FollowerState] INFO  impl.RoleInfo (RoleInfo.java:updateAndGet(139)) - s2: start s2@group-CD87ED06CC9F-LeaderElection10
2022-07-06 17:19:26,573 [s2@group-CD87ED06CC9F-LeaderElection10] INFO  server.RaftServer$Division (ServerState.java:setLeader(291)) - s2@group-CD87ED06CC9F: change Leader from s0 to null at term 3 for PRE_VOTE
2022-07-06 17:19:26,574 [s2@group-CD87ED06CC9F-LeaderElection10] INFO  impl.LeaderElection (LeaderElection.java:askForVotes(310)) - s2@group-CD87ED06CC9F-LeaderElection10 PRE_VOTE round 0: submit vote requests at term 3 for 65: [s0|rpc:localhost:46837|admin:localhost:40145|client:localhost:44183|dataStream:localhost:36771|priority:0, s1|rpc:localhost:36769|admin:localhost:40151|client:localhost:35673|dataStream:localhost:44419|priority:0, s2|rpc:localhost:42693|admin:localhost:37755|client:localhost:34689|dataStream:localhost:44561|priority:0], old=null
2022-07-06 17:19:26,577 [s1@group-CD87ED06CC9F-FollowerState] INFO  impl.FollowerState (FollowerState.java:run(143)) - s1@group-CD87ED06CC9F-FollowerState: change to CANDIDATE, lastRpcElapsedTime:443733176ns, electionTimeout:205ms
2022-07-06 17:19:26,577 [s1@group-CD87ED06CC9F-FollowerState] INFO  impl.RoleInfo (RoleInfo.java:shutdownFollowerState(110)) - s1: shutdown s1@group-CD87ED06CC9F-FollowerState
2022-07-06 17:19:26,577 [s1@group-CD87ED06CC9F-FollowerState] INFO  server.RaftServer$Division (RaftServerImpl.java:setRole(300)) - s1@group-CD87ED06CC9F: changes role from  FOLLOWER to CANDIDATE at term 3 for changeToCandidate
2022-07-06 17:19:26,578 [s1@group-CD87ED06CC9F-FollowerState] INFO  server.RaftServerConfigKeys (ConfUtils.java:logGet(46)) - raft.server.leaderelection.pre-vote = true (default)
2022-07-06 17:19:26,578 [s1@group-CD87ED06CC9F-FollowerState] INFO  impl.RoleInfo (RoleInfo.java:updateAndGet(139)) - s1: start s1@group-CD87ED06CC9F-LeaderElection11
2022-07-06 17:19:26,584 [s1@group-CD87ED06CC9F-LeaderElection11] INFO  server.RaftServer$Division (ServerState.java:setLeader(291)) - s1@group-CD87ED06CC9F: change Leader from s0 to null at term 3 for PRE_VOTE
2022-07-06 17:19:26,584 [s1@group-CD87ED06CC9F-LeaderElection11] INFO  impl.LeaderElection (LeaderElection.java:askForVotes(310)) - s1@group-CD87ED06CC9F-LeaderElection11 PRE_VOTE round 0: submit vote requests at term 3 for 65: [s0|rpc:localhost:46837|admin:localhost:40145|client:localhost:44183|dataStream:localhost:36771|priority:0, s1|rpc:localhost:36769|admin:localhost:40151|client:localhost:35673|dataStream:localhost:44419|priority:0, s2|rpc:localhost:42693|admin:localhost:37755|client:localhost:34689|dataStream:localhost:44561|priority:0], old=null
2022-07-06 17:19:26,602 [grpc-default-executor-7] INFO  server.RaftServer$Division (RaftServerImpl.java:requestVote(1173)) - s1@group-CD87ED06CC9F: receive requestVote(PRE_VOTE, s2, group-CD87ED06CC9F, 3, (t:3, i:134))
2022-07-06 17:19:26,602 [grpc-default-executor-7] INFO  impl.VoteContext (VoteContext.java:log(48)) - s1@group-CD87ED06CC9F-CANDIDATE: accept PRE_VOTE from s2: our priority 0 <= candidate's priority 0
2022-07-06 17:19:26,605 [grpc-default-executor-7] INFO  server.RaftServer$Division (RaftServerImpl.java:requestVote(1205)) - s1@group-CD87ED06CC9F replies to PRE_VOTE vote request: s2<-s1#0:OK-t3. Peer's state: s1@group-CD87ED06CC9F:t3, leader=null, voted=s0, raftlog=s1@group-CD87ED06CC9F-SegmentedRaftLog:OPENED:c129, conf=65: [s0|rpc:localhost:46837|admin:localhost:40145|client:localhost:44183|dataStream:localhost:36771|priority:0, s1|rpc:localhost:36769|admin:localhost:40151|client:localhost:35673|dataStream:localhost:44419|priority:0, s2|rpc:localhost:42693|admin:localhost:37755|client:localhost:34689|dataStream:localhost:44561|priority:0], old=null
2022-07-06 17:19:26,606 [grpc-default-executor-7] INFO  server.RaftServer$Division (RaftServerImpl.java:requestVote(1173)) - s0@group-CD87ED06CC9F: receive requestVote(PRE_VOTE, s2, group-CD87ED06CC9F, 3, (t:3, i:134))
2022-07-06 17:19:26,606 [grpc-default-executor-7] INFO  impl.VoteContext (VoteContext.java:log(48)) - s0@group-CD87ED06CC9F-FOLLOWER: accept PRE_VOTE from s2: our priority 0 <= candidate's priority 0
2022-07-06 17:19:26,606 [grpc-default-executor-7] INFO  server.RaftServer$Division (RaftServerImpl.java:requestVote(1205)) - s0@group-CD87ED06CC9F replies to PRE_VOTE vote request: s2<-s0#0:OK-t3. Peer's state: s0@group-CD87ED06CC9F:t3, leader=s0, voted=s0, raftlog=s0@group-CD87ED06CC9F-SegmentedRaftLog:OPENED:c133, conf=65: [s0|rpc:localhost:46837|admin:localhost:40145|client:localhost:44183|dataStream:localhost:36771|priority:0, s1|rpc:localhost:36769|admin:localhost:40151|client:localhost:35673|dataStream:localhost:44419|priority:0, s2|rpc:localhost:42693|admin:localhost:37755|client:localhost:34689|dataStream:localhost:44561|priority:0], old=null
2022-07-06 17:19:26,608 [s2@group-CD87ED06CC9F-LeaderElection10] INFO  impl.LeaderElection (LeaderElection.java:logAndReturn(90)) - s2@group-CD87ED06CC9F-LeaderElection10: PRE_VOTE PASSED received 1 response(s) and 0 exception(s):
2022-07-06 17:19:26,608 [s2@group-CD87ED06CC9F-LeaderElection10] INFO  impl.LeaderElection (LeaderElection.java:logAndReturn(94)) -   Response 0: s2<-s0#0:OK-t3
2022-07-06 17:19:26,608 [s2@group-CD87ED06CC9F-LeaderElection10] INFO  impl.LeaderElection (LeaderElection.java:askForVotes(312)) - s2@group-CD87ED06CC9F-LeaderElection10 PRE_VOTE round 0: result PASSED
2022-07-06 17:19:26,610 [grpc-default-executor-5] INFO  server.RaftServer$Division (RaftServerImpl.java:requestVote(1173)) - s0@group-CD87ED06CC9F: receive requestVote(PRE_VOTE, s1, group-CD87ED06CC9F, 3, (t:3, i:134))
2022-07-06 17:19:26,610 [grpc-default-executor-5] INFO  impl.VoteContext (VoteContext.java:log(48)) - s0@group-CD87ED06CC9F-FOLLOWER: reject PRE_VOTE from s1: this server is a follower and still has a valid leader s0
2022-07-06 17:19:26,610 [grpc-default-executor-5] INFO  server.RaftServer$Division (RaftServerImpl.java:requestVote(1205)) - s0@group-CD87ED06CC9F replies to PRE_VOTE vote request: s1<-s0#0:FAIL-t3. Peer's state: s0@group-CD87ED06CC9F:t3, leader=s0, voted=s0, raftlog=s0@group-CD87ED06CC9F-SegmentedRaftLog:OPENED:c133, conf=65: [s0|rpc:localhost:46837|admin:localhost:40145|client:localhost:44183|dataStream:localhost:36771|priority:0, s1|rpc:localhost:36769|admin:localhost:40151|client:localhost:35673|dataStream:localhost:44419|priority:0, s2|rpc:localhost:42693|admin:localhost:37755|client:localhost:34689|dataStream:localhost:44561|priority:0], old=null
2022-07-06 17:19:26,621 [s2@group-CD87ED06CC9F-LeaderElection10] INFO  impl.LeaderElection (LeaderElection.java:askForVotes(310)) - s2@group-CD87ED06CC9F-LeaderElection10 ELECTION round 0: submit vote requests at term 4 for 65: [s0|rpc:localhost:46837|admin:localhost:40145|client:localhost:44183|dataStream:localhost:36771|priority:0, s1|rpc:localhost:36769|admin:localhost:40151|client:localhost:35673|dataStream:localhost:44419|priority:0, s2|rpc:localhost:42693|admin:localhost:37755|client:localhost:34689|dataStream:localhost:44561|priority:0], old=null
2022-07-06 17:19:26,659 [grpc-default-executor-7] INFO  server.RaftServer$Division (RaftServerImpl.java:requestVote(1173)) - s2@group-CD87ED06CC9F: receive requestVote(PRE_VOTE, s1, group-CD87ED06CC9F, 3, (t:3, i:134))
2022-07-06 17:19:26,659 [grpc-default-executor-7] INFO  impl.VoteContext (VoteContext.java:log(48)) - s2@group-CD87ED06CC9F-CANDIDATE: accept PRE_VOTE from s1: our priority 0 <= candidate's priority 0
2022-07-06 17:19:26,659 [grpc-default-executor-7] INFO  server.RaftServer$Division (RaftServerImpl.java:requestVote(1205)) - s2@group-CD87ED06CC9F replies to PRE_VOTE vote request: s1<-s2#0:OK-t4. Peer's state: s2@group-CD87ED06CC9F:t4, leader=null, voted=s2, raftlog=s2@group-CD87ED06CC9F-SegmentedRaftLog:OPENED:c133, conf=65: [s0|rpc:localhost:46837|admin:localhost:40145|client:localhost:44183|dataStream:localhost:36771|priority:0, s1|rpc:localhost:36769|admin:localhost:40151|client:localhost:35673|dataStream:localhost:44419|priority:0, s2|rpc:localhost:42693|admin:localhost:37755|client:localhost:34689|dataStream:localhost:44561|priority:0], old=null
2022-07-06 17:19:26,684 [s1@group-CD87ED06CC9F-LeaderElection11] INFO  impl.LeaderElection (LeaderElection.java:logAndReturn(90)) - s1@group-CD87ED06CC9F-LeaderElection11: PRE_VOTE DISCOVERED_A_NEW_TERM (term=4) received 2 response(s) and 0 exception(s):
2022-07-06 17:19:26,684 [s1@group-CD87ED06CC9F-LeaderElection11] INFO  impl.LeaderElection (LeaderElection.java:logAndReturn(94)) -   Response 0: s1<-s0#0:FAIL-t3
2022-07-06 17:19:26,684 [s1@group-CD87ED06CC9F-LeaderElection11] INFO  impl.LeaderElection (LeaderElection.java:logAndReturn(94)) -   Response 1: s1<-s2#0:OK-t4
2022-07-06 17:19:26,684 [s1@group-CD87ED06CC9F-LeaderElection11] INFO  impl.LeaderElection (LeaderElection.java:askForVotes(312)) - s1@group-CD87ED06CC9F-LeaderElection11 PRE_VOTE round 0: result DISCOVERED_A_NEW_TERM (term=4)
2022-07-06 17:19:26,684 [s1@group-CD87ED06CC9F-LeaderElection11] INFO  server.RaftServer$Division (RaftServerImpl.java:setRole(300)) - s1@group-CD87ED06CC9F: changes role from CANDIDATE to FOLLOWER at term 4 for DISCOVERED_A_NEW_TERM (term=4)
2022-07-06 17:19:26,684 [s1@group-CD87ED06CC9F-LeaderElection11] INFO  impl.RoleInfo (RoleInfo.java:shutdownLeaderElection(130)) - s1: shutdown s1@group-CD87ED06CC9F-LeaderElection11
2022-07-06 17:19:26,688 [grpc-default-executor-5] INFO  server.RaftServer$Division (RaftServerImpl.java:requestVote(1173)) - s0@group-CD87ED06CC9F: receive requestVote(ELECTION, s2, group-CD87ED06CC9F, 4, (t:3, i:134))
2022-07-06 17:19:26,688 [grpc-default-executor-5] INFO  impl.VoteContext (VoteContext.java:log(48)) - s0@group-CD87ED06CC9F-FOLLOWER: accept ELECTION from s2: our priority 0 <= candidate's priority 0
2022-07-06 17:19:26,688 [grpc-default-executor-5] INFO  server.RaftServer$Division (ServerState.java:setLeader(291)) - s0@group-CD87ED06CC9F: change Leader from s0 to null at term 4 for updateCurrentTerm
2022-07-06 17:19:26,688 [grpc-default-executor-5] INFO  server.RaftServer$Division (RaftServerImpl.java:setRole(300)) - s0@group-CD87ED06CC9F: changes role from  FOLLOWER to FOLLOWER at term 4 for candidate:s2
2022-07-06 17:19:26,688 [grpc-default-executor-5] INFO  impl.RoleInfo (RoleInfo.java:shutdownFollowerState(110)) - s0: shutdown s0@group-CD87ED06CC9F-FollowerState
2022-07-06 17:19:26,688 [grpc-default-executor-5] INFO  impl.RoleInfo (RoleInfo.java:updateAndGet(139)) - s0: start s0@group-CD87ED06CC9F-FollowerState
2022-07-06 17:19:26,688 [s0@group-CD87ED06CC9F-FollowerState] INFO  impl.FollowerState (FollowerState.java:run(152)) - s0@group-CD87ED06CC9F-FollowerState was interrupted
2022-07-06 17:19:26,694 [s1@group-CD87ED06CC9F-LeaderElection11] INFO  impl.RoleInfo (RoleInfo.java:updateAndGet(139)) - s1: start s1@group-CD87ED06CC9F-FollowerState
2022-07-06 17:19:26,699 [grpc-default-executor-5] INFO  server.RaftServer$Division (RaftServerImpl.java:requestVote(1205)) - s0@group-CD87ED06CC9F replies to ELECTION vote request: s2<-s0#0:OK-t4. Peer's state: s0@group-CD87ED06CC9F:t4, leader=null, voted=s2, raftlog=s0@group-CD87ED06CC9F-SegmentedRaftLog:OPENED:c133, conf=65: [s0|rpc:localhost:46837|admin:localhost:40145|client:localhost:44183|dataStream:localhost:36771|priority:0, s1|rpc:localhost:36769|admin:localhost:40151|client:localhost:35673|dataStream:localhost:44419|priority:0, s2|rpc:localhost:42693|admin:localhost:37755|client:localhost:34689|dataStream:localhost:44561|priority:0], old=null
2022-07-06 17:19:26,701 [s2@group-CD87ED06CC9F-LeaderElection10] INFO  impl.LeaderElection (LeaderElection.java:logAndReturn(90)) - s2@group-CD87ED06CC9F-LeaderElection10: ELECTION PASSED received 1 response(s) and 0 exception(s):
2022-07-06 17:19:26,701 [s2@group-CD87ED06CC9F-LeaderElection10] INFO  impl.LeaderElection (LeaderElection.java:logAndReturn(94)) -   Response 0: s2<-s0#0:OK-t4
2022-07-06 17:19:26,702 [s2@group-CD87ED06CC9F-LeaderElection10] INFO  impl.LeaderElection (LeaderElection.java:askForVotes(312)) - s2@group-CD87ED06CC9F-LeaderElection10 ELECTION round 0: result PASSED
2022-07-06 17:19:26,702 [s2@group-CD87ED06CC9F-LeaderElection10] INFO  impl.RoleInfo (RoleInfo.java:shutdownLeaderElection(130)) - s2: shutdown s2@group-CD87ED06CC9F-LeaderElection10
2022-07-06 17:19:26,702 [s2@group-CD87ED06CC9F-LeaderElection10] INFO  server.RaftServer$Division (RaftServerImpl.java:setRole(300)) - s2@group-CD87ED06CC9F: changes role from CANDIDATE to LEADER at term 4 for changeToLeader
2022-07-06 17:19:26,702 [s2@group-CD87ED06CC9F-LeaderElection10] INFO  server.RaftServer$Division (ServerState.java:setLeader(291)) - s2@group-CD87ED06CC9F: change Leader from null to s2 at term 4 for becomeLeader, leader elected after 128ms
2022-07-06 17:19:26,702 [s2@group-CD87ED06CC9F-LeaderElection10] INFO  server.RaftServerConfigKeys (ConfUtils.java:logGet(46)) - raft.server.staging.catchup.gap = 1000 (default)
2022-07-06 17:19:26,702 [s2@group-CD87ED06CC9F-LeaderElection10] INFO  server.RaftServerConfigKeys (ConfUtils.java:logGet(46)) - raft.server.write.element-limit = 4096 (default)
2022-07-06 17:19:26,702 [s2@group-CD87ED06CC9F-LeaderElection10] INFO  server.RaftServerConfigKeys (ConfUtils.java:logGet(46)) - raft.server.write.byte-limit = 64MB (=67108864) (default)
2022-07-06 17:19:26,704 [s2@group-CD87ED06CC9F-LeaderElection10] INFO  server.RaftServerConfigKeys (ConfUtils.java:logGet(46)) - raft.server.watch.timeout = 10s (default)
2022-07-06 17:19:26,704 [s2@group-CD87ED06CC9F-LeaderElection10] INFO  server.RaftServerConfigKeys (ConfUtils.java:logGet(46)) - raft.server.watch.timeout.denomination = 1s (default)
2022-07-06 17:19:26,704 [s2@group-CD87ED06CC9F-LeaderElection10] INFO  server.RaftServerConfigKeys (ConfUtils.java:logGet(46)) - raft.server.watch.element-limit = 65536 (default)
2022-07-06 17:19:26,704 [s2@group-CD87ED06CC9F-LeaderElection10] INFO  server.RaftServerConfigKeys (ConfUtils.java:logGet(46)) - raft.server.write.element-limit = 4096 (default)
2022-07-06 17:19:26,704 [s2@group-CD87ED06CC9F-LeaderElection10] INFO  server.RaftServerConfigKeys (ConfUtils.java:logGet(46)) - raft.server.write.follower.gap.ratio.max = -1.0 (default)
2022-07-06 17:19:26,704 [s2@group-CD87ED06CC9F-LeaderElection10] INFO  server.RaftServerConfigKeys (ConfUtils.java:logGet(46)) - raft.server.log.appender.snapshot.chunk.size.max = 16MB (=16777216) (default)
2022-07-06 17:19:26,705 [s2@group-CD87ED06CC9F-LeaderElection10] INFO  server.RaftServerConfigKeys (ConfUtils.java:logGet(46)) - raft.server.log.appender.buffer.byte-limit = 4MB (=4194304) (default)
2022-07-06 17:19:26,705 [s2@group-CD87ED06CC9F-LeaderElection10] INFO  server.RaftServerConfigKeys (ConfUtils.java:logGet(46)) - raft.server.log.appender.buffer.element-limit = 0 (default)
2022-07-06 17:19:26,705 [s2@group-CD87ED06CC9F-LeaderElection10] INFO  grpc.GrpcConfigKeys (ConfUtils.java:logGet(46)) - raft.grpc.server.leader.outstanding.appends.max = 128 (default)
2022-07-06 17:19:26,705 [s2@group-CD87ED06CC9F-LeaderElection10] INFO  server.RaftServerConfigKeys (ConfUtils.java:logGet(46)) - raft.server.rpc.request.timeout = 3000ms (default)
2022-07-06 17:19:26,705 [s2@group-CD87ED06CC9F-LeaderElection10] INFO  server.RaftServerConfigKeys (ConfUtils.java:logGet(46)) - raft.server.log.appender.install.snapshot.enabled = true (default)
2022-07-06 17:19:26,705 [s2@group-CD87ED06CC9F-LeaderElection10] INFO  server.RaftServerConfigKeys (ConfUtils.java:logGet(46)) - raft.server.log.appender.snapshot.chunk.size.max = 16MB (=16777216) (default)
2022-07-06 17:19:26,705 [s2@group-CD87ED06CC9F-LeaderElection10] INFO  server.RaftServerConfigKeys (ConfUtils.java:logGet(46)) - raft.server.log.appender.buffer.byte-limit = 4MB (=4194304) (default)
2022-07-06 17:19:26,705 [s2@group-CD87ED06CC9F-LeaderElection10] INFO  server.RaftServerConfigKeys (ConfUtils.java:logGet(46)) - raft.server.log.appender.buffer.element-limit = 0 (default)
2022-07-06 17:19:26,706 [s2@group-CD87ED06CC9F-LeaderElection10] INFO  grpc.GrpcConfigKeys (ConfUtils.java:logGet(46)) - raft.grpc.server.leader.outstanding.appends.max = 128 (default)
2022-07-06 17:19:26,706 [s2@group-CD87ED06CC9F-LeaderElection10] INFO  server.RaftServerConfigKeys (ConfUtils.java:logGet(46)) - raft.server.rpc.request.timeout = 3000ms (default)
2022-07-06 17:19:26,706 [s2@group-CD87ED06CC9F-LeaderElection10] INFO  server.RaftServerConfigKeys (ConfUtils.java:logGet(46)) - raft.server.log.appender.install.snapshot.enabled = true (default)
2022-07-06 17:19:26,706 [s2@group-CD87ED06CC9F-LeaderElection10] INFO  impl.RoleInfo (RoleInfo.java:updateAndGet(139)) - s2: start s2@group-CD87ED06CC9F-LeaderStateImpl
2022-07-06 17:19:26,712 [grpc-default-executor-5] INFO  server.RaftServer$Division (RaftServerImpl.java:requestVote(1173)) - s1@group-CD87ED06CC9F: receive requestVote(ELECTION, s2, group-CD87ED06CC9F, 4, (t:3, i:134))
2022-07-06 17:19:26,715 [grpc-default-executor-5] INFO  impl.VoteContext (VoteContext.java:log(48)) - s1@group-CD87ED06CC9F-FOLLOWER: accept ELECTION from s2: our priority 0 <= candidate's priority 0
2022-07-06 17:19:26,715 [grpc-default-executor-5] INFO  server.RaftServer$Division (RaftServerImpl.java:setRole(300)) - s1@group-CD87ED06CC9F: changes role from  FOLLOWER to FOLLOWER at term 4 for candidate:s2
2022-07-06 17:19:26,715 [grpc-default-executor-5] INFO  impl.RoleInfo (RoleInfo.java:shutdownFollowerState(110)) - s1: shutdown s1@group-CD87ED06CC9F-FollowerState
2022-07-06 17:19:26,715 [grpc-default-executor-5] INFO  impl.RoleInfo (RoleInfo.java:updateAndGet(139)) - s1: start s1@group-CD87ED06CC9F-FollowerState
2022-07-06 17:19:26,742 [s2@group-CD87ED06CC9F-LeaderElection10] INFO  segmented.SegmentedRaftLogWorker (SegmentedRaftLogWorker.java:rollLogSegment(430)) - s2@group-CD87ED06CC9F-SegmentedRaftLogWorker: Rolling segment log-65_134 to index:134
2022-07-06 17:19:26,747 [s2@group-CD87ED06CC9F-SegmentedRaftLogWorker] TRACE util.FileUtils (LogUtils.java:runAndLog(49)) - Successfully ran Files.move /home/runner/work/ratis/ratis/ratis-test/target/test/data/f67faa4/MiniRaftClusterWithRpcTypeGrpcAndDataStreamTypeNetty2681f6d6/s2/802761fa-1bbd-4ac8-a343-cd87ed06cc9f/current/log_inprogress_65 to /home/runner/work/ratis/ratis/ratis-test/target/test/data/f67faa4/MiniRaftClusterWithRpcTypeGrpcAndDataStreamTypeNetty2681f6d6/s2/802761fa-1bbd-4ac8-a343-cd87ed06cc9f/current/log_65-134
2022-07-06 17:19:26,747 [s2@group-CD87ED06CC9F-SegmentedRaftLogWorker] INFO  segmented.SegmentedRaftLogWorker (SegmentedRaftLogWorker.java:execute(586)) - s2@group-CD87ED06CC9F-SegmentedRaftLogWorker: Rolled log segment from /home/runner/work/ratis/ratis/ratis-test/target/test/data/f67faa4/MiniRaftClusterWithRpcTypeGrpcAndDataStreamTypeNetty2681f6d6/s2/802761fa-1bbd-4ac8-a343-cd87ed06cc9f/current/log_inprogress_65 to /home/runner/work/ratis/ratis/ratis-test/target/test/data/f67faa4/MiniRaftClusterWithRpcTypeGrpcAndDataStreamTypeNetty2681f6d6/s2/802761fa-1bbd-4ac8-a343-cd87ed06cc9f/current/log_65-134
2022-07-06 17:19:26,776 [s1@group-CD87ED06CC9F-FollowerState] INFO  impl.FollowerState (FollowerState.java:run(152)) - s1@group-CD87ED06CC9F-FollowerState was interrupted
2022-07-06 17:19:26,785 [s2@group-CD87ED06CC9F-LeaderElection10] INFO  server.RaftServer$Division (ServerState.java:setRaftConf(397)) - s2@group-CD87ED06CC9F: set configuration 135: [s0|rpc:localhost:46837|admin:localhost:40145|client:localhost:44183|dataStream:localhost:36771|priority:0, s1|rpc:localhost:36769|admin:localhost:40151|client:localhost:35673|dataStream:localhost:44419|priority:0, s2|rpc:localhost:42693|admin:localhost:37755|client:localhost:34689|dataStream:localhost:44561|priority:0], old=null
2022-07-06 17:19:26,789 [s2@group-CD87ED06CC9F-SegmentedRaftLogWorker] INFO  segmented.SegmentedRaftLogWorker (SegmentedRaftLogWorker.java:execute(629)) - s2@group-CD87ED06CC9F-SegmentedRaftLogWorker: created new log segment /home/runner/work/ratis/ratis/ratis-test/target/test/data/f67faa4/MiniRaftClusterWithRpcTypeGrpcAndDataStreamTypeNetty2681f6d6/s2/802761fa-1bbd-4ac8-a343-cd87ed06cc9f/current/log_inprogress_135
2022-07-06 17:19:26,807 [grpc-default-executor-5] INFO  server.RaftServer$Division (RaftServerImpl.java:requestVote(1205)) - s1@group-CD87ED06CC9F replies to ELECTION vote request: s2<-s1#0:OK-t4. Peer's state: s1@group-CD87ED06CC9F:t4, leader=null, voted=s2, raftlog=s1@group-CD87ED06CC9F-SegmentedRaftLog:OPENED:c129, conf=65: [s0|rpc:localhost:46837|admin:localhost:40145|client:localhost:44183|dataStream:localhost:36771|priority:0, s1|rpc:localhost:36769|admin:localhost:40151|client:localhost:35673|dataStream:localhost:44419|priority:0, s2|rpc:localhost:42693|admin:localhost:37755|client:localhost:34689|dataStream:localhost:44561|priority:0], old=null
2022-07-06 17:19:26,808 [s1-server-thread1] INFO  server.RaftServer$Division (ServerState.java:setLeader(291)) - s1@group-CD87ED06CC9F: change Leader from null to s2 at term 4 for appendEntries, leader elected after 223ms
2022-07-06 17:19:26,822 [s0-server-thread1] INFO  server.RaftServer$Division (ServerState.java:setLeader(291)) - s0@group-CD87ED06CC9F: change Leader from null to s2 at term 4 for appendEntries, leader elected after 134ms
2022-07-06 17:19:26,878 [s0-server-thread1] INFO  server.RaftServer$Division (ServerState.java:setRaftConf(397)) - s0@group-CD87ED06CC9F: set configuration 135: [s0|rpc:localhost:46837|admin:localhost:40145|client:localhost:44183|dataStream:localhost:36771|priority:0, s1|rpc:localhost:36769|admin:localhost:40151|client:localhost:35673|dataStream:localhost:44419|priority:0, s2|rpc:localhost:42693|admin:localhost:37755|client:localhost:34689|dataStream:localhost:44561|priority:0], old=null
2022-07-06 17:19:26,879 [s0-server-thread1] INFO  segmented.SegmentedRaftLogWorker (SegmentedRaftLogWorker.java:rollLogSegment(430)) - s0@group-CD87ED06CC9F-SegmentedRaftLogWorker: Rolling segment log-65_134 to index:134
2022-07-06 17:19:26,880 [s0@group-CD87ED06CC9F-SegmentedRaftLogWorker] TRACE util.FileUtils (LogUtils.java:runAndLog(49)) - Successfully ran Files.move /home/runner/work/ratis/ratis/ratis-test/target/test/data/f67faa4/MiniRaftClusterWithRpcTypeGrpcAndDataStreamTypeNetty2681f6d6/s0/802761fa-1bbd-4ac8-a343-cd87ed06cc9f/current/log_inprogress_65 to /home/runner/work/ratis/ratis/ratis-test/target/test/data/f67faa4/MiniRaftClusterWithRpcTypeGrpcAndDataStreamTypeNetty2681f6d6/s0/802761fa-1bbd-4ac8-a343-cd87ed06cc9f/current/log_65-134
2022-07-06 17:19:26,880 [s0@group-CD87ED06CC9F-SegmentedRaftLogWorker] INFO  segmented.SegmentedRaftLogWorker (SegmentedRaftLogWorker.java:execute(586)) - s0@group-CD87ED06CC9F-SegmentedRaftLogWorker: Rolled log segment from /home/runner/work/ratis/ratis/ratis-test/target/test/data/f67faa4/MiniRaftClusterWithRpcTypeGrpcAndDataStreamTypeNetty2681f6d6/s0/802761fa-1bbd-4ac8-a343-cd87ed06cc9f/current/log_inprogress_65 to /home/runner/work/ratis/ratis/ratis-test/target/test/data/f67faa4/MiniRaftClusterWithRpcTypeGrpcAndDataStreamTypeNetty2681f6d6/s0/802761fa-1bbd-4ac8-a343-cd87ed06cc9f/current/log_65-134
2022-07-06 17:19:26,912 [s1-server-thread1] INFO  server.RaftServer$Division (ServerState.java:setRaftConf(397)) - s1@group-CD87ED06CC9F: set configuration 135: [s0|rpc:localhost:46837|admin:localhost:40145|client:localhost:44183|dataStream:localhost:36771|priority:0, s1|rpc:localhost:36769|admin:localhost:40151|client:localhost:35673|dataStream:localhost:44419|priority:0, s2|rpc:localhost:42693|admin:localhost:37755|client:localhost:34689|dataStream:localhost:44561|priority:0], old=null
2022-07-06 17:19:26,913 [s1-server-thread1] INFO  segmented.SegmentedRaftLogWorker (SegmentedRaftLogWorker.java:rollLogSegment(430)) - s1@group-CD87ED06CC9F-SegmentedRaftLogWorker: Rolling segment log-65_134 to index:134
2022-07-06 17:19:26,915 [s1@group-CD87ED06CC9F-SegmentedRaftLogWorker] TRACE util.FileUtils (LogUtils.java:runAndLog(49)) - Successfully ran Files.move /home/runner/work/ratis/ratis/ratis-test/target/test/data/f67faa4/MiniRaftClusterWithRpcTypeGrpcAndDataStreamTypeNetty2681f6d6/s1/802761fa-1bbd-4ac8-a343-cd87ed06cc9f/current/log_inprogress_65 to /home/runner/work/ratis/ratis/ratis-test/target/test/data/f67faa4/MiniRaftClusterWithRpcTypeGrpcAndDataStreamTypeNetty2681f6d6/s1/802761fa-1bbd-4ac8-a343-cd87ed06cc9f/current/log_65-134
2022-07-06 17:19:26,915 [s1@group-CD87ED06CC9F-SegmentedRaftLogWorker] INFO  segmented.SegmentedRaftLogWorker (SegmentedRaftLogWorker.java:execute(586)) - s1@group-CD87ED06CC9F-SegmentedRaftLogWorker: Rolled log segment from /home/runner/work/ratis/ratis/ratis-test/target/test/data/f67faa4/MiniRaftClusterWithRpcTypeGrpcAndDataStreamTypeNetty2681f6d6/s1/802761fa-1bbd-4ac8-a343-cd87ed06cc9f/current/log_inprogress_65 to /home/runner/work/ratis/ratis/ratis-test/target/test/data/f67faa4/MiniRaftClusterWithRpcTypeGrpcAndDataStreamTypeNetty2681f6d6/s1/802761fa-1bbd-4ac8-a343-cd87ed06cc9f/current/log_65-134
2022-07-06 17:19:26,918 [s0@group-CD87ED06CC9F-SegmentedRaftLogWorker] INFO  segmented.SegmentedRaftLogWorker (SegmentedRaftLogWorker.java:execute(629)) - s0@group-CD87ED06CC9F-SegmentedRaftLogWorker: created new log segment /home/runner/work/ratis/ratis/ratis-test/target/test/data/f67faa4/MiniRaftClusterWithRpcTypeGrpcAndDataStreamTypeNetty2681f6d6/s0/802761fa-1bbd-4ac8-a343-cd87ed06cc9f/current/log_inprogress_135
2022-07-06 17:19:26,937 [s1@group-CD87ED06CC9F-SegmentedRaftLogWorker] INFO  segmented.SegmentedRaftLogWorker (SegmentedRaftLogWorker.java:execute(629)) - s1@group-CD87ED06CC9F-SegmentedRaftLogWorker: created new log segment /home/runner/work/ratis/ratis/ratis-test/target/test/data/f67faa4/MiniRaftClusterWithRpcTypeGrpcAndDataStreamTypeNetty2681f6d6/s1/802761fa-1bbd-4ac8-a343-cd87ed06cc9f/current/log_inprogress_135
2022-07-06 17:19:27,025 [s2-client-thread1] INFO  statemachine.StateMachine (DataStreamTestUtils.java:link(157)) - link null
2022-07-06 17:19:27,343 [s0@group-CD87ED06CC9F-FollowerState] INFO  impl.FollowerState (FollowerState.java:run(143)) - s0@group-CD87ED06CC9F-FollowerState: change to CANDIDATE, lastRpcElapsedTime:316975890ns, electionTimeout:287ms
2022-07-06 17:19:27,343 [s0@group-CD87ED06CC9F-FollowerState] INFO  impl.RoleInfo (RoleInfo.java:shutdownFollowerState(110)) - s0: shutdown s0@group-CD87ED06CC9F-FollowerState
2022-07-06 17:19:27,343 [s0@group-CD87ED06CC9F-FollowerState] INFO  server.RaftServer$Division (RaftServerImpl.java:setRole(300)) - s0@group-CD87ED06CC9F: changes role from  FOLLOWER to CANDIDATE at term 4 for changeToCandidate
2022-07-06 17:19:27,343 [s0@group-CD87ED06CC9F-FollowerState] INFO  server.RaftServerConfigKeys (ConfUtils.java:logGet(46)) - raft.server.leaderelection.pre-vote = true (default)
2022-07-06 17:19:27,343 [s0@group-CD87ED06CC9F-FollowerState] INFO  impl.RoleInfo (RoleInfo.java:updateAndGet(139)) - s0: start s0@group-CD87ED06CC9F-LeaderElection12
2022-07-06 17:19:27,399 [s0@group-CD87ED06CC9F-LeaderElection12] INFO  server.RaftServer$Division (ServerState.java:setLeader(291)) - s0@group-CD87ED06CC9F: change Leader from s2 to null at term 4 for PRE_VOTE
2022-07-06 17:19:27,400 [s0@group-CD87ED06CC9F-LeaderElection12] INFO  impl.LeaderElection (LeaderElection.java:askForVotes(310)) - s0@group-CD87ED06CC9F-LeaderElection12 PRE_VOTE round 0: submit vote requests at term 4 for 135: [s0|rpc:localhost:46837|admin:localhost:40145|client:localhost:44183|dataStream:localhost:36771|priority:0, s1|rpc:localhost:36769|admin:localhost:40151|client:localhost:35673|dataStream:localhost:44419|priority:0, s2|rpc:localhost:42693|admin:localhost:37755|client:localhost:34689|dataStream:localhost:44561|priority:0], old=null
2022-07-06 17:19:27,447 [s1@group-CD87ED06CC9F-FollowerState] INFO  impl.FollowerState (FollowerState.java:run(143)) - s1@group-CD87ED06CC9F-FollowerState: change to CANDIDATE, lastRpcElapsedTime:421018716ns, electionTimeout:198ms
2022-07-06 17:19:27,447 [s1@group-CD87ED06CC9F-FollowerState] INFO  impl.RoleInfo (RoleInfo.java:shutdownFollowerState(110)) - s1: shutdown s1@group-CD87ED06CC9F-FollowerState
2022-07-06 17:19:27,447 [s1@group-CD87ED06CC9F-FollowerState] INFO  server.RaftServer$Division (RaftServerImpl.java:setRole(300)) - s1@group-CD87ED06CC9F: changes role from  FOLLOWER to CANDIDATE at term 4 for changeToCandidate
2022-07-06 17:19:27,482 [grpc-default-executor-5] INFO  server.RaftServer$Division (RaftServerImpl.java:requestVote(1173)) - s1@group-CD87ED06CC9F: receive requestVote(PRE_VOTE, s0, group-CD87ED06CC9F, 4, (t:4, i:136))
2022-07-06 17:19:27,503 [s1@group-CD87ED06CC9F-FollowerState] INFO  server.RaftServerConfigKeys (ConfUtils.java:logGet(46)) - raft.server.leaderelection.pre-vote = true (default)
2022-07-06 17:19:27,503 [s1@group-CD87ED06CC9F-FollowerState] INFO  impl.RoleInfo (RoleInfo.java:updateAndGet(139)) - s1: start s1@group-CD87ED06CC9F-LeaderElection13
2022-07-06 17:19:27,504 [grpc-default-executor-5] INFO  impl.VoteContext (VoteContext.java:log(48)) - s1@group-CD87ED06CC9F-CANDIDATE: accept PRE_VOTE from s0: our priority 0 <= candidate's priority 0
2022-07-06 17:19:27,504 [grpc-default-executor-5] INFO  server.RaftServer$Division (RaftServerImpl.java:requestVote(1205)) - s1@group-CD87ED06CC9F replies to PRE_VOTE vote request: s0<-s1#0:OK-t4. Peer's state: s1@group-CD87ED06CC9F:t4, leader=s2, voted=s2, raftlog=s1@group-CD87ED06CC9F-SegmentedRaftLog:OPENED:c135, conf=135: [s0|rpc:localhost:46837|admin:localhost:40145|client:localhost:44183|dataStream:localhost:36771|priority:0, s1|rpc:localhost:36769|admin:localhost:40151|client:localhost:35673|dataStream:localhost:44419|priority:0, s2|rpc:localhost:42693|admin:localhost:37755|client:localhost:34689|dataStream:localhost:44561|priority:0], old=null
2022-07-06 17:19:27,505 [s0@group-CD87ED06CC9F-LeaderElection12] INFO  impl.LeaderElection (LeaderElection.java:logAndReturn(90)) - s0@group-CD87ED06CC9F-LeaderElection12: PRE_VOTE PASSED received 1 response(s) and 0 exception(s):
2022-07-06 17:19:27,505 [s0@group-CD87ED06CC9F-LeaderElection12] INFO  impl.LeaderElection (LeaderElection.java:logAndReturn(94)) -   Response 0: s0<-s1#0:OK-t4
2022-07-06 17:19:27,505 [s0@group-CD87ED06CC9F-LeaderElection12] INFO  impl.LeaderElection (LeaderElection.java:askForVotes(312)) - s0@group-CD87ED06CC9F-LeaderElection12 PRE_VOTE round 0: result PASSED
2022-07-06 17:19:27,507 [s1@group-CD87ED06CC9F-LeaderElection13] INFO  server.RaftServer$Division (ServerState.java:setLeader(291)) - s1@group-CD87ED06CC9F: change Leader from s2 to null at term 4 for PRE_VOTE
2022-07-06 17:19:27,507 [s1@group-CD87ED06CC9F-LeaderElection13] INFO  impl.LeaderElection (LeaderElection.java:askForVotes(310)) - s1@group-CD87ED06CC9F-LeaderElection13 PRE_VOTE round 0: submit vote requests at term 4 for 135: [s0|rpc:localhost:46837|admin:localhost:40145|client:localhost:44183|dataStream:localhost:36771|priority:0, s1|rpc:localhost:36769|admin:localhost:40151|client:localhost:35673|dataStream:localhost:44419|priority:0, s2|rpc:localhost:42693|admin:localhost:37755|client:localhost:34689|dataStream:localhost:44561|priority:0], old=null
2022-07-06 17:19:27,509 [s0@group-CD87ED06CC9F-LeaderElection12] INFO  impl.LeaderElection (LeaderElection.java:askForVotes(310)) - s0@group-CD87ED06CC9F-LeaderElection12 ELECTION round 0: submit vote requests at term 5 for 135: [s0|rpc:localhost:46837|admin:localhost:40145|client:localhost:44183|dataStream:localhost:36771|priority:0, s1|rpc:localhost:36769|admin:localhost:40151|client:localhost:35673|dataStream:localhost:44419|priority:0, s2|rpc:localhost:42693|admin:localhost:37755|client:localhost:34689|dataStream:localhost:44561|priority:0], old=null
2022-07-06 17:19:27,512 [grpc-default-executor-1] INFO  server.RaftServer$Division (RaftServerImpl.java:requestVote(1173)) - s2@group-CD87ED06CC9F: receive requestVote(PRE_VOTE, s0, group-CD87ED06CC9F, 4, (t:4, i:136))
2022-07-06 17:19:27,515 [grpc-default-executor-5] INFO  server.RaftServer$Division (RaftServerImpl.java:requestVote(1173)) - s0@group-CD87ED06CC9F: receive requestVote(PRE_VOTE, s1, group-CD87ED06CC9F, 4, (t:4, i:136))
2022-07-06 17:19:27,515 [grpc-default-executor-5] INFO  impl.VoteContext (VoteContext.java:log(48)) - s0@group-CD87ED06CC9F-CANDIDATE: accept PRE_VOTE from s1: our priority 0 <= candidate's priority 0
2022-07-06 17:19:27,515 [grpc-default-executor-5] INFO  server.RaftServer$Division (RaftServerImpl.java:requestVote(1205)) - s0@group-CD87ED06CC9F replies to PRE_VOTE vote request: s1<-s0#0:OK-t5. Peer's state: s0@group-CD87ED06CC9F:t5, leader=null, voted=s0, raftlog=s0@group-CD87ED06CC9F-SegmentedRaftLog:OPENED:c135, conf=135: [s0|rpc:localhost:46837|admin:localhost:40145|client:localhost:44183|dataStream:localhost:36771|priority:0, s1|rpc:localhost:36769|admin:localhost:40151|client:localhost:35673|dataStream:localhost:44419|priority:0, s2|rpc:localhost:42693|admin:localhost:37755|client:localhost:34689|dataStream:localhost:44561|priority:0], old=null
2022-07-06 17:19:27,546 [s1@group-CD87ED06CC9F-LeaderElection13] INFO  impl.LeaderElection (LeaderElection.java:logAndReturn(90)) - s1@group-CD87ED06CC9F-LeaderElection13: PRE_VOTE DISCOVERED_A_NEW_TERM (term=5) received 1 response(s) and 0 exception(s):
2022-07-06 17:19:27,546 [s1@group-CD87ED06CC9F-LeaderElection13] INFO  impl.LeaderElection (LeaderElection.java:logAndReturn(94)) -   Response 0: s1<-s0#0:OK-t5
2022-07-06 17:19:27,546 [s1@group-CD87ED06CC9F-LeaderElection13] INFO  impl.LeaderElection (LeaderElection.java:askForVotes(312)) - s1@group-CD87ED06CC9F-LeaderElection13 PRE_VOTE round 0: result DISCOVERED_A_NEW_TERM (term=5)
2022-07-06 17:19:27,546 [s1@group-CD87ED06CC9F-LeaderElection13] INFO  server.RaftServer$Division (RaftServerImpl.java:setRole(300)) - s1@group-CD87ED06CC9F: changes role from CANDIDATE to FOLLOWER at term 5 for DISCOVERED_A_NEW_TERM (term=5)
2022-07-06 17:19:27,547 [s1@group-CD87ED06CC9F-LeaderElection13] INFO  impl.RoleInfo (RoleInfo.java:shutdownLeaderElection(130)) - s1: shutdown s1@group-CD87ED06CC9F-LeaderElection13
2022-07-06 17:19:27,547 [s1@group-CD87ED06CC9F-LeaderElection13] INFO  impl.RoleInfo (RoleInfo.java:updateAndGet(139)) - s1: start s1@group-CD87ED06CC9F-FollowerState
2022-07-06 17:19:27,556 [grpc-default-executor-5] INFO  server.RaftServer$Division (RaftServerImpl.java:requestVote(1173)) - s2@group-CD87ED06CC9F: receive requestVote(PRE_VOTE, s1, group-CD87ED06CC9F, 4, (t:4, i:136))
2022-07-06 17:19:27,602 [grpc-default-executor-7] INFO  server.RaftServer$Division (RaftServerImpl.java:requestVote(1173)) - s1@group-CD87ED06CC9F: receive requestVote(ELECTION, s0, group-CD87ED06CC9F, 5, (t:4, i:136))
2022-07-06 17:19:27,602 [grpc-default-executor-7] INFO  impl.VoteContext (VoteContext.java:log(48)) - s1@group-CD87ED06CC9F-FOLLOWER: accept ELECTION from s0: our priority 0 <= candidate's priority 0
2022-07-06 17:19:27,603 [grpc-default-executor-7] INFO  server.RaftServer$Division (RaftServerImpl.java:setRole(300)) - s1@group-CD87ED06CC9F: changes role from  FOLLOWER to FOLLOWER at term 5 for candidate:s0
2022-07-06 17:19:27,603 [grpc-default-executor-7] INFO  impl.RoleInfo (RoleInfo.java:shutdownFollowerState(110)) - s1: shutdown s1@group-CD87ED06CC9F-FollowerState
2022-07-06 17:19:27,603 [grpc-default-executor-7] INFO  impl.RoleInfo (RoleInfo.java:updateAndGet(139)) - s1: start s1@group-CD87ED06CC9F-FollowerState
2022-07-06 17:19:27,603 [s1@group-CD87ED06CC9F-FollowerState] INFO  impl.FollowerState (FollowerState.java:run(152)) - s1@group-CD87ED06CC9F-FollowerState was interrupted
2022-07-06 17:19:27,607 [grpc-default-executor-4] INFO  server.RaftServer$Division (RaftServerImpl.java:requestVote(1173)) - s2@group-CD87ED06CC9F: receive requestVote(ELECTION, s0, group-CD87ED06CC9F, 5, (t:4, i:136))
2022-07-06 17:19:27,635 [grpc-default-executor-7] INFO  server.RaftServer$Division (RaftServerImpl.java:requestVote(1205)) - s1@group-CD87ED06CC9F replies to ELECTION vote request: s0<-s1#0:OK-t5. Peer's state: s1@group-CD87ED06CC9F:t5, leader=null, voted=s0, raftlog=s1@group-CD87ED06CC9F-SegmentedRaftLog:OPENED:c135, conf=135: [s0|rpc:localhost:46837|admin:localhost:40145|client:localhost:44183|dataStream:localhost:36771|priority:0, s1|rpc:localhost:36769|admin:localhost:40151|client:localhost:35673|dataStream:localhost:44419|priority:0, s2|rpc:localhost:42693|admin:localhost:37755|client:localhost:34689|dataStream:localhost:44561|priority:0], old=null
2022-07-06 17:19:27,636 [s0@group-CD87ED06CC9F-LeaderElection12] INFO  impl.LeaderElection (LeaderElection.java:logAndReturn(90)) - s0@group-CD87ED06CC9F-LeaderElection12: ELECTION PASSED received 1 response(s) and 0 exception(s):
2022-07-06 17:19:27,636 [s0@group-CD87ED06CC9F-LeaderElection12] INFO  impl.LeaderElection (LeaderElection.java:logAndReturn(94)) -   Response 0: s0<-s1#0:OK-t5
2022-07-06 17:19:27,636 [s0@group-CD87ED06CC9F-LeaderElection12] INFO  impl.LeaderElection (LeaderElection.java:askForVotes(312)) - s0@group-CD87ED06CC9F-LeaderElection12 ELECTION round 0: result PASSED
2022-07-06 17:19:27,636 [s0@group-CD87ED06CC9F-LeaderElection12] INFO  impl.RoleInfo (RoleInfo.java:shutdownLeaderElection(130)) - s0: shutdown s0@group-CD87ED06CC9F-LeaderElection12
2022-07-06 17:19:27,636 [s0@group-CD87ED06CC9F-LeaderElection12] INFO  server.RaftServer$Division (RaftServerImpl.java:setRole(300)) - s0@group-CD87ED06CC9F: changes role from CANDIDATE to LEADER at term 5 for changeToLeader
2022-07-06 17:19:27,636 [s0@group-CD87ED06CC9F-LeaderElection12] INFO  server.RaftServer$Division (ServerState.java:setLeader(291)) - s0@group-CD87ED06CC9F: change Leader from null to s0 at term 5 for becomeLeader, leader elected after 236ms
2022-07-06 17:19:27,636 [s0@group-CD87ED06CC9F-LeaderElection12] INFO  server.RaftServerConfigKeys (ConfUtils.java:logGet(46)) - raft.server.staging.catchup.gap = 1000 (default)
2022-07-06 17:19:27,636 [s0@group-CD87ED06CC9F-LeaderElection12] INFO  server.RaftServerConfigKeys (ConfUtils.java:logGet(46)) - raft.server.write.element-limit = 4096 (default)
2022-07-06 17:19:27,636 [s0@group-CD87ED06CC9F-LeaderElection12] INFO  server.RaftServerConfigKeys (ConfUtils.java:logGet(46)) - raft.server.write.byte-limit = 64MB (=67108864) (default)
2022-07-06 17:19:27,637 [s0@group-CD87ED06CC9F-LeaderElection12] INFO  server.RaftServerConfigKeys (ConfUtils.java:logGet(46)) - raft.server.watch.timeout = 10s (default)
2022-07-06 17:19:27,637 [s0@group-CD87ED06CC9F-LeaderElection12] INFO  server.RaftServerConfigKeys (ConfUtils.java:logGet(46)) - raft.server.watch.timeout.denomination = 1s (default)
2022-07-06 17:19:27,637 [s0@group-CD87ED06CC9F-LeaderElection12] INFO  server.RaftServerConfigKeys (ConfUtils.java:logGet(46)) - raft.server.watch.element-limit = 65536 (default)
2022-07-06 17:19:27,637 [s0@group-CD87ED06CC9F-LeaderElection12] INFO  server.RaftServerConfigKeys (ConfUtils.java:logGet(46)) - raft.server.write.element-limit = 4096 (default)
2022-07-06 17:19:27,637 [s0@group-CD87ED06CC9F-LeaderElection12] INFO  server.RaftServerConfigKeys (ConfUtils.java:logGet(46)) - raft.server.write.follower.gap.ratio.max = -1.0 (default)
2022-07-06 17:19:27,637 [s0@group-CD87ED06CC9F-LeaderElection12] INFO  server.RaftServerConfigKeys (ConfUtils.java:logGet(46)) - raft.server.log.appender.snapshot.chunk.size.max = 16MB (=16777216) (default)
2022-07-06 17:19:27,637 [s0@group-CD87ED06CC9F-LeaderElection12] INFO  server.RaftServerConfigKeys (ConfUtils.java:logGet(46)) - raft.server.log.appender.buffer.byte-limit = 4MB (=4194304) (default)
2022-07-06 17:19:27,637 [s0@group-CD87ED06CC9F-LeaderElection12] INFO  server.RaftServerConfigKeys (ConfUtils.java:logGet(46)) - raft.server.log.appender.buffer.element-limit = 0 (default)
2022-07-06 17:19:27,637 [s0@group-CD87ED06CC9F-LeaderElection12] INFO  grpc.GrpcConfigKeys (ConfUtils.java:logGet(46)) - raft.grpc.server.leader.outstanding.appends.max = 128 (default)
2022-07-06 17:19:27,638 [s0@group-CD87ED06CC9F-LeaderElection12] INFO  server.RaftServerConfigKeys (ConfUtils.java:logGet(46)) - raft.server.rpc.request.timeout = 3000ms (default)
2022-07-06 17:19:27,638 [s0@group-CD87ED06CC9F-LeaderElection12] INFO  server.RaftServerConfigKeys (ConfUtils.java:logGet(46)) - raft.server.log.appender.install.snapshot.enabled = true (default)
2022-07-06 17:19:27,638 [s0@group-CD87ED06CC9F-LeaderElection12] INFO  server.RaftServerConfigKeys (ConfUtils.java:logGet(46)) - raft.server.log.appender.snapshot.chunk.size.max = 16MB (=16777216) (default)
2022-07-06 17:19:27,639 [s0@group-CD87ED06CC9F-LeaderElection12] INFO  server.RaftServerConfigKeys (ConfUtils.java:logGet(46)) - raft.server.log.appender.buffer.byte-limit = 4MB (=4194304) (default)
2022-07-06 17:19:27,639 [s0@group-CD87ED06CC9F-LeaderElection12] INFO  server.RaftServerConfigKeys (ConfUtils.java:logGet(46)) - raft.server.log.appender.buffer.element-limit = 0 (default)
2022-07-06 17:19:27,639 [s0@group-CD87ED06CC9F-LeaderElection12] INFO  grpc.GrpcConfigKeys (ConfUtils.java:logGet(46)) - raft.grpc.server.leader.outstanding.appends.max = 128 (default)
2022-07-06 17:19:27,639 [s0@group-CD87ED06CC9F-LeaderElection12] INFO  server.RaftServerConfigKeys (ConfUtils.java:logGet(46)) - raft.server.rpc.request.timeout = 3000ms (default)
2022-07-06 17:19:27,640 [s0@group-CD87ED06CC9F-LeaderElection12] INFO  server.RaftServerConfigKeys (ConfUtils.java:logGet(46)) - raft.server.log.appender.install.snapshot.enabled = true (default)
2022-07-06 17:19:27,640 [s0@group-CD87ED06CC9F-LeaderElection12] INFO  impl.RoleInfo (RoleInfo.java:updateAndGet(139)) - s0: start s0@group-CD87ED06CC9F-LeaderStateImpl
2022-07-06 17:19:27,643 [s0@group-CD87ED06CC9F-LeaderElection12] INFO  segmented.SegmentedRaftLogWorker (SegmentedRaftLogWorker.java:rollLogSegment(430)) - s0@group-CD87ED06CC9F-SegmentedRaftLogWorker: Rolling segment log-135_136 to index:136
2022-07-06 17:19:27,645 [s0@group-CD87ED06CC9F-SegmentedRaftLogWorker] TRACE util.FileUtils (LogUtils.java:runAndLog(49)) - Successfully ran Files.move /home/runner/work/ratis/ratis/ratis-test/target/test/data/f67faa4/MiniRaftClusterWithRpcTypeGrpcAndDataStreamTypeNetty2681f6d6/s0/802761fa-1bbd-4ac8-a343-cd87ed06cc9f/current/log_inprogress_135 to /home/runner/work/ratis/ratis/ratis-test/target/test/data/f67faa4/MiniRaftClusterWithRpcTypeGrpcAndDataStreamTypeNetty2681f6d6/s0/802761fa-1bbd-4ac8-a343-cd87ed06cc9f/current/log_135-136
2022-07-06 17:19:27,645 [s0@group-CD87ED06CC9F-SegmentedRaftLogWorker] INFO  segmented.SegmentedRaftLogWorker (SegmentedRaftLogWorker.java:execute(586)) - s0@group-CD87ED06CC9F-SegmentedRaftLogWorker: Rolled log segment from /home/runner/work/ratis/ratis/ratis-test/target/test/data/f67faa4/MiniRaftClusterWithRpcTypeGrpcAndDataStreamTypeNetty2681f6d6/s0/802761fa-1bbd-4ac8-a343-cd87ed06cc9f/current/log_inprogress_135 to /home/runner/work/ratis/ratis/ratis-test/target/test/data/f67faa4/MiniRaftClusterWithRpcTypeGrpcAndDataStreamTypeNetty2681f6d6/s0/802761fa-1bbd-4ac8-a343-cd87ed06cc9f/current/log_135-136
2022-07-06 17:19:27,649 [pool-9-thread-11] INFO  datastream.DataStreamTestUtils (DataStreamTestUtils.java:writeAndCloseAndAssertReplies(320)) - Stream417: bytesWritten=3761419
2022-07-06 17:19:27,668 [s0@group-CD87ED06CC9F-SegmentedRaftLogWorker] INFO  segmented.SegmentedRaftLogWorker (SegmentedRaftLogWorker.java:execute(629)) - s0@group-CD87ED06CC9F-SegmentedRaftLogWorker: created new log segment /home/runner/work/ratis/ratis/ratis-test/target/test/data/f67faa4/MiniRaftClusterWithRpcTypeGrpcAndDataStreamTypeNetty2681f6d6/s0/802761fa-1bbd-4ac8-a343-cd87ed06cc9f/current/log_inprogress_137
2022-07-06 17:19:27,672 [s1-server-thread1] INFO  server.RaftServer$Division (ServerState.java:setLeader(291)) - s1@group-CD87ED06CC9F: change Leader from null to s0 at term 5 for appendEntries, leader elected after 164ms
2022-07-06 17:19:27,713 [s0@group-CD87ED06CC9F-LeaderElection12] INFO  server.RaftServer$Division (ServerState.java:setRaftConf(397)) - s0@group-CD87ED06CC9F: set configuration 137: [s0|rpc:localhost:46837|admin:localhost:40145|client:localhost:44183|dataStream:localhost:36771|priority:0, s1|rpc:localhost:36769|admin:localhost:40151|client:localhost:35673|dataStream:localhost:44419|priority:0, s2|rpc:localhost:42693|admin:localhost:37755|client:localhost:34689|dataStream:localhost:44561|priority:0], old=null
2022-07-06 17:19:27,740 [s1-server-thread1] INFO  server.RaftServer$Division (ServerState.java:setRaftConf(397)) - s1@group-CD87ED06CC9F: set configuration 137: [s0|rpc:localhost:46837|admin:localhost:40145|client:localhost:44183|dataStream:localhost:36771|priority:0, s1|rpc:localhost:36769|admin:localhost:40151|client:localhost:35673|dataStream:localhost:44419|priority:0, s2|rpc:localhost:42693|admin:localhost:37755|client:localhost:34689|dataStream:localhost:44561|priority:0], old=null
2022-07-06 17:19:27,740 [s1-server-thread1] INFO  segmented.SegmentedRaftLogWorker (SegmentedRaftLogWorker.java:rollLogSegment(430)) - s1@group-CD87ED06CC9F-SegmentedRaftLogWorker: Rolling segment log-135_136 to index:136
2022-07-06 17:19:27,741 [s1@group-CD87ED06CC9F-SegmentedRaftLogWorker] TRACE util.FileUtils (LogUtils.java:runAndLog(49)) - Successfully ran Files.move /home/runner/work/ratis/ratis/ratis-test/target/test/data/f67faa4/MiniRaftClusterWithRpcTypeGrpcAndDataStreamTypeNetty2681f6d6/s1/802761fa-1bbd-4ac8-a343-cd87ed06cc9f/current/log_inprogress_135 to /home/runner/work/ratis/ratis/ratis-test/target/test/data/f67faa4/MiniRaftClusterWithRpcTypeGrpcAndDataStreamTypeNetty2681f6d6/s1/802761fa-1bbd-4ac8-a343-cd87ed06cc9f/current/log_135-136
2022-07-06 17:19:27,741 [s1@group-CD87ED06CC9F-SegmentedRaftLogWorker] INFO  segmented.SegmentedRaftLogWorker (SegmentedRaftLogWorker.java:execute(586)) - s1@group-CD87ED06CC9F-SegmentedRaftLogWorker: Rolled log segment from /home/runner/work/ratis/ratis/ratis-test/target/test/data/f67faa4/MiniRaftClusterWithRpcTypeGrpcAndDataStreamTypeNetty2681f6d6/s1/802761fa-1bbd-4ac8-a343-cd87ed06cc9f/current/log_inprogress_135 to /home/runner/work/ratis/ratis/ratis-test/target/test/data/f67faa4/MiniRaftClusterWithRpcTypeGrpcAndDataStreamTypeNetty2681f6d6/s1/802761fa-1bbd-4ac8-a343-cd87ed06cc9f/current/log_135-136
2022-07-06 17:19:27,772 [s1@group-CD87ED06CC9F-SegmentedRaftLogWorker] INFO  segmented.SegmentedRaftLogWorker (SegmentedRaftLogWorker.java:execute(629)) - s1@group-CD87ED06CC9F-SegmentedRaftLogWorker: created new log segment /home/runner/work/ratis/ratis/ratis-test/target/test/data/f67faa4/MiniRaftClusterWithRpcTypeGrpcAndDataStreamTypeNetty2681f6d6/s1/802761fa-1bbd-4ac8-a343-cd87ed06cc9f/current/log_inprogress_137
2022-07-06 17:19:27,941 [s0-client-thread2] INFO  statemachine.StateMachine (DataStreamTestUtils.java:link(157)) - link SingleDataStream: writeRequest=RaftClientRequest:client-28EEF3AC7A00->s1@group-CD87ED06CC9F, cid=417, seq=0, DataStream, Message:<EMPTY>, logEntry=null
2022-07-06 17:19:27,942 [s1-server-thread1] INFO  statemachine.StateMachine (DataStreamTestUtils.java:link(157)) - link SingleDataStream: writeRequest=RaftClientRequest:client-28EEF3AC7A00->s1@group-CD87ED06CC9F, cid=417, seq=0, DataStream, Message:<EMPTY>, logEntry=null
2022-07-06 17:19:27,963 [pool-9-thread-11] INFO  datastream.DataStreamTestUtils (DataStreamTestUtils.java:writeAndCloseAndAssertReplies(311)) - start Stream454
2022-07-06 17:19:28,022 [s2-server-thread1] INFO  server.RaftServer$Division (ServerState.java:setLeader(291)) - s2@group-CD87ED06CC9F: change Leader from s2 to null at term 5 for updateCurrentTerm
2022-07-06 17:19:28,023 [s2-server-thread1] INFO  server.RaftServer$Division (RaftServerImpl.java:setRole(300)) - s2@group-CD87ED06CC9F: changes role from    LEADER to FOLLOWER at term 5 for appendEntries
2022-07-06 17:19:28,023 [s2-server-thread1] INFO  impl.RoleInfo (RoleInfo.java:shutdownLeaderState(93)) - s2: shutdown s2@group-CD87ED06CC9F-LeaderStateImpl
2022-07-06 17:19:28,033 [grpc-default-executor-3] INFO  server.GrpcServerProtocolService (GrpcServerProtocolService.java:onCompleted(140)) - s0: Completed APPEND_ENTRIES, lastRequest: s2->s0#12-t4,previous=(t:4, i:136),leaderCommit=135,initializing? true,entries: size=1, first=(t:4, i:137), STATEMACHINELOGENTRY, 447@client-DD80B7885CE5
2022-07-06 17:19:28,035 [s2-server-thread1] INFO  impl.PendingRequests (PendingRequests.java:sendNotLeaderResponses(282)) - s2@group-CD87ED06CC9F-PendingRequests: sendNotLeaderResponses
2022-07-06 17:19:28,048 [s2@group-CD87ED06CC9F->s1-GrpcLogAppender-LogAppenderDaemon] WARN  server.GrpcLogAppender (GrpcLogAppender.java:mayWait(172)) - s2@group-CD87ED06CC9F->s1-GrpcLogAppender: Wait interrupted by java.lang.InterruptedException
2022-07-06 17:19:28,111 [s2-server-thread1] INFO  impl.RoleInfo (RoleInfo.java:updateAndGet(139)) - s2: start s2@group-CD87ED06CC9F-FollowerState
2022-07-06 17:19:28,115 [grpc-default-executor-3] INFO  server.GrpcServerProtocolService (GrpcServerProtocolService.java:onCompleted(140)) - s1: Completed APPEND_ENTRIES, lastRequest: s2->s1#12-t4,previous=(t:4, i:136),leaderCommit=135,initializing? true,entries: size=1, first=(t:4, i:137), STATEMACHINELOGENTRY, 447@client-DD80B7885CE5
2022-07-06 17:19:28,119 [s2-server-thread1] INFO  server.RaftServer$Division (ServerState.java:setLeader(291)) - s2@group-CD87ED06CC9F: change Leader from null to s0 at term 5 for appendEntries, leader elected after 96ms
2022-07-06 17:19:28,119 [grpc-default-executor-4] INFO  impl.VoteContext (VoteContext.java:log(48)) - s2@group-CD87ED06CC9F-FOLLOWER: reject ELECTION from s0: this server is a follower and still has a valid leader s0
2022-07-06 17:19:28,119 [grpc-default-executor-4] INFO  server.RaftServer$Division (RaftServerImpl.java:requestVote(1205)) - s2@group-CD87ED06CC9F replies to ELECTION vote request: s0<-s2#0:FAIL-t5. Peer's state: s2@group-CD87ED06CC9F:t5, leader=s0, voted=null, raftlog=s2@group-CD87ED06CC9F-SegmentedRaftLog:OPENED:c135, conf=135: [s0|rpc:localhost:46837|admin:localhost:40145|client:localhost:44183|dataStream:localhost:36771|priority:0, s1|rpc:localhost:36769|admin:localhost:40151|client:localhost:35673|dataStream:localhost:44419|priority:0, s2|rpc:localhost:42693|admin:localhost:37755|client:localhost:34689|dataStream:localhost:44561|priority:0], old=null
2022-07-06 17:19:28,119 [grpc-default-executor-5] INFO  impl.VoteContext (VoteContext.java:log(48)) - s2@group-CD87ED06CC9F-FOLLOWER: reject PRE_VOTE from s1: this server is a follower and still has a valid leader s0
2022-07-06 17:19:28,120 [grpc-default-executor-5] INFO  server.RaftServer$Division (RaftServerImpl.java:requestVote(1205)) - s2@group-CD87ED06CC9F replies to PRE_VOTE vote request: s1<-s2#0:FAIL-t5. Peer's state: s2@group-CD87ED06CC9F:t5, leader=s0, voted=null, raftlog=s2@group-CD87ED06CC9F-SegmentedRaftLog:OPENED:c135, conf=135: [s0|rpc:localhost:46837|admin:localhost:40145|client:localhost:44183|dataStream:localhost:36771|priority:0, s1|rpc:localhost:36769|admin:localhost:40151|client:localhost:35673|dataStream:localhost:44419|priority:0, s2|rpc:localhost:42693|admin:localhost:37755|client:localhost:34689|dataStream:localhost:44561|priority:0], old=null
2022-07-06 17:19:28,120 [grpc-default-executor-1] INFO  impl.VoteContext (VoteContext.java:log(48)) - s2@group-CD87ED06CC9F-FOLLOWER: reject PRE_VOTE from s0: this server is a follower and still has a valid leader s0
2022-07-06 17:19:28,120 [grpc-default-executor-1] INFO  server.RaftServer$Division (RaftServerImpl.java:requestVote(1205)) - s2@group-CD87ED06CC9F replies to PRE_VOTE vote request: s0<-s2#0:FAIL-t5. Peer's state: s2@group-CD87ED06CC9F:t5, leader=s0, voted=null, raftlog=s2@group-CD87ED06CC9F-SegmentedRaftLog:OPENED:c135, conf=135: [s0|rpc:localhost:46837|admin:localhost:40145|client:localhost:44183|dataStream:localhost:36771|priority:0, s1|rpc:localhost:36769|admin:localhost:40151|client:localhost:35673|dataStream:localhost:44419|priority:0, s2|rpc:localhost:42693|admin:localhost:37755|client:localhost:34689|dataStream:localhost:44561|priority:0], old=null
2022-07-06 17:19:28,221 [grpc-default-executor-4] INFO  server.GrpcLogAppender (GrpcLogAppender.java:onCompleted(340)) - s2@group-CD87ED06CC9F->s0-AppendLogResponseHandler: follower responses appendEntries COMPLETED
2022-07-06 17:19:28,223 [s2-server-thread1] INFO  server.RaftServer$Division (ServerState.java:setRaftConf(397)) - s2@group-CD87ED06CC9F: set configuration 137: [s0|rpc:localhost:46837|admin:localhost:40145|client:localhost:44183|dataStream:localhost:36771|priority:0, s1|rpc:localhost:36769|admin:localhost:40151|client:localhost:35673|dataStream:localhost:44419|priority:0, s2|rpc:localhost:42693|admin:localhost:37755|client:localhost:34689|dataStream:localhost:44561|priority:0], old=null
2022-07-06 17:19:28,222 [grpc-default-executor-3] INFO  server.GrpcLogAppender (GrpcLogAppender.java:onCompleted(340)) - s2@group-CD87ED06CC9F->s1-AppendLogResponseHandler: follower responses appendEntries COMPLETED
2022-07-06 17:19:28,235 [grpc-default-executor-3] INFO  leader.FollowerInfo (FollowerInfoImpl.java:lambda$new$0(48)) - s2@group-CD87ED06CC9F->s1: nextIndex: updateUnconditionally 138 -> 137
2022-07-06 17:19:28,235 [grpc-default-executor-4] INFO  leader.FollowerInfo (FollowerInfoImpl.java:lambda$new$0(48)) - s2@group-CD87ED06CC9F->s0: nextIndex: updateUnconditionally 138 -> 137
2022-07-06 17:19:28,237 [s2-server-thread1] INFO  segmented.SegmentedRaftLogWorker (SegmentedRaftLogWorker.java:truncate(441)) - s2@group-CD87ED06CC9F-SegmentedRaftLogWorker: Truncating segments toTruncate: (135, 137) isOpen? true, length=259, newEndIndex=136
  toDelete: [], start index 137
2022-07-06 17:19:28,238 [s2-server-thread1] INFO  segmented.SegmentedRaftLogWorker (SegmentedRaftLogWorker.java:startLogSegment(425)) - s2@group-CD87ED06CC9F-SegmentedRaftLogWorker: Starting segment from index:137
2022-07-06 17:19:28,579 [s2-server-thread2] INFO  statemachine.StateMachine (DataStreamTestUtils.java:link(157)) - link SingleDataStream: writeRequest=RaftClientRequest:client-28EEF3AC7A00->s1@group-CD87ED06CC9F, cid=417, seq=0, DataStream, Message:<EMPTY>, logEntry=null
2022-07-06 17:19:30,761 [java.util.concurrent.ThreadPoolExecutor$Worker@653655ad[State = -1, empty queue]] WARN  server.GrpcLogAppender (GrpcLogAppender.java:timeoutAppendRequest(240)) - s0@group-CD87ED06CC9F->s2-GrpcLogAppender:  appendEntries Timeout, request=AppendEntriesRequest:cid=1,entriesCount=1,lastEntry=(t:5, i:137)
2022-07-06 17:19:31,057 [pool-9-thread-12] INFO  datastream.DataStreamTestUtils (DataStreamTestUtils.java:writeAndCloseAndAssertReplies(320)) - Stream419: bytesWritten=3716817
2022-07-06 17:19:31,077 [s0-client-thread2] INFO  statemachine.StateMachine (DataStreamTestUtils.java:link(157)) - link SingleDataStream: writeRequest=RaftClientRequest:client-28EEF3AC7A00->s1@group-CD87ED06CC9F, cid=419, seq=0, DataStream, Message:<EMPTY>, logEntry=null
2022-07-06 17:19:31,078 [s1-server-thread1] INFO  statemachine.StateMachine (DataStreamTestUtils.java:link(157)) - link SingleDataStream: writeRequest=RaftClientRequest:client-28EEF3AC7A00->s1@group-CD87ED06CC9F, cid=419, seq=0, DataStream, Message:<EMPTY>, logEntry=null
2022-07-06 17:19:31,078 [s2-server-thread2] INFO  statemachine.StateMachine (DataStreamTestUtils.java:link(157)) - link SingleDataStream: writeRequest=RaftClientRequest:client-28EEF3AC7A00->s1@group-CD87ED06CC9F, cid=419, seq=0, DataStream, Message:<EMPTY>, logEntry=null
2022-07-06 17:19:31,136 [pool-9-thread-12] INFO  datastream.DataStreamTestUtils (DataStreamTestUtils.java:writeAndCloseAndAssertReplies(311)) - start Stream455
2022-07-06 17:19:31,241 [java.util.concurrent.ThreadPoolExecutor$Worker@38169475[State = -1, empty queue]] WARN  server.GrpcLogAppender (GrpcLogAppender.java:timeoutAppendRequest(240)) - s0@group-CD87ED06CC9F->s2-GrpcLogAppender:  appendEntries Timeout, request=AppendEntriesRequest:cid=16,entriesCount=3,lastEntry=(t:5, i:140)
2022-07-06 17:19:31,456 [pool-9-thread-13] INFO  datastream.DataStreamTestUtils (DataStreamTestUtils.java:writeAndCloseAndAssertReplies(320)) - Stream418: bytesWritten=3759726
2022-07-06 17:19:31,464 [s0-client-thread2] INFO  statemachine.StateMachine (DataStreamTestUtils.java:link(157)) - link SingleDataStream: writeRequest=RaftClientRequest:client-28EEF3AC7A00->s1@group-CD87ED06CC9F, cid=418, seq=0, DataStream, Message:<EMPTY>, logEntry=null
2022-07-06 17:19:31,465 [s2-server-thread2] INFO  statemachine.StateMachine (DataStreamTestUtils.java:link(157)) - link SingleDataStream: writeRequest=RaftClientRequest:client-28EEF3AC7A00->s1@group-CD87ED06CC9F, cid=418, seq=0, DataStream, Message:<EMPTY>, logEntry=null
2022-07-06 17:19:31,468 [s1-server-thread1] INFO  statemachine.StateMachine (DataStreamTestUtils.java:link(157)) - link SingleDataStream: writeRequest=RaftClientRequest:client-28EEF3AC7A00->s1@group-CD87ED06CC9F, cid=418, seq=0, DataStream, Message:<EMPTY>, logEntry=null
2022-07-06 17:19:31,602 [pool-9-thread-13] INFO  datastream.DataStreamTestUtils (DataStreamTestUtils.java:writeAndCloseAndAssertReplies(311)) - start Stream456
2022-07-06 17:19:33,586 [Timer-2] INFO  impl.MiniRaftCluster (MiniRaftCluster.java:lambda$null$6(323)) - TIMED-PRINT: printing ALL groups
  s0:  RUNNING    LEADER s0@group-CD87ED06CC9F:t5, leader=s0, voted=s0, raftlog=s0@group-CD87ED06CC9F-SegmentedRaftLog:OPENED:c144, conf=137: [s0|rpc:localhost:46837|admin:localhost:40145|client:localhost:44183|dataStream:localhost:36771|priority:0, s1|rpc:localhost:36769|admin:localhost:40151|client:localhost:35673|dataStream:localhost:44419|priority:0, s2|rpc:localhost:42693|admin:localhost:37755|client:localhost:34689|dataStream:localhost:44561|priority:0], old=null RUNNING
  s1:  RUNNING  FOLLOWER s1@group-CD87ED06CC9F:t5, leader=s0, voted=s0, raftlog=s1@group-CD87ED06CC9F-SegmentedRaftLog:OPENED:c144, conf=137: [s0|rpc:localhost:46837|admin:localhost:40145|client:localhost:44183|dataStream:localhost:36771|priority:0, s1|rpc:localhost:36769|admin:localhost:40151|client:localhost:35673|dataStream:localhost:44419|priority:0, s2|rpc:localhost:42693|admin:localhost:37755|client:localhost:34689|dataStream:localhost:44561|priority:0], old=null RUNNING
  s2:  RUNNING  FOLLOWER s2@group-CD87ED06CC9F:t5, leader=s0, voted=null, raftlog=s2@group-CD87ED06CC9F-SegmentedRaftLog:OPENED:c136, conf=137: [s0|rpc:localhost:46837|admin:localhost:40145|client:localhost:44183|dataStream:localhost:36771|priority:0, s1|rpc:localhost:36769|admin:localhost:40151|client:localhost:35673|dataStream:localhost:44419|priority:0, s2|rpc:localhost:42693|admin:localhost:37755|client:localhost:34689|dataStream:localhost:44561|priority:0], old=null RUNNING
2022-07-06 17:19:34,431 [java.util.concurrent.ThreadPoolExecutor$Worker@57cb0f54[State = -1, empty queue]] WARN  grpc.GrpcUtil (GrpcUtil.java:shutdownManagedChannel(216)) - Timed out gracefully shutting down connection: ManagedChannelOrphanWrapper{delegate=ManagedChannelImpl{logId=468, target=localhost:44183}}. 
2022-07-06 17:19:34,857 [java.util.concurrent.ThreadPoolExecutor$Worker@57cb0f54[State = -1, empty queue]] WARN  server.GrpcLogAppender (GrpcLogAppender.java:timeoutAppendRequest(240)) - s0@group-CD87ED06CC9F->s2-GrpcLogAppender:  appendEntries Timeout, request=AppendEntriesRequest:cid=328,entriesCount=1,lastEntry=(t:5, i:141)
2022-07-06 17:19:34,868 [java.util.concurrent.ThreadPoolExecutor$Worker@57cb0f54[State = -1, empty queue]] WARN  server.GrpcLogAppender (GrpcLogAppender.java:timeoutAppendRequest(240)) - s0@group-CD87ED06CC9F->s2-GrpcLogAppender:  appendEntries Timeout, request=AppendEntriesRequest:cid=334,entriesCount=1,lastEntry=(t:5, i:142)
2022-07-06 17:19:34,889 [java.util.concurrent.ThreadPoolExecutor$Worker@57cb0f54[State = -1, empty queue]] WARN  server.GrpcLogAppender (GrpcLogAppender.java:timeoutAppendRequest(240)) - s0@group-CD87ED06CC9F->s2-GrpcLogAppender:  appendEntries Timeout, request=AppendEntriesRequest:cid=375,entriesCount=1,lastEntry=(t:5, i:143)
2022-07-06 17:19:34,925 [java.util.concurrent.ThreadPoolExecutor$Worker@57cb0f54[State = -1, empty queue]] WARN  server.GrpcLogAppender (GrpcLogAppender.java:timeoutAppendRequest(240)) - s0@group-CD87ED06CC9F->s2-GrpcLogAppender:  appendEntries Timeout, request=AppendEntriesRequest:cid=381,entriesCount=1,lastEntry=(t:5, i:144)
2022-07-06 17:19:39,136 [pool-9-thread-5] INFO  datastream.DataStreamTestUtils (DataStreamTestUtils.java:writeAndCloseAndAssertReplies(320)) - Stream420: bytesWritten=3744997
2022-07-06 17:19:39,140 [s0-client-thread2] INFO  statemachine.StateMachine (DataStreamTestUtils.java:link(157)) - link SingleDataStream: writeRequest=RaftClientRequest:client-28EEF3AC7A00->s1@group-CD87ED06CC9F, cid=420, seq=0, DataStream, Message:<EMPTY>, logEntry=null
2022-07-06 17:19:39,143 [s2-server-thread2] INFO  statemachine.StateMachine (DataStreamTestUtils.java:link(157)) - link SingleDataStream: writeRequest=RaftClientRequest:client-28EEF3AC7A00->s1@group-CD87ED06CC9F, cid=420, seq=0, DataStream, Message:<EMPTY>, logEntry=null
2022-07-06 17:19:39,144 [s1-server-thread1] INFO  statemachine.StateMachine (DataStreamTestUtils.java:link(157)) - link SingleDataStream: writeRequest=RaftClientRequest:client-28EEF3AC7A00->s1@group-CD87ED06CC9F, cid=420, seq=0, DataStream, Message:<EMPTY>, logEntry=null
2022-07-06 17:19:39,158 [pool-9-thread-5] INFO  datastream.DataStreamTestUtils (DataStreamTestUtils.java:writeAndCloseAndAssertReplies(311)) - start Stream457
2022-07-06 17:19:39,163 [pool-9-thread-10] INFO  datastream.DataStreamTestUtils (DataStreamTestUtils.java:writeAndCloseAndAssertReplies(320)) - Stream448: bytesWritten=3757107
2022-07-06 17:19:39,166 [pool-9-thread-9] INFO  datastream.DataStreamTestUtils (DataStreamTestUtils.java:writeAndCloseAndAssertReplies(320)) - Stream449: bytesWritten=3737433
2022-07-06 17:19:39,169 [s0-client-thread2] INFO  statemachine.StateMachine (DataStreamTestUtils.java:link(157)) - link SingleDataStream: writeRequest=RaftClientRequest:client-28EEF3AC7A00->s1@group-CD87ED06CC9F, cid=448, seq=0, DataStream, Message:<EMPTY>, logEntry=null
2022-07-06 17:19:39,169 [s1-server-thread1] INFO  statemachine.StateMachine (DataStreamTestUtils.java:link(157)) - link SingleDataStream: writeRequest=RaftClientRequest:client-28EEF3AC7A00->s1@group-CD87ED06CC9F, cid=448, seq=0, DataStream, Message:<EMPTY>, logEntry=null
2022-07-06 17:19:39,170 [s2-server-thread2] INFO  statemachine.StateMachine (DataStreamTestUtils.java:link(157)) - link SingleDataStream: writeRequest=RaftClientRequest:client-28EEF3AC7A00->s1@group-CD87ED06CC9F, cid=448, seq=0, DataStream, Message:<EMPTY>, logEntry=null
2022-07-06 17:19:39,172 [s0-client-thread2] INFO  statemachine.StateMachine (DataStreamTestUtils.java:link(157)) - link SingleDataStream: writeRequest=RaftClientRequest:client-28EEF3AC7A00->s1@group-CD87ED06CC9F, cid=449, seq=0, DataStream, Message:<EMPTY>, logEntry=null
2022-07-06 17:19:39,177 [s2-server-thread2] INFO  statemachine.StateMachine (DataStreamTestUtils.java:link(157)) - link SingleDataStream: writeRequest=RaftClientRequest:client-28EEF3AC7A00->s1@group-CD87ED06CC9F, cid=449, seq=0, DataStream, Message:<EMPTY>, logEntry=null
2022-07-06 17:19:39,177 [pool-9-thread-10] INFO  datastream.DataStreamTestUtils (DataStreamTestUtils.java:writeAndCloseAndAssertReplies(311)) - start Stream458
2022-07-06 17:19:39,178 [s1-server-thread1] INFO  statemachine.StateMachine (DataStreamTestUtils.java:link(157)) - link SingleDataStream: writeRequest=RaftClientRequest:client-28EEF3AC7A00->s1@group-CD87ED06CC9F, cid=449, seq=0, DataStream, Message:<EMPTY>, logEntry=null
2022-07-06 17:19:39,180 [pool-9-thread-9] INFO  datastream.DataStreamTestUtils (DataStreamTestUtils.java:writeAndCloseAndAssertReplies(311)) - start Stream459
2022-07-06 17:19:40,686 [java.util.concurrent.ThreadPoolExecutor$Worker@398bbc04[State = -1, empty queue]] WARN  grpc.GrpcUtil (GrpcUtil.java:shutdownManagedChannel(216)) - Timed out gracefully shutting down connection: ManagedChannelOrphanWrapper{delegate=ManagedChannelImpl{logId=482, target=localhost:44183}}. 
2022-07-06 17:19:42,141 [java.util.concurrent.ThreadPoolExecutor$Worker@398bbc04[State = -1, empty queue]] WARN  server.GrpcLogAppender (GrpcLogAppender.java:timeoutAppendRequest(240)) - s0@group-CD87ED06CC9F->s2-GrpcLogAppender:  appendEntries Timeout, request=AppendEntriesRequest:cid=1164,entriesCount=1,lastEntry=(t:5, i:145)
2022-07-06 17:19:42,158 [java.util.concurrent.ThreadPoolExecutor$Worker@398bbc04[State = -1, empty queue]] WARN  server.GrpcLogAppender (GrpcLogAppender.java:timeoutAppendRequest(240)) - s0@group-CD87ED06CC9F->s2-GrpcLogAppender:  appendEntries Timeout, request=AppendEntriesRequest:cid=1166,entriesCount=1,lastEntry=(t:5, i:146)
2022-07-06 17:19:42,169 [java.util.concurrent.ThreadPoolExecutor$Worker@398bbc04[State = -1, empty queue]] WARN  server.GrpcLogAppender (GrpcLogAppender.java:timeoutAppendRequest(240)) - s0@group-CD87ED06CC9F->s2-GrpcLogAppender:  appendEntries Timeout, request=AppendEntriesRequest:cid=1169,entriesCount=1,lastEntry=(t:5, i:147)
2022-07-06 17:19:42,173 [java.util.concurrent.ThreadPoolExecutor$Worker@398bbc04[State = -1, empty queue]] WARN  server.GrpcLogAppender (GrpcLogAppender.java:timeoutAppendRequest(240)) - s0@group-CD87ED06CC9F->s2-GrpcLogAppender:  appendEntries Timeout, request=AppendEntriesRequest:cid=1170,entriesCount=1,lastEntry=(t:5, i:148)
2022-07-06 17:19:42,176 [java.util.concurrent.ThreadPoolExecutor$Worker@398bbc04[State = -1, empty queue]] WARN  server.GrpcLogAppender (GrpcLogAppender.java:timeoutAppendRequest(240)) - s0@group-CD87ED06CC9F->s2-GrpcLogAppender:  appendEntries Timeout, request=AppendEntriesRequest:cid=1172,entriesCount=1,lastEntry=(t:5, i:149)
2022-07-06 17:19:42,180 [java.util.concurrent.ThreadPoolExecutor$Worker@398bbc04[State = -1, empty queue]] WARN  server.GrpcLogAppender (GrpcLogAppender.java:timeoutAppendRequest(240)) - s0@group-CD87ED06CC9F->s2-GrpcLogAppender:  appendEntries Timeout, request=AppendEntriesRequest:cid=1173,entriesCount=1,lastEntry=(t:5, i:150)
2022-07-06 17:19:43,585 [Timer-2] INFO  impl.MiniRaftCluster (MiniRaftCluster.java:lambda$null$6(323)) - TIMED-PRINT: printing ALL groups
  s0:  RUNNING    LEADER s0@group-CD87ED06CC9F:t5, leader=s0, voted=s0, raftlog=s0@group-CD87ED06CC9F-SegmentedRaftLog:OPENED:c150, conf=137: [s0|rpc:localhost:46837|admin:localhost:40145|client:localhost:44183|dataStream:localhost:36771|priority:0, s1|rpc:localhost:36769|admin:localhost:40151|client:localhost:35673|dataStream:localhost:44419|priority:0, s2|rpc:localhost:42693|admin:localhost:37755|client:localhost:34689|dataStream:localhost:44561|priority:0], old=null RUNNING
  s1:  RUNNING  FOLLOWER s1@group-CD87ED06CC9F:t5, leader=s0, voted=s0, raftlog=s1@group-CD87ED06CC9F-SegmentedRaftLog:OPENED:c150, conf=137: [s0|rpc:localhost:46837|admin:localhost:40145|client:localhost:44183|dataStream:localhost:36771|priority:0, s1|rpc:localhost:36769|admin:localhost:40151|client:localhost:35673|dataStream:localhost:44419|priority:0, s2|rpc:localhost:42693|admin:localhost:37755|client:localhost:34689|dataStream:localhost:44561|priority:0], old=null RUNNING
  s2:  RUNNING  FOLLOWER s2@group-CD87ED06CC9F:t5, leader=s0, voted=null, raftlog=s2@group-CD87ED06CC9F-SegmentedRaftLog:OPENED:c136, conf=137: [s0|rpc:localhost:46837|admin:localhost:40145|client:localhost:44183|dataStream:localhost:36771|priority:0, s1|rpc:localhost:36769|admin:localhost:40151|client:localhost:35673|dataStream:localhost:44419|priority:0, s2|rpc:localhost:42693|admin:localhost:37755|client:localhost:34689|dataStream:localhost:44561|priority:0], old=null RUNNING
2022-07-06 17:19:44,313 [pool-9-thread-15] INFO  datastream.DataStreamTestUtils (DataStreamTestUtils.java:writeAndCloseAndAssertReplies(320)) - Stream451: bytesWritten=3748426
2022-07-06 17:19:44,330 [pool-9-thread-3] INFO  datastream.DataStreamTestUtils (DataStreamTestUtils.java:writeAndCloseAndAssertReplies(320)) - Stream452: bytesWritten=3752581
2022-07-06 17:19:44,362 [pool-9-thread-8] INFO  datastream.DataStreamTestUtils (DataStreamTestUtils.java:writeAndCloseAndAssertReplies(320)) - Stream401: bytesWritten=3759929
2022-07-06 17:19:44,382 [pool-9-thread-14] INFO  datastream.DataStreamTestUtils (DataStreamTestUtils.java:writeAndCloseAndAssertReplies(320)) - Stream453: bytesWritten=3775898
2022-07-06 17:19:44,466 [s0-client-thread2] INFO  statemachine.StateMachine (DataStreamTestUtils.java:link(157)) - link SingleDataStream: writeRequest=RaftClientRequest:client-05A7A74BC167->s1@group-CD87ED06CC9F, cid=451, seq=0, DataStream, Message:<EMPTY>, logEntry=null
2022-07-06 17:19:44,469 [s1-server-thread1] INFO  statemachine.StateMachine (DataStreamTestUtils.java:link(157)) - link SingleDataStream: writeRequest=RaftClientRequest:client-05A7A74BC167->s1@group-CD87ED06CC9F, cid=451, seq=0, DataStream, Message:<EMPTY>, logEntry=null
2022-07-06 17:19:44,470 [s2-server-thread2] INFO  statemachine.StateMachine (DataStreamTestUtils.java:link(157)) - link SingleDataStream: writeRequest=RaftClientRequest:client-05A7A74BC167->s1@group-CD87ED06CC9F, cid=451, seq=0, DataStream, Message:<EMPTY>, logEntry=null
2022-07-06 17:19:44,489 [s0-client-thread2] INFO  statemachine.StateMachine (DataStreamTestUtils.java:link(157)) - link SingleDataStream: writeRequest=RaftClientRequest:client-05A7A74BC167->s1@group-CD87ED06CC9F, cid=452, seq=0, DataStream, Message:<EMPTY>, logEntry=null
2022-07-06 17:19:44,491 [s2-server-thread2] INFO  statemachine.StateMachine (DataStreamTestUtils.java:link(157)) - link SingleDataStream: writeRequest=RaftClientRequest:client-05A7A74BC167->s1@group-CD87ED06CC9F, cid=452, seq=0, DataStream, Message:<EMPTY>, logEntry=null
2022-07-06 17:19:44,491 [s1-server-thread1] INFO  statemachine.StateMachine (DataStreamTestUtils.java:link(157)) - link SingleDataStream: writeRequest=RaftClientRequest:client-05A7A74BC167->s1@group-CD87ED06CC9F, cid=452, seq=0, DataStream, Message:<EMPTY>, logEntry=null
2022-07-06 17:19:44,492 [s0-client-thread2] INFO  statemachine.StateMachine (DataStreamTestUtils.java:link(157)) - link SingleDataStream: writeRequest=RaftClientRequest:client-05A7A74BC167->s1@group-CD87ED06CC9F, cid=401, seq=0, DataStream, Message:<EMPTY>, logEntry=null
2022-07-06 17:19:44,492 [s2-server-thread2] INFO  statemachine.StateMachine (DataStreamTestUtils.java:link(157)) - link SingleDataStream: writeRequest=RaftClientRequest:client-05A7A74BC167->s1@group-CD87ED06CC9F, cid=401, seq=0, DataStream, Message:<EMPTY>, logEntry=null
2022-07-06 17:19:44,492 [s1-server-thread1] INFO  statemachine.StateMachine (DataStreamTestUtils.java:link(157)) - link SingleDataStream: writeRequest=RaftClientRequest:client-05A7A74BC167->s1@group-CD87ED06CC9F, cid=401, seq=0, DataStream, Message:<EMPTY>, logEntry=null
2022-07-06 17:19:44,493 [s0-client-thread2] INFO  statemachine.StateMachine (DataStreamTestUtils.java:link(157)) - link SingleDataStream: writeRequest=RaftClientRequest:client-05A7A74BC167->s1@group-CD87ED06CC9F, cid=453, seq=0, DataStream, Message:<EMPTY>, logEntry=null
2022-07-06 17:19:44,494 [s1-server-thread1] INFO  statemachine.StateMachine (DataStreamTestUtils.java:link(157)) - link SingleDataStream: writeRequest=RaftClientRequest:client-05A7A74BC167->s1@group-CD87ED06CC9F, cid=453, seq=0, DataStream, Message:<EMPTY>, logEntry=null
2022-07-06 17:19:44,494 [s2-server-thread2] INFO  statemachine.StateMachine (DataStreamTestUtils.java:link(157)) - link SingleDataStream: writeRequest=RaftClientRequest:client-05A7A74BC167->s1@group-CD87ED06CC9F, cid=453, seq=0, DataStream, Message:<EMPTY>, logEntry=null
2022-07-06 17:19:44,494 [pool-9-thread-15] INFO  datastream.DataStreamTestUtils (DataStreamTestUtils.java:writeAndCloseAndAssertReplies(311)) - start Stream450
2022-07-06 17:19:44,519 [pool-9-thread-3] INFO  datastream.DataStreamTestUtils (DataStreamTestUtils.java:writeAndCloseAndAssertReplies(311)) - start Stream460
2022-07-06 17:19:44,532 [pool-9-thread-8] INFO  datastream.DataStreamTestUtils (DataStreamTestUtils.java:writeAndCloseAndAssertReplies(311)) - start Stream461
2022-07-06 17:19:44,533 [pool-9-thread-14] INFO  datastream.DataStreamTestUtils (DataStreamTestUtils.java:writeAndCloseAndAssertReplies(311)) - start Stream462
2022-07-06 17:19:46,870 [java.util.concurrent.ThreadPoolExecutor$Worker@1c6764e2[State = -1, empty queue]] WARN  grpc.GrpcUtil (GrpcUtil.java:shutdownManagedChannel(216)) - Timed out gracefully shutting down connection: ManagedChannelOrphanWrapper{delegate=ManagedChannelImpl{logId=496, target=localhost:44183}}. 
2022-07-06 17:19:47,467 [java.util.concurrent.ThreadPoolExecutor$Worker@45eb1a20[State = -1, empty queue]] WARN  server.GrpcLogAppender (GrpcLogAppender.java:timeoutAppendRequest(240)) - s0@group-CD87ED06CC9F->s2-GrpcLogAppender:  appendEntries Timeout, request=AppendEntriesRequest:cid=1740,entriesCount=1,lastEntry=(t:5, i:151)
2022-07-06 17:19:47,476 [pool-9-thread-11] INFO  datastream.DataStreamTestUtils (DataStreamTestUtils.java:writeAndCloseAndAssertReplies(320)) - Stream454: bytesWritten=3737975
2022-07-06 17:19:47,484 [s0-client-thread2] INFO  statemachine.StateMachine (DataStreamTestUtils.java:link(157)) - link SingleDataStream: writeRequest=RaftClientRequest:client-05A7A74BC167->s1@group-CD87ED06CC9F, cid=454, seq=0, DataStream, Message:<EMPTY>, logEntry=null
2022-07-06 17:19:47,484 [s2-server-thread2] INFO  statemachine.StateMachine (DataStreamTestUtils.java:link(157)) - link SingleDataStream: writeRequest=RaftClientRequest:client-05A7A74BC167->s1@group-CD87ED06CC9F, cid=454, seq=0, DataStream, Message:<EMPTY>, logEntry=null
2022-07-06 17:19:47,485 [s1-server-thread1] INFO  statemachine.StateMachine (DataStreamTestUtils.java:link(157)) - link SingleDataStream: writeRequest=RaftClientRequest:client-05A7A74BC167->s1@group-CD87ED06CC9F, cid=454, seq=0, DataStream, Message:<EMPTY>, logEntry=null
2022-07-06 17:19:47,489 [java.util.concurrent.ThreadPoolExecutor$Worker@45eb1a20[State = -1, empty queue]] WARN  server.GrpcLogAppender (GrpcLogAppender.java:timeoutAppendRequest(240)) - s0@group-CD87ED06CC9F->s2-GrpcLogAppender:  appendEntries Timeout, request=AppendEntriesRequest:cid=1743,entriesCount=1,lastEntry=(t:5, i:152)
2022-07-06 17:19:47,490 [java.util.concurrent.ThreadPoolExecutor$Worker@45eb1a20[State = -1, empty queue]] WARN  server.GrpcLogAppender (GrpcLogAppender.java:timeoutAppendRequest(240)) - s0@group-CD87ED06CC9F->s2-GrpcLogAppender:  appendEntries Timeout, request=AppendEntriesRequest:cid=1744,entriesCount=1,lastEntry=(t:5, i:153)
2022-07-06 17:19:47,492 [java.util.concurrent.ThreadPoolExecutor$Worker@45eb1a20[State = -1, empty queue]] WARN  server.GrpcLogAppender (GrpcLogAppender.java:timeoutAppendRequest(240)) - s0@group-CD87ED06CC9F->s2-GrpcLogAppender:  appendEntries Timeout, request=AppendEntriesRequest:cid=1745,entriesCount=1,lastEntry=(t:5, i:154)
2022-07-06 17:19:47,493 [java.util.concurrent.ThreadPoolExecutor$Worker@45eb1a20[State = -1, empty queue]] WARN  server.GrpcLogAppender (GrpcLogAppender.java:timeoutAppendRequest(240)) - s0@group-CD87ED06CC9F->s2-GrpcLogAppender:  appendEntries Timeout, request=AppendEntriesRequest:cid=1746,entriesCount=1,lastEntry=(t:5, i:155)
2022-07-06 17:19:47,500 [pool-9-thread-11] INFO  datastream.DataStreamTestUtils (DataStreamTestUtils.java:writeAndCloseAndAssertReplies(311)) - start Stream463
2022-07-06 17:19:47,517 [java.util.concurrent.ThreadPoolExecutor$Worker@45eb1a20[State = -1, empty queue]] WARN  server.GrpcLogAppender (GrpcLogAppender.java:timeoutAppendRequest(240)) - s0@group-CD87ED06CC9F->s2-GrpcLogAppender:  appendEntries Timeout, request=AppendEntriesRequest:cid=1749,entriesCount=1,lastEntry=(t:5, i:156)
2022-07-06 17:19:47,530 [java.util.concurrent.ThreadPoolExecutor$Worker@45eb1a20[State = -1, empty queue]] WARN  server.GrpcLogAppender (GrpcLogAppender.java:timeoutAppendRequest(240)) - s0@group-CD87ED06CC9F->s2-GrpcLogAppender:  appendEntries Timeout, request=AppendEntriesRequest:cid=1752,entriesCount=1,lastEntry=(t:5, i:157)
2022-07-06 17:19:47,531 [java.util.concurrent.ThreadPoolExecutor$Worker@45eb1a20[State = -1, empty queue]] WARN  server.GrpcLogAppender (GrpcLogAppender.java:timeoutAppendRequest(240)) - s0@group-CD87ED06CC9F->s2-GrpcLogAppender:  appendEntries Timeout, request=AppendEntriesRequest:cid=1753,entriesCount=1,lastEntry=(t:5, i:158)
2022-07-06 17:19:49,938 [pool-9-thread-12] INFO  datastream.DataStreamTestUtils (DataStreamTestUtils.java:writeAndCloseAndAssertReplies(320)) - Stream455: bytesWritten=3727850
2022-07-06 17:19:49,957 [s0-client-thread2] INFO  statemachine.StateMachine (DataStreamTestUtils.java:link(157)) - link SingleDataStream: writeRequest=RaftClientRequest:client-05A7A74BC167->s1@group-CD87ED06CC9F, cid=455, seq=0, DataStream, Message:<EMPTY>, logEntry=null
2022-07-06 17:19:49,959 [s1-server-thread1] INFO  statemachine.StateMachine (DataStreamTestUtils.java:link(157)) - link SingleDataStream: writeRequest=RaftClientRequest:client-05A7A74BC167->s1@group-CD87ED06CC9F, cid=455, seq=0, DataStream, Message:<EMPTY>, logEntry=null
2022-07-06 17:19:49,960 [s2-server-thread2] INFO  statemachine.StateMachine (DataStreamTestUtils.java:link(157)) - link SingleDataStream: writeRequest=RaftClientRequest:client-05A7A74BC167->s1@group-CD87ED06CC9F, cid=455, seq=0, DataStream, Message:<EMPTY>, logEntry=null
2022-07-06 17:19:49,976 [pool-9-thread-12] INFO  datastream.DataStreamTestUtils (DataStreamTestUtils.java:writeAndCloseAndAssertReplies(311)) - start Stream464
2022-07-06 17:19:50,405 [pool-9-thread-13] INFO  datastream.DataStreamTestUtils (DataStreamTestUtils.java:writeAndCloseAndAssertReplies(320)) - Stream456: bytesWritten=3742742
2022-07-06 17:19:50,419 [s0-client-thread2] INFO  statemachine.StateMachine (DataStreamTestUtils.java:link(157)) - link SingleDataStream: writeRequest=RaftClientRequest:client-05A7A74BC167->s1@group-CD87ED06CC9F, cid=456, seq=0, DataStream, Message:<EMPTY>, logEntry=null
2022-07-06 17:19:50,420 [s2-server-thread2] INFO  statemachine.StateMachine (DataStreamTestUtils.java:link(157)) - link SingleDataStream: writeRequest=RaftClientRequest:client-05A7A74BC167->s1@group-CD87ED06CC9F, cid=456, seq=0, DataStream, Message:<EMPTY>, logEntry=null
2022-07-06 17:19:50,420 [s1-server-thread1] INFO  statemachine.StateMachine (DataStreamTestUtils.java:link(157)) - link SingleDataStream: writeRequest=RaftClientRequest:client-05A7A74BC167->s1@group-CD87ED06CC9F, cid=456, seq=0, DataStream, Message:<EMPTY>, logEntry=null
2022-07-06 17:19:50,451 [pool-9-thread-13] INFO  datastream.DataStreamTestUtils (DataStreamTestUtils.java:writeAndCloseAndAssertReplies(311)) - start Stream465
2022-07-06 17:19:53,047 [java.util.concurrent.ThreadPoolExecutor$Worker@7c19f37f[State = -1, empty queue]] WARN  grpc.GrpcUtil (GrpcUtil.java:shutdownManagedChannel(216)) - Timed out gracefully shutting down connection: ManagedChannelOrphanWrapper{delegate=ManagedChannelImpl{logId=524, target=localhost:44183}}. 
2022-07-06 17:19:53,067 [java.util.concurrent.ThreadPoolExecutor$Worker@7c19f37f[State = -1, empty queue]] WARN  server.GrpcLogAppender (GrpcLogAppender.java:timeoutAppendRequest(240)) - s0@group-CD87ED06CC9F->s2-GrpcLogAppender:  appendEntries Timeout, request=AppendEntriesRequest:cid=2070,entriesCount=1,lastEntry=(t:5, i:159)
2022-07-06 17:19:53,068 [java.util.concurrent.ThreadPoolExecutor$Worker@7c19f37f[State = -1, empty queue]] WARN  server.GrpcLogAppender (GrpcLogAppender.java:timeoutAppendRequest(240)) - s0@group-CD87ED06CC9F->s2-GrpcLogAppender:  appendEntries Timeout, request=AppendEntriesRequest:cid=2072,entriesCount=1,lastEntry=(t:5, i:160)
2022-07-06 17:19:53,218 [java.util.concurrent.ThreadPoolExecutor$Worker@7c19f37f[State = -1, empty queue]] WARN  server.GrpcLogAppender (GrpcLogAppender.java:timeoutAppendRequest(240)) - s0@group-CD87ED06CC9F->s2-GrpcLogAppender:  appendEntries Timeout, request=AppendEntriesRequest:cid=2331,entriesCount=1,lastEntry=(t:5, i:161)
2022-07-06 17:19:53,219 [java.util.concurrent.ThreadPoolExecutor$Worker@7c19f37f[State = -1, empty queue]] WARN  server.GrpcLogAppender (GrpcLogAppender.java:timeoutAppendRequest(240)) - s0@group-CD87ED06CC9F->s2-GrpcLogAppender:  appendEntries Timeout, request=AppendEntriesRequest:cid=2333,entriesCount=1,lastEntry=(t:5, i:162)
2022-07-06 17:19:53,420 [java.util.concurrent.ThreadPoolExecutor$Worker@7c19f37f[State = -1, empty queue]] WARN  server.GrpcLogAppender (GrpcLogAppender.java:timeoutAppendRequest(240)) - s0@group-CD87ED06CC9F->s2-GrpcLogAppender:  appendEntries Timeout, request=AppendEntriesRequest:cid=2386,entriesCount=1,lastEntry=(t:5, i:163)
2022-07-06 17:19:53,451 [java.util.concurrent.ThreadPoolExecutor$Worker@7c19f37f[State = -1, empty queue]] WARN  server.GrpcLogAppender (GrpcLogAppender.java:timeoutAppendRequest(240)) - s0@group-CD87ED06CC9F->s2-GrpcLogAppender:  appendEntries Timeout, request=AppendEntriesRequest:cid=2389,entriesCount=1,lastEntry=(t:5, i:164)
2022-07-06 17:19:53,586 [Timer-2] INFO  impl.MiniRaftCluster (MiniRaftCluster.java:lambda$null$6(323)) - TIMED-PRINT: printing ALL groups
  s0:  RUNNING    LEADER s0@group-CD87ED06CC9F:t5, leader=s0, voted=s0, raftlog=s0@group-CD87ED06CC9F-SegmentedRaftLog:OPENED:c164, conf=137: [s0|rpc:localhost:46837|admin:localhost:40145|client:localhost:44183|dataStream:localhost:36771|priority:0, s1|rpc:localhost:36769|admin:localhost:40151|client:localhost:35673|dataStream:localhost:44419|priority:0, s2|rpc:localhost:42693|admin:localhost:37755|client:localhost:34689|dataStream:localhost:44561|priority:0], old=null RUNNING
  s1:  RUNNING  FOLLOWER s1@group-CD87ED06CC9F:t5, leader=s0, voted=s0, raftlog=s1@group-CD87ED06CC9F-SegmentedRaftLog:OPENED:c164, conf=137: [s0|rpc:localhost:46837|admin:localhost:40145|client:localhost:44183|dataStream:localhost:36771|priority:0, s1|rpc:localhost:36769|admin:localhost:40151|client:localhost:35673|dataStream:localhost:44419|priority:0, s2|rpc:localhost:42693|admin:localhost:37755|client:localhost:34689|dataStream:localhost:44561|priority:0], old=null RUNNING
  s2:  RUNNING  FOLLOWER s2@group-CD87ED06CC9F:t5, leader=s0, voted=null, raftlog=s2@group-CD87ED06CC9F-SegmentedRaftLog:OPENED:c136, conf=137: [s0|rpc:localhost:46837|admin:localhost:40145|client:localhost:44183|dataStream:localhost:36771|priority:0, s1|rpc:localhost:36769|admin:localhost:40151|client:localhost:35673|dataStream:localhost:44419|priority:0, s2|rpc:localhost:42693|admin:localhost:37755|client:localhost:34689|dataStream:localhost:44561|priority:0], old=null RUNNING
2022-07-06 17:19:53,900 [pool-9-thread-9] INFO  datastream.DataStreamTestUtils (DataStreamTestUtils.java:writeAndCloseAndAssertReplies(320)) - Stream459: bytesWritten=3753628
2022-07-06 17:19:53,907 [s0-client-thread2] INFO  statemachine.StateMachine (DataStreamTestUtils.java:link(157)) - link SingleDataStream: writeRequest=RaftClientRequest:client-05A7A74BC167->s1@group-CD87ED06CC9F, cid=459, seq=0, DataStream, Message:<EMPTY>, logEntry=null
2022-07-06 17:19:53,908 [s2-server-thread2] INFO  statemachine.StateMachine (DataStreamTestUtils.java:link(157)) - link SingleDataStream: writeRequest=RaftClientRequest:client-05A7A74BC167->s1@group-CD87ED06CC9F, cid=459, seq=0, DataStream, Message:<EMPTY>, logEntry=null
2022-07-06 17:19:53,908 [s1-server-thread1] INFO  statemachine.StateMachine (DataStreamTestUtils.java:link(157)) - link SingleDataStream: writeRequest=RaftClientRequest:client-05A7A74BC167->s1@group-CD87ED06CC9F, cid=459, seq=0, DataStream, Message:<EMPTY>, logEntry=null
2022-07-06 17:19:53,910 [pool-9-thread-5] INFO  datastream.DataStreamTestUtils (DataStreamTestUtils.java:writeAndCloseAndAssertReplies(320)) - Stream457: bytesWritten=3753863
2022-07-06 17:19:53,917 [s0-client-thread2] INFO  statemachine.StateMachine (DataStreamTestUtils.java:link(157)) - link SingleDataStream: writeRequest=RaftClientRequest:client-05A7A74BC167->s1@group-CD87ED06CC9F, cid=457, seq=0, DataStream, Message:<EMPTY>, logEntry=null
2022-07-06 17:19:53,918 [s2-server-thread2] INFO  statemachine.StateMachine (DataStreamTestUtils.java:link(157)) - link SingleDataStream: writeRequest=RaftClientRequest:client-05A7A74BC167->s1@group-CD87ED06CC9F, cid=457, seq=0, DataStream, Message:<EMPTY>, logEntry=null
2022-07-06 17:19:53,918 [s1-server-thread1] INFO  statemachine.StateMachine (DataStreamTestUtils.java:link(157)) - link SingleDataStream: writeRequest=RaftClientRequest:client-05A7A74BC167->s1@group-CD87ED06CC9F, cid=457, seq=0, DataStream, Message:<EMPTY>, logEntry=null
2022-07-06 17:19:53,934 [pool-9-thread-10] INFO  datastream.DataStreamTestUtils (DataStreamTestUtils.java:writeAndCloseAndAssertReplies(320)) - Stream458: bytesWritten=3743345
2022-07-06 17:19:53,936 [s0-client-thread2] INFO  statemachine.StateMachine (DataStreamTestUtils.java:link(157)) - link SingleDataStream: writeRequest=RaftClientRequest:client-05A7A74BC167->s1@group-CD87ED06CC9F, cid=458, seq=0, DataStream, Message:<EMPTY>, logEntry=null
2022-07-06 17:19:53,937 [s2-server-thread2] INFO  statemachine.StateMachine (DataStreamTestUtils.java:link(157)) - link SingleDataStream: writeRequest=RaftClientRequest:client-05A7A74BC167->s1@group-CD87ED06CC9F, cid=458, seq=0, DataStream, Message:<EMPTY>, logEntry=null
2022-07-06 17:19:53,938 [s1-server-thread1] INFO  statemachine.StateMachine (DataStreamTestUtils.java:link(157)) - link SingleDataStream: writeRequest=RaftClientRequest:client-05A7A74BC167->s1@group-CD87ED06CC9F, cid=458, seq=0, DataStream, Message:<EMPTY>, logEntry=null
2022-07-06 17:19:55,938 [org.apache.ratis.util.JvmPauseMonitor$$Lambda$273/398417010@41afa821] WARN  util.JvmPauseMonitor (JvmPauseMonitor.java:detectPause(124)) - JvmPauseMonitor-s2: Detected pause in JVM or host machine (eg GC): pause of approximately 631412306ns.
GC pool 'PS MarkSweep' had collection(s): count=1 time=890ms
GC pool 'PS Scavenge' had collection(s): count=1 time=104ms
2022-07-06 17:19:55,938 [org.apache.ratis.util.JvmPauseMonitor$$Lambda$273/398417010@2e4d9071] WARN  util.JvmPauseMonitor (JvmPauseMonitor.java:detectPause(124)) - JvmPauseMonitor-s1: Detected pause in JVM or host machine (eg GC): pause of approximately 631753707ns.
GC pool 'PS MarkSweep' had collection(s): count=1 time=890ms
GC pool 'PS Scavenge' had collection(s): count=1 time=104ms
2022-07-06 17:19:55,938 [org.apache.ratis.util.JvmPauseMonitor$$Lambda$273/398417010@269384c0] WARN  util.JvmPauseMonitor (JvmPauseMonitor.java:detectPause(124)) - JvmPauseMonitor-s0: Detected pause in JVM or host machine (eg GC): pause of approximately 631834507ns.
GC pool 'PS MarkSweep' had collection(s): count=1 time=890ms
GC pool 'PS Scavenge' had collection(s): count=1 time=104ms
2022-07-06 17:19:55,939 [s0@group-CD87ED06CC9F-LeaderStateImpl] WARN  server.RaftServer$Division (LeaderStateImpl.java:checkLeadership(1017)) - s0@group-CD87ED06CC9F-LeaderStateImpl: Lost leadership on term: 5. Election timeout: 300ms. In charge for: 28302ms. Conf: 137: [s0|rpc:localhost:46837|admin:localhost:40145|client:localhost:44183|dataStream:localhost:36771|priority:0, s1|rpc:localhost:36769|admin:localhost:40151|client:localhost:35673|dataStream:localhost:44419|priority:0, s2|rpc:localhost:42693|admin:localhost:37755|client:localhost:34689|dataStream:localhost:44561|priority:0], old=null
2022-07-06 17:19:55,939 [s0@group-CD87ED06CC9F-LeaderStateImpl] WARN  server.RaftServer$Division (LeaderStateImpl.java:lambda$checkLeadership$17(1021)) - Follower s0@group-CD87ED06CC9F->s1(c170,m170,n171, attendVote=true, lastRpcSendTime=1078, lastRpcResponseTime=1063)
2022-07-06 17:19:55,939 [s0@group-CD87ED06CC9F-LeaderStateImpl] WARN  server.RaftServer$Division (LeaderStateImpl.java:lambda$checkLeadership$17(1021)) - Follower s0@group-CD87ED06CC9F->s2(c136,m0,n171, attendVote=true, lastRpcSendTime=1054, lastRpcResponseTime=1053)
2022-07-06 17:19:55,939 [s0@group-CD87ED06CC9F-LeaderStateImpl] INFO  server.RaftServer$Division (RaftServerImpl.java:setRole(300)) - s0@group-CD87ED06CC9F: changes role from    LEADER to FOLLOWER at term 5 for StepDownReason:LOST_MAJORITY_HEARTBEATS
2022-07-06 17:19:55,939 [s0@group-CD87ED06CC9F-LeaderStateImpl] INFO  impl.RoleInfo (RoleInfo.java:shutdownLeaderState(93)) - s0: shutdown s0@group-CD87ED06CC9F-LeaderStateImpl
2022-07-06 17:19:55,939 [s0@group-CD87ED06CC9F-LeaderStateImpl] INFO  impl.PendingRequests (PendingRequests.java:sendNotLeaderResponses(282)) - s0@group-CD87ED06CC9F-PendingRequests: sendNotLeaderResponses
2022-07-06 17:19:55,940 [s2@group-CD87ED06CC9F-FollowerState] WARN  impl.FollowerState (FollowerState.java:run(130)) - Unexpected long sleep: sleep 243ms but took extra 783211037ns (> threshold = 300ms)
2022-07-06 17:19:55,940 [s1@group-CD87ED06CC9F-FollowerState] WARN  impl.FollowerState (FollowerState.java:run(130)) - Unexpected long sleep: sleep 277ms but took extra 813474640ns (> threshold = 300ms)
2022-07-06 17:19:55,943 [s0@group-CD87ED06CC9F->s1-GrpcLogAppender-LogAppenderDaemon] WARN  server.GrpcLogAppender (GrpcLogAppender.java:mayWait(172)) - s0@group-CD87ED06CC9F->s1-GrpcLogAppender: Wait interrupted by java.lang.InterruptedException
2022-07-06 17:19:55,943 [s0@group-CD87ED06CC9F->s2-GrpcLogAppender-LogAppenderDaemon] WARN  server.GrpcLogAppender (GrpcLogAppender.java:mayWait(172)) - s0@group-CD87ED06CC9F->s2-GrpcLogAppender: Wait interrupted by java.lang.InterruptedException
2022-07-06 17:19:55,943 [grpc-default-executor-3] INFO  server.GrpcServerProtocolService (GrpcServerProtocolService.java:onCompleted(140)) - s1: Completed APPEND_ENTRIES, lastRequest: s0->s1#465-t5,previous=(t:5, i:169),leaderCommit=167,initializing? true,entries: size=1, first=(t:5, i:170), METADATAENTRY(c:167)
2022-07-06 17:19:55,945 [grpc-default-executor-3] INFO  server.GrpcServerProtocolService (GrpcServerProtocolService.java:onCompleted(140)) - s2: Completed APPEND_ENTRIES, lastRequest: s0->s2#2751-t5,previous=(t:5, i:169),leaderCommit=167,initializing? true,entries: size=1, first=(t:5, i:170), METADATAENTRY(c:167)
2022-07-06 17:19:55,945 [grpc-default-executor-4] INFO  server.GrpcLogAppender (GrpcLogAppender.java:onCompleted(340)) - s0@group-CD87ED06CC9F->s1-AppendLogResponseHandler: follower responses appendEntries COMPLETED
2022-07-06 17:19:55,945 [grpc-default-executor-4] INFO  leader.FollowerInfo (FollowerInfoImpl.java:lambda$new$0(48)) - s0@group-CD87ED06CC9F->s1: nextIndex: updateUnconditionally 171 -> 170
2022-07-06 17:19:55,947 [grpc-default-executor-4] INFO  server.GrpcLogAppender (GrpcLogAppender.java:onCompleted(340)) - s0@group-CD87ED06CC9F->s2-AppendLogResponseHandler: follower responses appendEntries COMPLETED
2022-07-06 17:19:55,947 [grpc-default-executor-4] INFO  leader.FollowerInfo (FollowerInfoImpl.java:lambda$new$0(48)) - s0@group-CD87ED06CC9F->s2: nextIndex: updateUnconditionally 171 -> 1
2022-07-06 17:19:55,949 [s0@group-CD87ED06CC9F-LeaderStateImpl] INFO  impl.RoleInfo (RoleInfo.java:updateAndGet(139)) - s0: start s0@group-CD87ED06CC9F-FollowerState
2022-07-06 17:19:56,117 [s2@group-CD87ED06CC9F-FollowerState] INFO  impl.FollowerState (FollowerState.java:run(143)) - s2@group-CD87ED06CC9F-FollowerState: change to CANDIDATE, lastRpcElapsedTime:1231914763ns, electionTimeout:177ms
2022-07-06 17:19:56,117 [s2@group-CD87ED06CC9F-FollowerState] INFO  impl.RoleInfo (RoleInfo.java:shutdownFollowerState(110)) - s2: shutdown s2@group-CD87ED06CC9F-FollowerState
2022-07-06 17:19:56,117 [s2@group-CD87ED06CC9F-FollowerState] INFO  server.RaftServer$Division (RaftServerImpl.java:setRole(300)) - s2@group-CD87ED06CC9F: changes role from  FOLLOWER to CANDIDATE at term 5 for changeToCandidate
2022-07-06 17:19:56,117 [s2@group-CD87ED06CC9F-FollowerState] INFO  server.RaftServerConfigKeys (ConfUtils.java:logGet(46)) - raft.server.leaderelection.pre-vote = true (default)
2022-07-06 17:19:56,117 [s2@group-CD87ED06CC9F-FollowerState] INFO  impl.RoleInfo (RoleInfo.java:updateAndGet(139)) - s2: start s2@group-CD87ED06CC9F-LeaderElection14
2022-07-06 17:19:56,136 [s2@group-CD87ED06CC9F-LeaderElection14] INFO  server.RaftServer$Division (ServerState.java:setLeader(291)) - s2@group-CD87ED06CC9F: change Leader from s0 to null at term 5 for PRE_VOTE
2022-07-06 17:19:56,139 [s2@group-CD87ED06CC9F-LeaderElection14] INFO  impl.LeaderElection (LeaderElection.java:askForVotes(310)) - s2@group-CD87ED06CC9F-LeaderElection14 PRE_VOTE round 0: submit vote requests at term 5 for 137: [s0|rpc:localhost:46837|admin:localhost:40145|client:localhost:44183|dataStream:localhost:36771|priority:0, s1|rpc:localhost:36769|admin:localhost:40151|client:localhost:35673|dataStream:localhost:44419|priority:0, s2|rpc:localhost:42693|admin:localhost:37755|client:localhost:34689|dataStream:localhost:44561|priority:0], old=null
2022-07-06 17:19:56,141 [grpc-default-executor-4] INFO  server.RaftServer$Division (RaftServerImpl.java:requestVote(1173)) - s0@group-CD87ED06CC9F: receive requestVote(PRE_VOTE, s2, group-CD87ED06CC9F, 5, (t:5, i:170))
2022-07-06 17:19:56,141 [grpc-default-executor-4] INFO  impl.VoteContext (VoteContext.java:log(48)) - s0@group-CD87ED06CC9F-FOLLOWER: accept PRE_VOTE from s2: our priority 0 <= candidate's priority 0
2022-07-06 17:19:56,142 [grpc-default-executor-4] INFO  server.RaftServer$Division (RaftServerImpl.java:requestVote(1205)) - s0@group-CD87ED06CC9F replies to PRE_VOTE vote request: s2<-s0#0:OK-t5. Peer's state: s0@group-CD87ED06CC9F:t5, leader=s0, voted=s0, raftlog=s0@group-CD87ED06CC9F-SegmentedRaftLog:OPENED:c170, conf=137: [s0|rpc:localhost:46837|admin:localhost:40145|client:localhost:44183|dataStream:localhost:36771|priority:0, s1|rpc:localhost:36769|admin:localhost:40151|client:localhost:35673|dataStream:localhost:44419|priority:0, s2|rpc:localhost:42693|admin:localhost:37755|client:localhost:34689|dataStream:localhost:44561|priority:0], old=null
2022-07-06 17:19:56,142 [grpc-default-executor-0] INFO  server.RaftServer$Division (RaftServerImpl.java:requestVote(1173)) - s1@group-CD87ED06CC9F: receive requestVote(PRE_VOTE, s2, group-CD87ED06CC9F, 5, (t:5, i:170))
2022-07-06 17:19:56,142 [grpc-default-executor-0] INFO  impl.VoteContext (VoteContext.java:log(48)) - s1@group-CD87ED06CC9F-FOLLOWER: accept PRE_VOTE from s2: our priority 0 <= candidate's priority 0
2022-07-06 17:19:56,142 [grpc-default-executor-0] INFO  server.RaftServer$Division (RaftServerImpl.java:requestVote(1205)) - s1@group-CD87ED06CC9F replies to PRE_VOTE vote request: s2<-s1#0:OK-t5. Peer's state: s1@group-CD87ED06CC9F:t5, leader=s0, voted=s0, raftlog=s1@group-CD87ED06CC9F-SegmentedRaftLog:OPENED:c170, conf=137: [s0|rpc:localhost:46837|admin:localhost:40145|client:localhost:44183|dataStream:localhost:36771|priority:0, s1|rpc:localhost:36769|admin:localhost:40151|client:localhost:35673|dataStream:localhost:44419|priority:0, s2|rpc:localhost:42693|admin:localhost:37755|client:localhost:34689|dataStream:localhost:44561|priority:0], old=null
2022-07-06 17:19:56,143 [s2@group-CD87ED06CC9F-LeaderElection14] INFO  impl.LeaderElection (LeaderElection.java:logAndReturn(90)) - s2@group-CD87ED06CC9F-LeaderElection14: PRE_VOTE PASSED received 1 response(s) and 0 exception(s):
2022-07-06 17:19:56,143 [s2@group-CD87ED06CC9F-LeaderElection14] INFO  impl.LeaderElection (LeaderElection.java:logAndReturn(94)) -   Response 0: s2<-s0#0:OK-t5
2022-07-06 17:19:56,143 [s2@group-CD87ED06CC9F-LeaderElection14] INFO  impl.LeaderElection (LeaderElection.java:askForVotes(312)) - s2@group-CD87ED06CC9F-LeaderElection14 PRE_VOTE round 0: result PASSED
2022-07-06 17:19:56,146 [s2@group-CD87ED06CC9F-LeaderElection14] INFO  impl.LeaderElection (LeaderElection.java:askForVotes(310)) - s2@group-CD87ED06CC9F-LeaderElection14 ELECTION round 0: submit vote requests at term 6 for 137: [s0|rpc:localhost:46837|admin:localhost:40145|client:localhost:44183|dataStream:localhost:36771|priority:0, s1|rpc:localhost:36769|admin:localhost:40151|client:localhost:35673|dataStream:localhost:44419|priority:0, s2|rpc:localhost:42693|admin:localhost:37755|client:localhost:34689|dataStream:localhost:44561|priority:0], old=null
2022-07-06 17:19:56,151 [grpc-default-executor-4] INFO  server.RaftServer$Division (RaftServerImpl.java:requestVote(1173)) - s0@group-CD87ED06CC9F: receive requestVote(ELECTION, s2, group-CD87ED06CC9F, 6, (t:5, i:170))
2022-07-06 17:19:56,151 [grpc-default-executor-4] INFO  impl.VoteContext (VoteContext.java:log(48)) - s0@group-CD87ED06CC9F-FOLLOWER: accept ELECTION from s2: our priority 0 <= candidate's priority 0
2022-07-06 17:19:56,151 [grpc-default-executor-4] INFO  server.RaftServer$Division (ServerState.java:setLeader(291)) - s0@group-CD87ED06CC9F: change Leader from s0 to null at term 6 for updateCurrentTerm
2022-07-06 17:19:56,151 [grpc-default-executor-4] INFO  server.RaftServer$Division (RaftServerImpl.java:setRole(300)) - s0@group-CD87ED06CC9F: changes role from  FOLLOWER to FOLLOWER at term 6 for candidate:s2
2022-07-06 17:19:56,151 [grpc-default-executor-4] INFO  impl.RoleInfo (RoleInfo.java:shutdownFollowerState(110)) - s0: shutdown s0@group-CD87ED06CC9F-FollowerState
2022-07-06 17:19:56,152 [grpc-default-executor-4] INFO  impl.RoleInfo (RoleInfo.java:updateAndGet(139)) - s0: start s0@group-CD87ED06CC9F-FollowerState
2022-07-06 17:19:56,152 [s0@group-CD87ED06CC9F-FollowerState] INFO  impl.FollowerState (FollowerState.java:run(152)) - s0@group-CD87ED06CC9F-FollowerState was interrupted
2022-07-06 17:19:56,157 [grpc-default-executor-0] INFO  server.RaftServer$Division (RaftServerImpl.java:requestVote(1173)) - s1@group-CD87ED06CC9F: receive requestVote(ELECTION, s2, group-CD87ED06CC9F, 6, (t:5, i:170))
2022-07-06 17:19:56,157 [grpc-default-executor-0] INFO  impl.VoteContext (VoteContext.java:log(48)) - s1@group-CD87ED06CC9F-FOLLOWER: accept ELECTION from s2: our priority 0 <= candidate's priority 0
2022-07-06 17:19:56,157 [grpc-default-executor-0] INFO  server.RaftServer$Division (ServerState.java:setLeader(291)) - s1@group-CD87ED06CC9F: change Leader from s0 to null at term 6 for updateCurrentTerm
2022-07-06 17:19:56,158 [grpc-default-executor-0] INFO  server.RaftServer$Division (RaftServerImpl.java:setRole(300)) - s1@group-CD87ED06CC9F: changes role from  FOLLOWER to FOLLOWER at term 6 for candidate:s2
2022-07-06 17:19:56,158 [grpc-default-executor-0] INFO  impl.RoleInfo (RoleInfo.java:shutdownFollowerState(110)) - s1: shutdown s1@group-CD87ED06CC9F-FollowerState
2022-07-06 17:19:56,166 [grpc-default-executor-0] INFO  impl.RoleInfo (RoleInfo.java:updateAndGet(139)) - s1: start s1@group-CD87ED06CC9F-FollowerState
2022-07-06 17:19:56,166 [s1@group-CD87ED06CC9F-FollowerState] INFO  impl.FollowerState (FollowerState.java:run(152)) - s1@group-CD87ED06CC9F-FollowerState was interrupted
2022-07-06 17:19:56,173 [grpc-default-executor-4] INFO  server.RaftServer$Division (RaftServerImpl.java:requestVote(1205)) - s0@group-CD87ED06CC9F replies to ELECTION vote request: s2<-s0#0:OK-t6. Peer's state: s0@group-CD87ED06CC9F:t6, leader=null, voted=s2, raftlog=s0@group-CD87ED06CC9F-SegmentedRaftLog:OPENED:c170, conf=137: [s0|rpc:localhost:46837|admin:localhost:40145|client:localhost:44183|dataStream:localhost:36771|priority:0, s1|rpc:localhost:36769|admin:localhost:40151|client:localhost:35673|dataStream:localhost:44419|priority:0, s2|rpc:localhost:42693|admin:localhost:37755|client:localhost:34689|dataStream:localhost:44561|priority:0], old=null
2022-07-06 17:19:56,175 [s2@group-CD87ED06CC9F-LeaderElection14] INFO  impl.LeaderElection (LeaderElection.java:logAndReturn(90)) - s2@group-CD87ED06CC9F-LeaderElection14: ELECTION PASSED received 1 response(s) and 0 exception(s):
2022-07-06 17:19:56,175 [s2@group-CD87ED06CC9F-LeaderElection14] INFO  impl.LeaderElection (LeaderElection.java:logAndReturn(94)) -   Response 0: s2<-s0#0:OK-t6
2022-07-06 17:19:56,175 [s2@group-CD87ED06CC9F-LeaderElection14] INFO  impl.LeaderElection (LeaderElection.java:askForVotes(312)) - s2@group-CD87ED06CC9F-LeaderElection14 ELECTION round 0: result PASSED
2022-07-06 17:19:56,175 [s2@group-CD87ED06CC9F-LeaderElection14] INFO  impl.RoleInfo (RoleInfo.java:shutdownLeaderElection(130)) - s2: shutdown s2@group-CD87ED06CC9F-LeaderElection14
2022-07-06 17:19:56,175 [s2@group-CD87ED06CC9F-LeaderElection14] INFO  server.RaftServer$Division (RaftServerImpl.java:setRole(300)) - s2@group-CD87ED06CC9F: changes role from CANDIDATE to LEADER at term 6 for changeToLeader
2022-07-06 17:19:56,175 [s2@group-CD87ED06CC9F-LeaderElection14] INFO  server.RaftServer$Division (ServerState.java:setLeader(291)) - s2@group-CD87ED06CC9F: change Leader from null to s2 at term 6 for becomeLeader, leader elected after 38ms
2022-07-06 17:19:56,175 [s2@group-CD87ED06CC9F-LeaderElection14] INFO  server.RaftServerConfigKeys (ConfUtils.java:logGet(46)) - raft.server.staging.catchup.gap = 1000 (default)
2022-07-06 17:19:56,175 [s2@group-CD87ED06CC9F-LeaderElection14] INFO  server.RaftServerConfigKeys (ConfUtils.java:logGet(46)) - raft.server.write.element-limit = 4096 (default)
2022-07-06 17:19:56,175 [s2@group-CD87ED06CC9F-LeaderElection14] INFO  server.RaftServerConfigKeys (ConfUtils.java:logGet(46)) - raft.server.write.byte-limit = 64MB (=67108864) (default)
2022-07-06 17:19:56,175 [s2@group-CD87ED06CC9F-LeaderElection14] INFO  server.RaftServerConfigKeys (ConfUtils.java:logGet(46)) - raft.server.watch.timeout = 10s (default)
2022-07-06 17:19:56,175 [s2@group-CD87ED06CC9F-LeaderElection14] INFO  server.RaftServerConfigKeys (ConfUtils.java:logGet(46)) - raft.server.watch.timeout.denomination = 1s (default)
2022-07-06 17:19:56,175 [s2@group-CD87ED06CC9F-LeaderElection14] INFO  server.RaftServerConfigKeys (ConfUtils.java:logGet(46)) - raft.server.watch.element-limit = 65536 (default)
2022-07-06 17:19:56,176 [s2@group-CD87ED06CC9F-LeaderElection14] INFO  server.RaftServerConfigKeys (ConfUtils.java:logGet(46)) - raft.server.write.element-limit = 4096 (default)
2022-07-06 17:19:56,176 [s2@group-CD87ED06CC9F-LeaderElection14] INFO  server.RaftServerConfigKeys (ConfUtils.java:logGet(46)) - raft.server.write.follower.gap.ratio.max = -1.0 (default)
2022-07-06 17:19:56,176 [s2@group-CD87ED06CC9F-LeaderElection14] INFO  server.RaftServerConfigKeys (ConfUtils.java:logGet(46)) - raft.server.log.appender.snapshot.chunk.size.max = 16MB (=16777216) (default)
2022-07-06 17:19:56,176 [s2@group-CD87ED06CC9F-LeaderElection14] INFO  server.RaftServerConfigKeys (ConfUtils.java:logGet(46)) - raft.server.log.appender.buffer.byte-limit = 4MB (=4194304) (default)
2022-07-06 17:19:56,176 [s2@group-CD87ED06CC9F-LeaderElection14] INFO  server.RaftServerConfigKeys (ConfUtils.java:logGet(46)) - raft.server.log.appender.buffer.element-limit = 0 (default)
2022-07-06 17:19:56,176 [s2@group-CD87ED06CC9F-LeaderElection14] INFO  grpc.GrpcConfigKeys (ConfUtils.java:logGet(46)) - raft.grpc.server.leader.outstanding.appends.max = 128 (default)
2022-07-06 17:19:56,176 [s2@group-CD87ED06CC9F-LeaderElection14] INFO  server.RaftServerConfigKeys (ConfUtils.java:logGet(46)) - raft.server.rpc.request.timeout = 3000ms (default)
2022-07-06 17:19:56,176 [s2@group-CD87ED06CC9F-LeaderElection14] INFO  server.RaftServerConfigKeys (ConfUtils.java:logGet(46)) - raft.server.log.appender.install.snapshot.enabled = true (default)
2022-07-06 17:19:56,176 [s2@group-CD87ED06CC9F-LeaderElection14] INFO  server.RaftServerConfigKeys (ConfUtils.java:logGet(46)) - raft.server.log.appender.snapshot.chunk.size.max = 16MB (=16777216) (default)
2022-07-06 17:19:56,177 [s2@group-CD87ED06CC9F-LeaderElection14] INFO  server.RaftServerConfigKeys (ConfUtils.java:logGet(46)) - raft.server.log.appender.buffer.byte-limit = 4MB (=4194304) (default)
2022-07-06 17:19:56,177 [s2@group-CD87ED06CC9F-LeaderElection14] INFO  server.RaftServerConfigKeys (ConfUtils.java:logGet(46)) - raft.server.log.appender.buffer.element-limit = 0 (default)
2022-07-06 17:19:56,177 [s2@group-CD87ED06CC9F-LeaderElection14] INFO  grpc.GrpcConfigKeys (ConfUtils.java:logGet(46)) - raft.grpc.server.leader.outstanding.appends.max = 128 (default)
2022-07-06 17:19:56,177 [s2@group-CD87ED06CC9F-LeaderElection14] INFO  server.RaftServerConfigKeys (ConfUtils.java:logGet(46)) - raft.server.rpc.request.timeout = 3000ms (default)
2022-07-06 17:19:56,177 [s2@group-CD87ED06CC9F-LeaderElection14] INFO  server.RaftServerConfigKeys (ConfUtils.java:logGet(46)) - raft.server.log.appender.install.snapshot.enabled = true (default)
2022-07-06 17:19:56,177 [s2@group-CD87ED06CC9F-LeaderElection14] INFO  impl.RoleInfo (RoleInfo.java:updateAndGet(139)) - s2: start s2@group-CD87ED06CC9F-LeaderStateImpl
2022-07-06 17:19:56,177 [s2@group-CD87ED06CC9F-LeaderElection14] INFO  segmented.SegmentedRaftLogWorker (SegmentedRaftLogWorker.java:rollLogSegment(430)) - s2@group-CD87ED06CC9F-SegmentedRaftLogWorker: Rolling segment log-137_170 to index:170
2022-07-06 17:19:56,179 [grpc-default-executor-0] INFO  server.RaftServer$Division (RaftServerImpl.java:requestVote(1205)) - s1@group-CD87ED06CC9F replies to ELECTION vote request: s2<-s1#0:OK-t6. Peer's state: s1@group-CD87ED06CC9F:t6, leader=null, voted=s2, raftlog=s1@group-CD87ED06CC9F-SegmentedRaftLog:OPENED:c170, conf=137: [s0|rpc:localhost:46837|admin:localhost:40145|client:localhost:44183|dataStream:localhost:36771|priority:0, s1|rpc:localhost:36769|admin:localhost:40151|client:localhost:35673|dataStream:localhost:44419|priority:0, s2|rpc:localhost:42693|admin:localhost:37755|client:localhost:34689|dataStream:localhost:44561|priority:0], old=null
2022-07-06 17:19:56,215 [s2@group-CD87ED06CC9F-LeaderElection14] INFO  server.RaftServer$Division (ServerState.java:setRaftConf(397)) - s2@group-CD87ED06CC9F: set configuration 171: [s0|rpc:localhost:46837|admin:localhost:40145|client:localhost:44183|dataStream:localhost:36771|priority:0, s1|rpc:localhost:36769|admin:localhost:40151|client:localhost:35673|dataStream:localhost:44419|priority:0, s2|rpc:localhost:42693|admin:localhost:37755|client:localhost:34689|dataStream:localhost:44561|priority:0], old=null
2022-07-06 17:19:56,216 [s0-server-thread1] INFO  server.RaftServer$Division (ServerState.java:setLeader(291)) - s0@group-CD87ED06CC9F: change Leader from null to s2 at term 6 for appendEntries, leader elected after 64ms
2022-07-06 17:19:56,216 [s0-server-thread1] INFO  server.RaftServer$Division (ServerState.java:setRaftConf(397)) - s0@group-CD87ED06CC9F: set configuration 171: [s0|rpc:localhost:46837|admin:localhost:40145|client:localhost:44183|dataStream:localhost:36771|priority:0, s1|rpc:localhost:36769|admin:localhost:40151|client:localhost:35673|dataStream:localhost:44419|priority:0, s2|rpc:localhost:42693|admin:localhost:37755|client:localhost:34689|dataStream:localhost:44561|priority:0], old=null
2022-07-06 17:19:56,216 [s0-server-thread1] INFO  segmented.SegmentedRaftLogWorker (SegmentedRaftLogWorker.java:rollLogSegment(430)) - s0@group-CD87ED06CC9F-SegmentedRaftLogWorker: Rolling segment log-137_170 to index:170
2022-07-06 17:19:56,217 [s0@group-CD87ED06CC9F-SegmentedRaftLogWorker] TRACE util.FileUtils (LogUtils.java:runAndLog(49)) - Successfully ran Files.move /home/runner/work/ratis/ratis/ratis-test/target/test/data/f67faa4/MiniRaftClusterWithRpcTypeGrpcAndDataStreamTypeNetty2681f6d6/s0/802761fa-1bbd-4ac8-a343-cd87ed06cc9f/current/log_inprogress_137 to /home/runner/work/ratis/ratis/ratis-test/target/test/data/f67faa4/MiniRaftClusterWithRpcTypeGrpcAndDataStreamTypeNetty2681f6d6/s0/802761fa-1bbd-4ac8-a343-cd87ed06cc9f/current/log_137-170
2022-07-06 17:19:56,217 [s0@group-CD87ED06CC9F-SegmentedRaftLogWorker] INFO  segmented.SegmentedRaftLogWorker (SegmentedRaftLogWorker.java:execute(586)) - s0@group-CD87ED06CC9F-SegmentedRaftLogWorker: Rolled log segment from /home/runner/work/ratis/ratis/ratis-test/target/test/data/f67faa4/MiniRaftClusterWithRpcTypeGrpcAndDataStreamTypeNetty2681f6d6/s0/802761fa-1bbd-4ac8-a343-cd87ed06cc9f/current/log_inprogress_137 to /home/runner/work/ratis/ratis/ratis-test/target/test/data/f67faa4/MiniRaftClusterWithRpcTypeGrpcAndDataStreamTypeNetty2681f6d6/s0/802761fa-1bbd-4ac8-a343-cd87ed06cc9f/current/log_137-170
2022-07-06 17:19:56,238 [s1-server-thread1] INFO  server.RaftServer$Division (ServerState.java:setLeader(291)) - s1@group-CD87ED06CC9F: change Leader from null to s2 at term 6 for appendEntries, leader elected after 80ms
2022-07-06 17:19:56,247 [s0@group-CD87ED06CC9F-SegmentedRaftLogWorker] INFO  segmented.SegmentedRaftLogWorker (SegmentedRaftLogWorker.java:execute(629)) - s0@group-CD87ED06CC9F-SegmentedRaftLogWorker: created new log segment /home/runner/work/ratis/ratis/ratis-test/target/test/data/f67faa4/MiniRaftClusterWithRpcTypeGrpcAndDataStreamTypeNetty2681f6d6/s0/802761fa-1bbd-4ac8-a343-cd87ed06cc9f/current/log_inprogress_171
2022-07-06 17:19:56,253 [s1-server-thread1] INFO  server.RaftServer$Division (ServerState.java:setRaftConf(397)) - s1@group-CD87ED06CC9F: set configuration 171: [s0|rpc:localhost:46837|admin:localhost:40145|client:localhost:44183|dataStream:localhost:36771|priority:0, s1|rpc:localhost:36769|admin:localhost:40151|client:localhost:35673|dataStream:localhost:44419|priority:0, s2|rpc:localhost:42693|admin:localhost:37755|client:localhost:34689|dataStream:localhost:44561|priority:0], old=null
2022-07-06 17:19:56,253 [s1-server-thread1] INFO  segmented.SegmentedRaftLogWorker (SegmentedRaftLogWorker.java:rollLogSegment(430)) - s1@group-CD87ED06CC9F-SegmentedRaftLogWorker: Rolling segment log-137_170 to index:170
2022-07-06 17:19:56,254 [s1@group-CD87ED06CC9F-SegmentedRaftLogWorker] TRACE util.FileUtils (LogUtils.java:runAndLog(49)) - Successfully ran Files.move /home/runner/work/ratis/ratis/ratis-test/target/test/data/f67faa4/MiniRaftClusterWithRpcTypeGrpcAndDataStreamTypeNetty2681f6d6/s1/802761fa-1bbd-4ac8-a343-cd87ed06cc9f/current/log_inprogress_137 to /home/runner/work/ratis/ratis/ratis-test/target/test/data/f67faa4/MiniRaftClusterWithRpcTypeGrpcAndDataStreamTypeNetty2681f6d6/s1/802761fa-1bbd-4ac8-a343-cd87ed06cc9f/current/log_137-170
2022-07-06 17:19:56,254 [s1@group-CD87ED06CC9F-SegmentedRaftLogWorker] INFO  segmented.SegmentedRaftLogWorker (SegmentedRaftLogWorker.java:execute(586)) - s1@group-CD87ED06CC9F-SegmentedRaftLogWorker: Rolled log segment from /home/runner/work/ratis/ratis/ratis-test/target/test/data/f67faa4/MiniRaftClusterWithRpcTypeGrpcAndDataStreamTypeNetty2681f6d6/s1/802761fa-1bbd-4ac8-a343-cd87ed06cc9f/current/log_inprogress_137 to /home/runner/work/ratis/ratis/ratis-test/target/test/data/f67faa4/MiniRaftClusterWithRpcTypeGrpcAndDataStreamTypeNetty2681f6d6/s1/802761fa-1bbd-4ac8-a343-cd87ed06cc9f/current/log_137-170
2022-07-06 17:19:56,271 [s1@group-CD87ED06CC9F-SegmentedRaftLogWorker] INFO  segmented.SegmentedRaftLogWorker (SegmentedRaftLogWorker.java:execute(629)) - s1@group-CD87ED06CC9F-SegmentedRaftLogWorker: created new log segment /home/runner/work/ratis/ratis/ratis-test/target/test/data/f67faa4/MiniRaftClusterWithRpcTypeGrpcAndDataStreamTypeNetty2681f6d6/s1/802761fa-1bbd-4ac8-a343-cd87ed06cc9f/current/log_inprogress_171
2022-07-06 17:20:00,924 [pool-9-thread-15] INFO  datastream.DataStreamTestUtils (DataStreamTestUtils.java:writeAndCloseAndAssertReplies(320)) - Stream450: bytesWritten=3740481
2022-07-06 17:20:01,005 [pool-9-thread-3] INFO  datastream.DataStreamTestUtils (DataStreamTestUtils.java:writeAndCloseAndAssertReplies(320)) - Stream460: bytesWritten=3751507
2022-07-06 17:20:01,080 [pool-9-thread-14] INFO  datastream.DataStreamTestUtils (DataStreamTestUtils.java:writeAndCloseAndAssertReplies(320)) - Stream462: bytesWritten=3732068
2022-07-06 17:20:01,104 [pool-9-thread-8] INFO  datastream.DataStreamTestUtils (DataStreamTestUtils.java:writeAndCloseAndAssertReplies(320)) - Stream461: bytesWritten=3731832
2022-07-06 17:20:02,399 [pool-9-thread-11] INFO  datastream.DataStreamTestUtils (DataStreamTestUtils.java:writeAndCloseAndAssertReplies(320)) - Stream463: bytesWritten=3747797
2022-07-06 17:20:03,130 [pool-9-thread-12] INFO  datastream.DataStreamTestUtils (DataStreamTestUtils.java:writeAndCloseAndAssertReplies(320)) - Stream464: bytesWritten=3749375
2022-07-06 17:20:03,192 [pool-9-thread-13] INFO  datastream.DataStreamTestUtils (DataStreamTestUtils.java:writeAndCloseAndAssertReplies(320)) - Stream465: bytesWritten=3743806
2022-07-06 17:20:03,585 [Timer-2] INFO  impl.MiniRaftCluster (MiniRaftCluster.java:lambda$null$6(323)) - TIMED-PRINT: printing ALL groups
  s0:  RUNNING  FOLLOWER s0@group-CD87ED06CC9F:t6, leader=s2, voted=s2, raftlog=s0@group-CD87ED06CC9F-SegmentedRaftLog:OPENED:c170, conf=171: [s0|rpc:localhost:46837|admin:localhost:40145|client:localhost:44183|dataStream:localhost:36771|priority:0, s1|rpc:localhost:36769|admin:localhost:40151|client:localhost:35673|dataStream:localhost:44419|priority:0, s2|rpc:localhost:42693|admin:localhost:37755|client:localhost:34689|dataStream:localhost:44561|priority:0], old=null RUNNING
  s1:  RUNNING  FOLLOWER s1@group-CD87ED06CC9F:t6, leader=s2, voted=s2, raftlog=s1@group-CD87ED06CC9F-SegmentedRaftLog:OPENED:c170, conf=171: [s0|rpc:localhost:46837|admin:localhost:40145|client:localhost:44183|dataStream:localhost:36771|priority:0, s1|rpc:localhost:36769|admin:localhost:40151|client:localhost:35673|dataStream:localhost:44419|priority:0, s2|rpc:localhost:42693|admin:localhost:37755|client:localhost:34689|dataStream:localhost:44561|priority:0], old=null RUNNING
  s2:  RUNNING    LEADER s2@group-CD87ED06CC9F:t6, leader=s2, voted=s2, raftlog=s2@group-CD87ED06CC9F-SegmentedRaftLog:OPENED:c136, conf=171: [s0|rpc:localhost:46837|admin:localhost:40145|client:localhost:44183|dataStream:localhost:36771|priority:0, s1|rpc:localhost:36769|admin:localhost:40151|client:localhost:35673|dataStream:localhost:44419|priority:0, s2|rpc:localhost:42693|admin:localhost:37755|client:localhost:34689|dataStream:localhost:44561|priority:0], old=null RUNNING
2022-07-06 17:20:13,586 [Timer-2] INFO  impl.MiniRaftCluster (MiniRaftCluster.java:lambda$null$6(323)) - TIMED-PRINT: printing ALL groups
  s0:  RUNNING  FOLLOWER s0@group-CD87ED06CC9F:t6, leader=s2, voted=s2, raftlog=s0@group-CD87ED06CC9F-SegmentedRaftLog:OPENED:c170, conf=171: [s0|rpc:localhost:46837|admin:localhost:40145|client:localhost:44183|dataStream:localhost:36771|priority:0, s1|rpc:localhost:36769|admin:localhost:40151|client:localhost:35673|dataStream:localhost:44419|priority:0, s2|rpc:localhost:42693|admin:localhost:37755|client:localhost:34689|dataStream:localhost:44561|priority:0], old=null RUNNING
  s1:  RUNNING  FOLLOWER s1@group-CD87ED06CC9F:t6, leader=s2, voted=s2, raftlog=s1@group-CD87ED06CC9F-SegmentedRaftLog:OPENED:c170, conf=171: [s0|rpc:localhost:46837|admin:localhost:40145|client:localhost:44183|dataStream:localhost:36771|priority:0, s1|rpc:localhost:36769|admin:localhost:40151|client:localhost:35673|dataStream:localhost:44419|priority:0, s2|rpc:localhost:42693|admin:localhost:37755|client:localhost:34689|dataStream:localhost:44561|priority:0], old=null RUNNING
  s2:  RUNNING    LEADER s2@group-CD87ED06CC9F:t6, leader=s2, voted=s2, raftlog=s2@group-CD87ED06CC9F-SegmentedRaftLog:OPENED:c136, conf=171: [s0|rpc:localhost:46837|admin:localhost:40145|client:localhost:44183|dataStream:localhost:36771|priority:0, s1|rpc:localhost:36769|admin:localhost:40151|client:localhost:35673|dataStream:localhost:44419|priority:0, s2|rpc:localhost:42693|admin:localhost:37755|client:localhost:34689|dataStream:localhost:44561|priority:0], old=null RUNNING
2022-07-06 17:20:23,585 [Timer-2] INFO  impl.MiniRaftCluster (MiniRaftCluster.java:lambda$null$6(323)) - TIMED-PRINT: printing ALL groups
  s0:  RUNNING  FOLLOWER s0@group-CD87ED06CC9F:t6, leader=s2, voted=s2, raftlog=s0@group-CD87ED06CC9F-SegmentedRaftLog:OPENED:c170, conf=171: [s0|rpc:localhost:46837|admin:localhost:40145|client:localhost:44183|dataStream:localhost:36771|priority:0, s1|rpc:localhost:36769|admin:localhost:40151|client:localhost:35673|dataStream:localhost:44419|priority:0, s2|rpc:localhost:42693|admin:localhost:37755|client:localhost:34689|dataStream:localhost:44561|priority:0], old=null RUNNING
  s1:  RUNNING  FOLLOWER s1@group-CD87ED06CC9F:t6, leader=s2, voted=s2, raftlog=s1@group-CD87ED06CC9F-SegmentedRaftLog:OPENED:c170, conf=171: [s0|rpc:localhost:46837|admin:localhost:40145|client:localhost:44183|dataStream:localhost:36771|priority:0, s1|rpc:localhost:36769|admin:localhost:40151|client:localhost:35673|dataStream:localhost:44419|priority:0, s2|rpc:localhost:42693|admin:localhost:37755|client:localhost:34689|dataStream:localhost:44561|priority:0], old=null RUNNING
  s2:  RUNNING    LEADER s2@group-CD87ED06CC9F:t6, leader=s2, voted=s2, raftlog=s2@group-CD87ED06CC9F-SegmentedRaftLog:OPENED:c136, conf=171: [s0|rpc:localhost:46837|admin:localhost:40145|client:localhost:44183|dataStream:localhost:36771|priority:0, s1|rpc:localhost:36769|admin:localhost:40151|client:localhost:35673|dataStream:localhost:44419|priority:0, s2|rpc:localhost:42693|admin:localhost:37755|client:localhost:34689|dataStream:localhost:44561|priority:0], old=null RUNNING
2022-07-06 17:20:33,586 [Timer-2] INFO  impl.MiniRaftCluster (MiniRaftCluster.java:lambda$null$6(323)) - TIMED-PRINT: printing ALL groups
  s0:  RUNNING  FOLLOWER s0@group-CD87ED06CC9F:t6, leader=s2, voted=s2, raftlog=s0@group-CD87ED06CC9F-SegmentedRaftLog:OPENED:c170, conf=171: [s0|rpc:localhost:46837|admin:localhost:40145|client:localhost:44183|dataStream:localhost:36771|priority:0, s1|rpc:localhost:36769|admin:localhost:40151|client:localhost:35673|dataStream:localhost:44419|priority:0, s2|rpc:localhost:42693|admin:localhost:37755|client:localhost:34689|dataStream:localhost:44561|priority:0], old=null RUNNING
  s1:  RUNNING  FOLLOWER s1@group-CD87ED06CC9F:t6, leader=s2, voted=s2, raftlog=s1@group-CD87ED06CC9F-SegmentedRaftLog:OPENED:c170, conf=171: [s0|rpc:localhost:46837|admin:localhost:40145|client:localhost:44183|dataStream:localhost:36771|priority:0, s1|rpc:localhost:36769|admin:localhost:40151|client:localhost:35673|dataStream:localhost:44419|priority:0, s2|rpc:localhost:42693|admin:localhost:37755|client:localhost:34689|dataStream:localhost:44561|priority:0], old=null RUNNING
  s2:  RUNNING    LEADER s2@group-CD87ED06CC9F:t6, leader=s2, voted=s2, raftlog=s2@group-CD87ED06CC9F-SegmentedRaftLog:OPENED:c136, conf=171: [s0|rpc:localhost:46837|admin:localhost:40145|client:localhost:44183|dataStream:localhost:36771|priority:0, s1|rpc:localhost:36769|admin:localhost:40151|client:localhost:35673|dataStream:localhost:44419|priority:0, s2|rpc:localhost:42693|admin:localhost:37755|client:localhost:34689|dataStream:localhost:44561|priority:0], old=null RUNNING
2022-07-06 17:20:43,585 [Timer-2] INFO  impl.MiniRaftCluster (MiniRaftCluster.java:lambda$null$6(323)) - TIMED-PRINT: printing ALL groups
  s0:  RUNNING  FOLLOWER s0@group-CD87ED06CC9F:t6, leader=s2, voted=s2, raftlog=s0@group-CD87ED06CC9F-SegmentedRaftLog:OPENED:c170, conf=171: [s0|rpc:localhost:46837|admin:localhost:40145|client:localhost:44183|dataStream:localhost:36771|priority:0, s1|rpc:localhost:36769|admin:localhost:40151|client:localhost:35673|dataStream:localhost:44419|priority:0, s2|rpc:localhost:42693|admin:localhost:37755|client:localhost:34689|dataStream:localhost:44561|priority:0], old=null RUNNING
  s1:  RUNNING  FOLLOWER s1@group-CD87ED06CC9F:t6, leader=s2, voted=s2, raftlog=s1@group-CD87ED06CC9F-SegmentedRaftLog:OPENED:c170, conf=171: [s0|rpc:localhost:46837|admin:localhost:40145|client:localhost:44183|dataStream:localhost:36771|priority:0, s1|rpc:localhost:36769|admin:localhost:40151|client:localhost:35673|dataStream:localhost:44419|priority:0, s2|rpc:localhost:42693|admin:localhost:37755|client:localhost:34689|dataStream:localhost:44561|priority:0], old=null RUNNING
  s2:  RUNNING    LEADER s2@group-CD87ED06CC9F:t6, leader=s2, voted=s2, raftlog=s2@group-CD87ED06CC9F-SegmentedRaftLog:OPENED:c136, conf=171: [s0|rpc:localhost:46837|admin:localhost:40145|client:localhost:44183|dataStream:localhost:36771|priority:0, s1|rpc:localhost:36769|admin:localhost:40151|client:localhost:35673|dataStream:localhost:44419|priority:0, s2|rpc:localhost:42693|admin:localhost:37755|client:localhost:34689|dataStream:localhost:44561|priority:0], old=null RUNNING
2022-07-06 17:20:53,586 [Timer-2] INFO  impl.MiniRaftCluster (MiniRaftCluster.java:lambda$null$6(323)) - TIMED-PRINT: printing ALL groups
  s0:  RUNNING  FOLLOWER s0@group-CD87ED06CC9F:t6, leader=s2, voted=s2, raftlog=s0@group-CD87ED06CC9F-SegmentedRaftLog:OPENED:c170, conf=171: [s0|rpc:localhost:46837|admin:localhost:40145|client:localhost:44183|dataStream:localhost:36771|priority:0, s1|rpc:localhost:36769|admin:localhost:40151|client:localhost:35673|dataStream:localhost:44419|priority:0, s2|rpc:localhost:42693|admin:localhost:37755|client:localhost:34689|dataStream:localhost:44561|priority:0], old=null RUNNING
  s1:  RUNNING  FOLLOWER s1@group-CD87ED06CC9F:t6, leader=s2, voted=s2, raftlog=s1@group-CD87ED06CC9F-SegmentedRaftLog:OPENED:c170, conf=171: [s0|rpc:localhost:46837|admin:localhost:40145|client:localhost:44183|dataStream:localhost:36771|priority:0, s1|rpc:localhost:36769|admin:localhost:40151|client:localhost:35673|dataStream:localhost:44419|priority:0, s2|rpc:localhost:42693|admin:localhost:37755|client:localhost:34689|dataStream:localhost:44561|priority:0], old=null RUNNING
  s2:  RUNNING    LEADER s2@group-CD87ED06CC9F:t6, leader=s2, voted=s2, raftlog=s2@group-CD87ED06CC9F-SegmentedRaftLog:OPENED:c136, conf=171: [s0|rpc:localhost:46837|admin:localhost:40145|client:localhost:44183|dataStream:localhost:36771|priority:0, s1|rpc:localhost:36769|admin:localhost:40151|client:localhost:35673|dataStream:localhost:44419|priority:0, s2|rpc:localhost:42693|admin:localhost:37755|client:localhost:34689|dataStream:localhost:44561|priority:0], old=null RUNNING
2022-07-06 17:21:03,585 [Timer-2] INFO  impl.MiniRaftCluster (MiniRaftCluster.java:lambda$null$6(323)) - TIMED-PRINT: printing ALL groups
  s0:  RUNNING  FOLLOWER s0@group-CD87ED06CC9F:t6, leader=s2, voted=s2, raftlog=s0@group-CD87ED06CC9F-SegmentedRaftLog:OPENED:c170, conf=171: [s0|rpc:localhost:46837|admin:localhost:40145|client:localhost:44183|dataStream:localhost:36771|priority:0, s1|rpc:localhost:36769|admin:localhost:40151|client:localhost:35673|dataStream:localhost:44419|priority:0, s2|rpc:localhost:42693|admin:localhost:37755|client:localhost:34689|dataStream:localhost:44561|priority:0], old=null RUNNING
  s1:  RUNNING  FOLLOWER s1@group-CD87ED06CC9F:t6, leader=s2, voted=s2, raftlog=s1@group-CD87ED06CC9F-SegmentedRaftLog:OPENED:c170, conf=171: [s0|rpc:localhost:46837|admin:localhost:40145|client:localhost:44183|dataStream:localhost:36771|priority:0, s1|rpc:localhost:36769|admin:localhost:40151|client:localhost:35673|dataStream:localhost:44419|priority:0, s2|rpc:localhost:42693|admin:localhost:37755|client:localhost:34689|dataStream:localhost:44561|priority:0], old=null RUNNING
  s2:  RUNNING    LEADER s2@group-CD87ED06CC9F:t6, leader=s2, voted=s2, raftlog=s2@group-CD87ED06CC9F-SegmentedRaftLog:OPENED:c136, conf=171: [s0|rpc:localhost:46837|admin:localhost:40145|client:localhost:44183|dataStream:localhost:36771|priority:0, s1|rpc:localhost:36769|admin:localhost:40151|client:localhost:35673|dataStream:localhost:44419|priority:0, s2|rpc:localhost:42693|admin:localhost:37755|client:localhost:34689|dataStream:localhost:44561|priority:0], old=null RUNNING
2022-07-06 17:21:13,586 [Timer-2] INFO  impl.MiniRaftCluster (MiniRaftCluster.java:lambda$null$6(323)) - TIMED-PRINT: printing ALL groups
  s0:  RUNNING  FOLLOWER s0@group-CD87ED06CC9F:t6, leader=s2, voted=s2, raftlog=s0@group-CD87ED06CC9F-SegmentedRaftLog:OPENED:c170, conf=171: [s0|rpc:localhost:46837|admin:localhost:40145|client:localhost:44183|dataStream:localhost:36771|priority:0, s1|rpc:localhost:36769|admin:localhost:40151|client:localhost:35673|dataStream:localhost:44419|priority:0, s2|rpc:localhost:42693|admin:localhost:37755|client:localhost:34689|dataStream:localhost:44561|priority:0], old=null RUNNING
  s1:  RUNNING  FOLLOWER s1@group-CD87ED06CC9F:t6, leader=s2, voted=s2, raftlog=s1@group-CD87ED06CC9F-SegmentedRaftLog:OPENED:c170, conf=171: [s0|rpc:localhost:46837|admin:localhost:40145|client:localhost:44183|dataStream:localhost:36771|priority:0, s1|rpc:localhost:36769|admin:localhost:40151|client:localhost:35673|dataStream:localhost:44419|priority:0, s2|rpc:localhost:42693|admin:localhost:37755|client:localhost:34689|dataStream:localhost:44561|priority:0], old=null RUNNING
  s2:  RUNNING    LEADER s2@group-CD87ED06CC9F:t6, leader=s2, voted=s2, raftlog=s2@group-CD87ED06CC9F-SegmentedRaftLog:OPENED:c136, conf=171: [s0|rpc:localhost:46837|admin:localhost:40145|client:localhost:44183|dataStream:localhost:36771|priority:0, s1|rpc:localhost:36769|admin:localhost:40151|client:localhost:35673|dataStream:localhost:44419|priority:0, s2|rpc:localhost:42693|admin:localhost:37755|client:localhost:34689|dataStream:localhost:44561|priority:0], old=null RUNNING
2022-07-06 17:21:23,585 [Timer-2] INFO  impl.MiniRaftCluster (MiniRaftCluster.java:lambda$null$6(323)) - TIMED-PRINT: printing ALL groups
  s0:  RUNNING  FOLLOWER s0@group-CD87ED06CC9F:t6, leader=s2, voted=s2, raftlog=s0@group-CD87ED06CC9F-SegmentedRaftLog:OPENED:c170, conf=171: [s0|rpc:localhost:46837|admin:localhost:40145|client:localhost:44183|dataStream:localhost:36771|priority:0, s1|rpc:localhost:36769|admin:localhost:40151|client:localhost:35673|dataStream:localhost:44419|priority:0, s2|rpc:localhost:42693|admin:localhost:37755|client:localhost:34689|dataStream:localhost:44561|priority:0], old=null RUNNING
  s1:  RUNNING  FOLLOWER s1@group-CD87ED06CC9F:t6, leader=s2, voted=s2, raftlog=s1@group-CD87ED06CC9F-SegmentedRaftLog:OPENED:c170, conf=171: [s0|rpc:localhost:46837|admin:localhost:40145|client:localhost:44183|dataStream:localhost:36771|priority:0, s1|rpc:localhost:36769|admin:localhost:40151|client:localhost:35673|dataStream:localhost:44419|priority:0, s2|rpc:localhost:42693|admin:localhost:37755|client:localhost:34689|dataStream:localhost:44561|priority:0], old=null RUNNING
  s2:  RUNNING    LEADER s2@group-CD87ED06CC9F:t6, leader=s2, voted=s2, raftlog=s2@group-CD87ED06CC9F-SegmentedRaftLog:OPENED:c136, conf=171: [s0|rpc:localhost:46837|admin:localhost:40145|client:localhost:44183|dataStream:localhost:36771|priority:0, s1|rpc:localhost:36769|admin:localhost:40151|client:localhost:35673|dataStream:localhost:44419|priority:0, s2|rpc:localhost:42693|admin:localhost:37755|client:localhost:34689|dataStream:localhost:44561|priority:0], old=null RUNNING
2022-07-06 17:21:33,586 [Timer-2] INFO  impl.MiniRaftCluster (MiniRaftCluster.java:lambda$null$6(323)) - TIMED-PRINT: printing ALL groups
  s0:  RUNNING  FOLLOWER s0@group-CD87ED06CC9F:t6, leader=s2, voted=s2, raftlog=s0@group-CD87ED06CC9F-SegmentedRaftLog:OPENED:c170, conf=171: [s0|rpc:localhost:46837|admin:localhost:40145|client:localhost:44183|dataStream:localhost:36771|priority:0, s1|rpc:localhost:36769|admin:localhost:40151|client:localhost:35673|dataStream:localhost:44419|priority:0, s2|rpc:localhost:42693|admin:localhost:37755|client:localhost:34689|dataStream:localhost:44561|priority:0], old=null RUNNING
  s1:  RUNNING  FOLLOWER s1@group-CD87ED06CC9F:t6, leader=s2, voted=s2, raftlog=s1@group-CD87ED06CC9F-SegmentedRaftLog:OPENED:c170, conf=171: [s0|rpc:localhost:46837|admin:localhost:40145|client:localhost:44183|dataStream:localhost:36771|priority:0, s1|rpc:localhost:36769|admin:localhost:40151|client:localhost:35673|dataStream:localhost:44419|priority:0, s2|rpc:localhost:42693|admin:localhost:37755|client:localhost:34689|dataStream:localhost:44561|priority:0], old=null RUNNING
  s2:  RUNNING    LEADER s2@group-CD87ED06CC9F:t6, leader=s2, voted=s2, raftlog=s2@group-CD87ED06CC9F-SegmentedRaftLog:OPENED:c136, conf=171: [s0|rpc:localhost:46837|admin:localhost:40145|client:localhost:44183|dataStream:localhost:36771|priority:0, s1|rpc:localhost:36769|admin:localhost:40151|client:localhost:35673|dataStream:localhost:44419|priority:0, s2|rpc:localhost:42693|admin:localhost:37755|client:localhost:34689|dataStream:localhost:44561|priority:0], old=null RUNNING
2022-07-06 17:21:43,586 [Timer-2] INFO  impl.MiniRaftCluster (MiniRaftCluster.java:lambda$null$6(323)) - TIMED-PRINT: printing ALL groups
  s0:  RUNNING  FOLLOWER s0@group-CD87ED06CC9F:t6, leader=s2, voted=s2, raftlog=s0@group-CD87ED06CC9F-SegmentedRaftLog:OPENED:c170, conf=171: [s0|rpc:localhost:46837|admin:localhost:40145|client:localhost:44183|dataStream:localhost:36771|priority:0, s1|rpc:localhost:36769|admin:localhost:40151|client:localhost:35673|dataStream:localhost:44419|priority:0, s2|rpc:localhost:42693|admin:localhost:37755|client:localhost:34689|dataStream:localhost:44561|priority:0], old=null RUNNING
  s1:  RUNNING  FOLLOWER s1@group-CD87ED06CC9F:t6, leader=s2, voted=s2, raftlog=s1@group-CD87ED06CC9F-SegmentedRaftLog:OPENED:c170, conf=171: [s0|rpc:localhost:46837|admin:localhost:40145|client:localhost:44183|dataStream:localhost:36771|priority:0, s1|rpc:localhost:36769|admin:localhost:40151|client:localhost:35673|dataStream:localhost:44419|priority:0, s2|rpc:localhost:42693|admin:localhost:37755|client:localhost:34689|dataStream:localhost:44561|priority:0], old=null RUNNING
  s2:  RUNNING    LEADER s2@group-CD87ED06CC9F:t6, leader=s2, voted=s2, raftlog=s2@group-CD87ED06CC9F-SegmentedRaftLog:OPENED:c136, conf=171: [s0|rpc:localhost:46837|admin:localhost:40145|client:localhost:44183|dataStream:localhost:36771|priority:0, s1|rpc:localhost:36769|admin:localhost:40151|client:localhost:35673|dataStream:localhost:44419|priority:0, s2|rpc:localhost:42693|admin:localhost:37755|client:localhost:34689|dataStream:localhost:44561|priority:0], old=null RUNNING
2022-07-06 17:21:53,587 [Timer-2] INFO  impl.MiniRaftCluster (MiniRaftCluster.java:lambda$null$6(323)) - TIMED-PRINT: printing ALL groups
  s0:  RUNNING  FOLLOWER s0@group-CD87ED06CC9F:t6, leader=s2, voted=s2, raftlog=s0@group-CD87ED06CC9F-SegmentedRaftLog:OPENED:c170, conf=171: [s0|rpc:localhost:46837|admin:localhost:40145|client:localhost:44183|dataStream:localhost:36771|priority:0, s1|rpc:localhost:36769|admin:localhost:40151|client:localhost:35673|dataStream:localhost:44419|priority:0, s2|rpc:localhost:42693|admin:localhost:37755|client:localhost:34689|dataStream:localhost:44561|priority:0], old=null RUNNING
  s1:  RUNNING  FOLLOWER s1@group-CD87ED06CC9F:t6, leader=s2, voted=s2, raftlog=s1@group-CD87ED06CC9F-SegmentedRaftLog:OPENED:c170, conf=171: [s0|rpc:localhost:46837|admin:localhost:40145|client:localhost:44183|dataStream:localhost:36771|priority:0, s1|rpc:localhost:36769|admin:localhost:40151|client:localhost:35673|dataStream:localhost:44419|priority:0, s2|rpc:localhost:42693|admin:localhost:37755|client:localhost:34689|dataStream:localhost:44561|priority:0], old=null RUNNING
  s2:  RUNNING    LEADER s2@group-CD87ED06CC9F:t6, leader=s2, voted=s2, raftlog=s2@group-CD87ED06CC9F-SegmentedRaftLog:OPENED:c136, conf=171: [s0|rpc:localhost:46837|admin:localhost:40145|client:localhost:44183|dataStream:localhost:36771|priority:0, s1|rpc:localhost:36769|admin:localhost:40151|client:localhost:35673|dataStream:localhost:44419|priority:0, s2|rpc:localhost:42693|admin:localhost:37755|client:localhost:34689|dataStream:localhost:44561|priority:0], old=null RUNNING
2022-07-06 17:22:03,587 [Timer-2] INFO  impl.MiniRaftCluster (MiniRaftCluster.java:lambda$null$6(323)) - TIMED-PRINT: printing ALL groups
  s0:  RUNNING  FOLLOWER s0@group-CD87ED06CC9F:t6, leader=s2, voted=s2, raftlog=s0@group-CD87ED06CC9F-SegmentedRaftLog:OPENED:c170, conf=171: [s0|rpc:localhost:46837|admin:localhost:40145|client:localhost:44183|dataStream:localhost:36771|priority:0, s1|rpc:localhost:36769|admin:localhost:40151|client:localhost:35673|dataStream:localhost:44419|priority:0, s2|rpc:localhost:42693|admin:localhost:37755|client:localhost:34689|dataStream:localhost:44561|priority:0], old=null RUNNING
  s1:  RUNNING  FOLLOWER s1@group-CD87ED06CC9F:t6, leader=s2, voted=s2, raftlog=s1@group-CD87ED06CC9F-SegmentedRaftLog:OPENED:c170, conf=171: [s0|rpc:localhost:46837|admin:localhost:40145|client:localhost:44183|dataStream:localhost:36771|priority:0, s1|rpc:localhost:36769|admin:localhost:40151|client:localhost:35673|dataStream:localhost:44419|priority:0, s2|rpc:localhost:42693|admin:localhost:37755|client:localhost:34689|dataStream:localhost:44561|priority:0], old=null RUNNING
  s2:  RUNNING    LEADER s2@group-CD87ED06CC9F:t6, leader=s2, voted=s2, raftlog=s2@group-CD87ED06CC9F-SegmentedRaftLog:OPENED:c136, conf=171: [s0|rpc:localhost:46837|admin:localhost:40145|client:localhost:44183|dataStream:localhost:36771|priority:0, s1|rpc:localhost:36769|admin:localhost:40151|client:localhost:35673|dataStream:localhost:44419|priority:0, s2|rpc:localhost:42693|admin:localhost:37755|client:localhost:34689|dataStream:localhost:44561|priority:0], old=null RUNNING
2022-07-06 17:22:13,588 [Timer-2] INFO  impl.MiniRaftCluster (MiniRaftCluster.java:lambda$null$6(323)) - TIMED-PRINT: printing ALL groups
  s0:  RUNNING  FOLLOWER s0@group-CD87ED06CC9F:t6, leader=s2, voted=s2, raftlog=s0@group-CD87ED06CC9F-SegmentedRaftLog:OPENED:c170, conf=171: [s0|rpc:localhost:46837|admin:localhost:40145|client:localhost:44183|dataStream:localhost:36771|priority:0, s1|rpc:localhost:36769|admin:localhost:40151|client:localhost:35673|dataStream:localhost:44419|priority:0, s2|rpc:localhost:42693|admin:localhost:37755|client:localhost:34689|dataStream:localhost:44561|priority:0], old=null RUNNING
  s1:  RUNNING  FOLLOWER s1@group-CD87ED06CC9F:t6, leader=s2, voted=s2, raftlog=s1@group-CD87ED06CC9F-SegmentedRaftLog:OPENED:c170, conf=171: [s0|rpc:localhost:46837|admin:localhost:40145|client:localhost:44183|dataStream:localhost:36771|priority:0, s1|rpc:localhost:36769|admin:localhost:40151|client:localhost:35673|dataStream:localhost:44419|priority:0, s2|rpc:localhost:42693|admin:localhost:37755|client:localhost:34689|dataStream:localhost:44561|priority:0], old=null RUNNING
  s2:  RUNNING    LEADER s2@group-CD87ED06CC9F:t6, leader=s2, voted=s2, raftlog=s2@group-CD87ED06CC9F-SegmentedRaftLog:OPENED:c136, conf=171: [s0|rpc:localhost:46837|admin:localhost:40145|client:localhost:44183|dataStream:localhost:36771|priority:0, s1|rpc:localhost:36769|admin:localhost:40151|client:localhost:35673|dataStream:localhost:44419|priority:0, s2|rpc:localhost:42693|admin:localhost:37755|client:localhost:34689|dataStream:localhost:44561|priority:0], old=null RUNNING
2022-07-06 17:22:23,587 [Timer-2] INFO  impl.MiniRaftCluster (MiniRaftCluster.java:lambda$null$6(323)) - TIMED-PRINT: printing ALL groups
  s0:  RUNNING  FOLLOWER s0@group-CD87ED06CC9F:t6, leader=s2, voted=s2, raftlog=s0@group-CD87ED06CC9F-SegmentedRaftLog:OPENED:c170, conf=171: [s0|rpc:localhost:46837|admin:localhost:40145|client:localhost:44183|dataStream:localhost:36771|priority:0, s1|rpc:localhost:36769|admin:localhost:40151|client:localhost:35673|dataStream:localhost:44419|priority:0, s2|rpc:localhost:42693|admin:localhost:37755|client:localhost:34689|dataStream:localhost:44561|priority:0], old=null RUNNING
  s1:  RUNNING  FOLLOWER s1@group-CD87ED06CC9F:t6, leader=s2, voted=s2, raftlog=s1@group-CD87ED06CC9F-SegmentedRaftLog:OPENED:c170, conf=171: [s0|rpc:localhost:46837|admin:localhost:40145|client:localhost:44183|dataStream:localhost:36771|priority:0, s1|rpc:localhost:36769|admin:localhost:40151|client:localhost:35673|dataStream:localhost:44419|priority:0, s2|rpc:localhost:42693|admin:localhost:37755|client:localhost:34689|dataStream:localhost:44561|priority:0], old=null RUNNING
  s2:  RUNNING    LEADER s2@group-CD87ED06CC9F:t6, leader=s2, voted=s2, raftlog=s2@group-CD87ED06CC9F-SegmentedRaftLog:OPENED:c136, conf=171: [s0|rpc:localhost:46837|admin:localhost:40145|client:localhost:44183|dataStream:localhost:36771|priority:0, s1|rpc:localhost:36769|admin:localhost:40151|client:localhost:35673|dataStream:localhost:44419|priority:0, s2|rpc:localhost:42693|admin:localhost:37755|client:localhost:34689|dataStream:localhost:44561|priority:0], old=null RUNNING
2022-07-06 17:22:33,588 [Timer-2] INFO  impl.MiniRaftCluster (MiniRaftCluster.java:lambda$null$6(323)) - TIMED-PRINT: printing ALL groups
  s0:  RUNNING  FOLLOWER s0@group-CD87ED06CC9F:t6, leader=s2, voted=s2, raftlog=s0@group-CD87ED06CC9F-SegmentedRaftLog:OPENED:c170, conf=171: [s0|rpc:localhost:46837|admin:localhost:40145|client:localhost:44183|dataStream:localhost:36771|priority:0, s1|rpc:localhost:36769|admin:localhost:40151|client:localhost:35673|dataStream:localhost:44419|priority:0, s2|rpc:localhost:42693|admin:localhost:37755|client:localhost:34689|dataStream:localhost:44561|priority:0], old=null RUNNING
  s1:  RUNNING  FOLLOWER s1@group-CD87ED06CC9F:t6, leader=s2, voted=s2, raftlog=s1@group-CD87ED06CC9F-SegmentedRaftLog:OPENED:c170, conf=171: [s0|rpc:localhost:46837|admin:localhost:40145|client:localhost:44183|dataStream:localhost:36771|priority:0, s1|rpc:localhost:36769|admin:localhost:40151|client:localhost:35673|dataStream:localhost:44419|priority:0, s2|rpc:localhost:42693|admin:localhost:37755|client:localhost:34689|dataStream:localhost:44561|priority:0], old=null RUNNING
  s2:  RUNNING    LEADER s2@group-CD87ED06CC9F:t6, leader=s2, voted=s2, raftlog=s2@group-CD87ED06CC9F-SegmentedRaftLog:OPENED:c136, conf=171: [s0|rpc:localhost:46837|admin:localhost:40145|client:localhost:44183|dataStream:localhost:36771|priority:0, s1|rpc:localhost:36769|admin:localhost:40151|client:localhost:35673|dataStream:localhost:44419|priority:0, s2|rpc:localhost:42693|admin:localhost:37755|client:localhost:34689|dataStream:localhost:44561|priority:0], old=null RUNNING
2022-07-06 17:22:43,587 [Timer-2] INFO  impl.MiniRaftCluster (MiniRaftCluster.java:lambda$null$6(323)) - TIMED-PRINT: printing ALL groups
  s0:  RUNNING  FOLLOWER s0@group-CD87ED06CC9F:t6, leader=s2, voted=s2, raftlog=s0@group-CD87ED06CC9F-SegmentedRaftLog:OPENED:c170, conf=171: [s0|rpc:localhost:46837|admin:localhost:40145|client:localhost:44183|dataStream:localhost:36771|priority:0, s1|rpc:localhost:36769|admin:localhost:40151|client:localhost:35673|dataStream:localhost:44419|priority:0, s2|rpc:localhost:42693|admin:localhost:37755|client:localhost:34689|dataStream:localhost:44561|priority:0], old=null RUNNING
  s1:  RUNNING  FOLLOWER s1@group-CD87ED06CC9F:t6, leader=s2, voted=s2, raftlog=s1@group-CD87ED06CC9F-SegmentedRaftLog:OPENED:c170, conf=171: [s0|rpc:localhost:46837|admin:localhost:40145|client:localhost:44183|dataStream:localhost:36771|priority:0, s1|rpc:localhost:36769|admin:localhost:40151|client:localhost:35673|dataStream:localhost:44419|priority:0, s2|rpc:localhost:42693|admin:localhost:37755|client:localhost:34689|dataStream:localhost:44561|priority:0], old=null RUNNING
  s2:  RUNNING    LEADER s2@group-CD87ED06CC9F:t6, leader=s2, voted=s2, raftlog=s2@group-CD87ED06CC9F-SegmentedRaftLog:OPENED:c136, conf=171: [s0|rpc:localhost:46837|admin:localhost:40145|client:localhost:44183|dataStream:localhost:36771|priority:0, s1|rpc:localhost:36769|admin:localhost:40151|client:localhost:35673|dataStream:localhost:44419|priority:0, s2|rpc:localhost:42693|admin:localhost:37755|client:localhost:34689|dataStream:localhost:44561|priority:0], old=null RUNNING
2022-07-06 17:22:53,588 [Timer-2] INFO  impl.MiniRaftCluster (MiniRaftCluster.java:lambda$null$6(323)) - TIMED-PRINT: printing ALL groups
  s0:  RUNNING  FOLLOWER s0@group-CD87ED06CC9F:t6, leader=s2, voted=s2, raftlog=s0@group-CD87ED06CC9F-SegmentedRaftLog:OPENED:c170, conf=171: [s0|rpc:localhost:46837|admin:localhost:40145|client:localhost:44183|dataStream:localhost:36771|priority:0, s1|rpc:localhost:36769|admin:localhost:40151|client:localhost:35673|dataStream:localhost:44419|priority:0, s2|rpc:localhost:42693|admin:localhost:37755|client:localhost:34689|dataStream:localhost:44561|priority:0], old=null RUNNING
  s1:  RUNNING  FOLLOWER s1@group-CD87ED06CC9F:t6, leader=s2, voted=s2, raftlog=s1@group-CD87ED06CC9F-SegmentedRaftLog:OPENED:c170, conf=171: [s0|rpc:localhost:46837|admin:localhost:40145|client:localhost:44183|dataStream:localhost:36771|priority:0, s1|rpc:localhost:36769|admin:localhost:40151|client:localhost:35673|dataStream:localhost:44419|priority:0, s2|rpc:localhost:42693|admin:localhost:37755|client:localhost:34689|dataStream:localhost:44561|priority:0], old=null RUNNING
  s2:  RUNNING    LEADER s2@group-CD87ED06CC9F:t6, leader=s2, voted=s2, raftlog=s2@group-CD87ED06CC9F-SegmentedRaftLog:OPENED:c136, conf=171: [s0|rpc:localhost:46837|admin:localhost:40145|client:localhost:44183|dataStream:localhost:36771|priority:0, s1|rpc:localhost:36769|admin:localhost:40151|client:localhost:35673|dataStream:localhost:44419|priority:0, s2|rpc:localhost:42693|admin:localhost:37755|client:localhost:34689|dataStream:localhost:44561|priority:0], old=null RUNNING
2022-07-06 17:23:03,587 [Timer-2] INFO  impl.MiniRaftCluster (MiniRaftCluster.java:lambda$null$6(323)) - TIMED-PRINT: printing ALL groups
  s0:  RUNNING  FOLLOWER s0@group-CD87ED06CC9F:t6, leader=s2, voted=s2, raftlog=s0@group-CD87ED06CC9F-SegmentedRaftLog:OPENED:c170, conf=171: [s0|rpc:localhost:46837|admin:localhost:40145|client:localhost:44183|dataStream:localhost:36771|priority:0, s1|rpc:localhost:36769|admin:localhost:40151|client:localhost:35673|dataStream:localhost:44419|priority:0, s2|rpc:localhost:42693|admin:localhost:37755|client:localhost:34689|dataStream:localhost:44561|priority:0], old=null RUNNING
  s1:  RUNNING  FOLLOWER s1@group-CD87ED06CC9F:t6, leader=s2, voted=s2, raftlog=s1@group-CD87ED06CC9F-SegmentedRaftLog:OPENED:c170, conf=171: [s0|rpc:localhost:46837|admin:localhost:40145|client:localhost:44183|dataStream:localhost:36771|priority:0, s1|rpc:localhost:36769|admin:localhost:40151|client:localhost:35673|dataStream:localhost:44419|priority:0, s2|rpc:localhost:42693|admin:localhost:37755|client:localhost:34689|dataStream:localhost:44561|priority:0], old=null RUNNING
  s2:  RUNNING    LEADER s2@group-CD87ED06CC9F:t6, leader=s2, voted=s2, raftlog=s2@group-CD87ED06CC9F-SegmentedRaftLog:OPENED:c136, conf=171: [s0|rpc:localhost:46837|admin:localhost:40145|client:localhost:44183|dataStream:localhost:36771|priority:0, s1|rpc:localhost:36769|admin:localhost:40151|client:localhost:35673|dataStream:localhost:44419|priority:0, s2|rpc:localhost:42693|admin:localhost:37755|client:localhost:34689|dataStream:localhost:44561|priority:0], old=null RUNNING
2022-07-06 17:23:13,587 [Timer-2] INFO  impl.MiniRaftCluster (MiniRaftCluster.java:lambda$null$6(323)) - TIMED-PRINT: printing ALL groups
  s0:  RUNNING  FOLLOWER s0@group-CD87ED06CC9F:t6, leader=s2, voted=s2, raftlog=s0@group-CD87ED06CC9F-SegmentedRaftLog:OPENED:c170, conf=171: [s0|rpc:localhost:46837|admin:localhost:40145|client:localhost:44183|dataStream:localhost:36771|priority:0, s1|rpc:localhost:36769|admin:localhost:40151|client:localhost:35673|dataStream:localhost:44419|priority:0, s2|rpc:localhost:42693|admin:localhost:37755|client:localhost:34689|dataStream:localhost:44561|priority:0], old=null RUNNING
  s1:  RUNNING  FOLLOWER s1@group-CD87ED06CC9F:t6, leader=s2, voted=s2, raftlog=s1@group-CD87ED06CC9F-SegmentedRaftLog:OPENED:c170, conf=171: [s0|rpc:localhost:46837|admin:localhost:40145|client:localhost:44183|dataStream:localhost:36771|priority:0, s1|rpc:localhost:36769|admin:localhost:40151|client:localhost:35673|dataStream:localhost:44419|priority:0, s2|rpc:localhost:42693|admin:localhost:37755|client:localhost:34689|dataStream:localhost:44561|priority:0], old=null RUNNING
  s2:  RUNNING    LEADER s2@group-CD87ED06CC9F:t6, leader=s2, voted=s2, raftlog=s2@group-CD87ED06CC9F-SegmentedRaftLog:OPENED:c136, conf=171: [s0|rpc:localhost:46837|admin:localhost:40145|client:localhost:44183|dataStream:localhost:36771|priority:0, s1|rpc:localhost:36769|admin:localhost:40151|client:localhost:35673|dataStream:localhost:44419|priority:0, s2|rpc:localhost:42693|admin:localhost:37755|client:localhost:34689|dataStream:localhost:44561|priority:0], old=null RUNNING
2022-07-06 17:23:23,587 [Timer-2] INFO  impl.MiniRaftCluster (MiniRaftCluster.java:lambda$null$6(323)) - TIMED-PRINT: printing ALL groups
  s0:  RUNNING  FOLLOWER s0@group-CD87ED06CC9F:t6, leader=s2, voted=s2, raftlog=s0@group-CD87ED06CC9F-SegmentedRaftLog:OPENED:c170, conf=171: [s0|rpc:localhost:46837|admin:localhost:40145|client:localhost:44183|dataStream:localhost:36771|priority:0, s1|rpc:localhost:36769|admin:localhost:40151|client:localhost:35673|dataStream:localhost:44419|priority:0, s2|rpc:localhost:42693|admin:localhost:37755|client:localhost:34689|dataStream:localhost:44561|priority:0], old=null RUNNING
  s1:  RUNNING  FOLLOWER s1@group-CD87ED06CC9F:t6, leader=s2, voted=s2, raftlog=s1@group-CD87ED06CC9F-SegmentedRaftLog:OPENED:c170, conf=171: [s0|rpc:localhost:46837|admin:localhost:40145|client:localhost:44183|dataStream:localhost:36771|priority:0, s1|rpc:localhost:36769|admin:localhost:40151|client:localhost:35673|dataStream:localhost:44419|priority:0, s2|rpc:localhost:42693|admin:localhost:37755|client:localhost:34689|dataStream:localhost:44561|priority:0], old=null RUNNING
  s2:  RUNNING    LEADER s2@group-CD87ED06CC9F:t6, leader=s2, voted=s2, raftlog=s2@group-CD87ED06CC9F-SegmentedRaftLog:OPENED:c136, conf=171: [s0|rpc:localhost:46837|admin:localhost:40145|client:localhost:44183|dataStream:localhost:36771|priority:0, s1|rpc:localhost:36769|admin:localhost:40151|client:localhost:35673|dataStream:localhost:44419|priority:0, s2|rpc:localhost:42693|admin:localhost:37755|client:localhost:34689|dataStream:localhost:44561|priority:0], old=null RUNNING
2022-07-06 17:23:33,587 [Timer-2] INFO  impl.MiniRaftCluster (MiniRaftCluster.java:lambda$null$6(323)) - TIMED-PRINT: printing ALL groups
  s0:  RUNNING  FOLLOWER s0@group-CD87ED06CC9F:t6, leader=s2, voted=s2, raftlog=s0@group-CD87ED06CC9F-SegmentedRaftLog:OPENED:c170, conf=171: [s0|rpc:localhost:46837|admin:localhost:40145|client:localhost:44183|dataStream:localhost:36771|priority:0, s1|rpc:localhost:36769|admin:localhost:40151|client:localhost:35673|dataStream:localhost:44419|priority:0, s2|rpc:localhost:42693|admin:localhost:37755|client:localhost:34689|dataStream:localhost:44561|priority:0], old=null RUNNING
  s1:  RUNNING  FOLLOWER s1@group-CD87ED06CC9F:t6, leader=s2, voted=s2, raftlog=s1@group-CD87ED06CC9F-SegmentedRaftLog:OPENED:c170, conf=171: [s0|rpc:localhost:46837|admin:localhost:40145|client:localhost:44183|dataStream:localhost:36771|priority:0, s1|rpc:localhost:36769|admin:localhost:40151|client:localhost:35673|dataStream:localhost:44419|priority:0, s2|rpc:localhost:42693|admin:localhost:37755|client:localhost:34689|dataStream:localhost:44561|priority:0], old=null RUNNING
  s2:  RUNNING    LEADER s2@group-CD87ED06CC9F:t6, leader=s2, voted=s2, raftlog=s2@group-CD87ED06CC9F-SegmentedRaftLog:OPENED:c136, conf=171: [s0|rpc:localhost:46837|admin:localhost:40145|client:localhost:44183|dataStream:localhost:36771|priority:0, s1|rpc:localhost:36769|admin:localhost:40151|client:localhost:35673|dataStream:localhost:44419|priority:0, s2|rpc:localhost:42693|admin:localhost:37755|client:localhost:34689|dataStream:localhost:44561|priority:0], old=null RUNNING
]]></system-out>
    <system-err><![CDATA[Jul 06, 2022 5:19:26 PM org.apache.ratis.thirdparty.io.grpc.internal.SerializingExecutor run
SEVERE: Exception while executing runnable org.apache.ratis.thirdparty.io.grpc.internal.ServerImpl$JumpToApplicationThreadServerStreamListener$1HalfClosed@1db9130f
java.lang.IllegalStateException: Entry not found for key 11 in map OrderedStreamObservers
	at org.apache.ratis.util.Preconditions.assertTrue(Preconditions.java:72)
	at org.apache.ratis.util.CollectionUtils.removeExisting(CollectionUtils.java:120)
	at org.apache.ratis.grpc.server.GrpcClientProtocolService$OrderedStreamObservers.removeExisting(GrpcClientProtocolService.java:115)
	at org.apache.ratis.grpc.server.GrpcClientProtocolService$OrderedRequestStreamObserver.cleanup(GrpcClientProtocolService.java:395)
	at org.apache.ratis.grpc.server.GrpcClientProtocolService$OrderedRequestStreamObserver.close(GrpcClientProtocolService.java:389)
	at org.apache.ratis.grpc.server.GrpcClientProtocolService$OrderedRequestStreamObserver.onCompleted(GrpcClientProtocolService.java:379)
	at org.apache.ratis.thirdparty.io.grpc.stub.ServerCalls$StreamingServerCallHandler$StreamingServerCallListener.onHalfClose(ServerCalls.java:273)
	at org.apache.ratis.thirdparty.io.grpc.PartialForwardingServerCallListener.onHalfClose(PartialForwardingServerCallListener.java:35)
	at org.apache.ratis.thirdparty.io.grpc.ForwardingServerCallListener.onHalfClose(ForwardingServerCallListener.java:23)
	at org.apache.ratis.thirdparty.io.grpc.internal.ServerCallImpl$ServerStreamListenerImpl.halfClosed(ServerCallImpl.java:340)
	at org.apache.ratis.thirdparty.io.grpc.internal.ServerImpl$JumpToApplicationThreadServerStreamListener$1HalfClosed.runInContext(ServerImpl.java:866)
	at org.apache.ratis.thirdparty.io.grpc.internal.ContextRunnable.run(ContextRunnable.java:37)
	at org.apache.ratis.thirdparty.io.grpc.internal.SerializingExecutor.run(SerializingExecutor.java:133)
	at java.util.concurrent.ThreadPoolExecutor.runWorker(ThreadPoolExecutor.java:1149)
	at java.util.concurrent.ThreadPoolExecutor$Worker.run(ThreadPoolExecutor.java:624)
	at java.lang.Thread.run(Thread.java:750)

]]></system-err>
  </testcase>
  <testcase name="testStreamWrites" classname="org.apache.ratis.datastream.TestNettyDataStreamStarTopologyWithGrpcCluster" time="4.364"/>
</testsuite>