<?xml version="1.0" encoding="UTF-8"?>
<testsuite xmlns:xsi="http://www.w3.org/2001/XMLSchema-instance" xsi:noNamespaceSchemaLocation="https://maven.apache.org/surefire/maven-surefire-plugin/xsd/surefire-test-report-3.0.xsd" version="3.0" name="org.apache.ratis.server.simulation.TestLeaderElectionWithSimulatedRpc" time="105.801" tests="23" errors="1" skipped="0" failures="0">
  <properties>
    <property name="awt.toolkit" value="sun.awt.X11.XToolkit"/>
    <property name="file.encoding.pkg" value="sun.io"/>
    <property name="java.specification.version" value="1.8"/>
    <property name="sun.cpu.isalist" value=""/>
    <property name="sun.jnu.encoding" value="UTF-8"/>
    <property name="java.class.path" value="/home/runner/work/ratis/ratis/ratis-test/target/test-classes:/home/runner/work/ratis/ratis/ratis-test/target/classes:/home/runner/work/ratis/ratis/ratis-common/target/classes:/home/runner/.m2/repository/org/apache/ratis/ratis-thirdparty-misc/1.0.6/ratis-thirdparty-misc-1.0.6.jar:/home/runner/work/ratis/ratis/ratis-proto/target/classes:/home/runner/work/ratis/ratis/ratis-common/target/test-classes:/home/runner/work/ratis/ratis/ratis-client/target/classes:/home/runner/work/ratis/ratis/ratis-server/target/classes:/home/runner/work/ratis/ratis/ratis-server-api/target/classes:/home/runner/work/ratis/ratis/ratis-metrics-api/target/classes:/home/runner/work/ratis/ratis/ratis-server/target/test-classes:/home/runner/work/ratis/ratis/ratis-metrics-default/target/classes:/home/runner/work/ratis/ratis/ratis-netty/target/classes:/home/runner/work/ratis/ratis/ratis-netty/target/test-classes:/home/runner/work/ratis/ratis/ratis-grpc/target/classes:/home/runner/work/ratis/ratis/ratis-grpc/target/test-classes:/home/runner/work/ratis/ratis/ratis-shell/target/classes:/home/runner/.m2/repository/commons-cli/commons-cli/1.5.0/commons-cli-1.5.0.jar:/home/runner/.m2/repository/org/reflections/reflections/0.10.2/reflections-0.10.2.jar:/home/runner/.m2/repository/org/javassist/javassist/3.28.0-GA/javassist-3.28.0-GA.jar:/home/runner/.m2/repository/com/google/code/findbugs/jsr305/3.0.2/jsr305-3.0.2.jar:/home/runner/.m2/repository/org/bouncycastle/bcprov-jdk18on/1.78.1/bcprov-jdk18on-1.78.1.jar:/home/runner/.m2/repository/org/bouncycastle/bcpkix-jdk18on/1.78.1/bcpkix-jdk18on-1.78.1.jar:/home/runner/.m2/repository/org/bouncycastle/bcutil-jdk18on/1.78.1/bcutil-jdk18on-1.78.1.jar:/home/runner/.m2/repository/org/slf4j/slf4j-api/2.0.7/slf4j-api-2.0.7.jar:/home/runner/.m2/repository/org/slf4j/slf4j-reload4j/2.0.7/slf4j-reload4j-2.0.7.jar:/home/runner/.m2/repository/ch/qos/reload4j/reload4j/1.2.22/reload4j-1.2.22.jar:/home/runner/.m2/repository/junit/junit/4.13.2/junit-4.13.2.jar:/home/runner/.m2/repository/org/hamcrest/hamcrest-core/1.3/hamcrest-core-1.3.jar:/home/runner/.m2/repository/org/junit/jupiter/junit-jupiter-engine/5.11.2/junit-jupiter-engine-5.11.2.jar:/home/runner/.m2/repository/org/junit/platform/junit-platform-engine/1.11.2/junit-platform-engine-1.11.2.jar:/home/runner/.m2/repository/org/apiguardian/apiguardian-api/1.1.2/apiguardian-api-1.1.2.jar:/home/runner/.m2/repository/org/junit/jupiter/junit-jupiter-api/5.11.2/junit-jupiter-api-5.11.2.jar:/home/runner/.m2/repository/org/opentest4j/opentest4j/1.3.0/opentest4j-1.3.0.jar:/home/runner/.m2/repository/org/junit/platform/junit-platform-commons/1.11.2/junit-platform-commons-1.11.2.jar:/home/runner/.m2/repository/org/junit/jupiter/junit-jupiter-params/5.11.2/junit-jupiter-params-5.11.2.jar:/home/runner/.m2/repository/org/mockito/mockito-core/4.3.1/mockito-core-4.3.1.jar:/home/runner/.m2/repository/net/bytebuddy/byte-buddy/1.12.7/byte-buddy-1.12.7.jar:/home/runner/.m2/repository/net/bytebuddy/byte-buddy-agent/1.12.7/byte-buddy-agent-1.12.7.jar:/home/runner/.m2/repository/org/objenesis/objenesis/3.2/objenesis-3.2.jar:"/>
    <property name="java.vm.vendor" value="Temurin"/>
    <property name="sun.arch.data.model" value="64"/>
    <property name="java.vendor.url" value="https://adoptium.net/"/>
    <property name="user.timezone" value="Etc/UTC"/>
    <property name="java.vm.specification.version" value="1.8"/>
    <property name="os.name" value="Linux"/>
    <property name="sun.java.launcher" value="SUN_STANDARD"/>
    <property name="sun.boot.library.path" value="/usr/lib/jvm/temurin-8-jdk-amd64/jre/lib/amd64"/>
    <property name="sun.java.command" value="/home/runner/work/ratis/ratis/ratis-test/target/surefire/surefirebooter5406199329346590422.jar /home/runner/work/ratis/ratis/ratis-test/target/surefire 2024-10-09T00-06-49_034-jvmRun1 surefire8559282861237091647tmp surefire_128082517546849226731tmp"/>
    <property name="surefire.test.class.path" value="/home/runner/work/ratis/ratis/ratis-test/target/test-classes:/home/runner/work/ratis/ratis/ratis-test/target/classes:/home/runner/work/ratis/ratis/ratis-common/target/classes:/home/runner/.m2/repository/org/apache/ratis/ratis-thirdparty-misc/1.0.6/ratis-thirdparty-misc-1.0.6.jar:/home/runner/work/ratis/ratis/ratis-proto/target/classes:/home/runner/work/ratis/ratis/ratis-common/target/test-classes:/home/runner/work/ratis/ratis/ratis-client/target/classes:/home/runner/work/ratis/ratis/ratis-server/target/classes:/home/runner/work/ratis/ratis/ratis-server-api/target/classes:/home/runner/work/ratis/ratis/ratis-metrics-api/target/classes:/home/runner/work/ratis/ratis/ratis-server/target/test-classes:/home/runner/work/ratis/ratis/ratis-metrics-default/target/classes:/home/runner/work/ratis/ratis/ratis-netty/target/classes:/home/runner/work/ratis/ratis/ratis-netty/target/test-classes:/home/runner/work/ratis/ratis/ratis-grpc/target/classes:/home/runner/work/ratis/ratis/ratis-grpc/target/test-classes:/home/runner/work/ratis/ratis/ratis-shell/target/classes:/home/runner/.m2/repository/commons-cli/commons-cli/1.5.0/commons-cli-1.5.0.jar:/home/runner/.m2/repository/org/reflections/reflections/0.10.2/reflections-0.10.2.jar:/home/runner/.m2/repository/org/javassist/javassist/3.28.0-GA/javassist-3.28.0-GA.jar:/home/runner/.m2/repository/com/google/code/findbugs/jsr305/3.0.2/jsr305-3.0.2.jar:/home/runner/.m2/repository/org/bouncycastle/bcprov-jdk18on/1.78.1/bcprov-jdk18on-1.78.1.jar:/home/runner/.m2/repository/org/bouncycastle/bcpkix-jdk18on/1.78.1/bcpkix-jdk18on-1.78.1.jar:/home/runner/.m2/repository/org/bouncycastle/bcutil-jdk18on/1.78.1/bcutil-jdk18on-1.78.1.jar:/home/runner/.m2/repository/org/slf4j/slf4j-api/2.0.7/slf4j-api-2.0.7.jar:/home/runner/.m2/repository/org/slf4j/slf4j-reload4j/2.0.7/slf4j-reload4j-2.0.7.jar:/home/runner/.m2/repository/ch/qos/reload4j/reload4j/1.2.22/reload4j-1.2.22.jar:/home/runner/.m2/repository/junit/junit/4.13.2/junit-4.13.2.jar:/home/runner/.m2/repository/org/hamcrest/hamcrest-core/1.3/hamcrest-core-1.3.jar:/home/runner/.m2/repository/org/junit/jupiter/junit-jupiter-engine/5.11.2/junit-jupiter-engine-5.11.2.jar:/home/runner/.m2/repository/org/junit/platform/junit-platform-engine/1.11.2/junit-platform-engine-1.11.2.jar:/home/runner/.m2/repository/org/apiguardian/apiguardian-api/1.1.2/apiguardian-api-1.1.2.jar:/home/runner/.m2/repository/org/junit/jupiter/junit-jupiter-api/5.11.2/junit-jupiter-api-5.11.2.jar:/home/runner/.m2/repository/org/opentest4j/opentest4j/1.3.0/opentest4j-1.3.0.jar:/home/runner/.m2/repository/org/junit/platform/junit-platform-commons/1.11.2/junit-platform-commons-1.11.2.jar:/home/runner/.m2/repository/org/junit/jupiter/junit-jupiter-params/5.11.2/junit-jupiter-params-5.11.2.jar:/home/runner/.m2/repository/org/mockito/mockito-core/4.3.1/mockito-core-4.3.1.jar:/home/runner/.m2/repository/net/bytebuddy/byte-buddy/1.12.7/byte-buddy-1.12.7.jar:/home/runner/.m2/repository/net/bytebuddy/byte-buddy-agent/1.12.7/byte-buddy-agent-1.12.7.jar:/home/runner/.m2/repository/org/objenesis/objenesis/3.2/objenesis-3.2.jar:"/>
    <property name="sun.cpu.endian" value="little"/>
    <property name="user.home" value="/home/runner"/>
    <property name="user.language" value="en"/>
    <property name="java.specification.vendor" value="Oracle Corporation"/>
    <property name="java.home" value="/usr/lib/jvm/temurin-8-jdk-amd64/jre"/>
    <property name="basedir" value="/home/runner/work/ratis/ratis/ratis-test"/>
    <property name="file.separator" value="/"/>
    <property name="line.separator" value="&#10;"/>
    <property name="java.vm.specification.vendor" value="Oracle Corporation"/>
    <property name="java.specification.name" value="Java Platform API Specification"/>
    <property name="java.awt.graphicsenv" value="sun.awt.X11GraphicsEnvironment"/>
    <property name="surefire.real.class.path" value="/home/runner/work/ratis/ratis/ratis-test/target/surefire/surefirebooter5406199329346590422.jar:/home/runner/.m2/repository/org/jacoco/org.jacoco.agent/0.8.12/org.jacoco.agent-0.8.12-runtime.jar"/>
    <property name="sun.boot.class.path" value="/usr/lib/jvm/temurin-8-jdk-amd64/jre/lib/resources.jar:/usr/lib/jvm/temurin-8-jdk-amd64/jre/lib/rt.jar:/usr/lib/jvm/temurin-8-jdk-amd64/jre/lib/sunrsasign.jar:/usr/lib/jvm/temurin-8-jdk-amd64/jre/lib/jsse.jar:/usr/lib/jvm/temurin-8-jdk-amd64/jre/lib/jce.jar:/usr/lib/jvm/temurin-8-jdk-amd64/jre/lib/charsets.jar:/usr/lib/jvm/temurin-8-jdk-amd64/jre/lib/jfr.jar:/usr/lib/jvm/temurin-8-jdk-amd64/jre/classes"/>
    <property name="sun.management.compiler" value="HotSpot 64-Bit Tiered Compilers"/>
    <property name="java.runtime.version" value="1.8.0_422-b05"/>
    <property name="java.net.preferIPv4Stack" value="true"/>
    <property name="user.name" value="runner"/>
    <property name="path.separator" value=":"/>
    <property name="os.version" value="5.15.0-1073-azure"/>
    <property name="java.endorsed.dirs" value="/usr/lib/jvm/temurin-8-jdk-amd64/jre/lib/endorsed"/>
    <property name="java.runtime.name" value="OpenJDK Runtime Environment"/>
    <property name="file.encoding" value="UTF-8"/>
    <property name="java.vm.name" value="OpenJDK 64-Bit Server VM"/>
    <property name="localRepository" value="/home/runner/.m2/repository"/>
    <property name="java.vendor.url.bug" value="https://github.com/adoptium/adoptium-support/issues"/>
    <property name="java.io.tmpdir" value="/tmp"/>
    <property name="java.version" value="1.8.0_422"/>
    <property name="user.dir" value="/home/runner/work/ratis/ratis/ratis-test"/>
    <property name="os.arch" value="amd64"/>
    <property name="ratis.tmp.dir" value="/home/runner/work/ratis/ratis/ratis-test/target/tmp"/>
    <property name="java.vm.specification.name" value="Java Virtual Machine Specification"/>
    <property name="java.awt.printerjob" value="sun.print.PSPrinterJob"/>
    <property name="ratis.log.dir" value="/home/runner/work/ratis/ratis/ratis-test/target/log"/>
    <property name="sun.os.patch.level" value="unknown"/>
    <property name="java.library.path" value="/usr/java/packages/lib/amd64:/usr/lib64:/lib64:/lib:/usr/lib"/>
    <property name="java.vm.info" value="mixed mode"/>
    <property name="java.vendor" value="Temurin"/>
    <property name="java.vm.version" value="25.422-b05"/>
    <property name="java.specification.maintenance.version" value="5"/>
    <property name="java.ext.dirs" value="/usr/lib/jvm/temurin-8-jdk-amd64/jre/lib/ext:/usr/java/packages/lib/ext"/>
    <property name="sun.io.unicode.encoding" value="UnicodeLittle"/>
    <property name="java.class.version" value="52.0"/>
  </properties>
  <testcase name="testAddFollowerWhenExistsListener" classname="org.apache.ratis.server.simulation.TestLeaderElectionWithSimulatedRpc" time="3.084"/>
  <testcase name="testRemoveListener" classname="org.apache.ratis.server.simulation.TestLeaderElectionWithSimulatedRpc" time="1.833"/>
  <testcase name="testEnforceLeader" classname="org.apache.ratis.server.simulation.TestLeaderElectionWithSimulatedRpc" time="2.695"/>
  <testcase name="testLostMajorityHeartbeats" classname="org.apache.ratis.server.simulation.TestLeaderElectionWithSimulatedRpc" time="4.238"/>
  <testcase name="testLateServerStart" classname="org.apache.ratis.server.simulation.TestLeaderElectionWithSimulatedRpc" time="5.402"/>
  <testcase name="testListenerNotStartLeaderElection" classname="org.apache.ratis.server.simulation.TestLeaderElectionWithSimulatedRpc" time="1.45"/>
  <testcase name="testPreVote" classname="org.apache.ratis.server.simulation.TestLeaderElectionWithSimulatedRpc" time="5.79"/>
  <testcase name="testListenerRejectRequestVote" classname="org.apache.ratis.server.simulation.TestLeaderElectionWithSimulatedRpc" time="1.42"/>
  <testcase name="testAddListener" classname="org.apache.ratis.server.simulation.TestLeaderElectionWithSimulatedRpc" time="1.78"/>
  <testcase name="testTransferLeaderTimeout" classname="org.apache.ratis.server.simulation.TestLeaderElectionWithSimulatedRpc" time="6.744"/>
  <testcase name="testBasicLeaderElection" classname="org.apache.ratis.server.simulation.TestLeaderElectionWithSimulatedRpc" time="46.335">
    <error type="java.lang.IllegalStateException"><![CDATA[java.lang.IllegalStateException: 
No leader yet : printing ALL groups
  s3:  RUNNING CANDIDATE s3@group-9FC63B188219:t2, leader=null, voted=s2, raftlog=Memoized:s3@group-9FC63B188219-SegmentedRaftLog:OPENED:c2:last(t:2, i:2), conf=conf: {index: 1, cur=peers:[s3|localhost:15172, s4|localhost:15176, s0|localhost:15160, s1|localhost:15164, s2|localhost:15168]|listeners:[], old=null} RUNNING
  s4:   CLOSED    LEADER s4@group-9FC63B188219:t1, leader=s4, voted=s4, raftlog=Memoized:s4@group-9FC63B188219-SegmentedRaftLog:CLOSED:c0, conf=conf: {index: 0, cur=peers:[s3|localhost:15172, s4|localhost:15176, s0|localhost:15160, s1|localhost:15164, s2|localhost:15168]|listeners:[], old=null} CLOSED
  s0:  RUNNING  FOLLOWER s0@group-9FC63B188219:t1, leader=null, voted=null, raftlog=Memoized:s0@group-9FC63B188219-SegmentedRaftLog:OPENED:c-1:lastnull, conf=conf: {index: -1, cur=peers:[s3|localhost:15172, s4|localhost:15176, s0|localhost:15160, s1|localhost:15164, s2|localhost:15168]|listeners:[], old=null} RUNNING
  s1:  RUNNING CANDIDATE s1@group-9FC63B188219:t2, leader=null, voted=s2, raftlog=Memoized:s1@group-9FC63B188219-SegmentedRaftLog:OPENED:c2:last(t:2, i:2), conf=conf: {index: 1, cur=peers:[s3|localhost:15172, s4|localhost:15176, s0|localhost:15160, s1|localhost:15164, s2|localhost:15168]|listeners:[], old=null} RUNNING
  s2:   CLOSED    LEADER s2@group-9FC63B188219:t2, leader=s2, voted=s2, raftlog=Memoized:s2@group-9FC63B188219-SegmentedRaftLog:CLOSED:c2, conf=conf: {index: 1, cur=peers:[s3|localhost:15172, s4|localhost:15176, s0|localhost:15160, s1|localhost:15164, s2|localhost:15168]|listeners:[], old=null} CLOSED
	at org.apache.ratis.server.impl.MiniRaftCluster.newIllegalStateExceptionForNoLeaders(MiniRaftCluster.java:587)
	at org.apache.ratis.RaftTestUtil.lambda$waitForLeader$1(RaftTestUtil.java:111)
	at org.apache.ratis.server.impl.MiniRaftCluster.getLeader(MiniRaftCluster.java:621)
	at org.apache.ratis.server.impl.MiniRaftCluster.getLeader(MiniRaftCluster.java:614)
	at org.apache.ratis.RaftTestUtil.lambda$waitForLeader$3(RaftTestUtil.java:120)
	at org.apache.ratis.util.JavaUtils.attempt(JavaUtils.java:225)
	at org.apache.ratis.RaftTestUtil.waitForLeader(RaftTestUtil.java:118)
	at org.apache.ratis.RaftTestUtil.waitForLeader(RaftTestUtil.java:99)
	at org.apache.ratis.RaftTestUtil.waitForLeader(RaftTestUtil.java:94)
	at org.apache.ratis.RaftTestUtil.waitAndKillLeader(RaftTestUtil.java:144)
	at org.apache.ratis.server.impl.LeaderElectionTests.testBasicLeaderElection(LeaderElectionTests.java:93)
	at java.lang.reflect.Method.invoke(Method.java:498)
	at java.util.ArrayList.forEach(ArrayList.java:1259)
	at java.util.ArrayList.forEach(ArrayList.java:1259)
]]></error>
    <system-out><![CDATA[2024-10-09 00:13:59,602 [main] INFO  util.LogUtils (Slf4jUtils.java:setLogLevel(38)) - Successfully set org.apache.ratis.conf.ConfUtils log level to WARN
2024-10-09 00:13:59,602 [main] INFO  util.LogUtils (Slf4jUtils.java:setLogLevel(38)) - Successfully set org.apache.ratis.util.FileUtils log level to TRACE
2024-10-09 00:13:59,603 [main] INFO  util.LogUtils (Slf4jUtils.java:setLogLevel(38)) - Successfully set org.apache.ratis.server.RaftServer$Division log level to DEBUG
2024-10-09 00:13:59,603 [main] INFO  util.LogUtils (Slf4jUtils.java:setLogLevel(38)) - Successfully set org.apache.ratis.client.RaftClient log level to DEBUG
2024-10-09 00:13:59,603 [main] INFO  simulation.TestLeaderElectionWithSimulatedRpc (LeaderElectionTests.java:testBasicLeaderElection(88)) - Running testBasicLeaderElection
2024-10-09 00:13:59,603 [main] INFO  simulation.MiniRaftClusterWithSimulatedRpc (ConfUtils.java:logGet(46)) - org.apache.ratis.server.simulation.SimulatedRequestReply.simulateLatencyMs = 0 (custom)
2024-10-09 00:13:59,604 [main] INFO  impl.MiniRaftCluster (MiniRaftCluster.java:<init>(309)) - new MiniRaftClusterWithSimulatedRpc with group-9FC63B188219:[s3|localhost:15172, s4|localhost:15176, s0|localhost:15160, s1|localhost:15164, s2|localhost:15168]
2024-10-09 00:13:59,604 [main] INFO  impl.MiniRaftCluster (MiniRaftCluster.java:start(342)) - .............................................................. 
2024-10-09 00:13:59,604 [main] INFO  impl.MiniRaftCluster (MiniRaftCluster.java:start(343)) - ... 
2024-10-09 00:13:59,604 [main] INFO  impl.MiniRaftCluster (MiniRaftCluster.java:start(344)) - ...     Starting MiniRaftClusterWithSimulatedRpc
2024-10-09 00:13:59,604 [main] INFO  impl.MiniRaftCluster (MiniRaftCluster.java:start(345)) - ... 
2024-10-09 00:13:59,605 [main] INFO  impl.MiniRaftCluster (MiniRaftCluster.java:start(346)) - .............................................................. 
2024-10-09 00:13:59,605 [main] INFO  impl.MiniRaftCluster (MiniRaftCluster.java:initServers(321)) - servers = {}
2024-10-09 00:13:59,605 [main] INFO  impl.MiniRaftCluster (MiniRaftCluster.java:newRaftServer(386)) - newRaftServer: s3, group-9FC63B188219:[s3|localhost:15172, s4|localhost:15176, s0|localhost:15160, s1|localhost:15164, s2|localhost:15168], format? true
2024-10-09 00:13:59,605 [main] TRACE util.FileUtils (FileUtils.java:deleteFully(305)) - deleteFully target/test/data/6a98e00f/MiniRaftClusterWithSimulatedRpc5b0afdcd/s3
2024-10-09 00:13:59,605 [main] TRACE util.FileUtils (FileUtils.java:deleteFully(318)) - deleteFully: target/test/data/6a98e00f/MiniRaftClusterWithSimulatedRpc5b0afdcd/s3 does not exist.
2024-10-09 00:13:59,605 [main] INFO  impl.MiniRaftCluster (MiniRaftCluster.java:newRaftServer(391)) - Formatted directory target/test/data/6a98e00f/MiniRaftClusterWithSimulatedRpc5b0afdcd/s3
2024-10-09 00:13:59,605 [main] INFO  server.RaftServer (ConfUtils.java:logGet(46)) - raft.rpc.type = org.apache.ratis.server.simulation.SimulatedRpc (custom)
2024-10-09 00:13:59,605 [main] INFO  impl.DataStreamServerImpl (ConfUtils.java:logGet(46)) - raft.datastream.type = DISABLED (default)
2024-10-09 00:13:59,606 [main] INFO  server.RaftServerConfigKeys (ConfUtils.java:logGet(46)) - raft.server.sleep.deviation.threshold = 300ms (default)
2024-10-09 00:13:59,606 [main] INFO  server.RaftServerConfigKeys (ConfUtils.java:logGet(46)) - raft.server.close.threshold = 60s (default)
2024-10-09 00:13:59,606 [main] INFO  server.RaftServerConfigKeys (ConfUtils.java:logGet(46)) - raft.server.leaderelection.leader.step-down.wait-time = 10s (default)
2024-10-09 00:13:59,606 [main] INFO  server.RaftServerConfigKeys (ConfUtils.java:logGet(46)) - raft.server.storage.dir = [/home/runner/work/ratis/ratis/ratis-test/target/test/data/6a98e00f/MiniRaftClusterWithSimulatedRpc5b0afdcd/s3] (custom)
2024-10-09 00:13:59,606 [main] INFO  server.RaftServerConfigKeys (ConfUtils.java:logGet(46)) - raft.server.threadpool.proxy.cached = true (default)
2024-10-09 00:13:59,606 [main] INFO  server.RaftServerConfigKeys (ConfUtils.java:logGet(46)) - raft.server.threadpool.proxy.size = 0 (default)
2024-10-09 00:13:59,607 [main] INFO  server.RaftServer (RaftServerProxy.java:addNew(101)) - s3: addNew group-9FC63B188219:[s3|localhost:15172, s4|localhost:15176, s0|localhost:15160, s1|localhost:15164, s2|localhost:15168] returns group-9FC63B188219:java.util.concurrent.CompletableFuture@a5272be[Not completed]
2024-10-09 00:13:59,607 [s3-groupManagement] INFO  server.RaftServer$Division (RaftServerImpl.java:<init>(256)) - s3: new RaftServerImpl for group-9FC63B188219:[s3|localhost:15172, s4|localhost:15176, s0|localhost:15160, s1|localhost:15164, s2|localhost:15168] with BaseStateMachine:uninitialized
2024-10-09 00:13:59,607 [main] INFO  impl.MiniRaftCluster (MiniRaftCluster.java:newRaftServer(386)) - newRaftServer: s4, group-9FC63B188219:[s3|localhost:15172, s4|localhost:15176, s0|localhost:15160, s1|localhost:15164, s2|localhost:15168], format? true
2024-10-09 00:13:59,607 [main] TRACE util.FileUtils (FileUtils.java:deleteFully(305)) - deleteFully target/test/data/6a98e00f/MiniRaftClusterWithSimulatedRpc5b0afdcd/s4
2024-10-09 00:13:59,607 [s3-groupManagement] INFO  server.RaftServerConfigKeys (ConfUtils.java:logGet(46)) - raft.server.rpc.timeout.min = 150ms (default)
2024-10-09 00:13:59,607 [main] TRACE util.FileUtils (FileUtils.java:deleteFully(318)) - deleteFully: target/test/data/6a98e00f/MiniRaftClusterWithSimulatedRpc5b0afdcd/s4 does not exist.
2024-10-09 00:13:59,607 [main] INFO  impl.MiniRaftCluster (MiniRaftCluster.java:newRaftServer(391)) - Formatted directory target/test/data/6a98e00f/MiniRaftClusterWithSimulatedRpc5b0afdcd/s4
2024-10-09 00:13:59,607 [s3-groupManagement] INFO  server.RaftServerConfigKeys (ConfUtils.java:logGet(46)) - raft.server.rpc.timeout.max = 300ms (default)
2024-10-09 00:13:59,607 [s3-groupManagement] INFO  server.RaftServerConfigKeys (ConfUtils.java:logGet(46)) - raft.server.rpc.sleep.time = 25ms (default)
2024-10-09 00:13:59,607 [s3-groupManagement] INFO  server.RaftServerConfigKeys (ConfUtils.java:logGet(46)) - raft.server.rpc.slowness.timeout = 60s (default)
2024-10-09 00:13:59,608 [s3-groupManagement] INFO  server.RaftServerConfigKeys (ConfUtils.java:logGet(46)) - raft.server.leaderelection.leader.step-down.wait-time = 10s (default)
2024-10-09 00:13:59,607 [main] INFO  server.RaftServer (ConfUtils.java:logGet(46)) - raft.rpc.type = org.apache.ratis.server.simulation.SimulatedRpc (custom)
2024-10-09 00:13:59,608 [s3-groupManagement] INFO  server.RaftServerConfigKeys (ConfUtils.java:logGet(46)) - raft.server.leaderelection.member.majority-add = false (default)
2024-10-09 00:13:59,608 [s3-groupManagement] INFO  server.RaftServerConfigKeys (ConfUtils.java:logGet(46)) - raft.server.sleep.deviation.threshold = 300ms (default)
2024-10-09 00:13:59,608 [main] INFO  impl.DataStreamServerImpl (ConfUtils.java:logGet(46)) - raft.datastream.type = DISABLED (default)
2024-10-09 00:13:59,608 [s3-groupManagement] INFO  server.RaftServer$Division (ServerState.java:<init>(114)) - s3@group-9FC63B188219: ConfigurationManager, init=conf: {index: -1, cur=peers:[s3|localhost:15172, s4|localhost:15176, s0|localhost:15160, s1|localhost:15164, s2|localhost:15168]|listeners:[], old=null}, confs=<EMPTY_MAP>
2024-10-09 00:13:59,608 [main] INFO  server.RaftServerConfigKeys (ConfUtils.java:logGet(46)) - raft.server.sleep.deviation.threshold = 300ms (default)
2024-10-09 00:13:59,608 [s3-groupManagement] INFO  server.RaftServerConfigKeys (ConfUtils.java:logGet(46)) - raft.server.notification.no-leader.timeout = 60s (default)
2024-10-09 00:13:59,608 [main] INFO  server.RaftServerConfigKeys (ConfUtils.java:logGet(46)) - raft.server.close.threshold = 60s (default)
2024-10-09 00:13:59,608 [s3-groupManagement] INFO  server.RaftServerConfigKeys (ConfUtils.java:logGet(46)) - raft.server.read.timeout = 10s (default)
2024-10-09 00:13:59,608 [main] INFO  server.RaftServerConfigKeys (ConfUtils.java:logGet(46)) - raft.server.leaderelection.leader.step-down.wait-time = 10s (default)
2024-10-09 00:13:59,608 [s3-groupManagement] INFO  server.RaftServerConfigKeys (ConfUtils.java:logGet(46)) - raft.server.retrycache.expirytime = 60s (default)
2024-10-09 00:13:59,608 [s3-groupManagement] INFO  server.RaftServerConfigKeys (ConfUtils.java:logGet(46)) - raft.server.retrycache.statistics.expirytime = 100ms (default)
2024-10-09 00:13:59,608 [main] INFO  server.RaftServerConfigKeys (ConfUtils.java:logGet(46)) - raft.server.storage.dir = [/home/runner/work/ratis/ratis/ratis-test/target/test/data/6a98e00f/MiniRaftClusterWithSimulatedRpc5b0afdcd/s4] (custom)
2024-10-09 00:13:59,609 [s3-groupManagement] INFO  server.RaftServerConfigKeys (ConfUtils.java:logGet(46)) - raft.server.read.option = DEFAULT (default)
2024-10-09 00:13:59,609 [main] INFO  server.RaftServerConfigKeys (ConfUtils.java:logGet(46)) - raft.server.threadpool.proxy.cached = true (default)
2024-10-09 00:13:59,609 [s3-groupManagement] INFO  server.RaftServerConfigKeys (ConfUtils.java:logGet(46)) - raft.server.read.read-after-write-consistent.write-index-cache.expiry-time = 60s (default)
2024-10-09 00:13:59,609 [main] INFO  server.RaftServerConfigKeys (ConfUtils.java:logGet(46)) - raft.server.threadpool.proxy.size = 0 (default)
2024-10-09 00:13:59,609 [main] INFO  server.RaftServer (RaftServerProxy.java:addNew(101)) - s4: addNew group-9FC63B188219:[s3|localhost:15172, s4|localhost:15176, s0|localhost:15160, s1|localhost:15164, s2|localhost:15168] returns group-9FC63B188219:java.util.concurrent.CompletableFuture@1d9bd4da[Not completed]
2024-10-09 00:13:59,609 [main] INFO  impl.MiniRaftCluster (MiniRaftCluster.java:newRaftServer(386)) - newRaftServer: s0, group-9FC63B188219:[s3|localhost:15172, s4|localhost:15176, s0|localhost:15160, s1|localhost:15164, s2|localhost:15168], format? true
2024-10-09 00:13:59,610 [main] TRACE util.FileUtils (FileUtils.java:deleteFully(305)) - deleteFully target/test/data/6a98e00f/MiniRaftClusterWithSimulatedRpc5b0afdcd/s0
2024-10-09 00:13:59,609 [s4-groupManagement] INFO  server.RaftServer$Division (RaftServerImpl.java:<init>(256)) - s4: new RaftServerImpl for group-9FC63B188219:[s3|localhost:15172, s4|localhost:15176, s0|localhost:15160, s1|localhost:15164, s2|localhost:15168] with BaseStateMachine:uninitialized
2024-10-09 00:13:59,610 [main] TRACE util.FileUtils (FileUtils.java:deleteFully(318)) - deleteFully: target/test/data/6a98e00f/MiniRaftClusterWithSimulatedRpc5b0afdcd/s0 does not exist.
2024-10-09 00:13:59,610 [main] INFO  impl.MiniRaftCluster (MiniRaftCluster.java:newRaftServer(391)) - Formatted directory target/test/data/6a98e00f/MiniRaftClusterWithSimulatedRpc5b0afdcd/s0
2024-10-09 00:13:59,610 [s3-groupManagement] INFO  server.RaftServerConfigKeys (ConfUtils.java:logGet(46)) - raft.server.rpc.request.timeout = 3000ms (default)
2024-10-09 00:13:59,610 [s4-groupManagement] INFO  server.RaftServerConfigKeys (ConfUtils.java:logGet(46)) - raft.server.rpc.timeout.min = 150ms (default)
2024-10-09 00:13:59,610 [s3-groupManagement] INFO  server.RaftServerConfigKeys (ConfUtils.java:logGet(46)) - raft.server.log.appender.install.snapshot.enabled = true (default)
2024-10-09 00:13:59,610 [main] INFO  server.RaftServer (ConfUtils.java:logGet(46)) - raft.rpc.type = org.apache.ratis.server.simulation.SimulatedRpc (custom)
2024-10-09 00:13:59,610 [s3-groupManagement] INFO  server.RaftServerConfigKeys (ConfUtils.java:logGet(46)) - raft.server.threadpool.server.cached = true (default)
2024-10-09 00:13:59,610 [s4-groupManagement] INFO  server.RaftServerConfigKeys (ConfUtils.java:logGet(46)) - raft.server.rpc.timeout.max = 300ms (default)
2024-10-09 00:13:59,610 [main] INFO  impl.DataStreamServerImpl (ConfUtils.java:logGet(46)) - raft.datastream.type = DISABLED (default)
2024-10-09 00:13:59,610 [s3-groupManagement] INFO  server.RaftServerConfigKeys (ConfUtils.java:logGet(46)) - raft.server.threadpool.server.size = 0 (default)
2024-10-09 00:13:59,611 [main] INFO  server.RaftServerConfigKeys (ConfUtils.java:logGet(46)) - raft.server.sleep.deviation.threshold = 300ms (default)
2024-10-09 00:13:59,610 [s4-groupManagement] INFO  server.RaftServerConfigKeys (ConfUtils.java:logGet(46)) - raft.server.rpc.sleep.time = 25ms (default)
2024-10-09 00:13:59,611 [main] INFO  server.RaftServerConfigKeys (ConfUtils.java:logGet(46)) - raft.server.close.threshold = 60s (default)
2024-10-09 00:13:59,611 [s3-groupManagement] INFO  server.RaftServerConfigKeys (ConfUtils.java:logGet(46)) - raft.server.threadpool.client.cached = true (default)
2024-10-09 00:13:59,611 [main] INFO  server.RaftServerConfigKeys (ConfUtils.java:logGet(46)) - raft.server.leaderelection.leader.step-down.wait-time = 10s (default)
2024-10-09 00:13:59,611 [s4-groupManagement] INFO  server.RaftServerConfigKeys (ConfUtils.java:logGet(46)) - raft.server.rpc.slowness.timeout = 60s (default)
2024-10-09 00:13:59,611 [main] INFO  server.RaftServerConfigKeys (ConfUtils.java:logGet(46)) - raft.server.storage.dir = [/home/runner/work/ratis/ratis/ratis-test/target/test/data/6a98e00f/MiniRaftClusterWithSimulatedRpc5b0afdcd/s0] (custom)
2024-10-09 00:13:59,611 [s3-groupManagement] INFO  server.RaftServerConfigKeys (ConfUtils.java:logGet(46)) - raft.server.threadpool.client.size = 0 (default)
2024-10-09 00:13:59,611 [main] INFO  server.RaftServerConfigKeys (ConfUtils.java:logGet(46)) - raft.server.threadpool.proxy.cached = true (default)
2024-10-09 00:13:59,611 [s4-groupManagement] INFO  server.RaftServerConfigKeys (ConfUtils.java:logGet(46)) - raft.server.leaderelection.leader.step-down.wait-time = 10s (default)
2024-10-09 00:13:59,611 [main] INFO  server.RaftServerConfigKeys (ConfUtils.java:logGet(46)) - raft.server.threadpool.proxy.size = 0 (default)
2024-10-09 00:13:59,611 [s4-groupManagement] INFO  server.RaftServerConfigKeys (ConfUtils.java:logGet(46)) - raft.server.leaderelection.member.majority-add = false (default)
2024-10-09 00:13:59,612 [s4-groupManagement] INFO  server.RaftServerConfigKeys (ConfUtils.java:logGet(46)) - raft.server.sleep.deviation.threshold = 300ms (default)
2024-10-09 00:13:59,612 [s4-groupManagement] INFO  server.RaftServer$Division (ServerState.java:<init>(114)) - s4@group-9FC63B188219: ConfigurationManager, init=conf: {index: -1, cur=peers:[s3|localhost:15172, s4|localhost:15176, s0|localhost:15160, s1|localhost:15164, s2|localhost:15168]|listeners:[], old=null}, confs=<EMPTY_MAP>
2024-10-09 00:13:59,612 [s4-groupManagement] INFO  server.RaftServerConfigKeys (ConfUtils.java:logGet(46)) - raft.server.notification.no-leader.timeout = 60s (default)
2024-10-09 00:13:59,612 [s4-groupManagement] INFO  server.RaftServerConfigKeys (ConfUtils.java:logGet(46)) - raft.server.read.timeout = 10s (default)
2024-10-09 00:13:59,612 [s4-groupManagement] INFO  server.RaftServerConfigKeys (ConfUtils.java:logGet(46)) - raft.server.retrycache.expirytime = 60s (default)
2024-10-09 00:13:59,612 [s4-groupManagement] INFO  server.RaftServerConfigKeys (ConfUtils.java:logGet(46)) - raft.server.retrycache.statistics.expirytime = 100ms (default)
2024-10-09 00:13:59,612 [main] INFO  server.RaftServer (RaftServerProxy.java:addNew(101)) - s0: addNew group-9FC63B188219:[s3|localhost:15172, s4|localhost:15176, s0|localhost:15160, s1|localhost:15164, s2|localhost:15168] returns group-9FC63B188219:java.util.concurrent.CompletableFuture@10b1a751[Not completed]
2024-10-09 00:13:59,612 [s4-groupManagement] INFO  server.RaftServerConfigKeys (ConfUtils.java:logGet(46)) - raft.server.read.option = DEFAULT (default)
2024-10-09 00:13:59,612 [s4-groupManagement] INFO  server.RaftServerConfigKeys (ConfUtils.java:logGet(46)) - raft.server.read.read-after-write-consistent.write-index-cache.expiry-time = 60s (default)
2024-10-09 00:13:59,612 [s0-groupManagement] INFO  server.RaftServer$Division (RaftServerImpl.java:<init>(256)) - s0: new RaftServerImpl for group-9FC63B188219:[s3|localhost:15172, s4|localhost:15176, s0|localhost:15160, s1|localhost:15164, s2|localhost:15168] with BaseStateMachine:uninitialized
2024-10-09 00:13:59,612 [main] INFO  impl.MiniRaftCluster (MiniRaftCluster.java:newRaftServer(386)) - newRaftServer: s1, group-9FC63B188219:[s3|localhost:15172, s4|localhost:15176, s0|localhost:15160, s1|localhost:15164, s2|localhost:15168], format? true
2024-10-09 00:13:59,613 [main] TRACE util.FileUtils (FileUtils.java:deleteFully(305)) - deleteFully target/test/data/6a98e00f/MiniRaftClusterWithSimulatedRpc5b0afdcd/s1
2024-10-09 00:13:59,612 [s0-groupManagement] INFO  server.RaftServerConfigKeys (ConfUtils.java:logGet(46)) - raft.server.rpc.timeout.min = 150ms (default)
2024-10-09 00:13:59,613 [s0-groupManagement] INFO  server.RaftServerConfigKeys (ConfUtils.java:logGet(46)) - raft.server.rpc.timeout.max = 300ms (default)
2024-10-09 00:13:59,613 [main] TRACE util.FileUtils (FileUtils.java:deleteFully(318)) - deleteFully: target/test/data/6a98e00f/MiniRaftClusterWithSimulatedRpc5b0afdcd/s1 does not exist.
2024-10-09 00:13:59,613 [main] INFO  impl.MiniRaftCluster (MiniRaftCluster.java:newRaftServer(391)) - Formatted directory target/test/data/6a98e00f/MiniRaftClusterWithSimulatedRpc5b0afdcd/s1
2024-10-09 00:13:59,613 [s4-groupManagement] INFO  server.RaftServerConfigKeys (ConfUtils.java:logGet(46)) - raft.server.rpc.request.timeout = 3000ms (default)
2024-10-09 00:13:59,613 [main] INFO  server.RaftServer (ConfUtils.java:logGet(46)) - raft.rpc.type = org.apache.ratis.server.simulation.SimulatedRpc (custom)
2024-10-09 00:13:59,613 [s4-groupManagement] INFO  server.RaftServerConfigKeys (ConfUtils.java:logGet(46)) - raft.server.log.appender.install.snapshot.enabled = true (default)
2024-10-09 00:13:59,613 [s0-groupManagement] INFO  server.RaftServerConfigKeys (ConfUtils.java:logGet(46)) - raft.server.rpc.sleep.time = 25ms (default)
2024-10-09 00:13:59,613 [s0-groupManagement] INFO  server.RaftServerConfigKeys (ConfUtils.java:logGet(46)) - raft.server.rpc.slowness.timeout = 60s (default)
2024-10-09 00:13:59,613 [s4-groupManagement] INFO  server.RaftServerConfigKeys (ConfUtils.java:logGet(46)) - raft.server.threadpool.server.cached = true (default)
2024-10-09 00:13:59,613 [s0-groupManagement] INFO  server.RaftServerConfigKeys (ConfUtils.java:logGet(46)) - raft.server.leaderelection.leader.step-down.wait-time = 10s (default)
2024-10-09 00:13:59,613 [main] INFO  impl.DataStreamServerImpl (ConfUtils.java:logGet(46)) - raft.datastream.type = DISABLED (default)
2024-10-09 00:13:59,613 [s0-groupManagement] INFO  server.RaftServerConfigKeys (ConfUtils.java:logGet(46)) - raft.server.leaderelection.member.majority-add = false (default)
2024-10-09 00:13:59,613 [s4-groupManagement] INFO  server.RaftServerConfigKeys (ConfUtils.java:logGet(46)) - raft.server.threadpool.server.size = 0 (default)
2024-10-09 00:13:59,614 [s0-groupManagement] INFO  server.RaftServerConfigKeys (ConfUtils.java:logGet(46)) - raft.server.sleep.deviation.threshold = 300ms (default)
2024-10-09 00:13:59,614 [main] INFO  server.RaftServerConfigKeys (ConfUtils.java:logGet(46)) - raft.server.sleep.deviation.threshold = 300ms (default)
2024-10-09 00:13:59,614 [s0-groupManagement] INFO  server.RaftServer$Division (ServerState.java:<init>(114)) - s0@group-9FC63B188219: ConfigurationManager, init=conf: {index: -1, cur=peers:[s3|localhost:15172, s4|localhost:15176, s0|localhost:15160, s1|localhost:15164, s2|localhost:15168]|listeners:[], old=null}, confs=<EMPTY_MAP>
2024-10-09 00:13:59,614 [s4-groupManagement] INFO  server.RaftServerConfigKeys (ConfUtils.java:logGet(46)) - raft.server.threadpool.client.cached = true (default)
2024-10-09 00:13:59,614 [s0-groupManagement] INFO  server.RaftServerConfigKeys (ConfUtils.java:logGet(46)) - raft.server.notification.no-leader.timeout = 60s (default)
2024-10-09 00:13:59,614 [main] INFO  server.RaftServerConfigKeys (ConfUtils.java:logGet(46)) - raft.server.close.threshold = 60s (default)
2024-10-09 00:13:59,614 [s0-groupManagement] INFO  server.RaftServerConfigKeys (ConfUtils.java:logGet(46)) - raft.server.read.timeout = 10s (default)
2024-10-09 00:13:59,614 [s4-groupManagement] INFO  server.RaftServerConfigKeys (ConfUtils.java:logGet(46)) - raft.server.threadpool.client.size = 0 (default)
2024-10-09 00:13:59,614 [s0-groupManagement] INFO  server.RaftServerConfigKeys (ConfUtils.java:logGet(46)) - raft.server.retrycache.expirytime = 60s (default)
2024-10-09 00:13:59,614 [main] INFO  server.RaftServerConfigKeys (ConfUtils.java:logGet(46)) - raft.server.leaderelection.leader.step-down.wait-time = 10s (default)
2024-10-09 00:13:59,614 [s0-groupManagement] INFO  server.RaftServerConfigKeys (ConfUtils.java:logGet(46)) - raft.server.retrycache.statistics.expirytime = 100ms (default)
2024-10-09 00:13:59,614 [main] INFO  server.RaftServerConfigKeys (ConfUtils.java:logGet(46)) - raft.server.storage.dir = [/home/runner/work/ratis/ratis/ratis-test/target/test/data/6a98e00f/MiniRaftClusterWithSimulatedRpc5b0afdcd/s1] (custom)
2024-10-09 00:13:59,615 [main] INFO  server.RaftServerConfigKeys (ConfUtils.java:logGet(46)) - raft.server.threadpool.proxy.cached = true (default)
2024-10-09 00:13:59,614 [s0-groupManagement] INFO  server.RaftServerConfigKeys (ConfUtils.java:logGet(46)) - raft.server.read.option = DEFAULT (default)
2024-10-09 00:13:59,615 [s0-groupManagement] INFO  server.RaftServerConfigKeys (ConfUtils.java:logGet(46)) - raft.server.read.read-after-write-consistent.write-index-cache.expiry-time = 60s (default)
2024-10-09 00:13:59,615 [main] INFO  server.RaftServerConfigKeys (ConfUtils.java:logGet(46)) - raft.server.threadpool.proxy.size = 0 (default)
2024-10-09 00:13:59,615 [s0-groupManagement] INFO  server.RaftServerConfigKeys (ConfUtils.java:logGet(46)) - raft.server.rpc.request.timeout = 3000ms (default)
2024-10-09 00:13:59,615 [main] INFO  server.RaftServer (RaftServerProxy.java:addNew(101)) - s1: addNew group-9FC63B188219:[s3|localhost:15172, s4|localhost:15176, s0|localhost:15160, s1|localhost:15164, s2|localhost:15168] returns group-9FC63B188219:java.util.concurrent.CompletableFuture@142213d5[Not completed]
2024-10-09 00:13:59,615 [s1-groupManagement] INFO  server.RaftServer$Division (RaftServerImpl.java:<init>(256)) - s1: new RaftServerImpl for group-9FC63B188219:[s3|localhost:15172, s4|localhost:15176, s0|localhost:15160, s1|localhost:15164, s2|localhost:15168] with BaseStateMachine:uninitialized
2024-10-09 00:13:59,615 [s0-groupManagement] INFO  server.RaftServerConfigKeys (ConfUtils.java:logGet(46)) - raft.server.log.appender.install.snapshot.enabled = true (default)
2024-10-09 00:13:59,615 [s1-groupManagement] INFO  server.RaftServerConfigKeys (ConfUtils.java:logGet(46)) - raft.server.rpc.timeout.min = 150ms (default)
2024-10-09 00:13:59,615 [main] INFO  impl.MiniRaftCluster (MiniRaftCluster.java:newRaftServer(386)) - newRaftServer: s2, group-9FC63B188219:[s3|localhost:15172, s4|localhost:15176, s0|localhost:15160, s1|localhost:15164, s2|localhost:15168], format? true
2024-10-09 00:13:59,616 [main] TRACE util.FileUtils (FileUtils.java:deleteFully(305)) - deleteFully target/test/data/6a98e00f/MiniRaftClusterWithSimulatedRpc5b0afdcd/s2
2024-10-09 00:13:59,615 [s1-groupManagement] INFO  server.RaftServerConfigKeys (ConfUtils.java:logGet(46)) - raft.server.rpc.timeout.max = 300ms (default)
2024-10-09 00:13:59,615 [s0-groupManagement] INFO  server.RaftServerConfigKeys (ConfUtils.java:logGet(46)) - raft.server.threadpool.server.cached = true (default)
2024-10-09 00:13:59,616 [s1-groupManagement] INFO  server.RaftServerConfigKeys (ConfUtils.java:logGet(46)) - raft.server.rpc.sleep.time = 25ms (default)
2024-10-09 00:13:59,616 [main] TRACE util.FileUtils (FileUtils.java:deleteFully(318)) - deleteFully: target/test/data/6a98e00f/MiniRaftClusterWithSimulatedRpc5b0afdcd/s2 does not exist.
2024-10-09 00:13:59,616 [main] INFO  impl.MiniRaftCluster (MiniRaftCluster.java:newRaftServer(391)) - Formatted directory target/test/data/6a98e00f/MiniRaftClusterWithSimulatedRpc5b0afdcd/s2
2024-10-09 00:13:59,616 [s1-groupManagement] INFO  server.RaftServerConfigKeys (ConfUtils.java:logGet(46)) - raft.server.rpc.slowness.timeout = 60s (default)
2024-10-09 00:13:59,616 [main] INFO  server.RaftServer (ConfUtils.java:logGet(46)) - raft.rpc.type = org.apache.ratis.server.simulation.SimulatedRpc (custom)
2024-10-09 00:13:59,616 [s0-groupManagement] INFO  server.RaftServerConfigKeys (ConfUtils.java:logGet(46)) - raft.server.threadpool.server.size = 0 (default)
2024-10-09 00:13:59,616 [s1-groupManagement] INFO  server.RaftServerConfigKeys (ConfUtils.java:logGet(46)) - raft.server.leaderelection.leader.step-down.wait-time = 10s (default)
2024-10-09 00:13:59,616 [main] INFO  impl.DataStreamServerImpl (ConfUtils.java:logGet(46)) - raft.datastream.type = DISABLED (default)
2024-10-09 00:13:59,616 [s0-groupManagement] INFO  server.RaftServerConfigKeys (ConfUtils.java:logGet(46)) - raft.server.threadpool.client.cached = true (default)
2024-10-09 00:13:59,617 [main] INFO  server.RaftServerConfigKeys (ConfUtils.java:logGet(46)) - raft.server.sleep.deviation.threshold = 300ms (default)
2024-10-09 00:13:59,616 [s1-groupManagement] INFO  server.RaftServerConfigKeys (ConfUtils.java:logGet(46)) - raft.server.leaderelection.member.majority-add = false (default)
2024-10-09 00:13:59,617 [main] INFO  server.RaftServerConfigKeys (ConfUtils.java:logGet(46)) - raft.server.close.threshold = 60s (default)
2024-10-09 00:13:59,617 [main] INFO  server.RaftServerConfigKeys (ConfUtils.java:logGet(46)) - raft.server.leaderelection.leader.step-down.wait-time = 10s (default)
2024-10-09 00:13:59,617 [s0-groupManagement] INFO  server.RaftServerConfigKeys (ConfUtils.java:logGet(46)) - raft.server.threadpool.client.size = 0 (default)
2024-10-09 00:13:59,617 [main] INFO  server.RaftServerConfigKeys (ConfUtils.java:logGet(46)) - raft.server.storage.dir = [/home/runner/work/ratis/ratis/ratis-test/target/test/data/6a98e00f/MiniRaftClusterWithSimulatedRpc5b0afdcd/s2] (custom)
2024-10-09 00:13:59,617 [s1-groupManagement] INFO  server.RaftServerConfigKeys (ConfUtils.java:logGet(46)) - raft.server.sleep.deviation.threshold = 300ms (default)
2024-10-09 00:13:59,617 [main] INFO  server.RaftServerConfigKeys (ConfUtils.java:logGet(46)) - raft.server.threadpool.proxy.cached = true (default)
2024-10-09 00:13:59,617 [s1-groupManagement] INFO  server.RaftServer$Division (ServerState.java:<init>(114)) - s1@group-9FC63B188219: ConfigurationManager, init=conf: {index: -1, cur=peers:[s3|localhost:15172, s4|localhost:15176, s0|localhost:15160, s1|localhost:15164, s2|localhost:15168]|listeners:[], old=null}, confs=<EMPTY_MAP>
2024-10-09 00:13:59,617 [main] INFO  server.RaftServerConfigKeys (ConfUtils.java:logGet(46)) - raft.server.threadpool.proxy.size = 0 (default)
2024-10-09 00:13:59,617 [s1-groupManagement] INFO  server.RaftServerConfigKeys (ConfUtils.java:logGet(46)) - raft.server.notification.no-leader.timeout = 60s (default)
2024-10-09 00:13:59,618 [s1-groupManagement] INFO  server.RaftServerConfigKeys (ConfUtils.java:logGet(46)) - raft.server.read.timeout = 10s (default)
2024-10-09 00:13:59,618 [s1-groupManagement] INFO  server.RaftServerConfigKeys (ConfUtils.java:logGet(46)) - raft.server.retrycache.expirytime = 60s (default)
2024-10-09 00:13:59,618 [s1-groupManagement] INFO  server.RaftServerConfigKeys (ConfUtils.java:logGet(46)) - raft.server.retrycache.statistics.expirytime = 100ms (default)
2024-10-09 00:13:59,618 [s1-groupManagement] INFO  server.RaftServerConfigKeys (ConfUtils.java:logGet(46)) - raft.server.read.option = DEFAULT (default)
2024-10-09 00:13:59,618 [main] INFO  server.RaftServer (RaftServerProxy.java:addNew(101)) - s2: addNew group-9FC63B188219:[s3|localhost:15172, s4|localhost:15176, s0|localhost:15160, s1|localhost:15164, s2|localhost:15168] returns group-9FC63B188219:java.util.concurrent.CompletableFuture@5ea4300e[Not completed]
2024-10-09 00:13:59,618 [s2-groupManagement] INFO  server.RaftServer$Division (RaftServerImpl.java:<init>(256)) - s2: new RaftServerImpl for group-9FC63B188219:[s3|localhost:15172, s4|localhost:15176, s0|localhost:15160, s1|localhost:15164, s2|localhost:15168] with BaseStateMachine:uninitialized
2024-10-09 00:13:59,618 [s2-groupManagement] INFO  server.RaftServerConfigKeys (ConfUtils.java:logGet(46)) - raft.server.rpc.timeout.min = 150ms (default)
2024-10-09 00:13:59,618 [s2-groupManagement] INFO  server.RaftServerConfigKeys (ConfUtils.java:logGet(46)) - raft.server.rpc.timeout.max = 300ms (default)
2024-10-09 00:13:59,618 [s2-groupManagement] INFO  server.RaftServerConfigKeys (ConfUtils.java:logGet(46)) - raft.server.rpc.sleep.time = 25ms (default)
2024-10-09 00:13:59,618 [s2-groupManagement] INFO  server.RaftServerConfigKeys (ConfUtils.java:logGet(46)) - raft.server.rpc.slowness.timeout = 60s (default)
2024-10-09 00:13:59,618 [s2-groupManagement] INFO  server.RaftServerConfigKeys (ConfUtils.java:logGet(46)) - raft.server.leaderelection.leader.step-down.wait-time = 10s (default)
2024-10-09 00:13:59,618 [s2-groupManagement] INFO  server.RaftServerConfigKeys (ConfUtils.java:logGet(46)) - raft.server.leaderelection.member.majority-add = false (default)
2024-10-09 00:13:59,618 [s2-groupManagement] INFO  server.RaftServerConfigKeys (ConfUtils.java:logGet(46)) - raft.server.sleep.deviation.threshold = 300ms (default)
2024-10-09 00:13:59,618 [s1-groupManagement] INFO  server.RaftServerConfigKeys (ConfUtils.java:logGet(46)) - raft.server.read.read-after-write-consistent.write-index-cache.expiry-time = 60s (default)
2024-10-09 00:13:59,618 [s2-groupManagement] INFO  server.RaftServer$Division (ServerState.java:<init>(114)) - s2@group-9FC63B188219: ConfigurationManager, init=conf: {index: -1, cur=peers:[s3|localhost:15172, s4|localhost:15176, s0|localhost:15160, s1|localhost:15164, s2|localhost:15168]|listeners:[], old=null}, confs=<EMPTY_MAP>
2024-10-09 00:13:59,618 [s2-groupManagement] INFO  server.RaftServerConfigKeys (ConfUtils.java:logGet(46)) - raft.server.notification.no-leader.timeout = 60s (default)
2024-10-09 00:13:59,618 [s2-groupManagement] INFO  server.RaftServerConfigKeys (ConfUtils.java:logGet(46)) - raft.server.read.timeout = 10s (default)
2024-10-09 00:13:59,619 [s2-groupManagement] INFO  server.RaftServerConfigKeys (ConfUtils.java:logGet(46)) - raft.server.retrycache.expirytime = 60s (default)
2024-10-09 00:13:59,619 [s2-groupManagement] INFO  server.RaftServerConfigKeys (ConfUtils.java:logGet(46)) - raft.server.retrycache.statistics.expirytime = 100ms (default)
2024-10-09 00:13:59,619 [s2-groupManagement] INFO  server.RaftServerConfigKeys (ConfUtils.java:logGet(46)) - raft.server.read.option = DEFAULT (default)
2024-10-09 00:13:59,619 [s2-groupManagement] INFO  server.RaftServerConfigKeys (ConfUtils.java:logGet(46)) - raft.server.read.read-after-write-consistent.write-index-cache.expiry-time = 60s (default)
2024-10-09 00:13:59,619 [s1-groupManagement] INFO  server.RaftServerConfigKeys (ConfUtils.java:logGet(46)) - raft.server.rpc.request.timeout = 3000ms (default)
2024-10-09 00:13:59,619 [s1-groupManagement] INFO  server.RaftServerConfigKeys (ConfUtils.java:logGet(46)) - raft.server.log.appender.install.snapshot.enabled = true (default)
2024-10-09 00:13:59,619 [s1-groupManagement] INFO  server.RaftServerConfigKeys (ConfUtils.java:logGet(46)) - raft.server.threadpool.server.cached = true (default)
2024-10-09 00:13:59,619 [s1-groupManagement] INFO  server.RaftServerConfigKeys (ConfUtils.java:logGet(46)) - raft.server.threadpool.server.size = 0 (default)
2024-10-09 00:13:59,619 [s1-groupManagement] INFO  server.RaftServerConfigKeys (ConfUtils.java:logGet(46)) - raft.server.threadpool.client.cached = true (default)
2024-10-09 00:13:59,619 [s1-groupManagement] INFO  server.RaftServerConfigKeys (ConfUtils.java:logGet(46)) - raft.server.threadpool.client.size = 0 (default)
2024-10-09 00:13:59,618 [s3-impl-thread1] INFO  server.RaftServerConfigKeys (ConfUtils.java:logGet(46)) - raft.server.storage.free-space.min = 0MB (=0) (default)
2024-10-09 00:13:59,620 [s3-impl-thread1] INFO  server.RaftServerConfigKeys (ConfUtils.java:logGet(46)) - raft.server.log.corruption.policy = EXCEPTION (default)
2024-10-09 00:13:59,620 [s3-impl-thread1] INFO  server.RaftServerConfigKeys (ConfUtils.java:logGet(46)) - raft.server.storage.dir = [/home/runner/work/ratis/ratis/ratis-test/target/test/data/6a98e00f/MiniRaftClusterWithSimulatedRpc5b0afdcd/s3] (custom)
2024-10-09 00:13:59,620 [s2-groupManagement] INFO  server.RaftServerConfigKeys (ConfUtils.java:logGet(46)) - raft.server.rpc.request.timeout = 3000ms (default)
2024-10-09 00:13:59,620 [s3-impl-thread1] INFO  storage.RaftStorageDirectory (RaftStorageDirectoryImpl.java:analyzeStorage(138)) - The storage directory /home/runner/work/ratis/ratis/ratis-test/target/test/data/6a98e00f/MiniRaftClusterWithSimulatedRpc5b0afdcd/s3/6be80beb-a1d6-45cd-9b84-9fc63b188219 does not exist. Creating ...
2024-10-09 00:13:59,620 [s2-groupManagement] INFO  server.RaftServerConfigKeys (ConfUtils.java:logGet(46)) - raft.server.log.appender.install.snapshot.enabled = true (default)
2024-10-09 00:13:59,620 [s2-groupManagement] INFO  server.RaftServerConfigKeys (ConfUtils.java:logGet(46)) - raft.server.threadpool.server.cached = true (default)
2024-10-09 00:13:59,620 [s2-groupManagement] INFO  server.RaftServerConfigKeys (ConfUtils.java:logGet(46)) - raft.server.threadpool.server.size = 0 (default)
2024-10-09 00:13:59,620 [s2-groupManagement] INFO  server.RaftServerConfigKeys (ConfUtils.java:logGet(46)) - raft.server.threadpool.client.cached = true (default)
2024-10-09 00:13:59,620 [s2-groupManagement] INFO  server.RaftServerConfigKeys (ConfUtils.java:logGet(46)) - raft.server.threadpool.client.size = 0 (default)
2024-10-09 00:13:59,620 [s3-impl-thread1] TRACE util.FileUtils (LogUtils.java:runAndLog(49)) - Successfully ran Files.createDirectories /home/runner/work/ratis/ratis/ratis-test/target/test/data/6a98e00f/MiniRaftClusterWithSimulatedRpc5b0afdcd/s3/6be80beb-a1d6-45cd-9b84-9fc63b188219
2024-10-09 00:13:59,622 [s3-impl-thread1] INFO  storage.RaftStorageDirectory (RaftStorageDirectoryImpl.java:tryLock(229)) - Lock on /home/runner/work/ratis/ratis/ratis-test/target/test/data/6a98e00f/MiniRaftClusterWithSimulatedRpc5b0afdcd/s3/6be80beb-a1d6-45cd-9b84-9fc63b188219/in_use.lock acquired by nodename 10912@fv-az890-745
2024-10-09 00:13:59,622 [s3-impl-thread1] TRACE util.FileUtils (LogUtils.java:runAndLog(49)) - Successfully ran Files.createDirectories /home/runner/work/ratis/ratis/ratis-test/target/test/data/6a98e00f/MiniRaftClusterWithSimulatedRpc5b0afdcd/s3/6be80beb-a1d6-45cd-9b84-9fc63b188219/current
2024-10-09 00:13:59,622 [s3-impl-thread1] TRACE util.FileUtils (LogUtils.java:runAndLog(49)) - Successfully ran Files.createDirectories /home/runner/work/ratis/ratis/ratis-test/target/test/data/6a98e00f/MiniRaftClusterWithSimulatedRpc5b0afdcd/s3/6be80beb-a1d6-45cd-9b84-9fc63b188219/sm
2024-10-09 00:13:59,622 [s3-impl-thread1] TRACE util.FileUtils (LogUtils.java:supplyAndLog(69)) - Successfully supplied FileChannel.open /home/runner/work/ratis/ratis/ratis-test/target/test/data/6a98e00f/MiniRaftClusterWithSimulatedRpc5b0afdcd/s3/6be80beb-a1d6-45cd-9b84-9fc63b188219/current/raft-meta.tmp with options [CREATE, WRITE]: sun.nio.ch.FileChannelImpl@4d891282
2024-10-09 00:13:59,623 [s3-impl-thread1] TRACE util.FileUtils (LogUtils.java:runAndLog(49)) - Successfully ran Atomic Files.move /home/runner/work/ratis/ratis/ratis-test/target/test/data/6a98e00f/MiniRaftClusterWithSimulatedRpc5b0afdcd/s3/6be80beb-a1d6-45cd-9b84-9fc63b188219/current/raft-meta.tmp to /home/runner/work/ratis/ratis/ratis-test/target/test/data/6a98e00f/MiniRaftClusterWithSimulatedRpc5b0afdcd/s3/6be80beb-a1d6-45cd-9b84-9fc63b188219/current/raft-meta with options [REPLACE_EXISTING]
2024-10-09 00:13:59,623 [s3-impl-thread1] INFO  storage.RaftStorage (RaftStorageImpl.java:format(98)) - Storage directory /home/runner/work/ratis/ratis/ratis-test/target/test/data/6a98e00f/MiniRaftClusterWithSimulatedRpc5b0afdcd/s3/6be80beb-a1d6-45cd-9b84-9fc63b188219 has been successfully formatted.
2024-10-09 00:13:59,623 [s3-impl-thread1] INFO  server.RaftServerConfigKeys (ConfUtils.java:logGet(46)) - raft.server.log.use.memory = false (default)
2024-10-09 00:13:59,623 [s3-impl-thread1] INFO  server.RaftServerConfigKeys (ConfUtils.java:logGet(46)) - raft.server.log.purge.gap = 1024 (default)
2024-10-09 00:13:59,623 [s3-impl-thread1] INFO  server.RaftServerConfigKeys (ConfUtils.java:logGet(46)) - raft.server.log.appender.buffer.byte-limit = 4MB (=4194304) (default)
2024-10-09 00:13:59,623 [s3-impl-thread1] INFO  server.RaftServerConfigKeys (ConfUtils.java:logGet(46)) - raft.server.log.statemachine.data.read.timeout = 1000ms (default)
2024-10-09 00:13:59,623 [s3-impl-thread1] INFO  server.RaftServerConfigKeys (ConfUtils.java:logGet(46)) - raft.server.log.purge.preservation.log.num = 0 (default)
2024-10-09 00:13:59,623 [s3-impl-thread1] INFO  server.RaftServerConfigKeys (ConfUtils.java:logGet(46)) - raft.server.log.segment.size.max = 32MB (=33554432) (default)
2024-10-09 00:13:59,624 [s3-impl-thread1] INFO  server.RaftServerConfigKeys (ConfUtils.java:logGet(46)) - raft.server.log.segment.cache.num.max = 6 (default)
2024-10-09 00:13:59,624 [s3-impl-thread1] INFO  server.RaftServerConfigKeys (ConfUtils.java:logGet(46)) - raft.server.log.segment.cache.size.max = 200MB (=209715200) (default)
2024-10-09 00:13:59,624 [s3-impl-thread1] INFO  server.RaftServerConfigKeys (ConfUtils.java:logGet(46)) - raft.server.log.appender.buffer.byte-limit = 4MB (=4194304) (default)
2024-10-09 00:13:59,624 [s3-impl-thread1] INFO  util.AwaitToRun (AwaitToRun.java:start(81)) - Thread[s3@group-9FC63B188219-cacheEviction-AwaitToRun,5,main] started
2024-10-09 00:13:59,624 [s3-impl-thread1] INFO  segmented.SegmentedRaftLogWorker (SegmentedRaftLogWorker.java:<init>(187)) - new s3@group-9FC63B188219-SegmentedRaftLogWorker for RaftStorageImpl:Storage Directory /home/runner/work/ratis/ratis/ratis-test/target/test/data/6a98e00f/MiniRaftClusterWithSimulatedRpc5b0afdcd/s3/6be80beb-a1d6-45cd-9b84-9fc63b188219
2024-10-09 00:13:59,624 [s3-impl-thread1] INFO  server.RaftServerConfigKeys (ConfUtils.java:logGet(46)) - raft.server.log.queue.byte-limit = 64MB (=67108864) (default)
2024-10-09 00:13:59,624 [s3-impl-thread1] INFO  server.RaftServerConfigKeys (ConfUtils.java:logGet(46)) - raft.server.log.queue.element-limit = 4096 (default)
2024-10-09 00:13:59,624 [s3-impl-thread1] INFO  server.RaftServerConfigKeys (ConfUtils.java:logGet(46)) - raft.server.log.segment.size.max = 32MB (=33554432) (default)
2024-10-09 00:13:59,624 [s3-impl-thread1] INFO  server.RaftServerConfigKeys (ConfUtils.java:logGet(46)) - raft.server.log.preallocated.size = 4MB (=4194304) (default)
2024-10-09 00:13:59,624 [s3-impl-thread1] INFO  server.RaftServerConfigKeys (ConfUtils.java:logGet(46)) - raft.server.log.force.sync.num = 128 (default)
2024-10-09 00:13:59,624 [s3-impl-thread1] INFO  server.RaftServerConfigKeys (ConfUtils.java:logGet(46)) - raft.server.log.statemachine.data.sync = true (default)
2024-10-09 00:13:59,624 [s3-impl-thread1] INFO  server.RaftServerConfigKeys (ConfUtils.java:logGet(46)) - raft.server.log.statemachine.data.sync.timeout = 10s (default)
2024-10-09 00:13:59,624 [s3-impl-thread1] INFO  server.RaftServerConfigKeys (ConfUtils.java:logGet(46)) - raft.server.log.statemachine.data.sync.timeout.retry = -1 (default)
2024-10-09 00:13:59,624 [s3-impl-thread1] INFO  server.RaftServerConfigKeys (ConfUtils.java:logGet(46)) - raft.server.log.write.buffer.size = 8MB (=8388608) (default)
2024-10-09 00:13:59,625 [s3-impl-thread1] INFO  server.RaftServerConfigKeys (ConfUtils.java:logGet(46)) - raft.server.log.appender.buffer.byte-limit = 4MB (=4194304) (default)
2024-10-09 00:13:59,625 [s3-impl-thread1] INFO  server.RaftServerConfigKeys (ConfUtils.java:logGet(46)) - raft.server.log.unsafe-flush.enabled = false (default)
2024-10-09 00:13:59,625 [s3-impl-thread1] INFO  server.RaftServerConfigKeys (ConfUtils.java:logGet(46)) - raft.server.log.async-flush.enabled = false (default)
2024-10-09 00:13:59,625 [s3-impl-thread1] INFO  server.RaftServerConfigKeys (ConfUtils.java:logGet(46)) - raft.server.log.statemachine.data.caching.enabled = false (default)
2024-10-09 00:13:59,625 [s3-impl-thread1] INFO  segmented.SegmentedRaftLogWorker (SegmentedRaftLogWorker.java:lambda$new$0(138)) - s3@group-9FC63B188219-SegmentedRaftLogWorker: flushIndex: setUnconditionally 0 -> -1
2024-10-09 00:13:59,625 [s3-impl-thread1] INFO  segmented.SegmentedRaftLogWorker (SegmentedRaftLogWorker.java:lambda$new$0(138)) - s3@group-9FC63B188219-SegmentedRaftLogWorker: safeCacheEvictIndex: setUnconditionally 0 -> -1
2024-10-09 00:13:59,625 [s3-impl-thread1] INFO  server.RaftServer$Division (RaftServerImpl.java:start(392)) - s3@group-9FC63B188219: start as a follower, conf=conf: {index: -1, cur=peers:[s3|localhost:15172, s4|localhost:15176, s0|localhost:15160, s1|localhost:15164, s2|localhost:15168]|listeners:[], old=null}
2024-10-09 00:13:59,625 [s3-impl-thread1] INFO  server.RaftServer$Division (RaftServerImpl.java:setRole(379)) - s3@group-9FC63B188219: changes role from      null to FOLLOWER at term 0 for startAsFollower
2024-10-09 00:13:59,626 [s3-impl-thread1] INFO  impl.RoleInfo (RoleInfo.java:updateAndGet(148)) - s3: start s3@group-9FC63B188219-FollowerState
2024-10-09 00:13:59,626 [s3@group-9FC63B188219-FollowerState] INFO  server.RaftServerConfigKeys (ConfUtils.java:logFallback(53)) - raft.server.rpc.first-election.timeout.min = 150ms (fallback to raft.server.rpc.timeout.min)
2024-10-09 00:13:59,626 [s3@group-9FC63B188219-FollowerState] INFO  server.RaftServerConfigKeys (ConfUtils.java:logFallback(53)) - raft.server.rpc.first-election.timeout.max = 300ms (fallback to raft.server.rpc.timeout.max)
2024-10-09 00:13:59,626 [s3-impl-thread1] INFO  util.JmxRegister (JmxRegister.java:tryRegister(44)) - Successfully registered JMX Bean with object name Ratis:service=RaftServer,group=group-9FC63B188219,id=s3
2024-10-09 00:13:59,626 [s3-impl-thread1] INFO  util.JmxRegister (JmxRegister.java:register(58)) - register mxBean class org.apache.ratis.server.impl.RaftServerJmxAdapter as Ratis:service=RaftServer,group=group-9FC63B188219,id=s3
2024-10-09 00:13:59,626 [s3-impl-thread1] INFO  server.RaftServerConfigKeys (ConfUtils.java:logGet(46)) - raft.server.snapshot.trigger-when-stop.enabled = true (default)
2024-10-09 00:13:59,626 [s3-impl-thread1] INFO  server.RaftServerConfigKeys (ConfUtils.java:logGet(46)) - raft.server.snapshot.trigger-when-remove.enabled = true (default)
2024-10-09 00:13:59,627 [s3-impl-thread1] INFO  server.RaftServerConfigKeys (ConfUtils.java:logGet(46)) - raft.server.snapshot.auto.trigger.enabled = false (default)
2024-10-09 00:13:59,627 [s3-impl-thread1] INFO  server.RaftServerConfigKeys (ConfUtils.java:logGet(46)) - raft.server.snapshot.retention.file.num = -1 (default)
2024-10-09 00:13:59,627 [s3-impl-thread1] INFO  server.RaftServerConfigKeys (ConfUtils.java:logGet(46)) - raft.server.log.purge.upto.snapshot.index = false (default)
2024-10-09 00:13:59,627 [main] INFO  server.RaftServer (RaftServerProxy.java:startImpl(408)) - s3: start RPC server
2024-10-09 00:13:59,632 [JvmPauseMonitor40] INFO  util.JvmPauseMonitor (JvmPauseMonitor.java:run(146)) - JvmPauseMonitor-s3: Started
2024-10-09 00:13:59,632 [s4-impl-thread1] INFO  server.RaftServerConfigKeys (ConfUtils.java:logGet(46)) - raft.server.storage.free-space.min = 0MB (=0) (default)
2024-10-09 00:13:59,632 [s4-impl-thread1] INFO  server.RaftServerConfigKeys (ConfUtils.java:logGet(46)) - raft.server.log.corruption.policy = EXCEPTION (default)
2024-10-09 00:13:59,632 [s4-impl-thread1] INFO  server.RaftServerConfigKeys (ConfUtils.java:logGet(46)) - raft.server.storage.dir = [/home/runner/work/ratis/ratis/ratis-test/target/test/data/6a98e00f/MiniRaftClusterWithSimulatedRpc5b0afdcd/s4] (custom)
2024-10-09 00:13:59,632 [s4-impl-thread1] INFO  storage.RaftStorageDirectory (RaftStorageDirectoryImpl.java:analyzeStorage(138)) - The storage directory /home/runner/work/ratis/ratis/ratis-test/target/test/data/6a98e00f/MiniRaftClusterWithSimulatedRpc5b0afdcd/s4/6be80beb-a1d6-45cd-9b84-9fc63b188219 does not exist. Creating ...
2024-10-09 00:13:59,633 [s4-impl-thread1] TRACE util.FileUtils (LogUtils.java:runAndLog(49)) - Successfully ran Files.createDirectories /home/runner/work/ratis/ratis/ratis-test/target/test/data/6a98e00f/MiniRaftClusterWithSimulatedRpc5b0afdcd/s4/6be80beb-a1d6-45cd-9b84-9fc63b188219
2024-10-09 00:13:59,634 [s4-impl-thread1] INFO  storage.RaftStorageDirectory (RaftStorageDirectoryImpl.java:tryLock(229)) - Lock on /home/runner/work/ratis/ratis/ratis-test/target/test/data/6a98e00f/MiniRaftClusterWithSimulatedRpc5b0afdcd/s4/6be80beb-a1d6-45cd-9b84-9fc63b188219/in_use.lock acquired by nodename 10912@fv-az890-745
2024-10-09 00:13:59,634 [s4-impl-thread1] TRACE util.FileUtils (LogUtils.java:runAndLog(49)) - Successfully ran Files.createDirectories /home/runner/work/ratis/ratis/ratis-test/target/test/data/6a98e00f/MiniRaftClusterWithSimulatedRpc5b0afdcd/s4/6be80beb-a1d6-45cd-9b84-9fc63b188219/current
2024-10-09 00:13:59,634 [s4-impl-thread1] TRACE util.FileUtils (LogUtils.java:runAndLog(49)) - Successfully ran Files.createDirectories /home/runner/work/ratis/ratis/ratis-test/target/test/data/6a98e00f/MiniRaftClusterWithSimulatedRpc5b0afdcd/s4/6be80beb-a1d6-45cd-9b84-9fc63b188219/sm
2024-10-09 00:13:59,634 [s4-impl-thread1] TRACE util.FileUtils (LogUtils.java:supplyAndLog(69)) - Successfully supplied FileChannel.open /home/runner/work/ratis/ratis/ratis-test/target/test/data/6a98e00f/MiniRaftClusterWithSimulatedRpc5b0afdcd/s4/6be80beb-a1d6-45cd-9b84-9fc63b188219/current/raft-meta.tmp with options [CREATE, WRITE]: sun.nio.ch.FileChannelImpl@16e39b31
2024-10-09 00:13:59,635 [s4-impl-thread1] TRACE util.FileUtils (LogUtils.java:runAndLog(49)) - Successfully ran Atomic Files.move /home/runner/work/ratis/ratis/ratis-test/target/test/data/6a98e00f/MiniRaftClusterWithSimulatedRpc5b0afdcd/s4/6be80beb-a1d6-45cd-9b84-9fc63b188219/current/raft-meta.tmp to /home/runner/work/ratis/ratis/ratis-test/target/test/data/6a98e00f/MiniRaftClusterWithSimulatedRpc5b0afdcd/s4/6be80beb-a1d6-45cd-9b84-9fc63b188219/current/raft-meta with options [REPLACE_EXISTING]
2024-10-09 00:13:59,635 [s4-impl-thread1] INFO  storage.RaftStorage (RaftStorageImpl.java:format(98)) - Storage directory /home/runner/work/ratis/ratis/ratis-test/target/test/data/6a98e00f/MiniRaftClusterWithSimulatedRpc5b0afdcd/s4/6be80beb-a1d6-45cd-9b84-9fc63b188219 has been successfully formatted.
2024-10-09 00:13:59,635 [s4-impl-thread1] INFO  server.RaftServerConfigKeys (ConfUtils.java:logGet(46)) - raft.server.log.use.memory = false (default)
2024-10-09 00:13:59,635 [s4-impl-thread1] INFO  server.RaftServerConfigKeys (ConfUtils.java:logGet(46)) - raft.server.log.purge.gap = 1024 (default)
2024-10-09 00:13:59,635 [s4-impl-thread1] INFO  server.RaftServerConfigKeys (ConfUtils.java:logGet(46)) - raft.server.log.appender.buffer.byte-limit = 4MB (=4194304) (default)
2024-10-09 00:13:59,635 [s4-impl-thread1] INFO  server.RaftServerConfigKeys (ConfUtils.java:logGet(46)) - raft.server.log.statemachine.data.read.timeout = 1000ms (default)
2024-10-09 00:13:59,635 [s4-impl-thread1] INFO  server.RaftServerConfigKeys (ConfUtils.java:logGet(46)) - raft.server.log.purge.preservation.log.num = 0 (default)
2024-10-09 00:13:59,636 [s4-impl-thread1] INFO  server.RaftServerConfigKeys (ConfUtils.java:logGet(46)) - raft.server.log.segment.size.max = 32MB (=33554432) (default)
2024-10-09 00:13:59,636 [s4-impl-thread1] INFO  server.RaftServerConfigKeys (ConfUtils.java:logGet(46)) - raft.server.log.segment.cache.num.max = 6 (default)
2024-10-09 00:13:59,636 [s4-impl-thread1] INFO  server.RaftServerConfigKeys (ConfUtils.java:logGet(46)) - raft.server.log.segment.cache.size.max = 200MB (=209715200) (default)
2024-10-09 00:13:59,636 [s4-impl-thread1] INFO  server.RaftServerConfigKeys (ConfUtils.java:logGet(46)) - raft.server.log.appender.buffer.byte-limit = 4MB (=4194304) (default)
2024-10-09 00:13:59,636 [s4-impl-thread1] INFO  util.AwaitToRun (AwaitToRun.java:start(81)) - Thread[s4@group-9FC63B188219-cacheEviction-AwaitToRun,5,main] started
2024-10-09 00:13:59,636 [s4-impl-thread1] INFO  segmented.SegmentedRaftLogWorker (SegmentedRaftLogWorker.java:<init>(187)) - new s4@group-9FC63B188219-SegmentedRaftLogWorker for RaftStorageImpl:Storage Directory /home/runner/work/ratis/ratis/ratis-test/target/test/data/6a98e00f/MiniRaftClusterWithSimulatedRpc5b0afdcd/s4/6be80beb-a1d6-45cd-9b84-9fc63b188219
2024-10-09 00:13:59,636 [s4-impl-thread1] INFO  server.RaftServerConfigKeys (ConfUtils.java:logGet(46)) - raft.server.log.queue.byte-limit = 64MB (=67108864) (default)
2024-10-09 00:13:59,636 [s4-impl-thread1] INFO  server.RaftServerConfigKeys (ConfUtils.java:logGet(46)) - raft.server.log.queue.element-limit = 4096 (default)
2024-10-09 00:13:59,636 [s4-impl-thread1] INFO  server.RaftServerConfigKeys (ConfUtils.java:logGet(46)) - raft.server.log.segment.size.max = 32MB (=33554432) (default)
2024-10-09 00:13:59,636 [s4-impl-thread1] INFO  server.RaftServerConfigKeys (ConfUtils.java:logGet(46)) - raft.server.log.preallocated.size = 4MB (=4194304) (default)
2024-10-09 00:13:59,636 [s4-impl-thread1] INFO  server.RaftServerConfigKeys (ConfUtils.java:logGet(46)) - raft.server.log.force.sync.num = 128 (default)
2024-10-09 00:13:59,636 [s4-impl-thread1] INFO  server.RaftServerConfigKeys (ConfUtils.java:logGet(46)) - raft.server.log.statemachine.data.sync = true (default)
2024-10-09 00:13:59,636 [s4-impl-thread1] INFO  server.RaftServerConfigKeys (ConfUtils.java:logGet(46)) - raft.server.log.statemachine.data.sync.timeout = 10s (default)
2024-10-09 00:13:59,636 [s4-impl-thread1] INFO  server.RaftServerConfigKeys (ConfUtils.java:logGet(46)) - raft.server.log.statemachine.data.sync.timeout.retry = -1 (default)
2024-10-09 00:13:59,636 [s4-impl-thread1] INFO  server.RaftServerConfigKeys (ConfUtils.java:logGet(46)) - raft.server.log.write.buffer.size = 8MB (=8388608) (default)
2024-10-09 00:13:59,637 [s4-impl-thread1] INFO  server.RaftServerConfigKeys (ConfUtils.java:logGet(46)) - raft.server.log.appender.buffer.byte-limit = 4MB (=4194304) (default)
2024-10-09 00:13:59,637 [s4-impl-thread1] INFO  server.RaftServerConfigKeys (ConfUtils.java:logGet(46)) - raft.server.log.unsafe-flush.enabled = false (default)
2024-10-09 00:13:59,637 [s4-impl-thread1] INFO  server.RaftServerConfigKeys (ConfUtils.java:logGet(46)) - raft.server.log.async-flush.enabled = false (default)
2024-10-09 00:13:59,637 [s4-impl-thread1] INFO  server.RaftServerConfigKeys (ConfUtils.java:logGet(46)) - raft.server.log.statemachine.data.caching.enabled = false (default)
2024-10-09 00:13:59,637 [s4-impl-thread1] INFO  segmented.SegmentedRaftLogWorker (SegmentedRaftLogWorker.java:lambda$new$0(138)) - s4@group-9FC63B188219-SegmentedRaftLogWorker: flushIndex: setUnconditionally 0 -> -1
2024-10-09 00:13:59,637 [s4-impl-thread1] INFO  segmented.SegmentedRaftLogWorker (SegmentedRaftLogWorker.java:lambda$new$0(138)) - s4@group-9FC63B188219-SegmentedRaftLogWorker: safeCacheEvictIndex: setUnconditionally 0 -> -1
2024-10-09 00:13:59,637 [s4-impl-thread1] INFO  server.RaftServer$Division (RaftServerImpl.java:start(392)) - s4@group-9FC63B188219: start as a follower, conf=conf: {index: -1, cur=peers:[s3|localhost:15172, s4|localhost:15176, s0|localhost:15160, s1|localhost:15164, s2|localhost:15168]|listeners:[], old=null}
2024-10-09 00:13:59,637 [s4-impl-thread1] INFO  server.RaftServer$Division (RaftServerImpl.java:setRole(379)) - s4@group-9FC63B188219: changes role from      null to FOLLOWER at term 0 for startAsFollower
2024-10-09 00:13:59,637 [s4-impl-thread1] INFO  impl.RoleInfo (RoleInfo.java:updateAndGet(148)) - s4: start s4@group-9FC63B188219-FollowerState
2024-10-09 00:13:59,637 [s4@group-9FC63B188219-FollowerState] INFO  server.RaftServerConfigKeys (ConfUtils.java:logFallback(53)) - raft.server.rpc.first-election.timeout.min = 150ms (fallback to raft.server.rpc.timeout.min)
2024-10-09 00:13:59,637 [s4-impl-thread1] INFO  util.JmxRegister (JmxRegister.java:tryRegister(44)) - Successfully registered JMX Bean with object name Ratis:service=RaftServer,group=group-9FC63B188219,id=s4
2024-10-09 00:13:59,637 [s4-impl-thread1] INFO  util.JmxRegister (JmxRegister.java:register(58)) - register mxBean class org.apache.ratis.server.impl.RaftServerJmxAdapter as Ratis:service=RaftServer,group=group-9FC63B188219,id=s4
2024-10-09 00:13:59,638 [s4-impl-thread1] INFO  server.RaftServerConfigKeys (ConfUtils.java:logGet(46)) - raft.server.snapshot.trigger-when-stop.enabled = true (default)
2024-10-09 00:13:59,638 [s4-impl-thread1] INFO  server.RaftServerConfigKeys (ConfUtils.java:logGet(46)) - raft.server.snapshot.trigger-when-remove.enabled = true (default)
2024-10-09 00:13:59,638 [s4-impl-thread1] INFO  server.RaftServerConfigKeys (ConfUtils.java:logGet(46)) - raft.server.snapshot.auto.trigger.enabled = false (default)
2024-10-09 00:13:59,638 [s4-impl-thread1] INFO  server.RaftServerConfigKeys (ConfUtils.java:logGet(46)) - raft.server.snapshot.retention.file.num = -1 (default)
2024-10-09 00:13:59,638 [s4-impl-thread1] INFO  server.RaftServerConfigKeys (ConfUtils.java:logGet(46)) - raft.server.log.purge.upto.snapshot.index = false (default)
2024-10-09 00:13:59,637 [s4@group-9FC63B188219-FollowerState] INFO  server.RaftServerConfigKeys (ConfUtils.java:logFallback(53)) - raft.server.rpc.first-election.timeout.max = 300ms (fallback to raft.server.rpc.timeout.max)
2024-10-09 00:13:59,638 [main] INFO  server.RaftServer (RaftServerProxy.java:startImpl(408)) - s4: start RPC server
2024-10-09 00:13:59,638 [JvmPauseMonitor41] INFO  util.JvmPauseMonitor (JvmPauseMonitor.java:run(146)) - JvmPauseMonitor-s4: Started
2024-10-09 00:13:59,638 [s0-impl-thread1] INFO  server.RaftServerConfigKeys (ConfUtils.java:logGet(46)) - raft.server.storage.free-space.min = 0MB (=0) (default)
2024-10-09 00:13:59,639 [s0-impl-thread1] INFO  server.RaftServerConfigKeys (ConfUtils.java:logGet(46)) - raft.server.log.corruption.policy = EXCEPTION (default)
2024-10-09 00:13:59,639 [s0-impl-thread1] INFO  server.RaftServerConfigKeys (ConfUtils.java:logGet(46)) - raft.server.storage.dir = [/home/runner/work/ratis/ratis/ratis-test/target/test/data/6a98e00f/MiniRaftClusterWithSimulatedRpc5b0afdcd/s0] (custom)
2024-10-09 00:13:59,639 [s0-impl-thread1] INFO  storage.RaftStorageDirectory (RaftStorageDirectoryImpl.java:analyzeStorage(138)) - The storage directory /home/runner/work/ratis/ratis/ratis-test/target/test/data/6a98e00f/MiniRaftClusterWithSimulatedRpc5b0afdcd/s0/6be80beb-a1d6-45cd-9b84-9fc63b188219 does not exist. Creating ...
2024-10-09 00:13:59,639 [s0-impl-thread1] TRACE util.FileUtils (LogUtils.java:runAndLog(49)) - Successfully ran Files.createDirectories /home/runner/work/ratis/ratis/ratis-test/target/test/data/6a98e00f/MiniRaftClusterWithSimulatedRpc5b0afdcd/s0/6be80beb-a1d6-45cd-9b84-9fc63b188219
2024-10-09 00:13:59,640 [s0-impl-thread1] INFO  storage.RaftStorageDirectory (RaftStorageDirectoryImpl.java:tryLock(229)) - Lock on /home/runner/work/ratis/ratis/ratis-test/target/test/data/6a98e00f/MiniRaftClusterWithSimulatedRpc5b0afdcd/s0/6be80beb-a1d6-45cd-9b84-9fc63b188219/in_use.lock acquired by nodename 10912@fv-az890-745
2024-10-09 00:13:59,640 [s0-impl-thread1] TRACE util.FileUtils (LogUtils.java:runAndLog(49)) - Successfully ran Files.createDirectories /home/runner/work/ratis/ratis/ratis-test/target/test/data/6a98e00f/MiniRaftClusterWithSimulatedRpc5b0afdcd/s0/6be80beb-a1d6-45cd-9b84-9fc63b188219/current
2024-10-09 00:13:59,640 [s0-impl-thread1] TRACE util.FileUtils (LogUtils.java:runAndLog(49)) - Successfully ran Files.createDirectories /home/runner/work/ratis/ratis/ratis-test/target/test/data/6a98e00f/MiniRaftClusterWithSimulatedRpc5b0afdcd/s0/6be80beb-a1d6-45cd-9b84-9fc63b188219/sm
2024-10-09 00:13:59,640 [s0-impl-thread1] TRACE util.FileUtils (LogUtils.java:supplyAndLog(69)) - Successfully supplied FileChannel.open /home/runner/work/ratis/ratis/ratis-test/target/test/data/6a98e00f/MiniRaftClusterWithSimulatedRpc5b0afdcd/s0/6be80beb-a1d6-45cd-9b84-9fc63b188219/current/raft-meta.tmp with options [CREATE, WRITE]: sun.nio.ch.FileChannelImpl@6b509983
2024-10-09 00:13:59,641 [s0-impl-thread1] TRACE util.FileUtils (LogUtils.java:runAndLog(49)) - Successfully ran Atomic Files.move /home/runner/work/ratis/ratis/ratis-test/target/test/data/6a98e00f/MiniRaftClusterWithSimulatedRpc5b0afdcd/s0/6be80beb-a1d6-45cd-9b84-9fc63b188219/current/raft-meta.tmp to /home/runner/work/ratis/ratis/ratis-test/target/test/data/6a98e00f/MiniRaftClusterWithSimulatedRpc5b0afdcd/s0/6be80beb-a1d6-45cd-9b84-9fc63b188219/current/raft-meta with options [REPLACE_EXISTING]
2024-10-09 00:13:59,641 [s0-impl-thread1] INFO  storage.RaftStorage (RaftStorageImpl.java:format(98)) - Storage directory /home/runner/work/ratis/ratis/ratis-test/target/test/data/6a98e00f/MiniRaftClusterWithSimulatedRpc5b0afdcd/s0/6be80beb-a1d6-45cd-9b84-9fc63b188219 has been successfully formatted.
2024-10-09 00:13:59,641 [s0-impl-thread1] INFO  server.RaftServerConfigKeys (ConfUtils.java:logGet(46)) - raft.server.log.use.memory = false (default)
2024-10-09 00:13:59,641 [s0-impl-thread1] INFO  server.RaftServerConfigKeys (ConfUtils.java:logGet(46)) - raft.server.log.purge.gap = 1024 (default)
2024-10-09 00:13:59,642 [s0-impl-thread1] INFO  server.RaftServerConfigKeys (ConfUtils.java:logGet(46)) - raft.server.log.appender.buffer.byte-limit = 4MB (=4194304) (default)
2024-10-09 00:13:59,642 [s0-impl-thread1] INFO  server.RaftServerConfigKeys (ConfUtils.java:logGet(46)) - raft.server.log.statemachine.data.read.timeout = 1000ms (default)
2024-10-09 00:13:59,642 [s0-impl-thread1] INFO  server.RaftServerConfigKeys (ConfUtils.java:logGet(46)) - raft.server.log.purge.preservation.log.num = 0 (default)
2024-10-09 00:13:59,642 [s0-impl-thread1] INFO  server.RaftServerConfigKeys (ConfUtils.java:logGet(46)) - raft.server.log.segment.size.max = 32MB (=33554432) (default)
2024-10-09 00:13:59,642 [s0-impl-thread1] INFO  server.RaftServerConfigKeys (ConfUtils.java:logGet(46)) - raft.server.log.segment.cache.num.max = 6 (default)
2024-10-09 00:13:59,642 [s0-impl-thread1] INFO  server.RaftServerConfigKeys (ConfUtils.java:logGet(46)) - raft.server.log.segment.cache.size.max = 200MB (=209715200) (default)
2024-10-09 00:13:59,642 [s0-impl-thread1] INFO  server.RaftServerConfigKeys (ConfUtils.java:logGet(46)) - raft.server.log.appender.buffer.byte-limit = 4MB (=4194304) (default)
2024-10-09 00:13:59,642 [s0-impl-thread1] INFO  util.AwaitToRun (AwaitToRun.java:start(81)) - Thread[s0@group-9FC63B188219-cacheEviction-AwaitToRun,5,main] started
2024-10-09 00:13:59,642 [s0-impl-thread1] INFO  segmented.SegmentedRaftLogWorker (SegmentedRaftLogWorker.java:<init>(187)) - new s0@group-9FC63B188219-SegmentedRaftLogWorker for RaftStorageImpl:Storage Directory /home/runner/work/ratis/ratis/ratis-test/target/test/data/6a98e00f/MiniRaftClusterWithSimulatedRpc5b0afdcd/s0/6be80beb-a1d6-45cd-9b84-9fc63b188219
2024-10-09 00:13:59,642 [s0-impl-thread1] INFO  server.RaftServerConfigKeys (ConfUtils.java:logGet(46)) - raft.server.log.queue.byte-limit = 64MB (=67108864) (default)
2024-10-09 00:13:59,642 [s0-impl-thread1] INFO  server.RaftServerConfigKeys (ConfUtils.java:logGet(46)) - raft.server.log.queue.element-limit = 4096 (default)
2024-10-09 00:13:59,642 [s0-impl-thread1] INFO  server.RaftServerConfigKeys (ConfUtils.java:logGet(46)) - raft.server.log.segment.size.max = 32MB (=33554432) (default)
2024-10-09 00:13:59,642 [s0-impl-thread1] INFO  server.RaftServerConfigKeys (ConfUtils.java:logGet(46)) - raft.server.log.preallocated.size = 4MB (=4194304) (default)
2024-10-09 00:13:59,642 [s0-impl-thread1] INFO  server.RaftServerConfigKeys (ConfUtils.java:logGet(46)) - raft.server.log.force.sync.num = 128 (default)
2024-10-09 00:13:59,643 [s0-impl-thread1] INFO  server.RaftServerConfigKeys (ConfUtils.java:logGet(46)) - raft.server.log.statemachine.data.sync = true (default)
2024-10-09 00:13:59,643 [s0-impl-thread1] INFO  server.RaftServerConfigKeys (ConfUtils.java:logGet(46)) - raft.server.log.statemachine.data.sync.timeout = 10s (default)
2024-10-09 00:13:59,643 [s0-impl-thread1] INFO  server.RaftServerConfigKeys (ConfUtils.java:logGet(46)) - raft.server.log.statemachine.data.sync.timeout.retry = -1 (default)
2024-10-09 00:13:59,643 [s0-impl-thread1] INFO  server.RaftServerConfigKeys (ConfUtils.java:logGet(46)) - raft.server.log.write.buffer.size = 8MB (=8388608) (default)
2024-10-09 00:13:59,643 [s0-impl-thread1] INFO  server.RaftServerConfigKeys (ConfUtils.java:logGet(46)) - raft.server.log.appender.buffer.byte-limit = 4MB (=4194304) (default)
2024-10-09 00:13:59,643 [s0-impl-thread1] INFO  server.RaftServerConfigKeys (ConfUtils.java:logGet(46)) - raft.server.log.unsafe-flush.enabled = false (default)
2024-10-09 00:13:59,643 [s0-impl-thread1] INFO  server.RaftServerConfigKeys (ConfUtils.java:logGet(46)) - raft.server.log.async-flush.enabled = false (default)
2024-10-09 00:13:59,643 [s0-impl-thread1] INFO  server.RaftServerConfigKeys (ConfUtils.java:logGet(46)) - raft.server.log.statemachine.data.caching.enabled = false (default)
2024-10-09 00:13:59,643 [s0-impl-thread1] INFO  segmented.SegmentedRaftLogWorker (SegmentedRaftLogWorker.java:lambda$new$0(138)) - s0@group-9FC63B188219-SegmentedRaftLogWorker: flushIndex: setUnconditionally 0 -> -1
2024-10-09 00:13:59,644 [s0-impl-thread1] INFO  segmented.SegmentedRaftLogWorker (SegmentedRaftLogWorker.java:lambda$new$0(138)) - s0@group-9FC63B188219-SegmentedRaftLogWorker: safeCacheEvictIndex: setUnconditionally 0 -> -1
2024-10-09 00:13:59,644 [s0-impl-thread1] INFO  server.RaftServer$Division (RaftServerImpl.java:start(392)) - s0@group-9FC63B188219: start as a follower, conf=conf: {index: -1, cur=peers:[s3|localhost:15172, s4|localhost:15176, s0|localhost:15160, s1|localhost:15164, s2|localhost:15168]|listeners:[], old=null}
2024-10-09 00:13:59,644 [s0-impl-thread1] INFO  server.RaftServer$Division (RaftServerImpl.java:setRole(379)) - s0@group-9FC63B188219: changes role from      null to FOLLOWER at term 0 for startAsFollower
2024-10-09 00:13:59,644 [s0-impl-thread1] INFO  impl.RoleInfo (RoleInfo.java:updateAndGet(148)) - s0: start s0@group-9FC63B188219-FollowerState
2024-10-09 00:13:59,644 [s0@group-9FC63B188219-FollowerState] INFO  server.RaftServerConfigKeys (ConfUtils.java:logFallback(53)) - raft.server.rpc.first-election.timeout.min = 150ms (fallback to raft.server.rpc.timeout.min)
2024-10-09 00:13:59,644 [s0-impl-thread1] INFO  util.JmxRegister (JmxRegister.java:tryRegister(44)) - Successfully registered JMX Bean with object name Ratis:service=RaftServer,group=group-9FC63B188219,id=s0
2024-10-09 00:13:59,645 [s0-impl-thread1] INFO  util.JmxRegister (JmxRegister.java:register(58)) - register mxBean class org.apache.ratis.server.impl.RaftServerJmxAdapter as Ratis:service=RaftServer,group=group-9FC63B188219,id=s0
2024-10-09 00:13:59,645 [s0-impl-thread1] INFO  server.RaftServerConfigKeys (ConfUtils.java:logGet(46)) - raft.server.snapshot.trigger-when-stop.enabled = true (default)
2024-10-09 00:13:59,645 [s0-impl-thread1] INFO  server.RaftServerConfigKeys (ConfUtils.java:logGet(46)) - raft.server.snapshot.trigger-when-remove.enabled = true (default)
2024-10-09 00:13:59,645 [s0-impl-thread1] INFO  server.RaftServerConfigKeys (ConfUtils.java:logGet(46)) - raft.server.snapshot.auto.trigger.enabled = false (default)
2024-10-09 00:13:59,645 [s0-impl-thread1] INFO  server.RaftServerConfigKeys (ConfUtils.java:logGet(46)) - raft.server.snapshot.retention.file.num = -1 (default)
2024-10-09 00:13:59,645 [s0-impl-thread1] INFO  server.RaftServerConfigKeys (ConfUtils.java:logGet(46)) - raft.server.log.purge.upto.snapshot.index = false (default)
2024-10-09 00:13:59,644 [s0@group-9FC63B188219-FollowerState] INFO  server.RaftServerConfigKeys (ConfUtils.java:logFallback(53)) - raft.server.rpc.first-election.timeout.max = 300ms (fallback to raft.server.rpc.timeout.max)
2024-10-09 00:13:59,645 [main] INFO  server.RaftServer (RaftServerProxy.java:startImpl(408)) - s0: start RPC server
2024-10-09 00:13:59,646 [s1-impl-thread1] INFO  server.RaftServerConfigKeys (ConfUtils.java:logGet(46)) - raft.server.storage.free-space.min = 0MB (=0) (default)
2024-10-09 00:13:59,646 [JvmPauseMonitor42] INFO  util.JvmPauseMonitor (JvmPauseMonitor.java:run(146)) - JvmPauseMonitor-s0: Started
2024-10-09 00:13:59,646 [s1-impl-thread1] INFO  server.RaftServerConfigKeys (ConfUtils.java:logGet(46)) - raft.server.log.corruption.policy = EXCEPTION (default)
2024-10-09 00:13:59,646 [s1-impl-thread1] INFO  server.RaftServerConfigKeys (ConfUtils.java:logGet(46)) - raft.server.storage.dir = [/home/runner/work/ratis/ratis/ratis-test/target/test/data/6a98e00f/MiniRaftClusterWithSimulatedRpc5b0afdcd/s1] (custom)
2024-10-09 00:13:59,646 [s1-impl-thread1] INFO  storage.RaftStorageDirectory (RaftStorageDirectoryImpl.java:analyzeStorage(138)) - The storage directory /home/runner/work/ratis/ratis/ratis-test/target/test/data/6a98e00f/MiniRaftClusterWithSimulatedRpc5b0afdcd/s1/6be80beb-a1d6-45cd-9b84-9fc63b188219 does not exist. Creating ...
2024-10-09 00:13:59,646 [s1-impl-thread1] TRACE util.FileUtils (LogUtils.java:runAndLog(49)) - Successfully ran Files.createDirectories /home/runner/work/ratis/ratis/ratis-test/target/test/data/6a98e00f/MiniRaftClusterWithSimulatedRpc5b0afdcd/s1/6be80beb-a1d6-45cd-9b84-9fc63b188219
2024-10-09 00:13:59,648 [s1-impl-thread1] INFO  storage.RaftStorageDirectory (RaftStorageDirectoryImpl.java:tryLock(229)) - Lock on /home/runner/work/ratis/ratis/ratis-test/target/test/data/6a98e00f/MiniRaftClusterWithSimulatedRpc5b0afdcd/s1/6be80beb-a1d6-45cd-9b84-9fc63b188219/in_use.lock acquired by nodename 10912@fv-az890-745
2024-10-09 00:13:59,648 [s1-impl-thread1] TRACE util.FileUtils (LogUtils.java:runAndLog(49)) - Successfully ran Files.createDirectories /home/runner/work/ratis/ratis/ratis-test/target/test/data/6a98e00f/MiniRaftClusterWithSimulatedRpc5b0afdcd/s1/6be80beb-a1d6-45cd-9b84-9fc63b188219/current
2024-10-09 00:13:59,648 [s1-impl-thread1] TRACE util.FileUtils (LogUtils.java:runAndLog(49)) - Successfully ran Files.createDirectories /home/runner/work/ratis/ratis/ratis-test/target/test/data/6a98e00f/MiniRaftClusterWithSimulatedRpc5b0afdcd/s1/6be80beb-a1d6-45cd-9b84-9fc63b188219/sm
2024-10-09 00:13:59,648 [s1-impl-thread1] TRACE util.FileUtils (LogUtils.java:supplyAndLog(69)) - Successfully supplied FileChannel.open /home/runner/work/ratis/ratis/ratis-test/target/test/data/6a98e00f/MiniRaftClusterWithSimulatedRpc5b0afdcd/s1/6be80beb-a1d6-45cd-9b84-9fc63b188219/current/raft-meta.tmp with options [CREATE, WRITE]: sun.nio.ch.FileChannelImpl@47d0ea5f
2024-10-09 00:13:59,649 [s1-impl-thread1] TRACE util.FileUtils (LogUtils.java:runAndLog(49)) - Successfully ran Atomic Files.move /home/runner/work/ratis/ratis/ratis-test/target/test/data/6a98e00f/MiniRaftClusterWithSimulatedRpc5b0afdcd/s1/6be80beb-a1d6-45cd-9b84-9fc63b188219/current/raft-meta.tmp to /home/runner/work/ratis/ratis/ratis-test/target/test/data/6a98e00f/MiniRaftClusterWithSimulatedRpc5b0afdcd/s1/6be80beb-a1d6-45cd-9b84-9fc63b188219/current/raft-meta with options [REPLACE_EXISTING]
2024-10-09 00:13:59,649 [s1-impl-thread1] INFO  storage.RaftStorage (RaftStorageImpl.java:format(98)) - Storage directory /home/runner/work/ratis/ratis/ratis-test/target/test/data/6a98e00f/MiniRaftClusterWithSimulatedRpc5b0afdcd/s1/6be80beb-a1d6-45cd-9b84-9fc63b188219 has been successfully formatted.
2024-10-09 00:13:59,649 [s1-impl-thread1] INFO  server.RaftServerConfigKeys (ConfUtils.java:logGet(46)) - raft.server.log.use.memory = false (default)
2024-10-09 00:13:59,650 [s1-impl-thread1] INFO  server.RaftServerConfigKeys (ConfUtils.java:logGet(46)) - raft.server.log.purge.gap = 1024 (default)
2024-10-09 00:13:59,650 [s1-impl-thread1] INFO  server.RaftServerConfigKeys (ConfUtils.java:logGet(46)) - raft.server.log.appender.buffer.byte-limit = 4MB (=4194304) (default)
2024-10-09 00:13:59,650 [s1-impl-thread1] INFO  server.RaftServerConfigKeys (ConfUtils.java:logGet(46)) - raft.server.log.statemachine.data.read.timeout = 1000ms (default)
2024-10-09 00:13:59,650 [s1-impl-thread1] INFO  server.RaftServerConfigKeys (ConfUtils.java:logGet(46)) - raft.server.log.purge.preservation.log.num = 0 (default)
2024-10-09 00:13:59,650 [s1-impl-thread1] INFO  server.RaftServerConfigKeys (ConfUtils.java:logGet(46)) - raft.server.log.segment.size.max = 32MB (=33554432) (default)
2024-10-09 00:13:59,650 [s1-impl-thread1] INFO  server.RaftServerConfigKeys (ConfUtils.java:logGet(46)) - raft.server.log.segment.cache.num.max = 6 (default)
2024-10-09 00:13:59,650 [s1-impl-thread1] INFO  server.RaftServerConfigKeys (ConfUtils.java:logGet(46)) - raft.server.log.segment.cache.size.max = 200MB (=209715200) (default)
2024-10-09 00:13:59,650 [s1-impl-thread1] INFO  server.RaftServerConfigKeys (ConfUtils.java:logGet(46)) - raft.server.log.appender.buffer.byte-limit = 4MB (=4194304) (default)
2024-10-09 00:13:59,650 [s1-impl-thread1] INFO  util.AwaitToRun (AwaitToRun.java:start(81)) - Thread[s1@group-9FC63B188219-cacheEviction-AwaitToRun,5,main] started
2024-10-09 00:13:59,650 [s1-impl-thread1] INFO  segmented.SegmentedRaftLogWorker (SegmentedRaftLogWorker.java:<init>(187)) - new s1@group-9FC63B188219-SegmentedRaftLogWorker for RaftStorageImpl:Storage Directory /home/runner/work/ratis/ratis/ratis-test/target/test/data/6a98e00f/MiniRaftClusterWithSimulatedRpc5b0afdcd/s1/6be80beb-a1d6-45cd-9b84-9fc63b188219
2024-10-09 00:13:59,650 [s1-impl-thread1] INFO  server.RaftServerConfigKeys (ConfUtils.java:logGet(46)) - raft.server.log.queue.byte-limit = 64MB (=67108864) (default)
2024-10-09 00:13:59,650 [s1-impl-thread1] INFO  server.RaftServerConfigKeys (ConfUtils.java:logGet(46)) - raft.server.log.queue.element-limit = 4096 (default)
2024-10-09 00:13:59,650 [s1-impl-thread1] INFO  server.RaftServerConfigKeys (ConfUtils.java:logGet(46)) - raft.server.log.segment.size.max = 32MB (=33554432) (default)
2024-10-09 00:13:59,650 [s1-impl-thread1] INFO  server.RaftServerConfigKeys (ConfUtils.java:logGet(46)) - raft.server.log.preallocated.size = 4MB (=4194304) (default)
2024-10-09 00:13:59,650 [s1-impl-thread1] INFO  server.RaftServerConfigKeys (ConfUtils.java:logGet(46)) - raft.server.log.force.sync.num = 128 (default)
2024-10-09 00:13:59,650 [s1-impl-thread1] INFO  server.RaftServerConfigKeys (ConfUtils.java:logGet(46)) - raft.server.log.statemachine.data.sync = true (default)
2024-10-09 00:13:59,650 [s1-impl-thread1] INFO  server.RaftServerConfigKeys (ConfUtils.java:logGet(46)) - raft.server.log.statemachine.data.sync.timeout = 10s (default)
2024-10-09 00:13:59,650 [s1-impl-thread1] INFO  server.RaftServerConfigKeys (ConfUtils.java:logGet(46)) - raft.server.log.statemachine.data.sync.timeout.retry = -1 (default)
2024-10-09 00:13:59,651 [s1-impl-thread1] INFO  server.RaftServerConfigKeys (ConfUtils.java:logGet(46)) - raft.server.log.write.buffer.size = 8MB (=8388608) (default)
2024-10-09 00:13:59,651 [s1-impl-thread1] INFO  server.RaftServerConfigKeys (ConfUtils.java:logGet(46)) - raft.server.log.appender.buffer.byte-limit = 4MB (=4194304) (default)
2024-10-09 00:13:59,651 [s1-impl-thread1] INFO  server.RaftServerConfigKeys (ConfUtils.java:logGet(46)) - raft.server.log.unsafe-flush.enabled = false (default)
2024-10-09 00:13:59,651 [s1-impl-thread1] INFO  server.RaftServerConfigKeys (ConfUtils.java:logGet(46)) - raft.server.log.async-flush.enabled = false (default)
2024-10-09 00:13:59,651 [s1-impl-thread1] INFO  server.RaftServerConfigKeys (ConfUtils.java:logGet(46)) - raft.server.log.statemachine.data.caching.enabled = false (default)
2024-10-09 00:13:59,651 [s1-impl-thread1] INFO  segmented.SegmentedRaftLogWorker (SegmentedRaftLogWorker.java:lambda$new$0(138)) - s1@group-9FC63B188219-SegmentedRaftLogWorker: flushIndex: setUnconditionally 0 -> -1
2024-10-09 00:13:59,651 [s1-impl-thread1] INFO  segmented.SegmentedRaftLogWorker (SegmentedRaftLogWorker.java:lambda$new$0(138)) - s1@group-9FC63B188219-SegmentedRaftLogWorker: safeCacheEvictIndex: setUnconditionally 0 -> -1
2024-10-09 00:13:59,651 [s1-impl-thread1] INFO  server.RaftServer$Division (RaftServerImpl.java:start(392)) - s1@group-9FC63B188219: start as a follower, conf=conf: {index: -1, cur=peers:[s3|localhost:15172, s4|localhost:15176, s0|localhost:15160, s1|localhost:15164, s2|localhost:15168]|listeners:[], old=null}
2024-10-09 00:13:59,652 [s1-impl-thread1] INFO  server.RaftServer$Division (RaftServerImpl.java:setRole(379)) - s1@group-9FC63B188219: changes role from      null to FOLLOWER at term 0 for startAsFollower
2024-10-09 00:13:59,652 [s1-impl-thread1] INFO  impl.RoleInfo (RoleInfo.java:updateAndGet(148)) - s1: start s1@group-9FC63B188219-FollowerState
2024-10-09 00:13:59,652 [s1-impl-thread1] INFO  util.JmxRegister (JmxRegister.java:tryRegister(44)) - Successfully registered JMX Bean with object name Ratis:service=RaftServer,group=group-9FC63B188219,id=s1
2024-10-09 00:13:59,652 [s1-impl-thread1] INFO  util.JmxRegister (JmxRegister.java:register(58)) - register mxBean class org.apache.ratis.server.impl.RaftServerJmxAdapter as Ratis:service=RaftServer,group=group-9FC63B188219,id=s1
2024-10-09 00:13:59,652 [s1@group-9FC63B188219-FollowerState] INFO  server.RaftServerConfigKeys (ConfUtils.java:logFallback(53)) - raft.server.rpc.first-election.timeout.min = 150ms (fallback to raft.server.rpc.timeout.min)
2024-10-09 00:13:59,652 [s1-impl-thread1] INFO  server.RaftServerConfigKeys (ConfUtils.java:logGet(46)) - raft.server.snapshot.trigger-when-stop.enabled = true (default)
2024-10-09 00:13:59,652 [s1@group-9FC63B188219-FollowerState] INFO  server.RaftServerConfigKeys (ConfUtils.java:logFallback(53)) - raft.server.rpc.first-election.timeout.max = 300ms (fallback to raft.server.rpc.timeout.max)
2024-10-09 00:13:59,652 [s1-impl-thread1] INFO  server.RaftServerConfigKeys (ConfUtils.java:logGet(46)) - raft.server.snapshot.trigger-when-remove.enabled = true (default)
2024-10-09 00:13:59,652 [s1-impl-thread1] INFO  server.RaftServerConfigKeys (ConfUtils.java:logGet(46)) - raft.server.snapshot.auto.trigger.enabled = false (default)
2024-10-09 00:13:59,652 [s1-impl-thread1] INFO  server.RaftServerConfigKeys (ConfUtils.java:logGet(46)) - raft.server.snapshot.retention.file.num = -1 (default)
2024-10-09 00:13:59,652 [s1-impl-thread1] INFO  server.RaftServerConfigKeys (ConfUtils.java:logGet(46)) - raft.server.log.purge.upto.snapshot.index = false (default)
2024-10-09 00:13:59,652 [main] INFO  server.RaftServer (RaftServerProxy.java:startImpl(408)) - s1: start RPC server
2024-10-09 00:13:59,653 [s2-impl-thread1] INFO  server.RaftServerConfigKeys (ConfUtils.java:logGet(46)) - raft.server.storage.free-space.min = 0MB (=0) (default)
2024-10-09 00:13:59,653 [s2-impl-thread1] INFO  server.RaftServerConfigKeys (ConfUtils.java:logGet(46)) - raft.server.log.corruption.policy = EXCEPTION (default)
2024-10-09 00:13:59,653 [s2-impl-thread1] INFO  server.RaftServerConfigKeys (ConfUtils.java:logGet(46)) - raft.server.storage.dir = [/home/runner/work/ratis/ratis/ratis-test/target/test/data/6a98e00f/MiniRaftClusterWithSimulatedRpc5b0afdcd/s2] (custom)
2024-10-09 00:13:59,653 [s2-impl-thread1] INFO  storage.RaftStorageDirectory (RaftStorageDirectoryImpl.java:analyzeStorage(138)) - The storage directory /home/runner/work/ratis/ratis/ratis-test/target/test/data/6a98e00f/MiniRaftClusterWithSimulatedRpc5b0afdcd/s2/6be80beb-a1d6-45cd-9b84-9fc63b188219 does not exist. Creating ...
2024-10-09 00:13:59,654 [s2-impl-thread1] TRACE util.FileUtils (LogUtils.java:runAndLog(49)) - Successfully ran Files.createDirectories /home/runner/work/ratis/ratis/ratis-test/target/test/data/6a98e00f/MiniRaftClusterWithSimulatedRpc5b0afdcd/s2/6be80beb-a1d6-45cd-9b84-9fc63b188219
2024-10-09 00:13:59,653 [JvmPauseMonitor43] INFO  util.JvmPauseMonitor (JvmPauseMonitor.java:run(146)) - JvmPauseMonitor-s1: Started
2024-10-09 00:13:59,654 [s2-impl-thread1] INFO  storage.RaftStorageDirectory (RaftStorageDirectoryImpl.java:tryLock(229)) - Lock on /home/runner/work/ratis/ratis/ratis-test/target/test/data/6a98e00f/MiniRaftClusterWithSimulatedRpc5b0afdcd/s2/6be80beb-a1d6-45cd-9b84-9fc63b188219/in_use.lock acquired by nodename 10912@fv-az890-745
2024-10-09 00:13:59,655 [s2-impl-thread1] TRACE util.FileUtils (LogUtils.java:runAndLog(49)) - Successfully ran Files.createDirectories /home/runner/work/ratis/ratis/ratis-test/target/test/data/6a98e00f/MiniRaftClusterWithSimulatedRpc5b0afdcd/s2/6be80beb-a1d6-45cd-9b84-9fc63b188219/current
2024-10-09 00:13:59,655 [s2-impl-thread1] TRACE util.FileUtils (LogUtils.java:runAndLog(49)) - Successfully ran Files.createDirectories /home/runner/work/ratis/ratis/ratis-test/target/test/data/6a98e00f/MiniRaftClusterWithSimulatedRpc5b0afdcd/s2/6be80beb-a1d6-45cd-9b84-9fc63b188219/sm
2024-10-09 00:13:59,655 [s2-impl-thread1] TRACE util.FileUtils (LogUtils.java:supplyAndLog(69)) - Successfully supplied FileChannel.open /home/runner/work/ratis/ratis/ratis-test/target/test/data/6a98e00f/MiniRaftClusterWithSimulatedRpc5b0afdcd/s2/6be80beb-a1d6-45cd-9b84-9fc63b188219/current/raft-meta.tmp with options [CREATE, WRITE]: sun.nio.ch.FileChannelImpl@2c2eac73
2024-10-09 00:13:59,656 [s2-impl-thread1] TRACE util.FileUtils (LogUtils.java:runAndLog(49)) - Successfully ran Atomic Files.move /home/runner/work/ratis/ratis/ratis-test/target/test/data/6a98e00f/MiniRaftClusterWithSimulatedRpc5b0afdcd/s2/6be80beb-a1d6-45cd-9b84-9fc63b188219/current/raft-meta.tmp to /home/runner/work/ratis/ratis/ratis-test/target/test/data/6a98e00f/MiniRaftClusterWithSimulatedRpc5b0afdcd/s2/6be80beb-a1d6-45cd-9b84-9fc63b188219/current/raft-meta with options [REPLACE_EXISTING]
2024-10-09 00:13:59,656 [s2-impl-thread1] INFO  storage.RaftStorage (RaftStorageImpl.java:format(98)) - Storage directory /home/runner/work/ratis/ratis/ratis-test/target/test/data/6a98e00f/MiniRaftClusterWithSimulatedRpc5b0afdcd/s2/6be80beb-a1d6-45cd-9b84-9fc63b188219 has been successfully formatted.
2024-10-09 00:13:59,656 [s2-impl-thread1] INFO  server.RaftServerConfigKeys (ConfUtils.java:logGet(46)) - raft.server.log.use.memory = false (default)
2024-10-09 00:13:59,656 [s2-impl-thread1] INFO  server.RaftServerConfigKeys (ConfUtils.java:logGet(46)) - raft.server.log.purge.gap = 1024 (default)
2024-10-09 00:13:59,656 [s2-impl-thread1] INFO  server.RaftServerConfigKeys (ConfUtils.java:logGet(46)) - raft.server.log.appender.buffer.byte-limit = 4MB (=4194304) (default)
2024-10-09 00:13:59,656 [s2-impl-thread1] INFO  server.RaftServerConfigKeys (ConfUtils.java:logGet(46)) - raft.server.log.statemachine.data.read.timeout = 1000ms (default)
2024-10-09 00:13:59,656 [s2-impl-thread1] INFO  server.RaftServerConfigKeys (ConfUtils.java:logGet(46)) - raft.server.log.purge.preservation.log.num = 0 (default)
2024-10-09 00:13:59,656 [s2-impl-thread1] INFO  server.RaftServerConfigKeys (ConfUtils.java:logGet(46)) - raft.server.log.segment.size.max = 32MB (=33554432) (default)
2024-10-09 00:13:59,656 [s2-impl-thread1] INFO  server.RaftServerConfigKeys (ConfUtils.java:logGet(46)) - raft.server.log.segment.cache.num.max = 6 (default)
2024-10-09 00:13:59,656 [s2-impl-thread1] INFO  server.RaftServerConfigKeys (ConfUtils.java:logGet(46)) - raft.server.log.segment.cache.size.max = 200MB (=209715200) (default)
2024-10-09 00:13:59,656 [s2-impl-thread1] INFO  server.RaftServerConfigKeys (ConfUtils.java:logGet(46)) - raft.server.log.appender.buffer.byte-limit = 4MB (=4194304) (default)
2024-10-09 00:13:59,657 [s2-impl-thread1] INFO  util.AwaitToRun (AwaitToRun.java:start(81)) - Thread[s2@group-9FC63B188219-cacheEviction-AwaitToRun,5,main] started
2024-10-09 00:13:59,657 [s2-impl-thread1] INFO  segmented.SegmentedRaftLogWorker (SegmentedRaftLogWorker.java:<init>(187)) - new s2@group-9FC63B188219-SegmentedRaftLogWorker for RaftStorageImpl:Storage Directory /home/runner/work/ratis/ratis/ratis-test/target/test/data/6a98e00f/MiniRaftClusterWithSimulatedRpc5b0afdcd/s2/6be80beb-a1d6-45cd-9b84-9fc63b188219
2024-10-09 00:13:59,657 [s2-impl-thread1] INFO  server.RaftServerConfigKeys (ConfUtils.java:logGet(46)) - raft.server.log.queue.byte-limit = 64MB (=67108864) (default)
2024-10-09 00:13:59,657 [s2-impl-thread1] INFO  server.RaftServerConfigKeys (ConfUtils.java:logGet(46)) - raft.server.log.queue.element-limit = 4096 (default)
2024-10-09 00:13:59,657 [s2-impl-thread1] INFO  server.RaftServerConfigKeys (ConfUtils.java:logGet(46)) - raft.server.log.segment.size.max = 32MB (=33554432) (default)
2024-10-09 00:13:59,657 [s2-impl-thread1] INFO  server.RaftServerConfigKeys (ConfUtils.java:logGet(46)) - raft.server.log.preallocated.size = 4MB (=4194304) (default)
2024-10-09 00:13:59,657 [s2-impl-thread1] INFO  server.RaftServerConfigKeys (ConfUtils.java:logGet(46)) - raft.server.log.force.sync.num = 128 (default)
2024-10-09 00:13:59,657 [s2-impl-thread1] INFO  server.RaftServerConfigKeys (ConfUtils.java:logGet(46)) - raft.server.log.statemachine.data.sync = true (default)
2024-10-09 00:13:59,657 [s2-impl-thread1] INFO  server.RaftServerConfigKeys (ConfUtils.java:logGet(46)) - raft.server.log.statemachine.data.sync.timeout = 10s (default)
2024-10-09 00:13:59,657 [s2-impl-thread1] INFO  server.RaftServerConfigKeys (ConfUtils.java:logGet(46)) - raft.server.log.statemachine.data.sync.timeout.retry = -1 (default)
2024-10-09 00:13:59,657 [s2-impl-thread1] INFO  server.RaftServerConfigKeys (ConfUtils.java:logGet(46)) - raft.server.log.write.buffer.size = 8MB (=8388608) (default)
2024-10-09 00:13:59,657 [s2-impl-thread1] INFO  server.RaftServerConfigKeys (ConfUtils.java:logGet(46)) - raft.server.log.appender.buffer.byte-limit = 4MB (=4194304) (default)
2024-10-09 00:13:59,658 [s2-impl-thread1] INFO  server.RaftServerConfigKeys (ConfUtils.java:logGet(46)) - raft.server.log.unsafe-flush.enabled = false (default)
2024-10-09 00:13:59,658 [s2-impl-thread1] INFO  server.RaftServerConfigKeys (ConfUtils.java:logGet(46)) - raft.server.log.async-flush.enabled = false (default)
2024-10-09 00:13:59,658 [s2-impl-thread1] INFO  server.RaftServerConfigKeys (ConfUtils.java:logGet(46)) - raft.server.log.statemachine.data.caching.enabled = false (default)
2024-10-09 00:13:59,658 [s2-impl-thread1] INFO  segmented.SegmentedRaftLogWorker (SegmentedRaftLogWorker.java:lambda$new$0(138)) - s2@group-9FC63B188219-SegmentedRaftLogWorker: flushIndex: setUnconditionally 0 -> -1
2024-10-09 00:13:59,658 [s2-impl-thread1] INFO  segmented.SegmentedRaftLogWorker (SegmentedRaftLogWorker.java:lambda$new$0(138)) - s2@group-9FC63B188219-SegmentedRaftLogWorker: safeCacheEvictIndex: setUnconditionally 0 -> -1
2024-10-09 00:13:59,658 [s2-impl-thread1] INFO  server.RaftServer$Division (RaftServerImpl.java:start(392)) - s2@group-9FC63B188219: start as a follower, conf=conf: {index: -1, cur=peers:[s3|localhost:15172, s4|localhost:15176, s0|localhost:15160, s1|localhost:15164, s2|localhost:15168]|listeners:[], old=null}
2024-10-09 00:13:59,658 [s2-impl-thread1] INFO  server.RaftServer$Division (RaftServerImpl.java:setRole(379)) - s2@group-9FC63B188219: changes role from      null to FOLLOWER at term 0 for startAsFollower
2024-10-09 00:13:59,658 [s2-impl-thread1] INFO  impl.RoleInfo (RoleInfo.java:updateAndGet(148)) - s2: start s2@group-9FC63B188219-FollowerState
2024-10-09 00:13:59,658 [s2-impl-thread1] INFO  util.JmxRegister (JmxRegister.java:tryRegister(44)) - Successfully registered JMX Bean with object name Ratis:service=RaftServer,group=group-9FC63B188219,id=s2
2024-10-09 00:13:59,658 [s2-impl-thread1] INFO  util.JmxRegister (JmxRegister.java:register(58)) - register mxBean class org.apache.ratis.server.impl.RaftServerJmxAdapter as Ratis:service=RaftServer,group=group-9FC63B188219,id=s2
2024-10-09 00:13:59,658 [s2@group-9FC63B188219-FollowerState] INFO  server.RaftServerConfigKeys (ConfUtils.java:logFallback(53)) - raft.server.rpc.first-election.timeout.min = 150ms (fallback to raft.server.rpc.timeout.min)
2024-10-09 00:13:59,659 [s2-impl-thread1] INFO  server.RaftServerConfigKeys (ConfUtils.java:logGet(46)) - raft.server.snapshot.trigger-when-stop.enabled = true (default)
2024-10-09 00:13:59,659 [s2@group-9FC63B188219-FollowerState] INFO  server.RaftServerConfigKeys (ConfUtils.java:logFallback(53)) - raft.server.rpc.first-election.timeout.max = 300ms (fallback to raft.server.rpc.timeout.max)
2024-10-09 00:13:59,659 [s2-impl-thread1] INFO  server.RaftServerConfigKeys (ConfUtils.java:logGet(46)) - raft.server.snapshot.trigger-when-remove.enabled = true (default)
2024-10-09 00:13:59,659 [s2-impl-thread1] INFO  server.RaftServerConfigKeys (ConfUtils.java:logGet(46)) - raft.server.snapshot.auto.trigger.enabled = false (default)
2024-10-09 00:13:59,659 [s2-impl-thread1] INFO  server.RaftServerConfigKeys (ConfUtils.java:logGet(46)) - raft.server.snapshot.retention.file.num = -1 (default)
2024-10-09 00:13:59,659 [s2-impl-thread1] INFO  server.RaftServerConfigKeys (ConfUtils.java:logGet(46)) - raft.server.log.purge.upto.snapshot.index = false (default)
2024-10-09 00:13:59,659 [main] INFO  server.RaftServer (RaftServerProxy.java:startImpl(408)) - s2: start RPC server
2024-10-09 00:13:59,660 [JvmPauseMonitor44] INFO  util.JvmPauseMonitor (JvmPauseMonitor.java:run(146)) - JvmPauseMonitor-s2: Started
2024-10-09 00:13:59,660 [main] INFO  server.RaftServerConfigKeys (ConfUtils.java:logGet(46)) - raft.server.rpc.timeout.max = 300ms (default)
2024-10-09 00:13:59,660 [main] INFO  ratis.RaftTestUtil (RaftTestUtil.java:waitForLeader(107)) - printing ALL groups
  s3:  RUNNING  FOLLOWER s3@group-9FC63B188219:t0, leader=null, voted=, raftlog=Memoized:s3@group-9FC63B188219-SegmentedRaftLog:OPENED:c-1:lastnull, conf=conf: {index: -1, cur=peers:[s3|localhost:15172, s4|localhost:15176, s0|localhost:15160, s1|localhost:15164, s2|localhost:15168]|listeners:[], old=null} RUNNING
  s4:  RUNNING  FOLLOWER s4@group-9FC63B188219:t0, leader=null, voted=, raftlog=Memoized:s4@group-9FC63B188219-SegmentedRaftLog:OPENED:c-1:lastnull, conf=conf: {index: -1, cur=peers:[s3|localhost:15172, s4|localhost:15176, s0|localhost:15160, s1|localhost:15164, s2|localhost:15168]|listeners:[], old=null} RUNNING
  s0:  RUNNING  FOLLOWER s0@group-9FC63B188219:t0, leader=null, voted=, raftlog=Memoized:s0@group-9FC63B188219-SegmentedRaftLog:OPENED:c-1:lastnull, conf=conf: {index: -1, cur=peers:[s3|localhost:15172, s4|localhost:15176, s0|localhost:15160, s1|localhost:15164, s2|localhost:15168]|listeners:[], old=null} RUNNING
  s1:  RUNNING  FOLLOWER s1@group-9FC63B188219:t0, leader=null, voted=, raftlog=Memoized:s1@group-9FC63B188219-SegmentedRaftLog:OPENED:c-1:lastnull, conf=conf: {index: -1, cur=peers:[s3|localhost:15172, s4|localhost:15176, s0|localhost:15160, s1|localhost:15164, s2|localhost:15168]|listeners:[], old=null} RUNNING
  s2:  RUNNING  FOLLOWER s2@group-9FC63B188219:t0, leader=null, voted=, raftlog=Memoized:s2@group-9FC63B188219-SegmentedRaftLog:OPENED:c-1:lastnull, conf=conf: {index: -1, cur=peers:[s3|localhost:15172, s4|localhost:15176, s0|localhost:15160, s1|localhost:15164, s2|localhost:15168]|listeners:[], old=null} RUNNING
2024-10-09 00:13:59,660 [main] WARN  ratis.RaftTestUtil (RaftTestUtil.java:lambda$waitForLeader$3(126)) - Attempt #1 failed: java.lang.IllegalStateException: No leader yet : printing ALL groups
  s3:  RUNNING  FOLLOWER s3@group-9FC63B188219:t0, leader=null, voted=, raftlog=Memoized:s3@group-9FC63B188219-SegmentedRaftLog:OPENED:c-1:lastnull, conf=conf: {index: -1, cur=peers:[s3|localhost:15172, s4|localhost:15176, s0|localhost:15160, s1|localhost:15164, s2|localhost:15168]|listeners:[], old=null} RUNNING
  s4:  RUNNING  FOLLOWER s4@group-9FC63B188219:t0, leader=null, voted=, raftlog=Memoized:s4@group-9FC63B188219-SegmentedRaftLog:OPENED:c-1:lastnull, conf=conf: {index: -1, cur=peers:[s3|localhost:15172, s4|localhost:15176, s0|localhost:15160, s1|localhost:15164, s2|localhost:15168]|listeners:[], old=null} RUNNING
  s0:  RUNNING  FOLLOWER s0@group-9FC63B188219:t0, leader=null, voted=, raftlog=Memoized:s0@group-9FC63B188219-SegmentedRaftLog:OPENED:c-1:lastnull, conf=conf: {index: -1, cur=peers:[s3|localhost:15172, s4|localhost:15176, s0|localhost:15160, s1|localhost:15164, s2|localhost:15168]|listeners:[], old=null} RUNNING
  s1:  RUNNING  FOLLOWER s1@group-9FC63B188219:t0, leader=null, voted=, raftlog=Memoized:s1@group-9FC63B188219-SegmentedRaftLog:OPENED:c-1:lastnull, conf=conf: {index: -1, cur=peers:[s3|localhost:15172, s4|localhost:15176, s0|localhost:15160, s1|localhost:15164, s2|localhost:15168]|listeners:[], old=null} RUNNING
  s2:  RUNNING  FOLLOWER s2@group-9FC63B188219:t0, leader=null, voted=, raftlog=Memoized:s2@group-9FC63B188219-SegmentedRaftLog:OPENED:c-1:lastnull, conf=conf: {index: -1, cur=peers:[s3|localhost:15172, s4|localhost:15176, s0|localhost:15160, s1|localhost:15164, s2|localhost:15168]|listeners:[], old=null} RUNNING
2024-10-09 00:13:59,807 [s4@group-9FC63B188219-FollowerState] INFO  impl.FollowerState (FollowerState.java:runImpl(156)) - s4@group-9FC63B188219-FollowerState: change to CANDIDATE, lastRpcElapsedTime:169915524ns, electionTimeout:169ms
2024-10-09 00:13:59,807 [s4@group-9FC63B188219-FollowerState] INFO  impl.RoleInfo (RoleInfo.java:shutdownFollowerState(121)) - s4: shutdown s4@group-9FC63B188219-FollowerState
2024-10-09 00:13:59,807 [s4@group-9FC63B188219-FollowerState] INFO  server.RaftServer$Division (RaftServerImpl.java:setRole(379)) - s4@group-9FC63B188219: changes role from  FOLLOWER to CANDIDATE at term 0 for changeToCandidate
2024-10-09 00:13:59,807 [s4@group-9FC63B188219-FollowerState] INFO  server.RaftServerConfigKeys (ConfUtils.java:logGet(46)) - raft.server.leaderelection.pre-vote = true (default)
2024-10-09 00:13:59,808 [s4@group-9FC63B188219-FollowerState] INFO  impl.RoleInfo (RoleInfo.java:updateAndGet(148)) - s4: start s4@group-9FC63B188219-LeaderElection18
2024-10-09 00:13:59,808 [s4@group-9FC63B188219-LeaderElection18] INFO  impl.LeaderElection (LeaderElection.java:askForVotes(337)) - s4@group-9FC63B188219-LeaderElection18 PRE_VOTE round 0: submit vote requests at term 0 for conf: {index: -1, cur=peers:[s3|localhost:15172, s4|localhost:15176, s0|localhost:15160, s1|localhost:15164, s2|localhost:15168]|listeners:[], old=null}
2024-10-09 00:13:59,809 [HandlerDaemon-0] INFO  server.RaftServer$Division (RaftServerImpl.java:requestVote(1443)) - s3@group-9FC63B188219: receive requestVote(PRE_VOTE, s4, group-9FC63B188219, 0, (t:0, i:0))
2024-10-09 00:13:59,809 [HandlerDaemon-0] INFO  impl.VoteContext (VoteContext.java:log(49)) - s3@group-9FC63B188219-FOLLOWER: accept PRE_VOTE from s4: our priority 0 <= candidate's priority 0
2024-10-09 00:13:59,809 [HandlerDaemon-0] INFO  server.RaftServer$Division (RaftServerImpl.java:requestVote(1476)) - s3@group-9FC63B188219 replies to PRE_VOTE vote request: s4<-s3#0:OK-t0. Peer's state: s3@group-9FC63B188219:t0, leader=null, voted=, raftlog=Memoized:s3@group-9FC63B188219-SegmentedRaftLog:OPENED:c-1:lastnull, conf=conf: {index: -1, cur=peers:[s3|localhost:15172, s4|localhost:15176, s0|localhost:15160, s1|localhost:15164, s2|localhost:15168]|listeners:[], old=null}
2024-10-09 00:13:59,810 [s4@group-9FC63B188219-LeaderElection18] INFO  server.RaftServerConfigKeys (ConfUtils.java:logFallback(53)) - raft.server.rpc.first-election.timeout.min = 150ms (fallback to raft.server.rpc.timeout.min)
2024-10-09 00:13:59,810 [s4@group-9FC63B188219-LeaderElection18] INFO  server.RaftServerConfigKeys (ConfUtils.java:logFallback(53)) - raft.server.rpc.first-election.timeout.max = 300ms (fallback to raft.server.rpc.timeout.max)
2024-10-09 00:13:59,810 [HandlerDaemon-0] INFO  server.RaftServer$Division (RaftServerImpl.java:requestVote(1443)) - s1@group-9FC63B188219: receive requestVote(PRE_VOTE, s4, group-9FC63B188219, 0, (t:0, i:0))
2024-10-09 00:13:59,810 [HandlerDaemon-0] INFO  server.RaftServer$Division (RaftServerImpl.java:requestVote(1443)) - s2@group-9FC63B188219: receive requestVote(PRE_VOTE, s4, group-9FC63B188219, 0, (t:0, i:0))
2024-10-09 00:13:59,810 [HandlerDaemon-0] INFO  impl.VoteContext (VoteContext.java:log(49)) - s2@group-9FC63B188219-FOLLOWER: accept PRE_VOTE from s4: our priority 0 <= candidate's priority 0
2024-10-09 00:13:59,810 [HandlerDaemon-0] INFO  impl.VoteContext (VoteContext.java:log(49)) - s1@group-9FC63B188219-FOLLOWER: accept PRE_VOTE from s4: our priority 0 <= candidate's priority 0
2024-10-09 00:13:59,811 [HandlerDaemon-0] INFO  server.RaftServer$Division (RaftServerImpl.java:requestVote(1476)) - s2@group-9FC63B188219 replies to PRE_VOTE vote request: s4<-s2#0:OK-t0. Peer's state: s2@group-9FC63B188219:t0, leader=null, voted=, raftlog=Memoized:s2@group-9FC63B188219-SegmentedRaftLog:OPENED:c-1:lastnull, conf=conf: {index: -1, cur=peers:[s3|localhost:15172, s4|localhost:15176, s0|localhost:15160, s1|localhost:15164, s2|localhost:15168]|listeners:[], old=null}
2024-10-09 00:13:59,810 [HandlerDaemon-0] INFO  server.RaftServer$Division (RaftServerImpl.java:requestVote(1443)) - s0@group-9FC63B188219: receive requestVote(PRE_VOTE, s4, group-9FC63B188219, 0, (t:0, i:0))
2024-10-09 00:13:59,811 [HandlerDaemon-0] INFO  server.RaftServer$Division (RaftServerImpl.java:requestVote(1476)) - s1@group-9FC63B188219 replies to PRE_VOTE vote request: s4<-s1#0:OK-t0. Peer's state: s1@group-9FC63B188219:t0, leader=null, voted=, raftlog=Memoized:s1@group-9FC63B188219-SegmentedRaftLog:OPENED:c-1:lastnull, conf=conf: {index: -1, cur=peers:[s3|localhost:15172, s4|localhost:15176, s0|localhost:15160, s1|localhost:15164, s2|localhost:15168]|listeners:[], old=null}
2024-10-09 00:13:59,811 [s4@group-9FC63B188219-LeaderElection18] INFO  impl.LeaderElection (LeaderElection.java:logAndReturn(90)) - s4@group-9FC63B188219-LeaderElection18: PRE_VOTE PASSED received 2 response(s) and 0 exception(s):
2024-10-09 00:13:59,811 [s4@group-9FC63B188219-LeaderElection18] INFO  impl.LeaderElection (LeaderElection.java:logAndReturn(94)) -   Response 0: s4<-s3#0:OK-t0
2024-10-09 00:13:59,811 [s4@group-9FC63B188219-LeaderElection18] INFO  impl.LeaderElection (LeaderElection.java:logAndReturn(94)) -   Response 1: s4<-s2#0:OK-t0
2024-10-09 00:13:59,811 [HandlerDaemon-0] INFO  impl.VoteContext (VoteContext.java:log(49)) - s0@group-9FC63B188219-FOLLOWER: accept PRE_VOTE from s4: our priority 0 <= candidate's priority 0
2024-10-09 00:13:59,811 [s4@group-9FC63B188219-LeaderElection18] INFO  impl.LeaderElection (LeaderElection.java:askForVotes(339)) - s4@group-9FC63B188219-LeaderElection18 PRE_VOTE round 0: result PASSED
2024-10-09 00:13:59,811 [HandlerDaemon-0] INFO  server.RaftServer$Division (RaftServerImpl.java:requestVote(1476)) - s0@group-9FC63B188219 replies to PRE_VOTE vote request: s4<-s0#0:OK-t0. Peer's state: s0@group-9FC63B188219:t0, leader=null, voted=, raftlog=Memoized:s0@group-9FC63B188219-SegmentedRaftLog:OPENED:c-1:lastnull, conf=conf: {index: -1, cur=peers:[s3|localhost:15172, s4|localhost:15176, s0|localhost:15160, s1|localhost:15164, s2|localhost:15168]|listeners:[], old=null}
2024-10-09 00:13:59,811 [s4@group-9FC63B188219-LeaderElection18] TRACE util.FileUtils (LogUtils.java:supplyAndLog(69)) - Successfully supplied FileChannel.open /home/runner/work/ratis/ratis/ratis-test/target/test/data/6a98e00f/MiniRaftClusterWithSimulatedRpc5b0afdcd/s4/6be80beb-a1d6-45cd-9b84-9fc63b188219/current/raft-meta.tmp with options [CREATE, WRITE]: sun.nio.ch.FileChannelImpl@302cb3f6
2024-10-09 00:13:59,813 [s4@group-9FC63B188219-LeaderElection18] TRACE util.FileUtils (LogUtils.java:runAndLog(49)) - Successfully ran Atomic Files.move /home/runner/work/ratis/ratis/ratis-test/target/test/data/6a98e00f/MiniRaftClusterWithSimulatedRpc5b0afdcd/s4/6be80beb-a1d6-45cd-9b84-9fc63b188219/current/raft-meta.tmp to /home/runner/work/ratis/ratis/ratis-test/target/test/data/6a98e00f/MiniRaftClusterWithSimulatedRpc5b0afdcd/s4/6be80beb-a1d6-45cd-9b84-9fc63b188219/current/raft-meta with options [REPLACE_EXISTING]
2024-10-09 00:13:59,813 [s4@group-9FC63B188219-LeaderElection18] INFO  impl.LeaderElection (LeaderElection.java:askForVotes(337)) - s4@group-9FC63B188219-LeaderElection18 ELECTION round 0: submit vote requests at term 1 for conf: {index: -1, cur=peers:[s3|localhost:15172, s4|localhost:15176, s0|localhost:15160, s1|localhost:15164, s2|localhost:15168]|listeners:[], old=null}
2024-10-09 00:13:59,813 [HandlerDaemon-1] INFO  server.RaftServer$Division (RaftServerImpl.java:requestVote(1443)) - s3@group-9FC63B188219: receive requestVote(ELECTION, s4, group-9FC63B188219, 1, (t:0, i:0))
2024-10-09 00:13:59,813 [HandlerDaemon-1] INFO  server.RaftServer$Division (RaftServerImpl.java:requestVote(1443)) - s0@group-9FC63B188219: receive requestVote(ELECTION, s4, group-9FC63B188219, 1, (t:0, i:0))
2024-10-09 00:13:59,814 [HandlerDaemon-1] INFO  impl.VoteContext (VoteContext.java:log(49)) - s3@group-9FC63B188219-FOLLOWER: accept ELECTION from s4: our priority 0 <= candidate's priority 0
2024-10-09 00:13:59,814 [HandlerDaemon-1] INFO  server.RaftServer$Division (RaftServerImpl.java:setRole(379)) - s3@group-9FC63B188219: changes role from  FOLLOWER to FOLLOWER at term 0 for candidate:s4
2024-10-09 00:13:59,814 [HandlerDaemon-1] INFO  impl.RoleInfo (RoleInfo.java:shutdownFollowerState(121)) - s3: shutdown s3@group-9FC63B188219-FollowerState
2024-10-09 00:13:59,814 [s4@group-9FC63B188219-LeaderElection18] INFO  server.RaftServerConfigKeys (ConfUtils.java:logFallback(53)) - raft.server.rpc.first-election.timeout.min = 150ms (fallback to raft.server.rpc.timeout.min)
2024-10-09 00:13:59,814 [s3@group-9FC63B188219-FollowerState] INFO  impl.FollowerState (FollowerState.java:runImpl(165)) - s3@group-9FC63B188219-FollowerState was interrupted
2024-10-09 00:13:59,814 [s4@group-9FC63B188219-LeaderElection18] INFO  server.RaftServerConfigKeys (ConfUtils.java:logFallback(53)) - raft.server.rpc.first-election.timeout.max = 300ms (fallback to raft.server.rpc.timeout.max)
2024-10-09 00:13:59,816 [HandlerDaemon-1] INFO  server.RaftServer$Division (RaftServerImpl.java:requestVote(1443)) - s2@group-9FC63B188219: receive requestVote(ELECTION, s4, group-9FC63B188219, 1, (t:0, i:0))
2024-10-09 00:13:59,816 [HandlerDaemon-1] INFO  impl.RoleInfo (RoleInfo.java:updateAndGet(148)) - s3: start s3@group-9FC63B188219-FollowerState
2024-10-09 00:13:59,816 [HandlerDaemon-1] INFO  server.RaftServer$Division (RaftServerImpl.java:requestVote(1443)) - s1@group-9FC63B188219: receive requestVote(ELECTION, s4, group-9FC63B188219, 1, (t:0, i:0))
2024-10-09 00:13:59,816 [HandlerDaemon-1] INFO  server.RaftServer$Division (RaftServerImpl.java:setFirstElection(560)) - s3@group-9FC63B188219: set firstElectionSinceStartup to false for candidate:s4
2024-10-09 00:13:59,816 [HandlerDaemon-1] TRACE util.FileUtils (LogUtils.java:supplyAndLog(69)) - Successfully supplied FileChannel.open /home/runner/work/ratis/ratis/ratis-test/target/test/data/6a98e00f/MiniRaftClusterWithSimulatedRpc5b0afdcd/s3/6be80beb-a1d6-45cd-9b84-9fc63b188219/current/raft-meta.tmp with options [CREATE, WRITE]: sun.nio.ch.FileChannelImpl@494dff96
2024-10-09 00:13:59,816 [HandlerDaemon-1] INFO  impl.VoteContext (VoteContext.java:log(49)) - s0@group-9FC63B188219-FOLLOWER: accept ELECTION from s4: our priority 0 <= candidate's priority 0
2024-10-09 00:13:59,820 [HandlerDaemon-1] INFO  server.RaftServer$Division (RaftServerImpl.java:setRole(379)) - s0@group-9FC63B188219: changes role from  FOLLOWER to FOLLOWER at term 0 for candidate:s4
2024-10-09 00:13:59,820 [HandlerDaemon-1] INFO  impl.RoleInfo (RoleInfo.java:shutdownFollowerState(121)) - s0: shutdown s0@group-9FC63B188219-FollowerState
2024-10-09 00:13:59,820 [HandlerDaemon-1] TRACE util.FileUtils (LogUtils.java:runAndLog(49)) - Successfully ran Atomic Files.move /home/runner/work/ratis/ratis/ratis-test/target/test/data/6a98e00f/MiniRaftClusterWithSimulatedRpc5b0afdcd/s3/6be80beb-a1d6-45cd-9b84-9fc63b188219/current/raft-meta.tmp to /home/runner/work/ratis/ratis/ratis-test/target/test/data/6a98e00f/MiniRaftClusterWithSimulatedRpc5b0afdcd/s3/6be80beb-a1d6-45cd-9b84-9fc63b188219/current/raft-meta with options [REPLACE_EXISTING]
2024-10-09 00:13:59,820 [HandlerDaemon-1] INFO  server.RaftServer$Division (RaftServerImpl.java:requestVote(1476)) - s3@group-9FC63B188219 replies to ELECTION vote request: s4<-s3#0:OK-t1. Peer's state: s3@group-9FC63B188219:t1, leader=null, voted=s4, raftlog=Memoized:s3@group-9FC63B188219-SegmentedRaftLog:OPENED:c-1:lastnull, conf=conf: {index: -1, cur=peers:[s3|localhost:15172, s4|localhost:15176, s0|localhost:15160, s1|localhost:15164, s2|localhost:15168]|listeners:[], old=null}
2024-10-09 00:13:59,820 [HandlerDaemon-1] INFO  impl.VoteContext (VoteContext.java:log(49)) - s1@group-9FC63B188219-FOLLOWER: accept ELECTION from s4: our priority 0 <= candidate's priority 0
2024-10-09 00:13:59,820 [HandlerDaemon-1] INFO  server.RaftServer$Division (RaftServerImpl.java:setRole(379)) - s1@group-9FC63B188219: changes role from  FOLLOWER to FOLLOWER at term 0 for candidate:s4
2024-10-09 00:13:59,821 [HandlerDaemon-1] INFO  impl.RoleInfo (RoleInfo.java:shutdownFollowerState(121)) - s1: shutdown s1@group-9FC63B188219-FollowerState
2024-10-09 00:13:59,821 [HandlerDaemon-1] INFO  impl.RoleInfo (RoleInfo.java:updateAndGet(148)) - s1: start s1@group-9FC63B188219-FollowerState
2024-10-09 00:13:59,821 [HandlerDaemon-1] INFO  server.RaftServer$Division (RaftServerImpl.java:setFirstElection(560)) - s1@group-9FC63B188219: set firstElectionSinceStartup to false for candidate:s4
2024-10-09 00:13:59,820 [HandlerDaemon-1] INFO  impl.VoteContext (VoteContext.java:log(49)) - s2@group-9FC63B188219-FOLLOWER: accept ELECTION from s4: our priority 0 <= candidate's priority 0
2024-10-09 00:13:59,821 [s1@group-9FC63B188219-FollowerState] INFO  impl.FollowerState (FollowerState.java:runImpl(165)) - s1@group-9FC63B188219-FollowerState was interrupted
2024-10-09 00:13:59,821 [HandlerDaemon-1] INFO  impl.RoleInfo (RoleInfo.java:updateAndGet(148)) - s0: start s0@group-9FC63B188219-FollowerState
2024-10-09 00:13:59,821 [HandlerDaemon-1] INFO  server.RaftServer$Division (RaftServerImpl.java:setRole(379)) - s2@group-9FC63B188219: changes role from  FOLLOWER to FOLLOWER at term 0 for candidate:s4
2024-10-09 00:13:59,821 [HandlerDaemon-1] INFO  impl.RoleInfo (RoleInfo.java:shutdownFollowerState(121)) - s2: shutdown s2@group-9FC63B188219-FollowerState
2024-10-09 00:13:59,821 [HandlerDaemon-1] TRACE util.FileUtils (LogUtils.java:supplyAndLog(69)) - Successfully supplied FileChannel.open /home/runner/work/ratis/ratis/ratis-test/target/test/data/6a98e00f/MiniRaftClusterWithSimulatedRpc5b0afdcd/s1/6be80beb-a1d6-45cd-9b84-9fc63b188219/current/raft-meta.tmp with options [CREATE, WRITE]: sun.nio.ch.FileChannelImpl@7f21af44
2024-10-09 00:13:59,822 [s2@group-9FC63B188219-FollowerState] INFO  impl.FollowerState (FollowerState.java:runImpl(165)) - s2@group-9FC63B188219-FollowerState was interrupted
2024-10-09 00:13:59,822 [HandlerDaemon-1] INFO  impl.RoleInfo (RoleInfo.java:updateAndGet(148)) - s2: start s2@group-9FC63B188219-FollowerState
2024-10-09 00:13:59,822 [HandlerDaemon-1] INFO  server.RaftServer$Division (RaftServerImpl.java:setFirstElection(560)) - s0@group-9FC63B188219: set firstElectionSinceStartup to false for candidate:s4
2024-10-09 00:13:59,822 [HandlerDaemon-1] INFO  server.RaftServer$Division (RaftServerImpl.java:setFirstElection(560)) - s2@group-9FC63B188219: set firstElectionSinceStartup to false for candidate:s4
2024-10-09 00:13:59,822 [HandlerDaemon-1] TRACE util.FileUtils (LogUtils.java:supplyAndLog(69)) - Successfully supplied FileChannel.open /home/runner/work/ratis/ratis/ratis-test/target/test/data/6a98e00f/MiniRaftClusterWithSimulatedRpc5b0afdcd/s2/6be80beb-a1d6-45cd-9b84-9fc63b188219/current/raft-meta.tmp with options [CREATE, WRITE]: sun.nio.ch.FileChannelImpl@7f5d9221
2024-10-09 00:13:59,823 [HandlerDaemon-1] TRACE util.FileUtils (LogUtils.java:runAndLog(49)) - Successfully ran Atomic Files.move /home/runner/work/ratis/ratis/ratis-test/target/test/data/6a98e00f/MiniRaftClusterWithSimulatedRpc5b0afdcd/s1/6be80beb-a1d6-45cd-9b84-9fc63b188219/current/raft-meta.tmp to /home/runner/work/ratis/ratis/ratis-test/target/test/data/6a98e00f/MiniRaftClusterWithSimulatedRpc5b0afdcd/s1/6be80beb-a1d6-45cd-9b84-9fc63b188219/current/raft-meta with options [REPLACE_EXISTING]
2024-10-09 00:13:59,823 [HandlerDaemon-1] INFO  server.RaftServer$Division (RaftServerImpl.java:requestVote(1476)) - s1@group-9FC63B188219 replies to ELECTION vote request: s4<-s1#0:OK-t1. Peer's state: s1@group-9FC63B188219:t1, leader=null, voted=s4, raftlog=Memoized:s1@group-9FC63B188219-SegmentedRaftLog:OPENED:c-1:lastnull, conf=conf: {index: -1, cur=peers:[s3|localhost:15172, s4|localhost:15176, s0|localhost:15160, s1|localhost:15164, s2|localhost:15168]|listeners:[], old=null}
2024-10-09 00:13:59,823 [s4@group-9FC63B188219-LeaderElection18] INFO  impl.LeaderElection (LeaderElection.java:logAndReturn(90)) - s4@group-9FC63B188219-LeaderElection18: ELECTION PASSED received 2 response(s) and 0 exception(s):
2024-10-09 00:13:59,823 [s4@group-9FC63B188219-LeaderElection18] INFO  impl.LeaderElection (LeaderElection.java:logAndReturn(94)) -   Response 0: s4<-s3#0:OK-t1
2024-10-09 00:13:59,823 [s4@group-9FC63B188219-LeaderElection18] INFO  impl.LeaderElection (LeaderElection.java:logAndReturn(94)) -   Response 1: s4<-s1#0:OK-t1
2024-10-09 00:13:59,824 [s4@group-9FC63B188219-LeaderElection18] INFO  impl.LeaderElection (LeaderElection.java:askForVotes(339)) - s4@group-9FC63B188219-LeaderElection18 ELECTION round 0: result PASSED
2024-10-09 00:13:59,824 [s4@group-9FC63B188219-LeaderElection18] INFO  impl.RoleInfo (RoleInfo.java:shutdownLeaderElection(141)) - s4: shutdown s4@group-9FC63B188219-LeaderElection18
2024-10-09 00:13:59,824 [s4@group-9FC63B188219-LeaderElection18] INFO  server.RaftServer$Division (RaftServerImpl.java:setRole(379)) - s4@group-9FC63B188219: changes role from CANDIDATE to LEADER at term 1 for changeToLeader
2024-10-09 00:13:59,824 [s4@group-9FC63B188219-LeaderElection18] INFO  server.RaftServerConfigKeys (ConfUtils.java:logGet(46)) - raft.server.staging.catchup.gap = 1000 (default)
2024-10-09 00:13:59,824 [HandlerDaemon-1] TRACE util.FileUtils (LogUtils.java:runAndLog(49)) - Successfully ran Atomic Files.move /home/runner/work/ratis/ratis/ratis-test/target/test/data/6a98e00f/MiniRaftClusterWithSimulatedRpc5b0afdcd/s2/6be80beb-a1d6-45cd-9b84-9fc63b188219/current/raft-meta.tmp to /home/runner/work/ratis/ratis/ratis-test/target/test/data/6a98e00f/MiniRaftClusterWithSimulatedRpc5b0afdcd/s2/6be80beb-a1d6-45cd-9b84-9fc63b188219/current/raft-meta with options [REPLACE_EXISTING]
2024-10-09 00:13:59,824 [s4@group-9FC63B188219-LeaderElection18] INFO  server.RaftServerConfigKeys (ConfUtils.java:logGet(46)) - raft.server.write.element-limit = 4096 (default)
2024-10-09 00:13:59,824 [s4@group-9FC63B188219-LeaderElection18] INFO  server.RaftServerConfigKeys (ConfUtils.java:logGet(46)) - raft.server.write.byte-limit = 64MB (=67108864) (default)
2024-10-09 00:13:59,824 [HandlerDaemon-1] INFO  server.RaftServer$Division (RaftServerImpl.java:requestVote(1476)) - s2@group-9FC63B188219 replies to ELECTION vote request: s4<-s2#0:OK-t1. Peer's state: s2@group-9FC63B188219:t1, leader=null, voted=s4, raftlog=Memoized:s2@group-9FC63B188219-SegmentedRaftLog:OPENED:c-1:lastnull, conf=conf: {index: -1, cur=peers:[s3|localhost:15172, s4|localhost:15176, s0|localhost:15160, s1|localhost:15164, s2|localhost:15168]|listeners:[], old=null}
2024-10-09 00:13:59,824 [s4@group-9FC63B188219-LeaderElection18] INFO  server.RaftServerConfigKeys (ConfUtils.java:logGet(46)) - raft.server.watch.timeout = 10s (default)
2024-10-09 00:13:59,824 [s4@group-9FC63B188219-LeaderElection18] INFO  server.RaftServerConfigKeys (ConfUtils.java:logGet(46)) - raft.server.watch.timeout.denomination = 1s (default)
2024-10-09 00:13:59,824 [s4@group-9FC63B188219-LeaderElection18] INFO  server.RaftServerConfigKeys (ConfUtils.java:logGet(46)) - raft.server.watch.element-limit = 65536 (default)
2024-10-09 00:13:59,824 [s4@group-9FC63B188219-LeaderElection18] INFO  server.RaftServerConfigKeys (ConfUtils.java:logGet(46)) - raft.server.read.leader.lease.enabled = false (default)
2024-10-09 00:13:59,824 [s4@group-9FC63B188219-LeaderElection18] INFO  server.RaftServerConfigKeys (ConfUtils.java:logGet(46)) - raft.server.read.leader.lease.timeout.ratio = 0.9 (default)
2024-10-09 00:13:59,824 [s4@group-9FC63B188219-LeaderElection18] INFO  server.RaftServerConfigKeys (ConfUtils.java:logGet(46)) - raft.server.rpc.timeout.min = 150ms (default)
2024-10-09 00:13:59,824 [s4@group-9FC63B188219-LeaderElection18] INFO  server.RaftServerConfigKeys (ConfUtils.java:logGet(46)) - raft.server.log.log-metadata.enabled = true (default)
2024-10-09 00:13:59,824 [s4@group-9FC63B188219-LeaderElection18] INFO  server.RaftServerConfigKeys (ConfUtils.java:logGet(46)) - raft.server.write.element-limit = 4096 (default)
2024-10-09 00:13:59,825 [s4@group-9FC63B188219-LeaderElection18] INFO  server.RaftServerConfigKeys (ConfUtils.java:logGet(46)) - raft.server.write.follower.gap.ratio.max = -1.0 (default)
2024-10-09 00:13:59,825 [s4@group-9FC63B188219-LeaderElection18] INFO  server.RaftServerConfigKeys (ConfUtils.java:logGet(46)) - raft.server.log.appender.snapshot.chunk.size.max = 16MB (=16777216) (default)
2024-10-09 00:13:59,825 [s4@group-9FC63B188219-LeaderElection18] INFO  server.RaftServerConfigKeys (ConfUtils.java:logGet(46)) - raft.server.log.appender.buffer.byte-limit = 4MB (=4194304) (default)
2024-10-09 00:13:59,825 [s4@group-9FC63B188219-LeaderElection18] INFO  server.RaftServerConfigKeys (ConfUtils.java:logGet(46)) - raft.server.log.appender.buffer.element-limit = 0 (default)
2024-10-09 00:13:59,825 [s4@group-9FC63B188219-LeaderElection18] INFO  server.RaftServerConfigKeys (ConfUtils.java:logGet(46)) - raft.server.log.appender.wait-time.min = 1ms (default)
2024-10-09 00:13:59,825 [s4@group-9FC63B188219-LeaderElection18] INFO  server.RaftServerConfigKeys (ConfUtils.java:logGet(46)) - raft.server.log.appender.snapshot.chunk.size.max = 16MB (=16777216) (default)
2024-10-09 00:13:59,825 [s4@group-9FC63B188219-LeaderElection18] INFO  server.RaftServerConfigKeys (ConfUtils.java:logGet(46)) - raft.server.log.appender.buffer.byte-limit = 4MB (=4194304) (default)
2024-10-09 00:13:59,825 [s4@group-9FC63B188219-LeaderElection18] INFO  server.RaftServerConfigKeys (ConfUtils.java:logGet(46)) - raft.server.log.appender.buffer.element-limit = 0 (default)
2024-10-09 00:13:59,825 [s4@group-9FC63B188219-LeaderElection18] INFO  server.RaftServerConfigKeys (ConfUtils.java:logGet(46)) - raft.server.log.appender.wait-time.min = 1ms (default)
2024-10-09 00:13:59,825 [s4@group-9FC63B188219-LeaderElection18] INFO  server.RaftServerConfigKeys (ConfUtils.java:logGet(46)) - raft.server.log.appender.snapshot.chunk.size.max = 16MB (=16777216) (default)
2024-10-09 00:13:59,825 [s4@group-9FC63B188219-LeaderElection18] INFO  server.RaftServerConfigKeys (ConfUtils.java:logGet(46)) - raft.server.log.appender.buffer.byte-limit = 4MB (=4194304) (default)
2024-10-09 00:13:59,825 [s4@group-9FC63B188219-LeaderElection18] INFO  server.RaftServerConfigKeys (ConfUtils.java:logGet(46)) - raft.server.log.appender.buffer.element-limit = 0 (default)
2024-10-09 00:13:59,825 [s4@group-9FC63B188219-LeaderElection18] INFO  server.RaftServerConfigKeys (ConfUtils.java:logGet(46)) - raft.server.log.appender.wait-time.min = 1ms (default)
2024-10-09 00:13:59,826 [s4@group-9FC63B188219-LeaderElection18] INFO  server.RaftServerConfigKeys (ConfUtils.java:logGet(46)) - raft.server.log.appender.snapshot.chunk.size.max = 16MB (=16777216) (default)
2024-10-09 00:13:59,826 [s4@group-9FC63B188219-LeaderElection18] INFO  server.RaftServerConfigKeys (ConfUtils.java:logGet(46)) - raft.server.log.appender.buffer.byte-limit = 4MB (=4194304) (default)
2024-10-09 00:13:59,826 [s4@group-9FC63B188219-LeaderElection18] INFO  server.RaftServerConfigKeys (ConfUtils.java:logGet(46)) - raft.server.log.appender.buffer.element-limit = 0 (default)
2024-10-09 00:13:59,826 [s4@group-9FC63B188219-LeaderElection18] INFO  server.RaftServerConfigKeys (ConfUtils.java:logGet(46)) - raft.server.log.appender.wait-time.min = 1ms (default)
2024-10-09 00:13:59,826 [s4@group-9FC63B188219-LeaderElection18] INFO  impl.RoleInfo (RoleInfo.java:updateAndGet(148)) - s4: start s4@group-9FC63B188219-LeaderStateImpl
2024-10-09 00:13:59,826 [s4@group-9FC63B188219-LeaderElection18] INFO  server.RaftServer$Division (RaftServerImpl.java:setFirstElection(560)) - s4@group-9FC63B188219: set firstElectionSinceStartup to false for becomeLeader
2024-10-09 00:13:59,826 [s4@group-9FC63B188219-LeaderElection18] INFO  server.RaftServer$Division (ServerState.java:setLeader(272)) - s4@group-9FC63B188219: change Leader from null to s4 at term 1 for becomeLeader, leader elected after 214ms
2024-10-09 00:13:59,826 [s4@group-9FC63B188219-LeaderElection18] INFO  segmented.SegmentedRaftLogWorker (SegmentedRaftLogWorker.java:startLogSegment(438)) - s4@group-9FC63B188219-SegmentedRaftLogWorker: Starting segment from index:0
2024-10-09 00:13:59,826 [s4@group-9FC63B188219-SegmentedRaftLogWorker] INFO  segmented.BufferedWriteChannel (BufferedWriteChannel.java:open(61)) - open log_inprogress_0 at position 0
2024-10-09 00:13:59,827 [s4@group-9FC63B188219-LeaderElection18] INFO  server.RaftServer$Division (ServerState.java:setRaftConf(386)) - s4@group-9FC63B188219: set configuration conf: {index: 0, cur=peers:[s3|localhost:15172, s4|localhost:15176, s0|localhost:15160, s1|localhost:15164, s2|localhost:15168]|listeners:[], old=null}
2024-10-09 00:13:59,832 [HandlerDaemon-2] INFO  server.RaftServer$Division (ServerState.java:setLeader(272)) - s3@group-9FC63B188219: change Leader from null to s4 at term 1 for appendEntries, leader elected after 224ms
2024-10-09 00:13:59,832 [HandlerDaemon-2] INFO  server.RaftServer$Division (ServerState.java:setLeader(272)) - s1@group-9FC63B188219: change Leader from null to s4 at term 1 for appendEntries, leader elected after 214ms
2024-10-09 00:13:59,832 [HandlerDaemon-2] INFO  server.RaftServer$Division (ServerState.java:setLeader(272)) - s2@group-9FC63B188219: change Leader from null to s4 at term 1 for appendEntries, leader elected after 213ms
2024-10-09 00:13:59,835 [HandlerDaemon-0] DEBUG server.RaftServer$Division (RaftServerImpl.java:logAppendEntries(1545)) - s3@group-9FC63B188219: appendEntries* s4->s3#894-t1,previous=(t:0, i:0),leaderCommit=-1,initializing? false,entries: size=1, first=(t:1, i:0), CONFIGURATIONENTRY(current:id:"s3"address:"localhost:15172"dataStreamAddress:"localhost:15175"clientAddress:"localhost:15174"adminAddress:"localhost:15173"startupRole:FOLLOWER, id:"s4"address:"localhost:15176"dataStreamAddress:"localhost:15179"clientAddress:"localhost:15178"adminAddress:"localhost:15177"startupRole:FOLLOWER, id:"s0"address:"localhost:15160"dataStreamAddress:"localhost:15163"clientAddress:"localhost:15162"adminAddress:"localhost:15161"startupRole:FOLLOWER, id:"s1"address:"localhost:15164"dataStreamAddress:"localhost:15167"clientAddress:"localhost:15166"adminAddress:"localhost:15165"startupRole:FOLLOWER, id:"s2"address:"localhost:15168"dataStreamAddress:"localhost:15171"clientAddress:"localhost:15170"adminAddress:"localhost:15169"startupRole:FOLLOWER, old:)
2024-10-09 00:13:59,836 [HandlerDaemon-0] INFO  server.RaftServer$Division (ServerState.java:setRaftConf(386)) - s3@group-9FC63B188219: set configuration conf: {index: 0, cur=peers:[s3|localhost:15172, s4|localhost:15176, s0|localhost:15160, s1|localhost:15164, s2|localhost:15168]|listeners:[], old=null}
2024-10-09 00:13:59,836 [HandlerDaemon-0] INFO  segmented.SegmentedRaftLogWorker (SegmentedRaftLogWorker.java:startLogSegment(438)) - s3@group-9FC63B188219-SegmentedRaftLogWorker: Starting segment from index:0
2024-10-09 00:13:59,837 [s4@group-9FC63B188219-SegmentedRaftLogWorker] INFO  segmented.SegmentedRaftLogWorker (SegmentedRaftLogWorker.java:execute(660)) - s4@group-9FC63B188219-SegmentedRaftLogWorker: created new log segment /home/runner/work/ratis/ratis/ratis-test/target/test/data/6a98e00f/MiniRaftClusterWithSimulatedRpc5b0afdcd/s4/6be80beb-a1d6-45cd-9b84-9fc63b188219/current/log_inprogress_0
2024-10-09 00:13:59,840 [s3@group-9FC63B188219-SegmentedRaftLogWorker] INFO  segmented.BufferedWriteChannel (BufferedWriteChannel.java:open(61)) - open log_inprogress_0 at position 0
2024-10-09 00:13:59,841 [HandlerDaemon-0] DEBUG server.RaftServer$Division (RaftServerImpl.java:logAppendEntries(1545)) - s2@group-9FC63B188219: appendEntries* s4->s2#895-t1,previous=(t:0, i:0),leaderCommit=-1,initializing? false,entries: size=1, first=(t:1, i:0), CONFIGURATIONENTRY(current:id:"s3"address:"localhost:15172"dataStreamAddress:"localhost:15175"clientAddress:"localhost:15174"adminAddress:"localhost:15173"startupRole:FOLLOWER, id:"s4"address:"localhost:15176"dataStreamAddress:"localhost:15179"clientAddress:"localhost:15178"adminAddress:"localhost:15177"startupRole:FOLLOWER, id:"s0"address:"localhost:15160"dataStreamAddress:"localhost:15163"clientAddress:"localhost:15162"adminAddress:"localhost:15161"startupRole:FOLLOWER, id:"s1"address:"localhost:15164"dataStreamAddress:"localhost:15167"clientAddress:"localhost:15166"adminAddress:"localhost:15165"startupRole:FOLLOWER, id:"s2"address:"localhost:15168"dataStreamAddress:"localhost:15171"clientAddress:"localhost:15170"adminAddress:"localhost:15169"startupRole:FOLLOWER, old:)
2024-10-09 00:13:59,842 [HandlerDaemon-0] INFO  server.RaftServer$Division (ServerState.java:setRaftConf(386)) - s2@group-9FC63B188219: set configuration conf: {index: 0, cur=peers:[s3|localhost:15172, s4|localhost:15176, s0|localhost:15160, s1|localhost:15164, s2|localhost:15168]|listeners:[], old=null}
2024-10-09 00:13:59,842 [HandlerDaemon-0] INFO  segmented.SegmentedRaftLogWorker (SegmentedRaftLogWorker.java:startLogSegment(438)) - s2@group-9FC63B188219-SegmentedRaftLogWorker: Starting segment from index:0
2024-10-09 00:13:59,842 [s2@group-9FC63B188219-SegmentedRaftLogWorker] INFO  segmented.BufferedWriteChannel (BufferedWriteChannel.java:open(61)) - open log_inprogress_0 at position 0
2024-10-09 00:13:59,848 [HandlerDaemon-0] DEBUG server.RaftServer$Division (RaftServerImpl.java:logAppendEntries(1545)) - s1@group-9FC63B188219: appendEntries* s4->s1#896-t1,previous=(t:0, i:0),leaderCommit=-1,initializing? false,entries: size=1, first=(t:1, i:0), CONFIGURATIONENTRY(current:id:"s3"address:"localhost:15172"dataStreamAddress:"localhost:15175"clientAddress:"localhost:15174"adminAddress:"localhost:15173"startupRole:FOLLOWER, id:"s4"address:"localhost:15176"dataStreamAddress:"localhost:15179"clientAddress:"localhost:15178"adminAddress:"localhost:15177"startupRole:FOLLOWER, id:"s0"address:"localhost:15160"dataStreamAddress:"localhost:15163"clientAddress:"localhost:15162"adminAddress:"localhost:15161"startupRole:FOLLOWER, id:"s1"address:"localhost:15164"dataStreamAddress:"localhost:15167"clientAddress:"localhost:15166"adminAddress:"localhost:15165"startupRole:FOLLOWER, id:"s2"address:"localhost:15168"dataStreamAddress:"localhost:15171"clientAddress:"localhost:15170"adminAddress:"localhost:15169"startupRole:FOLLOWER, old:)
2024-10-09 00:13:59,848 [HandlerDaemon-0] INFO  server.RaftServer$Division (ServerState.java:setRaftConf(386)) - s1@group-9FC63B188219: set configuration conf: {index: 0, cur=peers:[s3|localhost:15172, s4|localhost:15176, s0|localhost:15160, s1|localhost:15164, s2|localhost:15168]|listeners:[], old=null}
2024-10-09 00:13:59,848 [HandlerDaemon-0] INFO  segmented.SegmentedRaftLogWorker (SegmentedRaftLogWorker.java:startLogSegment(438)) - s1@group-9FC63B188219-SegmentedRaftLogWorker: Starting segment from index:0
2024-10-09 00:13:59,849 [s1@group-9FC63B188219-SegmentedRaftLogWorker] INFO  segmented.BufferedWriteChannel (BufferedWriteChannel.java:open(61)) - open log_inprogress_0 at position 0
2024-10-09 00:13:59,853 [s3@group-9FC63B188219-SegmentedRaftLogWorker] INFO  segmented.SegmentedRaftLogWorker (SegmentedRaftLogWorker.java:execute(660)) - s3@group-9FC63B188219-SegmentedRaftLogWorker: created new log segment /home/runner/work/ratis/ratis/ratis-test/target/test/data/6a98e00f/MiniRaftClusterWithSimulatedRpc5b0afdcd/s3/6be80beb-a1d6-45cd-9b84-9fc63b188219/current/log_inprogress_0
2024-10-09 00:13:59,854 [s2@group-9FC63B188219-SegmentedRaftLogWorker] INFO  segmented.SegmentedRaftLogWorker (SegmentedRaftLogWorker.java:execute(660)) - s2@group-9FC63B188219-SegmentedRaftLogWorker: created new log segment /home/runner/work/ratis/ratis/ratis-test/target/test/data/6a98e00f/MiniRaftClusterWithSimulatedRpc5b0afdcd/s2/6be80beb-a1d6-45cd-9b84-9fc63b188219/current/log_inprogress_0
2024-10-09 00:13:59,855 [s3-server-thread1] DEBUG server.RaftServer$Division (RaftServerImpl.java:logAppendEntries(1545)) - s3@group-9FC63B188219: appendEntries* reply s4<-s3#894:OK-t1,SUCCESS,nextIndex=1,followerCommit=-1,matchIndex=0
2024-10-09 00:13:59,855 [s2-server-thread1] DEBUG server.RaftServer$Division (RaftServerImpl.java:logAppendEntries(1545)) - s2@group-9FC63B188219: appendEntries* reply s4<-s2#895:OK-t1,SUCCESS,nextIndex=1,followerCommit=-1,matchIndex=0
2024-10-09 00:13:59,856 [s4@group-9FC63B188219-StateMachineUpdater] TRACE util.FileUtils (LogUtils.java:supplyAndLog(69)) - Successfully supplied FileChannel.open /home/runner/work/ratis/ratis/ratis-test/target/test/data/6a98e00f/MiniRaftClusterWithSimulatedRpc5b0afdcd/s4/6be80beb-a1d6-45cd-9b84-9fc63b188219/current/raft-meta.conf.tmp with options [CREATE, WRITE]: sun.nio.ch.FileChannelImpl@5509475e
2024-10-09 00:13:59,860 [s4@group-9FC63B188219-StateMachineUpdater] TRACE util.FileUtils (LogUtils.java:runAndLog(49)) - Successfully ran Atomic Files.move /home/runner/work/ratis/ratis/ratis-test/target/test/data/6a98e00f/MiniRaftClusterWithSimulatedRpc5b0afdcd/s4/6be80beb-a1d6-45cd-9b84-9fc63b188219/current/raft-meta.conf.tmp to /home/runner/work/ratis/ratis/ratis-test/target/test/data/6a98e00f/MiniRaftClusterWithSimulatedRpc5b0afdcd/s4/6be80beb-a1d6-45cd-9b84-9fc63b188219/current/raft-meta.conf with options [REPLACE_EXISTING]
2024-10-09 00:13:59,860 [s4@group-9FC63B188219-StateMachineUpdater] INFO  server.RaftServer$Division (LeaderStateImpl.java:checkStartIndex(314)) - Leader s4@group-9FC63B188219-LeaderStateImpl is ready since appliedIndex == startIndex == 0
2024-10-09 00:13:59,862 [s1@group-9FC63B188219-SegmentedRaftLogWorker] INFO  segmented.SegmentedRaftLogWorker (SegmentedRaftLogWorker.java:execute(660)) - s1@group-9FC63B188219-SegmentedRaftLogWorker: created new log segment /home/runner/work/ratis/ratis/ratis-test/target/test/data/6a98e00f/MiniRaftClusterWithSimulatedRpc5b0afdcd/s1/6be80beb-a1d6-45cd-9b84-9fc63b188219/current/log_inprogress_0
2024-10-09 00:13:59,864 [s1-server-thread1] DEBUG server.RaftServer$Division (RaftServerImpl.java:logAppendEntries(1545)) - s1@group-9FC63B188219: appendEntries* reply s4<-s1#896:OK-t1,SUCCESS,nextIndex=1,followerCommit=-1,matchIndex=0
2024-10-09 00:13:59,931 [s3@group-9FC63B188219-StateMachineUpdater] TRACE util.FileUtils (LogUtils.java:supplyAndLog(69)) - Successfully supplied FileChannel.open /home/runner/work/ratis/ratis/ratis-test/target/test/data/6a98e00f/MiniRaftClusterWithSimulatedRpc5b0afdcd/s3/6be80beb-a1d6-45cd-9b84-9fc63b188219/current/raft-meta.conf.tmp with options [CREATE, WRITE]: sun.nio.ch.FileChannelImpl@56d151f5
2024-10-09 00:13:59,931 [s2@group-9FC63B188219-StateMachineUpdater] TRACE util.FileUtils (LogUtils.java:supplyAndLog(69)) - Successfully supplied FileChannel.open /home/runner/work/ratis/ratis/ratis-test/target/test/data/6a98e00f/MiniRaftClusterWithSimulatedRpc5b0afdcd/s2/6be80beb-a1d6-45cd-9b84-9fc63b188219/current/raft-meta.conf.tmp with options [CREATE, WRITE]: sun.nio.ch.FileChannelImpl@31e51a07
2024-10-09 00:13:59,934 [s3@group-9FC63B188219-StateMachineUpdater] TRACE util.FileUtils (LogUtils.java:runAndLog(49)) - Successfully ran Atomic Files.move /home/runner/work/ratis/ratis/ratis-test/target/test/data/6a98e00f/MiniRaftClusterWithSimulatedRpc5b0afdcd/s3/6be80beb-a1d6-45cd-9b84-9fc63b188219/current/raft-meta.conf.tmp to /home/runner/work/ratis/ratis/ratis-test/target/test/data/6a98e00f/MiniRaftClusterWithSimulatedRpc5b0afdcd/s3/6be80beb-a1d6-45cd-9b84-9fc63b188219/current/raft-meta.conf with options [REPLACE_EXISTING]
2024-10-09 00:13:59,934 [s2@group-9FC63B188219-StateMachineUpdater] TRACE util.FileUtils (LogUtils.java:runAndLog(49)) - Successfully ran Atomic Files.move /home/runner/work/ratis/ratis/ratis-test/target/test/data/6a98e00f/MiniRaftClusterWithSimulatedRpc5b0afdcd/s2/6be80beb-a1d6-45cd-9b84-9fc63b188219/current/raft-meta.conf.tmp to /home/runner/work/ratis/ratis/ratis-test/target/test/data/6a98e00f/MiniRaftClusterWithSimulatedRpc5b0afdcd/s2/6be80beb-a1d6-45cd-9b84-9fc63b188219/current/raft-meta.conf with options [REPLACE_EXISTING]
2024-10-09 00:13:59,940 [s1@group-9FC63B188219-StateMachineUpdater] TRACE util.FileUtils (LogUtils.java:supplyAndLog(69)) - Successfully supplied FileChannel.open /home/runner/work/ratis/ratis/ratis-test/target/test/data/6a98e00f/MiniRaftClusterWithSimulatedRpc5b0afdcd/s1/6be80beb-a1d6-45cd-9b84-9fc63b188219/current/raft-meta.conf.tmp with options [CREATE, WRITE]: sun.nio.ch.FileChannelImpl@6403a968
2024-10-09 00:13:59,942 [s1@group-9FC63B188219-StateMachineUpdater] TRACE util.FileUtils (LogUtils.java:runAndLog(49)) - Successfully ran Atomic Files.move /home/runner/work/ratis/ratis/ratis-test/target/test/data/6a98e00f/MiniRaftClusterWithSimulatedRpc5b0afdcd/s1/6be80beb-a1d6-45cd-9b84-9fc63b188219/current/raft-meta.conf.tmp to /home/runner/work/ratis/ratis/ratis-test/target/test/data/6a98e00f/MiniRaftClusterWithSimulatedRpc5b0afdcd/s1/6be80beb-a1d6-45cd-9b84-9fc63b188219/current/raft-meta.conf with options [REPLACE_EXISTING]
2024-10-09 00:14:00,111 [main] INFO  ratis.RaftTestUtil (RaftTestUtil.java:waitForLeader(131)) - printing ALL groups
  s3:  RUNNING  FOLLOWER s3@group-9FC63B188219:t1, leader=s4, voted=s4, raftlog=Memoized:s3@group-9FC63B188219-SegmentedRaftLog:OPENED:c0:last(t:1, i:0), conf=conf: {index: 0, cur=peers:[s3|localhost:15172, s4|localhost:15176, s0|localhost:15160, s1|localhost:15164, s2|localhost:15168]|listeners:[], old=null} RUNNING
  s4:  RUNNING    LEADER s4@group-9FC63B188219:t1, leader=s4, voted=s4, raftlog=Memoized:s4@group-9FC63B188219-SegmentedRaftLog:OPENED:c0:last(t:1, i:0), conf=conf: {index: 0, cur=peers:[s3|localhost:15172, s4|localhost:15176, s0|localhost:15160, s1|localhost:15164, s2|localhost:15168]|listeners:[], old=null} RUNNING
  s0:  RUNNING  FOLLOWER s0@group-9FC63B188219:t1, leader=null, voted=null, raftlog=Memoized:s0@group-9FC63B188219-SegmentedRaftLog:OPENED:c-1:lastnull, conf=conf: {index: -1, cur=peers:[s3|localhost:15172, s4|localhost:15176, s0|localhost:15160, s1|localhost:15164, s2|localhost:15168]|listeners:[], old=null} RUNNING
  s1:  RUNNING  FOLLOWER s1@group-9FC63B188219:t1, leader=s4, voted=s4, raftlog=Memoized:s1@group-9FC63B188219-SegmentedRaftLog:OPENED:c0:last(t:1, i:0), conf=conf: {index: 0, cur=peers:[s3|localhost:15172, s4|localhost:15176, s0|localhost:15160, s1|localhost:15164, s2|localhost:15168]|listeners:[], old=null} RUNNING
  s2:  RUNNING  FOLLOWER s2@group-9FC63B188219:t1, leader=s4, voted=s4, raftlog=Memoized:s2@group-9FC63B188219-SegmentedRaftLog:OPENED:c0:last(t:1, i:0), conf=conf: {index: 0, cur=peers:[s3|localhost:15172, s4|localhost:15176, s0|localhost:15160, s1|localhost:15164, s2|localhost:15168]|listeners:[], old=null} RUNNING
2024-10-09 00:14:00,111 [main] INFO  ratis.RaftTestUtil (RaftTestUtil.java:waitAndKillLeader(147)) - killing leader =    LEADER s4@group-9FC63B188219:t1, leader=s4, voted=s4, raftlog=Memoized:s4@group-9FC63B188219-SegmentedRaftLog:OPENED:c0:last(t:1, i:0), conf=conf: {index: 0, cur=peers:[s3|localhost:15172, s4|localhost:15176, s0|localhost:15160, s1|localhost:15164, s2|localhost:15168]|listeners:[], old=null} RUNNING
2024-10-09 00:14:00,111 [main] INFO  impl.MiniRaftCluster (MiniRaftCluster.java:killServer(539)) - killServer s4
2024-10-09 00:14:00,111 [main] INFO  server.RaftServer (RaftServerProxy.java:lambda$close$9(418)) - s4: close
2024-10-09 00:14:00,112 [s4-impl-thread1] INFO  server.RaftServer$Division (RaftServerImpl.java:lambda$close$1(511)) - s4@group-9FC63B188219: shutdown
2024-10-09 00:14:00,112 [HandlerDaemon-0] INFO  simulation.RequestHandler (RequestHandler.java:run(127)) - s4.clientHandler0 is interrupted by java.io.InterruptedIOException: 
2024-10-09 00:14:00,112 [s4-impl-thread1] INFO  util.JmxRegister (JmxRegister.java:unregister(74)) - Successfully un-registered JMX Bean with object name Ratis:service=RaftServer,group=group-9FC63B188219,id=s4
2024-10-09 00:14:00,112 [HandlerDaemon-2] INFO  simulation.RequestHandler (RequestHandler.java:run(127)) - s4.clientHandler2 is interrupted by java.io.InterruptedIOException: 
2024-10-09 00:14:00,112 [HandlerDaemon-1] INFO  simulation.RequestHandler (RequestHandler.java:run(127)) - s4.clientHandler1 is interrupted by java.io.InterruptedIOException: 
2024-10-09 00:14:00,112 [s4-impl-thread1] INFO  impl.RoleInfo (RoleInfo.java:shutdownLeaderState(103)) - s4: shutdown s4@group-9FC63B188219-LeaderStateImpl
2024-10-09 00:14:00,112 [HandlerDaemon-0] INFO  simulation.RequestHandler (RequestHandler.java:run(127)) - s4.serverHandler0 is interrupted by java.io.InterruptedIOException: 
2024-10-09 00:14:00,112 [s4@group-9FC63B188219->s3-LogAppenderDefault-LogAppenderDaemon] INFO  leader.LogAppenderDaemon (LogAppenderDaemon.java:run(85)) - s4@group-9FC63B188219->s3-LogAppenderDefault-LogAppenderDaemon was interrupted: java.lang.InterruptedException
2024-10-09 00:14:00,112 [s4@group-9FC63B188219->s0-LogAppenderDefault-LogAppenderDaemon] INFO  leader.LogAppenderDaemon (LogAppenderDaemon.java:run(87)) - s4@group-9FC63B188219->s0-LogAppenderDefault-LogAppenderDaemon I/O was interrupted: java.io.InterruptedIOException: 
2024-10-09 00:14:00,112 [s4@group-9FC63B188219->s2-LogAppenderDefault-LogAppenderDaemon] INFO  leader.LogAppenderDaemon (LogAppenderDaemon.java:run(85)) - s4@group-9FC63B188219->s2-LogAppenderDefault-LogAppenderDaemon was interrupted: java.lang.InterruptedException
2024-10-09 00:14:00,112 [HandlerDaemon-1] INFO  simulation.RequestHandler (RequestHandler.java:run(127)) - s4.serverHandler1 is interrupted by java.io.InterruptedIOException: 
2024-10-09 00:14:00,112 [HandlerDaemon-2] INFO  simulation.RequestHandler (RequestHandler.java:run(127)) - s4.serverHandler2 is interrupted by java.io.InterruptedIOException: 
2024-10-09 00:14:00,112 [s4@group-9FC63B188219->s1-LogAppenderDefault-LogAppenderDaemon] INFO  leader.LogAppenderDaemon (LogAppenderDaemon.java:run(85)) - s4@group-9FC63B188219->s1-LogAppenderDefault-LogAppenderDaemon was interrupted: java.lang.InterruptedException
2024-10-09 00:14:00,112 [s4-impl-thread1] INFO  impl.PendingRequests (PendingRequests.java:sendNotLeaderResponses(287)) - s4@group-9FC63B188219-PendingRequests: sendNotLeaderResponses
2024-10-09 00:14:00,113 [s4-impl-thread1] INFO  impl.StateMachineUpdater (StateMachineUpdater.java:stopAndJoin(164)) - s4@group-9FC63B188219-StateMachineUpdater: set stopIndex = 0
2024-10-09 00:14:00,113 [s4@group-9FC63B188219-StateMachineUpdater] INFO  impl.StateMachineUpdater (StateMachineUpdater.java:stop(141)) - s4@group-9FC63B188219-StateMachineUpdater: closing BaseStateMachine, lastApplied=(t:1, i:0)
2024-10-09 00:14:00,113 [s4@group-9FC63B188219-cacheEviction-AwaitToRun] INFO  util.AwaitToRun (AwaitToRun.java:run(49)) - s4@group-9FC63B188219-cacheEviction-AwaitToRun-AwaitForSignal is interrupted
2024-10-09 00:14:00,303 [s2@group-9FC63B188219-FollowerState] INFO  impl.FollowerState (FollowerState.java:runImpl(156)) - s2@group-9FC63B188219-FollowerState: change to CANDIDATE, lastRpcElapsedTime:221162940ns, electionTimeout:195ms
2024-10-09 00:14:00,303 [s2@group-9FC63B188219-FollowerState] INFO  impl.RoleInfo (RoleInfo.java:shutdownFollowerState(121)) - s2: shutdown s2@group-9FC63B188219-FollowerState
2024-10-09 00:14:00,303 [s2@group-9FC63B188219-FollowerState] INFO  server.RaftServer$Division (RaftServerImpl.java:setRole(379)) - s2@group-9FC63B188219: changes role from  FOLLOWER to CANDIDATE at term 1 for changeToCandidate
2024-10-09 00:14:00,304 [s2@group-9FC63B188219-FollowerState] INFO  server.RaftServerConfigKeys (ConfUtils.java:logGet(46)) - raft.server.leaderelection.pre-vote = true (default)
2024-10-09 00:14:00,304 [s2@group-9FC63B188219-FollowerState] INFO  impl.RoleInfo (RoleInfo.java:updateAndGet(148)) - s2: start s2@group-9FC63B188219-LeaderElection19
2024-10-09 00:14:00,304 [s2@group-9FC63B188219-LeaderElection19] INFO  server.RaftServer$Division (ServerState.java:setLeader(272)) - s2@group-9FC63B188219: change Leader from s4 to null at term 1 for PRE_VOTE
2024-10-09 00:14:00,304 [s2@group-9FC63B188219-LeaderElection19] INFO  impl.LeaderElection (LeaderElection.java:askForVotes(337)) - s2@group-9FC63B188219-LeaderElection19 PRE_VOTE round 0: submit vote requests at term 1 for conf: {index: 0, cur=peers:[s3|localhost:15172, s4|localhost:15176, s0|localhost:15160, s1|localhost:15164, s2|localhost:15168]|listeners:[], old=null}
2024-10-09 00:14:00,304 [HandlerDaemon-1] INFO  server.RaftServer$Division (RaftServerImpl.java:requestVote(1443)) - s3@group-9FC63B188219: receive requestVote(PRE_VOTE, s2, group-9FC63B188219, 1, (t:1, i:0))
2024-10-09 00:14:00,304 [HandlerDaemon-1] INFO  impl.VoteContext (VoteContext.java:log(49)) - s3@group-9FC63B188219-FOLLOWER: accept PRE_VOTE from s2: our priority 0 <= candidate's priority 0
2024-10-09 00:14:00,305 [HandlerDaemon-0] INFO  server.RaftServer$Division (RaftServerImpl.java:requestVote(1443)) - s0@group-9FC63B188219: receive requestVote(PRE_VOTE, s2, group-9FC63B188219, 1, (t:1, i:0))
2024-10-09 00:14:00,305 [HandlerDaemon-1] INFO  server.RaftServer$Division (RaftServerImpl.java:requestVote(1476)) - s3@group-9FC63B188219 replies to PRE_VOTE vote request: s2<-s3#0:OK-t1. Peer's state: s3@group-9FC63B188219:t1, leader=s4, voted=s4, raftlog=Memoized:s3@group-9FC63B188219-SegmentedRaftLog:OPENED:c0:last(t:1, i:0), conf=conf: {index: 0, cur=peers:[s3|localhost:15172, s4|localhost:15176, s0|localhost:15160, s1|localhost:15164, s2|localhost:15168]|listeners:[], old=null}
2024-10-09 00:14:00,305 [s2@group-9FC63B188219-LeaderElection19] INFO  impl.LeaderElection (LogUtils.java:infoOrTrace(136)) - s2@group-9FC63B188219-LeaderElection19 got exception when requesting votes: java.util.concurrent.ExecutionException: java.io.IOException: The peer s4 is not alive.
2024-10-09 00:14:00,305 [HandlerDaemon-1] INFO  server.RaftServer$Division (RaftServerImpl.java:requestVote(1443)) - s1@group-9FC63B188219: receive requestVote(PRE_VOTE, s2, group-9FC63B188219, 1, (t:1, i:0))
2024-10-09 00:14:00,305 [HandlerDaemon-1] INFO  impl.VoteContext (VoteContext.java:log(49)) - s1@group-9FC63B188219-FOLLOWER: accept PRE_VOTE from s2: our priority 0 <= candidate's priority 0
2024-10-09 00:14:00,305 [HandlerDaemon-1] INFO  server.RaftServer$Division (RaftServerImpl.java:requestVote(1476)) - s1@group-9FC63B188219 replies to PRE_VOTE vote request: s2<-s1#0:OK-t1. Peer's state: s1@group-9FC63B188219:t1, leader=s4, voted=s4, raftlog=Memoized:s1@group-9FC63B188219-SegmentedRaftLog:OPENED:c0:last(t:1, i:0), conf=conf: {index: 0, cur=peers:[s3|localhost:15172, s4|localhost:15176, s0|localhost:15160, s1|localhost:15164, s2|localhost:15168]|listeners:[], old=null}
2024-10-09 00:14:00,305 [s2@group-9FC63B188219-LeaderElection19] INFO  impl.LeaderElection (LeaderElection.java:logAndReturn(90)) - s2@group-9FC63B188219-LeaderElection19: PRE_VOTE PASSED received 2 response(s) and 1 exception(s):
2024-10-09 00:14:00,305 [s2@group-9FC63B188219-LeaderElection19] INFO  impl.LeaderElection (LeaderElection.java:logAndReturn(94)) -   Response 0: s2<-s3#0:OK-t1
2024-10-09 00:14:00,305 [s2@group-9FC63B188219-LeaderElection19] INFO  impl.LeaderElection (LeaderElection.java:logAndReturn(94)) -   Response 1: s2<-s1#0:OK-t1
2024-10-09 00:14:00,305 [s2@group-9FC63B188219-LeaderElection19] INFO  impl.LeaderElection (LogUtils.java:infoOrTrace(136)) -   Exception 2: java.util.concurrent.ExecutionException: java.io.IOException: The peer s4 is not alive.
2024-10-09 00:14:00,305 [s2@group-9FC63B188219-LeaderElection19] INFO  impl.LeaderElection (LeaderElection.java:askForVotes(339)) - s2@group-9FC63B188219-LeaderElection19 PRE_VOTE round 0: result PASSED
2024-10-09 00:14:00,305 [s2@group-9FC63B188219-LeaderElection19] TRACE util.FileUtils (LogUtils.java:supplyAndLog(69)) - Successfully supplied FileChannel.open /home/runner/work/ratis/ratis/ratis-test/target/test/data/6a98e00f/MiniRaftClusterWithSimulatedRpc5b0afdcd/s2/6be80beb-a1d6-45cd-9b84-9fc63b188219/current/raft-meta.tmp with options [CREATE, WRITE]: sun.nio.ch.FileChannelImpl@43953177
2024-10-09 00:14:00,307 [s2@group-9FC63B188219-LeaderElection19] TRACE util.FileUtils (LogUtils.java:runAndLog(49)) - Successfully ran Atomic Files.move /home/runner/work/ratis/ratis/ratis-test/target/test/data/6a98e00f/MiniRaftClusterWithSimulatedRpc5b0afdcd/s2/6be80beb-a1d6-45cd-9b84-9fc63b188219/current/raft-meta.tmp to /home/runner/work/ratis/ratis/ratis-test/target/test/data/6a98e00f/MiniRaftClusterWithSimulatedRpc5b0afdcd/s2/6be80beb-a1d6-45cd-9b84-9fc63b188219/current/raft-meta with options [REPLACE_EXISTING]
2024-10-09 00:14:00,307 [s2@group-9FC63B188219-LeaderElection19] INFO  impl.LeaderElection (LeaderElection.java:askForVotes(337)) - s2@group-9FC63B188219-LeaderElection19 ELECTION round 0: submit vote requests at term 2 for conf: {index: 0, cur=peers:[s3|localhost:15172, s4|localhost:15176, s0|localhost:15160, s1|localhost:15164, s2|localhost:15168]|listeners:[], old=null}
2024-10-09 00:14:00,307 [HandlerDaemon-2] INFO  server.RaftServer$Division (RaftServerImpl.java:requestVote(1443)) - s3@group-9FC63B188219: receive requestVote(ELECTION, s2, group-9FC63B188219, 2, (t:1, i:0))
2024-10-09 00:14:00,308 [HandlerDaemon-2] INFO  impl.VoteContext (VoteContext.java:log(49)) - s3@group-9FC63B188219-FOLLOWER: accept ELECTION from s2: our priority 0 <= candidate's priority 0
2024-10-09 00:14:00,308 [HandlerDaemon-2] INFO  server.RaftServer$Division (RaftServerImpl.java:setRole(379)) - s3@group-9FC63B188219: changes role from  FOLLOWER to FOLLOWER at term 1 for candidate:s2
2024-10-09 00:14:00,308 [HandlerDaemon-2] INFO  impl.RoleInfo (RoleInfo.java:shutdownFollowerState(121)) - s3: shutdown s3@group-9FC63B188219-FollowerState
2024-10-09 00:14:00,308 [HandlerDaemon-2] INFO  server.RaftServer$Division (ServerState.java:setLeader(272)) - s3@group-9FC63B188219: change Leader from s4 to null at term 2 for updateCurrentTerm
2024-10-09 00:14:00,308 [s3@group-9FC63B188219-FollowerState] INFO  impl.FollowerState (FollowerState.java:runImpl(165)) - s3@group-9FC63B188219-FollowerState was interrupted
2024-10-09 00:14:00,308 [HandlerDaemon-2] INFO  impl.RoleInfo (RoleInfo.java:updateAndGet(148)) - s3: start s3@group-9FC63B188219-FollowerState
2024-10-09 00:14:00,308 [s2@group-9FC63B188219-LeaderElection19] INFO  impl.LeaderElection (LogUtils.java:infoOrTrace(136)) - s2@group-9FC63B188219-LeaderElection19 got exception when requesting votes: java.util.concurrent.ExecutionException: java.io.IOException: The peer s4 is not alive.
2024-10-09 00:14:00,308 [HandlerDaemon-2] TRACE util.FileUtils (LogUtils.java:supplyAndLog(69)) - Successfully supplied FileChannel.open /home/runner/work/ratis/ratis/ratis-test/target/test/data/6a98e00f/MiniRaftClusterWithSimulatedRpc5b0afdcd/s3/6be80beb-a1d6-45cd-9b84-9fc63b188219/current/raft-meta.tmp with options [CREATE, WRITE]: sun.nio.ch.FileChannelImpl@798594e7
2024-10-09 00:14:00,308 [HandlerDaemon-2] INFO  server.RaftServer$Division (RaftServerImpl.java:requestVote(1443)) - s1@group-9FC63B188219: receive requestVote(ELECTION, s2, group-9FC63B188219, 2, (t:1, i:0))
2024-10-09 00:14:00,308 [HandlerDaemon-2] INFO  impl.VoteContext (VoteContext.java:log(49)) - s1@group-9FC63B188219-FOLLOWER: accept ELECTION from s2: our priority 0 <= candidate's priority 0
2024-10-09 00:14:00,308 [HandlerDaemon-2] INFO  server.RaftServer$Division (RaftServerImpl.java:setRole(379)) - s1@group-9FC63B188219: changes role from  FOLLOWER to FOLLOWER at term 1 for candidate:s2
2024-10-09 00:14:00,308 [HandlerDaemon-2] INFO  impl.RoleInfo (RoleInfo.java:shutdownFollowerState(121)) - s1: shutdown s1@group-9FC63B188219-FollowerState
2024-10-09 00:14:00,308 [HandlerDaemon-2] INFO  server.RaftServer$Division (ServerState.java:setLeader(272)) - s1@group-9FC63B188219: change Leader from s4 to null at term 2 for updateCurrentTerm
2024-10-09 00:14:00,308 [s1@group-9FC63B188219-FollowerState] INFO  impl.FollowerState (FollowerState.java:runImpl(165)) - s1@group-9FC63B188219-FollowerState was interrupted
2024-10-09 00:14:00,308 [HandlerDaemon-2] INFO  impl.RoleInfo (RoleInfo.java:updateAndGet(148)) - s1: start s1@group-9FC63B188219-FollowerState
2024-10-09 00:14:00,309 [HandlerDaemon-2] TRACE util.FileUtils (LogUtils.java:supplyAndLog(69)) - Successfully supplied FileChannel.open /home/runner/work/ratis/ratis/ratis-test/target/test/data/6a98e00f/MiniRaftClusterWithSimulatedRpc5b0afdcd/s1/6be80beb-a1d6-45cd-9b84-9fc63b188219/current/raft-meta.tmp with options [CREATE, WRITE]: sun.nio.ch.FileChannelImpl@3758fdc1
2024-10-09 00:14:00,309 [HandlerDaemon-2] TRACE util.FileUtils (LogUtils.java:runAndLog(49)) - Successfully ran Atomic Files.move /home/runner/work/ratis/ratis/ratis-test/target/test/data/6a98e00f/MiniRaftClusterWithSimulatedRpc5b0afdcd/s3/6be80beb-a1d6-45cd-9b84-9fc63b188219/current/raft-meta.tmp to /home/runner/work/ratis/ratis/ratis-test/target/test/data/6a98e00f/MiniRaftClusterWithSimulatedRpc5b0afdcd/s3/6be80beb-a1d6-45cd-9b84-9fc63b188219/current/raft-meta with options [REPLACE_EXISTING]
2024-10-09 00:14:00,309 [HandlerDaemon-2] INFO  server.RaftServer$Division (RaftServerImpl.java:requestVote(1476)) - s3@group-9FC63B188219 replies to ELECTION vote request: s2<-s3#0:OK-t2. Peer's state: s3@group-9FC63B188219:t2, leader=null, voted=s2, raftlog=Memoized:s3@group-9FC63B188219-SegmentedRaftLog:OPENED:c0:last(t:1, i:0), conf=conf: {index: 0, cur=peers:[s3|localhost:15172, s4|localhost:15176, s0|localhost:15160, s1|localhost:15164, s2|localhost:15168]|listeners:[], old=null}
2024-10-09 00:14:00,310 [HandlerDaemon-2] TRACE util.FileUtils (LogUtils.java:runAndLog(49)) - Successfully ran Atomic Files.move /home/runner/work/ratis/ratis/ratis-test/target/test/data/6a98e00f/MiniRaftClusterWithSimulatedRpc5b0afdcd/s1/6be80beb-a1d6-45cd-9b84-9fc63b188219/current/raft-meta.tmp to /home/runner/work/ratis/ratis/ratis-test/target/test/data/6a98e00f/MiniRaftClusterWithSimulatedRpc5b0afdcd/s1/6be80beb-a1d6-45cd-9b84-9fc63b188219/current/raft-meta with options [REPLACE_EXISTING]
2024-10-09 00:14:00,310 [HandlerDaemon-2] INFO  server.RaftServer$Division (RaftServerImpl.java:requestVote(1476)) - s1@group-9FC63B188219 replies to ELECTION vote request: s2<-s1#0:OK-t2. Peer's state: s1@group-9FC63B188219:t2, leader=null, voted=s2, raftlog=Memoized:s1@group-9FC63B188219-SegmentedRaftLog:OPENED:c0:last(t:1, i:0), conf=conf: {index: 0, cur=peers:[s3|localhost:15172, s4|localhost:15176, s0|localhost:15160, s1|localhost:15164, s2|localhost:15168]|listeners:[], old=null}
2024-10-09 00:14:00,310 [s2@group-9FC63B188219-LeaderElection19] INFO  impl.LeaderElection (LeaderElection.java:logAndReturn(90)) - s2@group-9FC63B188219-LeaderElection19: ELECTION PASSED received 2 response(s) and 1 exception(s):
2024-10-09 00:14:00,310 [s2@group-9FC63B188219-LeaderElection19] INFO  impl.LeaderElection (LeaderElection.java:logAndReturn(94)) -   Response 0: s2<-s3#0:OK-t2
2024-10-09 00:14:00,311 [s2@group-9FC63B188219-LeaderElection19] INFO  impl.LeaderElection (LeaderElection.java:logAndReturn(94)) -   Response 1: s2<-s1#0:OK-t2
2024-10-09 00:14:00,311 [s2@group-9FC63B188219-LeaderElection19] INFO  impl.LeaderElection (LogUtils.java:infoOrTrace(136)) -   Exception 2: java.util.concurrent.ExecutionException: java.io.IOException: The peer s4 is not alive.
2024-10-09 00:14:00,311 [s2@group-9FC63B188219-LeaderElection19] INFO  impl.LeaderElection (LeaderElection.java:askForVotes(339)) - s2@group-9FC63B188219-LeaderElection19 ELECTION round 0: result PASSED
2024-10-09 00:14:00,311 [s2@group-9FC63B188219-LeaderElection19] INFO  impl.RoleInfo (RoleInfo.java:shutdownLeaderElection(141)) - s2: shutdown s2@group-9FC63B188219-LeaderElection19
2024-10-09 00:14:00,311 [s2@group-9FC63B188219-LeaderElection19] INFO  server.RaftServer$Division (RaftServerImpl.java:setRole(379)) - s2@group-9FC63B188219: changes role from CANDIDATE to LEADER at term 2 for changeToLeader
2024-10-09 00:14:00,311 [s2@group-9FC63B188219-LeaderElection19] INFO  server.RaftServerConfigKeys (ConfUtils.java:logGet(46)) - raft.server.staging.catchup.gap = 1000 (default)
2024-10-09 00:14:00,311 [s2@group-9FC63B188219-LeaderElection19] INFO  server.RaftServerConfigKeys (ConfUtils.java:logGet(46)) - raft.server.write.element-limit = 4096 (default)
2024-10-09 00:14:00,311 [s2@group-9FC63B188219-LeaderElection19] INFO  server.RaftServerConfigKeys (ConfUtils.java:logGet(46)) - raft.server.write.byte-limit = 64MB (=67108864) (default)
2024-10-09 00:14:00,311 [s2@group-9FC63B188219-LeaderElection19] INFO  server.RaftServerConfigKeys (ConfUtils.java:logGet(46)) - raft.server.watch.timeout = 10s (default)
2024-10-09 00:14:00,311 [s2@group-9FC63B188219-LeaderElection19] INFO  server.RaftServerConfigKeys (ConfUtils.java:logGet(46)) - raft.server.watch.timeout.denomination = 1s (default)
2024-10-09 00:14:00,311 [s2@group-9FC63B188219-LeaderElection19] INFO  server.RaftServerConfigKeys (ConfUtils.java:logGet(46)) - raft.server.watch.element-limit = 65536 (default)
2024-10-09 00:14:00,311 [s2@group-9FC63B188219-LeaderElection19] INFO  server.RaftServerConfigKeys (ConfUtils.java:logGet(46)) - raft.server.read.leader.lease.enabled = false (default)
2024-10-09 00:14:00,311 [s2@group-9FC63B188219-LeaderElection19] INFO  server.RaftServerConfigKeys (ConfUtils.java:logGet(46)) - raft.server.read.leader.lease.timeout.ratio = 0.9 (default)
2024-10-09 00:14:00,311 [s2@group-9FC63B188219-LeaderElection19] INFO  server.RaftServerConfigKeys (ConfUtils.java:logGet(46)) - raft.server.rpc.timeout.min = 150ms (default)
2024-10-09 00:14:00,311 [s2@group-9FC63B188219-LeaderElection19] INFO  server.RaftServerConfigKeys (ConfUtils.java:logGet(46)) - raft.server.log.log-metadata.enabled = true (default)
2024-10-09 00:14:00,311 [s2@group-9FC63B188219-LeaderElection19] INFO  server.RaftServerConfigKeys (ConfUtils.java:logGet(46)) - raft.server.write.element-limit = 4096 (default)
2024-10-09 00:14:00,311 [s2@group-9FC63B188219-LeaderElection19] INFO  server.RaftServerConfigKeys (ConfUtils.java:logGet(46)) - raft.server.write.follower.gap.ratio.max = -1.0 (default)
2024-10-09 00:14:00,312 [s2@group-9FC63B188219-LeaderElection19] INFO  server.RaftServerConfigKeys (ConfUtils.java:logGet(46)) - raft.server.log.appender.snapshot.chunk.size.max = 16MB (=16777216) (default)
2024-10-09 00:14:00,312 [s2@group-9FC63B188219-LeaderElection19] INFO  server.RaftServerConfigKeys (ConfUtils.java:logGet(46)) - raft.server.log.appender.buffer.byte-limit = 4MB (=4194304) (default)
2024-10-09 00:14:00,312 [s2@group-9FC63B188219-LeaderElection19] INFO  server.RaftServerConfigKeys (ConfUtils.java:logGet(46)) - raft.server.log.appender.buffer.element-limit = 0 (default)
2024-10-09 00:14:00,312 [s2@group-9FC63B188219-LeaderElection19] INFO  server.RaftServerConfigKeys (ConfUtils.java:logGet(46)) - raft.server.log.appender.wait-time.min = 1ms (default)
2024-10-09 00:14:00,312 [s2@group-9FC63B188219-LeaderElection19] INFO  server.RaftServerConfigKeys (ConfUtils.java:logGet(46)) - raft.server.log.appender.snapshot.chunk.size.max = 16MB (=16777216) (default)
2024-10-09 00:14:00,312 [s2@group-9FC63B188219-LeaderElection19] INFO  server.RaftServerConfigKeys (ConfUtils.java:logGet(46)) - raft.server.log.appender.buffer.byte-limit = 4MB (=4194304) (default)
2024-10-09 00:14:00,312 [s2@group-9FC63B188219-LeaderElection19] INFO  server.RaftServerConfigKeys (ConfUtils.java:logGet(46)) - raft.server.log.appender.buffer.element-limit = 0 (default)
2024-10-09 00:14:00,312 [s2@group-9FC63B188219-LeaderElection19] INFO  server.RaftServerConfigKeys (ConfUtils.java:logGet(46)) - raft.server.log.appender.wait-time.min = 1ms (default)
2024-10-09 00:14:00,312 [s2@group-9FC63B188219-LeaderElection19] INFO  server.RaftServerConfigKeys (ConfUtils.java:logGet(46)) - raft.server.log.appender.snapshot.chunk.size.max = 16MB (=16777216) (default)
2024-10-09 00:14:00,312 [s2@group-9FC63B188219-LeaderElection19] INFO  server.RaftServerConfigKeys (ConfUtils.java:logGet(46)) - raft.server.log.appender.buffer.byte-limit = 4MB (=4194304) (default)
2024-10-09 00:14:00,312 [s2@group-9FC63B188219-LeaderElection19] INFO  server.RaftServerConfigKeys (ConfUtils.java:logGet(46)) - raft.server.log.appender.buffer.element-limit = 0 (default)
2024-10-09 00:14:00,312 [s2@group-9FC63B188219-LeaderElection19] INFO  server.RaftServerConfigKeys (ConfUtils.java:logGet(46)) - raft.server.log.appender.wait-time.min = 1ms (default)
2024-10-09 00:14:00,313 [s2@group-9FC63B188219-LeaderElection19] INFO  server.RaftServerConfigKeys (ConfUtils.java:logGet(46)) - raft.server.log.appender.snapshot.chunk.size.max = 16MB (=16777216) (default)
2024-10-09 00:14:00,313 [s2@group-9FC63B188219-LeaderElection19] INFO  server.RaftServerConfigKeys (ConfUtils.java:logGet(46)) - raft.server.log.appender.buffer.byte-limit = 4MB (=4194304) (default)
2024-10-09 00:14:00,313 [s2@group-9FC63B188219-LeaderElection19] INFO  server.RaftServerConfigKeys (ConfUtils.java:logGet(46)) - raft.server.log.appender.buffer.element-limit = 0 (default)
2024-10-09 00:14:00,313 [s2@group-9FC63B188219-LeaderElection19] INFO  server.RaftServerConfigKeys (ConfUtils.java:logGet(46)) - raft.server.log.appender.wait-time.min = 1ms (default)
2024-10-09 00:14:00,313 [s2@group-9FC63B188219-LeaderElection19] INFO  impl.RoleInfo (RoleInfo.java:updateAndGet(148)) - s2: start s2@group-9FC63B188219-LeaderStateImpl
2024-10-09 00:14:00,313 [s2@group-9FC63B188219-LeaderElection19] INFO  server.RaftServer$Division (ServerState.java:setLeader(272)) - s2@group-9FC63B188219: change Leader from null to s2 at term 2 for becomeLeader, leader elected after 8ms
2024-10-09 00:14:00,313 [s2@group-9FC63B188219-LeaderElection19] INFO  segmented.SegmentedRaftLogWorker (SegmentedRaftLogWorker.java:rollLogSegment(443)) - s2@group-9FC63B188219-SegmentedRaftLogWorker: Rolling segment log-0_0 to index:0
2024-10-09 00:14:00,314 [s2@group-9FC63B188219-SegmentedRaftLogWorker] TRACE util.FileUtils (LogUtils.java:runAndLog(49)) - Successfully ran Atomic Files.move /home/runner/work/ratis/ratis/ratis-test/target/test/data/6a98e00f/MiniRaftClusterWithSimulatedRpc5b0afdcd/s2/6be80beb-a1d6-45cd-9b84-9fc63b188219/current/log_inprogress_0 to /home/runner/work/ratis/ratis/ratis-test/target/test/data/6a98e00f/MiniRaftClusterWithSimulatedRpc5b0afdcd/s2/6be80beb-a1d6-45cd-9b84-9fc63b188219/current/log_0-0
2024-10-09 00:14:00,314 [s2@group-9FC63B188219-SegmentedRaftLogWorker] INFO  segmented.SegmentedRaftLogWorker (SegmentedRaftLogWorker.java:execute(617)) - s2@group-9FC63B188219-SegmentedRaftLogWorker: Rolled log segment from /home/runner/work/ratis/ratis/ratis-test/target/test/data/6a98e00f/MiniRaftClusterWithSimulatedRpc5b0afdcd/s2/6be80beb-a1d6-45cd-9b84-9fc63b188219/current/log_inprogress_0 to /home/runner/work/ratis/ratis/ratis-test/target/test/data/6a98e00f/MiniRaftClusterWithSimulatedRpc5b0afdcd/s2/6be80beb-a1d6-45cd-9b84-9fc63b188219/current/log_0-0
2024-10-09 00:14:00,315 [s2@group-9FC63B188219-LeaderElection19] INFO  server.RaftServer$Division (ServerState.java:setRaftConf(386)) - s2@group-9FC63B188219: set configuration conf: {index: 1, cur=peers:[s3|localhost:15172, s4|localhost:15176, s0|localhost:15160, s1|localhost:15164, s2|localhost:15168]|listeners:[], old=null}
2024-10-09 00:14:00,315 [s2@group-9FC63B188219-SegmentedRaftLogWorker] INFO  segmented.BufferedWriteChannel (BufferedWriteChannel.java:open(61)) - open log_inprogress_1 at position 0
2024-10-09 00:14:00,315 [s2@group-9FC63B188219->s4-LogAppenderDefault-LogAppenderDaemon] WARN  leader.LogAppender (LogAppenderDefault.java:sendAppendEntriesWithRetries(94)) - s2@group-9FC63B188219->s4-LogAppenderDefault: Failed to appendEntries (retry=1)
java.io.IOException: The peer s4 is not alive.
	at org.apache.ratis.server.simulation.SimulatedRequestReply.sendRequest(SimulatedRequestReply.java:117)
	at org.apache.ratis.server.simulation.SimulatedServerRpc.appendEntries(SimulatedServerRpc.java:115)
	at org.apache.ratis.server.leader.LogAppenderDefault.sendAppendEntries(LogAppenderDefault.java:109)
	at org.apache.ratis.server.leader.LogAppenderDefault.sendAppendEntriesWithRetries(LogAppenderDefault.java:84)
	at org.apache.ratis.server.leader.LogAppenderDefault.run(LogAppenderDefault.java:173)
	at org.apache.ratis.server.leader.LogAppenderDaemon.run(LogAppenderDaemon.java:80)
	at java.lang.Thread.run(Thread.java:750)
2024-10-09 00:14:00,315 [HandlerDaemon-0] INFO  server.RaftServer$Division (ServerState.java:setLeader(272)) - s1@group-9FC63B188219: change Leader from null to s2 at term 2 for appendEntries, leader elected after 7ms
2024-10-09 00:14:00,320 [HandlerDaemon-0] INFO  server.RaftServer$Division (ServerState.java:setLeader(272)) - s3@group-9FC63B188219: change Leader from null to s2 at term 2 for appendEntries, leader elected after 11ms
2024-10-09 00:14:00,321 [HandlerDaemon-1] DEBUG server.RaftServer$Division (RaftServerImpl.java:logAppendEntries(1545)) - s1@group-9FC63B188219: appendEntries* s2->s1#923-t2,previous=(t:1, i:0),leaderCommit=0,initializing? false,entries: size=1, first=(t:2, i:1), CONFIGURATIONENTRY(current:id:"s3"address:"localhost:15172"dataStreamAddress:"localhost:15175"clientAddress:"localhost:15174"adminAddress:"localhost:15173"startupRole:FOLLOWER, id:"s4"address:"localhost:15176"dataStreamAddress:"localhost:15179"clientAddress:"localhost:15178"adminAddress:"localhost:15177"startupRole:FOLLOWER, id:"s0"address:"localhost:15160"dataStreamAddress:"localhost:15163"clientAddress:"localhost:15162"adminAddress:"localhost:15161"startupRole:FOLLOWER, id:"s1"address:"localhost:15164"dataStreamAddress:"localhost:15167"clientAddress:"localhost:15166"adminAddress:"localhost:15165"startupRole:FOLLOWER, id:"s2"address:"localhost:15168"dataStreamAddress:"localhost:15171"clientAddress:"localhost:15170"adminAddress:"localhost:15169"startupRole:FOLLOWER, old:)
2024-10-09 00:14:00,321 [HandlerDaemon-1] INFO  server.RaftServer$Division (ServerState.java:setRaftConf(386)) - s1@group-9FC63B188219: set configuration conf: {index: 1, cur=peers:[s3|localhost:15172, s4|localhost:15176, s0|localhost:15160, s1|localhost:15164, s2|localhost:15168]|listeners:[], old=null}
2024-10-09 00:14:00,321 [HandlerDaemon-1] INFO  segmented.SegmentedRaftLogWorker (SegmentedRaftLogWorker.java:rollLogSegment(443)) - s1@group-9FC63B188219-SegmentedRaftLogWorker: Rolling segment log-0_0 to index:0
2024-10-09 00:14:00,322 [HandlerDaemon-1] DEBUG server.RaftServer$Division (RaftServerImpl.java:logAppendEntries(1545)) - s3@group-9FC63B188219: appendEntries* s2->s3#924-t2,previous=(t:1, i:0),leaderCommit=0,initializing? false,entries: size=1, first=(t:2, i:1), CONFIGURATIONENTRY(current:id:"s3"address:"localhost:15172"dataStreamAddress:"localhost:15175"clientAddress:"localhost:15174"adminAddress:"localhost:15173"startupRole:FOLLOWER, id:"s4"address:"localhost:15176"dataStreamAddress:"localhost:15179"clientAddress:"localhost:15178"adminAddress:"localhost:15177"startupRole:FOLLOWER, id:"s0"address:"localhost:15160"dataStreamAddress:"localhost:15163"clientAddress:"localhost:15162"adminAddress:"localhost:15161"startupRole:FOLLOWER, id:"s1"address:"localhost:15164"dataStreamAddress:"localhost:15167"clientAddress:"localhost:15166"adminAddress:"localhost:15165"startupRole:FOLLOWER, id:"s2"address:"localhost:15168"dataStreamAddress:"localhost:15171"clientAddress:"localhost:15170"adminAddress:"localhost:15169"startupRole:FOLLOWER, old:)
2024-10-09 00:14:00,322 [s1@group-9FC63B188219-SegmentedRaftLogWorker] TRACE util.FileUtils (LogUtils.java:runAndLog(49)) - Successfully ran Atomic Files.move /home/runner/work/ratis/ratis/ratis-test/target/test/data/6a98e00f/MiniRaftClusterWithSimulatedRpc5b0afdcd/s1/6be80beb-a1d6-45cd-9b84-9fc63b188219/current/log_inprogress_0 to /home/runner/work/ratis/ratis/ratis-test/target/test/data/6a98e00f/MiniRaftClusterWithSimulatedRpc5b0afdcd/s1/6be80beb-a1d6-45cd-9b84-9fc63b188219/current/log_0-0
2024-10-09 00:14:00,322 [s1@group-9FC63B188219-SegmentedRaftLogWorker] INFO  segmented.SegmentedRaftLogWorker (SegmentedRaftLogWorker.java:execute(617)) - s1@group-9FC63B188219-SegmentedRaftLogWorker: Rolled log segment from /home/runner/work/ratis/ratis/ratis-test/target/test/data/6a98e00f/MiniRaftClusterWithSimulatedRpc5b0afdcd/s1/6be80beb-a1d6-45cd-9b84-9fc63b188219/current/log_inprogress_0 to /home/runner/work/ratis/ratis/ratis-test/target/test/data/6a98e00f/MiniRaftClusterWithSimulatedRpc5b0afdcd/s1/6be80beb-a1d6-45cd-9b84-9fc63b188219/current/log_0-0
2024-10-09 00:14:00,322 [HandlerDaemon-1] INFO  server.RaftServer$Division (ServerState.java:setRaftConf(386)) - s3@group-9FC63B188219: set configuration conf: {index: 1, cur=peers:[s3|localhost:15172, s4|localhost:15176, s0|localhost:15160, s1|localhost:15164, s2|localhost:15168]|listeners:[], old=null}
2024-10-09 00:14:00,323 [HandlerDaemon-1] INFO  segmented.SegmentedRaftLogWorker (SegmentedRaftLogWorker.java:rollLogSegment(443)) - s3@group-9FC63B188219-SegmentedRaftLogWorker: Rolling segment log-0_0 to index:0
2024-10-09 00:14:00,323 [s1@group-9FC63B188219-SegmentedRaftLogWorker] INFO  segmented.BufferedWriteChannel (BufferedWriteChannel.java:open(61)) - open log_inprogress_1 at position 0
2024-10-09 00:14:00,325 [s3@group-9FC63B188219-SegmentedRaftLogWorker] TRACE util.FileUtils (LogUtils.java:runAndLog(49)) - Successfully ran Atomic Files.move /home/runner/work/ratis/ratis/ratis-test/target/test/data/6a98e00f/MiniRaftClusterWithSimulatedRpc5b0afdcd/s3/6be80beb-a1d6-45cd-9b84-9fc63b188219/current/log_inprogress_0 to /home/runner/work/ratis/ratis/ratis-test/target/test/data/6a98e00f/MiniRaftClusterWithSimulatedRpc5b0afdcd/s3/6be80beb-a1d6-45cd-9b84-9fc63b188219/current/log_0-0
2024-10-09 00:14:00,325 [s3@group-9FC63B188219-SegmentedRaftLogWorker] INFO  segmented.SegmentedRaftLogWorker (SegmentedRaftLogWorker.java:execute(617)) - s3@group-9FC63B188219-SegmentedRaftLogWorker: Rolled log segment from /home/runner/work/ratis/ratis/ratis-test/target/test/data/6a98e00f/MiniRaftClusterWithSimulatedRpc5b0afdcd/s3/6be80beb-a1d6-45cd-9b84-9fc63b188219/current/log_inprogress_0 to /home/runner/work/ratis/ratis/ratis-test/target/test/data/6a98e00f/MiniRaftClusterWithSimulatedRpc5b0afdcd/s3/6be80beb-a1d6-45cd-9b84-9fc63b188219/current/log_0-0
2024-10-09 00:14:00,325 [s3@group-9FC63B188219-SegmentedRaftLogWorker] INFO  segmented.BufferedWriteChannel (BufferedWriteChannel.java:open(61)) - open log_inprogress_1 at position 0
2024-10-09 00:14:00,328 [s2@group-9FC63B188219-SegmentedRaftLogWorker] INFO  segmented.SegmentedRaftLogWorker (SegmentedRaftLogWorker.java:execute(660)) - s2@group-9FC63B188219-SegmentedRaftLogWorker: created new log segment /home/runner/work/ratis/ratis/ratis-test/target/test/data/6a98e00f/MiniRaftClusterWithSimulatedRpc5b0afdcd/s2/6be80beb-a1d6-45cd-9b84-9fc63b188219/current/log_inprogress_1
2024-10-09 00:14:00,336 [s1@group-9FC63B188219-SegmentedRaftLogWorker] INFO  segmented.SegmentedRaftLogWorker (SegmentedRaftLogWorker.java:execute(660)) - s1@group-9FC63B188219-SegmentedRaftLogWorker: created new log segment /home/runner/work/ratis/ratis/ratis-test/target/test/data/6a98e00f/MiniRaftClusterWithSimulatedRpc5b0afdcd/s1/6be80beb-a1d6-45cd-9b84-9fc63b188219/current/log_inprogress_1
2024-10-09 00:14:00,337 [s1-server-thread1] DEBUG server.RaftServer$Division (RaftServerImpl.java:logAppendEntries(1545)) - s1@group-9FC63B188219: appendEntries* reply s2<-s1#923:OK-t2,SUCCESS,nextIndex=2,followerCommit=0,matchIndex=1
2024-10-09 00:14:00,337 [s3@group-9FC63B188219-SegmentedRaftLogWorker] INFO  segmented.SegmentedRaftLogWorker (SegmentedRaftLogWorker.java:execute(660)) - s3@group-9FC63B188219-SegmentedRaftLogWorker: created new log segment /home/runner/work/ratis/ratis/ratis-test/target/test/data/6a98e00f/MiniRaftClusterWithSimulatedRpc5b0afdcd/s3/6be80beb-a1d6-45cd-9b84-9fc63b188219/current/log_inprogress_1
2024-10-09 00:14:00,338 [s3-server-thread1] DEBUG server.RaftServer$Division (RaftServerImpl.java:logAppendEntries(1545)) - s3@group-9FC63B188219: appendEntries* reply s2<-s3#924:OK-t2,SUCCESS,nextIndex=2,followerCommit=0,matchIndex=1
2024-10-09 00:14:00,338 [s2@group-9FC63B188219-StateMachineUpdater] TRACE util.FileUtils (LogUtils.java:supplyAndLog(69)) - Successfully supplied FileChannel.open /home/runner/work/ratis/ratis/ratis-test/target/test/data/6a98e00f/MiniRaftClusterWithSimulatedRpc5b0afdcd/s2/6be80beb-a1d6-45cd-9b84-9fc63b188219/current/raft-meta.conf.tmp with options [CREATE, WRITE]: sun.nio.ch.FileChannelImpl@3f22f24b
2024-10-09 00:14:00,338 [HandlerDaemon-2] DEBUG server.RaftServer$Division (RaftServerImpl.java:logAppendEntries(1545)) - s3@group-9FC63B188219: appendEntries* s2->s3#925-t2,previous=(t:2, i:1),leaderCommit=1,initializing? false,entries: size=1, first=(t:2, i:2), METADATAENTRY(c:1)
2024-10-09 00:14:00,340 [HandlerDaemon-2] DEBUG server.RaftServer$Division (RaftServerImpl.java:logAppendEntries(1545)) - s1@group-9FC63B188219: appendEntries* s2->s1#926-t2,previous=(t:2, i:1),leaderCommit=1,initializing? false,entries: size=1, first=(t:2, i:2), METADATAENTRY(c:1)
2024-10-09 00:14:00,341 [s3-server-thread1] DEBUG server.RaftServer$Division (RaftServerImpl.java:logAppendEntries(1545)) - s3@group-9FC63B188219: appendEntries* reply s2<-s3#925:OK-t2,SUCCESS,nextIndex=3,followerCommit=1,matchIndex=2
2024-10-09 00:14:00,341 [s1@group-9FC63B188219-StateMachineUpdater] TRACE util.FileUtils (LogUtils.java:supplyAndLog(69)) - Successfully supplied FileChannel.open /home/runner/work/ratis/ratis/ratis-test/target/test/data/6a98e00f/MiniRaftClusterWithSimulatedRpc5b0afdcd/s1/6be80beb-a1d6-45cd-9b84-9fc63b188219/current/raft-meta.conf.tmp with options [CREATE, WRITE]: sun.nio.ch.FileChannelImpl@6ac45b98
2024-10-09 00:14:00,341 [s2@group-9FC63B188219-StateMachineUpdater] TRACE util.FileUtils (LogUtils.java:runAndLog(49)) - Successfully ran Atomic Files.move /home/runner/work/ratis/ratis/ratis-test/target/test/data/6a98e00f/MiniRaftClusterWithSimulatedRpc5b0afdcd/s2/6be80beb-a1d6-45cd-9b84-9fc63b188219/current/raft-meta.conf.tmp to /home/runner/work/ratis/ratis/ratis-test/target/test/data/6a98e00f/MiniRaftClusterWithSimulatedRpc5b0afdcd/s2/6be80beb-a1d6-45cd-9b84-9fc63b188219/current/raft-meta.conf with options [REPLACE_EXISTING]
2024-10-09 00:14:00,341 [s2@group-9FC63B188219-StateMachineUpdater] INFO  server.RaftServer$Division (LeaderStateImpl.java:checkStartIndex(314)) - Leader s2@group-9FC63B188219-LeaderStateImpl is ready since appliedIndex == startIndex == 1
2024-10-09 00:14:00,341 [s1-server-thread1] DEBUG server.RaftServer$Division (RaftServerImpl.java:logAppendEntries(1545)) - s1@group-9FC63B188219: appendEntries* reply s2<-s1#926:OK-t2,SUCCESS,nextIndex=3,followerCommit=1,matchIndex=2
2024-10-09 00:14:00,341 [s3@group-9FC63B188219-StateMachineUpdater] TRACE util.FileUtils (LogUtils.java:supplyAndLog(69)) - Successfully supplied FileChannel.open /home/runner/work/ratis/ratis/ratis-test/target/test/data/6a98e00f/MiniRaftClusterWithSimulatedRpc5b0afdcd/s3/6be80beb-a1d6-45cd-9b84-9fc63b188219/current/raft-meta.conf.tmp with options [CREATE, WRITE]: sun.nio.ch.FileChannelImpl@5816a55f
2024-10-09 00:14:00,343 [s1@group-9FC63B188219-StateMachineUpdater] TRACE util.FileUtils (LogUtils.java:runAndLog(49)) - Successfully ran Atomic Files.move /home/runner/work/ratis/ratis/ratis-test/target/test/data/6a98e00f/MiniRaftClusterWithSimulatedRpc5b0afdcd/s1/6be80beb-a1d6-45cd-9b84-9fc63b188219/current/raft-meta.conf.tmp to /home/runner/work/ratis/ratis/ratis-test/target/test/data/6a98e00f/MiniRaftClusterWithSimulatedRpc5b0afdcd/s1/6be80beb-a1d6-45cd-9b84-9fc63b188219/current/raft-meta.conf with options [REPLACE_EXISTING]
2024-10-09 00:14:00,344 [s3@group-9FC63B188219-StateMachineUpdater] TRACE util.FileUtils (LogUtils.java:runAndLog(49)) - Successfully ran Atomic Files.move /home/runner/work/ratis/ratis/ratis-test/target/test/data/6a98e00f/MiniRaftClusterWithSimulatedRpc5b0afdcd/s3/6be80beb-a1d6-45cd-9b84-9fc63b188219/current/raft-meta.conf.tmp to /home/runner/work/ratis/ratis/ratis-test/target/test/data/6a98e00f/MiniRaftClusterWithSimulatedRpc5b0afdcd/s3/6be80beb-a1d6-45cd-9b84-9fc63b188219/current/raft-meta.conf with options [REPLACE_EXISTING]
2024-10-09 00:14:00,566 [s2@group-9FC63B188219->s4-LogAppenderDefault-LogAppenderDaemon] WARN  leader.LogAppender (LogAppenderDefault.java:sendAppendEntriesWithRetries(94)) - s2@group-9FC63B188219->s4-LogAppenderDefault: Failed to appendEntries (retry=11)
java.io.IOException: The peer s4 is not alive.
	at org.apache.ratis.server.simulation.SimulatedRequestReply.sendRequest(SimulatedRequestReply.java:117)
	at org.apache.ratis.server.simulation.SimulatedServerRpc.appendEntries(SimulatedServerRpc.java:115)
	at org.apache.ratis.server.leader.LogAppenderDefault.sendAppendEntries(LogAppenderDefault.java:109)
	at org.apache.ratis.server.leader.LogAppenderDefault.sendAppendEntriesWithRetries(LogAppenderDefault.java:84)
	at org.apache.ratis.server.leader.LogAppenderDefault.run(LogAppenderDefault.java:173)
	at org.apache.ratis.server.leader.LogAppenderDaemon.run(LogAppenderDaemon.java:80)
	at java.lang.Thread.run(Thread.java:750)
2024-10-09 00:14:00,818 [s2@group-9FC63B188219->s4-LogAppenderDefault-LogAppenderDaemon] WARN  leader.LogAppender (LogAppenderDefault.java:sendAppendEntriesWithRetries(94)) - s2@group-9FC63B188219->s4-LogAppenderDefault: Failed to appendEntries (retry=21)
java.io.IOException: The peer s4 is not alive.
	at org.apache.ratis.server.simulation.SimulatedRequestReply.sendRequest(SimulatedRequestReply.java:117)
	at org.apache.ratis.server.simulation.SimulatedServerRpc.appendEntries(SimulatedServerRpc.java:115)
	at org.apache.ratis.server.leader.LogAppenderDefault.sendAppendEntries(LogAppenderDefault.java:109)
	at org.apache.ratis.server.leader.LogAppenderDefault.sendAppendEntriesWithRetries(LogAppenderDefault.java:84)
	at org.apache.ratis.server.leader.LogAppenderDefault.run(LogAppenderDefault.java:173)
	at org.apache.ratis.server.leader.LogAppenderDaemon.run(LogAppenderDaemon.java:80)
	at java.lang.Thread.run(Thread.java:750)
2024-10-09 00:14:00,841 [s4-impl-thread1] INFO  segmented.SegmentedRaftLogWorker (SegmentedRaftLogWorker.java:close(251)) - s4@group-9FC63B188219-SegmentedRaftLogWorker close()
2024-10-09 00:14:00,842 [JvmPauseMonitor41] INFO  util.JvmPauseMonitor (JvmPauseMonitor.java:run(152)) - JvmPauseMonitor-s4: Stopped
2024-10-09 00:14:00,842 [main] INFO  server.RaftServerConfigKeys (ConfUtils.java:logGet(46)) - raft.server.rpc.timeout.max = 300ms (default)
2024-10-09 00:14:00,842 [main] INFO  ratis.RaftTestUtil (RaftTestUtil.java:waitForLeader(107)) - printing ALL groups
  s3:  RUNNING  FOLLOWER s3@group-9FC63B188219:t2, leader=s2, voted=s2, raftlog=Memoized:s3@group-9FC63B188219-SegmentedRaftLog:OPENED:c2:last(t:2, i:2), conf=conf: {index: 1, cur=peers:[s3|localhost:15172, s4|localhost:15176, s0|localhost:15160, s1|localhost:15164, s2|localhost:15168]|listeners:[], old=null} RUNNING
  s4:   CLOSED    LEADER s4@group-9FC63B188219:t1, leader=s4, voted=s4, raftlog=Memoized:s4@group-9FC63B188219-SegmentedRaftLog:CLOSED:c0, conf=conf: {index: 0, cur=peers:[s3|localhost:15172, s4|localhost:15176, s0|localhost:15160, s1|localhost:15164, s2|localhost:15168]|listeners:[], old=null} CLOSED
  s0:  RUNNING  FOLLOWER s0@group-9FC63B188219:t1, leader=null, voted=null, raftlog=Memoized:s0@group-9FC63B188219-SegmentedRaftLog:OPENED:c-1:lastnull, conf=conf: {index: -1, cur=peers:[s3|localhost:15172, s4|localhost:15176, s0|localhost:15160, s1|localhost:15164, s2|localhost:15168]|listeners:[], old=null} RUNNING
  s1:  RUNNING  FOLLOWER s1@group-9FC63B188219:t2, leader=s2, voted=s2, raftlog=Memoized:s1@group-9FC63B188219-SegmentedRaftLog:OPENED:c2:last(t:2, i:2), conf=conf: {index: 1, cur=peers:[s3|localhost:15172, s4|localhost:15176, s0|localhost:15160, s1|localhost:15164, s2|localhost:15168]|listeners:[], old=null} RUNNING
  s2:  RUNNING    LEADER s2@group-9FC63B188219:t2, leader=s2, voted=s2, raftlog=Memoized:s2@group-9FC63B188219-SegmentedRaftLog:OPENED:c2:last(t:2, i:2), conf=conf: {index: 1, cur=peers:[s3|localhost:15172, s4|localhost:15176, s0|localhost:15160, s1|localhost:15164, s2|localhost:15168]|listeners:[], old=null} RUNNING
2024-10-09 00:14:00,842 [main] INFO  ratis.RaftTestUtil (RaftTestUtil.java:waitForLeader(131)) - printing ALL groups
  s3:  RUNNING  FOLLOWER s3@group-9FC63B188219:t2, leader=s2, voted=s2, raftlog=Memoized:s3@group-9FC63B188219-SegmentedRaftLog:OPENED:c2:last(t:2, i:2), conf=conf: {index: 1, cur=peers:[s3|localhost:15172, s4|localhost:15176, s0|localhost:15160, s1|localhost:15164, s2|localhost:15168]|listeners:[], old=null} RUNNING
  s4:   CLOSED    LEADER s4@group-9FC63B188219:t1, leader=s4, voted=s4, raftlog=Memoized:s4@group-9FC63B188219-SegmentedRaftLog:CLOSED:c0, conf=conf: {index: 0, cur=peers:[s3|localhost:15172, s4|localhost:15176, s0|localhost:15160, s1|localhost:15164, s2|localhost:15168]|listeners:[], old=null} CLOSED
  s0:  RUNNING  FOLLOWER s0@group-9FC63B188219:t1, leader=null, voted=null, raftlog=Memoized:s0@group-9FC63B188219-SegmentedRaftLog:OPENED:c-1:lastnull, conf=conf: {index: -1, cur=peers:[s3|localhost:15172, s4|localhost:15176, s0|localhost:15160, s1|localhost:15164, s2|localhost:15168]|listeners:[], old=null} RUNNING
  s1:  RUNNING  FOLLOWER s1@group-9FC63B188219:t2, leader=s2, voted=s2, raftlog=Memoized:s1@group-9FC63B188219-SegmentedRaftLog:OPENED:c2:last(t:2, i:2), conf=conf: {index: 1, cur=peers:[s3|localhost:15172, s4|localhost:15176, s0|localhost:15160, s1|localhost:15164, s2|localhost:15168]|listeners:[], old=null} RUNNING
  s2:  RUNNING    LEADER s2@group-9FC63B188219:t2, leader=s2, voted=s2, raftlog=Memoized:s2@group-9FC63B188219-SegmentedRaftLog:OPENED:c2:last(t:2, i:2), conf=conf: {index: 1, cur=peers:[s3|localhost:15172, s4|localhost:15176, s0|localhost:15160, s1|localhost:15164, s2|localhost:15168]|listeners:[], old=null} RUNNING
2024-10-09 00:14:00,842 [main] INFO  ratis.RaftTestUtil (RaftTestUtil.java:waitAndKillLeader(147)) - killing leader =    LEADER s2@group-9FC63B188219:t2, leader=s2, voted=s2, raftlog=Memoized:s2@group-9FC63B188219-SegmentedRaftLog:OPENED:c2:last(t:2, i:2), conf=conf: {index: 1, cur=peers:[s3|localhost:15172, s4|localhost:15176, s0|localhost:15160, s1|localhost:15164, s2|localhost:15168]|listeners:[], old=null} RUNNING
2024-10-09 00:14:00,843 [main] INFO  impl.MiniRaftCluster (MiniRaftCluster.java:killServer(539)) - killServer s2
2024-10-09 00:14:00,843 [main] INFO  server.RaftServer (RaftServerProxy.java:lambda$close$9(418)) - s2: close
2024-10-09 00:14:00,843 [s2-impl-thread1] INFO  server.RaftServer$Division (RaftServerImpl.java:lambda$close$1(511)) - s2@group-9FC63B188219: shutdown
2024-10-09 00:14:00,843 [s2-impl-thread1] INFO  util.JmxRegister (JmxRegister.java:unregister(74)) - Successfully un-registered JMX Bean with object name Ratis:service=RaftServer,group=group-9FC63B188219,id=s2
2024-10-09 00:14:00,843 [HandlerDaemon-0] INFO  simulation.RequestHandler (RequestHandler.java:run(127)) - s2.clientHandler0 is interrupted by java.io.InterruptedIOException: 
2024-10-09 00:14:00,843 [s2-impl-thread1] INFO  impl.RoleInfo (RoleInfo.java:shutdownLeaderState(103)) - s2: shutdown s2@group-9FC63B188219-LeaderStateImpl
2024-10-09 00:14:00,843 [HandlerDaemon-1] INFO  simulation.RequestHandler (RequestHandler.java:run(127)) - s2.clientHandler1 is interrupted by java.io.InterruptedIOException: 
2024-10-09 00:14:00,843 [s2@group-9FC63B188219->s3-LogAppenderDefault-LogAppenderDaemon] INFO  leader.LogAppenderDaemon (LogAppenderDaemon.java:run(85)) - s2@group-9FC63B188219->s3-LogAppenderDefault-LogAppenderDaemon was interrupted: java.lang.InterruptedException
2024-10-09 00:14:00,843 [s2@group-9FC63B188219->s0-LogAppenderDefault-LogAppenderDaemon] INFO  leader.LogAppenderDaemon (LogAppenderDaemon.java:run(87)) - s2@group-9FC63B188219->s0-LogAppenderDefault-LogAppenderDaemon I/O was interrupted: java.io.InterruptedIOException: 
2024-10-09 00:14:00,843 [HandlerDaemon-2] INFO  simulation.RequestHandler (RequestHandler.java:run(127)) - s2.clientHandler2 is interrupted by java.io.InterruptedIOException: 
2024-10-09 00:14:00,843 [s2-impl-thread1] INFO  impl.PendingRequests (PendingRequests.java:sendNotLeaderResponses(287)) - s2@group-9FC63B188219-PendingRequests: sendNotLeaderResponses
2024-10-09 00:14:00,843 [s2@group-9FC63B188219->s4-LogAppenderDefault-LogAppenderDaemon] INFO  leader.LogAppenderDaemon (LogAppenderDaemon.java:run(85)) - s2@group-9FC63B188219->s4-LogAppenderDefault-LogAppenderDaemon was interrupted: java.lang.InterruptedException: sleep interrupted
2024-10-09 00:14:00,844 [HandlerDaemon-1] INFO  simulation.RequestHandler (RequestHandler.java:run(127)) - s2.serverHandler1 is interrupted by java.io.InterruptedIOException: 
2024-10-09 00:14:00,844 [HandlerDaemon-0] INFO  simulation.RequestHandler (RequestHandler.java:run(127)) - s2.serverHandler0 is interrupted by java.io.InterruptedIOException: 
2024-10-09 00:14:00,844 [s2@group-9FC63B188219->s1-LogAppenderDefault-LogAppenderDaemon] INFO  leader.LogAppenderDaemon (LogAppenderDaemon.java:run(85)) - s2@group-9FC63B188219->s1-LogAppenderDefault-LogAppenderDaemon was interrupted: java.lang.InterruptedException
2024-10-09 00:14:00,844 [HandlerDaemon-2] INFO  simulation.RequestHandler (RequestHandler.java:run(127)) - s2.serverHandler2 is interrupted by java.io.InterruptedIOException: 
2024-10-09 00:14:00,844 [s2-impl-thread1] INFO  impl.StateMachineUpdater (StateMachineUpdater.java:stopAndJoin(164)) - s2@group-9FC63B188219-StateMachineUpdater: set stopIndex = 2
2024-10-09 00:14:00,844 [s2@group-9FC63B188219-StateMachineUpdater] INFO  impl.StateMachineUpdater (StateMachineUpdater.java:stop(141)) - s2@group-9FC63B188219-StateMachineUpdater: closing BaseStateMachine, lastApplied=(t:2, i:2)
2024-10-09 00:14:00,844 [s2@group-9FC63B188219-cacheEviction-AwaitToRun] INFO  util.AwaitToRun (AwaitToRun.java:run(49)) - s2@group-9FC63B188219-cacheEviction-AwaitToRun-AwaitForSignal is interrupted
2024-10-09 00:14:01,051 [s1@group-9FC63B188219-FollowerState] INFO  impl.FollowerState (FollowerState.java:runImpl(156)) - s1@group-9FC63B188219-FollowerState: change to CANDIDATE, lastRpcElapsedTime:256285877ns, electionTimeout:182ms
2024-10-09 00:14:01,051 [s1@group-9FC63B188219-FollowerState] INFO  impl.RoleInfo (RoleInfo.java:shutdownFollowerState(121)) - s1: shutdown s1@group-9FC63B188219-FollowerState
2024-10-09 00:14:01,051 [s1@group-9FC63B188219-FollowerState] INFO  server.RaftServer$Division (RaftServerImpl.java:setRole(379)) - s1@group-9FC63B188219: changes role from  FOLLOWER to CANDIDATE at term 2 for changeToCandidate
2024-10-09 00:14:01,051 [s1@group-9FC63B188219-FollowerState] INFO  server.RaftServerConfigKeys (ConfUtils.java:logGet(46)) - raft.server.leaderelection.pre-vote = true (default)
2024-10-09 00:14:01,051 [s1@group-9FC63B188219-FollowerState] INFO  impl.RoleInfo (RoleInfo.java:updateAndGet(148)) - s1: start s1@group-9FC63B188219-LeaderElection20
2024-10-09 00:14:01,052 [s1@group-9FC63B188219-LeaderElection20] INFO  server.RaftServer$Division (ServerState.java:setLeader(272)) - s1@group-9FC63B188219: change Leader from s2 to null at term 2 for PRE_VOTE
2024-10-09 00:14:01,052 [s1@group-9FC63B188219-LeaderElection20] INFO  impl.LeaderElection (LeaderElection.java:askForVotes(337)) - s1@group-9FC63B188219-LeaderElection20 PRE_VOTE round 0: submit vote requests at term 2 for conf: {index: 1, cur=peers:[s3|localhost:15172, s4|localhost:15176, s0|localhost:15160, s1|localhost:15164, s2|localhost:15168]|listeners:[], old=null}
2024-10-09 00:14:01,052 [HandlerDaemon-0] INFO  server.RaftServer$Division (RaftServerImpl.java:requestVote(1443)) - s3@group-9FC63B188219: receive requestVote(PRE_VOTE, s1, group-9FC63B188219, 2, (t:2, i:2))
2024-10-09 00:14:01,052 [HandlerDaemon-0] INFO  impl.VoteContext (VoteContext.java:log(49)) - s3@group-9FC63B188219-FOLLOWER: accept PRE_VOTE from s1: our priority 0 <= candidate's priority 0
2024-10-09 00:14:01,052 [s1@group-9FC63B188219-LeaderElection20] INFO  impl.LeaderElection (LogUtils.java:infoOrTrace(136)) - s1@group-9FC63B188219-LeaderElection20 got exception when requesting votes: java.util.concurrent.ExecutionException: java.io.IOException: The peer s4 is not alive.
2024-10-09 00:14:01,052 [HandlerDaemon-0] INFO  server.RaftServer$Division (RaftServerImpl.java:requestVote(1476)) - s3@group-9FC63B188219 replies to PRE_VOTE vote request: s1<-s3#0:OK-t2. Peer's state: s3@group-9FC63B188219:t2, leader=s2, voted=s2, raftlog=Memoized:s3@group-9FC63B188219-SegmentedRaftLog:OPENED:c2:last(t:2, i:2), conf=conf: {index: 1, cur=peers:[s3|localhost:15172, s4|localhost:15176, s0|localhost:15160, s1|localhost:15164, s2|localhost:15168]|listeners:[], old=null}
2024-10-09 00:14:01,052 [s1@group-9FC63B188219-LeaderElection20] INFO  impl.LeaderElection (LogUtils.java:infoOrTrace(136)) - s1@group-9FC63B188219-LeaderElection20 got exception when requesting votes: java.util.concurrent.ExecutionException: java.io.IOException: The peer s2 is not alive.
2024-10-09 00:14:01,312 [s1@group-9FC63B188219-LeaderElection20] INFO  impl.LeaderElection (LeaderElection.java:logAndReturn(90)) - s1@group-9FC63B188219-LeaderElection20: PRE_VOTE TIMEOUT received 1 response(s) and 2 exception(s):
2024-10-09 00:14:01,312 [s1@group-9FC63B188219-LeaderElection20] INFO  impl.LeaderElection (LeaderElection.java:logAndReturn(94)) -   Response 0: s1<-s3#0:OK-t2
2024-10-09 00:14:01,312 [s1@group-9FC63B188219-LeaderElection20] INFO  impl.LeaderElection (LogUtils.java:infoOrTrace(136)) -   Exception 1: java.util.concurrent.ExecutionException: java.io.IOException: The peer s4 is not alive.
2024-10-09 00:14:01,313 [s1@group-9FC63B188219-LeaderElection20] INFO  impl.LeaderElection (LogUtils.java:infoOrTrace(136)) -   Exception 2: java.util.concurrent.ExecutionException: java.io.IOException: The peer s2 is not alive.
2024-10-09 00:14:01,313 [s1@group-9FC63B188219-LeaderElection20] INFO  impl.LeaderElection (LeaderElection.java:askForVotes(339)) - s1@group-9FC63B188219-LeaderElection20 PRE_VOTE round 0: result TIMEOUT
2024-10-09 00:14:01,313 [s1@group-9FC63B188219-LeaderElection20] INFO  impl.LeaderElection (LeaderElection.java:askForVotes(337)) - s1@group-9FC63B188219-LeaderElection20 PRE_VOTE round 1: submit vote requests at term 2 for conf: {index: 1, cur=peers:[s3|localhost:15172, s4|localhost:15176, s0|localhost:15160, s1|localhost:15164, s2|localhost:15168]|listeners:[], old=null}
2024-10-09 00:14:01,313 [HandlerDaemon-1] INFO  server.RaftServer$Division (RaftServerImpl.java:requestVote(1443)) - s3@group-9FC63B188219: receive requestVote(PRE_VOTE, s1, group-9FC63B188219, 2, (t:2, i:2))
2024-10-09 00:14:01,313 [HandlerDaemon-1] INFO  impl.VoteContext (VoteContext.java:log(49)) - s3@group-9FC63B188219-FOLLOWER: accept PRE_VOTE from s1: our priority 0 <= candidate's priority 0
2024-10-09 00:14:01,313 [HandlerDaemon-1] INFO  server.RaftServer$Division (RaftServerImpl.java:requestVote(1476)) - s3@group-9FC63B188219 replies to PRE_VOTE vote request: s1<-s3#0:OK-t2. Peer's state: s3@group-9FC63B188219:t2, leader=s2, voted=s2, raftlog=Memoized:s3@group-9FC63B188219-SegmentedRaftLog:OPENED:c2:last(t:2, i:2), conf=conf: {index: 1, cur=peers:[s3|localhost:15172, s4|localhost:15176, s0|localhost:15160, s1|localhost:15164, s2|localhost:15168]|listeners:[], old=null}
2024-10-09 00:14:01,313 [s1@group-9FC63B188219-LeaderElection20] INFO  impl.LeaderElection (LogUtils.java:infoOrTrace(136)) - s1@group-9FC63B188219-LeaderElection20 got exception when requesting votes: java.util.concurrent.ExecutionException: java.io.IOException: The peer s4 is not alive.
2024-10-09 00:14:01,313 [s1@group-9FC63B188219-LeaderElection20] INFO  impl.LeaderElection (LogUtils.java:infoOrTrace(136)) - s1@group-9FC63B188219-LeaderElection20 got exception when requesting votes: java.util.concurrent.ExecutionException: java.io.IOException: The peer s2 is not alive.
2024-10-09 00:14:01,341 [s2-impl-thread1] INFO  segmented.SegmentedRaftLogWorker (SegmentedRaftLogWorker.java:close(251)) - s2@group-9FC63B188219-SegmentedRaftLogWorker close()
2024-10-09 00:14:01,341 [JvmPauseMonitor44] INFO  util.JvmPauseMonitor (JvmPauseMonitor.java:run(152)) - JvmPauseMonitor-s2: Stopped
2024-10-09 00:14:01,341 [main] INFO  server.RaftServerConfigKeys (ConfUtils.java:logGet(46)) - raft.server.rpc.timeout.max = 300ms (default)
2024-10-09 00:14:01,342 [main] INFO  ratis.RaftTestUtil (RaftTestUtil.java:waitForLeader(107)) - printing ALL groups
  s3:  RUNNING  FOLLOWER s3@group-9FC63B188219:t2, leader=s2, voted=s2, raftlog=Memoized:s3@group-9FC63B188219-SegmentedRaftLog:OPENED:c2:last(t:2, i:2), conf=conf: {index: 1, cur=peers:[s3|localhost:15172, s4|localhost:15176, s0|localhost:15160, s1|localhost:15164, s2|localhost:15168]|listeners:[], old=null} RUNNING
  s4:   CLOSED    LEADER s4@group-9FC63B188219:t1, leader=s4, voted=s4, raftlog=Memoized:s4@group-9FC63B188219-SegmentedRaftLog:CLOSED:c0, conf=conf: {index: 0, cur=peers:[s3|localhost:15172, s4|localhost:15176, s0|localhost:15160, s1|localhost:15164, s2|localhost:15168]|listeners:[], old=null} CLOSED
  s0:  RUNNING  FOLLOWER s0@group-9FC63B188219:t1, leader=null, voted=null, raftlog=Memoized:s0@group-9FC63B188219-SegmentedRaftLog:OPENED:c-1:lastnull, conf=conf: {index: -1, cur=peers:[s3|localhost:15172, s4|localhost:15176, s0|localhost:15160, s1|localhost:15164, s2|localhost:15168]|listeners:[], old=null} RUNNING
  s1:  RUNNING CANDIDATE s1@group-9FC63B188219:t2, leader=null, voted=s2, raftlog=Memoized:s1@group-9FC63B188219-SegmentedRaftLog:OPENED:c2:last(t:2, i:2), conf=conf: {index: 1, cur=peers:[s3|localhost:15172, s4|localhost:15176, s0|localhost:15160, s1|localhost:15164, s2|localhost:15168]|listeners:[], old=null} RUNNING
  s2:   CLOSED    LEADER s2@group-9FC63B188219:t2, leader=s2, voted=s2, raftlog=Memoized:s2@group-9FC63B188219-SegmentedRaftLog:CLOSED:c2, conf=conf: {index: 1, cur=peers:[s3|localhost:15172, s4|localhost:15176, s0|localhost:15160, s1|localhost:15164, s2|localhost:15168]|listeners:[], old=null} CLOSED
2024-10-09 00:14:01,342 [main] WARN  ratis.RaftTestUtil (RaftTestUtil.java:lambda$waitForLeader$3(126)) - Attempt #1 failed: java.lang.IllegalStateException: No leader yet : printing ALL groups
  s3:  RUNNING  FOLLOWER s3@group-9FC63B188219:t2, leader=s2, voted=s2, raftlog=Memoized:s3@group-9FC63B188219-SegmentedRaftLog:OPENED:c2:last(t:2, i:2), conf=conf: {index: 1, cur=peers:[s3|localhost:15172, s4|localhost:15176, s0|localhost:15160, s1|localhost:15164, s2|localhost:15168]|listeners:[], old=null} RUNNING
  s4:   CLOSED    LEADER s4@group-9FC63B188219:t1, leader=s4, voted=s4, raftlog=Memoized:s4@group-9FC63B188219-SegmentedRaftLog:CLOSED:c0, conf=conf: {index: 0, cur=peers:[s3|localhost:15172, s4|localhost:15176, s0|localhost:15160, s1|localhost:15164, s2|localhost:15168]|listeners:[], old=null} CLOSED
  s0:  RUNNING  FOLLOWER s0@group-9FC63B188219:t1, leader=null, voted=null, raftlog=Memoized:s0@group-9FC63B188219-SegmentedRaftLog:OPENED:c-1:lastnull, conf=conf: {index: -1, cur=peers:[s3|localhost:15172, s4|localhost:15176, s0|localhost:15160, s1|localhost:15164, s2|localhost:15168]|listeners:[], old=null} RUNNING
  s1:  RUNNING CANDIDATE s1@group-9FC63B188219:t2, leader=null, voted=s2, raftlog=Memoized:s1@group-9FC63B188219-SegmentedRaftLog:OPENED:c2:last(t:2, i:2), conf=conf: {index: 1, cur=peers:[s3|localhost:15172, s4|localhost:15176, s0|localhost:15160, s1|localhost:15164, s2|localhost:15168]|listeners:[], old=null} RUNNING
  s2:   CLOSED    LEADER s2@group-9FC63B188219:t2, leader=s2, voted=s2, raftlog=Memoized:s2@group-9FC63B188219-SegmentedRaftLog:CLOSED:c2, conf=conf: {index: 1, cur=peers:[s3|localhost:15172, s4|localhost:15176, s0|localhost:15160, s1|localhost:15164, s2|localhost:15168]|listeners:[], old=null} CLOSED
2024-10-09 00:14:01,583 [s1@group-9FC63B188219-LeaderElection20] INFO  impl.LeaderElection (LeaderElection.java:logAndReturn(90)) - s1@group-9FC63B188219-LeaderElection20: PRE_VOTE TIMEOUT received 1 response(s) and 2 exception(s):
2024-10-09 00:14:01,583 [s1@group-9FC63B188219-LeaderElection20] INFO  impl.LeaderElection (LeaderElection.java:logAndReturn(94)) -   Response 0: s1<-s3#0:OK-t2
2024-10-09 00:14:01,583 [s1@group-9FC63B188219-LeaderElection20] INFO  impl.LeaderElection (LogUtils.java:infoOrTrace(136)) -   Exception 1: java.util.concurrent.ExecutionException: java.io.IOException: The peer s4 is not alive.
2024-10-09 00:14:01,584 [s1@group-9FC63B188219-LeaderElection20] INFO  impl.LeaderElection (LogUtils.java:infoOrTrace(136)) -   Exception 2: java.util.concurrent.ExecutionException: java.io.IOException: The peer s2 is not alive.
2024-10-09 00:14:01,584 [s1@group-9FC63B188219-LeaderElection20] INFO  impl.LeaderElection (LeaderElection.java:askForVotes(339)) - s1@group-9FC63B188219-LeaderElection20 PRE_VOTE round 1: result TIMEOUT
2024-10-09 00:14:01,584 [s1@group-9FC63B188219-LeaderElection20] INFO  impl.LeaderElection (LeaderElection.java:askForVotes(337)) - s1@group-9FC63B188219-LeaderElection20 PRE_VOTE round 2: submit vote requests at term 2 for conf: {index: 1, cur=peers:[s3|localhost:15172, s4|localhost:15176, s0|localhost:15160, s1|localhost:15164, s2|localhost:15168]|listeners:[], old=null}
2024-10-09 00:14:01,584 [HandlerDaemon-2] INFO  server.RaftServer$Division (RaftServerImpl.java:requestVote(1443)) - s3@group-9FC63B188219: receive requestVote(PRE_VOTE, s1, group-9FC63B188219, 2, (t:2, i:2))
2024-10-09 00:14:01,584 [HandlerDaemon-2] INFO  impl.VoteContext (VoteContext.java:log(49)) - s3@group-9FC63B188219-FOLLOWER: accept PRE_VOTE from s1: our priority 0 <= candidate's priority 0
2024-10-09 00:14:01,584 [HandlerDaemon-2] INFO  server.RaftServer$Division (RaftServerImpl.java:requestVote(1476)) - s3@group-9FC63B188219 replies to PRE_VOTE vote request: s1<-s3#0:OK-t2. Peer's state: s3@group-9FC63B188219:t2, leader=s2, voted=s2, raftlog=Memoized:s3@group-9FC63B188219-SegmentedRaftLog:OPENED:c2:last(t:2, i:2), conf=conf: {index: 1, cur=peers:[s3|localhost:15172, s4|localhost:15176, s0|localhost:15160, s1|localhost:15164, s2|localhost:15168]|listeners:[], old=null}
2024-10-09 00:14:01,584 [s1@group-9FC63B188219-LeaderElection20] INFO  impl.LeaderElection (LogUtils.java:infoOrTrace(136)) - s1@group-9FC63B188219-LeaderElection20 got exception when requesting votes: java.util.concurrent.ExecutionException: java.io.IOException: The peer s4 is not alive.
2024-10-09 00:14:01,584 [s1@group-9FC63B188219-LeaderElection20] INFO  impl.LeaderElection (LogUtils.java:infoOrTrace(136)) - s1@group-9FC63B188219-LeaderElection20 got exception when requesting votes: java.util.concurrent.ExecutionException: java.io.IOException: The peer s2 is not alive.
2024-10-09 00:14:01,767 [s1@group-9FC63B188219-LeaderElection20] INFO  impl.LeaderElection (LeaderElection.java:logAndReturn(90)) - s1@group-9FC63B188219-LeaderElection20: PRE_VOTE TIMEOUT received 1 response(s) and 2 exception(s):
2024-10-09 00:14:01,767 [s1@group-9FC63B188219-LeaderElection20] INFO  impl.LeaderElection (LeaderElection.java:logAndReturn(94)) -   Response 0: s1<-s3#0:OK-t2
2024-10-09 00:14:01,767 [s1@group-9FC63B188219-LeaderElection20] INFO  impl.LeaderElection (LogUtils.java:infoOrTrace(136)) -   Exception 1: java.util.concurrent.ExecutionException: java.io.IOException: The peer s4 is not alive.
2024-10-09 00:14:01,767 [s1@group-9FC63B188219-LeaderElection20] INFO  impl.LeaderElection (LogUtils.java:infoOrTrace(136)) -   Exception 2: java.util.concurrent.ExecutionException: java.io.IOException: The peer s2 is not alive.
2024-10-09 00:14:01,768 [s1@group-9FC63B188219-LeaderElection20] INFO  impl.LeaderElection (LeaderElection.java:askForVotes(339)) - s1@group-9FC63B188219-LeaderElection20 PRE_VOTE round 2: result TIMEOUT
2024-10-09 00:14:01,768 [s1@group-9FC63B188219-LeaderElection20] INFO  impl.LeaderElection (LeaderElection.java:askForVotes(337)) - s1@group-9FC63B188219-LeaderElection20 PRE_VOTE round 3: submit vote requests at term 2 for conf: {index: 1, cur=peers:[s3|localhost:15172, s4|localhost:15176, s0|localhost:15160, s1|localhost:15164, s2|localhost:15168]|listeners:[], old=null}
2024-10-09 00:14:01,768 [HandlerDaemon-0] INFO  server.RaftServer$Division (RaftServerImpl.java:requestVote(1443)) - s3@group-9FC63B188219: receive requestVote(PRE_VOTE, s1, group-9FC63B188219, 2, (t:2, i:2))
2024-10-09 00:14:01,768 [HandlerDaemon-0] INFO  impl.VoteContext (VoteContext.java:log(49)) - s3@group-9FC63B188219-FOLLOWER: accept PRE_VOTE from s1: our priority 0 <= candidate's priority 0
2024-10-09 00:14:01,768 [s1@group-9FC63B188219-LeaderElection20] INFO  impl.LeaderElection (LogUtils.java:infoOrTrace(136)) - s1@group-9FC63B188219-LeaderElection20 got exception when requesting votes: java.util.concurrent.ExecutionException: java.io.IOException: The peer s4 is not alive.
2024-10-09 00:14:01,768 [HandlerDaemon-0] INFO  server.RaftServer$Division (RaftServerImpl.java:requestVote(1476)) - s3@group-9FC63B188219 replies to PRE_VOTE vote request: s1<-s3#0:OK-t2. Peer's state: s3@group-9FC63B188219:t2, leader=s2, voted=s2, raftlog=Memoized:s3@group-9FC63B188219-SegmentedRaftLog:OPENED:c2:last(t:2, i:2), conf=conf: {index: 1, cur=peers:[s3|localhost:15172, s4|localhost:15176, s0|localhost:15160, s1|localhost:15164, s2|localhost:15168]|listeners:[], old=null}
2024-10-09 00:14:01,768 [s1@group-9FC63B188219-LeaderElection20] INFO  impl.LeaderElection (LogUtils.java:infoOrTrace(136)) - s1@group-9FC63B188219-LeaderElection20 got exception when requesting votes: java.util.concurrent.ExecutionException: java.io.IOException: The peer s2 is not alive.
2024-10-09 00:14:01,792 [main] WARN  ratis.RaftTestUtil (RaftTestUtil.java:lambda$waitForLeader$3(126)) - Attempt #2 failed: java.lang.IllegalStateException: No leader yet : printing ALL groups
  s3:  RUNNING  FOLLOWER s3@group-9FC63B188219:t2, leader=s2, voted=s2, raftlog=Memoized:s3@group-9FC63B188219-SegmentedRaftLog:OPENED:c2:last(t:2, i:2), conf=conf: {index: 1, cur=peers:[s3|localhost:15172, s4|localhost:15176, s0|localhost:15160, s1|localhost:15164, s2|localhost:15168]|listeners:[], old=null} RUNNING
  s4:   CLOSED    LEADER s4@group-9FC63B188219:t1, leader=s4, voted=s4, raftlog=Memoized:s4@group-9FC63B188219-SegmentedRaftLog:CLOSED:c0, conf=conf: {index: 0, cur=peers:[s3|localhost:15172, s4|localhost:15176, s0|localhost:15160, s1|localhost:15164, s2|localhost:15168]|listeners:[], old=null} CLOSED
  s0:  RUNNING  FOLLOWER s0@group-9FC63B188219:t1, leader=null, voted=null, raftlog=Memoized:s0@group-9FC63B188219-SegmentedRaftLog:OPENED:c-1:lastnull, conf=conf: {index: -1, cur=peers:[s3|localhost:15172, s4|localhost:15176, s0|localhost:15160, s1|localhost:15164, s2|localhost:15168]|listeners:[], old=null} RUNNING
  s1:  RUNNING CANDIDATE s1@group-9FC63B188219:t2, leader=null, voted=s2, raftlog=Memoized:s1@group-9FC63B188219-SegmentedRaftLog:OPENED:c2:last(t:2, i:2), conf=conf: {index: 1, cur=peers:[s3|localhost:15172, s4|localhost:15176, s0|localhost:15160, s1|localhost:15164, s2|localhost:15168]|listeners:[], old=null} RUNNING
  s2:   CLOSED    LEADER s2@group-9FC63B188219:t2, leader=s2, voted=s2, raftlog=Memoized:s2@group-9FC63B188219-SegmentedRaftLog:CLOSED:c2, conf=conf: {index: 1, cur=peers:[s3|localhost:15172, s4|localhost:15176, s0|localhost:15160, s1|localhost:15164, s2|localhost:15168]|listeners:[], old=null} CLOSED
2024-10-09 00:14:01,942 [s1@group-9FC63B188219-LeaderElection20] INFO  impl.LeaderElection (LeaderElection.java:logAndReturn(90)) - s1@group-9FC63B188219-LeaderElection20: PRE_VOTE TIMEOUT received 1 response(s) and 2 exception(s):
2024-10-09 00:14:01,942 [s1@group-9FC63B188219-LeaderElection20] INFO  impl.LeaderElection (LeaderElection.java:logAndReturn(94)) -   Response 0: s1<-s3#0:OK-t2
2024-10-09 00:14:01,942 [s1@group-9FC63B188219-LeaderElection20] INFO  impl.LeaderElection (LogUtils.java:infoOrTrace(136)) -   Exception 1: java.util.concurrent.ExecutionException: java.io.IOException: The peer s4 is not alive.
2024-10-09 00:14:01,942 [s1@group-9FC63B188219-LeaderElection20] INFO  impl.LeaderElection (LogUtils.java:infoOrTrace(136)) -   Exception 2: java.util.concurrent.ExecutionException: java.io.IOException: The peer s2 is not alive.
2024-10-09 00:14:01,943 [s1@group-9FC63B188219-LeaderElection20] INFO  impl.LeaderElection (LeaderElection.java:askForVotes(339)) - s1@group-9FC63B188219-LeaderElection20 PRE_VOTE round 3: result TIMEOUT
2024-10-09 00:14:01,943 [s1@group-9FC63B188219-LeaderElection20] INFO  impl.LeaderElection (LeaderElection.java:askForVotes(337)) - s1@group-9FC63B188219-LeaderElection20 PRE_VOTE round 4: submit vote requests at term 2 for conf: {index: 1, cur=peers:[s3|localhost:15172, s4|localhost:15176, s0|localhost:15160, s1|localhost:15164, s2|localhost:15168]|listeners:[], old=null}
2024-10-09 00:14:01,943 [HandlerDaemon-1] INFO  server.RaftServer$Division (RaftServerImpl.java:requestVote(1443)) - s3@group-9FC63B188219: receive requestVote(PRE_VOTE, s1, group-9FC63B188219, 2, (t:2, i:2))
2024-10-09 00:14:01,943 [HandlerDaemon-1] INFO  impl.VoteContext (VoteContext.java:log(49)) - s3@group-9FC63B188219-FOLLOWER: accept PRE_VOTE from s1: our priority 0 <= candidate's priority 0
2024-10-09 00:14:01,943 [HandlerDaemon-1] INFO  server.RaftServer$Division (RaftServerImpl.java:requestVote(1476)) - s3@group-9FC63B188219 replies to PRE_VOTE vote request: s1<-s3#0:OK-t2. Peer's state: s3@group-9FC63B188219:t2, leader=s2, voted=s2, raftlog=Memoized:s3@group-9FC63B188219-SegmentedRaftLog:OPENED:c2:last(t:2, i:2), conf=conf: {index: 1, cur=peers:[s3|localhost:15172, s4|localhost:15176, s0|localhost:15160, s1|localhost:15164, s2|localhost:15168]|listeners:[], old=null}
2024-10-09 00:14:01,943 [s1@group-9FC63B188219-LeaderElection20] INFO  impl.LeaderElection (LogUtils.java:infoOrTrace(136)) - s1@group-9FC63B188219-LeaderElection20 got exception when requesting votes: java.util.concurrent.ExecutionException: java.io.IOException: The peer s4 is not alive.
2024-10-09 00:14:01,943 [s1@group-9FC63B188219-LeaderElection20] INFO  impl.LeaderElection (LogUtils.java:infoOrTrace(136)) - s1@group-9FC63B188219-LeaderElection20 got exception when requesting votes: java.util.concurrent.ExecutionException: java.io.IOException: The peer s2 is not alive.
2024-10-09 00:14:02,180 [s1@group-9FC63B188219-LeaderElection20] INFO  impl.LeaderElection (LeaderElection.java:logAndReturn(90)) - s1@group-9FC63B188219-LeaderElection20: PRE_VOTE TIMEOUT received 1 response(s) and 2 exception(s):
2024-10-09 00:14:02,180 [s1@group-9FC63B188219-LeaderElection20] INFO  impl.LeaderElection (LeaderElection.java:logAndReturn(94)) -   Response 0: s1<-s3#0:OK-t2
2024-10-09 00:14:02,180 [s1@group-9FC63B188219-LeaderElection20] INFO  impl.LeaderElection (LogUtils.java:infoOrTrace(136)) -   Exception 1: java.util.concurrent.ExecutionException: java.io.IOException: The peer s4 is not alive.
2024-10-09 00:14:02,180 [s1@group-9FC63B188219-LeaderElection20] INFO  impl.LeaderElection (LogUtils.java:infoOrTrace(136)) -   Exception 2: java.util.concurrent.ExecutionException: java.io.IOException: The peer s2 is not alive.
2024-10-09 00:14:02,181 [s1@group-9FC63B188219-LeaderElection20] INFO  impl.LeaderElection (LeaderElection.java:askForVotes(339)) - s1@group-9FC63B188219-LeaderElection20 PRE_VOTE round 4: result TIMEOUT
2024-10-09 00:14:02,181 [s1@group-9FC63B188219-LeaderElection20] INFO  impl.LeaderElection (LeaderElection.java:askForVotes(337)) - s1@group-9FC63B188219-LeaderElection20 PRE_VOTE round 5: submit vote requests at term 2 for conf: {index: 1, cur=peers:[s3|localhost:15172, s4|localhost:15176, s0|localhost:15160, s1|localhost:15164, s2|localhost:15168]|listeners:[], old=null}
2024-10-09 00:14:02,181 [HandlerDaemon-2] INFO  server.RaftServer$Division (RaftServerImpl.java:requestVote(1443)) - s3@group-9FC63B188219: receive requestVote(PRE_VOTE, s1, group-9FC63B188219, 2, (t:2, i:2))
2024-10-09 00:14:02,181 [s1@group-9FC63B188219-LeaderElection20] INFO  impl.LeaderElection (LogUtils.java:infoOrTrace(136)) - s1@group-9FC63B188219-LeaderElection20 got exception when requesting votes: java.util.concurrent.ExecutionException: java.io.IOException: The peer s4 is not alive.
2024-10-09 00:14:02,181 [HandlerDaemon-2] INFO  impl.VoteContext (VoteContext.java:log(49)) - s3@group-9FC63B188219-FOLLOWER: accept PRE_VOTE from s1: our priority 0 <= candidate's priority 0
2024-10-09 00:14:02,181 [s1@group-9FC63B188219-LeaderElection20] INFO  impl.LeaderElection (LogUtils.java:infoOrTrace(136)) - s1@group-9FC63B188219-LeaderElection20 got exception when requesting votes: java.util.concurrent.ExecutionException: java.io.IOException: The peer s2 is not alive.
2024-10-09 00:14:02,181 [HandlerDaemon-2] INFO  server.RaftServer$Division (RaftServerImpl.java:requestVote(1476)) - s3@group-9FC63B188219 replies to PRE_VOTE vote request: s1<-s3#0:OK-t2. Peer's state: s3@group-9FC63B188219:t2, leader=s2, voted=s2, raftlog=Memoized:s3@group-9FC63B188219-SegmentedRaftLog:OPENED:c2:last(t:2, i:2), conf=conf: {index: 1, cur=peers:[s3|localhost:15172, s4|localhost:15176, s0|localhost:15160, s1|localhost:15164, s2|localhost:15168]|listeners:[], old=null}
2024-10-09 00:14:02,243 [main] WARN  ratis.RaftTestUtil (RaftTestUtil.java:lambda$waitForLeader$3(126)) - Attempt #3 failed: java.lang.IllegalStateException: No leader yet : printing ALL groups
  s3:  RUNNING  FOLLOWER s3@group-9FC63B188219:t2, leader=s2, voted=s2, raftlog=Memoized:s3@group-9FC63B188219-SegmentedRaftLog:OPENED:c2:last(t:2, i:2), conf=conf: {index: 1, cur=peers:[s3|localhost:15172, s4|localhost:15176, s0|localhost:15160, s1|localhost:15164, s2|localhost:15168]|listeners:[], old=null} RUNNING
  s4:   CLOSED    LEADER s4@group-9FC63B188219:t1, leader=s4, voted=s4, raftlog=Memoized:s4@group-9FC63B188219-SegmentedRaftLog:CLOSED:c0, conf=conf: {index: 0, cur=peers:[s3|localhost:15172, s4|localhost:15176, s0|localhost:15160, s1|localhost:15164, s2|localhost:15168]|listeners:[], old=null} CLOSED
  s0:  RUNNING  FOLLOWER s0@group-9FC63B188219:t1, leader=null, voted=null, raftlog=Memoized:s0@group-9FC63B188219-SegmentedRaftLog:OPENED:c-1:lastnull, conf=conf: {index: -1, cur=peers:[s3|localhost:15172, s4|localhost:15176, s0|localhost:15160, s1|localhost:15164, s2|localhost:15168]|listeners:[], old=null} RUNNING
  s1:  RUNNING CANDIDATE s1@group-9FC63B188219:t2, leader=null, voted=s2, raftlog=Memoized:s1@group-9FC63B188219-SegmentedRaftLog:OPENED:c2:last(t:2, i:2), conf=conf: {index: 1, cur=peers:[s3|localhost:15172, s4|localhost:15176, s0|localhost:15160, s1|localhost:15164, s2|localhost:15168]|listeners:[], old=null} RUNNING
  s2:   CLOSED    LEADER s2@group-9FC63B188219:t2, leader=s2, voted=s2, raftlog=Memoized:s2@group-9FC63B188219-SegmentedRaftLog:CLOSED:c2, conf=conf: {index: 1, cur=peers:[s3|localhost:15172, s4|localhost:15176, s0|localhost:15160, s1|localhost:15164, s2|localhost:15168]|listeners:[], old=null} CLOSED
2024-10-09 00:14:02,448 [s1@group-9FC63B188219-LeaderElection20] INFO  impl.LeaderElection (LeaderElection.java:logAndReturn(90)) - s1@group-9FC63B188219-LeaderElection20: PRE_VOTE TIMEOUT received 1 response(s) and 2 exception(s):
2024-10-09 00:14:02,448 [s1@group-9FC63B188219-LeaderElection20] INFO  impl.LeaderElection (LeaderElection.java:logAndReturn(94)) -   Response 0: s1<-s3#0:OK-t2
2024-10-09 00:14:02,448 [s1@group-9FC63B188219-LeaderElection20] INFO  impl.LeaderElection (LogUtils.java:infoOrTrace(136)) -   Exception 1: java.util.concurrent.ExecutionException: java.io.IOException: The peer s4 is not alive.
2024-10-09 00:14:02,448 [s1@group-9FC63B188219-LeaderElection20] INFO  impl.LeaderElection (LogUtils.java:infoOrTrace(136)) -   Exception 2: java.util.concurrent.ExecutionException: java.io.IOException: The peer s2 is not alive.
2024-10-09 00:14:02,448 [s1@group-9FC63B188219-LeaderElection20] INFO  impl.LeaderElection (LeaderElection.java:askForVotes(339)) - s1@group-9FC63B188219-LeaderElection20 PRE_VOTE round 5: result TIMEOUT
2024-10-09 00:14:02,449 [s1@group-9FC63B188219-LeaderElection20] INFO  impl.LeaderElection (LeaderElection.java:askForVotes(337)) - s1@group-9FC63B188219-LeaderElection20 PRE_VOTE round 6: submit vote requests at term 2 for conf: {index: 1, cur=peers:[s3|localhost:15172, s4|localhost:15176, s0|localhost:15160, s1|localhost:15164, s2|localhost:15168]|listeners:[], old=null}
2024-10-09 00:14:02,449 [HandlerDaemon-0] INFO  server.RaftServer$Division (RaftServerImpl.java:requestVote(1443)) - s3@group-9FC63B188219: receive requestVote(PRE_VOTE, s1, group-9FC63B188219, 2, (t:2, i:2))
2024-10-09 00:14:02,449 [HandlerDaemon-0] INFO  impl.VoteContext (VoteContext.java:log(49)) - s3@group-9FC63B188219-FOLLOWER: accept PRE_VOTE from s1: our priority 0 <= candidate's priority 0
2024-10-09 00:14:02,449 [HandlerDaemon-0] INFO  server.RaftServer$Division (RaftServerImpl.java:requestVote(1476)) - s3@group-9FC63B188219 replies to PRE_VOTE vote request: s1<-s3#0:OK-t2. Peer's state: s3@group-9FC63B188219:t2, leader=s2, voted=s2, raftlog=Memoized:s3@group-9FC63B188219-SegmentedRaftLog:OPENED:c2:last(t:2, i:2), conf=conf: {index: 1, cur=peers:[s3|localhost:15172, s4|localhost:15176, s0|localhost:15160, s1|localhost:15164, s2|localhost:15168]|listeners:[], old=null}
2024-10-09 00:14:02,449 [s1@group-9FC63B188219-LeaderElection20] INFO  impl.LeaderElection (LogUtils.java:infoOrTrace(136)) - s1@group-9FC63B188219-LeaderElection20 got exception when requesting votes: java.util.concurrent.ExecutionException: java.io.IOException: The peer s4 is not alive.
2024-10-09 00:14:02,449 [s1@group-9FC63B188219-LeaderElection20] INFO  impl.LeaderElection (LogUtils.java:infoOrTrace(136)) - s1@group-9FC63B188219-LeaderElection20 got exception when requesting votes: java.util.concurrent.ExecutionException: java.io.IOException: The peer s2 is not alive.
2024-10-09 00:14:02,630 [s1@group-9FC63B188219-LeaderElection20] INFO  impl.LeaderElection (LeaderElection.java:logAndReturn(90)) - s1@group-9FC63B188219-LeaderElection20: PRE_VOTE TIMEOUT received 1 response(s) and 2 exception(s):
2024-10-09 00:14:02,630 [s1@group-9FC63B188219-LeaderElection20] INFO  impl.LeaderElection (LeaderElection.java:logAndReturn(94)) -   Response 0: s1<-s3#0:OK-t2
2024-10-09 00:14:02,630 [s1@group-9FC63B188219-LeaderElection20] INFO  impl.LeaderElection (LogUtils.java:infoOrTrace(136)) -   Exception 1: java.util.concurrent.ExecutionException: java.io.IOException: The peer s4 is not alive.
2024-10-09 00:14:02,630 [s1@group-9FC63B188219-LeaderElection20] INFO  impl.LeaderElection (LogUtils.java:infoOrTrace(136)) -   Exception 2: java.util.concurrent.ExecutionException: java.io.IOException: The peer s2 is not alive.
2024-10-09 00:14:02,630 [s1@group-9FC63B188219-LeaderElection20] INFO  impl.LeaderElection (LeaderElection.java:askForVotes(339)) - s1@group-9FC63B188219-LeaderElection20 PRE_VOTE round 6: result TIMEOUT
2024-10-09 00:14:02,630 [s1@group-9FC63B188219-LeaderElection20] INFO  impl.LeaderElection (LeaderElection.java:askForVotes(337)) - s1@group-9FC63B188219-LeaderElection20 PRE_VOTE round 7: submit vote requests at term 2 for conf: {index: 1, cur=peers:[s3|localhost:15172, s4|localhost:15176, s0|localhost:15160, s1|localhost:15164, s2|localhost:15168]|listeners:[], old=null}
2024-10-09 00:14:02,631 [HandlerDaemon-1] INFO  server.RaftServer$Division (RaftServerImpl.java:requestVote(1443)) - s3@group-9FC63B188219: receive requestVote(PRE_VOTE, s1, group-9FC63B188219, 2, (t:2, i:2))
2024-10-09 00:14:02,631 [HandlerDaemon-1] INFO  impl.VoteContext (VoteContext.java:log(49)) - s3@group-9FC63B188219-FOLLOWER: accept PRE_VOTE from s1: our priority 0 <= candidate's priority 0
2024-10-09 00:14:02,631 [HandlerDaemon-1] INFO  server.RaftServer$Division (RaftServerImpl.java:requestVote(1476)) - s3@group-9FC63B188219 replies to PRE_VOTE vote request: s1<-s3#0:OK-t2. Peer's state: s3@group-9FC63B188219:t2, leader=s2, voted=s2, raftlog=Memoized:s3@group-9FC63B188219-SegmentedRaftLog:OPENED:c2:last(t:2, i:2), conf=conf: {index: 1, cur=peers:[s3|localhost:15172, s4|localhost:15176, s0|localhost:15160, s1|localhost:15164, s2|localhost:15168]|listeners:[], old=null}
2024-10-09 00:14:02,631 [s1@group-9FC63B188219-LeaderElection20] INFO  impl.LeaderElection (LogUtils.java:infoOrTrace(136)) - s1@group-9FC63B188219-LeaderElection20 got exception when requesting votes: java.util.concurrent.ExecutionException: java.io.IOException: The peer s4 is not alive.
2024-10-09 00:14:02,631 [s1@group-9FC63B188219-LeaderElection20] INFO  impl.LeaderElection (LogUtils.java:infoOrTrace(136)) - s1@group-9FC63B188219-LeaderElection20 got exception when requesting votes: java.util.concurrent.ExecutionException: java.io.IOException: The peer s2 is not alive.
2024-10-09 00:14:02,694 [main] WARN  ratis.RaftTestUtil (RaftTestUtil.java:lambda$waitForLeader$3(126)) - Attempt #4 failed: java.lang.IllegalStateException: No leader yet : printing ALL groups
  s3:  RUNNING  FOLLOWER s3@group-9FC63B188219:t2, leader=s2, voted=s2, raftlog=Memoized:s3@group-9FC63B188219-SegmentedRaftLog:OPENED:c2:last(t:2, i:2), conf=conf: {index: 1, cur=peers:[s3|localhost:15172, s4|localhost:15176, s0|localhost:15160, s1|localhost:15164, s2|localhost:15168]|listeners:[], old=null} RUNNING
  s4:   CLOSED    LEADER s4@group-9FC63B188219:t1, leader=s4, voted=s4, raftlog=Memoized:s4@group-9FC63B188219-SegmentedRaftLog:CLOSED:c0, conf=conf: {index: 0, cur=peers:[s3|localhost:15172, s4|localhost:15176, s0|localhost:15160, s1|localhost:15164, s2|localhost:15168]|listeners:[], old=null} CLOSED
  s0:  RUNNING  FOLLOWER s0@group-9FC63B188219:t1, leader=null, voted=null, raftlog=Memoized:s0@group-9FC63B188219-SegmentedRaftLog:OPENED:c-1:lastnull, conf=conf: {index: -1, cur=peers:[s3|localhost:15172, s4|localhost:15176, s0|localhost:15160, s1|localhost:15164, s2|localhost:15168]|listeners:[], old=null} RUNNING
  s1:  RUNNING CANDIDATE s1@group-9FC63B188219:t2, leader=null, voted=s2, raftlog=Memoized:s1@group-9FC63B188219-SegmentedRaftLog:OPENED:c2:last(t:2, i:2), conf=conf: {index: 1, cur=peers:[s3|localhost:15172, s4|localhost:15176, s0|localhost:15160, s1|localhost:15164, s2|localhost:15168]|listeners:[], old=null} RUNNING
  s2:   CLOSED    LEADER s2@group-9FC63B188219:t2, leader=s2, voted=s2, raftlog=Memoized:s2@group-9FC63B188219-SegmentedRaftLog:CLOSED:c2, conf=conf: {index: 1, cur=peers:[s3|localhost:15172, s4|localhost:15176, s0|localhost:15160, s1|localhost:15164, s2|localhost:15168]|listeners:[], old=null} CLOSED
2024-10-09 00:14:02,843 [s1@group-9FC63B188219-LeaderElection20] INFO  impl.LeaderElection (LeaderElection.java:logAndReturn(90)) - s1@group-9FC63B188219-LeaderElection20: PRE_VOTE TIMEOUT received 1 response(s) and 2 exception(s):
2024-10-09 00:14:02,843 [s1@group-9FC63B188219-LeaderElection20] INFO  impl.LeaderElection (LeaderElection.java:logAndReturn(94)) -   Response 0: s1<-s3#0:OK-t2
2024-10-09 00:14:02,843 [s1@group-9FC63B188219-LeaderElection20] INFO  impl.LeaderElection (LogUtils.java:infoOrTrace(136)) -   Exception 1: java.util.concurrent.ExecutionException: java.io.IOException: The peer s4 is not alive.
2024-10-09 00:14:02,843 [s1@group-9FC63B188219-LeaderElection20] INFO  impl.LeaderElection (LogUtils.java:infoOrTrace(136)) -   Exception 2: java.util.concurrent.ExecutionException: java.io.IOException: The peer s2 is not alive.
2024-10-09 00:14:02,843 [s1@group-9FC63B188219-LeaderElection20] INFO  impl.LeaderElection (LeaderElection.java:askForVotes(339)) - s1@group-9FC63B188219-LeaderElection20 PRE_VOTE round 7: result TIMEOUT
2024-10-09 00:14:02,843 [s1@group-9FC63B188219-LeaderElection20] INFO  impl.LeaderElection (LeaderElection.java:askForVotes(337)) - s1@group-9FC63B188219-LeaderElection20 PRE_VOTE round 8: submit vote requests at term 2 for conf: {index: 1, cur=peers:[s3|localhost:15172, s4|localhost:15176, s0|localhost:15160, s1|localhost:15164, s2|localhost:15168]|listeners:[], old=null}
2024-10-09 00:14:02,844 [HandlerDaemon-2] INFO  server.RaftServer$Division (RaftServerImpl.java:requestVote(1443)) - s3@group-9FC63B188219: receive requestVote(PRE_VOTE, s1, group-9FC63B188219, 2, (t:2, i:2))
2024-10-09 00:14:02,844 [HandlerDaemon-2] INFO  impl.VoteContext (VoteContext.java:log(49)) - s3@group-9FC63B188219-FOLLOWER: accept PRE_VOTE from s1: our priority 0 <= candidate's priority 0
2024-10-09 00:14:02,844 [HandlerDaemon-2] INFO  server.RaftServer$Division (RaftServerImpl.java:requestVote(1476)) - s3@group-9FC63B188219 replies to PRE_VOTE vote request: s1<-s3#0:OK-t2. Peer's state: s3@group-9FC63B188219:t2, leader=s2, voted=s2, raftlog=Memoized:s3@group-9FC63B188219-SegmentedRaftLog:OPENED:c2:last(t:2, i:2), conf=conf: {index: 1, cur=peers:[s3|localhost:15172, s4|localhost:15176, s0|localhost:15160, s1|localhost:15164, s2|localhost:15168]|listeners:[], old=null}
2024-10-09 00:14:02,844 [s1@group-9FC63B188219-LeaderElection20] INFO  impl.LeaderElection (LogUtils.java:infoOrTrace(136)) - s1@group-9FC63B188219-LeaderElection20 got exception when requesting votes: java.util.concurrent.ExecutionException: java.io.IOException: The peer s4 is not alive.
2024-10-09 00:14:02,844 [s1@group-9FC63B188219-LeaderElection20] INFO  impl.LeaderElection (LogUtils.java:infoOrTrace(136)) - s1@group-9FC63B188219-LeaderElection20 got exception when requesting votes: java.util.concurrent.ExecutionException: java.io.IOException: The peer s2 is not alive.
2024-10-09 00:14:03,110 [s1@group-9FC63B188219-LeaderElection20] INFO  impl.LeaderElection (LeaderElection.java:logAndReturn(90)) - s1@group-9FC63B188219-LeaderElection20: PRE_VOTE TIMEOUT received 1 response(s) and 2 exception(s):
2024-10-09 00:14:03,110 [s1@group-9FC63B188219-LeaderElection20] INFO  impl.LeaderElection (LeaderElection.java:logAndReturn(94)) -   Response 0: s1<-s3#0:OK-t2
2024-10-09 00:14:03,110 [s1@group-9FC63B188219-LeaderElection20] INFO  impl.LeaderElection (LogUtils.java:infoOrTrace(136)) -   Exception 1: java.util.concurrent.ExecutionException: java.io.IOException: The peer s4 is not alive.
2024-10-09 00:14:03,110 [s1@group-9FC63B188219-LeaderElection20] INFO  impl.LeaderElection (LogUtils.java:infoOrTrace(136)) -   Exception 2: java.util.concurrent.ExecutionException: java.io.IOException: The peer s2 is not alive.
2024-10-09 00:14:03,110 [s1@group-9FC63B188219-LeaderElection20] INFO  impl.LeaderElection (LeaderElection.java:askForVotes(339)) - s1@group-9FC63B188219-LeaderElection20 PRE_VOTE round 8: result TIMEOUT
2024-10-09 00:14:03,110 [s1@group-9FC63B188219-LeaderElection20] INFO  impl.LeaderElection (LeaderElection.java:askForVotes(337)) - s1@group-9FC63B188219-LeaderElection20 PRE_VOTE round 9: submit vote requests at term 2 for conf: {index: 1, cur=peers:[s3|localhost:15172, s4|localhost:15176, s0|localhost:15160, s1|localhost:15164, s2|localhost:15168]|listeners:[], old=null}
2024-10-09 00:14:03,111 [HandlerDaemon-0] INFO  server.RaftServer$Division (RaftServerImpl.java:requestVote(1443)) - s3@group-9FC63B188219: receive requestVote(PRE_VOTE, s1, group-9FC63B188219, 2, (t:2, i:2))
2024-10-09 00:14:03,111 [s1@group-9FC63B188219-LeaderElection20] INFO  impl.LeaderElection (LogUtils.java:infoOrTrace(136)) - s1@group-9FC63B188219-LeaderElection20 got exception when requesting votes: java.util.concurrent.ExecutionException: java.io.IOException: The peer s4 is not alive.
2024-10-09 00:14:03,111 [HandlerDaemon-0] INFO  impl.VoteContext (VoteContext.java:log(49)) - s3@group-9FC63B188219-FOLLOWER: accept PRE_VOTE from s1: our priority 0 <= candidate's priority 0
2024-10-09 00:14:03,111 [s1@group-9FC63B188219-LeaderElection20] INFO  impl.LeaderElection (LogUtils.java:infoOrTrace(136)) - s1@group-9FC63B188219-LeaderElection20 got exception when requesting votes: java.util.concurrent.ExecutionException: java.io.IOException: The peer s2 is not alive.
2024-10-09 00:14:03,111 [HandlerDaemon-0] INFO  server.RaftServer$Division (RaftServerImpl.java:requestVote(1476)) - s3@group-9FC63B188219 replies to PRE_VOTE vote request: s1<-s3#0:OK-t2. Peer's state: s3@group-9FC63B188219:t2, leader=s2, voted=s2, raftlog=Memoized:s3@group-9FC63B188219-SegmentedRaftLog:OPENED:c2:last(t:2, i:2), conf=conf: {index: 1, cur=peers:[s3|localhost:15172, s4|localhost:15176, s0|localhost:15160, s1|localhost:15164, s2|localhost:15168]|listeners:[], old=null}
2024-10-09 00:14:03,144 [main] WARN  ratis.RaftTestUtil (RaftTestUtil.java:lambda$waitForLeader$3(126)) - Attempt #5 failed: java.lang.IllegalStateException: No leader yet : printing ALL groups
  s3:  RUNNING  FOLLOWER s3@group-9FC63B188219:t2, leader=s2, voted=s2, raftlog=Memoized:s3@group-9FC63B188219-SegmentedRaftLog:OPENED:c2:last(t:2, i:2), conf=conf: {index: 1, cur=peers:[s3|localhost:15172, s4|localhost:15176, s0|localhost:15160, s1|localhost:15164, s2|localhost:15168]|listeners:[], old=null} RUNNING
  s4:   CLOSED    LEADER s4@group-9FC63B188219:t1, leader=s4, voted=s4, raftlog=Memoized:s4@group-9FC63B188219-SegmentedRaftLog:CLOSED:c0, conf=conf: {index: 0, cur=peers:[s3|localhost:15172, s4|localhost:15176, s0|localhost:15160, s1|localhost:15164, s2|localhost:15168]|listeners:[], old=null} CLOSED
  s0:  RUNNING  FOLLOWER s0@group-9FC63B188219:t1, leader=null, voted=null, raftlog=Memoized:s0@group-9FC63B188219-SegmentedRaftLog:OPENED:c-1:lastnull, conf=conf: {index: -1, cur=peers:[s3|localhost:15172, s4|localhost:15176, s0|localhost:15160, s1|localhost:15164, s2|localhost:15168]|listeners:[], old=null} RUNNING
  s1:  RUNNING CANDIDATE s1@group-9FC63B188219:t2, leader=null, voted=s2, raftlog=Memoized:s1@group-9FC63B188219-SegmentedRaftLog:OPENED:c2:last(t:2, i:2), conf=conf: {index: 1, cur=peers:[s3|localhost:15172, s4|localhost:15176, s0|localhost:15160, s1|localhost:15164, s2|localhost:15168]|listeners:[], old=null} RUNNING
  s2:   CLOSED    LEADER s2@group-9FC63B188219:t2, leader=s2, voted=s2, raftlog=Memoized:s2@group-9FC63B188219-SegmentedRaftLog:CLOSED:c2, conf=conf: {index: 1, cur=peers:[s3|localhost:15172, s4|localhost:15176, s0|localhost:15160, s1|localhost:15164, s2|localhost:15168]|listeners:[], old=null} CLOSED
2024-10-09 00:14:03,381 [s1@group-9FC63B188219-LeaderElection20] INFO  impl.LeaderElection (LeaderElection.java:logAndReturn(90)) - s1@group-9FC63B188219-LeaderElection20: PRE_VOTE TIMEOUT received 1 response(s) and 2 exception(s):
2024-10-09 00:14:03,381 [s1@group-9FC63B188219-LeaderElection20] INFO  impl.LeaderElection (LeaderElection.java:logAndReturn(94)) -   Response 0: s1<-s3#0:OK-t2
2024-10-09 00:14:03,381 [s1@group-9FC63B188219-LeaderElection20] INFO  impl.LeaderElection (LogUtils.java:infoOrTrace(136)) -   Exception 1: java.util.concurrent.ExecutionException: java.io.IOException: The peer s4 is not alive.
2024-10-09 00:14:03,381 [s1@group-9FC63B188219-LeaderElection20] INFO  impl.LeaderElection (LogUtils.java:infoOrTrace(136)) -   Exception 2: java.util.concurrent.ExecutionException: java.io.IOException: The peer s2 is not alive.
2024-10-09 00:14:03,381 [s1@group-9FC63B188219-LeaderElection20] INFO  impl.LeaderElection (LeaderElection.java:askForVotes(339)) - s1@group-9FC63B188219-LeaderElection20 PRE_VOTE round 9: result TIMEOUT
2024-10-09 00:14:03,381 [s1@group-9FC63B188219-LeaderElection20] INFO  impl.LeaderElection (LeaderElection.java:askForVotes(337)) - s1@group-9FC63B188219-LeaderElection20 PRE_VOTE round 10: submit vote requests at term 2 for conf: {index: 1, cur=peers:[s3|localhost:15172, s4|localhost:15176, s0|localhost:15160, s1|localhost:15164, s2|localhost:15168]|listeners:[], old=null}
2024-10-09 00:14:03,382 [HandlerDaemon-1] INFO  server.RaftServer$Division (RaftServerImpl.java:requestVote(1443)) - s3@group-9FC63B188219: receive requestVote(PRE_VOTE, s1, group-9FC63B188219, 2, (t:2, i:2))
2024-10-09 00:14:03,382 [HandlerDaemon-1] INFO  impl.VoteContext (VoteContext.java:log(49)) - s3@group-9FC63B188219-FOLLOWER: accept PRE_VOTE from s1: our priority 0 <= candidate's priority 0
2024-10-09 00:14:03,382 [HandlerDaemon-1] INFO  server.RaftServer$Division (RaftServerImpl.java:requestVote(1476)) - s3@group-9FC63B188219 replies to PRE_VOTE vote request: s1<-s3#0:OK-t2. Peer's state: s3@group-9FC63B188219:t2, leader=s2, voted=s2, raftlog=Memoized:s3@group-9FC63B188219-SegmentedRaftLog:OPENED:c2:last(t:2, i:2), conf=conf: {index: 1, cur=peers:[s3|localhost:15172, s4|localhost:15176, s0|localhost:15160, s1|localhost:15164, s2|localhost:15168]|listeners:[], old=null}
2024-10-09 00:14:03,382 [s1@group-9FC63B188219-LeaderElection20] INFO  impl.LeaderElection (LogUtils.java:infoOrTrace(136)) - s1@group-9FC63B188219-LeaderElection20 got exception when requesting votes: java.util.concurrent.ExecutionException: java.io.IOException: The peer s4 is not alive.
2024-10-09 00:14:03,382 [s1@group-9FC63B188219-LeaderElection20] INFO  impl.LeaderElection (LogUtils.java:infoOrTrace(136)) - s1@group-9FC63B188219-LeaderElection20 got exception when requesting votes: java.util.concurrent.ExecutionException: java.io.IOException: The peer s2 is not alive.
2024-10-09 00:14:03,595 [main] WARN  ratis.RaftTestUtil (RaftTestUtil.java:lambda$waitForLeader$3(126)) - Attempt #6 failed: java.lang.IllegalStateException: No leader yet : printing ALL groups
  s3:  RUNNING  FOLLOWER s3@group-9FC63B188219:t2, leader=s2, voted=s2, raftlog=Memoized:s3@group-9FC63B188219-SegmentedRaftLog:OPENED:c2:last(t:2, i:2), conf=conf: {index: 1, cur=peers:[s3|localhost:15172, s4|localhost:15176, s0|localhost:15160, s1|localhost:15164, s2|localhost:15168]|listeners:[], old=null} RUNNING
  s4:   CLOSED    LEADER s4@group-9FC63B188219:t1, leader=s4, voted=s4, raftlog=Memoized:s4@group-9FC63B188219-SegmentedRaftLog:CLOSED:c0, conf=conf: {index: 0, cur=peers:[s3|localhost:15172, s4|localhost:15176, s0|localhost:15160, s1|localhost:15164, s2|localhost:15168]|listeners:[], old=null} CLOSED
  s0:  RUNNING  FOLLOWER s0@group-9FC63B188219:t1, leader=null, voted=null, raftlog=Memoized:s0@group-9FC63B188219-SegmentedRaftLog:OPENED:c-1:lastnull, conf=conf: {index: -1, cur=peers:[s3|localhost:15172, s4|localhost:15176, s0|localhost:15160, s1|localhost:15164, s2|localhost:15168]|listeners:[], old=null} RUNNING
  s1:  RUNNING CANDIDATE s1@group-9FC63B188219:t2, leader=null, voted=s2, raftlog=Memoized:s1@group-9FC63B188219-SegmentedRaftLog:OPENED:c2:last(t:2, i:2), conf=conf: {index: 1, cur=peers:[s3|localhost:15172, s4|localhost:15176, s0|localhost:15160, s1|localhost:15164, s2|localhost:15168]|listeners:[], old=null} RUNNING
  s2:   CLOSED    LEADER s2@group-9FC63B188219:t2, leader=s2, voted=s2, raftlog=Memoized:s2@group-9FC63B188219-SegmentedRaftLog:CLOSED:c2, conf=conf: {index: 1, cur=peers:[s3|localhost:15172, s4|localhost:15176, s0|localhost:15160, s1|localhost:15164, s2|localhost:15168]|listeners:[], old=null} CLOSED
2024-10-09 00:14:03,659 [s1@group-9FC63B188219-LeaderElection20] INFO  impl.LeaderElection (LeaderElection.java:logAndReturn(90)) - s1@group-9FC63B188219-LeaderElection20: PRE_VOTE TIMEOUT received 1 response(s) and 2 exception(s):
2024-10-09 00:14:03,659 [s1@group-9FC63B188219-LeaderElection20] INFO  impl.LeaderElection (LeaderElection.java:logAndReturn(94)) -   Response 0: s1<-s3#0:OK-t2
2024-10-09 00:14:03,659 [s1@group-9FC63B188219-LeaderElection20] INFO  impl.LeaderElection (LogUtils.java:infoOrTrace(136)) -   Exception 1: java.util.concurrent.ExecutionException: java.io.IOException: The peer s4 is not alive.
2024-10-09 00:14:03,659 [s1@group-9FC63B188219-LeaderElection20] INFO  impl.LeaderElection (LogUtils.java:infoOrTrace(136)) -   Exception 2: java.util.concurrent.ExecutionException: java.io.IOException: The peer s2 is not alive.
2024-10-09 00:14:03,659 [s1@group-9FC63B188219-LeaderElection20] INFO  impl.LeaderElection (LeaderElection.java:askForVotes(339)) - s1@group-9FC63B188219-LeaderElection20 PRE_VOTE round 10: result TIMEOUT
2024-10-09 00:14:03,659 [s1@group-9FC63B188219-LeaderElection20] INFO  impl.LeaderElection (LeaderElection.java:askForVotes(337)) - s1@group-9FC63B188219-LeaderElection20 PRE_VOTE round 11: submit vote requests at term 2 for conf: {index: 1, cur=peers:[s3|localhost:15172, s4|localhost:15176, s0|localhost:15160, s1|localhost:15164, s2|localhost:15168]|listeners:[], old=null}
2024-10-09 00:14:03,660 [HandlerDaemon-2] INFO  server.RaftServer$Division (RaftServerImpl.java:requestVote(1443)) - s3@group-9FC63B188219: receive requestVote(PRE_VOTE, s1, group-9FC63B188219, 2, (t:2, i:2))
2024-10-09 00:14:03,660 [HandlerDaemon-2] INFO  impl.VoteContext (VoteContext.java:log(49)) - s3@group-9FC63B188219-FOLLOWER: accept PRE_VOTE from s1: our priority 0 <= candidate's priority 0
2024-10-09 00:14:03,660 [HandlerDaemon-2] INFO  server.RaftServer$Division (RaftServerImpl.java:requestVote(1476)) - s3@group-9FC63B188219 replies to PRE_VOTE vote request: s1<-s3#0:OK-t2. Peer's state: s3@group-9FC63B188219:t2, leader=s2, voted=s2, raftlog=Memoized:s3@group-9FC63B188219-SegmentedRaftLog:OPENED:c2:last(t:2, i:2), conf=conf: {index: 1, cur=peers:[s3|localhost:15172, s4|localhost:15176, s0|localhost:15160, s1|localhost:15164, s2|localhost:15168]|listeners:[], old=null}
2024-10-09 00:14:03,660 [s1@group-9FC63B188219-LeaderElection20] INFO  impl.LeaderElection (LogUtils.java:infoOrTrace(136)) - s1@group-9FC63B188219-LeaderElection20 got exception when requesting votes: java.util.concurrent.ExecutionException: java.io.IOException: The peer s4 is not alive.
2024-10-09 00:14:03,660 [s1@group-9FC63B188219-LeaderElection20] INFO  impl.LeaderElection (LogUtils.java:infoOrTrace(136)) - s1@group-9FC63B188219-LeaderElection20 got exception when requesting votes: java.util.concurrent.ExecutionException: java.io.IOException: The peer s2 is not alive.
2024-10-09 00:14:03,913 [s1@group-9FC63B188219-LeaderElection20] INFO  impl.LeaderElection (LeaderElection.java:logAndReturn(90)) - s1@group-9FC63B188219-LeaderElection20: PRE_VOTE TIMEOUT received 1 response(s) and 2 exception(s):
2024-10-09 00:14:03,913 [s1@group-9FC63B188219-LeaderElection20] INFO  impl.LeaderElection (LeaderElection.java:logAndReturn(94)) -   Response 0: s1<-s3#0:OK-t2
2024-10-09 00:14:03,913 [s1@group-9FC63B188219-LeaderElection20] INFO  impl.LeaderElection (LogUtils.java:infoOrTrace(136)) -   Exception 1: java.util.concurrent.ExecutionException: java.io.IOException: The peer s4 is not alive.
2024-10-09 00:14:03,913 [s1@group-9FC63B188219-LeaderElection20] INFO  impl.LeaderElection (LogUtils.java:infoOrTrace(136)) -   Exception 2: java.util.concurrent.ExecutionException: java.io.IOException: The peer s2 is not alive.
2024-10-09 00:14:03,913 [s1@group-9FC63B188219-LeaderElection20] INFO  impl.LeaderElection (LeaderElection.java:askForVotes(339)) - s1@group-9FC63B188219-LeaderElection20 PRE_VOTE round 11: result TIMEOUT
2024-10-09 00:14:03,913 [s1@group-9FC63B188219-LeaderElection20] INFO  impl.LeaderElection (LeaderElection.java:askForVotes(337)) - s1@group-9FC63B188219-LeaderElection20 PRE_VOTE round 12: submit vote requests at term 2 for conf: {index: 1, cur=peers:[s3|localhost:15172, s4|localhost:15176, s0|localhost:15160, s1|localhost:15164, s2|localhost:15168]|listeners:[], old=null}
2024-10-09 00:14:03,914 [HandlerDaemon-0] INFO  server.RaftServer$Division (RaftServerImpl.java:requestVote(1443)) - s3@group-9FC63B188219: receive requestVote(PRE_VOTE, s1, group-9FC63B188219, 2, (t:2, i:2))
2024-10-09 00:14:03,914 [s1@group-9FC63B188219-LeaderElection20] INFO  impl.LeaderElection (LogUtils.java:infoOrTrace(136)) - s1@group-9FC63B188219-LeaderElection20 got exception when requesting votes: java.util.concurrent.ExecutionException: java.io.IOException: The peer s4 is not alive.
2024-10-09 00:14:03,914 [HandlerDaemon-0] INFO  impl.VoteContext (VoteContext.java:log(49)) - s3@group-9FC63B188219-FOLLOWER: accept PRE_VOTE from s1: our priority 0 <= candidate's priority 0
2024-10-09 00:14:03,914 [s1@group-9FC63B188219-LeaderElection20] INFO  impl.LeaderElection (LogUtils.java:infoOrTrace(136)) - s1@group-9FC63B188219-LeaderElection20 got exception when requesting votes: java.util.concurrent.ExecutionException: java.io.IOException: The peer s2 is not alive.
2024-10-09 00:14:03,914 [HandlerDaemon-0] INFO  server.RaftServer$Division (RaftServerImpl.java:requestVote(1476)) - s3@group-9FC63B188219 replies to PRE_VOTE vote request: s1<-s3#0:OK-t2. Peer's state: s3@group-9FC63B188219:t2, leader=s2, voted=s2, raftlog=Memoized:s3@group-9FC63B188219-SegmentedRaftLog:OPENED:c2:last(t:2, i:2), conf=conf: {index: 1, cur=peers:[s3|localhost:15172, s4|localhost:15176, s0|localhost:15160, s1|localhost:15164, s2|localhost:15168]|listeners:[], old=null}
2024-10-09 00:14:04,045 [main] WARN  ratis.RaftTestUtil (RaftTestUtil.java:lambda$waitForLeader$3(126)) - Attempt #7 failed: java.lang.IllegalStateException: No leader yet : printing ALL groups
  s3:  RUNNING  FOLLOWER s3@group-9FC63B188219:t2, leader=s2, voted=s2, raftlog=Memoized:s3@group-9FC63B188219-SegmentedRaftLog:OPENED:c2:last(t:2, i:2), conf=conf: {index: 1, cur=peers:[s3|localhost:15172, s4|localhost:15176, s0|localhost:15160, s1|localhost:15164, s2|localhost:15168]|listeners:[], old=null} RUNNING
  s4:   CLOSED    LEADER s4@group-9FC63B188219:t1, leader=s4, voted=s4, raftlog=Memoized:s4@group-9FC63B188219-SegmentedRaftLog:CLOSED:c0, conf=conf: {index: 0, cur=peers:[s3|localhost:15172, s4|localhost:15176, s0|localhost:15160, s1|localhost:15164, s2|localhost:15168]|listeners:[], old=null} CLOSED
  s0:  RUNNING  FOLLOWER s0@group-9FC63B188219:t1, leader=null, voted=null, raftlog=Memoized:s0@group-9FC63B188219-SegmentedRaftLog:OPENED:c-1:lastnull, conf=conf: {index: -1, cur=peers:[s3|localhost:15172, s4|localhost:15176, s0|localhost:15160, s1|localhost:15164, s2|localhost:15168]|listeners:[], old=null} RUNNING
  s1:  RUNNING CANDIDATE s1@group-9FC63B188219:t2, leader=null, voted=s2, raftlog=Memoized:s1@group-9FC63B188219-SegmentedRaftLog:OPENED:c2:last(t:2, i:2), conf=conf: {index: 1, cur=peers:[s3|localhost:15172, s4|localhost:15176, s0|localhost:15160, s1|localhost:15164, s2|localhost:15168]|listeners:[], old=null} RUNNING
  s2:   CLOSED    LEADER s2@group-9FC63B188219:t2, leader=s2, voted=s2, raftlog=Memoized:s2@group-9FC63B188219-SegmentedRaftLog:CLOSED:c2, conf=conf: {index: 1, cur=peers:[s3|localhost:15172, s4|localhost:15176, s0|localhost:15160, s1|localhost:15164, s2|localhost:15168]|listeners:[], old=null} CLOSED
2024-10-09 00:14:04,151 [s1@group-9FC63B188219-LeaderElection20] INFO  impl.LeaderElection (LeaderElection.java:logAndReturn(90)) - s1@group-9FC63B188219-LeaderElection20: PRE_VOTE TIMEOUT received 1 response(s) and 2 exception(s):
2024-10-09 00:14:04,151 [s1@group-9FC63B188219-LeaderElection20] INFO  impl.LeaderElection (LeaderElection.java:logAndReturn(94)) -   Response 0: s1<-s3#0:OK-t2
2024-10-09 00:14:04,151 [s1@group-9FC63B188219-LeaderElection20] INFO  impl.LeaderElection (LogUtils.java:infoOrTrace(136)) -   Exception 1: java.util.concurrent.ExecutionException: java.io.IOException: The peer s4 is not alive.
2024-10-09 00:14:04,151 [s1@group-9FC63B188219-LeaderElection20] INFO  impl.LeaderElection (LogUtils.java:infoOrTrace(136)) -   Exception 2: java.util.concurrent.ExecutionException: java.io.IOException: The peer s2 is not alive.
2024-10-09 00:14:04,151 [s1@group-9FC63B188219-LeaderElection20] INFO  impl.LeaderElection (LeaderElection.java:askForVotes(339)) - s1@group-9FC63B188219-LeaderElection20 PRE_VOTE round 12: result TIMEOUT
2024-10-09 00:14:04,151 [s1@group-9FC63B188219-LeaderElection20] INFO  impl.LeaderElection (LeaderElection.java:askForVotes(337)) - s1@group-9FC63B188219-LeaderElection20 PRE_VOTE round 13: submit vote requests at term 2 for conf: {index: 1, cur=peers:[s3|localhost:15172, s4|localhost:15176, s0|localhost:15160, s1|localhost:15164, s2|localhost:15168]|listeners:[], old=null}
2024-10-09 00:14:04,151 [HandlerDaemon-1] INFO  server.RaftServer$Division (RaftServerImpl.java:requestVote(1443)) - s3@group-9FC63B188219: receive requestVote(PRE_VOTE, s1, group-9FC63B188219, 2, (t:2, i:2))
2024-10-09 00:14:04,152 [HandlerDaemon-1] INFO  impl.VoteContext (VoteContext.java:log(49)) - s3@group-9FC63B188219-FOLLOWER: accept PRE_VOTE from s1: our priority 0 <= candidate's priority 0
2024-10-09 00:14:04,152 [HandlerDaemon-1] INFO  server.RaftServer$Division (RaftServerImpl.java:requestVote(1476)) - s3@group-9FC63B188219 replies to PRE_VOTE vote request: s1<-s3#0:OK-t2. Peer's state: s3@group-9FC63B188219:t2, leader=s2, voted=s2, raftlog=Memoized:s3@group-9FC63B188219-SegmentedRaftLog:OPENED:c2:last(t:2, i:2), conf=conf: {index: 1, cur=peers:[s3|localhost:15172, s4|localhost:15176, s0|localhost:15160, s1|localhost:15164, s2|localhost:15168]|listeners:[], old=null}
2024-10-09 00:14:04,152 [s1@group-9FC63B188219-LeaderElection20] INFO  impl.LeaderElection (LogUtils.java:infoOrTrace(136)) - s1@group-9FC63B188219-LeaderElection20 got exception when requesting votes: java.util.concurrent.ExecutionException: java.io.IOException: The peer s4 is not alive.
2024-10-09 00:14:04,152 [s1@group-9FC63B188219-LeaderElection20] INFO  impl.LeaderElection (LogUtils.java:infoOrTrace(136)) - s1@group-9FC63B188219-LeaderElection20 got exception when requesting votes: java.util.concurrent.ExecutionException: java.io.IOException: The peer s2 is not alive.
2024-10-09 00:14:04,406 [s1@group-9FC63B188219-LeaderElection20] INFO  impl.LeaderElection (LeaderElection.java:logAndReturn(90)) - s1@group-9FC63B188219-LeaderElection20: PRE_VOTE TIMEOUT received 1 response(s) and 2 exception(s):
2024-10-09 00:14:04,406 [s1@group-9FC63B188219-LeaderElection20] INFO  impl.LeaderElection (LeaderElection.java:logAndReturn(94)) -   Response 0: s1<-s3#0:OK-t2
2024-10-09 00:14:04,406 [s1@group-9FC63B188219-LeaderElection20] INFO  impl.LeaderElection (LogUtils.java:infoOrTrace(136)) -   Exception 1: java.util.concurrent.ExecutionException: java.io.IOException: The peer s4 is not alive.
2024-10-09 00:14:04,406 [s1@group-9FC63B188219-LeaderElection20] INFO  impl.LeaderElection (LogUtils.java:infoOrTrace(136)) -   Exception 2: java.util.concurrent.ExecutionException: java.io.IOException: The peer s2 is not alive.
2024-10-09 00:14:04,406 [s1@group-9FC63B188219-LeaderElection20] INFO  impl.LeaderElection (LeaderElection.java:askForVotes(339)) - s1@group-9FC63B188219-LeaderElection20 PRE_VOTE round 13: result TIMEOUT
2024-10-09 00:14:04,406 [s1@group-9FC63B188219-LeaderElection20] INFO  impl.LeaderElection (LeaderElection.java:askForVotes(337)) - s1@group-9FC63B188219-LeaderElection20 PRE_VOTE round 14: submit vote requests at term 2 for conf: {index: 1, cur=peers:[s3|localhost:15172, s4|localhost:15176, s0|localhost:15160, s1|localhost:15164, s2|localhost:15168]|listeners:[], old=null}
2024-10-09 00:14:04,407 [HandlerDaemon-2] INFO  server.RaftServer$Division (RaftServerImpl.java:requestVote(1443)) - s3@group-9FC63B188219: receive requestVote(PRE_VOTE, s1, group-9FC63B188219, 2, (t:2, i:2))
2024-10-09 00:14:04,407 [s1@group-9FC63B188219-LeaderElection20] INFO  impl.LeaderElection (LogUtils.java:infoOrTrace(136)) - s1@group-9FC63B188219-LeaderElection20 got exception when requesting votes: java.util.concurrent.ExecutionException: java.io.IOException: The peer s4 is not alive.
2024-10-09 00:14:04,407 [HandlerDaemon-2] INFO  impl.VoteContext (VoteContext.java:log(49)) - s3@group-9FC63B188219-FOLLOWER: accept PRE_VOTE from s1: our priority 0 <= candidate's priority 0
2024-10-09 00:14:04,407 [s1@group-9FC63B188219-LeaderElection20] INFO  impl.LeaderElection (LogUtils.java:infoOrTrace(136)) - s1@group-9FC63B188219-LeaderElection20 got exception when requesting votes: java.util.concurrent.ExecutionException: java.io.IOException: The peer s2 is not alive.
2024-10-09 00:14:04,407 [HandlerDaemon-2] INFO  server.RaftServer$Division (RaftServerImpl.java:requestVote(1476)) - s3@group-9FC63B188219 replies to PRE_VOTE vote request: s1<-s3#0:OK-t2. Peer's state: s3@group-9FC63B188219:t2, leader=s2, voted=s2, raftlog=Memoized:s3@group-9FC63B188219-SegmentedRaftLog:OPENED:c2:last(t:2, i:2), conf=conf: {index: 1, cur=peers:[s3|localhost:15172, s4|localhost:15176, s0|localhost:15160, s1|localhost:15164, s2|localhost:15168]|listeners:[], old=null}
2024-10-09 00:14:04,496 [main] WARN  ratis.RaftTestUtil (RaftTestUtil.java:lambda$waitForLeader$3(126)) - Attempt #8 failed: java.lang.IllegalStateException: No leader yet : printing ALL groups
  s3:  RUNNING  FOLLOWER s3@group-9FC63B188219:t2, leader=s2, voted=s2, raftlog=Memoized:s3@group-9FC63B188219-SegmentedRaftLog:OPENED:c2:last(t:2, i:2), conf=conf: {index: 1, cur=peers:[s3|localhost:15172, s4|localhost:15176, s0|localhost:15160, s1|localhost:15164, s2|localhost:15168]|listeners:[], old=null} RUNNING
  s4:   CLOSED    LEADER s4@group-9FC63B188219:t1, leader=s4, voted=s4, raftlog=Memoized:s4@group-9FC63B188219-SegmentedRaftLog:CLOSED:c0, conf=conf: {index: 0, cur=peers:[s3|localhost:15172, s4|localhost:15176, s0|localhost:15160, s1|localhost:15164, s2|localhost:15168]|listeners:[], old=null} CLOSED
  s0:  RUNNING  FOLLOWER s0@group-9FC63B188219:t1, leader=null, voted=null, raftlog=Memoized:s0@group-9FC63B188219-SegmentedRaftLog:OPENED:c-1:lastnull, conf=conf: {index: -1, cur=peers:[s3|localhost:15172, s4|localhost:15176, s0|localhost:15160, s1|localhost:15164, s2|localhost:15168]|listeners:[], old=null} RUNNING
  s1:  RUNNING CANDIDATE s1@group-9FC63B188219:t2, leader=null, voted=s2, raftlog=Memoized:s1@group-9FC63B188219-SegmentedRaftLog:OPENED:c2:last(t:2, i:2), conf=conf: {index: 1, cur=peers:[s3|localhost:15172, s4|localhost:15176, s0|localhost:15160, s1|localhost:15164, s2|localhost:15168]|listeners:[], old=null} RUNNING
  s2:   CLOSED    LEADER s2@group-9FC63B188219:t2, leader=s2, voted=s2, raftlog=Memoized:s2@group-9FC63B188219-SegmentedRaftLog:CLOSED:c2, conf=conf: {index: 1, cur=peers:[s3|localhost:15172, s4|localhost:15176, s0|localhost:15160, s1|localhost:15164, s2|localhost:15168]|listeners:[], old=null} CLOSED
2024-10-09 00:14:04,691 [s3@group-9FC63B188219-FollowerState] INFO  impl.FollowerState (FollowerState.java:runImpl(156)) - s3@group-9FC63B188219-FollowerState: change to CANDIDATE, lastRpcElapsedTime:284165017ns, electionTimeout:239ms
2024-10-09 00:14:04,691 [s3@group-9FC63B188219-FollowerState] INFO  impl.RoleInfo (RoleInfo.java:shutdownFollowerState(121)) - s3: shutdown s3@group-9FC63B188219-FollowerState
2024-10-09 00:14:04,691 [s3@group-9FC63B188219-FollowerState] INFO  server.RaftServer$Division (RaftServerImpl.java:setRole(379)) - s3@group-9FC63B188219: changes role from  FOLLOWER to CANDIDATE at term 2 for changeToCandidate
2024-10-09 00:14:04,691 [s3@group-9FC63B188219-FollowerState] INFO  server.RaftServerConfigKeys (ConfUtils.java:logGet(46)) - raft.server.leaderelection.pre-vote = true (default)
2024-10-09 00:14:04,691 [s3@group-9FC63B188219-FollowerState] INFO  impl.RoleInfo (RoleInfo.java:updateAndGet(148)) - s3: start s3@group-9FC63B188219-LeaderElection21
2024-10-09 00:14:04,692 [s3@group-9FC63B188219-LeaderElection21] INFO  server.RaftServer$Division (ServerState.java:setLeader(272)) - s3@group-9FC63B188219: change Leader from s2 to null at term 2 for PRE_VOTE
2024-10-09 00:14:04,692 [s3@group-9FC63B188219-LeaderElection21] INFO  impl.LeaderElection (LeaderElection.java:askForVotes(337)) - s3@group-9FC63B188219-LeaderElection21 PRE_VOTE round 0: submit vote requests at term 2 for conf: {index: 1, cur=peers:[s3|localhost:15172, s4|localhost:15176, s0|localhost:15160, s1|localhost:15164, s2|localhost:15168]|listeners:[], old=null}
2024-10-09 00:14:04,692 [HandlerDaemon-0] INFO  server.RaftServer$Division (RaftServerImpl.java:requestVote(1443)) - s1@group-9FC63B188219: receive requestVote(PRE_VOTE, s3, group-9FC63B188219, 2, (t:2, i:2))
2024-10-09 00:14:04,692 [s3@group-9FC63B188219-LeaderElection21] INFO  impl.LeaderElection (LogUtils.java:infoOrTrace(136)) - s3@group-9FC63B188219-LeaderElection21 got exception when requesting votes: java.util.concurrent.ExecutionException: java.io.IOException: The peer s4 is not alive.
2024-10-09 00:14:04,692 [s3@group-9FC63B188219-LeaderElection21] INFO  impl.LeaderElection (LogUtils.java:infoOrTrace(136)) - s3@group-9FC63B188219-LeaderElection21 got exception when requesting votes: java.util.concurrent.ExecutionException: java.io.IOException: The peer s2 is not alive.
2024-10-09 00:14:04,692 [HandlerDaemon-0] INFO  impl.VoteContext (VoteContext.java:log(49)) - s1@group-9FC63B188219-CANDIDATE: accept PRE_VOTE from s3: our priority 0 <= candidate's priority 0
2024-10-09 00:14:04,692 [HandlerDaemon-0] INFO  server.RaftServer$Division (RaftServerImpl.java:requestVote(1476)) - s1@group-9FC63B188219 replies to PRE_VOTE vote request: s3<-s1#0:OK-t2. Peer's state: s1@group-9FC63B188219:t2, leader=null, voted=s2, raftlog=Memoized:s1@group-9FC63B188219-SegmentedRaftLog:OPENED:c2:last(t:2, i:2), conf=conf: {index: 1, cur=peers:[s3|localhost:15172, s4|localhost:15176, s0|localhost:15160, s1|localhost:15164, s2|localhost:15168]|listeners:[], old=null}
2024-10-09 00:14:04,696 [s1@group-9FC63B188219-LeaderElection20] INFO  impl.LeaderElection (LeaderElection.java:logAndReturn(90)) - s1@group-9FC63B188219-LeaderElection20: PRE_VOTE TIMEOUT received 1 response(s) and 2 exception(s):
2024-10-09 00:14:04,696 [s1@group-9FC63B188219-LeaderElection20] INFO  impl.LeaderElection (LeaderElection.java:logAndReturn(94)) -   Response 0: s1<-s3#0:OK-t2
2024-10-09 00:14:04,696 [s1@group-9FC63B188219-LeaderElection20] INFO  impl.LeaderElection (LogUtils.java:infoOrTrace(136)) -   Exception 1: java.util.concurrent.ExecutionException: java.io.IOException: The peer s4 is not alive.
2024-10-09 00:14:04,696 [s1@group-9FC63B188219-LeaderElection20] INFO  impl.LeaderElection (LogUtils.java:infoOrTrace(136)) -   Exception 2: java.util.concurrent.ExecutionException: java.io.IOException: The peer s2 is not alive.
2024-10-09 00:14:04,696 [s1@group-9FC63B188219-LeaderElection20] INFO  impl.LeaderElection (LeaderElection.java:askForVotes(339)) - s1@group-9FC63B188219-LeaderElection20 PRE_VOTE round 14: result TIMEOUT
2024-10-09 00:14:04,696 [s1@group-9FC63B188219-LeaderElection20] INFO  impl.LeaderElection (LeaderElection.java:askForVotes(337)) - s1@group-9FC63B188219-LeaderElection20 PRE_VOTE round 15: submit vote requests at term 2 for conf: {index: 1, cur=peers:[s3|localhost:15172, s4|localhost:15176, s0|localhost:15160, s1|localhost:15164, s2|localhost:15168]|listeners:[], old=null}
2024-10-09 00:14:04,696 [HandlerDaemon-0] INFO  server.RaftServer$Division (RaftServerImpl.java:requestVote(1443)) - s3@group-9FC63B188219: receive requestVote(PRE_VOTE, s1, group-9FC63B188219, 2, (t:2, i:2))
2024-10-09 00:14:04,697 [HandlerDaemon-0] INFO  impl.VoteContext (VoteContext.java:log(49)) - s3@group-9FC63B188219-CANDIDATE: accept PRE_VOTE from s1: our priority 0 <= candidate's priority 0
2024-10-09 00:14:04,697 [HandlerDaemon-0] INFO  server.RaftServer$Division (RaftServerImpl.java:requestVote(1476)) - s3@group-9FC63B188219 replies to PRE_VOTE vote request: s1<-s3#0:OK-t2. Peer's state: s3@group-9FC63B188219:t2, leader=null, voted=s2, raftlog=Memoized:s3@group-9FC63B188219-SegmentedRaftLog:OPENED:c2:last(t:2, i:2), conf=conf: {index: 1, cur=peers:[s3|localhost:15172, s4|localhost:15176, s0|localhost:15160, s1|localhost:15164, s2|localhost:15168]|listeners:[], old=null}
2024-10-09 00:14:04,697 [s1@group-9FC63B188219-LeaderElection20] INFO  impl.LeaderElection (LogUtils.java:infoOrTrace(136)) - s1@group-9FC63B188219-LeaderElection20 got exception when requesting votes: java.util.concurrent.ExecutionException: java.io.IOException: The peer s4 is not alive.
2024-10-09 00:14:04,697 [s1@group-9FC63B188219-LeaderElection20] INFO  impl.LeaderElection (LogUtils.java:infoOrTrace(136)) - s1@group-9FC63B188219-LeaderElection20 got exception when requesting votes: java.util.concurrent.ExecutionException: java.io.IOException: The peer s2 is not alive.
2024-10-09 00:14:04,842 [s3@group-9FC63B188219-LeaderElection21] INFO  impl.LeaderElection (LeaderElection.java:logAndReturn(90)) - s3@group-9FC63B188219-LeaderElection21: PRE_VOTE TIMEOUT received 1 response(s) and 2 exception(s):
2024-10-09 00:14:04,842 [s3@group-9FC63B188219-LeaderElection21] INFO  impl.LeaderElection (LeaderElection.java:logAndReturn(94)) -   Response 0: s3<-s1#0:OK-t2
2024-10-09 00:14:04,842 [s3@group-9FC63B188219-LeaderElection21] INFO  impl.LeaderElection (LogUtils.java:infoOrTrace(136)) -   Exception 1: java.util.concurrent.ExecutionException: java.io.IOException: The peer s4 is not alive.
2024-10-09 00:14:04,842 [s3@group-9FC63B188219-LeaderElection21] INFO  impl.LeaderElection (LogUtils.java:infoOrTrace(136)) -   Exception 2: java.util.concurrent.ExecutionException: java.io.IOException: The peer s2 is not alive.
2024-10-09 00:14:04,842 [s3@group-9FC63B188219-LeaderElection21] INFO  impl.LeaderElection (LeaderElection.java:askForVotes(339)) - s3@group-9FC63B188219-LeaderElection21 PRE_VOTE round 0: result TIMEOUT
2024-10-09 00:14:04,842 [s3@group-9FC63B188219-LeaderElection21] INFO  impl.LeaderElection (LeaderElection.java:askForVotes(337)) - s3@group-9FC63B188219-LeaderElection21 PRE_VOTE round 1: submit vote requests at term 2 for conf: {index: 1, cur=peers:[s3|localhost:15172, s4|localhost:15176, s0|localhost:15160, s1|localhost:15164, s2|localhost:15168]|listeners:[], old=null}
2024-10-09 00:14:04,845 [s3@group-9FC63B188219-LeaderElection21] INFO  impl.LeaderElection (LogUtils.java:infoOrTrace(136)) - s3@group-9FC63B188219-LeaderElection21 got exception when requesting votes: java.util.concurrent.ExecutionException: java.io.IOException: The peer s4 is not alive.
2024-10-09 00:14:04,845 [HandlerDaemon-1] INFO  server.RaftServer$Division (RaftServerImpl.java:requestVote(1443)) - s1@group-9FC63B188219: receive requestVote(PRE_VOTE, s3, group-9FC63B188219, 2, (t:2, i:2))
2024-10-09 00:14:04,845 [s3@group-9FC63B188219-LeaderElection21] INFO  impl.LeaderElection (LogUtils.java:infoOrTrace(136)) - s3@group-9FC63B188219-LeaderElection21 got exception when requesting votes: java.util.concurrent.ExecutionException: java.io.IOException: The peer s2 is not alive.
2024-10-09 00:14:04,845 [HandlerDaemon-1] INFO  impl.VoteContext (VoteContext.java:log(49)) - s1@group-9FC63B188219-CANDIDATE: accept PRE_VOTE from s3: our priority 0 <= candidate's priority 0
2024-10-09 00:14:04,845 [HandlerDaemon-1] INFO  server.RaftServer$Division (RaftServerImpl.java:requestVote(1476)) - s1@group-9FC63B188219 replies to PRE_VOTE vote request: s3<-s1#0:OK-t2. Peer's state: s1@group-9FC63B188219:t2, leader=null, voted=s2, raftlog=Memoized:s1@group-9FC63B188219-SegmentedRaftLog:OPENED:c2:last(t:2, i:2), conf=conf: {index: 1, cur=peers:[s3|localhost:15172, s4|localhost:15176, s0|localhost:15160, s1|localhost:15164, s2|localhost:15168]|listeners:[], old=null}
2024-10-09 00:14:04,871 [s1@group-9FC63B188219-LeaderElection20] INFO  impl.LeaderElection (LeaderElection.java:logAndReturn(90)) - s1@group-9FC63B188219-LeaderElection20: PRE_VOTE TIMEOUT received 1 response(s) and 2 exception(s):
2024-10-09 00:14:04,871 [s1@group-9FC63B188219-LeaderElection20] INFO  impl.LeaderElection (LeaderElection.java:logAndReturn(94)) -   Response 0: s1<-s3#0:OK-t2
2024-10-09 00:14:04,871 [s1@group-9FC63B188219-LeaderElection20] INFO  impl.LeaderElection (LogUtils.java:infoOrTrace(136)) -   Exception 1: java.util.concurrent.ExecutionException: java.io.IOException: The peer s4 is not alive.
2024-10-09 00:14:04,871 [s1@group-9FC63B188219-LeaderElection20] INFO  impl.LeaderElection (LogUtils.java:infoOrTrace(136)) -   Exception 2: java.util.concurrent.ExecutionException: java.io.IOException: The peer s2 is not alive.
2024-10-09 00:14:04,871 [s1@group-9FC63B188219-LeaderElection20] INFO  impl.LeaderElection (LeaderElection.java:askForVotes(339)) - s1@group-9FC63B188219-LeaderElection20 PRE_VOTE round 15: result TIMEOUT
2024-10-09 00:14:04,871 [s1@group-9FC63B188219-LeaderElection20] INFO  impl.LeaderElection (LeaderElection.java:askForVotes(337)) - s1@group-9FC63B188219-LeaderElection20 PRE_VOTE round 16: submit vote requests at term 2 for conf: {index: 1, cur=peers:[s3|localhost:15172, s4|localhost:15176, s0|localhost:15160, s1|localhost:15164, s2|localhost:15168]|listeners:[], old=null}
2024-10-09 00:14:04,872 [HandlerDaemon-1] INFO  server.RaftServer$Division (RaftServerImpl.java:requestVote(1443)) - s3@group-9FC63B188219: receive requestVote(PRE_VOTE, s1, group-9FC63B188219, 2, (t:2, i:2))
2024-10-09 00:14:04,872 [HandlerDaemon-1] INFO  impl.VoteContext (VoteContext.java:log(49)) - s3@group-9FC63B188219-CANDIDATE: accept PRE_VOTE from s1: our priority 0 <= candidate's priority 0
2024-10-09 00:14:04,872 [HandlerDaemon-1] INFO  server.RaftServer$Division (RaftServerImpl.java:requestVote(1476)) - s3@group-9FC63B188219 replies to PRE_VOTE vote request: s1<-s3#0:OK-t2. Peer's state: s3@group-9FC63B188219:t2, leader=null, voted=s2, raftlog=Memoized:s3@group-9FC63B188219-SegmentedRaftLog:OPENED:c2:last(t:2, i:2), conf=conf: {index: 1, cur=peers:[s3|localhost:15172, s4|localhost:15176, s0|localhost:15160, s1|localhost:15164, s2|localhost:15168]|listeners:[], old=null}
2024-10-09 00:14:04,872 [s1@group-9FC63B188219-LeaderElection20] INFO  impl.LeaderElection (LogUtils.java:infoOrTrace(136)) - s1@group-9FC63B188219-LeaderElection20 got exception when requesting votes: java.util.concurrent.ExecutionException: java.io.IOException: The peer s4 is not alive.
2024-10-09 00:14:04,872 [s1@group-9FC63B188219-LeaderElection20] INFO  impl.LeaderElection (LogUtils.java:infoOrTrace(136)) - s1@group-9FC63B188219-LeaderElection20 got exception when requesting votes: java.util.concurrent.ExecutionException: java.io.IOException: The peer s2 is not alive.
2024-10-09 00:14:04,946 [main] WARN  ratis.RaftTestUtil (RaftTestUtil.java:lambda$waitForLeader$3(126)) - Attempt #9 failed: java.lang.IllegalStateException: No leader yet : printing ALL groups
  s3:  RUNNING CANDIDATE s3@group-9FC63B188219:t2, leader=null, voted=s2, raftlog=Memoized:s3@group-9FC63B188219-SegmentedRaftLog:OPENED:c2:last(t:2, i:2), conf=conf: {index: 1, cur=peers:[s3|localhost:15172, s4|localhost:15176, s0|localhost:15160, s1|localhost:15164, s2|localhost:15168]|listeners:[], old=null} RUNNING
  s4:   CLOSED    LEADER s4@group-9FC63B188219:t1, leader=s4, voted=s4, raftlog=Memoized:s4@group-9FC63B188219-SegmentedRaftLog:CLOSED:c0, conf=conf: {index: 0, cur=peers:[s3|localhost:15172, s4|localhost:15176, s0|localhost:15160, s1|localhost:15164, s2|localhost:15168]|listeners:[], old=null} CLOSED
  s0:  RUNNING  FOLLOWER s0@group-9FC63B188219:t1, leader=null, voted=null, raftlog=Memoized:s0@group-9FC63B188219-SegmentedRaftLog:OPENED:c-1:lastnull, conf=conf: {index: -1, cur=peers:[s3|localhost:15172, s4|localhost:15176, s0|localhost:15160, s1|localhost:15164, s2|localhost:15168]|listeners:[], old=null} RUNNING
  s1:  RUNNING CANDIDATE s1@group-9FC63B188219:t2, leader=null, voted=s2, raftlog=Memoized:s1@group-9FC63B188219-SegmentedRaftLog:OPENED:c2:last(t:2, i:2), conf=conf: {index: 1, cur=peers:[s3|localhost:15172, s4|localhost:15176, s0|localhost:15160, s1|localhost:15164, s2|localhost:15168]|listeners:[], old=null} RUNNING
  s2:   CLOSED    LEADER s2@group-9FC63B188219:t2, leader=s2, voted=s2, raftlog=Memoized:s2@group-9FC63B188219-SegmentedRaftLog:CLOSED:c2, conf=conf: {index: 1, cur=peers:[s3|localhost:15172, s4|localhost:15176, s0|localhost:15160, s1|localhost:15164, s2|localhost:15168]|listeners:[], old=null} CLOSED
2024-10-09 00:14:05,016 [s3@group-9FC63B188219-LeaderElection21] INFO  impl.LeaderElection (LeaderElection.java:logAndReturn(90)) - s3@group-9FC63B188219-LeaderElection21: PRE_VOTE TIMEOUT received 1 response(s) and 2 exception(s):
2024-10-09 00:14:05,016 [s3@group-9FC63B188219-LeaderElection21] INFO  impl.LeaderElection (LeaderElection.java:logAndReturn(94)) -   Response 0: s3<-s1#0:OK-t2
2024-10-09 00:14:05,016 [s3@group-9FC63B188219-LeaderElection21] INFO  impl.LeaderElection (LogUtils.java:infoOrTrace(136)) -   Exception 1: java.util.concurrent.ExecutionException: java.io.IOException: The peer s4 is not alive.
2024-10-09 00:14:05,016 [s3@group-9FC63B188219-LeaderElection21] INFO  impl.LeaderElection (LogUtils.java:infoOrTrace(136)) -   Exception 2: java.util.concurrent.ExecutionException: java.io.IOException: The peer s2 is not alive.
2024-10-09 00:14:05,016 [s3@group-9FC63B188219-LeaderElection21] INFO  impl.LeaderElection (LeaderElection.java:askForVotes(339)) - s3@group-9FC63B188219-LeaderElection21 PRE_VOTE round 1: result TIMEOUT
2024-10-09 00:14:05,016 [s3@group-9FC63B188219-LeaderElection21] INFO  impl.LeaderElection (LeaderElection.java:askForVotes(337)) - s3@group-9FC63B188219-LeaderElection21 PRE_VOTE round 2: submit vote requests at term 2 for conf: {index: 1, cur=peers:[s3|localhost:15172, s4|localhost:15176, s0|localhost:15160, s1|localhost:15164, s2|localhost:15168]|listeners:[], old=null}
2024-10-09 00:14:05,017 [s3@group-9FC63B188219-LeaderElection21] INFO  impl.LeaderElection (LogUtils.java:infoOrTrace(136)) - s3@group-9FC63B188219-LeaderElection21 got exception when requesting votes: java.util.concurrent.ExecutionException: java.io.IOException: The peer s4 is not alive.
2024-10-09 00:14:05,017 [HandlerDaemon-2] INFO  server.RaftServer$Division (RaftServerImpl.java:requestVote(1443)) - s1@group-9FC63B188219: receive requestVote(PRE_VOTE, s3, group-9FC63B188219, 2, (t:2, i:2))
2024-10-09 00:14:05,017 [s3@group-9FC63B188219-LeaderElection21] INFO  impl.LeaderElection (LogUtils.java:infoOrTrace(136)) - s3@group-9FC63B188219-LeaderElection21 got exception when requesting votes: java.util.concurrent.ExecutionException: java.io.IOException: The peer s2 is not alive.
2024-10-09 00:14:05,017 [HandlerDaemon-2] INFO  impl.VoteContext (VoteContext.java:log(49)) - s1@group-9FC63B188219-CANDIDATE: accept PRE_VOTE from s3: our priority 0 <= candidate's priority 0
2024-10-09 00:14:05,017 [HandlerDaemon-2] INFO  server.RaftServer$Division (RaftServerImpl.java:requestVote(1476)) - s1@group-9FC63B188219 replies to PRE_VOTE vote request: s3<-s1#0:OK-t2. Peer's state: s1@group-9FC63B188219:t2, leader=null, voted=s2, raftlog=Memoized:s1@group-9FC63B188219-SegmentedRaftLog:OPENED:c2:last(t:2, i:2), conf=conf: {index: 1, cur=peers:[s3|localhost:15172, s4|localhost:15176, s0|localhost:15160, s1|localhost:15164, s2|localhost:15168]|listeners:[], old=null}
2024-10-09 00:14:05,070 [s1@group-9FC63B188219-LeaderElection20] INFO  impl.LeaderElection (LeaderElection.java:logAndReturn(90)) - s1@group-9FC63B188219-LeaderElection20: PRE_VOTE TIMEOUT received 1 response(s) and 2 exception(s):
2024-10-09 00:14:05,070 [s1@group-9FC63B188219-LeaderElection20] INFO  impl.LeaderElection (LeaderElection.java:logAndReturn(94)) -   Response 0: s1<-s3#0:OK-t2
2024-10-09 00:14:05,070 [s1@group-9FC63B188219-LeaderElection20] INFO  impl.LeaderElection (LogUtils.java:infoOrTrace(136)) -   Exception 1: java.util.concurrent.ExecutionException: java.io.IOException: The peer s4 is not alive.
2024-10-09 00:14:05,070 [s1@group-9FC63B188219-LeaderElection20] INFO  impl.LeaderElection (LogUtils.java:infoOrTrace(136)) -   Exception 2: java.util.concurrent.ExecutionException: java.io.IOException: The peer s2 is not alive.
2024-10-09 00:14:05,070 [s1@group-9FC63B188219-LeaderElection20] INFO  impl.LeaderElection (LeaderElection.java:askForVotes(339)) - s1@group-9FC63B188219-LeaderElection20 PRE_VOTE round 16: result TIMEOUT
2024-10-09 00:14:05,070 [s1@group-9FC63B188219-LeaderElection20] INFO  impl.LeaderElection (LeaderElection.java:askForVotes(337)) - s1@group-9FC63B188219-LeaderElection20 PRE_VOTE round 17: submit vote requests at term 2 for conf: {index: 1, cur=peers:[s3|localhost:15172, s4|localhost:15176, s0|localhost:15160, s1|localhost:15164, s2|localhost:15168]|listeners:[], old=null}
2024-10-09 00:14:05,071 [HandlerDaemon-2] INFO  server.RaftServer$Division (RaftServerImpl.java:requestVote(1443)) - s3@group-9FC63B188219: receive requestVote(PRE_VOTE, s1, group-9FC63B188219, 2, (t:2, i:2))
2024-10-09 00:14:05,071 [HandlerDaemon-2] INFO  impl.VoteContext (VoteContext.java:log(49)) - s3@group-9FC63B188219-CANDIDATE: accept PRE_VOTE from s1: our priority 0 <= candidate's priority 0
2024-10-09 00:14:05,071 [HandlerDaemon-2] INFO  server.RaftServer$Division (RaftServerImpl.java:requestVote(1476)) - s3@group-9FC63B188219 replies to PRE_VOTE vote request: s1<-s3#0:OK-t2. Peer's state: s3@group-9FC63B188219:t2, leader=null, voted=s2, raftlog=Memoized:s3@group-9FC63B188219-SegmentedRaftLog:OPENED:c2:last(t:2, i:2), conf=conf: {index: 1, cur=peers:[s3|localhost:15172, s4|localhost:15176, s0|localhost:15160, s1|localhost:15164, s2|localhost:15168]|listeners:[], old=null}
2024-10-09 00:14:05,071 [s1@group-9FC63B188219-LeaderElection20] INFO  impl.LeaderElection (LogUtils.java:infoOrTrace(136)) - s1@group-9FC63B188219-LeaderElection20 got exception when requesting votes: java.util.concurrent.ExecutionException: java.io.IOException: The peer s4 is not alive.
2024-10-09 00:14:05,071 [s1@group-9FC63B188219-LeaderElection20] INFO  impl.LeaderElection (LogUtils.java:infoOrTrace(136)) - s1@group-9FC63B188219-LeaderElection20 got exception when requesting votes: java.util.concurrent.ExecutionException: java.io.IOException: The peer s2 is not alive.
2024-10-09 00:14:05,234 [s1@group-9FC63B188219-LeaderElection20] INFO  impl.LeaderElection (LeaderElection.java:logAndReturn(90)) - s1@group-9FC63B188219-LeaderElection20: PRE_VOTE TIMEOUT received 1 response(s) and 2 exception(s):
2024-10-09 00:14:05,234 [s1@group-9FC63B188219-LeaderElection20] INFO  impl.LeaderElection (LeaderElection.java:logAndReturn(94)) -   Response 0: s1<-s3#0:OK-t2
2024-10-09 00:14:05,234 [s1@group-9FC63B188219-LeaderElection20] INFO  impl.LeaderElection (LogUtils.java:infoOrTrace(136)) -   Exception 1: java.util.concurrent.ExecutionException: java.io.IOException: The peer s4 is not alive.
2024-10-09 00:14:05,234 [s1@group-9FC63B188219-LeaderElection20] INFO  impl.LeaderElection (LogUtils.java:infoOrTrace(136)) -   Exception 2: java.util.concurrent.ExecutionException: java.io.IOException: The peer s2 is not alive.
2024-10-09 00:14:05,234 [s1@group-9FC63B188219-LeaderElection20] INFO  impl.LeaderElection (LeaderElection.java:askForVotes(339)) - s1@group-9FC63B188219-LeaderElection20 PRE_VOTE round 17: result TIMEOUT
2024-10-09 00:14:05,234 [s1@group-9FC63B188219-LeaderElection20] INFO  impl.LeaderElection (LeaderElection.java:askForVotes(337)) - s1@group-9FC63B188219-LeaderElection20 PRE_VOTE round 18: submit vote requests at term 2 for conf: {index: 1, cur=peers:[s3|localhost:15172, s4|localhost:15176, s0|localhost:15160, s1|localhost:15164, s2|localhost:15168]|listeners:[], old=null}
2024-10-09 00:14:05,235 [HandlerDaemon-0] INFO  server.RaftServer$Division (RaftServerImpl.java:requestVote(1443)) - s3@group-9FC63B188219: receive requestVote(PRE_VOTE, s1, group-9FC63B188219, 2, (t:2, i:2))
2024-10-09 00:14:05,235 [HandlerDaemon-0] INFO  impl.VoteContext (VoteContext.java:log(49)) - s3@group-9FC63B188219-CANDIDATE: accept PRE_VOTE from s1: our priority 0 <= candidate's priority 0
2024-10-09 00:14:05,235 [HandlerDaemon-0] INFO  server.RaftServer$Division (RaftServerImpl.java:requestVote(1476)) - s3@group-9FC63B188219 replies to PRE_VOTE vote request: s1<-s3#0:OK-t2. Peer's state: s3@group-9FC63B188219:t2, leader=null, voted=s2, raftlog=Memoized:s3@group-9FC63B188219-SegmentedRaftLog:OPENED:c2:last(t:2, i:2), conf=conf: {index: 1, cur=peers:[s3|localhost:15172, s4|localhost:15176, s0|localhost:15160, s1|localhost:15164, s2|localhost:15168]|listeners:[], old=null}
2024-10-09 00:14:05,235 [s1@group-9FC63B188219-LeaderElection20] INFO  impl.LeaderElection (LogUtils.java:infoOrTrace(136)) - s1@group-9FC63B188219-LeaderElection20 got exception when requesting votes: java.util.concurrent.ExecutionException: java.io.IOException: The peer s4 is not alive.
2024-10-09 00:14:05,235 [s1@group-9FC63B188219-LeaderElection20] INFO  impl.LeaderElection (LogUtils.java:infoOrTrace(136)) - s1@group-9FC63B188219-LeaderElection20 got exception when requesting votes: java.util.concurrent.ExecutionException: java.io.IOException: The peer s2 is not alive.
2024-10-09 00:14:05,290 [s3@group-9FC63B188219-LeaderElection21] INFO  impl.LeaderElection (LeaderElection.java:logAndReturn(90)) - s3@group-9FC63B188219-LeaderElection21: PRE_VOTE TIMEOUT received 1 response(s) and 2 exception(s):
2024-10-09 00:14:05,290 [s3@group-9FC63B188219-LeaderElection21] INFO  impl.LeaderElection (LeaderElection.java:logAndReturn(94)) -   Response 0: s3<-s1#0:OK-t2
2024-10-09 00:14:05,290 [s3@group-9FC63B188219-LeaderElection21] INFO  impl.LeaderElection (LogUtils.java:infoOrTrace(136)) -   Exception 1: java.util.concurrent.ExecutionException: java.io.IOException: The peer s4 is not alive.
2024-10-09 00:14:05,290 [s3@group-9FC63B188219-LeaderElection21] INFO  impl.LeaderElection (LogUtils.java:infoOrTrace(136)) -   Exception 2: java.util.concurrent.ExecutionException: java.io.IOException: The peer s2 is not alive.
2024-10-09 00:14:05,290 [s3@group-9FC63B188219-LeaderElection21] INFO  impl.LeaderElection (LeaderElection.java:askForVotes(339)) - s3@group-9FC63B188219-LeaderElection21 PRE_VOTE round 2: result TIMEOUT
2024-10-09 00:14:05,290 [s3@group-9FC63B188219-LeaderElection21] INFO  impl.LeaderElection (LeaderElection.java:askForVotes(337)) - s3@group-9FC63B188219-LeaderElection21 PRE_VOTE round 3: submit vote requests at term 2 for conf: {index: 1, cur=peers:[s3|localhost:15172, s4|localhost:15176, s0|localhost:15160, s1|localhost:15164, s2|localhost:15168]|listeners:[], old=null}
2024-10-09 00:14:05,291 [HandlerDaemon-0] INFO  server.RaftServer$Division (RaftServerImpl.java:requestVote(1443)) - s1@group-9FC63B188219: receive requestVote(PRE_VOTE, s3, group-9FC63B188219, 2, (t:2, i:2))
2024-10-09 00:14:05,291 [s3@group-9FC63B188219-LeaderElection21] INFO  impl.LeaderElection (LogUtils.java:infoOrTrace(136)) - s3@group-9FC63B188219-LeaderElection21 got exception when requesting votes: java.util.concurrent.ExecutionException: java.io.IOException: The peer s4 is not alive.
2024-10-09 00:14:05,291 [HandlerDaemon-0] INFO  impl.VoteContext (VoteContext.java:log(49)) - s1@group-9FC63B188219-CANDIDATE: accept PRE_VOTE from s3: our priority 0 <= candidate's priority 0
2024-10-09 00:14:05,291 [s3@group-9FC63B188219-LeaderElection21] INFO  impl.LeaderElection (LogUtils.java:infoOrTrace(136)) - s3@group-9FC63B188219-LeaderElection21 got exception when requesting votes: java.util.concurrent.ExecutionException: java.io.IOException: The peer s2 is not alive.
2024-10-09 00:14:05,291 [HandlerDaemon-0] INFO  server.RaftServer$Division (RaftServerImpl.java:requestVote(1476)) - s1@group-9FC63B188219 replies to PRE_VOTE vote request: s3<-s1#0:OK-t2. Peer's state: s1@group-9FC63B188219:t2, leader=null, voted=s2, raftlog=Memoized:s1@group-9FC63B188219-SegmentedRaftLog:OPENED:c2:last(t:2, i:2), conf=conf: {index: 1, cur=peers:[s3|localhost:15172, s4|localhost:15176, s0|localhost:15160, s1|localhost:15164, s2|localhost:15168]|listeners:[], old=null}
2024-10-09 00:14:05,397 [main] WARN  ratis.RaftTestUtil (RaftTestUtil.java:lambda$waitForLeader$3(126)) - Attempt #10 failed: java.lang.IllegalStateException: No leader yet : printing ALL groups
  s3:  RUNNING CANDIDATE s3@group-9FC63B188219:t2, leader=null, voted=s2, raftlog=Memoized:s3@group-9FC63B188219-SegmentedRaftLog:OPENED:c2:last(t:2, i:2), conf=conf: {index: 1, cur=peers:[s3|localhost:15172, s4|localhost:15176, s0|localhost:15160, s1|localhost:15164, s2|localhost:15168]|listeners:[], old=null} RUNNING
  s4:   CLOSED    LEADER s4@group-9FC63B188219:t1, leader=s4, voted=s4, raftlog=Memoized:s4@group-9FC63B188219-SegmentedRaftLog:CLOSED:c0, conf=conf: {index: 0, cur=peers:[s3|localhost:15172, s4|localhost:15176, s0|localhost:15160, s1|localhost:15164, s2|localhost:15168]|listeners:[], old=null} CLOSED
  s0:  RUNNING  FOLLOWER s0@group-9FC63B188219:t1, leader=null, voted=null, raftlog=Memoized:s0@group-9FC63B188219-SegmentedRaftLog:OPENED:c-1:lastnull, conf=conf: {index: -1, cur=peers:[s3|localhost:15172, s4|localhost:15176, s0|localhost:15160, s1|localhost:15164, s2|localhost:15168]|listeners:[], old=null} RUNNING
  s1:  RUNNING CANDIDATE s1@group-9FC63B188219:t2, leader=null, voted=s2, raftlog=Memoized:s1@group-9FC63B188219-SegmentedRaftLog:OPENED:c2:last(t:2, i:2), conf=conf: {index: 1, cur=peers:[s3|localhost:15172, s4|localhost:15176, s0|localhost:15160, s1|localhost:15164, s2|localhost:15168]|listeners:[], old=null} RUNNING
  s2:   CLOSED    LEADER s2@group-9FC63B188219:t2, leader=s2, voted=s2, raftlog=Memoized:s2@group-9FC63B188219-SegmentedRaftLog:CLOSED:c2, conf=conf: {index: 1, cur=peers:[s3|localhost:15172, s4|localhost:15176, s0|localhost:15160, s1|localhost:15164, s2|localhost:15168]|listeners:[], old=null} CLOSED
2024-10-09 00:14:05,486 [s1@group-9FC63B188219-LeaderElection20] INFO  impl.LeaderElection (LeaderElection.java:logAndReturn(90)) - s1@group-9FC63B188219-LeaderElection20: PRE_VOTE TIMEOUT received 1 response(s) and 2 exception(s):
2024-10-09 00:14:05,486 [s1@group-9FC63B188219-LeaderElection20] INFO  impl.LeaderElection (LeaderElection.java:logAndReturn(94)) -   Response 0: s1<-s3#0:OK-t2
2024-10-09 00:14:05,486 [s1@group-9FC63B188219-LeaderElection20] INFO  impl.LeaderElection (LogUtils.java:infoOrTrace(136)) -   Exception 1: java.util.concurrent.ExecutionException: java.io.IOException: The peer s4 is not alive.
2024-10-09 00:14:05,486 [s1@group-9FC63B188219-LeaderElection20] INFO  impl.LeaderElection (LogUtils.java:infoOrTrace(136)) -   Exception 2: java.util.concurrent.ExecutionException: java.io.IOException: The peer s2 is not alive.
2024-10-09 00:14:05,486 [s1@group-9FC63B188219-LeaderElection20] INFO  impl.LeaderElection (LeaderElection.java:askForVotes(339)) - s1@group-9FC63B188219-LeaderElection20 PRE_VOTE round 18: result TIMEOUT
2024-10-09 00:14:05,486 [s1@group-9FC63B188219-LeaderElection20] INFO  impl.LeaderElection (LeaderElection.java:askForVotes(337)) - s1@group-9FC63B188219-LeaderElection20 PRE_VOTE round 19: submit vote requests at term 2 for conf: {index: 1, cur=peers:[s3|localhost:15172, s4|localhost:15176, s0|localhost:15160, s1|localhost:15164, s2|localhost:15168]|listeners:[], old=null}
2024-10-09 00:14:05,486 [HandlerDaemon-1] INFO  server.RaftServer$Division (RaftServerImpl.java:requestVote(1443)) - s3@group-9FC63B188219: receive requestVote(PRE_VOTE, s1, group-9FC63B188219, 2, (t:2, i:2))
2024-10-09 00:14:05,487 [HandlerDaemon-1] INFO  impl.VoteContext (VoteContext.java:log(49)) - s3@group-9FC63B188219-CANDIDATE: accept PRE_VOTE from s1: our priority 0 <= candidate's priority 0
2024-10-09 00:14:05,487 [HandlerDaemon-1] INFO  server.RaftServer$Division (RaftServerImpl.java:requestVote(1476)) - s3@group-9FC63B188219 replies to PRE_VOTE vote request: s1<-s3#0:OK-t2. Peer's state: s3@group-9FC63B188219:t2, leader=null, voted=s2, raftlog=Memoized:s3@group-9FC63B188219-SegmentedRaftLog:OPENED:c2:last(t:2, i:2), conf=conf: {index: 1, cur=peers:[s3|localhost:15172, s4|localhost:15176, s0|localhost:15160, s1|localhost:15164, s2|localhost:15168]|listeners:[], old=null}
2024-10-09 00:14:05,487 [s1@group-9FC63B188219-LeaderElection20] INFO  impl.LeaderElection (LogUtils.java:infoOrTrace(136)) - s1@group-9FC63B188219-LeaderElection20 got exception when requesting votes: java.util.concurrent.ExecutionException: java.io.IOException: The peer s4 is not alive.
2024-10-09 00:14:05,487 [s1@group-9FC63B188219-LeaderElection20] INFO  impl.LeaderElection (LogUtils.java:infoOrTrace(136)) - s1@group-9FC63B188219-LeaderElection20 got exception when requesting votes: java.util.concurrent.ExecutionException: java.io.IOException: The peer s2 is not alive.
2024-10-09 00:14:05,534 [s3@group-9FC63B188219-LeaderElection21] INFO  impl.LeaderElection (LeaderElection.java:logAndReturn(90)) - s3@group-9FC63B188219-LeaderElection21: PRE_VOTE TIMEOUT received 1 response(s) and 2 exception(s):
2024-10-09 00:14:05,534 [s3@group-9FC63B188219-LeaderElection21] INFO  impl.LeaderElection (LeaderElection.java:logAndReturn(94)) -   Response 0: s3<-s1#0:OK-t2
2024-10-09 00:14:05,534 [s3@group-9FC63B188219-LeaderElection21] INFO  impl.LeaderElection (LogUtils.java:infoOrTrace(136)) -   Exception 1: java.util.concurrent.ExecutionException: java.io.IOException: The peer s4 is not alive.
2024-10-09 00:14:05,534 [s3@group-9FC63B188219-LeaderElection21] INFO  impl.LeaderElection (LogUtils.java:infoOrTrace(136)) -   Exception 2: java.util.concurrent.ExecutionException: java.io.IOException: The peer s2 is not alive.
2024-10-09 00:14:05,534 [s3@group-9FC63B188219-LeaderElection21] INFO  impl.LeaderElection (LeaderElection.java:askForVotes(339)) - s3@group-9FC63B188219-LeaderElection21 PRE_VOTE round 3: result TIMEOUT
2024-10-09 00:14:05,534 [s3@group-9FC63B188219-LeaderElection21] INFO  impl.LeaderElection (LeaderElection.java:askForVotes(337)) - s3@group-9FC63B188219-LeaderElection21 PRE_VOTE round 4: submit vote requests at term 2 for conf: {index: 1, cur=peers:[s3|localhost:15172, s4|localhost:15176, s0|localhost:15160, s1|localhost:15164, s2|localhost:15168]|listeners:[], old=null}
2024-10-09 00:14:05,535 [HandlerDaemon-1] INFO  server.RaftServer$Division (RaftServerImpl.java:requestVote(1443)) - s1@group-9FC63B188219: receive requestVote(PRE_VOTE, s3, group-9FC63B188219, 2, (t:2, i:2))
2024-10-09 00:14:05,535 [s3@group-9FC63B188219-LeaderElection21] INFO  impl.LeaderElection (LogUtils.java:infoOrTrace(136)) - s3@group-9FC63B188219-LeaderElection21 got exception when requesting votes: java.util.concurrent.ExecutionException: java.io.IOException: The peer s4 is not alive.
2024-10-09 00:14:05,535 [HandlerDaemon-1] INFO  impl.VoteContext (VoteContext.java:log(49)) - s1@group-9FC63B188219-CANDIDATE: accept PRE_VOTE from s3: our priority 0 <= candidate's priority 0
2024-10-09 00:14:05,535 [s3@group-9FC63B188219-LeaderElection21] INFO  impl.LeaderElection (LogUtils.java:infoOrTrace(136)) - s3@group-9FC63B188219-LeaderElection21 got exception when requesting votes: java.util.concurrent.ExecutionException: java.io.IOException: The peer s2 is not alive.
2024-10-09 00:14:05,535 [HandlerDaemon-1] INFO  server.RaftServer$Division (RaftServerImpl.java:requestVote(1476)) - s1@group-9FC63B188219 replies to PRE_VOTE vote request: s3<-s1#0:OK-t2. Peer's state: s1@group-9FC63B188219:t2, leader=null, voted=s2, raftlog=Memoized:s1@group-9FC63B188219-SegmentedRaftLog:OPENED:c2:last(t:2, i:2), conf=conf: {index: 1, cur=peers:[s3|localhost:15172, s4|localhost:15176, s0|localhost:15160, s1|localhost:15164, s2|localhost:15168]|listeners:[], old=null}
2024-10-09 00:14:05,723 [s1@group-9FC63B188219-LeaderElection20] INFO  impl.LeaderElection (LeaderElection.java:logAndReturn(90)) - s1@group-9FC63B188219-LeaderElection20: PRE_VOTE TIMEOUT received 1 response(s) and 2 exception(s):
2024-10-09 00:14:05,723 [s1@group-9FC63B188219-LeaderElection20] INFO  impl.LeaderElection (LeaderElection.java:logAndReturn(94)) -   Response 0: s1<-s3#0:OK-t2
2024-10-09 00:14:05,723 [s1@group-9FC63B188219-LeaderElection20] INFO  impl.LeaderElection (LogUtils.java:infoOrTrace(136)) -   Exception 1: java.util.concurrent.ExecutionException: java.io.IOException: The peer s4 is not alive.
2024-10-09 00:14:05,723 [s1@group-9FC63B188219-LeaderElection20] INFO  impl.LeaderElection (LogUtils.java:infoOrTrace(136)) -   Exception 2: java.util.concurrent.ExecutionException: java.io.IOException: The peer s2 is not alive.
2024-10-09 00:14:05,723 [s1@group-9FC63B188219-LeaderElection20] INFO  impl.LeaderElection (LeaderElection.java:askForVotes(339)) - s1@group-9FC63B188219-LeaderElection20 PRE_VOTE round 19: result TIMEOUT
2024-10-09 00:14:05,723 [s1@group-9FC63B188219-LeaderElection20] INFO  impl.LeaderElection (LeaderElection.java:askForVotes(337)) - s1@group-9FC63B188219-LeaderElection20 PRE_VOTE round 20: submit vote requests at term 2 for conf: {index: 1, cur=peers:[s3|localhost:15172, s4|localhost:15176, s0|localhost:15160, s1|localhost:15164, s2|localhost:15168]|listeners:[], old=null}
2024-10-09 00:14:05,724 [HandlerDaemon-2] INFO  server.RaftServer$Division (RaftServerImpl.java:requestVote(1443)) - s3@group-9FC63B188219: receive requestVote(PRE_VOTE, s1, group-9FC63B188219, 2, (t:2, i:2))
2024-10-09 00:14:05,724 [HandlerDaemon-2] INFO  impl.VoteContext (VoteContext.java:log(49)) - s3@group-9FC63B188219-CANDIDATE: accept PRE_VOTE from s1: our priority 0 <= candidate's priority 0
2024-10-09 00:14:05,724 [HandlerDaemon-2] INFO  server.RaftServer$Division (RaftServerImpl.java:requestVote(1476)) - s3@group-9FC63B188219 replies to PRE_VOTE vote request: s1<-s3#0:OK-t2. Peer's state: s3@group-9FC63B188219:t2, leader=null, voted=s2, raftlog=Memoized:s3@group-9FC63B188219-SegmentedRaftLog:OPENED:c2:last(t:2, i:2), conf=conf: {index: 1, cur=peers:[s3|localhost:15172, s4|localhost:15176, s0|localhost:15160, s1|localhost:15164, s2|localhost:15168]|listeners:[], old=null}
2024-10-09 00:14:05,724 [s1@group-9FC63B188219-LeaderElection20] INFO  impl.LeaderElection (LogUtils.java:infoOrTrace(136)) - s1@group-9FC63B188219-LeaderElection20 got exception when requesting votes: java.util.concurrent.ExecutionException: java.io.IOException: The peer s4 is not alive.
2024-10-09 00:14:05,724 [s1@group-9FC63B188219-LeaderElection20] INFO  impl.LeaderElection (LogUtils.java:infoOrTrace(136)) - s1@group-9FC63B188219-LeaderElection20 got exception when requesting votes: java.util.concurrent.ExecutionException: java.io.IOException: The peer s2 is not alive.
2024-10-09 00:14:05,728 [s3@group-9FC63B188219-LeaderElection21] INFO  impl.LeaderElection (LeaderElection.java:logAndReturn(90)) - s3@group-9FC63B188219-LeaderElection21: PRE_VOTE TIMEOUT received 1 response(s) and 2 exception(s):
2024-10-09 00:14:05,728 [s3@group-9FC63B188219-LeaderElection21] INFO  impl.LeaderElection (LeaderElection.java:logAndReturn(94)) -   Response 0: s3<-s1#0:OK-t2
2024-10-09 00:14:05,728 [s3@group-9FC63B188219-LeaderElection21] INFO  impl.LeaderElection (LogUtils.java:infoOrTrace(136)) -   Exception 1: java.util.concurrent.ExecutionException: java.io.IOException: The peer s4 is not alive.
2024-10-09 00:14:05,728 [s3@group-9FC63B188219-LeaderElection21] INFO  impl.LeaderElection (LogUtils.java:infoOrTrace(136)) -   Exception 2: java.util.concurrent.ExecutionException: java.io.IOException: The peer s2 is not alive.
2024-10-09 00:14:05,728 [s3@group-9FC63B188219-LeaderElection21] INFO  impl.LeaderElection (LeaderElection.java:askForVotes(339)) - s3@group-9FC63B188219-LeaderElection21 PRE_VOTE round 4: result TIMEOUT
2024-10-09 00:14:05,728 [s3@group-9FC63B188219-LeaderElection21] INFO  impl.LeaderElection (LeaderElection.java:askForVotes(337)) - s3@group-9FC63B188219-LeaderElection21 PRE_VOTE round 5: submit vote requests at term 2 for conf: {index: 1, cur=peers:[s3|localhost:15172, s4|localhost:15176, s0|localhost:15160, s1|localhost:15164, s2|localhost:15168]|listeners:[], old=null}
2024-10-09 00:14:05,728 [s3@group-9FC63B188219-LeaderElection21] INFO  impl.LeaderElection (LogUtils.java:infoOrTrace(136)) - s3@group-9FC63B188219-LeaderElection21 got exception when requesting votes: java.util.concurrent.ExecutionException: java.io.IOException: The peer s4 is not alive.
2024-10-09 00:14:05,728 [HandlerDaemon-2] INFO  server.RaftServer$Division (RaftServerImpl.java:requestVote(1443)) - s1@group-9FC63B188219: receive requestVote(PRE_VOTE, s3, group-9FC63B188219, 2, (t:2, i:2))
2024-10-09 00:14:05,728 [s3@group-9FC63B188219-LeaderElection21] INFO  impl.LeaderElection (LogUtils.java:infoOrTrace(136)) - s3@group-9FC63B188219-LeaderElection21 got exception when requesting votes: java.util.concurrent.ExecutionException: java.io.IOException: The peer s2 is not alive.
2024-10-09 00:14:05,729 [HandlerDaemon-2] INFO  impl.VoteContext (VoteContext.java:log(49)) - s1@group-9FC63B188219-CANDIDATE: accept PRE_VOTE from s3: our priority 0 <= candidate's priority 0
2024-10-09 00:14:05,729 [HandlerDaemon-2] INFO  server.RaftServer$Division (RaftServerImpl.java:requestVote(1476)) - s1@group-9FC63B188219 replies to PRE_VOTE vote request: s3<-s1#0:OK-t2. Peer's state: s1@group-9FC63B188219:t2, leader=null, voted=s2, raftlog=Memoized:s1@group-9FC63B188219-SegmentedRaftLog:OPENED:c2:last(t:2, i:2), conf=conf: {index: 1, cur=peers:[s3|localhost:15172, s4|localhost:15176, s0|localhost:15160, s1|localhost:15164, s2|localhost:15168]|listeners:[], old=null}
2024-10-09 00:14:05,847 [main] WARN  ratis.RaftTestUtil (RaftTestUtil.java:lambda$waitForLeader$3(126)) - Attempt #11 failed: java.lang.IllegalStateException: No leader yet : printing ALL groups
  s3:  RUNNING CANDIDATE s3@group-9FC63B188219:t2, leader=null, voted=s2, raftlog=Memoized:s3@group-9FC63B188219-SegmentedRaftLog:OPENED:c2:last(t:2, i:2), conf=conf: {index: 1, cur=peers:[s3|localhost:15172, s4|localhost:15176, s0|localhost:15160, s1|localhost:15164, s2|localhost:15168]|listeners:[], old=null} RUNNING
  s4:   CLOSED    LEADER s4@group-9FC63B188219:t1, leader=s4, voted=s4, raftlog=Memoized:s4@group-9FC63B188219-SegmentedRaftLog:CLOSED:c0, conf=conf: {index: 0, cur=peers:[s3|localhost:15172, s4|localhost:15176, s0|localhost:15160, s1|localhost:15164, s2|localhost:15168]|listeners:[], old=null} CLOSED
  s0:  RUNNING  FOLLOWER s0@group-9FC63B188219:t1, leader=null, voted=null, raftlog=Memoized:s0@group-9FC63B188219-SegmentedRaftLog:OPENED:c-1:lastnull, conf=conf: {index: -1, cur=peers:[s3|localhost:15172, s4|localhost:15176, s0|localhost:15160, s1|localhost:15164, s2|localhost:15168]|listeners:[], old=null} RUNNING
  s1:  RUNNING CANDIDATE s1@group-9FC63B188219:t2, leader=null, voted=s2, raftlog=Memoized:s1@group-9FC63B188219-SegmentedRaftLog:OPENED:c2:last(t:2, i:2), conf=conf: {index: 1, cur=peers:[s3|localhost:15172, s4|localhost:15176, s0|localhost:15160, s1|localhost:15164, s2|localhost:15168]|listeners:[], old=null} RUNNING
  s2:   CLOSED    LEADER s2@group-9FC63B188219:t2, leader=s2, voted=s2, raftlog=Memoized:s2@group-9FC63B188219-SegmentedRaftLog:CLOSED:c2, conf=conf: {index: 1, cur=peers:[s3|localhost:15172, s4|localhost:15176, s0|localhost:15160, s1|localhost:15164, s2|localhost:15168]|listeners:[], old=null} CLOSED
2024-10-09 00:14:05,889 [s3@group-9FC63B188219-LeaderElection21] INFO  impl.LeaderElection (LeaderElection.java:logAndReturn(90)) - s3@group-9FC63B188219-LeaderElection21: PRE_VOTE TIMEOUT received 1 response(s) and 2 exception(s):
2024-10-09 00:14:05,890 [s3@group-9FC63B188219-LeaderElection21] INFO  impl.LeaderElection (LeaderElection.java:logAndReturn(94)) -   Response 0: s3<-s1#0:OK-t2
2024-10-09 00:14:05,890 [s3@group-9FC63B188219-LeaderElection21] INFO  impl.LeaderElection (LogUtils.java:infoOrTrace(136)) -   Exception 1: java.util.concurrent.ExecutionException: java.io.IOException: The peer s4 is not alive.
2024-10-09 00:14:05,890 [s3@group-9FC63B188219-LeaderElection21] INFO  impl.LeaderElection (LogUtils.java:infoOrTrace(136)) -   Exception 2: java.util.concurrent.ExecutionException: java.io.IOException: The peer s2 is not alive.
2024-10-09 00:14:05,890 [s3@group-9FC63B188219-LeaderElection21] INFO  impl.LeaderElection (LeaderElection.java:askForVotes(339)) - s3@group-9FC63B188219-LeaderElection21 PRE_VOTE round 5: result TIMEOUT
2024-10-09 00:14:05,890 [s3@group-9FC63B188219-LeaderElection21] INFO  impl.LeaderElection (LeaderElection.java:askForVotes(337)) - s3@group-9FC63B188219-LeaderElection21 PRE_VOTE round 6: submit vote requests at term 2 for conf: {index: 1, cur=peers:[s3|localhost:15172, s4|localhost:15176, s0|localhost:15160, s1|localhost:15164, s2|localhost:15168]|listeners:[], old=null}
2024-10-09 00:14:05,890 [HandlerDaemon-0] INFO  server.RaftServer$Division (RaftServerImpl.java:requestVote(1443)) - s1@group-9FC63B188219: receive requestVote(PRE_VOTE, s3, group-9FC63B188219, 2, (t:2, i:2))
2024-10-09 00:14:05,890 [s3@group-9FC63B188219-LeaderElection21] INFO  impl.LeaderElection (LogUtils.java:infoOrTrace(136)) - s3@group-9FC63B188219-LeaderElection21 got exception when requesting votes: java.util.concurrent.ExecutionException: java.io.IOException: The peer s4 is not alive.
2024-10-09 00:14:05,890 [HandlerDaemon-0] INFO  impl.VoteContext (VoteContext.java:log(49)) - s1@group-9FC63B188219-CANDIDATE: accept PRE_VOTE from s3: our priority 0 <= candidate's priority 0
2024-10-09 00:14:05,890 [s3@group-9FC63B188219-LeaderElection21] INFO  impl.LeaderElection (LogUtils.java:infoOrTrace(136)) - s3@group-9FC63B188219-LeaderElection21 got exception when requesting votes: java.util.concurrent.ExecutionException: java.io.IOException: The peer s2 is not alive.
2024-10-09 00:14:05,890 [HandlerDaemon-0] INFO  server.RaftServer$Division (RaftServerImpl.java:requestVote(1476)) - s1@group-9FC63B188219 replies to PRE_VOTE vote request: s3<-s1#0:OK-t2. Peer's state: s1@group-9FC63B188219:t2, leader=null, voted=s2, raftlog=Memoized:s1@group-9FC63B188219-SegmentedRaftLog:OPENED:c2:last(t:2, i:2), conf=conf: {index: 1, cur=peers:[s3|localhost:15172, s4|localhost:15176, s0|localhost:15160, s1|localhost:15164, s2|localhost:15168]|listeners:[], old=null}
2024-10-09 00:14:05,934 [s1@group-9FC63B188219-LeaderElection20] INFO  impl.LeaderElection (LeaderElection.java:logAndReturn(90)) - s1@group-9FC63B188219-LeaderElection20: PRE_VOTE TIMEOUT received 1 response(s) and 2 exception(s):
2024-10-09 00:14:05,934 [s1@group-9FC63B188219-LeaderElection20] INFO  impl.LeaderElection (LeaderElection.java:logAndReturn(94)) -   Response 0: s1<-s3#0:OK-t2
2024-10-09 00:14:05,934 [s1@group-9FC63B188219-LeaderElection20] INFO  impl.LeaderElection (LogUtils.java:infoOrTrace(136)) -   Exception 1: java.util.concurrent.ExecutionException: java.io.IOException: The peer s4 is not alive.
2024-10-09 00:14:05,934 [s1@group-9FC63B188219-LeaderElection20] INFO  impl.LeaderElection (LogUtils.java:infoOrTrace(136)) -   Exception 2: java.util.concurrent.ExecutionException: java.io.IOException: The peer s2 is not alive.
2024-10-09 00:14:05,934 [s1@group-9FC63B188219-LeaderElection20] INFO  impl.LeaderElection (LeaderElection.java:askForVotes(339)) - s1@group-9FC63B188219-LeaderElection20 PRE_VOTE round 20: result TIMEOUT
2024-10-09 00:14:05,934 [s1@group-9FC63B188219-LeaderElection20] INFO  impl.LeaderElection (LeaderElection.java:askForVotes(337)) - s1@group-9FC63B188219-LeaderElection20 PRE_VOTE round 21: submit vote requests at term 2 for conf: {index: 1, cur=peers:[s3|localhost:15172, s4|localhost:15176, s0|localhost:15160, s1|localhost:15164, s2|localhost:15168]|listeners:[], old=null}
2024-10-09 00:14:05,935 [HandlerDaemon-0] INFO  server.RaftServer$Division (RaftServerImpl.java:requestVote(1443)) - s3@group-9FC63B188219: receive requestVote(PRE_VOTE, s1, group-9FC63B188219, 2, (t:2, i:2))
2024-10-09 00:14:05,935 [HandlerDaemon-0] INFO  impl.VoteContext (VoteContext.java:log(49)) - s3@group-9FC63B188219-CANDIDATE: accept PRE_VOTE from s1: our priority 0 <= candidate's priority 0
2024-10-09 00:14:05,935 [HandlerDaemon-0] INFO  server.RaftServer$Division (RaftServerImpl.java:requestVote(1476)) - s3@group-9FC63B188219 replies to PRE_VOTE vote request: s1<-s3#0:OK-t2. Peer's state: s3@group-9FC63B188219:t2, leader=null, voted=s2, raftlog=Memoized:s3@group-9FC63B188219-SegmentedRaftLog:OPENED:c2:last(t:2, i:2), conf=conf: {index: 1, cur=peers:[s3|localhost:15172, s4|localhost:15176, s0|localhost:15160, s1|localhost:15164, s2|localhost:15168]|listeners:[], old=null}
2024-10-09 00:14:05,935 [s1@group-9FC63B188219-LeaderElection20] INFO  impl.LeaderElection (LogUtils.java:infoOrTrace(136)) - s1@group-9FC63B188219-LeaderElection20 got exception when requesting votes: java.util.concurrent.ExecutionException: java.io.IOException: The peer s4 is not alive.
2024-10-09 00:14:05,935 [s1@group-9FC63B188219-LeaderElection20] INFO  impl.LeaderElection (LogUtils.java:infoOrTrace(136)) - s1@group-9FC63B188219-LeaderElection20 got exception when requesting votes: java.util.concurrent.ExecutionException: java.io.IOException: The peer s2 is not alive.
2024-10-09 00:14:06,148 [s3@group-9FC63B188219-LeaderElection21] INFO  impl.LeaderElection (LeaderElection.java:logAndReturn(90)) - s3@group-9FC63B188219-LeaderElection21: PRE_VOTE TIMEOUT received 1 response(s) and 2 exception(s):
2024-10-09 00:14:06,148 [s3@group-9FC63B188219-LeaderElection21] INFO  impl.LeaderElection (LeaderElection.java:logAndReturn(94)) -   Response 0: s3<-s1#0:OK-t2
2024-10-09 00:14:06,148 [s3@group-9FC63B188219-LeaderElection21] INFO  impl.LeaderElection (LogUtils.java:infoOrTrace(136)) -   Exception 1: java.util.concurrent.ExecutionException: java.io.IOException: The peer s4 is not alive.
2024-10-09 00:14:06,149 [s3@group-9FC63B188219-LeaderElection21] INFO  impl.LeaderElection (LogUtils.java:infoOrTrace(136)) -   Exception 2: java.util.concurrent.ExecutionException: java.io.IOException: The peer s2 is not alive.
2024-10-09 00:14:06,149 [s3@group-9FC63B188219-LeaderElection21] INFO  impl.LeaderElection (LeaderElection.java:askForVotes(339)) - s3@group-9FC63B188219-LeaderElection21 PRE_VOTE round 6: result TIMEOUT
2024-10-09 00:14:06,149 [s3@group-9FC63B188219-LeaderElection21] INFO  impl.LeaderElection (LeaderElection.java:askForVotes(337)) - s3@group-9FC63B188219-LeaderElection21 PRE_VOTE round 7: submit vote requests at term 2 for conf: {index: 1, cur=peers:[s3|localhost:15172, s4|localhost:15176, s0|localhost:15160, s1|localhost:15164, s2|localhost:15168]|listeners:[], old=null}
2024-10-09 00:14:06,149 [HandlerDaemon-1] INFO  server.RaftServer$Division (RaftServerImpl.java:requestVote(1443)) - s1@group-9FC63B188219: receive requestVote(PRE_VOTE, s3, group-9FC63B188219, 2, (t:2, i:2))
2024-10-09 00:14:06,149 [s3@group-9FC63B188219-LeaderElection21] INFO  impl.LeaderElection (LogUtils.java:infoOrTrace(136)) - s3@group-9FC63B188219-LeaderElection21 got exception when requesting votes: java.util.concurrent.ExecutionException: java.io.IOException: The peer s4 is not alive.
2024-10-09 00:14:06,150 [s3@group-9FC63B188219-LeaderElection21] INFO  impl.LeaderElection (LogUtils.java:infoOrTrace(136)) - s3@group-9FC63B188219-LeaderElection21 got exception when requesting votes: java.util.concurrent.ExecutionException: java.io.IOException: The peer s2 is not alive.
2024-10-09 00:14:06,150 [HandlerDaemon-1] INFO  impl.VoteContext (VoteContext.java:log(49)) - s1@group-9FC63B188219-CANDIDATE: accept PRE_VOTE from s3: our priority 0 <= candidate's priority 0
2024-10-09 00:14:06,150 [HandlerDaemon-1] INFO  server.RaftServer$Division (RaftServerImpl.java:requestVote(1476)) - s1@group-9FC63B188219 replies to PRE_VOTE vote request: s3<-s1#0:OK-t2. Peer's state: s1@group-9FC63B188219:t2, leader=null, voted=s2, raftlog=Memoized:s1@group-9FC63B188219-SegmentedRaftLog:OPENED:c2:last(t:2, i:2), conf=conf: {index: 1, cur=peers:[s3|localhost:15172, s4|localhost:15176, s0|localhost:15160, s1|localhost:15164, s2|localhost:15168]|listeners:[], old=null}
2024-10-09 00:14:06,183 [s1@group-9FC63B188219-LeaderElection20] INFO  impl.LeaderElection (LeaderElection.java:logAndReturn(90)) - s1@group-9FC63B188219-LeaderElection20: PRE_VOTE TIMEOUT received 1 response(s) and 2 exception(s):
2024-10-09 00:14:06,183 [s1@group-9FC63B188219-LeaderElection20] INFO  impl.LeaderElection (LeaderElection.java:logAndReturn(94)) -   Response 0: s1<-s3#0:OK-t2
2024-10-09 00:14:06,183 [s1@group-9FC63B188219-LeaderElection20] INFO  impl.LeaderElection (LogUtils.java:infoOrTrace(136)) -   Exception 1: java.util.concurrent.ExecutionException: java.io.IOException: The peer s4 is not alive.
2024-10-09 00:14:06,183 [s1@group-9FC63B188219-LeaderElection20] INFO  impl.LeaderElection (LogUtils.java:infoOrTrace(136)) -   Exception 2: java.util.concurrent.ExecutionException: java.io.IOException: The peer s2 is not alive.
2024-10-09 00:14:06,183 [s1@group-9FC63B188219-LeaderElection20] INFO  impl.LeaderElection (LeaderElection.java:askForVotes(339)) - s1@group-9FC63B188219-LeaderElection20 PRE_VOTE round 21: result TIMEOUT
2024-10-09 00:14:06,183 [s1@group-9FC63B188219-LeaderElection20] INFO  impl.LeaderElection (LeaderElection.java:askForVotes(337)) - s1@group-9FC63B188219-LeaderElection20 PRE_VOTE round 22: submit vote requests at term 2 for conf: {index: 1, cur=peers:[s3|localhost:15172, s4|localhost:15176, s0|localhost:15160, s1|localhost:15164, s2|localhost:15168]|listeners:[], old=null}
2024-10-09 00:14:06,184 [HandlerDaemon-1] INFO  server.RaftServer$Division (RaftServerImpl.java:requestVote(1443)) - s3@group-9FC63B188219: receive requestVote(PRE_VOTE, s1, group-9FC63B188219, 2, (t:2, i:2))
2024-10-09 00:14:06,184 [HandlerDaemon-1] INFO  impl.VoteContext (VoteContext.java:log(49)) - s3@group-9FC63B188219-CANDIDATE: accept PRE_VOTE from s1: our priority 0 <= candidate's priority 0
2024-10-09 00:14:06,184 [HandlerDaemon-1] INFO  server.RaftServer$Division (RaftServerImpl.java:requestVote(1476)) - s3@group-9FC63B188219 replies to PRE_VOTE vote request: s1<-s3#0:OK-t2. Peer's state: s3@group-9FC63B188219:t2, leader=null, voted=s2, raftlog=Memoized:s3@group-9FC63B188219-SegmentedRaftLog:OPENED:c2:last(t:2, i:2), conf=conf: {index: 1, cur=peers:[s3|localhost:15172, s4|localhost:15176, s0|localhost:15160, s1|localhost:15164, s2|localhost:15168]|listeners:[], old=null}
2024-10-09 00:14:06,184 [s1@group-9FC63B188219-LeaderElection20] INFO  impl.LeaderElection (LogUtils.java:infoOrTrace(136)) - s1@group-9FC63B188219-LeaderElection20 got exception when requesting votes: java.util.concurrent.ExecutionException: java.io.IOException: The peer s2 is not alive.
2024-10-09 00:14:06,184 [s1@group-9FC63B188219-LeaderElection20] INFO  impl.LeaderElection (LogUtils.java:infoOrTrace(136)) - s1@group-9FC63B188219-LeaderElection20 got exception when requesting votes: java.util.concurrent.ExecutionException: java.io.IOException: The peer s4 is not alive.
2024-10-09 00:14:06,298 [main] WARN  ratis.RaftTestUtil (RaftTestUtil.java:lambda$waitForLeader$3(126)) - Attempt #12 failed: java.lang.IllegalStateException: No leader yet : printing ALL groups
  s3:  RUNNING CANDIDATE s3@group-9FC63B188219:t2, leader=null, voted=s2, raftlog=Memoized:s3@group-9FC63B188219-SegmentedRaftLog:OPENED:c2:last(t:2, i:2), conf=conf: {index: 1, cur=peers:[s3|localhost:15172, s4|localhost:15176, s0|localhost:15160, s1|localhost:15164, s2|localhost:15168]|listeners:[], old=null} RUNNING
  s4:   CLOSED    LEADER s4@group-9FC63B188219:t1, leader=s4, voted=s4, raftlog=Memoized:s4@group-9FC63B188219-SegmentedRaftLog:CLOSED:c0, conf=conf: {index: 0, cur=peers:[s3|localhost:15172, s4|localhost:15176, s0|localhost:15160, s1|localhost:15164, s2|localhost:15168]|listeners:[], old=null} CLOSED
  s0:  RUNNING  FOLLOWER s0@group-9FC63B188219:t1, leader=null, voted=null, raftlog=Memoized:s0@group-9FC63B188219-SegmentedRaftLog:OPENED:c-1:lastnull, conf=conf: {index: -1, cur=peers:[s3|localhost:15172, s4|localhost:15176, s0|localhost:15160, s1|localhost:15164, s2|localhost:15168]|listeners:[], old=null} RUNNING
  s1:  RUNNING CANDIDATE s1@group-9FC63B188219:t2, leader=null, voted=s2, raftlog=Memoized:s1@group-9FC63B188219-SegmentedRaftLog:OPENED:c2:last(t:2, i:2), conf=conf: {index: 1, cur=peers:[s3|localhost:15172, s4|localhost:15176, s0|localhost:15160, s1|localhost:15164, s2|localhost:15168]|listeners:[], old=null} RUNNING
  s2:   CLOSED    LEADER s2@group-9FC63B188219:t2, leader=s2, voted=s2, raftlog=Memoized:s2@group-9FC63B188219-SegmentedRaftLog:CLOSED:c2, conf=conf: {index: 1, cur=peers:[s3|localhost:15172, s4|localhost:15176, s0|localhost:15160, s1|localhost:15164, s2|localhost:15168]|listeners:[], old=null} CLOSED
2024-10-09 00:14:06,423 [s3@group-9FC63B188219-LeaderElection21] INFO  impl.LeaderElection (LeaderElection.java:logAndReturn(90)) - s3@group-9FC63B188219-LeaderElection21: PRE_VOTE TIMEOUT received 1 response(s) and 2 exception(s):
2024-10-09 00:14:06,423 [s3@group-9FC63B188219-LeaderElection21] INFO  impl.LeaderElection (LeaderElection.java:logAndReturn(94)) -   Response 0: s3<-s1#0:OK-t2
2024-10-09 00:14:06,423 [s3@group-9FC63B188219-LeaderElection21] INFO  impl.LeaderElection (LogUtils.java:infoOrTrace(136)) -   Exception 1: java.util.concurrent.ExecutionException: java.io.IOException: The peer s4 is not alive.
2024-10-09 00:14:06,423 [s3@group-9FC63B188219-LeaderElection21] INFO  impl.LeaderElection (LogUtils.java:infoOrTrace(136)) -   Exception 2: java.util.concurrent.ExecutionException: java.io.IOException: The peer s2 is not alive.
2024-10-09 00:14:06,424 [s3@group-9FC63B188219-LeaderElection21] INFO  impl.LeaderElection (LeaderElection.java:askForVotes(339)) - s3@group-9FC63B188219-LeaderElection21 PRE_VOTE round 7: result TIMEOUT
2024-10-09 00:14:06,424 [s3@group-9FC63B188219-LeaderElection21] INFO  impl.LeaderElection (LeaderElection.java:askForVotes(337)) - s3@group-9FC63B188219-LeaderElection21 PRE_VOTE round 8: submit vote requests at term 2 for conf: {index: 1, cur=peers:[s3|localhost:15172, s4|localhost:15176, s0|localhost:15160, s1|localhost:15164, s2|localhost:15168]|listeners:[], old=null}
2024-10-09 00:14:06,424 [HandlerDaemon-2] INFO  server.RaftServer$Division (RaftServerImpl.java:requestVote(1443)) - s1@group-9FC63B188219: receive requestVote(PRE_VOTE, s3, group-9FC63B188219, 2, (t:2, i:2))
2024-10-09 00:14:06,424 [s3@group-9FC63B188219-LeaderElection21] INFO  impl.LeaderElection (LogUtils.java:infoOrTrace(136)) - s3@group-9FC63B188219-LeaderElection21 got exception when requesting votes: java.util.concurrent.ExecutionException: java.io.IOException: The peer s4 is not alive.
2024-10-09 00:14:06,424 [HandlerDaemon-2] INFO  impl.VoteContext (VoteContext.java:log(49)) - s1@group-9FC63B188219-CANDIDATE: accept PRE_VOTE from s3: our priority 0 <= candidate's priority 0
2024-10-09 00:14:06,424 [s3@group-9FC63B188219-LeaderElection21] INFO  impl.LeaderElection (LogUtils.java:infoOrTrace(136)) - s3@group-9FC63B188219-LeaderElection21 got exception when requesting votes: java.util.concurrent.ExecutionException: java.io.IOException: The peer s2 is not alive.
2024-10-09 00:14:06,424 [HandlerDaemon-2] INFO  server.RaftServer$Division (RaftServerImpl.java:requestVote(1476)) - s1@group-9FC63B188219 replies to PRE_VOTE vote request: s3<-s1#0:OK-t2. Peer's state: s1@group-9FC63B188219:t2, leader=null, voted=s2, raftlog=Memoized:s1@group-9FC63B188219-SegmentedRaftLog:OPENED:c2:last(t:2, i:2), conf=conf: {index: 1, cur=peers:[s3|localhost:15172, s4|localhost:15176, s0|localhost:15160, s1|localhost:15164, s2|localhost:15168]|listeners:[], old=null}
2024-10-09 00:14:06,442 [s1@group-9FC63B188219-LeaderElection20] INFO  impl.LeaderElection (LeaderElection.java:logAndReturn(90)) - s1@group-9FC63B188219-LeaderElection20: PRE_VOTE TIMEOUT received 1 response(s) and 2 exception(s):
2024-10-09 00:14:06,442 [s1@group-9FC63B188219-LeaderElection20] INFO  impl.LeaderElection (LeaderElection.java:logAndReturn(94)) -   Response 0: s1<-s3#0:OK-t2
2024-10-09 00:14:06,442 [s1@group-9FC63B188219-LeaderElection20] INFO  impl.LeaderElection (LogUtils.java:infoOrTrace(136)) -   Exception 1: java.util.concurrent.ExecutionException: java.io.IOException: The peer s2 is not alive.
2024-10-09 00:14:06,442 [s1@group-9FC63B188219-LeaderElection20] INFO  impl.LeaderElection (LogUtils.java:infoOrTrace(136)) -   Exception 2: java.util.concurrent.ExecutionException: java.io.IOException: The peer s4 is not alive.
2024-10-09 00:14:06,442 [s1@group-9FC63B188219-LeaderElection20] INFO  impl.LeaderElection (LeaderElection.java:askForVotes(339)) - s1@group-9FC63B188219-LeaderElection20 PRE_VOTE round 22: result TIMEOUT
2024-10-09 00:14:06,442 [s1@group-9FC63B188219-LeaderElection20] INFO  impl.LeaderElection (LeaderElection.java:askForVotes(337)) - s1@group-9FC63B188219-LeaderElection20 PRE_VOTE round 23: submit vote requests at term 2 for conf: {index: 1, cur=peers:[s3|localhost:15172, s4|localhost:15176, s0|localhost:15160, s1|localhost:15164, s2|localhost:15168]|listeners:[], old=null}
2024-10-09 00:14:06,442 [HandlerDaemon-2] INFO  server.RaftServer$Division (RaftServerImpl.java:requestVote(1443)) - s3@group-9FC63B188219: receive requestVote(PRE_VOTE, s1, group-9FC63B188219, 2, (t:2, i:2))
2024-10-09 00:14:06,443 [HandlerDaemon-2] INFO  impl.VoteContext (VoteContext.java:log(49)) - s3@group-9FC63B188219-CANDIDATE: accept PRE_VOTE from s1: our priority 0 <= candidate's priority 0
2024-10-09 00:14:06,443 [HandlerDaemon-2] INFO  server.RaftServer$Division (RaftServerImpl.java:requestVote(1476)) - s3@group-9FC63B188219 replies to PRE_VOTE vote request: s1<-s3#0:OK-t2. Peer's state: s3@group-9FC63B188219:t2, leader=null, voted=s2, raftlog=Memoized:s3@group-9FC63B188219-SegmentedRaftLog:OPENED:c2:last(t:2, i:2), conf=conf: {index: 1, cur=peers:[s3|localhost:15172, s4|localhost:15176, s0|localhost:15160, s1|localhost:15164, s2|localhost:15168]|listeners:[], old=null}
2024-10-09 00:14:06,444 [s1@group-9FC63B188219-LeaderElection20] INFO  impl.LeaderElection (LogUtils.java:infoOrTrace(136)) - s1@group-9FC63B188219-LeaderElection20 got exception when requesting votes: java.util.concurrent.ExecutionException: java.io.IOException: The peer s4 is not alive.
2024-10-09 00:14:06,444 [s1@group-9FC63B188219-LeaderElection20] INFO  impl.LeaderElection (LogUtils.java:infoOrTrace(136)) - s1@group-9FC63B188219-LeaderElection20 got exception when requesting votes: java.util.concurrent.ExecutionException: java.io.IOException: The peer s2 is not alive.
2024-10-09 00:14:06,603 [s3@group-9FC63B188219-LeaderElection21] INFO  impl.LeaderElection (LeaderElection.java:logAndReturn(90)) - s3@group-9FC63B188219-LeaderElection21: PRE_VOTE TIMEOUT received 1 response(s) and 2 exception(s):
2024-10-09 00:14:06,603 [s3@group-9FC63B188219-LeaderElection21] INFO  impl.LeaderElection (LeaderElection.java:logAndReturn(94)) -   Response 0: s3<-s1#0:OK-t2
2024-10-09 00:14:06,603 [s3@group-9FC63B188219-LeaderElection21] INFO  impl.LeaderElection (LogUtils.java:infoOrTrace(136)) -   Exception 1: java.util.concurrent.ExecutionException: java.io.IOException: The peer s4 is not alive.
2024-10-09 00:14:06,603 [s3@group-9FC63B188219-LeaderElection21] INFO  impl.LeaderElection (LogUtils.java:infoOrTrace(136)) -   Exception 2: java.util.concurrent.ExecutionException: java.io.IOException: The peer s2 is not alive.
2024-10-09 00:14:06,603 [s3@group-9FC63B188219-LeaderElection21] INFO  impl.LeaderElection (LeaderElection.java:askForVotes(339)) - s3@group-9FC63B188219-LeaderElection21 PRE_VOTE round 8: result TIMEOUT
2024-10-09 00:14:06,603 [s3@group-9FC63B188219-LeaderElection21] INFO  impl.LeaderElection (LeaderElection.java:askForVotes(337)) - s3@group-9FC63B188219-LeaderElection21 PRE_VOTE round 9: submit vote requests at term 2 for conf: {index: 1, cur=peers:[s3|localhost:15172, s4|localhost:15176, s0|localhost:15160, s1|localhost:15164, s2|localhost:15168]|listeners:[], old=null}
2024-10-09 00:14:06,604 [HandlerDaemon-0] INFO  server.RaftServer$Division (RaftServerImpl.java:requestVote(1443)) - s1@group-9FC63B188219: receive requestVote(PRE_VOTE, s3, group-9FC63B188219, 2, (t:2, i:2))
2024-10-09 00:14:06,604 [s3@group-9FC63B188219-LeaderElection21] INFO  impl.LeaderElection (LogUtils.java:infoOrTrace(136)) - s3@group-9FC63B188219-LeaderElection21 got exception when requesting votes: java.util.concurrent.ExecutionException: java.io.IOException: The peer s4 is not alive.
2024-10-09 00:14:06,604 [HandlerDaemon-0] INFO  impl.VoteContext (VoteContext.java:log(49)) - s1@group-9FC63B188219-CANDIDATE: accept PRE_VOTE from s3: our priority 0 <= candidate's priority 0
2024-10-09 00:14:06,604 [s3@group-9FC63B188219-LeaderElection21] INFO  impl.LeaderElection (LogUtils.java:infoOrTrace(136)) - s3@group-9FC63B188219-LeaderElection21 got exception when requesting votes: java.util.concurrent.ExecutionException: java.io.IOException: The peer s2 is not alive.
2024-10-09 00:14:06,604 [HandlerDaemon-0] INFO  server.RaftServer$Division (RaftServerImpl.java:requestVote(1476)) - s1@group-9FC63B188219 replies to PRE_VOTE vote request: s3<-s1#0:OK-t2. Peer's state: s1@group-9FC63B188219:t2, leader=null, voted=s2, raftlog=Memoized:s1@group-9FC63B188219-SegmentedRaftLog:OPENED:c2:last(t:2, i:2), conf=conf: {index: 1, cur=peers:[s3|localhost:15172, s4|localhost:15176, s0|localhost:15160, s1|localhost:15164, s2|localhost:15168]|listeners:[], old=null}
2024-10-09 00:14:06,658 [s1@group-9FC63B188219-LeaderElection20] INFO  impl.LeaderElection (LeaderElection.java:logAndReturn(90)) - s1@group-9FC63B188219-LeaderElection20: PRE_VOTE TIMEOUT received 1 response(s) and 2 exception(s):
2024-10-09 00:14:06,658 [s1@group-9FC63B188219-LeaderElection20] INFO  impl.LeaderElection (LeaderElection.java:logAndReturn(94)) -   Response 0: s1<-s3#0:OK-t2
2024-10-09 00:14:06,658 [s1@group-9FC63B188219-LeaderElection20] INFO  impl.LeaderElection (LogUtils.java:infoOrTrace(136)) -   Exception 1: java.util.concurrent.ExecutionException: java.io.IOException: The peer s4 is not alive.
2024-10-09 00:14:06,658 [s1@group-9FC63B188219-LeaderElection20] INFO  impl.LeaderElection (LogUtils.java:infoOrTrace(136)) -   Exception 2: java.util.concurrent.ExecutionException: java.io.IOException: The peer s2 is not alive.
2024-10-09 00:14:06,658 [s1@group-9FC63B188219-LeaderElection20] INFO  impl.LeaderElection (LeaderElection.java:askForVotes(339)) - s1@group-9FC63B188219-LeaderElection20 PRE_VOTE round 23: result TIMEOUT
2024-10-09 00:14:06,658 [s1@group-9FC63B188219-LeaderElection20] INFO  impl.LeaderElection (LeaderElection.java:askForVotes(337)) - s1@group-9FC63B188219-LeaderElection20 PRE_VOTE round 24: submit vote requests at term 2 for conf: {index: 1, cur=peers:[s3|localhost:15172, s4|localhost:15176, s0|localhost:15160, s1|localhost:15164, s2|localhost:15168]|listeners:[], old=null}
2024-10-09 00:14:06,658 [HandlerDaemon-0] INFO  server.RaftServer$Division (RaftServerImpl.java:requestVote(1443)) - s3@group-9FC63B188219: receive requestVote(PRE_VOTE, s1, group-9FC63B188219, 2, (t:2, i:2))
2024-10-09 00:14:06,658 [HandlerDaemon-0] INFO  impl.VoteContext (VoteContext.java:log(49)) - s3@group-9FC63B188219-CANDIDATE: accept PRE_VOTE from s1: our priority 0 <= candidate's priority 0
2024-10-09 00:14:06,658 [HandlerDaemon-0] INFO  server.RaftServer$Division (RaftServerImpl.java:requestVote(1476)) - s3@group-9FC63B188219 replies to PRE_VOTE vote request: s1<-s3#0:OK-t2. Peer's state: s3@group-9FC63B188219:t2, leader=null, voted=s2, raftlog=Memoized:s3@group-9FC63B188219-SegmentedRaftLog:OPENED:c2:last(t:2, i:2), conf=conf: {index: 1, cur=peers:[s3|localhost:15172, s4|localhost:15176, s0|localhost:15160, s1|localhost:15164, s2|localhost:15168]|listeners:[], old=null}
2024-10-09 00:14:06,659 [s1@group-9FC63B188219-LeaderElection20] INFO  impl.LeaderElection (LogUtils.java:infoOrTrace(136)) - s1@group-9FC63B188219-LeaderElection20 got exception when requesting votes: java.util.concurrent.ExecutionException: java.io.IOException: The peer s4 is not alive.
2024-10-09 00:14:06,659 [s1@group-9FC63B188219-LeaderElection20] INFO  impl.LeaderElection (LogUtils.java:infoOrTrace(136)) - s1@group-9FC63B188219-LeaderElection20 got exception when requesting votes: java.util.concurrent.ExecutionException: java.io.IOException: The peer s2 is not alive.
2024-10-09 00:14:06,748 [main] WARN  ratis.RaftTestUtil (RaftTestUtil.java:lambda$waitForLeader$3(126)) - Attempt #13 failed: java.lang.IllegalStateException: No leader yet : printing ALL groups
  s3:  RUNNING CANDIDATE s3@group-9FC63B188219:t2, leader=null, voted=s2, raftlog=Memoized:s3@group-9FC63B188219-SegmentedRaftLog:OPENED:c2:last(t:2, i:2), conf=conf: {index: 1, cur=peers:[s3|localhost:15172, s4|localhost:15176, s0|localhost:15160, s1|localhost:15164, s2|localhost:15168]|listeners:[], old=null} RUNNING
  s4:   CLOSED    LEADER s4@group-9FC63B188219:t1, leader=s4, voted=s4, raftlog=Memoized:s4@group-9FC63B188219-SegmentedRaftLog:CLOSED:c0, conf=conf: {index: 0, cur=peers:[s3|localhost:15172, s4|localhost:15176, s0|localhost:15160, s1|localhost:15164, s2|localhost:15168]|listeners:[], old=null} CLOSED
  s0:  RUNNING  FOLLOWER s0@group-9FC63B188219:t1, leader=null, voted=null, raftlog=Memoized:s0@group-9FC63B188219-SegmentedRaftLog:OPENED:c-1:lastnull, conf=conf: {index: -1, cur=peers:[s3|localhost:15172, s4|localhost:15176, s0|localhost:15160, s1|localhost:15164, s2|localhost:15168]|listeners:[], old=null} RUNNING
  s1:  RUNNING CANDIDATE s1@group-9FC63B188219:t2, leader=null, voted=s2, raftlog=Memoized:s1@group-9FC63B188219-SegmentedRaftLog:OPENED:c2:last(t:2, i:2), conf=conf: {index: 1, cur=peers:[s3|localhost:15172, s4|localhost:15176, s0|localhost:15160, s1|localhost:15164, s2|localhost:15168]|listeners:[], old=null} RUNNING
  s2:   CLOSED    LEADER s2@group-9FC63B188219:t2, leader=s2, voted=s2, raftlog=Memoized:s2@group-9FC63B188219-SegmentedRaftLog:CLOSED:c2, conf=conf: {index: 1, cur=peers:[s3|localhost:15172, s4|localhost:15176, s0|localhost:15160, s1|localhost:15164, s2|localhost:15168]|listeners:[], old=null} CLOSED
2024-10-09 00:14:06,834 [s3@group-9FC63B188219-LeaderElection21] INFO  impl.LeaderElection (LeaderElection.java:logAndReturn(90)) - s3@group-9FC63B188219-LeaderElection21: PRE_VOTE TIMEOUT received 1 response(s) and 2 exception(s):
2024-10-09 00:14:06,834 [s3@group-9FC63B188219-LeaderElection21] INFO  impl.LeaderElection (LeaderElection.java:logAndReturn(94)) -   Response 0: s3<-s1#0:OK-t2
2024-10-09 00:14:06,834 [s3@group-9FC63B188219-LeaderElection21] INFO  impl.LeaderElection (LogUtils.java:infoOrTrace(136)) -   Exception 1: java.util.concurrent.ExecutionException: java.io.IOException: The peer s4 is not alive.
2024-10-09 00:14:06,834 [s3@group-9FC63B188219-LeaderElection21] INFO  impl.LeaderElection (LogUtils.java:infoOrTrace(136)) -   Exception 2: java.util.concurrent.ExecutionException: java.io.IOException: The peer s2 is not alive.
2024-10-09 00:14:06,834 [s3@group-9FC63B188219-LeaderElection21] INFO  impl.LeaderElection (LeaderElection.java:askForVotes(339)) - s3@group-9FC63B188219-LeaderElection21 PRE_VOTE round 9: result TIMEOUT
2024-10-09 00:14:06,834 [s3@group-9FC63B188219-LeaderElection21] INFO  impl.LeaderElection (LeaderElection.java:askForVotes(337)) - s3@group-9FC63B188219-LeaderElection21 PRE_VOTE round 10: submit vote requests at term 2 for conf: {index: 1, cur=peers:[s3|localhost:15172, s4|localhost:15176, s0|localhost:15160, s1|localhost:15164, s2|localhost:15168]|listeners:[], old=null}
2024-10-09 00:14:06,835 [HandlerDaemon-1] INFO  server.RaftServer$Division (RaftServerImpl.java:requestVote(1443)) - s1@group-9FC63B188219: receive requestVote(PRE_VOTE, s3, group-9FC63B188219, 2, (t:2, i:2))
2024-10-09 00:14:06,835 [s3@group-9FC63B188219-LeaderElection21] INFO  impl.LeaderElection (LogUtils.java:infoOrTrace(136)) - s3@group-9FC63B188219-LeaderElection21 got exception when requesting votes: java.util.concurrent.ExecutionException: java.io.IOException: The peer s4 is not alive.
2024-10-09 00:14:06,835 [HandlerDaemon-1] INFO  impl.VoteContext (VoteContext.java:log(49)) - s1@group-9FC63B188219-CANDIDATE: accept PRE_VOTE from s3: our priority 0 <= candidate's priority 0
2024-10-09 00:14:06,835 [s3@group-9FC63B188219-LeaderElection21] INFO  impl.LeaderElection (LogUtils.java:infoOrTrace(136)) - s3@group-9FC63B188219-LeaderElection21 got exception when requesting votes: java.util.concurrent.ExecutionException: java.io.IOException: The peer s2 is not alive.
2024-10-09 00:14:06,835 [HandlerDaemon-1] INFO  server.RaftServer$Division (RaftServerImpl.java:requestVote(1476)) - s1@group-9FC63B188219 replies to PRE_VOTE vote request: s3<-s1#0:OK-t2. Peer's state: s1@group-9FC63B188219:t2, leader=null, voted=s2, raftlog=Memoized:s1@group-9FC63B188219-SegmentedRaftLog:OPENED:c2:last(t:2, i:2), conf=conf: {index: 1, cur=peers:[s3|localhost:15172, s4|localhost:15176, s0|localhost:15160, s1|localhost:15164, s2|localhost:15168]|listeners:[], old=null}
2024-10-09 00:14:06,836 [s1@group-9FC63B188219-LeaderElection20] INFO  impl.LeaderElection (LeaderElection.java:logAndReturn(90)) - s1@group-9FC63B188219-LeaderElection20: PRE_VOTE TIMEOUT received 1 response(s) and 2 exception(s):
2024-10-09 00:14:06,836 [s1@group-9FC63B188219-LeaderElection20] INFO  impl.LeaderElection (LeaderElection.java:logAndReturn(94)) -   Response 0: s1<-s3#0:OK-t2
2024-10-09 00:14:06,836 [s1@group-9FC63B188219-LeaderElection20] INFO  impl.LeaderElection (LogUtils.java:infoOrTrace(136)) -   Exception 1: java.util.concurrent.ExecutionException: java.io.IOException: The peer s4 is not alive.
2024-10-09 00:14:06,836 [s1@group-9FC63B188219-LeaderElection20] INFO  impl.LeaderElection (LogUtils.java:infoOrTrace(136)) -   Exception 2: java.util.concurrent.ExecutionException: java.io.IOException: The peer s2 is not alive.
2024-10-09 00:14:06,836 [s1@group-9FC63B188219-LeaderElection20] INFO  impl.LeaderElection (LeaderElection.java:askForVotes(339)) - s1@group-9FC63B188219-LeaderElection20 PRE_VOTE round 24: result TIMEOUT
2024-10-09 00:14:06,836 [s1@group-9FC63B188219-LeaderElection20] INFO  impl.LeaderElection (LeaderElection.java:askForVotes(337)) - s1@group-9FC63B188219-LeaderElection20 PRE_VOTE round 25: submit vote requests at term 2 for conf: {index: 1, cur=peers:[s3|localhost:15172, s4|localhost:15176, s0|localhost:15160, s1|localhost:15164, s2|localhost:15168]|listeners:[], old=null}
2024-10-09 00:14:06,836 [HandlerDaemon-1] INFO  server.RaftServer$Division (RaftServerImpl.java:requestVote(1443)) - s3@group-9FC63B188219: receive requestVote(PRE_VOTE, s1, group-9FC63B188219, 2, (t:2, i:2))
2024-10-09 00:14:06,836 [HandlerDaemon-1] INFO  impl.VoteContext (VoteContext.java:log(49)) - s3@group-9FC63B188219-CANDIDATE: accept PRE_VOTE from s1: our priority 0 <= candidate's priority 0
2024-10-09 00:14:06,836 [HandlerDaemon-1] INFO  server.RaftServer$Division (RaftServerImpl.java:requestVote(1476)) - s3@group-9FC63B188219 replies to PRE_VOTE vote request: s1<-s3#0:OK-t2. Peer's state: s3@group-9FC63B188219:t2, leader=null, voted=s2, raftlog=Memoized:s3@group-9FC63B188219-SegmentedRaftLog:OPENED:c2:last(t:2, i:2), conf=conf: {index: 1, cur=peers:[s3|localhost:15172, s4|localhost:15176, s0|localhost:15160, s1|localhost:15164, s2|localhost:15168]|listeners:[], old=null}
2024-10-09 00:14:06,836 [s1@group-9FC63B188219-LeaderElection20] INFO  impl.LeaderElection (LogUtils.java:infoOrTrace(136)) - s1@group-9FC63B188219-LeaderElection20 got exception when requesting votes: java.util.concurrent.ExecutionException: java.io.IOException: The peer s2 is not alive.
2024-10-09 00:14:06,837 [s1@group-9FC63B188219-LeaderElection20] INFO  impl.LeaderElection (LogUtils.java:infoOrTrace(136)) - s1@group-9FC63B188219-LeaderElection20 got exception when requesting votes: java.util.concurrent.ExecutionException: java.io.IOException: The peer s4 is not alive.
2024-10-09 00:14:06,995 [s3@group-9FC63B188219-LeaderElection21] INFO  impl.LeaderElection (LeaderElection.java:logAndReturn(90)) - s3@group-9FC63B188219-LeaderElection21: PRE_VOTE TIMEOUT received 1 response(s) and 2 exception(s):
2024-10-09 00:14:06,995 [s3@group-9FC63B188219-LeaderElection21] INFO  impl.LeaderElection (LeaderElection.java:logAndReturn(94)) -   Response 0: s3<-s1#0:OK-t2
2024-10-09 00:14:06,995 [s3@group-9FC63B188219-LeaderElection21] INFO  impl.LeaderElection (LogUtils.java:infoOrTrace(136)) -   Exception 1: java.util.concurrent.ExecutionException: java.io.IOException: The peer s4 is not alive.
2024-10-09 00:14:06,995 [s3@group-9FC63B188219-LeaderElection21] INFO  impl.LeaderElection (LogUtils.java:infoOrTrace(136)) -   Exception 2: java.util.concurrent.ExecutionException: java.io.IOException: The peer s2 is not alive.
2024-10-09 00:14:06,995 [s3@group-9FC63B188219-LeaderElection21] INFO  impl.LeaderElection (LeaderElection.java:askForVotes(339)) - s3@group-9FC63B188219-LeaderElection21 PRE_VOTE round 10: result TIMEOUT
2024-10-09 00:14:06,995 [s3@group-9FC63B188219-LeaderElection21] INFO  impl.LeaderElection (LeaderElection.java:askForVotes(337)) - s3@group-9FC63B188219-LeaderElection21 PRE_VOTE round 11: submit vote requests at term 2 for conf: {index: 1, cur=peers:[s3|localhost:15172, s4|localhost:15176, s0|localhost:15160, s1|localhost:15164, s2|localhost:15168]|listeners:[], old=null}
2024-10-09 00:14:06,996 [HandlerDaemon-2] INFO  server.RaftServer$Division (RaftServerImpl.java:requestVote(1443)) - s1@group-9FC63B188219: receive requestVote(PRE_VOTE, s3, group-9FC63B188219, 2, (t:2, i:2))
2024-10-09 00:14:06,996 [s3@group-9FC63B188219-LeaderElection21] INFO  impl.LeaderElection (LogUtils.java:infoOrTrace(136)) - s3@group-9FC63B188219-LeaderElection21 got exception when requesting votes: java.util.concurrent.ExecutionException: java.io.IOException: The peer s4 is not alive.
2024-10-09 00:14:06,996 [HandlerDaemon-2] INFO  impl.VoteContext (VoteContext.java:log(49)) - s1@group-9FC63B188219-CANDIDATE: accept PRE_VOTE from s3: our priority 0 <= candidate's priority 0
2024-10-09 00:14:06,996 [HandlerDaemon-2] INFO  server.RaftServer$Division (RaftServerImpl.java:requestVote(1476)) - s1@group-9FC63B188219 replies to PRE_VOTE vote request: s3<-s1#0:OK-t2. Peer's state: s1@group-9FC63B188219:t2, leader=null, voted=s2, raftlog=Memoized:s1@group-9FC63B188219-SegmentedRaftLog:OPENED:c2:last(t:2, i:2), conf=conf: {index: 1, cur=peers:[s3|localhost:15172, s4|localhost:15176, s0|localhost:15160, s1|localhost:15164, s2|localhost:15168]|listeners:[], old=null}
2024-10-09 00:14:06,996 [s3@group-9FC63B188219-LeaderElection21] INFO  impl.LeaderElection (LogUtils.java:infoOrTrace(136)) - s3@group-9FC63B188219-LeaderElection21 got exception when requesting votes: java.util.concurrent.ExecutionException: java.io.IOException: The peer s2 is not alive.
2024-10-09 00:14:07,068 [s1@group-9FC63B188219-LeaderElection20] INFO  impl.LeaderElection (LeaderElection.java:logAndReturn(90)) - s1@group-9FC63B188219-LeaderElection20: PRE_VOTE TIMEOUT received 1 response(s) and 2 exception(s):
2024-10-09 00:14:07,068 [s1@group-9FC63B188219-LeaderElection20] INFO  impl.LeaderElection (LeaderElection.java:logAndReturn(94)) -   Response 0: s1<-s3#0:OK-t2
2024-10-09 00:14:07,068 [s1@group-9FC63B188219-LeaderElection20] INFO  impl.LeaderElection (LogUtils.java:infoOrTrace(136)) -   Exception 1: java.util.concurrent.ExecutionException: java.io.IOException: The peer s2 is not alive.
2024-10-09 00:14:07,069 [s1@group-9FC63B188219-LeaderElection20] INFO  impl.LeaderElection (LogUtils.java:infoOrTrace(136)) -   Exception 2: java.util.concurrent.ExecutionException: java.io.IOException: The peer s4 is not alive.
2024-10-09 00:14:07,069 [s1@group-9FC63B188219-LeaderElection20] INFO  impl.LeaderElection (LeaderElection.java:askForVotes(339)) - s1@group-9FC63B188219-LeaderElection20 PRE_VOTE round 25: result TIMEOUT
2024-10-09 00:14:07,069 [s1@group-9FC63B188219-LeaderElection20] INFO  impl.LeaderElection (LeaderElection.java:askForVotes(337)) - s1@group-9FC63B188219-LeaderElection20 PRE_VOTE round 26: submit vote requests at term 2 for conf: {index: 1, cur=peers:[s3|localhost:15172, s4|localhost:15176, s0|localhost:15160, s1|localhost:15164, s2|localhost:15168]|listeners:[], old=null}
2024-10-09 00:14:07,069 [HandlerDaemon-2] INFO  server.RaftServer$Division (RaftServerImpl.java:requestVote(1443)) - s3@group-9FC63B188219: receive requestVote(PRE_VOTE, s1, group-9FC63B188219, 2, (t:2, i:2))
2024-10-09 00:14:07,069 [HandlerDaemon-2] INFO  impl.VoteContext (VoteContext.java:log(49)) - s3@group-9FC63B188219-CANDIDATE: accept PRE_VOTE from s1: our priority 0 <= candidate's priority 0
2024-10-09 00:14:07,069 [HandlerDaemon-2] INFO  server.RaftServer$Division (RaftServerImpl.java:requestVote(1476)) - s3@group-9FC63B188219 replies to PRE_VOTE vote request: s1<-s3#0:OK-t2. Peer's state: s3@group-9FC63B188219:t2, leader=null, voted=s2, raftlog=Memoized:s3@group-9FC63B188219-SegmentedRaftLog:OPENED:c2:last(t:2, i:2), conf=conf: {index: 1, cur=peers:[s3|localhost:15172, s4|localhost:15176, s0|localhost:15160, s1|localhost:15164, s2|localhost:15168]|listeners:[], old=null}
2024-10-09 00:14:07,069 [s1@group-9FC63B188219-LeaderElection20] INFO  impl.LeaderElection (LogUtils.java:infoOrTrace(136)) - s1@group-9FC63B188219-LeaderElection20 got exception when requesting votes: java.util.concurrent.ExecutionException: java.io.IOException: The peer s4 is not alive.
2024-10-09 00:14:07,069 [s1@group-9FC63B188219-LeaderElection20] INFO  impl.LeaderElection (LogUtils.java:infoOrTrace(136)) - s1@group-9FC63B188219-LeaderElection20 got exception when requesting votes: java.util.concurrent.ExecutionException: java.io.IOException: The peer s2 is not alive.
2024-10-09 00:14:07,156 [s3@group-9FC63B188219-LeaderElection21] INFO  impl.LeaderElection (LeaderElection.java:logAndReturn(90)) - s3@group-9FC63B188219-LeaderElection21: PRE_VOTE TIMEOUT received 1 response(s) and 2 exception(s):
2024-10-09 00:14:07,156 [s3@group-9FC63B188219-LeaderElection21] INFO  impl.LeaderElection (LeaderElection.java:logAndReturn(94)) -   Response 0: s3<-s1#0:OK-t2
2024-10-09 00:14:07,156 [s3@group-9FC63B188219-LeaderElection21] INFO  impl.LeaderElection (LogUtils.java:infoOrTrace(136)) -   Exception 1: java.util.concurrent.ExecutionException: java.io.IOException: The peer s4 is not alive.
2024-10-09 00:14:07,156 [s3@group-9FC63B188219-LeaderElection21] INFO  impl.LeaderElection (LogUtils.java:infoOrTrace(136)) -   Exception 2: java.util.concurrent.ExecutionException: java.io.IOException: The peer s2 is not alive.
2024-10-09 00:14:07,156 [s3@group-9FC63B188219-LeaderElection21] INFO  impl.LeaderElection (LeaderElection.java:askForVotes(339)) - s3@group-9FC63B188219-LeaderElection21 PRE_VOTE round 11: result TIMEOUT
2024-10-09 00:14:07,156 [s3@group-9FC63B188219-LeaderElection21] INFO  impl.LeaderElection (LeaderElection.java:askForVotes(337)) - s3@group-9FC63B188219-LeaderElection21 PRE_VOTE round 12: submit vote requests at term 2 for conf: {index: 1, cur=peers:[s3|localhost:15172, s4|localhost:15176, s0|localhost:15160, s1|localhost:15164, s2|localhost:15168]|listeners:[], old=null}
2024-10-09 00:14:07,157 [s3@group-9FC63B188219-LeaderElection21] INFO  impl.LeaderElection (LogUtils.java:infoOrTrace(136)) - s3@group-9FC63B188219-LeaderElection21 got exception when requesting votes: java.util.concurrent.ExecutionException: java.io.IOException: The peer s4 is not alive.
2024-10-09 00:14:07,157 [HandlerDaemon-0] INFO  server.RaftServer$Division (RaftServerImpl.java:requestVote(1443)) - s1@group-9FC63B188219: receive requestVote(PRE_VOTE, s3, group-9FC63B188219, 2, (t:2, i:2))
2024-10-09 00:14:07,157 [s3@group-9FC63B188219-LeaderElection21] INFO  impl.LeaderElection (LogUtils.java:infoOrTrace(136)) - s3@group-9FC63B188219-LeaderElection21 got exception when requesting votes: java.util.concurrent.ExecutionException: java.io.IOException: The peer s2 is not alive.
2024-10-09 00:14:07,157 [HandlerDaemon-0] INFO  impl.VoteContext (VoteContext.java:log(49)) - s1@group-9FC63B188219-CANDIDATE: accept PRE_VOTE from s3: our priority 0 <= candidate's priority 0
2024-10-09 00:14:07,157 [HandlerDaemon-0] INFO  server.RaftServer$Division (RaftServerImpl.java:requestVote(1476)) - s1@group-9FC63B188219 replies to PRE_VOTE vote request: s3<-s1#0:OK-t2. Peer's state: s1@group-9FC63B188219:t2, leader=null, voted=s2, raftlog=Memoized:s1@group-9FC63B188219-SegmentedRaftLog:OPENED:c2:last(t:2, i:2), conf=conf: {index: 1, cur=peers:[s3|localhost:15172, s4|localhost:15176, s0|localhost:15160, s1|localhost:15164, s2|localhost:15168]|listeners:[], old=null}
2024-10-09 00:14:07,199 [main] WARN  ratis.RaftTestUtil (RaftTestUtil.java:lambda$waitForLeader$3(126)) - Attempt #14 failed: java.lang.IllegalStateException: No leader yet : printing ALL groups
  s3:  RUNNING CANDIDATE s3@group-9FC63B188219:t2, leader=null, voted=s2, raftlog=Memoized:s3@group-9FC63B188219-SegmentedRaftLog:OPENED:c2:last(t:2, i:2), conf=conf: {index: 1, cur=peers:[s3|localhost:15172, s4|localhost:15176, s0|localhost:15160, s1|localhost:15164, s2|localhost:15168]|listeners:[], old=null} RUNNING
  s4:   CLOSED    LEADER s4@group-9FC63B188219:t1, leader=s4, voted=s4, raftlog=Memoized:s4@group-9FC63B188219-SegmentedRaftLog:CLOSED:c0, conf=conf: {index: 0, cur=peers:[s3|localhost:15172, s4|localhost:15176, s0|localhost:15160, s1|localhost:15164, s2|localhost:15168]|listeners:[], old=null} CLOSED
  s0:  RUNNING  FOLLOWER s0@group-9FC63B188219:t1, leader=null, voted=null, raftlog=Memoized:s0@group-9FC63B188219-SegmentedRaftLog:OPENED:c-1:lastnull, conf=conf: {index: -1, cur=peers:[s3|localhost:15172, s4|localhost:15176, s0|localhost:15160, s1|localhost:15164, s2|localhost:15168]|listeners:[], old=null} RUNNING
  s1:  RUNNING CANDIDATE s1@group-9FC63B188219:t2, leader=null, voted=s2, raftlog=Memoized:s1@group-9FC63B188219-SegmentedRaftLog:OPENED:c2:last(t:2, i:2), conf=conf: {index: 1, cur=peers:[s3|localhost:15172, s4|localhost:15176, s0|localhost:15160, s1|localhost:15164, s2|localhost:15168]|listeners:[], old=null} RUNNING
  s2:   CLOSED    LEADER s2@group-9FC63B188219:t2, leader=s2, voted=s2, raftlog=Memoized:s2@group-9FC63B188219-SegmentedRaftLog:CLOSED:c2, conf=conf: {index: 1, cur=peers:[s3|localhost:15172, s4|localhost:15176, s0|localhost:15160, s1|localhost:15164, s2|localhost:15168]|listeners:[], old=null} CLOSED
2024-10-09 00:14:07,287 [s1@group-9FC63B188219-LeaderElection20] INFO  impl.LeaderElection (LeaderElection.java:logAndReturn(90)) - s1@group-9FC63B188219-LeaderElection20: PRE_VOTE TIMEOUT received 1 response(s) and 2 exception(s):
2024-10-09 00:14:07,287 [s1@group-9FC63B188219-LeaderElection20] INFO  impl.LeaderElection (LeaderElection.java:logAndReturn(94)) -   Response 0: s1<-s3#0:OK-t2
2024-10-09 00:14:07,287 [s1@group-9FC63B188219-LeaderElection20] INFO  impl.LeaderElection (LogUtils.java:infoOrTrace(136)) -   Exception 1: java.util.concurrent.ExecutionException: java.io.IOException: The peer s4 is not alive.
2024-10-09 00:14:07,287 [s1@group-9FC63B188219-LeaderElection20] INFO  impl.LeaderElection (LogUtils.java:infoOrTrace(136)) -   Exception 2: java.util.concurrent.ExecutionException: java.io.IOException: The peer s2 is not alive.
2024-10-09 00:14:07,287 [s1@group-9FC63B188219-LeaderElection20] INFO  impl.LeaderElection (LeaderElection.java:askForVotes(339)) - s1@group-9FC63B188219-LeaderElection20 PRE_VOTE round 26: result TIMEOUT
2024-10-09 00:14:07,288 [s1@group-9FC63B188219-LeaderElection20] INFO  impl.LeaderElection (LeaderElection.java:askForVotes(337)) - s1@group-9FC63B188219-LeaderElection20 PRE_VOTE round 27: submit vote requests at term 2 for conf: {index: 1, cur=peers:[s3|localhost:15172, s4|localhost:15176, s0|localhost:15160, s1|localhost:15164, s2|localhost:15168]|listeners:[], old=null}
2024-10-09 00:14:07,288 [HandlerDaemon-0] INFO  server.RaftServer$Division (RaftServerImpl.java:requestVote(1443)) - s3@group-9FC63B188219: receive requestVote(PRE_VOTE, s1, group-9FC63B188219, 2, (t:2, i:2))
2024-10-09 00:14:07,288 [HandlerDaemon-0] INFO  impl.VoteContext (VoteContext.java:log(49)) - s3@group-9FC63B188219-CANDIDATE: accept PRE_VOTE from s1: our priority 0 <= candidate's priority 0
2024-10-09 00:14:07,288 [HandlerDaemon-0] INFO  server.RaftServer$Division (RaftServerImpl.java:requestVote(1476)) - s3@group-9FC63B188219 replies to PRE_VOTE vote request: s1<-s3#0:OK-t2. Peer's state: s3@group-9FC63B188219:t2, leader=null, voted=s2, raftlog=Memoized:s3@group-9FC63B188219-SegmentedRaftLog:OPENED:c2:last(t:2, i:2), conf=conf: {index: 1, cur=peers:[s3|localhost:15172, s4|localhost:15176, s0|localhost:15160, s1|localhost:15164, s2|localhost:15168]|listeners:[], old=null}
2024-10-09 00:14:07,288 [s1@group-9FC63B188219-LeaderElection20] INFO  impl.LeaderElection (LogUtils.java:infoOrTrace(136)) - s1@group-9FC63B188219-LeaderElection20 got exception when requesting votes: java.util.concurrent.ExecutionException: java.io.IOException: The peer s4 is not alive.
2024-10-09 00:14:07,288 [s1@group-9FC63B188219-LeaderElection20] INFO  impl.LeaderElection (LogUtils.java:infoOrTrace(136)) - s1@group-9FC63B188219-LeaderElection20 got exception when requesting votes: java.util.concurrent.ExecutionException: java.io.IOException: The peer s2 is not alive.
2024-10-09 00:14:07,320 [s3@group-9FC63B188219-LeaderElection21] INFO  impl.LeaderElection (LeaderElection.java:logAndReturn(90)) - s3@group-9FC63B188219-LeaderElection21: PRE_VOTE TIMEOUT received 1 response(s) and 2 exception(s):
2024-10-09 00:14:07,320 [s3@group-9FC63B188219-LeaderElection21] INFO  impl.LeaderElection (LeaderElection.java:logAndReturn(94)) -   Response 0: s3<-s1#0:OK-t2
2024-10-09 00:14:07,320 [s3@group-9FC63B188219-LeaderElection21] INFO  impl.LeaderElection (LogUtils.java:infoOrTrace(136)) -   Exception 1: java.util.concurrent.ExecutionException: java.io.IOException: The peer s4 is not alive.
2024-10-09 00:14:07,320 [s3@group-9FC63B188219-LeaderElection21] INFO  impl.LeaderElection (LogUtils.java:infoOrTrace(136)) -   Exception 2: java.util.concurrent.ExecutionException: java.io.IOException: The peer s2 is not alive.
2024-10-09 00:14:07,320 [s3@group-9FC63B188219-LeaderElection21] INFO  impl.LeaderElection (LeaderElection.java:askForVotes(339)) - s3@group-9FC63B188219-LeaderElection21 PRE_VOTE round 12: result TIMEOUT
2024-10-09 00:14:07,320 [s3@group-9FC63B188219-LeaderElection21] INFO  impl.LeaderElection (LeaderElection.java:askForVotes(337)) - s3@group-9FC63B188219-LeaderElection21 PRE_VOTE round 13: submit vote requests at term 2 for conf: {index: 1, cur=peers:[s3|localhost:15172, s4|localhost:15176, s0|localhost:15160, s1|localhost:15164, s2|localhost:15168]|listeners:[], old=null}
2024-10-09 00:14:07,321 [HandlerDaemon-1] INFO  server.RaftServer$Division (RaftServerImpl.java:requestVote(1443)) - s1@group-9FC63B188219: receive requestVote(PRE_VOTE, s3, group-9FC63B188219, 2, (t:2, i:2))
2024-10-09 00:14:07,321 [s3@group-9FC63B188219-LeaderElection21] INFO  impl.LeaderElection (LogUtils.java:infoOrTrace(136)) - s3@group-9FC63B188219-LeaderElection21 got exception when requesting votes: java.util.concurrent.ExecutionException: java.io.IOException: The peer s4 is not alive.
2024-10-09 00:14:07,321 [HandlerDaemon-1] INFO  impl.VoteContext (VoteContext.java:log(49)) - s1@group-9FC63B188219-CANDIDATE: accept PRE_VOTE from s3: our priority 0 <= candidate's priority 0
2024-10-09 00:14:07,321 [s3@group-9FC63B188219-LeaderElection21] INFO  impl.LeaderElection (LogUtils.java:infoOrTrace(136)) - s3@group-9FC63B188219-LeaderElection21 got exception when requesting votes: java.util.concurrent.ExecutionException: java.io.IOException: The peer s2 is not alive.
2024-10-09 00:14:07,321 [HandlerDaemon-1] INFO  server.RaftServer$Division (RaftServerImpl.java:requestVote(1476)) - s1@group-9FC63B188219 replies to PRE_VOTE vote request: s3<-s1#0:OK-t2. Peer's state: s1@group-9FC63B188219:t2, leader=null, voted=s2, raftlog=Memoized:s1@group-9FC63B188219-SegmentedRaftLog:OPENED:c2:last(t:2, i:2), conf=conf: {index: 1, cur=peers:[s3|localhost:15172, s4|localhost:15176, s0|localhost:15160, s1|localhost:15164, s2|localhost:15168]|listeners:[], old=null}
2024-10-09 00:14:07,495 [s1@group-9FC63B188219-LeaderElection20] INFO  impl.LeaderElection (LeaderElection.java:logAndReturn(90)) - s1@group-9FC63B188219-LeaderElection20: PRE_VOTE TIMEOUT received 1 response(s) and 2 exception(s):
2024-10-09 00:14:07,495 [s1@group-9FC63B188219-LeaderElection20] INFO  impl.LeaderElection (LeaderElection.java:logAndReturn(94)) -   Response 0: s1<-s3#0:OK-t2
2024-10-09 00:14:07,495 [s1@group-9FC63B188219-LeaderElection20] INFO  impl.LeaderElection (LogUtils.java:infoOrTrace(136)) -   Exception 1: java.util.concurrent.ExecutionException: java.io.IOException: The peer s4 is not alive.
2024-10-09 00:14:07,495 [s1@group-9FC63B188219-LeaderElection20] INFO  impl.LeaderElection (LogUtils.java:infoOrTrace(136)) -   Exception 2: java.util.concurrent.ExecutionException: java.io.IOException: The peer s2 is not alive.
2024-10-09 00:14:07,495 [s1@group-9FC63B188219-LeaderElection20] INFO  impl.LeaderElection (LeaderElection.java:askForVotes(339)) - s1@group-9FC63B188219-LeaderElection20 PRE_VOTE round 27: result TIMEOUT
2024-10-09 00:14:07,495 [s1@group-9FC63B188219-LeaderElection20] INFO  impl.LeaderElection (LeaderElection.java:askForVotes(337)) - s1@group-9FC63B188219-LeaderElection20 PRE_VOTE round 28: submit vote requests at term 2 for conf: {index: 1, cur=peers:[s3|localhost:15172, s4|localhost:15176, s0|localhost:15160, s1|localhost:15164, s2|localhost:15168]|listeners:[], old=null}
2024-10-09 00:14:07,496 [HandlerDaemon-1] INFO  server.RaftServer$Division (RaftServerImpl.java:requestVote(1443)) - s3@group-9FC63B188219: receive requestVote(PRE_VOTE, s1, group-9FC63B188219, 2, (t:2, i:2))
2024-10-09 00:14:07,496 [HandlerDaemon-1] INFO  impl.VoteContext (VoteContext.java:log(49)) - s3@group-9FC63B188219-CANDIDATE: accept PRE_VOTE from s1: our priority 0 <= candidate's priority 0
2024-10-09 00:14:07,496 [HandlerDaemon-1] INFO  server.RaftServer$Division (RaftServerImpl.java:requestVote(1476)) - s3@group-9FC63B188219 replies to PRE_VOTE vote request: s1<-s3#0:OK-t2. Peer's state: s3@group-9FC63B188219:t2, leader=null, voted=s2, raftlog=Memoized:s3@group-9FC63B188219-SegmentedRaftLog:OPENED:c2:last(t:2, i:2), conf=conf: {index: 1, cur=peers:[s3|localhost:15172, s4|localhost:15176, s0|localhost:15160, s1|localhost:15164, s2|localhost:15168]|listeners:[], old=null}
2024-10-09 00:14:07,496 [s1@group-9FC63B188219-LeaderElection20] INFO  impl.LeaderElection (LogUtils.java:infoOrTrace(136)) - s1@group-9FC63B188219-LeaderElection20 got exception when requesting votes: java.util.concurrent.ExecutionException: java.io.IOException: The peer s4 is not alive.
2024-10-09 00:14:07,496 [s1@group-9FC63B188219-LeaderElection20] INFO  impl.LeaderElection (LogUtils.java:infoOrTrace(136)) - s1@group-9FC63B188219-LeaderElection20 got exception when requesting votes: java.util.concurrent.ExecutionException: java.io.IOException: The peer s2 is not alive.
2024-10-09 00:14:07,583 [s3@group-9FC63B188219-LeaderElection21] INFO  impl.LeaderElection (LeaderElection.java:logAndReturn(90)) - s3@group-9FC63B188219-LeaderElection21: PRE_VOTE TIMEOUT received 1 response(s) and 2 exception(s):
2024-10-09 00:14:07,583 [s3@group-9FC63B188219-LeaderElection21] INFO  impl.LeaderElection (LeaderElection.java:logAndReturn(94)) -   Response 0: s3<-s1#0:OK-t2
2024-10-09 00:14:07,583 [s3@group-9FC63B188219-LeaderElection21] INFO  impl.LeaderElection (LogUtils.java:infoOrTrace(136)) -   Exception 1: java.util.concurrent.ExecutionException: java.io.IOException: The peer s4 is not alive.
2024-10-09 00:14:07,583 [s3@group-9FC63B188219-LeaderElection21] INFO  impl.LeaderElection (LogUtils.java:infoOrTrace(136)) -   Exception 2: java.util.concurrent.ExecutionException: java.io.IOException: The peer s2 is not alive.
2024-10-09 00:14:07,583 [s3@group-9FC63B188219-LeaderElection21] INFO  impl.LeaderElection (LeaderElection.java:askForVotes(339)) - s3@group-9FC63B188219-LeaderElection21 PRE_VOTE round 13: result TIMEOUT
2024-10-09 00:14:07,583 [s3@group-9FC63B188219-LeaderElection21] INFO  impl.LeaderElection (LeaderElection.java:askForVotes(337)) - s3@group-9FC63B188219-LeaderElection21 PRE_VOTE round 14: submit vote requests at term 2 for conf: {index: 1, cur=peers:[s3|localhost:15172, s4|localhost:15176, s0|localhost:15160, s1|localhost:15164, s2|localhost:15168]|listeners:[], old=null}
2024-10-09 00:14:07,584 [s3@group-9FC63B188219-LeaderElection21] INFO  impl.LeaderElection (LogUtils.java:infoOrTrace(136)) - s3@group-9FC63B188219-LeaderElection21 got exception when requesting votes: java.util.concurrent.ExecutionException: java.io.IOException: The peer s4 is not alive.
2024-10-09 00:14:07,584 [HandlerDaemon-2] INFO  server.RaftServer$Division (RaftServerImpl.java:requestVote(1443)) - s1@group-9FC63B188219: receive requestVote(PRE_VOTE, s3, group-9FC63B188219, 2, (t:2, i:2))
2024-10-09 00:14:07,584 [s3@group-9FC63B188219-LeaderElection21] INFO  impl.LeaderElection (LogUtils.java:infoOrTrace(136)) - s3@group-9FC63B188219-LeaderElection21 got exception when requesting votes: java.util.concurrent.ExecutionException: java.io.IOException: The peer s2 is not alive.
2024-10-09 00:14:07,584 [HandlerDaemon-2] INFO  impl.VoteContext (VoteContext.java:log(49)) - s1@group-9FC63B188219-CANDIDATE: accept PRE_VOTE from s3: our priority 0 <= candidate's priority 0
2024-10-09 00:14:07,584 [HandlerDaemon-2] INFO  server.RaftServer$Division (RaftServerImpl.java:requestVote(1476)) - s1@group-9FC63B188219 replies to PRE_VOTE vote request: s3<-s1#0:OK-t2. Peer's state: s1@group-9FC63B188219:t2, leader=null, voted=s2, raftlog=Memoized:s1@group-9FC63B188219-SegmentedRaftLog:OPENED:c2:last(t:2, i:2), conf=conf: {index: 1, cur=peers:[s3|localhost:15172, s4|localhost:15176, s0|localhost:15160, s1|localhost:15164, s2|localhost:15168]|listeners:[], old=null}
2024-10-09 00:14:07,649 [main] WARN  ratis.RaftTestUtil (RaftTestUtil.java:lambda$waitForLeader$3(126)) - Attempt #15 failed: java.lang.IllegalStateException: No leader yet : printing ALL groups
  s3:  RUNNING CANDIDATE s3@group-9FC63B188219:t2, leader=null, voted=s2, raftlog=Memoized:s3@group-9FC63B188219-SegmentedRaftLog:OPENED:c2:last(t:2, i:2), conf=conf: {index: 1, cur=peers:[s3|localhost:15172, s4|localhost:15176, s0|localhost:15160, s1|localhost:15164, s2|localhost:15168]|listeners:[], old=null} RUNNING
  s4:   CLOSED    LEADER s4@group-9FC63B188219:t1, leader=s4, voted=s4, raftlog=Memoized:s4@group-9FC63B188219-SegmentedRaftLog:CLOSED:c0, conf=conf: {index: 0, cur=peers:[s3|localhost:15172, s4|localhost:15176, s0|localhost:15160, s1|localhost:15164, s2|localhost:15168]|listeners:[], old=null} CLOSED
  s0:  RUNNING  FOLLOWER s0@group-9FC63B188219:t1, leader=null, voted=null, raftlog=Memoized:s0@group-9FC63B188219-SegmentedRaftLog:OPENED:c-1:lastnull, conf=conf: {index: -1, cur=peers:[s3|localhost:15172, s4|localhost:15176, s0|localhost:15160, s1|localhost:15164, s2|localhost:15168]|listeners:[], old=null} RUNNING
  s1:  RUNNING CANDIDATE s1@group-9FC63B188219:t2, leader=null, voted=s2, raftlog=Memoized:s1@group-9FC63B188219-SegmentedRaftLog:OPENED:c2:last(t:2, i:2), conf=conf: {index: 1, cur=peers:[s3|localhost:15172, s4|localhost:15176, s0|localhost:15160, s1|localhost:15164, s2|localhost:15168]|listeners:[], old=null} RUNNING
  s2:   CLOSED    LEADER s2@group-9FC63B188219:t2, leader=s2, voted=s2, raftlog=Memoized:s2@group-9FC63B188219-SegmentedRaftLog:CLOSED:c2, conf=conf: {index: 1, cur=peers:[s3|localhost:15172, s4|localhost:15176, s0|localhost:15160, s1|localhost:15164, s2|localhost:15168]|listeners:[], old=null} CLOSED
2024-10-09 00:14:07,752 [s1@group-9FC63B188219-LeaderElection20] INFO  impl.LeaderElection (LeaderElection.java:logAndReturn(90)) - s1@group-9FC63B188219-LeaderElection20: PRE_VOTE TIMEOUT received 1 response(s) and 2 exception(s):
2024-10-09 00:14:07,752 [s1@group-9FC63B188219-LeaderElection20] INFO  impl.LeaderElection (LeaderElection.java:logAndReturn(94)) -   Response 0: s1<-s3#0:OK-t2
2024-10-09 00:14:07,752 [s1@group-9FC63B188219-LeaderElection20] INFO  impl.LeaderElection (LogUtils.java:infoOrTrace(136)) -   Exception 1: java.util.concurrent.ExecutionException: java.io.IOException: The peer s4 is not alive.
2024-10-09 00:14:07,752 [s1@group-9FC63B188219-LeaderElection20] INFO  impl.LeaderElection (LogUtils.java:infoOrTrace(136)) -   Exception 2: java.util.concurrent.ExecutionException: java.io.IOException: The peer s2 is not alive.
2024-10-09 00:14:07,752 [s1@group-9FC63B188219-LeaderElection20] INFO  impl.LeaderElection (LeaderElection.java:askForVotes(339)) - s1@group-9FC63B188219-LeaderElection20 PRE_VOTE round 28: result TIMEOUT
2024-10-09 00:14:07,752 [s1@group-9FC63B188219-LeaderElection20] INFO  impl.LeaderElection (LeaderElection.java:askForVotes(337)) - s1@group-9FC63B188219-LeaderElection20 PRE_VOTE round 29: submit vote requests at term 2 for conf: {index: 1, cur=peers:[s3|localhost:15172, s4|localhost:15176, s0|localhost:15160, s1|localhost:15164, s2|localhost:15168]|listeners:[], old=null}
2024-10-09 00:14:07,753 [HandlerDaemon-2] INFO  server.RaftServer$Division (RaftServerImpl.java:requestVote(1443)) - s3@group-9FC63B188219: receive requestVote(PRE_VOTE, s1, group-9FC63B188219, 2, (t:2, i:2))
2024-10-09 00:14:07,753 [HandlerDaemon-2] INFO  impl.VoteContext (VoteContext.java:log(49)) - s3@group-9FC63B188219-CANDIDATE: accept PRE_VOTE from s1: our priority 0 <= candidate's priority 0
2024-10-09 00:14:07,753 [HandlerDaemon-2] INFO  server.RaftServer$Division (RaftServerImpl.java:requestVote(1476)) - s3@group-9FC63B188219 replies to PRE_VOTE vote request: s1<-s3#0:OK-t2. Peer's state: s3@group-9FC63B188219:t2, leader=null, voted=s2, raftlog=Memoized:s3@group-9FC63B188219-SegmentedRaftLog:OPENED:c2:last(t:2, i:2), conf=conf: {index: 1, cur=peers:[s3|localhost:15172, s4|localhost:15176, s0|localhost:15160, s1|localhost:15164, s2|localhost:15168]|listeners:[], old=null}
2024-10-09 00:14:07,753 [s1@group-9FC63B188219-LeaderElection20] INFO  impl.LeaderElection (LogUtils.java:infoOrTrace(136)) - s1@group-9FC63B188219-LeaderElection20 got exception when requesting votes: java.util.concurrent.ExecutionException: java.io.IOException: The peer s4 is not alive.
2024-10-09 00:14:07,753 [s1@group-9FC63B188219-LeaderElection20] INFO  impl.LeaderElection (LogUtils.java:infoOrTrace(136)) - s1@group-9FC63B188219-LeaderElection20 got exception when requesting votes: java.util.concurrent.ExecutionException: java.io.IOException: The peer s2 is not alive.
2024-10-09 00:14:07,766 [s3@group-9FC63B188219-LeaderElection21] INFO  impl.LeaderElection (LeaderElection.java:logAndReturn(90)) - s3@group-9FC63B188219-LeaderElection21: PRE_VOTE TIMEOUT received 1 response(s) and 2 exception(s):
2024-10-09 00:14:07,766 [s3@group-9FC63B188219-LeaderElection21] INFO  impl.LeaderElection (LeaderElection.java:logAndReturn(94)) -   Response 0: s3<-s1#0:OK-t2
2024-10-09 00:14:07,766 [s3@group-9FC63B188219-LeaderElection21] INFO  impl.LeaderElection (LogUtils.java:infoOrTrace(136)) -   Exception 1: java.util.concurrent.ExecutionException: java.io.IOException: The peer s4 is not alive.
2024-10-09 00:14:07,766 [s3@group-9FC63B188219-LeaderElection21] INFO  impl.LeaderElection (LogUtils.java:infoOrTrace(136)) -   Exception 2: java.util.concurrent.ExecutionException: java.io.IOException: The peer s2 is not alive.
2024-10-09 00:14:07,766 [s3@group-9FC63B188219-LeaderElection21] INFO  impl.LeaderElection (LeaderElection.java:askForVotes(339)) - s3@group-9FC63B188219-LeaderElection21 PRE_VOTE round 14: result TIMEOUT
2024-10-09 00:14:07,766 [s3@group-9FC63B188219-LeaderElection21] INFO  impl.LeaderElection (LeaderElection.java:askForVotes(337)) - s3@group-9FC63B188219-LeaderElection21 PRE_VOTE round 15: submit vote requests at term 2 for conf: {index: 1, cur=peers:[s3|localhost:15172, s4|localhost:15176, s0|localhost:15160, s1|localhost:15164, s2|localhost:15168]|listeners:[], old=null}
2024-10-09 00:14:07,766 [HandlerDaemon-0] INFO  server.RaftServer$Division (RaftServerImpl.java:requestVote(1443)) - s1@group-9FC63B188219: receive requestVote(PRE_VOTE, s3, group-9FC63B188219, 2, (t:2, i:2))
2024-10-09 00:14:07,766 [s3@group-9FC63B188219-LeaderElection21] INFO  impl.LeaderElection (LogUtils.java:infoOrTrace(136)) - s3@group-9FC63B188219-LeaderElection21 got exception when requesting votes: java.util.concurrent.ExecutionException: java.io.IOException: The peer s4 is not alive.
2024-10-09 00:14:07,766 [HandlerDaemon-0] INFO  impl.VoteContext (VoteContext.java:log(49)) - s1@group-9FC63B188219-CANDIDATE: accept PRE_VOTE from s3: our priority 0 <= candidate's priority 0
2024-10-09 00:14:07,766 [s3@group-9FC63B188219-LeaderElection21] INFO  impl.LeaderElection (LogUtils.java:infoOrTrace(136)) - s3@group-9FC63B188219-LeaderElection21 got exception when requesting votes: java.util.concurrent.ExecutionException: java.io.IOException: The peer s2 is not alive.
2024-10-09 00:14:07,767 [HandlerDaemon-0] INFO  server.RaftServer$Division (RaftServerImpl.java:requestVote(1476)) - s1@group-9FC63B188219 replies to PRE_VOTE vote request: s3<-s1#0:OK-t2. Peer's state: s1@group-9FC63B188219:t2, leader=null, voted=s2, raftlog=Memoized:s1@group-9FC63B188219-SegmentedRaftLog:OPENED:c2:last(t:2, i:2), conf=conf: {index: 1, cur=peers:[s3|localhost:15172, s4|localhost:15176, s0|localhost:15160, s1|localhost:15164, s2|localhost:15168]|listeners:[], old=null}
2024-10-09 00:14:07,964 [s3@group-9FC63B188219-LeaderElection21] INFO  impl.LeaderElection (LeaderElection.java:logAndReturn(90)) - s3@group-9FC63B188219-LeaderElection21: PRE_VOTE TIMEOUT received 1 response(s) and 2 exception(s):
2024-10-09 00:14:07,964 [s3@group-9FC63B188219-LeaderElection21] INFO  impl.LeaderElection (LeaderElection.java:logAndReturn(94)) -   Response 0: s3<-s1#0:OK-t2
2024-10-09 00:14:07,965 [s3@group-9FC63B188219-LeaderElection21] INFO  impl.LeaderElection (LogUtils.java:infoOrTrace(136)) -   Exception 1: java.util.concurrent.ExecutionException: java.io.IOException: The peer s4 is not alive.
2024-10-09 00:14:07,965 [s3@group-9FC63B188219-LeaderElection21] INFO  impl.LeaderElection (LogUtils.java:infoOrTrace(136)) -   Exception 2: java.util.concurrent.ExecutionException: java.io.IOException: The peer s2 is not alive.
2024-10-09 00:14:07,965 [s3@group-9FC63B188219-LeaderElection21] INFO  impl.LeaderElection (LeaderElection.java:askForVotes(339)) - s3@group-9FC63B188219-LeaderElection21 PRE_VOTE round 15: result TIMEOUT
2024-10-09 00:14:07,965 [s3@group-9FC63B188219-LeaderElection21] INFO  impl.LeaderElection (LeaderElection.java:askForVotes(337)) - s3@group-9FC63B188219-LeaderElection21 PRE_VOTE round 16: submit vote requests at term 2 for conf: {index: 1, cur=peers:[s3|localhost:15172, s4|localhost:15176, s0|localhost:15160, s1|localhost:15164, s2|localhost:15168]|listeners:[], old=null}
2024-10-09 00:14:07,965 [s3@group-9FC63B188219-LeaderElection21] INFO  impl.LeaderElection (LogUtils.java:infoOrTrace(136)) - s3@group-9FC63B188219-LeaderElection21 got exception when requesting votes: java.util.concurrent.ExecutionException: java.io.IOException: The peer s4 is not alive.
2024-10-09 00:14:07,965 [HandlerDaemon-1] INFO  server.RaftServer$Division (RaftServerImpl.java:requestVote(1443)) - s1@group-9FC63B188219: receive requestVote(PRE_VOTE, s3, group-9FC63B188219, 2, (t:2, i:2))
2024-10-09 00:14:07,965 [s3@group-9FC63B188219-LeaderElection21] INFO  impl.LeaderElection (LogUtils.java:infoOrTrace(136)) - s3@group-9FC63B188219-LeaderElection21 got exception when requesting votes: java.util.concurrent.ExecutionException: java.io.IOException: The peer s2 is not alive.
2024-10-09 00:14:07,965 [HandlerDaemon-1] INFO  impl.VoteContext (VoteContext.java:log(49)) - s1@group-9FC63B188219-CANDIDATE: accept PRE_VOTE from s3: our priority 0 <= candidate's priority 0
2024-10-09 00:14:07,966 [HandlerDaemon-1] INFO  server.RaftServer$Division (RaftServerImpl.java:requestVote(1476)) - s1@group-9FC63B188219 replies to PRE_VOTE vote request: s3<-s1#0:OK-t2. Peer's state: s1@group-9FC63B188219:t2, leader=null, voted=s2, raftlog=Memoized:s1@group-9FC63B188219-SegmentedRaftLog:OPENED:c2:last(t:2, i:2), conf=conf: {index: 1, cur=peers:[s3|localhost:15172, s4|localhost:15176, s0|localhost:15160, s1|localhost:15164, s2|localhost:15168]|listeners:[], old=null}
2024-10-09 00:14:08,015 [s1@group-9FC63B188219-LeaderElection20] INFO  impl.LeaderElection (LeaderElection.java:logAndReturn(90)) - s1@group-9FC63B188219-LeaderElection20: PRE_VOTE TIMEOUT received 1 response(s) and 2 exception(s):
2024-10-09 00:14:08,015 [s1@group-9FC63B188219-LeaderElection20] INFO  impl.LeaderElection (LeaderElection.java:logAndReturn(94)) -   Response 0: s1<-s3#0:OK-t2
2024-10-09 00:14:08,015 [s1@group-9FC63B188219-LeaderElection20] INFO  impl.LeaderElection (LogUtils.java:infoOrTrace(136)) -   Exception 1: java.util.concurrent.ExecutionException: java.io.IOException: The peer s4 is not alive.
2024-10-09 00:14:08,015 [s1@group-9FC63B188219-LeaderElection20] INFO  impl.LeaderElection (LogUtils.java:infoOrTrace(136)) -   Exception 2: java.util.concurrent.ExecutionException: java.io.IOException: The peer s2 is not alive.
2024-10-09 00:14:08,015 [s1@group-9FC63B188219-LeaderElection20] INFO  impl.LeaderElection (LeaderElection.java:askForVotes(339)) - s1@group-9FC63B188219-LeaderElection20 PRE_VOTE round 29: result TIMEOUT
2024-10-09 00:14:08,015 [s1@group-9FC63B188219-LeaderElection20] INFO  impl.LeaderElection (LeaderElection.java:askForVotes(337)) - s1@group-9FC63B188219-LeaderElection20 PRE_VOTE round 30: submit vote requests at term 2 for conf: {index: 1, cur=peers:[s3|localhost:15172, s4|localhost:15176, s0|localhost:15160, s1|localhost:15164, s2|localhost:15168]|listeners:[], old=null}
2024-10-09 00:14:08,016 [HandlerDaemon-0] INFO  server.RaftServer$Division (RaftServerImpl.java:requestVote(1443)) - s3@group-9FC63B188219: receive requestVote(PRE_VOTE, s1, group-9FC63B188219, 2, (t:2, i:2))
2024-10-09 00:14:08,016 [HandlerDaemon-0] INFO  impl.VoteContext (VoteContext.java:log(49)) - s3@group-9FC63B188219-CANDIDATE: accept PRE_VOTE from s1: our priority 0 <= candidate's priority 0
2024-10-09 00:14:08,016 [HandlerDaemon-0] INFO  server.RaftServer$Division (RaftServerImpl.java:requestVote(1476)) - s3@group-9FC63B188219 replies to PRE_VOTE vote request: s1<-s3#0:OK-t2. Peer's state: s3@group-9FC63B188219:t2, leader=null, voted=s2, raftlog=Memoized:s3@group-9FC63B188219-SegmentedRaftLog:OPENED:c2:last(t:2, i:2), conf=conf: {index: 1, cur=peers:[s3|localhost:15172, s4|localhost:15176, s0|localhost:15160, s1|localhost:15164, s2|localhost:15168]|listeners:[], old=null}
2024-10-09 00:14:08,016 [s1@group-9FC63B188219-LeaderElection20] INFO  impl.LeaderElection (LogUtils.java:infoOrTrace(136)) - s1@group-9FC63B188219-LeaderElection20 got exception when requesting votes: java.util.concurrent.ExecutionException: java.io.IOException: The peer s4 is not alive.
2024-10-09 00:14:08,016 [s1@group-9FC63B188219-LeaderElection20] INFO  impl.LeaderElection (LogUtils.java:infoOrTrace(136)) - s1@group-9FC63B188219-LeaderElection20 got exception when requesting votes: java.util.concurrent.ExecutionException: java.io.IOException: The peer s2 is not alive.
2024-10-09 00:14:08,100 [main] WARN  ratis.RaftTestUtil (RaftTestUtil.java:lambda$waitForLeader$3(126)) - Attempt #16 failed: java.lang.IllegalStateException: No leader yet : printing ALL groups
  s3:  RUNNING CANDIDATE s3@group-9FC63B188219:t2, leader=null, voted=s2, raftlog=Memoized:s3@group-9FC63B188219-SegmentedRaftLog:OPENED:c2:last(t:2, i:2), conf=conf: {index: 1, cur=peers:[s3|localhost:15172, s4|localhost:15176, s0|localhost:15160, s1|localhost:15164, s2|localhost:15168]|listeners:[], old=null} RUNNING
  s4:   CLOSED    LEADER s4@group-9FC63B188219:t1, leader=s4, voted=s4, raftlog=Memoized:s4@group-9FC63B188219-SegmentedRaftLog:CLOSED:c0, conf=conf: {index: 0, cur=peers:[s3|localhost:15172, s4|localhost:15176, s0|localhost:15160, s1|localhost:15164, s2|localhost:15168]|listeners:[], old=null} CLOSED
  s0:  RUNNING  FOLLOWER s0@group-9FC63B188219:t1, leader=null, voted=null, raftlog=Memoized:s0@group-9FC63B188219-SegmentedRaftLog:OPENED:c-1:lastnull, conf=conf: {index: -1, cur=peers:[s3|localhost:15172, s4|localhost:15176, s0|localhost:15160, s1|localhost:15164, s2|localhost:15168]|listeners:[], old=null} RUNNING
  s1:  RUNNING CANDIDATE s1@group-9FC63B188219:t2, leader=null, voted=s2, raftlog=Memoized:s1@group-9FC63B188219-SegmentedRaftLog:OPENED:c2:last(t:2, i:2), conf=conf: {index: 1, cur=peers:[s3|localhost:15172, s4|localhost:15176, s0|localhost:15160, s1|localhost:15164, s2|localhost:15168]|listeners:[], old=null} RUNNING
  s2:   CLOSED    LEADER s2@group-9FC63B188219:t2, leader=s2, voted=s2, raftlog=Memoized:s2@group-9FC63B188219-SegmentedRaftLog:CLOSED:c2, conf=conf: {index: 1, cur=peers:[s3|localhost:15172, s4|localhost:15176, s0|localhost:15160, s1|localhost:15164, s2|localhost:15168]|listeners:[], old=null} CLOSED
2024-10-09 00:14:08,217 [s1@group-9FC63B188219-LeaderElection20] INFO  impl.LeaderElection (LeaderElection.java:logAndReturn(90)) - s1@group-9FC63B188219-LeaderElection20: PRE_VOTE TIMEOUT received 1 response(s) and 2 exception(s):
2024-10-09 00:14:08,217 [s1@group-9FC63B188219-LeaderElection20] INFO  impl.LeaderElection (LeaderElection.java:logAndReturn(94)) -   Response 0: s1<-s3#0:OK-t2
2024-10-09 00:14:08,217 [s1@group-9FC63B188219-LeaderElection20] INFO  impl.LeaderElection (LogUtils.java:infoOrTrace(136)) -   Exception 1: java.util.concurrent.ExecutionException: java.io.IOException: The peer s4 is not alive.
2024-10-09 00:14:08,217 [s1@group-9FC63B188219-LeaderElection20] INFO  impl.LeaderElection (LogUtils.java:infoOrTrace(136)) -   Exception 2: java.util.concurrent.ExecutionException: java.io.IOException: The peer s2 is not alive.
2024-10-09 00:14:08,217 [s1@group-9FC63B188219-LeaderElection20] INFO  impl.LeaderElection (LeaderElection.java:askForVotes(339)) - s1@group-9FC63B188219-LeaderElection20 PRE_VOTE round 30: result TIMEOUT
2024-10-09 00:14:08,217 [s1@group-9FC63B188219-LeaderElection20] INFO  impl.LeaderElection (LeaderElection.java:askForVotes(337)) - s1@group-9FC63B188219-LeaderElection20 PRE_VOTE round 31: submit vote requests at term 2 for conf: {index: 1, cur=peers:[s3|localhost:15172, s4|localhost:15176, s0|localhost:15160, s1|localhost:15164, s2|localhost:15168]|listeners:[], old=null}
2024-10-09 00:14:08,218 [HandlerDaemon-1] INFO  server.RaftServer$Division (RaftServerImpl.java:requestVote(1443)) - s3@group-9FC63B188219: receive requestVote(PRE_VOTE, s1, group-9FC63B188219, 2, (t:2, i:2))
2024-10-09 00:14:08,218 [HandlerDaemon-1] INFO  impl.VoteContext (VoteContext.java:log(49)) - s3@group-9FC63B188219-CANDIDATE: accept PRE_VOTE from s1: our priority 0 <= candidate's priority 0
2024-10-09 00:14:08,218 [s1@group-9FC63B188219-LeaderElection20] INFO  impl.LeaderElection (LogUtils.java:infoOrTrace(136)) - s1@group-9FC63B188219-LeaderElection20 got exception when requesting votes: java.util.concurrent.ExecutionException: java.io.IOException: The peer s4 is not alive.
2024-10-09 00:14:08,218 [HandlerDaemon-1] INFO  server.RaftServer$Division (RaftServerImpl.java:requestVote(1476)) - s3@group-9FC63B188219 replies to PRE_VOTE vote request: s1<-s3#0:OK-t2. Peer's state: s3@group-9FC63B188219:t2, leader=null, voted=s2, raftlog=Memoized:s3@group-9FC63B188219-SegmentedRaftLog:OPENED:c2:last(t:2, i:2), conf=conf: {index: 1, cur=peers:[s3|localhost:15172, s4|localhost:15176, s0|localhost:15160, s1|localhost:15164, s2|localhost:15168]|listeners:[], old=null}
2024-10-09 00:14:08,218 [s1@group-9FC63B188219-LeaderElection20] INFO  impl.LeaderElection (LogUtils.java:infoOrTrace(136)) - s1@group-9FC63B188219-LeaderElection20 got exception when requesting votes: java.util.concurrent.ExecutionException: java.io.IOException: The peer s2 is not alive.
2024-10-09 00:14:08,261 [s3@group-9FC63B188219-LeaderElection21] INFO  impl.LeaderElection (LeaderElection.java:logAndReturn(90)) - s3@group-9FC63B188219-LeaderElection21: PRE_VOTE TIMEOUT received 1 response(s) and 2 exception(s):
2024-10-09 00:14:08,261 [s3@group-9FC63B188219-LeaderElection21] INFO  impl.LeaderElection (LeaderElection.java:logAndReturn(94)) -   Response 0: s3<-s1#0:OK-t2
2024-10-09 00:14:08,261 [s3@group-9FC63B188219-LeaderElection21] INFO  impl.LeaderElection (LogUtils.java:infoOrTrace(136)) -   Exception 1: java.util.concurrent.ExecutionException: java.io.IOException: The peer s4 is not alive.
2024-10-09 00:14:08,261 [s3@group-9FC63B188219-LeaderElection21] INFO  impl.LeaderElection (LogUtils.java:infoOrTrace(136)) -   Exception 2: java.util.concurrent.ExecutionException: java.io.IOException: The peer s2 is not alive.
2024-10-09 00:14:08,262 [s3@group-9FC63B188219-LeaderElection21] INFO  impl.LeaderElection (LeaderElection.java:askForVotes(339)) - s3@group-9FC63B188219-LeaderElection21 PRE_VOTE round 16: result TIMEOUT
2024-10-09 00:14:08,262 [s3@group-9FC63B188219-LeaderElection21] INFO  impl.LeaderElection (LeaderElection.java:askForVotes(337)) - s3@group-9FC63B188219-LeaderElection21 PRE_VOTE round 17: submit vote requests at term 2 for conf: {index: 1, cur=peers:[s3|localhost:15172, s4|localhost:15176, s0|localhost:15160, s1|localhost:15164, s2|localhost:15168]|listeners:[], old=null}
2024-10-09 00:14:08,262 [HandlerDaemon-2] INFO  server.RaftServer$Division (RaftServerImpl.java:requestVote(1443)) - s1@group-9FC63B188219: receive requestVote(PRE_VOTE, s3, group-9FC63B188219, 2, (t:2, i:2))
2024-10-09 00:14:08,262 [s3@group-9FC63B188219-LeaderElection21] INFO  impl.LeaderElection (LogUtils.java:infoOrTrace(136)) - s3@group-9FC63B188219-LeaderElection21 got exception when requesting votes: java.util.concurrent.ExecutionException: java.io.IOException: The peer s4 is not alive.
2024-10-09 00:14:08,262 [HandlerDaemon-2] INFO  impl.VoteContext (VoteContext.java:log(49)) - s1@group-9FC63B188219-CANDIDATE: accept PRE_VOTE from s3: our priority 0 <= candidate's priority 0
2024-10-09 00:14:08,262 [s3@group-9FC63B188219-LeaderElection21] INFO  impl.LeaderElection (LogUtils.java:infoOrTrace(136)) - s3@group-9FC63B188219-LeaderElection21 got exception when requesting votes: java.util.concurrent.ExecutionException: java.io.IOException: The peer s2 is not alive.
2024-10-09 00:14:08,262 [HandlerDaemon-2] INFO  server.RaftServer$Division (RaftServerImpl.java:requestVote(1476)) - s1@group-9FC63B188219 replies to PRE_VOTE vote request: s3<-s1#0:OK-t2. Peer's state: s1@group-9FC63B188219:t2, leader=null, voted=s2, raftlog=Memoized:s1@group-9FC63B188219-SegmentedRaftLog:OPENED:c2:last(t:2, i:2), conf=conf: {index: 1, cur=peers:[s3|localhost:15172, s4|localhost:15176, s0|localhost:15160, s1|localhost:15164, s2|localhost:15168]|listeners:[], old=null}
2024-10-09 00:14:08,493 [s1@group-9FC63B188219-LeaderElection20] INFO  impl.LeaderElection (LeaderElection.java:logAndReturn(90)) - s1@group-9FC63B188219-LeaderElection20: PRE_VOTE TIMEOUT received 1 response(s) and 2 exception(s):
2024-10-09 00:14:08,493 [s1@group-9FC63B188219-LeaderElection20] INFO  impl.LeaderElection (LeaderElection.java:logAndReturn(94)) -   Response 0: s1<-s3#0:OK-t2
2024-10-09 00:14:08,493 [s1@group-9FC63B188219-LeaderElection20] INFO  impl.LeaderElection (LogUtils.java:infoOrTrace(136)) -   Exception 1: java.util.concurrent.ExecutionException: java.io.IOException: The peer s4 is not alive.
2024-10-09 00:14:08,493 [s1@group-9FC63B188219-LeaderElection20] INFO  impl.LeaderElection (LogUtils.java:infoOrTrace(136)) -   Exception 2: java.util.concurrent.ExecutionException: java.io.IOException: The peer s2 is not alive.
2024-10-09 00:14:08,493 [s1@group-9FC63B188219-LeaderElection20] INFO  impl.LeaderElection (LeaderElection.java:askForVotes(339)) - s1@group-9FC63B188219-LeaderElection20 PRE_VOTE round 31: result TIMEOUT
2024-10-09 00:14:08,493 [s1@group-9FC63B188219-LeaderElection20] INFO  impl.LeaderElection (LeaderElection.java:askForVotes(337)) - s1@group-9FC63B188219-LeaderElection20 PRE_VOTE round 32: submit vote requests at term 2 for conf: {index: 1, cur=peers:[s3|localhost:15172, s4|localhost:15176, s0|localhost:15160, s1|localhost:15164, s2|localhost:15168]|listeners:[], old=null}
2024-10-09 00:14:08,494 [HandlerDaemon-2] INFO  server.RaftServer$Division (RaftServerImpl.java:requestVote(1443)) - s3@group-9FC63B188219: receive requestVote(PRE_VOTE, s1, group-9FC63B188219, 2, (t:2, i:2))
2024-10-09 00:14:08,494 [HandlerDaemon-2] INFO  impl.VoteContext (VoteContext.java:log(49)) - s3@group-9FC63B188219-CANDIDATE: accept PRE_VOTE from s1: our priority 0 <= candidate's priority 0
2024-10-09 00:14:08,494 [HandlerDaemon-2] INFO  server.RaftServer$Division (RaftServerImpl.java:requestVote(1476)) - s3@group-9FC63B188219 replies to PRE_VOTE vote request: s1<-s3#0:OK-t2. Peer's state: s3@group-9FC63B188219:t2, leader=null, voted=s2, raftlog=Memoized:s3@group-9FC63B188219-SegmentedRaftLog:OPENED:c2:last(t:2, i:2), conf=conf: {index: 1, cur=peers:[s3|localhost:15172, s4|localhost:15176, s0|localhost:15160, s1|localhost:15164, s2|localhost:15168]|listeners:[], old=null}
2024-10-09 00:14:08,494 [s1@group-9FC63B188219-LeaderElection20] INFO  impl.LeaderElection (LogUtils.java:infoOrTrace(136)) - s1@group-9FC63B188219-LeaderElection20 got exception when requesting votes: java.util.concurrent.ExecutionException: java.io.IOException: The peer s4 is not alive.
2024-10-09 00:14:08,494 [s1@group-9FC63B188219-LeaderElection20] INFO  impl.LeaderElection (LogUtils.java:infoOrTrace(136)) - s1@group-9FC63B188219-LeaderElection20 got exception when requesting votes: java.util.concurrent.ExecutionException: java.io.IOException: The peer s2 is not alive.
2024-10-09 00:14:08,532 [s3@group-9FC63B188219-LeaderElection21] INFO  impl.LeaderElection (LeaderElection.java:logAndReturn(90)) - s3@group-9FC63B188219-LeaderElection21: PRE_VOTE TIMEOUT received 1 response(s) and 2 exception(s):
2024-10-09 00:14:08,532 [s3@group-9FC63B188219-LeaderElection21] INFO  impl.LeaderElection (LeaderElection.java:logAndReturn(94)) -   Response 0: s3<-s1#0:OK-t2
2024-10-09 00:14:08,532 [s3@group-9FC63B188219-LeaderElection21] INFO  impl.LeaderElection (LogUtils.java:infoOrTrace(136)) -   Exception 1: java.util.concurrent.ExecutionException: java.io.IOException: The peer s4 is not alive.
2024-10-09 00:14:08,532 [s3@group-9FC63B188219-LeaderElection21] INFO  impl.LeaderElection (LogUtils.java:infoOrTrace(136)) -   Exception 2: java.util.concurrent.ExecutionException: java.io.IOException: The peer s2 is not alive.
2024-10-09 00:14:08,533 [s3@group-9FC63B188219-LeaderElection21] INFO  impl.LeaderElection (LeaderElection.java:askForVotes(339)) - s3@group-9FC63B188219-LeaderElection21 PRE_VOTE round 17: result TIMEOUT
2024-10-09 00:14:08,533 [s3@group-9FC63B188219-LeaderElection21] INFO  impl.LeaderElection (LeaderElection.java:askForVotes(337)) - s3@group-9FC63B188219-LeaderElection21 PRE_VOTE round 18: submit vote requests at term 2 for conf: {index: 1, cur=peers:[s3|localhost:15172, s4|localhost:15176, s0|localhost:15160, s1|localhost:15164, s2|localhost:15168]|listeners:[], old=null}
2024-10-09 00:14:08,533 [HandlerDaemon-0] INFO  server.RaftServer$Division (RaftServerImpl.java:requestVote(1443)) - s1@group-9FC63B188219: receive requestVote(PRE_VOTE, s3, group-9FC63B188219, 2, (t:2, i:2))
2024-10-09 00:14:08,533 [s3@group-9FC63B188219-LeaderElection21] INFO  impl.LeaderElection (LogUtils.java:infoOrTrace(136)) - s3@group-9FC63B188219-LeaderElection21 got exception when requesting votes: java.util.concurrent.ExecutionException: java.io.IOException: The peer s4 is not alive.
2024-10-09 00:14:08,533 [HandlerDaemon-0] INFO  impl.VoteContext (VoteContext.java:log(49)) - s1@group-9FC63B188219-CANDIDATE: accept PRE_VOTE from s3: our priority 0 <= candidate's priority 0
2024-10-09 00:14:08,533 [s3@group-9FC63B188219-LeaderElection21] INFO  impl.LeaderElection (LogUtils.java:infoOrTrace(136)) - s3@group-9FC63B188219-LeaderElection21 got exception when requesting votes: java.util.concurrent.ExecutionException: java.io.IOException: The peer s2 is not alive.
2024-10-09 00:14:08,533 [HandlerDaemon-0] INFO  server.RaftServer$Division (RaftServerImpl.java:requestVote(1476)) - s1@group-9FC63B188219 replies to PRE_VOTE vote request: s3<-s1#0:OK-t2. Peer's state: s1@group-9FC63B188219:t2, leader=null, voted=s2, raftlog=Memoized:s1@group-9FC63B188219-SegmentedRaftLog:OPENED:c2:last(t:2, i:2), conf=conf: {index: 1, cur=peers:[s3|localhost:15172, s4|localhost:15176, s0|localhost:15160, s1|localhost:15164, s2|localhost:15168]|listeners:[], old=null}
2024-10-09 00:14:08,550 [main] WARN  ratis.RaftTestUtil (RaftTestUtil.java:lambda$waitForLeader$3(126)) - Attempt #17 failed: java.lang.IllegalStateException: No leader yet : printing ALL groups
  s3:  RUNNING CANDIDATE s3@group-9FC63B188219:t2, leader=null, voted=s2, raftlog=Memoized:s3@group-9FC63B188219-SegmentedRaftLog:OPENED:c2:last(t:2, i:2), conf=conf: {index: 1, cur=peers:[s3|localhost:15172, s4|localhost:15176, s0|localhost:15160, s1|localhost:15164, s2|localhost:15168]|listeners:[], old=null} RUNNING
  s4:   CLOSED    LEADER s4@group-9FC63B188219:t1, leader=s4, voted=s4, raftlog=Memoized:s4@group-9FC63B188219-SegmentedRaftLog:CLOSED:c0, conf=conf: {index: 0, cur=peers:[s3|localhost:15172, s4|localhost:15176, s0|localhost:15160, s1|localhost:15164, s2|localhost:15168]|listeners:[], old=null} CLOSED
  s0:  RUNNING  FOLLOWER s0@group-9FC63B188219:t1, leader=null, voted=null, raftlog=Memoized:s0@group-9FC63B188219-SegmentedRaftLog:OPENED:c-1:lastnull, conf=conf: {index: -1, cur=peers:[s3|localhost:15172, s4|localhost:15176, s0|localhost:15160, s1|localhost:15164, s2|localhost:15168]|listeners:[], old=null} RUNNING
  s1:  RUNNING CANDIDATE s1@group-9FC63B188219:t2, leader=null, voted=s2, raftlog=Memoized:s1@group-9FC63B188219-SegmentedRaftLog:OPENED:c2:last(t:2, i:2), conf=conf: {index: 1, cur=peers:[s3|localhost:15172, s4|localhost:15176, s0|localhost:15160, s1|localhost:15164, s2|localhost:15168]|listeners:[], old=null} RUNNING
  s2:   CLOSED    LEADER s2@group-9FC63B188219:t2, leader=s2, voted=s2, raftlog=Memoized:s2@group-9FC63B188219-SegmentedRaftLog:CLOSED:c2, conf=conf: {index: 1, cur=peers:[s3|localhost:15172, s4|localhost:15176, s0|localhost:15160, s1|localhost:15164, s2|localhost:15168]|listeners:[], old=null} CLOSED
2024-10-09 00:14:08,767 [s1@group-9FC63B188219-LeaderElection20] INFO  impl.LeaderElection (LeaderElection.java:logAndReturn(90)) - s1@group-9FC63B188219-LeaderElection20: PRE_VOTE TIMEOUT received 1 response(s) and 2 exception(s):
2024-10-09 00:14:08,767 [s1@group-9FC63B188219-LeaderElection20] INFO  impl.LeaderElection (LeaderElection.java:logAndReturn(94)) -   Response 0: s1<-s3#0:OK-t2
2024-10-09 00:14:08,767 [s1@group-9FC63B188219-LeaderElection20] INFO  impl.LeaderElection (LogUtils.java:infoOrTrace(136)) -   Exception 1: java.util.concurrent.ExecutionException: java.io.IOException: The peer s4 is not alive.
2024-10-09 00:14:08,767 [s1@group-9FC63B188219-LeaderElection20] INFO  impl.LeaderElection (LogUtils.java:infoOrTrace(136)) -   Exception 2: java.util.concurrent.ExecutionException: java.io.IOException: The peer s2 is not alive.
2024-10-09 00:14:08,767 [s1@group-9FC63B188219-LeaderElection20] INFO  impl.LeaderElection (LeaderElection.java:askForVotes(339)) - s1@group-9FC63B188219-LeaderElection20 PRE_VOTE round 32: result TIMEOUT
2024-10-09 00:14:08,767 [s1@group-9FC63B188219-LeaderElection20] INFO  impl.LeaderElection (LeaderElection.java:askForVotes(337)) - s1@group-9FC63B188219-LeaderElection20 PRE_VOTE round 33: submit vote requests at term 2 for conf: {index: 1, cur=peers:[s3|localhost:15172, s4|localhost:15176, s0|localhost:15160, s1|localhost:15164, s2|localhost:15168]|listeners:[], old=null}
2024-10-09 00:14:08,767 [HandlerDaemon-0] INFO  server.RaftServer$Division (RaftServerImpl.java:requestVote(1443)) - s3@group-9FC63B188219: receive requestVote(PRE_VOTE, s1, group-9FC63B188219, 2, (t:2, i:2))
2024-10-09 00:14:08,768 [HandlerDaemon-0] INFO  impl.VoteContext (VoteContext.java:log(49)) - s3@group-9FC63B188219-CANDIDATE: accept PRE_VOTE from s1: our priority 0 <= candidate's priority 0
2024-10-09 00:14:08,768 [HandlerDaemon-0] INFO  server.RaftServer$Division (RaftServerImpl.java:requestVote(1476)) - s3@group-9FC63B188219 replies to PRE_VOTE vote request: s1<-s3#0:OK-t2. Peer's state: s3@group-9FC63B188219:t2, leader=null, voted=s2, raftlog=Memoized:s3@group-9FC63B188219-SegmentedRaftLog:OPENED:c2:last(t:2, i:2), conf=conf: {index: 1, cur=peers:[s3|localhost:15172, s4|localhost:15176, s0|localhost:15160, s1|localhost:15164, s2|localhost:15168]|listeners:[], old=null}
2024-10-09 00:14:08,768 [s1@group-9FC63B188219-LeaderElection20] INFO  impl.LeaderElection (LogUtils.java:infoOrTrace(136)) - s1@group-9FC63B188219-LeaderElection20 got exception when requesting votes: java.util.concurrent.ExecutionException: java.io.IOException: The peer s4 is not alive.
2024-10-09 00:14:08,768 [s1@group-9FC63B188219-LeaderElection20] INFO  impl.LeaderElection (LogUtils.java:infoOrTrace(136)) - s1@group-9FC63B188219-LeaderElection20 got exception when requesting votes: java.util.concurrent.ExecutionException: java.io.IOException: The peer s2 is not alive.
2024-10-09 00:14:08,833 [s3@group-9FC63B188219-LeaderElection21] INFO  impl.LeaderElection (LeaderElection.java:logAndReturn(90)) - s3@group-9FC63B188219-LeaderElection21: PRE_VOTE TIMEOUT received 1 response(s) and 2 exception(s):
2024-10-09 00:14:08,833 [s3@group-9FC63B188219-LeaderElection21] INFO  impl.LeaderElection (LeaderElection.java:logAndReturn(94)) -   Response 0: s3<-s1#0:OK-t2
2024-10-09 00:14:08,833 [s3@group-9FC63B188219-LeaderElection21] INFO  impl.LeaderElection (LogUtils.java:infoOrTrace(136)) -   Exception 1: java.util.concurrent.ExecutionException: java.io.IOException: The peer s4 is not alive.
2024-10-09 00:14:08,833 [s3@group-9FC63B188219-LeaderElection21] INFO  impl.LeaderElection (LogUtils.java:infoOrTrace(136)) -   Exception 2: java.util.concurrent.ExecutionException: java.io.IOException: The peer s2 is not alive.
2024-10-09 00:14:08,833 [s3@group-9FC63B188219-LeaderElection21] INFO  impl.LeaderElection (LeaderElection.java:askForVotes(339)) - s3@group-9FC63B188219-LeaderElection21 PRE_VOTE round 18: result TIMEOUT
2024-10-09 00:14:08,833 [s3@group-9FC63B188219-LeaderElection21] INFO  impl.LeaderElection (LeaderElection.java:askForVotes(337)) - s3@group-9FC63B188219-LeaderElection21 PRE_VOTE round 19: submit vote requests at term 2 for conf: {index: 1, cur=peers:[s3|localhost:15172, s4|localhost:15176, s0|localhost:15160, s1|localhost:15164, s2|localhost:15168]|listeners:[], old=null}
2024-10-09 00:14:08,834 [HandlerDaemon-1] INFO  server.RaftServer$Division (RaftServerImpl.java:requestVote(1443)) - s1@group-9FC63B188219: receive requestVote(PRE_VOTE, s3, group-9FC63B188219, 2, (t:2, i:2))
2024-10-09 00:14:08,834 [s3@group-9FC63B188219-LeaderElection21] INFO  impl.LeaderElection (LogUtils.java:infoOrTrace(136)) - s3@group-9FC63B188219-LeaderElection21 got exception when requesting votes: java.util.concurrent.ExecutionException: java.io.IOException: The peer s4 is not alive.
2024-10-09 00:14:08,834 [HandlerDaemon-1] INFO  impl.VoteContext (VoteContext.java:log(49)) - s1@group-9FC63B188219-CANDIDATE: accept PRE_VOTE from s3: our priority 0 <= candidate's priority 0
2024-10-09 00:14:08,834 [s3@group-9FC63B188219-LeaderElection21] INFO  impl.LeaderElection (LogUtils.java:infoOrTrace(136)) - s3@group-9FC63B188219-LeaderElection21 got exception when requesting votes: java.util.concurrent.ExecutionException: java.io.IOException: The peer s2 is not alive.
2024-10-09 00:14:08,834 [HandlerDaemon-1] INFO  server.RaftServer$Division (RaftServerImpl.java:requestVote(1476)) - s1@group-9FC63B188219 replies to PRE_VOTE vote request: s3<-s1#0:OK-t2. Peer's state: s1@group-9FC63B188219:t2, leader=null, voted=s2, raftlog=Memoized:s1@group-9FC63B188219-SegmentedRaftLog:OPENED:c2:last(t:2, i:2), conf=conf: {index: 1, cur=peers:[s3|localhost:15172, s4|localhost:15176, s0|localhost:15160, s1|localhost:15164, s2|localhost:15168]|listeners:[], old=null}
2024-10-09 00:14:08,920 [s1@group-9FC63B188219-LeaderElection20] INFO  impl.LeaderElection (LeaderElection.java:logAndReturn(90)) - s1@group-9FC63B188219-LeaderElection20: PRE_VOTE TIMEOUT received 1 response(s) and 2 exception(s):
2024-10-09 00:14:08,920 [s1@group-9FC63B188219-LeaderElection20] INFO  impl.LeaderElection (LeaderElection.java:logAndReturn(94)) -   Response 0: s1<-s3#0:OK-t2
2024-10-09 00:14:08,920 [s1@group-9FC63B188219-LeaderElection20] INFO  impl.LeaderElection (LogUtils.java:infoOrTrace(136)) -   Exception 1: java.util.concurrent.ExecutionException: java.io.IOException: The peer s4 is not alive.
2024-10-09 00:14:08,920 [s1@group-9FC63B188219-LeaderElection20] INFO  impl.LeaderElection (LogUtils.java:infoOrTrace(136)) -   Exception 2: java.util.concurrent.ExecutionException: java.io.IOException: The peer s2 is not alive.
2024-10-09 00:14:08,920 [s1@group-9FC63B188219-LeaderElection20] INFO  impl.LeaderElection (LeaderElection.java:askForVotes(339)) - s1@group-9FC63B188219-LeaderElection20 PRE_VOTE round 33: result TIMEOUT
2024-10-09 00:14:08,920 [s1@group-9FC63B188219-LeaderElection20] INFO  impl.LeaderElection (LeaderElection.java:askForVotes(337)) - s1@group-9FC63B188219-LeaderElection20 PRE_VOTE round 34: submit vote requests at term 2 for conf: {index: 1, cur=peers:[s3|localhost:15172, s4|localhost:15176, s0|localhost:15160, s1|localhost:15164, s2|localhost:15168]|listeners:[], old=null}
2024-10-09 00:14:08,920 [HandlerDaemon-1] INFO  server.RaftServer$Division (RaftServerImpl.java:requestVote(1443)) - s3@group-9FC63B188219: receive requestVote(PRE_VOTE, s1, group-9FC63B188219, 2, (t:2, i:2))
2024-10-09 00:14:08,920 [HandlerDaemon-1] INFO  impl.VoteContext (VoteContext.java:log(49)) - s3@group-9FC63B188219-CANDIDATE: accept PRE_VOTE from s1: our priority 0 <= candidate's priority 0
2024-10-09 00:14:08,920 [HandlerDaemon-1] INFO  server.RaftServer$Division (RaftServerImpl.java:requestVote(1476)) - s3@group-9FC63B188219 replies to PRE_VOTE vote request: s1<-s3#0:OK-t2. Peer's state: s3@group-9FC63B188219:t2, leader=null, voted=s2, raftlog=Memoized:s3@group-9FC63B188219-SegmentedRaftLog:OPENED:c2:last(t:2, i:2), conf=conf: {index: 1, cur=peers:[s3|localhost:15172, s4|localhost:15176, s0|localhost:15160, s1|localhost:15164, s2|localhost:15168]|listeners:[], old=null}
2024-10-09 00:14:08,922 [s1@group-9FC63B188219-LeaderElection20] INFO  impl.LeaderElection (LogUtils.java:infoOrTrace(136)) - s1@group-9FC63B188219-LeaderElection20 got exception when requesting votes: java.util.concurrent.ExecutionException: java.io.IOException: The peer s4 is not alive.
2024-10-09 00:14:08,922 [s1@group-9FC63B188219-LeaderElection20] INFO  impl.LeaderElection (LogUtils.java:infoOrTrace(136)) - s1@group-9FC63B188219-LeaderElection20 got exception when requesting votes: java.util.concurrent.ExecutionException: java.io.IOException: The peer s2 is not alive.
2024-10-09 00:14:09,000 [main] WARN  ratis.RaftTestUtil (RaftTestUtil.java:lambda$waitForLeader$3(126)) - Attempt #18 failed: java.lang.IllegalStateException: No leader yet : printing ALL groups
  s3:  RUNNING CANDIDATE s3@group-9FC63B188219:t2, leader=null, voted=s2, raftlog=Memoized:s3@group-9FC63B188219-SegmentedRaftLog:OPENED:c2:last(t:2, i:2), conf=conf: {index: 1, cur=peers:[s3|localhost:15172, s4|localhost:15176, s0|localhost:15160, s1|localhost:15164, s2|localhost:15168]|listeners:[], old=null} RUNNING
  s4:   CLOSED    LEADER s4@group-9FC63B188219:t1, leader=s4, voted=s4, raftlog=Memoized:s4@group-9FC63B188219-SegmentedRaftLog:CLOSED:c0, conf=conf: {index: 0, cur=peers:[s3|localhost:15172, s4|localhost:15176, s0|localhost:15160, s1|localhost:15164, s2|localhost:15168]|listeners:[], old=null} CLOSED
  s0:  RUNNING  FOLLOWER s0@group-9FC63B188219:t1, leader=null, voted=null, raftlog=Memoized:s0@group-9FC63B188219-SegmentedRaftLog:OPENED:c-1:lastnull, conf=conf: {index: -1, cur=peers:[s3|localhost:15172, s4|localhost:15176, s0|localhost:15160, s1|localhost:15164, s2|localhost:15168]|listeners:[], old=null} RUNNING
  s1:  RUNNING CANDIDATE s1@group-9FC63B188219:t2, leader=null, voted=s2, raftlog=Memoized:s1@group-9FC63B188219-SegmentedRaftLog:OPENED:c2:last(t:2, i:2), conf=conf: {index: 1, cur=peers:[s3|localhost:15172, s4|localhost:15176, s0|localhost:15160, s1|localhost:15164, s2|localhost:15168]|listeners:[], old=null} RUNNING
  s2:   CLOSED    LEADER s2@group-9FC63B188219:t2, leader=s2, voted=s2, raftlog=Memoized:s2@group-9FC63B188219-SegmentedRaftLog:CLOSED:c2, conf=conf: {index: 1, cur=peers:[s3|localhost:15172, s4|localhost:15176, s0|localhost:15160, s1|localhost:15164, s2|localhost:15168]|listeners:[], old=null} CLOSED
2024-10-09 00:14:09,117 [s3@group-9FC63B188219-LeaderElection21] INFO  impl.LeaderElection (LeaderElection.java:logAndReturn(90)) - s3@group-9FC63B188219-LeaderElection21: PRE_VOTE TIMEOUT received 1 response(s) and 2 exception(s):
2024-10-09 00:14:09,117 [s3@group-9FC63B188219-LeaderElection21] INFO  impl.LeaderElection (LeaderElection.java:logAndReturn(94)) -   Response 0: s3<-s1#0:OK-t2
2024-10-09 00:14:09,117 [s3@group-9FC63B188219-LeaderElection21] INFO  impl.LeaderElection (LogUtils.java:infoOrTrace(136)) -   Exception 1: java.util.concurrent.ExecutionException: java.io.IOException: The peer s4 is not alive.
2024-10-09 00:14:09,117 [s3@group-9FC63B188219-LeaderElection21] INFO  impl.LeaderElection (LogUtils.java:infoOrTrace(136)) -   Exception 2: java.util.concurrent.ExecutionException: java.io.IOException: The peer s2 is not alive.
2024-10-09 00:14:09,117 [s3@group-9FC63B188219-LeaderElection21] INFO  impl.LeaderElection (LeaderElection.java:askForVotes(339)) - s3@group-9FC63B188219-LeaderElection21 PRE_VOTE round 19: result TIMEOUT
2024-10-09 00:14:09,117 [s3@group-9FC63B188219-LeaderElection21] INFO  impl.LeaderElection (LeaderElection.java:askForVotes(337)) - s3@group-9FC63B188219-LeaderElection21 PRE_VOTE round 20: submit vote requests at term 2 for conf: {index: 1, cur=peers:[s3|localhost:15172, s4|localhost:15176, s0|localhost:15160, s1|localhost:15164, s2|localhost:15168]|listeners:[], old=null}
2024-10-09 00:14:09,118 [s3@group-9FC63B188219-LeaderElection21] INFO  impl.LeaderElection (LogUtils.java:infoOrTrace(136)) - s3@group-9FC63B188219-LeaderElection21 got exception when requesting votes: java.util.concurrent.ExecutionException: java.io.IOException: The peer s4 is not alive.
2024-10-09 00:14:09,118 [HandlerDaemon-2] INFO  server.RaftServer$Division (RaftServerImpl.java:requestVote(1443)) - s1@group-9FC63B188219: receive requestVote(PRE_VOTE, s3, group-9FC63B188219, 2, (t:2, i:2))
2024-10-09 00:14:09,118 [s3@group-9FC63B188219-LeaderElection21] INFO  impl.LeaderElection (LogUtils.java:infoOrTrace(136)) - s3@group-9FC63B188219-LeaderElection21 got exception when requesting votes: java.util.concurrent.ExecutionException: java.io.IOException: The peer s2 is not alive.
2024-10-09 00:14:09,118 [HandlerDaemon-2] INFO  impl.VoteContext (VoteContext.java:log(49)) - s1@group-9FC63B188219-CANDIDATE: accept PRE_VOTE from s3: our priority 0 <= candidate's priority 0
2024-10-09 00:14:09,118 [HandlerDaemon-2] INFO  server.RaftServer$Division (RaftServerImpl.java:requestVote(1476)) - s1@group-9FC63B188219 replies to PRE_VOTE vote request: s3<-s1#0:OK-t2. Peer's state: s1@group-9FC63B188219:t2, leader=null, voted=s2, raftlog=Memoized:s1@group-9FC63B188219-SegmentedRaftLog:OPENED:c2:last(t:2, i:2), conf=conf: {index: 1, cur=peers:[s3|localhost:15172, s4|localhost:15176, s0|localhost:15160, s1|localhost:15164, s2|localhost:15168]|listeners:[], old=null}
2024-10-09 00:14:09,198 [s1@group-9FC63B188219-LeaderElection20] INFO  impl.LeaderElection (LeaderElection.java:logAndReturn(90)) - s1@group-9FC63B188219-LeaderElection20: PRE_VOTE TIMEOUT received 1 response(s) and 2 exception(s):
2024-10-09 00:14:09,198 [s1@group-9FC63B188219-LeaderElection20] INFO  impl.LeaderElection (LeaderElection.java:logAndReturn(94)) -   Response 0: s1<-s3#0:OK-t2
2024-10-09 00:14:09,198 [s1@group-9FC63B188219-LeaderElection20] INFO  impl.LeaderElection (LogUtils.java:infoOrTrace(136)) -   Exception 1: java.util.concurrent.ExecutionException: java.io.IOException: The peer s4 is not alive.
2024-10-09 00:14:09,198 [s1@group-9FC63B188219-LeaderElection20] INFO  impl.LeaderElection (LogUtils.java:infoOrTrace(136)) -   Exception 2: java.util.concurrent.ExecutionException: java.io.IOException: The peer s2 is not alive.
2024-10-09 00:14:09,198 [s1@group-9FC63B188219-LeaderElection20] INFO  impl.LeaderElection (LeaderElection.java:askForVotes(339)) - s1@group-9FC63B188219-LeaderElection20 PRE_VOTE round 34: result TIMEOUT
2024-10-09 00:14:09,198 [s1@group-9FC63B188219-LeaderElection20] INFO  impl.LeaderElection (LeaderElection.java:askForVotes(337)) - s1@group-9FC63B188219-LeaderElection20 PRE_VOTE round 35: submit vote requests at term 2 for conf: {index: 1, cur=peers:[s3|localhost:15172, s4|localhost:15176, s0|localhost:15160, s1|localhost:15164, s2|localhost:15168]|listeners:[], old=null}
2024-10-09 00:14:09,198 [HandlerDaemon-2] INFO  server.RaftServer$Division (RaftServerImpl.java:requestVote(1443)) - s3@group-9FC63B188219: receive requestVote(PRE_VOTE, s1, group-9FC63B188219, 2, (t:2, i:2))
2024-10-09 00:14:09,198 [HandlerDaemon-2] INFO  impl.VoteContext (VoteContext.java:log(49)) - s3@group-9FC63B188219-CANDIDATE: accept PRE_VOTE from s1: our priority 0 <= candidate's priority 0
2024-10-09 00:14:09,198 [HandlerDaemon-2] INFO  server.RaftServer$Division (RaftServerImpl.java:requestVote(1476)) - s3@group-9FC63B188219 replies to PRE_VOTE vote request: s1<-s3#0:OK-t2. Peer's state: s3@group-9FC63B188219:t2, leader=null, voted=s2, raftlog=Memoized:s3@group-9FC63B188219-SegmentedRaftLog:OPENED:c2:last(t:2, i:2), conf=conf: {index: 1, cur=peers:[s3|localhost:15172, s4|localhost:15176, s0|localhost:15160, s1|localhost:15164, s2|localhost:15168]|listeners:[], old=null}
2024-10-09 00:14:09,198 [s1@group-9FC63B188219-LeaderElection20] INFO  impl.LeaderElection (LogUtils.java:infoOrTrace(136)) - s1@group-9FC63B188219-LeaderElection20 got exception when requesting votes: java.util.concurrent.ExecutionException: java.io.IOException: The peer s4 is not alive.
2024-10-09 00:14:09,199 [s1@group-9FC63B188219-LeaderElection20] INFO  impl.LeaderElection (LogUtils.java:infoOrTrace(136)) - s1@group-9FC63B188219-LeaderElection20 got exception when requesting votes: java.util.concurrent.ExecutionException: java.io.IOException: The peer s2 is not alive.
2024-10-09 00:14:09,269 [s3@group-9FC63B188219-LeaderElection21] INFO  impl.LeaderElection (LeaderElection.java:logAndReturn(90)) - s3@group-9FC63B188219-LeaderElection21: PRE_VOTE TIMEOUT received 1 response(s) and 2 exception(s):
2024-10-09 00:14:09,269 [s3@group-9FC63B188219-LeaderElection21] INFO  impl.LeaderElection (LeaderElection.java:logAndReturn(94)) -   Response 0: s3<-s1#0:OK-t2
2024-10-09 00:14:09,269 [s3@group-9FC63B188219-LeaderElection21] INFO  impl.LeaderElection (LogUtils.java:infoOrTrace(136)) -   Exception 1: java.util.concurrent.ExecutionException: java.io.IOException: The peer s4 is not alive.
2024-10-09 00:14:09,269 [s3@group-9FC63B188219-LeaderElection21] INFO  impl.LeaderElection (LogUtils.java:infoOrTrace(136)) -   Exception 2: java.util.concurrent.ExecutionException: java.io.IOException: The peer s2 is not alive.
2024-10-09 00:14:09,269 [s3@group-9FC63B188219-LeaderElection21] INFO  impl.LeaderElection (LeaderElection.java:askForVotes(339)) - s3@group-9FC63B188219-LeaderElection21 PRE_VOTE round 20: result TIMEOUT
2024-10-09 00:14:09,269 [s3@group-9FC63B188219-LeaderElection21] INFO  impl.LeaderElection (LeaderElection.java:askForVotes(337)) - s3@group-9FC63B188219-LeaderElection21 PRE_VOTE round 21: submit vote requests at term 2 for conf: {index: 1, cur=peers:[s3|localhost:15172, s4|localhost:15176, s0|localhost:15160, s1|localhost:15164, s2|localhost:15168]|listeners:[], old=null}
2024-10-09 00:14:09,270 [s3@group-9FC63B188219-LeaderElection21] INFO  impl.LeaderElection (LogUtils.java:infoOrTrace(136)) - s3@group-9FC63B188219-LeaderElection21 got exception when requesting votes: java.util.concurrent.ExecutionException: java.io.IOException: The peer s4 is not alive.
2024-10-09 00:14:09,270 [HandlerDaemon-0] INFO  server.RaftServer$Division (RaftServerImpl.java:requestVote(1443)) - s1@group-9FC63B188219: receive requestVote(PRE_VOTE, s3, group-9FC63B188219, 2, (t:2, i:2))
2024-10-09 00:14:09,270 [s3@group-9FC63B188219-LeaderElection21] INFO  impl.LeaderElection (LogUtils.java:infoOrTrace(136)) - s3@group-9FC63B188219-LeaderElection21 got exception when requesting votes: java.util.concurrent.ExecutionException: java.io.IOException: The peer s2 is not alive.
2024-10-09 00:14:09,270 [HandlerDaemon-0] INFO  impl.VoteContext (VoteContext.java:log(49)) - s1@group-9FC63B188219-CANDIDATE: accept PRE_VOTE from s3: our priority 0 <= candidate's priority 0
2024-10-09 00:14:09,270 [HandlerDaemon-0] INFO  server.RaftServer$Division (RaftServerImpl.java:requestVote(1476)) - s1@group-9FC63B188219 replies to PRE_VOTE vote request: s3<-s1#0:OK-t2. Peer's state: s1@group-9FC63B188219:t2, leader=null, voted=s2, raftlog=Memoized:s1@group-9FC63B188219-SegmentedRaftLog:OPENED:c2:last(t:2, i:2), conf=conf: {index: 1, cur=peers:[s3|localhost:15172, s4|localhost:15176, s0|localhost:15160, s1|localhost:15164, s2|localhost:15168]|listeners:[], old=null}
2024-10-09 00:14:09,426 [s3@group-9FC63B188219-LeaderElection21] INFO  impl.LeaderElection (LeaderElection.java:logAndReturn(90)) - s3@group-9FC63B188219-LeaderElection21: PRE_VOTE TIMEOUT received 1 response(s) and 2 exception(s):
2024-10-09 00:14:09,426 [s3@group-9FC63B188219-LeaderElection21] INFO  impl.LeaderElection (LeaderElection.java:logAndReturn(94)) -   Response 0: s3<-s1#0:OK-t2
2024-10-09 00:14:09,426 [s3@group-9FC63B188219-LeaderElection21] INFO  impl.LeaderElection (LogUtils.java:infoOrTrace(136)) -   Exception 1: java.util.concurrent.ExecutionException: java.io.IOException: The peer s4 is not alive.
2024-10-09 00:14:09,426 [s3@group-9FC63B188219-LeaderElection21] INFO  impl.LeaderElection (LogUtils.java:infoOrTrace(136)) -   Exception 2: java.util.concurrent.ExecutionException: java.io.IOException: The peer s2 is not alive.
2024-10-09 00:14:09,426 [s3@group-9FC63B188219-LeaderElection21] INFO  impl.LeaderElection (LeaderElection.java:askForVotes(339)) - s3@group-9FC63B188219-LeaderElection21 PRE_VOTE round 21: result TIMEOUT
2024-10-09 00:14:09,426 [s3@group-9FC63B188219-LeaderElection21] INFO  impl.LeaderElection (LeaderElection.java:askForVotes(337)) - s3@group-9FC63B188219-LeaderElection21 PRE_VOTE round 22: submit vote requests at term 2 for conf: {index: 1, cur=peers:[s3|localhost:15172, s4|localhost:15176, s0|localhost:15160, s1|localhost:15164, s2|localhost:15168]|listeners:[], old=null}
2024-10-09 00:14:09,427 [HandlerDaemon-1] INFO  server.RaftServer$Division (RaftServerImpl.java:requestVote(1443)) - s1@group-9FC63B188219: receive requestVote(PRE_VOTE, s3, group-9FC63B188219, 2, (t:2, i:2))
2024-10-09 00:14:09,427 [HandlerDaemon-1] INFO  impl.VoteContext (VoteContext.java:log(49)) - s1@group-9FC63B188219-CANDIDATE: accept PRE_VOTE from s3: our priority 0 <= candidate's priority 0
2024-10-09 00:14:09,427 [HandlerDaemon-1] INFO  server.RaftServer$Division (RaftServerImpl.java:requestVote(1476)) - s1@group-9FC63B188219 replies to PRE_VOTE vote request: s3<-s1#0:OK-t2. Peer's state: s1@group-9FC63B188219:t2, leader=null, voted=s2, raftlog=Memoized:s1@group-9FC63B188219-SegmentedRaftLog:OPENED:c2:last(t:2, i:2), conf=conf: {index: 1, cur=peers:[s3|localhost:15172, s4|localhost:15176, s0|localhost:15160, s1|localhost:15164, s2|localhost:15168]|listeners:[], old=null}
2024-10-09 00:14:09,427 [s3@group-9FC63B188219-LeaderElection21] INFO  impl.LeaderElection (LogUtils.java:infoOrTrace(136)) - s3@group-9FC63B188219-LeaderElection21 got exception when requesting votes: java.util.concurrent.ExecutionException: java.io.IOException: The peer s4 is not alive.
2024-10-09 00:14:09,427 [s3@group-9FC63B188219-LeaderElection21] INFO  impl.LeaderElection (LogUtils.java:infoOrTrace(136)) - s3@group-9FC63B188219-LeaderElection21 got exception when requesting votes: java.util.concurrent.ExecutionException: java.io.IOException: The peer s2 is not alive.
2024-10-09 00:14:09,451 [main] WARN  ratis.RaftTestUtil (RaftTestUtil.java:lambda$waitForLeader$3(126)) - Attempt #19 failed: java.lang.IllegalStateException: No leader yet : printing ALL groups
  s3:  RUNNING CANDIDATE s3@group-9FC63B188219:t2, leader=null, voted=s2, raftlog=Memoized:s3@group-9FC63B188219-SegmentedRaftLog:OPENED:c2:last(t:2, i:2), conf=conf: {index: 1, cur=peers:[s3|localhost:15172, s4|localhost:15176, s0|localhost:15160, s1|localhost:15164, s2|localhost:15168]|listeners:[], old=null} RUNNING
  s4:   CLOSED    LEADER s4@group-9FC63B188219:t1, leader=s4, voted=s4, raftlog=Memoized:s4@group-9FC63B188219-SegmentedRaftLog:CLOSED:c0, conf=conf: {index: 0, cur=peers:[s3|localhost:15172, s4|localhost:15176, s0|localhost:15160, s1|localhost:15164, s2|localhost:15168]|listeners:[], old=null} CLOSED
  s0:  RUNNING  FOLLOWER s0@group-9FC63B188219:t1, leader=null, voted=null, raftlog=Memoized:s0@group-9FC63B188219-SegmentedRaftLog:OPENED:c-1:lastnull, conf=conf: {index: -1, cur=peers:[s3|localhost:15172, s4|localhost:15176, s0|localhost:15160, s1|localhost:15164, s2|localhost:15168]|listeners:[], old=null} RUNNING
  s1:  RUNNING CANDIDATE s1@group-9FC63B188219:t2, leader=null, voted=s2, raftlog=Memoized:s1@group-9FC63B188219-SegmentedRaftLog:OPENED:c2:last(t:2, i:2), conf=conf: {index: 1, cur=peers:[s3|localhost:15172, s4|localhost:15176, s0|localhost:15160, s1|localhost:15164, s2|localhost:15168]|listeners:[], old=null} RUNNING
  s2:   CLOSED    LEADER s2@group-9FC63B188219:t2, leader=s2, voted=s2, raftlog=Memoized:s2@group-9FC63B188219-SegmentedRaftLog:CLOSED:c2, conf=conf: {index: 1, cur=peers:[s3|localhost:15172, s4|localhost:15176, s0|localhost:15160, s1|localhost:15164, s2|localhost:15168]|listeners:[], old=null} CLOSED
2024-10-09 00:14:09,485 [s1@group-9FC63B188219-LeaderElection20] INFO  impl.LeaderElection (LeaderElection.java:logAndReturn(90)) - s1@group-9FC63B188219-LeaderElection20: PRE_VOTE TIMEOUT received 1 response(s) and 2 exception(s):
2024-10-09 00:14:09,486 [s1@group-9FC63B188219-LeaderElection20] INFO  impl.LeaderElection (LeaderElection.java:logAndReturn(94)) -   Response 0: s1<-s3#0:OK-t2
2024-10-09 00:14:09,486 [s1@group-9FC63B188219-LeaderElection20] INFO  impl.LeaderElection (LogUtils.java:infoOrTrace(136)) -   Exception 1: java.util.concurrent.ExecutionException: java.io.IOException: The peer s4 is not alive.
2024-10-09 00:14:09,486 [s1@group-9FC63B188219-LeaderElection20] INFO  impl.LeaderElection (LogUtils.java:infoOrTrace(136)) -   Exception 2: java.util.concurrent.ExecutionException: java.io.IOException: The peer s2 is not alive.
2024-10-09 00:14:09,486 [s1@group-9FC63B188219-LeaderElection20] INFO  impl.LeaderElection (LeaderElection.java:askForVotes(339)) - s1@group-9FC63B188219-LeaderElection20 PRE_VOTE round 35: result TIMEOUT
2024-10-09 00:14:09,486 [s1@group-9FC63B188219-LeaderElection20] INFO  impl.LeaderElection (LeaderElection.java:askForVotes(337)) - s1@group-9FC63B188219-LeaderElection20 PRE_VOTE round 36: submit vote requests at term 2 for conf: {index: 1, cur=peers:[s3|localhost:15172, s4|localhost:15176, s0|localhost:15160, s1|localhost:15164, s2|localhost:15168]|listeners:[], old=null}
2024-10-09 00:14:09,486 [HandlerDaemon-0] INFO  server.RaftServer$Division (RaftServerImpl.java:requestVote(1443)) - s3@group-9FC63B188219: receive requestVote(PRE_VOTE, s1, group-9FC63B188219, 2, (t:2, i:2))
2024-10-09 00:14:09,486 [HandlerDaemon-0] INFO  impl.VoteContext (VoteContext.java:log(49)) - s3@group-9FC63B188219-CANDIDATE: accept PRE_VOTE from s1: our priority 0 <= candidate's priority 0
2024-10-09 00:14:09,486 [HandlerDaemon-0] INFO  server.RaftServer$Division (RaftServerImpl.java:requestVote(1476)) - s3@group-9FC63B188219 replies to PRE_VOTE vote request: s1<-s3#0:OK-t2. Peer's state: s3@group-9FC63B188219:t2, leader=null, voted=s2, raftlog=Memoized:s3@group-9FC63B188219-SegmentedRaftLog:OPENED:c2:last(t:2, i:2), conf=conf: {index: 1, cur=peers:[s3|localhost:15172, s4|localhost:15176, s0|localhost:15160, s1|localhost:15164, s2|localhost:15168]|listeners:[], old=null}
2024-10-09 00:14:09,486 [s1@group-9FC63B188219-LeaderElection20] INFO  impl.LeaderElection (LogUtils.java:infoOrTrace(136)) - s1@group-9FC63B188219-LeaderElection20 got exception when requesting votes: java.util.concurrent.ExecutionException: java.io.IOException: The peer s4 is not alive.
2024-10-09 00:14:09,486 [s1@group-9FC63B188219-LeaderElection20] INFO  impl.LeaderElection (LogUtils.java:infoOrTrace(136)) - s1@group-9FC63B188219-LeaderElection20 got exception when requesting votes: java.util.concurrent.ExecutionException: java.io.IOException: The peer s2 is not alive.
2024-10-09 00:14:09,661 [Timer-9] INFO  impl.MiniRaftCluster (MiniRaftCluster.java:lambda$null$7(352)) - TIMED-PRINT: printing ALL groups
  s3:  RUNNING CANDIDATE s3@group-9FC63B188219:t2, leader=null, voted=s2, raftlog=Memoized:s3@group-9FC63B188219-SegmentedRaftLog:OPENED:c2:last(t:2, i:2), conf=conf: {index: 1, cur=peers:[s3|localhost:15172, s4|localhost:15176, s0|localhost:15160, s1|localhost:15164, s2|localhost:15168]|listeners:[], old=null} RUNNING
  s4:   CLOSED    LEADER s4@group-9FC63B188219:t1, leader=s4, voted=s4, raftlog=Memoized:s4@group-9FC63B188219-SegmentedRaftLog:CLOSED:c0, conf=conf: {index: 0, cur=peers:[s3|localhost:15172, s4|localhost:15176, s0|localhost:15160, s1|localhost:15164, s2|localhost:15168]|listeners:[], old=null} CLOSED
  s0:  RUNNING  FOLLOWER s0@group-9FC63B188219:t1, leader=null, voted=null, raftlog=Memoized:s0@group-9FC63B188219-SegmentedRaftLog:OPENED:c-1:lastnull, conf=conf: {index: -1, cur=peers:[s3|localhost:15172, s4|localhost:15176, s0|localhost:15160, s1|localhost:15164, s2|localhost:15168]|listeners:[], old=null} RUNNING
  s1:  RUNNING CANDIDATE s1@group-9FC63B188219:t2, leader=null, voted=s2, raftlog=Memoized:s1@group-9FC63B188219-SegmentedRaftLog:OPENED:c2:last(t:2, i:2), conf=conf: {index: 1, cur=peers:[s3|localhost:15172, s4|localhost:15176, s0|localhost:15160, s1|localhost:15164, s2|localhost:15168]|listeners:[], old=null} RUNNING
  s2:   CLOSED    LEADER s2@group-9FC63B188219:t2, leader=s2, voted=s2, raftlog=Memoized:s2@group-9FC63B188219-SegmentedRaftLog:CLOSED:c2, conf=conf: {index: 1, cur=peers:[s3|localhost:15172, s4|localhost:15176, s0|localhost:15160, s1|localhost:15164, s2|localhost:15168]|listeners:[], old=null} CLOSED
2024-10-09 00:14:09,697 [s3@group-9FC63B188219-LeaderElection21] INFO  impl.LeaderElection (LeaderElection.java:logAndReturn(90)) - s3@group-9FC63B188219-LeaderElection21: PRE_VOTE TIMEOUT received 1 response(s) and 2 exception(s):
2024-10-09 00:14:09,697 [s3@group-9FC63B188219-LeaderElection21] INFO  impl.LeaderElection (LeaderElection.java:logAndReturn(94)) -   Response 0: s3<-s1#0:OK-t2
2024-10-09 00:14:09,697 [s3@group-9FC63B188219-LeaderElection21] INFO  impl.LeaderElection (LogUtils.java:infoOrTrace(136)) -   Exception 1: java.util.concurrent.ExecutionException: java.io.IOException: The peer s4 is not alive.
2024-10-09 00:14:09,697 [s3@group-9FC63B188219-LeaderElection21] INFO  impl.LeaderElection (LogUtils.java:infoOrTrace(136)) -   Exception 2: java.util.concurrent.ExecutionException: java.io.IOException: The peer s2 is not alive.
2024-10-09 00:14:09,697 [s3@group-9FC63B188219-LeaderElection21] INFO  impl.LeaderElection (LeaderElection.java:askForVotes(339)) - s3@group-9FC63B188219-LeaderElection21 PRE_VOTE round 22: result TIMEOUT
2024-10-09 00:14:09,698 [s3@group-9FC63B188219-LeaderElection21] INFO  impl.LeaderElection (LeaderElection.java:askForVotes(337)) - s3@group-9FC63B188219-LeaderElection21 PRE_VOTE round 23: submit vote requests at term 2 for conf: {index: 1, cur=peers:[s3|localhost:15172, s4|localhost:15176, s0|localhost:15160, s1|localhost:15164, s2|localhost:15168]|listeners:[], old=null}
2024-10-09 00:14:09,698 [HandlerDaemon-2] INFO  server.RaftServer$Division (RaftServerImpl.java:requestVote(1443)) - s1@group-9FC63B188219: receive requestVote(PRE_VOTE, s3, group-9FC63B188219, 2, (t:2, i:2))
2024-10-09 00:14:09,698 [HandlerDaemon-2] INFO  impl.VoteContext (VoteContext.java:log(49)) - s1@group-9FC63B188219-CANDIDATE: accept PRE_VOTE from s3: our priority 0 <= candidate's priority 0
2024-10-09 00:14:09,698 [HandlerDaemon-2] INFO  server.RaftServer$Division (RaftServerImpl.java:requestVote(1476)) - s1@group-9FC63B188219 replies to PRE_VOTE vote request: s3<-s1#0:OK-t2. Peer's state: s1@group-9FC63B188219:t2, leader=null, voted=s2, raftlog=Memoized:s1@group-9FC63B188219-SegmentedRaftLog:OPENED:c2:last(t:2, i:2), conf=conf: {index: 1, cur=peers:[s3|localhost:15172, s4|localhost:15176, s0|localhost:15160, s1|localhost:15164, s2|localhost:15168]|listeners:[], old=null}
2024-10-09 00:14:09,698 [s3@group-9FC63B188219-LeaderElection21] INFO  impl.LeaderElection (LogUtils.java:infoOrTrace(136)) - s3@group-9FC63B188219-LeaderElection21 got exception when requesting votes: java.util.concurrent.ExecutionException: java.io.IOException: The peer s4 is not alive.
2024-10-09 00:14:09,698 [s3@group-9FC63B188219-LeaderElection21] INFO  impl.LeaderElection (LogUtils.java:infoOrTrace(136)) - s3@group-9FC63B188219-LeaderElection21 got exception when requesting votes: java.util.concurrent.ExecutionException: java.io.IOException: The peer s2 is not alive.
2024-10-09 00:14:09,764 [s1@group-9FC63B188219-LeaderElection20] INFO  impl.LeaderElection (LeaderElection.java:logAndReturn(90)) - s1@group-9FC63B188219-LeaderElection20: PRE_VOTE TIMEOUT received 1 response(s) and 2 exception(s):
2024-10-09 00:14:09,764 [s1@group-9FC63B188219-LeaderElection20] INFO  impl.LeaderElection (LeaderElection.java:logAndReturn(94)) -   Response 0: s1<-s3#0:OK-t2
2024-10-09 00:14:09,765 [s1@group-9FC63B188219-LeaderElection20] INFO  impl.LeaderElection (LogUtils.java:infoOrTrace(136)) -   Exception 1: java.util.concurrent.ExecutionException: java.io.IOException: The peer s4 is not alive.
2024-10-09 00:14:09,765 [s1@group-9FC63B188219-LeaderElection20] INFO  impl.LeaderElection (LogUtils.java:infoOrTrace(136)) -   Exception 2: java.util.concurrent.ExecutionException: java.io.IOException: The peer s2 is not alive.
2024-10-09 00:14:09,765 [s1@group-9FC63B188219-LeaderElection20] INFO  impl.LeaderElection (LeaderElection.java:askForVotes(339)) - s1@group-9FC63B188219-LeaderElection20 PRE_VOTE round 36: result TIMEOUT
2024-10-09 00:14:09,765 [s1@group-9FC63B188219-LeaderElection20] INFO  impl.LeaderElection (LeaderElection.java:askForVotes(337)) - s1@group-9FC63B188219-LeaderElection20 PRE_VOTE round 37: submit vote requests at term 2 for conf: {index: 1, cur=peers:[s3|localhost:15172, s4|localhost:15176, s0|localhost:15160, s1|localhost:15164, s2|localhost:15168]|listeners:[], old=null}
2024-10-09 00:14:09,765 [HandlerDaemon-1] INFO  server.RaftServer$Division (RaftServerImpl.java:requestVote(1443)) - s3@group-9FC63B188219: receive requestVote(PRE_VOTE, s1, group-9FC63B188219, 2, (t:2, i:2))
2024-10-09 00:14:09,765 [HandlerDaemon-1] INFO  impl.VoteContext (VoteContext.java:log(49)) - s3@group-9FC63B188219-CANDIDATE: accept PRE_VOTE from s1: our priority 0 <= candidate's priority 0
2024-10-09 00:14:09,765 [HandlerDaemon-1] INFO  server.RaftServer$Division (RaftServerImpl.java:requestVote(1476)) - s3@group-9FC63B188219 replies to PRE_VOTE vote request: s1<-s3#0:OK-t2. Peer's state: s3@group-9FC63B188219:t2, leader=null, voted=s2, raftlog=Memoized:s3@group-9FC63B188219-SegmentedRaftLog:OPENED:c2:last(t:2, i:2), conf=conf: {index: 1, cur=peers:[s3|localhost:15172, s4|localhost:15176, s0|localhost:15160, s1|localhost:15164, s2|localhost:15168]|listeners:[], old=null}
2024-10-09 00:14:09,765 [s1@group-9FC63B188219-LeaderElection20] INFO  impl.LeaderElection (LogUtils.java:infoOrTrace(136)) - s1@group-9FC63B188219-LeaderElection20 got exception when requesting votes: java.util.concurrent.ExecutionException: java.io.IOException: The peer s4 is not alive.
2024-10-09 00:14:09,765 [s1@group-9FC63B188219-LeaderElection20] INFO  impl.LeaderElection (LogUtils.java:infoOrTrace(136)) - s1@group-9FC63B188219-LeaderElection20 got exception when requesting votes: java.util.concurrent.ExecutionException: java.io.IOException: The peer s2 is not alive.
2024-10-09 00:14:09,901 [main] WARN  ratis.RaftTestUtil (RaftTestUtil.java:lambda$waitForLeader$3(126)) - Attempt #20 failed: java.lang.IllegalStateException: No leader yet : printing ALL groups
  s3:  RUNNING CANDIDATE s3@group-9FC63B188219:t2, leader=null, voted=s2, raftlog=Memoized:s3@group-9FC63B188219-SegmentedRaftLog:OPENED:c2:last(t:2, i:2), conf=conf: {index: 1, cur=peers:[s3|localhost:15172, s4|localhost:15176, s0|localhost:15160, s1|localhost:15164, s2|localhost:15168]|listeners:[], old=null} RUNNING
  s4:   CLOSED    LEADER s4@group-9FC63B188219:t1, leader=s4, voted=s4, raftlog=Memoized:s4@group-9FC63B188219-SegmentedRaftLog:CLOSED:c0, conf=conf: {index: 0, cur=peers:[s3|localhost:15172, s4|localhost:15176, s0|localhost:15160, s1|localhost:15164, s2|localhost:15168]|listeners:[], old=null} CLOSED
  s0:  RUNNING  FOLLOWER s0@group-9FC63B188219:t1, leader=null, voted=null, raftlog=Memoized:s0@group-9FC63B188219-SegmentedRaftLog:OPENED:c-1:lastnull, conf=conf: {index: -1, cur=peers:[s3|localhost:15172, s4|localhost:15176, s0|localhost:15160, s1|localhost:15164, s2|localhost:15168]|listeners:[], old=null} RUNNING
  s1:  RUNNING CANDIDATE s1@group-9FC63B188219:t2, leader=null, voted=s2, raftlog=Memoized:s1@group-9FC63B188219-SegmentedRaftLog:OPENED:c2:last(t:2, i:2), conf=conf: {index: 1, cur=peers:[s3|localhost:15172, s4|localhost:15176, s0|localhost:15160, s1|localhost:15164, s2|localhost:15168]|listeners:[], old=null} RUNNING
  s2:   CLOSED    LEADER s2@group-9FC63B188219:t2, leader=s2, voted=s2, raftlog=Memoized:s2@group-9FC63B188219-SegmentedRaftLog:CLOSED:c2, conf=conf: {index: 1, cur=peers:[s3|localhost:15172, s4|localhost:15176, s0|localhost:15160, s1|localhost:15164, s2|localhost:15168]|listeners:[], old=null} CLOSED
2024-10-09 00:14:09,912 [s3@group-9FC63B188219-LeaderElection21] INFO  impl.LeaderElection (LeaderElection.java:logAndReturn(90)) - s3@group-9FC63B188219-LeaderElection21: PRE_VOTE TIMEOUT received 1 response(s) and 2 exception(s):
2024-10-09 00:14:09,913 [s3@group-9FC63B188219-LeaderElection21] INFO  impl.LeaderElection (LeaderElection.java:logAndReturn(94)) -   Response 0: s3<-s1#0:OK-t2
2024-10-09 00:14:09,913 [s3@group-9FC63B188219-LeaderElection21] INFO  impl.LeaderElection (LogUtils.java:infoOrTrace(136)) -   Exception 1: java.util.concurrent.ExecutionException: java.io.IOException: The peer s4 is not alive.
2024-10-09 00:14:09,913 [s3@group-9FC63B188219-LeaderElection21] INFO  impl.LeaderElection (LogUtils.java:infoOrTrace(136)) -   Exception 2: java.util.concurrent.ExecutionException: java.io.IOException: The peer s2 is not alive.
2024-10-09 00:14:09,913 [s3@group-9FC63B188219-LeaderElection21] INFO  impl.LeaderElection (LeaderElection.java:askForVotes(339)) - s3@group-9FC63B188219-LeaderElection21 PRE_VOTE round 23: result TIMEOUT
2024-10-09 00:14:09,913 [s3@group-9FC63B188219-LeaderElection21] INFO  impl.LeaderElection (LeaderElection.java:askForVotes(337)) - s3@group-9FC63B188219-LeaderElection21 PRE_VOTE round 24: submit vote requests at term 2 for conf: {index: 1, cur=peers:[s3|localhost:15172, s4|localhost:15176, s0|localhost:15160, s1|localhost:15164, s2|localhost:15168]|listeners:[], old=null}
2024-10-09 00:14:09,913 [HandlerDaemon-0] INFO  server.RaftServer$Division (RaftServerImpl.java:requestVote(1443)) - s1@group-9FC63B188219: receive requestVote(PRE_VOTE, s3, group-9FC63B188219, 2, (t:2, i:2))
2024-10-09 00:14:09,913 [s3@group-9FC63B188219-LeaderElection21] INFO  impl.LeaderElection (LogUtils.java:infoOrTrace(136)) - s3@group-9FC63B188219-LeaderElection21 got exception when requesting votes: java.util.concurrent.ExecutionException: java.io.IOException: The peer s4 is not alive.
2024-10-09 00:14:09,913 [HandlerDaemon-0] INFO  impl.VoteContext (VoteContext.java:log(49)) - s1@group-9FC63B188219-CANDIDATE: accept PRE_VOTE from s3: our priority 0 <= candidate's priority 0
2024-10-09 00:14:09,913 [s3@group-9FC63B188219-LeaderElection21] INFO  impl.LeaderElection (LogUtils.java:infoOrTrace(136)) - s3@group-9FC63B188219-LeaderElection21 got exception when requesting votes: java.util.concurrent.ExecutionException: java.io.IOException: The peer s2 is not alive.
2024-10-09 00:14:09,914 [HandlerDaemon-0] INFO  server.RaftServer$Division (RaftServerImpl.java:requestVote(1476)) - s1@group-9FC63B188219 replies to PRE_VOTE vote request: s3<-s1#0:OK-t2. Peer's state: s1@group-9FC63B188219:t2, leader=null, voted=s2, raftlog=Memoized:s1@group-9FC63B188219-SegmentedRaftLog:OPENED:c2:last(t:2, i:2), conf=conf: {index: 1, cur=peers:[s3|localhost:15172, s4|localhost:15176, s0|localhost:15160, s1|localhost:15164, s2|localhost:15168]|listeners:[], old=null}
2024-10-09 00:14:09,972 [s1@group-9FC63B188219-LeaderElection20] INFO  impl.LeaderElection (LeaderElection.java:logAndReturn(90)) - s1@group-9FC63B188219-LeaderElection20: PRE_VOTE TIMEOUT received 1 response(s) and 2 exception(s):
2024-10-09 00:14:09,972 [s1@group-9FC63B188219-LeaderElection20] INFO  impl.LeaderElection (LeaderElection.java:logAndReturn(94)) -   Response 0: s1<-s3#0:OK-t2
2024-10-09 00:14:09,973 [s1@group-9FC63B188219-LeaderElection20] INFO  impl.LeaderElection (LogUtils.java:infoOrTrace(136)) -   Exception 1: java.util.concurrent.ExecutionException: java.io.IOException: The peer s4 is not alive.
2024-10-09 00:14:09,973 [s1@group-9FC63B188219-LeaderElection20] INFO  impl.LeaderElection (LogUtils.java:infoOrTrace(136)) -   Exception 2: java.util.concurrent.ExecutionException: java.io.IOException: The peer s2 is not alive.
2024-10-09 00:14:09,973 [s1@group-9FC63B188219-LeaderElection20] INFO  impl.LeaderElection (LeaderElection.java:askForVotes(339)) - s1@group-9FC63B188219-LeaderElection20 PRE_VOTE round 37: result TIMEOUT
2024-10-09 00:14:09,973 [s1@group-9FC63B188219-LeaderElection20] INFO  impl.LeaderElection (LeaderElection.java:askForVotes(337)) - s1@group-9FC63B188219-LeaderElection20 PRE_VOTE round 38: submit vote requests at term 2 for conf: {index: 1, cur=peers:[s3|localhost:15172, s4|localhost:15176, s0|localhost:15160, s1|localhost:15164, s2|localhost:15168]|listeners:[], old=null}
2024-10-09 00:14:09,973 [HandlerDaemon-2] INFO  server.RaftServer$Division (RaftServerImpl.java:requestVote(1443)) - s3@group-9FC63B188219: receive requestVote(PRE_VOTE, s1, group-9FC63B188219, 2, (t:2, i:2))
2024-10-09 00:14:09,973 [HandlerDaemon-2] INFO  impl.VoteContext (VoteContext.java:log(49)) - s3@group-9FC63B188219-CANDIDATE: accept PRE_VOTE from s1: our priority 0 <= candidate's priority 0
2024-10-09 00:14:09,973 [s1@group-9FC63B188219-LeaderElection20] INFO  impl.LeaderElection (LogUtils.java:infoOrTrace(136)) - s1@group-9FC63B188219-LeaderElection20 got exception when requesting votes: java.util.concurrent.ExecutionException: java.io.IOException: The peer s4 is not alive.
2024-10-09 00:14:09,973 [HandlerDaemon-2] INFO  server.RaftServer$Division (RaftServerImpl.java:requestVote(1476)) - s3@group-9FC63B188219 replies to PRE_VOTE vote request: s1<-s3#0:OK-t2. Peer's state: s3@group-9FC63B188219:t2, leader=null, voted=s2, raftlog=Memoized:s3@group-9FC63B188219-SegmentedRaftLog:OPENED:c2:last(t:2, i:2), conf=conf: {index: 1, cur=peers:[s3|localhost:15172, s4|localhost:15176, s0|localhost:15160, s1|localhost:15164, s2|localhost:15168]|listeners:[], old=null}
2024-10-09 00:14:09,973 [s1@group-9FC63B188219-LeaderElection20] INFO  impl.LeaderElection (LogUtils.java:infoOrTrace(136)) - s1@group-9FC63B188219-LeaderElection20 got exception when requesting votes: java.util.concurrent.ExecutionException: java.io.IOException: The peer s2 is not alive.
2024-10-09 00:14:10,119 [s3@group-9FC63B188219-LeaderElection21] INFO  impl.LeaderElection (LeaderElection.java:logAndReturn(90)) - s3@group-9FC63B188219-LeaderElection21: PRE_VOTE TIMEOUT received 1 response(s) and 2 exception(s):
2024-10-09 00:14:10,120 [s3@group-9FC63B188219-LeaderElection21] INFO  impl.LeaderElection (LeaderElection.java:logAndReturn(94)) -   Response 0: s3<-s1#0:OK-t2
2024-10-09 00:14:10,120 [s3@group-9FC63B188219-LeaderElection21] INFO  impl.LeaderElection (LogUtils.java:infoOrTrace(136)) -   Exception 1: java.util.concurrent.ExecutionException: java.io.IOException: The peer s4 is not alive.
2024-10-09 00:14:10,120 [s3@group-9FC63B188219-LeaderElection21] INFO  impl.LeaderElection (LogUtils.java:infoOrTrace(136)) -   Exception 2: java.util.concurrent.ExecutionException: java.io.IOException: The peer s2 is not alive.
2024-10-09 00:14:10,120 [s3@group-9FC63B188219-LeaderElection21] INFO  impl.LeaderElection (LeaderElection.java:askForVotes(339)) - s3@group-9FC63B188219-LeaderElection21 PRE_VOTE round 24: result TIMEOUT
2024-10-09 00:14:10,120 [s3@group-9FC63B188219-LeaderElection21] INFO  impl.LeaderElection (LeaderElection.java:askForVotes(337)) - s3@group-9FC63B188219-LeaderElection21 PRE_VOTE round 25: submit vote requests at term 2 for conf: {index: 1, cur=peers:[s3|localhost:15172, s4|localhost:15176, s0|localhost:15160, s1|localhost:15164, s2|localhost:15168]|listeners:[], old=null}
2024-10-09 00:14:10,120 [HandlerDaemon-1] INFO  server.RaftServer$Division (RaftServerImpl.java:requestVote(1443)) - s1@group-9FC63B188219: receive requestVote(PRE_VOTE, s3, group-9FC63B188219, 2, (t:2, i:2))
2024-10-09 00:14:10,120 [s3@group-9FC63B188219-LeaderElection21] INFO  impl.LeaderElection (LogUtils.java:infoOrTrace(136)) - s3@group-9FC63B188219-LeaderElection21 got exception when requesting votes: java.util.concurrent.ExecutionException: java.io.IOException: The peer s4 is not alive.
2024-10-09 00:14:10,120 [HandlerDaemon-1] INFO  impl.VoteContext (VoteContext.java:log(49)) - s1@group-9FC63B188219-CANDIDATE: accept PRE_VOTE from s3: our priority 0 <= candidate's priority 0
2024-10-09 00:14:10,121 [s3@group-9FC63B188219-LeaderElection21] INFO  impl.LeaderElection (LogUtils.java:infoOrTrace(136)) - s3@group-9FC63B188219-LeaderElection21 got exception when requesting votes: java.util.concurrent.ExecutionException: java.io.IOException: The peer s2 is not alive.
2024-10-09 00:14:10,121 [HandlerDaemon-1] INFO  server.RaftServer$Division (RaftServerImpl.java:requestVote(1476)) - s1@group-9FC63B188219 replies to PRE_VOTE vote request: s3<-s1#0:OK-t2. Peer's state: s1@group-9FC63B188219:t2, leader=null, voted=s2, raftlog=Memoized:s1@group-9FC63B188219-SegmentedRaftLog:OPENED:c2:last(t:2, i:2), conf=conf: {index: 1, cur=peers:[s3|localhost:15172, s4|localhost:15176, s0|localhost:15160, s1|localhost:15164, s2|localhost:15168]|listeners:[], old=null}
2024-10-09 00:14:10,130 [s1@group-9FC63B188219-LeaderElection20] INFO  impl.LeaderElection (LeaderElection.java:logAndReturn(90)) - s1@group-9FC63B188219-LeaderElection20: PRE_VOTE TIMEOUT received 1 response(s) and 2 exception(s):
2024-10-09 00:14:10,130 [s1@group-9FC63B188219-LeaderElection20] INFO  impl.LeaderElection (LeaderElection.java:logAndReturn(94)) -   Response 0: s1<-s3#0:OK-t2
2024-10-09 00:14:10,130 [s1@group-9FC63B188219-LeaderElection20] INFO  impl.LeaderElection (LogUtils.java:infoOrTrace(136)) -   Exception 1: java.util.concurrent.ExecutionException: java.io.IOException: The peer s4 is not alive.
2024-10-09 00:14:10,130 [s1@group-9FC63B188219-LeaderElection20] INFO  impl.LeaderElection (LogUtils.java:infoOrTrace(136)) -   Exception 2: java.util.concurrent.ExecutionException: java.io.IOException: The peer s2 is not alive.
2024-10-09 00:14:10,130 [s1@group-9FC63B188219-LeaderElection20] INFO  impl.LeaderElection (LeaderElection.java:askForVotes(339)) - s1@group-9FC63B188219-LeaderElection20 PRE_VOTE round 38: result TIMEOUT
2024-10-09 00:14:10,131 [s1@group-9FC63B188219-LeaderElection20] INFO  impl.LeaderElection (LeaderElection.java:askForVotes(337)) - s1@group-9FC63B188219-LeaderElection20 PRE_VOTE round 39: submit vote requests at term 2 for conf: {index: 1, cur=peers:[s3|localhost:15172, s4|localhost:15176, s0|localhost:15160, s1|localhost:15164, s2|localhost:15168]|listeners:[], old=null}
2024-10-09 00:14:10,131 [HandlerDaemon-0] INFO  server.RaftServer$Division (RaftServerImpl.java:requestVote(1443)) - s3@group-9FC63B188219: receive requestVote(PRE_VOTE, s1, group-9FC63B188219, 2, (t:2, i:2))
2024-10-09 00:14:10,131 [HandlerDaemon-0] INFO  impl.VoteContext (VoteContext.java:log(49)) - s3@group-9FC63B188219-CANDIDATE: accept PRE_VOTE from s1: our priority 0 <= candidate's priority 0
2024-10-09 00:14:10,131 [s1@group-9FC63B188219-LeaderElection20] INFO  impl.LeaderElection (LogUtils.java:infoOrTrace(136)) - s1@group-9FC63B188219-LeaderElection20 got exception when requesting votes: java.util.concurrent.ExecutionException: java.io.IOException: The peer s4 is not alive.
2024-10-09 00:14:10,131 [HandlerDaemon-0] INFO  server.RaftServer$Division (RaftServerImpl.java:requestVote(1476)) - s3@group-9FC63B188219 replies to PRE_VOTE vote request: s1<-s3#0:OK-t2. Peer's state: s3@group-9FC63B188219:t2, leader=null, voted=s2, raftlog=Memoized:s3@group-9FC63B188219-SegmentedRaftLog:OPENED:c2:last(t:2, i:2), conf=conf: {index: 1, cur=peers:[s3|localhost:15172, s4|localhost:15176, s0|localhost:15160, s1|localhost:15164, s2|localhost:15168]|listeners:[], old=null}
2024-10-09 00:14:10,131 [s1@group-9FC63B188219-LeaderElection20] INFO  impl.LeaderElection (LogUtils.java:infoOrTrace(136)) - s1@group-9FC63B188219-LeaderElection20 got exception when requesting votes: java.util.concurrent.ExecutionException: java.io.IOException: The peer s2 is not alive.
2024-10-09 00:14:10,338 [s3@group-9FC63B188219-LeaderElection21] INFO  impl.LeaderElection (LeaderElection.java:logAndReturn(90)) - s3@group-9FC63B188219-LeaderElection21: PRE_VOTE TIMEOUT received 1 response(s) and 2 exception(s):
2024-10-09 00:14:10,339 [s3@group-9FC63B188219-LeaderElection21] INFO  impl.LeaderElection (LeaderElection.java:logAndReturn(94)) -   Response 0: s3<-s1#0:OK-t2
2024-10-09 00:14:10,339 [s3@group-9FC63B188219-LeaderElection21] INFO  impl.LeaderElection (LogUtils.java:infoOrTrace(136)) -   Exception 1: java.util.concurrent.ExecutionException: java.io.IOException: The peer s4 is not alive.
2024-10-09 00:14:10,339 [s3@group-9FC63B188219-LeaderElection21] INFO  impl.LeaderElection (LogUtils.java:infoOrTrace(136)) -   Exception 2: java.util.concurrent.ExecutionException: java.io.IOException: The peer s2 is not alive.
2024-10-09 00:14:10,339 [s3@group-9FC63B188219-LeaderElection21] INFO  impl.LeaderElection (LeaderElection.java:askForVotes(339)) - s3@group-9FC63B188219-LeaderElection21 PRE_VOTE round 25: result TIMEOUT
2024-10-09 00:14:10,339 [s3@group-9FC63B188219-LeaderElection21] INFO  impl.LeaderElection (LeaderElection.java:askForVotes(337)) - s3@group-9FC63B188219-LeaderElection21 PRE_VOTE round 26: submit vote requests at term 2 for conf: {index: 1, cur=peers:[s3|localhost:15172, s4|localhost:15176, s0|localhost:15160, s1|localhost:15164, s2|localhost:15168]|listeners:[], old=null}
2024-10-09 00:14:10,339 [HandlerDaemon-2] INFO  server.RaftServer$Division (RaftServerImpl.java:requestVote(1443)) - s1@group-9FC63B188219: receive requestVote(PRE_VOTE, s3, group-9FC63B188219, 2, (t:2, i:2))
2024-10-09 00:14:10,339 [s3@group-9FC63B188219-LeaderElection21] INFO  impl.LeaderElection (LogUtils.java:infoOrTrace(136)) - s3@group-9FC63B188219-LeaderElection21 got exception when requesting votes: java.util.concurrent.ExecutionException: java.io.IOException: The peer s4 is not alive.
2024-10-09 00:14:10,339 [HandlerDaemon-2] INFO  impl.VoteContext (VoteContext.java:log(49)) - s1@group-9FC63B188219-CANDIDATE: accept PRE_VOTE from s3: our priority 0 <= candidate's priority 0
2024-10-09 00:14:10,339 [s3@group-9FC63B188219-LeaderElection21] INFO  impl.LeaderElection (LogUtils.java:infoOrTrace(136)) - s3@group-9FC63B188219-LeaderElection21 got exception when requesting votes: java.util.concurrent.ExecutionException: java.io.IOException: The peer s2 is not alive.
2024-10-09 00:14:10,340 [HandlerDaemon-2] INFO  server.RaftServer$Division (RaftServerImpl.java:requestVote(1476)) - s1@group-9FC63B188219 replies to PRE_VOTE vote request: s3<-s1#0:OK-t2. Peer's state: s1@group-9FC63B188219:t2, leader=null, voted=s2, raftlog=Memoized:s1@group-9FC63B188219-SegmentedRaftLog:OPENED:c2:last(t:2, i:2), conf=conf: {index: 1, cur=peers:[s3|localhost:15172, s4|localhost:15176, s0|localhost:15160, s1|localhost:15164, s2|localhost:15168]|listeners:[], old=null}
2024-10-09 00:14:10,352 [main] WARN  ratis.RaftTestUtil (RaftTestUtil.java:lambda$waitForLeader$3(126)) - Attempt #21 failed: java.lang.IllegalStateException: No leader yet : printing ALL groups
  s3:  RUNNING CANDIDATE s3@group-9FC63B188219:t2, leader=null, voted=s2, raftlog=Memoized:s3@group-9FC63B188219-SegmentedRaftLog:OPENED:c2:last(t:2, i:2), conf=conf: {index: 1, cur=peers:[s3|localhost:15172, s4|localhost:15176, s0|localhost:15160, s1|localhost:15164, s2|localhost:15168]|listeners:[], old=null} RUNNING
  s4:   CLOSED    LEADER s4@group-9FC63B188219:t1, leader=s4, voted=s4, raftlog=Memoized:s4@group-9FC63B188219-SegmentedRaftLog:CLOSED:c0, conf=conf: {index: 0, cur=peers:[s3|localhost:15172, s4|localhost:15176, s0|localhost:15160, s1|localhost:15164, s2|localhost:15168]|listeners:[], old=null} CLOSED
  s0:  RUNNING  FOLLOWER s0@group-9FC63B188219:t1, leader=null, voted=null, raftlog=Memoized:s0@group-9FC63B188219-SegmentedRaftLog:OPENED:c-1:lastnull, conf=conf: {index: -1, cur=peers:[s3|localhost:15172, s4|localhost:15176, s0|localhost:15160, s1|localhost:15164, s2|localhost:15168]|listeners:[], old=null} RUNNING
  s1:  RUNNING CANDIDATE s1@group-9FC63B188219:t2, leader=null, voted=s2, raftlog=Memoized:s1@group-9FC63B188219-SegmentedRaftLog:OPENED:c2:last(t:2, i:2), conf=conf: {index: 1, cur=peers:[s3|localhost:15172, s4|localhost:15176, s0|localhost:15160, s1|localhost:15164, s2|localhost:15168]|listeners:[], old=null} RUNNING
  s2:   CLOSED    LEADER s2@group-9FC63B188219:t2, leader=s2, voted=s2, raftlog=Memoized:s2@group-9FC63B188219-SegmentedRaftLog:CLOSED:c2, conf=conf: {index: 1, cur=peers:[s3|localhost:15172, s4|localhost:15176, s0|localhost:15160, s1|localhost:15164, s2|localhost:15168]|listeners:[], old=null} CLOSED
2024-10-09 00:14:10,388 [s1@group-9FC63B188219-LeaderElection20] INFO  impl.LeaderElection (LeaderElection.java:logAndReturn(90)) - s1@group-9FC63B188219-LeaderElection20: PRE_VOTE TIMEOUT received 1 response(s) and 2 exception(s):
2024-10-09 00:14:10,388 [s1@group-9FC63B188219-LeaderElection20] INFO  impl.LeaderElection (LeaderElection.java:logAndReturn(94)) -   Response 0: s1<-s3#0:OK-t2
2024-10-09 00:14:10,388 [s1@group-9FC63B188219-LeaderElection20] INFO  impl.LeaderElection (LogUtils.java:infoOrTrace(136)) -   Exception 1: java.util.concurrent.ExecutionException: java.io.IOException: The peer s4 is not alive.
2024-10-09 00:14:10,388 [s1@group-9FC63B188219-LeaderElection20] INFO  impl.LeaderElection (LogUtils.java:infoOrTrace(136)) -   Exception 2: java.util.concurrent.ExecutionException: java.io.IOException: The peer s2 is not alive.
2024-10-09 00:14:10,388 [s1@group-9FC63B188219-LeaderElection20] INFO  impl.LeaderElection (LeaderElection.java:askForVotes(339)) - s1@group-9FC63B188219-LeaderElection20 PRE_VOTE round 39: result TIMEOUT
2024-10-09 00:14:10,388 [s1@group-9FC63B188219-LeaderElection20] INFO  impl.LeaderElection (LeaderElection.java:askForVotes(337)) - s1@group-9FC63B188219-LeaderElection20 PRE_VOTE round 40: submit vote requests at term 2 for conf: {index: 1, cur=peers:[s3|localhost:15172, s4|localhost:15176, s0|localhost:15160, s1|localhost:15164, s2|localhost:15168]|listeners:[], old=null}
2024-10-09 00:14:10,389 [HandlerDaemon-1] INFO  server.RaftServer$Division (RaftServerImpl.java:requestVote(1443)) - s3@group-9FC63B188219: receive requestVote(PRE_VOTE, s1, group-9FC63B188219, 2, (t:2, i:2))
2024-10-09 00:14:10,389 [HandlerDaemon-1] INFO  impl.VoteContext (VoteContext.java:log(49)) - s3@group-9FC63B188219-CANDIDATE: accept PRE_VOTE from s1: our priority 0 <= candidate's priority 0
2024-10-09 00:14:10,389 [s1@group-9FC63B188219-LeaderElection20] INFO  impl.LeaderElection (LogUtils.java:infoOrTrace(136)) - s1@group-9FC63B188219-LeaderElection20 got exception when requesting votes: java.util.concurrent.ExecutionException: java.io.IOException: The peer s4 is not alive.
2024-10-09 00:14:10,389 [HandlerDaemon-1] INFO  server.RaftServer$Division (RaftServerImpl.java:requestVote(1476)) - s3@group-9FC63B188219 replies to PRE_VOTE vote request: s1<-s3#0:OK-t2. Peer's state: s3@group-9FC63B188219:t2, leader=null, voted=s2, raftlog=Memoized:s3@group-9FC63B188219-SegmentedRaftLog:OPENED:c2:last(t:2, i:2), conf=conf: {index: 1, cur=peers:[s3|localhost:15172, s4|localhost:15176, s0|localhost:15160, s1|localhost:15164, s2|localhost:15168]|listeners:[], old=null}
2024-10-09 00:14:10,389 [s1@group-9FC63B188219-LeaderElection20] INFO  impl.LeaderElection (LogUtils.java:infoOrTrace(136)) - s1@group-9FC63B188219-LeaderElection20 got exception when requesting votes: java.util.concurrent.ExecutionException: java.io.IOException: The peer s2 is not alive.
2024-10-09 00:14:10,545 [s3@group-9FC63B188219-LeaderElection21] INFO  impl.LeaderElection (LeaderElection.java:logAndReturn(90)) - s3@group-9FC63B188219-LeaderElection21: PRE_VOTE TIMEOUT received 1 response(s) and 2 exception(s):
2024-10-09 00:14:10,545 [s3@group-9FC63B188219-LeaderElection21] INFO  impl.LeaderElection (LeaderElection.java:logAndReturn(94)) -   Response 0: s3<-s1#0:OK-t2
2024-10-09 00:14:10,546 [s3@group-9FC63B188219-LeaderElection21] INFO  impl.LeaderElection (LogUtils.java:infoOrTrace(136)) -   Exception 1: java.util.concurrent.ExecutionException: java.io.IOException: The peer s4 is not alive.
2024-10-09 00:14:10,546 [s3@group-9FC63B188219-LeaderElection21] INFO  impl.LeaderElection (LogUtils.java:infoOrTrace(136)) -   Exception 2: java.util.concurrent.ExecutionException: java.io.IOException: The peer s2 is not alive.
2024-10-09 00:14:10,546 [s3@group-9FC63B188219-LeaderElection21] INFO  impl.LeaderElection (LeaderElection.java:askForVotes(339)) - s3@group-9FC63B188219-LeaderElection21 PRE_VOTE round 26: result TIMEOUT
2024-10-09 00:14:10,546 [s3@group-9FC63B188219-LeaderElection21] INFO  impl.LeaderElection (LeaderElection.java:askForVotes(337)) - s3@group-9FC63B188219-LeaderElection21 PRE_VOTE round 27: submit vote requests at term 2 for conf: {index: 1, cur=peers:[s3|localhost:15172, s4|localhost:15176, s0|localhost:15160, s1|localhost:15164, s2|localhost:15168]|listeners:[], old=null}
2024-10-09 00:14:10,546 [HandlerDaemon-0] INFO  server.RaftServer$Division (RaftServerImpl.java:requestVote(1443)) - s1@group-9FC63B188219: receive requestVote(PRE_VOTE, s3, group-9FC63B188219, 2, (t:2, i:2))
2024-10-09 00:14:10,546 [HandlerDaemon-0] INFO  impl.VoteContext (VoteContext.java:log(49)) - s1@group-9FC63B188219-CANDIDATE: accept PRE_VOTE from s3: our priority 0 <= candidate's priority 0
2024-10-09 00:14:10,546 [s3@group-9FC63B188219-LeaderElection21] INFO  impl.LeaderElection (LogUtils.java:infoOrTrace(136)) - s3@group-9FC63B188219-LeaderElection21 got exception when requesting votes: java.util.concurrent.ExecutionException: java.io.IOException: The peer s4 is not alive.
2024-10-09 00:14:10,546 [HandlerDaemon-0] INFO  server.RaftServer$Division (RaftServerImpl.java:requestVote(1476)) - s1@group-9FC63B188219 replies to PRE_VOTE vote request: s3<-s1#0:OK-t2. Peer's state: s1@group-9FC63B188219:t2, leader=null, voted=s2, raftlog=Memoized:s1@group-9FC63B188219-SegmentedRaftLog:OPENED:c2:last(t:2, i:2), conf=conf: {index: 1, cur=peers:[s3|localhost:15172, s4|localhost:15176, s0|localhost:15160, s1|localhost:15164, s2|localhost:15168]|listeners:[], old=null}
2024-10-09 00:14:10,547 [s3@group-9FC63B188219-LeaderElection21] INFO  impl.LeaderElection (LogUtils.java:infoOrTrace(136)) - s3@group-9FC63B188219-LeaderElection21 got exception when requesting votes: java.util.concurrent.ExecutionException: java.io.IOException: The peer s2 is not alive.
2024-10-09 00:14:10,627 [s1@group-9FC63B188219-LeaderElection20] INFO  impl.LeaderElection (LeaderElection.java:logAndReturn(90)) - s1@group-9FC63B188219-LeaderElection20: PRE_VOTE TIMEOUT received 1 response(s) and 2 exception(s):
2024-10-09 00:14:10,627 [s1@group-9FC63B188219-LeaderElection20] INFO  impl.LeaderElection (LeaderElection.java:logAndReturn(94)) -   Response 0: s1<-s3#0:OK-t2
2024-10-09 00:14:10,627 [s1@group-9FC63B188219-LeaderElection20] INFO  impl.LeaderElection (LogUtils.java:infoOrTrace(136)) -   Exception 1: java.util.concurrent.ExecutionException: java.io.IOException: The peer s4 is not alive.
2024-10-09 00:14:10,627 [s1@group-9FC63B188219-LeaderElection20] INFO  impl.LeaderElection (LogUtils.java:infoOrTrace(136)) -   Exception 2: java.util.concurrent.ExecutionException: java.io.IOException: The peer s2 is not alive.
2024-10-09 00:14:10,627 [s1@group-9FC63B188219-LeaderElection20] INFO  impl.LeaderElection (LeaderElection.java:askForVotes(339)) - s1@group-9FC63B188219-LeaderElection20 PRE_VOTE round 40: result TIMEOUT
2024-10-09 00:14:10,627 [s1@group-9FC63B188219-LeaderElection20] INFO  impl.LeaderElection (LeaderElection.java:askForVotes(337)) - s1@group-9FC63B188219-LeaderElection20 PRE_VOTE round 41: submit vote requests at term 2 for conf: {index: 1, cur=peers:[s3|localhost:15172, s4|localhost:15176, s0|localhost:15160, s1|localhost:15164, s2|localhost:15168]|listeners:[], old=null}
2024-10-09 00:14:10,628 [HandlerDaemon-2] INFO  server.RaftServer$Division (RaftServerImpl.java:requestVote(1443)) - s3@group-9FC63B188219: receive requestVote(PRE_VOTE, s1, group-9FC63B188219, 2, (t:2, i:2))
2024-10-09 00:14:10,628 [HandlerDaemon-2] INFO  impl.VoteContext (VoteContext.java:log(49)) - s3@group-9FC63B188219-CANDIDATE: accept PRE_VOTE from s1: our priority 0 <= candidate's priority 0
2024-10-09 00:14:10,628 [s1@group-9FC63B188219-LeaderElection20] INFO  impl.LeaderElection (LogUtils.java:infoOrTrace(136)) - s1@group-9FC63B188219-LeaderElection20 got exception when requesting votes: java.util.concurrent.ExecutionException: java.io.IOException: The peer s4 is not alive.
2024-10-09 00:14:10,628 [HandlerDaemon-2] INFO  server.RaftServer$Division (RaftServerImpl.java:requestVote(1476)) - s3@group-9FC63B188219 replies to PRE_VOTE vote request: s1<-s3#0:OK-t2. Peer's state: s3@group-9FC63B188219:t2, leader=null, voted=s2, raftlog=Memoized:s3@group-9FC63B188219-SegmentedRaftLog:OPENED:c2:last(t:2, i:2), conf=conf: {index: 1, cur=peers:[s3|localhost:15172, s4|localhost:15176, s0|localhost:15160, s1|localhost:15164, s2|localhost:15168]|listeners:[], old=null}
2024-10-09 00:14:10,628 [s1@group-9FC63B188219-LeaderElection20] INFO  impl.LeaderElection (LogUtils.java:infoOrTrace(136)) - s1@group-9FC63B188219-LeaderElection20 got exception when requesting votes: java.util.concurrent.ExecutionException: java.io.IOException: The peer s2 is not alive.
2024-10-09 00:14:10,802 [main] WARN  ratis.RaftTestUtil (RaftTestUtil.java:lambda$waitForLeader$3(126)) - Attempt #22 failed: java.lang.IllegalStateException: No leader yet : printing ALL groups
  s3:  RUNNING CANDIDATE s3@group-9FC63B188219:t2, leader=null, voted=s2, raftlog=Memoized:s3@group-9FC63B188219-SegmentedRaftLog:OPENED:c2:last(t:2, i:2), conf=conf: {index: 1, cur=peers:[s3|localhost:15172, s4|localhost:15176, s0|localhost:15160, s1|localhost:15164, s2|localhost:15168]|listeners:[], old=null} RUNNING
  s4:   CLOSED    LEADER s4@group-9FC63B188219:t1, leader=s4, voted=s4, raftlog=Memoized:s4@group-9FC63B188219-SegmentedRaftLog:CLOSED:c0, conf=conf: {index: 0, cur=peers:[s3|localhost:15172, s4|localhost:15176, s0|localhost:15160, s1|localhost:15164, s2|localhost:15168]|listeners:[], old=null} CLOSED
  s0:  RUNNING  FOLLOWER s0@group-9FC63B188219:t1, leader=null, voted=null, raftlog=Memoized:s0@group-9FC63B188219-SegmentedRaftLog:OPENED:c-1:lastnull, conf=conf: {index: -1, cur=peers:[s3|localhost:15172, s4|localhost:15176, s0|localhost:15160, s1|localhost:15164, s2|localhost:15168]|listeners:[], old=null} RUNNING
  s1:  RUNNING CANDIDATE s1@group-9FC63B188219:t2, leader=null, voted=s2, raftlog=Memoized:s1@group-9FC63B188219-SegmentedRaftLog:OPENED:c2:last(t:2, i:2), conf=conf: {index: 1, cur=peers:[s3|localhost:15172, s4|localhost:15176, s0|localhost:15160, s1|localhost:15164, s2|localhost:15168]|listeners:[], old=null} RUNNING
  s2:   CLOSED    LEADER s2@group-9FC63B188219:t2, leader=s2, voted=s2, raftlog=Memoized:s2@group-9FC63B188219-SegmentedRaftLog:CLOSED:c2, conf=conf: {index: 1, cur=peers:[s3|localhost:15172, s4|localhost:15176, s0|localhost:15160, s1|localhost:15164, s2|localhost:15168]|listeners:[], old=null} CLOSED
2024-10-09 00:14:10,838 [s1@group-9FC63B188219-LeaderElection20] INFO  impl.LeaderElection (LeaderElection.java:logAndReturn(90)) - s1@group-9FC63B188219-LeaderElection20: PRE_VOTE TIMEOUT received 1 response(s) and 2 exception(s):
2024-10-09 00:14:10,838 [s1@group-9FC63B188219-LeaderElection20] INFO  impl.LeaderElection (LeaderElection.java:logAndReturn(94)) -   Response 0: s1<-s3#0:OK-t2
2024-10-09 00:14:10,838 [s1@group-9FC63B188219-LeaderElection20] INFO  impl.LeaderElection (LogUtils.java:infoOrTrace(136)) -   Exception 1: java.util.concurrent.ExecutionException: java.io.IOException: The peer s4 is not alive.
2024-10-09 00:14:10,838 [s1@group-9FC63B188219-LeaderElection20] INFO  impl.LeaderElection (LogUtils.java:infoOrTrace(136)) -   Exception 2: java.util.concurrent.ExecutionException: java.io.IOException: The peer s2 is not alive.
2024-10-09 00:14:10,838 [s1@group-9FC63B188219-LeaderElection20] INFO  impl.LeaderElection (LeaderElection.java:askForVotes(339)) - s1@group-9FC63B188219-LeaderElection20 PRE_VOTE round 41: result TIMEOUT
2024-10-09 00:14:10,838 [s1@group-9FC63B188219-LeaderElection20] INFO  impl.LeaderElection (LeaderElection.java:askForVotes(337)) - s1@group-9FC63B188219-LeaderElection20 PRE_VOTE round 42: submit vote requests at term 2 for conf: {index: 1, cur=peers:[s3|localhost:15172, s4|localhost:15176, s0|localhost:15160, s1|localhost:15164, s2|localhost:15168]|listeners:[], old=null}
2024-10-09 00:14:10,838 [s3@group-9FC63B188219-LeaderElection21] INFO  impl.LeaderElection (LeaderElection.java:logAndReturn(90)) - s3@group-9FC63B188219-LeaderElection21: PRE_VOTE TIMEOUT received 1 response(s) and 2 exception(s):
2024-10-09 00:14:10,839 [s3@group-9FC63B188219-LeaderElection21] INFO  impl.LeaderElection (LeaderElection.java:logAndReturn(94)) -   Response 0: s3<-s1#0:OK-t2
2024-10-09 00:14:10,839 [s3@group-9FC63B188219-LeaderElection21] INFO  impl.LeaderElection (LogUtils.java:infoOrTrace(136)) -   Exception 1: java.util.concurrent.ExecutionException: java.io.IOException: The peer s4 is not alive.
2024-10-09 00:14:10,839 [s3@group-9FC63B188219-LeaderElection21] INFO  impl.LeaderElection (LogUtils.java:infoOrTrace(136)) -   Exception 2: java.util.concurrent.ExecutionException: java.io.IOException: The peer s2 is not alive.
2024-10-09 00:14:10,839 [HandlerDaemon-0] INFO  server.RaftServer$Division (RaftServerImpl.java:requestVote(1443)) - s3@group-9FC63B188219: receive requestVote(PRE_VOTE, s1, group-9FC63B188219, 2, (t:2, i:2))
2024-10-09 00:14:10,839 [HandlerDaemon-0] INFO  impl.VoteContext (VoteContext.java:log(49)) - s3@group-9FC63B188219-CANDIDATE: accept PRE_VOTE from s1: our priority 0 <= candidate's priority 0
2024-10-09 00:14:10,839 [HandlerDaemon-0] INFO  server.RaftServer$Division (RaftServerImpl.java:requestVote(1476)) - s3@group-9FC63B188219 replies to PRE_VOTE vote request: s1<-s3#0:OK-t2. Peer's state: s3@group-9FC63B188219:t2, leader=null, voted=s2, raftlog=Memoized:s3@group-9FC63B188219-SegmentedRaftLog:OPENED:c2:last(t:2, i:2), conf=conf: {index: 1, cur=peers:[s3|localhost:15172, s4|localhost:15176, s0|localhost:15160, s1|localhost:15164, s2|localhost:15168]|listeners:[], old=null}
2024-10-09 00:14:10,839 [s1@group-9FC63B188219-LeaderElection20] INFO  impl.LeaderElection (LogUtils.java:infoOrTrace(136)) - s1@group-9FC63B188219-LeaderElection20 got exception when requesting votes: java.util.concurrent.ExecutionException: java.io.IOException: The peer s4 is not alive.
2024-10-09 00:14:10,839 [s3@group-9FC63B188219-LeaderElection21] INFO  impl.LeaderElection (LeaderElection.java:askForVotes(339)) - s3@group-9FC63B188219-LeaderElection21 PRE_VOTE round 27: result TIMEOUT
2024-10-09 00:14:10,839 [s3@group-9FC63B188219-LeaderElection21] INFO  impl.LeaderElection (LeaderElection.java:askForVotes(337)) - s3@group-9FC63B188219-LeaderElection21 PRE_VOTE round 28: submit vote requests at term 2 for conf: {index: 1, cur=peers:[s3|localhost:15172, s4|localhost:15176, s0|localhost:15160, s1|localhost:15164, s2|localhost:15168]|listeners:[], old=null}
2024-10-09 00:14:10,839 [s1@group-9FC63B188219-LeaderElection20] INFO  impl.LeaderElection (LogUtils.java:infoOrTrace(136)) - s1@group-9FC63B188219-LeaderElection20 got exception when requesting votes: java.util.concurrent.ExecutionException: java.io.IOException: The peer s2 is not alive.
2024-10-09 00:14:10,840 [HandlerDaemon-1] INFO  server.RaftServer$Division (RaftServerImpl.java:requestVote(1443)) - s1@group-9FC63B188219: receive requestVote(PRE_VOTE, s3, group-9FC63B188219, 2, (t:2, i:2))
2024-10-09 00:14:10,840 [HandlerDaemon-1] INFO  impl.VoteContext (VoteContext.java:log(49)) - s1@group-9FC63B188219-CANDIDATE: accept PRE_VOTE from s3: our priority 0 <= candidate's priority 0
2024-10-09 00:14:10,840 [s3@group-9FC63B188219-LeaderElection21] INFO  impl.LeaderElection (LogUtils.java:infoOrTrace(136)) - s3@group-9FC63B188219-LeaderElection21 got exception when requesting votes: java.util.concurrent.ExecutionException: java.io.IOException: The peer s4 is not alive.
2024-10-09 00:14:10,840 [HandlerDaemon-1] INFO  server.RaftServer$Division (RaftServerImpl.java:requestVote(1476)) - s1@group-9FC63B188219 replies to PRE_VOTE vote request: s3<-s1#0:OK-t2. Peer's state: s1@group-9FC63B188219:t2, leader=null, voted=s2, raftlog=Memoized:s1@group-9FC63B188219-SegmentedRaftLog:OPENED:c2:last(t:2, i:2), conf=conf: {index: 1, cur=peers:[s3|localhost:15172, s4|localhost:15176, s0|localhost:15160, s1|localhost:15164, s2|localhost:15168]|listeners:[], old=null}
2024-10-09 00:14:10,840 [s3@group-9FC63B188219-LeaderElection21] INFO  impl.LeaderElection (LogUtils.java:infoOrTrace(136)) - s3@group-9FC63B188219-LeaderElection21 got exception when requesting votes: java.util.concurrent.ExecutionException: java.io.IOException: The peer s2 is not alive.
2024-10-09 00:14:11,049 [s1@group-9FC63B188219-LeaderElection20] INFO  impl.LeaderElection (LeaderElection.java:logAndReturn(90)) - s1@group-9FC63B188219-LeaderElection20: PRE_VOTE TIMEOUT received 1 response(s) and 2 exception(s):
2024-10-09 00:14:11,049 [s1@group-9FC63B188219-LeaderElection20] INFO  impl.LeaderElection (LeaderElection.java:logAndReturn(94)) -   Response 0: s1<-s3#0:OK-t2
2024-10-09 00:14:11,049 [s1@group-9FC63B188219-LeaderElection20] INFO  impl.LeaderElection (LogUtils.java:infoOrTrace(136)) -   Exception 1: java.util.concurrent.ExecutionException: java.io.IOException: The peer s4 is not alive.
2024-10-09 00:14:11,049 [s1@group-9FC63B188219-LeaderElection20] INFO  impl.LeaderElection (LogUtils.java:infoOrTrace(136)) -   Exception 2: java.util.concurrent.ExecutionException: java.io.IOException: The peer s2 is not alive.
2024-10-09 00:14:11,049 [s1@group-9FC63B188219-LeaderElection20] INFO  impl.LeaderElection (LeaderElection.java:askForVotes(339)) - s1@group-9FC63B188219-LeaderElection20 PRE_VOTE round 42: result TIMEOUT
2024-10-09 00:14:11,049 [s1@group-9FC63B188219-LeaderElection20] INFO  impl.LeaderElection (LeaderElection.java:askForVotes(337)) - s1@group-9FC63B188219-LeaderElection20 PRE_VOTE round 43: submit vote requests at term 2 for conf: {index: 1, cur=peers:[s3|localhost:15172, s4|localhost:15176, s0|localhost:15160, s1|localhost:15164, s2|localhost:15168]|listeners:[], old=null}
2024-10-09 00:14:11,050 [HandlerDaemon-1] INFO  server.RaftServer$Division (RaftServerImpl.java:requestVote(1443)) - s3@group-9FC63B188219: receive requestVote(PRE_VOTE, s1, group-9FC63B188219, 2, (t:2, i:2))
2024-10-09 00:14:11,050 [HandlerDaemon-1] INFO  impl.VoteContext (VoteContext.java:log(49)) - s3@group-9FC63B188219-CANDIDATE: accept PRE_VOTE from s1: our priority 0 <= candidate's priority 0
2024-10-09 00:14:11,050 [s1@group-9FC63B188219-LeaderElection20] INFO  impl.LeaderElection (LogUtils.java:infoOrTrace(136)) - s1@group-9FC63B188219-LeaderElection20 got exception when requesting votes: java.util.concurrent.ExecutionException: java.io.IOException: The peer s4 is not alive.
2024-10-09 00:14:11,050 [HandlerDaemon-1] INFO  server.RaftServer$Division (RaftServerImpl.java:requestVote(1476)) - s3@group-9FC63B188219 replies to PRE_VOTE vote request: s1<-s3#0:OK-t2. Peer's state: s3@group-9FC63B188219:t2, leader=null, voted=s2, raftlog=Memoized:s3@group-9FC63B188219-SegmentedRaftLog:OPENED:c2:last(t:2, i:2), conf=conf: {index: 1, cur=peers:[s3|localhost:15172, s4|localhost:15176, s0|localhost:15160, s1|localhost:15164, s2|localhost:15168]|listeners:[], old=null}
2024-10-09 00:14:11,050 [s1@group-9FC63B188219-LeaderElection20] INFO  impl.LeaderElection (LogUtils.java:infoOrTrace(136)) - s1@group-9FC63B188219-LeaderElection20 got exception when requesting votes: java.util.concurrent.ExecutionException: java.io.IOException: The peer s2 is not alive.
2024-10-09 00:14:11,085 [s3@group-9FC63B188219-LeaderElection21] INFO  impl.LeaderElection (LeaderElection.java:logAndReturn(90)) - s3@group-9FC63B188219-LeaderElection21: PRE_VOTE TIMEOUT received 1 response(s) and 2 exception(s):
2024-10-09 00:14:11,085 [s3@group-9FC63B188219-LeaderElection21] INFO  impl.LeaderElection (LeaderElection.java:logAndReturn(94)) -   Response 0: s3<-s1#0:OK-t2
2024-10-09 00:14:11,085 [s3@group-9FC63B188219-LeaderElection21] INFO  impl.LeaderElection (LogUtils.java:infoOrTrace(136)) -   Exception 1: java.util.concurrent.ExecutionException: java.io.IOException: The peer s4 is not alive.
2024-10-09 00:14:11,085 [s3@group-9FC63B188219-LeaderElection21] INFO  impl.LeaderElection (LogUtils.java:infoOrTrace(136)) -   Exception 2: java.util.concurrent.ExecutionException: java.io.IOException: The peer s2 is not alive.
2024-10-09 00:14:11,085 [s3@group-9FC63B188219-LeaderElection21] INFO  impl.LeaderElection (LeaderElection.java:askForVotes(339)) - s3@group-9FC63B188219-LeaderElection21 PRE_VOTE round 28: result TIMEOUT
2024-10-09 00:14:11,085 [s3@group-9FC63B188219-LeaderElection21] INFO  impl.LeaderElection (LeaderElection.java:askForVotes(337)) - s3@group-9FC63B188219-LeaderElection21 PRE_VOTE round 29: submit vote requests at term 2 for conf: {index: 1, cur=peers:[s3|localhost:15172, s4|localhost:15176, s0|localhost:15160, s1|localhost:15164, s2|localhost:15168]|listeners:[], old=null}
2024-10-09 00:14:11,086 [HandlerDaemon-2] INFO  server.RaftServer$Division (RaftServerImpl.java:requestVote(1443)) - s1@group-9FC63B188219: receive requestVote(PRE_VOTE, s3, group-9FC63B188219, 2, (t:2, i:2))
2024-10-09 00:14:11,086 [s3@group-9FC63B188219-LeaderElection21] INFO  impl.LeaderElection (LogUtils.java:infoOrTrace(136)) - s3@group-9FC63B188219-LeaderElection21 got exception when requesting votes: java.util.concurrent.ExecutionException: java.io.IOException: The peer s4 is not alive.
2024-10-09 00:14:11,086 [HandlerDaemon-2] INFO  impl.VoteContext (VoteContext.java:log(49)) - s1@group-9FC63B188219-CANDIDATE: accept PRE_VOTE from s3: our priority 0 <= candidate's priority 0
2024-10-09 00:14:11,086 [s3@group-9FC63B188219-LeaderElection21] INFO  impl.LeaderElection (LogUtils.java:infoOrTrace(136)) - s3@group-9FC63B188219-LeaderElection21 got exception when requesting votes: java.util.concurrent.ExecutionException: java.io.IOException: The peer s2 is not alive.
2024-10-09 00:14:11,086 [HandlerDaemon-2] INFO  server.RaftServer$Division (RaftServerImpl.java:requestVote(1476)) - s1@group-9FC63B188219 replies to PRE_VOTE vote request: s3<-s1#0:OK-t2. Peer's state: s1@group-9FC63B188219:t2, leader=null, voted=s2, raftlog=Memoized:s1@group-9FC63B188219-SegmentedRaftLog:OPENED:c2:last(t:2, i:2), conf=conf: {index: 1, cur=peers:[s3|localhost:15172, s4|localhost:15176, s0|localhost:15160, s1|localhost:15164, s2|localhost:15168]|listeners:[], old=null}
2024-10-09 00:14:11,232 [s1@group-9FC63B188219-LeaderElection20] INFO  impl.LeaderElection (LeaderElection.java:logAndReturn(90)) - s1@group-9FC63B188219-LeaderElection20: PRE_VOTE TIMEOUT received 1 response(s) and 2 exception(s):
2024-10-09 00:14:11,232 [s1@group-9FC63B188219-LeaderElection20] INFO  impl.LeaderElection (LeaderElection.java:logAndReturn(94)) -   Response 0: s1<-s3#0:OK-t2
2024-10-09 00:14:11,232 [s1@group-9FC63B188219-LeaderElection20] INFO  impl.LeaderElection (LogUtils.java:infoOrTrace(136)) -   Exception 1: java.util.concurrent.ExecutionException: java.io.IOException: The peer s4 is not alive.
2024-10-09 00:14:11,232 [s1@group-9FC63B188219-LeaderElection20] INFO  impl.LeaderElection (LogUtils.java:infoOrTrace(136)) -   Exception 2: java.util.concurrent.ExecutionException: java.io.IOException: The peer s2 is not alive.
2024-10-09 00:14:11,232 [s1@group-9FC63B188219-LeaderElection20] INFO  impl.LeaderElection (LeaderElection.java:askForVotes(339)) - s1@group-9FC63B188219-LeaderElection20 PRE_VOTE round 43: result TIMEOUT
2024-10-09 00:14:11,232 [s1@group-9FC63B188219-LeaderElection20] INFO  impl.LeaderElection (LeaderElection.java:askForVotes(337)) - s1@group-9FC63B188219-LeaderElection20 PRE_VOTE round 44: submit vote requests at term 2 for conf: {index: 1, cur=peers:[s3|localhost:15172, s4|localhost:15176, s0|localhost:15160, s1|localhost:15164, s2|localhost:15168]|listeners:[], old=null}
2024-10-09 00:14:11,233 [HandlerDaemon-2] INFO  server.RaftServer$Division (RaftServerImpl.java:requestVote(1443)) - s3@group-9FC63B188219: receive requestVote(PRE_VOTE, s1, group-9FC63B188219, 2, (t:2, i:2))
2024-10-09 00:14:11,233 [HandlerDaemon-2] INFO  impl.VoteContext (VoteContext.java:log(49)) - s3@group-9FC63B188219-CANDIDATE: accept PRE_VOTE from s1: our priority 0 <= candidate's priority 0
2024-10-09 00:14:11,233 [s1@group-9FC63B188219-LeaderElection20] INFO  impl.LeaderElection (LogUtils.java:infoOrTrace(136)) - s1@group-9FC63B188219-LeaderElection20 got exception when requesting votes: java.util.concurrent.ExecutionException: java.io.IOException: The peer s4 is not alive.
2024-10-09 00:14:11,233 [HandlerDaemon-2] INFO  server.RaftServer$Division (RaftServerImpl.java:requestVote(1476)) - s3@group-9FC63B188219 replies to PRE_VOTE vote request: s1<-s3#0:OK-t2. Peer's state: s3@group-9FC63B188219:t2, leader=null, voted=s2, raftlog=Memoized:s3@group-9FC63B188219-SegmentedRaftLog:OPENED:c2:last(t:2, i:2), conf=conf: {index: 1, cur=peers:[s3|localhost:15172, s4|localhost:15176, s0|localhost:15160, s1|localhost:15164, s2|localhost:15168]|listeners:[], old=null}
2024-10-09 00:14:11,233 [s1@group-9FC63B188219-LeaderElection20] INFO  impl.LeaderElection (LogUtils.java:infoOrTrace(136)) - s1@group-9FC63B188219-LeaderElection20 got exception when requesting votes: java.util.concurrent.ExecutionException: java.io.IOException: The peer s2 is not alive.
2024-10-09 00:14:11,253 [main] WARN  ratis.RaftTestUtil (RaftTestUtil.java:lambda$waitForLeader$3(126)) - Attempt #23 failed: java.lang.IllegalStateException: No leader yet : printing ALL groups
  s3:  RUNNING CANDIDATE s3@group-9FC63B188219:t2, leader=null, voted=s2, raftlog=Memoized:s3@group-9FC63B188219-SegmentedRaftLog:OPENED:c2:last(t:2, i:2), conf=conf: {index: 1, cur=peers:[s3|localhost:15172, s4|localhost:15176, s0|localhost:15160, s1|localhost:15164, s2|localhost:15168]|listeners:[], old=null} RUNNING
  s4:   CLOSED    LEADER s4@group-9FC63B188219:t1, leader=s4, voted=s4, raftlog=Memoized:s4@group-9FC63B188219-SegmentedRaftLog:CLOSED:c0, conf=conf: {index: 0, cur=peers:[s3|localhost:15172, s4|localhost:15176, s0|localhost:15160, s1|localhost:15164, s2|localhost:15168]|listeners:[], old=null} CLOSED
  s0:  RUNNING  FOLLOWER s0@group-9FC63B188219:t1, leader=null, voted=null, raftlog=Memoized:s0@group-9FC63B188219-SegmentedRaftLog:OPENED:c-1:lastnull, conf=conf: {index: -1, cur=peers:[s3|localhost:15172, s4|localhost:15176, s0|localhost:15160, s1|localhost:15164, s2|localhost:15168]|listeners:[], old=null} RUNNING
  s1:  RUNNING CANDIDATE s1@group-9FC63B188219:t2, leader=null, voted=s2, raftlog=Memoized:s1@group-9FC63B188219-SegmentedRaftLog:OPENED:c2:last(t:2, i:2), conf=conf: {index: 1, cur=peers:[s3|localhost:15172, s4|localhost:15176, s0|localhost:15160, s1|localhost:15164, s2|localhost:15168]|listeners:[], old=null} RUNNING
  s2:   CLOSED    LEADER s2@group-9FC63B188219:t2, leader=s2, voted=s2, raftlog=Memoized:s2@group-9FC63B188219-SegmentedRaftLog:CLOSED:c2, conf=conf: {index: 1, cur=peers:[s3|localhost:15172, s4|localhost:15176, s0|localhost:15160, s1|localhost:15164, s2|localhost:15168]|listeners:[], old=null} CLOSED
2024-10-09 00:14:11,291 [s3@group-9FC63B188219-LeaderElection21] INFO  impl.LeaderElection (LeaderElection.java:logAndReturn(90)) - s3@group-9FC63B188219-LeaderElection21: PRE_VOTE TIMEOUT received 1 response(s) and 2 exception(s):
2024-10-09 00:14:11,291 [s3@group-9FC63B188219-LeaderElection21] INFO  impl.LeaderElection (LeaderElection.java:logAndReturn(94)) -   Response 0: s3<-s1#0:OK-t2
2024-10-09 00:14:11,291 [s3@group-9FC63B188219-LeaderElection21] INFO  impl.LeaderElection (LogUtils.java:infoOrTrace(136)) -   Exception 1: java.util.concurrent.ExecutionException: java.io.IOException: The peer s4 is not alive.
2024-10-09 00:14:11,291 [s3@group-9FC63B188219-LeaderElection21] INFO  impl.LeaderElection (LogUtils.java:infoOrTrace(136)) -   Exception 2: java.util.concurrent.ExecutionException: java.io.IOException: The peer s2 is not alive.
2024-10-09 00:14:11,291 [s3@group-9FC63B188219-LeaderElection21] INFO  impl.LeaderElection (LeaderElection.java:askForVotes(339)) - s3@group-9FC63B188219-LeaderElection21 PRE_VOTE round 29: result TIMEOUT
2024-10-09 00:14:11,291 [s3@group-9FC63B188219-LeaderElection21] INFO  impl.LeaderElection (LeaderElection.java:askForVotes(337)) - s3@group-9FC63B188219-LeaderElection21 PRE_VOTE round 30: submit vote requests at term 2 for conf: {index: 1, cur=peers:[s3|localhost:15172, s4|localhost:15176, s0|localhost:15160, s1|localhost:15164, s2|localhost:15168]|listeners:[], old=null}
2024-10-09 00:14:11,291 [HandlerDaemon-0] INFO  server.RaftServer$Division (RaftServerImpl.java:requestVote(1443)) - s1@group-9FC63B188219: receive requestVote(PRE_VOTE, s3, group-9FC63B188219, 2, (t:2, i:2))
2024-10-09 00:14:11,291 [s3@group-9FC63B188219-LeaderElection21] INFO  impl.LeaderElection (LogUtils.java:infoOrTrace(136)) - s3@group-9FC63B188219-LeaderElection21 got exception when requesting votes: java.util.concurrent.ExecutionException: java.io.IOException: The peer s4 is not alive.
2024-10-09 00:14:11,291 [HandlerDaemon-0] INFO  impl.VoteContext (VoteContext.java:log(49)) - s1@group-9FC63B188219-CANDIDATE: accept PRE_VOTE from s3: our priority 0 <= candidate's priority 0
2024-10-09 00:14:11,291 [s3@group-9FC63B188219-LeaderElection21] INFO  impl.LeaderElection (LogUtils.java:infoOrTrace(136)) - s3@group-9FC63B188219-LeaderElection21 got exception when requesting votes: java.util.concurrent.ExecutionException: java.io.IOException: The peer s2 is not alive.
2024-10-09 00:14:11,292 [HandlerDaemon-0] INFO  server.RaftServer$Division (RaftServerImpl.java:requestVote(1476)) - s1@group-9FC63B188219 replies to PRE_VOTE vote request: s3<-s1#0:OK-t2. Peer's state: s1@group-9FC63B188219:t2, leader=null, voted=s2, raftlog=Memoized:s1@group-9FC63B188219-SegmentedRaftLog:OPENED:c2:last(t:2, i:2), conf=conf: {index: 1, cur=peers:[s3|localhost:15172, s4|localhost:15176, s0|localhost:15160, s1|localhost:15164, s2|localhost:15168]|listeners:[], old=null}
2024-10-09 00:14:11,416 [s1@group-9FC63B188219-LeaderElection20] INFO  impl.LeaderElection (LeaderElection.java:logAndReturn(90)) - s1@group-9FC63B188219-LeaderElection20: PRE_VOTE TIMEOUT received 1 response(s) and 2 exception(s):
2024-10-09 00:14:11,416 [s1@group-9FC63B188219-LeaderElection20] INFO  impl.LeaderElection (LeaderElection.java:logAndReturn(94)) -   Response 0: s1<-s3#0:OK-t2
2024-10-09 00:14:11,416 [s1@group-9FC63B188219-LeaderElection20] INFO  impl.LeaderElection (LogUtils.java:infoOrTrace(136)) -   Exception 1: java.util.concurrent.ExecutionException: java.io.IOException: The peer s4 is not alive.
2024-10-09 00:14:11,416 [s1@group-9FC63B188219-LeaderElection20] INFO  impl.LeaderElection (LogUtils.java:infoOrTrace(136)) -   Exception 2: java.util.concurrent.ExecutionException: java.io.IOException: The peer s2 is not alive.
2024-10-09 00:14:11,416 [s1@group-9FC63B188219-LeaderElection20] INFO  impl.LeaderElection (LeaderElection.java:askForVotes(339)) - s1@group-9FC63B188219-LeaderElection20 PRE_VOTE round 44: result TIMEOUT
2024-10-09 00:14:11,416 [s1@group-9FC63B188219-LeaderElection20] INFO  impl.LeaderElection (LeaderElection.java:askForVotes(337)) - s1@group-9FC63B188219-LeaderElection20 PRE_VOTE round 45: submit vote requests at term 2 for conf: {index: 1, cur=peers:[s3|localhost:15172, s4|localhost:15176, s0|localhost:15160, s1|localhost:15164, s2|localhost:15168]|listeners:[], old=null}
2024-10-09 00:14:11,416 [HandlerDaemon-0] INFO  server.RaftServer$Division (RaftServerImpl.java:requestVote(1443)) - s3@group-9FC63B188219: receive requestVote(PRE_VOTE, s1, group-9FC63B188219, 2, (t:2, i:2))
2024-10-09 00:14:11,417 [HandlerDaemon-0] INFO  impl.VoteContext (VoteContext.java:log(49)) - s3@group-9FC63B188219-CANDIDATE: accept PRE_VOTE from s1: our priority 0 <= candidate's priority 0
2024-10-09 00:14:11,417 [s1@group-9FC63B188219-LeaderElection20] INFO  impl.LeaderElection (LogUtils.java:infoOrTrace(136)) - s1@group-9FC63B188219-LeaderElection20 got exception when requesting votes: java.util.concurrent.ExecutionException: java.io.IOException: The peer s4 is not alive.
2024-10-09 00:14:11,417 [HandlerDaemon-0] INFO  server.RaftServer$Division (RaftServerImpl.java:requestVote(1476)) - s3@group-9FC63B188219 replies to PRE_VOTE vote request: s1<-s3#0:OK-t2. Peer's state: s3@group-9FC63B188219:t2, leader=null, voted=s2, raftlog=Memoized:s3@group-9FC63B188219-SegmentedRaftLog:OPENED:c2:last(t:2, i:2), conf=conf: {index: 1, cur=peers:[s3|localhost:15172, s4|localhost:15176, s0|localhost:15160, s1|localhost:15164, s2|localhost:15168]|listeners:[], old=null}
2024-10-09 00:14:11,417 [s1@group-9FC63B188219-LeaderElection20] INFO  impl.LeaderElection (LogUtils.java:infoOrTrace(136)) - s1@group-9FC63B188219-LeaderElection20 got exception when requesting votes: java.util.concurrent.ExecutionException: java.io.IOException: The peer s2 is not alive.
2024-10-09 00:14:11,588 [s3@group-9FC63B188219-LeaderElection21] INFO  impl.LeaderElection (LeaderElection.java:logAndReturn(90)) - s3@group-9FC63B188219-LeaderElection21: PRE_VOTE TIMEOUT received 1 response(s) and 2 exception(s):
2024-10-09 00:14:11,589 [s3@group-9FC63B188219-LeaderElection21] INFO  impl.LeaderElection (LeaderElection.java:logAndReturn(94)) -   Response 0: s3<-s1#0:OK-t2
2024-10-09 00:14:11,589 [s3@group-9FC63B188219-LeaderElection21] INFO  impl.LeaderElection (LogUtils.java:infoOrTrace(136)) -   Exception 1: java.util.concurrent.ExecutionException: java.io.IOException: The peer s4 is not alive.
2024-10-09 00:14:11,589 [s3@group-9FC63B188219-LeaderElection21] INFO  impl.LeaderElection (LogUtils.java:infoOrTrace(136)) -   Exception 2: java.util.concurrent.ExecutionException: java.io.IOException: The peer s2 is not alive.
2024-10-09 00:14:11,589 [s3@group-9FC63B188219-LeaderElection21] INFO  impl.LeaderElection (LeaderElection.java:askForVotes(339)) - s3@group-9FC63B188219-LeaderElection21 PRE_VOTE round 30: result TIMEOUT
2024-10-09 00:14:11,589 [s3@group-9FC63B188219-LeaderElection21] INFO  impl.LeaderElection (LeaderElection.java:askForVotes(337)) - s3@group-9FC63B188219-LeaderElection21 PRE_VOTE round 31: submit vote requests at term 2 for conf: {index: 1, cur=peers:[s3|localhost:15172, s4|localhost:15176, s0|localhost:15160, s1|localhost:15164, s2|localhost:15168]|listeners:[], old=null}
2024-10-09 00:14:11,589 [HandlerDaemon-1] INFO  server.RaftServer$Division (RaftServerImpl.java:requestVote(1443)) - s1@group-9FC63B188219: receive requestVote(PRE_VOTE, s3, group-9FC63B188219, 2, (t:2, i:2))
2024-10-09 00:14:11,589 [s3@group-9FC63B188219-LeaderElection21] INFO  impl.LeaderElection (LogUtils.java:infoOrTrace(136)) - s3@group-9FC63B188219-LeaderElection21 got exception when requesting votes: java.util.concurrent.ExecutionException: java.io.IOException: The peer s4 is not alive.
2024-10-09 00:14:11,589 [HandlerDaemon-1] INFO  impl.VoteContext (VoteContext.java:log(49)) - s1@group-9FC63B188219-CANDIDATE: accept PRE_VOTE from s3: our priority 0 <= candidate's priority 0
2024-10-09 00:14:11,589 [s3@group-9FC63B188219-LeaderElection21] INFO  impl.LeaderElection (LogUtils.java:infoOrTrace(136)) - s3@group-9FC63B188219-LeaderElection21 got exception when requesting votes: java.util.concurrent.ExecutionException: java.io.IOException: The peer s2 is not alive.
2024-10-09 00:14:11,590 [HandlerDaemon-1] INFO  server.RaftServer$Division (RaftServerImpl.java:requestVote(1476)) - s1@group-9FC63B188219 replies to PRE_VOTE vote request: s3<-s1#0:OK-t2. Peer's state: s1@group-9FC63B188219:t2, leader=null, voted=s2, raftlog=Memoized:s1@group-9FC63B188219-SegmentedRaftLog:OPENED:c2:last(t:2, i:2), conf=conf: {index: 1, cur=peers:[s3|localhost:15172, s4|localhost:15176, s0|localhost:15160, s1|localhost:15164, s2|localhost:15168]|listeners:[], old=null}
2024-10-09 00:14:11,703 [main] WARN  ratis.RaftTestUtil (RaftTestUtil.java:lambda$waitForLeader$3(126)) - Attempt #24 failed: java.lang.IllegalStateException: No leader yet : printing ALL groups
  s3:  RUNNING CANDIDATE s3@group-9FC63B188219:t2, leader=null, voted=s2, raftlog=Memoized:s3@group-9FC63B188219-SegmentedRaftLog:OPENED:c2:last(t:2, i:2), conf=conf: {index: 1, cur=peers:[s3|localhost:15172, s4|localhost:15176, s0|localhost:15160, s1|localhost:15164, s2|localhost:15168]|listeners:[], old=null} RUNNING
  s4:   CLOSED    LEADER s4@group-9FC63B188219:t1, leader=s4, voted=s4, raftlog=Memoized:s4@group-9FC63B188219-SegmentedRaftLog:CLOSED:c0, conf=conf: {index: 0, cur=peers:[s3|localhost:15172, s4|localhost:15176, s0|localhost:15160, s1|localhost:15164, s2|localhost:15168]|listeners:[], old=null} CLOSED
  s0:  RUNNING  FOLLOWER s0@group-9FC63B188219:t1, leader=null, voted=null, raftlog=Memoized:s0@group-9FC63B188219-SegmentedRaftLog:OPENED:c-1:lastnull, conf=conf: {index: -1, cur=peers:[s3|localhost:15172, s4|localhost:15176, s0|localhost:15160, s1|localhost:15164, s2|localhost:15168]|listeners:[], old=null} RUNNING
  s1:  RUNNING CANDIDATE s1@group-9FC63B188219:t2, leader=null, voted=s2, raftlog=Memoized:s1@group-9FC63B188219-SegmentedRaftLog:OPENED:c2:last(t:2, i:2), conf=conf: {index: 1, cur=peers:[s3|localhost:15172, s4|localhost:15176, s0|localhost:15160, s1|localhost:15164, s2|localhost:15168]|listeners:[], old=null} RUNNING
  s2:   CLOSED    LEADER s2@group-9FC63B188219:t2, leader=s2, voted=s2, raftlog=Memoized:s2@group-9FC63B188219-SegmentedRaftLog:CLOSED:c2, conf=conf: {index: 1, cur=peers:[s3|localhost:15172, s4|localhost:15176, s0|localhost:15160, s1|localhost:15164, s2|localhost:15168]|listeners:[], old=null} CLOSED
2024-10-09 00:14:11,711 [s1@group-9FC63B188219-LeaderElection20] INFO  impl.LeaderElection (LeaderElection.java:logAndReturn(90)) - s1@group-9FC63B188219-LeaderElection20: PRE_VOTE TIMEOUT received 1 response(s) and 2 exception(s):
2024-10-09 00:14:11,711 [s1@group-9FC63B188219-LeaderElection20] INFO  impl.LeaderElection (LeaderElection.java:logAndReturn(94)) -   Response 0: s1<-s3#0:OK-t2
2024-10-09 00:14:11,711 [s1@group-9FC63B188219-LeaderElection20] INFO  impl.LeaderElection (LogUtils.java:infoOrTrace(136)) -   Exception 1: java.util.concurrent.ExecutionException: java.io.IOException: The peer s4 is not alive.
2024-10-09 00:14:11,711 [s1@group-9FC63B188219-LeaderElection20] INFO  impl.LeaderElection (LogUtils.java:infoOrTrace(136)) -   Exception 2: java.util.concurrent.ExecutionException: java.io.IOException: The peer s2 is not alive.
2024-10-09 00:14:11,711 [s1@group-9FC63B188219-LeaderElection20] INFO  impl.LeaderElection (LeaderElection.java:askForVotes(339)) - s1@group-9FC63B188219-LeaderElection20 PRE_VOTE round 45: result TIMEOUT
2024-10-09 00:14:11,711 [s1@group-9FC63B188219-LeaderElection20] INFO  impl.LeaderElection (LeaderElection.java:askForVotes(337)) - s1@group-9FC63B188219-LeaderElection20 PRE_VOTE round 46: submit vote requests at term 2 for conf: {index: 1, cur=peers:[s3|localhost:15172, s4|localhost:15176, s0|localhost:15160, s1|localhost:15164, s2|localhost:15168]|listeners:[], old=null}
2024-10-09 00:14:11,711 [HandlerDaemon-1] INFO  server.RaftServer$Division (RaftServerImpl.java:requestVote(1443)) - s3@group-9FC63B188219: receive requestVote(PRE_VOTE, s1, group-9FC63B188219, 2, (t:2, i:2))
2024-10-09 00:14:11,711 [HandlerDaemon-1] INFO  impl.VoteContext (VoteContext.java:log(49)) - s3@group-9FC63B188219-CANDIDATE: accept PRE_VOTE from s1: our priority 0 <= candidate's priority 0
2024-10-09 00:14:11,711 [HandlerDaemon-1] INFO  server.RaftServer$Division (RaftServerImpl.java:requestVote(1476)) - s3@group-9FC63B188219 replies to PRE_VOTE vote request: s1<-s3#0:OK-t2. Peer's state: s3@group-9FC63B188219:t2, leader=null, voted=s2, raftlog=Memoized:s3@group-9FC63B188219-SegmentedRaftLog:OPENED:c2:last(t:2, i:2), conf=conf: {index: 1, cur=peers:[s3|localhost:15172, s4|localhost:15176, s0|localhost:15160, s1|localhost:15164, s2|localhost:15168]|listeners:[], old=null}
2024-10-09 00:14:11,712 [s1@group-9FC63B188219-LeaderElection20] INFO  impl.LeaderElection (LogUtils.java:infoOrTrace(136)) - s1@group-9FC63B188219-LeaderElection20 got exception when requesting votes: java.util.concurrent.ExecutionException: java.io.IOException: The peer s4 is not alive.
2024-10-09 00:14:11,712 [s1@group-9FC63B188219-LeaderElection20] INFO  impl.LeaderElection (LogUtils.java:infoOrTrace(136)) - s1@group-9FC63B188219-LeaderElection20 got exception when requesting votes: java.util.concurrent.ExecutionException: java.io.IOException: The peer s2 is not alive.
2024-10-09 00:14:11,793 [s3@group-9FC63B188219-LeaderElection21] INFO  impl.LeaderElection (LeaderElection.java:logAndReturn(90)) - s3@group-9FC63B188219-LeaderElection21: PRE_VOTE TIMEOUT received 1 response(s) and 2 exception(s):
2024-10-09 00:14:11,793 [s3@group-9FC63B188219-LeaderElection21] INFO  impl.LeaderElection (LeaderElection.java:logAndReturn(94)) -   Response 0: s3<-s1#0:OK-t2
2024-10-09 00:14:11,793 [s3@group-9FC63B188219-LeaderElection21] INFO  impl.LeaderElection (LogUtils.java:infoOrTrace(136)) -   Exception 1: java.util.concurrent.ExecutionException: java.io.IOException: The peer s4 is not alive.
2024-10-09 00:14:11,793 [s3@group-9FC63B188219-LeaderElection21] INFO  impl.LeaderElection (LogUtils.java:infoOrTrace(136)) -   Exception 2: java.util.concurrent.ExecutionException: java.io.IOException: The peer s2 is not alive.
2024-10-09 00:14:11,794 [s3@group-9FC63B188219-LeaderElection21] INFO  impl.LeaderElection (LeaderElection.java:askForVotes(339)) - s3@group-9FC63B188219-LeaderElection21 PRE_VOTE round 31: result TIMEOUT
2024-10-09 00:14:11,794 [s3@group-9FC63B188219-LeaderElection21] INFO  impl.LeaderElection (LeaderElection.java:askForVotes(337)) - s3@group-9FC63B188219-LeaderElection21 PRE_VOTE round 32: submit vote requests at term 2 for conf: {index: 1, cur=peers:[s3|localhost:15172, s4|localhost:15176, s0|localhost:15160, s1|localhost:15164, s2|localhost:15168]|listeners:[], old=null}
2024-10-09 00:14:11,794 [s3@group-9FC63B188219-LeaderElection21] INFO  impl.LeaderElection (LogUtils.java:infoOrTrace(136)) - s3@group-9FC63B188219-LeaderElection21 got exception when requesting votes: java.util.concurrent.ExecutionException: java.io.IOException: The peer s4 is not alive.
2024-10-09 00:14:11,794 [HandlerDaemon-2] INFO  server.RaftServer$Division (RaftServerImpl.java:requestVote(1443)) - s1@group-9FC63B188219: receive requestVote(PRE_VOTE, s3, group-9FC63B188219, 2, (t:2, i:2))
2024-10-09 00:14:11,794 [s3@group-9FC63B188219-LeaderElection21] INFO  impl.LeaderElection (LogUtils.java:infoOrTrace(136)) - s3@group-9FC63B188219-LeaderElection21 got exception when requesting votes: java.util.concurrent.ExecutionException: java.io.IOException: The peer s2 is not alive.
2024-10-09 00:14:11,794 [HandlerDaemon-2] INFO  impl.VoteContext (VoteContext.java:log(49)) - s1@group-9FC63B188219-CANDIDATE: accept PRE_VOTE from s3: our priority 0 <= candidate's priority 0
2024-10-09 00:14:11,794 [HandlerDaemon-2] INFO  server.RaftServer$Division (RaftServerImpl.java:requestVote(1476)) - s1@group-9FC63B188219 replies to PRE_VOTE vote request: s3<-s1#0:OK-t2. Peer's state: s1@group-9FC63B188219:t2, leader=null, voted=s2, raftlog=Memoized:s1@group-9FC63B188219-SegmentedRaftLog:OPENED:c2:last(t:2, i:2), conf=conf: {index: 1, cur=peers:[s3|localhost:15172, s4|localhost:15176, s0|localhost:15160, s1|localhost:15164, s2|localhost:15168]|listeners:[], old=null}
2024-10-09 00:14:11,943 [s1@group-9FC63B188219-LeaderElection20] INFO  impl.LeaderElection (LeaderElection.java:logAndReturn(90)) - s1@group-9FC63B188219-LeaderElection20: PRE_VOTE TIMEOUT received 1 response(s) and 2 exception(s):
2024-10-09 00:14:11,943 [s1@group-9FC63B188219-LeaderElection20] INFO  impl.LeaderElection (LeaderElection.java:logAndReturn(94)) -   Response 0: s1<-s3#0:OK-t2
2024-10-09 00:14:11,943 [s1@group-9FC63B188219-LeaderElection20] INFO  impl.LeaderElection (LogUtils.java:infoOrTrace(136)) -   Exception 1: java.util.concurrent.ExecutionException: java.io.IOException: The peer s4 is not alive.
2024-10-09 00:14:11,943 [s1@group-9FC63B188219-LeaderElection20] INFO  impl.LeaderElection (LogUtils.java:infoOrTrace(136)) -   Exception 2: java.util.concurrent.ExecutionException: java.io.IOException: The peer s2 is not alive.
2024-10-09 00:14:11,943 [s1@group-9FC63B188219-LeaderElection20] INFO  impl.LeaderElection (LeaderElection.java:askForVotes(339)) - s1@group-9FC63B188219-LeaderElection20 PRE_VOTE round 46: result TIMEOUT
2024-10-09 00:14:11,943 [s1@group-9FC63B188219-LeaderElection20] INFO  impl.LeaderElection (LeaderElection.java:askForVotes(337)) - s1@group-9FC63B188219-LeaderElection20 PRE_VOTE round 47: submit vote requests at term 2 for conf: {index: 1, cur=peers:[s3|localhost:15172, s4|localhost:15176, s0|localhost:15160, s1|localhost:15164, s2|localhost:15168]|listeners:[], old=null}
2024-10-09 00:14:11,943 [HandlerDaemon-2] INFO  server.RaftServer$Division (RaftServerImpl.java:requestVote(1443)) - s3@group-9FC63B188219: receive requestVote(PRE_VOTE, s1, group-9FC63B188219, 2, (t:2, i:2))
2024-10-09 00:14:11,943 [HandlerDaemon-2] INFO  impl.VoteContext (VoteContext.java:log(49)) - s3@group-9FC63B188219-CANDIDATE: accept PRE_VOTE from s1: our priority 0 <= candidate's priority 0
2024-10-09 00:14:11,943 [s1@group-9FC63B188219-LeaderElection20] INFO  impl.LeaderElection (LogUtils.java:infoOrTrace(136)) - s1@group-9FC63B188219-LeaderElection20 got exception when requesting votes: java.util.concurrent.ExecutionException: java.io.IOException: The peer s4 is not alive.
2024-10-09 00:14:11,943 [HandlerDaemon-2] INFO  server.RaftServer$Division (RaftServerImpl.java:requestVote(1476)) - s3@group-9FC63B188219 replies to PRE_VOTE vote request: s1<-s3#0:OK-t2. Peer's state: s3@group-9FC63B188219:t2, leader=null, voted=s2, raftlog=Memoized:s3@group-9FC63B188219-SegmentedRaftLog:OPENED:c2:last(t:2, i:2), conf=conf: {index: 1, cur=peers:[s3|localhost:15172, s4|localhost:15176, s0|localhost:15160, s1|localhost:15164, s2|localhost:15168]|listeners:[], old=null}
2024-10-09 00:14:11,943 [s1@group-9FC63B188219-LeaderElection20] INFO  impl.LeaderElection (LogUtils.java:infoOrTrace(136)) - s1@group-9FC63B188219-LeaderElection20 got exception when requesting votes: java.util.concurrent.ExecutionException: java.io.IOException: The peer s2 is not alive.
2024-10-09 00:14:12,093 [s3@group-9FC63B188219-LeaderElection21] INFO  impl.LeaderElection (LeaderElection.java:logAndReturn(90)) - s3@group-9FC63B188219-LeaderElection21: PRE_VOTE TIMEOUT received 1 response(s) and 2 exception(s):
2024-10-09 00:14:12,093 [s3@group-9FC63B188219-LeaderElection21] INFO  impl.LeaderElection (LeaderElection.java:logAndReturn(94)) -   Response 0: s3<-s1#0:OK-t2
2024-10-09 00:14:12,093 [s3@group-9FC63B188219-LeaderElection21] INFO  impl.LeaderElection (LogUtils.java:infoOrTrace(136)) -   Exception 1: java.util.concurrent.ExecutionException: java.io.IOException: The peer s4 is not alive.
2024-10-09 00:14:12,093 [s3@group-9FC63B188219-LeaderElection21] INFO  impl.LeaderElection (LogUtils.java:infoOrTrace(136)) -   Exception 2: java.util.concurrent.ExecutionException: java.io.IOException: The peer s2 is not alive.
2024-10-09 00:14:12,093 [s3@group-9FC63B188219-LeaderElection21] INFO  impl.LeaderElection (LeaderElection.java:askForVotes(339)) - s3@group-9FC63B188219-LeaderElection21 PRE_VOTE round 32: result TIMEOUT
2024-10-09 00:14:12,094 [s3@group-9FC63B188219-LeaderElection21] INFO  impl.LeaderElection (LeaderElection.java:askForVotes(337)) - s3@group-9FC63B188219-LeaderElection21 PRE_VOTE round 33: submit vote requests at term 2 for conf: {index: 1, cur=peers:[s3|localhost:15172, s4|localhost:15176, s0|localhost:15160, s1|localhost:15164, s2|localhost:15168]|listeners:[], old=null}
2024-10-09 00:14:12,094 [HandlerDaemon-0] INFO  server.RaftServer$Division (RaftServerImpl.java:requestVote(1443)) - s1@group-9FC63B188219: receive requestVote(PRE_VOTE, s3, group-9FC63B188219, 2, (t:2, i:2))
2024-10-09 00:14:12,094 [HandlerDaemon-0] INFO  impl.VoteContext (VoteContext.java:log(49)) - s1@group-9FC63B188219-CANDIDATE: accept PRE_VOTE from s3: our priority 0 <= candidate's priority 0
2024-10-09 00:14:12,094 [s3@group-9FC63B188219-LeaderElection21] INFO  impl.LeaderElection (LogUtils.java:infoOrTrace(136)) - s3@group-9FC63B188219-LeaderElection21 got exception when requesting votes: java.util.concurrent.ExecutionException: java.io.IOException: The peer s4 is not alive.
2024-10-09 00:14:12,094 [HandlerDaemon-0] INFO  server.RaftServer$Division (RaftServerImpl.java:requestVote(1476)) - s1@group-9FC63B188219 replies to PRE_VOTE vote request: s3<-s1#0:OK-t2. Peer's state: s1@group-9FC63B188219:t2, leader=null, voted=s2, raftlog=Memoized:s1@group-9FC63B188219-SegmentedRaftLog:OPENED:c2:last(t:2, i:2), conf=conf: {index: 1, cur=peers:[s3|localhost:15172, s4|localhost:15176, s0|localhost:15160, s1|localhost:15164, s2|localhost:15168]|listeners:[], old=null}
2024-10-09 00:14:12,094 [s3@group-9FC63B188219-LeaderElection21] INFO  impl.LeaderElection (LogUtils.java:infoOrTrace(136)) - s3@group-9FC63B188219-LeaderElection21 got exception when requesting votes: java.util.concurrent.ExecutionException: java.io.IOException: The peer s2 is not alive.
2024-10-09 00:14:12,151 [s1@group-9FC63B188219-LeaderElection20] INFO  impl.LeaderElection (LeaderElection.java:logAndReturn(90)) - s1@group-9FC63B188219-LeaderElection20: PRE_VOTE TIMEOUT received 1 response(s) and 2 exception(s):
2024-10-09 00:14:12,152 [s1@group-9FC63B188219-LeaderElection20] INFO  impl.LeaderElection (LeaderElection.java:logAndReturn(94)) -   Response 0: s1<-s3#0:OK-t2
2024-10-09 00:14:12,152 [s1@group-9FC63B188219-LeaderElection20] INFO  impl.LeaderElection (LogUtils.java:infoOrTrace(136)) -   Exception 1: java.util.concurrent.ExecutionException: java.io.IOException: The peer s4 is not alive.
2024-10-09 00:14:12,152 [s1@group-9FC63B188219-LeaderElection20] INFO  impl.LeaderElection (LogUtils.java:infoOrTrace(136)) -   Exception 2: java.util.concurrent.ExecutionException: java.io.IOException: The peer s2 is not alive.
2024-10-09 00:14:12,152 [s1@group-9FC63B188219-LeaderElection20] INFO  impl.LeaderElection (LeaderElection.java:askForVotes(339)) - s1@group-9FC63B188219-LeaderElection20 PRE_VOTE round 47: result TIMEOUT
2024-10-09 00:14:12,152 [s1@group-9FC63B188219-LeaderElection20] INFO  impl.LeaderElection (LeaderElection.java:askForVotes(337)) - s1@group-9FC63B188219-LeaderElection20 PRE_VOTE round 48: submit vote requests at term 2 for conf: {index: 1, cur=peers:[s3|localhost:15172, s4|localhost:15176, s0|localhost:15160, s1|localhost:15164, s2|localhost:15168]|listeners:[], old=null}
2024-10-09 00:14:12,152 [HandlerDaemon-0] INFO  server.RaftServer$Division (RaftServerImpl.java:requestVote(1443)) - s3@group-9FC63B188219: receive requestVote(PRE_VOTE, s1, group-9FC63B188219, 2, (t:2, i:2))
2024-10-09 00:14:12,152 [HandlerDaemon-0] INFO  impl.VoteContext (VoteContext.java:log(49)) - s3@group-9FC63B188219-CANDIDATE: accept PRE_VOTE from s1: our priority 0 <= candidate's priority 0
2024-10-09 00:14:12,152 [s1@group-9FC63B188219-LeaderElection20] INFO  impl.LeaderElection (LogUtils.java:infoOrTrace(136)) - s1@group-9FC63B188219-LeaderElection20 got exception when requesting votes: java.util.concurrent.ExecutionException: java.io.IOException: The peer s4 is not alive.
2024-10-09 00:14:12,152 [HandlerDaemon-0] INFO  server.RaftServer$Division (RaftServerImpl.java:requestVote(1476)) - s3@group-9FC63B188219 replies to PRE_VOTE vote request: s1<-s3#0:OK-t2. Peer's state: s3@group-9FC63B188219:t2, leader=null, voted=s2, raftlog=Memoized:s3@group-9FC63B188219-SegmentedRaftLog:OPENED:c2:last(t:2, i:2), conf=conf: {index: 1, cur=peers:[s3|localhost:15172, s4|localhost:15176, s0|localhost:15160, s1|localhost:15164, s2|localhost:15168]|listeners:[], old=null}
2024-10-09 00:14:12,152 [s1@group-9FC63B188219-LeaderElection20] INFO  impl.LeaderElection (LogUtils.java:infoOrTrace(136)) - s1@group-9FC63B188219-LeaderElection20 got exception when requesting votes: java.util.concurrent.ExecutionException: java.io.IOException: The peer s2 is not alive.
2024-10-09 00:14:12,154 [main] WARN  ratis.RaftTestUtil (RaftTestUtil.java:lambda$waitForLeader$3(126)) - Attempt #25 failed: java.lang.IllegalStateException: No leader yet : printing ALL groups
  s3:  RUNNING CANDIDATE s3@group-9FC63B188219:t2, leader=null, voted=s2, raftlog=Memoized:s3@group-9FC63B188219-SegmentedRaftLog:OPENED:c2:last(t:2, i:2), conf=conf: {index: 1, cur=peers:[s3|localhost:15172, s4|localhost:15176, s0|localhost:15160, s1|localhost:15164, s2|localhost:15168]|listeners:[], old=null} RUNNING
  s4:   CLOSED    LEADER s4@group-9FC63B188219:t1, leader=s4, voted=s4, raftlog=Memoized:s4@group-9FC63B188219-SegmentedRaftLog:CLOSED:c0, conf=conf: {index: 0, cur=peers:[s3|localhost:15172, s4|localhost:15176, s0|localhost:15160, s1|localhost:15164, s2|localhost:15168]|listeners:[], old=null} CLOSED
  s0:  RUNNING  FOLLOWER s0@group-9FC63B188219:t1, leader=null, voted=null, raftlog=Memoized:s0@group-9FC63B188219-SegmentedRaftLog:OPENED:c-1:lastnull, conf=conf: {index: -1, cur=peers:[s3|localhost:15172, s4|localhost:15176, s0|localhost:15160, s1|localhost:15164, s2|localhost:15168]|listeners:[], old=null} RUNNING
  s1:  RUNNING CANDIDATE s1@group-9FC63B188219:t2, leader=null, voted=s2, raftlog=Memoized:s1@group-9FC63B188219-SegmentedRaftLog:OPENED:c2:last(t:2, i:2), conf=conf: {index: 1, cur=peers:[s3|localhost:15172, s4|localhost:15176, s0|localhost:15160, s1|localhost:15164, s2|localhost:15168]|listeners:[], old=null} RUNNING
  s2:   CLOSED    LEADER s2@group-9FC63B188219:t2, leader=s2, voted=s2, raftlog=Memoized:s2@group-9FC63B188219-SegmentedRaftLog:CLOSED:c2, conf=conf: {index: 1, cur=peers:[s3|localhost:15172, s4|localhost:15176, s0|localhost:15160, s1|localhost:15164, s2|localhost:15168]|listeners:[], old=null} CLOSED
2024-10-09 00:14:12,308 [s1@group-9FC63B188219-LeaderElection20] INFO  impl.LeaderElection (LeaderElection.java:logAndReturn(90)) - s1@group-9FC63B188219-LeaderElection20: PRE_VOTE TIMEOUT received 1 response(s) and 2 exception(s):
2024-10-09 00:14:12,308 [s1@group-9FC63B188219-LeaderElection20] INFO  impl.LeaderElection (LeaderElection.java:logAndReturn(94)) -   Response 0: s1<-s3#0:OK-t2
2024-10-09 00:14:12,309 [s1@group-9FC63B188219-LeaderElection20] INFO  impl.LeaderElection (LogUtils.java:infoOrTrace(136)) -   Exception 1: java.util.concurrent.ExecutionException: java.io.IOException: The peer s4 is not alive.
2024-10-09 00:14:12,309 [s1@group-9FC63B188219-LeaderElection20] INFO  impl.LeaderElection (LogUtils.java:infoOrTrace(136)) -   Exception 2: java.util.concurrent.ExecutionException: java.io.IOException: The peer s2 is not alive.
2024-10-09 00:14:12,309 [s1@group-9FC63B188219-LeaderElection20] INFO  impl.LeaderElection (LeaderElection.java:askForVotes(339)) - s1@group-9FC63B188219-LeaderElection20 PRE_VOTE round 48: result TIMEOUT
2024-10-09 00:14:12,309 [s1@group-9FC63B188219-LeaderElection20] INFO  impl.LeaderElection (LeaderElection.java:askForVotes(337)) - s1@group-9FC63B188219-LeaderElection20 PRE_VOTE round 49: submit vote requests at term 2 for conf: {index: 1, cur=peers:[s3|localhost:15172, s4|localhost:15176, s0|localhost:15160, s1|localhost:15164, s2|localhost:15168]|listeners:[], old=null}
2024-10-09 00:14:12,309 [HandlerDaemon-1] INFO  server.RaftServer$Division (RaftServerImpl.java:requestVote(1443)) - s3@group-9FC63B188219: receive requestVote(PRE_VOTE, s1, group-9FC63B188219, 2, (t:2, i:2))
2024-10-09 00:14:12,309 [HandlerDaemon-1] INFO  impl.VoteContext (VoteContext.java:log(49)) - s3@group-9FC63B188219-CANDIDATE: accept PRE_VOTE from s1: our priority 0 <= candidate's priority 0
2024-10-09 00:14:12,309 [HandlerDaemon-1] INFO  server.RaftServer$Division (RaftServerImpl.java:requestVote(1476)) - s3@group-9FC63B188219 replies to PRE_VOTE vote request: s1<-s3#0:OK-t2. Peer's state: s3@group-9FC63B188219:t2, leader=null, voted=s2, raftlog=Memoized:s3@group-9FC63B188219-SegmentedRaftLog:OPENED:c2:last(t:2, i:2), conf=conf: {index: 1, cur=peers:[s3|localhost:15172, s4|localhost:15176, s0|localhost:15160, s1|localhost:15164, s2|localhost:15168]|listeners:[], old=null}
2024-10-09 00:14:12,309 [s1@group-9FC63B188219-LeaderElection20] INFO  impl.LeaderElection (LogUtils.java:infoOrTrace(136)) - s1@group-9FC63B188219-LeaderElection20 got exception when requesting votes: java.util.concurrent.ExecutionException: java.io.IOException: The peer s4 is not alive.
2024-10-09 00:14:12,309 [s1@group-9FC63B188219-LeaderElection20] INFO  impl.LeaderElection (LogUtils.java:infoOrTrace(136)) - s1@group-9FC63B188219-LeaderElection20 got exception when requesting votes: java.util.concurrent.ExecutionException: java.io.IOException: The peer s2 is not alive.
2024-10-09 00:14:12,319 [s3@group-9FC63B188219-LeaderElection21] INFO  impl.LeaderElection (LeaderElection.java:logAndReturn(90)) - s3@group-9FC63B188219-LeaderElection21: PRE_VOTE TIMEOUT received 1 response(s) and 2 exception(s):
2024-10-09 00:14:12,319 [s3@group-9FC63B188219-LeaderElection21] INFO  impl.LeaderElection (LeaderElection.java:logAndReturn(94)) -   Response 0: s3<-s1#0:OK-t2
2024-10-09 00:14:12,319 [s3@group-9FC63B188219-LeaderElection21] INFO  impl.LeaderElection (LogUtils.java:infoOrTrace(136)) -   Exception 1: java.util.concurrent.ExecutionException: java.io.IOException: The peer s4 is not alive.
2024-10-09 00:14:12,319 [s3@group-9FC63B188219-LeaderElection21] INFO  impl.LeaderElection (LogUtils.java:infoOrTrace(136)) -   Exception 2: java.util.concurrent.ExecutionException: java.io.IOException: The peer s2 is not alive.
2024-10-09 00:14:12,319 [s3@group-9FC63B188219-LeaderElection21] INFO  impl.LeaderElection (LeaderElection.java:askForVotes(339)) - s3@group-9FC63B188219-LeaderElection21 PRE_VOTE round 33: result TIMEOUT
2024-10-09 00:14:12,320 [s3@group-9FC63B188219-LeaderElection21] INFO  impl.LeaderElection (LeaderElection.java:askForVotes(337)) - s3@group-9FC63B188219-LeaderElection21 PRE_VOTE round 34: submit vote requests at term 2 for conf: {index: 1, cur=peers:[s3|localhost:15172, s4|localhost:15176, s0|localhost:15160, s1|localhost:15164, s2|localhost:15168]|listeners:[], old=null}
2024-10-09 00:14:12,320 [HandlerDaemon-1] INFO  server.RaftServer$Division (RaftServerImpl.java:requestVote(1443)) - s1@group-9FC63B188219: receive requestVote(PRE_VOTE, s3, group-9FC63B188219, 2, (t:2, i:2))
2024-10-09 00:14:12,320 [s3@group-9FC63B188219-LeaderElection21] INFO  impl.LeaderElection (LogUtils.java:infoOrTrace(136)) - s3@group-9FC63B188219-LeaderElection21 got exception when requesting votes: java.util.concurrent.ExecutionException: java.io.IOException: The peer s4 is not alive.
2024-10-09 00:14:12,320 [HandlerDaemon-1] INFO  impl.VoteContext (VoteContext.java:log(49)) - s1@group-9FC63B188219-CANDIDATE: accept PRE_VOTE from s3: our priority 0 <= candidate's priority 0
2024-10-09 00:14:12,320 [s3@group-9FC63B188219-LeaderElection21] INFO  impl.LeaderElection (LogUtils.java:infoOrTrace(136)) - s3@group-9FC63B188219-LeaderElection21 got exception when requesting votes: java.util.concurrent.ExecutionException: java.io.IOException: The peer s2 is not alive.
2024-10-09 00:14:12,320 [HandlerDaemon-1] INFO  server.RaftServer$Division (RaftServerImpl.java:requestVote(1476)) - s1@group-9FC63B188219 replies to PRE_VOTE vote request: s3<-s1#0:OK-t2. Peer's state: s1@group-9FC63B188219:t2, leader=null, voted=s2, raftlog=Memoized:s1@group-9FC63B188219-SegmentedRaftLog:OPENED:c2:last(t:2, i:2), conf=conf: {index: 1, cur=peers:[s3|localhost:15172, s4|localhost:15176, s0|localhost:15160, s1|localhost:15164, s2|localhost:15168]|listeners:[], old=null}
2024-10-09 00:14:12,514 [s3@group-9FC63B188219-LeaderElection21] INFO  impl.LeaderElection (LeaderElection.java:logAndReturn(90)) - s3@group-9FC63B188219-LeaderElection21: PRE_VOTE TIMEOUT received 1 response(s) and 2 exception(s):
2024-10-09 00:14:12,514 [s3@group-9FC63B188219-LeaderElection21] INFO  impl.LeaderElection (LeaderElection.java:logAndReturn(94)) -   Response 0: s3<-s1#0:OK-t2
2024-10-09 00:14:12,514 [s3@group-9FC63B188219-LeaderElection21] INFO  impl.LeaderElection (LogUtils.java:infoOrTrace(136)) -   Exception 1: java.util.concurrent.ExecutionException: java.io.IOException: The peer s4 is not alive.
2024-10-09 00:14:12,514 [s3@group-9FC63B188219-LeaderElection21] INFO  impl.LeaderElection (LogUtils.java:infoOrTrace(136)) -   Exception 2: java.util.concurrent.ExecutionException: java.io.IOException: The peer s2 is not alive.
2024-10-09 00:14:12,514 [s3@group-9FC63B188219-LeaderElection21] INFO  impl.LeaderElection (LeaderElection.java:askForVotes(339)) - s3@group-9FC63B188219-LeaderElection21 PRE_VOTE round 34: result TIMEOUT
2024-10-09 00:14:12,514 [s3@group-9FC63B188219-LeaderElection21] INFO  impl.LeaderElection (LeaderElection.java:askForVotes(337)) - s3@group-9FC63B188219-LeaderElection21 PRE_VOTE round 35: submit vote requests at term 2 for conf: {index: 1, cur=peers:[s3|localhost:15172, s4|localhost:15176, s0|localhost:15160, s1|localhost:15164, s2|localhost:15168]|listeners:[], old=null}
2024-10-09 00:14:12,515 [HandlerDaemon-2] INFO  server.RaftServer$Division (RaftServerImpl.java:requestVote(1443)) - s1@group-9FC63B188219: receive requestVote(PRE_VOTE, s3, group-9FC63B188219, 2, (t:2, i:2))
2024-10-09 00:14:12,515 [s3@group-9FC63B188219-LeaderElection21] INFO  impl.LeaderElection (LogUtils.java:infoOrTrace(136)) - s3@group-9FC63B188219-LeaderElection21 got exception when requesting votes: java.util.concurrent.ExecutionException: java.io.IOException: The peer s4 is not alive.
2024-10-09 00:14:12,515 [HandlerDaemon-2] INFO  impl.VoteContext (VoteContext.java:log(49)) - s1@group-9FC63B188219-CANDIDATE: accept PRE_VOTE from s3: our priority 0 <= candidate's priority 0
2024-10-09 00:14:12,515 [s3@group-9FC63B188219-LeaderElection21] INFO  impl.LeaderElection (LogUtils.java:infoOrTrace(136)) - s3@group-9FC63B188219-LeaderElection21 got exception when requesting votes: java.util.concurrent.ExecutionException: java.io.IOException: The peer s2 is not alive.
2024-10-09 00:14:12,515 [HandlerDaemon-2] INFO  server.RaftServer$Division (RaftServerImpl.java:requestVote(1476)) - s1@group-9FC63B188219 replies to PRE_VOTE vote request: s3<-s1#0:OK-t2. Peer's state: s1@group-9FC63B188219:t2, leader=null, voted=s2, raftlog=Memoized:s1@group-9FC63B188219-SegmentedRaftLog:OPENED:c2:last(t:2, i:2), conf=conf: {index: 1, cur=peers:[s3|localhost:15172, s4|localhost:15176, s0|localhost:15160, s1|localhost:15164, s2|localhost:15168]|listeners:[], old=null}
2024-10-09 00:14:12,569 [s1@group-9FC63B188219-LeaderElection20] INFO  impl.LeaderElection (LeaderElection.java:logAndReturn(90)) - s1@group-9FC63B188219-LeaderElection20: PRE_VOTE TIMEOUT received 1 response(s) and 2 exception(s):
2024-10-09 00:14:12,569 [s1@group-9FC63B188219-LeaderElection20] INFO  impl.LeaderElection (LeaderElection.java:logAndReturn(94)) -   Response 0: s1<-s3#0:OK-t2
2024-10-09 00:14:12,569 [s1@group-9FC63B188219-LeaderElection20] INFO  impl.LeaderElection (LogUtils.java:infoOrTrace(136)) -   Exception 1: java.util.concurrent.ExecutionException: java.io.IOException: The peer s4 is not alive.
2024-10-09 00:14:12,569 [s1@group-9FC63B188219-LeaderElection20] INFO  impl.LeaderElection (LogUtils.java:infoOrTrace(136)) -   Exception 2: java.util.concurrent.ExecutionException: java.io.IOException: The peer s2 is not alive.
2024-10-09 00:14:12,570 [s1@group-9FC63B188219-LeaderElection20] INFO  impl.LeaderElection (LeaderElection.java:askForVotes(339)) - s1@group-9FC63B188219-LeaderElection20 PRE_VOTE round 49: result TIMEOUT
2024-10-09 00:14:12,570 [s1@group-9FC63B188219-LeaderElection20] INFO  impl.LeaderElection (LeaderElection.java:askForVotes(337)) - s1@group-9FC63B188219-LeaderElection20 PRE_VOTE round 50: submit vote requests at term 2 for conf: {index: 1, cur=peers:[s3|localhost:15172, s4|localhost:15176, s0|localhost:15160, s1|localhost:15164, s2|localhost:15168]|listeners:[], old=null}
2024-10-09 00:14:12,570 [HandlerDaemon-2] INFO  server.RaftServer$Division (RaftServerImpl.java:requestVote(1443)) - s3@group-9FC63B188219: receive requestVote(PRE_VOTE, s1, group-9FC63B188219, 2, (t:2, i:2))
2024-10-09 00:14:12,570 [HandlerDaemon-2] INFO  impl.VoteContext (VoteContext.java:log(49)) - s3@group-9FC63B188219-CANDIDATE: accept PRE_VOTE from s1: our priority 0 <= candidate's priority 0
2024-10-09 00:14:12,570 [HandlerDaemon-2] INFO  server.RaftServer$Division (RaftServerImpl.java:requestVote(1476)) - s3@group-9FC63B188219 replies to PRE_VOTE vote request: s1<-s3#0:OK-t2. Peer's state: s3@group-9FC63B188219:t2, leader=null, voted=s2, raftlog=Memoized:s3@group-9FC63B188219-SegmentedRaftLog:OPENED:c2:last(t:2, i:2), conf=conf: {index: 1, cur=peers:[s3|localhost:15172, s4|localhost:15176, s0|localhost:15160, s1|localhost:15164, s2|localhost:15168]|listeners:[], old=null}
2024-10-09 00:14:12,570 [s1@group-9FC63B188219-LeaderElection20] INFO  impl.LeaderElection (LogUtils.java:infoOrTrace(136)) - s1@group-9FC63B188219-LeaderElection20 got exception when requesting votes: java.util.concurrent.ExecutionException: java.io.IOException: The peer s4 is not alive.
2024-10-09 00:14:12,570 [s1@group-9FC63B188219-LeaderElection20] INFO  impl.LeaderElection (LogUtils.java:infoOrTrace(136)) - s1@group-9FC63B188219-LeaderElection20 got exception when requesting votes: java.util.concurrent.ExecutionException: java.io.IOException: The peer s2 is not alive.
2024-10-09 00:14:12,604 [main] WARN  ratis.RaftTestUtil (RaftTestUtil.java:lambda$waitForLeader$3(126)) - Attempt #26 failed: java.lang.IllegalStateException: No leader yet : printing ALL groups
  s3:  RUNNING CANDIDATE s3@group-9FC63B188219:t2, leader=null, voted=s2, raftlog=Memoized:s3@group-9FC63B188219-SegmentedRaftLog:OPENED:c2:last(t:2, i:2), conf=conf: {index: 1, cur=peers:[s3|localhost:15172, s4|localhost:15176, s0|localhost:15160, s1|localhost:15164, s2|localhost:15168]|listeners:[], old=null} RUNNING
  s4:   CLOSED    LEADER s4@group-9FC63B188219:t1, leader=s4, voted=s4, raftlog=Memoized:s4@group-9FC63B188219-SegmentedRaftLog:CLOSED:c0, conf=conf: {index: 0, cur=peers:[s3|localhost:15172, s4|localhost:15176, s0|localhost:15160, s1|localhost:15164, s2|localhost:15168]|listeners:[], old=null} CLOSED
  s0:  RUNNING  FOLLOWER s0@group-9FC63B188219:t1, leader=null, voted=null, raftlog=Memoized:s0@group-9FC63B188219-SegmentedRaftLog:OPENED:c-1:lastnull, conf=conf: {index: -1, cur=peers:[s3|localhost:15172, s4|localhost:15176, s0|localhost:15160, s1|localhost:15164, s2|localhost:15168]|listeners:[], old=null} RUNNING
  s1:  RUNNING CANDIDATE s1@group-9FC63B188219:t2, leader=null, voted=s2, raftlog=Memoized:s1@group-9FC63B188219-SegmentedRaftLog:OPENED:c2:last(t:2, i:2), conf=conf: {index: 1, cur=peers:[s3|localhost:15172, s4|localhost:15176, s0|localhost:15160, s1|localhost:15164, s2|localhost:15168]|listeners:[], old=null} RUNNING
  s2:   CLOSED    LEADER s2@group-9FC63B188219:t2, leader=s2, voted=s2, raftlog=Memoized:s2@group-9FC63B188219-SegmentedRaftLog:CLOSED:c2, conf=conf: {index: 1, cur=peers:[s3|localhost:15172, s4|localhost:15176, s0|localhost:15160, s1|localhost:15164, s2|localhost:15168]|listeners:[], old=null} CLOSED
2024-10-09 00:14:12,761 [s1@group-9FC63B188219-LeaderElection20] INFO  impl.LeaderElection (LeaderElection.java:logAndReturn(90)) - s1@group-9FC63B188219-LeaderElection20: PRE_VOTE TIMEOUT received 1 response(s) and 2 exception(s):
2024-10-09 00:14:12,761 [s1@group-9FC63B188219-LeaderElection20] INFO  impl.LeaderElection (LeaderElection.java:logAndReturn(94)) -   Response 0: s1<-s3#0:OK-t2
2024-10-09 00:14:12,761 [s1@group-9FC63B188219-LeaderElection20] INFO  impl.LeaderElection (LogUtils.java:infoOrTrace(136)) -   Exception 1: java.util.concurrent.ExecutionException: java.io.IOException: The peer s4 is not alive.
2024-10-09 00:14:12,761 [s1@group-9FC63B188219-LeaderElection20] INFO  impl.LeaderElection (LogUtils.java:infoOrTrace(136)) -   Exception 2: java.util.concurrent.ExecutionException: java.io.IOException: The peer s2 is not alive.
2024-10-09 00:14:12,761 [s1@group-9FC63B188219-LeaderElection20] INFO  impl.LeaderElection (LeaderElection.java:askForVotes(339)) - s1@group-9FC63B188219-LeaderElection20 PRE_VOTE round 50: result TIMEOUT
2024-10-09 00:14:12,762 [s1@group-9FC63B188219-LeaderElection20] INFO  impl.LeaderElection (LeaderElection.java:askForVotes(337)) - s1@group-9FC63B188219-LeaderElection20 PRE_VOTE round 51: submit vote requests at term 2 for conf: {index: 1, cur=peers:[s3|localhost:15172, s4|localhost:15176, s0|localhost:15160, s1|localhost:15164, s2|localhost:15168]|listeners:[], old=null}
2024-10-09 00:14:12,762 [HandlerDaemon-0] INFO  server.RaftServer$Division (RaftServerImpl.java:requestVote(1443)) - s3@group-9FC63B188219: receive requestVote(PRE_VOTE, s1, group-9FC63B188219, 2, (t:2, i:2))
2024-10-09 00:14:12,762 [HandlerDaemon-0] INFO  impl.VoteContext (VoteContext.java:log(49)) - s3@group-9FC63B188219-CANDIDATE: accept PRE_VOTE from s1: our priority 0 <= candidate's priority 0
2024-10-09 00:14:12,762 [HandlerDaemon-0] INFO  server.RaftServer$Division (RaftServerImpl.java:requestVote(1476)) - s3@group-9FC63B188219 replies to PRE_VOTE vote request: s1<-s3#0:OK-t2. Peer's state: s3@group-9FC63B188219:t2, leader=null, voted=s2, raftlog=Memoized:s3@group-9FC63B188219-SegmentedRaftLog:OPENED:c2:last(t:2, i:2), conf=conf: {index: 1, cur=peers:[s3|localhost:15172, s4|localhost:15176, s0|localhost:15160, s1|localhost:15164, s2|localhost:15168]|listeners:[], old=null}
2024-10-09 00:14:12,762 [s1@group-9FC63B188219-LeaderElection20] INFO  impl.LeaderElection (LogUtils.java:infoOrTrace(136)) - s1@group-9FC63B188219-LeaderElection20 got exception when requesting votes: java.util.concurrent.ExecutionException: java.io.IOException: The peer s4 is not alive.
2024-10-09 00:14:12,762 [s1@group-9FC63B188219-LeaderElection20] INFO  impl.LeaderElection (LogUtils.java:infoOrTrace(136)) - s1@group-9FC63B188219-LeaderElection20 got exception when requesting votes: java.util.concurrent.ExecutionException: java.io.IOException: The peer s2 is not alive.
2024-10-09 00:14:12,788 [s3@group-9FC63B188219-LeaderElection21] INFO  impl.LeaderElection (LeaderElection.java:logAndReturn(90)) - s3@group-9FC63B188219-LeaderElection21: PRE_VOTE TIMEOUT received 1 response(s) and 2 exception(s):
2024-10-09 00:14:12,788 [s3@group-9FC63B188219-LeaderElection21] INFO  impl.LeaderElection (LeaderElection.java:logAndReturn(94)) -   Response 0: s3<-s1#0:OK-t2
2024-10-09 00:14:12,788 [s3@group-9FC63B188219-LeaderElection21] INFO  impl.LeaderElection (LogUtils.java:infoOrTrace(136)) -   Exception 1: java.util.concurrent.ExecutionException: java.io.IOException: The peer s4 is not alive.
2024-10-09 00:14:12,788 [s3@group-9FC63B188219-LeaderElection21] INFO  impl.LeaderElection (LogUtils.java:infoOrTrace(136)) -   Exception 2: java.util.concurrent.ExecutionException: java.io.IOException: The peer s2 is not alive.
2024-10-09 00:14:12,788 [s3@group-9FC63B188219-LeaderElection21] INFO  impl.LeaderElection (LeaderElection.java:askForVotes(339)) - s3@group-9FC63B188219-LeaderElection21 PRE_VOTE round 35: result TIMEOUT
2024-10-09 00:14:12,788 [s3@group-9FC63B188219-LeaderElection21] INFO  impl.LeaderElection (LeaderElection.java:askForVotes(337)) - s3@group-9FC63B188219-LeaderElection21 PRE_VOTE round 36: submit vote requests at term 2 for conf: {index: 1, cur=peers:[s3|localhost:15172, s4|localhost:15176, s0|localhost:15160, s1|localhost:15164, s2|localhost:15168]|listeners:[], old=null}
2024-10-09 00:14:12,789 [HandlerDaemon-0] INFO  server.RaftServer$Division (RaftServerImpl.java:requestVote(1443)) - s1@group-9FC63B188219: receive requestVote(PRE_VOTE, s3, group-9FC63B188219, 2, (t:2, i:2))
2024-10-09 00:14:12,789 [HandlerDaemon-0] INFO  impl.VoteContext (VoteContext.java:log(49)) - s1@group-9FC63B188219-CANDIDATE: accept PRE_VOTE from s3: our priority 0 <= candidate's priority 0
2024-10-09 00:14:12,789 [s3@group-9FC63B188219-LeaderElection21] INFO  impl.LeaderElection (LogUtils.java:infoOrTrace(136)) - s3@group-9FC63B188219-LeaderElection21 got exception when requesting votes: java.util.concurrent.ExecutionException: java.io.IOException: The peer s4 is not alive.
2024-10-09 00:14:12,789 [HandlerDaemon-0] INFO  server.RaftServer$Division (RaftServerImpl.java:requestVote(1476)) - s1@group-9FC63B188219 replies to PRE_VOTE vote request: s3<-s1#0:OK-t2. Peer's state: s1@group-9FC63B188219:t2, leader=null, voted=s2, raftlog=Memoized:s1@group-9FC63B188219-SegmentedRaftLog:OPENED:c2:last(t:2, i:2), conf=conf: {index: 1, cur=peers:[s3|localhost:15172, s4|localhost:15176, s0|localhost:15160, s1|localhost:15164, s2|localhost:15168]|listeners:[], old=null}
2024-10-09 00:14:12,789 [s3@group-9FC63B188219-LeaderElection21] INFO  impl.LeaderElection (LogUtils.java:infoOrTrace(136)) - s3@group-9FC63B188219-LeaderElection21 got exception when requesting votes: java.util.concurrent.ExecutionException: java.io.IOException: The peer s2 is not alive.
2024-10-09 00:14:12,979 [s1@group-9FC63B188219-LeaderElection20] INFO  impl.LeaderElection (LeaderElection.java:logAndReturn(90)) - s1@group-9FC63B188219-LeaderElection20: PRE_VOTE TIMEOUT received 1 response(s) and 2 exception(s):
2024-10-09 00:14:12,979 [s1@group-9FC63B188219-LeaderElection20] INFO  impl.LeaderElection (LeaderElection.java:logAndReturn(94)) -   Response 0: s1<-s3#0:OK-t2
2024-10-09 00:14:12,979 [s1@group-9FC63B188219-LeaderElection20] INFO  impl.LeaderElection (LogUtils.java:infoOrTrace(136)) -   Exception 1: java.util.concurrent.ExecutionException: java.io.IOException: The peer s4 is not alive.
2024-10-09 00:14:12,979 [s1@group-9FC63B188219-LeaderElection20] INFO  impl.LeaderElection (LogUtils.java:infoOrTrace(136)) -   Exception 2: java.util.concurrent.ExecutionException: java.io.IOException: The peer s2 is not alive.
2024-10-09 00:14:12,979 [s1@group-9FC63B188219-LeaderElection20] INFO  impl.LeaderElection (LeaderElection.java:askForVotes(339)) - s1@group-9FC63B188219-LeaderElection20 PRE_VOTE round 51: result TIMEOUT
2024-10-09 00:14:12,979 [s1@group-9FC63B188219-LeaderElection20] INFO  impl.LeaderElection (LeaderElection.java:askForVotes(337)) - s1@group-9FC63B188219-LeaderElection20 PRE_VOTE round 52: submit vote requests at term 2 for conf: {index: 1, cur=peers:[s3|localhost:15172, s4|localhost:15176, s0|localhost:15160, s1|localhost:15164, s2|localhost:15168]|listeners:[], old=null}
2024-10-09 00:14:12,980 [HandlerDaemon-1] INFO  server.RaftServer$Division (RaftServerImpl.java:requestVote(1443)) - s3@group-9FC63B188219: receive requestVote(PRE_VOTE, s1, group-9FC63B188219, 2, (t:2, i:2))
2024-10-09 00:14:12,980 [HandlerDaemon-1] INFO  impl.VoteContext (VoteContext.java:log(49)) - s3@group-9FC63B188219-CANDIDATE: accept PRE_VOTE from s1: our priority 0 <= candidate's priority 0
2024-10-09 00:14:12,980 [s1@group-9FC63B188219-LeaderElection20] INFO  impl.LeaderElection (LogUtils.java:infoOrTrace(136)) - s1@group-9FC63B188219-LeaderElection20 got exception when requesting votes: java.util.concurrent.ExecutionException: java.io.IOException: The peer s4 is not alive.
2024-10-09 00:14:12,980 [HandlerDaemon-1] INFO  server.RaftServer$Division (RaftServerImpl.java:requestVote(1476)) - s3@group-9FC63B188219 replies to PRE_VOTE vote request: s1<-s3#0:OK-t2. Peer's state: s3@group-9FC63B188219:t2, leader=null, voted=s2, raftlog=Memoized:s3@group-9FC63B188219-SegmentedRaftLog:OPENED:c2:last(t:2, i:2), conf=conf: {index: 1, cur=peers:[s3|localhost:15172, s4|localhost:15176, s0|localhost:15160, s1|localhost:15164, s2|localhost:15168]|listeners:[], old=null}
2024-10-09 00:14:12,980 [s1@group-9FC63B188219-LeaderElection20] INFO  impl.LeaderElection (LogUtils.java:infoOrTrace(136)) - s1@group-9FC63B188219-LeaderElection20 got exception when requesting votes: java.util.concurrent.ExecutionException: java.io.IOException: The peer s2 is not alive.
2024-10-09 00:14:13,007 [s3@group-9FC63B188219-LeaderElection21] INFO  impl.LeaderElection (LeaderElection.java:logAndReturn(90)) - s3@group-9FC63B188219-LeaderElection21: PRE_VOTE TIMEOUT received 1 response(s) and 2 exception(s):
2024-10-09 00:14:13,007 [s3@group-9FC63B188219-LeaderElection21] INFO  impl.LeaderElection (LeaderElection.java:logAndReturn(94)) -   Response 0: s3<-s1#0:OK-t2
2024-10-09 00:14:13,007 [s3@group-9FC63B188219-LeaderElection21] INFO  impl.LeaderElection (LogUtils.java:infoOrTrace(136)) -   Exception 1: java.util.concurrent.ExecutionException: java.io.IOException: The peer s4 is not alive.
2024-10-09 00:14:13,007 [s3@group-9FC63B188219-LeaderElection21] INFO  impl.LeaderElection (LogUtils.java:infoOrTrace(136)) -   Exception 2: java.util.concurrent.ExecutionException: java.io.IOException: The peer s2 is not alive.
2024-10-09 00:14:13,007 [s3@group-9FC63B188219-LeaderElection21] INFO  impl.LeaderElection (LeaderElection.java:askForVotes(339)) - s3@group-9FC63B188219-LeaderElection21 PRE_VOTE round 36: result TIMEOUT
2024-10-09 00:14:13,007 [s3@group-9FC63B188219-LeaderElection21] INFO  impl.LeaderElection (LeaderElection.java:askForVotes(337)) - s3@group-9FC63B188219-LeaderElection21 PRE_VOTE round 37: submit vote requests at term 2 for conf: {index: 1, cur=peers:[s3|localhost:15172, s4|localhost:15176, s0|localhost:15160, s1|localhost:15164, s2|localhost:15168]|listeners:[], old=null}
2024-10-09 00:14:13,008 [HandlerDaemon-1] INFO  server.RaftServer$Division (RaftServerImpl.java:requestVote(1443)) - s1@group-9FC63B188219: receive requestVote(PRE_VOTE, s3, group-9FC63B188219, 2, (t:2, i:2))
2024-10-09 00:14:13,008 [s3@group-9FC63B188219-LeaderElection21] INFO  impl.LeaderElection (LogUtils.java:infoOrTrace(136)) - s3@group-9FC63B188219-LeaderElection21 got exception when requesting votes: java.util.concurrent.ExecutionException: java.io.IOException: The peer s4 is not alive.
2024-10-09 00:14:13,008 [HandlerDaemon-1] INFO  impl.VoteContext (VoteContext.java:log(49)) - s1@group-9FC63B188219-CANDIDATE: accept PRE_VOTE from s3: our priority 0 <= candidate's priority 0
2024-10-09 00:14:13,008 [s3@group-9FC63B188219-LeaderElection21] INFO  impl.LeaderElection (LogUtils.java:infoOrTrace(136)) - s3@group-9FC63B188219-LeaderElection21 got exception when requesting votes: java.util.concurrent.ExecutionException: java.io.IOException: The peer s2 is not alive.
2024-10-09 00:14:13,008 [HandlerDaemon-1] INFO  server.RaftServer$Division (RaftServerImpl.java:requestVote(1476)) - s1@group-9FC63B188219 replies to PRE_VOTE vote request: s3<-s1#0:OK-t2. Peer's state: s1@group-9FC63B188219:t2, leader=null, voted=s2, raftlog=Memoized:s1@group-9FC63B188219-SegmentedRaftLog:OPENED:c2:last(t:2, i:2), conf=conf: {index: 1, cur=peers:[s3|localhost:15172, s4|localhost:15176, s0|localhost:15160, s1|localhost:15164, s2|localhost:15168]|listeners:[], old=null}
2024-10-09 00:14:13,055 [main] WARN  ratis.RaftTestUtil (RaftTestUtil.java:lambda$waitForLeader$3(126)) - Attempt #27 failed: java.lang.IllegalStateException: No leader yet : printing ALL groups
  s3:  RUNNING CANDIDATE s3@group-9FC63B188219:t2, leader=null, voted=s2, raftlog=Memoized:s3@group-9FC63B188219-SegmentedRaftLog:OPENED:c2:last(t:2, i:2), conf=conf: {index: 1, cur=peers:[s3|localhost:15172, s4|localhost:15176, s0|localhost:15160, s1|localhost:15164, s2|localhost:15168]|listeners:[], old=null} RUNNING
  s4:   CLOSED    LEADER s4@group-9FC63B188219:t1, leader=s4, voted=s4, raftlog=Memoized:s4@group-9FC63B188219-SegmentedRaftLog:CLOSED:c0, conf=conf: {index: 0, cur=peers:[s3|localhost:15172, s4|localhost:15176, s0|localhost:15160, s1|localhost:15164, s2|localhost:15168]|listeners:[], old=null} CLOSED
  s0:  RUNNING  FOLLOWER s0@group-9FC63B188219:t1, leader=null, voted=null, raftlog=Memoized:s0@group-9FC63B188219-SegmentedRaftLog:OPENED:c-1:lastnull, conf=conf: {index: -1, cur=peers:[s3|localhost:15172, s4|localhost:15176, s0|localhost:15160, s1|localhost:15164, s2|localhost:15168]|listeners:[], old=null} RUNNING
  s1:  RUNNING CANDIDATE s1@group-9FC63B188219:t2, leader=null, voted=s2, raftlog=Memoized:s1@group-9FC63B188219-SegmentedRaftLog:OPENED:c2:last(t:2, i:2), conf=conf: {index: 1, cur=peers:[s3|localhost:15172, s4|localhost:15176, s0|localhost:15160, s1|localhost:15164, s2|localhost:15168]|listeners:[], old=null} RUNNING
  s2:   CLOSED    LEADER s2@group-9FC63B188219:t2, leader=s2, voted=s2, raftlog=Memoized:s2@group-9FC63B188219-SegmentedRaftLog:CLOSED:c2, conf=conf: {index: 1, cur=peers:[s3|localhost:15172, s4|localhost:15176, s0|localhost:15160, s1|localhost:15164, s2|localhost:15168]|listeners:[], old=null} CLOSED
2024-10-09 00:14:13,153 [s1@group-9FC63B188219-LeaderElection20] INFO  impl.LeaderElection (LeaderElection.java:logAndReturn(90)) - s1@group-9FC63B188219-LeaderElection20: PRE_VOTE TIMEOUT received 1 response(s) and 2 exception(s):
2024-10-09 00:14:13,153 [s1@group-9FC63B188219-LeaderElection20] INFO  impl.LeaderElection (LeaderElection.java:logAndReturn(94)) -   Response 0: s1<-s3#0:OK-t2
2024-10-09 00:14:13,153 [s1@group-9FC63B188219-LeaderElection20] INFO  impl.LeaderElection (LogUtils.java:infoOrTrace(136)) -   Exception 1: java.util.concurrent.ExecutionException: java.io.IOException: The peer s4 is not alive.
2024-10-09 00:14:13,153 [s1@group-9FC63B188219-LeaderElection20] INFO  impl.LeaderElection (LogUtils.java:infoOrTrace(136)) -   Exception 2: java.util.concurrent.ExecutionException: java.io.IOException: The peer s2 is not alive.
2024-10-09 00:14:13,153 [s1@group-9FC63B188219-LeaderElection20] INFO  impl.LeaderElection (LeaderElection.java:askForVotes(339)) - s1@group-9FC63B188219-LeaderElection20 PRE_VOTE round 52: result TIMEOUT
2024-10-09 00:14:13,153 [s1@group-9FC63B188219-LeaderElection20] INFO  impl.LeaderElection (LeaderElection.java:askForVotes(337)) - s1@group-9FC63B188219-LeaderElection20 PRE_VOTE round 53: submit vote requests at term 2 for conf: {index: 1, cur=peers:[s3|localhost:15172, s4|localhost:15176, s0|localhost:15160, s1|localhost:15164, s2|localhost:15168]|listeners:[], old=null}
2024-10-09 00:14:13,154 [HandlerDaemon-2] INFO  server.RaftServer$Division (RaftServerImpl.java:requestVote(1443)) - s3@group-9FC63B188219: receive requestVote(PRE_VOTE, s1, group-9FC63B188219, 2, (t:2, i:2))
2024-10-09 00:14:13,154 [HandlerDaemon-2] INFO  impl.VoteContext (VoteContext.java:log(49)) - s3@group-9FC63B188219-CANDIDATE: accept PRE_VOTE from s1: our priority 0 <= candidate's priority 0
2024-10-09 00:14:13,154 [HandlerDaemon-2] INFO  server.RaftServer$Division (RaftServerImpl.java:requestVote(1476)) - s3@group-9FC63B188219 replies to PRE_VOTE vote request: s1<-s3#0:OK-t2. Peer's state: s3@group-9FC63B188219:t2, leader=null, voted=s2, raftlog=Memoized:s3@group-9FC63B188219-SegmentedRaftLog:OPENED:c2:last(t:2, i:2), conf=conf: {index: 1, cur=peers:[s3|localhost:15172, s4|localhost:15176, s0|localhost:15160, s1|localhost:15164, s2|localhost:15168]|listeners:[], old=null}
2024-10-09 00:14:13,154 [s1@group-9FC63B188219-LeaderElection20] INFO  impl.LeaderElection (LogUtils.java:infoOrTrace(136)) - s1@group-9FC63B188219-LeaderElection20 got exception when requesting votes: java.util.concurrent.ExecutionException: java.io.IOException: The peer s4 is not alive.
2024-10-09 00:14:13,154 [s1@group-9FC63B188219-LeaderElection20] INFO  impl.LeaderElection (LogUtils.java:infoOrTrace(136)) - s1@group-9FC63B188219-LeaderElection20 got exception when requesting votes: java.util.concurrent.ExecutionException: java.io.IOException: The peer s2 is not alive.
2024-10-09 00:14:13,188 [s3@group-9FC63B188219-LeaderElection21] INFO  impl.LeaderElection (LeaderElection.java:logAndReturn(90)) - s3@group-9FC63B188219-LeaderElection21: PRE_VOTE TIMEOUT received 1 response(s) and 2 exception(s):
2024-10-09 00:14:13,188 [s3@group-9FC63B188219-LeaderElection21] INFO  impl.LeaderElection (LeaderElection.java:logAndReturn(94)) -   Response 0: s3<-s1#0:OK-t2
2024-10-09 00:14:13,188 [s3@group-9FC63B188219-LeaderElection21] INFO  impl.LeaderElection (LogUtils.java:infoOrTrace(136)) -   Exception 1: java.util.concurrent.ExecutionException: java.io.IOException: The peer s4 is not alive.
2024-10-09 00:14:13,188 [s3@group-9FC63B188219-LeaderElection21] INFO  impl.LeaderElection (LogUtils.java:infoOrTrace(136)) -   Exception 2: java.util.concurrent.ExecutionException: java.io.IOException: The peer s2 is not alive.
2024-10-09 00:14:13,188 [s3@group-9FC63B188219-LeaderElection21] INFO  impl.LeaderElection (LeaderElection.java:askForVotes(339)) - s3@group-9FC63B188219-LeaderElection21 PRE_VOTE round 37: result TIMEOUT
2024-10-09 00:14:13,188 [s3@group-9FC63B188219-LeaderElection21] INFO  impl.LeaderElection (LeaderElection.java:askForVotes(337)) - s3@group-9FC63B188219-LeaderElection21 PRE_VOTE round 38: submit vote requests at term 2 for conf: {index: 1, cur=peers:[s3|localhost:15172, s4|localhost:15176, s0|localhost:15160, s1|localhost:15164, s2|localhost:15168]|listeners:[], old=null}
2024-10-09 00:14:13,189 [s3@group-9FC63B188219-LeaderElection21] INFO  impl.LeaderElection (LogUtils.java:infoOrTrace(136)) - s3@group-9FC63B188219-LeaderElection21 got exception when requesting votes: java.util.concurrent.ExecutionException: java.io.IOException: The peer s4 is not alive.
2024-10-09 00:14:13,189 [HandlerDaemon-2] INFO  server.RaftServer$Division (RaftServerImpl.java:requestVote(1443)) - s1@group-9FC63B188219: receive requestVote(PRE_VOTE, s3, group-9FC63B188219, 2, (t:2, i:2))
2024-10-09 00:14:13,189 [s3@group-9FC63B188219-LeaderElection21] INFO  impl.LeaderElection (LogUtils.java:infoOrTrace(136)) - s3@group-9FC63B188219-LeaderElection21 got exception when requesting votes: java.util.concurrent.ExecutionException: java.io.IOException: The peer s2 is not alive.
2024-10-09 00:14:13,189 [HandlerDaemon-2] INFO  impl.VoteContext (VoteContext.java:log(49)) - s1@group-9FC63B188219-CANDIDATE: accept PRE_VOTE from s3: our priority 0 <= candidate's priority 0
2024-10-09 00:14:13,189 [HandlerDaemon-2] INFO  server.RaftServer$Division (RaftServerImpl.java:requestVote(1476)) - s1@group-9FC63B188219 replies to PRE_VOTE vote request: s3<-s1#0:OK-t2. Peer's state: s1@group-9FC63B188219:t2, leader=null, voted=s2, raftlog=Memoized:s1@group-9FC63B188219-SegmentedRaftLog:OPENED:c2:last(t:2, i:2), conf=conf: {index: 1, cur=peers:[s3|localhost:15172, s4|localhost:15176, s0|localhost:15160, s1|localhost:15164, s2|localhost:15168]|listeners:[], old=null}
2024-10-09 00:14:13,409 [s1@group-9FC63B188219-LeaderElection20] INFO  impl.LeaderElection (LeaderElection.java:logAndReturn(90)) - s1@group-9FC63B188219-LeaderElection20: PRE_VOTE TIMEOUT received 1 response(s) and 2 exception(s):
2024-10-09 00:14:13,409 [s1@group-9FC63B188219-LeaderElection20] INFO  impl.LeaderElection (LeaderElection.java:logAndReturn(94)) -   Response 0: s1<-s3#0:OK-t2
2024-10-09 00:14:13,409 [s1@group-9FC63B188219-LeaderElection20] INFO  impl.LeaderElection (LogUtils.java:infoOrTrace(136)) -   Exception 1: java.util.concurrent.ExecutionException: java.io.IOException: The peer s4 is not alive.
2024-10-09 00:14:13,409 [s1@group-9FC63B188219-LeaderElection20] INFO  impl.LeaderElection (LogUtils.java:infoOrTrace(136)) -   Exception 2: java.util.concurrent.ExecutionException: java.io.IOException: The peer s2 is not alive.
2024-10-09 00:14:13,409 [s1@group-9FC63B188219-LeaderElection20] INFO  impl.LeaderElection (LeaderElection.java:askForVotes(339)) - s1@group-9FC63B188219-LeaderElection20 PRE_VOTE round 53: result TIMEOUT
2024-10-09 00:14:13,409 [s1@group-9FC63B188219-LeaderElection20] INFO  impl.LeaderElection (LeaderElection.java:askForVotes(337)) - s1@group-9FC63B188219-LeaderElection20 PRE_VOTE round 54: submit vote requests at term 2 for conf: {index: 1, cur=peers:[s3|localhost:15172, s4|localhost:15176, s0|localhost:15160, s1|localhost:15164, s2|localhost:15168]|listeners:[], old=null}
2024-10-09 00:14:13,410 [HandlerDaemon-0] INFO  server.RaftServer$Division (RaftServerImpl.java:requestVote(1443)) - s3@group-9FC63B188219: receive requestVote(PRE_VOTE, s1, group-9FC63B188219, 2, (t:2, i:2))
2024-10-09 00:14:13,410 [HandlerDaemon-0] INFO  impl.VoteContext (VoteContext.java:log(49)) - s3@group-9FC63B188219-CANDIDATE: accept PRE_VOTE from s1: our priority 0 <= candidate's priority 0
2024-10-09 00:14:13,410 [HandlerDaemon-0] INFO  server.RaftServer$Division (RaftServerImpl.java:requestVote(1476)) - s3@group-9FC63B188219 replies to PRE_VOTE vote request: s1<-s3#0:OK-t2. Peer's state: s3@group-9FC63B188219:t2, leader=null, voted=s2, raftlog=Memoized:s3@group-9FC63B188219-SegmentedRaftLog:OPENED:c2:last(t:2, i:2), conf=conf: {index: 1, cur=peers:[s3|localhost:15172, s4|localhost:15176, s0|localhost:15160, s1|localhost:15164, s2|localhost:15168]|listeners:[], old=null}
2024-10-09 00:14:13,410 [s1@group-9FC63B188219-LeaderElection20] INFO  impl.LeaderElection (LogUtils.java:infoOrTrace(136)) - s1@group-9FC63B188219-LeaderElection20 got exception when requesting votes: java.util.concurrent.ExecutionException: java.io.IOException: The peer s4 is not alive.
2024-10-09 00:14:13,410 [s1@group-9FC63B188219-LeaderElection20] INFO  impl.LeaderElection (LogUtils.java:infoOrTrace(136)) - s1@group-9FC63B188219-LeaderElection20 got exception when requesting votes: java.util.concurrent.ExecutionException: java.io.IOException: The peer s2 is not alive.
2024-10-09 00:14:13,412 [s3@group-9FC63B188219-LeaderElection21] INFO  impl.LeaderElection (LeaderElection.java:logAndReturn(90)) - s3@group-9FC63B188219-LeaderElection21: PRE_VOTE TIMEOUT received 1 response(s) and 2 exception(s):
2024-10-09 00:14:13,412 [s3@group-9FC63B188219-LeaderElection21] INFO  impl.LeaderElection (LeaderElection.java:logAndReturn(94)) -   Response 0: s3<-s1#0:OK-t2
2024-10-09 00:14:13,412 [s3@group-9FC63B188219-LeaderElection21] INFO  impl.LeaderElection (LogUtils.java:infoOrTrace(136)) -   Exception 1: java.util.concurrent.ExecutionException: java.io.IOException: The peer s4 is not alive.
2024-10-09 00:14:13,412 [s3@group-9FC63B188219-LeaderElection21] INFO  impl.LeaderElection (LogUtils.java:infoOrTrace(136)) -   Exception 2: java.util.concurrent.ExecutionException: java.io.IOException: The peer s2 is not alive.
2024-10-09 00:14:13,412 [s3@group-9FC63B188219-LeaderElection21] INFO  impl.LeaderElection (LeaderElection.java:askForVotes(339)) - s3@group-9FC63B188219-LeaderElection21 PRE_VOTE round 38: result TIMEOUT
2024-10-09 00:14:13,412 [s3@group-9FC63B188219-LeaderElection21] INFO  impl.LeaderElection (LeaderElection.java:askForVotes(337)) - s3@group-9FC63B188219-LeaderElection21 PRE_VOTE round 39: submit vote requests at term 2 for conf: {index: 1, cur=peers:[s3|localhost:15172, s4|localhost:15176, s0|localhost:15160, s1|localhost:15164, s2|localhost:15168]|listeners:[], old=null}
2024-10-09 00:14:13,413 [s3@group-9FC63B188219-LeaderElection21] INFO  impl.LeaderElection (LogUtils.java:infoOrTrace(136)) - s3@group-9FC63B188219-LeaderElection21 got exception when requesting votes: java.util.concurrent.ExecutionException: java.io.IOException: The peer s4 is not alive.
2024-10-09 00:14:13,413 [HandlerDaemon-0] INFO  server.RaftServer$Division (RaftServerImpl.java:requestVote(1443)) - s1@group-9FC63B188219: receive requestVote(PRE_VOTE, s3, group-9FC63B188219, 2, (t:2, i:2))
2024-10-09 00:14:13,413 [s3@group-9FC63B188219-LeaderElection21] INFO  impl.LeaderElection (LogUtils.java:infoOrTrace(136)) - s3@group-9FC63B188219-LeaderElection21 got exception when requesting votes: java.util.concurrent.ExecutionException: java.io.IOException: The peer s2 is not alive.
2024-10-09 00:14:13,413 [HandlerDaemon-0] INFO  impl.VoteContext (VoteContext.java:log(49)) - s1@group-9FC63B188219-CANDIDATE: accept PRE_VOTE from s3: our priority 0 <= candidate's priority 0
2024-10-09 00:14:13,413 [HandlerDaemon-0] INFO  server.RaftServer$Division (RaftServerImpl.java:requestVote(1476)) - s1@group-9FC63B188219 replies to PRE_VOTE vote request: s3<-s1#0:OK-t2. Peer's state: s1@group-9FC63B188219:t2, leader=null, voted=s2, raftlog=Memoized:s1@group-9FC63B188219-SegmentedRaftLog:OPENED:c2:last(t:2, i:2), conf=conf: {index: 1, cur=peers:[s3|localhost:15172, s4|localhost:15176, s0|localhost:15160, s1|localhost:15164, s2|localhost:15168]|listeners:[], old=null}
2024-10-09 00:14:13,505 [main] WARN  ratis.RaftTestUtil (RaftTestUtil.java:lambda$waitForLeader$3(126)) - Attempt #28 failed: java.lang.IllegalStateException: No leader yet : printing ALL groups
  s3:  RUNNING CANDIDATE s3@group-9FC63B188219:t2, leader=null, voted=s2, raftlog=Memoized:s3@group-9FC63B188219-SegmentedRaftLog:OPENED:c2:last(t:2, i:2), conf=conf: {index: 1, cur=peers:[s3|localhost:15172, s4|localhost:15176, s0|localhost:15160, s1|localhost:15164, s2|localhost:15168]|listeners:[], old=null} RUNNING
  s4:   CLOSED    LEADER s4@group-9FC63B188219:t1, leader=s4, voted=s4, raftlog=Memoized:s4@group-9FC63B188219-SegmentedRaftLog:CLOSED:c0, conf=conf: {index: 0, cur=peers:[s3|localhost:15172, s4|localhost:15176, s0|localhost:15160, s1|localhost:15164, s2|localhost:15168]|listeners:[], old=null} CLOSED
  s0:  RUNNING  FOLLOWER s0@group-9FC63B188219:t1, leader=null, voted=null, raftlog=Memoized:s0@group-9FC63B188219-SegmentedRaftLog:OPENED:c-1:lastnull, conf=conf: {index: -1, cur=peers:[s3|localhost:15172, s4|localhost:15176, s0|localhost:15160, s1|localhost:15164, s2|localhost:15168]|listeners:[], old=null} RUNNING
  s1:  RUNNING CANDIDATE s1@group-9FC63B188219:t2, leader=null, voted=s2, raftlog=Memoized:s1@group-9FC63B188219-SegmentedRaftLog:OPENED:c2:last(t:2, i:2), conf=conf: {index: 1, cur=peers:[s3|localhost:15172, s4|localhost:15176, s0|localhost:15160, s1|localhost:15164, s2|localhost:15168]|listeners:[], old=null} RUNNING
  s2:   CLOSED    LEADER s2@group-9FC63B188219:t2, leader=s2, voted=s2, raftlog=Memoized:s2@group-9FC63B188219-SegmentedRaftLog:CLOSED:c2, conf=conf: {index: 1, cur=peers:[s3|localhost:15172, s4|localhost:15176, s0|localhost:15160, s1|localhost:15164, s2|localhost:15168]|listeners:[], old=null} CLOSED
2024-10-09 00:14:13,654 [s1@group-9FC63B188219-LeaderElection20] INFO  impl.LeaderElection (LeaderElection.java:logAndReturn(90)) - s1@group-9FC63B188219-LeaderElection20: PRE_VOTE TIMEOUT received 1 response(s) and 2 exception(s):
2024-10-09 00:14:13,654 [s1@group-9FC63B188219-LeaderElection20] INFO  impl.LeaderElection (LeaderElection.java:logAndReturn(94)) -   Response 0: s1<-s3#0:OK-t2
2024-10-09 00:14:13,654 [s1@group-9FC63B188219-LeaderElection20] INFO  impl.LeaderElection (LogUtils.java:infoOrTrace(136)) -   Exception 1: java.util.concurrent.ExecutionException: java.io.IOException: The peer s4 is not alive.
2024-10-09 00:14:13,654 [s1@group-9FC63B188219-LeaderElection20] INFO  impl.LeaderElection (LogUtils.java:infoOrTrace(136)) -   Exception 2: java.util.concurrent.ExecutionException: java.io.IOException: The peer s2 is not alive.
2024-10-09 00:14:13,654 [s1@group-9FC63B188219-LeaderElection20] INFO  impl.LeaderElection (LeaderElection.java:askForVotes(339)) - s1@group-9FC63B188219-LeaderElection20 PRE_VOTE round 54: result TIMEOUT
2024-10-09 00:14:13,654 [s1@group-9FC63B188219-LeaderElection20] INFO  impl.LeaderElection (LeaderElection.java:askForVotes(337)) - s1@group-9FC63B188219-LeaderElection20 PRE_VOTE round 55: submit vote requests at term 2 for conf: {index: 1, cur=peers:[s3|localhost:15172, s4|localhost:15176, s0|localhost:15160, s1|localhost:15164, s2|localhost:15168]|listeners:[], old=null}
2024-10-09 00:14:13,655 [HandlerDaemon-1] INFO  server.RaftServer$Division (RaftServerImpl.java:requestVote(1443)) - s3@group-9FC63B188219: receive requestVote(PRE_VOTE, s1, group-9FC63B188219, 2, (t:2, i:2))
2024-10-09 00:14:13,655 [HandlerDaemon-1] INFO  impl.VoteContext (VoteContext.java:log(49)) - s3@group-9FC63B188219-CANDIDATE: accept PRE_VOTE from s1: our priority 0 <= candidate's priority 0
2024-10-09 00:14:13,655 [s1@group-9FC63B188219-LeaderElection20] INFO  impl.LeaderElection (LogUtils.java:infoOrTrace(136)) - s1@group-9FC63B188219-LeaderElection20 got exception when requesting votes: java.util.concurrent.ExecutionException: java.io.IOException: The peer s4 is not alive.
2024-10-09 00:14:13,655 [HandlerDaemon-1] INFO  server.RaftServer$Division (RaftServerImpl.java:requestVote(1476)) - s3@group-9FC63B188219 replies to PRE_VOTE vote request: s1<-s3#0:OK-t2. Peer's state: s3@group-9FC63B188219:t2, leader=null, voted=s2, raftlog=Memoized:s3@group-9FC63B188219-SegmentedRaftLog:OPENED:c2:last(t:2, i:2), conf=conf: {index: 1, cur=peers:[s3|localhost:15172, s4|localhost:15176, s0|localhost:15160, s1|localhost:15164, s2|localhost:15168]|listeners:[], old=null}
2024-10-09 00:14:13,655 [s1@group-9FC63B188219-LeaderElection20] INFO  impl.LeaderElection (LogUtils.java:infoOrTrace(136)) - s1@group-9FC63B188219-LeaderElection20 got exception when requesting votes: java.util.concurrent.ExecutionException: java.io.IOException: The peer s2 is not alive.
2024-10-09 00:14:13,671 [s3@group-9FC63B188219-LeaderElection21] INFO  impl.LeaderElection (LeaderElection.java:logAndReturn(90)) - s3@group-9FC63B188219-LeaderElection21: PRE_VOTE TIMEOUT received 1 response(s) and 2 exception(s):
2024-10-09 00:14:13,671 [s3@group-9FC63B188219-LeaderElection21] INFO  impl.LeaderElection (LeaderElection.java:logAndReturn(94)) -   Response 0: s3<-s1#0:OK-t2
2024-10-09 00:14:13,671 [s3@group-9FC63B188219-LeaderElection21] INFO  impl.LeaderElection (LogUtils.java:infoOrTrace(136)) -   Exception 1: java.util.concurrent.ExecutionException: java.io.IOException: The peer s4 is not alive.
2024-10-09 00:14:13,671 [s3@group-9FC63B188219-LeaderElection21] INFO  impl.LeaderElection (LogUtils.java:infoOrTrace(136)) -   Exception 2: java.util.concurrent.ExecutionException: java.io.IOException: The peer s2 is not alive.
2024-10-09 00:14:13,671 [s3@group-9FC63B188219-LeaderElection21] INFO  impl.LeaderElection (LeaderElection.java:askForVotes(339)) - s3@group-9FC63B188219-LeaderElection21 PRE_VOTE round 39: result TIMEOUT
2024-10-09 00:14:13,671 [s3@group-9FC63B188219-LeaderElection21] INFO  impl.LeaderElection (LeaderElection.java:askForVotes(337)) - s3@group-9FC63B188219-LeaderElection21 PRE_VOTE round 40: submit vote requests at term 2 for conf: {index: 1, cur=peers:[s3|localhost:15172, s4|localhost:15176, s0|localhost:15160, s1|localhost:15164, s2|localhost:15168]|listeners:[], old=null}
2024-10-09 00:14:13,671 [HandlerDaemon-1] INFO  server.RaftServer$Division (RaftServerImpl.java:requestVote(1443)) - s1@group-9FC63B188219: receive requestVote(PRE_VOTE, s3, group-9FC63B188219, 2, (t:2, i:2))
2024-10-09 00:14:13,671 [s3@group-9FC63B188219-LeaderElection21] INFO  impl.LeaderElection (LogUtils.java:infoOrTrace(136)) - s3@group-9FC63B188219-LeaderElection21 got exception when requesting votes: java.util.concurrent.ExecutionException: java.io.IOException: The peer s4 is not alive.
2024-10-09 00:14:13,671 [HandlerDaemon-1] INFO  impl.VoteContext (VoteContext.java:log(49)) - s1@group-9FC63B188219-CANDIDATE: accept PRE_VOTE from s3: our priority 0 <= candidate's priority 0
2024-10-09 00:14:13,671 [s3@group-9FC63B188219-LeaderElection21] INFO  impl.LeaderElection (LogUtils.java:infoOrTrace(136)) - s3@group-9FC63B188219-LeaderElection21 got exception when requesting votes: java.util.concurrent.ExecutionException: java.io.IOException: The peer s2 is not alive.
2024-10-09 00:14:13,672 [HandlerDaemon-1] INFO  server.RaftServer$Division (RaftServerImpl.java:requestVote(1476)) - s1@group-9FC63B188219 replies to PRE_VOTE vote request: s3<-s1#0:OK-t2. Peer's state: s1@group-9FC63B188219:t2, leader=null, voted=s2, raftlog=Memoized:s1@group-9FC63B188219-SegmentedRaftLog:OPENED:c2:last(t:2, i:2), conf=conf: {index: 1, cur=peers:[s3|localhost:15172, s4|localhost:15176, s0|localhost:15160, s1|localhost:15164, s2|localhost:15168]|listeners:[], old=null}
2024-10-09 00:14:13,907 [s3@group-9FC63B188219-LeaderElection21] INFO  impl.LeaderElection (LeaderElection.java:logAndReturn(90)) - s3@group-9FC63B188219-LeaderElection21: PRE_VOTE TIMEOUT received 1 response(s) and 2 exception(s):
2024-10-09 00:14:13,907 [s3@group-9FC63B188219-LeaderElection21] INFO  impl.LeaderElection (LeaderElection.java:logAndReturn(94)) -   Response 0: s3<-s1#0:OK-t2
2024-10-09 00:14:13,908 [s3@group-9FC63B188219-LeaderElection21] INFO  impl.LeaderElection (LogUtils.java:infoOrTrace(136)) -   Exception 1: java.util.concurrent.ExecutionException: java.io.IOException: The peer s4 is not alive.
2024-10-09 00:14:13,908 [s3@group-9FC63B188219-LeaderElection21] INFO  impl.LeaderElection (LogUtils.java:infoOrTrace(136)) -   Exception 2: java.util.concurrent.ExecutionException: java.io.IOException: The peer s2 is not alive.
2024-10-09 00:14:13,908 [s3@group-9FC63B188219-LeaderElection21] INFO  impl.LeaderElection (LeaderElection.java:askForVotes(339)) - s3@group-9FC63B188219-LeaderElection21 PRE_VOTE round 40: result TIMEOUT
2024-10-09 00:14:13,908 [s3@group-9FC63B188219-LeaderElection21] INFO  impl.LeaderElection (LeaderElection.java:askForVotes(337)) - s3@group-9FC63B188219-LeaderElection21 PRE_VOTE round 41: submit vote requests at term 2 for conf: {index: 1, cur=peers:[s3|localhost:15172, s4|localhost:15176, s0|localhost:15160, s1|localhost:15164, s2|localhost:15168]|listeners:[], old=null}
2024-10-09 00:14:13,908 [HandlerDaemon-2] INFO  server.RaftServer$Division (RaftServerImpl.java:requestVote(1443)) - s1@group-9FC63B188219: receive requestVote(PRE_VOTE, s3, group-9FC63B188219, 2, (t:2, i:2))
2024-10-09 00:14:13,908 [s3@group-9FC63B188219-LeaderElection21] INFO  impl.LeaderElection (LogUtils.java:infoOrTrace(136)) - s3@group-9FC63B188219-LeaderElection21 got exception when requesting votes: java.util.concurrent.ExecutionException: java.io.IOException: The peer s4 is not alive.
2024-10-09 00:14:13,908 [HandlerDaemon-2] INFO  impl.VoteContext (VoteContext.java:log(49)) - s1@group-9FC63B188219-CANDIDATE: accept PRE_VOTE from s3: our priority 0 <= candidate's priority 0
2024-10-09 00:14:13,908 [s3@group-9FC63B188219-LeaderElection21] INFO  impl.LeaderElection (LogUtils.java:infoOrTrace(136)) - s3@group-9FC63B188219-LeaderElection21 got exception when requesting votes: java.util.concurrent.ExecutionException: java.io.IOException: The peer s2 is not alive.
2024-10-09 00:14:13,908 [HandlerDaemon-2] INFO  server.RaftServer$Division (RaftServerImpl.java:requestVote(1476)) - s1@group-9FC63B188219 replies to PRE_VOTE vote request: s3<-s1#0:OK-t2. Peer's state: s1@group-9FC63B188219:t2, leader=null, voted=s2, raftlog=Memoized:s1@group-9FC63B188219-SegmentedRaftLog:OPENED:c2:last(t:2, i:2), conf=conf: {index: 1, cur=peers:[s3|localhost:15172, s4|localhost:15176, s0|localhost:15160, s1|localhost:15164, s2|localhost:15168]|listeners:[], old=null}
2024-10-09 00:14:13,925 [s1@group-9FC63B188219-LeaderElection20] INFO  impl.LeaderElection (LeaderElection.java:logAndReturn(90)) - s1@group-9FC63B188219-LeaderElection20: PRE_VOTE TIMEOUT received 1 response(s) and 2 exception(s):
2024-10-09 00:14:13,925 [s1@group-9FC63B188219-LeaderElection20] INFO  impl.LeaderElection (LeaderElection.java:logAndReturn(94)) -   Response 0: s1<-s3#0:OK-t2
2024-10-09 00:14:13,925 [s1@group-9FC63B188219-LeaderElection20] INFO  impl.LeaderElection (LogUtils.java:infoOrTrace(136)) -   Exception 1: java.util.concurrent.ExecutionException: java.io.IOException: The peer s4 is not alive.
2024-10-09 00:14:13,925 [s1@group-9FC63B188219-LeaderElection20] INFO  impl.LeaderElection (LogUtils.java:infoOrTrace(136)) -   Exception 2: java.util.concurrent.ExecutionException: java.io.IOException: The peer s2 is not alive.
2024-10-09 00:14:13,925 [s1@group-9FC63B188219-LeaderElection20] INFO  impl.LeaderElection (LeaderElection.java:askForVotes(339)) - s1@group-9FC63B188219-LeaderElection20 PRE_VOTE round 55: result TIMEOUT
2024-10-09 00:14:13,925 [s1@group-9FC63B188219-LeaderElection20] INFO  impl.LeaderElection (LeaderElection.java:askForVotes(337)) - s1@group-9FC63B188219-LeaderElection20 PRE_VOTE round 56: submit vote requests at term 2 for conf: {index: 1, cur=peers:[s3|localhost:15172, s4|localhost:15176, s0|localhost:15160, s1|localhost:15164, s2|localhost:15168]|listeners:[], old=null}
2024-10-09 00:14:13,925 [HandlerDaemon-2] INFO  server.RaftServer$Division (RaftServerImpl.java:requestVote(1443)) - s3@group-9FC63B188219: receive requestVote(PRE_VOTE, s1, group-9FC63B188219, 2, (t:2, i:2))
2024-10-09 00:14:13,925 [HandlerDaemon-2] INFO  impl.VoteContext (VoteContext.java:log(49)) - s3@group-9FC63B188219-CANDIDATE: accept PRE_VOTE from s1: our priority 0 <= candidate's priority 0
2024-10-09 00:14:13,925 [s1@group-9FC63B188219-LeaderElection20] INFO  impl.LeaderElection (LogUtils.java:infoOrTrace(136)) - s1@group-9FC63B188219-LeaderElection20 got exception when requesting votes: java.util.concurrent.ExecutionException: java.io.IOException: The peer s4 is not alive.
2024-10-09 00:14:13,925 [HandlerDaemon-2] INFO  server.RaftServer$Division (RaftServerImpl.java:requestVote(1476)) - s3@group-9FC63B188219 replies to PRE_VOTE vote request: s1<-s3#0:OK-t2. Peer's state: s3@group-9FC63B188219:t2, leader=null, voted=s2, raftlog=Memoized:s3@group-9FC63B188219-SegmentedRaftLog:OPENED:c2:last(t:2, i:2), conf=conf: {index: 1, cur=peers:[s3|localhost:15172, s4|localhost:15176, s0|localhost:15160, s1|localhost:15164, s2|localhost:15168]|listeners:[], old=null}
2024-10-09 00:14:13,926 [s1@group-9FC63B188219-LeaderElection20] INFO  impl.LeaderElection (LogUtils.java:infoOrTrace(136)) - s1@group-9FC63B188219-LeaderElection20 got exception when requesting votes: java.util.concurrent.ExecutionException: java.io.IOException: The peer s2 is not alive.
2024-10-09 00:14:13,955 [main] WARN  ratis.RaftTestUtil (RaftTestUtil.java:lambda$waitForLeader$3(126)) - Attempt #29 failed: java.lang.IllegalStateException: No leader yet : printing ALL groups
  s3:  RUNNING CANDIDATE s3@group-9FC63B188219:t2, leader=null, voted=s2, raftlog=Memoized:s3@group-9FC63B188219-SegmentedRaftLog:OPENED:c2:last(t:2, i:2), conf=conf: {index: 1, cur=peers:[s3|localhost:15172, s4|localhost:15176, s0|localhost:15160, s1|localhost:15164, s2|localhost:15168]|listeners:[], old=null} RUNNING
  s4:   CLOSED    LEADER s4@group-9FC63B188219:t1, leader=s4, voted=s4, raftlog=Memoized:s4@group-9FC63B188219-SegmentedRaftLog:CLOSED:c0, conf=conf: {index: 0, cur=peers:[s3|localhost:15172, s4|localhost:15176, s0|localhost:15160, s1|localhost:15164, s2|localhost:15168]|listeners:[], old=null} CLOSED
  s0:  RUNNING  FOLLOWER s0@group-9FC63B188219:t1, leader=null, voted=null, raftlog=Memoized:s0@group-9FC63B188219-SegmentedRaftLog:OPENED:c-1:lastnull, conf=conf: {index: -1, cur=peers:[s3|localhost:15172, s4|localhost:15176, s0|localhost:15160, s1|localhost:15164, s2|localhost:15168]|listeners:[], old=null} RUNNING
  s1:  RUNNING CANDIDATE s1@group-9FC63B188219:t2, leader=null, voted=s2, raftlog=Memoized:s1@group-9FC63B188219-SegmentedRaftLog:OPENED:c2:last(t:2, i:2), conf=conf: {index: 1, cur=peers:[s3|localhost:15172, s4|localhost:15176, s0|localhost:15160, s1|localhost:15164, s2|localhost:15168]|listeners:[], old=null} RUNNING
  s2:   CLOSED    LEADER s2@group-9FC63B188219:t2, leader=s2, voted=s2, raftlog=Memoized:s2@group-9FC63B188219-SegmentedRaftLog:CLOSED:c2, conf=conf: {index: 1, cur=peers:[s3|localhost:15172, s4|localhost:15176, s0|localhost:15160, s1|localhost:15164, s2|localhost:15168]|listeners:[], old=null} CLOSED
2024-10-09 00:14:14,080 [s1@group-9FC63B188219-LeaderElection20] INFO  impl.LeaderElection (LeaderElection.java:logAndReturn(90)) - s1@group-9FC63B188219-LeaderElection20: PRE_VOTE TIMEOUT received 1 response(s) and 2 exception(s):
2024-10-09 00:14:14,080 [s1@group-9FC63B188219-LeaderElection20] INFO  impl.LeaderElection (LeaderElection.java:logAndReturn(94)) -   Response 0: s1<-s3#0:OK-t2
2024-10-09 00:14:14,080 [s1@group-9FC63B188219-LeaderElection20] INFO  impl.LeaderElection (LogUtils.java:infoOrTrace(136)) -   Exception 1: java.util.concurrent.ExecutionException: java.io.IOException: The peer s4 is not alive.
2024-10-09 00:14:14,080 [s1@group-9FC63B188219-LeaderElection20] INFO  impl.LeaderElection (LogUtils.java:infoOrTrace(136)) -   Exception 2: java.util.concurrent.ExecutionException: java.io.IOException: The peer s2 is not alive.
2024-10-09 00:14:14,080 [s1@group-9FC63B188219-LeaderElection20] INFO  impl.LeaderElection (LeaderElection.java:askForVotes(339)) - s1@group-9FC63B188219-LeaderElection20 PRE_VOTE round 56: result TIMEOUT
2024-10-09 00:14:14,080 [s1@group-9FC63B188219-LeaderElection20] INFO  impl.LeaderElection (LeaderElection.java:askForVotes(337)) - s1@group-9FC63B188219-LeaderElection20 PRE_VOTE round 57: submit vote requests at term 2 for conf: {index: 1, cur=peers:[s3|localhost:15172, s4|localhost:15176, s0|localhost:15160, s1|localhost:15164, s2|localhost:15168]|listeners:[], old=null}
2024-10-09 00:14:14,080 [HandlerDaemon-0] INFO  server.RaftServer$Division (RaftServerImpl.java:requestVote(1443)) - s3@group-9FC63B188219: receive requestVote(PRE_VOTE, s1, group-9FC63B188219, 2, (t:2, i:2))
2024-10-09 00:14:14,080 [HandlerDaemon-0] INFO  impl.VoteContext (VoteContext.java:log(49)) - s3@group-9FC63B188219-CANDIDATE: accept PRE_VOTE from s1: our priority 0 <= candidate's priority 0
2024-10-09 00:14:14,080 [HandlerDaemon-0] INFO  server.RaftServer$Division (RaftServerImpl.java:requestVote(1476)) - s3@group-9FC63B188219 replies to PRE_VOTE vote request: s1<-s3#0:OK-t2. Peer's state: s3@group-9FC63B188219:t2, leader=null, voted=s2, raftlog=Memoized:s3@group-9FC63B188219-SegmentedRaftLog:OPENED:c2:last(t:2, i:2), conf=conf: {index: 1, cur=peers:[s3|localhost:15172, s4|localhost:15176, s0|localhost:15160, s1|localhost:15164, s2|localhost:15168]|listeners:[], old=null}
2024-10-09 00:14:14,081 [s1@group-9FC63B188219-LeaderElection20] INFO  impl.LeaderElection (LogUtils.java:infoOrTrace(136)) - s1@group-9FC63B188219-LeaderElection20 got exception when requesting votes: java.util.concurrent.ExecutionException: java.io.IOException: The peer s4 is not alive.
2024-10-09 00:14:14,081 [s1@group-9FC63B188219-LeaderElection20] INFO  impl.LeaderElection (LogUtils.java:infoOrTrace(136)) - s1@group-9FC63B188219-LeaderElection20 got exception when requesting votes: java.util.concurrent.ExecutionException: java.io.IOException: The peer s2 is not alive.
2024-10-09 00:14:14,097 [s3@group-9FC63B188219-LeaderElection21] INFO  impl.LeaderElection (LeaderElection.java:logAndReturn(90)) - s3@group-9FC63B188219-LeaderElection21: PRE_VOTE TIMEOUT received 1 response(s) and 2 exception(s):
2024-10-09 00:14:14,097 [s3@group-9FC63B188219-LeaderElection21] INFO  impl.LeaderElection (LeaderElection.java:logAndReturn(94)) -   Response 0: s3<-s1#0:OK-t2
2024-10-09 00:14:14,097 [s3@group-9FC63B188219-LeaderElection21] INFO  impl.LeaderElection (LogUtils.java:infoOrTrace(136)) -   Exception 1: java.util.concurrent.ExecutionException: java.io.IOException: The peer s4 is not alive.
2024-10-09 00:14:14,097 [s3@group-9FC63B188219-LeaderElection21] INFO  impl.LeaderElection (LogUtils.java:infoOrTrace(136)) -   Exception 2: java.util.concurrent.ExecutionException: java.io.IOException: The peer s2 is not alive.
2024-10-09 00:14:14,097 [s3@group-9FC63B188219-LeaderElection21] INFO  impl.LeaderElection (LeaderElection.java:askForVotes(339)) - s3@group-9FC63B188219-LeaderElection21 PRE_VOTE round 41: result TIMEOUT
2024-10-09 00:14:14,097 [s3@group-9FC63B188219-LeaderElection21] INFO  impl.LeaderElection (LeaderElection.java:askForVotes(337)) - s3@group-9FC63B188219-LeaderElection21 PRE_VOTE round 42: submit vote requests at term 2 for conf: {index: 1, cur=peers:[s3|localhost:15172, s4|localhost:15176, s0|localhost:15160, s1|localhost:15164, s2|localhost:15168]|listeners:[], old=null}
2024-10-09 00:14:14,098 [s3@group-9FC63B188219-LeaderElection21] INFO  impl.LeaderElection (LogUtils.java:infoOrTrace(136)) - s3@group-9FC63B188219-LeaderElection21 got exception when requesting votes: java.util.concurrent.ExecutionException: java.io.IOException: The peer s4 is not alive.
2024-10-09 00:14:14,098 [HandlerDaemon-0] INFO  server.RaftServer$Division (RaftServerImpl.java:requestVote(1443)) - s1@group-9FC63B188219: receive requestVote(PRE_VOTE, s3, group-9FC63B188219, 2, (t:2, i:2))
2024-10-09 00:14:14,098 [s3@group-9FC63B188219-LeaderElection21] INFO  impl.LeaderElection (LogUtils.java:infoOrTrace(136)) - s3@group-9FC63B188219-LeaderElection21 got exception when requesting votes: java.util.concurrent.ExecutionException: java.io.IOException: The peer s2 is not alive.
2024-10-09 00:14:14,098 [HandlerDaemon-0] INFO  impl.VoteContext (VoteContext.java:log(49)) - s1@group-9FC63B188219-CANDIDATE: accept PRE_VOTE from s3: our priority 0 <= candidate's priority 0
2024-10-09 00:14:14,098 [HandlerDaemon-0] INFO  server.RaftServer$Division (RaftServerImpl.java:requestVote(1476)) - s1@group-9FC63B188219 replies to PRE_VOTE vote request: s3<-s1#0:OK-t2. Peer's state: s1@group-9FC63B188219:t2, leader=null, voted=s2, raftlog=Memoized:s1@group-9FC63B188219-SegmentedRaftLog:OPENED:c2:last(t:2, i:2), conf=conf: {index: 1, cur=peers:[s3|localhost:15172, s4|localhost:15176, s0|localhost:15160, s1|localhost:15164, s2|localhost:15168]|listeners:[], old=null}
2024-10-09 00:14:14,319 [s1@group-9FC63B188219-LeaderElection20] INFO  impl.LeaderElection (LeaderElection.java:logAndReturn(90)) - s1@group-9FC63B188219-LeaderElection20: PRE_VOTE TIMEOUT received 1 response(s) and 2 exception(s):
2024-10-09 00:14:14,319 [s1@group-9FC63B188219-LeaderElection20] INFO  impl.LeaderElection (LeaderElection.java:logAndReturn(94)) -   Response 0: s1<-s3#0:OK-t2
2024-10-09 00:14:14,319 [s1@group-9FC63B188219-LeaderElection20] INFO  impl.LeaderElection (LogUtils.java:infoOrTrace(136)) -   Exception 1: java.util.concurrent.ExecutionException: java.io.IOException: The peer s4 is not alive.
2024-10-09 00:14:14,319 [s1@group-9FC63B188219-LeaderElection20] INFO  impl.LeaderElection (LogUtils.java:infoOrTrace(136)) -   Exception 2: java.util.concurrent.ExecutionException: java.io.IOException: The peer s2 is not alive.
2024-10-09 00:14:14,319 [s1@group-9FC63B188219-LeaderElection20] INFO  impl.LeaderElection (LeaderElection.java:askForVotes(339)) - s1@group-9FC63B188219-LeaderElection20 PRE_VOTE round 57: result TIMEOUT
2024-10-09 00:14:14,319 [s1@group-9FC63B188219-LeaderElection20] INFO  impl.LeaderElection (LeaderElection.java:askForVotes(337)) - s1@group-9FC63B188219-LeaderElection20 PRE_VOTE round 58: submit vote requests at term 2 for conf: {index: 1, cur=peers:[s3|localhost:15172, s4|localhost:15176, s0|localhost:15160, s1|localhost:15164, s2|localhost:15168]|listeners:[], old=null}
2024-10-09 00:14:14,319 [HandlerDaemon-1] INFO  server.RaftServer$Division (RaftServerImpl.java:requestVote(1443)) - s3@group-9FC63B188219: receive requestVote(PRE_VOTE, s1, group-9FC63B188219, 2, (t:2, i:2))
2024-10-09 00:14:14,319 [HandlerDaemon-1] INFO  impl.VoteContext (VoteContext.java:log(49)) - s3@group-9FC63B188219-CANDIDATE: accept PRE_VOTE from s1: our priority 0 <= candidate's priority 0
2024-10-09 00:14:14,319 [HandlerDaemon-1] INFO  server.RaftServer$Division (RaftServerImpl.java:requestVote(1476)) - s3@group-9FC63B188219 replies to PRE_VOTE vote request: s1<-s3#0:OK-t2. Peer's state: s3@group-9FC63B188219:t2, leader=null, voted=s2, raftlog=Memoized:s3@group-9FC63B188219-SegmentedRaftLog:OPENED:c2:last(t:2, i:2), conf=conf: {index: 1, cur=peers:[s3|localhost:15172, s4|localhost:15176, s0|localhost:15160, s1|localhost:15164, s2|localhost:15168]|listeners:[], old=null}
2024-10-09 00:14:14,319 [s1@group-9FC63B188219-LeaderElection20] INFO  impl.LeaderElection (LogUtils.java:infoOrTrace(136)) - s1@group-9FC63B188219-LeaderElection20 got exception when requesting votes: java.util.concurrent.ExecutionException: java.io.IOException: The peer s4 is not alive.
2024-10-09 00:14:14,320 [s1@group-9FC63B188219-LeaderElection20] INFO  impl.LeaderElection (LogUtils.java:infoOrTrace(136)) - s1@group-9FC63B188219-LeaderElection20 got exception when requesting votes: java.util.concurrent.ExecutionException: java.io.IOException: The peer s2 is not alive.
2024-10-09 00:14:14,379 [s3@group-9FC63B188219-LeaderElection21] INFO  impl.LeaderElection (LeaderElection.java:logAndReturn(90)) - s3@group-9FC63B188219-LeaderElection21: PRE_VOTE TIMEOUT received 1 response(s) and 2 exception(s):
2024-10-09 00:14:14,379 [s3@group-9FC63B188219-LeaderElection21] INFO  impl.LeaderElection (LeaderElection.java:logAndReturn(94)) -   Response 0: s3<-s1#0:OK-t2
2024-10-09 00:14:14,379 [s3@group-9FC63B188219-LeaderElection21] INFO  impl.LeaderElection (LogUtils.java:infoOrTrace(136)) -   Exception 1: java.util.concurrent.ExecutionException: java.io.IOException: The peer s4 is not alive.
2024-10-09 00:14:14,379 [s3@group-9FC63B188219-LeaderElection21] INFO  impl.LeaderElection (LogUtils.java:infoOrTrace(136)) -   Exception 2: java.util.concurrent.ExecutionException: java.io.IOException: The peer s2 is not alive.
2024-10-09 00:14:14,379 [s3@group-9FC63B188219-LeaderElection21] INFO  impl.LeaderElection (LeaderElection.java:askForVotes(339)) - s3@group-9FC63B188219-LeaderElection21 PRE_VOTE round 42: result TIMEOUT
2024-10-09 00:14:14,379 [s3@group-9FC63B188219-LeaderElection21] INFO  impl.LeaderElection (LeaderElection.java:askForVotes(337)) - s3@group-9FC63B188219-LeaderElection21 PRE_VOTE round 43: submit vote requests at term 2 for conf: {index: 1, cur=peers:[s3|localhost:15172, s4|localhost:15176, s0|localhost:15160, s1|localhost:15164, s2|localhost:15168]|listeners:[], old=null}
2024-10-09 00:14:14,380 [HandlerDaemon-1] INFO  server.RaftServer$Division (RaftServerImpl.java:requestVote(1443)) - s1@group-9FC63B188219: receive requestVote(PRE_VOTE, s3, group-9FC63B188219, 2, (t:2, i:2))
2024-10-09 00:14:14,380 [s3@group-9FC63B188219-LeaderElection21] INFO  impl.LeaderElection (LogUtils.java:infoOrTrace(136)) - s3@group-9FC63B188219-LeaderElection21 got exception when requesting votes: java.util.concurrent.ExecutionException: java.io.IOException: The peer s4 is not alive.
2024-10-09 00:14:14,380 [HandlerDaemon-1] INFO  impl.VoteContext (VoteContext.java:log(49)) - s1@group-9FC63B188219-CANDIDATE: accept PRE_VOTE from s3: our priority 0 <= candidate's priority 0
2024-10-09 00:14:14,380 [s3@group-9FC63B188219-LeaderElection21] INFO  impl.LeaderElection (LogUtils.java:infoOrTrace(136)) - s3@group-9FC63B188219-LeaderElection21 got exception when requesting votes: java.util.concurrent.ExecutionException: java.io.IOException: The peer s2 is not alive.
2024-10-09 00:14:14,380 [HandlerDaemon-1] INFO  server.RaftServer$Division (RaftServerImpl.java:requestVote(1476)) - s1@group-9FC63B188219 replies to PRE_VOTE vote request: s3<-s1#0:OK-t2. Peer's state: s1@group-9FC63B188219:t2, leader=null, voted=s2, raftlog=Memoized:s1@group-9FC63B188219-SegmentedRaftLog:OPENED:c2:last(t:2, i:2), conf=conf: {index: 1, cur=peers:[s3|localhost:15172, s4|localhost:15176, s0|localhost:15160, s1|localhost:15164, s2|localhost:15168]|listeners:[], old=null}
2024-10-09 00:14:14,406 [main] WARN  ratis.RaftTestUtil (RaftTestUtil.java:lambda$waitForLeader$3(126)) - Attempt #30 failed: java.lang.IllegalStateException: No leader yet : printing ALL groups
  s3:  RUNNING CANDIDATE s3@group-9FC63B188219:t2, leader=null, voted=s2, raftlog=Memoized:s3@group-9FC63B188219-SegmentedRaftLog:OPENED:c2:last(t:2, i:2), conf=conf: {index: 1, cur=peers:[s3|localhost:15172, s4|localhost:15176, s0|localhost:15160, s1|localhost:15164, s2|localhost:15168]|listeners:[], old=null} RUNNING
  s4:   CLOSED    LEADER s4@group-9FC63B188219:t1, leader=s4, voted=s4, raftlog=Memoized:s4@group-9FC63B188219-SegmentedRaftLog:CLOSED:c0, conf=conf: {index: 0, cur=peers:[s3|localhost:15172, s4|localhost:15176, s0|localhost:15160, s1|localhost:15164, s2|localhost:15168]|listeners:[], old=null} CLOSED
  s0:  RUNNING  FOLLOWER s0@group-9FC63B188219:t1, leader=null, voted=null, raftlog=Memoized:s0@group-9FC63B188219-SegmentedRaftLog:OPENED:c-1:lastnull, conf=conf: {index: -1, cur=peers:[s3|localhost:15172, s4|localhost:15176, s0|localhost:15160, s1|localhost:15164, s2|localhost:15168]|listeners:[], old=null} RUNNING
  s1:  RUNNING CANDIDATE s1@group-9FC63B188219:t2, leader=null, voted=s2, raftlog=Memoized:s1@group-9FC63B188219-SegmentedRaftLog:OPENED:c2:last(t:2, i:2), conf=conf: {index: 1, cur=peers:[s3|localhost:15172, s4|localhost:15176, s0|localhost:15160, s1|localhost:15164, s2|localhost:15168]|listeners:[], old=null} RUNNING
  s2:   CLOSED    LEADER s2@group-9FC63B188219:t2, leader=s2, voted=s2, raftlog=Memoized:s2@group-9FC63B188219-SegmentedRaftLog:CLOSED:c2, conf=conf: {index: 1, cur=peers:[s3|localhost:15172, s4|localhost:15176, s0|localhost:15160, s1|localhost:15164, s2|localhost:15168]|listeners:[], old=null} CLOSED
2024-10-09 00:14:14,517 [s1@group-9FC63B188219-LeaderElection20] INFO  impl.LeaderElection (LeaderElection.java:logAndReturn(90)) - s1@group-9FC63B188219-LeaderElection20: PRE_VOTE TIMEOUT received 1 response(s) and 2 exception(s):
2024-10-09 00:14:14,518 [s1@group-9FC63B188219-LeaderElection20] INFO  impl.LeaderElection (LeaderElection.java:logAndReturn(94)) -   Response 0: s1<-s3#0:OK-t2
2024-10-09 00:14:14,518 [s1@group-9FC63B188219-LeaderElection20] INFO  impl.LeaderElection (LogUtils.java:infoOrTrace(136)) -   Exception 1: java.util.concurrent.ExecutionException: java.io.IOException: The peer s4 is not alive.
2024-10-09 00:14:14,518 [s1@group-9FC63B188219-LeaderElection20] INFO  impl.LeaderElection (LogUtils.java:infoOrTrace(136)) -   Exception 2: java.util.concurrent.ExecutionException: java.io.IOException: The peer s2 is not alive.
2024-10-09 00:14:14,518 [s1@group-9FC63B188219-LeaderElection20] INFO  impl.LeaderElection (LeaderElection.java:askForVotes(339)) - s1@group-9FC63B188219-LeaderElection20 PRE_VOTE round 58: result TIMEOUT
2024-10-09 00:14:14,518 [s1@group-9FC63B188219-LeaderElection20] INFO  impl.LeaderElection (LeaderElection.java:askForVotes(337)) - s1@group-9FC63B188219-LeaderElection20 PRE_VOTE round 59: submit vote requests at term 2 for conf: {index: 1, cur=peers:[s3|localhost:15172, s4|localhost:15176, s0|localhost:15160, s1|localhost:15164, s2|localhost:15168]|listeners:[], old=null}
2024-10-09 00:14:14,518 [HandlerDaemon-2] INFO  server.RaftServer$Division (RaftServerImpl.java:requestVote(1443)) - s3@group-9FC63B188219: receive requestVote(PRE_VOTE, s1, group-9FC63B188219, 2, (t:2, i:2))
2024-10-09 00:14:14,518 [HandlerDaemon-2] INFO  impl.VoteContext (VoteContext.java:log(49)) - s3@group-9FC63B188219-CANDIDATE: accept PRE_VOTE from s1: our priority 0 <= candidate's priority 0
2024-10-09 00:14:14,518 [s1@group-9FC63B188219-LeaderElection20] INFO  impl.LeaderElection (LogUtils.java:infoOrTrace(136)) - s1@group-9FC63B188219-LeaderElection20 got exception when requesting votes: java.util.concurrent.ExecutionException: java.io.IOException: The peer s4 is not alive.
2024-10-09 00:14:14,518 [HandlerDaemon-2] INFO  server.RaftServer$Division (RaftServerImpl.java:requestVote(1476)) - s3@group-9FC63B188219 replies to PRE_VOTE vote request: s1<-s3#0:OK-t2. Peer's state: s3@group-9FC63B188219:t2, leader=null, voted=s2, raftlog=Memoized:s3@group-9FC63B188219-SegmentedRaftLog:OPENED:c2:last(t:2, i:2), conf=conf: {index: 1, cur=peers:[s3|localhost:15172, s4|localhost:15176, s0|localhost:15160, s1|localhost:15164, s2|localhost:15168]|listeners:[], old=null}
2024-10-09 00:14:14,518 [s1@group-9FC63B188219-LeaderElection20] INFO  impl.LeaderElection (LogUtils.java:infoOrTrace(136)) - s1@group-9FC63B188219-LeaderElection20 got exception when requesting votes: java.util.concurrent.ExecutionException: java.io.IOException: The peer s2 is not alive.
2024-10-09 00:14:14,569 [s3@group-9FC63B188219-LeaderElection21] INFO  impl.LeaderElection (LeaderElection.java:logAndReturn(90)) - s3@group-9FC63B188219-LeaderElection21: PRE_VOTE TIMEOUT received 1 response(s) and 2 exception(s):
2024-10-09 00:14:14,569 [s3@group-9FC63B188219-LeaderElection21] INFO  impl.LeaderElection (LeaderElection.java:logAndReturn(94)) -   Response 0: s3<-s1#0:OK-t2
2024-10-09 00:14:14,569 [s3@group-9FC63B188219-LeaderElection21] INFO  impl.LeaderElection (LogUtils.java:infoOrTrace(136)) -   Exception 1: java.util.concurrent.ExecutionException: java.io.IOException: The peer s4 is not alive.
2024-10-09 00:14:14,569 [s3@group-9FC63B188219-LeaderElection21] INFO  impl.LeaderElection (LogUtils.java:infoOrTrace(136)) -   Exception 2: java.util.concurrent.ExecutionException: java.io.IOException: The peer s2 is not alive.
2024-10-09 00:14:14,569 [s3@group-9FC63B188219-LeaderElection21] INFO  impl.LeaderElection (LeaderElection.java:askForVotes(339)) - s3@group-9FC63B188219-LeaderElection21 PRE_VOTE round 43: result TIMEOUT
2024-10-09 00:14:14,569 [s3@group-9FC63B188219-LeaderElection21] INFO  impl.LeaderElection (LeaderElection.java:askForVotes(337)) - s3@group-9FC63B188219-LeaderElection21 PRE_VOTE round 44: submit vote requests at term 2 for conf: {index: 1, cur=peers:[s3|localhost:15172, s4|localhost:15176, s0|localhost:15160, s1|localhost:15164, s2|localhost:15168]|listeners:[], old=null}
2024-10-09 00:14:14,570 [HandlerDaemon-2] INFO  server.RaftServer$Division (RaftServerImpl.java:requestVote(1443)) - s1@group-9FC63B188219: receive requestVote(PRE_VOTE, s3, group-9FC63B188219, 2, (t:2, i:2))
2024-10-09 00:14:14,570 [s3@group-9FC63B188219-LeaderElection21] INFO  impl.LeaderElection (LogUtils.java:infoOrTrace(136)) - s3@group-9FC63B188219-LeaderElection21 got exception when requesting votes: java.util.concurrent.ExecutionException: java.io.IOException: The peer s4 is not alive.
2024-10-09 00:14:14,570 [HandlerDaemon-2] INFO  impl.VoteContext (VoteContext.java:log(49)) - s1@group-9FC63B188219-CANDIDATE: accept PRE_VOTE from s3: our priority 0 <= candidate's priority 0
2024-10-09 00:14:14,570 [s3@group-9FC63B188219-LeaderElection21] INFO  impl.LeaderElection (LogUtils.java:infoOrTrace(136)) - s3@group-9FC63B188219-LeaderElection21 got exception when requesting votes: java.util.concurrent.ExecutionException: java.io.IOException: The peer s2 is not alive.
2024-10-09 00:14:14,570 [HandlerDaemon-2] INFO  server.RaftServer$Division (RaftServerImpl.java:requestVote(1476)) - s1@group-9FC63B188219 replies to PRE_VOTE vote request: s3<-s1#0:OK-t2. Peer's state: s1@group-9FC63B188219:t2, leader=null, voted=s2, raftlog=Memoized:s1@group-9FC63B188219-SegmentedRaftLog:OPENED:c2:last(t:2, i:2), conf=conf: {index: 1, cur=peers:[s3|localhost:15172, s4|localhost:15176, s0|localhost:15160, s1|localhost:15164, s2|localhost:15168]|listeners:[], old=null}
2024-10-09 00:14:14,766 [s1@group-9FC63B188219-LeaderElection20] INFO  impl.LeaderElection (LeaderElection.java:logAndReturn(90)) - s1@group-9FC63B188219-LeaderElection20: PRE_VOTE TIMEOUT received 1 response(s) and 2 exception(s):
2024-10-09 00:14:14,766 [s1@group-9FC63B188219-LeaderElection20] INFO  impl.LeaderElection (LeaderElection.java:logAndReturn(94)) -   Response 0: s1<-s3#0:OK-t2
2024-10-09 00:14:14,766 [s1@group-9FC63B188219-LeaderElection20] INFO  impl.LeaderElection (LogUtils.java:infoOrTrace(136)) -   Exception 1: java.util.concurrent.ExecutionException: java.io.IOException: The peer s4 is not alive.
2024-10-09 00:14:14,767 [s1@group-9FC63B188219-LeaderElection20] INFO  impl.LeaderElection (LogUtils.java:infoOrTrace(136)) -   Exception 2: java.util.concurrent.ExecutionException: java.io.IOException: The peer s2 is not alive.
2024-10-09 00:14:14,767 [s1@group-9FC63B188219-LeaderElection20] INFO  impl.LeaderElection (LeaderElection.java:askForVotes(339)) - s1@group-9FC63B188219-LeaderElection20 PRE_VOTE round 59: result TIMEOUT
2024-10-09 00:14:14,767 [s1@group-9FC63B188219-LeaderElection20] INFO  impl.LeaderElection (LeaderElection.java:askForVotes(337)) - s1@group-9FC63B188219-LeaderElection20 PRE_VOTE round 60: submit vote requests at term 2 for conf: {index: 1, cur=peers:[s3|localhost:15172, s4|localhost:15176, s0|localhost:15160, s1|localhost:15164, s2|localhost:15168]|listeners:[], old=null}
2024-10-09 00:14:14,767 [HandlerDaemon-0] INFO  server.RaftServer$Division (RaftServerImpl.java:requestVote(1443)) - s3@group-9FC63B188219: receive requestVote(PRE_VOTE, s1, group-9FC63B188219, 2, (t:2, i:2))
2024-10-09 00:14:14,767 [HandlerDaemon-0] INFO  impl.VoteContext (VoteContext.java:log(49)) - s3@group-9FC63B188219-CANDIDATE: accept PRE_VOTE from s1: our priority 0 <= candidate's priority 0
2024-10-09 00:14:14,767 [HandlerDaemon-0] INFO  server.RaftServer$Division (RaftServerImpl.java:requestVote(1476)) - s3@group-9FC63B188219 replies to PRE_VOTE vote request: s1<-s3#0:OK-t2. Peer's state: s3@group-9FC63B188219:t2, leader=null, voted=s2, raftlog=Memoized:s3@group-9FC63B188219-SegmentedRaftLog:OPENED:c2:last(t:2, i:2), conf=conf: {index: 1, cur=peers:[s3|localhost:15172, s4|localhost:15176, s0|localhost:15160, s1|localhost:15164, s2|localhost:15168]|listeners:[], old=null}
2024-10-09 00:14:14,767 [s1@group-9FC63B188219-LeaderElection20] INFO  impl.LeaderElection (LogUtils.java:infoOrTrace(136)) - s1@group-9FC63B188219-LeaderElection20 got exception when requesting votes: java.util.concurrent.ExecutionException: java.io.IOException: The peer s4 is not alive.
2024-10-09 00:14:14,767 [s1@group-9FC63B188219-LeaderElection20] INFO  impl.LeaderElection (LogUtils.java:infoOrTrace(136)) - s1@group-9FC63B188219-LeaderElection20 got exception when requesting votes: java.util.concurrent.ExecutionException: java.io.IOException: The peer s2 is not alive.
2024-10-09 00:14:14,830 [s3@group-9FC63B188219-LeaderElection21] INFO  impl.LeaderElection (LeaderElection.java:logAndReturn(90)) - s3@group-9FC63B188219-LeaderElection21: PRE_VOTE TIMEOUT received 1 response(s) and 2 exception(s):
2024-10-09 00:14:14,830 [s3@group-9FC63B188219-LeaderElection21] INFO  impl.LeaderElection (LeaderElection.java:logAndReturn(94)) -   Response 0: s3<-s1#0:OK-t2
2024-10-09 00:14:14,830 [s3@group-9FC63B188219-LeaderElection21] INFO  impl.LeaderElection (LogUtils.java:infoOrTrace(136)) -   Exception 1: java.util.concurrent.ExecutionException: java.io.IOException: The peer s4 is not alive.
2024-10-09 00:14:14,830 [s3@group-9FC63B188219-LeaderElection21] INFO  impl.LeaderElection (LogUtils.java:infoOrTrace(136)) -   Exception 2: java.util.concurrent.ExecutionException: java.io.IOException: The peer s2 is not alive.
2024-10-09 00:14:14,830 [s3@group-9FC63B188219-LeaderElection21] INFO  impl.LeaderElection (LeaderElection.java:askForVotes(339)) - s3@group-9FC63B188219-LeaderElection21 PRE_VOTE round 44: result TIMEOUT
2024-10-09 00:14:14,830 [s3@group-9FC63B188219-LeaderElection21] INFO  impl.LeaderElection (LeaderElection.java:askForVotes(337)) - s3@group-9FC63B188219-LeaderElection21 PRE_VOTE round 45: submit vote requests at term 2 for conf: {index: 1, cur=peers:[s3|localhost:15172, s4|localhost:15176, s0|localhost:15160, s1|localhost:15164, s2|localhost:15168]|listeners:[], old=null}
2024-10-09 00:14:14,831 [s3@group-9FC63B188219-LeaderElection21] INFO  impl.LeaderElection (LogUtils.java:infoOrTrace(136)) - s3@group-9FC63B188219-LeaderElection21 got exception when requesting votes: java.util.concurrent.ExecutionException: java.io.IOException: The peer s4 is not alive.
2024-10-09 00:14:14,831 [HandlerDaemon-0] INFO  server.RaftServer$Division (RaftServerImpl.java:requestVote(1443)) - s1@group-9FC63B188219: receive requestVote(PRE_VOTE, s3, group-9FC63B188219, 2, (t:2, i:2))
2024-10-09 00:14:14,831 [s3@group-9FC63B188219-LeaderElection21] INFO  impl.LeaderElection (LogUtils.java:infoOrTrace(136)) - s3@group-9FC63B188219-LeaderElection21 got exception when requesting votes: java.util.concurrent.ExecutionException: java.io.IOException: The peer s2 is not alive.
2024-10-09 00:14:14,831 [HandlerDaemon-0] INFO  impl.VoteContext (VoteContext.java:log(49)) - s1@group-9FC63B188219-CANDIDATE: accept PRE_VOTE from s3: our priority 0 <= candidate's priority 0
2024-10-09 00:14:14,831 [HandlerDaemon-0] INFO  server.RaftServer$Division (RaftServerImpl.java:requestVote(1476)) - s1@group-9FC63B188219 replies to PRE_VOTE vote request: s3<-s1#0:OK-t2. Peer's state: s1@group-9FC63B188219:t2, leader=null, voted=s2, raftlog=Memoized:s1@group-9FC63B188219-SegmentedRaftLog:OPENED:c2:last(t:2, i:2), conf=conf: {index: 1, cur=peers:[s3|localhost:15172, s4|localhost:15176, s0|localhost:15160, s1|localhost:15164, s2|localhost:15168]|listeners:[], old=null}
2024-10-09 00:14:14,856 [main] WARN  ratis.RaftTestUtil (RaftTestUtil.java:lambda$waitForLeader$3(126)) - Attempt #31 failed: java.lang.IllegalStateException: No leader yet : printing ALL groups
  s3:  RUNNING CANDIDATE s3@group-9FC63B188219:t2, leader=null, voted=s2, raftlog=Memoized:s3@group-9FC63B188219-SegmentedRaftLog:OPENED:c2:last(t:2, i:2), conf=conf: {index: 1, cur=peers:[s3|localhost:15172, s4|localhost:15176, s0|localhost:15160, s1|localhost:15164, s2|localhost:15168]|listeners:[], old=null} RUNNING
  s4:   CLOSED    LEADER s4@group-9FC63B188219:t1, leader=s4, voted=s4, raftlog=Memoized:s4@group-9FC63B188219-SegmentedRaftLog:CLOSED:c0, conf=conf: {index: 0, cur=peers:[s3|localhost:15172, s4|localhost:15176, s0|localhost:15160, s1|localhost:15164, s2|localhost:15168]|listeners:[], old=null} CLOSED
  s0:  RUNNING  FOLLOWER s0@group-9FC63B188219:t1, leader=null, voted=null, raftlog=Memoized:s0@group-9FC63B188219-SegmentedRaftLog:OPENED:c-1:lastnull, conf=conf: {index: -1, cur=peers:[s3|localhost:15172, s4|localhost:15176, s0|localhost:15160, s1|localhost:15164, s2|localhost:15168]|listeners:[], old=null} RUNNING
  s1:  RUNNING CANDIDATE s1@group-9FC63B188219:t2, leader=null, voted=s2, raftlog=Memoized:s1@group-9FC63B188219-SegmentedRaftLog:OPENED:c2:last(t:2, i:2), conf=conf: {index: 1, cur=peers:[s3|localhost:15172, s4|localhost:15176, s0|localhost:15160, s1|localhost:15164, s2|localhost:15168]|listeners:[], old=null} RUNNING
  s2:   CLOSED    LEADER s2@group-9FC63B188219:t2, leader=s2, voted=s2, raftlog=Memoized:s2@group-9FC63B188219-SegmentedRaftLog:CLOSED:c2, conf=conf: {index: 1, cur=peers:[s3|localhost:15172, s4|localhost:15176, s0|localhost:15160, s1|localhost:15164, s2|localhost:15168]|listeners:[], old=null} CLOSED
2024-10-09 00:14:14,927 [s1@group-9FC63B188219-LeaderElection20] INFO  impl.LeaderElection (LeaderElection.java:logAndReturn(90)) - s1@group-9FC63B188219-LeaderElection20: PRE_VOTE TIMEOUT received 1 response(s) and 2 exception(s):
2024-10-09 00:14:14,927 [s1@group-9FC63B188219-LeaderElection20] INFO  impl.LeaderElection (LeaderElection.java:logAndReturn(94)) -   Response 0: s1<-s3#0:OK-t2
2024-10-09 00:14:14,927 [s1@group-9FC63B188219-LeaderElection20] INFO  impl.LeaderElection (LogUtils.java:infoOrTrace(136)) -   Exception 1: java.util.concurrent.ExecutionException: java.io.IOException: The peer s4 is not alive.
2024-10-09 00:14:14,927 [s1@group-9FC63B188219-LeaderElection20] INFO  impl.LeaderElection (LogUtils.java:infoOrTrace(136)) -   Exception 2: java.util.concurrent.ExecutionException: java.io.IOException: The peer s2 is not alive.
2024-10-09 00:14:14,927 [s1@group-9FC63B188219-LeaderElection20] INFO  impl.LeaderElection (LeaderElection.java:askForVotes(339)) - s1@group-9FC63B188219-LeaderElection20 PRE_VOTE round 60: result TIMEOUT
2024-10-09 00:14:14,928 [s1@group-9FC63B188219-LeaderElection20] INFO  impl.LeaderElection (LeaderElection.java:askForVotes(337)) - s1@group-9FC63B188219-LeaderElection20 PRE_VOTE round 61: submit vote requests at term 2 for conf: {index: 1, cur=peers:[s3|localhost:15172, s4|localhost:15176, s0|localhost:15160, s1|localhost:15164, s2|localhost:15168]|listeners:[], old=null}
2024-10-09 00:14:14,928 [HandlerDaemon-1] INFO  server.RaftServer$Division (RaftServerImpl.java:requestVote(1443)) - s3@group-9FC63B188219: receive requestVote(PRE_VOTE, s1, group-9FC63B188219, 2, (t:2, i:2))
2024-10-09 00:14:14,928 [HandlerDaemon-1] INFO  impl.VoteContext (VoteContext.java:log(49)) - s3@group-9FC63B188219-CANDIDATE: accept PRE_VOTE from s1: our priority 0 <= candidate's priority 0
2024-10-09 00:14:14,928 [s1@group-9FC63B188219-LeaderElection20] INFO  impl.LeaderElection (LogUtils.java:infoOrTrace(136)) - s1@group-9FC63B188219-LeaderElection20 got exception when requesting votes: java.util.concurrent.ExecutionException: java.io.IOException: The peer s4 is not alive.
2024-10-09 00:14:14,928 [HandlerDaemon-1] INFO  server.RaftServer$Division (RaftServerImpl.java:requestVote(1476)) - s3@group-9FC63B188219 replies to PRE_VOTE vote request: s1<-s3#0:OK-t2. Peer's state: s3@group-9FC63B188219:t2, leader=null, voted=s2, raftlog=Memoized:s3@group-9FC63B188219-SegmentedRaftLog:OPENED:c2:last(t:2, i:2), conf=conf: {index: 1, cur=peers:[s3|localhost:15172, s4|localhost:15176, s0|localhost:15160, s1|localhost:15164, s2|localhost:15168]|listeners:[], old=null}
2024-10-09 00:14:14,928 [s1@group-9FC63B188219-LeaderElection20] INFO  impl.LeaderElection (LogUtils.java:infoOrTrace(136)) - s1@group-9FC63B188219-LeaderElection20 got exception when requesting votes: java.util.concurrent.ExecutionException: java.io.IOException: The peer s2 is not alive.
2024-10-09 00:14:15,120 [s3@group-9FC63B188219-LeaderElection21] INFO  impl.LeaderElection (LeaderElection.java:logAndReturn(90)) - s3@group-9FC63B188219-LeaderElection21: PRE_VOTE TIMEOUT received 1 response(s) and 2 exception(s):
2024-10-09 00:14:15,120 [s3@group-9FC63B188219-LeaderElection21] INFO  impl.LeaderElection (LeaderElection.java:logAndReturn(94)) -   Response 0: s3<-s1#0:OK-t2
2024-10-09 00:14:15,120 [s3@group-9FC63B188219-LeaderElection21] INFO  impl.LeaderElection (LogUtils.java:infoOrTrace(136)) -   Exception 1: java.util.concurrent.ExecutionException: java.io.IOException: The peer s4 is not alive.
2024-10-09 00:14:15,120 [s3@group-9FC63B188219-LeaderElection21] INFO  impl.LeaderElection (LogUtils.java:infoOrTrace(136)) -   Exception 2: java.util.concurrent.ExecutionException: java.io.IOException: The peer s2 is not alive.
2024-10-09 00:14:15,120 [s3@group-9FC63B188219-LeaderElection21] INFO  impl.LeaderElection (LeaderElection.java:askForVotes(339)) - s3@group-9FC63B188219-LeaderElection21 PRE_VOTE round 45: result TIMEOUT
2024-10-09 00:14:15,120 [s3@group-9FC63B188219-LeaderElection21] INFO  impl.LeaderElection (LeaderElection.java:askForVotes(337)) - s3@group-9FC63B188219-LeaderElection21 PRE_VOTE round 46: submit vote requests at term 2 for conf: {index: 1, cur=peers:[s3|localhost:15172, s4|localhost:15176, s0|localhost:15160, s1|localhost:15164, s2|localhost:15168]|listeners:[], old=null}
2024-10-09 00:14:15,120 [HandlerDaemon-1] INFO  server.RaftServer$Division (RaftServerImpl.java:requestVote(1443)) - s1@group-9FC63B188219: receive requestVote(PRE_VOTE, s3, group-9FC63B188219, 2, (t:2, i:2))
2024-10-09 00:14:15,120 [s3@group-9FC63B188219-LeaderElection21] INFO  impl.LeaderElection (LogUtils.java:infoOrTrace(136)) - s3@group-9FC63B188219-LeaderElection21 got exception when requesting votes: java.util.concurrent.ExecutionException: java.io.IOException: The peer s4 is not alive.
2024-10-09 00:14:15,121 [HandlerDaemon-1] INFO  impl.VoteContext (VoteContext.java:log(49)) - s1@group-9FC63B188219-CANDIDATE: accept PRE_VOTE from s3: our priority 0 <= candidate's priority 0
2024-10-09 00:14:15,121 [s3@group-9FC63B188219-LeaderElection21] INFO  impl.LeaderElection (LogUtils.java:infoOrTrace(136)) - s3@group-9FC63B188219-LeaderElection21 got exception when requesting votes: java.util.concurrent.ExecutionException: java.io.IOException: The peer s2 is not alive.
2024-10-09 00:14:15,121 [HandlerDaemon-1] INFO  server.RaftServer$Division (RaftServerImpl.java:requestVote(1476)) - s1@group-9FC63B188219 replies to PRE_VOTE vote request: s3<-s1#0:OK-t2. Peer's state: s1@group-9FC63B188219:t2, leader=null, voted=s2, raftlog=Memoized:s1@group-9FC63B188219-SegmentedRaftLog:OPENED:c2:last(t:2, i:2), conf=conf: {index: 1, cur=peers:[s3|localhost:15172, s4|localhost:15176, s0|localhost:15160, s1|localhost:15164, s2|localhost:15168]|listeners:[], old=null}
2024-10-09 00:14:15,153 [s1@group-9FC63B188219-LeaderElection20] INFO  impl.LeaderElection (LeaderElection.java:logAndReturn(90)) - s1@group-9FC63B188219-LeaderElection20: PRE_VOTE TIMEOUT received 1 response(s) and 2 exception(s):
2024-10-09 00:14:15,153 [s1@group-9FC63B188219-LeaderElection20] INFO  impl.LeaderElection (LeaderElection.java:logAndReturn(94)) -   Response 0: s1<-s3#0:OK-t2
2024-10-09 00:14:15,153 [s1@group-9FC63B188219-LeaderElection20] INFO  impl.LeaderElection (LogUtils.java:infoOrTrace(136)) -   Exception 1: java.util.concurrent.ExecutionException: java.io.IOException: The peer s4 is not alive.
2024-10-09 00:14:15,153 [s1@group-9FC63B188219-LeaderElection20] INFO  impl.LeaderElection (LogUtils.java:infoOrTrace(136)) -   Exception 2: java.util.concurrent.ExecutionException: java.io.IOException: The peer s2 is not alive.
2024-10-09 00:14:15,153 [s1@group-9FC63B188219-LeaderElection20] INFO  impl.LeaderElection (LeaderElection.java:askForVotes(339)) - s1@group-9FC63B188219-LeaderElection20 PRE_VOTE round 61: result TIMEOUT
2024-10-09 00:14:15,153 [s1@group-9FC63B188219-LeaderElection20] INFO  impl.LeaderElection (LeaderElection.java:askForVotes(337)) - s1@group-9FC63B188219-LeaderElection20 PRE_VOTE round 62: submit vote requests at term 2 for conf: {index: 1, cur=peers:[s3|localhost:15172, s4|localhost:15176, s0|localhost:15160, s1|localhost:15164, s2|localhost:15168]|listeners:[], old=null}
2024-10-09 00:14:15,154 [HandlerDaemon-2] INFO  server.RaftServer$Division (RaftServerImpl.java:requestVote(1443)) - s3@group-9FC63B188219: receive requestVote(PRE_VOTE, s1, group-9FC63B188219, 2, (t:2, i:2))
2024-10-09 00:14:15,154 [HandlerDaemon-2] INFO  impl.VoteContext (VoteContext.java:log(49)) - s3@group-9FC63B188219-CANDIDATE: accept PRE_VOTE from s1: our priority 0 <= candidate's priority 0
2024-10-09 00:14:15,154 [HandlerDaemon-2] INFO  server.RaftServer$Division (RaftServerImpl.java:requestVote(1476)) - s3@group-9FC63B188219 replies to PRE_VOTE vote request: s1<-s3#0:OK-t2. Peer's state: s3@group-9FC63B188219:t2, leader=null, voted=s2, raftlog=Memoized:s3@group-9FC63B188219-SegmentedRaftLog:OPENED:c2:last(t:2, i:2), conf=conf: {index: 1, cur=peers:[s3|localhost:15172, s4|localhost:15176, s0|localhost:15160, s1|localhost:15164, s2|localhost:15168]|listeners:[], old=null}
2024-10-09 00:14:15,154 [s1@group-9FC63B188219-LeaderElection20] INFO  impl.LeaderElection (LogUtils.java:infoOrTrace(136)) - s1@group-9FC63B188219-LeaderElection20 got exception when requesting votes: java.util.concurrent.ExecutionException: java.io.IOException: The peer s4 is not alive.
2024-10-09 00:14:15,154 [s1@group-9FC63B188219-LeaderElection20] INFO  impl.LeaderElection (LogUtils.java:infoOrTrace(136)) - s1@group-9FC63B188219-LeaderElection20 got exception when requesting votes: java.util.concurrent.ExecutionException: java.io.IOException: The peer s2 is not alive.
2024-10-09 00:14:15,290 [s3@group-9FC63B188219-LeaderElection21] INFO  impl.LeaderElection (LeaderElection.java:logAndReturn(90)) - s3@group-9FC63B188219-LeaderElection21: PRE_VOTE TIMEOUT received 1 response(s) and 2 exception(s):
2024-10-09 00:14:15,290 [s3@group-9FC63B188219-LeaderElection21] INFO  impl.LeaderElection (LeaderElection.java:logAndReturn(94)) -   Response 0: s3<-s1#0:OK-t2
2024-10-09 00:14:15,290 [s3@group-9FC63B188219-LeaderElection21] INFO  impl.LeaderElection (LogUtils.java:infoOrTrace(136)) -   Exception 1: java.util.concurrent.ExecutionException: java.io.IOException: The peer s4 is not alive.
2024-10-09 00:14:15,290 [s3@group-9FC63B188219-LeaderElection21] INFO  impl.LeaderElection (LogUtils.java:infoOrTrace(136)) -   Exception 2: java.util.concurrent.ExecutionException: java.io.IOException: The peer s2 is not alive.
2024-10-09 00:14:15,290 [s3@group-9FC63B188219-LeaderElection21] INFO  impl.LeaderElection (LeaderElection.java:askForVotes(339)) - s3@group-9FC63B188219-LeaderElection21 PRE_VOTE round 46: result TIMEOUT
2024-10-09 00:14:15,290 [s3@group-9FC63B188219-LeaderElection21] INFO  impl.LeaderElection (LeaderElection.java:askForVotes(337)) - s3@group-9FC63B188219-LeaderElection21 PRE_VOTE round 47: submit vote requests at term 2 for conf: {index: 1, cur=peers:[s3|localhost:15172, s4|localhost:15176, s0|localhost:15160, s1|localhost:15164, s2|localhost:15168]|listeners:[], old=null}
2024-10-09 00:14:15,290 [HandlerDaemon-2] INFO  server.RaftServer$Division (RaftServerImpl.java:requestVote(1443)) - s1@group-9FC63B188219: receive requestVote(PRE_VOTE, s3, group-9FC63B188219, 2, (t:2, i:2))
2024-10-09 00:14:15,290 [s3@group-9FC63B188219-LeaderElection21] INFO  impl.LeaderElection (LogUtils.java:infoOrTrace(136)) - s3@group-9FC63B188219-LeaderElection21 got exception when requesting votes: java.util.concurrent.ExecutionException: java.io.IOException: The peer s4 is not alive.
2024-10-09 00:14:15,290 [HandlerDaemon-2] INFO  impl.VoteContext (VoteContext.java:log(49)) - s1@group-9FC63B188219-CANDIDATE: accept PRE_VOTE from s3: our priority 0 <= candidate's priority 0
2024-10-09 00:14:15,290 [s3@group-9FC63B188219-LeaderElection21] INFO  impl.LeaderElection (LogUtils.java:infoOrTrace(136)) - s3@group-9FC63B188219-LeaderElection21 got exception when requesting votes: java.util.concurrent.ExecutionException: java.io.IOException: The peer s2 is not alive.
2024-10-09 00:14:15,291 [HandlerDaemon-2] INFO  server.RaftServer$Division (RaftServerImpl.java:requestVote(1476)) - s1@group-9FC63B188219 replies to PRE_VOTE vote request: s3<-s1#0:OK-t2. Peer's state: s1@group-9FC63B188219:t2, leader=null, voted=s2, raftlog=Memoized:s1@group-9FC63B188219-SegmentedRaftLog:OPENED:c2:last(t:2, i:2), conf=conf: {index: 1, cur=peers:[s3|localhost:15172, s4|localhost:15176, s0|localhost:15160, s1|localhost:15164, s2|localhost:15168]|listeners:[], old=null}
2024-10-09 00:14:15,307 [main] WARN  ratis.RaftTestUtil (RaftTestUtil.java:lambda$waitForLeader$3(126)) - Attempt #32 failed: java.lang.IllegalStateException: No leader yet : printing ALL groups
  s3:  RUNNING CANDIDATE s3@group-9FC63B188219:t2, leader=null, voted=s2, raftlog=Memoized:s3@group-9FC63B188219-SegmentedRaftLog:OPENED:c2:last(t:2, i:2), conf=conf: {index: 1, cur=peers:[s3|localhost:15172, s4|localhost:15176, s0|localhost:15160, s1|localhost:15164, s2|localhost:15168]|listeners:[], old=null} RUNNING
  s4:   CLOSED    LEADER s4@group-9FC63B188219:t1, leader=s4, voted=s4, raftlog=Memoized:s4@group-9FC63B188219-SegmentedRaftLog:CLOSED:c0, conf=conf: {index: 0, cur=peers:[s3|localhost:15172, s4|localhost:15176, s0|localhost:15160, s1|localhost:15164, s2|localhost:15168]|listeners:[], old=null} CLOSED
  s0:  RUNNING  FOLLOWER s0@group-9FC63B188219:t1, leader=null, voted=null, raftlog=Memoized:s0@group-9FC63B188219-SegmentedRaftLog:OPENED:c-1:lastnull, conf=conf: {index: -1, cur=peers:[s3|localhost:15172, s4|localhost:15176, s0|localhost:15160, s1|localhost:15164, s2|localhost:15168]|listeners:[], old=null} RUNNING
  s1:  RUNNING CANDIDATE s1@group-9FC63B188219:t2, leader=null, voted=s2, raftlog=Memoized:s1@group-9FC63B188219-SegmentedRaftLog:OPENED:c2:last(t:2, i:2), conf=conf: {index: 1, cur=peers:[s3|localhost:15172, s4|localhost:15176, s0|localhost:15160, s1|localhost:15164, s2|localhost:15168]|listeners:[], old=null} RUNNING
  s2:   CLOSED    LEADER s2@group-9FC63B188219:t2, leader=s2, voted=s2, raftlog=Memoized:s2@group-9FC63B188219-SegmentedRaftLog:CLOSED:c2, conf=conf: {index: 1, cur=peers:[s3|localhost:15172, s4|localhost:15176, s0|localhost:15160, s1|localhost:15164, s2|localhost:15168]|listeners:[], old=null} CLOSED
2024-10-09 00:14:15,390 [s1@group-9FC63B188219-LeaderElection20] INFO  impl.LeaderElection (LeaderElection.java:logAndReturn(90)) - s1@group-9FC63B188219-LeaderElection20: PRE_VOTE TIMEOUT received 1 response(s) and 2 exception(s):
2024-10-09 00:14:15,390 [s1@group-9FC63B188219-LeaderElection20] INFO  impl.LeaderElection (LeaderElection.java:logAndReturn(94)) -   Response 0: s1<-s3#0:OK-t2
2024-10-09 00:14:15,390 [s1@group-9FC63B188219-LeaderElection20] INFO  impl.LeaderElection (LogUtils.java:infoOrTrace(136)) -   Exception 1: java.util.concurrent.ExecutionException: java.io.IOException: The peer s4 is not alive.
2024-10-09 00:14:15,390 [s1@group-9FC63B188219-LeaderElection20] INFO  impl.LeaderElection (LogUtils.java:infoOrTrace(136)) -   Exception 2: java.util.concurrent.ExecutionException: java.io.IOException: The peer s2 is not alive.
2024-10-09 00:14:15,390 [s1@group-9FC63B188219-LeaderElection20] INFO  impl.LeaderElection (LeaderElection.java:askForVotes(339)) - s1@group-9FC63B188219-LeaderElection20 PRE_VOTE round 62: result TIMEOUT
2024-10-09 00:14:15,390 [s1@group-9FC63B188219-LeaderElection20] INFO  impl.LeaderElection (LeaderElection.java:askForVotes(337)) - s1@group-9FC63B188219-LeaderElection20 PRE_VOTE round 63: submit vote requests at term 2 for conf: {index: 1, cur=peers:[s3|localhost:15172, s4|localhost:15176, s0|localhost:15160, s1|localhost:15164, s2|localhost:15168]|listeners:[], old=null}
2024-10-09 00:14:15,391 [HandlerDaemon-0] INFO  server.RaftServer$Division (RaftServerImpl.java:requestVote(1443)) - s3@group-9FC63B188219: receive requestVote(PRE_VOTE, s1, group-9FC63B188219, 2, (t:2, i:2))
2024-10-09 00:14:15,391 [HandlerDaemon-0] INFO  impl.VoteContext (VoteContext.java:log(49)) - s3@group-9FC63B188219-CANDIDATE: accept PRE_VOTE from s1: our priority 0 <= candidate's priority 0
2024-10-09 00:14:15,391 [s1@group-9FC63B188219-LeaderElection20] INFO  impl.LeaderElection (LogUtils.java:infoOrTrace(136)) - s1@group-9FC63B188219-LeaderElection20 got exception when requesting votes: java.util.concurrent.ExecutionException: java.io.IOException: The peer s4 is not alive.
2024-10-09 00:14:15,391 [HandlerDaemon-0] INFO  server.RaftServer$Division (RaftServerImpl.java:requestVote(1476)) - s3@group-9FC63B188219 replies to PRE_VOTE vote request: s1<-s3#0:OK-t2. Peer's state: s3@group-9FC63B188219:t2, leader=null, voted=s2, raftlog=Memoized:s3@group-9FC63B188219-SegmentedRaftLog:OPENED:c2:last(t:2, i:2), conf=conf: {index: 1, cur=peers:[s3|localhost:15172, s4|localhost:15176, s0|localhost:15160, s1|localhost:15164, s2|localhost:15168]|listeners:[], old=null}
2024-10-09 00:14:15,391 [s1@group-9FC63B188219-LeaderElection20] INFO  impl.LeaderElection (LogUtils.java:infoOrTrace(136)) - s1@group-9FC63B188219-LeaderElection20 got exception when requesting votes: java.util.concurrent.ExecutionException: java.io.IOException: The peer s2 is not alive.
2024-10-09 00:14:15,490 [s3@group-9FC63B188219-LeaderElection21] INFO  impl.LeaderElection (LeaderElection.java:logAndReturn(90)) - s3@group-9FC63B188219-LeaderElection21: PRE_VOTE TIMEOUT received 1 response(s) and 2 exception(s):
2024-10-09 00:14:15,490 [s3@group-9FC63B188219-LeaderElection21] INFO  impl.LeaderElection (LeaderElection.java:logAndReturn(94)) -   Response 0: s3<-s1#0:OK-t2
2024-10-09 00:14:15,490 [s3@group-9FC63B188219-LeaderElection21] INFO  impl.LeaderElection (LogUtils.java:infoOrTrace(136)) -   Exception 1: java.util.concurrent.ExecutionException: java.io.IOException: The peer s4 is not alive.
2024-10-09 00:14:15,491 [s3@group-9FC63B188219-LeaderElection21] INFO  impl.LeaderElection (LogUtils.java:infoOrTrace(136)) -   Exception 2: java.util.concurrent.ExecutionException: java.io.IOException: The peer s2 is not alive.
2024-10-09 00:14:15,491 [s3@group-9FC63B188219-LeaderElection21] INFO  impl.LeaderElection (LeaderElection.java:askForVotes(339)) - s3@group-9FC63B188219-LeaderElection21 PRE_VOTE round 47: result TIMEOUT
2024-10-09 00:14:15,491 [s3@group-9FC63B188219-LeaderElection21] INFO  impl.LeaderElection (LeaderElection.java:askForVotes(337)) - s3@group-9FC63B188219-LeaderElection21 PRE_VOTE round 48: submit vote requests at term 2 for conf: {index: 1, cur=peers:[s3|localhost:15172, s4|localhost:15176, s0|localhost:15160, s1|localhost:15164, s2|localhost:15168]|listeners:[], old=null}
2024-10-09 00:14:15,491 [s3@group-9FC63B188219-LeaderElection21] INFO  impl.LeaderElection (LogUtils.java:infoOrTrace(136)) - s3@group-9FC63B188219-LeaderElection21 got exception when requesting votes: java.util.concurrent.ExecutionException: java.io.IOException: The peer s4 is not alive.
2024-10-09 00:14:15,491 [HandlerDaemon-0] INFO  server.RaftServer$Division (RaftServerImpl.java:requestVote(1443)) - s1@group-9FC63B188219: receive requestVote(PRE_VOTE, s3, group-9FC63B188219, 2, (t:2, i:2))
2024-10-09 00:14:15,491 [s3@group-9FC63B188219-LeaderElection21] INFO  impl.LeaderElection (LogUtils.java:infoOrTrace(136)) - s3@group-9FC63B188219-LeaderElection21 got exception when requesting votes: java.util.concurrent.ExecutionException: java.io.IOException: The peer s2 is not alive.
2024-10-09 00:14:15,491 [HandlerDaemon-0] INFO  impl.VoteContext (VoteContext.java:log(49)) - s1@group-9FC63B188219-CANDIDATE: accept PRE_VOTE from s3: our priority 0 <= candidate's priority 0
2024-10-09 00:14:15,491 [HandlerDaemon-0] INFO  server.RaftServer$Division (RaftServerImpl.java:requestVote(1476)) - s1@group-9FC63B188219 replies to PRE_VOTE vote request: s3<-s1#0:OK-t2. Peer's state: s1@group-9FC63B188219:t2, leader=null, voted=s2, raftlog=Memoized:s1@group-9FC63B188219-SegmentedRaftLog:OPENED:c2:last(t:2, i:2), conf=conf: {index: 1, cur=peers:[s3|localhost:15172, s4|localhost:15176, s0|localhost:15160, s1|localhost:15164, s2|localhost:15168]|listeners:[], old=null}
2024-10-09 00:14:15,624 [s1@group-9FC63B188219-LeaderElection20] INFO  impl.LeaderElection (LeaderElection.java:logAndReturn(90)) - s1@group-9FC63B188219-LeaderElection20: PRE_VOTE TIMEOUT received 1 response(s) and 2 exception(s):
2024-10-09 00:14:15,624 [s1@group-9FC63B188219-LeaderElection20] INFO  impl.LeaderElection (LeaderElection.java:logAndReturn(94)) -   Response 0: s1<-s3#0:OK-t2
2024-10-09 00:14:15,624 [s1@group-9FC63B188219-LeaderElection20] INFO  impl.LeaderElection (LogUtils.java:infoOrTrace(136)) -   Exception 1: java.util.concurrent.ExecutionException: java.io.IOException: The peer s4 is not alive.
2024-10-09 00:14:15,624 [s1@group-9FC63B188219-LeaderElection20] INFO  impl.LeaderElection (LogUtils.java:infoOrTrace(136)) -   Exception 2: java.util.concurrent.ExecutionException: java.io.IOException: The peer s2 is not alive.
2024-10-09 00:14:15,624 [s1@group-9FC63B188219-LeaderElection20] INFO  impl.LeaderElection (LeaderElection.java:askForVotes(339)) - s1@group-9FC63B188219-LeaderElection20 PRE_VOTE round 63: result TIMEOUT
2024-10-09 00:14:15,624 [s1@group-9FC63B188219-LeaderElection20] INFO  impl.LeaderElection (LeaderElection.java:askForVotes(337)) - s1@group-9FC63B188219-LeaderElection20 PRE_VOTE round 64: submit vote requests at term 2 for conf: {index: 1, cur=peers:[s3|localhost:15172, s4|localhost:15176, s0|localhost:15160, s1|localhost:15164, s2|localhost:15168]|listeners:[], old=null}
2024-10-09 00:14:15,625 [HandlerDaemon-1] INFO  server.RaftServer$Division (RaftServerImpl.java:requestVote(1443)) - s3@group-9FC63B188219: receive requestVote(PRE_VOTE, s1, group-9FC63B188219, 2, (t:2, i:2))
2024-10-09 00:14:15,625 [HandlerDaemon-1] INFO  impl.VoteContext (VoteContext.java:log(49)) - s3@group-9FC63B188219-CANDIDATE: accept PRE_VOTE from s1: our priority 0 <= candidate's priority 0
2024-10-09 00:14:15,625 [HandlerDaemon-1] INFO  server.RaftServer$Division (RaftServerImpl.java:requestVote(1476)) - s3@group-9FC63B188219 replies to PRE_VOTE vote request: s1<-s3#0:OK-t2. Peer's state: s3@group-9FC63B188219:t2, leader=null, voted=s2, raftlog=Memoized:s3@group-9FC63B188219-SegmentedRaftLog:OPENED:c2:last(t:2, i:2), conf=conf: {index: 1, cur=peers:[s3|localhost:15172, s4|localhost:15176, s0|localhost:15160, s1|localhost:15164, s2|localhost:15168]|listeners:[], old=null}
2024-10-09 00:14:15,625 [s1@group-9FC63B188219-LeaderElection20] INFO  impl.LeaderElection (LogUtils.java:infoOrTrace(136)) - s1@group-9FC63B188219-LeaderElection20 got exception when requesting votes: java.util.concurrent.ExecutionException: java.io.IOException: The peer s4 is not alive.
2024-10-09 00:14:15,625 [s1@group-9FC63B188219-LeaderElection20] INFO  impl.LeaderElection (LogUtils.java:infoOrTrace(136)) - s1@group-9FC63B188219-LeaderElection20 got exception when requesting votes: java.util.concurrent.ExecutionException: java.io.IOException: The peer s2 is not alive.
2024-10-09 00:14:15,740 [s3@group-9FC63B188219-LeaderElection21] INFO  impl.LeaderElection (LeaderElection.java:logAndReturn(90)) - s3@group-9FC63B188219-LeaderElection21: PRE_VOTE TIMEOUT received 1 response(s) and 2 exception(s):
2024-10-09 00:14:15,740 [s3@group-9FC63B188219-LeaderElection21] INFO  impl.LeaderElection (LeaderElection.java:logAndReturn(94)) -   Response 0: s3<-s1#0:OK-t2
2024-10-09 00:14:15,740 [s3@group-9FC63B188219-LeaderElection21] INFO  impl.LeaderElection (LogUtils.java:infoOrTrace(136)) -   Exception 1: java.util.concurrent.ExecutionException: java.io.IOException: The peer s4 is not alive.
2024-10-09 00:14:15,740 [s3@group-9FC63B188219-LeaderElection21] INFO  impl.LeaderElection (LogUtils.java:infoOrTrace(136)) -   Exception 2: java.util.concurrent.ExecutionException: java.io.IOException: The peer s2 is not alive.
2024-10-09 00:14:15,740 [s3@group-9FC63B188219-LeaderElection21] INFO  impl.LeaderElection (LeaderElection.java:askForVotes(339)) - s3@group-9FC63B188219-LeaderElection21 PRE_VOTE round 48: result TIMEOUT
2024-10-09 00:14:15,741 [s3@group-9FC63B188219-LeaderElection21] INFO  impl.LeaderElection (LeaderElection.java:askForVotes(337)) - s3@group-9FC63B188219-LeaderElection21 PRE_VOTE round 49: submit vote requests at term 2 for conf: {index: 1, cur=peers:[s3|localhost:15172, s4|localhost:15176, s0|localhost:15160, s1|localhost:15164, s2|localhost:15168]|listeners:[], old=null}
2024-10-09 00:14:15,741 [HandlerDaemon-1] INFO  server.RaftServer$Division (RaftServerImpl.java:requestVote(1443)) - s1@group-9FC63B188219: receive requestVote(PRE_VOTE, s3, group-9FC63B188219, 2, (t:2, i:2))
2024-10-09 00:14:15,741 [s3@group-9FC63B188219-LeaderElection21] INFO  impl.LeaderElection (LogUtils.java:infoOrTrace(136)) - s3@group-9FC63B188219-LeaderElection21 got exception when requesting votes: java.util.concurrent.ExecutionException: java.io.IOException: The peer s4 is not alive.
2024-10-09 00:14:15,741 [HandlerDaemon-1] INFO  impl.VoteContext (VoteContext.java:log(49)) - s1@group-9FC63B188219-CANDIDATE: accept PRE_VOTE from s3: our priority 0 <= candidate's priority 0
2024-10-09 00:14:15,741 [s3@group-9FC63B188219-LeaderElection21] INFO  impl.LeaderElection (LogUtils.java:infoOrTrace(136)) - s3@group-9FC63B188219-LeaderElection21 got exception when requesting votes: java.util.concurrent.ExecutionException: java.io.IOException: The peer s2 is not alive.
2024-10-09 00:14:15,741 [HandlerDaemon-1] INFO  server.RaftServer$Division (RaftServerImpl.java:requestVote(1476)) - s1@group-9FC63B188219 replies to PRE_VOTE vote request: s3<-s1#0:OK-t2. Peer's state: s1@group-9FC63B188219:t2, leader=null, voted=s2, raftlog=Memoized:s1@group-9FC63B188219-SegmentedRaftLog:OPENED:c2:last(t:2, i:2), conf=conf: {index: 1, cur=peers:[s3|localhost:15172, s4|localhost:15176, s0|localhost:15160, s1|localhost:15164, s2|localhost:15168]|listeners:[], old=null}
2024-10-09 00:14:15,757 [main] WARN  ratis.RaftTestUtil (RaftTestUtil.java:lambda$waitForLeader$3(126)) - Attempt #33 failed: java.lang.IllegalStateException: No leader yet : printing ALL groups
  s3:  RUNNING CANDIDATE s3@group-9FC63B188219:t2, leader=null, voted=s2, raftlog=Memoized:s3@group-9FC63B188219-SegmentedRaftLog:OPENED:c2:last(t:2, i:2), conf=conf: {index: 1, cur=peers:[s3|localhost:15172, s4|localhost:15176, s0|localhost:15160, s1|localhost:15164, s2|localhost:15168]|listeners:[], old=null} RUNNING
  s4:   CLOSED    LEADER s4@group-9FC63B188219:t1, leader=s4, voted=s4, raftlog=Memoized:s4@group-9FC63B188219-SegmentedRaftLog:CLOSED:c0, conf=conf: {index: 0, cur=peers:[s3|localhost:15172, s4|localhost:15176, s0|localhost:15160, s1|localhost:15164, s2|localhost:15168]|listeners:[], old=null} CLOSED
  s0:  RUNNING  FOLLOWER s0@group-9FC63B188219:t1, leader=null, voted=null, raftlog=Memoized:s0@group-9FC63B188219-SegmentedRaftLog:OPENED:c-1:lastnull, conf=conf: {index: -1, cur=peers:[s3|localhost:15172, s4|localhost:15176, s0|localhost:15160, s1|localhost:15164, s2|localhost:15168]|listeners:[], old=null} RUNNING
  s1:  RUNNING CANDIDATE s1@group-9FC63B188219:t2, leader=null, voted=s2, raftlog=Memoized:s1@group-9FC63B188219-SegmentedRaftLog:OPENED:c2:last(t:2, i:2), conf=conf: {index: 1, cur=peers:[s3|localhost:15172, s4|localhost:15176, s0|localhost:15160, s1|localhost:15164, s2|localhost:15168]|listeners:[], old=null} RUNNING
  s2:   CLOSED    LEADER s2@group-9FC63B188219:t2, leader=s2, voted=s2, raftlog=Memoized:s2@group-9FC63B188219-SegmentedRaftLog:CLOSED:c2, conf=conf: {index: 1, cur=peers:[s3|localhost:15172, s4|localhost:15176, s0|localhost:15160, s1|localhost:15164, s2|localhost:15168]|listeners:[], old=null} CLOSED
2024-10-09 00:14:15,816 [s1@group-9FC63B188219-LeaderElection20] INFO  impl.LeaderElection (LeaderElection.java:logAndReturn(90)) - s1@group-9FC63B188219-LeaderElection20: PRE_VOTE TIMEOUT received 1 response(s) and 2 exception(s):
2024-10-09 00:14:15,816 [s1@group-9FC63B188219-LeaderElection20] INFO  impl.LeaderElection (LeaderElection.java:logAndReturn(94)) -   Response 0: s1<-s3#0:OK-t2
2024-10-09 00:14:15,816 [s1@group-9FC63B188219-LeaderElection20] INFO  impl.LeaderElection (LogUtils.java:infoOrTrace(136)) -   Exception 1: java.util.concurrent.ExecutionException: java.io.IOException: The peer s4 is not alive.
2024-10-09 00:14:15,816 [s1@group-9FC63B188219-LeaderElection20] INFO  impl.LeaderElection (LogUtils.java:infoOrTrace(136)) -   Exception 2: java.util.concurrent.ExecutionException: java.io.IOException: The peer s2 is not alive.
2024-10-09 00:14:15,816 [s1@group-9FC63B188219-LeaderElection20] INFO  impl.LeaderElection (LeaderElection.java:askForVotes(339)) - s1@group-9FC63B188219-LeaderElection20 PRE_VOTE round 64: result TIMEOUT
2024-10-09 00:14:15,816 [s1@group-9FC63B188219-LeaderElection20] INFO  impl.LeaderElection (LeaderElection.java:askForVotes(337)) - s1@group-9FC63B188219-LeaderElection20 PRE_VOTE round 65: submit vote requests at term 2 for conf: {index: 1, cur=peers:[s3|localhost:15172, s4|localhost:15176, s0|localhost:15160, s1|localhost:15164, s2|localhost:15168]|listeners:[], old=null}
2024-10-09 00:14:15,816 [HandlerDaemon-2] INFO  server.RaftServer$Division (RaftServerImpl.java:requestVote(1443)) - s3@group-9FC63B188219: receive requestVote(PRE_VOTE, s1, group-9FC63B188219, 2, (t:2, i:2))
2024-10-09 00:14:15,817 [HandlerDaemon-2] INFO  impl.VoteContext (VoteContext.java:log(49)) - s3@group-9FC63B188219-CANDIDATE: accept PRE_VOTE from s1: our priority 0 <= candidate's priority 0
2024-10-09 00:14:15,817 [HandlerDaemon-2] INFO  server.RaftServer$Division (RaftServerImpl.java:requestVote(1476)) - s3@group-9FC63B188219 replies to PRE_VOTE vote request: s1<-s3#0:OK-t2. Peer's state: s3@group-9FC63B188219:t2, leader=null, voted=s2, raftlog=Memoized:s3@group-9FC63B188219-SegmentedRaftLog:OPENED:c2:last(t:2, i:2), conf=conf: {index: 1, cur=peers:[s3|localhost:15172, s4|localhost:15176, s0|localhost:15160, s1|localhost:15164, s2|localhost:15168]|listeners:[], old=null}
2024-10-09 00:14:15,817 [s1@group-9FC63B188219-LeaderElection20] INFO  impl.LeaderElection (LogUtils.java:infoOrTrace(136)) - s1@group-9FC63B188219-LeaderElection20 got exception when requesting votes: java.util.concurrent.ExecutionException: java.io.IOException: The peer s4 is not alive.
2024-10-09 00:14:15,817 [s1@group-9FC63B188219-LeaderElection20] INFO  impl.LeaderElection (LogUtils.java:infoOrTrace(136)) - s1@group-9FC63B188219-LeaderElection20 got exception when requesting votes: java.util.concurrent.ExecutionException: java.io.IOException: The peer s2 is not alive.
2024-10-09 00:14:16,003 [s3@group-9FC63B188219-LeaderElection21] INFO  impl.LeaderElection (LeaderElection.java:logAndReturn(90)) - s3@group-9FC63B188219-LeaderElection21: PRE_VOTE TIMEOUT received 1 response(s) and 2 exception(s):
2024-10-09 00:14:16,003 [s3@group-9FC63B188219-LeaderElection21] INFO  impl.LeaderElection (LeaderElection.java:logAndReturn(94)) -   Response 0: s3<-s1#0:OK-t2
2024-10-09 00:14:16,003 [s3@group-9FC63B188219-LeaderElection21] INFO  impl.LeaderElection (LogUtils.java:infoOrTrace(136)) -   Exception 1: java.util.concurrent.ExecutionException: java.io.IOException: The peer s4 is not alive.
2024-10-09 00:14:16,003 [s3@group-9FC63B188219-LeaderElection21] INFO  impl.LeaderElection (LogUtils.java:infoOrTrace(136)) -   Exception 2: java.util.concurrent.ExecutionException: java.io.IOException: The peer s2 is not alive.
2024-10-09 00:14:16,003 [s3@group-9FC63B188219-LeaderElection21] INFO  impl.LeaderElection (LeaderElection.java:askForVotes(339)) - s3@group-9FC63B188219-LeaderElection21 PRE_VOTE round 49: result TIMEOUT
2024-10-09 00:14:16,003 [s3@group-9FC63B188219-LeaderElection21] INFO  impl.LeaderElection (LeaderElection.java:askForVotes(337)) - s3@group-9FC63B188219-LeaderElection21 PRE_VOTE round 50: submit vote requests at term 2 for conf: {index: 1, cur=peers:[s3|localhost:15172, s4|localhost:15176, s0|localhost:15160, s1|localhost:15164, s2|localhost:15168]|listeners:[], old=null}
2024-10-09 00:14:16,004 [HandlerDaemon-2] INFO  server.RaftServer$Division (RaftServerImpl.java:requestVote(1443)) - s1@group-9FC63B188219: receive requestVote(PRE_VOTE, s3, group-9FC63B188219, 2, (t:2, i:2))
2024-10-09 00:14:16,004 [s3@group-9FC63B188219-LeaderElection21] INFO  impl.LeaderElection (LogUtils.java:infoOrTrace(136)) - s3@group-9FC63B188219-LeaderElection21 got exception when requesting votes: java.util.concurrent.ExecutionException: java.io.IOException: The peer s4 is not alive.
2024-10-09 00:14:16,004 [HandlerDaemon-2] INFO  impl.VoteContext (VoteContext.java:log(49)) - s1@group-9FC63B188219-CANDIDATE: accept PRE_VOTE from s3: our priority 0 <= candidate's priority 0
2024-10-09 00:14:16,004 [s3@group-9FC63B188219-LeaderElection21] INFO  impl.LeaderElection (LogUtils.java:infoOrTrace(136)) - s3@group-9FC63B188219-LeaderElection21 got exception when requesting votes: java.util.concurrent.ExecutionException: java.io.IOException: The peer s2 is not alive.
2024-10-09 00:14:16,004 [HandlerDaemon-2] INFO  server.RaftServer$Division (RaftServerImpl.java:requestVote(1476)) - s1@group-9FC63B188219 replies to PRE_VOTE vote request: s3<-s1#0:OK-t2. Peer's state: s1@group-9FC63B188219:t2, leader=null, voted=s2, raftlog=Memoized:s1@group-9FC63B188219-SegmentedRaftLog:OPENED:c2:last(t:2, i:2), conf=conf: {index: 1, cur=peers:[s3|localhost:15172, s4|localhost:15176, s0|localhost:15160, s1|localhost:15164, s2|localhost:15168]|listeners:[], old=null}
2024-10-09 00:14:16,110 [s1@group-9FC63B188219-LeaderElection20] INFO  impl.LeaderElection (LeaderElection.java:logAndReturn(90)) - s1@group-9FC63B188219-LeaderElection20: PRE_VOTE TIMEOUT received 1 response(s) and 2 exception(s):
2024-10-09 00:14:16,110 [s1@group-9FC63B188219-LeaderElection20] INFO  impl.LeaderElection (LeaderElection.java:logAndReturn(94)) -   Response 0: s1<-s3#0:OK-t2
2024-10-09 00:14:16,110 [s1@group-9FC63B188219-LeaderElection20] INFO  impl.LeaderElection (LogUtils.java:infoOrTrace(136)) -   Exception 1: java.util.concurrent.ExecutionException: java.io.IOException: The peer s4 is not alive.
2024-10-09 00:14:16,110 [s1@group-9FC63B188219-LeaderElection20] INFO  impl.LeaderElection (LogUtils.java:infoOrTrace(136)) -   Exception 2: java.util.concurrent.ExecutionException: java.io.IOException: The peer s2 is not alive.
2024-10-09 00:14:16,110 [s1@group-9FC63B188219-LeaderElection20] INFO  impl.LeaderElection (LeaderElection.java:askForVotes(339)) - s1@group-9FC63B188219-LeaderElection20 PRE_VOTE round 65: result TIMEOUT
2024-10-09 00:14:16,110 [s1@group-9FC63B188219-LeaderElection20] INFO  impl.LeaderElection (LeaderElection.java:askForVotes(337)) - s1@group-9FC63B188219-LeaderElection20 PRE_VOTE round 66: submit vote requests at term 2 for conf: {index: 1, cur=peers:[s3|localhost:15172, s4|localhost:15176, s0|localhost:15160, s1|localhost:15164, s2|localhost:15168]|listeners:[], old=null}
2024-10-09 00:14:16,110 [HandlerDaemon-0] INFO  server.RaftServer$Division (RaftServerImpl.java:requestVote(1443)) - s3@group-9FC63B188219: receive requestVote(PRE_VOTE, s1, group-9FC63B188219, 2, (t:2, i:2))
2024-10-09 00:14:16,110 [HandlerDaemon-0] INFO  impl.VoteContext (VoteContext.java:log(49)) - s3@group-9FC63B188219-CANDIDATE: accept PRE_VOTE from s1: our priority 0 <= candidate's priority 0
2024-10-09 00:14:16,111 [HandlerDaemon-0] INFO  server.RaftServer$Division (RaftServerImpl.java:requestVote(1476)) - s3@group-9FC63B188219 replies to PRE_VOTE vote request: s1<-s3#0:OK-t2. Peer's state: s3@group-9FC63B188219:t2, leader=null, voted=s2, raftlog=Memoized:s3@group-9FC63B188219-SegmentedRaftLog:OPENED:c2:last(t:2, i:2), conf=conf: {index: 1, cur=peers:[s3|localhost:15172, s4|localhost:15176, s0|localhost:15160, s1|localhost:15164, s2|localhost:15168]|listeners:[], old=null}
2024-10-09 00:14:16,111 [s1@group-9FC63B188219-LeaderElection20] INFO  impl.LeaderElection (LogUtils.java:infoOrTrace(136)) - s1@group-9FC63B188219-LeaderElection20 got exception when requesting votes: java.util.concurrent.ExecutionException: java.io.IOException: The peer s4 is not alive.
2024-10-09 00:14:16,111 [s1@group-9FC63B188219-LeaderElection20] INFO  impl.LeaderElection (LogUtils.java:infoOrTrace(136)) - s1@group-9FC63B188219-LeaderElection20 got exception when requesting votes: java.util.concurrent.ExecutionException: java.io.IOException: The peer s2 is not alive.
2024-10-09 00:14:16,169 [s3@group-9FC63B188219-LeaderElection21] INFO  impl.LeaderElection (LeaderElection.java:logAndReturn(90)) - s3@group-9FC63B188219-LeaderElection21: PRE_VOTE TIMEOUT received 1 response(s) and 2 exception(s):
2024-10-09 00:14:16,169 [s3@group-9FC63B188219-LeaderElection21] INFO  impl.LeaderElection (LeaderElection.java:logAndReturn(94)) -   Response 0: s3<-s1#0:OK-t2
2024-10-09 00:14:16,169 [s3@group-9FC63B188219-LeaderElection21] INFO  impl.LeaderElection (LogUtils.java:infoOrTrace(136)) -   Exception 1: java.util.concurrent.ExecutionException: java.io.IOException: The peer s4 is not alive.
2024-10-09 00:14:16,169 [s3@group-9FC63B188219-LeaderElection21] INFO  impl.LeaderElection (LogUtils.java:infoOrTrace(136)) -   Exception 2: java.util.concurrent.ExecutionException: java.io.IOException: The peer s2 is not alive.
2024-10-09 00:14:16,169 [s3@group-9FC63B188219-LeaderElection21] INFO  impl.LeaderElection (LeaderElection.java:askForVotes(339)) - s3@group-9FC63B188219-LeaderElection21 PRE_VOTE round 50: result TIMEOUT
2024-10-09 00:14:16,169 [s3@group-9FC63B188219-LeaderElection21] INFO  impl.LeaderElection (LeaderElection.java:askForVotes(337)) - s3@group-9FC63B188219-LeaderElection21 PRE_VOTE round 51: submit vote requests at term 2 for conf: {index: 1, cur=peers:[s3|localhost:15172, s4|localhost:15176, s0|localhost:15160, s1|localhost:15164, s2|localhost:15168]|listeners:[], old=null}
2024-10-09 00:14:16,170 [HandlerDaemon-0] INFO  server.RaftServer$Division (RaftServerImpl.java:requestVote(1443)) - s1@group-9FC63B188219: receive requestVote(PRE_VOTE, s3, group-9FC63B188219, 2, (t:2, i:2))
2024-10-09 00:14:16,170 [s3@group-9FC63B188219-LeaderElection21] INFO  impl.LeaderElection (LogUtils.java:infoOrTrace(136)) - s3@group-9FC63B188219-LeaderElection21 got exception when requesting votes: java.util.concurrent.ExecutionException: java.io.IOException: The peer s4 is not alive.
2024-10-09 00:14:16,170 [HandlerDaemon-0] INFO  impl.VoteContext (VoteContext.java:log(49)) - s1@group-9FC63B188219-CANDIDATE: accept PRE_VOTE from s3: our priority 0 <= candidate's priority 0
2024-10-09 00:14:16,170 [s3@group-9FC63B188219-LeaderElection21] INFO  impl.LeaderElection (LogUtils.java:infoOrTrace(136)) - s3@group-9FC63B188219-LeaderElection21 got exception when requesting votes: java.util.concurrent.ExecutionException: java.io.IOException: The peer s2 is not alive.
2024-10-09 00:14:16,170 [HandlerDaemon-0] INFO  server.RaftServer$Division (RaftServerImpl.java:requestVote(1476)) - s1@group-9FC63B188219 replies to PRE_VOTE vote request: s3<-s1#0:OK-t2. Peer's state: s1@group-9FC63B188219:t2, leader=null, voted=s2, raftlog=Memoized:s1@group-9FC63B188219-SegmentedRaftLog:OPENED:c2:last(t:2, i:2), conf=conf: {index: 1, cur=peers:[s3|localhost:15172, s4|localhost:15176, s0|localhost:15160, s1|localhost:15164, s2|localhost:15168]|listeners:[], old=null}
2024-10-09 00:14:16,207 [main] WARN  ratis.RaftTestUtil (RaftTestUtil.java:lambda$waitForLeader$3(126)) - Attempt #34 failed: java.lang.IllegalStateException: No leader yet : printing ALL groups
  s3:  RUNNING CANDIDATE s3@group-9FC63B188219:t2, leader=null, voted=s2, raftlog=Memoized:s3@group-9FC63B188219-SegmentedRaftLog:OPENED:c2:last(t:2, i:2), conf=conf: {index: 1, cur=peers:[s3|localhost:15172, s4|localhost:15176, s0|localhost:15160, s1|localhost:15164, s2|localhost:15168]|listeners:[], old=null} RUNNING
  s4:   CLOSED    LEADER s4@group-9FC63B188219:t1, leader=s4, voted=s4, raftlog=Memoized:s4@group-9FC63B188219-SegmentedRaftLog:CLOSED:c0, conf=conf: {index: 0, cur=peers:[s3|localhost:15172, s4|localhost:15176, s0|localhost:15160, s1|localhost:15164, s2|localhost:15168]|listeners:[], old=null} CLOSED
  s0:  RUNNING  FOLLOWER s0@group-9FC63B188219:t1, leader=null, voted=null, raftlog=Memoized:s0@group-9FC63B188219-SegmentedRaftLog:OPENED:c-1:lastnull, conf=conf: {index: -1, cur=peers:[s3|localhost:15172, s4|localhost:15176, s0|localhost:15160, s1|localhost:15164, s2|localhost:15168]|listeners:[], old=null} RUNNING
  s1:  RUNNING CANDIDATE s1@group-9FC63B188219:t2, leader=null, voted=s2, raftlog=Memoized:s1@group-9FC63B188219-SegmentedRaftLog:OPENED:c2:last(t:2, i:2), conf=conf: {index: 1, cur=peers:[s3|localhost:15172, s4|localhost:15176, s0|localhost:15160, s1|localhost:15164, s2|localhost:15168]|listeners:[], old=null} RUNNING
  s2:   CLOSED    LEADER s2@group-9FC63B188219:t2, leader=s2, voted=s2, raftlog=Memoized:s2@group-9FC63B188219-SegmentedRaftLog:CLOSED:c2, conf=conf: {index: 1, cur=peers:[s3|localhost:15172, s4|localhost:15176, s0|localhost:15160, s1|localhost:15164, s2|localhost:15168]|listeners:[], old=null} CLOSED
2024-10-09 00:14:16,292 [s1@group-9FC63B188219-LeaderElection20] INFO  impl.LeaderElection (LeaderElection.java:logAndReturn(90)) - s1@group-9FC63B188219-LeaderElection20: PRE_VOTE TIMEOUT received 1 response(s) and 2 exception(s):
2024-10-09 00:14:16,292 [s1@group-9FC63B188219-LeaderElection20] INFO  impl.LeaderElection (LeaderElection.java:logAndReturn(94)) -   Response 0: s1<-s3#0:OK-t2
2024-10-09 00:14:16,292 [s1@group-9FC63B188219-LeaderElection20] INFO  impl.LeaderElection (LogUtils.java:infoOrTrace(136)) -   Exception 1: java.util.concurrent.ExecutionException: java.io.IOException: The peer s4 is not alive.
2024-10-09 00:14:16,292 [s1@group-9FC63B188219-LeaderElection20] INFO  impl.LeaderElection (LogUtils.java:infoOrTrace(136)) -   Exception 2: java.util.concurrent.ExecutionException: java.io.IOException: The peer s2 is not alive.
2024-10-09 00:14:16,292 [s1@group-9FC63B188219-LeaderElection20] INFO  impl.LeaderElection (LeaderElection.java:askForVotes(339)) - s1@group-9FC63B188219-LeaderElection20 PRE_VOTE round 66: result TIMEOUT
2024-10-09 00:14:16,292 [s1@group-9FC63B188219-LeaderElection20] INFO  impl.LeaderElection (LeaderElection.java:askForVotes(337)) - s1@group-9FC63B188219-LeaderElection20 PRE_VOTE round 67: submit vote requests at term 2 for conf: {index: 1, cur=peers:[s3|localhost:15172, s4|localhost:15176, s0|localhost:15160, s1|localhost:15164, s2|localhost:15168]|listeners:[], old=null}
2024-10-09 00:14:16,292 [HandlerDaemon-1] INFO  server.RaftServer$Division (RaftServerImpl.java:requestVote(1443)) - s3@group-9FC63B188219: receive requestVote(PRE_VOTE, s1, group-9FC63B188219, 2, (t:2, i:2))
2024-10-09 00:14:16,292 [HandlerDaemon-1] INFO  impl.VoteContext (VoteContext.java:log(49)) - s3@group-9FC63B188219-CANDIDATE: accept PRE_VOTE from s1: our priority 0 <= candidate's priority 0
2024-10-09 00:14:16,292 [s1@group-9FC63B188219-LeaderElection20] INFO  impl.LeaderElection (LogUtils.java:infoOrTrace(136)) - s1@group-9FC63B188219-LeaderElection20 got exception when requesting votes: java.util.concurrent.ExecutionException: java.io.IOException: The peer s4 is not alive.
2024-10-09 00:14:16,292 [HandlerDaemon-1] INFO  server.RaftServer$Division (RaftServerImpl.java:requestVote(1476)) - s3@group-9FC63B188219 replies to PRE_VOTE vote request: s1<-s3#0:OK-t2. Peer's state: s3@group-9FC63B188219:t2, leader=null, voted=s2, raftlog=Memoized:s3@group-9FC63B188219-SegmentedRaftLog:OPENED:c2:last(t:2, i:2), conf=conf: {index: 1, cur=peers:[s3|localhost:15172, s4|localhost:15176, s0|localhost:15160, s1|localhost:15164, s2|localhost:15168]|listeners:[], old=null}
2024-10-09 00:14:16,293 [s1@group-9FC63B188219-LeaderElection20] INFO  impl.LeaderElection (LogUtils.java:infoOrTrace(136)) - s1@group-9FC63B188219-LeaderElection20 got exception when requesting votes: java.util.concurrent.ExecutionException: java.io.IOException: The peer s2 is not alive.
2024-10-09 00:14:16,422 [s3@group-9FC63B188219-LeaderElection21] INFO  impl.LeaderElection (LeaderElection.java:logAndReturn(90)) - s3@group-9FC63B188219-LeaderElection21: PRE_VOTE TIMEOUT received 1 response(s) and 2 exception(s):
2024-10-09 00:14:16,422 [s3@group-9FC63B188219-LeaderElection21] INFO  impl.LeaderElection (LeaderElection.java:logAndReturn(94)) -   Response 0: s3<-s1#0:OK-t2
2024-10-09 00:14:16,422 [s3@group-9FC63B188219-LeaderElection21] INFO  impl.LeaderElection (LogUtils.java:infoOrTrace(136)) -   Exception 1: java.util.concurrent.ExecutionException: java.io.IOException: The peer s4 is not alive.
2024-10-09 00:14:16,422 [s3@group-9FC63B188219-LeaderElection21] INFO  impl.LeaderElection (LogUtils.java:infoOrTrace(136)) -   Exception 2: java.util.concurrent.ExecutionException: java.io.IOException: The peer s2 is not alive.
2024-10-09 00:14:16,422 [s3@group-9FC63B188219-LeaderElection21] INFO  impl.LeaderElection (LeaderElection.java:askForVotes(339)) - s3@group-9FC63B188219-LeaderElection21 PRE_VOTE round 51: result TIMEOUT
2024-10-09 00:14:16,422 [s3@group-9FC63B188219-LeaderElection21] INFO  impl.LeaderElection (LeaderElection.java:askForVotes(337)) - s3@group-9FC63B188219-LeaderElection21 PRE_VOTE round 52: submit vote requests at term 2 for conf: {index: 1, cur=peers:[s3|localhost:15172, s4|localhost:15176, s0|localhost:15160, s1|localhost:15164, s2|localhost:15168]|listeners:[], old=null}
2024-10-09 00:14:16,423 [HandlerDaemon-1] INFO  server.RaftServer$Division (RaftServerImpl.java:requestVote(1443)) - s1@group-9FC63B188219: receive requestVote(PRE_VOTE, s3, group-9FC63B188219, 2, (t:2, i:2))
2024-10-09 00:14:16,423 [s3@group-9FC63B188219-LeaderElection21] INFO  impl.LeaderElection (LogUtils.java:infoOrTrace(136)) - s3@group-9FC63B188219-LeaderElection21 got exception when requesting votes: java.util.concurrent.ExecutionException: java.io.IOException: The peer s4 is not alive.
2024-10-09 00:14:16,423 [HandlerDaemon-1] INFO  impl.VoteContext (VoteContext.java:log(49)) - s1@group-9FC63B188219-CANDIDATE: accept PRE_VOTE from s3: our priority 0 <= candidate's priority 0
2024-10-09 00:14:16,423 [s3@group-9FC63B188219-LeaderElection21] INFO  impl.LeaderElection (LogUtils.java:infoOrTrace(136)) - s3@group-9FC63B188219-LeaderElection21 got exception when requesting votes: java.util.concurrent.ExecutionException: java.io.IOException: The peer s2 is not alive.
2024-10-09 00:14:16,423 [HandlerDaemon-1] INFO  server.RaftServer$Division (RaftServerImpl.java:requestVote(1476)) - s1@group-9FC63B188219 replies to PRE_VOTE vote request: s3<-s1#0:OK-t2. Peer's state: s1@group-9FC63B188219:t2, leader=null, voted=s2, raftlog=Memoized:s1@group-9FC63B188219-SegmentedRaftLog:OPENED:c2:last(t:2, i:2), conf=conf: {index: 1, cur=peers:[s3|localhost:15172, s4|localhost:15176, s0|localhost:15160, s1|localhost:15164, s2|localhost:15168]|listeners:[], old=null}
2024-10-09 00:14:16,529 [s1@group-9FC63B188219-LeaderElection20] INFO  impl.LeaderElection (LeaderElection.java:logAndReturn(90)) - s1@group-9FC63B188219-LeaderElection20: PRE_VOTE TIMEOUT received 1 response(s) and 2 exception(s):
2024-10-09 00:14:16,530 [s1@group-9FC63B188219-LeaderElection20] INFO  impl.LeaderElection (LeaderElection.java:logAndReturn(94)) -   Response 0: s1<-s3#0:OK-t2
2024-10-09 00:14:16,530 [s1@group-9FC63B188219-LeaderElection20] INFO  impl.LeaderElection (LogUtils.java:infoOrTrace(136)) -   Exception 1: java.util.concurrent.ExecutionException: java.io.IOException: The peer s4 is not alive.
2024-10-09 00:14:16,530 [s1@group-9FC63B188219-LeaderElection20] INFO  impl.LeaderElection (LogUtils.java:infoOrTrace(136)) -   Exception 2: java.util.concurrent.ExecutionException: java.io.IOException: The peer s2 is not alive.
2024-10-09 00:14:16,530 [s1@group-9FC63B188219-LeaderElection20] INFO  impl.LeaderElection (LeaderElection.java:askForVotes(339)) - s1@group-9FC63B188219-LeaderElection20 PRE_VOTE round 67: result TIMEOUT
2024-10-09 00:14:16,530 [s1@group-9FC63B188219-LeaderElection20] INFO  impl.LeaderElection (LeaderElection.java:askForVotes(337)) - s1@group-9FC63B188219-LeaderElection20 PRE_VOTE round 68: submit vote requests at term 2 for conf: {index: 1, cur=peers:[s3|localhost:15172, s4|localhost:15176, s0|localhost:15160, s1|localhost:15164, s2|localhost:15168]|listeners:[], old=null}
2024-10-09 00:14:16,530 [HandlerDaemon-2] INFO  server.RaftServer$Division (RaftServerImpl.java:requestVote(1443)) - s3@group-9FC63B188219: receive requestVote(PRE_VOTE, s1, group-9FC63B188219, 2, (t:2, i:2))
2024-10-09 00:14:16,530 [HandlerDaemon-2] INFO  impl.VoteContext (VoteContext.java:log(49)) - s3@group-9FC63B188219-CANDIDATE: accept PRE_VOTE from s1: our priority 0 <= candidate's priority 0
2024-10-09 00:14:16,530 [HandlerDaemon-2] INFO  server.RaftServer$Division (RaftServerImpl.java:requestVote(1476)) - s3@group-9FC63B188219 replies to PRE_VOTE vote request: s1<-s3#0:OK-t2. Peer's state: s3@group-9FC63B188219:t2, leader=null, voted=s2, raftlog=Memoized:s3@group-9FC63B188219-SegmentedRaftLog:OPENED:c2:last(t:2, i:2), conf=conf: {index: 1, cur=peers:[s3|localhost:15172, s4|localhost:15176, s0|localhost:15160, s1|localhost:15164, s2|localhost:15168]|listeners:[], old=null}
2024-10-09 00:14:16,530 [s1@group-9FC63B188219-LeaderElection20] INFO  impl.LeaderElection (LogUtils.java:infoOrTrace(136)) - s1@group-9FC63B188219-LeaderElection20 got exception when requesting votes: java.util.concurrent.ExecutionException: java.io.IOException: The peer s4 is not alive.
2024-10-09 00:14:16,530 [s1@group-9FC63B188219-LeaderElection20] INFO  impl.LeaderElection (LogUtils.java:infoOrTrace(136)) - s1@group-9FC63B188219-LeaderElection20 got exception when requesting votes: java.util.concurrent.ExecutionException: java.io.IOException: The peer s2 is not alive.
2024-10-09 00:14:16,658 [main] WARN  ratis.RaftTestUtil (RaftTestUtil.java:lambda$waitForLeader$3(126)) - Attempt #35 failed: java.lang.IllegalStateException: No leader yet : printing ALL groups
  s3:  RUNNING CANDIDATE s3@group-9FC63B188219:t2, leader=null, voted=s2, raftlog=Memoized:s3@group-9FC63B188219-SegmentedRaftLog:OPENED:c2:last(t:2, i:2), conf=conf: {index: 1, cur=peers:[s3|localhost:15172, s4|localhost:15176, s0|localhost:15160, s1|localhost:15164, s2|localhost:15168]|listeners:[], old=null} RUNNING
  s4:   CLOSED    LEADER s4@group-9FC63B188219:t1, leader=s4, voted=s4, raftlog=Memoized:s4@group-9FC63B188219-SegmentedRaftLog:CLOSED:c0, conf=conf: {index: 0, cur=peers:[s3|localhost:15172, s4|localhost:15176, s0|localhost:15160, s1|localhost:15164, s2|localhost:15168]|listeners:[], old=null} CLOSED
  s0:  RUNNING  FOLLOWER s0@group-9FC63B188219:t1, leader=null, voted=null, raftlog=Memoized:s0@group-9FC63B188219-SegmentedRaftLog:OPENED:c-1:lastnull, conf=conf: {index: -1, cur=peers:[s3|localhost:15172, s4|localhost:15176, s0|localhost:15160, s1|localhost:15164, s2|localhost:15168]|listeners:[], old=null} RUNNING
  s1:  RUNNING CANDIDATE s1@group-9FC63B188219:t2, leader=null, voted=s2, raftlog=Memoized:s1@group-9FC63B188219-SegmentedRaftLog:OPENED:c2:last(t:2, i:2), conf=conf: {index: 1, cur=peers:[s3|localhost:15172, s4|localhost:15176, s0|localhost:15160, s1|localhost:15164, s2|localhost:15168]|listeners:[], old=null} RUNNING
  s2:   CLOSED    LEADER s2@group-9FC63B188219:t2, leader=s2, voted=s2, raftlog=Memoized:s2@group-9FC63B188219-SegmentedRaftLog:CLOSED:c2, conf=conf: {index: 1, cur=peers:[s3|localhost:15172, s4|localhost:15176, s0|localhost:15160, s1|localhost:15164, s2|localhost:15168]|listeners:[], old=null} CLOSED
2024-10-09 00:14:16,708 [s3@group-9FC63B188219-LeaderElection21] INFO  impl.LeaderElection (LeaderElection.java:logAndReturn(90)) - s3@group-9FC63B188219-LeaderElection21: PRE_VOTE TIMEOUT received 1 response(s) and 2 exception(s):
2024-10-09 00:14:16,708 [s3@group-9FC63B188219-LeaderElection21] INFO  impl.LeaderElection (LeaderElection.java:logAndReturn(94)) -   Response 0: s3<-s1#0:OK-t2
2024-10-09 00:14:16,708 [s3@group-9FC63B188219-LeaderElection21] INFO  impl.LeaderElection (LogUtils.java:infoOrTrace(136)) -   Exception 1: java.util.concurrent.ExecutionException: java.io.IOException: The peer s4 is not alive.
2024-10-09 00:14:16,708 [s3@group-9FC63B188219-LeaderElection21] INFO  impl.LeaderElection (LogUtils.java:infoOrTrace(136)) -   Exception 2: java.util.concurrent.ExecutionException: java.io.IOException: The peer s2 is not alive.
2024-10-09 00:14:16,708 [s3@group-9FC63B188219-LeaderElection21] INFO  impl.LeaderElection (LeaderElection.java:askForVotes(339)) - s3@group-9FC63B188219-LeaderElection21 PRE_VOTE round 52: result TIMEOUT
2024-10-09 00:14:16,708 [s3@group-9FC63B188219-LeaderElection21] INFO  impl.LeaderElection (LeaderElection.java:askForVotes(337)) - s3@group-9FC63B188219-LeaderElection21 PRE_VOTE round 53: submit vote requests at term 2 for conf: {index: 1, cur=peers:[s3|localhost:15172, s4|localhost:15176, s0|localhost:15160, s1|localhost:15164, s2|localhost:15168]|listeners:[], old=null}
2024-10-09 00:14:16,709 [HandlerDaemon-2] INFO  server.RaftServer$Division (RaftServerImpl.java:requestVote(1443)) - s1@group-9FC63B188219: receive requestVote(PRE_VOTE, s3, group-9FC63B188219, 2, (t:2, i:2))
2024-10-09 00:14:16,709 [s3@group-9FC63B188219-LeaderElection21] INFO  impl.LeaderElection (LogUtils.java:infoOrTrace(136)) - s3@group-9FC63B188219-LeaderElection21 got exception when requesting votes: java.util.concurrent.ExecutionException: java.io.IOException: The peer s4 is not alive.
2024-10-09 00:14:16,709 [HandlerDaemon-2] INFO  impl.VoteContext (VoteContext.java:log(49)) - s1@group-9FC63B188219-CANDIDATE: accept PRE_VOTE from s3: our priority 0 <= candidate's priority 0
2024-10-09 00:14:16,709 [s3@group-9FC63B188219-LeaderElection21] INFO  impl.LeaderElection (LogUtils.java:infoOrTrace(136)) - s3@group-9FC63B188219-LeaderElection21 got exception when requesting votes: java.util.concurrent.ExecutionException: java.io.IOException: The peer s2 is not alive.
2024-10-09 00:14:16,709 [HandlerDaemon-2] INFO  server.RaftServer$Division (RaftServerImpl.java:requestVote(1476)) - s1@group-9FC63B188219 replies to PRE_VOTE vote request: s3<-s1#0:OK-t2. Peer's state: s1@group-9FC63B188219:t2, leader=null, voted=s2, raftlog=Memoized:s1@group-9FC63B188219-SegmentedRaftLog:OPENED:c2:last(t:2, i:2), conf=conf: {index: 1, cur=peers:[s3|localhost:15172, s4|localhost:15176, s0|localhost:15160, s1|localhost:15164, s2|localhost:15168]|listeners:[], old=null}
2024-10-09 00:14:16,787 [s1@group-9FC63B188219-LeaderElection20] INFO  impl.LeaderElection (LeaderElection.java:logAndReturn(90)) - s1@group-9FC63B188219-LeaderElection20: PRE_VOTE TIMEOUT received 1 response(s) and 2 exception(s):
2024-10-09 00:14:16,787 [s1@group-9FC63B188219-LeaderElection20] INFO  impl.LeaderElection (LeaderElection.java:logAndReturn(94)) -   Response 0: s1<-s3#0:OK-t2
2024-10-09 00:14:16,787 [s1@group-9FC63B188219-LeaderElection20] INFO  impl.LeaderElection (LogUtils.java:infoOrTrace(136)) -   Exception 1: java.util.concurrent.ExecutionException: java.io.IOException: The peer s4 is not alive.
2024-10-09 00:14:16,788 [s1@group-9FC63B188219-LeaderElection20] INFO  impl.LeaderElection (LogUtils.java:infoOrTrace(136)) -   Exception 2: java.util.concurrent.ExecutionException: java.io.IOException: The peer s2 is not alive.
2024-10-09 00:14:16,788 [s1@group-9FC63B188219-LeaderElection20] INFO  impl.LeaderElection (LeaderElection.java:askForVotes(339)) - s1@group-9FC63B188219-LeaderElection20 PRE_VOTE round 68: result TIMEOUT
2024-10-09 00:14:16,788 [s1@group-9FC63B188219-LeaderElection20] INFO  impl.LeaderElection (LeaderElection.java:askForVotes(337)) - s1@group-9FC63B188219-LeaderElection20 PRE_VOTE round 69: submit vote requests at term 2 for conf: {index: 1, cur=peers:[s3|localhost:15172, s4|localhost:15176, s0|localhost:15160, s1|localhost:15164, s2|localhost:15168]|listeners:[], old=null}
2024-10-09 00:14:16,788 [HandlerDaemon-0] INFO  server.RaftServer$Division (RaftServerImpl.java:requestVote(1443)) - s3@group-9FC63B188219: receive requestVote(PRE_VOTE, s1, group-9FC63B188219, 2, (t:2, i:2))
2024-10-09 00:14:16,788 [HandlerDaemon-0] INFO  impl.VoteContext (VoteContext.java:log(49)) - s3@group-9FC63B188219-CANDIDATE: accept PRE_VOTE from s1: our priority 0 <= candidate's priority 0
2024-10-09 00:14:16,788 [HandlerDaemon-0] INFO  server.RaftServer$Division (RaftServerImpl.java:requestVote(1476)) - s3@group-9FC63B188219 replies to PRE_VOTE vote request: s1<-s3#0:OK-t2. Peer's state: s3@group-9FC63B188219:t2, leader=null, voted=s2, raftlog=Memoized:s3@group-9FC63B188219-SegmentedRaftLog:OPENED:c2:last(t:2, i:2), conf=conf: {index: 1, cur=peers:[s3|localhost:15172, s4|localhost:15176, s0|localhost:15160, s1|localhost:15164, s2|localhost:15168]|listeners:[], old=null}
2024-10-09 00:14:16,788 [s1@group-9FC63B188219-LeaderElection20] INFO  impl.LeaderElection (LogUtils.java:infoOrTrace(136)) - s1@group-9FC63B188219-LeaderElection20 got exception when requesting votes: java.util.concurrent.ExecutionException: java.io.IOException: The peer s4 is not alive.
2024-10-09 00:14:16,788 [s1@group-9FC63B188219-LeaderElection20] INFO  impl.LeaderElection (LogUtils.java:infoOrTrace(136)) - s1@group-9FC63B188219-LeaderElection20 got exception when requesting votes: java.util.concurrent.ExecutionException: java.io.IOException: The peer s2 is not alive.
2024-10-09 00:14:16,867 [s3@group-9FC63B188219-LeaderElection21] INFO  impl.LeaderElection (LeaderElection.java:logAndReturn(90)) - s3@group-9FC63B188219-LeaderElection21: PRE_VOTE TIMEOUT received 1 response(s) and 2 exception(s):
2024-10-09 00:14:16,867 [s3@group-9FC63B188219-LeaderElection21] INFO  impl.LeaderElection (LeaderElection.java:logAndReturn(94)) -   Response 0: s3<-s1#0:OK-t2
2024-10-09 00:14:16,867 [s3@group-9FC63B188219-LeaderElection21] INFO  impl.LeaderElection (LogUtils.java:infoOrTrace(136)) -   Exception 1: java.util.concurrent.ExecutionException: java.io.IOException: The peer s4 is not alive.
2024-10-09 00:14:16,867 [s3@group-9FC63B188219-LeaderElection21] INFO  impl.LeaderElection (LogUtils.java:infoOrTrace(136)) -   Exception 2: java.util.concurrent.ExecutionException: java.io.IOException: The peer s2 is not alive.
2024-10-09 00:14:16,867 [s3@group-9FC63B188219-LeaderElection21] INFO  impl.LeaderElection (LeaderElection.java:askForVotes(339)) - s3@group-9FC63B188219-LeaderElection21 PRE_VOTE round 53: result TIMEOUT
2024-10-09 00:14:16,867 [s3@group-9FC63B188219-LeaderElection21] INFO  impl.LeaderElection (LeaderElection.java:askForVotes(337)) - s3@group-9FC63B188219-LeaderElection21 PRE_VOTE round 54: submit vote requests at term 2 for conf: {index: 1, cur=peers:[s3|localhost:15172, s4|localhost:15176, s0|localhost:15160, s1|localhost:15164, s2|localhost:15168]|listeners:[], old=null}
2024-10-09 00:14:16,868 [HandlerDaemon-0] INFO  server.RaftServer$Division (RaftServerImpl.java:requestVote(1443)) - s1@group-9FC63B188219: receive requestVote(PRE_VOTE, s3, group-9FC63B188219, 2, (t:2, i:2))
2024-10-09 00:14:16,868 [HandlerDaemon-0] INFO  impl.VoteContext (VoteContext.java:log(49)) - s1@group-9FC63B188219-CANDIDATE: accept PRE_VOTE from s3: our priority 0 <= candidate's priority 0
2024-10-09 00:14:16,868 [HandlerDaemon-0] INFO  server.RaftServer$Division (RaftServerImpl.java:requestVote(1476)) - s1@group-9FC63B188219 replies to PRE_VOTE vote request: s3<-s1#0:OK-t2. Peer's state: s1@group-9FC63B188219:t2, leader=null, voted=s2, raftlog=Memoized:s1@group-9FC63B188219-SegmentedRaftLog:OPENED:c2:last(t:2, i:2), conf=conf: {index: 1, cur=peers:[s3|localhost:15172, s4|localhost:15176, s0|localhost:15160, s1|localhost:15164, s2|localhost:15168]|listeners:[], old=null}
2024-10-09 00:14:16,868 [s3@group-9FC63B188219-LeaderElection21] INFO  impl.LeaderElection (LogUtils.java:infoOrTrace(136)) - s3@group-9FC63B188219-LeaderElection21 got exception when requesting votes: java.util.concurrent.ExecutionException: java.io.IOException: The peer s4 is not alive.
2024-10-09 00:14:16,868 [s3@group-9FC63B188219-LeaderElection21] INFO  impl.LeaderElection (LogUtils.java:infoOrTrace(136)) - s3@group-9FC63B188219-LeaderElection21 got exception when requesting votes: java.util.concurrent.ExecutionException: java.io.IOException: The peer s2 is not alive.
2024-10-09 00:14:17,060 [s1@group-9FC63B188219-LeaderElection20] INFO  impl.LeaderElection (LeaderElection.java:logAndReturn(90)) - s1@group-9FC63B188219-LeaderElection20: PRE_VOTE TIMEOUT received 1 response(s) and 2 exception(s):
2024-10-09 00:14:17,060 [s1@group-9FC63B188219-LeaderElection20] INFO  impl.LeaderElection (LeaderElection.java:logAndReturn(94)) -   Response 0: s1<-s3#0:OK-t2
2024-10-09 00:14:17,060 [s1@group-9FC63B188219-LeaderElection20] INFO  impl.LeaderElection (LogUtils.java:infoOrTrace(136)) -   Exception 1: java.util.concurrent.ExecutionException: java.io.IOException: The peer s4 is not alive.
2024-10-09 00:14:17,060 [s1@group-9FC63B188219-LeaderElection20] INFO  impl.LeaderElection (LogUtils.java:infoOrTrace(136)) -   Exception 2: java.util.concurrent.ExecutionException: java.io.IOException: The peer s2 is not alive.
2024-10-09 00:14:17,061 [s1@group-9FC63B188219-LeaderElection20] INFO  impl.LeaderElection (LeaderElection.java:askForVotes(339)) - s1@group-9FC63B188219-LeaderElection20 PRE_VOTE round 69: result TIMEOUT
2024-10-09 00:14:17,061 [s1@group-9FC63B188219-LeaderElection20] INFO  impl.LeaderElection (LeaderElection.java:askForVotes(337)) - s1@group-9FC63B188219-LeaderElection20 PRE_VOTE round 70: submit vote requests at term 2 for conf: {index: 1, cur=peers:[s3|localhost:15172, s4|localhost:15176, s0|localhost:15160, s1|localhost:15164, s2|localhost:15168]|listeners:[], old=null}
2024-10-09 00:14:17,061 [HandlerDaemon-1] INFO  server.RaftServer$Division (RaftServerImpl.java:requestVote(1443)) - s3@group-9FC63B188219: receive requestVote(PRE_VOTE, s1, group-9FC63B188219, 2, (t:2, i:2))
2024-10-09 00:14:17,061 [HandlerDaemon-1] INFO  impl.VoteContext (VoteContext.java:log(49)) - s3@group-9FC63B188219-CANDIDATE: accept PRE_VOTE from s1: our priority 0 <= candidate's priority 0
2024-10-09 00:14:17,061 [HandlerDaemon-1] INFO  server.RaftServer$Division (RaftServerImpl.java:requestVote(1476)) - s3@group-9FC63B188219 replies to PRE_VOTE vote request: s1<-s3#0:OK-t2. Peer's state: s3@group-9FC63B188219:t2, leader=null, voted=s2, raftlog=Memoized:s3@group-9FC63B188219-SegmentedRaftLog:OPENED:c2:last(t:2, i:2), conf=conf: {index: 1, cur=peers:[s3|localhost:15172, s4|localhost:15176, s0|localhost:15160, s1|localhost:15164, s2|localhost:15168]|listeners:[], old=null}
2024-10-09 00:14:17,061 [s1@group-9FC63B188219-LeaderElection20] INFO  impl.LeaderElection (LogUtils.java:infoOrTrace(136)) - s1@group-9FC63B188219-LeaderElection20 got exception when requesting votes: java.util.concurrent.ExecutionException: java.io.IOException: The peer s4 is not alive.
2024-10-09 00:14:17,061 [s1@group-9FC63B188219-LeaderElection20] INFO  impl.LeaderElection (LogUtils.java:infoOrTrace(136)) - s1@group-9FC63B188219-LeaderElection20 got exception when requesting votes: java.util.concurrent.ExecutionException: java.io.IOException: The peer s2 is not alive.
2024-10-09 00:14:17,108 [main] WARN  ratis.RaftTestUtil (RaftTestUtil.java:lambda$waitForLeader$3(126)) - Attempt #36 failed: java.lang.IllegalStateException: No leader yet : printing ALL groups
  s3:  RUNNING CANDIDATE s3@group-9FC63B188219:t2, leader=null, voted=s2, raftlog=Memoized:s3@group-9FC63B188219-SegmentedRaftLog:OPENED:c2:last(t:2, i:2), conf=conf: {index: 1, cur=peers:[s3|localhost:15172, s4|localhost:15176, s0|localhost:15160, s1|localhost:15164, s2|localhost:15168]|listeners:[], old=null} RUNNING
  s4:   CLOSED    LEADER s4@group-9FC63B188219:t1, leader=s4, voted=s4, raftlog=Memoized:s4@group-9FC63B188219-SegmentedRaftLog:CLOSED:c0, conf=conf: {index: 0, cur=peers:[s3|localhost:15172, s4|localhost:15176, s0|localhost:15160, s1|localhost:15164, s2|localhost:15168]|listeners:[], old=null} CLOSED
  s0:  RUNNING  FOLLOWER s0@group-9FC63B188219:t1, leader=null, voted=null, raftlog=Memoized:s0@group-9FC63B188219-SegmentedRaftLog:OPENED:c-1:lastnull, conf=conf: {index: -1, cur=peers:[s3|localhost:15172, s4|localhost:15176, s0|localhost:15160, s1|localhost:15164, s2|localhost:15168]|listeners:[], old=null} RUNNING
  s1:  RUNNING CANDIDATE s1@group-9FC63B188219:t2, leader=null, voted=s2, raftlog=Memoized:s1@group-9FC63B188219-SegmentedRaftLog:OPENED:c2:last(t:2, i:2), conf=conf: {index: 1, cur=peers:[s3|localhost:15172, s4|localhost:15176, s0|localhost:15160, s1|localhost:15164, s2|localhost:15168]|listeners:[], old=null} RUNNING
  s2:   CLOSED    LEADER s2@group-9FC63B188219:t2, leader=s2, voted=s2, raftlog=Memoized:s2@group-9FC63B188219-SegmentedRaftLog:CLOSED:c2, conf=conf: {index: 1, cur=peers:[s3|localhost:15172, s4|localhost:15176, s0|localhost:15160, s1|localhost:15164, s2|localhost:15168]|listeners:[], old=null} CLOSED
2024-10-09 00:14:17,110 [s3@group-9FC63B188219-LeaderElection21] INFO  impl.LeaderElection (LeaderElection.java:logAndReturn(90)) - s3@group-9FC63B188219-LeaderElection21: PRE_VOTE TIMEOUT received 1 response(s) and 2 exception(s):
2024-10-09 00:14:17,110 [s3@group-9FC63B188219-LeaderElection21] INFO  impl.LeaderElection (LeaderElection.java:logAndReturn(94)) -   Response 0: s3<-s1#0:OK-t2
2024-10-09 00:14:17,110 [s3@group-9FC63B188219-LeaderElection21] INFO  impl.LeaderElection (LogUtils.java:infoOrTrace(136)) -   Exception 1: java.util.concurrent.ExecutionException: java.io.IOException: The peer s4 is not alive.
2024-10-09 00:14:17,110 [s3@group-9FC63B188219-LeaderElection21] INFO  impl.LeaderElection (LogUtils.java:infoOrTrace(136)) -   Exception 2: java.util.concurrent.ExecutionException: java.io.IOException: The peer s2 is not alive.
2024-10-09 00:14:17,110 [s3@group-9FC63B188219-LeaderElection21] INFO  impl.LeaderElection (LeaderElection.java:askForVotes(339)) - s3@group-9FC63B188219-LeaderElection21 PRE_VOTE round 54: result TIMEOUT
2024-10-09 00:14:17,110 [s3@group-9FC63B188219-LeaderElection21] INFO  impl.LeaderElection (LeaderElection.java:askForVotes(337)) - s3@group-9FC63B188219-LeaderElection21 PRE_VOTE round 55: submit vote requests at term 2 for conf: {index: 1, cur=peers:[s3|localhost:15172, s4|localhost:15176, s0|localhost:15160, s1|localhost:15164, s2|localhost:15168]|listeners:[], old=null}
2024-10-09 00:14:17,111 [HandlerDaemon-1] INFO  server.RaftServer$Division (RaftServerImpl.java:requestVote(1443)) - s1@group-9FC63B188219: receive requestVote(PRE_VOTE, s3, group-9FC63B188219, 2, (t:2, i:2))
2024-10-09 00:14:17,111 [HandlerDaemon-1] INFO  impl.VoteContext (VoteContext.java:log(49)) - s1@group-9FC63B188219-CANDIDATE: accept PRE_VOTE from s3: our priority 0 <= candidate's priority 0
2024-10-09 00:14:17,111 [HandlerDaemon-1] INFO  server.RaftServer$Division (RaftServerImpl.java:requestVote(1476)) - s1@group-9FC63B188219 replies to PRE_VOTE vote request: s3<-s1#0:OK-t2. Peer's state: s1@group-9FC63B188219:t2, leader=null, voted=s2, raftlog=Memoized:s1@group-9FC63B188219-SegmentedRaftLog:OPENED:c2:last(t:2, i:2), conf=conf: {index: 1, cur=peers:[s3|localhost:15172, s4|localhost:15176, s0|localhost:15160, s1|localhost:15164, s2|localhost:15168]|listeners:[], old=null}
2024-10-09 00:14:17,111 [s3@group-9FC63B188219-LeaderElection21] INFO  impl.LeaderElection (LogUtils.java:infoOrTrace(136)) - s3@group-9FC63B188219-LeaderElection21 got exception when requesting votes: java.util.concurrent.ExecutionException: java.io.IOException: The peer s4 is not alive.
2024-10-09 00:14:17,111 [s3@group-9FC63B188219-LeaderElection21] INFO  impl.LeaderElection (LogUtils.java:infoOrTrace(136)) - s3@group-9FC63B188219-LeaderElection21 got exception when requesting votes: java.util.concurrent.ExecutionException: java.io.IOException: The peer s2 is not alive.
2024-10-09 00:14:17,326 [s1@group-9FC63B188219-LeaderElection20] INFO  impl.LeaderElection (LeaderElection.java:logAndReturn(90)) - s1@group-9FC63B188219-LeaderElection20: PRE_VOTE TIMEOUT received 1 response(s) and 2 exception(s):
2024-10-09 00:14:17,326 [s1@group-9FC63B188219-LeaderElection20] INFO  impl.LeaderElection (LeaderElection.java:logAndReturn(94)) -   Response 0: s1<-s3#0:OK-t2
2024-10-09 00:14:17,326 [s1@group-9FC63B188219-LeaderElection20] INFO  impl.LeaderElection (LogUtils.java:infoOrTrace(136)) -   Exception 1: java.util.concurrent.ExecutionException: java.io.IOException: The peer s4 is not alive.
2024-10-09 00:14:17,326 [s1@group-9FC63B188219-LeaderElection20] INFO  impl.LeaderElection (LogUtils.java:infoOrTrace(136)) -   Exception 2: java.util.concurrent.ExecutionException: java.io.IOException: The peer s2 is not alive.
2024-10-09 00:14:17,326 [s1@group-9FC63B188219-LeaderElection20] INFO  impl.LeaderElection (LeaderElection.java:askForVotes(339)) - s1@group-9FC63B188219-LeaderElection20 PRE_VOTE round 70: result TIMEOUT
2024-10-09 00:14:17,327 [s1@group-9FC63B188219-LeaderElection20] INFO  impl.LeaderElection (LeaderElection.java:askForVotes(337)) - s1@group-9FC63B188219-LeaderElection20 PRE_VOTE round 71: submit vote requests at term 2 for conf: {index: 1, cur=peers:[s3|localhost:15172, s4|localhost:15176, s0|localhost:15160, s1|localhost:15164, s2|localhost:15168]|listeners:[], old=null}
2024-10-09 00:14:17,327 [HandlerDaemon-2] INFO  server.RaftServer$Division (RaftServerImpl.java:requestVote(1443)) - s3@group-9FC63B188219: receive requestVote(PRE_VOTE, s1, group-9FC63B188219, 2, (t:2, i:2))
2024-10-09 00:14:17,327 [HandlerDaemon-2] INFO  impl.VoteContext (VoteContext.java:log(49)) - s3@group-9FC63B188219-CANDIDATE: accept PRE_VOTE from s1: our priority 0 <= candidate's priority 0
2024-10-09 00:14:17,327 [HandlerDaemon-2] INFO  server.RaftServer$Division (RaftServerImpl.java:requestVote(1476)) - s3@group-9FC63B188219 replies to PRE_VOTE vote request: s1<-s3#0:OK-t2. Peer's state: s3@group-9FC63B188219:t2, leader=null, voted=s2, raftlog=Memoized:s3@group-9FC63B188219-SegmentedRaftLog:OPENED:c2:last(t:2, i:2), conf=conf: {index: 1, cur=peers:[s3|localhost:15172, s4|localhost:15176, s0|localhost:15160, s1|localhost:15164, s2|localhost:15168]|listeners:[], old=null}
2024-10-09 00:14:17,327 [s1@group-9FC63B188219-LeaderElection20] INFO  impl.LeaderElection (LogUtils.java:infoOrTrace(136)) - s1@group-9FC63B188219-LeaderElection20 got exception when requesting votes: java.util.concurrent.ExecutionException: java.io.IOException: The peer s4 is not alive.
2024-10-09 00:14:17,327 [s1@group-9FC63B188219-LeaderElection20] INFO  impl.LeaderElection (LogUtils.java:infoOrTrace(136)) - s1@group-9FC63B188219-LeaderElection20 got exception when requesting votes: java.util.concurrent.ExecutionException: java.io.IOException: The peer s2 is not alive.
2024-10-09 00:14:17,405 [s3@group-9FC63B188219-LeaderElection21] INFO  impl.LeaderElection (LeaderElection.java:logAndReturn(90)) - s3@group-9FC63B188219-LeaderElection21: PRE_VOTE TIMEOUT received 1 response(s) and 2 exception(s):
2024-10-09 00:14:17,405 [s3@group-9FC63B188219-LeaderElection21] INFO  impl.LeaderElection (LeaderElection.java:logAndReturn(94)) -   Response 0: s3<-s1#0:OK-t2
2024-10-09 00:14:17,405 [s3@group-9FC63B188219-LeaderElection21] INFO  impl.LeaderElection (LogUtils.java:infoOrTrace(136)) -   Exception 1: java.util.concurrent.ExecutionException: java.io.IOException: The peer s4 is not alive.
2024-10-09 00:14:17,405 [s3@group-9FC63B188219-LeaderElection21] INFO  impl.LeaderElection (LogUtils.java:infoOrTrace(136)) -   Exception 2: java.util.concurrent.ExecutionException: java.io.IOException: The peer s2 is not alive.
2024-10-09 00:14:17,405 [s3@group-9FC63B188219-LeaderElection21] INFO  impl.LeaderElection (LeaderElection.java:askForVotes(339)) - s3@group-9FC63B188219-LeaderElection21 PRE_VOTE round 55: result TIMEOUT
2024-10-09 00:14:17,405 [s3@group-9FC63B188219-LeaderElection21] INFO  impl.LeaderElection (LeaderElection.java:askForVotes(337)) - s3@group-9FC63B188219-LeaderElection21 PRE_VOTE round 56: submit vote requests at term 2 for conf: {index: 1, cur=peers:[s3|localhost:15172, s4|localhost:15176, s0|localhost:15160, s1|localhost:15164, s2|localhost:15168]|listeners:[], old=null}
2024-10-09 00:14:17,406 [HandlerDaemon-2] INFO  server.RaftServer$Division (RaftServerImpl.java:requestVote(1443)) - s1@group-9FC63B188219: receive requestVote(PRE_VOTE, s3, group-9FC63B188219, 2, (t:2, i:2))
2024-10-09 00:14:17,406 [s3@group-9FC63B188219-LeaderElection21] INFO  impl.LeaderElection (LogUtils.java:infoOrTrace(136)) - s3@group-9FC63B188219-LeaderElection21 got exception when requesting votes: java.util.concurrent.ExecutionException: java.io.IOException: The peer s4 is not alive.
2024-10-09 00:14:17,406 [HandlerDaemon-2] INFO  impl.VoteContext (VoteContext.java:log(49)) - s1@group-9FC63B188219-CANDIDATE: accept PRE_VOTE from s3: our priority 0 <= candidate's priority 0
2024-10-09 00:14:17,406 [s3@group-9FC63B188219-LeaderElection21] INFO  impl.LeaderElection (LogUtils.java:infoOrTrace(136)) - s3@group-9FC63B188219-LeaderElection21 got exception when requesting votes: java.util.concurrent.ExecutionException: java.io.IOException: The peer s2 is not alive.
2024-10-09 00:14:17,406 [HandlerDaemon-2] INFO  server.RaftServer$Division (RaftServerImpl.java:requestVote(1476)) - s1@group-9FC63B188219 replies to PRE_VOTE vote request: s3<-s1#0:OK-t2. Peer's state: s1@group-9FC63B188219:t2, leader=null, voted=s2, raftlog=Memoized:s1@group-9FC63B188219-SegmentedRaftLog:OPENED:c2:last(t:2, i:2), conf=conf: {index: 1, cur=peers:[s3|localhost:15172, s4|localhost:15176, s0|localhost:15160, s1|localhost:15164, s2|localhost:15168]|listeners:[], old=null}
2024-10-09 00:14:17,508 [s1@group-9FC63B188219-LeaderElection20] INFO  impl.LeaderElection (LeaderElection.java:logAndReturn(90)) - s1@group-9FC63B188219-LeaderElection20: PRE_VOTE TIMEOUT received 1 response(s) and 2 exception(s):
2024-10-09 00:14:17,508 [s1@group-9FC63B188219-LeaderElection20] INFO  impl.LeaderElection (LeaderElection.java:logAndReturn(94)) -   Response 0: s1<-s3#0:OK-t2
2024-10-09 00:14:17,508 [s1@group-9FC63B188219-LeaderElection20] INFO  impl.LeaderElection (LogUtils.java:infoOrTrace(136)) -   Exception 1: java.util.concurrent.ExecutionException: java.io.IOException: The peer s4 is not alive.
2024-10-09 00:14:17,508 [s1@group-9FC63B188219-LeaderElection20] INFO  impl.LeaderElection (LogUtils.java:infoOrTrace(136)) -   Exception 2: java.util.concurrent.ExecutionException: java.io.IOException: The peer s2 is not alive.
2024-10-09 00:14:17,508 [s1@group-9FC63B188219-LeaderElection20] INFO  impl.LeaderElection (LeaderElection.java:askForVotes(339)) - s1@group-9FC63B188219-LeaderElection20 PRE_VOTE round 71: result TIMEOUT
2024-10-09 00:14:17,508 [s1@group-9FC63B188219-LeaderElection20] INFO  impl.LeaderElection (LeaderElection.java:askForVotes(337)) - s1@group-9FC63B188219-LeaderElection20 PRE_VOTE round 72: submit vote requests at term 2 for conf: {index: 1, cur=peers:[s3|localhost:15172, s4|localhost:15176, s0|localhost:15160, s1|localhost:15164, s2|localhost:15168]|listeners:[], old=null}
2024-10-09 00:14:17,509 [HandlerDaemon-0] INFO  server.RaftServer$Division (RaftServerImpl.java:requestVote(1443)) - s3@group-9FC63B188219: receive requestVote(PRE_VOTE, s1, group-9FC63B188219, 2, (t:2, i:2))
2024-10-09 00:14:17,509 [HandlerDaemon-0] INFO  impl.VoteContext (VoteContext.java:log(49)) - s3@group-9FC63B188219-CANDIDATE: accept PRE_VOTE from s1: our priority 0 <= candidate's priority 0
2024-10-09 00:14:17,509 [HandlerDaemon-0] INFO  server.RaftServer$Division (RaftServerImpl.java:requestVote(1476)) - s3@group-9FC63B188219 replies to PRE_VOTE vote request: s1<-s3#0:OK-t2. Peer's state: s3@group-9FC63B188219:t2, leader=null, voted=s2, raftlog=Memoized:s3@group-9FC63B188219-SegmentedRaftLog:OPENED:c2:last(t:2, i:2), conf=conf: {index: 1, cur=peers:[s3|localhost:15172, s4|localhost:15176, s0|localhost:15160, s1|localhost:15164, s2|localhost:15168]|listeners:[], old=null}
2024-10-09 00:14:17,509 [s1@group-9FC63B188219-LeaderElection20] INFO  impl.LeaderElection (LogUtils.java:infoOrTrace(136)) - s1@group-9FC63B188219-LeaderElection20 got exception when requesting votes: java.util.concurrent.ExecutionException: java.io.IOException: The peer s4 is not alive.
2024-10-09 00:14:17,509 [s1@group-9FC63B188219-LeaderElection20] INFO  impl.LeaderElection (LogUtils.java:infoOrTrace(136)) - s1@group-9FC63B188219-LeaderElection20 got exception when requesting votes: java.util.concurrent.ExecutionException: java.io.IOException: The peer s2 is not alive.
2024-10-09 00:14:17,559 [main] WARN  ratis.RaftTestUtil (RaftTestUtil.java:lambda$waitForLeader$3(126)) - Attempt #37 failed: java.lang.IllegalStateException: No leader yet : printing ALL groups
  s3:  RUNNING CANDIDATE s3@group-9FC63B188219:t2, leader=null, voted=s2, raftlog=Memoized:s3@group-9FC63B188219-SegmentedRaftLog:OPENED:c2:last(t:2, i:2), conf=conf: {index: 1, cur=peers:[s3|localhost:15172, s4|localhost:15176, s0|localhost:15160, s1|localhost:15164, s2|localhost:15168]|listeners:[], old=null} RUNNING
  s4:   CLOSED    LEADER s4@group-9FC63B188219:t1, leader=s4, voted=s4, raftlog=Memoized:s4@group-9FC63B188219-SegmentedRaftLog:CLOSED:c0, conf=conf: {index: 0, cur=peers:[s3|localhost:15172, s4|localhost:15176, s0|localhost:15160, s1|localhost:15164, s2|localhost:15168]|listeners:[], old=null} CLOSED
  s0:  RUNNING  FOLLOWER s0@group-9FC63B188219:t1, leader=null, voted=null, raftlog=Memoized:s0@group-9FC63B188219-SegmentedRaftLog:OPENED:c-1:lastnull, conf=conf: {index: -1, cur=peers:[s3|localhost:15172, s4|localhost:15176, s0|localhost:15160, s1|localhost:15164, s2|localhost:15168]|listeners:[], old=null} RUNNING
  s1:  RUNNING CANDIDATE s1@group-9FC63B188219:t2, leader=null, voted=s2, raftlog=Memoized:s1@group-9FC63B188219-SegmentedRaftLog:OPENED:c2:last(t:2, i:2), conf=conf: {index: 1, cur=peers:[s3|localhost:15172, s4|localhost:15176, s0|localhost:15160, s1|localhost:15164, s2|localhost:15168]|listeners:[], old=null} RUNNING
  s2:   CLOSED    LEADER s2@group-9FC63B188219:t2, leader=s2, voted=s2, raftlog=Memoized:s2@group-9FC63B188219-SegmentedRaftLog:CLOSED:c2, conf=conf: {index: 1, cur=peers:[s3|localhost:15172, s4|localhost:15176, s0|localhost:15160, s1|localhost:15164, s2|localhost:15168]|listeners:[], old=null} CLOSED
2024-10-09 00:14:17,630 [s3@group-9FC63B188219-LeaderElection21] INFO  impl.LeaderElection (LeaderElection.java:logAndReturn(90)) - s3@group-9FC63B188219-LeaderElection21: PRE_VOTE TIMEOUT received 1 response(s) and 2 exception(s):
2024-10-09 00:14:17,630 [s3@group-9FC63B188219-LeaderElection21] INFO  impl.LeaderElection (LeaderElection.java:logAndReturn(94)) -   Response 0: s3<-s1#0:OK-t2
2024-10-09 00:14:17,630 [s3@group-9FC63B188219-LeaderElection21] INFO  impl.LeaderElection (LogUtils.java:infoOrTrace(136)) -   Exception 1: java.util.concurrent.ExecutionException: java.io.IOException: The peer s4 is not alive.
2024-10-09 00:14:17,630 [s3@group-9FC63B188219-LeaderElection21] INFO  impl.LeaderElection (LogUtils.java:infoOrTrace(136)) -   Exception 2: java.util.concurrent.ExecutionException: java.io.IOException: The peer s2 is not alive.
2024-10-09 00:14:17,630 [s3@group-9FC63B188219-LeaderElection21] INFO  impl.LeaderElection (LeaderElection.java:askForVotes(339)) - s3@group-9FC63B188219-LeaderElection21 PRE_VOTE round 56: result TIMEOUT
2024-10-09 00:14:17,630 [s3@group-9FC63B188219-LeaderElection21] INFO  impl.LeaderElection (LeaderElection.java:askForVotes(337)) - s3@group-9FC63B188219-LeaderElection21 PRE_VOTE round 57: submit vote requests at term 2 for conf: {index: 1, cur=peers:[s3|localhost:15172, s4|localhost:15176, s0|localhost:15160, s1|localhost:15164, s2|localhost:15168]|listeners:[], old=null}
2024-10-09 00:14:17,631 [HandlerDaemon-0] INFO  server.RaftServer$Division (RaftServerImpl.java:requestVote(1443)) - s1@group-9FC63B188219: receive requestVote(PRE_VOTE, s3, group-9FC63B188219, 2, (t:2, i:2))
2024-10-09 00:14:17,631 [s3@group-9FC63B188219-LeaderElection21] INFO  impl.LeaderElection (LogUtils.java:infoOrTrace(136)) - s3@group-9FC63B188219-LeaderElection21 got exception when requesting votes: java.util.concurrent.ExecutionException: java.io.IOException: The peer s4 is not alive.
2024-10-09 00:14:17,631 [HandlerDaemon-0] INFO  impl.VoteContext (VoteContext.java:log(49)) - s1@group-9FC63B188219-CANDIDATE: accept PRE_VOTE from s3: our priority 0 <= candidate's priority 0
2024-10-09 00:14:17,631 [s3@group-9FC63B188219-LeaderElection21] INFO  impl.LeaderElection (LogUtils.java:infoOrTrace(136)) - s3@group-9FC63B188219-LeaderElection21 got exception when requesting votes: java.util.concurrent.ExecutionException: java.io.IOException: The peer s2 is not alive.
2024-10-09 00:14:17,631 [HandlerDaemon-0] INFO  server.RaftServer$Division (RaftServerImpl.java:requestVote(1476)) - s1@group-9FC63B188219 replies to PRE_VOTE vote request: s3<-s1#0:OK-t2. Peer's state: s1@group-9FC63B188219:t2, leader=null, voted=s2, raftlog=Memoized:s1@group-9FC63B188219-SegmentedRaftLog:OPENED:c2:last(t:2, i:2), conf=conf: {index: 1, cur=peers:[s3|localhost:15172, s4|localhost:15176, s0|localhost:15160, s1|localhost:15164, s2|localhost:15168]|listeners:[], old=null}
2024-10-09 00:14:17,682 [s1@group-9FC63B188219-LeaderElection20] INFO  impl.LeaderElection (LeaderElection.java:logAndReturn(90)) - s1@group-9FC63B188219-LeaderElection20: PRE_VOTE TIMEOUT received 1 response(s) and 2 exception(s):
2024-10-09 00:14:17,682 [s1@group-9FC63B188219-LeaderElection20] INFO  impl.LeaderElection (LeaderElection.java:logAndReturn(94)) -   Response 0: s1<-s3#0:OK-t2
2024-10-09 00:14:17,682 [s1@group-9FC63B188219-LeaderElection20] INFO  impl.LeaderElection (LogUtils.java:infoOrTrace(136)) -   Exception 1: java.util.concurrent.ExecutionException: java.io.IOException: The peer s4 is not alive.
2024-10-09 00:14:17,682 [s1@group-9FC63B188219-LeaderElection20] INFO  impl.LeaderElection (LogUtils.java:infoOrTrace(136)) -   Exception 2: java.util.concurrent.ExecutionException: java.io.IOException: The peer s2 is not alive.
2024-10-09 00:14:17,682 [s1@group-9FC63B188219-LeaderElection20] INFO  impl.LeaderElection (LeaderElection.java:askForVotes(339)) - s1@group-9FC63B188219-LeaderElection20 PRE_VOTE round 72: result TIMEOUT
2024-10-09 00:14:17,682 [s1@group-9FC63B188219-LeaderElection20] INFO  impl.LeaderElection (LeaderElection.java:askForVotes(337)) - s1@group-9FC63B188219-LeaderElection20 PRE_VOTE round 73: submit vote requests at term 2 for conf: {index: 1, cur=peers:[s3|localhost:15172, s4|localhost:15176, s0|localhost:15160, s1|localhost:15164, s2|localhost:15168]|listeners:[], old=null}
2024-10-09 00:14:17,682 [HandlerDaemon-1] INFO  server.RaftServer$Division (RaftServerImpl.java:requestVote(1443)) - s3@group-9FC63B188219: receive requestVote(PRE_VOTE, s1, group-9FC63B188219, 2, (t:2, i:2))
2024-10-09 00:14:17,683 [HandlerDaemon-1] INFO  impl.VoteContext (VoteContext.java:log(49)) - s3@group-9FC63B188219-CANDIDATE: accept PRE_VOTE from s1: our priority 0 <= candidate's priority 0
2024-10-09 00:14:17,683 [HandlerDaemon-1] INFO  server.RaftServer$Division (RaftServerImpl.java:requestVote(1476)) - s3@group-9FC63B188219 replies to PRE_VOTE vote request: s1<-s3#0:OK-t2. Peer's state: s3@group-9FC63B188219:t2, leader=null, voted=s2, raftlog=Memoized:s3@group-9FC63B188219-SegmentedRaftLog:OPENED:c2:last(t:2, i:2), conf=conf: {index: 1, cur=peers:[s3|localhost:15172, s4|localhost:15176, s0|localhost:15160, s1|localhost:15164, s2|localhost:15168]|listeners:[], old=null}
2024-10-09 00:14:17,683 [s1@group-9FC63B188219-LeaderElection20] INFO  impl.LeaderElection (LogUtils.java:infoOrTrace(136)) - s1@group-9FC63B188219-LeaderElection20 got exception when requesting votes: java.util.concurrent.ExecutionException: java.io.IOException: The peer s4 is not alive.
2024-10-09 00:14:17,683 [s1@group-9FC63B188219-LeaderElection20] INFO  impl.LeaderElection (LogUtils.java:infoOrTrace(136)) - s1@group-9FC63B188219-LeaderElection20 got exception when requesting votes: java.util.concurrent.ExecutionException: java.io.IOException: The peer s2 is not alive.
2024-10-09 00:14:17,847 [s3@group-9FC63B188219-LeaderElection21] INFO  impl.LeaderElection (LeaderElection.java:logAndReturn(90)) - s3@group-9FC63B188219-LeaderElection21: PRE_VOTE TIMEOUT received 1 response(s) and 2 exception(s):
2024-10-09 00:14:17,847 [s3@group-9FC63B188219-LeaderElection21] INFO  impl.LeaderElection (LeaderElection.java:logAndReturn(94)) -   Response 0: s3<-s1#0:OK-t2
2024-10-09 00:14:17,847 [s3@group-9FC63B188219-LeaderElection21] INFO  impl.LeaderElection (LogUtils.java:infoOrTrace(136)) -   Exception 1: java.util.concurrent.ExecutionException: java.io.IOException: The peer s4 is not alive.
2024-10-09 00:14:17,847 [s3@group-9FC63B188219-LeaderElection21] INFO  impl.LeaderElection (LogUtils.java:infoOrTrace(136)) -   Exception 2: java.util.concurrent.ExecutionException: java.io.IOException: The peer s2 is not alive.
2024-10-09 00:14:17,847 [s3@group-9FC63B188219-LeaderElection21] INFO  impl.LeaderElection (LeaderElection.java:askForVotes(339)) - s3@group-9FC63B188219-LeaderElection21 PRE_VOTE round 57: result TIMEOUT
2024-10-09 00:14:17,847 [s3@group-9FC63B188219-LeaderElection21] INFO  impl.LeaderElection (LeaderElection.java:askForVotes(337)) - s3@group-9FC63B188219-LeaderElection21 PRE_VOTE round 58: submit vote requests at term 2 for conf: {index: 1, cur=peers:[s3|localhost:15172, s4|localhost:15176, s0|localhost:15160, s1|localhost:15164, s2|localhost:15168]|listeners:[], old=null}
2024-10-09 00:14:17,847 [HandlerDaemon-1] INFO  server.RaftServer$Division (RaftServerImpl.java:requestVote(1443)) - s1@group-9FC63B188219: receive requestVote(PRE_VOTE, s3, group-9FC63B188219, 2, (t:2, i:2))
2024-10-09 00:14:17,847 [s3@group-9FC63B188219-LeaderElection21] INFO  impl.LeaderElection (LogUtils.java:infoOrTrace(136)) - s3@group-9FC63B188219-LeaderElection21 got exception when requesting votes: java.util.concurrent.ExecutionException: java.io.IOException: The peer s4 is not alive.
2024-10-09 00:14:17,847 [HandlerDaemon-1] INFO  impl.VoteContext (VoteContext.java:log(49)) - s1@group-9FC63B188219-CANDIDATE: accept PRE_VOTE from s3: our priority 0 <= candidate's priority 0
2024-10-09 00:14:17,848 [s3@group-9FC63B188219-LeaderElection21] INFO  impl.LeaderElection (LogUtils.java:infoOrTrace(136)) - s3@group-9FC63B188219-LeaderElection21 got exception when requesting votes: java.util.concurrent.ExecutionException: java.io.IOException: The peer s2 is not alive.
2024-10-09 00:14:17,848 [HandlerDaemon-1] INFO  server.RaftServer$Division (RaftServerImpl.java:requestVote(1476)) - s1@group-9FC63B188219 replies to PRE_VOTE vote request: s3<-s1#0:OK-t2. Peer's state: s1@group-9FC63B188219:t2, leader=null, voted=s2, raftlog=Memoized:s1@group-9FC63B188219-SegmentedRaftLog:OPENED:c2:last(t:2, i:2), conf=conf: {index: 1, cur=peers:[s3|localhost:15172, s4|localhost:15176, s0|localhost:15160, s1|localhost:15164, s2|localhost:15168]|listeners:[], old=null}
2024-10-09 00:14:17,887 [s1@group-9FC63B188219-LeaderElection20] INFO  impl.LeaderElection (LeaderElection.java:logAndReturn(90)) - s1@group-9FC63B188219-LeaderElection20: PRE_VOTE TIMEOUT received 1 response(s) and 2 exception(s):
2024-10-09 00:14:17,887 [s1@group-9FC63B188219-LeaderElection20] INFO  impl.LeaderElection (LeaderElection.java:logAndReturn(94)) -   Response 0: s1<-s3#0:OK-t2
2024-10-09 00:14:17,887 [s1@group-9FC63B188219-LeaderElection20] INFO  impl.LeaderElection (LogUtils.java:infoOrTrace(136)) -   Exception 1: java.util.concurrent.ExecutionException: java.io.IOException: The peer s4 is not alive.
2024-10-09 00:14:17,887 [s1@group-9FC63B188219-LeaderElection20] INFO  impl.LeaderElection (LogUtils.java:infoOrTrace(136)) -   Exception 2: java.util.concurrent.ExecutionException: java.io.IOException: The peer s2 is not alive.
2024-10-09 00:14:17,887 [s1@group-9FC63B188219-LeaderElection20] INFO  impl.LeaderElection (LeaderElection.java:askForVotes(339)) - s1@group-9FC63B188219-LeaderElection20 PRE_VOTE round 73: result TIMEOUT
2024-10-09 00:14:17,887 [s1@group-9FC63B188219-LeaderElection20] INFO  impl.LeaderElection (LeaderElection.java:askForVotes(337)) - s1@group-9FC63B188219-LeaderElection20 PRE_VOTE round 74: submit vote requests at term 2 for conf: {index: 1, cur=peers:[s3|localhost:15172, s4|localhost:15176, s0|localhost:15160, s1|localhost:15164, s2|localhost:15168]|listeners:[], old=null}
2024-10-09 00:14:17,887 [HandlerDaemon-2] INFO  server.RaftServer$Division (RaftServerImpl.java:requestVote(1443)) - s3@group-9FC63B188219: receive requestVote(PRE_VOTE, s1, group-9FC63B188219, 2, (t:2, i:2))
2024-10-09 00:14:17,887 [HandlerDaemon-2] INFO  impl.VoteContext (VoteContext.java:log(49)) - s3@group-9FC63B188219-CANDIDATE: accept PRE_VOTE from s1: our priority 0 <= candidate's priority 0
2024-10-09 00:14:17,888 [HandlerDaemon-2] INFO  server.RaftServer$Division (RaftServerImpl.java:requestVote(1476)) - s3@group-9FC63B188219 replies to PRE_VOTE vote request: s1<-s3#0:OK-t2. Peer's state: s3@group-9FC63B188219:t2, leader=null, voted=s2, raftlog=Memoized:s3@group-9FC63B188219-SegmentedRaftLog:OPENED:c2:last(t:2, i:2), conf=conf: {index: 1, cur=peers:[s3|localhost:15172, s4|localhost:15176, s0|localhost:15160, s1|localhost:15164, s2|localhost:15168]|listeners:[], old=null}
2024-10-09 00:14:17,888 [s1@group-9FC63B188219-LeaderElection20] INFO  impl.LeaderElection (LogUtils.java:infoOrTrace(136)) - s1@group-9FC63B188219-LeaderElection20 got exception when requesting votes: java.util.concurrent.ExecutionException: java.io.IOException: The peer s4 is not alive.
2024-10-09 00:14:17,888 [s1@group-9FC63B188219-LeaderElection20] INFO  impl.LeaderElection (LogUtils.java:infoOrTrace(136)) - s1@group-9FC63B188219-LeaderElection20 got exception when requesting votes: java.util.concurrent.ExecutionException: java.io.IOException: The peer s2 is not alive.
2024-10-09 00:14:18,009 [main] WARN  ratis.RaftTestUtil (RaftTestUtil.java:lambda$waitForLeader$3(126)) - Attempt #38 failed: java.lang.IllegalStateException: No leader yet : printing ALL groups
  s3:  RUNNING CANDIDATE s3@group-9FC63B188219:t2, leader=null, voted=s2, raftlog=Memoized:s3@group-9FC63B188219-SegmentedRaftLog:OPENED:c2:last(t:2, i:2), conf=conf: {index: 1, cur=peers:[s3|localhost:15172, s4|localhost:15176, s0|localhost:15160, s1|localhost:15164, s2|localhost:15168]|listeners:[], old=null} RUNNING
  s4:   CLOSED    LEADER s4@group-9FC63B188219:t1, leader=s4, voted=s4, raftlog=Memoized:s4@group-9FC63B188219-SegmentedRaftLog:CLOSED:c0, conf=conf: {index: 0, cur=peers:[s3|localhost:15172, s4|localhost:15176, s0|localhost:15160, s1|localhost:15164, s2|localhost:15168]|listeners:[], old=null} CLOSED
  s0:  RUNNING  FOLLOWER s0@group-9FC63B188219:t1, leader=null, voted=null, raftlog=Memoized:s0@group-9FC63B188219-SegmentedRaftLog:OPENED:c-1:lastnull, conf=conf: {index: -1, cur=peers:[s3|localhost:15172, s4|localhost:15176, s0|localhost:15160, s1|localhost:15164, s2|localhost:15168]|listeners:[], old=null} RUNNING
  s1:  RUNNING CANDIDATE s1@group-9FC63B188219:t2, leader=null, voted=s2, raftlog=Memoized:s1@group-9FC63B188219-SegmentedRaftLog:OPENED:c2:last(t:2, i:2), conf=conf: {index: 1, cur=peers:[s3|localhost:15172, s4|localhost:15176, s0|localhost:15160, s1|localhost:15164, s2|localhost:15168]|listeners:[], old=null} RUNNING
  s2:   CLOSED    LEADER s2@group-9FC63B188219:t2, leader=s2, voted=s2, raftlog=Memoized:s2@group-9FC63B188219-SegmentedRaftLog:CLOSED:c2, conf=conf: {index: 1, cur=peers:[s3|localhost:15172, s4|localhost:15176, s0|localhost:15160, s1|localhost:15164, s2|localhost:15168]|listeners:[], old=null} CLOSED
2024-10-09 00:14:18,014 [s3@group-9FC63B188219-LeaderElection21] INFO  impl.LeaderElection (LeaderElection.java:logAndReturn(90)) - s3@group-9FC63B188219-LeaderElection21: PRE_VOTE TIMEOUT received 1 response(s) and 2 exception(s):
2024-10-09 00:14:18,014 [s3@group-9FC63B188219-LeaderElection21] INFO  impl.LeaderElection (LeaderElection.java:logAndReturn(94)) -   Response 0: s3<-s1#0:OK-t2
2024-10-09 00:14:18,014 [s3@group-9FC63B188219-LeaderElection21] INFO  impl.LeaderElection (LogUtils.java:infoOrTrace(136)) -   Exception 1: java.util.concurrent.ExecutionException: java.io.IOException: The peer s4 is not alive.
2024-10-09 00:14:18,014 [s3@group-9FC63B188219-LeaderElection21] INFO  impl.LeaderElection (LogUtils.java:infoOrTrace(136)) -   Exception 2: java.util.concurrent.ExecutionException: java.io.IOException: The peer s2 is not alive.
2024-10-09 00:14:18,014 [s3@group-9FC63B188219-LeaderElection21] INFO  impl.LeaderElection (LeaderElection.java:askForVotes(339)) - s3@group-9FC63B188219-LeaderElection21 PRE_VOTE round 58: result TIMEOUT
2024-10-09 00:14:18,014 [s3@group-9FC63B188219-LeaderElection21] INFO  impl.LeaderElection (LeaderElection.java:askForVotes(337)) - s3@group-9FC63B188219-LeaderElection21 PRE_VOTE round 59: submit vote requests at term 2 for conf: {index: 1, cur=peers:[s3|localhost:15172, s4|localhost:15176, s0|localhost:15160, s1|localhost:15164, s2|localhost:15168]|listeners:[], old=null}
2024-10-09 00:14:18,014 [HandlerDaemon-2] INFO  server.RaftServer$Division (RaftServerImpl.java:requestVote(1443)) - s1@group-9FC63B188219: receive requestVote(PRE_VOTE, s3, group-9FC63B188219, 2, (t:2, i:2))
2024-10-09 00:14:18,014 [s3@group-9FC63B188219-LeaderElection21] INFO  impl.LeaderElection (LogUtils.java:infoOrTrace(136)) - s3@group-9FC63B188219-LeaderElection21 got exception when requesting votes: java.util.concurrent.ExecutionException: java.io.IOException: The peer s4 is not alive.
2024-10-09 00:14:18,014 [HandlerDaemon-2] INFO  impl.VoteContext (VoteContext.java:log(49)) - s1@group-9FC63B188219-CANDIDATE: accept PRE_VOTE from s3: our priority 0 <= candidate's priority 0
2024-10-09 00:14:18,014 [s3@group-9FC63B188219-LeaderElection21] INFO  impl.LeaderElection (LogUtils.java:infoOrTrace(136)) - s3@group-9FC63B188219-LeaderElection21 got exception when requesting votes: java.util.concurrent.ExecutionException: java.io.IOException: The peer s2 is not alive.
2024-10-09 00:14:18,014 [HandlerDaemon-2] INFO  server.RaftServer$Division (RaftServerImpl.java:requestVote(1476)) - s1@group-9FC63B188219 replies to PRE_VOTE vote request: s3<-s1#0:OK-t2. Peer's state: s1@group-9FC63B188219:t2, leader=null, voted=s2, raftlog=Memoized:s1@group-9FC63B188219-SegmentedRaftLog:OPENED:c2:last(t:2, i:2), conf=conf: {index: 1, cur=peers:[s3|localhost:15172, s4|localhost:15176, s0|localhost:15160, s1|localhost:15164, s2|localhost:15168]|listeners:[], old=null}
2024-10-09 00:14:18,152 [s1@group-9FC63B188219-LeaderElection20] INFO  impl.LeaderElection (LeaderElection.java:logAndReturn(90)) - s1@group-9FC63B188219-LeaderElection20: PRE_VOTE TIMEOUT received 1 response(s) and 2 exception(s):
2024-10-09 00:14:18,152 [s1@group-9FC63B188219-LeaderElection20] INFO  impl.LeaderElection (LeaderElection.java:logAndReturn(94)) -   Response 0: s1<-s3#0:OK-t2
2024-10-09 00:14:18,152 [s1@group-9FC63B188219-LeaderElection20] INFO  impl.LeaderElection (LogUtils.java:infoOrTrace(136)) -   Exception 1: java.util.concurrent.ExecutionException: java.io.IOException: The peer s4 is not alive.
2024-10-09 00:14:18,152 [s1@group-9FC63B188219-LeaderElection20] INFO  impl.LeaderElection (LogUtils.java:infoOrTrace(136)) -   Exception 2: java.util.concurrent.ExecutionException: java.io.IOException: The peer s2 is not alive.
2024-10-09 00:14:18,152 [s1@group-9FC63B188219-LeaderElection20] INFO  impl.LeaderElection (LeaderElection.java:askForVotes(339)) - s1@group-9FC63B188219-LeaderElection20 PRE_VOTE round 74: result TIMEOUT
2024-10-09 00:14:18,152 [s1@group-9FC63B188219-LeaderElection20] INFO  impl.LeaderElection (LeaderElection.java:askForVotes(337)) - s1@group-9FC63B188219-LeaderElection20 PRE_VOTE round 75: submit vote requests at term 2 for conf: {index: 1, cur=peers:[s3|localhost:15172, s4|localhost:15176, s0|localhost:15160, s1|localhost:15164, s2|localhost:15168]|listeners:[], old=null}
2024-10-09 00:14:18,152 [HandlerDaemon-0] INFO  server.RaftServer$Division (RaftServerImpl.java:requestVote(1443)) - s3@group-9FC63B188219: receive requestVote(PRE_VOTE, s1, group-9FC63B188219, 2, (t:2, i:2))
2024-10-09 00:14:18,152 [HandlerDaemon-0] INFO  impl.VoteContext (VoteContext.java:log(49)) - s3@group-9FC63B188219-CANDIDATE: accept PRE_VOTE from s1: our priority 0 <= candidate's priority 0
2024-10-09 00:14:18,152 [HandlerDaemon-0] INFO  server.RaftServer$Division (RaftServerImpl.java:requestVote(1476)) - s3@group-9FC63B188219 replies to PRE_VOTE vote request: s1<-s3#0:OK-t2. Peer's state: s3@group-9FC63B188219:t2, leader=null, voted=s2, raftlog=Memoized:s3@group-9FC63B188219-SegmentedRaftLog:OPENED:c2:last(t:2, i:2), conf=conf: {index: 1, cur=peers:[s3|localhost:15172, s4|localhost:15176, s0|localhost:15160, s1|localhost:15164, s2|localhost:15168]|listeners:[], old=null}
2024-10-09 00:14:18,152 [s1@group-9FC63B188219-LeaderElection20] INFO  impl.LeaderElection (LogUtils.java:infoOrTrace(136)) - s1@group-9FC63B188219-LeaderElection20 got exception when requesting votes: java.util.concurrent.ExecutionException: java.io.IOException: The peer s4 is not alive.
2024-10-09 00:14:18,153 [s1@group-9FC63B188219-LeaderElection20] INFO  impl.LeaderElection (LogUtils.java:infoOrTrace(136)) - s1@group-9FC63B188219-LeaderElection20 got exception when requesting votes: java.util.concurrent.ExecutionException: java.io.IOException: The peer s2 is not alive.
2024-10-09 00:14:18,287 [s3@group-9FC63B188219-LeaderElection21] INFO  impl.LeaderElection (LeaderElection.java:logAndReturn(90)) - s3@group-9FC63B188219-LeaderElection21: PRE_VOTE TIMEOUT received 1 response(s) and 2 exception(s):
2024-10-09 00:14:18,287 [s3@group-9FC63B188219-LeaderElection21] INFO  impl.LeaderElection (LeaderElection.java:logAndReturn(94)) -   Response 0: s3<-s1#0:OK-t2
2024-10-09 00:14:18,287 [s3@group-9FC63B188219-LeaderElection21] INFO  impl.LeaderElection (LogUtils.java:infoOrTrace(136)) -   Exception 1: java.util.concurrent.ExecutionException: java.io.IOException: The peer s4 is not alive.
2024-10-09 00:14:18,288 [s3@group-9FC63B188219-LeaderElection21] INFO  impl.LeaderElection (LogUtils.java:infoOrTrace(136)) -   Exception 2: java.util.concurrent.ExecutionException: java.io.IOException: The peer s2 is not alive.
2024-10-09 00:14:18,288 [s3@group-9FC63B188219-LeaderElection21] INFO  impl.LeaderElection (LeaderElection.java:askForVotes(339)) - s3@group-9FC63B188219-LeaderElection21 PRE_VOTE round 59: result TIMEOUT
2024-10-09 00:14:18,288 [s3@group-9FC63B188219-LeaderElection21] INFO  impl.LeaderElection (LeaderElection.java:askForVotes(337)) - s3@group-9FC63B188219-LeaderElection21 PRE_VOTE round 60: submit vote requests at term 2 for conf: {index: 1, cur=peers:[s3|localhost:15172, s4|localhost:15176, s0|localhost:15160, s1|localhost:15164, s2|localhost:15168]|listeners:[], old=null}
2024-10-09 00:14:18,288 [HandlerDaemon-0] INFO  server.RaftServer$Division (RaftServerImpl.java:requestVote(1443)) - s1@group-9FC63B188219: receive requestVote(PRE_VOTE, s3, group-9FC63B188219, 2, (t:2, i:2))
2024-10-09 00:14:18,288 [s3@group-9FC63B188219-LeaderElection21] INFO  impl.LeaderElection (LogUtils.java:infoOrTrace(136)) - s3@group-9FC63B188219-LeaderElection21 got exception when requesting votes: java.util.concurrent.ExecutionException: java.io.IOException: The peer s4 is not alive.
2024-10-09 00:14:18,288 [HandlerDaemon-0] INFO  impl.VoteContext (VoteContext.java:log(49)) - s1@group-9FC63B188219-CANDIDATE: accept PRE_VOTE from s3: our priority 0 <= candidate's priority 0
2024-10-09 00:14:18,288 [s3@group-9FC63B188219-LeaderElection21] INFO  impl.LeaderElection (LogUtils.java:infoOrTrace(136)) - s3@group-9FC63B188219-LeaderElection21 got exception when requesting votes: java.util.concurrent.ExecutionException: java.io.IOException: The peer s2 is not alive.
2024-10-09 00:14:18,288 [HandlerDaemon-0] INFO  server.RaftServer$Division (RaftServerImpl.java:requestVote(1476)) - s1@group-9FC63B188219 replies to PRE_VOTE vote request: s3<-s1#0:OK-t2. Peer's state: s1@group-9FC63B188219:t2, leader=null, voted=s2, raftlog=Memoized:s1@group-9FC63B188219-SegmentedRaftLog:OPENED:c2:last(t:2, i:2), conf=conf: {index: 1, cur=peers:[s3|localhost:15172, s4|localhost:15176, s0|localhost:15160, s1|localhost:15164, s2|localhost:15168]|listeners:[], old=null}
2024-10-09 00:14:18,399 [s1@group-9FC63B188219-LeaderElection20] INFO  impl.LeaderElection (LeaderElection.java:logAndReturn(90)) - s1@group-9FC63B188219-LeaderElection20: PRE_VOTE TIMEOUT received 1 response(s) and 2 exception(s):
2024-10-09 00:14:18,399 [s1@group-9FC63B188219-LeaderElection20] INFO  impl.LeaderElection (LeaderElection.java:logAndReturn(94)) -   Response 0: s1<-s3#0:OK-t2
2024-10-09 00:14:18,399 [s1@group-9FC63B188219-LeaderElection20] INFO  impl.LeaderElection (LogUtils.java:infoOrTrace(136)) -   Exception 1: java.util.concurrent.ExecutionException: java.io.IOException: The peer s4 is not alive.
2024-10-09 00:14:18,399 [s1@group-9FC63B188219-LeaderElection20] INFO  impl.LeaderElection (LogUtils.java:infoOrTrace(136)) -   Exception 2: java.util.concurrent.ExecutionException: java.io.IOException: The peer s2 is not alive.
2024-10-09 00:14:18,399 [s1@group-9FC63B188219-LeaderElection20] INFO  impl.LeaderElection (LeaderElection.java:askForVotes(339)) - s1@group-9FC63B188219-LeaderElection20 PRE_VOTE round 75: result TIMEOUT
2024-10-09 00:14:18,399 [s1@group-9FC63B188219-LeaderElection20] INFO  impl.LeaderElection (LeaderElection.java:askForVotes(337)) - s1@group-9FC63B188219-LeaderElection20 PRE_VOTE round 76: submit vote requests at term 2 for conf: {index: 1, cur=peers:[s3|localhost:15172, s4|localhost:15176, s0|localhost:15160, s1|localhost:15164, s2|localhost:15168]|listeners:[], old=null}
2024-10-09 00:14:18,399 [HandlerDaemon-1] INFO  server.RaftServer$Division (RaftServerImpl.java:requestVote(1443)) - s3@group-9FC63B188219: receive requestVote(PRE_VOTE, s1, group-9FC63B188219, 2, (t:2, i:2))
2024-10-09 00:14:18,399 [HandlerDaemon-1] INFO  impl.VoteContext (VoteContext.java:log(49)) - s3@group-9FC63B188219-CANDIDATE: accept PRE_VOTE from s1: our priority 0 <= candidate's priority 0
2024-10-09 00:14:18,399 [HandlerDaemon-1] INFO  server.RaftServer$Division (RaftServerImpl.java:requestVote(1476)) - s3@group-9FC63B188219 replies to PRE_VOTE vote request: s1<-s3#0:OK-t2. Peer's state: s3@group-9FC63B188219:t2, leader=null, voted=s2, raftlog=Memoized:s3@group-9FC63B188219-SegmentedRaftLog:OPENED:c2:last(t:2, i:2), conf=conf: {index: 1, cur=peers:[s3|localhost:15172, s4|localhost:15176, s0|localhost:15160, s1|localhost:15164, s2|localhost:15168]|listeners:[], old=null}
2024-10-09 00:14:18,399 [s1@group-9FC63B188219-LeaderElection20] INFO  impl.LeaderElection (LogUtils.java:infoOrTrace(136)) - s1@group-9FC63B188219-LeaderElection20 got exception when requesting votes: java.util.concurrent.ExecutionException: java.io.IOException: The peer s4 is not alive.
2024-10-09 00:14:18,399 [s1@group-9FC63B188219-LeaderElection20] INFO  impl.LeaderElection (LogUtils.java:infoOrTrace(136)) - s1@group-9FC63B188219-LeaderElection20 got exception when requesting votes: java.util.concurrent.ExecutionException: java.io.IOException: The peer s2 is not alive.
2024-10-09 00:14:18,458 [s3@group-9FC63B188219-LeaderElection21] INFO  impl.LeaderElection (LeaderElection.java:logAndReturn(90)) - s3@group-9FC63B188219-LeaderElection21: PRE_VOTE TIMEOUT received 1 response(s) and 2 exception(s):
2024-10-09 00:14:18,458 [s3@group-9FC63B188219-LeaderElection21] INFO  impl.LeaderElection (LeaderElection.java:logAndReturn(94)) -   Response 0: s3<-s1#0:OK-t2
2024-10-09 00:14:18,458 [s3@group-9FC63B188219-LeaderElection21] INFO  impl.LeaderElection (LogUtils.java:infoOrTrace(136)) -   Exception 1: java.util.concurrent.ExecutionException: java.io.IOException: The peer s4 is not alive.
2024-10-09 00:14:18,458 [s3@group-9FC63B188219-LeaderElection21] INFO  impl.LeaderElection (LogUtils.java:infoOrTrace(136)) -   Exception 2: java.util.concurrent.ExecutionException: java.io.IOException: The peer s2 is not alive.
2024-10-09 00:14:18,458 [s3@group-9FC63B188219-LeaderElection21] INFO  impl.LeaderElection (LeaderElection.java:askForVotes(339)) - s3@group-9FC63B188219-LeaderElection21 PRE_VOTE round 60: result TIMEOUT
2024-10-09 00:14:18,459 [s3@group-9FC63B188219-LeaderElection21] INFO  impl.LeaderElection (LeaderElection.java:askForVotes(337)) - s3@group-9FC63B188219-LeaderElection21 PRE_VOTE round 61: submit vote requests at term 2 for conf: {index: 1, cur=peers:[s3|localhost:15172, s4|localhost:15176, s0|localhost:15160, s1|localhost:15164, s2|localhost:15168]|listeners:[], old=null}
2024-10-09 00:14:18,459 [HandlerDaemon-1] INFO  server.RaftServer$Division (RaftServerImpl.java:requestVote(1443)) - s1@group-9FC63B188219: receive requestVote(PRE_VOTE, s3, group-9FC63B188219, 2, (t:2, i:2))
2024-10-09 00:14:18,459 [s3@group-9FC63B188219-LeaderElection21] INFO  impl.LeaderElection (LogUtils.java:infoOrTrace(136)) - s3@group-9FC63B188219-LeaderElection21 got exception when requesting votes: java.util.concurrent.ExecutionException: java.io.IOException: The peer s4 is not alive.
2024-10-09 00:14:18,459 [HandlerDaemon-1] INFO  impl.VoteContext (VoteContext.java:log(49)) - s1@group-9FC63B188219-CANDIDATE: accept PRE_VOTE from s3: our priority 0 <= candidate's priority 0
2024-10-09 00:14:18,459 [s3@group-9FC63B188219-LeaderElection21] INFO  impl.LeaderElection (LogUtils.java:infoOrTrace(136)) - s3@group-9FC63B188219-LeaderElection21 got exception when requesting votes: java.util.concurrent.ExecutionException: java.io.IOException: The peer s2 is not alive.
2024-10-09 00:14:18,459 [HandlerDaemon-1] INFO  server.RaftServer$Division (RaftServerImpl.java:requestVote(1476)) - s1@group-9FC63B188219 replies to PRE_VOTE vote request: s3<-s1#0:OK-t2. Peer's state: s1@group-9FC63B188219:t2, leader=null, voted=s2, raftlog=Memoized:s1@group-9FC63B188219-SegmentedRaftLog:OPENED:c2:last(t:2, i:2), conf=conf: {index: 1, cur=peers:[s3|localhost:15172, s4|localhost:15176, s0|localhost:15160, s1|localhost:15164, s2|localhost:15168]|listeners:[], old=null}
2024-10-09 00:14:18,459 [main] WARN  ratis.RaftTestUtil (RaftTestUtil.java:lambda$waitForLeader$3(126)) - Attempt #39 failed: java.lang.IllegalStateException: No leader yet : printing ALL groups
  s3:  RUNNING CANDIDATE s3@group-9FC63B188219:t2, leader=null, voted=s2, raftlog=Memoized:s3@group-9FC63B188219-SegmentedRaftLog:OPENED:c2:last(t:2, i:2), conf=conf: {index: 1, cur=peers:[s3|localhost:15172, s4|localhost:15176, s0|localhost:15160, s1|localhost:15164, s2|localhost:15168]|listeners:[], old=null} RUNNING
  s4:   CLOSED    LEADER s4@group-9FC63B188219:t1, leader=s4, voted=s4, raftlog=Memoized:s4@group-9FC63B188219-SegmentedRaftLog:CLOSED:c0, conf=conf: {index: 0, cur=peers:[s3|localhost:15172, s4|localhost:15176, s0|localhost:15160, s1|localhost:15164, s2|localhost:15168]|listeners:[], old=null} CLOSED
  s0:  RUNNING  FOLLOWER s0@group-9FC63B188219:t1, leader=null, voted=null, raftlog=Memoized:s0@group-9FC63B188219-SegmentedRaftLog:OPENED:c-1:lastnull, conf=conf: {index: -1, cur=peers:[s3|localhost:15172, s4|localhost:15176, s0|localhost:15160, s1|localhost:15164, s2|localhost:15168]|listeners:[], old=null} RUNNING
  s1:  RUNNING CANDIDATE s1@group-9FC63B188219:t2, leader=null, voted=s2, raftlog=Memoized:s1@group-9FC63B188219-SegmentedRaftLog:OPENED:c2:last(t:2, i:2), conf=conf: {index: 1, cur=peers:[s3|localhost:15172, s4|localhost:15176, s0|localhost:15160, s1|localhost:15164, s2|localhost:15168]|listeners:[], old=null} RUNNING
  s2:   CLOSED    LEADER s2@group-9FC63B188219:t2, leader=s2, voted=s2, raftlog=Memoized:s2@group-9FC63B188219-SegmentedRaftLog:CLOSED:c2, conf=conf: {index: 1, cur=peers:[s3|localhost:15172, s4|localhost:15176, s0|localhost:15160, s1|localhost:15164, s2|localhost:15168]|listeners:[], old=null} CLOSED
2024-10-09 00:14:18,673 [s1@group-9FC63B188219-LeaderElection20] INFO  impl.LeaderElection (LeaderElection.java:logAndReturn(90)) - s1@group-9FC63B188219-LeaderElection20: PRE_VOTE TIMEOUT received 1 response(s) and 2 exception(s):
2024-10-09 00:14:18,673 [s1@group-9FC63B188219-LeaderElection20] INFO  impl.LeaderElection (LeaderElection.java:logAndReturn(94)) -   Response 0: s1<-s3#0:OK-t2
2024-10-09 00:14:18,673 [s1@group-9FC63B188219-LeaderElection20] INFO  impl.LeaderElection (LogUtils.java:infoOrTrace(136)) -   Exception 1: java.util.concurrent.ExecutionException: java.io.IOException: The peer s4 is not alive.
2024-10-09 00:14:18,674 [s1@group-9FC63B188219-LeaderElection20] INFO  impl.LeaderElection (LogUtils.java:infoOrTrace(136)) -   Exception 2: java.util.concurrent.ExecutionException: java.io.IOException: The peer s2 is not alive.
2024-10-09 00:14:18,674 [s1@group-9FC63B188219-LeaderElection20] INFO  impl.LeaderElection (LeaderElection.java:askForVotes(339)) - s1@group-9FC63B188219-LeaderElection20 PRE_VOTE round 76: result TIMEOUT
2024-10-09 00:14:18,674 [s1@group-9FC63B188219-LeaderElection20] INFO  impl.LeaderElection (LeaderElection.java:askForVotes(337)) - s1@group-9FC63B188219-LeaderElection20 PRE_VOTE round 77: submit vote requests at term 2 for conf: {index: 1, cur=peers:[s3|localhost:15172, s4|localhost:15176, s0|localhost:15160, s1|localhost:15164, s2|localhost:15168]|listeners:[], old=null}
2024-10-09 00:14:18,674 [HandlerDaemon-2] INFO  server.RaftServer$Division (RaftServerImpl.java:requestVote(1443)) - s3@group-9FC63B188219: receive requestVote(PRE_VOTE, s1, group-9FC63B188219, 2, (t:2, i:2))
2024-10-09 00:14:18,674 [HandlerDaemon-2] INFO  impl.VoteContext (VoteContext.java:log(49)) - s3@group-9FC63B188219-CANDIDATE: accept PRE_VOTE from s1: our priority 0 <= candidate's priority 0
2024-10-09 00:14:18,674 [s1@group-9FC63B188219-LeaderElection20] INFO  impl.LeaderElection (LogUtils.java:infoOrTrace(136)) - s1@group-9FC63B188219-LeaderElection20 got exception when requesting votes: java.util.concurrent.ExecutionException: java.io.IOException: The peer s4 is not alive.
2024-10-09 00:14:18,674 [HandlerDaemon-2] INFO  server.RaftServer$Division (RaftServerImpl.java:requestVote(1476)) - s3@group-9FC63B188219 replies to PRE_VOTE vote request: s1<-s3#0:OK-t2. Peer's state: s3@group-9FC63B188219:t2, leader=null, voted=s2, raftlog=Memoized:s3@group-9FC63B188219-SegmentedRaftLog:OPENED:c2:last(t:2, i:2), conf=conf: {index: 1, cur=peers:[s3|localhost:15172, s4|localhost:15176, s0|localhost:15160, s1|localhost:15164, s2|localhost:15168]|listeners:[], old=null}
2024-10-09 00:14:18,674 [s1@group-9FC63B188219-LeaderElection20] INFO  impl.LeaderElection (LogUtils.java:infoOrTrace(136)) - s1@group-9FC63B188219-LeaderElection20 got exception when requesting votes: java.util.concurrent.ExecutionException: java.io.IOException: The peer s2 is not alive.
2024-10-09 00:14:18,735 [s3@group-9FC63B188219-LeaderElection21] INFO  impl.LeaderElection (LeaderElection.java:logAndReturn(90)) - s3@group-9FC63B188219-LeaderElection21: PRE_VOTE TIMEOUT received 1 response(s) and 2 exception(s):
2024-10-09 00:14:18,735 [s3@group-9FC63B188219-LeaderElection21] INFO  impl.LeaderElection (LeaderElection.java:logAndReturn(94)) -   Response 0: s3<-s1#0:OK-t2
2024-10-09 00:14:18,735 [s3@group-9FC63B188219-LeaderElection21] INFO  impl.LeaderElection (LogUtils.java:infoOrTrace(136)) -   Exception 1: java.util.concurrent.ExecutionException: java.io.IOException: The peer s4 is not alive.
2024-10-09 00:14:18,735 [s3@group-9FC63B188219-LeaderElection21] INFO  impl.LeaderElection (LogUtils.java:infoOrTrace(136)) -   Exception 2: java.util.concurrent.ExecutionException: java.io.IOException: The peer s2 is not alive.
2024-10-09 00:14:18,735 [s3@group-9FC63B188219-LeaderElection21] INFO  impl.LeaderElection (LeaderElection.java:askForVotes(339)) - s3@group-9FC63B188219-LeaderElection21 PRE_VOTE round 61: result TIMEOUT
2024-10-09 00:14:18,735 [s3@group-9FC63B188219-LeaderElection21] INFO  impl.LeaderElection (LeaderElection.java:askForVotes(337)) - s3@group-9FC63B188219-LeaderElection21 PRE_VOTE round 62: submit vote requests at term 2 for conf: {index: 1, cur=peers:[s3|localhost:15172, s4|localhost:15176, s0|localhost:15160, s1|localhost:15164, s2|localhost:15168]|listeners:[], old=null}
2024-10-09 00:14:18,736 [HandlerDaemon-2] INFO  server.RaftServer$Division (RaftServerImpl.java:requestVote(1443)) - s1@group-9FC63B188219: receive requestVote(PRE_VOTE, s3, group-9FC63B188219, 2, (t:2, i:2))
2024-10-09 00:14:18,736 [s3@group-9FC63B188219-LeaderElection21] INFO  impl.LeaderElection (LogUtils.java:infoOrTrace(136)) - s3@group-9FC63B188219-LeaderElection21 got exception when requesting votes: java.util.concurrent.ExecutionException: java.io.IOException: The peer s4 is not alive.
2024-10-09 00:14:18,736 [HandlerDaemon-2] INFO  impl.VoteContext (VoteContext.java:log(49)) - s1@group-9FC63B188219-CANDIDATE: accept PRE_VOTE from s3: our priority 0 <= candidate's priority 0
2024-10-09 00:14:18,736 [s3@group-9FC63B188219-LeaderElection21] INFO  impl.LeaderElection (LogUtils.java:infoOrTrace(136)) - s3@group-9FC63B188219-LeaderElection21 got exception when requesting votes: java.util.concurrent.ExecutionException: java.io.IOException: The peer s2 is not alive.
2024-10-09 00:14:18,736 [HandlerDaemon-2] INFO  server.RaftServer$Division (RaftServerImpl.java:requestVote(1476)) - s1@group-9FC63B188219 replies to PRE_VOTE vote request: s3<-s1#0:OK-t2. Peer's state: s1@group-9FC63B188219:t2, leader=null, voted=s2, raftlog=Memoized:s1@group-9FC63B188219-SegmentedRaftLog:OPENED:c2:last(t:2, i:2), conf=conf: {index: 1, cur=peers:[s3|localhost:15172, s4|localhost:15176, s0|localhost:15160, s1|localhost:15164, s2|localhost:15168]|listeners:[], old=null}
2024-10-09 00:14:18,908 [s1@group-9FC63B188219-LeaderElection20] INFO  impl.LeaderElection (LeaderElection.java:logAndReturn(90)) - s1@group-9FC63B188219-LeaderElection20: PRE_VOTE TIMEOUT received 1 response(s) and 2 exception(s):
2024-10-09 00:14:18,908 [s1@group-9FC63B188219-LeaderElection20] INFO  impl.LeaderElection (LeaderElection.java:logAndReturn(94)) -   Response 0: s1<-s3#0:OK-t2
2024-10-09 00:14:18,908 [s1@group-9FC63B188219-LeaderElection20] INFO  impl.LeaderElection (LogUtils.java:infoOrTrace(136)) -   Exception 1: java.util.concurrent.ExecutionException: java.io.IOException: The peer s4 is not alive.
2024-10-09 00:14:18,908 [s1@group-9FC63B188219-LeaderElection20] INFO  impl.LeaderElection (LogUtils.java:infoOrTrace(136)) -   Exception 2: java.util.concurrent.ExecutionException: java.io.IOException: The peer s2 is not alive.
2024-10-09 00:14:18,908 [s1@group-9FC63B188219-LeaderElection20] INFO  impl.LeaderElection (LeaderElection.java:askForVotes(339)) - s1@group-9FC63B188219-LeaderElection20 PRE_VOTE round 77: result TIMEOUT
2024-10-09 00:14:18,909 [s1@group-9FC63B188219-LeaderElection20] INFO  impl.LeaderElection (LeaderElection.java:askForVotes(337)) - s1@group-9FC63B188219-LeaderElection20 PRE_VOTE round 78: submit vote requests at term 2 for conf: {index: 1, cur=peers:[s3|localhost:15172, s4|localhost:15176, s0|localhost:15160, s1|localhost:15164, s2|localhost:15168]|listeners:[], old=null}
2024-10-09 00:14:18,909 [HandlerDaemon-0] INFO  server.RaftServer$Division (RaftServerImpl.java:requestVote(1443)) - s3@group-9FC63B188219: receive requestVote(PRE_VOTE, s1, group-9FC63B188219, 2, (t:2, i:2))
2024-10-09 00:14:18,909 [HandlerDaemon-0] INFO  impl.VoteContext (VoteContext.java:log(49)) - s3@group-9FC63B188219-CANDIDATE: accept PRE_VOTE from s1: our priority 0 <= candidate's priority 0
2024-10-09 00:14:18,909 [HandlerDaemon-0] INFO  server.RaftServer$Division (RaftServerImpl.java:requestVote(1476)) - s3@group-9FC63B188219 replies to PRE_VOTE vote request: s1<-s3#0:OK-t2. Peer's state: s3@group-9FC63B188219:t2, leader=null, voted=s2, raftlog=Memoized:s3@group-9FC63B188219-SegmentedRaftLog:OPENED:c2:last(t:2, i:2), conf=conf: {index: 1, cur=peers:[s3|localhost:15172, s4|localhost:15176, s0|localhost:15160, s1|localhost:15164, s2|localhost:15168]|listeners:[], old=null}
2024-10-09 00:14:18,909 [s1@group-9FC63B188219-LeaderElection20] INFO  impl.LeaderElection (LogUtils.java:infoOrTrace(136)) - s1@group-9FC63B188219-LeaderElection20 got exception when requesting votes: java.util.concurrent.ExecutionException: java.io.IOException: The peer s4 is not alive.
2024-10-09 00:14:18,909 [s1@group-9FC63B188219-LeaderElection20] INFO  impl.LeaderElection (LogUtils.java:infoOrTrace(136)) - s1@group-9FC63B188219-LeaderElection20 got exception when requesting votes: java.util.concurrent.ExecutionException: java.io.IOException: The peer s2 is not alive.
2024-10-09 00:14:18,910 [main] WARN  ratis.RaftTestUtil (RaftTestUtil.java:lambda$waitForLeader$3(126)) - Attempt #40 failed: java.lang.IllegalStateException: No leader yet : printing ALL groups
  s3:  RUNNING CANDIDATE s3@group-9FC63B188219:t2, leader=null, voted=s2, raftlog=Memoized:s3@group-9FC63B188219-SegmentedRaftLog:OPENED:c2:last(t:2, i:2), conf=conf: {index: 1, cur=peers:[s3|localhost:15172, s4|localhost:15176, s0|localhost:15160, s1|localhost:15164, s2|localhost:15168]|listeners:[], old=null} RUNNING
  s4:   CLOSED    LEADER s4@group-9FC63B188219:t1, leader=s4, voted=s4, raftlog=Memoized:s4@group-9FC63B188219-SegmentedRaftLog:CLOSED:c0, conf=conf: {index: 0, cur=peers:[s3|localhost:15172, s4|localhost:15176, s0|localhost:15160, s1|localhost:15164, s2|localhost:15168]|listeners:[], old=null} CLOSED
  s0:  RUNNING  FOLLOWER s0@group-9FC63B188219:t1, leader=null, voted=null, raftlog=Memoized:s0@group-9FC63B188219-SegmentedRaftLog:OPENED:c-1:lastnull, conf=conf: {index: -1, cur=peers:[s3|localhost:15172, s4|localhost:15176, s0|localhost:15160, s1|localhost:15164, s2|localhost:15168]|listeners:[], old=null} RUNNING
  s1:  RUNNING CANDIDATE s1@group-9FC63B188219:t2, leader=null, voted=s2, raftlog=Memoized:s1@group-9FC63B188219-SegmentedRaftLog:OPENED:c2:last(t:2, i:2), conf=conf: {index: 1, cur=peers:[s3|localhost:15172, s4|localhost:15176, s0|localhost:15160, s1|localhost:15164, s2|localhost:15168]|listeners:[], old=null} RUNNING
  s2:   CLOSED    LEADER s2@group-9FC63B188219:t2, leader=s2, voted=s2, raftlog=Memoized:s2@group-9FC63B188219-SegmentedRaftLog:CLOSED:c2, conf=conf: {index: 1, cur=peers:[s3|localhost:15172, s4|localhost:15176, s0|localhost:15160, s1|localhost:15164, s2|localhost:15168]|listeners:[], old=null} CLOSED
2024-10-09 00:14:19,001 [s3@group-9FC63B188219-LeaderElection21] INFO  impl.LeaderElection (LeaderElection.java:logAndReturn(90)) - s3@group-9FC63B188219-LeaderElection21: PRE_VOTE TIMEOUT received 1 response(s) and 2 exception(s):
2024-10-09 00:14:19,001 [s3@group-9FC63B188219-LeaderElection21] INFO  impl.LeaderElection (LeaderElection.java:logAndReturn(94)) -   Response 0: s3<-s1#0:OK-t2
2024-10-09 00:14:19,001 [s3@group-9FC63B188219-LeaderElection21] INFO  impl.LeaderElection (LogUtils.java:infoOrTrace(136)) -   Exception 1: java.util.concurrent.ExecutionException: java.io.IOException: The peer s4 is not alive.
2024-10-09 00:14:19,001 [s3@group-9FC63B188219-LeaderElection21] INFO  impl.LeaderElection (LogUtils.java:infoOrTrace(136)) -   Exception 2: java.util.concurrent.ExecutionException: java.io.IOException: The peer s2 is not alive.
2024-10-09 00:14:19,001 [s3@group-9FC63B188219-LeaderElection21] INFO  impl.LeaderElection (LeaderElection.java:askForVotes(339)) - s3@group-9FC63B188219-LeaderElection21 PRE_VOTE round 62: result TIMEOUT
2024-10-09 00:14:19,001 [s3@group-9FC63B188219-LeaderElection21] INFO  impl.LeaderElection (LeaderElection.java:askForVotes(337)) - s3@group-9FC63B188219-LeaderElection21 PRE_VOTE round 63: submit vote requests at term 2 for conf: {index: 1, cur=peers:[s3|localhost:15172, s4|localhost:15176, s0|localhost:15160, s1|localhost:15164, s2|localhost:15168]|listeners:[], old=null}
2024-10-09 00:14:19,001 [HandlerDaemon-0] INFO  server.RaftServer$Division (RaftServerImpl.java:requestVote(1443)) - s1@group-9FC63B188219: receive requestVote(PRE_VOTE, s3, group-9FC63B188219, 2, (t:2, i:2))
2024-10-09 00:14:19,001 [s3@group-9FC63B188219-LeaderElection21] INFO  impl.LeaderElection (LogUtils.java:infoOrTrace(136)) - s3@group-9FC63B188219-LeaderElection21 got exception when requesting votes: java.util.concurrent.ExecutionException: java.io.IOException: The peer s4 is not alive.
2024-10-09 00:14:19,001 [HandlerDaemon-0] INFO  impl.VoteContext (VoteContext.java:log(49)) - s1@group-9FC63B188219-CANDIDATE: accept PRE_VOTE from s3: our priority 0 <= candidate's priority 0
2024-10-09 00:14:19,001 [s3@group-9FC63B188219-LeaderElection21] INFO  impl.LeaderElection (LogUtils.java:infoOrTrace(136)) - s3@group-9FC63B188219-LeaderElection21 got exception when requesting votes: java.util.concurrent.ExecutionException: java.io.IOException: The peer s2 is not alive.
2024-10-09 00:14:19,002 [HandlerDaemon-0] INFO  server.RaftServer$Division (RaftServerImpl.java:requestVote(1476)) - s1@group-9FC63B188219 replies to PRE_VOTE vote request: s3<-s1#0:OK-t2. Peer's state: s1@group-9FC63B188219:t2, leader=null, voted=s2, raftlog=Memoized:s1@group-9FC63B188219-SegmentedRaftLog:OPENED:c2:last(t:2, i:2), conf=conf: {index: 1, cur=peers:[s3|localhost:15172, s4|localhost:15176, s0|localhost:15160, s1|localhost:15164, s2|localhost:15168]|listeners:[], old=null}
2024-10-09 00:14:19,112 [s1@group-9FC63B188219-LeaderElection20] INFO  impl.LeaderElection (LeaderElection.java:logAndReturn(90)) - s1@group-9FC63B188219-LeaderElection20: PRE_VOTE TIMEOUT received 1 response(s) and 2 exception(s):
2024-10-09 00:14:19,112 [s1@group-9FC63B188219-LeaderElection20] INFO  impl.LeaderElection (LeaderElection.java:logAndReturn(94)) -   Response 0: s1<-s3#0:OK-t2
2024-10-09 00:14:19,112 [s1@group-9FC63B188219-LeaderElection20] INFO  impl.LeaderElection (LogUtils.java:infoOrTrace(136)) -   Exception 1: java.util.concurrent.ExecutionException: java.io.IOException: The peer s4 is not alive.
2024-10-09 00:14:19,112 [s1@group-9FC63B188219-LeaderElection20] INFO  impl.LeaderElection (LogUtils.java:infoOrTrace(136)) -   Exception 2: java.util.concurrent.ExecutionException: java.io.IOException: The peer s2 is not alive.
2024-10-09 00:14:19,112 [s1@group-9FC63B188219-LeaderElection20] INFO  impl.LeaderElection (LeaderElection.java:askForVotes(339)) - s1@group-9FC63B188219-LeaderElection20 PRE_VOTE round 78: result TIMEOUT
2024-10-09 00:14:19,112 [s1@group-9FC63B188219-LeaderElection20] INFO  impl.LeaderElection (LeaderElection.java:askForVotes(337)) - s1@group-9FC63B188219-LeaderElection20 PRE_VOTE round 79: submit vote requests at term 2 for conf: {index: 1, cur=peers:[s3|localhost:15172, s4|localhost:15176, s0|localhost:15160, s1|localhost:15164, s2|localhost:15168]|listeners:[], old=null}
2024-10-09 00:14:19,113 [HandlerDaemon-1] INFO  server.RaftServer$Division (RaftServerImpl.java:requestVote(1443)) - s3@group-9FC63B188219: receive requestVote(PRE_VOTE, s1, group-9FC63B188219, 2, (t:2, i:2))
2024-10-09 00:14:19,113 [HandlerDaemon-1] INFO  impl.VoteContext (VoteContext.java:log(49)) - s3@group-9FC63B188219-CANDIDATE: accept PRE_VOTE from s1: our priority 0 <= candidate's priority 0
2024-10-09 00:14:19,113 [HandlerDaemon-1] INFO  server.RaftServer$Division (RaftServerImpl.java:requestVote(1476)) - s3@group-9FC63B188219 replies to PRE_VOTE vote request: s1<-s3#0:OK-t2. Peer's state: s3@group-9FC63B188219:t2, leader=null, voted=s2, raftlog=Memoized:s3@group-9FC63B188219-SegmentedRaftLog:OPENED:c2:last(t:2, i:2), conf=conf: {index: 1, cur=peers:[s3|localhost:15172, s4|localhost:15176, s0|localhost:15160, s1|localhost:15164, s2|localhost:15168]|listeners:[], old=null}
2024-10-09 00:14:19,113 [s1@group-9FC63B188219-LeaderElection20] INFO  impl.LeaderElection (LogUtils.java:infoOrTrace(136)) - s1@group-9FC63B188219-LeaderElection20 got exception when requesting votes: java.util.concurrent.ExecutionException: java.io.IOException: The peer s4 is not alive.
2024-10-09 00:14:19,113 [s1@group-9FC63B188219-LeaderElection20] INFO  impl.LeaderElection (LogUtils.java:infoOrTrace(136)) - s1@group-9FC63B188219-LeaderElection20 got exception when requesting votes: java.util.concurrent.ExecutionException: java.io.IOException: The peer s2 is not alive.
2024-10-09 00:14:19,274 [s1@group-9FC63B188219-LeaderElection20] INFO  impl.LeaderElection (LeaderElection.java:logAndReturn(90)) - s1@group-9FC63B188219-LeaderElection20: PRE_VOTE TIMEOUT received 1 response(s) and 2 exception(s):
2024-10-09 00:14:19,274 [s1@group-9FC63B188219-LeaderElection20] INFO  impl.LeaderElection (LeaderElection.java:logAndReturn(94)) -   Response 0: s1<-s3#0:OK-t2
2024-10-09 00:14:19,274 [s1@group-9FC63B188219-LeaderElection20] INFO  impl.LeaderElection (LogUtils.java:infoOrTrace(136)) -   Exception 1: java.util.concurrent.ExecutionException: java.io.IOException: The peer s4 is not alive.
2024-10-09 00:14:19,274 [s1@group-9FC63B188219-LeaderElection20] INFO  impl.LeaderElection (LogUtils.java:infoOrTrace(136)) -   Exception 2: java.util.concurrent.ExecutionException: java.io.IOException: The peer s2 is not alive.
2024-10-09 00:14:19,274 [s1@group-9FC63B188219-LeaderElection20] INFO  impl.LeaderElection (LeaderElection.java:askForVotes(339)) - s1@group-9FC63B188219-LeaderElection20 PRE_VOTE round 79: result TIMEOUT
2024-10-09 00:14:19,274 [s1@group-9FC63B188219-LeaderElection20] INFO  impl.LeaderElection (LeaderElection.java:askForVotes(337)) - s1@group-9FC63B188219-LeaderElection20 PRE_VOTE round 80: submit vote requests at term 2 for conf: {index: 1, cur=peers:[s3|localhost:15172, s4|localhost:15176, s0|localhost:15160, s1|localhost:15164, s2|localhost:15168]|listeners:[], old=null}
2024-10-09 00:14:19,274 [HandlerDaemon-2] INFO  server.RaftServer$Division (RaftServerImpl.java:requestVote(1443)) - s3@group-9FC63B188219: receive requestVote(PRE_VOTE, s1, group-9FC63B188219, 2, (t:2, i:2))
2024-10-09 00:14:19,274 [s3@group-9FC63B188219-LeaderElection21] INFO  impl.LeaderElection (LeaderElection.java:logAndReturn(90)) - s3@group-9FC63B188219-LeaderElection21: PRE_VOTE TIMEOUT received 1 response(s) and 2 exception(s):
2024-10-09 00:14:19,275 [s3@group-9FC63B188219-LeaderElection21] INFO  impl.LeaderElection (LeaderElection.java:logAndReturn(94)) -   Response 0: s3<-s1#0:OK-t2
2024-10-09 00:14:19,275 [s3@group-9FC63B188219-LeaderElection21] INFO  impl.LeaderElection (LogUtils.java:infoOrTrace(136)) -   Exception 1: java.util.concurrent.ExecutionException: java.io.IOException: The peer s4 is not alive.
2024-10-09 00:14:19,275 [s3@group-9FC63B188219-LeaderElection21] INFO  impl.LeaderElection (LogUtils.java:infoOrTrace(136)) -   Exception 2: java.util.concurrent.ExecutionException: java.io.IOException: The peer s2 is not alive.
2024-10-09 00:14:19,275 [s3@group-9FC63B188219-LeaderElection21] INFO  impl.LeaderElection (LeaderElection.java:askForVotes(339)) - s3@group-9FC63B188219-LeaderElection21 PRE_VOTE round 63: result TIMEOUT
2024-10-09 00:14:19,274 [HandlerDaemon-2] INFO  impl.VoteContext (VoteContext.java:log(49)) - s3@group-9FC63B188219-CANDIDATE: accept PRE_VOTE from s1: our priority 0 <= candidate's priority 0
2024-10-09 00:14:19,275 [s1@group-9FC63B188219-LeaderElection20] INFO  impl.LeaderElection (LogUtils.java:infoOrTrace(136)) - s1@group-9FC63B188219-LeaderElection20 got exception when requesting votes: java.util.concurrent.ExecutionException: java.io.IOException: The peer s4 is not alive.
2024-10-09 00:14:19,276 [HandlerDaemon-2] INFO  server.RaftServer$Division (RaftServerImpl.java:requestVote(1476)) - s3@group-9FC63B188219 replies to PRE_VOTE vote request: s1<-s3#0:OK-t2. Peer's state: s3@group-9FC63B188219:t2, leader=null, voted=s2, raftlog=Memoized:s3@group-9FC63B188219-SegmentedRaftLog:OPENED:c2:last(t:2, i:2), conf=conf: {index: 1, cur=peers:[s3|localhost:15172, s4|localhost:15176, s0|localhost:15160, s1|localhost:15164, s2|localhost:15168]|listeners:[], old=null}
2024-10-09 00:14:19,276 [s1@group-9FC63B188219-LeaderElection20] INFO  impl.LeaderElection (LogUtils.java:infoOrTrace(136)) - s1@group-9FC63B188219-LeaderElection20 got exception when requesting votes: java.util.concurrent.ExecutionException: java.io.IOException: The peer s2 is not alive.
2024-10-09 00:14:19,276 [s3@group-9FC63B188219-LeaderElection21] INFO  impl.LeaderElection (LeaderElection.java:askForVotes(337)) - s3@group-9FC63B188219-LeaderElection21 PRE_VOTE round 64: submit vote requests at term 2 for conf: {index: 1, cur=peers:[s3|localhost:15172, s4|localhost:15176, s0|localhost:15160, s1|localhost:15164, s2|localhost:15168]|listeners:[], old=null}
2024-10-09 00:14:19,276 [HandlerDaemon-1] INFO  server.RaftServer$Division (RaftServerImpl.java:requestVote(1443)) - s1@group-9FC63B188219: receive requestVote(PRE_VOTE, s3, group-9FC63B188219, 2, (t:2, i:2))
2024-10-09 00:14:19,276 [HandlerDaemon-1] INFO  impl.VoteContext (VoteContext.java:log(49)) - s1@group-9FC63B188219-CANDIDATE: accept PRE_VOTE from s3: our priority 0 <= candidate's priority 0
2024-10-09 00:14:19,276 [HandlerDaemon-1] INFO  server.RaftServer$Division (RaftServerImpl.java:requestVote(1476)) - s1@group-9FC63B188219 replies to PRE_VOTE vote request: s3<-s1#0:OK-t2. Peer's state: s1@group-9FC63B188219:t2, leader=null, voted=s2, raftlog=Memoized:s1@group-9FC63B188219-SegmentedRaftLog:OPENED:c2:last(t:2, i:2), conf=conf: {index: 1, cur=peers:[s3|localhost:15172, s4|localhost:15176, s0|localhost:15160, s1|localhost:15164, s2|localhost:15168]|listeners:[], old=null}
2024-10-09 00:14:19,276 [s3@group-9FC63B188219-LeaderElection21] INFO  impl.LeaderElection (LogUtils.java:infoOrTrace(136)) - s3@group-9FC63B188219-LeaderElection21 got exception when requesting votes: java.util.concurrent.ExecutionException: java.io.IOException: The peer s4 is not alive.
2024-10-09 00:14:19,276 [s3@group-9FC63B188219-LeaderElection21] INFO  impl.LeaderElection (LogUtils.java:infoOrTrace(136)) - s3@group-9FC63B188219-LeaderElection21 got exception when requesting votes: java.util.concurrent.ExecutionException: java.io.IOException: The peer s2 is not alive.
2024-10-09 00:14:19,360 [main] WARN  ratis.RaftTestUtil (RaftTestUtil.java:lambda$waitForLeader$3(126)) - Attempt #41 failed: java.lang.IllegalStateException: No leader yet : printing ALL groups
  s3:  RUNNING CANDIDATE s3@group-9FC63B188219:t2, leader=null, voted=s2, raftlog=Memoized:s3@group-9FC63B188219-SegmentedRaftLog:OPENED:c2:last(t:2, i:2), conf=conf: {index: 1, cur=peers:[s3|localhost:15172, s4|localhost:15176, s0|localhost:15160, s1|localhost:15164, s2|localhost:15168]|listeners:[], old=null} RUNNING
  s4:   CLOSED    LEADER s4@group-9FC63B188219:t1, leader=s4, voted=s4, raftlog=Memoized:s4@group-9FC63B188219-SegmentedRaftLog:CLOSED:c0, conf=conf: {index: 0, cur=peers:[s3|localhost:15172, s4|localhost:15176, s0|localhost:15160, s1|localhost:15164, s2|localhost:15168]|listeners:[], old=null} CLOSED
  s0:  RUNNING  FOLLOWER s0@group-9FC63B188219:t1, leader=null, voted=null, raftlog=Memoized:s0@group-9FC63B188219-SegmentedRaftLog:OPENED:c-1:lastnull, conf=conf: {index: -1, cur=peers:[s3|localhost:15172, s4|localhost:15176, s0|localhost:15160, s1|localhost:15164, s2|localhost:15168]|listeners:[], old=null} RUNNING
  s1:  RUNNING CANDIDATE s1@group-9FC63B188219:t2, leader=null, voted=s2, raftlog=Memoized:s1@group-9FC63B188219-SegmentedRaftLog:OPENED:c2:last(t:2, i:2), conf=conf: {index: 1, cur=peers:[s3|localhost:15172, s4|localhost:15176, s0|localhost:15160, s1|localhost:15164, s2|localhost:15168]|listeners:[], old=null} RUNNING
  s2:   CLOSED    LEADER s2@group-9FC63B188219:t2, leader=s2, voted=s2, raftlog=Memoized:s2@group-9FC63B188219-SegmentedRaftLog:CLOSED:c2, conf=conf: {index: 1, cur=peers:[s3|localhost:15172, s4|localhost:15176, s0|localhost:15160, s1|localhost:15164, s2|localhost:15168]|listeners:[], old=null} CLOSED
2024-10-09 00:14:19,532 [s3@group-9FC63B188219-LeaderElection21] INFO  impl.LeaderElection (LeaderElection.java:logAndReturn(90)) - s3@group-9FC63B188219-LeaderElection21: PRE_VOTE TIMEOUT received 1 response(s) and 2 exception(s):
2024-10-09 00:14:19,532 [s3@group-9FC63B188219-LeaderElection21] INFO  impl.LeaderElection (LeaderElection.java:logAndReturn(94)) -   Response 0: s3<-s1#0:OK-t2
2024-10-09 00:14:19,532 [s3@group-9FC63B188219-LeaderElection21] INFO  impl.LeaderElection (LogUtils.java:infoOrTrace(136)) -   Exception 1: java.util.concurrent.ExecutionException: java.io.IOException: The peer s4 is not alive.
2024-10-09 00:14:19,533 [s3@group-9FC63B188219-LeaderElection21] INFO  impl.LeaderElection (LogUtils.java:infoOrTrace(136)) -   Exception 2: java.util.concurrent.ExecutionException: java.io.IOException: The peer s2 is not alive.
2024-10-09 00:14:19,533 [s3@group-9FC63B188219-LeaderElection21] INFO  impl.LeaderElection (LeaderElection.java:askForVotes(339)) - s3@group-9FC63B188219-LeaderElection21 PRE_VOTE round 64: result TIMEOUT
2024-10-09 00:14:19,533 [s3@group-9FC63B188219-LeaderElection21] INFO  impl.LeaderElection (LeaderElection.java:askForVotes(337)) - s3@group-9FC63B188219-LeaderElection21 PRE_VOTE round 65: submit vote requests at term 2 for conf: {index: 1, cur=peers:[s3|localhost:15172, s4|localhost:15176, s0|localhost:15160, s1|localhost:15164, s2|localhost:15168]|listeners:[], old=null}
2024-10-09 00:14:19,533 [HandlerDaemon-2] INFO  server.RaftServer$Division (RaftServerImpl.java:requestVote(1443)) - s1@group-9FC63B188219: receive requestVote(PRE_VOTE, s3, group-9FC63B188219, 2, (t:2, i:2))
2024-10-09 00:14:19,533 [s3@group-9FC63B188219-LeaderElection21] INFO  impl.LeaderElection (LogUtils.java:infoOrTrace(136)) - s3@group-9FC63B188219-LeaderElection21 got exception when requesting votes: java.util.concurrent.ExecutionException: java.io.IOException: The peer s4 is not alive.
2024-10-09 00:14:19,533 [s3@group-9FC63B188219-LeaderElection21] INFO  impl.LeaderElection (LogUtils.java:infoOrTrace(136)) - s3@group-9FC63B188219-LeaderElection21 got exception when requesting votes: java.util.concurrent.ExecutionException: java.io.IOException: The peer s2 is not alive.
2024-10-09 00:14:19,533 [HandlerDaemon-2] INFO  impl.VoteContext (VoteContext.java:log(49)) - s1@group-9FC63B188219-CANDIDATE: accept PRE_VOTE from s3: our priority 0 <= candidate's priority 0
2024-10-09 00:14:19,533 [HandlerDaemon-2] INFO  server.RaftServer$Division (RaftServerImpl.java:requestVote(1476)) - s1@group-9FC63B188219 replies to PRE_VOTE vote request: s3<-s1#0:OK-t2. Peer's state: s1@group-9FC63B188219:t2, leader=null, voted=s2, raftlog=Memoized:s1@group-9FC63B188219-SegmentedRaftLog:OPENED:c2:last(t:2, i:2), conf=conf: {index: 1, cur=peers:[s3|localhost:15172, s4|localhost:15176, s0|localhost:15160, s1|localhost:15164, s2|localhost:15168]|listeners:[], old=null}
2024-10-09 00:14:19,547 [s1@group-9FC63B188219-LeaderElection20] INFO  impl.LeaderElection (LeaderElection.java:logAndReturn(90)) - s1@group-9FC63B188219-LeaderElection20: PRE_VOTE TIMEOUT received 1 response(s) and 2 exception(s):
2024-10-09 00:14:19,547 [s1@group-9FC63B188219-LeaderElection20] INFO  impl.LeaderElection (LeaderElection.java:logAndReturn(94)) -   Response 0: s1<-s3#0:OK-t2
2024-10-09 00:14:19,547 [s1@group-9FC63B188219-LeaderElection20] INFO  impl.LeaderElection (LogUtils.java:infoOrTrace(136)) -   Exception 1: java.util.concurrent.ExecutionException: java.io.IOException: The peer s4 is not alive.
2024-10-09 00:14:19,547 [s1@group-9FC63B188219-LeaderElection20] INFO  impl.LeaderElection (LogUtils.java:infoOrTrace(136)) -   Exception 2: java.util.concurrent.ExecutionException: java.io.IOException: The peer s2 is not alive.
2024-10-09 00:14:19,547 [s1@group-9FC63B188219-LeaderElection20] INFO  impl.LeaderElection (LeaderElection.java:askForVotes(339)) - s1@group-9FC63B188219-LeaderElection20 PRE_VOTE round 80: result TIMEOUT
2024-10-09 00:14:19,547 [s1@group-9FC63B188219-LeaderElection20] INFO  impl.LeaderElection (LeaderElection.java:askForVotes(337)) - s1@group-9FC63B188219-LeaderElection20 PRE_VOTE round 81: submit vote requests at term 2 for conf: {index: 1, cur=peers:[s3|localhost:15172, s4|localhost:15176, s0|localhost:15160, s1|localhost:15164, s2|localhost:15168]|listeners:[], old=null}
2024-10-09 00:14:19,547 [HandlerDaemon-0] INFO  server.RaftServer$Division (RaftServerImpl.java:requestVote(1443)) - s3@group-9FC63B188219: receive requestVote(PRE_VOTE, s1, group-9FC63B188219, 2, (t:2, i:2))
2024-10-09 00:14:19,547 [HandlerDaemon-0] INFO  impl.VoteContext (VoteContext.java:log(49)) - s3@group-9FC63B188219-CANDIDATE: accept PRE_VOTE from s1: our priority 0 <= candidate's priority 0
2024-10-09 00:14:19,547 [s1@group-9FC63B188219-LeaderElection20] INFO  impl.LeaderElection (LogUtils.java:infoOrTrace(136)) - s1@group-9FC63B188219-LeaderElection20 got exception when requesting votes: java.util.concurrent.ExecutionException: java.io.IOException: The peer s4 is not alive.
2024-10-09 00:14:19,547 [HandlerDaemon-0] INFO  server.RaftServer$Division (RaftServerImpl.java:requestVote(1476)) - s3@group-9FC63B188219 replies to PRE_VOTE vote request: s1<-s3#0:OK-t2. Peer's state: s3@group-9FC63B188219:t2, leader=null, voted=s2, raftlog=Memoized:s3@group-9FC63B188219-SegmentedRaftLog:OPENED:c2:last(t:2, i:2), conf=conf: {index: 1, cur=peers:[s3|localhost:15172, s4|localhost:15176, s0|localhost:15160, s1|localhost:15164, s2|localhost:15168]|listeners:[], old=null}
2024-10-09 00:14:19,547 [s1@group-9FC63B188219-LeaderElection20] INFO  impl.LeaderElection (LogUtils.java:infoOrTrace(136)) - s1@group-9FC63B188219-LeaderElection20 got exception when requesting votes: java.util.concurrent.ExecutionException: java.io.IOException: The peer s2 is not alive.
2024-10-09 00:14:19,660 [Timer-9] INFO  impl.MiniRaftCluster (MiniRaftCluster.java:lambda$null$7(352)) - TIMED-PRINT: printing ALL groups
  s3:  RUNNING CANDIDATE s3@group-9FC63B188219:t2, leader=null, voted=s2, raftlog=Memoized:s3@group-9FC63B188219-SegmentedRaftLog:OPENED:c2:last(t:2, i:2), conf=conf: {index: 1, cur=peers:[s3|localhost:15172, s4|localhost:15176, s0|localhost:15160, s1|localhost:15164, s2|localhost:15168]|listeners:[], old=null} RUNNING
  s4:   CLOSED    LEADER s4@group-9FC63B188219:t1, leader=s4, voted=s4, raftlog=Memoized:s4@group-9FC63B188219-SegmentedRaftLog:CLOSED:c0, conf=conf: {index: 0, cur=peers:[s3|localhost:15172, s4|localhost:15176, s0|localhost:15160, s1|localhost:15164, s2|localhost:15168]|listeners:[], old=null} CLOSED
  s0:  RUNNING  FOLLOWER s0@group-9FC63B188219:t1, leader=null, voted=null, raftlog=Memoized:s0@group-9FC63B188219-SegmentedRaftLog:OPENED:c-1:lastnull, conf=conf: {index: -1, cur=peers:[s3|localhost:15172, s4|localhost:15176, s0|localhost:15160, s1|localhost:15164, s2|localhost:15168]|listeners:[], old=null} RUNNING
  s1:  RUNNING CANDIDATE s1@group-9FC63B188219:t2, leader=null, voted=s2, raftlog=Memoized:s1@group-9FC63B188219-SegmentedRaftLog:OPENED:c2:last(t:2, i:2), conf=conf: {index: 1, cur=peers:[s3|localhost:15172, s4|localhost:15176, s0|localhost:15160, s1|localhost:15164, s2|localhost:15168]|listeners:[], old=null} RUNNING
  s2:   CLOSED    LEADER s2@group-9FC63B188219:t2, leader=s2, voted=s2, raftlog=Memoized:s2@group-9FC63B188219-SegmentedRaftLog:CLOSED:c2, conf=conf: {index: 1, cur=peers:[s3|localhost:15172, s4|localhost:15176, s0|localhost:15160, s1|localhost:15164, s2|localhost:15168]|listeners:[], old=null} CLOSED
2024-10-09 00:14:19,697 [s1@group-9FC63B188219-LeaderElection20] INFO  impl.LeaderElection (LeaderElection.java:logAndReturn(90)) - s1@group-9FC63B188219-LeaderElection20: PRE_VOTE TIMEOUT received 1 response(s) and 2 exception(s):
2024-10-09 00:14:19,697 [s1@group-9FC63B188219-LeaderElection20] INFO  impl.LeaderElection (LeaderElection.java:logAndReturn(94)) -   Response 0: s1<-s3#0:OK-t2
2024-10-09 00:14:19,697 [s1@group-9FC63B188219-LeaderElection20] INFO  impl.LeaderElection (LogUtils.java:infoOrTrace(136)) -   Exception 1: java.util.concurrent.ExecutionException: java.io.IOException: The peer s4 is not alive.
2024-10-09 00:14:19,698 [s1@group-9FC63B188219-LeaderElection20] INFO  impl.LeaderElection (LogUtils.java:infoOrTrace(136)) -   Exception 2: java.util.concurrent.ExecutionException: java.io.IOException: The peer s2 is not alive.
2024-10-09 00:14:19,698 [s1@group-9FC63B188219-LeaderElection20] INFO  impl.LeaderElection (LeaderElection.java:askForVotes(339)) - s1@group-9FC63B188219-LeaderElection20 PRE_VOTE round 81: result TIMEOUT
2024-10-09 00:14:19,698 [s1@group-9FC63B188219-LeaderElection20] INFO  impl.LeaderElection (LeaderElection.java:askForVotes(337)) - s1@group-9FC63B188219-LeaderElection20 PRE_VOTE round 82: submit vote requests at term 2 for conf: {index: 1, cur=peers:[s3|localhost:15172, s4|localhost:15176, s0|localhost:15160, s1|localhost:15164, s2|localhost:15168]|listeners:[], old=null}
2024-10-09 00:14:19,698 [HandlerDaemon-1] INFO  server.RaftServer$Division (RaftServerImpl.java:requestVote(1443)) - s3@group-9FC63B188219: receive requestVote(PRE_VOTE, s1, group-9FC63B188219, 2, (t:2, i:2))
2024-10-09 00:14:19,698 [HandlerDaemon-1] INFO  impl.VoteContext (VoteContext.java:log(49)) - s3@group-9FC63B188219-CANDIDATE: accept PRE_VOTE from s1: our priority 0 <= candidate's priority 0
2024-10-09 00:14:19,698 [s1@group-9FC63B188219-LeaderElection20] INFO  impl.LeaderElection (LogUtils.java:infoOrTrace(136)) - s1@group-9FC63B188219-LeaderElection20 got exception when requesting votes: java.util.concurrent.ExecutionException: java.io.IOException: The peer s4 is not alive.
2024-10-09 00:14:19,698 [HandlerDaemon-1] INFO  server.RaftServer$Division (RaftServerImpl.java:requestVote(1476)) - s3@group-9FC63B188219 replies to PRE_VOTE vote request: s1<-s3#0:OK-t2. Peer's state: s3@group-9FC63B188219:t2, leader=null, voted=s2, raftlog=Memoized:s3@group-9FC63B188219-SegmentedRaftLog:OPENED:c2:last(t:2, i:2), conf=conf: {index: 1, cur=peers:[s3|localhost:15172, s4|localhost:15176, s0|localhost:15160, s1|localhost:15164, s2|localhost:15168]|listeners:[], old=null}
2024-10-09 00:14:19,698 [s1@group-9FC63B188219-LeaderElection20] INFO  impl.LeaderElection (LogUtils.java:infoOrTrace(136)) - s1@group-9FC63B188219-LeaderElection20 got exception when requesting votes: java.util.concurrent.ExecutionException: java.io.IOException: The peer s2 is not alive.
2024-10-09 00:14:19,743 [s3@group-9FC63B188219-LeaderElection21] INFO  impl.LeaderElection (LeaderElection.java:logAndReturn(90)) - s3@group-9FC63B188219-LeaderElection21: PRE_VOTE TIMEOUT received 1 response(s) and 2 exception(s):
2024-10-09 00:14:19,743 [s3@group-9FC63B188219-LeaderElection21] INFO  impl.LeaderElection (LeaderElection.java:logAndReturn(94)) -   Response 0: s3<-s1#0:OK-t2
2024-10-09 00:14:19,743 [s3@group-9FC63B188219-LeaderElection21] INFO  impl.LeaderElection (LogUtils.java:infoOrTrace(136)) -   Exception 1: java.util.concurrent.ExecutionException: java.io.IOException: The peer s4 is not alive.
2024-10-09 00:14:19,743 [s3@group-9FC63B188219-LeaderElection21] INFO  impl.LeaderElection (LogUtils.java:infoOrTrace(136)) -   Exception 2: java.util.concurrent.ExecutionException: java.io.IOException: The peer s2 is not alive.
2024-10-09 00:14:19,743 [s3@group-9FC63B188219-LeaderElection21] INFO  impl.LeaderElection (LeaderElection.java:askForVotes(339)) - s3@group-9FC63B188219-LeaderElection21 PRE_VOTE round 65: result TIMEOUT
2024-10-09 00:14:19,744 [s3@group-9FC63B188219-LeaderElection21] INFO  impl.LeaderElection (LeaderElection.java:askForVotes(337)) - s3@group-9FC63B188219-LeaderElection21 PRE_VOTE round 66: submit vote requests at term 2 for conf: {index: 1, cur=peers:[s3|localhost:15172, s4|localhost:15176, s0|localhost:15160, s1|localhost:15164, s2|localhost:15168]|listeners:[], old=null}
2024-10-09 00:14:19,744 [HandlerDaemon-0] INFO  server.RaftServer$Division (RaftServerImpl.java:requestVote(1443)) - s1@group-9FC63B188219: receive requestVote(PRE_VOTE, s3, group-9FC63B188219, 2, (t:2, i:2))
2024-10-09 00:14:19,744 [s3@group-9FC63B188219-LeaderElection21] INFO  impl.LeaderElection (LogUtils.java:infoOrTrace(136)) - s3@group-9FC63B188219-LeaderElection21 got exception when requesting votes: java.util.concurrent.ExecutionException: java.io.IOException: The peer s4 is not alive.
2024-10-09 00:14:19,744 [s3@group-9FC63B188219-LeaderElection21] INFO  impl.LeaderElection (LogUtils.java:infoOrTrace(136)) - s3@group-9FC63B188219-LeaderElection21 got exception when requesting votes: java.util.concurrent.ExecutionException: java.io.IOException: The peer s2 is not alive.
2024-10-09 00:14:19,744 [HandlerDaemon-0] INFO  impl.VoteContext (VoteContext.java:log(49)) - s1@group-9FC63B188219-CANDIDATE: accept PRE_VOTE from s3: our priority 0 <= candidate's priority 0
2024-10-09 00:14:19,744 [HandlerDaemon-0] INFO  server.RaftServer$Division (RaftServerImpl.java:requestVote(1476)) - s1@group-9FC63B188219 replies to PRE_VOTE vote request: s3<-s1#0:OK-t2. Peer's state: s1@group-9FC63B188219:t2, leader=null, voted=s2, raftlog=Memoized:s1@group-9FC63B188219-SegmentedRaftLog:OPENED:c2:last(t:2, i:2), conf=conf: {index: 1, cur=peers:[s3|localhost:15172, s4|localhost:15176, s0|localhost:15160, s1|localhost:15164, s2|localhost:15168]|listeners:[], old=null}
2024-10-09 00:14:19,811 [main] WARN  ratis.RaftTestUtil (RaftTestUtil.java:lambda$waitForLeader$3(126)) - Attempt #42 failed: java.lang.IllegalStateException: No leader yet : printing ALL groups
  s3:  RUNNING CANDIDATE s3@group-9FC63B188219:t2, leader=null, voted=s2, raftlog=Memoized:s3@group-9FC63B188219-SegmentedRaftLog:OPENED:c2:last(t:2, i:2), conf=conf: {index: 1, cur=peers:[s3|localhost:15172, s4|localhost:15176, s0|localhost:15160, s1|localhost:15164, s2|localhost:15168]|listeners:[], old=null} RUNNING
  s4:   CLOSED    LEADER s4@group-9FC63B188219:t1, leader=s4, voted=s4, raftlog=Memoized:s4@group-9FC63B188219-SegmentedRaftLog:CLOSED:c0, conf=conf: {index: 0, cur=peers:[s3|localhost:15172, s4|localhost:15176, s0|localhost:15160, s1|localhost:15164, s2|localhost:15168]|listeners:[], old=null} CLOSED
  s0:  RUNNING  FOLLOWER s0@group-9FC63B188219:t1, leader=null, voted=null, raftlog=Memoized:s0@group-9FC63B188219-SegmentedRaftLog:OPENED:c-1:lastnull, conf=conf: {index: -1, cur=peers:[s3|localhost:15172, s4|localhost:15176, s0|localhost:15160, s1|localhost:15164, s2|localhost:15168]|listeners:[], old=null} RUNNING
  s1:  RUNNING CANDIDATE s1@group-9FC63B188219:t2, leader=null, voted=s2, raftlog=Memoized:s1@group-9FC63B188219-SegmentedRaftLog:OPENED:c2:last(t:2, i:2), conf=conf: {index: 1, cur=peers:[s3|localhost:15172, s4|localhost:15176, s0|localhost:15160, s1|localhost:15164, s2|localhost:15168]|listeners:[], old=null} RUNNING
  s2:   CLOSED    LEADER s2@group-9FC63B188219:t2, leader=s2, voted=s2, raftlog=Memoized:s2@group-9FC63B188219-SegmentedRaftLog:CLOSED:c2, conf=conf: {index: 1, cur=peers:[s3|localhost:15172, s4|localhost:15176, s0|localhost:15160, s1|localhost:15164, s2|localhost:15168]|listeners:[], old=null} CLOSED
2024-10-09 00:14:19,931 [s1@group-9FC63B188219-LeaderElection20] INFO  impl.LeaderElection (LeaderElection.java:logAndReturn(90)) - s1@group-9FC63B188219-LeaderElection20: PRE_VOTE TIMEOUT received 1 response(s) and 2 exception(s):
2024-10-09 00:14:19,931 [s1@group-9FC63B188219-LeaderElection20] INFO  impl.LeaderElection (LeaderElection.java:logAndReturn(94)) -   Response 0: s1<-s3#0:OK-t2
2024-10-09 00:14:19,931 [s1@group-9FC63B188219-LeaderElection20] INFO  impl.LeaderElection (LogUtils.java:infoOrTrace(136)) -   Exception 1: java.util.concurrent.ExecutionException: java.io.IOException: The peer s4 is not alive.
2024-10-09 00:14:19,931 [s1@group-9FC63B188219-LeaderElection20] INFO  impl.LeaderElection (LogUtils.java:infoOrTrace(136)) -   Exception 2: java.util.concurrent.ExecutionException: java.io.IOException: The peer s2 is not alive.
2024-10-09 00:14:19,931 [s1@group-9FC63B188219-LeaderElection20] INFO  impl.LeaderElection (LeaderElection.java:askForVotes(339)) - s1@group-9FC63B188219-LeaderElection20 PRE_VOTE round 82: result TIMEOUT
2024-10-09 00:14:19,932 [s1@group-9FC63B188219-LeaderElection20] INFO  impl.LeaderElection (LeaderElection.java:askForVotes(337)) - s1@group-9FC63B188219-LeaderElection20 PRE_VOTE round 83: submit vote requests at term 2 for conf: {index: 1, cur=peers:[s3|localhost:15172, s4|localhost:15176, s0|localhost:15160, s1|localhost:15164, s2|localhost:15168]|listeners:[], old=null}
2024-10-09 00:14:19,932 [HandlerDaemon-2] INFO  server.RaftServer$Division (RaftServerImpl.java:requestVote(1443)) - s3@group-9FC63B188219: receive requestVote(PRE_VOTE, s1, group-9FC63B188219, 2, (t:2, i:2))
2024-10-09 00:14:19,932 [HandlerDaemon-2] INFO  impl.VoteContext (VoteContext.java:log(49)) - s3@group-9FC63B188219-CANDIDATE: accept PRE_VOTE from s1: our priority 0 <= candidate's priority 0
2024-10-09 00:14:19,932 [HandlerDaemon-2] INFO  server.RaftServer$Division (RaftServerImpl.java:requestVote(1476)) - s3@group-9FC63B188219 replies to PRE_VOTE vote request: s1<-s3#0:OK-t2. Peer's state: s3@group-9FC63B188219:t2, leader=null, voted=s2, raftlog=Memoized:s3@group-9FC63B188219-SegmentedRaftLog:OPENED:c2:last(t:2, i:2), conf=conf: {index: 1, cur=peers:[s3|localhost:15172, s4|localhost:15176, s0|localhost:15160, s1|localhost:15164, s2|localhost:15168]|listeners:[], old=null}
2024-10-09 00:14:19,932 [s1@group-9FC63B188219-LeaderElection20] INFO  impl.LeaderElection (LogUtils.java:infoOrTrace(136)) - s1@group-9FC63B188219-LeaderElection20 got exception when requesting votes: java.util.concurrent.ExecutionException: java.io.IOException: The peer s4 is not alive.
2024-10-09 00:14:19,932 [s1@group-9FC63B188219-LeaderElection20] INFO  impl.LeaderElection (LogUtils.java:infoOrTrace(136)) - s1@group-9FC63B188219-LeaderElection20 got exception when requesting votes: java.util.concurrent.ExecutionException: java.io.IOException: The peer s2 is not alive.
2024-10-09 00:14:19,987 [s3@group-9FC63B188219-LeaderElection21] INFO  impl.LeaderElection (LeaderElection.java:logAndReturn(90)) - s3@group-9FC63B188219-LeaderElection21: PRE_VOTE TIMEOUT received 1 response(s) and 2 exception(s):
2024-10-09 00:14:19,987 [s3@group-9FC63B188219-LeaderElection21] INFO  impl.LeaderElection (LeaderElection.java:logAndReturn(94)) -   Response 0: s3<-s1#0:OK-t2
2024-10-09 00:14:19,987 [s3@group-9FC63B188219-LeaderElection21] INFO  impl.LeaderElection (LogUtils.java:infoOrTrace(136)) -   Exception 1: java.util.concurrent.ExecutionException: java.io.IOException: The peer s4 is not alive.
2024-10-09 00:14:19,987 [s3@group-9FC63B188219-LeaderElection21] INFO  impl.LeaderElection (LogUtils.java:infoOrTrace(136)) -   Exception 2: java.util.concurrent.ExecutionException: java.io.IOException: The peer s2 is not alive.
2024-10-09 00:14:19,987 [s3@group-9FC63B188219-LeaderElection21] INFO  impl.LeaderElection (LeaderElection.java:askForVotes(339)) - s3@group-9FC63B188219-LeaderElection21 PRE_VOTE round 66: result TIMEOUT
2024-10-09 00:14:19,987 [s3@group-9FC63B188219-LeaderElection21] INFO  impl.LeaderElection (LeaderElection.java:askForVotes(337)) - s3@group-9FC63B188219-LeaderElection21 PRE_VOTE round 67: submit vote requests at term 2 for conf: {index: 1, cur=peers:[s3|localhost:15172, s4|localhost:15176, s0|localhost:15160, s1|localhost:15164, s2|localhost:15168]|listeners:[], old=null}
2024-10-09 00:14:19,988 [s3@group-9FC63B188219-LeaderElection21] INFO  impl.LeaderElection (LogUtils.java:infoOrTrace(136)) - s3@group-9FC63B188219-LeaderElection21 got exception when requesting votes: java.util.concurrent.ExecutionException: java.io.IOException: The peer s4 is not alive.
2024-10-09 00:14:19,988 [HandlerDaemon-1] INFO  server.RaftServer$Division (RaftServerImpl.java:requestVote(1443)) - s1@group-9FC63B188219: receive requestVote(PRE_VOTE, s3, group-9FC63B188219, 2, (t:2, i:2))
2024-10-09 00:14:19,988 [s3@group-9FC63B188219-LeaderElection21] INFO  impl.LeaderElection (LogUtils.java:infoOrTrace(136)) - s3@group-9FC63B188219-LeaderElection21 got exception when requesting votes: java.util.concurrent.ExecutionException: java.io.IOException: The peer s2 is not alive.
2024-10-09 00:14:19,988 [HandlerDaemon-1] INFO  impl.VoteContext (VoteContext.java:log(49)) - s1@group-9FC63B188219-CANDIDATE: accept PRE_VOTE from s3: our priority 0 <= candidate's priority 0
2024-10-09 00:14:19,988 [HandlerDaemon-1] INFO  server.RaftServer$Division (RaftServerImpl.java:requestVote(1476)) - s1@group-9FC63B188219 replies to PRE_VOTE vote request: s3<-s1#0:OK-t2. Peer's state: s1@group-9FC63B188219:t2, leader=null, voted=s2, raftlog=Memoized:s1@group-9FC63B188219-SegmentedRaftLog:OPENED:c2:last(t:2, i:2), conf=conf: {index: 1, cur=peers:[s3|localhost:15172, s4|localhost:15176, s0|localhost:15160, s1|localhost:15164, s2|localhost:15168]|listeners:[], old=null}
2024-10-09 00:14:20,149 [s1@group-9FC63B188219-LeaderElection20] INFO  impl.LeaderElection (LeaderElection.java:logAndReturn(90)) - s1@group-9FC63B188219-LeaderElection20: PRE_VOTE TIMEOUT received 1 response(s) and 2 exception(s):
2024-10-09 00:14:20,149 [s1@group-9FC63B188219-LeaderElection20] INFO  impl.LeaderElection (LeaderElection.java:logAndReturn(94)) -   Response 0: s1<-s3#0:OK-t2
2024-10-09 00:14:20,149 [s1@group-9FC63B188219-LeaderElection20] INFO  impl.LeaderElection (LogUtils.java:infoOrTrace(136)) -   Exception 1: java.util.concurrent.ExecutionException: java.io.IOException: The peer s4 is not alive.
2024-10-09 00:14:20,149 [s1@group-9FC63B188219-LeaderElection20] INFO  impl.LeaderElection (LogUtils.java:infoOrTrace(136)) -   Exception 2: java.util.concurrent.ExecutionException: java.io.IOException: The peer s2 is not alive.
2024-10-09 00:14:20,149 [s1@group-9FC63B188219-LeaderElection20] INFO  impl.LeaderElection (LeaderElection.java:askForVotes(339)) - s1@group-9FC63B188219-LeaderElection20 PRE_VOTE round 83: result TIMEOUT
2024-10-09 00:14:20,149 [s1@group-9FC63B188219-LeaderElection20] INFO  impl.LeaderElection (LeaderElection.java:askForVotes(337)) - s1@group-9FC63B188219-LeaderElection20 PRE_VOTE round 84: submit vote requests at term 2 for conf: {index: 1, cur=peers:[s3|localhost:15172, s4|localhost:15176, s0|localhost:15160, s1|localhost:15164, s2|localhost:15168]|listeners:[], old=null}
2024-10-09 00:14:20,150 [HandlerDaemon-0] INFO  server.RaftServer$Division (RaftServerImpl.java:requestVote(1443)) - s3@group-9FC63B188219: receive requestVote(PRE_VOTE, s1, group-9FC63B188219, 2, (t:2, i:2))
2024-10-09 00:14:20,150 [HandlerDaemon-0] INFO  impl.VoteContext (VoteContext.java:log(49)) - s3@group-9FC63B188219-CANDIDATE: accept PRE_VOTE from s1: our priority 0 <= candidate's priority 0
2024-10-09 00:14:20,150 [HandlerDaemon-0] INFO  server.RaftServer$Division (RaftServerImpl.java:requestVote(1476)) - s3@group-9FC63B188219 replies to PRE_VOTE vote request: s1<-s3#0:OK-t2. Peer's state: s3@group-9FC63B188219:t2, leader=null, voted=s2, raftlog=Memoized:s3@group-9FC63B188219-SegmentedRaftLog:OPENED:c2:last(t:2, i:2), conf=conf: {index: 1, cur=peers:[s3|localhost:15172, s4|localhost:15176, s0|localhost:15160, s1|localhost:15164, s2|localhost:15168]|listeners:[], old=null}
2024-10-09 00:14:20,150 [s1@group-9FC63B188219-LeaderElection20] INFO  impl.LeaderElection (LogUtils.java:infoOrTrace(136)) - s1@group-9FC63B188219-LeaderElection20 got exception when requesting votes: java.util.concurrent.ExecutionException: java.io.IOException: The peer s4 is not alive.
2024-10-09 00:14:20,150 [s1@group-9FC63B188219-LeaderElection20] INFO  impl.LeaderElection (LogUtils.java:infoOrTrace(136)) - s1@group-9FC63B188219-LeaderElection20 got exception when requesting votes: java.util.concurrent.ExecutionException: java.io.IOException: The peer s2 is not alive.
2024-10-09 00:14:20,189 [s3@group-9FC63B188219-LeaderElection21] INFO  impl.LeaderElection (LeaderElection.java:logAndReturn(90)) - s3@group-9FC63B188219-LeaderElection21: PRE_VOTE TIMEOUT received 1 response(s) and 2 exception(s):
2024-10-09 00:14:20,189 [s3@group-9FC63B188219-LeaderElection21] INFO  impl.LeaderElection (LeaderElection.java:logAndReturn(94)) -   Response 0: s3<-s1#0:OK-t2
2024-10-09 00:14:20,189 [s3@group-9FC63B188219-LeaderElection21] INFO  impl.LeaderElection (LogUtils.java:infoOrTrace(136)) -   Exception 1: java.util.concurrent.ExecutionException: java.io.IOException: The peer s4 is not alive.
2024-10-09 00:14:20,189 [s3@group-9FC63B188219-LeaderElection21] INFO  impl.LeaderElection (LogUtils.java:infoOrTrace(136)) -   Exception 2: java.util.concurrent.ExecutionException: java.io.IOException: The peer s2 is not alive.
2024-10-09 00:14:20,189 [s3@group-9FC63B188219-LeaderElection21] INFO  impl.LeaderElection (LeaderElection.java:askForVotes(339)) - s3@group-9FC63B188219-LeaderElection21 PRE_VOTE round 67: result TIMEOUT
2024-10-09 00:14:20,189 [s3@group-9FC63B188219-LeaderElection21] INFO  impl.LeaderElection (LeaderElection.java:askForVotes(337)) - s3@group-9FC63B188219-LeaderElection21 PRE_VOTE round 68: submit vote requests at term 2 for conf: {index: 1, cur=peers:[s3|localhost:15172, s4|localhost:15176, s0|localhost:15160, s1|localhost:15164, s2|localhost:15168]|listeners:[], old=null}
2024-10-09 00:14:20,189 [HandlerDaemon-2] INFO  server.RaftServer$Division (RaftServerImpl.java:requestVote(1443)) - s1@group-9FC63B188219: receive requestVote(PRE_VOTE, s3, group-9FC63B188219, 2, (t:2, i:2))
2024-10-09 00:14:20,189 [s3@group-9FC63B188219-LeaderElection21] INFO  impl.LeaderElection (LogUtils.java:infoOrTrace(136)) - s3@group-9FC63B188219-LeaderElection21 got exception when requesting votes: java.util.concurrent.ExecutionException: java.io.IOException: The peer s4 is not alive.
2024-10-09 00:14:20,190 [s3@group-9FC63B188219-LeaderElection21] INFO  impl.LeaderElection (LogUtils.java:infoOrTrace(136)) - s3@group-9FC63B188219-LeaderElection21 got exception when requesting votes: java.util.concurrent.ExecutionException: java.io.IOException: The peer s2 is not alive.
2024-10-09 00:14:20,189 [HandlerDaemon-2] INFO  impl.VoteContext (VoteContext.java:log(49)) - s1@group-9FC63B188219-CANDIDATE: accept PRE_VOTE from s3: our priority 0 <= candidate's priority 0
2024-10-09 00:14:20,190 [HandlerDaemon-2] INFO  server.RaftServer$Division (RaftServerImpl.java:requestVote(1476)) - s1@group-9FC63B188219 replies to PRE_VOTE vote request: s3<-s1#0:OK-t2. Peer's state: s1@group-9FC63B188219:t2, leader=null, voted=s2, raftlog=Memoized:s1@group-9FC63B188219-SegmentedRaftLog:OPENED:c2:last(t:2, i:2), conf=conf: {index: 1, cur=peers:[s3|localhost:15172, s4|localhost:15176, s0|localhost:15160, s1|localhost:15164, s2|localhost:15168]|listeners:[], old=null}
2024-10-09 00:14:20,261 [main] WARN  ratis.RaftTestUtil (RaftTestUtil.java:lambda$waitForLeader$3(126)) - Attempt #43 failed: java.lang.IllegalStateException: No leader yet : printing ALL groups
  s3:  RUNNING CANDIDATE s3@group-9FC63B188219:t2, leader=null, voted=s2, raftlog=Memoized:s3@group-9FC63B188219-SegmentedRaftLog:OPENED:c2:last(t:2, i:2), conf=conf: {index: 1, cur=peers:[s3|localhost:15172, s4|localhost:15176, s0|localhost:15160, s1|localhost:15164, s2|localhost:15168]|listeners:[], old=null} RUNNING
  s4:   CLOSED    LEADER s4@group-9FC63B188219:t1, leader=s4, voted=s4, raftlog=Memoized:s4@group-9FC63B188219-SegmentedRaftLog:CLOSED:c0, conf=conf: {index: 0, cur=peers:[s3|localhost:15172, s4|localhost:15176, s0|localhost:15160, s1|localhost:15164, s2|localhost:15168]|listeners:[], old=null} CLOSED
  s0:  RUNNING  FOLLOWER s0@group-9FC63B188219:t1, leader=null, voted=null, raftlog=Memoized:s0@group-9FC63B188219-SegmentedRaftLog:OPENED:c-1:lastnull, conf=conf: {index: -1, cur=peers:[s3|localhost:15172, s4|localhost:15176, s0|localhost:15160, s1|localhost:15164, s2|localhost:15168]|listeners:[], old=null} RUNNING
  s1:  RUNNING CANDIDATE s1@group-9FC63B188219:t2, leader=null, voted=s2, raftlog=Memoized:s1@group-9FC63B188219-SegmentedRaftLog:OPENED:c2:last(t:2, i:2), conf=conf: {index: 1, cur=peers:[s3|localhost:15172, s4|localhost:15176, s0|localhost:15160, s1|localhost:15164, s2|localhost:15168]|listeners:[], old=null} RUNNING
  s2:   CLOSED    LEADER s2@group-9FC63B188219:t2, leader=s2, voted=s2, raftlog=Memoized:s2@group-9FC63B188219-SegmentedRaftLog:CLOSED:c2, conf=conf: {index: 1, cur=peers:[s3|localhost:15172, s4|localhost:15176, s0|localhost:15160, s1|localhost:15164, s2|localhost:15168]|listeners:[], old=null} CLOSED
2024-10-09 00:14:20,424 [s3@group-9FC63B188219-LeaderElection21] INFO  impl.LeaderElection (LeaderElection.java:logAndReturn(90)) - s3@group-9FC63B188219-LeaderElection21: PRE_VOTE TIMEOUT received 1 response(s) and 2 exception(s):
2024-10-09 00:14:20,425 [s3@group-9FC63B188219-LeaderElection21] INFO  impl.LeaderElection (LeaderElection.java:logAndReturn(94)) -   Response 0: s3<-s1#0:OK-t2
2024-10-09 00:14:20,425 [s3@group-9FC63B188219-LeaderElection21] INFO  impl.LeaderElection (LogUtils.java:infoOrTrace(136)) -   Exception 1: java.util.concurrent.ExecutionException: java.io.IOException: The peer s4 is not alive.
2024-10-09 00:14:20,425 [s3@group-9FC63B188219-LeaderElection21] INFO  impl.LeaderElection (LogUtils.java:infoOrTrace(136)) -   Exception 2: java.util.concurrent.ExecutionException: java.io.IOException: The peer s2 is not alive.
2024-10-09 00:14:20,425 [s3@group-9FC63B188219-LeaderElection21] INFO  impl.LeaderElection (LeaderElection.java:askForVotes(339)) - s3@group-9FC63B188219-LeaderElection21 PRE_VOTE round 68: result TIMEOUT
2024-10-09 00:14:20,425 [s3@group-9FC63B188219-LeaderElection21] INFO  impl.LeaderElection (LeaderElection.java:askForVotes(337)) - s3@group-9FC63B188219-LeaderElection21 PRE_VOTE round 69: submit vote requests at term 2 for conf: {index: 1, cur=peers:[s3|localhost:15172, s4|localhost:15176, s0|localhost:15160, s1|localhost:15164, s2|localhost:15168]|listeners:[], old=null}
2024-10-09 00:14:20,425 [HandlerDaemon-0] INFO  server.RaftServer$Division (RaftServerImpl.java:requestVote(1443)) - s1@group-9FC63B188219: receive requestVote(PRE_VOTE, s3, group-9FC63B188219, 2, (t:2, i:2))
2024-10-09 00:14:20,425 [s3@group-9FC63B188219-LeaderElection21] INFO  impl.LeaderElection (LogUtils.java:infoOrTrace(136)) - s3@group-9FC63B188219-LeaderElection21 got exception when requesting votes: java.util.concurrent.ExecutionException: java.io.IOException: The peer s4 is not alive.
2024-10-09 00:14:20,425 [HandlerDaemon-0] INFO  impl.VoteContext (VoteContext.java:log(49)) - s1@group-9FC63B188219-CANDIDATE: accept PRE_VOTE from s3: our priority 0 <= candidate's priority 0
2024-10-09 00:14:20,425 [s3@group-9FC63B188219-LeaderElection21] INFO  impl.LeaderElection (LogUtils.java:infoOrTrace(136)) - s3@group-9FC63B188219-LeaderElection21 got exception when requesting votes: java.util.concurrent.ExecutionException: java.io.IOException: The peer s2 is not alive.
2024-10-09 00:14:20,425 [HandlerDaemon-0] INFO  server.RaftServer$Division (RaftServerImpl.java:requestVote(1476)) - s1@group-9FC63B188219 replies to PRE_VOTE vote request: s3<-s1#0:OK-t2. Peer's state: s1@group-9FC63B188219:t2, leader=null, voted=s2, raftlog=Memoized:s1@group-9FC63B188219-SegmentedRaftLog:OPENED:c2:last(t:2, i:2), conf=conf: {index: 1, cur=peers:[s3|localhost:15172, s4|localhost:15176, s0|localhost:15160, s1|localhost:15164, s2|localhost:15168]|listeners:[], old=null}
2024-10-09 00:14:20,439 [s1@group-9FC63B188219-LeaderElection20] INFO  impl.LeaderElection (LeaderElection.java:logAndReturn(90)) - s1@group-9FC63B188219-LeaderElection20: PRE_VOTE TIMEOUT received 1 response(s) and 2 exception(s):
2024-10-09 00:14:20,439 [s1@group-9FC63B188219-LeaderElection20] INFO  impl.LeaderElection (LeaderElection.java:logAndReturn(94)) -   Response 0: s1<-s3#0:OK-t2
2024-10-09 00:14:20,439 [s1@group-9FC63B188219-LeaderElection20] INFO  impl.LeaderElection (LogUtils.java:infoOrTrace(136)) -   Exception 1: java.util.concurrent.ExecutionException: java.io.IOException: The peer s4 is not alive.
2024-10-09 00:14:20,439 [s1@group-9FC63B188219-LeaderElection20] INFO  impl.LeaderElection (LogUtils.java:infoOrTrace(136)) -   Exception 2: java.util.concurrent.ExecutionException: java.io.IOException: The peer s2 is not alive.
2024-10-09 00:14:20,439 [s1@group-9FC63B188219-LeaderElection20] INFO  impl.LeaderElection (LeaderElection.java:askForVotes(339)) - s1@group-9FC63B188219-LeaderElection20 PRE_VOTE round 84: result TIMEOUT
2024-10-09 00:14:20,439 [s1@group-9FC63B188219-LeaderElection20] INFO  impl.LeaderElection (LeaderElection.java:askForVotes(337)) - s1@group-9FC63B188219-LeaderElection20 PRE_VOTE round 85: submit vote requests at term 2 for conf: {index: 1, cur=peers:[s3|localhost:15172, s4|localhost:15176, s0|localhost:15160, s1|localhost:15164, s2|localhost:15168]|listeners:[], old=null}
2024-10-09 00:14:20,440 [HandlerDaemon-1] INFO  server.RaftServer$Division (RaftServerImpl.java:requestVote(1443)) - s3@group-9FC63B188219: receive requestVote(PRE_VOTE, s1, group-9FC63B188219, 2, (t:2, i:2))
2024-10-09 00:14:20,440 [HandlerDaemon-1] INFO  impl.VoteContext (VoteContext.java:log(49)) - s3@group-9FC63B188219-CANDIDATE: accept PRE_VOTE from s1: our priority 0 <= candidate's priority 0
2024-10-09 00:14:20,440 [HandlerDaemon-1] INFO  server.RaftServer$Division (RaftServerImpl.java:requestVote(1476)) - s3@group-9FC63B188219 replies to PRE_VOTE vote request: s1<-s3#0:OK-t2. Peer's state: s3@group-9FC63B188219:t2, leader=null, voted=s2, raftlog=Memoized:s3@group-9FC63B188219-SegmentedRaftLog:OPENED:c2:last(t:2, i:2), conf=conf: {index: 1, cur=peers:[s3|localhost:15172, s4|localhost:15176, s0|localhost:15160, s1|localhost:15164, s2|localhost:15168]|listeners:[], old=null}
2024-10-09 00:14:20,440 [s1@group-9FC63B188219-LeaderElection20] INFO  impl.LeaderElection (LogUtils.java:infoOrTrace(136)) - s1@group-9FC63B188219-LeaderElection20 got exception when requesting votes: java.util.concurrent.ExecutionException: java.io.IOException: The peer s4 is not alive.
2024-10-09 00:14:20,440 [s1@group-9FC63B188219-LeaderElection20] INFO  impl.LeaderElection (LogUtils.java:infoOrTrace(136)) - s1@group-9FC63B188219-LeaderElection20 got exception when requesting votes: java.util.concurrent.ExecutionException: java.io.IOException: The peer s2 is not alive.
2024-10-09 00:14:20,664 [s1@group-9FC63B188219-LeaderElection20] INFO  impl.LeaderElection (LeaderElection.java:logAndReturn(90)) - s1@group-9FC63B188219-LeaderElection20: PRE_VOTE TIMEOUT received 1 response(s) and 2 exception(s):
2024-10-09 00:14:20,664 [s1@group-9FC63B188219-LeaderElection20] INFO  impl.LeaderElection (LeaderElection.java:logAndReturn(94)) -   Response 0: s1<-s3#0:OK-t2
2024-10-09 00:14:20,664 [s1@group-9FC63B188219-LeaderElection20] INFO  impl.LeaderElection (LogUtils.java:infoOrTrace(136)) -   Exception 1: java.util.concurrent.ExecutionException: java.io.IOException: The peer s4 is not alive.
2024-10-09 00:14:20,664 [s1@group-9FC63B188219-LeaderElection20] INFO  impl.LeaderElection (LogUtils.java:infoOrTrace(136)) -   Exception 2: java.util.concurrent.ExecutionException: java.io.IOException: The peer s2 is not alive.
2024-10-09 00:14:20,664 [s1@group-9FC63B188219-LeaderElection20] INFO  impl.LeaderElection (LeaderElection.java:askForVotes(339)) - s1@group-9FC63B188219-LeaderElection20 PRE_VOTE round 85: result TIMEOUT
2024-10-09 00:14:20,664 [s1@group-9FC63B188219-LeaderElection20] INFO  impl.LeaderElection (LeaderElection.java:askForVotes(337)) - s1@group-9FC63B188219-LeaderElection20 PRE_VOTE round 86: submit vote requests at term 2 for conf: {index: 1, cur=peers:[s3|localhost:15172, s4|localhost:15176, s0|localhost:15160, s1|localhost:15164, s2|localhost:15168]|listeners:[], old=null}
2024-10-09 00:14:20,664 [HandlerDaemon-2] INFO  server.RaftServer$Division (RaftServerImpl.java:requestVote(1443)) - s3@group-9FC63B188219: receive requestVote(PRE_VOTE, s1, group-9FC63B188219, 2, (t:2, i:2))
2024-10-09 00:14:20,664 [HandlerDaemon-2] INFO  impl.VoteContext (VoteContext.java:log(49)) - s3@group-9FC63B188219-CANDIDATE: accept PRE_VOTE from s1: our priority 0 <= candidate's priority 0
2024-10-09 00:14:20,665 [HandlerDaemon-2] INFO  server.RaftServer$Division (RaftServerImpl.java:requestVote(1476)) - s3@group-9FC63B188219 replies to PRE_VOTE vote request: s1<-s3#0:OK-t2. Peer's state: s3@group-9FC63B188219:t2, leader=null, voted=s2, raftlog=Memoized:s3@group-9FC63B188219-SegmentedRaftLog:OPENED:c2:last(t:2, i:2), conf=conf: {index: 1, cur=peers:[s3|localhost:15172, s4|localhost:15176, s0|localhost:15160, s1|localhost:15164, s2|localhost:15168]|listeners:[], old=null}
2024-10-09 00:14:20,665 [s1@group-9FC63B188219-LeaderElection20] INFO  impl.LeaderElection (LogUtils.java:infoOrTrace(136)) - s1@group-9FC63B188219-LeaderElection20 got exception when requesting votes: java.util.concurrent.ExecutionException: java.io.IOException: The peer s4 is not alive.
2024-10-09 00:14:20,665 [s1@group-9FC63B188219-LeaderElection20] INFO  impl.LeaderElection (LogUtils.java:infoOrTrace(136)) - s1@group-9FC63B188219-LeaderElection20 got exception when requesting votes: java.util.concurrent.ExecutionException: java.io.IOException: The peer s2 is not alive.
2024-10-09 00:14:20,690 [s3@group-9FC63B188219-LeaderElection21] INFO  impl.LeaderElection (LeaderElection.java:logAndReturn(90)) - s3@group-9FC63B188219-LeaderElection21: PRE_VOTE TIMEOUT received 1 response(s) and 2 exception(s):
2024-10-09 00:14:20,690 [s3@group-9FC63B188219-LeaderElection21] INFO  impl.LeaderElection (LeaderElection.java:logAndReturn(94)) -   Response 0: s3<-s1#0:OK-t2
2024-10-09 00:14:20,690 [s3@group-9FC63B188219-LeaderElection21] INFO  impl.LeaderElection (LogUtils.java:infoOrTrace(136)) -   Exception 1: java.util.concurrent.ExecutionException: java.io.IOException: The peer s4 is not alive.
2024-10-09 00:14:20,690 [s3@group-9FC63B188219-LeaderElection21] INFO  impl.LeaderElection (LogUtils.java:infoOrTrace(136)) -   Exception 2: java.util.concurrent.ExecutionException: java.io.IOException: The peer s2 is not alive.
2024-10-09 00:14:20,691 [s3@group-9FC63B188219-LeaderElection21] INFO  impl.LeaderElection (LeaderElection.java:askForVotes(339)) - s3@group-9FC63B188219-LeaderElection21 PRE_VOTE round 69: result TIMEOUT
2024-10-09 00:14:20,691 [s3@group-9FC63B188219-LeaderElection21] INFO  impl.LeaderElection (LeaderElection.java:askForVotes(337)) - s3@group-9FC63B188219-LeaderElection21 PRE_VOTE round 70: submit vote requests at term 2 for conf: {index: 1, cur=peers:[s3|localhost:15172, s4|localhost:15176, s0|localhost:15160, s1|localhost:15164, s2|localhost:15168]|listeners:[], old=null}
2024-10-09 00:14:20,691 [HandlerDaemon-1] INFO  server.RaftServer$Division (RaftServerImpl.java:requestVote(1443)) - s1@group-9FC63B188219: receive requestVote(PRE_VOTE, s3, group-9FC63B188219, 2, (t:2, i:2))
2024-10-09 00:14:20,691 [s3@group-9FC63B188219-LeaderElection21] INFO  impl.LeaderElection (LogUtils.java:infoOrTrace(136)) - s3@group-9FC63B188219-LeaderElection21 got exception when requesting votes: java.util.concurrent.ExecutionException: java.io.IOException: The peer s4 is not alive.
2024-10-09 00:14:20,691 [HandlerDaemon-1] INFO  impl.VoteContext (VoteContext.java:log(49)) - s1@group-9FC63B188219-CANDIDATE: accept PRE_VOTE from s3: our priority 0 <= candidate's priority 0
2024-10-09 00:14:20,691 [s3@group-9FC63B188219-LeaderElection21] INFO  impl.LeaderElection (LogUtils.java:infoOrTrace(136)) - s3@group-9FC63B188219-LeaderElection21 got exception when requesting votes: java.util.concurrent.ExecutionException: java.io.IOException: The peer s2 is not alive.
2024-10-09 00:14:20,691 [HandlerDaemon-1] INFO  server.RaftServer$Division (RaftServerImpl.java:requestVote(1476)) - s1@group-9FC63B188219 replies to PRE_VOTE vote request: s3<-s1#0:OK-t2. Peer's state: s1@group-9FC63B188219:t2, leader=null, voted=s2, raftlog=Memoized:s1@group-9FC63B188219-SegmentedRaftLog:OPENED:c2:last(t:2, i:2), conf=conf: {index: 1, cur=peers:[s3|localhost:15172, s4|localhost:15176, s0|localhost:15160, s1|localhost:15164, s2|localhost:15168]|listeners:[], old=null}
2024-10-09 00:14:20,711 [main] WARN  ratis.RaftTestUtil (RaftTestUtil.java:lambda$waitForLeader$3(126)) - Attempt #44 failed: java.lang.IllegalStateException: No leader yet : printing ALL groups
  s3:  RUNNING CANDIDATE s3@group-9FC63B188219:t2, leader=null, voted=s2, raftlog=Memoized:s3@group-9FC63B188219-SegmentedRaftLog:OPENED:c2:last(t:2, i:2), conf=conf: {index: 1, cur=peers:[s3|localhost:15172, s4|localhost:15176, s0|localhost:15160, s1|localhost:15164, s2|localhost:15168]|listeners:[], old=null} RUNNING
  s4:   CLOSED    LEADER s4@group-9FC63B188219:t1, leader=s4, voted=s4, raftlog=Memoized:s4@group-9FC63B188219-SegmentedRaftLog:CLOSED:c0, conf=conf: {index: 0, cur=peers:[s3|localhost:15172, s4|localhost:15176, s0|localhost:15160, s1|localhost:15164, s2|localhost:15168]|listeners:[], old=null} CLOSED
  s0:  RUNNING  FOLLOWER s0@group-9FC63B188219:t1, leader=null, voted=null, raftlog=Memoized:s0@group-9FC63B188219-SegmentedRaftLog:OPENED:c-1:lastnull, conf=conf: {index: -1, cur=peers:[s3|localhost:15172, s4|localhost:15176, s0|localhost:15160, s1|localhost:15164, s2|localhost:15168]|listeners:[], old=null} RUNNING
  s1:  RUNNING CANDIDATE s1@group-9FC63B188219:t2, leader=null, voted=s2, raftlog=Memoized:s1@group-9FC63B188219-SegmentedRaftLog:OPENED:c2:last(t:2, i:2), conf=conf: {index: 1, cur=peers:[s3|localhost:15172, s4|localhost:15176, s0|localhost:15160, s1|localhost:15164, s2|localhost:15168]|listeners:[], old=null} RUNNING
  s2:   CLOSED    LEADER s2@group-9FC63B188219:t2, leader=s2, voted=s2, raftlog=Memoized:s2@group-9FC63B188219-SegmentedRaftLog:CLOSED:c2, conf=conf: {index: 1, cur=peers:[s3|localhost:15172, s4|localhost:15176, s0|localhost:15160, s1|localhost:15164, s2|localhost:15168]|listeners:[], old=null} CLOSED
2024-10-09 00:14:20,830 [s1@group-9FC63B188219-LeaderElection20] INFO  impl.LeaderElection (LeaderElection.java:logAndReturn(90)) - s1@group-9FC63B188219-LeaderElection20: PRE_VOTE TIMEOUT received 1 response(s) and 2 exception(s):
2024-10-09 00:14:20,830 [s1@group-9FC63B188219-LeaderElection20] INFO  impl.LeaderElection (LeaderElection.java:logAndReturn(94)) -   Response 0: s1<-s3#0:OK-t2
2024-10-09 00:14:20,830 [s1@group-9FC63B188219-LeaderElection20] INFO  impl.LeaderElection (LogUtils.java:infoOrTrace(136)) -   Exception 1: java.util.concurrent.ExecutionException: java.io.IOException: The peer s4 is not alive.
2024-10-09 00:14:20,830 [s1@group-9FC63B188219-LeaderElection20] INFO  impl.LeaderElection (LogUtils.java:infoOrTrace(136)) -   Exception 2: java.util.concurrent.ExecutionException: java.io.IOException: The peer s2 is not alive.
2024-10-09 00:14:20,830 [s1@group-9FC63B188219-LeaderElection20] INFO  impl.LeaderElection (LeaderElection.java:askForVotes(339)) - s1@group-9FC63B188219-LeaderElection20 PRE_VOTE round 86: result TIMEOUT
2024-10-09 00:14:20,830 [s1@group-9FC63B188219-LeaderElection20] INFO  impl.LeaderElection (LeaderElection.java:askForVotes(337)) - s1@group-9FC63B188219-LeaderElection20 PRE_VOTE round 87: submit vote requests at term 2 for conf: {index: 1, cur=peers:[s3|localhost:15172, s4|localhost:15176, s0|localhost:15160, s1|localhost:15164, s2|localhost:15168]|listeners:[], old=null}
2024-10-09 00:14:20,830 [HandlerDaemon-0] INFO  server.RaftServer$Division (RaftServerImpl.java:requestVote(1443)) - s3@group-9FC63B188219: receive requestVote(PRE_VOTE, s1, group-9FC63B188219, 2, (t:2, i:2))
2024-10-09 00:14:20,830 [HandlerDaemon-0] INFO  impl.VoteContext (VoteContext.java:log(49)) - s3@group-9FC63B188219-CANDIDATE: accept PRE_VOTE from s1: our priority 0 <= candidate's priority 0
2024-10-09 00:14:20,831 [HandlerDaemon-0] INFO  server.RaftServer$Division (RaftServerImpl.java:requestVote(1476)) - s3@group-9FC63B188219 replies to PRE_VOTE vote request: s1<-s3#0:OK-t2. Peer's state: s3@group-9FC63B188219:t2, leader=null, voted=s2, raftlog=Memoized:s3@group-9FC63B188219-SegmentedRaftLog:OPENED:c2:last(t:2, i:2), conf=conf: {index: 1, cur=peers:[s3|localhost:15172, s4|localhost:15176, s0|localhost:15160, s1|localhost:15164, s2|localhost:15168]|listeners:[], old=null}
2024-10-09 00:14:20,831 [s1@group-9FC63B188219-LeaderElection20] INFO  impl.LeaderElection (LogUtils.java:infoOrTrace(136)) - s1@group-9FC63B188219-LeaderElection20 got exception when requesting votes: java.util.concurrent.ExecutionException: java.io.IOException: The peer s4 is not alive.
2024-10-09 00:14:20,831 [s1@group-9FC63B188219-LeaderElection20] INFO  impl.LeaderElection (LogUtils.java:infoOrTrace(136)) - s1@group-9FC63B188219-LeaderElection20 got exception when requesting votes: java.util.concurrent.ExecutionException: java.io.IOException: The peer s2 is not alive.
2024-10-09 00:14:20,946 [s3@group-9FC63B188219-LeaderElection21] INFO  impl.LeaderElection (LeaderElection.java:logAndReturn(90)) - s3@group-9FC63B188219-LeaderElection21: PRE_VOTE TIMEOUT received 1 response(s) and 2 exception(s):
2024-10-09 00:14:20,946 [s3@group-9FC63B188219-LeaderElection21] INFO  impl.LeaderElection (LeaderElection.java:logAndReturn(94)) -   Response 0: s3<-s1#0:OK-t2
2024-10-09 00:14:20,946 [s3@group-9FC63B188219-LeaderElection21] INFO  impl.LeaderElection (LogUtils.java:infoOrTrace(136)) -   Exception 1: java.util.concurrent.ExecutionException: java.io.IOException: The peer s4 is not alive.
2024-10-09 00:14:20,946 [s3@group-9FC63B188219-LeaderElection21] INFO  impl.LeaderElection (LogUtils.java:infoOrTrace(136)) -   Exception 2: java.util.concurrent.ExecutionException: java.io.IOException: The peer s2 is not alive.
2024-10-09 00:14:20,946 [s3@group-9FC63B188219-LeaderElection21] INFO  impl.LeaderElection (LeaderElection.java:askForVotes(339)) - s3@group-9FC63B188219-LeaderElection21 PRE_VOTE round 70: result TIMEOUT
2024-10-09 00:14:20,946 [s3@group-9FC63B188219-LeaderElection21] INFO  impl.LeaderElection (LeaderElection.java:askForVotes(337)) - s3@group-9FC63B188219-LeaderElection21 PRE_VOTE round 71: submit vote requests at term 2 for conf: {index: 1, cur=peers:[s3|localhost:15172, s4|localhost:15176, s0|localhost:15160, s1|localhost:15164, s2|localhost:15168]|listeners:[], old=null}
2024-10-09 00:14:20,947 [HandlerDaemon-2] INFO  server.RaftServer$Division (RaftServerImpl.java:requestVote(1443)) - s1@group-9FC63B188219: receive requestVote(PRE_VOTE, s3, group-9FC63B188219, 2, (t:2, i:2))
2024-10-09 00:14:20,947 [s3@group-9FC63B188219-LeaderElection21] INFO  impl.LeaderElection (LogUtils.java:infoOrTrace(136)) - s3@group-9FC63B188219-LeaderElection21 got exception when requesting votes: java.util.concurrent.ExecutionException: java.io.IOException: The peer s4 is not alive.
2024-10-09 00:14:20,947 [HandlerDaemon-2] INFO  impl.VoteContext (VoteContext.java:log(49)) - s1@group-9FC63B188219-CANDIDATE: accept PRE_VOTE from s3: our priority 0 <= candidate's priority 0
2024-10-09 00:14:20,947 [s3@group-9FC63B188219-LeaderElection21] INFO  impl.LeaderElection (LogUtils.java:infoOrTrace(136)) - s3@group-9FC63B188219-LeaderElection21 got exception when requesting votes: java.util.concurrent.ExecutionException: java.io.IOException: The peer s2 is not alive.
2024-10-09 00:14:20,947 [HandlerDaemon-2] INFO  server.RaftServer$Division (RaftServerImpl.java:requestVote(1476)) - s1@group-9FC63B188219 replies to PRE_VOTE vote request: s3<-s1#0:OK-t2. Peer's state: s1@group-9FC63B188219:t2, leader=null, voted=s2, raftlog=Memoized:s1@group-9FC63B188219-SegmentedRaftLog:OPENED:c2:last(t:2, i:2), conf=conf: {index: 1, cur=peers:[s3|localhost:15172, s4|localhost:15176, s0|localhost:15160, s1|localhost:15164, s2|localhost:15168]|listeners:[], old=null}
2024-10-09 00:14:21,102 [s1@group-9FC63B188219-LeaderElection20] INFO  impl.LeaderElection (LeaderElection.java:logAndReturn(90)) - s1@group-9FC63B188219-LeaderElection20: PRE_VOTE TIMEOUT received 1 response(s) and 2 exception(s):
2024-10-09 00:14:21,102 [s1@group-9FC63B188219-LeaderElection20] INFO  impl.LeaderElection (LeaderElection.java:logAndReturn(94)) -   Response 0: s1<-s3#0:OK-t2
2024-10-09 00:14:21,102 [s1@group-9FC63B188219-LeaderElection20] INFO  impl.LeaderElection (LogUtils.java:infoOrTrace(136)) -   Exception 1: java.util.concurrent.ExecutionException: java.io.IOException: The peer s4 is not alive.
2024-10-09 00:14:21,102 [s1@group-9FC63B188219-LeaderElection20] INFO  impl.LeaderElection (LogUtils.java:infoOrTrace(136)) -   Exception 2: java.util.concurrent.ExecutionException: java.io.IOException: The peer s2 is not alive.
2024-10-09 00:14:21,102 [s1@group-9FC63B188219-LeaderElection20] INFO  impl.LeaderElection (LeaderElection.java:askForVotes(339)) - s1@group-9FC63B188219-LeaderElection20 PRE_VOTE round 87: result TIMEOUT
2024-10-09 00:14:21,102 [s1@group-9FC63B188219-LeaderElection20] INFO  impl.LeaderElection (LeaderElection.java:askForVotes(337)) - s1@group-9FC63B188219-LeaderElection20 PRE_VOTE round 88: submit vote requests at term 2 for conf: {index: 1, cur=peers:[s3|localhost:15172, s4|localhost:15176, s0|localhost:15160, s1|localhost:15164, s2|localhost:15168]|listeners:[], old=null}
2024-10-09 00:14:21,102 [HandlerDaemon-1] INFO  server.RaftServer$Division (RaftServerImpl.java:requestVote(1443)) - s3@group-9FC63B188219: receive requestVote(PRE_VOTE, s1, group-9FC63B188219, 2, (t:2, i:2))
2024-10-09 00:14:21,102 [HandlerDaemon-1] INFO  impl.VoteContext (VoteContext.java:log(49)) - s3@group-9FC63B188219-CANDIDATE: accept PRE_VOTE from s1: our priority 0 <= candidate's priority 0
2024-10-09 00:14:21,102 [HandlerDaemon-1] INFO  server.RaftServer$Division (RaftServerImpl.java:requestVote(1476)) - s3@group-9FC63B188219 replies to PRE_VOTE vote request: s1<-s3#0:OK-t2. Peer's state: s3@group-9FC63B188219:t2, leader=null, voted=s2, raftlog=Memoized:s3@group-9FC63B188219-SegmentedRaftLog:OPENED:c2:last(t:2, i:2), conf=conf: {index: 1, cur=peers:[s3|localhost:15172, s4|localhost:15176, s0|localhost:15160, s1|localhost:15164, s2|localhost:15168]|listeners:[], old=null}
2024-10-09 00:14:21,102 [s1@group-9FC63B188219-LeaderElection20] INFO  impl.LeaderElection (LogUtils.java:infoOrTrace(136)) - s1@group-9FC63B188219-LeaderElection20 got exception when requesting votes: java.util.concurrent.ExecutionException: java.io.IOException: The peer s4 is not alive.
2024-10-09 00:14:21,103 [s1@group-9FC63B188219-LeaderElection20] INFO  impl.LeaderElection (LogUtils.java:infoOrTrace(136)) - s1@group-9FC63B188219-LeaderElection20 got exception when requesting votes: java.util.concurrent.ExecutionException: java.io.IOException: The peer s2 is not alive.
2024-10-09 00:14:21,162 [main] WARN  ratis.RaftTestUtil (RaftTestUtil.java:lambda$waitForLeader$3(126)) - Attempt #45 failed: java.lang.IllegalStateException: No leader yet : printing ALL groups
  s3:  RUNNING CANDIDATE s3@group-9FC63B188219:t2, leader=null, voted=s2, raftlog=Memoized:s3@group-9FC63B188219-SegmentedRaftLog:OPENED:c2:last(t:2, i:2), conf=conf: {index: 1, cur=peers:[s3|localhost:15172, s4|localhost:15176, s0|localhost:15160, s1|localhost:15164, s2|localhost:15168]|listeners:[], old=null} RUNNING
  s4:   CLOSED    LEADER s4@group-9FC63B188219:t1, leader=s4, voted=s4, raftlog=Memoized:s4@group-9FC63B188219-SegmentedRaftLog:CLOSED:c0, conf=conf: {index: 0, cur=peers:[s3|localhost:15172, s4|localhost:15176, s0|localhost:15160, s1|localhost:15164, s2|localhost:15168]|listeners:[], old=null} CLOSED
  s0:  RUNNING  FOLLOWER s0@group-9FC63B188219:t1, leader=null, voted=null, raftlog=Memoized:s0@group-9FC63B188219-SegmentedRaftLog:OPENED:c-1:lastnull, conf=conf: {index: -1, cur=peers:[s3|localhost:15172, s4|localhost:15176, s0|localhost:15160, s1|localhost:15164, s2|localhost:15168]|listeners:[], old=null} RUNNING
  s1:  RUNNING CANDIDATE s1@group-9FC63B188219:t2, leader=null, voted=s2, raftlog=Memoized:s1@group-9FC63B188219-SegmentedRaftLog:OPENED:c2:last(t:2, i:2), conf=conf: {index: 1, cur=peers:[s3|localhost:15172, s4|localhost:15176, s0|localhost:15160, s1|localhost:15164, s2|localhost:15168]|listeners:[], old=null} RUNNING
  s2:   CLOSED    LEADER s2@group-9FC63B188219:t2, leader=s2, voted=s2, raftlog=Memoized:s2@group-9FC63B188219-SegmentedRaftLog:CLOSED:c2, conf=conf: {index: 1, cur=peers:[s3|localhost:15172, s4|localhost:15176, s0|localhost:15160, s1|localhost:15164, s2|localhost:15168]|listeners:[], old=null} CLOSED
2024-10-09 00:14:21,203 [s3@group-9FC63B188219-LeaderElection21] INFO  impl.LeaderElection (LeaderElection.java:logAndReturn(90)) - s3@group-9FC63B188219-LeaderElection21: PRE_VOTE TIMEOUT received 1 response(s) and 2 exception(s):
2024-10-09 00:14:21,203 [s3@group-9FC63B188219-LeaderElection21] INFO  impl.LeaderElection (LeaderElection.java:logAndReturn(94)) -   Response 0: s3<-s1#0:OK-t2
2024-10-09 00:14:21,203 [s3@group-9FC63B188219-LeaderElection21] INFO  impl.LeaderElection (LogUtils.java:infoOrTrace(136)) -   Exception 1: java.util.concurrent.ExecutionException: java.io.IOException: The peer s4 is not alive.
2024-10-09 00:14:21,203 [s3@group-9FC63B188219-LeaderElection21] INFO  impl.LeaderElection (LogUtils.java:infoOrTrace(136)) -   Exception 2: java.util.concurrent.ExecutionException: java.io.IOException: The peer s2 is not alive.
2024-10-09 00:14:21,203 [s3@group-9FC63B188219-LeaderElection21] INFO  impl.LeaderElection (LeaderElection.java:askForVotes(339)) - s3@group-9FC63B188219-LeaderElection21 PRE_VOTE round 71: result TIMEOUT
2024-10-09 00:14:21,203 [s3@group-9FC63B188219-LeaderElection21] INFO  impl.LeaderElection (LeaderElection.java:askForVotes(337)) - s3@group-9FC63B188219-LeaderElection21 PRE_VOTE round 72: submit vote requests at term 2 for conf: {index: 1, cur=peers:[s3|localhost:15172, s4|localhost:15176, s0|localhost:15160, s1|localhost:15164, s2|localhost:15168]|listeners:[], old=null}
2024-10-09 00:14:21,204 [HandlerDaemon-0] INFO  server.RaftServer$Division (RaftServerImpl.java:requestVote(1443)) - s1@group-9FC63B188219: receive requestVote(PRE_VOTE, s3, group-9FC63B188219, 2, (t:2, i:2))
2024-10-09 00:14:21,204 [s3@group-9FC63B188219-LeaderElection21] INFO  impl.LeaderElection (LogUtils.java:infoOrTrace(136)) - s3@group-9FC63B188219-LeaderElection21 got exception when requesting votes: java.util.concurrent.ExecutionException: java.io.IOException: The peer s4 is not alive.
2024-10-09 00:14:21,204 [HandlerDaemon-0] INFO  impl.VoteContext (VoteContext.java:log(49)) - s1@group-9FC63B188219-CANDIDATE: accept PRE_VOTE from s3: our priority 0 <= candidate's priority 0
2024-10-09 00:14:21,204 [s3@group-9FC63B188219-LeaderElection21] INFO  impl.LeaderElection (LogUtils.java:infoOrTrace(136)) - s3@group-9FC63B188219-LeaderElection21 got exception when requesting votes: java.util.concurrent.ExecutionException: java.io.IOException: The peer s2 is not alive.
2024-10-09 00:14:21,204 [HandlerDaemon-0] INFO  server.RaftServer$Division (RaftServerImpl.java:requestVote(1476)) - s1@group-9FC63B188219 replies to PRE_VOTE vote request: s3<-s1#0:OK-t2. Peer's state: s1@group-9FC63B188219:t2, leader=null, voted=s2, raftlog=Memoized:s1@group-9FC63B188219-SegmentedRaftLog:OPENED:c2:last(t:2, i:2), conf=conf: {index: 1, cur=peers:[s3|localhost:15172, s4|localhost:15176, s0|localhost:15160, s1|localhost:15164, s2|localhost:15168]|listeners:[], old=null}
2024-10-09 00:14:21,365 [s1@group-9FC63B188219-LeaderElection20] INFO  impl.LeaderElection (LeaderElection.java:logAndReturn(90)) - s1@group-9FC63B188219-LeaderElection20: PRE_VOTE TIMEOUT received 1 response(s) and 2 exception(s):
2024-10-09 00:14:21,365 [s1@group-9FC63B188219-LeaderElection20] INFO  impl.LeaderElection (LeaderElection.java:logAndReturn(94)) -   Response 0: s1<-s3#0:OK-t2
2024-10-09 00:14:21,365 [s1@group-9FC63B188219-LeaderElection20] INFO  impl.LeaderElection (LogUtils.java:infoOrTrace(136)) -   Exception 1: java.util.concurrent.ExecutionException: java.io.IOException: The peer s4 is not alive.
2024-10-09 00:14:21,365 [s1@group-9FC63B188219-LeaderElection20] INFO  impl.LeaderElection (LogUtils.java:infoOrTrace(136)) -   Exception 2: java.util.concurrent.ExecutionException: java.io.IOException: The peer s2 is not alive.
2024-10-09 00:14:21,365 [s1@group-9FC63B188219-LeaderElection20] INFO  impl.LeaderElection (LeaderElection.java:askForVotes(339)) - s1@group-9FC63B188219-LeaderElection20 PRE_VOTE round 88: result TIMEOUT
2024-10-09 00:14:21,365 [s1@group-9FC63B188219-LeaderElection20] INFO  impl.LeaderElection (LeaderElection.java:askForVotes(337)) - s1@group-9FC63B188219-LeaderElection20 PRE_VOTE round 89: submit vote requests at term 2 for conf: {index: 1, cur=peers:[s3|localhost:15172, s4|localhost:15176, s0|localhost:15160, s1|localhost:15164, s2|localhost:15168]|listeners:[], old=null}
2024-10-09 00:14:21,365 [HandlerDaemon-2] INFO  server.RaftServer$Division (RaftServerImpl.java:requestVote(1443)) - s3@group-9FC63B188219: receive requestVote(PRE_VOTE, s1, group-9FC63B188219, 2, (t:2, i:2))
2024-10-09 00:14:21,365 [HandlerDaemon-2] INFO  impl.VoteContext (VoteContext.java:log(49)) - s3@group-9FC63B188219-CANDIDATE: accept PRE_VOTE from s1: our priority 0 <= candidate's priority 0
2024-10-09 00:14:21,365 [HandlerDaemon-2] INFO  server.RaftServer$Division (RaftServerImpl.java:requestVote(1476)) - s3@group-9FC63B188219 replies to PRE_VOTE vote request: s1<-s3#0:OK-t2. Peer's state: s3@group-9FC63B188219:t2, leader=null, voted=s2, raftlog=Memoized:s3@group-9FC63B188219-SegmentedRaftLog:OPENED:c2:last(t:2, i:2), conf=conf: {index: 1, cur=peers:[s3|localhost:15172, s4|localhost:15176, s0|localhost:15160, s1|localhost:15164, s2|localhost:15168]|listeners:[], old=null}
2024-10-09 00:14:21,365 [s1@group-9FC63B188219-LeaderElection20] INFO  impl.LeaderElection (LogUtils.java:infoOrTrace(136)) - s1@group-9FC63B188219-LeaderElection20 got exception when requesting votes: java.util.concurrent.ExecutionException: java.io.IOException: The peer s4 is not alive.
2024-10-09 00:14:21,365 [s1@group-9FC63B188219-LeaderElection20] INFO  impl.LeaderElection (LogUtils.java:infoOrTrace(136)) - s1@group-9FC63B188219-LeaderElection20 got exception when requesting votes: java.util.concurrent.ExecutionException: java.io.IOException: The peer s2 is not alive.
2024-10-09 00:14:21,481 [s3@group-9FC63B188219-LeaderElection21] INFO  impl.LeaderElection (LeaderElection.java:logAndReturn(90)) - s3@group-9FC63B188219-LeaderElection21: PRE_VOTE TIMEOUT received 1 response(s) and 2 exception(s):
2024-10-09 00:14:21,481 [s3@group-9FC63B188219-LeaderElection21] INFO  impl.LeaderElection (LeaderElection.java:logAndReturn(94)) -   Response 0: s3<-s1#0:OK-t2
2024-10-09 00:14:21,481 [s3@group-9FC63B188219-LeaderElection21] INFO  impl.LeaderElection (LogUtils.java:infoOrTrace(136)) -   Exception 1: java.util.concurrent.ExecutionException: java.io.IOException: The peer s4 is not alive.
2024-10-09 00:14:21,481 [s3@group-9FC63B188219-LeaderElection21] INFO  impl.LeaderElection (LogUtils.java:infoOrTrace(136)) -   Exception 2: java.util.concurrent.ExecutionException: java.io.IOException: The peer s2 is not alive.
2024-10-09 00:14:21,481 [s3@group-9FC63B188219-LeaderElection21] INFO  impl.LeaderElection (LeaderElection.java:askForVotes(339)) - s3@group-9FC63B188219-LeaderElection21 PRE_VOTE round 72: result TIMEOUT
2024-10-09 00:14:21,481 [s3@group-9FC63B188219-LeaderElection21] INFO  impl.LeaderElection (LeaderElection.java:askForVotes(337)) - s3@group-9FC63B188219-LeaderElection21 PRE_VOTE round 73: submit vote requests at term 2 for conf: {index: 1, cur=peers:[s3|localhost:15172, s4|localhost:15176, s0|localhost:15160, s1|localhost:15164, s2|localhost:15168]|listeners:[], old=null}
2024-10-09 00:14:21,481 [HandlerDaemon-1] INFO  server.RaftServer$Division (RaftServerImpl.java:requestVote(1443)) - s1@group-9FC63B188219: receive requestVote(PRE_VOTE, s3, group-9FC63B188219, 2, (t:2, i:2))
2024-10-09 00:14:21,481 [s3@group-9FC63B188219-LeaderElection21] INFO  impl.LeaderElection (LogUtils.java:infoOrTrace(136)) - s3@group-9FC63B188219-LeaderElection21 got exception when requesting votes: java.util.concurrent.ExecutionException: java.io.IOException: The peer s4 is not alive.
2024-10-09 00:14:21,482 [HandlerDaemon-1] INFO  impl.VoteContext (VoteContext.java:log(49)) - s1@group-9FC63B188219-CANDIDATE: accept PRE_VOTE from s3: our priority 0 <= candidate's priority 0
2024-10-09 00:14:21,482 [s3@group-9FC63B188219-LeaderElection21] INFO  impl.LeaderElection (LogUtils.java:infoOrTrace(136)) - s3@group-9FC63B188219-LeaderElection21 got exception when requesting votes: java.util.concurrent.ExecutionException: java.io.IOException: The peer s2 is not alive.
2024-10-09 00:14:21,482 [HandlerDaemon-1] INFO  server.RaftServer$Division (RaftServerImpl.java:requestVote(1476)) - s1@group-9FC63B188219 replies to PRE_VOTE vote request: s3<-s1#0:OK-t2. Peer's state: s1@group-9FC63B188219:t2, leader=null, voted=s2, raftlog=Memoized:s1@group-9FC63B188219-SegmentedRaftLog:OPENED:c2:last(t:2, i:2), conf=conf: {index: 1, cur=peers:[s3|localhost:15172, s4|localhost:15176, s0|localhost:15160, s1|localhost:15164, s2|localhost:15168]|listeners:[], old=null}
2024-10-09 00:14:21,612 [main] WARN  ratis.RaftTestUtil (RaftTestUtil.java:lambda$waitForLeader$3(126)) - Attempt #46 failed: java.lang.IllegalStateException: No leader yet : printing ALL groups
  s3:  RUNNING CANDIDATE s3@group-9FC63B188219:t2, leader=null, voted=s2, raftlog=Memoized:s3@group-9FC63B188219-SegmentedRaftLog:OPENED:c2:last(t:2, i:2), conf=conf: {index: 1, cur=peers:[s3|localhost:15172, s4|localhost:15176, s0|localhost:15160, s1|localhost:15164, s2|localhost:15168]|listeners:[], old=null} RUNNING
  s4:   CLOSED    LEADER s4@group-9FC63B188219:t1, leader=s4, voted=s4, raftlog=Memoized:s4@group-9FC63B188219-SegmentedRaftLog:CLOSED:c0, conf=conf: {index: 0, cur=peers:[s3|localhost:15172, s4|localhost:15176, s0|localhost:15160, s1|localhost:15164, s2|localhost:15168]|listeners:[], old=null} CLOSED
  s0:  RUNNING  FOLLOWER s0@group-9FC63B188219:t1, leader=null, voted=null, raftlog=Memoized:s0@group-9FC63B188219-SegmentedRaftLog:OPENED:c-1:lastnull, conf=conf: {index: -1, cur=peers:[s3|localhost:15172, s4|localhost:15176, s0|localhost:15160, s1|localhost:15164, s2|localhost:15168]|listeners:[], old=null} RUNNING
  s1:  RUNNING CANDIDATE s1@group-9FC63B188219:t2, leader=null, voted=s2, raftlog=Memoized:s1@group-9FC63B188219-SegmentedRaftLog:OPENED:c2:last(t:2, i:2), conf=conf: {index: 1, cur=peers:[s3|localhost:15172, s4|localhost:15176, s0|localhost:15160, s1|localhost:15164, s2|localhost:15168]|listeners:[], old=null} RUNNING
  s2:   CLOSED    LEADER s2@group-9FC63B188219:t2, leader=s2, voted=s2, raftlog=Memoized:s2@group-9FC63B188219-SegmentedRaftLog:CLOSED:c2, conf=conf: {index: 1, cur=peers:[s3|localhost:15172, s4|localhost:15176, s0|localhost:15160, s1|localhost:15164, s2|localhost:15168]|listeners:[], old=null} CLOSED
2024-10-09 00:14:21,643 [s1@group-9FC63B188219-LeaderElection20] INFO  impl.LeaderElection (LeaderElection.java:logAndReturn(90)) - s1@group-9FC63B188219-LeaderElection20: PRE_VOTE TIMEOUT received 1 response(s) and 2 exception(s):
2024-10-09 00:14:21,643 [s1@group-9FC63B188219-LeaderElection20] INFO  impl.LeaderElection (LeaderElection.java:logAndReturn(94)) -   Response 0: s1<-s3#0:OK-t2
2024-10-09 00:14:21,644 [s1@group-9FC63B188219-LeaderElection20] INFO  impl.LeaderElection (LogUtils.java:infoOrTrace(136)) -   Exception 1: java.util.concurrent.ExecutionException: java.io.IOException: The peer s4 is not alive.
2024-10-09 00:14:21,644 [s1@group-9FC63B188219-LeaderElection20] INFO  impl.LeaderElection (LogUtils.java:infoOrTrace(136)) -   Exception 2: java.util.concurrent.ExecutionException: java.io.IOException: The peer s2 is not alive.
2024-10-09 00:14:21,644 [s1@group-9FC63B188219-LeaderElection20] INFO  impl.LeaderElection (LeaderElection.java:askForVotes(339)) - s1@group-9FC63B188219-LeaderElection20 PRE_VOTE round 89: result TIMEOUT
2024-10-09 00:14:21,644 [s1@group-9FC63B188219-LeaderElection20] INFO  impl.LeaderElection (LeaderElection.java:askForVotes(337)) - s1@group-9FC63B188219-LeaderElection20 PRE_VOTE round 90: submit vote requests at term 2 for conf: {index: 1, cur=peers:[s3|localhost:15172, s4|localhost:15176, s0|localhost:15160, s1|localhost:15164, s2|localhost:15168]|listeners:[], old=null}
2024-10-09 00:14:21,644 [HandlerDaemon-0] INFO  server.RaftServer$Division (RaftServerImpl.java:requestVote(1443)) - s3@group-9FC63B188219: receive requestVote(PRE_VOTE, s1, group-9FC63B188219, 2, (t:2, i:2))
2024-10-09 00:14:21,644 [HandlerDaemon-0] INFO  impl.VoteContext (VoteContext.java:log(49)) - s3@group-9FC63B188219-CANDIDATE: accept PRE_VOTE from s1: our priority 0 <= candidate's priority 0
2024-10-09 00:14:21,644 [HandlerDaemon-0] INFO  server.RaftServer$Division (RaftServerImpl.java:requestVote(1476)) - s3@group-9FC63B188219 replies to PRE_VOTE vote request: s1<-s3#0:OK-t2. Peer's state: s3@group-9FC63B188219:t2, leader=null, voted=s2, raftlog=Memoized:s3@group-9FC63B188219-SegmentedRaftLog:OPENED:c2:last(t:2, i:2), conf=conf: {index: 1, cur=peers:[s3|localhost:15172, s4|localhost:15176, s0|localhost:15160, s1|localhost:15164, s2|localhost:15168]|listeners:[], old=null}
2024-10-09 00:14:21,644 [s1@group-9FC63B188219-LeaderElection20] INFO  impl.LeaderElection (LogUtils.java:infoOrTrace(136)) - s1@group-9FC63B188219-LeaderElection20 got exception when requesting votes: java.util.concurrent.ExecutionException: java.io.IOException: The peer s4 is not alive.
2024-10-09 00:14:21,645 [s1@group-9FC63B188219-LeaderElection20] INFO  impl.LeaderElection (LogUtils.java:infoOrTrace(136)) - s1@group-9FC63B188219-LeaderElection20 got exception when requesting votes: java.util.concurrent.ExecutionException: java.io.IOException: The peer s2 is not alive.
2024-10-09 00:14:21,692 [s3@group-9FC63B188219-LeaderElection21] INFO  impl.LeaderElection (LeaderElection.java:logAndReturn(90)) - s3@group-9FC63B188219-LeaderElection21: PRE_VOTE TIMEOUT received 1 response(s) and 2 exception(s):
2024-10-09 00:14:21,692 [s3@group-9FC63B188219-LeaderElection21] INFO  impl.LeaderElection (LeaderElection.java:logAndReturn(94)) -   Response 0: s3<-s1#0:OK-t2
2024-10-09 00:14:21,692 [s3@group-9FC63B188219-LeaderElection21] INFO  impl.LeaderElection (LogUtils.java:infoOrTrace(136)) -   Exception 1: java.util.concurrent.ExecutionException: java.io.IOException: The peer s4 is not alive.
2024-10-09 00:14:21,692 [s3@group-9FC63B188219-LeaderElection21] INFO  impl.LeaderElection (LogUtils.java:infoOrTrace(136)) -   Exception 2: java.util.concurrent.ExecutionException: java.io.IOException: The peer s2 is not alive.
2024-10-09 00:14:21,692 [s3@group-9FC63B188219-LeaderElection21] INFO  impl.LeaderElection (LeaderElection.java:askForVotes(339)) - s3@group-9FC63B188219-LeaderElection21 PRE_VOTE round 73: result TIMEOUT
2024-10-09 00:14:21,692 [s3@group-9FC63B188219-LeaderElection21] INFO  impl.LeaderElection (LeaderElection.java:askForVotes(337)) - s3@group-9FC63B188219-LeaderElection21 PRE_VOTE round 74: submit vote requests at term 2 for conf: {index: 1, cur=peers:[s3|localhost:15172, s4|localhost:15176, s0|localhost:15160, s1|localhost:15164, s2|localhost:15168]|listeners:[], old=null}
2024-10-09 00:14:21,692 [HandlerDaemon-2] INFO  server.RaftServer$Division (RaftServerImpl.java:requestVote(1443)) - s1@group-9FC63B188219: receive requestVote(PRE_VOTE, s3, group-9FC63B188219, 2, (t:2, i:2))
2024-10-09 00:14:21,692 [s3@group-9FC63B188219-LeaderElection21] INFO  impl.LeaderElection (LogUtils.java:infoOrTrace(136)) - s3@group-9FC63B188219-LeaderElection21 got exception when requesting votes: java.util.concurrent.ExecutionException: java.io.IOException: The peer s4 is not alive.
2024-10-09 00:14:21,692 [HandlerDaemon-2] INFO  impl.VoteContext (VoteContext.java:log(49)) - s1@group-9FC63B188219-CANDIDATE: accept PRE_VOTE from s3: our priority 0 <= candidate's priority 0
2024-10-09 00:14:21,693 [s3@group-9FC63B188219-LeaderElection21] INFO  impl.LeaderElection (LogUtils.java:infoOrTrace(136)) - s3@group-9FC63B188219-LeaderElection21 got exception when requesting votes: java.util.concurrent.ExecutionException: java.io.IOException: The peer s2 is not alive.
2024-10-09 00:14:21,693 [HandlerDaemon-2] INFO  server.RaftServer$Division (RaftServerImpl.java:requestVote(1476)) - s1@group-9FC63B188219 replies to PRE_VOTE vote request: s3<-s1#0:OK-t2. Peer's state: s1@group-9FC63B188219:t2, leader=null, voted=s2, raftlog=Memoized:s1@group-9FC63B188219-SegmentedRaftLog:OPENED:c2:last(t:2, i:2), conf=conf: {index: 1, cur=peers:[s3|localhost:15172, s4|localhost:15176, s0|localhost:15160, s1|localhost:15164, s2|localhost:15168]|listeners:[], old=null}
2024-10-09 00:14:21,889 [s1@group-9FC63B188219-LeaderElection20] INFO  impl.LeaderElection (LeaderElection.java:logAndReturn(90)) - s1@group-9FC63B188219-LeaderElection20: PRE_VOTE TIMEOUT received 1 response(s) and 2 exception(s):
2024-10-09 00:14:21,890 [s1@group-9FC63B188219-LeaderElection20] INFO  impl.LeaderElection (LeaderElection.java:logAndReturn(94)) -   Response 0: s1<-s3#0:OK-t2
2024-10-09 00:14:21,890 [s1@group-9FC63B188219-LeaderElection20] INFO  impl.LeaderElection (LogUtils.java:infoOrTrace(136)) -   Exception 1: java.util.concurrent.ExecutionException: java.io.IOException: The peer s4 is not alive.
2024-10-09 00:14:21,890 [s1@group-9FC63B188219-LeaderElection20] INFO  impl.LeaderElection (LogUtils.java:infoOrTrace(136)) -   Exception 2: java.util.concurrent.ExecutionException: java.io.IOException: The peer s2 is not alive.
2024-10-09 00:14:21,890 [s1@group-9FC63B188219-LeaderElection20] INFO  impl.LeaderElection (LeaderElection.java:askForVotes(339)) - s1@group-9FC63B188219-LeaderElection20 PRE_VOTE round 90: result TIMEOUT
2024-10-09 00:14:21,890 [s1@group-9FC63B188219-LeaderElection20] INFO  impl.LeaderElection (LeaderElection.java:askForVotes(337)) - s1@group-9FC63B188219-LeaderElection20 PRE_VOTE round 91: submit vote requests at term 2 for conf: {index: 1, cur=peers:[s3|localhost:15172, s4|localhost:15176, s0|localhost:15160, s1|localhost:15164, s2|localhost:15168]|listeners:[], old=null}
2024-10-09 00:14:21,890 [HandlerDaemon-1] INFO  server.RaftServer$Division (RaftServerImpl.java:requestVote(1443)) - s3@group-9FC63B188219: receive requestVote(PRE_VOTE, s1, group-9FC63B188219, 2, (t:2, i:2))
2024-10-09 00:14:21,890 [HandlerDaemon-1] INFO  impl.VoteContext (VoteContext.java:log(49)) - s3@group-9FC63B188219-CANDIDATE: accept PRE_VOTE from s1: our priority 0 <= candidate's priority 0
2024-10-09 00:14:21,890 [s1@group-9FC63B188219-LeaderElection20] INFO  impl.LeaderElection (LogUtils.java:infoOrTrace(136)) - s1@group-9FC63B188219-LeaderElection20 got exception when requesting votes: java.util.concurrent.ExecutionException: java.io.IOException: The peer s4 is not alive.
2024-10-09 00:14:21,890 [HandlerDaemon-1] INFO  server.RaftServer$Division (RaftServerImpl.java:requestVote(1476)) - s3@group-9FC63B188219 replies to PRE_VOTE vote request: s1<-s3#0:OK-t2. Peer's state: s3@group-9FC63B188219:t2, leader=null, voted=s2, raftlog=Memoized:s3@group-9FC63B188219-SegmentedRaftLog:OPENED:c2:last(t:2, i:2), conf=conf: {index: 1, cur=peers:[s3|localhost:15172, s4|localhost:15176, s0|localhost:15160, s1|localhost:15164, s2|localhost:15168]|listeners:[], old=null}
2024-10-09 00:14:21,890 [s1@group-9FC63B188219-LeaderElection20] INFO  impl.LeaderElection (LogUtils.java:infoOrTrace(136)) - s1@group-9FC63B188219-LeaderElection20 got exception when requesting votes: java.util.concurrent.ExecutionException: java.io.IOException: The peer s2 is not alive.
2024-10-09 00:14:21,928 [s3@group-9FC63B188219-LeaderElection21] INFO  impl.LeaderElection (LeaderElection.java:logAndReturn(90)) - s3@group-9FC63B188219-LeaderElection21: PRE_VOTE TIMEOUT received 1 response(s) and 2 exception(s):
2024-10-09 00:14:21,929 [s3@group-9FC63B188219-LeaderElection21] INFO  impl.LeaderElection (LeaderElection.java:logAndReturn(94)) -   Response 0: s3<-s1#0:OK-t2
2024-10-09 00:14:21,929 [s3@group-9FC63B188219-LeaderElection21] INFO  impl.LeaderElection (LogUtils.java:infoOrTrace(136)) -   Exception 1: java.util.concurrent.ExecutionException: java.io.IOException: The peer s4 is not alive.
2024-10-09 00:14:21,929 [s3@group-9FC63B188219-LeaderElection21] INFO  impl.LeaderElection (LogUtils.java:infoOrTrace(136)) -   Exception 2: java.util.concurrent.ExecutionException: java.io.IOException: The peer s2 is not alive.
2024-10-09 00:14:21,929 [s3@group-9FC63B188219-LeaderElection21] INFO  impl.LeaderElection (LeaderElection.java:askForVotes(339)) - s3@group-9FC63B188219-LeaderElection21 PRE_VOTE round 74: result TIMEOUT
2024-10-09 00:14:21,929 [s3@group-9FC63B188219-LeaderElection21] INFO  impl.LeaderElection (LeaderElection.java:askForVotes(337)) - s3@group-9FC63B188219-LeaderElection21 PRE_VOTE round 75: submit vote requests at term 2 for conf: {index: 1, cur=peers:[s3|localhost:15172, s4|localhost:15176, s0|localhost:15160, s1|localhost:15164, s2|localhost:15168]|listeners:[], old=null}
2024-10-09 00:14:21,929 [HandlerDaemon-0] INFO  server.RaftServer$Division (RaftServerImpl.java:requestVote(1443)) - s1@group-9FC63B188219: receive requestVote(PRE_VOTE, s3, group-9FC63B188219, 2, (t:2, i:2))
2024-10-09 00:14:21,929 [s3@group-9FC63B188219-LeaderElection21] INFO  impl.LeaderElection (LogUtils.java:infoOrTrace(136)) - s3@group-9FC63B188219-LeaderElection21 got exception when requesting votes: java.util.concurrent.ExecutionException: java.io.IOException: The peer s4 is not alive.
2024-10-09 00:14:21,929 [HandlerDaemon-0] INFO  impl.VoteContext (VoteContext.java:log(49)) - s1@group-9FC63B188219-CANDIDATE: accept PRE_VOTE from s3: our priority 0 <= candidate's priority 0
2024-10-09 00:14:21,929 [s3@group-9FC63B188219-LeaderElection21] INFO  impl.LeaderElection (LogUtils.java:infoOrTrace(136)) - s3@group-9FC63B188219-LeaderElection21 got exception when requesting votes: java.util.concurrent.ExecutionException: java.io.IOException: The peer s2 is not alive.
2024-10-09 00:14:21,929 [HandlerDaemon-0] INFO  server.RaftServer$Division (RaftServerImpl.java:requestVote(1476)) - s1@group-9FC63B188219 replies to PRE_VOTE vote request: s3<-s1#0:OK-t2. Peer's state: s1@group-9FC63B188219:t2, leader=null, voted=s2, raftlog=Memoized:s1@group-9FC63B188219-SegmentedRaftLog:OPENED:c2:last(t:2, i:2), conf=conf: {index: 1, cur=peers:[s3|localhost:15172, s4|localhost:15176, s0|localhost:15160, s1|localhost:15164, s2|localhost:15168]|listeners:[], old=null}
2024-10-09 00:14:22,063 [main] WARN  ratis.RaftTestUtil (RaftTestUtil.java:lambda$waitForLeader$3(126)) - Attempt #47 failed: java.lang.IllegalStateException: No leader yet : printing ALL groups
  s3:  RUNNING CANDIDATE s3@group-9FC63B188219:t2, leader=null, voted=s2, raftlog=Memoized:s3@group-9FC63B188219-SegmentedRaftLog:OPENED:c2:last(t:2, i:2), conf=conf: {index: 1, cur=peers:[s3|localhost:15172, s4|localhost:15176, s0|localhost:15160, s1|localhost:15164, s2|localhost:15168]|listeners:[], old=null} RUNNING
  s4:   CLOSED    LEADER s4@group-9FC63B188219:t1, leader=s4, voted=s4, raftlog=Memoized:s4@group-9FC63B188219-SegmentedRaftLog:CLOSED:c0, conf=conf: {index: 0, cur=peers:[s3|localhost:15172, s4|localhost:15176, s0|localhost:15160, s1|localhost:15164, s2|localhost:15168]|listeners:[], old=null} CLOSED
  s0:  RUNNING  FOLLOWER s0@group-9FC63B188219:t1, leader=null, voted=null, raftlog=Memoized:s0@group-9FC63B188219-SegmentedRaftLog:OPENED:c-1:lastnull, conf=conf: {index: -1, cur=peers:[s3|localhost:15172, s4|localhost:15176, s0|localhost:15160, s1|localhost:15164, s2|localhost:15168]|listeners:[], old=null} RUNNING
  s1:  RUNNING CANDIDATE s1@group-9FC63B188219:t2, leader=null, voted=s2, raftlog=Memoized:s1@group-9FC63B188219-SegmentedRaftLog:OPENED:c2:last(t:2, i:2), conf=conf: {index: 1, cur=peers:[s3|localhost:15172, s4|localhost:15176, s0|localhost:15160, s1|localhost:15164, s2|localhost:15168]|listeners:[], old=null} RUNNING
  s2:   CLOSED    LEADER s2@group-9FC63B188219:t2, leader=s2, voted=s2, raftlog=Memoized:s2@group-9FC63B188219-SegmentedRaftLog:CLOSED:c2, conf=conf: {index: 1, cur=peers:[s3|localhost:15172, s4|localhost:15176, s0|localhost:15160, s1|localhost:15164, s2|localhost:15168]|listeners:[], old=null} CLOSED
2024-10-09 00:14:22,175 [s1@group-9FC63B188219-LeaderElection20] INFO  impl.LeaderElection (LeaderElection.java:logAndReturn(90)) - s1@group-9FC63B188219-LeaderElection20: PRE_VOTE TIMEOUT received 1 response(s) and 2 exception(s):
2024-10-09 00:14:22,175 [s1@group-9FC63B188219-LeaderElection20] INFO  impl.LeaderElection (LeaderElection.java:logAndReturn(94)) -   Response 0: s1<-s3#0:OK-t2
2024-10-09 00:14:22,175 [s1@group-9FC63B188219-LeaderElection20] INFO  impl.LeaderElection (LogUtils.java:infoOrTrace(136)) -   Exception 1: java.util.concurrent.ExecutionException: java.io.IOException: The peer s4 is not alive.
2024-10-09 00:14:22,175 [s1@group-9FC63B188219-LeaderElection20] INFO  impl.LeaderElection (LogUtils.java:infoOrTrace(136)) -   Exception 2: java.util.concurrent.ExecutionException: java.io.IOException: The peer s2 is not alive.
2024-10-09 00:14:22,176 [s1@group-9FC63B188219-LeaderElection20] INFO  impl.LeaderElection (LeaderElection.java:askForVotes(339)) - s1@group-9FC63B188219-LeaderElection20 PRE_VOTE round 91: result TIMEOUT
2024-10-09 00:14:22,176 [s1@group-9FC63B188219-LeaderElection20] INFO  impl.LeaderElection (LeaderElection.java:askForVotes(337)) - s1@group-9FC63B188219-LeaderElection20 PRE_VOTE round 92: submit vote requests at term 2 for conf: {index: 1, cur=peers:[s3|localhost:15172, s4|localhost:15176, s0|localhost:15160, s1|localhost:15164, s2|localhost:15168]|listeners:[], old=null}
2024-10-09 00:14:22,176 [HandlerDaemon-2] INFO  server.RaftServer$Division (RaftServerImpl.java:requestVote(1443)) - s3@group-9FC63B188219: receive requestVote(PRE_VOTE, s1, group-9FC63B188219, 2, (t:2, i:2))
2024-10-09 00:14:22,176 [HandlerDaemon-2] INFO  impl.VoteContext (VoteContext.java:log(49)) - s3@group-9FC63B188219-CANDIDATE: accept PRE_VOTE from s1: our priority 0 <= candidate's priority 0
2024-10-09 00:14:22,176 [s1@group-9FC63B188219-LeaderElection20] INFO  impl.LeaderElection (LogUtils.java:infoOrTrace(136)) - s1@group-9FC63B188219-LeaderElection20 got exception when requesting votes: java.util.concurrent.ExecutionException: java.io.IOException: The peer s4 is not alive.
2024-10-09 00:14:22,176 [HandlerDaemon-2] INFO  server.RaftServer$Division (RaftServerImpl.java:requestVote(1476)) - s3@group-9FC63B188219 replies to PRE_VOTE vote request: s1<-s3#0:OK-t2. Peer's state: s3@group-9FC63B188219:t2, leader=null, voted=s2, raftlog=Memoized:s3@group-9FC63B188219-SegmentedRaftLog:OPENED:c2:last(t:2, i:2), conf=conf: {index: 1, cur=peers:[s3|localhost:15172, s4|localhost:15176, s0|localhost:15160, s1|localhost:15164, s2|localhost:15168]|listeners:[], old=null}
2024-10-09 00:14:22,176 [s1@group-9FC63B188219-LeaderElection20] INFO  impl.LeaderElection (LogUtils.java:infoOrTrace(136)) - s1@group-9FC63B188219-LeaderElection20 got exception when requesting votes: java.util.concurrent.ExecutionException: java.io.IOException: The peer s2 is not alive.
2024-10-09 00:14:22,218 [s3@group-9FC63B188219-LeaderElection21] INFO  impl.LeaderElection (LeaderElection.java:logAndReturn(90)) - s3@group-9FC63B188219-LeaderElection21: PRE_VOTE TIMEOUT received 1 response(s) and 2 exception(s):
2024-10-09 00:14:22,218 [s3@group-9FC63B188219-LeaderElection21] INFO  impl.LeaderElection (LeaderElection.java:logAndReturn(94)) -   Response 0: s3<-s1#0:OK-t2
2024-10-09 00:14:22,218 [s3@group-9FC63B188219-LeaderElection21] INFO  impl.LeaderElection (LogUtils.java:infoOrTrace(136)) -   Exception 1: java.util.concurrent.ExecutionException: java.io.IOException: The peer s4 is not alive.
2024-10-09 00:14:22,218 [s3@group-9FC63B188219-LeaderElection21] INFO  impl.LeaderElection (LogUtils.java:infoOrTrace(136)) -   Exception 2: java.util.concurrent.ExecutionException: java.io.IOException: The peer s2 is not alive.
2024-10-09 00:14:22,218 [s3@group-9FC63B188219-LeaderElection21] INFO  impl.LeaderElection (LeaderElection.java:askForVotes(339)) - s3@group-9FC63B188219-LeaderElection21 PRE_VOTE round 75: result TIMEOUT
2024-10-09 00:14:22,219 [s3@group-9FC63B188219-LeaderElection21] INFO  impl.LeaderElection (LeaderElection.java:askForVotes(337)) - s3@group-9FC63B188219-LeaderElection21 PRE_VOTE round 76: submit vote requests at term 2 for conf: {index: 1, cur=peers:[s3|localhost:15172, s4|localhost:15176, s0|localhost:15160, s1|localhost:15164, s2|localhost:15168]|listeners:[], old=null}
2024-10-09 00:14:22,219 [HandlerDaemon-1] INFO  server.RaftServer$Division (RaftServerImpl.java:requestVote(1443)) - s1@group-9FC63B188219: receive requestVote(PRE_VOTE, s3, group-9FC63B188219, 2, (t:2, i:2))
2024-10-09 00:14:22,219 [HandlerDaemon-1] INFO  impl.VoteContext (VoteContext.java:log(49)) - s1@group-9FC63B188219-CANDIDATE: accept PRE_VOTE from s3: our priority 0 <= candidate's priority 0
2024-10-09 00:14:22,219 [HandlerDaemon-1] INFO  server.RaftServer$Division (RaftServerImpl.java:requestVote(1476)) - s1@group-9FC63B188219 replies to PRE_VOTE vote request: s3<-s1#0:OK-t2. Peer's state: s1@group-9FC63B188219:t2, leader=null, voted=s2, raftlog=Memoized:s1@group-9FC63B188219-SegmentedRaftLog:OPENED:c2:last(t:2, i:2), conf=conf: {index: 1, cur=peers:[s3|localhost:15172, s4|localhost:15176, s0|localhost:15160, s1|localhost:15164, s2|localhost:15168]|listeners:[], old=null}
2024-10-09 00:14:22,219 [s3@group-9FC63B188219-LeaderElection21] INFO  impl.LeaderElection (LogUtils.java:infoOrTrace(136)) - s3@group-9FC63B188219-LeaderElection21 got exception when requesting votes: java.util.concurrent.ExecutionException: java.io.IOException: The peer s4 is not alive.
2024-10-09 00:14:22,219 [s3@group-9FC63B188219-LeaderElection21] INFO  impl.LeaderElection (LogUtils.java:infoOrTrace(136)) - s3@group-9FC63B188219-LeaderElection21 got exception when requesting votes: java.util.concurrent.ExecutionException: java.io.IOException: The peer s2 is not alive.
2024-10-09 00:14:22,373 [s1@group-9FC63B188219-LeaderElection20] INFO  impl.LeaderElection (LeaderElection.java:logAndReturn(90)) - s1@group-9FC63B188219-LeaderElection20: PRE_VOTE TIMEOUT received 1 response(s) and 2 exception(s):
2024-10-09 00:14:22,373 [s1@group-9FC63B188219-LeaderElection20] INFO  impl.LeaderElection (LeaderElection.java:logAndReturn(94)) -   Response 0: s1<-s3#0:OK-t2
2024-10-09 00:14:22,373 [s1@group-9FC63B188219-LeaderElection20] INFO  impl.LeaderElection (LogUtils.java:infoOrTrace(136)) -   Exception 1: java.util.concurrent.ExecutionException: java.io.IOException: The peer s4 is not alive.
2024-10-09 00:14:22,373 [s1@group-9FC63B188219-LeaderElection20] INFO  impl.LeaderElection (LogUtils.java:infoOrTrace(136)) -   Exception 2: java.util.concurrent.ExecutionException: java.io.IOException: The peer s2 is not alive.
2024-10-09 00:14:22,373 [s1@group-9FC63B188219-LeaderElection20] INFO  impl.LeaderElection (LeaderElection.java:askForVotes(339)) - s1@group-9FC63B188219-LeaderElection20 PRE_VOTE round 92: result TIMEOUT
2024-10-09 00:14:22,374 [s1@group-9FC63B188219-LeaderElection20] INFO  impl.LeaderElection (LeaderElection.java:askForVotes(337)) - s1@group-9FC63B188219-LeaderElection20 PRE_VOTE round 93: submit vote requests at term 2 for conf: {index: 1, cur=peers:[s3|localhost:15172, s4|localhost:15176, s0|localhost:15160, s1|localhost:15164, s2|localhost:15168]|listeners:[], old=null}
2024-10-09 00:14:22,374 [HandlerDaemon-0] INFO  server.RaftServer$Division (RaftServerImpl.java:requestVote(1443)) - s3@group-9FC63B188219: receive requestVote(PRE_VOTE, s1, group-9FC63B188219, 2, (t:2, i:2))
2024-10-09 00:14:22,374 [HandlerDaemon-0] INFO  impl.VoteContext (VoteContext.java:log(49)) - s3@group-9FC63B188219-CANDIDATE: accept PRE_VOTE from s1: our priority 0 <= candidate's priority 0
2024-10-09 00:14:22,374 [HandlerDaemon-0] INFO  server.RaftServer$Division (RaftServerImpl.java:requestVote(1476)) - s3@group-9FC63B188219 replies to PRE_VOTE vote request: s1<-s3#0:OK-t2. Peer's state: s3@group-9FC63B188219:t2, leader=null, voted=s2, raftlog=Memoized:s3@group-9FC63B188219-SegmentedRaftLog:OPENED:c2:last(t:2, i:2), conf=conf: {index: 1, cur=peers:[s3|localhost:15172, s4|localhost:15176, s0|localhost:15160, s1|localhost:15164, s2|localhost:15168]|listeners:[], old=null}
2024-10-09 00:14:22,374 [s1@group-9FC63B188219-LeaderElection20] INFO  impl.LeaderElection (LogUtils.java:infoOrTrace(136)) - s1@group-9FC63B188219-LeaderElection20 got exception when requesting votes: java.util.concurrent.ExecutionException: java.io.IOException: The peer s4 is not alive.
2024-10-09 00:14:22,374 [s1@group-9FC63B188219-LeaderElection20] INFO  impl.LeaderElection (LogUtils.java:infoOrTrace(136)) - s1@group-9FC63B188219-LeaderElection20 got exception when requesting votes: java.util.concurrent.ExecutionException: java.io.IOException: The peer s2 is not alive.
2024-10-09 00:14:22,408 [s3@group-9FC63B188219-LeaderElection21] INFO  impl.LeaderElection (LeaderElection.java:logAndReturn(90)) - s3@group-9FC63B188219-LeaderElection21: PRE_VOTE TIMEOUT received 1 response(s) and 2 exception(s):
2024-10-09 00:14:22,408 [s3@group-9FC63B188219-LeaderElection21] INFO  impl.LeaderElection (LeaderElection.java:logAndReturn(94)) -   Response 0: s3<-s1#0:OK-t2
2024-10-09 00:14:22,408 [s3@group-9FC63B188219-LeaderElection21] INFO  impl.LeaderElection (LogUtils.java:infoOrTrace(136)) -   Exception 1: java.util.concurrent.ExecutionException: java.io.IOException: The peer s4 is not alive.
2024-10-09 00:14:22,408 [s3@group-9FC63B188219-LeaderElection21] INFO  impl.LeaderElection (LogUtils.java:infoOrTrace(136)) -   Exception 2: java.util.concurrent.ExecutionException: java.io.IOException: The peer s2 is not alive.
2024-10-09 00:14:22,408 [s3@group-9FC63B188219-LeaderElection21] INFO  impl.LeaderElection (LeaderElection.java:askForVotes(339)) - s3@group-9FC63B188219-LeaderElection21 PRE_VOTE round 76: result TIMEOUT
2024-10-09 00:14:22,408 [s3@group-9FC63B188219-LeaderElection21] INFO  impl.LeaderElection (LeaderElection.java:askForVotes(337)) - s3@group-9FC63B188219-LeaderElection21 PRE_VOTE round 77: submit vote requests at term 2 for conf: {index: 1, cur=peers:[s3|localhost:15172, s4|localhost:15176, s0|localhost:15160, s1|localhost:15164, s2|localhost:15168]|listeners:[], old=null}
2024-10-09 00:14:22,409 [HandlerDaemon-2] INFO  server.RaftServer$Division (RaftServerImpl.java:requestVote(1443)) - s1@group-9FC63B188219: receive requestVote(PRE_VOTE, s3, group-9FC63B188219, 2, (t:2, i:2))
2024-10-09 00:14:22,409 [s3@group-9FC63B188219-LeaderElection21] INFO  impl.LeaderElection (LogUtils.java:infoOrTrace(136)) - s3@group-9FC63B188219-LeaderElection21 got exception when requesting votes: java.util.concurrent.ExecutionException: java.io.IOException: The peer s4 is not alive.
2024-10-09 00:14:22,409 [HandlerDaemon-2] INFO  impl.VoteContext (VoteContext.java:log(49)) - s1@group-9FC63B188219-CANDIDATE: accept PRE_VOTE from s3: our priority 0 <= candidate's priority 0
2024-10-09 00:14:22,409 [s3@group-9FC63B188219-LeaderElection21] INFO  impl.LeaderElection (LogUtils.java:infoOrTrace(136)) - s3@group-9FC63B188219-LeaderElection21 got exception when requesting votes: java.util.concurrent.ExecutionException: java.io.IOException: The peer s2 is not alive.
2024-10-09 00:14:22,409 [HandlerDaemon-2] INFO  server.RaftServer$Division (RaftServerImpl.java:requestVote(1476)) - s1@group-9FC63B188219 replies to PRE_VOTE vote request: s3<-s1#0:OK-t2. Peer's state: s1@group-9FC63B188219:t2, leader=null, voted=s2, raftlog=Memoized:s1@group-9FC63B188219-SegmentedRaftLog:OPENED:c2:last(t:2, i:2), conf=conf: {index: 1, cur=peers:[s3|localhost:15172, s4|localhost:15176, s0|localhost:15160, s1|localhost:15164, s2|localhost:15168]|listeners:[], old=null}
2024-10-09 00:14:22,513 [main] WARN  ratis.RaftTestUtil (RaftTestUtil.java:lambda$waitForLeader$3(126)) - Attempt #48 failed: java.lang.IllegalStateException: No leader yet : printing ALL groups
  s3:  RUNNING CANDIDATE s3@group-9FC63B188219:t2, leader=null, voted=s2, raftlog=Memoized:s3@group-9FC63B188219-SegmentedRaftLog:OPENED:c2:last(t:2, i:2), conf=conf: {index: 1, cur=peers:[s3|localhost:15172, s4|localhost:15176, s0|localhost:15160, s1|localhost:15164, s2|localhost:15168]|listeners:[], old=null} RUNNING
  s4:   CLOSED    LEADER s4@group-9FC63B188219:t1, leader=s4, voted=s4, raftlog=Memoized:s4@group-9FC63B188219-SegmentedRaftLog:CLOSED:c0, conf=conf: {index: 0, cur=peers:[s3|localhost:15172, s4|localhost:15176, s0|localhost:15160, s1|localhost:15164, s2|localhost:15168]|listeners:[], old=null} CLOSED
  s0:  RUNNING  FOLLOWER s0@group-9FC63B188219:t1, leader=null, voted=null, raftlog=Memoized:s0@group-9FC63B188219-SegmentedRaftLog:OPENED:c-1:lastnull, conf=conf: {index: -1, cur=peers:[s3|localhost:15172, s4|localhost:15176, s0|localhost:15160, s1|localhost:15164, s2|localhost:15168]|listeners:[], old=null} RUNNING
  s1:  RUNNING CANDIDATE s1@group-9FC63B188219:t2, leader=null, voted=s2, raftlog=Memoized:s1@group-9FC63B188219-SegmentedRaftLog:OPENED:c2:last(t:2, i:2), conf=conf: {index: 1, cur=peers:[s3|localhost:15172, s4|localhost:15176, s0|localhost:15160, s1|localhost:15164, s2|localhost:15168]|listeners:[], old=null} RUNNING
  s2:   CLOSED    LEADER s2@group-9FC63B188219:t2, leader=s2, voted=s2, raftlog=Memoized:s2@group-9FC63B188219-SegmentedRaftLog:CLOSED:c2, conf=conf: {index: 1, cur=peers:[s3|localhost:15172, s4|localhost:15176, s0|localhost:15160, s1|localhost:15164, s2|localhost:15168]|listeners:[], old=null} CLOSED
2024-10-09 00:14:22,603 [s1@group-9FC63B188219-LeaderElection20] INFO  impl.LeaderElection (LeaderElection.java:logAndReturn(90)) - s1@group-9FC63B188219-LeaderElection20: PRE_VOTE TIMEOUT received 1 response(s) and 2 exception(s):
2024-10-09 00:14:22,603 [s1@group-9FC63B188219-LeaderElection20] INFO  impl.LeaderElection (LeaderElection.java:logAndReturn(94)) -   Response 0: s1<-s3#0:OK-t2
2024-10-09 00:14:22,603 [s1@group-9FC63B188219-LeaderElection20] INFO  impl.LeaderElection (LogUtils.java:infoOrTrace(136)) -   Exception 1: java.util.concurrent.ExecutionException: java.io.IOException: The peer s4 is not alive.
2024-10-09 00:14:22,603 [s1@group-9FC63B188219-LeaderElection20] INFO  impl.LeaderElection (LogUtils.java:infoOrTrace(136)) -   Exception 2: java.util.concurrent.ExecutionException: java.io.IOException: The peer s2 is not alive.
2024-10-09 00:14:22,603 [s1@group-9FC63B188219-LeaderElection20] INFO  impl.LeaderElection (LeaderElection.java:askForVotes(339)) - s1@group-9FC63B188219-LeaderElection20 PRE_VOTE round 93: result TIMEOUT
2024-10-09 00:14:22,603 [s1@group-9FC63B188219-LeaderElection20] INFO  impl.LeaderElection (LeaderElection.java:askForVotes(337)) - s1@group-9FC63B188219-LeaderElection20 PRE_VOTE round 94: submit vote requests at term 2 for conf: {index: 1, cur=peers:[s3|localhost:15172, s4|localhost:15176, s0|localhost:15160, s1|localhost:15164, s2|localhost:15168]|listeners:[], old=null}
2024-10-09 00:14:22,604 [HandlerDaemon-1] INFO  server.RaftServer$Division (RaftServerImpl.java:requestVote(1443)) - s3@group-9FC63B188219: receive requestVote(PRE_VOTE, s1, group-9FC63B188219, 2, (t:2, i:2))
2024-10-09 00:14:22,604 [HandlerDaemon-1] INFO  impl.VoteContext (VoteContext.java:log(49)) - s3@group-9FC63B188219-CANDIDATE: accept PRE_VOTE from s1: our priority 0 <= candidate's priority 0
2024-10-09 00:14:22,604 [s1@group-9FC63B188219-LeaderElection20] INFO  impl.LeaderElection (LogUtils.java:infoOrTrace(136)) - s1@group-9FC63B188219-LeaderElection20 got exception when requesting votes: java.util.concurrent.ExecutionException: java.io.IOException: The peer s4 is not alive.
2024-10-09 00:14:22,604 [s1@group-9FC63B188219-LeaderElection20] INFO  impl.LeaderElection (LogUtils.java:infoOrTrace(136)) - s1@group-9FC63B188219-LeaderElection20 got exception when requesting votes: java.util.concurrent.ExecutionException: java.io.IOException: The peer s2 is not alive.
2024-10-09 00:14:22,604 [HandlerDaemon-1] INFO  server.RaftServer$Division (RaftServerImpl.java:requestVote(1476)) - s3@group-9FC63B188219 replies to PRE_VOTE vote request: s1<-s3#0:OK-t2. Peer's state: s3@group-9FC63B188219:t2, leader=null, voted=s2, raftlog=Memoized:s3@group-9FC63B188219-SegmentedRaftLog:OPENED:c2:last(t:2, i:2), conf=conf: {index: 1, cur=peers:[s3|localhost:15172, s4|localhost:15176, s0|localhost:15160, s1|localhost:15164, s2|localhost:15168]|listeners:[], old=null}
2024-10-09 00:14:22,623 [s3@group-9FC63B188219-LeaderElection21] INFO  impl.LeaderElection (LeaderElection.java:logAndReturn(90)) - s3@group-9FC63B188219-LeaderElection21: PRE_VOTE TIMEOUT received 1 response(s) and 2 exception(s):
2024-10-09 00:14:22,623 [s3@group-9FC63B188219-LeaderElection21] INFO  impl.LeaderElection (LeaderElection.java:logAndReturn(94)) -   Response 0: s3<-s1#0:OK-t2
2024-10-09 00:14:22,623 [s3@group-9FC63B188219-LeaderElection21] INFO  impl.LeaderElection (LogUtils.java:infoOrTrace(136)) -   Exception 1: java.util.concurrent.ExecutionException: java.io.IOException: The peer s4 is not alive.
2024-10-09 00:14:22,623 [s3@group-9FC63B188219-LeaderElection21] INFO  impl.LeaderElection (LogUtils.java:infoOrTrace(136)) -   Exception 2: java.util.concurrent.ExecutionException: java.io.IOException: The peer s2 is not alive.
2024-10-09 00:14:22,623 [s3@group-9FC63B188219-LeaderElection21] INFO  impl.LeaderElection (LeaderElection.java:askForVotes(339)) - s3@group-9FC63B188219-LeaderElection21 PRE_VOTE round 77: result TIMEOUT
2024-10-09 00:14:22,623 [s3@group-9FC63B188219-LeaderElection21] INFO  impl.LeaderElection (LeaderElection.java:askForVotes(337)) - s3@group-9FC63B188219-LeaderElection21 PRE_VOTE round 78: submit vote requests at term 2 for conf: {index: 1, cur=peers:[s3|localhost:15172, s4|localhost:15176, s0|localhost:15160, s1|localhost:15164, s2|localhost:15168]|listeners:[], old=null}
2024-10-09 00:14:22,624 [HandlerDaemon-0] INFO  server.RaftServer$Division (RaftServerImpl.java:requestVote(1443)) - s1@group-9FC63B188219: receive requestVote(PRE_VOTE, s3, group-9FC63B188219, 2, (t:2, i:2))
2024-10-09 00:14:22,624 [s3@group-9FC63B188219-LeaderElection21] INFO  impl.LeaderElection (LogUtils.java:infoOrTrace(136)) - s3@group-9FC63B188219-LeaderElection21 got exception when requesting votes: java.util.concurrent.ExecutionException: java.io.IOException: The peer s4 is not alive.
2024-10-09 00:14:22,624 [HandlerDaemon-0] INFO  impl.VoteContext (VoteContext.java:log(49)) - s1@group-9FC63B188219-CANDIDATE: accept PRE_VOTE from s3: our priority 0 <= candidate's priority 0
2024-10-09 00:14:22,624 [HandlerDaemon-0] INFO  server.RaftServer$Division (RaftServerImpl.java:requestVote(1476)) - s1@group-9FC63B188219 replies to PRE_VOTE vote request: s3<-s1#0:OK-t2. Peer's state: s1@group-9FC63B188219:t2, leader=null, voted=s2, raftlog=Memoized:s1@group-9FC63B188219-SegmentedRaftLog:OPENED:c2:last(t:2, i:2), conf=conf: {index: 1, cur=peers:[s3|localhost:15172, s4|localhost:15176, s0|localhost:15160, s1|localhost:15164, s2|localhost:15168]|listeners:[], old=null}
2024-10-09 00:14:22,625 [s3@group-9FC63B188219-LeaderElection21] INFO  impl.LeaderElection (LogUtils.java:infoOrTrace(136)) - s3@group-9FC63B188219-LeaderElection21 got exception when requesting votes: java.util.concurrent.ExecutionException: java.io.IOException: The peer s2 is not alive.
2024-10-09 00:14:22,813 [s1@group-9FC63B188219-LeaderElection20] INFO  impl.LeaderElection (LeaderElection.java:logAndReturn(90)) - s1@group-9FC63B188219-LeaderElection20: PRE_VOTE TIMEOUT received 1 response(s) and 2 exception(s):
2024-10-09 00:14:22,813 [s1@group-9FC63B188219-LeaderElection20] INFO  impl.LeaderElection (LeaderElection.java:logAndReturn(94)) -   Response 0: s1<-s3#0:OK-t2
2024-10-09 00:14:22,813 [s1@group-9FC63B188219-LeaderElection20] INFO  impl.LeaderElection (LogUtils.java:infoOrTrace(136)) -   Exception 1: java.util.concurrent.ExecutionException: java.io.IOException: The peer s4 is not alive.
2024-10-09 00:14:22,813 [s1@group-9FC63B188219-LeaderElection20] INFO  impl.LeaderElection (LogUtils.java:infoOrTrace(136)) -   Exception 2: java.util.concurrent.ExecutionException: java.io.IOException: The peer s2 is not alive.
2024-10-09 00:14:22,813 [s1@group-9FC63B188219-LeaderElection20] INFO  impl.LeaderElection (LeaderElection.java:askForVotes(339)) - s1@group-9FC63B188219-LeaderElection20 PRE_VOTE round 94: result TIMEOUT
2024-10-09 00:14:22,813 [s1@group-9FC63B188219-LeaderElection20] INFO  impl.LeaderElection (LeaderElection.java:askForVotes(337)) - s1@group-9FC63B188219-LeaderElection20 PRE_VOTE round 95: submit vote requests at term 2 for conf: {index: 1, cur=peers:[s3|localhost:15172, s4|localhost:15176, s0|localhost:15160, s1|localhost:15164, s2|localhost:15168]|listeners:[], old=null}
2024-10-09 00:14:22,814 [HandlerDaemon-2] INFO  server.RaftServer$Division (RaftServerImpl.java:requestVote(1443)) - s3@group-9FC63B188219: receive requestVote(PRE_VOTE, s1, group-9FC63B188219, 2, (t:2, i:2))
2024-10-09 00:14:22,814 [HandlerDaemon-2] INFO  impl.VoteContext (VoteContext.java:log(49)) - s3@group-9FC63B188219-CANDIDATE: accept PRE_VOTE from s1: our priority 0 <= candidate's priority 0
2024-10-09 00:14:22,814 [s1@group-9FC63B188219-LeaderElection20] INFO  impl.LeaderElection (LogUtils.java:infoOrTrace(136)) - s1@group-9FC63B188219-LeaderElection20 got exception when requesting votes: java.util.concurrent.ExecutionException: java.io.IOException: The peer s4 is not alive.
2024-10-09 00:14:22,814 [HandlerDaemon-2] INFO  server.RaftServer$Division (RaftServerImpl.java:requestVote(1476)) - s3@group-9FC63B188219 replies to PRE_VOTE vote request: s1<-s3#0:OK-t2. Peer's state: s3@group-9FC63B188219:t2, leader=null, voted=s2, raftlog=Memoized:s3@group-9FC63B188219-SegmentedRaftLog:OPENED:c2:last(t:2, i:2), conf=conf: {index: 1, cur=peers:[s3|localhost:15172, s4|localhost:15176, s0|localhost:15160, s1|localhost:15164, s2|localhost:15168]|listeners:[], old=null}
2024-10-09 00:14:22,814 [s1@group-9FC63B188219-LeaderElection20] INFO  impl.LeaderElection (LogUtils.java:infoOrTrace(136)) - s1@group-9FC63B188219-LeaderElection20 got exception when requesting votes: java.util.concurrent.ExecutionException: java.io.IOException: The peer s2 is not alive.
2024-10-09 00:14:22,914 [s3@group-9FC63B188219-LeaderElection21] INFO  impl.LeaderElection (LeaderElection.java:logAndReturn(90)) - s3@group-9FC63B188219-LeaderElection21: PRE_VOTE TIMEOUT received 1 response(s) and 2 exception(s):
2024-10-09 00:14:22,914 [s3@group-9FC63B188219-LeaderElection21] INFO  impl.LeaderElection (LeaderElection.java:logAndReturn(94)) -   Response 0: s3<-s1#0:OK-t2
2024-10-09 00:14:22,914 [s3@group-9FC63B188219-LeaderElection21] INFO  impl.LeaderElection (LogUtils.java:infoOrTrace(136)) -   Exception 1: java.util.concurrent.ExecutionException: java.io.IOException: The peer s4 is not alive.
2024-10-09 00:14:22,914 [s3@group-9FC63B188219-LeaderElection21] INFO  impl.LeaderElection (LogUtils.java:infoOrTrace(136)) -   Exception 2: java.util.concurrent.ExecutionException: java.io.IOException: The peer s2 is not alive.
2024-10-09 00:14:22,914 [s3@group-9FC63B188219-LeaderElection21] INFO  impl.LeaderElection (LeaderElection.java:askForVotes(339)) - s3@group-9FC63B188219-LeaderElection21 PRE_VOTE round 78: result TIMEOUT
2024-10-09 00:14:22,914 [s3@group-9FC63B188219-LeaderElection21] INFO  impl.LeaderElection (LeaderElection.java:askForVotes(337)) - s3@group-9FC63B188219-LeaderElection21 PRE_VOTE round 79: submit vote requests at term 2 for conf: {index: 1, cur=peers:[s3|localhost:15172, s4|localhost:15176, s0|localhost:15160, s1|localhost:15164, s2|localhost:15168]|listeners:[], old=null}
2024-10-09 00:14:22,915 [HandlerDaemon-1] INFO  server.RaftServer$Division (RaftServerImpl.java:requestVote(1443)) - s1@group-9FC63B188219: receive requestVote(PRE_VOTE, s3, group-9FC63B188219, 2, (t:2, i:2))
2024-10-09 00:14:22,915 [s3@group-9FC63B188219-LeaderElection21] INFO  impl.LeaderElection (LogUtils.java:infoOrTrace(136)) - s3@group-9FC63B188219-LeaderElection21 got exception when requesting votes: java.util.concurrent.ExecutionException: java.io.IOException: The peer s4 is not alive.
2024-10-09 00:14:22,915 [s3@group-9FC63B188219-LeaderElection21] INFO  impl.LeaderElection (LogUtils.java:infoOrTrace(136)) - s3@group-9FC63B188219-LeaderElection21 got exception when requesting votes: java.util.concurrent.ExecutionException: java.io.IOException: The peer s2 is not alive.
2024-10-09 00:14:22,915 [HandlerDaemon-1] INFO  impl.VoteContext (VoteContext.java:log(49)) - s1@group-9FC63B188219-CANDIDATE: accept PRE_VOTE from s3: our priority 0 <= candidate's priority 0
2024-10-09 00:14:22,915 [HandlerDaemon-1] INFO  server.RaftServer$Division (RaftServerImpl.java:requestVote(1476)) - s1@group-9FC63B188219 replies to PRE_VOTE vote request: s3<-s1#0:OK-t2. Peer's state: s1@group-9FC63B188219:t2, leader=null, voted=s2, raftlog=Memoized:s1@group-9FC63B188219-SegmentedRaftLog:OPENED:c2:last(t:2, i:2), conf=conf: {index: 1, cur=peers:[s3|localhost:15172, s4|localhost:15176, s0|localhost:15160, s1|localhost:15164, s2|localhost:15168]|listeners:[], old=null}
2024-10-09 00:14:22,964 [main] WARN  ratis.RaftTestUtil (RaftTestUtil.java:lambda$waitForLeader$3(126)) - Attempt #49 failed: java.lang.IllegalStateException: No leader yet : printing ALL groups
  s3:  RUNNING CANDIDATE s3@group-9FC63B188219:t2, leader=null, voted=s2, raftlog=Memoized:s3@group-9FC63B188219-SegmentedRaftLog:OPENED:c2:last(t:2, i:2), conf=conf: {index: 1, cur=peers:[s3|localhost:15172, s4|localhost:15176, s0|localhost:15160, s1|localhost:15164, s2|localhost:15168]|listeners:[], old=null} RUNNING
  s4:   CLOSED    LEADER s4@group-9FC63B188219:t1, leader=s4, voted=s4, raftlog=Memoized:s4@group-9FC63B188219-SegmentedRaftLog:CLOSED:c0, conf=conf: {index: 0, cur=peers:[s3|localhost:15172, s4|localhost:15176, s0|localhost:15160, s1|localhost:15164, s2|localhost:15168]|listeners:[], old=null} CLOSED
  s0:  RUNNING  FOLLOWER s0@group-9FC63B188219:t1, leader=null, voted=null, raftlog=Memoized:s0@group-9FC63B188219-SegmentedRaftLog:OPENED:c-1:lastnull, conf=conf: {index: -1, cur=peers:[s3|localhost:15172, s4|localhost:15176, s0|localhost:15160, s1|localhost:15164, s2|localhost:15168]|listeners:[], old=null} RUNNING
  s1:  RUNNING CANDIDATE s1@group-9FC63B188219:t2, leader=null, voted=s2, raftlog=Memoized:s1@group-9FC63B188219-SegmentedRaftLog:OPENED:c2:last(t:2, i:2), conf=conf: {index: 1, cur=peers:[s3|localhost:15172, s4|localhost:15176, s0|localhost:15160, s1|localhost:15164, s2|localhost:15168]|listeners:[], old=null} RUNNING
  s2:   CLOSED    LEADER s2@group-9FC63B188219:t2, leader=s2, voted=s2, raftlog=Memoized:s2@group-9FC63B188219-SegmentedRaftLog:CLOSED:c2, conf=conf: {index: 1, cur=peers:[s3|localhost:15172, s4|localhost:15176, s0|localhost:15160, s1|localhost:15164, s2|localhost:15168]|listeners:[], old=null} CLOSED
2024-10-09 00:14:23,017 [s1@group-9FC63B188219-LeaderElection20] INFO  impl.LeaderElection (LeaderElection.java:logAndReturn(90)) - s1@group-9FC63B188219-LeaderElection20: PRE_VOTE TIMEOUT received 1 response(s) and 2 exception(s):
2024-10-09 00:14:23,017 [s1@group-9FC63B188219-LeaderElection20] INFO  impl.LeaderElection (LeaderElection.java:logAndReturn(94)) -   Response 0: s1<-s3#0:OK-t2
2024-10-09 00:14:23,017 [s1@group-9FC63B188219-LeaderElection20] INFO  impl.LeaderElection (LogUtils.java:infoOrTrace(136)) -   Exception 1: java.util.concurrent.ExecutionException: java.io.IOException: The peer s4 is not alive.
2024-10-09 00:14:23,017 [s1@group-9FC63B188219-LeaderElection20] INFO  impl.LeaderElection (LogUtils.java:infoOrTrace(136)) -   Exception 2: java.util.concurrent.ExecutionException: java.io.IOException: The peer s2 is not alive.
2024-10-09 00:14:23,017 [s1@group-9FC63B188219-LeaderElection20] INFO  impl.LeaderElection (LeaderElection.java:askForVotes(339)) - s1@group-9FC63B188219-LeaderElection20 PRE_VOTE round 95: result TIMEOUT
2024-10-09 00:14:23,017 [s1@group-9FC63B188219-LeaderElection20] INFO  impl.LeaderElection (LeaderElection.java:askForVotes(337)) - s1@group-9FC63B188219-LeaderElection20 PRE_VOTE round 96: submit vote requests at term 2 for conf: {index: 1, cur=peers:[s3|localhost:15172, s4|localhost:15176, s0|localhost:15160, s1|localhost:15164, s2|localhost:15168]|listeners:[], old=null}
2024-10-09 00:14:23,017 [HandlerDaemon-0] INFO  server.RaftServer$Division (RaftServerImpl.java:requestVote(1443)) - s3@group-9FC63B188219: receive requestVote(PRE_VOTE, s1, group-9FC63B188219, 2, (t:2, i:2))
2024-10-09 00:14:23,017 [HandlerDaemon-0] INFO  impl.VoteContext (VoteContext.java:log(49)) - s3@group-9FC63B188219-CANDIDATE: accept PRE_VOTE from s1: our priority 0 <= candidate's priority 0
2024-10-09 00:14:23,017 [HandlerDaemon-0] INFO  server.RaftServer$Division (RaftServerImpl.java:requestVote(1476)) - s3@group-9FC63B188219 replies to PRE_VOTE vote request: s1<-s3#0:OK-t2. Peer's state: s3@group-9FC63B188219:t2, leader=null, voted=s2, raftlog=Memoized:s3@group-9FC63B188219-SegmentedRaftLog:OPENED:c2:last(t:2, i:2), conf=conf: {index: 1, cur=peers:[s3|localhost:15172, s4|localhost:15176, s0|localhost:15160, s1|localhost:15164, s2|localhost:15168]|listeners:[], old=null}
2024-10-09 00:14:23,018 [s1@group-9FC63B188219-LeaderElection20] INFO  impl.LeaderElection (LogUtils.java:infoOrTrace(136)) - s1@group-9FC63B188219-LeaderElection20 got exception when requesting votes: java.util.concurrent.ExecutionException: java.io.IOException: The peer s4 is not alive.
2024-10-09 00:14:23,018 [s1@group-9FC63B188219-LeaderElection20] INFO  impl.LeaderElection (LogUtils.java:infoOrTrace(136)) - s1@group-9FC63B188219-LeaderElection20 got exception when requesting votes: java.util.concurrent.ExecutionException: java.io.IOException: The peer s2 is not alive.
2024-10-09 00:14:23,204 [s3@group-9FC63B188219-LeaderElection21] INFO  impl.LeaderElection (LeaderElection.java:logAndReturn(90)) - s3@group-9FC63B188219-LeaderElection21: PRE_VOTE TIMEOUT received 1 response(s) and 2 exception(s):
2024-10-09 00:14:23,204 [s3@group-9FC63B188219-LeaderElection21] INFO  impl.LeaderElection (LeaderElection.java:logAndReturn(94)) -   Response 0: s3<-s1#0:OK-t2
2024-10-09 00:14:23,204 [s3@group-9FC63B188219-LeaderElection21] INFO  impl.LeaderElection (LogUtils.java:infoOrTrace(136)) -   Exception 1: java.util.concurrent.ExecutionException: java.io.IOException: The peer s4 is not alive.
2024-10-09 00:14:23,204 [s3@group-9FC63B188219-LeaderElection21] INFO  impl.LeaderElection (LogUtils.java:infoOrTrace(136)) -   Exception 2: java.util.concurrent.ExecutionException: java.io.IOException: The peer s2 is not alive.
2024-10-09 00:14:23,204 [s3@group-9FC63B188219-LeaderElection21] INFO  impl.LeaderElection (LeaderElection.java:askForVotes(339)) - s3@group-9FC63B188219-LeaderElection21 PRE_VOTE round 79: result TIMEOUT
2024-10-09 00:14:23,204 [s3@group-9FC63B188219-LeaderElection21] INFO  impl.LeaderElection (LeaderElection.java:askForVotes(337)) - s3@group-9FC63B188219-LeaderElection21 PRE_VOTE round 80: submit vote requests at term 2 for conf: {index: 1, cur=peers:[s3|localhost:15172, s4|localhost:15176, s0|localhost:15160, s1|localhost:15164, s2|localhost:15168]|listeners:[], old=null}
2024-10-09 00:14:23,204 [HandlerDaemon-2] INFO  server.RaftServer$Division (RaftServerImpl.java:requestVote(1443)) - s1@group-9FC63B188219: receive requestVote(PRE_VOTE, s3, group-9FC63B188219, 2, (t:2, i:2))
2024-10-09 00:14:23,205 [s3@group-9FC63B188219-LeaderElection21] INFO  impl.LeaderElection (LogUtils.java:infoOrTrace(136)) - s3@group-9FC63B188219-LeaderElection21 got exception when requesting votes: java.util.concurrent.ExecutionException: java.io.IOException: The peer s4 is not alive.
2024-10-09 00:14:23,205 [HandlerDaemon-2] INFO  impl.VoteContext (VoteContext.java:log(49)) - s1@group-9FC63B188219-CANDIDATE: accept PRE_VOTE from s3: our priority 0 <= candidate's priority 0
2024-10-09 00:14:23,205 [s3@group-9FC63B188219-LeaderElection21] INFO  impl.LeaderElection (LogUtils.java:infoOrTrace(136)) - s3@group-9FC63B188219-LeaderElection21 got exception when requesting votes: java.util.concurrent.ExecutionException: java.io.IOException: The peer s2 is not alive.
2024-10-09 00:14:23,205 [HandlerDaemon-2] INFO  server.RaftServer$Division (RaftServerImpl.java:requestVote(1476)) - s1@group-9FC63B188219 replies to PRE_VOTE vote request: s3<-s1#0:OK-t2. Peer's state: s1@group-9FC63B188219:t2, leader=null, voted=s2, raftlog=Memoized:s1@group-9FC63B188219-SegmentedRaftLog:OPENED:c2:last(t:2, i:2), conf=conf: {index: 1, cur=peers:[s3|localhost:15172, s4|localhost:15176, s0|localhost:15160, s1|localhost:15164, s2|localhost:15168]|listeners:[], old=null}
2024-10-09 00:14:23,264 [s1@group-9FC63B188219-LeaderElection20] INFO  impl.LeaderElection (LeaderElection.java:logAndReturn(90)) - s1@group-9FC63B188219-LeaderElection20: PRE_VOTE TIMEOUT received 1 response(s) and 2 exception(s):
2024-10-09 00:14:23,264 [s1@group-9FC63B188219-LeaderElection20] INFO  impl.LeaderElection (LeaderElection.java:logAndReturn(94)) -   Response 0: s1<-s3#0:OK-t2
2024-10-09 00:14:23,264 [s1@group-9FC63B188219-LeaderElection20] INFO  impl.LeaderElection (LogUtils.java:infoOrTrace(136)) -   Exception 1: java.util.concurrent.ExecutionException: java.io.IOException: The peer s4 is not alive.
2024-10-09 00:14:23,264 [s1@group-9FC63B188219-LeaderElection20] INFO  impl.LeaderElection (LogUtils.java:infoOrTrace(136)) -   Exception 2: java.util.concurrent.ExecutionException: java.io.IOException: The peer s2 is not alive.
2024-10-09 00:14:23,264 [s1@group-9FC63B188219-LeaderElection20] INFO  impl.LeaderElection (LeaderElection.java:askForVotes(339)) - s1@group-9FC63B188219-LeaderElection20 PRE_VOTE round 96: result TIMEOUT
2024-10-09 00:14:23,264 [s1@group-9FC63B188219-LeaderElection20] INFO  impl.LeaderElection (LeaderElection.java:askForVotes(337)) - s1@group-9FC63B188219-LeaderElection20 PRE_VOTE round 97: submit vote requests at term 2 for conf: {index: 1, cur=peers:[s3|localhost:15172, s4|localhost:15176, s0|localhost:15160, s1|localhost:15164, s2|localhost:15168]|listeners:[], old=null}
2024-10-09 00:14:23,264 [HandlerDaemon-1] INFO  server.RaftServer$Division (RaftServerImpl.java:requestVote(1443)) - s3@group-9FC63B188219: receive requestVote(PRE_VOTE, s1, group-9FC63B188219, 2, (t:2, i:2))
2024-10-09 00:14:23,264 [HandlerDaemon-1] INFO  impl.VoteContext (VoteContext.java:log(49)) - s3@group-9FC63B188219-CANDIDATE: accept PRE_VOTE from s1: our priority 0 <= candidate's priority 0
2024-10-09 00:14:23,264 [HandlerDaemon-1] INFO  server.RaftServer$Division (RaftServerImpl.java:requestVote(1476)) - s3@group-9FC63B188219 replies to PRE_VOTE vote request: s1<-s3#0:OK-t2. Peer's state: s3@group-9FC63B188219:t2, leader=null, voted=s2, raftlog=Memoized:s3@group-9FC63B188219-SegmentedRaftLog:OPENED:c2:last(t:2, i:2), conf=conf: {index: 1, cur=peers:[s3|localhost:15172, s4|localhost:15176, s0|localhost:15160, s1|localhost:15164, s2|localhost:15168]|listeners:[], old=null}
2024-10-09 00:14:23,264 [s1@group-9FC63B188219-LeaderElection20] INFO  impl.LeaderElection (LogUtils.java:infoOrTrace(136)) - s1@group-9FC63B188219-LeaderElection20 got exception when requesting votes: java.util.concurrent.ExecutionException: java.io.IOException: The peer s4 is not alive.
2024-10-09 00:14:23,264 [s1@group-9FC63B188219-LeaderElection20] INFO  impl.LeaderElection (LogUtils.java:infoOrTrace(136)) - s1@group-9FC63B188219-LeaderElection20 got exception when requesting votes: java.util.concurrent.ExecutionException: java.io.IOException: The peer s2 is not alive.
2024-10-09 00:14:23,414 [main] WARN  ratis.RaftTestUtil (RaftTestUtil.java:lambda$waitForLeader$3(126)) - Attempt #50 failed: java.lang.IllegalStateException: No leader yet : printing ALL groups
  s3:  RUNNING CANDIDATE s3@group-9FC63B188219:t2, leader=null, voted=s2, raftlog=Memoized:s3@group-9FC63B188219-SegmentedRaftLog:OPENED:c2:last(t:2, i:2), conf=conf: {index: 1, cur=peers:[s3|localhost:15172, s4|localhost:15176, s0|localhost:15160, s1|localhost:15164, s2|localhost:15168]|listeners:[], old=null} RUNNING
  s4:   CLOSED    LEADER s4@group-9FC63B188219:t1, leader=s4, voted=s4, raftlog=Memoized:s4@group-9FC63B188219-SegmentedRaftLog:CLOSED:c0, conf=conf: {index: 0, cur=peers:[s3|localhost:15172, s4|localhost:15176, s0|localhost:15160, s1|localhost:15164, s2|localhost:15168]|listeners:[], old=null} CLOSED
  s0:  RUNNING  FOLLOWER s0@group-9FC63B188219:t1, leader=null, voted=null, raftlog=Memoized:s0@group-9FC63B188219-SegmentedRaftLog:OPENED:c-1:lastnull, conf=conf: {index: -1, cur=peers:[s3|localhost:15172, s4|localhost:15176, s0|localhost:15160, s1|localhost:15164, s2|localhost:15168]|listeners:[], old=null} RUNNING
  s1:  RUNNING CANDIDATE s1@group-9FC63B188219:t2, leader=null, voted=s2, raftlog=Memoized:s1@group-9FC63B188219-SegmentedRaftLog:OPENED:c2:last(t:2, i:2), conf=conf: {index: 1, cur=peers:[s3|localhost:15172, s4|localhost:15176, s0|localhost:15160, s1|localhost:15164, s2|localhost:15168]|listeners:[], old=null} RUNNING
  s2:   CLOSED    LEADER s2@group-9FC63B188219:t2, leader=s2, voted=s2, raftlog=Memoized:s2@group-9FC63B188219-SegmentedRaftLog:CLOSED:c2, conf=conf: {index: 1, cur=peers:[s3|localhost:15172, s4|localhost:15176, s0|localhost:15160, s1|localhost:15164, s2|localhost:15168]|listeners:[], old=null} CLOSED
2024-10-09 00:14:23,480 [s3@group-9FC63B188219-LeaderElection21] INFO  impl.LeaderElection (LeaderElection.java:logAndReturn(90)) - s3@group-9FC63B188219-LeaderElection21: PRE_VOTE TIMEOUT received 1 response(s) and 2 exception(s):
2024-10-09 00:14:23,480 [s3@group-9FC63B188219-LeaderElection21] INFO  impl.LeaderElection (LeaderElection.java:logAndReturn(94)) -   Response 0: s3<-s1#0:OK-t2
2024-10-09 00:14:23,480 [s3@group-9FC63B188219-LeaderElection21] INFO  impl.LeaderElection (LogUtils.java:infoOrTrace(136)) -   Exception 1: java.util.concurrent.ExecutionException: java.io.IOException: The peer s4 is not alive.
2024-10-09 00:14:23,480 [s3@group-9FC63B188219-LeaderElection21] INFO  impl.LeaderElection (LogUtils.java:infoOrTrace(136)) -   Exception 2: java.util.concurrent.ExecutionException: java.io.IOException: The peer s2 is not alive.
2024-10-09 00:14:23,480 [s3@group-9FC63B188219-LeaderElection21] INFO  impl.LeaderElection (LeaderElection.java:askForVotes(339)) - s3@group-9FC63B188219-LeaderElection21 PRE_VOTE round 80: result TIMEOUT
2024-10-09 00:14:23,480 [s3@group-9FC63B188219-LeaderElection21] INFO  impl.LeaderElection (LeaderElection.java:askForVotes(337)) - s3@group-9FC63B188219-LeaderElection21 PRE_VOTE round 81: submit vote requests at term 2 for conf: {index: 1, cur=peers:[s3|localhost:15172, s4|localhost:15176, s0|localhost:15160, s1|localhost:15164, s2|localhost:15168]|listeners:[], old=null}
2024-10-09 00:14:23,480 [HandlerDaemon-0] INFO  server.RaftServer$Division (RaftServerImpl.java:requestVote(1443)) - s1@group-9FC63B188219: receive requestVote(PRE_VOTE, s3, group-9FC63B188219, 2, (t:2, i:2))
2024-10-09 00:14:23,481 [HandlerDaemon-0] INFO  impl.VoteContext (VoteContext.java:log(49)) - s1@group-9FC63B188219-CANDIDATE: accept PRE_VOTE from s3: our priority 0 <= candidate's priority 0
2024-10-09 00:14:23,481 [s3@group-9FC63B188219-LeaderElection21] INFO  impl.LeaderElection (LogUtils.java:infoOrTrace(136)) - s3@group-9FC63B188219-LeaderElection21 got exception when requesting votes: java.util.concurrent.ExecutionException: java.io.IOException: The peer s4 is not alive.
2024-10-09 00:14:23,481 [HandlerDaemon-0] INFO  server.RaftServer$Division (RaftServerImpl.java:requestVote(1476)) - s1@group-9FC63B188219 replies to PRE_VOTE vote request: s3<-s1#0:OK-t2. Peer's state: s1@group-9FC63B188219:t2, leader=null, voted=s2, raftlog=Memoized:s1@group-9FC63B188219-SegmentedRaftLog:OPENED:c2:last(t:2, i:2), conf=conf: {index: 1, cur=peers:[s3|localhost:15172, s4|localhost:15176, s0|localhost:15160, s1|localhost:15164, s2|localhost:15168]|listeners:[], old=null}
2024-10-09 00:14:23,481 [s3@group-9FC63B188219-LeaderElection21] INFO  impl.LeaderElection (LogUtils.java:infoOrTrace(136)) - s3@group-9FC63B188219-LeaderElection21 got exception when requesting votes: java.util.concurrent.ExecutionException: java.io.IOException: The peer s2 is not alive.
2024-10-09 00:14:23,515 [s1@group-9FC63B188219-LeaderElection20] INFO  impl.LeaderElection (LeaderElection.java:logAndReturn(90)) - s1@group-9FC63B188219-LeaderElection20: PRE_VOTE TIMEOUT received 1 response(s) and 2 exception(s):
2024-10-09 00:14:23,516 [s1@group-9FC63B188219-LeaderElection20] INFO  impl.LeaderElection (LeaderElection.java:logAndReturn(94)) -   Response 0: s1<-s3#0:OK-t2
2024-10-09 00:14:23,516 [s1@group-9FC63B188219-LeaderElection20] INFO  impl.LeaderElection (LogUtils.java:infoOrTrace(136)) -   Exception 1: java.util.concurrent.ExecutionException: java.io.IOException: The peer s4 is not alive.
2024-10-09 00:14:23,516 [s1@group-9FC63B188219-LeaderElection20] INFO  impl.LeaderElection (LogUtils.java:infoOrTrace(136)) -   Exception 2: java.util.concurrent.ExecutionException: java.io.IOException: The peer s2 is not alive.
2024-10-09 00:14:23,516 [s1@group-9FC63B188219-LeaderElection20] INFO  impl.LeaderElection (LeaderElection.java:askForVotes(339)) - s1@group-9FC63B188219-LeaderElection20 PRE_VOTE round 97: result TIMEOUT
2024-10-09 00:14:23,516 [s1@group-9FC63B188219-LeaderElection20] INFO  impl.LeaderElection (LeaderElection.java:askForVotes(337)) - s1@group-9FC63B188219-LeaderElection20 PRE_VOTE round 98: submit vote requests at term 2 for conf: {index: 1, cur=peers:[s3|localhost:15172, s4|localhost:15176, s0|localhost:15160, s1|localhost:15164, s2|localhost:15168]|listeners:[], old=null}
2024-10-09 00:14:23,516 [HandlerDaemon-2] INFO  server.RaftServer$Division (RaftServerImpl.java:requestVote(1443)) - s3@group-9FC63B188219: receive requestVote(PRE_VOTE, s1, group-9FC63B188219, 2, (t:2, i:2))
2024-10-09 00:14:23,516 [HandlerDaemon-2] INFO  impl.VoteContext (VoteContext.java:log(49)) - s3@group-9FC63B188219-CANDIDATE: accept PRE_VOTE from s1: our priority 0 <= candidate's priority 0
2024-10-09 00:14:23,516 [HandlerDaemon-2] INFO  server.RaftServer$Division (RaftServerImpl.java:requestVote(1476)) - s3@group-9FC63B188219 replies to PRE_VOTE vote request: s1<-s3#0:OK-t2. Peer's state: s3@group-9FC63B188219:t2, leader=null, voted=s2, raftlog=Memoized:s3@group-9FC63B188219-SegmentedRaftLog:OPENED:c2:last(t:2, i:2), conf=conf: {index: 1, cur=peers:[s3|localhost:15172, s4|localhost:15176, s0|localhost:15160, s1|localhost:15164, s2|localhost:15168]|listeners:[], old=null}
2024-10-09 00:14:23,516 [s1@group-9FC63B188219-LeaderElection20] INFO  impl.LeaderElection (LogUtils.java:infoOrTrace(136)) - s1@group-9FC63B188219-LeaderElection20 got exception when requesting votes: java.util.concurrent.ExecutionException: java.io.IOException: The peer s4 is not alive.
2024-10-09 00:14:23,516 [s1@group-9FC63B188219-LeaderElection20] INFO  impl.LeaderElection (LogUtils.java:infoOrTrace(136)) - s1@group-9FC63B188219-LeaderElection20 got exception when requesting votes: java.util.concurrent.ExecutionException: java.io.IOException: The peer s2 is not alive.
2024-10-09 00:14:23,720 [s3@group-9FC63B188219-LeaderElection21] INFO  impl.LeaderElection (LeaderElection.java:logAndReturn(90)) - s3@group-9FC63B188219-LeaderElection21: PRE_VOTE TIMEOUT received 1 response(s) and 2 exception(s):
2024-10-09 00:14:23,720 [s3@group-9FC63B188219-LeaderElection21] INFO  impl.LeaderElection (LeaderElection.java:logAndReturn(94)) -   Response 0: s3<-s1#0:OK-t2
2024-10-09 00:14:23,720 [s3@group-9FC63B188219-LeaderElection21] INFO  impl.LeaderElection (LogUtils.java:infoOrTrace(136)) -   Exception 1: java.util.concurrent.ExecutionException: java.io.IOException: The peer s4 is not alive.
2024-10-09 00:14:23,720 [s3@group-9FC63B188219-LeaderElection21] INFO  impl.LeaderElection (LogUtils.java:infoOrTrace(136)) -   Exception 2: java.util.concurrent.ExecutionException: java.io.IOException: The peer s2 is not alive.
2024-10-09 00:14:23,720 [s3@group-9FC63B188219-LeaderElection21] INFO  impl.LeaderElection (LeaderElection.java:askForVotes(339)) - s3@group-9FC63B188219-LeaderElection21 PRE_VOTE round 81: result TIMEOUT
2024-10-09 00:14:23,720 [s3@group-9FC63B188219-LeaderElection21] INFO  impl.LeaderElection (LeaderElection.java:askForVotes(337)) - s3@group-9FC63B188219-LeaderElection21 PRE_VOTE round 82: submit vote requests at term 2 for conf: {index: 1, cur=peers:[s3|localhost:15172, s4|localhost:15176, s0|localhost:15160, s1|localhost:15164, s2|localhost:15168]|listeners:[], old=null}
2024-10-09 00:14:23,720 [HandlerDaemon-1] INFO  server.RaftServer$Division (RaftServerImpl.java:requestVote(1443)) - s1@group-9FC63B188219: receive requestVote(PRE_VOTE, s3, group-9FC63B188219, 2, (t:2, i:2))
2024-10-09 00:14:23,720 [s3@group-9FC63B188219-LeaderElection21] INFO  impl.LeaderElection (LogUtils.java:infoOrTrace(136)) - s3@group-9FC63B188219-LeaderElection21 got exception when requesting votes: java.util.concurrent.ExecutionException: java.io.IOException: The peer s4 is not alive.
2024-10-09 00:14:23,720 [HandlerDaemon-1] INFO  impl.VoteContext (VoteContext.java:log(49)) - s1@group-9FC63B188219-CANDIDATE: accept PRE_VOTE from s3: our priority 0 <= candidate's priority 0
2024-10-09 00:14:23,721 [s3@group-9FC63B188219-LeaderElection21] INFO  impl.LeaderElection (LogUtils.java:infoOrTrace(136)) - s3@group-9FC63B188219-LeaderElection21 got exception when requesting votes: java.util.concurrent.ExecutionException: java.io.IOException: The peer s2 is not alive.
2024-10-09 00:14:23,721 [HandlerDaemon-1] INFO  server.RaftServer$Division (RaftServerImpl.java:requestVote(1476)) - s1@group-9FC63B188219 replies to PRE_VOTE vote request: s3<-s1#0:OK-t2. Peer's state: s1@group-9FC63B188219:t2, leader=null, voted=s2, raftlog=Memoized:s1@group-9FC63B188219-SegmentedRaftLog:OPENED:c2:last(t:2, i:2), conf=conf: {index: 1, cur=peers:[s3|localhost:15172, s4|localhost:15176, s0|localhost:15160, s1|localhost:15164, s2|localhost:15168]|listeners:[], old=null}
2024-10-09 00:14:23,806 [s1@group-9FC63B188219-LeaderElection20] INFO  impl.LeaderElection (LeaderElection.java:logAndReturn(90)) - s1@group-9FC63B188219-LeaderElection20: PRE_VOTE TIMEOUT received 1 response(s) and 2 exception(s):
2024-10-09 00:14:23,806 [s1@group-9FC63B188219-LeaderElection20] INFO  impl.LeaderElection (LeaderElection.java:logAndReturn(94)) -   Response 0: s1<-s3#0:OK-t2
2024-10-09 00:14:23,806 [s1@group-9FC63B188219-LeaderElection20] INFO  impl.LeaderElection (LogUtils.java:infoOrTrace(136)) -   Exception 1: java.util.concurrent.ExecutionException: java.io.IOException: The peer s4 is not alive.
2024-10-09 00:14:23,806 [s1@group-9FC63B188219-LeaderElection20] INFO  impl.LeaderElection (LogUtils.java:infoOrTrace(136)) -   Exception 2: java.util.concurrent.ExecutionException: java.io.IOException: The peer s2 is not alive.
2024-10-09 00:14:23,807 [s1@group-9FC63B188219-LeaderElection20] INFO  impl.LeaderElection (LeaderElection.java:askForVotes(339)) - s1@group-9FC63B188219-LeaderElection20 PRE_VOTE round 98: result TIMEOUT
2024-10-09 00:14:23,807 [s1@group-9FC63B188219-LeaderElection20] INFO  impl.LeaderElection (LeaderElection.java:askForVotes(337)) - s1@group-9FC63B188219-LeaderElection20 PRE_VOTE round 99: submit vote requests at term 2 for conf: {index: 1, cur=peers:[s3|localhost:15172, s4|localhost:15176, s0|localhost:15160, s1|localhost:15164, s2|localhost:15168]|listeners:[], old=null}
2024-10-09 00:14:23,807 [HandlerDaemon-0] INFO  server.RaftServer$Division (RaftServerImpl.java:requestVote(1443)) - s3@group-9FC63B188219: receive requestVote(PRE_VOTE, s1, group-9FC63B188219, 2, (t:2, i:2))
2024-10-09 00:14:23,807 [HandlerDaemon-0] INFO  impl.VoteContext (VoteContext.java:log(49)) - s3@group-9FC63B188219-CANDIDATE: accept PRE_VOTE from s1: our priority 0 <= candidate's priority 0
2024-10-09 00:14:23,807 [s1@group-9FC63B188219-LeaderElection20] INFO  impl.LeaderElection (LogUtils.java:infoOrTrace(136)) - s1@group-9FC63B188219-LeaderElection20 got exception when requesting votes: java.util.concurrent.ExecutionException: java.io.IOException: The peer s4 is not alive.
2024-10-09 00:14:23,807 [HandlerDaemon-0] INFO  server.RaftServer$Division (RaftServerImpl.java:requestVote(1476)) - s3@group-9FC63B188219 replies to PRE_VOTE vote request: s1<-s3#0:OK-t2. Peer's state: s3@group-9FC63B188219:t2, leader=null, voted=s2, raftlog=Memoized:s3@group-9FC63B188219-SegmentedRaftLog:OPENED:c2:last(t:2, i:2), conf=conf: {index: 1, cur=peers:[s3|localhost:15172, s4|localhost:15176, s0|localhost:15160, s1|localhost:15164, s2|localhost:15168]|listeners:[], old=null}
2024-10-09 00:14:23,807 [s1@group-9FC63B188219-LeaderElection20] INFO  impl.LeaderElection (LogUtils.java:infoOrTrace(136)) - s1@group-9FC63B188219-LeaderElection20 got exception when requesting votes: java.util.concurrent.ExecutionException: java.io.IOException: The peer s2 is not alive.
2024-10-09 00:14:23,865 [main] WARN  ratis.RaftTestUtil (RaftTestUtil.java:lambda$waitForLeader$3(126)) - Attempt #51 failed: java.lang.IllegalStateException: No leader yet : printing ALL groups
  s3:  RUNNING CANDIDATE s3@group-9FC63B188219:t2, leader=null, voted=s2, raftlog=Memoized:s3@group-9FC63B188219-SegmentedRaftLog:OPENED:c2:last(t:2, i:2), conf=conf: {index: 1, cur=peers:[s3|localhost:15172, s4|localhost:15176, s0|localhost:15160, s1|localhost:15164, s2|localhost:15168]|listeners:[], old=null} RUNNING
  s4:   CLOSED    LEADER s4@group-9FC63B188219:t1, leader=s4, voted=s4, raftlog=Memoized:s4@group-9FC63B188219-SegmentedRaftLog:CLOSED:c0, conf=conf: {index: 0, cur=peers:[s3|localhost:15172, s4|localhost:15176, s0|localhost:15160, s1|localhost:15164, s2|localhost:15168]|listeners:[], old=null} CLOSED
  s0:  RUNNING  FOLLOWER s0@group-9FC63B188219:t1, leader=null, voted=null, raftlog=Memoized:s0@group-9FC63B188219-SegmentedRaftLog:OPENED:c-1:lastnull, conf=conf: {index: -1, cur=peers:[s3|localhost:15172, s4|localhost:15176, s0|localhost:15160, s1|localhost:15164, s2|localhost:15168]|listeners:[], old=null} RUNNING
  s1:  RUNNING CANDIDATE s1@group-9FC63B188219:t2, leader=null, voted=s2, raftlog=Memoized:s1@group-9FC63B188219-SegmentedRaftLog:OPENED:c2:last(t:2, i:2), conf=conf: {index: 1, cur=peers:[s3|localhost:15172, s4|localhost:15176, s0|localhost:15160, s1|localhost:15164, s2|localhost:15168]|listeners:[], old=null} RUNNING
  s2:   CLOSED    LEADER s2@group-9FC63B188219:t2, leader=s2, voted=s2, raftlog=Memoized:s2@group-9FC63B188219-SegmentedRaftLog:CLOSED:c2, conf=conf: {index: 1, cur=peers:[s3|localhost:15172, s4|localhost:15176, s0|localhost:15160, s1|localhost:15164, s2|localhost:15168]|listeners:[], old=null} CLOSED
2024-10-09 00:14:23,968 [s1@group-9FC63B188219-LeaderElection20] INFO  impl.LeaderElection (LeaderElection.java:logAndReturn(90)) - s1@group-9FC63B188219-LeaderElection20: PRE_VOTE TIMEOUT received 1 response(s) and 2 exception(s):
2024-10-09 00:14:23,968 [s1@group-9FC63B188219-LeaderElection20] INFO  impl.LeaderElection (LeaderElection.java:logAndReturn(94)) -   Response 0: s1<-s3#0:OK-t2
2024-10-09 00:14:23,968 [s1@group-9FC63B188219-LeaderElection20] INFO  impl.LeaderElection (LogUtils.java:infoOrTrace(136)) -   Exception 1: java.util.concurrent.ExecutionException: java.io.IOException: The peer s4 is not alive.
2024-10-09 00:14:23,968 [s1@group-9FC63B188219-LeaderElection20] INFO  impl.LeaderElection (LogUtils.java:infoOrTrace(136)) -   Exception 2: java.util.concurrent.ExecutionException: java.io.IOException: The peer s2 is not alive.
2024-10-09 00:14:23,968 [s1@group-9FC63B188219-LeaderElection20] INFO  impl.LeaderElection (LeaderElection.java:askForVotes(339)) - s1@group-9FC63B188219-LeaderElection20 PRE_VOTE round 99: result TIMEOUT
2024-10-09 00:14:23,968 [s1@group-9FC63B188219-LeaderElection20] INFO  impl.LeaderElection (LeaderElection.java:askForVotes(337)) - s1@group-9FC63B188219-LeaderElection20 PRE_VOTE round 100: submit vote requests at term 2 for conf: {index: 1, cur=peers:[s3|localhost:15172, s4|localhost:15176, s0|localhost:15160, s1|localhost:15164, s2|localhost:15168]|listeners:[], old=null}
2024-10-09 00:14:23,969 [HandlerDaemon-1] INFO  server.RaftServer$Division (RaftServerImpl.java:requestVote(1443)) - s3@group-9FC63B188219: receive requestVote(PRE_VOTE, s1, group-9FC63B188219, 2, (t:2, i:2))
2024-10-09 00:14:23,969 [HandlerDaemon-1] INFO  impl.VoteContext (VoteContext.java:log(49)) - s3@group-9FC63B188219-CANDIDATE: accept PRE_VOTE from s1: our priority 0 <= candidate's priority 0
2024-10-09 00:14:23,969 [HandlerDaemon-1] INFO  server.RaftServer$Division (RaftServerImpl.java:requestVote(1476)) - s3@group-9FC63B188219 replies to PRE_VOTE vote request: s1<-s3#0:OK-t2. Peer's state: s3@group-9FC63B188219:t2, leader=null, voted=s2, raftlog=Memoized:s3@group-9FC63B188219-SegmentedRaftLog:OPENED:c2:last(t:2, i:2), conf=conf: {index: 1, cur=peers:[s3|localhost:15172, s4|localhost:15176, s0|localhost:15160, s1|localhost:15164, s2|localhost:15168]|listeners:[], old=null}
2024-10-09 00:14:23,969 [s1@group-9FC63B188219-LeaderElection20] INFO  impl.LeaderElection (LogUtils.java:infoOrTrace(136)) - s1@group-9FC63B188219-LeaderElection20 got exception when requesting votes: java.util.concurrent.ExecutionException: java.io.IOException: The peer s4 is not alive.
2024-10-09 00:14:23,969 [s1@group-9FC63B188219-LeaderElection20] INFO  impl.LeaderElection (LogUtils.java:infoOrTrace(136)) - s1@group-9FC63B188219-LeaderElection20 got exception when requesting votes: java.util.concurrent.ExecutionException: java.io.IOException: The peer s2 is not alive.
2024-10-09 00:14:24,003 [s3@group-9FC63B188219-LeaderElection21] INFO  impl.LeaderElection (LeaderElection.java:logAndReturn(90)) - s3@group-9FC63B188219-LeaderElection21: PRE_VOTE TIMEOUT received 1 response(s) and 2 exception(s):
2024-10-09 00:14:24,004 [s3@group-9FC63B188219-LeaderElection21] INFO  impl.LeaderElection (LeaderElection.java:logAndReturn(94)) -   Response 0: s3<-s1#0:OK-t2
2024-10-09 00:14:24,004 [s3@group-9FC63B188219-LeaderElection21] INFO  impl.LeaderElection (LogUtils.java:infoOrTrace(136)) -   Exception 1: java.util.concurrent.ExecutionException: java.io.IOException: The peer s4 is not alive.
2024-10-09 00:14:24,004 [s3@group-9FC63B188219-LeaderElection21] INFO  impl.LeaderElection (LogUtils.java:infoOrTrace(136)) -   Exception 2: java.util.concurrent.ExecutionException: java.io.IOException: The peer s2 is not alive.
2024-10-09 00:14:24,004 [s3@group-9FC63B188219-LeaderElection21] INFO  impl.LeaderElection (LeaderElection.java:askForVotes(339)) - s3@group-9FC63B188219-LeaderElection21 PRE_VOTE round 82: result TIMEOUT
2024-10-09 00:14:24,004 [s3@group-9FC63B188219-LeaderElection21] INFO  impl.LeaderElection (LeaderElection.java:askForVotes(337)) - s3@group-9FC63B188219-LeaderElection21 PRE_VOTE round 83: submit vote requests at term 2 for conf: {index: 1, cur=peers:[s3|localhost:15172, s4|localhost:15176, s0|localhost:15160, s1|localhost:15164, s2|localhost:15168]|listeners:[], old=null}
2024-10-09 00:14:24,004 [HandlerDaemon-2] INFO  server.RaftServer$Division (RaftServerImpl.java:requestVote(1443)) - s1@group-9FC63B188219: receive requestVote(PRE_VOTE, s3, group-9FC63B188219, 2, (t:2, i:2))
2024-10-09 00:14:24,004 [s3@group-9FC63B188219-LeaderElection21] INFO  impl.LeaderElection (LogUtils.java:infoOrTrace(136)) - s3@group-9FC63B188219-LeaderElection21 got exception when requesting votes: java.util.concurrent.ExecutionException: java.io.IOException: The peer s4 is not alive.
2024-10-09 00:14:24,004 [HandlerDaemon-2] INFO  impl.VoteContext (VoteContext.java:log(49)) - s1@group-9FC63B188219-CANDIDATE: accept PRE_VOTE from s3: our priority 0 <= candidate's priority 0
2024-10-09 00:14:24,004 [s3@group-9FC63B188219-LeaderElection21] INFO  impl.LeaderElection (LogUtils.java:infoOrTrace(136)) - s3@group-9FC63B188219-LeaderElection21 got exception when requesting votes: java.util.concurrent.ExecutionException: java.io.IOException: The peer s2 is not alive.
2024-10-09 00:14:24,005 [HandlerDaemon-2] INFO  server.RaftServer$Division (RaftServerImpl.java:requestVote(1476)) - s1@group-9FC63B188219 replies to PRE_VOTE vote request: s3<-s1#0:OK-t2. Peer's state: s1@group-9FC63B188219:t2, leader=null, voted=s2, raftlog=Memoized:s1@group-9FC63B188219-SegmentedRaftLog:OPENED:c2:last(t:2, i:2), conf=conf: {index: 1, cur=peers:[s3|localhost:15172, s4|localhost:15176, s0|localhost:15160, s1|localhost:15164, s2|localhost:15168]|listeners:[], old=null}
2024-10-09 00:14:24,213 [s1@group-9FC63B188219-LeaderElection20] INFO  impl.LeaderElection (LeaderElection.java:logAndReturn(90)) - s1@group-9FC63B188219-LeaderElection20: PRE_VOTE TIMEOUT received 1 response(s) and 2 exception(s):
2024-10-09 00:14:24,213 [s1@group-9FC63B188219-LeaderElection20] INFO  impl.LeaderElection (LeaderElection.java:logAndReturn(94)) -   Response 0: s1<-s3#0:OK-t2
2024-10-09 00:14:24,213 [s1@group-9FC63B188219-LeaderElection20] INFO  impl.LeaderElection (LogUtils.java:infoOrTrace(136)) -   Exception 1: java.util.concurrent.ExecutionException: java.io.IOException: The peer s4 is not alive.
2024-10-09 00:14:24,213 [s1@group-9FC63B188219-LeaderElection20] INFO  impl.LeaderElection (LogUtils.java:infoOrTrace(136)) -   Exception 2: java.util.concurrent.ExecutionException: java.io.IOException: The peer s2 is not alive.
2024-10-09 00:14:24,213 [s1@group-9FC63B188219-LeaderElection20] INFO  impl.LeaderElection (LeaderElection.java:askForVotes(339)) - s1@group-9FC63B188219-LeaderElection20 PRE_VOTE round 100: result TIMEOUT
2024-10-09 00:14:24,213 [s1@group-9FC63B188219-LeaderElection20] INFO  impl.LeaderElection (LeaderElection.java:askForVotes(337)) - s1@group-9FC63B188219-LeaderElection20 PRE_VOTE round 101: submit vote requests at term 2 for conf: {index: 1, cur=peers:[s3|localhost:15172, s4|localhost:15176, s0|localhost:15160, s1|localhost:15164, s2|localhost:15168]|listeners:[], old=null}
2024-10-09 00:14:24,214 [HandlerDaemon-2] INFO  server.RaftServer$Division (RaftServerImpl.java:requestVote(1443)) - s3@group-9FC63B188219: receive requestVote(PRE_VOTE, s1, group-9FC63B188219, 2, (t:2, i:2))
2024-10-09 00:14:24,214 [HandlerDaemon-2] INFO  impl.VoteContext (VoteContext.java:log(49)) - s3@group-9FC63B188219-CANDIDATE: accept PRE_VOTE from s1: our priority 0 <= candidate's priority 0
2024-10-09 00:14:24,214 [HandlerDaemon-2] INFO  server.RaftServer$Division (RaftServerImpl.java:requestVote(1476)) - s3@group-9FC63B188219 replies to PRE_VOTE vote request: s1<-s3#0:OK-t2. Peer's state: s3@group-9FC63B188219:t2, leader=null, voted=s2, raftlog=Memoized:s3@group-9FC63B188219-SegmentedRaftLog:OPENED:c2:last(t:2, i:2), conf=conf: {index: 1, cur=peers:[s3|localhost:15172, s4|localhost:15176, s0|localhost:15160, s1|localhost:15164, s2|localhost:15168]|listeners:[], old=null}
2024-10-09 00:14:24,214 [s1@group-9FC63B188219-LeaderElection20] INFO  impl.LeaderElection (LogUtils.java:infoOrTrace(136)) - s1@group-9FC63B188219-LeaderElection20 got exception when requesting votes: java.util.concurrent.ExecutionException: java.io.IOException: The peer s4 is not alive.
2024-10-09 00:14:24,214 [s1@group-9FC63B188219-LeaderElection20] INFO  impl.LeaderElection (LogUtils.java:infoOrTrace(136)) - s1@group-9FC63B188219-LeaderElection20 got exception when requesting votes: java.util.concurrent.ExecutionException: java.io.IOException: The peer s2 is not alive.
2024-10-09 00:14:24,302 [s3@group-9FC63B188219-LeaderElection21] INFO  impl.LeaderElection (LeaderElection.java:logAndReturn(90)) - s3@group-9FC63B188219-LeaderElection21: PRE_VOTE TIMEOUT received 1 response(s) and 2 exception(s):
2024-10-09 00:14:24,302 [s3@group-9FC63B188219-LeaderElection21] INFO  impl.LeaderElection (LeaderElection.java:logAndReturn(94)) -   Response 0: s3<-s1#0:OK-t2
2024-10-09 00:14:24,303 [s3@group-9FC63B188219-LeaderElection21] INFO  impl.LeaderElection (LogUtils.java:infoOrTrace(136)) -   Exception 1: java.util.concurrent.ExecutionException: java.io.IOException: The peer s4 is not alive.
2024-10-09 00:14:24,303 [s3@group-9FC63B188219-LeaderElection21] INFO  impl.LeaderElection (LogUtils.java:infoOrTrace(136)) -   Exception 2: java.util.concurrent.ExecutionException: java.io.IOException: The peer s2 is not alive.
2024-10-09 00:14:24,303 [s3@group-9FC63B188219-LeaderElection21] INFO  impl.LeaderElection (LeaderElection.java:askForVotes(339)) - s3@group-9FC63B188219-LeaderElection21 PRE_VOTE round 83: result TIMEOUT
2024-10-09 00:14:24,303 [s3@group-9FC63B188219-LeaderElection21] INFO  impl.LeaderElection (LeaderElection.java:askForVotes(337)) - s3@group-9FC63B188219-LeaderElection21 PRE_VOTE round 84: submit vote requests at term 2 for conf: {index: 1, cur=peers:[s3|localhost:15172, s4|localhost:15176, s0|localhost:15160, s1|localhost:15164, s2|localhost:15168]|listeners:[], old=null}
2024-10-09 00:14:24,303 [HandlerDaemon-0] INFO  server.RaftServer$Division (RaftServerImpl.java:requestVote(1443)) - s1@group-9FC63B188219: receive requestVote(PRE_VOTE, s3, group-9FC63B188219, 2, (t:2, i:2))
2024-10-09 00:14:24,303 [s3@group-9FC63B188219-LeaderElection21] INFO  impl.LeaderElection (LogUtils.java:infoOrTrace(136)) - s3@group-9FC63B188219-LeaderElection21 got exception when requesting votes: java.util.concurrent.ExecutionException: java.io.IOException: The peer s4 is not alive.
2024-10-09 00:14:24,303 [HandlerDaemon-0] INFO  impl.VoteContext (VoteContext.java:log(49)) - s1@group-9FC63B188219-CANDIDATE: accept PRE_VOTE from s3: our priority 0 <= candidate's priority 0
2024-10-09 00:14:24,303 [s3@group-9FC63B188219-LeaderElection21] INFO  impl.LeaderElection (LogUtils.java:infoOrTrace(136)) - s3@group-9FC63B188219-LeaderElection21 got exception when requesting votes: java.util.concurrent.ExecutionException: java.io.IOException: The peer s2 is not alive.
2024-10-09 00:14:24,303 [HandlerDaemon-0] INFO  server.RaftServer$Division (RaftServerImpl.java:requestVote(1476)) - s1@group-9FC63B188219 replies to PRE_VOTE vote request: s3<-s1#0:OK-t2. Peer's state: s1@group-9FC63B188219:t2, leader=null, voted=s2, raftlog=Memoized:s1@group-9FC63B188219-SegmentedRaftLog:OPENED:c2:last(t:2, i:2), conf=conf: {index: 1, cur=peers:[s3|localhost:15172, s4|localhost:15176, s0|localhost:15160, s1|localhost:15164, s2|localhost:15168]|listeners:[], old=null}
2024-10-09 00:14:24,315 [main] WARN  ratis.RaftTestUtil (RaftTestUtil.java:lambda$waitForLeader$3(126)) - Attempt #52 failed: java.lang.IllegalStateException: No leader yet : printing ALL groups
  s3:  RUNNING CANDIDATE s3@group-9FC63B188219:t2, leader=null, voted=s2, raftlog=Memoized:s3@group-9FC63B188219-SegmentedRaftLog:OPENED:c2:last(t:2, i:2), conf=conf: {index: 1, cur=peers:[s3|localhost:15172, s4|localhost:15176, s0|localhost:15160, s1|localhost:15164, s2|localhost:15168]|listeners:[], old=null} RUNNING
  s4:   CLOSED    LEADER s4@group-9FC63B188219:t1, leader=s4, voted=s4, raftlog=Memoized:s4@group-9FC63B188219-SegmentedRaftLog:CLOSED:c0, conf=conf: {index: 0, cur=peers:[s3|localhost:15172, s4|localhost:15176, s0|localhost:15160, s1|localhost:15164, s2|localhost:15168]|listeners:[], old=null} CLOSED
  s0:  RUNNING  FOLLOWER s0@group-9FC63B188219:t1, leader=null, voted=null, raftlog=Memoized:s0@group-9FC63B188219-SegmentedRaftLog:OPENED:c-1:lastnull, conf=conf: {index: -1, cur=peers:[s3|localhost:15172, s4|localhost:15176, s0|localhost:15160, s1|localhost:15164, s2|localhost:15168]|listeners:[], old=null} RUNNING
  s1:  RUNNING CANDIDATE s1@group-9FC63B188219:t2, leader=null, voted=s2, raftlog=Memoized:s1@group-9FC63B188219-SegmentedRaftLog:OPENED:c2:last(t:2, i:2), conf=conf: {index: 1, cur=peers:[s3|localhost:15172, s4|localhost:15176, s0|localhost:15160, s1|localhost:15164, s2|localhost:15168]|listeners:[], old=null} RUNNING
  s2:   CLOSED    LEADER s2@group-9FC63B188219:t2, leader=s2, voted=s2, raftlog=Memoized:s2@group-9FC63B188219-SegmentedRaftLog:CLOSED:c2, conf=conf: {index: 1, cur=peers:[s3|localhost:15172, s4|localhost:15176, s0|localhost:15160, s1|localhost:15164, s2|localhost:15168]|listeners:[], old=null} CLOSED
2024-10-09 00:14:24,465 [s3@group-9FC63B188219-LeaderElection21] INFO  impl.LeaderElection (LeaderElection.java:logAndReturn(90)) - s3@group-9FC63B188219-LeaderElection21: PRE_VOTE TIMEOUT received 1 response(s) and 2 exception(s):
2024-10-09 00:14:24,465 [s3@group-9FC63B188219-LeaderElection21] INFO  impl.LeaderElection (LeaderElection.java:logAndReturn(94)) -   Response 0: s3<-s1#0:OK-t2
2024-10-09 00:14:24,465 [s3@group-9FC63B188219-LeaderElection21] INFO  impl.LeaderElection (LogUtils.java:infoOrTrace(136)) -   Exception 1: java.util.concurrent.ExecutionException: java.io.IOException: The peer s4 is not alive.
2024-10-09 00:14:24,465 [s3@group-9FC63B188219-LeaderElection21] INFO  impl.LeaderElection (LogUtils.java:infoOrTrace(136)) -   Exception 2: java.util.concurrent.ExecutionException: java.io.IOException: The peer s2 is not alive.
2024-10-09 00:14:24,465 [s3@group-9FC63B188219-LeaderElection21] INFO  impl.LeaderElection (LeaderElection.java:askForVotes(339)) - s3@group-9FC63B188219-LeaderElection21 PRE_VOTE round 84: result TIMEOUT
2024-10-09 00:14:24,466 [s3@group-9FC63B188219-LeaderElection21] INFO  impl.LeaderElection (LeaderElection.java:askForVotes(337)) - s3@group-9FC63B188219-LeaderElection21 PRE_VOTE round 85: submit vote requests at term 2 for conf: {index: 1, cur=peers:[s3|localhost:15172, s4|localhost:15176, s0|localhost:15160, s1|localhost:15164, s2|localhost:15168]|listeners:[], old=null}
2024-10-09 00:14:24,466 [HandlerDaemon-1] INFO  server.RaftServer$Division (RaftServerImpl.java:requestVote(1443)) - s1@group-9FC63B188219: receive requestVote(PRE_VOTE, s3, group-9FC63B188219, 2, (t:2, i:2))
2024-10-09 00:14:24,466 [s3@group-9FC63B188219-LeaderElection21] INFO  impl.LeaderElection (LogUtils.java:infoOrTrace(136)) - s3@group-9FC63B188219-LeaderElection21 got exception when requesting votes: java.util.concurrent.ExecutionException: java.io.IOException: The peer s4 is not alive.
2024-10-09 00:14:24,466 [HandlerDaemon-1] INFO  impl.VoteContext (VoteContext.java:log(49)) - s1@group-9FC63B188219-CANDIDATE: accept PRE_VOTE from s3: our priority 0 <= candidate's priority 0
2024-10-09 00:14:24,466 [s3@group-9FC63B188219-LeaderElection21] INFO  impl.LeaderElection (LogUtils.java:infoOrTrace(136)) - s3@group-9FC63B188219-LeaderElection21 got exception when requesting votes: java.util.concurrent.ExecutionException: java.io.IOException: The peer s2 is not alive.
2024-10-09 00:14:24,466 [HandlerDaemon-1] INFO  server.RaftServer$Division (RaftServerImpl.java:requestVote(1476)) - s1@group-9FC63B188219 replies to PRE_VOTE vote request: s3<-s1#0:OK-t2. Peer's state: s1@group-9FC63B188219:t2, leader=null, voted=s2, raftlog=Memoized:s1@group-9FC63B188219-SegmentedRaftLog:OPENED:c2:last(t:2, i:2), conf=conf: {index: 1, cur=peers:[s3|localhost:15172, s4|localhost:15176, s0|localhost:15160, s1|localhost:15164, s2|localhost:15168]|listeners:[], old=null}
2024-10-09 00:14:24,482 [s1@group-9FC63B188219-LeaderElection20] INFO  impl.LeaderElection (LeaderElection.java:logAndReturn(90)) - s1@group-9FC63B188219-LeaderElection20: PRE_VOTE TIMEOUT received 1 response(s) and 2 exception(s):
2024-10-09 00:14:24,482 [s1@group-9FC63B188219-LeaderElection20] INFO  impl.LeaderElection (LeaderElection.java:logAndReturn(94)) -   Response 0: s1<-s3#0:OK-t2
2024-10-09 00:14:24,482 [s1@group-9FC63B188219-LeaderElection20] INFO  impl.LeaderElection (LogUtils.java:infoOrTrace(136)) -   Exception 1: java.util.concurrent.ExecutionException: java.io.IOException: The peer s4 is not alive.
2024-10-09 00:14:24,482 [s1@group-9FC63B188219-LeaderElection20] INFO  impl.LeaderElection (LogUtils.java:infoOrTrace(136)) -   Exception 2: java.util.concurrent.ExecutionException: java.io.IOException: The peer s2 is not alive.
2024-10-09 00:14:24,482 [s1@group-9FC63B188219-LeaderElection20] INFO  impl.LeaderElection (LeaderElection.java:askForVotes(339)) - s1@group-9FC63B188219-LeaderElection20 PRE_VOTE round 101: result TIMEOUT
2024-10-09 00:14:24,482 [s1@group-9FC63B188219-LeaderElection20] INFO  impl.LeaderElection (LeaderElection.java:askForVotes(337)) - s1@group-9FC63B188219-LeaderElection20 PRE_VOTE round 102: submit vote requests at term 2 for conf: {index: 1, cur=peers:[s3|localhost:15172, s4|localhost:15176, s0|localhost:15160, s1|localhost:15164, s2|localhost:15168]|listeners:[], old=null}
2024-10-09 00:14:24,482 [HandlerDaemon-0] INFO  server.RaftServer$Division (RaftServerImpl.java:requestVote(1443)) - s3@group-9FC63B188219: receive requestVote(PRE_VOTE, s1, group-9FC63B188219, 2, (t:2, i:2))
2024-10-09 00:14:24,483 [HandlerDaemon-0] INFO  impl.VoteContext (VoteContext.java:log(49)) - s3@group-9FC63B188219-CANDIDATE: accept PRE_VOTE from s1: our priority 0 <= candidate's priority 0
2024-10-09 00:14:24,483 [HandlerDaemon-0] INFO  server.RaftServer$Division (RaftServerImpl.java:requestVote(1476)) - s3@group-9FC63B188219 replies to PRE_VOTE vote request: s1<-s3#0:OK-t2. Peer's state: s3@group-9FC63B188219:t2, leader=null, voted=s2, raftlog=Memoized:s3@group-9FC63B188219-SegmentedRaftLog:OPENED:c2:last(t:2, i:2), conf=conf: {index: 1, cur=peers:[s3|localhost:15172, s4|localhost:15176, s0|localhost:15160, s1|localhost:15164, s2|localhost:15168]|listeners:[], old=null}
2024-10-09 00:14:24,483 [s1@group-9FC63B188219-LeaderElection20] INFO  impl.LeaderElection (LogUtils.java:infoOrTrace(136)) - s1@group-9FC63B188219-LeaderElection20 got exception when requesting votes: java.util.concurrent.ExecutionException: java.io.IOException: The peer s4 is not alive.
2024-10-09 00:14:24,483 [s1@group-9FC63B188219-LeaderElection20] INFO  impl.LeaderElection (LogUtils.java:infoOrTrace(136)) - s1@group-9FC63B188219-LeaderElection20 got exception when requesting votes: java.util.concurrent.ExecutionException: java.io.IOException: The peer s2 is not alive.
2024-10-09 00:14:24,688 [s3@group-9FC63B188219-LeaderElection21] INFO  impl.LeaderElection (LeaderElection.java:logAndReturn(90)) - s3@group-9FC63B188219-LeaderElection21: PRE_VOTE TIMEOUT received 1 response(s) and 2 exception(s):
2024-10-09 00:14:24,688 [s3@group-9FC63B188219-LeaderElection21] INFO  impl.LeaderElection (LeaderElection.java:logAndReturn(94)) -   Response 0: s3<-s1#0:OK-t2
2024-10-09 00:14:24,688 [s3@group-9FC63B188219-LeaderElection21] INFO  impl.LeaderElection (LogUtils.java:infoOrTrace(136)) -   Exception 1: java.util.concurrent.ExecutionException: java.io.IOException: The peer s4 is not alive.
2024-10-09 00:14:24,688 [s3@group-9FC63B188219-LeaderElection21] INFO  impl.LeaderElection (LogUtils.java:infoOrTrace(136)) -   Exception 2: java.util.concurrent.ExecutionException: java.io.IOException: The peer s2 is not alive.
2024-10-09 00:14:24,688 [s3@group-9FC63B188219-LeaderElection21] INFO  impl.LeaderElection (LeaderElection.java:askForVotes(339)) - s3@group-9FC63B188219-LeaderElection21 PRE_VOTE round 85: result TIMEOUT
2024-10-09 00:14:24,688 [s3@group-9FC63B188219-LeaderElection21] INFO  impl.LeaderElection (LeaderElection.java:askForVotes(337)) - s3@group-9FC63B188219-LeaderElection21 PRE_VOTE round 86: submit vote requests at term 2 for conf: {index: 1, cur=peers:[s3|localhost:15172, s4|localhost:15176, s0|localhost:15160, s1|localhost:15164, s2|localhost:15168]|listeners:[], old=null}
2024-10-09 00:14:24,689 [HandlerDaemon-2] INFO  server.RaftServer$Division (RaftServerImpl.java:requestVote(1443)) - s1@group-9FC63B188219: receive requestVote(PRE_VOTE, s3, group-9FC63B188219, 2, (t:2, i:2))
2024-10-09 00:14:24,689 [s3@group-9FC63B188219-LeaderElection21] INFO  impl.LeaderElection (LogUtils.java:infoOrTrace(136)) - s3@group-9FC63B188219-LeaderElection21 got exception when requesting votes: java.util.concurrent.ExecutionException: java.io.IOException: The peer s4 is not alive.
2024-10-09 00:14:24,689 [HandlerDaemon-2] INFO  impl.VoteContext (VoteContext.java:log(49)) - s1@group-9FC63B188219-CANDIDATE: accept PRE_VOTE from s3: our priority 0 <= candidate's priority 0
2024-10-09 00:14:24,689 [s3@group-9FC63B188219-LeaderElection21] INFO  impl.LeaderElection (LogUtils.java:infoOrTrace(136)) - s3@group-9FC63B188219-LeaderElection21 got exception when requesting votes: java.util.concurrent.ExecutionException: java.io.IOException: The peer s2 is not alive.
2024-10-09 00:14:24,689 [HandlerDaemon-2] INFO  server.RaftServer$Division (RaftServerImpl.java:requestVote(1476)) - s1@group-9FC63B188219 replies to PRE_VOTE vote request: s3<-s1#0:OK-t2. Peer's state: s1@group-9FC63B188219:t2, leader=null, voted=s2, raftlog=Memoized:s1@group-9FC63B188219-SegmentedRaftLog:OPENED:c2:last(t:2, i:2), conf=conf: {index: 1, cur=peers:[s3|localhost:15172, s4|localhost:15176, s0|localhost:15160, s1|localhost:15164, s2|localhost:15168]|listeners:[], old=null}
2024-10-09 00:14:24,760 [s1@group-9FC63B188219-LeaderElection20] INFO  impl.LeaderElection (LeaderElection.java:logAndReturn(90)) - s1@group-9FC63B188219-LeaderElection20: PRE_VOTE TIMEOUT received 1 response(s) and 2 exception(s):
2024-10-09 00:14:24,760 [s1@group-9FC63B188219-LeaderElection20] INFO  impl.LeaderElection (LeaderElection.java:logAndReturn(94)) -   Response 0: s1<-s3#0:OK-t2
2024-10-09 00:14:24,760 [s1@group-9FC63B188219-LeaderElection20] INFO  impl.LeaderElection (LogUtils.java:infoOrTrace(136)) -   Exception 1: java.util.concurrent.ExecutionException: java.io.IOException: The peer s4 is not alive.
2024-10-09 00:14:24,760 [s1@group-9FC63B188219-LeaderElection20] INFO  impl.LeaderElection (LogUtils.java:infoOrTrace(136)) -   Exception 2: java.util.concurrent.ExecutionException: java.io.IOException: The peer s2 is not alive.
2024-10-09 00:14:24,760 [s1@group-9FC63B188219-LeaderElection20] INFO  impl.LeaderElection (LeaderElection.java:askForVotes(339)) - s1@group-9FC63B188219-LeaderElection20 PRE_VOTE round 102: result TIMEOUT
2024-10-09 00:14:24,760 [s1@group-9FC63B188219-LeaderElection20] INFO  impl.LeaderElection (LeaderElection.java:askForVotes(337)) - s1@group-9FC63B188219-LeaderElection20 PRE_VOTE round 103: submit vote requests at term 2 for conf: {index: 1, cur=peers:[s3|localhost:15172, s4|localhost:15176, s0|localhost:15160, s1|localhost:15164, s2|localhost:15168]|listeners:[], old=null}
2024-10-09 00:14:24,760 [HandlerDaemon-1] INFO  server.RaftServer$Division (RaftServerImpl.java:requestVote(1443)) - s3@group-9FC63B188219: receive requestVote(PRE_VOTE, s1, group-9FC63B188219, 2, (t:2, i:2))
2024-10-09 00:14:24,760 [HandlerDaemon-1] INFO  impl.VoteContext (VoteContext.java:log(49)) - s3@group-9FC63B188219-CANDIDATE: accept PRE_VOTE from s1: our priority 0 <= candidate's priority 0
2024-10-09 00:14:24,761 [s1@group-9FC63B188219-LeaderElection20] INFO  impl.LeaderElection (LogUtils.java:infoOrTrace(136)) - s1@group-9FC63B188219-LeaderElection20 got exception when requesting votes: java.util.concurrent.ExecutionException: java.io.IOException: The peer s4 is not alive.
2024-10-09 00:14:24,761 [HandlerDaemon-1] INFO  server.RaftServer$Division (RaftServerImpl.java:requestVote(1476)) - s3@group-9FC63B188219 replies to PRE_VOTE vote request: s1<-s3#0:OK-t2. Peer's state: s3@group-9FC63B188219:t2, leader=null, voted=s2, raftlog=Memoized:s3@group-9FC63B188219-SegmentedRaftLog:OPENED:c2:last(t:2, i:2), conf=conf: {index: 1, cur=peers:[s3|localhost:15172, s4|localhost:15176, s0|localhost:15160, s1|localhost:15164, s2|localhost:15168]|listeners:[], old=null}
2024-10-09 00:14:24,761 [s1@group-9FC63B188219-LeaderElection20] INFO  impl.LeaderElection (LogUtils.java:infoOrTrace(136)) - s1@group-9FC63B188219-LeaderElection20 got exception when requesting votes: java.util.concurrent.ExecutionException: java.io.IOException: The peer s2 is not alive.
2024-10-09 00:14:24,765 [main] WARN  ratis.RaftTestUtil (RaftTestUtil.java:lambda$waitForLeader$3(126)) - Attempt #53 failed: java.lang.IllegalStateException: No leader yet : printing ALL groups
  s3:  RUNNING CANDIDATE s3@group-9FC63B188219:t2, leader=null, voted=s2, raftlog=Memoized:s3@group-9FC63B188219-SegmentedRaftLog:OPENED:c2:last(t:2, i:2), conf=conf: {index: 1, cur=peers:[s3|localhost:15172, s4|localhost:15176, s0|localhost:15160, s1|localhost:15164, s2|localhost:15168]|listeners:[], old=null} RUNNING
  s4:   CLOSED    LEADER s4@group-9FC63B188219:t1, leader=s4, voted=s4, raftlog=Memoized:s4@group-9FC63B188219-SegmentedRaftLog:CLOSED:c0, conf=conf: {index: 0, cur=peers:[s3|localhost:15172, s4|localhost:15176, s0|localhost:15160, s1|localhost:15164, s2|localhost:15168]|listeners:[], old=null} CLOSED
  s0:  RUNNING  FOLLOWER s0@group-9FC63B188219:t1, leader=null, voted=null, raftlog=Memoized:s0@group-9FC63B188219-SegmentedRaftLog:OPENED:c-1:lastnull, conf=conf: {index: -1, cur=peers:[s3|localhost:15172, s4|localhost:15176, s0|localhost:15160, s1|localhost:15164, s2|localhost:15168]|listeners:[], old=null} RUNNING
  s1:  RUNNING CANDIDATE s1@group-9FC63B188219:t2, leader=null, voted=s2, raftlog=Memoized:s1@group-9FC63B188219-SegmentedRaftLog:OPENED:c2:last(t:2, i:2), conf=conf: {index: 1, cur=peers:[s3|localhost:15172, s4|localhost:15176, s0|localhost:15160, s1|localhost:15164, s2|localhost:15168]|listeners:[], old=null} RUNNING
  s2:   CLOSED    LEADER s2@group-9FC63B188219:t2, leader=s2, voted=s2, raftlog=Memoized:s2@group-9FC63B188219-SegmentedRaftLog:CLOSED:c2, conf=conf: {index: 1, cur=peers:[s3|localhost:15172, s4|localhost:15176, s0|localhost:15160, s1|localhost:15164, s2|localhost:15168]|listeners:[], old=null} CLOSED
2024-10-09 00:14:24,900 [s3@group-9FC63B188219-LeaderElection21] INFO  impl.LeaderElection (LeaderElection.java:logAndReturn(90)) - s3@group-9FC63B188219-LeaderElection21: PRE_VOTE TIMEOUT received 1 response(s) and 2 exception(s):
2024-10-09 00:14:24,900 [s3@group-9FC63B188219-LeaderElection21] INFO  impl.LeaderElection (LeaderElection.java:logAndReturn(94)) -   Response 0: s3<-s1#0:OK-t2
2024-10-09 00:14:24,900 [s3@group-9FC63B188219-LeaderElection21] INFO  impl.LeaderElection (LogUtils.java:infoOrTrace(136)) -   Exception 1: java.util.concurrent.ExecutionException: java.io.IOException: The peer s4 is not alive.
2024-10-09 00:14:24,900 [s3@group-9FC63B188219-LeaderElection21] INFO  impl.LeaderElection (LogUtils.java:infoOrTrace(136)) -   Exception 2: java.util.concurrent.ExecutionException: java.io.IOException: The peer s2 is not alive.
2024-10-09 00:14:24,900 [s3@group-9FC63B188219-LeaderElection21] INFO  impl.LeaderElection (LeaderElection.java:askForVotes(339)) - s3@group-9FC63B188219-LeaderElection21 PRE_VOTE round 86: result TIMEOUT
2024-10-09 00:14:24,900 [s3@group-9FC63B188219-LeaderElection21] INFO  impl.LeaderElection (LeaderElection.java:askForVotes(337)) - s3@group-9FC63B188219-LeaderElection21 PRE_VOTE round 87: submit vote requests at term 2 for conf: {index: 1, cur=peers:[s3|localhost:15172, s4|localhost:15176, s0|localhost:15160, s1|localhost:15164, s2|localhost:15168]|listeners:[], old=null}
2024-10-09 00:14:24,901 [HandlerDaemon-0] INFO  server.RaftServer$Division (RaftServerImpl.java:requestVote(1443)) - s1@group-9FC63B188219: receive requestVote(PRE_VOTE, s3, group-9FC63B188219, 2, (t:2, i:2))
2024-10-09 00:14:24,901 [s3@group-9FC63B188219-LeaderElection21] INFO  impl.LeaderElection (LogUtils.java:infoOrTrace(136)) - s3@group-9FC63B188219-LeaderElection21 got exception when requesting votes: java.util.concurrent.ExecutionException: java.io.IOException: The peer s4 is not alive.
2024-10-09 00:14:24,901 [HandlerDaemon-0] INFO  impl.VoteContext (VoteContext.java:log(49)) - s1@group-9FC63B188219-CANDIDATE: accept PRE_VOTE from s3: our priority 0 <= candidate's priority 0
2024-10-09 00:14:24,901 [s3@group-9FC63B188219-LeaderElection21] INFO  impl.LeaderElection (LogUtils.java:infoOrTrace(136)) - s3@group-9FC63B188219-LeaderElection21 got exception when requesting votes: java.util.concurrent.ExecutionException: java.io.IOException: The peer s2 is not alive.
2024-10-09 00:14:24,901 [HandlerDaemon-0] INFO  server.RaftServer$Division (RaftServerImpl.java:requestVote(1476)) - s1@group-9FC63B188219 replies to PRE_VOTE vote request: s3<-s1#0:OK-t2. Peer's state: s1@group-9FC63B188219:t2, leader=null, voted=s2, raftlog=Memoized:s1@group-9FC63B188219-SegmentedRaftLog:OPENED:c2:last(t:2, i:2), conf=conf: {index: 1, cur=peers:[s3|localhost:15172, s4|localhost:15176, s0|localhost:15160, s1|localhost:15164, s2|localhost:15168]|listeners:[], old=null}
2024-10-09 00:14:24,916 [s1@group-9FC63B188219-LeaderElection20] INFO  impl.LeaderElection (LeaderElection.java:logAndReturn(90)) - s1@group-9FC63B188219-LeaderElection20: PRE_VOTE TIMEOUT received 1 response(s) and 2 exception(s):
2024-10-09 00:14:24,916 [s1@group-9FC63B188219-LeaderElection20] INFO  impl.LeaderElection (LeaderElection.java:logAndReturn(94)) -   Response 0: s1<-s3#0:OK-t2
2024-10-09 00:14:24,916 [s1@group-9FC63B188219-LeaderElection20] INFO  impl.LeaderElection (LogUtils.java:infoOrTrace(136)) -   Exception 1: java.util.concurrent.ExecutionException: java.io.IOException: The peer s4 is not alive.
2024-10-09 00:14:24,916 [s1@group-9FC63B188219-LeaderElection20] INFO  impl.LeaderElection (LogUtils.java:infoOrTrace(136)) -   Exception 2: java.util.concurrent.ExecutionException: java.io.IOException: The peer s2 is not alive.
2024-10-09 00:14:24,916 [s1@group-9FC63B188219-LeaderElection20] INFO  impl.LeaderElection (LeaderElection.java:askForVotes(339)) - s1@group-9FC63B188219-LeaderElection20 PRE_VOTE round 103: result TIMEOUT
2024-10-09 00:14:24,916 [s1@group-9FC63B188219-LeaderElection20] INFO  impl.LeaderElection (LeaderElection.java:askForVotes(337)) - s1@group-9FC63B188219-LeaderElection20 PRE_VOTE round 104: submit vote requests at term 2 for conf: {index: 1, cur=peers:[s3|localhost:15172, s4|localhost:15176, s0|localhost:15160, s1|localhost:15164, s2|localhost:15168]|listeners:[], old=null}
2024-10-09 00:14:24,916 [HandlerDaemon-2] INFO  server.RaftServer$Division (RaftServerImpl.java:requestVote(1443)) - s3@group-9FC63B188219: receive requestVote(PRE_VOTE, s1, group-9FC63B188219, 2, (t:2, i:2))
2024-10-09 00:14:24,916 [HandlerDaemon-2] INFO  impl.VoteContext (VoteContext.java:log(49)) - s3@group-9FC63B188219-CANDIDATE: accept PRE_VOTE from s1: our priority 0 <= candidate's priority 0
2024-10-09 00:14:24,916 [HandlerDaemon-2] INFO  server.RaftServer$Division (RaftServerImpl.java:requestVote(1476)) - s3@group-9FC63B188219 replies to PRE_VOTE vote request: s1<-s3#0:OK-t2. Peer's state: s3@group-9FC63B188219:t2, leader=null, voted=s2, raftlog=Memoized:s3@group-9FC63B188219-SegmentedRaftLog:OPENED:c2:last(t:2, i:2), conf=conf: {index: 1, cur=peers:[s3|localhost:15172, s4|localhost:15176, s0|localhost:15160, s1|localhost:15164, s2|localhost:15168]|listeners:[], old=null}
2024-10-09 00:14:24,916 [s1@group-9FC63B188219-LeaderElection20] INFO  impl.LeaderElection (LogUtils.java:infoOrTrace(136)) - s1@group-9FC63B188219-LeaderElection20 got exception when requesting votes: java.util.concurrent.ExecutionException: java.io.IOException: The peer s4 is not alive.
2024-10-09 00:14:24,917 [s1@group-9FC63B188219-LeaderElection20] INFO  impl.LeaderElection (LogUtils.java:infoOrTrace(136)) - s1@group-9FC63B188219-LeaderElection20 got exception when requesting votes: java.util.concurrent.ExecutionException: java.io.IOException: The peer s2 is not alive.
2024-10-09 00:14:25,194 [s1@group-9FC63B188219-LeaderElection20] INFO  impl.LeaderElection (LeaderElection.java:logAndReturn(90)) - s1@group-9FC63B188219-LeaderElection20: PRE_VOTE TIMEOUT received 1 response(s) and 2 exception(s):
2024-10-09 00:14:25,194 [s1@group-9FC63B188219-LeaderElection20] INFO  impl.LeaderElection (LeaderElection.java:logAndReturn(94)) -   Response 0: s1<-s3#0:OK-t2
2024-10-09 00:14:25,194 [s3@group-9FC63B188219-LeaderElection21] INFO  impl.LeaderElection (LeaderElection.java:logAndReturn(90)) - s3@group-9FC63B188219-LeaderElection21: PRE_VOTE TIMEOUT received 1 response(s) and 2 exception(s):
2024-10-09 00:14:25,194 [s3@group-9FC63B188219-LeaderElection21] INFO  impl.LeaderElection (LeaderElection.java:logAndReturn(94)) -   Response 0: s3<-s1#0:OK-t2
2024-10-09 00:14:25,194 [s3@group-9FC63B188219-LeaderElection21] INFO  impl.LeaderElection (LogUtils.java:infoOrTrace(136)) -   Exception 1: java.util.concurrent.ExecutionException: java.io.IOException: The peer s4 is not alive.
2024-10-09 00:14:25,194 [s3@group-9FC63B188219-LeaderElection21] INFO  impl.LeaderElection (LogUtils.java:infoOrTrace(136)) -   Exception 2: java.util.concurrent.ExecutionException: java.io.IOException: The peer s2 is not alive.
2024-10-09 00:14:25,194 [s1@group-9FC63B188219-LeaderElection20] INFO  impl.LeaderElection (LogUtils.java:infoOrTrace(136)) -   Exception 1: java.util.concurrent.ExecutionException: java.io.IOException: The peer s4 is not alive.
2024-10-09 00:14:25,194 [s1@group-9FC63B188219-LeaderElection20] INFO  impl.LeaderElection (LogUtils.java:infoOrTrace(136)) -   Exception 2: java.util.concurrent.ExecutionException: java.io.IOException: The peer s2 is not alive.
2024-10-09 00:14:25,194 [s3@group-9FC63B188219-LeaderElection21] INFO  impl.LeaderElection (LeaderElection.java:askForVotes(339)) - s3@group-9FC63B188219-LeaderElection21 PRE_VOTE round 87: result TIMEOUT
2024-10-09 00:14:25,194 [s1@group-9FC63B188219-LeaderElection20] INFO  impl.LeaderElection (LeaderElection.java:askForVotes(339)) - s1@group-9FC63B188219-LeaderElection20 PRE_VOTE round 104: result TIMEOUT
2024-10-09 00:14:25,194 [s1@group-9FC63B188219-LeaderElection20] INFO  impl.LeaderElection (LeaderElection.java:askForVotes(337)) - s1@group-9FC63B188219-LeaderElection20 PRE_VOTE round 105: submit vote requests at term 2 for conf: {index: 1, cur=peers:[s3|localhost:15172, s4|localhost:15176, s0|localhost:15160, s1|localhost:15164, s2|localhost:15168]|listeners:[], old=null}
2024-10-09 00:14:25,194 [s3@group-9FC63B188219-LeaderElection21] INFO  impl.LeaderElection (LeaderElection.java:askForVotes(337)) - s3@group-9FC63B188219-LeaderElection21 PRE_VOTE round 88: submit vote requests at term 2 for conf: {index: 1, cur=peers:[s3|localhost:15172, s4|localhost:15176, s0|localhost:15160, s1|localhost:15164, s2|localhost:15168]|listeners:[], old=null}
2024-10-09 00:14:25,195 [HandlerDaemon-0] INFO  server.RaftServer$Division (RaftServerImpl.java:requestVote(1443)) - s3@group-9FC63B188219: receive requestVote(PRE_VOTE, s1, group-9FC63B188219, 2, (t:2, i:2))
2024-10-09 00:14:25,195 [HandlerDaemon-0] INFO  impl.VoteContext (VoteContext.java:log(49)) - s3@group-9FC63B188219-CANDIDATE: accept PRE_VOTE from s1: our priority 0 <= candidate's priority 0
2024-10-09 00:14:25,195 [HandlerDaemon-0] INFO  server.RaftServer$Division (RaftServerImpl.java:requestVote(1476)) - s3@group-9FC63B188219 replies to PRE_VOTE vote request: s1<-s3#0:OK-t2. Peer's state: s3@group-9FC63B188219:t2, leader=null, voted=s2, raftlog=Memoized:s3@group-9FC63B188219-SegmentedRaftLog:OPENED:c2:last(t:2, i:2), conf=conf: {index: 1, cur=peers:[s3|localhost:15172, s4|localhost:15176, s0|localhost:15160, s1|localhost:15164, s2|localhost:15168]|listeners:[], old=null}
2024-10-09 00:14:25,195 [HandlerDaemon-1] INFO  server.RaftServer$Division (RaftServerImpl.java:requestVote(1443)) - s1@group-9FC63B188219: receive requestVote(PRE_VOTE, s3, group-9FC63B188219, 2, (t:2, i:2))
2024-10-09 00:14:25,195 [s1@group-9FC63B188219-LeaderElection20] INFO  impl.LeaderElection (LogUtils.java:infoOrTrace(136)) - s1@group-9FC63B188219-LeaderElection20 got exception when requesting votes: java.util.concurrent.ExecutionException: java.io.IOException: The peer s4 is not alive.
2024-10-09 00:14:25,195 [s3@group-9FC63B188219-LeaderElection21] INFO  impl.LeaderElection (LogUtils.java:infoOrTrace(136)) - s3@group-9FC63B188219-LeaderElection21 got exception when requesting votes: java.util.concurrent.ExecutionException: java.io.IOException: The peer s4 is not alive.
2024-10-09 00:14:25,195 [HandlerDaemon-1] INFO  impl.VoteContext (VoteContext.java:log(49)) - s1@group-9FC63B188219-CANDIDATE: accept PRE_VOTE from s3: our priority 0 <= candidate's priority 0
2024-10-09 00:14:25,195 [s1@group-9FC63B188219-LeaderElection20] INFO  impl.LeaderElection (LogUtils.java:infoOrTrace(136)) - s1@group-9FC63B188219-LeaderElection20 got exception when requesting votes: java.util.concurrent.ExecutionException: java.io.IOException: The peer s2 is not alive.
2024-10-09 00:14:25,196 [HandlerDaemon-1] INFO  server.RaftServer$Division (RaftServerImpl.java:requestVote(1476)) - s1@group-9FC63B188219 replies to PRE_VOTE vote request: s3<-s1#0:OK-t2. Peer's state: s1@group-9FC63B188219:t2, leader=null, voted=s2, raftlog=Memoized:s1@group-9FC63B188219-SegmentedRaftLog:OPENED:c2:last(t:2, i:2), conf=conf: {index: 1, cur=peers:[s3|localhost:15172, s4|localhost:15176, s0|localhost:15160, s1|localhost:15164, s2|localhost:15168]|listeners:[], old=null}
2024-10-09 00:14:25,196 [s3@group-9FC63B188219-LeaderElection21] INFO  impl.LeaderElection (LogUtils.java:infoOrTrace(136)) - s3@group-9FC63B188219-LeaderElection21 got exception when requesting votes: java.util.concurrent.ExecutionException: java.io.IOException: The peer s2 is not alive.
2024-10-09 00:14:25,216 [main] WARN  ratis.RaftTestUtil (RaftTestUtil.java:lambda$waitForLeader$3(126)) - Attempt #54 failed: java.lang.IllegalStateException: No leader yet : printing ALL groups
  s3:  RUNNING CANDIDATE s3@group-9FC63B188219:t2, leader=null, voted=s2, raftlog=Memoized:s3@group-9FC63B188219-SegmentedRaftLog:OPENED:c2:last(t:2, i:2), conf=conf: {index: 1, cur=peers:[s3|localhost:15172, s4|localhost:15176, s0|localhost:15160, s1|localhost:15164, s2|localhost:15168]|listeners:[], old=null} RUNNING
  s4:   CLOSED    LEADER s4@group-9FC63B188219:t1, leader=s4, voted=s4, raftlog=Memoized:s4@group-9FC63B188219-SegmentedRaftLog:CLOSED:c0, conf=conf: {index: 0, cur=peers:[s3|localhost:15172, s4|localhost:15176, s0|localhost:15160, s1|localhost:15164, s2|localhost:15168]|listeners:[], old=null} CLOSED
  s0:  RUNNING  FOLLOWER s0@group-9FC63B188219:t1, leader=null, voted=null, raftlog=Memoized:s0@group-9FC63B188219-SegmentedRaftLog:OPENED:c-1:lastnull, conf=conf: {index: -1, cur=peers:[s3|localhost:15172, s4|localhost:15176, s0|localhost:15160, s1|localhost:15164, s2|localhost:15168]|listeners:[], old=null} RUNNING
  s1:  RUNNING CANDIDATE s1@group-9FC63B188219:t2, leader=null, voted=s2, raftlog=Memoized:s1@group-9FC63B188219-SegmentedRaftLog:OPENED:c2:last(t:2, i:2), conf=conf: {index: 1, cur=peers:[s3|localhost:15172, s4|localhost:15176, s0|localhost:15160, s1|localhost:15164, s2|localhost:15168]|listeners:[], old=null} RUNNING
  s2:   CLOSED    LEADER s2@group-9FC63B188219:t2, leader=s2, voted=s2, raftlog=Memoized:s2@group-9FC63B188219-SegmentedRaftLog:CLOSED:c2, conf=conf: {index: 1, cur=peers:[s3|localhost:15172, s4|localhost:15176, s0|localhost:15160, s1|localhost:15164, s2|localhost:15168]|listeners:[], old=null} CLOSED
2024-10-09 00:14:25,366 [s3@group-9FC63B188219-LeaderElection21] INFO  impl.LeaderElection (LeaderElection.java:logAndReturn(90)) - s3@group-9FC63B188219-LeaderElection21: PRE_VOTE TIMEOUT received 1 response(s) and 2 exception(s):
2024-10-09 00:14:25,366 [s3@group-9FC63B188219-LeaderElection21] INFO  impl.LeaderElection (LeaderElection.java:logAndReturn(94)) -   Response 0: s3<-s1#0:OK-t2
2024-10-09 00:14:25,366 [s3@group-9FC63B188219-LeaderElection21] INFO  impl.LeaderElection (LogUtils.java:infoOrTrace(136)) -   Exception 1: java.util.concurrent.ExecutionException: java.io.IOException: The peer s4 is not alive.
2024-10-09 00:14:25,366 [s3@group-9FC63B188219-LeaderElection21] INFO  impl.LeaderElection (LogUtils.java:infoOrTrace(136)) -   Exception 2: java.util.concurrent.ExecutionException: java.io.IOException: The peer s2 is not alive.
2024-10-09 00:14:25,366 [s3@group-9FC63B188219-LeaderElection21] INFO  impl.LeaderElection (LeaderElection.java:askForVotes(339)) - s3@group-9FC63B188219-LeaderElection21 PRE_VOTE round 88: result TIMEOUT
2024-10-09 00:14:25,366 [s3@group-9FC63B188219-LeaderElection21] INFO  impl.LeaderElection (LeaderElection.java:askForVotes(337)) - s3@group-9FC63B188219-LeaderElection21 PRE_VOTE round 89: submit vote requests at term 2 for conf: {index: 1, cur=peers:[s3|localhost:15172, s4|localhost:15176, s0|localhost:15160, s1|localhost:15164, s2|localhost:15168]|listeners:[], old=null}
2024-10-09 00:14:25,366 [HandlerDaemon-2] INFO  server.RaftServer$Division (RaftServerImpl.java:requestVote(1443)) - s1@group-9FC63B188219: receive requestVote(PRE_VOTE, s3, group-9FC63B188219, 2, (t:2, i:2))
2024-10-09 00:14:25,366 [s3@group-9FC63B188219-LeaderElection21] INFO  impl.LeaderElection (LogUtils.java:infoOrTrace(136)) - s3@group-9FC63B188219-LeaderElection21 got exception when requesting votes: java.util.concurrent.ExecutionException: java.io.IOException: The peer s4 is not alive.
2024-10-09 00:14:25,367 [s3@group-9FC63B188219-LeaderElection21] INFO  impl.LeaderElection (LogUtils.java:infoOrTrace(136)) - s3@group-9FC63B188219-LeaderElection21 got exception when requesting votes: java.util.concurrent.ExecutionException: java.io.IOException: The peer s2 is not alive.
2024-10-09 00:14:25,366 [HandlerDaemon-2] INFO  impl.VoteContext (VoteContext.java:log(49)) - s1@group-9FC63B188219-CANDIDATE: accept PRE_VOTE from s3: our priority 0 <= candidate's priority 0
2024-10-09 00:14:25,367 [HandlerDaemon-2] INFO  server.RaftServer$Division (RaftServerImpl.java:requestVote(1476)) - s1@group-9FC63B188219 replies to PRE_VOTE vote request: s3<-s1#0:OK-t2. Peer's state: s1@group-9FC63B188219:t2, leader=null, voted=s2, raftlog=Memoized:s1@group-9FC63B188219-SegmentedRaftLog:OPENED:c2:last(t:2, i:2), conf=conf: {index: 1, cur=peers:[s3|localhost:15172, s4|localhost:15176, s0|localhost:15160, s1|localhost:15164, s2|localhost:15168]|listeners:[], old=null}
2024-10-09 00:14:25,376 [s1@group-9FC63B188219-LeaderElection20] INFO  impl.LeaderElection (LeaderElection.java:logAndReturn(90)) - s1@group-9FC63B188219-LeaderElection20: PRE_VOTE TIMEOUT received 1 response(s) and 2 exception(s):
2024-10-09 00:14:25,376 [s1@group-9FC63B188219-LeaderElection20] INFO  impl.LeaderElection (LeaderElection.java:logAndReturn(94)) -   Response 0: s1<-s3#0:OK-t2
2024-10-09 00:14:25,376 [s1@group-9FC63B188219-LeaderElection20] INFO  impl.LeaderElection (LogUtils.java:infoOrTrace(136)) -   Exception 1: java.util.concurrent.ExecutionException: java.io.IOException: The peer s4 is not alive.
2024-10-09 00:14:25,376 [s1@group-9FC63B188219-LeaderElection20] INFO  impl.LeaderElection (LogUtils.java:infoOrTrace(136)) -   Exception 2: java.util.concurrent.ExecutionException: java.io.IOException: The peer s2 is not alive.
2024-10-09 00:14:25,376 [s1@group-9FC63B188219-LeaderElection20] INFO  impl.LeaderElection (LeaderElection.java:askForVotes(339)) - s1@group-9FC63B188219-LeaderElection20 PRE_VOTE round 105: result TIMEOUT
2024-10-09 00:14:25,377 [s1@group-9FC63B188219-LeaderElection20] INFO  impl.LeaderElection (LeaderElection.java:askForVotes(337)) - s1@group-9FC63B188219-LeaderElection20 PRE_VOTE round 106: submit vote requests at term 2 for conf: {index: 1, cur=peers:[s3|localhost:15172, s4|localhost:15176, s0|localhost:15160, s1|localhost:15164, s2|localhost:15168]|listeners:[], old=null}
2024-10-09 00:14:25,377 [HandlerDaemon-1] INFO  server.RaftServer$Division (RaftServerImpl.java:requestVote(1443)) - s3@group-9FC63B188219: receive requestVote(PRE_VOTE, s1, group-9FC63B188219, 2, (t:2, i:2))
2024-10-09 00:14:25,377 [HandlerDaemon-1] INFO  impl.VoteContext (VoteContext.java:log(49)) - s3@group-9FC63B188219-CANDIDATE: accept PRE_VOTE from s1: our priority 0 <= candidate's priority 0
2024-10-09 00:14:25,377 [HandlerDaemon-1] INFO  server.RaftServer$Division (RaftServerImpl.java:requestVote(1476)) - s3@group-9FC63B188219 replies to PRE_VOTE vote request: s1<-s3#0:OK-t2. Peer's state: s3@group-9FC63B188219:t2, leader=null, voted=s2, raftlog=Memoized:s3@group-9FC63B188219-SegmentedRaftLog:OPENED:c2:last(t:2, i:2), conf=conf: {index: 1, cur=peers:[s3|localhost:15172, s4|localhost:15176, s0|localhost:15160, s1|localhost:15164, s2|localhost:15168]|listeners:[], old=null}
2024-10-09 00:14:25,377 [s1@group-9FC63B188219-LeaderElection20] INFO  impl.LeaderElection (LogUtils.java:infoOrTrace(136)) - s1@group-9FC63B188219-LeaderElection20 got exception when requesting votes: java.util.concurrent.ExecutionException: java.io.IOException: The peer s4 is not alive.
2024-10-09 00:14:25,377 [s1@group-9FC63B188219-LeaderElection20] INFO  impl.LeaderElection (LogUtils.java:infoOrTrace(136)) - s1@group-9FC63B188219-LeaderElection20 got exception when requesting votes: java.util.concurrent.ExecutionException: java.io.IOException: The peer s2 is not alive.
2024-10-09 00:14:25,547 [s3@group-9FC63B188219-LeaderElection21] INFO  impl.LeaderElection (LeaderElection.java:logAndReturn(90)) - s3@group-9FC63B188219-LeaderElection21: PRE_VOTE TIMEOUT received 1 response(s) and 2 exception(s):
2024-10-09 00:14:25,548 [s3@group-9FC63B188219-LeaderElection21] INFO  impl.LeaderElection (LeaderElection.java:logAndReturn(94)) -   Response 0: s3<-s1#0:OK-t2
2024-10-09 00:14:25,548 [s3@group-9FC63B188219-LeaderElection21] INFO  impl.LeaderElection (LogUtils.java:infoOrTrace(136)) -   Exception 1: java.util.concurrent.ExecutionException: java.io.IOException: The peer s4 is not alive.
2024-10-09 00:14:25,548 [s3@group-9FC63B188219-LeaderElection21] INFO  impl.LeaderElection (LogUtils.java:infoOrTrace(136)) -   Exception 2: java.util.concurrent.ExecutionException: java.io.IOException: The peer s2 is not alive.
2024-10-09 00:14:25,548 [s3@group-9FC63B188219-LeaderElection21] INFO  impl.LeaderElection (LeaderElection.java:askForVotes(339)) - s3@group-9FC63B188219-LeaderElection21 PRE_VOTE round 89: result TIMEOUT
2024-10-09 00:14:25,548 [s3@group-9FC63B188219-LeaderElection21] INFO  impl.LeaderElection (LeaderElection.java:askForVotes(337)) - s3@group-9FC63B188219-LeaderElection21 PRE_VOTE round 90: submit vote requests at term 2 for conf: {index: 1, cur=peers:[s3|localhost:15172, s4|localhost:15176, s0|localhost:15160, s1|localhost:15164, s2|localhost:15168]|listeners:[], old=null}
2024-10-09 00:14:25,548 [HandlerDaemon-0] INFO  server.RaftServer$Division (RaftServerImpl.java:requestVote(1443)) - s1@group-9FC63B188219: receive requestVote(PRE_VOTE, s3, group-9FC63B188219, 2, (t:2, i:2))
2024-10-09 00:14:25,548 [HandlerDaemon-0] INFO  impl.VoteContext (VoteContext.java:log(49)) - s1@group-9FC63B188219-CANDIDATE: accept PRE_VOTE from s3: our priority 0 <= candidate's priority 0
2024-10-09 00:14:25,548 [s3@group-9FC63B188219-LeaderElection21] INFO  impl.LeaderElection (LogUtils.java:infoOrTrace(136)) - s3@group-9FC63B188219-LeaderElection21 got exception when requesting votes: java.util.concurrent.ExecutionException: java.io.IOException: The peer s4 is not alive.
2024-10-09 00:14:25,548 [HandlerDaemon-0] INFO  server.RaftServer$Division (RaftServerImpl.java:requestVote(1476)) - s1@group-9FC63B188219 replies to PRE_VOTE vote request: s3<-s1#0:OK-t2. Peer's state: s1@group-9FC63B188219:t2, leader=null, voted=s2, raftlog=Memoized:s1@group-9FC63B188219-SegmentedRaftLog:OPENED:c2:last(t:2, i:2), conf=conf: {index: 1, cur=peers:[s3|localhost:15172, s4|localhost:15176, s0|localhost:15160, s1|localhost:15164, s2|localhost:15168]|listeners:[], old=null}
2024-10-09 00:14:25,549 [s3@group-9FC63B188219-LeaderElection21] INFO  impl.LeaderElection (LogUtils.java:infoOrTrace(136)) - s3@group-9FC63B188219-LeaderElection21 got exception when requesting votes: java.util.concurrent.ExecutionException: java.io.IOException: The peer s2 is not alive.
2024-10-09 00:14:25,661 [s1@group-9FC63B188219-LeaderElection20] INFO  impl.LeaderElection (LeaderElection.java:logAndReturn(90)) - s1@group-9FC63B188219-LeaderElection20: PRE_VOTE TIMEOUT received 1 response(s) and 2 exception(s):
2024-10-09 00:14:25,661 [s1@group-9FC63B188219-LeaderElection20] INFO  impl.LeaderElection (LeaderElection.java:logAndReturn(94)) -   Response 0: s1<-s3#0:OK-t2
2024-10-09 00:14:25,661 [s1@group-9FC63B188219-LeaderElection20] INFO  impl.LeaderElection (LogUtils.java:infoOrTrace(136)) -   Exception 1: java.util.concurrent.ExecutionException: java.io.IOException: The peer s4 is not alive.
2024-10-09 00:14:25,661 [s1@group-9FC63B188219-LeaderElection20] INFO  impl.LeaderElection (LogUtils.java:infoOrTrace(136)) -   Exception 2: java.util.concurrent.ExecutionException: java.io.IOException: The peer s2 is not alive.
2024-10-09 00:14:25,661 [s1@group-9FC63B188219-LeaderElection20] INFO  impl.LeaderElection (LeaderElection.java:askForVotes(339)) - s1@group-9FC63B188219-LeaderElection20 PRE_VOTE round 106: result TIMEOUT
2024-10-09 00:14:25,661 [s1@group-9FC63B188219-LeaderElection20] INFO  impl.LeaderElection (LeaderElection.java:askForVotes(337)) - s1@group-9FC63B188219-LeaderElection20 PRE_VOTE round 107: submit vote requests at term 2 for conf: {index: 1, cur=peers:[s3|localhost:15172, s4|localhost:15176, s0|localhost:15160, s1|localhost:15164, s2|localhost:15168]|listeners:[], old=null}
2024-10-09 00:14:25,662 [HandlerDaemon-2] INFO  server.RaftServer$Division (RaftServerImpl.java:requestVote(1443)) - s3@group-9FC63B188219: receive requestVote(PRE_VOTE, s1, group-9FC63B188219, 2, (t:2, i:2))
2024-10-09 00:14:25,662 [HandlerDaemon-2] INFO  impl.VoteContext (VoteContext.java:log(49)) - s3@group-9FC63B188219-CANDIDATE: accept PRE_VOTE from s1: our priority 0 <= candidate's priority 0
2024-10-09 00:14:25,662 [HandlerDaemon-2] INFO  server.RaftServer$Division (RaftServerImpl.java:requestVote(1476)) - s3@group-9FC63B188219 replies to PRE_VOTE vote request: s1<-s3#0:OK-t2. Peer's state: s3@group-9FC63B188219:t2, leader=null, voted=s2, raftlog=Memoized:s3@group-9FC63B188219-SegmentedRaftLog:OPENED:c2:last(t:2, i:2), conf=conf: {index: 1, cur=peers:[s3|localhost:15172, s4|localhost:15176, s0|localhost:15160, s1|localhost:15164, s2|localhost:15168]|listeners:[], old=null}
2024-10-09 00:14:25,662 [s1@group-9FC63B188219-LeaderElection20] INFO  impl.LeaderElection (LogUtils.java:infoOrTrace(136)) - s1@group-9FC63B188219-LeaderElection20 got exception when requesting votes: java.util.concurrent.ExecutionException: java.io.IOException: The peer s4 is not alive.
2024-10-09 00:14:25,662 [s1@group-9FC63B188219-LeaderElection20] INFO  impl.LeaderElection (LogUtils.java:infoOrTrace(136)) - s1@group-9FC63B188219-LeaderElection20 got exception when requesting votes: java.util.concurrent.ExecutionException: java.io.IOException: The peer s2 is not alive.
2024-10-09 00:14:25,666 [main] WARN  ratis.RaftTestUtil (RaftTestUtil.java:lambda$waitForLeader$3(126)) - Attempt #55 failed: java.lang.IllegalStateException: No leader yet : printing ALL groups
  s3:  RUNNING CANDIDATE s3@group-9FC63B188219:t2, leader=null, voted=s2, raftlog=Memoized:s3@group-9FC63B188219-SegmentedRaftLog:OPENED:c2:last(t:2, i:2), conf=conf: {index: 1, cur=peers:[s3|localhost:15172, s4|localhost:15176, s0|localhost:15160, s1|localhost:15164, s2|localhost:15168]|listeners:[], old=null} RUNNING
  s4:   CLOSED    LEADER s4@group-9FC63B188219:t1, leader=s4, voted=s4, raftlog=Memoized:s4@group-9FC63B188219-SegmentedRaftLog:CLOSED:c0, conf=conf: {index: 0, cur=peers:[s3|localhost:15172, s4|localhost:15176, s0|localhost:15160, s1|localhost:15164, s2|localhost:15168]|listeners:[], old=null} CLOSED
  s0:  RUNNING  FOLLOWER s0@group-9FC63B188219:t1, leader=null, voted=null, raftlog=Memoized:s0@group-9FC63B188219-SegmentedRaftLog:OPENED:c-1:lastnull, conf=conf: {index: -1, cur=peers:[s3|localhost:15172, s4|localhost:15176, s0|localhost:15160, s1|localhost:15164, s2|localhost:15168]|listeners:[], old=null} RUNNING
  s1:  RUNNING CANDIDATE s1@group-9FC63B188219:t2, leader=null, voted=s2, raftlog=Memoized:s1@group-9FC63B188219-SegmentedRaftLog:OPENED:c2:last(t:2, i:2), conf=conf: {index: 1, cur=peers:[s3|localhost:15172, s4|localhost:15176, s0|localhost:15160, s1|localhost:15164, s2|localhost:15168]|listeners:[], old=null} RUNNING
  s2:   CLOSED    LEADER s2@group-9FC63B188219:t2, leader=s2, voted=s2, raftlog=Memoized:s2@group-9FC63B188219-SegmentedRaftLog:CLOSED:c2, conf=conf: {index: 1, cur=peers:[s3|localhost:15172, s4|localhost:15176, s0|localhost:15160, s1|localhost:15164, s2|localhost:15168]|listeners:[], old=null} CLOSED
2024-10-09 00:14:25,794 [s3@group-9FC63B188219-LeaderElection21] INFO  impl.LeaderElection (LeaderElection.java:logAndReturn(90)) - s3@group-9FC63B188219-LeaderElection21: PRE_VOTE TIMEOUT received 1 response(s) and 2 exception(s):
2024-10-09 00:14:25,794 [s3@group-9FC63B188219-LeaderElection21] INFO  impl.LeaderElection (LeaderElection.java:logAndReturn(94)) -   Response 0: s3<-s1#0:OK-t2
2024-10-09 00:14:25,794 [s3@group-9FC63B188219-LeaderElection21] INFO  impl.LeaderElection (LogUtils.java:infoOrTrace(136)) -   Exception 1: java.util.concurrent.ExecutionException: java.io.IOException: The peer s4 is not alive.
2024-10-09 00:14:25,795 [s3@group-9FC63B188219-LeaderElection21] INFO  impl.LeaderElection (LogUtils.java:infoOrTrace(136)) -   Exception 2: java.util.concurrent.ExecutionException: java.io.IOException: The peer s2 is not alive.
2024-10-09 00:14:25,795 [s3@group-9FC63B188219-LeaderElection21] INFO  impl.LeaderElection (LeaderElection.java:askForVotes(339)) - s3@group-9FC63B188219-LeaderElection21 PRE_VOTE round 90: result TIMEOUT
2024-10-09 00:14:25,795 [s3@group-9FC63B188219-LeaderElection21] INFO  impl.LeaderElection (LeaderElection.java:askForVotes(337)) - s3@group-9FC63B188219-LeaderElection21 PRE_VOTE round 91: submit vote requests at term 2 for conf: {index: 1, cur=peers:[s3|localhost:15172, s4|localhost:15176, s0|localhost:15160, s1|localhost:15164, s2|localhost:15168]|listeners:[], old=null}
2024-10-09 00:14:25,795 [HandlerDaemon-1] INFO  server.RaftServer$Division (RaftServerImpl.java:requestVote(1443)) - s1@group-9FC63B188219: receive requestVote(PRE_VOTE, s3, group-9FC63B188219, 2, (t:2, i:2))
2024-10-09 00:14:25,795 [s3@group-9FC63B188219-LeaderElection21] INFO  impl.LeaderElection (LogUtils.java:infoOrTrace(136)) - s3@group-9FC63B188219-LeaderElection21 got exception when requesting votes: java.util.concurrent.ExecutionException: java.io.IOException: The peer s4 is not alive.
2024-10-09 00:14:25,795 [s3@group-9FC63B188219-LeaderElection21] INFO  impl.LeaderElection (LogUtils.java:infoOrTrace(136)) - s3@group-9FC63B188219-LeaderElection21 got exception when requesting votes: java.util.concurrent.ExecutionException: java.io.IOException: The peer s2 is not alive.
2024-10-09 00:14:25,795 [HandlerDaemon-1] INFO  impl.VoteContext (VoteContext.java:log(49)) - s1@group-9FC63B188219-CANDIDATE: accept PRE_VOTE from s3: our priority 0 <= candidate's priority 0
2024-10-09 00:14:25,795 [HandlerDaemon-1] INFO  server.RaftServer$Division (RaftServerImpl.java:requestVote(1476)) - s1@group-9FC63B188219 replies to PRE_VOTE vote request: s3<-s1#0:OK-t2. Peer's state: s1@group-9FC63B188219:t2, leader=null, voted=s2, raftlog=Memoized:s1@group-9FC63B188219-SegmentedRaftLog:OPENED:c2:last(t:2, i:2), conf=conf: {index: 1, cur=peers:[s3|localhost:15172, s4|localhost:15176, s0|localhost:15160, s1|localhost:15164, s2|localhost:15168]|listeners:[], old=null}
2024-10-09 00:14:25,890 [s1@group-9FC63B188219-LeaderElection20] INFO  impl.LeaderElection (LeaderElection.java:logAndReturn(90)) - s1@group-9FC63B188219-LeaderElection20: PRE_VOTE TIMEOUT received 1 response(s) and 2 exception(s):
2024-10-09 00:14:25,890 [s1@group-9FC63B188219-LeaderElection20] INFO  impl.LeaderElection (LeaderElection.java:logAndReturn(94)) -   Response 0: s1<-s3#0:OK-t2
2024-10-09 00:14:25,890 [s1@group-9FC63B188219-LeaderElection20] INFO  impl.LeaderElection (LogUtils.java:infoOrTrace(136)) -   Exception 1: java.util.concurrent.ExecutionException: java.io.IOException: The peer s4 is not alive.
2024-10-09 00:14:25,890 [s1@group-9FC63B188219-LeaderElection20] INFO  impl.LeaderElection (LogUtils.java:infoOrTrace(136)) -   Exception 2: java.util.concurrent.ExecutionException: java.io.IOException: The peer s2 is not alive.
2024-10-09 00:14:25,890 [s1@group-9FC63B188219-LeaderElection20] INFO  impl.LeaderElection (LeaderElection.java:askForVotes(339)) - s1@group-9FC63B188219-LeaderElection20 PRE_VOTE round 107: result TIMEOUT
2024-10-09 00:14:25,890 [s1@group-9FC63B188219-LeaderElection20] INFO  impl.LeaderElection (LeaderElection.java:askForVotes(337)) - s1@group-9FC63B188219-LeaderElection20 PRE_VOTE round 108: submit vote requests at term 2 for conf: {index: 1, cur=peers:[s3|localhost:15172, s4|localhost:15176, s0|localhost:15160, s1|localhost:15164, s2|localhost:15168]|listeners:[], old=null}
2024-10-09 00:14:25,890 [HandlerDaemon-0] INFO  server.RaftServer$Division (RaftServerImpl.java:requestVote(1443)) - s3@group-9FC63B188219: receive requestVote(PRE_VOTE, s1, group-9FC63B188219, 2, (t:2, i:2))
2024-10-09 00:14:25,890 [HandlerDaemon-0] INFO  impl.VoteContext (VoteContext.java:log(49)) - s3@group-9FC63B188219-CANDIDATE: accept PRE_VOTE from s1: our priority 0 <= candidate's priority 0
2024-10-09 00:14:25,891 [HandlerDaemon-0] INFO  server.RaftServer$Division (RaftServerImpl.java:requestVote(1476)) - s3@group-9FC63B188219 replies to PRE_VOTE vote request: s1<-s3#0:OK-t2. Peer's state: s3@group-9FC63B188219:t2, leader=null, voted=s2, raftlog=Memoized:s3@group-9FC63B188219-SegmentedRaftLog:OPENED:c2:last(t:2, i:2), conf=conf: {index: 1, cur=peers:[s3|localhost:15172, s4|localhost:15176, s0|localhost:15160, s1|localhost:15164, s2|localhost:15168]|listeners:[], old=null}
2024-10-09 00:14:25,891 [s1@group-9FC63B188219-LeaderElection20] INFO  impl.LeaderElection (LogUtils.java:infoOrTrace(136)) - s1@group-9FC63B188219-LeaderElection20 got exception when requesting votes: java.util.concurrent.ExecutionException: java.io.IOException: The peer s4 is not alive.
2024-10-09 00:14:25,891 [s1@group-9FC63B188219-LeaderElection20] INFO  impl.LeaderElection (LogUtils.java:infoOrTrace(136)) - s1@group-9FC63B188219-LeaderElection20 got exception when requesting votes: java.util.concurrent.ExecutionException: java.io.IOException: The peer s2 is not alive.
2024-10-09 00:14:26,048 [s3@group-9FC63B188219-LeaderElection21] INFO  impl.LeaderElection (LeaderElection.java:logAndReturn(90)) - s3@group-9FC63B188219-LeaderElection21: PRE_VOTE TIMEOUT received 1 response(s) and 2 exception(s):
2024-10-09 00:14:26,048 [s3@group-9FC63B188219-LeaderElection21] INFO  impl.LeaderElection (LeaderElection.java:logAndReturn(94)) -   Response 0: s3<-s1#0:OK-t2
2024-10-09 00:14:26,048 [s3@group-9FC63B188219-LeaderElection21] INFO  impl.LeaderElection (LogUtils.java:infoOrTrace(136)) -   Exception 1: java.util.concurrent.ExecutionException: java.io.IOException: The peer s4 is not alive.
2024-10-09 00:14:26,048 [s3@group-9FC63B188219-LeaderElection21] INFO  impl.LeaderElection (LogUtils.java:infoOrTrace(136)) -   Exception 2: java.util.concurrent.ExecutionException: java.io.IOException: The peer s2 is not alive.
2024-10-09 00:14:26,049 [s3@group-9FC63B188219-LeaderElection21] INFO  impl.LeaderElection (LeaderElection.java:askForVotes(339)) - s3@group-9FC63B188219-LeaderElection21 PRE_VOTE round 91: result TIMEOUT
2024-10-09 00:14:26,049 [s3@group-9FC63B188219-LeaderElection21] INFO  impl.LeaderElection (LeaderElection.java:askForVotes(337)) - s3@group-9FC63B188219-LeaderElection21 PRE_VOTE round 92: submit vote requests at term 2 for conf: {index: 1, cur=peers:[s3|localhost:15172, s4|localhost:15176, s0|localhost:15160, s1|localhost:15164, s2|localhost:15168]|listeners:[], old=null}
2024-10-09 00:14:26,049 [HandlerDaemon-2] INFO  server.RaftServer$Division (RaftServerImpl.java:requestVote(1443)) - s1@group-9FC63B188219: receive requestVote(PRE_VOTE, s3, group-9FC63B188219, 2, (t:2, i:2))
2024-10-09 00:14:26,049 [s3@group-9FC63B188219-LeaderElection21] INFO  impl.LeaderElection (LogUtils.java:infoOrTrace(136)) - s3@group-9FC63B188219-LeaderElection21 got exception when requesting votes: java.util.concurrent.ExecutionException: java.io.IOException: The peer s4 is not alive.
2024-10-09 00:14:26,049 [HandlerDaemon-2] INFO  impl.VoteContext (VoteContext.java:log(49)) - s1@group-9FC63B188219-CANDIDATE: accept PRE_VOTE from s3: our priority 0 <= candidate's priority 0
2024-10-09 00:14:26,049 [s3@group-9FC63B188219-LeaderElection21] INFO  impl.LeaderElection (LogUtils.java:infoOrTrace(136)) - s3@group-9FC63B188219-LeaderElection21 got exception when requesting votes: java.util.concurrent.ExecutionException: java.io.IOException: The peer s2 is not alive.
2024-10-09 00:14:26,049 [HandlerDaemon-2] INFO  server.RaftServer$Division (RaftServerImpl.java:requestVote(1476)) - s1@group-9FC63B188219 replies to PRE_VOTE vote request: s3<-s1#0:OK-t2. Peer's state: s1@group-9FC63B188219:t2, leader=null, voted=s2, raftlog=Memoized:s1@group-9FC63B188219-SegmentedRaftLog:OPENED:c2:last(t:2, i:2), conf=conf: {index: 1, cur=peers:[s3|localhost:15172, s4|localhost:15176, s0|localhost:15160, s1|localhost:15164, s2|localhost:15168]|listeners:[], old=null}
2024-10-09 00:14:26,083 [s1@group-9FC63B188219-LeaderElection20] INFO  impl.LeaderElection (LeaderElection.java:logAndReturn(90)) - s1@group-9FC63B188219-LeaderElection20: PRE_VOTE TIMEOUT received 1 response(s) and 2 exception(s):
2024-10-09 00:14:26,083 [s1@group-9FC63B188219-LeaderElection20] INFO  impl.LeaderElection (LeaderElection.java:logAndReturn(94)) -   Response 0: s1<-s3#0:OK-t2
2024-10-09 00:14:26,083 [s1@group-9FC63B188219-LeaderElection20] INFO  impl.LeaderElection (LogUtils.java:infoOrTrace(136)) -   Exception 1: java.util.concurrent.ExecutionException: java.io.IOException: The peer s4 is not alive.
2024-10-09 00:14:26,083 [s1@group-9FC63B188219-LeaderElection20] INFO  impl.LeaderElection (LogUtils.java:infoOrTrace(136)) -   Exception 2: java.util.concurrent.ExecutionException: java.io.IOException: The peer s2 is not alive.
2024-10-09 00:14:26,083 [s1@group-9FC63B188219-LeaderElection20] INFO  impl.LeaderElection (LeaderElection.java:askForVotes(339)) - s1@group-9FC63B188219-LeaderElection20 PRE_VOTE round 108: result TIMEOUT
2024-10-09 00:14:26,083 [s1@group-9FC63B188219-LeaderElection20] INFO  impl.LeaderElection (LeaderElection.java:askForVotes(337)) - s1@group-9FC63B188219-LeaderElection20 PRE_VOTE round 109: submit vote requests at term 2 for conf: {index: 1, cur=peers:[s3|localhost:15172, s4|localhost:15176, s0|localhost:15160, s1|localhost:15164, s2|localhost:15168]|listeners:[], old=null}
2024-10-09 00:14:26,083 [HandlerDaemon-1] INFO  server.RaftServer$Division (RaftServerImpl.java:requestVote(1443)) - s3@group-9FC63B188219: receive requestVote(PRE_VOTE, s1, group-9FC63B188219, 2, (t:2, i:2))
2024-10-09 00:14:26,083 [HandlerDaemon-1] INFO  impl.VoteContext (VoteContext.java:log(49)) - s3@group-9FC63B188219-CANDIDATE: accept PRE_VOTE from s1: our priority 0 <= candidate's priority 0
2024-10-09 00:14:26,083 [HandlerDaemon-1] INFO  server.RaftServer$Division (RaftServerImpl.java:requestVote(1476)) - s3@group-9FC63B188219 replies to PRE_VOTE vote request: s1<-s3#0:OK-t2. Peer's state: s3@group-9FC63B188219:t2, leader=null, voted=s2, raftlog=Memoized:s3@group-9FC63B188219-SegmentedRaftLog:OPENED:c2:last(t:2, i:2), conf=conf: {index: 1, cur=peers:[s3|localhost:15172, s4|localhost:15176, s0|localhost:15160, s1|localhost:15164, s2|localhost:15168]|listeners:[], old=null}
2024-10-09 00:14:26,083 [s1@group-9FC63B188219-LeaderElection20] INFO  impl.LeaderElection (LogUtils.java:infoOrTrace(136)) - s1@group-9FC63B188219-LeaderElection20 got exception when requesting votes: java.util.concurrent.ExecutionException: java.io.IOException: The peer s4 is not alive.
2024-10-09 00:14:26,084 [s1@group-9FC63B188219-LeaderElection20] INFO  impl.LeaderElection (LogUtils.java:infoOrTrace(136)) - s1@group-9FC63B188219-LeaderElection20 got exception when requesting votes: java.util.concurrent.ExecutionException: java.io.IOException: The peer s2 is not alive.
2024-10-09 00:14:26,117 [main] WARN  ratis.RaftTestUtil (RaftTestUtil.java:lambda$waitForLeader$3(126)) - Attempt #56 failed: java.lang.IllegalStateException: No leader yet : printing ALL groups
  s3:  RUNNING CANDIDATE s3@group-9FC63B188219:t2, leader=null, voted=s2, raftlog=Memoized:s3@group-9FC63B188219-SegmentedRaftLog:OPENED:c2:last(t:2, i:2), conf=conf: {index: 1, cur=peers:[s3|localhost:15172, s4|localhost:15176, s0|localhost:15160, s1|localhost:15164, s2|localhost:15168]|listeners:[], old=null} RUNNING
  s4:   CLOSED    LEADER s4@group-9FC63B188219:t1, leader=s4, voted=s4, raftlog=Memoized:s4@group-9FC63B188219-SegmentedRaftLog:CLOSED:c0, conf=conf: {index: 0, cur=peers:[s3|localhost:15172, s4|localhost:15176, s0|localhost:15160, s1|localhost:15164, s2|localhost:15168]|listeners:[], old=null} CLOSED
  s0:  RUNNING  FOLLOWER s0@group-9FC63B188219:t1, leader=null, voted=null, raftlog=Memoized:s0@group-9FC63B188219-SegmentedRaftLog:OPENED:c-1:lastnull, conf=conf: {index: -1, cur=peers:[s3|localhost:15172, s4|localhost:15176, s0|localhost:15160, s1|localhost:15164, s2|localhost:15168]|listeners:[], old=null} RUNNING
  s1:  RUNNING CANDIDATE s1@group-9FC63B188219:t2, leader=null, voted=s2, raftlog=Memoized:s1@group-9FC63B188219-SegmentedRaftLog:OPENED:c2:last(t:2, i:2), conf=conf: {index: 1, cur=peers:[s3|localhost:15172, s4|localhost:15176, s0|localhost:15160, s1|localhost:15164, s2|localhost:15168]|listeners:[], old=null} RUNNING
  s2:   CLOSED    LEADER s2@group-9FC63B188219:t2, leader=s2, voted=s2, raftlog=Memoized:s2@group-9FC63B188219-SegmentedRaftLog:CLOSED:c2, conf=conf: {index: 1, cur=peers:[s3|localhost:15172, s4|localhost:15176, s0|localhost:15160, s1|localhost:15164, s2|localhost:15168]|listeners:[], old=null} CLOSED
2024-10-09 00:14:26,287 [s1@group-9FC63B188219-LeaderElection20] INFO  impl.LeaderElection (LeaderElection.java:logAndReturn(90)) - s1@group-9FC63B188219-LeaderElection20: PRE_VOTE TIMEOUT received 1 response(s) and 2 exception(s):
2024-10-09 00:14:26,287 [s1@group-9FC63B188219-LeaderElection20] INFO  impl.LeaderElection (LeaderElection.java:logAndReturn(94)) -   Response 0: s1<-s3#0:OK-t2
2024-10-09 00:14:26,287 [s1@group-9FC63B188219-LeaderElection20] INFO  impl.LeaderElection (LogUtils.java:infoOrTrace(136)) -   Exception 1: java.util.concurrent.ExecutionException: java.io.IOException: The peer s4 is not alive.
2024-10-09 00:14:26,287 [s1@group-9FC63B188219-LeaderElection20] INFO  impl.LeaderElection (LogUtils.java:infoOrTrace(136)) -   Exception 2: java.util.concurrent.ExecutionException: java.io.IOException: The peer s2 is not alive.
2024-10-09 00:14:26,287 [s1@group-9FC63B188219-LeaderElection20] INFO  impl.LeaderElection (LeaderElection.java:askForVotes(339)) - s1@group-9FC63B188219-LeaderElection20 PRE_VOTE round 109: result TIMEOUT
2024-10-09 00:14:26,287 [s1@group-9FC63B188219-LeaderElection20] INFO  impl.LeaderElection (LeaderElection.java:askForVotes(337)) - s1@group-9FC63B188219-LeaderElection20 PRE_VOTE round 110: submit vote requests at term 2 for conf: {index: 1, cur=peers:[s3|localhost:15172, s4|localhost:15176, s0|localhost:15160, s1|localhost:15164, s2|localhost:15168]|listeners:[], old=null}
2024-10-09 00:14:26,287 [HandlerDaemon-2] INFO  server.RaftServer$Division (RaftServerImpl.java:requestVote(1443)) - s3@group-9FC63B188219: receive requestVote(PRE_VOTE, s1, group-9FC63B188219, 2, (t:2, i:2))
2024-10-09 00:14:26,287 [HandlerDaemon-2] INFO  impl.VoteContext (VoteContext.java:log(49)) - s3@group-9FC63B188219-CANDIDATE: accept PRE_VOTE from s1: our priority 0 <= candidate's priority 0
2024-10-09 00:14:26,287 [s1@group-9FC63B188219-LeaderElection20] INFO  impl.LeaderElection (LogUtils.java:infoOrTrace(136)) - s1@group-9FC63B188219-LeaderElection20 got exception when requesting votes: java.util.concurrent.ExecutionException: java.io.IOException: The peer s4 is not alive.
2024-10-09 00:14:26,287 [s1@group-9FC63B188219-LeaderElection20] INFO  impl.LeaderElection (LogUtils.java:infoOrTrace(136)) - s1@group-9FC63B188219-LeaderElection20 got exception when requesting votes: java.util.concurrent.ExecutionException: java.io.IOException: The peer s2 is not alive.
2024-10-09 00:14:26,287 [HandlerDaemon-2] INFO  server.RaftServer$Division (RaftServerImpl.java:requestVote(1476)) - s3@group-9FC63B188219 replies to PRE_VOTE vote request: s1<-s3#0:OK-t2. Peer's state: s3@group-9FC63B188219:t2, leader=null, voted=s2, raftlog=Memoized:s3@group-9FC63B188219-SegmentedRaftLog:OPENED:c2:last(t:2, i:2), conf=conf: {index: 1, cur=peers:[s3|localhost:15172, s4|localhost:15176, s0|localhost:15160, s1|localhost:15164, s2|localhost:15168]|listeners:[], old=null}
2024-10-09 00:14:26,307 [s3@group-9FC63B188219-LeaderElection21] INFO  impl.LeaderElection (LeaderElection.java:logAndReturn(90)) - s3@group-9FC63B188219-LeaderElection21: PRE_VOTE TIMEOUT received 1 response(s) and 2 exception(s):
2024-10-09 00:14:26,307 [s3@group-9FC63B188219-LeaderElection21] INFO  impl.LeaderElection (LeaderElection.java:logAndReturn(94)) -   Response 0: s3<-s1#0:OK-t2
2024-10-09 00:14:26,307 [s3@group-9FC63B188219-LeaderElection21] INFO  impl.LeaderElection (LogUtils.java:infoOrTrace(136)) -   Exception 1: java.util.concurrent.ExecutionException: java.io.IOException: The peer s4 is not alive.
2024-10-09 00:14:26,307 [s3@group-9FC63B188219-LeaderElection21] INFO  impl.LeaderElection (LogUtils.java:infoOrTrace(136)) -   Exception 2: java.util.concurrent.ExecutionException: java.io.IOException: The peer s2 is not alive.
2024-10-09 00:14:26,307 [s3@group-9FC63B188219-LeaderElection21] INFO  impl.LeaderElection (LeaderElection.java:askForVotes(339)) - s3@group-9FC63B188219-LeaderElection21 PRE_VOTE round 92: result TIMEOUT
2024-10-09 00:14:26,307 [s3@group-9FC63B188219-LeaderElection21] INFO  impl.LeaderElection (LeaderElection.java:askForVotes(337)) - s3@group-9FC63B188219-LeaderElection21 PRE_VOTE round 93: submit vote requests at term 2 for conf: {index: 1, cur=peers:[s3|localhost:15172, s4|localhost:15176, s0|localhost:15160, s1|localhost:15164, s2|localhost:15168]|listeners:[], old=null}
2024-10-09 00:14:26,308 [HandlerDaemon-0] INFO  server.RaftServer$Division (RaftServerImpl.java:requestVote(1443)) - s1@group-9FC63B188219: receive requestVote(PRE_VOTE, s3, group-9FC63B188219, 2, (t:2, i:2))
2024-10-09 00:14:26,308 [s3@group-9FC63B188219-LeaderElection21] INFO  impl.LeaderElection (LogUtils.java:infoOrTrace(136)) - s3@group-9FC63B188219-LeaderElection21 got exception when requesting votes: java.util.concurrent.ExecutionException: java.io.IOException: The peer s4 is not alive.
2024-10-09 00:14:26,308 [s3@group-9FC63B188219-LeaderElection21] INFO  impl.LeaderElection (LogUtils.java:infoOrTrace(136)) - s3@group-9FC63B188219-LeaderElection21 got exception when requesting votes: java.util.concurrent.ExecutionException: java.io.IOException: The peer s2 is not alive.
2024-10-09 00:14:26,308 [HandlerDaemon-0] INFO  impl.VoteContext (VoteContext.java:log(49)) - s1@group-9FC63B188219-CANDIDATE: accept PRE_VOTE from s3: our priority 0 <= candidate's priority 0
2024-10-09 00:14:26,308 [HandlerDaemon-0] INFO  server.RaftServer$Division (RaftServerImpl.java:requestVote(1476)) - s1@group-9FC63B188219 replies to PRE_VOTE vote request: s3<-s1#0:OK-t2. Peer's state: s1@group-9FC63B188219:t2, leader=null, voted=s2, raftlog=Memoized:s1@group-9FC63B188219-SegmentedRaftLog:OPENED:c2:last(t:2, i:2), conf=conf: {index: 1, cur=peers:[s3|localhost:15172, s4|localhost:15176, s0|localhost:15160, s1|localhost:15164, s2|localhost:15168]|listeners:[], old=null}
2024-10-09 00:14:26,440 [s1@group-9FC63B188219-LeaderElection20] INFO  impl.LeaderElection (LeaderElection.java:logAndReturn(90)) - s1@group-9FC63B188219-LeaderElection20: PRE_VOTE TIMEOUT received 1 response(s) and 2 exception(s):
2024-10-09 00:14:26,440 [s1@group-9FC63B188219-LeaderElection20] INFO  impl.LeaderElection (LeaderElection.java:logAndReturn(94)) -   Response 0: s1<-s3#0:OK-t2
2024-10-09 00:14:26,440 [s1@group-9FC63B188219-LeaderElection20] INFO  impl.LeaderElection (LogUtils.java:infoOrTrace(136)) -   Exception 1: java.util.concurrent.ExecutionException: java.io.IOException: The peer s4 is not alive.
2024-10-09 00:14:26,440 [s1@group-9FC63B188219-LeaderElection20] INFO  impl.LeaderElection (LogUtils.java:infoOrTrace(136)) -   Exception 2: java.util.concurrent.ExecutionException: java.io.IOException: The peer s2 is not alive.
2024-10-09 00:14:26,441 [s1@group-9FC63B188219-LeaderElection20] INFO  impl.LeaderElection (LeaderElection.java:askForVotes(339)) - s1@group-9FC63B188219-LeaderElection20 PRE_VOTE round 110: result TIMEOUT
2024-10-09 00:14:26,441 [s1@group-9FC63B188219-LeaderElection20] INFO  impl.LeaderElection (LeaderElection.java:askForVotes(337)) - s1@group-9FC63B188219-LeaderElection20 PRE_VOTE round 111: submit vote requests at term 2 for conf: {index: 1, cur=peers:[s3|localhost:15172, s4|localhost:15176, s0|localhost:15160, s1|localhost:15164, s2|localhost:15168]|listeners:[], old=null}
2024-10-09 00:14:26,441 [HandlerDaemon-0] INFO  server.RaftServer$Division (RaftServerImpl.java:requestVote(1443)) - s3@group-9FC63B188219: receive requestVote(PRE_VOTE, s1, group-9FC63B188219, 2, (t:2, i:2))
2024-10-09 00:14:26,441 [HandlerDaemon-0] INFO  impl.VoteContext (VoteContext.java:log(49)) - s3@group-9FC63B188219-CANDIDATE: accept PRE_VOTE from s1: our priority 0 <= candidate's priority 0
2024-10-09 00:14:26,441 [HandlerDaemon-0] INFO  server.RaftServer$Division (RaftServerImpl.java:requestVote(1476)) - s3@group-9FC63B188219 replies to PRE_VOTE vote request: s1<-s3#0:OK-t2. Peer's state: s3@group-9FC63B188219:t2, leader=null, voted=s2, raftlog=Memoized:s3@group-9FC63B188219-SegmentedRaftLog:OPENED:c2:last(t:2, i:2), conf=conf: {index: 1, cur=peers:[s3|localhost:15172, s4|localhost:15176, s0|localhost:15160, s1|localhost:15164, s2|localhost:15168]|listeners:[], old=null}
2024-10-09 00:14:26,441 [s1@group-9FC63B188219-LeaderElection20] INFO  impl.LeaderElection (LogUtils.java:infoOrTrace(136)) - s1@group-9FC63B188219-LeaderElection20 got exception when requesting votes: java.util.concurrent.ExecutionException: java.io.IOException: The peer s4 is not alive.
2024-10-09 00:14:26,441 [s1@group-9FC63B188219-LeaderElection20] INFO  impl.LeaderElection (LogUtils.java:infoOrTrace(136)) - s1@group-9FC63B188219-LeaderElection20 got exception when requesting votes: java.util.concurrent.ExecutionException: java.io.IOException: The peer s2 is not alive.
2024-10-09 00:14:26,567 [main] WARN  ratis.RaftTestUtil (RaftTestUtil.java:lambda$waitForLeader$3(126)) - Attempt #57 failed: java.lang.IllegalStateException: No leader yet : printing ALL groups
  s3:  RUNNING CANDIDATE s3@group-9FC63B188219:t2, leader=null, voted=s2, raftlog=Memoized:s3@group-9FC63B188219-SegmentedRaftLog:OPENED:c2:last(t:2, i:2), conf=conf: {index: 1, cur=peers:[s3|localhost:15172, s4|localhost:15176, s0|localhost:15160, s1|localhost:15164, s2|localhost:15168]|listeners:[], old=null} RUNNING
  s4:   CLOSED    LEADER s4@group-9FC63B188219:t1, leader=s4, voted=s4, raftlog=Memoized:s4@group-9FC63B188219-SegmentedRaftLog:CLOSED:c0, conf=conf: {index: 0, cur=peers:[s3|localhost:15172, s4|localhost:15176, s0|localhost:15160, s1|localhost:15164, s2|localhost:15168]|listeners:[], old=null} CLOSED
  s0:  RUNNING  FOLLOWER s0@group-9FC63B188219:t1, leader=null, voted=null, raftlog=Memoized:s0@group-9FC63B188219-SegmentedRaftLog:OPENED:c-1:lastnull, conf=conf: {index: -1, cur=peers:[s3|localhost:15172, s4|localhost:15176, s0|localhost:15160, s1|localhost:15164, s2|localhost:15168]|listeners:[], old=null} RUNNING
  s1:  RUNNING CANDIDATE s1@group-9FC63B188219:t2, leader=null, voted=s2, raftlog=Memoized:s1@group-9FC63B188219-SegmentedRaftLog:OPENED:c2:last(t:2, i:2), conf=conf: {index: 1, cur=peers:[s3|localhost:15172, s4|localhost:15176, s0|localhost:15160, s1|localhost:15164, s2|localhost:15168]|listeners:[], old=null} RUNNING
  s2:   CLOSED    LEADER s2@group-9FC63B188219:t2, leader=s2, voted=s2, raftlog=Memoized:s2@group-9FC63B188219-SegmentedRaftLog:CLOSED:c2, conf=conf: {index: 1, cur=peers:[s3|localhost:15172, s4|localhost:15176, s0|localhost:15160, s1|localhost:15164, s2|localhost:15168]|listeners:[], old=null} CLOSED
2024-10-09 00:14:26,596 [s3@group-9FC63B188219-LeaderElection21] INFO  impl.LeaderElection (LeaderElection.java:logAndReturn(90)) - s3@group-9FC63B188219-LeaderElection21: PRE_VOTE TIMEOUT received 1 response(s) and 2 exception(s):
2024-10-09 00:14:26,596 [s3@group-9FC63B188219-LeaderElection21] INFO  impl.LeaderElection (LeaderElection.java:logAndReturn(94)) -   Response 0: s3<-s1#0:OK-t2
2024-10-09 00:14:26,596 [s3@group-9FC63B188219-LeaderElection21] INFO  impl.LeaderElection (LogUtils.java:infoOrTrace(136)) -   Exception 1: java.util.concurrent.ExecutionException: java.io.IOException: The peer s4 is not alive.
2024-10-09 00:14:26,596 [s3@group-9FC63B188219-LeaderElection21] INFO  impl.LeaderElection (LogUtils.java:infoOrTrace(136)) -   Exception 2: java.util.concurrent.ExecutionException: java.io.IOException: The peer s2 is not alive.
2024-10-09 00:14:26,596 [s3@group-9FC63B188219-LeaderElection21] INFO  impl.LeaderElection (LeaderElection.java:askForVotes(339)) - s3@group-9FC63B188219-LeaderElection21 PRE_VOTE round 93: result TIMEOUT
2024-10-09 00:14:26,596 [s3@group-9FC63B188219-LeaderElection21] INFO  impl.LeaderElection (LeaderElection.java:askForVotes(337)) - s3@group-9FC63B188219-LeaderElection21 PRE_VOTE round 94: submit vote requests at term 2 for conf: {index: 1, cur=peers:[s3|localhost:15172, s4|localhost:15176, s0|localhost:15160, s1|localhost:15164, s2|localhost:15168]|listeners:[], old=null}
2024-10-09 00:14:26,597 [HandlerDaemon-1] INFO  server.RaftServer$Division (RaftServerImpl.java:requestVote(1443)) - s1@group-9FC63B188219: receive requestVote(PRE_VOTE, s3, group-9FC63B188219, 2, (t:2, i:2))
2024-10-09 00:14:26,597 [s3@group-9FC63B188219-LeaderElection21] INFO  impl.LeaderElection (LogUtils.java:infoOrTrace(136)) - s3@group-9FC63B188219-LeaderElection21 got exception when requesting votes: java.util.concurrent.ExecutionException: java.io.IOException: The peer s4 is not alive.
2024-10-09 00:14:26,597 [HandlerDaemon-1] INFO  impl.VoteContext (VoteContext.java:log(49)) - s1@group-9FC63B188219-CANDIDATE: accept PRE_VOTE from s3: our priority 0 <= candidate's priority 0
2024-10-09 00:14:26,597 [s3@group-9FC63B188219-LeaderElection21] INFO  impl.LeaderElection (LogUtils.java:infoOrTrace(136)) - s3@group-9FC63B188219-LeaderElection21 got exception when requesting votes: java.util.concurrent.ExecutionException: java.io.IOException: The peer s2 is not alive.
2024-10-09 00:14:26,597 [HandlerDaemon-1] INFO  server.RaftServer$Division (RaftServerImpl.java:requestVote(1476)) - s1@group-9FC63B188219 replies to PRE_VOTE vote request: s3<-s1#0:OK-t2. Peer's state: s1@group-9FC63B188219:t2, leader=null, voted=s2, raftlog=Memoized:s1@group-9FC63B188219-SegmentedRaftLog:OPENED:c2:last(t:2, i:2), conf=conf: {index: 1, cur=peers:[s3|localhost:15172, s4|localhost:15176, s0|localhost:15160, s1|localhost:15164, s2|localhost:15168]|listeners:[], old=null}
2024-10-09 00:14:26,633 [s1@group-9FC63B188219-LeaderElection20] INFO  impl.LeaderElection (LeaderElection.java:logAndReturn(90)) - s1@group-9FC63B188219-LeaderElection20: PRE_VOTE TIMEOUT received 1 response(s) and 2 exception(s):
2024-10-09 00:14:26,633 [s1@group-9FC63B188219-LeaderElection20] INFO  impl.LeaderElection (LeaderElection.java:logAndReturn(94)) -   Response 0: s1<-s3#0:OK-t2
2024-10-09 00:14:26,633 [s1@group-9FC63B188219-LeaderElection20] INFO  impl.LeaderElection (LogUtils.java:infoOrTrace(136)) -   Exception 1: java.util.concurrent.ExecutionException: java.io.IOException: The peer s4 is not alive.
2024-10-09 00:14:26,633 [s1@group-9FC63B188219-LeaderElection20] INFO  impl.LeaderElection (LogUtils.java:infoOrTrace(136)) -   Exception 2: java.util.concurrent.ExecutionException: java.io.IOException: The peer s2 is not alive.
2024-10-09 00:14:26,633 [s1@group-9FC63B188219-LeaderElection20] INFO  impl.LeaderElection (LeaderElection.java:askForVotes(339)) - s1@group-9FC63B188219-LeaderElection20 PRE_VOTE round 111: result TIMEOUT
2024-10-09 00:14:26,633 [s1@group-9FC63B188219-LeaderElection20] INFO  impl.LeaderElection (LeaderElection.java:askForVotes(337)) - s1@group-9FC63B188219-LeaderElection20 PRE_VOTE round 112: submit vote requests at term 2 for conf: {index: 1, cur=peers:[s3|localhost:15172, s4|localhost:15176, s0|localhost:15160, s1|localhost:15164, s2|localhost:15168]|listeners:[], old=null}
2024-10-09 00:14:26,634 [HandlerDaemon-1] INFO  server.RaftServer$Division (RaftServerImpl.java:requestVote(1443)) - s3@group-9FC63B188219: receive requestVote(PRE_VOTE, s1, group-9FC63B188219, 2, (t:2, i:2))
2024-10-09 00:14:26,634 [HandlerDaemon-1] INFO  impl.VoteContext (VoteContext.java:log(49)) - s3@group-9FC63B188219-CANDIDATE: accept PRE_VOTE from s1: our priority 0 <= candidate's priority 0
2024-10-09 00:14:26,634 [s1@group-9FC63B188219-LeaderElection20] INFO  impl.LeaderElection (LogUtils.java:infoOrTrace(136)) - s1@group-9FC63B188219-LeaderElection20 got exception when requesting votes: java.util.concurrent.ExecutionException: java.io.IOException: The peer s4 is not alive.
2024-10-09 00:14:26,634 [s1@group-9FC63B188219-LeaderElection20] INFO  impl.LeaderElection (LogUtils.java:infoOrTrace(136)) - s1@group-9FC63B188219-LeaderElection20 got exception when requesting votes: java.util.concurrent.ExecutionException: java.io.IOException: The peer s2 is not alive.
2024-10-09 00:14:26,634 [HandlerDaemon-1] INFO  server.RaftServer$Division (RaftServerImpl.java:requestVote(1476)) - s3@group-9FC63B188219 replies to PRE_VOTE vote request: s1<-s3#0:OK-t2. Peer's state: s3@group-9FC63B188219:t2, leader=null, voted=s2, raftlog=Memoized:s3@group-9FC63B188219-SegmentedRaftLog:OPENED:c2:last(t:2, i:2), conf=conf: {index: 1, cur=peers:[s3|localhost:15172, s4|localhost:15176, s0|localhost:15160, s1|localhost:15164, s2|localhost:15168]|listeners:[], old=null}
2024-10-09 00:14:26,805 [s3@group-9FC63B188219-LeaderElection21] INFO  impl.LeaderElection (LeaderElection.java:logAndReturn(90)) - s3@group-9FC63B188219-LeaderElection21: PRE_VOTE TIMEOUT received 1 response(s) and 2 exception(s):
2024-10-09 00:14:26,805 [s3@group-9FC63B188219-LeaderElection21] INFO  impl.LeaderElection (LeaderElection.java:logAndReturn(94)) -   Response 0: s3<-s1#0:OK-t2
2024-10-09 00:14:26,805 [s3@group-9FC63B188219-LeaderElection21] INFO  impl.LeaderElection (LogUtils.java:infoOrTrace(136)) -   Exception 1: java.util.concurrent.ExecutionException: java.io.IOException: The peer s4 is not alive.
2024-10-09 00:14:26,805 [s3@group-9FC63B188219-LeaderElection21] INFO  impl.LeaderElection (LogUtils.java:infoOrTrace(136)) -   Exception 2: java.util.concurrent.ExecutionException: java.io.IOException: The peer s2 is not alive.
2024-10-09 00:14:26,805 [s3@group-9FC63B188219-LeaderElection21] INFO  impl.LeaderElection (LeaderElection.java:askForVotes(339)) - s3@group-9FC63B188219-LeaderElection21 PRE_VOTE round 94: result TIMEOUT
2024-10-09 00:14:26,805 [s3@group-9FC63B188219-LeaderElection21] INFO  impl.LeaderElection (LeaderElection.java:askForVotes(337)) - s3@group-9FC63B188219-LeaderElection21 PRE_VOTE round 95: submit vote requests at term 2 for conf: {index: 1, cur=peers:[s3|localhost:15172, s4|localhost:15176, s0|localhost:15160, s1|localhost:15164, s2|localhost:15168]|listeners:[], old=null}
2024-10-09 00:14:26,806 [HandlerDaemon-2] INFO  server.RaftServer$Division (RaftServerImpl.java:requestVote(1443)) - s1@group-9FC63B188219: receive requestVote(PRE_VOTE, s3, group-9FC63B188219, 2, (t:2, i:2))
2024-10-09 00:14:26,806 [s3@group-9FC63B188219-LeaderElection21] INFO  impl.LeaderElection (LogUtils.java:infoOrTrace(136)) - s3@group-9FC63B188219-LeaderElection21 got exception when requesting votes: java.util.concurrent.ExecutionException: java.io.IOException: The peer s4 is not alive.
2024-10-09 00:14:26,806 [s3@group-9FC63B188219-LeaderElection21] INFO  impl.LeaderElection (LogUtils.java:infoOrTrace(136)) - s3@group-9FC63B188219-LeaderElection21 got exception when requesting votes: java.util.concurrent.ExecutionException: java.io.IOException: The peer s2 is not alive.
2024-10-09 00:14:26,806 [HandlerDaemon-2] INFO  impl.VoteContext (VoteContext.java:log(49)) - s1@group-9FC63B188219-CANDIDATE: accept PRE_VOTE from s3: our priority 0 <= candidate's priority 0
2024-10-09 00:14:26,806 [HandlerDaemon-2] INFO  server.RaftServer$Division (RaftServerImpl.java:requestVote(1476)) - s1@group-9FC63B188219 replies to PRE_VOTE vote request: s3<-s1#0:OK-t2. Peer's state: s1@group-9FC63B188219:t2, leader=null, voted=s2, raftlog=Memoized:s1@group-9FC63B188219-SegmentedRaftLog:OPENED:c2:last(t:2, i:2), conf=conf: {index: 1, cur=peers:[s3|localhost:15172, s4|localhost:15176, s0|localhost:15160, s1|localhost:15164, s2|localhost:15168]|listeners:[], old=null}
2024-10-09 00:14:26,806 [s1@group-9FC63B188219-LeaderElection20] INFO  impl.LeaderElection (LeaderElection.java:logAndReturn(90)) - s1@group-9FC63B188219-LeaderElection20: PRE_VOTE TIMEOUT received 1 response(s) and 2 exception(s):
2024-10-09 00:14:26,806 [s1@group-9FC63B188219-LeaderElection20] INFO  impl.LeaderElection (LeaderElection.java:logAndReturn(94)) -   Response 0: s1<-s3#0:OK-t2
2024-10-09 00:14:26,806 [s1@group-9FC63B188219-LeaderElection20] INFO  impl.LeaderElection (LogUtils.java:infoOrTrace(136)) -   Exception 1: java.util.concurrent.ExecutionException: java.io.IOException: The peer s4 is not alive.
2024-10-09 00:14:26,806 [s1@group-9FC63B188219-LeaderElection20] INFO  impl.LeaderElection (LogUtils.java:infoOrTrace(136)) -   Exception 2: java.util.concurrent.ExecutionException: java.io.IOException: The peer s2 is not alive.
2024-10-09 00:14:26,806 [s1@group-9FC63B188219-LeaderElection20] INFO  impl.LeaderElection (LeaderElection.java:askForVotes(339)) - s1@group-9FC63B188219-LeaderElection20 PRE_VOTE round 112: result TIMEOUT
2024-10-09 00:14:26,806 [s1@group-9FC63B188219-LeaderElection20] INFO  impl.LeaderElection (LeaderElection.java:askForVotes(337)) - s1@group-9FC63B188219-LeaderElection20 PRE_VOTE round 113: submit vote requests at term 2 for conf: {index: 1, cur=peers:[s3|localhost:15172, s4|localhost:15176, s0|localhost:15160, s1|localhost:15164, s2|localhost:15168]|listeners:[], old=null}
2024-10-09 00:14:26,806 [HandlerDaemon-2] INFO  server.RaftServer$Division (RaftServerImpl.java:requestVote(1443)) - s3@group-9FC63B188219: receive requestVote(PRE_VOTE, s1, group-9FC63B188219, 2, (t:2, i:2))
2024-10-09 00:14:26,807 [HandlerDaemon-2] INFO  impl.VoteContext (VoteContext.java:log(49)) - s3@group-9FC63B188219-CANDIDATE: accept PRE_VOTE from s1: our priority 0 <= candidate's priority 0
2024-10-09 00:14:26,807 [HandlerDaemon-2] INFO  server.RaftServer$Division (RaftServerImpl.java:requestVote(1476)) - s3@group-9FC63B188219 replies to PRE_VOTE vote request: s1<-s3#0:OK-t2. Peer's state: s3@group-9FC63B188219:t2, leader=null, voted=s2, raftlog=Memoized:s3@group-9FC63B188219-SegmentedRaftLog:OPENED:c2:last(t:2, i:2), conf=conf: {index: 1, cur=peers:[s3|localhost:15172, s4|localhost:15176, s0|localhost:15160, s1|localhost:15164, s2|localhost:15168]|listeners:[], old=null}
2024-10-09 00:14:26,807 [s1@group-9FC63B188219-LeaderElection20] INFO  impl.LeaderElection (LogUtils.java:infoOrTrace(136)) - s1@group-9FC63B188219-LeaderElection20 got exception when requesting votes: java.util.concurrent.ExecutionException: java.io.IOException: The peer s4 is not alive.
2024-10-09 00:14:26,807 [s1@group-9FC63B188219-LeaderElection20] INFO  impl.LeaderElection (LogUtils.java:infoOrTrace(136)) - s1@group-9FC63B188219-LeaderElection20 got exception when requesting votes: java.util.concurrent.ExecutionException: java.io.IOException: The peer s2 is not alive.
2024-10-09 00:14:26,983 [s1@group-9FC63B188219-LeaderElection20] INFO  impl.LeaderElection (LeaderElection.java:logAndReturn(90)) - s1@group-9FC63B188219-LeaderElection20: PRE_VOTE TIMEOUT received 1 response(s) and 2 exception(s):
2024-10-09 00:14:26,983 [s1@group-9FC63B188219-LeaderElection20] INFO  impl.LeaderElection (LeaderElection.java:logAndReturn(94)) -   Response 0: s1<-s3#0:OK-t2
2024-10-09 00:14:26,983 [s1@group-9FC63B188219-LeaderElection20] INFO  impl.LeaderElection (LogUtils.java:infoOrTrace(136)) -   Exception 1: java.util.concurrent.ExecutionException: java.io.IOException: The peer s4 is not alive.
2024-10-09 00:14:26,983 [s1@group-9FC63B188219-LeaderElection20] INFO  impl.LeaderElection (LogUtils.java:infoOrTrace(136)) -   Exception 2: java.util.concurrent.ExecutionException: java.io.IOException: The peer s2 is not alive.
2024-10-09 00:14:26,983 [s1@group-9FC63B188219-LeaderElection20] INFO  impl.LeaderElection (LeaderElection.java:askForVotes(339)) - s1@group-9FC63B188219-LeaderElection20 PRE_VOTE round 113: result TIMEOUT
2024-10-09 00:14:26,983 [s1@group-9FC63B188219-LeaderElection20] INFO  impl.LeaderElection (LeaderElection.java:askForVotes(337)) - s1@group-9FC63B188219-LeaderElection20 PRE_VOTE round 114: submit vote requests at term 2 for conf: {index: 1, cur=peers:[s3|localhost:15172, s4|localhost:15176, s0|localhost:15160, s1|localhost:15164, s2|localhost:15168]|listeners:[], old=null}
2024-10-09 00:14:26,983 [HandlerDaemon-0] INFO  server.RaftServer$Division (RaftServerImpl.java:requestVote(1443)) - s3@group-9FC63B188219: receive requestVote(PRE_VOTE, s1, group-9FC63B188219, 2, (t:2, i:2))
2024-10-09 00:14:26,983 [HandlerDaemon-0] INFO  impl.VoteContext (VoteContext.java:log(49)) - s3@group-9FC63B188219-CANDIDATE: accept PRE_VOTE from s1: our priority 0 <= candidate's priority 0
2024-10-09 00:14:26,983 [s1@group-9FC63B188219-LeaderElection20] INFO  impl.LeaderElection (LogUtils.java:infoOrTrace(136)) - s1@group-9FC63B188219-LeaderElection20 got exception when requesting votes: java.util.concurrent.ExecutionException: java.io.IOException: The peer s4 is not alive.
2024-10-09 00:14:26,983 [HandlerDaemon-0] INFO  server.RaftServer$Division (RaftServerImpl.java:requestVote(1476)) - s3@group-9FC63B188219 replies to PRE_VOTE vote request: s1<-s3#0:OK-t2. Peer's state: s3@group-9FC63B188219:t2, leader=null, voted=s2, raftlog=Memoized:s3@group-9FC63B188219-SegmentedRaftLog:OPENED:c2:last(t:2, i:2), conf=conf: {index: 1, cur=peers:[s3|localhost:15172, s4|localhost:15176, s0|localhost:15160, s1|localhost:15164, s2|localhost:15168]|listeners:[], old=null}
2024-10-09 00:14:26,983 [s1@group-9FC63B188219-LeaderElection20] INFO  impl.LeaderElection (LogUtils.java:infoOrTrace(136)) - s1@group-9FC63B188219-LeaderElection20 got exception when requesting votes: java.util.concurrent.ExecutionException: java.io.IOException: The peer s2 is not alive.
2024-10-09 00:14:27,017 [main] WARN  ratis.RaftTestUtil (RaftTestUtil.java:lambda$waitForLeader$3(126)) - Attempt #58 failed: java.lang.IllegalStateException: No leader yet : printing ALL groups
  s3:  RUNNING CANDIDATE s3@group-9FC63B188219:t2, leader=null, voted=s2, raftlog=Memoized:s3@group-9FC63B188219-SegmentedRaftLog:OPENED:c2:last(t:2, i:2), conf=conf: {index: 1, cur=peers:[s3|localhost:15172, s4|localhost:15176, s0|localhost:15160, s1|localhost:15164, s2|localhost:15168]|listeners:[], old=null} RUNNING
  s4:   CLOSED    LEADER s4@group-9FC63B188219:t1, leader=s4, voted=s4, raftlog=Memoized:s4@group-9FC63B188219-SegmentedRaftLog:CLOSED:c0, conf=conf: {index: 0, cur=peers:[s3|localhost:15172, s4|localhost:15176, s0|localhost:15160, s1|localhost:15164, s2|localhost:15168]|listeners:[], old=null} CLOSED
  s0:  RUNNING  FOLLOWER s0@group-9FC63B188219:t1, leader=null, voted=null, raftlog=Memoized:s0@group-9FC63B188219-SegmentedRaftLog:OPENED:c-1:lastnull, conf=conf: {index: -1, cur=peers:[s3|localhost:15172, s4|localhost:15176, s0|localhost:15160, s1|localhost:15164, s2|localhost:15168]|listeners:[], old=null} RUNNING
  s1:  RUNNING CANDIDATE s1@group-9FC63B188219:t2, leader=null, voted=s2, raftlog=Memoized:s1@group-9FC63B188219-SegmentedRaftLog:OPENED:c2:last(t:2, i:2), conf=conf: {index: 1, cur=peers:[s3|localhost:15172, s4|localhost:15176, s0|localhost:15160, s1|localhost:15164, s2|localhost:15168]|listeners:[], old=null} RUNNING
  s2:   CLOSED    LEADER s2@group-9FC63B188219:t2, leader=s2, voted=s2, raftlog=Memoized:s2@group-9FC63B188219-SegmentedRaftLog:CLOSED:c2, conf=conf: {index: 1, cur=peers:[s3|localhost:15172, s4|localhost:15176, s0|localhost:15160, s1|localhost:15164, s2|localhost:15168]|listeners:[], old=null} CLOSED
2024-10-09 00:14:27,061 [s3@group-9FC63B188219-LeaderElection21] INFO  impl.LeaderElection (LeaderElection.java:logAndReturn(90)) - s3@group-9FC63B188219-LeaderElection21: PRE_VOTE TIMEOUT received 1 response(s) and 2 exception(s):
2024-10-09 00:14:27,061 [s3@group-9FC63B188219-LeaderElection21] INFO  impl.LeaderElection (LeaderElection.java:logAndReturn(94)) -   Response 0: s3<-s1#0:OK-t2
2024-10-09 00:14:27,061 [s3@group-9FC63B188219-LeaderElection21] INFO  impl.LeaderElection (LogUtils.java:infoOrTrace(136)) -   Exception 1: java.util.concurrent.ExecutionException: java.io.IOException: The peer s4 is not alive.
2024-10-09 00:14:27,061 [s3@group-9FC63B188219-LeaderElection21] INFO  impl.LeaderElection (LogUtils.java:infoOrTrace(136)) -   Exception 2: java.util.concurrent.ExecutionException: java.io.IOException: The peer s2 is not alive.
2024-10-09 00:14:27,061 [s3@group-9FC63B188219-LeaderElection21] INFO  impl.LeaderElection (LeaderElection.java:askForVotes(339)) - s3@group-9FC63B188219-LeaderElection21 PRE_VOTE round 95: result TIMEOUT
2024-10-09 00:14:27,061 [s3@group-9FC63B188219-LeaderElection21] INFO  impl.LeaderElection (LeaderElection.java:askForVotes(337)) - s3@group-9FC63B188219-LeaderElection21 PRE_VOTE round 96: submit vote requests at term 2 for conf: {index: 1, cur=peers:[s3|localhost:15172, s4|localhost:15176, s0|localhost:15160, s1|localhost:15164, s2|localhost:15168]|listeners:[], old=null}
2024-10-09 00:14:27,061 [HandlerDaemon-0] INFO  server.RaftServer$Division (RaftServerImpl.java:requestVote(1443)) - s1@group-9FC63B188219: receive requestVote(PRE_VOTE, s3, group-9FC63B188219, 2, (t:2, i:2))
2024-10-09 00:14:27,061 [s3@group-9FC63B188219-LeaderElection21] INFO  impl.LeaderElection (LogUtils.java:infoOrTrace(136)) - s3@group-9FC63B188219-LeaderElection21 got exception when requesting votes: java.util.concurrent.ExecutionException: java.io.IOException: The peer s4 is not alive.
2024-10-09 00:14:27,062 [s3@group-9FC63B188219-LeaderElection21] INFO  impl.LeaderElection (LogUtils.java:infoOrTrace(136)) - s3@group-9FC63B188219-LeaderElection21 got exception when requesting votes: java.util.concurrent.ExecutionException: java.io.IOException: The peer s2 is not alive.
2024-10-09 00:14:27,061 [HandlerDaemon-0] INFO  impl.VoteContext (VoteContext.java:log(49)) - s1@group-9FC63B188219-CANDIDATE: accept PRE_VOTE from s3: our priority 0 <= candidate's priority 0
2024-10-09 00:14:27,062 [HandlerDaemon-0] INFO  server.RaftServer$Division (RaftServerImpl.java:requestVote(1476)) - s1@group-9FC63B188219 replies to PRE_VOTE vote request: s3<-s1#0:OK-t2. Peer's state: s1@group-9FC63B188219:t2, leader=null, voted=s2, raftlog=Memoized:s1@group-9FC63B188219-SegmentedRaftLog:OPENED:c2:last(t:2, i:2), conf=conf: {index: 1, cur=peers:[s3|localhost:15172, s4|localhost:15176, s0|localhost:15160, s1|localhost:15164, s2|localhost:15168]|listeners:[], old=null}
2024-10-09 00:14:27,186 [s1@group-9FC63B188219-LeaderElection20] INFO  impl.LeaderElection (LeaderElection.java:logAndReturn(90)) - s1@group-9FC63B188219-LeaderElection20: PRE_VOTE TIMEOUT received 1 response(s) and 2 exception(s):
2024-10-09 00:14:27,187 [s1@group-9FC63B188219-LeaderElection20] INFO  impl.LeaderElection (LeaderElection.java:logAndReturn(94)) -   Response 0: s1<-s3#0:OK-t2
2024-10-09 00:14:27,187 [s1@group-9FC63B188219-LeaderElection20] INFO  impl.LeaderElection (LogUtils.java:infoOrTrace(136)) -   Exception 1: java.util.concurrent.ExecutionException: java.io.IOException: The peer s4 is not alive.
2024-10-09 00:14:27,187 [s1@group-9FC63B188219-LeaderElection20] INFO  impl.LeaderElection (LogUtils.java:infoOrTrace(136)) -   Exception 2: java.util.concurrent.ExecutionException: java.io.IOException: The peer s2 is not alive.
2024-10-09 00:14:27,187 [s1@group-9FC63B188219-LeaderElection20] INFO  impl.LeaderElection (LeaderElection.java:askForVotes(339)) - s1@group-9FC63B188219-LeaderElection20 PRE_VOTE round 114: result TIMEOUT
2024-10-09 00:14:27,187 [s1@group-9FC63B188219-LeaderElection20] INFO  impl.LeaderElection (LeaderElection.java:askForVotes(337)) - s1@group-9FC63B188219-LeaderElection20 PRE_VOTE round 115: submit vote requests at term 2 for conf: {index: 1, cur=peers:[s3|localhost:15172, s4|localhost:15176, s0|localhost:15160, s1|localhost:15164, s2|localhost:15168]|listeners:[], old=null}
2024-10-09 00:14:27,187 [HandlerDaemon-1] INFO  server.RaftServer$Division (RaftServerImpl.java:requestVote(1443)) - s3@group-9FC63B188219: receive requestVote(PRE_VOTE, s1, group-9FC63B188219, 2, (t:2, i:2))
2024-10-09 00:14:27,187 [HandlerDaemon-1] INFO  impl.VoteContext (VoteContext.java:log(49)) - s3@group-9FC63B188219-CANDIDATE: accept PRE_VOTE from s1: our priority 0 <= candidate's priority 0
2024-10-09 00:14:27,187 [HandlerDaemon-1] INFO  server.RaftServer$Division (RaftServerImpl.java:requestVote(1476)) - s3@group-9FC63B188219 replies to PRE_VOTE vote request: s1<-s3#0:OK-t2. Peer's state: s3@group-9FC63B188219:t2, leader=null, voted=s2, raftlog=Memoized:s3@group-9FC63B188219-SegmentedRaftLog:OPENED:c2:last(t:2, i:2), conf=conf: {index: 1, cur=peers:[s3|localhost:15172, s4|localhost:15176, s0|localhost:15160, s1|localhost:15164, s2|localhost:15168]|listeners:[], old=null}
2024-10-09 00:14:27,187 [s1@group-9FC63B188219-LeaderElection20] INFO  impl.LeaderElection (LogUtils.java:infoOrTrace(136)) - s1@group-9FC63B188219-LeaderElection20 got exception when requesting votes: java.util.concurrent.ExecutionException: java.io.IOException: The peer s4 is not alive.
2024-10-09 00:14:27,187 [s1@group-9FC63B188219-LeaderElection20] INFO  impl.LeaderElection (LogUtils.java:infoOrTrace(136)) - s1@group-9FC63B188219-LeaderElection20 got exception when requesting votes: java.util.concurrent.ExecutionException: java.io.IOException: The peer s2 is not alive.
2024-10-09 00:14:27,272 [s3@group-9FC63B188219-LeaderElection21] INFO  impl.LeaderElection (LeaderElection.java:logAndReturn(90)) - s3@group-9FC63B188219-LeaderElection21: PRE_VOTE TIMEOUT received 1 response(s) and 2 exception(s):
2024-10-09 00:14:27,273 [s3@group-9FC63B188219-LeaderElection21] INFO  impl.LeaderElection (LeaderElection.java:logAndReturn(94)) -   Response 0: s3<-s1#0:OK-t2
2024-10-09 00:14:27,273 [s3@group-9FC63B188219-LeaderElection21] INFO  impl.LeaderElection (LogUtils.java:infoOrTrace(136)) -   Exception 1: java.util.concurrent.ExecutionException: java.io.IOException: The peer s4 is not alive.
2024-10-09 00:14:27,273 [s3@group-9FC63B188219-LeaderElection21] INFO  impl.LeaderElection (LogUtils.java:infoOrTrace(136)) -   Exception 2: java.util.concurrent.ExecutionException: java.io.IOException: The peer s2 is not alive.
2024-10-09 00:14:27,273 [s3@group-9FC63B188219-LeaderElection21] INFO  impl.LeaderElection (LeaderElection.java:askForVotes(339)) - s3@group-9FC63B188219-LeaderElection21 PRE_VOTE round 96: result TIMEOUT
2024-10-09 00:14:27,273 [s3@group-9FC63B188219-LeaderElection21] INFO  impl.LeaderElection (LeaderElection.java:askForVotes(337)) - s3@group-9FC63B188219-LeaderElection21 PRE_VOTE round 97: submit vote requests at term 2 for conf: {index: 1, cur=peers:[s3|localhost:15172, s4|localhost:15176, s0|localhost:15160, s1|localhost:15164, s2|localhost:15168]|listeners:[], old=null}
2024-10-09 00:14:27,273 [HandlerDaemon-1] INFO  server.RaftServer$Division (RaftServerImpl.java:requestVote(1443)) - s1@group-9FC63B188219: receive requestVote(PRE_VOTE, s3, group-9FC63B188219, 2, (t:2, i:2))
2024-10-09 00:14:27,273 [s3@group-9FC63B188219-LeaderElection21] INFO  impl.LeaderElection (LogUtils.java:infoOrTrace(136)) - s3@group-9FC63B188219-LeaderElection21 got exception when requesting votes: java.util.concurrent.ExecutionException: java.io.IOException: The peer s4 is not alive.
2024-10-09 00:14:27,273 [HandlerDaemon-1] INFO  impl.VoteContext (VoteContext.java:log(49)) - s1@group-9FC63B188219-CANDIDATE: accept PRE_VOTE from s3: our priority 0 <= candidate's priority 0
2024-10-09 00:14:27,273 [s3@group-9FC63B188219-LeaderElection21] INFO  impl.LeaderElection (LogUtils.java:infoOrTrace(136)) - s3@group-9FC63B188219-LeaderElection21 got exception when requesting votes: java.util.concurrent.ExecutionException: java.io.IOException: The peer s2 is not alive.
2024-10-09 00:14:27,273 [HandlerDaemon-1] INFO  server.RaftServer$Division (RaftServerImpl.java:requestVote(1476)) - s1@group-9FC63B188219 replies to PRE_VOTE vote request: s3<-s1#0:OK-t2. Peer's state: s1@group-9FC63B188219:t2, leader=null, voted=s2, raftlog=Memoized:s1@group-9FC63B188219-SegmentedRaftLog:OPENED:c2:last(t:2, i:2), conf=conf: {index: 1, cur=peers:[s3|localhost:15172, s4|localhost:15176, s0|localhost:15160, s1|localhost:15164, s2|localhost:15168]|listeners:[], old=null}
2024-10-09 00:14:27,427 [s1@group-9FC63B188219-LeaderElection20] INFO  impl.LeaderElection (LeaderElection.java:logAndReturn(90)) - s1@group-9FC63B188219-LeaderElection20: PRE_VOTE TIMEOUT received 1 response(s) and 2 exception(s):
2024-10-09 00:14:27,427 [s1@group-9FC63B188219-LeaderElection20] INFO  impl.LeaderElection (LeaderElection.java:logAndReturn(94)) -   Response 0: s1<-s3#0:OK-t2
2024-10-09 00:14:27,427 [s1@group-9FC63B188219-LeaderElection20] INFO  impl.LeaderElection (LogUtils.java:infoOrTrace(136)) -   Exception 1: java.util.concurrent.ExecutionException: java.io.IOException: The peer s4 is not alive.
2024-10-09 00:14:27,427 [s1@group-9FC63B188219-LeaderElection20] INFO  impl.LeaderElection (LogUtils.java:infoOrTrace(136)) -   Exception 2: java.util.concurrent.ExecutionException: java.io.IOException: The peer s2 is not alive.
2024-10-09 00:14:27,428 [s1@group-9FC63B188219-LeaderElection20] INFO  impl.LeaderElection (LeaderElection.java:askForVotes(339)) - s1@group-9FC63B188219-LeaderElection20 PRE_VOTE round 115: result TIMEOUT
2024-10-09 00:14:27,428 [s1@group-9FC63B188219-LeaderElection20] INFO  impl.LeaderElection (LeaderElection.java:askForVotes(337)) - s1@group-9FC63B188219-LeaderElection20 PRE_VOTE round 116: submit vote requests at term 2 for conf: {index: 1, cur=peers:[s3|localhost:15172, s4|localhost:15176, s0|localhost:15160, s1|localhost:15164, s2|localhost:15168]|listeners:[], old=null}
2024-10-09 00:14:27,428 [HandlerDaemon-2] INFO  server.RaftServer$Division (RaftServerImpl.java:requestVote(1443)) - s3@group-9FC63B188219: receive requestVote(PRE_VOTE, s1, group-9FC63B188219, 2, (t:2, i:2))
2024-10-09 00:14:27,428 [HandlerDaemon-2] INFO  impl.VoteContext (VoteContext.java:log(49)) - s3@group-9FC63B188219-CANDIDATE: accept PRE_VOTE from s1: our priority 0 <= candidate's priority 0
2024-10-09 00:14:27,428 [s1@group-9FC63B188219-LeaderElection20] INFO  impl.LeaderElection (LogUtils.java:infoOrTrace(136)) - s1@group-9FC63B188219-LeaderElection20 got exception when requesting votes: java.util.concurrent.ExecutionException: java.io.IOException: The peer s4 is not alive.
2024-10-09 00:14:27,428 [s1@group-9FC63B188219-LeaderElection20] INFO  impl.LeaderElection (LogUtils.java:infoOrTrace(136)) - s1@group-9FC63B188219-LeaderElection20 got exception when requesting votes: java.util.concurrent.ExecutionException: java.io.IOException: The peer s2 is not alive.
2024-10-09 00:14:27,428 [HandlerDaemon-2] INFO  server.RaftServer$Division (RaftServerImpl.java:requestVote(1476)) - s3@group-9FC63B188219 replies to PRE_VOTE vote request: s1<-s3#0:OK-t2. Peer's state: s3@group-9FC63B188219:t2, leader=null, voted=s2, raftlog=Memoized:s3@group-9FC63B188219-SegmentedRaftLog:OPENED:c2:last(t:2, i:2), conf=conf: {index: 1, cur=peers:[s3|localhost:15172, s4|localhost:15176, s0|localhost:15160, s1|localhost:15164, s2|localhost:15168]|listeners:[], old=null}
2024-10-09 00:14:27,468 [main] WARN  ratis.RaftTestUtil (RaftTestUtil.java:lambda$waitForLeader$3(126)) - Attempt #59 failed: java.lang.IllegalStateException: No leader yet : printing ALL groups
  s3:  RUNNING CANDIDATE s3@group-9FC63B188219:t2, leader=null, voted=s2, raftlog=Memoized:s3@group-9FC63B188219-SegmentedRaftLog:OPENED:c2:last(t:2, i:2), conf=conf: {index: 1, cur=peers:[s3|localhost:15172, s4|localhost:15176, s0|localhost:15160, s1|localhost:15164, s2|localhost:15168]|listeners:[], old=null} RUNNING
  s4:   CLOSED    LEADER s4@group-9FC63B188219:t1, leader=s4, voted=s4, raftlog=Memoized:s4@group-9FC63B188219-SegmentedRaftLog:CLOSED:c0, conf=conf: {index: 0, cur=peers:[s3|localhost:15172, s4|localhost:15176, s0|localhost:15160, s1|localhost:15164, s2|localhost:15168]|listeners:[], old=null} CLOSED
  s0:  RUNNING  FOLLOWER s0@group-9FC63B188219:t1, leader=null, voted=null, raftlog=Memoized:s0@group-9FC63B188219-SegmentedRaftLog:OPENED:c-1:lastnull, conf=conf: {index: -1, cur=peers:[s3|localhost:15172, s4|localhost:15176, s0|localhost:15160, s1|localhost:15164, s2|localhost:15168]|listeners:[], old=null} RUNNING
  s1:  RUNNING CANDIDATE s1@group-9FC63B188219:t2, leader=null, voted=s2, raftlog=Memoized:s1@group-9FC63B188219-SegmentedRaftLog:OPENED:c2:last(t:2, i:2), conf=conf: {index: 1, cur=peers:[s3|localhost:15172, s4|localhost:15176, s0|localhost:15160, s1|localhost:15164, s2|localhost:15168]|listeners:[], old=null} RUNNING
  s2:   CLOSED    LEADER s2@group-9FC63B188219:t2, leader=s2, voted=s2, raftlog=Memoized:s2@group-9FC63B188219-SegmentedRaftLog:CLOSED:c2, conf=conf: {index: 1, cur=peers:[s3|localhost:15172, s4|localhost:15176, s0|localhost:15160, s1|localhost:15164, s2|localhost:15168]|listeners:[], old=null} CLOSED
2024-10-09 00:14:27,506 [s3@group-9FC63B188219-LeaderElection21] INFO  impl.LeaderElection (LeaderElection.java:logAndReturn(90)) - s3@group-9FC63B188219-LeaderElection21: PRE_VOTE TIMEOUT received 1 response(s) and 2 exception(s):
2024-10-09 00:14:27,506 [s3@group-9FC63B188219-LeaderElection21] INFO  impl.LeaderElection (LeaderElection.java:logAndReturn(94)) -   Response 0: s3<-s1#0:OK-t2
2024-10-09 00:14:27,506 [s3@group-9FC63B188219-LeaderElection21] INFO  impl.LeaderElection (LogUtils.java:infoOrTrace(136)) -   Exception 1: java.util.concurrent.ExecutionException: java.io.IOException: The peer s4 is not alive.
2024-10-09 00:14:27,506 [s3@group-9FC63B188219-LeaderElection21] INFO  impl.LeaderElection (LogUtils.java:infoOrTrace(136)) -   Exception 2: java.util.concurrent.ExecutionException: java.io.IOException: The peer s2 is not alive.
2024-10-09 00:14:27,507 [s3@group-9FC63B188219-LeaderElection21] INFO  impl.LeaderElection (LeaderElection.java:askForVotes(339)) - s3@group-9FC63B188219-LeaderElection21 PRE_VOTE round 97: result TIMEOUT
2024-10-09 00:14:27,507 [s3@group-9FC63B188219-LeaderElection21] INFO  impl.LeaderElection (LeaderElection.java:askForVotes(337)) - s3@group-9FC63B188219-LeaderElection21 PRE_VOTE round 98: submit vote requests at term 2 for conf: {index: 1, cur=peers:[s3|localhost:15172, s4|localhost:15176, s0|localhost:15160, s1|localhost:15164, s2|localhost:15168]|listeners:[], old=null}
2024-10-09 00:14:27,507 [HandlerDaemon-2] INFO  server.RaftServer$Division (RaftServerImpl.java:requestVote(1443)) - s1@group-9FC63B188219: receive requestVote(PRE_VOTE, s3, group-9FC63B188219, 2, (t:2, i:2))
2024-10-09 00:14:27,507 [s3@group-9FC63B188219-LeaderElection21] INFO  impl.LeaderElection (LogUtils.java:infoOrTrace(136)) - s3@group-9FC63B188219-LeaderElection21 got exception when requesting votes: java.util.concurrent.ExecutionException: java.io.IOException: The peer s4 is not alive.
2024-10-09 00:14:27,507 [HandlerDaemon-2] INFO  impl.VoteContext (VoteContext.java:log(49)) - s1@group-9FC63B188219-CANDIDATE: accept PRE_VOTE from s3: our priority 0 <= candidate's priority 0
2024-10-09 00:14:27,507 [s3@group-9FC63B188219-LeaderElection21] INFO  impl.LeaderElection (LogUtils.java:infoOrTrace(136)) - s3@group-9FC63B188219-LeaderElection21 got exception when requesting votes: java.util.concurrent.ExecutionException: java.io.IOException: The peer s2 is not alive.
2024-10-09 00:14:27,507 [HandlerDaemon-2] INFO  server.RaftServer$Division (RaftServerImpl.java:requestVote(1476)) - s1@group-9FC63B188219 replies to PRE_VOTE vote request: s3<-s1#0:OK-t2. Peer's state: s1@group-9FC63B188219:t2, leader=null, voted=s2, raftlog=Memoized:s1@group-9FC63B188219-SegmentedRaftLog:OPENED:c2:last(t:2, i:2), conf=conf: {index: 1, cur=peers:[s3|localhost:15172, s4|localhost:15176, s0|localhost:15160, s1|localhost:15164, s2|localhost:15168]|listeners:[], old=null}
2024-10-09 00:14:27,648 [s1@group-9FC63B188219-LeaderElection20] INFO  impl.LeaderElection (LeaderElection.java:logAndReturn(90)) - s1@group-9FC63B188219-LeaderElection20: PRE_VOTE TIMEOUT received 1 response(s) and 2 exception(s):
2024-10-09 00:14:27,648 [s1@group-9FC63B188219-LeaderElection20] INFO  impl.LeaderElection (LeaderElection.java:logAndReturn(94)) -   Response 0: s1<-s3#0:OK-t2
2024-10-09 00:14:27,648 [s1@group-9FC63B188219-LeaderElection20] INFO  impl.LeaderElection (LogUtils.java:infoOrTrace(136)) -   Exception 1: java.util.concurrent.ExecutionException: java.io.IOException: The peer s4 is not alive.
2024-10-09 00:14:27,648 [s1@group-9FC63B188219-LeaderElection20] INFO  impl.LeaderElection (LogUtils.java:infoOrTrace(136)) -   Exception 2: java.util.concurrent.ExecutionException: java.io.IOException: The peer s2 is not alive.
2024-10-09 00:14:27,648 [s1@group-9FC63B188219-LeaderElection20] INFO  impl.LeaderElection (LeaderElection.java:askForVotes(339)) - s1@group-9FC63B188219-LeaderElection20 PRE_VOTE round 116: result TIMEOUT
2024-10-09 00:14:27,649 [s1@group-9FC63B188219-LeaderElection20] INFO  impl.LeaderElection (LeaderElection.java:askForVotes(337)) - s1@group-9FC63B188219-LeaderElection20 PRE_VOTE round 117: submit vote requests at term 2 for conf: {index: 1, cur=peers:[s3|localhost:15172, s4|localhost:15176, s0|localhost:15160, s1|localhost:15164, s2|localhost:15168]|listeners:[], old=null}
2024-10-09 00:14:27,649 [HandlerDaemon-0] INFO  server.RaftServer$Division (RaftServerImpl.java:requestVote(1443)) - s3@group-9FC63B188219: receive requestVote(PRE_VOTE, s1, group-9FC63B188219, 2, (t:2, i:2))
2024-10-09 00:14:27,649 [HandlerDaemon-0] INFO  impl.VoteContext (VoteContext.java:log(49)) - s3@group-9FC63B188219-CANDIDATE: accept PRE_VOTE from s1: our priority 0 <= candidate's priority 0
2024-10-09 00:14:27,649 [s1@group-9FC63B188219-LeaderElection20] INFO  impl.LeaderElection (LogUtils.java:infoOrTrace(136)) - s1@group-9FC63B188219-LeaderElection20 got exception when requesting votes: java.util.concurrent.ExecutionException: java.io.IOException: The peer s4 is not alive.
2024-10-09 00:14:27,649 [s1@group-9FC63B188219-LeaderElection20] INFO  impl.LeaderElection (LogUtils.java:infoOrTrace(136)) - s1@group-9FC63B188219-LeaderElection20 got exception when requesting votes: java.util.concurrent.ExecutionException: java.io.IOException: The peer s2 is not alive.
2024-10-09 00:14:27,649 [HandlerDaemon-0] INFO  server.RaftServer$Division (RaftServerImpl.java:requestVote(1476)) - s3@group-9FC63B188219 replies to PRE_VOTE vote request: s1<-s3#0:OK-t2. Peer's state: s3@group-9FC63B188219:t2, leader=null, voted=s2, raftlog=Memoized:s3@group-9FC63B188219-SegmentedRaftLog:OPENED:c2:last(t:2, i:2), conf=conf: {index: 1, cur=peers:[s3|localhost:15172, s4|localhost:15176, s0|localhost:15160, s1|localhost:15164, s2|localhost:15168]|listeners:[], old=null}
2024-10-09 00:14:27,746 [s3@group-9FC63B188219-LeaderElection21] INFO  impl.LeaderElection (LeaderElection.java:logAndReturn(90)) - s3@group-9FC63B188219-LeaderElection21: PRE_VOTE TIMEOUT received 1 response(s) and 2 exception(s):
2024-10-09 00:14:27,746 [s3@group-9FC63B188219-LeaderElection21] INFO  impl.LeaderElection (LeaderElection.java:logAndReturn(94)) -   Response 0: s3<-s1#0:OK-t2
2024-10-09 00:14:27,746 [s3@group-9FC63B188219-LeaderElection21] INFO  impl.LeaderElection (LogUtils.java:infoOrTrace(136)) -   Exception 1: java.util.concurrent.ExecutionException: java.io.IOException: The peer s4 is not alive.
2024-10-09 00:14:27,746 [s3@group-9FC63B188219-LeaderElection21] INFO  impl.LeaderElection (LogUtils.java:infoOrTrace(136)) -   Exception 2: java.util.concurrent.ExecutionException: java.io.IOException: The peer s2 is not alive.
2024-10-09 00:14:27,746 [s3@group-9FC63B188219-LeaderElection21] INFO  impl.LeaderElection (LeaderElection.java:askForVotes(339)) - s3@group-9FC63B188219-LeaderElection21 PRE_VOTE round 98: result TIMEOUT
2024-10-09 00:14:27,747 [s3@group-9FC63B188219-LeaderElection21] INFO  impl.LeaderElection (LeaderElection.java:askForVotes(337)) - s3@group-9FC63B188219-LeaderElection21 PRE_VOTE round 99: submit vote requests at term 2 for conf: {index: 1, cur=peers:[s3|localhost:15172, s4|localhost:15176, s0|localhost:15160, s1|localhost:15164, s2|localhost:15168]|listeners:[], old=null}
2024-10-09 00:14:27,747 [HandlerDaemon-0] INFO  server.RaftServer$Division (RaftServerImpl.java:requestVote(1443)) - s1@group-9FC63B188219: receive requestVote(PRE_VOTE, s3, group-9FC63B188219, 2, (t:2, i:2))
2024-10-09 00:14:27,747 [s3@group-9FC63B188219-LeaderElection21] INFO  impl.LeaderElection (LogUtils.java:infoOrTrace(136)) - s3@group-9FC63B188219-LeaderElection21 got exception when requesting votes: java.util.concurrent.ExecutionException: java.io.IOException: The peer s4 is not alive.
2024-10-09 00:14:27,747 [s3@group-9FC63B188219-LeaderElection21] INFO  impl.LeaderElection (LogUtils.java:infoOrTrace(136)) - s3@group-9FC63B188219-LeaderElection21 got exception when requesting votes: java.util.concurrent.ExecutionException: java.io.IOException: The peer s2 is not alive.
2024-10-09 00:14:27,747 [HandlerDaemon-0] INFO  impl.VoteContext (VoteContext.java:log(49)) - s1@group-9FC63B188219-CANDIDATE: accept PRE_VOTE from s3: our priority 0 <= candidate's priority 0
2024-10-09 00:14:27,747 [HandlerDaemon-0] INFO  server.RaftServer$Division (RaftServerImpl.java:requestVote(1476)) - s1@group-9FC63B188219 replies to PRE_VOTE vote request: s3<-s1#0:OK-t2. Peer's state: s1@group-9FC63B188219:t2, leader=null, voted=s2, raftlog=Memoized:s1@group-9FC63B188219-SegmentedRaftLog:OPENED:c2:last(t:2, i:2), conf=conf: {index: 1, cur=peers:[s3|localhost:15172, s4|localhost:15176, s0|localhost:15160, s1|localhost:15164, s2|localhost:15168]|listeners:[], old=null}
2024-10-09 00:14:27,848 [s1@group-9FC63B188219-LeaderElection20] INFO  impl.LeaderElection (LeaderElection.java:logAndReturn(90)) - s1@group-9FC63B188219-LeaderElection20: PRE_VOTE TIMEOUT received 1 response(s) and 2 exception(s):
2024-10-09 00:14:27,848 [s1@group-9FC63B188219-LeaderElection20] INFO  impl.LeaderElection (LeaderElection.java:logAndReturn(94)) -   Response 0: s1<-s3#0:OK-t2
2024-10-09 00:14:27,848 [s1@group-9FC63B188219-LeaderElection20] INFO  impl.LeaderElection (LogUtils.java:infoOrTrace(136)) -   Exception 1: java.util.concurrent.ExecutionException: java.io.IOException: The peer s4 is not alive.
2024-10-09 00:14:27,848 [s1@group-9FC63B188219-LeaderElection20] INFO  impl.LeaderElection (LogUtils.java:infoOrTrace(136)) -   Exception 2: java.util.concurrent.ExecutionException: java.io.IOException: The peer s2 is not alive.
2024-10-09 00:14:27,848 [s1@group-9FC63B188219-LeaderElection20] INFO  impl.LeaderElection (LeaderElection.java:askForVotes(339)) - s1@group-9FC63B188219-LeaderElection20 PRE_VOTE round 117: result TIMEOUT
2024-10-09 00:14:27,848 [s1@group-9FC63B188219-LeaderElection20] INFO  impl.LeaderElection (LeaderElection.java:askForVotes(337)) - s1@group-9FC63B188219-LeaderElection20 PRE_VOTE round 118: submit vote requests at term 2 for conf: {index: 1, cur=peers:[s3|localhost:15172, s4|localhost:15176, s0|localhost:15160, s1|localhost:15164, s2|localhost:15168]|listeners:[], old=null}
2024-10-09 00:14:27,849 [HandlerDaemon-1] INFO  server.RaftServer$Division (RaftServerImpl.java:requestVote(1443)) - s3@group-9FC63B188219: receive requestVote(PRE_VOTE, s1, group-9FC63B188219, 2, (t:2, i:2))
2024-10-09 00:14:27,849 [HandlerDaemon-1] INFO  impl.VoteContext (VoteContext.java:log(49)) - s3@group-9FC63B188219-CANDIDATE: accept PRE_VOTE from s1: our priority 0 <= candidate's priority 0
2024-10-09 00:14:27,849 [HandlerDaemon-1] INFO  server.RaftServer$Division (RaftServerImpl.java:requestVote(1476)) - s3@group-9FC63B188219 replies to PRE_VOTE vote request: s1<-s3#0:OK-t2. Peer's state: s3@group-9FC63B188219:t2, leader=null, voted=s2, raftlog=Memoized:s3@group-9FC63B188219-SegmentedRaftLog:OPENED:c2:last(t:2, i:2), conf=conf: {index: 1, cur=peers:[s3|localhost:15172, s4|localhost:15176, s0|localhost:15160, s1|localhost:15164, s2|localhost:15168]|listeners:[], old=null}
2024-10-09 00:14:27,849 [s1@group-9FC63B188219-LeaderElection20] INFO  impl.LeaderElection (LogUtils.java:infoOrTrace(136)) - s1@group-9FC63B188219-LeaderElection20 got exception when requesting votes: java.util.concurrent.ExecutionException: java.io.IOException: The peer s4 is not alive.
2024-10-09 00:14:27,849 [s1@group-9FC63B188219-LeaderElection20] INFO  impl.LeaderElection (LogUtils.java:infoOrTrace(136)) - s1@group-9FC63B188219-LeaderElection20 got exception when requesting votes: java.util.concurrent.ExecutionException: java.io.IOException: The peer s2 is not alive.
2024-10-09 00:14:27,918 [main] WARN  ratis.RaftTestUtil (RaftTestUtil.java:lambda$waitForLeader$3(126)) - Attempt #60 failed: java.lang.IllegalStateException: No leader yet : printing ALL groups
  s3:  RUNNING CANDIDATE s3@group-9FC63B188219:t2, leader=null, voted=s2, raftlog=Memoized:s3@group-9FC63B188219-SegmentedRaftLog:OPENED:c2:last(t:2, i:2), conf=conf: {index: 1, cur=peers:[s3|localhost:15172, s4|localhost:15176, s0|localhost:15160, s1|localhost:15164, s2|localhost:15168]|listeners:[], old=null} RUNNING
  s4:   CLOSED    LEADER s4@group-9FC63B188219:t1, leader=s4, voted=s4, raftlog=Memoized:s4@group-9FC63B188219-SegmentedRaftLog:CLOSED:c0, conf=conf: {index: 0, cur=peers:[s3|localhost:15172, s4|localhost:15176, s0|localhost:15160, s1|localhost:15164, s2|localhost:15168]|listeners:[], old=null} CLOSED
  s0:  RUNNING  FOLLOWER s0@group-9FC63B188219:t1, leader=null, voted=null, raftlog=Memoized:s0@group-9FC63B188219-SegmentedRaftLog:OPENED:c-1:lastnull, conf=conf: {index: -1, cur=peers:[s3|localhost:15172, s4|localhost:15176, s0|localhost:15160, s1|localhost:15164, s2|localhost:15168]|listeners:[], old=null} RUNNING
  s1:  RUNNING CANDIDATE s1@group-9FC63B188219:t2, leader=null, voted=s2, raftlog=Memoized:s1@group-9FC63B188219-SegmentedRaftLog:OPENED:c2:last(t:2, i:2), conf=conf: {index: 1, cur=peers:[s3|localhost:15172, s4|localhost:15176, s0|localhost:15160, s1|localhost:15164, s2|localhost:15168]|listeners:[], old=null} RUNNING
  s2:   CLOSED    LEADER s2@group-9FC63B188219:t2, leader=s2, voted=s2, raftlog=Memoized:s2@group-9FC63B188219-SegmentedRaftLog:CLOSED:c2, conf=conf: {index: 1, cur=peers:[s3|localhost:15172, s4|localhost:15176, s0|localhost:15160, s1|localhost:15164, s2|localhost:15168]|listeners:[], old=null} CLOSED
2024-10-09 00:14:27,998 [s3@group-9FC63B188219-LeaderElection21] INFO  impl.LeaderElection (LeaderElection.java:logAndReturn(90)) - s3@group-9FC63B188219-LeaderElection21: PRE_VOTE TIMEOUT received 1 response(s) and 2 exception(s):
2024-10-09 00:14:27,998 [s3@group-9FC63B188219-LeaderElection21] INFO  impl.LeaderElection (LeaderElection.java:logAndReturn(94)) -   Response 0: s3<-s1#0:OK-t2
2024-10-09 00:14:27,998 [s3@group-9FC63B188219-LeaderElection21] INFO  impl.LeaderElection (LogUtils.java:infoOrTrace(136)) -   Exception 1: java.util.concurrent.ExecutionException: java.io.IOException: The peer s4 is not alive.
2024-10-09 00:14:27,998 [s3@group-9FC63B188219-LeaderElection21] INFO  impl.LeaderElection (LogUtils.java:infoOrTrace(136)) -   Exception 2: java.util.concurrent.ExecutionException: java.io.IOException: The peer s2 is not alive.
2024-10-09 00:14:27,998 [s3@group-9FC63B188219-LeaderElection21] INFO  impl.LeaderElection (LeaderElection.java:askForVotes(339)) - s3@group-9FC63B188219-LeaderElection21 PRE_VOTE round 99: result TIMEOUT
2024-10-09 00:14:27,998 [s3@group-9FC63B188219-LeaderElection21] INFO  impl.LeaderElection (LeaderElection.java:askForVotes(337)) - s3@group-9FC63B188219-LeaderElection21 PRE_VOTE round 100: submit vote requests at term 2 for conf: {index: 1, cur=peers:[s3|localhost:15172, s4|localhost:15176, s0|localhost:15160, s1|localhost:15164, s2|localhost:15168]|listeners:[], old=null}
2024-10-09 00:14:27,999 [HandlerDaemon-1] INFO  server.RaftServer$Division (RaftServerImpl.java:requestVote(1443)) - s1@group-9FC63B188219: receive requestVote(PRE_VOTE, s3, group-9FC63B188219, 2, (t:2, i:2))
2024-10-09 00:14:27,999 [s3@group-9FC63B188219-LeaderElection21] INFO  impl.LeaderElection (LogUtils.java:infoOrTrace(136)) - s3@group-9FC63B188219-LeaderElection21 got exception when requesting votes: java.util.concurrent.ExecutionException: java.io.IOException: The peer s4 is not alive.
2024-10-09 00:14:27,999 [s3@group-9FC63B188219-LeaderElection21] INFO  impl.LeaderElection (LogUtils.java:infoOrTrace(136)) - s3@group-9FC63B188219-LeaderElection21 got exception when requesting votes: java.util.concurrent.ExecutionException: java.io.IOException: The peer s2 is not alive.
2024-10-09 00:14:27,999 [HandlerDaemon-1] INFO  impl.VoteContext (VoteContext.java:log(49)) - s1@group-9FC63B188219-CANDIDATE: accept PRE_VOTE from s3: our priority 0 <= candidate's priority 0
2024-10-09 00:14:27,999 [HandlerDaemon-1] INFO  server.RaftServer$Division (RaftServerImpl.java:requestVote(1476)) - s1@group-9FC63B188219 replies to PRE_VOTE vote request: s3<-s1#0:OK-t2. Peer's state: s1@group-9FC63B188219:t2, leader=null, voted=s2, raftlog=Memoized:s1@group-9FC63B188219-SegmentedRaftLog:OPENED:c2:last(t:2, i:2), conf=conf: {index: 1, cur=peers:[s3|localhost:15172, s4|localhost:15176, s0|localhost:15160, s1|localhost:15164, s2|localhost:15168]|listeners:[], old=null}
2024-10-09 00:14:28,035 [s1@group-9FC63B188219-LeaderElection20] INFO  impl.LeaderElection (LeaderElection.java:logAndReturn(90)) - s1@group-9FC63B188219-LeaderElection20: PRE_VOTE TIMEOUT received 1 response(s) and 2 exception(s):
2024-10-09 00:14:28,035 [s1@group-9FC63B188219-LeaderElection20] INFO  impl.LeaderElection (LeaderElection.java:logAndReturn(94)) -   Response 0: s1<-s3#0:OK-t2
2024-10-09 00:14:28,035 [s1@group-9FC63B188219-LeaderElection20] INFO  impl.LeaderElection (LogUtils.java:infoOrTrace(136)) -   Exception 1: java.util.concurrent.ExecutionException: java.io.IOException: The peer s4 is not alive.
2024-10-09 00:14:28,035 [s1@group-9FC63B188219-LeaderElection20] INFO  impl.LeaderElection (LogUtils.java:infoOrTrace(136)) -   Exception 2: java.util.concurrent.ExecutionException: java.io.IOException: The peer s2 is not alive.
2024-10-09 00:14:28,035 [s1@group-9FC63B188219-LeaderElection20] INFO  impl.LeaderElection (LeaderElection.java:askForVotes(339)) - s1@group-9FC63B188219-LeaderElection20 PRE_VOTE round 118: result TIMEOUT
2024-10-09 00:14:28,035 [s1@group-9FC63B188219-LeaderElection20] INFO  impl.LeaderElection (LeaderElection.java:askForVotes(337)) - s1@group-9FC63B188219-LeaderElection20 PRE_VOTE round 119: submit vote requests at term 2 for conf: {index: 1, cur=peers:[s3|localhost:15172, s4|localhost:15176, s0|localhost:15160, s1|localhost:15164, s2|localhost:15168]|listeners:[], old=null}
2024-10-09 00:14:28,035 [HandlerDaemon-2] INFO  server.RaftServer$Division (RaftServerImpl.java:requestVote(1443)) - s3@group-9FC63B188219: receive requestVote(PRE_VOTE, s1, group-9FC63B188219, 2, (t:2, i:2))
2024-10-09 00:14:28,036 [HandlerDaemon-2] INFO  impl.VoteContext (VoteContext.java:log(49)) - s3@group-9FC63B188219-CANDIDATE: accept PRE_VOTE from s1: our priority 0 <= candidate's priority 0
2024-10-09 00:14:28,036 [HandlerDaemon-2] INFO  server.RaftServer$Division (RaftServerImpl.java:requestVote(1476)) - s3@group-9FC63B188219 replies to PRE_VOTE vote request: s1<-s3#0:OK-t2. Peer's state: s3@group-9FC63B188219:t2, leader=null, voted=s2, raftlog=Memoized:s3@group-9FC63B188219-SegmentedRaftLog:OPENED:c2:last(t:2, i:2), conf=conf: {index: 1, cur=peers:[s3|localhost:15172, s4|localhost:15176, s0|localhost:15160, s1|localhost:15164, s2|localhost:15168]|listeners:[], old=null}
2024-10-09 00:14:28,036 [s1@group-9FC63B188219-LeaderElection20] INFO  impl.LeaderElection (LogUtils.java:infoOrTrace(136)) - s1@group-9FC63B188219-LeaderElection20 got exception when requesting votes: java.util.concurrent.ExecutionException: java.io.IOException: The peer s4 is not alive.
2024-10-09 00:14:28,036 [s1@group-9FC63B188219-LeaderElection20] INFO  impl.LeaderElection (LogUtils.java:infoOrTrace(136)) - s1@group-9FC63B188219-LeaderElection20 got exception when requesting votes: java.util.concurrent.ExecutionException: java.io.IOException: The peer s2 is not alive.
2024-10-09 00:14:28,190 [s3@group-9FC63B188219-LeaderElection21] INFO  impl.LeaderElection (LeaderElection.java:logAndReturn(90)) - s3@group-9FC63B188219-LeaderElection21: PRE_VOTE TIMEOUT received 1 response(s) and 2 exception(s):
2024-10-09 00:14:28,190 [s3@group-9FC63B188219-LeaderElection21] INFO  impl.LeaderElection (LeaderElection.java:logAndReturn(94)) -   Response 0: s3<-s1#0:OK-t2
2024-10-09 00:14:28,190 [s3@group-9FC63B188219-LeaderElection21] INFO  impl.LeaderElection (LogUtils.java:infoOrTrace(136)) -   Exception 1: java.util.concurrent.ExecutionException: java.io.IOException: The peer s4 is not alive.
2024-10-09 00:14:28,190 [s3@group-9FC63B188219-LeaderElection21] INFO  impl.LeaderElection (LogUtils.java:infoOrTrace(136)) -   Exception 2: java.util.concurrent.ExecutionException: java.io.IOException: The peer s2 is not alive.
2024-10-09 00:14:28,190 [s3@group-9FC63B188219-LeaderElection21] INFO  impl.LeaderElection (LeaderElection.java:askForVotes(339)) - s3@group-9FC63B188219-LeaderElection21 PRE_VOTE round 100: result TIMEOUT
2024-10-09 00:14:28,190 [s3@group-9FC63B188219-LeaderElection21] INFO  impl.LeaderElection (LeaderElection.java:askForVotes(337)) - s3@group-9FC63B188219-LeaderElection21 PRE_VOTE round 101: submit vote requests at term 2 for conf: {index: 1, cur=peers:[s3|localhost:15172, s4|localhost:15176, s0|localhost:15160, s1|localhost:15164, s2|localhost:15168]|listeners:[], old=null}
2024-10-09 00:14:28,191 [HandlerDaemon-2] INFO  server.RaftServer$Division (RaftServerImpl.java:requestVote(1443)) - s1@group-9FC63B188219: receive requestVote(PRE_VOTE, s3, group-9FC63B188219, 2, (t:2, i:2))
2024-10-09 00:14:28,191 [s3@group-9FC63B188219-LeaderElection21] INFO  impl.LeaderElection (LogUtils.java:infoOrTrace(136)) - s3@group-9FC63B188219-LeaderElection21 got exception when requesting votes: java.util.concurrent.ExecutionException: java.io.IOException: The peer s4 is not alive.
2024-10-09 00:14:28,191 [HandlerDaemon-2] INFO  impl.VoteContext (VoteContext.java:log(49)) - s1@group-9FC63B188219-CANDIDATE: accept PRE_VOTE from s3: our priority 0 <= candidate's priority 0
2024-10-09 00:14:28,191 [s3@group-9FC63B188219-LeaderElection21] INFO  impl.LeaderElection (LogUtils.java:infoOrTrace(136)) - s3@group-9FC63B188219-LeaderElection21 got exception when requesting votes: java.util.concurrent.ExecutionException: java.io.IOException: The peer s2 is not alive.
2024-10-09 00:14:28,191 [HandlerDaemon-2] INFO  server.RaftServer$Division (RaftServerImpl.java:requestVote(1476)) - s1@group-9FC63B188219 replies to PRE_VOTE vote request: s3<-s1#0:OK-t2. Peer's state: s1@group-9FC63B188219:t2, leader=null, voted=s2, raftlog=Memoized:s1@group-9FC63B188219-SegmentedRaftLog:OPENED:c2:last(t:2, i:2), conf=conf: {index: 1, cur=peers:[s3|localhost:15172, s4|localhost:15176, s0|localhost:15160, s1|localhost:15164, s2|localhost:15168]|listeners:[], old=null}
2024-10-09 00:14:28,308 [s1@group-9FC63B188219-LeaderElection20] INFO  impl.LeaderElection (LeaderElection.java:logAndReturn(90)) - s1@group-9FC63B188219-LeaderElection20: PRE_VOTE TIMEOUT received 1 response(s) and 2 exception(s):
2024-10-09 00:14:28,308 [s1@group-9FC63B188219-LeaderElection20] INFO  impl.LeaderElection (LeaderElection.java:logAndReturn(94)) -   Response 0: s1<-s3#0:OK-t2
2024-10-09 00:14:28,308 [s1@group-9FC63B188219-LeaderElection20] INFO  impl.LeaderElection (LogUtils.java:infoOrTrace(136)) -   Exception 1: java.util.concurrent.ExecutionException: java.io.IOException: The peer s4 is not alive.
2024-10-09 00:14:28,308 [s1@group-9FC63B188219-LeaderElection20] INFO  impl.LeaderElection (LogUtils.java:infoOrTrace(136)) -   Exception 2: java.util.concurrent.ExecutionException: java.io.IOException: The peer s2 is not alive.
2024-10-09 00:14:28,308 [s1@group-9FC63B188219-LeaderElection20] INFO  impl.LeaderElection (LeaderElection.java:askForVotes(339)) - s1@group-9FC63B188219-LeaderElection20 PRE_VOTE round 119: result TIMEOUT
2024-10-09 00:14:28,308 [s1@group-9FC63B188219-LeaderElection20] INFO  impl.LeaderElection (LeaderElection.java:askForVotes(337)) - s1@group-9FC63B188219-LeaderElection20 PRE_VOTE round 120: submit vote requests at term 2 for conf: {index: 1, cur=peers:[s3|localhost:15172, s4|localhost:15176, s0|localhost:15160, s1|localhost:15164, s2|localhost:15168]|listeners:[], old=null}
2024-10-09 00:14:28,308 [HandlerDaemon-0] INFO  server.RaftServer$Division (RaftServerImpl.java:requestVote(1443)) - s3@group-9FC63B188219: receive requestVote(PRE_VOTE, s1, group-9FC63B188219, 2, (t:2, i:2))
2024-10-09 00:14:28,308 [HandlerDaemon-0] INFO  impl.VoteContext (VoteContext.java:log(49)) - s3@group-9FC63B188219-CANDIDATE: accept PRE_VOTE from s1: our priority 0 <= candidate's priority 0
2024-10-09 00:14:28,309 [s1@group-9FC63B188219-LeaderElection20] INFO  impl.LeaderElection (LogUtils.java:infoOrTrace(136)) - s1@group-9FC63B188219-LeaderElection20 got exception when requesting votes: java.util.concurrent.ExecutionException: java.io.IOException: The peer s4 is not alive.
2024-10-09 00:14:28,309 [s1@group-9FC63B188219-LeaderElection20] INFO  impl.LeaderElection (LogUtils.java:infoOrTrace(136)) - s1@group-9FC63B188219-LeaderElection20 got exception when requesting votes: java.util.concurrent.ExecutionException: java.io.IOException: The peer s2 is not alive.
2024-10-09 00:14:28,309 [HandlerDaemon-0] INFO  server.RaftServer$Division (RaftServerImpl.java:requestVote(1476)) - s3@group-9FC63B188219 replies to PRE_VOTE vote request: s1<-s3#0:OK-t2. Peer's state: s3@group-9FC63B188219:t2, leader=null, voted=s2, raftlog=Memoized:s3@group-9FC63B188219-SegmentedRaftLog:OPENED:c2:last(t:2, i:2), conf=conf: {index: 1, cur=peers:[s3|localhost:15172, s4|localhost:15176, s0|localhost:15160, s1|localhost:15164, s2|localhost:15168]|listeners:[], old=null}
2024-10-09 00:14:28,369 [main] WARN  ratis.RaftTestUtil (RaftTestUtil.java:lambda$waitForLeader$3(126)) - Attempt #61 failed: java.lang.IllegalStateException: No leader yet : printing ALL groups
  s3:  RUNNING CANDIDATE s3@group-9FC63B188219:t2, leader=null, voted=s2, raftlog=Memoized:s3@group-9FC63B188219-SegmentedRaftLog:OPENED:c2:last(t:2, i:2), conf=conf: {index: 1, cur=peers:[s3|localhost:15172, s4|localhost:15176, s0|localhost:15160, s1|localhost:15164, s2|localhost:15168]|listeners:[], old=null} RUNNING
  s4:   CLOSED    LEADER s4@group-9FC63B188219:t1, leader=s4, voted=s4, raftlog=Memoized:s4@group-9FC63B188219-SegmentedRaftLog:CLOSED:c0, conf=conf: {index: 0, cur=peers:[s3|localhost:15172, s4|localhost:15176, s0|localhost:15160, s1|localhost:15164, s2|localhost:15168]|listeners:[], old=null} CLOSED
  s0:  RUNNING  FOLLOWER s0@group-9FC63B188219:t1, leader=null, voted=null, raftlog=Memoized:s0@group-9FC63B188219-SegmentedRaftLog:OPENED:c-1:lastnull, conf=conf: {index: -1, cur=peers:[s3|localhost:15172, s4|localhost:15176, s0|localhost:15160, s1|localhost:15164, s2|localhost:15168]|listeners:[], old=null} RUNNING
  s1:  RUNNING CANDIDATE s1@group-9FC63B188219:t2, leader=null, voted=s2, raftlog=Memoized:s1@group-9FC63B188219-SegmentedRaftLog:OPENED:c2:last(t:2, i:2), conf=conf: {index: 1, cur=peers:[s3|localhost:15172, s4|localhost:15176, s0|localhost:15160, s1|localhost:15164, s2|localhost:15168]|listeners:[], old=null} RUNNING
  s2:   CLOSED    LEADER s2@group-9FC63B188219:t2, leader=s2, voted=s2, raftlog=Memoized:s2@group-9FC63B188219-SegmentedRaftLog:CLOSED:c2, conf=conf: {index: 1, cur=peers:[s3|localhost:15172, s4|localhost:15176, s0|localhost:15160, s1|localhost:15164, s2|localhost:15168]|listeners:[], old=null} CLOSED
2024-10-09 00:14:28,480 [s3@group-9FC63B188219-LeaderElection21] INFO  impl.LeaderElection (LeaderElection.java:logAndReturn(90)) - s3@group-9FC63B188219-LeaderElection21: PRE_VOTE TIMEOUT received 1 response(s) and 2 exception(s):
2024-10-09 00:14:28,480 [s3@group-9FC63B188219-LeaderElection21] INFO  impl.LeaderElection (LeaderElection.java:logAndReturn(94)) -   Response 0: s3<-s1#0:OK-t2
2024-10-09 00:14:28,480 [s3@group-9FC63B188219-LeaderElection21] INFO  impl.LeaderElection (LogUtils.java:infoOrTrace(136)) -   Exception 1: java.util.concurrent.ExecutionException: java.io.IOException: The peer s4 is not alive.
2024-10-09 00:14:28,480 [s3@group-9FC63B188219-LeaderElection21] INFO  impl.LeaderElection (LogUtils.java:infoOrTrace(136)) -   Exception 2: java.util.concurrent.ExecutionException: java.io.IOException: The peer s2 is not alive.
2024-10-09 00:14:28,480 [s3@group-9FC63B188219-LeaderElection21] INFO  impl.LeaderElection (LeaderElection.java:askForVotes(339)) - s3@group-9FC63B188219-LeaderElection21 PRE_VOTE round 101: result TIMEOUT
2024-10-09 00:14:28,480 [s3@group-9FC63B188219-LeaderElection21] INFO  impl.LeaderElection (LeaderElection.java:askForVotes(337)) - s3@group-9FC63B188219-LeaderElection21 PRE_VOTE round 102: submit vote requests at term 2 for conf: {index: 1, cur=peers:[s3|localhost:15172, s4|localhost:15176, s0|localhost:15160, s1|localhost:15164, s2|localhost:15168]|listeners:[], old=null}
2024-10-09 00:14:28,480 [HandlerDaemon-0] INFO  server.RaftServer$Division (RaftServerImpl.java:requestVote(1443)) - s1@group-9FC63B188219: receive requestVote(PRE_VOTE, s3, group-9FC63B188219, 2, (t:2, i:2))
2024-10-09 00:14:28,480 [s3@group-9FC63B188219-LeaderElection21] INFO  impl.LeaderElection (LogUtils.java:infoOrTrace(136)) - s3@group-9FC63B188219-LeaderElection21 got exception when requesting votes: java.util.concurrent.ExecutionException: java.io.IOException: The peer s4 is not alive.
2024-10-09 00:14:28,481 [s3@group-9FC63B188219-LeaderElection21] INFO  impl.LeaderElection (LogUtils.java:infoOrTrace(136)) - s3@group-9FC63B188219-LeaderElection21 got exception when requesting votes: java.util.concurrent.ExecutionException: java.io.IOException: The peer s2 is not alive.
2024-10-09 00:14:28,480 [HandlerDaemon-0] INFO  impl.VoteContext (VoteContext.java:log(49)) - s1@group-9FC63B188219-CANDIDATE: accept PRE_VOTE from s3: our priority 0 <= candidate's priority 0
2024-10-09 00:14:28,481 [HandlerDaemon-0] INFO  server.RaftServer$Division (RaftServerImpl.java:requestVote(1476)) - s1@group-9FC63B188219 replies to PRE_VOTE vote request: s3<-s1#0:OK-t2. Peer's state: s1@group-9FC63B188219:t2, leader=null, voted=s2, raftlog=Memoized:s1@group-9FC63B188219-SegmentedRaftLog:OPENED:c2:last(t:2, i:2), conf=conf: {index: 1, cur=peers:[s3|localhost:15172, s4|localhost:15176, s0|localhost:15160, s1|localhost:15164, s2|localhost:15168]|listeners:[], old=null}
2024-10-09 00:14:28,562 [s1@group-9FC63B188219-LeaderElection20] INFO  impl.LeaderElection (LeaderElection.java:logAndReturn(90)) - s1@group-9FC63B188219-LeaderElection20: PRE_VOTE TIMEOUT received 1 response(s) and 2 exception(s):
2024-10-09 00:14:28,562 [s1@group-9FC63B188219-LeaderElection20] INFO  impl.LeaderElection (LeaderElection.java:logAndReturn(94)) -   Response 0: s1<-s3#0:OK-t2
2024-10-09 00:14:28,562 [s1@group-9FC63B188219-LeaderElection20] INFO  impl.LeaderElection (LogUtils.java:infoOrTrace(136)) -   Exception 1: java.util.concurrent.ExecutionException: java.io.IOException: The peer s4 is not alive.
2024-10-09 00:14:28,562 [s1@group-9FC63B188219-LeaderElection20] INFO  impl.LeaderElection (LogUtils.java:infoOrTrace(136)) -   Exception 2: java.util.concurrent.ExecutionException: java.io.IOException: The peer s2 is not alive.
2024-10-09 00:14:28,562 [s1@group-9FC63B188219-LeaderElection20] INFO  impl.LeaderElection (LeaderElection.java:askForVotes(339)) - s1@group-9FC63B188219-LeaderElection20 PRE_VOTE round 120: result TIMEOUT
2024-10-09 00:14:28,562 [s1@group-9FC63B188219-LeaderElection20] INFO  impl.LeaderElection (LeaderElection.java:askForVotes(337)) - s1@group-9FC63B188219-LeaderElection20 PRE_VOTE round 121: submit vote requests at term 2 for conf: {index: 1, cur=peers:[s3|localhost:15172, s4|localhost:15176, s0|localhost:15160, s1|localhost:15164, s2|localhost:15168]|listeners:[], old=null}
2024-10-09 00:14:28,562 [HandlerDaemon-1] INFO  server.RaftServer$Division (RaftServerImpl.java:requestVote(1443)) - s3@group-9FC63B188219: receive requestVote(PRE_VOTE, s1, group-9FC63B188219, 2, (t:2, i:2))
2024-10-09 00:14:28,562 [HandlerDaemon-1] INFO  impl.VoteContext (VoteContext.java:log(49)) - s3@group-9FC63B188219-CANDIDATE: accept PRE_VOTE from s1: our priority 0 <= candidate's priority 0
2024-10-09 00:14:28,562 [HandlerDaemon-1] INFO  server.RaftServer$Division (RaftServerImpl.java:requestVote(1476)) - s3@group-9FC63B188219 replies to PRE_VOTE vote request: s1<-s3#0:OK-t2. Peer's state: s3@group-9FC63B188219:t2, leader=null, voted=s2, raftlog=Memoized:s3@group-9FC63B188219-SegmentedRaftLog:OPENED:c2:last(t:2, i:2), conf=conf: {index: 1, cur=peers:[s3|localhost:15172, s4|localhost:15176, s0|localhost:15160, s1|localhost:15164, s2|localhost:15168]|listeners:[], old=null}
2024-10-09 00:14:28,562 [s1@group-9FC63B188219-LeaderElection20] INFO  impl.LeaderElection (LogUtils.java:infoOrTrace(136)) - s1@group-9FC63B188219-LeaderElection20 got exception when requesting votes: java.util.concurrent.ExecutionException: java.io.IOException: The peer s4 is not alive.
2024-10-09 00:14:28,562 [s1@group-9FC63B188219-LeaderElection20] INFO  impl.LeaderElection (LogUtils.java:infoOrTrace(136)) - s1@group-9FC63B188219-LeaderElection20 got exception when requesting votes: java.util.concurrent.ExecutionException: java.io.IOException: The peer s2 is not alive.
2024-10-09 00:14:28,673 [s3@group-9FC63B188219-LeaderElection21] INFO  impl.LeaderElection (LeaderElection.java:logAndReturn(90)) - s3@group-9FC63B188219-LeaderElection21: PRE_VOTE TIMEOUT received 1 response(s) and 2 exception(s):
2024-10-09 00:14:28,673 [s3@group-9FC63B188219-LeaderElection21] INFO  impl.LeaderElection (LeaderElection.java:logAndReturn(94)) -   Response 0: s3<-s1#0:OK-t2
2024-10-09 00:14:28,673 [s3@group-9FC63B188219-LeaderElection21] INFO  impl.LeaderElection (LogUtils.java:infoOrTrace(136)) -   Exception 1: java.util.concurrent.ExecutionException: java.io.IOException: The peer s4 is not alive.
2024-10-09 00:14:28,673 [s3@group-9FC63B188219-LeaderElection21] INFO  impl.LeaderElection (LogUtils.java:infoOrTrace(136)) -   Exception 2: java.util.concurrent.ExecutionException: java.io.IOException: The peer s2 is not alive.
2024-10-09 00:14:28,673 [s3@group-9FC63B188219-LeaderElection21] INFO  impl.LeaderElection (LeaderElection.java:askForVotes(339)) - s3@group-9FC63B188219-LeaderElection21 PRE_VOTE round 102: result TIMEOUT
2024-10-09 00:14:28,673 [s3@group-9FC63B188219-LeaderElection21] INFO  impl.LeaderElection (LeaderElection.java:askForVotes(337)) - s3@group-9FC63B188219-LeaderElection21 PRE_VOTE round 103: submit vote requests at term 2 for conf: {index: 1, cur=peers:[s3|localhost:15172, s4|localhost:15176, s0|localhost:15160, s1|localhost:15164, s2|localhost:15168]|listeners:[], old=null}
2024-10-09 00:14:28,673 [HandlerDaemon-1] INFO  server.RaftServer$Division (RaftServerImpl.java:requestVote(1443)) - s1@group-9FC63B188219: receive requestVote(PRE_VOTE, s3, group-9FC63B188219, 2, (t:2, i:2))
2024-10-09 00:14:28,673 [s3@group-9FC63B188219-LeaderElection21] INFO  impl.LeaderElection (LogUtils.java:infoOrTrace(136)) - s3@group-9FC63B188219-LeaderElection21 got exception when requesting votes: java.util.concurrent.ExecutionException: java.io.IOException: The peer s4 is not alive.
2024-10-09 00:14:28,673 [s3@group-9FC63B188219-LeaderElection21] INFO  impl.LeaderElection (LogUtils.java:infoOrTrace(136)) - s3@group-9FC63B188219-LeaderElection21 got exception when requesting votes: java.util.concurrent.ExecutionException: java.io.IOException: The peer s2 is not alive.
2024-10-09 00:14:28,673 [HandlerDaemon-1] INFO  impl.VoteContext (VoteContext.java:log(49)) - s1@group-9FC63B188219-CANDIDATE: accept PRE_VOTE from s3: our priority 0 <= candidate's priority 0
2024-10-09 00:14:28,673 [HandlerDaemon-1] INFO  server.RaftServer$Division (RaftServerImpl.java:requestVote(1476)) - s1@group-9FC63B188219 replies to PRE_VOTE vote request: s3<-s1#0:OK-t2. Peer's state: s1@group-9FC63B188219:t2, leader=null, voted=s2, raftlog=Memoized:s1@group-9FC63B188219-SegmentedRaftLog:OPENED:c2:last(t:2, i:2), conf=conf: {index: 1, cur=peers:[s3|localhost:15172, s4|localhost:15176, s0|localhost:15160, s1|localhost:15164, s2|localhost:15168]|listeners:[], old=null}
2024-10-09 00:14:28,798 [s1@group-9FC63B188219-LeaderElection20] INFO  impl.LeaderElection (LeaderElection.java:logAndReturn(90)) - s1@group-9FC63B188219-LeaderElection20: PRE_VOTE TIMEOUT received 1 response(s) and 2 exception(s):
2024-10-09 00:14:28,799 [s1@group-9FC63B188219-LeaderElection20] INFO  impl.LeaderElection (LeaderElection.java:logAndReturn(94)) -   Response 0: s1<-s3#0:OK-t2
2024-10-09 00:14:28,799 [s1@group-9FC63B188219-LeaderElection20] INFO  impl.LeaderElection (LogUtils.java:infoOrTrace(136)) -   Exception 1: java.util.concurrent.ExecutionException: java.io.IOException: The peer s4 is not alive.
2024-10-09 00:14:28,799 [s1@group-9FC63B188219-LeaderElection20] INFO  impl.LeaderElection (LogUtils.java:infoOrTrace(136)) -   Exception 2: java.util.concurrent.ExecutionException: java.io.IOException: The peer s2 is not alive.
2024-10-09 00:14:28,799 [s1@group-9FC63B188219-LeaderElection20] INFO  impl.LeaderElection (LeaderElection.java:askForVotes(339)) - s1@group-9FC63B188219-LeaderElection20 PRE_VOTE round 121: result TIMEOUT
2024-10-09 00:14:28,799 [s1@group-9FC63B188219-LeaderElection20] INFO  impl.LeaderElection (LeaderElection.java:askForVotes(337)) - s1@group-9FC63B188219-LeaderElection20 PRE_VOTE round 122: submit vote requests at term 2 for conf: {index: 1, cur=peers:[s3|localhost:15172, s4|localhost:15176, s0|localhost:15160, s1|localhost:15164, s2|localhost:15168]|listeners:[], old=null}
2024-10-09 00:14:28,799 [HandlerDaemon-2] INFO  server.RaftServer$Division (RaftServerImpl.java:requestVote(1443)) - s3@group-9FC63B188219: receive requestVote(PRE_VOTE, s1, group-9FC63B188219, 2, (t:2, i:2))
2024-10-09 00:14:28,799 [HandlerDaemon-2] INFO  impl.VoteContext (VoteContext.java:log(49)) - s3@group-9FC63B188219-CANDIDATE: accept PRE_VOTE from s1: our priority 0 <= candidate's priority 0
2024-10-09 00:14:28,799 [HandlerDaemon-2] INFO  server.RaftServer$Division (RaftServerImpl.java:requestVote(1476)) - s3@group-9FC63B188219 replies to PRE_VOTE vote request: s1<-s3#0:OK-t2. Peer's state: s3@group-9FC63B188219:t2, leader=null, voted=s2, raftlog=Memoized:s3@group-9FC63B188219-SegmentedRaftLog:OPENED:c2:last(t:2, i:2), conf=conf: {index: 1, cur=peers:[s3|localhost:15172, s4|localhost:15176, s0|localhost:15160, s1|localhost:15164, s2|localhost:15168]|listeners:[], old=null}
2024-10-09 00:14:28,799 [s1@group-9FC63B188219-LeaderElection20] INFO  impl.LeaderElection (LogUtils.java:infoOrTrace(136)) - s1@group-9FC63B188219-LeaderElection20 got exception when requesting votes: java.util.concurrent.ExecutionException: java.io.IOException: The peer s4 is not alive.
2024-10-09 00:14:28,799 [s1@group-9FC63B188219-LeaderElection20] INFO  impl.LeaderElection (LogUtils.java:infoOrTrace(136)) - s1@group-9FC63B188219-LeaderElection20 got exception when requesting votes: java.util.concurrent.ExecutionException: java.io.IOException: The peer s2 is not alive.
2024-10-09 00:14:28,819 [main] WARN  ratis.RaftTestUtil (RaftTestUtil.java:lambda$waitForLeader$3(126)) - Attempt #62 failed: java.lang.IllegalStateException: No leader yet : printing ALL groups
  s3:  RUNNING CANDIDATE s3@group-9FC63B188219:t2, leader=null, voted=s2, raftlog=Memoized:s3@group-9FC63B188219-SegmentedRaftLog:OPENED:c2:last(t:2, i:2), conf=conf: {index: 1, cur=peers:[s3|localhost:15172, s4|localhost:15176, s0|localhost:15160, s1|localhost:15164, s2|localhost:15168]|listeners:[], old=null} RUNNING
  s4:   CLOSED    LEADER s4@group-9FC63B188219:t1, leader=s4, voted=s4, raftlog=Memoized:s4@group-9FC63B188219-SegmentedRaftLog:CLOSED:c0, conf=conf: {index: 0, cur=peers:[s3|localhost:15172, s4|localhost:15176, s0|localhost:15160, s1|localhost:15164, s2|localhost:15168]|listeners:[], old=null} CLOSED
  s0:  RUNNING  FOLLOWER s0@group-9FC63B188219:t1, leader=null, voted=null, raftlog=Memoized:s0@group-9FC63B188219-SegmentedRaftLog:OPENED:c-1:lastnull, conf=conf: {index: -1, cur=peers:[s3|localhost:15172, s4|localhost:15176, s0|localhost:15160, s1|localhost:15164, s2|localhost:15168]|listeners:[], old=null} RUNNING
  s1:  RUNNING CANDIDATE s1@group-9FC63B188219:t2, leader=null, voted=s2, raftlog=Memoized:s1@group-9FC63B188219-SegmentedRaftLog:OPENED:c2:last(t:2, i:2), conf=conf: {index: 1, cur=peers:[s3|localhost:15172, s4|localhost:15176, s0|localhost:15160, s1|localhost:15164, s2|localhost:15168]|listeners:[], old=null} RUNNING
  s2:   CLOSED    LEADER s2@group-9FC63B188219:t2, leader=s2, voted=s2, raftlog=Memoized:s2@group-9FC63B188219-SegmentedRaftLog:CLOSED:c2, conf=conf: {index: 1, cur=peers:[s3|localhost:15172, s4|localhost:15176, s0|localhost:15160, s1|localhost:15164, s2|localhost:15168]|listeners:[], old=null} CLOSED
2024-10-09 00:14:28,872 [s3@group-9FC63B188219-LeaderElection21] INFO  impl.LeaderElection (LeaderElection.java:logAndReturn(90)) - s3@group-9FC63B188219-LeaderElection21: PRE_VOTE TIMEOUT received 1 response(s) and 2 exception(s):
2024-10-09 00:14:28,872 [s3@group-9FC63B188219-LeaderElection21] INFO  impl.LeaderElection (LeaderElection.java:logAndReturn(94)) -   Response 0: s3<-s1#0:OK-t2
2024-10-09 00:14:28,872 [s3@group-9FC63B188219-LeaderElection21] INFO  impl.LeaderElection (LogUtils.java:infoOrTrace(136)) -   Exception 1: java.util.concurrent.ExecutionException: java.io.IOException: The peer s4 is not alive.
2024-10-09 00:14:28,872 [s3@group-9FC63B188219-LeaderElection21] INFO  impl.LeaderElection (LogUtils.java:infoOrTrace(136)) -   Exception 2: java.util.concurrent.ExecutionException: java.io.IOException: The peer s2 is not alive.
2024-10-09 00:14:28,873 [s3@group-9FC63B188219-LeaderElection21] INFO  impl.LeaderElection (LeaderElection.java:askForVotes(339)) - s3@group-9FC63B188219-LeaderElection21 PRE_VOTE round 103: result TIMEOUT
2024-10-09 00:14:28,873 [s3@group-9FC63B188219-LeaderElection21] INFO  impl.LeaderElection (LeaderElection.java:askForVotes(337)) - s3@group-9FC63B188219-LeaderElection21 PRE_VOTE round 104: submit vote requests at term 2 for conf: {index: 1, cur=peers:[s3|localhost:15172, s4|localhost:15176, s0|localhost:15160, s1|localhost:15164, s2|localhost:15168]|listeners:[], old=null}
2024-10-09 00:14:28,873 [HandlerDaemon-2] INFO  server.RaftServer$Division (RaftServerImpl.java:requestVote(1443)) - s1@group-9FC63B188219: receive requestVote(PRE_VOTE, s3, group-9FC63B188219, 2, (t:2, i:2))
2024-10-09 00:14:28,873 [s3@group-9FC63B188219-LeaderElection21] INFO  impl.LeaderElection (LogUtils.java:infoOrTrace(136)) - s3@group-9FC63B188219-LeaderElection21 got exception when requesting votes: java.util.concurrent.ExecutionException: java.io.IOException: The peer s4 is not alive.
2024-10-09 00:14:28,873 [HandlerDaemon-2] INFO  impl.VoteContext (VoteContext.java:log(49)) - s1@group-9FC63B188219-CANDIDATE: accept PRE_VOTE from s3: our priority 0 <= candidate's priority 0
2024-10-09 00:14:28,873 [s3@group-9FC63B188219-LeaderElection21] INFO  impl.LeaderElection (LogUtils.java:infoOrTrace(136)) - s3@group-9FC63B188219-LeaderElection21 got exception when requesting votes: java.util.concurrent.ExecutionException: java.io.IOException: The peer s2 is not alive.
2024-10-09 00:14:28,873 [HandlerDaemon-2] INFO  server.RaftServer$Division (RaftServerImpl.java:requestVote(1476)) - s1@group-9FC63B188219 replies to PRE_VOTE vote request: s3<-s1#0:OK-t2. Peer's state: s1@group-9FC63B188219:t2, leader=null, voted=s2, raftlog=Memoized:s1@group-9FC63B188219-SegmentedRaftLog:OPENED:c2:last(t:2, i:2), conf=conf: {index: 1, cur=peers:[s3|localhost:15172, s4|localhost:15176, s0|localhost:15160, s1|localhost:15164, s2|localhost:15168]|listeners:[], old=null}
2024-10-09 00:14:29,045 [s1@group-9FC63B188219-LeaderElection20] INFO  impl.LeaderElection (LeaderElection.java:logAndReturn(90)) - s1@group-9FC63B188219-LeaderElection20: PRE_VOTE TIMEOUT received 1 response(s) and 2 exception(s):
2024-10-09 00:14:29,045 [s1@group-9FC63B188219-LeaderElection20] INFO  impl.LeaderElection (LeaderElection.java:logAndReturn(94)) -   Response 0: s1<-s3#0:OK-t2
2024-10-09 00:14:29,045 [s1@group-9FC63B188219-LeaderElection20] INFO  impl.LeaderElection (LogUtils.java:infoOrTrace(136)) -   Exception 1: java.util.concurrent.ExecutionException: java.io.IOException: The peer s4 is not alive.
2024-10-09 00:14:29,046 [s1@group-9FC63B188219-LeaderElection20] INFO  impl.LeaderElection (LogUtils.java:infoOrTrace(136)) -   Exception 2: java.util.concurrent.ExecutionException: java.io.IOException: The peer s2 is not alive.
2024-10-09 00:14:29,046 [s1@group-9FC63B188219-LeaderElection20] INFO  impl.LeaderElection (LeaderElection.java:askForVotes(339)) - s1@group-9FC63B188219-LeaderElection20 PRE_VOTE round 122: result TIMEOUT
2024-10-09 00:14:29,046 [s1@group-9FC63B188219-LeaderElection20] INFO  impl.LeaderElection (LeaderElection.java:askForVotes(337)) - s1@group-9FC63B188219-LeaderElection20 PRE_VOTE round 123: submit vote requests at term 2 for conf: {index: 1, cur=peers:[s3|localhost:15172, s4|localhost:15176, s0|localhost:15160, s1|localhost:15164, s2|localhost:15168]|listeners:[], old=null}
2024-10-09 00:14:29,046 [HandlerDaemon-0] INFO  server.RaftServer$Division (RaftServerImpl.java:requestVote(1443)) - s3@group-9FC63B188219: receive requestVote(PRE_VOTE, s1, group-9FC63B188219, 2, (t:2, i:2))
2024-10-09 00:14:29,046 [HandlerDaemon-0] INFO  impl.VoteContext (VoteContext.java:log(49)) - s3@group-9FC63B188219-CANDIDATE: accept PRE_VOTE from s1: our priority 0 <= candidate's priority 0
2024-10-09 00:14:29,046 [HandlerDaemon-0] INFO  server.RaftServer$Division (RaftServerImpl.java:requestVote(1476)) - s3@group-9FC63B188219 replies to PRE_VOTE vote request: s1<-s3#0:OK-t2. Peer's state: s3@group-9FC63B188219:t2, leader=null, voted=s2, raftlog=Memoized:s3@group-9FC63B188219-SegmentedRaftLog:OPENED:c2:last(t:2, i:2), conf=conf: {index: 1, cur=peers:[s3|localhost:15172, s4|localhost:15176, s0|localhost:15160, s1|localhost:15164, s2|localhost:15168]|listeners:[], old=null}
2024-10-09 00:14:29,046 [s1@group-9FC63B188219-LeaderElection20] INFO  impl.LeaderElection (LogUtils.java:infoOrTrace(136)) - s1@group-9FC63B188219-LeaderElection20 got exception when requesting votes: java.util.concurrent.ExecutionException: java.io.IOException: The peer s4 is not alive.
2024-10-09 00:14:29,046 [s1@group-9FC63B188219-LeaderElection20] INFO  impl.LeaderElection (LogUtils.java:infoOrTrace(136)) - s1@group-9FC63B188219-LeaderElection20 got exception when requesting votes: java.util.concurrent.ExecutionException: java.io.IOException: The peer s2 is not alive.
2024-10-09 00:14:29,110 [s3@group-9FC63B188219-LeaderElection21] INFO  impl.LeaderElection (LeaderElection.java:logAndReturn(90)) - s3@group-9FC63B188219-LeaderElection21: PRE_VOTE TIMEOUT received 1 response(s) and 2 exception(s):
2024-10-09 00:14:29,110 [s3@group-9FC63B188219-LeaderElection21] INFO  impl.LeaderElection (LeaderElection.java:logAndReturn(94)) -   Response 0: s3<-s1#0:OK-t2
2024-10-09 00:14:29,110 [s3@group-9FC63B188219-LeaderElection21] INFO  impl.LeaderElection (LogUtils.java:infoOrTrace(136)) -   Exception 1: java.util.concurrent.ExecutionException: java.io.IOException: The peer s4 is not alive.
2024-10-09 00:14:29,110 [s3@group-9FC63B188219-LeaderElection21] INFO  impl.LeaderElection (LogUtils.java:infoOrTrace(136)) -   Exception 2: java.util.concurrent.ExecutionException: java.io.IOException: The peer s2 is not alive.
2024-10-09 00:14:29,110 [s3@group-9FC63B188219-LeaderElection21] INFO  impl.LeaderElection (LeaderElection.java:askForVotes(339)) - s3@group-9FC63B188219-LeaderElection21 PRE_VOTE round 104: result TIMEOUT
2024-10-09 00:14:29,110 [s3@group-9FC63B188219-LeaderElection21] INFO  impl.LeaderElection (LeaderElection.java:askForVotes(337)) - s3@group-9FC63B188219-LeaderElection21 PRE_VOTE round 105: submit vote requests at term 2 for conf: {index: 1, cur=peers:[s3|localhost:15172, s4|localhost:15176, s0|localhost:15160, s1|localhost:15164, s2|localhost:15168]|listeners:[], old=null}
2024-10-09 00:14:29,111 [HandlerDaemon-0] INFO  server.RaftServer$Division (RaftServerImpl.java:requestVote(1443)) - s1@group-9FC63B188219: receive requestVote(PRE_VOTE, s3, group-9FC63B188219, 2, (t:2, i:2))
2024-10-09 00:14:29,111 [s3@group-9FC63B188219-LeaderElection21] INFO  impl.LeaderElection (LogUtils.java:infoOrTrace(136)) - s3@group-9FC63B188219-LeaderElection21 got exception when requesting votes: java.util.concurrent.ExecutionException: java.io.IOException: The peer s4 is not alive.
2024-10-09 00:14:29,111 [HandlerDaemon-0] INFO  impl.VoteContext (VoteContext.java:log(49)) - s1@group-9FC63B188219-CANDIDATE: accept PRE_VOTE from s3: our priority 0 <= candidate's priority 0
2024-10-09 00:14:29,111 [s3@group-9FC63B188219-LeaderElection21] INFO  impl.LeaderElection (LogUtils.java:infoOrTrace(136)) - s3@group-9FC63B188219-LeaderElection21 got exception when requesting votes: java.util.concurrent.ExecutionException: java.io.IOException: The peer s2 is not alive.
2024-10-09 00:14:29,111 [HandlerDaemon-0] INFO  server.RaftServer$Division (RaftServerImpl.java:requestVote(1476)) - s1@group-9FC63B188219 replies to PRE_VOTE vote request: s3<-s1#0:OK-t2. Peer's state: s1@group-9FC63B188219:t2, leader=null, voted=s2, raftlog=Memoized:s1@group-9FC63B188219-SegmentedRaftLog:OPENED:c2:last(t:2, i:2), conf=conf: {index: 1, cur=peers:[s3|localhost:15172, s4|localhost:15176, s0|localhost:15160, s1|localhost:15164, s2|localhost:15168]|listeners:[], old=null}
2024-10-09 00:14:29,269 [main] WARN  ratis.RaftTestUtil (RaftTestUtil.java:lambda$waitForLeader$3(126)) - Attempt #63 failed: java.lang.IllegalStateException: No leader yet : printing ALL groups
  s3:  RUNNING CANDIDATE s3@group-9FC63B188219:t2, leader=null, voted=s2, raftlog=Memoized:s3@group-9FC63B188219-SegmentedRaftLog:OPENED:c2:last(t:2, i:2), conf=conf: {index: 1, cur=peers:[s3|localhost:15172, s4|localhost:15176, s0|localhost:15160, s1|localhost:15164, s2|localhost:15168]|listeners:[], old=null} RUNNING
  s4:   CLOSED    LEADER s4@group-9FC63B188219:t1, leader=s4, voted=s4, raftlog=Memoized:s4@group-9FC63B188219-SegmentedRaftLog:CLOSED:c0, conf=conf: {index: 0, cur=peers:[s3|localhost:15172, s4|localhost:15176, s0|localhost:15160, s1|localhost:15164, s2|localhost:15168]|listeners:[], old=null} CLOSED
  s0:  RUNNING  FOLLOWER s0@group-9FC63B188219:t1, leader=null, voted=null, raftlog=Memoized:s0@group-9FC63B188219-SegmentedRaftLog:OPENED:c-1:lastnull, conf=conf: {index: -1, cur=peers:[s3|localhost:15172, s4|localhost:15176, s0|localhost:15160, s1|localhost:15164, s2|localhost:15168]|listeners:[], old=null} RUNNING
  s1:  RUNNING CANDIDATE s1@group-9FC63B188219:t2, leader=null, voted=s2, raftlog=Memoized:s1@group-9FC63B188219-SegmentedRaftLog:OPENED:c2:last(t:2, i:2), conf=conf: {index: 1, cur=peers:[s3|localhost:15172, s4|localhost:15176, s0|localhost:15160, s1|localhost:15164, s2|localhost:15168]|listeners:[], old=null} RUNNING
  s2:   CLOSED    LEADER s2@group-9FC63B188219:t2, leader=s2, voted=s2, raftlog=Memoized:s2@group-9FC63B188219-SegmentedRaftLog:CLOSED:c2, conf=conf: {index: 1, cur=peers:[s3|localhost:15172, s4|localhost:15176, s0|localhost:15160, s1|localhost:15164, s2|localhost:15168]|listeners:[], old=null} CLOSED
2024-10-09 00:14:29,321 [s3@group-9FC63B188219-LeaderElection21] INFO  impl.LeaderElection (LeaderElection.java:logAndReturn(90)) - s3@group-9FC63B188219-LeaderElection21: PRE_VOTE TIMEOUT received 1 response(s) and 2 exception(s):
2024-10-09 00:14:29,321 [s3@group-9FC63B188219-LeaderElection21] INFO  impl.LeaderElection (LeaderElection.java:logAndReturn(94)) -   Response 0: s3<-s1#0:OK-t2
2024-10-09 00:14:29,321 [s3@group-9FC63B188219-LeaderElection21] INFO  impl.LeaderElection (LogUtils.java:infoOrTrace(136)) -   Exception 1: java.util.concurrent.ExecutionException: java.io.IOException: The peer s4 is not alive.
2024-10-09 00:14:29,321 [s3@group-9FC63B188219-LeaderElection21] INFO  impl.LeaderElection (LogUtils.java:infoOrTrace(136)) -   Exception 2: java.util.concurrent.ExecutionException: java.io.IOException: The peer s2 is not alive.
2024-10-09 00:14:29,321 [s3@group-9FC63B188219-LeaderElection21] INFO  impl.LeaderElection (LeaderElection.java:askForVotes(339)) - s3@group-9FC63B188219-LeaderElection21 PRE_VOTE round 105: result TIMEOUT
2024-10-09 00:14:29,321 [s3@group-9FC63B188219-LeaderElection21] INFO  impl.LeaderElection (LeaderElection.java:askForVotes(337)) - s3@group-9FC63B188219-LeaderElection21 PRE_VOTE round 106: submit vote requests at term 2 for conf: {index: 1, cur=peers:[s3|localhost:15172, s4|localhost:15176, s0|localhost:15160, s1|localhost:15164, s2|localhost:15168]|listeners:[], old=null}
2024-10-09 00:14:29,322 [HandlerDaemon-1] INFO  server.RaftServer$Division (RaftServerImpl.java:requestVote(1443)) - s1@group-9FC63B188219: receive requestVote(PRE_VOTE, s3, group-9FC63B188219, 2, (t:2, i:2))
2024-10-09 00:14:29,322 [s3@group-9FC63B188219-LeaderElection21] INFO  impl.LeaderElection (LogUtils.java:infoOrTrace(136)) - s3@group-9FC63B188219-LeaderElection21 got exception when requesting votes: java.util.concurrent.ExecutionException: java.io.IOException: The peer s4 is not alive.
2024-10-09 00:14:29,322 [s3@group-9FC63B188219-LeaderElection21] INFO  impl.LeaderElection (LogUtils.java:infoOrTrace(136)) - s3@group-9FC63B188219-LeaderElection21 got exception when requesting votes: java.util.concurrent.ExecutionException: java.io.IOException: The peer s2 is not alive.
2024-10-09 00:14:29,322 [HandlerDaemon-1] INFO  impl.VoteContext (VoteContext.java:log(49)) - s1@group-9FC63B188219-CANDIDATE: accept PRE_VOTE from s3: our priority 0 <= candidate's priority 0
2024-10-09 00:14:29,322 [HandlerDaemon-1] INFO  server.RaftServer$Division (RaftServerImpl.java:requestVote(1476)) - s1@group-9FC63B188219 replies to PRE_VOTE vote request: s3<-s1#0:OK-t2. Peer's state: s1@group-9FC63B188219:t2, leader=null, voted=s2, raftlog=Memoized:s1@group-9FC63B188219-SegmentedRaftLog:OPENED:c2:last(t:2, i:2), conf=conf: {index: 1, cur=peers:[s3|localhost:15172, s4|localhost:15176, s0|localhost:15160, s1|localhost:15164, s2|localhost:15168]|listeners:[], old=null}
2024-10-09 00:14:29,340 [s1@group-9FC63B188219-LeaderElection20] INFO  impl.LeaderElection (LeaderElection.java:logAndReturn(90)) - s1@group-9FC63B188219-LeaderElection20: PRE_VOTE TIMEOUT received 1 response(s) and 2 exception(s):
2024-10-09 00:14:29,340 [s1@group-9FC63B188219-LeaderElection20] INFO  impl.LeaderElection (LeaderElection.java:logAndReturn(94)) -   Response 0: s1<-s3#0:OK-t2
2024-10-09 00:14:29,340 [s1@group-9FC63B188219-LeaderElection20] INFO  impl.LeaderElection (LogUtils.java:infoOrTrace(136)) -   Exception 1: java.util.concurrent.ExecutionException: java.io.IOException: The peer s4 is not alive.
2024-10-09 00:14:29,340 [s1@group-9FC63B188219-LeaderElection20] INFO  impl.LeaderElection (LogUtils.java:infoOrTrace(136)) -   Exception 2: java.util.concurrent.ExecutionException: java.io.IOException: The peer s2 is not alive.
2024-10-09 00:14:29,340 [s1@group-9FC63B188219-LeaderElection20] INFO  impl.LeaderElection (LeaderElection.java:askForVotes(339)) - s1@group-9FC63B188219-LeaderElection20 PRE_VOTE round 123: result TIMEOUT
2024-10-09 00:14:29,341 [s1@group-9FC63B188219-LeaderElection20] INFO  impl.LeaderElection (LeaderElection.java:askForVotes(337)) - s1@group-9FC63B188219-LeaderElection20 PRE_VOTE round 124: submit vote requests at term 2 for conf: {index: 1, cur=peers:[s3|localhost:15172, s4|localhost:15176, s0|localhost:15160, s1|localhost:15164, s2|localhost:15168]|listeners:[], old=null}
2024-10-09 00:14:29,341 [HandlerDaemon-1] INFO  server.RaftServer$Division (RaftServerImpl.java:requestVote(1443)) - s3@group-9FC63B188219: receive requestVote(PRE_VOTE, s1, group-9FC63B188219, 2, (t:2, i:2))
2024-10-09 00:14:29,341 [HandlerDaemon-1] INFO  impl.VoteContext (VoteContext.java:log(49)) - s3@group-9FC63B188219-CANDIDATE: accept PRE_VOTE from s1: our priority 0 <= candidate's priority 0
2024-10-09 00:14:29,341 [HandlerDaemon-1] INFO  server.RaftServer$Division (RaftServerImpl.java:requestVote(1476)) - s3@group-9FC63B188219 replies to PRE_VOTE vote request: s1<-s3#0:OK-t2. Peer's state: s3@group-9FC63B188219:t2, leader=null, voted=s2, raftlog=Memoized:s3@group-9FC63B188219-SegmentedRaftLog:OPENED:c2:last(t:2, i:2), conf=conf: {index: 1, cur=peers:[s3|localhost:15172, s4|localhost:15176, s0|localhost:15160, s1|localhost:15164, s2|localhost:15168]|listeners:[], old=null}
2024-10-09 00:14:29,341 [s1@group-9FC63B188219-LeaderElection20] INFO  impl.LeaderElection (LogUtils.java:infoOrTrace(136)) - s1@group-9FC63B188219-LeaderElection20 got exception when requesting votes: java.util.concurrent.ExecutionException: java.io.IOException: The peer s4 is not alive.
2024-10-09 00:14:29,341 [s1@group-9FC63B188219-LeaderElection20] INFO  impl.LeaderElection (LogUtils.java:infoOrTrace(136)) - s1@group-9FC63B188219-LeaderElection20 got exception when requesting votes: java.util.concurrent.ExecutionException: java.io.IOException: The peer s2 is not alive.
2024-10-09 00:14:29,534 [s3@group-9FC63B188219-LeaderElection21] INFO  impl.LeaderElection (LeaderElection.java:logAndReturn(90)) - s3@group-9FC63B188219-LeaderElection21: PRE_VOTE TIMEOUT received 1 response(s) and 2 exception(s):
2024-10-09 00:14:29,534 [s3@group-9FC63B188219-LeaderElection21] INFO  impl.LeaderElection (LeaderElection.java:logAndReturn(94)) -   Response 0: s3<-s1#0:OK-t2
2024-10-09 00:14:29,534 [s3@group-9FC63B188219-LeaderElection21] INFO  impl.LeaderElection (LogUtils.java:infoOrTrace(136)) -   Exception 1: java.util.concurrent.ExecutionException: java.io.IOException: The peer s4 is not alive.
2024-10-09 00:14:29,534 [s3@group-9FC63B188219-LeaderElection21] INFO  impl.LeaderElection (LogUtils.java:infoOrTrace(136)) -   Exception 2: java.util.concurrent.ExecutionException: java.io.IOException: The peer s2 is not alive.
2024-10-09 00:14:29,534 [s3@group-9FC63B188219-LeaderElection21] INFO  impl.LeaderElection (LeaderElection.java:askForVotes(339)) - s3@group-9FC63B188219-LeaderElection21 PRE_VOTE round 106: result TIMEOUT
2024-10-09 00:14:29,534 [s3@group-9FC63B188219-LeaderElection21] INFO  impl.LeaderElection (LeaderElection.java:askForVotes(337)) - s3@group-9FC63B188219-LeaderElection21 PRE_VOTE round 107: submit vote requests at term 2 for conf: {index: 1, cur=peers:[s3|localhost:15172, s4|localhost:15176, s0|localhost:15160, s1|localhost:15164, s2|localhost:15168]|listeners:[], old=null}
2024-10-09 00:14:29,534 [HandlerDaemon-2] INFO  server.RaftServer$Division (RaftServerImpl.java:requestVote(1443)) - s1@group-9FC63B188219: receive requestVote(PRE_VOTE, s3, group-9FC63B188219, 2, (t:2, i:2))
2024-10-09 00:14:29,534 [s3@group-9FC63B188219-LeaderElection21] INFO  impl.LeaderElection (LogUtils.java:infoOrTrace(136)) - s3@group-9FC63B188219-LeaderElection21 got exception when requesting votes: java.util.concurrent.ExecutionException: java.io.IOException: The peer s4 is not alive.
2024-10-09 00:14:29,535 [HandlerDaemon-2] INFO  impl.VoteContext (VoteContext.java:log(49)) - s1@group-9FC63B188219-CANDIDATE: accept PRE_VOTE from s3: our priority 0 <= candidate's priority 0
2024-10-09 00:14:29,535 [s3@group-9FC63B188219-LeaderElection21] INFO  impl.LeaderElection (LogUtils.java:infoOrTrace(136)) - s3@group-9FC63B188219-LeaderElection21 got exception when requesting votes: java.util.concurrent.ExecutionException: java.io.IOException: The peer s2 is not alive.
2024-10-09 00:14:29,535 [HandlerDaemon-2] INFO  server.RaftServer$Division (RaftServerImpl.java:requestVote(1476)) - s1@group-9FC63B188219 replies to PRE_VOTE vote request: s3<-s1#0:OK-t2. Peer's state: s1@group-9FC63B188219:t2, leader=null, voted=s2, raftlog=Memoized:s1@group-9FC63B188219-SegmentedRaftLog:OPENED:c2:last(t:2, i:2), conf=conf: {index: 1, cur=peers:[s3|localhost:15172, s4|localhost:15176, s0|localhost:15160, s1|localhost:15164, s2|localhost:15168]|listeners:[], old=null}
2024-10-09 00:14:29,620 [s1@group-9FC63B188219-LeaderElection20] INFO  impl.LeaderElection (LeaderElection.java:logAndReturn(90)) - s1@group-9FC63B188219-LeaderElection20: PRE_VOTE TIMEOUT received 1 response(s) and 2 exception(s):
2024-10-09 00:14:29,620 [s1@group-9FC63B188219-LeaderElection20] INFO  impl.LeaderElection (LeaderElection.java:logAndReturn(94)) -   Response 0: s1<-s3#0:OK-t2
2024-10-09 00:14:29,620 [s1@group-9FC63B188219-LeaderElection20] INFO  impl.LeaderElection (LogUtils.java:infoOrTrace(136)) -   Exception 1: java.util.concurrent.ExecutionException: java.io.IOException: The peer s4 is not alive.
2024-10-09 00:14:29,620 [s1@group-9FC63B188219-LeaderElection20] INFO  impl.LeaderElection (LogUtils.java:infoOrTrace(136)) -   Exception 2: java.util.concurrent.ExecutionException: java.io.IOException: The peer s2 is not alive.
2024-10-09 00:14:29,620 [s1@group-9FC63B188219-LeaderElection20] INFO  impl.LeaderElection (LeaderElection.java:askForVotes(339)) - s1@group-9FC63B188219-LeaderElection20 PRE_VOTE round 124: result TIMEOUT
2024-10-09 00:14:29,620 [s1@group-9FC63B188219-LeaderElection20] INFO  impl.LeaderElection (LeaderElection.java:askForVotes(337)) - s1@group-9FC63B188219-LeaderElection20 PRE_VOTE round 125: submit vote requests at term 2 for conf: {index: 1, cur=peers:[s3|localhost:15172, s4|localhost:15176, s0|localhost:15160, s1|localhost:15164, s2|localhost:15168]|listeners:[], old=null}
2024-10-09 00:14:29,621 [HandlerDaemon-2] INFO  server.RaftServer$Division (RaftServerImpl.java:requestVote(1443)) - s3@group-9FC63B188219: receive requestVote(PRE_VOTE, s1, group-9FC63B188219, 2, (t:2, i:2))
2024-10-09 00:14:29,621 [HandlerDaemon-2] INFO  impl.VoteContext (VoteContext.java:log(49)) - s3@group-9FC63B188219-CANDIDATE: accept PRE_VOTE from s1: our priority 0 <= candidate's priority 0
2024-10-09 00:14:29,621 [HandlerDaemon-2] INFO  server.RaftServer$Division (RaftServerImpl.java:requestVote(1476)) - s3@group-9FC63B188219 replies to PRE_VOTE vote request: s1<-s3#0:OK-t2. Peer's state: s3@group-9FC63B188219:t2, leader=null, voted=s2, raftlog=Memoized:s3@group-9FC63B188219-SegmentedRaftLog:OPENED:c2:last(t:2, i:2), conf=conf: {index: 1, cur=peers:[s3|localhost:15172, s4|localhost:15176, s0|localhost:15160, s1|localhost:15164, s2|localhost:15168]|listeners:[], old=null}
2024-10-09 00:14:29,621 [s1@group-9FC63B188219-LeaderElection20] INFO  impl.LeaderElection (LogUtils.java:infoOrTrace(136)) - s1@group-9FC63B188219-LeaderElection20 got exception when requesting votes: java.util.concurrent.ExecutionException: java.io.IOException: The peer s4 is not alive.
2024-10-09 00:14:29,621 [s1@group-9FC63B188219-LeaderElection20] INFO  impl.LeaderElection (LogUtils.java:infoOrTrace(136)) - s1@group-9FC63B188219-LeaderElection20 got exception when requesting votes: java.util.concurrent.ExecutionException: java.io.IOException: The peer s2 is not alive.
2024-10-09 00:14:29,660 [Timer-9] INFO  impl.MiniRaftCluster (MiniRaftCluster.java:lambda$null$7(352)) - TIMED-PRINT: printing ALL groups
  s3:  RUNNING CANDIDATE s3@group-9FC63B188219:t2, leader=null, voted=s2, raftlog=Memoized:s3@group-9FC63B188219-SegmentedRaftLog:OPENED:c2:last(t:2, i:2), conf=conf: {index: 1, cur=peers:[s3|localhost:15172, s4|localhost:15176, s0|localhost:15160, s1|localhost:15164, s2|localhost:15168]|listeners:[], old=null} RUNNING
  s4:   CLOSED    LEADER s4@group-9FC63B188219:t1, leader=s4, voted=s4, raftlog=Memoized:s4@group-9FC63B188219-SegmentedRaftLog:CLOSED:c0, conf=conf: {index: 0, cur=peers:[s3|localhost:15172, s4|localhost:15176, s0|localhost:15160, s1|localhost:15164, s2|localhost:15168]|listeners:[], old=null} CLOSED
  s0:  RUNNING  FOLLOWER s0@group-9FC63B188219:t1, leader=null, voted=null, raftlog=Memoized:s0@group-9FC63B188219-SegmentedRaftLog:OPENED:c-1:lastnull, conf=conf: {index: -1, cur=peers:[s3|localhost:15172, s4|localhost:15176, s0|localhost:15160, s1|localhost:15164, s2|localhost:15168]|listeners:[], old=null} RUNNING
  s1:  RUNNING CANDIDATE s1@group-9FC63B188219:t2, leader=null, voted=s2, raftlog=Memoized:s1@group-9FC63B188219-SegmentedRaftLog:OPENED:c2:last(t:2, i:2), conf=conf: {index: 1, cur=peers:[s3|localhost:15172, s4|localhost:15176, s0|localhost:15160, s1|localhost:15164, s2|localhost:15168]|listeners:[], old=null} RUNNING
  s2:   CLOSED    LEADER s2@group-9FC63B188219:t2, leader=s2, voted=s2, raftlog=Memoized:s2@group-9FC63B188219-SegmentedRaftLog:CLOSED:c2, conf=conf: {index: 1, cur=peers:[s3|localhost:15172, s4|localhost:15176, s0|localhost:15160, s1|localhost:15164, s2|localhost:15168]|listeners:[], old=null} CLOSED
2024-10-09 00:14:29,720 [main] WARN  ratis.RaftTestUtil (RaftTestUtil.java:lambda$waitForLeader$3(126)) - Attempt #64 failed: java.lang.IllegalStateException: No leader yet : printing ALL groups
  s3:  RUNNING CANDIDATE s3@group-9FC63B188219:t2, leader=null, voted=s2, raftlog=Memoized:s3@group-9FC63B188219-SegmentedRaftLog:OPENED:c2:last(t:2, i:2), conf=conf: {index: 1, cur=peers:[s3|localhost:15172, s4|localhost:15176, s0|localhost:15160, s1|localhost:15164, s2|localhost:15168]|listeners:[], old=null} RUNNING
  s4:   CLOSED    LEADER s4@group-9FC63B188219:t1, leader=s4, voted=s4, raftlog=Memoized:s4@group-9FC63B188219-SegmentedRaftLog:CLOSED:c0, conf=conf: {index: 0, cur=peers:[s3|localhost:15172, s4|localhost:15176, s0|localhost:15160, s1|localhost:15164, s2|localhost:15168]|listeners:[], old=null} CLOSED
  s0:  RUNNING  FOLLOWER s0@group-9FC63B188219:t1, leader=null, voted=null, raftlog=Memoized:s0@group-9FC63B188219-SegmentedRaftLog:OPENED:c-1:lastnull, conf=conf: {index: -1, cur=peers:[s3|localhost:15172, s4|localhost:15176, s0|localhost:15160, s1|localhost:15164, s2|localhost:15168]|listeners:[], old=null} RUNNING
  s1:  RUNNING CANDIDATE s1@group-9FC63B188219:t2, leader=null, voted=s2, raftlog=Memoized:s1@group-9FC63B188219-SegmentedRaftLog:OPENED:c2:last(t:2, i:2), conf=conf: {index: 1, cur=peers:[s3|localhost:15172, s4|localhost:15176, s0|localhost:15160, s1|localhost:15164, s2|localhost:15168]|listeners:[], old=null} RUNNING
  s2:   CLOSED    LEADER s2@group-9FC63B188219:t2, leader=s2, voted=s2, raftlog=Memoized:s2@group-9FC63B188219-SegmentedRaftLog:CLOSED:c2, conf=conf: {index: 1, cur=peers:[s3|localhost:15172, s4|localhost:15176, s0|localhost:15160, s1|localhost:15164, s2|localhost:15168]|listeners:[], old=null} CLOSED
2024-10-09 00:14:29,785 [s3@group-9FC63B188219-LeaderElection21] INFO  impl.LeaderElection (LeaderElection.java:logAndReturn(90)) - s3@group-9FC63B188219-LeaderElection21: PRE_VOTE TIMEOUT received 1 response(s) and 2 exception(s):
2024-10-09 00:14:29,785 [s3@group-9FC63B188219-LeaderElection21] INFO  impl.LeaderElection (LeaderElection.java:logAndReturn(94)) -   Response 0: s3<-s1#0:OK-t2
2024-10-09 00:14:29,785 [s3@group-9FC63B188219-LeaderElection21] INFO  impl.LeaderElection (LogUtils.java:infoOrTrace(136)) -   Exception 1: java.util.concurrent.ExecutionException: java.io.IOException: The peer s4 is not alive.
2024-10-09 00:14:29,785 [s3@group-9FC63B188219-LeaderElection21] INFO  impl.LeaderElection (LogUtils.java:infoOrTrace(136)) -   Exception 2: java.util.concurrent.ExecutionException: java.io.IOException: The peer s2 is not alive.
2024-10-09 00:14:29,785 [s3@group-9FC63B188219-LeaderElection21] INFO  impl.LeaderElection (LeaderElection.java:askForVotes(339)) - s3@group-9FC63B188219-LeaderElection21 PRE_VOTE round 107: result TIMEOUT
2024-10-09 00:14:29,785 [s3@group-9FC63B188219-LeaderElection21] INFO  impl.LeaderElection (LeaderElection.java:askForVotes(337)) - s3@group-9FC63B188219-LeaderElection21 PRE_VOTE round 108: submit vote requests at term 2 for conf: {index: 1, cur=peers:[s3|localhost:15172, s4|localhost:15176, s0|localhost:15160, s1|localhost:15164, s2|localhost:15168]|listeners:[], old=null}
2024-10-09 00:14:29,785 [HandlerDaemon-0] INFO  server.RaftServer$Division (RaftServerImpl.java:requestVote(1443)) - s1@group-9FC63B188219: receive requestVote(PRE_VOTE, s3, group-9FC63B188219, 2, (t:2, i:2))
2024-10-09 00:14:29,785 [HandlerDaemon-0] INFO  impl.VoteContext (VoteContext.java:log(49)) - s1@group-9FC63B188219-CANDIDATE: accept PRE_VOTE from s3: our priority 0 <= candidate's priority 0
2024-10-09 00:14:29,785 [s3@group-9FC63B188219-LeaderElection21] INFO  impl.LeaderElection (LogUtils.java:infoOrTrace(136)) - s3@group-9FC63B188219-LeaderElection21 got exception when requesting votes: java.util.concurrent.ExecutionException: java.io.IOException: The peer s4 is not alive.
2024-10-09 00:14:29,785 [s3@group-9FC63B188219-LeaderElection21] INFO  impl.LeaderElection (LogUtils.java:infoOrTrace(136)) - s3@group-9FC63B188219-LeaderElection21 got exception when requesting votes: java.util.concurrent.ExecutionException: java.io.IOException: The peer s2 is not alive.
2024-10-09 00:14:29,785 [HandlerDaemon-0] INFO  server.RaftServer$Division (RaftServerImpl.java:requestVote(1476)) - s1@group-9FC63B188219 replies to PRE_VOTE vote request: s3<-s1#0:OK-t2. Peer's state: s1@group-9FC63B188219:t2, leader=null, voted=s2, raftlog=Memoized:s1@group-9FC63B188219-SegmentedRaftLog:OPENED:c2:last(t:2, i:2), conf=conf: {index: 1, cur=peers:[s3|localhost:15172, s4|localhost:15176, s0|localhost:15160, s1|localhost:15164, s2|localhost:15168]|listeners:[], old=null}
2024-10-09 00:14:29,898 [s1@group-9FC63B188219-LeaderElection20] INFO  impl.LeaderElection (LeaderElection.java:logAndReturn(90)) - s1@group-9FC63B188219-LeaderElection20: PRE_VOTE TIMEOUT received 1 response(s) and 2 exception(s):
2024-10-09 00:14:29,898 [s1@group-9FC63B188219-LeaderElection20] INFO  impl.LeaderElection (LeaderElection.java:logAndReturn(94)) -   Response 0: s1<-s3#0:OK-t2
2024-10-09 00:14:29,898 [s1@group-9FC63B188219-LeaderElection20] INFO  impl.LeaderElection (LogUtils.java:infoOrTrace(136)) -   Exception 1: java.util.concurrent.ExecutionException: java.io.IOException: The peer s4 is not alive.
2024-10-09 00:14:29,898 [s1@group-9FC63B188219-LeaderElection20] INFO  impl.LeaderElection (LogUtils.java:infoOrTrace(136)) -   Exception 2: java.util.concurrent.ExecutionException: java.io.IOException: The peer s2 is not alive.
2024-10-09 00:14:29,898 [s1@group-9FC63B188219-LeaderElection20] INFO  impl.LeaderElection (LeaderElection.java:askForVotes(339)) - s1@group-9FC63B188219-LeaderElection20 PRE_VOTE round 125: result TIMEOUT
2024-10-09 00:14:29,898 [s1@group-9FC63B188219-LeaderElection20] INFO  impl.LeaderElection (LeaderElection.java:askForVotes(337)) - s1@group-9FC63B188219-LeaderElection20 PRE_VOTE round 126: submit vote requests at term 2 for conf: {index: 1, cur=peers:[s3|localhost:15172, s4|localhost:15176, s0|localhost:15160, s1|localhost:15164, s2|localhost:15168]|listeners:[], old=null}
2024-10-09 00:14:29,898 [HandlerDaemon-0] INFO  server.RaftServer$Division (RaftServerImpl.java:requestVote(1443)) - s3@group-9FC63B188219: receive requestVote(PRE_VOTE, s1, group-9FC63B188219, 2, (t:2, i:2))
2024-10-09 00:14:29,899 [HandlerDaemon-0] INFO  impl.VoteContext (VoteContext.java:log(49)) - s3@group-9FC63B188219-CANDIDATE: accept PRE_VOTE from s1: our priority 0 <= candidate's priority 0
2024-10-09 00:14:29,899 [HandlerDaemon-0] INFO  server.RaftServer$Division (RaftServerImpl.java:requestVote(1476)) - s3@group-9FC63B188219 replies to PRE_VOTE vote request: s1<-s3#0:OK-t2. Peer's state: s3@group-9FC63B188219:t2, leader=null, voted=s2, raftlog=Memoized:s3@group-9FC63B188219-SegmentedRaftLog:OPENED:c2:last(t:2, i:2), conf=conf: {index: 1, cur=peers:[s3|localhost:15172, s4|localhost:15176, s0|localhost:15160, s1|localhost:15164, s2|localhost:15168]|listeners:[], old=null}
2024-10-09 00:14:29,899 [s1@group-9FC63B188219-LeaderElection20] INFO  impl.LeaderElection (LogUtils.java:infoOrTrace(136)) - s1@group-9FC63B188219-LeaderElection20 got exception when requesting votes: java.util.concurrent.ExecutionException: java.io.IOException: The peer s4 is not alive.
2024-10-09 00:14:29,899 [s1@group-9FC63B188219-LeaderElection20] INFO  impl.LeaderElection (LogUtils.java:infoOrTrace(136)) - s1@group-9FC63B188219-LeaderElection20 got exception when requesting votes: java.util.concurrent.ExecutionException: java.io.IOException: The peer s2 is not alive.
2024-10-09 00:14:29,966 [s3@group-9FC63B188219-LeaderElection21] INFO  impl.LeaderElection (LeaderElection.java:logAndReturn(90)) - s3@group-9FC63B188219-LeaderElection21: PRE_VOTE TIMEOUT received 1 response(s) and 2 exception(s):
2024-10-09 00:14:29,966 [s3@group-9FC63B188219-LeaderElection21] INFO  impl.LeaderElection (LeaderElection.java:logAndReturn(94)) -   Response 0: s3<-s1#0:OK-t2
2024-10-09 00:14:29,966 [s3@group-9FC63B188219-LeaderElection21] INFO  impl.LeaderElection (LogUtils.java:infoOrTrace(136)) -   Exception 1: java.util.concurrent.ExecutionException: java.io.IOException: The peer s4 is not alive.
2024-10-09 00:14:29,967 [s3@group-9FC63B188219-LeaderElection21] INFO  impl.LeaderElection (LogUtils.java:infoOrTrace(136)) -   Exception 2: java.util.concurrent.ExecutionException: java.io.IOException: The peer s2 is not alive.
2024-10-09 00:14:29,967 [s3@group-9FC63B188219-LeaderElection21] INFO  impl.LeaderElection (LeaderElection.java:askForVotes(339)) - s3@group-9FC63B188219-LeaderElection21 PRE_VOTE round 108: result TIMEOUT
2024-10-09 00:14:29,967 [s3@group-9FC63B188219-LeaderElection21] INFO  impl.LeaderElection (LeaderElection.java:askForVotes(337)) - s3@group-9FC63B188219-LeaderElection21 PRE_VOTE round 109: submit vote requests at term 2 for conf: {index: 1, cur=peers:[s3|localhost:15172, s4|localhost:15176, s0|localhost:15160, s1|localhost:15164, s2|localhost:15168]|listeners:[], old=null}
2024-10-09 00:14:29,967 [HandlerDaemon-1] INFO  server.RaftServer$Division (RaftServerImpl.java:requestVote(1443)) - s1@group-9FC63B188219: receive requestVote(PRE_VOTE, s3, group-9FC63B188219, 2, (t:2, i:2))
2024-10-09 00:14:29,967 [s3@group-9FC63B188219-LeaderElection21] INFO  impl.LeaderElection (LogUtils.java:infoOrTrace(136)) - s3@group-9FC63B188219-LeaderElection21 got exception when requesting votes: java.util.concurrent.ExecutionException: java.io.IOException: The peer s4 is not alive.
2024-10-09 00:14:29,967 [HandlerDaemon-1] INFO  impl.VoteContext (VoteContext.java:log(49)) - s1@group-9FC63B188219-CANDIDATE: accept PRE_VOTE from s3: our priority 0 <= candidate's priority 0
2024-10-09 00:14:29,967 [s3@group-9FC63B188219-LeaderElection21] INFO  impl.LeaderElection (LogUtils.java:infoOrTrace(136)) - s3@group-9FC63B188219-LeaderElection21 got exception when requesting votes: java.util.concurrent.ExecutionException: java.io.IOException: The peer s2 is not alive.
2024-10-09 00:14:29,967 [HandlerDaemon-1] INFO  server.RaftServer$Division (RaftServerImpl.java:requestVote(1476)) - s1@group-9FC63B188219 replies to PRE_VOTE vote request: s3<-s1#0:OK-t2. Peer's state: s1@group-9FC63B188219:t2, leader=null, voted=s2, raftlog=Memoized:s1@group-9FC63B188219-SegmentedRaftLog:OPENED:c2:last(t:2, i:2), conf=conf: {index: 1, cur=peers:[s3|localhost:15172, s4|localhost:15176, s0|localhost:15160, s1|localhost:15164, s2|localhost:15168]|listeners:[], old=null}
2024-10-09 00:14:30,126 [s3@group-9FC63B188219-LeaderElection21] INFO  impl.LeaderElection (LeaderElection.java:logAndReturn(90)) - s3@group-9FC63B188219-LeaderElection21: PRE_VOTE TIMEOUT received 1 response(s) and 2 exception(s):
2024-10-09 00:14:30,126 [s3@group-9FC63B188219-LeaderElection21] INFO  impl.LeaderElection (LeaderElection.java:logAndReturn(94)) -   Response 0: s3<-s1#0:OK-t2
2024-10-09 00:14:30,126 [s3@group-9FC63B188219-LeaderElection21] INFO  impl.LeaderElection (LogUtils.java:infoOrTrace(136)) -   Exception 1: java.util.concurrent.ExecutionException: java.io.IOException: The peer s4 is not alive.
2024-10-09 00:14:30,126 [s3@group-9FC63B188219-LeaderElection21] INFO  impl.LeaderElection (LogUtils.java:infoOrTrace(136)) -   Exception 2: java.util.concurrent.ExecutionException: java.io.IOException: The peer s2 is not alive.
2024-10-09 00:14:30,126 [s3@group-9FC63B188219-LeaderElection21] INFO  impl.LeaderElection (LeaderElection.java:askForVotes(339)) - s3@group-9FC63B188219-LeaderElection21 PRE_VOTE round 109: result TIMEOUT
2024-10-09 00:14:30,126 [s3@group-9FC63B188219-LeaderElection21] INFO  impl.LeaderElection (LeaderElection.java:askForVotes(337)) - s3@group-9FC63B188219-LeaderElection21 PRE_VOTE round 110: submit vote requests at term 2 for conf: {index: 1, cur=peers:[s3|localhost:15172, s4|localhost:15176, s0|localhost:15160, s1|localhost:15164, s2|localhost:15168]|listeners:[], old=null}
2024-10-09 00:14:30,127 [HandlerDaemon-2] INFO  server.RaftServer$Division (RaftServerImpl.java:requestVote(1443)) - s1@group-9FC63B188219: receive requestVote(PRE_VOTE, s3, group-9FC63B188219, 2, (t:2, i:2))
2024-10-09 00:14:30,127 [s3@group-9FC63B188219-LeaderElection21] INFO  impl.LeaderElection (LogUtils.java:infoOrTrace(136)) - s3@group-9FC63B188219-LeaderElection21 got exception when requesting votes: java.util.concurrent.ExecutionException: java.io.IOException: The peer s4 is not alive.
2024-10-09 00:14:30,127 [s3@group-9FC63B188219-LeaderElection21] INFO  impl.LeaderElection (LogUtils.java:infoOrTrace(136)) - s3@group-9FC63B188219-LeaderElection21 got exception when requesting votes: java.util.concurrent.ExecutionException: java.io.IOException: The peer s2 is not alive.
2024-10-09 00:14:30,127 [HandlerDaemon-2] INFO  impl.VoteContext (VoteContext.java:log(49)) - s1@group-9FC63B188219-CANDIDATE: accept PRE_VOTE from s3: our priority 0 <= candidate's priority 0
2024-10-09 00:14:30,127 [HandlerDaemon-2] INFO  server.RaftServer$Division (RaftServerImpl.java:requestVote(1476)) - s1@group-9FC63B188219 replies to PRE_VOTE vote request: s3<-s1#0:OK-t2. Peer's state: s1@group-9FC63B188219:t2, leader=null, voted=s2, raftlog=Memoized:s1@group-9FC63B188219-SegmentedRaftLog:OPENED:c2:last(t:2, i:2), conf=conf: {index: 1, cur=peers:[s3|localhost:15172, s4|localhost:15176, s0|localhost:15160, s1|localhost:15164, s2|localhost:15168]|listeners:[], old=null}
2024-10-09 00:14:30,148 [s1@group-9FC63B188219-LeaderElection20] INFO  impl.LeaderElection (LeaderElection.java:logAndReturn(90)) - s1@group-9FC63B188219-LeaderElection20: PRE_VOTE TIMEOUT received 1 response(s) and 2 exception(s):
2024-10-09 00:14:30,148 [s1@group-9FC63B188219-LeaderElection20] INFO  impl.LeaderElection (LeaderElection.java:logAndReturn(94)) -   Response 0: s1<-s3#0:OK-t2
2024-10-09 00:14:30,148 [s1@group-9FC63B188219-LeaderElection20] INFO  impl.LeaderElection (LogUtils.java:infoOrTrace(136)) -   Exception 1: java.util.concurrent.ExecutionException: java.io.IOException: The peer s4 is not alive.
2024-10-09 00:14:30,148 [s1@group-9FC63B188219-LeaderElection20] INFO  impl.LeaderElection (LogUtils.java:infoOrTrace(136)) -   Exception 2: java.util.concurrent.ExecutionException: java.io.IOException: The peer s2 is not alive.
2024-10-09 00:14:30,148 [s1@group-9FC63B188219-LeaderElection20] INFO  impl.LeaderElection (LeaderElection.java:askForVotes(339)) - s1@group-9FC63B188219-LeaderElection20 PRE_VOTE round 126: result TIMEOUT
2024-10-09 00:14:30,148 [s1@group-9FC63B188219-LeaderElection20] INFO  impl.LeaderElection (LeaderElection.java:askForVotes(337)) - s1@group-9FC63B188219-LeaderElection20 PRE_VOTE round 127: submit vote requests at term 2 for conf: {index: 1, cur=peers:[s3|localhost:15172, s4|localhost:15176, s0|localhost:15160, s1|localhost:15164, s2|localhost:15168]|listeners:[], old=null}
2024-10-09 00:14:30,148 [HandlerDaemon-1] INFO  server.RaftServer$Division (RaftServerImpl.java:requestVote(1443)) - s3@group-9FC63B188219: receive requestVote(PRE_VOTE, s1, group-9FC63B188219, 2, (t:2, i:2))
2024-10-09 00:14:30,148 [HandlerDaemon-1] INFO  impl.VoteContext (VoteContext.java:log(49)) - s3@group-9FC63B188219-CANDIDATE: accept PRE_VOTE from s1: our priority 0 <= candidate's priority 0
2024-10-09 00:14:30,148 [HandlerDaemon-1] INFO  server.RaftServer$Division (RaftServerImpl.java:requestVote(1476)) - s3@group-9FC63B188219 replies to PRE_VOTE vote request: s1<-s3#0:OK-t2. Peer's state: s3@group-9FC63B188219:t2, leader=null, voted=s2, raftlog=Memoized:s3@group-9FC63B188219-SegmentedRaftLog:OPENED:c2:last(t:2, i:2), conf=conf: {index: 1, cur=peers:[s3|localhost:15172, s4|localhost:15176, s0|localhost:15160, s1|localhost:15164, s2|localhost:15168]|listeners:[], old=null}
2024-10-09 00:14:30,148 [s1@group-9FC63B188219-LeaderElection20] INFO  impl.LeaderElection (LogUtils.java:infoOrTrace(136)) - s1@group-9FC63B188219-LeaderElection20 got exception when requesting votes: java.util.concurrent.ExecutionException: java.io.IOException: The peer s4 is not alive.
2024-10-09 00:14:30,149 [s1@group-9FC63B188219-LeaderElection20] INFO  impl.LeaderElection (LogUtils.java:infoOrTrace(136)) - s1@group-9FC63B188219-LeaderElection20 got exception when requesting votes: java.util.concurrent.ExecutionException: java.io.IOException: The peer s2 is not alive.
2024-10-09 00:14:30,170 [main] WARN  ratis.RaftTestUtil (RaftTestUtil.java:lambda$waitForLeader$3(126)) - Attempt #65 failed: java.lang.IllegalStateException: No leader yet : printing ALL groups
  s3:  RUNNING CANDIDATE s3@group-9FC63B188219:t2, leader=null, voted=s2, raftlog=Memoized:s3@group-9FC63B188219-SegmentedRaftLog:OPENED:c2:last(t:2, i:2), conf=conf: {index: 1, cur=peers:[s3|localhost:15172, s4|localhost:15176, s0|localhost:15160, s1|localhost:15164, s2|localhost:15168]|listeners:[], old=null} RUNNING
  s4:   CLOSED    LEADER s4@group-9FC63B188219:t1, leader=s4, voted=s4, raftlog=Memoized:s4@group-9FC63B188219-SegmentedRaftLog:CLOSED:c0, conf=conf: {index: 0, cur=peers:[s3|localhost:15172, s4|localhost:15176, s0|localhost:15160, s1|localhost:15164, s2|localhost:15168]|listeners:[], old=null} CLOSED
  s0:  RUNNING  FOLLOWER s0@group-9FC63B188219:t1, leader=null, voted=null, raftlog=Memoized:s0@group-9FC63B188219-SegmentedRaftLog:OPENED:c-1:lastnull, conf=conf: {index: -1, cur=peers:[s3|localhost:15172, s4|localhost:15176, s0|localhost:15160, s1|localhost:15164, s2|localhost:15168]|listeners:[], old=null} RUNNING
  s1:  RUNNING CANDIDATE s1@group-9FC63B188219:t2, leader=null, voted=s2, raftlog=Memoized:s1@group-9FC63B188219-SegmentedRaftLog:OPENED:c2:last(t:2, i:2), conf=conf: {index: 1, cur=peers:[s3|localhost:15172, s4|localhost:15176, s0|localhost:15160, s1|localhost:15164, s2|localhost:15168]|listeners:[], old=null} RUNNING
  s2:   CLOSED    LEADER s2@group-9FC63B188219:t2, leader=s2, voted=s2, raftlog=Memoized:s2@group-9FC63B188219-SegmentedRaftLog:CLOSED:c2, conf=conf: {index: 1, cur=peers:[s3|localhost:15172, s4|localhost:15176, s0|localhost:15160, s1|localhost:15164, s2|localhost:15168]|listeners:[], old=null} CLOSED
2024-10-09 00:14:30,341 [s3@group-9FC63B188219-LeaderElection21] INFO  impl.LeaderElection (LeaderElection.java:logAndReturn(90)) - s3@group-9FC63B188219-LeaderElection21: PRE_VOTE TIMEOUT received 1 response(s) and 2 exception(s):
2024-10-09 00:14:30,341 [s3@group-9FC63B188219-LeaderElection21] INFO  impl.LeaderElection (LeaderElection.java:logAndReturn(94)) -   Response 0: s3<-s1#0:OK-t2
2024-10-09 00:14:30,341 [s3@group-9FC63B188219-LeaderElection21] INFO  impl.LeaderElection (LogUtils.java:infoOrTrace(136)) -   Exception 1: java.util.concurrent.ExecutionException: java.io.IOException: The peer s4 is not alive.
2024-10-09 00:14:30,341 [s3@group-9FC63B188219-LeaderElection21] INFO  impl.LeaderElection (LogUtils.java:infoOrTrace(136)) -   Exception 2: java.util.concurrent.ExecutionException: java.io.IOException: The peer s2 is not alive.
2024-10-09 00:14:30,341 [s3@group-9FC63B188219-LeaderElection21] INFO  impl.LeaderElection (LeaderElection.java:askForVotes(339)) - s3@group-9FC63B188219-LeaderElection21 PRE_VOTE round 110: result TIMEOUT
2024-10-09 00:14:30,341 [s3@group-9FC63B188219-LeaderElection21] INFO  impl.LeaderElection (LeaderElection.java:askForVotes(337)) - s3@group-9FC63B188219-LeaderElection21 PRE_VOTE round 111: submit vote requests at term 2 for conf: {index: 1, cur=peers:[s3|localhost:15172, s4|localhost:15176, s0|localhost:15160, s1|localhost:15164, s2|localhost:15168]|listeners:[], old=null}
2024-10-09 00:14:30,342 [HandlerDaemon-0] INFO  server.RaftServer$Division (RaftServerImpl.java:requestVote(1443)) - s1@group-9FC63B188219: receive requestVote(PRE_VOTE, s3, group-9FC63B188219, 2, (t:2, i:2))
2024-10-09 00:14:30,342 [s3@group-9FC63B188219-LeaderElection21] INFO  impl.LeaderElection (LogUtils.java:infoOrTrace(136)) - s3@group-9FC63B188219-LeaderElection21 got exception when requesting votes: java.util.concurrent.ExecutionException: java.io.IOException: The peer s4 is not alive.
2024-10-09 00:14:30,342 [HandlerDaemon-0] INFO  impl.VoteContext (VoteContext.java:log(49)) - s1@group-9FC63B188219-CANDIDATE: accept PRE_VOTE from s3: our priority 0 <= candidate's priority 0
2024-10-09 00:14:30,342 [s3@group-9FC63B188219-LeaderElection21] INFO  impl.LeaderElection (LogUtils.java:infoOrTrace(136)) - s3@group-9FC63B188219-LeaderElection21 got exception when requesting votes: java.util.concurrent.ExecutionException: java.io.IOException: The peer s2 is not alive.
2024-10-09 00:14:30,342 [HandlerDaemon-0] INFO  server.RaftServer$Division (RaftServerImpl.java:requestVote(1476)) - s1@group-9FC63B188219 replies to PRE_VOTE vote request: s3<-s1#0:OK-t2. Peer's state: s1@group-9FC63B188219:t2, leader=null, voted=s2, raftlog=Memoized:s1@group-9FC63B188219-SegmentedRaftLog:OPENED:c2:last(t:2, i:2), conf=conf: {index: 1, cur=peers:[s3|localhost:15172, s4|localhost:15176, s0|localhost:15160, s1|localhost:15164, s2|localhost:15168]|listeners:[], old=null}
2024-10-09 00:14:30,416 [s1@group-9FC63B188219-LeaderElection20] INFO  impl.LeaderElection (LeaderElection.java:logAndReturn(90)) - s1@group-9FC63B188219-LeaderElection20: PRE_VOTE TIMEOUT received 1 response(s) and 2 exception(s):
2024-10-09 00:14:30,416 [s1@group-9FC63B188219-LeaderElection20] INFO  impl.LeaderElection (LeaderElection.java:logAndReturn(94)) -   Response 0: s1<-s3#0:OK-t2
2024-10-09 00:14:30,416 [s1@group-9FC63B188219-LeaderElection20] INFO  impl.LeaderElection (LogUtils.java:infoOrTrace(136)) -   Exception 1: java.util.concurrent.ExecutionException: java.io.IOException: The peer s4 is not alive.
2024-10-09 00:14:30,416 [s1@group-9FC63B188219-LeaderElection20] INFO  impl.LeaderElection (LogUtils.java:infoOrTrace(136)) -   Exception 2: java.util.concurrent.ExecutionException: java.io.IOException: The peer s2 is not alive.
2024-10-09 00:14:30,416 [s1@group-9FC63B188219-LeaderElection20] INFO  impl.LeaderElection (LeaderElection.java:askForVotes(339)) - s1@group-9FC63B188219-LeaderElection20 PRE_VOTE round 127: result TIMEOUT
2024-10-09 00:14:30,416 [s1@group-9FC63B188219-LeaderElection20] INFO  impl.LeaderElection (LeaderElection.java:askForVotes(337)) - s1@group-9FC63B188219-LeaderElection20 PRE_VOTE round 128: submit vote requests at term 2 for conf: {index: 1, cur=peers:[s3|localhost:15172, s4|localhost:15176, s0|localhost:15160, s1|localhost:15164, s2|localhost:15168]|listeners:[], old=null}
2024-10-09 00:14:30,416 [HandlerDaemon-2] INFO  server.RaftServer$Division (RaftServerImpl.java:requestVote(1443)) - s3@group-9FC63B188219: receive requestVote(PRE_VOTE, s1, group-9FC63B188219, 2, (t:2, i:2))
2024-10-09 00:14:30,416 [HandlerDaemon-2] INFO  impl.VoteContext (VoteContext.java:log(49)) - s3@group-9FC63B188219-CANDIDATE: accept PRE_VOTE from s1: our priority 0 <= candidate's priority 0
2024-10-09 00:14:30,416 [s1@group-9FC63B188219-LeaderElection20] INFO  impl.LeaderElection (LogUtils.java:infoOrTrace(136)) - s1@group-9FC63B188219-LeaderElection20 got exception when requesting votes: java.util.concurrent.ExecutionException: java.io.IOException: The peer s4 is not alive.
2024-10-09 00:14:30,416 [s1@group-9FC63B188219-LeaderElection20] INFO  impl.LeaderElection (LogUtils.java:infoOrTrace(136)) - s1@group-9FC63B188219-LeaderElection20 got exception when requesting votes: java.util.concurrent.ExecutionException: java.io.IOException: The peer s2 is not alive.
2024-10-09 00:14:30,416 [HandlerDaemon-2] INFO  server.RaftServer$Division (RaftServerImpl.java:requestVote(1476)) - s3@group-9FC63B188219 replies to PRE_VOTE vote request: s1<-s3#0:OK-t2. Peer's state: s3@group-9FC63B188219:t2, leader=null, voted=s2, raftlog=Memoized:s3@group-9FC63B188219-SegmentedRaftLog:OPENED:c2:last(t:2, i:2), conf=conf: {index: 1, cur=peers:[s3|localhost:15172, s4|localhost:15176, s0|localhost:15160, s1|localhost:15164, s2|localhost:15168]|listeners:[], old=null}
2024-10-09 00:14:30,621 [main] WARN  ratis.RaftTestUtil (RaftTestUtil.java:lambda$waitForLeader$3(126)) - Attempt #66 failed: java.lang.IllegalStateException: No leader yet : printing ALL groups
  s3:  RUNNING CANDIDATE s3@group-9FC63B188219:t2, leader=null, voted=s2, raftlog=Memoized:s3@group-9FC63B188219-SegmentedRaftLog:OPENED:c2:last(t:2, i:2), conf=conf: {index: 1, cur=peers:[s3|localhost:15172, s4|localhost:15176, s0|localhost:15160, s1|localhost:15164, s2|localhost:15168]|listeners:[], old=null} RUNNING
  s4:   CLOSED    LEADER s4@group-9FC63B188219:t1, leader=s4, voted=s4, raftlog=Memoized:s4@group-9FC63B188219-SegmentedRaftLog:CLOSED:c0, conf=conf: {index: 0, cur=peers:[s3|localhost:15172, s4|localhost:15176, s0|localhost:15160, s1|localhost:15164, s2|localhost:15168]|listeners:[], old=null} CLOSED
  s0:  RUNNING  FOLLOWER s0@group-9FC63B188219:t1, leader=null, voted=null, raftlog=Memoized:s0@group-9FC63B188219-SegmentedRaftLog:OPENED:c-1:lastnull, conf=conf: {index: -1, cur=peers:[s3|localhost:15172, s4|localhost:15176, s0|localhost:15160, s1|localhost:15164, s2|localhost:15168]|listeners:[], old=null} RUNNING
  s1:  RUNNING CANDIDATE s1@group-9FC63B188219:t2, leader=null, voted=s2, raftlog=Memoized:s1@group-9FC63B188219-SegmentedRaftLog:OPENED:c2:last(t:2, i:2), conf=conf: {index: 1, cur=peers:[s3|localhost:15172, s4|localhost:15176, s0|localhost:15160, s1|localhost:15164, s2|localhost:15168]|listeners:[], old=null} RUNNING
  s2:   CLOSED    LEADER s2@group-9FC63B188219:t2, leader=s2, voted=s2, raftlog=Memoized:s2@group-9FC63B188219-SegmentedRaftLog:CLOSED:c2, conf=conf: {index: 1, cur=peers:[s3|localhost:15172, s4|localhost:15176, s0|localhost:15160, s1|localhost:15164, s2|localhost:15168]|listeners:[], old=null} CLOSED
2024-10-09 00:14:30,629 [s3@group-9FC63B188219-LeaderElection21] INFO  impl.LeaderElection (LeaderElection.java:logAndReturn(90)) - s3@group-9FC63B188219-LeaderElection21: PRE_VOTE TIMEOUT received 1 response(s) and 2 exception(s):
2024-10-09 00:14:30,629 [s3@group-9FC63B188219-LeaderElection21] INFO  impl.LeaderElection (LeaderElection.java:logAndReturn(94)) -   Response 0: s3<-s1#0:OK-t2
2024-10-09 00:14:30,629 [s3@group-9FC63B188219-LeaderElection21] INFO  impl.LeaderElection (LogUtils.java:infoOrTrace(136)) -   Exception 1: java.util.concurrent.ExecutionException: java.io.IOException: The peer s4 is not alive.
2024-10-09 00:14:30,629 [s3@group-9FC63B188219-LeaderElection21] INFO  impl.LeaderElection (LogUtils.java:infoOrTrace(136)) -   Exception 2: java.util.concurrent.ExecutionException: java.io.IOException: The peer s2 is not alive.
2024-10-09 00:14:30,629 [s3@group-9FC63B188219-LeaderElection21] INFO  impl.LeaderElection (LeaderElection.java:askForVotes(339)) - s3@group-9FC63B188219-LeaderElection21 PRE_VOTE round 111: result TIMEOUT
2024-10-09 00:14:30,629 [s3@group-9FC63B188219-LeaderElection21] INFO  impl.LeaderElection (LeaderElection.java:askForVotes(337)) - s3@group-9FC63B188219-LeaderElection21 PRE_VOTE round 112: submit vote requests at term 2 for conf: {index: 1, cur=peers:[s3|localhost:15172, s4|localhost:15176, s0|localhost:15160, s1|localhost:15164, s2|localhost:15168]|listeners:[], old=null}
2024-10-09 00:14:30,631 [HandlerDaemon-1] INFO  server.RaftServer$Division (RaftServerImpl.java:requestVote(1443)) - s1@group-9FC63B188219: receive requestVote(PRE_VOTE, s3, group-9FC63B188219, 2, (t:2, i:2))
2024-10-09 00:14:30,631 [HandlerDaemon-1] INFO  impl.VoteContext (VoteContext.java:log(49)) - s1@group-9FC63B188219-CANDIDATE: accept PRE_VOTE from s3: our priority 0 <= candidate's priority 0
2024-10-09 00:14:30,631 [s3@group-9FC63B188219-LeaderElection21] INFO  impl.LeaderElection (LogUtils.java:infoOrTrace(136)) - s3@group-9FC63B188219-LeaderElection21 got exception when requesting votes: java.util.concurrent.ExecutionException: java.io.IOException: The peer s4 is not alive.
2024-10-09 00:14:30,631 [HandlerDaemon-1] INFO  server.RaftServer$Division (RaftServerImpl.java:requestVote(1476)) - s1@group-9FC63B188219 replies to PRE_VOTE vote request: s3<-s1#0:OK-t2. Peer's state: s1@group-9FC63B188219:t2, leader=null, voted=s2, raftlog=Memoized:s1@group-9FC63B188219-SegmentedRaftLog:OPENED:c2:last(t:2, i:2), conf=conf: {index: 1, cur=peers:[s3|localhost:15172, s4|localhost:15176, s0|localhost:15160, s1|localhost:15164, s2|localhost:15168]|listeners:[], old=null}
2024-10-09 00:14:30,631 [s3@group-9FC63B188219-LeaderElection21] INFO  impl.LeaderElection (LogUtils.java:infoOrTrace(136)) - s3@group-9FC63B188219-LeaderElection21 got exception when requesting votes: java.util.concurrent.ExecutionException: java.io.IOException: The peer s2 is not alive.
2024-10-09 00:14:30,635 [s1@group-9FC63B188219-LeaderElection20] INFO  impl.LeaderElection (LeaderElection.java:logAndReturn(90)) - s1@group-9FC63B188219-LeaderElection20: PRE_VOTE TIMEOUT received 1 response(s) and 2 exception(s):
2024-10-09 00:14:30,635 [s1@group-9FC63B188219-LeaderElection20] INFO  impl.LeaderElection (LeaderElection.java:logAndReturn(94)) -   Response 0: s1<-s3#0:OK-t2
2024-10-09 00:14:30,635 [s1@group-9FC63B188219-LeaderElection20] INFO  impl.LeaderElection (LogUtils.java:infoOrTrace(136)) -   Exception 1: java.util.concurrent.ExecutionException: java.io.IOException: The peer s4 is not alive.
2024-10-09 00:14:30,635 [s1@group-9FC63B188219-LeaderElection20] INFO  impl.LeaderElection (LogUtils.java:infoOrTrace(136)) -   Exception 2: java.util.concurrent.ExecutionException: java.io.IOException: The peer s2 is not alive.
2024-10-09 00:14:30,636 [s1@group-9FC63B188219-LeaderElection20] INFO  impl.LeaderElection (LeaderElection.java:askForVotes(339)) - s1@group-9FC63B188219-LeaderElection20 PRE_VOTE round 128: result TIMEOUT
2024-10-09 00:14:30,636 [s1@group-9FC63B188219-LeaderElection20] INFO  impl.LeaderElection (LeaderElection.java:askForVotes(337)) - s1@group-9FC63B188219-LeaderElection20 PRE_VOTE round 129: submit vote requests at term 2 for conf: {index: 1, cur=peers:[s3|localhost:15172, s4|localhost:15176, s0|localhost:15160, s1|localhost:15164, s2|localhost:15168]|listeners:[], old=null}
2024-10-09 00:14:30,636 [HandlerDaemon-0] INFO  server.RaftServer$Division (RaftServerImpl.java:requestVote(1443)) - s3@group-9FC63B188219: receive requestVote(PRE_VOTE, s1, group-9FC63B188219, 2, (t:2, i:2))
2024-10-09 00:14:30,636 [HandlerDaemon-0] INFO  impl.VoteContext (VoteContext.java:log(49)) - s3@group-9FC63B188219-CANDIDATE: accept PRE_VOTE from s1: our priority 0 <= candidate's priority 0
2024-10-09 00:14:30,636 [HandlerDaemon-0] INFO  server.RaftServer$Division (RaftServerImpl.java:requestVote(1476)) - s3@group-9FC63B188219 replies to PRE_VOTE vote request: s1<-s3#0:OK-t2. Peer's state: s3@group-9FC63B188219:t2, leader=null, voted=s2, raftlog=Memoized:s3@group-9FC63B188219-SegmentedRaftLog:OPENED:c2:last(t:2, i:2), conf=conf: {index: 1, cur=peers:[s3|localhost:15172, s4|localhost:15176, s0|localhost:15160, s1|localhost:15164, s2|localhost:15168]|listeners:[], old=null}
2024-10-09 00:14:30,636 [s1@group-9FC63B188219-LeaderElection20] INFO  impl.LeaderElection (LogUtils.java:infoOrTrace(136)) - s1@group-9FC63B188219-LeaderElection20 got exception when requesting votes: java.util.concurrent.ExecutionException: java.io.IOException: The peer s4 is not alive.
2024-10-09 00:14:30,636 [s1@group-9FC63B188219-LeaderElection20] INFO  impl.LeaderElection (LogUtils.java:infoOrTrace(136)) - s1@group-9FC63B188219-LeaderElection20 got exception when requesting votes: java.util.concurrent.ExecutionException: java.io.IOException: The peer s2 is not alive.
2024-10-09 00:14:30,844 [s3@group-9FC63B188219-LeaderElection21] INFO  impl.LeaderElection (LeaderElection.java:logAndReturn(90)) - s3@group-9FC63B188219-LeaderElection21: PRE_VOTE TIMEOUT received 1 response(s) and 2 exception(s):
2024-10-09 00:14:30,844 [s3@group-9FC63B188219-LeaderElection21] INFO  impl.LeaderElection (LeaderElection.java:logAndReturn(94)) -   Response 0: s3<-s1#0:OK-t2
2024-10-09 00:14:30,844 [s3@group-9FC63B188219-LeaderElection21] INFO  impl.LeaderElection (LogUtils.java:infoOrTrace(136)) -   Exception 1: java.util.concurrent.ExecutionException: java.io.IOException: The peer s4 is not alive.
2024-10-09 00:14:30,844 [s3@group-9FC63B188219-LeaderElection21] INFO  impl.LeaderElection (LogUtils.java:infoOrTrace(136)) -   Exception 2: java.util.concurrent.ExecutionException: java.io.IOException: The peer s2 is not alive.
2024-10-09 00:14:30,844 [s3@group-9FC63B188219-LeaderElection21] INFO  impl.LeaderElection (LeaderElection.java:askForVotes(339)) - s3@group-9FC63B188219-LeaderElection21 PRE_VOTE round 112: result TIMEOUT
2024-10-09 00:14:30,844 [s3@group-9FC63B188219-LeaderElection21] INFO  impl.LeaderElection (LeaderElection.java:askForVotes(337)) - s3@group-9FC63B188219-LeaderElection21 PRE_VOTE round 113: submit vote requests at term 2 for conf: {index: 1, cur=peers:[s3|localhost:15172, s4|localhost:15176, s0|localhost:15160, s1|localhost:15164, s2|localhost:15168]|listeners:[], old=null}
2024-10-09 00:14:30,844 [HandlerDaemon-2] INFO  server.RaftServer$Division (RaftServerImpl.java:requestVote(1443)) - s1@group-9FC63B188219: receive requestVote(PRE_VOTE, s3, group-9FC63B188219, 2, (t:2, i:2))
2024-10-09 00:14:30,844 [s3@group-9FC63B188219-LeaderElection21] INFO  impl.LeaderElection (LogUtils.java:infoOrTrace(136)) - s3@group-9FC63B188219-LeaderElection21 got exception when requesting votes: java.util.concurrent.ExecutionException: java.io.IOException: The peer s4 is not alive.
2024-10-09 00:14:30,845 [s3@group-9FC63B188219-LeaderElection21] INFO  impl.LeaderElection (LogUtils.java:infoOrTrace(136)) - s3@group-9FC63B188219-LeaderElection21 got exception when requesting votes: java.util.concurrent.ExecutionException: java.io.IOException: The peer s2 is not alive.
2024-10-09 00:14:30,844 [HandlerDaemon-2] INFO  impl.VoteContext (VoteContext.java:log(49)) - s1@group-9FC63B188219-CANDIDATE: accept PRE_VOTE from s3: our priority 0 <= candidate's priority 0
2024-10-09 00:14:30,845 [HandlerDaemon-2] INFO  server.RaftServer$Division (RaftServerImpl.java:requestVote(1476)) - s1@group-9FC63B188219 replies to PRE_VOTE vote request: s3<-s1#0:OK-t2. Peer's state: s1@group-9FC63B188219:t2, leader=null, voted=s2, raftlog=Memoized:s1@group-9FC63B188219-SegmentedRaftLog:OPENED:c2:last(t:2, i:2), conf=conf: {index: 1, cur=peers:[s3|localhost:15172, s4|localhost:15176, s0|localhost:15160, s1|localhost:15164, s2|localhost:15168]|listeners:[], old=null}
2024-10-09 00:14:30,936 [s1@group-9FC63B188219-LeaderElection20] INFO  impl.LeaderElection (LeaderElection.java:logAndReturn(90)) - s1@group-9FC63B188219-LeaderElection20: PRE_VOTE TIMEOUT received 1 response(s) and 2 exception(s):
2024-10-09 00:14:30,936 [s1@group-9FC63B188219-LeaderElection20] INFO  impl.LeaderElection (LeaderElection.java:logAndReturn(94)) -   Response 0: s1<-s3#0:OK-t2
2024-10-09 00:14:30,936 [s1@group-9FC63B188219-LeaderElection20] INFO  impl.LeaderElection (LogUtils.java:infoOrTrace(136)) -   Exception 1: java.util.concurrent.ExecutionException: java.io.IOException: The peer s4 is not alive.
2024-10-09 00:14:30,936 [s1@group-9FC63B188219-LeaderElection20] INFO  impl.LeaderElection (LogUtils.java:infoOrTrace(136)) -   Exception 2: java.util.concurrent.ExecutionException: java.io.IOException: The peer s2 is not alive.
2024-10-09 00:14:30,936 [s1@group-9FC63B188219-LeaderElection20] INFO  impl.LeaderElection (LeaderElection.java:askForVotes(339)) - s1@group-9FC63B188219-LeaderElection20 PRE_VOTE round 129: result TIMEOUT
2024-10-09 00:14:30,937 [s1@group-9FC63B188219-LeaderElection20] INFO  impl.LeaderElection (LeaderElection.java:askForVotes(337)) - s1@group-9FC63B188219-LeaderElection20 PRE_VOTE round 130: submit vote requests at term 2 for conf: {index: 1, cur=peers:[s3|localhost:15172, s4|localhost:15176, s0|localhost:15160, s1|localhost:15164, s2|localhost:15168]|listeners:[], old=null}
2024-10-09 00:14:30,937 [HandlerDaemon-1] INFO  server.RaftServer$Division (RaftServerImpl.java:requestVote(1443)) - s3@group-9FC63B188219: receive requestVote(PRE_VOTE, s1, group-9FC63B188219, 2, (t:2, i:2))
2024-10-09 00:14:30,937 [HandlerDaemon-1] INFO  impl.VoteContext (VoteContext.java:log(49)) - s3@group-9FC63B188219-CANDIDATE: accept PRE_VOTE from s1: our priority 0 <= candidate's priority 0
2024-10-09 00:14:30,937 [HandlerDaemon-1] INFO  server.RaftServer$Division (RaftServerImpl.java:requestVote(1476)) - s3@group-9FC63B188219 replies to PRE_VOTE vote request: s1<-s3#0:OK-t2. Peer's state: s3@group-9FC63B188219:t2, leader=null, voted=s2, raftlog=Memoized:s3@group-9FC63B188219-SegmentedRaftLog:OPENED:c2:last(t:2, i:2), conf=conf: {index: 1, cur=peers:[s3|localhost:15172, s4|localhost:15176, s0|localhost:15160, s1|localhost:15164, s2|localhost:15168]|listeners:[], old=null}
2024-10-09 00:14:30,937 [s1@group-9FC63B188219-LeaderElection20] INFO  impl.LeaderElection (LogUtils.java:infoOrTrace(136)) - s1@group-9FC63B188219-LeaderElection20 got exception when requesting votes: java.util.concurrent.ExecutionException: java.io.IOException: The peer s4 is not alive.
2024-10-09 00:14:30,937 [s1@group-9FC63B188219-LeaderElection20] INFO  impl.LeaderElection (LogUtils.java:infoOrTrace(136)) - s1@group-9FC63B188219-LeaderElection20 got exception when requesting votes: java.util.concurrent.ExecutionException: java.io.IOException: The peer s2 is not alive.
2024-10-09 00:14:31,071 [main] WARN  ratis.RaftTestUtil (RaftTestUtil.java:lambda$waitForLeader$3(126)) - Attempt #67 failed: java.lang.IllegalStateException: No leader yet : printing ALL groups
  s3:  RUNNING CANDIDATE s3@group-9FC63B188219:t2, leader=null, voted=s2, raftlog=Memoized:s3@group-9FC63B188219-SegmentedRaftLog:OPENED:c2:last(t:2, i:2), conf=conf: {index: 1, cur=peers:[s3|localhost:15172, s4|localhost:15176, s0|localhost:15160, s1|localhost:15164, s2|localhost:15168]|listeners:[], old=null} RUNNING
  s4:   CLOSED    LEADER s4@group-9FC63B188219:t1, leader=s4, voted=s4, raftlog=Memoized:s4@group-9FC63B188219-SegmentedRaftLog:CLOSED:c0, conf=conf: {index: 0, cur=peers:[s3|localhost:15172, s4|localhost:15176, s0|localhost:15160, s1|localhost:15164, s2|localhost:15168]|listeners:[], old=null} CLOSED
  s0:  RUNNING  FOLLOWER s0@group-9FC63B188219:t1, leader=null, voted=null, raftlog=Memoized:s0@group-9FC63B188219-SegmentedRaftLog:OPENED:c-1:lastnull, conf=conf: {index: -1, cur=peers:[s3|localhost:15172, s4|localhost:15176, s0|localhost:15160, s1|localhost:15164, s2|localhost:15168]|listeners:[], old=null} RUNNING
  s1:  RUNNING CANDIDATE s1@group-9FC63B188219:t2, leader=null, voted=s2, raftlog=Memoized:s1@group-9FC63B188219-SegmentedRaftLog:OPENED:c2:last(t:2, i:2), conf=conf: {index: 1, cur=peers:[s3|localhost:15172, s4|localhost:15176, s0|localhost:15160, s1|localhost:15164, s2|localhost:15168]|listeners:[], old=null} RUNNING
  s2:   CLOSED    LEADER s2@group-9FC63B188219:t2, leader=s2, voted=s2, raftlog=Memoized:s2@group-9FC63B188219-SegmentedRaftLog:CLOSED:c2, conf=conf: {index: 1, cur=peers:[s3|localhost:15172, s4|localhost:15176, s0|localhost:15160, s1|localhost:15164, s2|localhost:15168]|listeners:[], old=null} CLOSED
2024-10-09 00:14:31,101 [s3@group-9FC63B188219-LeaderElection21] INFO  impl.LeaderElection (LeaderElection.java:logAndReturn(90)) - s3@group-9FC63B188219-LeaderElection21: PRE_VOTE TIMEOUT received 1 response(s) and 2 exception(s):
2024-10-09 00:14:31,101 [s3@group-9FC63B188219-LeaderElection21] INFO  impl.LeaderElection (LeaderElection.java:logAndReturn(94)) -   Response 0: s3<-s1#0:OK-t2
2024-10-09 00:14:31,101 [s3@group-9FC63B188219-LeaderElection21] INFO  impl.LeaderElection (LogUtils.java:infoOrTrace(136)) -   Exception 1: java.util.concurrent.ExecutionException: java.io.IOException: The peer s4 is not alive.
2024-10-09 00:14:31,101 [s3@group-9FC63B188219-LeaderElection21] INFO  impl.LeaderElection (LogUtils.java:infoOrTrace(136)) -   Exception 2: java.util.concurrent.ExecutionException: java.io.IOException: The peer s2 is not alive.
2024-10-09 00:14:31,101 [s3@group-9FC63B188219-LeaderElection21] INFO  impl.LeaderElection (LeaderElection.java:askForVotes(339)) - s3@group-9FC63B188219-LeaderElection21 PRE_VOTE round 113: result TIMEOUT
2024-10-09 00:14:31,101 [s3@group-9FC63B188219-LeaderElection21] INFO  impl.LeaderElection (LeaderElection.java:askForVotes(337)) - s3@group-9FC63B188219-LeaderElection21 PRE_VOTE round 114: submit vote requests at term 2 for conf: {index: 1, cur=peers:[s3|localhost:15172, s4|localhost:15176, s0|localhost:15160, s1|localhost:15164, s2|localhost:15168]|listeners:[], old=null}
2024-10-09 00:14:31,101 [HandlerDaemon-0] INFO  server.RaftServer$Division (RaftServerImpl.java:requestVote(1443)) - s1@group-9FC63B188219: receive requestVote(PRE_VOTE, s3, group-9FC63B188219, 2, (t:2, i:2))
2024-10-09 00:14:31,101 [s3@group-9FC63B188219-LeaderElection21] INFO  impl.LeaderElection (LogUtils.java:infoOrTrace(136)) - s3@group-9FC63B188219-LeaderElection21 got exception when requesting votes: java.util.concurrent.ExecutionException: java.io.IOException: The peer s4 is not alive.
2024-10-09 00:14:31,101 [s3@group-9FC63B188219-LeaderElection21] INFO  impl.LeaderElection (LogUtils.java:infoOrTrace(136)) - s3@group-9FC63B188219-LeaderElection21 got exception when requesting votes: java.util.concurrent.ExecutionException: java.io.IOException: The peer s2 is not alive.
2024-10-09 00:14:31,101 [HandlerDaemon-0] INFO  impl.VoteContext (VoteContext.java:log(49)) - s1@group-9FC63B188219-CANDIDATE: accept PRE_VOTE from s3: our priority 0 <= candidate's priority 0
2024-10-09 00:14:31,101 [HandlerDaemon-0] INFO  server.RaftServer$Division (RaftServerImpl.java:requestVote(1476)) - s1@group-9FC63B188219 replies to PRE_VOTE vote request: s3<-s1#0:OK-t2. Peer's state: s1@group-9FC63B188219:t2, leader=null, voted=s2, raftlog=Memoized:s1@group-9FC63B188219-SegmentedRaftLog:OPENED:c2:last(t:2, i:2), conf=conf: {index: 1, cur=peers:[s3|localhost:15172, s4|localhost:15176, s0|localhost:15160, s1|localhost:15164, s2|localhost:15168]|listeners:[], old=null}
2024-10-09 00:14:31,207 [s1@group-9FC63B188219-LeaderElection20] INFO  impl.LeaderElection (LeaderElection.java:logAndReturn(90)) - s1@group-9FC63B188219-LeaderElection20: PRE_VOTE TIMEOUT received 1 response(s) and 2 exception(s):
2024-10-09 00:14:31,207 [s1@group-9FC63B188219-LeaderElection20] INFO  impl.LeaderElection (LeaderElection.java:logAndReturn(94)) -   Response 0: s1<-s3#0:OK-t2
2024-10-09 00:14:31,207 [s1@group-9FC63B188219-LeaderElection20] INFO  impl.LeaderElection (LogUtils.java:infoOrTrace(136)) -   Exception 1: java.util.concurrent.ExecutionException: java.io.IOException: The peer s4 is not alive.
2024-10-09 00:14:31,207 [s1@group-9FC63B188219-LeaderElection20] INFO  impl.LeaderElection (LogUtils.java:infoOrTrace(136)) -   Exception 2: java.util.concurrent.ExecutionException: java.io.IOException: The peer s2 is not alive.
2024-10-09 00:14:31,207 [s1@group-9FC63B188219-LeaderElection20] INFO  impl.LeaderElection (LeaderElection.java:askForVotes(339)) - s1@group-9FC63B188219-LeaderElection20 PRE_VOTE round 130: result TIMEOUT
2024-10-09 00:14:31,207 [s1@group-9FC63B188219-LeaderElection20] INFO  impl.LeaderElection (LeaderElection.java:askForVotes(337)) - s1@group-9FC63B188219-LeaderElection20 PRE_VOTE round 131: submit vote requests at term 2 for conf: {index: 1, cur=peers:[s3|localhost:15172, s4|localhost:15176, s0|localhost:15160, s1|localhost:15164, s2|localhost:15168]|listeners:[], old=null}
2024-10-09 00:14:31,208 [HandlerDaemon-2] INFO  server.RaftServer$Division (RaftServerImpl.java:requestVote(1443)) - s3@group-9FC63B188219: receive requestVote(PRE_VOTE, s1, group-9FC63B188219, 2, (t:2, i:2))
2024-10-09 00:14:31,208 [HandlerDaemon-2] INFO  impl.VoteContext (VoteContext.java:log(49)) - s3@group-9FC63B188219-CANDIDATE: accept PRE_VOTE from s1: our priority 0 <= candidate's priority 0
2024-10-09 00:14:31,208 [HandlerDaemon-2] INFO  server.RaftServer$Division (RaftServerImpl.java:requestVote(1476)) - s3@group-9FC63B188219 replies to PRE_VOTE vote request: s1<-s3#0:OK-t2. Peer's state: s3@group-9FC63B188219:t2, leader=null, voted=s2, raftlog=Memoized:s3@group-9FC63B188219-SegmentedRaftLog:OPENED:c2:last(t:2, i:2), conf=conf: {index: 1, cur=peers:[s3|localhost:15172, s4|localhost:15176, s0|localhost:15160, s1|localhost:15164, s2|localhost:15168]|listeners:[], old=null}
2024-10-09 00:14:31,208 [s1@group-9FC63B188219-LeaderElection20] INFO  impl.LeaderElection (LogUtils.java:infoOrTrace(136)) - s1@group-9FC63B188219-LeaderElection20 got exception when requesting votes: java.util.concurrent.ExecutionException: java.io.IOException: The peer s4 is not alive.
2024-10-09 00:14:31,208 [s1@group-9FC63B188219-LeaderElection20] INFO  impl.LeaderElection (LogUtils.java:infoOrTrace(136)) - s1@group-9FC63B188219-LeaderElection20 got exception when requesting votes: java.util.concurrent.ExecutionException: java.io.IOException: The peer s2 is not alive.
2024-10-09 00:14:31,278 [s3@group-9FC63B188219-LeaderElection21] INFO  impl.LeaderElection (LeaderElection.java:logAndReturn(90)) - s3@group-9FC63B188219-LeaderElection21: PRE_VOTE TIMEOUT received 1 response(s) and 2 exception(s):
2024-10-09 00:14:31,278 [s3@group-9FC63B188219-LeaderElection21] INFO  impl.LeaderElection (LeaderElection.java:logAndReturn(94)) -   Response 0: s3<-s1#0:OK-t2
2024-10-09 00:14:31,278 [s3@group-9FC63B188219-LeaderElection21] INFO  impl.LeaderElection (LogUtils.java:infoOrTrace(136)) -   Exception 1: java.util.concurrent.ExecutionException: java.io.IOException: The peer s4 is not alive.
2024-10-09 00:14:31,278 [s3@group-9FC63B188219-LeaderElection21] INFO  impl.LeaderElection (LogUtils.java:infoOrTrace(136)) -   Exception 2: java.util.concurrent.ExecutionException: java.io.IOException: The peer s2 is not alive.
2024-10-09 00:14:31,278 [s3@group-9FC63B188219-LeaderElection21] INFO  impl.LeaderElection (LeaderElection.java:askForVotes(339)) - s3@group-9FC63B188219-LeaderElection21 PRE_VOTE round 114: result TIMEOUT
2024-10-09 00:14:31,279 [s3@group-9FC63B188219-LeaderElection21] INFO  impl.LeaderElection (LeaderElection.java:askForVotes(337)) - s3@group-9FC63B188219-LeaderElection21 PRE_VOTE round 115: submit vote requests at term 2 for conf: {index: 1, cur=peers:[s3|localhost:15172, s4|localhost:15176, s0|localhost:15160, s1|localhost:15164, s2|localhost:15168]|listeners:[], old=null}
2024-10-09 00:14:31,279 [HandlerDaemon-1] INFO  server.RaftServer$Division (RaftServerImpl.java:requestVote(1443)) - s1@group-9FC63B188219: receive requestVote(PRE_VOTE, s3, group-9FC63B188219, 2, (t:2, i:2))
2024-10-09 00:14:31,279 [s3@group-9FC63B188219-LeaderElection21] INFO  impl.LeaderElection (LogUtils.java:infoOrTrace(136)) - s3@group-9FC63B188219-LeaderElection21 got exception when requesting votes: java.util.concurrent.ExecutionException: java.io.IOException: The peer s4 is not alive.
2024-10-09 00:14:31,279 [s3@group-9FC63B188219-LeaderElection21] INFO  impl.LeaderElection (LogUtils.java:infoOrTrace(136)) - s3@group-9FC63B188219-LeaderElection21 got exception when requesting votes: java.util.concurrent.ExecutionException: java.io.IOException: The peer s2 is not alive.
2024-10-09 00:14:31,279 [HandlerDaemon-1] INFO  impl.VoteContext (VoteContext.java:log(49)) - s1@group-9FC63B188219-CANDIDATE: accept PRE_VOTE from s3: our priority 0 <= candidate's priority 0
2024-10-09 00:14:31,279 [HandlerDaemon-1] INFO  server.RaftServer$Division (RaftServerImpl.java:requestVote(1476)) - s1@group-9FC63B188219 replies to PRE_VOTE vote request: s3<-s1#0:OK-t2. Peer's state: s1@group-9FC63B188219:t2, leader=null, voted=s2, raftlog=Memoized:s1@group-9FC63B188219-SegmentedRaftLog:OPENED:c2:last(t:2, i:2), conf=conf: {index: 1, cur=peers:[s3|localhost:15172, s4|localhost:15176, s0|localhost:15160, s1|localhost:15164, s2|localhost:15168]|listeners:[], old=null}
2024-10-09 00:14:31,423 [s1@group-9FC63B188219-LeaderElection20] INFO  impl.LeaderElection (LeaderElection.java:logAndReturn(90)) - s1@group-9FC63B188219-LeaderElection20: PRE_VOTE TIMEOUT received 1 response(s) and 2 exception(s):
2024-10-09 00:14:31,423 [s1@group-9FC63B188219-LeaderElection20] INFO  impl.LeaderElection (LeaderElection.java:logAndReturn(94)) -   Response 0: s1<-s3#0:OK-t2
2024-10-09 00:14:31,423 [s1@group-9FC63B188219-LeaderElection20] INFO  impl.LeaderElection (LogUtils.java:infoOrTrace(136)) -   Exception 1: java.util.concurrent.ExecutionException: java.io.IOException: The peer s4 is not alive.
2024-10-09 00:14:31,423 [s1@group-9FC63B188219-LeaderElection20] INFO  impl.LeaderElection (LogUtils.java:infoOrTrace(136)) -   Exception 2: java.util.concurrent.ExecutionException: java.io.IOException: The peer s2 is not alive.
2024-10-09 00:14:31,423 [s1@group-9FC63B188219-LeaderElection20] INFO  impl.LeaderElection (LeaderElection.java:askForVotes(339)) - s1@group-9FC63B188219-LeaderElection20 PRE_VOTE round 131: result TIMEOUT
2024-10-09 00:14:31,423 [s1@group-9FC63B188219-LeaderElection20] INFO  impl.LeaderElection (LeaderElection.java:askForVotes(337)) - s1@group-9FC63B188219-LeaderElection20 PRE_VOTE round 132: submit vote requests at term 2 for conf: {index: 1, cur=peers:[s3|localhost:15172, s4|localhost:15176, s0|localhost:15160, s1|localhost:15164, s2|localhost:15168]|listeners:[], old=null}
2024-10-09 00:14:31,423 [HandlerDaemon-0] INFO  server.RaftServer$Division (RaftServerImpl.java:requestVote(1443)) - s3@group-9FC63B188219: receive requestVote(PRE_VOTE, s1, group-9FC63B188219, 2, (t:2, i:2))
2024-10-09 00:14:31,424 [HandlerDaemon-0] INFO  impl.VoteContext (VoteContext.java:log(49)) - s3@group-9FC63B188219-CANDIDATE: accept PRE_VOTE from s1: our priority 0 <= candidate's priority 0
2024-10-09 00:14:31,424 [HandlerDaemon-0] INFO  server.RaftServer$Division (RaftServerImpl.java:requestVote(1476)) - s3@group-9FC63B188219 replies to PRE_VOTE vote request: s1<-s3#0:OK-t2. Peer's state: s3@group-9FC63B188219:t2, leader=null, voted=s2, raftlog=Memoized:s3@group-9FC63B188219-SegmentedRaftLog:OPENED:c2:last(t:2, i:2), conf=conf: {index: 1, cur=peers:[s3|localhost:15172, s4|localhost:15176, s0|localhost:15160, s1|localhost:15164, s2|localhost:15168]|listeners:[], old=null}
2024-10-09 00:14:31,424 [s1@group-9FC63B188219-LeaderElection20] INFO  impl.LeaderElection (LogUtils.java:infoOrTrace(136)) - s1@group-9FC63B188219-LeaderElection20 got exception when requesting votes: java.util.concurrent.ExecutionException: java.io.IOException: The peer s4 is not alive.
2024-10-09 00:14:31,424 [s1@group-9FC63B188219-LeaderElection20] INFO  impl.LeaderElection (LogUtils.java:infoOrTrace(136)) - s1@group-9FC63B188219-LeaderElection20 got exception when requesting votes: java.util.concurrent.ExecutionException: java.io.IOException: The peer s2 is not alive.
2024-10-09 00:14:31,522 [main] WARN  ratis.RaftTestUtil (RaftTestUtil.java:lambda$waitForLeader$3(126)) - Attempt #68 failed: java.lang.IllegalStateException: No leader yet : printing ALL groups
  s3:  RUNNING CANDIDATE s3@group-9FC63B188219:t2, leader=null, voted=s2, raftlog=Memoized:s3@group-9FC63B188219-SegmentedRaftLog:OPENED:c2:last(t:2, i:2), conf=conf: {index: 1, cur=peers:[s3|localhost:15172, s4|localhost:15176, s0|localhost:15160, s1|localhost:15164, s2|localhost:15168]|listeners:[], old=null} RUNNING
  s4:   CLOSED    LEADER s4@group-9FC63B188219:t1, leader=s4, voted=s4, raftlog=Memoized:s4@group-9FC63B188219-SegmentedRaftLog:CLOSED:c0, conf=conf: {index: 0, cur=peers:[s3|localhost:15172, s4|localhost:15176, s0|localhost:15160, s1|localhost:15164, s2|localhost:15168]|listeners:[], old=null} CLOSED
  s0:  RUNNING  FOLLOWER s0@group-9FC63B188219:t1, leader=null, voted=null, raftlog=Memoized:s0@group-9FC63B188219-SegmentedRaftLog:OPENED:c-1:lastnull, conf=conf: {index: -1, cur=peers:[s3|localhost:15172, s4|localhost:15176, s0|localhost:15160, s1|localhost:15164, s2|localhost:15168]|listeners:[], old=null} RUNNING
  s1:  RUNNING CANDIDATE s1@group-9FC63B188219:t2, leader=null, voted=s2, raftlog=Memoized:s1@group-9FC63B188219-SegmentedRaftLog:OPENED:c2:last(t:2, i:2), conf=conf: {index: 1, cur=peers:[s3|localhost:15172, s4|localhost:15176, s0|localhost:15160, s1|localhost:15164, s2|localhost:15168]|listeners:[], old=null} RUNNING
  s2:   CLOSED    LEADER s2@group-9FC63B188219:t2, leader=s2, voted=s2, raftlog=Memoized:s2@group-9FC63B188219-SegmentedRaftLog:CLOSED:c2, conf=conf: {index: 1, cur=peers:[s3|localhost:15172, s4|localhost:15176, s0|localhost:15160, s1|localhost:15164, s2|localhost:15168]|listeners:[], old=null} CLOSED
2024-10-09 00:14:31,572 [s3@group-9FC63B188219-LeaderElection21] INFO  impl.LeaderElection (LeaderElection.java:logAndReturn(90)) - s3@group-9FC63B188219-LeaderElection21: PRE_VOTE TIMEOUT received 1 response(s) and 2 exception(s):
2024-10-09 00:14:31,572 [s3@group-9FC63B188219-LeaderElection21] INFO  impl.LeaderElection (LeaderElection.java:logAndReturn(94)) -   Response 0: s3<-s1#0:OK-t2
2024-10-09 00:14:31,572 [s3@group-9FC63B188219-LeaderElection21] INFO  impl.LeaderElection (LogUtils.java:infoOrTrace(136)) -   Exception 1: java.util.concurrent.ExecutionException: java.io.IOException: The peer s4 is not alive.
2024-10-09 00:14:31,572 [s3@group-9FC63B188219-LeaderElection21] INFO  impl.LeaderElection (LogUtils.java:infoOrTrace(136)) -   Exception 2: java.util.concurrent.ExecutionException: java.io.IOException: The peer s2 is not alive.
2024-10-09 00:14:31,572 [s3@group-9FC63B188219-LeaderElection21] INFO  impl.LeaderElection (LeaderElection.java:askForVotes(339)) - s3@group-9FC63B188219-LeaderElection21 PRE_VOTE round 115: result TIMEOUT
2024-10-09 00:14:31,572 [s3@group-9FC63B188219-LeaderElection21] INFO  impl.LeaderElection (LeaderElection.java:askForVotes(337)) - s3@group-9FC63B188219-LeaderElection21 PRE_VOTE round 116: submit vote requests at term 2 for conf: {index: 1, cur=peers:[s3|localhost:15172, s4|localhost:15176, s0|localhost:15160, s1|localhost:15164, s2|localhost:15168]|listeners:[], old=null}
2024-10-09 00:14:31,573 [HandlerDaemon-2] INFO  server.RaftServer$Division (RaftServerImpl.java:requestVote(1443)) - s1@group-9FC63B188219: receive requestVote(PRE_VOTE, s3, group-9FC63B188219, 2, (t:2, i:2))
2024-10-09 00:14:31,573 [s3@group-9FC63B188219-LeaderElection21] INFO  impl.LeaderElection (LogUtils.java:infoOrTrace(136)) - s3@group-9FC63B188219-LeaderElection21 got exception when requesting votes: java.util.concurrent.ExecutionException: java.io.IOException: The peer s4 is not alive.
2024-10-09 00:14:31,573 [HandlerDaemon-2] INFO  impl.VoteContext (VoteContext.java:log(49)) - s1@group-9FC63B188219-CANDIDATE: accept PRE_VOTE from s3: our priority 0 <= candidate's priority 0
2024-10-09 00:14:31,573 [s3@group-9FC63B188219-LeaderElection21] INFO  impl.LeaderElection (LogUtils.java:infoOrTrace(136)) - s3@group-9FC63B188219-LeaderElection21 got exception when requesting votes: java.util.concurrent.ExecutionException: java.io.IOException: The peer s2 is not alive.
2024-10-09 00:14:31,573 [HandlerDaemon-2] INFO  server.RaftServer$Division (RaftServerImpl.java:requestVote(1476)) - s1@group-9FC63B188219 replies to PRE_VOTE vote request: s3<-s1#0:OK-t2. Peer's state: s1@group-9FC63B188219:t2, leader=null, voted=s2, raftlog=Memoized:s1@group-9FC63B188219-SegmentedRaftLog:OPENED:c2:last(t:2, i:2), conf=conf: {index: 1, cur=peers:[s3|localhost:15172, s4|localhost:15176, s0|localhost:15160, s1|localhost:15164, s2|localhost:15168]|listeners:[], old=null}
2024-10-09 00:14:31,654 [s1@group-9FC63B188219-LeaderElection20] INFO  impl.LeaderElection (LeaderElection.java:logAndReturn(90)) - s1@group-9FC63B188219-LeaderElection20: PRE_VOTE TIMEOUT received 1 response(s) and 2 exception(s):
2024-10-09 00:14:31,654 [s1@group-9FC63B188219-LeaderElection20] INFO  impl.LeaderElection (LeaderElection.java:logAndReturn(94)) -   Response 0: s1<-s3#0:OK-t2
2024-10-09 00:14:31,654 [s1@group-9FC63B188219-LeaderElection20] INFO  impl.LeaderElection (LogUtils.java:infoOrTrace(136)) -   Exception 1: java.util.concurrent.ExecutionException: java.io.IOException: The peer s4 is not alive.
2024-10-09 00:14:31,654 [s1@group-9FC63B188219-LeaderElection20] INFO  impl.LeaderElection (LogUtils.java:infoOrTrace(136)) -   Exception 2: java.util.concurrent.ExecutionException: java.io.IOException: The peer s2 is not alive.
2024-10-09 00:14:31,654 [s1@group-9FC63B188219-LeaderElection20] INFO  impl.LeaderElection (LeaderElection.java:askForVotes(339)) - s1@group-9FC63B188219-LeaderElection20 PRE_VOTE round 132: result TIMEOUT
2024-10-09 00:14:31,654 [s1@group-9FC63B188219-LeaderElection20] INFO  impl.LeaderElection (LeaderElection.java:askForVotes(337)) - s1@group-9FC63B188219-LeaderElection20 PRE_VOTE round 133: submit vote requests at term 2 for conf: {index: 1, cur=peers:[s3|localhost:15172, s4|localhost:15176, s0|localhost:15160, s1|localhost:15164, s2|localhost:15168]|listeners:[], old=null}
2024-10-09 00:14:31,654 [HandlerDaemon-1] INFO  server.RaftServer$Division (RaftServerImpl.java:requestVote(1443)) - s3@group-9FC63B188219: receive requestVote(PRE_VOTE, s1, group-9FC63B188219, 2, (t:2, i:2))
2024-10-09 00:14:31,654 [HandlerDaemon-1] INFO  impl.VoteContext (VoteContext.java:log(49)) - s3@group-9FC63B188219-CANDIDATE: accept PRE_VOTE from s1: our priority 0 <= candidate's priority 0
2024-10-09 00:14:31,654 [s1@group-9FC63B188219-LeaderElection20] INFO  impl.LeaderElection (LogUtils.java:infoOrTrace(136)) - s1@group-9FC63B188219-LeaderElection20 got exception when requesting votes: java.util.concurrent.ExecutionException: java.io.IOException: The peer s4 is not alive.
2024-10-09 00:14:31,655 [HandlerDaemon-1] INFO  server.RaftServer$Division (RaftServerImpl.java:requestVote(1476)) - s3@group-9FC63B188219 replies to PRE_VOTE vote request: s1<-s3#0:OK-t2. Peer's state: s3@group-9FC63B188219:t2, leader=null, voted=s2, raftlog=Memoized:s3@group-9FC63B188219-SegmentedRaftLog:OPENED:c2:last(t:2, i:2), conf=conf: {index: 1, cur=peers:[s3|localhost:15172, s4|localhost:15176, s0|localhost:15160, s1|localhost:15164, s2|localhost:15168]|listeners:[], old=null}
2024-10-09 00:14:31,655 [s1@group-9FC63B188219-LeaderElection20] INFO  impl.LeaderElection (LogUtils.java:infoOrTrace(136)) - s1@group-9FC63B188219-LeaderElection20 got exception when requesting votes: java.util.concurrent.ExecutionException: java.io.IOException: The peer s2 is not alive.
2024-10-09 00:14:31,776 [s3@group-9FC63B188219-LeaderElection21] INFO  impl.LeaderElection (LeaderElection.java:logAndReturn(90)) - s3@group-9FC63B188219-LeaderElection21: PRE_VOTE TIMEOUT received 1 response(s) and 2 exception(s):
2024-10-09 00:14:31,776 [s3@group-9FC63B188219-LeaderElection21] INFO  impl.LeaderElection (LeaderElection.java:logAndReturn(94)) -   Response 0: s3<-s1#0:OK-t2
2024-10-09 00:14:31,776 [s3@group-9FC63B188219-LeaderElection21] INFO  impl.LeaderElection (LogUtils.java:infoOrTrace(136)) -   Exception 1: java.util.concurrent.ExecutionException: java.io.IOException: The peer s4 is not alive.
2024-10-09 00:14:31,776 [s3@group-9FC63B188219-LeaderElection21] INFO  impl.LeaderElection (LogUtils.java:infoOrTrace(136)) -   Exception 2: java.util.concurrent.ExecutionException: java.io.IOException: The peer s2 is not alive.
2024-10-09 00:14:31,776 [s3@group-9FC63B188219-LeaderElection21] INFO  impl.LeaderElection (LeaderElection.java:askForVotes(339)) - s3@group-9FC63B188219-LeaderElection21 PRE_VOTE round 116: result TIMEOUT
2024-10-09 00:14:31,776 [s3@group-9FC63B188219-LeaderElection21] INFO  impl.LeaderElection (LeaderElection.java:askForVotes(337)) - s3@group-9FC63B188219-LeaderElection21 PRE_VOTE round 117: submit vote requests at term 2 for conf: {index: 1, cur=peers:[s3|localhost:15172, s4|localhost:15176, s0|localhost:15160, s1|localhost:15164, s2|localhost:15168]|listeners:[], old=null}
2024-10-09 00:14:31,777 [HandlerDaemon-0] INFO  server.RaftServer$Division (RaftServerImpl.java:requestVote(1443)) - s1@group-9FC63B188219: receive requestVote(PRE_VOTE, s3, group-9FC63B188219, 2, (t:2, i:2))
2024-10-09 00:14:31,777 [s3@group-9FC63B188219-LeaderElection21] INFO  impl.LeaderElection (LogUtils.java:infoOrTrace(136)) - s3@group-9FC63B188219-LeaderElection21 got exception when requesting votes: java.util.concurrent.ExecutionException: java.io.IOException: The peer s4 is not alive.
2024-10-09 00:14:31,777 [s3@group-9FC63B188219-LeaderElection21] INFO  impl.LeaderElection (LogUtils.java:infoOrTrace(136)) - s3@group-9FC63B188219-LeaderElection21 got exception when requesting votes: java.util.concurrent.ExecutionException: java.io.IOException: The peer s2 is not alive.
2024-10-09 00:14:31,777 [HandlerDaemon-0] INFO  impl.VoteContext (VoteContext.java:log(49)) - s1@group-9FC63B188219-CANDIDATE: accept PRE_VOTE from s3: our priority 0 <= candidate's priority 0
2024-10-09 00:14:31,777 [HandlerDaemon-0] INFO  server.RaftServer$Division (RaftServerImpl.java:requestVote(1476)) - s1@group-9FC63B188219 replies to PRE_VOTE vote request: s3<-s1#0:OK-t2. Peer's state: s1@group-9FC63B188219:t2, leader=null, voted=s2, raftlog=Memoized:s1@group-9FC63B188219-SegmentedRaftLog:OPENED:c2:last(t:2, i:2), conf=conf: {index: 1, cur=peers:[s3|localhost:15172, s4|localhost:15176, s0|localhost:15160, s1|localhost:15164, s2|localhost:15168]|listeners:[], old=null}
2024-10-09 00:14:31,819 [s1@group-9FC63B188219-LeaderElection20] INFO  impl.LeaderElection (LeaderElection.java:logAndReturn(90)) - s1@group-9FC63B188219-LeaderElection20: PRE_VOTE TIMEOUT received 1 response(s) and 2 exception(s):
2024-10-09 00:14:31,819 [s1@group-9FC63B188219-LeaderElection20] INFO  impl.LeaderElection (LeaderElection.java:logAndReturn(94)) -   Response 0: s1<-s3#0:OK-t2
2024-10-09 00:14:31,819 [s1@group-9FC63B188219-LeaderElection20] INFO  impl.LeaderElection (LogUtils.java:infoOrTrace(136)) -   Exception 1: java.util.concurrent.ExecutionException: java.io.IOException: The peer s4 is not alive.
2024-10-09 00:14:31,819 [s1@group-9FC63B188219-LeaderElection20] INFO  impl.LeaderElection (LogUtils.java:infoOrTrace(136)) -   Exception 2: java.util.concurrent.ExecutionException: java.io.IOException: The peer s2 is not alive.
2024-10-09 00:14:31,819 [s1@group-9FC63B188219-LeaderElection20] INFO  impl.LeaderElection (LeaderElection.java:askForVotes(339)) - s1@group-9FC63B188219-LeaderElection20 PRE_VOTE round 133: result TIMEOUT
2024-10-09 00:14:31,819 [s1@group-9FC63B188219-LeaderElection20] INFO  impl.LeaderElection (LeaderElection.java:askForVotes(337)) - s1@group-9FC63B188219-LeaderElection20 PRE_VOTE round 134: submit vote requests at term 2 for conf: {index: 1, cur=peers:[s3|localhost:15172, s4|localhost:15176, s0|localhost:15160, s1|localhost:15164, s2|localhost:15168]|listeners:[], old=null}
2024-10-09 00:14:31,819 [HandlerDaemon-2] INFO  server.RaftServer$Division (RaftServerImpl.java:requestVote(1443)) - s3@group-9FC63B188219: receive requestVote(PRE_VOTE, s1, group-9FC63B188219, 2, (t:2, i:2))
2024-10-09 00:14:31,819 [HandlerDaemon-2] INFO  impl.VoteContext (VoteContext.java:log(49)) - s3@group-9FC63B188219-CANDIDATE: accept PRE_VOTE from s1: our priority 0 <= candidate's priority 0
2024-10-09 00:14:31,819 [HandlerDaemon-2] INFO  server.RaftServer$Division (RaftServerImpl.java:requestVote(1476)) - s3@group-9FC63B188219 replies to PRE_VOTE vote request: s1<-s3#0:OK-t2. Peer's state: s3@group-9FC63B188219:t2, leader=null, voted=s2, raftlog=Memoized:s3@group-9FC63B188219-SegmentedRaftLog:OPENED:c2:last(t:2, i:2), conf=conf: {index: 1, cur=peers:[s3|localhost:15172, s4|localhost:15176, s0|localhost:15160, s1|localhost:15164, s2|localhost:15168]|listeners:[], old=null}
2024-10-09 00:14:31,820 [s1@group-9FC63B188219-LeaderElection20] INFO  impl.LeaderElection (LogUtils.java:infoOrTrace(136)) - s1@group-9FC63B188219-LeaderElection20 got exception when requesting votes: java.util.concurrent.ExecutionException: java.io.IOException: The peer s4 is not alive.
2024-10-09 00:14:31,820 [s1@group-9FC63B188219-LeaderElection20] INFO  impl.LeaderElection (LogUtils.java:infoOrTrace(136)) - s1@group-9FC63B188219-LeaderElection20 got exception when requesting votes: java.util.concurrent.ExecutionException: java.io.IOException: The peer s2 is not alive.
2024-10-09 00:14:31,966 [s3@group-9FC63B188219-LeaderElection21] INFO  impl.LeaderElection (LeaderElection.java:logAndReturn(90)) - s3@group-9FC63B188219-LeaderElection21: PRE_VOTE TIMEOUT received 1 response(s) and 2 exception(s):
2024-10-09 00:14:31,966 [s3@group-9FC63B188219-LeaderElection21] INFO  impl.LeaderElection (LeaderElection.java:logAndReturn(94)) -   Response 0: s3<-s1#0:OK-t2
2024-10-09 00:14:31,966 [s3@group-9FC63B188219-LeaderElection21] INFO  impl.LeaderElection (LogUtils.java:infoOrTrace(136)) -   Exception 1: java.util.concurrent.ExecutionException: java.io.IOException: The peer s4 is not alive.
2024-10-09 00:14:31,966 [s3@group-9FC63B188219-LeaderElection21] INFO  impl.LeaderElection (LogUtils.java:infoOrTrace(136)) -   Exception 2: java.util.concurrent.ExecutionException: java.io.IOException: The peer s2 is not alive.
2024-10-09 00:14:31,966 [s3@group-9FC63B188219-LeaderElection21] INFO  impl.LeaderElection (LeaderElection.java:askForVotes(339)) - s3@group-9FC63B188219-LeaderElection21 PRE_VOTE round 117: result TIMEOUT
2024-10-09 00:14:31,966 [s3@group-9FC63B188219-LeaderElection21] INFO  impl.LeaderElection (LeaderElection.java:askForVotes(337)) - s3@group-9FC63B188219-LeaderElection21 PRE_VOTE round 118: submit vote requests at term 2 for conf: {index: 1, cur=peers:[s3|localhost:15172, s4|localhost:15176, s0|localhost:15160, s1|localhost:15164, s2|localhost:15168]|listeners:[], old=null}
2024-10-09 00:14:31,967 [HandlerDaemon-1] INFO  server.RaftServer$Division (RaftServerImpl.java:requestVote(1443)) - s1@group-9FC63B188219: receive requestVote(PRE_VOTE, s3, group-9FC63B188219, 2, (t:2, i:2))
2024-10-09 00:14:31,967 [s3@group-9FC63B188219-LeaderElection21] INFO  impl.LeaderElection (LogUtils.java:infoOrTrace(136)) - s3@group-9FC63B188219-LeaderElection21 got exception when requesting votes: java.util.concurrent.ExecutionException: java.io.IOException: The peer s4 is not alive.
2024-10-09 00:14:31,967 [HandlerDaemon-1] INFO  impl.VoteContext (VoteContext.java:log(49)) - s1@group-9FC63B188219-CANDIDATE: accept PRE_VOTE from s3: our priority 0 <= candidate's priority 0
2024-10-09 00:14:31,967 [s3@group-9FC63B188219-LeaderElection21] INFO  impl.LeaderElection (LogUtils.java:infoOrTrace(136)) - s3@group-9FC63B188219-LeaderElection21 got exception when requesting votes: java.util.concurrent.ExecutionException: java.io.IOException: The peer s2 is not alive.
2024-10-09 00:14:31,967 [HandlerDaemon-1] INFO  server.RaftServer$Division (RaftServerImpl.java:requestVote(1476)) - s1@group-9FC63B188219 replies to PRE_VOTE vote request: s3<-s1#0:OK-t2. Peer's state: s1@group-9FC63B188219:t2, leader=null, voted=s2, raftlog=Memoized:s1@group-9FC63B188219-SegmentedRaftLog:OPENED:c2:last(t:2, i:2), conf=conf: {index: 1, cur=peers:[s3|localhost:15172, s4|localhost:15176, s0|localhost:15160, s1|localhost:15164, s2|localhost:15168]|listeners:[], old=null}
2024-10-09 00:14:31,972 [main] WARN  ratis.RaftTestUtil (RaftTestUtil.java:lambda$waitForLeader$3(126)) - Attempt #69 failed: java.lang.IllegalStateException: No leader yet : printing ALL groups
  s3:  RUNNING CANDIDATE s3@group-9FC63B188219:t2, leader=null, voted=s2, raftlog=Memoized:s3@group-9FC63B188219-SegmentedRaftLog:OPENED:c2:last(t:2, i:2), conf=conf: {index: 1, cur=peers:[s3|localhost:15172, s4|localhost:15176, s0|localhost:15160, s1|localhost:15164, s2|localhost:15168]|listeners:[], old=null} RUNNING
  s4:   CLOSED    LEADER s4@group-9FC63B188219:t1, leader=s4, voted=s4, raftlog=Memoized:s4@group-9FC63B188219-SegmentedRaftLog:CLOSED:c0, conf=conf: {index: 0, cur=peers:[s3|localhost:15172, s4|localhost:15176, s0|localhost:15160, s1|localhost:15164, s2|localhost:15168]|listeners:[], old=null} CLOSED
  s0:  RUNNING  FOLLOWER s0@group-9FC63B188219:t1, leader=null, voted=null, raftlog=Memoized:s0@group-9FC63B188219-SegmentedRaftLog:OPENED:c-1:lastnull, conf=conf: {index: -1, cur=peers:[s3|localhost:15172, s4|localhost:15176, s0|localhost:15160, s1|localhost:15164, s2|localhost:15168]|listeners:[], old=null} RUNNING
  s1:  RUNNING CANDIDATE s1@group-9FC63B188219:t2, leader=null, voted=s2, raftlog=Memoized:s1@group-9FC63B188219-SegmentedRaftLog:OPENED:c2:last(t:2, i:2), conf=conf: {index: 1, cur=peers:[s3|localhost:15172, s4|localhost:15176, s0|localhost:15160, s1|localhost:15164, s2|localhost:15168]|listeners:[], old=null} RUNNING
  s2:   CLOSED    LEADER s2@group-9FC63B188219:t2, leader=s2, voted=s2, raftlog=Memoized:s2@group-9FC63B188219-SegmentedRaftLog:CLOSED:c2, conf=conf: {index: 1, cur=peers:[s3|localhost:15172, s4|localhost:15176, s0|localhost:15160, s1|localhost:15164, s2|localhost:15168]|listeners:[], old=null} CLOSED
2024-10-09 00:14:32,040 [s1@group-9FC63B188219-LeaderElection20] INFO  impl.LeaderElection (LeaderElection.java:logAndReturn(90)) - s1@group-9FC63B188219-LeaderElection20: PRE_VOTE TIMEOUT received 1 response(s) and 2 exception(s):
2024-10-09 00:14:32,040 [s1@group-9FC63B188219-LeaderElection20] INFO  impl.LeaderElection (LeaderElection.java:logAndReturn(94)) -   Response 0: s1<-s3#0:OK-t2
2024-10-09 00:14:32,040 [s1@group-9FC63B188219-LeaderElection20] INFO  impl.LeaderElection (LogUtils.java:infoOrTrace(136)) -   Exception 1: java.util.concurrent.ExecutionException: java.io.IOException: The peer s4 is not alive.
2024-10-09 00:14:32,040 [s1@group-9FC63B188219-LeaderElection20] INFO  impl.LeaderElection (LogUtils.java:infoOrTrace(136)) -   Exception 2: java.util.concurrent.ExecutionException: java.io.IOException: The peer s2 is not alive.
2024-10-09 00:14:32,040 [s1@group-9FC63B188219-LeaderElection20] INFO  impl.LeaderElection (LeaderElection.java:askForVotes(339)) - s1@group-9FC63B188219-LeaderElection20 PRE_VOTE round 134: result TIMEOUT
2024-10-09 00:14:32,040 [s1@group-9FC63B188219-LeaderElection20] INFO  impl.LeaderElection (LeaderElection.java:askForVotes(337)) - s1@group-9FC63B188219-LeaderElection20 PRE_VOTE round 135: submit vote requests at term 2 for conf: {index: 1, cur=peers:[s3|localhost:15172, s4|localhost:15176, s0|localhost:15160, s1|localhost:15164, s2|localhost:15168]|listeners:[], old=null}
2024-10-09 00:14:32,040 [HandlerDaemon-0] INFO  server.RaftServer$Division (RaftServerImpl.java:requestVote(1443)) - s3@group-9FC63B188219: receive requestVote(PRE_VOTE, s1, group-9FC63B188219, 2, (t:2, i:2))
2024-10-09 00:14:32,040 [HandlerDaemon-0] INFO  impl.VoteContext (VoteContext.java:log(49)) - s3@group-9FC63B188219-CANDIDATE: accept PRE_VOTE from s1: our priority 0 <= candidate's priority 0
2024-10-09 00:14:32,040 [s1@group-9FC63B188219-LeaderElection20] INFO  impl.LeaderElection (LogUtils.java:infoOrTrace(136)) - s1@group-9FC63B188219-LeaderElection20 got exception when requesting votes: java.util.concurrent.ExecutionException: java.io.IOException: The peer s4 is not alive.
2024-10-09 00:14:32,040 [HandlerDaemon-0] INFO  server.RaftServer$Division (RaftServerImpl.java:requestVote(1476)) - s3@group-9FC63B188219 replies to PRE_VOTE vote request: s1<-s3#0:OK-t2. Peer's state: s3@group-9FC63B188219:t2, leader=null, voted=s2, raftlog=Memoized:s3@group-9FC63B188219-SegmentedRaftLog:OPENED:c2:last(t:2, i:2), conf=conf: {index: 1, cur=peers:[s3|localhost:15172, s4|localhost:15176, s0|localhost:15160, s1|localhost:15164, s2|localhost:15168]|listeners:[], old=null}
2024-10-09 00:14:32,040 [s1@group-9FC63B188219-LeaderElection20] INFO  impl.LeaderElection (LogUtils.java:infoOrTrace(136)) - s1@group-9FC63B188219-LeaderElection20 got exception when requesting votes: java.util.concurrent.ExecutionException: java.io.IOException: The peer s2 is not alive.
2024-10-09 00:14:32,119 [s3@group-9FC63B188219-LeaderElection21] INFO  impl.LeaderElection (LeaderElection.java:logAndReturn(90)) - s3@group-9FC63B188219-LeaderElection21: PRE_VOTE TIMEOUT received 1 response(s) and 2 exception(s):
2024-10-09 00:14:32,119 [s3@group-9FC63B188219-LeaderElection21] INFO  impl.LeaderElection (LeaderElection.java:logAndReturn(94)) -   Response 0: s3<-s1#0:OK-t2
2024-10-09 00:14:32,119 [s3@group-9FC63B188219-LeaderElection21] INFO  impl.LeaderElection (LogUtils.java:infoOrTrace(136)) -   Exception 1: java.util.concurrent.ExecutionException: java.io.IOException: The peer s4 is not alive.
2024-10-09 00:14:32,119 [s3@group-9FC63B188219-LeaderElection21] INFO  impl.LeaderElection (LogUtils.java:infoOrTrace(136)) -   Exception 2: java.util.concurrent.ExecutionException: java.io.IOException: The peer s2 is not alive.
2024-10-09 00:14:32,119 [s3@group-9FC63B188219-LeaderElection21] INFO  impl.LeaderElection (LeaderElection.java:askForVotes(339)) - s3@group-9FC63B188219-LeaderElection21 PRE_VOTE round 118: result TIMEOUT
2024-10-09 00:14:32,119 [s3@group-9FC63B188219-LeaderElection21] INFO  impl.LeaderElection (LeaderElection.java:askForVotes(337)) - s3@group-9FC63B188219-LeaderElection21 PRE_VOTE round 119: submit vote requests at term 2 for conf: {index: 1, cur=peers:[s3|localhost:15172, s4|localhost:15176, s0|localhost:15160, s1|localhost:15164, s2|localhost:15168]|listeners:[], old=null}
2024-10-09 00:14:32,119 [HandlerDaemon-2] INFO  server.RaftServer$Division (RaftServerImpl.java:requestVote(1443)) - s1@group-9FC63B188219: receive requestVote(PRE_VOTE, s3, group-9FC63B188219, 2, (t:2, i:2))
2024-10-09 00:14:32,119 [s3@group-9FC63B188219-LeaderElection21] INFO  impl.LeaderElection (LogUtils.java:infoOrTrace(136)) - s3@group-9FC63B188219-LeaderElection21 got exception when requesting votes: java.util.concurrent.ExecutionException: java.io.IOException: The peer s4 is not alive.
2024-10-09 00:14:32,119 [HandlerDaemon-2] INFO  impl.VoteContext (VoteContext.java:log(49)) - s1@group-9FC63B188219-CANDIDATE: accept PRE_VOTE from s3: our priority 0 <= candidate's priority 0
2024-10-09 00:14:32,119 [s3@group-9FC63B188219-LeaderElection21] INFO  impl.LeaderElection (LogUtils.java:infoOrTrace(136)) - s3@group-9FC63B188219-LeaderElection21 got exception when requesting votes: java.util.concurrent.ExecutionException: java.io.IOException: The peer s2 is not alive.
2024-10-09 00:14:32,120 [HandlerDaemon-2] INFO  server.RaftServer$Division (RaftServerImpl.java:requestVote(1476)) - s1@group-9FC63B188219 replies to PRE_VOTE vote request: s3<-s1#0:OK-t2. Peer's state: s1@group-9FC63B188219:t2, leader=null, voted=s2, raftlog=Memoized:s1@group-9FC63B188219-SegmentedRaftLog:OPENED:c2:last(t:2, i:2), conf=conf: {index: 1, cur=peers:[s3|localhost:15172, s4|localhost:15176, s0|localhost:15160, s1|localhost:15164, s2|localhost:15168]|listeners:[], old=null}
2024-10-09 00:14:32,273 [s1@group-9FC63B188219-LeaderElection20] INFO  impl.LeaderElection (LeaderElection.java:logAndReturn(90)) - s1@group-9FC63B188219-LeaderElection20: PRE_VOTE TIMEOUT received 1 response(s) and 2 exception(s):
2024-10-09 00:14:32,273 [s1@group-9FC63B188219-LeaderElection20] INFO  impl.LeaderElection (LeaderElection.java:logAndReturn(94)) -   Response 0: s1<-s3#0:OK-t2
2024-10-09 00:14:32,274 [s1@group-9FC63B188219-LeaderElection20] INFO  impl.LeaderElection (LogUtils.java:infoOrTrace(136)) -   Exception 1: java.util.concurrent.ExecutionException: java.io.IOException: The peer s4 is not alive.
2024-10-09 00:14:32,274 [s1@group-9FC63B188219-LeaderElection20] INFO  impl.LeaderElection (LogUtils.java:infoOrTrace(136)) -   Exception 2: java.util.concurrent.ExecutionException: java.io.IOException: The peer s2 is not alive.
2024-10-09 00:14:32,274 [s1@group-9FC63B188219-LeaderElection20] INFO  impl.LeaderElection (LeaderElection.java:askForVotes(339)) - s1@group-9FC63B188219-LeaderElection20 PRE_VOTE round 135: result TIMEOUT
2024-10-09 00:14:32,274 [s1@group-9FC63B188219-LeaderElection20] INFO  impl.LeaderElection (LeaderElection.java:askForVotes(337)) - s1@group-9FC63B188219-LeaderElection20 PRE_VOTE round 136: submit vote requests at term 2 for conf: {index: 1, cur=peers:[s3|localhost:15172, s4|localhost:15176, s0|localhost:15160, s1|localhost:15164, s2|localhost:15168]|listeners:[], old=null}
2024-10-09 00:14:32,274 [HandlerDaemon-1] INFO  server.RaftServer$Division (RaftServerImpl.java:requestVote(1443)) - s3@group-9FC63B188219: receive requestVote(PRE_VOTE, s1, group-9FC63B188219, 2, (t:2, i:2))
2024-10-09 00:14:32,274 [HandlerDaemon-1] INFO  impl.VoteContext (VoteContext.java:log(49)) - s3@group-9FC63B188219-CANDIDATE: accept PRE_VOTE from s1: our priority 0 <= candidate's priority 0
2024-10-09 00:14:32,274 [HandlerDaemon-1] INFO  server.RaftServer$Division (RaftServerImpl.java:requestVote(1476)) - s3@group-9FC63B188219 replies to PRE_VOTE vote request: s1<-s3#0:OK-t2. Peer's state: s3@group-9FC63B188219:t2, leader=null, voted=s2, raftlog=Memoized:s3@group-9FC63B188219-SegmentedRaftLog:OPENED:c2:last(t:2, i:2), conf=conf: {index: 1, cur=peers:[s3|localhost:15172, s4|localhost:15176, s0|localhost:15160, s1|localhost:15164, s2|localhost:15168]|listeners:[], old=null}
2024-10-09 00:14:32,274 [s1@group-9FC63B188219-LeaderElection20] INFO  impl.LeaderElection (LogUtils.java:infoOrTrace(136)) - s1@group-9FC63B188219-LeaderElection20 got exception when requesting votes: java.util.concurrent.ExecutionException: java.io.IOException: The peer s4 is not alive.
2024-10-09 00:14:32,274 [s1@group-9FC63B188219-LeaderElection20] INFO  impl.LeaderElection (LogUtils.java:infoOrTrace(136)) - s1@group-9FC63B188219-LeaderElection20 got exception when requesting votes: java.util.concurrent.ExecutionException: java.io.IOException: The peer s2 is not alive.
2024-10-09 00:14:32,361 [s3@group-9FC63B188219-LeaderElection21] INFO  impl.LeaderElection (LeaderElection.java:logAndReturn(90)) - s3@group-9FC63B188219-LeaderElection21: PRE_VOTE TIMEOUT received 1 response(s) and 2 exception(s):
2024-10-09 00:14:32,361 [s3@group-9FC63B188219-LeaderElection21] INFO  impl.LeaderElection (LeaderElection.java:logAndReturn(94)) -   Response 0: s3<-s1#0:OK-t2
2024-10-09 00:14:32,362 [s3@group-9FC63B188219-LeaderElection21] INFO  impl.LeaderElection (LogUtils.java:infoOrTrace(136)) -   Exception 1: java.util.concurrent.ExecutionException: java.io.IOException: The peer s4 is not alive.
2024-10-09 00:14:32,362 [s3@group-9FC63B188219-LeaderElection21] INFO  impl.LeaderElection (LogUtils.java:infoOrTrace(136)) -   Exception 2: java.util.concurrent.ExecutionException: java.io.IOException: The peer s2 is not alive.
2024-10-09 00:14:32,362 [s3@group-9FC63B188219-LeaderElection21] INFO  impl.LeaderElection (LeaderElection.java:askForVotes(339)) - s3@group-9FC63B188219-LeaderElection21 PRE_VOTE round 119: result TIMEOUT
2024-10-09 00:14:32,362 [s3@group-9FC63B188219-LeaderElection21] INFO  impl.LeaderElection (LeaderElection.java:askForVotes(337)) - s3@group-9FC63B188219-LeaderElection21 PRE_VOTE round 120: submit vote requests at term 2 for conf: {index: 1, cur=peers:[s3|localhost:15172, s4|localhost:15176, s0|localhost:15160, s1|localhost:15164, s2|localhost:15168]|listeners:[], old=null}
2024-10-09 00:14:32,362 [HandlerDaemon-0] INFO  server.RaftServer$Division (RaftServerImpl.java:requestVote(1443)) - s1@group-9FC63B188219: receive requestVote(PRE_VOTE, s3, group-9FC63B188219, 2, (t:2, i:2))
2024-10-09 00:14:32,362 [HandlerDaemon-0] INFO  impl.VoteContext (VoteContext.java:log(49)) - s1@group-9FC63B188219-CANDIDATE: accept PRE_VOTE from s3: our priority 0 <= candidate's priority 0
2024-10-09 00:14:32,362 [HandlerDaemon-0] INFO  server.RaftServer$Division (RaftServerImpl.java:requestVote(1476)) - s1@group-9FC63B188219 replies to PRE_VOTE vote request: s3<-s1#0:OK-t2. Peer's state: s1@group-9FC63B188219:t2, leader=null, voted=s2, raftlog=Memoized:s1@group-9FC63B188219-SegmentedRaftLog:OPENED:c2:last(t:2, i:2), conf=conf: {index: 1, cur=peers:[s3|localhost:15172, s4|localhost:15176, s0|localhost:15160, s1|localhost:15164, s2|localhost:15168]|listeners:[], old=null}
2024-10-09 00:14:32,362 [s3@group-9FC63B188219-LeaderElection21] INFO  impl.LeaderElection (LogUtils.java:infoOrTrace(136)) - s3@group-9FC63B188219-LeaderElection21 got exception when requesting votes: java.util.concurrent.ExecutionException: java.io.IOException: The peer s4 is not alive.
2024-10-09 00:14:32,362 [s3@group-9FC63B188219-LeaderElection21] INFO  impl.LeaderElection (LogUtils.java:infoOrTrace(136)) - s3@group-9FC63B188219-LeaderElection21 got exception when requesting votes: java.util.concurrent.ExecutionException: java.io.IOException: The peer s2 is not alive.
2024-10-09 00:14:32,422 [main] WARN  ratis.RaftTestUtil (RaftTestUtil.java:lambda$waitForLeader$3(126)) - Attempt #70 failed: java.lang.IllegalStateException: No leader yet : printing ALL groups
  s3:  RUNNING CANDIDATE s3@group-9FC63B188219:t2, leader=null, voted=s2, raftlog=Memoized:s3@group-9FC63B188219-SegmentedRaftLog:OPENED:c2:last(t:2, i:2), conf=conf: {index: 1, cur=peers:[s3|localhost:15172, s4|localhost:15176, s0|localhost:15160, s1|localhost:15164, s2|localhost:15168]|listeners:[], old=null} RUNNING
  s4:   CLOSED    LEADER s4@group-9FC63B188219:t1, leader=s4, voted=s4, raftlog=Memoized:s4@group-9FC63B188219-SegmentedRaftLog:CLOSED:c0, conf=conf: {index: 0, cur=peers:[s3|localhost:15172, s4|localhost:15176, s0|localhost:15160, s1|localhost:15164, s2|localhost:15168]|listeners:[], old=null} CLOSED
  s0:  RUNNING  FOLLOWER s0@group-9FC63B188219:t1, leader=null, voted=null, raftlog=Memoized:s0@group-9FC63B188219-SegmentedRaftLog:OPENED:c-1:lastnull, conf=conf: {index: -1, cur=peers:[s3|localhost:15172, s4|localhost:15176, s0|localhost:15160, s1|localhost:15164, s2|localhost:15168]|listeners:[], old=null} RUNNING
  s1:  RUNNING CANDIDATE s1@group-9FC63B188219:t2, leader=null, voted=s2, raftlog=Memoized:s1@group-9FC63B188219-SegmentedRaftLog:OPENED:c2:last(t:2, i:2), conf=conf: {index: 1, cur=peers:[s3|localhost:15172, s4|localhost:15176, s0|localhost:15160, s1|localhost:15164, s2|localhost:15168]|listeners:[], old=null} RUNNING
  s2:   CLOSED    LEADER s2@group-9FC63B188219:t2, leader=s2, voted=s2, raftlog=Memoized:s2@group-9FC63B188219-SegmentedRaftLog:CLOSED:c2, conf=conf: {index: 1, cur=peers:[s3|localhost:15172, s4|localhost:15176, s0|localhost:15160, s1|localhost:15164, s2|localhost:15168]|listeners:[], old=null} CLOSED
2024-10-09 00:14:32,548 [s1@group-9FC63B188219-LeaderElection20] INFO  impl.LeaderElection (LeaderElection.java:logAndReturn(90)) - s1@group-9FC63B188219-LeaderElection20: PRE_VOTE TIMEOUT received 1 response(s) and 2 exception(s):
2024-10-09 00:14:32,548 [s1@group-9FC63B188219-LeaderElection20] INFO  impl.LeaderElection (LeaderElection.java:logAndReturn(94)) -   Response 0: s1<-s3#0:OK-t2
2024-10-09 00:14:32,548 [s1@group-9FC63B188219-LeaderElection20] INFO  impl.LeaderElection (LogUtils.java:infoOrTrace(136)) -   Exception 1: java.util.concurrent.ExecutionException: java.io.IOException: The peer s4 is not alive.
2024-10-09 00:14:32,548 [s1@group-9FC63B188219-LeaderElection20] INFO  impl.LeaderElection (LogUtils.java:infoOrTrace(136)) -   Exception 2: java.util.concurrent.ExecutionException: java.io.IOException: The peer s2 is not alive.
2024-10-09 00:14:32,548 [s1@group-9FC63B188219-LeaderElection20] INFO  impl.LeaderElection (LeaderElection.java:askForVotes(339)) - s1@group-9FC63B188219-LeaderElection20 PRE_VOTE round 136: result TIMEOUT
2024-10-09 00:14:32,548 [s1@group-9FC63B188219-LeaderElection20] INFO  impl.LeaderElection (LeaderElection.java:askForVotes(337)) - s1@group-9FC63B188219-LeaderElection20 PRE_VOTE round 137: submit vote requests at term 2 for conf: {index: 1, cur=peers:[s3|localhost:15172, s4|localhost:15176, s0|localhost:15160, s1|localhost:15164, s2|localhost:15168]|listeners:[], old=null}
2024-10-09 00:14:32,549 [HandlerDaemon-2] INFO  server.RaftServer$Division (RaftServerImpl.java:requestVote(1443)) - s3@group-9FC63B188219: receive requestVote(PRE_VOTE, s1, group-9FC63B188219, 2, (t:2, i:2))
2024-10-09 00:14:32,549 [HandlerDaemon-2] INFO  impl.VoteContext (VoteContext.java:log(49)) - s3@group-9FC63B188219-CANDIDATE: accept PRE_VOTE from s1: our priority 0 <= candidate's priority 0
2024-10-09 00:14:32,549 [s1@group-9FC63B188219-LeaderElection20] INFO  impl.LeaderElection (LogUtils.java:infoOrTrace(136)) - s1@group-9FC63B188219-LeaderElection20 got exception when requesting votes: java.util.concurrent.ExecutionException: java.io.IOException: The peer s4 is not alive.
2024-10-09 00:14:32,549 [HandlerDaemon-2] INFO  server.RaftServer$Division (RaftServerImpl.java:requestVote(1476)) - s3@group-9FC63B188219 replies to PRE_VOTE vote request: s1<-s3#0:OK-t2. Peer's state: s3@group-9FC63B188219:t2, leader=null, voted=s2, raftlog=Memoized:s3@group-9FC63B188219-SegmentedRaftLog:OPENED:c2:last(t:2, i:2), conf=conf: {index: 1, cur=peers:[s3|localhost:15172, s4|localhost:15176, s0|localhost:15160, s1|localhost:15164, s2|localhost:15168]|listeners:[], old=null}
2024-10-09 00:14:32,549 [s1@group-9FC63B188219-LeaderElection20] INFO  impl.LeaderElection (LogUtils.java:infoOrTrace(136)) - s1@group-9FC63B188219-LeaderElection20 got exception when requesting votes: java.util.concurrent.ExecutionException: java.io.IOException: The peer s2 is not alive.
2024-10-09 00:14:32,615 [s3@group-9FC63B188219-LeaderElection21] INFO  impl.LeaderElection (LeaderElection.java:logAndReturn(90)) - s3@group-9FC63B188219-LeaderElection21: PRE_VOTE TIMEOUT received 1 response(s) and 2 exception(s):
2024-10-09 00:14:32,615 [s3@group-9FC63B188219-LeaderElection21] INFO  impl.LeaderElection (LeaderElection.java:logAndReturn(94)) -   Response 0: s3<-s1#0:OK-t2
2024-10-09 00:14:32,616 [s3@group-9FC63B188219-LeaderElection21] INFO  impl.LeaderElection (LogUtils.java:infoOrTrace(136)) -   Exception 1: java.util.concurrent.ExecutionException: java.io.IOException: The peer s4 is not alive.
2024-10-09 00:14:32,616 [s3@group-9FC63B188219-LeaderElection21] INFO  impl.LeaderElection (LogUtils.java:infoOrTrace(136)) -   Exception 2: java.util.concurrent.ExecutionException: java.io.IOException: The peer s2 is not alive.
2024-10-09 00:14:32,616 [s3@group-9FC63B188219-LeaderElection21] INFO  impl.LeaderElection (LeaderElection.java:askForVotes(339)) - s3@group-9FC63B188219-LeaderElection21 PRE_VOTE round 120: result TIMEOUT
2024-10-09 00:14:32,616 [s3@group-9FC63B188219-LeaderElection21] INFO  impl.LeaderElection (LeaderElection.java:askForVotes(337)) - s3@group-9FC63B188219-LeaderElection21 PRE_VOTE round 121: submit vote requests at term 2 for conf: {index: 1, cur=peers:[s3|localhost:15172, s4|localhost:15176, s0|localhost:15160, s1|localhost:15164, s2|localhost:15168]|listeners:[], old=null}
2024-10-09 00:14:32,616 [HandlerDaemon-1] INFO  server.RaftServer$Division (RaftServerImpl.java:requestVote(1443)) - s1@group-9FC63B188219: receive requestVote(PRE_VOTE, s3, group-9FC63B188219, 2, (t:2, i:2))
2024-10-09 00:14:32,616 [s3@group-9FC63B188219-LeaderElection21] INFO  impl.LeaderElection (LogUtils.java:infoOrTrace(136)) - s3@group-9FC63B188219-LeaderElection21 got exception when requesting votes: java.util.concurrent.ExecutionException: java.io.IOException: The peer s4 is not alive.
2024-10-09 00:14:32,616 [s3@group-9FC63B188219-LeaderElection21] INFO  impl.LeaderElection (LogUtils.java:infoOrTrace(136)) - s3@group-9FC63B188219-LeaderElection21 got exception when requesting votes: java.util.concurrent.ExecutionException: java.io.IOException: The peer s2 is not alive.
2024-10-09 00:14:32,616 [HandlerDaemon-1] INFO  impl.VoteContext (VoteContext.java:log(49)) - s1@group-9FC63B188219-CANDIDATE: accept PRE_VOTE from s3: our priority 0 <= candidate's priority 0
2024-10-09 00:14:32,616 [HandlerDaemon-1] INFO  server.RaftServer$Division (RaftServerImpl.java:requestVote(1476)) - s1@group-9FC63B188219 replies to PRE_VOTE vote request: s3<-s1#0:OK-t2. Peer's state: s1@group-9FC63B188219:t2, leader=null, voted=s2, raftlog=Memoized:s1@group-9FC63B188219-SegmentedRaftLog:OPENED:c2:last(t:2, i:2), conf=conf: {index: 1, cur=peers:[s3|localhost:15172, s4|localhost:15176, s0|localhost:15160, s1|localhost:15164, s2|localhost:15168]|listeners:[], old=null}
2024-10-09 00:14:32,846 [s1@group-9FC63B188219-LeaderElection20] INFO  impl.LeaderElection (LeaderElection.java:logAndReturn(90)) - s1@group-9FC63B188219-LeaderElection20: PRE_VOTE TIMEOUT received 1 response(s) and 2 exception(s):
2024-10-09 00:14:32,846 [s1@group-9FC63B188219-LeaderElection20] INFO  impl.LeaderElection (LeaderElection.java:logAndReturn(94)) -   Response 0: s1<-s3#0:OK-t2
2024-10-09 00:14:32,846 [s1@group-9FC63B188219-LeaderElection20] INFO  impl.LeaderElection (LogUtils.java:infoOrTrace(136)) -   Exception 1: java.util.concurrent.ExecutionException: java.io.IOException: The peer s4 is not alive.
2024-10-09 00:14:32,846 [s1@group-9FC63B188219-LeaderElection20] INFO  impl.LeaderElection (LogUtils.java:infoOrTrace(136)) -   Exception 2: java.util.concurrent.ExecutionException: java.io.IOException: The peer s2 is not alive.
2024-10-09 00:14:32,846 [s1@group-9FC63B188219-LeaderElection20] INFO  impl.LeaderElection (LeaderElection.java:askForVotes(339)) - s1@group-9FC63B188219-LeaderElection20 PRE_VOTE round 137: result TIMEOUT
2024-10-09 00:14:32,846 [s1@group-9FC63B188219-LeaderElection20] INFO  impl.LeaderElection (LeaderElection.java:askForVotes(337)) - s1@group-9FC63B188219-LeaderElection20 PRE_VOTE round 138: submit vote requests at term 2 for conf: {index: 1, cur=peers:[s3|localhost:15172, s4|localhost:15176, s0|localhost:15160, s1|localhost:15164, s2|localhost:15168]|listeners:[], old=null}
2024-10-09 00:14:32,847 [HandlerDaemon-0] INFO  server.RaftServer$Division (RaftServerImpl.java:requestVote(1443)) - s3@group-9FC63B188219: receive requestVote(PRE_VOTE, s1, group-9FC63B188219, 2, (t:2, i:2))
2024-10-09 00:14:32,847 [HandlerDaemon-0] INFO  impl.VoteContext (VoteContext.java:log(49)) - s3@group-9FC63B188219-CANDIDATE: accept PRE_VOTE from s1: our priority 0 <= candidate's priority 0
2024-10-09 00:14:32,847 [s1@group-9FC63B188219-LeaderElection20] INFO  impl.LeaderElection (LogUtils.java:infoOrTrace(136)) - s1@group-9FC63B188219-LeaderElection20 got exception when requesting votes: java.util.concurrent.ExecutionException: java.io.IOException: The peer s4 is not alive.
2024-10-09 00:14:32,847 [s1@group-9FC63B188219-LeaderElection20] INFO  impl.LeaderElection (LogUtils.java:infoOrTrace(136)) - s1@group-9FC63B188219-LeaderElection20 got exception when requesting votes: java.util.concurrent.ExecutionException: java.io.IOException: The peer s2 is not alive.
2024-10-09 00:14:32,847 [HandlerDaemon-0] INFO  server.RaftServer$Division (RaftServerImpl.java:requestVote(1476)) - s3@group-9FC63B188219 replies to PRE_VOTE vote request: s1<-s3#0:OK-t2. Peer's state: s3@group-9FC63B188219:t2, leader=null, voted=s2, raftlog=Memoized:s3@group-9FC63B188219-SegmentedRaftLog:OPENED:c2:last(t:2, i:2), conf=conf: {index: 1, cur=peers:[s3|localhost:15172, s4|localhost:15176, s0|localhost:15160, s1|localhost:15164, s2|localhost:15168]|listeners:[], old=null}
2024-10-09 00:14:32,856 [s3@group-9FC63B188219-LeaderElection21] INFO  impl.LeaderElection (LeaderElection.java:logAndReturn(90)) - s3@group-9FC63B188219-LeaderElection21: PRE_VOTE TIMEOUT received 1 response(s) and 2 exception(s):
2024-10-09 00:14:32,856 [s3@group-9FC63B188219-LeaderElection21] INFO  impl.LeaderElection (LeaderElection.java:logAndReturn(94)) -   Response 0: s3<-s1#0:OK-t2
2024-10-09 00:14:32,856 [s3@group-9FC63B188219-LeaderElection21] INFO  impl.LeaderElection (LogUtils.java:infoOrTrace(136)) -   Exception 1: java.util.concurrent.ExecutionException: java.io.IOException: The peer s4 is not alive.
2024-10-09 00:14:32,856 [s3@group-9FC63B188219-LeaderElection21] INFO  impl.LeaderElection (LogUtils.java:infoOrTrace(136)) -   Exception 2: java.util.concurrent.ExecutionException: java.io.IOException: The peer s2 is not alive.
2024-10-09 00:14:32,856 [s3@group-9FC63B188219-LeaderElection21] INFO  impl.LeaderElection (LeaderElection.java:askForVotes(339)) - s3@group-9FC63B188219-LeaderElection21 PRE_VOTE round 121: result TIMEOUT
2024-10-09 00:14:32,856 [s3@group-9FC63B188219-LeaderElection21] INFO  impl.LeaderElection (LeaderElection.java:askForVotes(337)) - s3@group-9FC63B188219-LeaderElection21 PRE_VOTE round 122: submit vote requests at term 2 for conf: {index: 1, cur=peers:[s3|localhost:15172, s4|localhost:15176, s0|localhost:15160, s1|localhost:15164, s2|localhost:15168]|listeners:[], old=null}
2024-10-09 00:14:32,857 [HandlerDaemon-2] INFO  server.RaftServer$Division (RaftServerImpl.java:requestVote(1443)) - s1@group-9FC63B188219: receive requestVote(PRE_VOTE, s3, group-9FC63B188219, 2, (t:2, i:2))
2024-10-09 00:14:32,857 [s3@group-9FC63B188219-LeaderElection21] INFO  impl.LeaderElection (LogUtils.java:infoOrTrace(136)) - s3@group-9FC63B188219-LeaderElection21 got exception when requesting votes: java.util.concurrent.ExecutionException: java.io.IOException: The peer s4 is not alive.
2024-10-09 00:14:32,857 [s3@group-9FC63B188219-LeaderElection21] INFO  impl.LeaderElection (LogUtils.java:infoOrTrace(136)) - s3@group-9FC63B188219-LeaderElection21 got exception when requesting votes: java.util.concurrent.ExecutionException: java.io.IOException: The peer s2 is not alive.
2024-10-09 00:14:32,857 [HandlerDaemon-2] INFO  impl.VoteContext (VoteContext.java:log(49)) - s1@group-9FC63B188219-CANDIDATE: accept PRE_VOTE from s3: our priority 0 <= candidate's priority 0
2024-10-09 00:14:32,857 [HandlerDaemon-2] INFO  server.RaftServer$Division (RaftServerImpl.java:requestVote(1476)) - s1@group-9FC63B188219 replies to PRE_VOTE vote request: s3<-s1#0:OK-t2. Peer's state: s1@group-9FC63B188219:t2, leader=null, voted=s2, raftlog=Memoized:s1@group-9FC63B188219-SegmentedRaftLog:OPENED:c2:last(t:2, i:2), conf=conf: {index: 1, cur=peers:[s3|localhost:15172, s4|localhost:15176, s0|localhost:15160, s1|localhost:15164, s2|localhost:15168]|listeners:[], old=null}
2024-10-09 00:14:32,873 [main] WARN  ratis.RaftTestUtil (RaftTestUtil.java:lambda$waitForLeader$3(126)) - Attempt #71 failed: java.lang.IllegalStateException: No leader yet : printing ALL groups
  s3:  RUNNING CANDIDATE s3@group-9FC63B188219:t2, leader=null, voted=s2, raftlog=Memoized:s3@group-9FC63B188219-SegmentedRaftLog:OPENED:c2:last(t:2, i:2), conf=conf: {index: 1, cur=peers:[s3|localhost:15172, s4|localhost:15176, s0|localhost:15160, s1|localhost:15164, s2|localhost:15168]|listeners:[], old=null} RUNNING
  s4:   CLOSED    LEADER s4@group-9FC63B188219:t1, leader=s4, voted=s4, raftlog=Memoized:s4@group-9FC63B188219-SegmentedRaftLog:CLOSED:c0, conf=conf: {index: 0, cur=peers:[s3|localhost:15172, s4|localhost:15176, s0|localhost:15160, s1|localhost:15164, s2|localhost:15168]|listeners:[], old=null} CLOSED
  s0:  RUNNING  FOLLOWER s0@group-9FC63B188219:t1, leader=null, voted=null, raftlog=Memoized:s0@group-9FC63B188219-SegmentedRaftLog:OPENED:c-1:lastnull, conf=conf: {index: -1, cur=peers:[s3|localhost:15172, s4|localhost:15176, s0|localhost:15160, s1|localhost:15164, s2|localhost:15168]|listeners:[], old=null} RUNNING
  s1:  RUNNING CANDIDATE s1@group-9FC63B188219:t2, leader=null, voted=s2, raftlog=Memoized:s1@group-9FC63B188219-SegmentedRaftLog:OPENED:c2:last(t:2, i:2), conf=conf: {index: 1, cur=peers:[s3|localhost:15172, s4|localhost:15176, s0|localhost:15160, s1|localhost:15164, s2|localhost:15168]|listeners:[], old=null} RUNNING
  s2:   CLOSED    LEADER s2@group-9FC63B188219:t2, leader=s2, voted=s2, raftlog=Memoized:s2@group-9FC63B188219-SegmentedRaftLog:CLOSED:c2, conf=conf: {index: 1, cur=peers:[s3|localhost:15172, s4|localhost:15176, s0|localhost:15160, s1|localhost:15164, s2|localhost:15168]|listeners:[], old=null} CLOSED
2024-10-09 00:14:33,094 [s1@group-9FC63B188219-LeaderElection20] INFO  impl.LeaderElection (LeaderElection.java:logAndReturn(90)) - s1@group-9FC63B188219-LeaderElection20: PRE_VOTE TIMEOUT received 1 response(s) and 2 exception(s):
2024-10-09 00:14:33,094 [s1@group-9FC63B188219-LeaderElection20] INFO  impl.LeaderElection (LeaderElection.java:logAndReturn(94)) -   Response 0: s1<-s3#0:OK-t2
2024-10-09 00:14:33,094 [s1@group-9FC63B188219-LeaderElection20] INFO  impl.LeaderElection (LogUtils.java:infoOrTrace(136)) -   Exception 1: java.util.concurrent.ExecutionException: java.io.IOException: The peer s4 is not alive.
2024-10-09 00:14:33,094 [s1@group-9FC63B188219-LeaderElection20] INFO  impl.LeaderElection (LogUtils.java:infoOrTrace(136)) -   Exception 2: java.util.concurrent.ExecutionException: java.io.IOException: The peer s2 is not alive.
2024-10-09 00:14:33,094 [s1@group-9FC63B188219-LeaderElection20] INFO  impl.LeaderElection (LeaderElection.java:askForVotes(339)) - s1@group-9FC63B188219-LeaderElection20 PRE_VOTE round 138: result TIMEOUT
2024-10-09 00:14:33,094 [s1@group-9FC63B188219-LeaderElection20] INFO  impl.LeaderElection (LeaderElection.java:askForVotes(337)) - s1@group-9FC63B188219-LeaderElection20 PRE_VOTE round 139: submit vote requests at term 2 for conf: {index: 1, cur=peers:[s3|localhost:15172, s4|localhost:15176, s0|localhost:15160, s1|localhost:15164, s2|localhost:15168]|listeners:[], old=null}
2024-10-09 00:14:33,094 [HandlerDaemon-1] INFO  server.RaftServer$Division (RaftServerImpl.java:requestVote(1443)) - s3@group-9FC63B188219: receive requestVote(PRE_VOTE, s1, group-9FC63B188219, 2, (t:2, i:2))
2024-10-09 00:14:33,095 [HandlerDaemon-1] INFO  impl.VoteContext (VoteContext.java:log(49)) - s3@group-9FC63B188219-CANDIDATE: accept PRE_VOTE from s1: our priority 0 <= candidate's priority 0
2024-10-09 00:14:33,095 [HandlerDaemon-1] INFO  server.RaftServer$Division (RaftServerImpl.java:requestVote(1476)) - s3@group-9FC63B188219 replies to PRE_VOTE vote request: s1<-s3#0:OK-t2. Peer's state: s3@group-9FC63B188219:t2, leader=null, voted=s2, raftlog=Memoized:s3@group-9FC63B188219-SegmentedRaftLog:OPENED:c2:last(t:2, i:2), conf=conf: {index: 1, cur=peers:[s3|localhost:15172, s4|localhost:15176, s0|localhost:15160, s1|localhost:15164, s2|localhost:15168]|listeners:[], old=null}
2024-10-09 00:14:33,095 [s1@group-9FC63B188219-LeaderElection20] INFO  impl.LeaderElection (LogUtils.java:infoOrTrace(136)) - s1@group-9FC63B188219-LeaderElection20 got exception when requesting votes: java.util.concurrent.ExecutionException: java.io.IOException: The peer s4 is not alive.
2024-10-09 00:14:33,095 [s1@group-9FC63B188219-LeaderElection20] INFO  impl.LeaderElection (LogUtils.java:infoOrTrace(136)) - s1@group-9FC63B188219-LeaderElection20 got exception when requesting votes: java.util.concurrent.ExecutionException: java.io.IOException: The peer s2 is not alive.
2024-10-09 00:14:33,133 [s3@group-9FC63B188219-LeaderElection21] INFO  impl.LeaderElection (LeaderElection.java:logAndReturn(90)) - s3@group-9FC63B188219-LeaderElection21: PRE_VOTE TIMEOUT received 1 response(s) and 2 exception(s):
2024-10-09 00:14:33,133 [s3@group-9FC63B188219-LeaderElection21] INFO  impl.LeaderElection (LeaderElection.java:logAndReturn(94)) -   Response 0: s3<-s1#0:OK-t2
2024-10-09 00:14:33,133 [s3@group-9FC63B188219-LeaderElection21] INFO  impl.LeaderElection (LogUtils.java:infoOrTrace(136)) -   Exception 1: java.util.concurrent.ExecutionException: java.io.IOException: The peer s4 is not alive.
2024-10-09 00:14:33,133 [s3@group-9FC63B188219-LeaderElection21] INFO  impl.LeaderElection (LogUtils.java:infoOrTrace(136)) -   Exception 2: java.util.concurrent.ExecutionException: java.io.IOException: The peer s2 is not alive.
2024-10-09 00:14:33,133 [s3@group-9FC63B188219-LeaderElection21] INFO  impl.LeaderElection (LeaderElection.java:askForVotes(339)) - s3@group-9FC63B188219-LeaderElection21 PRE_VOTE round 122: result TIMEOUT
2024-10-09 00:14:33,133 [s3@group-9FC63B188219-LeaderElection21] INFO  impl.LeaderElection (LeaderElection.java:askForVotes(337)) - s3@group-9FC63B188219-LeaderElection21 PRE_VOTE round 123: submit vote requests at term 2 for conf: {index: 1, cur=peers:[s3|localhost:15172, s4|localhost:15176, s0|localhost:15160, s1|localhost:15164, s2|localhost:15168]|listeners:[], old=null}
2024-10-09 00:14:33,134 [HandlerDaemon-0] INFO  server.RaftServer$Division (RaftServerImpl.java:requestVote(1443)) - s1@group-9FC63B188219: receive requestVote(PRE_VOTE, s3, group-9FC63B188219, 2, (t:2, i:2))
2024-10-09 00:14:33,134 [s3@group-9FC63B188219-LeaderElection21] INFO  impl.LeaderElection (LogUtils.java:infoOrTrace(136)) - s3@group-9FC63B188219-LeaderElection21 got exception when requesting votes: java.util.concurrent.ExecutionException: java.io.IOException: The peer s4 is not alive.
2024-10-09 00:14:33,134 [s3@group-9FC63B188219-LeaderElection21] INFO  impl.LeaderElection (LogUtils.java:infoOrTrace(136)) - s3@group-9FC63B188219-LeaderElection21 got exception when requesting votes: java.util.concurrent.ExecutionException: java.io.IOException: The peer s2 is not alive.
2024-10-09 00:14:33,134 [HandlerDaemon-0] INFO  impl.VoteContext (VoteContext.java:log(49)) - s1@group-9FC63B188219-CANDIDATE: accept PRE_VOTE from s3: our priority 0 <= candidate's priority 0
2024-10-09 00:14:33,134 [HandlerDaemon-0] INFO  server.RaftServer$Division (RaftServerImpl.java:requestVote(1476)) - s1@group-9FC63B188219 replies to PRE_VOTE vote request: s3<-s1#0:OK-t2. Peer's state: s1@group-9FC63B188219:t2, leader=null, voted=s2, raftlog=Memoized:s1@group-9FC63B188219-SegmentedRaftLog:OPENED:c2:last(t:2, i:2), conf=conf: {index: 1, cur=peers:[s3|localhost:15172, s4|localhost:15176, s0|localhost:15160, s1|localhost:15164, s2|localhost:15168]|listeners:[], old=null}
2024-10-09 00:14:33,287 [s3@group-9FC63B188219-LeaderElection21] INFO  impl.LeaderElection (LeaderElection.java:logAndReturn(90)) - s3@group-9FC63B188219-LeaderElection21: PRE_VOTE TIMEOUT received 1 response(s) and 2 exception(s):
2024-10-09 00:14:33,287 [s3@group-9FC63B188219-LeaderElection21] INFO  impl.LeaderElection (LeaderElection.java:logAndReturn(94)) -   Response 0: s3<-s1#0:OK-t2
2024-10-09 00:14:33,287 [s3@group-9FC63B188219-LeaderElection21] INFO  impl.LeaderElection (LogUtils.java:infoOrTrace(136)) -   Exception 1: java.util.concurrent.ExecutionException: java.io.IOException: The peer s4 is not alive.
2024-10-09 00:14:33,287 [s3@group-9FC63B188219-LeaderElection21] INFO  impl.LeaderElection (LogUtils.java:infoOrTrace(136)) -   Exception 2: java.util.concurrent.ExecutionException: java.io.IOException: The peer s2 is not alive.
2024-10-09 00:14:33,287 [s3@group-9FC63B188219-LeaderElection21] INFO  impl.LeaderElection (LeaderElection.java:askForVotes(339)) - s3@group-9FC63B188219-LeaderElection21 PRE_VOTE round 123: result TIMEOUT
2024-10-09 00:14:33,287 [s3@group-9FC63B188219-LeaderElection21] INFO  impl.LeaderElection (LeaderElection.java:askForVotes(337)) - s3@group-9FC63B188219-LeaderElection21 PRE_VOTE round 124: submit vote requests at term 2 for conf: {index: 1, cur=peers:[s3|localhost:15172, s4|localhost:15176, s0|localhost:15160, s1|localhost:15164, s2|localhost:15168]|listeners:[], old=null}
2024-10-09 00:14:33,287 [HandlerDaemon-1] INFO  server.RaftServer$Division (RaftServerImpl.java:requestVote(1443)) - s1@group-9FC63B188219: receive requestVote(PRE_VOTE, s3, group-9FC63B188219, 2, (t:2, i:2))
2024-10-09 00:14:33,287 [s3@group-9FC63B188219-LeaderElection21] INFO  impl.LeaderElection (LogUtils.java:infoOrTrace(136)) - s3@group-9FC63B188219-LeaderElection21 got exception when requesting votes: java.util.concurrent.ExecutionException: java.io.IOException: The peer s4 is not alive.
2024-10-09 00:14:33,287 [HandlerDaemon-1] INFO  impl.VoteContext (VoteContext.java:log(49)) - s1@group-9FC63B188219-CANDIDATE: accept PRE_VOTE from s3: our priority 0 <= candidate's priority 0
2024-10-09 00:14:33,287 [s3@group-9FC63B188219-LeaderElection21] INFO  impl.LeaderElection (LogUtils.java:infoOrTrace(136)) - s3@group-9FC63B188219-LeaderElection21 got exception when requesting votes: java.util.concurrent.ExecutionException: java.io.IOException: The peer s2 is not alive.
2024-10-09 00:14:33,288 [HandlerDaemon-1] INFO  server.RaftServer$Division (RaftServerImpl.java:requestVote(1476)) - s1@group-9FC63B188219 replies to PRE_VOTE vote request: s3<-s1#0:OK-t2. Peer's state: s1@group-9FC63B188219:t2, leader=null, voted=s2, raftlog=Memoized:s1@group-9FC63B188219-SegmentedRaftLog:OPENED:c2:last(t:2, i:2), conf=conf: {index: 1, cur=peers:[s3|localhost:15172, s4|localhost:15176, s0|localhost:15160, s1|localhost:15164, s2|localhost:15168]|listeners:[], old=null}
2024-10-09 00:14:33,323 [main] WARN  ratis.RaftTestUtil (RaftTestUtil.java:lambda$waitForLeader$3(126)) - Attempt #72 failed: java.lang.IllegalStateException: No leader yet : printing ALL groups
  s3:  RUNNING CANDIDATE s3@group-9FC63B188219:t2, leader=null, voted=s2, raftlog=Memoized:s3@group-9FC63B188219-SegmentedRaftLog:OPENED:c2:last(t:2, i:2), conf=conf: {index: 1, cur=peers:[s3|localhost:15172, s4|localhost:15176, s0|localhost:15160, s1|localhost:15164, s2|localhost:15168]|listeners:[], old=null} RUNNING
  s4:   CLOSED    LEADER s4@group-9FC63B188219:t1, leader=s4, voted=s4, raftlog=Memoized:s4@group-9FC63B188219-SegmentedRaftLog:CLOSED:c0, conf=conf: {index: 0, cur=peers:[s3|localhost:15172, s4|localhost:15176, s0|localhost:15160, s1|localhost:15164, s2|localhost:15168]|listeners:[], old=null} CLOSED
  s0:  RUNNING  FOLLOWER s0@group-9FC63B188219:t1, leader=null, voted=null, raftlog=Memoized:s0@group-9FC63B188219-SegmentedRaftLog:OPENED:c-1:lastnull, conf=conf: {index: -1, cur=peers:[s3|localhost:15172, s4|localhost:15176, s0|localhost:15160, s1|localhost:15164, s2|localhost:15168]|listeners:[], old=null} RUNNING
  s1:  RUNNING CANDIDATE s1@group-9FC63B188219:t2, leader=null, voted=s2, raftlog=Memoized:s1@group-9FC63B188219-SegmentedRaftLog:OPENED:c2:last(t:2, i:2), conf=conf: {index: 1, cur=peers:[s3|localhost:15172, s4|localhost:15176, s0|localhost:15160, s1|localhost:15164, s2|localhost:15168]|listeners:[], old=null} RUNNING
  s2:   CLOSED    LEADER s2@group-9FC63B188219:t2, leader=s2, voted=s2, raftlog=Memoized:s2@group-9FC63B188219-SegmentedRaftLog:CLOSED:c2, conf=conf: {index: 1, cur=peers:[s3|localhost:15172, s4|localhost:15176, s0|localhost:15160, s1|localhost:15164, s2|localhost:15168]|listeners:[], old=null} CLOSED
2024-10-09 00:14:33,345 [s1@group-9FC63B188219-LeaderElection20] INFO  impl.LeaderElection (LeaderElection.java:logAndReturn(90)) - s1@group-9FC63B188219-LeaderElection20: PRE_VOTE TIMEOUT received 1 response(s) and 2 exception(s):
2024-10-09 00:14:33,345 [s1@group-9FC63B188219-LeaderElection20] INFO  impl.LeaderElection (LeaderElection.java:logAndReturn(94)) -   Response 0: s1<-s3#0:OK-t2
2024-10-09 00:14:33,345 [s1@group-9FC63B188219-LeaderElection20] INFO  impl.LeaderElection (LogUtils.java:infoOrTrace(136)) -   Exception 1: java.util.concurrent.ExecutionException: java.io.IOException: The peer s4 is not alive.
2024-10-09 00:14:33,345 [s1@group-9FC63B188219-LeaderElection20] INFO  impl.LeaderElection (LogUtils.java:infoOrTrace(136)) -   Exception 2: java.util.concurrent.ExecutionException: java.io.IOException: The peer s2 is not alive.
2024-10-09 00:14:33,345 [s1@group-9FC63B188219-LeaderElection20] INFO  impl.LeaderElection (LeaderElection.java:askForVotes(339)) - s1@group-9FC63B188219-LeaderElection20 PRE_VOTE round 139: result TIMEOUT
2024-10-09 00:14:33,345 [s1@group-9FC63B188219-LeaderElection20] INFO  impl.LeaderElection (LeaderElection.java:askForVotes(337)) - s1@group-9FC63B188219-LeaderElection20 PRE_VOTE round 140: submit vote requests at term 2 for conf: {index: 1, cur=peers:[s3|localhost:15172, s4|localhost:15176, s0|localhost:15160, s1|localhost:15164, s2|localhost:15168]|listeners:[], old=null}
2024-10-09 00:14:33,345 [HandlerDaemon-2] INFO  server.RaftServer$Division (RaftServerImpl.java:requestVote(1443)) - s3@group-9FC63B188219: receive requestVote(PRE_VOTE, s1, group-9FC63B188219, 2, (t:2, i:2))
2024-10-09 00:14:33,345 [HandlerDaemon-2] INFO  impl.VoteContext (VoteContext.java:log(49)) - s3@group-9FC63B188219-CANDIDATE: accept PRE_VOTE from s1: our priority 0 <= candidate's priority 0
2024-10-09 00:14:33,345 [HandlerDaemon-2] INFO  server.RaftServer$Division (RaftServerImpl.java:requestVote(1476)) - s3@group-9FC63B188219 replies to PRE_VOTE vote request: s1<-s3#0:OK-t2. Peer's state: s3@group-9FC63B188219:t2, leader=null, voted=s2, raftlog=Memoized:s3@group-9FC63B188219-SegmentedRaftLog:OPENED:c2:last(t:2, i:2), conf=conf: {index: 1, cur=peers:[s3|localhost:15172, s4|localhost:15176, s0|localhost:15160, s1|localhost:15164, s2|localhost:15168]|listeners:[], old=null}
2024-10-09 00:14:33,345 [s1@group-9FC63B188219-LeaderElection20] INFO  impl.LeaderElection (LogUtils.java:infoOrTrace(136)) - s1@group-9FC63B188219-LeaderElection20 got exception when requesting votes: java.util.concurrent.ExecutionException: java.io.IOException: The peer s4 is not alive.
2024-10-09 00:14:33,346 [s1@group-9FC63B188219-LeaderElection20] INFO  impl.LeaderElection (LogUtils.java:infoOrTrace(136)) - s1@group-9FC63B188219-LeaderElection20 got exception when requesting votes: java.util.concurrent.ExecutionException: java.io.IOException: The peer s2 is not alive.
2024-10-09 00:14:33,440 [s3@group-9FC63B188219-LeaderElection21] INFO  impl.LeaderElection (LeaderElection.java:logAndReturn(90)) - s3@group-9FC63B188219-LeaderElection21: PRE_VOTE TIMEOUT received 1 response(s) and 2 exception(s):
2024-10-09 00:14:33,441 [s3@group-9FC63B188219-LeaderElection21] INFO  impl.LeaderElection (LeaderElection.java:logAndReturn(94)) -   Response 0: s3<-s1#0:OK-t2
2024-10-09 00:14:33,441 [s3@group-9FC63B188219-LeaderElection21] INFO  impl.LeaderElection (LogUtils.java:infoOrTrace(136)) -   Exception 1: java.util.concurrent.ExecutionException: java.io.IOException: The peer s4 is not alive.
2024-10-09 00:14:33,441 [s3@group-9FC63B188219-LeaderElection21] INFO  impl.LeaderElection (LogUtils.java:infoOrTrace(136)) -   Exception 2: java.util.concurrent.ExecutionException: java.io.IOException: The peer s2 is not alive.
2024-10-09 00:14:33,441 [s3@group-9FC63B188219-LeaderElection21] INFO  impl.LeaderElection (LeaderElection.java:askForVotes(339)) - s3@group-9FC63B188219-LeaderElection21 PRE_VOTE round 124: result TIMEOUT
2024-10-09 00:14:33,441 [s3@group-9FC63B188219-LeaderElection21] INFO  impl.LeaderElection (LeaderElection.java:askForVotes(337)) - s3@group-9FC63B188219-LeaderElection21 PRE_VOTE round 125: submit vote requests at term 2 for conf: {index: 1, cur=peers:[s3|localhost:15172, s4|localhost:15176, s0|localhost:15160, s1|localhost:15164, s2|localhost:15168]|listeners:[], old=null}
2024-10-09 00:14:33,441 [HandlerDaemon-2] INFO  server.RaftServer$Division (RaftServerImpl.java:requestVote(1443)) - s1@group-9FC63B188219: receive requestVote(PRE_VOTE, s3, group-9FC63B188219, 2, (t:2, i:2))
2024-10-09 00:14:33,441 [s3@group-9FC63B188219-LeaderElection21] INFO  impl.LeaderElection (LogUtils.java:infoOrTrace(136)) - s3@group-9FC63B188219-LeaderElection21 got exception when requesting votes: java.util.concurrent.ExecutionException: java.io.IOException: The peer s4 is not alive.
2024-10-09 00:14:33,441 [HandlerDaemon-2] INFO  impl.VoteContext (VoteContext.java:log(49)) - s1@group-9FC63B188219-CANDIDATE: accept PRE_VOTE from s3: our priority 0 <= candidate's priority 0
2024-10-09 00:14:33,441 [s3@group-9FC63B188219-LeaderElection21] INFO  impl.LeaderElection (LogUtils.java:infoOrTrace(136)) - s3@group-9FC63B188219-LeaderElection21 got exception when requesting votes: java.util.concurrent.ExecutionException: java.io.IOException: The peer s2 is not alive.
2024-10-09 00:14:33,441 [HandlerDaemon-2] INFO  server.RaftServer$Division (RaftServerImpl.java:requestVote(1476)) - s1@group-9FC63B188219 replies to PRE_VOTE vote request: s3<-s1#0:OK-t2. Peer's state: s1@group-9FC63B188219:t2, leader=null, voted=s2, raftlog=Memoized:s1@group-9FC63B188219-SegmentedRaftLog:OPENED:c2:last(t:2, i:2), conf=conf: {index: 1, cur=peers:[s3|localhost:15172, s4|localhost:15176, s0|localhost:15160, s1|localhost:15164, s2|localhost:15168]|listeners:[], old=null}
2024-10-09 00:14:33,568 [s1@group-9FC63B188219-LeaderElection20] INFO  impl.LeaderElection (LeaderElection.java:logAndReturn(90)) - s1@group-9FC63B188219-LeaderElection20: PRE_VOTE TIMEOUT received 1 response(s) and 2 exception(s):
2024-10-09 00:14:33,568 [s1@group-9FC63B188219-LeaderElection20] INFO  impl.LeaderElection (LeaderElection.java:logAndReturn(94)) -   Response 0: s1<-s3#0:OK-t2
2024-10-09 00:14:33,568 [s1@group-9FC63B188219-LeaderElection20] INFO  impl.LeaderElection (LogUtils.java:infoOrTrace(136)) -   Exception 1: java.util.concurrent.ExecutionException: java.io.IOException: The peer s4 is not alive.
2024-10-09 00:14:33,568 [s1@group-9FC63B188219-LeaderElection20] INFO  impl.LeaderElection (LogUtils.java:infoOrTrace(136)) -   Exception 2: java.util.concurrent.ExecutionException: java.io.IOException: The peer s2 is not alive.
2024-10-09 00:14:33,568 [s1@group-9FC63B188219-LeaderElection20] INFO  impl.LeaderElection (LeaderElection.java:askForVotes(339)) - s1@group-9FC63B188219-LeaderElection20 PRE_VOTE round 140: result TIMEOUT
2024-10-09 00:14:33,568 [s1@group-9FC63B188219-LeaderElection20] INFO  impl.LeaderElection (LeaderElection.java:askForVotes(337)) - s1@group-9FC63B188219-LeaderElection20 PRE_VOTE round 141: submit vote requests at term 2 for conf: {index: 1, cur=peers:[s3|localhost:15172, s4|localhost:15176, s0|localhost:15160, s1|localhost:15164, s2|localhost:15168]|listeners:[], old=null}
2024-10-09 00:14:33,568 [HandlerDaemon-0] INFO  server.RaftServer$Division (RaftServerImpl.java:requestVote(1443)) - s3@group-9FC63B188219: receive requestVote(PRE_VOTE, s1, group-9FC63B188219, 2, (t:2, i:2))
2024-10-09 00:14:33,568 [HandlerDaemon-0] INFO  impl.VoteContext (VoteContext.java:log(49)) - s3@group-9FC63B188219-CANDIDATE: accept PRE_VOTE from s1: our priority 0 <= candidate's priority 0
2024-10-09 00:14:33,568 [HandlerDaemon-0] INFO  server.RaftServer$Division (RaftServerImpl.java:requestVote(1476)) - s3@group-9FC63B188219 replies to PRE_VOTE vote request: s1<-s3#0:OK-t2. Peer's state: s3@group-9FC63B188219:t2, leader=null, voted=s2, raftlog=Memoized:s3@group-9FC63B188219-SegmentedRaftLog:OPENED:c2:last(t:2, i:2), conf=conf: {index: 1, cur=peers:[s3|localhost:15172, s4|localhost:15176, s0|localhost:15160, s1|localhost:15164, s2|localhost:15168]|listeners:[], old=null}
2024-10-09 00:14:33,568 [s1@group-9FC63B188219-LeaderElection20] INFO  impl.LeaderElection (LogUtils.java:infoOrTrace(136)) - s1@group-9FC63B188219-LeaderElection20 got exception when requesting votes: java.util.concurrent.ExecutionException: java.io.IOException: The peer s4 is not alive.
2024-10-09 00:14:33,568 [s1@group-9FC63B188219-LeaderElection20] INFO  impl.LeaderElection (LogUtils.java:infoOrTrace(136)) - s1@group-9FC63B188219-LeaderElection20 got exception when requesting votes: java.util.concurrent.ExecutionException: java.io.IOException: The peer s2 is not alive.
2024-10-09 00:14:33,647 [s3@group-9FC63B188219-LeaderElection21] INFO  impl.LeaderElection (LeaderElection.java:logAndReturn(90)) - s3@group-9FC63B188219-LeaderElection21: PRE_VOTE TIMEOUT received 1 response(s) and 2 exception(s):
2024-10-09 00:14:33,647 [s3@group-9FC63B188219-LeaderElection21] INFO  impl.LeaderElection (LeaderElection.java:logAndReturn(94)) -   Response 0: s3<-s1#0:OK-t2
2024-10-09 00:14:33,647 [s3@group-9FC63B188219-LeaderElection21] INFO  impl.LeaderElection (LogUtils.java:infoOrTrace(136)) -   Exception 1: java.util.concurrent.ExecutionException: java.io.IOException: The peer s4 is not alive.
2024-10-09 00:14:33,647 [s3@group-9FC63B188219-LeaderElection21] INFO  impl.LeaderElection (LogUtils.java:infoOrTrace(136)) -   Exception 2: java.util.concurrent.ExecutionException: java.io.IOException: The peer s2 is not alive.
2024-10-09 00:14:33,647 [s3@group-9FC63B188219-LeaderElection21] INFO  impl.LeaderElection (LeaderElection.java:askForVotes(339)) - s3@group-9FC63B188219-LeaderElection21 PRE_VOTE round 125: result TIMEOUT
2024-10-09 00:14:33,648 [s3@group-9FC63B188219-LeaderElection21] INFO  impl.LeaderElection (LeaderElection.java:askForVotes(337)) - s3@group-9FC63B188219-LeaderElection21 PRE_VOTE round 126: submit vote requests at term 2 for conf: {index: 1, cur=peers:[s3|localhost:15172, s4|localhost:15176, s0|localhost:15160, s1|localhost:15164, s2|localhost:15168]|listeners:[], old=null}
2024-10-09 00:14:33,648 [HandlerDaemon-0] INFO  server.RaftServer$Division (RaftServerImpl.java:requestVote(1443)) - s1@group-9FC63B188219: receive requestVote(PRE_VOTE, s3, group-9FC63B188219, 2, (t:2, i:2))
2024-10-09 00:14:33,648 [s3@group-9FC63B188219-LeaderElection21] INFO  impl.LeaderElection (LogUtils.java:infoOrTrace(136)) - s3@group-9FC63B188219-LeaderElection21 got exception when requesting votes: java.util.concurrent.ExecutionException: java.io.IOException: The peer s4 is not alive.
2024-10-09 00:14:33,648 [s3@group-9FC63B188219-LeaderElection21] INFO  impl.LeaderElection (LogUtils.java:infoOrTrace(136)) - s3@group-9FC63B188219-LeaderElection21 got exception when requesting votes: java.util.concurrent.ExecutionException: java.io.IOException: The peer s2 is not alive.
2024-10-09 00:14:33,648 [HandlerDaemon-0] INFO  impl.VoteContext (VoteContext.java:log(49)) - s1@group-9FC63B188219-CANDIDATE: accept PRE_VOTE from s3: our priority 0 <= candidate's priority 0
2024-10-09 00:14:33,648 [HandlerDaemon-0] INFO  server.RaftServer$Division (RaftServerImpl.java:requestVote(1476)) - s1@group-9FC63B188219 replies to PRE_VOTE vote request: s3<-s1#0:OK-t2. Peer's state: s1@group-9FC63B188219:t2, leader=null, voted=s2, raftlog=Memoized:s1@group-9FC63B188219-SegmentedRaftLog:OPENED:c2:last(t:2, i:2), conf=conf: {index: 1, cur=peers:[s3|localhost:15172, s4|localhost:15176, s0|localhost:15160, s1|localhost:15164, s2|localhost:15168]|listeners:[], old=null}
2024-10-09 00:14:33,773 [main] WARN  ratis.RaftTestUtil (RaftTestUtil.java:lambda$waitForLeader$3(126)) - Attempt #73 failed: java.lang.IllegalStateException: No leader yet : printing ALL groups
  s3:  RUNNING CANDIDATE s3@group-9FC63B188219:t2, leader=null, voted=s2, raftlog=Memoized:s3@group-9FC63B188219-SegmentedRaftLog:OPENED:c2:last(t:2, i:2), conf=conf: {index: 1, cur=peers:[s3|localhost:15172, s4|localhost:15176, s0|localhost:15160, s1|localhost:15164, s2|localhost:15168]|listeners:[], old=null} RUNNING
  s4:   CLOSED    LEADER s4@group-9FC63B188219:t1, leader=s4, voted=s4, raftlog=Memoized:s4@group-9FC63B188219-SegmentedRaftLog:CLOSED:c0, conf=conf: {index: 0, cur=peers:[s3|localhost:15172, s4|localhost:15176, s0|localhost:15160, s1|localhost:15164, s2|localhost:15168]|listeners:[], old=null} CLOSED
  s0:  RUNNING  FOLLOWER s0@group-9FC63B188219:t1, leader=null, voted=null, raftlog=Memoized:s0@group-9FC63B188219-SegmentedRaftLog:OPENED:c-1:lastnull, conf=conf: {index: -1, cur=peers:[s3|localhost:15172, s4|localhost:15176, s0|localhost:15160, s1|localhost:15164, s2|localhost:15168]|listeners:[], old=null} RUNNING
  s1:  RUNNING CANDIDATE s1@group-9FC63B188219:t2, leader=null, voted=s2, raftlog=Memoized:s1@group-9FC63B188219-SegmentedRaftLog:OPENED:c2:last(t:2, i:2), conf=conf: {index: 1, cur=peers:[s3|localhost:15172, s4|localhost:15176, s0|localhost:15160, s1|localhost:15164, s2|localhost:15168]|listeners:[], old=null} RUNNING
  s2:   CLOSED    LEADER s2@group-9FC63B188219:t2, leader=s2, voted=s2, raftlog=Memoized:s2@group-9FC63B188219-SegmentedRaftLog:CLOSED:c2, conf=conf: {index: 1, cur=peers:[s3|localhost:15172, s4|localhost:15176, s0|localhost:15160, s1|localhost:15164, s2|localhost:15168]|listeners:[], old=null} CLOSED
2024-10-09 00:14:33,828 [s3@group-9FC63B188219-LeaderElection21] INFO  impl.LeaderElection (LeaderElection.java:logAndReturn(90)) - s3@group-9FC63B188219-LeaderElection21: PRE_VOTE TIMEOUT received 1 response(s) and 2 exception(s):
2024-10-09 00:14:33,828 [s3@group-9FC63B188219-LeaderElection21] INFO  impl.LeaderElection (LeaderElection.java:logAndReturn(94)) -   Response 0: s3<-s1#0:OK-t2
2024-10-09 00:14:33,828 [s3@group-9FC63B188219-LeaderElection21] INFO  impl.LeaderElection (LogUtils.java:infoOrTrace(136)) -   Exception 1: java.util.concurrent.ExecutionException: java.io.IOException: The peer s4 is not alive.
2024-10-09 00:14:33,828 [s3@group-9FC63B188219-LeaderElection21] INFO  impl.LeaderElection (LogUtils.java:infoOrTrace(136)) -   Exception 2: java.util.concurrent.ExecutionException: java.io.IOException: The peer s2 is not alive.
2024-10-09 00:14:33,828 [s3@group-9FC63B188219-LeaderElection21] INFO  impl.LeaderElection (LeaderElection.java:askForVotes(339)) - s3@group-9FC63B188219-LeaderElection21 PRE_VOTE round 126: result TIMEOUT
2024-10-09 00:14:33,828 [s3@group-9FC63B188219-LeaderElection21] INFO  impl.LeaderElection (LeaderElection.java:askForVotes(337)) - s3@group-9FC63B188219-LeaderElection21 PRE_VOTE round 127: submit vote requests at term 2 for conf: {index: 1, cur=peers:[s3|localhost:15172, s4|localhost:15176, s0|localhost:15160, s1|localhost:15164, s2|localhost:15168]|listeners:[], old=null}
2024-10-09 00:14:33,829 [HandlerDaemon-1] INFO  server.RaftServer$Division (RaftServerImpl.java:requestVote(1443)) - s1@group-9FC63B188219: receive requestVote(PRE_VOTE, s3, group-9FC63B188219, 2, (t:2, i:2))
2024-10-09 00:14:33,829 [s3@group-9FC63B188219-LeaderElection21] INFO  impl.LeaderElection (LogUtils.java:infoOrTrace(136)) - s3@group-9FC63B188219-LeaderElection21 got exception when requesting votes: java.util.concurrent.ExecutionException: java.io.IOException: The peer s4 is not alive.
2024-10-09 00:14:33,829 [HandlerDaemon-1] INFO  impl.VoteContext (VoteContext.java:log(49)) - s1@group-9FC63B188219-CANDIDATE: accept PRE_VOTE from s3: our priority 0 <= candidate's priority 0
2024-10-09 00:14:33,829 [s3@group-9FC63B188219-LeaderElection21] INFO  impl.LeaderElection (LogUtils.java:infoOrTrace(136)) - s3@group-9FC63B188219-LeaderElection21 got exception when requesting votes: java.util.concurrent.ExecutionException: java.io.IOException: The peer s2 is not alive.
2024-10-09 00:14:33,829 [HandlerDaemon-1] INFO  server.RaftServer$Division (RaftServerImpl.java:requestVote(1476)) - s1@group-9FC63B188219 replies to PRE_VOTE vote request: s3<-s1#0:OK-t2. Peer's state: s1@group-9FC63B188219:t2, leader=null, voted=s2, raftlog=Memoized:s1@group-9FC63B188219-SegmentedRaftLog:OPENED:c2:last(t:2, i:2), conf=conf: {index: 1, cur=peers:[s3|localhost:15172, s4|localhost:15176, s0|localhost:15160, s1|localhost:15164, s2|localhost:15168]|listeners:[], old=null}
2024-10-09 00:14:33,834 [s1@group-9FC63B188219-LeaderElection20] INFO  impl.LeaderElection (LeaderElection.java:logAndReturn(90)) - s1@group-9FC63B188219-LeaderElection20: PRE_VOTE TIMEOUT received 1 response(s) and 2 exception(s):
2024-10-09 00:14:33,834 [s1@group-9FC63B188219-LeaderElection20] INFO  impl.LeaderElection (LeaderElection.java:logAndReturn(94)) -   Response 0: s1<-s3#0:OK-t2
2024-10-09 00:14:33,834 [s1@group-9FC63B188219-LeaderElection20] INFO  impl.LeaderElection (LogUtils.java:infoOrTrace(136)) -   Exception 1: java.util.concurrent.ExecutionException: java.io.IOException: The peer s4 is not alive.
2024-10-09 00:14:33,835 [s1@group-9FC63B188219-LeaderElection20] INFO  impl.LeaderElection (LogUtils.java:infoOrTrace(136)) -   Exception 2: java.util.concurrent.ExecutionException: java.io.IOException: The peer s2 is not alive.
2024-10-09 00:14:33,835 [s1@group-9FC63B188219-LeaderElection20] INFO  impl.LeaderElection (LeaderElection.java:askForVotes(339)) - s1@group-9FC63B188219-LeaderElection20 PRE_VOTE round 141: result TIMEOUT
2024-10-09 00:14:33,835 [s1@group-9FC63B188219-LeaderElection20] INFO  impl.LeaderElection (LeaderElection.java:askForVotes(337)) - s1@group-9FC63B188219-LeaderElection20 PRE_VOTE round 142: submit vote requests at term 2 for conf: {index: 1, cur=peers:[s3|localhost:15172, s4|localhost:15176, s0|localhost:15160, s1|localhost:15164, s2|localhost:15168]|listeners:[], old=null}
2024-10-09 00:14:33,835 [HandlerDaemon-1] INFO  server.RaftServer$Division (RaftServerImpl.java:requestVote(1443)) - s3@group-9FC63B188219: receive requestVote(PRE_VOTE, s1, group-9FC63B188219, 2, (t:2, i:2))
2024-10-09 00:14:33,835 [HandlerDaemon-1] INFO  impl.VoteContext (VoteContext.java:log(49)) - s3@group-9FC63B188219-CANDIDATE: accept PRE_VOTE from s1: our priority 0 <= candidate's priority 0
2024-10-09 00:14:33,835 [s1@group-9FC63B188219-LeaderElection20] INFO  impl.LeaderElection (LogUtils.java:infoOrTrace(136)) - s1@group-9FC63B188219-LeaderElection20 got exception when requesting votes: java.util.concurrent.ExecutionException: java.io.IOException: The peer s4 is not alive.
2024-10-09 00:14:33,835 [HandlerDaemon-1] INFO  server.RaftServer$Division (RaftServerImpl.java:requestVote(1476)) - s3@group-9FC63B188219 replies to PRE_VOTE vote request: s1<-s3#0:OK-t2. Peer's state: s3@group-9FC63B188219:t2, leader=null, voted=s2, raftlog=Memoized:s3@group-9FC63B188219-SegmentedRaftLog:OPENED:c2:last(t:2, i:2), conf=conf: {index: 1, cur=peers:[s3|localhost:15172, s4|localhost:15176, s0|localhost:15160, s1|localhost:15164, s2|localhost:15168]|listeners:[], old=null}
2024-10-09 00:14:33,835 [s1@group-9FC63B188219-LeaderElection20] INFO  impl.LeaderElection (LogUtils.java:infoOrTrace(136)) - s1@group-9FC63B188219-LeaderElection20 got exception when requesting votes: java.util.concurrent.ExecutionException: java.io.IOException: The peer s2 is not alive.
2024-10-09 00:14:34,016 [s3@group-9FC63B188219-LeaderElection21] INFO  impl.LeaderElection (LeaderElection.java:logAndReturn(90)) - s3@group-9FC63B188219-LeaderElection21: PRE_VOTE TIMEOUT received 1 response(s) and 2 exception(s):
2024-10-09 00:14:34,016 [s3@group-9FC63B188219-LeaderElection21] INFO  impl.LeaderElection (LeaderElection.java:logAndReturn(94)) -   Response 0: s3<-s1#0:OK-t2
2024-10-09 00:14:34,016 [s3@group-9FC63B188219-LeaderElection21] INFO  impl.LeaderElection (LogUtils.java:infoOrTrace(136)) -   Exception 1: java.util.concurrent.ExecutionException: java.io.IOException: The peer s4 is not alive.
2024-10-09 00:14:34,016 [s3@group-9FC63B188219-LeaderElection21] INFO  impl.LeaderElection (LogUtils.java:infoOrTrace(136)) -   Exception 2: java.util.concurrent.ExecutionException: java.io.IOException: The peer s2 is not alive.
2024-10-09 00:14:34,016 [s3@group-9FC63B188219-LeaderElection21] INFO  impl.LeaderElection (LeaderElection.java:askForVotes(339)) - s3@group-9FC63B188219-LeaderElection21 PRE_VOTE round 127: result TIMEOUT
2024-10-09 00:14:34,016 [s3@group-9FC63B188219-LeaderElection21] INFO  impl.LeaderElection (LeaderElection.java:askForVotes(337)) - s3@group-9FC63B188219-LeaderElection21 PRE_VOTE round 128: submit vote requests at term 2 for conf: {index: 1, cur=peers:[s3|localhost:15172, s4|localhost:15176, s0|localhost:15160, s1|localhost:15164, s2|localhost:15168]|listeners:[], old=null}
2024-10-09 00:14:34,017 [HandlerDaemon-2] INFO  server.RaftServer$Division (RaftServerImpl.java:requestVote(1443)) - s1@group-9FC63B188219: receive requestVote(PRE_VOTE, s3, group-9FC63B188219, 2, (t:2, i:2))
2024-10-09 00:14:34,017 [s3@group-9FC63B188219-LeaderElection21] INFO  impl.LeaderElection (LogUtils.java:infoOrTrace(136)) - s3@group-9FC63B188219-LeaderElection21 got exception when requesting votes: java.util.concurrent.ExecutionException: java.io.IOException: The peer s4 is not alive.
2024-10-09 00:14:34,017 [s3@group-9FC63B188219-LeaderElection21] INFO  impl.LeaderElection (LogUtils.java:infoOrTrace(136)) - s3@group-9FC63B188219-LeaderElection21 got exception when requesting votes: java.util.concurrent.ExecutionException: java.io.IOException: The peer s2 is not alive.
2024-10-09 00:14:34,017 [HandlerDaemon-2] INFO  impl.VoteContext (VoteContext.java:log(49)) - s1@group-9FC63B188219-CANDIDATE: accept PRE_VOTE from s3: our priority 0 <= candidate's priority 0
2024-10-09 00:14:34,017 [HandlerDaemon-2] INFO  server.RaftServer$Division (RaftServerImpl.java:requestVote(1476)) - s1@group-9FC63B188219 replies to PRE_VOTE vote request: s3<-s1#0:OK-t2. Peer's state: s1@group-9FC63B188219:t2, leader=null, voted=s2, raftlog=Memoized:s1@group-9FC63B188219-SegmentedRaftLog:OPENED:c2:last(t:2, i:2), conf=conf: {index: 1, cur=peers:[s3|localhost:15172, s4|localhost:15176, s0|localhost:15160, s1|localhost:15164, s2|localhost:15168]|listeners:[], old=null}
2024-10-09 00:14:34,091 [s1@group-9FC63B188219-LeaderElection20] INFO  impl.LeaderElection (LeaderElection.java:logAndReturn(90)) - s1@group-9FC63B188219-LeaderElection20: PRE_VOTE TIMEOUT received 1 response(s) and 2 exception(s):
2024-10-09 00:14:34,091 [s1@group-9FC63B188219-LeaderElection20] INFO  impl.LeaderElection (LeaderElection.java:logAndReturn(94)) -   Response 0: s1<-s3#0:OK-t2
2024-10-09 00:14:34,091 [s1@group-9FC63B188219-LeaderElection20] INFO  impl.LeaderElection (LogUtils.java:infoOrTrace(136)) -   Exception 1: java.util.concurrent.ExecutionException: java.io.IOException: The peer s4 is not alive.
2024-10-09 00:14:34,091 [s1@group-9FC63B188219-LeaderElection20] INFO  impl.LeaderElection (LogUtils.java:infoOrTrace(136)) -   Exception 2: java.util.concurrent.ExecutionException: java.io.IOException: The peer s2 is not alive.
2024-10-09 00:14:34,091 [s1@group-9FC63B188219-LeaderElection20] INFO  impl.LeaderElection (LeaderElection.java:askForVotes(339)) - s1@group-9FC63B188219-LeaderElection20 PRE_VOTE round 142: result TIMEOUT
2024-10-09 00:14:34,091 [s1@group-9FC63B188219-LeaderElection20] INFO  impl.LeaderElection (LeaderElection.java:askForVotes(337)) - s1@group-9FC63B188219-LeaderElection20 PRE_VOTE round 143: submit vote requests at term 2 for conf: {index: 1, cur=peers:[s3|localhost:15172, s4|localhost:15176, s0|localhost:15160, s1|localhost:15164, s2|localhost:15168]|listeners:[], old=null}
2024-10-09 00:14:34,092 [HandlerDaemon-2] INFO  server.RaftServer$Division (RaftServerImpl.java:requestVote(1443)) - s3@group-9FC63B188219: receive requestVote(PRE_VOTE, s1, group-9FC63B188219, 2, (t:2, i:2))
2024-10-09 00:14:34,092 [HandlerDaemon-2] INFO  impl.VoteContext (VoteContext.java:log(49)) - s3@group-9FC63B188219-CANDIDATE: accept PRE_VOTE from s1: our priority 0 <= candidate's priority 0
2024-10-09 00:14:34,092 [s1@group-9FC63B188219-LeaderElection20] INFO  impl.LeaderElection (LogUtils.java:infoOrTrace(136)) - s1@group-9FC63B188219-LeaderElection20 got exception when requesting votes: java.util.concurrent.ExecutionException: java.io.IOException: The peer s4 is not alive.
2024-10-09 00:14:34,092 [HandlerDaemon-2] INFO  server.RaftServer$Division (RaftServerImpl.java:requestVote(1476)) - s3@group-9FC63B188219 replies to PRE_VOTE vote request: s1<-s3#0:OK-t2. Peer's state: s3@group-9FC63B188219:t2, leader=null, voted=s2, raftlog=Memoized:s3@group-9FC63B188219-SegmentedRaftLog:OPENED:c2:last(t:2, i:2), conf=conf: {index: 1, cur=peers:[s3|localhost:15172, s4|localhost:15176, s0|localhost:15160, s1|localhost:15164, s2|localhost:15168]|listeners:[], old=null}
2024-10-09 00:14:34,092 [s1@group-9FC63B188219-LeaderElection20] INFO  impl.LeaderElection (LogUtils.java:infoOrTrace(136)) - s1@group-9FC63B188219-LeaderElection20 got exception when requesting votes: java.util.concurrent.ExecutionException: java.io.IOException: The peer s2 is not alive.
2024-10-09 00:14:34,224 [main] WARN  ratis.RaftTestUtil (RaftTestUtil.java:lambda$waitForLeader$3(126)) - Attempt #74 failed: java.lang.IllegalStateException: No leader yet : printing ALL groups
  s3:  RUNNING CANDIDATE s3@group-9FC63B188219:t2, leader=null, voted=s2, raftlog=Memoized:s3@group-9FC63B188219-SegmentedRaftLog:OPENED:c2:last(t:2, i:2), conf=conf: {index: 1, cur=peers:[s3|localhost:15172, s4|localhost:15176, s0|localhost:15160, s1|localhost:15164, s2|localhost:15168]|listeners:[], old=null} RUNNING
  s4:   CLOSED    LEADER s4@group-9FC63B188219:t1, leader=s4, voted=s4, raftlog=Memoized:s4@group-9FC63B188219-SegmentedRaftLog:CLOSED:c0, conf=conf: {index: 0, cur=peers:[s3|localhost:15172, s4|localhost:15176, s0|localhost:15160, s1|localhost:15164, s2|localhost:15168]|listeners:[], old=null} CLOSED
  s0:  RUNNING  FOLLOWER s0@group-9FC63B188219:t1, leader=null, voted=null, raftlog=Memoized:s0@group-9FC63B188219-SegmentedRaftLog:OPENED:c-1:lastnull, conf=conf: {index: -1, cur=peers:[s3|localhost:15172, s4|localhost:15176, s0|localhost:15160, s1|localhost:15164, s2|localhost:15168]|listeners:[], old=null} RUNNING
  s1:  RUNNING CANDIDATE s1@group-9FC63B188219:t2, leader=null, voted=s2, raftlog=Memoized:s1@group-9FC63B188219-SegmentedRaftLog:OPENED:c2:last(t:2, i:2), conf=conf: {index: 1, cur=peers:[s3|localhost:15172, s4|localhost:15176, s0|localhost:15160, s1|localhost:15164, s2|localhost:15168]|listeners:[], old=null} RUNNING
  s2:   CLOSED    LEADER s2@group-9FC63B188219:t2, leader=s2, voted=s2, raftlog=Memoized:s2@group-9FC63B188219-SegmentedRaftLog:CLOSED:c2, conf=conf: {index: 1, cur=peers:[s3|localhost:15172, s4|localhost:15176, s0|localhost:15160, s1|localhost:15164, s2|localhost:15168]|listeners:[], old=null} CLOSED
2024-10-09 00:14:34,236 [s3@group-9FC63B188219-LeaderElection21] INFO  impl.LeaderElection (LeaderElection.java:logAndReturn(90)) - s3@group-9FC63B188219-LeaderElection21: PRE_VOTE TIMEOUT received 1 response(s) and 2 exception(s):
2024-10-09 00:14:34,236 [s3@group-9FC63B188219-LeaderElection21] INFO  impl.LeaderElection (LeaderElection.java:logAndReturn(94)) -   Response 0: s3<-s1#0:OK-t2
2024-10-09 00:14:34,236 [s3@group-9FC63B188219-LeaderElection21] INFO  impl.LeaderElection (LogUtils.java:infoOrTrace(136)) -   Exception 1: java.util.concurrent.ExecutionException: java.io.IOException: The peer s4 is not alive.
2024-10-09 00:14:34,236 [s3@group-9FC63B188219-LeaderElection21] INFO  impl.LeaderElection (LogUtils.java:infoOrTrace(136)) -   Exception 2: java.util.concurrent.ExecutionException: java.io.IOException: The peer s2 is not alive.
2024-10-09 00:14:34,236 [s3@group-9FC63B188219-LeaderElection21] INFO  impl.LeaderElection (LeaderElection.java:askForVotes(339)) - s3@group-9FC63B188219-LeaderElection21 PRE_VOTE round 128: result TIMEOUT
2024-10-09 00:14:34,236 [s3@group-9FC63B188219-LeaderElection21] INFO  impl.LeaderElection (LeaderElection.java:askForVotes(337)) - s3@group-9FC63B188219-LeaderElection21 PRE_VOTE round 129: submit vote requests at term 2 for conf: {index: 1, cur=peers:[s3|localhost:15172, s4|localhost:15176, s0|localhost:15160, s1|localhost:15164, s2|localhost:15168]|listeners:[], old=null}
2024-10-09 00:14:34,237 [HandlerDaemon-0] INFO  server.RaftServer$Division (RaftServerImpl.java:requestVote(1443)) - s1@group-9FC63B188219: receive requestVote(PRE_VOTE, s3, group-9FC63B188219, 2, (t:2, i:2))
2024-10-09 00:14:34,237 [s3@group-9FC63B188219-LeaderElection21] INFO  impl.LeaderElection (LogUtils.java:infoOrTrace(136)) - s3@group-9FC63B188219-LeaderElection21 got exception when requesting votes: java.util.concurrent.ExecutionException: java.io.IOException: The peer s4 is not alive.
2024-10-09 00:14:34,237 [s3@group-9FC63B188219-LeaderElection21] INFO  impl.LeaderElection (LogUtils.java:infoOrTrace(136)) - s3@group-9FC63B188219-LeaderElection21 got exception when requesting votes: java.util.concurrent.ExecutionException: java.io.IOException: The peer s2 is not alive.
2024-10-09 00:14:34,237 [HandlerDaemon-0] INFO  impl.VoteContext (VoteContext.java:log(49)) - s1@group-9FC63B188219-CANDIDATE: accept PRE_VOTE from s3: our priority 0 <= candidate's priority 0
2024-10-09 00:14:34,237 [HandlerDaemon-0] INFO  server.RaftServer$Division (RaftServerImpl.java:requestVote(1476)) - s1@group-9FC63B188219 replies to PRE_VOTE vote request: s3<-s1#0:OK-t2. Peer's state: s1@group-9FC63B188219:t2, leader=null, voted=s2, raftlog=Memoized:s1@group-9FC63B188219-SegmentedRaftLog:OPENED:c2:last(t:2, i:2), conf=conf: {index: 1, cur=peers:[s3|localhost:15172, s4|localhost:15176, s0|localhost:15160, s1|localhost:15164, s2|localhost:15168]|listeners:[], old=null}
2024-10-09 00:14:34,307 [s1@group-9FC63B188219-LeaderElection20] INFO  impl.LeaderElection (LeaderElection.java:logAndReturn(90)) - s1@group-9FC63B188219-LeaderElection20: PRE_VOTE TIMEOUT received 1 response(s) and 2 exception(s):
2024-10-09 00:14:34,307 [s1@group-9FC63B188219-LeaderElection20] INFO  impl.LeaderElection (LeaderElection.java:logAndReturn(94)) -   Response 0: s1<-s3#0:OK-t2
2024-10-09 00:14:34,307 [s1@group-9FC63B188219-LeaderElection20] INFO  impl.LeaderElection (LogUtils.java:infoOrTrace(136)) -   Exception 1: java.util.concurrent.ExecutionException: java.io.IOException: The peer s4 is not alive.
2024-10-09 00:14:34,307 [s1@group-9FC63B188219-LeaderElection20] INFO  impl.LeaderElection (LogUtils.java:infoOrTrace(136)) -   Exception 2: java.util.concurrent.ExecutionException: java.io.IOException: The peer s2 is not alive.
2024-10-09 00:14:34,307 [s1@group-9FC63B188219-LeaderElection20] INFO  impl.LeaderElection (LeaderElection.java:askForVotes(339)) - s1@group-9FC63B188219-LeaderElection20 PRE_VOTE round 143: result TIMEOUT
2024-10-09 00:14:34,307 [s1@group-9FC63B188219-LeaderElection20] INFO  impl.LeaderElection (LeaderElection.java:askForVotes(337)) - s1@group-9FC63B188219-LeaderElection20 PRE_VOTE round 144: submit vote requests at term 2 for conf: {index: 1, cur=peers:[s3|localhost:15172, s4|localhost:15176, s0|localhost:15160, s1|localhost:15164, s2|localhost:15168]|listeners:[], old=null}
2024-10-09 00:14:34,308 [HandlerDaemon-0] INFO  server.RaftServer$Division (RaftServerImpl.java:requestVote(1443)) - s3@group-9FC63B188219: receive requestVote(PRE_VOTE, s1, group-9FC63B188219, 2, (t:2, i:2))
2024-10-09 00:14:34,308 [HandlerDaemon-0] INFO  impl.VoteContext (VoteContext.java:log(49)) - s3@group-9FC63B188219-CANDIDATE: accept PRE_VOTE from s1: our priority 0 <= candidate's priority 0
2024-10-09 00:14:34,308 [s1@group-9FC63B188219-LeaderElection20] INFO  impl.LeaderElection (LogUtils.java:infoOrTrace(136)) - s1@group-9FC63B188219-LeaderElection20 got exception when requesting votes: java.util.concurrent.ExecutionException: java.io.IOException: The peer s4 is not alive.
2024-10-09 00:14:34,308 [s1@group-9FC63B188219-LeaderElection20] INFO  impl.LeaderElection (LogUtils.java:infoOrTrace(136)) - s1@group-9FC63B188219-LeaderElection20 got exception when requesting votes: java.util.concurrent.ExecutionException: java.io.IOException: The peer s2 is not alive.
2024-10-09 00:14:34,308 [HandlerDaemon-0] INFO  server.RaftServer$Division (RaftServerImpl.java:requestVote(1476)) - s3@group-9FC63B188219 replies to PRE_VOTE vote request: s1<-s3#0:OK-t2. Peer's state: s3@group-9FC63B188219:t2, leader=null, voted=s2, raftlog=Memoized:s3@group-9FC63B188219-SegmentedRaftLog:OPENED:c2:last(t:2, i:2), conf=conf: {index: 1, cur=peers:[s3|localhost:15172, s4|localhost:15176, s0|localhost:15160, s1|localhost:15164, s2|localhost:15168]|listeners:[], old=null}
2024-10-09 00:14:34,393 [s3@group-9FC63B188219-LeaderElection21] INFO  impl.LeaderElection (LeaderElection.java:logAndReturn(90)) - s3@group-9FC63B188219-LeaderElection21: PRE_VOTE TIMEOUT received 1 response(s) and 2 exception(s):
2024-10-09 00:14:34,393 [s3@group-9FC63B188219-LeaderElection21] INFO  impl.LeaderElection (LeaderElection.java:logAndReturn(94)) -   Response 0: s3<-s1#0:OK-t2
2024-10-09 00:14:34,393 [s3@group-9FC63B188219-LeaderElection21] INFO  impl.LeaderElection (LogUtils.java:infoOrTrace(136)) -   Exception 1: java.util.concurrent.ExecutionException: java.io.IOException: The peer s4 is not alive.
2024-10-09 00:14:34,393 [s3@group-9FC63B188219-LeaderElection21] INFO  impl.LeaderElection (LogUtils.java:infoOrTrace(136)) -   Exception 2: java.util.concurrent.ExecutionException: java.io.IOException: The peer s2 is not alive.
2024-10-09 00:14:34,393 [s3@group-9FC63B188219-LeaderElection21] INFO  impl.LeaderElection (LeaderElection.java:askForVotes(339)) - s3@group-9FC63B188219-LeaderElection21 PRE_VOTE round 129: result TIMEOUT
2024-10-09 00:14:34,393 [s3@group-9FC63B188219-LeaderElection21] INFO  impl.LeaderElection (LeaderElection.java:askForVotes(337)) - s3@group-9FC63B188219-LeaderElection21 PRE_VOTE round 130: submit vote requests at term 2 for conf: {index: 1, cur=peers:[s3|localhost:15172, s4|localhost:15176, s0|localhost:15160, s1|localhost:15164, s2|localhost:15168]|listeners:[], old=null}
2024-10-09 00:14:34,393 [HandlerDaemon-1] INFO  server.RaftServer$Division (RaftServerImpl.java:requestVote(1443)) - s1@group-9FC63B188219: receive requestVote(PRE_VOTE, s3, group-9FC63B188219, 2, (t:2, i:2))
2024-10-09 00:14:34,394 [s3@group-9FC63B188219-LeaderElection21] INFO  impl.LeaderElection (LogUtils.java:infoOrTrace(136)) - s3@group-9FC63B188219-LeaderElection21 got exception when requesting votes: java.util.concurrent.ExecutionException: java.io.IOException: The peer s4 is not alive.
2024-10-09 00:14:34,394 [s3@group-9FC63B188219-LeaderElection21] INFO  impl.LeaderElection (LogUtils.java:infoOrTrace(136)) - s3@group-9FC63B188219-LeaderElection21 got exception when requesting votes: java.util.concurrent.ExecutionException: java.io.IOException: The peer s2 is not alive.
2024-10-09 00:14:34,394 [HandlerDaemon-1] INFO  impl.VoteContext (VoteContext.java:log(49)) - s1@group-9FC63B188219-CANDIDATE: accept PRE_VOTE from s3: our priority 0 <= candidate's priority 0
2024-10-09 00:14:34,394 [HandlerDaemon-1] INFO  server.RaftServer$Division (RaftServerImpl.java:requestVote(1476)) - s1@group-9FC63B188219 replies to PRE_VOTE vote request: s3<-s1#0:OK-t2. Peer's state: s1@group-9FC63B188219:t2, leader=null, voted=s2, raftlog=Memoized:s1@group-9FC63B188219-SegmentedRaftLog:OPENED:c2:last(t:2, i:2), conf=conf: {index: 1, cur=peers:[s3|localhost:15172, s4|localhost:15176, s0|localhost:15160, s1|localhost:15164, s2|localhost:15168]|listeners:[], old=null}
2024-10-09 00:14:34,602 [s3@group-9FC63B188219-LeaderElection21] INFO  impl.LeaderElection (LeaderElection.java:logAndReturn(90)) - s3@group-9FC63B188219-LeaderElection21: PRE_VOTE TIMEOUT received 1 response(s) and 2 exception(s):
2024-10-09 00:14:34,602 [s3@group-9FC63B188219-LeaderElection21] INFO  impl.LeaderElection (LeaderElection.java:logAndReturn(94)) -   Response 0: s3<-s1#0:OK-t2
2024-10-09 00:14:34,602 [s3@group-9FC63B188219-LeaderElection21] INFO  impl.LeaderElection (LogUtils.java:infoOrTrace(136)) -   Exception 1: java.util.concurrent.ExecutionException: java.io.IOException: The peer s4 is not alive.
2024-10-09 00:14:34,602 [s3@group-9FC63B188219-LeaderElection21] INFO  impl.LeaderElection (LogUtils.java:infoOrTrace(136)) -   Exception 2: java.util.concurrent.ExecutionException: java.io.IOException: The peer s2 is not alive.
2024-10-09 00:14:34,602 [s3@group-9FC63B188219-LeaderElection21] INFO  impl.LeaderElection (LeaderElection.java:askForVotes(339)) - s3@group-9FC63B188219-LeaderElection21 PRE_VOTE round 130: result TIMEOUT
2024-10-09 00:14:34,602 [s3@group-9FC63B188219-LeaderElection21] INFO  impl.LeaderElection (LeaderElection.java:askForVotes(337)) - s3@group-9FC63B188219-LeaderElection21 PRE_VOTE round 131: submit vote requests at term 2 for conf: {index: 1, cur=peers:[s3|localhost:15172, s4|localhost:15176, s0|localhost:15160, s1|localhost:15164, s2|localhost:15168]|listeners:[], old=null}
2024-10-09 00:14:34,602 [HandlerDaemon-2] INFO  server.RaftServer$Division (RaftServerImpl.java:requestVote(1443)) - s1@group-9FC63B188219: receive requestVote(PRE_VOTE, s3, group-9FC63B188219, 2, (t:2, i:2))
2024-10-09 00:14:34,602 [s3@group-9FC63B188219-LeaderElection21] INFO  impl.LeaderElection (LogUtils.java:infoOrTrace(136)) - s3@group-9FC63B188219-LeaderElection21 got exception when requesting votes: java.util.concurrent.ExecutionException: java.io.IOException: The peer s4 is not alive.
2024-10-09 00:14:34,602 [s3@group-9FC63B188219-LeaderElection21] INFO  impl.LeaderElection (LogUtils.java:infoOrTrace(136)) - s3@group-9FC63B188219-LeaderElection21 got exception when requesting votes: java.util.concurrent.ExecutionException: java.io.IOException: The peer s2 is not alive.
2024-10-09 00:14:34,602 [HandlerDaemon-2] INFO  impl.VoteContext (VoteContext.java:log(49)) - s1@group-9FC63B188219-CANDIDATE: accept PRE_VOTE from s3: our priority 0 <= candidate's priority 0
2024-10-09 00:14:34,603 [HandlerDaemon-2] INFO  server.RaftServer$Division (RaftServerImpl.java:requestVote(1476)) - s1@group-9FC63B188219 replies to PRE_VOTE vote request: s3<-s1#0:OK-t2. Peer's state: s1@group-9FC63B188219:t2, leader=null, voted=s2, raftlog=Memoized:s1@group-9FC63B188219-SegmentedRaftLog:OPENED:c2:last(t:2, i:2), conf=conf: {index: 1, cur=peers:[s3|localhost:15172, s4|localhost:15176, s0|localhost:15160, s1|localhost:15164, s2|localhost:15168]|listeners:[], old=null}
2024-10-09 00:14:34,606 [s1@group-9FC63B188219-LeaderElection20] INFO  impl.LeaderElection (LeaderElection.java:logAndReturn(90)) - s1@group-9FC63B188219-LeaderElection20: PRE_VOTE TIMEOUT received 1 response(s) and 2 exception(s):
2024-10-09 00:14:34,606 [s1@group-9FC63B188219-LeaderElection20] INFO  impl.LeaderElection (LeaderElection.java:logAndReturn(94)) -   Response 0: s1<-s3#0:OK-t2
2024-10-09 00:14:34,606 [s1@group-9FC63B188219-LeaderElection20] INFO  impl.LeaderElection (LogUtils.java:infoOrTrace(136)) -   Exception 1: java.util.concurrent.ExecutionException: java.io.IOException: The peer s4 is not alive.
2024-10-09 00:14:34,606 [s1@group-9FC63B188219-LeaderElection20] INFO  impl.LeaderElection (LogUtils.java:infoOrTrace(136)) -   Exception 2: java.util.concurrent.ExecutionException: java.io.IOException: The peer s2 is not alive.
2024-10-09 00:14:34,606 [s1@group-9FC63B188219-LeaderElection20] INFO  impl.LeaderElection (LeaderElection.java:askForVotes(339)) - s1@group-9FC63B188219-LeaderElection20 PRE_VOTE round 144: result TIMEOUT
2024-10-09 00:14:34,606 [s1@group-9FC63B188219-LeaderElection20] INFO  impl.LeaderElection (LeaderElection.java:askForVotes(337)) - s1@group-9FC63B188219-LeaderElection20 PRE_VOTE round 145: submit vote requests at term 2 for conf: {index: 1, cur=peers:[s3|localhost:15172, s4|localhost:15176, s0|localhost:15160, s1|localhost:15164, s2|localhost:15168]|listeners:[], old=null}
2024-10-09 00:14:34,606 [HandlerDaemon-1] INFO  server.RaftServer$Division (RaftServerImpl.java:requestVote(1443)) - s3@group-9FC63B188219: receive requestVote(PRE_VOTE, s1, group-9FC63B188219, 2, (t:2, i:2))
2024-10-09 00:14:34,606 [HandlerDaemon-1] INFO  impl.VoteContext (VoteContext.java:log(49)) - s3@group-9FC63B188219-CANDIDATE: accept PRE_VOTE from s1: our priority 0 <= candidate's priority 0
2024-10-09 00:14:34,607 [HandlerDaemon-1] INFO  server.RaftServer$Division (RaftServerImpl.java:requestVote(1476)) - s3@group-9FC63B188219 replies to PRE_VOTE vote request: s1<-s3#0:OK-t2. Peer's state: s3@group-9FC63B188219:t2, leader=null, voted=s2, raftlog=Memoized:s3@group-9FC63B188219-SegmentedRaftLog:OPENED:c2:last(t:2, i:2), conf=conf: {index: 1, cur=peers:[s3|localhost:15172, s4|localhost:15176, s0|localhost:15160, s1|localhost:15164, s2|localhost:15168]|listeners:[], old=null}
2024-10-09 00:14:34,607 [s1@group-9FC63B188219-LeaderElection20] INFO  impl.LeaderElection (LogUtils.java:infoOrTrace(136)) - s1@group-9FC63B188219-LeaderElection20 got exception when requesting votes: java.util.concurrent.ExecutionException: java.io.IOException: The peer s4 is not alive.
2024-10-09 00:14:34,607 [s1@group-9FC63B188219-LeaderElection20] INFO  impl.LeaderElection (LogUtils.java:infoOrTrace(136)) - s1@group-9FC63B188219-LeaderElection20 got exception when requesting votes: java.util.concurrent.ExecutionException: java.io.IOException: The peer s2 is not alive.
2024-10-09 00:14:34,674 [main] WARN  ratis.RaftTestUtil (RaftTestUtil.java:lambda$waitForLeader$3(126)) - Attempt #75 failed: java.lang.IllegalStateException: No leader yet : printing ALL groups
  s3:  RUNNING CANDIDATE s3@group-9FC63B188219:t2, leader=null, voted=s2, raftlog=Memoized:s3@group-9FC63B188219-SegmentedRaftLog:OPENED:c2:last(t:2, i:2), conf=conf: {index: 1, cur=peers:[s3|localhost:15172, s4|localhost:15176, s0|localhost:15160, s1|localhost:15164, s2|localhost:15168]|listeners:[], old=null} RUNNING
  s4:   CLOSED    LEADER s4@group-9FC63B188219:t1, leader=s4, voted=s4, raftlog=Memoized:s4@group-9FC63B188219-SegmentedRaftLog:CLOSED:c0, conf=conf: {index: 0, cur=peers:[s3|localhost:15172, s4|localhost:15176, s0|localhost:15160, s1|localhost:15164, s2|localhost:15168]|listeners:[], old=null} CLOSED
  s0:  RUNNING  FOLLOWER s0@group-9FC63B188219:t1, leader=null, voted=null, raftlog=Memoized:s0@group-9FC63B188219-SegmentedRaftLog:OPENED:c-1:lastnull, conf=conf: {index: -1, cur=peers:[s3|localhost:15172, s4|localhost:15176, s0|localhost:15160, s1|localhost:15164, s2|localhost:15168]|listeners:[], old=null} RUNNING
  s1:  RUNNING CANDIDATE s1@group-9FC63B188219:t2, leader=null, voted=s2, raftlog=Memoized:s1@group-9FC63B188219-SegmentedRaftLog:OPENED:c2:last(t:2, i:2), conf=conf: {index: 1, cur=peers:[s3|localhost:15172, s4|localhost:15176, s0|localhost:15160, s1|localhost:15164, s2|localhost:15168]|listeners:[], old=null} RUNNING
  s2:   CLOSED    LEADER s2@group-9FC63B188219:t2, leader=s2, voted=s2, raftlog=Memoized:s2@group-9FC63B188219-SegmentedRaftLog:CLOSED:c2, conf=conf: {index: 1, cur=peers:[s3|localhost:15172, s4|localhost:15176, s0|localhost:15160, s1|localhost:15164, s2|localhost:15168]|listeners:[], old=null} CLOSED
2024-10-09 00:14:34,781 [s1@group-9FC63B188219-LeaderElection20] INFO  impl.LeaderElection (LeaderElection.java:logAndReturn(90)) - s1@group-9FC63B188219-LeaderElection20: PRE_VOTE TIMEOUT received 1 response(s) and 2 exception(s):
2024-10-09 00:14:34,781 [s1@group-9FC63B188219-LeaderElection20] INFO  impl.LeaderElection (LeaderElection.java:logAndReturn(94)) -   Response 0: s1<-s3#0:OK-t2
2024-10-09 00:14:34,781 [s1@group-9FC63B188219-LeaderElection20] INFO  impl.LeaderElection (LogUtils.java:infoOrTrace(136)) -   Exception 1: java.util.concurrent.ExecutionException: java.io.IOException: The peer s4 is not alive.
2024-10-09 00:14:34,781 [s1@group-9FC63B188219-LeaderElection20] INFO  impl.LeaderElection (LogUtils.java:infoOrTrace(136)) -   Exception 2: java.util.concurrent.ExecutionException: java.io.IOException: The peer s2 is not alive.
2024-10-09 00:14:34,781 [s1@group-9FC63B188219-LeaderElection20] INFO  impl.LeaderElection (LeaderElection.java:askForVotes(339)) - s1@group-9FC63B188219-LeaderElection20 PRE_VOTE round 145: result TIMEOUT
2024-10-09 00:14:34,781 [s1@group-9FC63B188219-LeaderElection20] INFO  impl.LeaderElection (LeaderElection.java:askForVotes(337)) - s1@group-9FC63B188219-LeaderElection20 PRE_VOTE round 146: submit vote requests at term 2 for conf: {index: 1, cur=peers:[s3|localhost:15172, s4|localhost:15176, s0|localhost:15160, s1|localhost:15164, s2|localhost:15168]|listeners:[], old=null}
2024-10-09 00:14:34,781 [HandlerDaemon-2] INFO  server.RaftServer$Division (RaftServerImpl.java:requestVote(1443)) - s3@group-9FC63B188219: receive requestVote(PRE_VOTE, s1, group-9FC63B188219, 2, (t:2, i:2))
2024-10-09 00:14:34,781 [HandlerDaemon-2] INFO  impl.VoteContext (VoteContext.java:log(49)) - s3@group-9FC63B188219-CANDIDATE: accept PRE_VOTE from s1: our priority 0 <= candidate's priority 0
2024-10-09 00:14:34,781 [HandlerDaemon-2] INFO  server.RaftServer$Division (RaftServerImpl.java:requestVote(1476)) - s3@group-9FC63B188219 replies to PRE_VOTE vote request: s1<-s3#0:OK-t2. Peer's state: s3@group-9FC63B188219:t2, leader=null, voted=s2, raftlog=Memoized:s3@group-9FC63B188219-SegmentedRaftLog:OPENED:c2:last(t:2, i:2), conf=conf: {index: 1, cur=peers:[s3|localhost:15172, s4|localhost:15176, s0|localhost:15160, s1|localhost:15164, s2|localhost:15168]|listeners:[], old=null}
2024-10-09 00:14:34,781 [s1@group-9FC63B188219-LeaderElection20] INFO  impl.LeaderElection (LogUtils.java:infoOrTrace(136)) - s1@group-9FC63B188219-LeaderElection20 got exception when requesting votes: java.util.concurrent.ExecutionException: java.io.IOException: The peer s4 is not alive.
2024-10-09 00:14:34,781 [s1@group-9FC63B188219-LeaderElection20] INFO  impl.LeaderElection (LogUtils.java:infoOrTrace(136)) - s1@group-9FC63B188219-LeaderElection20 got exception when requesting votes: java.util.concurrent.ExecutionException: java.io.IOException: The peer s2 is not alive.
2024-10-09 00:14:34,794 [s3@group-9FC63B188219-LeaderElection21] INFO  impl.LeaderElection (LeaderElection.java:logAndReturn(90)) - s3@group-9FC63B188219-LeaderElection21: PRE_VOTE TIMEOUT received 1 response(s) and 2 exception(s):
2024-10-09 00:14:34,794 [s3@group-9FC63B188219-LeaderElection21] INFO  impl.LeaderElection (LeaderElection.java:logAndReturn(94)) -   Response 0: s3<-s1#0:OK-t2
2024-10-09 00:14:34,794 [s3@group-9FC63B188219-LeaderElection21] INFO  impl.LeaderElection (LogUtils.java:infoOrTrace(136)) -   Exception 1: java.util.concurrent.ExecutionException: java.io.IOException: The peer s4 is not alive.
2024-10-09 00:14:34,795 [s3@group-9FC63B188219-LeaderElection21] INFO  impl.LeaderElection (LogUtils.java:infoOrTrace(136)) -   Exception 2: java.util.concurrent.ExecutionException: java.io.IOException: The peer s2 is not alive.
2024-10-09 00:14:34,795 [s3@group-9FC63B188219-LeaderElection21] INFO  impl.LeaderElection (LeaderElection.java:askForVotes(339)) - s3@group-9FC63B188219-LeaderElection21 PRE_VOTE round 131: result TIMEOUT
2024-10-09 00:14:34,795 [s3@group-9FC63B188219-LeaderElection21] INFO  impl.LeaderElection (LeaderElection.java:askForVotes(337)) - s3@group-9FC63B188219-LeaderElection21 PRE_VOTE round 132: submit vote requests at term 2 for conf: {index: 1, cur=peers:[s3|localhost:15172, s4|localhost:15176, s0|localhost:15160, s1|localhost:15164, s2|localhost:15168]|listeners:[], old=null}
2024-10-09 00:14:34,795 [HandlerDaemon-0] INFO  server.RaftServer$Division (RaftServerImpl.java:requestVote(1443)) - s1@group-9FC63B188219: receive requestVote(PRE_VOTE, s3, group-9FC63B188219, 2, (t:2, i:2))
2024-10-09 00:14:34,795 [s3@group-9FC63B188219-LeaderElection21] INFO  impl.LeaderElection (LogUtils.java:infoOrTrace(136)) - s3@group-9FC63B188219-LeaderElection21 got exception when requesting votes: java.util.concurrent.ExecutionException: java.io.IOException: The peer s4 is not alive.
2024-10-09 00:14:34,795 [HandlerDaemon-0] INFO  impl.VoteContext (VoteContext.java:log(49)) - s1@group-9FC63B188219-CANDIDATE: accept PRE_VOTE from s3: our priority 0 <= candidate's priority 0
2024-10-09 00:14:34,795 [s3@group-9FC63B188219-LeaderElection21] INFO  impl.LeaderElection (LogUtils.java:infoOrTrace(136)) - s3@group-9FC63B188219-LeaderElection21 got exception when requesting votes: java.util.concurrent.ExecutionException: java.io.IOException: The peer s2 is not alive.
2024-10-09 00:14:34,795 [HandlerDaemon-0] INFO  server.RaftServer$Division (RaftServerImpl.java:requestVote(1476)) - s1@group-9FC63B188219 replies to PRE_VOTE vote request: s3<-s1#0:OK-t2. Peer's state: s1@group-9FC63B188219:t2, leader=null, voted=s2, raftlog=Memoized:s1@group-9FC63B188219-SegmentedRaftLog:OPENED:c2:last(t:2, i:2), conf=conf: {index: 1, cur=peers:[s3|localhost:15172, s4|localhost:15176, s0|localhost:15160, s1|localhost:15164, s2|localhost:15168]|listeners:[], old=null}
2024-10-09 00:14:34,974 [s1@group-9FC63B188219-LeaderElection20] INFO  impl.LeaderElection (LeaderElection.java:logAndReturn(90)) - s1@group-9FC63B188219-LeaderElection20: PRE_VOTE TIMEOUT received 1 response(s) and 2 exception(s):
2024-10-09 00:14:34,974 [s1@group-9FC63B188219-LeaderElection20] INFO  impl.LeaderElection (LeaderElection.java:logAndReturn(94)) -   Response 0: s1<-s3#0:OK-t2
2024-10-09 00:14:34,974 [s1@group-9FC63B188219-LeaderElection20] INFO  impl.LeaderElection (LogUtils.java:infoOrTrace(136)) -   Exception 1: java.util.concurrent.ExecutionException: java.io.IOException: The peer s4 is not alive.
2024-10-09 00:14:34,974 [s1@group-9FC63B188219-LeaderElection20] INFO  impl.LeaderElection (LogUtils.java:infoOrTrace(136)) -   Exception 2: java.util.concurrent.ExecutionException: java.io.IOException: The peer s2 is not alive.
2024-10-09 00:14:34,974 [s1@group-9FC63B188219-LeaderElection20] INFO  impl.LeaderElection (LeaderElection.java:askForVotes(339)) - s1@group-9FC63B188219-LeaderElection20 PRE_VOTE round 146: result TIMEOUT
2024-10-09 00:14:34,974 [s1@group-9FC63B188219-LeaderElection20] INFO  impl.LeaderElection (LeaderElection.java:askForVotes(337)) - s1@group-9FC63B188219-LeaderElection20 PRE_VOTE round 147: submit vote requests at term 2 for conf: {index: 1, cur=peers:[s3|localhost:15172, s4|localhost:15176, s0|localhost:15160, s1|localhost:15164, s2|localhost:15168]|listeners:[], old=null}
2024-10-09 00:14:34,974 [HandlerDaemon-0] INFO  server.RaftServer$Division (RaftServerImpl.java:requestVote(1443)) - s3@group-9FC63B188219: receive requestVote(PRE_VOTE, s1, group-9FC63B188219, 2, (t:2, i:2))
2024-10-09 00:14:34,974 [HandlerDaemon-0] INFO  impl.VoteContext (VoteContext.java:log(49)) - s3@group-9FC63B188219-CANDIDATE: accept PRE_VOTE from s1: our priority 0 <= candidate's priority 0
2024-10-09 00:14:34,974 [s1@group-9FC63B188219-LeaderElection20] INFO  impl.LeaderElection (LogUtils.java:infoOrTrace(136)) - s1@group-9FC63B188219-LeaderElection20 got exception when requesting votes: java.util.concurrent.ExecutionException: java.io.IOException: The peer s4 is not alive.
2024-10-09 00:14:34,974 [HandlerDaemon-0] INFO  server.RaftServer$Division (RaftServerImpl.java:requestVote(1476)) - s3@group-9FC63B188219 replies to PRE_VOTE vote request: s1<-s3#0:OK-t2. Peer's state: s3@group-9FC63B188219:t2, leader=null, voted=s2, raftlog=Memoized:s3@group-9FC63B188219-SegmentedRaftLog:OPENED:c2:last(t:2, i:2), conf=conf: {index: 1, cur=peers:[s3|localhost:15172, s4|localhost:15176, s0|localhost:15160, s1|localhost:15164, s2|localhost:15168]|listeners:[], old=null}
2024-10-09 00:14:34,974 [s1@group-9FC63B188219-LeaderElection20] INFO  impl.LeaderElection (LogUtils.java:infoOrTrace(136)) - s1@group-9FC63B188219-LeaderElection20 got exception when requesting votes: java.util.concurrent.ExecutionException: java.io.IOException: The peer s2 is not alive.
2024-10-09 00:14:34,981 [s3@group-9FC63B188219-LeaderElection21] INFO  impl.LeaderElection (LeaderElection.java:logAndReturn(90)) - s3@group-9FC63B188219-LeaderElection21: PRE_VOTE TIMEOUT received 1 response(s) and 2 exception(s):
2024-10-09 00:14:34,981 [s3@group-9FC63B188219-LeaderElection21] INFO  impl.LeaderElection (LeaderElection.java:logAndReturn(94)) -   Response 0: s3<-s1#0:OK-t2
2024-10-09 00:14:34,981 [s3@group-9FC63B188219-LeaderElection21] INFO  impl.LeaderElection (LogUtils.java:infoOrTrace(136)) -   Exception 1: java.util.concurrent.ExecutionException: java.io.IOException: The peer s4 is not alive.
2024-10-09 00:14:34,981 [s3@group-9FC63B188219-LeaderElection21] INFO  impl.LeaderElection (LogUtils.java:infoOrTrace(136)) -   Exception 2: java.util.concurrent.ExecutionException: java.io.IOException: The peer s2 is not alive.
2024-10-09 00:14:34,981 [s3@group-9FC63B188219-LeaderElection21] INFO  impl.LeaderElection (LeaderElection.java:askForVotes(339)) - s3@group-9FC63B188219-LeaderElection21 PRE_VOTE round 132: result TIMEOUT
2024-10-09 00:14:34,981 [s3@group-9FC63B188219-LeaderElection21] INFO  impl.LeaderElection (LeaderElection.java:askForVotes(337)) - s3@group-9FC63B188219-LeaderElection21 PRE_VOTE round 133: submit vote requests at term 2 for conf: {index: 1, cur=peers:[s3|localhost:15172, s4|localhost:15176, s0|localhost:15160, s1|localhost:15164, s2|localhost:15168]|listeners:[], old=null}
2024-10-09 00:14:34,982 [HandlerDaemon-1] INFO  server.RaftServer$Division (RaftServerImpl.java:requestVote(1443)) - s1@group-9FC63B188219: receive requestVote(PRE_VOTE, s3, group-9FC63B188219, 2, (t:2, i:2))
2024-10-09 00:14:34,982 [s3@group-9FC63B188219-LeaderElection21] INFO  impl.LeaderElection (LogUtils.java:infoOrTrace(136)) - s3@group-9FC63B188219-LeaderElection21 got exception when requesting votes: java.util.concurrent.ExecutionException: java.io.IOException: The peer s4 is not alive.
2024-10-09 00:14:34,982 [HandlerDaemon-1] INFO  impl.VoteContext (VoteContext.java:log(49)) - s1@group-9FC63B188219-CANDIDATE: accept PRE_VOTE from s3: our priority 0 <= candidate's priority 0
2024-10-09 00:14:34,982 [s3@group-9FC63B188219-LeaderElection21] INFO  impl.LeaderElection (LogUtils.java:infoOrTrace(136)) - s3@group-9FC63B188219-LeaderElection21 got exception when requesting votes: java.util.concurrent.ExecutionException: java.io.IOException: The peer s2 is not alive.
2024-10-09 00:14:34,982 [HandlerDaemon-1] INFO  server.RaftServer$Division (RaftServerImpl.java:requestVote(1476)) - s1@group-9FC63B188219 replies to PRE_VOTE vote request: s3<-s1#0:OK-t2. Peer's state: s1@group-9FC63B188219:t2, leader=null, voted=s2, raftlog=Memoized:s1@group-9FC63B188219-SegmentedRaftLog:OPENED:c2:last(t:2, i:2), conf=conf: {index: 1, cur=peers:[s3|localhost:15172, s4|localhost:15176, s0|localhost:15160, s1|localhost:15164, s2|localhost:15168]|listeners:[], old=null}
2024-10-09 00:14:35,124 [main] WARN  ratis.RaftTestUtil (RaftTestUtil.java:lambda$waitForLeader$3(126)) - Attempt #76 failed: java.lang.IllegalStateException: No leader yet : printing ALL groups
  s3:  RUNNING CANDIDATE s3@group-9FC63B188219:t2, leader=null, voted=s2, raftlog=Memoized:s3@group-9FC63B188219-SegmentedRaftLog:OPENED:c2:last(t:2, i:2), conf=conf: {index: 1, cur=peers:[s3|localhost:15172, s4|localhost:15176, s0|localhost:15160, s1|localhost:15164, s2|localhost:15168]|listeners:[], old=null} RUNNING
  s4:   CLOSED    LEADER s4@group-9FC63B188219:t1, leader=s4, voted=s4, raftlog=Memoized:s4@group-9FC63B188219-SegmentedRaftLog:CLOSED:c0, conf=conf: {index: 0, cur=peers:[s3|localhost:15172, s4|localhost:15176, s0|localhost:15160, s1|localhost:15164, s2|localhost:15168]|listeners:[], old=null} CLOSED
  s0:  RUNNING  FOLLOWER s0@group-9FC63B188219:t1, leader=null, voted=null, raftlog=Memoized:s0@group-9FC63B188219-SegmentedRaftLog:OPENED:c-1:lastnull, conf=conf: {index: -1, cur=peers:[s3|localhost:15172, s4|localhost:15176, s0|localhost:15160, s1|localhost:15164, s2|localhost:15168]|listeners:[], old=null} RUNNING
  s1:  RUNNING CANDIDATE s1@group-9FC63B188219:t2, leader=null, voted=s2, raftlog=Memoized:s1@group-9FC63B188219-SegmentedRaftLog:OPENED:c2:last(t:2, i:2), conf=conf: {index: 1, cur=peers:[s3|localhost:15172, s4|localhost:15176, s0|localhost:15160, s1|localhost:15164, s2|localhost:15168]|listeners:[], old=null} RUNNING
  s2:   CLOSED    LEADER s2@group-9FC63B188219:t2, leader=s2, voted=s2, raftlog=Memoized:s2@group-9FC63B188219-SegmentedRaftLog:CLOSED:c2, conf=conf: {index: 1, cur=peers:[s3|localhost:15172, s4|localhost:15176, s0|localhost:15160, s1|localhost:15164, s2|localhost:15168]|listeners:[], old=null} CLOSED
2024-10-09 00:14:35,240 [s1@group-9FC63B188219-LeaderElection20] INFO  impl.LeaderElection (LeaderElection.java:logAndReturn(90)) - s1@group-9FC63B188219-LeaderElection20: PRE_VOTE TIMEOUT received 1 response(s) and 2 exception(s):
2024-10-09 00:14:35,240 [s1@group-9FC63B188219-LeaderElection20] INFO  impl.LeaderElection (LeaderElection.java:logAndReturn(94)) -   Response 0: s1<-s3#0:OK-t2
2024-10-09 00:14:35,240 [s1@group-9FC63B188219-LeaderElection20] INFO  impl.LeaderElection (LogUtils.java:infoOrTrace(136)) -   Exception 1: java.util.concurrent.ExecutionException: java.io.IOException: The peer s4 is not alive.
2024-10-09 00:14:35,240 [s1@group-9FC63B188219-LeaderElection20] INFO  impl.LeaderElection (LogUtils.java:infoOrTrace(136)) -   Exception 2: java.util.concurrent.ExecutionException: java.io.IOException: The peer s2 is not alive.
2024-10-09 00:14:35,241 [s1@group-9FC63B188219-LeaderElection20] INFO  impl.LeaderElection (LeaderElection.java:askForVotes(339)) - s1@group-9FC63B188219-LeaderElection20 PRE_VOTE round 147: result TIMEOUT
2024-10-09 00:14:35,241 [s1@group-9FC63B188219-LeaderElection20] INFO  impl.LeaderElection (LeaderElection.java:askForVotes(337)) - s1@group-9FC63B188219-LeaderElection20 PRE_VOTE round 148: submit vote requests at term 2 for conf: {index: 1, cur=peers:[s3|localhost:15172, s4|localhost:15176, s0|localhost:15160, s1|localhost:15164, s2|localhost:15168]|listeners:[], old=null}
2024-10-09 00:14:35,241 [HandlerDaemon-1] INFO  server.RaftServer$Division (RaftServerImpl.java:requestVote(1443)) - s3@group-9FC63B188219: receive requestVote(PRE_VOTE, s1, group-9FC63B188219, 2, (t:2, i:2))
2024-10-09 00:14:35,241 [HandlerDaemon-1] INFO  impl.VoteContext (VoteContext.java:log(49)) - s3@group-9FC63B188219-CANDIDATE: accept PRE_VOTE from s1: our priority 0 <= candidate's priority 0
2024-10-09 00:14:35,241 [HandlerDaemon-1] INFO  server.RaftServer$Division (RaftServerImpl.java:requestVote(1476)) - s3@group-9FC63B188219 replies to PRE_VOTE vote request: s1<-s3#0:OK-t2. Peer's state: s3@group-9FC63B188219:t2, leader=null, voted=s2, raftlog=Memoized:s3@group-9FC63B188219-SegmentedRaftLog:OPENED:c2:last(t:2, i:2), conf=conf: {index: 1, cur=peers:[s3|localhost:15172, s4|localhost:15176, s0|localhost:15160, s1|localhost:15164, s2|localhost:15168]|listeners:[], old=null}
2024-10-09 00:14:35,241 [s1@group-9FC63B188219-LeaderElection20] INFO  impl.LeaderElection (LogUtils.java:infoOrTrace(136)) - s1@group-9FC63B188219-LeaderElection20 got exception when requesting votes: java.util.concurrent.ExecutionException: java.io.IOException: The peer s4 is not alive.
2024-10-09 00:14:35,241 [s1@group-9FC63B188219-LeaderElection20] INFO  impl.LeaderElection (LogUtils.java:infoOrTrace(136)) - s1@group-9FC63B188219-LeaderElection20 got exception when requesting votes: java.util.concurrent.ExecutionException: java.io.IOException: The peer s2 is not alive.
2024-10-09 00:14:35,252 [s3@group-9FC63B188219-LeaderElection21] INFO  impl.LeaderElection (LeaderElection.java:logAndReturn(90)) - s3@group-9FC63B188219-LeaderElection21: PRE_VOTE TIMEOUT received 1 response(s) and 2 exception(s):
2024-10-09 00:14:35,252 [s3@group-9FC63B188219-LeaderElection21] INFO  impl.LeaderElection (LeaderElection.java:logAndReturn(94)) -   Response 0: s3<-s1#0:OK-t2
2024-10-09 00:14:35,252 [s3@group-9FC63B188219-LeaderElection21] INFO  impl.LeaderElection (LogUtils.java:infoOrTrace(136)) -   Exception 1: java.util.concurrent.ExecutionException: java.io.IOException: The peer s4 is not alive.
2024-10-09 00:14:35,252 [s3@group-9FC63B188219-LeaderElection21] INFO  impl.LeaderElection (LogUtils.java:infoOrTrace(136)) -   Exception 2: java.util.concurrent.ExecutionException: java.io.IOException: The peer s2 is not alive.
2024-10-09 00:14:35,252 [s3@group-9FC63B188219-LeaderElection21] INFO  impl.LeaderElection (LeaderElection.java:askForVotes(339)) - s3@group-9FC63B188219-LeaderElection21 PRE_VOTE round 133: result TIMEOUT
2024-10-09 00:14:35,252 [s3@group-9FC63B188219-LeaderElection21] INFO  impl.LeaderElection (LeaderElection.java:askForVotes(337)) - s3@group-9FC63B188219-LeaderElection21 PRE_VOTE round 134: submit vote requests at term 2 for conf: {index: 1, cur=peers:[s3|localhost:15172, s4|localhost:15176, s0|localhost:15160, s1|localhost:15164, s2|localhost:15168]|listeners:[], old=null}
2024-10-09 00:14:35,253 [HandlerDaemon-2] INFO  server.RaftServer$Division (RaftServerImpl.java:requestVote(1443)) - s1@group-9FC63B188219: receive requestVote(PRE_VOTE, s3, group-9FC63B188219, 2, (t:2, i:2))
2024-10-09 00:14:35,253 [HandlerDaemon-2] INFO  impl.VoteContext (VoteContext.java:log(49)) - s1@group-9FC63B188219-CANDIDATE: accept PRE_VOTE from s3: our priority 0 <= candidate's priority 0
2024-10-09 00:14:35,253 [s3@group-9FC63B188219-LeaderElection21] INFO  impl.LeaderElection (LogUtils.java:infoOrTrace(136)) - s3@group-9FC63B188219-LeaderElection21 got exception when requesting votes: java.util.concurrent.ExecutionException: java.io.IOException: The peer s4 is not alive.
2024-10-09 00:14:35,253 [HandlerDaemon-2] INFO  server.RaftServer$Division (RaftServerImpl.java:requestVote(1476)) - s1@group-9FC63B188219 replies to PRE_VOTE vote request: s3<-s1#0:OK-t2. Peer's state: s1@group-9FC63B188219:t2, leader=null, voted=s2, raftlog=Memoized:s1@group-9FC63B188219-SegmentedRaftLog:OPENED:c2:last(t:2, i:2), conf=conf: {index: 1, cur=peers:[s3|localhost:15172, s4|localhost:15176, s0|localhost:15160, s1|localhost:15164, s2|localhost:15168]|listeners:[], old=null}
2024-10-09 00:14:35,253 [s3@group-9FC63B188219-LeaderElection21] INFO  impl.LeaderElection (LogUtils.java:infoOrTrace(136)) - s3@group-9FC63B188219-LeaderElection21 got exception when requesting votes: java.util.concurrent.ExecutionException: java.io.IOException: The peer s2 is not alive.
2024-10-09 00:14:35,436 [s1@group-9FC63B188219-LeaderElection20] INFO  impl.LeaderElection (LeaderElection.java:logAndReturn(90)) - s1@group-9FC63B188219-LeaderElection20: PRE_VOTE TIMEOUT received 1 response(s) and 2 exception(s):
2024-10-09 00:14:35,436 [s1@group-9FC63B188219-LeaderElection20] INFO  impl.LeaderElection (LeaderElection.java:logAndReturn(94)) -   Response 0: s1<-s3#0:OK-t2
2024-10-09 00:14:35,436 [s1@group-9FC63B188219-LeaderElection20] INFO  impl.LeaderElection (LogUtils.java:infoOrTrace(136)) -   Exception 1: java.util.concurrent.ExecutionException: java.io.IOException: The peer s4 is not alive.
2024-10-09 00:14:35,436 [s1@group-9FC63B188219-LeaderElection20] INFO  impl.LeaderElection (LogUtils.java:infoOrTrace(136)) -   Exception 2: java.util.concurrent.ExecutionException: java.io.IOException: The peer s2 is not alive.
2024-10-09 00:14:35,436 [s1@group-9FC63B188219-LeaderElection20] INFO  impl.LeaderElection (LeaderElection.java:askForVotes(339)) - s1@group-9FC63B188219-LeaderElection20 PRE_VOTE round 148: result TIMEOUT
2024-10-09 00:14:35,437 [s1@group-9FC63B188219-LeaderElection20] INFO  impl.LeaderElection (LeaderElection.java:askForVotes(337)) - s1@group-9FC63B188219-LeaderElection20 PRE_VOTE round 149: submit vote requests at term 2 for conf: {index: 1, cur=peers:[s3|localhost:15172, s4|localhost:15176, s0|localhost:15160, s1|localhost:15164, s2|localhost:15168]|listeners:[], old=null}
2024-10-09 00:14:35,437 [HandlerDaemon-2] INFO  server.RaftServer$Division (RaftServerImpl.java:requestVote(1443)) - s3@group-9FC63B188219: receive requestVote(PRE_VOTE, s1, group-9FC63B188219, 2, (t:2, i:2))
2024-10-09 00:14:35,437 [HandlerDaemon-2] INFO  impl.VoteContext (VoteContext.java:log(49)) - s3@group-9FC63B188219-CANDIDATE: accept PRE_VOTE from s1: our priority 0 <= candidate's priority 0
2024-10-09 00:14:35,437 [HandlerDaemon-2] INFO  server.RaftServer$Division (RaftServerImpl.java:requestVote(1476)) - s3@group-9FC63B188219 replies to PRE_VOTE vote request: s1<-s3#0:OK-t2. Peer's state: s3@group-9FC63B188219:t2, leader=null, voted=s2, raftlog=Memoized:s3@group-9FC63B188219-SegmentedRaftLog:OPENED:c2:last(t:2, i:2), conf=conf: {index: 1, cur=peers:[s3|localhost:15172, s4|localhost:15176, s0|localhost:15160, s1|localhost:15164, s2|localhost:15168]|listeners:[], old=null}
2024-10-09 00:14:35,437 [s1@group-9FC63B188219-LeaderElection20] INFO  impl.LeaderElection (LogUtils.java:infoOrTrace(136)) - s1@group-9FC63B188219-LeaderElection20 got exception when requesting votes: java.util.concurrent.ExecutionException: java.io.IOException: The peer s4 is not alive.
2024-10-09 00:14:35,437 [s1@group-9FC63B188219-LeaderElection20] INFO  impl.LeaderElection (LogUtils.java:infoOrTrace(136)) - s1@group-9FC63B188219-LeaderElection20 got exception when requesting votes: java.util.concurrent.ExecutionException: java.io.IOException: The peer s2 is not alive.
2024-10-09 00:14:35,452 [s3@group-9FC63B188219-LeaderElection21] INFO  impl.LeaderElection (LeaderElection.java:logAndReturn(90)) - s3@group-9FC63B188219-LeaderElection21: PRE_VOTE TIMEOUT received 1 response(s) and 2 exception(s):
2024-10-09 00:14:35,452 [s3@group-9FC63B188219-LeaderElection21] INFO  impl.LeaderElection (LeaderElection.java:logAndReturn(94)) -   Response 0: s3<-s1#0:OK-t2
2024-10-09 00:14:35,452 [s3@group-9FC63B188219-LeaderElection21] INFO  impl.LeaderElection (LogUtils.java:infoOrTrace(136)) -   Exception 1: java.util.concurrent.ExecutionException: java.io.IOException: The peer s4 is not alive.
2024-10-09 00:14:35,452 [s3@group-9FC63B188219-LeaderElection21] INFO  impl.LeaderElection (LogUtils.java:infoOrTrace(136)) -   Exception 2: java.util.concurrent.ExecutionException: java.io.IOException: The peer s2 is not alive.
2024-10-09 00:14:35,452 [s3@group-9FC63B188219-LeaderElection21] INFO  impl.LeaderElection (LeaderElection.java:askForVotes(339)) - s3@group-9FC63B188219-LeaderElection21 PRE_VOTE round 134: result TIMEOUT
2024-10-09 00:14:35,452 [s3@group-9FC63B188219-LeaderElection21] INFO  impl.LeaderElection (LeaderElection.java:askForVotes(337)) - s3@group-9FC63B188219-LeaderElection21 PRE_VOTE round 135: submit vote requests at term 2 for conf: {index: 1, cur=peers:[s3|localhost:15172, s4|localhost:15176, s0|localhost:15160, s1|localhost:15164, s2|localhost:15168]|listeners:[], old=null}
2024-10-09 00:14:35,452 [HandlerDaemon-0] INFO  server.RaftServer$Division (RaftServerImpl.java:requestVote(1443)) - s1@group-9FC63B188219: receive requestVote(PRE_VOTE, s3, group-9FC63B188219, 2, (t:2, i:2))
2024-10-09 00:14:35,452 [HandlerDaemon-0] INFO  impl.VoteContext (VoteContext.java:log(49)) - s1@group-9FC63B188219-CANDIDATE: accept PRE_VOTE from s3: our priority 0 <= candidate's priority 0
2024-10-09 00:14:35,453 [HandlerDaemon-0] INFO  server.RaftServer$Division (RaftServerImpl.java:requestVote(1476)) - s1@group-9FC63B188219 replies to PRE_VOTE vote request: s3<-s1#0:OK-t2. Peer's state: s1@group-9FC63B188219:t2, leader=null, voted=s2, raftlog=Memoized:s1@group-9FC63B188219-SegmentedRaftLog:OPENED:c2:last(t:2, i:2), conf=conf: {index: 1, cur=peers:[s3|localhost:15172, s4|localhost:15176, s0|localhost:15160, s1|localhost:15164, s2|localhost:15168]|listeners:[], old=null}
2024-10-09 00:14:35,453 [s3@group-9FC63B188219-LeaderElection21] INFO  impl.LeaderElection (LogUtils.java:infoOrTrace(136)) - s3@group-9FC63B188219-LeaderElection21 got exception when requesting votes: java.util.concurrent.ExecutionException: java.io.IOException: The peer s4 is not alive.
2024-10-09 00:14:35,453 [s3@group-9FC63B188219-LeaderElection21] INFO  impl.LeaderElection (LogUtils.java:infoOrTrace(136)) - s3@group-9FC63B188219-LeaderElection21 got exception when requesting votes: java.util.concurrent.ExecutionException: java.io.IOException: The peer s2 is not alive.
2024-10-09 00:14:35,575 [main] WARN  ratis.RaftTestUtil (RaftTestUtil.java:lambda$waitForLeader$3(126)) - Attempt #77 failed: java.lang.IllegalStateException: No leader yet : printing ALL groups
  s3:  RUNNING CANDIDATE s3@group-9FC63B188219:t2, leader=null, voted=s2, raftlog=Memoized:s3@group-9FC63B188219-SegmentedRaftLog:OPENED:c2:last(t:2, i:2), conf=conf: {index: 1, cur=peers:[s3|localhost:15172, s4|localhost:15176, s0|localhost:15160, s1|localhost:15164, s2|localhost:15168]|listeners:[], old=null} RUNNING
  s4:   CLOSED    LEADER s4@group-9FC63B188219:t1, leader=s4, voted=s4, raftlog=Memoized:s4@group-9FC63B188219-SegmentedRaftLog:CLOSED:c0, conf=conf: {index: 0, cur=peers:[s3|localhost:15172, s4|localhost:15176, s0|localhost:15160, s1|localhost:15164, s2|localhost:15168]|listeners:[], old=null} CLOSED
  s0:  RUNNING  FOLLOWER s0@group-9FC63B188219:t1, leader=null, voted=null, raftlog=Memoized:s0@group-9FC63B188219-SegmentedRaftLog:OPENED:c-1:lastnull, conf=conf: {index: -1, cur=peers:[s3|localhost:15172, s4|localhost:15176, s0|localhost:15160, s1|localhost:15164, s2|localhost:15168]|listeners:[], old=null} RUNNING
  s1:  RUNNING CANDIDATE s1@group-9FC63B188219:t2, leader=null, voted=s2, raftlog=Memoized:s1@group-9FC63B188219-SegmentedRaftLog:OPENED:c2:last(t:2, i:2), conf=conf: {index: 1, cur=peers:[s3|localhost:15172, s4|localhost:15176, s0|localhost:15160, s1|localhost:15164, s2|localhost:15168]|listeners:[], old=null} RUNNING
  s2:   CLOSED    LEADER s2@group-9FC63B188219:t2, leader=s2, voted=s2, raftlog=Memoized:s2@group-9FC63B188219-SegmentedRaftLog:CLOSED:c2, conf=conf: {index: 1, cur=peers:[s3|localhost:15172, s4|localhost:15176, s0|localhost:15160, s1|localhost:15164, s2|localhost:15168]|listeners:[], old=null} CLOSED
2024-10-09 00:14:35,656 [s1@group-9FC63B188219-LeaderElection20] INFO  impl.LeaderElection (LeaderElection.java:logAndReturn(90)) - s1@group-9FC63B188219-LeaderElection20: PRE_VOTE TIMEOUT received 1 response(s) and 2 exception(s):
2024-10-09 00:14:35,656 [s1@group-9FC63B188219-LeaderElection20] INFO  impl.LeaderElection (LeaderElection.java:logAndReturn(94)) -   Response 0: s1<-s3#0:OK-t2
2024-10-09 00:14:35,656 [s1@group-9FC63B188219-LeaderElection20] INFO  impl.LeaderElection (LogUtils.java:infoOrTrace(136)) -   Exception 1: java.util.concurrent.ExecutionException: java.io.IOException: The peer s4 is not alive.
2024-10-09 00:14:35,656 [s1@group-9FC63B188219-LeaderElection20] INFO  impl.LeaderElection (LogUtils.java:infoOrTrace(136)) -   Exception 2: java.util.concurrent.ExecutionException: java.io.IOException: The peer s2 is not alive.
2024-10-09 00:14:35,656 [s1@group-9FC63B188219-LeaderElection20] INFO  impl.LeaderElection (LeaderElection.java:askForVotes(339)) - s1@group-9FC63B188219-LeaderElection20 PRE_VOTE round 149: result TIMEOUT
2024-10-09 00:14:35,657 [s1@group-9FC63B188219-LeaderElection20] INFO  impl.LeaderElection (LeaderElection.java:askForVotes(337)) - s1@group-9FC63B188219-LeaderElection20 PRE_VOTE round 150: submit vote requests at term 2 for conf: {index: 1, cur=peers:[s3|localhost:15172, s4|localhost:15176, s0|localhost:15160, s1|localhost:15164, s2|localhost:15168]|listeners:[], old=null}
2024-10-09 00:14:35,657 [HandlerDaemon-0] INFO  server.RaftServer$Division (RaftServerImpl.java:requestVote(1443)) - s3@group-9FC63B188219: receive requestVote(PRE_VOTE, s1, group-9FC63B188219, 2, (t:2, i:2))
2024-10-09 00:14:35,657 [HandlerDaemon-0] INFO  impl.VoteContext (VoteContext.java:log(49)) - s3@group-9FC63B188219-CANDIDATE: accept PRE_VOTE from s1: our priority 0 <= candidate's priority 0
2024-10-09 00:14:35,657 [HandlerDaemon-0] INFO  server.RaftServer$Division (RaftServerImpl.java:requestVote(1476)) - s3@group-9FC63B188219 replies to PRE_VOTE vote request: s1<-s3#0:OK-t2. Peer's state: s3@group-9FC63B188219:t2, leader=null, voted=s2, raftlog=Memoized:s3@group-9FC63B188219-SegmentedRaftLog:OPENED:c2:last(t:2, i:2), conf=conf: {index: 1, cur=peers:[s3|localhost:15172, s4|localhost:15176, s0|localhost:15160, s1|localhost:15164, s2|localhost:15168]|listeners:[], old=null}
2024-10-09 00:14:35,657 [s1@group-9FC63B188219-LeaderElection20] INFO  impl.LeaderElection (LogUtils.java:infoOrTrace(136)) - s1@group-9FC63B188219-LeaderElection20 got exception when requesting votes: java.util.concurrent.ExecutionException: java.io.IOException: The peer s2 is not alive.
2024-10-09 00:14:35,657 [s1@group-9FC63B188219-LeaderElection20] INFO  impl.LeaderElection (LogUtils.java:infoOrTrace(136)) - s1@group-9FC63B188219-LeaderElection20 got exception when requesting votes: java.util.concurrent.ExecutionException: java.io.IOException: The peer s4 is not alive.
2024-10-09 00:14:35,720 [s3@group-9FC63B188219-LeaderElection21] INFO  impl.LeaderElection (LeaderElection.java:logAndReturn(90)) - s3@group-9FC63B188219-LeaderElection21: PRE_VOTE TIMEOUT received 1 response(s) and 2 exception(s):
2024-10-09 00:14:35,720 [s3@group-9FC63B188219-LeaderElection21] INFO  impl.LeaderElection (LeaderElection.java:logAndReturn(94)) -   Response 0: s3<-s1#0:OK-t2
2024-10-09 00:14:35,720 [s3@group-9FC63B188219-LeaderElection21] INFO  impl.LeaderElection (LogUtils.java:infoOrTrace(136)) -   Exception 1: java.util.concurrent.ExecutionException: java.io.IOException: The peer s4 is not alive.
2024-10-09 00:14:35,720 [s3@group-9FC63B188219-LeaderElection21] INFO  impl.LeaderElection (LogUtils.java:infoOrTrace(136)) -   Exception 2: java.util.concurrent.ExecutionException: java.io.IOException: The peer s2 is not alive.
2024-10-09 00:14:35,720 [s3@group-9FC63B188219-LeaderElection21] INFO  impl.LeaderElection (LeaderElection.java:askForVotes(339)) - s3@group-9FC63B188219-LeaderElection21 PRE_VOTE round 135: result TIMEOUT
2024-10-09 00:14:35,720 [s3@group-9FC63B188219-LeaderElection21] INFO  impl.LeaderElection (LeaderElection.java:askForVotes(337)) - s3@group-9FC63B188219-LeaderElection21 PRE_VOTE round 136: submit vote requests at term 2 for conf: {index: 1, cur=peers:[s3|localhost:15172, s4|localhost:15176, s0|localhost:15160, s1|localhost:15164, s2|localhost:15168]|listeners:[], old=null}
2024-10-09 00:14:35,721 [s3@group-9FC63B188219-LeaderElection21] INFO  impl.LeaderElection (LogUtils.java:infoOrTrace(136)) - s3@group-9FC63B188219-LeaderElection21 got exception when requesting votes: java.util.concurrent.ExecutionException: java.io.IOException: The peer s4 is not alive.
2024-10-09 00:14:35,721 [HandlerDaemon-1] INFO  server.RaftServer$Division (RaftServerImpl.java:requestVote(1443)) - s1@group-9FC63B188219: receive requestVote(PRE_VOTE, s3, group-9FC63B188219, 2, (t:2, i:2))
2024-10-09 00:14:35,721 [s3@group-9FC63B188219-LeaderElection21] INFO  impl.LeaderElection (LogUtils.java:infoOrTrace(136)) - s3@group-9FC63B188219-LeaderElection21 got exception when requesting votes: java.util.concurrent.ExecutionException: java.io.IOException: The peer s2 is not alive.
2024-10-09 00:14:35,721 [HandlerDaemon-1] INFO  impl.VoteContext (VoteContext.java:log(49)) - s1@group-9FC63B188219-CANDIDATE: accept PRE_VOTE from s3: our priority 0 <= candidate's priority 0
2024-10-09 00:14:35,721 [HandlerDaemon-1] INFO  server.RaftServer$Division (RaftServerImpl.java:requestVote(1476)) - s1@group-9FC63B188219 replies to PRE_VOTE vote request: s3<-s1#0:OK-t2. Peer's state: s1@group-9FC63B188219:t2, leader=null, voted=s2, raftlog=Memoized:s1@group-9FC63B188219-SegmentedRaftLog:OPENED:c2:last(t:2, i:2), conf=conf: {index: 1, cur=peers:[s3|localhost:15172, s4|localhost:15176, s0|localhost:15160, s1|localhost:15164, s2|localhost:15168]|listeners:[], old=null}
2024-10-09 00:14:35,936 [s3@group-9FC63B188219-LeaderElection21] INFO  impl.LeaderElection (LeaderElection.java:logAndReturn(90)) - s3@group-9FC63B188219-LeaderElection21: PRE_VOTE TIMEOUT received 1 response(s) and 2 exception(s):
2024-10-09 00:14:35,936 [s3@group-9FC63B188219-LeaderElection21] INFO  impl.LeaderElection (LeaderElection.java:logAndReturn(94)) -   Response 0: s3<-s1#0:OK-t2
2024-10-09 00:14:35,936 [s3@group-9FC63B188219-LeaderElection21] INFO  impl.LeaderElection (LogUtils.java:infoOrTrace(136)) -   Exception 1: java.util.concurrent.ExecutionException: java.io.IOException: The peer s4 is not alive.
2024-10-09 00:14:35,936 [s3@group-9FC63B188219-LeaderElection21] INFO  impl.LeaderElection (LogUtils.java:infoOrTrace(136)) -   Exception 2: java.util.concurrent.ExecutionException: java.io.IOException: The peer s2 is not alive.
2024-10-09 00:14:35,936 [s3@group-9FC63B188219-LeaderElection21] INFO  impl.LeaderElection (LeaderElection.java:askForVotes(339)) - s3@group-9FC63B188219-LeaderElection21 PRE_VOTE round 136: result TIMEOUT
2024-10-09 00:14:35,936 [s3@group-9FC63B188219-LeaderElection21] INFO  impl.LeaderElection (LeaderElection.java:askForVotes(337)) - s3@group-9FC63B188219-LeaderElection21 PRE_VOTE round 137: submit vote requests at term 2 for conf: {index: 1, cur=peers:[s3|localhost:15172, s4|localhost:15176, s0|localhost:15160, s1|localhost:15164, s2|localhost:15168]|listeners:[], old=null}
2024-10-09 00:14:35,936 [HandlerDaemon-2] INFO  server.RaftServer$Division (RaftServerImpl.java:requestVote(1443)) - s1@group-9FC63B188219: receive requestVote(PRE_VOTE, s3, group-9FC63B188219, 2, (t:2, i:2))
2024-10-09 00:14:35,936 [s3@group-9FC63B188219-LeaderElection21] INFO  impl.LeaderElection (LogUtils.java:infoOrTrace(136)) - s3@group-9FC63B188219-LeaderElection21 got exception when requesting votes: java.util.concurrent.ExecutionException: java.io.IOException: The peer s4 is not alive.
2024-10-09 00:14:35,936 [HandlerDaemon-2] INFO  impl.VoteContext (VoteContext.java:log(49)) - s1@group-9FC63B188219-CANDIDATE: accept PRE_VOTE from s3: our priority 0 <= candidate's priority 0
2024-10-09 00:14:35,936 [s3@group-9FC63B188219-LeaderElection21] INFO  impl.LeaderElection (LogUtils.java:infoOrTrace(136)) - s3@group-9FC63B188219-LeaderElection21 got exception when requesting votes: java.util.concurrent.ExecutionException: java.io.IOException: The peer s2 is not alive.
2024-10-09 00:14:35,936 [HandlerDaemon-2] INFO  server.RaftServer$Division (RaftServerImpl.java:requestVote(1476)) - s1@group-9FC63B188219 replies to PRE_VOTE vote request: s3<-s1#0:OK-t2. Peer's state: s1@group-9FC63B188219:t2, leader=null, voted=s2, raftlog=Memoized:s1@group-9FC63B188219-SegmentedRaftLog:OPENED:c2:last(t:2, i:2), conf=conf: {index: 1, cur=peers:[s3|localhost:15172, s4|localhost:15176, s0|localhost:15160, s1|localhost:15164, s2|localhost:15168]|listeners:[], old=null}
2024-10-09 00:14:35,951 [s1@group-9FC63B188219-LeaderElection20] INFO  impl.LeaderElection (LeaderElection.java:logAndReturn(90)) - s1@group-9FC63B188219-LeaderElection20: PRE_VOTE TIMEOUT received 1 response(s) and 2 exception(s):
2024-10-09 00:14:35,951 [s1@group-9FC63B188219-LeaderElection20] INFO  impl.LeaderElection (LeaderElection.java:logAndReturn(94)) -   Response 0: s1<-s3#0:OK-t2
2024-10-09 00:14:35,951 [s1@group-9FC63B188219-LeaderElection20] INFO  impl.LeaderElection (LogUtils.java:infoOrTrace(136)) -   Exception 1: java.util.concurrent.ExecutionException: java.io.IOException: The peer s2 is not alive.
2024-10-09 00:14:35,951 [s1@group-9FC63B188219-LeaderElection20] INFO  impl.LeaderElection (LogUtils.java:infoOrTrace(136)) -   Exception 2: java.util.concurrent.ExecutionException: java.io.IOException: The peer s4 is not alive.
2024-10-09 00:14:35,951 [s1@group-9FC63B188219-LeaderElection20] INFO  impl.LeaderElection (LeaderElection.java:askForVotes(339)) - s1@group-9FC63B188219-LeaderElection20 PRE_VOTE round 150: result TIMEOUT
2024-10-09 00:14:35,951 [s1@group-9FC63B188219-LeaderElection20] INFO  impl.LeaderElection (LeaderElection.java:askForVotes(337)) - s1@group-9FC63B188219-LeaderElection20 PRE_VOTE round 151: submit vote requests at term 2 for conf: {index: 1, cur=peers:[s3|localhost:15172, s4|localhost:15176, s0|localhost:15160, s1|localhost:15164, s2|localhost:15168]|listeners:[], old=null}
2024-10-09 00:14:35,952 [HandlerDaemon-1] INFO  server.RaftServer$Division (RaftServerImpl.java:requestVote(1443)) - s3@group-9FC63B188219: receive requestVote(PRE_VOTE, s1, group-9FC63B188219, 2, (t:2, i:2))
2024-10-09 00:14:35,952 [HandlerDaemon-1] INFO  impl.VoteContext (VoteContext.java:log(49)) - s3@group-9FC63B188219-CANDIDATE: accept PRE_VOTE from s1: our priority 0 <= candidate's priority 0
2024-10-09 00:14:35,952 [s1@group-9FC63B188219-LeaderElection20] INFO  impl.LeaderElection (LogUtils.java:infoOrTrace(136)) - s1@group-9FC63B188219-LeaderElection20 got exception when requesting votes: java.util.concurrent.ExecutionException: java.io.IOException: The peer s4 is not alive.
2024-10-09 00:14:35,952 [s1@group-9FC63B188219-LeaderElection20] INFO  impl.LeaderElection (LogUtils.java:infoOrTrace(136)) - s1@group-9FC63B188219-LeaderElection20 got exception when requesting votes: java.util.concurrent.ExecutionException: java.io.IOException: The peer s2 is not alive.
2024-10-09 00:14:35,952 [HandlerDaemon-1] INFO  server.RaftServer$Division (RaftServerImpl.java:requestVote(1476)) - s3@group-9FC63B188219 replies to PRE_VOTE vote request: s1<-s3#0:OK-t2. Peer's state: s3@group-9FC63B188219:t2, leader=null, voted=s2, raftlog=Memoized:s3@group-9FC63B188219-SegmentedRaftLog:OPENED:c2:last(t:2, i:2), conf=conf: {index: 1, cur=peers:[s3|localhost:15172, s4|localhost:15176, s0|localhost:15160, s1|localhost:15164, s2|localhost:15168]|listeners:[], old=null}
2024-10-09 00:14:36,025 [main] WARN  ratis.RaftTestUtil (RaftTestUtil.java:lambda$waitForLeader$3(126)) - Attempt #78 failed: java.lang.IllegalStateException: No leader yet : printing ALL groups
  s3:  RUNNING CANDIDATE s3@group-9FC63B188219:t2, leader=null, voted=s2, raftlog=Memoized:s3@group-9FC63B188219-SegmentedRaftLog:OPENED:c2:last(t:2, i:2), conf=conf: {index: 1, cur=peers:[s3|localhost:15172, s4|localhost:15176, s0|localhost:15160, s1|localhost:15164, s2|localhost:15168]|listeners:[], old=null} RUNNING
  s4:   CLOSED    LEADER s4@group-9FC63B188219:t1, leader=s4, voted=s4, raftlog=Memoized:s4@group-9FC63B188219-SegmentedRaftLog:CLOSED:c0, conf=conf: {index: 0, cur=peers:[s3|localhost:15172, s4|localhost:15176, s0|localhost:15160, s1|localhost:15164, s2|localhost:15168]|listeners:[], old=null} CLOSED
  s0:  RUNNING  FOLLOWER s0@group-9FC63B188219:t1, leader=null, voted=null, raftlog=Memoized:s0@group-9FC63B188219-SegmentedRaftLog:OPENED:c-1:lastnull, conf=conf: {index: -1, cur=peers:[s3|localhost:15172, s4|localhost:15176, s0|localhost:15160, s1|localhost:15164, s2|localhost:15168]|listeners:[], old=null} RUNNING
  s1:  RUNNING CANDIDATE s1@group-9FC63B188219:t2, leader=null, voted=s2, raftlog=Memoized:s1@group-9FC63B188219-SegmentedRaftLog:OPENED:c2:last(t:2, i:2), conf=conf: {index: 1, cur=peers:[s3|localhost:15172, s4|localhost:15176, s0|localhost:15160, s1|localhost:15164, s2|localhost:15168]|listeners:[], old=null} RUNNING
  s2:   CLOSED    LEADER s2@group-9FC63B188219:t2, leader=s2, voted=s2, raftlog=Memoized:s2@group-9FC63B188219-SegmentedRaftLog:CLOSED:c2, conf=conf: {index: 1, cur=peers:[s3|localhost:15172, s4|localhost:15176, s0|localhost:15160, s1|localhost:15164, s2|localhost:15168]|listeners:[], old=null} CLOSED
2024-10-09 00:14:36,142 [s3@group-9FC63B188219-LeaderElection21] INFO  impl.LeaderElection (LeaderElection.java:logAndReturn(90)) - s3@group-9FC63B188219-LeaderElection21: PRE_VOTE TIMEOUT received 1 response(s) and 2 exception(s):
2024-10-09 00:14:36,142 [s3@group-9FC63B188219-LeaderElection21] INFO  impl.LeaderElection (LeaderElection.java:logAndReturn(94)) -   Response 0: s3<-s1#0:OK-t2
2024-10-09 00:14:36,142 [s3@group-9FC63B188219-LeaderElection21] INFO  impl.LeaderElection (LogUtils.java:infoOrTrace(136)) -   Exception 1: java.util.concurrent.ExecutionException: java.io.IOException: The peer s4 is not alive.
2024-10-09 00:14:36,142 [s3@group-9FC63B188219-LeaderElection21] INFO  impl.LeaderElection (LogUtils.java:infoOrTrace(136)) -   Exception 2: java.util.concurrent.ExecutionException: java.io.IOException: The peer s2 is not alive.
2024-10-09 00:14:36,143 [s3@group-9FC63B188219-LeaderElection21] INFO  impl.LeaderElection (LeaderElection.java:askForVotes(339)) - s3@group-9FC63B188219-LeaderElection21 PRE_VOTE round 137: result TIMEOUT
2024-10-09 00:14:36,143 [s3@group-9FC63B188219-LeaderElection21] INFO  impl.LeaderElection (LeaderElection.java:askForVotes(337)) - s3@group-9FC63B188219-LeaderElection21 PRE_VOTE round 138: submit vote requests at term 2 for conf: {index: 1, cur=peers:[s3|localhost:15172, s4|localhost:15176, s0|localhost:15160, s1|localhost:15164, s2|localhost:15168]|listeners:[], old=null}
2024-10-09 00:14:36,143 [HandlerDaemon-0] INFO  server.RaftServer$Division (RaftServerImpl.java:requestVote(1443)) - s1@group-9FC63B188219: receive requestVote(PRE_VOTE, s3, group-9FC63B188219, 2, (t:2, i:2))
2024-10-09 00:14:36,143 [s3@group-9FC63B188219-LeaderElection21] INFO  impl.LeaderElection (LogUtils.java:infoOrTrace(136)) - s3@group-9FC63B188219-LeaderElection21 got exception when requesting votes: java.util.concurrent.ExecutionException: java.io.IOException: The peer s4 is not alive.
2024-10-09 00:14:36,143 [HandlerDaemon-0] INFO  impl.VoteContext (VoteContext.java:log(49)) - s1@group-9FC63B188219-CANDIDATE: accept PRE_VOTE from s3: our priority 0 <= candidate's priority 0
2024-10-09 00:14:36,143 [s3@group-9FC63B188219-LeaderElection21] INFO  impl.LeaderElection (LogUtils.java:infoOrTrace(136)) - s3@group-9FC63B188219-LeaderElection21 got exception when requesting votes: java.util.concurrent.ExecutionException: java.io.IOException: The peer s2 is not alive.
2024-10-09 00:14:36,143 [HandlerDaemon-0] INFO  server.RaftServer$Division (RaftServerImpl.java:requestVote(1476)) - s1@group-9FC63B188219 replies to PRE_VOTE vote request: s3<-s1#0:OK-t2. Peer's state: s1@group-9FC63B188219:t2, leader=null, voted=s2, raftlog=Memoized:s1@group-9FC63B188219-SegmentedRaftLog:OPENED:c2:last(t:2, i:2), conf=conf: {index: 1, cur=peers:[s3|localhost:15172, s4|localhost:15176, s0|localhost:15160, s1|localhost:15164, s2|localhost:15168]|listeners:[], old=null}
2024-10-09 00:14:36,203 [s1@group-9FC63B188219-LeaderElection20] INFO  impl.LeaderElection (LeaderElection.java:logAndReturn(90)) - s1@group-9FC63B188219-LeaderElection20: PRE_VOTE TIMEOUT received 1 response(s) and 2 exception(s):
2024-10-09 00:14:36,203 [s1@group-9FC63B188219-LeaderElection20] INFO  impl.LeaderElection (LeaderElection.java:logAndReturn(94)) -   Response 0: s1<-s3#0:OK-t2
2024-10-09 00:14:36,203 [s1@group-9FC63B188219-LeaderElection20] INFO  impl.LeaderElection (LogUtils.java:infoOrTrace(136)) -   Exception 1: java.util.concurrent.ExecutionException: java.io.IOException: The peer s4 is not alive.
2024-10-09 00:14:36,203 [s1@group-9FC63B188219-LeaderElection20] INFO  impl.LeaderElection (LogUtils.java:infoOrTrace(136)) -   Exception 2: java.util.concurrent.ExecutionException: java.io.IOException: The peer s2 is not alive.
2024-10-09 00:14:36,203 [s1@group-9FC63B188219-LeaderElection20] INFO  impl.LeaderElection (LeaderElection.java:askForVotes(339)) - s1@group-9FC63B188219-LeaderElection20 PRE_VOTE round 151: result TIMEOUT
2024-10-09 00:14:36,203 [s1@group-9FC63B188219-LeaderElection20] INFO  impl.LeaderElection (LeaderElection.java:askForVotes(337)) - s1@group-9FC63B188219-LeaderElection20 PRE_VOTE round 152: submit vote requests at term 2 for conf: {index: 1, cur=peers:[s3|localhost:15172, s4|localhost:15176, s0|localhost:15160, s1|localhost:15164, s2|localhost:15168]|listeners:[], old=null}
2024-10-09 00:14:36,203 [HandlerDaemon-2] INFO  server.RaftServer$Division (RaftServerImpl.java:requestVote(1443)) - s3@group-9FC63B188219: receive requestVote(PRE_VOTE, s1, group-9FC63B188219, 2, (t:2, i:2))
2024-10-09 00:14:36,204 [HandlerDaemon-2] INFO  impl.VoteContext (VoteContext.java:log(49)) - s3@group-9FC63B188219-CANDIDATE: accept PRE_VOTE from s1: our priority 0 <= candidate's priority 0
2024-10-09 00:14:36,204 [s1@group-9FC63B188219-LeaderElection20] INFO  impl.LeaderElection (LogUtils.java:infoOrTrace(136)) - s1@group-9FC63B188219-LeaderElection20 got exception when requesting votes: java.util.concurrent.ExecutionException: java.io.IOException: The peer s4 is not alive.
2024-10-09 00:14:36,204 [s1@group-9FC63B188219-LeaderElection20] INFO  impl.LeaderElection (LogUtils.java:infoOrTrace(136)) - s1@group-9FC63B188219-LeaderElection20 got exception when requesting votes: java.util.concurrent.ExecutionException: java.io.IOException: The peer s2 is not alive.
2024-10-09 00:14:36,204 [HandlerDaemon-2] INFO  server.RaftServer$Division (RaftServerImpl.java:requestVote(1476)) - s3@group-9FC63B188219 replies to PRE_VOTE vote request: s1<-s3#0:OK-t2. Peer's state: s3@group-9FC63B188219:t2, leader=null, voted=s2, raftlog=Memoized:s3@group-9FC63B188219-SegmentedRaftLog:OPENED:c2:last(t:2, i:2), conf=conf: {index: 1, cur=peers:[s3|localhost:15172, s4|localhost:15176, s0|localhost:15160, s1|localhost:15164, s2|localhost:15168]|listeners:[], old=null}
2024-10-09 00:14:36,364 [s3@group-9FC63B188219-LeaderElection21] INFO  impl.LeaderElection (LeaderElection.java:logAndReturn(90)) - s3@group-9FC63B188219-LeaderElection21: PRE_VOTE TIMEOUT received 1 response(s) and 2 exception(s):
2024-10-09 00:14:36,364 [s3@group-9FC63B188219-LeaderElection21] INFO  impl.LeaderElection (LeaderElection.java:logAndReturn(94)) -   Response 0: s3<-s1#0:OK-t2
2024-10-09 00:14:36,364 [s3@group-9FC63B188219-LeaderElection21] INFO  impl.LeaderElection (LogUtils.java:infoOrTrace(136)) -   Exception 1: java.util.concurrent.ExecutionException: java.io.IOException: The peer s4 is not alive.
2024-10-09 00:14:36,364 [s3@group-9FC63B188219-LeaderElection21] INFO  impl.LeaderElection (LogUtils.java:infoOrTrace(136)) -   Exception 2: java.util.concurrent.ExecutionException: java.io.IOException: The peer s2 is not alive.
2024-10-09 00:14:36,364 [s3@group-9FC63B188219-LeaderElection21] INFO  impl.LeaderElection (LeaderElection.java:askForVotes(339)) - s3@group-9FC63B188219-LeaderElection21 PRE_VOTE round 138: result TIMEOUT
2024-10-09 00:14:36,364 [s3@group-9FC63B188219-LeaderElection21] INFO  impl.LeaderElection (LeaderElection.java:askForVotes(337)) - s3@group-9FC63B188219-LeaderElection21 PRE_VOTE round 139: submit vote requests at term 2 for conf: {index: 1, cur=peers:[s3|localhost:15172, s4|localhost:15176, s0|localhost:15160, s1|localhost:15164, s2|localhost:15168]|listeners:[], old=null}
2024-10-09 00:14:36,365 [HandlerDaemon-1] INFO  server.RaftServer$Division (RaftServerImpl.java:requestVote(1443)) - s1@group-9FC63B188219: receive requestVote(PRE_VOTE, s3, group-9FC63B188219, 2, (t:2, i:2))
2024-10-09 00:14:36,365 [s3@group-9FC63B188219-LeaderElection21] INFO  impl.LeaderElection (LogUtils.java:infoOrTrace(136)) - s3@group-9FC63B188219-LeaderElection21 got exception when requesting votes: java.util.concurrent.ExecutionException: java.io.IOException: The peer s4 is not alive.
2024-10-09 00:14:36,365 [s3@group-9FC63B188219-LeaderElection21] INFO  impl.LeaderElection (LogUtils.java:infoOrTrace(136)) - s3@group-9FC63B188219-LeaderElection21 got exception when requesting votes: java.util.concurrent.ExecutionException: java.io.IOException: The peer s2 is not alive.
2024-10-09 00:14:36,365 [HandlerDaemon-1] INFO  impl.VoteContext (VoteContext.java:log(49)) - s1@group-9FC63B188219-CANDIDATE: accept PRE_VOTE from s3: our priority 0 <= candidate's priority 0
2024-10-09 00:14:36,365 [HandlerDaemon-1] INFO  server.RaftServer$Division (RaftServerImpl.java:requestVote(1476)) - s1@group-9FC63B188219 replies to PRE_VOTE vote request: s3<-s1#0:OK-t2. Peer's state: s1@group-9FC63B188219:t2, leader=null, voted=s2, raftlog=Memoized:s1@group-9FC63B188219-SegmentedRaftLog:OPENED:c2:last(t:2, i:2), conf=conf: {index: 1, cur=peers:[s3|localhost:15172, s4|localhost:15176, s0|localhost:15160, s1|localhost:15164, s2|localhost:15168]|listeners:[], old=null}
2024-10-09 00:14:36,418 [s1@group-9FC63B188219-LeaderElection20] INFO  impl.LeaderElection (LeaderElection.java:logAndReturn(90)) - s1@group-9FC63B188219-LeaderElection20: PRE_VOTE TIMEOUT received 1 response(s) and 2 exception(s):
2024-10-09 00:14:36,418 [s1@group-9FC63B188219-LeaderElection20] INFO  impl.LeaderElection (LeaderElection.java:logAndReturn(94)) -   Response 0: s1<-s3#0:OK-t2
2024-10-09 00:14:36,418 [s1@group-9FC63B188219-LeaderElection20] INFO  impl.LeaderElection (LogUtils.java:infoOrTrace(136)) -   Exception 1: java.util.concurrent.ExecutionException: java.io.IOException: The peer s4 is not alive.
2024-10-09 00:14:36,418 [s1@group-9FC63B188219-LeaderElection20] INFO  impl.LeaderElection (LogUtils.java:infoOrTrace(136)) -   Exception 2: java.util.concurrent.ExecutionException: java.io.IOException: The peer s2 is not alive.
2024-10-09 00:14:36,418 [s1@group-9FC63B188219-LeaderElection20] INFO  impl.LeaderElection (LeaderElection.java:askForVotes(339)) - s1@group-9FC63B188219-LeaderElection20 PRE_VOTE round 152: result TIMEOUT
2024-10-09 00:14:36,418 [s1@group-9FC63B188219-LeaderElection20] INFO  impl.LeaderElection (LeaderElection.java:askForVotes(337)) - s1@group-9FC63B188219-LeaderElection20 PRE_VOTE round 153: submit vote requests at term 2 for conf: {index: 1, cur=peers:[s3|localhost:15172, s4|localhost:15176, s0|localhost:15160, s1|localhost:15164, s2|localhost:15168]|listeners:[], old=null}
2024-10-09 00:14:36,418 [HandlerDaemon-0] INFO  server.RaftServer$Division (RaftServerImpl.java:requestVote(1443)) - s3@group-9FC63B188219: receive requestVote(PRE_VOTE, s1, group-9FC63B188219, 2, (t:2, i:2))
2024-10-09 00:14:36,418 [HandlerDaemon-0] INFO  impl.VoteContext (VoteContext.java:log(49)) - s3@group-9FC63B188219-CANDIDATE: accept PRE_VOTE from s1: our priority 0 <= candidate's priority 0
2024-10-09 00:14:36,418 [s1@group-9FC63B188219-LeaderElection20] INFO  impl.LeaderElection (LogUtils.java:infoOrTrace(136)) - s1@group-9FC63B188219-LeaderElection20 got exception when requesting votes: java.util.concurrent.ExecutionException: java.io.IOException: The peer s4 is not alive.
2024-10-09 00:14:36,418 [s1@group-9FC63B188219-LeaderElection20] INFO  impl.LeaderElection (LogUtils.java:infoOrTrace(136)) - s1@group-9FC63B188219-LeaderElection20 got exception when requesting votes: java.util.concurrent.ExecutionException: java.io.IOException: The peer s2 is not alive.
2024-10-09 00:14:36,418 [HandlerDaemon-0] INFO  server.RaftServer$Division (RaftServerImpl.java:requestVote(1476)) - s3@group-9FC63B188219 replies to PRE_VOTE vote request: s1<-s3#0:OK-t2. Peer's state: s3@group-9FC63B188219:t2, leader=null, voted=s2, raftlog=Memoized:s3@group-9FC63B188219-SegmentedRaftLog:OPENED:c2:last(t:2, i:2), conf=conf: {index: 1, cur=peers:[s3|localhost:15172, s4|localhost:15176, s0|localhost:15160, s1|localhost:15164, s2|localhost:15168]|listeners:[], old=null}
2024-10-09 00:14:36,476 [main] WARN  ratis.RaftTestUtil (RaftTestUtil.java:lambda$waitForLeader$3(126)) - Attempt #79 failed: java.lang.IllegalStateException: No leader yet : printing ALL groups
  s3:  RUNNING CANDIDATE s3@group-9FC63B188219:t2, leader=null, voted=s2, raftlog=Memoized:s3@group-9FC63B188219-SegmentedRaftLog:OPENED:c2:last(t:2, i:2), conf=conf: {index: 1, cur=peers:[s3|localhost:15172, s4|localhost:15176, s0|localhost:15160, s1|localhost:15164, s2|localhost:15168]|listeners:[], old=null} RUNNING
  s4:   CLOSED    LEADER s4@group-9FC63B188219:t1, leader=s4, voted=s4, raftlog=Memoized:s4@group-9FC63B188219-SegmentedRaftLog:CLOSED:c0, conf=conf: {index: 0, cur=peers:[s3|localhost:15172, s4|localhost:15176, s0|localhost:15160, s1|localhost:15164, s2|localhost:15168]|listeners:[], old=null} CLOSED
  s0:  RUNNING  FOLLOWER s0@group-9FC63B188219:t1, leader=null, voted=null, raftlog=Memoized:s0@group-9FC63B188219-SegmentedRaftLog:OPENED:c-1:lastnull, conf=conf: {index: -1, cur=peers:[s3|localhost:15172, s4|localhost:15176, s0|localhost:15160, s1|localhost:15164, s2|localhost:15168]|listeners:[], old=null} RUNNING
  s1:  RUNNING CANDIDATE s1@group-9FC63B188219:t2, leader=null, voted=s2, raftlog=Memoized:s1@group-9FC63B188219-SegmentedRaftLog:OPENED:c2:last(t:2, i:2), conf=conf: {index: 1, cur=peers:[s3|localhost:15172, s4|localhost:15176, s0|localhost:15160, s1|localhost:15164, s2|localhost:15168]|listeners:[], old=null} RUNNING
  s2:   CLOSED    LEADER s2@group-9FC63B188219:t2, leader=s2, voted=s2, raftlog=Memoized:s2@group-9FC63B188219-SegmentedRaftLog:CLOSED:c2, conf=conf: {index: 1, cur=peers:[s3|localhost:15172, s4|localhost:15176, s0|localhost:15160, s1|localhost:15164, s2|localhost:15168]|listeners:[], old=null} CLOSED
2024-10-09 00:14:36,628 [s3@group-9FC63B188219-LeaderElection21] INFO  impl.LeaderElection (LeaderElection.java:logAndReturn(90)) - s3@group-9FC63B188219-LeaderElection21: PRE_VOTE TIMEOUT received 1 response(s) and 2 exception(s):
2024-10-09 00:14:36,628 [s3@group-9FC63B188219-LeaderElection21] INFO  impl.LeaderElection (LeaderElection.java:logAndReturn(94)) -   Response 0: s3<-s1#0:OK-t2
2024-10-09 00:14:36,628 [s3@group-9FC63B188219-LeaderElection21] INFO  impl.LeaderElection (LogUtils.java:infoOrTrace(136)) -   Exception 1: java.util.concurrent.ExecutionException: java.io.IOException: The peer s4 is not alive.
2024-10-09 00:14:36,628 [s3@group-9FC63B188219-LeaderElection21] INFO  impl.LeaderElection (LogUtils.java:infoOrTrace(136)) -   Exception 2: java.util.concurrent.ExecutionException: java.io.IOException: The peer s2 is not alive.
2024-10-09 00:14:36,628 [s3@group-9FC63B188219-LeaderElection21] INFO  impl.LeaderElection (LeaderElection.java:askForVotes(339)) - s3@group-9FC63B188219-LeaderElection21 PRE_VOTE round 139: result TIMEOUT
2024-10-09 00:14:36,628 [s3@group-9FC63B188219-LeaderElection21] INFO  impl.LeaderElection (LeaderElection.java:askForVotes(337)) - s3@group-9FC63B188219-LeaderElection21 PRE_VOTE round 140: submit vote requests at term 2 for conf: {index: 1, cur=peers:[s3|localhost:15172, s4|localhost:15176, s0|localhost:15160, s1|localhost:15164, s2|localhost:15168]|listeners:[], old=null}
2024-10-09 00:14:36,629 [HandlerDaemon-2] INFO  server.RaftServer$Division (RaftServerImpl.java:requestVote(1443)) - s1@group-9FC63B188219: receive requestVote(PRE_VOTE, s3, group-9FC63B188219, 2, (t:2, i:2))
2024-10-09 00:14:36,629 [s3@group-9FC63B188219-LeaderElection21] INFO  impl.LeaderElection (LogUtils.java:infoOrTrace(136)) - s3@group-9FC63B188219-LeaderElection21 got exception when requesting votes: java.util.concurrent.ExecutionException: java.io.IOException: The peer s4 is not alive.
2024-10-09 00:14:36,629 [HandlerDaemon-2] INFO  impl.VoteContext (VoteContext.java:log(49)) - s1@group-9FC63B188219-CANDIDATE: accept PRE_VOTE from s3: our priority 0 <= candidate's priority 0
2024-10-09 00:14:36,629 [s3@group-9FC63B188219-LeaderElection21] INFO  impl.LeaderElection (LogUtils.java:infoOrTrace(136)) - s3@group-9FC63B188219-LeaderElection21 got exception when requesting votes: java.util.concurrent.ExecutionException: java.io.IOException: The peer s2 is not alive.
2024-10-09 00:14:36,629 [HandlerDaemon-2] INFO  server.RaftServer$Division (RaftServerImpl.java:requestVote(1476)) - s1@group-9FC63B188219 replies to PRE_VOTE vote request: s3<-s1#0:OK-t2. Peer's state: s1@group-9FC63B188219:t2, leader=null, voted=s2, raftlog=Memoized:s1@group-9FC63B188219-SegmentedRaftLog:OPENED:c2:last(t:2, i:2), conf=conf: {index: 1, cur=peers:[s3|localhost:15172, s4|localhost:15176, s0|localhost:15160, s1|localhost:15164, s2|localhost:15168]|listeners:[], old=null}
2024-10-09 00:14:36,642 [s1@group-9FC63B188219-LeaderElection20] INFO  impl.LeaderElection (LeaderElection.java:logAndReturn(90)) - s1@group-9FC63B188219-LeaderElection20: PRE_VOTE TIMEOUT received 1 response(s) and 2 exception(s):
2024-10-09 00:14:36,642 [s1@group-9FC63B188219-LeaderElection20] INFO  impl.LeaderElection (LeaderElection.java:logAndReturn(94)) -   Response 0: s1<-s3#0:OK-t2
2024-10-09 00:14:36,643 [s1@group-9FC63B188219-LeaderElection20] INFO  impl.LeaderElection (LogUtils.java:infoOrTrace(136)) -   Exception 1: java.util.concurrent.ExecutionException: java.io.IOException: The peer s4 is not alive.
2024-10-09 00:14:36,643 [s1@group-9FC63B188219-LeaderElection20] INFO  impl.LeaderElection (LogUtils.java:infoOrTrace(136)) -   Exception 2: java.util.concurrent.ExecutionException: java.io.IOException: The peer s2 is not alive.
2024-10-09 00:14:36,643 [s1@group-9FC63B188219-LeaderElection20] INFO  impl.LeaderElection (LeaderElection.java:askForVotes(339)) - s1@group-9FC63B188219-LeaderElection20 PRE_VOTE round 153: result TIMEOUT
2024-10-09 00:14:36,643 [s1@group-9FC63B188219-LeaderElection20] INFO  impl.LeaderElection (LeaderElection.java:askForVotes(337)) - s1@group-9FC63B188219-LeaderElection20 PRE_VOTE round 154: submit vote requests at term 2 for conf: {index: 1, cur=peers:[s3|localhost:15172, s4|localhost:15176, s0|localhost:15160, s1|localhost:15164, s2|localhost:15168]|listeners:[], old=null}
2024-10-09 00:14:36,643 [HandlerDaemon-1] INFO  server.RaftServer$Division (RaftServerImpl.java:requestVote(1443)) - s3@group-9FC63B188219: receive requestVote(PRE_VOTE, s1, group-9FC63B188219, 2, (t:2, i:2))
2024-10-09 00:14:36,643 [HandlerDaemon-1] INFO  impl.VoteContext (VoteContext.java:log(49)) - s3@group-9FC63B188219-CANDIDATE: accept PRE_VOTE from s1: our priority 0 <= candidate's priority 0
2024-10-09 00:14:36,643 [s1@group-9FC63B188219-LeaderElection20] INFO  impl.LeaderElection (LogUtils.java:infoOrTrace(136)) - s1@group-9FC63B188219-LeaderElection20 got exception when requesting votes: java.util.concurrent.ExecutionException: java.io.IOException: The peer s4 is not alive.
2024-10-09 00:14:36,643 [s1@group-9FC63B188219-LeaderElection20] INFO  impl.LeaderElection (LogUtils.java:infoOrTrace(136)) - s1@group-9FC63B188219-LeaderElection20 got exception when requesting votes: java.util.concurrent.ExecutionException: java.io.IOException: The peer s2 is not alive.
2024-10-09 00:14:36,643 [HandlerDaemon-1] INFO  server.RaftServer$Division (RaftServerImpl.java:requestVote(1476)) - s3@group-9FC63B188219 replies to PRE_VOTE vote request: s1<-s3#0:OK-t2. Peer's state: s3@group-9FC63B188219:t2, leader=null, voted=s2, raftlog=Memoized:s3@group-9FC63B188219-SegmentedRaftLog:OPENED:c2:last(t:2, i:2), conf=conf: {index: 1, cur=peers:[s3|localhost:15172, s4|localhost:15176, s0|localhost:15160, s1|localhost:15164, s2|localhost:15168]|listeners:[], old=null}
2024-10-09 00:14:36,833 [s3@group-9FC63B188219-LeaderElection21] INFO  impl.LeaderElection (LeaderElection.java:logAndReturn(90)) - s3@group-9FC63B188219-LeaderElection21: PRE_VOTE TIMEOUT received 1 response(s) and 2 exception(s):
2024-10-09 00:14:36,833 [s3@group-9FC63B188219-LeaderElection21] INFO  impl.LeaderElection (LeaderElection.java:logAndReturn(94)) -   Response 0: s3<-s1#0:OK-t2
2024-10-09 00:14:36,833 [s3@group-9FC63B188219-LeaderElection21] INFO  impl.LeaderElection (LogUtils.java:infoOrTrace(136)) -   Exception 1: java.util.concurrent.ExecutionException: java.io.IOException: The peer s4 is not alive.
2024-10-09 00:14:36,833 [s3@group-9FC63B188219-LeaderElection21] INFO  impl.LeaderElection (LogUtils.java:infoOrTrace(136)) -   Exception 2: java.util.concurrent.ExecutionException: java.io.IOException: The peer s2 is not alive.
2024-10-09 00:14:36,833 [s3@group-9FC63B188219-LeaderElection21] INFO  impl.LeaderElection (LeaderElection.java:askForVotes(339)) - s3@group-9FC63B188219-LeaderElection21 PRE_VOTE round 140: result TIMEOUT
2024-10-09 00:14:36,833 [s3@group-9FC63B188219-LeaderElection21] INFO  impl.LeaderElection (LeaderElection.java:askForVotes(337)) - s3@group-9FC63B188219-LeaderElection21 PRE_VOTE round 141: submit vote requests at term 2 for conf: {index: 1, cur=peers:[s3|localhost:15172, s4|localhost:15176, s0|localhost:15160, s1|localhost:15164, s2|localhost:15168]|listeners:[], old=null}
2024-10-09 00:14:36,833 [HandlerDaemon-0] INFO  server.RaftServer$Division (RaftServerImpl.java:requestVote(1443)) - s1@group-9FC63B188219: receive requestVote(PRE_VOTE, s3, group-9FC63B188219, 2, (t:2, i:2))
2024-10-09 00:14:36,833 [s3@group-9FC63B188219-LeaderElection21] INFO  impl.LeaderElection (LogUtils.java:infoOrTrace(136)) - s3@group-9FC63B188219-LeaderElection21 got exception when requesting votes: java.util.concurrent.ExecutionException: java.io.IOException: The peer s4 is not alive.
2024-10-09 00:14:36,834 [s3@group-9FC63B188219-LeaderElection21] INFO  impl.LeaderElection (LogUtils.java:infoOrTrace(136)) - s3@group-9FC63B188219-LeaderElection21 got exception when requesting votes: java.util.concurrent.ExecutionException: java.io.IOException: The peer s2 is not alive.
2024-10-09 00:14:36,834 [HandlerDaemon-0] INFO  impl.VoteContext (VoteContext.java:log(49)) - s1@group-9FC63B188219-CANDIDATE: accept PRE_VOTE from s3: our priority 0 <= candidate's priority 0
2024-10-09 00:14:36,834 [HandlerDaemon-0] INFO  server.RaftServer$Division (RaftServerImpl.java:requestVote(1476)) - s1@group-9FC63B188219 replies to PRE_VOTE vote request: s3<-s1#0:OK-t2. Peer's state: s1@group-9FC63B188219:t2, leader=null, voted=s2, raftlog=Memoized:s1@group-9FC63B188219-SegmentedRaftLog:OPENED:c2:last(t:2, i:2), conf=conf: {index: 1, cur=peers:[s3|localhost:15172, s4|localhost:15176, s0|localhost:15160, s1|localhost:15164, s2|localhost:15168]|listeners:[], old=null}
2024-10-09 00:14:36,925 [s1@group-9FC63B188219-LeaderElection20] INFO  impl.LeaderElection (LeaderElection.java:logAndReturn(90)) - s1@group-9FC63B188219-LeaderElection20: PRE_VOTE TIMEOUT received 1 response(s) and 2 exception(s):
2024-10-09 00:14:36,925 [s1@group-9FC63B188219-LeaderElection20] INFO  impl.LeaderElection (LeaderElection.java:logAndReturn(94)) -   Response 0: s1<-s3#0:OK-t2
2024-10-09 00:14:36,925 [s1@group-9FC63B188219-LeaderElection20] INFO  impl.LeaderElection (LogUtils.java:infoOrTrace(136)) -   Exception 1: java.util.concurrent.ExecutionException: java.io.IOException: The peer s4 is not alive.
2024-10-09 00:14:36,925 [s1@group-9FC63B188219-LeaderElection20] INFO  impl.LeaderElection (LogUtils.java:infoOrTrace(136)) -   Exception 2: java.util.concurrent.ExecutionException: java.io.IOException: The peer s2 is not alive.
2024-10-09 00:14:36,926 [s1@group-9FC63B188219-LeaderElection20] INFO  impl.LeaderElection (LeaderElection.java:askForVotes(339)) - s1@group-9FC63B188219-LeaderElection20 PRE_VOTE round 154: result TIMEOUT
2024-10-09 00:14:36,926 [s1@group-9FC63B188219-LeaderElection20] INFO  impl.LeaderElection (LeaderElection.java:askForVotes(337)) - s1@group-9FC63B188219-LeaderElection20 PRE_VOTE round 155: submit vote requests at term 2 for conf: {index: 1, cur=peers:[s3|localhost:15172, s4|localhost:15176, s0|localhost:15160, s1|localhost:15164, s2|localhost:15168]|listeners:[], old=null}
2024-10-09 00:14:36,926 [HandlerDaemon-2] INFO  server.RaftServer$Division (RaftServerImpl.java:requestVote(1443)) - s3@group-9FC63B188219: receive requestVote(PRE_VOTE, s1, group-9FC63B188219, 2, (t:2, i:2))
2024-10-09 00:14:36,926 [HandlerDaemon-2] INFO  impl.VoteContext (VoteContext.java:log(49)) - s3@group-9FC63B188219-CANDIDATE: accept PRE_VOTE from s1: our priority 0 <= candidate's priority 0
2024-10-09 00:14:36,926 [HandlerDaemon-2] INFO  server.RaftServer$Division (RaftServerImpl.java:requestVote(1476)) - s3@group-9FC63B188219 replies to PRE_VOTE vote request: s1<-s3#0:OK-t2. Peer's state: s3@group-9FC63B188219:t2, leader=null, voted=s2, raftlog=Memoized:s3@group-9FC63B188219-SegmentedRaftLog:OPENED:c2:last(t:2, i:2), conf=conf: {index: 1, cur=peers:[s3|localhost:15172, s4|localhost:15176, s0|localhost:15160, s1|localhost:15164, s2|localhost:15168]|listeners:[], old=null}
2024-10-09 00:14:36,926 [main] WARN  ratis.RaftTestUtil (RaftTestUtil.java:lambda$waitForLeader$3(126)) - Attempt #80 failed: java.lang.IllegalStateException: No leader yet : printing ALL groups
  s3:  RUNNING CANDIDATE s3@group-9FC63B188219:t2, leader=null, voted=s2, raftlog=Memoized:s3@group-9FC63B188219-SegmentedRaftLog:OPENED:c2:last(t:2, i:2), conf=conf: {index: 1, cur=peers:[s3|localhost:15172, s4|localhost:15176, s0|localhost:15160, s1|localhost:15164, s2|localhost:15168]|listeners:[], old=null} RUNNING
  s4:   CLOSED    LEADER s4@group-9FC63B188219:t1, leader=s4, voted=s4, raftlog=Memoized:s4@group-9FC63B188219-SegmentedRaftLog:CLOSED:c0, conf=conf: {index: 0, cur=peers:[s3|localhost:15172, s4|localhost:15176, s0|localhost:15160, s1|localhost:15164, s2|localhost:15168]|listeners:[], old=null} CLOSED
  s0:  RUNNING  FOLLOWER s0@group-9FC63B188219:t1, leader=null, voted=null, raftlog=Memoized:s0@group-9FC63B188219-SegmentedRaftLog:OPENED:c-1:lastnull, conf=conf: {index: -1, cur=peers:[s3|localhost:15172, s4|localhost:15176, s0|localhost:15160, s1|localhost:15164, s2|localhost:15168]|listeners:[], old=null} RUNNING
  s1:  RUNNING CANDIDATE s1@group-9FC63B188219:t2, leader=null, voted=s2, raftlog=Memoized:s1@group-9FC63B188219-SegmentedRaftLog:OPENED:c2:last(t:2, i:2), conf=conf: {index: 1, cur=peers:[s3|localhost:15172, s4|localhost:15176, s0|localhost:15160, s1|localhost:15164, s2|localhost:15168]|listeners:[], old=null} RUNNING
  s2:   CLOSED    LEADER s2@group-9FC63B188219:t2, leader=s2, voted=s2, raftlog=Memoized:s2@group-9FC63B188219-SegmentedRaftLog:CLOSED:c2, conf=conf: {index: 1, cur=peers:[s3|localhost:15172, s4|localhost:15176, s0|localhost:15160, s1|localhost:15164, s2|localhost:15168]|listeners:[], old=null} CLOSED
2024-10-09 00:14:36,926 [s1@group-9FC63B188219-LeaderElection20] INFO  impl.LeaderElection (LogUtils.java:infoOrTrace(136)) - s1@group-9FC63B188219-LeaderElection20 got exception when requesting votes: java.util.concurrent.ExecutionException: java.io.IOException: The peer s4 is not alive.
2024-10-09 00:14:36,926 [s1@group-9FC63B188219-LeaderElection20] INFO  impl.LeaderElection (LogUtils.java:infoOrTrace(136)) - s1@group-9FC63B188219-LeaderElection20 got exception when requesting votes: java.util.concurrent.ExecutionException: java.io.IOException: The peer s2 is not alive.
2024-10-09 00:14:37,116 [s3@group-9FC63B188219-LeaderElection21] INFO  impl.LeaderElection (LeaderElection.java:logAndReturn(90)) - s3@group-9FC63B188219-LeaderElection21: PRE_VOTE TIMEOUT received 1 response(s) and 2 exception(s):
2024-10-09 00:14:37,116 [s3@group-9FC63B188219-LeaderElection21] INFO  impl.LeaderElection (LeaderElection.java:logAndReturn(94)) -   Response 0: s3<-s1#0:OK-t2
2024-10-09 00:14:37,116 [s3@group-9FC63B188219-LeaderElection21] INFO  impl.LeaderElection (LogUtils.java:infoOrTrace(136)) -   Exception 1: java.util.concurrent.ExecutionException: java.io.IOException: The peer s4 is not alive.
2024-10-09 00:14:37,116 [s3@group-9FC63B188219-LeaderElection21] INFO  impl.LeaderElection (LogUtils.java:infoOrTrace(136)) -   Exception 2: java.util.concurrent.ExecutionException: java.io.IOException: The peer s2 is not alive.
2024-10-09 00:14:37,116 [s3@group-9FC63B188219-LeaderElection21] INFO  impl.LeaderElection (LeaderElection.java:askForVotes(339)) - s3@group-9FC63B188219-LeaderElection21 PRE_VOTE round 141: result TIMEOUT
2024-10-09 00:14:37,116 [s3@group-9FC63B188219-LeaderElection21] INFO  impl.LeaderElection (LeaderElection.java:askForVotes(337)) - s3@group-9FC63B188219-LeaderElection21 PRE_VOTE round 142: submit vote requests at term 2 for conf: {index: 1, cur=peers:[s3|localhost:15172, s4|localhost:15176, s0|localhost:15160, s1|localhost:15164, s2|localhost:15168]|listeners:[], old=null}
2024-10-09 00:14:37,117 [HandlerDaemon-1] INFO  server.RaftServer$Division (RaftServerImpl.java:requestVote(1443)) - s1@group-9FC63B188219: receive requestVote(PRE_VOTE, s3, group-9FC63B188219, 2, (t:2, i:2))
2024-10-09 00:14:37,117 [s3@group-9FC63B188219-LeaderElection21] INFO  impl.LeaderElection (LogUtils.java:infoOrTrace(136)) - s3@group-9FC63B188219-LeaderElection21 got exception when requesting votes: java.util.concurrent.ExecutionException: java.io.IOException: The peer s4 is not alive.
2024-10-09 00:14:37,117 [s3@group-9FC63B188219-LeaderElection21] INFO  impl.LeaderElection (LogUtils.java:infoOrTrace(136)) - s3@group-9FC63B188219-LeaderElection21 got exception when requesting votes: java.util.concurrent.ExecutionException: java.io.IOException: The peer s2 is not alive.
2024-10-09 00:14:37,117 [HandlerDaemon-1] INFO  impl.VoteContext (VoteContext.java:log(49)) - s1@group-9FC63B188219-CANDIDATE: accept PRE_VOTE from s3: our priority 0 <= candidate's priority 0
2024-10-09 00:14:37,117 [HandlerDaemon-1] INFO  server.RaftServer$Division (RaftServerImpl.java:requestVote(1476)) - s1@group-9FC63B188219 replies to PRE_VOTE vote request: s3<-s1#0:OK-t2. Peer's state: s1@group-9FC63B188219:t2, leader=null, voted=s2, raftlog=Memoized:s1@group-9FC63B188219-SegmentedRaftLog:OPENED:c2:last(t:2, i:2), conf=conf: {index: 1, cur=peers:[s3|localhost:15172, s4|localhost:15176, s0|localhost:15160, s1|localhost:15164, s2|localhost:15168]|listeners:[], old=null}
2024-10-09 00:14:37,174 [s1@group-9FC63B188219-LeaderElection20] INFO  impl.LeaderElection (LeaderElection.java:logAndReturn(90)) - s1@group-9FC63B188219-LeaderElection20: PRE_VOTE TIMEOUT received 1 response(s) and 2 exception(s):
2024-10-09 00:14:37,174 [s1@group-9FC63B188219-LeaderElection20] INFO  impl.LeaderElection (LeaderElection.java:logAndReturn(94)) -   Response 0: s1<-s3#0:OK-t2
2024-10-09 00:14:37,174 [s1@group-9FC63B188219-LeaderElection20] INFO  impl.LeaderElection (LogUtils.java:infoOrTrace(136)) -   Exception 1: java.util.concurrent.ExecutionException: java.io.IOException: The peer s4 is not alive.
2024-10-09 00:14:37,174 [s1@group-9FC63B188219-LeaderElection20] INFO  impl.LeaderElection (LogUtils.java:infoOrTrace(136)) -   Exception 2: java.util.concurrent.ExecutionException: java.io.IOException: The peer s2 is not alive.
2024-10-09 00:14:37,175 [s1@group-9FC63B188219-LeaderElection20] INFO  impl.LeaderElection (LeaderElection.java:askForVotes(339)) - s1@group-9FC63B188219-LeaderElection20 PRE_VOTE round 155: result TIMEOUT
2024-10-09 00:14:37,175 [s1@group-9FC63B188219-LeaderElection20] INFO  impl.LeaderElection (LeaderElection.java:askForVotes(337)) - s1@group-9FC63B188219-LeaderElection20 PRE_VOTE round 156: submit vote requests at term 2 for conf: {index: 1, cur=peers:[s3|localhost:15172, s4|localhost:15176, s0|localhost:15160, s1|localhost:15164, s2|localhost:15168]|listeners:[], old=null}
2024-10-09 00:14:37,175 [HandlerDaemon-0] INFO  server.RaftServer$Division (RaftServerImpl.java:requestVote(1443)) - s3@group-9FC63B188219: receive requestVote(PRE_VOTE, s1, group-9FC63B188219, 2, (t:2, i:2))
2024-10-09 00:14:37,175 [HandlerDaemon-0] INFO  impl.VoteContext (VoteContext.java:log(49)) - s3@group-9FC63B188219-CANDIDATE: accept PRE_VOTE from s1: our priority 0 <= candidate's priority 0
2024-10-09 00:14:37,175 [s1@group-9FC63B188219-LeaderElection20] INFO  impl.LeaderElection (LogUtils.java:infoOrTrace(136)) - s1@group-9FC63B188219-LeaderElection20 got exception when requesting votes: java.util.concurrent.ExecutionException: java.io.IOException: The peer s4 is not alive.
2024-10-09 00:14:37,175 [HandlerDaemon-0] INFO  server.RaftServer$Division (RaftServerImpl.java:requestVote(1476)) - s3@group-9FC63B188219 replies to PRE_VOTE vote request: s1<-s3#0:OK-t2. Peer's state: s3@group-9FC63B188219:t2, leader=null, voted=s2, raftlog=Memoized:s3@group-9FC63B188219-SegmentedRaftLog:OPENED:c2:last(t:2, i:2), conf=conf: {index: 1, cur=peers:[s3|localhost:15172, s4|localhost:15176, s0|localhost:15160, s1|localhost:15164, s2|localhost:15168]|listeners:[], old=null}
2024-10-09 00:14:37,175 [s1@group-9FC63B188219-LeaderElection20] INFO  impl.LeaderElection (LogUtils.java:infoOrTrace(136)) - s1@group-9FC63B188219-LeaderElection20 got exception when requesting votes: java.util.concurrent.ExecutionException: java.io.IOException: The peer s2 is not alive.
2024-10-09 00:14:37,377 [main] WARN  ratis.RaftTestUtil (RaftTestUtil.java:lambda$waitForLeader$3(126)) - Attempt #81 failed: java.lang.IllegalStateException: No leader yet : printing ALL groups
  s3:  RUNNING CANDIDATE s3@group-9FC63B188219:t2, leader=null, voted=s2, raftlog=Memoized:s3@group-9FC63B188219-SegmentedRaftLog:OPENED:c2:last(t:2, i:2), conf=conf: {index: 1, cur=peers:[s3|localhost:15172, s4|localhost:15176, s0|localhost:15160, s1|localhost:15164, s2|localhost:15168]|listeners:[], old=null} RUNNING
  s4:   CLOSED    LEADER s4@group-9FC63B188219:t1, leader=s4, voted=s4, raftlog=Memoized:s4@group-9FC63B188219-SegmentedRaftLog:CLOSED:c0, conf=conf: {index: 0, cur=peers:[s3|localhost:15172, s4|localhost:15176, s0|localhost:15160, s1|localhost:15164, s2|localhost:15168]|listeners:[], old=null} CLOSED
  s0:  RUNNING  FOLLOWER s0@group-9FC63B188219:t1, leader=null, voted=null, raftlog=Memoized:s0@group-9FC63B188219-SegmentedRaftLog:OPENED:c-1:lastnull, conf=conf: {index: -1, cur=peers:[s3|localhost:15172, s4|localhost:15176, s0|localhost:15160, s1|localhost:15164, s2|localhost:15168]|listeners:[], old=null} RUNNING
  s1:  RUNNING CANDIDATE s1@group-9FC63B188219:t2, leader=null, voted=s2, raftlog=Memoized:s1@group-9FC63B188219-SegmentedRaftLog:OPENED:c2:last(t:2, i:2), conf=conf: {index: 1, cur=peers:[s3|localhost:15172, s4|localhost:15176, s0|localhost:15160, s1|localhost:15164, s2|localhost:15168]|listeners:[], old=null} RUNNING
  s2:   CLOSED    LEADER s2@group-9FC63B188219:t2, leader=s2, voted=s2, raftlog=Memoized:s2@group-9FC63B188219-SegmentedRaftLog:CLOSED:c2, conf=conf: {index: 1, cur=peers:[s3|localhost:15172, s4|localhost:15176, s0|localhost:15160, s1|localhost:15164, s2|localhost:15168]|listeners:[], old=null} CLOSED
2024-10-09 00:14:37,378 [s3@group-9FC63B188219-LeaderElection21] INFO  impl.LeaderElection (LeaderElection.java:logAndReturn(90)) - s3@group-9FC63B188219-LeaderElection21: PRE_VOTE TIMEOUT received 1 response(s) and 2 exception(s):
2024-10-09 00:14:37,378 [s3@group-9FC63B188219-LeaderElection21] INFO  impl.LeaderElection (LeaderElection.java:logAndReturn(94)) -   Response 0: s3<-s1#0:OK-t2
2024-10-09 00:14:37,378 [s3@group-9FC63B188219-LeaderElection21] INFO  impl.LeaderElection (LogUtils.java:infoOrTrace(136)) -   Exception 1: java.util.concurrent.ExecutionException: java.io.IOException: The peer s4 is not alive.
2024-10-09 00:14:37,378 [s3@group-9FC63B188219-LeaderElection21] INFO  impl.LeaderElection (LogUtils.java:infoOrTrace(136)) -   Exception 2: java.util.concurrent.ExecutionException: java.io.IOException: The peer s2 is not alive.
2024-10-09 00:14:37,378 [s3@group-9FC63B188219-LeaderElection21] INFO  impl.LeaderElection (LeaderElection.java:askForVotes(339)) - s3@group-9FC63B188219-LeaderElection21 PRE_VOTE round 142: result TIMEOUT
2024-10-09 00:14:37,378 [s3@group-9FC63B188219-LeaderElection21] INFO  impl.LeaderElection (LeaderElection.java:askForVotes(337)) - s3@group-9FC63B188219-LeaderElection21 PRE_VOTE round 143: submit vote requests at term 2 for conf: {index: 1, cur=peers:[s3|localhost:15172, s4|localhost:15176, s0|localhost:15160, s1|localhost:15164, s2|localhost:15168]|listeners:[], old=null}
2024-10-09 00:14:37,378 [HandlerDaemon-2] INFO  server.RaftServer$Division (RaftServerImpl.java:requestVote(1443)) - s1@group-9FC63B188219: receive requestVote(PRE_VOTE, s3, group-9FC63B188219, 2, (t:2, i:2))
2024-10-09 00:14:37,378 [HandlerDaemon-2] INFO  impl.VoteContext (VoteContext.java:log(49)) - s1@group-9FC63B188219-CANDIDATE: accept PRE_VOTE from s3: our priority 0 <= candidate's priority 0
2024-10-09 00:14:37,378 [s3@group-9FC63B188219-LeaderElection21] INFO  impl.LeaderElection (LogUtils.java:infoOrTrace(136)) - s3@group-9FC63B188219-LeaderElection21 got exception when requesting votes: java.util.concurrent.ExecutionException: java.io.IOException: The peer s4 is not alive.
2024-10-09 00:14:37,378 [HandlerDaemon-2] INFO  server.RaftServer$Division (RaftServerImpl.java:requestVote(1476)) - s1@group-9FC63B188219 replies to PRE_VOTE vote request: s3<-s1#0:OK-t2. Peer's state: s1@group-9FC63B188219:t2, leader=null, voted=s2, raftlog=Memoized:s1@group-9FC63B188219-SegmentedRaftLog:OPENED:c2:last(t:2, i:2), conf=conf: {index: 1, cur=peers:[s3|localhost:15172, s4|localhost:15176, s0|localhost:15160, s1|localhost:15164, s2|localhost:15168]|listeners:[], old=null}
2024-10-09 00:14:37,378 [s3@group-9FC63B188219-LeaderElection21] INFO  impl.LeaderElection (LogUtils.java:infoOrTrace(136)) - s3@group-9FC63B188219-LeaderElection21 got exception when requesting votes: java.util.concurrent.ExecutionException: java.io.IOException: The peer s2 is not alive.
2024-10-09 00:14:37,470 [s1@group-9FC63B188219-LeaderElection20] INFO  impl.LeaderElection (LeaderElection.java:logAndReturn(90)) - s1@group-9FC63B188219-LeaderElection20: PRE_VOTE TIMEOUT received 1 response(s) and 2 exception(s):
2024-10-09 00:14:37,470 [s1@group-9FC63B188219-LeaderElection20] INFO  impl.LeaderElection (LeaderElection.java:logAndReturn(94)) -   Response 0: s1<-s3#0:OK-t2
2024-10-09 00:14:37,470 [s1@group-9FC63B188219-LeaderElection20] INFO  impl.LeaderElection (LogUtils.java:infoOrTrace(136)) -   Exception 1: java.util.concurrent.ExecutionException: java.io.IOException: The peer s4 is not alive.
2024-10-09 00:14:37,470 [s1@group-9FC63B188219-LeaderElection20] INFO  impl.LeaderElection (LogUtils.java:infoOrTrace(136)) -   Exception 2: java.util.concurrent.ExecutionException: java.io.IOException: The peer s2 is not alive.
2024-10-09 00:14:37,470 [s1@group-9FC63B188219-LeaderElection20] INFO  impl.LeaderElection (LeaderElection.java:askForVotes(339)) - s1@group-9FC63B188219-LeaderElection20 PRE_VOTE round 156: result TIMEOUT
2024-10-09 00:14:37,471 [s1@group-9FC63B188219-LeaderElection20] INFO  impl.LeaderElection (LeaderElection.java:askForVotes(337)) - s1@group-9FC63B188219-LeaderElection20 PRE_VOTE round 157: submit vote requests at term 2 for conf: {index: 1, cur=peers:[s3|localhost:15172, s4|localhost:15176, s0|localhost:15160, s1|localhost:15164, s2|localhost:15168]|listeners:[], old=null}
2024-10-09 00:14:37,471 [HandlerDaemon-1] INFO  server.RaftServer$Division (RaftServerImpl.java:requestVote(1443)) - s3@group-9FC63B188219: receive requestVote(PRE_VOTE, s1, group-9FC63B188219, 2, (t:2, i:2))
2024-10-09 00:14:37,471 [HandlerDaemon-1] INFO  impl.VoteContext (VoteContext.java:log(49)) - s3@group-9FC63B188219-CANDIDATE: accept PRE_VOTE from s1: our priority 0 <= candidate's priority 0
2024-10-09 00:14:37,471 [s1@group-9FC63B188219-LeaderElection20] INFO  impl.LeaderElection (LogUtils.java:infoOrTrace(136)) - s1@group-9FC63B188219-LeaderElection20 got exception when requesting votes: java.util.concurrent.ExecutionException: java.io.IOException: The peer s4 is not alive.
2024-10-09 00:14:37,471 [s1@group-9FC63B188219-LeaderElection20] INFO  impl.LeaderElection (LogUtils.java:infoOrTrace(136)) - s1@group-9FC63B188219-LeaderElection20 got exception when requesting votes: java.util.concurrent.ExecutionException: java.io.IOException: The peer s2 is not alive.
2024-10-09 00:14:37,471 [HandlerDaemon-1] INFO  server.RaftServer$Division (RaftServerImpl.java:requestVote(1476)) - s3@group-9FC63B188219 replies to PRE_VOTE vote request: s1<-s3#0:OK-t2. Peer's state: s3@group-9FC63B188219:t2, leader=null, voted=s2, raftlog=Memoized:s3@group-9FC63B188219-SegmentedRaftLog:OPENED:c2:last(t:2, i:2), conf=conf: {index: 1, cur=peers:[s3|localhost:15172, s4|localhost:15176, s0|localhost:15160, s1|localhost:15164, s2|localhost:15168]|listeners:[], old=null}
2024-10-09 00:14:37,550 [s3@group-9FC63B188219-LeaderElection21] INFO  impl.LeaderElection (LeaderElection.java:logAndReturn(90)) - s3@group-9FC63B188219-LeaderElection21: PRE_VOTE TIMEOUT received 1 response(s) and 2 exception(s):
2024-10-09 00:14:37,550 [s3@group-9FC63B188219-LeaderElection21] INFO  impl.LeaderElection (LeaderElection.java:logAndReturn(94)) -   Response 0: s3<-s1#0:OK-t2
2024-10-09 00:14:37,550 [s3@group-9FC63B188219-LeaderElection21] INFO  impl.LeaderElection (LogUtils.java:infoOrTrace(136)) -   Exception 1: java.util.concurrent.ExecutionException: java.io.IOException: The peer s4 is not alive.
2024-10-09 00:14:37,550 [s3@group-9FC63B188219-LeaderElection21] INFO  impl.LeaderElection (LogUtils.java:infoOrTrace(136)) -   Exception 2: java.util.concurrent.ExecutionException: java.io.IOException: The peer s2 is not alive.
2024-10-09 00:14:37,550 [s3@group-9FC63B188219-LeaderElection21] INFO  impl.LeaderElection (LeaderElection.java:askForVotes(339)) - s3@group-9FC63B188219-LeaderElection21 PRE_VOTE round 143: result TIMEOUT
2024-10-09 00:14:37,550 [s3@group-9FC63B188219-LeaderElection21] INFO  impl.LeaderElection (LeaderElection.java:askForVotes(337)) - s3@group-9FC63B188219-LeaderElection21 PRE_VOTE round 144: submit vote requests at term 2 for conf: {index: 1, cur=peers:[s3|localhost:15172, s4|localhost:15176, s0|localhost:15160, s1|localhost:15164, s2|localhost:15168]|listeners:[], old=null}
2024-10-09 00:14:37,551 [s3@group-9FC63B188219-LeaderElection21] INFO  impl.LeaderElection (LogUtils.java:infoOrTrace(136)) - s3@group-9FC63B188219-LeaderElection21 got exception when requesting votes: java.util.concurrent.ExecutionException: java.io.IOException: The peer s4 is not alive.
2024-10-09 00:14:37,551 [s3@group-9FC63B188219-LeaderElection21] INFO  impl.LeaderElection (LogUtils.java:infoOrTrace(136)) - s3@group-9FC63B188219-LeaderElection21 got exception when requesting votes: java.util.concurrent.ExecutionException: java.io.IOException: The peer s2 is not alive.
2024-10-09 00:14:37,551 [HandlerDaemon-0] INFO  server.RaftServer$Division (RaftServerImpl.java:requestVote(1443)) - s1@group-9FC63B188219: receive requestVote(PRE_VOTE, s3, group-9FC63B188219, 2, (t:2, i:2))
2024-10-09 00:14:37,551 [HandlerDaemon-0] INFO  impl.VoteContext (VoteContext.java:log(49)) - s1@group-9FC63B188219-CANDIDATE: accept PRE_VOTE from s3: our priority 0 <= candidate's priority 0
2024-10-09 00:14:37,551 [HandlerDaemon-0] INFO  server.RaftServer$Division (RaftServerImpl.java:requestVote(1476)) - s1@group-9FC63B188219 replies to PRE_VOTE vote request: s3<-s1#0:OK-t2. Peer's state: s1@group-9FC63B188219:t2, leader=null, voted=s2, raftlog=Memoized:s1@group-9FC63B188219-SegmentedRaftLog:OPENED:c2:last(t:2, i:2), conf=conf: {index: 1, cur=peers:[s3|localhost:15172, s4|localhost:15176, s0|localhost:15160, s1|localhost:15164, s2|localhost:15168]|listeners:[], old=null}
2024-10-09 00:14:37,679 [s1@group-9FC63B188219-LeaderElection20] INFO  impl.LeaderElection (LeaderElection.java:logAndReturn(90)) - s1@group-9FC63B188219-LeaderElection20: PRE_VOTE TIMEOUT received 1 response(s) and 2 exception(s):
2024-10-09 00:14:37,679 [s1@group-9FC63B188219-LeaderElection20] INFO  impl.LeaderElection (LeaderElection.java:logAndReturn(94)) -   Response 0: s1<-s3#0:OK-t2
2024-10-09 00:14:37,679 [s1@group-9FC63B188219-LeaderElection20] INFO  impl.LeaderElection (LogUtils.java:infoOrTrace(136)) -   Exception 1: java.util.concurrent.ExecutionException: java.io.IOException: The peer s4 is not alive.
2024-10-09 00:14:37,679 [s1@group-9FC63B188219-LeaderElection20] INFO  impl.LeaderElection (LogUtils.java:infoOrTrace(136)) -   Exception 2: java.util.concurrent.ExecutionException: java.io.IOException: The peer s2 is not alive.
2024-10-09 00:14:37,679 [s1@group-9FC63B188219-LeaderElection20] INFO  impl.LeaderElection (LeaderElection.java:askForVotes(339)) - s1@group-9FC63B188219-LeaderElection20 PRE_VOTE round 157: result TIMEOUT
2024-10-09 00:14:37,679 [s1@group-9FC63B188219-LeaderElection20] INFO  impl.LeaderElection (LeaderElection.java:askForVotes(337)) - s1@group-9FC63B188219-LeaderElection20 PRE_VOTE round 158: submit vote requests at term 2 for conf: {index: 1, cur=peers:[s3|localhost:15172, s4|localhost:15176, s0|localhost:15160, s1|localhost:15164, s2|localhost:15168]|listeners:[], old=null}
2024-10-09 00:14:37,680 [HandlerDaemon-2] INFO  server.RaftServer$Division (RaftServerImpl.java:requestVote(1443)) - s3@group-9FC63B188219: receive requestVote(PRE_VOTE, s1, group-9FC63B188219, 2, (t:2, i:2))
2024-10-09 00:14:37,680 [s1@group-9FC63B188219-LeaderElection20] INFO  impl.LeaderElection (LogUtils.java:infoOrTrace(136)) - s1@group-9FC63B188219-LeaderElection20 got exception when requesting votes: java.util.concurrent.ExecutionException: java.io.IOException: The peer s4 is not alive.
2024-10-09 00:14:37,680 [s1@group-9FC63B188219-LeaderElection20] INFO  impl.LeaderElection (LogUtils.java:infoOrTrace(136)) - s1@group-9FC63B188219-LeaderElection20 got exception when requesting votes: java.util.concurrent.ExecutionException: java.io.IOException: The peer s2 is not alive.
2024-10-09 00:14:37,680 [HandlerDaemon-2] INFO  impl.VoteContext (VoteContext.java:log(49)) - s3@group-9FC63B188219-CANDIDATE: accept PRE_VOTE from s1: our priority 0 <= candidate's priority 0
2024-10-09 00:14:37,680 [HandlerDaemon-2] INFO  server.RaftServer$Division (RaftServerImpl.java:requestVote(1476)) - s3@group-9FC63B188219 replies to PRE_VOTE vote request: s1<-s3#0:OK-t2. Peer's state: s3@group-9FC63B188219:t2, leader=null, voted=s2, raftlog=Memoized:s3@group-9FC63B188219-SegmentedRaftLog:OPENED:c2:last(t:2, i:2), conf=conf: {index: 1, cur=peers:[s3|localhost:15172, s4|localhost:15176, s0|localhost:15160, s1|localhost:15164, s2|localhost:15168]|listeners:[], old=null}
2024-10-09 00:14:37,713 [s3@group-9FC63B188219-LeaderElection21] INFO  impl.LeaderElection (LeaderElection.java:logAndReturn(90)) - s3@group-9FC63B188219-LeaderElection21: PRE_VOTE TIMEOUT received 1 response(s) and 2 exception(s):
2024-10-09 00:14:37,713 [s3@group-9FC63B188219-LeaderElection21] INFO  impl.LeaderElection (LeaderElection.java:logAndReturn(94)) -   Response 0: s3<-s1#0:OK-t2
2024-10-09 00:14:37,713 [s3@group-9FC63B188219-LeaderElection21] INFO  impl.LeaderElection (LogUtils.java:infoOrTrace(136)) -   Exception 1: java.util.concurrent.ExecutionException: java.io.IOException: The peer s4 is not alive.
2024-10-09 00:14:37,713 [s3@group-9FC63B188219-LeaderElection21] INFO  impl.LeaderElection (LogUtils.java:infoOrTrace(136)) -   Exception 2: java.util.concurrent.ExecutionException: java.io.IOException: The peer s2 is not alive.
2024-10-09 00:14:37,713 [s3@group-9FC63B188219-LeaderElection21] INFO  impl.LeaderElection (LeaderElection.java:askForVotes(339)) - s3@group-9FC63B188219-LeaderElection21 PRE_VOTE round 144: result TIMEOUT
2024-10-09 00:14:37,713 [s3@group-9FC63B188219-LeaderElection21] INFO  impl.LeaderElection (LeaderElection.java:askForVotes(337)) - s3@group-9FC63B188219-LeaderElection21 PRE_VOTE round 145: submit vote requests at term 2 for conf: {index: 1, cur=peers:[s3|localhost:15172, s4|localhost:15176, s0|localhost:15160, s1|localhost:15164, s2|localhost:15168]|listeners:[], old=null}
2024-10-09 00:14:37,714 [HandlerDaemon-1] INFO  server.RaftServer$Division (RaftServerImpl.java:requestVote(1443)) - s1@group-9FC63B188219: receive requestVote(PRE_VOTE, s3, group-9FC63B188219, 2, (t:2, i:2))
2024-10-09 00:14:37,714 [s3@group-9FC63B188219-LeaderElection21] INFO  impl.LeaderElection (LogUtils.java:infoOrTrace(136)) - s3@group-9FC63B188219-LeaderElection21 got exception when requesting votes: java.util.concurrent.ExecutionException: java.io.IOException: The peer s4 is not alive.
2024-10-09 00:14:37,714 [HandlerDaemon-1] INFO  impl.VoteContext (VoteContext.java:log(49)) - s1@group-9FC63B188219-CANDIDATE: accept PRE_VOTE from s3: our priority 0 <= candidate's priority 0
2024-10-09 00:14:37,714 [s3@group-9FC63B188219-LeaderElection21] INFO  impl.LeaderElection (LogUtils.java:infoOrTrace(136)) - s3@group-9FC63B188219-LeaderElection21 got exception when requesting votes: java.util.concurrent.ExecutionException: java.io.IOException: The peer s2 is not alive.
2024-10-09 00:14:37,714 [HandlerDaemon-1] INFO  server.RaftServer$Division (RaftServerImpl.java:requestVote(1476)) - s1@group-9FC63B188219 replies to PRE_VOTE vote request: s3<-s1#0:OK-t2. Peer's state: s1@group-9FC63B188219:t2, leader=null, voted=s2, raftlog=Memoized:s1@group-9FC63B188219-SegmentedRaftLog:OPENED:c2:last(t:2, i:2), conf=conf: {index: 1, cur=peers:[s3|localhost:15172, s4|localhost:15176, s0|localhost:15160, s1|localhost:15164, s2|localhost:15168]|listeners:[], old=null}
2024-10-09 00:14:37,827 [main] WARN  ratis.RaftTestUtil (RaftTestUtil.java:lambda$waitForLeader$3(126)) - Attempt #82 failed: java.lang.IllegalStateException: No leader yet : printing ALL groups
  s3:  RUNNING CANDIDATE s3@group-9FC63B188219:t2, leader=null, voted=s2, raftlog=Memoized:s3@group-9FC63B188219-SegmentedRaftLog:OPENED:c2:last(t:2, i:2), conf=conf: {index: 1, cur=peers:[s3|localhost:15172, s4|localhost:15176, s0|localhost:15160, s1|localhost:15164, s2|localhost:15168]|listeners:[], old=null} RUNNING
  s4:   CLOSED    LEADER s4@group-9FC63B188219:t1, leader=s4, voted=s4, raftlog=Memoized:s4@group-9FC63B188219-SegmentedRaftLog:CLOSED:c0, conf=conf: {index: 0, cur=peers:[s3|localhost:15172, s4|localhost:15176, s0|localhost:15160, s1|localhost:15164, s2|localhost:15168]|listeners:[], old=null} CLOSED
  s0:  RUNNING  FOLLOWER s0@group-9FC63B188219:t1, leader=null, voted=null, raftlog=Memoized:s0@group-9FC63B188219-SegmentedRaftLog:OPENED:c-1:lastnull, conf=conf: {index: -1, cur=peers:[s3|localhost:15172, s4|localhost:15176, s0|localhost:15160, s1|localhost:15164, s2|localhost:15168]|listeners:[], old=null} RUNNING
  s1:  RUNNING CANDIDATE s1@group-9FC63B188219:t2, leader=null, voted=s2, raftlog=Memoized:s1@group-9FC63B188219-SegmentedRaftLog:OPENED:c2:last(t:2, i:2), conf=conf: {index: 1, cur=peers:[s3|localhost:15172, s4|localhost:15176, s0|localhost:15160, s1|localhost:15164, s2|localhost:15168]|listeners:[], old=null} RUNNING
  s2:   CLOSED    LEADER s2@group-9FC63B188219:t2, leader=s2, voted=s2, raftlog=Memoized:s2@group-9FC63B188219-SegmentedRaftLog:CLOSED:c2, conf=conf: {index: 1, cur=peers:[s3|localhost:15172, s4|localhost:15176, s0|localhost:15160, s1|localhost:15164, s2|localhost:15168]|listeners:[], old=null} CLOSED
2024-10-09 00:14:37,922 [s1@group-9FC63B188219-LeaderElection20] INFO  impl.LeaderElection (LeaderElection.java:logAndReturn(90)) - s1@group-9FC63B188219-LeaderElection20: PRE_VOTE TIMEOUT received 1 response(s) and 2 exception(s):
2024-10-09 00:14:37,922 [s1@group-9FC63B188219-LeaderElection20] INFO  impl.LeaderElection (LeaderElection.java:logAndReturn(94)) -   Response 0: s1<-s3#0:OK-t2
2024-10-09 00:14:37,922 [s1@group-9FC63B188219-LeaderElection20] INFO  impl.LeaderElection (LogUtils.java:infoOrTrace(136)) -   Exception 1: java.util.concurrent.ExecutionException: java.io.IOException: The peer s4 is not alive.
2024-10-09 00:14:37,922 [s1@group-9FC63B188219-LeaderElection20] INFO  impl.LeaderElection (LogUtils.java:infoOrTrace(136)) -   Exception 2: java.util.concurrent.ExecutionException: java.io.IOException: The peer s2 is not alive.
2024-10-09 00:14:37,922 [s1@group-9FC63B188219-LeaderElection20] INFO  impl.LeaderElection (LeaderElection.java:askForVotes(339)) - s1@group-9FC63B188219-LeaderElection20 PRE_VOTE round 158: result TIMEOUT
2024-10-09 00:14:37,922 [s1@group-9FC63B188219-LeaderElection20] INFO  impl.LeaderElection (LeaderElection.java:askForVotes(337)) - s1@group-9FC63B188219-LeaderElection20 PRE_VOTE round 159: submit vote requests at term 2 for conf: {index: 1, cur=peers:[s3|localhost:15172, s4|localhost:15176, s0|localhost:15160, s1|localhost:15164, s2|localhost:15168]|listeners:[], old=null}
2024-10-09 00:14:37,922 [HandlerDaemon-0] INFO  server.RaftServer$Division (RaftServerImpl.java:requestVote(1443)) - s3@group-9FC63B188219: receive requestVote(PRE_VOTE, s1, group-9FC63B188219, 2, (t:2, i:2))
2024-10-09 00:14:37,922 [HandlerDaemon-0] INFO  impl.VoteContext (VoteContext.java:log(49)) - s3@group-9FC63B188219-CANDIDATE: accept PRE_VOTE from s1: our priority 0 <= candidate's priority 0
2024-10-09 00:14:37,922 [s1@group-9FC63B188219-LeaderElection20] INFO  impl.LeaderElection (LogUtils.java:infoOrTrace(136)) - s1@group-9FC63B188219-LeaderElection20 got exception when requesting votes: java.util.concurrent.ExecutionException: java.io.IOException: The peer s4 is not alive.
2024-10-09 00:14:37,923 [s1@group-9FC63B188219-LeaderElection20] INFO  impl.LeaderElection (LogUtils.java:infoOrTrace(136)) - s1@group-9FC63B188219-LeaderElection20 got exception when requesting votes: java.util.concurrent.ExecutionException: java.io.IOException: The peer s2 is not alive.
2024-10-09 00:14:37,922 [HandlerDaemon-0] INFO  server.RaftServer$Division (RaftServerImpl.java:requestVote(1476)) - s3@group-9FC63B188219 replies to PRE_VOTE vote request: s1<-s3#0:OK-t2. Peer's state: s3@group-9FC63B188219:t2, leader=null, voted=s2, raftlog=Memoized:s3@group-9FC63B188219-SegmentedRaftLog:OPENED:c2:last(t:2, i:2), conf=conf: {index: 1, cur=peers:[s3|localhost:15172, s4|localhost:15176, s0|localhost:15160, s1|localhost:15164, s2|localhost:15168]|listeners:[], old=null}
2024-10-09 00:14:38,007 [s3@group-9FC63B188219-LeaderElection21] INFO  impl.LeaderElection (LeaderElection.java:logAndReturn(90)) - s3@group-9FC63B188219-LeaderElection21: PRE_VOTE TIMEOUT received 1 response(s) and 2 exception(s):
2024-10-09 00:14:38,007 [s3@group-9FC63B188219-LeaderElection21] INFO  impl.LeaderElection (LeaderElection.java:logAndReturn(94)) -   Response 0: s3<-s1#0:OK-t2
2024-10-09 00:14:38,007 [s3@group-9FC63B188219-LeaderElection21] INFO  impl.LeaderElection (LogUtils.java:infoOrTrace(136)) -   Exception 1: java.util.concurrent.ExecutionException: java.io.IOException: The peer s4 is not alive.
2024-10-09 00:14:38,007 [s3@group-9FC63B188219-LeaderElection21] INFO  impl.LeaderElection (LogUtils.java:infoOrTrace(136)) -   Exception 2: java.util.concurrent.ExecutionException: java.io.IOException: The peer s2 is not alive.
2024-10-09 00:14:38,007 [s3@group-9FC63B188219-LeaderElection21] INFO  impl.LeaderElection (LeaderElection.java:askForVotes(339)) - s3@group-9FC63B188219-LeaderElection21 PRE_VOTE round 145: result TIMEOUT
2024-10-09 00:14:38,007 [s3@group-9FC63B188219-LeaderElection21] INFO  impl.LeaderElection (LeaderElection.java:askForVotes(337)) - s3@group-9FC63B188219-LeaderElection21 PRE_VOTE round 146: submit vote requests at term 2 for conf: {index: 1, cur=peers:[s3|localhost:15172, s4|localhost:15176, s0|localhost:15160, s1|localhost:15164, s2|localhost:15168]|listeners:[], old=null}
2024-10-09 00:14:38,007 [HandlerDaemon-2] INFO  server.RaftServer$Division (RaftServerImpl.java:requestVote(1443)) - s1@group-9FC63B188219: receive requestVote(PRE_VOTE, s3, group-9FC63B188219, 2, (t:2, i:2))
2024-10-09 00:14:38,008 [HandlerDaemon-2] INFO  impl.VoteContext (VoteContext.java:log(49)) - s1@group-9FC63B188219-CANDIDATE: accept PRE_VOTE from s3: our priority 0 <= candidate's priority 0
2024-10-09 00:14:38,008 [s3@group-9FC63B188219-LeaderElection21] INFO  impl.LeaderElection (LogUtils.java:infoOrTrace(136)) - s3@group-9FC63B188219-LeaderElection21 got exception when requesting votes: java.util.concurrent.ExecutionException: java.io.IOException: The peer s4 is not alive.
2024-10-09 00:14:38,008 [s3@group-9FC63B188219-LeaderElection21] INFO  impl.LeaderElection (LogUtils.java:infoOrTrace(136)) - s3@group-9FC63B188219-LeaderElection21 got exception when requesting votes: java.util.concurrent.ExecutionException: java.io.IOException: The peer s2 is not alive.
2024-10-09 00:14:38,008 [HandlerDaemon-2] INFO  server.RaftServer$Division (RaftServerImpl.java:requestVote(1476)) - s1@group-9FC63B188219 replies to PRE_VOTE vote request: s3<-s1#0:OK-t2. Peer's state: s1@group-9FC63B188219:t2, leader=null, voted=s2, raftlog=Memoized:s1@group-9FC63B188219-SegmentedRaftLog:OPENED:c2:last(t:2, i:2), conf=conf: {index: 1, cur=peers:[s3|localhost:15172, s4|localhost:15176, s0|localhost:15160, s1|localhost:15164, s2|localhost:15168]|listeners:[], old=null}
2024-10-09 00:14:38,102 [s1@group-9FC63B188219-LeaderElection20] INFO  impl.LeaderElection (LeaderElection.java:logAndReturn(90)) - s1@group-9FC63B188219-LeaderElection20: PRE_VOTE TIMEOUT received 1 response(s) and 2 exception(s):
2024-10-09 00:14:38,102 [s1@group-9FC63B188219-LeaderElection20] INFO  impl.LeaderElection (LeaderElection.java:logAndReturn(94)) -   Response 0: s1<-s3#0:OK-t2
2024-10-09 00:14:38,102 [s1@group-9FC63B188219-LeaderElection20] INFO  impl.LeaderElection (LogUtils.java:infoOrTrace(136)) -   Exception 1: java.util.concurrent.ExecutionException: java.io.IOException: The peer s4 is not alive.
2024-10-09 00:14:38,102 [s1@group-9FC63B188219-LeaderElection20] INFO  impl.LeaderElection (LogUtils.java:infoOrTrace(136)) -   Exception 2: java.util.concurrent.ExecutionException: java.io.IOException: The peer s2 is not alive.
2024-10-09 00:14:38,102 [s1@group-9FC63B188219-LeaderElection20] INFO  impl.LeaderElection (LeaderElection.java:askForVotes(339)) - s1@group-9FC63B188219-LeaderElection20 PRE_VOTE round 159: result TIMEOUT
2024-10-09 00:14:38,102 [s1@group-9FC63B188219-LeaderElection20] INFO  impl.LeaderElection (LeaderElection.java:askForVotes(337)) - s1@group-9FC63B188219-LeaderElection20 PRE_VOTE round 160: submit vote requests at term 2 for conf: {index: 1, cur=peers:[s3|localhost:15172, s4|localhost:15176, s0|localhost:15160, s1|localhost:15164, s2|localhost:15168]|listeners:[], old=null}
2024-10-09 00:14:38,102 [HandlerDaemon-1] INFO  server.RaftServer$Division (RaftServerImpl.java:requestVote(1443)) - s3@group-9FC63B188219: receive requestVote(PRE_VOTE, s1, group-9FC63B188219, 2, (t:2, i:2))
2024-10-09 00:14:38,103 [s1@group-9FC63B188219-LeaderElection20] INFO  impl.LeaderElection (LogUtils.java:infoOrTrace(136)) - s1@group-9FC63B188219-LeaderElection20 got exception when requesting votes: java.util.concurrent.ExecutionException: java.io.IOException: The peer s4 is not alive.
2024-10-09 00:14:38,103 [HandlerDaemon-1] INFO  impl.VoteContext (VoteContext.java:log(49)) - s3@group-9FC63B188219-CANDIDATE: accept PRE_VOTE from s1: our priority 0 <= candidate's priority 0
2024-10-09 00:14:38,103 [HandlerDaemon-1] INFO  server.RaftServer$Division (RaftServerImpl.java:requestVote(1476)) - s3@group-9FC63B188219 replies to PRE_VOTE vote request: s1<-s3#0:OK-t2. Peer's state: s3@group-9FC63B188219:t2, leader=null, voted=s2, raftlog=Memoized:s3@group-9FC63B188219-SegmentedRaftLog:OPENED:c2:last(t:2, i:2), conf=conf: {index: 1, cur=peers:[s3|localhost:15172, s4|localhost:15176, s0|localhost:15160, s1|localhost:15164, s2|localhost:15168]|listeners:[], old=null}
2024-10-09 00:14:38,103 [s1@group-9FC63B188219-LeaderElection20] INFO  impl.LeaderElection (LogUtils.java:infoOrTrace(136)) - s1@group-9FC63B188219-LeaderElection20 got exception when requesting votes: java.util.concurrent.ExecutionException: java.io.IOException: The peer s2 is not alive.
2024-10-09 00:14:38,215 [s3@group-9FC63B188219-LeaderElection21] INFO  impl.LeaderElection (LeaderElection.java:logAndReturn(90)) - s3@group-9FC63B188219-LeaderElection21: PRE_VOTE TIMEOUT received 1 response(s) and 2 exception(s):
2024-10-09 00:14:38,215 [s3@group-9FC63B188219-LeaderElection21] INFO  impl.LeaderElection (LeaderElection.java:logAndReturn(94)) -   Response 0: s3<-s1#0:OK-t2
2024-10-09 00:14:38,215 [s3@group-9FC63B188219-LeaderElection21] INFO  impl.LeaderElection (LogUtils.java:infoOrTrace(136)) -   Exception 1: java.util.concurrent.ExecutionException: java.io.IOException: The peer s4 is not alive.
2024-10-09 00:14:38,215 [s3@group-9FC63B188219-LeaderElection21] INFO  impl.LeaderElection (LogUtils.java:infoOrTrace(136)) -   Exception 2: java.util.concurrent.ExecutionException: java.io.IOException: The peer s2 is not alive.
2024-10-09 00:14:38,215 [s3@group-9FC63B188219-LeaderElection21] INFO  impl.LeaderElection (LeaderElection.java:askForVotes(339)) - s3@group-9FC63B188219-LeaderElection21 PRE_VOTE round 146: result TIMEOUT
2024-10-09 00:14:38,215 [s3@group-9FC63B188219-LeaderElection21] INFO  impl.LeaderElection (LeaderElection.java:askForVotes(337)) - s3@group-9FC63B188219-LeaderElection21 PRE_VOTE round 147: submit vote requests at term 2 for conf: {index: 1, cur=peers:[s3|localhost:15172, s4|localhost:15176, s0|localhost:15160, s1|localhost:15164, s2|localhost:15168]|listeners:[], old=null}
2024-10-09 00:14:38,215 [HandlerDaemon-0] INFO  server.RaftServer$Division (RaftServerImpl.java:requestVote(1443)) - s1@group-9FC63B188219: receive requestVote(PRE_VOTE, s3, group-9FC63B188219, 2, (t:2, i:2))
2024-10-09 00:14:38,216 [HandlerDaemon-0] INFO  impl.VoteContext (VoteContext.java:log(49)) - s1@group-9FC63B188219-CANDIDATE: accept PRE_VOTE from s3: our priority 0 <= candidate's priority 0
2024-10-09 00:14:38,216 [HandlerDaemon-0] INFO  server.RaftServer$Division (RaftServerImpl.java:requestVote(1476)) - s1@group-9FC63B188219 replies to PRE_VOTE vote request: s3<-s1#0:OK-t2. Peer's state: s1@group-9FC63B188219:t2, leader=null, voted=s2, raftlog=Memoized:s1@group-9FC63B188219-SegmentedRaftLog:OPENED:c2:last(t:2, i:2), conf=conf: {index: 1, cur=peers:[s3|localhost:15172, s4|localhost:15176, s0|localhost:15160, s1|localhost:15164, s2|localhost:15168]|listeners:[], old=null}
2024-10-09 00:14:38,216 [s3@group-9FC63B188219-LeaderElection21] INFO  impl.LeaderElection (LogUtils.java:infoOrTrace(136)) - s3@group-9FC63B188219-LeaderElection21 got exception when requesting votes: java.util.concurrent.ExecutionException: java.io.IOException: The peer s4 is not alive.
2024-10-09 00:14:38,216 [s3@group-9FC63B188219-LeaderElection21] INFO  impl.LeaderElection (LogUtils.java:infoOrTrace(136)) - s3@group-9FC63B188219-LeaderElection21 got exception when requesting votes: java.util.concurrent.ExecutionException: java.io.IOException: The peer s2 is not alive.
2024-10-09 00:14:38,277 [main] WARN  ratis.RaftTestUtil (RaftTestUtil.java:lambda$waitForLeader$3(126)) - Attempt #83 failed: java.lang.IllegalStateException: No leader yet : printing ALL groups
  s3:  RUNNING CANDIDATE s3@group-9FC63B188219:t2, leader=null, voted=s2, raftlog=Memoized:s3@group-9FC63B188219-SegmentedRaftLog:OPENED:c2:last(t:2, i:2), conf=conf: {index: 1, cur=peers:[s3|localhost:15172, s4|localhost:15176, s0|localhost:15160, s1|localhost:15164, s2|localhost:15168]|listeners:[], old=null} RUNNING
  s4:   CLOSED    LEADER s4@group-9FC63B188219:t1, leader=s4, voted=s4, raftlog=Memoized:s4@group-9FC63B188219-SegmentedRaftLog:CLOSED:c0, conf=conf: {index: 0, cur=peers:[s3|localhost:15172, s4|localhost:15176, s0|localhost:15160, s1|localhost:15164, s2|localhost:15168]|listeners:[], old=null} CLOSED
  s0:  RUNNING  FOLLOWER s0@group-9FC63B188219:t1, leader=null, voted=null, raftlog=Memoized:s0@group-9FC63B188219-SegmentedRaftLog:OPENED:c-1:lastnull, conf=conf: {index: -1, cur=peers:[s3|localhost:15172, s4|localhost:15176, s0|localhost:15160, s1|localhost:15164, s2|localhost:15168]|listeners:[], old=null} RUNNING
  s1:  RUNNING CANDIDATE s1@group-9FC63B188219:t2, leader=null, voted=s2, raftlog=Memoized:s1@group-9FC63B188219-SegmentedRaftLog:OPENED:c2:last(t:2, i:2), conf=conf: {index: 1, cur=peers:[s3|localhost:15172, s4|localhost:15176, s0|localhost:15160, s1|localhost:15164, s2|localhost:15168]|listeners:[], old=null} RUNNING
  s2:   CLOSED    LEADER s2@group-9FC63B188219:t2, leader=s2, voted=s2, raftlog=Memoized:s2@group-9FC63B188219-SegmentedRaftLog:CLOSED:c2, conf=conf: {index: 1, cur=peers:[s3|localhost:15172, s4|localhost:15176, s0|localhost:15160, s1|localhost:15164, s2|localhost:15168]|listeners:[], old=null} CLOSED
2024-10-09 00:14:38,296 [s1@group-9FC63B188219-LeaderElection20] INFO  impl.LeaderElection (LeaderElection.java:logAndReturn(90)) - s1@group-9FC63B188219-LeaderElection20: PRE_VOTE TIMEOUT received 1 response(s) and 2 exception(s):
2024-10-09 00:14:38,296 [s1@group-9FC63B188219-LeaderElection20] INFO  impl.LeaderElection (LeaderElection.java:logAndReturn(94)) -   Response 0: s1<-s3#0:OK-t2
2024-10-09 00:14:38,296 [s1@group-9FC63B188219-LeaderElection20] INFO  impl.LeaderElection (LogUtils.java:infoOrTrace(136)) -   Exception 1: java.util.concurrent.ExecutionException: java.io.IOException: The peer s4 is not alive.
2024-10-09 00:14:38,296 [s1@group-9FC63B188219-LeaderElection20] INFO  impl.LeaderElection (LogUtils.java:infoOrTrace(136)) -   Exception 2: java.util.concurrent.ExecutionException: java.io.IOException: The peer s2 is not alive.
2024-10-09 00:14:38,296 [s1@group-9FC63B188219-LeaderElection20] INFO  impl.LeaderElection (LeaderElection.java:askForVotes(339)) - s1@group-9FC63B188219-LeaderElection20 PRE_VOTE round 160: result TIMEOUT
2024-10-09 00:14:38,297 [s1@group-9FC63B188219-LeaderElection20] INFO  impl.LeaderElection (LeaderElection.java:askForVotes(337)) - s1@group-9FC63B188219-LeaderElection20 PRE_VOTE round 161: submit vote requests at term 2 for conf: {index: 1, cur=peers:[s3|localhost:15172, s4|localhost:15176, s0|localhost:15160, s1|localhost:15164, s2|localhost:15168]|listeners:[], old=null}
2024-10-09 00:14:38,297 [HandlerDaemon-2] INFO  server.RaftServer$Division (RaftServerImpl.java:requestVote(1443)) - s3@group-9FC63B188219: receive requestVote(PRE_VOTE, s1, group-9FC63B188219, 2, (t:2, i:2))
2024-10-09 00:14:38,297 [HandlerDaemon-2] INFO  impl.VoteContext (VoteContext.java:log(49)) - s3@group-9FC63B188219-CANDIDATE: accept PRE_VOTE from s1: our priority 0 <= candidate's priority 0
2024-10-09 00:14:38,297 [HandlerDaemon-2] INFO  server.RaftServer$Division (RaftServerImpl.java:requestVote(1476)) - s3@group-9FC63B188219 replies to PRE_VOTE vote request: s1<-s3#0:OK-t2. Peer's state: s3@group-9FC63B188219:t2, leader=null, voted=s2, raftlog=Memoized:s3@group-9FC63B188219-SegmentedRaftLog:OPENED:c2:last(t:2, i:2), conf=conf: {index: 1, cur=peers:[s3|localhost:15172, s4|localhost:15176, s0|localhost:15160, s1|localhost:15164, s2|localhost:15168]|listeners:[], old=null}
2024-10-09 00:14:38,297 [s1@group-9FC63B188219-LeaderElection20] INFO  impl.LeaderElection (LogUtils.java:infoOrTrace(136)) - s1@group-9FC63B188219-LeaderElection20 got exception when requesting votes: java.util.concurrent.ExecutionException: java.io.IOException: The peer s4 is not alive.
2024-10-09 00:14:38,297 [s1@group-9FC63B188219-LeaderElection20] INFO  impl.LeaderElection (LogUtils.java:infoOrTrace(136)) - s1@group-9FC63B188219-LeaderElection20 got exception when requesting votes: java.util.concurrent.ExecutionException: java.io.IOException: The peer s2 is not alive.
2024-10-09 00:14:38,459 [s3@group-9FC63B188219-LeaderElection21] INFO  impl.LeaderElection (LeaderElection.java:logAndReturn(90)) - s3@group-9FC63B188219-LeaderElection21: PRE_VOTE TIMEOUT received 1 response(s) and 2 exception(s):
2024-10-09 00:14:38,459 [s3@group-9FC63B188219-LeaderElection21] INFO  impl.LeaderElection (LeaderElection.java:logAndReturn(94)) -   Response 0: s3<-s1#0:OK-t2
2024-10-09 00:14:38,459 [s3@group-9FC63B188219-LeaderElection21] INFO  impl.LeaderElection (LogUtils.java:infoOrTrace(136)) -   Exception 1: java.util.concurrent.ExecutionException: java.io.IOException: The peer s4 is not alive.
2024-10-09 00:14:38,459 [s3@group-9FC63B188219-LeaderElection21] INFO  impl.LeaderElection (LogUtils.java:infoOrTrace(136)) -   Exception 2: java.util.concurrent.ExecutionException: java.io.IOException: The peer s2 is not alive.
2024-10-09 00:14:38,459 [s3@group-9FC63B188219-LeaderElection21] INFO  impl.LeaderElection (LeaderElection.java:askForVotes(339)) - s3@group-9FC63B188219-LeaderElection21 PRE_VOTE round 147: result TIMEOUT
2024-10-09 00:14:38,459 [s3@group-9FC63B188219-LeaderElection21] INFO  impl.LeaderElection (LeaderElection.java:askForVotes(337)) - s3@group-9FC63B188219-LeaderElection21 PRE_VOTE round 148: submit vote requests at term 2 for conf: {index: 1, cur=peers:[s3|localhost:15172, s4|localhost:15176, s0|localhost:15160, s1|localhost:15164, s2|localhost:15168]|listeners:[], old=null}
2024-10-09 00:14:38,459 [HandlerDaemon-1] INFO  server.RaftServer$Division (RaftServerImpl.java:requestVote(1443)) - s1@group-9FC63B188219: receive requestVote(PRE_VOTE, s3, group-9FC63B188219, 2, (t:2, i:2))
2024-10-09 00:14:38,460 [s3@group-9FC63B188219-LeaderElection21] INFO  impl.LeaderElection (LogUtils.java:infoOrTrace(136)) - s3@group-9FC63B188219-LeaderElection21 got exception when requesting votes: java.util.concurrent.ExecutionException: java.io.IOException: The peer s4 is not alive.
2024-10-09 00:14:38,460 [s3@group-9FC63B188219-LeaderElection21] INFO  impl.LeaderElection (LogUtils.java:infoOrTrace(136)) - s3@group-9FC63B188219-LeaderElection21 got exception when requesting votes: java.util.concurrent.ExecutionException: java.io.IOException: The peer s2 is not alive.
2024-10-09 00:14:38,460 [HandlerDaemon-1] INFO  impl.VoteContext (VoteContext.java:log(49)) - s1@group-9FC63B188219-CANDIDATE: accept PRE_VOTE from s3: our priority 0 <= candidate's priority 0
2024-10-09 00:14:38,460 [HandlerDaemon-1] INFO  server.RaftServer$Division (RaftServerImpl.java:requestVote(1476)) - s1@group-9FC63B188219 replies to PRE_VOTE vote request: s3<-s1#0:OK-t2. Peer's state: s1@group-9FC63B188219:t2, leader=null, voted=s2, raftlog=Memoized:s1@group-9FC63B188219-SegmentedRaftLog:OPENED:c2:last(t:2, i:2), conf=conf: {index: 1, cur=peers:[s3|localhost:15172, s4|localhost:15176, s0|localhost:15160, s1|localhost:15164, s2|localhost:15168]|listeners:[], old=null}
2024-10-09 00:14:38,588 [s1@group-9FC63B188219-LeaderElection20] INFO  impl.LeaderElection (LeaderElection.java:logAndReturn(90)) - s1@group-9FC63B188219-LeaderElection20: PRE_VOTE TIMEOUT received 1 response(s) and 2 exception(s):
2024-10-09 00:14:38,588 [s1@group-9FC63B188219-LeaderElection20] INFO  impl.LeaderElection (LeaderElection.java:logAndReturn(94)) -   Response 0: s1<-s3#0:OK-t2
2024-10-09 00:14:38,589 [s1@group-9FC63B188219-LeaderElection20] INFO  impl.LeaderElection (LogUtils.java:infoOrTrace(136)) -   Exception 1: java.util.concurrent.ExecutionException: java.io.IOException: The peer s4 is not alive.
2024-10-09 00:14:38,589 [s1@group-9FC63B188219-LeaderElection20] INFO  impl.LeaderElection (LogUtils.java:infoOrTrace(136)) -   Exception 2: java.util.concurrent.ExecutionException: java.io.IOException: The peer s2 is not alive.
2024-10-09 00:14:38,589 [s1@group-9FC63B188219-LeaderElection20] INFO  impl.LeaderElection (LeaderElection.java:askForVotes(339)) - s1@group-9FC63B188219-LeaderElection20 PRE_VOTE round 161: result TIMEOUT
2024-10-09 00:14:38,589 [s1@group-9FC63B188219-LeaderElection20] INFO  impl.LeaderElection (LeaderElection.java:askForVotes(337)) - s1@group-9FC63B188219-LeaderElection20 PRE_VOTE round 162: submit vote requests at term 2 for conf: {index: 1, cur=peers:[s3|localhost:15172, s4|localhost:15176, s0|localhost:15160, s1|localhost:15164, s2|localhost:15168]|listeners:[], old=null}
2024-10-09 00:14:38,589 [HandlerDaemon-0] INFO  server.RaftServer$Division (RaftServerImpl.java:requestVote(1443)) - s3@group-9FC63B188219: receive requestVote(PRE_VOTE, s1, group-9FC63B188219, 2, (t:2, i:2))
2024-10-09 00:14:38,589 [HandlerDaemon-0] INFO  impl.VoteContext (VoteContext.java:log(49)) - s3@group-9FC63B188219-CANDIDATE: accept PRE_VOTE from s1: our priority 0 <= candidate's priority 0
2024-10-09 00:14:38,589 [HandlerDaemon-0] INFO  server.RaftServer$Division (RaftServerImpl.java:requestVote(1476)) - s3@group-9FC63B188219 replies to PRE_VOTE vote request: s1<-s3#0:OK-t2. Peer's state: s3@group-9FC63B188219:t2, leader=null, voted=s2, raftlog=Memoized:s3@group-9FC63B188219-SegmentedRaftLog:OPENED:c2:last(t:2, i:2), conf=conf: {index: 1, cur=peers:[s3|localhost:15172, s4|localhost:15176, s0|localhost:15160, s1|localhost:15164, s2|localhost:15168]|listeners:[], old=null}
2024-10-09 00:14:38,589 [s1@group-9FC63B188219-LeaderElection20] INFO  impl.LeaderElection (LogUtils.java:infoOrTrace(136)) - s1@group-9FC63B188219-LeaderElection20 got exception when requesting votes: java.util.concurrent.ExecutionException: java.io.IOException: The peer s4 is not alive.
2024-10-09 00:14:38,589 [s1@group-9FC63B188219-LeaderElection20] INFO  impl.LeaderElection (LogUtils.java:infoOrTrace(136)) - s1@group-9FC63B188219-LeaderElection20 got exception when requesting votes: java.util.concurrent.ExecutionException: java.io.IOException: The peer s2 is not alive.
2024-10-09 00:14:38,689 [s3@group-9FC63B188219-LeaderElection21] INFO  impl.LeaderElection (LeaderElection.java:logAndReturn(90)) - s3@group-9FC63B188219-LeaderElection21: PRE_VOTE TIMEOUT received 1 response(s) and 2 exception(s):
2024-10-09 00:14:38,689 [s3@group-9FC63B188219-LeaderElection21] INFO  impl.LeaderElection (LeaderElection.java:logAndReturn(94)) -   Response 0: s3<-s1#0:OK-t2
2024-10-09 00:14:38,689 [s3@group-9FC63B188219-LeaderElection21] INFO  impl.LeaderElection (LogUtils.java:infoOrTrace(136)) -   Exception 1: java.util.concurrent.ExecutionException: java.io.IOException: The peer s4 is not alive.
2024-10-09 00:14:38,689 [s3@group-9FC63B188219-LeaderElection21] INFO  impl.LeaderElection (LogUtils.java:infoOrTrace(136)) -   Exception 2: java.util.concurrent.ExecutionException: java.io.IOException: The peer s2 is not alive.
2024-10-09 00:14:38,689 [s3@group-9FC63B188219-LeaderElection21] INFO  impl.LeaderElection (LeaderElection.java:askForVotes(339)) - s3@group-9FC63B188219-LeaderElection21 PRE_VOTE round 148: result TIMEOUT
2024-10-09 00:14:38,689 [s3@group-9FC63B188219-LeaderElection21] INFO  impl.LeaderElection (LeaderElection.java:askForVotes(337)) - s3@group-9FC63B188219-LeaderElection21 PRE_VOTE round 149: submit vote requests at term 2 for conf: {index: 1, cur=peers:[s3|localhost:15172, s4|localhost:15176, s0|localhost:15160, s1|localhost:15164, s2|localhost:15168]|listeners:[], old=null}
2024-10-09 00:14:38,689 [HandlerDaemon-2] INFO  server.RaftServer$Division (RaftServerImpl.java:requestVote(1443)) - s1@group-9FC63B188219: receive requestVote(PRE_VOTE, s3, group-9FC63B188219, 2, (t:2, i:2))
2024-10-09 00:14:38,689 [HandlerDaemon-2] INFO  impl.VoteContext (VoteContext.java:log(49)) - s1@group-9FC63B188219-CANDIDATE: accept PRE_VOTE from s3: our priority 0 <= candidate's priority 0
2024-10-09 00:14:38,689 [HandlerDaemon-2] INFO  server.RaftServer$Division (RaftServerImpl.java:requestVote(1476)) - s1@group-9FC63B188219 replies to PRE_VOTE vote request: s3<-s1#0:OK-t2. Peer's state: s1@group-9FC63B188219:t2, leader=null, voted=s2, raftlog=Memoized:s1@group-9FC63B188219-SegmentedRaftLog:OPENED:c2:last(t:2, i:2), conf=conf: {index: 1, cur=peers:[s3|localhost:15172, s4|localhost:15176, s0|localhost:15160, s1|localhost:15164, s2|localhost:15168]|listeners:[], old=null}
2024-10-09 00:14:38,689 [s3@group-9FC63B188219-LeaderElection21] INFO  impl.LeaderElection (LogUtils.java:infoOrTrace(136)) - s3@group-9FC63B188219-LeaderElection21 got exception when requesting votes: java.util.concurrent.ExecutionException: java.io.IOException: The peer s4 is not alive.
2024-10-09 00:14:38,689 [s3@group-9FC63B188219-LeaderElection21] INFO  impl.LeaderElection (LogUtils.java:infoOrTrace(136)) - s3@group-9FC63B188219-LeaderElection21 got exception when requesting votes: java.util.concurrent.ExecutionException: java.io.IOException: The peer s2 is not alive.
2024-10-09 00:14:38,728 [main] WARN  ratis.RaftTestUtil (RaftTestUtil.java:lambda$waitForLeader$3(126)) - Attempt #84 failed: java.lang.IllegalStateException: No leader yet : printing ALL groups
  s3:  RUNNING CANDIDATE s3@group-9FC63B188219:t2, leader=null, voted=s2, raftlog=Memoized:s3@group-9FC63B188219-SegmentedRaftLog:OPENED:c2:last(t:2, i:2), conf=conf: {index: 1, cur=peers:[s3|localhost:15172, s4|localhost:15176, s0|localhost:15160, s1|localhost:15164, s2|localhost:15168]|listeners:[], old=null} RUNNING
  s4:   CLOSED    LEADER s4@group-9FC63B188219:t1, leader=s4, voted=s4, raftlog=Memoized:s4@group-9FC63B188219-SegmentedRaftLog:CLOSED:c0, conf=conf: {index: 0, cur=peers:[s3|localhost:15172, s4|localhost:15176, s0|localhost:15160, s1|localhost:15164, s2|localhost:15168]|listeners:[], old=null} CLOSED
  s0:  RUNNING  FOLLOWER s0@group-9FC63B188219:t1, leader=null, voted=null, raftlog=Memoized:s0@group-9FC63B188219-SegmentedRaftLog:OPENED:c-1:lastnull, conf=conf: {index: -1, cur=peers:[s3|localhost:15172, s4|localhost:15176, s0|localhost:15160, s1|localhost:15164, s2|localhost:15168]|listeners:[], old=null} RUNNING
  s1:  RUNNING CANDIDATE s1@group-9FC63B188219:t2, leader=null, voted=s2, raftlog=Memoized:s1@group-9FC63B188219-SegmentedRaftLog:OPENED:c2:last(t:2, i:2), conf=conf: {index: 1, cur=peers:[s3|localhost:15172, s4|localhost:15176, s0|localhost:15160, s1|localhost:15164, s2|localhost:15168]|listeners:[], old=null} RUNNING
  s2:   CLOSED    LEADER s2@group-9FC63B188219:t2, leader=s2, voted=s2, raftlog=Memoized:s2@group-9FC63B188219-SegmentedRaftLog:CLOSED:c2, conf=conf: {index: 1, cur=peers:[s3|localhost:15172, s4|localhost:15176, s0|localhost:15160, s1|localhost:15164, s2|localhost:15168]|listeners:[], old=null} CLOSED
2024-10-09 00:14:38,864 [s1@group-9FC63B188219-LeaderElection20] INFO  impl.LeaderElection (LeaderElection.java:logAndReturn(90)) - s1@group-9FC63B188219-LeaderElection20: PRE_VOTE TIMEOUT received 1 response(s) and 2 exception(s):
2024-10-09 00:14:38,864 [s1@group-9FC63B188219-LeaderElection20] INFO  impl.LeaderElection (LeaderElection.java:logAndReturn(94)) -   Response 0: s1<-s3#0:OK-t2
2024-10-09 00:14:38,864 [s1@group-9FC63B188219-LeaderElection20] INFO  impl.LeaderElection (LogUtils.java:infoOrTrace(136)) -   Exception 1: java.util.concurrent.ExecutionException: java.io.IOException: The peer s4 is not alive.
2024-10-09 00:14:38,864 [s1@group-9FC63B188219-LeaderElection20] INFO  impl.LeaderElection (LogUtils.java:infoOrTrace(136)) -   Exception 2: java.util.concurrent.ExecutionException: java.io.IOException: The peer s2 is not alive.
2024-10-09 00:14:38,865 [s1@group-9FC63B188219-LeaderElection20] INFO  impl.LeaderElection (LeaderElection.java:askForVotes(339)) - s1@group-9FC63B188219-LeaderElection20 PRE_VOTE round 162: result TIMEOUT
2024-10-09 00:14:38,865 [s1@group-9FC63B188219-LeaderElection20] INFO  impl.LeaderElection (LeaderElection.java:askForVotes(337)) - s1@group-9FC63B188219-LeaderElection20 PRE_VOTE round 163: submit vote requests at term 2 for conf: {index: 1, cur=peers:[s3|localhost:15172, s4|localhost:15176, s0|localhost:15160, s1|localhost:15164, s2|localhost:15168]|listeners:[], old=null}
2024-10-09 00:14:38,865 [HandlerDaemon-1] INFO  server.RaftServer$Division (RaftServerImpl.java:requestVote(1443)) - s3@group-9FC63B188219: receive requestVote(PRE_VOTE, s1, group-9FC63B188219, 2, (t:2, i:2))
2024-10-09 00:14:38,865 [HandlerDaemon-1] INFO  impl.VoteContext (VoteContext.java:log(49)) - s3@group-9FC63B188219-CANDIDATE: accept PRE_VOTE from s1: our priority 0 <= candidate's priority 0
2024-10-09 00:14:38,865 [s1@group-9FC63B188219-LeaderElection20] INFO  impl.LeaderElection (LogUtils.java:infoOrTrace(136)) - s1@group-9FC63B188219-LeaderElection20 got exception when requesting votes: java.util.concurrent.ExecutionException: java.io.IOException: The peer s4 is not alive.
2024-10-09 00:14:38,865 [HandlerDaemon-1] INFO  server.RaftServer$Division (RaftServerImpl.java:requestVote(1476)) - s3@group-9FC63B188219 replies to PRE_VOTE vote request: s1<-s3#0:OK-t2. Peer's state: s3@group-9FC63B188219:t2, leader=null, voted=s2, raftlog=Memoized:s3@group-9FC63B188219-SegmentedRaftLog:OPENED:c2:last(t:2, i:2), conf=conf: {index: 1, cur=peers:[s3|localhost:15172, s4|localhost:15176, s0|localhost:15160, s1|localhost:15164, s2|localhost:15168]|listeners:[], old=null}
2024-10-09 00:14:38,865 [s1@group-9FC63B188219-LeaderElection20] INFO  impl.LeaderElection (LogUtils.java:infoOrTrace(136)) - s1@group-9FC63B188219-LeaderElection20 got exception when requesting votes: java.util.concurrent.ExecutionException: java.io.IOException: The peer s2 is not alive.
2024-10-09 00:14:38,976 [s3@group-9FC63B188219-LeaderElection21] INFO  impl.LeaderElection (LeaderElection.java:logAndReturn(90)) - s3@group-9FC63B188219-LeaderElection21: PRE_VOTE TIMEOUT received 1 response(s) and 2 exception(s):
2024-10-09 00:14:38,976 [s3@group-9FC63B188219-LeaderElection21] INFO  impl.LeaderElection (LeaderElection.java:logAndReturn(94)) -   Response 0: s3<-s1#0:OK-t2
2024-10-09 00:14:38,977 [s3@group-9FC63B188219-LeaderElection21] INFO  impl.LeaderElection (LogUtils.java:infoOrTrace(136)) -   Exception 1: java.util.concurrent.ExecutionException: java.io.IOException: The peer s4 is not alive.
2024-10-09 00:14:38,977 [s3@group-9FC63B188219-LeaderElection21] INFO  impl.LeaderElection (LogUtils.java:infoOrTrace(136)) -   Exception 2: java.util.concurrent.ExecutionException: java.io.IOException: The peer s2 is not alive.
2024-10-09 00:14:38,977 [s3@group-9FC63B188219-LeaderElection21] INFO  impl.LeaderElection (LeaderElection.java:askForVotes(339)) - s3@group-9FC63B188219-LeaderElection21 PRE_VOTE round 149: result TIMEOUT
2024-10-09 00:14:38,977 [s3@group-9FC63B188219-LeaderElection21] INFO  impl.LeaderElection (LeaderElection.java:askForVotes(337)) - s3@group-9FC63B188219-LeaderElection21 PRE_VOTE round 150: submit vote requests at term 2 for conf: {index: 1, cur=peers:[s3|localhost:15172, s4|localhost:15176, s0|localhost:15160, s1|localhost:15164, s2|localhost:15168]|listeners:[], old=null}
2024-10-09 00:14:38,977 [s3@group-9FC63B188219-LeaderElection21] INFO  impl.LeaderElection (LogUtils.java:infoOrTrace(136)) - s3@group-9FC63B188219-LeaderElection21 got exception when requesting votes: java.util.concurrent.ExecutionException: java.io.IOException: The peer s4 is not alive.
2024-10-09 00:14:38,977 [s3@group-9FC63B188219-LeaderElection21] INFO  impl.LeaderElection (LogUtils.java:infoOrTrace(136)) - s3@group-9FC63B188219-LeaderElection21 got exception when requesting votes: java.util.concurrent.ExecutionException: java.io.IOException: The peer s2 is not alive.
2024-10-09 00:14:38,977 [HandlerDaemon-0] INFO  server.RaftServer$Division (RaftServerImpl.java:requestVote(1443)) - s1@group-9FC63B188219: receive requestVote(PRE_VOTE, s3, group-9FC63B188219, 2, (t:2, i:2))
2024-10-09 00:14:38,977 [HandlerDaemon-0] INFO  impl.VoteContext (VoteContext.java:log(49)) - s1@group-9FC63B188219-CANDIDATE: accept PRE_VOTE from s3: our priority 0 <= candidate's priority 0
2024-10-09 00:14:38,977 [HandlerDaemon-0] INFO  server.RaftServer$Division (RaftServerImpl.java:requestVote(1476)) - s1@group-9FC63B188219 replies to PRE_VOTE vote request: s3<-s1#0:OK-t2. Peer's state: s1@group-9FC63B188219:t2, leader=null, voted=s2, raftlog=Memoized:s1@group-9FC63B188219-SegmentedRaftLog:OPENED:c2:last(t:2, i:2), conf=conf: {index: 1, cur=peers:[s3|localhost:15172, s4|localhost:15176, s0|localhost:15160, s1|localhost:15164, s2|localhost:15168]|listeners:[], old=null}
2024-10-09 00:14:39,122 [s1@group-9FC63B188219-LeaderElection20] INFO  impl.LeaderElection (LeaderElection.java:logAndReturn(90)) - s1@group-9FC63B188219-LeaderElection20: PRE_VOTE TIMEOUT received 1 response(s) and 2 exception(s):
2024-10-09 00:14:39,122 [s1@group-9FC63B188219-LeaderElection20] INFO  impl.LeaderElection (LeaderElection.java:logAndReturn(94)) -   Response 0: s1<-s3#0:OK-t2
2024-10-09 00:14:39,122 [s1@group-9FC63B188219-LeaderElection20] INFO  impl.LeaderElection (LogUtils.java:infoOrTrace(136)) -   Exception 1: java.util.concurrent.ExecutionException: java.io.IOException: The peer s4 is not alive.
2024-10-09 00:14:39,122 [s1@group-9FC63B188219-LeaderElection20] INFO  impl.LeaderElection (LogUtils.java:infoOrTrace(136)) -   Exception 2: java.util.concurrent.ExecutionException: java.io.IOException: The peer s2 is not alive.
2024-10-09 00:14:39,122 [s1@group-9FC63B188219-LeaderElection20] INFO  impl.LeaderElection (LeaderElection.java:askForVotes(339)) - s1@group-9FC63B188219-LeaderElection20 PRE_VOTE round 163: result TIMEOUT
2024-10-09 00:14:39,122 [s1@group-9FC63B188219-LeaderElection20] INFO  impl.LeaderElection (LeaderElection.java:askForVotes(337)) - s1@group-9FC63B188219-LeaderElection20 PRE_VOTE round 164: submit vote requests at term 2 for conf: {index: 1, cur=peers:[s3|localhost:15172, s4|localhost:15176, s0|localhost:15160, s1|localhost:15164, s2|localhost:15168]|listeners:[], old=null}
2024-10-09 00:14:39,123 [HandlerDaemon-2] INFO  server.RaftServer$Division (RaftServerImpl.java:requestVote(1443)) - s3@group-9FC63B188219: receive requestVote(PRE_VOTE, s1, group-9FC63B188219, 2, (t:2, i:2))
2024-10-09 00:14:39,123 [HandlerDaemon-2] INFO  impl.VoteContext (VoteContext.java:log(49)) - s3@group-9FC63B188219-CANDIDATE: accept PRE_VOTE from s1: our priority 0 <= candidate's priority 0
2024-10-09 00:14:39,123 [HandlerDaemon-2] INFO  server.RaftServer$Division (RaftServerImpl.java:requestVote(1476)) - s3@group-9FC63B188219 replies to PRE_VOTE vote request: s1<-s3#0:OK-t2. Peer's state: s3@group-9FC63B188219:t2, leader=null, voted=s2, raftlog=Memoized:s3@group-9FC63B188219-SegmentedRaftLog:OPENED:c2:last(t:2, i:2), conf=conf: {index: 1, cur=peers:[s3|localhost:15172, s4|localhost:15176, s0|localhost:15160, s1|localhost:15164, s2|localhost:15168]|listeners:[], old=null}
2024-10-09 00:14:39,123 [s1@group-9FC63B188219-LeaderElection20] INFO  impl.LeaderElection (LogUtils.java:infoOrTrace(136)) - s1@group-9FC63B188219-LeaderElection20 got exception when requesting votes: java.util.concurrent.ExecutionException: java.io.IOException: The peer s4 is not alive.
2024-10-09 00:14:39,123 [s1@group-9FC63B188219-LeaderElection20] INFO  impl.LeaderElection (LogUtils.java:infoOrTrace(136)) - s1@group-9FC63B188219-LeaderElection20 got exception when requesting votes: java.util.concurrent.ExecutionException: java.io.IOException: The peer s2 is not alive.
2024-10-09 00:14:39,178 [main] WARN  ratis.RaftTestUtil (RaftTestUtil.java:lambda$waitForLeader$3(126)) - Attempt #85 failed: java.lang.IllegalStateException: No leader yet : printing ALL groups
  s3:  RUNNING CANDIDATE s3@group-9FC63B188219:t2, leader=null, voted=s2, raftlog=Memoized:s3@group-9FC63B188219-SegmentedRaftLog:OPENED:c2:last(t:2, i:2), conf=conf: {index: 1, cur=peers:[s3|localhost:15172, s4|localhost:15176, s0|localhost:15160, s1|localhost:15164, s2|localhost:15168]|listeners:[], old=null} RUNNING
  s4:   CLOSED    LEADER s4@group-9FC63B188219:t1, leader=s4, voted=s4, raftlog=Memoized:s4@group-9FC63B188219-SegmentedRaftLog:CLOSED:c0, conf=conf: {index: 0, cur=peers:[s3|localhost:15172, s4|localhost:15176, s0|localhost:15160, s1|localhost:15164, s2|localhost:15168]|listeners:[], old=null} CLOSED
  s0:  RUNNING  FOLLOWER s0@group-9FC63B188219:t1, leader=null, voted=null, raftlog=Memoized:s0@group-9FC63B188219-SegmentedRaftLog:OPENED:c-1:lastnull, conf=conf: {index: -1, cur=peers:[s3|localhost:15172, s4|localhost:15176, s0|localhost:15160, s1|localhost:15164, s2|localhost:15168]|listeners:[], old=null} RUNNING
  s1:  RUNNING CANDIDATE s1@group-9FC63B188219:t2, leader=null, voted=s2, raftlog=Memoized:s1@group-9FC63B188219-SegmentedRaftLog:OPENED:c2:last(t:2, i:2), conf=conf: {index: 1, cur=peers:[s3|localhost:15172, s4|localhost:15176, s0|localhost:15160, s1|localhost:15164, s2|localhost:15168]|listeners:[], old=null} RUNNING
  s2:   CLOSED    LEADER s2@group-9FC63B188219:t2, leader=s2, voted=s2, raftlog=Memoized:s2@group-9FC63B188219-SegmentedRaftLog:CLOSED:c2, conf=conf: {index: 1, cur=peers:[s3|localhost:15172, s4|localhost:15176, s0|localhost:15160, s1|localhost:15164, s2|localhost:15168]|listeners:[], old=null} CLOSED
2024-10-09 00:14:39,181 [s3@group-9FC63B188219-LeaderElection21] INFO  impl.LeaderElection (LeaderElection.java:logAndReturn(90)) - s3@group-9FC63B188219-LeaderElection21: PRE_VOTE TIMEOUT received 1 response(s) and 2 exception(s):
2024-10-09 00:14:39,181 [s3@group-9FC63B188219-LeaderElection21] INFO  impl.LeaderElection (LeaderElection.java:logAndReturn(94)) -   Response 0: s3<-s1#0:OK-t2
2024-10-09 00:14:39,181 [s3@group-9FC63B188219-LeaderElection21] INFO  impl.LeaderElection (LogUtils.java:infoOrTrace(136)) -   Exception 1: java.util.concurrent.ExecutionException: java.io.IOException: The peer s4 is not alive.
2024-10-09 00:14:39,181 [s3@group-9FC63B188219-LeaderElection21] INFO  impl.LeaderElection (LogUtils.java:infoOrTrace(136)) -   Exception 2: java.util.concurrent.ExecutionException: java.io.IOException: The peer s2 is not alive.
2024-10-09 00:14:39,181 [s3@group-9FC63B188219-LeaderElection21] INFO  impl.LeaderElection (LeaderElection.java:askForVotes(339)) - s3@group-9FC63B188219-LeaderElection21 PRE_VOTE round 150: result TIMEOUT
2024-10-09 00:14:39,181 [s3@group-9FC63B188219-LeaderElection21] INFO  impl.LeaderElection (LeaderElection.java:askForVotes(337)) - s3@group-9FC63B188219-LeaderElection21 PRE_VOTE round 151: submit vote requests at term 2 for conf: {index: 1, cur=peers:[s3|localhost:15172, s4|localhost:15176, s0|localhost:15160, s1|localhost:15164, s2|localhost:15168]|listeners:[], old=null}
2024-10-09 00:14:39,182 [HandlerDaemon-1] INFO  server.RaftServer$Division (RaftServerImpl.java:requestVote(1443)) - s1@group-9FC63B188219: receive requestVote(PRE_VOTE, s3, group-9FC63B188219, 2, (t:2, i:2))
2024-10-09 00:14:39,182 [s3@group-9FC63B188219-LeaderElection21] INFO  impl.LeaderElection (LogUtils.java:infoOrTrace(136)) - s3@group-9FC63B188219-LeaderElection21 got exception when requesting votes: java.util.concurrent.ExecutionException: java.io.IOException: The peer s4 is not alive.
2024-10-09 00:14:39,182 [s3@group-9FC63B188219-LeaderElection21] INFO  impl.LeaderElection (LogUtils.java:infoOrTrace(136)) - s3@group-9FC63B188219-LeaderElection21 got exception when requesting votes: java.util.concurrent.ExecutionException: java.io.IOException: The peer s2 is not alive.
2024-10-09 00:14:39,182 [HandlerDaemon-1] INFO  impl.VoteContext (VoteContext.java:log(49)) - s1@group-9FC63B188219-CANDIDATE: accept PRE_VOTE from s3: our priority 0 <= candidate's priority 0
2024-10-09 00:14:39,182 [HandlerDaemon-1] INFO  server.RaftServer$Division (RaftServerImpl.java:requestVote(1476)) - s1@group-9FC63B188219 replies to PRE_VOTE vote request: s3<-s1#0:OK-t2. Peer's state: s1@group-9FC63B188219:t2, leader=null, voted=s2, raftlog=Memoized:s1@group-9FC63B188219-SegmentedRaftLog:OPENED:c2:last(t:2, i:2), conf=conf: {index: 1, cur=peers:[s3|localhost:15172, s4|localhost:15176, s0|localhost:15160, s1|localhost:15164, s2|localhost:15168]|listeners:[], old=null}
2024-10-09 00:14:39,290 [s1@group-9FC63B188219-LeaderElection20] INFO  impl.LeaderElection (LeaderElection.java:logAndReturn(90)) - s1@group-9FC63B188219-LeaderElection20: PRE_VOTE TIMEOUT received 1 response(s) and 2 exception(s):
2024-10-09 00:14:39,290 [s1@group-9FC63B188219-LeaderElection20] INFO  impl.LeaderElection (LeaderElection.java:logAndReturn(94)) -   Response 0: s1<-s3#0:OK-t2
2024-10-09 00:14:39,290 [s1@group-9FC63B188219-LeaderElection20] INFO  impl.LeaderElection (LogUtils.java:infoOrTrace(136)) -   Exception 1: java.util.concurrent.ExecutionException: java.io.IOException: The peer s4 is not alive.
2024-10-09 00:14:39,290 [s1@group-9FC63B188219-LeaderElection20] INFO  impl.LeaderElection (LogUtils.java:infoOrTrace(136)) -   Exception 2: java.util.concurrent.ExecutionException: java.io.IOException: The peer s2 is not alive.
2024-10-09 00:14:39,290 [s1@group-9FC63B188219-LeaderElection20] INFO  impl.LeaderElection (LeaderElection.java:askForVotes(339)) - s1@group-9FC63B188219-LeaderElection20 PRE_VOTE round 164: result TIMEOUT
2024-10-09 00:14:39,290 [s1@group-9FC63B188219-LeaderElection20] INFO  impl.LeaderElection (LeaderElection.java:askForVotes(337)) - s1@group-9FC63B188219-LeaderElection20 PRE_VOTE round 165: submit vote requests at term 2 for conf: {index: 1, cur=peers:[s3|localhost:15172, s4|localhost:15176, s0|localhost:15160, s1|localhost:15164, s2|localhost:15168]|listeners:[], old=null}
2024-10-09 00:14:39,291 [HandlerDaemon-0] INFO  server.RaftServer$Division (RaftServerImpl.java:requestVote(1443)) - s3@group-9FC63B188219: receive requestVote(PRE_VOTE, s1, group-9FC63B188219, 2, (t:2, i:2))
2024-10-09 00:14:39,291 [s1@group-9FC63B188219-LeaderElection20] INFO  impl.LeaderElection (LogUtils.java:infoOrTrace(136)) - s1@group-9FC63B188219-LeaderElection20 got exception when requesting votes: java.util.concurrent.ExecutionException: java.io.IOException: The peer s4 is not alive.
2024-10-09 00:14:39,291 [HandlerDaemon-0] INFO  impl.VoteContext (VoteContext.java:log(49)) - s3@group-9FC63B188219-CANDIDATE: accept PRE_VOTE from s1: our priority 0 <= candidate's priority 0
2024-10-09 00:14:39,291 [s1@group-9FC63B188219-LeaderElection20] INFO  impl.LeaderElection (LogUtils.java:infoOrTrace(136)) - s1@group-9FC63B188219-LeaderElection20 got exception when requesting votes: java.util.concurrent.ExecutionException: java.io.IOException: The peer s2 is not alive.
2024-10-09 00:14:39,291 [HandlerDaemon-0] INFO  server.RaftServer$Division (RaftServerImpl.java:requestVote(1476)) - s3@group-9FC63B188219 replies to PRE_VOTE vote request: s1<-s3#0:OK-t2. Peer's state: s3@group-9FC63B188219:t2, leader=null, voted=s2, raftlog=Memoized:s3@group-9FC63B188219-SegmentedRaftLog:OPENED:c2:last(t:2, i:2), conf=conf: {index: 1, cur=peers:[s3|localhost:15172, s4|localhost:15176, s0|localhost:15160, s1|localhost:15164, s2|localhost:15168]|listeners:[], old=null}
2024-10-09 00:14:39,423 [s3@group-9FC63B188219-LeaderElection21] INFO  impl.LeaderElection (LeaderElection.java:logAndReturn(90)) - s3@group-9FC63B188219-LeaderElection21: PRE_VOTE TIMEOUT received 1 response(s) and 2 exception(s):
2024-10-09 00:14:39,423 [s3@group-9FC63B188219-LeaderElection21] INFO  impl.LeaderElection (LeaderElection.java:logAndReturn(94)) -   Response 0: s3<-s1#0:OK-t2
2024-10-09 00:14:39,423 [s3@group-9FC63B188219-LeaderElection21] INFO  impl.LeaderElection (LogUtils.java:infoOrTrace(136)) -   Exception 1: java.util.concurrent.ExecutionException: java.io.IOException: The peer s4 is not alive.
2024-10-09 00:14:39,423 [s3@group-9FC63B188219-LeaderElection21] INFO  impl.LeaderElection (LogUtils.java:infoOrTrace(136)) -   Exception 2: java.util.concurrent.ExecutionException: java.io.IOException: The peer s2 is not alive.
2024-10-09 00:14:39,423 [s3@group-9FC63B188219-LeaderElection21] INFO  impl.LeaderElection (LeaderElection.java:askForVotes(339)) - s3@group-9FC63B188219-LeaderElection21 PRE_VOTE round 151: result TIMEOUT
2024-10-09 00:14:39,423 [s3@group-9FC63B188219-LeaderElection21] INFO  impl.LeaderElection (LeaderElection.java:askForVotes(337)) - s3@group-9FC63B188219-LeaderElection21 PRE_VOTE round 152: submit vote requests at term 2 for conf: {index: 1, cur=peers:[s3|localhost:15172, s4|localhost:15176, s0|localhost:15160, s1|localhost:15164, s2|localhost:15168]|listeners:[], old=null}
2024-10-09 00:14:39,424 [HandlerDaemon-2] INFO  server.RaftServer$Division (RaftServerImpl.java:requestVote(1443)) - s1@group-9FC63B188219: receive requestVote(PRE_VOTE, s3, group-9FC63B188219, 2, (t:2, i:2))
2024-10-09 00:14:39,424 [s3@group-9FC63B188219-LeaderElection21] INFO  impl.LeaderElection (LogUtils.java:infoOrTrace(136)) - s3@group-9FC63B188219-LeaderElection21 got exception when requesting votes: java.util.concurrent.ExecutionException: java.io.IOException: The peer s4 is not alive.
2024-10-09 00:14:39,424 [HandlerDaemon-2] INFO  impl.VoteContext (VoteContext.java:log(49)) - s1@group-9FC63B188219-CANDIDATE: accept PRE_VOTE from s3: our priority 0 <= candidate's priority 0
2024-10-09 00:14:39,424 [s3@group-9FC63B188219-LeaderElection21] INFO  impl.LeaderElection (LogUtils.java:infoOrTrace(136)) - s3@group-9FC63B188219-LeaderElection21 got exception when requesting votes: java.util.concurrent.ExecutionException: java.io.IOException: The peer s2 is not alive.
2024-10-09 00:14:39,424 [HandlerDaemon-2] INFO  server.RaftServer$Division (RaftServerImpl.java:requestVote(1476)) - s1@group-9FC63B188219 replies to PRE_VOTE vote request: s3<-s1#0:OK-t2. Peer's state: s1@group-9FC63B188219:t2, leader=null, voted=s2, raftlog=Memoized:s1@group-9FC63B188219-SegmentedRaftLog:OPENED:c2:last(t:2, i:2), conf=conf: {index: 1, cur=peers:[s3|localhost:15172, s4|localhost:15176, s0|localhost:15160, s1|localhost:15164, s2|localhost:15168]|listeners:[], old=null}
2024-10-09 00:14:39,466 [s1@group-9FC63B188219-LeaderElection20] INFO  impl.LeaderElection (LeaderElection.java:logAndReturn(90)) - s1@group-9FC63B188219-LeaderElection20: PRE_VOTE TIMEOUT received 1 response(s) and 2 exception(s):
2024-10-09 00:14:39,466 [s1@group-9FC63B188219-LeaderElection20] INFO  impl.LeaderElection (LeaderElection.java:logAndReturn(94)) -   Response 0: s1<-s3#0:OK-t2
2024-10-09 00:14:39,466 [s1@group-9FC63B188219-LeaderElection20] INFO  impl.LeaderElection (LogUtils.java:infoOrTrace(136)) -   Exception 1: java.util.concurrent.ExecutionException: java.io.IOException: The peer s4 is not alive.
2024-10-09 00:14:39,466 [s1@group-9FC63B188219-LeaderElection20] INFO  impl.LeaderElection (LogUtils.java:infoOrTrace(136)) -   Exception 2: java.util.concurrent.ExecutionException: java.io.IOException: The peer s2 is not alive.
2024-10-09 00:14:39,466 [s1@group-9FC63B188219-LeaderElection20] INFO  impl.LeaderElection (LeaderElection.java:askForVotes(339)) - s1@group-9FC63B188219-LeaderElection20 PRE_VOTE round 165: result TIMEOUT
2024-10-09 00:14:39,466 [s1@group-9FC63B188219-LeaderElection20] INFO  impl.LeaderElection (LeaderElection.java:askForVotes(337)) - s1@group-9FC63B188219-LeaderElection20 PRE_VOTE round 166: submit vote requests at term 2 for conf: {index: 1, cur=peers:[s3|localhost:15172, s4|localhost:15176, s0|localhost:15160, s1|localhost:15164, s2|localhost:15168]|listeners:[], old=null}
2024-10-09 00:14:39,466 [HandlerDaemon-1] INFO  server.RaftServer$Division (RaftServerImpl.java:requestVote(1443)) - s3@group-9FC63B188219: receive requestVote(PRE_VOTE, s1, group-9FC63B188219, 2, (t:2, i:2))
2024-10-09 00:14:39,466 [HandlerDaemon-1] INFO  impl.VoteContext (VoteContext.java:log(49)) - s3@group-9FC63B188219-CANDIDATE: accept PRE_VOTE from s1: our priority 0 <= candidate's priority 0
2024-10-09 00:14:39,466 [HandlerDaemon-1] INFO  server.RaftServer$Division (RaftServerImpl.java:requestVote(1476)) - s3@group-9FC63B188219 replies to PRE_VOTE vote request: s1<-s3#0:OK-t2. Peer's state: s3@group-9FC63B188219:t2, leader=null, voted=s2, raftlog=Memoized:s3@group-9FC63B188219-SegmentedRaftLog:OPENED:c2:last(t:2, i:2), conf=conf: {index: 1, cur=peers:[s3|localhost:15172, s4|localhost:15176, s0|localhost:15160, s1|localhost:15164, s2|localhost:15168]|listeners:[], old=null}
2024-10-09 00:14:39,467 [s1@group-9FC63B188219-LeaderElection20] INFO  impl.LeaderElection (LogUtils.java:infoOrTrace(136)) - s1@group-9FC63B188219-LeaderElection20 got exception when requesting votes: java.util.concurrent.ExecutionException: java.io.IOException: The peer s4 is not alive.
2024-10-09 00:14:39,467 [s1@group-9FC63B188219-LeaderElection20] INFO  impl.LeaderElection (LogUtils.java:infoOrTrace(136)) - s1@group-9FC63B188219-LeaderElection20 got exception when requesting votes: java.util.concurrent.ExecutionException: java.io.IOException: The peer s2 is not alive.
2024-10-09 00:14:39,599 [s3@group-9FC63B188219-LeaderElection21] INFO  impl.LeaderElection (LeaderElection.java:logAndReturn(90)) - s3@group-9FC63B188219-LeaderElection21: PRE_VOTE TIMEOUT received 1 response(s) and 2 exception(s):
2024-10-09 00:14:39,599 [s3@group-9FC63B188219-LeaderElection21] INFO  impl.LeaderElection (LeaderElection.java:logAndReturn(94)) -   Response 0: s3<-s1#0:OK-t2
2024-10-09 00:14:39,599 [s3@group-9FC63B188219-LeaderElection21] INFO  impl.LeaderElection (LogUtils.java:infoOrTrace(136)) -   Exception 1: java.util.concurrent.ExecutionException: java.io.IOException: The peer s4 is not alive.
2024-10-09 00:14:39,599 [s3@group-9FC63B188219-LeaderElection21] INFO  impl.LeaderElection (LogUtils.java:infoOrTrace(136)) -   Exception 2: java.util.concurrent.ExecutionException: java.io.IOException: The peer s2 is not alive.
2024-10-09 00:14:39,599 [s3@group-9FC63B188219-LeaderElection21] INFO  impl.LeaderElection (LeaderElection.java:askForVotes(339)) - s3@group-9FC63B188219-LeaderElection21 PRE_VOTE round 152: result TIMEOUT
2024-10-09 00:14:39,599 [s3@group-9FC63B188219-LeaderElection21] INFO  impl.LeaderElection (LeaderElection.java:askForVotes(337)) - s3@group-9FC63B188219-LeaderElection21 PRE_VOTE round 153: submit vote requests at term 2 for conf: {index: 1, cur=peers:[s3|localhost:15172, s4|localhost:15176, s0|localhost:15160, s1|localhost:15164, s2|localhost:15168]|listeners:[], old=null}
2024-10-09 00:14:39,600 [HandlerDaemon-0] INFO  server.RaftServer$Division (RaftServerImpl.java:requestVote(1443)) - s1@group-9FC63B188219: receive requestVote(PRE_VOTE, s3, group-9FC63B188219, 2, (t:2, i:2))
2024-10-09 00:14:39,600 [s3@group-9FC63B188219-LeaderElection21] INFO  impl.LeaderElection (LogUtils.java:infoOrTrace(136)) - s3@group-9FC63B188219-LeaderElection21 got exception when requesting votes: java.util.concurrent.ExecutionException: java.io.IOException: The peer s4 is not alive.
2024-10-09 00:14:39,600 [HandlerDaemon-0] INFO  impl.VoteContext (VoteContext.java:log(49)) - s1@group-9FC63B188219-CANDIDATE: accept PRE_VOTE from s3: our priority 0 <= candidate's priority 0
2024-10-09 00:14:39,600 [s3@group-9FC63B188219-LeaderElection21] INFO  impl.LeaderElection (LogUtils.java:infoOrTrace(136)) - s3@group-9FC63B188219-LeaderElection21 got exception when requesting votes: java.util.concurrent.ExecutionException: java.io.IOException: The peer s2 is not alive.
2024-10-09 00:14:39,600 [HandlerDaemon-0] INFO  server.RaftServer$Division (RaftServerImpl.java:requestVote(1476)) - s1@group-9FC63B188219 replies to PRE_VOTE vote request: s3<-s1#0:OK-t2. Peer's state: s1@group-9FC63B188219:t2, leader=null, voted=s2, raftlog=Memoized:s1@group-9FC63B188219-SegmentedRaftLog:OPENED:c2:last(t:2, i:2), conf=conf: {index: 1, cur=peers:[s3|localhost:15172, s4|localhost:15176, s0|localhost:15160, s1|localhost:15164, s2|localhost:15168]|listeners:[], old=null}
2024-10-09 00:14:39,629 [main] WARN  ratis.RaftTestUtil (RaftTestUtil.java:lambda$waitForLeader$3(126)) - Attempt #86 failed: java.lang.IllegalStateException: No leader yet : printing ALL groups
  s3:  RUNNING CANDIDATE s3@group-9FC63B188219:t2, leader=null, voted=s2, raftlog=Memoized:s3@group-9FC63B188219-SegmentedRaftLog:OPENED:c2:last(t:2, i:2), conf=conf: {index: 1, cur=peers:[s3|localhost:15172, s4|localhost:15176, s0|localhost:15160, s1|localhost:15164, s2|localhost:15168]|listeners:[], old=null} RUNNING
  s4:   CLOSED    LEADER s4@group-9FC63B188219:t1, leader=s4, voted=s4, raftlog=Memoized:s4@group-9FC63B188219-SegmentedRaftLog:CLOSED:c0, conf=conf: {index: 0, cur=peers:[s3|localhost:15172, s4|localhost:15176, s0|localhost:15160, s1|localhost:15164, s2|localhost:15168]|listeners:[], old=null} CLOSED
  s0:  RUNNING  FOLLOWER s0@group-9FC63B188219:t1, leader=null, voted=null, raftlog=Memoized:s0@group-9FC63B188219-SegmentedRaftLog:OPENED:c-1:lastnull, conf=conf: {index: -1, cur=peers:[s3|localhost:15172, s4|localhost:15176, s0|localhost:15160, s1|localhost:15164, s2|localhost:15168]|listeners:[], old=null} RUNNING
  s1:  RUNNING CANDIDATE s1@group-9FC63B188219:t2, leader=null, voted=s2, raftlog=Memoized:s1@group-9FC63B188219-SegmentedRaftLog:OPENED:c2:last(t:2, i:2), conf=conf: {index: 1, cur=peers:[s3|localhost:15172, s4|localhost:15176, s0|localhost:15160, s1|localhost:15164, s2|localhost:15168]|listeners:[], old=null} RUNNING
  s2:   CLOSED    LEADER s2@group-9FC63B188219:t2, leader=s2, voted=s2, raftlog=Memoized:s2@group-9FC63B188219-SegmentedRaftLog:CLOSED:c2, conf=conf: {index: 1, cur=peers:[s3|localhost:15172, s4|localhost:15176, s0|localhost:15160, s1|localhost:15164, s2|localhost:15168]|listeners:[], old=null} CLOSED
2024-10-09 00:14:39,661 [Timer-9] INFO  impl.MiniRaftCluster (MiniRaftCluster.java:lambda$null$7(352)) - TIMED-PRINT: printing ALL groups
  s3:  RUNNING CANDIDATE s3@group-9FC63B188219:t2, leader=null, voted=s2, raftlog=Memoized:s3@group-9FC63B188219-SegmentedRaftLog:OPENED:c2:last(t:2, i:2), conf=conf: {index: 1, cur=peers:[s3|localhost:15172, s4|localhost:15176, s0|localhost:15160, s1|localhost:15164, s2|localhost:15168]|listeners:[], old=null} RUNNING
  s4:   CLOSED    LEADER s4@group-9FC63B188219:t1, leader=s4, voted=s4, raftlog=Memoized:s4@group-9FC63B188219-SegmentedRaftLog:CLOSED:c0, conf=conf: {index: 0, cur=peers:[s3|localhost:15172, s4|localhost:15176, s0|localhost:15160, s1|localhost:15164, s2|localhost:15168]|listeners:[], old=null} CLOSED
  s0:  RUNNING  FOLLOWER s0@group-9FC63B188219:t1, leader=null, voted=null, raftlog=Memoized:s0@group-9FC63B188219-SegmentedRaftLog:OPENED:c-1:lastnull, conf=conf: {index: -1, cur=peers:[s3|localhost:15172, s4|localhost:15176, s0|localhost:15160, s1|localhost:15164, s2|localhost:15168]|listeners:[], old=null} RUNNING
  s1:  RUNNING CANDIDATE s1@group-9FC63B188219:t2, leader=null, voted=s2, raftlog=Memoized:s1@group-9FC63B188219-SegmentedRaftLog:OPENED:c2:last(t:2, i:2), conf=conf: {index: 1, cur=peers:[s3|localhost:15172, s4|localhost:15176, s0|localhost:15160, s1|localhost:15164, s2|localhost:15168]|listeners:[], old=null} RUNNING
  s2:   CLOSED    LEADER s2@group-9FC63B188219:t2, leader=s2, voted=s2, raftlog=Memoized:s2@group-9FC63B188219-SegmentedRaftLog:CLOSED:c2, conf=conf: {index: 1, cur=peers:[s3|localhost:15172, s4|localhost:15176, s0|localhost:15160, s1|localhost:15164, s2|localhost:15168]|listeners:[], old=null} CLOSED
2024-10-09 00:14:39,746 [s1@group-9FC63B188219-LeaderElection20] INFO  impl.LeaderElection (LeaderElection.java:logAndReturn(90)) - s1@group-9FC63B188219-LeaderElection20: PRE_VOTE TIMEOUT received 1 response(s) and 2 exception(s):
2024-10-09 00:14:39,746 [s1@group-9FC63B188219-LeaderElection20] INFO  impl.LeaderElection (LeaderElection.java:logAndReturn(94)) -   Response 0: s1<-s3#0:OK-t2
2024-10-09 00:14:39,746 [s1@group-9FC63B188219-LeaderElection20] INFO  impl.LeaderElection (LogUtils.java:infoOrTrace(136)) -   Exception 1: java.util.concurrent.ExecutionException: java.io.IOException: The peer s4 is not alive.
2024-10-09 00:14:39,746 [s1@group-9FC63B188219-LeaderElection20] INFO  impl.LeaderElection (LogUtils.java:infoOrTrace(136)) -   Exception 2: java.util.concurrent.ExecutionException: java.io.IOException: The peer s2 is not alive.
2024-10-09 00:14:39,746 [s1@group-9FC63B188219-LeaderElection20] INFO  impl.LeaderElection (LeaderElection.java:askForVotes(339)) - s1@group-9FC63B188219-LeaderElection20 PRE_VOTE round 166: result TIMEOUT
2024-10-09 00:14:39,746 [s1@group-9FC63B188219-LeaderElection20] INFO  impl.LeaderElection (LeaderElection.java:askForVotes(337)) - s1@group-9FC63B188219-LeaderElection20 PRE_VOTE round 167: submit vote requests at term 2 for conf: {index: 1, cur=peers:[s3|localhost:15172, s4|localhost:15176, s0|localhost:15160, s1|localhost:15164, s2|localhost:15168]|listeners:[], old=null}
2024-10-09 00:14:39,746 [HandlerDaemon-2] INFO  server.RaftServer$Division (RaftServerImpl.java:requestVote(1443)) - s3@group-9FC63B188219: receive requestVote(PRE_VOTE, s1, group-9FC63B188219, 2, (t:2, i:2))
2024-10-09 00:14:39,746 [HandlerDaemon-2] INFO  impl.VoteContext (VoteContext.java:log(49)) - s3@group-9FC63B188219-CANDIDATE: accept PRE_VOTE from s1: our priority 0 <= candidate's priority 0
2024-10-09 00:14:39,746 [HandlerDaemon-2] INFO  server.RaftServer$Division (RaftServerImpl.java:requestVote(1476)) - s3@group-9FC63B188219 replies to PRE_VOTE vote request: s1<-s3#0:OK-t2. Peer's state: s3@group-9FC63B188219:t2, leader=null, voted=s2, raftlog=Memoized:s3@group-9FC63B188219-SegmentedRaftLog:OPENED:c2:last(t:2, i:2), conf=conf: {index: 1, cur=peers:[s3|localhost:15172, s4|localhost:15176, s0|localhost:15160, s1|localhost:15164, s2|localhost:15168]|listeners:[], old=null}
2024-10-09 00:14:39,746 [s1@group-9FC63B188219-LeaderElection20] INFO  impl.LeaderElection (LogUtils.java:infoOrTrace(136)) - s1@group-9FC63B188219-LeaderElection20 got exception when requesting votes: java.util.concurrent.ExecutionException: java.io.IOException: The peer s4 is not alive.
2024-10-09 00:14:39,746 [s1@group-9FC63B188219-LeaderElection20] INFO  impl.LeaderElection (LogUtils.java:infoOrTrace(136)) - s1@group-9FC63B188219-LeaderElection20 got exception when requesting votes: java.util.concurrent.ExecutionException: java.io.IOException: The peer s2 is not alive.
2024-10-09 00:14:39,792 [s3@group-9FC63B188219-LeaderElection21] INFO  impl.LeaderElection (LeaderElection.java:logAndReturn(90)) - s3@group-9FC63B188219-LeaderElection21: PRE_VOTE TIMEOUT received 1 response(s) and 2 exception(s):
2024-10-09 00:14:39,792 [s3@group-9FC63B188219-LeaderElection21] INFO  impl.LeaderElection (LeaderElection.java:logAndReturn(94)) -   Response 0: s3<-s1#0:OK-t2
2024-10-09 00:14:39,792 [s3@group-9FC63B188219-LeaderElection21] INFO  impl.LeaderElection (LogUtils.java:infoOrTrace(136)) -   Exception 1: java.util.concurrent.ExecutionException: java.io.IOException: The peer s4 is not alive.
2024-10-09 00:14:39,792 [s3@group-9FC63B188219-LeaderElection21] INFO  impl.LeaderElection (LogUtils.java:infoOrTrace(136)) -   Exception 2: java.util.concurrent.ExecutionException: java.io.IOException: The peer s2 is not alive.
2024-10-09 00:14:39,792 [s3@group-9FC63B188219-LeaderElection21] INFO  impl.LeaderElection (LeaderElection.java:askForVotes(339)) - s3@group-9FC63B188219-LeaderElection21 PRE_VOTE round 153: result TIMEOUT
2024-10-09 00:14:39,792 [s3@group-9FC63B188219-LeaderElection21] INFO  impl.LeaderElection (LeaderElection.java:askForVotes(337)) - s3@group-9FC63B188219-LeaderElection21 PRE_VOTE round 154: submit vote requests at term 2 for conf: {index: 1, cur=peers:[s3|localhost:15172, s4|localhost:15176, s0|localhost:15160, s1|localhost:15164, s2|localhost:15168]|listeners:[], old=null}
2024-10-09 00:14:39,793 [HandlerDaemon-1] INFO  server.RaftServer$Division (RaftServerImpl.java:requestVote(1443)) - s1@group-9FC63B188219: receive requestVote(PRE_VOTE, s3, group-9FC63B188219, 2, (t:2, i:2))
2024-10-09 00:14:39,793 [HandlerDaemon-1] INFO  impl.VoteContext (VoteContext.java:log(49)) - s1@group-9FC63B188219-CANDIDATE: accept PRE_VOTE from s3: our priority 0 <= candidate's priority 0
2024-10-09 00:14:39,793 [HandlerDaemon-1] INFO  server.RaftServer$Division (RaftServerImpl.java:requestVote(1476)) - s1@group-9FC63B188219 replies to PRE_VOTE vote request: s3<-s1#0:OK-t2. Peer's state: s1@group-9FC63B188219:t2, leader=null, voted=s2, raftlog=Memoized:s1@group-9FC63B188219-SegmentedRaftLog:OPENED:c2:last(t:2, i:2), conf=conf: {index: 1, cur=peers:[s3|localhost:15172, s4|localhost:15176, s0|localhost:15160, s1|localhost:15164, s2|localhost:15168]|listeners:[], old=null}
2024-10-09 00:14:39,793 [s3@group-9FC63B188219-LeaderElection21] INFO  impl.LeaderElection (LogUtils.java:infoOrTrace(136)) - s3@group-9FC63B188219-LeaderElection21 got exception when requesting votes: java.util.concurrent.ExecutionException: java.io.IOException: The peer s4 is not alive.
2024-10-09 00:14:39,793 [s3@group-9FC63B188219-LeaderElection21] INFO  impl.LeaderElection (LogUtils.java:infoOrTrace(136)) - s3@group-9FC63B188219-LeaderElection21 got exception when requesting votes: java.util.concurrent.ExecutionException: java.io.IOException: The peer s2 is not alive.
2024-10-09 00:14:39,987 [s1@group-9FC63B188219-LeaderElection20] INFO  impl.LeaderElection (LeaderElection.java:logAndReturn(90)) - s1@group-9FC63B188219-LeaderElection20: PRE_VOTE TIMEOUT received 1 response(s) and 2 exception(s):
2024-10-09 00:14:39,988 [s1@group-9FC63B188219-LeaderElection20] INFO  impl.LeaderElection (LeaderElection.java:logAndReturn(94)) -   Response 0: s1<-s3#0:OK-t2
2024-10-09 00:14:39,988 [s1@group-9FC63B188219-LeaderElection20] INFO  impl.LeaderElection (LogUtils.java:infoOrTrace(136)) -   Exception 1: java.util.concurrent.ExecutionException: java.io.IOException: The peer s4 is not alive.
2024-10-09 00:14:39,988 [s1@group-9FC63B188219-LeaderElection20] INFO  impl.LeaderElection (LogUtils.java:infoOrTrace(136)) -   Exception 2: java.util.concurrent.ExecutionException: java.io.IOException: The peer s2 is not alive.
2024-10-09 00:14:39,988 [s1@group-9FC63B188219-LeaderElection20] INFO  impl.LeaderElection (LeaderElection.java:askForVotes(339)) - s1@group-9FC63B188219-LeaderElection20 PRE_VOTE round 167: result TIMEOUT
2024-10-09 00:14:39,988 [s1@group-9FC63B188219-LeaderElection20] INFO  impl.LeaderElection (LeaderElection.java:askForVotes(337)) - s1@group-9FC63B188219-LeaderElection20 PRE_VOTE round 168: submit vote requests at term 2 for conf: {index: 1, cur=peers:[s3|localhost:15172, s4|localhost:15176, s0|localhost:15160, s1|localhost:15164, s2|localhost:15168]|listeners:[], old=null}
2024-10-09 00:14:39,988 [HandlerDaemon-0] INFO  server.RaftServer$Division (RaftServerImpl.java:requestVote(1443)) - s3@group-9FC63B188219: receive requestVote(PRE_VOTE, s1, group-9FC63B188219, 2, (t:2, i:2))
2024-10-09 00:14:39,988 [HandlerDaemon-0] INFO  impl.VoteContext (VoteContext.java:log(49)) - s3@group-9FC63B188219-CANDIDATE: accept PRE_VOTE from s1: our priority 0 <= candidate's priority 0
2024-10-09 00:14:39,988 [HandlerDaemon-0] INFO  server.RaftServer$Division (RaftServerImpl.java:requestVote(1476)) - s3@group-9FC63B188219 replies to PRE_VOTE vote request: s1<-s3#0:OK-t2. Peer's state: s3@group-9FC63B188219:t2, leader=null, voted=s2, raftlog=Memoized:s3@group-9FC63B188219-SegmentedRaftLog:OPENED:c2:last(t:2, i:2), conf=conf: {index: 1, cur=peers:[s3|localhost:15172, s4|localhost:15176, s0|localhost:15160, s1|localhost:15164, s2|localhost:15168]|listeners:[], old=null}
2024-10-09 00:14:39,988 [s1@group-9FC63B188219-LeaderElection20] INFO  impl.LeaderElection (LogUtils.java:infoOrTrace(136)) - s1@group-9FC63B188219-LeaderElection20 got exception when requesting votes: java.util.concurrent.ExecutionException: java.io.IOException: The peer s4 is not alive.
2024-10-09 00:14:39,988 [s1@group-9FC63B188219-LeaderElection20] INFO  impl.LeaderElection (LogUtils.java:infoOrTrace(136)) - s1@group-9FC63B188219-LeaderElection20 got exception when requesting votes: java.util.concurrent.ExecutionException: java.io.IOException: The peer s2 is not alive.
2024-10-09 00:14:40,060 [s3@group-9FC63B188219-LeaderElection21] INFO  impl.LeaderElection (LeaderElection.java:logAndReturn(90)) - s3@group-9FC63B188219-LeaderElection21: PRE_VOTE TIMEOUT received 1 response(s) and 2 exception(s):
2024-10-09 00:14:40,060 [s3@group-9FC63B188219-LeaderElection21] INFO  impl.LeaderElection (LeaderElection.java:logAndReturn(94)) -   Response 0: s3<-s1#0:OK-t2
2024-10-09 00:14:40,060 [s3@group-9FC63B188219-LeaderElection21] INFO  impl.LeaderElection (LogUtils.java:infoOrTrace(136)) -   Exception 1: java.util.concurrent.ExecutionException: java.io.IOException: The peer s4 is not alive.
2024-10-09 00:14:40,060 [s3@group-9FC63B188219-LeaderElection21] INFO  impl.LeaderElection (LogUtils.java:infoOrTrace(136)) -   Exception 2: java.util.concurrent.ExecutionException: java.io.IOException: The peer s2 is not alive.
2024-10-09 00:14:40,060 [s3@group-9FC63B188219-LeaderElection21] INFO  impl.LeaderElection (LeaderElection.java:askForVotes(339)) - s3@group-9FC63B188219-LeaderElection21 PRE_VOTE round 154: result TIMEOUT
2024-10-09 00:14:40,060 [s3@group-9FC63B188219-LeaderElection21] INFO  impl.LeaderElection (LeaderElection.java:askForVotes(337)) - s3@group-9FC63B188219-LeaderElection21 PRE_VOTE round 155: submit vote requests at term 2 for conf: {index: 1, cur=peers:[s3|localhost:15172, s4|localhost:15176, s0|localhost:15160, s1|localhost:15164, s2|localhost:15168]|listeners:[], old=null}
2024-10-09 00:14:40,061 [s3@group-9FC63B188219-LeaderElection21] INFO  impl.LeaderElection (LogUtils.java:infoOrTrace(136)) - s3@group-9FC63B188219-LeaderElection21 got exception when requesting votes: java.util.concurrent.ExecutionException: java.io.IOException: The peer s4 is not alive.
2024-10-09 00:14:40,061 [HandlerDaemon-2] INFO  server.RaftServer$Division (RaftServerImpl.java:requestVote(1443)) - s1@group-9FC63B188219: receive requestVote(PRE_VOTE, s3, group-9FC63B188219, 2, (t:2, i:2))
2024-10-09 00:14:40,061 [s3@group-9FC63B188219-LeaderElection21] INFO  impl.LeaderElection (LogUtils.java:infoOrTrace(136)) - s3@group-9FC63B188219-LeaderElection21 got exception when requesting votes: java.util.concurrent.ExecutionException: java.io.IOException: The peer s2 is not alive.
2024-10-09 00:14:40,061 [HandlerDaemon-2] INFO  impl.VoteContext (VoteContext.java:log(49)) - s1@group-9FC63B188219-CANDIDATE: accept PRE_VOTE from s3: our priority 0 <= candidate's priority 0
2024-10-09 00:14:40,061 [HandlerDaemon-2] INFO  server.RaftServer$Division (RaftServerImpl.java:requestVote(1476)) - s1@group-9FC63B188219 replies to PRE_VOTE vote request: s3<-s1#0:OK-t2. Peer's state: s1@group-9FC63B188219:t2, leader=null, voted=s2, raftlog=Memoized:s1@group-9FC63B188219-SegmentedRaftLog:OPENED:c2:last(t:2, i:2), conf=conf: {index: 1, cur=peers:[s3|localhost:15172, s4|localhost:15176, s0|localhost:15160, s1|localhost:15164, s2|localhost:15168]|listeners:[], old=null}
2024-10-09 00:14:40,079 [main] WARN  ratis.RaftTestUtil (RaftTestUtil.java:lambda$waitForLeader$3(126)) - Attempt #87 failed: java.lang.IllegalStateException: No leader yet : printing ALL groups
  s3:  RUNNING CANDIDATE s3@group-9FC63B188219:t2, leader=null, voted=s2, raftlog=Memoized:s3@group-9FC63B188219-SegmentedRaftLog:OPENED:c2:last(t:2, i:2), conf=conf: {index: 1, cur=peers:[s3|localhost:15172, s4|localhost:15176, s0|localhost:15160, s1|localhost:15164, s2|localhost:15168]|listeners:[], old=null} RUNNING
  s4:   CLOSED    LEADER s4@group-9FC63B188219:t1, leader=s4, voted=s4, raftlog=Memoized:s4@group-9FC63B188219-SegmentedRaftLog:CLOSED:c0, conf=conf: {index: 0, cur=peers:[s3|localhost:15172, s4|localhost:15176, s0|localhost:15160, s1|localhost:15164, s2|localhost:15168]|listeners:[], old=null} CLOSED
  s0:  RUNNING  FOLLOWER s0@group-9FC63B188219:t1, leader=null, voted=null, raftlog=Memoized:s0@group-9FC63B188219-SegmentedRaftLog:OPENED:c-1:lastnull, conf=conf: {index: -1, cur=peers:[s3|localhost:15172, s4|localhost:15176, s0|localhost:15160, s1|localhost:15164, s2|localhost:15168]|listeners:[], old=null} RUNNING
  s1:  RUNNING CANDIDATE s1@group-9FC63B188219:t2, leader=null, voted=s2, raftlog=Memoized:s1@group-9FC63B188219-SegmentedRaftLog:OPENED:c2:last(t:2, i:2), conf=conf: {index: 1, cur=peers:[s3|localhost:15172, s4|localhost:15176, s0|localhost:15160, s1|localhost:15164, s2|localhost:15168]|listeners:[], old=null} RUNNING
  s2:   CLOSED    LEADER s2@group-9FC63B188219:t2, leader=s2, voted=s2, raftlog=Memoized:s2@group-9FC63B188219-SegmentedRaftLog:CLOSED:c2, conf=conf: {index: 1, cur=peers:[s3|localhost:15172, s4|localhost:15176, s0|localhost:15160, s1|localhost:15164, s2|localhost:15168]|listeners:[], old=null} CLOSED
2024-10-09 00:14:40,199 [s1@group-9FC63B188219-LeaderElection20] INFO  impl.LeaderElection (LeaderElection.java:logAndReturn(90)) - s1@group-9FC63B188219-LeaderElection20: PRE_VOTE TIMEOUT received 1 response(s) and 2 exception(s):
2024-10-09 00:14:40,199 [s1@group-9FC63B188219-LeaderElection20] INFO  impl.LeaderElection (LeaderElection.java:logAndReturn(94)) -   Response 0: s1<-s3#0:OK-t2
2024-10-09 00:14:40,199 [s1@group-9FC63B188219-LeaderElection20] INFO  impl.LeaderElection (LogUtils.java:infoOrTrace(136)) -   Exception 1: java.util.concurrent.ExecutionException: java.io.IOException: The peer s4 is not alive.
2024-10-09 00:14:40,199 [s1@group-9FC63B188219-LeaderElection20] INFO  impl.LeaderElection (LogUtils.java:infoOrTrace(136)) -   Exception 2: java.util.concurrent.ExecutionException: java.io.IOException: The peer s2 is not alive.
2024-10-09 00:14:40,200 [s1@group-9FC63B188219-LeaderElection20] INFO  impl.LeaderElection (LeaderElection.java:askForVotes(339)) - s1@group-9FC63B188219-LeaderElection20 PRE_VOTE round 168: result TIMEOUT
2024-10-09 00:14:40,200 [s1@group-9FC63B188219-LeaderElection20] INFO  impl.LeaderElection (LeaderElection.java:askForVotes(337)) - s1@group-9FC63B188219-LeaderElection20 PRE_VOTE round 169: submit vote requests at term 2 for conf: {index: 1, cur=peers:[s3|localhost:15172, s4|localhost:15176, s0|localhost:15160, s1|localhost:15164, s2|localhost:15168]|listeners:[], old=null}
2024-10-09 00:14:40,200 [HandlerDaemon-1] INFO  server.RaftServer$Division (RaftServerImpl.java:requestVote(1443)) - s3@group-9FC63B188219: receive requestVote(PRE_VOTE, s1, group-9FC63B188219, 2, (t:2, i:2))
2024-10-09 00:14:40,200 [HandlerDaemon-1] INFO  impl.VoteContext (VoteContext.java:log(49)) - s3@group-9FC63B188219-CANDIDATE: accept PRE_VOTE from s1: our priority 0 <= candidate's priority 0
2024-10-09 00:14:40,200 [HandlerDaemon-1] INFO  server.RaftServer$Division (RaftServerImpl.java:requestVote(1476)) - s3@group-9FC63B188219 replies to PRE_VOTE vote request: s1<-s3#0:OK-t2. Peer's state: s3@group-9FC63B188219:t2, leader=null, voted=s2, raftlog=Memoized:s3@group-9FC63B188219-SegmentedRaftLog:OPENED:c2:last(t:2, i:2), conf=conf: {index: 1, cur=peers:[s3|localhost:15172, s4|localhost:15176, s0|localhost:15160, s1|localhost:15164, s2|localhost:15168]|listeners:[], old=null}
2024-10-09 00:14:40,200 [s1@group-9FC63B188219-LeaderElection20] INFO  impl.LeaderElection (LogUtils.java:infoOrTrace(136)) - s1@group-9FC63B188219-LeaderElection20 got exception when requesting votes: java.util.concurrent.ExecutionException: java.io.IOException: The peer s4 is not alive.
2024-10-09 00:14:40,200 [s1@group-9FC63B188219-LeaderElection20] INFO  impl.LeaderElection (LogUtils.java:infoOrTrace(136)) - s1@group-9FC63B188219-LeaderElection20 got exception when requesting votes: java.util.concurrent.ExecutionException: java.io.IOException: The peer s2 is not alive.
2024-10-09 00:14:40,329 [s3@group-9FC63B188219-LeaderElection21] INFO  impl.LeaderElection (LeaderElection.java:logAndReturn(90)) - s3@group-9FC63B188219-LeaderElection21: PRE_VOTE TIMEOUT received 1 response(s) and 2 exception(s):
2024-10-09 00:14:40,329 [s3@group-9FC63B188219-LeaderElection21] INFO  impl.LeaderElection (LeaderElection.java:logAndReturn(94)) -   Response 0: s3<-s1#0:OK-t2
2024-10-09 00:14:40,329 [s3@group-9FC63B188219-LeaderElection21] INFO  impl.LeaderElection (LogUtils.java:infoOrTrace(136)) -   Exception 1: java.util.concurrent.ExecutionException: java.io.IOException: The peer s4 is not alive.
2024-10-09 00:14:40,329 [s3@group-9FC63B188219-LeaderElection21] INFO  impl.LeaderElection (LogUtils.java:infoOrTrace(136)) -   Exception 2: java.util.concurrent.ExecutionException: java.io.IOException: The peer s2 is not alive.
2024-10-09 00:14:40,329 [s3@group-9FC63B188219-LeaderElection21] INFO  impl.LeaderElection (LeaderElection.java:askForVotes(339)) - s3@group-9FC63B188219-LeaderElection21 PRE_VOTE round 155: result TIMEOUT
2024-10-09 00:14:40,329 [s3@group-9FC63B188219-LeaderElection21] INFO  impl.LeaderElection (LeaderElection.java:askForVotes(337)) - s3@group-9FC63B188219-LeaderElection21 PRE_VOTE round 156: submit vote requests at term 2 for conf: {index: 1, cur=peers:[s3|localhost:15172, s4|localhost:15176, s0|localhost:15160, s1|localhost:15164, s2|localhost:15168]|listeners:[], old=null}
2024-10-09 00:14:40,330 [HandlerDaemon-0] INFO  server.RaftServer$Division (RaftServerImpl.java:requestVote(1443)) - s1@group-9FC63B188219: receive requestVote(PRE_VOTE, s3, group-9FC63B188219, 2, (t:2, i:2))
2024-10-09 00:14:40,330 [s3@group-9FC63B188219-LeaderElection21] INFO  impl.LeaderElection (LogUtils.java:infoOrTrace(136)) - s3@group-9FC63B188219-LeaderElection21 got exception when requesting votes: java.util.concurrent.ExecutionException: java.io.IOException: The peer s4 is not alive.
2024-10-09 00:14:40,330 [s3@group-9FC63B188219-LeaderElection21] INFO  impl.LeaderElection (LogUtils.java:infoOrTrace(136)) - s3@group-9FC63B188219-LeaderElection21 got exception when requesting votes: java.util.concurrent.ExecutionException: java.io.IOException: The peer s2 is not alive.
2024-10-09 00:14:40,330 [HandlerDaemon-0] INFO  impl.VoteContext (VoteContext.java:log(49)) - s1@group-9FC63B188219-CANDIDATE: accept PRE_VOTE from s3: our priority 0 <= candidate's priority 0
2024-10-09 00:14:40,330 [HandlerDaemon-0] INFO  server.RaftServer$Division (RaftServerImpl.java:requestVote(1476)) - s1@group-9FC63B188219 replies to PRE_VOTE vote request: s3<-s1#0:OK-t2. Peer's state: s1@group-9FC63B188219:t2, leader=null, voted=s2, raftlog=Memoized:s1@group-9FC63B188219-SegmentedRaftLog:OPENED:c2:last(t:2, i:2), conf=conf: {index: 1, cur=peers:[s3|localhost:15172, s4|localhost:15176, s0|localhost:15160, s1|localhost:15164, s2|localhost:15168]|listeners:[], old=null}
2024-10-09 00:14:40,378 [s1@group-9FC63B188219-LeaderElection20] INFO  impl.LeaderElection (LeaderElection.java:logAndReturn(90)) - s1@group-9FC63B188219-LeaderElection20: PRE_VOTE TIMEOUT received 1 response(s) and 2 exception(s):
2024-10-09 00:14:40,378 [s1@group-9FC63B188219-LeaderElection20] INFO  impl.LeaderElection (LeaderElection.java:logAndReturn(94)) -   Response 0: s1<-s3#0:OK-t2
2024-10-09 00:14:40,378 [s1@group-9FC63B188219-LeaderElection20] INFO  impl.LeaderElection (LogUtils.java:infoOrTrace(136)) -   Exception 1: java.util.concurrent.ExecutionException: java.io.IOException: The peer s4 is not alive.
2024-10-09 00:14:40,378 [s1@group-9FC63B188219-LeaderElection20] INFO  impl.LeaderElection (LogUtils.java:infoOrTrace(136)) -   Exception 2: java.util.concurrent.ExecutionException: java.io.IOException: The peer s2 is not alive.
2024-10-09 00:14:40,378 [s1@group-9FC63B188219-LeaderElection20] INFO  impl.LeaderElection (LeaderElection.java:askForVotes(339)) - s1@group-9FC63B188219-LeaderElection20 PRE_VOTE round 169: result TIMEOUT
2024-10-09 00:14:40,378 [s1@group-9FC63B188219-LeaderElection20] INFO  impl.LeaderElection (LeaderElection.java:askForVotes(337)) - s1@group-9FC63B188219-LeaderElection20 PRE_VOTE round 170: submit vote requests at term 2 for conf: {index: 1, cur=peers:[s3|localhost:15172, s4|localhost:15176, s0|localhost:15160, s1|localhost:15164, s2|localhost:15168]|listeners:[], old=null}
2024-10-09 00:14:40,379 [HandlerDaemon-2] INFO  server.RaftServer$Division (RaftServerImpl.java:requestVote(1443)) - s3@group-9FC63B188219: receive requestVote(PRE_VOTE, s1, group-9FC63B188219, 2, (t:2, i:2))
2024-10-09 00:14:40,379 [s1@group-9FC63B188219-LeaderElection20] INFO  impl.LeaderElection (LogUtils.java:infoOrTrace(136)) - s1@group-9FC63B188219-LeaderElection20 got exception when requesting votes: java.util.concurrent.ExecutionException: java.io.IOException: The peer s4 is not alive.
2024-10-09 00:14:40,379 [HandlerDaemon-2] INFO  impl.VoteContext (VoteContext.java:log(49)) - s3@group-9FC63B188219-CANDIDATE: accept PRE_VOTE from s1: our priority 0 <= candidate's priority 0
2024-10-09 00:14:40,379 [s1@group-9FC63B188219-LeaderElection20] INFO  impl.LeaderElection (LogUtils.java:infoOrTrace(136)) - s1@group-9FC63B188219-LeaderElection20 got exception when requesting votes: java.util.concurrent.ExecutionException: java.io.IOException: The peer s2 is not alive.
2024-10-09 00:14:40,379 [HandlerDaemon-2] INFO  server.RaftServer$Division (RaftServerImpl.java:requestVote(1476)) - s3@group-9FC63B188219 replies to PRE_VOTE vote request: s1<-s3#0:OK-t2. Peer's state: s3@group-9FC63B188219:t2, leader=null, voted=s2, raftlog=Memoized:s3@group-9FC63B188219-SegmentedRaftLog:OPENED:c2:last(t:2, i:2), conf=conf: {index: 1, cur=peers:[s3|localhost:15172, s4|localhost:15176, s0|localhost:15160, s1|localhost:15164, s2|localhost:15168]|listeners:[], old=null}
2024-10-09 00:14:40,482 [s3@group-9FC63B188219-LeaderElection21] INFO  impl.LeaderElection (LeaderElection.java:logAndReturn(90)) - s3@group-9FC63B188219-LeaderElection21: PRE_VOTE TIMEOUT received 1 response(s) and 2 exception(s):
2024-10-09 00:14:40,482 [s3@group-9FC63B188219-LeaderElection21] INFO  impl.LeaderElection (LeaderElection.java:logAndReturn(94)) -   Response 0: s3<-s1#0:OK-t2
2024-10-09 00:14:40,482 [s3@group-9FC63B188219-LeaderElection21] INFO  impl.LeaderElection (LogUtils.java:infoOrTrace(136)) -   Exception 1: java.util.concurrent.ExecutionException: java.io.IOException: The peer s4 is not alive.
2024-10-09 00:14:40,482 [s3@group-9FC63B188219-LeaderElection21] INFO  impl.LeaderElection (LogUtils.java:infoOrTrace(136)) -   Exception 2: java.util.concurrent.ExecutionException: java.io.IOException: The peer s2 is not alive.
2024-10-09 00:14:40,482 [s3@group-9FC63B188219-LeaderElection21] INFO  impl.LeaderElection (LeaderElection.java:askForVotes(339)) - s3@group-9FC63B188219-LeaderElection21 PRE_VOTE round 156: result TIMEOUT
2024-10-09 00:14:40,482 [s3@group-9FC63B188219-LeaderElection21] INFO  impl.LeaderElection (LeaderElection.java:askForVotes(337)) - s3@group-9FC63B188219-LeaderElection21 PRE_VOTE round 157: submit vote requests at term 2 for conf: {index: 1, cur=peers:[s3|localhost:15172, s4|localhost:15176, s0|localhost:15160, s1|localhost:15164, s2|localhost:15168]|listeners:[], old=null}
2024-10-09 00:14:40,483 [HandlerDaemon-1] INFO  server.RaftServer$Division (RaftServerImpl.java:requestVote(1443)) - s1@group-9FC63B188219: receive requestVote(PRE_VOTE, s3, group-9FC63B188219, 2, (t:2, i:2))
2024-10-09 00:14:40,483 [s3@group-9FC63B188219-LeaderElection21] INFO  impl.LeaderElection (LogUtils.java:infoOrTrace(136)) - s3@group-9FC63B188219-LeaderElection21 got exception when requesting votes: java.util.concurrent.ExecutionException: java.io.IOException: The peer s4 is not alive.
2024-10-09 00:14:40,483 [HandlerDaemon-1] INFO  impl.VoteContext (VoteContext.java:log(49)) - s1@group-9FC63B188219-CANDIDATE: accept PRE_VOTE from s3: our priority 0 <= candidate's priority 0
2024-10-09 00:14:40,483 [s3@group-9FC63B188219-LeaderElection21] INFO  impl.LeaderElection (LogUtils.java:infoOrTrace(136)) - s3@group-9FC63B188219-LeaderElection21 got exception when requesting votes: java.util.concurrent.ExecutionException: java.io.IOException: The peer s2 is not alive.
2024-10-09 00:14:40,483 [HandlerDaemon-1] INFO  server.RaftServer$Division (RaftServerImpl.java:requestVote(1476)) - s1@group-9FC63B188219 replies to PRE_VOTE vote request: s3<-s1#0:OK-t2. Peer's state: s1@group-9FC63B188219:t2, leader=null, voted=s2, raftlog=Memoized:s1@group-9FC63B188219-SegmentedRaftLog:OPENED:c2:last(t:2, i:2), conf=conf: {index: 1, cur=peers:[s3|localhost:15172, s4|localhost:15176, s0|localhost:15160, s1|localhost:15164, s2|localhost:15168]|listeners:[], old=null}
2024-10-09 00:14:40,529 [main] WARN  ratis.RaftTestUtil (RaftTestUtil.java:lambda$waitForLeader$3(126)) - Attempt #88 failed: java.lang.IllegalStateException: No leader yet : printing ALL groups
  s3:  RUNNING CANDIDATE s3@group-9FC63B188219:t2, leader=null, voted=s2, raftlog=Memoized:s3@group-9FC63B188219-SegmentedRaftLog:OPENED:c2:last(t:2, i:2), conf=conf: {index: 1, cur=peers:[s3|localhost:15172, s4|localhost:15176, s0|localhost:15160, s1|localhost:15164, s2|localhost:15168]|listeners:[], old=null} RUNNING
  s4:   CLOSED    LEADER s4@group-9FC63B188219:t1, leader=s4, voted=s4, raftlog=Memoized:s4@group-9FC63B188219-SegmentedRaftLog:CLOSED:c0, conf=conf: {index: 0, cur=peers:[s3|localhost:15172, s4|localhost:15176, s0|localhost:15160, s1|localhost:15164, s2|localhost:15168]|listeners:[], old=null} CLOSED
  s0:  RUNNING  FOLLOWER s0@group-9FC63B188219:t1, leader=null, voted=null, raftlog=Memoized:s0@group-9FC63B188219-SegmentedRaftLog:OPENED:c-1:lastnull, conf=conf: {index: -1, cur=peers:[s3|localhost:15172, s4|localhost:15176, s0|localhost:15160, s1|localhost:15164, s2|localhost:15168]|listeners:[], old=null} RUNNING
  s1:  RUNNING CANDIDATE s1@group-9FC63B188219:t2, leader=null, voted=s2, raftlog=Memoized:s1@group-9FC63B188219-SegmentedRaftLog:OPENED:c2:last(t:2, i:2), conf=conf: {index: 1, cur=peers:[s3|localhost:15172, s4|localhost:15176, s0|localhost:15160, s1|localhost:15164, s2|localhost:15168]|listeners:[], old=null} RUNNING
  s2:   CLOSED    LEADER s2@group-9FC63B188219:t2, leader=s2, voted=s2, raftlog=Memoized:s2@group-9FC63B188219-SegmentedRaftLog:CLOSED:c2, conf=conf: {index: 1, cur=peers:[s3|localhost:15172, s4|localhost:15176, s0|localhost:15160, s1|localhost:15164, s2|localhost:15168]|listeners:[], old=null} CLOSED
2024-10-09 00:14:40,631 [s1@group-9FC63B188219-LeaderElection20] INFO  impl.LeaderElection (LeaderElection.java:logAndReturn(90)) - s1@group-9FC63B188219-LeaderElection20: PRE_VOTE TIMEOUT received 1 response(s) and 2 exception(s):
2024-10-09 00:14:40,631 [s1@group-9FC63B188219-LeaderElection20] INFO  impl.LeaderElection (LeaderElection.java:logAndReturn(94)) -   Response 0: s1<-s3#0:OK-t2
2024-10-09 00:14:40,631 [s1@group-9FC63B188219-LeaderElection20] INFO  impl.LeaderElection (LogUtils.java:infoOrTrace(136)) -   Exception 1: java.util.concurrent.ExecutionException: java.io.IOException: The peer s4 is not alive.
2024-10-09 00:14:40,631 [s1@group-9FC63B188219-LeaderElection20] INFO  impl.LeaderElection (LogUtils.java:infoOrTrace(136)) -   Exception 2: java.util.concurrent.ExecutionException: java.io.IOException: The peer s2 is not alive.
2024-10-09 00:14:40,631 [s1@group-9FC63B188219-LeaderElection20] INFO  impl.LeaderElection (LeaderElection.java:askForVotes(339)) - s1@group-9FC63B188219-LeaderElection20 PRE_VOTE round 170: result TIMEOUT
2024-10-09 00:14:40,631 [s1@group-9FC63B188219-LeaderElection20] INFO  impl.LeaderElection (LeaderElection.java:askForVotes(337)) - s1@group-9FC63B188219-LeaderElection20 PRE_VOTE round 171: submit vote requests at term 2 for conf: {index: 1, cur=peers:[s3|localhost:15172, s4|localhost:15176, s0|localhost:15160, s1|localhost:15164, s2|localhost:15168]|listeners:[], old=null}
2024-10-09 00:14:40,632 [HandlerDaemon-0] INFO  server.RaftServer$Division (RaftServerImpl.java:requestVote(1443)) - s3@group-9FC63B188219: receive requestVote(PRE_VOTE, s1, group-9FC63B188219, 2, (t:2, i:2))
2024-10-09 00:14:40,632 [s1@group-9FC63B188219-LeaderElection20] INFO  impl.LeaderElection (LogUtils.java:infoOrTrace(136)) - s1@group-9FC63B188219-LeaderElection20 got exception when requesting votes: java.util.concurrent.ExecutionException: java.io.IOException: The peer s4 is not alive.
2024-10-09 00:14:40,632 [s1@group-9FC63B188219-LeaderElection20] INFO  impl.LeaderElection (LogUtils.java:infoOrTrace(136)) - s1@group-9FC63B188219-LeaderElection20 got exception when requesting votes: java.util.concurrent.ExecutionException: java.io.IOException: The peer s2 is not alive.
2024-10-09 00:14:40,632 [HandlerDaemon-0] INFO  impl.VoteContext (VoteContext.java:log(49)) - s3@group-9FC63B188219-CANDIDATE: accept PRE_VOTE from s1: our priority 0 <= candidate's priority 0
2024-10-09 00:14:40,632 [HandlerDaemon-0] INFO  server.RaftServer$Division (RaftServerImpl.java:requestVote(1476)) - s3@group-9FC63B188219 replies to PRE_VOTE vote request: s1<-s3#0:OK-t2. Peer's state: s3@group-9FC63B188219:t2, leader=null, voted=s2, raftlog=Memoized:s3@group-9FC63B188219-SegmentedRaftLog:OPENED:c2:last(t:2, i:2), conf=conf: {index: 1, cur=peers:[s3|localhost:15172, s4|localhost:15176, s0|localhost:15160, s1|localhost:15164, s2|localhost:15168]|listeners:[], old=null}
2024-10-09 00:14:40,644 [s3@group-9FC63B188219-LeaderElection21] INFO  impl.LeaderElection (LeaderElection.java:logAndReturn(90)) - s3@group-9FC63B188219-LeaderElection21: PRE_VOTE TIMEOUT received 1 response(s) and 2 exception(s):
2024-10-09 00:14:40,644 [s3@group-9FC63B188219-LeaderElection21] INFO  impl.LeaderElection (LeaderElection.java:logAndReturn(94)) -   Response 0: s3<-s1#0:OK-t2
2024-10-09 00:14:40,644 [s3@group-9FC63B188219-LeaderElection21] INFO  impl.LeaderElection (LogUtils.java:infoOrTrace(136)) -   Exception 1: java.util.concurrent.ExecutionException: java.io.IOException: The peer s4 is not alive.
2024-10-09 00:14:40,644 [s3@group-9FC63B188219-LeaderElection21] INFO  impl.LeaderElection (LogUtils.java:infoOrTrace(136)) -   Exception 2: java.util.concurrent.ExecutionException: java.io.IOException: The peer s2 is not alive.
2024-10-09 00:14:40,644 [s3@group-9FC63B188219-LeaderElection21] INFO  impl.LeaderElection (LeaderElection.java:askForVotes(339)) - s3@group-9FC63B188219-LeaderElection21 PRE_VOTE round 157: result TIMEOUT
2024-10-09 00:14:40,644 [s3@group-9FC63B188219-LeaderElection21] INFO  impl.LeaderElection (LeaderElection.java:askForVotes(337)) - s3@group-9FC63B188219-LeaderElection21 PRE_VOTE round 158: submit vote requests at term 2 for conf: {index: 1, cur=peers:[s3|localhost:15172, s4|localhost:15176, s0|localhost:15160, s1|localhost:15164, s2|localhost:15168]|listeners:[], old=null}
2024-10-09 00:14:40,644 [HandlerDaemon-2] INFO  server.RaftServer$Division (RaftServerImpl.java:requestVote(1443)) - s1@group-9FC63B188219: receive requestVote(PRE_VOTE, s3, group-9FC63B188219, 2, (t:2, i:2))
2024-10-09 00:14:40,644 [HandlerDaemon-2] INFO  impl.VoteContext (VoteContext.java:log(49)) - s1@group-9FC63B188219-CANDIDATE: accept PRE_VOTE from s3: our priority 0 <= candidate's priority 0
2024-10-09 00:14:40,644 [HandlerDaemon-2] INFO  server.RaftServer$Division (RaftServerImpl.java:requestVote(1476)) - s1@group-9FC63B188219 replies to PRE_VOTE vote request: s3<-s1#0:OK-t2. Peer's state: s1@group-9FC63B188219:t2, leader=null, voted=s2, raftlog=Memoized:s1@group-9FC63B188219-SegmentedRaftLog:OPENED:c2:last(t:2, i:2), conf=conf: {index: 1, cur=peers:[s3|localhost:15172, s4|localhost:15176, s0|localhost:15160, s1|localhost:15164, s2|localhost:15168]|listeners:[], old=null}
2024-10-09 00:14:40,645 [s3@group-9FC63B188219-LeaderElection21] INFO  impl.LeaderElection (LogUtils.java:infoOrTrace(136)) - s3@group-9FC63B188219-LeaderElection21 got exception when requesting votes: java.util.concurrent.ExecutionException: java.io.IOException: The peer s4 is not alive.
2024-10-09 00:14:40,645 [s3@group-9FC63B188219-LeaderElection21] INFO  impl.LeaderElection (LogUtils.java:infoOrTrace(136)) - s3@group-9FC63B188219-LeaderElection21 got exception when requesting votes: java.util.concurrent.ExecutionException: java.io.IOException: The peer s2 is not alive.
2024-10-09 00:14:40,925 [s1@group-9FC63B188219-LeaderElection20] INFO  impl.LeaderElection (LeaderElection.java:logAndReturn(90)) - s1@group-9FC63B188219-LeaderElection20: PRE_VOTE TIMEOUT received 1 response(s) and 2 exception(s):
2024-10-09 00:14:40,925 [s1@group-9FC63B188219-LeaderElection20] INFO  impl.LeaderElection (LeaderElection.java:logAndReturn(94)) -   Response 0: s1<-s3#0:OK-t2
2024-10-09 00:14:40,925 [s1@group-9FC63B188219-LeaderElection20] INFO  impl.LeaderElection (LogUtils.java:infoOrTrace(136)) -   Exception 1: java.util.concurrent.ExecutionException: java.io.IOException: The peer s4 is not alive.
2024-10-09 00:14:40,925 [s1@group-9FC63B188219-LeaderElection20] INFO  impl.LeaderElection (LogUtils.java:infoOrTrace(136)) -   Exception 2: java.util.concurrent.ExecutionException: java.io.IOException: The peer s2 is not alive.
2024-10-09 00:14:40,925 [s1@group-9FC63B188219-LeaderElection20] INFO  impl.LeaderElection (LeaderElection.java:askForVotes(339)) - s1@group-9FC63B188219-LeaderElection20 PRE_VOTE round 171: result TIMEOUT
2024-10-09 00:14:40,925 [s1@group-9FC63B188219-LeaderElection20] INFO  impl.LeaderElection (LeaderElection.java:askForVotes(337)) - s1@group-9FC63B188219-LeaderElection20 PRE_VOTE round 172: submit vote requests at term 2 for conf: {index: 1, cur=peers:[s3|localhost:15172, s4|localhost:15176, s0|localhost:15160, s1|localhost:15164, s2|localhost:15168]|listeners:[], old=null}
2024-10-09 00:14:40,925 [HandlerDaemon-1] INFO  server.RaftServer$Division (RaftServerImpl.java:requestVote(1443)) - s3@group-9FC63B188219: receive requestVote(PRE_VOTE, s1, group-9FC63B188219, 2, (t:2, i:2))
2024-10-09 00:14:40,925 [HandlerDaemon-1] INFO  impl.VoteContext (VoteContext.java:log(49)) - s3@group-9FC63B188219-CANDIDATE: accept PRE_VOTE from s1: our priority 0 <= candidate's priority 0
2024-10-09 00:14:40,925 [HandlerDaemon-1] INFO  server.RaftServer$Division (RaftServerImpl.java:requestVote(1476)) - s3@group-9FC63B188219 replies to PRE_VOTE vote request: s1<-s3#0:OK-t2. Peer's state: s3@group-9FC63B188219:t2, leader=null, voted=s2, raftlog=Memoized:s3@group-9FC63B188219-SegmentedRaftLog:OPENED:c2:last(t:2, i:2), conf=conf: {index: 1, cur=peers:[s3|localhost:15172, s4|localhost:15176, s0|localhost:15160, s1|localhost:15164, s2|localhost:15168]|listeners:[], old=null}
2024-10-09 00:14:40,925 [s1@group-9FC63B188219-LeaderElection20] INFO  impl.LeaderElection (LogUtils.java:infoOrTrace(136)) - s1@group-9FC63B188219-LeaderElection20 got exception when requesting votes: java.util.concurrent.ExecutionException: java.io.IOException: The peer s4 is not alive.
2024-10-09 00:14:40,926 [s1@group-9FC63B188219-LeaderElection20] INFO  impl.LeaderElection (LogUtils.java:infoOrTrace(136)) - s1@group-9FC63B188219-LeaderElection20 got exception when requesting votes: java.util.concurrent.ExecutionException: java.io.IOException: The peer s2 is not alive.
2024-10-09 00:14:40,933 [s3@group-9FC63B188219-LeaderElection21] INFO  impl.LeaderElection (LeaderElection.java:logAndReturn(90)) - s3@group-9FC63B188219-LeaderElection21: PRE_VOTE TIMEOUT received 1 response(s) and 2 exception(s):
2024-10-09 00:14:40,933 [s3@group-9FC63B188219-LeaderElection21] INFO  impl.LeaderElection (LeaderElection.java:logAndReturn(94)) -   Response 0: s3<-s1#0:OK-t2
2024-10-09 00:14:40,933 [s3@group-9FC63B188219-LeaderElection21] INFO  impl.LeaderElection (LogUtils.java:infoOrTrace(136)) -   Exception 1: java.util.concurrent.ExecutionException: java.io.IOException: The peer s4 is not alive.
2024-10-09 00:14:40,933 [s3@group-9FC63B188219-LeaderElection21] INFO  impl.LeaderElection (LogUtils.java:infoOrTrace(136)) -   Exception 2: java.util.concurrent.ExecutionException: java.io.IOException: The peer s2 is not alive.
2024-10-09 00:14:40,933 [s3@group-9FC63B188219-LeaderElection21] INFO  impl.LeaderElection (LeaderElection.java:askForVotes(339)) - s3@group-9FC63B188219-LeaderElection21 PRE_VOTE round 158: result TIMEOUT
2024-10-09 00:14:40,933 [s3@group-9FC63B188219-LeaderElection21] INFO  impl.LeaderElection (LeaderElection.java:askForVotes(337)) - s3@group-9FC63B188219-LeaderElection21 PRE_VOTE round 159: submit vote requests at term 2 for conf: {index: 1, cur=peers:[s3|localhost:15172, s4|localhost:15176, s0|localhost:15160, s1|localhost:15164, s2|localhost:15168]|listeners:[], old=null}
2024-10-09 00:14:40,933 [HandlerDaemon-0] INFO  server.RaftServer$Division (RaftServerImpl.java:requestVote(1443)) - s1@group-9FC63B188219: receive requestVote(PRE_VOTE, s3, group-9FC63B188219, 2, (t:2, i:2))
2024-10-09 00:14:40,933 [HandlerDaemon-0] INFO  impl.VoteContext (VoteContext.java:log(49)) - s1@group-9FC63B188219-CANDIDATE: accept PRE_VOTE from s3: our priority 0 <= candidate's priority 0
2024-10-09 00:14:40,933 [s3@group-9FC63B188219-LeaderElection21] INFO  impl.LeaderElection (LogUtils.java:infoOrTrace(136)) - s3@group-9FC63B188219-LeaderElection21 got exception when requesting votes: java.util.concurrent.ExecutionException: java.io.IOException: The peer s4 is not alive.
2024-10-09 00:14:40,933 [s3@group-9FC63B188219-LeaderElection21] INFO  impl.LeaderElection (LogUtils.java:infoOrTrace(136)) - s3@group-9FC63B188219-LeaderElection21 got exception when requesting votes: java.util.concurrent.ExecutionException: java.io.IOException: The peer s2 is not alive.
2024-10-09 00:14:40,933 [HandlerDaemon-0] INFO  server.RaftServer$Division (RaftServerImpl.java:requestVote(1476)) - s1@group-9FC63B188219 replies to PRE_VOTE vote request: s3<-s1#0:OK-t2. Peer's state: s1@group-9FC63B188219:t2, leader=null, voted=s2, raftlog=Memoized:s1@group-9FC63B188219-SegmentedRaftLog:OPENED:c2:last(t:2, i:2), conf=conf: {index: 1, cur=peers:[s3|localhost:15172, s4|localhost:15176, s0|localhost:15160, s1|localhost:15164, s2|localhost:15168]|listeners:[], old=null}
2024-10-09 00:14:40,980 [main] WARN  ratis.RaftTestUtil (RaftTestUtil.java:lambda$waitForLeader$3(126)) - Attempt #89 failed: java.lang.IllegalStateException: No leader yet : printing ALL groups
  s3:  RUNNING CANDIDATE s3@group-9FC63B188219:t2, leader=null, voted=s2, raftlog=Memoized:s3@group-9FC63B188219-SegmentedRaftLog:OPENED:c2:last(t:2, i:2), conf=conf: {index: 1, cur=peers:[s3|localhost:15172, s4|localhost:15176, s0|localhost:15160, s1|localhost:15164, s2|localhost:15168]|listeners:[], old=null} RUNNING
  s4:   CLOSED    LEADER s4@group-9FC63B188219:t1, leader=s4, voted=s4, raftlog=Memoized:s4@group-9FC63B188219-SegmentedRaftLog:CLOSED:c0, conf=conf: {index: 0, cur=peers:[s3|localhost:15172, s4|localhost:15176, s0|localhost:15160, s1|localhost:15164, s2|localhost:15168]|listeners:[], old=null} CLOSED
  s0:  RUNNING  FOLLOWER s0@group-9FC63B188219:t1, leader=null, voted=null, raftlog=Memoized:s0@group-9FC63B188219-SegmentedRaftLog:OPENED:c-1:lastnull, conf=conf: {index: -1, cur=peers:[s3|localhost:15172, s4|localhost:15176, s0|localhost:15160, s1|localhost:15164, s2|localhost:15168]|listeners:[], old=null} RUNNING
  s1:  RUNNING CANDIDATE s1@group-9FC63B188219:t2, leader=null, voted=s2, raftlog=Memoized:s1@group-9FC63B188219-SegmentedRaftLog:OPENED:c2:last(t:2, i:2), conf=conf: {index: 1, cur=peers:[s3|localhost:15172, s4|localhost:15176, s0|localhost:15160, s1|localhost:15164, s2|localhost:15168]|listeners:[], old=null} RUNNING
  s2:   CLOSED    LEADER s2@group-9FC63B188219:t2, leader=s2, voted=s2, raftlog=Memoized:s2@group-9FC63B188219-SegmentedRaftLog:CLOSED:c2, conf=conf: {index: 1, cur=peers:[s3|localhost:15172, s4|localhost:15176, s0|localhost:15160, s1|localhost:15164, s2|localhost:15168]|listeners:[], old=null} CLOSED
2024-10-09 00:14:41,128 [s3@group-9FC63B188219-LeaderElection21] INFO  impl.LeaderElection (LeaderElection.java:logAndReturn(90)) - s3@group-9FC63B188219-LeaderElection21: PRE_VOTE TIMEOUT received 1 response(s) and 2 exception(s):
2024-10-09 00:14:41,128 [s3@group-9FC63B188219-LeaderElection21] INFO  impl.LeaderElection (LeaderElection.java:logAndReturn(94)) -   Response 0: s3<-s1#0:OK-t2
2024-10-09 00:14:41,128 [s3@group-9FC63B188219-LeaderElection21] INFO  impl.LeaderElection (LogUtils.java:infoOrTrace(136)) -   Exception 1: java.util.concurrent.ExecutionException: java.io.IOException: The peer s4 is not alive.
2024-10-09 00:14:41,128 [s3@group-9FC63B188219-LeaderElection21] INFO  impl.LeaderElection (LogUtils.java:infoOrTrace(136)) -   Exception 2: java.util.concurrent.ExecutionException: java.io.IOException: The peer s2 is not alive.
2024-10-09 00:14:41,128 [s3@group-9FC63B188219-LeaderElection21] INFO  impl.LeaderElection (LeaderElection.java:askForVotes(339)) - s3@group-9FC63B188219-LeaderElection21 PRE_VOTE round 159: result TIMEOUT
2024-10-09 00:14:41,129 [s3@group-9FC63B188219-LeaderElection21] INFO  impl.LeaderElection (LeaderElection.java:askForVotes(337)) - s3@group-9FC63B188219-LeaderElection21 PRE_VOTE round 160: submit vote requests at term 2 for conf: {index: 1, cur=peers:[s3|localhost:15172, s4|localhost:15176, s0|localhost:15160, s1|localhost:15164, s2|localhost:15168]|listeners:[], old=null}
2024-10-09 00:14:41,129 [HandlerDaemon-1] INFO  server.RaftServer$Division (RaftServerImpl.java:requestVote(1443)) - s1@group-9FC63B188219: receive requestVote(PRE_VOTE, s3, group-9FC63B188219, 2, (t:2, i:2))
2024-10-09 00:14:41,129 [s3@group-9FC63B188219-LeaderElection21] INFO  impl.LeaderElection (LogUtils.java:infoOrTrace(136)) - s3@group-9FC63B188219-LeaderElection21 got exception when requesting votes: java.util.concurrent.ExecutionException: java.io.IOException: The peer s4 is not alive.
2024-10-09 00:14:41,129 [s3@group-9FC63B188219-LeaderElection21] INFO  impl.LeaderElection (LogUtils.java:infoOrTrace(136)) - s3@group-9FC63B188219-LeaderElection21 got exception when requesting votes: java.util.concurrent.ExecutionException: java.io.IOException: The peer s2 is not alive.
2024-10-09 00:14:41,129 [HandlerDaemon-1] INFO  impl.VoteContext (VoteContext.java:log(49)) - s1@group-9FC63B188219-CANDIDATE: accept PRE_VOTE from s3: our priority 0 <= candidate's priority 0
2024-10-09 00:14:41,129 [HandlerDaemon-1] INFO  server.RaftServer$Division (RaftServerImpl.java:requestVote(1476)) - s1@group-9FC63B188219 replies to PRE_VOTE vote request: s3<-s1#0:OK-t2. Peer's state: s1@group-9FC63B188219:t2, leader=null, voted=s2, raftlog=Memoized:s1@group-9FC63B188219-SegmentedRaftLog:OPENED:c2:last(t:2, i:2), conf=conf: {index: 1, cur=peers:[s3|localhost:15172, s4|localhost:15176, s0|localhost:15160, s1|localhost:15164, s2|localhost:15168]|listeners:[], old=null}
2024-10-09 00:14:41,209 [s1@group-9FC63B188219-LeaderElection20] INFO  impl.LeaderElection (LeaderElection.java:logAndReturn(90)) - s1@group-9FC63B188219-LeaderElection20: PRE_VOTE TIMEOUT received 1 response(s) and 2 exception(s):
2024-10-09 00:14:41,209 [s1@group-9FC63B188219-LeaderElection20] INFO  impl.LeaderElection (LeaderElection.java:logAndReturn(94)) -   Response 0: s1<-s3#0:OK-t2
2024-10-09 00:14:41,209 [s1@group-9FC63B188219-LeaderElection20] INFO  impl.LeaderElection (LogUtils.java:infoOrTrace(136)) -   Exception 1: java.util.concurrent.ExecutionException: java.io.IOException: The peer s4 is not alive.
2024-10-09 00:14:41,209 [s1@group-9FC63B188219-LeaderElection20] INFO  impl.LeaderElection (LogUtils.java:infoOrTrace(136)) -   Exception 2: java.util.concurrent.ExecutionException: java.io.IOException: The peer s2 is not alive.
2024-10-09 00:14:41,209 [s1@group-9FC63B188219-LeaderElection20] INFO  impl.LeaderElection (LeaderElection.java:askForVotes(339)) - s1@group-9FC63B188219-LeaderElection20 PRE_VOTE round 172: result TIMEOUT
2024-10-09 00:14:41,209 [s1@group-9FC63B188219-LeaderElection20] INFO  impl.LeaderElection (LeaderElection.java:askForVotes(337)) - s1@group-9FC63B188219-LeaderElection20 PRE_VOTE round 173: submit vote requests at term 2 for conf: {index: 1, cur=peers:[s3|localhost:15172, s4|localhost:15176, s0|localhost:15160, s1|localhost:15164, s2|localhost:15168]|listeners:[], old=null}
2024-10-09 00:14:41,209 [HandlerDaemon-2] INFO  server.RaftServer$Division (RaftServerImpl.java:requestVote(1443)) - s3@group-9FC63B188219: receive requestVote(PRE_VOTE, s1, group-9FC63B188219, 2, (t:2, i:2))
2024-10-09 00:14:41,209 [HandlerDaemon-2] INFO  impl.VoteContext (VoteContext.java:log(49)) - s3@group-9FC63B188219-CANDIDATE: accept PRE_VOTE from s1: our priority 0 <= candidate's priority 0
2024-10-09 00:14:41,209 [HandlerDaemon-2] INFO  server.RaftServer$Division (RaftServerImpl.java:requestVote(1476)) - s3@group-9FC63B188219 replies to PRE_VOTE vote request: s1<-s3#0:OK-t2. Peer's state: s3@group-9FC63B188219:t2, leader=null, voted=s2, raftlog=Memoized:s3@group-9FC63B188219-SegmentedRaftLog:OPENED:c2:last(t:2, i:2), conf=conf: {index: 1, cur=peers:[s3|localhost:15172, s4|localhost:15176, s0|localhost:15160, s1|localhost:15164, s2|localhost:15168]|listeners:[], old=null}
2024-10-09 00:14:41,209 [s1@group-9FC63B188219-LeaderElection20] INFO  impl.LeaderElection (LogUtils.java:infoOrTrace(136)) - s1@group-9FC63B188219-LeaderElection20 got exception when requesting votes: java.util.concurrent.ExecutionException: java.io.IOException: The peer s4 is not alive.
2024-10-09 00:14:41,210 [s1@group-9FC63B188219-LeaderElection20] INFO  impl.LeaderElection (LogUtils.java:infoOrTrace(136)) - s1@group-9FC63B188219-LeaderElection20 got exception when requesting votes: java.util.concurrent.ExecutionException: java.io.IOException: The peer s2 is not alive.
2024-10-09 00:14:41,403 [s3@group-9FC63B188219-LeaderElection21] INFO  impl.LeaderElection (LeaderElection.java:logAndReturn(90)) - s3@group-9FC63B188219-LeaderElection21: PRE_VOTE TIMEOUT received 1 response(s) and 2 exception(s):
2024-10-09 00:14:41,403 [s3@group-9FC63B188219-LeaderElection21] INFO  impl.LeaderElection (LeaderElection.java:logAndReturn(94)) -   Response 0: s3<-s1#0:OK-t2
2024-10-09 00:14:41,403 [s3@group-9FC63B188219-LeaderElection21] INFO  impl.LeaderElection (LogUtils.java:infoOrTrace(136)) -   Exception 1: java.util.concurrent.ExecutionException: java.io.IOException: The peer s4 is not alive.
2024-10-09 00:14:41,403 [s3@group-9FC63B188219-LeaderElection21] INFO  impl.LeaderElection (LogUtils.java:infoOrTrace(136)) -   Exception 2: java.util.concurrent.ExecutionException: java.io.IOException: The peer s2 is not alive.
2024-10-09 00:14:41,403 [s3@group-9FC63B188219-LeaderElection21] INFO  impl.LeaderElection (LeaderElection.java:askForVotes(339)) - s3@group-9FC63B188219-LeaderElection21 PRE_VOTE round 160: result TIMEOUT
2024-10-09 00:14:41,403 [s3@group-9FC63B188219-LeaderElection21] INFO  impl.LeaderElection (LeaderElection.java:askForVotes(337)) - s3@group-9FC63B188219-LeaderElection21 PRE_VOTE round 161: submit vote requests at term 2 for conf: {index: 1, cur=peers:[s3|localhost:15172, s4|localhost:15176, s0|localhost:15160, s1|localhost:15164, s2|localhost:15168]|listeners:[], old=null}
2024-10-09 00:14:41,404 [HandlerDaemon-2] INFO  server.RaftServer$Division (RaftServerImpl.java:requestVote(1443)) - s1@group-9FC63B188219: receive requestVote(PRE_VOTE, s3, group-9FC63B188219, 2, (t:2, i:2))
2024-10-09 00:14:41,404 [HandlerDaemon-2] INFO  impl.VoteContext (VoteContext.java:log(49)) - s1@group-9FC63B188219-CANDIDATE: accept PRE_VOTE from s3: our priority 0 <= candidate's priority 0
2024-10-09 00:14:41,404 [HandlerDaemon-2] INFO  server.RaftServer$Division (RaftServerImpl.java:requestVote(1476)) - s1@group-9FC63B188219 replies to PRE_VOTE vote request: s3<-s1#0:OK-t2. Peer's state: s1@group-9FC63B188219:t2, leader=null, voted=s2, raftlog=Memoized:s1@group-9FC63B188219-SegmentedRaftLog:OPENED:c2:last(t:2, i:2), conf=conf: {index: 1, cur=peers:[s3|localhost:15172, s4|localhost:15176, s0|localhost:15160, s1|localhost:15164, s2|localhost:15168]|listeners:[], old=null}
2024-10-09 00:14:41,404 [s3@group-9FC63B188219-LeaderElection21] INFO  impl.LeaderElection (LogUtils.java:infoOrTrace(136)) - s3@group-9FC63B188219-LeaderElection21 got exception when requesting votes: java.util.concurrent.ExecutionException: java.io.IOException: The peer s4 is not alive.
2024-10-09 00:14:41,404 [s3@group-9FC63B188219-LeaderElection21] INFO  impl.LeaderElection (LogUtils.java:infoOrTrace(136)) - s3@group-9FC63B188219-LeaderElection21 got exception when requesting votes: java.util.concurrent.ExecutionException: java.io.IOException: The peer s2 is not alive.
2024-10-09 00:14:41,413 [s1@group-9FC63B188219-LeaderElection20] INFO  impl.LeaderElection (LeaderElection.java:logAndReturn(90)) - s1@group-9FC63B188219-LeaderElection20: PRE_VOTE TIMEOUT received 1 response(s) and 2 exception(s):
2024-10-09 00:14:41,413 [s1@group-9FC63B188219-LeaderElection20] INFO  impl.LeaderElection (LeaderElection.java:logAndReturn(94)) -   Response 0: s1<-s3#0:OK-t2
2024-10-09 00:14:41,413 [s1@group-9FC63B188219-LeaderElection20] INFO  impl.LeaderElection (LogUtils.java:infoOrTrace(136)) -   Exception 1: java.util.concurrent.ExecutionException: java.io.IOException: The peer s4 is not alive.
2024-10-09 00:14:41,413 [s1@group-9FC63B188219-LeaderElection20] INFO  impl.LeaderElection (LogUtils.java:infoOrTrace(136)) -   Exception 2: java.util.concurrent.ExecutionException: java.io.IOException: The peer s2 is not alive.
2024-10-09 00:14:41,413 [s1@group-9FC63B188219-LeaderElection20] INFO  impl.LeaderElection (LeaderElection.java:askForVotes(339)) - s1@group-9FC63B188219-LeaderElection20 PRE_VOTE round 173: result TIMEOUT
2024-10-09 00:14:41,414 [s1@group-9FC63B188219-LeaderElection20] INFO  impl.LeaderElection (LeaderElection.java:askForVotes(337)) - s1@group-9FC63B188219-LeaderElection20 PRE_VOTE round 174: submit vote requests at term 2 for conf: {index: 1, cur=peers:[s3|localhost:15172, s4|localhost:15176, s0|localhost:15160, s1|localhost:15164, s2|localhost:15168]|listeners:[], old=null}
2024-10-09 00:14:41,414 [HandlerDaemon-0] INFO  server.RaftServer$Division (RaftServerImpl.java:requestVote(1443)) - s3@group-9FC63B188219: receive requestVote(PRE_VOTE, s1, group-9FC63B188219, 2, (t:2, i:2))
2024-10-09 00:14:41,414 [HandlerDaemon-0] INFO  impl.VoteContext (VoteContext.java:log(49)) - s3@group-9FC63B188219-CANDIDATE: accept PRE_VOTE from s1: our priority 0 <= candidate's priority 0
2024-10-09 00:14:41,414 [s1@group-9FC63B188219-LeaderElection20] INFO  impl.LeaderElection (LogUtils.java:infoOrTrace(136)) - s1@group-9FC63B188219-LeaderElection20 got exception when requesting votes: java.util.concurrent.ExecutionException: java.io.IOException: The peer s4 is not alive.
2024-10-09 00:14:41,414 [s1@group-9FC63B188219-LeaderElection20] INFO  impl.LeaderElection (LogUtils.java:infoOrTrace(136)) - s1@group-9FC63B188219-LeaderElection20 got exception when requesting votes: java.util.concurrent.ExecutionException: java.io.IOException: The peer s2 is not alive.
2024-10-09 00:14:41,414 [HandlerDaemon-0] INFO  server.RaftServer$Division (RaftServerImpl.java:requestVote(1476)) - s3@group-9FC63B188219 replies to PRE_VOTE vote request: s1<-s3#0:OK-t2. Peer's state: s3@group-9FC63B188219:t2, leader=null, voted=s2, raftlog=Memoized:s3@group-9FC63B188219-SegmentedRaftLog:OPENED:c2:last(t:2, i:2), conf=conf: {index: 1, cur=peers:[s3|localhost:15172, s4|localhost:15176, s0|localhost:15160, s1|localhost:15164, s2|localhost:15168]|listeners:[], old=null}
2024-10-09 00:14:41,430 [main] WARN  ratis.RaftTestUtil (RaftTestUtil.java:lambda$waitForLeader$3(126)) - Attempt #90 failed: java.lang.IllegalStateException: No leader yet : printing ALL groups
  s3:  RUNNING CANDIDATE s3@group-9FC63B188219:t2, leader=null, voted=s2, raftlog=Memoized:s3@group-9FC63B188219-SegmentedRaftLog:OPENED:c2:last(t:2, i:2), conf=conf: {index: 1, cur=peers:[s3|localhost:15172, s4|localhost:15176, s0|localhost:15160, s1|localhost:15164, s2|localhost:15168]|listeners:[], old=null} RUNNING
  s4:   CLOSED    LEADER s4@group-9FC63B188219:t1, leader=s4, voted=s4, raftlog=Memoized:s4@group-9FC63B188219-SegmentedRaftLog:CLOSED:c0, conf=conf: {index: 0, cur=peers:[s3|localhost:15172, s4|localhost:15176, s0|localhost:15160, s1|localhost:15164, s2|localhost:15168]|listeners:[], old=null} CLOSED
  s0:  RUNNING  FOLLOWER s0@group-9FC63B188219:t1, leader=null, voted=null, raftlog=Memoized:s0@group-9FC63B188219-SegmentedRaftLog:OPENED:c-1:lastnull, conf=conf: {index: -1, cur=peers:[s3|localhost:15172, s4|localhost:15176, s0|localhost:15160, s1|localhost:15164, s2|localhost:15168]|listeners:[], old=null} RUNNING
  s1:  RUNNING CANDIDATE s1@group-9FC63B188219:t2, leader=null, voted=s2, raftlog=Memoized:s1@group-9FC63B188219-SegmentedRaftLog:OPENED:c2:last(t:2, i:2), conf=conf: {index: 1, cur=peers:[s3|localhost:15172, s4|localhost:15176, s0|localhost:15160, s1|localhost:15164, s2|localhost:15168]|listeners:[], old=null} RUNNING
  s2:   CLOSED    LEADER s2@group-9FC63B188219:t2, leader=s2, voted=s2, raftlog=Memoized:s2@group-9FC63B188219-SegmentedRaftLog:CLOSED:c2, conf=conf: {index: 1, cur=peers:[s3|localhost:15172, s4|localhost:15176, s0|localhost:15160, s1|localhost:15164, s2|localhost:15168]|listeners:[], old=null} CLOSED
2024-10-09 00:14:41,644 [s1@group-9FC63B188219-LeaderElection20] INFO  impl.LeaderElection (LeaderElection.java:logAndReturn(90)) - s1@group-9FC63B188219-LeaderElection20: PRE_VOTE TIMEOUT received 1 response(s) and 2 exception(s):
2024-10-09 00:14:41,644 [s1@group-9FC63B188219-LeaderElection20] INFO  impl.LeaderElection (LeaderElection.java:logAndReturn(94)) -   Response 0: s1<-s3#0:OK-t2
2024-10-09 00:14:41,644 [s1@group-9FC63B188219-LeaderElection20] INFO  impl.LeaderElection (LogUtils.java:infoOrTrace(136)) -   Exception 1: java.util.concurrent.ExecutionException: java.io.IOException: The peer s4 is not alive.
2024-10-09 00:14:41,644 [s1@group-9FC63B188219-LeaderElection20] INFO  impl.LeaderElection (LogUtils.java:infoOrTrace(136)) -   Exception 2: java.util.concurrent.ExecutionException: java.io.IOException: The peer s2 is not alive.
2024-10-09 00:14:41,644 [s1@group-9FC63B188219-LeaderElection20] INFO  impl.LeaderElection (LeaderElection.java:askForVotes(339)) - s1@group-9FC63B188219-LeaderElection20 PRE_VOTE round 174: result TIMEOUT
2024-10-09 00:14:41,644 [s1@group-9FC63B188219-LeaderElection20] INFO  impl.LeaderElection (LeaderElection.java:askForVotes(337)) - s1@group-9FC63B188219-LeaderElection20 PRE_VOTE round 175: submit vote requests at term 2 for conf: {index: 1, cur=peers:[s3|localhost:15172, s4|localhost:15176, s0|localhost:15160, s1|localhost:15164, s2|localhost:15168]|listeners:[], old=null}
2024-10-09 00:14:41,645 [HandlerDaemon-1] INFO  server.RaftServer$Division (RaftServerImpl.java:requestVote(1443)) - s3@group-9FC63B188219: receive requestVote(PRE_VOTE, s1, group-9FC63B188219, 2, (t:2, i:2))
2024-10-09 00:14:41,645 [HandlerDaemon-1] INFO  impl.VoteContext (VoteContext.java:log(49)) - s3@group-9FC63B188219-CANDIDATE: accept PRE_VOTE from s1: our priority 0 <= candidate's priority 0
2024-10-09 00:14:41,645 [s1@group-9FC63B188219-LeaderElection20] INFO  impl.LeaderElection (LogUtils.java:infoOrTrace(136)) - s1@group-9FC63B188219-LeaderElection20 got exception when requesting votes: java.util.concurrent.ExecutionException: java.io.IOException: The peer s4 is not alive.
2024-10-09 00:14:41,645 [HandlerDaemon-1] INFO  server.RaftServer$Division (RaftServerImpl.java:requestVote(1476)) - s3@group-9FC63B188219 replies to PRE_VOTE vote request: s1<-s3#0:OK-t2. Peer's state: s3@group-9FC63B188219:t2, leader=null, voted=s2, raftlog=Memoized:s3@group-9FC63B188219-SegmentedRaftLog:OPENED:c2:last(t:2, i:2), conf=conf: {index: 1, cur=peers:[s3|localhost:15172, s4|localhost:15176, s0|localhost:15160, s1|localhost:15164, s2|localhost:15168]|listeners:[], old=null}
2024-10-09 00:14:41,645 [s1@group-9FC63B188219-LeaderElection20] INFO  impl.LeaderElection (LogUtils.java:infoOrTrace(136)) - s1@group-9FC63B188219-LeaderElection20 got exception when requesting votes: java.util.concurrent.ExecutionException: java.io.IOException: The peer s2 is not alive.
2024-10-09 00:14:41,691 [s3@group-9FC63B188219-LeaderElection21] INFO  impl.LeaderElection (LeaderElection.java:logAndReturn(90)) - s3@group-9FC63B188219-LeaderElection21: PRE_VOTE TIMEOUT received 1 response(s) and 2 exception(s):
2024-10-09 00:14:41,691 [s3@group-9FC63B188219-LeaderElection21] INFO  impl.LeaderElection (LeaderElection.java:logAndReturn(94)) -   Response 0: s3<-s1#0:OK-t2
2024-10-09 00:14:41,691 [s3@group-9FC63B188219-LeaderElection21] INFO  impl.LeaderElection (LogUtils.java:infoOrTrace(136)) -   Exception 1: java.util.concurrent.ExecutionException: java.io.IOException: The peer s4 is not alive.
2024-10-09 00:14:41,691 [s3@group-9FC63B188219-LeaderElection21] INFO  impl.LeaderElection (LogUtils.java:infoOrTrace(136)) -   Exception 2: java.util.concurrent.ExecutionException: java.io.IOException: The peer s2 is not alive.
2024-10-09 00:14:41,691 [s3@group-9FC63B188219-LeaderElection21] INFO  impl.LeaderElection (LeaderElection.java:askForVotes(339)) - s3@group-9FC63B188219-LeaderElection21 PRE_VOTE round 161: result TIMEOUT
2024-10-09 00:14:41,691 [s3@group-9FC63B188219-LeaderElection21] INFO  impl.LeaderElection (LeaderElection.java:askForVotes(337)) - s3@group-9FC63B188219-LeaderElection21 PRE_VOTE round 162: submit vote requests at term 2 for conf: {index: 1, cur=peers:[s3|localhost:15172, s4|localhost:15176, s0|localhost:15160, s1|localhost:15164, s2|localhost:15168]|listeners:[], old=null}
2024-10-09 00:14:41,692 [HandlerDaemon-0] INFO  server.RaftServer$Division (RaftServerImpl.java:requestVote(1443)) - s1@group-9FC63B188219: receive requestVote(PRE_VOTE, s3, group-9FC63B188219, 2, (t:2, i:2))
2024-10-09 00:14:41,692 [s3@group-9FC63B188219-LeaderElection21] INFO  impl.LeaderElection (LogUtils.java:infoOrTrace(136)) - s3@group-9FC63B188219-LeaderElection21 got exception when requesting votes: java.util.concurrent.ExecutionException: java.io.IOException: The peer s4 is not alive.
2024-10-09 00:14:41,692 [s3@group-9FC63B188219-LeaderElection21] INFO  impl.LeaderElection (LogUtils.java:infoOrTrace(136)) - s3@group-9FC63B188219-LeaderElection21 got exception when requesting votes: java.util.concurrent.ExecutionException: java.io.IOException: The peer s2 is not alive.
2024-10-09 00:14:41,692 [HandlerDaemon-0] INFO  impl.VoteContext (VoteContext.java:log(49)) - s1@group-9FC63B188219-CANDIDATE: accept PRE_VOTE from s3: our priority 0 <= candidate's priority 0
2024-10-09 00:14:41,692 [HandlerDaemon-0] INFO  server.RaftServer$Division (RaftServerImpl.java:requestVote(1476)) - s1@group-9FC63B188219 replies to PRE_VOTE vote request: s3<-s1#0:OK-t2. Peer's state: s1@group-9FC63B188219:t2, leader=null, voted=s2, raftlog=Memoized:s1@group-9FC63B188219-SegmentedRaftLog:OPENED:c2:last(t:2, i:2), conf=conf: {index: 1, cur=peers:[s3|localhost:15172, s4|localhost:15176, s0|localhost:15160, s1|localhost:15164, s2|localhost:15168]|listeners:[], old=null}
2024-10-09 00:14:41,878 [s3@group-9FC63B188219-LeaderElection21] INFO  impl.LeaderElection (LeaderElection.java:logAndReturn(90)) - s3@group-9FC63B188219-LeaderElection21: PRE_VOTE TIMEOUT received 1 response(s) and 2 exception(s):
2024-10-09 00:14:41,878 [s3@group-9FC63B188219-LeaderElection21] INFO  impl.LeaderElection (LeaderElection.java:logAndReturn(94)) -   Response 0: s3<-s1#0:OK-t2
2024-10-09 00:14:41,878 [s3@group-9FC63B188219-LeaderElection21] INFO  impl.LeaderElection (LogUtils.java:infoOrTrace(136)) -   Exception 1: java.util.concurrent.ExecutionException: java.io.IOException: The peer s4 is not alive.
2024-10-09 00:14:41,878 [s3@group-9FC63B188219-LeaderElection21] INFO  impl.LeaderElection (LogUtils.java:infoOrTrace(136)) -   Exception 2: java.util.concurrent.ExecutionException: java.io.IOException: The peer s2 is not alive.
2024-10-09 00:14:41,878 [s3@group-9FC63B188219-LeaderElection21] INFO  impl.LeaderElection (LeaderElection.java:askForVotes(339)) - s3@group-9FC63B188219-LeaderElection21 PRE_VOTE round 162: result TIMEOUT
2024-10-09 00:14:41,878 [s3@group-9FC63B188219-LeaderElection21] INFO  impl.LeaderElection (LeaderElection.java:askForVotes(337)) - s3@group-9FC63B188219-LeaderElection21 PRE_VOTE round 163: submit vote requests at term 2 for conf: {index: 1, cur=peers:[s3|localhost:15172, s4|localhost:15176, s0|localhost:15160, s1|localhost:15164, s2|localhost:15168]|listeners:[], old=null}
2024-10-09 00:14:41,879 [s3@group-9FC63B188219-LeaderElection21] INFO  impl.LeaderElection (LogUtils.java:infoOrTrace(136)) - s3@group-9FC63B188219-LeaderElection21 got exception when requesting votes: java.util.concurrent.ExecutionException: java.io.IOException: The peer s4 is not alive.
2024-10-09 00:14:41,879 [HandlerDaemon-1] INFO  server.RaftServer$Division (RaftServerImpl.java:requestVote(1443)) - s1@group-9FC63B188219: receive requestVote(PRE_VOTE, s3, group-9FC63B188219, 2, (t:2, i:2))
2024-10-09 00:14:41,879 [s3@group-9FC63B188219-LeaderElection21] INFO  impl.LeaderElection (LogUtils.java:infoOrTrace(136)) - s3@group-9FC63B188219-LeaderElection21 got exception when requesting votes: java.util.concurrent.ExecutionException: java.io.IOException: The peer s2 is not alive.
2024-10-09 00:14:41,879 [HandlerDaemon-1] INFO  impl.VoteContext (VoteContext.java:log(49)) - s1@group-9FC63B188219-CANDIDATE: accept PRE_VOTE from s3: our priority 0 <= candidate's priority 0
2024-10-09 00:14:41,879 [HandlerDaemon-1] INFO  server.RaftServer$Division (RaftServerImpl.java:requestVote(1476)) - s1@group-9FC63B188219 replies to PRE_VOTE vote request: s3<-s1#0:OK-t2. Peer's state: s1@group-9FC63B188219:t2, leader=null, voted=s2, raftlog=Memoized:s1@group-9FC63B188219-SegmentedRaftLog:OPENED:c2:last(t:2, i:2), conf=conf: {index: 1, cur=peers:[s3|localhost:15172, s4|localhost:15176, s0|localhost:15160, s1|localhost:15164, s2|localhost:15168]|listeners:[], old=null}
2024-10-09 00:14:41,881 [main] WARN  ratis.RaftTestUtil (RaftTestUtil.java:lambda$waitForLeader$3(126)) - Attempt #91 failed: java.lang.IllegalStateException: No leader yet : printing ALL groups
  s3:  RUNNING CANDIDATE s3@group-9FC63B188219:t2, leader=null, voted=s2, raftlog=Memoized:s3@group-9FC63B188219-SegmentedRaftLog:OPENED:c2:last(t:2, i:2), conf=conf: {index: 1, cur=peers:[s3|localhost:15172, s4|localhost:15176, s0|localhost:15160, s1|localhost:15164, s2|localhost:15168]|listeners:[], old=null} RUNNING
  s4:   CLOSED    LEADER s4@group-9FC63B188219:t1, leader=s4, voted=s4, raftlog=Memoized:s4@group-9FC63B188219-SegmentedRaftLog:CLOSED:c0, conf=conf: {index: 0, cur=peers:[s3|localhost:15172, s4|localhost:15176, s0|localhost:15160, s1|localhost:15164, s2|localhost:15168]|listeners:[], old=null} CLOSED
  s0:  RUNNING  FOLLOWER s0@group-9FC63B188219:t1, leader=null, voted=null, raftlog=Memoized:s0@group-9FC63B188219-SegmentedRaftLog:OPENED:c-1:lastnull, conf=conf: {index: -1, cur=peers:[s3|localhost:15172, s4|localhost:15176, s0|localhost:15160, s1|localhost:15164, s2|localhost:15168]|listeners:[], old=null} RUNNING
  s1:  RUNNING CANDIDATE s1@group-9FC63B188219:t2, leader=null, voted=s2, raftlog=Memoized:s1@group-9FC63B188219-SegmentedRaftLog:OPENED:c2:last(t:2, i:2), conf=conf: {index: 1, cur=peers:[s3|localhost:15172, s4|localhost:15176, s0|localhost:15160, s1|localhost:15164, s2|localhost:15168]|listeners:[], old=null} RUNNING
  s2:   CLOSED    LEADER s2@group-9FC63B188219:t2, leader=s2, voted=s2, raftlog=Memoized:s2@group-9FC63B188219-SegmentedRaftLog:CLOSED:c2, conf=conf: {index: 1, cur=peers:[s3|localhost:15172, s4|localhost:15176, s0|localhost:15160, s1|localhost:15164, s2|localhost:15168]|listeners:[], old=null} CLOSED
2024-10-09 00:14:41,916 [s1@group-9FC63B188219-LeaderElection20] INFO  impl.LeaderElection (LeaderElection.java:logAndReturn(90)) - s1@group-9FC63B188219-LeaderElection20: PRE_VOTE TIMEOUT received 1 response(s) and 2 exception(s):
2024-10-09 00:14:41,916 [s1@group-9FC63B188219-LeaderElection20] INFO  impl.LeaderElection (LeaderElection.java:logAndReturn(94)) -   Response 0: s1<-s3#0:OK-t2
2024-10-09 00:14:41,916 [s1@group-9FC63B188219-LeaderElection20] INFO  impl.LeaderElection (LogUtils.java:infoOrTrace(136)) -   Exception 1: java.util.concurrent.ExecutionException: java.io.IOException: The peer s4 is not alive.
2024-10-09 00:14:41,916 [s1@group-9FC63B188219-LeaderElection20] INFO  impl.LeaderElection (LogUtils.java:infoOrTrace(136)) -   Exception 2: java.util.concurrent.ExecutionException: java.io.IOException: The peer s2 is not alive.
2024-10-09 00:14:41,916 [s1@group-9FC63B188219-LeaderElection20] INFO  impl.LeaderElection (LeaderElection.java:askForVotes(339)) - s1@group-9FC63B188219-LeaderElection20 PRE_VOTE round 175: result TIMEOUT
2024-10-09 00:14:41,916 [s1@group-9FC63B188219-LeaderElection20] INFO  impl.LeaderElection (LeaderElection.java:askForVotes(337)) - s1@group-9FC63B188219-LeaderElection20 PRE_VOTE round 176: submit vote requests at term 2 for conf: {index: 1, cur=peers:[s3|localhost:15172, s4|localhost:15176, s0|localhost:15160, s1|localhost:15164, s2|localhost:15168]|listeners:[], old=null}
2024-10-09 00:14:41,916 [HandlerDaemon-2] INFO  server.RaftServer$Division (RaftServerImpl.java:requestVote(1443)) - s3@group-9FC63B188219: receive requestVote(PRE_VOTE, s1, group-9FC63B188219, 2, (t:2, i:2))
2024-10-09 00:14:41,916 [HandlerDaemon-2] INFO  impl.VoteContext (VoteContext.java:log(49)) - s3@group-9FC63B188219-CANDIDATE: accept PRE_VOTE from s1: our priority 0 <= candidate's priority 0
2024-10-09 00:14:41,916 [HandlerDaemon-2] INFO  server.RaftServer$Division (RaftServerImpl.java:requestVote(1476)) - s3@group-9FC63B188219 replies to PRE_VOTE vote request: s1<-s3#0:OK-t2. Peer's state: s3@group-9FC63B188219:t2, leader=null, voted=s2, raftlog=Memoized:s3@group-9FC63B188219-SegmentedRaftLog:OPENED:c2:last(t:2, i:2), conf=conf: {index: 1, cur=peers:[s3|localhost:15172, s4|localhost:15176, s0|localhost:15160, s1|localhost:15164, s2|localhost:15168]|listeners:[], old=null}
2024-10-09 00:14:41,916 [s1@group-9FC63B188219-LeaderElection20] INFO  impl.LeaderElection (LogUtils.java:infoOrTrace(136)) - s1@group-9FC63B188219-LeaderElection20 got exception when requesting votes: java.util.concurrent.ExecutionException: java.io.IOException: The peer s4 is not alive.
2024-10-09 00:14:41,917 [s1@group-9FC63B188219-LeaderElection20] INFO  impl.LeaderElection (LogUtils.java:infoOrTrace(136)) - s1@group-9FC63B188219-LeaderElection20 got exception when requesting votes: java.util.concurrent.ExecutionException: java.io.IOException: The peer s2 is not alive.
2024-10-09 00:14:42,067 [s3@group-9FC63B188219-LeaderElection21] INFO  impl.LeaderElection (LeaderElection.java:logAndReturn(90)) - s3@group-9FC63B188219-LeaderElection21: PRE_VOTE TIMEOUT received 1 response(s) and 2 exception(s):
2024-10-09 00:14:42,067 [s3@group-9FC63B188219-LeaderElection21] INFO  impl.LeaderElection (LeaderElection.java:logAndReturn(94)) -   Response 0: s3<-s1#0:OK-t2
2024-10-09 00:14:42,067 [s3@group-9FC63B188219-LeaderElection21] INFO  impl.LeaderElection (LogUtils.java:infoOrTrace(136)) -   Exception 1: java.util.concurrent.ExecutionException: java.io.IOException: The peer s4 is not alive.
2024-10-09 00:14:42,067 [s3@group-9FC63B188219-LeaderElection21] INFO  impl.LeaderElection (LogUtils.java:infoOrTrace(136)) -   Exception 2: java.util.concurrent.ExecutionException: java.io.IOException: The peer s2 is not alive.
2024-10-09 00:14:42,067 [s3@group-9FC63B188219-LeaderElection21] INFO  impl.LeaderElection (LeaderElection.java:askForVotes(339)) - s3@group-9FC63B188219-LeaderElection21 PRE_VOTE round 163: result TIMEOUT
2024-10-09 00:14:42,067 [s3@group-9FC63B188219-LeaderElection21] INFO  impl.LeaderElection (LeaderElection.java:askForVotes(337)) - s3@group-9FC63B188219-LeaderElection21 PRE_VOTE round 164: submit vote requests at term 2 for conf: {index: 1, cur=peers:[s3|localhost:15172, s4|localhost:15176, s0|localhost:15160, s1|localhost:15164, s2|localhost:15168]|listeners:[], old=null}
2024-10-09 00:14:42,067 [HandlerDaemon-2] INFO  server.RaftServer$Division (RaftServerImpl.java:requestVote(1443)) - s1@group-9FC63B188219: receive requestVote(PRE_VOTE, s3, group-9FC63B188219, 2, (t:2, i:2))
2024-10-09 00:14:42,067 [s3@group-9FC63B188219-LeaderElection21] INFO  impl.LeaderElection (LogUtils.java:infoOrTrace(136)) - s3@group-9FC63B188219-LeaderElection21 got exception when requesting votes: java.util.concurrent.ExecutionException: java.io.IOException: The peer s4 is not alive.
2024-10-09 00:14:42,067 [HandlerDaemon-2] INFO  impl.VoteContext (VoteContext.java:log(49)) - s1@group-9FC63B188219-CANDIDATE: accept PRE_VOTE from s3: our priority 0 <= candidate's priority 0
2024-10-09 00:14:42,068 [s3@group-9FC63B188219-LeaderElection21] INFO  impl.LeaderElection (LogUtils.java:infoOrTrace(136)) - s3@group-9FC63B188219-LeaderElection21 got exception when requesting votes: java.util.concurrent.ExecutionException: java.io.IOException: The peer s2 is not alive.
2024-10-09 00:14:42,068 [HandlerDaemon-2] INFO  server.RaftServer$Division (RaftServerImpl.java:requestVote(1476)) - s1@group-9FC63B188219 replies to PRE_VOTE vote request: s3<-s1#0:OK-t2. Peer's state: s1@group-9FC63B188219:t2, leader=null, voted=s2, raftlog=Memoized:s1@group-9FC63B188219-SegmentedRaftLog:OPENED:c2:last(t:2, i:2), conf=conf: {index: 1, cur=peers:[s3|localhost:15172, s4|localhost:15176, s0|localhost:15160, s1|localhost:15164, s2|localhost:15168]|listeners:[], old=null}
2024-10-09 00:14:42,102 [s1@group-9FC63B188219-LeaderElection20] INFO  impl.LeaderElection (LeaderElection.java:logAndReturn(90)) - s1@group-9FC63B188219-LeaderElection20: PRE_VOTE TIMEOUT received 1 response(s) and 2 exception(s):
2024-10-09 00:14:42,102 [s1@group-9FC63B188219-LeaderElection20] INFO  impl.LeaderElection (LeaderElection.java:logAndReturn(94)) -   Response 0: s1<-s3#0:OK-t2
2024-10-09 00:14:42,102 [s1@group-9FC63B188219-LeaderElection20] INFO  impl.LeaderElection (LogUtils.java:infoOrTrace(136)) -   Exception 1: java.util.concurrent.ExecutionException: java.io.IOException: The peer s4 is not alive.
2024-10-09 00:14:42,102 [s1@group-9FC63B188219-LeaderElection20] INFO  impl.LeaderElection (LogUtils.java:infoOrTrace(136)) -   Exception 2: java.util.concurrent.ExecutionException: java.io.IOException: The peer s2 is not alive.
2024-10-09 00:14:42,102 [s1@group-9FC63B188219-LeaderElection20] INFO  impl.LeaderElection (LeaderElection.java:askForVotes(339)) - s1@group-9FC63B188219-LeaderElection20 PRE_VOTE round 176: result TIMEOUT
2024-10-09 00:14:42,102 [s1@group-9FC63B188219-LeaderElection20] INFO  impl.LeaderElection (LeaderElection.java:askForVotes(337)) - s1@group-9FC63B188219-LeaderElection20 PRE_VOTE round 177: submit vote requests at term 2 for conf: {index: 1, cur=peers:[s3|localhost:15172, s4|localhost:15176, s0|localhost:15160, s1|localhost:15164, s2|localhost:15168]|listeners:[], old=null}
2024-10-09 00:14:42,102 [HandlerDaemon-0] INFO  server.RaftServer$Division (RaftServerImpl.java:requestVote(1443)) - s3@group-9FC63B188219: receive requestVote(PRE_VOTE, s1, group-9FC63B188219, 2, (t:2, i:2))
2024-10-09 00:14:42,102 [s1@group-9FC63B188219-LeaderElection20] INFO  impl.LeaderElection (LogUtils.java:infoOrTrace(136)) - s1@group-9FC63B188219-LeaderElection20 got exception when requesting votes: java.util.concurrent.ExecutionException: java.io.IOException: The peer s4 is not alive.
2024-10-09 00:14:42,102 [HandlerDaemon-0] INFO  impl.VoteContext (VoteContext.java:log(49)) - s3@group-9FC63B188219-CANDIDATE: accept PRE_VOTE from s1: our priority 0 <= candidate's priority 0
2024-10-09 00:14:42,102 [s1@group-9FC63B188219-LeaderElection20] INFO  impl.LeaderElection (LogUtils.java:infoOrTrace(136)) - s1@group-9FC63B188219-LeaderElection20 got exception when requesting votes: java.util.concurrent.ExecutionException: java.io.IOException: The peer s2 is not alive.
2024-10-09 00:14:42,103 [HandlerDaemon-0] INFO  server.RaftServer$Division (RaftServerImpl.java:requestVote(1476)) - s3@group-9FC63B188219 replies to PRE_VOTE vote request: s1<-s3#0:OK-t2. Peer's state: s3@group-9FC63B188219:t2, leader=null, voted=s2, raftlog=Memoized:s3@group-9FC63B188219-SegmentedRaftLog:OPENED:c2:last(t:2, i:2), conf=conf: {index: 1, cur=peers:[s3|localhost:15172, s4|localhost:15176, s0|localhost:15160, s1|localhost:15164, s2|localhost:15168]|listeners:[], old=null}
2024-10-09 00:14:42,303 [s3@group-9FC63B188219-LeaderElection21] INFO  impl.LeaderElection (LeaderElection.java:logAndReturn(90)) - s3@group-9FC63B188219-LeaderElection21: PRE_VOTE TIMEOUT received 1 response(s) and 2 exception(s):
2024-10-09 00:14:42,303 [s3@group-9FC63B188219-LeaderElection21] INFO  impl.LeaderElection (LeaderElection.java:logAndReturn(94)) -   Response 0: s3<-s1#0:OK-t2
2024-10-09 00:14:42,303 [s3@group-9FC63B188219-LeaderElection21] INFO  impl.LeaderElection (LogUtils.java:infoOrTrace(136)) -   Exception 1: java.util.concurrent.ExecutionException: java.io.IOException: The peer s4 is not alive.
2024-10-09 00:14:42,303 [s3@group-9FC63B188219-LeaderElection21] INFO  impl.LeaderElection (LogUtils.java:infoOrTrace(136)) -   Exception 2: java.util.concurrent.ExecutionException: java.io.IOException: The peer s2 is not alive.
2024-10-09 00:14:42,303 [s3@group-9FC63B188219-LeaderElection21] INFO  impl.LeaderElection (LeaderElection.java:askForVotes(339)) - s3@group-9FC63B188219-LeaderElection21 PRE_VOTE round 164: result TIMEOUT
2024-10-09 00:14:42,303 [s3@group-9FC63B188219-LeaderElection21] INFO  impl.LeaderElection (LeaderElection.java:askForVotes(337)) - s3@group-9FC63B188219-LeaderElection21 PRE_VOTE round 165: submit vote requests at term 2 for conf: {index: 1, cur=peers:[s3|localhost:15172, s4|localhost:15176, s0|localhost:15160, s1|localhost:15164, s2|localhost:15168]|listeners:[], old=null}
2024-10-09 00:14:42,303 [s3@group-9FC63B188219-LeaderElection21] INFO  impl.LeaderElection (LogUtils.java:infoOrTrace(136)) - s3@group-9FC63B188219-LeaderElection21 got exception when requesting votes: java.util.concurrent.ExecutionException: java.io.IOException: The peer s4 is not alive.
2024-10-09 00:14:42,303 [s3@group-9FC63B188219-LeaderElection21] INFO  impl.LeaderElection (LogUtils.java:infoOrTrace(136)) - s3@group-9FC63B188219-LeaderElection21 got exception when requesting votes: java.util.concurrent.ExecutionException: java.io.IOException: The peer s2 is not alive.
2024-10-09 00:14:42,303 [HandlerDaemon-0] INFO  server.RaftServer$Division (RaftServerImpl.java:requestVote(1443)) - s1@group-9FC63B188219: receive requestVote(PRE_VOTE, s3, group-9FC63B188219, 2, (t:2, i:2))
2024-10-09 00:14:42,303 [HandlerDaemon-0] INFO  impl.VoteContext (VoteContext.java:log(49)) - s1@group-9FC63B188219-CANDIDATE: accept PRE_VOTE from s3: our priority 0 <= candidate's priority 0
2024-10-09 00:14:42,303 [HandlerDaemon-0] INFO  server.RaftServer$Division (RaftServerImpl.java:requestVote(1476)) - s1@group-9FC63B188219 replies to PRE_VOTE vote request: s3<-s1#0:OK-t2. Peer's state: s1@group-9FC63B188219:t2, leader=null, voted=s2, raftlog=Memoized:s1@group-9FC63B188219-SegmentedRaftLog:OPENED:c2:last(t:2, i:2), conf=conf: {index: 1, cur=peers:[s3|localhost:15172, s4|localhost:15176, s0|localhost:15160, s1|localhost:15164, s2|localhost:15168]|listeners:[], old=null}
2024-10-09 00:14:42,318 [s1@group-9FC63B188219-LeaderElection20] INFO  impl.LeaderElection (LeaderElection.java:logAndReturn(90)) - s1@group-9FC63B188219-LeaderElection20: PRE_VOTE TIMEOUT received 1 response(s) and 2 exception(s):
2024-10-09 00:14:42,318 [s1@group-9FC63B188219-LeaderElection20] INFO  impl.LeaderElection (LeaderElection.java:logAndReturn(94)) -   Response 0: s1<-s3#0:OK-t2
2024-10-09 00:14:42,318 [s1@group-9FC63B188219-LeaderElection20] INFO  impl.LeaderElection (LogUtils.java:infoOrTrace(136)) -   Exception 1: java.util.concurrent.ExecutionException: java.io.IOException: The peer s4 is not alive.
2024-10-09 00:14:42,318 [s1@group-9FC63B188219-LeaderElection20] INFO  impl.LeaderElection (LogUtils.java:infoOrTrace(136)) -   Exception 2: java.util.concurrent.ExecutionException: java.io.IOException: The peer s2 is not alive.
2024-10-09 00:14:42,319 [s1@group-9FC63B188219-LeaderElection20] INFO  impl.LeaderElection (LeaderElection.java:askForVotes(339)) - s1@group-9FC63B188219-LeaderElection20 PRE_VOTE round 177: result TIMEOUT
2024-10-09 00:14:42,319 [s1@group-9FC63B188219-LeaderElection20] INFO  impl.LeaderElection (LeaderElection.java:askForVotes(337)) - s1@group-9FC63B188219-LeaderElection20 PRE_VOTE round 178: submit vote requests at term 2 for conf: {index: 1, cur=peers:[s3|localhost:15172, s4|localhost:15176, s0|localhost:15160, s1|localhost:15164, s2|localhost:15168]|listeners:[], old=null}
2024-10-09 00:14:42,319 [HandlerDaemon-1] INFO  server.RaftServer$Division (RaftServerImpl.java:requestVote(1443)) - s3@group-9FC63B188219: receive requestVote(PRE_VOTE, s1, group-9FC63B188219, 2, (t:2, i:2))
2024-10-09 00:14:42,319 [HandlerDaemon-1] INFO  impl.VoteContext (VoteContext.java:log(49)) - s3@group-9FC63B188219-CANDIDATE: accept PRE_VOTE from s1: our priority 0 <= candidate's priority 0
2024-10-09 00:14:42,319 [HandlerDaemon-1] INFO  server.RaftServer$Division (RaftServerImpl.java:requestVote(1476)) - s3@group-9FC63B188219 replies to PRE_VOTE vote request: s1<-s3#0:OK-t2. Peer's state: s3@group-9FC63B188219:t2, leader=null, voted=s2, raftlog=Memoized:s3@group-9FC63B188219-SegmentedRaftLog:OPENED:c2:last(t:2, i:2), conf=conf: {index: 1, cur=peers:[s3|localhost:15172, s4|localhost:15176, s0|localhost:15160, s1|localhost:15164, s2|localhost:15168]|listeners:[], old=null}
2024-10-09 00:14:42,319 [s1@group-9FC63B188219-LeaderElection20] INFO  impl.LeaderElection (LogUtils.java:infoOrTrace(136)) - s1@group-9FC63B188219-LeaderElection20 got exception when requesting votes: java.util.concurrent.ExecutionException: java.io.IOException: The peer s4 is not alive.
2024-10-09 00:14:42,319 [s1@group-9FC63B188219-LeaderElection20] INFO  impl.LeaderElection (LogUtils.java:infoOrTrace(136)) - s1@group-9FC63B188219-LeaderElection20 got exception when requesting votes: java.util.concurrent.ExecutionException: java.io.IOException: The peer s2 is not alive.
2024-10-09 00:14:42,331 [main] WARN  ratis.RaftTestUtil (RaftTestUtil.java:lambda$waitForLeader$3(126)) - Attempt #92 failed: java.lang.IllegalStateException: No leader yet : printing ALL groups
  s3:  RUNNING CANDIDATE s3@group-9FC63B188219:t2, leader=null, voted=s2, raftlog=Memoized:s3@group-9FC63B188219-SegmentedRaftLog:OPENED:c2:last(t:2, i:2), conf=conf: {index: 1, cur=peers:[s3|localhost:15172, s4|localhost:15176, s0|localhost:15160, s1|localhost:15164, s2|localhost:15168]|listeners:[], old=null} RUNNING
  s4:   CLOSED    LEADER s4@group-9FC63B188219:t1, leader=s4, voted=s4, raftlog=Memoized:s4@group-9FC63B188219-SegmentedRaftLog:CLOSED:c0, conf=conf: {index: 0, cur=peers:[s3|localhost:15172, s4|localhost:15176, s0|localhost:15160, s1|localhost:15164, s2|localhost:15168]|listeners:[], old=null} CLOSED
  s0:  RUNNING  FOLLOWER s0@group-9FC63B188219:t1, leader=null, voted=null, raftlog=Memoized:s0@group-9FC63B188219-SegmentedRaftLog:OPENED:c-1:lastnull, conf=conf: {index: -1, cur=peers:[s3|localhost:15172, s4|localhost:15176, s0|localhost:15160, s1|localhost:15164, s2|localhost:15168]|listeners:[], old=null} RUNNING
  s1:  RUNNING CANDIDATE s1@group-9FC63B188219:t2, leader=null, voted=s2, raftlog=Memoized:s1@group-9FC63B188219-SegmentedRaftLog:OPENED:c2:last(t:2, i:2), conf=conf: {index: 1, cur=peers:[s3|localhost:15172, s4|localhost:15176, s0|localhost:15160, s1|localhost:15164, s2|localhost:15168]|listeners:[], old=null} RUNNING
  s2:   CLOSED    LEADER s2@group-9FC63B188219:t2, leader=s2, voted=s2, raftlog=Memoized:s2@group-9FC63B188219-SegmentedRaftLog:CLOSED:c2, conf=conf: {index: 1, cur=peers:[s3|localhost:15172, s4|localhost:15176, s0|localhost:15160, s1|localhost:15164, s2|localhost:15168]|listeners:[], old=null} CLOSED
2024-10-09 00:14:42,467 [s3@group-9FC63B188219-LeaderElection21] INFO  impl.LeaderElection (LeaderElection.java:logAndReturn(90)) - s3@group-9FC63B188219-LeaderElection21: PRE_VOTE TIMEOUT received 1 response(s) and 2 exception(s):
2024-10-09 00:14:42,467 [s3@group-9FC63B188219-LeaderElection21] INFO  impl.LeaderElection (LeaderElection.java:logAndReturn(94)) -   Response 0: s3<-s1#0:OK-t2
2024-10-09 00:14:42,467 [s3@group-9FC63B188219-LeaderElection21] INFO  impl.LeaderElection (LogUtils.java:infoOrTrace(136)) -   Exception 1: java.util.concurrent.ExecutionException: java.io.IOException: The peer s4 is not alive.
2024-10-09 00:14:42,467 [s3@group-9FC63B188219-LeaderElection21] INFO  impl.LeaderElection (LogUtils.java:infoOrTrace(136)) -   Exception 2: java.util.concurrent.ExecutionException: java.io.IOException: The peer s2 is not alive.
2024-10-09 00:14:42,468 [s3@group-9FC63B188219-LeaderElection21] INFO  impl.LeaderElection (LeaderElection.java:askForVotes(339)) - s3@group-9FC63B188219-LeaderElection21 PRE_VOTE round 165: result TIMEOUT
2024-10-09 00:14:42,468 [s3@group-9FC63B188219-LeaderElection21] INFO  impl.LeaderElection (LeaderElection.java:askForVotes(337)) - s3@group-9FC63B188219-LeaderElection21 PRE_VOTE round 166: submit vote requests at term 2 for conf: {index: 1, cur=peers:[s3|localhost:15172, s4|localhost:15176, s0|localhost:15160, s1|localhost:15164, s2|localhost:15168]|listeners:[], old=null}
2024-10-09 00:14:42,468 [s3@group-9FC63B188219-LeaderElection21] INFO  impl.LeaderElection (LogUtils.java:infoOrTrace(136)) - s3@group-9FC63B188219-LeaderElection21 got exception when requesting votes: java.util.concurrent.ExecutionException: java.io.IOException: The peer s4 is not alive.
2024-10-09 00:14:42,468 [HandlerDaemon-1] INFO  server.RaftServer$Division (RaftServerImpl.java:requestVote(1443)) - s1@group-9FC63B188219: receive requestVote(PRE_VOTE, s3, group-9FC63B188219, 2, (t:2, i:2))
2024-10-09 00:14:42,468 [s3@group-9FC63B188219-LeaderElection21] INFO  impl.LeaderElection (LogUtils.java:infoOrTrace(136)) - s3@group-9FC63B188219-LeaderElection21 got exception when requesting votes: java.util.concurrent.ExecutionException: java.io.IOException: The peer s2 is not alive.
2024-10-09 00:14:42,468 [HandlerDaemon-1] INFO  impl.VoteContext (VoteContext.java:log(49)) - s1@group-9FC63B188219-CANDIDATE: accept PRE_VOTE from s3: our priority 0 <= candidate's priority 0
2024-10-09 00:14:42,468 [HandlerDaemon-1] INFO  server.RaftServer$Division (RaftServerImpl.java:requestVote(1476)) - s1@group-9FC63B188219 replies to PRE_VOTE vote request: s3<-s1#0:OK-t2. Peer's state: s1@group-9FC63B188219:t2, leader=null, voted=s2, raftlog=Memoized:s1@group-9FC63B188219-SegmentedRaftLog:OPENED:c2:last(t:2, i:2), conf=conf: {index: 1, cur=peers:[s3|localhost:15172, s4|localhost:15176, s0|localhost:15160, s1|localhost:15164, s2|localhost:15168]|listeners:[], old=null}
2024-10-09 00:14:42,535 [s1@group-9FC63B188219-LeaderElection20] INFO  impl.LeaderElection (LeaderElection.java:logAndReturn(90)) - s1@group-9FC63B188219-LeaderElection20: PRE_VOTE TIMEOUT received 1 response(s) and 2 exception(s):
2024-10-09 00:14:42,535 [s1@group-9FC63B188219-LeaderElection20] INFO  impl.LeaderElection (LeaderElection.java:logAndReturn(94)) -   Response 0: s1<-s3#0:OK-t2
2024-10-09 00:14:42,535 [s1@group-9FC63B188219-LeaderElection20] INFO  impl.LeaderElection (LogUtils.java:infoOrTrace(136)) -   Exception 1: java.util.concurrent.ExecutionException: java.io.IOException: The peer s4 is not alive.
2024-10-09 00:14:42,535 [s1@group-9FC63B188219-LeaderElection20] INFO  impl.LeaderElection (LogUtils.java:infoOrTrace(136)) -   Exception 2: java.util.concurrent.ExecutionException: java.io.IOException: The peer s2 is not alive.
2024-10-09 00:14:42,535 [s1@group-9FC63B188219-LeaderElection20] INFO  impl.LeaderElection (LeaderElection.java:askForVotes(339)) - s1@group-9FC63B188219-LeaderElection20 PRE_VOTE round 178: result TIMEOUT
2024-10-09 00:14:42,535 [s1@group-9FC63B188219-LeaderElection20] INFO  impl.LeaderElection (LeaderElection.java:askForVotes(337)) - s1@group-9FC63B188219-LeaderElection20 PRE_VOTE round 179: submit vote requests at term 2 for conf: {index: 1, cur=peers:[s3|localhost:15172, s4|localhost:15176, s0|localhost:15160, s1|localhost:15164, s2|localhost:15168]|listeners:[], old=null}
2024-10-09 00:14:42,536 [HandlerDaemon-2] INFO  server.RaftServer$Division (RaftServerImpl.java:requestVote(1443)) - s3@group-9FC63B188219: receive requestVote(PRE_VOTE, s1, group-9FC63B188219, 2, (t:2, i:2))
2024-10-09 00:14:42,536 [HandlerDaemon-2] INFO  impl.VoteContext (VoteContext.java:log(49)) - s3@group-9FC63B188219-CANDIDATE: accept PRE_VOTE from s1: our priority 0 <= candidate's priority 0
2024-10-09 00:14:42,536 [s1@group-9FC63B188219-LeaderElection20] INFO  impl.LeaderElection (LogUtils.java:infoOrTrace(136)) - s1@group-9FC63B188219-LeaderElection20 got exception when requesting votes: java.util.concurrent.ExecutionException: java.io.IOException: The peer s4 is not alive.
2024-10-09 00:14:42,536 [s1@group-9FC63B188219-LeaderElection20] INFO  impl.LeaderElection (LogUtils.java:infoOrTrace(136)) - s1@group-9FC63B188219-LeaderElection20 got exception when requesting votes: java.util.concurrent.ExecutionException: java.io.IOException: The peer s2 is not alive.
2024-10-09 00:14:42,536 [HandlerDaemon-2] INFO  server.RaftServer$Division (RaftServerImpl.java:requestVote(1476)) - s3@group-9FC63B188219 replies to PRE_VOTE vote request: s1<-s3#0:OK-t2. Peer's state: s3@group-9FC63B188219:t2, leader=null, voted=s2, raftlog=Memoized:s3@group-9FC63B188219-SegmentedRaftLog:OPENED:c2:last(t:2, i:2), conf=conf: {index: 1, cur=peers:[s3|localhost:15172, s4|localhost:15176, s0|localhost:15160, s1|localhost:15164, s2|localhost:15168]|listeners:[], old=null}
2024-10-09 00:14:42,696 [s3@group-9FC63B188219-LeaderElection21] INFO  impl.LeaderElection (LeaderElection.java:logAndReturn(90)) - s3@group-9FC63B188219-LeaderElection21: PRE_VOTE TIMEOUT received 1 response(s) and 2 exception(s):
2024-10-09 00:14:42,696 [s3@group-9FC63B188219-LeaderElection21] INFO  impl.LeaderElection (LeaderElection.java:logAndReturn(94)) -   Response 0: s3<-s1#0:OK-t2
2024-10-09 00:14:42,696 [s3@group-9FC63B188219-LeaderElection21] INFO  impl.LeaderElection (LogUtils.java:infoOrTrace(136)) -   Exception 1: java.util.concurrent.ExecutionException: java.io.IOException: The peer s4 is not alive.
2024-10-09 00:14:42,696 [s3@group-9FC63B188219-LeaderElection21] INFO  impl.LeaderElection (LogUtils.java:infoOrTrace(136)) -   Exception 2: java.util.concurrent.ExecutionException: java.io.IOException: The peer s2 is not alive.
2024-10-09 00:14:42,696 [s3@group-9FC63B188219-LeaderElection21] INFO  impl.LeaderElection (LeaderElection.java:askForVotes(339)) - s3@group-9FC63B188219-LeaderElection21 PRE_VOTE round 166: result TIMEOUT
2024-10-09 00:14:42,696 [s3@group-9FC63B188219-LeaderElection21] INFO  impl.LeaderElection (LeaderElection.java:askForVotes(337)) - s3@group-9FC63B188219-LeaderElection21 PRE_VOTE round 167: submit vote requests at term 2 for conf: {index: 1, cur=peers:[s3|localhost:15172, s4|localhost:15176, s0|localhost:15160, s1|localhost:15164, s2|localhost:15168]|listeners:[], old=null}
2024-10-09 00:14:42,697 [s3@group-9FC63B188219-LeaderElection21] INFO  impl.LeaderElection (LogUtils.java:infoOrTrace(136)) - s3@group-9FC63B188219-LeaderElection21 got exception when requesting votes: java.util.concurrent.ExecutionException: java.io.IOException: The peer s4 is not alive.
2024-10-09 00:14:42,697 [s3@group-9FC63B188219-LeaderElection21] INFO  impl.LeaderElection (LogUtils.java:infoOrTrace(136)) - s3@group-9FC63B188219-LeaderElection21 got exception when requesting votes: java.util.concurrent.ExecutionException: java.io.IOException: The peer s2 is not alive.
2024-10-09 00:14:42,697 [HandlerDaemon-2] INFO  server.RaftServer$Division (RaftServerImpl.java:requestVote(1443)) - s1@group-9FC63B188219: receive requestVote(PRE_VOTE, s3, group-9FC63B188219, 2, (t:2, i:2))
2024-10-09 00:14:42,697 [HandlerDaemon-2] INFO  impl.VoteContext (VoteContext.java:log(49)) - s1@group-9FC63B188219-CANDIDATE: accept PRE_VOTE from s3: our priority 0 <= candidate's priority 0
2024-10-09 00:14:42,697 [HandlerDaemon-2] INFO  server.RaftServer$Division (RaftServerImpl.java:requestVote(1476)) - s1@group-9FC63B188219 replies to PRE_VOTE vote request: s3<-s1#0:OK-t2. Peer's state: s1@group-9FC63B188219:t2, leader=null, voted=s2, raftlog=Memoized:s1@group-9FC63B188219-SegmentedRaftLog:OPENED:c2:last(t:2, i:2), conf=conf: {index: 1, cur=peers:[s3|localhost:15172, s4|localhost:15176, s0|localhost:15160, s1|localhost:15164, s2|localhost:15168]|listeners:[], old=null}
2024-10-09 00:14:42,714 [s1@group-9FC63B188219-LeaderElection20] INFO  impl.LeaderElection (LeaderElection.java:logAndReturn(90)) - s1@group-9FC63B188219-LeaderElection20: PRE_VOTE TIMEOUT received 1 response(s) and 2 exception(s):
2024-10-09 00:14:42,714 [s1@group-9FC63B188219-LeaderElection20] INFO  impl.LeaderElection (LeaderElection.java:logAndReturn(94)) -   Response 0: s1<-s3#0:OK-t2
2024-10-09 00:14:42,714 [s1@group-9FC63B188219-LeaderElection20] INFO  impl.LeaderElection (LogUtils.java:infoOrTrace(136)) -   Exception 1: java.util.concurrent.ExecutionException: java.io.IOException: The peer s4 is not alive.
2024-10-09 00:14:42,714 [s1@group-9FC63B188219-LeaderElection20] INFO  impl.LeaderElection (LogUtils.java:infoOrTrace(136)) -   Exception 2: java.util.concurrent.ExecutionException: java.io.IOException: The peer s2 is not alive.
2024-10-09 00:14:42,714 [s1@group-9FC63B188219-LeaderElection20] INFO  impl.LeaderElection (LeaderElection.java:askForVotes(339)) - s1@group-9FC63B188219-LeaderElection20 PRE_VOTE round 179: result TIMEOUT
2024-10-09 00:14:42,714 [s1@group-9FC63B188219-LeaderElection20] INFO  impl.LeaderElection (LeaderElection.java:askForVotes(337)) - s1@group-9FC63B188219-LeaderElection20 PRE_VOTE round 180: submit vote requests at term 2 for conf: {index: 1, cur=peers:[s3|localhost:15172, s4|localhost:15176, s0|localhost:15160, s1|localhost:15164, s2|localhost:15168]|listeners:[], old=null}
2024-10-09 00:14:42,715 [HandlerDaemon-0] INFO  server.RaftServer$Division (RaftServerImpl.java:requestVote(1443)) - s3@group-9FC63B188219: receive requestVote(PRE_VOTE, s1, group-9FC63B188219, 2, (t:2, i:2))
2024-10-09 00:14:42,715 [HandlerDaemon-0] INFO  impl.VoteContext (VoteContext.java:log(49)) - s3@group-9FC63B188219-CANDIDATE: accept PRE_VOTE from s1: our priority 0 <= candidate's priority 0
2024-10-09 00:14:42,715 [HandlerDaemon-0] INFO  server.RaftServer$Division (RaftServerImpl.java:requestVote(1476)) - s3@group-9FC63B188219 replies to PRE_VOTE vote request: s1<-s3#0:OK-t2. Peer's state: s3@group-9FC63B188219:t2, leader=null, voted=s2, raftlog=Memoized:s3@group-9FC63B188219-SegmentedRaftLog:OPENED:c2:last(t:2, i:2), conf=conf: {index: 1, cur=peers:[s3|localhost:15172, s4|localhost:15176, s0|localhost:15160, s1|localhost:15164, s2|localhost:15168]|listeners:[], old=null}
2024-10-09 00:14:42,715 [s1@group-9FC63B188219-LeaderElection20] INFO  impl.LeaderElection (LogUtils.java:infoOrTrace(136)) - s1@group-9FC63B188219-LeaderElection20 got exception when requesting votes: java.util.concurrent.ExecutionException: java.io.IOException: The peer s4 is not alive.
2024-10-09 00:14:42,715 [s1@group-9FC63B188219-LeaderElection20] INFO  impl.LeaderElection (LogUtils.java:infoOrTrace(136)) - s1@group-9FC63B188219-LeaderElection20 got exception when requesting votes: java.util.concurrent.ExecutionException: java.io.IOException: The peer s2 is not alive.
2024-10-09 00:14:42,781 [main] WARN  ratis.RaftTestUtil (RaftTestUtil.java:lambda$waitForLeader$3(126)) - Attempt #93 failed: java.lang.IllegalStateException: No leader yet : printing ALL groups
  s3:  RUNNING CANDIDATE s3@group-9FC63B188219:t2, leader=null, voted=s2, raftlog=Memoized:s3@group-9FC63B188219-SegmentedRaftLog:OPENED:c2:last(t:2, i:2), conf=conf: {index: 1, cur=peers:[s3|localhost:15172, s4|localhost:15176, s0|localhost:15160, s1|localhost:15164, s2|localhost:15168]|listeners:[], old=null} RUNNING
  s4:   CLOSED    LEADER s4@group-9FC63B188219:t1, leader=s4, voted=s4, raftlog=Memoized:s4@group-9FC63B188219-SegmentedRaftLog:CLOSED:c0, conf=conf: {index: 0, cur=peers:[s3|localhost:15172, s4|localhost:15176, s0|localhost:15160, s1|localhost:15164, s2|localhost:15168]|listeners:[], old=null} CLOSED
  s0:  RUNNING  FOLLOWER s0@group-9FC63B188219:t1, leader=null, voted=null, raftlog=Memoized:s0@group-9FC63B188219-SegmentedRaftLog:OPENED:c-1:lastnull, conf=conf: {index: -1, cur=peers:[s3|localhost:15172, s4|localhost:15176, s0|localhost:15160, s1|localhost:15164, s2|localhost:15168]|listeners:[], old=null} RUNNING
  s1:  RUNNING CANDIDATE s1@group-9FC63B188219:t2, leader=null, voted=s2, raftlog=Memoized:s1@group-9FC63B188219-SegmentedRaftLog:OPENED:c2:last(t:2, i:2), conf=conf: {index: 1, cur=peers:[s3|localhost:15172, s4|localhost:15176, s0|localhost:15160, s1|localhost:15164, s2|localhost:15168]|listeners:[], old=null} RUNNING
  s2:   CLOSED    LEADER s2@group-9FC63B188219:t2, leader=s2, voted=s2, raftlog=Memoized:s2@group-9FC63B188219-SegmentedRaftLog:CLOSED:c2, conf=conf: {index: 1, cur=peers:[s3|localhost:15172, s4|localhost:15176, s0|localhost:15160, s1|localhost:15164, s2|localhost:15168]|listeners:[], old=null} CLOSED
2024-10-09 00:14:42,866 [s3@group-9FC63B188219-LeaderElection21] INFO  impl.LeaderElection (LeaderElection.java:logAndReturn(90)) - s3@group-9FC63B188219-LeaderElection21: PRE_VOTE TIMEOUT received 1 response(s) and 2 exception(s):
2024-10-09 00:14:42,866 [s3@group-9FC63B188219-LeaderElection21] INFO  impl.LeaderElection (LeaderElection.java:logAndReturn(94)) -   Response 0: s3<-s1#0:OK-t2
2024-10-09 00:14:42,866 [s3@group-9FC63B188219-LeaderElection21] INFO  impl.LeaderElection (LogUtils.java:infoOrTrace(136)) -   Exception 1: java.util.concurrent.ExecutionException: java.io.IOException: The peer s4 is not alive.
2024-10-09 00:14:42,866 [s3@group-9FC63B188219-LeaderElection21] INFO  impl.LeaderElection (LogUtils.java:infoOrTrace(136)) -   Exception 2: java.util.concurrent.ExecutionException: java.io.IOException: The peer s2 is not alive.
2024-10-09 00:14:42,866 [s3@group-9FC63B188219-LeaderElection21] INFO  impl.LeaderElection (LeaderElection.java:askForVotes(339)) - s3@group-9FC63B188219-LeaderElection21 PRE_VOTE round 167: result TIMEOUT
2024-10-09 00:14:42,866 [s3@group-9FC63B188219-LeaderElection21] INFO  impl.LeaderElection (LeaderElection.java:askForVotes(337)) - s3@group-9FC63B188219-LeaderElection21 PRE_VOTE round 168: submit vote requests at term 2 for conf: {index: 1, cur=peers:[s3|localhost:15172, s4|localhost:15176, s0|localhost:15160, s1|localhost:15164, s2|localhost:15168]|listeners:[], old=null}
2024-10-09 00:14:42,867 [s3@group-9FC63B188219-LeaderElection21] INFO  impl.LeaderElection (LogUtils.java:infoOrTrace(136)) - s3@group-9FC63B188219-LeaderElection21 got exception when requesting votes: java.util.concurrent.ExecutionException: java.io.IOException: The peer s4 is not alive.
2024-10-09 00:14:42,867 [HandlerDaemon-0] INFO  server.RaftServer$Division (RaftServerImpl.java:requestVote(1443)) - s1@group-9FC63B188219: receive requestVote(PRE_VOTE, s3, group-9FC63B188219, 2, (t:2, i:2))
2024-10-09 00:14:42,867 [s3@group-9FC63B188219-LeaderElection21] INFO  impl.LeaderElection (LogUtils.java:infoOrTrace(136)) - s3@group-9FC63B188219-LeaderElection21 got exception when requesting votes: java.util.concurrent.ExecutionException: java.io.IOException: The peer s2 is not alive.
2024-10-09 00:14:42,867 [HandlerDaemon-0] INFO  impl.VoteContext (VoteContext.java:log(49)) - s1@group-9FC63B188219-CANDIDATE: accept PRE_VOTE from s3: our priority 0 <= candidate's priority 0
2024-10-09 00:14:42,868 [HandlerDaemon-0] INFO  server.RaftServer$Division (RaftServerImpl.java:requestVote(1476)) - s1@group-9FC63B188219 replies to PRE_VOTE vote request: s3<-s1#0:OK-t2. Peer's state: s1@group-9FC63B188219:t2, leader=null, voted=s2, raftlog=Memoized:s1@group-9FC63B188219-SegmentedRaftLog:OPENED:c2:last(t:2, i:2), conf=conf: {index: 1, cur=peers:[s3|localhost:15172, s4|localhost:15176, s0|localhost:15160, s1|localhost:15164, s2|localhost:15168]|listeners:[], old=null}
2024-10-09 00:14:42,948 [s1@group-9FC63B188219-LeaderElection20] INFO  impl.LeaderElection (LeaderElection.java:logAndReturn(90)) - s1@group-9FC63B188219-LeaderElection20: PRE_VOTE TIMEOUT received 1 response(s) and 2 exception(s):
2024-10-09 00:14:42,948 [s1@group-9FC63B188219-LeaderElection20] INFO  impl.LeaderElection (LeaderElection.java:logAndReturn(94)) -   Response 0: s1<-s3#0:OK-t2
2024-10-09 00:14:42,948 [s1@group-9FC63B188219-LeaderElection20] INFO  impl.LeaderElection (LogUtils.java:infoOrTrace(136)) -   Exception 1: java.util.concurrent.ExecutionException: java.io.IOException: The peer s4 is not alive.
2024-10-09 00:14:42,948 [s1@group-9FC63B188219-LeaderElection20] INFO  impl.LeaderElection (LogUtils.java:infoOrTrace(136)) -   Exception 2: java.util.concurrent.ExecutionException: java.io.IOException: The peer s2 is not alive.
2024-10-09 00:14:42,948 [s1@group-9FC63B188219-LeaderElection20] INFO  impl.LeaderElection (LeaderElection.java:askForVotes(339)) - s1@group-9FC63B188219-LeaderElection20 PRE_VOTE round 180: result TIMEOUT
2024-10-09 00:14:42,948 [s1@group-9FC63B188219-LeaderElection20] INFO  impl.LeaderElection (LeaderElection.java:askForVotes(337)) - s1@group-9FC63B188219-LeaderElection20 PRE_VOTE round 181: submit vote requests at term 2 for conf: {index: 1, cur=peers:[s3|localhost:15172, s4|localhost:15176, s0|localhost:15160, s1|localhost:15164, s2|localhost:15168]|listeners:[], old=null}
2024-10-09 00:14:42,948 [HandlerDaemon-1] INFO  server.RaftServer$Division (RaftServerImpl.java:requestVote(1443)) - s3@group-9FC63B188219: receive requestVote(PRE_VOTE, s1, group-9FC63B188219, 2, (t:2, i:2))
2024-10-09 00:14:42,949 [HandlerDaemon-1] INFO  impl.VoteContext (VoteContext.java:log(49)) - s3@group-9FC63B188219-CANDIDATE: accept PRE_VOTE from s1: our priority 0 <= candidate's priority 0
2024-10-09 00:14:42,949 [s1@group-9FC63B188219-LeaderElection20] INFO  impl.LeaderElection (LogUtils.java:infoOrTrace(136)) - s1@group-9FC63B188219-LeaderElection20 got exception when requesting votes: java.util.concurrent.ExecutionException: java.io.IOException: The peer s4 is not alive.
2024-10-09 00:14:42,949 [HandlerDaemon-1] INFO  server.RaftServer$Division (RaftServerImpl.java:requestVote(1476)) - s3@group-9FC63B188219 replies to PRE_VOTE vote request: s1<-s3#0:OK-t2. Peer's state: s3@group-9FC63B188219:t2, leader=null, voted=s2, raftlog=Memoized:s3@group-9FC63B188219-SegmentedRaftLog:OPENED:c2:last(t:2, i:2), conf=conf: {index: 1, cur=peers:[s3|localhost:15172, s4|localhost:15176, s0|localhost:15160, s1|localhost:15164, s2|localhost:15168]|listeners:[], old=null}
2024-10-09 00:14:42,949 [s1@group-9FC63B188219-LeaderElection20] INFO  impl.LeaderElection (LogUtils.java:infoOrTrace(136)) - s1@group-9FC63B188219-LeaderElection20 got exception when requesting votes: java.util.concurrent.ExecutionException: java.io.IOException: The peer s2 is not alive.
2024-10-09 00:14:43,090 [s3@group-9FC63B188219-LeaderElection21] INFO  impl.LeaderElection (LeaderElection.java:logAndReturn(90)) - s3@group-9FC63B188219-LeaderElection21: PRE_VOTE TIMEOUT received 1 response(s) and 2 exception(s):
2024-10-09 00:14:43,090 [s3@group-9FC63B188219-LeaderElection21] INFO  impl.LeaderElection (LeaderElection.java:logAndReturn(94)) -   Response 0: s3<-s1#0:OK-t2
2024-10-09 00:14:43,090 [s3@group-9FC63B188219-LeaderElection21] INFO  impl.LeaderElection (LogUtils.java:infoOrTrace(136)) -   Exception 1: java.util.concurrent.ExecutionException: java.io.IOException: The peer s4 is not alive.
2024-10-09 00:14:43,090 [s3@group-9FC63B188219-LeaderElection21] INFO  impl.LeaderElection (LogUtils.java:infoOrTrace(136)) -   Exception 2: java.util.concurrent.ExecutionException: java.io.IOException: The peer s2 is not alive.
2024-10-09 00:14:43,090 [s3@group-9FC63B188219-LeaderElection21] INFO  impl.LeaderElection (LeaderElection.java:askForVotes(339)) - s3@group-9FC63B188219-LeaderElection21 PRE_VOTE round 168: result TIMEOUT
2024-10-09 00:14:43,090 [s3@group-9FC63B188219-LeaderElection21] INFO  impl.LeaderElection (LeaderElection.java:askForVotes(337)) - s3@group-9FC63B188219-LeaderElection21 PRE_VOTE round 169: submit vote requests at term 2 for conf: {index: 1, cur=peers:[s3|localhost:15172, s4|localhost:15176, s0|localhost:15160, s1|localhost:15164, s2|localhost:15168]|listeners:[], old=null}
2024-10-09 00:14:43,091 [HandlerDaemon-1] INFO  server.RaftServer$Division (RaftServerImpl.java:requestVote(1443)) - s1@group-9FC63B188219: receive requestVote(PRE_VOTE, s3, group-9FC63B188219, 2, (t:2, i:2))
2024-10-09 00:14:43,091 [s3@group-9FC63B188219-LeaderElection21] INFO  impl.LeaderElection (LogUtils.java:infoOrTrace(136)) - s3@group-9FC63B188219-LeaderElection21 got exception when requesting votes: java.util.concurrent.ExecutionException: java.io.IOException: The peer s4 is not alive.
2024-10-09 00:14:43,091 [s3@group-9FC63B188219-LeaderElection21] INFO  impl.LeaderElection (LogUtils.java:infoOrTrace(136)) - s3@group-9FC63B188219-LeaderElection21 got exception when requesting votes: java.util.concurrent.ExecutionException: java.io.IOException: The peer s2 is not alive.
2024-10-09 00:14:43,091 [HandlerDaemon-1] INFO  impl.VoteContext (VoteContext.java:log(49)) - s1@group-9FC63B188219-CANDIDATE: accept PRE_VOTE from s3: our priority 0 <= candidate's priority 0
2024-10-09 00:14:43,091 [HandlerDaemon-1] INFO  server.RaftServer$Division (RaftServerImpl.java:requestVote(1476)) - s1@group-9FC63B188219 replies to PRE_VOTE vote request: s3<-s1#0:OK-t2. Peer's state: s1@group-9FC63B188219:t2, leader=null, voted=s2, raftlog=Memoized:s1@group-9FC63B188219-SegmentedRaftLog:OPENED:c2:last(t:2, i:2), conf=conf: {index: 1, cur=peers:[s3|localhost:15172, s4|localhost:15176, s0|localhost:15160, s1|localhost:15164, s2|localhost:15168]|listeners:[], old=null}
2024-10-09 00:14:43,168 [s1@group-9FC63B188219-LeaderElection20] INFO  impl.LeaderElection (LeaderElection.java:logAndReturn(90)) - s1@group-9FC63B188219-LeaderElection20: PRE_VOTE TIMEOUT received 1 response(s) and 2 exception(s):
2024-10-09 00:14:43,168 [s1@group-9FC63B188219-LeaderElection20] INFO  impl.LeaderElection (LeaderElection.java:logAndReturn(94)) -   Response 0: s1<-s3#0:OK-t2
2024-10-09 00:14:43,168 [s1@group-9FC63B188219-LeaderElection20] INFO  impl.LeaderElection (LogUtils.java:infoOrTrace(136)) -   Exception 1: java.util.concurrent.ExecutionException: java.io.IOException: The peer s4 is not alive.
2024-10-09 00:14:43,168 [s1@group-9FC63B188219-LeaderElection20] INFO  impl.LeaderElection (LogUtils.java:infoOrTrace(136)) -   Exception 2: java.util.concurrent.ExecutionException: java.io.IOException: The peer s2 is not alive.
2024-10-09 00:14:43,168 [s1@group-9FC63B188219-LeaderElection20] INFO  impl.LeaderElection (LeaderElection.java:askForVotes(339)) - s1@group-9FC63B188219-LeaderElection20 PRE_VOTE round 181: result TIMEOUT
2024-10-09 00:14:43,168 [s1@group-9FC63B188219-LeaderElection20] INFO  impl.LeaderElection (LeaderElection.java:askForVotes(337)) - s1@group-9FC63B188219-LeaderElection20 PRE_VOTE round 182: submit vote requests at term 2 for conf: {index: 1, cur=peers:[s3|localhost:15172, s4|localhost:15176, s0|localhost:15160, s1|localhost:15164, s2|localhost:15168]|listeners:[], old=null}
2024-10-09 00:14:43,168 [HandlerDaemon-2] INFO  server.RaftServer$Division (RaftServerImpl.java:requestVote(1443)) - s3@group-9FC63B188219: receive requestVote(PRE_VOTE, s1, group-9FC63B188219, 2, (t:2, i:2))
2024-10-09 00:14:43,168 [HandlerDaemon-2] INFO  impl.VoteContext (VoteContext.java:log(49)) - s3@group-9FC63B188219-CANDIDATE: accept PRE_VOTE from s1: our priority 0 <= candidate's priority 0
2024-10-09 00:14:43,169 [HandlerDaemon-2] INFO  server.RaftServer$Division (RaftServerImpl.java:requestVote(1476)) - s3@group-9FC63B188219 replies to PRE_VOTE vote request: s1<-s3#0:OK-t2. Peer's state: s3@group-9FC63B188219:t2, leader=null, voted=s2, raftlog=Memoized:s3@group-9FC63B188219-SegmentedRaftLog:OPENED:c2:last(t:2, i:2), conf=conf: {index: 1, cur=peers:[s3|localhost:15172, s4|localhost:15176, s0|localhost:15160, s1|localhost:15164, s2|localhost:15168]|listeners:[], old=null}
2024-10-09 00:14:43,169 [s1@group-9FC63B188219-LeaderElection20] INFO  impl.LeaderElection (LogUtils.java:infoOrTrace(136)) - s1@group-9FC63B188219-LeaderElection20 got exception when requesting votes: java.util.concurrent.ExecutionException: java.io.IOException: The peer s4 is not alive.
2024-10-09 00:14:43,169 [s1@group-9FC63B188219-LeaderElection20] INFO  impl.LeaderElection (LogUtils.java:infoOrTrace(136)) - s1@group-9FC63B188219-LeaderElection20 got exception when requesting votes: java.util.concurrent.ExecutionException: java.io.IOException: The peer s2 is not alive.
2024-10-09 00:14:43,232 [main] WARN  ratis.RaftTestUtil (RaftTestUtil.java:lambda$waitForLeader$3(126)) - Attempt #94 failed: java.lang.IllegalStateException: No leader yet : printing ALL groups
  s3:  RUNNING CANDIDATE s3@group-9FC63B188219:t2, leader=null, voted=s2, raftlog=Memoized:s3@group-9FC63B188219-SegmentedRaftLog:OPENED:c2:last(t:2, i:2), conf=conf: {index: 1, cur=peers:[s3|localhost:15172, s4|localhost:15176, s0|localhost:15160, s1|localhost:15164, s2|localhost:15168]|listeners:[], old=null} RUNNING
  s4:   CLOSED    LEADER s4@group-9FC63B188219:t1, leader=s4, voted=s4, raftlog=Memoized:s4@group-9FC63B188219-SegmentedRaftLog:CLOSED:c0, conf=conf: {index: 0, cur=peers:[s3|localhost:15172, s4|localhost:15176, s0|localhost:15160, s1|localhost:15164, s2|localhost:15168]|listeners:[], old=null} CLOSED
  s0:  RUNNING  FOLLOWER s0@group-9FC63B188219:t1, leader=null, voted=null, raftlog=Memoized:s0@group-9FC63B188219-SegmentedRaftLog:OPENED:c-1:lastnull, conf=conf: {index: -1, cur=peers:[s3|localhost:15172, s4|localhost:15176, s0|localhost:15160, s1|localhost:15164, s2|localhost:15168]|listeners:[], old=null} RUNNING
  s1:  RUNNING CANDIDATE s1@group-9FC63B188219:t2, leader=null, voted=s2, raftlog=Memoized:s1@group-9FC63B188219-SegmentedRaftLog:OPENED:c2:last(t:2, i:2), conf=conf: {index: 1, cur=peers:[s3|localhost:15172, s4|localhost:15176, s0|localhost:15160, s1|localhost:15164, s2|localhost:15168]|listeners:[], old=null} RUNNING
  s2:   CLOSED    LEADER s2@group-9FC63B188219:t2, leader=s2, voted=s2, raftlog=Memoized:s2@group-9FC63B188219-SegmentedRaftLog:CLOSED:c2, conf=conf: {index: 1, cur=peers:[s3|localhost:15172, s4|localhost:15176, s0|localhost:15160, s1|localhost:15164, s2|localhost:15168]|listeners:[], old=null} CLOSED
2024-10-09 00:14:43,342 [s3@group-9FC63B188219-LeaderElection21] INFO  impl.LeaderElection (LeaderElection.java:logAndReturn(90)) - s3@group-9FC63B188219-LeaderElection21: PRE_VOTE TIMEOUT received 1 response(s) and 2 exception(s):
2024-10-09 00:14:43,342 [s3@group-9FC63B188219-LeaderElection21] INFO  impl.LeaderElection (LeaderElection.java:logAndReturn(94)) -   Response 0: s3<-s1#0:OK-t2
2024-10-09 00:14:43,342 [s3@group-9FC63B188219-LeaderElection21] INFO  impl.LeaderElection (LogUtils.java:infoOrTrace(136)) -   Exception 1: java.util.concurrent.ExecutionException: java.io.IOException: The peer s4 is not alive.
2024-10-09 00:14:43,342 [s3@group-9FC63B188219-LeaderElection21] INFO  impl.LeaderElection (LogUtils.java:infoOrTrace(136)) -   Exception 2: java.util.concurrent.ExecutionException: java.io.IOException: The peer s2 is not alive.
2024-10-09 00:14:43,342 [s3@group-9FC63B188219-LeaderElection21] INFO  impl.LeaderElection (LeaderElection.java:askForVotes(339)) - s3@group-9FC63B188219-LeaderElection21 PRE_VOTE round 169: result TIMEOUT
2024-10-09 00:14:43,342 [s3@group-9FC63B188219-LeaderElection21] INFO  impl.LeaderElection (LeaderElection.java:askForVotes(337)) - s3@group-9FC63B188219-LeaderElection21 PRE_VOTE round 170: submit vote requests at term 2 for conf: {index: 1, cur=peers:[s3|localhost:15172, s4|localhost:15176, s0|localhost:15160, s1|localhost:15164, s2|localhost:15168]|listeners:[], old=null}
2024-10-09 00:14:43,342 [HandlerDaemon-2] INFO  server.RaftServer$Division (RaftServerImpl.java:requestVote(1443)) - s1@group-9FC63B188219: receive requestVote(PRE_VOTE, s3, group-9FC63B188219, 2, (t:2, i:2))
2024-10-09 00:14:43,343 [s3@group-9FC63B188219-LeaderElection21] INFO  impl.LeaderElection (LogUtils.java:infoOrTrace(136)) - s3@group-9FC63B188219-LeaderElection21 got exception when requesting votes: java.util.concurrent.ExecutionException: java.io.IOException: The peer s4 is not alive.
2024-10-09 00:14:43,343 [HandlerDaemon-2] INFO  impl.VoteContext (VoteContext.java:log(49)) - s1@group-9FC63B188219-CANDIDATE: accept PRE_VOTE from s3: our priority 0 <= candidate's priority 0
2024-10-09 00:14:43,343 [s3@group-9FC63B188219-LeaderElection21] INFO  impl.LeaderElection (LogUtils.java:infoOrTrace(136)) - s3@group-9FC63B188219-LeaderElection21 got exception when requesting votes: java.util.concurrent.ExecutionException: java.io.IOException: The peer s2 is not alive.
2024-10-09 00:14:43,343 [HandlerDaemon-2] INFO  server.RaftServer$Division (RaftServerImpl.java:requestVote(1476)) - s1@group-9FC63B188219 replies to PRE_VOTE vote request: s3<-s1#0:OK-t2. Peer's state: s1@group-9FC63B188219:t2, leader=null, voted=s2, raftlog=Memoized:s1@group-9FC63B188219-SegmentedRaftLog:OPENED:c2:last(t:2, i:2), conf=conf: {index: 1, cur=peers:[s3|localhost:15172, s4|localhost:15176, s0|localhost:15160, s1|localhost:15164, s2|localhost:15168]|listeners:[], old=null}
2024-10-09 00:14:43,446 [s1@group-9FC63B188219-LeaderElection20] INFO  impl.LeaderElection (LeaderElection.java:logAndReturn(90)) - s1@group-9FC63B188219-LeaderElection20: PRE_VOTE TIMEOUT received 1 response(s) and 2 exception(s):
2024-10-09 00:14:43,446 [s1@group-9FC63B188219-LeaderElection20] INFO  impl.LeaderElection (LeaderElection.java:logAndReturn(94)) -   Response 0: s1<-s3#0:OK-t2
2024-10-09 00:14:43,446 [s1@group-9FC63B188219-LeaderElection20] INFO  impl.LeaderElection (LogUtils.java:infoOrTrace(136)) -   Exception 1: java.util.concurrent.ExecutionException: java.io.IOException: The peer s4 is not alive.
2024-10-09 00:14:43,446 [s1@group-9FC63B188219-LeaderElection20] INFO  impl.LeaderElection (LogUtils.java:infoOrTrace(136)) -   Exception 2: java.util.concurrent.ExecutionException: java.io.IOException: The peer s2 is not alive.
2024-10-09 00:14:43,446 [s1@group-9FC63B188219-LeaderElection20] INFO  impl.LeaderElection (LeaderElection.java:askForVotes(339)) - s1@group-9FC63B188219-LeaderElection20 PRE_VOTE round 182: result TIMEOUT
2024-10-09 00:14:43,446 [s1@group-9FC63B188219-LeaderElection20] INFO  impl.LeaderElection (LeaderElection.java:askForVotes(337)) - s1@group-9FC63B188219-LeaderElection20 PRE_VOTE round 183: submit vote requests at term 2 for conf: {index: 1, cur=peers:[s3|localhost:15172, s4|localhost:15176, s0|localhost:15160, s1|localhost:15164, s2|localhost:15168]|listeners:[], old=null}
2024-10-09 00:14:43,446 [HandlerDaemon-0] INFO  server.RaftServer$Division (RaftServerImpl.java:requestVote(1443)) - s3@group-9FC63B188219: receive requestVote(PRE_VOTE, s1, group-9FC63B188219, 2, (t:2, i:2))
2024-10-09 00:14:43,446 [HandlerDaemon-0] INFO  impl.VoteContext (VoteContext.java:log(49)) - s3@group-9FC63B188219-CANDIDATE: accept PRE_VOTE from s1: our priority 0 <= candidate's priority 0
2024-10-09 00:14:43,446 [s1@group-9FC63B188219-LeaderElection20] INFO  impl.LeaderElection (LogUtils.java:infoOrTrace(136)) - s1@group-9FC63B188219-LeaderElection20 got exception when requesting votes: java.util.concurrent.ExecutionException: java.io.IOException: The peer s4 is not alive.
2024-10-09 00:14:43,446 [HandlerDaemon-0] INFO  server.RaftServer$Division (RaftServerImpl.java:requestVote(1476)) - s3@group-9FC63B188219 replies to PRE_VOTE vote request: s1<-s3#0:OK-t2. Peer's state: s3@group-9FC63B188219:t2, leader=null, voted=s2, raftlog=Memoized:s3@group-9FC63B188219-SegmentedRaftLog:OPENED:c2:last(t:2, i:2), conf=conf: {index: 1, cur=peers:[s3|localhost:15172, s4|localhost:15176, s0|localhost:15160, s1|localhost:15164, s2|localhost:15168]|listeners:[], old=null}
2024-10-09 00:14:43,446 [s1@group-9FC63B188219-LeaderElection20] INFO  impl.LeaderElection (LogUtils.java:infoOrTrace(136)) - s1@group-9FC63B188219-LeaderElection20 got exception when requesting votes: java.util.concurrent.ExecutionException: java.io.IOException: The peer s2 is not alive.
2024-10-09 00:14:43,587 [s3@group-9FC63B188219-LeaderElection21] INFO  impl.LeaderElection (LeaderElection.java:logAndReturn(90)) - s3@group-9FC63B188219-LeaderElection21: PRE_VOTE TIMEOUT received 1 response(s) and 2 exception(s):
2024-10-09 00:14:43,587 [s3@group-9FC63B188219-LeaderElection21] INFO  impl.LeaderElection (LeaderElection.java:logAndReturn(94)) -   Response 0: s3<-s1#0:OK-t2
2024-10-09 00:14:43,587 [s3@group-9FC63B188219-LeaderElection21] INFO  impl.LeaderElection (LogUtils.java:infoOrTrace(136)) -   Exception 1: java.util.concurrent.ExecutionException: java.io.IOException: The peer s4 is not alive.
2024-10-09 00:14:43,587 [s3@group-9FC63B188219-LeaderElection21] INFO  impl.LeaderElection (LogUtils.java:infoOrTrace(136)) -   Exception 2: java.util.concurrent.ExecutionException: java.io.IOException: The peer s2 is not alive.
2024-10-09 00:14:43,587 [s3@group-9FC63B188219-LeaderElection21] INFO  impl.LeaderElection (LeaderElection.java:askForVotes(339)) - s3@group-9FC63B188219-LeaderElection21 PRE_VOTE round 170: result TIMEOUT
2024-10-09 00:14:43,587 [s3@group-9FC63B188219-LeaderElection21] INFO  impl.LeaderElection (LeaderElection.java:askForVotes(337)) - s3@group-9FC63B188219-LeaderElection21 PRE_VOTE round 171: submit vote requests at term 2 for conf: {index: 1, cur=peers:[s3|localhost:15172, s4|localhost:15176, s0|localhost:15160, s1|localhost:15164, s2|localhost:15168]|listeners:[], old=null}
2024-10-09 00:14:43,587 [HandlerDaemon-0] INFO  server.RaftServer$Division (RaftServerImpl.java:requestVote(1443)) - s1@group-9FC63B188219: receive requestVote(PRE_VOTE, s3, group-9FC63B188219, 2, (t:2, i:2))
2024-10-09 00:14:43,587 [s3@group-9FC63B188219-LeaderElection21] INFO  impl.LeaderElection (LogUtils.java:infoOrTrace(136)) - s3@group-9FC63B188219-LeaderElection21 got exception when requesting votes: java.util.concurrent.ExecutionException: java.io.IOException: The peer s4 is not alive.
2024-10-09 00:14:43,587 [HandlerDaemon-0] INFO  impl.VoteContext (VoteContext.java:log(49)) - s1@group-9FC63B188219-CANDIDATE: accept PRE_VOTE from s3: our priority 0 <= candidate's priority 0
2024-10-09 00:14:43,587 [s3@group-9FC63B188219-LeaderElection21] INFO  impl.LeaderElection (LogUtils.java:infoOrTrace(136)) - s3@group-9FC63B188219-LeaderElection21 got exception when requesting votes: java.util.concurrent.ExecutionException: java.io.IOException: The peer s2 is not alive.
2024-10-09 00:14:43,588 [HandlerDaemon-0] INFO  server.RaftServer$Division (RaftServerImpl.java:requestVote(1476)) - s1@group-9FC63B188219 replies to PRE_VOTE vote request: s3<-s1#0:OK-t2. Peer's state: s1@group-9FC63B188219:t2, leader=null, voted=s2, raftlog=Memoized:s1@group-9FC63B188219-SegmentedRaftLog:OPENED:c2:last(t:2, i:2), conf=conf: {index: 1, cur=peers:[s3|localhost:15172, s4|localhost:15176, s0|localhost:15160, s1|localhost:15164, s2|localhost:15168]|listeners:[], old=null}
2024-10-09 00:14:43,598 [s1@group-9FC63B188219-LeaderElection20] INFO  impl.LeaderElection (LeaderElection.java:logAndReturn(90)) - s1@group-9FC63B188219-LeaderElection20: PRE_VOTE TIMEOUT received 1 response(s) and 2 exception(s):
2024-10-09 00:14:43,598 [s1@group-9FC63B188219-LeaderElection20] INFO  impl.LeaderElection (LeaderElection.java:logAndReturn(94)) -   Response 0: s1<-s3#0:OK-t2
2024-10-09 00:14:43,598 [s1@group-9FC63B188219-LeaderElection20] INFO  impl.LeaderElection (LogUtils.java:infoOrTrace(136)) -   Exception 1: java.util.concurrent.ExecutionException: java.io.IOException: The peer s4 is not alive.
2024-10-09 00:14:43,598 [s1@group-9FC63B188219-LeaderElection20] INFO  impl.LeaderElection (LogUtils.java:infoOrTrace(136)) -   Exception 2: java.util.concurrent.ExecutionException: java.io.IOException: The peer s2 is not alive.
2024-10-09 00:14:43,599 [s1@group-9FC63B188219-LeaderElection20] INFO  impl.LeaderElection (LeaderElection.java:askForVotes(339)) - s1@group-9FC63B188219-LeaderElection20 PRE_VOTE round 183: result TIMEOUT
2024-10-09 00:14:43,599 [s1@group-9FC63B188219-LeaderElection20] INFO  impl.LeaderElection (LeaderElection.java:askForVotes(337)) - s1@group-9FC63B188219-LeaderElection20 PRE_VOTE round 184: submit vote requests at term 2 for conf: {index: 1, cur=peers:[s3|localhost:15172, s4|localhost:15176, s0|localhost:15160, s1|localhost:15164, s2|localhost:15168]|listeners:[], old=null}
2024-10-09 00:14:43,601 [HandlerDaemon-1] INFO  server.RaftServer$Division (RaftServerImpl.java:requestVote(1443)) - s3@group-9FC63B188219: receive requestVote(PRE_VOTE, s1, group-9FC63B188219, 2, (t:2, i:2))
2024-10-09 00:14:43,601 [HandlerDaemon-1] INFO  impl.VoteContext (VoteContext.java:log(49)) - s3@group-9FC63B188219-CANDIDATE: accept PRE_VOTE from s1: our priority 0 <= candidate's priority 0
2024-10-09 00:14:43,601 [s1@group-9FC63B188219-LeaderElection20] INFO  impl.LeaderElection (LogUtils.java:infoOrTrace(136)) - s1@group-9FC63B188219-LeaderElection20 got exception when requesting votes: java.util.concurrent.ExecutionException: java.io.IOException: The peer s4 is not alive.
2024-10-09 00:14:43,602 [s1@group-9FC63B188219-LeaderElection20] INFO  impl.LeaderElection (LogUtils.java:infoOrTrace(136)) - s1@group-9FC63B188219-LeaderElection20 got exception when requesting votes: java.util.concurrent.ExecutionException: java.io.IOException: The peer s2 is not alive.
2024-10-09 00:14:43,602 [HandlerDaemon-1] INFO  server.RaftServer$Division (RaftServerImpl.java:requestVote(1476)) - s3@group-9FC63B188219 replies to PRE_VOTE vote request: s1<-s3#0:OK-t2. Peer's state: s3@group-9FC63B188219:t2, leader=null, voted=s2, raftlog=Memoized:s3@group-9FC63B188219-SegmentedRaftLog:OPENED:c2:last(t:2, i:2), conf=conf: {index: 1, cur=peers:[s3|localhost:15172, s4|localhost:15176, s0|localhost:15160, s1|localhost:15164, s2|localhost:15168]|listeners:[], old=null}
2024-10-09 00:14:43,682 [main] WARN  ratis.RaftTestUtil (RaftTestUtil.java:lambda$waitForLeader$3(126)) - Attempt #95 failed: java.lang.IllegalStateException: No leader yet : printing ALL groups
  s3:  RUNNING CANDIDATE s3@group-9FC63B188219:t2, leader=null, voted=s2, raftlog=Memoized:s3@group-9FC63B188219-SegmentedRaftLog:OPENED:c2:last(t:2, i:2), conf=conf: {index: 1, cur=peers:[s3|localhost:15172, s4|localhost:15176, s0|localhost:15160, s1|localhost:15164, s2|localhost:15168]|listeners:[], old=null} RUNNING
  s4:   CLOSED    LEADER s4@group-9FC63B188219:t1, leader=s4, voted=s4, raftlog=Memoized:s4@group-9FC63B188219-SegmentedRaftLog:CLOSED:c0, conf=conf: {index: 0, cur=peers:[s3|localhost:15172, s4|localhost:15176, s0|localhost:15160, s1|localhost:15164, s2|localhost:15168]|listeners:[], old=null} CLOSED
  s0:  RUNNING  FOLLOWER s0@group-9FC63B188219:t1, leader=null, voted=null, raftlog=Memoized:s0@group-9FC63B188219-SegmentedRaftLog:OPENED:c-1:lastnull, conf=conf: {index: -1, cur=peers:[s3|localhost:15172, s4|localhost:15176, s0|localhost:15160, s1|localhost:15164, s2|localhost:15168]|listeners:[], old=null} RUNNING
  s1:  RUNNING CANDIDATE s1@group-9FC63B188219:t2, leader=null, voted=s2, raftlog=Memoized:s1@group-9FC63B188219-SegmentedRaftLog:OPENED:c2:last(t:2, i:2), conf=conf: {index: 1, cur=peers:[s3|localhost:15172, s4|localhost:15176, s0|localhost:15160, s1|localhost:15164, s2|localhost:15168]|listeners:[], old=null} RUNNING
  s2:   CLOSED    LEADER s2@group-9FC63B188219:t2, leader=s2, voted=s2, raftlog=Memoized:s2@group-9FC63B188219-SegmentedRaftLog:CLOSED:c2, conf=conf: {index: 1, cur=peers:[s3|localhost:15172, s4|localhost:15176, s0|localhost:15160, s1|localhost:15164, s2|localhost:15168]|listeners:[], old=null} CLOSED
2024-10-09 00:14:43,776 [s1@group-9FC63B188219-LeaderElection20] INFO  impl.LeaderElection (LeaderElection.java:logAndReturn(90)) - s1@group-9FC63B188219-LeaderElection20: PRE_VOTE TIMEOUT received 1 response(s) and 2 exception(s):
2024-10-09 00:14:43,776 [s1@group-9FC63B188219-LeaderElection20] INFO  impl.LeaderElection (LeaderElection.java:logAndReturn(94)) -   Response 0: s1<-s3#0:OK-t2
2024-10-09 00:14:43,776 [s1@group-9FC63B188219-LeaderElection20] INFO  impl.LeaderElection (LogUtils.java:infoOrTrace(136)) -   Exception 1: java.util.concurrent.ExecutionException: java.io.IOException: The peer s4 is not alive.
2024-10-09 00:14:43,776 [s1@group-9FC63B188219-LeaderElection20] INFO  impl.LeaderElection (LogUtils.java:infoOrTrace(136)) -   Exception 2: java.util.concurrent.ExecutionException: java.io.IOException: The peer s2 is not alive.
2024-10-09 00:14:43,776 [s1@group-9FC63B188219-LeaderElection20] INFO  impl.LeaderElection (LeaderElection.java:askForVotes(339)) - s1@group-9FC63B188219-LeaderElection20 PRE_VOTE round 184: result TIMEOUT
2024-10-09 00:14:43,776 [s1@group-9FC63B188219-LeaderElection20] INFO  impl.LeaderElection (LeaderElection.java:askForVotes(337)) - s1@group-9FC63B188219-LeaderElection20 PRE_VOTE round 185: submit vote requests at term 2 for conf: {index: 1, cur=peers:[s3|localhost:15172, s4|localhost:15176, s0|localhost:15160, s1|localhost:15164, s2|localhost:15168]|listeners:[], old=null}
2024-10-09 00:14:43,776 [HandlerDaemon-2] INFO  server.RaftServer$Division (RaftServerImpl.java:requestVote(1443)) - s3@group-9FC63B188219: receive requestVote(PRE_VOTE, s1, group-9FC63B188219, 2, (t:2, i:2))
2024-10-09 00:14:43,776 [HandlerDaemon-2] INFO  impl.VoteContext (VoteContext.java:log(49)) - s3@group-9FC63B188219-CANDIDATE: accept PRE_VOTE from s1: our priority 0 <= candidate's priority 0
2024-10-09 00:14:43,776 [HandlerDaemon-2] INFO  server.RaftServer$Division (RaftServerImpl.java:requestVote(1476)) - s3@group-9FC63B188219 replies to PRE_VOTE vote request: s1<-s3#0:OK-t2. Peer's state: s3@group-9FC63B188219:t2, leader=null, voted=s2, raftlog=Memoized:s3@group-9FC63B188219-SegmentedRaftLog:OPENED:c2:last(t:2, i:2), conf=conf: {index: 1, cur=peers:[s3|localhost:15172, s4|localhost:15176, s0|localhost:15160, s1|localhost:15164, s2|localhost:15168]|listeners:[], old=null}
2024-10-09 00:14:43,776 [s1@group-9FC63B188219-LeaderElection20] INFO  impl.LeaderElection (LogUtils.java:infoOrTrace(136)) - s1@group-9FC63B188219-LeaderElection20 got exception when requesting votes: java.util.concurrent.ExecutionException: java.io.IOException: The peer s4 is not alive.
2024-10-09 00:14:43,776 [s1@group-9FC63B188219-LeaderElection20] INFO  impl.LeaderElection (LogUtils.java:infoOrTrace(136)) - s1@group-9FC63B188219-LeaderElection20 got exception when requesting votes: java.util.concurrent.ExecutionException: java.io.IOException: The peer s2 is not alive.
2024-10-09 00:14:43,793 [s3@group-9FC63B188219-LeaderElection21] INFO  impl.LeaderElection (LeaderElection.java:logAndReturn(90)) - s3@group-9FC63B188219-LeaderElection21: PRE_VOTE TIMEOUT received 1 response(s) and 2 exception(s):
2024-10-09 00:14:43,793 [s3@group-9FC63B188219-LeaderElection21] INFO  impl.LeaderElection (LeaderElection.java:logAndReturn(94)) -   Response 0: s3<-s1#0:OK-t2
2024-10-09 00:14:43,793 [s3@group-9FC63B188219-LeaderElection21] INFO  impl.LeaderElection (LogUtils.java:infoOrTrace(136)) -   Exception 1: java.util.concurrent.ExecutionException: java.io.IOException: The peer s4 is not alive.
2024-10-09 00:14:43,794 [s3@group-9FC63B188219-LeaderElection21] INFO  impl.LeaderElection (LogUtils.java:infoOrTrace(136)) -   Exception 2: java.util.concurrent.ExecutionException: java.io.IOException: The peer s2 is not alive.
2024-10-09 00:14:43,794 [s3@group-9FC63B188219-LeaderElection21] INFO  impl.LeaderElection (LeaderElection.java:askForVotes(339)) - s3@group-9FC63B188219-LeaderElection21 PRE_VOTE round 171: result TIMEOUT
2024-10-09 00:14:43,794 [s3@group-9FC63B188219-LeaderElection21] INFO  impl.LeaderElection (LeaderElection.java:askForVotes(337)) - s3@group-9FC63B188219-LeaderElection21 PRE_VOTE round 172: submit vote requests at term 2 for conf: {index: 1, cur=peers:[s3|localhost:15172, s4|localhost:15176, s0|localhost:15160, s1|localhost:15164, s2|localhost:15168]|listeners:[], old=null}
2024-10-09 00:14:43,794 [HandlerDaemon-1] INFO  server.RaftServer$Division (RaftServerImpl.java:requestVote(1443)) - s1@group-9FC63B188219: receive requestVote(PRE_VOTE, s3, group-9FC63B188219, 2, (t:2, i:2))
2024-10-09 00:14:43,794 [HandlerDaemon-1] INFO  impl.VoteContext (VoteContext.java:log(49)) - s1@group-9FC63B188219-CANDIDATE: accept PRE_VOTE from s3: our priority 0 <= candidate's priority 0
2024-10-09 00:14:43,794 [HandlerDaemon-1] INFO  server.RaftServer$Division (RaftServerImpl.java:requestVote(1476)) - s1@group-9FC63B188219 replies to PRE_VOTE vote request: s3<-s1#0:OK-t2. Peer's state: s1@group-9FC63B188219:t2, leader=null, voted=s2, raftlog=Memoized:s1@group-9FC63B188219-SegmentedRaftLog:OPENED:c2:last(t:2, i:2), conf=conf: {index: 1, cur=peers:[s3|localhost:15172, s4|localhost:15176, s0|localhost:15160, s1|localhost:15164, s2|localhost:15168]|listeners:[], old=null}
2024-10-09 00:14:43,794 [s3@group-9FC63B188219-LeaderElection21] INFO  impl.LeaderElection (LogUtils.java:infoOrTrace(136)) - s3@group-9FC63B188219-LeaderElection21 got exception when requesting votes: java.util.concurrent.ExecutionException: java.io.IOException: The peer s4 is not alive.
2024-10-09 00:14:43,794 [s3@group-9FC63B188219-LeaderElection21] INFO  impl.LeaderElection (LogUtils.java:infoOrTrace(136)) - s3@group-9FC63B188219-LeaderElection21 got exception when requesting votes: java.util.concurrent.ExecutionException: java.io.IOException: The peer s2 is not alive.
2024-10-09 00:14:43,964 [s3@group-9FC63B188219-LeaderElection21] INFO  impl.LeaderElection (LeaderElection.java:logAndReturn(90)) - s3@group-9FC63B188219-LeaderElection21: PRE_VOTE TIMEOUT received 1 response(s) and 2 exception(s):
2024-10-09 00:14:43,964 [s3@group-9FC63B188219-LeaderElection21] INFO  impl.LeaderElection (LeaderElection.java:logAndReturn(94)) -   Response 0: s3<-s1#0:OK-t2
2024-10-09 00:14:43,964 [s3@group-9FC63B188219-LeaderElection21] INFO  impl.LeaderElection (LogUtils.java:infoOrTrace(136)) -   Exception 1: java.util.concurrent.ExecutionException: java.io.IOException: The peer s4 is not alive.
2024-10-09 00:14:43,964 [s3@group-9FC63B188219-LeaderElection21] INFO  impl.LeaderElection (LogUtils.java:infoOrTrace(136)) -   Exception 2: java.util.concurrent.ExecutionException: java.io.IOException: The peer s2 is not alive.
2024-10-09 00:14:43,964 [s3@group-9FC63B188219-LeaderElection21] INFO  impl.LeaderElection (LeaderElection.java:askForVotes(339)) - s3@group-9FC63B188219-LeaderElection21 PRE_VOTE round 172: result TIMEOUT
2024-10-09 00:14:43,965 [s3@group-9FC63B188219-LeaderElection21] INFO  impl.LeaderElection (LeaderElection.java:askForVotes(337)) - s3@group-9FC63B188219-LeaderElection21 PRE_VOTE round 173: submit vote requests at term 2 for conf: {index: 1, cur=peers:[s3|localhost:15172, s4|localhost:15176, s0|localhost:15160, s1|localhost:15164, s2|localhost:15168]|listeners:[], old=null}
2024-10-09 00:14:43,965 [HandlerDaemon-2] INFO  server.RaftServer$Division (RaftServerImpl.java:requestVote(1443)) - s1@group-9FC63B188219: receive requestVote(PRE_VOTE, s3, group-9FC63B188219, 2, (t:2, i:2))
2024-10-09 00:14:43,965 [HandlerDaemon-2] INFO  impl.VoteContext (VoteContext.java:log(49)) - s1@group-9FC63B188219-CANDIDATE: accept PRE_VOTE from s3: our priority 0 <= candidate's priority 0
2024-10-09 00:14:43,965 [s3@group-9FC63B188219-LeaderElection21] INFO  impl.LeaderElection (LogUtils.java:infoOrTrace(136)) - s3@group-9FC63B188219-LeaderElection21 got exception when requesting votes: java.util.concurrent.ExecutionException: java.io.IOException: The peer s4 is not alive.
2024-10-09 00:14:43,965 [s3@group-9FC63B188219-LeaderElection21] INFO  impl.LeaderElection (LogUtils.java:infoOrTrace(136)) - s3@group-9FC63B188219-LeaderElection21 got exception when requesting votes: java.util.concurrent.ExecutionException: java.io.IOException: The peer s2 is not alive.
2024-10-09 00:14:43,965 [HandlerDaemon-2] INFO  server.RaftServer$Division (RaftServerImpl.java:requestVote(1476)) - s1@group-9FC63B188219 replies to PRE_VOTE vote request: s3<-s1#0:OK-t2. Peer's state: s1@group-9FC63B188219:t2, leader=null, voted=s2, raftlog=Memoized:s1@group-9FC63B188219-SegmentedRaftLog:OPENED:c2:last(t:2, i:2), conf=conf: {index: 1, cur=peers:[s3|localhost:15172, s4|localhost:15176, s0|localhost:15160, s1|localhost:15164, s2|localhost:15168]|listeners:[], old=null}
2024-10-09 00:14:44,071 [s1@group-9FC63B188219-LeaderElection20] INFO  impl.LeaderElection (LeaderElection.java:logAndReturn(90)) - s1@group-9FC63B188219-LeaderElection20: PRE_VOTE TIMEOUT received 1 response(s) and 2 exception(s):
2024-10-09 00:14:44,071 [s1@group-9FC63B188219-LeaderElection20] INFO  impl.LeaderElection (LeaderElection.java:logAndReturn(94)) -   Response 0: s1<-s3#0:OK-t2
2024-10-09 00:14:44,072 [s1@group-9FC63B188219-LeaderElection20] INFO  impl.LeaderElection (LogUtils.java:infoOrTrace(136)) -   Exception 1: java.util.concurrent.ExecutionException: java.io.IOException: The peer s4 is not alive.
2024-10-09 00:14:44,072 [s1@group-9FC63B188219-LeaderElection20] INFO  impl.LeaderElection (LogUtils.java:infoOrTrace(136)) -   Exception 2: java.util.concurrent.ExecutionException: java.io.IOException: The peer s2 is not alive.
2024-10-09 00:14:44,072 [s1@group-9FC63B188219-LeaderElection20] INFO  impl.LeaderElection (LeaderElection.java:askForVotes(339)) - s1@group-9FC63B188219-LeaderElection20 PRE_VOTE round 185: result TIMEOUT
2024-10-09 00:14:44,072 [s1@group-9FC63B188219-LeaderElection20] INFO  impl.LeaderElection (LeaderElection.java:askForVotes(337)) - s1@group-9FC63B188219-LeaderElection20 PRE_VOTE round 186: submit vote requests at term 2 for conf: {index: 1, cur=peers:[s3|localhost:15172, s4|localhost:15176, s0|localhost:15160, s1|localhost:15164, s2|localhost:15168]|listeners:[], old=null}
2024-10-09 00:14:44,072 [HandlerDaemon-0] INFO  server.RaftServer$Division (RaftServerImpl.java:requestVote(1443)) - s3@group-9FC63B188219: receive requestVote(PRE_VOTE, s1, group-9FC63B188219, 2, (t:2, i:2))
2024-10-09 00:14:44,072 [HandlerDaemon-0] INFO  impl.VoteContext (VoteContext.java:log(49)) - s3@group-9FC63B188219-CANDIDATE: accept PRE_VOTE from s1: our priority 0 <= candidate's priority 0
2024-10-09 00:14:44,072 [s1@group-9FC63B188219-LeaderElection20] INFO  impl.LeaderElection (LogUtils.java:infoOrTrace(136)) - s1@group-9FC63B188219-LeaderElection20 got exception when requesting votes: java.util.concurrent.ExecutionException: java.io.IOException: The peer s4 is not alive.
2024-10-09 00:14:44,072 [HandlerDaemon-0] INFO  server.RaftServer$Division (RaftServerImpl.java:requestVote(1476)) - s3@group-9FC63B188219 replies to PRE_VOTE vote request: s1<-s3#0:OK-t2. Peer's state: s3@group-9FC63B188219:t2, leader=null, voted=s2, raftlog=Memoized:s3@group-9FC63B188219-SegmentedRaftLog:OPENED:c2:last(t:2, i:2), conf=conf: {index: 1, cur=peers:[s3|localhost:15172, s4|localhost:15176, s0|localhost:15160, s1|localhost:15164, s2|localhost:15168]|listeners:[], old=null}
2024-10-09 00:14:44,072 [s1@group-9FC63B188219-LeaderElection20] INFO  impl.LeaderElection (LogUtils.java:infoOrTrace(136)) - s1@group-9FC63B188219-LeaderElection20 got exception when requesting votes: java.util.concurrent.ExecutionException: java.io.IOException: The peer s2 is not alive.
2024-10-09 00:14:44,133 [main] WARN  ratis.RaftTestUtil (RaftTestUtil.java:lambda$waitForLeader$3(126)) - Attempt #96 failed: java.lang.IllegalStateException: No leader yet : printing ALL groups
  s3:  RUNNING CANDIDATE s3@group-9FC63B188219:t2, leader=null, voted=s2, raftlog=Memoized:s3@group-9FC63B188219-SegmentedRaftLog:OPENED:c2:last(t:2, i:2), conf=conf: {index: 1, cur=peers:[s3|localhost:15172, s4|localhost:15176, s0|localhost:15160, s1|localhost:15164, s2|localhost:15168]|listeners:[], old=null} RUNNING
  s4:   CLOSED    LEADER s4@group-9FC63B188219:t1, leader=s4, voted=s4, raftlog=Memoized:s4@group-9FC63B188219-SegmentedRaftLog:CLOSED:c0, conf=conf: {index: 0, cur=peers:[s3|localhost:15172, s4|localhost:15176, s0|localhost:15160, s1|localhost:15164, s2|localhost:15168]|listeners:[], old=null} CLOSED
  s0:  RUNNING  FOLLOWER s0@group-9FC63B188219:t1, leader=null, voted=null, raftlog=Memoized:s0@group-9FC63B188219-SegmentedRaftLog:OPENED:c-1:lastnull, conf=conf: {index: -1, cur=peers:[s3|localhost:15172, s4|localhost:15176, s0|localhost:15160, s1|localhost:15164, s2|localhost:15168]|listeners:[], old=null} RUNNING
  s1:  RUNNING CANDIDATE s1@group-9FC63B188219:t2, leader=null, voted=s2, raftlog=Memoized:s1@group-9FC63B188219-SegmentedRaftLog:OPENED:c2:last(t:2, i:2), conf=conf: {index: 1, cur=peers:[s3|localhost:15172, s4|localhost:15176, s0|localhost:15160, s1|localhost:15164, s2|localhost:15168]|listeners:[], old=null} RUNNING
  s2:   CLOSED    LEADER s2@group-9FC63B188219:t2, leader=s2, voted=s2, raftlog=Memoized:s2@group-9FC63B188219-SegmentedRaftLog:CLOSED:c2, conf=conf: {index: 1, cur=peers:[s3|localhost:15172, s4|localhost:15176, s0|localhost:15160, s1|localhost:15164, s2|localhost:15168]|listeners:[], old=null} CLOSED
2024-10-09 00:14:44,142 [s3@group-9FC63B188219-LeaderElection21] INFO  impl.LeaderElection (LeaderElection.java:logAndReturn(90)) - s3@group-9FC63B188219-LeaderElection21: PRE_VOTE TIMEOUT received 1 response(s) and 2 exception(s):
2024-10-09 00:14:44,142 [s3@group-9FC63B188219-LeaderElection21] INFO  impl.LeaderElection (LeaderElection.java:logAndReturn(94)) -   Response 0: s3<-s1#0:OK-t2
2024-10-09 00:14:44,142 [s3@group-9FC63B188219-LeaderElection21] INFO  impl.LeaderElection (LogUtils.java:infoOrTrace(136)) -   Exception 1: java.util.concurrent.ExecutionException: java.io.IOException: The peer s4 is not alive.
2024-10-09 00:14:44,142 [s3@group-9FC63B188219-LeaderElection21] INFO  impl.LeaderElection (LogUtils.java:infoOrTrace(136)) -   Exception 2: java.util.concurrent.ExecutionException: java.io.IOException: The peer s2 is not alive.
2024-10-09 00:14:44,142 [s3@group-9FC63B188219-LeaderElection21] INFO  impl.LeaderElection (LeaderElection.java:askForVotes(339)) - s3@group-9FC63B188219-LeaderElection21 PRE_VOTE round 173: result TIMEOUT
2024-10-09 00:14:44,142 [s3@group-9FC63B188219-LeaderElection21] INFO  impl.LeaderElection (LeaderElection.java:askForVotes(337)) - s3@group-9FC63B188219-LeaderElection21 PRE_VOTE round 174: submit vote requests at term 2 for conf: {index: 1, cur=peers:[s3|localhost:15172, s4|localhost:15176, s0|localhost:15160, s1|localhost:15164, s2|localhost:15168]|listeners:[], old=null}
2024-10-09 00:14:44,143 [HandlerDaemon-0] INFO  server.RaftServer$Division (RaftServerImpl.java:requestVote(1443)) - s1@group-9FC63B188219: receive requestVote(PRE_VOTE, s3, group-9FC63B188219, 2, (t:2, i:2))
2024-10-09 00:14:44,143 [HandlerDaemon-0] INFO  impl.VoteContext (VoteContext.java:log(49)) - s1@group-9FC63B188219-CANDIDATE: accept PRE_VOTE from s3: our priority 0 <= candidate's priority 0
2024-10-09 00:14:44,143 [HandlerDaemon-0] INFO  server.RaftServer$Division (RaftServerImpl.java:requestVote(1476)) - s1@group-9FC63B188219 replies to PRE_VOTE vote request: s3<-s1#0:OK-t2. Peer's state: s1@group-9FC63B188219:t2, leader=null, voted=s2, raftlog=Memoized:s1@group-9FC63B188219-SegmentedRaftLog:OPENED:c2:last(t:2, i:2), conf=conf: {index: 1, cur=peers:[s3|localhost:15172, s4|localhost:15176, s0|localhost:15160, s1|localhost:15164, s2|localhost:15168]|listeners:[], old=null}
2024-10-09 00:14:44,145 [s3@group-9FC63B188219-LeaderElection21] INFO  impl.LeaderElection (LogUtils.java:infoOrTrace(136)) - s3@group-9FC63B188219-LeaderElection21 got exception when requesting votes: java.util.concurrent.ExecutionException: java.io.IOException: The peer s4 is not alive.
2024-10-09 00:14:44,145 [s3@group-9FC63B188219-LeaderElection21] INFO  impl.LeaderElection (LogUtils.java:infoOrTrace(136)) - s3@group-9FC63B188219-LeaderElection21 got exception when requesting votes: java.util.concurrent.ExecutionException: java.io.IOException: The peer s2 is not alive.
2024-10-09 00:14:44,299 [s1@group-9FC63B188219-LeaderElection20] INFO  impl.LeaderElection (LeaderElection.java:logAndReturn(90)) - s1@group-9FC63B188219-LeaderElection20: PRE_VOTE TIMEOUT received 1 response(s) and 2 exception(s):
2024-10-09 00:14:44,299 [s1@group-9FC63B188219-LeaderElection20] INFO  impl.LeaderElection (LeaderElection.java:logAndReturn(94)) -   Response 0: s1<-s3#0:OK-t2
2024-10-09 00:14:44,299 [s1@group-9FC63B188219-LeaderElection20] INFO  impl.LeaderElection (LogUtils.java:infoOrTrace(136)) -   Exception 1: java.util.concurrent.ExecutionException: java.io.IOException: The peer s4 is not alive.
2024-10-09 00:14:44,299 [s1@group-9FC63B188219-LeaderElection20] INFO  impl.LeaderElection (LogUtils.java:infoOrTrace(136)) -   Exception 2: java.util.concurrent.ExecutionException: java.io.IOException: The peer s2 is not alive.
2024-10-09 00:14:44,299 [s1@group-9FC63B188219-LeaderElection20] INFO  impl.LeaderElection (LeaderElection.java:askForVotes(339)) - s1@group-9FC63B188219-LeaderElection20 PRE_VOTE round 186: result TIMEOUT
2024-10-09 00:14:44,300 [s1@group-9FC63B188219-LeaderElection20] INFO  impl.LeaderElection (LeaderElection.java:askForVotes(337)) - s1@group-9FC63B188219-LeaderElection20 PRE_VOTE round 187: submit vote requests at term 2 for conf: {index: 1, cur=peers:[s3|localhost:15172, s4|localhost:15176, s0|localhost:15160, s1|localhost:15164, s2|localhost:15168]|listeners:[], old=null}
2024-10-09 00:14:44,300 [HandlerDaemon-1] INFO  server.RaftServer$Division (RaftServerImpl.java:requestVote(1443)) - s3@group-9FC63B188219: receive requestVote(PRE_VOTE, s1, group-9FC63B188219, 2, (t:2, i:2))
2024-10-09 00:14:44,300 [HandlerDaemon-1] INFO  impl.VoteContext (VoteContext.java:log(49)) - s3@group-9FC63B188219-CANDIDATE: accept PRE_VOTE from s1: our priority 0 <= candidate's priority 0
2024-10-09 00:14:44,300 [s1@group-9FC63B188219-LeaderElection20] INFO  impl.LeaderElection (LogUtils.java:infoOrTrace(136)) - s1@group-9FC63B188219-LeaderElection20 got exception when requesting votes: java.util.concurrent.ExecutionException: java.io.IOException: The peer s4 is not alive.
2024-10-09 00:14:44,300 [s1@group-9FC63B188219-LeaderElection20] INFO  impl.LeaderElection (LogUtils.java:infoOrTrace(136)) - s1@group-9FC63B188219-LeaderElection20 got exception when requesting votes: java.util.concurrent.ExecutionException: java.io.IOException: The peer s2 is not alive.
2024-10-09 00:14:44,300 [HandlerDaemon-1] INFO  server.RaftServer$Division (RaftServerImpl.java:requestVote(1476)) - s3@group-9FC63B188219 replies to PRE_VOTE vote request: s1<-s3#0:OK-t2. Peer's state: s3@group-9FC63B188219:t2, leader=null, voted=s2, raftlog=Memoized:s3@group-9FC63B188219-SegmentedRaftLog:OPENED:c2:last(t:2, i:2), conf=conf: {index: 1, cur=peers:[s3|localhost:15172, s4|localhost:15176, s0|localhost:15160, s1|localhost:15164, s2|localhost:15168]|listeners:[], old=null}
2024-10-09 00:14:44,356 [s3@group-9FC63B188219-LeaderElection21] INFO  impl.LeaderElection (LeaderElection.java:logAndReturn(90)) - s3@group-9FC63B188219-LeaderElection21: PRE_VOTE TIMEOUT received 1 response(s) and 2 exception(s):
2024-10-09 00:14:44,356 [s3@group-9FC63B188219-LeaderElection21] INFO  impl.LeaderElection (LeaderElection.java:logAndReturn(94)) -   Response 0: s3<-s1#0:OK-t2
2024-10-09 00:14:44,356 [s3@group-9FC63B188219-LeaderElection21] INFO  impl.LeaderElection (LogUtils.java:infoOrTrace(136)) -   Exception 1: java.util.concurrent.ExecutionException: java.io.IOException: The peer s4 is not alive.
2024-10-09 00:14:44,356 [s3@group-9FC63B188219-LeaderElection21] INFO  impl.LeaderElection (LogUtils.java:infoOrTrace(136)) -   Exception 2: java.util.concurrent.ExecutionException: java.io.IOException: The peer s2 is not alive.
2024-10-09 00:14:44,356 [s3@group-9FC63B188219-LeaderElection21] INFO  impl.LeaderElection (LeaderElection.java:askForVotes(339)) - s3@group-9FC63B188219-LeaderElection21 PRE_VOTE round 174: result TIMEOUT
2024-10-09 00:14:44,356 [s3@group-9FC63B188219-LeaderElection21] INFO  impl.LeaderElection (LeaderElection.java:askForVotes(337)) - s3@group-9FC63B188219-LeaderElection21 PRE_VOTE round 175: submit vote requests at term 2 for conf: {index: 1, cur=peers:[s3|localhost:15172, s4|localhost:15176, s0|localhost:15160, s1|localhost:15164, s2|localhost:15168]|listeners:[], old=null}
2024-10-09 00:14:44,357 [HandlerDaemon-1] INFO  server.RaftServer$Division (RaftServerImpl.java:requestVote(1443)) - s1@group-9FC63B188219: receive requestVote(PRE_VOTE, s3, group-9FC63B188219, 2, (t:2, i:2))
2024-10-09 00:14:44,357 [s3@group-9FC63B188219-LeaderElection21] INFO  impl.LeaderElection (LogUtils.java:infoOrTrace(136)) - s3@group-9FC63B188219-LeaderElection21 got exception when requesting votes: java.util.concurrent.ExecutionException: java.io.IOException: The peer s4 is not alive.
2024-10-09 00:14:44,357 [HandlerDaemon-1] INFO  impl.VoteContext (VoteContext.java:log(49)) - s1@group-9FC63B188219-CANDIDATE: accept PRE_VOTE from s3: our priority 0 <= candidate's priority 0
2024-10-09 00:14:44,357 [s3@group-9FC63B188219-LeaderElection21] INFO  impl.LeaderElection (LogUtils.java:infoOrTrace(136)) - s3@group-9FC63B188219-LeaderElection21 got exception when requesting votes: java.util.concurrent.ExecutionException: java.io.IOException: The peer s2 is not alive.
2024-10-09 00:14:44,357 [HandlerDaemon-1] INFO  server.RaftServer$Division (RaftServerImpl.java:requestVote(1476)) - s1@group-9FC63B188219 replies to PRE_VOTE vote request: s3<-s1#0:OK-t2. Peer's state: s1@group-9FC63B188219:t2, leader=null, voted=s2, raftlog=Memoized:s1@group-9FC63B188219-SegmentedRaftLog:OPENED:c2:last(t:2, i:2), conf=conf: {index: 1, cur=peers:[s3|localhost:15172, s4|localhost:15176, s0|localhost:15160, s1|localhost:15164, s2|localhost:15168]|listeners:[], old=null}
2024-10-09 00:14:44,556 [s1@group-9FC63B188219-LeaderElection20] INFO  impl.LeaderElection (LeaderElection.java:logAndReturn(90)) - s1@group-9FC63B188219-LeaderElection20: PRE_VOTE TIMEOUT received 1 response(s) and 2 exception(s):
2024-10-09 00:14:44,556 [s1@group-9FC63B188219-LeaderElection20] INFO  impl.LeaderElection (LeaderElection.java:logAndReturn(94)) -   Response 0: s1<-s3#0:OK-t2
2024-10-09 00:14:44,556 [s1@group-9FC63B188219-LeaderElection20] INFO  impl.LeaderElection (LogUtils.java:infoOrTrace(136)) -   Exception 1: java.util.concurrent.ExecutionException: java.io.IOException: The peer s4 is not alive.
2024-10-09 00:14:44,556 [s1@group-9FC63B188219-LeaderElection20] INFO  impl.LeaderElection (LogUtils.java:infoOrTrace(136)) -   Exception 2: java.util.concurrent.ExecutionException: java.io.IOException: The peer s2 is not alive.
2024-10-09 00:14:44,556 [s1@group-9FC63B188219-LeaderElection20] INFO  impl.LeaderElection (LeaderElection.java:askForVotes(339)) - s1@group-9FC63B188219-LeaderElection20 PRE_VOTE round 187: result TIMEOUT
2024-10-09 00:14:44,556 [s1@group-9FC63B188219-LeaderElection20] INFO  impl.LeaderElection (LeaderElection.java:askForVotes(337)) - s1@group-9FC63B188219-LeaderElection20 PRE_VOTE round 188: submit vote requests at term 2 for conf: {index: 1, cur=peers:[s3|localhost:15172, s4|localhost:15176, s0|localhost:15160, s1|localhost:15164, s2|localhost:15168]|listeners:[], old=null}
2024-10-09 00:14:44,557 [HandlerDaemon-2] INFO  server.RaftServer$Division (RaftServerImpl.java:requestVote(1443)) - s3@group-9FC63B188219: receive requestVote(PRE_VOTE, s1, group-9FC63B188219, 2, (t:2, i:2))
2024-10-09 00:14:44,557 [HandlerDaemon-2] INFO  impl.VoteContext (VoteContext.java:log(49)) - s3@group-9FC63B188219-CANDIDATE: accept PRE_VOTE from s1: our priority 0 <= candidate's priority 0
2024-10-09 00:14:44,557 [HandlerDaemon-2] INFO  server.RaftServer$Division (RaftServerImpl.java:requestVote(1476)) - s3@group-9FC63B188219 replies to PRE_VOTE vote request: s1<-s3#0:OK-t2. Peer's state: s3@group-9FC63B188219:t2, leader=null, voted=s2, raftlog=Memoized:s3@group-9FC63B188219-SegmentedRaftLog:OPENED:c2:last(t:2, i:2), conf=conf: {index: 1, cur=peers:[s3|localhost:15172, s4|localhost:15176, s0|localhost:15160, s1|localhost:15164, s2|localhost:15168]|listeners:[], old=null}
2024-10-09 00:14:44,557 [s1@group-9FC63B188219-LeaderElection20] INFO  impl.LeaderElection (LogUtils.java:infoOrTrace(136)) - s1@group-9FC63B188219-LeaderElection20 got exception when requesting votes: java.util.concurrent.ExecutionException: java.io.IOException: The peer s4 is not alive.
2024-10-09 00:14:44,557 [s1@group-9FC63B188219-LeaderElection20] INFO  impl.LeaderElection (LogUtils.java:infoOrTrace(136)) - s1@group-9FC63B188219-LeaderElection20 got exception when requesting votes: java.util.concurrent.ExecutionException: java.io.IOException: The peer s2 is not alive.
2024-10-09 00:14:44,583 [main] WARN  ratis.RaftTestUtil (RaftTestUtil.java:lambda$waitForLeader$3(126)) - Attempt #97 failed: java.lang.IllegalStateException: No leader yet : printing ALL groups
  s3:  RUNNING CANDIDATE s3@group-9FC63B188219:t2, leader=null, voted=s2, raftlog=Memoized:s3@group-9FC63B188219-SegmentedRaftLog:OPENED:c2:last(t:2, i:2), conf=conf: {index: 1, cur=peers:[s3|localhost:15172, s4|localhost:15176, s0|localhost:15160, s1|localhost:15164, s2|localhost:15168]|listeners:[], old=null} RUNNING
  s4:   CLOSED    LEADER s4@group-9FC63B188219:t1, leader=s4, voted=s4, raftlog=Memoized:s4@group-9FC63B188219-SegmentedRaftLog:CLOSED:c0, conf=conf: {index: 0, cur=peers:[s3|localhost:15172, s4|localhost:15176, s0|localhost:15160, s1|localhost:15164, s2|localhost:15168]|listeners:[], old=null} CLOSED
  s0:  RUNNING  FOLLOWER s0@group-9FC63B188219:t1, leader=null, voted=null, raftlog=Memoized:s0@group-9FC63B188219-SegmentedRaftLog:OPENED:c-1:lastnull, conf=conf: {index: -1, cur=peers:[s3|localhost:15172, s4|localhost:15176, s0|localhost:15160, s1|localhost:15164, s2|localhost:15168]|listeners:[], old=null} RUNNING
  s1:  RUNNING CANDIDATE s1@group-9FC63B188219:t2, leader=null, voted=s2, raftlog=Memoized:s1@group-9FC63B188219-SegmentedRaftLog:OPENED:c2:last(t:2, i:2), conf=conf: {index: 1, cur=peers:[s3|localhost:15172, s4|localhost:15176, s0|localhost:15160, s1|localhost:15164, s2|localhost:15168]|listeners:[], old=null} RUNNING
  s2:   CLOSED    LEADER s2@group-9FC63B188219:t2, leader=s2, voted=s2, raftlog=Memoized:s2@group-9FC63B188219-SegmentedRaftLog:CLOSED:c2, conf=conf: {index: 1, cur=peers:[s3|localhost:15172, s4|localhost:15176, s0|localhost:15160, s1|localhost:15164, s2|localhost:15168]|listeners:[], old=null} CLOSED
2024-10-09 00:14:44,606 [s3@group-9FC63B188219-LeaderElection21] INFO  impl.LeaderElection (LeaderElection.java:logAndReturn(90)) - s3@group-9FC63B188219-LeaderElection21: PRE_VOTE TIMEOUT received 1 response(s) and 2 exception(s):
2024-10-09 00:14:44,606 [s3@group-9FC63B188219-LeaderElection21] INFO  impl.LeaderElection (LeaderElection.java:logAndReturn(94)) -   Response 0: s3<-s1#0:OK-t2
2024-10-09 00:14:44,606 [s3@group-9FC63B188219-LeaderElection21] INFO  impl.LeaderElection (LogUtils.java:infoOrTrace(136)) -   Exception 1: java.util.concurrent.ExecutionException: java.io.IOException: The peer s4 is not alive.
2024-10-09 00:14:44,606 [s3@group-9FC63B188219-LeaderElection21] INFO  impl.LeaderElection (LogUtils.java:infoOrTrace(136)) -   Exception 2: java.util.concurrent.ExecutionException: java.io.IOException: The peer s2 is not alive.
2024-10-09 00:14:44,606 [s3@group-9FC63B188219-LeaderElection21] INFO  impl.LeaderElection (LeaderElection.java:askForVotes(339)) - s3@group-9FC63B188219-LeaderElection21 PRE_VOTE round 175: result TIMEOUT
2024-10-09 00:14:44,606 [s3@group-9FC63B188219-LeaderElection21] INFO  impl.LeaderElection (LeaderElection.java:askForVotes(337)) - s3@group-9FC63B188219-LeaderElection21 PRE_VOTE round 176: submit vote requests at term 2 for conf: {index: 1, cur=peers:[s3|localhost:15172, s4|localhost:15176, s0|localhost:15160, s1|localhost:15164, s2|localhost:15168]|listeners:[], old=null}
2024-10-09 00:14:44,607 [HandlerDaemon-2] INFO  server.RaftServer$Division (RaftServerImpl.java:requestVote(1443)) - s1@group-9FC63B188219: receive requestVote(PRE_VOTE, s3, group-9FC63B188219, 2, (t:2, i:2))
2024-10-09 00:14:44,607 [s3@group-9FC63B188219-LeaderElection21] INFO  impl.LeaderElection (LogUtils.java:infoOrTrace(136)) - s3@group-9FC63B188219-LeaderElection21 got exception when requesting votes: java.util.concurrent.ExecutionException: java.io.IOException: The peer s4 is not alive.
2024-10-09 00:14:44,607 [HandlerDaemon-2] INFO  impl.VoteContext (VoteContext.java:log(49)) - s1@group-9FC63B188219-CANDIDATE: accept PRE_VOTE from s3: our priority 0 <= candidate's priority 0
2024-10-09 00:14:44,607 [s3@group-9FC63B188219-LeaderElection21] INFO  impl.LeaderElection (LogUtils.java:infoOrTrace(136)) - s3@group-9FC63B188219-LeaderElection21 got exception when requesting votes: java.util.concurrent.ExecutionException: java.io.IOException: The peer s2 is not alive.
2024-10-09 00:14:44,607 [HandlerDaemon-2] INFO  server.RaftServer$Division (RaftServerImpl.java:requestVote(1476)) - s1@group-9FC63B188219 replies to PRE_VOTE vote request: s3<-s1#0:OK-t2. Peer's state: s1@group-9FC63B188219:t2, leader=null, voted=s2, raftlog=Memoized:s1@group-9FC63B188219-SegmentedRaftLog:OPENED:c2:last(t:2, i:2), conf=conf: {index: 1, cur=peers:[s3|localhost:15172, s4|localhost:15176, s0|localhost:15160, s1|localhost:15164, s2|localhost:15168]|listeners:[], old=null}
2024-10-09 00:14:44,725 [s1@group-9FC63B188219-LeaderElection20] INFO  impl.LeaderElection (LeaderElection.java:logAndReturn(90)) - s1@group-9FC63B188219-LeaderElection20: PRE_VOTE TIMEOUT received 1 response(s) and 2 exception(s):
2024-10-09 00:14:44,725 [s1@group-9FC63B188219-LeaderElection20] INFO  impl.LeaderElection (LeaderElection.java:logAndReturn(94)) -   Response 0: s1<-s3#0:OK-t2
2024-10-09 00:14:44,725 [s1@group-9FC63B188219-LeaderElection20] INFO  impl.LeaderElection (LogUtils.java:infoOrTrace(136)) -   Exception 1: java.util.concurrent.ExecutionException: java.io.IOException: The peer s4 is not alive.
2024-10-09 00:14:44,725 [s1@group-9FC63B188219-LeaderElection20] INFO  impl.LeaderElection (LogUtils.java:infoOrTrace(136)) -   Exception 2: java.util.concurrent.ExecutionException: java.io.IOException: The peer s2 is not alive.
2024-10-09 00:14:44,725 [s1@group-9FC63B188219-LeaderElection20] INFO  impl.LeaderElection (LeaderElection.java:askForVotes(339)) - s1@group-9FC63B188219-LeaderElection20 PRE_VOTE round 188: result TIMEOUT
2024-10-09 00:14:44,725 [s1@group-9FC63B188219-LeaderElection20] INFO  impl.LeaderElection (LeaderElection.java:askForVotes(337)) - s1@group-9FC63B188219-LeaderElection20 PRE_VOTE round 189: submit vote requests at term 2 for conf: {index: 1, cur=peers:[s3|localhost:15172, s4|localhost:15176, s0|localhost:15160, s1|localhost:15164, s2|localhost:15168]|listeners:[], old=null}
2024-10-09 00:14:44,726 [HandlerDaemon-0] INFO  server.RaftServer$Division (RaftServerImpl.java:requestVote(1443)) - s3@group-9FC63B188219: receive requestVote(PRE_VOTE, s1, group-9FC63B188219, 2, (t:2, i:2))
2024-10-09 00:14:44,726 [HandlerDaemon-0] INFO  impl.VoteContext (VoteContext.java:log(49)) - s3@group-9FC63B188219-CANDIDATE: accept PRE_VOTE from s1: our priority 0 <= candidate's priority 0
2024-10-09 00:14:44,726 [s1@group-9FC63B188219-LeaderElection20] INFO  impl.LeaderElection (LogUtils.java:infoOrTrace(136)) - s1@group-9FC63B188219-LeaderElection20 got exception when requesting votes: java.util.concurrent.ExecutionException: java.io.IOException: The peer s4 is not alive.
2024-10-09 00:14:44,726 [s1@group-9FC63B188219-LeaderElection20] INFO  impl.LeaderElection (LogUtils.java:infoOrTrace(136)) - s1@group-9FC63B188219-LeaderElection20 got exception when requesting votes: java.util.concurrent.ExecutionException: java.io.IOException: The peer s2 is not alive.
2024-10-09 00:14:44,726 [HandlerDaemon-0] INFO  server.RaftServer$Division (RaftServerImpl.java:requestVote(1476)) - s3@group-9FC63B188219 replies to PRE_VOTE vote request: s1<-s3#0:OK-t2. Peer's state: s3@group-9FC63B188219:t2, leader=null, voted=s2, raftlog=Memoized:s3@group-9FC63B188219-SegmentedRaftLog:OPENED:c2:last(t:2, i:2), conf=conf: {index: 1, cur=peers:[s3|localhost:15172, s4|localhost:15176, s0|localhost:15160, s1|localhost:15164, s2|localhost:15168]|listeners:[], old=null}
2024-10-09 00:14:44,872 [s3@group-9FC63B188219-LeaderElection21] INFO  impl.LeaderElection (LeaderElection.java:logAndReturn(90)) - s3@group-9FC63B188219-LeaderElection21: PRE_VOTE TIMEOUT received 1 response(s) and 2 exception(s):
2024-10-09 00:14:44,872 [s3@group-9FC63B188219-LeaderElection21] INFO  impl.LeaderElection (LeaderElection.java:logAndReturn(94)) -   Response 0: s3<-s1#0:OK-t2
2024-10-09 00:14:44,872 [s3@group-9FC63B188219-LeaderElection21] INFO  impl.LeaderElection (LogUtils.java:infoOrTrace(136)) -   Exception 1: java.util.concurrent.ExecutionException: java.io.IOException: The peer s4 is not alive.
2024-10-09 00:14:44,872 [s3@group-9FC63B188219-LeaderElection21] INFO  impl.LeaderElection (LogUtils.java:infoOrTrace(136)) -   Exception 2: java.util.concurrent.ExecutionException: java.io.IOException: The peer s2 is not alive.
2024-10-09 00:14:44,872 [s3@group-9FC63B188219-LeaderElection21] INFO  impl.LeaderElection (LeaderElection.java:askForVotes(339)) - s3@group-9FC63B188219-LeaderElection21 PRE_VOTE round 176: result TIMEOUT
2024-10-09 00:14:44,872 [s3@group-9FC63B188219-LeaderElection21] INFO  impl.LeaderElection (LeaderElection.java:askForVotes(337)) - s3@group-9FC63B188219-LeaderElection21 PRE_VOTE round 177: submit vote requests at term 2 for conf: {index: 1, cur=peers:[s3|localhost:15172, s4|localhost:15176, s0|localhost:15160, s1|localhost:15164, s2|localhost:15168]|listeners:[], old=null}
2024-10-09 00:14:44,872 [HandlerDaemon-0] INFO  server.RaftServer$Division (RaftServerImpl.java:requestVote(1443)) - s1@group-9FC63B188219: receive requestVote(PRE_VOTE, s3, group-9FC63B188219, 2, (t:2, i:2))
2024-10-09 00:14:44,872 [s3@group-9FC63B188219-LeaderElection21] INFO  impl.LeaderElection (LogUtils.java:infoOrTrace(136)) - s3@group-9FC63B188219-LeaderElection21 got exception when requesting votes: java.util.concurrent.ExecutionException: java.io.IOException: The peer s4 is not alive.
2024-10-09 00:14:44,872 [s3@group-9FC63B188219-LeaderElection21] INFO  impl.LeaderElection (LogUtils.java:infoOrTrace(136)) - s3@group-9FC63B188219-LeaderElection21 got exception when requesting votes: java.util.concurrent.ExecutionException: java.io.IOException: The peer s2 is not alive.
2024-10-09 00:14:44,872 [HandlerDaemon-0] INFO  impl.VoteContext (VoteContext.java:log(49)) - s1@group-9FC63B188219-CANDIDATE: accept PRE_VOTE from s3: our priority 0 <= candidate's priority 0
2024-10-09 00:14:44,873 [HandlerDaemon-0] INFO  server.RaftServer$Division (RaftServerImpl.java:requestVote(1476)) - s1@group-9FC63B188219 replies to PRE_VOTE vote request: s3<-s1#0:OK-t2. Peer's state: s1@group-9FC63B188219:t2, leader=null, voted=s2, raftlog=Memoized:s1@group-9FC63B188219-SegmentedRaftLog:OPENED:c2:last(t:2, i:2), conf=conf: {index: 1, cur=peers:[s3|localhost:15172, s4|localhost:15176, s0|localhost:15160, s1|localhost:15164, s2|localhost:15168]|listeners:[], old=null}
2024-10-09 00:14:45,021 [s1@group-9FC63B188219-LeaderElection20] INFO  impl.LeaderElection (LeaderElection.java:logAndReturn(90)) - s1@group-9FC63B188219-LeaderElection20: PRE_VOTE TIMEOUT received 1 response(s) and 2 exception(s):
2024-10-09 00:14:45,021 [s1@group-9FC63B188219-LeaderElection20] INFO  impl.LeaderElection (LeaderElection.java:logAndReturn(94)) -   Response 0: s1<-s3#0:OK-t2
2024-10-09 00:14:45,021 [s1@group-9FC63B188219-LeaderElection20] INFO  impl.LeaderElection (LogUtils.java:infoOrTrace(136)) -   Exception 1: java.util.concurrent.ExecutionException: java.io.IOException: The peer s4 is not alive.
2024-10-09 00:14:45,021 [s1@group-9FC63B188219-LeaderElection20] INFO  impl.LeaderElection (LogUtils.java:infoOrTrace(136)) -   Exception 2: java.util.concurrent.ExecutionException: java.io.IOException: The peer s2 is not alive.
2024-10-09 00:14:45,021 [s1@group-9FC63B188219-LeaderElection20] INFO  impl.LeaderElection (LeaderElection.java:askForVotes(339)) - s1@group-9FC63B188219-LeaderElection20 PRE_VOTE round 189: result TIMEOUT
2024-10-09 00:14:45,021 [s1@group-9FC63B188219-LeaderElection20] INFO  impl.LeaderElection (LeaderElection.java:askForVotes(337)) - s1@group-9FC63B188219-LeaderElection20 PRE_VOTE round 190: submit vote requests at term 2 for conf: {index: 1, cur=peers:[s3|localhost:15172, s4|localhost:15176, s0|localhost:15160, s1|localhost:15164, s2|localhost:15168]|listeners:[], old=null}
2024-10-09 00:14:45,021 [HandlerDaemon-1] INFO  server.RaftServer$Division (RaftServerImpl.java:requestVote(1443)) - s3@group-9FC63B188219: receive requestVote(PRE_VOTE, s1, group-9FC63B188219, 2, (t:2, i:2))
2024-10-09 00:14:45,021 [HandlerDaemon-1] INFO  impl.VoteContext (VoteContext.java:log(49)) - s3@group-9FC63B188219-CANDIDATE: accept PRE_VOTE from s1: our priority 0 <= candidate's priority 0
2024-10-09 00:14:45,021 [HandlerDaemon-1] INFO  server.RaftServer$Division (RaftServerImpl.java:requestVote(1476)) - s3@group-9FC63B188219 replies to PRE_VOTE vote request: s1<-s3#0:OK-t2. Peer's state: s3@group-9FC63B188219:t2, leader=null, voted=s2, raftlog=Memoized:s3@group-9FC63B188219-SegmentedRaftLog:OPENED:c2:last(t:2, i:2), conf=conf: {index: 1, cur=peers:[s3|localhost:15172, s4|localhost:15176, s0|localhost:15160, s1|localhost:15164, s2|localhost:15168]|listeners:[], old=null}
2024-10-09 00:14:45,021 [s1@group-9FC63B188219-LeaderElection20] INFO  impl.LeaderElection (LogUtils.java:infoOrTrace(136)) - s1@group-9FC63B188219-LeaderElection20 got exception when requesting votes: java.util.concurrent.ExecutionException: java.io.IOException: The peer s4 is not alive.
2024-10-09 00:14:45,022 [s1@group-9FC63B188219-LeaderElection20] INFO  impl.LeaderElection (LogUtils.java:infoOrTrace(136)) - s1@group-9FC63B188219-LeaderElection20 got exception when requesting votes: java.util.concurrent.ExecutionException: java.io.IOException: The peer s2 is not alive.
2024-10-09 00:14:45,034 [main] WARN  ratis.RaftTestUtil (RaftTestUtil.java:lambda$waitForLeader$3(126)) - Attempt #98 failed: java.lang.IllegalStateException: No leader yet : printing ALL groups
  s3:  RUNNING CANDIDATE s3@group-9FC63B188219:t2, leader=null, voted=s2, raftlog=Memoized:s3@group-9FC63B188219-SegmentedRaftLog:OPENED:c2:last(t:2, i:2), conf=conf: {index: 1, cur=peers:[s3|localhost:15172, s4|localhost:15176, s0|localhost:15160, s1|localhost:15164, s2|localhost:15168]|listeners:[], old=null} RUNNING
  s4:   CLOSED    LEADER s4@group-9FC63B188219:t1, leader=s4, voted=s4, raftlog=Memoized:s4@group-9FC63B188219-SegmentedRaftLog:CLOSED:c0, conf=conf: {index: 0, cur=peers:[s3|localhost:15172, s4|localhost:15176, s0|localhost:15160, s1|localhost:15164, s2|localhost:15168]|listeners:[], old=null} CLOSED
  s0:  RUNNING  FOLLOWER s0@group-9FC63B188219:t1, leader=null, voted=null, raftlog=Memoized:s0@group-9FC63B188219-SegmentedRaftLog:OPENED:c-1:lastnull, conf=conf: {index: -1, cur=peers:[s3|localhost:15172, s4|localhost:15176, s0|localhost:15160, s1|localhost:15164, s2|localhost:15168]|listeners:[], old=null} RUNNING
  s1:  RUNNING CANDIDATE s1@group-9FC63B188219:t2, leader=null, voted=s2, raftlog=Memoized:s1@group-9FC63B188219-SegmentedRaftLog:OPENED:c2:last(t:2, i:2), conf=conf: {index: 1, cur=peers:[s3|localhost:15172, s4|localhost:15176, s0|localhost:15160, s1|localhost:15164, s2|localhost:15168]|listeners:[], old=null} RUNNING
  s2:   CLOSED    LEADER s2@group-9FC63B188219:t2, leader=s2, voted=s2, raftlog=Memoized:s2@group-9FC63B188219-SegmentedRaftLog:CLOSED:c2, conf=conf: {index: 1, cur=peers:[s3|localhost:15172, s4|localhost:15176, s0|localhost:15160, s1|localhost:15164, s2|localhost:15168]|listeners:[], old=null} CLOSED
2024-10-09 00:14:45,077 [s3@group-9FC63B188219-LeaderElection21] INFO  impl.LeaderElection (LeaderElection.java:logAndReturn(90)) - s3@group-9FC63B188219-LeaderElection21: PRE_VOTE TIMEOUT received 1 response(s) and 2 exception(s):
2024-10-09 00:14:45,077 [s3@group-9FC63B188219-LeaderElection21] INFO  impl.LeaderElection (LeaderElection.java:logAndReturn(94)) -   Response 0: s3<-s1#0:OK-t2
2024-10-09 00:14:45,077 [s3@group-9FC63B188219-LeaderElection21] INFO  impl.LeaderElection (LogUtils.java:infoOrTrace(136)) -   Exception 1: java.util.concurrent.ExecutionException: java.io.IOException: The peer s4 is not alive.
2024-10-09 00:14:45,078 [s3@group-9FC63B188219-LeaderElection21] INFO  impl.LeaderElection (LogUtils.java:infoOrTrace(136)) -   Exception 2: java.util.concurrent.ExecutionException: java.io.IOException: The peer s2 is not alive.
2024-10-09 00:14:45,078 [s3@group-9FC63B188219-LeaderElection21] INFO  impl.LeaderElection (LeaderElection.java:askForVotes(339)) - s3@group-9FC63B188219-LeaderElection21 PRE_VOTE round 177: result TIMEOUT
2024-10-09 00:14:45,078 [s3@group-9FC63B188219-LeaderElection21] INFO  impl.LeaderElection (LeaderElection.java:askForVotes(337)) - s3@group-9FC63B188219-LeaderElection21 PRE_VOTE round 178: submit vote requests at term 2 for conf: {index: 1, cur=peers:[s3|localhost:15172, s4|localhost:15176, s0|localhost:15160, s1|localhost:15164, s2|localhost:15168]|listeners:[], old=null}
2024-10-09 00:14:45,078 [HandlerDaemon-1] INFO  server.RaftServer$Division (RaftServerImpl.java:requestVote(1443)) - s1@group-9FC63B188219: receive requestVote(PRE_VOTE, s3, group-9FC63B188219, 2, (t:2, i:2))
2024-10-09 00:14:45,078 [HandlerDaemon-1] INFO  impl.VoteContext (VoteContext.java:log(49)) - s1@group-9FC63B188219-CANDIDATE: accept PRE_VOTE from s3: our priority 0 <= candidate's priority 0
2024-10-09 00:14:45,078 [HandlerDaemon-1] INFO  server.RaftServer$Division (RaftServerImpl.java:requestVote(1476)) - s1@group-9FC63B188219 replies to PRE_VOTE vote request: s3<-s1#0:OK-t2. Peer's state: s1@group-9FC63B188219:t2, leader=null, voted=s2, raftlog=Memoized:s1@group-9FC63B188219-SegmentedRaftLog:OPENED:c2:last(t:2, i:2), conf=conf: {index: 1, cur=peers:[s3|localhost:15172, s4|localhost:15176, s0|localhost:15160, s1|localhost:15164, s2|localhost:15168]|listeners:[], old=null}
2024-10-09 00:14:45,078 [s3@group-9FC63B188219-LeaderElection21] INFO  impl.LeaderElection (LogUtils.java:infoOrTrace(136)) - s3@group-9FC63B188219-LeaderElection21 got exception when requesting votes: java.util.concurrent.ExecutionException: java.io.IOException: The peer s4 is not alive.
2024-10-09 00:14:45,078 [s3@group-9FC63B188219-LeaderElection21] INFO  impl.LeaderElection (LogUtils.java:infoOrTrace(136)) - s3@group-9FC63B188219-LeaderElection21 got exception when requesting votes: java.util.concurrent.ExecutionException: java.io.IOException: The peer s2 is not alive.
2024-10-09 00:14:45,175 [s1@group-9FC63B188219-LeaderElection20] INFO  impl.LeaderElection (LeaderElection.java:logAndReturn(90)) - s1@group-9FC63B188219-LeaderElection20: PRE_VOTE TIMEOUT received 1 response(s) and 2 exception(s):
2024-10-09 00:14:45,175 [s1@group-9FC63B188219-LeaderElection20] INFO  impl.LeaderElection (LeaderElection.java:logAndReturn(94)) -   Response 0: s1<-s3#0:OK-t2
2024-10-09 00:14:45,175 [s1@group-9FC63B188219-LeaderElection20] INFO  impl.LeaderElection (LogUtils.java:infoOrTrace(136)) -   Exception 1: java.util.concurrent.ExecutionException: java.io.IOException: The peer s4 is not alive.
2024-10-09 00:14:45,175 [s1@group-9FC63B188219-LeaderElection20] INFO  impl.LeaderElection (LogUtils.java:infoOrTrace(136)) -   Exception 2: java.util.concurrent.ExecutionException: java.io.IOException: The peer s2 is not alive.
2024-10-09 00:14:45,175 [s1@group-9FC63B188219-LeaderElection20] INFO  impl.LeaderElection (LeaderElection.java:askForVotes(339)) - s1@group-9FC63B188219-LeaderElection20 PRE_VOTE round 190: result TIMEOUT
2024-10-09 00:14:45,175 [s1@group-9FC63B188219-LeaderElection20] INFO  impl.LeaderElection (LeaderElection.java:askForVotes(337)) - s1@group-9FC63B188219-LeaderElection20 PRE_VOTE round 191: submit vote requests at term 2 for conf: {index: 1, cur=peers:[s3|localhost:15172, s4|localhost:15176, s0|localhost:15160, s1|localhost:15164, s2|localhost:15168]|listeners:[], old=null}
2024-10-09 00:14:45,175 [HandlerDaemon-2] INFO  server.RaftServer$Division (RaftServerImpl.java:requestVote(1443)) - s3@group-9FC63B188219: receive requestVote(PRE_VOTE, s1, group-9FC63B188219, 2, (t:2, i:2))
2024-10-09 00:14:45,175 [HandlerDaemon-2] INFO  impl.VoteContext (VoteContext.java:log(49)) - s3@group-9FC63B188219-CANDIDATE: accept PRE_VOTE from s1: our priority 0 <= candidate's priority 0
2024-10-09 00:14:45,175 [s1@group-9FC63B188219-LeaderElection20] INFO  impl.LeaderElection (LogUtils.java:infoOrTrace(136)) - s1@group-9FC63B188219-LeaderElection20 got exception when requesting votes: java.util.concurrent.ExecutionException: java.io.IOException: The peer s4 is not alive.
2024-10-09 00:14:45,175 [s1@group-9FC63B188219-LeaderElection20] INFO  impl.LeaderElection (LogUtils.java:infoOrTrace(136)) - s1@group-9FC63B188219-LeaderElection20 got exception when requesting votes: java.util.concurrent.ExecutionException: java.io.IOException: The peer s2 is not alive.
2024-10-09 00:14:45,175 [HandlerDaemon-2] INFO  server.RaftServer$Division (RaftServerImpl.java:requestVote(1476)) - s3@group-9FC63B188219 replies to PRE_VOTE vote request: s1<-s3#0:OK-t2. Peer's state: s3@group-9FC63B188219:t2, leader=null, voted=s2, raftlog=Memoized:s3@group-9FC63B188219-SegmentedRaftLog:OPENED:c2:last(t:2, i:2), conf=conf: {index: 1, cur=peers:[s3|localhost:15172, s4|localhost:15176, s0|localhost:15160, s1|localhost:15164, s2|localhost:15168]|listeners:[], old=null}
2024-10-09 00:14:45,349 [s3@group-9FC63B188219-LeaderElection21] INFO  impl.LeaderElection (LeaderElection.java:logAndReturn(90)) - s3@group-9FC63B188219-LeaderElection21: PRE_VOTE TIMEOUT received 1 response(s) and 2 exception(s):
2024-10-09 00:14:45,349 [s3@group-9FC63B188219-LeaderElection21] INFO  impl.LeaderElection (LeaderElection.java:logAndReturn(94)) -   Response 0: s3<-s1#0:OK-t2
2024-10-09 00:14:45,349 [s3@group-9FC63B188219-LeaderElection21] INFO  impl.LeaderElection (LogUtils.java:infoOrTrace(136)) -   Exception 1: java.util.concurrent.ExecutionException: java.io.IOException: The peer s4 is not alive.
2024-10-09 00:14:45,349 [s3@group-9FC63B188219-LeaderElection21] INFO  impl.LeaderElection (LogUtils.java:infoOrTrace(136)) -   Exception 2: java.util.concurrent.ExecutionException: java.io.IOException: The peer s2 is not alive.
2024-10-09 00:14:45,350 [s3@group-9FC63B188219-LeaderElection21] INFO  impl.LeaderElection (LeaderElection.java:askForVotes(339)) - s3@group-9FC63B188219-LeaderElection21 PRE_VOTE round 178: result TIMEOUT
2024-10-09 00:14:45,350 [s3@group-9FC63B188219-LeaderElection21] INFO  impl.LeaderElection (LeaderElection.java:askForVotes(337)) - s3@group-9FC63B188219-LeaderElection21 PRE_VOTE round 179: submit vote requests at term 2 for conf: {index: 1, cur=peers:[s3|localhost:15172, s4|localhost:15176, s0|localhost:15160, s1|localhost:15164, s2|localhost:15168]|listeners:[], old=null}
2024-10-09 00:14:45,350 [HandlerDaemon-2] INFO  server.RaftServer$Division (RaftServerImpl.java:requestVote(1443)) - s1@group-9FC63B188219: receive requestVote(PRE_VOTE, s3, group-9FC63B188219, 2, (t:2, i:2))
2024-10-09 00:14:45,350 [s3@group-9FC63B188219-LeaderElection21] INFO  impl.LeaderElection (LogUtils.java:infoOrTrace(136)) - s3@group-9FC63B188219-LeaderElection21 got exception when requesting votes: java.util.concurrent.ExecutionException: java.io.IOException: The peer s4 is not alive.
2024-10-09 00:14:45,350 [s3@group-9FC63B188219-LeaderElection21] INFO  impl.LeaderElection (LogUtils.java:infoOrTrace(136)) - s3@group-9FC63B188219-LeaderElection21 got exception when requesting votes: java.util.concurrent.ExecutionException: java.io.IOException: The peer s2 is not alive.
2024-10-09 00:14:45,350 [HandlerDaemon-2] INFO  impl.VoteContext (VoteContext.java:log(49)) - s1@group-9FC63B188219-CANDIDATE: accept PRE_VOTE from s3: our priority 0 <= candidate's priority 0
2024-10-09 00:14:45,350 [HandlerDaemon-2] INFO  server.RaftServer$Division (RaftServerImpl.java:requestVote(1476)) - s1@group-9FC63B188219 replies to PRE_VOTE vote request: s3<-s1#0:OK-t2. Peer's state: s1@group-9FC63B188219:t2, leader=null, voted=s2, raftlog=Memoized:s1@group-9FC63B188219-SegmentedRaftLog:OPENED:c2:last(t:2, i:2), conf=conf: {index: 1, cur=peers:[s3|localhost:15172, s4|localhost:15176, s0|localhost:15160, s1|localhost:15164, s2|localhost:15168]|listeners:[], old=null}
2024-10-09 00:14:45,400 [s1@group-9FC63B188219-LeaderElection20] INFO  impl.LeaderElection (LeaderElection.java:logAndReturn(90)) - s1@group-9FC63B188219-LeaderElection20: PRE_VOTE TIMEOUT received 1 response(s) and 2 exception(s):
2024-10-09 00:14:45,400 [s1@group-9FC63B188219-LeaderElection20] INFO  impl.LeaderElection (LeaderElection.java:logAndReturn(94)) -   Response 0: s1<-s3#0:OK-t2
2024-10-09 00:14:45,400 [s1@group-9FC63B188219-LeaderElection20] INFO  impl.LeaderElection (LogUtils.java:infoOrTrace(136)) -   Exception 1: java.util.concurrent.ExecutionException: java.io.IOException: The peer s4 is not alive.
2024-10-09 00:14:45,401 [s1@group-9FC63B188219-LeaderElection20] INFO  impl.LeaderElection (LogUtils.java:infoOrTrace(136)) -   Exception 2: java.util.concurrent.ExecutionException: java.io.IOException: The peer s2 is not alive.
2024-10-09 00:14:45,401 [s1@group-9FC63B188219-LeaderElection20] INFO  impl.LeaderElection (LeaderElection.java:askForVotes(339)) - s1@group-9FC63B188219-LeaderElection20 PRE_VOTE round 191: result TIMEOUT
2024-10-09 00:14:45,401 [s1@group-9FC63B188219-LeaderElection20] INFO  impl.LeaderElection (LeaderElection.java:askForVotes(337)) - s1@group-9FC63B188219-LeaderElection20 PRE_VOTE round 192: submit vote requests at term 2 for conf: {index: 1, cur=peers:[s3|localhost:15172, s4|localhost:15176, s0|localhost:15160, s1|localhost:15164, s2|localhost:15168]|listeners:[], old=null}
2024-10-09 00:14:45,401 [HandlerDaemon-0] INFO  server.RaftServer$Division (RaftServerImpl.java:requestVote(1443)) - s3@group-9FC63B188219: receive requestVote(PRE_VOTE, s1, group-9FC63B188219, 2, (t:2, i:2))
2024-10-09 00:14:45,401 [HandlerDaemon-0] INFO  impl.VoteContext (VoteContext.java:log(49)) - s3@group-9FC63B188219-CANDIDATE: accept PRE_VOTE from s1: our priority 0 <= candidate's priority 0
2024-10-09 00:14:45,401 [HandlerDaemon-0] INFO  server.RaftServer$Division (RaftServerImpl.java:requestVote(1476)) - s3@group-9FC63B188219 replies to PRE_VOTE vote request: s1<-s3#0:OK-t2. Peer's state: s3@group-9FC63B188219:t2, leader=null, voted=s2, raftlog=Memoized:s3@group-9FC63B188219-SegmentedRaftLog:OPENED:c2:last(t:2, i:2), conf=conf: {index: 1, cur=peers:[s3|localhost:15172, s4|localhost:15176, s0|localhost:15160, s1|localhost:15164, s2|localhost:15168]|listeners:[], old=null}
2024-10-09 00:14:45,401 [s1@group-9FC63B188219-LeaderElection20] INFO  impl.LeaderElection (LogUtils.java:infoOrTrace(136)) - s1@group-9FC63B188219-LeaderElection20 got exception when requesting votes: java.util.concurrent.ExecutionException: java.io.IOException: The peer s4 is not alive.
2024-10-09 00:14:45,401 [s1@group-9FC63B188219-LeaderElection20] INFO  impl.LeaderElection (LogUtils.java:infoOrTrace(136)) - s1@group-9FC63B188219-LeaderElection20 got exception when requesting votes: java.util.concurrent.ExecutionException: java.io.IOException: The peer s2 is not alive.
2024-10-09 00:14:45,484 [main] WARN  ratis.RaftTestUtil (RaftTestUtil.java:lambda$waitForLeader$3(126)) - Attempt #99 failed: java.lang.IllegalStateException: No leader yet : printing ALL groups
  s3:  RUNNING CANDIDATE s3@group-9FC63B188219:t2, leader=null, voted=s2, raftlog=Memoized:s3@group-9FC63B188219-SegmentedRaftLog:OPENED:c2:last(t:2, i:2), conf=conf: {index: 1, cur=peers:[s3|localhost:15172, s4|localhost:15176, s0|localhost:15160, s1|localhost:15164, s2|localhost:15168]|listeners:[], old=null} RUNNING
  s4:   CLOSED    LEADER s4@group-9FC63B188219:t1, leader=s4, voted=s4, raftlog=Memoized:s4@group-9FC63B188219-SegmentedRaftLog:CLOSED:c0, conf=conf: {index: 0, cur=peers:[s3|localhost:15172, s4|localhost:15176, s0|localhost:15160, s1|localhost:15164, s2|localhost:15168]|listeners:[], old=null} CLOSED
  s0:  RUNNING  FOLLOWER s0@group-9FC63B188219:t1, leader=null, voted=null, raftlog=Memoized:s0@group-9FC63B188219-SegmentedRaftLog:OPENED:c-1:lastnull, conf=conf: {index: -1, cur=peers:[s3|localhost:15172, s4|localhost:15176, s0|localhost:15160, s1|localhost:15164, s2|localhost:15168]|listeners:[], old=null} RUNNING
  s1:  RUNNING CANDIDATE s1@group-9FC63B188219:t2, leader=null, voted=s2, raftlog=Memoized:s1@group-9FC63B188219-SegmentedRaftLog:OPENED:c2:last(t:2, i:2), conf=conf: {index: 1, cur=peers:[s3|localhost:15172, s4|localhost:15176, s0|localhost:15160, s1|localhost:15164, s2|localhost:15168]|listeners:[], old=null} RUNNING
  s2:   CLOSED    LEADER s2@group-9FC63B188219:t2, leader=s2, voted=s2, raftlog=Memoized:s2@group-9FC63B188219-SegmentedRaftLog:CLOSED:c2, conf=conf: {index: 1, cur=peers:[s3|localhost:15172, s4|localhost:15176, s0|localhost:15160, s1|localhost:15164, s2|localhost:15168]|listeners:[], old=null} CLOSED
2024-10-09 00:14:45,578 [s1@group-9FC63B188219-LeaderElection20] INFO  impl.LeaderElection (LeaderElection.java:logAndReturn(90)) - s1@group-9FC63B188219-LeaderElection20: PRE_VOTE TIMEOUT received 1 response(s) and 2 exception(s):
2024-10-09 00:14:45,578 [s1@group-9FC63B188219-LeaderElection20] INFO  impl.LeaderElection (LeaderElection.java:logAndReturn(94)) -   Response 0: s1<-s3#0:OK-t2
2024-10-09 00:14:45,578 [s1@group-9FC63B188219-LeaderElection20] INFO  impl.LeaderElection (LogUtils.java:infoOrTrace(136)) -   Exception 1: java.util.concurrent.ExecutionException: java.io.IOException: The peer s4 is not alive.
2024-10-09 00:14:45,578 [s1@group-9FC63B188219-LeaderElection20] INFO  impl.LeaderElection (LogUtils.java:infoOrTrace(136)) -   Exception 2: java.util.concurrent.ExecutionException: java.io.IOException: The peer s2 is not alive.
2024-10-09 00:14:45,578 [s1@group-9FC63B188219-LeaderElection20] INFO  impl.LeaderElection (LeaderElection.java:askForVotes(339)) - s1@group-9FC63B188219-LeaderElection20 PRE_VOTE round 192: result TIMEOUT
2024-10-09 00:14:45,578 [s1@group-9FC63B188219-LeaderElection20] INFO  impl.LeaderElection (LeaderElection.java:askForVotes(337)) - s1@group-9FC63B188219-LeaderElection20 PRE_VOTE round 193: submit vote requests at term 2 for conf: {index: 1, cur=peers:[s3|localhost:15172, s4|localhost:15176, s0|localhost:15160, s1|localhost:15164, s2|localhost:15168]|listeners:[], old=null}
2024-10-09 00:14:45,579 [HandlerDaemon-1] INFO  server.RaftServer$Division (RaftServerImpl.java:requestVote(1443)) - s3@group-9FC63B188219: receive requestVote(PRE_VOTE, s1, group-9FC63B188219, 2, (t:2, i:2))
2024-10-09 00:14:45,579 [HandlerDaemon-1] INFO  impl.VoteContext (VoteContext.java:log(49)) - s3@group-9FC63B188219-CANDIDATE: accept PRE_VOTE from s1: our priority 0 <= candidate's priority 0
2024-10-09 00:14:45,579 [HandlerDaemon-1] INFO  server.RaftServer$Division (RaftServerImpl.java:requestVote(1476)) - s3@group-9FC63B188219 replies to PRE_VOTE vote request: s1<-s3#0:OK-t2. Peer's state: s3@group-9FC63B188219:t2, leader=null, voted=s2, raftlog=Memoized:s3@group-9FC63B188219-SegmentedRaftLog:OPENED:c2:last(t:2, i:2), conf=conf: {index: 1, cur=peers:[s3|localhost:15172, s4|localhost:15176, s0|localhost:15160, s1|localhost:15164, s2|localhost:15168]|listeners:[], old=null}
2024-10-09 00:14:45,579 [s1@group-9FC63B188219-LeaderElection20] INFO  impl.LeaderElection (LogUtils.java:infoOrTrace(136)) - s1@group-9FC63B188219-LeaderElection20 got exception when requesting votes: java.util.concurrent.ExecutionException: java.io.IOException: The peer s4 is not alive.
2024-10-09 00:14:45,579 [s1@group-9FC63B188219-LeaderElection20] INFO  impl.LeaderElection (LogUtils.java:infoOrTrace(136)) - s1@group-9FC63B188219-LeaderElection20 got exception when requesting votes: java.util.concurrent.ExecutionException: java.io.IOException: The peer s2 is not alive.
2024-10-09 00:14:45,630 [s3@group-9FC63B188219-LeaderElection21] INFO  impl.LeaderElection (LeaderElection.java:logAndReturn(90)) - s3@group-9FC63B188219-LeaderElection21: PRE_VOTE TIMEOUT received 1 response(s) and 2 exception(s):
2024-10-09 00:14:45,630 [s3@group-9FC63B188219-LeaderElection21] INFO  impl.LeaderElection (LeaderElection.java:logAndReturn(94)) -   Response 0: s3<-s1#0:OK-t2
2024-10-09 00:14:45,630 [s3@group-9FC63B188219-LeaderElection21] INFO  impl.LeaderElection (LogUtils.java:infoOrTrace(136)) -   Exception 1: java.util.concurrent.ExecutionException: java.io.IOException: The peer s4 is not alive.
2024-10-09 00:14:45,630 [s3@group-9FC63B188219-LeaderElection21] INFO  impl.LeaderElection (LogUtils.java:infoOrTrace(136)) -   Exception 2: java.util.concurrent.ExecutionException: java.io.IOException: The peer s2 is not alive.
2024-10-09 00:14:45,630 [s3@group-9FC63B188219-LeaderElection21] INFO  impl.LeaderElection (LeaderElection.java:askForVotes(339)) - s3@group-9FC63B188219-LeaderElection21 PRE_VOTE round 179: result TIMEOUT
2024-10-09 00:14:45,631 [s3@group-9FC63B188219-LeaderElection21] INFO  impl.LeaderElection (LeaderElection.java:askForVotes(337)) - s3@group-9FC63B188219-LeaderElection21 PRE_VOTE round 180: submit vote requests at term 2 for conf: {index: 1, cur=peers:[s3|localhost:15172, s4|localhost:15176, s0|localhost:15160, s1|localhost:15164, s2|localhost:15168]|listeners:[], old=null}
2024-10-09 00:14:45,631 [HandlerDaemon-0] INFO  server.RaftServer$Division (RaftServerImpl.java:requestVote(1443)) - s1@group-9FC63B188219: receive requestVote(PRE_VOTE, s3, group-9FC63B188219, 2, (t:2, i:2))
2024-10-09 00:14:45,631 [s3@group-9FC63B188219-LeaderElection21] INFO  impl.LeaderElection (LogUtils.java:infoOrTrace(136)) - s3@group-9FC63B188219-LeaderElection21 got exception when requesting votes: java.util.concurrent.ExecutionException: java.io.IOException: The peer s4 is not alive.
2024-10-09 00:14:45,631 [HandlerDaemon-0] INFO  impl.VoteContext (VoteContext.java:log(49)) - s1@group-9FC63B188219-CANDIDATE: accept PRE_VOTE from s3: our priority 0 <= candidate's priority 0
2024-10-09 00:14:45,631 [s3@group-9FC63B188219-LeaderElection21] INFO  impl.LeaderElection (LogUtils.java:infoOrTrace(136)) - s3@group-9FC63B188219-LeaderElection21 got exception when requesting votes: java.util.concurrent.ExecutionException: java.io.IOException: The peer s2 is not alive.
2024-10-09 00:14:45,631 [HandlerDaemon-0] INFO  server.RaftServer$Division (RaftServerImpl.java:requestVote(1476)) - s1@group-9FC63B188219 replies to PRE_VOTE vote request: s3<-s1#0:OK-t2. Peer's state: s1@group-9FC63B188219:t2, leader=null, voted=s2, raftlog=Memoized:s1@group-9FC63B188219-SegmentedRaftLog:OPENED:c2:last(t:2, i:2), conf=conf: {index: 1, cur=peers:[s3|localhost:15172, s4|localhost:15176, s0|localhost:15160, s1|localhost:15164, s2|localhost:15168]|listeners:[], old=null}
2024-10-09 00:14:45,766 [s1@group-9FC63B188219-LeaderElection20] INFO  impl.LeaderElection (LeaderElection.java:logAndReturn(90)) - s1@group-9FC63B188219-LeaderElection20: PRE_VOTE TIMEOUT received 1 response(s) and 2 exception(s):
2024-10-09 00:14:45,766 [s1@group-9FC63B188219-LeaderElection20] INFO  impl.LeaderElection (LeaderElection.java:logAndReturn(94)) -   Response 0: s1<-s3#0:OK-t2
2024-10-09 00:14:45,766 [s1@group-9FC63B188219-LeaderElection20] INFO  impl.LeaderElection (LogUtils.java:infoOrTrace(136)) -   Exception 1: java.util.concurrent.ExecutionException: java.io.IOException: The peer s4 is not alive.
2024-10-09 00:14:45,766 [s1@group-9FC63B188219-LeaderElection20] INFO  impl.LeaderElection (LogUtils.java:infoOrTrace(136)) -   Exception 2: java.util.concurrent.ExecutionException: java.io.IOException: The peer s2 is not alive.
2024-10-09 00:14:45,766 [s1@group-9FC63B188219-LeaderElection20] INFO  impl.LeaderElection (LeaderElection.java:askForVotes(339)) - s1@group-9FC63B188219-LeaderElection20 PRE_VOTE round 193: result TIMEOUT
2024-10-09 00:14:45,766 [s1@group-9FC63B188219-LeaderElection20] INFO  impl.LeaderElection (LeaderElection.java:askForVotes(337)) - s1@group-9FC63B188219-LeaderElection20 PRE_VOTE round 194: submit vote requests at term 2 for conf: {index: 1, cur=peers:[s3|localhost:15172, s4|localhost:15176, s0|localhost:15160, s1|localhost:15164, s2|localhost:15168]|listeners:[], old=null}
2024-10-09 00:14:45,766 [HandlerDaemon-2] INFO  server.RaftServer$Division (RaftServerImpl.java:requestVote(1443)) - s3@group-9FC63B188219: receive requestVote(PRE_VOTE, s1, group-9FC63B188219, 2, (t:2, i:2))
2024-10-09 00:14:45,767 [HandlerDaemon-2] INFO  impl.VoteContext (VoteContext.java:log(49)) - s3@group-9FC63B188219-CANDIDATE: accept PRE_VOTE from s1: our priority 0 <= candidate's priority 0
2024-10-09 00:14:45,767 [HandlerDaemon-2] INFO  server.RaftServer$Division (RaftServerImpl.java:requestVote(1476)) - s3@group-9FC63B188219 replies to PRE_VOTE vote request: s1<-s3#0:OK-t2. Peer's state: s3@group-9FC63B188219:t2, leader=null, voted=s2, raftlog=Memoized:s3@group-9FC63B188219-SegmentedRaftLog:OPENED:c2:last(t:2, i:2), conf=conf: {index: 1, cur=peers:[s3|localhost:15172, s4|localhost:15176, s0|localhost:15160, s1|localhost:15164, s2|localhost:15168]|listeners:[], old=null}
2024-10-09 00:14:45,767 [s1@group-9FC63B188219-LeaderElection20] INFO  impl.LeaderElection (LogUtils.java:infoOrTrace(136)) - s1@group-9FC63B188219-LeaderElection20 got exception when requesting votes: java.util.concurrent.ExecutionException: java.io.IOException: The peer s4 is not alive.
2024-10-09 00:14:45,767 [s1@group-9FC63B188219-LeaderElection20] INFO  impl.LeaderElection (LogUtils.java:infoOrTrace(136)) - s1@group-9FC63B188219-LeaderElection20 got exception when requesting votes: java.util.concurrent.ExecutionException: java.io.IOException: The peer s2 is not alive.
2024-10-09 00:14:45,858 [s3@group-9FC63B188219-LeaderElection21] INFO  impl.LeaderElection (LeaderElection.java:logAndReturn(90)) - s3@group-9FC63B188219-LeaderElection21: PRE_VOTE TIMEOUT received 1 response(s) and 2 exception(s):
2024-10-09 00:14:45,858 [s3@group-9FC63B188219-LeaderElection21] INFO  impl.LeaderElection (LeaderElection.java:logAndReturn(94)) -   Response 0: s3<-s1#0:OK-t2
2024-10-09 00:14:45,858 [s3@group-9FC63B188219-LeaderElection21] INFO  impl.LeaderElection (LogUtils.java:infoOrTrace(136)) -   Exception 1: java.util.concurrent.ExecutionException: java.io.IOException: The peer s4 is not alive.
2024-10-09 00:14:45,858 [s3@group-9FC63B188219-LeaderElection21] INFO  impl.LeaderElection (LogUtils.java:infoOrTrace(136)) -   Exception 2: java.util.concurrent.ExecutionException: java.io.IOException: The peer s2 is not alive.
2024-10-09 00:14:45,858 [s3@group-9FC63B188219-LeaderElection21] INFO  impl.LeaderElection (LeaderElection.java:askForVotes(339)) - s3@group-9FC63B188219-LeaderElection21 PRE_VOTE round 180: result TIMEOUT
2024-10-09 00:14:45,858 [s3@group-9FC63B188219-LeaderElection21] INFO  impl.LeaderElection (LeaderElection.java:askForVotes(337)) - s3@group-9FC63B188219-LeaderElection21 PRE_VOTE round 181: submit vote requests at term 2 for conf: {index: 1, cur=peers:[s3|localhost:15172, s4|localhost:15176, s0|localhost:15160, s1|localhost:15164, s2|localhost:15168]|listeners:[], old=null}
2024-10-09 00:14:45,859 [HandlerDaemon-1] INFO  server.RaftServer$Division (RaftServerImpl.java:requestVote(1443)) - s1@group-9FC63B188219: receive requestVote(PRE_VOTE, s3, group-9FC63B188219, 2, (t:2, i:2))
2024-10-09 00:14:45,859 [s3@group-9FC63B188219-LeaderElection21] INFO  impl.LeaderElection (LogUtils.java:infoOrTrace(136)) - s3@group-9FC63B188219-LeaderElection21 got exception when requesting votes: java.util.concurrent.ExecutionException: java.io.IOException: The peer s4 is not alive.
2024-10-09 00:14:45,859 [HandlerDaemon-1] INFO  impl.VoteContext (VoteContext.java:log(49)) - s1@group-9FC63B188219-CANDIDATE: accept PRE_VOTE from s3: our priority 0 <= candidate's priority 0
2024-10-09 00:14:45,859 [s3@group-9FC63B188219-LeaderElection21] INFO  impl.LeaderElection (LogUtils.java:infoOrTrace(136)) - s3@group-9FC63B188219-LeaderElection21 got exception when requesting votes: java.util.concurrent.ExecutionException: java.io.IOException: The peer s2 is not alive.
2024-10-09 00:14:45,859 [HandlerDaemon-1] INFO  server.RaftServer$Division (RaftServerImpl.java:requestVote(1476)) - s1@group-9FC63B188219 replies to PRE_VOTE vote request: s3<-s1#0:OK-t2. Peer's state: s1@group-9FC63B188219:t2, leader=null, voted=s2, raftlog=Memoized:s1@group-9FC63B188219-SegmentedRaftLog:OPENED:c2:last(t:2, i:2), conf=conf: {index: 1, cur=peers:[s3|localhost:15172, s4|localhost:15176, s0|localhost:15160, s1|localhost:15164, s2|localhost:15168]|listeners:[], old=null}
2024-10-09 00:14:45,935 [main] WARN  ratis.RaftTestUtil (RaftTestUtil.java:lambda$waitForLeader$3(126)) - Attempt #100 failed: java.lang.IllegalStateException: No leader yet : printing ALL groups
  s3:  RUNNING CANDIDATE s3@group-9FC63B188219:t2, leader=null, voted=s2, raftlog=Memoized:s3@group-9FC63B188219-SegmentedRaftLog:OPENED:c2:last(t:2, i:2), conf=conf: {index: 1, cur=peers:[s3|localhost:15172, s4|localhost:15176, s0|localhost:15160, s1|localhost:15164, s2|localhost:15168]|listeners:[], old=null} RUNNING
  s4:   CLOSED    LEADER s4@group-9FC63B188219:t1, leader=s4, voted=s4, raftlog=Memoized:s4@group-9FC63B188219-SegmentedRaftLog:CLOSED:c0, conf=conf: {index: 0, cur=peers:[s3|localhost:15172, s4|localhost:15176, s0|localhost:15160, s1|localhost:15164, s2|localhost:15168]|listeners:[], old=null} CLOSED
  s0:  RUNNING  FOLLOWER s0@group-9FC63B188219:t1, leader=null, voted=null, raftlog=Memoized:s0@group-9FC63B188219-SegmentedRaftLog:OPENED:c-1:lastnull, conf=conf: {index: -1, cur=peers:[s3|localhost:15172, s4|localhost:15176, s0|localhost:15160, s1|localhost:15164, s2|localhost:15168]|listeners:[], old=null} RUNNING
  s1:  RUNNING CANDIDATE s1@group-9FC63B188219:t2, leader=null, voted=s2, raftlog=Memoized:s1@group-9FC63B188219-SegmentedRaftLog:OPENED:c2:last(t:2, i:2), conf=conf: {index: 1, cur=peers:[s3|localhost:15172, s4|localhost:15176, s0|localhost:15160, s1|localhost:15164, s2|localhost:15168]|listeners:[], old=null} RUNNING
  s2:   CLOSED    LEADER s2@group-9FC63B188219:t2, leader=s2, voted=s2, raftlog=Memoized:s2@group-9FC63B188219-SegmentedRaftLog:CLOSED:c2, conf=conf: {index: 1, cur=peers:[s3|localhost:15172, s4|localhost:15176, s0|localhost:15160, s1|localhost:15164, s2|localhost:15168]|listeners:[], old=null} CLOSED
]]></system-out>
  </testcase>
  <testcase name="testChangeFollowerToListener" classname="org.apache.ratis.server.simulation.TestLeaderElectionWithSimulatedRpc" time="1.872"/>
  <testcase name="testTransferLeader" classname="org.apache.ratis.server.simulation.TestLeaderElectionWithSimulatedRpc" time="2.321"/>
  <testcase name="testPauseResumeLeaderElection" classname="org.apache.ratis.server.simulation.TestLeaderElectionWithSimulatedRpc" time="2.068"/>
  <testcase name="testYieldLeaderToHigherPriority" classname="org.apache.ratis.server.simulation.TestLeaderElectionWithSimulatedRpc" time="2.844"/>
  <testcase name="testLeaderLeaseDuringReconfiguration" classname="org.apache.ratis.server.simulation.TestLeaderElectionWithSimulatedRpc" time="1.683"/>
  <testcase name="testChangeLeader" classname="org.apache.ratis.server.simulation.TestLeaderElectionWithSimulatedRpc" time="5.971"/>
  <testcase name="testChangeListenerToFollower" classname="org.apache.ratis.server.simulation.TestLeaderElectionWithSimulatedRpc" time="1.762"/>
  <testcase name="testShutdownBeforeStart" classname="org.apache.ratis.server.simulation.TestLeaderElectionWithSimulatedRpc" time="1.409"/>
  <testcase name="testLeaderLease" classname="org.apache.ratis.server.simulation.TestLeaderElectionWithSimulatedRpc" time="1.745"/>
  <testcase name="testLeaderNotCountListenerForMajority" classname="org.apache.ratis.server.simulation.TestLeaderElectionWithSimulatedRpc" time="1.772"/>
  <testcase name="testImmediatelyRevertedToFollower" classname="org.apache.ratis.server.simulation.TestLeaderElectionWithSimulatedRpc" time="0.005"/>
  <testcase name="testLeaderElectionMetrics" classname="org.apache.ratis.server.simulation.TestLeaderElectionWithSimulatedRpc" time="1.439"/>
</testsuite>