<?xml version="1.0" encoding="UTF-8"?>
<testsuite xmlns:xsi="http://www.w3.org/2001/XMLSchema-instance" xsi:noNamespaceSchemaLocation="https://maven.apache.org/surefire/maven-surefire-plugin/xsd/surefire-test-report.xsd" name="org.apache.ratis.grpc.TestServerRestartWithGrpc" time="9.888" tests="5" errors="0" skipped="0" failures="1">
  <properties>
    <property name="awt.toolkit" value="sun.awt.X11.XToolkit"/>
    <property name="file.encoding.pkg" value="sun.io"/>
    <property name="java.specification.version" value="1.8"/>
    <property name="sun.cpu.isalist" value=""/>
    <property name="sun.jnu.encoding" value="UTF-8"/>
    <property name="java.class.path" value="/home/runner/work/ratis/ratis/ratis-test/target/test-classes:/home/runner/work/ratis/ratis/ratis-test/target/classes:/home/runner/work/ratis/ratis/ratis-common/target/classes:/home/runner/.m2/repository/org/apache/ratis/ratis-thirdparty-misc/1.0.1/ratis-thirdparty-misc-1.0.1.jar:/home/runner/work/ratis/ratis/ratis-proto/target/ratis-proto-3.0.0-SNAPSHOT.jar:/home/runner/work/ratis/ratis/ratis-common/target/test-classes:/home/runner/work/ratis/ratis/ratis-client/target/classes:/home/runner/work/ratis/ratis/ratis-server/target/classes:/home/runner/work/ratis/ratis/ratis-server-api/target/classes:/home/runner/work/ratis/ratis/ratis-metrics/target/classes:/home/runner/work/ratis/ratis/ratis-server/target/test-classes:/home/runner/work/ratis/ratis/ratis-netty/target/classes:/home/runner/work/ratis/ratis/ratis-netty/target/test-classes:/home/runner/work/ratis/ratis/ratis-grpc/target/classes:/home/runner/work/ratis/ratis/ratis-grpc/target/test-classes:/home/runner/.m2/repository/org/slf4j/slf4j-api/1.7.29/slf4j-api-1.7.29.jar:/home/runner/.m2/repository/org/slf4j/slf4j-log4j12/1.7.29/slf4j-log4j12-1.7.29.jar:/home/runner/.m2/repository/log4j/log4j/1.2.17/log4j-1.2.17.jar:/home/runner/.m2/repository/junit/junit/4.13.2/junit-4.13.2.jar:/home/runner/.m2/repository/org/hamcrest/hamcrest-core/1.3/hamcrest-core-1.3.jar:/home/runner/.m2/repository/org/mockito/mockito-core/4.3.1/mockito-core-4.3.1.jar:/home/runner/.m2/repository/net/bytebuddy/byte-buddy/1.12.7/byte-buddy-1.12.7.jar:/home/runner/.m2/repository/net/bytebuddy/byte-buddy-agent/1.12.7/byte-buddy-agent-1.12.7.jar:/home/runner/.m2/repository/org/objenesis/objenesis/3.2/objenesis-3.2.jar:/home/runner/work/ratis/ratis/ratis-shell/target/classes:/home/runner/.m2/repository/commons-cli/commons-cli/1.5.0/commons-cli-1.5.0.jar:/home/runner/.m2/repository/org/reflections/reflections/0.10.2/reflections-0.10.2.jar:/home/runner/.m2/repository/org/javassist/javassist/3.28.0-GA/javassist-3.28.0-GA.jar:/home/runner/.m2/repository/com/google/code/findbugs/jsr305/3.0.2/jsr305-3.0.2.jar:"/>
    <property name="java.vm.vendor" value="Temurin"/>
    <property name="sun.arch.data.model" value="64"/>
    <property name="java.vendor.url" value="https://adoptium.net/"/>
    <property name="user.timezone" value=""/>
    <property name="java.vm.specification.version" value="1.8"/>
    <property name="os.name" value="Linux"/>
    <property name="sun.java.launcher" value="SUN_STANDARD"/>
    <property name="sun.boot.library.path" value="/usr/lib/jvm/temurin-8-jdk-amd64/jre/lib/amd64"/>
    <property name="sun.java.command" value="/home/runner/work/ratis/ratis/ratis-test/target/surefire/surefirebooter5536632262434083570.jar /home/runner/work/ratis/ratis/ratis-test/target/surefire 2022-07-14T15-50-59_274-jvmRun1 surefire7617178723879804025tmp surefire_31884191727252895443tmp"/>
    <property name="surefire.test.class.path" value="/home/runner/work/ratis/ratis/ratis-test/target/test-classes:/home/runner/work/ratis/ratis/ratis-test/target/classes:/home/runner/work/ratis/ratis/ratis-common/target/classes:/home/runner/.m2/repository/org/apache/ratis/ratis-thirdparty-misc/1.0.1/ratis-thirdparty-misc-1.0.1.jar:/home/runner/work/ratis/ratis/ratis-proto/target/ratis-proto-3.0.0-SNAPSHOT.jar:/home/runner/work/ratis/ratis/ratis-common/target/test-classes:/home/runner/work/ratis/ratis/ratis-client/target/classes:/home/runner/work/ratis/ratis/ratis-server/target/classes:/home/runner/work/ratis/ratis/ratis-server-api/target/classes:/home/runner/work/ratis/ratis/ratis-metrics/target/classes:/home/runner/work/ratis/ratis/ratis-server/target/test-classes:/home/runner/work/ratis/ratis/ratis-netty/target/classes:/home/runner/work/ratis/ratis/ratis-netty/target/test-classes:/home/runner/work/ratis/ratis/ratis-grpc/target/classes:/home/runner/work/ratis/ratis/ratis-grpc/target/test-classes:/home/runner/.m2/repository/org/slf4j/slf4j-api/1.7.29/slf4j-api-1.7.29.jar:/home/runner/.m2/repository/org/slf4j/slf4j-log4j12/1.7.29/slf4j-log4j12-1.7.29.jar:/home/runner/.m2/repository/log4j/log4j/1.2.17/log4j-1.2.17.jar:/home/runner/.m2/repository/junit/junit/4.13.2/junit-4.13.2.jar:/home/runner/.m2/repository/org/hamcrest/hamcrest-core/1.3/hamcrest-core-1.3.jar:/home/runner/.m2/repository/org/mockito/mockito-core/4.3.1/mockito-core-4.3.1.jar:/home/runner/.m2/repository/net/bytebuddy/byte-buddy/1.12.7/byte-buddy-1.12.7.jar:/home/runner/.m2/repository/net/bytebuddy/byte-buddy-agent/1.12.7/byte-buddy-agent-1.12.7.jar:/home/runner/.m2/repository/org/objenesis/objenesis/3.2/objenesis-3.2.jar:/home/runner/work/ratis/ratis/ratis-shell/target/classes:/home/runner/.m2/repository/commons-cli/commons-cli/1.5.0/commons-cli-1.5.0.jar:/home/runner/.m2/repository/org/reflections/reflections/0.10.2/reflections-0.10.2.jar:/home/runner/.m2/repository/org/javassist/javassist/3.28.0-GA/javassist-3.28.0-GA.jar:/home/runner/.m2/repository/com/google/code/findbugs/jsr305/3.0.2/jsr305-3.0.2.jar:"/>
    <property name="sun.cpu.endian" value="little"/>
    <property name="user.home" value="/home/runner"/>
    <property name="user.language" value="en"/>
    <property name="java.specification.vendor" value="Oracle Corporation"/>
    <property name="java.home" value="/usr/lib/jvm/temurin-8-jdk-amd64/jre"/>
    <property name="basedir" value="/home/runner/work/ratis/ratis/ratis-test"/>
    <property name="file.separator" value="/"/>
    <property name="line.separator" value="&#10;"/>
    <property name="java.vm.specification.vendor" value="Oracle Corporation"/>
    <property name="java.specification.name" value="Java Platform API Specification"/>
    <property name="java.awt.graphicsenv" value="sun.awt.X11GraphicsEnvironment"/>
    <property name="surefire.real.class.path" value="/home/runner/work/ratis/ratis/ratis-test/target/surefire/surefirebooter5536632262434083570.jar"/>
    <property name="sun.boot.class.path" value="/usr/lib/jvm/temurin-8-jdk-amd64/jre/lib/resources.jar:/usr/lib/jvm/temurin-8-jdk-amd64/jre/lib/rt.jar:/usr/lib/jvm/temurin-8-jdk-amd64/jre/lib/sunrsasign.jar:/usr/lib/jvm/temurin-8-jdk-amd64/jre/lib/jsse.jar:/usr/lib/jvm/temurin-8-jdk-amd64/jre/lib/jce.jar:/usr/lib/jvm/temurin-8-jdk-amd64/jre/lib/charsets.jar:/usr/lib/jvm/temurin-8-jdk-amd64/jre/lib/jfr.jar:/usr/lib/jvm/temurin-8-jdk-amd64/jre/classes"/>
    <property name="sun.management.compiler" value="HotSpot 64-Bit Tiered Compilers"/>
    <property name="java.runtime.version" value="1.8.0_332-b09"/>
    <property name="java.net.preferIPv4Stack" value="true"/>
    <property name="user.name" value="runner"/>
    <property name="path.separator" value=":"/>
    <property name="os.version" value="5.4.0-1085-azure"/>
    <property name="java.endorsed.dirs" value="/usr/lib/jvm/temurin-8-jdk-amd64/jre/lib/endorsed"/>
    <property name="java.runtime.name" value="OpenJDK Runtime Environment"/>
    <property name="file.encoding" value="UTF-8"/>
    <property name="java.vm.name" value="OpenJDK 64-Bit Server VM"/>
    <property name="localRepository" value="/home/runner/.m2/repository"/>
    <property name="java.vendor.url.bug" value="https://github.com/adoptium/adoptium-support/issues"/>
    <property name="java.io.tmpdir" value="/tmp"/>
    <property name="java.version" value="1.8.0_332"/>
    <property name="user.dir" value="/home/runner/work/ratis/ratis/ratis-test"/>
    <property name="os.arch" value="amd64"/>
    <property name="ratis.tmp.dir" value="/home/runner/work/ratis/ratis/ratis-test/target/tmp"/>
    <property name="java.vm.specification.name" value="Java Virtual Machine Specification"/>
    <property name="java.awt.printerjob" value="sun.print.PSPrinterJob"/>
    <property name="ratis.log.dir" value="/home/runner/work/ratis/ratis/ratis-test/target/log"/>
    <property name="sun.os.patch.level" value="unknown"/>
    <property name="java.library.path" value="/usr/java/packages/lib/amd64:/usr/lib64:/lib64:/lib:/usr/lib"/>
    <property name="java.vm.info" value="mixed mode"/>
    <property name="java.vendor" value="Temurin"/>
    <property name="java.vm.version" value="25.332-b09"/>
    <property name="java.ext.dirs" value="/usr/lib/jvm/temurin-8-jdk-amd64/jre/lib/ext:/usr/java/packages/lib/ext"/>
    <property name="sun.io.unicode.encoding" value="UnicodeLittle"/>
    <property name="java.class.version" value="52.0"/>
  </properties>
  <testcase name="testRestartWithCorruptedLogHeader" classname="org.apache.ratis.grpc.TestServerRestartWithGrpc" time="2.839"/>
  <testcase name="testRestartWithCorruptedLogEntryWithWarnAndReturn" classname="org.apache.ratis.grpc.TestServerRestartWithGrpc" time="1.278"/>
  <testcase name="testRestartCommitIndex" classname="org.apache.ratis.grpc.TestServerRestartWithGrpc" time="1.109"/>
  <testcase name="testRestartFollower" classname="org.apache.ratis.grpc.TestServerRestartWithGrpc" time="3.428"/>
  <testcase name="testRestartWithCorruptedLogEntryWithException" classname="org.apache.ratis.grpc.TestServerRestartWithGrpc" time="1.172">
    <failure message="The test &quot;restart-fail-ChecksumException&quot; does not throw anything." type="java.lang.AssertionError">java.lang.AssertionError: The test "restart-fail-ChecksumException" does not throw anything.
	at org.apache.ratis.BaseTest.testFailureCase(BaseTest.java:159)
	at org.apache.ratis.BaseTest.testFailureCase(BaseTest.java:167)
	at org.apache.ratis.server.ServerRestartTests.testRestartWithCorruptedLogEntryWithException(ServerRestartTests.java:345)
	at sun.reflect.NativeMethodAccessorImpl.invoke0(Native Method)
	at sun.reflect.NativeMethodAccessorImpl.invoke(NativeMethodAccessorImpl.java:62)
	at sun.reflect.DelegatingMethodAccessorImpl.invoke(DelegatingMethodAccessorImpl.java:43)
	at java.lang.reflect.Method.invoke(Method.java:498)
	at org.junit.runners.model.FrameworkMethod$1.runReflectiveCall(FrameworkMethod.java:59)
	at org.junit.internal.runners.model.ReflectiveCallable.run(ReflectiveCallable.java:12)
	at org.junit.runners.model.FrameworkMethod.invokeExplosively(FrameworkMethod.java:56)
	at org.junit.internal.runners.statements.InvokeMethod.evaluate(InvokeMethod.java:17)
	at org.junit.internal.runners.statements.RunAfters.evaluate(RunAfters.java:27)
	at org.junit.internal.runners.statements.FailOnTimeout$CallableStatement.call(FailOnTimeout.java:299)
	at org.junit.internal.runners.statements.FailOnTimeout$CallableStatement.call(FailOnTimeout.java:293)
	at java.util.concurrent.FutureTask.run(FutureTask.java:266)
	at java.lang.Thread.run(Thread.java:750)
</failure>
    <system-out><![CDATA[2022-07-14 15:51:53,754 [main] INFO  util.LogUtils (Log4jUtils.java:setLogLevel(32)) - Set org.apache.ratis.conf.ConfUtils log level to WARN
2022-07-14 15:51:53,754 [main] INFO  util.LogUtils (Log4jUtils.java:setLogLevel(32)) - Set org.apache.ratis.util.FileUtils log level to TRACE
2022-07-14 15:51:53,754 [main] INFO  util.LogUtils (Log4jUtils.java:setLogLevel(32)) - Set org.apache.ratis.server.raftlog.RaftLog log level to DEBUG
2022-07-14 15:51:53,755 [Time-limited test] INFO  server.RaftServerConfigKeys (ConfUtils.java:logGet(46)) - raft.server.log.corruption.policy = EXCEPTION (default)
2022-07-14 15:51:53,755 [Time-limited test] INFO  grpc.TestServerRestartWithGrpc (BaseTest.java:testFailureCase(151)) - run 'restart-fail-ChecksumException'
2022-07-14 15:51:53,756 [Time-limited test] INFO  impl.MiniRaftCluster (MiniRaftCluster.java:runWithNewCluster(119)) - Running runWithNewCluster
2022-07-14 15:51:53,756 [Time-limited test] INFO  impl.MiniRaftCluster (MiniRaftCluster.java:<init>(272)) - new MiniRaftClusterWithGrpc with group-EF46AB43B6D1:[s0|rpc:localhost:43475|admin:localhost:45325|client:localhost:34737|dataStream:localhost:45327|priority:0]
2022-07-14 15:51:53,756 [Time-limited test] INFO  impl.MiniRaftCluster (MiniRaftCluster.java:start(304)) - .............................................................. 
2022-07-14 15:51:53,756 [Time-limited test] INFO  impl.MiniRaftCluster (MiniRaftCluster.java:start(305)) - ... 
2022-07-14 15:51:53,756 [Time-limited test] INFO  impl.MiniRaftCluster (MiniRaftCluster.java:start(306)) - ...     Starting MiniRaftClusterWithGrpc
2022-07-14 15:51:53,756 [Time-limited test] INFO  impl.MiniRaftCluster (MiniRaftCluster.java:start(307)) - ... 
2022-07-14 15:51:53,756 [Time-limited test] INFO  impl.MiniRaftCluster (MiniRaftCluster.java:start(308)) - .............................................................. 
2022-07-14 15:51:53,756 [Time-limited test] INFO  impl.MiniRaftCluster (MiniRaftCluster.java:initServers(284)) - servers = {}
2022-07-14 15:51:53,756 [Time-limited test] INFO  impl.MiniRaftCluster (MiniRaftCluster.java:newRaftServer(348)) - newRaftServer: s0, group-EF46AB43B6D1:[s0|rpc:localhost:43475|admin:localhost:45325|client:localhost:34737|dataStream:localhost:45327|priority:0], format? true
2022-07-14 15:51:53,756 [Time-limited test] TRACE util.FileUtils (FileUtils.java:deleteFully(162)) - deleteFully target/test/data/7931f2a6/MiniRaftClusterWithGrpc6c3cfa42/s0
2022-07-14 15:51:53,757 [Time-limited test] TRACE util.FileUtils (FileUtils.java:deleteFully(178)) - deleteFully: target/test/data/7931f2a6/MiniRaftClusterWithGrpc6c3cfa42/s0 does not exist.
2022-07-14 15:51:53,757 [Time-limited test] INFO  impl.MiniRaftCluster (MiniRaftCluster.java:newRaftServer(353)) - Formatted directory target/test/data/7931f2a6/MiniRaftClusterWithGrpc6c3cfa42/s0
2022-07-14 15:51:53,757 [Time-limited test] INFO  server.RaftServer (ConfUtils.java:logGet(46)) - raft.rpc.type = GRPC (default)
2022-07-14 15:51:53,758 [Time-limited test] INFO  grpc.GrpcConfigKeys (ConfUtils.java:logGet(46)) - raft.grpc.admin.port = 45325 (custom)
2022-07-14 15:51:53,758 [Time-limited test] INFO  grpc.GrpcConfigKeys (ConfUtils.java:logGet(46)) - raft.grpc.client.port = 34737 (custom)
2022-07-14 15:51:53,758 [Time-limited test] INFO  grpc.GrpcConfigKeys (ConfUtils.java:logGet(46)) - raft.grpc.server.port = 43475 (custom)
2022-07-14 15:51:53,758 [Time-limited test] INFO  server.GrpcService (ConfUtils.java:logGet(46)) - raft.grpc.message.size.max = 64MB (=67108864) (default)
2022-07-14 15:51:53,758 [Time-limited test] INFO  server.RaftServerConfigKeys (ConfUtils.java:logGet(46)) - raft.server.log.appender.buffer.byte-limit = 4MB (=4194304) (default)
2022-07-14 15:51:53,758 [Time-limited test] INFO  server.GrpcService (ConfUtils.java:logGet(46)) - raft.grpc.flow.control.window = 1MB (=1048576) (default)
2022-07-14 15:51:53,758 [Time-limited test] INFO  server.RaftServerConfigKeys (ConfUtils.java:logGet(46)) - raft.server.rpc.request.timeout = 3000ms (default)
2022-07-14 15:51:53,758 [Time-limited test] INFO  grpc.GrpcConfigKeys (ConfUtils.java:logGet(46)) - raft.grpc.server.async.request.thread.pool.cached = true (default)
2022-07-14 15:51:53,758 [Time-limited test] INFO  grpc.GrpcConfigKeys (ConfUtils.java:logGet(46)) - raft.grpc.server.async.request.thread.pool.size = 32 (default)
2022-07-14 15:51:53,759 [Time-limited test] INFO  impl.DataStreamServerImpl (ConfUtils.java:logGet(46)) - raft.datastream.type = DISABLED (default)
2022-07-14 15:51:53,759 [Time-limited test] INFO  server.RaftServerConfigKeys (ConfUtils.java:logGet(46)) - raft.server.threadpool.proxy.cached = true (default)
2022-07-14 15:51:53,760 [Time-limited test] INFO  server.RaftServerConfigKeys (ConfUtils.java:logGet(46)) - raft.server.threadpool.proxy.size = 0 (default)
2022-07-14 15:51:53,760 [Time-limited test] INFO  server.RaftServerConfigKeys (ConfUtils.java:logGet(46)) - raft.server.rpc.slowness.timeout = 60s (default)
2022-07-14 15:51:53,760 [Time-limited test] INFO  server.RaftServerConfigKeys (ConfUtils.java:logGet(46)) - raft.server.leaderelection.leader.step-down.wait-time = 10s (default)
2022-07-14 15:51:53,760 [Time-limited test] INFO  server.RaftServerConfigKeys (ConfUtils.java:logGet(46)) - raft.server.storage.dir = [/home/runner/work/ratis/ratis/ratis-test/target/test/data/7931f2a6/MiniRaftClusterWithGrpc6c3cfa42/s0] (custom)
2022-07-14 15:51:53,760 [Time-limited test] INFO  server.RaftServer (RaftServerProxy.java:addNew(96)) - s0: addNew group-EF46AB43B6D1:[s0|rpc:localhost:43475|admin:localhost:45325|client:localhost:34737|dataStream:localhost:45327|priority:0] returns group-EF46AB43B6D1:java.util.concurrent.CompletableFuture@40077f32[Not completed]
2022-07-14 15:51:53,761 [pool-51-thread-1] INFO  server.RaftServerConfigKeys (ConfUtils.java:logGet(46)) - raft.server.log.segment.size.max = 8MB (=8388608) (default)
2022-07-14 15:51:53,761 [pool-51-thread-1] INFO  server.RaftServerConfigKeys (ConfUtils.java:logGet(46)) - raft.server.log.preallocated.size = 4MB (=4194304) (default)
2022-07-14 15:51:53,761 [pool-51-thread-1] INFO  server.RaftServerConfigKeys (ConfUtils.java:logGet(46)) - raft.server.log.write.buffer.size = 64KB (=65536) (default)
2022-07-14 15:51:53,761 [pool-51-thread-1] INFO  server.RaftServer$Division (RaftServerImpl.java:<init>(191)) - s0: new RaftServerImpl for group-EF46AB43B6D1:[s0|rpc:localhost:43475|admin:localhost:45325|client:localhost:34737|dataStream:localhost:45327|priority:0] with SimpleStateMachine4Testing:uninitialized
2022-07-14 15:51:53,761 [pool-51-thread-1] INFO  server.RaftServerConfigKeys (ConfUtils.java:logGet(46)) - raft.server.rpc.timeout.min = 150ms (default)
2022-07-14 15:51:53,761 [pool-51-thread-1] INFO  server.RaftServerConfigKeys (ConfUtils.java:logGet(46)) - raft.server.rpc.timeout.max = 300ms (default)
2022-07-14 15:51:53,761 [pool-51-thread-1] INFO  server.RaftServerConfigKeys (ConfUtils.java:logGet(46)) - raft.server.rpc.sleep.time = 25ms (default)
2022-07-14 15:51:53,761 [pool-51-thread-1] INFO  server.RaftServerConfigKeys (ConfUtils.java:logGet(46)) - raft.server.rpc.slowness.timeout = 60s (default)
2022-07-14 15:51:53,761 [pool-51-thread-1] INFO  server.RaftServerConfigKeys (ConfUtils.java:logGet(46)) - raft.server.leaderelection.leader.step-down.wait-time = 10s (default)
2022-07-14 15:51:53,761 [pool-51-thread-1] INFO  server.RaftServerConfigKeys (ConfUtils.java:logGet(46)) - raft.server.sleep.deviation.threshold = 300ms (default)
2022-07-14 15:51:53,761 [pool-51-thread-1] INFO  server.RaftServer$Division (ServerState.java:<init>(109)) - s0@group-EF46AB43B6D1: ConfigurationManager, init=-1: [s0|rpc:localhost:43475|admin:localhost:45325|client:localhost:34737|dataStream:localhost:45327|priority:0], old=null, confs=<EMPTY_MAP>
2022-07-14 15:51:53,761 [pool-51-thread-1] INFO  server.RaftServerConfigKeys (ConfUtils.java:logGet(46)) - raft.server.storage.dir = [/home/runner/work/ratis/ratis/ratis-test/target/test/data/7931f2a6/MiniRaftClusterWithGrpc6c3cfa42/s0] (custom)
2022-07-14 15:51:53,761 [pool-51-thread-1] INFO  server.RaftServerConfigKeys (ConfUtils.java:logGet(46)) - raft.server.log.corruption.policy = EXCEPTION (default)
2022-07-14 15:51:53,761 [pool-51-thread-1] INFO  server.RaftServerConfigKeys (ConfUtils.java:logGet(46)) - raft.server.storage.free-space.min = 0MB (=0) (default)
2022-07-14 15:51:53,762 [pool-51-thread-1] INFO  server.RaftServerConfigKeys (ConfUtils.java:logGet(46)) - raft.server.notification.no-leader.timeout = 60s (default)
2022-07-14 15:51:53,762 [pool-51-thread-1] INFO  server.RaftServerConfigKeys (ConfUtils.java:logGet(46)) - raft.server.retrycache.expirytime = 60s (default)
2022-07-14 15:51:53,762 [pool-51-thread-1] INFO  server.RaftServerConfigKeys (ConfUtils.java:logGet(46)) - raft.server.retrycache.statistics.expirytime = 100μs (default)
2022-07-14 15:51:53,762 [pool-51-thread-1] INFO  server.RaftServerConfigKeys (ConfUtils.java:logGet(46)) - raft.server.log.appender.install.snapshot.enabled = true (default)
2022-07-14 15:51:53,762 [pool-51-thread-1] INFO  server.RaftServerConfigKeys (ConfUtils.java:logGet(46)) - raft.server.threadpool.server.cached = true (default)
2022-07-14 15:51:53,762 [pool-51-thread-1] INFO  server.RaftServerConfigKeys (ConfUtils.java:logGet(46)) - raft.server.threadpool.server.size = 0 (default)
2022-07-14 15:51:53,762 [pool-51-thread-1] INFO  server.RaftServerConfigKeys (ConfUtils.java:logGet(46)) - raft.server.threadpool.client.cached = true (default)
2022-07-14 15:51:53,762 [pool-51-thread-1] INFO  server.RaftServerConfigKeys (ConfUtils.java:logGet(46)) - raft.server.threadpool.client.size = 0 (default)
2022-07-14 15:51:53,762 [s0-impl-thread1] INFO  storage.RaftStorageDirectory (RaftStorageDirectoryImpl.java:analyzeStorage(137)) - The storage directory /home/runner/work/ratis/ratis/ratis-test/target/test/data/7931f2a6/MiniRaftClusterWithGrpc6c3cfa42/s0/d33854d5-690d-4a13-9a9e-ef46ab43b6d1 does not exist. Creating ...
2022-07-14 15:51:53,763 [s0-impl-thread1] TRACE util.FileUtils (LogUtils.java:runAndLog(49)) - Successfully ran Files.createDirectories /home/runner/work/ratis/ratis/ratis-test/target/test/data/7931f2a6/MiniRaftClusterWithGrpc6c3cfa42/s0/d33854d5-690d-4a13-9a9e-ef46ab43b6d1
2022-07-14 15:51:53,765 [s0-impl-thread1] INFO  storage.RaftStorageDirectory (RaftStorageDirectoryImpl.java:tryLock(231)) - Lock on /home/runner/work/ratis/ratis/ratis-test/target/test/data/7931f2a6/MiniRaftClusterWithGrpc6c3cfa42/s0/d33854d5-690d-4a13-9a9e-ef46ab43b6d1/in_use.lock acquired by nodename 2870@fv-az19-88.qshv2cuglvnexe3d5dxh0psqja.cx.internal.cloudapp.net
2022-07-14 15:51:53,765 [s0-impl-thread1] TRACE util.FileUtils (LogUtils.java:runAndLog(49)) - Successfully ran Files.createDirectories /home/runner/work/ratis/ratis/ratis-test/target/test/data/7931f2a6/MiniRaftClusterWithGrpc6c3cfa42/s0/d33854d5-690d-4a13-9a9e-ef46ab43b6d1/current
2022-07-14 15:51:53,765 [s0-impl-thread1] TRACE util.FileUtils (LogUtils.java:runAndLog(49)) - Successfully ran Files.createDirectories /home/runner/work/ratis/ratis/ratis-test/target/test/data/7931f2a6/MiniRaftClusterWithGrpc6c3cfa42/s0/d33854d5-690d-4a13-9a9e-ef46ab43b6d1/sm
2022-07-14 15:51:53,765 [s0-impl-thread1] INFO  storage.RaftStorage (RaftStorageImpl.java:format(96)) - Storage directory /home/runner/work/ratis/ratis/ratis-test/target/test/data/7931f2a6/MiniRaftClusterWithGrpc6c3cfa42/s0/d33854d5-690d-4a13-9a9e-ef46ab43b6d1 has been successfully formatted.
2022-07-14 15:51:53,766 [s0-impl-thread1] INFO  statemachine.SimpleStateMachine4Testing (SimpleStateMachine4Testing.java:initialize(212)) - Initializing SimpleStateMachine4Testing:uninitialized
2022-07-14 15:51:53,766 [s0-impl-thread1] INFO  statemachine.SimpleStateMachine4Testing (SimpleStateMachine4Testing.java:loadSnapshot(306)) - The snapshot file null does not exist
2022-07-14 15:51:53,766 [s0-impl-thread1] INFO  server.RaftServerConfigKeys (ConfUtils.java:logGet(46)) - raft.server.log.use.memory = false (default)
2022-07-14 15:51:53,766 [s0-impl-thread1] INFO  server.RaftServerConfigKeys (ConfUtils.java:logGet(46)) - raft.server.log.purge.gap = 1024 (default)
2022-07-14 15:51:53,766 [s0-impl-thread1] INFO  server.RaftServerConfigKeys (ConfUtils.java:logGet(46)) - raft.server.log.appender.buffer.byte-limit = 4MB (=4194304) (default)
2022-07-14 15:51:53,766 [s0-impl-thread1] INFO  server.RaftServerConfigKeys (ConfUtils.java:logGet(46)) - raft.server.log.statemachine.data.read.timeout = 1000ms (default)
2022-07-14 15:51:53,766 [s0-impl-thread1] INFO  server.RaftServerConfigKeys (ConfUtils.java:logGet(46)) - raft.server.log.segment.size.max = 8KB (=8192) (custom)
2022-07-14 15:51:53,766 [s0-impl-thread1] INFO  server.RaftServerConfigKeys (ConfUtils.java:logGet(46)) - raft.server.log.segment.cache.num.max = 6 (default)
2022-07-14 15:51:53,766 [s0-impl-thread1] INFO  server.RaftServerConfigKeys (ConfUtils.java:logGet(46)) - raft.server.log.segment.cache.size.max = 200MB (=209715200) (default)
2022-07-14 15:51:53,766 [s0-impl-thread1] INFO  segmented.SegmentedRaftLogWorker (SegmentedRaftLogWorker.java:<init>(187)) - new s0@group-EF46AB43B6D1-SegmentedRaftLogWorker for RaftStorageImpl:Storage Directory /home/runner/work/ratis/ratis/ratis-test/target/test/data/7931f2a6/MiniRaftClusterWithGrpc6c3cfa42/s0/d33854d5-690d-4a13-9a9e-ef46ab43b6d1
2022-07-14 15:51:53,766 [s0-impl-thread1] INFO  server.RaftServerConfigKeys (ConfUtils.java:logGet(46)) - raft.server.log.queue.byte-limit = 64MB (=67108864) (default)
2022-07-14 15:51:53,766 [s0-impl-thread1] INFO  server.RaftServerConfigKeys (ConfUtils.java:logGet(46)) - raft.server.log.queue.element-limit = 4096 (default)
2022-07-14 15:51:53,766 [s0-impl-thread1] INFO  server.RaftServerConfigKeys (ConfUtils.java:logGet(46)) - raft.server.log.segment.size.max = 8KB (=8192) (custom)
2022-07-14 15:51:53,766 [s0-impl-thread1] INFO  server.RaftServerConfigKeys (ConfUtils.java:logGet(46)) - raft.server.log.preallocated.size = 4MB (=4194304) (default)
2022-07-14 15:51:53,766 [s0-impl-thread1] INFO  server.RaftServerConfigKeys (ConfUtils.java:logGet(46)) - raft.server.log.force.sync.num = 128 (default)
2022-07-14 15:51:53,766 [s0-impl-thread1] INFO  server.RaftServerConfigKeys (ConfUtils.java:logGet(46)) - raft.server.log.statemachine.data.sync = true (default)
2022-07-14 15:51:53,766 [s0-impl-thread1] INFO  server.RaftServerConfigKeys (ConfUtils.java:logGet(46)) - raft.server.log.statemachine.data.sync.timeout = 10s (default)
2022-07-14 15:51:53,766 [s0-impl-thread1] INFO  server.RaftServerConfigKeys (ConfUtils.java:logGet(46)) - raft.server.log.statemachine.data.sync.timeout.retry = -1 (default)
2022-07-14 15:51:53,767 [s0-impl-thread1] INFO  server.RaftServerConfigKeys (ConfUtils.java:logGet(46)) - raft.server.log.write.buffer.size = 64KB (=65536) (default)
2022-07-14 15:51:53,767 [s0-impl-thread1] INFO  server.RaftServerConfigKeys (ConfUtils.java:logGet(46)) - raft.server.log.unsafe-flush.enabled = false (default)
2022-07-14 15:51:53,767 [s0-impl-thread1] INFO  server.RaftServerConfigKeys (ConfUtils.java:logGet(46)) - raft.server.log.statemachine.data.caching.enabled = false (default)
2022-07-14 15:51:53,767 [s0-impl-thread1] TRACE segmented.SegmentedRaftLogCache (AutoCloseableReadWriteLock.java:logLocking(65)) - s0@group-EF46AB43B6D1: readLock ACQUIRED 1 by SegmentedRaftLogCache$LogSegmentList.isEmpty
2022-07-14 15:51:53,767 [s0-impl-thread1] TRACE segmented.SegmentedRaftLogCache (AutoCloseableReadWriteLock.java:logLocking(65)) - s0@group-EF46AB43B6D1: readLock RELEASED 0 by SegmentedRaftLogCache$LogSegmentList.isEmpty
2022-07-14 15:51:53,767 [s0-impl-thread1] TRACE segmented.SegmentedRaftLogCache (AutoCloseableReadWriteLock.java:logLocking(65)) - s0@group-EF46AB43B6D1: readLock ACQUIRED 1 by SegmentedRaftLogCache.getEndIndex
2022-07-14 15:51:53,767 [s0-impl-thread1] TRACE segmented.SegmentedRaftLogCache (AutoCloseableReadWriteLock.java:logLocking(65)) -   s0@group-EF46AB43B6D1: readLock ACQUIRED 2 by SegmentedRaftLogCache$LogSegmentList.isEmpty
2022-07-14 15:51:53,767 [s0-impl-thread1] TRACE segmented.SegmentedRaftLogCache (AutoCloseableReadWriteLock.java:logLocking(65)) -   s0@group-EF46AB43B6D1: readLock RELEASED 1 by SegmentedRaftLogCache$LogSegmentList.isEmpty
2022-07-14 15:51:53,767 [s0-impl-thread1] TRACE segmented.SegmentedRaftLogCache (AutoCloseableReadWriteLock.java:logLocking(65)) - s0@group-EF46AB43B6D1: readLock RELEASED 0 by SegmentedRaftLogCache.getEndIndex
2022-07-14 15:51:53,767 [s0-impl-thread1] TRACE segmented.SegmentedRaftLogCache (AutoCloseableReadWriteLock.java:logLocking(65)) - s0@group-EF46AB43B6D1: readLock ACQUIRED 1 by SegmentedRaftLogCache.getLastIndexInClosedSegments
2022-07-14 15:51:53,767 [s0-impl-thread1] TRACE segmented.SegmentedRaftLogCache (AutoCloseableReadWriteLock.java:logLocking(65)) -   s0@group-EF46AB43B6D1: readLock ACQUIRED 2 by SegmentedRaftLogCache$LogSegmentList.isEmpty
2022-07-14 15:51:53,767 [s0-impl-thread1] TRACE segmented.SegmentedRaftLogCache (AutoCloseableReadWriteLock.java:logLocking(65)) -   s0@group-EF46AB43B6D1: readLock RELEASED 1 by SegmentedRaftLogCache$LogSegmentList.isEmpty
2022-07-14 15:51:53,767 [s0-impl-thread1] TRACE segmented.SegmentedRaftLogCache (AutoCloseableReadWriteLock.java:logLocking(65)) - s0@group-EF46AB43B6D1: readLock RELEASED 0 by SegmentedRaftLogCache.getLastIndexInClosedSegments
2022-07-14 15:51:53,767 [s0-impl-thread1] INFO  segmented.SegmentedRaftLogWorker (SegmentedRaftLogWorker.java:lambda$new$0(135)) - s0@group-EF46AB43B6D1-SegmentedRaftLogWorker: flushIndex: setUnconditionally 0 -> -1
2022-07-14 15:51:53,767 [s0-impl-thread1] INFO  segmented.SegmentedRaftLogWorker (SegmentedRaftLogWorker.java:lambda$new$0(135)) - s0@group-EF46AB43B6D1-SegmentedRaftLogWorker: safeCacheEvictIndex: setUnconditionally 0 -> -1
2022-07-14 15:51:53,771 [s0-impl-thread1] TRACE segmented.SegmentedRaftLogCache (AutoCloseableReadWriteLock.java:logLocking(65)) - s0@group-EF46AB43B6D1: readLock ACQUIRED 1 by SegmentedRaftLogCache.getStartIndex
2022-07-14 15:51:53,771 [s0-impl-thread1] TRACE segmented.SegmentedRaftLogCache (AutoCloseableReadWriteLock.java:logLocking(65)) -   s0@group-EF46AB43B6D1: readLock ACQUIRED 2 by SegmentedRaftLogCache$LogSegmentList.isEmpty
2022-07-14 15:51:53,771 [s0-impl-thread1] TRACE segmented.SegmentedRaftLogCache (AutoCloseableReadWriteLock.java:logLocking(65)) -   s0@group-EF46AB43B6D1: readLock RELEASED 1 by SegmentedRaftLogCache$LogSegmentList.isEmpty
2022-07-14 15:51:53,771 [s0-impl-thread1] TRACE segmented.SegmentedRaftLogCache (AutoCloseableReadWriteLock.java:logLocking(65)) - s0@group-EF46AB43B6D1: readLock RELEASED 0 by SegmentedRaftLogCache.getStartIndex
2022-07-14 15:51:53,771 [s0-impl-thread1] INFO  server.RaftServer$Division (RaftServerImpl.java:start(313)) - s0@group-EF46AB43B6D1: start as a follower, conf=-1: [s0|rpc:localhost:43475|admin:localhost:45325|client:localhost:34737|dataStream:localhost:45327|priority:0], old=null
2022-07-14 15:51:53,771 [s0-impl-thread1] INFO  server.RaftServer$Division (RaftServerImpl.java:setRole(300)) - s0@group-EF46AB43B6D1: changes role from      null to FOLLOWER at term 0 for startAsFollower
2022-07-14 15:51:53,771 [s0-impl-thread1] INFO  impl.RoleInfo (RoleInfo.java:updateAndGet(139)) - s0: start s0@group-EF46AB43B6D1-FollowerState
2022-07-14 15:51:53,772 [s0-impl-thread1] INFO  util.JmxRegister (JmxRegister.java:tryRegister(44)) - Successfully registered JMX Bean with object name Ratis:service=RaftServer,group=group-EF46AB43B6D1,id=s0
2022-07-14 15:51:53,772 [s0-impl-thread1] INFO  server.RaftServerConfigKeys (ConfUtils.java:logGet(46)) - raft.server.snapshot.auto.trigger.enabled = false (default)
2022-07-14 15:51:53,772 [s0-impl-thread1] INFO  server.RaftServerConfigKeys (ConfUtils.java:logGet(46)) - raft.server.snapshot.retention.file.num = -1 (default)
2022-07-14 15:51:53,772 [s0-impl-thread1] INFO  server.RaftServerConfigKeys (ConfUtils.java:logGet(46)) - raft.server.log.purge.upto.snapshot.index = false (default)
2022-07-14 15:51:53,772 [Time-limited test] INFO  server.RaftServer (RaftServerProxy.java:startImpl(385)) - s0: start RPC server
2022-07-14 15:51:53,773 [Time-limited test] INFO  server.GrpcService (GrpcService.java:startImpl(260)) - s0: GrpcService started, listening on 43475
2022-07-14 15:51:53,773 [Time-limited test] INFO  server.GrpcService (GrpcService.java:startImpl(260)) - s0: GrpcService started, listening on 45325
2022-07-14 15:51:53,774 [Time-limited test] INFO  server.GrpcService (GrpcService.java:startImpl(260)) - s0: GrpcService started, listening on 34737
2022-07-14 15:51:53,775 [org.apache.ratis.util.JvmPauseMonitor$$Lambda$286/2097283891@3fefd0b6] INFO  util.JvmPauseMonitor (JvmPauseMonitor.java:run(103)) - JvmPauseMonitor-s0: Started
2022-07-14 15:51:53,779 [Time-limited test] INFO  server.RaftServerConfigKeys (ConfUtils.java:logGet(46)) - raft.server.rpc.timeout.max = 300ms (default)
2022-07-14 15:51:53,779 [Time-limited test] INFO  ratis.RaftTestUtil (RaftTestUtil.java:waitForLeader(100)) - printing ALL groups
  s0:  RUNNING  FOLLOWER s0@group-EF46AB43B6D1:t0, leader=null, voted=, raftlog=Memoized:s0@group-EF46AB43B6D1-SegmentedRaftLog:OPENED:c-1, conf=-1: [s0|rpc:localhost:43475|admin:localhost:45325|client:localhost:34737|dataStream:localhost:45327|priority:0], old=null RUNNING
2022-07-14 15:51:53,779 [Time-limited test] WARN  ratis.RaftTestUtil (JavaUtils.java:attempt(172)) - FAILED "waitForLeader-null-(expectLeader? true)", attempt #1/100: java.lang.IllegalStateException: No leader yet : printing ALL groups
  s0:  RUNNING  FOLLOWER s0@group-EF46AB43B6D1:t0, leader=null, voted=, raftlog=Memoized:s0@group-EF46AB43B6D1-SegmentedRaftLog:OPENED:c-1, conf=-1: [s0|rpc:localhost:43475|admin:localhost:45325|client:localhost:34737|dataStream:localhost:45327|priority:0], old=null RUNNING, sleep 450ms and then retry.
java.lang.IllegalStateException: No leader yet : printing ALL groups
  s0:  RUNNING  FOLLOWER s0@group-EF46AB43B6D1:t0, leader=null, voted=, raftlog=Memoized:s0@group-EF46AB43B6D1-SegmentedRaftLog:OPENED:c-1, conf=-1: [s0|rpc:localhost:43475|admin:localhost:45325|client:localhost:34737|dataStream:localhost:45327|priority:0], old=null RUNNING
	at org.apache.ratis.server.impl.MiniRaftCluster.newIllegalStateExceptionForNoLeaders(MiniRaftCluster.java:535)
	at org.apache.ratis.RaftTestUtil.lambda$waitForLeader$1(RaftTestUtil.java:104)
	at org.apache.ratis.server.impl.MiniRaftCluster.getLeader(MiniRaftCluster.java:569)
	at org.apache.ratis.server.impl.MiniRaftCluster.getLeader(MiniRaftCluster.java:562)
	at org.apache.ratis.RaftTestUtil.lambda$waitForLeader$3(RaftTestUtil.java:112)
	at org.apache.ratis.util.JavaUtils.attempt(JavaUtils.java:166)
	at org.apache.ratis.util.JavaUtils.attemptRepeatedly(JavaUtils.java:152)
	at org.apache.ratis.RaftTestUtil.waitForLeader(RaftTestUtil.java:111)
	at org.apache.ratis.RaftTestUtil.waitForLeader(RaftTestUtil.java:92)
	at org.apache.ratis.RaftTestUtil.waitForLeader(RaftTestUtil.java:87)
	at org.apache.ratis.server.ServerRestartTests.runTestRestartWithCorruptedLogEntry(ServerRestartTests.java:354)
	at org.apache.ratis.server.impl.MiniRaftCluster$Factory$Get.runWithNewCluster(MiniRaftCluster.java:125)
	at org.apache.ratis.server.impl.MiniRaftCluster$Factory$Get.runWithNewCluster(MiniRaftCluster.java:113)
	at org.apache.ratis.server.ServerRestartTests.lambda$testRestartWithCorruptedLogEntryWithException$11(ServerRestartTests.java:346)
	at org.apache.ratis.BaseTest.testFailureCase(BaseTest.java:154)
	at org.apache.ratis.BaseTest.testFailureCase(BaseTest.java:167)
	at org.apache.ratis.server.ServerRestartTests.testRestartWithCorruptedLogEntryWithException(ServerRestartTests.java:345)
	at sun.reflect.NativeMethodAccessorImpl.invoke0(Native Method)
	at sun.reflect.NativeMethodAccessorImpl.invoke(NativeMethodAccessorImpl.java:62)
	at sun.reflect.DelegatingMethodAccessorImpl.invoke(DelegatingMethodAccessorImpl.java:43)
	at java.lang.reflect.Method.invoke(Method.java:498)
	at org.junit.runners.model.FrameworkMethod$1.runReflectiveCall(FrameworkMethod.java:59)
	at org.junit.internal.runners.model.ReflectiveCallable.run(ReflectiveCallable.java:12)
	at org.junit.runners.model.FrameworkMethod.invokeExplosively(FrameworkMethod.java:56)
	at org.junit.internal.runners.statements.InvokeMethod.evaluate(InvokeMethod.java:17)
	at org.junit.internal.runners.statements.RunAfters.evaluate(RunAfters.java:27)
	at org.junit.internal.runners.statements.FailOnTimeout$CallableStatement.call(FailOnTimeout.java:299)
	at org.junit.internal.runners.statements.FailOnTimeout$CallableStatement.call(FailOnTimeout.java:293)
	at java.util.concurrent.FutureTask.run(FutureTask.java:266)
	at java.lang.Thread.run(Thread.java:750)
2022-07-14 15:51:53,988 [s0@group-EF46AB43B6D1-FollowerState] INFO  impl.FollowerState (FollowerState.java:run(143)) - s0@group-EF46AB43B6D1-FollowerState: change to CANDIDATE, lastRpcElapsedTime:216865353ns, electionTimeout:216ms
2022-07-14 15:51:53,988 [s0@group-EF46AB43B6D1-FollowerState] INFO  impl.RoleInfo (RoleInfo.java:shutdownFollowerState(110)) - s0: shutdown s0@group-EF46AB43B6D1-FollowerState
2022-07-14 15:51:53,989 [s0@group-EF46AB43B6D1-FollowerState] INFO  server.RaftServer$Division (RaftServerImpl.java:setRole(300)) - s0@group-EF46AB43B6D1: changes role from  FOLLOWER to CANDIDATE at term 0 for changeToCandidate
2022-07-14 15:51:53,989 [s0@group-EF46AB43B6D1-FollowerState] INFO  server.RaftServerConfigKeys (ConfUtils.java:logGet(46)) - raft.server.leaderelection.pre-vote = true (default)
2022-07-14 15:51:53,989 [s0@group-EF46AB43B6D1-FollowerState] INFO  impl.RoleInfo (RoleInfo.java:updateAndGet(139)) - s0: start s0@group-EF46AB43B6D1-LeaderElection16
2022-07-14 15:51:53,989 [s0@group-EF46AB43B6D1-LeaderElection16] INFO  impl.LeaderElection (LeaderElection.java:askForVotes(310)) - s0@group-EF46AB43B6D1-LeaderElection16 PRE_VOTE round 0: submit vote requests at term 0 for -1: [s0|rpc:localhost:43475|admin:localhost:45325|client:localhost:34737|dataStream:localhost:45327|priority:0], old=null
2022-07-14 15:51:53,990 [s0@group-EF46AB43B6D1-LeaderElection16] INFO  impl.LeaderElection (LeaderElection.java:askForVotes(312)) - s0@group-EF46AB43B6D1-LeaderElection16 PRE_VOTE round 0: result PASSED (term=0)
2022-07-14 15:51:53,991 [s0@group-EF46AB43B6D1-LeaderElection16] INFO  impl.LeaderElection (LeaderElection.java:askForVotes(310)) - s0@group-EF46AB43B6D1-LeaderElection16 ELECTION round 0: submit vote requests at term 1 for -1: [s0|rpc:localhost:43475|admin:localhost:45325|client:localhost:34737|dataStream:localhost:45327|priority:0], old=null
2022-07-14 15:51:53,991 [s0@group-EF46AB43B6D1-LeaderElection16] INFO  impl.LeaderElection (LeaderElection.java:askForVotes(312)) - s0@group-EF46AB43B6D1-LeaderElection16 ELECTION round 0: result PASSED (term=1)
2022-07-14 15:51:53,991 [s0@group-EF46AB43B6D1-LeaderElection16] INFO  impl.RoleInfo (RoleInfo.java:shutdownLeaderElection(130)) - s0: shutdown s0@group-EF46AB43B6D1-LeaderElection16
2022-07-14 15:51:53,991 [s0@group-EF46AB43B6D1-LeaderElection16] INFO  server.RaftServer$Division (RaftServerImpl.java:setRole(300)) - s0@group-EF46AB43B6D1: changes role from CANDIDATE to LEADER at term 1 for changeToLeader
2022-07-14 15:51:53,991 [s0@group-EF46AB43B6D1-LeaderElection16] INFO  server.RaftServer$Division (ServerState.java:setLeader(304)) - s0@group-EF46AB43B6D1: change Leader from null to s0 at term 1 for becomeLeader, leader elected after 229ms
2022-07-14 15:51:53,991 [s0@group-EF46AB43B6D1-LeaderElection16] INFO  server.RaftServerConfigKeys (ConfUtils.java:logGet(46)) - raft.server.staging.catchup.gap = 1000 (default)
2022-07-14 15:51:53,991 [s0@group-EF46AB43B6D1-LeaderElection16] INFO  server.RaftServerConfigKeys (ConfUtils.java:logGet(46)) - raft.server.write.element-limit = 4096 (default)
2022-07-14 15:51:53,991 [s0@group-EF46AB43B6D1-LeaderElection16] INFO  server.RaftServerConfigKeys (ConfUtils.java:logGet(46)) - raft.server.write.byte-limit = 64MB (=67108864) (default)
2022-07-14 15:51:53,991 [s0@group-EF46AB43B6D1-LeaderElection16] INFO  server.RaftServerConfigKeys (ConfUtils.java:logGet(46)) - raft.server.watch.timeout = 10s (default)
2022-07-14 15:51:53,991 [s0@group-EF46AB43B6D1-LeaderElection16] INFO  server.RaftServerConfigKeys (ConfUtils.java:logGet(46)) - raft.server.watch.timeout.denomination = 1s (default)
2022-07-14 15:51:53,992 [s0@group-EF46AB43B6D1-LeaderElection16] INFO  server.RaftServerConfigKeys (ConfUtils.java:logGet(46)) - raft.server.watch.element-limit = 65536 (default)
2022-07-14 15:51:53,992 [s0@group-EF46AB43B6D1-LeaderElection16] INFO  server.RaftServerConfigKeys (ConfUtils.java:logGet(46)) - raft.server.write.element-limit = 4096 (default)
2022-07-14 15:51:53,992 [s0@group-EF46AB43B6D1-LeaderElection16] INFO  server.RaftServerConfigKeys (ConfUtils.java:logGet(46)) - raft.server.write.follower.gap.ratio.max = -1.0 (default)
2022-07-14 15:51:53,992 [s0@group-EF46AB43B6D1-LeaderElection16] TRACE segmented.SegmentedRaftLogCache (AutoCloseableReadWriteLock.java:logLocking(65)) - s0@group-EF46AB43B6D1: readLock ACQUIRED 1 by SegmentedRaftLogCache.getLastTermIndex
2022-07-14 15:51:53,992 [s0@group-EF46AB43B6D1-LeaderElection16] TRACE segmented.SegmentedRaftLogCache (AutoCloseableReadWriteLock.java:logLocking(65)) -   s0@group-EF46AB43B6D1: readLock ACQUIRED 2 by SegmentedRaftLogCache$LogSegmentList.isEmpty
2022-07-14 15:51:53,992 [s0@group-EF46AB43B6D1-LeaderElection16] TRACE segmented.SegmentedRaftLogCache (AutoCloseableReadWriteLock.java:logLocking(65)) -   s0@group-EF46AB43B6D1: readLock RELEASED 1 by SegmentedRaftLogCache$LogSegmentList.isEmpty
2022-07-14 15:51:53,992 [s0@group-EF46AB43B6D1-LeaderElection16] TRACE segmented.SegmentedRaftLogCache (AutoCloseableReadWriteLock.java:logLocking(65)) - s0@group-EF46AB43B6D1: readLock RELEASED 0 by SegmentedRaftLogCache.getLastTermIndex
2022-07-14 15:51:53,992 [s0@group-EF46AB43B6D1-LeaderElection16] INFO  impl.RoleInfo (RoleInfo.java:updateAndGet(139)) - s0: start s0@group-EF46AB43B6D1-LeaderStateImpl
2022-07-14 15:51:53,992 [s0@group-EF46AB43B6D1-LeaderElection16] TRACE segmented.SegmentedRaftLogCache (AutoCloseableReadWriteLock.java:logLocking(65)) - s0@group-EF46AB43B6D1: readLock ACQUIRED 1 by SegmentedRaftLogCache.getLastTermIndex
2022-07-14 15:51:53,992 [s0@group-EF46AB43B6D1-LeaderElection16] TRACE segmented.SegmentedRaftLogCache (AutoCloseableReadWriteLock.java:logLocking(65)) -   s0@group-EF46AB43B6D1: readLock ACQUIRED 2 by SegmentedRaftLogCache$LogSegmentList.isEmpty
2022-07-14 15:51:53,992 [s0@group-EF46AB43B6D1-LeaderElection16] TRACE segmented.SegmentedRaftLogCache (AutoCloseableReadWriteLock.java:logLocking(65)) -   s0@group-EF46AB43B6D1: readLock RELEASED 1 by SegmentedRaftLogCache$LogSegmentList.isEmpty
2022-07-14 15:51:53,992 [s0@group-EF46AB43B6D1-LeaderElection16] TRACE segmented.SegmentedRaftLogCache (AutoCloseableReadWriteLock.java:logLocking(65)) - s0@group-EF46AB43B6D1: readLock RELEASED 0 by SegmentedRaftLogCache.getLastTermIndex
2022-07-14 15:51:53,992 [s0@group-EF46AB43B6D1-LeaderElection16] TRACE segmented.SegmentedRaftLogCache (AutoCloseableReadWriteLock.java:logLocking(65)) - s0@group-EF46AB43B6D1: readLock ACQUIRED 1 by SegmentedRaftLogCache.computeTruncateIndices
2022-07-14 15:51:53,992 [s0@group-EF46AB43B6D1-LeaderElection16] TRACE segmented.SegmentedRaftLogCache (AutoCloseableReadWriteLock.java:logLocking(65)) -   s0@group-EF46AB43B6D1: readLock ACQUIRED 2 by SegmentedRaftLogCache$LogSegmentList.binarySearch
2022-07-14 15:51:53,992 [s0@group-EF46AB43B6D1-LeaderElection16] TRACE segmented.SegmentedRaftLogCache (AutoCloseableReadWriteLock.java:logLocking(65)) -   s0@group-EF46AB43B6D1: readLock RELEASED 1 by SegmentedRaftLogCache$LogSegmentList.binarySearch
2022-07-14 15:51:53,992 [s0@group-EF46AB43B6D1-LeaderElection16] TRACE segmented.SegmentedRaftLogCache (AutoCloseableReadWriteLock.java:logLocking(65)) -   s0@group-EF46AB43B6D1: readLock ACQUIRED 2 by SegmentedRaftLogCache$LogSegmentList.size
2022-07-14 15:51:53,992 [s0@group-EF46AB43B6D1-LeaderElection16] TRACE segmented.SegmentedRaftLogCache (AutoCloseableReadWriteLock.java:logLocking(65)) -   s0@group-EF46AB43B6D1: readLock RELEASED 1 by SegmentedRaftLogCache$LogSegmentList.size
2022-07-14 15:51:53,993 [s0@group-EF46AB43B6D1-LeaderElection16] TRACE segmented.SegmentedRaftLogCache (AutoCloseableReadWriteLock.java:logLocking(65)) - s0@group-EF46AB43B6D1: readLock RELEASED 0 by SegmentedRaftLogCache.computeTruncateIndices
2022-07-14 15:51:53,993 [s0@group-EF46AB43B6D1-LeaderElection16] DEBUG raftlog.RaftLog (SegmentedRaftLog.java:appendImpl(447)) - truncateIndex=-1, arrayIndex=0
2022-07-14 15:51:53,993 [s0@group-EF46AB43B6D1-LeaderElection16] TRACE segmented.SegmentedRaftLogCache (AutoCloseableReadWriteLock.java:logLocking(65)) - s0@group-EF46AB43B6D1: readLock ACQUIRED 1 by SegmentedRaftLogCache.getLastTermIndex
2022-07-14 15:51:53,993 [s0@group-EF46AB43B6D1-LeaderElection16] TRACE segmented.SegmentedRaftLogCache (AutoCloseableReadWriteLock.java:logLocking(65)) -   s0@group-EF46AB43B6D1: readLock ACQUIRED 2 by SegmentedRaftLogCache$LogSegmentList.isEmpty
2022-07-14 15:51:53,993 [s0@group-EF46AB43B6D1-LeaderElection16] TRACE segmented.SegmentedRaftLogCache (AutoCloseableReadWriteLock.java:logLocking(65)) -   s0@group-EF46AB43B6D1: readLock RELEASED 1 by SegmentedRaftLogCache$LogSegmentList.isEmpty
2022-07-14 15:51:53,993 [s0@group-EF46AB43B6D1-LeaderElection16] TRACE segmented.SegmentedRaftLogCache (AutoCloseableReadWriteLock.java:logLocking(65)) - s0@group-EF46AB43B6D1: readLock RELEASED 0 by SegmentedRaftLogCache.getLastTermIndex
2022-07-14 15:51:53,993 [s0@group-EF46AB43B6D1-LeaderElection16] TRACE segmented.SegmentedRaftLogCache (SegmentedRaftLogCache.java:setOpenSegment(450)) - s0@group-EF46AB43B6D1-SegmentedRaftLogCache: setOpenSegment to log_inprogress_0
2022-07-14 15:51:53,993 [s0@group-EF46AB43B6D1-LeaderElection16] INFO  segmented.SegmentedRaftLogWorker (SegmentedRaftLogWorker.java:startLogSegment(425)) - s0@group-EF46AB43B6D1-SegmentedRaftLogWorker: Starting segment from index:0
2022-07-14 15:51:53,993 [s0@group-EF46AB43B6D1-LeaderElection16] DEBUG segmented.SegmentedRaftLogWorker (SegmentedRaftLogWorker.java:addIOTask(270)) - s0@group-EF46AB43B6D1-SegmentedRaftLogWorker adds IO task StartLogSegment:0
2022-07-14 15:51:53,993 [s0@group-EF46AB43B6D1-LeaderElection16] TRACE segmented.SegmentedRaftLogCache (AutoCloseableReadWriteLock.java:logLocking(65)) - s0@group-EF46AB43B6D1: readLock ACQUIRED 1 by SegmentedRaftLogCache$LogSegmentList.countCached
2022-07-14 15:51:53,993 [s0@group-EF46AB43B6D1-LeaderElection16] TRACE segmented.SegmentedRaftLogCache (AutoCloseableReadWriteLock.java:logLocking(65)) - s0@group-EF46AB43B6D1: readLock RELEASED 0 by SegmentedRaftLogCache$LogSegmentList.countCached
2022-07-14 15:51:53,993 [s0@group-EF46AB43B6D1-LeaderElection16] TRACE segmented.SegmentedRaftLogCache (AutoCloseableReadWriteLock.java:logLocking(65)) - s0@group-EF46AB43B6D1: readLock ACQUIRED 1 by SegmentedRaftLogCache$LogSegmentList.getTotalCacheSize
2022-07-14 15:51:53,993 [s0@group-EF46AB43B6D1-LeaderElection16] TRACE segmented.SegmentedRaftLogCache (AutoCloseableReadWriteLock.java:logLocking(65)) - s0@group-EF46AB43B6D1: readLock RELEASED 0 by SegmentedRaftLogCache$LogSegmentList.getTotalCacheSize
2022-07-14 15:51:53,993 [s0@group-EF46AB43B6D1-LeaderElection16] DEBUG segmented.SegmentedRaftLogWorker (SegmentedRaftLogWorker.java:addIOTask(270)) - s0@group-EF46AB43B6D1-SegmentedRaftLogWorker adds IO task WriteLog:0: (t:1, i:0), CONFIGURATIONENTRY
2022-07-14 15:51:53,998 [s0@group-EF46AB43B6D1-LeaderElection16] INFO  server.RaftServer$Division (ServerState.java:setRaftConf(420)) - s0@group-EF46AB43B6D1: set configuration 0: [s0|rpc:localhost:43475|admin:localhost:45325|client:localhost:34737|dataStream:localhost:45327|priority:0], old=null
2022-07-14 15:51:53,998 [s0@group-EF46AB43B6D1-SegmentedRaftLogWorker] INFO  segmented.SegmentedRaftLogWorker (SegmentedRaftLogWorker.java:execute(629)) - s0@group-EF46AB43B6D1-SegmentedRaftLogWorker: created new log segment /home/runner/work/ratis/ratis/ratis-test/target/test/data/7931f2a6/MiniRaftClusterWithGrpc6c3cfa42/s0/d33854d5-690d-4a13-9a9e-ef46ab43b6d1/current/log_inprogress_0
2022-07-14 15:51:53,998 [s0@group-EF46AB43B6D1-SegmentedRaftLogWorker] DEBUG segmented.SegmentedRaftLogWorker (SegmentedRaftLogWorker.java:flushIfNecessary(365)) - s0@group-EF46AB43B6D1-SegmentedRaftLogWorker: flush SegmentedRaftLogOutputStream(/home/runner/work/ratis/ratis/ratis-test/target/test/data/7931f2a6/MiniRaftClusterWithGrpc6c3cfa42/s0/d33854d5-690d-4a13-9a9e-ef46ab43b6d1/current/log_inprogress_0)
2022-07-14 15:51:53,999 [s0@group-EF46AB43B6D1-LeaderStateImpl] TRACE segmented.SegmentedRaftLogCache (AutoCloseableReadWriteLock.java:logLocking(65)) - s0@group-EF46AB43B6D1: readLock ACQUIRED 1 by SegmentedRaftLogCache.getStartIndex
2022-07-14 15:51:53,999 [s0@group-EF46AB43B6D1-LeaderStateImpl] TRACE segmented.SegmentedRaftLogCache (AutoCloseableReadWriteLock.java:logLocking(65)) -   s0@group-EF46AB43B6D1: readLock ACQUIRED 2 by SegmentedRaftLogCache$LogSegmentList.isEmpty
2022-07-14 15:51:53,999 [s0@group-EF46AB43B6D1-LeaderStateImpl] TRACE segmented.SegmentedRaftLogCache (AutoCloseableReadWriteLock.java:logLocking(65)) -   s0@group-EF46AB43B6D1: readLock RELEASED 1 by SegmentedRaftLogCache$LogSegmentList.isEmpty
2022-07-14 15:51:53,999 [s0@group-EF46AB43B6D1-LeaderStateImpl] TRACE segmented.SegmentedRaftLogCache (AutoCloseableReadWriteLock.java:logLocking(65)) - s0@group-EF46AB43B6D1: readLock RELEASED 0 by SegmentedRaftLogCache.getStartIndex
2022-07-14 15:51:53,999 [s0@group-EF46AB43B6D1-LeaderStateImpl] TRACE segmented.SegmentedRaftLogCache (AutoCloseableReadWriteLock.java:logLocking(65)) - s0@group-EF46AB43B6D1: readLock ACQUIRED 1 by SegmentedRaftLogCache.getEndIndex
2022-07-14 15:51:53,999 [s0@group-EF46AB43B6D1-LeaderStateImpl] TRACE segmented.SegmentedRaftLogCache (AutoCloseableReadWriteLock.java:logLocking(65)) - s0@group-EF46AB43B6D1: readLock RELEASED 0 by SegmentedRaftLogCache.getEndIndex
2022-07-14 15:51:53,999 [s0@group-EF46AB43B6D1-LeaderStateImpl] TRACE segmented.SegmentedRaftLogCache (AutoCloseableReadWriteLock.java:logLocking(65)) - s0@group-EF46AB43B6D1: readLock ACQUIRED 1 by SegmentedRaftLogCache$LogSegmentList.getTermIndex
2022-07-14 15:51:53,999 [s0@group-EF46AB43B6D1-LeaderStateImpl] TRACE segmented.SegmentedRaftLogCache (AutoCloseableReadWriteLock.java:logLocking(65)) - s0@group-EF46AB43B6D1: readLock RELEASED 0 by SegmentedRaftLogCache$LogSegmentList.getTermIndex
2022-07-14 15:51:54,230 [Time-limited test] INFO  ratis.RaftTestUtil (RaftTestUtil.java:waitForLeader(119)) - printing ALL groups
  s0:  RUNNING    LEADER s0@group-EF46AB43B6D1:t1, leader=s0, voted=s0, raftlog=Memoized:s0@group-EF46AB43B6D1-SegmentedRaftLog:OPENED:c0, conf=0: [s0|rpc:localhost:43475|admin:localhost:45325|client:localhost:34737|dataStream:localhost:45327|priority:0], old=null RUNNING
2022-07-14 15:51:54,235 [s0-client-thread1] TRACE segmented.SegmentedRaftLogCache (AutoCloseableReadWriteLock.java:logLocking(65)) - s0@group-EF46AB43B6D1: readLock ACQUIRED 1 by SegmentedRaftLogCache.getLastTermIndex
2022-07-14 15:51:54,236 [s0-client-thread1] TRACE segmented.SegmentedRaftLogCache (AutoCloseableReadWriteLock.java:logLocking(65)) - s0@group-EF46AB43B6D1: readLock RELEASED 0 by SegmentedRaftLogCache.getLastTermIndex
2022-07-14 15:51:54,236 [s0-client-thread1] TRACE segmented.SegmentedRaftLogCache (AutoCloseableReadWriteLock.java:logLocking(65)) - s0@group-EF46AB43B6D1: readLock ACQUIRED 1 by SegmentedRaftLogCache.getLastTermIndex
2022-07-14 15:51:54,236 [s0-client-thread1] TRACE segmented.SegmentedRaftLogCache (AutoCloseableReadWriteLock.java:logLocking(65)) - s0@group-EF46AB43B6D1: readLock RELEASED 0 by SegmentedRaftLogCache.getLastTermIndex
2022-07-14 15:51:54,236 [s0-client-thread1] TRACE segmented.SegmentedRaftLogCache (AutoCloseableReadWriteLock.java:logLocking(65)) - s0@group-EF46AB43B6D1: readLock ACQUIRED 1 by SegmentedRaftLogCache$LogSegmentList.countCached
2022-07-14 15:51:54,236 [s0-client-thread1] TRACE segmented.SegmentedRaftLogCache (AutoCloseableReadWriteLock.java:logLocking(65)) - s0@group-EF46AB43B6D1: readLock RELEASED 0 by SegmentedRaftLogCache$LogSegmentList.countCached
2022-07-14 15:51:54,236 [s0-client-thread1] TRACE segmented.SegmentedRaftLogCache (AutoCloseableReadWriteLock.java:logLocking(65)) - s0@group-EF46AB43B6D1: readLock ACQUIRED 1 by SegmentedRaftLogCache$LogSegmentList.getTotalCacheSize
2022-07-14 15:51:54,236 [s0-client-thread1] TRACE segmented.SegmentedRaftLogCache (AutoCloseableReadWriteLock.java:logLocking(65)) - s0@group-EF46AB43B6D1: readLock RELEASED 0 by SegmentedRaftLogCache$LogSegmentList.getTotalCacheSize
2022-07-14 15:51:54,236 [s0-client-thread1] DEBUG segmented.SegmentedRaftLogWorker (SegmentedRaftLogWorker.java:addIOTask(270)) - s0@group-EF46AB43B6D1-SegmentedRaftLogWorker adds IO task WriteLog:1: (t:1, i:1), STATEMACHINELOGENTRY, StateMachineLogEntryProto:171@client-64B90517F321
2022-07-14 15:51:54,236 [s0@group-EF46AB43B6D1-SegmentedRaftLogWorker] DEBUG segmented.SegmentedRaftLogWorker (SegmentedRaftLogWorker.java:flushIfNecessary(365)) - s0@group-EF46AB43B6D1-SegmentedRaftLogWorker: flush SegmentedRaftLogOutputStream(/home/runner/work/ratis/ratis/ratis-test/target/test/data/7931f2a6/MiniRaftClusterWithGrpc6c3cfa42/s0/d33854d5-690d-4a13-9a9e-ef46ab43b6d1/current/log_inprogress_0)
2022-07-14 15:51:54,237 [s0@group-EF46AB43B6D1-LeaderStateImpl] TRACE segmented.SegmentedRaftLogCache (AutoCloseableReadWriteLock.java:logLocking(65)) - s0@group-EF46AB43B6D1: readLock ACQUIRED 1 by SegmentedRaftLogCache.getStartIndex
2022-07-14 15:51:54,237 [s0@group-EF46AB43B6D1-LeaderStateImpl] TRACE segmented.SegmentedRaftLogCache (AutoCloseableReadWriteLock.java:logLocking(65)) -   s0@group-EF46AB43B6D1: readLock ACQUIRED 2 by SegmentedRaftLogCache$LogSegmentList.isEmpty
2022-07-14 15:51:54,237 [s0@group-EF46AB43B6D1-LeaderStateImpl] TRACE segmented.SegmentedRaftLogCache (AutoCloseableReadWriteLock.java:logLocking(65)) -   s0@group-EF46AB43B6D1: readLock RELEASED 1 by SegmentedRaftLogCache$LogSegmentList.isEmpty
2022-07-14 15:51:54,237 [s0@group-EF46AB43B6D1-LeaderStateImpl] TRACE segmented.SegmentedRaftLogCache (AutoCloseableReadWriteLock.java:logLocking(65)) - s0@group-EF46AB43B6D1: readLock RELEASED 0 by SegmentedRaftLogCache.getStartIndex
2022-07-14 15:51:54,237 [s0@group-EF46AB43B6D1-LeaderStateImpl] TRACE segmented.SegmentedRaftLogCache (AutoCloseableReadWriteLock.java:logLocking(65)) - s0@group-EF46AB43B6D1: readLock ACQUIRED 1 by SegmentedRaftLogCache.getEndIndex
2022-07-14 15:51:54,237 [s0@group-EF46AB43B6D1-LeaderStateImpl] TRACE segmented.SegmentedRaftLogCache (AutoCloseableReadWriteLock.java:logLocking(65)) - s0@group-EF46AB43B6D1: readLock RELEASED 0 by SegmentedRaftLogCache.getEndIndex
2022-07-14 15:51:54,237 [s0@group-EF46AB43B6D1-LeaderStateImpl] TRACE segmented.SegmentedRaftLogCache (AutoCloseableReadWriteLock.java:logLocking(65)) - s0@group-EF46AB43B6D1: readLock ACQUIRED 1 by SegmentedRaftLogCache$LogSegmentList.getTermIndex
2022-07-14 15:51:54,237 [s0@group-EF46AB43B6D1-LeaderStateImpl] TRACE segmented.SegmentedRaftLogCache (AutoCloseableReadWriteLock.java:logLocking(65)) - s0@group-EF46AB43B6D1: readLock RELEASED 0 by SegmentedRaftLogCache$LogSegmentList.getTermIndex
2022-07-14 15:51:54,237 [s0@group-EF46AB43B6D1-LeaderStateImpl] TRACE segmented.SegmentedRaftLogCache (AutoCloseableReadWriteLock.java:logLocking(65)) - s0@group-EF46AB43B6D1: readLock ACQUIRED 1 by SegmentedRaftLogCache.getLastTermIndex
2022-07-14 15:51:54,237 [s0@group-EF46AB43B6D1-LeaderStateImpl] TRACE segmented.SegmentedRaftLogCache (AutoCloseableReadWriteLock.java:logLocking(65)) - s0@group-EF46AB43B6D1: readLock RELEASED 0 by SegmentedRaftLogCache.getLastTermIndex
2022-07-14 15:51:54,237 [s0@group-EF46AB43B6D1-LeaderStateImpl] TRACE segmented.SegmentedRaftLogCache (AutoCloseableReadWriteLock.java:logLocking(65)) - s0@group-EF46AB43B6D1: readLock ACQUIRED 1 by SegmentedRaftLogCache$LogSegmentList.countCached
2022-07-14 15:51:54,237 [s0@group-EF46AB43B6D1-LeaderStateImpl] TRACE segmented.SegmentedRaftLogCache (AutoCloseableReadWriteLock.java:logLocking(65)) - s0@group-EF46AB43B6D1: readLock RELEASED 0 by SegmentedRaftLogCache$LogSegmentList.countCached
2022-07-14 15:51:54,237 [s0@group-EF46AB43B6D1-LeaderStateImpl] TRACE segmented.SegmentedRaftLogCache (AutoCloseableReadWriteLock.java:logLocking(65)) - s0@group-EF46AB43B6D1: readLock ACQUIRED 1 by SegmentedRaftLogCache$LogSegmentList.getTotalCacheSize
2022-07-14 15:51:54,237 [s0@group-EF46AB43B6D1-LeaderStateImpl] TRACE segmented.SegmentedRaftLogCache (AutoCloseableReadWriteLock.java:logLocking(65)) - s0@group-EF46AB43B6D1: readLock RELEASED 0 by SegmentedRaftLogCache$LogSegmentList.getTotalCacheSize
2022-07-14 15:51:54,237 [s0@group-EF46AB43B6D1-LeaderStateImpl] DEBUG segmented.SegmentedRaftLogWorker (SegmentedRaftLogWorker.java:addIOTask(270)) - s0@group-EF46AB43B6D1-SegmentedRaftLogWorker adds IO task WriteLog:2: (t:1, i:2), METADATAENTRY(c:1)
2022-07-14 15:51:54,237 [s0@group-EF46AB43B6D1-StateMachineUpdater] INFO  statemachine.SimpleStateMachine4Testing (SimpleStateMachine4Testing.java:put(204)) - s0: put 1, m0 -> (t:1, i:1), STATEMACHINELOGENTRY, 171@client-64B90517F321
2022-07-14 15:51:54,238 [s0@group-EF46AB43B6D1-SegmentedRaftLogWorker] DEBUG segmented.SegmentedRaftLogWorker (SegmentedRaftLogWorker.java:flushIfNecessary(365)) - s0@group-EF46AB43B6D1-SegmentedRaftLogWorker: flush SegmentedRaftLogOutputStream(/home/runner/work/ratis/ratis/ratis-test/target/test/data/7931f2a6/MiniRaftClusterWithGrpc6c3cfa42/s0/d33854d5-690d-4a13-9a9e-ef46ab43b6d1/current/log_inprogress_0)
2022-07-14 15:51:54,238 [s0@group-EF46AB43B6D1-LeaderStateImpl] TRACE segmented.SegmentedRaftLogCache (AutoCloseableReadWriteLock.java:logLocking(65)) - s0@group-EF46AB43B6D1: readLock ACQUIRED 1 by SegmentedRaftLogCache.getStartIndex
2022-07-14 15:51:54,238 [s0@group-EF46AB43B6D1-LeaderStateImpl] TRACE segmented.SegmentedRaftLogCache (AutoCloseableReadWriteLock.java:logLocking(65)) -   s0@group-EF46AB43B6D1: readLock ACQUIRED 2 by SegmentedRaftLogCache$LogSegmentList.isEmpty
2022-07-14 15:51:54,238 [s0@group-EF46AB43B6D1-LeaderStateImpl] TRACE segmented.SegmentedRaftLogCache (AutoCloseableReadWriteLock.java:logLocking(65)) -   s0@group-EF46AB43B6D1: readLock RELEASED 1 by SegmentedRaftLogCache$LogSegmentList.isEmpty
2022-07-14 15:51:54,238 [s0@group-EF46AB43B6D1-LeaderStateImpl] TRACE segmented.SegmentedRaftLogCache (AutoCloseableReadWriteLock.java:logLocking(65)) - s0@group-EF46AB43B6D1: readLock RELEASED 0 by SegmentedRaftLogCache.getStartIndex
2022-07-14 15:51:54,238 [s0@group-EF46AB43B6D1-LeaderStateImpl] TRACE segmented.SegmentedRaftLogCache (AutoCloseableReadWriteLock.java:logLocking(65)) - s0@group-EF46AB43B6D1: readLock ACQUIRED 1 by SegmentedRaftLogCache.getEndIndex
2022-07-14 15:51:54,238 [s0@group-EF46AB43B6D1-LeaderStateImpl] TRACE segmented.SegmentedRaftLogCache (AutoCloseableReadWriteLock.java:logLocking(65)) - s0@group-EF46AB43B6D1: readLock RELEASED 0 by SegmentedRaftLogCache.getEndIndex
2022-07-14 15:51:54,238 [s0@group-EF46AB43B6D1-LeaderStateImpl] TRACE segmented.SegmentedRaftLogCache (AutoCloseableReadWriteLock.java:logLocking(65)) - s0@group-EF46AB43B6D1: readLock ACQUIRED 1 by SegmentedRaftLogCache$LogSegmentList.getTermIndex
2022-07-14 15:51:54,238 [s0@group-EF46AB43B6D1-LeaderStateImpl] TRACE segmented.SegmentedRaftLogCache (AutoCloseableReadWriteLock.java:logLocking(65)) - s0@group-EF46AB43B6D1: readLock RELEASED 0 by SegmentedRaftLogCache$LogSegmentList.getTermIndex
2022-07-14 15:51:54,241 [s0-client-thread1] TRACE segmented.SegmentedRaftLogCache (AutoCloseableReadWriteLock.java:logLocking(65)) - s0@group-EF46AB43B6D1: readLock ACQUIRED 1 by SegmentedRaftLogCache.getLastTermIndex
2022-07-14 15:51:54,241 [s0-client-thread1] TRACE segmented.SegmentedRaftLogCache (AutoCloseableReadWriteLock.java:logLocking(65)) - s0@group-EF46AB43B6D1: readLock RELEASED 0 by SegmentedRaftLogCache.getLastTermIndex
2022-07-14 15:51:54,241 [s0-client-thread1] TRACE segmented.SegmentedRaftLogCache (AutoCloseableReadWriteLock.java:logLocking(65)) - s0@group-EF46AB43B6D1: readLock ACQUIRED 1 by SegmentedRaftLogCache.getLastTermIndex
2022-07-14 15:51:54,241 [s0-client-thread1] TRACE segmented.SegmentedRaftLogCache (AutoCloseableReadWriteLock.java:logLocking(65)) - s0@group-EF46AB43B6D1: readLock RELEASED 0 by SegmentedRaftLogCache.getLastTermIndex
2022-07-14 15:51:54,241 [s0-client-thread1] TRACE segmented.SegmentedRaftLogCache (AutoCloseableReadWriteLock.java:logLocking(65)) - s0@group-EF46AB43B6D1: readLock ACQUIRED 1 by SegmentedRaftLogCache$LogSegmentList.countCached
2022-07-14 15:51:54,241 [s0-client-thread1] TRACE segmented.SegmentedRaftLogCache (AutoCloseableReadWriteLock.java:logLocking(65)) - s0@group-EF46AB43B6D1: readLock RELEASED 0 by SegmentedRaftLogCache$LogSegmentList.countCached
2022-07-14 15:51:54,241 [s0-client-thread1] TRACE segmented.SegmentedRaftLogCache (AutoCloseableReadWriteLock.java:logLocking(65)) - s0@group-EF46AB43B6D1: readLock ACQUIRED 1 by SegmentedRaftLogCache$LogSegmentList.getTotalCacheSize
2022-07-14 15:51:54,241 [s0-client-thread1] TRACE segmented.SegmentedRaftLogCache (AutoCloseableReadWriteLock.java:logLocking(65)) - s0@group-EF46AB43B6D1: readLock RELEASED 0 by SegmentedRaftLogCache$LogSegmentList.getTotalCacheSize
2022-07-14 15:51:54,241 [s0-client-thread1] DEBUG segmented.SegmentedRaftLogWorker (SegmentedRaftLogWorker.java:addIOTask(270)) - s0@group-EF46AB43B6D1-SegmentedRaftLogWorker adds IO task WriteLog:3: (t:1, i:3), STATEMACHINELOGENTRY, StateMachineLogEntryProto:172@client-64B90517F321
2022-07-14 15:51:54,241 [s0@group-EF46AB43B6D1-SegmentedRaftLogWorker] DEBUG segmented.SegmentedRaftLogWorker (SegmentedRaftLogWorker.java:flushIfNecessary(365)) - s0@group-EF46AB43B6D1-SegmentedRaftLogWorker: flush SegmentedRaftLogOutputStream(/home/runner/work/ratis/ratis/ratis-test/target/test/data/7931f2a6/MiniRaftClusterWithGrpc6c3cfa42/s0/d33854d5-690d-4a13-9a9e-ef46ab43b6d1/current/log_inprogress_0)
2022-07-14 15:51:54,242 [s0@group-EF46AB43B6D1-LeaderStateImpl] TRACE segmented.SegmentedRaftLogCache (AutoCloseableReadWriteLock.java:logLocking(65)) - s0@group-EF46AB43B6D1: readLock ACQUIRED 1 by SegmentedRaftLogCache.getStartIndex
2022-07-14 15:51:54,242 [s0@group-EF46AB43B6D1-LeaderStateImpl] TRACE segmented.SegmentedRaftLogCache (AutoCloseableReadWriteLock.java:logLocking(65)) -   s0@group-EF46AB43B6D1: readLock ACQUIRED 2 by SegmentedRaftLogCache$LogSegmentList.isEmpty
2022-07-14 15:51:54,242 [s0@group-EF46AB43B6D1-LeaderStateImpl] TRACE segmented.SegmentedRaftLogCache (AutoCloseableReadWriteLock.java:logLocking(65)) -   s0@group-EF46AB43B6D1: readLock RELEASED 1 by SegmentedRaftLogCache$LogSegmentList.isEmpty
2022-07-14 15:51:54,242 [s0@group-EF46AB43B6D1-LeaderStateImpl] TRACE segmented.SegmentedRaftLogCache (AutoCloseableReadWriteLock.java:logLocking(65)) - s0@group-EF46AB43B6D1: readLock RELEASED 0 by SegmentedRaftLogCache.getStartIndex
2022-07-14 15:51:54,242 [s0@group-EF46AB43B6D1-LeaderStateImpl] TRACE segmented.SegmentedRaftLogCache (AutoCloseableReadWriteLock.java:logLocking(65)) - s0@group-EF46AB43B6D1: readLock ACQUIRED 1 by SegmentedRaftLogCache.getEndIndex
2022-07-14 15:51:54,242 [s0@group-EF46AB43B6D1-LeaderStateImpl] TRACE segmented.SegmentedRaftLogCache (AutoCloseableReadWriteLock.java:logLocking(65)) - s0@group-EF46AB43B6D1: readLock RELEASED 0 by SegmentedRaftLogCache.getEndIndex
2022-07-14 15:51:54,242 [s0@group-EF46AB43B6D1-LeaderStateImpl] TRACE segmented.SegmentedRaftLogCache (AutoCloseableReadWriteLock.java:logLocking(65)) - s0@group-EF46AB43B6D1: readLock ACQUIRED 1 by SegmentedRaftLogCache$LogSegmentList.getTermIndex
2022-07-14 15:51:54,242 [s0@group-EF46AB43B6D1-LeaderStateImpl] TRACE segmented.SegmentedRaftLogCache (AutoCloseableReadWriteLock.java:logLocking(65)) - s0@group-EF46AB43B6D1: readLock RELEASED 0 by SegmentedRaftLogCache$LogSegmentList.getTermIndex
2022-07-14 15:51:54,242 [s0@group-EF46AB43B6D1-LeaderStateImpl] TRACE segmented.SegmentedRaftLogCache (AutoCloseableReadWriteLock.java:logLocking(65)) - s0@group-EF46AB43B6D1: readLock ACQUIRED 1 by SegmentedRaftLogCache.getLastTermIndex
2022-07-14 15:51:54,242 [s0@group-EF46AB43B6D1-LeaderStateImpl] TRACE segmented.SegmentedRaftLogCache (AutoCloseableReadWriteLock.java:logLocking(65)) - s0@group-EF46AB43B6D1: readLock RELEASED 0 by SegmentedRaftLogCache.getLastTermIndex
2022-07-14 15:51:54,242 [s0@group-EF46AB43B6D1-LeaderStateImpl] TRACE segmented.SegmentedRaftLogCache (AutoCloseableReadWriteLock.java:logLocking(65)) - s0@group-EF46AB43B6D1: readLock ACQUIRED 1 by SegmentedRaftLogCache$LogSegmentList.countCached
2022-07-14 15:51:54,242 [s0@group-EF46AB43B6D1-LeaderStateImpl] TRACE segmented.SegmentedRaftLogCache (AutoCloseableReadWriteLock.java:logLocking(65)) - s0@group-EF46AB43B6D1: readLock RELEASED 0 by SegmentedRaftLogCache$LogSegmentList.countCached
2022-07-14 15:51:54,242 [s0@group-EF46AB43B6D1-LeaderStateImpl] TRACE segmented.SegmentedRaftLogCache (AutoCloseableReadWriteLock.java:logLocking(65)) - s0@group-EF46AB43B6D1: readLock ACQUIRED 1 by SegmentedRaftLogCache$LogSegmentList.getTotalCacheSize
2022-07-14 15:51:54,242 [s0@group-EF46AB43B6D1-LeaderStateImpl] TRACE segmented.SegmentedRaftLogCache (AutoCloseableReadWriteLock.java:logLocking(65)) - s0@group-EF46AB43B6D1: readLock RELEASED 0 by SegmentedRaftLogCache$LogSegmentList.getTotalCacheSize
2022-07-14 15:51:54,242 [s0@group-EF46AB43B6D1-LeaderStateImpl] DEBUG segmented.SegmentedRaftLogWorker (SegmentedRaftLogWorker.java:addIOTask(270)) - s0@group-EF46AB43B6D1-SegmentedRaftLogWorker adds IO task WriteLog:4: (t:1, i:4), METADATAENTRY(c:3)
2022-07-14 15:51:54,242 [s0@group-EF46AB43B6D1-SegmentedRaftLogWorker] DEBUG segmented.SegmentedRaftLogWorker (SegmentedRaftLogWorker.java:flushIfNecessary(365)) - s0@group-EF46AB43B6D1-SegmentedRaftLogWorker: flush SegmentedRaftLogOutputStream(/home/runner/work/ratis/ratis/ratis-test/target/test/data/7931f2a6/MiniRaftClusterWithGrpc6c3cfa42/s0/d33854d5-690d-4a13-9a9e-ef46ab43b6d1/current/log_inprogress_0)
2022-07-14 15:51:54,242 [s0@group-EF46AB43B6D1-StateMachineUpdater] INFO  statemachine.SimpleStateMachine4Testing (SimpleStateMachine4Testing.java:put(204)) - s0: put 3, m1 -> (t:1, i:3), STATEMACHINELOGENTRY, 172@client-64B90517F321
2022-07-14 15:51:54,243 [s0@group-EF46AB43B6D1-LeaderStateImpl] TRACE segmented.SegmentedRaftLogCache (AutoCloseableReadWriteLock.java:logLocking(65)) - s0@group-EF46AB43B6D1: readLock ACQUIRED 1 by SegmentedRaftLogCache.getStartIndex
2022-07-14 15:51:54,243 [s0@group-EF46AB43B6D1-LeaderStateImpl] TRACE segmented.SegmentedRaftLogCache (AutoCloseableReadWriteLock.java:logLocking(65)) -   s0@group-EF46AB43B6D1: readLock ACQUIRED 2 by SegmentedRaftLogCache$LogSegmentList.isEmpty
2022-07-14 15:51:54,243 [s0@group-EF46AB43B6D1-LeaderStateImpl] TRACE segmented.SegmentedRaftLogCache (AutoCloseableReadWriteLock.java:logLocking(65)) -   s0@group-EF46AB43B6D1: readLock RELEASED 1 by SegmentedRaftLogCache$LogSegmentList.isEmpty
2022-07-14 15:51:54,243 [s0@group-EF46AB43B6D1-LeaderStateImpl] TRACE segmented.SegmentedRaftLogCache (AutoCloseableReadWriteLock.java:logLocking(65)) - s0@group-EF46AB43B6D1: readLock RELEASED 0 by SegmentedRaftLogCache.getStartIndex
2022-07-14 15:51:54,243 [s0@group-EF46AB43B6D1-LeaderStateImpl] TRACE segmented.SegmentedRaftLogCache (AutoCloseableReadWriteLock.java:logLocking(65)) - s0@group-EF46AB43B6D1: readLock ACQUIRED 1 by SegmentedRaftLogCache.getEndIndex
2022-07-14 15:51:54,243 [s0@group-EF46AB43B6D1-LeaderStateImpl] TRACE segmented.SegmentedRaftLogCache (AutoCloseableReadWriteLock.java:logLocking(65)) - s0@group-EF46AB43B6D1: readLock RELEASED 0 by SegmentedRaftLogCache.getEndIndex
2022-07-14 15:51:54,243 [s0@group-EF46AB43B6D1-LeaderStateImpl] TRACE segmented.SegmentedRaftLogCache (AutoCloseableReadWriteLock.java:logLocking(65)) - s0@group-EF46AB43B6D1: readLock ACQUIRED 1 by SegmentedRaftLogCache$LogSegmentList.getTermIndex
2022-07-14 15:51:54,243 [s0@group-EF46AB43B6D1-LeaderStateImpl] TRACE segmented.SegmentedRaftLogCache (AutoCloseableReadWriteLock.java:logLocking(65)) - s0@group-EF46AB43B6D1: readLock RELEASED 0 by SegmentedRaftLogCache$LogSegmentList.getTermIndex
2022-07-14 15:51:54,244 [s0-client-thread1] TRACE segmented.SegmentedRaftLogCache (AutoCloseableReadWriteLock.java:logLocking(65)) - s0@group-EF46AB43B6D1: readLock ACQUIRED 1 by SegmentedRaftLogCache.getLastTermIndex
2022-07-14 15:51:54,244 [s0-client-thread1] TRACE segmented.SegmentedRaftLogCache (AutoCloseableReadWriteLock.java:logLocking(65)) - s0@group-EF46AB43B6D1: readLock RELEASED 0 by SegmentedRaftLogCache.getLastTermIndex
2022-07-14 15:51:54,245 [s0-client-thread1] TRACE segmented.SegmentedRaftLogCache (AutoCloseableReadWriteLock.java:logLocking(65)) - s0@group-EF46AB43B6D1: readLock ACQUIRED 1 by SegmentedRaftLogCache.getLastTermIndex
2022-07-14 15:51:54,245 [s0-client-thread1] TRACE segmented.SegmentedRaftLogCache (AutoCloseableReadWriteLock.java:logLocking(65)) - s0@group-EF46AB43B6D1: readLock RELEASED 0 by SegmentedRaftLogCache.getLastTermIndex
2022-07-14 15:51:54,245 [s0-client-thread1] TRACE segmented.SegmentedRaftLogCache (AutoCloseableReadWriteLock.java:logLocking(65)) - s0@group-EF46AB43B6D1: readLock ACQUIRED 1 by SegmentedRaftLogCache$LogSegmentList.countCached
2022-07-14 15:51:54,245 [s0-client-thread1] TRACE segmented.SegmentedRaftLogCache (AutoCloseableReadWriteLock.java:logLocking(65)) - s0@group-EF46AB43B6D1: readLock RELEASED 0 by SegmentedRaftLogCache$LogSegmentList.countCached
2022-07-14 15:51:54,245 [s0-client-thread1] TRACE segmented.SegmentedRaftLogCache (AutoCloseableReadWriteLock.java:logLocking(65)) - s0@group-EF46AB43B6D1: readLock ACQUIRED 1 by SegmentedRaftLogCache$LogSegmentList.getTotalCacheSize
2022-07-14 15:51:54,245 [s0-client-thread1] TRACE segmented.SegmentedRaftLogCache (AutoCloseableReadWriteLock.java:logLocking(65)) - s0@group-EF46AB43B6D1: readLock RELEASED 0 by SegmentedRaftLogCache$LogSegmentList.getTotalCacheSize
2022-07-14 15:51:54,245 [s0-client-thread1] DEBUG segmented.SegmentedRaftLogWorker (SegmentedRaftLogWorker.java:addIOTask(270)) - s0@group-EF46AB43B6D1-SegmentedRaftLogWorker adds IO task WriteLog:5: (t:1, i:5), STATEMACHINELOGENTRY, StateMachineLogEntryProto:173@client-64B90517F321
2022-07-14 15:51:54,245 [s0@group-EF46AB43B6D1-SegmentedRaftLogWorker] DEBUG segmented.SegmentedRaftLogWorker (SegmentedRaftLogWorker.java:flushIfNecessary(365)) - s0@group-EF46AB43B6D1-SegmentedRaftLogWorker: flush SegmentedRaftLogOutputStream(/home/runner/work/ratis/ratis/ratis-test/target/test/data/7931f2a6/MiniRaftClusterWithGrpc6c3cfa42/s0/d33854d5-690d-4a13-9a9e-ef46ab43b6d1/current/log_inprogress_0)
2022-07-14 15:51:54,247 [s0@group-EF46AB43B6D1-LeaderStateImpl] TRACE segmented.SegmentedRaftLogCache (AutoCloseableReadWriteLock.java:logLocking(65)) - s0@group-EF46AB43B6D1: readLock ACQUIRED 1 by SegmentedRaftLogCache.getStartIndex
2022-07-14 15:51:54,247 [s0@group-EF46AB43B6D1-LeaderStateImpl] TRACE segmented.SegmentedRaftLogCache (AutoCloseableReadWriteLock.java:logLocking(65)) -   s0@group-EF46AB43B6D1: readLock ACQUIRED 2 by SegmentedRaftLogCache$LogSegmentList.isEmpty
2022-07-14 15:51:54,247 [s0@group-EF46AB43B6D1-LeaderStateImpl] TRACE segmented.SegmentedRaftLogCache (AutoCloseableReadWriteLock.java:logLocking(65)) -   s0@group-EF46AB43B6D1: readLock RELEASED 1 by SegmentedRaftLogCache$LogSegmentList.isEmpty
2022-07-14 15:51:54,247 [s0@group-EF46AB43B6D1-LeaderStateImpl] TRACE segmented.SegmentedRaftLogCache (AutoCloseableReadWriteLock.java:logLocking(65)) - s0@group-EF46AB43B6D1: readLock RELEASED 0 by SegmentedRaftLogCache.getStartIndex
2022-07-14 15:51:54,247 [s0@group-EF46AB43B6D1-LeaderStateImpl] TRACE segmented.SegmentedRaftLogCache (AutoCloseableReadWriteLock.java:logLocking(65)) - s0@group-EF46AB43B6D1: readLock ACQUIRED 1 by SegmentedRaftLogCache.getEndIndex
2022-07-14 15:51:54,247 [s0@group-EF46AB43B6D1-LeaderStateImpl] TRACE segmented.SegmentedRaftLogCache (AutoCloseableReadWriteLock.java:logLocking(65)) - s0@group-EF46AB43B6D1: readLock RELEASED 0 by SegmentedRaftLogCache.getEndIndex
2022-07-14 15:51:54,247 [s0@group-EF46AB43B6D1-LeaderStateImpl] TRACE segmented.SegmentedRaftLogCache (AutoCloseableReadWriteLock.java:logLocking(65)) - s0@group-EF46AB43B6D1: readLock ACQUIRED 1 by SegmentedRaftLogCache$LogSegmentList.getTermIndex
2022-07-14 15:51:54,247 [s0@group-EF46AB43B6D1-LeaderStateImpl] TRACE segmented.SegmentedRaftLogCache (AutoCloseableReadWriteLock.java:logLocking(65)) - s0@group-EF46AB43B6D1: readLock RELEASED 0 by SegmentedRaftLogCache$LogSegmentList.getTermIndex
2022-07-14 15:51:54,247 [s0@group-EF46AB43B6D1-LeaderStateImpl] TRACE segmented.SegmentedRaftLogCache (AutoCloseableReadWriteLock.java:logLocking(65)) - s0@group-EF46AB43B6D1: readLock ACQUIRED 1 by SegmentedRaftLogCache.getLastTermIndex
2022-07-14 15:51:54,247 [s0@group-EF46AB43B6D1-LeaderStateImpl] TRACE segmented.SegmentedRaftLogCache (AutoCloseableReadWriteLock.java:logLocking(65)) - s0@group-EF46AB43B6D1: readLock RELEASED 0 by SegmentedRaftLogCache.getLastTermIndex
2022-07-14 15:51:54,247 [s0@group-EF46AB43B6D1-LeaderStateImpl] TRACE segmented.SegmentedRaftLogCache (AutoCloseableReadWriteLock.java:logLocking(65)) - s0@group-EF46AB43B6D1: readLock ACQUIRED 1 by SegmentedRaftLogCache$LogSegmentList.countCached
2022-07-14 15:51:54,247 [s0@group-EF46AB43B6D1-LeaderStateImpl] TRACE segmented.SegmentedRaftLogCache (AutoCloseableReadWriteLock.java:logLocking(65)) - s0@group-EF46AB43B6D1: readLock RELEASED 0 by SegmentedRaftLogCache$LogSegmentList.countCached
2022-07-14 15:51:54,247 [s0@group-EF46AB43B6D1-LeaderStateImpl] TRACE segmented.SegmentedRaftLogCache (AutoCloseableReadWriteLock.java:logLocking(65)) - s0@group-EF46AB43B6D1: readLock ACQUIRED 1 by SegmentedRaftLogCache$LogSegmentList.getTotalCacheSize
2022-07-14 15:51:54,248 [s0@group-EF46AB43B6D1-LeaderStateImpl] TRACE segmented.SegmentedRaftLogCache (AutoCloseableReadWriteLock.java:logLocking(65)) - s0@group-EF46AB43B6D1: readLock RELEASED 0 by SegmentedRaftLogCache$LogSegmentList.getTotalCacheSize
2022-07-14 15:51:54,248 [s0@group-EF46AB43B6D1-LeaderStateImpl] DEBUG segmented.SegmentedRaftLogWorker (SegmentedRaftLogWorker.java:addIOTask(270)) - s0@group-EF46AB43B6D1-SegmentedRaftLogWorker adds IO task WriteLog:6: (t:1, i:6), METADATAENTRY(c:5)
2022-07-14 15:51:54,248 [s0@group-EF46AB43B6D1-SegmentedRaftLogWorker] DEBUG segmented.SegmentedRaftLogWorker (SegmentedRaftLogWorker.java:flushIfNecessary(365)) - s0@group-EF46AB43B6D1-SegmentedRaftLogWorker: flush SegmentedRaftLogOutputStream(/home/runner/work/ratis/ratis/ratis-test/target/test/data/7931f2a6/MiniRaftClusterWithGrpc6c3cfa42/s0/d33854d5-690d-4a13-9a9e-ef46ab43b6d1/current/log_inprogress_0)
2022-07-14 15:51:54,248 [s0@group-EF46AB43B6D1-StateMachineUpdater] INFO  statemachine.SimpleStateMachine4Testing (SimpleStateMachine4Testing.java:put(204)) - s0: put 5, m2 -> (t:1, i:5), STATEMACHINELOGENTRY, 173@client-64B90517F321
2022-07-14 15:51:54,248 [s0@group-EF46AB43B6D1-LeaderStateImpl] TRACE segmented.SegmentedRaftLogCache (AutoCloseableReadWriteLock.java:logLocking(65)) - s0@group-EF46AB43B6D1: readLock ACQUIRED 1 by SegmentedRaftLogCache.getStartIndex
2022-07-14 15:51:54,248 [s0@group-EF46AB43B6D1-LeaderStateImpl] TRACE segmented.SegmentedRaftLogCache (AutoCloseableReadWriteLock.java:logLocking(65)) -   s0@group-EF46AB43B6D1: readLock ACQUIRED 2 by SegmentedRaftLogCache$LogSegmentList.isEmpty
2022-07-14 15:51:54,248 [s0@group-EF46AB43B6D1-LeaderStateImpl] TRACE segmented.SegmentedRaftLogCache (AutoCloseableReadWriteLock.java:logLocking(65)) -   s0@group-EF46AB43B6D1: readLock RELEASED 1 by SegmentedRaftLogCache$LogSegmentList.isEmpty
2022-07-14 15:51:54,248 [s0@group-EF46AB43B6D1-LeaderStateImpl] TRACE segmented.SegmentedRaftLogCache (AutoCloseableReadWriteLock.java:logLocking(65)) - s0@group-EF46AB43B6D1: readLock RELEASED 0 by SegmentedRaftLogCache.getStartIndex
2022-07-14 15:51:54,248 [s0@group-EF46AB43B6D1-LeaderStateImpl] TRACE segmented.SegmentedRaftLogCache (AutoCloseableReadWriteLock.java:logLocking(65)) - s0@group-EF46AB43B6D1: readLock ACQUIRED 1 by SegmentedRaftLogCache.getEndIndex
2022-07-14 15:51:54,248 [s0@group-EF46AB43B6D1-LeaderStateImpl] TRACE segmented.SegmentedRaftLogCache (AutoCloseableReadWriteLock.java:logLocking(65)) - s0@group-EF46AB43B6D1: readLock RELEASED 0 by SegmentedRaftLogCache.getEndIndex
2022-07-14 15:51:54,248 [s0@group-EF46AB43B6D1-LeaderStateImpl] TRACE segmented.SegmentedRaftLogCache (AutoCloseableReadWriteLock.java:logLocking(65)) - s0@group-EF46AB43B6D1: readLock ACQUIRED 1 by SegmentedRaftLogCache$LogSegmentList.getTermIndex
2022-07-14 15:51:54,248 [s0@group-EF46AB43B6D1-LeaderStateImpl] TRACE segmented.SegmentedRaftLogCache (AutoCloseableReadWriteLock.java:logLocking(65)) - s0@group-EF46AB43B6D1: readLock RELEASED 0 by SegmentedRaftLogCache$LogSegmentList.getTermIndex
2022-07-14 15:51:54,259 [s0-client-thread1] TRACE segmented.SegmentedRaftLogCache (AutoCloseableReadWriteLock.java:logLocking(65)) - s0@group-EF46AB43B6D1: readLock ACQUIRED 1 by SegmentedRaftLogCache.getLastTermIndex
2022-07-14 15:51:54,259 [s0-client-thread1] TRACE segmented.SegmentedRaftLogCache (AutoCloseableReadWriteLock.java:logLocking(65)) - s0@group-EF46AB43B6D1: readLock RELEASED 0 by SegmentedRaftLogCache.getLastTermIndex
2022-07-14 15:51:54,259 [s0-client-thread1] TRACE segmented.SegmentedRaftLogCache (AutoCloseableReadWriteLock.java:logLocking(65)) - s0@group-EF46AB43B6D1: readLock ACQUIRED 1 by SegmentedRaftLogCache.getLastTermIndex
2022-07-14 15:51:54,259 [s0-client-thread1] TRACE segmented.SegmentedRaftLogCache (AutoCloseableReadWriteLock.java:logLocking(65)) - s0@group-EF46AB43B6D1: readLock RELEASED 0 by SegmentedRaftLogCache.getLastTermIndex
2022-07-14 15:51:54,260 [s0-client-thread1] TRACE segmented.SegmentedRaftLogCache (AutoCloseableReadWriteLock.java:logLocking(65)) - s0@group-EF46AB43B6D1: readLock ACQUIRED 1 by SegmentedRaftLogCache$LogSegmentList.countCached
2022-07-14 15:51:54,260 [s0-client-thread1] TRACE segmented.SegmentedRaftLogCache (AutoCloseableReadWriteLock.java:logLocking(65)) - s0@group-EF46AB43B6D1: readLock RELEASED 0 by SegmentedRaftLogCache$LogSegmentList.countCached
2022-07-14 15:51:54,260 [s0-client-thread1] TRACE segmented.SegmentedRaftLogCache (AutoCloseableReadWriteLock.java:logLocking(65)) - s0@group-EF46AB43B6D1: readLock ACQUIRED 1 by SegmentedRaftLogCache$LogSegmentList.getTotalCacheSize
2022-07-14 15:51:54,260 [s0-client-thread1] TRACE segmented.SegmentedRaftLogCache (AutoCloseableReadWriteLock.java:logLocking(65)) - s0@group-EF46AB43B6D1: readLock RELEASED 0 by SegmentedRaftLogCache$LogSegmentList.getTotalCacheSize
2022-07-14 15:51:54,260 [s0-client-thread1] DEBUG segmented.SegmentedRaftLogWorker (SegmentedRaftLogWorker.java:addIOTask(270)) - s0@group-EF46AB43B6D1-SegmentedRaftLogWorker adds IO task WriteLog:7: (t:1, i:7), STATEMACHINELOGENTRY, StateMachineLogEntryProto:174@client-64B90517F321
2022-07-14 15:51:54,260 [s0@group-EF46AB43B6D1-SegmentedRaftLogWorker] DEBUG segmented.SegmentedRaftLogWorker (SegmentedRaftLogWorker.java:flushIfNecessary(365)) - s0@group-EF46AB43B6D1-SegmentedRaftLogWorker: flush SegmentedRaftLogOutputStream(/home/runner/work/ratis/ratis/ratis-test/target/test/data/7931f2a6/MiniRaftClusterWithGrpc6c3cfa42/s0/d33854d5-690d-4a13-9a9e-ef46ab43b6d1/current/log_inprogress_0)
2022-07-14 15:51:54,260 [s0@group-EF46AB43B6D1-LeaderStateImpl] TRACE segmented.SegmentedRaftLogCache (AutoCloseableReadWriteLock.java:logLocking(65)) - s0@group-EF46AB43B6D1: readLock ACQUIRED 1 by SegmentedRaftLogCache.getStartIndex
2022-07-14 15:51:54,260 [s0@group-EF46AB43B6D1-LeaderStateImpl] TRACE segmented.SegmentedRaftLogCache (AutoCloseableReadWriteLock.java:logLocking(65)) -   s0@group-EF46AB43B6D1: readLock ACQUIRED 2 by SegmentedRaftLogCache$LogSegmentList.isEmpty
2022-07-14 15:51:54,260 [s0@group-EF46AB43B6D1-LeaderStateImpl] TRACE segmented.SegmentedRaftLogCache (AutoCloseableReadWriteLock.java:logLocking(65)) -   s0@group-EF46AB43B6D1: readLock RELEASED 1 by SegmentedRaftLogCache$LogSegmentList.isEmpty
2022-07-14 15:51:54,260 [s0@group-EF46AB43B6D1-LeaderStateImpl] TRACE segmented.SegmentedRaftLogCache (AutoCloseableReadWriteLock.java:logLocking(65)) - s0@group-EF46AB43B6D1: readLock RELEASED 0 by SegmentedRaftLogCache.getStartIndex
2022-07-14 15:51:54,260 [s0@group-EF46AB43B6D1-LeaderStateImpl] TRACE segmented.SegmentedRaftLogCache (AutoCloseableReadWriteLock.java:logLocking(65)) - s0@group-EF46AB43B6D1: readLock ACQUIRED 1 by SegmentedRaftLogCache.getEndIndex
2022-07-14 15:51:54,261 [s0@group-EF46AB43B6D1-LeaderStateImpl] TRACE segmented.SegmentedRaftLogCache (AutoCloseableReadWriteLock.java:logLocking(65)) - s0@group-EF46AB43B6D1: readLock RELEASED 0 by SegmentedRaftLogCache.getEndIndex
2022-07-14 15:51:54,261 [s0@group-EF46AB43B6D1-LeaderStateImpl] TRACE segmented.SegmentedRaftLogCache (AutoCloseableReadWriteLock.java:logLocking(65)) - s0@group-EF46AB43B6D1: readLock ACQUIRED 1 by SegmentedRaftLogCache$LogSegmentList.getTermIndex
2022-07-14 15:51:54,261 [s0@group-EF46AB43B6D1-LeaderStateImpl] TRACE segmented.SegmentedRaftLogCache (AutoCloseableReadWriteLock.java:logLocking(65)) - s0@group-EF46AB43B6D1: readLock RELEASED 0 by SegmentedRaftLogCache$LogSegmentList.getTermIndex
2022-07-14 15:51:54,261 [s0@group-EF46AB43B6D1-LeaderStateImpl] TRACE segmented.SegmentedRaftLogCache (AutoCloseableReadWriteLock.java:logLocking(65)) - s0@group-EF46AB43B6D1: readLock ACQUIRED 1 by SegmentedRaftLogCache.getLastTermIndex
2022-07-14 15:51:54,261 [s0@group-EF46AB43B6D1-LeaderStateImpl] TRACE segmented.SegmentedRaftLogCache (AutoCloseableReadWriteLock.java:logLocking(65)) - s0@group-EF46AB43B6D1: readLock RELEASED 0 by SegmentedRaftLogCache.getLastTermIndex
2022-07-14 15:51:54,261 [s0@group-EF46AB43B6D1-LeaderStateImpl] TRACE segmented.SegmentedRaftLogCache (AutoCloseableReadWriteLock.java:logLocking(65)) - s0@group-EF46AB43B6D1: readLock ACQUIRED 1 by SegmentedRaftLogCache$LogSegmentList.countCached
2022-07-14 15:51:54,261 [s0@group-EF46AB43B6D1-LeaderStateImpl] TRACE segmented.SegmentedRaftLogCache (AutoCloseableReadWriteLock.java:logLocking(65)) - s0@group-EF46AB43B6D1: readLock RELEASED 0 by SegmentedRaftLogCache$LogSegmentList.countCached
2022-07-14 15:51:54,261 [s0@group-EF46AB43B6D1-LeaderStateImpl] TRACE segmented.SegmentedRaftLogCache (AutoCloseableReadWriteLock.java:logLocking(65)) - s0@group-EF46AB43B6D1: readLock ACQUIRED 1 by SegmentedRaftLogCache$LogSegmentList.getTotalCacheSize
2022-07-14 15:51:54,261 [s0@group-EF46AB43B6D1-LeaderStateImpl] TRACE segmented.SegmentedRaftLogCache (AutoCloseableReadWriteLock.java:logLocking(65)) - s0@group-EF46AB43B6D1: readLock RELEASED 0 by SegmentedRaftLogCache$LogSegmentList.getTotalCacheSize
2022-07-14 15:51:54,261 [s0@group-EF46AB43B6D1-LeaderStateImpl] DEBUG segmented.SegmentedRaftLogWorker (SegmentedRaftLogWorker.java:addIOTask(270)) - s0@group-EF46AB43B6D1-SegmentedRaftLogWorker adds IO task WriteLog:8: (t:1, i:8), METADATAENTRY(c:7)
2022-07-14 15:51:54,261 [s0@group-EF46AB43B6D1-SegmentedRaftLogWorker] DEBUG segmented.SegmentedRaftLogWorker (SegmentedRaftLogWorker.java:flushIfNecessary(365)) - s0@group-EF46AB43B6D1-SegmentedRaftLogWorker: flush SegmentedRaftLogOutputStream(/home/runner/work/ratis/ratis/ratis-test/target/test/data/7931f2a6/MiniRaftClusterWithGrpc6c3cfa42/s0/d33854d5-690d-4a13-9a9e-ef46ab43b6d1/current/log_inprogress_0)
2022-07-14 15:51:54,261 [s0@group-EF46AB43B6D1-StateMachineUpdater] INFO  statemachine.SimpleStateMachine4Testing (SimpleStateMachine4Testing.java:put(204)) - s0: put 7, m3 -> (t:1, i:7), STATEMACHINELOGENTRY, 174@client-64B90517F321
2022-07-14 15:51:54,262 [s0@group-EF46AB43B6D1-LeaderStateImpl] TRACE segmented.SegmentedRaftLogCache (AutoCloseableReadWriteLock.java:logLocking(65)) - s0@group-EF46AB43B6D1: readLock ACQUIRED 1 by SegmentedRaftLogCache.getStartIndex
2022-07-14 15:51:54,262 [s0@group-EF46AB43B6D1-LeaderStateImpl] TRACE segmented.SegmentedRaftLogCache (AutoCloseableReadWriteLock.java:logLocking(65)) -   s0@group-EF46AB43B6D1: readLock ACQUIRED 2 by SegmentedRaftLogCache$LogSegmentList.isEmpty
2022-07-14 15:51:54,262 [s0@group-EF46AB43B6D1-LeaderStateImpl] TRACE segmented.SegmentedRaftLogCache (AutoCloseableReadWriteLock.java:logLocking(65)) -   s0@group-EF46AB43B6D1: readLock RELEASED 1 by SegmentedRaftLogCache$LogSegmentList.isEmpty
2022-07-14 15:51:54,262 [s0@group-EF46AB43B6D1-LeaderStateImpl] TRACE segmented.SegmentedRaftLogCache (AutoCloseableReadWriteLock.java:logLocking(65)) - s0@group-EF46AB43B6D1: readLock RELEASED 0 by SegmentedRaftLogCache.getStartIndex
2022-07-14 15:51:54,262 [s0@group-EF46AB43B6D1-LeaderStateImpl] TRACE segmented.SegmentedRaftLogCache (AutoCloseableReadWriteLock.java:logLocking(65)) - s0@group-EF46AB43B6D1: readLock ACQUIRED 1 by SegmentedRaftLogCache.getEndIndex
2022-07-14 15:51:54,262 [s0@group-EF46AB43B6D1-LeaderStateImpl] TRACE segmented.SegmentedRaftLogCache (AutoCloseableReadWriteLock.java:logLocking(65)) - s0@group-EF46AB43B6D1: readLock RELEASED 0 by SegmentedRaftLogCache.getEndIndex
2022-07-14 15:51:54,262 [s0@group-EF46AB43B6D1-LeaderStateImpl] TRACE segmented.SegmentedRaftLogCache (AutoCloseableReadWriteLock.java:logLocking(65)) - s0@group-EF46AB43B6D1: readLock ACQUIRED 1 by SegmentedRaftLogCache$LogSegmentList.getTermIndex
2022-07-14 15:51:54,262 [s0@group-EF46AB43B6D1-LeaderStateImpl] TRACE segmented.SegmentedRaftLogCache (AutoCloseableReadWriteLock.java:logLocking(65)) - s0@group-EF46AB43B6D1: readLock RELEASED 0 by SegmentedRaftLogCache$LogSegmentList.getTermIndex
2022-07-14 15:51:54,264 [s0-client-thread1] TRACE segmented.SegmentedRaftLogCache (AutoCloseableReadWriteLock.java:logLocking(65)) - s0@group-EF46AB43B6D1: readLock ACQUIRED 1 by SegmentedRaftLogCache.getLastTermIndex
2022-07-14 15:51:54,264 [s0-client-thread1] TRACE segmented.SegmentedRaftLogCache (AutoCloseableReadWriteLock.java:logLocking(65)) - s0@group-EF46AB43B6D1: readLock RELEASED 0 by SegmentedRaftLogCache.getLastTermIndex
2022-07-14 15:51:54,264 [s0-client-thread1] TRACE segmented.SegmentedRaftLogCache (AutoCloseableReadWriteLock.java:logLocking(65)) - s0@group-EF46AB43B6D1: readLock ACQUIRED 1 by SegmentedRaftLogCache.getLastTermIndex
2022-07-14 15:51:54,264 [s0-client-thread1] TRACE segmented.SegmentedRaftLogCache (AutoCloseableReadWriteLock.java:logLocking(65)) - s0@group-EF46AB43B6D1: readLock RELEASED 0 by SegmentedRaftLogCache.getLastTermIndex
2022-07-14 15:51:54,264 [s0-client-thread1] TRACE segmented.SegmentedRaftLogCache (AutoCloseableReadWriteLock.java:logLocking(65)) - s0@group-EF46AB43B6D1: readLock ACQUIRED 1 by SegmentedRaftLogCache$LogSegmentList.countCached
2022-07-14 15:51:54,264 [s0-client-thread1] TRACE segmented.SegmentedRaftLogCache (AutoCloseableReadWriteLock.java:logLocking(65)) - s0@group-EF46AB43B6D1: readLock RELEASED 0 by SegmentedRaftLogCache$LogSegmentList.countCached
2022-07-14 15:51:54,264 [s0-client-thread1] TRACE segmented.SegmentedRaftLogCache (AutoCloseableReadWriteLock.java:logLocking(65)) - s0@group-EF46AB43B6D1: readLock ACQUIRED 1 by SegmentedRaftLogCache$LogSegmentList.getTotalCacheSize
2022-07-14 15:51:54,264 [s0-client-thread1] TRACE segmented.SegmentedRaftLogCache (AutoCloseableReadWriteLock.java:logLocking(65)) - s0@group-EF46AB43B6D1: readLock RELEASED 0 by SegmentedRaftLogCache$LogSegmentList.getTotalCacheSize
2022-07-14 15:51:54,264 [s0-client-thread1] DEBUG segmented.SegmentedRaftLogWorker (SegmentedRaftLogWorker.java:addIOTask(270)) - s0@group-EF46AB43B6D1-SegmentedRaftLogWorker adds IO task WriteLog:9: (t:1, i:9), STATEMACHINELOGENTRY, StateMachineLogEntryProto:175@client-64B90517F321
2022-07-14 15:51:54,264 [s0@group-EF46AB43B6D1-SegmentedRaftLogWorker] DEBUG segmented.SegmentedRaftLogWorker (SegmentedRaftLogWorker.java:flushIfNecessary(365)) - s0@group-EF46AB43B6D1-SegmentedRaftLogWorker: flush SegmentedRaftLogOutputStream(/home/runner/work/ratis/ratis/ratis-test/target/test/data/7931f2a6/MiniRaftClusterWithGrpc6c3cfa42/s0/d33854d5-690d-4a13-9a9e-ef46ab43b6d1/current/log_inprogress_0)
2022-07-14 15:51:54,265 [s0@group-EF46AB43B6D1-LeaderStateImpl] TRACE segmented.SegmentedRaftLogCache (AutoCloseableReadWriteLock.java:logLocking(65)) - s0@group-EF46AB43B6D1: readLock ACQUIRED 1 by SegmentedRaftLogCache.getStartIndex
2022-07-14 15:51:54,265 [s0@group-EF46AB43B6D1-LeaderStateImpl] TRACE segmented.SegmentedRaftLogCache (AutoCloseableReadWriteLock.java:logLocking(65)) -   s0@group-EF46AB43B6D1: readLock ACQUIRED 2 by SegmentedRaftLogCache$LogSegmentList.isEmpty
2022-07-14 15:51:54,265 [s0@group-EF46AB43B6D1-LeaderStateImpl] TRACE segmented.SegmentedRaftLogCache (AutoCloseableReadWriteLock.java:logLocking(65)) -   s0@group-EF46AB43B6D1: readLock RELEASED 1 by SegmentedRaftLogCache$LogSegmentList.isEmpty
2022-07-14 15:51:54,265 [s0@group-EF46AB43B6D1-LeaderStateImpl] TRACE segmented.SegmentedRaftLogCache (AutoCloseableReadWriteLock.java:logLocking(65)) - s0@group-EF46AB43B6D1: readLock RELEASED 0 by SegmentedRaftLogCache.getStartIndex
2022-07-14 15:51:54,265 [s0@group-EF46AB43B6D1-LeaderStateImpl] TRACE segmented.SegmentedRaftLogCache (AutoCloseableReadWriteLock.java:logLocking(65)) - s0@group-EF46AB43B6D1: readLock ACQUIRED 1 by SegmentedRaftLogCache.getEndIndex
2022-07-14 15:51:54,265 [s0@group-EF46AB43B6D1-LeaderStateImpl] TRACE segmented.SegmentedRaftLogCache (AutoCloseableReadWriteLock.java:logLocking(65)) - s0@group-EF46AB43B6D1: readLock RELEASED 0 by SegmentedRaftLogCache.getEndIndex
2022-07-14 15:51:54,265 [s0@group-EF46AB43B6D1-LeaderStateImpl] TRACE segmented.SegmentedRaftLogCache (AutoCloseableReadWriteLock.java:logLocking(65)) - s0@group-EF46AB43B6D1: readLock ACQUIRED 1 by SegmentedRaftLogCache$LogSegmentList.getTermIndex
2022-07-14 15:51:54,265 [s0@group-EF46AB43B6D1-LeaderStateImpl] TRACE segmented.SegmentedRaftLogCache (AutoCloseableReadWriteLock.java:logLocking(65)) - s0@group-EF46AB43B6D1: readLock RELEASED 0 by SegmentedRaftLogCache$LogSegmentList.getTermIndex
2022-07-14 15:51:54,265 [s0@group-EF46AB43B6D1-LeaderStateImpl] TRACE segmented.SegmentedRaftLogCache (AutoCloseableReadWriteLock.java:logLocking(65)) - s0@group-EF46AB43B6D1: readLock ACQUIRED 1 by SegmentedRaftLogCache.getLastTermIndex
2022-07-14 15:51:54,265 [s0@group-EF46AB43B6D1-LeaderStateImpl] TRACE segmented.SegmentedRaftLogCache (AutoCloseableReadWriteLock.java:logLocking(65)) - s0@group-EF46AB43B6D1: readLock RELEASED 0 by SegmentedRaftLogCache.getLastTermIndex
2022-07-14 15:51:54,265 [s0@group-EF46AB43B6D1-LeaderStateImpl] TRACE segmented.SegmentedRaftLogCache (AutoCloseableReadWriteLock.java:logLocking(65)) - s0@group-EF46AB43B6D1: readLock ACQUIRED 1 by SegmentedRaftLogCache$LogSegmentList.countCached
2022-07-14 15:51:54,265 [s0@group-EF46AB43B6D1-LeaderStateImpl] TRACE segmented.SegmentedRaftLogCache (AutoCloseableReadWriteLock.java:logLocking(65)) - s0@group-EF46AB43B6D1: readLock RELEASED 0 by SegmentedRaftLogCache$LogSegmentList.countCached
2022-07-14 15:51:54,265 [s0@group-EF46AB43B6D1-LeaderStateImpl] TRACE segmented.SegmentedRaftLogCache (AutoCloseableReadWriteLock.java:logLocking(65)) - s0@group-EF46AB43B6D1: readLock ACQUIRED 1 by SegmentedRaftLogCache$LogSegmentList.getTotalCacheSize
2022-07-14 15:51:54,265 [s0@group-EF46AB43B6D1-LeaderStateImpl] TRACE segmented.SegmentedRaftLogCache (AutoCloseableReadWriteLock.java:logLocking(65)) - s0@group-EF46AB43B6D1: readLock RELEASED 0 by SegmentedRaftLogCache$LogSegmentList.getTotalCacheSize
2022-07-14 15:51:54,265 [s0@group-EF46AB43B6D1-LeaderStateImpl] DEBUG segmented.SegmentedRaftLogWorker (SegmentedRaftLogWorker.java:addIOTask(270)) - s0@group-EF46AB43B6D1-SegmentedRaftLogWorker adds IO task WriteLog:10: (t:1, i:10), METADATAENTRY(c:9)
2022-07-14 15:51:54,265 [s0@group-EF46AB43B6D1-SegmentedRaftLogWorker] DEBUG segmented.SegmentedRaftLogWorker (SegmentedRaftLogWorker.java:flushIfNecessary(365)) - s0@group-EF46AB43B6D1-SegmentedRaftLogWorker: flush SegmentedRaftLogOutputStream(/home/runner/work/ratis/ratis/ratis-test/target/test/data/7931f2a6/MiniRaftClusterWithGrpc6c3cfa42/s0/d33854d5-690d-4a13-9a9e-ef46ab43b6d1/current/log_inprogress_0)
2022-07-14 15:51:54,266 [s0@group-EF46AB43B6D1-StateMachineUpdater] INFO  statemachine.SimpleStateMachine4Testing (SimpleStateMachine4Testing.java:put(204)) - s0: put 9, m4 -> (t:1, i:9), STATEMACHINELOGENTRY, 175@client-64B90517F321
2022-07-14 15:51:54,266 [s0@group-EF46AB43B6D1-LeaderStateImpl] TRACE segmented.SegmentedRaftLogCache (AutoCloseableReadWriteLock.java:logLocking(65)) - s0@group-EF46AB43B6D1: readLock ACQUIRED 1 by SegmentedRaftLogCache.getStartIndex
2022-07-14 15:51:54,266 [s0@group-EF46AB43B6D1-LeaderStateImpl] TRACE segmented.SegmentedRaftLogCache (AutoCloseableReadWriteLock.java:logLocking(65)) -   s0@group-EF46AB43B6D1: readLock ACQUIRED 2 by SegmentedRaftLogCache$LogSegmentList.isEmpty
2022-07-14 15:51:54,266 [s0@group-EF46AB43B6D1-LeaderStateImpl] TRACE segmented.SegmentedRaftLogCache (AutoCloseableReadWriteLock.java:logLocking(65)) -   s0@group-EF46AB43B6D1: readLock RELEASED 1 by SegmentedRaftLogCache$LogSegmentList.isEmpty
2022-07-14 15:51:54,266 [s0@group-EF46AB43B6D1-LeaderStateImpl] TRACE segmented.SegmentedRaftLogCache (AutoCloseableReadWriteLock.java:logLocking(65)) - s0@group-EF46AB43B6D1: readLock RELEASED 0 by SegmentedRaftLogCache.getStartIndex
2022-07-14 15:51:54,266 [s0@group-EF46AB43B6D1-LeaderStateImpl] TRACE segmented.SegmentedRaftLogCache (AutoCloseableReadWriteLock.java:logLocking(65)) - s0@group-EF46AB43B6D1: readLock ACQUIRED 1 by SegmentedRaftLogCache.getEndIndex
2022-07-14 15:51:54,266 [s0@group-EF46AB43B6D1-LeaderStateImpl] TRACE segmented.SegmentedRaftLogCache (AutoCloseableReadWriteLock.java:logLocking(65)) - s0@group-EF46AB43B6D1: readLock RELEASED 0 by SegmentedRaftLogCache.getEndIndex
2022-07-14 15:51:54,266 [s0@group-EF46AB43B6D1-LeaderStateImpl] TRACE segmented.SegmentedRaftLogCache (AutoCloseableReadWriteLock.java:logLocking(65)) - s0@group-EF46AB43B6D1: readLock ACQUIRED 1 by SegmentedRaftLogCache$LogSegmentList.getTermIndex
2022-07-14 15:51:54,266 [s0@group-EF46AB43B6D1-LeaderStateImpl] TRACE segmented.SegmentedRaftLogCache (AutoCloseableReadWriteLock.java:logLocking(65)) - s0@group-EF46AB43B6D1: readLock RELEASED 0 by SegmentedRaftLogCache$LogSegmentList.getTermIndex
2022-07-14 15:51:54,268 [s0-client-thread1] TRACE segmented.SegmentedRaftLogCache (AutoCloseableReadWriteLock.java:logLocking(65)) - s0@group-EF46AB43B6D1: readLock ACQUIRED 1 by SegmentedRaftLogCache.getLastTermIndex
2022-07-14 15:51:54,268 [s0-client-thread1] TRACE segmented.SegmentedRaftLogCache (AutoCloseableReadWriteLock.java:logLocking(65)) - s0@group-EF46AB43B6D1: readLock RELEASED 0 by SegmentedRaftLogCache.getLastTermIndex
2022-07-14 15:51:54,268 [s0-client-thread1] TRACE segmented.SegmentedRaftLogCache (AutoCloseableReadWriteLock.java:logLocking(65)) - s0@group-EF46AB43B6D1: readLock ACQUIRED 1 by SegmentedRaftLogCache.getLastTermIndex
2022-07-14 15:51:54,269 [s0-client-thread1] TRACE segmented.SegmentedRaftLogCache (AutoCloseableReadWriteLock.java:logLocking(65)) - s0@group-EF46AB43B6D1: readLock RELEASED 0 by SegmentedRaftLogCache.getLastTermIndex
2022-07-14 15:51:54,269 [s0-client-thread1] TRACE segmented.SegmentedRaftLogCache (AutoCloseableReadWriteLock.java:logLocking(65)) - s0@group-EF46AB43B6D1: readLock ACQUIRED 1 by SegmentedRaftLogCache$LogSegmentList.countCached
2022-07-14 15:51:54,269 [s0-client-thread1] TRACE segmented.SegmentedRaftLogCache (AutoCloseableReadWriteLock.java:logLocking(65)) - s0@group-EF46AB43B6D1: readLock RELEASED 0 by SegmentedRaftLogCache$LogSegmentList.countCached
2022-07-14 15:51:54,269 [s0-client-thread1] TRACE segmented.SegmentedRaftLogCache (AutoCloseableReadWriteLock.java:logLocking(65)) - s0@group-EF46AB43B6D1: readLock ACQUIRED 1 by SegmentedRaftLogCache$LogSegmentList.getTotalCacheSize
2022-07-14 15:51:54,269 [s0-client-thread1] TRACE segmented.SegmentedRaftLogCache (AutoCloseableReadWriteLock.java:logLocking(65)) - s0@group-EF46AB43B6D1: readLock RELEASED 0 by SegmentedRaftLogCache$LogSegmentList.getTotalCacheSize
2022-07-14 15:51:54,269 [s0-client-thread1] DEBUG segmented.SegmentedRaftLogWorker (SegmentedRaftLogWorker.java:addIOTask(270)) - s0@group-EF46AB43B6D1-SegmentedRaftLogWorker adds IO task WriteLog:11: (t:1, i:11), STATEMACHINELOGENTRY, StateMachineLogEntryProto:176@client-64B90517F321
2022-07-14 15:51:54,269 [s0@group-EF46AB43B6D1-SegmentedRaftLogWorker] DEBUG segmented.SegmentedRaftLogWorker (SegmentedRaftLogWorker.java:flushIfNecessary(365)) - s0@group-EF46AB43B6D1-SegmentedRaftLogWorker: flush SegmentedRaftLogOutputStream(/home/runner/work/ratis/ratis/ratis-test/target/test/data/7931f2a6/MiniRaftClusterWithGrpc6c3cfa42/s0/d33854d5-690d-4a13-9a9e-ef46ab43b6d1/current/log_inprogress_0)
2022-07-14 15:51:54,269 [s0@group-EF46AB43B6D1-LeaderStateImpl] TRACE segmented.SegmentedRaftLogCache (AutoCloseableReadWriteLock.java:logLocking(65)) - s0@group-EF46AB43B6D1: readLock ACQUIRED 1 by SegmentedRaftLogCache.getStartIndex
2022-07-14 15:51:54,269 [s0@group-EF46AB43B6D1-LeaderStateImpl] TRACE segmented.SegmentedRaftLogCache (AutoCloseableReadWriteLock.java:logLocking(65)) -   s0@group-EF46AB43B6D1: readLock ACQUIRED 2 by SegmentedRaftLogCache$LogSegmentList.isEmpty
2022-07-14 15:51:54,269 [s0@group-EF46AB43B6D1-LeaderStateImpl] TRACE segmented.SegmentedRaftLogCache (AutoCloseableReadWriteLock.java:logLocking(65)) -   s0@group-EF46AB43B6D1: readLock RELEASED 1 by SegmentedRaftLogCache$LogSegmentList.isEmpty
2022-07-14 15:51:54,269 [s0@group-EF46AB43B6D1-LeaderStateImpl] TRACE segmented.SegmentedRaftLogCache (AutoCloseableReadWriteLock.java:logLocking(65)) - s0@group-EF46AB43B6D1: readLock RELEASED 0 by SegmentedRaftLogCache.getStartIndex
2022-07-14 15:51:54,270 [s0@group-EF46AB43B6D1-LeaderStateImpl] TRACE segmented.SegmentedRaftLogCache (AutoCloseableReadWriteLock.java:logLocking(65)) - s0@group-EF46AB43B6D1: readLock ACQUIRED 1 by SegmentedRaftLogCache.getEndIndex
2022-07-14 15:51:54,270 [s0@group-EF46AB43B6D1-LeaderStateImpl] TRACE segmented.SegmentedRaftLogCache (AutoCloseableReadWriteLock.java:logLocking(65)) - s0@group-EF46AB43B6D1: readLock RELEASED 0 by SegmentedRaftLogCache.getEndIndex
2022-07-14 15:51:54,270 [s0@group-EF46AB43B6D1-LeaderStateImpl] TRACE segmented.SegmentedRaftLogCache (AutoCloseableReadWriteLock.java:logLocking(65)) - s0@group-EF46AB43B6D1: readLock ACQUIRED 1 by SegmentedRaftLogCache$LogSegmentList.getTermIndex
2022-07-14 15:51:54,270 [s0@group-EF46AB43B6D1-LeaderStateImpl] TRACE segmented.SegmentedRaftLogCache (AutoCloseableReadWriteLock.java:logLocking(65)) - s0@group-EF46AB43B6D1: readLock RELEASED 0 by SegmentedRaftLogCache$LogSegmentList.getTermIndex
2022-07-14 15:51:54,270 [s0@group-EF46AB43B6D1-StateMachineUpdater] INFO  statemachine.SimpleStateMachine4Testing (SimpleStateMachine4Testing.java:put(204)) - s0: put 11, m5 -> (t:1, i:11), STATEMACHINELOGENTRY, 176@client-64B90517F321
2022-07-14 15:51:54,271 [s0@group-EF46AB43B6D1-LeaderStateImpl] TRACE segmented.SegmentedRaftLogCache (AutoCloseableReadWriteLock.java:logLocking(65)) - s0@group-EF46AB43B6D1: readLock ACQUIRED 1 by SegmentedRaftLogCache.getLastTermIndex
2022-07-14 15:51:54,272 [s0@group-EF46AB43B6D1-LeaderStateImpl] TRACE segmented.SegmentedRaftLogCache (AutoCloseableReadWriteLock.java:logLocking(65)) - s0@group-EF46AB43B6D1: readLock RELEASED 0 by SegmentedRaftLogCache.getLastTermIndex
2022-07-14 15:51:54,272 [s0@group-EF46AB43B6D1-LeaderStateImpl] TRACE segmented.SegmentedRaftLogCache (AutoCloseableReadWriteLock.java:logLocking(65)) - s0@group-EF46AB43B6D1: readLock ACQUIRED 1 by SegmentedRaftLogCache$LogSegmentList.countCached
2022-07-14 15:51:54,272 [s0@group-EF46AB43B6D1-LeaderStateImpl] TRACE segmented.SegmentedRaftLogCache (AutoCloseableReadWriteLock.java:logLocking(65)) - s0@group-EF46AB43B6D1: readLock RELEASED 0 by SegmentedRaftLogCache$LogSegmentList.countCached
2022-07-14 15:51:54,272 [s0@group-EF46AB43B6D1-LeaderStateImpl] TRACE segmented.SegmentedRaftLogCache (AutoCloseableReadWriteLock.java:logLocking(65)) - s0@group-EF46AB43B6D1: readLock ACQUIRED 1 by SegmentedRaftLogCache$LogSegmentList.getTotalCacheSize
2022-07-14 15:51:54,272 [s0@group-EF46AB43B6D1-LeaderStateImpl] TRACE segmented.SegmentedRaftLogCache (AutoCloseableReadWriteLock.java:logLocking(65)) - s0@group-EF46AB43B6D1: readLock RELEASED 0 by SegmentedRaftLogCache$LogSegmentList.getTotalCacheSize
2022-07-14 15:51:54,272 [s0@group-EF46AB43B6D1-LeaderStateImpl] DEBUG segmented.SegmentedRaftLogWorker (SegmentedRaftLogWorker.java:addIOTask(270)) - s0@group-EF46AB43B6D1-SegmentedRaftLogWorker adds IO task WriteLog:12: (t:1, i:12), METADATAENTRY(c:11)
2022-07-14 15:51:54,272 [s0@group-EF46AB43B6D1-SegmentedRaftLogWorker] DEBUG segmented.SegmentedRaftLogWorker (SegmentedRaftLogWorker.java:flushIfNecessary(365)) - s0@group-EF46AB43B6D1-SegmentedRaftLogWorker: flush SegmentedRaftLogOutputStream(/home/runner/work/ratis/ratis/ratis-test/target/test/data/7931f2a6/MiniRaftClusterWithGrpc6c3cfa42/s0/d33854d5-690d-4a13-9a9e-ef46ab43b6d1/current/log_inprogress_0)
2022-07-14 15:51:54,272 [s0-client-thread1] TRACE segmented.SegmentedRaftLogCache (AutoCloseableReadWriteLock.java:logLocking(65)) - s0@group-EF46AB43B6D1: readLock ACQUIRED 1 by SegmentedRaftLogCache.getLastTermIndex
2022-07-14 15:51:54,272 [s0-client-thread1] TRACE segmented.SegmentedRaftLogCache (AutoCloseableReadWriteLock.java:logLocking(65)) - s0@group-EF46AB43B6D1: readLock RELEASED 0 by SegmentedRaftLogCache.getLastTermIndex
2022-07-14 15:51:54,272 [s0-client-thread1] TRACE segmented.SegmentedRaftLogCache (AutoCloseableReadWriteLock.java:logLocking(65)) - s0@group-EF46AB43B6D1: readLock ACQUIRED 1 by SegmentedRaftLogCache.getLastTermIndex
2022-07-14 15:51:54,272 [s0-client-thread1] TRACE segmented.SegmentedRaftLogCache (AutoCloseableReadWriteLock.java:logLocking(65)) - s0@group-EF46AB43B6D1: readLock RELEASED 0 by SegmentedRaftLogCache.getLastTermIndex
2022-07-14 15:51:54,273 [s0-client-thread1] TRACE segmented.SegmentedRaftLogCache (AutoCloseableReadWriteLock.java:logLocking(65)) - s0@group-EF46AB43B6D1: readLock ACQUIRED 1 by SegmentedRaftLogCache$LogSegmentList.countCached
2022-07-14 15:51:54,273 [s0-client-thread1] TRACE segmented.SegmentedRaftLogCache (AutoCloseableReadWriteLock.java:logLocking(65)) - s0@group-EF46AB43B6D1: readLock RELEASED 0 by SegmentedRaftLogCache$LogSegmentList.countCached
2022-07-14 15:51:54,273 [s0-client-thread1] TRACE segmented.SegmentedRaftLogCache (AutoCloseableReadWriteLock.java:logLocking(65)) - s0@group-EF46AB43B6D1: readLock ACQUIRED 1 by SegmentedRaftLogCache$LogSegmentList.getTotalCacheSize
2022-07-14 15:51:54,273 [s0-client-thread1] TRACE segmented.SegmentedRaftLogCache (AutoCloseableReadWriteLock.java:logLocking(65)) - s0@group-EF46AB43B6D1: readLock RELEASED 0 by SegmentedRaftLogCache$LogSegmentList.getTotalCacheSize
2022-07-14 15:51:54,273 [s0-client-thread1] DEBUG segmented.SegmentedRaftLogWorker (SegmentedRaftLogWorker.java:addIOTask(270)) - s0@group-EF46AB43B6D1-SegmentedRaftLogWorker adds IO task WriteLog:13: (t:1, i:13), STATEMACHINELOGENTRY, StateMachineLogEntryProto:177@client-64B90517F321
2022-07-14 15:51:54,273 [s0@group-EF46AB43B6D1-SegmentedRaftLogWorker] DEBUG segmented.SegmentedRaftLogWorker (SegmentedRaftLogWorker.java:flushIfNecessary(365)) - s0@group-EF46AB43B6D1-SegmentedRaftLogWorker: flush SegmentedRaftLogOutputStream(/home/runner/work/ratis/ratis/ratis-test/target/test/data/7931f2a6/MiniRaftClusterWithGrpc6c3cfa42/s0/d33854d5-690d-4a13-9a9e-ef46ab43b6d1/current/log_inprogress_0)
2022-07-14 15:51:54,273 [s0@group-EF46AB43B6D1-LeaderStateImpl] TRACE segmented.SegmentedRaftLogCache (AutoCloseableReadWriteLock.java:logLocking(65)) - s0@group-EF46AB43B6D1: readLock ACQUIRED 1 by SegmentedRaftLogCache.getStartIndex
2022-07-14 15:51:54,273 [s0@group-EF46AB43B6D1-LeaderStateImpl] TRACE segmented.SegmentedRaftLogCache (AutoCloseableReadWriteLock.java:logLocking(65)) -   s0@group-EF46AB43B6D1: readLock ACQUIRED 2 by SegmentedRaftLogCache$LogSegmentList.isEmpty
2022-07-14 15:51:54,273 [s0@group-EF46AB43B6D1-LeaderStateImpl] TRACE segmented.SegmentedRaftLogCache (AutoCloseableReadWriteLock.java:logLocking(65)) -   s0@group-EF46AB43B6D1: readLock RELEASED 1 by SegmentedRaftLogCache$LogSegmentList.isEmpty
2022-07-14 15:51:54,273 [s0@group-EF46AB43B6D1-LeaderStateImpl] TRACE segmented.SegmentedRaftLogCache (AutoCloseableReadWriteLock.java:logLocking(65)) - s0@group-EF46AB43B6D1: readLock RELEASED 0 by SegmentedRaftLogCache.getStartIndex
2022-07-14 15:51:54,273 [s0@group-EF46AB43B6D1-LeaderStateImpl] TRACE segmented.SegmentedRaftLogCache (AutoCloseableReadWriteLock.java:logLocking(65)) - s0@group-EF46AB43B6D1: readLock ACQUIRED 1 by SegmentedRaftLogCache.getEndIndex
2022-07-14 15:51:54,273 [s0@group-EF46AB43B6D1-LeaderStateImpl] TRACE segmented.SegmentedRaftLogCache (AutoCloseableReadWriteLock.java:logLocking(65)) - s0@group-EF46AB43B6D1: readLock RELEASED 0 by SegmentedRaftLogCache.getEndIndex
2022-07-14 15:51:54,273 [s0@group-EF46AB43B6D1-LeaderStateImpl] TRACE segmented.SegmentedRaftLogCache (AutoCloseableReadWriteLock.java:logLocking(65)) - s0@group-EF46AB43B6D1: readLock ACQUIRED 1 by SegmentedRaftLogCache$LogSegmentList.getTermIndex
2022-07-14 15:51:54,274 [s0@group-EF46AB43B6D1-LeaderStateImpl] TRACE segmented.SegmentedRaftLogCache (AutoCloseableReadWriteLock.java:logLocking(65)) - s0@group-EF46AB43B6D1: readLock RELEASED 0 by SegmentedRaftLogCache$LogSegmentList.getTermIndex
2022-07-14 15:51:54,274 [s0@group-EF46AB43B6D1-LeaderStateImpl] TRACE segmented.SegmentedRaftLogCache (AutoCloseableReadWriteLock.java:logLocking(65)) - s0@group-EF46AB43B6D1: readLock ACQUIRED 1 by SegmentedRaftLogCache.getLastTermIndex
2022-07-14 15:51:54,274 [s0@group-EF46AB43B6D1-LeaderStateImpl] TRACE segmented.SegmentedRaftLogCache (AutoCloseableReadWriteLock.java:logLocking(65)) - s0@group-EF46AB43B6D1: readLock RELEASED 0 by SegmentedRaftLogCache.getLastTermIndex
2022-07-14 15:51:54,274 [s0@group-EF46AB43B6D1-LeaderStateImpl] TRACE segmented.SegmentedRaftLogCache (AutoCloseableReadWriteLock.java:logLocking(65)) - s0@group-EF46AB43B6D1: readLock ACQUIRED 1 by SegmentedRaftLogCache$LogSegmentList.countCached
2022-07-14 15:51:54,274 [s0@group-EF46AB43B6D1-LeaderStateImpl] TRACE segmented.SegmentedRaftLogCache (AutoCloseableReadWriteLock.java:logLocking(65)) - s0@group-EF46AB43B6D1: readLock RELEASED 0 by SegmentedRaftLogCache$LogSegmentList.countCached
2022-07-14 15:51:54,274 [s0@group-EF46AB43B6D1-LeaderStateImpl] TRACE segmented.SegmentedRaftLogCache (AutoCloseableReadWriteLock.java:logLocking(65)) - s0@group-EF46AB43B6D1: readLock ACQUIRED 1 by SegmentedRaftLogCache$LogSegmentList.getTotalCacheSize
2022-07-14 15:51:54,274 [s0@group-EF46AB43B6D1-LeaderStateImpl] TRACE segmented.SegmentedRaftLogCache (AutoCloseableReadWriteLock.java:logLocking(65)) - s0@group-EF46AB43B6D1: readLock RELEASED 0 by SegmentedRaftLogCache$LogSegmentList.getTotalCacheSize
2022-07-14 15:51:54,274 [s0@group-EF46AB43B6D1-LeaderStateImpl] DEBUG segmented.SegmentedRaftLogWorker (SegmentedRaftLogWorker.java:addIOTask(270)) - s0@group-EF46AB43B6D1-SegmentedRaftLogWorker adds IO task WriteLog:14: (t:1, i:14), METADATAENTRY(c:13)
2022-07-14 15:51:54,274 [s0@group-EF46AB43B6D1-SegmentedRaftLogWorker] DEBUG segmented.SegmentedRaftLogWorker (SegmentedRaftLogWorker.java:flushIfNecessary(365)) - s0@group-EF46AB43B6D1-SegmentedRaftLogWorker: flush SegmentedRaftLogOutputStream(/home/runner/work/ratis/ratis/ratis-test/target/test/data/7931f2a6/MiniRaftClusterWithGrpc6c3cfa42/s0/d33854d5-690d-4a13-9a9e-ef46ab43b6d1/current/log_inprogress_0)
2022-07-14 15:51:54,274 [s0@group-EF46AB43B6D1-StateMachineUpdater] INFO  statemachine.SimpleStateMachine4Testing (SimpleStateMachine4Testing.java:put(204)) - s0: put 13, m6 -> (t:1, i:13), STATEMACHINELOGENTRY, 177@client-64B90517F321
2022-07-14 15:51:54,274 [s0@group-EF46AB43B6D1-LeaderStateImpl] TRACE segmented.SegmentedRaftLogCache (AutoCloseableReadWriteLock.java:logLocking(65)) - s0@group-EF46AB43B6D1: readLock ACQUIRED 1 by SegmentedRaftLogCache.getStartIndex
2022-07-14 15:51:54,274 [s0@group-EF46AB43B6D1-LeaderStateImpl] TRACE segmented.SegmentedRaftLogCache (AutoCloseableReadWriteLock.java:logLocking(65)) -   s0@group-EF46AB43B6D1: readLock ACQUIRED 2 by SegmentedRaftLogCache$LogSegmentList.isEmpty
2022-07-14 15:51:54,274 [s0@group-EF46AB43B6D1-LeaderStateImpl] TRACE segmented.SegmentedRaftLogCache (AutoCloseableReadWriteLock.java:logLocking(65)) -   s0@group-EF46AB43B6D1: readLock RELEASED 1 by SegmentedRaftLogCache$LogSegmentList.isEmpty
2022-07-14 15:51:54,274 [s0@group-EF46AB43B6D1-LeaderStateImpl] TRACE segmented.SegmentedRaftLogCache (AutoCloseableReadWriteLock.java:logLocking(65)) - s0@group-EF46AB43B6D1: readLock RELEASED 0 by SegmentedRaftLogCache.getStartIndex
2022-07-14 15:51:54,274 [s0@group-EF46AB43B6D1-LeaderStateImpl] TRACE segmented.SegmentedRaftLogCache (AutoCloseableReadWriteLock.java:logLocking(65)) - s0@group-EF46AB43B6D1: readLock ACQUIRED 1 by SegmentedRaftLogCache.getEndIndex
2022-07-14 15:51:54,274 [s0@group-EF46AB43B6D1-LeaderStateImpl] TRACE segmented.SegmentedRaftLogCache (AutoCloseableReadWriteLock.java:logLocking(65)) - s0@group-EF46AB43B6D1: readLock RELEASED 0 by SegmentedRaftLogCache.getEndIndex
2022-07-14 15:51:54,275 [s0@group-EF46AB43B6D1-LeaderStateImpl] TRACE segmented.SegmentedRaftLogCache (AutoCloseableReadWriteLock.java:logLocking(65)) - s0@group-EF46AB43B6D1: readLock ACQUIRED 1 by SegmentedRaftLogCache$LogSegmentList.getTermIndex
2022-07-14 15:51:54,275 [s0@group-EF46AB43B6D1-LeaderStateImpl] TRACE segmented.SegmentedRaftLogCache (AutoCloseableReadWriteLock.java:logLocking(65)) - s0@group-EF46AB43B6D1: readLock RELEASED 0 by SegmentedRaftLogCache$LogSegmentList.getTermIndex
2022-07-14 15:51:54,276 [s0-client-thread1] TRACE segmented.SegmentedRaftLogCache (AutoCloseableReadWriteLock.java:logLocking(65)) - s0@group-EF46AB43B6D1: readLock ACQUIRED 1 by SegmentedRaftLogCache.getLastTermIndex
2022-07-14 15:51:54,276 [s0-client-thread1] TRACE segmented.SegmentedRaftLogCache (AutoCloseableReadWriteLock.java:logLocking(65)) - s0@group-EF46AB43B6D1: readLock RELEASED 0 by SegmentedRaftLogCache.getLastTermIndex
2022-07-14 15:51:54,276 [s0-client-thread1] TRACE segmented.SegmentedRaftLogCache (AutoCloseableReadWriteLock.java:logLocking(65)) - s0@group-EF46AB43B6D1: readLock ACQUIRED 1 by SegmentedRaftLogCache.getLastTermIndex
2022-07-14 15:51:54,276 [s0-client-thread1] TRACE segmented.SegmentedRaftLogCache (AutoCloseableReadWriteLock.java:logLocking(65)) - s0@group-EF46AB43B6D1: readLock RELEASED 0 by SegmentedRaftLogCache.getLastTermIndex
2022-07-14 15:51:54,276 [s0-client-thread1] TRACE segmented.SegmentedRaftLogCache (AutoCloseableReadWriteLock.java:logLocking(65)) - s0@group-EF46AB43B6D1: readLock ACQUIRED 1 by SegmentedRaftLogCache$LogSegmentList.countCached
2022-07-14 15:51:54,276 [s0-client-thread1] TRACE segmented.SegmentedRaftLogCache (AutoCloseableReadWriteLock.java:logLocking(65)) - s0@group-EF46AB43B6D1: readLock RELEASED 0 by SegmentedRaftLogCache$LogSegmentList.countCached
2022-07-14 15:51:54,277 [s0-client-thread1] TRACE segmented.SegmentedRaftLogCache (AutoCloseableReadWriteLock.java:logLocking(65)) - s0@group-EF46AB43B6D1: readLock ACQUIRED 1 by SegmentedRaftLogCache$LogSegmentList.getTotalCacheSize
2022-07-14 15:51:54,277 [s0-client-thread1] TRACE segmented.SegmentedRaftLogCache (AutoCloseableReadWriteLock.java:logLocking(65)) - s0@group-EF46AB43B6D1: readLock RELEASED 0 by SegmentedRaftLogCache$LogSegmentList.getTotalCacheSize
2022-07-14 15:51:54,277 [s0-client-thread1] DEBUG segmented.SegmentedRaftLogWorker (SegmentedRaftLogWorker.java:addIOTask(270)) - s0@group-EF46AB43B6D1-SegmentedRaftLogWorker adds IO task WriteLog:15: (t:1, i:15), STATEMACHINELOGENTRY, StateMachineLogEntryProto:178@client-64B90517F321
2022-07-14 15:51:54,277 [s0@group-EF46AB43B6D1-SegmentedRaftLogWorker] DEBUG segmented.SegmentedRaftLogWorker (SegmentedRaftLogWorker.java:flushIfNecessary(365)) - s0@group-EF46AB43B6D1-SegmentedRaftLogWorker: flush SegmentedRaftLogOutputStream(/home/runner/work/ratis/ratis/ratis-test/target/test/data/7931f2a6/MiniRaftClusterWithGrpc6c3cfa42/s0/d33854d5-690d-4a13-9a9e-ef46ab43b6d1/current/log_inprogress_0)
2022-07-14 15:51:54,277 [s0@group-EF46AB43B6D1-LeaderStateImpl] TRACE segmented.SegmentedRaftLogCache (AutoCloseableReadWriteLock.java:logLocking(65)) - s0@group-EF46AB43B6D1: readLock ACQUIRED 1 by SegmentedRaftLogCache.getStartIndex
2022-07-14 15:51:54,277 [s0@group-EF46AB43B6D1-LeaderStateImpl] TRACE segmented.SegmentedRaftLogCache (AutoCloseableReadWriteLock.java:logLocking(65)) -   s0@group-EF46AB43B6D1: readLock ACQUIRED 2 by SegmentedRaftLogCache$LogSegmentList.isEmpty
2022-07-14 15:51:54,277 [s0@group-EF46AB43B6D1-LeaderStateImpl] TRACE segmented.SegmentedRaftLogCache (AutoCloseableReadWriteLock.java:logLocking(65)) -   s0@group-EF46AB43B6D1: readLock RELEASED 1 by SegmentedRaftLogCache$LogSegmentList.isEmpty
2022-07-14 15:51:54,277 [s0@group-EF46AB43B6D1-LeaderStateImpl] TRACE segmented.SegmentedRaftLogCache (AutoCloseableReadWriteLock.java:logLocking(65)) - s0@group-EF46AB43B6D1: readLock RELEASED 0 by SegmentedRaftLogCache.getStartIndex
2022-07-14 15:51:54,277 [s0@group-EF46AB43B6D1-LeaderStateImpl] TRACE segmented.SegmentedRaftLogCache (AutoCloseableReadWriteLock.java:logLocking(65)) - s0@group-EF46AB43B6D1: readLock ACQUIRED 1 by SegmentedRaftLogCache.getEndIndex
2022-07-14 15:51:54,277 [s0@group-EF46AB43B6D1-LeaderStateImpl] TRACE segmented.SegmentedRaftLogCache (AutoCloseableReadWriteLock.java:logLocking(65)) - s0@group-EF46AB43B6D1: readLock RELEASED 0 by SegmentedRaftLogCache.getEndIndex
2022-07-14 15:51:54,277 [s0@group-EF46AB43B6D1-LeaderStateImpl] TRACE segmented.SegmentedRaftLogCache (AutoCloseableReadWriteLock.java:logLocking(65)) - s0@group-EF46AB43B6D1: readLock ACQUIRED 1 by SegmentedRaftLogCache$LogSegmentList.getTermIndex
2022-07-14 15:51:54,277 [s0@group-EF46AB43B6D1-LeaderStateImpl] TRACE segmented.SegmentedRaftLogCache (AutoCloseableReadWriteLock.java:logLocking(65)) - s0@group-EF46AB43B6D1: readLock RELEASED 0 by SegmentedRaftLogCache$LogSegmentList.getTermIndex
2022-07-14 15:51:54,278 [s0@group-EF46AB43B6D1-LeaderStateImpl] TRACE segmented.SegmentedRaftLogCache (AutoCloseableReadWriteLock.java:logLocking(65)) - s0@group-EF46AB43B6D1: readLock ACQUIRED 1 by SegmentedRaftLogCache.getLastTermIndex
2022-07-14 15:51:54,278 [s0@group-EF46AB43B6D1-LeaderStateImpl] TRACE segmented.SegmentedRaftLogCache (AutoCloseableReadWriteLock.java:logLocking(65)) - s0@group-EF46AB43B6D1: readLock RELEASED 0 by SegmentedRaftLogCache.getLastTermIndex
2022-07-14 15:51:54,278 [s0@group-EF46AB43B6D1-LeaderStateImpl] TRACE segmented.SegmentedRaftLogCache (AutoCloseableReadWriteLock.java:logLocking(65)) - s0@group-EF46AB43B6D1: readLock ACQUIRED 1 by SegmentedRaftLogCache$LogSegmentList.countCached
2022-07-14 15:51:54,278 [s0@group-EF46AB43B6D1-LeaderStateImpl] TRACE segmented.SegmentedRaftLogCache (AutoCloseableReadWriteLock.java:logLocking(65)) - s0@group-EF46AB43B6D1: readLock RELEASED 0 by SegmentedRaftLogCache$LogSegmentList.countCached
2022-07-14 15:51:54,278 [s0@group-EF46AB43B6D1-LeaderStateImpl] TRACE segmented.SegmentedRaftLogCache (AutoCloseableReadWriteLock.java:logLocking(65)) - s0@group-EF46AB43B6D1: readLock ACQUIRED 1 by SegmentedRaftLogCache$LogSegmentList.getTotalCacheSize
2022-07-14 15:51:54,278 [s0@group-EF46AB43B6D1-LeaderStateImpl] TRACE segmented.SegmentedRaftLogCache (AutoCloseableReadWriteLock.java:logLocking(65)) - s0@group-EF46AB43B6D1: readLock RELEASED 0 by SegmentedRaftLogCache$LogSegmentList.getTotalCacheSize
2022-07-14 15:51:54,278 [s0@group-EF46AB43B6D1-LeaderStateImpl] DEBUG segmented.SegmentedRaftLogWorker (SegmentedRaftLogWorker.java:addIOTask(270)) - s0@group-EF46AB43B6D1-SegmentedRaftLogWorker adds IO task WriteLog:16: (t:1, i:16), METADATAENTRY(c:15)
2022-07-14 15:51:54,278 [s0@group-EF46AB43B6D1-SegmentedRaftLogWorker] DEBUG segmented.SegmentedRaftLogWorker (SegmentedRaftLogWorker.java:flushIfNecessary(365)) - s0@group-EF46AB43B6D1-SegmentedRaftLogWorker: flush SegmentedRaftLogOutputStream(/home/runner/work/ratis/ratis/ratis-test/target/test/data/7931f2a6/MiniRaftClusterWithGrpc6c3cfa42/s0/d33854d5-690d-4a13-9a9e-ef46ab43b6d1/current/log_inprogress_0)
2022-07-14 15:51:54,278 [s0@group-EF46AB43B6D1-StateMachineUpdater] INFO  statemachine.SimpleStateMachine4Testing (SimpleStateMachine4Testing.java:put(204)) - s0: put 15, m7 -> (t:1, i:15), STATEMACHINELOGENTRY, 178@client-64B90517F321
2022-07-14 15:51:54,278 [s0@group-EF46AB43B6D1-LeaderStateImpl] TRACE segmented.SegmentedRaftLogCache (AutoCloseableReadWriteLock.java:logLocking(65)) - s0@group-EF46AB43B6D1: readLock ACQUIRED 1 by SegmentedRaftLogCache.getStartIndex
2022-07-14 15:51:54,278 [s0@group-EF46AB43B6D1-LeaderStateImpl] TRACE segmented.SegmentedRaftLogCache (AutoCloseableReadWriteLock.java:logLocking(65)) -   s0@group-EF46AB43B6D1: readLock ACQUIRED 2 by SegmentedRaftLogCache$LogSegmentList.isEmpty
2022-07-14 15:51:54,278 [s0@group-EF46AB43B6D1-LeaderStateImpl] TRACE segmented.SegmentedRaftLogCache (AutoCloseableReadWriteLock.java:logLocking(65)) -   s0@group-EF46AB43B6D1: readLock RELEASED 1 by SegmentedRaftLogCache$LogSegmentList.isEmpty
2022-07-14 15:51:54,278 [s0@group-EF46AB43B6D1-LeaderStateImpl] TRACE segmented.SegmentedRaftLogCache (AutoCloseableReadWriteLock.java:logLocking(65)) - s0@group-EF46AB43B6D1: readLock RELEASED 0 by SegmentedRaftLogCache.getStartIndex
2022-07-14 15:51:54,278 [s0@group-EF46AB43B6D1-LeaderStateImpl] TRACE segmented.SegmentedRaftLogCache (AutoCloseableReadWriteLock.java:logLocking(65)) - s0@group-EF46AB43B6D1: readLock ACQUIRED 1 by SegmentedRaftLogCache.getEndIndex
2022-07-14 15:51:54,278 [s0@group-EF46AB43B6D1-LeaderStateImpl] TRACE segmented.SegmentedRaftLogCache (AutoCloseableReadWriteLock.java:logLocking(65)) - s0@group-EF46AB43B6D1: readLock RELEASED 0 by SegmentedRaftLogCache.getEndIndex
2022-07-14 15:51:54,278 [s0@group-EF46AB43B6D1-LeaderStateImpl] TRACE segmented.SegmentedRaftLogCache (AutoCloseableReadWriteLock.java:logLocking(65)) - s0@group-EF46AB43B6D1: readLock ACQUIRED 1 by SegmentedRaftLogCache$LogSegmentList.getTermIndex
2022-07-14 15:51:54,279 [s0@group-EF46AB43B6D1-LeaderStateImpl] TRACE segmented.SegmentedRaftLogCache (AutoCloseableReadWriteLock.java:logLocking(65)) - s0@group-EF46AB43B6D1: readLock RELEASED 0 by SegmentedRaftLogCache$LogSegmentList.getTermIndex
2022-07-14 15:51:54,280 [s0-client-thread1] TRACE segmented.SegmentedRaftLogCache (AutoCloseableReadWriteLock.java:logLocking(65)) - s0@group-EF46AB43B6D1: readLock ACQUIRED 1 by SegmentedRaftLogCache.getLastTermIndex
2022-07-14 15:51:54,280 [s0-client-thread1] TRACE segmented.SegmentedRaftLogCache (AutoCloseableReadWriteLock.java:logLocking(65)) - s0@group-EF46AB43B6D1: readLock RELEASED 0 by SegmentedRaftLogCache.getLastTermIndex
2022-07-14 15:51:54,281 [s0-client-thread1] TRACE segmented.SegmentedRaftLogCache (AutoCloseableReadWriteLock.java:logLocking(65)) - s0@group-EF46AB43B6D1: readLock ACQUIRED 1 by SegmentedRaftLogCache.getLastTermIndex
2022-07-14 15:51:54,281 [s0-client-thread1] TRACE segmented.SegmentedRaftLogCache (AutoCloseableReadWriteLock.java:logLocking(65)) - s0@group-EF46AB43B6D1: readLock RELEASED 0 by SegmentedRaftLogCache.getLastTermIndex
2022-07-14 15:51:54,281 [s0-client-thread1] TRACE segmented.SegmentedRaftLogCache (AutoCloseableReadWriteLock.java:logLocking(65)) - s0@group-EF46AB43B6D1: readLock ACQUIRED 1 by SegmentedRaftLogCache$LogSegmentList.countCached
2022-07-14 15:51:54,281 [s0-client-thread1] TRACE segmented.SegmentedRaftLogCache (AutoCloseableReadWriteLock.java:logLocking(65)) - s0@group-EF46AB43B6D1: readLock RELEASED 0 by SegmentedRaftLogCache$LogSegmentList.countCached
2022-07-14 15:51:54,281 [s0-client-thread1] TRACE segmented.SegmentedRaftLogCache (AutoCloseableReadWriteLock.java:logLocking(65)) - s0@group-EF46AB43B6D1: readLock ACQUIRED 1 by SegmentedRaftLogCache$LogSegmentList.getTotalCacheSize
2022-07-14 15:51:54,281 [s0-client-thread1] TRACE segmented.SegmentedRaftLogCache (AutoCloseableReadWriteLock.java:logLocking(65)) - s0@group-EF46AB43B6D1: readLock RELEASED 0 by SegmentedRaftLogCache$LogSegmentList.getTotalCacheSize
2022-07-14 15:51:54,281 [s0-client-thread1] DEBUG segmented.SegmentedRaftLogWorker (SegmentedRaftLogWorker.java:addIOTask(270)) - s0@group-EF46AB43B6D1-SegmentedRaftLogWorker adds IO task WriteLog:17: (t:1, i:17), STATEMACHINELOGENTRY, StateMachineLogEntryProto:179@client-64B90517F321
2022-07-14 15:51:54,281 [s0@group-EF46AB43B6D1-SegmentedRaftLogWorker] DEBUG segmented.SegmentedRaftLogWorker (SegmentedRaftLogWorker.java:flushIfNecessary(365)) - s0@group-EF46AB43B6D1-SegmentedRaftLogWorker: flush SegmentedRaftLogOutputStream(/home/runner/work/ratis/ratis/ratis-test/target/test/data/7931f2a6/MiniRaftClusterWithGrpc6c3cfa42/s0/d33854d5-690d-4a13-9a9e-ef46ab43b6d1/current/log_inprogress_0)
2022-07-14 15:51:54,282 [s0@group-EF46AB43B6D1-LeaderStateImpl] TRACE segmented.SegmentedRaftLogCache (AutoCloseableReadWriteLock.java:logLocking(65)) - s0@group-EF46AB43B6D1: readLock ACQUIRED 1 by SegmentedRaftLogCache.getStartIndex
2022-07-14 15:51:54,282 [s0@group-EF46AB43B6D1-LeaderStateImpl] TRACE segmented.SegmentedRaftLogCache (AutoCloseableReadWriteLock.java:logLocking(65)) -   s0@group-EF46AB43B6D1: readLock ACQUIRED 2 by SegmentedRaftLogCache$LogSegmentList.isEmpty
2022-07-14 15:51:54,282 [s0@group-EF46AB43B6D1-LeaderStateImpl] TRACE segmented.SegmentedRaftLogCache (AutoCloseableReadWriteLock.java:logLocking(65)) -   s0@group-EF46AB43B6D1: readLock RELEASED 1 by SegmentedRaftLogCache$LogSegmentList.isEmpty
2022-07-14 15:51:54,282 [s0@group-EF46AB43B6D1-LeaderStateImpl] TRACE segmented.SegmentedRaftLogCache (AutoCloseableReadWriteLock.java:logLocking(65)) - s0@group-EF46AB43B6D1: readLock RELEASED 0 by SegmentedRaftLogCache.getStartIndex
2022-07-14 15:51:54,282 [s0@group-EF46AB43B6D1-LeaderStateImpl] TRACE segmented.SegmentedRaftLogCache (AutoCloseableReadWriteLock.java:logLocking(65)) - s0@group-EF46AB43B6D1: readLock ACQUIRED 1 by SegmentedRaftLogCache.getEndIndex
2022-07-14 15:51:54,282 [s0@group-EF46AB43B6D1-LeaderStateImpl] TRACE segmented.SegmentedRaftLogCache (AutoCloseableReadWriteLock.java:logLocking(65)) - s0@group-EF46AB43B6D1: readLock RELEASED 0 by SegmentedRaftLogCache.getEndIndex
2022-07-14 15:51:54,282 [s0@group-EF46AB43B6D1-LeaderStateImpl] TRACE segmented.SegmentedRaftLogCache (AutoCloseableReadWriteLock.java:logLocking(65)) - s0@group-EF46AB43B6D1: readLock ACQUIRED 1 by SegmentedRaftLogCache$LogSegmentList.getTermIndex
2022-07-14 15:51:54,282 [s0@group-EF46AB43B6D1-LeaderStateImpl] TRACE segmented.SegmentedRaftLogCache (AutoCloseableReadWriteLock.java:logLocking(65)) - s0@group-EF46AB43B6D1: readLock RELEASED 0 by SegmentedRaftLogCache$LogSegmentList.getTermIndex
2022-07-14 15:51:54,282 [s0@group-EF46AB43B6D1-LeaderStateImpl] TRACE segmented.SegmentedRaftLogCache (AutoCloseableReadWriteLock.java:logLocking(65)) - s0@group-EF46AB43B6D1: readLock ACQUIRED 1 by SegmentedRaftLogCache.getLastTermIndex
2022-07-14 15:51:54,282 [s0@group-EF46AB43B6D1-LeaderStateImpl] TRACE segmented.SegmentedRaftLogCache (AutoCloseableReadWriteLock.java:logLocking(65)) - s0@group-EF46AB43B6D1: readLock RELEASED 0 by SegmentedRaftLogCache.getLastTermIndex
2022-07-14 15:51:54,282 [s0@group-EF46AB43B6D1-LeaderStateImpl] TRACE segmented.SegmentedRaftLogCache (AutoCloseableReadWriteLock.java:logLocking(65)) - s0@group-EF46AB43B6D1: readLock ACQUIRED 1 by SegmentedRaftLogCache$LogSegmentList.countCached
2022-07-14 15:51:54,282 [s0@group-EF46AB43B6D1-LeaderStateImpl] TRACE segmented.SegmentedRaftLogCache (AutoCloseableReadWriteLock.java:logLocking(65)) - s0@group-EF46AB43B6D1: readLock RELEASED 0 by SegmentedRaftLogCache$LogSegmentList.countCached
2022-07-14 15:51:54,282 [s0@group-EF46AB43B6D1-LeaderStateImpl] TRACE segmented.SegmentedRaftLogCache (AutoCloseableReadWriteLock.java:logLocking(65)) - s0@group-EF46AB43B6D1: readLock ACQUIRED 1 by SegmentedRaftLogCache$LogSegmentList.getTotalCacheSize
2022-07-14 15:51:54,282 [s0@group-EF46AB43B6D1-LeaderStateImpl] TRACE segmented.SegmentedRaftLogCache (AutoCloseableReadWriteLock.java:logLocking(65)) - s0@group-EF46AB43B6D1: readLock RELEASED 0 by SegmentedRaftLogCache$LogSegmentList.getTotalCacheSize
2022-07-14 15:51:54,282 [s0@group-EF46AB43B6D1-LeaderStateImpl] DEBUG segmented.SegmentedRaftLogWorker (SegmentedRaftLogWorker.java:addIOTask(270)) - s0@group-EF46AB43B6D1-SegmentedRaftLogWorker adds IO task WriteLog:18: (t:1, i:18), METADATAENTRY(c:17)
2022-07-14 15:51:54,282 [s0@group-EF46AB43B6D1-SegmentedRaftLogWorker] DEBUG segmented.SegmentedRaftLogWorker (SegmentedRaftLogWorker.java:flushIfNecessary(365)) - s0@group-EF46AB43B6D1-SegmentedRaftLogWorker: flush SegmentedRaftLogOutputStream(/home/runner/work/ratis/ratis/ratis-test/target/test/data/7931f2a6/MiniRaftClusterWithGrpc6c3cfa42/s0/d33854d5-690d-4a13-9a9e-ef46ab43b6d1/current/log_inprogress_0)
2022-07-14 15:51:54,282 [s0@group-EF46AB43B6D1-StateMachineUpdater] INFO  statemachine.SimpleStateMachine4Testing (SimpleStateMachine4Testing.java:put(204)) - s0: put 17, m8 -> (t:1, i:17), STATEMACHINELOGENTRY, 179@client-64B90517F321
2022-07-14 15:51:54,283 [s0@group-EF46AB43B6D1-LeaderStateImpl] TRACE segmented.SegmentedRaftLogCache (AutoCloseableReadWriteLock.java:logLocking(65)) - s0@group-EF46AB43B6D1: readLock ACQUIRED 1 by SegmentedRaftLogCache.getStartIndex
2022-07-14 15:51:54,283 [s0@group-EF46AB43B6D1-LeaderStateImpl] TRACE segmented.SegmentedRaftLogCache (AutoCloseableReadWriteLock.java:logLocking(65)) -   s0@group-EF46AB43B6D1: readLock ACQUIRED 2 by SegmentedRaftLogCache$LogSegmentList.isEmpty
2022-07-14 15:51:54,283 [s0@group-EF46AB43B6D1-LeaderStateImpl] TRACE segmented.SegmentedRaftLogCache (AutoCloseableReadWriteLock.java:logLocking(65)) -   s0@group-EF46AB43B6D1: readLock RELEASED 1 by SegmentedRaftLogCache$LogSegmentList.isEmpty
2022-07-14 15:51:54,283 [s0@group-EF46AB43B6D1-LeaderStateImpl] TRACE segmented.SegmentedRaftLogCache (AutoCloseableReadWriteLock.java:logLocking(65)) - s0@group-EF46AB43B6D1: readLock RELEASED 0 by SegmentedRaftLogCache.getStartIndex
2022-07-14 15:51:54,283 [s0@group-EF46AB43B6D1-LeaderStateImpl] TRACE segmented.SegmentedRaftLogCache (AutoCloseableReadWriteLock.java:logLocking(65)) - s0@group-EF46AB43B6D1: readLock ACQUIRED 1 by SegmentedRaftLogCache.getEndIndex
2022-07-14 15:51:54,283 [s0@group-EF46AB43B6D1-LeaderStateImpl] TRACE segmented.SegmentedRaftLogCache (AutoCloseableReadWriteLock.java:logLocking(65)) - s0@group-EF46AB43B6D1: readLock RELEASED 0 by SegmentedRaftLogCache.getEndIndex
2022-07-14 15:51:54,283 [s0@group-EF46AB43B6D1-LeaderStateImpl] TRACE segmented.SegmentedRaftLogCache (AutoCloseableReadWriteLock.java:logLocking(65)) - s0@group-EF46AB43B6D1: readLock ACQUIRED 1 by SegmentedRaftLogCache$LogSegmentList.getTermIndex
2022-07-14 15:51:54,283 [s0@group-EF46AB43B6D1-LeaderStateImpl] TRACE segmented.SegmentedRaftLogCache (AutoCloseableReadWriteLock.java:logLocking(65)) - s0@group-EF46AB43B6D1: readLock RELEASED 0 by SegmentedRaftLogCache$LogSegmentList.getTermIndex
2022-07-14 15:51:54,285 [s0-client-thread1] TRACE segmented.SegmentedRaftLogCache (AutoCloseableReadWriteLock.java:logLocking(65)) - s0@group-EF46AB43B6D1: readLock ACQUIRED 1 by SegmentedRaftLogCache.getLastTermIndex
2022-07-14 15:51:54,285 [s0-client-thread1] TRACE segmented.SegmentedRaftLogCache (AutoCloseableReadWriteLock.java:logLocking(65)) - s0@group-EF46AB43B6D1: readLock RELEASED 0 by SegmentedRaftLogCache.getLastTermIndex
2022-07-14 15:51:54,285 [s0-client-thread1] TRACE segmented.SegmentedRaftLogCache (AutoCloseableReadWriteLock.java:logLocking(65)) - s0@group-EF46AB43B6D1: readLock ACQUIRED 1 by SegmentedRaftLogCache.getLastTermIndex
2022-07-14 15:51:54,285 [s0-client-thread1] TRACE segmented.SegmentedRaftLogCache (AutoCloseableReadWriteLock.java:logLocking(65)) - s0@group-EF46AB43B6D1: readLock RELEASED 0 by SegmentedRaftLogCache.getLastTermIndex
2022-07-14 15:51:54,285 [s0-client-thread1] TRACE segmented.SegmentedRaftLogCache (AutoCloseableReadWriteLock.java:logLocking(65)) - s0@group-EF46AB43B6D1: readLock ACQUIRED 1 by SegmentedRaftLogCache$LogSegmentList.countCached
2022-07-14 15:51:54,285 [s0-client-thread1] TRACE segmented.SegmentedRaftLogCache (AutoCloseableReadWriteLock.java:logLocking(65)) - s0@group-EF46AB43B6D1: readLock RELEASED 0 by SegmentedRaftLogCache$LogSegmentList.countCached
2022-07-14 15:51:54,285 [s0-client-thread1] TRACE segmented.SegmentedRaftLogCache (AutoCloseableReadWriteLock.java:logLocking(65)) - s0@group-EF46AB43B6D1: readLock ACQUIRED 1 by SegmentedRaftLogCache$LogSegmentList.getTotalCacheSize
2022-07-14 15:51:54,285 [s0-client-thread1] TRACE segmented.SegmentedRaftLogCache (AutoCloseableReadWriteLock.java:logLocking(65)) - s0@group-EF46AB43B6D1: readLock RELEASED 0 by SegmentedRaftLogCache$LogSegmentList.getTotalCacheSize
2022-07-14 15:51:54,285 [s0-client-thread1] DEBUG segmented.SegmentedRaftLogWorker (SegmentedRaftLogWorker.java:addIOTask(270)) - s0@group-EF46AB43B6D1-SegmentedRaftLogWorker adds IO task WriteLog:19: (t:1, i:19), STATEMACHINELOGENTRY, StateMachineLogEntryProto:180@client-64B90517F321
2022-07-14 15:51:54,285 [s0@group-EF46AB43B6D1-SegmentedRaftLogWorker] DEBUG segmented.SegmentedRaftLogWorker (SegmentedRaftLogWorker.java:flushIfNecessary(365)) - s0@group-EF46AB43B6D1-SegmentedRaftLogWorker: flush SegmentedRaftLogOutputStream(/home/runner/work/ratis/ratis/ratis-test/target/test/data/7931f2a6/MiniRaftClusterWithGrpc6c3cfa42/s0/d33854d5-690d-4a13-9a9e-ef46ab43b6d1/current/log_inprogress_0)
2022-07-14 15:51:54,286 [s0@group-EF46AB43B6D1-LeaderStateImpl] TRACE segmented.SegmentedRaftLogCache (AutoCloseableReadWriteLock.java:logLocking(65)) - s0@group-EF46AB43B6D1: readLock ACQUIRED 1 by SegmentedRaftLogCache.getStartIndex
2022-07-14 15:51:54,286 [s0@group-EF46AB43B6D1-LeaderStateImpl] TRACE segmented.SegmentedRaftLogCache (AutoCloseableReadWriteLock.java:logLocking(65)) -   s0@group-EF46AB43B6D1: readLock ACQUIRED 2 by SegmentedRaftLogCache$LogSegmentList.isEmpty
2022-07-14 15:51:54,286 [s0@group-EF46AB43B6D1-LeaderStateImpl] TRACE segmented.SegmentedRaftLogCache (AutoCloseableReadWriteLock.java:logLocking(65)) -   s0@group-EF46AB43B6D1: readLock RELEASED 1 by SegmentedRaftLogCache$LogSegmentList.isEmpty
2022-07-14 15:51:54,286 [s0@group-EF46AB43B6D1-LeaderStateImpl] TRACE segmented.SegmentedRaftLogCache (AutoCloseableReadWriteLock.java:logLocking(65)) - s0@group-EF46AB43B6D1: readLock RELEASED 0 by SegmentedRaftLogCache.getStartIndex
2022-07-14 15:51:54,286 [s0@group-EF46AB43B6D1-LeaderStateImpl] TRACE segmented.SegmentedRaftLogCache (AutoCloseableReadWriteLock.java:logLocking(65)) - s0@group-EF46AB43B6D1: readLock ACQUIRED 1 by SegmentedRaftLogCache.getEndIndex
2022-07-14 15:51:54,286 [s0@group-EF46AB43B6D1-LeaderStateImpl] TRACE segmented.SegmentedRaftLogCache (AutoCloseableReadWriteLock.java:logLocking(65)) - s0@group-EF46AB43B6D1: readLock RELEASED 0 by SegmentedRaftLogCache.getEndIndex
2022-07-14 15:51:54,286 [s0@group-EF46AB43B6D1-LeaderStateImpl] TRACE segmented.SegmentedRaftLogCache (AutoCloseableReadWriteLock.java:logLocking(65)) - s0@group-EF46AB43B6D1: readLock ACQUIRED 1 by SegmentedRaftLogCache$LogSegmentList.getTermIndex
2022-07-14 15:51:54,286 [s0@group-EF46AB43B6D1-LeaderStateImpl] TRACE segmented.SegmentedRaftLogCache (AutoCloseableReadWriteLock.java:logLocking(65)) - s0@group-EF46AB43B6D1: readLock RELEASED 0 by SegmentedRaftLogCache$LogSegmentList.getTermIndex
2022-07-14 15:51:54,286 [s0@group-EF46AB43B6D1-LeaderStateImpl] TRACE segmented.SegmentedRaftLogCache (AutoCloseableReadWriteLock.java:logLocking(65)) - s0@group-EF46AB43B6D1: readLock ACQUIRED 1 by SegmentedRaftLogCache.getLastTermIndex
2022-07-14 15:51:54,286 [s0@group-EF46AB43B6D1-LeaderStateImpl] TRACE segmented.SegmentedRaftLogCache (AutoCloseableReadWriteLock.java:logLocking(65)) - s0@group-EF46AB43B6D1: readLock RELEASED 0 by SegmentedRaftLogCache.getLastTermIndex
2022-07-14 15:51:54,286 [s0@group-EF46AB43B6D1-LeaderStateImpl] TRACE segmented.SegmentedRaftLogCache (AutoCloseableReadWriteLock.java:logLocking(65)) - s0@group-EF46AB43B6D1: readLock ACQUIRED 1 by SegmentedRaftLogCache$LogSegmentList.countCached
2022-07-14 15:51:54,286 [s0@group-EF46AB43B6D1-LeaderStateImpl] TRACE segmented.SegmentedRaftLogCache (AutoCloseableReadWriteLock.java:logLocking(65)) - s0@group-EF46AB43B6D1: readLock RELEASED 0 by SegmentedRaftLogCache$LogSegmentList.countCached
2022-07-14 15:51:54,286 [s0@group-EF46AB43B6D1-LeaderStateImpl] TRACE segmented.SegmentedRaftLogCache (AutoCloseableReadWriteLock.java:logLocking(65)) - s0@group-EF46AB43B6D1: readLock ACQUIRED 1 by SegmentedRaftLogCache$LogSegmentList.getTotalCacheSize
2022-07-14 15:51:54,286 [s0@group-EF46AB43B6D1-LeaderStateImpl] TRACE segmented.SegmentedRaftLogCache (AutoCloseableReadWriteLock.java:logLocking(65)) - s0@group-EF46AB43B6D1: readLock RELEASED 0 by SegmentedRaftLogCache$LogSegmentList.getTotalCacheSize
2022-07-14 15:51:54,286 [s0@group-EF46AB43B6D1-LeaderStateImpl] DEBUG segmented.SegmentedRaftLogWorker (SegmentedRaftLogWorker.java:addIOTask(270)) - s0@group-EF46AB43B6D1-SegmentedRaftLogWorker adds IO task WriteLog:20: (t:1, i:20), METADATAENTRY(c:19)
2022-07-14 15:51:54,287 [s0@group-EF46AB43B6D1-SegmentedRaftLogWorker] DEBUG segmented.SegmentedRaftLogWorker (SegmentedRaftLogWorker.java:flushIfNecessary(365)) - s0@group-EF46AB43B6D1-SegmentedRaftLogWorker: flush SegmentedRaftLogOutputStream(/home/runner/work/ratis/ratis/ratis-test/target/test/data/7931f2a6/MiniRaftClusterWithGrpc6c3cfa42/s0/d33854d5-690d-4a13-9a9e-ef46ab43b6d1/current/log_inprogress_0)
2022-07-14 15:51:54,287 [s0@group-EF46AB43B6D1-StateMachineUpdater] INFO  statemachine.SimpleStateMachine4Testing (SimpleStateMachine4Testing.java:put(204)) - s0: put 19, m9 -> (t:1, i:19), STATEMACHINELOGENTRY, 180@client-64B90517F321
2022-07-14 15:51:54,287 [s0@group-EF46AB43B6D1-LeaderStateImpl] TRACE segmented.SegmentedRaftLogCache (AutoCloseableReadWriteLock.java:logLocking(65)) - s0@group-EF46AB43B6D1: readLock ACQUIRED 1 by SegmentedRaftLogCache.getStartIndex
2022-07-14 15:51:54,287 [s0@group-EF46AB43B6D1-LeaderStateImpl] TRACE segmented.SegmentedRaftLogCache (AutoCloseableReadWriteLock.java:logLocking(65)) -   s0@group-EF46AB43B6D1: readLock ACQUIRED 2 by SegmentedRaftLogCache$LogSegmentList.isEmpty
2022-07-14 15:51:54,287 [s0@group-EF46AB43B6D1-LeaderStateImpl] TRACE segmented.SegmentedRaftLogCache (AutoCloseableReadWriteLock.java:logLocking(65)) -   s0@group-EF46AB43B6D1: readLock RELEASED 1 by SegmentedRaftLogCache$LogSegmentList.isEmpty
2022-07-14 15:51:54,287 [s0@group-EF46AB43B6D1-LeaderStateImpl] TRACE segmented.SegmentedRaftLogCache (AutoCloseableReadWriteLock.java:logLocking(65)) - s0@group-EF46AB43B6D1: readLock RELEASED 0 by SegmentedRaftLogCache.getStartIndex
2022-07-14 15:51:54,287 [s0@group-EF46AB43B6D1-LeaderStateImpl] TRACE segmented.SegmentedRaftLogCache (AutoCloseableReadWriteLock.java:logLocking(65)) - s0@group-EF46AB43B6D1: readLock ACQUIRED 1 by SegmentedRaftLogCache.getEndIndex
2022-07-14 15:51:54,287 [s0@group-EF46AB43B6D1-LeaderStateImpl] TRACE segmented.SegmentedRaftLogCache (AutoCloseableReadWriteLock.java:logLocking(65)) - s0@group-EF46AB43B6D1: readLock RELEASED 0 by SegmentedRaftLogCache.getEndIndex
2022-07-14 15:51:54,287 [s0@group-EF46AB43B6D1-LeaderStateImpl] TRACE segmented.SegmentedRaftLogCache (AutoCloseableReadWriteLock.java:logLocking(65)) - s0@group-EF46AB43B6D1: readLock ACQUIRED 1 by SegmentedRaftLogCache$LogSegmentList.getTermIndex
2022-07-14 15:51:54,287 [s0@group-EF46AB43B6D1-LeaderStateImpl] TRACE segmented.SegmentedRaftLogCache (AutoCloseableReadWriteLock.java:logLocking(65)) - s0@group-EF46AB43B6D1: readLock RELEASED 0 by SegmentedRaftLogCache$LogSegmentList.getTermIndex
2022-07-14 15:51:54,289 [s0-client-thread1] TRACE segmented.SegmentedRaftLogCache (AutoCloseableReadWriteLock.java:logLocking(65)) - s0@group-EF46AB43B6D1: readLock ACQUIRED 1 by SegmentedRaftLogCache.getLastTermIndex
2022-07-14 15:51:54,289 [s0-client-thread1] TRACE segmented.SegmentedRaftLogCache (AutoCloseableReadWriteLock.java:logLocking(65)) - s0@group-EF46AB43B6D1: readLock RELEASED 0 by SegmentedRaftLogCache.getLastTermIndex
2022-07-14 15:51:54,289 [s0-client-thread1] TRACE segmented.SegmentedRaftLogCache (AutoCloseableReadWriteLock.java:logLocking(65)) - s0@group-EF46AB43B6D1: readLock ACQUIRED 1 by SegmentedRaftLogCache.getLastTermIndex
2022-07-14 15:51:54,289 [s0-client-thread1] TRACE segmented.SegmentedRaftLogCache (AutoCloseableReadWriteLock.java:logLocking(65)) - s0@group-EF46AB43B6D1: readLock RELEASED 0 by SegmentedRaftLogCache.getLastTermIndex
2022-07-14 15:51:54,289 [s0-client-thread1] TRACE segmented.SegmentedRaftLogCache (AutoCloseableReadWriteLock.java:logLocking(65)) - s0@group-EF46AB43B6D1: readLock ACQUIRED 1 by SegmentedRaftLogCache$LogSegmentList.countCached
2022-07-14 15:51:54,289 [s0-client-thread1] TRACE segmented.SegmentedRaftLogCache (AutoCloseableReadWriteLock.java:logLocking(65)) - s0@group-EF46AB43B6D1: readLock RELEASED 0 by SegmentedRaftLogCache$LogSegmentList.countCached
2022-07-14 15:51:54,289 [s0-client-thread1] TRACE segmented.SegmentedRaftLogCache (AutoCloseableReadWriteLock.java:logLocking(65)) - s0@group-EF46AB43B6D1: readLock ACQUIRED 1 by SegmentedRaftLogCache$LogSegmentList.getTotalCacheSize
2022-07-14 15:51:54,289 [s0-client-thread1] TRACE segmented.SegmentedRaftLogCache (AutoCloseableReadWriteLock.java:logLocking(65)) - s0@group-EF46AB43B6D1: readLock RELEASED 0 by SegmentedRaftLogCache$LogSegmentList.getTotalCacheSize
2022-07-14 15:51:54,289 [s0-client-thread1] DEBUG segmented.SegmentedRaftLogWorker (SegmentedRaftLogWorker.java:addIOTask(270)) - s0@group-EF46AB43B6D1-SegmentedRaftLogWorker adds IO task WriteLog:21: (t:1, i:21), STATEMACHINELOGENTRY, StateMachineLogEntryProto:181@client-64B90517F321
2022-07-14 15:51:54,290 [s0@group-EF46AB43B6D1-SegmentedRaftLogWorker] DEBUG segmented.SegmentedRaftLogWorker (SegmentedRaftLogWorker.java:flushIfNecessary(365)) - s0@group-EF46AB43B6D1-SegmentedRaftLogWorker: flush SegmentedRaftLogOutputStream(/home/runner/work/ratis/ratis/ratis-test/target/test/data/7931f2a6/MiniRaftClusterWithGrpc6c3cfa42/s0/d33854d5-690d-4a13-9a9e-ef46ab43b6d1/current/log_inprogress_0)
2022-07-14 15:51:54,290 [s0@group-EF46AB43B6D1-LeaderStateImpl] TRACE segmented.SegmentedRaftLogCache (AutoCloseableReadWriteLock.java:logLocking(65)) - s0@group-EF46AB43B6D1: readLock ACQUIRED 1 by SegmentedRaftLogCache.getStartIndex
2022-07-14 15:51:54,290 [s0@group-EF46AB43B6D1-LeaderStateImpl] TRACE segmented.SegmentedRaftLogCache (AutoCloseableReadWriteLock.java:logLocking(65)) -   s0@group-EF46AB43B6D1: readLock ACQUIRED 2 by SegmentedRaftLogCache$LogSegmentList.isEmpty
2022-07-14 15:51:54,290 [s0@group-EF46AB43B6D1-LeaderStateImpl] TRACE segmented.SegmentedRaftLogCache (AutoCloseableReadWriteLock.java:logLocking(65)) -   s0@group-EF46AB43B6D1: readLock RELEASED 1 by SegmentedRaftLogCache$LogSegmentList.isEmpty
2022-07-14 15:51:54,290 [s0@group-EF46AB43B6D1-LeaderStateImpl] TRACE segmented.SegmentedRaftLogCache (AutoCloseableReadWriteLock.java:logLocking(65)) - s0@group-EF46AB43B6D1: readLock RELEASED 0 by SegmentedRaftLogCache.getStartIndex
2022-07-14 15:51:54,290 [s0@group-EF46AB43B6D1-LeaderStateImpl] TRACE segmented.SegmentedRaftLogCache (AutoCloseableReadWriteLock.java:logLocking(65)) - s0@group-EF46AB43B6D1: readLock ACQUIRED 1 by SegmentedRaftLogCache.getEndIndex
2022-07-14 15:51:54,290 [s0@group-EF46AB43B6D1-LeaderStateImpl] TRACE segmented.SegmentedRaftLogCache (AutoCloseableReadWriteLock.java:logLocking(65)) - s0@group-EF46AB43B6D1: readLock RELEASED 0 by SegmentedRaftLogCache.getEndIndex
2022-07-14 15:51:54,290 [s0@group-EF46AB43B6D1-LeaderStateImpl] TRACE segmented.SegmentedRaftLogCache (AutoCloseableReadWriteLock.java:logLocking(65)) - s0@group-EF46AB43B6D1: readLock ACQUIRED 1 by SegmentedRaftLogCache$LogSegmentList.getTermIndex
2022-07-14 15:51:54,290 [s0@group-EF46AB43B6D1-LeaderStateImpl] TRACE segmented.SegmentedRaftLogCache (AutoCloseableReadWriteLock.java:logLocking(65)) - s0@group-EF46AB43B6D1: readLock RELEASED 0 by SegmentedRaftLogCache$LogSegmentList.getTermIndex
2022-07-14 15:51:54,290 [s0@group-EF46AB43B6D1-StateMachineUpdater] INFO  statemachine.SimpleStateMachine4Testing (SimpleStateMachine4Testing.java:put(204)) - s0: put 21, m10 -> (t:1, i:21), STATEMACHINELOGENTRY, 181@client-64B90517F321
2022-07-14 15:51:54,291 [s0@group-EF46AB43B6D1-LeaderStateImpl] TRACE segmented.SegmentedRaftLogCache (AutoCloseableReadWriteLock.java:logLocking(65)) - s0@group-EF46AB43B6D1: readLock ACQUIRED 1 by SegmentedRaftLogCache.getLastTermIndex
2022-07-14 15:51:54,291 [s0@group-EF46AB43B6D1-LeaderStateImpl] TRACE segmented.SegmentedRaftLogCache (AutoCloseableReadWriteLock.java:logLocking(65)) - s0@group-EF46AB43B6D1: readLock RELEASED 0 by SegmentedRaftLogCache.getLastTermIndex
2022-07-14 15:51:54,291 [s0@group-EF46AB43B6D1-LeaderStateImpl] TRACE segmented.SegmentedRaftLogCache (AutoCloseableReadWriteLock.java:logLocking(65)) - s0@group-EF46AB43B6D1: readLock ACQUIRED 1 by SegmentedRaftLogCache$LogSegmentList.countCached
2022-07-14 15:51:54,291 [s0@group-EF46AB43B6D1-LeaderStateImpl] TRACE segmented.SegmentedRaftLogCache (AutoCloseableReadWriteLock.java:logLocking(65)) - s0@group-EF46AB43B6D1: readLock RELEASED 0 by SegmentedRaftLogCache$LogSegmentList.countCached
2022-07-14 15:51:54,291 [s0@group-EF46AB43B6D1-LeaderStateImpl] TRACE segmented.SegmentedRaftLogCache (AutoCloseableReadWriteLock.java:logLocking(65)) - s0@group-EF46AB43B6D1: readLock ACQUIRED 1 by SegmentedRaftLogCache$LogSegmentList.getTotalCacheSize
2022-07-14 15:51:54,291 [s0@group-EF46AB43B6D1-LeaderStateImpl] TRACE segmented.SegmentedRaftLogCache (AutoCloseableReadWriteLock.java:logLocking(65)) - s0@group-EF46AB43B6D1: readLock RELEASED 0 by SegmentedRaftLogCache$LogSegmentList.getTotalCacheSize
2022-07-14 15:51:54,291 [s0@group-EF46AB43B6D1-LeaderStateImpl] DEBUG segmented.SegmentedRaftLogWorker (SegmentedRaftLogWorker.java:addIOTask(270)) - s0@group-EF46AB43B6D1-SegmentedRaftLogWorker adds IO task WriteLog:22: (t:1, i:22), METADATAENTRY(c:21)
2022-07-14 15:51:54,291 [s0@group-EF46AB43B6D1-SegmentedRaftLogWorker] DEBUG segmented.SegmentedRaftLogWorker (SegmentedRaftLogWorker.java:flushIfNecessary(365)) - s0@group-EF46AB43B6D1-SegmentedRaftLogWorker: flush SegmentedRaftLogOutputStream(/home/runner/work/ratis/ratis/ratis-test/target/test/data/7931f2a6/MiniRaftClusterWithGrpc6c3cfa42/s0/d33854d5-690d-4a13-9a9e-ef46ab43b6d1/current/log_inprogress_0)
2022-07-14 15:51:54,292 [s0@group-EF46AB43B6D1-LeaderStateImpl] TRACE segmented.SegmentedRaftLogCache (AutoCloseableReadWriteLock.java:logLocking(65)) - s0@group-EF46AB43B6D1: readLock ACQUIRED 1 by SegmentedRaftLogCache.getStartIndex
2022-07-14 15:51:54,292 [s0@group-EF46AB43B6D1-LeaderStateImpl] TRACE segmented.SegmentedRaftLogCache (AutoCloseableReadWriteLock.java:logLocking(65)) -   s0@group-EF46AB43B6D1: readLock ACQUIRED 2 by SegmentedRaftLogCache$LogSegmentList.isEmpty
2022-07-14 15:51:54,292 [s0@group-EF46AB43B6D1-LeaderStateImpl] TRACE segmented.SegmentedRaftLogCache (AutoCloseableReadWriteLock.java:logLocking(65)) -   s0@group-EF46AB43B6D1: readLock RELEASED 1 by SegmentedRaftLogCache$LogSegmentList.isEmpty
2022-07-14 15:51:54,292 [s0@group-EF46AB43B6D1-LeaderStateImpl] TRACE segmented.SegmentedRaftLogCache (AutoCloseableReadWriteLock.java:logLocking(65)) - s0@group-EF46AB43B6D1: readLock RELEASED 0 by SegmentedRaftLogCache.getStartIndex
2022-07-14 15:51:54,292 [s0@group-EF46AB43B6D1-LeaderStateImpl] TRACE segmented.SegmentedRaftLogCache (AutoCloseableReadWriteLock.java:logLocking(65)) - s0@group-EF46AB43B6D1: readLock ACQUIRED 1 by SegmentedRaftLogCache.getEndIndex
2022-07-14 15:51:54,292 [s0@group-EF46AB43B6D1-LeaderStateImpl] TRACE segmented.SegmentedRaftLogCache (AutoCloseableReadWriteLock.java:logLocking(65)) - s0@group-EF46AB43B6D1: readLock RELEASED 0 by SegmentedRaftLogCache.getEndIndex
2022-07-14 15:51:54,292 [s0@group-EF46AB43B6D1-LeaderStateImpl] TRACE segmented.SegmentedRaftLogCache (AutoCloseableReadWriteLock.java:logLocking(65)) - s0@group-EF46AB43B6D1: readLock ACQUIRED 1 by SegmentedRaftLogCache$LogSegmentList.getTermIndex
2022-07-14 15:51:54,292 [s0@group-EF46AB43B6D1-LeaderStateImpl] TRACE segmented.SegmentedRaftLogCache (AutoCloseableReadWriteLock.java:logLocking(65)) - s0@group-EF46AB43B6D1: readLock RELEASED 0 by SegmentedRaftLogCache$LogSegmentList.getTermIndex
2022-07-14 15:51:54,294 [s0-client-thread1] TRACE segmented.SegmentedRaftLogCache (AutoCloseableReadWriteLock.java:logLocking(65)) - s0@group-EF46AB43B6D1: readLock ACQUIRED 1 by SegmentedRaftLogCache.getLastTermIndex
2022-07-14 15:51:54,294 [s0-client-thread1] TRACE segmented.SegmentedRaftLogCache (AutoCloseableReadWriteLock.java:logLocking(65)) - s0@group-EF46AB43B6D1: readLock RELEASED 0 by SegmentedRaftLogCache.getLastTermIndex
2022-07-14 15:51:54,294 [s0-client-thread1] TRACE segmented.SegmentedRaftLogCache (AutoCloseableReadWriteLock.java:logLocking(65)) - s0@group-EF46AB43B6D1: readLock ACQUIRED 1 by SegmentedRaftLogCache.getLastTermIndex
2022-07-14 15:51:54,294 [s0-client-thread1] TRACE segmented.SegmentedRaftLogCache (AutoCloseableReadWriteLock.java:logLocking(65)) - s0@group-EF46AB43B6D1: readLock RELEASED 0 by SegmentedRaftLogCache.getLastTermIndex
2022-07-14 15:51:54,294 [s0-client-thread1] TRACE segmented.SegmentedRaftLogCache (AutoCloseableReadWriteLock.java:logLocking(65)) - s0@group-EF46AB43B6D1: readLock ACQUIRED 1 by SegmentedRaftLogCache$LogSegmentList.countCached
2022-07-14 15:51:54,294 [s0-client-thread1] TRACE segmented.SegmentedRaftLogCache (AutoCloseableReadWriteLock.java:logLocking(65)) - s0@group-EF46AB43B6D1: readLock RELEASED 0 by SegmentedRaftLogCache$LogSegmentList.countCached
2022-07-14 15:51:54,294 [s0-client-thread1] TRACE segmented.SegmentedRaftLogCache (AutoCloseableReadWriteLock.java:logLocking(65)) - s0@group-EF46AB43B6D1: readLock ACQUIRED 1 by SegmentedRaftLogCache$LogSegmentList.getTotalCacheSize
2022-07-14 15:51:54,294 [s0-client-thread1] TRACE segmented.SegmentedRaftLogCache (AutoCloseableReadWriteLock.java:logLocking(65)) - s0@group-EF46AB43B6D1: readLock RELEASED 0 by SegmentedRaftLogCache$LogSegmentList.getTotalCacheSize
2022-07-14 15:51:54,294 [s0-client-thread1] DEBUG segmented.SegmentedRaftLogWorker (SegmentedRaftLogWorker.java:addIOTask(270)) - s0@group-EF46AB43B6D1-SegmentedRaftLogWorker adds IO task WriteLog:23: (t:1, i:23), STATEMACHINELOGENTRY, StateMachineLogEntryProto:182@client-64B90517F321
2022-07-14 15:51:54,294 [s0@group-EF46AB43B6D1-SegmentedRaftLogWorker] DEBUG segmented.SegmentedRaftLogWorker (SegmentedRaftLogWorker.java:flushIfNecessary(365)) - s0@group-EF46AB43B6D1-SegmentedRaftLogWorker: flush SegmentedRaftLogOutputStream(/home/runner/work/ratis/ratis/ratis-test/target/test/data/7931f2a6/MiniRaftClusterWithGrpc6c3cfa42/s0/d33854d5-690d-4a13-9a9e-ef46ab43b6d1/current/log_inprogress_0)
2022-07-14 15:51:54,295 [s0@group-EF46AB43B6D1-LeaderStateImpl] TRACE segmented.SegmentedRaftLogCache (AutoCloseableReadWriteLock.java:logLocking(65)) - s0@group-EF46AB43B6D1: readLock ACQUIRED 1 by SegmentedRaftLogCache.getStartIndex
2022-07-14 15:51:54,295 [s0@group-EF46AB43B6D1-LeaderStateImpl] TRACE segmented.SegmentedRaftLogCache (AutoCloseableReadWriteLock.java:logLocking(65)) -   s0@group-EF46AB43B6D1: readLock ACQUIRED 2 by SegmentedRaftLogCache$LogSegmentList.isEmpty
2022-07-14 15:51:54,295 [s0@group-EF46AB43B6D1-LeaderStateImpl] TRACE segmented.SegmentedRaftLogCache (AutoCloseableReadWriteLock.java:logLocking(65)) -   s0@group-EF46AB43B6D1: readLock RELEASED 1 by SegmentedRaftLogCache$LogSegmentList.isEmpty
2022-07-14 15:51:54,295 [s0@group-EF46AB43B6D1-LeaderStateImpl] TRACE segmented.SegmentedRaftLogCache (AutoCloseableReadWriteLock.java:logLocking(65)) - s0@group-EF46AB43B6D1: readLock RELEASED 0 by SegmentedRaftLogCache.getStartIndex
2022-07-14 15:51:54,295 [s0@group-EF46AB43B6D1-LeaderStateImpl] TRACE segmented.SegmentedRaftLogCache (AutoCloseableReadWriteLock.java:logLocking(65)) - s0@group-EF46AB43B6D1: readLock ACQUIRED 1 by SegmentedRaftLogCache.getEndIndex
2022-07-14 15:51:54,295 [s0@group-EF46AB43B6D1-LeaderStateImpl] TRACE segmented.SegmentedRaftLogCache (AutoCloseableReadWriteLock.java:logLocking(65)) - s0@group-EF46AB43B6D1: readLock RELEASED 0 by SegmentedRaftLogCache.getEndIndex
2022-07-14 15:51:54,295 [s0@group-EF46AB43B6D1-LeaderStateImpl] TRACE segmented.SegmentedRaftLogCache (AutoCloseableReadWriteLock.java:logLocking(65)) - s0@group-EF46AB43B6D1: readLock ACQUIRED 1 by SegmentedRaftLogCache$LogSegmentList.getTermIndex
2022-07-14 15:51:54,295 [s0@group-EF46AB43B6D1-LeaderStateImpl] TRACE segmented.SegmentedRaftLogCache (AutoCloseableReadWriteLock.java:logLocking(65)) - s0@group-EF46AB43B6D1: readLock RELEASED 0 by SegmentedRaftLogCache$LogSegmentList.getTermIndex
2022-07-14 15:51:54,295 [s0@group-EF46AB43B6D1-StateMachineUpdater] INFO  statemachine.SimpleStateMachine4Testing (SimpleStateMachine4Testing.java:put(204)) - s0: put 23, m11 -> (t:1, i:23), STATEMACHINELOGENTRY, 182@client-64B90517F321
2022-07-14 15:51:54,295 [s0@group-EF46AB43B6D1-LeaderStateImpl] TRACE segmented.SegmentedRaftLogCache (AutoCloseableReadWriteLock.java:logLocking(65)) - s0@group-EF46AB43B6D1: readLock ACQUIRED 1 by SegmentedRaftLogCache.getLastTermIndex
2022-07-14 15:51:54,295 [s0@group-EF46AB43B6D1-LeaderStateImpl] TRACE segmented.SegmentedRaftLogCache (AutoCloseableReadWriteLock.java:logLocking(65)) - s0@group-EF46AB43B6D1: readLock RELEASED 0 by SegmentedRaftLogCache.getLastTermIndex
2022-07-14 15:51:54,296 [s0@group-EF46AB43B6D1-LeaderStateImpl] TRACE segmented.SegmentedRaftLogCache (AutoCloseableReadWriteLock.java:logLocking(65)) - s0@group-EF46AB43B6D1: readLock ACQUIRED 1 by SegmentedRaftLogCache$LogSegmentList.countCached
2022-07-14 15:51:54,296 [s0@group-EF46AB43B6D1-LeaderStateImpl] TRACE segmented.SegmentedRaftLogCache (AutoCloseableReadWriteLock.java:logLocking(65)) - s0@group-EF46AB43B6D1: readLock RELEASED 0 by SegmentedRaftLogCache$LogSegmentList.countCached
2022-07-14 15:51:54,296 [s0@group-EF46AB43B6D1-LeaderStateImpl] TRACE segmented.SegmentedRaftLogCache (AutoCloseableReadWriteLock.java:logLocking(65)) - s0@group-EF46AB43B6D1: readLock ACQUIRED 1 by SegmentedRaftLogCache$LogSegmentList.getTotalCacheSize
2022-07-14 15:51:54,296 [s0@group-EF46AB43B6D1-LeaderStateImpl] TRACE segmented.SegmentedRaftLogCache (AutoCloseableReadWriteLock.java:logLocking(65)) - s0@group-EF46AB43B6D1: readLock RELEASED 0 by SegmentedRaftLogCache$LogSegmentList.getTotalCacheSize
2022-07-14 15:51:54,296 [s0@group-EF46AB43B6D1-LeaderStateImpl] DEBUG segmented.SegmentedRaftLogWorker (SegmentedRaftLogWorker.java:addIOTask(270)) - s0@group-EF46AB43B6D1-SegmentedRaftLogWorker adds IO task WriteLog:24: (t:1, i:24), METADATAENTRY(c:23)
2022-07-14 15:51:54,296 [s0@group-EF46AB43B6D1-SegmentedRaftLogWorker] DEBUG segmented.SegmentedRaftLogWorker (SegmentedRaftLogWorker.java:flushIfNecessary(365)) - s0@group-EF46AB43B6D1-SegmentedRaftLogWorker: flush SegmentedRaftLogOutputStream(/home/runner/work/ratis/ratis/ratis-test/target/test/data/7931f2a6/MiniRaftClusterWithGrpc6c3cfa42/s0/d33854d5-690d-4a13-9a9e-ef46ab43b6d1/current/log_inprogress_0)
2022-07-14 15:51:54,296 [s0@group-EF46AB43B6D1-LeaderStateImpl] TRACE segmented.SegmentedRaftLogCache (AutoCloseableReadWriteLock.java:logLocking(65)) - s0@group-EF46AB43B6D1: readLock ACQUIRED 1 by SegmentedRaftLogCache.getStartIndex
2022-07-14 15:51:54,296 [s0@group-EF46AB43B6D1-LeaderStateImpl] TRACE segmented.SegmentedRaftLogCache (AutoCloseableReadWriteLock.java:logLocking(65)) -   s0@group-EF46AB43B6D1: readLock ACQUIRED 2 by SegmentedRaftLogCache$LogSegmentList.isEmpty
2022-07-14 15:51:54,296 [s0@group-EF46AB43B6D1-LeaderStateImpl] TRACE segmented.SegmentedRaftLogCache (AutoCloseableReadWriteLock.java:logLocking(65)) -   s0@group-EF46AB43B6D1: readLock RELEASED 1 by SegmentedRaftLogCache$LogSegmentList.isEmpty
2022-07-14 15:51:54,296 [s0@group-EF46AB43B6D1-LeaderStateImpl] TRACE segmented.SegmentedRaftLogCache (AutoCloseableReadWriteLock.java:logLocking(65)) - s0@group-EF46AB43B6D1: readLock RELEASED 0 by SegmentedRaftLogCache.getStartIndex
2022-07-14 15:51:54,296 [s0@group-EF46AB43B6D1-LeaderStateImpl] TRACE segmented.SegmentedRaftLogCache (AutoCloseableReadWriteLock.java:logLocking(65)) - s0@group-EF46AB43B6D1: readLock ACQUIRED 1 by SegmentedRaftLogCache.getEndIndex
2022-07-14 15:51:54,296 [s0@group-EF46AB43B6D1-LeaderStateImpl] TRACE segmented.SegmentedRaftLogCache (AutoCloseableReadWriteLock.java:logLocking(65)) - s0@group-EF46AB43B6D1: readLock RELEASED 0 by SegmentedRaftLogCache.getEndIndex
2022-07-14 15:51:54,297 [s0@group-EF46AB43B6D1-LeaderStateImpl] TRACE segmented.SegmentedRaftLogCache (AutoCloseableReadWriteLock.java:logLocking(65)) - s0@group-EF46AB43B6D1: readLock ACQUIRED 1 by SegmentedRaftLogCache$LogSegmentList.getTermIndex
2022-07-14 15:51:54,297 [s0@group-EF46AB43B6D1-LeaderStateImpl] TRACE segmented.SegmentedRaftLogCache (AutoCloseableReadWriteLock.java:logLocking(65)) - s0@group-EF46AB43B6D1: readLock RELEASED 0 by SegmentedRaftLogCache$LogSegmentList.getTermIndex
2022-07-14 15:51:54,298 [s0-client-thread1] TRACE segmented.SegmentedRaftLogCache (AutoCloseableReadWriteLock.java:logLocking(65)) - s0@group-EF46AB43B6D1: readLock ACQUIRED 1 by SegmentedRaftLogCache.getLastTermIndex
2022-07-14 15:51:54,298 [s0-client-thread1] TRACE segmented.SegmentedRaftLogCache (AutoCloseableReadWriteLock.java:logLocking(65)) - s0@group-EF46AB43B6D1: readLock RELEASED 0 by SegmentedRaftLogCache.getLastTermIndex
2022-07-14 15:51:54,298 [s0-client-thread1] TRACE segmented.SegmentedRaftLogCache (AutoCloseableReadWriteLock.java:logLocking(65)) - s0@group-EF46AB43B6D1: readLock ACQUIRED 1 by SegmentedRaftLogCache.getLastTermIndex
2022-07-14 15:51:54,299 [s0-client-thread1] TRACE segmented.SegmentedRaftLogCache (AutoCloseableReadWriteLock.java:logLocking(65)) - s0@group-EF46AB43B6D1: readLock RELEASED 0 by SegmentedRaftLogCache.getLastTermIndex
2022-07-14 15:51:54,299 [s0-client-thread1] TRACE segmented.SegmentedRaftLogCache (AutoCloseableReadWriteLock.java:logLocking(65)) - s0@group-EF46AB43B6D1: readLock ACQUIRED 1 by SegmentedRaftLogCache$LogSegmentList.countCached
2022-07-14 15:51:54,299 [s0-client-thread1] TRACE segmented.SegmentedRaftLogCache (AutoCloseableReadWriteLock.java:logLocking(65)) - s0@group-EF46AB43B6D1: readLock RELEASED 0 by SegmentedRaftLogCache$LogSegmentList.countCached
2022-07-14 15:51:54,299 [s0-client-thread1] TRACE segmented.SegmentedRaftLogCache (AutoCloseableReadWriteLock.java:logLocking(65)) - s0@group-EF46AB43B6D1: readLock ACQUIRED 1 by SegmentedRaftLogCache$LogSegmentList.getTotalCacheSize
2022-07-14 15:51:54,299 [s0-client-thread1] TRACE segmented.SegmentedRaftLogCache (AutoCloseableReadWriteLock.java:logLocking(65)) - s0@group-EF46AB43B6D1: readLock RELEASED 0 by SegmentedRaftLogCache$LogSegmentList.getTotalCacheSize
2022-07-14 15:51:54,299 [s0-client-thread1] DEBUG segmented.SegmentedRaftLogWorker (SegmentedRaftLogWorker.java:addIOTask(270)) - s0@group-EF46AB43B6D1-SegmentedRaftLogWorker adds IO task WriteLog:25: (t:1, i:25), STATEMACHINELOGENTRY, StateMachineLogEntryProto:183@client-64B90517F321
2022-07-14 15:51:54,299 [s0@group-EF46AB43B6D1-SegmentedRaftLogWorker] DEBUG segmented.SegmentedRaftLogWorker (SegmentedRaftLogWorker.java:flushIfNecessary(365)) - s0@group-EF46AB43B6D1-SegmentedRaftLogWorker: flush SegmentedRaftLogOutputStream(/home/runner/work/ratis/ratis/ratis-test/target/test/data/7931f2a6/MiniRaftClusterWithGrpc6c3cfa42/s0/d33854d5-690d-4a13-9a9e-ef46ab43b6d1/current/log_inprogress_0)
2022-07-14 15:51:54,299 [s0@group-EF46AB43B6D1-LeaderStateImpl] TRACE segmented.SegmentedRaftLogCache (AutoCloseableReadWriteLock.java:logLocking(65)) - s0@group-EF46AB43B6D1: readLock ACQUIRED 1 by SegmentedRaftLogCache.getStartIndex
2022-07-14 15:51:54,299 [s0@group-EF46AB43B6D1-LeaderStateImpl] TRACE segmented.SegmentedRaftLogCache (AutoCloseableReadWriteLock.java:logLocking(65)) -   s0@group-EF46AB43B6D1: readLock ACQUIRED 2 by SegmentedRaftLogCache$LogSegmentList.isEmpty
2022-07-14 15:51:54,299 [s0@group-EF46AB43B6D1-LeaderStateImpl] TRACE segmented.SegmentedRaftLogCache (AutoCloseableReadWriteLock.java:logLocking(65)) -   s0@group-EF46AB43B6D1: readLock RELEASED 1 by SegmentedRaftLogCache$LogSegmentList.isEmpty
2022-07-14 15:51:54,299 [s0@group-EF46AB43B6D1-LeaderStateImpl] TRACE segmented.SegmentedRaftLogCache (AutoCloseableReadWriteLock.java:logLocking(65)) - s0@group-EF46AB43B6D1: readLock RELEASED 0 by SegmentedRaftLogCache.getStartIndex
2022-07-14 15:51:54,300 [s0@group-EF46AB43B6D1-LeaderStateImpl] TRACE segmented.SegmentedRaftLogCache (AutoCloseableReadWriteLock.java:logLocking(65)) - s0@group-EF46AB43B6D1: readLock ACQUIRED 1 by SegmentedRaftLogCache.getEndIndex
2022-07-14 15:51:54,300 [s0@group-EF46AB43B6D1-LeaderStateImpl] TRACE segmented.SegmentedRaftLogCache (AutoCloseableReadWriteLock.java:logLocking(65)) - s0@group-EF46AB43B6D1: readLock RELEASED 0 by SegmentedRaftLogCache.getEndIndex
2022-07-14 15:51:54,300 [s0@group-EF46AB43B6D1-LeaderStateImpl] TRACE segmented.SegmentedRaftLogCache (AutoCloseableReadWriteLock.java:logLocking(65)) - s0@group-EF46AB43B6D1: readLock ACQUIRED 1 by SegmentedRaftLogCache$LogSegmentList.getTermIndex
2022-07-14 15:51:54,300 [s0@group-EF46AB43B6D1-LeaderStateImpl] TRACE segmented.SegmentedRaftLogCache (AutoCloseableReadWriteLock.java:logLocking(65)) - s0@group-EF46AB43B6D1: readLock RELEASED 0 by SegmentedRaftLogCache$LogSegmentList.getTermIndex
2022-07-14 15:51:54,300 [s0@group-EF46AB43B6D1-StateMachineUpdater] INFO  statemachine.SimpleStateMachine4Testing (SimpleStateMachine4Testing.java:put(204)) - s0: put 25, m12 -> (t:1, i:25), STATEMACHINELOGENTRY, 183@client-64B90517F321
2022-07-14 15:51:54,300 [s0@group-EF46AB43B6D1-LeaderStateImpl] TRACE segmented.SegmentedRaftLogCache (AutoCloseableReadWriteLock.java:logLocking(65)) - s0@group-EF46AB43B6D1: readLock ACQUIRED 1 by SegmentedRaftLogCache.getLastTermIndex
2022-07-14 15:51:54,300 [s0@group-EF46AB43B6D1-LeaderStateImpl] TRACE segmented.SegmentedRaftLogCache (AutoCloseableReadWriteLock.java:logLocking(65)) - s0@group-EF46AB43B6D1: readLock RELEASED 0 by SegmentedRaftLogCache.getLastTermIndex
2022-07-14 15:51:54,300 [s0@group-EF46AB43B6D1-LeaderStateImpl] TRACE segmented.SegmentedRaftLogCache (AutoCloseableReadWriteLock.java:logLocking(65)) - s0@group-EF46AB43B6D1: readLock ACQUIRED 1 by SegmentedRaftLogCache$LogSegmentList.countCached
2022-07-14 15:51:54,300 [s0@group-EF46AB43B6D1-LeaderStateImpl] TRACE segmented.SegmentedRaftLogCache (AutoCloseableReadWriteLock.java:logLocking(65)) - s0@group-EF46AB43B6D1: readLock RELEASED 0 by SegmentedRaftLogCache$LogSegmentList.countCached
2022-07-14 15:51:54,300 [s0@group-EF46AB43B6D1-LeaderStateImpl] TRACE segmented.SegmentedRaftLogCache (AutoCloseableReadWriteLock.java:logLocking(65)) - s0@group-EF46AB43B6D1: readLock ACQUIRED 1 by SegmentedRaftLogCache$LogSegmentList.getTotalCacheSize
2022-07-14 15:51:54,300 [s0@group-EF46AB43B6D1-LeaderStateImpl] TRACE segmented.SegmentedRaftLogCache (AutoCloseableReadWriteLock.java:logLocking(65)) - s0@group-EF46AB43B6D1: readLock RELEASED 0 by SegmentedRaftLogCache$LogSegmentList.getTotalCacheSize
2022-07-14 15:51:54,300 [s0@group-EF46AB43B6D1-LeaderStateImpl] DEBUG segmented.SegmentedRaftLogWorker (SegmentedRaftLogWorker.java:addIOTask(270)) - s0@group-EF46AB43B6D1-SegmentedRaftLogWorker adds IO task WriteLog:26: (t:1, i:26), METADATAENTRY(c:25)
2022-07-14 15:51:54,300 [s0@group-EF46AB43B6D1-SegmentedRaftLogWorker] DEBUG segmented.SegmentedRaftLogWorker (SegmentedRaftLogWorker.java:flushIfNecessary(365)) - s0@group-EF46AB43B6D1-SegmentedRaftLogWorker: flush SegmentedRaftLogOutputStream(/home/runner/work/ratis/ratis/ratis-test/target/test/data/7931f2a6/MiniRaftClusterWithGrpc6c3cfa42/s0/d33854d5-690d-4a13-9a9e-ef46ab43b6d1/current/log_inprogress_0)
2022-07-14 15:51:54,301 [s0@group-EF46AB43B6D1-LeaderStateImpl] TRACE segmented.SegmentedRaftLogCache (AutoCloseableReadWriteLock.java:logLocking(65)) - s0@group-EF46AB43B6D1: readLock ACQUIRED 1 by SegmentedRaftLogCache.getStartIndex
2022-07-14 15:51:54,301 [s0@group-EF46AB43B6D1-LeaderStateImpl] TRACE segmented.SegmentedRaftLogCache (AutoCloseableReadWriteLock.java:logLocking(65)) -   s0@group-EF46AB43B6D1: readLock ACQUIRED 2 by SegmentedRaftLogCache$LogSegmentList.isEmpty
2022-07-14 15:51:54,301 [s0@group-EF46AB43B6D1-LeaderStateImpl] TRACE segmented.SegmentedRaftLogCache (AutoCloseableReadWriteLock.java:logLocking(65)) -   s0@group-EF46AB43B6D1: readLock RELEASED 1 by SegmentedRaftLogCache$LogSegmentList.isEmpty
2022-07-14 15:51:54,301 [s0@group-EF46AB43B6D1-LeaderStateImpl] TRACE segmented.SegmentedRaftLogCache (AutoCloseableReadWriteLock.java:logLocking(65)) - s0@group-EF46AB43B6D1: readLock RELEASED 0 by SegmentedRaftLogCache.getStartIndex
2022-07-14 15:51:54,301 [s0@group-EF46AB43B6D1-LeaderStateImpl] TRACE segmented.SegmentedRaftLogCache (AutoCloseableReadWriteLock.java:logLocking(65)) - s0@group-EF46AB43B6D1: readLock ACQUIRED 1 by SegmentedRaftLogCache.getEndIndex
2022-07-14 15:51:54,301 [s0@group-EF46AB43B6D1-LeaderStateImpl] TRACE segmented.SegmentedRaftLogCache (AutoCloseableReadWriteLock.java:logLocking(65)) - s0@group-EF46AB43B6D1: readLock RELEASED 0 by SegmentedRaftLogCache.getEndIndex
2022-07-14 15:51:54,301 [s0@group-EF46AB43B6D1-LeaderStateImpl] TRACE segmented.SegmentedRaftLogCache (AutoCloseableReadWriteLock.java:logLocking(65)) - s0@group-EF46AB43B6D1: readLock ACQUIRED 1 by SegmentedRaftLogCache$LogSegmentList.getTermIndex
2022-07-14 15:51:54,301 [s0@group-EF46AB43B6D1-LeaderStateImpl] TRACE segmented.SegmentedRaftLogCache (AutoCloseableReadWriteLock.java:logLocking(65)) - s0@group-EF46AB43B6D1: readLock RELEASED 0 by SegmentedRaftLogCache$LogSegmentList.getTermIndex
2022-07-14 15:51:54,303 [s0-client-thread1] TRACE segmented.SegmentedRaftLogCache (AutoCloseableReadWriteLock.java:logLocking(65)) - s0@group-EF46AB43B6D1: readLock ACQUIRED 1 by SegmentedRaftLogCache.getLastTermIndex
2022-07-14 15:51:54,303 [s0-client-thread1] TRACE segmented.SegmentedRaftLogCache (AutoCloseableReadWriteLock.java:logLocking(65)) - s0@group-EF46AB43B6D1: readLock RELEASED 0 by SegmentedRaftLogCache.getLastTermIndex
2022-07-14 15:51:54,303 [s0-client-thread1] TRACE segmented.SegmentedRaftLogCache (AutoCloseableReadWriteLock.java:logLocking(65)) - s0@group-EF46AB43B6D1: readLock ACQUIRED 1 by SegmentedRaftLogCache.getLastTermIndex
2022-07-14 15:51:54,303 [s0-client-thread1] TRACE segmented.SegmentedRaftLogCache (AutoCloseableReadWriteLock.java:logLocking(65)) - s0@group-EF46AB43B6D1: readLock RELEASED 0 by SegmentedRaftLogCache.getLastTermIndex
2022-07-14 15:51:54,303 [s0-client-thread1] TRACE segmented.SegmentedRaftLogCache (AutoCloseableReadWriteLock.java:logLocking(65)) - s0@group-EF46AB43B6D1: readLock ACQUIRED 1 by SegmentedRaftLogCache$LogSegmentList.countCached
2022-07-14 15:51:54,303 [s0-client-thread1] TRACE segmented.SegmentedRaftLogCache (AutoCloseableReadWriteLock.java:logLocking(65)) - s0@group-EF46AB43B6D1: readLock RELEASED 0 by SegmentedRaftLogCache$LogSegmentList.countCached
2022-07-14 15:51:54,303 [s0-client-thread1] TRACE segmented.SegmentedRaftLogCache (AutoCloseableReadWriteLock.java:logLocking(65)) - s0@group-EF46AB43B6D1: readLock ACQUIRED 1 by SegmentedRaftLogCache$LogSegmentList.getTotalCacheSize
2022-07-14 15:51:54,303 [s0-client-thread1] TRACE segmented.SegmentedRaftLogCache (AutoCloseableReadWriteLock.java:logLocking(65)) - s0@group-EF46AB43B6D1: readLock RELEASED 0 by SegmentedRaftLogCache$LogSegmentList.getTotalCacheSize
2022-07-14 15:51:54,303 [s0-client-thread1] DEBUG segmented.SegmentedRaftLogWorker (SegmentedRaftLogWorker.java:addIOTask(270)) - s0@group-EF46AB43B6D1-SegmentedRaftLogWorker adds IO task WriteLog:27: (t:1, i:27), STATEMACHINELOGENTRY, StateMachineLogEntryProto:184@client-64B90517F321
2022-07-14 15:51:54,303 [s0@group-EF46AB43B6D1-SegmentedRaftLogWorker] DEBUG segmented.SegmentedRaftLogWorker (SegmentedRaftLogWorker.java:flushIfNecessary(365)) - s0@group-EF46AB43B6D1-SegmentedRaftLogWorker: flush SegmentedRaftLogOutputStream(/home/runner/work/ratis/ratis/ratis-test/target/test/data/7931f2a6/MiniRaftClusterWithGrpc6c3cfa42/s0/d33854d5-690d-4a13-9a9e-ef46ab43b6d1/current/log_inprogress_0)
2022-07-14 15:51:54,304 [s0@group-EF46AB43B6D1-LeaderStateImpl] TRACE segmented.SegmentedRaftLogCache (AutoCloseableReadWriteLock.java:logLocking(65)) - s0@group-EF46AB43B6D1: readLock ACQUIRED 1 by SegmentedRaftLogCache.getStartIndex
2022-07-14 15:51:54,304 [s0@group-EF46AB43B6D1-LeaderStateImpl] TRACE segmented.SegmentedRaftLogCache (AutoCloseableReadWriteLock.java:logLocking(65)) -   s0@group-EF46AB43B6D1: readLock ACQUIRED 2 by SegmentedRaftLogCache$LogSegmentList.isEmpty
2022-07-14 15:51:54,304 [s0@group-EF46AB43B6D1-LeaderStateImpl] TRACE segmented.SegmentedRaftLogCache (AutoCloseableReadWriteLock.java:logLocking(65)) -   s0@group-EF46AB43B6D1: readLock RELEASED 1 by SegmentedRaftLogCache$LogSegmentList.isEmpty
2022-07-14 15:51:54,304 [s0@group-EF46AB43B6D1-LeaderStateImpl] TRACE segmented.SegmentedRaftLogCache (AutoCloseableReadWriteLock.java:logLocking(65)) - s0@group-EF46AB43B6D1: readLock RELEASED 0 by SegmentedRaftLogCache.getStartIndex
2022-07-14 15:51:54,304 [s0@group-EF46AB43B6D1-LeaderStateImpl] TRACE segmented.SegmentedRaftLogCache (AutoCloseableReadWriteLock.java:logLocking(65)) - s0@group-EF46AB43B6D1: readLock ACQUIRED 1 by SegmentedRaftLogCache.getEndIndex
2022-07-14 15:51:54,304 [s0@group-EF46AB43B6D1-LeaderStateImpl] TRACE segmented.SegmentedRaftLogCache (AutoCloseableReadWriteLock.java:logLocking(65)) - s0@group-EF46AB43B6D1: readLock RELEASED 0 by SegmentedRaftLogCache.getEndIndex
2022-07-14 15:51:54,304 [s0@group-EF46AB43B6D1-LeaderStateImpl] TRACE segmented.SegmentedRaftLogCache (AutoCloseableReadWriteLock.java:logLocking(65)) - s0@group-EF46AB43B6D1: readLock ACQUIRED 1 by SegmentedRaftLogCache$LogSegmentList.getTermIndex
2022-07-14 15:51:54,304 [s0@group-EF46AB43B6D1-LeaderStateImpl] TRACE segmented.SegmentedRaftLogCache (AutoCloseableReadWriteLock.java:logLocking(65)) - s0@group-EF46AB43B6D1: readLock RELEASED 0 by SegmentedRaftLogCache$LogSegmentList.getTermIndex
2022-07-14 15:51:54,304 [s0@group-EF46AB43B6D1-StateMachineUpdater] INFO  statemachine.SimpleStateMachine4Testing (SimpleStateMachine4Testing.java:put(204)) - s0: put 27, m13 -> (t:1, i:27), STATEMACHINELOGENTRY, 184@client-64B90517F321
2022-07-14 15:51:54,304 [s0@group-EF46AB43B6D1-LeaderStateImpl] TRACE segmented.SegmentedRaftLogCache (AutoCloseableReadWriteLock.java:logLocking(65)) - s0@group-EF46AB43B6D1: readLock ACQUIRED 1 by SegmentedRaftLogCache.getLastTermIndex
2022-07-14 15:51:54,304 [s0@group-EF46AB43B6D1-LeaderStateImpl] TRACE segmented.SegmentedRaftLogCache (AutoCloseableReadWriteLock.java:logLocking(65)) - s0@group-EF46AB43B6D1: readLock RELEASED 0 by SegmentedRaftLogCache.getLastTermIndex
2022-07-14 15:51:54,305 [s0@group-EF46AB43B6D1-LeaderStateImpl] TRACE segmented.SegmentedRaftLogCache (AutoCloseableReadWriteLock.java:logLocking(65)) - s0@group-EF46AB43B6D1: readLock ACQUIRED 1 by SegmentedRaftLogCache$LogSegmentList.countCached
2022-07-14 15:51:54,305 [s0@group-EF46AB43B6D1-LeaderStateImpl] TRACE segmented.SegmentedRaftLogCache (AutoCloseableReadWriteLock.java:logLocking(65)) - s0@group-EF46AB43B6D1: readLock RELEASED 0 by SegmentedRaftLogCache$LogSegmentList.countCached
2022-07-14 15:51:54,305 [s0@group-EF46AB43B6D1-LeaderStateImpl] TRACE segmented.SegmentedRaftLogCache (AutoCloseableReadWriteLock.java:logLocking(65)) - s0@group-EF46AB43B6D1: readLock ACQUIRED 1 by SegmentedRaftLogCache$LogSegmentList.getTotalCacheSize
2022-07-14 15:51:54,305 [s0@group-EF46AB43B6D1-LeaderStateImpl] TRACE segmented.SegmentedRaftLogCache (AutoCloseableReadWriteLock.java:logLocking(65)) - s0@group-EF46AB43B6D1: readLock RELEASED 0 by SegmentedRaftLogCache$LogSegmentList.getTotalCacheSize
2022-07-14 15:51:54,305 [s0@group-EF46AB43B6D1-LeaderStateImpl] DEBUG segmented.SegmentedRaftLogWorker (SegmentedRaftLogWorker.java:addIOTask(270)) - s0@group-EF46AB43B6D1-SegmentedRaftLogWorker adds IO task WriteLog:28: (t:1, i:28), METADATAENTRY(c:27)
2022-07-14 15:51:54,305 [s0@group-EF46AB43B6D1-SegmentedRaftLogWorker] DEBUG segmented.SegmentedRaftLogWorker (SegmentedRaftLogWorker.java:flushIfNecessary(365)) - s0@group-EF46AB43B6D1-SegmentedRaftLogWorker: flush SegmentedRaftLogOutputStream(/home/runner/work/ratis/ratis/ratis-test/target/test/data/7931f2a6/MiniRaftClusterWithGrpc6c3cfa42/s0/d33854d5-690d-4a13-9a9e-ef46ab43b6d1/current/log_inprogress_0)
2022-07-14 15:51:54,306 [s0@group-EF46AB43B6D1-LeaderStateImpl] TRACE segmented.SegmentedRaftLogCache (AutoCloseableReadWriteLock.java:logLocking(65)) - s0@group-EF46AB43B6D1: readLock ACQUIRED 1 by SegmentedRaftLogCache.getStartIndex
2022-07-14 15:51:54,306 [s0@group-EF46AB43B6D1-LeaderStateImpl] TRACE segmented.SegmentedRaftLogCache (AutoCloseableReadWriteLock.java:logLocking(65)) -   s0@group-EF46AB43B6D1: readLock ACQUIRED 2 by SegmentedRaftLogCache$LogSegmentList.isEmpty
2022-07-14 15:51:54,306 [s0@group-EF46AB43B6D1-LeaderStateImpl] TRACE segmented.SegmentedRaftLogCache (AutoCloseableReadWriteLock.java:logLocking(65)) -   s0@group-EF46AB43B6D1: readLock RELEASED 1 by SegmentedRaftLogCache$LogSegmentList.isEmpty
2022-07-14 15:51:54,306 [s0@group-EF46AB43B6D1-LeaderStateImpl] TRACE segmented.SegmentedRaftLogCache (AutoCloseableReadWriteLock.java:logLocking(65)) - s0@group-EF46AB43B6D1: readLock RELEASED 0 by SegmentedRaftLogCache.getStartIndex
2022-07-14 15:51:54,306 [s0@group-EF46AB43B6D1-LeaderStateImpl] TRACE segmented.SegmentedRaftLogCache (AutoCloseableReadWriteLock.java:logLocking(65)) - s0@group-EF46AB43B6D1: readLock ACQUIRED 1 by SegmentedRaftLogCache.getEndIndex
2022-07-14 15:51:54,306 [s0@group-EF46AB43B6D1-LeaderStateImpl] TRACE segmented.SegmentedRaftLogCache (AutoCloseableReadWriteLock.java:logLocking(65)) - s0@group-EF46AB43B6D1: readLock RELEASED 0 by SegmentedRaftLogCache.getEndIndex
2022-07-14 15:51:54,307 [s0@group-EF46AB43B6D1-LeaderStateImpl] TRACE segmented.SegmentedRaftLogCache (AutoCloseableReadWriteLock.java:logLocking(65)) - s0@group-EF46AB43B6D1: readLock ACQUIRED 1 by SegmentedRaftLogCache$LogSegmentList.getTermIndex
2022-07-14 15:51:54,307 [s0@group-EF46AB43B6D1-LeaderStateImpl] TRACE segmented.SegmentedRaftLogCache (AutoCloseableReadWriteLock.java:logLocking(65)) - s0@group-EF46AB43B6D1: readLock RELEASED 0 by SegmentedRaftLogCache$LogSegmentList.getTermIndex
2022-07-14 15:51:54,307 [s0-client-thread1] TRACE segmented.SegmentedRaftLogCache (AutoCloseableReadWriteLock.java:logLocking(65)) - s0@group-EF46AB43B6D1: readLock ACQUIRED 1 by SegmentedRaftLogCache.getLastTermIndex
2022-07-14 15:51:54,307 [s0-client-thread1] TRACE segmented.SegmentedRaftLogCache (AutoCloseableReadWriteLock.java:logLocking(65)) - s0@group-EF46AB43B6D1: readLock RELEASED 0 by SegmentedRaftLogCache.getLastTermIndex
2022-07-14 15:51:54,308 [s0-client-thread1] TRACE segmented.SegmentedRaftLogCache (AutoCloseableReadWriteLock.java:logLocking(65)) - s0@group-EF46AB43B6D1: readLock ACQUIRED 1 by SegmentedRaftLogCache.getLastTermIndex
2022-07-14 15:51:54,308 [s0-client-thread1] TRACE segmented.SegmentedRaftLogCache (AutoCloseableReadWriteLock.java:logLocking(65)) - s0@group-EF46AB43B6D1: readLock RELEASED 0 by SegmentedRaftLogCache.getLastTermIndex
2022-07-14 15:51:54,308 [s0-client-thread1] TRACE segmented.SegmentedRaftLogCache (AutoCloseableReadWriteLock.java:logLocking(65)) - s0@group-EF46AB43B6D1: readLock ACQUIRED 1 by SegmentedRaftLogCache$LogSegmentList.countCached
2022-07-14 15:51:54,308 [s0-client-thread1] TRACE segmented.SegmentedRaftLogCache (AutoCloseableReadWriteLock.java:logLocking(65)) - s0@group-EF46AB43B6D1: readLock RELEASED 0 by SegmentedRaftLogCache$LogSegmentList.countCached
2022-07-14 15:51:54,308 [s0-client-thread1] TRACE segmented.SegmentedRaftLogCache (AutoCloseableReadWriteLock.java:logLocking(65)) - s0@group-EF46AB43B6D1: readLock ACQUIRED 1 by SegmentedRaftLogCache$LogSegmentList.getTotalCacheSize
2022-07-14 15:51:54,308 [s0-client-thread1] TRACE segmented.SegmentedRaftLogCache (AutoCloseableReadWriteLock.java:logLocking(65)) - s0@group-EF46AB43B6D1: readLock RELEASED 0 by SegmentedRaftLogCache$LogSegmentList.getTotalCacheSize
2022-07-14 15:51:54,308 [s0-client-thread1] DEBUG segmented.SegmentedRaftLogWorker (SegmentedRaftLogWorker.java:addIOTask(270)) - s0@group-EF46AB43B6D1-SegmentedRaftLogWorker adds IO task WriteLog:29: (t:1, i:29), STATEMACHINELOGENTRY, StateMachineLogEntryProto:185@client-64B90517F321
2022-07-14 15:51:54,308 [s0@group-EF46AB43B6D1-SegmentedRaftLogWorker] DEBUG segmented.SegmentedRaftLogWorker (SegmentedRaftLogWorker.java:flushIfNecessary(365)) - s0@group-EF46AB43B6D1-SegmentedRaftLogWorker: flush SegmentedRaftLogOutputStream(/home/runner/work/ratis/ratis/ratis-test/target/test/data/7931f2a6/MiniRaftClusterWithGrpc6c3cfa42/s0/d33854d5-690d-4a13-9a9e-ef46ab43b6d1/current/log_inprogress_0)
2022-07-14 15:51:54,309 [s0@group-EF46AB43B6D1-LeaderStateImpl] TRACE segmented.SegmentedRaftLogCache (AutoCloseableReadWriteLock.java:logLocking(65)) - s0@group-EF46AB43B6D1: readLock ACQUIRED 1 by SegmentedRaftLogCache.getStartIndex
2022-07-14 15:51:54,309 [s0@group-EF46AB43B6D1-LeaderStateImpl] TRACE segmented.SegmentedRaftLogCache (AutoCloseableReadWriteLock.java:logLocking(65)) -   s0@group-EF46AB43B6D1: readLock ACQUIRED 2 by SegmentedRaftLogCache$LogSegmentList.isEmpty
2022-07-14 15:51:54,309 [s0@group-EF46AB43B6D1-LeaderStateImpl] TRACE segmented.SegmentedRaftLogCache (AutoCloseableReadWriteLock.java:logLocking(65)) -   s0@group-EF46AB43B6D1: readLock RELEASED 1 by SegmentedRaftLogCache$LogSegmentList.isEmpty
2022-07-14 15:51:54,309 [s0@group-EF46AB43B6D1-LeaderStateImpl] TRACE segmented.SegmentedRaftLogCache (AutoCloseableReadWriteLock.java:logLocking(65)) - s0@group-EF46AB43B6D1: readLock RELEASED 0 by SegmentedRaftLogCache.getStartIndex
2022-07-14 15:51:54,309 [s0@group-EF46AB43B6D1-LeaderStateImpl] TRACE segmented.SegmentedRaftLogCache (AutoCloseableReadWriteLock.java:logLocking(65)) - s0@group-EF46AB43B6D1: readLock ACQUIRED 1 by SegmentedRaftLogCache.getEndIndex
2022-07-14 15:51:54,309 [s0@group-EF46AB43B6D1-LeaderStateImpl] TRACE segmented.SegmentedRaftLogCache (AutoCloseableReadWriteLock.java:logLocking(65)) - s0@group-EF46AB43B6D1: readLock RELEASED 0 by SegmentedRaftLogCache.getEndIndex
2022-07-14 15:51:54,309 [s0@group-EF46AB43B6D1-LeaderStateImpl] TRACE segmented.SegmentedRaftLogCache (AutoCloseableReadWriteLock.java:logLocking(65)) - s0@group-EF46AB43B6D1: readLock ACQUIRED 1 by SegmentedRaftLogCache$LogSegmentList.getTermIndex
2022-07-14 15:51:54,309 [s0@group-EF46AB43B6D1-LeaderStateImpl] TRACE segmented.SegmentedRaftLogCache (AutoCloseableReadWriteLock.java:logLocking(65)) - s0@group-EF46AB43B6D1: readLock RELEASED 0 by SegmentedRaftLogCache$LogSegmentList.getTermIndex
2022-07-14 15:51:54,309 [s0@group-EF46AB43B6D1-StateMachineUpdater] INFO  statemachine.SimpleStateMachine4Testing (SimpleStateMachine4Testing.java:put(204)) - s0: put 29, m14 -> (t:1, i:29), STATEMACHINELOGENTRY, 185@client-64B90517F321
2022-07-14 15:51:54,309 [s0@group-EF46AB43B6D1-LeaderStateImpl] TRACE segmented.SegmentedRaftLogCache (AutoCloseableReadWriteLock.java:logLocking(65)) - s0@group-EF46AB43B6D1: readLock ACQUIRED 1 by SegmentedRaftLogCache.getLastTermIndex
2022-07-14 15:51:54,309 [s0@group-EF46AB43B6D1-LeaderStateImpl] TRACE segmented.SegmentedRaftLogCache (AutoCloseableReadWriteLock.java:logLocking(65)) - s0@group-EF46AB43B6D1: readLock RELEASED 0 by SegmentedRaftLogCache.getLastTermIndex
2022-07-14 15:51:54,310 [s0@group-EF46AB43B6D1-LeaderStateImpl] TRACE segmented.SegmentedRaftLogCache (AutoCloseableReadWriteLock.java:logLocking(65)) - s0@group-EF46AB43B6D1: readLock ACQUIRED 1 by SegmentedRaftLogCache$LogSegmentList.countCached
2022-07-14 15:51:54,310 [s0@group-EF46AB43B6D1-LeaderStateImpl] TRACE segmented.SegmentedRaftLogCache (AutoCloseableReadWriteLock.java:logLocking(65)) - s0@group-EF46AB43B6D1: readLock RELEASED 0 by SegmentedRaftLogCache$LogSegmentList.countCached
2022-07-14 15:51:54,310 [s0@group-EF46AB43B6D1-LeaderStateImpl] TRACE segmented.SegmentedRaftLogCache (AutoCloseableReadWriteLock.java:logLocking(65)) - s0@group-EF46AB43B6D1: readLock ACQUIRED 1 by SegmentedRaftLogCache$LogSegmentList.getTotalCacheSize
2022-07-14 15:51:54,310 [s0@group-EF46AB43B6D1-LeaderStateImpl] TRACE segmented.SegmentedRaftLogCache (AutoCloseableReadWriteLock.java:logLocking(65)) - s0@group-EF46AB43B6D1: readLock RELEASED 0 by SegmentedRaftLogCache$LogSegmentList.getTotalCacheSize
2022-07-14 15:51:54,310 [s0@group-EF46AB43B6D1-LeaderStateImpl] DEBUG segmented.SegmentedRaftLogWorker (SegmentedRaftLogWorker.java:addIOTask(270)) - s0@group-EF46AB43B6D1-SegmentedRaftLogWorker adds IO task WriteLog:30: (t:1, i:30), METADATAENTRY(c:29)
2022-07-14 15:51:54,311 [s0@group-EF46AB43B6D1-SegmentedRaftLogWorker] DEBUG segmented.SegmentedRaftLogWorker (SegmentedRaftLogWorker.java:flushIfNecessary(365)) - s0@group-EF46AB43B6D1-SegmentedRaftLogWorker: flush SegmentedRaftLogOutputStream(/home/runner/work/ratis/ratis/ratis-test/target/test/data/7931f2a6/MiniRaftClusterWithGrpc6c3cfa42/s0/d33854d5-690d-4a13-9a9e-ef46ab43b6d1/current/log_inprogress_0)
2022-07-14 15:51:54,311 [s0-client-thread1] TRACE segmented.SegmentedRaftLogCache (AutoCloseableReadWriteLock.java:logLocking(65)) - s0@group-EF46AB43B6D1: readLock ACQUIRED 1 by SegmentedRaftLogCache.getLastTermIndex
2022-07-14 15:51:54,311 [s0-client-thread1] TRACE segmented.SegmentedRaftLogCache (AutoCloseableReadWriteLock.java:logLocking(65)) - s0@group-EF46AB43B6D1: readLock RELEASED 0 by SegmentedRaftLogCache.getLastTermIndex
2022-07-14 15:51:54,312 [s0-client-thread1] TRACE segmented.SegmentedRaftLogCache (AutoCloseableReadWriteLock.java:logLocking(65)) - s0@group-EF46AB43B6D1: readLock ACQUIRED 1 by SegmentedRaftLogCache.getLastTermIndex
2022-07-14 15:51:54,312 [s0-client-thread1] TRACE segmented.SegmentedRaftLogCache (AutoCloseableReadWriteLock.java:logLocking(65)) - s0@group-EF46AB43B6D1: readLock RELEASED 0 by SegmentedRaftLogCache.getLastTermIndex
2022-07-14 15:51:54,312 [s0-client-thread1] TRACE segmented.SegmentedRaftLogCache (AutoCloseableReadWriteLock.java:logLocking(65)) - s0@group-EF46AB43B6D1: readLock ACQUIRED 1 by SegmentedRaftLogCache$LogSegmentList.countCached
2022-07-14 15:51:54,312 [s0-client-thread1] TRACE segmented.SegmentedRaftLogCache (AutoCloseableReadWriteLock.java:logLocking(65)) - s0@group-EF46AB43B6D1: readLock RELEASED 0 by SegmentedRaftLogCache$LogSegmentList.countCached
2022-07-14 15:51:54,312 [s0-client-thread1] TRACE segmented.SegmentedRaftLogCache (AutoCloseableReadWriteLock.java:logLocking(65)) - s0@group-EF46AB43B6D1: readLock ACQUIRED 1 by SegmentedRaftLogCache$LogSegmentList.getTotalCacheSize
2022-07-14 15:51:54,312 [s0-client-thread1] TRACE segmented.SegmentedRaftLogCache (AutoCloseableReadWriteLock.java:logLocking(65)) - s0@group-EF46AB43B6D1: readLock RELEASED 0 by SegmentedRaftLogCache$LogSegmentList.getTotalCacheSize
2022-07-14 15:51:54,312 [s0-client-thread1] DEBUG segmented.SegmentedRaftLogWorker (SegmentedRaftLogWorker.java:addIOTask(270)) - s0@group-EF46AB43B6D1-SegmentedRaftLogWorker adds IO task WriteLog:31: (t:1, i:31), STATEMACHINELOGENTRY, StateMachineLogEntryProto:186@client-64B90517F321
2022-07-14 15:51:54,312 [s0@group-EF46AB43B6D1-SegmentedRaftLogWorker] DEBUG segmented.SegmentedRaftLogWorker (SegmentedRaftLogWorker.java:flushIfNecessary(365)) - s0@group-EF46AB43B6D1-SegmentedRaftLogWorker: flush SegmentedRaftLogOutputStream(/home/runner/work/ratis/ratis/ratis-test/target/test/data/7931f2a6/MiniRaftClusterWithGrpc6c3cfa42/s0/d33854d5-690d-4a13-9a9e-ef46ab43b6d1/current/log_inprogress_0)
2022-07-14 15:51:54,312 [s0@group-EF46AB43B6D1-LeaderStateImpl] TRACE segmented.SegmentedRaftLogCache (AutoCloseableReadWriteLock.java:logLocking(65)) - s0@group-EF46AB43B6D1: readLock ACQUIRED 1 by SegmentedRaftLogCache.getStartIndex
2022-07-14 15:51:54,312 [s0@group-EF46AB43B6D1-LeaderStateImpl] TRACE segmented.SegmentedRaftLogCache (AutoCloseableReadWriteLock.java:logLocking(65)) -   s0@group-EF46AB43B6D1: readLock ACQUIRED 2 by SegmentedRaftLogCache$LogSegmentList.isEmpty
2022-07-14 15:51:54,312 [s0@group-EF46AB43B6D1-LeaderStateImpl] TRACE segmented.SegmentedRaftLogCache (AutoCloseableReadWriteLock.java:logLocking(65)) -   s0@group-EF46AB43B6D1: readLock RELEASED 1 by SegmentedRaftLogCache$LogSegmentList.isEmpty
2022-07-14 15:51:54,312 [s0@group-EF46AB43B6D1-LeaderStateImpl] TRACE segmented.SegmentedRaftLogCache (AutoCloseableReadWriteLock.java:logLocking(65)) - s0@group-EF46AB43B6D1: readLock RELEASED 0 by SegmentedRaftLogCache.getStartIndex
2022-07-14 15:51:54,312 [s0@group-EF46AB43B6D1-LeaderStateImpl] TRACE segmented.SegmentedRaftLogCache (AutoCloseableReadWriteLock.java:logLocking(65)) - s0@group-EF46AB43B6D1: readLock ACQUIRED 1 by SegmentedRaftLogCache.getEndIndex
2022-07-14 15:51:54,312 [s0@group-EF46AB43B6D1-LeaderStateImpl] TRACE segmented.SegmentedRaftLogCache (AutoCloseableReadWriteLock.java:logLocking(65)) - s0@group-EF46AB43B6D1: readLock RELEASED 0 by SegmentedRaftLogCache.getEndIndex
2022-07-14 15:51:54,312 [s0@group-EF46AB43B6D1-LeaderStateImpl] TRACE segmented.SegmentedRaftLogCache (AutoCloseableReadWriteLock.java:logLocking(65)) - s0@group-EF46AB43B6D1: readLock ACQUIRED 1 by SegmentedRaftLogCache$LogSegmentList.getTermIndex
2022-07-14 15:51:54,312 [s0@group-EF46AB43B6D1-LeaderStateImpl] TRACE segmented.SegmentedRaftLogCache (AutoCloseableReadWriteLock.java:logLocking(65)) - s0@group-EF46AB43B6D1: readLock RELEASED 0 by SegmentedRaftLogCache$LogSegmentList.getTermIndex
2022-07-14 15:51:54,313 [s0@group-EF46AB43B6D1-LeaderStateImpl] TRACE segmented.SegmentedRaftLogCache (AutoCloseableReadWriteLock.java:logLocking(65)) - s0@group-EF46AB43B6D1: readLock ACQUIRED 1 by SegmentedRaftLogCache.getStartIndex
2022-07-14 15:51:54,313 [s0@group-EF46AB43B6D1-LeaderStateImpl] TRACE segmented.SegmentedRaftLogCache (AutoCloseableReadWriteLock.java:logLocking(65)) -   s0@group-EF46AB43B6D1: readLock ACQUIRED 2 by SegmentedRaftLogCache$LogSegmentList.isEmpty
2022-07-14 15:51:54,313 [s0@group-EF46AB43B6D1-LeaderStateImpl] TRACE segmented.SegmentedRaftLogCache (AutoCloseableReadWriteLock.java:logLocking(65)) -   s0@group-EF46AB43B6D1: readLock RELEASED 1 by SegmentedRaftLogCache$LogSegmentList.isEmpty
2022-07-14 15:51:54,313 [s0@group-EF46AB43B6D1-LeaderStateImpl] TRACE segmented.SegmentedRaftLogCache (AutoCloseableReadWriteLock.java:logLocking(65)) - s0@group-EF46AB43B6D1: readLock RELEASED 0 by SegmentedRaftLogCache.getStartIndex
2022-07-14 15:51:54,313 [s0@group-EF46AB43B6D1-LeaderStateImpl] TRACE segmented.SegmentedRaftLogCache (AutoCloseableReadWriteLock.java:logLocking(65)) - s0@group-EF46AB43B6D1: readLock ACQUIRED 1 by SegmentedRaftLogCache.getEndIndex
2022-07-14 15:51:54,313 [s0@group-EF46AB43B6D1-LeaderStateImpl] TRACE segmented.SegmentedRaftLogCache (AutoCloseableReadWriteLock.java:logLocking(65)) - s0@group-EF46AB43B6D1: readLock RELEASED 0 by SegmentedRaftLogCache.getEndIndex
2022-07-14 15:51:54,313 [s0@group-EF46AB43B6D1-LeaderStateImpl] TRACE segmented.SegmentedRaftLogCache (AutoCloseableReadWriteLock.java:logLocking(65)) - s0@group-EF46AB43B6D1: readLock ACQUIRED 1 by SegmentedRaftLogCache$LogSegmentList.getTermIndex
2022-07-14 15:51:54,313 [s0@group-EF46AB43B6D1-LeaderStateImpl] TRACE segmented.SegmentedRaftLogCache (AutoCloseableReadWriteLock.java:logLocking(65)) - s0@group-EF46AB43B6D1: readLock RELEASED 0 by SegmentedRaftLogCache$LogSegmentList.getTermIndex
2022-07-14 15:51:54,313 [s0@group-EF46AB43B6D1-StateMachineUpdater] INFO  statemachine.SimpleStateMachine4Testing (SimpleStateMachine4Testing.java:put(204)) - s0: put 31, m15 -> (t:1, i:31), STATEMACHINELOGENTRY, 186@client-64B90517F321
2022-07-14 15:51:54,313 [s0@group-EF46AB43B6D1-LeaderStateImpl] TRACE segmented.SegmentedRaftLogCache (AutoCloseableReadWriteLock.java:logLocking(65)) - s0@group-EF46AB43B6D1: readLock ACQUIRED 1 by SegmentedRaftLogCache.getLastTermIndex
2022-07-14 15:51:54,313 [s0@group-EF46AB43B6D1-LeaderStateImpl] TRACE segmented.SegmentedRaftLogCache (AutoCloseableReadWriteLock.java:logLocking(65)) - s0@group-EF46AB43B6D1: readLock RELEASED 0 by SegmentedRaftLogCache.getLastTermIndex
2022-07-14 15:51:54,313 [s0@group-EF46AB43B6D1-LeaderStateImpl] TRACE segmented.SegmentedRaftLogCache (AutoCloseableReadWriteLock.java:logLocking(65)) - s0@group-EF46AB43B6D1: readLock ACQUIRED 1 by SegmentedRaftLogCache$LogSegmentList.countCached
2022-07-14 15:51:54,313 [s0@group-EF46AB43B6D1-LeaderStateImpl] TRACE segmented.SegmentedRaftLogCache (AutoCloseableReadWriteLock.java:logLocking(65)) - s0@group-EF46AB43B6D1: readLock RELEASED 0 by SegmentedRaftLogCache$LogSegmentList.countCached
2022-07-14 15:51:54,313 [s0@group-EF46AB43B6D1-LeaderStateImpl] TRACE segmented.SegmentedRaftLogCache (AutoCloseableReadWriteLock.java:logLocking(65)) - s0@group-EF46AB43B6D1: readLock ACQUIRED 1 by SegmentedRaftLogCache$LogSegmentList.getTotalCacheSize
2022-07-14 15:51:54,313 [s0@group-EF46AB43B6D1-LeaderStateImpl] TRACE segmented.SegmentedRaftLogCache (AutoCloseableReadWriteLock.java:logLocking(65)) - s0@group-EF46AB43B6D1: readLock RELEASED 0 by SegmentedRaftLogCache$LogSegmentList.getTotalCacheSize
2022-07-14 15:51:54,313 [s0@group-EF46AB43B6D1-LeaderStateImpl] DEBUG segmented.SegmentedRaftLogWorker (SegmentedRaftLogWorker.java:addIOTask(270)) - s0@group-EF46AB43B6D1-SegmentedRaftLogWorker adds IO task WriteLog:32: (t:1, i:32), METADATAENTRY(c:31)
2022-07-14 15:51:54,315 [s0@group-EF46AB43B6D1-SegmentedRaftLogWorker] DEBUG segmented.SegmentedRaftLogWorker (SegmentedRaftLogWorker.java:flushIfNecessary(365)) - s0@group-EF46AB43B6D1-SegmentedRaftLogWorker: flush SegmentedRaftLogOutputStream(/home/runner/work/ratis/ratis/ratis-test/target/test/data/7931f2a6/MiniRaftClusterWithGrpc6c3cfa42/s0/d33854d5-690d-4a13-9a9e-ef46ab43b6d1/current/log_inprogress_0)
2022-07-14 15:51:54,315 [s0-client-thread1] TRACE segmented.SegmentedRaftLogCache (AutoCloseableReadWriteLock.java:logLocking(65)) - s0@group-EF46AB43B6D1: readLock ACQUIRED 1 by SegmentedRaftLogCache.getLastTermIndex
2022-07-14 15:51:54,315 [s0-client-thread1] TRACE segmented.SegmentedRaftLogCache (AutoCloseableReadWriteLock.java:logLocking(65)) - s0@group-EF46AB43B6D1: readLock RELEASED 0 by SegmentedRaftLogCache.getLastTermIndex
2022-07-14 15:51:54,315 [s0-client-thread1] TRACE segmented.SegmentedRaftLogCache (AutoCloseableReadWriteLock.java:logLocking(65)) - s0@group-EF46AB43B6D1: readLock ACQUIRED 1 by SegmentedRaftLogCache.getLastTermIndex
2022-07-14 15:51:54,315 [s0-client-thread1] TRACE segmented.SegmentedRaftLogCache (AutoCloseableReadWriteLock.java:logLocking(65)) - s0@group-EF46AB43B6D1: readLock RELEASED 0 by SegmentedRaftLogCache.getLastTermIndex
2022-07-14 15:51:54,315 [s0-client-thread1] TRACE segmented.SegmentedRaftLogCache (AutoCloseableReadWriteLock.java:logLocking(65)) - s0@group-EF46AB43B6D1: readLock ACQUIRED 1 by SegmentedRaftLogCache$LogSegmentList.countCached
2022-07-14 15:51:54,316 [s0-client-thread1] TRACE segmented.SegmentedRaftLogCache (AutoCloseableReadWriteLock.java:logLocking(65)) - s0@group-EF46AB43B6D1: readLock RELEASED 0 by SegmentedRaftLogCache$LogSegmentList.countCached
2022-07-14 15:51:54,316 [s0-client-thread1] TRACE segmented.SegmentedRaftLogCache (AutoCloseableReadWriteLock.java:logLocking(65)) - s0@group-EF46AB43B6D1: readLock ACQUIRED 1 by SegmentedRaftLogCache$LogSegmentList.getTotalCacheSize
2022-07-14 15:51:54,316 [s0-client-thread1] TRACE segmented.SegmentedRaftLogCache (AutoCloseableReadWriteLock.java:logLocking(65)) - s0@group-EF46AB43B6D1: readLock RELEASED 0 by SegmentedRaftLogCache$LogSegmentList.getTotalCacheSize
2022-07-14 15:51:54,316 [s0-client-thread1] DEBUG segmented.SegmentedRaftLogWorker (SegmentedRaftLogWorker.java:addIOTask(270)) - s0@group-EF46AB43B6D1-SegmentedRaftLogWorker adds IO task WriteLog:33: (t:1, i:33), STATEMACHINELOGENTRY, StateMachineLogEntryProto:187@client-64B90517F321
2022-07-14 15:51:54,316 [s0@group-EF46AB43B6D1-SegmentedRaftLogWorker] DEBUG segmented.SegmentedRaftLogWorker (SegmentedRaftLogWorker.java:flushIfNecessary(365)) - s0@group-EF46AB43B6D1-SegmentedRaftLogWorker: flush SegmentedRaftLogOutputStream(/home/runner/work/ratis/ratis/ratis-test/target/test/data/7931f2a6/MiniRaftClusterWithGrpc6c3cfa42/s0/d33854d5-690d-4a13-9a9e-ef46ab43b6d1/current/log_inprogress_0)
2022-07-14 15:51:54,316 [s0@group-EF46AB43B6D1-LeaderStateImpl] TRACE segmented.SegmentedRaftLogCache (AutoCloseableReadWriteLock.java:logLocking(65)) - s0@group-EF46AB43B6D1: readLock ACQUIRED 1 by SegmentedRaftLogCache.getStartIndex
2022-07-14 15:51:54,316 [s0@group-EF46AB43B6D1-LeaderStateImpl] TRACE segmented.SegmentedRaftLogCache (AutoCloseableReadWriteLock.java:logLocking(65)) -   s0@group-EF46AB43B6D1: readLock ACQUIRED 2 by SegmentedRaftLogCache$LogSegmentList.isEmpty
2022-07-14 15:51:54,316 [s0@group-EF46AB43B6D1-LeaderStateImpl] TRACE segmented.SegmentedRaftLogCache (AutoCloseableReadWriteLock.java:logLocking(65)) -   s0@group-EF46AB43B6D1: readLock RELEASED 1 by SegmentedRaftLogCache$LogSegmentList.isEmpty
2022-07-14 15:51:54,316 [s0@group-EF46AB43B6D1-LeaderStateImpl] TRACE segmented.SegmentedRaftLogCache (AutoCloseableReadWriteLock.java:logLocking(65)) - s0@group-EF46AB43B6D1: readLock RELEASED 0 by SegmentedRaftLogCache.getStartIndex
2022-07-14 15:51:54,316 [s0@group-EF46AB43B6D1-LeaderStateImpl] TRACE segmented.SegmentedRaftLogCache (AutoCloseableReadWriteLock.java:logLocking(65)) - s0@group-EF46AB43B6D1: readLock ACQUIRED 1 by SegmentedRaftLogCache.getEndIndex
2022-07-14 15:51:54,316 [s0@group-EF46AB43B6D1-LeaderStateImpl] TRACE segmented.SegmentedRaftLogCache (AutoCloseableReadWriteLock.java:logLocking(65)) - s0@group-EF46AB43B6D1: readLock RELEASED 0 by SegmentedRaftLogCache.getEndIndex
2022-07-14 15:51:54,316 [s0@group-EF46AB43B6D1-LeaderStateImpl] TRACE segmented.SegmentedRaftLogCache (AutoCloseableReadWriteLock.java:logLocking(65)) - s0@group-EF46AB43B6D1: readLock ACQUIRED 1 by SegmentedRaftLogCache$LogSegmentList.getTermIndex
2022-07-14 15:51:54,316 [s0@group-EF46AB43B6D1-LeaderStateImpl] TRACE segmented.SegmentedRaftLogCache (AutoCloseableReadWriteLock.java:logLocking(65)) - s0@group-EF46AB43B6D1: readLock RELEASED 0 by SegmentedRaftLogCache$LogSegmentList.getTermIndex
2022-07-14 15:51:54,316 [s0@group-EF46AB43B6D1-LeaderStateImpl] TRACE segmented.SegmentedRaftLogCache (AutoCloseableReadWriteLock.java:logLocking(65)) - s0@group-EF46AB43B6D1: readLock ACQUIRED 1 by SegmentedRaftLogCache.getStartIndex
2022-07-14 15:51:54,316 [s0@group-EF46AB43B6D1-LeaderStateImpl] TRACE segmented.SegmentedRaftLogCache (AutoCloseableReadWriteLock.java:logLocking(65)) -   s0@group-EF46AB43B6D1: readLock ACQUIRED 2 by SegmentedRaftLogCache$LogSegmentList.isEmpty
2022-07-14 15:51:54,316 [s0@group-EF46AB43B6D1-LeaderStateImpl] TRACE segmented.SegmentedRaftLogCache (AutoCloseableReadWriteLock.java:logLocking(65)) -   s0@group-EF46AB43B6D1: readLock RELEASED 1 by SegmentedRaftLogCache$LogSegmentList.isEmpty
2022-07-14 15:51:54,316 [s0@group-EF46AB43B6D1-LeaderStateImpl] TRACE segmented.SegmentedRaftLogCache (AutoCloseableReadWriteLock.java:logLocking(65)) - s0@group-EF46AB43B6D1: readLock RELEASED 0 by SegmentedRaftLogCache.getStartIndex
2022-07-14 15:51:54,316 [s0@group-EF46AB43B6D1-LeaderStateImpl] TRACE segmented.SegmentedRaftLogCache (AutoCloseableReadWriteLock.java:logLocking(65)) - s0@group-EF46AB43B6D1: readLock ACQUIRED 1 by SegmentedRaftLogCache.getEndIndex
2022-07-14 15:51:54,317 [s0@group-EF46AB43B6D1-LeaderStateImpl] TRACE segmented.SegmentedRaftLogCache (AutoCloseableReadWriteLock.java:logLocking(65)) - s0@group-EF46AB43B6D1: readLock RELEASED 0 by SegmentedRaftLogCache.getEndIndex
2022-07-14 15:51:54,317 [s0@group-EF46AB43B6D1-LeaderStateImpl] TRACE segmented.SegmentedRaftLogCache (AutoCloseableReadWriteLock.java:logLocking(65)) - s0@group-EF46AB43B6D1: readLock ACQUIRED 1 by SegmentedRaftLogCache$LogSegmentList.getTermIndex
2022-07-14 15:51:54,317 [s0@group-EF46AB43B6D1-LeaderStateImpl] TRACE segmented.SegmentedRaftLogCache (AutoCloseableReadWriteLock.java:logLocking(65)) - s0@group-EF46AB43B6D1: readLock RELEASED 0 by SegmentedRaftLogCache$LogSegmentList.getTermIndex
2022-07-14 15:51:54,317 [s0@group-EF46AB43B6D1-StateMachineUpdater] INFO  statemachine.SimpleStateMachine4Testing (SimpleStateMachine4Testing.java:put(204)) - s0: put 33, m16 -> (t:1, i:33), STATEMACHINELOGENTRY, 187@client-64B90517F321
2022-07-14 15:51:54,317 [s0@group-EF46AB43B6D1-LeaderStateImpl] TRACE segmented.SegmentedRaftLogCache (AutoCloseableReadWriteLock.java:logLocking(65)) - s0@group-EF46AB43B6D1: readLock ACQUIRED 1 by SegmentedRaftLogCache.getLastTermIndex
2022-07-14 15:51:54,317 [s0@group-EF46AB43B6D1-LeaderStateImpl] TRACE segmented.SegmentedRaftLogCache (AutoCloseableReadWriteLock.java:logLocking(65)) - s0@group-EF46AB43B6D1: readLock RELEASED 0 by SegmentedRaftLogCache.getLastTermIndex
2022-07-14 15:51:54,317 [s0@group-EF46AB43B6D1-LeaderStateImpl] TRACE segmented.SegmentedRaftLogCache (AutoCloseableReadWriteLock.java:logLocking(65)) - s0@group-EF46AB43B6D1: readLock ACQUIRED 1 by SegmentedRaftLogCache$LogSegmentList.countCached
2022-07-14 15:51:54,317 [s0@group-EF46AB43B6D1-LeaderStateImpl] TRACE segmented.SegmentedRaftLogCache (AutoCloseableReadWriteLock.java:logLocking(65)) - s0@group-EF46AB43B6D1: readLock RELEASED 0 by SegmentedRaftLogCache$LogSegmentList.countCached
2022-07-14 15:51:54,317 [s0@group-EF46AB43B6D1-LeaderStateImpl] TRACE segmented.SegmentedRaftLogCache (AutoCloseableReadWriteLock.java:logLocking(65)) - s0@group-EF46AB43B6D1: readLock ACQUIRED 1 by SegmentedRaftLogCache$LogSegmentList.getTotalCacheSize
2022-07-14 15:51:54,317 [s0@group-EF46AB43B6D1-LeaderStateImpl] TRACE segmented.SegmentedRaftLogCache (AutoCloseableReadWriteLock.java:logLocking(65)) - s0@group-EF46AB43B6D1: readLock RELEASED 0 by SegmentedRaftLogCache$LogSegmentList.getTotalCacheSize
2022-07-14 15:51:54,317 [s0@group-EF46AB43B6D1-LeaderStateImpl] DEBUG segmented.SegmentedRaftLogWorker (SegmentedRaftLogWorker.java:addIOTask(270)) - s0@group-EF46AB43B6D1-SegmentedRaftLogWorker adds IO task WriteLog:34: (t:1, i:34), METADATAENTRY(c:33)
2022-07-14 15:51:54,317 [s0@group-EF46AB43B6D1-SegmentedRaftLogWorker] DEBUG segmented.SegmentedRaftLogWorker (SegmentedRaftLogWorker.java:flushIfNecessary(365)) - s0@group-EF46AB43B6D1-SegmentedRaftLogWorker: flush SegmentedRaftLogOutputStream(/home/runner/work/ratis/ratis/ratis-test/target/test/data/7931f2a6/MiniRaftClusterWithGrpc6c3cfa42/s0/d33854d5-690d-4a13-9a9e-ef46ab43b6d1/current/log_inprogress_0)
2022-07-14 15:51:54,319 [s0@group-EF46AB43B6D1-LeaderStateImpl] TRACE segmented.SegmentedRaftLogCache (AutoCloseableReadWriteLock.java:logLocking(65)) - s0@group-EF46AB43B6D1: readLock ACQUIRED 1 by SegmentedRaftLogCache.getStartIndex
2022-07-14 15:51:54,319 [s0@group-EF46AB43B6D1-LeaderStateImpl] TRACE segmented.SegmentedRaftLogCache (AutoCloseableReadWriteLock.java:logLocking(65)) -   s0@group-EF46AB43B6D1: readLock ACQUIRED 2 by SegmentedRaftLogCache$LogSegmentList.isEmpty
2022-07-14 15:51:54,319 [s0@group-EF46AB43B6D1-LeaderStateImpl] TRACE segmented.SegmentedRaftLogCache (AutoCloseableReadWriteLock.java:logLocking(65)) -   s0@group-EF46AB43B6D1: readLock RELEASED 1 by SegmentedRaftLogCache$LogSegmentList.isEmpty
2022-07-14 15:51:54,319 [s0@group-EF46AB43B6D1-LeaderStateImpl] TRACE segmented.SegmentedRaftLogCache (AutoCloseableReadWriteLock.java:logLocking(65)) - s0@group-EF46AB43B6D1: readLock RELEASED 0 by SegmentedRaftLogCache.getStartIndex
2022-07-14 15:51:54,319 [s0@group-EF46AB43B6D1-LeaderStateImpl] TRACE segmented.SegmentedRaftLogCache (AutoCloseableReadWriteLock.java:logLocking(65)) - s0@group-EF46AB43B6D1: readLock ACQUIRED 1 by SegmentedRaftLogCache.getEndIndex
2022-07-14 15:51:54,319 [s0@group-EF46AB43B6D1-LeaderStateImpl] TRACE segmented.SegmentedRaftLogCache (AutoCloseableReadWriteLock.java:logLocking(65)) - s0@group-EF46AB43B6D1: readLock RELEASED 0 by SegmentedRaftLogCache.getEndIndex
2022-07-14 15:51:54,319 [s0@group-EF46AB43B6D1-LeaderStateImpl] TRACE segmented.SegmentedRaftLogCache (AutoCloseableReadWriteLock.java:logLocking(65)) - s0@group-EF46AB43B6D1: readLock ACQUIRED 1 by SegmentedRaftLogCache$LogSegmentList.getTermIndex
2022-07-14 15:51:54,319 [s0@group-EF46AB43B6D1-LeaderStateImpl] TRACE segmented.SegmentedRaftLogCache (AutoCloseableReadWriteLock.java:logLocking(65)) - s0@group-EF46AB43B6D1: readLock RELEASED 0 by SegmentedRaftLogCache$LogSegmentList.getTermIndex
2022-07-14 15:51:54,319 [s0-client-thread1] TRACE segmented.SegmentedRaftLogCache (AutoCloseableReadWriteLock.java:logLocking(65)) - s0@group-EF46AB43B6D1: readLock ACQUIRED 1 by SegmentedRaftLogCache.getLastTermIndex
2022-07-14 15:51:54,319 [s0-client-thread1] TRACE segmented.SegmentedRaftLogCache (AutoCloseableReadWriteLock.java:logLocking(65)) - s0@group-EF46AB43B6D1: readLock RELEASED 0 by SegmentedRaftLogCache.getLastTermIndex
2022-07-14 15:51:54,319 [s0-client-thread1] TRACE segmented.SegmentedRaftLogCache (AutoCloseableReadWriteLock.java:logLocking(65)) - s0@group-EF46AB43B6D1: readLock ACQUIRED 1 by SegmentedRaftLogCache.getLastTermIndex
2022-07-14 15:51:54,319 [s0-client-thread1] TRACE segmented.SegmentedRaftLogCache (AutoCloseableReadWriteLock.java:logLocking(65)) - s0@group-EF46AB43B6D1: readLock RELEASED 0 by SegmentedRaftLogCache.getLastTermIndex
2022-07-14 15:51:54,319 [s0-client-thread1] TRACE segmented.SegmentedRaftLogCache (AutoCloseableReadWriteLock.java:logLocking(65)) - s0@group-EF46AB43B6D1: readLock ACQUIRED 1 by SegmentedRaftLogCache$LogSegmentList.countCached
2022-07-14 15:51:54,319 [s0-client-thread1] TRACE segmented.SegmentedRaftLogCache (AutoCloseableReadWriteLock.java:logLocking(65)) - s0@group-EF46AB43B6D1: readLock RELEASED 0 by SegmentedRaftLogCache$LogSegmentList.countCached
2022-07-14 15:51:54,319 [s0-client-thread1] TRACE segmented.SegmentedRaftLogCache (AutoCloseableReadWriteLock.java:logLocking(65)) - s0@group-EF46AB43B6D1: readLock ACQUIRED 1 by SegmentedRaftLogCache$LogSegmentList.getTotalCacheSize
2022-07-14 15:51:54,319 [s0-client-thread1] TRACE segmented.SegmentedRaftLogCache (AutoCloseableReadWriteLock.java:logLocking(65)) - s0@group-EF46AB43B6D1: readLock RELEASED 0 by SegmentedRaftLogCache$LogSegmentList.getTotalCacheSize
2022-07-14 15:51:54,320 [s0-client-thread1] DEBUG segmented.SegmentedRaftLogWorker (SegmentedRaftLogWorker.java:addIOTask(270)) - s0@group-EF46AB43B6D1-SegmentedRaftLogWorker adds IO task WriteLog:35: (t:1, i:35), STATEMACHINELOGENTRY, StateMachineLogEntryProto:188@client-64B90517F321
2022-07-14 15:51:54,320 [s0@group-EF46AB43B6D1-SegmentedRaftLogWorker] DEBUG segmented.SegmentedRaftLogWorker (SegmentedRaftLogWorker.java:flushIfNecessary(365)) - s0@group-EF46AB43B6D1-SegmentedRaftLogWorker: flush SegmentedRaftLogOutputStream(/home/runner/work/ratis/ratis/ratis-test/target/test/data/7931f2a6/MiniRaftClusterWithGrpc6c3cfa42/s0/d33854d5-690d-4a13-9a9e-ef46ab43b6d1/current/log_inprogress_0)
2022-07-14 15:51:54,320 [s0@group-EF46AB43B6D1-LeaderStateImpl] TRACE segmented.SegmentedRaftLogCache (AutoCloseableReadWriteLock.java:logLocking(65)) - s0@group-EF46AB43B6D1: readLock ACQUIRED 1 by SegmentedRaftLogCache.getStartIndex
2022-07-14 15:51:54,320 [s0@group-EF46AB43B6D1-LeaderStateImpl] TRACE segmented.SegmentedRaftLogCache (AutoCloseableReadWriteLock.java:logLocking(65)) -   s0@group-EF46AB43B6D1: readLock ACQUIRED 2 by SegmentedRaftLogCache$LogSegmentList.isEmpty
2022-07-14 15:51:54,320 [s0@group-EF46AB43B6D1-LeaderStateImpl] TRACE segmented.SegmentedRaftLogCache (AutoCloseableReadWriteLock.java:logLocking(65)) -   s0@group-EF46AB43B6D1: readLock RELEASED 1 by SegmentedRaftLogCache$LogSegmentList.isEmpty
2022-07-14 15:51:54,320 [s0@group-EF46AB43B6D1-LeaderStateImpl] TRACE segmented.SegmentedRaftLogCache (AutoCloseableReadWriteLock.java:logLocking(65)) - s0@group-EF46AB43B6D1: readLock RELEASED 0 by SegmentedRaftLogCache.getStartIndex
2022-07-14 15:51:54,320 [s0@group-EF46AB43B6D1-LeaderStateImpl] TRACE segmented.SegmentedRaftLogCache (AutoCloseableReadWriteLock.java:logLocking(65)) - s0@group-EF46AB43B6D1: readLock ACQUIRED 1 by SegmentedRaftLogCache.getEndIndex
2022-07-14 15:51:54,320 [s0@group-EF46AB43B6D1-LeaderStateImpl] TRACE segmented.SegmentedRaftLogCache (AutoCloseableReadWriteLock.java:logLocking(65)) - s0@group-EF46AB43B6D1: readLock RELEASED 0 by SegmentedRaftLogCache.getEndIndex
2022-07-14 15:51:54,320 [s0@group-EF46AB43B6D1-LeaderStateImpl] TRACE segmented.SegmentedRaftLogCache (AutoCloseableReadWriteLock.java:logLocking(65)) - s0@group-EF46AB43B6D1: readLock ACQUIRED 1 by SegmentedRaftLogCache$LogSegmentList.getTermIndex
2022-07-14 15:51:54,320 [s0@group-EF46AB43B6D1-LeaderStateImpl] TRACE segmented.SegmentedRaftLogCache (AutoCloseableReadWriteLock.java:logLocking(65)) - s0@group-EF46AB43B6D1: readLock RELEASED 0 by SegmentedRaftLogCache$LogSegmentList.getTermIndex
2022-07-14 15:51:54,320 [s0@group-EF46AB43B6D1-StateMachineUpdater] INFO  statemachine.SimpleStateMachine4Testing (SimpleStateMachine4Testing.java:put(204)) - s0: put 35, m17 -> (t:1, i:35), STATEMACHINELOGENTRY, 188@client-64B90517F321
2022-07-14 15:51:54,320 [s0@group-EF46AB43B6D1-LeaderStateImpl] TRACE segmented.SegmentedRaftLogCache (AutoCloseableReadWriteLock.java:logLocking(65)) - s0@group-EF46AB43B6D1: readLock ACQUIRED 1 by SegmentedRaftLogCache.getLastTermIndex
2022-07-14 15:51:54,321 [s0@group-EF46AB43B6D1-LeaderStateImpl] TRACE segmented.SegmentedRaftLogCache (AutoCloseableReadWriteLock.java:logLocking(65)) - s0@group-EF46AB43B6D1: readLock RELEASED 0 by SegmentedRaftLogCache.getLastTermIndex
2022-07-14 15:51:54,321 [s0@group-EF46AB43B6D1-LeaderStateImpl] TRACE segmented.SegmentedRaftLogCache (AutoCloseableReadWriteLock.java:logLocking(65)) - s0@group-EF46AB43B6D1: readLock ACQUIRED 1 by SegmentedRaftLogCache$LogSegmentList.countCached
2022-07-14 15:51:54,321 [s0@group-EF46AB43B6D1-LeaderStateImpl] TRACE segmented.SegmentedRaftLogCache (AutoCloseableReadWriteLock.java:logLocking(65)) - s0@group-EF46AB43B6D1: readLock RELEASED 0 by SegmentedRaftLogCache$LogSegmentList.countCached
2022-07-14 15:51:54,321 [s0@group-EF46AB43B6D1-LeaderStateImpl] TRACE segmented.SegmentedRaftLogCache (AutoCloseableReadWriteLock.java:logLocking(65)) - s0@group-EF46AB43B6D1: readLock ACQUIRED 1 by SegmentedRaftLogCache$LogSegmentList.getTotalCacheSize
2022-07-14 15:51:54,321 [s0@group-EF46AB43B6D1-LeaderStateImpl] TRACE segmented.SegmentedRaftLogCache (AutoCloseableReadWriteLock.java:logLocking(65)) - s0@group-EF46AB43B6D1: readLock RELEASED 0 by SegmentedRaftLogCache$LogSegmentList.getTotalCacheSize
2022-07-14 15:51:54,321 [s0@group-EF46AB43B6D1-LeaderStateImpl] DEBUG segmented.SegmentedRaftLogWorker (SegmentedRaftLogWorker.java:addIOTask(270)) - s0@group-EF46AB43B6D1-SegmentedRaftLogWorker adds IO task WriteLog:36: (t:1, i:36), METADATAENTRY(c:35)
2022-07-14 15:51:54,322 [s0@group-EF46AB43B6D1-SegmentedRaftLogWorker] DEBUG segmented.SegmentedRaftLogWorker (SegmentedRaftLogWorker.java:flushIfNecessary(365)) - s0@group-EF46AB43B6D1-SegmentedRaftLogWorker: flush SegmentedRaftLogOutputStream(/home/runner/work/ratis/ratis/ratis-test/target/test/data/7931f2a6/MiniRaftClusterWithGrpc6c3cfa42/s0/d33854d5-690d-4a13-9a9e-ef46ab43b6d1/current/log_inprogress_0)
2022-07-14 15:51:54,323 [s0-client-thread1] TRACE segmented.SegmentedRaftLogCache (AutoCloseableReadWriteLock.java:logLocking(65)) - s0@group-EF46AB43B6D1: readLock ACQUIRED 1 by SegmentedRaftLogCache.getLastTermIndex
2022-07-14 15:51:54,323 [s0-client-thread1] TRACE segmented.SegmentedRaftLogCache (AutoCloseableReadWriteLock.java:logLocking(65)) - s0@group-EF46AB43B6D1: readLock RELEASED 0 by SegmentedRaftLogCache.getLastTermIndex
2022-07-14 15:51:54,323 [s0-client-thread1] TRACE segmented.SegmentedRaftLogCache (AutoCloseableReadWriteLock.java:logLocking(65)) - s0@group-EF46AB43B6D1: readLock ACQUIRED 1 by SegmentedRaftLogCache.getLastTermIndex
2022-07-14 15:51:54,323 [s0-client-thread1] TRACE segmented.SegmentedRaftLogCache (AutoCloseableReadWriteLock.java:logLocking(65)) - s0@group-EF46AB43B6D1: readLock RELEASED 0 by SegmentedRaftLogCache.getLastTermIndex
2022-07-14 15:51:54,323 [s0-client-thread1] TRACE segmented.SegmentedRaftLogCache (AutoCloseableReadWriteLock.java:logLocking(65)) - s0@group-EF46AB43B6D1: readLock ACQUIRED 1 by SegmentedRaftLogCache$LogSegmentList.countCached
2022-07-14 15:51:54,323 [s0-client-thread1] TRACE segmented.SegmentedRaftLogCache (AutoCloseableReadWriteLock.java:logLocking(65)) - s0@group-EF46AB43B6D1: readLock RELEASED 0 by SegmentedRaftLogCache$LogSegmentList.countCached
2022-07-14 15:51:54,323 [s0-client-thread1] TRACE segmented.SegmentedRaftLogCache (AutoCloseableReadWriteLock.java:logLocking(65)) - s0@group-EF46AB43B6D1: readLock ACQUIRED 1 by SegmentedRaftLogCache$LogSegmentList.getTotalCacheSize
2022-07-14 15:51:54,323 [s0-client-thread1] TRACE segmented.SegmentedRaftLogCache (AutoCloseableReadWriteLock.java:logLocking(65)) - s0@group-EF46AB43B6D1: readLock RELEASED 0 by SegmentedRaftLogCache$LogSegmentList.getTotalCacheSize
2022-07-14 15:51:54,323 [s0-client-thread1] DEBUG segmented.SegmentedRaftLogWorker (SegmentedRaftLogWorker.java:addIOTask(270)) - s0@group-EF46AB43B6D1-SegmentedRaftLogWorker adds IO task WriteLog:37: (t:1, i:37), STATEMACHINELOGENTRY, StateMachineLogEntryProto:189@client-64B90517F321
2022-07-14 15:51:54,323 [s0@group-EF46AB43B6D1-SegmentedRaftLogWorker] DEBUG segmented.SegmentedRaftLogWorker (SegmentedRaftLogWorker.java:flushIfNecessary(365)) - s0@group-EF46AB43B6D1-SegmentedRaftLogWorker: flush SegmentedRaftLogOutputStream(/home/runner/work/ratis/ratis/ratis-test/target/test/data/7931f2a6/MiniRaftClusterWithGrpc6c3cfa42/s0/d33854d5-690d-4a13-9a9e-ef46ab43b6d1/current/log_inprogress_0)
2022-07-14 15:51:54,323 [s0@group-EF46AB43B6D1-LeaderStateImpl] TRACE segmented.SegmentedRaftLogCache (AutoCloseableReadWriteLock.java:logLocking(65)) - s0@group-EF46AB43B6D1: readLock ACQUIRED 1 by SegmentedRaftLogCache.getStartIndex
2022-07-14 15:51:54,324 [s0@group-EF46AB43B6D1-LeaderStateImpl] TRACE segmented.SegmentedRaftLogCache (AutoCloseableReadWriteLock.java:logLocking(65)) -   s0@group-EF46AB43B6D1: readLock ACQUIRED 2 by SegmentedRaftLogCache$LogSegmentList.isEmpty
2022-07-14 15:51:54,324 [s0@group-EF46AB43B6D1-LeaderStateImpl] TRACE segmented.SegmentedRaftLogCache (AutoCloseableReadWriteLock.java:logLocking(65)) -   s0@group-EF46AB43B6D1: readLock RELEASED 1 by SegmentedRaftLogCache$LogSegmentList.isEmpty
2022-07-14 15:51:54,324 [s0@group-EF46AB43B6D1-LeaderStateImpl] TRACE segmented.SegmentedRaftLogCache (AutoCloseableReadWriteLock.java:logLocking(65)) - s0@group-EF46AB43B6D1: readLock RELEASED 0 by SegmentedRaftLogCache.getStartIndex
2022-07-14 15:51:54,324 [s0@group-EF46AB43B6D1-LeaderStateImpl] TRACE segmented.SegmentedRaftLogCache (AutoCloseableReadWriteLock.java:logLocking(65)) - s0@group-EF46AB43B6D1: readLock ACQUIRED 1 by SegmentedRaftLogCache.getEndIndex
2022-07-14 15:51:54,324 [s0@group-EF46AB43B6D1-LeaderStateImpl] TRACE segmented.SegmentedRaftLogCache (AutoCloseableReadWriteLock.java:logLocking(65)) - s0@group-EF46AB43B6D1: readLock RELEASED 0 by SegmentedRaftLogCache.getEndIndex
2022-07-14 15:51:54,324 [s0@group-EF46AB43B6D1-LeaderStateImpl] TRACE segmented.SegmentedRaftLogCache (AutoCloseableReadWriteLock.java:logLocking(65)) - s0@group-EF46AB43B6D1: readLock ACQUIRED 1 by SegmentedRaftLogCache$LogSegmentList.getTermIndex
2022-07-14 15:51:54,324 [s0@group-EF46AB43B6D1-LeaderStateImpl] TRACE segmented.SegmentedRaftLogCache (AutoCloseableReadWriteLock.java:logLocking(65)) - s0@group-EF46AB43B6D1: readLock RELEASED 0 by SegmentedRaftLogCache$LogSegmentList.getTermIndex
2022-07-14 15:51:54,324 [s0@group-EF46AB43B6D1-LeaderStateImpl] TRACE segmented.SegmentedRaftLogCache (AutoCloseableReadWriteLock.java:logLocking(65)) - s0@group-EF46AB43B6D1: readLock ACQUIRED 1 by SegmentedRaftLogCache.getStartIndex
2022-07-14 15:51:54,324 [s0@group-EF46AB43B6D1-LeaderStateImpl] TRACE segmented.SegmentedRaftLogCache (AutoCloseableReadWriteLock.java:logLocking(65)) -   s0@group-EF46AB43B6D1: readLock ACQUIRED 2 by SegmentedRaftLogCache$LogSegmentList.isEmpty
2022-07-14 15:51:54,324 [s0@group-EF46AB43B6D1-LeaderStateImpl] TRACE segmented.SegmentedRaftLogCache (AutoCloseableReadWriteLock.java:logLocking(65)) -   s0@group-EF46AB43B6D1: readLock RELEASED 1 by SegmentedRaftLogCache$LogSegmentList.isEmpty
2022-07-14 15:51:54,324 [s0@group-EF46AB43B6D1-LeaderStateImpl] TRACE segmented.SegmentedRaftLogCache (AutoCloseableReadWriteLock.java:logLocking(65)) - s0@group-EF46AB43B6D1: readLock RELEASED 0 by SegmentedRaftLogCache.getStartIndex
2022-07-14 15:51:54,324 [s0@group-EF46AB43B6D1-LeaderStateImpl] TRACE segmented.SegmentedRaftLogCache (AutoCloseableReadWriteLock.java:logLocking(65)) - s0@group-EF46AB43B6D1: readLock ACQUIRED 1 by SegmentedRaftLogCache.getEndIndex
2022-07-14 15:51:54,324 [s0@group-EF46AB43B6D1-LeaderStateImpl] TRACE segmented.SegmentedRaftLogCache (AutoCloseableReadWriteLock.java:logLocking(65)) - s0@group-EF46AB43B6D1: readLock RELEASED 0 by SegmentedRaftLogCache.getEndIndex
2022-07-14 15:51:54,324 [s0@group-EF46AB43B6D1-LeaderStateImpl] TRACE segmented.SegmentedRaftLogCache (AutoCloseableReadWriteLock.java:logLocking(65)) - s0@group-EF46AB43B6D1: readLock ACQUIRED 1 by SegmentedRaftLogCache$LogSegmentList.getTermIndex
2022-07-14 15:51:54,324 [s0@group-EF46AB43B6D1-LeaderStateImpl] TRACE segmented.SegmentedRaftLogCache (AutoCloseableReadWriteLock.java:logLocking(65)) - s0@group-EF46AB43B6D1: readLock RELEASED 0 by SegmentedRaftLogCache$LogSegmentList.getTermIndex
2022-07-14 15:51:54,324 [s0@group-EF46AB43B6D1-StateMachineUpdater] INFO  statemachine.SimpleStateMachine4Testing (SimpleStateMachine4Testing.java:put(204)) - s0: put 37, m18 -> (t:1, i:37), STATEMACHINELOGENTRY, 189@client-64B90517F321
2022-07-14 15:51:54,324 [s0@group-EF46AB43B6D1-LeaderStateImpl] TRACE segmented.SegmentedRaftLogCache (AutoCloseableReadWriteLock.java:logLocking(65)) - s0@group-EF46AB43B6D1: readLock ACQUIRED 1 by SegmentedRaftLogCache.getLastTermIndex
2022-07-14 15:51:54,324 [s0@group-EF46AB43B6D1-LeaderStateImpl] TRACE segmented.SegmentedRaftLogCache (AutoCloseableReadWriteLock.java:logLocking(65)) - s0@group-EF46AB43B6D1: readLock RELEASED 0 by SegmentedRaftLogCache.getLastTermIndex
2022-07-14 15:51:54,324 [s0@group-EF46AB43B6D1-LeaderStateImpl] TRACE segmented.SegmentedRaftLogCache (AutoCloseableReadWriteLock.java:logLocking(65)) - s0@group-EF46AB43B6D1: readLock ACQUIRED 1 by SegmentedRaftLogCache$LogSegmentList.countCached
2022-07-14 15:51:54,324 [s0@group-EF46AB43B6D1-LeaderStateImpl] TRACE segmented.SegmentedRaftLogCache (AutoCloseableReadWriteLock.java:logLocking(65)) - s0@group-EF46AB43B6D1: readLock RELEASED 0 by SegmentedRaftLogCache$LogSegmentList.countCached
2022-07-14 15:51:54,325 [s0@group-EF46AB43B6D1-LeaderStateImpl] TRACE segmented.SegmentedRaftLogCache (AutoCloseableReadWriteLock.java:logLocking(65)) - s0@group-EF46AB43B6D1: readLock ACQUIRED 1 by SegmentedRaftLogCache$LogSegmentList.getTotalCacheSize
2022-07-14 15:51:54,325 [s0@group-EF46AB43B6D1-LeaderStateImpl] TRACE segmented.SegmentedRaftLogCache (AutoCloseableReadWriteLock.java:logLocking(65)) - s0@group-EF46AB43B6D1: readLock RELEASED 0 by SegmentedRaftLogCache$LogSegmentList.getTotalCacheSize
2022-07-14 15:51:54,325 [s0@group-EF46AB43B6D1-LeaderStateImpl] DEBUG segmented.SegmentedRaftLogWorker (SegmentedRaftLogWorker.java:addIOTask(270)) - s0@group-EF46AB43B6D1-SegmentedRaftLogWorker adds IO task WriteLog:38: (t:1, i:38), METADATAENTRY(c:37)
2022-07-14 15:51:54,326 [s0@group-EF46AB43B6D1-SegmentedRaftLogWorker] DEBUG segmented.SegmentedRaftLogWorker (SegmentedRaftLogWorker.java:flushIfNecessary(365)) - s0@group-EF46AB43B6D1-SegmentedRaftLogWorker: flush SegmentedRaftLogOutputStream(/home/runner/work/ratis/ratis/ratis-test/target/test/data/7931f2a6/MiniRaftClusterWithGrpc6c3cfa42/s0/d33854d5-690d-4a13-9a9e-ef46ab43b6d1/current/log_inprogress_0)
2022-07-14 15:51:54,326 [s0-client-thread1] TRACE segmented.SegmentedRaftLogCache (AutoCloseableReadWriteLock.java:logLocking(65)) - s0@group-EF46AB43B6D1: readLock ACQUIRED 1 by SegmentedRaftLogCache.getLastTermIndex
2022-07-14 15:51:54,327 [s0-client-thread1] TRACE segmented.SegmentedRaftLogCache (AutoCloseableReadWriteLock.java:logLocking(65)) - s0@group-EF46AB43B6D1: readLock RELEASED 0 by SegmentedRaftLogCache.getLastTermIndex
2022-07-14 15:51:54,327 [s0-client-thread1] TRACE segmented.SegmentedRaftLogCache (AutoCloseableReadWriteLock.java:logLocking(65)) - s0@group-EF46AB43B6D1: readLock ACQUIRED 1 by SegmentedRaftLogCache.getLastTermIndex
2022-07-14 15:51:54,327 [s0-client-thread1] TRACE segmented.SegmentedRaftLogCache (AutoCloseableReadWriteLock.java:logLocking(65)) - s0@group-EF46AB43B6D1: readLock RELEASED 0 by SegmentedRaftLogCache.getLastTermIndex
2022-07-14 15:51:54,327 [s0-client-thread1] TRACE segmented.SegmentedRaftLogCache (AutoCloseableReadWriteLock.java:logLocking(65)) - s0@group-EF46AB43B6D1: readLock ACQUIRED 1 by SegmentedRaftLogCache$LogSegmentList.countCached
2022-07-14 15:51:54,327 [s0-client-thread1] TRACE segmented.SegmentedRaftLogCache (AutoCloseableReadWriteLock.java:logLocking(65)) - s0@group-EF46AB43B6D1: readLock RELEASED 0 by SegmentedRaftLogCache$LogSegmentList.countCached
2022-07-14 15:51:54,327 [s0-client-thread1] TRACE segmented.SegmentedRaftLogCache (AutoCloseableReadWriteLock.java:logLocking(65)) - s0@group-EF46AB43B6D1: readLock ACQUIRED 1 by SegmentedRaftLogCache$LogSegmentList.getTotalCacheSize
2022-07-14 15:51:54,327 [s0-client-thread1] TRACE segmented.SegmentedRaftLogCache (AutoCloseableReadWriteLock.java:logLocking(65)) - s0@group-EF46AB43B6D1: readLock RELEASED 0 by SegmentedRaftLogCache$LogSegmentList.getTotalCacheSize
2022-07-14 15:51:54,327 [s0-client-thread1] DEBUG segmented.SegmentedRaftLogWorker (SegmentedRaftLogWorker.java:addIOTask(270)) - s0@group-EF46AB43B6D1-SegmentedRaftLogWorker adds IO task WriteLog:39: (t:1, i:39), STATEMACHINELOGENTRY, StateMachineLogEntryProto:190@client-64B90517F321
2022-07-14 15:51:54,327 [s0@group-EF46AB43B6D1-SegmentedRaftLogWorker] DEBUG segmented.SegmentedRaftLogWorker (SegmentedRaftLogWorker.java:flushIfNecessary(365)) - s0@group-EF46AB43B6D1-SegmentedRaftLogWorker: flush SegmentedRaftLogOutputStream(/home/runner/work/ratis/ratis/ratis-test/target/test/data/7931f2a6/MiniRaftClusterWithGrpc6c3cfa42/s0/d33854d5-690d-4a13-9a9e-ef46ab43b6d1/current/log_inprogress_0)
2022-07-14 15:51:54,327 [s0@group-EF46AB43B6D1-LeaderStateImpl] TRACE segmented.SegmentedRaftLogCache (AutoCloseableReadWriteLock.java:logLocking(65)) - s0@group-EF46AB43B6D1: readLock ACQUIRED 1 by SegmentedRaftLogCache.getStartIndex
2022-07-14 15:51:54,327 [s0@group-EF46AB43B6D1-LeaderStateImpl] TRACE segmented.SegmentedRaftLogCache (AutoCloseableReadWriteLock.java:logLocking(65)) -   s0@group-EF46AB43B6D1: readLock ACQUIRED 2 by SegmentedRaftLogCache$LogSegmentList.isEmpty
2022-07-14 15:51:54,327 [s0@group-EF46AB43B6D1-LeaderStateImpl] TRACE segmented.SegmentedRaftLogCache (AutoCloseableReadWriteLock.java:logLocking(65)) -   s0@group-EF46AB43B6D1: readLock RELEASED 1 by SegmentedRaftLogCache$LogSegmentList.isEmpty
2022-07-14 15:51:54,327 [s0@group-EF46AB43B6D1-LeaderStateImpl] TRACE segmented.SegmentedRaftLogCache (AutoCloseableReadWriteLock.java:logLocking(65)) - s0@group-EF46AB43B6D1: readLock RELEASED 0 by SegmentedRaftLogCache.getStartIndex
2022-07-14 15:51:54,327 [s0@group-EF46AB43B6D1-LeaderStateImpl] TRACE segmented.SegmentedRaftLogCache (AutoCloseableReadWriteLock.java:logLocking(65)) - s0@group-EF46AB43B6D1: readLock ACQUIRED 1 by SegmentedRaftLogCache.getEndIndex
2022-07-14 15:51:54,327 [s0@group-EF46AB43B6D1-LeaderStateImpl] TRACE segmented.SegmentedRaftLogCache (AutoCloseableReadWriteLock.java:logLocking(65)) - s0@group-EF46AB43B6D1: readLock RELEASED 0 by SegmentedRaftLogCache.getEndIndex
2022-07-14 15:51:54,328 [s0@group-EF46AB43B6D1-LeaderStateImpl] TRACE segmented.SegmentedRaftLogCache (AutoCloseableReadWriteLock.java:logLocking(65)) - s0@group-EF46AB43B6D1: readLock ACQUIRED 1 by SegmentedRaftLogCache$LogSegmentList.getTermIndex
2022-07-14 15:51:54,328 [s0@group-EF46AB43B6D1-LeaderStateImpl] TRACE segmented.SegmentedRaftLogCache (AutoCloseableReadWriteLock.java:logLocking(65)) - s0@group-EF46AB43B6D1: readLock RELEASED 0 by SegmentedRaftLogCache$LogSegmentList.getTermIndex
2022-07-14 15:51:54,328 [s0@group-EF46AB43B6D1-StateMachineUpdater] INFO  statemachine.SimpleStateMachine4Testing (SimpleStateMachine4Testing.java:put(204)) - s0: put 39, m19 -> (t:1, i:39), STATEMACHINELOGENTRY, 190@client-64B90517F321
2022-07-14 15:51:54,329 [s0@group-EF46AB43B6D1-LeaderStateImpl] TRACE segmented.SegmentedRaftLogCache (AutoCloseableReadWriteLock.java:logLocking(65)) - s0@group-EF46AB43B6D1: readLock ACQUIRED 1 by SegmentedRaftLogCache.getLastTermIndex
2022-07-14 15:51:54,330 [s0@group-EF46AB43B6D1-LeaderStateImpl] TRACE segmented.SegmentedRaftLogCache (AutoCloseableReadWriteLock.java:logLocking(65)) - s0@group-EF46AB43B6D1: readLock RELEASED 0 by SegmentedRaftLogCache.getLastTermIndex
2022-07-14 15:51:54,330 [s0@group-EF46AB43B6D1-LeaderStateImpl] TRACE segmented.SegmentedRaftLogCache (AutoCloseableReadWriteLock.java:logLocking(65)) - s0@group-EF46AB43B6D1: readLock ACQUIRED 1 by SegmentedRaftLogCache$LogSegmentList.countCached
2022-07-14 15:51:54,330 [s0@group-EF46AB43B6D1-LeaderStateImpl] TRACE segmented.SegmentedRaftLogCache (AutoCloseableReadWriteLock.java:logLocking(65)) - s0@group-EF46AB43B6D1: readLock RELEASED 0 by SegmentedRaftLogCache$LogSegmentList.countCached
2022-07-14 15:51:54,330 [s0@group-EF46AB43B6D1-LeaderStateImpl] TRACE segmented.SegmentedRaftLogCache (AutoCloseableReadWriteLock.java:logLocking(65)) - s0@group-EF46AB43B6D1: readLock ACQUIRED 1 by SegmentedRaftLogCache$LogSegmentList.getTotalCacheSize
2022-07-14 15:51:54,330 [s0@group-EF46AB43B6D1-LeaderStateImpl] TRACE segmented.SegmentedRaftLogCache (AutoCloseableReadWriteLock.java:logLocking(65)) - s0@group-EF46AB43B6D1: readLock RELEASED 0 by SegmentedRaftLogCache$LogSegmentList.getTotalCacheSize
2022-07-14 15:51:54,330 [s0@group-EF46AB43B6D1-LeaderStateImpl] DEBUG segmented.SegmentedRaftLogWorker (SegmentedRaftLogWorker.java:addIOTask(270)) - s0@group-EF46AB43B6D1-SegmentedRaftLogWorker adds IO task WriteLog:40: (t:1, i:40), METADATAENTRY(c:39)
2022-07-14 15:51:54,330 [s0@group-EF46AB43B6D1-SegmentedRaftLogWorker] DEBUG segmented.SegmentedRaftLogWorker (SegmentedRaftLogWorker.java:flushIfNecessary(365)) - s0@group-EF46AB43B6D1-SegmentedRaftLogWorker: flush SegmentedRaftLogOutputStream(/home/runner/work/ratis/ratis/ratis-test/target/test/data/7931f2a6/MiniRaftClusterWithGrpc6c3cfa42/s0/d33854d5-690d-4a13-9a9e-ef46ab43b6d1/current/log_inprogress_0)
2022-07-14 15:51:54,330 [s0-client-thread1] TRACE segmented.SegmentedRaftLogCache (AutoCloseableReadWriteLock.java:logLocking(65)) - s0@group-EF46AB43B6D1: readLock ACQUIRED 1 by SegmentedRaftLogCache.getLastTermIndex
2022-07-14 15:51:54,330 [s0-client-thread1] TRACE segmented.SegmentedRaftLogCache (AutoCloseableReadWriteLock.java:logLocking(65)) - s0@group-EF46AB43B6D1: readLock RELEASED 0 by SegmentedRaftLogCache.getLastTermIndex
2022-07-14 15:51:54,330 [s0-client-thread1] TRACE segmented.SegmentedRaftLogCache (AutoCloseableReadWriteLock.java:logLocking(65)) - s0@group-EF46AB43B6D1: readLock ACQUIRED 1 by SegmentedRaftLogCache.getLastTermIndex
2022-07-14 15:51:54,330 [s0-client-thread1] TRACE segmented.SegmentedRaftLogCache (AutoCloseableReadWriteLock.java:logLocking(65)) - s0@group-EF46AB43B6D1: readLock RELEASED 0 by SegmentedRaftLogCache.getLastTermIndex
2022-07-14 15:51:54,330 [s0-client-thread1] TRACE segmented.SegmentedRaftLogCache (AutoCloseableReadWriteLock.java:logLocking(65)) - s0@group-EF46AB43B6D1: readLock ACQUIRED 1 by SegmentedRaftLogCache$LogSegmentList.countCached
2022-07-14 15:51:54,330 [s0-client-thread1] TRACE segmented.SegmentedRaftLogCache (AutoCloseableReadWriteLock.java:logLocking(65)) - s0@group-EF46AB43B6D1: readLock RELEASED 0 by SegmentedRaftLogCache$LogSegmentList.countCached
2022-07-14 15:51:54,330 [s0-client-thread1] TRACE segmented.SegmentedRaftLogCache (AutoCloseableReadWriteLock.java:logLocking(65)) - s0@group-EF46AB43B6D1: readLock ACQUIRED 1 by SegmentedRaftLogCache$LogSegmentList.getTotalCacheSize
2022-07-14 15:51:54,330 [s0-client-thread1] TRACE segmented.SegmentedRaftLogCache (AutoCloseableReadWriteLock.java:logLocking(65)) - s0@group-EF46AB43B6D1: readLock RELEASED 0 by SegmentedRaftLogCache$LogSegmentList.getTotalCacheSize
2022-07-14 15:51:54,331 [s0-client-thread1] DEBUG segmented.SegmentedRaftLogWorker (SegmentedRaftLogWorker.java:addIOTask(270)) - s0@group-EF46AB43B6D1-SegmentedRaftLogWorker adds IO task WriteLog:41: (t:1, i:41), STATEMACHINELOGENTRY, StateMachineLogEntryProto:191@client-64B90517F321
2022-07-14 15:51:54,331 [s0@group-EF46AB43B6D1-SegmentedRaftLogWorker] DEBUG segmented.SegmentedRaftLogWorker (SegmentedRaftLogWorker.java:flushIfNecessary(365)) - s0@group-EF46AB43B6D1-SegmentedRaftLogWorker: flush SegmentedRaftLogOutputStream(/home/runner/work/ratis/ratis/ratis-test/target/test/data/7931f2a6/MiniRaftClusterWithGrpc6c3cfa42/s0/d33854d5-690d-4a13-9a9e-ef46ab43b6d1/current/log_inprogress_0)
2022-07-14 15:51:54,331 [s0@group-EF46AB43B6D1-LeaderStateImpl] TRACE segmented.SegmentedRaftLogCache (AutoCloseableReadWriteLock.java:logLocking(65)) - s0@group-EF46AB43B6D1: readLock ACQUIRED 1 by SegmentedRaftLogCache.getStartIndex
2022-07-14 15:51:54,331 [s0@group-EF46AB43B6D1-LeaderStateImpl] TRACE segmented.SegmentedRaftLogCache (AutoCloseableReadWriteLock.java:logLocking(65)) -   s0@group-EF46AB43B6D1: readLock ACQUIRED 2 by SegmentedRaftLogCache$LogSegmentList.isEmpty
2022-07-14 15:51:54,331 [s0@group-EF46AB43B6D1-LeaderStateImpl] TRACE segmented.SegmentedRaftLogCache (AutoCloseableReadWriteLock.java:logLocking(65)) -   s0@group-EF46AB43B6D1: readLock RELEASED 1 by SegmentedRaftLogCache$LogSegmentList.isEmpty
2022-07-14 15:51:54,331 [s0@group-EF46AB43B6D1-LeaderStateImpl] TRACE segmented.SegmentedRaftLogCache (AutoCloseableReadWriteLock.java:logLocking(65)) - s0@group-EF46AB43B6D1: readLock RELEASED 0 by SegmentedRaftLogCache.getStartIndex
2022-07-14 15:51:54,331 [s0@group-EF46AB43B6D1-LeaderStateImpl] TRACE segmented.SegmentedRaftLogCache (AutoCloseableReadWriteLock.java:logLocking(65)) - s0@group-EF46AB43B6D1: readLock ACQUIRED 1 by SegmentedRaftLogCache.getEndIndex
2022-07-14 15:51:54,331 [s0@group-EF46AB43B6D1-LeaderStateImpl] TRACE segmented.SegmentedRaftLogCache (AutoCloseableReadWriteLock.java:logLocking(65)) - s0@group-EF46AB43B6D1: readLock RELEASED 0 by SegmentedRaftLogCache.getEndIndex
2022-07-14 15:51:54,331 [s0@group-EF46AB43B6D1-LeaderStateImpl] TRACE segmented.SegmentedRaftLogCache (AutoCloseableReadWriteLock.java:logLocking(65)) - s0@group-EF46AB43B6D1: readLock ACQUIRED 1 by SegmentedRaftLogCache$LogSegmentList.getTermIndex
2022-07-14 15:51:54,331 [s0@group-EF46AB43B6D1-LeaderStateImpl] TRACE segmented.SegmentedRaftLogCache (AutoCloseableReadWriteLock.java:logLocking(65)) - s0@group-EF46AB43B6D1: readLock RELEASED 0 by SegmentedRaftLogCache$LogSegmentList.getTermIndex
2022-07-14 15:51:54,331 [s0@group-EF46AB43B6D1-LeaderStateImpl] TRACE segmented.SegmentedRaftLogCache (AutoCloseableReadWriteLock.java:logLocking(65)) - s0@group-EF46AB43B6D1: readLock ACQUIRED 1 by SegmentedRaftLogCache.getStartIndex
2022-07-14 15:51:54,331 [s0@group-EF46AB43B6D1-LeaderStateImpl] TRACE segmented.SegmentedRaftLogCache (AutoCloseableReadWriteLock.java:logLocking(65)) -   s0@group-EF46AB43B6D1: readLock ACQUIRED 2 by SegmentedRaftLogCache$LogSegmentList.isEmpty
2022-07-14 15:51:54,331 [s0@group-EF46AB43B6D1-LeaderStateImpl] TRACE segmented.SegmentedRaftLogCache (AutoCloseableReadWriteLock.java:logLocking(65)) -   s0@group-EF46AB43B6D1: readLock RELEASED 1 by SegmentedRaftLogCache$LogSegmentList.isEmpty
2022-07-14 15:51:54,331 [s0@group-EF46AB43B6D1-LeaderStateImpl] TRACE segmented.SegmentedRaftLogCache (AutoCloseableReadWriteLock.java:logLocking(65)) - s0@group-EF46AB43B6D1: readLock RELEASED 0 by SegmentedRaftLogCache.getStartIndex
2022-07-14 15:51:54,332 [s0@group-EF46AB43B6D1-LeaderStateImpl] TRACE segmented.SegmentedRaftLogCache (AutoCloseableReadWriteLock.java:logLocking(65)) - s0@group-EF46AB43B6D1: readLock ACQUIRED 1 by SegmentedRaftLogCache.getEndIndex
2022-07-14 15:51:54,332 [s0@group-EF46AB43B6D1-LeaderStateImpl] TRACE segmented.SegmentedRaftLogCache (AutoCloseableReadWriteLock.java:logLocking(65)) - s0@group-EF46AB43B6D1: readLock RELEASED 0 by SegmentedRaftLogCache.getEndIndex
2022-07-14 15:51:54,332 [s0@group-EF46AB43B6D1-LeaderStateImpl] TRACE segmented.SegmentedRaftLogCache (AutoCloseableReadWriteLock.java:logLocking(65)) - s0@group-EF46AB43B6D1: readLock ACQUIRED 1 by SegmentedRaftLogCache$LogSegmentList.getTermIndex
2022-07-14 15:51:54,332 [s0@group-EF46AB43B6D1-LeaderStateImpl] TRACE segmented.SegmentedRaftLogCache (AutoCloseableReadWriteLock.java:logLocking(65)) - s0@group-EF46AB43B6D1: readLock RELEASED 0 by SegmentedRaftLogCache$LogSegmentList.getTermIndex
2022-07-14 15:51:54,332 [s0@group-EF46AB43B6D1-StateMachineUpdater] INFO  statemachine.SimpleStateMachine4Testing (SimpleStateMachine4Testing.java:put(204)) - s0: put 41, m20 -> (t:1, i:41), STATEMACHINELOGENTRY, 191@client-64B90517F321
2022-07-14 15:51:54,333 [s0@group-EF46AB43B6D1-LeaderStateImpl] TRACE segmented.SegmentedRaftLogCache (AutoCloseableReadWriteLock.java:logLocking(65)) - s0@group-EF46AB43B6D1: readLock ACQUIRED 1 by SegmentedRaftLogCache.getLastTermIndex
2022-07-14 15:51:54,334 [s0@group-EF46AB43B6D1-LeaderStateImpl] TRACE segmented.SegmentedRaftLogCache (AutoCloseableReadWriteLock.java:logLocking(65)) - s0@group-EF46AB43B6D1: readLock RELEASED 0 by SegmentedRaftLogCache.getLastTermIndex
2022-07-14 15:51:54,334 [s0@group-EF46AB43B6D1-LeaderStateImpl] TRACE segmented.SegmentedRaftLogCache (AutoCloseableReadWriteLock.java:logLocking(65)) - s0@group-EF46AB43B6D1: readLock ACQUIRED 1 by SegmentedRaftLogCache$LogSegmentList.countCached
2022-07-14 15:51:54,334 [s0@group-EF46AB43B6D1-LeaderStateImpl] TRACE segmented.SegmentedRaftLogCache (AutoCloseableReadWriteLock.java:logLocking(65)) - s0@group-EF46AB43B6D1: readLock RELEASED 0 by SegmentedRaftLogCache$LogSegmentList.countCached
2022-07-14 15:51:54,334 [s0@group-EF46AB43B6D1-LeaderStateImpl] TRACE segmented.SegmentedRaftLogCache (AutoCloseableReadWriteLock.java:logLocking(65)) - s0@group-EF46AB43B6D1: readLock ACQUIRED 1 by SegmentedRaftLogCache$LogSegmentList.getTotalCacheSize
2022-07-14 15:51:54,334 [s0@group-EF46AB43B6D1-LeaderStateImpl] TRACE segmented.SegmentedRaftLogCache (AutoCloseableReadWriteLock.java:logLocking(65)) - s0@group-EF46AB43B6D1: readLock RELEASED 0 by SegmentedRaftLogCache$LogSegmentList.getTotalCacheSize
2022-07-14 15:51:54,334 [s0@group-EF46AB43B6D1-LeaderStateImpl] DEBUG segmented.SegmentedRaftLogWorker (SegmentedRaftLogWorker.java:addIOTask(270)) - s0@group-EF46AB43B6D1-SegmentedRaftLogWorker adds IO task WriteLog:42: (t:1, i:42), METADATAENTRY(c:41)
2022-07-14 15:51:54,334 [s0@group-EF46AB43B6D1-SegmentedRaftLogWorker] DEBUG segmented.SegmentedRaftLogWorker (SegmentedRaftLogWorker.java:flushIfNecessary(365)) - s0@group-EF46AB43B6D1-SegmentedRaftLogWorker: flush SegmentedRaftLogOutputStream(/home/runner/work/ratis/ratis/ratis-test/target/test/data/7931f2a6/MiniRaftClusterWithGrpc6c3cfa42/s0/d33854d5-690d-4a13-9a9e-ef46ab43b6d1/current/log_inprogress_0)
2022-07-14 15:51:54,334 [s0-client-thread1] TRACE segmented.SegmentedRaftLogCache (AutoCloseableReadWriteLock.java:logLocking(65)) - s0@group-EF46AB43B6D1: readLock ACQUIRED 1 by SegmentedRaftLogCache.getLastTermIndex
2022-07-14 15:51:54,334 [s0-client-thread1] TRACE segmented.SegmentedRaftLogCache (AutoCloseableReadWriteLock.java:logLocking(65)) - s0@group-EF46AB43B6D1: readLock RELEASED 0 by SegmentedRaftLogCache.getLastTermIndex
2022-07-14 15:51:54,334 [s0-client-thread1] TRACE segmented.SegmentedRaftLogCache (AutoCloseableReadWriteLock.java:logLocking(65)) - s0@group-EF46AB43B6D1: readLock ACQUIRED 1 by SegmentedRaftLogCache.getLastTermIndex
2022-07-14 15:51:54,334 [s0-client-thread1] TRACE segmented.SegmentedRaftLogCache (AutoCloseableReadWriteLock.java:logLocking(65)) - s0@group-EF46AB43B6D1: readLock RELEASED 0 by SegmentedRaftLogCache.getLastTermIndex
2022-07-14 15:51:54,334 [s0-client-thread1] TRACE segmented.SegmentedRaftLogCache (AutoCloseableReadWriteLock.java:logLocking(65)) - s0@group-EF46AB43B6D1: readLock ACQUIRED 1 by SegmentedRaftLogCache$LogSegmentList.countCached
2022-07-14 15:51:54,334 [s0-client-thread1] TRACE segmented.SegmentedRaftLogCache (AutoCloseableReadWriteLock.java:logLocking(65)) - s0@group-EF46AB43B6D1: readLock RELEASED 0 by SegmentedRaftLogCache$LogSegmentList.countCached
2022-07-14 15:51:54,334 [s0-client-thread1] TRACE segmented.SegmentedRaftLogCache (AutoCloseableReadWriteLock.java:logLocking(65)) - s0@group-EF46AB43B6D1: readLock ACQUIRED 1 by SegmentedRaftLogCache$LogSegmentList.getTotalCacheSize
2022-07-14 15:51:54,334 [s0-client-thread1] TRACE segmented.SegmentedRaftLogCache (AutoCloseableReadWriteLock.java:logLocking(65)) - s0@group-EF46AB43B6D1: readLock RELEASED 0 by SegmentedRaftLogCache$LogSegmentList.getTotalCacheSize
2022-07-14 15:51:54,335 [s0-client-thread1] DEBUG segmented.SegmentedRaftLogWorker (SegmentedRaftLogWorker.java:addIOTask(270)) - s0@group-EF46AB43B6D1-SegmentedRaftLogWorker adds IO task WriteLog:43: (t:1, i:43), STATEMACHINELOGENTRY, StateMachineLogEntryProto:192@client-64B90517F321
2022-07-14 15:51:54,335 [s0@group-EF46AB43B6D1-SegmentedRaftLogWorker] DEBUG segmented.SegmentedRaftLogWorker (SegmentedRaftLogWorker.java:flushIfNecessary(365)) - s0@group-EF46AB43B6D1-SegmentedRaftLogWorker: flush SegmentedRaftLogOutputStream(/home/runner/work/ratis/ratis/ratis-test/target/test/data/7931f2a6/MiniRaftClusterWithGrpc6c3cfa42/s0/d33854d5-690d-4a13-9a9e-ef46ab43b6d1/current/log_inprogress_0)
2022-07-14 15:51:54,335 [s0@group-EF46AB43B6D1-LeaderStateImpl] TRACE segmented.SegmentedRaftLogCache (AutoCloseableReadWriteLock.java:logLocking(65)) - s0@group-EF46AB43B6D1: readLock ACQUIRED 1 by SegmentedRaftLogCache.getStartIndex
2022-07-14 15:51:54,335 [s0@group-EF46AB43B6D1-LeaderStateImpl] TRACE segmented.SegmentedRaftLogCache (AutoCloseableReadWriteLock.java:logLocking(65)) -   s0@group-EF46AB43B6D1: readLock ACQUIRED 2 by SegmentedRaftLogCache$LogSegmentList.isEmpty
2022-07-14 15:51:54,335 [s0@group-EF46AB43B6D1-LeaderStateImpl] TRACE segmented.SegmentedRaftLogCache (AutoCloseableReadWriteLock.java:logLocking(65)) -   s0@group-EF46AB43B6D1: readLock RELEASED 1 by SegmentedRaftLogCache$LogSegmentList.isEmpty
2022-07-14 15:51:54,335 [s0@group-EF46AB43B6D1-LeaderStateImpl] TRACE segmented.SegmentedRaftLogCache (AutoCloseableReadWriteLock.java:logLocking(65)) - s0@group-EF46AB43B6D1: readLock RELEASED 0 by SegmentedRaftLogCache.getStartIndex
2022-07-14 15:51:54,335 [s0@group-EF46AB43B6D1-LeaderStateImpl] TRACE segmented.SegmentedRaftLogCache (AutoCloseableReadWriteLock.java:logLocking(65)) - s0@group-EF46AB43B6D1: readLock ACQUIRED 1 by SegmentedRaftLogCache.getEndIndex
2022-07-14 15:51:54,335 [s0@group-EF46AB43B6D1-LeaderStateImpl] TRACE segmented.SegmentedRaftLogCache (AutoCloseableReadWriteLock.java:logLocking(65)) - s0@group-EF46AB43B6D1: readLock RELEASED 0 by SegmentedRaftLogCache.getEndIndex
2022-07-14 15:51:54,335 [s0@group-EF46AB43B6D1-LeaderStateImpl] TRACE segmented.SegmentedRaftLogCache (AutoCloseableReadWriteLock.java:logLocking(65)) - s0@group-EF46AB43B6D1: readLock ACQUIRED 1 by SegmentedRaftLogCache$LogSegmentList.getTermIndex
2022-07-14 15:51:54,335 [s0@group-EF46AB43B6D1-LeaderStateImpl] TRACE segmented.SegmentedRaftLogCache (AutoCloseableReadWriteLock.java:logLocking(65)) - s0@group-EF46AB43B6D1: readLock RELEASED 0 by SegmentedRaftLogCache$LogSegmentList.getTermIndex
2022-07-14 15:51:54,335 [s0@group-EF46AB43B6D1-StateMachineUpdater] INFO  statemachine.SimpleStateMachine4Testing (SimpleStateMachine4Testing.java:put(204)) - s0: put 43, m21 -> (t:1, i:43), STATEMACHINELOGENTRY, 192@client-64B90517F321
2022-07-14 15:51:54,337 [s0@group-EF46AB43B6D1-LeaderStateImpl] TRACE segmented.SegmentedRaftLogCache (AutoCloseableReadWriteLock.java:logLocking(65)) - s0@group-EF46AB43B6D1: readLock ACQUIRED 1 by SegmentedRaftLogCache.getLastTermIndex
2022-07-14 15:51:54,337 [s0@group-EF46AB43B6D1-LeaderStateImpl] TRACE segmented.SegmentedRaftLogCache (AutoCloseableReadWriteLock.java:logLocking(65)) - s0@group-EF46AB43B6D1: readLock RELEASED 0 by SegmentedRaftLogCache.getLastTermIndex
2022-07-14 15:51:54,337 [s0@group-EF46AB43B6D1-LeaderStateImpl] TRACE segmented.SegmentedRaftLogCache (AutoCloseableReadWriteLock.java:logLocking(65)) - s0@group-EF46AB43B6D1: readLock ACQUIRED 1 by SegmentedRaftLogCache$LogSegmentList.countCached
2022-07-14 15:51:54,337 [s0@group-EF46AB43B6D1-LeaderStateImpl] TRACE segmented.SegmentedRaftLogCache (AutoCloseableReadWriteLock.java:logLocking(65)) - s0@group-EF46AB43B6D1: readLock RELEASED 0 by SegmentedRaftLogCache$LogSegmentList.countCached
2022-07-14 15:51:54,337 [s0@group-EF46AB43B6D1-LeaderStateImpl] TRACE segmented.SegmentedRaftLogCache (AutoCloseableReadWriteLock.java:logLocking(65)) - s0@group-EF46AB43B6D1: readLock ACQUIRED 1 by SegmentedRaftLogCache$LogSegmentList.getTotalCacheSize
2022-07-14 15:51:54,337 [s0@group-EF46AB43B6D1-LeaderStateImpl] TRACE segmented.SegmentedRaftLogCache (AutoCloseableReadWriteLock.java:logLocking(65)) - s0@group-EF46AB43B6D1: readLock RELEASED 0 by SegmentedRaftLogCache$LogSegmentList.getTotalCacheSize
2022-07-14 15:51:54,337 [s0@group-EF46AB43B6D1-LeaderStateImpl] DEBUG segmented.SegmentedRaftLogWorker (SegmentedRaftLogWorker.java:addIOTask(270)) - s0@group-EF46AB43B6D1-SegmentedRaftLogWorker adds IO task WriteLog:44: (t:1, i:44), METADATAENTRY(c:43)
2022-07-14 15:51:54,337 [s0@group-EF46AB43B6D1-SegmentedRaftLogWorker] DEBUG segmented.SegmentedRaftLogWorker (SegmentedRaftLogWorker.java:flushIfNecessary(365)) - s0@group-EF46AB43B6D1-SegmentedRaftLogWorker: flush SegmentedRaftLogOutputStream(/home/runner/work/ratis/ratis/ratis-test/target/test/data/7931f2a6/MiniRaftClusterWithGrpc6c3cfa42/s0/d33854d5-690d-4a13-9a9e-ef46ab43b6d1/current/log_inprogress_0)
2022-07-14 15:51:54,338 [s0-client-thread1] TRACE segmented.SegmentedRaftLogCache (AutoCloseableReadWriteLock.java:logLocking(65)) - s0@group-EF46AB43B6D1: readLock ACQUIRED 1 by SegmentedRaftLogCache.getLastTermIndex
2022-07-14 15:51:54,338 [s0-client-thread1] TRACE segmented.SegmentedRaftLogCache (AutoCloseableReadWriteLock.java:logLocking(65)) - s0@group-EF46AB43B6D1: readLock RELEASED 0 by SegmentedRaftLogCache.getLastTermIndex
2022-07-14 15:51:54,338 [s0-client-thread1] TRACE segmented.SegmentedRaftLogCache (AutoCloseableReadWriteLock.java:logLocking(65)) - s0@group-EF46AB43B6D1: readLock ACQUIRED 1 by SegmentedRaftLogCache.getLastTermIndex
2022-07-14 15:51:54,338 [s0-client-thread1] TRACE segmented.SegmentedRaftLogCache (AutoCloseableReadWriteLock.java:logLocking(65)) - s0@group-EF46AB43B6D1: readLock RELEASED 0 by SegmentedRaftLogCache.getLastTermIndex
2022-07-14 15:51:54,338 [s0-client-thread1] TRACE segmented.SegmentedRaftLogCache (AutoCloseableReadWriteLock.java:logLocking(65)) - s0@group-EF46AB43B6D1: readLock ACQUIRED 1 by SegmentedRaftLogCache$LogSegmentList.countCached
2022-07-14 15:51:54,338 [s0-client-thread1] TRACE segmented.SegmentedRaftLogCache (AutoCloseableReadWriteLock.java:logLocking(65)) - s0@group-EF46AB43B6D1: readLock RELEASED 0 by SegmentedRaftLogCache$LogSegmentList.countCached
2022-07-14 15:51:54,338 [s0-client-thread1] TRACE segmented.SegmentedRaftLogCache (AutoCloseableReadWriteLock.java:logLocking(65)) - s0@group-EF46AB43B6D1: readLock ACQUIRED 1 by SegmentedRaftLogCache$LogSegmentList.getTotalCacheSize
2022-07-14 15:51:54,338 [s0-client-thread1] TRACE segmented.SegmentedRaftLogCache (AutoCloseableReadWriteLock.java:logLocking(65)) - s0@group-EF46AB43B6D1: readLock RELEASED 0 by SegmentedRaftLogCache$LogSegmentList.getTotalCacheSize
2022-07-14 15:51:54,338 [s0-client-thread1] DEBUG segmented.SegmentedRaftLogWorker (SegmentedRaftLogWorker.java:addIOTask(270)) - s0@group-EF46AB43B6D1-SegmentedRaftLogWorker adds IO task WriteLog:45: (t:1, i:45), STATEMACHINELOGENTRY, StateMachineLogEntryProto:193@client-64B90517F321
2022-07-14 15:51:54,338 [s0@group-EF46AB43B6D1-SegmentedRaftLogWorker] DEBUG segmented.SegmentedRaftLogWorker (SegmentedRaftLogWorker.java:flushIfNecessary(365)) - s0@group-EF46AB43B6D1-SegmentedRaftLogWorker: flush SegmentedRaftLogOutputStream(/home/runner/work/ratis/ratis/ratis-test/target/test/data/7931f2a6/MiniRaftClusterWithGrpc6c3cfa42/s0/d33854d5-690d-4a13-9a9e-ef46ab43b6d1/current/log_inprogress_0)
2022-07-14 15:51:54,338 [s0@group-EF46AB43B6D1-LeaderStateImpl] TRACE segmented.SegmentedRaftLogCache (AutoCloseableReadWriteLock.java:logLocking(65)) - s0@group-EF46AB43B6D1: readLock ACQUIRED 1 by SegmentedRaftLogCache.getStartIndex
2022-07-14 15:51:54,338 [s0@group-EF46AB43B6D1-LeaderStateImpl] TRACE segmented.SegmentedRaftLogCache (AutoCloseableReadWriteLock.java:logLocking(65)) -   s0@group-EF46AB43B6D1: readLock ACQUIRED 2 by SegmentedRaftLogCache$LogSegmentList.isEmpty
2022-07-14 15:51:54,338 [s0@group-EF46AB43B6D1-LeaderStateImpl] TRACE segmented.SegmentedRaftLogCache (AutoCloseableReadWriteLock.java:logLocking(65)) -   s0@group-EF46AB43B6D1: readLock RELEASED 1 by SegmentedRaftLogCache$LogSegmentList.isEmpty
2022-07-14 15:51:54,338 [s0@group-EF46AB43B6D1-LeaderStateImpl] TRACE segmented.SegmentedRaftLogCache (AutoCloseableReadWriteLock.java:logLocking(65)) - s0@group-EF46AB43B6D1: readLock RELEASED 0 by SegmentedRaftLogCache.getStartIndex
2022-07-14 15:51:54,338 [s0@group-EF46AB43B6D1-LeaderStateImpl] TRACE segmented.SegmentedRaftLogCache (AutoCloseableReadWriteLock.java:logLocking(65)) - s0@group-EF46AB43B6D1: readLock ACQUIRED 1 by SegmentedRaftLogCache.getEndIndex
2022-07-14 15:51:54,338 [s0@group-EF46AB43B6D1-LeaderStateImpl] TRACE segmented.SegmentedRaftLogCache (AutoCloseableReadWriteLock.java:logLocking(65)) - s0@group-EF46AB43B6D1: readLock RELEASED 0 by SegmentedRaftLogCache.getEndIndex
2022-07-14 15:51:54,338 [s0@group-EF46AB43B6D1-LeaderStateImpl] TRACE segmented.SegmentedRaftLogCache (AutoCloseableReadWriteLock.java:logLocking(65)) - s0@group-EF46AB43B6D1: readLock ACQUIRED 1 by SegmentedRaftLogCache$LogSegmentList.getTermIndex
2022-07-14 15:51:54,338 [s0@group-EF46AB43B6D1-LeaderStateImpl] TRACE segmented.SegmentedRaftLogCache (AutoCloseableReadWriteLock.java:logLocking(65)) - s0@group-EF46AB43B6D1: readLock RELEASED 0 by SegmentedRaftLogCache$LogSegmentList.getTermIndex
2022-07-14 15:51:54,339 [s0@group-EF46AB43B6D1-LeaderStateImpl] TRACE segmented.SegmentedRaftLogCache (AutoCloseableReadWriteLock.java:logLocking(65)) - s0@group-EF46AB43B6D1: readLock ACQUIRED 1 by SegmentedRaftLogCache.getStartIndex
2022-07-14 15:51:54,339 [s0@group-EF46AB43B6D1-LeaderStateImpl] TRACE segmented.SegmentedRaftLogCache (AutoCloseableReadWriteLock.java:logLocking(65)) -   s0@group-EF46AB43B6D1: readLock ACQUIRED 2 by SegmentedRaftLogCache$LogSegmentList.isEmpty
2022-07-14 15:51:54,339 [s0@group-EF46AB43B6D1-LeaderStateImpl] TRACE segmented.SegmentedRaftLogCache (AutoCloseableReadWriteLock.java:logLocking(65)) -   s0@group-EF46AB43B6D1: readLock RELEASED 1 by SegmentedRaftLogCache$LogSegmentList.isEmpty
2022-07-14 15:51:54,339 [s0@group-EF46AB43B6D1-LeaderStateImpl] TRACE segmented.SegmentedRaftLogCache (AutoCloseableReadWriteLock.java:logLocking(65)) - s0@group-EF46AB43B6D1: readLock RELEASED 0 by SegmentedRaftLogCache.getStartIndex
2022-07-14 15:51:54,339 [s0@group-EF46AB43B6D1-LeaderStateImpl] TRACE segmented.SegmentedRaftLogCache (AutoCloseableReadWriteLock.java:logLocking(65)) - s0@group-EF46AB43B6D1: readLock ACQUIRED 1 by SegmentedRaftLogCache.getEndIndex
2022-07-14 15:51:54,339 [s0@group-EF46AB43B6D1-LeaderStateImpl] TRACE segmented.SegmentedRaftLogCache (AutoCloseableReadWriteLock.java:logLocking(65)) - s0@group-EF46AB43B6D1: readLock RELEASED 0 by SegmentedRaftLogCache.getEndIndex
2022-07-14 15:51:54,339 [s0@group-EF46AB43B6D1-LeaderStateImpl] TRACE segmented.SegmentedRaftLogCache (AutoCloseableReadWriteLock.java:logLocking(65)) - s0@group-EF46AB43B6D1: readLock ACQUIRED 1 by SegmentedRaftLogCache$LogSegmentList.getTermIndex
2022-07-14 15:51:54,339 [s0@group-EF46AB43B6D1-LeaderStateImpl] TRACE segmented.SegmentedRaftLogCache (AutoCloseableReadWriteLock.java:logLocking(65)) - s0@group-EF46AB43B6D1: readLock RELEASED 0 by SegmentedRaftLogCache$LogSegmentList.getTermIndex
2022-07-14 15:51:54,339 [s0@group-EF46AB43B6D1-StateMachineUpdater] INFO  statemachine.SimpleStateMachine4Testing (SimpleStateMachine4Testing.java:put(204)) - s0: put 45, m22 -> (t:1, i:45), STATEMACHINELOGENTRY, 193@client-64B90517F321
2022-07-14 15:51:54,341 [s0@group-EF46AB43B6D1-LeaderStateImpl] TRACE segmented.SegmentedRaftLogCache (AutoCloseableReadWriteLock.java:logLocking(65)) - s0@group-EF46AB43B6D1: readLock ACQUIRED 1 by SegmentedRaftLogCache.getLastTermIndex
2022-07-14 15:51:54,341 [s0@group-EF46AB43B6D1-LeaderStateImpl] TRACE segmented.SegmentedRaftLogCache (AutoCloseableReadWriteLock.java:logLocking(65)) - s0@group-EF46AB43B6D1: readLock RELEASED 0 by SegmentedRaftLogCache.getLastTermIndex
2022-07-14 15:51:54,341 [s0@group-EF46AB43B6D1-LeaderStateImpl] TRACE segmented.SegmentedRaftLogCache (AutoCloseableReadWriteLock.java:logLocking(65)) - s0@group-EF46AB43B6D1: readLock ACQUIRED 1 by SegmentedRaftLogCache$LogSegmentList.countCached
2022-07-14 15:51:54,341 [s0@group-EF46AB43B6D1-LeaderStateImpl] TRACE segmented.SegmentedRaftLogCache (AutoCloseableReadWriteLock.java:logLocking(65)) - s0@group-EF46AB43B6D1: readLock RELEASED 0 by SegmentedRaftLogCache$LogSegmentList.countCached
2022-07-14 15:51:54,341 [s0@group-EF46AB43B6D1-LeaderStateImpl] TRACE segmented.SegmentedRaftLogCache (AutoCloseableReadWriteLock.java:logLocking(65)) - s0@group-EF46AB43B6D1: readLock ACQUIRED 1 by SegmentedRaftLogCache$LogSegmentList.getTotalCacheSize
2022-07-14 15:51:54,341 [s0@group-EF46AB43B6D1-LeaderStateImpl] TRACE segmented.SegmentedRaftLogCache (AutoCloseableReadWriteLock.java:logLocking(65)) - s0@group-EF46AB43B6D1: readLock RELEASED 0 by SegmentedRaftLogCache$LogSegmentList.getTotalCacheSize
2022-07-14 15:51:54,341 [s0@group-EF46AB43B6D1-LeaderStateImpl] DEBUG segmented.SegmentedRaftLogWorker (SegmentedRaftLogWorker.java:addIOTask(270)) - s0@group-EF46AB43B6D1-SegmentedRaftLogWorker adds IO task WriteLog:46: (t:1, i:46), METADATAENTRY(c:45)
2022-07-14 15:51:54,341 [s0@group-EF46AB43B6D1-SegmentedRaftLogWorker] DEBUG segmented.SegmentedRaftLogWorker (SegmentedRaftLogWorker.java:flushIfNecessary(365)) - s0@group-EF46AB43B6D1-SegmentedRaftLogWorker: flush SegmentedRaftLogOutputStream(/home/runner/work/ratis/ratis/ratis-test/target/test/data/7931f2a6/MiniRaftClusterWithGrpc6c3cfa42/s0/d33854d5-690d-4a13-9a9e-ef46ab43b6d1/current/log_inprogress_0)
2022-07-14 15:51:54,341 [s0-client-thread1] TRACE segmented.SegmentedRaftLogCache (AutoCloseableReadWriteLock.java:logLocking(65)) - s0@group-EF46AB43B6D1: readLock ACQUIRED 1 by SegmentedRaftLogCache.getLastTermIndex
2022-07-14 15:51:54,341 [s0-client-thread1] TRACE segmented.SegmentedRaftLogCache (AutoCloseableReadWriteLock.java:logLocking(65)) - s0@group-EF46AB43B6D1: readLock RELEASED 0 by SegmentedRaftLogCache.getLastTermIndex
2022-07-14 15:51:54,341 [s0-client-thread1] TRACE segmented.SegmentedRaftLogCache (AutoCloseableReadWriteLock.java:logLocking(65)) - s0@group-EF46AB43B6D1: readLock ACQUIRED 1 by SegmentedRaftLogCache.getLastTermIndex
2022-07-14 15:51:54,341 [s0-client-thread1] TRACE segmented.SegmentedRaftLogCache (AutoCloseableReadWriteLock.java:logLocking(65)) - s0@group-EF46AB43B6D1: readLock RELEASED 0 by SegmentedRaftLogCache.getLastTermIndex
2022-07-14 15:51:54,341 [s0-client-thread1] TRACE segmented.SegmentedRaftLogCache (AutoCloseableReadWriteLock.java:logLocking(65)) - s0@group-EF46AB43B6D1: readLock ACQUIRED 1 by SegmentedRaftLogCache$LogSegmentList.countCached
2022-07-14 15:51:54,342 [s0-client-thread1] TRACE segmented.SegmentedRaftLogCache (AutoCloseableReadWriteLock.java:logLocking(65)) - s0@group-EF46AB43B6D1: readLock RELEASED 0 by SegmentedRaftLogCache$LogSegmentList.countCached
2022-07-14 15:51:54,342 [s0-client-thread1] TRACE segmented.SegmentedRaftLogCache (AutoCloseableReadWriteLock.java:logLocking(65)) - s0@group-EF46AB43B6D1: readLock ACQUIRED 1 by SegmentedRaftLogCache$LogSegmentList.getTotalCacheSize
2022-07-14 15:51:54,342 [s0-client-thread1] TRACE segmented.SegmentedRaftLogCache (AutoCloseableReadWriteLock.java:logLocking(65)) - s0@group-EF46AB43B6D1: readLock RELEASED 0 by SegmentedRaftLogCache$LogSegmentList.getTotalCacheSize
2022-07-14 15:51:54,342 [s0-client-thread1] DEBUG segmented.SegmentedRaftLogWorker (SegmentedRaftLogWorker.java:addIOTask(270)) - s0@group-EF46AB43B6D1-SegmentedRaftLogWorker adds IO task WriteLog:47: (t:1, i:47), STATEMACHINELOGENTRY, StateMachineLogEntryProto:194@client-64B90517F321
2022-07-14 15:51:54,342 [s0@group-EF46AB43B6D1-SegmentedRaftLogWorker] DEBUG segmented.SegmentedRaftLogWorker (SegmentedRaftLogWorker.java:flushIfNecessary(365)) - s0@group-EF46AB43B6D1-SegmentedRaftLogWorker: flush SegmentedRaftLogOutputStream(/home/runner/work/ratis/ratis/ratis-test/target/test/data/7931f2a6/MiniRaftClusterWithGrpc6c3cfa42/s0/d33854d5-690d-4a13-9a9e-ef46ab43b6d1/current/log_inprogress_0)
2022-07-14 15:51:54,342 [s0@group-EF46AB43B6D1-LeaderStateImpl] TRACE segmented.SegmentedRaftLogCache (AutoCloseableReadWriteLock.java:logLocking(65)) - s0@group-EF46AB43B6D1: readLock ACQUIRED 1 by SegmentedRaftLogCache.getStartIndex
2022-07-14 15:51:54,342 [s0@group-EF46AB43B6D1-LeaderStateImpl] TRACE segmented.SegmentedRaftLogCache (AutoCloseableReadWriteLock.java:logLocking(65)) -   s0@group-EF46AB43B6D1: readLock ACQUIRED 2 by SegmentedRaftLogCache$LogSegmentList.isEmpty
2022-07-14 15:51:54,342 [s0@group-EF46AB43B6D1-LeaderStateImpl] TRACE segmented.SegmentedRaftLogCache (AutoCloseableReadWriteLock.java:logLocking(65)) -   s0@group-EF46AB43B6D1: readLock RELEASED 1 by SegmentedRaftLogCache$LogSegmentList.isEmpty
2022-07-14 15:51:54,342 [s0@group-EF46AB43B6D1-LeaderStateImpl] TRACE segmented.SegmentedRaftLogCache (AutoCloseableReadWriteLock.java:logLocking(65)) - s0@group-EF46AB43B6D1: readLock RELEASED 0 by SegmentedRaftLogCache.getStartIndex
2022-07-14 15:51:54,342 [s0@group-EF46AB43B6D1-LeaderStateImpl] TRACE segmented.SegmentedRaftLogCache (AutoCloseableReadWriteLock.java:logLocking(65)) - s0@group-EF46AB43B6D1: readLock ACQUIRED 1 by SegmentedRaftLogCache.getEndIndex
2022-07-14 15:51:54,342 [s0@group-EF46AB43B6D1-LeaderStateImpl] TRACE segmented.SegmentedRaftLogCache (AutoCloseableReadWriteLock.java:logLocking(65)) - s0@group-EF46AB43B6D1: readLock RELEASED 0 by SegmentedRaftLogCache.getEndIndex
2022-07-14 15:51:54,342 [s0@group-EF46AB43B6D1-LeaderStateImpl] TRACE segmented.SegmentedRaftLogCache (AutoCloseableReadWriteLock.java:logLocking(65)) - s0@group-EF46AB43B6D1: readLock ACQUIRED 1 by SegmentedRaftLogCache$LogSegmentList.getTermIndex
2022-07-14 15:51:54,342 [s0@group-EF46AB43B6D1-LeaderStateImpl] TRACE segmented.SegmentedRaftLogCache (AutoCloseableReadWriteLock.java:logLocking(65)) - s0@group-EF46AB43B6D1: readLock RELEASED 0 by SegmentedRaftLogCache$LogSegmentList.getTermIndex
2022-07-14 15:51:54,342 [s0@group-EF46AB43B6D1-StateMachineUpdater] INFO  statemachine.SimpleStateMachine4Testing (SimpleStateMachine4Testing.java:put(204)) - s0: put 47, m23 -> (t:1, i:47), STATEMACHINELOGENTRY, 194@client-64B90517F321
2022-07-14 15:51:54,344 [s0@group-EF46AB43B6D1-LeaderStateImpl] TRACE segmented.SegmentedRaftLogCache (AutoCloseableReadWriteLock.java:logLocking(65)) - s0@group-EF46AB43B6D1: readLock ACQUIRED 1 by SegmentedRaftLogCache.getLastTermIndex
2022-07-14 15:51:54,344 [s0@group-EF46AB43B6D1-LeaderStateImpl] TRACE segmented.SegmentedRaftLogCache (AutoCloseableReadWriteLock.java:logLocking(65)) - s0@group-EF46AB43B6D1: readLock RELEASED 0 by SegmentedRaftLogCache.getLastTermIndex
2022-07-14 15:51:54,344 [s0@group-EF46AB43B6D1-LeaderStateImpl] TRACE segmented.SegmentedRaftLogCache (AutoCloseableReadWriteLock.java:logLocking(65)) - s0@group-EF46AB43B6D1: readLock ACQUIRED 1 by SegmentedRaftLogCache$LogSegmentList.countCached
2022-07-14 15:51:54,344 [s0@group-EF46AB43B6D1-LeaderStateImpl] TRACE segmented.SegmentedRaftLogCache (AutoCloseableReadWriteLock.java:logLocking(65)) - s0@group-EF46AB43B6D1: readLock RELEASED 0 by SegmentedRaftLogCache$LogSegmentList.countCached
2022-07-14 15:51:54,344 [s0@group-EF46AB43B6D1-LeaderStateImpl] TRACE segmented.SegmentedRaftLogCache (AutoCloseableReadWriteLock.java:logLocking(65)) - s0@group-EF46AB43B6D1: readLock ACQUIRED 1 by SegmentedRaftLogCache$LogSegmentList.getTotalCacheSize
2022-07-14 15:51:54,344 [s0@group-EF46AB43B6D1-LeaderStateImpl] TRACE segmented.SegmentedRaftLogCache (AutoCloseableReadWriteLock.java:logLocking(65)) - s0@group-EF46AB43B6D1: readLock RELEASED 0 by SegmentedRaftLogCache$LogSegmentList.getTotalCacheSize
2022-07-14 15:51:54,344 [s0@group-EF46AB43B6D1-LeaderStateImpl] DEBUG segmented.SegmentedRaftLogWorker (SegmentedRaftLogWorker.java:addIOTask(270)) - s0@group-EF46AB43B6D1-SegmentedRaftLogWorker adds IO task WriteLog:48: (t:1, i:48), METADATAENTRY(c:47)
2022-07-14 15:51:54,345 [s0@group-EF46AB43B6D1-SegmentedRaftLogWorker] DEBUG segmented.SegmentedRaftLogWorker (SegmentedRaftLogWorker.java:flushIfNecessary(365)) - s0@group-EF46AB43B6D1-SegmentedRaftLogWorker: flush SegmentedRaftLogOutputStream(/home/runner/work/ratis/ratis/ratis-test/target/test/data/7931f2a6/MiniRaftClusterWithGrpc6c3cfa42/s0/d33854d5-690d-4a13-9a9e-ef46ab43b6d1/current/log_inprogress_0)
2022-07-14 15:51:54,345 [s0-client-thread1] TRACE segmented.SegmentedRaftLogCache (AutoCloseableReadWriteLock.java:logLocking(65)) - s0@group-EF46AB43B6D1: readLock ACQUIRED 1 by SegmentedRaftLogCache.getLastTermIndex
2022-07-14 15:51:54,345 [s0-client-thread1] TRACE segmented.SegmentedRaftLogCache (AutoCloseableReadWriteLock.java:logLocking(65)) - s0@group-EF46AB43B6D1: readLock RELEASED 0 by SegmentedRaftLogCache.getLastTermIndex
2022-07-14 15:51:54,345 [s0-client-thread1] TRACE segmented.SegmentedRaftLogCache (AutoCloseableReadWriteLock.java:logLocking(65)) - s0@group-EF46AB43B6D1: readLock ACQUIRED 1 by SegmentedRaftLogCache.getLastTermIndex
2022-07-14 15:51:54,345 [s0-client-thread1] TRACE segmented.SegmentedRaftLogCache (AutoCloseableReadWriteLock.java:logLocking(65)) - s0@group-EF46AB43B6D1: readLock RELEASED 0 by SegmentedRaftLogCache.getLastTermIndex
2022-07-14 15:51:54,345 [s0-client-thread1] TRACE segmented.SegmentedRaftLogCache (AutoCloseableReadWriteLock.java:logLocking(65)) - s0@group-EF46AB43B6D1: readLock ACQUIRED 1 by SegmentedRaftLogCache$LogSegmentList.countCached
2022-07-14 15:51:54,345 [s0-client-thread1] TRACE segmented.SegmentedRaftLogCache (AutoCloseableReadWriteLock.java:logLocking(65)) - s0@group-EF46AB43B6D1: readLock RELEASED 0 by SegmentedRaftLogCache$LogSegmentList.countCached
2022-07-14 15:51:54,345 [s0-client-thread1] TRACE segmented.SegmentedRaftLogCache (AutoCloseableReadWriteLock.java:logLocking(65)) - s0@group-EF46AB43B6D1: readLock ACQUIRED 1 by SegmentedRaftLogCache$LogSegmentList.getTotalCacheSize
2022-07-14 15:51:54,345 [s0-client-thread1] TRACE segmented.SegmentedRaftLogCache (AutoCloseableReadWriteLock.java:logLocking(65)) - s0@group-EF46AB43B6D1: readLock RELEASED 0 by SegmentedRaftLogCache$LogSegmentList.getTotalCacheSize
2022-07-14 15:51:54,345 [s0-client-thread1] DEBUG segmented.SegmentedRaftLogWorker (SegmentedRaftLogWorker.java:addIOTask(270)) - s0@group-EF46AB43B6D1-SegmentedRaftLogWorker adds IO task WriteLog:49: (t:1, i:49), STATEMACHINELOGENTRY, StateMachineLogEntryProto:195@client-64B90517F321
2022-07-14 15:51:54,345 [s0@group-EF46AB43B6D1-LeaderStateImpl] TRACE segmented.SegmentedRaftLogCache (AutoCloseableReadWriteLock.java:logLocking(65)) - s0@group-EF46AB43B6D1: readLock ACQUIRED 1 by SegmentedRaftLogCache.getStartIndex
2022-07-14 15:51:54,345 [s0@group-EF46AB43B6D1-SegmentedRaftLogWorker] DEBUG segmented.SegmentedRaftLogWorker (SegmentedRaftLogWorker.java:flushIfNecessary(365)) - s0@group-EF46AB43B6D1-SegmentedRaftLogWorker: flush SegmentedRaftLogOutputStream(/home/runner/work/ratis/ratis/ratis-test/target/test/data/7931f2a6/MiniRaftClusterWithGrpc6c3cfa42/s0/d33854d5-690d-4a13-9a9e-ef46ab43b6d1/current/log_inprogress_0)
2022-07-14 15:51:54,345 [s0@group-EF46AB43B6D1-LeaderStateImpl] TRACE segmented.SegmentedRaftLogCache (AutoCloseableReadWriteLock.java:logLocking(65)) -   s0@group-EF46AB43B6D1: readLock ACQUIRED 2 by SegmentedRaftLogCache$LogSegmentList.isEmpty
2022-07-14 15:51:54,345 [s0@group-EF46AB43B6D1-LeaderStateImpl] TRACE segmented.SegmentedRaftLogCache (AutoCloseableReadWriteLock.java:logLocking(65)) -   s0@group-EF46AB43B6D1: readLock RELEASED 1 by SegmentedRaftLogCache$LogSegmentList.isEmpty
2022-07-14 15:51:54,346 [s0@group-EF46AB43B6D1-LeaderStateImpl] TRACE segmented.SegmentedRaftLogCache (AutoCloseableReadWriteLock.java:logLocking(65)) - s0@group-EF46AB43B6D1: readLock RELEASED 0 by SegmentedRaftLogCache.getStartIndex
2022-07-14 15:51:54,346 [s0@group-EF46AB43B6D1-LeaderStateImpl] TRACE segmented.SegmentedRaftLogCache (AutoCloseableReadWriteLock.java:logLocking(65)) - s0@group-EF46AB43B6D1: readLock ACQUIRED 1 by SegmentedRaftLogCache.getEndIndex
2022-07-14 15:51:54,346 [s0@group-EF46AB43B6D1-LeaderStateImpl] TRACE segmented.SegmentedRaftLogCache (AutoCloseableReadWriteLock.java:logLocking(65)) - s0@group-EF46AB43B6D1: readLock RELEASED 0 by SegmentedRaftLogCache.getEndIndex
2022-07-14 15:51:54,346 [s0@group-EF46AB43B6D1-LeaderStateImpl] TRACE segmented.SegmentedRaftLogCache (AutoCloseableReadWriteLock.java:logLocking(65)) - s0@group-EF46AB43B6D1: readLock ACQUIRED 1 by SegmentedRaftLogCache$LogSegmentList.getTermIndex
2022-07-14 15:51:54,346 [s0@group-EF46AB43B6D1-LeaderStateImpl] TRACE segmented.SegmentedRaftLogCache (AutoCloseableReadWriteLock.java:logLocking(65)) - s0@group-EF46AB43B6D1: readLock RELEASED 0 by SegmentedRaftLogCache$LogSegmentList.getTermIndex
2022-07-14 15:51:54,346 [s0@group-EF46AB43B6D1-LeaderStateImpl] TRACE segmented.SegmentedRaftLogCache (AutoCloseableReadWriteLock.java:logLocking(65)) - s0@group-EF46AB43B6D1: readLock ACQUIRED 1 by SegmentedRaftLogCache.getStartIndex
2022-07-14 15:51:54,346 [s0@group-EF46AB43B6D1-LeaderStateImpl] TRACE segmented.SegmentedRaftLogCache (AutoCloseableReadWriteLock.java:logLocking(65)) -   s0@group-EF46AB43B6D1: readLock ACQUIRED 2 by SegmentedRaftLogCache$LogSegmentList.isEmpty
2022-07-14 15:51:54,346 [s0@group-EF46AB43B6D1-LeaderStateImpl] TRACE segmented.SegmentedRaftLogCache (AutoCloseableReadWriteLock.java:logLocking(65)) -   s0@group-EF46AB43B6D1: readLock RELEASED 1 by SegmentedRaftLogCache$LogSegmentList.isEmpty
2022-07-14 15:51:54,346 [s0@group-EF46AB43B6D1-LeaderStateImpl] TRACE segmented.SegmentedRaftLogCache (AutoCloseableReadWriteLock.java:logLocking(65)) - s0@group-EF46AB43B6D1: readLock RELEASED 0 by SegmentedRaftLogCache.getStartIndex
2022-07-14 15:51:54,346 [s0@group-EF46AB43B6D1-LeaderStateImpl] TRACE segmented.SegmentedRaftLogCache (AutoCloseableReadWriteLock.java:logLocking(65)) - s0@group-EF46AB43B6D1: readLock ACQUIRED 1 by SegmentedRaftLogCache.getEndIndex
2022-07-14 15:51:54,346 [s0@group-EF46AB43B6D1-LeaderStateImpl] TRACE segmented.SegmentedRaftLogCache (AutoCloseableReadWriteLock.java:logLocking(65)) - s0@group-EF46AB43B6D1: readLock RELEASED 0 by SegmentedRaftLogCache.getEndIndex
2022-07-14 15:51:54,346 [s0@group-EF46AB43B6D1-LeaderStateImpl] TRACE segmented.SegmentedRaftLogCache (AutoCloseableReadWriteLock.java:logLocking(65)) - s0@group-EF46AB43B6D1: readLock ACQUIRED 1 by SegmentedRaftLogCache$LogSegmentList.getTermIndex
2022-07-14 15:51:54,346 [s0@group-EF46AB43B6D1-LeaderStateImpl] TRACE segmented.SegmentedRaftLogCache (AutoCloseableReadWriteLock.java:logLocking(65)) - s0@group-EF46AB43B6D1: readLock RELEASED 0 by SegmentedRaftLogCache$LogSegmentList.getTermIndex
2022-07-14 15:51:54,346 [s0@group-EF46AB43B6D1-StateMachineUpdater] INFO  statemachine.SimpleStateMachine4Testing (SimpleStateMachine4Testing.java:put(204)) - s0: put 49, m24 -> (t:1, i:49), STATEMACHINELOGENTRY, 195@client-64B90517F321
2022-07-14 15:51:54,348 [s0@group-EF46AB43B6D1-LeaderStateImpl] TRACE segmented.SegmentedRaftLogCache (AutoCloseableReadWriteLock.java:logLocking(65)) - s0@group-EF46AB43B6D1: readLock ACQUIRED 1 by SegmentedRaftLogCache.getLastTermIndex
2022-07-14 15:51:54,348 [s0@group-EF46AB43B6D1-LeaderStateImpl] TRACE segmented.SegmentedRaftLogCache (AutoCloseableReadWriteLock.java:logLocking(65)) - s0@group-EF46AB43B6D1: readLock RELEASED 0 by SegmentedRaftLogCache.getLastTermIndex
2022-07-14 15:51:54,348 [s0@group-EF46AB43B6D1-LeaderStateImpl] TRACE segmented.SegmentedRaftLogCache (AutoCloseableReadWriteLock.java:logLocking(65)) - s0@group-EF46AB43B6D1: readLock ACQUIRED 1 by SegmentedRaftLogCache$LogSegmentList.countCached
2022-07-14 15:51:54,348 [s0@group-EF46AB43B6D1-LeaderStateImpl] TRACE segmented.SegmentedRaftLogCache (AutoCloseableReadWriteLock.java:logLocking(65)) - s0@group-EF46AB43B6D1: readLock RELEASED 0 by SegmentedRaftLogCache$LogSegmentList.countCached
2022-07-14 15:51:54,348 [s0@group-EF46AB43B6D1-LeaderStateImpl] TRACE segmented.SegmentedRaftLogCache (AutoCloseableReadWriteLock.java:logLocking(65)) - s0@group-EF46AB43B6D1: readLock ACQUIRED 1 by SegmentedRaftLogCache$LogSegmentList.getTotalCacheSize
2022-07-14 15:51:54,348 [s0@group-EF46AB43B6D1-LeaderStateImpl] TRACE segmented.SegmentedRaftLogCache (AutoCloseableReadWriteLock.java:logLocking(65)) - s0@group-EF46AB43B6D1: readLock RELEASED 0 by SegmentedRaftLogCache$LogSegmentList.getTotalCacheSize
2022-07-14 15:51:54,348 [s0@group-EF46AB43B6D1-LeaderStateImpl] DEBUG segmented.SegmentedRaftLogWorker (SegmentedRaftLogWorker.java:addIOTask(270)) - s0@group-EF46AB43B6D1-SegmentedRaftLogWorker adds IO task WriteLog:50: (t:1, i:50), METADATAENTRY(c:49)
2022-07-14 15:51:54,348 [s0@group-EF46AB43B6D1-SegmentedRaftLogWorker] DEBUG segmented.SegmentedRaftLogWorker (SegmentedRaftLogWorker.java:flushIfNecessary(365)) - s0@group-EF46AB43B6D1-SegmentedRaftLogWorker: flush SegmentedRaftLogOutputStream(/home/runner/work/ratis/ratis/ratis-test/target/test/data/7931f2a6/MiniRaftClusterWithGrpc6c3cfa42/s0/d33854d5-690d-4a13-9a9e-ef46ab43b6d1/current/log_inprogress_0)
2022-07-14 15:51:54,348 [s0-client-thread1] TRACE segmented.SegmentedRaftLogCache (AutoCloseableReadWriteLock.java:logLocking(65)) - s0@group-EF46AB43B6D1: readLock ACQUIRED 1 by SegmentedRaftLogCache.getLastTermIndex
2022-07-14 15:51:54,348 [s0-client-thread1] TRACE segmented.SegmentedRaftLogCache (AutoCloseableReadWriteLock.java:logLocking(65)) - s0@group-EF46AB43B6D1: readLock RELEASED 0 by SegmentedRaftLogCache.getLastTermIndex
2022-07-14 15:51:54,349 [s0-client-thread1] TRACE segmented.SegmentedRaftLogCache (AutoCloseableReadWriteLock.java:logLocking(65)) - s0@group-EF46AB43B6D1: readLock ACQUIRED 1 by SegmentedRaftLogCache.getLastTermIndex
2022-07-14 15:51:54,349 [s0-client-thread1] TRACE segmented.SegmentedRaftLogCache (AutoCloseableReadWriteLock.java:logLocking(65)) - s0@group-EF46AB43B6D1: readLock RELEASED 0 by SegmentedRaftLogCache.getLastTermIndex
2022-07-14 15:51:54,349 [s0-client-thread1] TRACE segmented.SegmentedRaftLogCache (AutoCloseableReadWriteLock.java:logLocking(65)) - s0@group-EF46AB43B6D1: readLock ACQUIRED 1 by SegmentedRaftLogCache$LogSegmentList.countCached
2022-07-14 15:51:54,349 [s0-client-thread1] TRACE segmented.SegmentedRaftLogCache (AutoCloseableReadWriteLock.java:logLocking(65)) - s0@group-EF46AB43B6D1: readLock RELEASED 0 by SegmentedRaftLogCache$LogSegmentList.countCached
2022-07-14 15:51:54,349 [s0-client-thread1] TRACE segmented.SegmentedRaftLogCache (AutoCloseableReadWriteLock.java:logLocking(65)) - s0@group-EF46AB43B6D1: readLock ACQUIRED 1 by SegmentedRaftLogCache$LogSegmentList.getTotalCacheSize
2022-07-14 15:51:54,349 [s0-client-thread1] TRACE segmented.SegmentedRaftLogCache (AutoCloseableReadWriteLock.java:logLocking(65)) - s0@group-EF46AB43B6D1: readLock RELEASED 0 by SegmentedRaftLogCache$LogSegmentList.getTotalCacheSize
2022-07-14 15:51:54,349 [s0-client-thread1] DEBUG segmented.SegmentedRaftLogWorker (SegmentedRaftLogWorker.java:addIOTask(270)) - s0@group-EF46AB43B6D1-SegmentedRaftLogWorker adds IO task WriteLog:51: (t:1, i:51), STATEMACHINELOGENTRY, StateMachineLogEntryProto:196@client-64B90517F321
2022-07-14 15:51:54,349 [s0@group-EF46AB43B6D1-SegmentedRaftLogWorker] DEBUG segmented.SegmentedRaftLogWorker (SegmentedRaftLogWorker.java:flushIfNecessary(365)) - s0@group-EF46AB43B6D1-SegmentedRaftLogWorker: flush SegmentedRaftLogOutputStream(/home/runner/work/ratis/ratis/ratis-test/target/test/data/7931f2a6/MiniRaftClusterWithGrpc6c3cfa42/s0/d33854d5-690d-4a13-9a9e-ef46ab43b6d1/current/log_inprogress_0)
2022-07-14 15:51:54,349 [s0@group-EF46AB43B6D1-LeaderStateImpl] TRACE segmented.SegmentedRaftLogCache (AutoCloseableReadWriteLock.java:logLocking(65)) - s0@group-EF46AB43B6D1: readLock ACQUIRED 1 by SegmentedRaftLogCache.getStartIndex
2022-07-14 15:51:54,349 [s0@group-EF46AB43B6D1-LeaderStateImpl] TRACE segmented.SegmentedRaftLogCache (AutoCloseableReadWriteLock.java:logLocking(65)) -   s0@group-EF46AB43B6D1: readLock ACQUIRED 2 by SegmentedRaftLogCache$LogSegmentList.isEmpty
2022-07-14 15:51:54,349 [s0@group-EF46AB43B6D1-LeaderStateImpl] TRACE segmented.SegmentedRaftLogCache (AutoCloseableReadWriteLock.java:logLocking(65)) -   s0@group-EF46AB43B6D1: readLock RELEASED 1 by SegmentedRaftLogCache$LogSegmentList.isEmpty
2022-07-14 15:51:54,349 [s0@group-EF46AB43B6D1-LeaderStateImpl] TRACE segmented.SegmentedRaftLogCache (AutoCloseableReadWriteLock.java:logLocking(65)) - s0@group-EF46AB43B6D1: readLock RELEASED 0 by SegmentedRaftLogCache.getStartIndex
2022-07-14 15:51:54,349 [s0@group-EF46AB43B6D1-LeaderStateImpl] TRACE segmented.SegmentedRaftLogCache (AutoCloseableReadWriteLock.java:logLocking(65)) - s0@group-EF46AB43B6D1: readLock ACQUIRED 1 by SegmentedRaftLogCache.getEndIndex
2022-07-14 15:51:54,349 [s0@group-EF46AB43B6D1-LeaderStateImpl] TRACE segmented.SegmentedRaftLogCache (AutoCloseableReadWriteLock.java:logLocking(65)) - s0@group-EF46AB43B6D1: readLock RELEASED 0 by SegmentedRaftLogCache.getEndIndex
2022-07-14 15:51:54,349 [s0@group-EF46AB43B6D1-LeaderStateImpl] TRACE segmented.SegmentedRaftLogCache (AutoCloseableReadWriteLock.java:logLocking(65)) - s0@group-EF46AB43B6D1: readLock ACQUIRED 1 by SegmentedRaftLogCache$LogSegmentList.getTermIndex
2022-07-14 15:51:54,349 [s0@group-EF46AB43B6D1-LeaderStateImpl] TRACE segmented.SegmentedRaftLogCache (AutoCloseableReadWriteLock.java:logLocking(65)) - s0@group-EF46AB43B6D1: readLock RELEASED 0 by SegmentedRaftLogCache$LogSegmentList.getTermIndex
2022-07-14 15:51:54,350 [s0@group-EF46AB43B6D1-LeaderStateImpl] TRACE segmented.SegmentedRaftLogCache (AutoCloseableReadWriteLock.java:logLocking(65)) - s0@group-EF46AB43B6D1: readLock ACQUIRED 1 by SegmentedRaftLogCache.getStartIndex
2022-07-14 15:51:54,350 [s0@group-EF46AB43B6D1-LeaderStateImpl] TRACE segmented.SegmentedRaftLogCache (AutoCloseableReadWriteLock.java:logLocking(65)) -   s0@group-EF46AB43B6D1: readLock ACQUIRED 2 by SegmentedRaftLogCache$LogSegmentList.isEmpty
2022-07-14 15:51:54,350 [s0@group-EF46AB43B6D1-LeaderStateImpl] TRACE segmented.SegmentedRaftLogCache (AutoCloseableReadWriteLock.java:logLocking(65)) -   s0@group-EF46AB43B6D1: readLock RELEASED 1 by SegmentedRaftLogCache$LogSegmentList.isEmpty
2022-07-14 15:51:54,350 [s0@group-EF46AB43B6D1-LeaderStateImpl] TRACE segmented.SegmentedRaftLogCache (AutoCloseableReadWriteLock.java:logLocking(65)) - s0@group-EF46AB43B6D1: readLock RELEASED 0 by SegmentedRaftLogCache.getStartIndex
2022-07-14 15:51:54,350 [s0@group-EF46AB43B6D1-LeaderStateImpl] TRACE segmented.SegmentedRaftLogCache (AutoCloseableReadWriteLock.java:logLocking(65)) - s0@group-EF46AB43B6D1: readLock ACQUIRED 1 by SegmentedRaftLogCache.getEndIndex
2022-07-14 15:51:54,350 [s0@group-EF46AB43B6D1-LeaderStateImpl] TRACE segmented.SegmentedRaftLogCache (AutoCloseableReadWriteLock.java:logLocking(65)) - s0@group-EF46AB43B6D1: readLock RELEASED 0 by SegmentedRaftLogCache.getEndIndex
2022-07-14 15:51:54,350 [s0@group-EF46AB43B6D1-LeaderStateImpl] TRACE segmented.SegmentedRaftLogCache (AutoCloseableReadWriteLock.java:logLocking(65)) - s0@group-EF46AB43B6D1: readLock ACQUIRED 1 by SegmentedRaftLogCache$LogSegmentList.getTermIndex
2022-07-14 15:51:54,350 [s0@group-EF46AB43B6D1-LeaderStateImpl] TRACE segmented.SegmentedRaftLogCache (AutoCloseableReadWriteLock.java:logLocking(65)) - s0@group-EF46AB43B6D1: readLock RELEASED 0 by SegmentedRaftLogCache$LogSegmentList.getTermIndex
2022-07-14 15:51:54,350 [s0@group-EF46AB43B6D1-StateMachineUpdater] INFO  statemachine.SimpleStateMachine4Testing (SimpleStateMachine4Testing.java:put(204)) - s0: put 51, m25 -> (t:1, i:51), STATEMACHINELOGENTRY, 196@client-64B90517F321
2022-07-14 15:51:54,352 [s0@group-EF46AB43B6D1-LeaderStateImpl] TRACE segmented.SegmentedRaftLogCache (AutoCloseableReadWriteLock.java:logLocking(65)) - s0@group-EF46AB43B6D1: readLock ACQUIRED 1 by SegmentedRaftLogCache.getLastTermIndex
2022-07-14 15:51:54,352 [s0@group-EF46AB43B6D1-LeaderStateImpl] TRACE segmented.SegmentedRaftLogCache (AutoCloseableReadWriteLock.java:logLocking(65)) - s0@group-EF46AB43B6D1: readLock RELEASED 0 by SegmentedRaftLogCache.getLastTermIndex
2022-07-14 15:51:54,352 [s0@group-EF46AB43B6D1-LeaderStateImpl] TRACE segmented.SegmentedRaftLogCache (AutoCloseableReadWriteLock.java:logLocking(65)) - s0@group-EF46AB43B6D1: readLock ACQUIRED 1 by SegmentedRaftLogCache$LogSegmentList.countCached
2022-07-14 15:51:54,352 [s0@group-EF46AB43B6D1-LeaderStateImpl] TRACE segmented.SegmentedRaftLogCache (AutoCloseableReadWriteLock.java:logLocking(65)) - s0@group-EF46AB43B6D1: readLock RELEASED 0 by SegmentedRaftLogCache$LogSegmentList.countCached
2022-07-14 15:51:54,352 [s0@group-EF46AB43B6D1-LeaderStateImpl] TRACE segmented.SegmentedRaftLogCache (AutoCloseableReadWriteLock.java:logLocking(65)) - s0@group-EF46AB43B6D1: readLock ACQUIRED 1 by SegmentedRaftLogCache$LogSegmentList.getTotalCacheSize
2022-07-14 15:51:54,352 [s0@group-EF46AB43B6D1-LeaderStateImpl] TRACE segmented.SegmentedRaftLogCache (AutoCloseableReadWriteLock.java:logLocking(65)) - s0@group-EF46AB43B6D1: readLock RELEASED 0 by SegmentedRaftLogCache$LogSegmentList.getTotalCacheSize
2022-07-14 15:51:54,352 [s0@group-EF46AB43B6D1-LeaderStateImpl] DEBUG segmented.SegmentedRaftLogWorker (SegmentedRaftLogWorker.java:addIOTask(270)) - s0@group-EF46AB43B6D1-SegmentedRaftLogWorker adds IO task WriteLog:52: (t:1, i:52), METADATAENTRY(c:51)
2022-07-14 15:51:54,352 [s0@group-EF46AB43B6D1-SegmentedRaftLogWorker] DEBUG segmented.SegmentedRaftLogWorker (SegmentedRaftLogWorker.java:flushIfNecessary(365)) - s0@group-EF46AB43B6D1-SegmentedRaftLogWorker: flush SegmentedRaftLogOutputStream(/home/runner/work/ratis/ratis/ratis-test/target/test/data/7931f2a6/MiniRaftClusterWithGrpc6c3cfa42/s0/d33854d5-690d-4a13-9a9e-ef46ab43b6d1/current/log_inprogress_0)
2022-07-14 15:51:54,352 [s0-client-thread1] TRACE segmented.SegmentedRaftLogCache (AutoCloseableReadWriteLock.java:logLocking(65)) - s0@group-EF46AB43B6D1: readLock ACQUIRED 1 by SegmentedRaftLogCache.getLastTermIndex
2022-07-14 15:51:54,352 [s0-client-thread1] TRACE segmented.SegmentedRaftLogCache (AutoCloseableReadWriteLock.java:logLocking(65)) - s0@group-EF46AB43B6D1: readLock RELEASED 0 by SegmentedRaftLogCache.getLastTermIndex
2022-07-14 15:51:54,352 [s0-client-thread1] TRACE segmented.SegmentedRaftLogCache (AutoCloseableReadWriteLock.java:logLocking(65)) - s0@group-EF46AB43B6D1: readLock ACQUIRED 1 by SegmentedRaftLogCache.getLastTermIndex
2022-07-14 15:51:54,352 [s0-client-thread1] TRACE segmented.SegmentedRaftLogCache (AutoCloseableReadWriteLock.java:logLocking(65)) - s0@group-EF46AB43B6D1: readLock RELEASED 0 by SegmentedRaftLogCache.getLastTermIndex
2022-07-14 15:51:54,352 [s0-client-thread1] TRACE segmented.SegmentedRaftLogCache (AutoCloseableReadWriteLock.java:logLocking(65)) - s0@group-EF46AB43B6D1: readLock ACQUIRED 1 by SegmentedRaftLogCache$LogSegmentList.countCached
2022-07-14 15:51:54,352 [s0-client-thread1] TRACE segmented.SegmentedRaftLogCache (AutoCloseableReadWriteLock.java:logLocking(65)) - s0@group-EF46AB43B6D1: readLock RELEASED 0 by SegmentedRaftLogCache$LogSegmentList.countCached
2022-07-14 15:51:54,352 [s0-client-thread1] TRACE segmented.SegmentedRaftLogCache (AutoCloseableReadWriteLock.java:logLocking(65)) - s0@group-EF46AB43B6D1: readLock ACQUIRED 1 by SegmentedRaftLogCache$LogSegmentList.getTotalCacheSize
2022-07-14 15:51:54,353 [s0-client-thread1] TRACE segmented.SegmentedRaftLogCache (AutoCloseableReadWriteLock.java:logLocking(65)) - s0@group-EF46AB43B6D1: readLock RELEASED 0 by SegmentedRaftLogCache$LogSegmentList.getTotalCacheSize
2022-07-14 15:51:54,353 [s0-client-thread1] DEBUG segmented.SegmentedRaftLogWorker (SegmentedRaftLogWorker.java:addIOTask(270)) - s0@group-EF46AB43B6D1-SegmentedRaftLogWorker adds IO task WriteLog:53: (t:1, i:53), STATEMACHINELOGENTRY, StateMachineLogEntryProto:197@client-64B90517F321
2022-07-14 15:51:54,353 [s0@group-EF46AB43B6D1-SegmentedRaftLogWorker] DEBUG segmented.SegmentedRaftLogWorker (SegmentedRaftLogWorker.java:flushIfNecessary(365)) - s0@group-EF46AB43B6D1-SegmentedRaftLogWorker: flush SegmentedRaftLogOutputStream(/home/runner/work/ratis/ratis/ratis-test/target/test/data/7931f2a6/MiniRaftClusterWithGrpc6c3cfa42/s0/d33854d5-690d-4a13-9a9e-ef46ab43b6d1/current/log_inprogress_0)
2022-07-14 15:51:54,353 [s0@group-EF46AB43B6D1-LeaderStateImpl] TRACE segmented.SegmentedRaftLogCache (AutoCloseableReadWriteLock.java:logLocking(65)) - s0@group-EF46AB43B6D1: readLock ACQUIRED 1 by SegmentedRaftLogCache.getStartIndex
2022-07-14 15:51:54,353 [s0@group-EF46AB43B6D1-LeaderStateImpl] TRACE segmented.SegmentedRaftLogCache (AutoCloseableReadWriteLock.java:logLocking(65)) -   s0@group-EF46AB43B6D1: readLock ACQUIRED 2 by SegmentedRaftLogCache$LogSegmentList.isEmpty
2022-07-14 15:51:54,353 [s0@group-EF46AB43B6D1-LeaderStateImpl] TRACE segmented.SegmentedRaftLogCache (AutoCloseableReadWriteLock.java:logLocking(65)) -   s0@group-EF46AB43B6D1: readLock RELEASED 1 by SegmentedRaftLogCache$LogSegmentList.isEmpty
2022-07-14 15:51:54,353 [s0@group-EF46AB43B6D1-LeaderStateImpl] TRACE segmented.SegmentedRaftLogCache (AutoCloseableReadWriteLock.java:logLocking(65)) - s0@group-EF46AB43B6D1: readLock RELEASED 0 by SegmentedRaftLogCache.getStartIndex
2022-07-14 15:51:54,353 [s0@group-EF46AB43B6D1-LeaderStateImpl] TRACE segmented.SegmentedRaftLogCache (AutoCloseableReadWriteLock.java:logLocking(65)) - s0@group-EF46AB43B6D1: readLock ACQUIRED 1 by SegmentedRaftLogCache.getEndIndex
2022-07-14 15:51:54,353 [s0@group-EF46AB43B6D1-LeaderStateImpl] TRACE segmented.SegmentedRaftLogCache (AutoCloseableReadWriteLock.java:logLocking(65)) - s0@group-EF46AB43B6D1: readLock RELEASED 0 by SegmentedRaftLogCache.getEndIndex
2022-07-14 15:51:54,353 [s0@group-EF46AB43B6D1-LeaderStateImpl] TRACE segmented.SegmentedRaftLogCache (AutoCloseableReadWriteLock.java:logLocking(65)) - s0@group-EF46AB43B6D1: readLock ACQUIRED 1 by SegmentedRaftLogCache$LogSegmentList.getTermIndex
2022-07-14 15:51:54,353 [s0@group-EF46AB43B6D1-LeaderStateImpl] TRACE segmented.SegmentedRaftLogCache (AutoCloseableReadWriteLock.java:logLocking(65)) - s0@group-EF46AB43B6D1: readLock RELEASED 0 by SegmentedRaftLogCache$LogSegmentList.getTermIndex
2022-07-14 15:51:54,353 [s0@group-EF46AB43B6D1-LeaderStateImpl] TRACE segmented.SegmentedRaftLogCache (AutoCloseableReadWriteLock.java:logLocking(65)) - s0@group-EF46AB43B6D1: readLock ACQUIRED 1 by SegmentedRaftLogCache.getStartIndex
2022-07-14 15:51:54,353 [s0@group-EF46AB43B6D1-LeaderStateImpl] TRACE segmented.SegmentedRaftLogCache (AutoCloseableReadWriteLock.java:logLocking(65)) -   s0@group-EF46AB43B6D1: readLock ACQUIRED 2 by SegmentedRaftLogCache$LogSegmentList.isEmpty
2022-07-14 15:51:54,353 [s0@group-EF46AB43B6D1-LeaderStateImpl] TRACE segmented.SegmentedRaftLogCache (AutoCloseableReadWriteLock.java:logLocking(65)) -   s0@group-EF46AB43B6D1: readLock RELEASED 1 by SegmentedRaftLogCache$LogSegmentList.isEmpty
2022-07-14 15:51:54,353 [s0@group-EF46AB43B6D1-LeaderStateImpl] TRACE segmented.SegmentedRaftLogCache (AutoCloseableReadWriteLock.java:logLocking(65)) - s0@group-EF46AB43B6D1: readLock RELEASED 0 by SegmentedRaftLogCache.getStartIndex
2022-07-14 15:51:54,353 [s0@group-EF46AB43B6D1-LeaderStateImpl] TRACE segmented.SegmentedRaftLogCache (AutoCloseableReadWriteLock.java:logLocking(65)) - s0@group-EF46AB43B6D1: readLock ACQUIRED 1 by SegmentedRaftLogCache.getEndIndex
2022-07-14 15:51:54,353 [s0@group-EF46AB43B6D1-LeaderStateImpl] TRACE segmented.SegmentedRaftLogCache (AutoCloseableReadWriteLock.java:logLocking(65)) - s0@group-EF46AB43B6D1: readLock RELEASED 0 by SegmentedRaftLogCache.getEndIndex
2022-07-14 15:51:54,353 [s0@group-EF46AB43B6D1-LeaderStateImpl] TRACE segmented.SegmentedRaftLogCache (AutoCloseableReadWriteLock.java:logLocking(65)) - s0@group-EF46AB43B6D1: readLock ACQUIRED 1 by SegmentedRaftLogCache$LogSegmentList.getTermIndex
2022-07-14 15:51:54,353 [s0@group-EF46AB43B6D1-LeaderStateImpl] TRACE segmented.SegmentedRaftLogCache (AutoCloseableReadWriteLock.java:logLocking(65)) - s0@group-EF46AB43B6D1: readLock RELEASED 0 by SegmentedRaftLogCache$LogSegmentList.getTermIndex
2022-07-14 15:51:54,354 [s0@group-EF46AB43B6D1-StateMachineUpdater] INFO  statemachine.SimpleStateMachine4Testing (SimpleStateMachine4Testing.java:put(204)) - s0: put 53, m26 -> (t:1, i:53), STATEMACHINELOGENTRY, 197@client-64B90517F321
2022-07-14 15:51:54,355 [s0@group-EF46AB43B6D1-LeaderStateImpl] TRACE segmented.SegmentedRaftLogCache (AutoCloseableReadWriteLock.java:logLocking(65)) - s0@group-EF46AB43B6D1: readLock ACQUIRED 1 by SegmentedRaftLogCache.getLastTermIndex
2022-07-14 15:51:54,355 [s0@group-EF46AB43B6D1-LeaderStateImpl] TRACE segmented.SegmentedRaftLogCache (AutoCloseableReadWriteLock.java:logLocking(65)) - s0@group-EF46AB43B6D1: readLock RELEASED 0 by SegmentedRaftLogCache.getLastTermIndex
2022-07-14 15:51:54,355 [s0@group-EF46AB43B6D1-LeaderStateImpl] TRACE segmented.SegmentedRaftLogCache (AutoCloseableReadWriteLock.java:logLocking(65)) - s0@group-EF46AB43B6D1: readLock ACQUIRED 1 by SegmentedRaftLogCache$LogSegmentList.countCached
2022-07-14 15:51:54,355 [s0@group-EF46AB43B6D1-LeaderStateImpl] TRACE segmented.SegmentedRaftLogCache (AutoCloseableReadWriteLock.java:logLocking(65)) - s0@group-EF46AB43B6D1: readLock RELEASED 0 by SegmentedRaftLogCache$LogSegmentList.countCached
2022-07-14 15:51:54,356 [s0@group-EF46AB43B6D1-LeaderStateImpl] TRACE segmented.SegmentedRaftLogCache (AutoCloseableReadWriteLock.java:logLocking(65)) - s0@group-EF46AB43B6D1: readLock ACQUIRED 1 by SegmentedRaftLogCache$LogSegmentList.getTotalCacheSize
2022-07-14 15:51:54,356 [s0@group-EF46AB43B6D1-LeaderStateImpl] TRACE segmented.SegmentedRaftLogCache (AutoCloseableReadWriteLock.java:logLocking(65)) - s0@group-EF46AB43B6D1: readLock RELEASED 0 by SegmentedRaftLogCache$LogSegmentList.getTotalCacheSize
2022-07-14 15:51:54,356 [s0@group-EF46AB43B6D1-LeaderStateImpl] DEBUG segmented.SegmentedRaftLogWorker (SegmentedRaftLogWorker.java:addIOTask(270)) - s0@group-EF46AB43B6D1-SegmentedRaftLogWorker adds IO task WriteLog:54: (t:1, i:54), METADATAENTRY(c:53)
2022-07-14 15:51:54,356 [s0@group-EF46AB43B6D1-SegmentedRaftLogWorker] DEBUG segmented.SegmentedRaftLogWorker (SegmentedRaftLogWorker.java:flushIfNecessary(365)) - s0@group-EF46AB43B6D1-SegmentedRaftLogWorker: flush SegmentedRaftLogOutputStream(/home/runner/work/ratis/ratis/ratis-test/target/test/data/7931f2a6/MiniRaftClusterWithGrpc6c3cfa42/s0/d33854d5-690d-4a13-9a9e-ef46ab43b6d1/current/log_inprogress_0)
2022-07-14 15:51:54,356 [s0-client-thread1] TRACE segmented.SegmentedRaftLogCache (AutoCloseableReadWriteLock.java:logLocking(65)) - s0@group-EF46AB43B6D1: readLock ACQUIRED 1 by SegmentedRaftLogCache.getLastTermIndex
2022-07-14 15:51:54,356 [s0-client-thread1] TRACE segmented.SegmentedRaftLogCache (AutoCloseableReadWriteLock.java:logLocking(65)) - s0@group-EF46AB43B6D1: readLock RELEASED 0 by SegmentedRaftLogCache.getLastTermIndex
2022-07-14 15:51:54,356 [s0-client-thread1] TRACE segmented.SegmentedRaftLogCache (AutoCloseableReadWriteLock.java:logLocking(65)) - s0@group-EF46AB43B6D1: readLock ACQUIRED 1 by SegmentedRaftLogCache.getLastTermIndex
2022-07-14 15:51:54,356 [s0-client-thread1] TRACE segmented.SegmentedRaftLogCache (AutoCloseableReadWriteLock.java:logLocking(65)) - s0@group-EF46AB43B6D1: readLock RELEASED 0 by SegmentedRaftLogCache.getLastTermIndex
2022-07-14 15:51:54,356 [s0-client-thread1] TRACE segmented.SegmentedRaftLogCache (AutoCloseableReadWriteLock.java:logLocking(65)) - s0@group-EF46AB43B6D1: readLock ACQUIRED 1 by SegmentedRaftLogCache$LogSegmentList.countCached
2022-07-14 15:51:54,356 [s0-client-thread1] TRACE segmented.SegmentedRaftLogCache (AutoCloseableReadWriteLock.java:logLocking(65)) - s0@group-EF46AB43B6D1: readLock RELEASED 0 by SegmentedRaftLogCache$LogSegmentList.countCached
2022-07-14 15:51:54,356 [s0-client-thread1] TRACE segmented.SegmentedRaftLogCache (AutoCloseableReadWriteLock.java:logLocking(65)) - s0@group-EF46AB43B6D1: readLock ACQUIRED 1 by SegmentedRaftLogCache$LogSegmentList.getTotalCacheSize
2022-07-14 15:51:54,356 [s0-client-thread1] TRACE segmented.SegmentedRaftLogCache (AutoCloseableReadWriteLock.java:logLocking(65)) - s0@group-EF46AB43B6D1: readLock RELEASED 0 by SegmentedRaftLogCache$LogSegmentList.getTotalCacheSize
2022-07-14 15:51:54,356 [s0-client-thread1] DEBUG segmented.SegmentedRaftLogWorker (SegmentedRaftLogWorker.java:addIOTask(270)) - s0@group-EF46AB43B6D1-SegmentedRaftLogWorker adds IO task WriteLog:55: (t:1, i:55), STATEMACHINELOGENTRY, StateMachineLogEntryProto:198@client-64B90517F321
2022-07-14 15:51:54,356 [s0@group-EF46AB43B6D1-SegmentedRaftLogWorker] DEBUG segmented.SegmentedRaftLogWorker (SegmentedRaftLogWorker.java:flushIfNecessary(365)) - s0@group-EF46AB43B6D1-SegmentedRaftLogWorker: flush SegmentedRaftLogOutputStream(/home/runner/work/ratis/ratis/ratis-test/target/test/data/7931f2a6/MiniRaftClusterWithGrpc6c3cfa42/s0/d33854d5-690d-4a13-9a9e-ef46ab43b6d1/current/log_inprogress_0)
2022-07-14 15:51:54,356 [s0@group-EF46AB43B6D1-LeaderStateImpl] TRACE segmented.SegmentedRaftLogCache (AutoCloseableReadWriteLock.java:logLocking(65)) - s0@group-EF46AB43B6D1: readLock ACQUIRED 1 by SegmentedRaftLogCache.getStartIndex
2022-07-14 15:51:54,356 [s0@group-EF46AB43B6D1-LeaderStateImpl] TRACE segmented.SegmentedRaftLogCache (AutoCloseableReadWriteLock.java:logLocking(65)) -   s0@group-EF46AB43B6D1: readLock ACQUIRED 2 by SegmentedRaftLogCache$LogSegmentList.isEmpty
2022-07-14 15:51:54,356 [s0@group-EF46AB43B6D1-LeaderStateImpl] TRACE segmented.SegmentedRaftLogCache (AutoCloseableReadWriteLock.java:logLocking(65)) -   s0@group-EF46AB43B6D1: readLock RELEASED 1 by SegmentedRaftLogCache$LogSegmentList.isEmpty
2022-07-14 15:51:54,357 [s0@group-EF46AB43B6D1-LeaderStateImpl] TRACE segmented.SegmentedRaftLogCache (AutoCloseableReadWriteLock.java:logLocking(65)) - s0@group-EF46AB43B6D1: readLock RELEASED 0 by SegmentedRaftLogCache.getStartIndex
2022-07-14 15:51:54,357 [s0@group-EF46AB43B6D1-LeaderStateImpl] TRACE segmented.SegmentedRaftLogCache (AutoCloseableReadWriteLock.java:logLocking(65)) - s0@group-EF46AB43B6D1: readLock ACQUIRED 1 by SegmentedRaftLogCache.getEndIndex
2022-07-14 15:51:54,357 [s0@group-EF46AB43B6D1-LeaderStateImpl] TRACE segmented.SegmentedRaftLogCache (AutoCloseableReadWriteLock.java:logLocking(65)) - s0@group-EF46AB43B6D1: readLock RELEASED 0 by SegmentedRaftLogCache.getEndIndex
2022-07-14 15:51:54,357 [s0@group-EF46AB43B6D1-LeaderStateImpl] TRACE segmented.SegmentedRaftLogCache (AutoCloseableReadWriteLock.java:logLocking(65)) - s0@group-EF46AB43B6D1: readLock ACQUIRED 1 by SegmentedRaftLogCache$LogSegmentList.getTermIndex
2022-07-14 15:51:54,357 [s0@group-EF46AB43B6D1-LeaderStateImpl] TRACE segmented.SegmentedRaftLogCache (AutoCloseableReadWriteLock.java:logLocking(65)) - s0@group-EF46AB43B6D1: readLock RELEASED 0 by SegmentedRaftLogCache$LogSegmentList.getTermIndex
2022-07-14 15:51:54,357 [s0@group-EF46AB43B6D1-LeaderStateImpl] TRACE segmented.SegmentedRaftLogCache (AutoCloseableReadWriteLock.java:logLocking(65)) - s0@group-EF46AB43B6D1: readLock ACQUIRED 1 by SegmentedRaftLogCache.getStartIndex
2022-07-14 15:51:54,357 [s0@group-EF46AB43B6D1-LeaderStateImpl] TRACE segmented.SegmentedRaftLogCache (AutoCloseableReadWriteLock.java:logLocking(65)) -   s0@group-EF46AB43B6D1: readLock ACQUIRED 2 by SegmentedRaftLogCache$LogSegmentList.isEmpty
2022-07-14 15:51:54,357 [s0@group-EF46AB43B6D1-LeaderStateImpl] TRACE segmented.SegmentedRaftLogCache (AutoCloseableReadWriteLock.java:logLocking(65)) -   s0@group-EF46AB43B6D1: readLock RELEASED 1 by SegmentedRaftLogCache$LogSegmentList.isEmpty
2022-07-14 15:51:54,357 [s0@group-EF46AB43B6D1-LeaderStateImpl] TRACE segmented.SegmentedRaftLogCache (AutoCloseableReadWriteLock.java:logLocking(65)) - s0@group-EF46AB43B6D1: readLock RELEASED 0 by SegmentedRaftLogCache.getStartIndex
2022-07-14 15:51:54,357 [s0@group-EF46AB43B6D1-LeaderStateImpl] TRACE segmented.SegmentedRaftLogCache (AutoCloseableReadWriteLock.java:logLocking(65)) - s0@group-EF46AB43B6D1: readLock ACQUIRED 1 by SegmentedRaftLogCache.getEndIndex
2022-07-14 15:51:54,357 [s0@group-EF46AB43B6D1-LeaderStateImpl] TRACE segmented.SegmentedRaftLogCache (AutoCloseableReadWriteLock.java:logLocking(65)) - s0@group-EF46AB43B6D1: readLock RELEASED 0 by SegmentedRaftLogCache.getEndIndex
2022-07-14 15:51:54,357 [s0@group-EF46AB43B6D1-LeaderStateImpl] TRACE segmented.SegmentedRaftLogCache (AutoCloseableReadWriteLock.java:logLocking(65)) - s0@group-EF46AB43B6D1: readLock ACQUIRED 1 by SegmentedRaftLogCache$LogSegmentList.getTermIndex
2022-07-14 15:51:54,357 [s0@group-EF46AB43B6D1-LeaderStateImpl] TRACE segmented.SegmentedRaftLogCache (AutoCloseableReadWriteLock.java:logLocking(65)) - s0@group-EF46AB43B6D1: readLock RELEASED 0 by SegmentedRaftLogCache$LogSegmentList.getTermIndex
2022-07-14 15:51:54,357 [s0@group-EF46AB43B6D1-StateMachineUpdater] INFO  statemachine.SimpleStateMachine4Testing (SimpleStateMachine4Testing.java:put(204)) - s0: put 55, m27 -> (t:1, i:55), STATEMACHINELOGENTRY, 198@client-64B90517F321
2022-07-14 15:51:54,359 [s0@group-EF46AB43B6D1-LeaderStateImpl] TRACE segmented.SegmentedRaftLogCache (AutoCloseableReadWriteLock.java:logLocking(65)) - s0@group-EF46AB43B6D1: readLock ACQUIRED 1 by SegmentedRaftLogCache.getLastTermIndex
2022-07-14 15:51:54,359 [s0@group-EF46AB43B6D1-LeaderStateImpl] TRACE segmented.SegmentedRaftLogCache (AutoCloseableReadWriteLock.java:logLocking(65)) - s0@group-EF46AB43B6D1: readLock RELEASED 0 by SegmentedRaftLogCache.getLastTermIndex
2022-07-14 15:51:54,359 [s0@group-EF46AB43B6D1-LeaderStateImpl] TRACE segmented.SegmentedRaftLogCache (AutoCloseableReadWriteLock.java:logLocking(65)) - s0@group-EF46AB43B6D1: readLock ACQUIRED 1 by SegmentedRaftLogCache$LogSegmentList.countCached
2022-07-14 15:51:54,359 [s0@group-EF46AB43B6D1-LeaderStateImpl] TRACE segmented.SegmentedRaftLogCache (AutoCloseableReadWriteLock.java:logLocking(65)) - s0@group-EF46AB43B6D1: readLock RELEASED 0 by SegmentedRaftLogCache$LogSegmentList.countCached
2022-07-14 15:51:54,359 [s0@group-EF46AB43B6D1-LeaderStateImpl] TRACE segmented.SegmentedRaftLogCache (AutoCloseableReadWriteLock.java:logLocking(65)) - s0@group-EF46AB43B6D1: readLock ACQUIRED 1 by SegmentedRaftLogCache$LogSegmentList.getTotalCacheSize
2022-07-14 15:51:54,359 [s0@group-EF46AB43B6D1-LeaderStateImpl] TRACE segmented.SegmentedRaftLogCache (AutoCloseableReadWriteLock.java:logLocking(65)) - s0@group-EF46AB43B6D1: readLock RELEASED 0 by SegmentedRaftLogCache$LogSegmentList.getTotalCacheSize
2022-07-14 15:51:54,359 [s0@group-EF46AB43B6D1-LeaderStateImpl] DEBUG segmented.SegmentedRaftLogWorker (SegmentedRaftLogWorker.java:addIOTask(270)) - s0@group-EF46AB43B6D1-SegmentedRaftLogWorker adds IO task WriteLog:56: (t:1, i:56), METADATAENTRY(c:55)
2022-07-14 15:51:54,359 [s0@group-EF46AB43B6D1-SegmentedRaftLogWorker] DEBUG segmented.SegmentedRaftLogWorker (SegmentedRaftLogWorker.java:flushIfNecessary(365)) - s0@group-EF46AB43B6D1-SegmentedRaftLogWorker: flush SegmentedRaftLogOutputStream(/home/runner/work/ratis/ratis/ratis-test/target/test/data/7931f2a6/MiniRaftClusterWithGrpc6c3cfa42/s0/d33854d5-690d-4a13-9a9e-ef46ab43b6d1/current/log_inprogress_0)
2022-07-14 15:51:54,359 [s0-client-thread1] TRACE segmented.SegmentedRaftLogCache (AutoCloseableReadWriteLock.java:logLocking(65)) - s0@group-EF46AB43B6D1: readLock ACQUIRED 1 by SegmentedRaftLogCache.getLastTermIndex
2022-07-14 15:51:54,360 [s0-client-thread1] TRACE segmented.SegmentedRaftLogCache (AutoCloseableReadWriteLock.java:logLocking(65)) - s0@group-EF46AB43B6D1: readLock RELEASED 0 by SegmentedRaftLogCache.getLastTermIndex
2022-07-14 15:51:54,360 [s0-client-thread1] TRACE segmented.SegmentedRaftLogCache (AutoCloseableReadWriteLock.java:logLocking(65)) - s0@group-EF46AB43B6D1: readLock ACQUIRED 1 by SegmentedRaftLogCache.getLastTermIndex
2022-07-14 15:51:54,360 [s0-client-thread1] TRACE segmented.SegmentedRaftLogCache (AutoCloseableReadWriteLock.java:logLocking(65)) - s0@group-EF46AB43B6D1: readLock RELEASED 0 by SegmentedRaftLogCache.getLastTermIndex
2022-07-14 15:51:54,360 [s0-client-thread1] TRACE segmented.SegmentedRaftLogCache (AutoCloseableReadWriteLock.java:logLocking(65)) - s0@group-EF46AB43B6D1: readLock ACQUIRED 1 by SegmentedRaftLogCache$LogSegmentList.countCached
2022-07-14 15:51:54,360 [s0-client-thread1] TRACE segmented.SegmentedRaftLogCache (AutoCloseableReadWriteLock.java:logLocking(65)) - s0@group-EF46AB43B6D1: readLock RELEASED 0 by SegmentedRaftLogCache$LogSegmentList.countCached
2022-07-14 15:51:54,360 [s0-client-thread1] TRACE segmented.SegmentedRaftLogCache (AutoCloseableReadWriteLock.java:logLocking(65)) - s0@group-EF46AB43B6D1: readLock ACQUIRED 1 by SegmentedRaftLogCache$LogSegmentList.getTotalCacheSize
2022-07-14 15:51:54,360 [s0-client-thread1] TRACE segmented.SegmentedRaftLogCache (AutoCloseableReadWriteLock.java:logLocking(65)) - s0@group-EF46AB43B6D1: readLock RELEASED 0 by SegmentedRaftLogCache$LogSegmentList.getTotalCacheSize
2022-07-14 15:51:54,360 [s0-client-thread1] DEBUG segmented.SegmentedRaftLogWorker (SegmentedRaftLogWorker.java:addIOTask(270)) - s0@group-EF46AB43B6D1-SegmentedRaftLogWorker adds IO task WriteLog:57: (t:1, i:57), STATEMACHINELOGENTRY, StateMachineLogEntryProto:199@client-64B90517F321
2022-07-14 15:51:54,360 [s0@group-EF46AB43B6D1-LeaderStateImpl] TRACE segmented.SegmentedRaftLogCache (AutoCloseableReadWriteLock.java:logLocking(65)) - s0@group-EF46AB43B6D1: readLock ACQUIRED 1 by SegmentedRaftLogCache.getStartIndex
2022-07-14 15:51:54,360 [s0@group-EF46AB43B6D1-LeaderStateImpl] TRACE segmented.SegmentedRaftLogCache (AutoCloseableReadWriteLock.java:logLocking(65)) -   s0@group-EF46AB43B6D1: readLock ACQUIRED 2 by SegmentedRaftLogCache$LogSegmentList.isEmpty
2022-07-14 15:51:54,360 [s0@group-EF46AB43B6D1-LeaderStateImpl] TRACE segmented.SegmentedRaftLogCache (AutoCloseableReadWriteLock.java:logLocking(65)) -   s0@group-EF46AB43B6D1: readLock RELEASED 1 by SegmentedRaftLogCache$LogSegmentList.isEmpty
2022-07-14 15:51:54,360 [s0@group-EF46AB43B6D1-LeaderStateImpl] TRACE segmented.SegmentedRaftLogCache (AutoCloseableReadWriteLock.java:logLocking(65)) - s0@group-EF46AB43B6D1: readLock RELEASED 0 by SegmentedRaftLogCache.getStartIndex
2022-07-14 15:51:54,360 [s0@group-EF46AB43B6D1-LeaderStateImpl] TRACE segmented.SegmentedRaftLogCache (AutoCloseableReadWriteLock.java:logLocking(65)) - s0@group-EF46AB43B6D1: readLock ACQUIRED 1 by SegmentedRaftLogCache.getEndIndex
2022-07-14 15:51:54,360 [s0@group-EF46AB43B6D1-LeaderStateImpl] TRACE segmented.SegmentedRaftLogCache (AutoCloseableReadWriteLock.java:logLocking(65)) - s0@group-EF46AB43B6D1: readLock RELEASED 0 by SegmentedRaftLogCache.getEndIndex
2022-07-14 15:51:54,360 [s0@group-EF46AB43B6D1-LeaderStateImpl] TRACE segmented.SegmentedRaftLogCache (AutoCloseableReadWriteLock.java:logLocking(65)) - s0@group-EF46AB43B6D1: readLock ACQUIRED 1 by SegmentedRaftLogCache$LogSegmentList.getTermIndex
2022-07-14 15:51:54,360 [s0@group-EF46AB43B6D1-LeaderStateImpl] TRACE segmented.SegmentedRaftLogCache (AutoCloseableReadWriteLock.java:logLocking(65)) - s0@group-EF46AB43B6D1: readLock RELEASED 0 by SegmentedRaftLogCache$LogSegmentList.getTermIndex
2022-07-14 15:51:54,361 [s0@group-EF46AB43B6D1-SegmentedRaftLogWorker] DEBUG segmented.SegmentedRaftLogWorker (SegmentedRaftLogWorker.java:flushIfNecessary(365)) - s0@group-EF46AB43B6D1-SegmentedRaftLogWorker: flush SegmentedRaftLogOutputStream(/home/runner/work/ratis/ratis/ratis-test/target/test/data/7931f2a6/MiniRaftClusterWithGrpc6c3cfa42/s0/d33854d5-690d-4a13-9a9e-ef46ab43b6d1/current/log_inprogress_0)
2022-07-14 15:51:54,363 [s0@group-EF46AB43B6D1-LeaderStateImpl] TRACE segmented.SegmentedRaftLogCache (AutoCloseableReadWriteLock.java:logLocking(65)) - s0@group-EF46AB43B6D1: readLock ACQUIRED 1 by SegmentedRaftLogCache.getStartIndex
2022-07-14 15:51:54,363 [s0@group-EF46AB43B6D1-LeaderStateImpl] TRACE segmented.SegmentedRaftLogCache (AutoCloseableReadWriteLock.java:logLocking(65)) -   s0@group-EF46AB43B6D1: readLock ACQUIRED 2 by SegmentedRaftLogCache$LogSegmentList.isEmpty
2022-07-14 15:51:54,363 [s0@group-EF46AB43B6D1-LeaderStateImpl] TRACE segmented.SegmentedRaftLogCache (AutoCloseableReadWriteLock.java:logLocking(65)) -   s0@group-EF46AB43B6D1: readLock RELEASED 1 by SegmentedRaftLogCache$LogSegmentList.isEmpty
2022-07-14 15:51:54,363 [s0@group-EF46AB43B6D1-LeaderStateImpl] TRACE segmented.SegmentedRaftLogCache (AutoCloseableReadWriteLock.java:logLocking(65)) - s0@group-EF46AB43B6D1: readLock RELEASED 0 by SegmentedRaftLogCache.getStartIndex
2022-07-14 15:51:54,363 [s0@group-EF46AB43B6D1-LeaderStateImpl] TRACE segmented.SegmentedRaftLogCache (AutoCloseableReadWriteLock.java:logLocking(65)) - s0@group-EF46AB43B6D1: readLock ACQUIRED 1 by SegmentedRaftLogCache.getEndIndex
2022-07-14 15:51:54,363 [s0@group-EF46AB43B6D1-LeaderStateImpl] TRACE segmented.SegmentedRaftLogCache (AutoCloseableReadWriteLock.java:logLocking(65)) - s0@group-EF46AB43B6D1: readLock RELEASED 0 by SegmentedRaftLogCache.getEndIndex
2022-07-14 15:51:54,363 [s0@group-EF46AB43B6D1-LeaderStateImpl] TRACE segmented.SegmentedRaftLogCache (AutoCloseableReadWriteLock.java:logLocking(65)) - s0@group-EF46AB43B6D1: readLock ACQUIRED 1 by SegmentedRaftLogCache$LogSegmentList.getTermIndex
2022-07-14 15:51:54,363 [s0@group-EF46AB43B6D1-LeaderStateImpl] TRACE segmented.SegmentedRaftLogCache (AutoCloseableReadWriteLock.java:logLocking(65)) - s0@group-EF46AB43B6D1: readLock RELEASED 0 by SegmentedRaftLogCache$LogSegmentList.getTermIndex
2022-07-14 15:51:54,363 [s0@group-EF46AB43B6D1-LeaderStateImpl] TRACE segmented.SegmentedRaftLogCache (AutoCloseableReadWriteLock.java:logLocking(65)) - s0@group-EF46AB43B6D1: readLock ACQUIRED 1 by SegmentedRaftLogCache.getLastTermIndex
2022-07-14 15:51:54,363 [s0@group-EF46AB43B6D1-LeaderStateImpl] TRACE segmented.SegmentedRaftLogCache (AutoCloseableReadWriteLock.java:logLocking(65)) - s0@group-EF46AB43B6D1: readLock RELEASED 0 by SegmentedRaftLogCache.getLastTermIndex
2022-07-14 15:51:54,363 [s0@group-EF46AB43B6D1-LeaderStateImpl] TRACE segmented.SegmentedRaftLogCache (AutoCloseableReadWriteLock.java:logLocking(65)) - s0@group-EF46AB43B6D1: readLock ACQUIRED 1 by SegmentedRaftLogCache$LogSegmentList.countCached
2022-07-14 15:51:54,363 [s0@group-EF46AB43B6D1-LeaderStateImpl] TRACE segmented.SegmentedRaftLogCache (AutoCloseableReadWriteLock.java:logLocking(65)) - s0@group-EF46AB43B6D1: readLock RELEASED 0 by SegmentedRaftLogCache$LogSegmentList.countCached
2022-07-14 15:51:54,364 [s0@group-EF46AB43B6D1-LeaderStateImpl] TRACE segmented.SegmentedRaftLogCache (AutoCloseableReadWriteLock.java:logLocking(65)) - s0@group-EF46AB43B6D1: readLock ACQUIRED 1 by SegmentedRaftLogCache$LogSegmentList.getTotalCacheSize
2022-07-14 15:51:54,364 [s0@group-EF46AB43B6D1-LeaderStateImpl] TRACE segmented.SegmentedRaftLogCache (AutoCloseableReadWriteLock.java:logLocking(65)) - s0@group-EF46AB43B6D1: readLock RELEASED 0 by SegmentedRaftLogCache$LogSegmentList.getTotalCacheSize
2022-07-14 15:51:54,364 [s0@group-EF46AB43B6D1-LeaderStateImpl] DEBUG segmented.SegmentedRaftLogWorker (SegmentedRaftLogWorker.java:addIOTask(270)) - s0@group-EF46AB43B6D1-SegmentedRaftLogWorker adds IO task WriteLog:58: (t:1, i:58), METADATAENTRY(c:57)
2022-07-14 15:51:54,364 [s0@group-EF46AB43B6D1-SegmentedRaftLogWorker] DEBUG segmented.SegmentedRaftLogWorker (SegmentedRaftLogWorker.java:flushIfNecessary(365)) - s0@group-EF46AB43B6D1-SegmentedRaftLogWorker: flush SegmentedRaftLogOutputStream(/home/runner/work/ratis/ratis/ratis-test/target/test/data/7931f2a6/MiniRaftClusterWithGrpc6c3cfa42/s0/d33854d5-690d-4a13-9a9e-ef46ab43b6d1/current/log_inprogress_0)
2022-07-14 15:51:54,364 [s0@group-EF46AB43B6D1-StateMachineUpdater] INFO  statemachine.SimpleStateMachine4Testing (SimpleStateMachine4Testing.java:put(204)) - s0: put 57, m28 -> (t:1, i:57), STATEMACHINELOGENTRY, 199@client-64B90517F321
2022-07-14 15:51:54,364 [s0@group-EF46AB43B6D1-LeaderStateImpl] TRACE segmented.SegmentedRaftLogCache (AutoCloseableReadWriteLock.java:logLocking(65)) - s0@group-EF46AB43B6D1: readLock ACQUIRED 1 by SegmentedRaftLogCache.getStartIndex
2022-07-14 15:51:54,364 [s0@group-EF46AB43B6D1-LeaderStateImpl] TRACE segmented.SegmentedRaftLogCache (AutoCloseableReadWriteLock.java:logLocking(65)) -   s0@group-EF46AB43B6D1: readLock ACQUIRED 2 by SegmentedRaftLogCache$LogSegmentList.isEmpty
2022-07-14 15:51:54,364 [s0@group-EF46AB43B6D1-LeaderStateImpl] TRACE segmented.SegmentedRaftLogCache (AutoCloseableReadWriteLock.java:logLocking(65)) -   s0@group-EF46AB43B6D1: readLock RELEASED 1 by SegmentedRaftLogCache$LogSegmentList.isEmpty
2022-07-14 15:51:54,364 [s0@group-EF46AB43B6D1-LeaderStateImpl] TRACE segmented.SegmentedRaftLogCache (AutoCloseableReadWriteLock.java:logLocking(65)) - s0@group-EF46AB43B6D1: readLock RELEASED 0 by SegmentedRaftLogCache.getStartIndex
2022-07-14 15:51:54,364 [s0@group-EF46AB43B6D1-LeaderStateImpl] TRACE segmented.SegmentedRaftLogCache (AutoCloseableReadWriteLock.java:logLocking(65)) - s0@group-EF46AB43B6D1: readLock ACQUIRED 1 by SegmentedRaftLogCache.getEndIndex
2022-07-14 15:51:54,364 [s0@group-EF46AB43B6D1-LeaderStateImpl] TRACE segmented.SegmentedRaftLogCache (AutoCloseableReadWriteLock.java:logLocking(65)) - s0@group-EF46AB43B6D1: readLock RELEASED 0 by SegmentedRaftLogCache.getEndIndex
2022-07-14 15:51:54,365 [s0@group-EF46AB43B6D1-LeaderStateImpl] TRACE segmented.SegmentedRaftLogCache (AutoCloseableReadWriteLock.java:logLocking(65)) - s0@group-EF46AB43B6D1: readLock ACQUIRED 1 by SegmentedRaftLogCache$LogSegmentList.getTermIndex
2022-07-14 15:51:54,365 [s0@group-EF46AB43B6D1-LeaderStateImpl] TRACE segmented.SegmentedRaftLogCache (AutoCloseableReadWriteLock.java:logLocking(65)) - s0@group-EF46AB43B6D1: readLock RELEASED 0 by SegmentedRaftLogCache$LogSegmentList.getTermIndex
2022-07-14 15:51:54,366 [s0-client-thread1] TRACE segmented.SegmentedRaftLogCache (AutoCloseableReadWriteLock.java:logLocking(65)) - s0@group-EF46AB43B6D1: readLock ACQUIRED 1 by SegmentedRaftLogCache.getLastTermIndex
2022-07-14 15:51:54,366 [s0-client-thread1] TRACE segmented.SegmentedRaftLogCache (AutoCloseableReadWriteLock.java:logLocking(65)) - s0@group-EF46AB43B6D1: readLock RELEASED 0 by SegmentedRaftLogCache.getLastTermIndex
2022-07-14 15:51:54,366 [s0-client-thread1] TRACE segmented.SegmentedRaftLogCache (AutoCloseableReadWriteLock.java:logLocking(65)) - s0@group-EF46AB43B6D1: readLock ACQUIRED 1 by SegmentedRaftLogCache.getLastTermIndex
2022-07-14 15:51:54,366 [s0-client-thread1] TRACE segmented.SegmentedRaftLogCache (AutoCloseableReadWriteLock.java:logLocking(65)) - s0@group-EF46AB43B6D1: readLock RELEASED 0 by SegmentedRaftLogCache.getLastTermIndex
2022-07-14 15:51:54,366 [s0-client-thread1] TRACE segmented.SegmentedRaftLogCache (AutoCloseableReadWriteLock.java:logLocking(65)) - s0@group-EF46AB43B6D1: readLock ACQUIRED 1 by SegmentedRaftLogCache$LogSegmentList.countCached
2022-07-14 15:51:54,366 [s0-client-thread1] TRACE segmented.SegmentedRaftLogCache (AutoCloseableReadWriteLock.java:logLocking(65)) - s0@group-EF46AB43B6D1: readLock RELEASED 0 by SegmentedRaftLogCache$LogSegmentList.countCached
2022-07-14 15:51:54,366 [s0-client-thread1] TRACE segmented.SegmentedRaftLogCache (AutoCloseableReadWriteLock.java:logLocking(65)) - s0@group-EF46AB43B6D1: readLock ACQUIRED 1 by SegmentedRaftLogCache$LogSegmentList.getTotalCacheSize
2022-07-14 15:51:54,366 [s0-client-thread1] TRACE segmented.SegmentedRaftLogCache (AutoCloseableReadWriteLock.java:logLocking(65)) - s0@group-EF46AB43B6D1: readLock RELEASED 0 by SegmentedRaftLogCache$LogSegmentList.getTotalCacheSize
2022-07-14 15:51:54,366 [s0-client-thread1] DEBUG segmented.SegmentedRaftLogWorker (SegmentedRaftLogWorker.java:addIOTask(270)) - s0@group-EF46AB43B6D1-SegmentedRaftLogWorker adds IO task WriteLog:59: (t:1, i:59), STATEMACHINELOGENTRY, StateMachineLogEntryProto:200@client-64B90517F321
2022-07-14 15:51:54,366 [s0@group-EF46AB43B6D1-SegmentedRaftLogWorker] DEBUG segmented.SegmentedRaftLogWorker (SegmentedRaftLogWorker.java:flushIfNecessary(365)) - s0@group-EF46AB43B6D1-SegmentedRaftLogWorker: flush SegmentedRaftLogOutputStream(/home/runner/work/ratis/ratis/ratis-test/target/test/data/7931f2a6/MiniRaftClusterWithGrpc6c3cfa42/s0/d33854d5-690d-4a13-9a9e-ef46ab43b6d1/current/log_inprogress_0)
2022-07-14 15:51:54,367 [s0@group-EF46AB43B6D1-LeaderStateImpl] TRACE segmented.SegmentedRaftLogCache (AutoCloseableReadWriteLock.java:logLocking(65)) - s0@group-EF46AB43B6D1: readLock ACQUIRED 1 by SegmentedRaftLogCache.getStartIndex
2022-07-14 15:51:54,367 [s0@group-EF46AB43B6D1-LeaderStateImpl] TRACE segmented.SegmentedRaftLogCache (AutoCloseableReadWriteLock.java:logLocking(65)) -   s0@group-EF46AB43B6D1: readLock ACQUIRED 2 by SegmentedRaftLogCache$LogSegmentList.isEmpty
2022-07-14 15:51:54,367 [s0@group-EF46AB43B6D1-LeaderStateImpl] TRACE segmented.SegmentedRaftLogCache (AutoCloseableReadWriteLock.java:logLocking(65)) -   s0@group-EF46AB43B6D1: readLock RELEASED 1 by SegmentedRaftLogCache$LogSegmentList.isEmpty
2022-07-14 15:51:54,367 [s0@group-EF46AB43B6D1-LeaderStateImpl] TRACE segmented.SegmentedRaftLogCache (AutoCloseableReadWriteLock.java:logLocking(65)) - s0@group-EF46AB43B6D1: readLock RELEASED 0 by SegmentedRaftLogCache.getStartIndex
2022-07-14 15:51:54,367 [s0@group-EF46AB43B6D1-LeaderStateImpl] TRACE segmented.SegmentedRaftLogCache (AutoCloseableReadWriteLock.java:logLocking(65)) - s0@group-EF46AB43B6D1: readLock ACQUIRED 1 by SegmentedRaftLogCache.getEndIndex
2022-07-14 15:51:54,367 [s0@group-EF46AB43B6D1-LeaderStateImpl] TRACE segmented.SegmentedRaftLogCache (AutoCloseableReadWriteLock.java:logLocking(65)) - s0@group-EF46AB43B6D1: readLock RELEASED 0 by SegmentedRaftLogCache.getEndIndex
2022-07-14 15:51:54,367 [s0@group-EF46AB43B6D1-LeaderStateImpl] TRACE segmented.SegmentedRaftLogCache (AutoCloseableReadWriteLock.java:logLocking(65)) - s0@group-EF46AB43B6D1: readLock ACQUIRED 1 by SegmentedRaftLogCache$LogSegmentList.getTermIndex
2022-07-14 15:51:54,367 [s0@group-EF46AB43B6D1-LeaderStateImpl] TRACE segmented.SegmentedRaftLogCache (AutoCloseableReadWriteLock.java:logLocking(65)) - s0@group-EF46AB43B6D1: readLock RELEASED 0 by SegmentedRaftLogCache$LogSegmentList.getTermIndex
2022-07-14 15:51:54,367 [s0@group-EF46AB43B6D1-LeaderStateImpl] TRACE segmented.SegmentedRaftLogCache (AutoCloseableReadWriteLock.java:logLocking(65)) - s0@group-EF46AB43B6D1: readLock ACQUIRED 1 by SegmentedRaftLogCache.getLastTermIndex
2022-07-14 15:51:54,367 [s0@group-EF46AB43B6D1-LeaderStateImpl] TRACE segmented.SegmentedRaftLogCache (AutoCloseableReadWriteLock.java:logLocking(65)) - s0@group-EF46AB43B6D1: readLock RELEASED 0 by SegmentedRaftLogCache.getLastTermIndex
2022-07-14 15:51:54,367 [s0@group-EF46AB43B6D1-StateMachineUpdater] INFO  statemachine.SimpleStateMachine4Testing (SimpleStateMachine4Testing.java:put(204)) - s0: put 59, m29 -> (t:1, i:59), STATEMACHINELOGENTRY, 200@client-64B90517F321
2022-07-14 15:51:54,367 [s0@group-EF46AB43B6D1-LeaderStateImpl] TRACE segmented.SegmentedRaftLogCache (AutoCloseableReadWriteLock.java:logLocking(65)) - s0@group-EF46AB43B6D1: readLock ACQUIRED 1 by SegmentedRaftLogCache$LogSegmentList.countCached
2022-07-14 15:51:54,367 [s0@group-EF46AB43B6D1-LeaderStateImpl] TRACE segmented.SegmentedRaftLogCache (AutoCloseableReadWriteLock.java:logLocking(65)) - s0@group-EF46AB43B6D1: readLock RELEASED 0 by SegmentedRaftLogCache$LogSegmentList.countCached
2022-07-14 15:51:54,369 [s0@group-EF46AB43B6D1-LeaderStateImpl] TRACE segmented.SegmentedRaftLogCache (AutoCloseableReadWriteLock.java:logLocking(65)) - s0@group-EF46AB43B6D1: readLock ACQUIRED 1 by SegmentedRaftLogCache$LogSegmentList.getTotalCacheSize
2022-07-14 15:51:54,369 [s0@group-EF46AB43B6D1-LeaderStateImpl] TRACE segmented.SegmentedRaftLogCache (AutoCloseableReadWriteLock.java:logLocking(65)) - s0@group-EF46AB43B6D1: readLock RELEASED 0 by SegmentedRaftLogCache$LogSegmentList.getTotalCacheSize
2022-07-14 15:51:54,369 [s0@group-EF46AB43B6D1-LeaderStateImpl] DEBUG segmented.SegmentedRaftLogWorker (SegmentedRaftLogWorker.java:addIOTask(270)) - s0@group-EF46AB43B6D1-SegmentedRaftLogWorker adds IO task WriteLog:60: (t:1, i:60), METADATAENTRY(c:59)
2022-07-14 15:51:54,369 [s0@group-EF46AB43B6D1-SegmentedRaftLogWorker] DEBUG segmented.SegmentedRaftLogWorker (SegmentedRaftLogWorker.java:flushIfNecessary(365)) - s0@group-EF46AB43B6D1-SegmentedRaftLogWorker: flush SegmentedRaftLogOutputStream(/home/runner/work/ratis/ratis/ratis-test/target/test/data/7931f2a6/MiniRaftClusterWithGrpc6c3cfa42/s0/d33854d5-690d-4a13-9a9e-ef46ab43b6d1/current/log_inprogress_0)
2022-07-14 15:51:54,369 [s0-client-thread1] TRACE segmented.SegmentedRaftLogCache (AutoCloseableReadWriteLock.java:logLocking(65)) - s0@group-EF46AB43B6D1: readLock ACQUIRED 1 by SegmentedRaftLogCache.getLastTermIndex
2022-07-14 15:51:54,370 [s0-client-thread1] TRACE segmented.SegmentedRaftLogCache (AutoCloseableReadWriteLock.java:logLocking(65)) - s0@group-EF46AB43B6D1: readLock RELEASED 0 by SegmentedRaftLogCache.getLastTermIndex
2022-07-14 15:51:54,370 [s0-client-thread1] TRACE segmented.SegmentedRaftLogCache (AutoCloseableReadWriteLock.java:logLocking(65)) - s0@group-EF46AB43B6D1: readLock ACQUIRED 1 by SegmentedRaftLogCache.getLastTermIndex
2022-07-14 15:51:54,370 [s0-client-thread1] TRACE segmented.SegmentedRaftLogCache (AutoCloseableReadWriteLock.java:logLocking(65)) - s0@group-EF46AB43B6D1: readLock RELEASED 0 by SegmentedRaftLogCache.getLastTermIndex
2022-07-14 15:51:54,370 [s0-client-thread1] TRACE segmented.SegmentedRaftLogCache (AutoCloseableReadWriteLock.java:logLocking(65)) - s0@group-EF46AB43B6D1: readLock ACQUIRED 1 by SegmentedRaftLogCache$LogSegmentList.countCached
2022-07-14 15:51:54,370 [s0-client-thread1] TRACE segmented.SegmentedRaftLogCache (AutoCloseableReadWriteLock.java:logLocking(65)) - s0@group-EF46AB43B6D1: readLock RELEASED 0 by SegmentedRaftLogCache$LogSegmentList.countCached
2022-07-14 15:51:54,370 [s0-client-thread1] TRACE segmented.SegmentedRaftLogCache (AutoCloseableReadWriteLock.java:logLocking(65)) - s0@group-EF46AB43B6D1: readLock ACQUIRED 1 by SegmentedRaftLogCache$LogSegmentList.getTotalCacheSize
2022-07-14 15:51:54,370 [s0-client-thread1] TRACE segmented.SegmentedRaftLogCache (AutoCloseableReadWriteLock.java:logLocking(65)) - s0@group-EF46AB43B6D1: readLock RELEASED 0 by SegmentedRaftLogCache$LogSegmentList.getTotalCacheSize
2022-07-14 15:51:54,370 [s0-client-thread1] DEBUG segmented.SegmentedRaftLogWorker (SegmentedRaftLogWorker.java:addIOTask(270)) - s0@group-EF46AB43B6D1-SegmentedRaftLogWorker adds IO task WriteLog:61: (t:1, i:61), STATEMACHINELOGENTRY, StateMachineLogEntryProto:201@client-64B90517F321
2022-07-14 15:51:54,370 [s0@group-EF46AB43B6D1-SegmentedRaftLogWorker] DEBUG segmented.SegmentedRaftLogWorker (SegmentedRaftLogWorker.java:flushIfNecessary(365)) - s0@group-EF46AB43B6D1-SegmentedRaftLogWorker: flush SegmentedRaftLogOutputStream(/home/runner/work/ratis/ratis/ratis-test/target/test/data/7931f2a6/MiniRaftClusterWithGrpc6c3cfa42/s0/d33854d5-690d-4a13-9a9e-ef46ab43b6d1/current/log_inprogress_0)
2022-07-14 15:51:54,370 [s0@group-EF46AB43B6D1-LeaderStateImpl] TRACE segmented.SegmentedRaftLogCache (AutoCloseableReadWriteLock.java:logLocking(65)) - s0@group-EF46AB43B6D1: readLock ACQUIRED 1 by SegmentedRaftLogCache.getStartIndex
2022-07-14 15:51:54,370 [s0@group-EF46AB43B6D1-LeaderStateImpl] TRACE segmented.SegmentedRaftLogCache (AutoCloseableReadWriteLock.java:logLocking(65)) -   s0@group-EF46AB43B6D1: readLock ACQUIRED 2 by SegmentedRaftLogCache$LogSegmentList.isEmpty
2022-07-14 15:51:54,371 [s0@group-EF46AB43B6D1-LeaderStateImpl] TRACE segmented.SegmentedRaftLogCache (AutoCloseableReadWriteLock.java:logLocking(65)) -   s0@group-EF46AB43B6D1: readLock RELEASED 1 by SegmentedRaftLogCache$LogSegmentList.isEmpty
2022-07-14 15:51:54,371 [s0@group-EF46AB43B6D1-LeaderStateImpl] TRACE segmented.SegmentedRaftLogCache (AutoCloseableReadWriteLock.java:logLocking(65)) - s0@group-EF46AB43B6D1: readLock RELEASED 0 by SegmentedRaftLogCache.getStartIndex
2022-07-14 15:51:54,371 [s0@group-EF46AB43B6D1-LeaderStateImpl] TRACE segmented.SegmentedRaftLogCache (AutoCloseableReadWriteLock.java:logLocking(65)) - s0@group-EF46AB43B6D1: readLock ACQUIRED 1 by SegmentedRaftLogCache.getEndIndex
2022-07-14 15:51:54,371 [s0@group-EF46AB43B6D1-LeaderStateImpl] TRACE segmented.SegmentedRaftLogCache (AutoCloseableReadWriteLock.java:logLocking(65)) - s0@group-EF46AB43B6D1: readLock RELEASED 0 by SegmentedRaftLogCache.getEndIndex
2022-07-14 15:51:54,371 [s0@group-EF46AB43B6D1-LeaderStateImpl] TRACE segmented.SegmentedRaftLogCache (AutoCloseableReadWriteLock.java:logLocking(65)) - s0@group-EF46AB43B6D1: readLock ACQUIRED 1 by SegmentedRaftLogCache$LogSegmentList.getTermIndex
2022-07-14 15:51:54,371 [s0@group-EF46AB43B6D1-LeaderStateImpl] TRACE segmented.SegmentedRaftLogCache (AutoCloseableReadWriteLock.java:logLocking(65)) - s0@group-EF46AB43B6D1: readLock RELEASED 0 by SegmentedRaftLogCache$LogSegmentList.getTermIndex
2022-07-14 15:51:54,371 [s0@group-EF46AB43B6D1-LeaderStateImpl] TRACE segmented.SegmentedRaftLogCache (AutoCloseableReadWriteLock.java:logLocking(65)) - s0@group-EF46AB43B6D1: readLock ACQUIRED 1 by SegmentedRaftLogCache.getStartIndex
2022-07-14 15:51:54,371 [s0@group-EF46AB43B6D1-LeaderStateImpl] TRACE segmented.SegmentedRaftLogCache (AutoCloseableReadWriteLock.java:logLocking(65)) -   s0@group-EF46AB43B6D1: readLock ACQUIRED 2 by SegmentedRaftLogCache$LogSegmentList.isEmpty
2022-07-14 15:51:54,371 [s0@group-EF46AB43B6D1-LeaderStateImpl] TRACE segmented.SegmentedRaftLogCache (AutoCloseableReadWriteLock.java:logLocking(65)) -   s0@group-EF46AB43B6D1: readLock RELEASED 1 by SegmentedRaftLogCache$LogSegmentList.isEmpty
2022-07-14 15:51:54,371 [s0@group-EF46AB43B6D1-LeaderStateImpl] TRACE segmented.SegmentedRaftLogCache (AutoCloseableReadWriteLock.java:logLocking(65)) - s0@group-EF46AB43B6D1: readLock RELEASED 0 by SegmentedRaftLogCache.getStartIndex
2022-07-14 15:51:54,371 [s0@group-EF46AB43B6D1-LeaderStateImpl] TRACE segmented.SegmentedRaftLogCache (AutoCloseableReadWriteLock.java:logLocking(65)) - s0@group-EF46AB43B6D1: readLock ACQUIRED 1 by SegmentedRaftLogCache.getEndIndex
2022-07-14 15:51:54,371 [s0@group-EF46AB43B6D1-LeaderStateImpl] TRACE segmented.SegmentedRaftLogCache (AutoCloseableReadWriteLock.java:logLocking(65)) - s0@group-EF46AB43B6D1: readLock RELEASED 0 by SegmentedRaftLogCache.getEndIndex
2022-07-14 15:51:54,371 [s0@group-EF46AB43B6D1-LeaderStateImpl] TRACE segmented.SegmentedRaftLogCache (AutoCloseableReadWriteLock.java:logLocking(65)) - s0@group-EF46AB43B6D1: readLock ACQUIRED 1 by SegmentedRaftLogCache$LogSegmentList.getTermIndex
2022-07-14 15:51:54,371 [s0@group-EF46AB43B6D1-LeaderStateImpl] TRACE segmented.SegmentedRaftLogCache (AutoCloseableReadWriteLock.java:logLocking(65)) - s0@group-EF46AB43B6D1: readLock RELEASED 0 by SegmentedRaftLogCache$LogSegmentList.getTermIndex
2022-07-14 15:51:54,371 [s0@group-EF46AB43B6D1-LeaderStateImpl] TRACE segmented.SegmentedRaftLogCache (AutoCloseableReadWriteLock.java:logLocking(65)) - s0@group-EF46AB43B6D1: readLock ACQUIRED 1 by SegmentedRaftLogCache.getLastTermIndex
2022-07-14 15:51:54,371 [s0@group-EF46AB43B6D1-LeaderStateImpl] TRACE segmented.SegmentedRaftLogCache (AutoCloseableReadWriteLock.java:logLocking(65)) - s0@group-EF46AB43B6D1: readLock RELEASED 0 by SegmentedRaftLogCache.getLastTermIndex
2022-07-14 15:51:54,371 [s0@group-EF46AB43B6D1-LeaderStateImpl] TRACE segmented.SegmentedRaftLogCache (AutoCloseableReadWriteLock.java:logLocking(65)) - s0@group-EF46AB43B6D1: readLock ACQUIRED 1 by SegmentedRaftLogCache$LogSegmentList.countCached
2022-07-14 15:51:54,372 [s0@group-EF46AB43B6D1-LeaderStateImpl] TRACE segmented.SegmentedRaftLogCache (AutoCloseableReadWriteLock.java:logLocking(65)) - s0@group-EF46AB43B6D1: readLock RELEASED 0 by SegmentedRaftLogCache$LogSegmentList.countCached
2022-07-14 15:51:54,372 [s0@group-EF46AB43B6D1-LeaderStateImpl] TRACE segmented.SegmentedRaftLogCache (AutoCloseableReadWriteLock.java:logLocking(65)) - s0@group-EF46AB43B6D1: readLock ACQUIRED 1 by SegmentedRaftLogCache$LogSegmentList.getTotalCacheSize
2022-07-14 15:51:54,372 [s0@group-EF46AB43B6D1-LeaderStateImpl] TRACE segmented.SegmentedRaftLogCache (AutoCloseableReadWriteLock.java:logLocking(65)) - s0@group-EF46AB43B6D1: readLock RELEASED 0 by SegmentedRaftLogCache$LogSegmentList.getTotalCacheSize
2022-07-14 15:51:54,372 [s0@group-EF46AB43B6D1-LeaderStateImpl] DEBUG segmented.SegmentedRaftLogWorker (SegmentedRaftLogWorker.java:addIOTask(270)) - s0@group-EF46AB43B6D1-SegmentedRaftLogWorker adds IO task WriteLog:62: (t:1, i:62), METADATAENTRY(c:61)
2022-07-14 15:51:54,372 [s0@group-EF46AB43B6D1-SegmentedRaftLogWorker] DEBUG segmented.SegmentedRaftLogWorker (SegmentedRaftLogWorker.java:flushIfNecessary(365)) - s0@group-EF46AB43B6D1-SegmentedRaftLogWorker: flush SegmentedRaftLogOutputStream(/home/runner/work/ratis/ratis/ratis-test/target/test/data/7931f2a6/MiniRaftClusterWithGrpc6c3cfa42/s0/d33854d5-690d-4a13-9a9e-ef46ab43b6d1/current/log_inprogress_0)
2022-07-14 15:51:54,372 [s0@group-EF46AB43B6D1-StateMachineUpdater] INFO  statemachine.SimpleStateMachine4Testing (SimpleStateMachine4Testing.java:put(204)) - s0: put 61, m30 -> (t:1, i:61), STATEMACHINELOGENTRY, 201@client-64B90517F321
2022-07-14 15:51:54,374 [s0@group-EF46AB43B6D1-LeaderStateImpl] TRACE segmented.SegmentedRaftLogCache (AutoCloseableReadWriteLock.java:logLocking(65)) - s0@group-EF46AB43B6D1: readLock ACQUIRED 1 by SegmentedRaftLogCache.getStartIndex
2022-07-14 15:51:54,374 [s0@group-EF46AB43B6D1-LeaderStateImpl] TRACE segmented.SegmentedRaftLogCache (AutoCloseableReadWriteLock.java:logLocking(65)) -   s0@group-EF46AB43B6D1: readLock ACQUIRED 2 by SegmentedRaftLogCache$LogSegmentList.isEmpty
2022-07-14 15:51:54,374 [s0@group-EF46AB43B6D1-LeaderStateImpl] TRACE segmented.SegmentedRaftLogCache (AutoCloseableReadWriteLock.java:logLocking(65)) -   s0@group-EF46AB43B6D1: readLock RELEASED 1 by SegmentedRaftLogCache$LogSegmentList.isEmpty
2022-07-14 15:51:54,374 [s0@group-EF46AB43B6D1-LeaderStateImpl] TRACE segmented.SegmentedRaftLogCache (AutoCloseableReadWriteLock.java:logLocking(65)) - s0@group-EF46AB43B6D1: readLock RELEASED 0 by SegmentedRaftLogCache.getStartIndex
2022-07-14 15:51:54,374 [s0@group-EF46AB43B6D1-LeaderStateImpl] TRACE segmented.SegmentedRaftLogCache (AutoCloseableReadWriteLock.java:logLocking(65)) - s0@group-EF46AB43B6D1: readLock ACQUIRED 1 by SegmentedRaftLogCache.getEndIndex
2022-07-14 15:51:54,374 [s0@group-EF46AB43B6D1-LeaderStateImpl] TRACE segmented.SegmentedRaftLogCache (AutoCloseableReadWriteLock.java:logLocking(65)) - s0@group-EF46AB43B6D1: readLock RELEASED 0 by SegmentedRaftLogCache.getEndIndex
2022-07-14 15:51:54,374 [s0@group-EF46AB43B6D1-LeaderStateImpl] TRACE segmented.SegmentedRaftLogCache (AutoCloseableReadWriteLock.java:logLocking(65)) - s0@group-EF46AB43B6D1: readLock ACQUIRED 1 by SegmentedRaftLogCache$LogSegmentList.getTermIndex
2022-07-14 15:51:54,374 [s0@group-EF46AB43B6D1-LeaderStateImpl] TRACE segmented.SegmentedRaftLogCache (AutoCloseableReadWriteLock.java:logLocking(65)) - s0@group-EF46AB43B6D1: readLock RELEASED 0 by SegmentedRaftLogCache$LogSegmentList.getTermIndex
2022-07-14 15:51:54,374 [s0-client-thread1] TRACE segmented.SegmentedRaftLogCache (AutoCloseableReadWriteLock.java:logLocking(65)) - s0@group-EF46AB43B6D1: readLock ACQUIRED 1 by SegmentedRaftLogCache.getLastTermIndex
2022-07-14 15:51:54,374 [s0-client-thread1] TRACE segmented.SegmentedRaftLogCache (AutoCloseableReadWriteLock.java:logLocking(65)) - s0@group-EF46AB43B6D1: readLock RELEASED 0 by SegmentedRaftLogCache.getLastTermIndex
2022-07-14 15:51:54,374 [s0-client-thread1] TRACE segmented.SegmentedRaftLogCache (AutoCloseableReadWriteLock.java:logLocking(65)) - s0@group-EF46AB43B6D1: readLock ACQUIRED 1 by SegmentedRaftLogCache.getLastTermIndex
2022-07-14 15:51:54,374 [s0-client-thread1] TRACE segmented.SegmentedRaftLogCache (AutoCloseableReadWriteLock.java:logLocking(65)) - s0@group-EF46AB43B6D1: readLock RELEASED 0 by SegmentedRaftLogCache.getLastTermIndex
2022-07-14 15:51:54,374 [s0-client-thread1] TRACE segmented.SegmentedRaftLogCache (AutoCloseableReadWriteLock.java:logLocking(65)) - s0@group-EF46AB43B6D1: readLock ACQUIRED 1 by SegmentedRaftLogCache$LogSegmentList.countCached
2022-07-14 15:51:54,374 [s0-client-thread1] TRACE segmented.SegmentedRaftLogCache (AutoCloseableReadWriteLock.java:logLocking(65)) - s0@group-EF46AB43B6D1: readLock RELEASED 0 by SegmentedRaftLogCache$LogSegmentList.countCached
2022-07-14 15:51:54,375 [s0-client-thread1] TRACE segmented.SegmentedRaftLogCache (AutoCloseableReadWriteLock.java:logLocking(65)) - s0@group-EF46AB43B6D1: readLock ACQUIRED 1 by SegmentedRaftLogCache$LogSegmentList.getTotalCacheSize
2022-07-14 15:51:54,375 [s0-client-thread1] TRACE segmented.SegmentedRaftLogCache (AutoCloseableReadWriteLock.java:logLocking(65)) - s0@group-EF46AB43B6D1: readLock RELEASED 0 by SegmentedRaftLogCache$LogSegmentList.getTotalCacheSize
2022-07-14 15:51:54,375 [s0-client-thread1] DEBUG segmented.SegmentedRaftLogWorker (SegmentedRaftLogWorker.java:addIOTask(270)) - s0@group-EF46AB43B6D1-SegmentedRaftLogWorker adds IO task WriteLog:63: (t:1, i:63), STATEMACHINELOGENTRY, StateMachineLogEntryProto:202@client-64B90517F321
2022-07-14 15:51:54,375 [s0@group-EF46AB43B6D1-SegmentedRaftLogWorker] DEBUG segmented.SegmentedRaftLogWorker (SegmentedRaftLogWorker.java:flushIfNecessary(365)) - s0@group-EF46AB43B6D1-SegmentedRaftLogWorker: flush SegmentedRaftLogOutputStream(/home/runner/work/ratis/ratis/ratis-test/target/test/data/7931f2a6/MiniRaftClusterWithGrpc6c3cfa42/s0/d33854d5-690d-4a13-9a9e-ef46ab43b6d1/current/log_inprogress_0)
2022-07-14 15:51:54,375 [s0@group-EF46AB43B6D1-LeaderStateImpl] TRACE segmented.SegmentedRaftLogCache (AutoCloseableReadWriteLock.java:logLocking(65)) - s0@group-EF46AB43B6D1: readLock ACQUIRED 1 by SegmentedRaftLogCache.getStartIndex
2022-07-14 15:51:54,375 [s0@group-EF46AB43B6D1-LeaderStateImpl] TRACE segmented.SegmentedRaftLogCache (AutoCloseableReadWriteLock.java:logLocking(65)) -   s0@group-EF46AB43B6D1: readLock ACQUIRED 2 by SegmentedRaftLogCache$LogSegmentList.isEmpty
2022-07-14 15:51:54,375 [s0@group-EF46AB43B6D1-LeaderStateImpl] TRACE segmented.SegmentedRaftLogCache (AutoCloseableReadWriteLock.java:logLocking(65)) -   s0@group-EF46AB43B6D1: readLock RELEASED 1 by SegmentedRaftLogCache$LogSegmentList.isEmpty
2022-07-14 15:51:54,375 [s0@group-EF46AB43B6D1-LeaderStateImpl] TRACE segmented.SegmentedRaftLogCache (AutoCloseableReadWriteLock.java:logLocking(65)) - s0@group-EF46AB43B6D1: readLock RELEASED 0 by SegmentedRaftLogCache.getStartIndex
2022-07-14 15:51:54,375 [s0@group-EF46AB43B6D1-LeaderStateImpl] TRACE segmented.SegmentedRaftLogCache (AutoCloseableReadWriteLock.java:logLocking(65)) - s0@group-EF46AB43B6D1: readLock ACQUIRED 1 by SegmentedRaftLogCache.getEndIndex
2022-07-14 15:51:54,375 [s0@group-EF46AB43B6D1-LeaderStateImpl] TRACE segmented.SegmentedRaftLogCache (AutoCloseableReadWriteLock.java:logLocking(65)) - s0@group-EF46AB43B6D1: readLock RELEASED 0 by SegmentedRaftLogCache.getEndIndex
2022-07-14 15:51:54,375 [s0@group-EF46AB43B6D1-LeaderStateImpl] TRACE segmented.SegmentedRaftLogCache (AutoCloseableReadWriteLock.java:logLocking(65)) - s0@group-EF46AB43B6D1: readLock ACQUIRED 1 by SegmentedRaftLogCache$LogSegmentList.getTermIndex
2022-07-14 15:51:54,376 [s0@group-EF46AB43B6D1-LeaderStateImpl] TRACE segmented.SegmentedRaftLogCache (AutoCloseableReadWriteLock.java:logLocking(65)) - s0@group-EF46AB43B6D1: readLock RELEASED 0 by SegmentedRaftLogCache$LogSegmentList.getTermIndex
2022-07-14 15:51:54,376 [s0@group-EF46AB43B6D1-LeaderStateImpl] TRACE segmented.SegmentedRaftLogCache (AutoCloseableReadWriteLock.java:logLocking(65)) - s0@group-EF46AB43B6D1: readLock ACQUIRED 1 by SegmentedRaftLogCache.getLastTermIndex
2022-07-14 15:51:54,376 [s0@group-EF46AB43B6D1-LeaderStateImpl] TRACE segmented.SegmentedRaftLogCache (AutoCloseableReadWriteLock.java:logLocking(65)) - s0@group-EF46AB43B6D1: readLock RELEASED 0 by SegmentedRaftLogCache.getLastTermIndex
2022-07-14 15:51:54,376 [s0@group-EF46AB43B6D1-LeaderStateImpl] TRACE segmented.SegmentedRaftLogCache (AutoCloseableReadWriteLock.java:logLocking(65)) - s0@group-EF46AB43B6D1: readLock ACQUIRED 1 by SegmentedRaftLogCache$LogSegmentList.countCached
2022-07-14 15:51:54,376 [s0@group-EF46AB43B6D1-LeaderStateImpl] TRACE segmented.SegmentedRaftLogCache (AutoCloseableReadWriteLock.java:logLocking(65)) - s0@group-EF46AB43B6D1: readLock RELEASED 0 by SegmentedRaftLogCache$LogSegmentList.countCached
2022-07-14 15:51:54,376 [s0@group-EF46AB43B6D1-LeaderStateImpl] TRACE segmented.SegmentedRaftLogCache (AutoCloseableReadWriteLock.java:logLocking(65)) - s0@group-EF46AB43B6D1: readLock ACQUIRED 1 by SegmentedRaftLogCache$LogSegmentList.getTotalCacheSize
2022-07-14 15:51:54,376 [s0@group-EF46AB43B6D1-LeaderStateImpl] TRACE segmented.SegmentedRaftLogCache (AutoCloseableReadWriteLock.java:logLocking(65)) - s0@group-EF46AB43B6D1: readLock RELEASED 0 by SegmentedRaftLogCache$LogSegmentList.getTotalCacheSize
2022-07-14 15:51:54,376 [s0@group-EF46AB43B6D1-LeaderStateImpl] DEBUG segmented.SegmentedRaftLogWorker (SegmentedRaftLogWorker.java:addIOTask(270)) - s0@group-EF46AB43B6D1-SegmentedRaftLogWorker adds IO task WriteLog:64: (t:1, i:64), METADATAENTRY(c:63)
2022-07-14 15:51:54,376 [s0@group-EF46AB43B6D1-SegmentedRaftLogWorker] DEBUG segmented.SegmentedRaftLogWorker (SegmentedRaftLogWorker.java:flushIfNecessary(365)) - s0@group-EF46AB43B6D1-SegmentedRaftLogWorker: flush SegmentedRaftLogOutputStream(/home/runner/work/ratis/ratis/ratis-test/target/test/data/7931f2a6/MiniRaftClusterWithGrpc6c3cfa42/s0/d33854d5-690d-4a13-9a9e-ef46ab43b6d1/current/log_inprogress_0)
2022-07-14 15:51:54,376 [s0@group-EF46AB43B6D1-StateMachineUpdater] INFO  statemachine.SimpleStateMachine4Testing (SimpleStateMachine4Testing.java:put(204)) - s0: put 63, m31 -> (t:1, i:63), STATEMACHINELOGENTRY, 202@client-64B90517F321
2022-07-14 15:51:54,378 [s0@group-EF46AB43B6D1-LeaderStateImpl] TRACE segmented.SegmentedRaftLogCache (AutoCloseableReadWriteLock.java:logLocking(65)) - s0@group-EF46AB43B6D1: readLock ACQUIRED 1 by SegmentedRaftLogCache.getStartIndex
2022-07-14 15:51:54,378 [s0@group-EF46AB43B6D1-LeaderStateImpl] TRACE segmented.SegmentedRaftLogCache (AutoCloseableReadWriteLock.java:logLocking(65)) -   s0@group-EF46AB43B6D1: readLock ACQUIRED 2 by SegmentedRaftLogCache$LogSegmentList.isEmpty
2022-07-14 15:51:54,378 [s0@group-EF46AB43B6D1-LeaderStateImpl] TRACE segmented.SegmentedRaftLogCache (AutoCloseableReadWriteLock.java:logLocking(65)) -   s0@group-EF46AB43B6D1: readLock RELEASED 1 by SegmentedRaftLogCache$LogSegmentList.isEmpty
2022-07-14 15:51:54,378 [s0@group-EF46AB43B6D1-LeaderStateImpl] TRACE segmented.SegmentedRaftLogCache (AutoCloseableReadWriteLock.java:logLocking(65)) - s0@group-EF46AB43B6D1: readLock RELEASED 0 by SegmentedRaftLogCache.getStartIndex
2022-07-14 15:51:54,378 [s0@group-EF46AB43B6D1-LeaderStateImpl] TRACE segmented.SegmentedRaftLogCache (AutoCloseableReadWriteLock.java:logLocking(65)) - s0@group-EF46AB43B6D1: readLock ACQUIRED 1 by SegmentedRaftLogCache.getEndIndex
2022-07-14 15:51:54,378 [s0@group-EF46AB43B6D1-LeaderStateImpl] TRACE segmented.SegmentedRaftLogCache (AutoCloseableReadWriteLock.java:logLocking(65)) - s0@group-EF46AB43B6D1: readLock RELEASED 0 by SegmentedRaftLogCache.getEndIndex
2022-07-14 15:51:54,378 [s0@group-EF46AB43B6D1-LeaderStateImpl] TRACE segmented.SegmentedRaftLogCache (AutoCloseableReadWriteLock.java:logLocking(65)) - s0@group-EF46AB43B6D1: readLock ACQUIRED 1 by SegmentedRaftLogCache$LogSegmentList.getTermIndex
2022-07-14 15:51:54,378 [s0@group-EF46AB43B6D1-LeaderStateImpl] TRACE segmented.SegmentedRaftLogCache (AutoCloseableReadWriteLock.java:logLocking(65)) - s0@group-EF46AB43B6D1: readLock RELEASED 0 by SegmentedRaftLogCache$LogSegmentList.getTermIndex
2022-07-14 15:51:54,378 [s0-client-thread1] TRACE segmented.SegmentedRaftLogCache (AutoCloseableReadWriteLock.java:logLocking(65)) - s0@group-EF46AB43B6D1: readLock ACQUIRED 1 by SegmentedRaftLogCache.getLastTermIndex
2022-07-14 15:51:54,378 [s0-client-thread1] TRACE segmented.SegmentedRaftLogCache (AutoCloseableReadWriteLock.java:logLocking(65)) - s0@group-EF46AB43B6D1: readLock RELEASED 0 by SegmentedRaftLogCache.getLastTermIndex
2022-07-14 15:51:54,379 [s0-client-thread1] TRACE segmented.SegmentedRaftLogCache (AutoCloseableReadWriteLock.java:logLocking(65)) - s0@group-EF46AB43B6D1: readLock ACQUIRED 1 by SegmentedRaftLogCache.getLastTermIndex
2022-07-14 15:51:54,379 [s0-client-thread1] TRACE segmented.SegmentedRaftLogCache (AutoCloseableReadWriteLock.java:logLocking(65)) - s0@group-EF46AB43B6D1: readLock RELEASED 0 by SegmentedRaftLogCache.getLastTermIndex
2022-07-14 15:51:54,379 [s0-client-thread1] TRACE segmented.SegmentedRaftLogCache (AutoCloseableReadWriteLock.java:logLocking(65)) - s0@group-EF46AB43B6D1: readLock ACQUIRED 1 by SegmentedRaftLogCache$LogSegmentList.countCached
2022-07-14 15:51:54,379 [s0-client-thread1] TRACE segmented.SegmentedRaftLogCache (AutoCloseableReadWriteLock.java:logLocking(65)) - s0@group-EF46AB43B6D1: readLock RELEASED 0 by SegmentedRaftLogCache$LogSegmentList.countCached
2022-07-14 15:51:54,379 [s0-client-thread1] TRACE segmented.SegmentedRaftLogCache (AutoCloseableReadWriteLock.java:logLocking(65)) - s0@group-EF46AB43B6D1: readLock ACQUIRED 1 by SegmentedRaftLogCache$LogSegmentList.getTotalCacheSize
2022-07-14 15:51:54,379 [s0-client-thread1] TRACE segmented.SegmentedRaftLogCache (AutoCloseableReadWriteLock.java:logLocking(65)) - s0@group-EF46AB43B6D1: readLock RELEASED 0 by SegmentedRaftLogCache$LogSegmentList.getTotalCacheSize
2022-07-14 15:51:54,379 [s0-client-thread1] DEBUG segmented.SegmentedRaftLogWorker (SegmentedRaftLogWorker.java:addIOTask(270)) - s0@group-EF46AB43B6D1-SegmentedRaftLogWorker adds IO task WriteLog:65: (t:1, i:65), STATEMACHINELOGENTRY, StateMachineLogEntryProto:203@client-64B90517F321
2022-07-14 15:51:54,379 [s0@group-EF46AB43B6D1-SegmentedRaftLogWorker] DEBUG segmented.SegmentedRaftLogWorker (SegmentedRaftLogWorker.java:flushIfNecessary(365)) - s0@group-EF46AB43B6D1-SegmentedRaftLogWorker: flush SegmentedRaftLogOutputStream(/home/runner/work/ratis/ratis/ratis-test/target/test/data/7931f2a6/MiniRaftClusterWithGrpc6c3cfa42/s0/d33854d5-690d-4a13-9a9e-ef46ab43b6d1/current/log_inprogress_0)
2022-07-14 15:51:54,379 [s0@group-EF46AB43B6D1-LeaderStateImpl] TRACE segmented.SegmentedRaftLogCache (AutoCloseableReadWriteLock.java:logLocking(65)) - s0@group-EF46AB43B6D1: readLock ACQUIRED 1 by SegmentedRaftLogCache.getStartIndex
2022-07-14 15:51:54,379 [s0@group-EF46AB43B6D1-LeaderStateImpl] TRACE segmented.SegmentedRaftLogCache (AutoCloseableReadWriteLock.java:logLocking(65)) -   s0@group-EF46AB43B6D1: readLock ACQUIRED 2 by SegmentedRaftLogCache$LogSegmentList.isEmpty
2022-07-14 15:51:54,380 [s0@group-EF46AB43B6D1-LeaderStateImpl] TRACE segmented.SegmentedRaftLogCache (AutoCloseableReadWriteLock.java:logLocking(65)) -   s0@group-EF46AB43B6D1: readLock RELEASED 1 by SegmentedRaftLogCache$LogSegmentList.isEmpty
2022-07-14 15:51:54,380 [s0@group-EF46AB43B6D1-LeaderStateImpl] TRACE segmented.SegmentedRaftLogCache (AutoCloseableReadWriteLock.java:logLocking(65)) - s0@group-EF46AB43B6D1: readLock RELEASED 0 by SegmentedRaftLogCache.getStartIndex
2022-07-14 15:51:54,380 [s0@group-EF46AB43B6D1-LeaderStateImpl] TRACE segmented.SegmentedRaftLogCache (AutoCloseableReadWriteLock.java:logLocking(65)) - s0@group-EF46AB43B6D1: readLock ACQUIRED 1 by SegmentedRaftLogCache.getEndIndex
2022-07-14 15:51:54,380 [s0@group-EF46AB43B6D1-LeaderStateImpl] TRACE segmented.SegmentedRaftLogCache (AutoCloseableReadWriteLock.java:logLocking(65)) - s0@group-EF46AB43B6D1: readLock RELEASED 0 by SegmentedRaftLogCache.getEndIndex
2022-07-14 15:51:54,380 [s0@group-EF46AB43B6D1-LeaderStateImpl] TRACE segmented.SegmentedRaftLogCache (AutoCloseableReadWriteLock.java:logLocking(65)) - s0@group-EF46AB43B6D1: readLock ACQUIRED 1 by SegmentedRaftLogCache$LogSegmentList.getTermIndex
2022-07-14 15:51:54,380 [s0@group-EF46AB43B6D1-LeaderStateImpl] TRACE segmented.SegmentedRaftLogCache (AutoCloseableReadWriteLock.java:logLocking(65)) - s0@group-EF46AB43B6D1: readLock RELEASED 0 by SegmentedRaftLogCache$LogSegmentList.getTermIndex
2022-07-14 15:51:54,380 [s0@group-EF46AB43B6D1-LeaderStateImpl] TRACE segmented.SegmentedRaftLogCache (AutoCloseableReadWriteLock.java:logLocking(65)) - s0@group-EF46AB43B6D1: readLock ACQUIRED 1 by SegmentedRaftLogCache.getLastTermIndex
2022-07-14 15:51:54,380 [s0@group-EF46AB43B6D1-LeaderStateImpl] TRACE segmented.SegmentedRaftLogCache (AutoCloseableReadWriteLock.java:logLocking(65)) - s0@group-EF46AB43B6D1: readLock RELEASED 0 by SegmentedRaftLogCache.getLastTermIndex
2022-07-14 15:51:54,380 [s0@group-EF46AB43B6D1-StateMachineUpdater] INFO  statemachine.SimpleStateMachine4Testing (SimpleStateMachine4Testing.java:put(204)) - s0: put 65, m32 -> (t:1, i:65), STATEMACHINELOGENTRY, 203@client-64B90517F321
2022-07-14 15:51:54,380 [s0@group-EF46AB43B6D1-LeaderStateImpl] TRACE segmented.SegmentedRaftLogCache (AutoCloseableReadWriteLock.java:logLocking(65)) - s0@group-EF46AB43B6D1: readLock ACQUIRED 1 by SegmentedRaftLogCache$LogSegmentList.countCached
2022-07-14 15:51:54,381 [s0@group-EF46AB43B6D1-LeaderStateImpl] TRACE segmented.SegmentedRaftLogCache (AutoCloseableReadWriteLock.java:logLocking(65)) - s0@group-EF46AB43B6D1: readLock RELEASED 0 by SegmentedRaftLogCache$LogSegmentList.countCached
2022-07-14 15:51:54,381 [s0@group-EF46AB43B6D1-LeaderStateImpl] TRACE segmented.SegmentedRaftLogCache (AutoCloseableReadWriteLock.java:logLocking(65)) - s0@group-EF46AB43B6D1: readLock ACQUIRED 1 by SegmentedRaftLogCache$LogSegmentList.getTotalCacheSize
2022-07-14 15:51:54,382 [s0@group-EF46AB43B6D1-LeaderStateImpl] TRACE segmented.SegmentedRaftLogCache (AutoCloseableReadWriteLock.java:logLocking(65)) - s0@group-EF46AB43B6D1: readLock RELEASED 0 by SegmentedRaftLogCache$LogSegmentList.getTotalCacheSize
2022-07-14 15:51:54,382 [s0@group-EF46AB43B6D1-LeaderStateImpl] DEBUG segmented.SegmentedRaftLogWorker (SegmentedRaftLogWorker.java:addIOTask(270)) - s0@group-EF46AB43B6D1-SegmentedRaftLogWorker adds IO task WriteLog:66: (t:1, i:66), METADATAENTRY(c:65)
2022-07-14 15:51:54,382 [s0@group-EF46AB43B6D1-SegmentedRaftLogWorker] DEBUG segmented.SegmentedRaftLogWorker (SegmentedRaftLogWorker.java:flushIfNecessary(365)) - s0@group-EF46AB43B6D1-SegmentedRaftLogWorker: flush SegmentedRaftLogOutputStream(/home/runner/work/ratis/ratis/ratis-test/target/test/data/7931f2a6/MiniRaftClusterWithGrpc6c3cfa42/s0/d33854d5-690d-4a13-9a9e-ef46ab43b6d1/current/log_inprogress_0)
2022-07-14 15:51:54,382 [s0-client-thread1] TRACE segmented.SegmentedRaftLogCache (AutoCloseableReadWriteLock.java:logLocking(65)) - s0@group-EF46AB43B6D1: readLock ACQUIRED 1 by SegmentedRaftLogCache.getLastTermIndex
2022-07-14 15:51:54,382 [s0-client-thread1] TRACE segmented.SegmentedRaftLogCache (AutoCloseableReadWriteLock.java:logLocking(65)) - s0@group-EF46AB43B6D1: readLock RELEASED 0 by SegmentedRaftLogCache.getLastTermIndex
2022-07-14 15:51:54,382 [s0-client-thread1] TRACE segmented.SegmentedRaftLogCache (AutoCloseableReadWriteLock.java:logLocking(65)) - s0@group-EF46AB43B6D1: readLock ACQUIRED 1 by SegmentedRaftLogCache.getLastTermIndex
2022-07-14 15:51:54,382 [s0-client-thread1] TRACE segmented.SegmentedRaftLogCache (AutoCloseableReadWriteLock.java:logLocking(65)) - s0@group-EF46AB43B6D1: readLock RELEASED 0 by SegmentedRaftLogCache.getLastTermIndex
2022-07-14 15:51:54,382 [s0-client-thread1] TRACE segmented.SegmentedRaftLogCache (AutoCloseableReadWriteLock.java:logLocking(65)) - s0@group-EF46AB43B6D1: readLock ACQUIRED 1 by SegmentedRaftLogCache$LogSegmentList.countCached
2022-07-14 15:51:54,382 [s0-client-thread1] TRACE segmented.SegmentedRaftLogCache (AutoCloseableReadWriteLock.java:logLocking(65)) - s0@group-EF46AB43B6D1: readLock RELEASED 0 by SegmentedRaftLogCache$LogSegmentList.countCached
2022-07-14 15:51:54,382 [s0-client-thread1] TRACE segmented.SegmentedRaftLogCache (AutoCloseableReadWriteLock.java:logLocking(65)) - s0@group-EF46AB43B6D1: readLock ACQUIRED 1 by SegmentedRaftLogCache$LogSegmentList.getTotalCacheSize
2022-07-14 15:51:54,382 [s0-client-thread1] TRACE segmented.SegmentedRaftLogCache (AutoCloseableReadWriteLock.java:logLocking(65)) - s0@group-EF46AB43B6D1: readLock RELEASED 0 by SegmentedRaftLogCache$LogSegmentList.getTotalCacheSize
2022-07-14 15:51:54,382 [s0-client-thread1] DEBUG segmented.SegmentedRaftLogWorker (SegmentedRaftLogWorker.java:addIOTask(270)) - s0@group-EF46AB43B6D1-SegmentedRaftLogWorker adds IO task WriteLog:67: (t:1, i:67), STATEMACHINELOGENTRY, StateMachineLogEntryProto:204@client-64B90517F321
2022-07-14 15:51:54,383 [s0@group-EF46AB43B6D1-SegmentedRaftLogWorker] DEBUG segmented.SegmentedRaftLogWorker (SegmentedRaftLogWorker.java:flushIfNecessary(365)) - s0@group-EF46AB43B6D1-SegmentedRaftLogWorker: flush SegmentedRaftLogOutputStream(/home/runner/work/ratis/ratis/ratis-test/target/test/data/7931f2a6/MiniRaftClusterWithGrpc6c3cfa42/s0/d33854d5-690d-4a13-9a9e-ef46ab43b6d1/current/log_inprogress_0)
2022-07-14 15:51:54,383 [s0@group-EF46AB43B6D1-LeaderStateImpl] TRACE segmented.SegmentedRaftLogCache (AutoCloseableReadWriteLock.java:logLocking(65)) - s0@group-EF46AB43B6D1: readLock ACQUIRED 1 by SegmentedRaftLogCache.getStartIndex
2022-07-14 15:51:54,383 [s0@group-EF46AB43B6D1-LeaderStateImpl] TRACE segmented.SegmentedRaftLogCache (AutoCloseableReadWriteLock.java:logLocking(65)) -   s0@group-EF46AB43B6D1: readLock ACQUIRED 2 by SegmentedRaftLogCache$LogSegmentList.isEmpty
2022-07-14 15:51:54,383 [s0@group-EF46AB43B6D1-LeaderStateImpl] TRACE segmented.SegmentedRaftLogCache (AutoCloseableReadWriteLock.java:logLocking(65)) -   s0@group-EF46AB43B6D1: readLock RELEASED 1 by SegmentedRaftLogCache$LogSegmentList.isEmpty
2022-07-14 15:51:54,383 [s0@group-EF46AB43B6D1-LeaderStateImpl] TRACE segmented.SegmentedRaftLogCache (AutoCloseableReadWriteLock.java:logLocking(65)) - s0@group-EF46AB43B6D1: readLock RELEASED 0 by SegmentedRaftLogCache.getStartIndex
2022-07-14 15:51:54,383 [s0@group-EF46AB43B6D1-LeaderStateImpl] TRACE segmented.SegmentedRaftLogCache (AutoCloseableReadWriteLock.java:logLocking(65)) - s0@group-EF46AB43B6D1: readLock ACQUIRED 1 by SegmentedRaftLogCache.getEndIndex
2022-07-14 15:51:54,383 [s0@group-EF46AB43B6D1-LeaderStateImpl] TRACE segmented.SegmentedRaftLogCache (AutoCloseableReadWriteLock.java:logLocking(65)) - s0@group-EF46AB43B6D1: readLock RELEASED 0 by SegmentedRaftLogCache.getEndIndex
2022-07-14 15:51:54,383 [s0@group-EF46AB43B6D1-LeaderStateImpl] TRACE segmented.SegmentedRaftLogCache (AutoCloseableReadWriteLock.java:logLocking(65)) - s0@group-EF46AB43B6D1: readLock ACQUIRED 1 by SegmentedRaftLogCache$LogSegmentList.getTermIndex
2022-07-14 15:51:54,383 [s0@group-EF46AB43B6D1-LeaderStateImpl] TRACE segmented.SegmentedRaftLogCache (AutoCloseableReadWriteLock.java:logLocking(65)) - s0@group-EF46AB43B6D1: readLock RELEASED 0 by SegmentedRaftLogCache$LogSegmentList.getTermIndex
2022-07-14 15:51:54,383 [s0@group-EF46AB43B6D1-LeaderStateImpl] TRACE segmented.SegmentedRaftLogCache (AutoCloseableReadWriteLock.java:logLocking(65)) - s0@group-EF46AB43B6D1: readLock ACQUIRED 1 by SegmentedRaftLogCache.getLastTermIndex
2022-07-14 15:51:54,383 [s0@group-EF46AB43B6D1-LeaderStateImpl] TRACE segmented.SegmentedRaftLogCache (AutoCloseableReadWriteLock.java:logLocking(65)) - s0@group-EF46AB43B6D1: readLock RELEASED 0 by SegmentedRaftLogCache.getLastTermIndex
2022-07-14 15:51:54,383 [s0@group-EF46AB43B6D1-LeaderStateImpl] TRACE segmented.SegmentedRaftLogCache (AutoCloseableReadWriteLock.java:logLocking(65)) - s0@group-EF46AB43B6D1: readLock ACQUIRED 1 by SegmentedRaftLogCache$LogSegmentList.countCached
2022-07-14 15:51:54,383 [s0@group-EF46AB43B6D1-LeaderStateImpl] TRACE segmented.SegmentedRaftLogCache (AutoCloseableReadWriteLock.java:logLocking(65)) - s0@group-EF46AB43B6D1: readLock RELEASED 0 by SegmentedRaftLogCache$LogSegmentList.countCached
2022-07-14 15:51:54,384 [s0@group-EF46AB43B6D1-LeaderStateImpl] TRACE segmented.SegmentedRaftLogCache (AutoCloseableReadWriteLock.java:logLocking(65)) - s0@group-EF46AB43B6D1: readLock ACQUIRED 1 by SegmentedRaftLogCache$LogSegmentList.getTotalCacheSize
2022-07-14 15:51:54,384 [s0@group-EF46AB43B6D1-LeaderStateImpl] TRACE segmented.SegmentedRaftLogCache (AutoCloseableReadWriteLock.java:logLocking(65)) - s0@group-EF46AB43B6D1: readLock RELEASED 0 by SegmentedRaftLogCache$LogSegmentList.getTotalCacheSize
2022-07-14 15:51:54,384 [s0@group-EF46AB43B6D1-LeaderStateImpl] DEBUG segmented.SegmentedRaftLogWorker (SegmentedRaftLogWorker.java:addIOTask(270)) - s0@group-EF46AB43B6D1-SegmentedRaftLogWorker adds IO task WriteLog:68: (t:1, i:68), METADATAENTRY(c:67)
2022-07-14 15:51:54,384 [s0@group-EF46AB43B6D1-SegmentedRaftLogWorker] DEBUG segmented.SegmentedRaftLogWorker (SegmentedRaftLogWorker.java:flushIfNecessary(365)) - s0@group-EF46AB43B6D1-SegmentedRaftLogWorker: flush SegmentedRaftLogOutputStream(/home/runner/work/ratis/ratis/ratis-test/target/test/data/7931f2a6/MiniRaftClusterWithGrpc6c3cfa42/s0/d33854d5-690d-4a13-9a9e-ef46ab43b6d1/current/log_inprogress_0)
2022-07-14 15:51:54,384 [s0@group-EF46AB43B6D1-StateMachineUpdater] INFO  statemachine.SimpleStateMachine4Testing (SimpleStateMachine4Testing.java:put(204)) - s0: put 67, m33 -> (t:1, i:67), STATEMACHINELOGENTRY, 204@client-64B90517F321
2022-07-14 15:51:54,385 [s0@group-EF46AB43B6D1-LeaderStateImpl] TRACE segmented.SegmentedRaftLogCache (AutoCloseableReadWriteLock.java:logLocking(65)) - s0@group-EF46AB43B6D1: readLock ACQUIRED 1 by SegmentedRaftLogCache.getStartIndex
2022-07-14 15:51:54,385 [s0@group-EF46AB43B6D1-LeaderStateImpl] TRACE segmented.SegmentedRaftLogCache (AutoCloseableReadWriteLock.java:logLocking(65)) -   s0@group-EF46AB43B6D1: readLock ACQUIRED 2 by SegmentedRaftLogCache$LogSegmentList.isEmpty
2022-07-14 15:51:54,385 [s0@group-EF46AB43B6D1-LeaderStateImpl] TRACE segmented.SegmentedRaftLogCache (AutoCloseableReadWriteLock.java:logLocking(65)) -   s0@group-EF46AB43B6D1: readLock RELEASED 1 by SegmentedRaftLogCache$LogSegmentList.isEmpty
2022-07-14 15:51:54,386 [s0@group-EF46AB43B6D1-LeaderStateImpl] TRACE segmented.SegmentedRaftLogCache (AutoCloseableReadWriteLock.java:logLocking(65)) - s0@group-EF46AB43B6D1: readLock RELEASED 0 by SegmentedRaftLogCache.getStartIndex
2022-07-14 15:51:54,386 [s0@group-EF46AB43B6D1-LeaderStateImpl] TRACE segmented.SegmentedRaftLogCache (AutoCloseableReadWriteLock.java:logLocking(65)) - s0@group-EF46AB43B6D1: readLock ACQUIRED 1 by SegmentedRaftLogCache.getEndIndex
2022-07-14 15:51:54,386 [s0@group-EF46AB43B6D1-LeaderStateImpl] TRACE segmented.SegmentedRaftLogCache (AutoCloseableReadWriteLock.java:logLocking(65)) - s0@group-EF46AB43B6D1: readLock RELEASED 0 by SegmentedRaftLogCache.getEndIndex
2022-07-14 15:51:54,386 [s0@group-EF46AB43B6D1-LeaderStateImpl] TRACE segmented.SegmentedRaftLogCache (AutoCloseableReadWriteLock.java:logLocking(65)) - s0@group-EF46AB43B6D1: readLock ACQUIRED 1 by SegmentedRaftLogCache$LogSegmentList.getTermIndex
2022-07-14 15:51:54,386 [s0@group-EF46AB43B6D1-LeaderStateImpl] TRACE segmented.SegmentedRaftLogCache (AutoCloseableReadWriteLock.java:logLocking(65)) - s0@group-EF46AB43B6D1: readLock RELEASED 0 by SegmentedRaftLogCache$LogSegmentList.getTermIndex
2022-07-14 15:51:54,386 [s0-client-thread1] TRACE segmented.SegmentedRaftLogCache (AutoCloseableReadWriteLock.java:logLocking(65)) - s0@group-EF46AB43B6D1: readLock ACQUIRED 1 by SegmentedRaftLogCache.getLastTermIndex
2022-07-14 15:51:54,386 [s0-client-thread1] TRACE segmented.SegmentedRaftLogCache (AutoCloseableReadWriteLock.java:logLocking(65)) - s0@group-EF46AB43B6D1: readLock RELEASED 0 by SegmentedRaftLogCache.getLastTermIndex
2022-07-14 15:51:54,386 [s0-client-thread1] TRACE segmented.SegmentedRaftLogCache (AutoCloseableReadWriteLock.java:logLocking(65)) - s0@group-EF46AB43B6D1: readLock ACQUIRED 1 by SegmentedRaftLogCache.getLastTermIndex
2022-07-14 15:51:54,386 [s0-client-thread1] TRACE segmented.SegmentedRaftLogCache (AutoCloseableReadWriteLock.java:logLocking(65)) - s0@group-EF46AB43B6D1: readLock RELEASED 0 by SegmentedRaftLogCache.getLastTermIndex
2022-07-14 15:51:54,386 [s0-client-thread1] TRACE segmented.SegmentedRaftLogCache (AutoCloseableReadWriteLock.java:logLocking(65)) - s0@group-EF46AB43B6D1: readLock ACQUIRED 1 by SegmentedRaftLogCache$LogSegmentList.countCached
2022-07-14 15:51:54,386 [s0-client-thread1] TRACE segmented.SegmentedRaftLogCache (AutoCloseableReadWriteLock.java:logLocking(65)) - s0@group-EF46AB43B6D1: readLock RELEASED 0 by SegmentedRaftLogCache$LogSegmentList.countCached
2022-07-14 15:51:54,386 [s0-client-thread1] TRACE segmented.SegmentedRaftLogCache (AutoCloseableReadWriteLock.java:logLocking(65)) - s0@group-EF46AB43B6D1: readLock ACQUIRED 1 by SegmentedRaftLogCache$LogSegmentList.getTotalCacheSize
2022-07-14 15:51:54,386 [s0-client-thread1] TRACE segmented.SegmentedRaftLogCache (AutoCloseableReadWriteLock.java:logLocking(65)) - s0@group-EF46AB43B6D1: readLock RELEASED 0 by SegmentedRaftLogCache$LogSegmentList.getTotalCacheSize
2022-07-14 15:51:54,386 [s0-client-thread1] DEBUG segmented.SegmentedRaftLogWorker (SegmentedRaftLogWorker.java:addIOTask(270)) - s0@group-EF46AB43B6D1-SegmentedRaftLogWorker adds IO task WriteLog:69: (t:1, i:69), STATEMACHINELOGENTRY, StateMachineLogEntryProto:205@client-64B90517F321
2022-07-14 15:51:54,386 [s0@group-EF46AB43B6D1-SegmentedRaftLogWorker] DEBUG segmented.SegmentedRaftLogWorker (SegmentedRaftLogWorker.java:flushIfNecessary(365)) - s0@group-EF46AB43B6D1-SegmentedRaftLogWorker: flush SegmentedRaftLogOutputStream(/home/runner/work/ratis/ratis/ratis-test/target/test/data/7931f2a6/MiniRaftClusterWithGrpc6c3cfa42/s0/d33854d5-690d-4a13-9a9e-ef46ab43b6d1/current/log_inprogress_0)
2022-07-14 15:51:54,387 [s0@group-EF46AB43B6D1-LeaderStateImpl] TRACE segmented.SegmentedRaftLogCache (AutoCloseableReadWriteLock.java:logLocking(65)) - s0@group-EF46AB43B6D1: readLock ACQUIRED 1 by SegmentedRaftLogCache.getStartIndex
2022-07-14 15:51:54,387 [s0@group-EF46AB43B6D1-LeaderStateImpl] TRACE segmented.SegmentedRaftLogCache (AutoCloseableReadWriteLock.java:logLocking(65)) -   s0@group-EF46AB43B6D1: readLock ACQUIRED 2 by SegmentedRaftLogCache$LogSegmentList.isEmpty
2022-07-14 15:51:54,387 [s0@group-EF46AB43B6D1-LeaderStateImpl] TRACE segmented.SegmentedRaftLogCache (AutoCloseableReadWriteLock.java:logLocking(65)) -   s0@group-EF46AB43B6D1: readLock RELEASED 1 by SegmentedRaftLogCache$LogSegmentList.isEmpty
2022-07-14 15:51:54,387 [s0@group-EF46AB43B6D1-LeaderStateImpl] TRACE segmented.SegmentedRaftLogCache (AutoCloseableReadWriteLock.java:logLocking(65)) - s0@group-EF46AB43B6D1: readLock RELEASED 0 by SegmentedRaftLogCache.getStartIndex
2022-07-14 15:51:54,387 [s0@group-EF46AB43B6D1-LeaderStateImpl] TRACE segmented.SegmentedRaftLogCache (AutoCloseableReadWriteLock.java:logLocking(65)) - s0@group-EF46AB43B6D1: readLock ACQUIRED 1 by SegmentedRaftLogCache.getEndIndex
2022-07-14 15:51:54,387 [s0@group-EF46AB43B6D1-LeaderStateImpl] TRACE segmented.SegmentedRaftLogCache (AutoCloseableReadWriteLock.java:logLocking(65)) - s0@group-EF46AB43B6D1: readLock RELEASED 0 by SegmentedRaftLogCache.getEndIndex
2022-07-14 15:51:54,387 [s0@group-EF46AB43B6D1-LeaderStateImpl] TRACE segmented.SegmentedRaftLogCache (AutoCloseableReadWriteLock.java:logLocking(65)) - s0@group-EF46AB43B6D1: readLock ACQUIRED 1 by SegmentedRaftLogCache$LogSegmentList.getTermIndex
2022-07-14 15:51:54,387 [s0@group-EF46AB43B6D1-LeaderStateImpl] TRACE segmented.SegmentedRaftLogCache (AutoCloseableReadWriteLock.java:logLocking(65)) - s0@group-EF46AB43B6D1: readLock RELEASED 0 by SegmentedRaftLogCache$LogSegmentList.getTermIndex
2022-07-14 15:51:54,387 [s0@group-EF46AB43B6D1-LeaderStateImpl] TRACE segmented.SegmentedRaftLogCache (AutoCloseableReadWriteLock.java:logLocking(65)) - s0@group-EF46AB43B6D1: readLock ACQUIRED 1 by SegmentedRaftLogCache.getLastTermIndex
2022-07-14 15:51:54,387 [s0@group-EF46AB43B6D1-LeaderStateImpl] TRACE segmented.SegmentedRaftLogCache (AutoCloseableReadWriteLock.java:logLocking(65)) - s0@group-EF46AB43B6D1: readLock RELEASED 0 by SegmentedRaftLogCache.getLastTermIndex
2022-07-14 15:51:54,387 [s0@group-EF46AB43B6D1-LeaderStateImpl] TRACE segmented.SegmentedRaftLogCache (AutoCloseableReadWriteLock.java:logLocking(65)) - s0@group-EF46AB43B6D1: readLock ACQUIRED 1 by SegmentedRaftLogCache$LogSegmentList.countCached
2022-07-14 15:51:54,388 [s0@group-EF46AB43B6D1-LeaderStateImpl] TRACE segmented.SegmentedRaftLogCache (AutoCloseableReadWriteLock.java:logLocking(65)) - s0@group-EF46AB43B6D1: readLock RELEASED 0 by SegmentedRaftLogCache$LogSegmentList.countCached
2022-07-14 15:51:54,388 [s0@group-EF46AB43B6D1-LeaderStateImpl] TRACE segmented.SegmentedRaftLogCache (AutoCloseableReadWriteLock.java:logLocking(65)) - s0@group-EF46AB43B6D1: readLock ACQUIRED 1 by SegmentedRaftLogCache$LogSegmentList.getTotalCacheSize
2022-07-14 15:51:54,388 [s0@group-EF46AB43B6D1-LeaderStateImpl] TRACE segmented.SegmentedRaftLogCache (AutoCloseableReadWriteLock.java:logLocking(65)) - s0@group-EF46AB43B6D1: readLock RELEASED 0 by SegmentedRaftLogCache$LogSegmentList.getTotalCacheSize
2022-07-14 15:51:54,388 [s0@group-EF46AB43B6D1-LeaderStateImpl] DEBUG segmented.SegmentedRaftLogWorker (SegmentedRaftLogWorker.java:addIOTask(270)) - s0@group-EF46AB43B6D1-SegmentedRaftLogWorker adds IO task WriteLog:70: (t:1, i:70), METADATAENTRY(c:69)
2022-07-14 15:51:54,388 [s0@group-EF46AB43B6D1-SegmentedRaftLogWorker] DEBUG segmented.SegmentedRaftLogWorker (SegmentedRaftLogWorker.java:flushIfNecessary(365)) - s0@group-EF46AB43B6D1-SegmentedRaftLogWorker: flush SegmentedRaftLogOutputStream(/home/runner/work/ratis/ratis/ratis-test/target/test/data/7931f2a6/MiniRaftClusterWithGrpc6c3cfa42/s0/d33854d5-690d-4a13-9a9e-ef46ab43b6d1/current/log_inprogress_0)
2022-07-14 15:51:54,388 [s0@group-EF46AB43B6D1-StateMachineUpdater] INFO  statemachine.SimpleStateMachine4Testing (SimpleStateMachine4Testing.java:put(204)) - s0: put 69, m34 -> (t:1, i:69), STATEMACHINELOGENTRY, 205@client-64B90517F321
2022-07-14 15:51:54,388 [s0@group-EF46AB43B6D1-LeaderStateImpl] TRACE segmented.SegmentedRaftLogCache (AutoCloseableReadWriteLock.java:logLocking(65)) - s0@group-EF46AB43B6D1: readLock ACQUIRED 1 by SegmentedRaftLogCache.getStartIndex
2022-07-14 15:51:54,388 [s0@group-EF46AB43B6D1-LeaderStateImpl] TRACE segmented.SegmentedRaftLogCache (AutoCloseableReadWriteLock.java:logLocking(65)) -   s0@group-EF46AB43B6D1: readLock ACQUIRED 2 by SegmentedRaftLogCache$LogSegmentList.isEmpty
2022-07-14 15:51:54,389 [s0@group-EF46AB43B6D1-LeaderStateImpl] TRACE segmented.SegmentedRaftLogCache (AutoCloseableReadWriteLock.java:logLocking(65)) -   s0@group-EF46AB43B6D1: readLock RELEASED 1 by SegmentedRaftLogCache$LogSegmentList.isEmpty
2022-07-14 15:51:54,389 [s0@group-EF46AB43B6D1-LeaderStateImpl] TRACE segmented.SegmentedRaftLogCache (AutoCloseableReadWriteLock.java:logLocking(65)) - s0@group-EF46AB43B6D1: readLock RELEASED 0 by SegmentedRaftLogCache.getStartIndex
2022-07-14 15:51:54,389 [s0@group-EF46AB43B6D1-LeaderStateImpl] TRACE segmented.SegmentedRaftLogCache (AutoCloseableReadWriteLock.java:logLocking(65)) - s0@group-EF46AB43B6D1: readLock ACQUIRED 1 by SegmentedRaftLogCache.getEndIndex
2022-07-14 15:51:54,389 [s0@group-EF46AB43B6D1-LeaderStateImpl] TRACE segmented.SegmentedRaftLogCache (AutoCloseableReadWriteLock.java:logLocking(65)) - s0@group-EF46AB43B6D1: readLock RELEASED 0 by SegmentedRaftLogCache.getEndIndex
2022-07-14 15:51:54,389 [s0@group-EF46AB43B6D1-LeaderStateImpl] TRACE segmented.SegmentedRaftLogCache (AutoCloseableReadWriteLock.java:logLocking(65)) - s0@group-EF46AB43B6D1: readLock ACQUIRED 1 by SegmentedRaftLogCache$LogSegmentList.getTermIndex
2022-07-14 15:51:54,389 [s0@group-EF46AB43B6D1-LeaderStateImpl] TRACE segmented.SegmentedRaftLogCache (AutoCloseableReadWriteLock.java:logLocking(65)) - s0@group-EF46AB43B6D1: readLock RELEASED 0 by SegmentedRaftLogCache$LogSegmentList.getTermIndex
2022-07-14 15:51:54,390 [s0-client-thread1] TRACE segmented.SegmentedRaftLogCache (AutoCloseableReadWriteLock.java:logLocking(65)) - s0@group-EF46AB43B6D1: readLock ACQUIRED 1 by SegmentedRaftLogCache.getLastTermIndex
2022-07-14 15:51:54,390 [s0-client-thread1] TRACE segmented.SegmentedRaftLogCache (AutoCloseableReadWriteLock.java:logLocking(65)) - s0@group-EF46AB43B6D1: readLock RELEASED 0 by SegmentedRaftLogCache.getLastTermIndex
2022-07-14 15:51:54,390 [s0-client-thread1] TRACE segmented.SegmentedRaftLogCache (AutoCloseableReadWriteLock.java:logLocking(65)) - s0@group-EF46AB43B6D1: readLock ACQUIRED 1 by SegmentedRaftLogCache.getLastTermIndex
2022-07-14 15:51:54,390 [s0-client-thread1] TRACE segmented.SegmentedRaftLogCache (AutoCloseableReadWriteLock.java:logLocking(65)) - s0@group-EF46AB43B6D1: readLock RELEASED 0 by SegmentedRaftLogCache.getLastTermIndex
2022-07-14 15:51:54,390 [s0-client-thread1] TRACE segmented.SegmentedRaftLogCache (AutoCloseableReadWriteLock.java:logLocking(65)) - s0@group-EF46AB43B6D1: readLock ACQUIRED 1 by SegmentedRaftLogCache$LogSegmentList.countCached
2022-07-14 15:51:54,390 [s0-client-thread1] TRACE segmented.SegmentedRaftLogCache (AutoCloseableReadWriteLock.java:logLocking(65)) - s0@group-EF46AB43B6D1: readLock RELEASED 0 by SegmentedRaftLogCache$LogSegmentList.countCached
2022-07-14 15:51:54,390 [s0-client-thread1] TRACE segmented.SegmentedRaftLogCache (AutoCloseableReadWriteLock.java:logLocking(65)) - s0@group-EF46AB43B6D1: readLock ACQUIRED 1 by SegmentedRaftLogCache$LogSegmentList.getTotalCacheSize
2022-07-14 15:51:54,390 [s0-client-thread1] TRACE segmented.SegmentedRaftLogCache (AutoCloseableReadWriteLock.java:logLocking(65)) - s0@group-EF46AB43B6D1: readLock RELEASED 0 by SegmentedRaftLogCache$LogSegmentList.getTotalCacheSize
2022-07-14 15:51:54,390 [s0-client-thread1] DEBUG segmented.SegmentedRaftLogWorker (SegmentedRaftLogWorker.java:addIOTask(270)) - s0@group-EF46AB43B6D1-SegmentedRaftLogWorker adds IO task WriteLog:71: (t:1, i:71), STATEMACHINELOGENTRY, StateMachineLogEntryProto:206@client-64B90517F321
2022-07-14 15:51:54,391 [s0@group-EF46AB43B6D1-SegmentedRaftLogWorker] DEBUG segmented.SegmentedRaftLogWorker (SegmentedRaftLogWorker.java:flushIfNecessary(365)) - s0@group-EF46AB43B6D1-SegmentedRaftLogWorker: flush SegmentedRaftLogOutputStream(/home/runner/work/ratis/ratis/ratis-test/target/test/data/7931f2a6/MiniRaftClusterWithGrpc6c3cfa42/s0/d33854d5-690d-4a13-9a9e-ef46ab43b6d1/current/log_inprogress_0)
2022-07-14 15:51:54,391 [s0@group-EF46AB43B6D1-LeaderStateImpl] TRACE segmented.SegmentedRaftLogCache (AutoCloseableReadWriteLock.java:logLocking(65)) - s0@group-EF46AB43B6D1: readLock ACQUIRED 1 by SegmentedRaftLogCache.getStartIndex
2022-07-14 15:51:54,391 [s0@group-EF46AB43B6D1-LeaderStateImpl] TRACE segmented.SegmentedRaftLogCache (AutoCloseableReadWriteLock.java:logLocking(65)) -   s0@group-EF46AB43B6D1: readLock ACQUIRED 2 by SegmentedRaftLogCache$LogSegmentList.isEmpty
2022-07-14 15:51:54,391 [s0@group-EF46AB43B6D1-LeaderStateImpl] TRACE segmented.SegmentedRaftLogCache (AutoCloseableReadWriteLock.java:logLocking(65)) -   s0@group-EF46AB43B6D1: readLock RELEASED 1 by SegmentedRaftLogCache$LogSegmentList.isEmpty
2022-07-14 15:51:54,391 [s0@group-EF46AB43B6D1-LeaderStateImpl] TRACE segmented.SegmentedRaftLogCache (AutoCloseableReadWriteLock.java:logLocking(65)) - s0@group-EF46AB43B6D1: readLock RELEASED 0 by SegmentedRaftLogCache.getStartIndex
2022-07-14 15:51:54,391 [s0@group-EF46AB43B6D1-LeaderStateImpl] TRACE segmented.SegmentedRaftLogCache (AutoCloseableReadWriteLock.java:logLocking(65)) - s0@group-EF46AB43B6D1: readLock ACQUIRED 1 by SegmentedRaftLogCache.getEndIndex
2022-07-14 15:51:54,391 [s0@group-EF46AB43B6D1-LeaderStateImpl] TRACE segmented.SegmentedRaftLogCache (AutoCloseableReadWriteLock.java:logLocking(65)) - s0@group-EF46AB43B6D1: readLock RELEASED 0 by SegmentedRaftLogCache.getEndIndex
2022-07-14 15:51:54,391 [s0@group-EF46AB43B6D1-LeaderStateImpl] TRACE segmented.SegmentedRaftLogCache (AutoCloseableReadWriteLock.java:logLocking(65)) - s0@group-EF46AB43B6D1: readLock ACQUIRED 1 by SegmentedRaftLogCache$LogSegmentList.getTermIndex
2022-07-14 15:51:54,391 [s0@group-EF46AB43B6D1-LeaderStateImpl] TRACE segmented.SegmentedRaftLogCache (AutoCloseableReadWriteLock.java:logLocking(65)) - s0@group-EF46AB43B6D1: readLock RELEASED 0 by SegmentedRaftLogCache$LogSegmentList.getTermIndex
2022-07-14 15:51:54,391 [s0@group-EF46AB43B6D1-StateMachineUpdater] INFO  statemachine.SimpleStateMachine4Testing (SimpleStateMachine4Testing.java:put(204)) - s0: put 71, m35 -> (t:1, i:71), STATEMACHINELOGENTRY, 206@client-64B90517F321
2022-07-14 15:51:54,392 [s0@group-EF46AB43B6D1-LeaderStateImpl] TRACE segmented.SegmentedRaftLogCache (AutoCloseableReadWriteLock.java:logLocking(65)) - s0@group-EF46AB43B6D1: readLock ACQUIRED 1 by SegmentedRaftLogCache.getLastTermIndex
2022-07-14 15:51:54,392 [s0@group-EF46AB43B6D1-LeaderStateImpl] TRACE segmented.SegmentedRaftLogCache (AutoCloseableReadWriteLock.java:logLocking(65)) - s0@group-EF46AB43B6D1: readLock RELEASED 0 by SegmentedRaftLogCache.getLastTermIndex
2022-07-14 15:51:54,392 [s0@group-EF46AB43B6D1-LeaderStateImpl] TRACE segmented.SegmentedRaftLogCache (AutoCloseableReadWriteLock.java:logLocking(65)) - s0@group-EF46AB43B6D1: readLock ACQUIRED 1 by SegmentedRaftLogCache$LogSegmentList.countCached
2022-07-14 15:51:54,392 [s0@group-EF46AB43B6D1-LeaderStateImpl] TRACE segmented.SegmentedRaftLogCache (AutoCloseableReadWriteLock.java:logLocking(65)) - s0@group-EF46AB43B6D1: readLock RELEASED 0 by SegmentedRaftLogCache$LogSegmentList.countCached
2022-07-14 15:51:54,393 [s0@group-EF46AB43B6D1-LeaderStateImpl] TRACE segmented.SegmentedRaftLogCache (AutoCloseableReadWriteLock.java:logLocking(65)) - s0@group-EF46AB43B6D1: readLock ACQUIRED 1 by SegmentedRaftLogCache$LogSegmentList.getTotalCacheSize
2022-07-14 15:51:54,393 [s0@group-EF46AB43B6D1-LeaderStateImpl] TRACE segmented.SegmentedRaftLogCache (AutoCloseableReadWriteLock.java:logLocking(65)) - s0@group-EF46AB43B6D1: readLock RELEASED 0 by SegmentedRaftLogCache$LogSegmentList.getTotalCacheSize
2022-07-14 15:51:54,393 [s0@group-EF46AB43B6D1-LeaderStateImpl] DEBUG segmented.SegmentedRaftLogWorker (SegmentedRaftLogWorker.java:addIOTask(270)) - s0@group-EF46AB43B6D1-SegmentedRaftLogWorker adds IO task WriteLog:72: (t:1, i:72), METADATAENTRY(c:71)
2022-07-14 15:51:54,393 [s0@group-EF46AB43B6D1-SegmentedRaftLogWorker] DEBUG segmented.SegmentedRaftLogWorker (SegmentedRaftLogWorker.java:flushIfNecessary(365)) - s0@group-EF46AB43B6D1-SegmentedRaftLogWorker: flush SegmentedRaftLogOutputStream(/home/runner/work/ratis/ratis/ratis-test/target/test/data/7931f2a6/MiniRaftClusterWithGrpc6c3cfa42/s0/d33854d5-690d-4a13-9a9e-ef46ab43b6d1/current/log_inprogress_0)
2022-07-14 15:51:54,394 [s0-client-thread1] TRACE segmented.SegmentedRaftLogCache (AutoCloseableReadWriteLock.java:logLocking(65)) - s0@group-EF46AB43B6D1: readLock ACQUIRED 1 by SegmentedRaftLogCache.getLastTermIndex
2022-07-14 15:51:54,394 [s0-client-thread1] TRACE segmented.SegmentedRaftLogCache (AutoCloseableReadWriteLock.java:logLocking(65)) - s0@group-EF46AB43B6D1: readLock RELEASED 0 by SegmentedRaftLogCache.getLastTermIndex
2022-07-14 15:51:54,394 [s0-client-thread1] TRACE segmented.SegmentedRaftLogCache (AutoCloseableReadWriteLock.java:logLocking(65)) - s0@group-EF46AB43B6D1: readLock ACQUIRED 1 by SegmentedRaftLogCache.getLastTermIndex
2022-07-14 15:51:54,394 [s0-client-thread1] TRACE segmented.SegmentedRaftLogCache (AutoCloseableReadWriteLock.java:logLocking(65)) - s0@group-EF46AB43B6D1: readLock RELEASED 0 by SegmentedRaftLogCache.getLastTermIndex
2022-07-14 15:51:54,394 [s0-client-thread1] TRACE segmented.SegmentedRaftLogCache (AutoCloseableReadWriteLock.java:logLocking(65)) - s0@group-EF46AB43B6D1: readLock ACQUIRED 1 by SegmentedRaftLogCache$LogSegmentList.countCached
2022-07-14 15:51:54,394 [s0-client-thread1] TRACE segmented.SegmentedRaftLogCache (AutoCloseableReadWriteLock.java:logLocking(65)) - s0@group-EF46AB43B6D1: readLock RELEASED 0 by SegmentedRaftLogCache$LogSegmentList.countCached
2022-07-14 15:51:54,394 [s0-client-thread1] TRACE segmented.SegmentedRaftLogCache (AutoCloseableReadWriteLock.java:logLocking(65)) - s0@group-EF46AB43B6D1: readLock ACQUIRED 1 by SegmentedRaftLogCache$LogSegmentList.getTotalCacheSize
2022-07-14 15:51:54,394 [s0-client-thread1] TRACE segmented.SegmentedRaftLogCache (AutoCloseableReadWriteLock.java:logLocking(65)) - s0@group-EF46AB43B6D1: readLock RELEASED 0 by SegmentedRaftLogCache$LogSegmentList.getTotalCacheSize
2022-07-14 15:51:54,394 [s0-client-thread1] DEBUG segmented.SegmentedRaftLogWorker (SegmentedRaftLogWorker.java:addIOTask(270)) - s0@group-EF46AB43B6D1-SegmentedRaftLogWorker adds IO task WriteLog:73: (t:1, i:73), STATEMACHINELOGENTRY, StateMachineLogEntryProto:207@client-64B90517F321
2022-07-14 15:51:54,394 [s0@group-EF46AB43B6D1-SegmentedRaftLogWorker] DEBUG segmented.SegmentedRaftLogWorker (SegmentedRaftLogWorker.java:flushIfNecessary(365)) - s0@group-EF46AB43B6D1-SegmentedRaftLogWorker: flush SegmentedRaftLogOutputStream(/home/runner/work/ratis/ratis/ratis-test/target/test/data/7931f2a6/MiniRaftClusterWithGrpc6c3cfa42/s0/d33854d5-690d-4a13-9a9e-ef46ab43b6d1/current/log_inprogress_0)
2022-07-14 15:51:54,395 [s0@group-EF46AB43B6D1-LeaderStateImpl] TRACE segmented.SegmentedRaftLogCache (AutoCloseableReadWriteLock.java:logLocking(65)) - s0@group-EF46AB43B6D1: readLock ACQUIRED 1 by SegmentedRaftLogCache.getStartIndex
2022-07-14 15:51:54,395 [s0@group-EF46AB43B6D1-LeaderStateImpl] TRACE segmented.SegmentedRaftLogCache (AutoCloseableReadWriteLock.java:logLocking(65)) -   s0@group-EF46AB43B6D1: readLock ACQUIRED 2 by SegmentedRaftLogCache$LogSegmentList.isEmpty
2022-07-14 15:51:54,395 [s0@group-EF46AB43B6D1-LeaderStateImpl] TRACE segmented.SegmentedRaftLogCache (AutoCloseableReadWriteLock.java:logLocking(65)) -   s0@group-EF46AB43B6D1: readLock RELEASED 1 by SegmentedRaftLogCache$LogSegmentList.isEmpty
2022-07-14 15:51:54,395 [s0@group-EF46AB43B6D1-LeaderStateImpl] TRACE segmented.SegmentedRaftLogCache (AutoCloseableReadWriteLock.java:logLocking(65)) - s0@group-EF46AB43B6D1: readLock RELEASED 0 by SegmentedRaftLogCache.getStartIndex
2022-07-14 15:51:54,395 [s0@group-EF46AB43B6D1-LeaderStateImpl] TRACE segmented.SegmentedRaftLogCache (AutoCloseableReadWriteLock.java:logLocking(65)) - s0@group-EF46AB43B6D1: readLock ACQUIRED 1 by SegmentedRaftLogCache.getEndIndex
2022-07-14 15:51:54,395 [s0@group-EF46AB43B6D1-LeaderStateImpl] TRACE segmented.SegmentedRaftLogCache (AutoCloseableReadWriteLock.java:logLocking(65)) - s0@group-EF46AB43B6D1: readLock RELEASED 0 by SegmentedRaftLogCache.getEndIndex
2022-07-14 15:51:54,395 [s0@group-EF46AB43B6D1-LeaderStateImpl] TRACE segmented.SegmentedRaftLogCache (AutoCloseableReadWriteLock.java:logLocking(65)) - s0@group-EF46AB43B6D1: readLock ACQUIRED 1 by SegmentedRaftLogCache$LogSegmentList.getTermIndex
2022-07-14 15:51:54,395 [s0@group-EF46AB43B6D1-LeaderStateImpl] TRACE segmented.SegmentedRaftLogCache (AutoCloseableReadWriteLock.java:logLocking(65)) - s0@group-EF46AB43B6D1: readLock RELEASED 0 by SegmentedRaftLogCache$LogSegmentList.getTermIndex
2022-07-14 15:51:54,395 [s0@group-EF46AB43B6D1-LeaderStateImpl] TRACE segmented.SegmentedRaftLogCache (AutoCloseableReadWriteLock.java:logLocking(65)) - s0@group-EF46AB43B6D1: readLock ACQUIRED 1 by SegmentedRaftLogCache.getStartIndex
2022-07-14 15:51:54,395 [s0@group-EF46AB43B6D1-LeaderStateImpl] TRACE segmented.SegmentedRaftLogCache (AutoCloseableReadWriteLock.java:logLocking(65)) -   s0@group-EF46AB43B6D1: readLock ACQUIRED 2 by SegmentedRaftLogCache$LogSegmentList.isEmpty
2022-07-14 15:51:54,395 [s0@group-EF46AB43B6D1-LeaderStateImpl] TRACE segmented.SegmentedRaftLogCache (AutoCloseableReadWriteLock.java:logLocking(65)) -   s0@group-EF46AB43B6D1: readLock RELEASED 1 by SegmentedRaftLogCache$LogSegmentList.isEmpty
2022-07-14 15:51:54,395 [s0@group-EF46AB43B6D1-LeaderStateImpl] TRACE segmented.SegmentedRaftLogCache (AutoCloseableReadWriteLock.java:logLocking(65)) - s0@group-EF46AB43B6D1: readLock RELEASED 0 by SegmentedRaftLogCache.getStartIndex
2022-07-14 15:51:54,395 [s0@group-EF46AB43B6D1-LeaderStateImpl] TRACE segmented.SegmentedRaftLogCache (AutoCloseableReadWriteLock.java:logLocking(65)) - s0@group-EF46AB43B6D1: readLock ACQUIRED 1 by SegmentedRaftLogCache.getEndIndex
2022-07-14 15:51:54,395 [s0@group-EF46AB43B6D1-LeaderStateImpl] TRACE segmented.SegmentedRaftLogCache (AutoCloseableReadWriteLock.java:logLocking(65)) - s0@group-EF46AB43B6D1: readLock RELEASED 0 by SegmentedRaftLogCache.getEndIndex
2022-07-14 15:51:54,395 [s0@group-EF46AB43B6D1-LeaderStateImpl] TRACE segmented.SegmentedRaftLogCache (AutoCloseableReadWriteLock.java:logLocking(65)) - s0@group-EF46AB43B6D1: readLock ACQUIRED 1 by SegmentedRaftLogCache$LogSegmentList.getTermIndex
2022-07-14 15:51:54,395 [s0@group-EF46AB43B6D1-LeaderStateImpl] TRACE segmented.SegmentedRaftLogCache (AutoCloseableReadWriteLock.java:logLocking(65)) - s0@group-EF46AB43B6D1: readLock RELEASED 0 by SegmentedRaftLogCache$LogSegmentList.getTermIndex
2022-07-14 15:51:54,396 [s0@group-EF46AB43B6D1-StateMachineUpdater] INFO  statemachine.SimpleStateMachine4Testing (SimpleStateMachine4Testing.java:put(204)) - s0: put 73, m36 -> (t:1, i:73), STATEMACHINELOGENTRY, 207@client-64B90517F321
2022-07-14 15:51:54,397 [s0@group-EF46AB43B6D1-LeaderStateImpl] TRACE segmented.SegmentedRaftLogCache (AutoCloseableReadWriteLock.java:logLocking(65)) - s0@group-EF46AB43B6D1: readLock ACQUIRED 1 by SegmentedRaftLogCache.getLastTermIndex
2022-07-14 15:51:54,397 [s0@group-EF46AB43B6D1-LeaderStateImpl] TRACE segmented.SegmentedRaftLogCache (AutoCloseableReadWriteLock.java:logLocking(65)) - s0@group-EF46AB43B6D1: readLock RELEASED 0 by SegmentedRaftLogCache.getLastTermIndex
2022-07-14 15:51:54,397 [s0@group-EF46AB43B6D1-LeaderStateImpl] TRACE segmented.SegmentedRaftLogCache (AutoCloseableReadWriteLock.java:logLocking(65)) - s0@group-EF46AB43B6D1: readLock ACQUIRED 1 by SegmentedRaftLogCache$LogSegmentList.countCached
2022-07-14 15:51:54,397 [s0@group-EF46AB43B6D1-LeaderStateImpl] TRACE segmented.SegmentedRaftLogCache (AutoCloseableReadWriteLock.java:logLocking(65)) - s0@group-EF46AB43B6D1: readLock RELEASED 0 by SegmentedRaftLogCache$LogSegmentList.countCached
2022-07-14 15:51:54,397 [s0@group-EF46AB43B6D1-LeaderStateImpl] TRACE segmented.SegmentedRaftLogCache (AutoCloseableReadWriteLock.java:logLocking(65)) - s0@group-EF46AB43B6D1: readLock ACQUIRED 1 by SegmentedRaftLogCache$LogSegmentList.getTotalCacheSize
2022-07-14 15:51:54,397 [s0@group-EF46AB43B6D1-LeaderStateImpl] TRACE segmented.SegmentedRaftLogCache (AutoCloseableReadWriteLock.java:logLocking(65)) - s0@group-EF46AB43B6D1: readLock RELEASED 0 by SegmentedRaftLogCache$LogSegmentList.getTotalCacheSize
2022-07-14 15:51:54,398 [s0@group-EF46AB43B6D1-LeaderStateImpl] DEBUG segmented.SegmentedRaftLogWorker (SegmentedRaftLogWorker.java:addIOTask(270)) - s0@group-EF46AB43B6D1-SegmentedRaftLogWorker adds IO task WriteLog:74: (t:1, i:74), METADATAENTRY(c:73)
2022-07-14 15:51:54,398 [s0@group-EF46AB43B6D1-SegmentedRaftLogWorker] DEBUG segmented.SegmentedRaftLogWorker (SegmentedRaftLogWorker.java:flushIfNecessary(365)) - s0@group-EF46AB43B6D1-SegmentedRaftLogWorker: flush SegmentedRaftLogOutputStream(/home/runner/work/ratis/ratis/ratis-test/target/test/data/7931f2a6/MiniRaftClusterWithGrpc6c3cfa42/s0/d33854d5-690d-4a13-9a9e-ef46ab43b6d1/current/log_inprogress_0)
2022-07-14 15:51:54,398 [s0-client-thread1] TRACE segmented.SegmentedRaftLogCache (AutoCloseableReadWriteLock.java:logLocking(65)) - s0@group-EF46AB43B6D1: readLock ACQUIRED 1 by SegmentedRaftLogCache.getLastTermIndex
2022-07-14 15:51:54,398 [s0-client-thread1] TRACE segmented.SegmentedRaftLogCache (AutoCloseableReadWriteLock.java:logLocking(65)) - s0@group-EF46AB43B6D1: readLock RELEASED 0 by SegmentedRaftLogCache.getLastTermIndex
2022-07-14 15:51:54,398 [s0-client-thread1] TRACE segmented.SegmentedRaftLogCache (AutoCloseableReadWriteLock.java:logLocking(65)) - s0@group-EF46AB43B6D1: readLock ACQUIRED 1 by SegmentedRaftLogCache.getLastTermIndex
2022-07-14 15:51:54,398 [s0-client-thread1] TRACE segmented.SegmentedRaftLogCache (AutoCloseableReadWriteLock.java:logLocking(65)) - s0@group-EF46AB43B6D1: readLock RELEASED 0 by SegmentedRaftLogCache.getLastTermIndex
2022-07-14 15:51:54,398 [s0-client-thread1] TRACE segmented.SegmentedRaftLogCache (AutoCloseableReadWriteLock.java:logLocking(65)) - s0@group-EF46AB43B6D1: readLock ACQUIRED 1 by SegmentedRaftLogCache$LogSegmentList.countCached
2022-07-14 15:51:54,398 [s0-client-thread1] TRACE segmented.SegmentedRaftLogCache (AutoCloseableReadWriteLock.java:logLocking(65)) - s0@group-EF46AB43B6D1: readLock RELEASED 0 by SegmentedRaftLogCache$LogSegmentList.countCached
2022-07-14 15:51:54,398 [s0-client-thread1] TRACE segmented.SegmentedRaftLogCache (AutoCloseableReadWriteLock.java:logLocking(65)) - s0@group-EF46AB43B6D1: readLock ACQUIRED 1 by SegmentedRaftLogCache$LogSegmentList.getTotalCacheSize
2022-07-14 15:51:54,398 [s0-client-thread1] TRACE segmented.SegmentedRaftLogCache (AutoCloseableReadWriteLock.java:logLocking(65)) - s0@group-EF46AB43B6D1: readLock RELEASED 0 by SegmentedRaftLogCache$LogSegmentList.getTotalCacheSize
2022-07-14 15:51:54,398 [s0-client-thread1] DEBUG segmented.SegmentedRaftLogWorker (SegmentedRaftLogWorker.java:addIOTask(270)) - s0@group-EF46AB43B6D1-SegmentedRaftLogWorker adds IO task WriteLog:75: (t:1, i:75), STATEMACHINELOGENTRY, StateMachineLogEntryProto:208@client-64B90517F321
2022-07-14 15:51:54,399 [s0@group-EF46AB43B6D1-SegmentedRaftLogWorker] DEBUG segmented.SegmentedRaftLogWorker (SegmentedRaftLogWorker.java:flushIfNecessary(365)) - s0@group-EF46AB43B6D1-SegmentedRaftLogWorker: flush SegmentedRaftLogOutputStream(/home/runner/work/ratis/ratis/ratis-test/target/test/data/7931f2a6/MiniRaftClusterWithGrpc6c3cfa42/s0/d33854d5-690d-4a13-9a9e-ef46ab43b6d1/current/log_inprogress_0)
2022-07-14 15:51:54,399 [s0@group-EF46AB43B6D1-LeaderStateImpl] TRACE segmented.SegmentedRaftLogCache (AutoCloseableReadWriteLock.java:logLocking(65)) - s0@group-EF46AB43B6D1: readLock ACQUIRED 1 by SegmentedRaftLogCache.getStartIndex
2022-07-14 15:51:54,399 [s0@group-EF46AB43B6D1-LeaderStateImpl] TRACE segmented.SegmentedRaftLogCache (AutoCloseableReadWriteLock.java:logLocking(65)) -   s0@group-EF46AB43B6D1: readLock ACQUIRED 2 by SegmentedRaftLogCache$LogSegmentList.isEmpty
2022-07-14 15:51:54,399 [s0@group-EF46AB43B6D1-LeaderStateImpl] TRACE segmented.SegmentedRaftLogCache (AutoCloseableReadWriteLock.java:logLocking(65)) -   s0@group-EF46AB43B6D1: readLock RELEASED 1 by SegmentedRaftLogCache$LogSegmentList.isEmpty
2022-07-14 15:51:54,399 [s0@group-EF46AB43B6D1-LeaderStateImpl] TRACE segmented.SegmentedRaftLogCache (AutoCloseableReadWriteLock.java:logLocking(65)) - s0@group-EF46AB43B6D1: readLock RELEASED 0 by SegmentedRaftLogCache.getStartIndex
2022-07-14 15:51:54,399 [s0@group-EF46AB43B6D1-LeaderStateImpl] TRACE segmented.SegmentedRaftLogCache (AutoCloseableReadWriteLock.java:logLocking(65)) - s0@group-EF46AB43B6D1: readLock ACQUIRED 1 by SegmentedRaftLogCache.getEndIndex
2022-07-14 15:51:54,399 [s0@group-EF46AB43B6D1-LeaderStateImpl] TRACE segmented.SegmentedRaftLogCache (AutoCloseableReadWriteLock.java:logLocking(65)) - s0@group-EF46AB43B6D1: readLock RELEASED 0 by SegmentedRaftLogCache.getEndIndex
2022-07-14 15:51:54,399 [s0@group-EF46AB43B6D1-LeaderStateImpl] TRACE segmented.SegmentedRaftLogCache (AutoCloseableReadWriteLock.java:logLocking(65)) - s0@group-EF46AB43B6D1: readLock ACQUIRED 1 by SegmentedRaftLogCache$LogSegmentList.getTermIndex
2022-07-14 15:51:54,399 [s0@group-EF46AB43B6D1-LeaderStateImpl] TRACE segmented.SegmentedRaftLogCache (AutoCloseableReadWriteLock.java:logLocking(65)) - s0@group-EF46AB43B6D1: readLock RELEASED 0 by SegmentedRaftLogCache$LogSegmentList.getTermIndex
2022-07-14 15:51:54,399 [s0@group-EF46AB43B6D1-LeaderStateImpl] TRACE segmented.SegmentedRaftLogCache (AutoCloseableReadWriteLock.java:logLocking(65)) - s0@group-EF46AB43B6D1: readLock ACQUIRED 1 by SegmentedRaftLogCache.getStartIndex
2022-07-14 15:51:54,399 [s0@group-EF46AB43B6D1-LeaderStateImpl] TRACE segmented.SegmentedRaftLogCache (AutoCloseableReadWriteLock.java:logLocking(65)) -   s0@group-EF46AB43B6D1: readLock ACQUIRED 2 by SegmentedRaftLogCache$LogSegmentList.isEmpty
2022-07-14 15:51:54,399 [s0@group-EF46AB43B6D1-LeaderStateImpl] TRACE segmented.SegmentedRaftLogCache (AutoCloseableReadWriteLock.java:logLocking(65)) -   s0@group-EF46AB43B6D1: readLock RELEASED 1 by SegmentedRaftLogCache$LogSegmentList.isEmpty
2022-07-14 15:51:54,399 [s0@group-EF46AB43B6D1-LeaderStateImpl] TRACE segmented.SegmentedRaftLogCache (AutoCloseableReadWriteLock.java:logLocking(65)) - s0@group-EF46AB43B6D1: readLock RELEASED 0 by SegmentedRaftLogCache.getStartIndex
2022-07-14 15:51:54,399 [s0@group-EF46AB43B6D1-LeaderStateImpl] TRACE segmented.SegmentedRaftLogCache (AutoCloseableReadWriteLock.java:logLocking(65)) - s0@group-EF46AB43B6D1: readLock ACQUIRED 1 by SegmentedRaftLogCache.getEndIndex
2022-07-14 15:51:54,399 [s0@group-EF46AB43B6D1-LeaderStateImpl] TRACE segmented.SegmentedRaftLogCache (AutoCloseableReadWriteLock.java:logLocking(65)) - s0@group-EF46AB43B6D1: readLock RELEASED 0 by SegmentedRaftLogCache.getEndIndex
2022-07-14 15:51:54,399 [s0@group-EF46AB43B6D1-LeaderStateImpl] TRACE segmented.SegmentedRaftLogCache (AutoCloseableReadWriteLock.java:logLocking(65)) - s0@group-EF46AB43B6D1: readLock ACQUIRED 1 by SegmentedRaftLogCache$LogSegmentList.getTermIndex
2022-07-14 15:51:54,400 [s0@group-EF46AB43B6D1-LeaderStateImpl] TRACE segmented.SegmentedRaftLogCache (AutoCloseableReadWriteLock.java:logLocking(65)) - s0@group-EF46AB43B6D1: readLock RELEASED 0 by SegmentedRaftLogCache$LogSegmentList.getTermIndex
2022-07-14 15:51:54,400 [s0@group-EF46AB43B6D1-StateMachineUpdater] INFO  statemachine.SimpleStateMachine4Testing (SimpleStateMachine4Testing.java:put(204)) - s0: put 75, m37 -> (t:1, i:75), STATEMACHINELOGENTRY, 208@client-64B90517F321
2022-07-14 15:51:54,400 [s0@group-EF46AB43B6D1-LeaderStateImpl] TRACE segmented.SegmentedRaftLogCache (AutoCloseableReadWriteLock.java:logLocking(65)) - s0@group-EF46AB43B6D1: readLock ACQUIRED 1 by SegmentedRaftLogCache.getLastTermIndex
2022-07-14 15:51:54,400 [s0@group-EF46AB43B6D1-LeaderStateImpl] TRACE segmented.SegmentedRaftLogCache (AutoCloseableReadWriteLock.java:logLocking(65)) - s0@group-EF46AB43B6D1: readLock RELEASED 0 by SegmentedRaftLogCache.getLastTermIndex
2022-07-14 15:51:54,401 [s0@group-EF46AB43B6D1-LeaderStateImpl] TRACE segmented.SegmentedRaftLogCache (AutoCloseableReadWriteLock.java:logLocking(65)) - s0@group-EF46AB43B6D1: readLock ACQUIRED 1 by SegmentedRaftLogCache$LogSegmentList.countCached
2022-07-14 15:51:54,401 [s0@group-EF46AB43B6D1-LeaderStateImpl] TRACE segmented.SegmentedRaftLogCache (AutoCloseableReadWriteLock.java:logLocking(65)) - s0@group-EF46AB43B6D1: readLock RELEASED 0 by SegmentedRaftLogCache$LogSegmentList.countCached
2022-07-14 15:51:54,401 [s0@group-EF46AB43B6D1-LeaderStateImpl] TRACE segmented.SegmentedRaftLogCache (AutoCloseableReadWriteLock.java:logLocking(65)) - s0@group-EF46AB43B6D1: readLock ACQUIRED 1 by SegmentedRaftLogCache$LogSegmentList.getTotalCacheSize
2022-07-14 15:51:54,401 [s0@group-EF46AB43B6D1-LeaderStateImpl] TRACE segmented.SegmentedRaftLogCache (AutoCloseableReadWriteLock.java:logLocking(65)) - s0@group-EF46AB43B6D1: readLock RELEASED 0 by SegmentedRaftLogCache$LogSegmentList.getTotalCacheSize
2022-07-14 15:51:54,402 [s0@group-EF46AB43B6D1-LeaderStateImpl] DEBUG segmented.SegmentedRaftLogWorker (SegmentedRaftLogWorker.java:addIOTask(270)) - s0@group-EF46AB43B6D1-SegmentedRaftLogWorker adds IO task WriteLog:76: (t:1, i:76), METADATAENTRY(c:75)
2022-07-14 15:51:54,402 [s0@group-EF46AB43B6D1-SegmentedRaftLogWorker] DEBUG segmented.SegmentedRaftLogWorker (SegmentedRaftLogWorker.java:flushIfNecessary(365)) - s0@group-EF46AB43B6D1-SegmentedRaftLogWorker: flush SegmentedRaftLogOutputStream(/home/runner/work/ratis/ratis/ratis-test/target/test/data/7931f2a6/MiniRaftClusterWithGrpc6c3cfa42/s0/d33854d5-690d-4a13-9a9e-ef46ab43b6d1/current/log_inprogress_0)
2022-07-14 15:51:54,402 [s0-client-thread1] TRACE segmented.SegmentedRaftLogCache (AutoCloseableReadWriteLock.java:logLocking(65)) - s0@group-EF46AB43B6D1: readLock ACQUIRED 1 by SegmentedRaftLogCache.getLastTermIndex
2022-07-14 15:51:54,402 [s0-client-thread1] TRACE segmented.SegmentedRaftLogCache (AutoCloseableReadWriteLock.java:logLocking(65)) - s0@group-EF46AB43B6D1: readLock RELEASED 0 by SegmentedRaftLogCache.getLastTermIndex
2022-07-14 15:51:54,402 [s0-client-thread1] TRACE segmented.SegmentedRaftLogCache (AutoCloseableReadWriteLock.java:logLocking(65)) - s0@group-EF46AB43B6D1: readLock ACQUIRED 1 by SegmentedRaftLogCache.getLastTermIndex
2022-07-14 15:51:54,402 [s0-client-thread1] TRACE segmented.SegmentedRaftLogCache (AutoCloseableReadWriteLock.java:logLocking(65)) - s0@group-EF46AB43B6D1: readLock RELEASED 0 by SegmentedRaftLogCache.getLastTermIndex
2022-07-14 15:51:54,402 [s0-client-thread1] TRACE segmented.SegmentedRaftLogCache (AutoCloseableReadWriteLock.java:logLocking(65)) - s0@group-EF46AB43B6D1: readLock ACQUIRED 1 by SegmentedRaftLogCache$LogSegmentList.countCached
2022-07-14 15:51:54,402 [s0-client-thread1] TRACE segmented.SegmentedRaftLogCache (AutoCloseableReadWriteLock.java:logLocking(65)) - s0@group-EF46AB43B6D1: readLock RELEASED 0 by SegmentedRaftLogCache$LogSegmentList.countCached
2022-07-14 15:51:54,402 [s0-client-thread1] TRACE segmented.SegmentedRaftLogCache (AutoCloseableReadWriteLock.java:logLocking(65)) - s0@group-EF46AB43B6D1: readLock ACQUIRED 1 by SegmentedRaftLogCache$LogSegmentList.getTotalCacheSize
2022-07-14 15:51:54,402 [s0-client-thread1] TRACE segmented.SegmentedRaftLogCache (AutoCloseableReadWriteLock.java:logLocking(65)) - s0@group-EF46AB43B6D1: readLock RELEASED 0 by SegmentedRaftLogCache$LogSegmentList.getTotalCacheSize
2022-07-14 15:51:54,402 [s0-client-thread1] DEBUG segmented.SegmentedRaftLogWorker (SegmentedRaftLogWorker.java:addIOTask(270)) - s0@group-EF46AB43B6D1-SegmentedRaftLogWorker adds IO task WriteLog:77: (t:1, i:77), STATEMACHINELOGENTRY, StateMachineLogEntryProto:209@client-64B90517F321
2022-07-14 15:51:54,402 [s0@group-EF46AB43B6D1-SegmentedRaftLogWorker] DEBUG segmented.SegmentedRaftLogWorker (SegmentedRaftLogWorker.java:flushIfNecessary(365)) - s0@group-EF46AB43B6D1-SegmentedRaftLogWorker: flush SegmentedRaftLogOutputStream(/home/runner/work/ratis/ratis/ratis-test/target/test/data/7931f2a6/MiniRaftClusterWithGrpc6c3cfa42/s0/d33854d5-690d-4a13-9a9e-ef46ab43b6d1/current/log_inprogress_0)
2022-07-14 15:51:54,403 [s0@group-EF46AB43B6D1-LeaderStateImpl] TRACE segmented.SegmentedRaftLogCache (AutoCloseableReadWriteLock.java:logLocking(65)) - s0@group-EF46AB43B6D1: readLock ACQUIRED 1 by SegmentedRaftLogCache.getStartIndex
2022-07-14 15:51:54,403 [s0@group-EF46AB43B6D1-LeaderStateImpl] TRACE segmented.SegmentedRaftLogCache (AutoCloseableReadWriteLock.java:logLocking(65)) -   s0@group-EF46AB43B6D1: readLock ACQUIRED 2 by SegmentedRaftLogCache$LogSegmentList.isEmpty
2022-07-14 15:51:54,403 [s0@group-EF46AB43B6D1-LeaderStateImpl] TRACE segmented.SegmentedRaftLogCache (AutoCloseableReadWriteLock.java:logLocking(65)) -   s0@group-EF46AB43B6D1: readLock RELEASED 1 by SegmentedRaftLogCache$LogSegmentList.isEmpty
2022-07-14 15:51:54,403 [s0@group-EF46AB43B6D1-LeaderStateImpl] TRACE segmented.SegmentedRaftLogCache (AutoCloseableReadWriteLock.java:logLocking(65)) - s0@group-EF46AB43B6D1: readLock RELEASED 0 by SegmentedRaftLogCache.getStartIndex
2022-07-14 15:51:54,403 [s0@group-EF46AB43B6D1-LeaderStateImpl] TRACE segmented.SegmentedRaftLogCache (AutoCloseableReadWriteLock.java:logLocking(65)) - s0@group-EF46AB43B6D1: readLock ACQUIRED 1 by SegmentedRaftLogCache.getEndIndex
2022-07-14 15:51:54,403 [s0@group-EF46AB43B6D1-LeaderStateImpl] TRACE segmented.SegmentedRaftLogCache (AutoCloseableReadWriteLock.java:logLocking(65)) - s0@group-EF46AB43B6D1: readLock RELEASED 0 by SegmentedRaftLogCache.getEndIndex
2022-07-14 15:51:54,403 [s0@group-EF46AB43B6D1-LeaderStateImpl] TRACE segmented.SegmentedRaftLogCache (AutoCloseableReadWriteLock.java:logLocking(65)) - s0@group-EF46AB43B6D1: readLock ACQUIRED 1 by SegmentedRaftLogCache$LogSegmentList.getTermIndex
2022-07-14 15:51:54,403 [s0@group-EF46AB43B6D1-LeaderStateImpl] TRACE segmented.SegmentedRaftLogCache (AutoCloseableReadWriteLock.java:logLocking(65)) - s0@group-EF46AB43B6D1: readLock RELEASED 0 by SegmentedRaftLogCache$LogSegmentList.getTermIndex
2022-07-14 15:51:54,403 [s0@group-EF46AB43B6D1-LeaderStateImpl] TRACE segmented.SegmentedRaftLogCache (AutoCloseableReadWriteLock.java:logLocking(65)) - s0@group-EF46AB43B6D1: readLock ACQUIRED 1 by SegmentedRaftLogCache.getStartIndex
2022-07-14 15:51:54,403 [s0@group-EF46AB43B6D1-LeaderStateImpl] TRACE segmented.SegmentedRaftLogCache (AutoCloseableReadWriteLock.java:logLocking(65)) -   s0@group-EF46AB43B6D1: readLock ACQUIRED 2 by SegmentedRaftLogCache$LogSegmentList.isEmpty
2022-07-14 15:51:54,403 [s0@group-EF46AB43B6D1-LeaderStateImpl] TRACE segmented.SegmentedRaftLogCache (AutoCloseableReadWriteLock.java:logLocking(65)) -   s0@group-EF46AB43B6D1: readLock RELEASED 1 by SegmentedRaftLogCache$LogSegmentList.isEmpty
2022-07-14 15:51:54,403 [s0@group-EF46AB43B6D1-LeaderStateImpl] TRACE segmented.SegmentedRaftLogCache (AutoCloseableReadWriteLock.java:logLocking(65)) - s0@group-EF46AB43B6D1: readLock RELEASED 0 by SegmentedRaftLogCache.getStartIndex
2022-07-14 15:51:54,403 [s0@group-EF46AB43B6D1-LeaderStateImpl] TRACE segmented.SegmentedRaftLogCache (AutoCloseableReadWriteLock.java:logLocking(65)) - s0@group-EF46AB43B6D1: readLock ACQUIRED 1 by SegmentedRaftLogCache.getEndIndex
2022-07-14 15:51:54,403 [s0@group-EF46AB43B6D1-LeaderStateImpl] TRACE segmented.SegmentedRaftLogCache (AutoCloseableReadWriteLock.java:logLocking(65)) - s0@group-EF46AB43B6D1: readLock RELEASED 0 by SegmentedRaftLogCache.getEndIndex
2022-07-14 15:51:54,403 [s0@group-EF46AB43B6D1-LeaderStateImpl] TRACE segmented.SegmentedRaftLogCache (AutoCloseableReadWriteLock.java:logLocking(65)) - s0@group-EF46AB43B6D1: readLock ACQUIRED 1 by SegmentedRaftLogCache$LogSegmentList.getTermIndex
2022-07-14 15:51:54,403 [s0@group-EF46AB43B6D1-LeaderStateImpl] TRACE segmented.SegmentedRaftLogCache (AutoCloseableReadWriteLock.java:logLocking(65)) - s0@group-EF46AB43B6D1: readLock RELEASED 0 by SegmentedRaftLogCache$LogSegmentList.getTermIndex
2022-07-14 15:51:54,404 [s0@group-EF46AB43B6D1-StateMachineUpdater] INFO  statemachine.SimpleStateMachine4Testing (SimpleStateMachine4Testing.java:put(204)) - s0: put 77, m38 -> (t:1, i:77), STATEMACHINELOGENTRY, 209@client-64B90517F321
2022-07-14 15:51:54,404 [s0@group-EF46AB43B6D1-LeaderStateImpl] TRACE segmented.SegmentedRaftLogCache (AutoCloseableReadWriteLock.java:logLocking(65)) - s0@group-EF46AB43B6D1: readLock ACQUIRED 1 by SegmentedRaftLogCache.getLastTermIndex
2022-07-14 15:51:54,405 [s0@group-EF46AB43B6D1-LeaderStateImpl] TRACE segmented.SegmentedRaftLogCache (AutoCloseableReadWriteLock.java:logLocking(65)) - s0@group-EF46AB43B6D1: readLock RELEASED 0 by SegmentedRaftLogCache.getLastTermIndex
2022-07-14 15:51:54,405 [s0@group-EF46AB43B6D1-LeaderStateImpl] TRACE segmented.SegmentedRaftLogCache (AutoCloseableReadWriteLock.java:logLocking(65)) - s0@group-EF46AB43B6D1: readLock ACQUIRED 1 by SegmentedRaftLogCache$LogSegmentList.countCached
2022-07-14 15:51:54,405 [s0@group-EF46AB43B6D1-LeaderStateImpl] TRACE segmented.SegmentedRaftLogCache (AutoCloseableReadWriteLock.java:logLocking(65)) - s0@group-EF46AB43B6D1: readLock RELEASED 0 by SegmentedRaftLogCache$LogSegmentList.countCached
2022-07-14 15:51:54,405 [s0@group-EF46AB43B6D1-LeaderStateImpl] TRACE segmented.SegmentedRaftLogCache (AutoCloseableReadWriteLock.java:logLocking(65)) - s0@group-EF46AB43B6D1: readLock ACQUIRED 1 by SegmentedRaftLogCache$LogSegmentList.getTotalCacheSize
2022-07-14 15:51:54,405 [s0@group-EF46AB43B6D1-LeaderStateImpl] TRACE segmented.SegmentedRaftLogCache (AutoCloseableReadWriteLock.java:logLocking(65)) - s0@group-EF46AB43B6D1: readLock RELEASED 0 by SegmentedRaftLogCache$LogSegmentList.getTotalCacheSize
2022-07-14 15:51:54,405 [s0@group-EF46AB43B6D1-LeaderStateImpl] DEBUG segmented.SegmentedRaftLogWorker (SegmentedRaftLogWorker.java:addIOTask(270)) - s0@group-EF46AB43B6D1-SegmentedRaftLogWorker adds IO task WriteLog:78: (t:1, i:78), METADATAENTRY(c:77)
2022-07-14 15:51:54,405 [s0@group-EF46AB43B6D1-SegmentedRaftLogWorker] DEBUG segmented.SegmentedRaftLogWorker (SegmentedRaftLogWorker.java:flushIfNecessary(365)) - s0@group-EF46AB43B6D1-SegmentedRaftLogWorker: flush SegmentedRaftLogOutputStream(/home/runner/work/ratis/ratis/ratis-test/target/test/data/7931f2a6/MiniRaftClusterWithGrpc6c3cfa42/s0/d33854d5-690d-4a13-9a9e-ef46ab43b6d1/current/log_inprogress_0)
2022-07-14 15:51:54,406 [s0-client-thread1] TRACE segmented.SegmentedRaftLogCache (AutoCloseableReadWriteLock.java:logLocking(65)) - s0@group-EF46AB43B6D1: readLock ACQUIRED 1 by SegmentedRaftLogCache.getLastTermIndex
2022-07-14 15:51:54,406 [s0-client-thread1] TRACE segmented.SegmentedRaftLogCache (AutoCloseableReadWriteLock.java:logLocking(65)) - s0@group-EF46AB43B6D1: readLock RELEASED 0 by SegmentedRaftLogCache.getLastTermIndex
2022-07-14 15:51:54,406 [s0-client-thread1] TRACE segmented.SegmentedRaftLogCache (AutoCloseableReadWriteLock.java:logLocking(65)) - s0@group-EF46AB43B6D1: readLock ACQUIRED 1 by SegmentedRaftLogCache.getLastTermIndex
2022-07-14 15:51:54,406 [s0-client-thread1] TRACE segmented.SegmentedRaftLogCache (AutoCloseableReadWriteLock.java:logLocking(65)) - s0@group-EF46AB43B6D1: readLock RELEASED 0 by SegmentedRaftLogCache.getLastTermIndex
2022-07-14 15:51:54,406 [s0-client-thread1] TRACE segmented.SegmentedRaftLogCache (AutoCloseableReadWriteLock.java:logLocking(65)) - s0@group-EF46AB43B6D1: readLock ACQUIRED 1 by SegmentedRaftLogCache$LogSegmentList.countCached
2022-07-14 15:51:54,406 [s0-client-thread1] TRACE segmented.SegmentedRaftLogCache (AutoCloseableReadWriteLock.java:logLocking(65)) - s0@group-EF46AB43B6D1: readLock RELEASED 0 by SegmentedRaftLogCache$LogSegmentList.countCached
2022-07-14 15:51:54,406 [s0-client-thread1] TRACE segmented.SegmentedRaftLogCache (AutoCloseableReadWriteLock.java:logLocking(65)) - s0@group-EF46AB43B6D1: readLock ACQUIRED 1 by SegmentedRaftLogCache$LogSegmentList.getTotalCacheSize
2022-07-14 15:51:54,406 [s0-client-thread1] TRACE segmented.SegmentedRaftLogCache (AutoCloseableReadWriteLock.java:logLocking(65)) - s0@group-EF46AB43B6D1: readLock RELEASED 0 by SegmentedRaftLogCache$LogSegmentList.getTotalCacheSize
2022-07-14 15:51:54,406 [s0-client-thread1] DEBUG segmented.SegmentedRaftLogWorker (SegmentedRaftLogWorker.java:addIOTask(270)) - s0@group-EF46AB43B6D1-SegmentedRaftLogWorker adds IO task WriteLog:79: (t:1, i:79), STATEMACHINELOGENTRY, StateMachineLogEntryProto:210@client-64B90517F321
2022-07-14 15:51:54,406 [s0@group-EF46AB43B6D1-SegmentedRaftLogWorker] DEBUG segmented.SegmentedRaftLogWorker (SegmentedRaftLogWorker.java:flushIfNecessary(365)) - s0@group-EF46AB43B6D1-SegmentedRaftLogWorker: flush SegmentedRaftLogOutputStream(/home/runner/work/ratis/ratis/ratis-test/target/test/data/7931f2a6/MiniRaftClusterWithGrpc6c3cfa42/s0/d33854d5-690d-4a13-9a9e-ef46ab43b6d1/current/log_inprogress_0)
2022-07-14 15:51:54,407 [s0@group-EF46AB43B6D1-LeaderStateImpl] TRACE segmented.SegmentedRaftLogCache (AutoCloseableReadWriteLock.java:logLocking(65)) - s0@group-EF46AB43B6D1: readLock ACQUIRED 1 by SegmentedRaftLogCache.getStartIndex
2022-07-14 15:51:54,407 [s0@group-EF46AB43B6D1-LeaderStateImpl] TRACE segmented.SegmentedRaftLogCache (AutoCloseableReadWriteLock.java:logLocking(65)) -   s0@group-EF46AB43B6D1: readLock ACQUIRED 2 by SegmentedRaftLogCache$LogSegmentList.isEmpty
2022-07-14 15:51:54,407 [s0@group-EF46AB43B6D1-LeaderStateImpl] TRACE segmented.SegmentedRaftLogCache (AutoCloseableReadWriteLock.java:logLocking(65)) -   s0@group-EF46AB43B6D1: readLock RELEASED 1 by SegmentedRaftLogCache$LogSegmentList.isEmpty
2022-07-14 15:51:54,407 [s0@group-EF46AB43B6D1-LeaderStateImpl] TRACE segmented.SegmentedRaftLogCache (AutoCloseableReadWriteLock.java:logLocking(65)) - s0@group-EF46AB43B6D1: readLock RELEASED 0 by SegmentedRaftLogCache.getStartIndex
2022-07-14 15:51:54,407 [s0@group-EF46AB43B6D1-LeaderStateImpl] TRACE segmented.SegmentedRaftLogCache (AutoCloseableReadWriteLock.java:logLocking(65)) - s0@group-EF46AB43B6D1: readLock ACQUIRED 1 by SegmentedRaftLogCache.getEndIndex
2022-07-14 15:51:54,407 [s0@group-EF46AB43B6D1-LeaderStateImpl] TRACE segmented.SegmentedRaftLogCache (AutoCloseableReadWriteLock.java:logLocking(65)) - s0@group-EF46AB43B6D1: readLock RELEASED 0 by SegmentedRaftLogCache.getEndIndex
2022-07-14 15:51:54,407 [s0@group-EF46AB43B6D1-LeaderStateImpl] TRACE segmented.SegmentedRaftLogCache (AutoCloseableReadWriteLock.java:logLocking(65)) - s0@group-EF46AB43B6D1: readLock ACQUIRED 1 by SegmentedRaftLogCache$LogSegmentList.getTermIndex
2022-07-14 15:51:54,407 [s0@group-EF46AB43B6D1-LeaderStateImpl] TRACE segmented.SegmentedRaftLogCache (AutoCloseableReadWriteLock.java:logLocking(65)) - s0@group-EF46AB43B6D1: readLock RELEASED 0 by SegmentedRaftLogCache$LogSegmentList.getTermIndex
2022-07-14 15:51:54,407 [s0@group-EF46AB43B6D1-StateMachineUpdater] INFO  statemachine.SimpleStateMachine4Testing (SimpleStateMachine4Testing.java:put(204)) - s0: put 79, m39 -> (t:1, i:79), STATEMACHINELOGENTRY, 210@client-64B90517F321
2022-07-14 15:51:54,408 [s0@group-EF46AB43B6D1-LeaderStateImpl] TRACE segmented.SegmentedRaftLogCache (AutoCloseableReadWriteLock.java:logLocking(65)) - s0@group-EF46AB43B6D1: readLock ACQUIRED 1 by SegmentedRaftLogCache.getLastTermIndex
2022-07-14 15:51:54,408 [s0@group-EF46AB43B6D1-LeaderStateImpl] TRACE segmented.SegmentedRaftLogCache (AutoCloseableReadWriteLock.java:logLocking(65)) - s0@group-EF46AB43B6D1: readLock RELEASED 0 by SegmentedRaftLogCache.getLastTermIndex
2022-07-14 15:51:54,409 [s0@group-EF46AB43B6D1-LeaderStateImpl] TRACE segmented.SegmentedRaftLogCache (AutoCloseableReadWriteLock.java:logLocking(65)) - s0@group-EF46AB43B6D1: readLock ACQUIRED 1 by SegmentedRaftLogCache$LogSegmentList.countCached
2022-07-14 15:51:54,409 [s0@group-EF46AB43B6D1-LeaderStateImpl] TRACE segmented.SegmentedRaftLogCache (AutoCloseableReadWriteLock.java:logLocking(65)) - s0@group-EF46AB43B6D1: readLock RELEASED 0 by SegmentedRaftLogCache$LogSegmentList.countCached
2022-07-14 15:51:54,409 [s0@group-EF46AB43B6D1-LeaderStateImpl] TRACE segmented.SegmentedRaftLogCache (AutoCloseableReadWriteLock.java:logLocking(65)) - s0@group-EF46AB43B6D1: readLock ACQUIRED 1 by SegmentedRaftLogCache$LogSegmentList.getTotalCacheSize
2022-07-14 15:51:54,409 [s0@group-EF46AB43B6D1-LeaderStateImpl] TRACE segmented.SegmentedRaftLogCache (AutoCloseableReadWriteLock.java:logLocking(65)) - s0@group-EF46AB43B6D1: readLock RELEASED 0 by SegmentedRaftLogCache$LogSegmentList.getTotalCacheSize
2022-07-14 15:51:54,409 [s0@group-EF46AB43B6D1-LeaderStateImpl] DEBUG segmented.SegmentedRaftLogWorker (SegmentedRaftLogWorker.java:addIOTask(270)) - s0@group-EF46AB43B6D1-SegmentedRaftLogWorker adds IO task WriteLog:80: (t:1, i:80), METADATAENTRY(c:79)
2022-07-14 15:51:54,409 [s0@group-EF46AB43B6D1-SegmentedRaftLogWorker] DEBUG segmented.SegmentedRaftLogWorker (SegmentedRaftLogWorker.java:flushIfNecessary(365)) - s0@group-EF46AB43B6D1-SegmentedRaftLogWorker: flush SegmentedRaftLogOutputStream(/home/runner/work/ratis/ratis/ratis-test/target/test/data/7931f2a6/MiniRaftClusterWithGrpc6c3cfa42/s0/d33854d5-690d-4a13-9a9e-ef46ab43b6d1/current/log_inprogress_0)
2022-07-14 15:51:54,409 [s0-client-thread1] TRACE segmented.SegmentedRaftLogCache (AutoCloseableReadWriteLock.java:logLocking(65)) - s0@group-EF46AB43B6D1: readLock ACQUIRED 1 by SegmentedRaftLogCache.getLastTermIndex
2022-07-14 15:51:54,409 [s0-client-thread1] TRACE segmented.SegmentedRaftLogCache (AutoCloseableReadWriteLock.java:logLocking(65)) - s0@group-EF46AB43B6D1: readLock RELEASED 0 by SegmentedRaftLogCache.getLastTermIndex
2022-07-14 15:51:54,409 [s0-client-thread1] TRACE segmented.SegmentedRaftLogCache (AutoCloseableReadWriteLock.java:logLocking(65)) - s0@group-EF46AB43B6D1: readLock ACQUIRED 1 by SegmentedRaftLogCache.getLastTermIndex
2022-07-14 15:51:54,409 [s0-client-thread1] TRACE segmented.SegmentedRaftLogCache (AutoCloseableReadWriteLock.java:logLocking(65)) - s0@group-EF46AB43B6D1: readLock RELEASED 0 by SegmentedRaftLogCache.getLastTermIndex
2022-07-14 15:51:54,409 [s0-client-thread1] TRACE segmented.SegmentedRaftLogCache (AutoCloseableReadWriteLock.java:logLocking(65)) - s0@group-EF46AB43B6D1: readLock ACQUIRED 1 by SegmentedRaftLogCache$LogSegmentList.countCached
2022-07-14 15:51:54,409 [s0-client-thread1] TRACE segmented.SegmentedRaftLogCache (AutoCloseableReadWriteLock.java:logLocking(65)) - s0@group-EF46AB43B6D1: readLock RELEASED 0 by SegmentedRaftLogCache$LogSegmentList.countCached
2022-07-14 15:51:54,409 [s0-client-thread1] TRACE segmented.SegmentedRaftLogCache (AutoCloseableReadWriteLock.java:logLocking(65)) - s0@group-EF46AB43B6D1: readLock ACQUIRED 1 by SegmentedRaftLogCache$LogSegmentList.getTotalCacheSize
2022-07-14 15:51:54,410 [s0-client-thread1] TRACE segmented.SegmentedRaftLogCache (AutoCloseableReadWriteLock.java:logLocking(65)) - s0@group-EF46AB43B6D1: readLock RELEASED 0 by SegmentedRaftLogCache$LogSegmentList.getTotalCacheSize
2022-07-14 15:51:54,410 [s0-client-thread1] DEBUG segmented.SegmentedRaftLogWorker (SegmentedRaftLogWorker.java:addIOTask(270)) - s0@group-EF46AB43B6D1-SegmentedRaftLogWorker adds IO task WriteLog:81: (t:1, i:81), STATEMACHINELOGENTRY, StateMachineLogEntryProto:211@client-64B90517F321
2022-07-14 15:51:54,410 [s0@group-EF46AB43B6D1-SegmentedRaftLogWorker] DEBUG segmented.SegmentedRaftLogWorker (SegmentedRaftLogWorker.java:flushIfNecessary(365)) - s0@group-EF46AB43B6D1-SegmentedRaftLogWorker: flush SegmentedRaftLogOutputStream(/home/runner/work/ratis/ratis/ratis-test/target/test/data/7931f2a6/MiniRaftClusterWithGrpc6c3cfa42/s0/d33854d5-690d-4a13-9a9e-ef46ab43b6d1/current/log_inprogress_0)
2022-07-14 15:51:54,410 [s0@group-EF46AB43B6D1-LeaderStateImpl] TRACE segmented.SegmentedRaftLogCache (AutoCloseableReadWriteLock.java:logLocking(65)) - s0@group-EF46AB43B6D1: readLock ACQUIRED 1 by SegmentedRaftLogCache.getStartIndex
2022-07-14 15:51:54,410 [s0@group-EF46AB43B6D1-LeaderStateImpl] TRACE segmented.SegmentedRaftLogCache (AutoCloseableReadWriteLock.java:logLocking(65)) -   s0@group-EF46AB43B6D1: readLock ACQUIRED 2 by SegmentedRaftLogCache$LogSegmentList.isEmpty
2022-07-14 15:51:54,410 [s0@group-EF46AB43B6D1-LeaderStateImpl] TRACE segmented.SegmentedRaftLogCache (AutoCloseableReadWriteLock.java:logLocking(65)) -   s0@group-EF46AB43B6D1: readLock RELEASED 1 by SegmentedRaftLogCache$LogSegmentList.isEmpty
2022-07-14 15:51:54,410 [s0@group-EF46AB43B6D1-LeaderStateImpl] TRACE segmented.SegmentedRaftLogCache (AutoCloseableReadWriteLock.java:logLocking(65)) - s0@group-EF46AB43B6D1: readLock RELEASED 0 by SegmentedRaftLogCache.getStartIndex
2022-07-14 15:51:54,410 [s0@group-EF46AB43B6D1-LeaderStateImpl] TRACE segmented.SegmentedRaftLogCache (AutoCloseableReadWriteLock.java:logLocking(65)) - s0@group-EF46AB43B6D1: readLock ACQUIRED 1 by SegmentedRaftLogCache.getEndIndex
2022-07-14 15:51:54,410 [s0@group-EF46AB43B6D1-LeaderStateImpl] TRACE segmented.SegmentedRaftLogCache (AutoCloseableReadWriteLock.java:logLocking(65)) - s0@group-EF46AB43B6D1: readLock RELEASED 0 by SegmentedRaftLogCache.getEndIndex
2022-07-14 15:51:54,410 [s0@group-EF46AB43B6D1-LeaderStateImpl] TRACE segmented.SegmentedRaftLogCache (AutoCloseableReadWriteLock.java:logLocking(65)) - s0@group-EF46AB43B6D1: readLock ACQUIRED 1 by SegmentedRaftLogCache$LogSegmentList.getTermIndex
2022-07-14 15:51:54,410 [s0@group-EF46AB43B6D1-LeaderStateImpl] TRACE segmented.SegmentedRaftLogCache (AutoCloseableReadWriteLock.java:logLocking(65)) - s0@group-EF46AB43B6D1: readLock RELEASED 0 by SegmentedRaftLogCache$LogSegmentList.getTermIndex
2022-07-14 15:51:54,411 [s0@group-EF46AB43B6D1-LeaderStateImpl] TRACE segmented.SegmentedRaftLogCache (AutoCloseableReadWriteLock.java:logLocking(65)) - s0@group-EF46AB43B6D1: readLock ACQUIRED 1 by SegmentedRaftLogCache.getStartIndex
2022-07-14 15:51:54,411 [s0@group-EF46AB43B6D1-LeaderStateImpl] TRACE segmented.SegmentedRaftLogCache (AutoCloseableReadWriteLock.java:logLocking(65)) -   s0@group-EF46AB43B6D1: readLock ACQUIRED 2 by SegmentedRaftLogCache$LogSegmentList.isEmpty
2022-07-14 15:51:54,411 [s0@group-EF46AB43B6D1-LeaderStateImpl] TRACE segmented.SegmentedRaftLogCache (AutoCloseableReadWriteLock.java:logLocking(65)) -   s0@group-EF46AB43B6D1: readLock RELEASED 1 by SegmentedRaftLogCache$LogSegmentList.isEmpty
2022-07-14 15:51:54,411 [s0@group-EF46AB43B6D1-LeaderStateImpl] TRACE segmented.SegmentedRaftLogCache (AutoCloseableReadWriteLock.java:logLocking(65)) - s0@group-EF46AB43B6D1: readLock RELEASED 0 by SegmentedRaftLogCache.getStartIndex
2022-07-14 15:51:54,411 [s0@group-EF46AB43B6D1-LeaderStateImpl] TRACE segmented.SegmentedRaftLogCache (AutoCloseableReadWriteLock.java:logLocking(65)) - s0@group-EF46AB43B6D1: readLock ACQUIRED 1 by SegmentedRaftLogCache.getEndIndex
2022-07-14 15:51:54,411 [s0@group-EF46AB43B6D1-LeaderStateImpl] TRACE segmented.SegmentedRaftLogCache (AutoCloseableReadWriteLock.java:logLocking(65)) - s0@group-EF46AB43B6D1: readLock RELEASED 0 by SegmentedRaftLogCache.getEndIndex
2022-07-14 15:51:54,411 [s0@group-EF46AB43B6D1-LeaderStateImpl] TRACE segmented.SegmentedRaftLogCache (AutoCloseableReadWriteLock.java:logLocking(65)) - s0@group-EF46AB43B6D1: readLock ACQUIRED 1 by SegmentedRaftLogCache$LogSegmentList.getTermIndex
2022-07-14 15:51:54,411 [s0@group-EF46AB43B6D1-LeaderStateImpl] TRACE segmented.SegmentedRaftLogCache (AutoCloseableReadWriteLock.java:logLocking(65)) - s0@group-EF46AB43B6D1: readLock RELEASED 0 by SegmentedRaftLogCache$LogSegmentList.getTermIndex
2022-07-14 15:51:54,411 [s0@group-EF46AB43B6D1-StateMachineUpdater] INFO  statemachine.SimpleStateMachine4Testing (SimpleStateMachine4Testing.java:put(204)) - s0: put 81, m40 -> (t:1, i:81), STATEMACHINELOGENTRY, 211@client-64B90517F321
2022-07-14 15:51:54,412 [s0@group-EF46AB43B6D1-LeaderStateImpl] TRACE segmented.SegmentedRaftLogCache (AutoCloseableReadWriteLock.java:logLocking(65)) - s0@group-EF46AB43B6D1: readLock ACQUIRED 1 by SegmentedRaftLogCache.getLastTermIndex
2022-07-14 15:51:54,412 [s0@group-EF46AB43B6D1-LeaderStateImpl] TRACE segmented.SegmentedRaftLogCache (AutoCloseableReadWriteLock.java:logLocking(65)) - s0@group-EF46AB43B6D1: readLock RELEASED 0 by SegmentedRaftLogCache.getLastTermIndex
2022-07-14 15:51:54,413 [s0@group-EF46AB43B6D1-LeaderStateImpl] TRACE segmented.SegmentedRaftLogCache (AutoCloseableReadWriteLock.java:logLocking(65)) - s0@group-EF46AB43B6D1: readLock ACQUIRED 1 by SegmentedRaftLogCache$LogSegmentList.countCached
2022-07-14 15:51:54,413 [s0@group-EF46AB43B6D1-LeaderStateImpl] TRACE segmented.SegmentedRaftLogCache (AutoCloseableReadWriteLock.java:logLocking(65)) - s0@group-EF46AB43B6D1: readLock RELEASED 0 by SegmentedRaftLogCache$LogSegmentList.countCached
2022-07-14 15:51:54,413 [s0@group-EF46AB43B6D1-LeaderStateImpl] TRACE segmented.SegmentedRaftLogCache (AutoCloseableReadWriteLock.java:logLocking(65)) - s0@group-EF46AB43B6D1: readLock ACQUIRED 1 by SegmentedRaftLogCache$LogSegmentList.getTotalCacheSize
2022-07-14 15:51:54,413 [s0@group-EF46AB43B6D1-LeaderStateImpl] TRACE segmented.SegmentedRaftLogCache (AutoCloseableReadWriteLock.java:logLocking(65)) - s0@group-EF46AB43B6D1: readLock RELEASED 0 by SegmentedRaftLogCache$LogSegmentList.getTotalCacheSize
2022-07-14 15:51:54,413 [s0@group-EF46AB43B6D1-LeaderStateImpl] DEBUG segmented.SegmentedRaftLogWorker (SegmentedRaftLogWorker.java:addIOTask(270)) - s0@group-EF46AB43B6D1-SegmentedRaftLogWorker adds IO task WriteLog:82: (t:1, i:82), METADATAENTRY(c:81)
2022-07-14 15:51:54,413 [s0@group-EF46AB43B6D1-SegmentedRaftLogWorker] DEBUG segmented.SegmentedRaftLogWorker (SegmentedRaftLogWorker.java:flushIfNecessary(365)) - s0@group-EF46AB43B6D1-SegmentedRaftLogWorker: flush SegmentedRaftLogOutputStream(/home/runner/work/ratis/ratis/ratis-test/target/test/data/7931f2a6/MiniRaftClusterWithGrpc6c3cfa42/s0/d33854d5-690d-4a13-9a9e-ef46ab43b6d1/current/log_inprogress_0)
2022-07-14 15:51:54,413 [s0-client-thread1] TRACE segmented.SegmentedRaftLogCache (AutoCloseableReadWriteLock.java:logLocking(65)) - s0@group-EF46AB43B6D1: readLock ACQUIRED 1 by SegmentedRaftLogCache.getLastTermIndex
2022-07-14 15:51:54,413 [s0-client-thread1] TRACE segmented.SegmentedRaftLogCache (AutoCloseableReadWriteLock.java:logLocking(65)) - s0@group-EF46AB43B6D1: readLock RELEASED 0 by SegmentedRaftLogCache.getLastTermIndex
2022-07-14 15:51:54,413 [s0-client-thread1] TRACE segmented.SegmentedRaftLogCache (AutoCloseableReadWriteLock.java:logLocking(65)) - s0@group-EF46AB43B6D1: readLock ACQUIRED 1 by SegmentedRaftLogCache.getLastTermIndex
2022-07-14 15:51:54,413 [s0-client-thread1] TRACE segmented.SegmentedRaftLogCache (AutoCloseableReadWriteLock.java:logLocking(65)) - s0@group-EF46AB43B6D1: readLock RELEASED 0 by SegmentedRaftLogCache.getLastTermIndex
2022-07-14 15:51:54,413 [s0-client-thread1] TRACE segmented.SegmentedRaftLogCache (AutoCloseableReadWriteLock.java:logLocking(65)) - s0@group-EF46AB43B6D1: readLock ACQUIRED 1 by SegmentedRaftLogCache$LogSegmentList.countCached
2022-07-14 15:51:54,413 [s0-client-thread1] TRACE segmented.SegmentedRaftLogCache (AutoCloseableReadWriteLock.java:logLocking(65)) - s0@group-EF46AB43B6D1: readLock RELEASED 0 by SegmentedRaftLogCache$LogSegmentList.countCached
2022-07-14 15:51:54,413 [s0-client-thread1] TRACE segmented.SegmentedRaftLogCache (AutoCloseableReadWriteLock.java:logLocking(65)) - s0@group-EF46AB43B6D1: readLock ACQUIRED 1 by SegmentedRaftLogCache$LogSegmentList.getTotalCacheSize
2022-07-14 15:51:54,413 [s0-client-thread1] TRACE segmented.SegmentedRaftLogCache (AutoCloseableReadWriteLock.java:logLocking(65)) - s0@group-EF46AB43B6D1: readLock RELEASED 0 by SegmentedRaftLogCache$LogSegmentList.getTotalCacheSize
2022-07-14 15:51:54,414 [s0-client-thread1] DEBUG segmented.SegmentedRaftLogWorker (SegmentedRaftLogWorker.java:addIOTask(270)) - s0@group-EF46AB43B6D1-SegmentedRaftLogWorker adds IO task WriteLog:83: (t:1, i:83), STATEMACHINELOGENTRY, StateMachineLogEntryProto:212@client-64B90517F321
2022-07-14 15:51:54,414 [s0@group-EF46AB43B6D1-SegmentedRaftLogWorker] DEBUG segmented.SegmentedRaftLogWorker (SegmentedRaftLogWorker.java:flushIfNecessary(365)) - s0@group-EF46AB43B6D1-SegmentedRaftLogWorker: flush SegmentedRaftLogOutputStream(/home/runner/work/ratis/ratis/ratis-test/target/test/data/7931f2a6/MiniRaftClusterWithGrpc6c3cfa42/s0/d33854d5-690d-4a13-9a9e-ef46ab43b6d1/current/log_inprogress_0)
2022-07-14 15:51:54,414 [s0@group-EF46AB43B6D1-LeaderStateImpl] TRACE segmented.SegmentedRaftLogCache (AutoCloseableReadWriteLock.java:logLocking(65)) - s0@group-EF46AB43B6D1: readLock ACQUIRED 1 by SegmentedRaftLogCache.getStartIndex
2022-07-14 15:51:54,414 [s0@group-EF46AB43B6D1-LeaderStateImpl] TRACE segmented.SegmentedRaftLogCache (AutoCloseableReadWriteLock.java:logLocking(65)) -   s0@group-EF46AB43B6D1: readLock ACQUIRED 2 by SegmentedRaftLogCache$LogSegmentList.isEmpty
2022-07-14 15:51:54,414 [s0@group-EF46AB43B6D1-LeaderStateImpl] TRACE segmented.SegmentedRaftLogCache (AutoCloseableReadWriteLock.java:logLocking(65)) -   s0@group-EF46AB43B6D1: readLock RELEASED 1 by SegmentedRaftLogCache$LogSegmentList.isEmpty
2022-07-14 15:51:54,414 [s0@group-EF46AB43B6D1-LeaderStateImpl] TRACE segmented.SegmentedRaftLogCache (AutoCloseableReadWriteLock.java:logLocking(65)) - s0@group-EF46AB43B6D1: readLock RELEASED 0 by SegmentedRaftLogCache.getStartIndex
2022-07-14 15:51:54,414 [s0@group-EF46AB43B6D1-LeaderStateImpl] TRACE segmented.SegmentedRaftLogCache (AutoCloseableReadWriteLock.java:logLocking(65)) - s0@group-EF46AB43B6D1: readLock ACQUIRED 1 by SegmentedRaftLogCache.getEndIndex
2022-07-14 15:51:54,414 [s0@group-EF46AB43B6D1-LeaderStateImpl] TRACE segmented.SegmentedRaftLogCache (AutoCloseableReadWriteLock.java:logLocking(65)) - s0@group-EF46AB43B6D1: readLock RELEASED 0 by SegmentedRaftLogCache.getEndIndex
2022-07-14 15:51:54,414 [s0@group-EF46AB43B6D1-LeaderStateImpl] TRACE segmented.SegmentedRaftLogCache (AutoCloseableReadWriteLock.java:logLocking(65)) - s0@group-EF46AB43B6D1: readLock ACQUIRED 1 by SegmentedRaftLogCache$LogSegmentList.getTermIndex
2022-07-14 15:51:54,414 [s0@group-EF46AB43B6D1-LeaderStateImpl] TRACE segmented.SegmentedRaftLogCache (AutoCloseableReadWriteLock.java:logLocking(65)) - s0@group-EF46AB43B6D1: readLock RELEASED 0 by SegmentedRaftLogCache$LogSegmentList.getTermIndex
2022-07-14 15:51:54,414 [s0@group-EF46AB43B6D1-LeaderStateImpl] TRACE segmented.SegmentedRaftLogCache (AutoCloseableReadWriteLock.java:logLocking(65)) - s0@group-EF46AB43B6D1: readLock ACQUIRED 1 by SegmentedRaftLogCache.getStartIndex
2022-07-14 15:51:54,415 [s0@group-EF46AB43B6D1-LeaderStateImpl] TRACE segmented.SegmentedRaftLogCache (AutoCloseableReadWriteLock.java:logLocking(65)) -   s0@group-EF46AB43B6D1: readLock ACQUIRED 2 by SegmentedRaftLogCache$LogSegmentList.isEmpty
2022-07-14 15:51:54,415 [s0@group-EF46AB43B6D1-LeaderStateImpl] TRACE segmented.SegmentedRaftLogCache (AutoCloseableReadWriteLock.java:logLocking(65)) -   s0@group-EF46AB43B6D1: readLock RELEASED 1 by SegmentedRaftLogCache$LogSegmentList.isEmpty
2022-07-14 15:51:54,415 [s0@group-EF46AB43B6D1-LeaderStateImpl] TRACE segmented.SegmentedRaftLogCache (AutoCloseableReadWriteLock.java:logLocking(65)) - s0@group-EF46AB43B6D1: readLock RELEASED 0 by SegmentedRaftLogCache.getStartIndex
2022-07-14 15:51:54,415 [s0@group-EF46AB43B6D1-LeaderStateImpl] TRACE segmented.SegmentedRaftLogCache (AutoCloseableReadWriteLock.java:logLocking(65)) - s0@group-EF46AB43B6D1: readLock ACQUIRED 1 by SegmentedRaftLogCache.getEndIndex
2022-07-14 15:51:54,415 [s0@group-EF46AB43B6D1-LeaderStateImpl] TRACE segmented.SegmentedRaftLogCache (AutoCloseableReadWriteLock.java:logLocking(65)) - s0@group-EF46AB43B6D1: readLock RELEASED 0 by SegmentedRaftLogCache.getEndIndex
2022-07-14 15:51:54,415 [s0@group-EF46AB43B6D1-LeaderStateImpl] TRACE segmented.SegmentedRaftLogCache (AutoCloseableReadWriteLock.java:logLocking(65)) - s0@group-EF46AB43B6D1: readLock ACQUIRED 1 by SegmentedRaftLogCache$LogSegmentList.getTermIndex
2022-07-14 15:51:54,415 [s0@group-EF46AB43B6D1-LeaderStateImpl] TRACE segmented.SegmentedRaftLogCache (AutoCloseableReadWriteLock.java:logLocking(65)) - s0@group-EF46AB43B6D1: readLock RELEASED 0 by SegmentedRaftLogCache$LogSegmentList.getTermIndex
2022-07-14 15:51:54,415 [s0@group-EF46AB43B6D1-StateMachineUpdater] INFO  statemachine.SimpleStateMachine4Testing (SimpleStateMachine4Testing.java:put(204)) - s0: put 83, m41 -> (t:1, i:83), STATEMACHINELOGENTRY, 212@client-64B90517F321
2022-07-14 15:51:54,416 [s0@group-EF46AB43B6D1-LeaderStateImpl] TRACE segmented.SegmentedRaftLogCache (AutoCloseableReadWriteLock.java:logLocking(65)) - s0@group-EF46AB43B6D1: readLock ACQUIRED 1 by SegmentedRaftLogCache.getLastTermIndex
2022-07-14 15:51:54,416 [s0@group-EF46AB43B6D1-LeaderStateImpl] TRACE segmented.SegmentedRaftLogCache (AutoCloseableReadWriteLock.java:logLocking(65)) - s0@group-EF46AB43B6D1: readLock RELEASED 0 by SegmentedRaftLogCache.getLastTermIndex
2022-07-14 15:51:54,416 [s0@group-EF46AB43B6D1-LeaderStateImpl] TRACE segmented.SegmentedRaftLogCache (AutoCloseableReadWriteLock.java:logLocking(65)) - s0@group-EF46AB43B6D1: readLock ACQUIRED 1 by SegmentedRaftLogCache$LogSegmentList.countCached
2022-07-14 15:51:54,417 [s0@group-EF46AB43B6D1-LeaderStateImpl] TRACE segmented.SegmentedRaftLogCache (AutoCloseableReadWriteLock.java:logLocking(65)) - s0@group-EF46AB43B6D1: readLock RELEASED 0 by SegmentedRaftLogCache$LogSegmentList.countCached
2022-07-14 15:51:54,417 [s0@group-EF46AB43B6D1-LeaderStateImpl] TRACE segmented.SegmentedRaftLogCache (AutoCloseableReadWriteLock.java:logLocking(65)) - s0@group-EF46AB43B6D1: readLock ACQUIRED 1 by SegmentedRaftLogCache$LogSegmentList.getTotalCacheSize
2022-07-14 15:51:54,417 [s0@group-EF46AB43B6D1-LeaderStateImpl] TRACE segmented.SegmentedRaftLogCache (AutoCloseableReadWriteLock.java:logLocking(65)) - s0@group-EF46AB43B6D1: readLock RELEASED 0 by SegmentedRaftLogCache$LogSegmentList.getTotalCacheSize
2022-07-14 15:51:54,417 [s0@group-EF46AB43B6D1-LeaderStateImpl] DEBUG segmented.SegmentedRaftLogWorker (SegmentedRaftLogWorker.java:addIOTask(270)) - s0@group-EF46AB43B6D1-SegmentedRaftLogWorker adds IO task WriteLog:84: (t:1, i:84), METADATAENTRY(c:83)
2022-07-14 15:51:54,417 [s0@group-EF46AB43B6D1-SegmentedRaftLogWorker] DEBUG segmented.SegmentedRaftLogWorker (SegmentedRaftLogWorker.java:flushIfNecessary(365)) - s0@group-EF46AB43B6D1-SegmentedRaftLogWorker: flush SegmentedRaftLogOutputStream(/home/runner/work/ratis/ratis/ratis-test/target/test/data/7931f2a6/MiniRaftClusterWithGrpc6c3cfa42/s0/d33854d5-690d-4a13-9a9e-ef46ab43b6d1/current/log_inprogress_0)
2022-07-14 15:51:54,417 [s0-client-thread1] TRACE segmented.SegmentedRaftLogCache (AutoCloseableReadWriteLock.java:logLocking(65)) - s0@group-EF46AB43B6D1: readLock ACQUIRED 1 by SegmentedRaftLogCache.getLastTermIndex
2022-07-14 15:51:54,417 [s0-client-thread1] TRACE segmented.SegmentedRaftLogCache (AutoCloseableReadWriteLock.java:logLocking(65)) - s0@group-EF46AB43B6D1: readLock RELEASED 0 by SegmentedRaftLogCache.getLastTermIndex
2022-07-14 15:51:54,417 [s0-client-thread1] TRACE segmented.SegmentedRaftLogCache (AutoCloseableReadWriteLock.java:logLocking(65)) - s0@group-EF46AB43B6D1: readLock ACQUIRED 1 by SegmentedRaftLogCache.getLastTermIndex
2022-07-14 15:51:54,417 [s0-client-thread1] TRACE segmented.SegmentedRaftLogCache (AutoCloseableReadWriteLock.java:logLocking(65)) - s0@group-EF46AB43B6D1: readLock RELEASED 0 by SegmentedRaftLogCache.getLastTermIndex
2022-07-14 15:51:54,417 [s0-client-thread1] TRACE segmented.SegmentedRaftLogCache (AutoCloseableReadWriteLock.java:logLocking(65)) - s0@group-EF46AB43B6D1: readLock ACQUIRED 1 by SegmentedRaftLogCache$LogSegmentList.countCached
2022-07-14 15:51:54,417 [s0-client-thread1] TRACE segmented.SegmentedRaftLogCache (AutoCloseableReadWriteLock.java:logLocking(65)) - s0@group-EF46AB43B6D1: readLock RELEASED 0 by SegmentedRaftLogCache$LogSegmentList.countCached
2022-07-14 15:51:54,417 [s0-client-thread1] TRACE segmented.SegmentedRaftLogCache (AutoCloseableReadWriteLock.java:logLocking(65)) - s0@group-EF46AB43B6D1: readLock ACQUIRED 1 by SegmentedRaftLogCache$LogSegmentList.getTotalCacheSize
2022-07-14 15:51:54,417 [s0-client-thread1] TRACE segmented.SegmentedRaftLogCache (AutoCloseableReadWriteLock.java:logLocking(65)) - s0@group-EF46AB43B6D1: readLock RELEASED 0 by SegmentedRaftLogCache$LogSegmentList.getTotalCacheSize
2022-07-14 15:51:54,417 [s0-client-thread1] DEBUG segmented.SegmentedRaftLogWorker (SegmentedRaftLogWorker.java:addIOTask(270)) - s0@group-EF46AB43B6D1-SegmentedRaftLogWorker adds IO task WriteLog:85: (t:1, i:85), STATEMACHINELOGENTRY, StateMachineLogEntryProto:213@client-64B90517F321
2022-07-14 15:51:54,418 [s0@group-EF46AB43B6D1-SegmentedRaftLogWorker] DEBUG segmented.SegmentedRaftLogWorker (SegmentedRaftLogWorker.java:flushIfNecessary(365)) - s0@group-EF46AB43B6D1-SegmentedRaftLogWorker: flush SegmentedRaftLogOutputStream(/home/runner/work/ratis/ratis/ratis-test/target/test/data/7931f2a6/MiniRaftClusterWithGrpc6c3cfa42/s0/d33854d5-690d-4a13-9a9e-ef46ab43b6d1/current/log_inprogress_0)
2022-07-14 15:51:54,418 [s0@group-EF46AB43B6D1-LeaderStateImpl] TRACE segmented.SegmentedRaftLogCache (AutoCloseableReadWriteLock.java:logLocking(65)) - s0@group-EF46AB43B6D1: readLock ACQUIRED 1 by SegmentedRaftLogCache.getStartIndex
2022-07-14 15:51:54,418 [s0@group-EF46AB43B6D1-LeaderStateImpl] TRACE segmented.SegmentedRaftLogCache (AutoCloseableReadWriteLock.java:logLocking(65)) -   s0@group-EF46AB43B6D1: readLock ACQUIRED 2 by SegmentedRaftLogCache$LogSegmentList.isEmpty
2022-07-14 15:51:54,418 [s0@group-EF46AB43B6D1-LeaderStateImpl] TRACE segmented.SegmentedRaftLogCache (AutoCloseableReadWriteLock.java:logLocking(65)) -   s0@group-EF46AB43B6D1: readLock RELEASED 1 by SegmentedRaftLogCache$LogSegmentList.isEmpty
2022-07-14 15:51:54,418 [s0@group-EF46AB43B6D1-LeaderStateImpl] TRACE segmented.SegmentedRaftLogCache (AutoCloseableReadWriteLock.java:logLocking(65)) - s0@group-EF46AB43B6D1: readLock RELEASED 0 by SegmentedRaftLogCache.getStartIndex
2022-07-14 15:51:54,418 [s0@group-EF46AB43B6D1-LeaderStateImpl] TRACE segmented.SegmentedRaftLogCache (AutoCloseableReadWriteLock.java:logLocking(65)) - s0@group-EF46AB43B6D1: readLock ACQUIRED 1 by SegmentedRaftLogCache.getEndIndex
2022-07-14 15:51:54,418 [s0@group-EF46AB43B6D1-LeaderStateImpl] TRACE segmented.SegmentedRaftLogCache (AutoCloseableReadWriteLock.java:logLocking(65)) - s0@group-EF46AB43B6D1: readLock RELEASED 0 by SegmentedRaftLogCache.getEndIndex
2022-07-14 15:51:54,418 [s0@group-EF46AB43B6D1-LeaderStateImpl] TRACE segmented.SegmentedRaftLogCache (AutoCloseableReadWriteLock.java:logLocking(65)) - s0@group-EF46AB43B6D1: readLock ACQUIRED 1 by SegmentedRaftLogCache$LogSegmentList.getTermIndex
2022-07-14 15:51:54,418 [s0@group-EF46AB43B6D1-LeaderStateImpl] TRACE segmented.SegmentedRaftLogCache (AutoCloseableReadWriteLock.java:logLocking(65)) - s0@group-EF46AB43B6D1: readLock RELEASED 0 by SegmentedRaftLogCache$LogSegmentList.getTermIndex
2022-07-14 15:51:54,418 [s0@group-EF46AB43B6D1-LeaderStateImpl] TRACE segmented.SegmentedRaftLogCache (AutoCloseableReadWriteLock.java:logLocking(65)) - s0@group-EF46AB43B6D1: readLock ACQUIRED 1 by SegmentedRaftLogCache.getStartIndex
2022-07-14 15:51:54,418 [s0@group-EF46AB43B6D1-LeaderStateImpl] TRACE segmented.SegmentedRaftLogCache (AutoCloseableReadWriteLock.java:logLocking(65)) -   s0@group-EF46AB43B6D1: readLock ACQUIRED 2 by SegmentedRaftLogCache$LogSegmentList.isEmpty
2022-07-14 15:51:54,418 [s0@group-EF46AB43B6D1-LeaderStateImpl] TRACE segmented.SegmentedRaftLogCache (AutoCloseableReadWriteLock.java:logLocking(65)) -   s0@group-EF46AB43B6D1: readLock RELEASED 1 by SegmentedRaftLogCache$LogSegmentList.isEmpty
2022-07-14 15:51:54,418 [s0@group-EF46AB43B6D1-LeaderStateImpl] TRACE segmented.SegmentedRaftLogCache (AutoCloseableReadWriteLock.java:logLocking(65)) - s0@group-EF46AB43B6D1: readLock RELEASED 0 by SegmentedRaftLogCache.getStartIndex
2022-07-14 15:51:54,419 [s0@group-EF46AB43B6D1-LeaderStateImpl] TRACE segmented.SegmentedRaftLogCache (AutoCloseableReadWriteLock.java:logLocking(65)) - s0@group-EF46AB43B6D1: readLock ACQUIRED 1 by SegmentedRaftLogCache.getEndIndex
2022-07-14 15:51:54,419 [s0@group-EF46AB43B6D1-LeaderStateImpl] TRACE segmented.SegmentedRaftLogCache (AutoCloseableReadWriteLock.java:logLocking(65)) - s0@group-EF46AB43B6D1: readLock RELEASED 0 by SegmentedRaftLogCache.getEndIndex
2022-07-14 15:51:54,419 [s0@group-EF46AB43B6D1-LeaderStateImpl] TRACE segmented.SegmentedRaftLogCache (AutoCloseableReadWriteLock.java:logLocking(65)) - s0@group-EF46AB43B6D1: readLock ACQUIRED 1 by SegmentedRaftLogCache$LogSegmentList.getTermIndex
2022-07-14 15:51:54,419 [s0@group-EF46AB43B6D1-LeaderStateImpl] TRACE segmented.SegmentedRaftLogCache (AutoCloseableReadWriteLock.java:logLocking(65)) - s0@group-EF46AB43B6D1: readLock RELEASED 0 by SegmentedRaftLogCache$LogSegmentList.getTermIndex
2022-07-14 15:51:54,419 [s0@group-EF46AB43B6D1-StateMachineUpdater] INFO  statemachine.SimpleStateMachine4Testing (SimpleStateMachine4Testing.java:put(204)) - s0: put 85, m42 -> (t:1, i:85), STATEMACHINELOGENTRY, 213@client-64B90517F321
2022-07-14 15:51:54,420 [s0@group-EF46AB43B6D1-LeaderStateImpl] TRACE segmented.SegmentedRaftLogCache (AutoCloseableReadWriteLock.java:logLocking(65)) - s0@group-EF46AB43B6D1: readLock ACQUIRED 1 by SegmentedRaftLogCache.getLastTermIndex
2022-07-14 15:51:54,420 [s0@group-EF46AB43B6D1-LeaderStateImpl] TRACE segmented.SegmentedRaftLogCache (AutoCloseableReadWriteLock.java:logLocking(65)) - s0@group-EF46AB43B6D1: readLock RELEASED 0 by SegmentedRaftLogCache.getLastTermIndex
2022-07-14 15:51:54,420 [s0@group-EF46AB43B6D1-LeaderStateImpl] TRACE segmented.SegmentedRaftLogCache (AutoCloseableReadWriteLock.java:logLocking(65)) - s0@group-EF46AB43B6D1: readLock ACQUIRED 1 by SegmentedRaftLogCache$LogSegmentList.countCached
2022-07-14 15:51:54,420 [s0@group-EF46AB43B6D1-LeaderStateImpl] TRACE segmented.SegmentedRaftLogCache (AutoCloseableReadWriteLock.java:logLocking(65)) - s0@group-EF46AB43B6D1: readLock RELEASED 0 by SegmentedRaftLogCache$LogSegmentList.countCached
2022-07-14 15:51:54,420 [s0@group-EF46AB43B6D1-LeaderStateImpl] TRACE segmented.SegmentedRaftLogCache (AutoCloseableReadWriteLock.java:logLocking(65)) - s0@group-EF46AB43B6D1: readLock ACQUIRED 1 by SegmentedRaftLogCache$LogSegmentList.getTotalCacheSize
2022-07-14 15:51:54,421 [s0@group-EF46AB43B6D1-LeaderStateImpl] TRACE segmented.SegmentedRaftLogCache (AutoCloseableReadWriteLock.java:logLocking(65)) - s0@group-EF46AB43B6D1: readLock RELEASED 0 by SegmentedRaftLogCache$LogSegmentList.getTotalCacheSize
2022-07-14 15:51:54,421 [s0@group-EF46AB43B6D1-LeaderStateImpl] DEBUG segmented.SegmentedRaftLogWorker (SegmentedRaftLogWorker.java:addIOTask(270)) - s0@group-EF46AB43B6D1-SegmentedRaftLogWorker adds IO task WriteLog:86: (t:1, i:86), METADATAENTRY(c:85)
2022-07-14 15:51:54,421 [s0@group-EF46AB43B6D1-SegmentedRaftLogWorker] DEBUG segmented.SegmentedRaftLogWorker (SegmentedRaftLogWorker.java:flushIfNecessary(365)) - s0@group-EF46AB43B6D1-SegmentedRaftLogWorker: flush SegmentedRaftLogOutputStream(/home/runner/work/ratis/ratis/ratis-test/target/test/data/7931f2a6/MiniRaftClusterWithGrpc6c3cfa42/s0/d33854d5-690d-4a13-9a9e-ef46ab43b6d1/current/log_inprogress_0)
2022-07-14 15:51:54,421 [s0-client-thread1] TRACE segmented.SegmentedRaftLogCache (AutoCloseableReadWriteLock.java:logLocking(65)) - s0@group-EF46AB43B6D1: readLock ACQUIRED 1 by SegmentedRaftLogCache.getLastTermIndex
2022-07-14 15:51:54,421 [s0-client-thread1] TRACE segmented.SegmentedRaftLogCache (AutoCloseableReadWriteLock.java:logLocking(65)) - s0@group-EF46AB43B6D1: readLock RELEASED 0 by SegmentedRaftLogCache.getLastTermIndex
2022-07-14 15:51:54,421 [s0-client-thread1] TRACE segmented.SegmentedRaftLogCache (AutoCloseableReadWriteLock.java:logLocking(65)) - s0@group-EF46AB43B6D1: readLock ACQUIRED 1 by SegmentedRaftLogCache.getLastTermIndex
2022-07-14 15:51:54,421 [s0-client-thread1] TRACE segmented.SegmentedRaftLogCache (AutoCloseableReadWriteLock.java:logLocking(65)) - s0@group-EF46AB43B6D1: readLock RELEASED 0 by SegmentedRaftLogCache.getLastTermIndex
2022-07-14 15:51:54,421 [s0-client-thread1] TRACE segmented.SegmentedRaftLogCache (AutoCloseableReadWriteLock.java:logLocking(65)) - s0@group-EF46AB43B6D1: readLock ACQUIRED 1 by SegmentedRaftLogCache$LogSegmentList.countCached
2022-07-14 15:51:54,421 [s0-client-thread1] TRACE segmented.SegmentedRaftLogCache (AutoCloseableReadWriteLock.java:logLocking(65)) - s0@group-EF46AB43B6D1: readLock RELEASED 0 by SegmentedRaftLogCache$LogSegmentList.countCached
2022-07-14 15:51:54,421 [s0-client-thread1] TRACE segmented.SegmentedRaftLogCache (AutoCloseableReadWriteLock.java:logLocking(65)) - s0@group-EF46AB43B6D1: readLock ACQUIRED 1 by SegmentedRaftLogCache$LogSegmentList.getTotalCacheSize
2022-07-14 15:51:54,421 [s0-client-thread1] TRACE segmented.SegmentedRaftLogCache (AutoCloseableReadWriteLock.java:logLocking(65)) - s0@group-EF46AB43B6D1: readLock RELEASED 0 by SegmentedRaftLogCache$LogSegmentList.getTotalCacheSize
2022-07-14 15:51:54,421 [s0-client-thread1] DEBUG segmented.SegmentedRaftLogWorker (SegmentedRaftLogWorker.java:addIOTask(270)) - s0@group-EF46AB43B6D1-SegmentedRaftLogWorker adds IO task WriteLog:87: (t:1, i:87), STATEMACHINELOGENTRY, StateMachineLogEntryProto:214@client-64B90517F321
2022-07-14 15:51:54,422 [s0@group-EF46AB43B6D1-SegmentedRaftLogWorker] DEBUG segmented.SegmentedRaftLogWorker (SegmentedRaftLogWorker.java:flushIfNecessary(365)) - s0@group-EF46AB43B6D1-SegmentedRaftLogWorker: flush SegmentedRaftLogOutputStream(/home/runner/work/ratis/ratis/ratis-test/target/test/data/7931f2a6/MiniRaftClusterWithGrpc6c3cfa42/s0/d33854d5-690d-4a13-9a9e-ef46ab43b6d1/current/log_inprogress_0)
2022-07-14 15:51:54,422 [s0@group-EF46AB43B6D1-LeaderStateImpl] TRACE segmented.SegmentedRaftLogCache (AutoCloseableReadWriteLock.java:logLocking(65)) - s0@group-EF46AB43B6D1: readLock ACQUIRED 1 by SegmentedRaftLogCache.getStartIndex
2022-07-14 15:51:54,422 [s0@group-EF46AB43B6D1-LeaderStateImpl] TRACE segmented.SegmentedRaftLogCache (AutoCloseableReadWriteLock.java:logLocking(65)) -   s0@group-EF46AB43B6D1: readLock ACQUIRED 2 by SegmentedRaftLogCache$LogSegmentList.isEmpty
2022-07-14 15:51:54,422 [s0@group-EF46AB43B6D1-LeaderStateImpl] TRACE segmented.SegmentedRaftLogCache (AutoCloseableReadWriteLock.java:logLocking(65)) -   s0@group-EF46AB43B6D1: readLock RELEASED 1 by SegmentedRaftLogCache$LogSegmentList.isEmpty
2022-07-14 15:51:54,422 [s0@group-EF46AB43B6D1-LeaderStateImpl] TRACE segmented.SegmentedRaftLogCache (AutoCloseableReadWriteLock.java:logLocking(65)) - s0@group-EF46AB43B6D1: readLock RELEASED 0 by SegmentedRaftLogCache.getStartIndex
2022-07-14 15:51:54,422 [s0@group-EF46AB43B6D1-LeaderStateImpl] TRACE segmented.SegmentedRaftLogCache (AutoCloseableReadWriteLock.java:logLocking(65)) - s0@group-EF46AB43B6D1: readLock ACQUIRED 1 by SegmentedRaftLogCache.getEndIndex
2022-07-14 15:51:54,422 [s0@group-EF46AB43B6D1-LeaderStateImpl] TRACE segmented.SegmentedRaftLogCache (AutoCloseableReadWriteLock.java:logLocking(65)) - s0@group-EF46AB43B6D1: readLock RELEASED 0 by SegmentedRaftLogCache.getEndIndex
2022-07-14 15:51:54,422 [s0@group-EF46AB43B6D1-LeaderStateImpl] TRACE segmented.SegmentedRaftLogCache (AutoCloseableReadWriteLock.java:logLocking(65)) - s0@group-EF46AB43B6D1: readLock ACQUIRED 1 by SegmentedRaftLogCache$LogSegmentList.getTermIndex
2022-07-14 15:51:54,422 [s0@group-EF46AB43B6D1-LeaderStateImpl] TRACE segmented.SegmentedRaftLogCache (AutoCloseableReadWriteLock.java:logLocking(65)) - s0@group-EF46AB43B6D1: readLock RELEASED 0 by SegmentedRaftLogCache$LogSegmentList.getTermIndex
2022-07-14 15:51:54,422 [s0@group-EF46AB43B6D1-LeaderStateImpl] TRACE segmented.SegmentedRaftLogCache (AutoCloseableReadWriteLock.java:logLocking(65)) - s0@group-EF46AB43B6D1: readLock ACQUIRED 1 by SegmentedRaftLogCache.getStartIndex
2022-07-14 15:51:54,422 [s0@group-EF46AB43B6D1-LeaderStateImpl] TRACE segmented.SegmentedRaftLogCache (AutoCloseableReadWriteLock.java:logLocking(65)) -   s0@group-EF46AB43B6D1: readLock ACQUIRED 2 by SegmentedRaftLogCache$LogSegmentList.isEmpty
2022-07-14 15:51:54,422 [s0@group-EF46AB43B6D1-LeaderStateImpl] TRACE segmented.SegmentedRaftLogCache (AutoCloseableReadWriteLock.java:logLocking(65)) -   s0@group-EF46AB43B6D1: readLock RELEASED 1 by SegmentedRaftLogCache$LogSegmentList.isEmpty
2022-07-14 15:51:54,422 [s0@group-EF46AB43B6D1-LeaderStateImpl] TRACE segmented.SegmentedRaftLogCache (AutoCloseableReadWriteLock.java:logLocking(65)) - s0@group-EF46AB43B6D1: readLock RELEASED 0 by SegmentedRaftLogCache.getStartIndex
2022-07-14 15:51:54,422 [s0@group-EF46AB43B6D1-LeaderStateImpl] TRACE segmented.SegmentedRaftLogCache (AutoCloseableReadWriteLock.java:logLocking(65)) - s0@group-EF46AB43B6D1: readLock ACQUIRED 1 by SegmentedRaftLogCache.getEndIndex
2022-07-14 15:51:54,422 [s0@group-EF46AB43B6D1-LeaderStateImpl] TRACE segmented.SegmentedRaftLogCache (AutoCloseableReadWriteLock.java:logLocking(65)) - s0@group-EF46AB43B6D1: readLock RELEASED 0 by SegmentedRaftLogCache.getEndIndex
2022-07-14 15:51:54,422 [s0@group-EF46AB43B6D1-LeaderStateImpl] TRACE segmented.SegmentedRaftLogCache (AutoCloseableReadWriteLock.java:logLocking(65)) - s0@group-EF46AB43B6D1: readLock ACQUIRED 1 by SegmentedRaftLogCache$LogSegmentList.getTermIndex
2022-07-14 15:51:54,423 [s0@group-EF46AB43B6D1-LeaderStateImpl] TRACE segmented.SegmentedRaftLogCache (AutoCloseableReadWriteLock.java:logLocking(65)) - s0@group-EF46AB43B6D1: readLock RELEASED 0 by SegmentedRaftLogCache$LogSegmentList.getTermIndex
2022-07-14 15:51:54,423 [s0@group-EF46AB43B6D1-StateMachineUpdater] INFO  statemachine.SimpleStateMachine4Testing (SimpleStateMachine4Testing.java:put(204)) - s0: put 87, m43 -> (t:1, i:87), STATEMACHINELOGENTRY, 214@client-64B90517F321
2022-07-14 15:51:54,423 [s0@group-EF46AB43B6D1-LeaderStateImpl] TRACE segmented.SegmentedRaftLogCache (AutoCloseableReadWriteLock.java:logLocking(65)) - s0@group-EF46AB43B6D1: readLock ACQUIRED 1 by SegmentedRaftLogCache.getLastTermIndex
2022-07-14 15:51:54,424 [s0@group-EF46AB43B6D1-LeaderStateImpl] TRACE segmented.SegmentedRaftLogCache (AutoCloseableReadWriteLock.java:logLocking(65)) - s0@group-EF46AB43B6D1: readLock RELEASED 0 by SegmentedRaftLogCache.getLastTermIndex
2022-07-14 15:51:54,424 [s0@group-EF46AB43B6D1-LeaderStateImpl] TRACE segmented.SegmentedRaftLogCache (AutoCloseableReadWriteLock.java:logLocking(65)) - s0@group-EF46AB43B6D1: readLock ACQUIRED 1 by SegmentedRaftLogCache$LogSegmentList.countCached
2022-07-14 15:51:54,424 [s0@group-EF46AB43B6D1-LeaderStateImpl] TRACE segmented.SegmentedRaftLogCache (AutoCloseableReadWriteLock.java:logLocking(65)) - s0@group-EF46AB43B6D1: readLock RELEASED 0 by SegmentedRaftLogCache$LogSegmentList.countCached
2022-07-14 15:51:54,424 [s0@group-EF46AB43B6D1-LeaderStateImpl] TRACE segmented.SegmentedRaftLogCache (AutoCloseableReadWriteLock.java:logLocking(65)) - s0@group-EF46AB43B6D1: readLock ACQUIRED 1 by SegmentedRaftLogCache$LogSegmentList.getTotalCacheSize
2022-07-14 15:51:54,424 [s0@group-EF46AB43B6D1-LeaderStateImpl] TRACE segmented.SegmentedRaftLogCache (AutoCloseableReadWriteLock.java:logLocking(65)) - s0@group-EF46AB43B6D1: readLock RELEASED 0 by SegmentedRaftLogCache$LogSegmentList.getTotalCacheSize
2022-07-14 15:51:54,424 [s0@group-EF46AB43B6D1-LeaderStateImpl] DEBUG segmented.SegmentedRaftLogWorker (SegmentedRaftLogWorker.java:addIOTask(270)) - s0@group-EF46AB43B6D1-SegmentedRaftLogWorker adds IO task WriteLog:88: (t:1, i:88), METADATAENTRY(c:87)
2022-07-14 15:51:54,425 [s0@group-EF46AB43B6D1-SegmentedRaftLogWorker] DEBUG segmented.SegmentedRaftLogWorker (SegmentedRaftLogWorker.java:flushIfNecessary(365)) - s0@group-EF46AB43B6D1-SegmentedRaftLogWorker: flush SegmentedRaftLogOutputStream(/home/runner/work/ratis/ratis/ratis-test/target/test/data/7931f2a6/MiniRaftClusterWithGrpc6c3cfa42/s0/d33854d5-690d-4a13-9a9e-ef46ab43b6d1/current/log_inprogress_0)
2022-07-14 15:51:54,425 [s0-client-thread1] TRACE segmented.SegmentedRaftLogCache (AutoCloseableReadWriteLock.java:logLocking(65)) - s0@group-EF46AB43B6D1: readLock ACQUIRED 1 by SegmentedRaftLogCache.getLastTermIndex
2022-07-14 15:51:54,425 [s0-client-thread1] TRACE segmented.SegmentedRaftLogCache (AutoCloseableReadWriteLock.java:logLocking(65)) - s0@group-EF46AB43B6D1: readLock RELEASED 0 by SegmentedRaftLogCache.getLastTermIndex
2022-07-14 15:51:54,425 [s0-client-thread1] TRACE segmented.SegmentedRaftLogCache (AutoCloseableReadWriteLock.java:logLocking(65)) - s0@group-EF46AB43B6D1: readLock ACQUIRED 1 by SegmentedRaftLogCache.getLastTermIndex
2022-07-14 15:51:54,425 [s0-client-thread1] TRACE segmented.SegmentedRaftLogCache (AutoCloseableReadWriteLock.java:logLocking(65)) - s0@group-EF46AB43B6D1: readLock RELEASED 0 by SegmentedRaftLogCache.getLastTermIndex
2022-07-14 15:51:54,425 [s0-client-thread1] TRACE segmented.SegmentedRaftLogCache (AutoCloseableReadWriteLock.java:logLocking(65)) - s0@group-EF46AB43B6D1: readLock ACQUIRED 1 by SegmentedRaftLogCache$LogSegmentList.countCached
2022-07-14 15:51:54,425 [s0-client-thread1] TRACE segmented.SegmentedRaftLogCache (AutoCloseableReadWriteLock.java:logLocking(65)) - s0@group-EF46AB43B6D1: readLock RELEASED 0 by SegmentedRaftLogCache$LogSegmentList.countCached
2022-07-14 15:51:54,425 [s0-client-thread1] TRACE segmented.SegmentedRaftLogCache (AutoCloseableReadWriteLock.java:logLocking(65)) - s0@group-EF46AB43B6D1: readLock ACQUIRED 1 by SegmentedRaftLogCache$LogSegmentList.getTotalCacheSize
2022-07-14 15:51:54,425 [s0-client-thread1] TRACE segmented.SegmentedRaftLogCache (AutoCloseableReadWriteLock.java:logLocking(65)) - s0@group-EF46AB43B6D1: readLock RELEASED 0 by SegmentedRaftLogCache$LogSegmentList.getTotalCacheSize
2022-07-14 15:51:54,425 [s0-client-thread1] DEBUG segmented.SegmentedRaftLogWorker (SegmentedRaftLogWorker.java:addIOTask(270)) - s0@group-EF46AB43B6D1-SegmentedRaftLogWorker adds IO task WriteLog:89: (t:1, i:89), STATEMACHINELOGENTRY, StateMachineLogEntryProto:215@client-64B90517F321
2022-07-14 15:51:54,425 [s0@group-EF46AB43B6D1-SegmentedRaftLogWorker] DEBUG segmented.SegmentedRaftLogWorker (SegmentedRaftLogWorker.java:flushIfNecessary(365)) - s0@group-EF46AB43B6D1-SegmentedRaftLogWorker: flush SegmentedRaftLogOutputStream(/home/runner/work/ratis/ratis/ratis-test/target/test/data/7931f2a6/MiniRaftClusterWithGrpc6c3cfa42/s0/d33854d5-690d-4a13-9a9e-ef46ab43b6d1/current/log_inprogress_0)
2022-07-14 15:51:54,426 [s0@group-EF46AB43B6D1-LeaderStateImpl] TRACE segmented.SegmentedRaftLogCache (AutoCloseableReadWriteLock.java:logLocking(65)) - s0@group-EF46AB43B6D1: readLock ACQUIRED 1 by SegmentedRaftLogCache.getStartIndex
2022-07-14 15:51:54,426 [s0@group-EF46AB43B6D1-LeaderStateImpl] TRACE segmented.SegmentedRaftLogCache (AutoCloseableReadWriteLock.java:logLocking(65)) -   s0@group-EF46AB43B6D1: readLock ACQUIRED 2 by SegmentedRaftLogCache$LogSegmentList.isEmpty
2022-07-14 15:51:54,426 [s0@group-EF46AB43B6D1-LeaderStateImpl] TRACE segmented.SegmentedRaftLogCache (AutoCloseableReadWriteLock.java:logLocking(65)) -   s0@group-EF46AB43B6D1: readLock RELEASED 1 by SegmentedRaftLogCache$LogSegmentList.isEmpty
2022-07-14 15:51:54,426 [s0@group-EF46AB43B6D1-LeaderStateImpl] TRACE segmented.SegmentedRaftLogCache (AutoCloseableReadWriteLock.java:logLocking(65)) - s0@group-EF46AB43B6D1: readLock RELEASED 0 by SegmentedRaftLogCache.getStartIndex
2022-07-14 15:51:54,426 [s0@group-EF46AB43B6D1-LeaderStateImpl] TRACE segmented.SegmentedRaftLogCache (AutoCloseableReadWriteLock.java:logLocking(65)) - s0@group-EF46AB43B6D1: readLock ACQUIRED 1 by SegmentedRaftLogCache.getEndIndex
2022-07-14 15:51:54,426 [s0@group-EF46AB43B6D1-LeaderStateImpl] TRACE segmented.SegmentedRaftLogCache (AutoCloseableReadWriteLock.java:logLocking(65)) - s0@group-EF46AB43B6D1: readLock RELEASED 0 by SegmentedRaftLogCache.getEndIndex
2022-07-14 15:51:54,426 [s0@group-EF46AB43B6D1-LeaderStateImpl] TRACE segmented.SegmentedRaftLogCache (AutoCloseableReadWriteLock.java:logLocking(65)) - s0@group-EF46AB43B6D1: readLock ACQUIRED 1 by SegmentedRaftLogCache$LogSegmentList.getTermIndex
2022-07-14 15:51:54,426 [s0@group-EF46AB43B6D1-LeaderStateImpl] TRACE segmented.SegmentedRaftLogCache (AutoCloseableReadWriteLock.java:logLocking(65)) - s0@group-EF46AB43B6D1: readLock RELEASED 0 by SegmentedRaftLogCache$LogSegmentList.getTermIndex
2022-07-14 15:51:54,426 [s0@group-EF46AB43B6D1-LeaderStateImpl] TRACE segmented.SegmentedRaftLogCache (AutoCloseableReadWriteLock.java:logLocking(65)) - s0@group-EF46AB43B6D1: readLock ACQUIRED 1 by SegmentedRaftLogCache.getStartIndex
2022-07-14 15:51:54,426 [s0@group-EF46AB43B6D1-LeaderStateImpl] TRACE segmented.SegmentedRaftLogCache (AutoCloseableReadWriteLock.java:logLocking(65)) -   s0@group-EF46AB43B6D1: readLock ACQUIRED 2 by SegmentedRaftLogCache$LogSegmentList.isEmpty
2022-07-14 15:51:54,426 [s0@group-EF46AB43B6D1-LeaderStateImpl] TRACE segmented.SegmentedRaftLogCache (AutoCloseableReadWriteLock.java:logLocking(65)) -   s0@group-EF46AB43B6D1: readLock RELEASED 1 by SegmentedRaftLogCache$LogSegmentList.isEmpty
2022-07-14 15:51:54,426 [s0@group-EF46AB43B6D1-LeaderStateImpl] TRACE segmented.SegmentedRaftLogCache (AutoCloseableReadWriteLock.java:logLocking(65)) - s0@group-EF46AB43B6D1: readLock RELEASED 0 by SegmentedRaftLogCache.getStartIndex
2022-07-14 15:51:54,426 [s0@group-EF46AB43B6D1-LeaderStateImpl] TRACE segmented.SegmentedRaftLogCache (AutoCloseableReadWriteLock.java:logLocking(65)) - s0@group-EF46AB43B6D1: readLock ACQUIRED 1 by SegmentedRaftLogCache.getEndIndex
2022-07-14 15:51:54,426 [s0@group-EF46AB43B6D1-LeaderStateImpl] TRACE segmented.SegmentedRaftLogCache (AutoCloseableReadWriteLock.java:logLocking(65)) - s0@group-EF46AB43B6D1: readLock RELEASED 0 by SegmentedRaftLogCache.getEndIndex
2022-07-14 15:51:54,426 [s0@group-EF46AB43B6D1-LeaderStateImpl] TRACE segmented.SegmentedRaftLogCache (AutoCloseableReadWriteLock.java:logLocking(65)) - s0@group-EF46AB43B6D1: readLock ACQUIRED 1 by SegmentedRaftLogCache$LogSegmentList.getTermIndex
2022-07-14 15:51:54,426 [s0@group-EF46AB43B6D1-LeaderStateImpl] TRACE segmented.SegmentedRaftLogCache (AutoCloseableReadWriteLock.java:logLocking(65)) - s0@group-EF46AB43B6D1: readLock RELEASED 0 by SegmentedRaftLogCache$LogSegmentList.getTermIndex
2022-07-14 15:51:54,427 [s0@group-EF46AB43B6D1-StateMachineUpdater] INFO  statemachine.SimpleStateMachine4Testing (SimpleStateMachine4Testing.java:put(204)) - s0: put 89, m44 -> (t:1, i:89), STATEMACHINELOGENTRY, 215@client-64B90517F321
2022-07-14 15:51:54,427 [s0@group-EF46AB43B6D1-LeaderStateImpl] TRACE segmented.SegmentedRaftLogCache (AutoCloseableReadWriteLock.java:logLocking(65)) - s0@group-EF46AB43B6D1: readLock ACQUIRED 1 by SegmentedRaftLogCache.getLastTermIndex
2022-07-14 15:51:54,427 [s0@group-EF46AB43B6D1-LeaderStateImpl] TRACE segmented.SegmentedRaftLogCache (AutoCloseableReadWriteLock.java:logLocking(65)) - s0@group-EF46AB43B6D1: readLock RELEASED 0 by SegmentedRaftLogCache.getLastTermIndex
2022-07-14 15:51:54,427 [s0@group-EF46AB43B6D1-LeaderStateImpl] TRACE segmented.SegmentedRaftLogCache (AutoCloseableReadWriteLock.java:logLocking(65)) - s0@group-EF46AB43B6D1: readLock ACQUIRED 1 by SegmentedRaftLogCache$LogSegmentList.countCached
2022-07-14 15:51:54,427 [s0@group-EF46AB43B6D1-LeaderStateImpl] TRACE segmented.SegmentedRaftLogCache (AutoCloseableReadWriteLock.java:logLocking(65)) - s0@group-EF46AB43B6D1: readLock RELEASED 0 by SegmentedRaftLogCache$LogSegmentList.countCached
2022-07-14 15:51:54,427 [s0@group-EF46AB43B6D1-LeaderStateImpl] TRACE segmented.SegmentedRaftLogCache (AutoCloseableReadWriteLock.java:logLocking(65)) - s0@group-EF46AB43B6D1: readLock ACQUIRED 1 by SegmentedRaftLogCache$LogSegmentList.getTotalCacheSize
2022-07-14 15:51:54,427 [s0@group-EF46AB43B6D1-LeaderStateImpl] TRACE segmented.SegmentedRaftLogCache (AutoCloseableReadWriteLock.java:logLocking(65)) - s0@group-EF46AB43B6D1: readLock RELEASED 0 by SegmentedRaftLogCache$LogSegmentList.getTotalCacheSize
2022-07-14 15:51:54,427 [s0@group-EF46AB43B6D1-LeaderStateImpl] DEBUG segmented.SegmentedRaftLogWorker (SegmentedRaftLogWorker.java:addIOTask(270)) - s0@group-EF46AB43B6D1-SegmentedRaftLogWorker adds IO task WriteLog:90: (t:1, i:90), METADATAENTRY(c:89)
2022-07-14 15:51:54,428 [s0@group-EF46AB43B6D1-SegmentedRaftLogWorker] DEBUG segmented.SegmentedRaftLogWorker (SegmentedRaftLogWorker.java:flushIfNecessary(365)) - s0@group-EF46AB43B6D1-SegmentedRaftLogWorker: flush SegmentedRaftLogOutputStream(/home/runner/work/ratis/ratis/ratis-test/target/test/data/7931f2a6/MiniRaftClusterWithGrpc6c3cfa42/s0/d33854d5-690d-4a13-9a9e-ef46ab43b6d1/current/log_inprogress_0)
2022-07-14 15:51:54,428 [s0@group-EF46AB43B6D1-LeaderStateImpl] TRACE segmented.SegmentedRaftLogCache (AutoCloseableReadWriteLock.java:logLocking(65)) - s0@group-EF46AB43B6D1: readLock ACQUIRED 1 by SegmentedRaftLogCache.getStartIndex
2022-07-14 15:51:54,428 [s0@group-EF46AB43B6D1-LeaderStateImpl] TRACE segmented.SegmentedRaftLogCache (AutoCloseableReadWriteLock.java:logLocking(65)) -   s0@group-EF46AB43B6D1: readLock ACQUIRED 2 by SegmentedRaftLogCache$LogSegmentList.isEmpty
2022-07-14 15:51:54,428 [s0@group-EF46AB43B6D1-LeaderStateImpl] TRACE segmented.SegmentedRaftLogCache (AutoCloseableReadWriteLock.java:logLocking(65)) -   s0@group-EF46AB43B6D1: readLock RELEASED 1 by SegmentedRaftLogCache$LogSegmentList.isEmpty
2022-07-14 15:51:54,428 [s0@group-EF46AB43B6D1-LeaderStateImpl] TRACE segmented.SegmentedRaftLogCache (AutoCloseableReadWriteLock.java:logLocking(65)) - s0@group-EF46AB43B6D1: readLock RELEASED 0 by SegmentedRaftLogCache.getStartIndex
2022-07-14 15:51:54,428 [s0@group-EF46AB43B6D1-LeaderStateImpl] TRACE segmented.SegmentedRaftLogCache (AutoCloseableReadWriteLock.java:logLocking(65)) - s0@group-EF46AB43B6D1: readLock ACQUIRED 1 by SegmentedRaftLogCache.getEndIndex
2022-07-14 15:51:54,428 [s0@group-EF46AB43B6D1-LeaderStateImpl] TRACE segmented.SegmentedRaftLogCache (AutoCloseableReadWriteLock.java:logLocking(65)) - s0@group-EF46AB43B6D1: readLock RELEASED 0 by SegmentedRaftLogCache.getEndIndex
2022-07-14 15:51:54,428 [s0@group-EF46AB43B6D1-LeaderStateImpl] TRACE segmented.SegmentedRaftLogCache (AutoCloseableReadWriteLock.java:logLocking(65)) - s0@group-EF46AB43B6D1: readLock ACQUIRED 1 by SegmentedRaftLogCache$LogSegmentList.getTermIndex
2022-07-14 15:51:54,428 [s0@group-EF46AB43B6D1-LeaderStateImpl] TRACE segmented.SegmentedRaftLogCache (AutoCloseableReadWriteLock.java:logLocking(65)) - s0@group-EF46AB43B6D1: readLock RELEASED 0 by SegmentedRaftLogCache$LogSegmentList.getTermIndex
2022-07-14 15:51:54,432 [s0-client-thread1] TRACE segmented.SegmentedRaftLogCache (AutoCloseableReadWriteLock.java:logLocking(65)) - s0@group-EF46AB43B6D1: readLock ACQUIRED 1 by SegmentedRaftLogCache.getLastTermIndex
2022-07-14 15:51:54,432 [s0-client-thread1] TRACE segmented.SegmentedRaftLogCache (AutoCloseableReadWriteLock.java:logLocking(65)) - s0@group-EF46AB43B6D1: readLock RELEASED 0 by SegmentedRaftLogCache.getLastTermIndex
2022-07-14 15:51:54,432 [s0-client-thread1] TRACE segmented.SegmentedRaftLogCache (AutoCloseableReadWriteLock.java:logLocking(65)) - s0@group-EF46AB43B6D1: readLock ACQUIRED 1 by SegmentedRaftLogCache.getLastTermIndex
2022-07-14 15:51:54,432 [s0-client-thread1] TRACE segmented.SegmentedRaftLogCache (AutoCloseableReadWriteLock.java:logLocking(65)) - s0@group-EF46AB43B6D1: readLock RELEASED 0 by SegmentedRaftLogCache.getLastTermIndex
2022-07-14 15:51:54,432 [s0-client-thread1] TRACE segmented.SegmentedRaftLogCache (AutoCloseableReadWriteLock.java:logLocking(65)) - s0@group-EF46AB43B6D1: readLock ACQUIRED 1 by SegmentedRaftLogCache$LogSegmentList.countCached
2022-07-14 15:51:54,432 [s0-client-thread1] TRACE segmented.SegmentedRaftLogCache (AutoCloseableReadWriteLock.java:logLocking(65)) - s0@group-EF46AB43B6D1: readLock RELEASED 0 by SegmentedRaftLogCache$LogSegmentList.countCached
2022-07-14 15:51:54,432 [s0-client-thread1] TRACE segmented.SegmentedRaftLogCache (AutoCloseableReadWriteLock.java:logLocking(65)) - s0@group-EF46AB43B6D1: readLock ACQUIRED 1 by SegmentedRaftLogCache$LogSegmentList.getTotalCacheSize
2022-07-14 15:51:54,432 [s0-client-thread1] TRACE segmented.SegmentedRaftLogCache (AutoCloseableReadWriteLock.java:logLocking(65)) - s0@group-EF46AB43B6D1: readLock RELEASED 0 by SegmentedRaftLogCache$LogSegmentList.getTotalCacheSize
2022-07-14 15:51:54,432 [s0-client-thread1] DEBUG segmented.SegmentedRaftLogWorker (SegmentedRaftLogWorker.java:addIOTask(270)) - s0@group-EF46AB43B6D1-SegmentedRaftLogWorker adds IO task WriteLog:91: (t:1, i:91), STATEMACHINELOGENTRY, StateMachineLogEntryProto:216@client-64B90517F321
2022-07-14 15:51:54,432 [s0@group-EF46AB43B6D1-SegmentedRaftLogWorker] DEBUG segmented.SegmentedRaftLogWorker (SegmentedRaftLogWorker.java:flushIfNecessary(365)) - s0@group-EF46AB43B6D1-SegmentedRaftLogWorker: flush SegmentedRaftLogOutputStream(/home/runner/work/ratis/ratis/ratis-test/target/test/data/7931f2a6/MiniRaftClusterWithGrpc6c3cfa42/s0/d33854d5-690d-4a13-9a9e-ef46ab43b6d1/current/log_inprogress_0)
2022-07-14 15:51:54,433 [s0@group-EF46AB43B6D1-LeaderStateImpl] TRACE segmented.SegmentedRaftLogCache (AutoCloseableReadWriteLock.java:logLocking(65)) - s0@group-EF46AB43B6D1: readLock ACQUIRED 1 by SegmentedRaftLogCache.getStartIndex
2022-07-14 15:51:54,433 [s0@group-EF46AB43B6D1-LeaderStateImpl] TRACE segmented.SegmentedRaftLogCache (AutoCloseableReadWriteLock.java:logLocking(65)) -   s0@group-EF46AB43B6D1: readLock ACQUIRED 2 by SegmentedRaftLogCache$LogSegmentList.isEmpty
2022-07-14 15:51:54,433 [s0@group-EF46AB43B6D1-LeaderStateImpl] TRACE segmented.SegmentedRaftLogCache (AutoCloseableReadWriteLock.java:logLocking(65)) -   s0@group-EF46AB43B6D1: readLock RELEASED 1 by SegmentedRaftLogCache$LogSegmentList.isEmpty
2022-07-14 15:51:54,433 [s0@group-EF46AB43B6D1-LeaderStateImpl] TRACE segmented.SegmentedRaftLogCache (AutoCloseableReadWriteLock.java:logLocking(65)) - s0@group-EF46AB43B6D1: readLock RELEASED 0 by SegmentedRaftLogCache.getStartIndex
2022-07-14 15:51:54,433 [s0@group-EF46AB43B6D1-LeaderStateImpl] TRACE segmented.SegmentedRaftLogCache (AutoCloseableReadWriteLock.java:logLocking(65)) - s0@group-EF46AB43B6D1: readLock ACQUIRED 1 by SegmentedRaftLogCache.getEndIndex
2022-07-14 15:51:54,433 [s0@group-EF46AB43B6D1-LeaderStateImpl] TRACE segmented.SegmentedRaftLogCache (AutoCloseableReadWriteLock.java:logLocking(65)) - s0@group-EF46AB43B6D1: readLock RELEASED 0 by SegmentedRaftLogCache.getEndIndex
2022-07-14 15:51:54,433 [s0@group-EF46AB43B6D1-LeaderStateImpl] TRACE segmented.SegmentedRaftLogCache (AutoCloseableReadWriteLock.java:logLocking(65)) - s0@group-EF46AB43B6D1: readLock ACQUIRED 1 by SegmentedRaftLogCache$LogSegmentList.getTermIndex
2022-07-14 15:51:54,433 [s0@group-EF46AB43B6D1-LeaderStateImpl] TRACE segmented.SegmentedRaftLogCache (AutoCloseableReadWriteLock.java:logLocking(65)) - s0@group-EF46AB43B6D1: readLock RELEASED 0 by SegmentedRaftLogCache$LogSegmentList.getTermIndex
2022-07-14 15:51:54,433 [s0@group-EF46AB43B6D1-StateMachineUpdater] INFO  statemachine.SimpleStateMachine4Testing (SimpleStateMachine4Testing.java:put(204)) - s0: put 91, m45 -> (t:1, i:91), STATEMACHINELOGENTRY, 216@client-64B90517F321
2022-07-14 15:51:54,433 [s0@group-EF46AB43B6D1-LeaderStateImpl] TRACE segmented.SegmentedRaftLogCache (AutoCloseableReadWriteLock.java:logLocking(65)) - s0@group-EF46AB43B6D1: readLock ACQUIRED 1 by SegmentedRaftLogCache.getLastTermIndex
2022-07-14 15:51:54,433 [s0@group-EF46AB43B6D1-LeaderStateImpl] TRACE segmented.SegmentedRaftLogCache (AutoCloseableReadWriteLock.java:logLocking(65)) - s0@group-EF46AB43B6D1: readLock RELEASED 0 by SegmentedRaftLogCache.getLastTermIndex
2022-07-14 15:51:54,434 [s0@group-EF46AB43B6D1-LeaderStateImpl] TRACE segmented.SegmentedRaftLogCache (AutoCloseableReadWriteLock.java:logLocking(65)) - s0@group-EF46AB43B6D1: readLock ACQUIRED 1 by SegmentedRaftLogCache$LogSegmentList.countCached
2022-07-14 15:51:54,434 [s0@group-EF46AB43B6D1-LeaderStateImpl] TRACE segmented.SegmentedRaftLogCache (AutoCloseableReadWriteLock.java:logLocking(65)) - s0@group-EF46AB43B6D1: readLock RELEASED 0 by SegmentedRaftLogCache$LogSegmentList.countCached
2022-07-14 15:51:54,434 [s0@group-EF46AB43B6D1-LeaderStateImpl] TRACE segmented.SegmentedRaftLogCache (AutoCloseableReadWriteLock.java:logLocking(65)) - s0@group-EF46AB43B6D1: readLock ACQUIRED 1 by SegmentedRaftLogCache$LogSegmentList.getTotalCacheSize
2022-07-14 15:51:54,434 [s0@group-EF46AB43B6D1-LeaderStateImpl] TRACE segmented.SegmentedRaftLogCache (AutoCloseableReadWriteLock.java:logLocking(65)) - s0@group-EF46AB43B6D1: readLock RELEASED 0 by SegmentedRaftLogCache$LogSegmentList.getTotalCacheSize
2022-07-14 15:51:54,434 [s0@group-EF46AB43B6D1-LeaderStateImpl] DEBUG segmented.SegmentedRaftLogWorker (SegmentedRaftLogWorker.java:addIOTask(270)) - s0@group-EF46AB43B6D1-SegmentedRaftLogWorker adds IO task WriteLog:92: (t:1, i:92), METADATAENTRY(c:91)
2022-07-14 15:51:54,434 [s0@group-EF46AB43B6D1-SegmentedRaftLogWorker] DEBUG segmented.SegmentedRaftLogWorker (SegmentedRaftLogWorker.java:flushIfNecessary(365)) - s0@group-EF46AB43B6D1-SegmentedRaftLogWorker: flush SegmentedRaftLogOutputStream(/home/runner/work/ratis/ratis/ratis-test/target/test/data/7931f2a6/MiniRaftClusterWithGrpc6c3cfa42/s0/d33854d5-690d-4a13-9a9e-ef46ab43b6d1/current/log_inprogress_0)
2022-07-14 15:51:54,434 [s0@group-EF46AB43B6D1-LeaderStateImpl] TRACE segmented.SegmentedRaftLogCache (AutoCloseableReadWriteLock.java:logLocking(65)) - s0@group-EF46AB43B6D1: readLock ACQUIRED 1 by SegmentedRaftLogCache.getStartIndex
2022-07-14 15:51:54,434 [s0@group-EF46AB43B6D1-LeaderStateImpl] TRACE segmented.SegmentedRaftLogCache (AutoCloseableReadWriteLock.java:logLocking(65)) -   s0@group-EF46AB43B6D1: readLock ACQUIRED 2 by SegmentedRaftLogCache$LogSegmentList.isEmpty
2022-07-14 15:51:54,434 [s0@group-EF46AB43B6D1-LeaderStateImpl] TRACE segmented.SegmentedRaftLogCache (AutoCloseableReadWriteLock.java:logLocking(65)) -   s0@group-EF46AB43B6D1: readLock RELEASED 1 by SegmentedRaftLogCache$LogSegmentList.isEmpty
2022-07-14 15:51:54,434 [s0@group-EF46AB43B6D1-LeaderStateImpl] TRACE segmented.SegmentedRaftLogCache (AutoCloseableReadWriteLock.java:logLocking(65)) - s0@group-EF46AB43B6D1: readLock RELEASED 0 by SegmentedRaftLogCache.getStartIndex
2022-07-14 15:51:54,434 [s0@group-EF46AB43B6D1-LeaderStateImpl] TRACE segmented.SegmentedRaftLogCache (AutoCloseableReadWriteLock.java:logLocking(65)) - s0@group-EF46AB43B6D1: readLock ACQUIRED 1 by SegmentedRaftLogCache.getEndIndex
2022-07-14 15:51:54,434 [s0@group-EF46AB43B6D1-LeaderStateImpl] TRACE segmented.SegmentedRaftLogCache (AutoCloseableReadWriteLock.java:logLocking(65)) - s0@group-EF46AB43B6D1: readLock RELEASED 0 by SegmentedRaftLogCache.getEndIndex
2022-07-14 15:51:54,435 [s0@group-EF46AB43B6D1-LeaderStateImpl] TRACE segmented.SegmentedRaftLogCache (AutoCloseableReadWriteLock.java:logLocking(65)) - s0@group-EF46AB43B6D1: readLock ACQUIRED 1 by SegmentedRaftLogCache$LogSegmentList.getTermIndex
2022-07-14 15:51:54,435 [s0@group-EF46AB43B6D1-LeaderStateImpl] TRACE segmented.SegmentedRaftLogCache (AutoCloseableReadWriteLock.java:logLocking(65)) - s0@group-EF46AB43B6D1: readLock RELEASED 0 by SegmentedRaftLogCache$LogSegmentList.getTermIndex
2022-07-14 15:51:54,435 [s0-client-thread1] TRACE segmented.SegmentedRaftLogCache (AutoCloseableReadWriteLock.java:logLocking(65)) - s0@group-EF46AB43B6D1: readLock ACQUIRED 1 by SegmentedRaftLogCache.getLastTermIndex
2022-07-14 15:51:54,435 [s0-client-thread1] TRACE segmented.SegmentedRaftLogCache (AutoCloseableReadWriteLock.java:logLocking(65)) - s0@group-EF46AB43B6D1: readLock RELEASED 0 by SegmentedRaftLogCache.getLastTermIndex
2022-07-14 15:51:54,435 [s0-client-thread1] TRACE segmented.SegmentedRaftLogCache (AutoCloseableReadWriteLock.java:logLocking(65)) - s0@group-EF46AB43B6D1: readLock ACQUIRED 1 by SegmentedRaftLogCache.getLastTermIndex
2022-07-14 15:51:54,435 [s0-client-thread1] TRACE segmented.SegmentedRaftLogCache (AutoCloseableReadWriteLock.java:logLocking(65)) - s0@group-EF46AB43B6D1: readLock RELEASED 0 by SegmentedRaftLogCache.getLastTermIndex
2022-07-14 15:51:54,435 [s0-client-thread1] TRACE segmented.SegmentedRaftLogCache (AutoCloseableReadWriteLock.java:logLocking(65)) - s0@group-EF46AB43B6D1: readLock ACQUIRED 1 by SegmentedRaftLogCache$LogSegmentList.countCached
2022-07-14 15:51:54,435 [s0-client-thread1] TRACE segmented.SegmentedRaftLogCache (AutoCloseableReadWriteLock.java:logLocking(65)) - s0@group-EF46AB43B6D1: readLock RELEASED 0 by SegmentedRaftLogCache$LogSegmentList.countCached
2022-07-14 15:51:54,435 [s0-client-thread1] TRACE segmented.SegmentedRaftLogCache (AutoCloseableReadWriteLock.java:logLocking(65)) - s0@group-EF46AB43B6D1: readLock ACQUIRED 1 by SegmentedRaftLogCache$LogSegmentList.getTotalCacheSize
2022-07-14 15:51:54,435 [s0-client-thread1] TRACE segmented.SegmentedRaftLogCache (AutoCloseableReadWriteLock.java:logLocking(65)) - s0@group-EF46AB43B6D1: readLock RELEASED 0 by SegmentedRaftLogCache$LogSegmentList.getTotalCacheSize
2022-07-14 15:51:54,435 [s0-client-thread1] DEBUG segmented.SegmentedRaftLogWorker (SegmentedRaftLogWorker.java:addIOTask(270)) - s0@group-EF46AB43B6D1-SegmentedRaftLogWorker adds IO task WriteLog:93: (t:1, i:93), STATEMACHINELOGENTRY, StateMachineLogEntryProto:217@client-64B90517F321
2022-07-14 15:51:54,436 [s0@group-EF46AB43B6D1-SegmentedRaftLogWorker] DEBUG segmented.SegmentedRaftLogWorker (SegmentedRaftLogWorker.java:flushIfNecessary(365)) - s0@group-EF46AB43B6D1-SegmentedRaftLogWorker: flush SegmentedRaftLogOutputStream(/home/runner/work/ratis/ratis/ratis-test/target/test/data/7931f2a6/MiniRaftClusterWithGrpc6c3cfa42/s0/d33854d5-690d-4a13-9a9e-ef46ab43b6d1/current/log_inprogress_0)
2022-07-14 15:51:54,436 [s0@group-EF46AB43B6D1-LeaderStateImpl] TRACE segmented.SegmentedRaftLogCache (AutoCloseableReadWriteLock.java:logLocking(65)) - s0@group-EF46AB43B6D1: readLock ACQUIRED 1 by SegmentedRaftLogCache.getStartIndex
2022-07-14 15:51:54,436 [s0@group-EF46AB43B6D1-LeaderStateImpl] TRACE segmented.SegmentedRaftLogCache (AutoCloseableReadWriteLock.java:logLocking(65)) -   s0@group-EF46AB43B6D1: readLock ACQUIRED 2 by SegmentedRaftLogCache$LogSegmentList.isEmpty
2022-07-14 15:51:54,436 [s0@group-EF46AB43B6D1-LeaderStateImpl] TRACE segmented.SegmentedRaftLogCache (AutoCloseableReadWriteLock.java:logLocking(65)) -   s0@group-EF46AB43B6D1: readLock RELEASED 1 by SegmentedRaftLogCache$LogSegmentList.isEmpty
2022-07-14 15:51:54,436 [s0@group-EF46AB43B6D1-LeaderStateImpl] TRACE segmented.SegmentedRaftLogCache (AutoCloseableReadWriteLock.java:logLocking(65)) - s0@group-EF46AB43B6D1: readLock RELEASED 0 by SegmentedRaftLogCache.getStartIndex
2022-07-14 15:51:54,436 [s0@group-EF46AB43B6D1-LeaderStateImpl] TRACE segmented.SegmentedRaftLogCache (AutoCloseableReadWriteLock.java:logLocking(65)) - s0@group-EF46AB43B6D1: readLock ACQUIRED 1 by SegmentedRaftLogCache.getEndIndex
2022-07-14 15:51:54,436 [s0@group-EF46AB43B6D1-LeaderStateImpl] TRACE segmented.SegmentedRaftLogCache (AutoCloseableReadWriteLock.java:logLocking(65)) - s0@group-EF46AB43B6D1: readLock RELEASED 0 by SegmentedRaftLogCache.getEndIndex
2022-07-14 15:51:54,436 [s0@group-EF46AB43B6D1-LeaderStateImpl] TRACE segmented.SegmentedRaftLogCache (AutoCloseableReadWriteLock.java:logLocking(65)) - s0@group-EF46AB43B6D1: readLock ACQUIRED 1 by SegmentedRaftLogCache$LogSegmentList.getTermIndex
2022-07-14 15:51:54,436 [s0@group-EF46AB43B6D1-LeaderStateImpl] TRACE segmented.SegmentedRaftLogCache (AutoCloseableReadWriteLock.java:logLocking(65)) - s0@group-EF46AB43B6D1: readLock RELEASED 0 by SegmentedRaftLogCache$LogSegmentList.getTermIndex
2022-07-14 15:51:54,437 [s0@group-EF46AB43B6D1-StateMachineUpdater] INFO  statemachine.SimpleStateMachine4Testing (SimpleStateMachine4Testing.java:put(204)) - s0: put 93, m46 -> (t:1, i:93), STATEMACHINELOGENTRY, 217@client-64B90517F321
2022-07-14 15:51:54,437 [s0@group-EF46AB43B6D1-LeaderStateImpl] TRACE segmented.SegmentedRaftLogCache (AutoCloseableReadWriteLock.java:logLocking(65)) - s0@group-EF46AB43B6D1: readLock ACQUIRED 1 by SegmentedRaftLogCache.getLastTermIndex
2022-07-14 15:51:54,437 [s0@group-EF46AB43B6D1-LeaderStateImpl] TRACE segmented.SegmentedRaftLogCache (AutoCloseableReadWriteLock.java:logLocking(65)) - s0@group-EF46AB43B6D1: readLock RELEASED 0 by SegmentedRaftLogCache.getLastTermIndex
2022-07-14 15:51:54,437 [s0@group-EF46AB43B6D1-LeaderStateImpl] TRACE segmented.SegmentedRaftLogCache (AutoCloseableReadWriteLock.java:logLocking(65)) - s0@group-EF46AB43B6D1: readLock ACQUIRED 1 by SegmentedRaftLogCache$LogSegmentList.countCached
2022-07-14 15:51:54,437 [s0@group-EF46AB43B6D1-LeaderStateImpl] TRACE segmented.SegmentedRaftLogCache (AutoCloseableReadWriteLock.java:logLocking(65)) - s0@group-EF46AB43B6D1: readLock RELEASED 0 by SegmentedRaftLogCache$LogSegmentList.countCached
2022-07-14 15:51:54,437 [s0@group-EF46AB43B6D1-LeaderStateImpl] TRACE segmented.SegmentedRaftLogCache (AutoCloseableReadWriteLock.java:logLocking(65)) - s0@group-EF46AB43B6D1: readLock ACQUIRED 1 by SegmentedRaftLogCache$LogSegmentList.getTotalCacheSize
2022-07-14 15:51:54,437 [s0@group-EF46AB43B6D1-LeaderStateImpl] TRACE segmented.SegmentedRaftLogCache (AutoCloseableReadWriteLock.java:logLocking(65)) - s0@group-EF46AB43B6D1: readLock RELEASED 0 by SegmentedRaftLogCache$LogSegmentList.getTotalCacheSize
2022-07-14 15:51:54,438 [s0@group-EF46AB43B6D1-LeaderStateImpl] DEBUG segmented.SegmentedRaftLogWorker (SegmentedRaftLogWorker.java:addIOTask(270)) - s0@group-EF46AB43B6D1-SegmentedRaftLogWorker adds IO task WriteLog:94: (t:1, i:94), METADATAENTRY(c:93)
2022-07-14 15:51:54,439 [s0@group-EF46AB43B6D1-SegmentedRaftLogWorker] DEBUG segmented.SegmentedRaftLogWorker (SegmentedRaftLogWorker.java:flushIfNecessary(365)) - s0@group-EF46AB43B6D1-SegmentedRaftLogWorker: flush SegmentedRaftLogOutputStream(/home/runner/work/ratis/ratis/ratis-test/target/test/data/7931f2a6/MiniRaftClusterWithGrpc6c3cfa42/s0/d33854d5-690d-4a13-9a9e-ef46ab43b6d1/current/log_inprogress_0)
2022-07-14 15:51:54,439 [s0-client-thread1] TRACE segmented.SegmentedRaftLogCache (AutoCloseableReadWriteLock.java:logLocking(65)) - s0@group-EF46AB43B6D1: readLock ACQUIRED 1 by SegmentedRaftLogCache.getLastTermIndex
2022-07-14 15:51:54,439 [s0-client-thread1] TRACE segmented.SegmentedRaftLogCache (AutoCloseableReadWriteLock.java:logLocking(65)) - s0@group-EF46AB43B6D1: readLock RELEASED 0 by SegmentedRaftLogCache.getLastTermIndex
2022-07-14 15:51:54,439 [s0-client-thread1] TRACE segmented.SegmentedRaftLogCache (AutoCloseableReadWriteLock.java:logLocking(65)) - s0@group-EF46AB43B6D1: readLock ACQUIRED 1 by SegmentedRaftLogCache.getLastTermIndex
2022-07-14 15:51:54,439 [s0-client-thread1] TRACE segmented.SegmentedRaftLogCache (AutoCloseableReadWriteLock.java:logLocking(65)) - s0@group-EF46AB43B6D1: readLock RELEASED 0 by SegmentedRaftLogCache.getLastTermIndex
2022-07-14 15:51:54,439 [s0-client-thread1] TRACE segmented.SegmentedRaftLogCache (AutoCloseableReadWriteLock.java:logLocking(65)) - s0@group-EF46AB43B6D1: readLock ACQUIRED 1 by SegmentedRaftLogCache$LogSegmentList.countCached
2022-07-14 15:51:54,439 [s0-client-thread1] TRACE segmented.SegmentedRaftLogCache (AutoCloseableReadWriteLock.java:logLocking(65)) - s0@group-EF46AB43B6D1: readLock RELEASED 0 by SegmentedRaftLogCache$LogSegmentList.countCached
2022-07-14 15:51:54,439 [s0-client-thread1] TRACE segmented.SegmentedRaftLogCache (AutoCloseableReadWriteLock.java:logLocking(65)) - s0@group-EF46AB43B6D1: readLock ACQUIRED 1 by SegmentedRaftLogCache$LogSegmentList.getTotalCacheSize
2022-07-14 15:51:54,440 [s0-client-thread1] TRACE segmented.SegmentedRaftLogCache (AutoCloseableReadWriteLock.java:logLocking(65)) - s0@group-EF46AB43B6D1: readLock RELEASED 0 by SegmentedRaftLogCache$LogSegmentList.getTotalCacheSize
2022-07-14 15:51:54,440 [s0-client-thread1] DEBUG segmented.SegmentedRaftLogWorker (SegmentedRaftLogWorker.java:addIOTask(270)) - s0@group-EF46AB43B6D1-SegmentedRaftLogWorker adds IO task WriteLog:95: (t:1, i:95), STATEMACHINELOGENTRY, StateMachineLogEntryProto:218@client-64B90517F321
2022-07-14 15:51:54,440 [s0@group-EF46AB43B6D1-SegmentedRaftLogWorker] DEBUG segmented.SegmentedRaftLogWorker (SegmentedRaftLogWorker.java:flushIfNecessary(365)) - s0@group-EF46AB43B6D1-SegmentedRaftLogWorker: flush SegmentedRaftLogOutputStream(/home/runner/work/ratis/ratis/ratis-test/target/test/data/7931f2a6/MiniRaftClusterWithGrpc6c3cfa42/s0/d33854d5-690d-4a13-9a9e-ef46ab43b6d1/current/log_inprogress_0)
2022-07-14 15:51:54,440 [s0@group-EF46AB43B6D1-LeaderStateImpl] TRACE segmented.SegmentedRaftLogCache (AutoCloseableReadWriteLock.java:logLocking(65)) - s0@group-EF46AB43B6D1: readLock ACQUIRED 1 by SegmentedRaftLogCache.getStartIndex
2022-07-14 15:51:54,440 [s0@group-EF46AB43B6D1-LeaderStateImpl] TRACE segmented.SegmentedRaftLogCache (AutoCloseableReadWriteLock.java:logLocking(65)) -   s0@group-EF46AB43B6D1: readLock ACQUIRED 2 by SegmentedRaftLogCache$LogSegmentList.isEmpty
2022-07-14 15:51:54,440 [s0@group-EF46AB43B6D1-LeaderStateImpl] TRACE segmented.SegmentedRaftLogCache (AutoCloseableReadWriteLock.java:logLocking(65)) -   s0@group-EF46AB43B6D1: readLock RELEASED 1 by SegmentedRaftLogCache$LogSegmentList.isEmpty
2022-07-14 15:51:54,440 [s0@group-EF46AB43B6D1-LeaderStateImpl] TRACE segmented.SegmentedRaftLogCache (AutoCloseableReadWriteLock.java:logLocking(65)) - s0@group-EF46AB43B6D1: readLock RELEASED 0 by SegmentedRaftLogCache.getStartIndex
2022-07-14 15:51:54,441 [s0@group-EF46AB43B6D1-LeaderStateImpl] TRACE segmented.SegmentedRaftLogCache (AutoCloseableReadWriteLock.java:logLocking(65)) - s0@group-EF46AB43B6D1: readLock ACQUIRED 1 by SegmentedRaftLogCache.getEndIndex
2022-07-14 15:51:54,441 [s0@group-EF46AB43B6D1-LeaderStateImpl] TRACE segmented.SegmentedRaftLogCache (AutoCloseableReadWriteLock.java:logLocking(65)) - s0@group-EF46AB43B6D1: readLock RELEASED 0 by SegmentedRaftLogCache.getEndIndex
2022-07-14 15:51:54,441 [s0@group-EF46AB43B6D1-LeaderStateImpl] TRACE segmented.SegmentedRaftLogCache (AutoCloseableReadWriteLock.java:logLocking(65)) - s0@group-EF46AB43B6D1: readLock ACQUIRED 1 by SegmentedRaftLogCache$LogSegmentList.getTermIndex
2022-07-14 15:51:54,441 [s0@group-EF46AB43B6D1-LeaderStateImpl] TRACE segmented.SegmentedRaftLogCache (AutoCloseableReadWriteLock.java:logLocking(65)) - s0@group-EF46AB43B6D1: readLock RELEASED 0 by SegmentedRaftLogCache$LogSegmentList.getTermIndex
2022-07-14 15:51:54,441 [s0@group-EF46AB43B6D1-StateMachineUpdater] INFO  statemachine.SimpleStateMachine4Testing (SimpleStateMachine4Testing.java:put(204)) - s0: put 95, m47 -> (t:1, i:95), STATEMACHINELOGENTRY, 218@client-64B90517F321
2022-07-14 15:51:54,443 [s0@group-EF46AB43B6D1-LeaderStateImpl] TRACE segmented.SegmentedRaftLogCache (AutoCloseableReadWriteLock.java:logLocking(65)) - s0@group-EF46AB43B6D1: readLock ACQUIRED 1 by SegmentedRaftLogCache.getLastTermIndex
2022-07-14 15:51:54,443 [s0@group-EF46AB43B6D1-LeaderStateImpl] TRACE segmented.SegmentedRaftLogCache (AutoCloseableReadWriteLock.java:logLocking(65)) - s0@group-EF46AB43B6D1: readLock RELEASED 0 by SegmentedRaftLogCache.getLastTermIndex
2022-07-14 15:51:54,443 [s0@group-EF46AB43B6D1-LeaderStateImpl] TRACE segmented.SegmentedRaftLogCache (AutoCloseableReadWriteLock.java:logLocking(65)) - s0@group-EF46AB43B6D1: readLock ACQUIRED 1 by SegmentedRaftLogCache$LogSegmentList.countCached
2022-07-14 15:51:54,443 [s0@group-EF46AB43B6D1-LeaderStateImpl] TRACE segmented.SegmentedRaftLogCache (AutoCloseableReadWriteLock.java:logLocking(65)) - s0@group-EF46AB43B6D1: readLock RELEASED 0 by SegmentedRaftLogCache$LogSegmentList.countCached
2022-07-14 15:51:54,443 [s0@group-EF46AB43B6D1-LeaderStateImpl] TRACE segmented.SegmentedRaftLogCache (AutoCloseableReadWriteLock.java:logLocking(65)) - s0@group-EF46AB43B6D1: readLock ACQUIRED 1 by SegmentedRaftLogCache$LogSegmentList.getTotalCacheSize
2022-07-14 15:51:54,443 [s0@group-EF46AB43B6D1-LeaderStateImpl] TRACE segmented.SegmentedRaftLogCache (AutoCloseableReadWriteLock.java:logLocking(65)) - s0@group-EF46AB43B6D1: readLock RELEASED 0 by SegmentedRaftLogCache$LogSegmentList.getTotalCacheSize
2022-07-14 15:51:54,443 [s0@group-EF46AB43B6D1-LeaderStateImpl] DEBUG segmented.SegmentedRaftLogWorker (SegmentedRaftLogWorker.java:addIOTask(270)) - s0@group-EF46AB43B6D1-SegmentedRaftLogWorker adds IO task WriteLog:96: (t:1, i:96), METADATAENTRY(c:95)
2022-07-14 15:51:54,443 [s0@group-EF46AB43B6D1-SegmentedRaftLogWorker] DEBUG segmented.SegmentedRaftLogWorker (SegmentedRaftLogWorker.java:flushIfNecessary(365)) - s0@group-EF46AB43B6D1-SegmentedRaftLogWorker: flush SegmentedRaftLogOutputStream(/home/runner/work/ratis/ratis/ratis-test/target/test/data/7931f2a6/MiniRaftClusterWithGrpc6c3cfa42/s0/d33854d5-690d-4a13-9a9e-ef46ab43b6d1/current/log_inprogress_0)
2022-07-14 15:51:54,444 [s0-client-thread1] TRACE segmented.SegmentedRaftLogCache (AutoCloseableReadWriteLock.java:logLocking(65)) - s0@group-EF46AB43B6D1: readLock ACQUIRED 1 by SegmentedRaftLogCache.getLastTermIndex
2022-07-14 15:51:54,444 [s0-client-thread1] TRACE segmented.SegmentedRaftLogCache (AutoCloseableReadWriteLock.java:logLocking(65)) - s0@group-EF46AB43B6D1: readLock RELEASED 0 by SegmentedRaftLogCache.getLastTermIndex
2022-07-14 15:51:54,444 [s0-client-thread1] TRACE segmented.SegmentedRaftLogCache (AutoCloseableReadWriteLock.java:logLocking(65)) - s0@group-EF46AB43B6D1: readLock ACQUIRED 1 by SegmentedRaftLogCache.getLastTermIndex
2022-07-14 15:51:54,444 [s0-client-thread1] TRACE segmented.SegmentedRaftLogCache (AutoCloseableReadWriteLock.java:logLocking(65)) - s0@group-EF46AB43B6D1: readLock RELEASED 0 by SegmentedRaftLogCache.getLastTermIndex
2022-07-14 15:51:54,444 [s0-client-thread1] TRACE segmented.SegmentedRaftLogCache (AutoCloseableReadWriteLock.java:logLocking(65)) - s0@group-EF46AB43B6D1: readLock ACQUIRED 1 by SegmentedRaftLogCache$LogSegmentList.countCached
2022-07-14 15:51:54,444 [s0-client-thread1] TRACE segmented.SegmentedRaftLogCache (AutoCloseableReadWriteLock.java:logLocking(65)) - s0@group-EF46AB43B6D1: readLock RELEASED 0 by SegmentedRaftLogCache$LogSegmentList.countCached
2022-07-14 15:51:54,444 [s0-client-thread1] TRACE segmented.SegmentedRaftLogCache (AutoCloseableReadWriteLock.java:logLocking(65)) - s0@group-EF46AB43B6D1: readLock ACQUIRED 1 by SegmentedRaftLogCache$LogSegmentList.getTotalCacheSize
2022-07-14 15:51:54,444 [s0-client-thread1] TRACE segmented.SegmentedRaftLogCache (AutoCloseableReadWriteLock.java:logLocking(65)) - s0@group-EF46AB43B6D1: readLock RELEASED 0 by SegmentedRaftLogCache$LogSegmentList.getTotalCacheSize
2022-07-14 15:51:54,444 [s0-client-thread1] DEBUG segmented.SegmentedRaftLogWorker (SegmentedRaftLogWorker.java:addIOTask(270)) - s0@group-EF46AB43B6D1-SegmentedRaftLogWorker adds IO task WriteLog:97: (t:1, i:97), STATEMACHINELOGENTRY, StateMachineLogEntryProto:219@client-64B90517F321
2022-07-14 15:51:54,444 [s0@group-EF46AB43B6D1-SegmentedRaftLogWorker] DEBUG segmented.SegmentedRaftLogWorker (SegmentedRaftLogWorker.java:flushIfNecessary(365)) - s0@group-EF46AB43B6D1-SegmentedRaftLogWorker: flush SegmentedRaftLogOutputStream(/home/runner/work/ratis/ratis/ratis-test/target/test/data/7931f2a6/MiniRaftClusterWithGrpc6c3cfa42/s0/d33854d5-690d-4a13-9a9e-ef46ab43b6d1/current/log_inprogress_0)
2022-07-14 15:51:54,444 [s0@group-EF46AB43B6D1-LeaderStateImpl] TRACE segmented.SegmentedRaftLogCache (AutoCloseableReadWriteLock.java:logLocking(65)) - s0@group-EF46AB43B6D1: readLock ACQUIRED 1 by SegmentedRaftLogCache.getStartIndex
2022-07-14 15:51:54,444 [s0@group-EF46AB43B6D1-LeaderStateImpl] TRACE segmented.SegmentedRaftLogCache (AutoCloseableReadWriteLock.java:logLocking(65)) -   s0@group-EF46AB43B6D1: readLock ACQUIRED 2 by SegmentedRaftLogCache$LogSegmentList.isEmpty
2022-07-14 15:51:54,444 [s0@group-EF46AB43B6D1-LeaderStateImpl] TRACE segmented.SegmentedRaftLogCache (AutoCloseableReadWriteLock.java:logLocking(65)) -   s0@group-EF46AB43B6D1: readLock RELEASED 1 by SegmentedRaftLogCache$LogSegmentList.isEmpty
2022-07-14 15:51:54,445 [s0@group-EF46AB43B6D1-LeaderStateImpl] TRACE segmented.SegmentedRaftLogCache (AutoCloseableReadWriteLock.java:logLocking(65)) - s0@group-EF46AB43B6D1: readLock RELEASED 0 by SegmentedRaftLogCache.getStartIndex
2022-07-14 15:51:54,445 [s0@group-EF46AB43B6D1-LeaderStateImpl] TRACE segmented.SegmentedRaftLogCache (AutoCloseableReadWriteLock.java:logLocking(65)) - s0@group-EF46AB43B6D1: readLock ACQUIRED 1 by SegmentedRaftLogCache.getEndIndex
2022-07-14 15:51:54,445 [s0@group-EF46AB43B6D1-LeaderStateImpl] TRACE segmented.SegmentedRaftLogCache (AutoCloseableReadWriteLock.java:logLocking(65)) - s0@group-EF46AB43B6D1: readLock RELEASED 0 by SegmentedRaftLogCache.getEndIndex
2022-07-14 15:51:54,445 [s0@group-EF46AB43B6D1-LeaderStateImpl] TRACE segmented.SegmentedRaftLogCache (AutoCloseableReadWriteLock.java:logLocking(65)) - s0@group-EF46AB43B6D1: readLock ACQUIRED 1 by SegmentedRaftLogCache$LogSegmentList.getTermIndex
2022-07-14 15:51:54,445 [s0@group-EF46AB43B6D1-LeaderStateImpl] TRACE segmented.SegmentedRaftLogCache (AutoCloseableReadWriteLock.java:logLocking(65)) - s0@group-EF46AB43B6D1: readLock RELEASED 0 by SegmentedRaftLogCache$LogSegmentList.getTermIndex
2022-07-14 15:51:54,445 [s0@group-EF46AB43B6D1-LeaderStateImpl] TRACE segmented.SegmentedRaftLogCache (AutoCloseableReadWriteLock.java:logLocking(65)) - s0@group-EF46AB43B6D1: readLock ACQUIRED 1 by SegmentedRaftLogCache.getStartIndex
2022-07-14 15:51:54,445 [s0@group-EF46AB43B6D1-LeaderStateImpl] TRACE segmented.SegmentedRaftLogCache (AutoCloseableReadWriteLock.java:logLocking(65)) -   s0@group-EF46AB43B6D1: readLock ACQUIRED 2 by SegmentedRaftLogCache$LogSegmentList.isEmpty
2022-07-14 15:51:54,445 [s0@group-EF46AB43B6D1-LeaderStateImpl] TRACE segmented.SegmentedRaftLogCache (AutoCloseableReadWriteLock.java:logLocking(65)) -   s0@group-EF46AB43B6D1: readLock RELEASED 1 by SegmentedRaftLogCache$LogSegmentList.isEmpty
2022-07-14 15:51:54,445 [s0@group-EF46AB43B6D1-LeaderStateImpl] TRACE segmented.SegmentedRaftLogCache (AutoCloseableReadWriteLock.java:logLocking(65)) - s0@group-EF46AB43B6D1: readLock RELEASED 0 by SegmentedRaftLogCache.getStartIndex
2022-07-14 15:51:54,445 [s0@group-EF46AB43B6D1-LeaderStateImpl] TRACE segmented.SegmentedRaftLogCache (AutoCloseableReadWriteLock.java:logLocking(65)) - s0@group-EF46AB43B6D1: readLock ACQUIRED 1 by SegmentedRaftLogCache.getEndIndex
2022-07-14 15:51:54,445 [s0@group-EF46AB43B6D1-LeaderStateImpl] TRACE segmented.SegmentedRaftLogCache (AutoCloseableReadWriteLock.java:logLocking(65)) - s0@group-EF46AB43B6D1: readLock RELEASED 0 by SegmentedRaftLogCache.getEndIndex
2022-07-14 15:51:54,445 [s0@group-EF46AB43B6D1-LeaderStateImpl] TRACE segmented.SegmentedRaftLogCache (AutoCloseableReadWriteLock.java:logLocking(65)) - s0@group-EF46AB43B6D1: readLock ACQUIRED 1 by SegmentedRaftLogCache$LogSegmentList.getTermIndex
2022-07-14 15:51:54,445 [s0@group-EF46AB43B6D1-LeaderStateImpl] TRACE segmented.SegmentedRaftLogCache (AutoCloseableReadWriteLock.java:logLocking(65)) - s0@group-EF46AB43B6D1: readLock RELEASED 0 by SegmentedRaftLogCache$LogSegmentList.getTermIndex
2022-07-14 15:51:54,445 [s0@group-EF46AB43B6D1-StateMachineUpdater] INFO  statemachine.SimpleStateMachine4Testing (SimpleStateMachine4Testing.java:put(204)) - s0: put 97, m48 -> (t:1, i:97), STATEMACHINELOGENTRY, 219@client-64B90517F321
2022-07-14 15:51:54,446 [s0@group-EF46AB43B6D1-LeaderStateImpl] TRACE segmented.SegmentedRaftLogCache (AutoCloseableReadWriteLock.java:logLocking(65)) - s0@group-EF46AB43B6D1: readLock ACQUIRED 1 by SegmentedRaftLogCache.getLastTermIndex
2022-07-14 15:51:54,446 [s0@group-EF46AB43B6D1-LeaderStateImpl] TRACE segmented.SegmentedRaftLogCache (AutoCloseableReadWriteLock.java:logLocking(65)) - s0@group-EF46AB43B6D1: readLock RELEASED 0 by SegmentedRaftLogCache.getLastTermIndex
2022-07-14 15:51:54,446 [s0@group-EF46AB43B6D1-LeaderStateImpl] TRACE segmented.SegmentedRaftLogCache (AutoCloseableReadWriteLock.java:logLocking(65)) - s0@group-EF46AB43B6D1: readLock ACQUIRED 1 by SegmentedRaftLogCache$LogSegmentList.countCached
2022-07-14 15:51:54,446 [s0@group-EF46AB43B6D1-LeaderStateImpl] TRACE segmented.SegmentedRaftLogCache (AutoCloseableReadWriteLock.java:logLocking(65)) - s0@group-EF46AB43B6D1: readLock RELEASED 0 by SegmentedRaftLogCache$LogSegmentList.countCached
2022-07-14 15:51:54,446 [s0@group-EF46AB43B6D1-LeaderStateImpl] TRACE segmented.SegmentedRaftLogCache (AutoCloseableReadWriteLock.java:logLocking(65)) - s0@group-EF46AB43B6D1: readLock ACQUIRED 1 by SegmentedRaftLogCache$LogSegmentList.getTotalCacheSize
2022-07-14 15:51:54,446 [s0@group-EF46AB43B6D1-LeaderStateImpl] TRACE segmented.SegmentedRaftLogCache (AutoCloseableReadWriteLock.java:logLocking(65)) - s0@group-EF46AB43B6D1: readLock RELEASED 0 by SegmentedRaftLogCache$LogSegmentList.getTotalCacheSize
2022-07-14 15:51:54,446 [s0@group-EF46AB43B6D1-LeaderStateImpl] DEBUG segmented.SegmentedRaftLogWorker (SegmentedRaftLogWorker.java:addIOTask(270)) - s0@group-EF46AB43B6D1-SegmentedRaftLogWorker adds IO task WriteLog:98: (t:1, i:98), METADATAENTRY(c:97)
2022-07-14 15:51:54,447 [s0@group-EF46AB43B6D1-SegmentedRaftLogWorker] DEBUG segmented.SegmentedRaftLogWorker (SegmentedRaftLogWorker.java:flushIfNecessary(365)) - s0@group-EF46AB43B6D1-SegmentedRaftLogWorker: flush SegmentedRaftLogOutputStream(/home/runner/work/ratis/ratis/ratis-test/target/test/data/7931f2a6/MiniRaftClusterWithGrpc6c3cfa42/s0/d33854d5-690d-4a13-9a9e-ef46ab43b6d1/current/log_inprogress_0)
2022-07-14 15:51:54,447 [s0-client-thread1] TRACE segmented.SegmentedRaftLogCache (AutoCloseableReadWriteLock.java:logLocking(65)) - s0@group-EF46AB43B6D1: readLock ACQUIRED 1 by SegmentedRaftLogCache.getLastTermIndex
2022-07-14 15:51:54,447 [s0-client-thread1] TRACE segmented.SegmentedRaftLogCache (AutoCloseableReadWriteLock.java:logLocking(65)) - s0@group-EF46AB43B6D1: readLock RELEASED 0 by SegmentedRaftLogCache.getLastTermIndex
2022-07-14 15:51:54,447 [s0-client-thread1] TRACE segmented.SegmentedRaftLogCache (AutoCloseableReadWriteLock.java:logLocking(65)) - s0@group-EF46AB43B6D1: readLock ACQUIRED 1 by SegmentedRaftLogCache.getLastTermIndex
2022-07-14 15:51:54,447 [s0-client-thread1] TRACE segmented.SegmentedRaftLogCache (AutoCloseableReadWriteLock.java:logLocking(65)) - s0@group-EF46AB43B6D1: readLock RELEASED 0 by SegmentedRaftLogCache.getLastTermIndex
2022-07-14 15:51:54,447 [s0-client-thread1] TRACE segmented.SegmentedRaftLogCache (AutoCloseableReadWriteLock.java:logLocking(65)) - s0@group-EF46AB43B6D1: readLock ACQUIRED 1 by SegmentedRaftLogCache$LogSegmentList.countCached
2022-07-14 15:51:54,447 [s0-client-thread1] TRACE segmented.SegmentedRaftLogCache (AutoCloseableReadWriteLock.java:logLocking(65)) - s0@group-EF46AB43B6D1: readLock RELEASED 0 by SegmentedRaftLogCache$LogSegmentList.countCached
2022-07-14 15:51:54,447 [s0-client-thread1] TRACE segmented.SegmentedRaftLogCache (AutoCloseableReadWriteLock.java:logLocking(65)) - s0@group-EF46AB43B6D1: readLock ACQUIRED 1 by SegmentedRaftLogCache$LogSegmentList.getTotalCacheSize
2022-07-14 15:51:54,447 [s0-client-thread1] TRACE segmented.SegmentedRaftLogCache (AutoCloseableReadWriteLock.java:logLocking(65)) - s0@group-EF46AB43B6D1: readLock RELEASED 0 by SegmentedRaftLogCache$LogSegmentList.getTotalCacheSize
2022-07-14 15:51:54,447 [s0-client-thread1] DEBUG segmented.SegmentedRaftLogWorker (SegmentedRaftLogWorker.java:addIOTask(270)) - s0@group-EF46AB43B6D1-SegmentedRaftLogWorker adds IO task WriteLog:99: (t:1, i:99), STATEMACHINELOGENTRY, StateMachineLogEntryProto:220@client-64B90517F321
2022-07-14 15:51:54,447 [s0@group-EF46AB43B6D1-SegmentedRaftLogWorker] DEBUG segmented.SegmentedRaftLogWorker (SegmentedRaftLogWorker.java:flushIfNecessary(365)) - s0@group-EF46AB43B6D1-SegmentedRaftLogWorker: flush SegmentedRaftLogOutputStream(/home/runner/work/ratis/ratis/ratis-test/target/test/data/7931f2a6/MiniRaftClusterWithGrpc6c3cfa42/s0/d33854d5-690d-4a13-9a9e-ef46ab43b6d1/current/log_inprogress_0)
2022-07-14 15:51:54,448 [s0@group-EF46AB43B6D1-LeaderStateImpl] TRACE segmented.SegmentedRaftLogCache (AutoCloseableReadWriteLock.java:logLocking(65)) - s0@group-EF46AB43B6D1: readLock ACQUIRED 1 by SegmentedRaftLogCache.getStartIndex
2022-07-14 15:51:54,448 [s0@group-EF46AB43B6D1-LeaderStateImpl] TRACE segmented.SegmentedRaftLogCache (AutoCloseableReadWriteLock.java:logLocking(65)) -   s0@group-EF46AB43B6D1: readLock ACQUIRED 2 by SegmentedRaftLogCache$LogSegmentList.isEmpty
2022-07-14 15:51:54,448 [s0@group-EF46AB43B6D1-LeaderStateImpl] TRACE segmented.SegmentedRaftLogCache (AutoCloseableReadWriteLock.java:logLocking(65)) -   s0@group-EF46AB43B6D1: readLock RELEASED 1 by SegmentedRaftLogCache$LogSegmentList.isEmpty
2022-07-14 15:51:54,448 [s0@group-EF46AB43B6D1-LeaderStateImpl] TRACE segmented.SegmentedRaftLogCache (AutoCloseableReadWriteLock.java:logLocking(65)) - s0@group-EF46AB43B6D1: readLock RELEASED 0 by SegmentedRaftLogCache.getStartIndex
2022-07-14 15:51:54,448 [s0@group-EF46AB43B6D1-LeaderStateImpl] TRACE segmented.SegmentedRaftLogCache (AutoCloseableReadWriteLock.java:logLocking(65)) - s0@group-EF46AB43B6D1: readLock ACQUIRED 1 by SegmentedRaftLogCache.getEndIndex
2022-07-14 15:51:54,448 [s0@group-EF46AB43B6D1-LeaderStateImpl] TRACE segmented.SegmentedRaftLogCache (AutoCloseableReadWriteLock.java:logLocking(65)) - s0@group-EF46AB43B6D1: readLock RELEASED 0 by SegmentedRaftLogCache.getEndIndex
2022-07-14 15:51:54,448 [s0@group-EF46AB43B6D1-LeaderStateImpl] TRACE segmented.SegmentedRaftLogCache (AutoCloseableReadWriteLock.java:logLocking(65)) - s0@group-EF46AB43B6D1: readLock ACQUIRED 1 by SegmentedRaftLogCache$LogSegmentList.getTermIndex
2022-07-14 15:51:54,448 [s0@group-EF46AB43B6D1-LeaderStateImpl] TRACE segmented.SegmentedRaftLogCache (AutoCloseableReadWriteLock.java:logLocking(65)) - s0@group-EF46AB43B6D1: readLock RELEASED 0 by SegmentedRaftLogCache$LogSegmentList.getTermIndex
2022-07-14 15:51:54,448 [s0@group-EF46AB43B6D1-LeaderStateImpl] TRACE segmented.SegmentedRaftLogCache (AutoCloseableReadWriteLock.java:logLocking(65)) - s0@group-EF46AB43B6D1: readLock ACQUIRED 1 by SegmentedRaftLogCache.getStartIndex
2022-07-14 15:51:54,450 [s0@group-EF46AB43B6D1-LeaderStateImpl] TRACE segmented.SegmentedRaftLogCache (AutoCloseableReadWriteLock.java:logLocking(65)) -   s0@group-EF46AB43B6D1: readLock ACQUIRED 2 by SegmentedRaftLogCache$LogSegmentList.isEmpty
2022-07-14 15:51:54,450 [s0@group-EF46AB43B6D1-LeaderStateImpl] TRACE segmented.SegmentedRaftLogCache (AutoCloseableReadWriteLock.java:logLocking(65)) -   s0@group-EF46AB43B6D1: readLock RELEASED 1 by SegmentedRaftLogCache$LogSegmentList.isEmpty
2022-07-14 15:51:54,450 [s0@group-EF46AB43B6D1-LeaderStateImpl] TRACE segmented.SegmentedRaftLogCache (AutoCloseableReadWriteLock.java:logLocking(65)) - s0@group-EF46AB43B6D1: readLock RELEASED 0 by SegmentedRaftLogCache.getStartIndex
2022-07-14 15:51:54,450 [s0@group-EF46AB43B6D1-LeaderStateImpl] TRACE segmented.SegmentedRaftLogCache (AutoCloseableReadWriteLock.java:logLocking(65)) - s0@group-EF46AB43B6D1: readLock ACQUIRED 1 by SegmentedRaftLogCache.getEndIndex
2022-07-14 15:51:54,450 [s0@group-EF46AB43B6D1-LeaderStateImpl] TRACE segmented.SegmentedRaftLogCache (AutoCloseableReadWriteLock.java:logLocking(65)) - s0@group-EF46AB43B6D1: readLock RELEASED 0 by SegmentedRaftLogCache.getEndIndex
2022-07-14 15:51:54,450 [s0@group-EF46AB43B6D1-LeaderStateImpl] TRACE segmented.SegmentedRaftLogCache (AutoCloseableReadWriteLock.java:logLocking(65)) - s0@group-EF46AB43B6D1: readLock ACQUIRED 1 by SegmentedRaftLogCache$LogSegmentList.getTermIndex
2022-07-14 15:51:54,450 [s0@group-EF46AB43B6D1-LeaderStateImpl] TRACE segmented.SegmentedRaftLogCache (AutoCloseableReadWriteLock.java:logLocking(65)) - s0@group-EF46AB43B6D1: readLock RELEASED 0 by SegmentedRaftLogCache$LogSegmentList.getTermIndex
2022-07-14 15:51:54,450 [s0@group-EF46AB43B6D1-StateMachineUpdater] INFO  statemachine.SimpleStateMachine4Testing (SimpleStateMachine4Testing.java:put(204)) - s0: put 99, m49 -> (t:1, i:99), STATEMACHINELOGENTRY, 220@client-64B90517F321
2022-07-14 15:51:54,451 [s0@group-EF46AB43B6D1-LeaderStateImpl] TRACE segmented.SegmentedRaftLogCache (AutoCloseableReadWriteLock.java:logLocking(65)) - s0@group-EF46AB43B6D1: readLock ACQUIRED 1 by SegmentedRaftLogCache.getLastTermIndex
2022-07-14 15:51:54,451 [s0@group-EF46AB43B6D1-LeaderStateImpl] TRACE segmented.SegmentedRaftLogCache (AutoCloseableReadWriteLock.java:logLocking(65)) - s0@group-EF46AB43B6D1: readLock RELEASED 0 by SegmentedRaftLogCache.getLastTermIndex
2022-07-14 15:51:54,451 [s0@group-EF46AB43B6D1-LeaderStateImpl] TRACE segmented.SegmentedRaftLogCache (AutoCloseableReadWriteLock.java:logLocking(65)) - s0@group-EF46AB43B6D1: readLock ACQUIRED 1 by SegmentedRaftLogCache$LogSegmentList.countCached
2022-07-14 15:51:54,451 [s0@group-EF46AB43B6D1-LeaderStateImpl] TRACE segmented.SegmentedRaftLogCache (AutoCloseableReadWriteLock.java:logLocking(65)) - s0@group-EF46AB43B6D1: readLock RELEASED 0 by SegmentedRaftLogCache$LogSegmentList.countCached
2022-07-14 15:51:54,451 [s0@group-EF46AB43B6D1-LeaderStateImpl] TRACE segmented.SegmentedRaftLogCache (AutoCloseableReadWriteLock.java:logLocking(65)) - s0@group-EF46AB43B6D1: readLock ACQUIRED 1 by SegmentedRaftLogCache$LogSegmentList.getTotalCacheSize
2022-07-14 15:51:54,452 [s0@group-EF46AB43B6D1-LeaderStateImpl] TRACE segmented.SegmentedRaftLogCache (AutoCloseableReadWriteLock.java:logLocking(65)) - s0@group-EF46AB43B6D1: readLock RELEASED 0 by SegmentedRaftLogCache$LogSegmentList.getTotalCacheSize
2022-07-14 15:51:54,452 [s0@group-EF46AB43B6D1-LeaderStateImpl] DEBUG segmented.SegmentedRaftLogWorker (SegmentedRaftLogWorker.java:addIOTask(270)) - s0@group-EF46AB43B6D1-SegmentedRaftLogWorker adds IO task WriteLog:100: (t:1, i:100), METADATAENTRY(c:99)
2022-07-14 15:51:54,452 [s0@group-EF46AB43B6D1-SegmentedRaftLogWorker] DEBUG segmented.SegmentedRaftLogWorker (SegmentedRaftLogWorker.java:flushIfNecessary(365)) - s0@group-EF46AB43B6D1-SegmentedRaftLogWorker: flush SegmentedRaftLogOutputStream(/home/runner/work/ratis/ratis/ratis-test/target/test/data/7931f2a6/MiniRaftClusterWithGrpc6c3cfa42/s0/d33854d5-690d-4a13-9a9e-ef46ab43b6d1/current/log_inprogress_0)
2022-07-14 15:51:54,452 [s0-client-thread1] TRACE segmented.SegmentedRaftLogCache (AutoCloseableReadWriteLock.java:logLocking(65)) - s0@group-EF46AB43B6D1: readLock ACQUIRED 1 by SegmentedRaftLogCache.getLastTermIndex
2022-07-14 15:51:54,452 [s0-client-thread1] TRACE segmented.SegmentedRaftLogCache (AutoCloseableReadWriteLock.java:logLocking(65)) - s0@group-EF46AB43B6D1: readLock RELEASED 0 by SegmentedRaftLogCache.getLastTermIndex
2022-07-14 15:51:54,452 [s0-client-thread1] TRACE segmented.SegmentedRaftLogCache (AutoCloseableReadWriteLock.java:logLocking(65)) - s0@group-EF46AB43B6D1: readLock ACQUIRED 1 by SegmentedRaftLogCache.getLastTermIndex
2022-07-14 15:51:54,452 [s0-client-thread1] TRACE segmented.SegmentedRaftLogCache (AutoCloseableReadWriteLock.java:logLocking(65)) - s0@group-EF46AB43B6D1: readLock RELEASED 0 by SegmentedRaftLogCache.getLastTermIndex
2022-07-14 15:51:54,452 [s0-client-thread1] TRACE segmented.SegmentedRaftLogCache (AutoCloseableReadWriteLock.java:logLocking(65)) - s0@group-EF46AB43B6D1: readLock ACQUIRED 1 by SegmentedRaftLogCache$LogSegmentList.countCached
2022-07-14 15:51:54,453 [s0-client-thread1] TRACE segmented.SegmentedRaftLogCache (AutoCloseableReadWriteLock.java:logLocking(65)) - s0@group-EF46AB43B6D1: readLock RELEASED 0 by SegmentedRaftLogCache$LogSegmentList.countCached
2022-07-14 15:51:54,453 [s0-client-thread1] TRACE segmented.SegmentedRaftLogCache (AutoCloseableReadWriteLock.java:logLocking(65)) - s0@group-EF46AB43B6D1: readLock ACQUIRED 1 by SegmentedRaftLogCache$LogSegmentList.getTotalCacheSize
2022-07-14 15:51:54,453 [s0-client-thread1] TRACE segmented.SegmentedRaftLogCache (AutoCloseableReadWriteLock.java:logLocking(65)) - s0@group-EF46AB43B6D1: readLock RELEASED 0 by SegmentedRaftLogCache$LogSegmentList.getTotalCacheSize
2022-07-14 15:51:54,453 [s0-client-thread1] DEBUG segmented.SegmentedRaftLogWorker (SegmentedRaftLogWorker.java:addIOTask(270)) - s0@group-EF46AB43B6D1-SegmentedRaftLogWorker adds IO task WriteLog:101: (t:1, i:101), STATEMACHINELOGENTRY, StateMachineLogEntryProto:221@client-64B90517F321
2022-07-14 15:51:54,453 [s0@group-EF46AB43B6D1-SegmentedRaftLogWorker] DEBUG segmented.SegmentedRaftLogWorker (SegmentedRaftLogWorker.java:flushIfNecessary(365)) - s0@group-EF46AB43B6D1-SegmentedRaftLogWorker: flush SegmentedRaftLogOutputStream(/home/runner/work/ratis/ratis/ratis-test/target/test/data/7931f2a6/MiniRaftClusterWithGrpc6c3cfa42/s0/d33854d5-690d-4a13-9a9e-ef46ab43b6d1/current/log_inprogress_0)
2022-07-14 15:51:54,453 [s0@group-EF46AB43B6D1-LeaderStateImpl] TRACE segmented.SegmentedRaftLogCache (AutoCloseableReadWriteLock.java:logLocking(65)) - s0@group-EF46AB43B6D1: readLock ACQUIRED 1 by SegmentedRaftLogCache.getStartIndex
2022-07-14 15:51:54,453 [s0@group-EF46AB43B6D1-LeaderStateImpl] TRACE segmented.SegmentedRaftLogCache (AutoCloseableReadWriteLock.java:logLocking(65)) -   s0@group-EF46AB43B6D1: readLock ACQUIRED 2 by SegmentedRaftLogCache$LogSegmentList.isEmpty
2022-07-14 15:51:54,453 [s0@group-EF46AB43B6D1-LeaderStateImpl] TRACE segmented.SegmentedRaftLogCache (AutoCloseableReadWriteLock.java:logLocking(65)) -   s0@group-EF46AB43B6D1: readLock RELEASED 1 by SegmentedRaftLogCache$LogSegmentList.isEmpty
2022-07-14 15:51:54,455 [s0@group-EF46AB43B6D1-LeaderStateImpl] TRACE segmented.SegmentedRaftLogCache (AutoCloseableReadWriteLock.java:logLocking(65)) - s0@group-EF46AB43B6D1: readLock RELEASED 0 by SegmentedRaftLogCache.getStartIndex
2022-07-14 15:51:54,455 [s0@group-EF46AB43B6D1-LeaderStateImpl] TRACE segmented.SegmentedRaftLogCache (AutoCloseableReadWriteLock.java:logLocking(65)) - s0@group-EF46AB43B6D1: readLock ACQUIRED 1 by SegmentedRaftLogCache.getEndIndex
2022-07-14 15:51:54,455 [s0@group-EF46AB43B6D1-LeaderStateImpl] TRACE segmented.SegmentedRaftLogCache (AutoCloseableReadWriteLock.java:logLocking(65)) - s0@group-EF46AB43B6D1: readLock RELEASED 0 by SegmentedRaftLogCache.getEndIndex
2022-07-14 15:51:54,455 [s0@group-EF46AB43B6D1-LeaderStateImpl] TRACE segmented.SegmentedRaftLogCache (AutoCloseableReadWriteLock.java:logLocking(65)) - s0@group-EF46AB43B6D1: readLock ACQUIRED 1 by SegmentedRaftLogCache$LogSegmentList.getTermIndex
2022-07-14 15:51:54,455 [s0@group-EF46AB43B6D1-LeaderStateImpl] TRACE segmented.SegmentedRaftLogCache (AutoCloseableReadWriteLock.java:logLocking(65)) - s0@group-EF46AB43B6D1: readLock RELEASED 0 by SegmentedRaftLogCache$LogSegmentList.getTermIndex
2022-07-14 15:51:54,455 [s0@group-EF46AB43B6D1-LeaderStateImpl] TRACE segmented.SegmentedRaftLogCache (AutoCloseableReadWriteLock.java:logLocking(65)) - s0@group-EF46AB43B6D1: readLock ACQUIRED 1 by SegmentedRaftLogCache.getStartIndex
2022-07-14 15:51:54,455 [s0@group-EF46AB43B6D1-LeaderStateImpl] TRACE segmented.SegmentedRaftLogCache (AutoCloseableReadWriteLock.java:logLocking(65)) -   s0@group-EF46AB43B6D1: readLock ACQUIRED 2 by SegmentedRaftLogCache$LogSegmentList.isEmpty
2022-07-14 15:51:54,455 [s0@group-EF46AB43B6D1-LeaderStateImpl] TRACE segmented.SegmentedRaftLogCache (AutoCloseableReadWriteLock.java:logLocking(65)) -   s0@group-EF46AB43B6D1: readLock RELEASED 1 by SegmentedRaftLogCache$LogSegmentList.isEmpty
2022-07-14 15:51:54,455 [s0@group-EF46AB43B6D1-LeaderStateImpl] TRACE segmented.SegmentedRaftLogCache (AutoCloseableReadWriteLock.java:logLocking(65)) - s0@group-EF46AB43B6D1: readLock RELEASED 0 by SegmentedRaftLogCache.getStartIndex
2022-07-14 15:51:54,455 [s0@group-EF46AB43B6D1-LeaderStateImpl] TRACE segmented.SegmentedRaftLogCache (AutoCloseableReadWriteLock.java:logLocking(65)) - s0@group-EF46AB43B6D1: readLock ACQUIRED 1 by SegmentedRaftLogCache.getEndIndex
2022-07-14 15:51:54,455 [s0@group-EF46AB43B6D1-LeaderStateImpl] TRACE segmented.SegmentedRaftLogCache (AutoCloseableReadWriteLock.java:logLocking(65)) - s0@group-EF46AB43B6D1: readLock RELEASED 0 by SegmentedRaftLogCache.getEndIndex
2022-07-14 15:51:54,455 [s0@group-EF46AB43B6D1-LeaderStateImpl] TRACE segmented.SegmentedRaftLogCache (AutoCloseableReadWriteLock.java:logLocking(65)) - s0@group-EF46AB43B6D1: readLock ACQUIRED 1 by SegmentedRaftLogCache$LogSegmentList.getTermIndex
2022-07-14 15:51:54,455 [s0@group-EF46AB43B6D1-LeaderStateImpl] TRACE segmented.SegmentedRaftLogCache (AutoCloseableReadWriteLock.java:logLocking(65)) - s0@group-EF46AB43B6D1: readLock RELEASED 0 by SegmentedRaftLogCache$LogSegmentList.getTermIndex
2022-07-14 15:51:54,455 [s0@group-EF46AB43B6D1-StateMachineUpdater] INFO  statemachine.SimpleStateMachine4Testing (SimpleStateMachine4Testing.java:put(204)) - s0: put 101, m50 -> (t:1, i:101), STATEMACHINELOGENTRY, 221@client-64B90517F321
2022-07-14 15:51:54,455 [s0@group-EF46AB43B6D1-LeaderStateImpl] TRACE segmented.SegmentedRaftLogCache (AutoCloseableReadWriteLock.java:logLocking(65)) - s0@group-EF46AB43B6D1: readLock ACQUIRED 1 by SegmentedRaftLogCache.getLastTermIndex
2022-07-14 15:51:54,455 [s0@group-EF46AB43B6D1-LeaderStateImpl] TRACE segmented.SegmentedRaftLogCache (AutoCloseableReadWriteLock.java:logLocking(65)) - s0@group-EF46AB43B6D1: readLock RELEASED 0 by SegmentedRaftLogCache.getLastTermIndex
2022-07-14 15:51:54,455 [s0@group-EF46AB43B6D1-LeaderStateImpl] TRACE segmented.SegmentedRaftLogCache (AutoCloseableReadWriteLock.java:logLocking(65)) - s0@group-EF46AB43B6D1: readLock ACQUIRED 1 by SegmentedRaftLogCache$LogSegmentList.countCached
2022-07-14 15:51:54,455 [s0@group-EF46AB43B6D1-LeaderStateImpl] TRACE segmented.SegmentedRaftLogCache (AutoCloseableReadWriteLock.java:logLocking(65)) - s0@group-EF46AB43B6D1: readLock RELEASED 0 by SegmentedRaftLogCache$LogSegmentList.countCached
2022-07-14 15:51:54,456 [s0@group-EF46AB43B6D1-LeaderStateImpl] TRACE segmented.SegmentedRaftLogCache (AutoCloseableReadWriteLock.java:logLocking(65)) - s0@group-EF46AB43B6D1: readLock ACQUIRED 1 by SegmentedRaftLogCache$LogSegmentList.getTotalCacheSize
2022-07-14 15:51:54,456 [s0@group-EF46AB43B6D1-LeaderStateImpl] TRACE segmented.SegmentedRaftLogCache (AutoCloseableReadWriteLock.java:logLocking(65)) - s0@group-EF46AB43B6D1: readLock RELEASED 0 by SegmentedRaftLogCache$LogSegmentList.getTotalCacheSize
2022-07-14 15:51:54,456 [s0@group-EF46AB43B6D1-LeaderStateImpl] DEBUG segmented.SegmentedRaftLogWorker (SegmentedRaftLogWorker.java:addIOTask(270)) - s0@group-EF46AB43B6D1-SegmentedRaftLogWorker adds IO task WriteLog:102: (t:1, i:102), METADATAENTRY(c:101)
2022-07-14 15:51:54,456 [s0@group-EF46AB43B6D1-SegmentedRaftLogWorker] DEBUG segmented.SegmentedRaftLogWorker (SegmentedRaftLogWorker.java:flushIfNecessary(365)) - s0@group-EF46AB43B6D1-SegmentedRaftLogWorker: flush SegmentedRaftLogOutputStream(/home/runner/work/ratis/ratis/ratis-test/target/test/data/7931f2a6/MiniRaftClusterWithGrpc6c3cfa42/s0/d33854d5-690d-4a13-9a9e-ef46ab43b6d1/current/log_inprogress_0)
2022-07-14 15:51:54,456 [s0@group-EF46AB43B6D1-LeaderStateImpl] TRACE segmented.SegmentedRaftLogCache (AutoCloseableReadWriteLock.java:logLocking(65)) - s0@group-EF46AB43B6D1: readLock ACQUIRED 1 by SegmentedRaftLogCache.getStartIndex
2022-07-14 15:51:54,456 [s0@group-EF46AB43B6D1-LeaderStateImpl] TRACE segmented.SegmentedRaftLogCache (AutoCloseableReadWriteLock.java:logLocking(65)) -   s0@group-EF46AB43B6D1: readLock ACQUIRED 2 by SegmentedRaftLogCache$LogSegmentList.isEmpty
2022-07-14 15:51:54,456 [s0@group-EF46AB43B6D1-LeaderStateImpl] TRACE segmented.SegmentedRaftLogCache (AutoCloseableReadWriteLock.java:logLocking(65)) -   s0@group-EF46AB43B6D1: readLock RELEASED 1 by SegmentedRaftLogCache$LogSegmentList.isEmpty
2022-07-14 15:51:54,456 [s0@group-EF46AB43B6D1-LeaderStateImpl] TRACE segmented.SegmentedRaftLogCache (AutoCloseableReadWriteLock.java:logLocking(65)) - s0@group-EF46AB43B6D1: readLock RELEASED 0 by SegmentedRaftLogCache.getStartIndex
2022-07-14 15:51:54,456 [s0@group-EF46AB43B6D1-LeaderStateImpl] TRACE segmented.SegmentedRaftLogCache (AutoCloseableReadWriteLock.java:logLocking(65)) - s0@group-EF46AB43B6D1: readLock ACQUIRED 1 by SegmentedRaftLogCache.getEndIndex
2022-07-14 15:51:54,456 [s0@group-EF46AB43B6D1-LeaderStateImpl] TRACE segmented.SegmentedRaftLogCache (AutoCloseableReadWriteLock.java:logLocking(65)) - s0@group-EF46AB43B6D1: readLock RELEASED 0 by SegmentedRaftLogCache.getEndIndex
2022-07-14 15:51:54,456 [s0@group-EF46AB43B6D1-LeaderStateImpl] TRACE segmented.SegmentedRaftLogCache (AutoCloseableReadWriteLock.java:logLocking(65)) - s0@group-EF46AB43B6D1: readLock ACQUIRED 1 by SegmentedRaftLogCache$LogSegmentList.getTermIndex
2022-07-14 15:51:54,456 [s0@group-EF46AB43B6D1-LeaderStateImpl] TRACE segmented.SegmentedRaftLogCache (AutoCloseableReadWriteLock.java:logLocking(65)) - s0@group-EF46AB43B6D1: readLock RELEASED 0 by SegmentedRaftLogCache$LogSegmentList.getTermIndex
2022-07-14 15:51:54,457 [s0-client-thread1] TRACE segmented.SegmentedRaftLogCache (AutoCloseableReadWriteLock.java:logLocking(65)) - s0@group-EF46AB43B6D1: readLock ACQUIRED 1 by SegmentedRaftLogCache.getLastTermIndex
2022-07-14 15:51:54,457 [s0-client-thread1] TRACE segmented.SegmentedRaftLogCache (AutoCloseableReadWriteLock.java:logLocking(65)) - s0@group-EF46AB43B6D1: readLock RELEASED 0 by SegmentedRaftLogCache.getLastTermIndex
2022-07-14 15:51:54,457 [s0-client-thread1] TRACE segmented.SegmentedRaftLogCache (AutoCloseableReadWriteLock.java:logLocking(65)) - s0@group-EF46AB43B6D1: readLock ACQUIRED 1 by SegmentedRaftLogCache.getLastTermIndex
2022-07-14 15:51:54,457 [s0-client-thread1] TRACE segmented.SegmentedRaftLogCache (AutoCloseableReadWriteLock.java:logLocking(65)) - s0@group-EF46AB43B6D1: readLock RELEASED 0 by SegmentedRaftLogCache.getLastTermIndex
2022-07-14 15:51:54,457 [s0-client-thread1] TRACE segmented.SegmentedRaftLogCache (AutoCloseableReadWriteLock.java:logLocking(65)) - s0@group-EF46AB43B6D1: readLock ACQUIRED 1 by SegmentedRaftLogCache$LogSegmentList.countCached
2022-07-14 15:51:54,457 [s0-client-thread1] TRACE segmented.SegmentedRaftLogCache (AutoCloseableReadWriteLock.java:logLocking(65)) - s0@group-EF46AB43B6D1: readLock RELEASED 0 by SegmentedRaftLogCache$LogSegmentList.countCached
2022-07-14 15:51:54,457 [s0-client-thread1] TRACE segmented.SegmentedRaftLogCache (AutoCloseableReadWriteLock.java:logLocking(65)) - s0@group-EF46AB43B6D1: readLock ACQUIRED 1 by SegmentedRaftLogCache$LogSegmentList.getTotalCacheSize
2022-07-14 15:51:54,457 [s0-client-thread1] TRACE segmented.SegmentedRaftLogCache (AutoCloseableReadWriteLock.java:logLocking(65)) - s0@group-EF46AB43B6D1: readLock RELEASED 0 by SegmentedRaftLogCache$LogSegmentList.getTotalCacheSize
2022-07-14 15:51:54,457 [s0-client-thread1] DEBUG segmented.SegmentedRaftLogWorker (SegmentedRaftLogWorker.java:addIOTask(270)) - s0@group-EF46AB43B6D1-SegmentedRaftLogWorker adds IO task WriteLog:103: (t:1, i:103), STATEMACHINELOGENTRY, StateMachineLogEntryProto:222@client-64B90517F321
2022-07-14 15:51:54,458 [s0@group-EF46AB43B6D1-SegmentedRaftLogWorker] DEBUG segmented.SegmentedRaftLogWorker (SegmentedRaftLogWorker.java:flushIfNecessary(365)) - s0@group-EF46AB43B6D1-SegmentedRaftLogWorker: flush SegmentedRaftLogOutputStream(/home/runner/work/ratis/ratis/ratis-test/target/test/data/7931f2a6/MiniRaftClusterWithGrpc6c3cfa42/s0/d33854d5-690d-4a13-9a9e-ef46ab43b6d1/current/log_inprogress_0)
2022-07-14 15:51:54,458 [s0@group-EF46AB43B6D1-LeaderStateImpl] TRACE segmented.SegmentedRaftLogCache (AutoCloseableReadWriteLock.java:logLocking(65)) - s0@group-EF46AB43B6D1: readLock ACQUIRED 1 by SegmentedRaftLogCache.getStartIndex
2022-07-14 15:51:54,458 [s0@group-EF46AB43B6D1-LeaderStateImpl] TRACE segmented.SegmentedRaftLogCache (AutoCloseableReadWriteLock.java:logLocking(65)) -   s0@group-EF46AB43B6D1: readLock ACQUIRED 2 by SegmentedRaftLogCache$LogSegmentList.isEmpty
2022-07-14 15:51:54,458 [s0@group-EF46AB43B6D1-LeaderStateImpl] TRACE segmented.SegmentedRaftLogCache (AutoCloseableReadWriteLock.java:logLocking(65)) -   s0@group-EF46AB43B6D1: readLock RELEASED 1 by SegmentedRaftLogCache$LogSegmentList.isEmpty
2022-07-14 15:51:54,458 [s0@group-EF46AB43B6D1-LeaderStateImpl] TRACE segmented.SegmentedRaftLogCache (AutoCloseableReadWriteLock.java:logLocking(65)) - s0@group-EF46AB43B6D1: readLock RELEASED 0 by SegmentedRaftLogCache.getStartIndex
2022-07-14 15:51:54,458 [s0@group-EF46AB43B6D1-LeaderStateImpl] TRACE segmented.SegmentedRaftLogCache (AutoCloseableReadWriteLock.java:logLocking(65)) - s0@group-EF46AB43B6D1: readLock ACQUIRED 1 by SegmentedRaftLogCache.getEndIndex
2022-07-14 15:51:54,458 [s0@group-EF46AB43B6D1-LeaderStateImpl] TRACE segmented.SegmentedRaftLogCache (AutoCloseableReadWriteLock.java:logLocking(65)) - s0@group-EF46AB43B6D1: readLock RELEASED 0 by SegmentedRaftLogCache.getEndIndex
2022-07-14 15:51:54,458 [s0@group-EF46AB43B6D1-LeaderStateImpl] TRACE segmented.SegmentedRaftLogCache (AutoCloseableReadWriteLock.java:logLocking(65)) - s0@group-EF46AB43B6D1: readLock ACQUIRED 1 by SegmentedRaftLogCache$LogSegmentList.getTermIndex
2022-07-14 15:51:54,458 [s0@group-EF46AB43B6D1-LeaderStateImpl] TRACE segmented.SegmentedRaftLogCache (AutoCloseableReadWriteLock.java:logLocking(65)) - s0@group-EF46AB43B6D1: readLock RELEASED 0 by SegmentedRaftLogCache$LogSegmentList.getTermIndex
2022-07-14 15:51:54,458 [s0@group-EF46AB43B6D1-LeaderStateImpl] TRACE segmented.SegmentedRaftLogCache (AutoCloseableReadWriteLock.java:logLocking(65)) - s0@group-EF46AB43B6D1: readLock ACQUIRED 1 by SegmentedRaftLogCache.getLastTermIndex
2022-07-14 15:51:54,458 [s0@group-EF46AB43B6D1-LeaderStateImpl] TRACE segmented.SegmentedRaftLogCache (AutoCloseableReadWriteLock.java:logLocking(65)) - s0@group-EF46AB43B6D1: readLock RELEASED 0 by SegmentedRaftLogCache.getLastTermIndex
2022-07-14 15:51:54,458 [s0@group-EF46AB43B6D1-LeaderStateImpl] TRACE segmented.SegmentedRaftLogCache (AutoCloseableReadWriteLock.java:logLocking(65)) - s0@group-EF46AB43B6D1: readLock ACQUIRED 1 by SegmentedRaftLogCache$LogSegmentList.countCached
2022-07-14 15:51:54,458 [s0@group-EF46AB43B6D1-LeaderStateImpl] TRACE segmented.SegmentedRaftLogCache (AutoCloseableReadWriteLock.java:logLocking(65)) - s0@group-EF46AB43B6D1: readLock RELEASED 0 by SegmentedRaftLogCache$LogSegmentList.countCached
2022-07-14 15:51:54,458 [s0@group-EF46AB43B6D1-LeaderStateImpl] TRACE segmented.SegmentedRaftLogCache (AutoCloseableReadWriteLock.java:logLocking(65)) - s0@group-EF46AB43B6D1: readLock ACQUIRED 1 by SegmentedRaftLogCache$LogSegmentList.getTotalCacheSize
2022-07-14 15:51:54,459 [s0@group-EF46AB43B6D1-LeaderStateImpl] TRACE segmented.SegmentedRaftLogCache (AutoCloseableReadWriteLock.java:logLocking(65)) - s0@group-EF46AB43B6D1: readLock RELEASED 0 by SegmentedRaftLogCache$LogSegmentList.getTotalCacheSize
2022-07-14 15:51:54,459 [s0@group-EF46AB43B6D1-LeaderStateImpl] DEBUG segmented.SegmentedRaftLogWorker (SegmentedRaftLogWorker.java:addIOTask(270)) - s0@group-EF46AB43B6D1-SegmentedRaftLogWorker adds IO task WriteLog:104: (t:1, i:104), METADATAENTRY(c:103)
2022-07-14 15:51:54,459 [s0@group-EF46AB43B6D1-SegmentedRaftLogWorker] DEBUG segmented.SegmentedRaftLogWorker (SegmentedRaftLogWorker.java:flushIfNecessary(365)) - s0@group-EF46AB43B6D1-SegmentedRaftLogWorker: flush SegmentedRaftLogOutputStream(/home/runner/work/ratis/ratis/ratis-test/target/test/data/7931f2a6/MiniRaftClusterWithGrpc6c3cfa42/s0/d33854d5-690d-4a13-9a9e-ef46ab43b6d1/current/log_inprogress_0)
2022-07-14 15:51:54,459 [s0@group-EF46AB43B6D1-StateMachineUpdater] INFO  statemachine.SimpleStateMachine4Testing (SimpleStateMachine4Testing.java:put(204)) - s0: put 103, m51 -> (t:1, i:103), STATEMACHINELOGENTRY, 222@client-64B90517F321
2022-07-14 15:51:54,459 [s0@group-EF46AB43B6D1-LeaderStateImpl] TRACE segmented.SegmentedRaftLogCache (AutoCloseableReadWriteLock.java:logLocking(65)) - s0@group-EF46AB43B6D1: readLock ACQUIRED 1 by SegmentedRaftLogCache.getStartIndex
2022-07-14 15:51:54,459 [s0@group-EF46AB43B6D1-LeaderStateImpl] TRACE segmented.SegmentedRaftLogCache (AutoCloseableReadWriteLock.java:logLocking(65)) -   s0@group-EF46AB43B6D1: readLock ACQUIRED 2 by SegmentedRaftLogCache$LogSegmentList.isEmpty
2022-07-14 15:51:54,459 [s0@group-EF46AB43B6D1-LeaderStateImpl] TRACE segmented.SegmentedRaftLogCache (AutoCloseableReadWriteLock.java:logLocking(65)) -   s0@group-EF46AB43B6D1: readLock RELEASED 1 by SegmentedRaftLogCache$LogSegmentList.isEmpty
2022-07-14 15:51:54,459 [s0@group-EF46AB43B6D1-LeaderStateImpl] TRACE segmented.SegmentedRaftLogCache (AutoCloseableReadWriteLock.java:logLocking(65)) - s0@group-EF46AB43B6D1: readLock RELEASED 0 by SegmentedRaftLogCache.getStartIndex
2022-07-14 15:51:54,459 [s0@group-EF46AB43B6D1-LeaderStateImpl] TRACE segmented.SegmentedRaftLogCache (AutoCloseableReadWriteLock.java:logLocking(65)) - s0@group-EF46AB43B6D1: readLock ACQUIRED 1 by SegmentedRaftLogCache.getEndIndex
2022-07-14 15:51:54,459 [s0@group-EF46AB43B6D1-LeaderStateImpl] TRACE segmented.SegmentedRaftLogCache (AutoCloseableReadWriteLock.java:logLocking(65)) - s0@group-EF46AB43B6D1: readLock RELEASED 0 by SegmentedRaftLogCache.getEndIndex
2022-07-14 15:51:54,459 [s0@group-EF46AB43B6D1-LeaderStateImpl] TRACE segmented.SegmentedRaftLogCache (AutoCloseableReadWriteLock.java:logLocking(65)) - s0@group-EF46AB43B6D1: readLock ACQUIRED 1 by SegmentedRaftLogCache$LogSegmentList.getTermIndex
2022-07-14 15:51:54,459 [s0@group-EF46AB43B6D1-LeaderStateImpl] TRACE segmented.SegmentedRaftLogCache (AutoCloseableReadWriteLock.java:logLocking(65)) - s0@group-EF46AB43B6D1: readLock RELEASED 0 by SegmentedRaftLogCache$LogSegmentList.getTermIndex
2022-07-14 15:51:54,460 [s0-client-thread1] TRACE segmented.SegmentedRaftLogCache (AutoCloseableReadWriteLock.java:logLocking(65)) - s0@group-EF46AB43B6D1: readLock ACQUIRED 1 by SegmentedRaftLogCache.getLastTermIndex
2022-07-14 15:51:54,460 [s0-client-thread1] TRACE segmented.SegmentedRaftLogCache (AutoCloseableReadWriteLock.java:logLocking(65)) - s0@group-EF46AB43B6D1: readLock RELEASED 0 by SegmentedRaftLogCache.getLastTermIndex
2022-07-14 15:51:54,461 [s0-client-thread1] TRACE segmented.SegmentedRaftLogCache (AutoCloseableReadWriteLock.java:logLocking(65)) - s0@group-EF46AB43B6D1: readLock ACQUIRED 1 by SegmentedRaftLogCache.getLastTermIndex
2022-07-14 15:51:54,461 [s0-client-thread1] TRACE segmented.SegmentedRaftLogCache (AutoCloseableReadWriteLock.java:logLocking(65)) - s0@group-EF46AB43B6D1: readLock RELEASED 0 by SegmentedRaftLogCache.getLastTermIndex
2022-07-14 15:51:54,461 [s0-client-thread1] TRACE segmented.SegmentedRaftLogCache (AutoCloseableReadWriteLock.java:logLocking(65)) - s0@group-EF46AB43B6D1: readLock ACQUIRED 1 by SegmentedRaftLogCache$LogSegmentList.countCached
2022-07-14 15:51:54,461 [s0-client-thread1] TRACE segmented.SegmentedRaftLogCache (AutoCloseableReadWriteLock.java:logLocking(65)) - s0@group-EF46AB43B6D1: readLock RELEASED 0 by SegmentedRaftLogCache$LogSegmentList.countCached
2022-07-14 15:51:54,461 [s0-client-thread1] TRACE segmented.SegmentedRaftLogCache (AutoCloseableReadWriteLock.java:logLocking(65)) - s0@group-EF46AB43B6D1: readLock ACQUIRED 1 by SegmentedRaftLogCache$LogSegmentList.getTotalCacheSize
2022-07-14 15:51:54,461 [s0-client-thread1] TRACE segmented.SegmentedRaftLogCache (AutoCloseableReadWriteLock.java:logLocking(65)) - s0@group-EF46AB43B6D1: readLock RELEASED 0 by SegmentedRaftLogCache$LogSegmentList.getTotalCacheSize
2022-07-14 15:51:54,461 [s0-client-thread1] DEBUG segmented.SegmentedRaftLogWorker (SegmentedRaftLogWorker.java:addIOTask(270)) - s0@group-EF46AB43B6D1-SegmentedRaftLogWorker adds IO task WriteLog:105: (t:1, i:105), STATEMACHINELOGENTRY, StateMachineLogEntryProto:223@client-64B90517F321
2022-07-14 15:51:54,461 [s0@group-EF46AB43B6D1-SegmentedRaftLogWorker] DEBUG segmented.SegmentedRaftLogWorker (SegmentedRaftLogWorker.java:flushIfNecessary(365)) - s0@group-EF46AB43B6D1-SegmentedRaftLogWorker: flush SegmentedRaftLogOutputStream(/home/runner/work/ratis/ratis/ratis-test/target/test/data/7931f2a6/MiniRaftClusterWithGrpc6c3cfa42/s0/d33854d5-690d-4a13-9a9e-ef46ab43b6d1/current/log_inprogress_0)
2022-07-14 15:51:54,462 [s0@group-EF46AB43B6D1-LeaderStateImpl] TRACE segmented.SegmentedRaftLogCache (AutoCloseableReadWriteLock.java:logLocking(65)) - s0@group-EF46AB43B6D1: readLock ACQUIRED 1 by SegmentedRaftLogCache.getStartIndex
2022-07-14 15:51:54,462 [s0@group-EF46AB43B6D1-LeaderStateImpl] TRACE segmented.SegmentedRaftLogCache (AutoCloseableReadWriteLock.java:logLocking(65)) -   s0@group-EF46AB43B6D1: readLock ACQUIRED 2 by SegmentedRaftLogCache$LogSegmentList.isEmpty
2022-07-14 15:51:54,462 [s0@group-EF46AB43B6D1-LeaderStateImpl] TRACE segmented.SegmentedRaftLogCache (AutoCloseableReadWriteLock.java:logLocking(65)) -   s0@group-EF46AB43B6D1: readLock RELEASED 1 by SegmentedRaftLogCache$LogSegmentList.isEmpty
2022-07-14 15:51:54,462 [s0@group-EF46AB43B6D1-LeaderStateImpl] TRACE segmented.SegmentedRaftLogCache (AutoCloseableReadWriteLock.java:logLocking(65)) - s0@group-EF46AB43B6D1: readLock RELEASED 0 by SegmentedRaftLogCache.getStartIndex
2022-07-14 15:51:54,462 [s0@group-EF46AB43B6D1-LeaderStateImpl] TRACE segmented.SegmentedRaftLogCache (AutoCloseableReadWriteLock.java:logLocking(65)) - s0@group-EF46AB43B6D1: readLock ACQUIRED 1 by SegmentedRaftLogCache.getEndIndex
2022-07-14 15:51:54,462 [s0@group-EF46AB43B6D1-LeaderStateImpl] TRACE segmented.SegmentedRaftLogCache (AutoCloseableReadWriteLock.java:logLocking(65)) - s0@group-EF46AB43B6D1: readLock RELEASED 0 by SegmentedRaftLogCache.getEndIndex
2022-07-14 15:51:54,462 [s0@group-EF46AB43B6D1-LeaderStateImpl] TRACE segmented.SegmentedRaftLogCache (AutoCloseableReadWriteLock.java:logLocking(65)) - s0@group-EF46AB43B6D1: readLock ACQUIRED 1 by SegmentedRaftLogCache$LogSegmentList.getTermIndex
2022-07-14 15:51:54,462 [s0@group-EF46AB43B6D1-LeaderStateImpl] TRACE segmented.SegmentedRaftLogCache (AutoCloseableReadWriteLock.java:logLocking(65)) - s0@group-EF46AB43B6D1: readLock RELEASED 0 by SegmentedRaftLogCache$LogSegmentList.getTermIndex
2022-07-14 15:51:54,462 [s0@group-EF46AB43B6D1-LeaderStateImpl] TRACE segmented.SegmentedRaftLogCache (AutoCloseableReadWriteLock.java:logLocking(65)) - s0@group-EF46AB43B6D1: readLock ACQUIRED 1 by SegmentedRaftLogCache.getLastTermIndex
2022-07-14 15:51:54,462 [s0@group-EF46AB43B6D1-LeaderStateImpl] TRACE segmented.SegmentedRaftLogCache (AutoCloseableReadWriteLock.java:logLocking(65)) - s0@group-EF46AB43B6D1: readLock RELEASED 0 by SegmentedRaftLogCache.getLastTermIndex
2022-07-14 15:51:54,462 [s0@group-EF46AB43B6D1-LeaderStateImpl] TRACE segmented.SegmentedRaftLogCache (AutoCloseableReadWriteLock.java:logLocking(65)) - s0@group-EF46AB43B6D1: readLock ACQUIRED 1 by SegmentedRaftLogCache$LogSegmentList.countCached
2022-07-14 15:51:54,462 [s0@group-EF46AB43B6D1-LeaderStateImpl] TRACE segmented.SegmentedRaftLogCache (AutoCloseableReadWriteLock.java:logLocking(65)) - s0@group-EF46AB43B6D1: readLock RELEASED 0 by SegmentedRaftLogCache$LogSegmentList.countCached
2022-07-14 15:51:54,462 [s0@group-EF46AB43B6D1-LeaderStateImpl] TRACE segmented.SegmentedRaftLogCache (AutoCloseableReadWriteLock.java:logLocking(65)) - s0@group-EF46AB43B6D1: readLock ACQUIRED 1 by SegmentedRaftLogCache$LogSegmentList.getTotalCacheSize
2022-07-14 15:51:54,462 [s0@group-EF46AB43B6D1-LeaderStateImpl] TRACE segmented.SegmentedRaftLogCache (AutoCloseableReadWriteLock.java:logLocking(65)) - s0@group-EF46AB43B6D1: readLock RELEASED 0 by SegmentedRaftLogCache$LogSegmentList.getTotalCacheSize
2022-07-14 15:51:54,462 [s0@group-EF46AB43B6D1-LeaderStateImpl] DEBUG segmented.SegmentedRaftLogWorker (SegmentedRaftLogWorker.java:addIOTask(270)) - s0@group-EF46AB43B6D1-SegmentedRaftLogWorker adds IO task WriteLog:106: (t:1, i:106), METADATAENTRY(c:105)
2022-07-14 15:51:54,462 [s0@group-EF46AB43B6D1-SegmentedRaftLogWorker] DEBUG segmented.SegmentedRaftLogWorker (SegmentedRaftLogWorker.java:flushIfNecessary(365)) - s0@group-EF46AB43B6D1-SegmentedRaftLogWorker: flush SegmentedRaftLogOutputStream(/home/runner/work/ratis/ratis/ratis-test/target/test/data/7931f2a6/MiniRaftClusterWithGrpc6c3cfa42/s0/d33854d5-690d-4a13-9a9e-ef46ab43b6d1/current/log_inprogress_0)
2022-07-14 15:51:54,462 [s0@group-EF46AB43B6D1-StateMachineUpdater] INFO  statemachine.SimpleStateMachine4Testing (SimpleStateMachine4Testing.java:put(204)) - s0: put 105, m52 -> (t:1, i:105), STATEMACHINELOGENTRY, 223@client-64B90517F321
2022-07-14 15:51:54,463 [s0@group-EF46AB43B6D1-LeaderStateImpl] TRACE segmented.SegmentedRaftLogCache (AutoCloseableReadWriteLock.java:logLocking(65)) - s0@group-EF46AB43B6D1: readLock ACQUIRED 1 by SegmentedRaftLogCache.getStartIndex
2022-07-14 15:51:54,463 [s0@group-EF46AB43B6D1-LeaderStateImpl] TRACE segmented.SegmentedRaftLogCache (AutoCloseableReadWriteLock.java:logLocking(65)) -   s0@group-EF46AB43B6D1: readLock ACQUIRED 2 by SegmentedRaftLogCache$LogSegmentList.isEmpty
2022-07-14 15:51:54,463 [s0@group-EF46AB43B6D1-LeaderStateImpl] TRACE segmented.SegmentedRaftLogCache (AutoCloseableReadWriteLock.java:logLocking(65)) -   s0@group-EF46AB43B6D1: readLock RELEASED 1 by SegmentedRaftLogCache$LogSegmentList.isEmpty
2022-07-14 15:51:54,463 [s0@group-EF46AB43B6D1-LeaderStateImpl] TRACE segmented.SegmentedRaftLogCache (AutoCloseableReadWriteLock.java:logLocking(65)) - s0@group-EF46AB43B6D1: readLock RELEASED 0 by SegmentedRaftLogCache.getStartIndex
2022-07-14 15:51:54,463 [s0@group-EF46AB43B6D1-LeaderStateImpl] TRACE segmented.SegmentedRaftLogCache (AutoCloseableReadWriteLock.java:logLocking(65)) - s0@group-EF46AB43B6D1: readLock ACQUIRED 1 by SegmentedRaftLogCache.getEndIndex
2022-07-14 15:51:54,463 [s0@group-EF46AB43B6D1-LeaderStateImpl] TRACE segmented.SegmentedRaftLogCache (AutoCloseableReadWriteLock.java:logLocking(65)) - s0@group-EF46AB43B6D1: readLock RELEASED 0 by SegmentedRaftLogCache.getEndIndex
2022-07-14 15:51:54,463 [s0@group-EF46AB43B6D1-LeaderStateImpl] TRACE segmented.SegmentedRaftLogCache (AutoCloseableReadWriteLock.java:logLocking(65)) - s0@group-EF46AB43B6D1: readLock ACQUIRED 1 by SegmentedRaftLogCache$LogSegmentList.getTermIndex
2022-07-14 15:51:54,463 [s0@group-EF46AB43B6D1-LeaderStateImpl] TRACE segmented.SegmentedRaftLogCache (AutoCloseableReadWriteLock.java:logLocking(65)) - s0@group-EF46AB43B6D1: readLock RELEASED 0 by SegmentedRaftLogCache$LogSegmentList.getTermIndex
2022-07-14 15:51:54,464 [s0-client-thread1] TRACE segmented.SegmentedRaftLogCache (AutoCloseableReadWriteLock.java:logLocking(65)) - s0@group-EF46AB43B6D1: readLock ACQUIRED 1 by SegmentedRaftLogCache.getLastTermIndex
2022-07-14 15:51:54,464 [s0-client-thread1] TRACE segmented.SegmentedRaftLogCache (AutoCloseableReadWriteLock.java:logLocking(65)) - s0@group-EF46AB43B6D1: readLock RELEASED 0 by SegmentedRaftLogCache.getLastTermIndex
2022-07-14 15:51:54,464 [s0-client-thread1] TRACE segmented.SegmentedRaftLogCache (AutoCloseableReadWriteLock.java:logLocking(65)) - s0@group-EF46AB43B6D1: readLock ACQUIRED 1 by SegmentedRaftLogCache.getLastTermIndex
2022-07-14 15:51:54,464 [s0-client-thread1] TRACE segmented.SegmentedRaftLogCache (AutoCloseableReadWriteLock.java:logLocking(65)) - s0@group-EF46AB43B6D1: readLock RELEASED 0 by SegmentedRaftLogCache.getLastTermIndex
2022-07-14 15:51:54,464 [s0-client-thread1] TRACE segmented.SegmentedRaftLogCache (AutoCloseableReadWriteLock.java:logLocking(65)) - s0@group-EF46AB43B6D1: readLock ACQUIRED 1 by SegmentedRaftLogCache$LogSegmentList.countCached
2022-07-14 15:51:54,464 [s0-client-thread1] TRACE segmented.SegmentedRaftLogCache (AutoCloseableReadWriteLock.java:logLocking(65)) - s0@group-EF46AB43B6D1: readLock RELEASED 0 by SegmentedRaftLogCache$LogSegmentList.countCached
2022-07-14 15:51:54,464 [s0-client-thread1] TRACE segmented.SegmentedRaftLogCache (AutoCloseableReadWriteLock.java:logLocking(65)) - s0@group-EF46AB43B6D1: readLock ACQUIRED 1 by SegmentedRaftLogCache$LogSegmentList.getTotalCacheSize
2022-07-14 15:51:54,464 [s0-client-thread1] TRACE segmented.SegmentedRaftLogCache (AutoCloseableReadWriteLock.java:logLocking(65)) - s0@group-EF46AB43B6D1: readLock RELEASED 0 by SegmentedRaftLogCache$LogSegmentList.getTotalCacheSize
2022-07-14 15:51:54,465 [s0-client-thread1] DEBUG segmented.SegmentedRaftLogWorker (SegmentedRaftLogWorker.java:addIOTask(270)) - s0@group-EF46AB43B6D1-SegmentedRaftLogWorker adds IO task WriteLog:107: (t:1, i:107), STATEMACHINELOGENTRY, StateMachineLogEntryProto:224@client-64B90517F321
2022-07-14 15:51:54,465 [s0@group-EF46AB43B6D1-SegmentedRaftLogWorker] DEBUG segmented.SegmentedRaftLogWorker (SegmentedRaftLogWorker.java:flushIfNecessary(365)) - s0@group-EF46AB43B6D1-SegmentedRaftLogWorker: flush SegmentedRaftLogOutputStream(/home/runner/work/ratis/ratis/ratis-test/target/test/data/7931f2a6/MiniRaftClusterWithGrpc6c3cfa42/s0/d33854d5-690d-4a13-9a9e-ef46ab43b6d1/current/log_inprogress_0)
2022-07-14 15:51:54,465 [s0@group-EF46AB43B6D1-LeaderStateImpl] TRACE segmented.SegmentedRaftLogCache (AutoCloseableReadWriteLock.java:logLocking(65)) - s0@group-EF46AB43B6D1: readLock ACQUIRED 1 by SegmentedRaftLogCache.getStartIndex
2022-07-14 15:51:54,465 [s0@group-EF46AB43B6D1-LeaderStateImpl] TRACE segmented.SegmentedRaftLogCache (AutoCloseableReadWriteLock.java:logLocking(65)) -   s0@group-EF46AB43B6D1: readLock ACQUIRED 2 by SegmentedRaftLogCache$LogSegmentList.isEmpty
2022-07-14 15:51:54,465 [s0@group-EF46AB43B6D1-LeaderStateImpl] TRACE segmented.SegmentedRaftLogCache (AutoCloseableReadWriteLock.java:logLocking(65)) -   s0@group-EF46AB43B6D1: readLock RELEASED 1 by SegmentedRaftLogCache$LogSegmentList.isEmpty
2022-07-14 15:51:54,465 [s0@group-EF46AB43B6D1-LeaderStateImpl] TRACE segmented.SegmentedRaftLogCache (AutoCloseableReadWriteLock.java:logLocking(65)) - s0@group-EF46AB43B6D1: readLock RELEASED 0 by SegmentedRaftLogCache.getStartIndex
2022-07-14 15:51:54,465 [s0@group-EF46AB43B6D1-LeaderStateImpl] TRACE segmented.SegmentedRaftLogCache (AutoCloseableReadWriteLock.java:logLocking(65)) - s0@group-EF46AB43B6D1: readLock ACQUIRED 1 by SegmentedRaftLogCache.getEndIndex
2022-07-14 15:51:54,465 [s0@group-EF46AB43B6D1-LeaderStateImpl] TRACE segmented.SegmentedRaftLogCache (AutoCloseableReadWriteLock.java:logLocking(65)) - s0@group-EF46AB43B6D1: readLock RELEASED 0 by SegmentedRaftLogCache.getEndIndex
2022-07-14 15:51:54,465 [s0@group-EF46AB43B6D1-LeaderStateImpl] TRACE segmented.SegmentedRaftLogCache (AutoCloseableReadWriteLock.java:logLocking(65)) - s0@group-EF46AB43B6D1: readLock ACQUIRED 1 by SegmentedRaftLogCache$LogSegmentList.getTermIndex
2022-07-14 15:51:54,465 [s0@group-EF46AB43B6D1-LeaderStateImpl] TRACE segmented.SegmentedRaftLogCache (AutoCloseableReadWriteLock.java:logLocking(65)) - s0@group-EF46AB43B6D1: readLock RELEASED 0 by SegmentedRaftLogCache$LogSegmentList.getTermIndex
2022-07-14 15:51:54,465 [s0@group-EF46AB43B6D1-LeaderStateImpl] TRACE segmented.SegmentedRaftLogCache (AutoCloseableReadWriteLock.java:logLocking(65)) - s0@group-EF46AB43B6D1: readLock ACQUIRED 1 by SegmentedRaftLogCache.getLastTermIndex
2022-07-14 15:51:54,465 [s0@group-EF46AB43B6D1-LeaderStateImpl] TRACE segmented.SegmentedRaftLogCache (AutoCloseableReadWriteLock.java:logLocking(65)) - s0@group-EF46AB43B6D1: readLock RELEASED 0 by SegmentedRaftLogCache.getLastTermIndex
2022-07-14 15:51:54,466 [s0@group-EF46AB43B6D1-LeaderStateImpl] TRACE segmented.SegmentedRaftLogCache (AutoCloseableReadWriteLock.java:logLocking(65)) - s0@group-EF46AB43B6D1: readLock ACQUIRED 1 by SegmentedRaftLogCache$LogSegmentList.countCached
2022-07-14 15:51:54,466 [s0@group-EF46AB43B6D1-LeaderStateImpl] TRACE segmented.SegmentedRaftLogCache (AutoCloseableReadWriteLock.java:logLocking(65)) - s0@group-EF46AB43B6D1: readLock RELEASED 0 by SegmentedRaftLogCache$LogSegmentList.countCached
2022-07-14 15:51:54,466 [s0@group-EF46AB43B6D1-LeaderStateImpl] TRACE segmented.SegmentedRaftLogCache (AutoCloseableReadWriteLock.java:logLocking(65)) - s0@group-EF46AB43B6D1: readLock ACQUIRED 1 by SegmentedRaftLogCache$LogSegmentList.getTotalCacheSize
2022-07-14 15:51:54,466 [s0@group-EF46AB43B6D1-LeaderStateImpl] TRACE segmented.SegmentedRaftLogCache (AutoCloseableReadWriteLock.java:logLocking(65)) - s0@group-EF46AB43B6D1: readLock RELEASED 0 by SegmentedRaftLogCache$LogSegmentList.getTotalCacheSize
2022-07-14 15:51:54,466 [s0@group-EF46AB43B6D1-LeaderStateImpl] DEBUG segmented.SegmentedRaftLogWorker (SegmentedRaftLogWorker.java:addIOTask(270)) - s0@group-EF46AB43B6D1-SegmentedRaftLogWorker adds IO task WriteLog:108: (t:1, i:108), METADATAENTRY(c:107)
2022-07-14 15:51:54,466 [s0@group-EF46AB43B6D1-SegmentedRaftLogWorker] DEBUG segmented.SegmentedRaftLogWorker (SegmentedRaftLogWorker.java:flushIfNecessary(365)) - s0@group-EF46AB43B6D1-SegmentedRaftLogWorker: flush SegmentedRaftLogOutputStream(/home/runner/work/ratis/ratis/ratis-test/target/test/data/7931f2a6/MiniRaftClusterWithGrpc6c3cfa42/s0/d33854d5-690d-4a13-9a9e-ef46ab43b6d1/current/log_inprogress_0)
2022-07-14 15:51:54,466 [s0@group-EF46AB43B6D1-StateMachineUpdater] INFO  statemachine.SimpleStateMachine4Testing (SimpleStateMachine4Testing.java:put(204)) - s0: put 107, m53 -> (t:1, i:107), STATEMACHINELOGENTRY, 224@client-64B90517F321
2022-07-14 15:51:54,466 [s0@group-EF46AB43B6D1-LeaderStateImpl] TRACE segmented.SegmentedRaftLogCache (AutoCloseableReadWriteLock.java:logLocking(65)) - s0@group-EF46AB43B6D1: readLock ACQUIRED 1 by SegmentedRaftLogCache.getStartIndex
2022-07-14 15:51:54,466 [s0@group-EF46AB43B6D1-LeaderStateImpl] TRACE segmented.SegmentedRaftLogCache (AutoCloseableReadWriteLock.java:logLocking(65)) -   s0@group-EF46AB43B6D1: readLock ACQUIRED 2 by SegmentedRaftLogCache$LogSegmentList.isEmpty
2022-07-14 15:51:54,466 [s0@group-EF46AB43B6D1-LeaderStateImpl] TRACE segmented.SegmentedRaftLogCache (AutoCloseableReadWriteLock.java:logLocking(65)) -   s0@group-EF46AB43B6D1: readLock RELEASED 1 by SegmentedRaftLogCache$LogSegmentList.isEmpty
2022-07-14 15:51:54,466 [s0@group-EF46AB43B6D1-LeaderStateImpl] TRACE segmented.SegmentedRaftLogCache (AutoCloseableReadWriteLock.java:logLocking(65)) - s0@group-EF46AB43B6D1: readLock RELEASED 0 by SegmentedRaftLogCache.getStartIndex
2022-07-14 15:51:54,466 [s0@group-EF46AB43B6D1-LeaderStateImpl] TRACE segmented.SegmentedRaftLogCache (AutoCloseableReadWriteLock.java:logLocking(65)) - s0@group-EF46AB43B6D1: readLock ACQUIRED 1 by SegmentedRaftLogCache.getEndIndex
2022-07-14 15:51:54,466 [s0@group-EF46AB43B6D1-LeaderStateImpl] TRACE segmented.SegmentedRaftLogCache (AutoCloseableReadWriteLock.java:logLocking(65)) - s0@group-EF46AB43B6D1: readLock RELEASED 0 by SegmentedRaftLogCache.getEndIndex
2022-07-14 15:51:54,466 [s0@group-EF46AB43B6D1-LeaderStateImpl] TRACE segmented.SegmentedRaftLogCache (AutoCloseableReadWriteLock.java:logLocking(65)) - s0@group-EF46AB43B6D1: readLock ACQUIRED 1 by SegmentedRaftLogCache$LogSegmentList.getTermIndex
2022-07-14 15:51:54,466 [s0@group-EF46AB43B6D1-LeaderStateImpl] TRACE segmented.SegmentedRaftLogCache (AutoCloseableReadWriteLock.java:logLocking(65)) - s0@group-EF46AB43B6D1: readLock RELEASED 0 by SegmentedRaftLogCache$LogSegmentList.getTermIndex
2022-07-14 15:51:54,468 [s0-client-thread1] TRACE segmented.SegmentedRaftLogCache (AutoCloseableReadWriteLock.java:logLocking(65)) - s0@group-EF46AB43B6D1: readLock ACQUIRED 1 by SegmentedRaftLogCache.getLastTermIndex
2022-07-14 15:51:54,468 [s0-client-thread1] TRACE segmented.SegmentedRaftLogCache (AutoCloseableReadWriteLock.java:logLocking(65)) - s0@group-EF46AB43B6D1: readLock RELEASED 0 by SegmentedRaftLogCache.getLastTermIndex
2022-07-14 15:51:54,468 [s0-client-thread1] TRACE segmented.SegmentedRaftLogCache (AutoCloseableReadWriteLock.java:logLocking(65)) - s0@group-EF46AB43B6D1: readLock ACQUIRED 1 by SegmentedRaftLogCache.getLastTermIndex
2022-07-14 15:51:54,468 [s0-client-thread1] TRACE segmented.SegmentedRaftLogCache (AutoCloseableReadWriteLock.java:logLocking(65)) - s0@group-EF46AB43B6D1: readLock RELEASED 0 by SegmentedRaftLogCache.getLastTermIndex
2022-07-14 15:51:54,468 [s0-client-thread1] TRACE segmented.SegmentedRaftLogCache (AutoCloseableReadWriteLock.java:logLocking(65)) - s0@group-EF46AB43B6D1: readLock ACQUIRED 1 by SegmentedRaftLogCache$LogSegmentList.countCached
2022-07-14 15:51:54,468 [s0-client-thread1] TRACE segmented.SegmentedRaftLogCache (AutoCloseableReadWriteLock.java:logLocking(65)) - s0@group-EF46AB43B6D1: readLock RELEASED 0 by SegmentedRaftLogCache$LogSegmentList.countCached
2022-07-14 15:51:54,468 [s0-client-thread1] TRACE segmented.SegmentedRaftLogCache (AutoCloseableReadWriteLock.java:logLocking(65)) - s0@group-EF46AB43B6D1: readLock ACQUIRED 1 by SegmentedRaftLogCache$LogSegmentList.getTotalCacheSize
2022-07-14 15:51:54,468 [s0-client-thread1] TRACE segmented.SegmentedRaftLogCache (AutoCloseableReadWriteLock.java:logLocking(65)) - s0@group-EF46AB43B6D1: readLock RELEASED 0 by SegmentedRaftLogCache$LogSegmentList.getTotalCacheSize
2022-07-14 15:51:54,468 [s0-client-thread1] DEBUG segmented.SegmentedRaftLogWorker (SegmentedRaftLogWorker.java:addIOTask(270)) - s0@group-EF46AB43B6D1-SegmentedRaftLogWorker adds IO task WriteLog:109: (t:1, i:109), STATEMACHINELOGENTRY, StateMachineLogEntryProto:225@client-64B90517F321
2022-07-14 15:51:54,468 [s0@group-EF46AB43B6D1-SegmentedRaftLogWorker] DEBUG segmented.SegmentedRaftLogWorker (SegmentedRaftLogWorker.java:flushIfNecessary(365)) - s0@group-EF46AB43B6D1-SegmentedRaftLogWorker: flush SegmentedRaftLogOutputStream(/home/runner/work/ratis/ratis/ratis-test/target/test/data/7931f2a6/MiniRaftClusterWithGrpc6c3cfa42/s0/d33854d5-690d-4a13-9a9e-ef46ab43b6d1/current/log_inprogress_0)
2022-07-14 15:51:54,468 [s0@group-EF46AB43B6D1-LeaderStateImpl] TRACE segmented.SegmentedRaftLogCache (AutoCloseableReadWriteLock.java:logLocking(65)) - s0@group-EF46AB43B6D1: readLock ACQUIRED 1 by SegmentedRaftLogCache.getStartIndex
2022-07-14 15:51:54,468 [s0@group-EF46AB43B6D1-LeaderStateImpl] TRACE segmented.SegmentedRaftLogCache (AutoCloseableReadWriteLock.java:logLocking(65)) -   s0@group-EF46AB43B6D1: readLock ACQUIRED 2 by SegmentedRaftLogCache$LogSegmentList.isEmpty
2022-07-14 15:51:54,469 [s0@group-EF46AB43B6D1-LeaderStateImpl] TRACE segmented.SegmentedRaftLogCache (AutoCloseableReadWriteLock.java:logLocking(65)) -   s0@group-EF46AB43B6D1: readLock RELEASED 1 by SegmentedRaftLogCache$LogSegmentList.isEmpty
2022-07-14 15:51:54,469 [s0@group-EF46AB43B6D1-LeaderStateImpl] TRACE segmented.SegmentedRaftLogCache (AutoCloseableReadWriteLock.java:logLocking(65)) - s0@group-EF46AB43B6D1: readLock RELEASED 0 by SegmentedRaftLogCache.getStartIndex
2022-07-14 15:51:54,469 [s0@group-EF46AB43B6D1-LeaderStateImpl] TRACE segmented.SegmentedRaftLogCache (AutoCloseableReadWriteLock.java:logLocking(65)) - s0@group-EF46AB43B6D1: readLock ACQUIRED 1 by SegmentedRaftLogCache.getEndIndex
2022-07-14 15:51:54,469 [s0@group-EF46AB43B6D1-LeaderStateImpl] TRACE segmented.SegmentedRaftLogCache (AutoCloseableReadWriteLock.java:logLocking(65)) - s0@group-EF46AB43B6D1: readLock RELEASED 0 by SegmentedRaftLogCache.getEndIndex
2022-07-14 15:51:54,469 [s0@group-EF46AB43B6D1-LeaderStateImpl] TRACE segmented.SegmentedRaftLogCache (AutoCloseableReadWriteLock.java:logLocking(65)) - s0@group-EF46AB43B6D1: readLock ACQUIRED 1 by SegmentedRaftLogCache$LogSegmentList.getTermIndex
2022-07-14 15:51:54,469 [s0@group-EF46AB43B6D1-LeaderStateImpl] TRACE segmented.SegmentedRaftLogCache (AutoCloseableReadWriteLock.java:logLocking(65)) - s0@group-EF46AB43B6D1: readLock RELEASED 0 by SegmentedRaftLogCache$LogSegmentList.getTermIndex
2022-07-14 15:51:54,469 [s0@group-EF46AB43B6D1-LeaderStateImpl] TRACE segmented.SegmentedRaftLogCache (AutoCloseableReadWriteLock.java:logLocking(65)) - s0@group-EF46AB43B6D1: readLock ACQUIRED 1 by SegmentedRaftLogCache.getLastTermIndex
2022-07-14 15:51:54,469 [s0@group-EF46AB43B6D1-LeaderStateImpl] TRACE segmented.SegmentedRaftLogCache (AutoCloseableReadWriteLock.java:logLocking(65)) - s0@group-EF46AB43B6D1: readLock RELEASED 0 by SegmentedRaftLogCache.getLastTermIndex
2022-07-14 15:51:54,469 [s0@group-EF46AB43B6D1-LeaderStateImpl] TRACE segmented.SegmentedRaftLogCache (AutoCloseableReadWriteLock.java:logLocking(65)) - s0@group-EF46AB43B6D1: readLock ACQUIRED 1 by SegmentedRaftLogCache$LogSegmentList.countCached
2022-07-14 15:51:54,469 [s0@group-EF46AB43B6D1-LeaderStateImpl] TRACE segmented.SegmentedRaftLogCache (AutoCloseableReadWriteLock.java:logLocking(65)) - s0@group-EF46AB43B6D1: readLock RELEASED 0 by SegmentedRaftLogCache$LogSegmentList.countCached
2022-07-14 15:51:54,469 [s0@group-EF46AB43B6D1-LeaderStateImpl] TRACE segmented.SegmentedRaftLogCache (AutoCloseableReadWriteLock.java:logLocking(65)) - s0@group-EF46AB43B6D1: readLock ACQUIRED 1 by SegmentedRaftLogCache$LogSegmentList.getTotalCacheSize
2022-07-14 15:51:54,469 [s0@group-EF46AB43B6D1-LeaderStateImpl] TRACE segmented.SegmentedRaftLogCache (AutoCloseableReadWriteLock.java:logLocking(65)) - s0@group-EF46AB43B6D1: readLock RELEASED 0 by SegmentedRaftLogCache$LogSegmentList.getTotalCacheSize
2022-07-14 15:51:54,469 [s0@group-EF46AB43B6D1-LeaderStateImpl] DEBUG segmented.SegmentedRaftLogWorker (SegmentedRaftLogWorker.java:addIOTask(270)) - s0@group-EF46AB43B6D1-SegmentedRaftLogWorker adds IO task WriteLog:110: (t:1, i:110), METADATAENTRY(c:109)
2022-07-14 15:51:54,469 [s0@group-EF46AB43B6D1-SegmentedRaftLogWorker] DEBUG segmented.SegmentedRaftLogWorker (SegmentedRaftLogWorker.java:flushIfNecessary(365)) - s0@group-EF46AB43B6D1-SegmentedRaftLogWorker: flush SegmentedRaftLogOutputStream(/home/runner/work/ratis/ratis/ratis-test/target/test/data/7931f2a6/MiniRaftClusterWithGrpc6c3cfa42/s0/d33854d5-690d-4a13-9a9e-ef46ab43b6d1/current/log_inprogress_0)
2022-07-14 15:51:54,469 [s0@group-EF46AB43B6D1-StateMachineUpdater] INFO  statemachine.SimpleStateMachine4Testing (SimpleStateMachine4Testing.java:put(204)) - s0: put 109, m54 -> (t:1, i:109), STATEMACHINELOGENTRY, 225@client-64B90517F321
2022-07-14 15:51:54,470 [s0@group-EF46AB43B6D1-LeaderStateImpl] TRACE segmented.SegmentedRaftLogCache (AutoCloseableReadWriteLock.java:logLocking(65)) - s0@group-EF46AB43B6D1: readLock ACQUIRED 1 by SegmentedRaftLogCache.getStartIndex
2022-07-14 15:51:54,470 [s0@group-EF46AB43B6D1-LeaderStateImpl] TRACE segmented.SegmentedRaftLogCache (AutoCloseableReadWriteLock.java:logLocking(65)) -   s0@group-EF46AB43B6D1: readLock ACQUIRED 2 by SegmentedRaftLogCache$LogSegmentList.isEmpty
2022-07-14 15:51:54,470 [s0@group-EF46AB43B6D1-LeaderStateImpl] TRACE segmented.SegmentedRaftLogCache (AutoCloseableReadWriteLock.java:logLocking(65)) -   s0@group-EF46AB43B6D1: readLock RELEASED 1 by SegmentedRaftLogCache$LogSegmentList.isEmpty
2022-07-14 15:51:54,470 [s0@group-EF46AB43B6D1-LeaderStateImpl] TRACE segmented.SegmentedRaftLogCache (AutoCloseableReadWriteLock.java:logLocking(65)) - s0@group-EF46AB43B6D1: readLock RELEASED 0 by SegmentedRaftLogCache.getStartIndex
2022-07-14 15:51:54,470 [s0@group-EF46AB43B6D1-LeaderStateImpl] TRACE segmented.SegmentedRaftLogCache (AutoCloseableReadWriteLock.java:logLocking(65)) - s0@group-EF46AB43B6D1: readLock ACQUIRED 1 by SegmentedRaftLogCache.getEndIndex
2022-07-14 15:51:54,471 [s0@group-EF46AB43B6D1-LeaderStateImpl] TRACE segmented.SegmentedRaftLogCache (AutoCloseableReadWriteLock.java:logLocking(65)) - s0@group-EF46AB43B6D1: readLock RELEASED 0 by SegmentedRaftLogCache.getEndIndex
2022-07-14 15:51:54,471 [s0@group-EF46AB43B6D1-LeaderStateImpl] TRACE segmented.SegmentedRaftLogCache (AutoCloseableReadWriteLock.java:logLocking(65)) - s0@group-EF46AB43B6D1: readLock ACQUIRED 1 by SegmentedRaftLogCache$LogSegmentList.getTermIndex
2022-07-14 15:51:54,471 [s0@group-EF46AB43B6D1-LeaderStateImpl] TRACE segmented.SegmentedRaftLogCache (AutoCloseableReadWriteLock.java:logLocking(65)) - s0@group-EF46AB43B6D1: readLock RELEASED 0 by SegmentedRaftLogCache$LogSegmentList.getTermIndex
2022-07-14 15:51:54,471 [s0-client-thread1] TRACE segmented.SegmentedRaftLogCache (AutoCloseableReadWriteLock.java:logLocking(65)) - s0@group-EF46AB43B6D1: readLock ACQUIRED 1 by SegmentedRaftLogCache.getLastTermIndex
2022-07-14 15:51:54,471 [s0-client-thread1] TRACE segmented.SegmentedRaftLogCache (AutoCloseableReadWriteLock.java:logLocking(65)) - s0@group-EF46AB43B6D1: readLock RELEASED 0 by SegmentedRaftLogCache.getLastTermIndex
2022-07-14 15:51:54,471 [s0-client-thread1] TRACE segmented.SegmentedRaftLogCache (AutoCloseableReadWriteLock.java:logLocking(65)) - s0@group-EF46AB43B6D1: readLock ACQUIRED 1 by SegmentedRaftLogCache.getLastTermIndex
2022-07-14 15:51:54,471 [s0-client-thread1] TRACE segmented.SegmentedRaftLogCache (AutoCloseableReadWriteLock.java:logLocking(65)) - s0@group-EF46AB43B6D1: readLock RELEASED 0 by SegmentedRaftLogCache.getLastTermIndex
2022-07-14 15:51:54,472 [s0-client-thread1] TRACE segmented.SegmentedRaftLogCache (AutoCloseableReadWriteLock.java:logLocking(65)) - s0@group-EF46AB43B6D1: readLock ACQUIRED 1 by SegmentedRaftLogCache$LogSegmentList.countCached
2022-07-14 15:51:54,472 [s0-client-thread1] TRACE segmented.SegmentedRaftLogCache (AutoCloseableReadWriteLock.java:logLocking(65)) - s0@group-EF46AB43B6D1: readLock RELEASED 0 by SegmentedRaftLogCache$LogSegmentList.countCached
2022-07-14 15:51:54,472 [s0-client-thread1] TRACE segmented.SegmentedRaftLogCache (AutoCloseableReadWriteLock.java:logLocking(65)) - s0@group-EF46AB43B6D1: readLock ACQUIRED 1 by SegmentedRaftLogCache$LogSegmentList.getTotalCacheSize
2022-07-14 15:51:54,472 [s0-client-thread1] TRACE segmented.SegmentedRaftLogCache (AutoCloseableReadWriteLock.java:logLocking(65)) - s0@group-EF46AB43B6D1: readLock RELEASED 0 by SegmentedRaftLogCache$LogSegmentList.getTotalCacheSize
2022-07-14 15:51:54,472 [s0-client-thread1] DEBUG segmented.SegmentedRaftLogWorker (SegmentedRaftLogWorker.java:addIOTask(270)) - s0@group-EF46AB43B6D1-SegmentedRaftLogWorker adds IO task WriteLog:111: (t:1, i:111), STATEMACHINELOGENTRY, StateMachineLogEntryProto:226@client-64B90517F321
2022-07-14 15:51:54,472 [s0@group-EF46AB43B6D1-SegmentedRaftLogWorker] DEBUG segmented.SegmentedRaftLogWorker (SegmentedRaftLogWorker.java:flushIfNecessary(365)) - s0@group-EF46AB43B6D1-SegmentedRaftLogWorker: flush SegmentedRaftLogOutputStream(/home/runner/work/ratis/ratis/ratis-test/target/test/data/7931f2a6/MiniRaftClusterWithGrpc6c3cfa42/s0/d33854d5-690d-4a13-9a9e-ef46ab43b6d1/current/log_inprogress_0)
2022-07-14 15:51:54,472 [s0@group-EF46AB43B6D1-LeaderStateImpl] TRACE segmented.SegmentedRaftLogCache (AutoCloseableReadWriteLock.java:logLocking(65)) - s0@group-EF46AB43B6D1: readLock ACQUIRED 1 by SegmentedRaftLogCache.getStartIndex
2022-07-14 15:51:54,472 [s0@group-EF46AB43B6D1-LeaderStateImpl] TRACE segmented.SegmentedRaftLogCache (AutoCloseableReadWriteLock.java:logLocking(65)) -   s0@group-EF46AB43B6D1: readLock ACQUIRED 2 by SegmentedRaftLogCache$LogSegmentList.isEmpty
2022-07-14 15:51:54,472 [s0@group-EF46AB43B6D1-LeaderStateImpl] TRACE segmented.SegmentedRaftLogCache (AutoCloseableReadWriteLock.java:logLocking(65)) -   s0@group-EF46AB43B6D1: readLock RELEASED 1 by SegmentedRaftLogCache$LogSegmentList.isEmpty
2022-07-14 15:51:54,473 [s0@group-EF46AB43B6D1-LeaderStateImpl] TRACE segmented.SegmentedRaftLogCache (AutoCloseableReadWriteLock.java:logLocking(65)) - s0@group-EF46AB43B6D1: readLock RELEASED 0 by SegmentedRaftLogCache.getStartIndex
2022-07-14 15:51:54,473 [s0@group-EF46AB43B6D1-LeaderStateImpl] TRACE segmented.SegmentedRaftLogCache (AutoCloseableReadWriteLock.java:logLocking(65)) - s0@group-EF46AB43B6D1: readLock ACQUIRED 1 by SegmentedRaftLogCache.getEndIndex
2022-07-14 15:51:54,473 [s0@group-EF46AB43B6D1-LeaderStateImpl] TRACE segmented.SegmentedRaftLogCache (AutoCloseableReadWriteLock.java:logLocking(65)) - s0@group-EF46AB43B6D1: readLock RELEASED 0 by SegmentedRaftLogCache.getEndIndex
2022-07-14 15:51:54,473 [s0@group-EF46AB43B6D1-LeaderStateImpl] TRACE segmented.SegmentedRaftLogCache (AutoCloseableReadWriteLock.java:logLocking(65)) - s0@group-EF46AB43B6D1: readLock ACQUIRED 1 by SegmentedRaftLogCache$LogSegmentList.getTermIndex
2022-07-14 15:51:54,473 [s0@group-EF46AB43B6D1-LeaderStateImpl] TRACE segmented.SegmentedRaftLogCache (AutoCloseableReadWriteLock.java:logLocking(65)) - s0@group-EF46AB43B6D1: readLock RELEASED 0 by SegmentedRaftLogCache$LogSegmentList.getTermIndex
2022-07-14 15:51:54,473 [s0@group-EF46AB43B6D1-LeaderStateImpl] TRACE segmented.SegmentedRaftLogCache (AutoCloseableReadWriteLock.java:logLocking(65)) - s0@group-EF46AB43B6D1: readLock ACQUIRED 1 by SegmentedRaftLogCache.getLastTermIndex
2022-07-14 15:51:54,473 [s0@group-EF46AB43B6D1-LeaderStateImpl] TRACE segmented.SegmentedRaftLogCache (AutoCloseableReadWriteLock.java:logLocking(65)) - s0@group-EF46AB43B6D1: readLock RELEASED 0 by SegmentedRaftLogCache.getLastTermIndex
2022-07-14 15:51:54,473 [s0@group-EF46AB43B6D1-LeaderStateImpl] TRACE segmented.SegmentedRaftLogCache (AutoCloseableReadWriteLock.java:logLocking(65)) - s0@group-EF46AB43B6D1: readLock ACQUIRED 1 by SegmentedRaftLogCache$LogSegmentList.countCached
2022-07-14 15:51:54,473 [s0@group-EF46AB43B6D1-LeaderStateImpl] TRACE segmented.SegmentedRaftLogCache (AutoCloseableReadWriteLock.java:logLocking(65)) - s0@group-EF46AB43B6D1: readLock RELEASED 0 by SegmentedRaftLogCache$LogSegmentList.countCached
2022-07-14 15:51:54,473 [s0@group-EF46AB43B6D1-LeaderStateImpl] TRACE segmented.SegmentedRaftLogCache (AutoCloseableReadWriteLock.java:logLocking(65)) - s0@group-EF46AB43B6D1: readLock ACQUIRED 1 by SegmentedRaftLogCache$LogSegmentList.getTotalCacheSize
2022-07-14 15:51:54,473 [s0@group-EF46AB43B6D1-LeaderStateImpl] TRACE segmented.SegmentedRaftLogCache (AutoCloseableReadWriteLock.java:logLocking(65)) - s0@group-EF46AB43B6D1: readLock RELEASED 0 by SegmentedRaftLogCache$LogSegmentList.getTotalCacheSize
2022-07-14 15:51:54,473 [s0@group-EF46AB43B6D1-LeaderStateImpl] DEBUG segmented.SegmentedRaftLogWorker (SegmentedRaftLogWorker.java:addIOTask(270)) - s0@group-EF46AB43B6D1-SegmentedRaftLogWorker adds IO task WriteLog:112: (t:1, i:112), METADATAENTRY(c:111)
2022-07-14 15:51:54,473 [s0@group-EF46AB43B6D1-SegmentedRaftLogWorker] DEBUG segmented.SegmentedRaftLogWorker (SegmentedRaftLogWorker.java:flushIfNecessary(365)) - s0@group-EF46AB43B6D1-SegmentedRaftLogWorker: flush SegmentedRaftLogOutputStream(/home/runner/work/ratis/ratis/ratis-test/target/test/data/7931f2a6/MiniRaftClusterWithGrpc6c3cfa42/s0/d33854d5-690d-4a13-9a9e-ef46ab43b6d1/current/log_inprogress_0)
2022-07-14 15:51:54,473 [s0@group-EF46AB43B6D1-StateMachineUpdater] INFO  statemachine.SimpleStateMachine4Testing (SimpleStateMachine4Testing.java:put(204)) - s0: put 111, m55 -> (t:1, i:111), STATEMACHINELOGENTRY, 226@client-64B90517F321
2022-07-14 15:51:54,474 [s0@group-EF46AB43B6D1-LeaderStateImpl] TRACE segmented.SegmentedRaftLogCache (AutoCloseableReadWriteLock.java:logLocking(65)) - s0@group-EF46AB43B6D1: readLock ACQUIRED 1 by SegmentedRaftLogCache.getStartIndex
2022-07-14 15:51:54,474 [s0@group-EF46AB43B6D1-LeaderStateImpl] TRACE segmented.SegmentedRaftLogCache (AutoCloseableReadWriteLock.java:logLocking(65)) -   s0@group-EF46AB43B6D1: readLock ACQUIRED 2 by SegmentedRaftLogCache$LogSegmentList.isEmpty
2022-07-14 15:51:54,474 [s0@group-EF46AB43B6D1-LeaderStateImpl] TRACE segmented.SegmentedRaftLogCache (AutoCloseableReadWriteLock.java:logLocking(65)) -   s0@group-EF46AB43B6D1: readLock RELEASED 1 by SegmentedRaftLogCache$LogSegmentList.isEmpty
2022-07-14 15:51:54,474 [s0@group-EF46AB43B6D1-LeaderStateImpl] TRACE segmented.SegmentedRaftLogCache (AutoCloseableReadWriteLock.java:logLocking(65)) - s0@group-EF46AB43B6D1: readLock RELEASED 0 by SegmentedRaftLogCache.getStartIndex
2022-07-14 15:51:54,474 [s0@group-EF46AB43B6D1-LeaderStateImpl] TRACE segmented.SegmentedRaftLogCache (AutoCloseableReadWriteLock.java:logLocking(65)) - s0@group-EF46AB43B6D1: readLock ACQUIRED 1 by SegmentedRaftLogCache.getEndIndex
2022-07-14 15:51:54,474 [s0@group-EF46AB43B6D1-LeaderStateImpl] TRACE segmented.SegmentedRaftLogCache (AutoCloseableReadWriteLock.java:logLocking(65)) - s0@group-EF46AB43B6D1: readLock RELEASED 0 by SegmentedRaftLogCache.getEndIndex
2022-07-14 15:51:54,475 [s0@group-EF46AB43B6D1-LeaderStateImpl] TRACE segmented.SegmentedRaftLogCache (AutoCloseableReadWriteLock.java:logLocking(65)) - s0@group-EF46AB43B6D1: readLock ACQUIRED 1 by SegmentedRaftLogCache$LogSegmentList.getTermIndex
2022-07-14 15:51:54,475 [s0@group-EF46AB43B6D1-LeaderStateImpl] TRACE segmented.SegmentedRaftLogCache (AutoCloseableReadWriteLock.java:logLocking(65)) - s0@group-EF46AB43B6D1: readLock RELEASED 0 by SegmentedRaftLogCache$LogSegmentList.getTermIndex
2022-07-14 15:51:54,475 [s0-client-thread1] TRACE segmented.SegmentedRaftLogCache (AutoCloseableReadWriteLock.java:logLocking(65)) - s0@group-EF46AB43B6D1: readLock ACQUIRED 1 by SegmentedRaftLogCache.getLastTermIndex
2022-07-14 15:51:54,475 [s0-client-thread1] TRACE segmented.SegmentedRaftLogCache (AutoCloseableReadWriteLock.java:logLocking(65)) - s0@group-EF46AB43B6D1: readLock RELEASED 0 by SegmentedRaftLogCache.getLastTermIndex
2022-07-14 15:51:54,475 [s0-client-thread1] TRACE segmented.SegmentedRaftLogCache (AutoCloseableReadWriteLock.java:logLocking(65)) - s0@group-EF46AB43B6D1: readLock ACQUIRED 1 by SegmentedRaftLogCache.getLastTermIndex
2022-07-14 15:51:54,475 [s0-client-thread1] TRACE segmented.SegmentedRaftLogCache (AutoCloseableReadWriteLock.java:logLocking(65)) - s0@group-EF46AB43B6D1: readLock RELEASED 0 by SegmentedRaftLogCache.getLastTermIndex
2022-07-14 15:51:54,475 [s0-client-thread1] TRACE segmented.SegmentedRaftLogCache (AutoCloseableReadWriteLock.java:logLocking(65)) - s0@group-EF46AB43B6D1: readLock ACQUIRED 1 by SegmentedRaftLogCache$LogSegmentList.countCached
2022-07-14 15:51:54,475 [s0-client-thread1] TRACE segmented.SegmentedRaftLogCache (AutoCloseableReadWriteLock.java:logLocking(65)) - s0@group-EF46AB43B6D1: readLock RELEASED 0 by SegmentedRaftLogCache$LogSegmentList.countCached
2022-07-14 15:51:54,475 [s0-client-thread1] TRACE segmented.SegmentedRaftLogCache (AutoCloseableReadWriteLock.java:logLocking(65)) - s0@group-EF46AB43B6D1: readLock ACQUIRED 1 by SegmentedRaftLogCache$LogSegmentList.getTotalCacheSize
2022-07-14 15:51:54,475 [s0-client-thread1] TRACE segmented.SegmentedRaftLogCache (AutoCloseableReadWriteLock.java:logLocking(65)) - s0@group-EF46AB43B6D1: readLock RELEASED 0 by SegmentedRaftLogCache$LogSegmentList.getTotalCacheSize
2022-07-14 15:51:54,475 [s0-client-thread1] DEBUG segmented.SegmentedRaftLogWorker (SegmentedRaftLogWorker.java:addIOTask(270)) - s0@group-EF46AB43B6D1-SegmentedRaftLogWorker adds IO task WriteLog:113: (t:1, i:113), STATEMACHINELOGENTRY, StateMachineLogEntryProto:227@client-64B90517F321
2022-07-14 15:51:54,475 [s0@group-EF46AB43B6D1-SegmentedRaftLogWorker] DEBUG segmented.SegmentedRaftLogWorker (SegmentedRaftLogWorker.java:flushIfNecessary(365)) - s0@group-EF46AB43B6D1-SegmentedRaftLogWorker: flush SegmentedRaftLogOutputStream(/home/runner/work/ratis/ratis/ratis-test/target/test/data/7931f2a6/MiniRaftClusterWithGrpc6c3cfa42/s0/d33854d5-690d-4a13-9a9e-ef46ab43b6d1/current/log_inprogress_0)
2022-07-14 15:51:54,476 [s0@group-EF46AB43B6D1-LeaderStateImpl] TRACE segmented.SegmentedRaftLogCache (AutoCloseableReadWriteLock.java:logLocking(65)) - s0@group-EF46AB43B6D1: readLock ACQUIRED 1 by SegmentedRaftLogCache.getStartIndex
2022-07-14 15:51:54,476 [s0@group-EF46AB43B6D1-LeaderStateImpl] TRACE segmented.SegmentedRaftLogCache (AutoCloseableReadWriteLock.java:logLocking(65)) -   s0@group-EF46AB43B6D1: readLock ACQUIRED 2 by SegmentedRaftLogCache$LogSegmentList.isEmpty
2022-07-14 15:51:54,476 [s0@group-EF46AB43B6D1-LeaderStateImpl] TRACE segmented.SegmentedRaftLogCache (AutoCloseableReadWriteLock.java:logLocking(65)) -   s0@group-EF46AB43B6D1: readLock RELEASED 1 by SegmentedRaftLogCache$LogSegmentList.isEmpty
2022-07-14 15:51:54,476 [s0@group-EF46AB43B6D1-LeaderStateImpl] TRACE segmented.SegmentedRaftLogCache (AutoCloseableReadWriteLock.java:logLocking(65)) - s0@group-EF46AB43B6D1: readLock RELEASED 0 by SegmentedRaftLogCache.getStartIndex
2022-07-14 15:51:54,476 [s0@group-EF46AB43B6D1-LeaderStateImpl] TRACE segmented.SegmentedRaftLogCache (AutoCloseableReadWriteLock.java:logLocking(65)) - s0@group-EF46AB43B6D1: readLock ACQUIRED 1 by SegmentedRaftLogCache.getEndIndex
2022-07-14 15:51:54,476 [s0@group-EF46AB43B6D1-LeaderStateImpl] TRACE segmented.SegmentedRaftLogCache (AutoCloseableReadWriteLock.java:logLocking(65)) - s0@group-EF46AB43B6D1: readLock RELEASED 0 by SegmentedRaftLogCache.getEndIndex
2022-07-14 15:51:54,476 [s0@group-EF46AB43B6D1-LeaderStateImpl] TRACE segmented.SegmentedRaftLogCache (AutoCloseableReadWriteLock.java:logLocking(65)) - s0@group-EF46AB43B6D1: readLock ACQUIRED 1 by SegmentedRaftLogCache$LogSegmentList.getTermIndex
2022-07-14 15:51:54,476 [s0@group-EF46AB43B6D1-LeaderStateImpl] TRACE segmented.SegmentedRaftLogCache (AutoCloseableReadWriteLock.java:logLocking(65)) - s0@group-EF46AB43B6D1: readLock RELEASED 0 by SegmentedRaftLogCache$LogSegmentList.getTermIndex
2022-07-14 15:51:54,476 [s0@group-EF46AB43B6D1-LeaderStateImpl] TRACE segmented.SegmentedRaftLogCache (AutoCloseableReadWriteLock.java:logLocking(65)) - s0@group-EF46AB43B6D1: readLock ACQUIRED 1 by SegmentedRaftLogCache.getLastTermIndex
2022-07-14 15:51:54,476 [s0@group-EF46AB43B6D1-LeaderStateImpl] TRACE segmented.SegmentedRaftLogCache (AutoCloseableReadWriteLock.java:logLocking(65)) - s0@group-EF46AB43B6D1: readLock RELEASED 0 by SegmentedRaftLogCache.getLastTermIndex
2022-07-14 15:51:54,476 [s0@group-EF46AB43B6D1-LeaderStateImpl] TRACE segmented.SegmentedRaftLogCache (AutoCloseableReadWriteLock.java:logLocking(65)) - s0@group-EF46AB43B6D1: readLock ACQUIRED 1 by SegmentedRaftLogCache$LogSegmentList.countCached
2022-07-14 15:51:54,476 [s0@group-EF46AB43B6D1-LeaderStateImpl] TRACE segmented.SegmentedRaftLogCache (AutoCloseableReadWriteLock.java:logLocking(65)) - s0@group-EF46AB43B6D1: readLock RELEASED 0 by SegmentedRaftLogCache$LogSegmentList.countCached
2022-07-14 15:51:54,476 [s0@group-EF46AB43B6D1-LeaderStateImpl] TRACE segmented.SegmentedRaftLogCache (AutoCloseableReadWriteLock.java:logLocking(65)) - s0@group-EF46AB43B6D1: readLock ACQUIRED 1 by SegmentedRaftLogCache$LogSegmentList.getTotalCacheSize
2022-07-14 15:51:54,476 [s0@group-EF46AB43B6D1-LeaderStateImpl] TRACE segmented.SegmentedRaftLogCache (AutoCloseableReadWriteLock.java:logLocking(65)) - s0@group-EF46AB43B6D1: readLock RELEASED 0 by SegmentedRaftLogCache$LogSegmentList.getTotalCacheSize
2022-07-14 15:51:54,476 [s0@group-EF46AB43B6D1-LeaderStateImpl] DEBUG segmented.SegmentedRaftLogWorker (SegmentedRaftLogWorker.java:addIOTask(270)) - s0@group-EF46AB43B6D1-SegmentedRaftLogWorker adds IO task WriteLog:114: (t:1, i:114), METADATAENTRY(c:113)
2022-07-14 15:51:54,476 [s0@group-EF46AB43B6D1-SegmentedRaftLogWorker] DEBUG segmented.SegmentedRaftLogWorker (SegmentedRaftLogWorker.java:flushIfNecessary(365)) - s0@group-EF46AB43B6D1-SegmentedRaftLogWorker: flush SegmentedRaftLogOutputStream(/home/runner/work/ratis/ratis/ratis-test/target/test/data/7931f2a6/MiniRaftClusterWithGrpc6c3cfa42/s0/d33854d5-690d-4a13-9a9e-ef46ab43b6d1/current/log_inprogress_0)
2022-07-14 15:51:54,476 [s0@group-EF46AB43B6D1-StateMachineUpdater] INFO  statemachine.SimpleStateMachine4Testing (SimpleStateMachine4Testing.java:put(204)) - s0: put 113, m56 -> (t:1, i:113), STATEMACHINELOGENTRY, 227@client-64B90517F321
2022-07-14 15:51:54,477 [s0@group-EF46AB43B6D1-LeaderStateImpl] TRACE segmented.SegmentedRaftLogCache (AutoCloseableReadWriteLock.java:logLocking(65)) - s0@group-EF46AB43B6D1: readLock ACQUIRED 1 by SegmentedRaftLogCache.getStartIndex
2022-07-14 15:51:54,478 [s0@group-EF46AB43B6D1-LeaderStateImpl] TRACE segmented.SegmentedRaftLogCache (AutoCloseableReadWriteLock.java:logLocking(65)) -   s0@group-EF46AB43B6D1: readLock ACQUIRED 2 by SegmentedRaftLogCache$LogSegmentList.isEmpty
2022-07-14 15:51:54,478 [s0@group-EF46AB43B6D1-LeaderStateImpl] TRACE segmented.SegmentedRaftLogCache (AutoCloseableReadWriteLock.java:logLocking(65)) -   s0@group-EF46AB43B6D1: readLock RELEASED 1 by SegmentedRaftLogCache$LogSegmentList.isEmpty
2022-07-14 15:51:54,478 [s0@group-EF46AB43B6D1-LeaderStateImpl] TRACE segmented.SegmentedRaftLogCache (AutoCloseableReadWriteLock.java:logLocking(65)) - s0@group-EF46AB43B6D1: readLock RELEASED 0 by SegmentedRaftLogCache.getStartIndex
2022-07-14 15:51:54,478 [s0@group-EF46AB43B6D1-LeaderStateImpl] TRACE segmented.SegmentedRaftLogCache (AutoCloseableReadWriteLock.java:logLocking(65)) - s0@group-EF46AB43B6D1: readLock ACQUIRED 1 by SegmentedRaftLogCache.getEndIndex
2022-07-14 15:51:54,478 [s0@group-EF46AB43B6D1-LeaderStateImpl] TRACE segmented.SegmentedRaftLogCache (AutoCloseableReadWriteLock.java:logLocking(65)) - s0@group-EF46AB43B6D1: readLock RELEASED 0 by SegmentedRaftLogCache.getEndIndex
2022-07-14 15:51:54,478 [s0@group-EF46AB43B6D1-LeaderStateImpl] TRACE segmented.SegmentedRaftLogCache (AutoCloseableReadWriteLock.java:logLocking(65)) - s0@group-EF46AB43B6D1: readLock ACQUIRED 1 by SegmentedRaftLogCache$LogSegmentList.getTermIndex
2022-07-14 15:51:54,478 [s0@group-EF46AB43B6D1-LeaderStateImpl] TRACE segmented.SegmentedRaftLogCache (AutoCloseableReadWriteLock.java:logLocking(65)) - s0@group-EF46AB43B6D1: readLock RELEASED 0 by SegmentedRaftLogCache$LogSegmentList.getTermIndex
2022-07-14 15:51:54,478 [s0-client-thread1] TRACE segmented.SegmentedRaftLogCache (AutoCloseableReadWriteLock.java:logLocking(65)) - s0@group-EF46AB43B6D1: readLock ACQUIRED 1 by SegmentedRaftLogCache.getLastTermIndex
2022-07-14 15:51:54,478 [s0-client-thread1] TRACE segmented.SegmentedRaftLogCache (AutoCloseableReadWriteLock.java:logLocking(65)) - s0@group-EF46AB43B6D1: readLock RELEASED 0 by SegmentedRaftLogCache.getLastTermIndex
2022-07-14 15:51:54,478 [s0-client-thread1] TRACE segmented.SegmentedRaftLogCache (AutoCloseableReadWriteLock.java:logLocking(65)) - s0@group-EF46AB43B6D1: readLock ACQUIRED 1 by SegmentedRaftLogCache.getLastTermIndex
2022-07-14 15:51:54,478 [s0-client-thread1] TRACE segmented.SegmentedRaftLogCache (AutoCloseableReadWriteLock.java:logLocking(65)) - s0@group-EF46AB43B6D1: readLock RELEASED 0 by SegmentedRaftLogCache.getLastTermIndex
2022-07-14 15:51:54,478 [s0-client-thread1] TRACE segmented.SegmentedRaftLogCache (AutoCloseableReadWriteLock.java:logLocking(65)) - s0@group-EF46AB43B6D1: readLock ACQUIRED 1 by SegmentedRaftLogCache$LogSegmentList.countCached
2022-07-14 15:51:54,478 [s0-client-thread1] TRACE segmented.SegmentedRaftLogCache (AutoCloseableReadWriteLock.java:logLocking(65)) - s0@group-EF46AB43B6D1: readLock RELEASED 0 by SegmentedRaftLogCache$LogSegmentList.countCached
2022-07-14 15:51:54,478 [s0-client-thread1] TRACE segmented.SegmentedRaftLogCache (AutoCloseableReadWriteLock.java:logLocking(65)) - s0@group-EF46AB43B6D1: readLock ACQUIRED 1 by SegmentedRaftLogCache$LogSegmentList.getTotalCacheSize
2022-07-14 15:51:54,478 [s0-client-thread1] TRACE segmented.SegmentedRaftLogCache (AutoCloseableReadWriteLock.java:logLocking(65)) - s0@group-EF46AB43B6D1: readLock RELEASED 0 by SegmentedRaftLogCache$LogSegmentList.getTotalCacheSize
2022-07-14 15:51:54,478 [s0-client-thread1] DEBUG segmented.SegmentedRaftLogWorker (SegmentedRaftLogWorker.java:addIOTask(270)) - s0@group-EF46AB43B6D1-SegmentedRaftLogWorker adds IO task WriteLog:115: (t:1, i:115), STATEMACHINELOGENTRY, StateMachineLogEntryProto:228@client-64B90517F321
2022-07-14 15:51:54,478 [s0@group-EF46AB43B6D1-SegmentedRaftLogWorker] DEBUG segmented.SegmentedRaftLogWorker (SegmentedRaftLogWorker.java:flushIfNecessary(365)) - s0@group-EF46AB43B6D1-SegmentedRaftLogWorker: flush SegmentedRaftLogOutputStream(/home/runner/work/ratis/ratis/ratis-test/target/test/data/7931f2a6/MiniRaftClusterWithGrpc6c3cfa42/s0/d33854d5-690d-4a13-9a9e-ef46ab43b6d1/current/log_inprogress_0)
2022-07-14 15:51:54,479 [s0@group-EF46AB43B6D1-LeaderStateImpl] TRACE segmented.SegmentedRaftLogCache (AutoCloseableReadWriteLock.java:logLocking(65)) - s0@group-EF46AB43B6D1: readLock ACQUIRED 1 by SegmentedRaftLogCache.getStartIndex
2022-07-14 15:51:54,479 [s0@group-EF46AB43B6D1-LeaderStateImpl] TRACE segmented.SegmentedRaftLogCache (AutoCloseableReadWriteLock.java:logLocking(65)) -   s0@group-EF46AB43B6D1: readLock ACQUIRED 2 by SegmentedRaftLogCache$LogSegmentList.isEmpty
2022-07-14 15:51:54,479 [s0@group-EF46AB43B6D1-LeaderStateImpl] TRACE segmented.SegmentedRaftLogCache (AutoCloseableReadWriteLock.java:logLocking(65)) -   s0@group-EF46AB43B6D1: readLock RELEASED 1 by SegmentedRaftLogCache$LogSegmentList.isEmpty
2022-07-14 15:51:54,479 [s0@group-EF46AB43B6D1-LeaderStateImpl] TRACE segmented.SegmentedRaftLogCache (AutoCloseableReadWriteLock.java:logLocking(65)) - s0@group-EF46AB43B6D1: readLock RELEASED 0 by SegmentedRaftLogCache.getStartIndex
2022-07-14 15:51:54,479 [s0@group-EF46AB43B6D1-LeaderStateImpl] TRACE segmented.SegmentedRaftLogCache (AutoCloseableReadWriteLock.java:logLocking(65)) - s0@group-EF46AB43B6D1: readLock ACQUIRED 1 by SegmentedRaftLogCache.getEndIndex
2022-07-14 15:51:54,479 [s0@group-EF46AB43B6D1-LeaderStateImpl] TRACE segmented.SegmentedRaftLogCache (AutoCloseableReadWriteLock.java:logLocking(65)) - s0@group-EF46AB43B6D1: readLock RELEASED 0 by SegmentedRaftLogCache.getEndIndex
2022-07-14 15:51:54,479 [s0@group-EF46AB43B6D1-LeaderStateImpl] TRACE segmented.SegmentedRaftLogCache (AutoCloseableReadWriteLock.java:logLocking(65)) - s0@group-EF46AB43B6D1: readLock ACQUIRED 1 by SegmentedRaftLogCache$LogSegmentList.getTermIndex
2022-07-14 15:51:54,479 [s0@group-EF46AB43B6D1-LeaderStateImpl] TRACE segmented.SegmentedRaftLogCache (AutoCloseableReadWriteLock.java:logLocking(65)) - s0@group-EF46AB43B6D1: readLock RELEASED 0 by SegmentedRaftLogCache$LogSegmentList.getTermIndex
2022-07-14 15:51:54,479 [s0@group-EF46AB43B6D1-LeaderStateImpl] TRACE segmented.SegmentedRaftLogCache (AutoCloseableReadWriteLock.java:logLocking(65)) - s0@group-EF46AB43B6D1: readLock ACQUIRED 1 by SegmentedRaftLogCache.getLastTermIndex
2022-07-14 15:51:54,479 [s0@group-EF46AB43B6D1-LeaderStateImpl] TRACE segmented.SegmentedRaftLogCache (AutoCloseableReadWriteLock.java:logLocking(65)) - s0@group-EF46AB43B6D1: readLock RELEASED 0 by SegmentedRaftLogCache.getLastTermIndex
2022-07-14 15:51:54,479 [s0@group-EF46AB43B6D1-StateMachineUpdater] INFO  statemachine.SimpleStateMachine4Testing (SimpleStateMachine4Testing.java:put(204)) - s0: put 115, m57 -> (t:1, i:115), STATEMACHINELOGENTRY, 228@client-64B90517F321
2022-07-14 15:51:54,479 [s0@group-EF46AB43B6D1-LeaderStateImpl] TRACE segmented.SegmentedRaftLogCache (AutoCloseableReadWriteLock.java:logLocking(65)) - s0@group-EF46AB43B6D1: readLock ACQUIRED 1 by SegmentedRaftLogCache$LogSegmentList.countCached
2022-07-14 15:51:54,480 [s0@group-EF46AB43B6D1-LeaderStateImpl] TRACE segmented.SegmentedRaftLogCache (AutoCloseableReadWriteLock.java:logLocking(65)) - s0@group-EF46AB43B6D1: readLock RELEASED 0 by SegmentedRaftLogCache$LogSegmentList.countCached
2022-07-14 15:51:54,480 [s0@group-EF46AB43B6D1-LeaderStateImpl] TRACE segmented.SegmentedRaftLogCache (AutoCloseableReadWriteLock.java:logLocking(65)) - s0@group-EF46AB43B6D1: readLock ACQUIRED 1 by SegmentedRaftLogCache$LogSegmentList.getTotalCacheSize
2022-07-14 15:51:54,481 [s0@group-EF46AB43B6D1-LeaderStateImpl] TRACE segmented.SegmentedRaftLogCache (AutoCloseableReadWriteLock.java:logLocking(65)) - s0@group-EF46AB43B6D1: readLock RELEASED 0 by SegmentedRaftLogCache$LogSegmentList.getTotalCacheSize
2022-07-14 15:51:54,481 [s0@group-EF46AB43B6D1-LeaderStateImpl] DEBUG segmented.SegmentedRaftLogWorker (SegmentedRaftLogWorker.java:addIOTask(270)) - s0@group-EF46AB43B6D1-SegmentedRaftLogWorker adds IO task WriteLog:116: (t:1, i:116), METADATAENTRY(c:115)
2022-07-14 15:51:54,481 [s0@group-EF46AB43B6D1-SegmentedRaftLogWorker] DEBUG segmented.SegmentedRaftLogWorker (SegmentedRaftLogWorker.java:flushIfNecessary(365)) - s0@group-EF46AB43B6D1-SegmentedRaftLogWorker: flush SegmentedRaftLogOutputStream(/home/runner/work/ratis/ratis/ratis-test/target/test/data/7931f2a6/MiniRaftClusterWithGrpc6c3cfa42/s0/d33854d5-690d-4a13-9a9e-ef46ab43b6d1/current/log_inprogress_0)
2022-07-14 15:51:54,481 [s0-client-thread1] TRACE segmented.SegmentedRaftLogCache (AutoCloseableReadWriteLock.java:logLocking(65)) - s0@group-EF46AB43B6D1: readLock ACQUIRED 1 by SegmentedRaftLogCache.getLastTermIndex
2022-07-14 15:51:54,481 [s0-client-thread1] TRACE segmented.SegmentedRaftLogCache (AutoCloseableReadWriteLock.java:logLocking(65)) - s0@group-EF46AB43B6D1: readLock RELEASED 0 by SegmentedRaftLogCache.getLastTermIndex
2022-07-14 15:51:54,481 [s0-client-thread1] TRACE segmented.SegmentedRaftLogCache (AutoCloseableReadWriteLock.java:logLocking(65)) - s0@group-EF46AB43B6D1: readLock ACQUIRED 1 by SegmentedRaftLogCache.getLastTermIndex
2022-07-14 15:51:54,481 [s0-client-thread1] TRACE segmented.SegmentedRaftLogCache (AutoCloseableReadWriteLock.java:logLocking(65)) - s0@group-EF46AB43B6D1: readLock RELEASED 0 by SegmentedRaftLogCache.getLastTermIndex
2022-07-14 15:51:54,481 [s0-client-thread1] TRACE segmented.SegmentedRaftLogCache (AutoCloseableReadWriteLock.java:logLocking(65)) - s0@group-EF46AB43B6D1: readLock ACQUIRED 1 by SegmentedRaftLogCache$LogSegmentList.countCached
2022-07-14 15:51:54,481 [s0-client-thread1] TRACE segmented.SegmentedRaftLogCache (AutoCloseableReadWriteLock.java:logLocking(65)) - s0@group-EF46AB43B6D1: readLock RELEASED 0 by SegmentedRaftLogCache$LogSegmentList.countCached
2022-07-14 15:51:54,481 [s0-client-thread1] TRACE segmented.SegmentedRaftLogCache (AutoCloseableReadWriteLock.java:logLocking(65)) - s0@group-EF46AB43B6D1: readLock ACQUIRED 1 by SegmentedRaftLogCache$LogSegmentList.getTotalCacheSize
2022-07-14 15:51:54,481 [s0-client-thread1] TRACE segmented.SegmentedRaftLogCache (AutoCloseableReadWriteLock.java:logLocking(65)) - s0@group-EF46AB43B6D1: readLock RELEASED 0 by SegmentedRaftLogCache$LogSegmentList.getTotalCacheSize
2022-07-14 15:51:54,481 [s0-client-thread1] DEBUG segmented.SegmentedRaftLogWorker (SegmentedRaftLogWorker.java:addIOTask(270)) - s0@group-EF46AB43B6D1-SegmentedRaftLogWorker adds IO task WriteLog:117: (t:1, i:117), STATEMACHINELOGENTRY, StateMachineLogEntryProto:229@client-64B90517F321
2022-07-14 15:51:54,481 [s0@group-EF46AB43B6D1-SegmentedRaftLogWorker] DEBUG segmented.SegmentedRaftLogWorker (SegmentedRaftLogWorker.java:flushIfNecessary(365)) - s0@group-EF46AB43B6D1-SegmentedRaftLogWorker: flush SegmentedRaftLogOutputStream(/home/runner/work/ratis/ratis/ratis-test/target/test/data/7931f2a6/MiniRaftClusterWithGrpc6c3cfa42/s0/d33854d5-690d-4a13-9a9e-ef46ab43b6d1/current/log_inprogress_0)
2022-07-14 15:51:54,482 [s0@group-EF46AB43B6D1-LeaderStateImpl] TRACE segmented.SegmentedRaftLogCache (AutoCloseableReadWriteLock.java:logLocking(65)) - s0@group-EF46AB43B6D1: readLock ACQUIRED 1 by SegmentedRaftLogCache.getStartIndex
2022-07-14 15:51:54,482 [s0@group-EF46AB43B6D1-LeaderStateImpl] TRACE segmented.SegmentedRaftLogCache (AutoCloseableReadWriteLock.java:logLocking(65)) -   s0@group-EF46AB43B6D1: readLock ACQUIRED 2 by SegmentedRaftLogCache$LogSegmentList.isEmpty
2022-07-14 15:51:54,482 [s0@group-EF46AB43B6D1-LeaderStateImpl] TRACE segmented.SegmentedRaftLogCache (AutoCloseableReadWriteLock.java:logLocking(65)) -   s0@group-EF46AB43B6D1: readLock RELEASED 1 by SegmentedRaftLogCache$LogSegmentList.isEmpty
2022-07-14 15:51:54,482 [s0@group-EF46AB43B6D1-LeaderStateImpl] TRACE segmented.SegmentedRaftLogCache (AutoCloseableReadWriteLock.java:logLocking(65)) - s0@group-EF46AB43B6D1: readLock RELEASED 0 by SegmentedRaftLogCache.getStartIndex
2022-07-14 15:51:54,482 [s0@group-EF46AB43B6D1-LeaderStateImpl] TRACE segmented.SegmentedRaftLogCache (AutoCloseableReadWriteLock.java:logLocking(65)) - s0@group-EF46AB43B6D1: readLock ACQUIRED 1 by SegmentedRaftLogCache.getEndIndex
2022-07-14 15:51:54,482 [s0@group-EF46AB43B6D1-LeaderStateImpl] TRACE segmented.SegmentedRaftLogCache (AutoCloseableReadWriteLock.java:logLocking(65)) - s0@group-EF46AB43B6D1: readLock RELEASED 0 by SegmentedRaftLogCache.getEndIndex
2022-07-14 15:51:54,482 [s0@group-EF46AB43B6D1-LeaderStateImpl] TRACE segmented.SegmentedRaftLogCache (AutoCloseableReadWriteLock.java:logLocking(65)) - s0@group-EF46AB43B6D1: readLock ACQUIRED 1 by SegmentedRaftLogCache$LogSegmentList.getTermIndex
2022-07-14 15:51:54,482 [s0@group-EF46AB43B6D1-LeaderStateImpl] TRACE segmented.SegmentedRaftLogCache (AutoCloseableReadWriteLock.java:logLocking(65)) - s0@group-EF46AB43B6D1: readLock RELEASED 0 by SegmentedRaftLogCache$LogSegmentList.getTermIndex
2022-07-14 15:51:54,482 [s0@group-EF46AB43B6D1-LeaderStateImpl] TRACE segmented.SegmentedRaftLogCache (AutoCloseableReadWriteLock.java:logLocking(65)) - s0@group-EF46AB43B6D1: readLock ACQUIRED 1 by SegmentedRaftLogCache.getStartIndex
2022-07-14 15:51:54,482 [s0@group-EF46AB43B6D1-LeaderStateImpl] TRACE segmented.SegmentedRaftLogCache (AutoCloseableReadWriteLock.java:logLocking(65)) -   s0@group-EF46AB43B6D1: readLock ACQUIRED 2 by SegmentedRaftLogCache$LogSegmentList.isEmpty
2022-07-14 15:51:54,482 [s0@group-EF46AB43B6D1-LeaderStateImpl] TRACE segmented.SegmentedRaftLogCache (AutoCloseableReadWriteLock.java:logLocking(65)) -   s0@group-EF46AB43B6D1: readLock RELEASED 1 by SegmentedRaftLogCache$LogSegmentList.isEmpty
2022-07-14 15:51:54,482 [s0@group-EF46AB43B6D1-LeaderStateImpl] TRACE segmented.SegmentedRaftLogCache (AutoCloseableReadWriteLock.java:logLocking(65)) - s0@group-EF46AB43B6D1: readLock RELEASED 0 by SegmentedRaftLogCache.getStartIndex
2022-07-14 15:51:54,482 [s0@group-EF46AB43B6D1-LeaderStateImpl] TRACE segmented.SegmentedRaftLogCache (AutoCloseableReadWriteLock.java:logLocking(65)) - s0@group-EF46AB43B6D1: readLock ACQUIRED 1 by SegmentedRaftLogCache.getEndIndex
2022-07-14 15:51:54,482 [s0@group-EF46AB43B6D1-LeaderStateImpl] TRACE segmented.SegmentedRaftLogCache (AutoCloseableReadWriteLock.java:logLocking(65)) - s0@group-EF46AB43B6D1: readLock RELEASED 0 by SegmentedRaftLogCache.getEndIndex
2022-07-14 15:51:54,482 [s0@group-EF46AB43B6D1-LeaderStateImpl] TRACE segmented.SegmentedRaftLogCache (AutoCloseableReadWriteLock.java:logLocking(65)) - s0@group-EF46AB43B6D1: readLock ACQUIRED 1 by SegmentedRaftLogCache$LogSegmentList.getTermIndex
2022-07-14 15:51:54,482 [s0@group-EF46AB43B6D1-LeaderStateImpl] TRACE segmented.SegmentedRaftLogCache (AutoCloseableReadWriteLock.java:logLocking(65)) - s0@group-EF46AB43B6D1: readLock RELEASED 0 by SegmentedRaftLogCache$LogSegmentList.getTermIndex
2022-07-14 15:51:54,482 [s0@group-EF46AB43B6D1-LeaderStateImpl] TRACE segmented.SegmentedRaftLogCache (AutoCloseableReadWriteLock.java:logLocking(65)) - s0@group-EF46AB43B6D1: readLock ACQUIRED 1 by SegmentedRaftLogCache.getLastTermIndex
2022-07-14 15:51:54,483 [s0@group-EF46AB43B6D1-LeaderStateImpl] TRACE segmented.SegmentedRaftLogCache (AutoCloseableReadWriteLock.java:logLocking(65)) - s0@group-EF46AB43B6D1: readLock RELEASED 0 by SegmentedRaftLogCache.getLastTermIndex
2022-07-14 15:51:54,482 [s0@group-EF46AB43B6D1-StateMachineUpdater] INFO  statemachine.SimpleStateMachine4Testing (SimpleStateMachine4Testing.java:put(204)) - s0: put 117, m58 -> (t:1, i:117), STATEMACHINELOGENTRY, 229@client-64B90517F321
2022-07-14 15:51:54,483 [s0@group-EF46AB43B6D1-LeaderStateImpl] TRACE segmented.SegmentedRaftLogCache (AutoCloseableReadWriteLock.java:logLocking(65)) - s0@group-EF46AB43B6D1: readLock ACQUIRED 1 by SegmentedRaftLogCache$LogSegmentList.countCached
2022-07-14 15:51:54,483 [s0@group-EF46AB43B6D1-LeaderStateImpl] TRACE segmented.SegmentedRaftLogCache (AutoCloseableReadWriteLock.java:logLocking(65)) - s0@group-EF46AB43B6D1: readLock RELEASED 0 by SegmentedRaftLogCache$LogSegmentList.countCached
2022-07-14 15:51:54,483 [s0@group-EF46AB43B6D1-LeaderStateImpl] TRACE segmented.SegmentedRaftLogCache (AutoCloseableReadWriteLock.java:logLocking(65)) - s0@group-EF46AB43B6D1: readLock ACQUIRED 1 by SegmentedRaftLogCache$LogSegmentList.getTotalCacheSize
2022-07-14 15:51:54,483 [s0@group-EF46AB43B6D1-LeaderStateImpl] TRACE segmented.SegmentedRaftLogCache (AutoCloseableReadWriteLock.java:logLocking(65)) - s0@group-EF46AB43B6D1: readLock RELEASED 0 by SegmentedRaftLogCache$LogSegmentList.getTotalCacheSize
2022-07-14 15:51:54,483 [s0@group-EF46AB43B6D1-LeaderStateImpl] DEBUG segmented.SegmentedRaftLogWorker (SegmentedRaftLogWorker.java:addIOTask(270)) - s0@group-EF46AB43B6D1-SegmentedRaftLogWorker adds IO task WriteLog:118: (t:1, i:118), METADATAENTRY(c:117)
2022-07-14 15:51:54,483 [s0@group-EF46AB43B6D1-SegmentedRaftLogWorker] DEBUG segmented.SegmentedRaftLogWorker (SegmentedRaftLogWorker.java:flushIfNecessary(365)) - s0@group-EF46AB43B6D1-SegmentedRaftLogWorker: flush SegmentedRaftLogOutputStream(/home/runner/work/ratis/ratis/ratis-test/target/test/data/7931f2a6/MiniRaftClusterWithGrpc6c3cfa42/s0/d33854d5-690d-4a13-9a9e-ef46ab43b6d1/current/log_inprogress_0)
2022-07-14 15:51:54,484 [s0@group-EF46AB43B6D1-LeaderStateImpl] TRACE segmented.SegmentedRaftLogCache (AutoCloseableReadWriteLock.java:logLocking(65)) - s0@group-EF46AB43B6D1: readLock ACQUIRED 1 by SegmentedRaftLogCache.getStartIndex
2022-07-14 15:51:54,484 [s0@group-EF46AB43B6D1-LeaderStateImpl] TRACE segmented.SegmentedRaftLogCache (AutoCloseableReadWriteLock.java:logLocking(65)) -   s0@group-EF46AB43B6D1: readLock ACQUIRED 2 by SegmentedRaftLogCache$LogSegmentList.isEmpty
2022-07-14 15:51:54,484 [s0@group-EF46AB43B6D1-LeaderStateImpl] TRACE segmented.SegmentedRaftLogCache (AutoCloseableReadWriteLock.java:logLocking(65)) -   s0@group-EF46AB43B6D1: readLock RELEASED 1 by SegmentedRaftLogCache$LogSegmentList.isEmpty
2022-07-14 15:51:54,484 [s0@group-EF46AB43B6D1-LeaderStateImpl] TRACE segmented.SegmentedRaftLogCache (AutoCloseableReadWriteLock.java:logLocking(65)) - s0@group-EF46AB43B6D1: readLock RELEASED 0 by SegmentedRaftLogCache.getStartIndex
2022-07-14 15:51:54,484 [s0@group-EF46AB43B6D1-LeaderStateImpl] TRACE segmented.SegmentedRaftLogCache (AutoCloseableReadWriteLock.java:logLocking(65)) - s0@group-EF46AB43B6D1: readLock ACQUIRED 1 by SegmentedRaftLogCache.getEndIndex
2022-07-14 15:51:54,484 [s0@group-EF46AB43B6D1-LeaderStateImpl] TRACE segmented.SegmentedRaftLogCache (AutoCloseableReadWriteLock.java:logLocking(65)) - s0@group-EF46AB43B6D1: readLock RELEASED 0 by SegmentedRaftLogCache.getEndIndex
2022-07-14 15:51:54,484 [s0@group-EF46AB43B6D1-LeaderStateImpl] TRACE segmented.SegmentedRaftLogCache (AutoCloseableReadWriteLock.java:logLocking(65)) - s0@group-EF46AB43B6D1: readLock ACQUIRED 1 by SegmentedRaftLogCache$LogSegmentList.getTermIndex
2022-07-14 15:51:54,484 [s0@group-EF46AB43B6D1-LeaderStateImpl] TRACE segmented.SegmentedRaftLogCache (AutoCloseableReadWriteLock.java:logLocking(65)) - s0@group-EF46AB43B6D1: readLock RELEASED 0 by SegmentedRaftLogCache$LogSegmentList.getTermIndex
2022-07-14 15:51:54,484 [s0-client-thread1] TRACE segmented.SegmentedRaftLogCache (AutoCloseableReadWriteLock.java:logLocking(65)) - s0@group-EF46AB43B6D1: readLock ACQUIRED 1 by SegmentedRaftLogCache.getLastTermIndex
2022-07-14 15:51:54,484 [s0-client-thread1] TRACE segmented.SegmentedRaftLogCache (AutoCloseableReadWriteLock.java:logLocking(65)) - s0@group-EF46AB43B6D1: readLock RELEASED 0 by SegmentedRaftLogCache.getLastTermIndex
2022-07-14 15:51:54,484 [s0-client-thread1] TRACE segmented.SegmentedRaftLogCache (AutoCloseableReadWriteLock.java:logLocking(65)) - s0@group-EF46AB43B6D1: readLock ACQUIRED 1 by SegmentedRaftLogCache.getLastTermIndex
2022-07-14 15:51:54,484 [s0-client-thread1] TRACE segmented.SegmentedRaftLogCache (AutoCloseableReadWriteLock.java:logLocking(65)) - s0@group-EF46AB43B6D1: readLock RELEASED 0 by SegmentedRaftLogCache.getLastTermIndex
2022-07-14 15:51:54,484 [s0-client-thread1] TRACE segmented.SegmentedRaftLogCache (AutoCloseableReadWriteLock.java:logLocking(65)) - s0@group-EF46AB43B6D1: readLock ACQUIRED 1 by SegmentedRaftLogCache$LogSegmentList.countCached
2022-07-14 15:51:54,484 [s0-client-thread1] TRACE segmented.SegmentedRaftLogCache (AutoCloseableReadWriteLock.java:logLocking(65)) - s0@group-EF46AB43B6D1: readLock RELEASED 0 by SegmentedRaftLogCache$LogSegmentList.countCached
2022-07-14 15:51:54,484 [s0-client-thread1] TRACE segmented.SegmentedRaftLogCache (AutoCloseableReadWriteLock.java:logLocking(65)) - s0@group-EF46AB43B6D1: readLock ACQUIRED 1 by SegmentedRaftLogCache$LogSegmentList.getTotalCacheSize
2022-07-14 15:51:54,485 [s0-client-thread1] TRACE segmented.SegmentedRaftLogCache (AutoCloseableReadWriteLock.java:logLocking(65)) - s0@group-EF46AB43B6D1: readLock RELEASED 0 by SegmentedRaftLogCache$LogSegmentList.getTotalCacheSize
2022-07-14 15:51:54,485 [s0-client-thread1] DEBUG segmented.SegmentedRaftLogWorker (SegmentedRaftLogWorker.java:addIOTask(270)) - s0@group-EF46AB43B6D1-SegmentedRaftLogWorker adds IO task WriteLog:119: (t:1, i:119), STATEMACHINELOGENTRY, StateMachineLogEntryProto:230@client-64B90517F321
2022-07-14 15:51:54,485 [s0@group-EF46AB43B6D1-SegmentedRaftLogWorker] DEBUG segmented.SegmentedRaftLogWorker (SegmentedRaftLogWorker.java:flushIfNecessary(365)) - s0@group-EF46AB43B6D1-SegmentedRaftLogWorker: flush SegmentedRaftLogOutputStream(/home/runner/work/ratis/ratis/ratis-test/target/test/data/7931f2a6/MiniRaftClusterWithGrpc6c3cfa42/s0/d33854d5-690d-4a13-9a9e-ef46ab43b6d1/current/log_inprogress_0)
2022-07-14 15:51:54,485 [s0@group-EF46AB43B6D1-LeaderStateImpl] TRACE segmented.SegmentedRaftLogCache (AutoCloseableReadWriteLock.java:logLocking(65)) - s0@group-EF46AB43B6D1: readLock ACQUIRED 1 by SegmentedRaftLogCache.getStartIndex
2022-07-14 15:51:54,485 [s0@group-EF46AB43B6D1-LeaderStateImpl] TRACE segmented.SegmentedRaftLogCache (AutoCloseableReadWriteLock.java:logLocking(65)) -   s0@group-EF46AB43B6D1: readLock ACQUIRED 2 by SegmentedRaftLogCache$LogSegmentList.isEmpty
2022-07-14 15:51:54,485 [s0@group-EF46AB43B6D1-LeaderStateImpl] TRACE segmented.SegmentedRaftLogCache (AutoCloseableReadWriteLock.java:logLocking(65)) -   s0@group-EF46AB43B6D1: readLock RELEASED 1 by SegmentedRaftLogCache$LogSegmentList.isEmpty
2022-07-14 15:51:54,485 [s0@group-EF46AB43B6D1-LeaderStateImpl] TRACE segmented.SegmentedRaftLogCache (AutoCloseableReadWriteLock.java:logLocking(65)) - s0@group-EF46AB43B6D1: readLock RELEASED 0 by SegmentedRaftLogCache.getStartIndex
2022-07-14 15:51:54,485 [s0@group-EF46AB43B6D1-LeaderStateImpl] TRACE segmented.SegmentedRaftLogCache (AutoCloseableReadWriteLock.java:logLocking(65)) - s0@group-EF46AB43B6D1: readLock ACQUIRED 1 by SegmentedRaftLogCache.getEndIndex
2022-07-14 15:51:54,486 [s0@group-EF46AB43B6D1-LeaderStateImpl] TRACE segmented.SegmentedRaftLogCache (AutoCloseableReadWriteLock.java:logLocking(65)) - s0@group-EF46AB43B6D1: readLock RELEASED 0 by SegmentedRaftLogCache.getEndIndex
2022-07-14 15:51:54,486 [s0@group-EF46AB43B6D1-LeaderStateImpl] TRACE segmented.SegmentedRaftLogCache (AutoCloseableReadWriteLock.java:logLocking(65)) - s0@group-EF46AB43B6D1: readLock ACQUIRED 1 by SegmentedRaftLogCache$LogSegmentList.getTermIndex
2022-07-14 15:51:54,486 [s0@group-EF46AB43B6D1-LeaderStateImpl] TRACE segmented.SegmentedRaftLogCache (AutoCloseableReadWriteLock.java:logLocking(65)) - s0@group-EF46AB43B6D1: readLock RELEASED 0 by SegmentedRaftLogCache$LogSegmentList.getTermIndex
2022-07-14 15:51:54,486 [s0@group-EF46AB43B6D1-LeaderStateImpl] TRACE segmented.SegmentedRaftLogCache (AutoCloseableReadWriteLock.java:logLocking(65)) - s0@group-EF46AB43B6D1: readLock ACQUIRED 1 by SegmentedRaftLogCache.getLastTermIndex
2022-07-14 15:51:54,486 [s0@group-EF46AB43B6D1-LeaderStateImpl] TRACE segmented.SegmentedRaftLogCache (AutoCloseableReadWriteLock.java:logLocking(65)) - s0@group-EF46AB43B6D1: readLock RELEASED 0 by SegmentedRaftLogCache.getLastTermIndex
2022-07-14 15:51:54,486 [s0@group-EF46AB43B6D1-LeaderStateImpl] TRACE segmented.SegmentedRaftLogCache (AutoCloseableReadWriteLock.java:logLocking(65)) - s0@group-EF46AB43B6D1: readLock ACQUIRED 1 by SegmentedRaftLogCache$LogSegmentList.countCached
2022-07-14 15:51:54,486 [s0@group-EF46AB43B6D1-LeaderStateImpl] TRACE segmented.SegmentedRaftLogCache (AutoCloseableReadWriteLock.java:logLocking(65)) - s0@group-EF46AB43B6D1: readLock RELEASED 0 by SegmentedRaftLogCache$LogSegmentList.countCached
2022-07-14 15:51:54,486 [s0@group-EF46AB43B6D1-LeaderStateImpl] TRACE segmented.SegmentedRaftLogCache (AutoCloseableReadWriteLock.java:logLocking(65)) - s0@group-EF46AB43B6D1: readLock ACQUIRED 1 by SegmentedRaftLogCache$LogSegmentList.getTotalCacheSize
2022-07-14 15:51:54,486 [s0@group-EF46AB43B6D1-LeaderStateImpl] TRACE segmented.SegmentedRaftLogCache (AutoCloseableReadWriteLock.java:logLocking(65)) - s0@group-EF46AB43B6D1: readLock RELEASED 0 by SegmentedRaftLogCache$LogSegmentList.getTotalCacheSize
2022-07-14 15:51:54,486 [s0@group-EF46AB43B6D1-LeaderStateImpl] DEBUG segmented.SegmentedRaftLogWorker (SegmentedRaftLogWorker.java:addIOTask(270)) - s0@group-EF46AB43B6D1-SegmentedRaftLogWorker adds IO task WriteLog:120: (t:1, i:120), METADATAENTRY(c:119)
2022-07-14 15:51:54,486 [s0@group-EF46AB43B6D1-SegmentedRaftLogWorker] DEBUG segmented.SegmentedRaftLogWorker (SegmentedRaftLogWorker.java:flushIfNecessary(365)) - s0@group-EF46AB43B6D1-SegmentedRaftLogWorker: flush SegmentedRaftLogOutputStream(/home/runner/work/ratis/ratis/ratis-test/target/test/data/7931f2a6/MiniRaftClusterWithGrpc6c3cfa42/s0/d33854d5-690d-4a13-9a9e-ef46ab43b6d1/current/log_inprogress_0)
2022-07-14 15:51:54,486 [s0@group-EF46AB43B6D1-StateMachineUpdater] INFO  statemachine.SimpleStateMachine4Testing (SimpleStateMachine4Testing.java:put(204)) - s0: put 119, m59 -> (t:1, i:119), STATEMACHINELOGENTRY, 230@client-64B90517F321
2022-07-14 15:51:54,487 [s0@group-EF46AB43B6D1-LeaderStateImpl] TRACE segmented.SegmentedRaftLogCache (AutoCloseableReadWriteLock.java:logLocking(65)) - s0@group-EF46AB43B6D1: readLock ACQUIRED 1 by SegmentedRaftLogCache.getStartIndex
2022-07-14 15:51:54,487 [s0@group-EF46AB43B6D1-LeaderStateImpl] TRACE segmented.SegmentedRaftLogCache (AutoCloseableReadWriteLock.java:logLocking(65)) -   s0@group-EF46AB43B6D1: readLock ACQUIRED 2 by SegmentedRaftLogCache$LogSegmentList.isEmpty
2022-07-14 15:51:54,487 [s0@group-EF46AB43B6D1-LeaderStateImpl] TRACE segmented.SegmentedRaftLogCache (AutoCloseableReadWriteLock.java:logLocking(65)) -   s0@group-EF46AB43B6D1: readLock RELEASED 1 by SegmentedRaftLogCache$LogSegmentList.isEmpty
2022-07-14 15:51:54,487 [s0@group-EF46AB43B6D1-LeaderStateImpl] TRACE segmented.SegmentedRaftLogCache (AutoCloseableReadWriteLock.java:logLocking(65)) - s0@group-EF46AB43B6D1: readLock RELEASED 0 by SegmentedRaftLogCache.getStartIndex
2022-07-14 15:51:54,487 [s0@group-EF46AB43B6D1-LeaderStateImpl] TRACE segmented.SegmentedRaftLogCache (AutoCloseableReadWriteLock.java:logLocking(65)) - s0@group-EF46AB43B6D1: readLock ACQUIRED 1 by SegmentedRaftLogCache.getEndIndex
2022-07-14 15:51:54,487 [s0@group-EF46AB43B6D1-LeaderStateImpl] TRACE segmented.SegmentedRaftLogCache (AutoCloseableReadWriteLock.java:logLocking(65)) - s0@group-EF46AB43B6D1: readLock RELEASED 0 by SegmentedRaftLogCache.getEndIndex
2022-07-14 15:51:54,487 [s0@group-EF46AB43B6D1-LeaderStateImpl] TRACE segmented.SegmentedRaftLogCache (AutoCloseableReadWriteLock.java:logLocking(65)) - s0@group-EF46AB43B6D1: readLock ACQUIRED 1 by SegmentedRaftLogCache$LogSegmentList.getTermIndex
2022-07-14 15:51:54,487 [s0@group-EF46AB43B6D1-LeaderStateImpl] TRACE segmented.SegmentedRaftLogCache (AutoCloseableReadWriteLock.java:logLocking(65)) - s0@group-EF46AB43B6D1: readLock RELEASED 0 by SegmentedRaftLogCache$LogSegmentList.getTermIndex
2022-07-14 15:51:54,488 [s0-client-thread1] TRACE segmented.SegmentedRaftLogCache (AutoCloseableReadWriteLock.java:logLocking(65)) - s0@group-EF46AB43B6D1: readLock ACQUIRED 1 by SegmentedRaftLogCache.getLastTermIndex
2022-07-14 15:51:54,488 [s0-client-thread1] TRACE segmented.SegmentedRaftLogCache (AutoCloseableReadWriteLock.java:logLocking(65)) - s0@group-EF46AB43B6D1: readLock RELEASED 0 by SegmentedRaftLogCache.getLastTermIndex
2022-07-14 15:51:54,488 [s0-client-thread1] TRACE segmented.SegmentedRaftLogCache (AutoCloseableReadWriteLock.java:logLocking(65)) - s0@group-EF46AB43B6D1: readLock ACQUIRED 1 by SegmentedRaftLogCache.getLastTermIndex
2022-07-14 15:51:54,488 [s0-client-thread1] TRACE segmented.SegmentedRaftLogCache (AutoCloseableReadWriteLock.java:logLocking(65)) - s0@group-EF46AB43B6D1: readLock RELEASED 0 by SegmentedRaftLogCache.getLastTermIndex
2022-07-14 15:51:54,488 [s0-client-thread1] TRACE segmented.SegmentedRaftLogCache (AutoCloseableReadWriteLock.java:logLocking(65)) - s0@group-EF46AB43B6D1: readLock ACQUIRED 1 by SegmentedRaftLogCache$LogSegmentList.countCached
2022-07-14 15:51:54,488 [s0-client-thread1] TRACE segmented.SegmentedRaftLogCache (AutoCloseableReadWriteLock.java:logLocking(65)) - s0@group-EF46AB43B6D1: readLock RELEASED 0 by SegmentedRaftLogCache$LogSegmentList.countCached
2022-07-14 15:51:54,488 [s0-client-thread1] TRACE segmented.SegmentedRaftLogCache (AutoCloseableReadWriteLock.java:logLocking(65)) - s0@group-EF46AB43B6D1: readLock ACQUIRED 1 by SegmentedRaftLogCache$LogSegmentList.getTotalCacheSize
2022-07-14 15:51:54,488 [s0-client-thread1] TRACE segmented.SegmentedRaftLogCache (AutoCloseableReadWriteLock.java:logLocking(65)) - s0@group-EF46AB43B6D1: readLock RELEASED 0 by SegmentedRaftLogCache$LogSegmentList.getTotalCacheSize
2022-07-14 15:51:54,488 [s0-client-thread1] DEBUG segmented.SegmentedRaftLogWorker (SegmentedRaftLogWorker.java:addIOTask(270)) - s0@group-EF46AB43B6D1-SegmentedRaftLogWorker adds IO task WriteLog:121: (t:1, i:121), STATEMACHINELOGENTRY, StateMachineLogEntryProto:231@client-64B90517F321
2022-07-14 15:51:54,488 [s0@group-EF46AB43B6D1-SegmentedRaftLogWorker] DEBUG segmented.SegmentedRaftLogWorker (SegmentedRaftLogWorker.java:flushIfNecessary(365)) - s0@group-EF46AB43B6D1-SegmentedRaftLogWorker: flush SegmentedRaftLogOutputStream(/home/runner/work/ratis/ratis/ratis-test/target/test/data/7931f2a6/MiniRaftClusterWithGrpc6c3cfa42/s0/d33854d5-690d-4a13-9a9e-ef46ab43b6d1/current/log_inprogress_0)
2022-07-14 15:51:54,489 [s0@group-EF46AB43B6D1-LeaderStateImpl] TRACE segmented.SegmentedRaftLogCache (AutoCloseableReadWriteLock.java:logLocking(65)) - s0@group-EF46AB43B6D1: readLock ACQUIRED 1 by SegmentedRaftLogCache.getStartIndex
2022-07-14 15:51:54,489 [s0@group-EF46AB43B6D1-LeaderStateImpl] TRACE segmented.SegmentedRaftLogCache (AutoCloseableReadWriteLock.java:logLocking(65)) -   s0@group-EF46AB43B6D1: readLock ACQUIRED 2 by SegmentedRaftLogCache$LogSegmentList.isEmpty
2022-07-14 15:51:54,489 [s0@group-EF46AB43B6D1-LeaderStateImpl] TRACE segmented.SegmentedRaftLogCache (AutoCloseableReadWriteLock.java:logLocking(65)) -   s0@group-EF46AB43B6D1: readLock RELEASED 1 by SegmentedRaftLogCache$LogSegmentList.isEmpty
2022-07-14 15:51:54,489 [s0@group-EF46AB43B6D1-LeaderStateImpl] TRACE segmented.SegmentedRaftLogCache (AutoCloseableReadWriteLock.java:logLocking(65)) - s0@group-EF46AB43B6D1: readLock RELEASED 0 by SegmentedRaftLogCache.getStartIndex
2022-07-14 15:51:54,489 [s0@group-EF46AB43B6D1-LeaderStateImpl] TRACE segmented.SegmentedRaftLogCache (AutoCloseableReadWriteLock.java:logLocking(65)) - s0@group-EF46AB43B6D1: readLock ACQUIRED 1 by SegmentedRaftLogCache.getEndIndex
2022-07-14 15:51:54,489 [s0@group-EF46AB43B6D1-LeaderStateImpl] TRACE segmented.SegmentedRaftLogCache (AutoCloseableReadWriteLock.java:logLocking(65)) - s0@group-EF46AB43B6D1: readLock RELEASED 0 by SegmentedRaftLogCache.getEndIndex
2022-07-14 15:51:54,489 [s0@group-EF46AB43B6D1-LeaderStateImpl] TRACE segmented.SegmentedRaftLogCache (AutoCloseableReadWriteLock.java:logLocking(65)) - s0@group-EF46AB43B6D1: readLock ACQUIRED 1 by SegmentedRaftLogCache$LogSegmentList.getTermIndex
2022-07-14 15:51:54,489 [s0@group-EF46AB43B6D1-LeaderStateImpl] TRACE segmented.SegmentedRaftLogCache (AutoCloseableReadWriteLock.java:logLocking(65)) - s0@group-EF46AB43B6D1: readLock RELEASED 0 by SegmentedRaftLogCache$LogSegmentList.getTermIndex
2022-07-14 15:51:54,489 [s0@group-EF46AB43B6D1-LeaderStateImpl] TRACE segmented.SegmentedRaftLogCache (AutoCloseableReadWriteLock.java:logLocking(65)) - s0@group-EF46AB43B6D1: readLock ACQUIRED 1 by SegmentedRaftLogCache.getLastTermIndex
2022-07-14 15:51:54,489 [s0@group-EF46AB43B6D1-LeaderStateImpl] TRACE segmented.SegmentedRaftLogCache (AutoCloseableReadWriteLock.java:logLocking(65)) - s0@group-EF46AB43B6D1: readLock RELEASED 0 by SegmentedRaftLogCache.getLastTermIndex
2022-07-14 15:51:54,489 [s0@group-EF46AB43B6D1-LeaderStateImpl] TRACE segmented.SegmentedRaftLogCache (AutoCloseableReadWriteLock.java:logLocking(65)) - s0@group-EF46AB43B6D1: readLock ACQUIRED 1 by SegmentedRaftLogCache$LogSegmentList.countCached
2022-07-14 15:51:54,489 [s0@group-EF46AB43B6D1-LeaderStateImpl] TRACE segmented.SegmentedRaftLogCache (AutoCloseableReadWriteLock.java:logLocking(65)) - s0@group-EF46AB43B6D1: readLock RELEASED 0 by SegmentedRaftLogCache$LogSegmentList.countCached
2022-07-14 15:51:54,489 [s0@group-EF46AB43B6D1-LeaderStateImpl] TRACE segmented.SegmentedRaftLogCache (AutoCloseableReadWriteLock.java:logLocking(65)) - s0@group-EF46AB43B6D1: readLock ACQUIRED 1 by SegmentedRaftLogCache$LogSegmentList.getTotalCacheSize
2022-07-14 15:51:54,489 [s0@group-EF46AB43B6D1-LeaderStateImpl] TRACE segmented.SegmentedRaftLogCache (AutoCloseableReadWriteLock.java:logLocking(65)) - s0@group-EF46AB43B6D1: readLock RELEASED 0 by SegmentedRaftLogCache$LogSegmentList.getTotalCacheSize
2022-07-14 15:51:54,489 [s0@group-EF46AB43B6D1-LeaderStateImpl] DEBUG segmented.SegmentedRaftLogWorker (SegmentedRaftLogWorker.java:addIOTask(270)) - s0@group-EF46AB43B6D1-SegmentedRaftLogWorker adds IO task WriteLog:122: (t:1, i:122), METADATAENTRY(c:121)
2022-07-14 15:51:54,490 [s0@group-EF46AB43B6D1-SegmentedRaftLogWorker] DEBUG segmented.SegmentedRaftLogWorker (SegmentedRaftLogWorker.java:flushIfNecessary(365)) - s0@group-EF46AB43B6D1-SegmentedRaftLogWorker: flush SegmentedRaftLogOutputStream(/home/runner/work/ratis/ratis/ratis-test/target/test/data/7931f2a6/MiniRaftClusterWithGrpc6c3cfa42/s0/d33854d5-690d-4a13-9a9e-ef46ab43b6d1/current/log_inprogress_0)
2022-07-14 15:51:54,490 [s0@group-EF46AB43B6D1-StateMachineUpdater] INFO  statemachine.SimpleStateMachine4Testing (SimpleStateMachine4Testing.java:put(204)) - s0: put 121, m60 -> (t:1, i:121), STATEMACHINELOGENTRY, 231@client-64B90517F321
2022-07-14 15:51:54,490 [s0@group-EF46AB43B6D1-LeaderStateImpl] TRACE segmented.SegmentedRaftLogCache (AutoCloseableReadWriteLock.java:logLocking(65)) - s0@group-EF46AB43B6D1: readLock ACQUIRED 1 by SegmentedRaftLogCache.getStartIndex
2022-07-14 15:51:54,490 [s0@group-EF46AB43B6D1-LeaderStateImpl] TRACE segmented.SegmentedRaftLogCache (AutoCloseableReadWriteLock.java:logLocking(65)) -   s0@group-EF46AB43B6D1: readLock ACQUIRED 2 by SegmentedRaftLogCache$LogSegmentList.isEmpty
2022-07-14 15:51:54,490 [s0@group-EF46AB43B6D1-LeaderStateImpl] TRACE segmented.SegmentedRaftLogCache (AutoCloseableReadWriteLock.java:logLocking(65)) -   s0@group-EF46AB43B6D1: readLock RELEASED 1 by SegmentedRaftLogCache$LogSegmentList.isEmpty
2022-07-14 15:51:54,490 [s0@group-EF46AB43B6D1-LeaderStateImpl] TRACE segmented.SegmentedRaftLogCache (AutoCloseableReadWriteLock.java:logLocking(65)) - s0@group-EF46AB43B6D1: readLock RELEASED 0 by SegmentedRaftLogCache.getStartIndex
2022-07-14 15:51:54,490 [s0@group-EF46AB43B6D1-LeaderStateImpl] TRACE segmented.SegmentedRaftLogCache (AutoCloseableReadWriteLock.java:logLocking(65)) - s0@group-EF46AB43B6D1: readLock ACQUIRED 1 by SegmentedRaftLogCache.getEndIndex
2022-07-14 15:51:54,490 [s0@group-EF46AB43B6D1-LeaderStateImpl] TRACE segmented.SegmentedRaftLogCache (AutoCloseableReadWriteLock.java:logLocking(65)) - s0@group-EF46AB43B6D1: readLock RELEASED 0 by SegmentedRaftLogCache.getEndIndex
2022-07-14 15:51:54,490 [s0@group-EF46AB43B6D1-LeaderStateImpl] TRACE segmented.SegmentedRaftLogCache (AutoCloseableReadWriteLock.java:logLocking(65)) - s0@group-EF46AB43B6D1: readLock ACQUIRED 1 by SegmentedRaftLogCache$LogSegmentList.getTermIndex
2022-07-14 15:51:54,490 [s0@group-EF46AB43B6D1-LeaderStateImpl] TRACE segmented.SegmentedRaftLogCache (AutoCloseableReadWriteLock.java:logLocking(65)) - s0@group-EF46AB43B6D1: readLock RELEASED 0 by SegmentedRaftLogCache$LogSegmentList.getTermIndex
2022-07-14 15:51:54,491 [s0-client-thread1] TRACE segmented.SegmentedRaftLogCache (AutoCloseableReadWriteLock.java:logLocking(65)) - s0@group-EF46AB43B6D1: readLock ACQUIRED 1 by SegmentedRaftLogCache.getLastTermIndex
2022-07-14 15:51:54,491 [s0-client-thread1] TRACE segmented.SegmentedRaftLogCache (AutoCloseableReadWriteLock.java:logLocking(65)) - s0@group-EF46AB43B6D1: readLock RELEASED 0 by SegmentedRaftLogCache.getLastTermIndex
2022-07-14 15:51:54,491 [s0-client-thread1] TRACE segmented.SegmentedRaftLogCache (AutoCloseableReadWriteLock.java:logLocking(65)) - s0@group-EF46AB43B6D1: readLock ACQUIRED 1 by SegmentedRaftLogCache.getLastTermIndex
2022-07-14 15:51:54,491 [s0-client-thread1] TRACE segmented.SegmentedRaftLogCache (AutoCloseableReadWriteLock.java:logLocking(65)) - s0@group-EF46AB43B6D1: readLock RELEASED 0 by SegmentedRaftLogCache.getLastTermIndex
2022-07-14 15:51:54,491 [s0-client-thread1] TRACE segmented.SegmentedRaftLogCache (AutoCloseableReadWriteLock.java:logLocking(65)) - s0@group-EF46AB43B6D1: readLock ACQUIRED 1 by SegmentedRaftLogCache$LogSegmentList.countCached
2022-07-14 15:51:54,492 [s0-client-thread1] TRACE segmented.SegmentedRaftLogCache (AutoCloseableReadWriteLock.java:logLocking(65)) - s0@group-EF46AB43B6D1: readLock RELEASED 0 by SegmentedRaftLogCache$LogSegmentList.countCached
2022-07-14 15:51:54,492 [s0-client-thread1] TRACE segmented.SegmentedRaftLogCache (AutoCloseableReadWriteLock.java:logLocking(65)) - s0@group-EF46AB43B6D1: readLock ACQUIRED 1 by SegmentedRaftLogCache$LogSegmentList.getTotalCacheSize
2022-07-14 15:51:54,492 [s0-client-thread1] TRACE segmented.SegmentedRaftLogCache (AutoCloseableReadWriteLock.java:logLocking(65)) - s0@group-EF46AB43B6D1: readLock RELEASED 0 by SegmentedRaftLogCache$LogSegmentList.getTotalCacheSize
2022-07-14 15:51:54,492 [s0-client-thread1] DEBUG segmented.SegmentedRaftLogWorker (SegmentedRaftLogWorker.java:addIOTask(270)) - s0@group-EF46AB43B6D1-SegmentedRaftLogWorker adds IO task WriteLog:123: (t:1, i:123), STATEMACHINELOGENTRY, StateMachineLogEntryProto:232@client-64B90517F321
2022-07-14 15:51:54,492 [s0@group-EF46AB43B6D1-SegmentedRaftLogWorker] DEBUG segmented.SegmentedRaftLogWorker (SegmentedRaftLogWorker.java:flushIfNecessary(365)) - s0@group-EF46AB43B6D1-SegmentedRaftLogWorker: flush SegmentedRaftLogOutputStream(/home/runner/work/ratis/ratis/ratis-test/target/test/data/7931f2a6/MiniRaftClusterWithGrpc6c3cfa42/s0/d33854d5-690d-4a13-9a9e-ef46ab43b6d1/current/log_inprogress_0)
2022-07-14 15:51:54,492 [s0@group-EF46AB43B6D1-LeaderStateImpl] TRACE segmented.SegmentedRaftLogCache (AutoCloseableReadWriteLock.java:logLocking(65)) - s0@group-EF46AB43B6D1: readLock ACQUIRED 1 by SegmentedRaftLogCache.getStartIndex
2022-07-14 15:51:54,492 [s0@group-EF46AB43B6D1-LeaderStateImpl] TRACE segmented.SegmentedRaftLogCache (AutoCloseableReadWriteLock.java:logLocking(65)) -   s0@group-EF46AB43B6D1: readLock ACQUIRED 2 by SegmentedRaftLogCache$LogSegmentList.isEmpty
2022-07-14 15:51:54,492 [s0@group-EF46AB43B6D1-LeaderStateImpl] TRACE segmented.SegmentedRaftLogCache (AutoCloseableReadWriteLock.java:logLocking(65)) -   s0@group-EF46AB43B6D1: readLock RELEASED 1 by SegmentedRaftLogCache$LogSegmentList.isEmpty
2022-07-14 15:51:54,492 [s0@group-EF46AB43B6D1-LeaderStateImpl] TRACE segmented.SegmentedRaftLogCache (AutoCloseableReadWriteLock.java:logLocking(65)) - s0@group-EF46AB43B6D1: readLock RELEASED 0 by SegmentedRaftLogCache.getStartIndex
2022-07-14 15:51:54,493 [s0@group-EF46AB43B6D1-LeaderStateImpl] TRACE segmented.SegmentedRaftLogCache (AutoCloseableReadWriteLock.java:logLocking(65)) - s0@group-EF46AB43B6D1: readLock ACQUIRED 1 by SegmentedRaftLogCache.getEndIndex
2022-07-14 15:51:54,493 [s0@group-EF46AB43B6D1-LeaderStateImpl] TRACE segmented.SegmentedRaftLogCache (AutoCloseableReadWriteLock.java:logLocking(65)) - s0@group-EF46AB43B6D1: readLock RELEASED 0 by SegmentedRaftLogCache.getEndIndex
2022-07-14 15:51:54,493 [s0@group-EF46AB43B6D1-LeaderStateImpl] TRACE segmented.SegmentedRaftLogCache (AutoCloseableReadWriteLock.java:logLocking(65)) - s0@group-EF46AB43B6D1: readLock ACQUIRED 1 by SegmentedRaftLogCache$LogSegmentList.getTermIndex
2022-07-14 15:51:54,493 [s0@group-EF46AB43B6D1-LeaderStateImpl] TRACE segmented.SegmentedRaftLogCache (AutoCloseableReadWriteLock.java:logLocking(65)) - s0@group-EF46AB43B6D1: readLock RELEASED 0 by SegmentedRaftLogCache$LogSegmentList.getTermIndex
2022-07-14 15:51:54,493 [s0@group-EF46AB43B6D1-LeaderStateImpl] TRACE segmented.SegmentedRaftLogCache (AutoCloseableReadWriteLock.java:logLocking(65)) - s0@group-EF46AB43B6D1: readLock ACQUIRED 1 by SegmentedRaftLogCache.getLastTermIndex
2022-07-14 15:51:54,493 [s0@group-EF46AB43B6D1-LeaderStateImpl] TRACE segmented.SegmentedRaftLogCache (AutoCloseableReadWriteLock.java:logLocking(65)) - s0@group-EF46AB43B6D1: readLock RELEASED 0 by SegmentedRaftLogCache.getLastTermIndex
2022-07-14 15:51:54,493 [s0@group-EF46AB43B6D1-StateMachineUpdater] INFO  statemachine.SimpleStateMachine4Testing (SimpleStateMachine4Testing.java:put(204)) - s0: put 123, m61 -> (t:1, i:123), STATEMACHINELOGENTRY, 232@client-64B90517F321
2022-07-14 15:51:54,493 [s0@group-EF46AB43B6D1-LeaderStateImpl] TRACE segmented.SegmentedRaftLogCache (AutoCloseableReadWriteLock.java:logLocking(65)) - s0@group-EF46AB43B6D1: readLock ACQUIRED 1 by SegmentedRaftLogCache$LogSegmentList.countCached
2022-07-14 15:51:54,493 [s0@group-EF46AB43B6D1-LeaderStateImpl] TRACE segmented.SegmentedRaftLogCache (AutoCloseableReadWriteLock.java:logLocking(65)) - s0@group-EF46AB43B6D1: readLock RELEASED 0 by SegmentedRaftLogCache$LogSegmentList.countCached
2022-07-14 15:51:54,495 [s0@group-EF46AB43B6D1-LeaderStateImpl] TRACE segmented.SegmentedRaftLogCache (AutoCloseableReadWriteLock.java:logLocking(65)) - s0@group-EF46AB43B6D1: readLock ACQUIRED 1 by SegmentedRaftLogCache$LogSegmentList.getTotalCacheSize
2022-07-14 15:51:54,505 [s0@group-EF46AB43B6D1-LeaderStateImpl] TRACE segmented.SegmentedRaftLogCache (AutoCloseableReadWriteLock.java:logLocking(65)) - s0@group-EF46AB43B6D1: readLock RELEASED 0 by SegmentedRaftLogCache$LogSegmentList.getTotalCacheSize
2022-07-14 15:51:54,505 [s0@group-EF46AB43B6D1-LeaderStateImpl] DEBUG segmented.SegmentedRaftLogWorker (SegmentedRaftLogWorker.java:addIOTask(270)) - s0@group-EF46AB43B6D1-SegmentedRaftLogWorker adds IO task WriteLog:124: (t:1, i:124), METADATAENTRY(c:123)
2022-07-14 15:51:54,505 [s0@group-EF46AB43B6D1-SegmentedRaftLogWorker] DEBUG segmented.SegmentedRaftLogWorker (SegmentedRaftLogWorker.java:flushIfNecessary(365)) - s0@group-EF46AB43B6D1-SegmentedRaftLogWorker: flush SegmentedRaftLogOutputStream(/home/runner/work/ratis/ratis/ratis-test/target/test/data/7931f2a6/MiniRaftClusterWithGrpc6c3cfa42/s0/d33854d5-690d-4a13-9a9e-ef46ab43b6d1/current/log_inprogress_0)
2022-07-14 15:51:54,505 [s0-client-thread1] TRACE segmented.SegmentedRaftLogCache (AutoCloseableReadWriteLock.java:logLocking(65)) - s0@group-EF46AB43B6D1: readLock ACQUIRED 1 by SegmentedRaftLogCache.getLastTermIndex
2022-07-14 15:51:54,505 [s0-client-thread1] TRACE segmented.SegmentedRaftLogCache (AutoCloseableReadWriteLock.java:logLocking(65)) - s0@group-EF46AB43B6D1: readLock RELEASED 0 by SegmentedRaftLogCache.getLastTermIndex
2022-07-14 15:51:54,505 [s0-client-thread1] TRACE segmented.SegmentedRaftLogCache (AutoCloseableReadWriteLock.java:logLocking(65)) - s0@group-EF46AB43B6D1: readLock ACQUIRED 1 by SegmentedRaftLogCache.getLastTermIndex
2022-07-14 15:51:54,506 [s0-client-thread1] TRACE segmented.SegmentedRaftLogCache (AutoCloseableReadWriteLock.java:logLocking(65)) - s0@group-EF46AB43B6D1: readLock RELEASED 0 by SegmentedRaftLogCache.getLastTermIndex
2022-07-14 15:51:54,506 [s0-client-thread1] TRACE segmented.SegmentedRaftLogCache (AutoCloseableReadWriteLock.java:logLocking(65)) - s0@group-EF46AB43B6D1: readLock ACQUIRED 1 by SegmentedRaftLogCache$LogSegmentList.countCached
2022-07-14 15:51:54,506 [s0-client-thread1] TRACE segmented.SegmentedRaftLogCache (AutoCloseableReadWriteLock.java:logLocking(65)) - s0@group-EF46AB43B6D1: readLock RELEASED 0 by SegmentedRaftLogCache$LogSegmentList.countCached
2022-07-14 15:51:54,506 [s0-client-thread1] TRACE segmented.SegmentedRaftLogCache (AutoCloseableReadWriteLock.java:logLocking(65)) - s0@group-EF46AB43B6D1: readLock ACQUIRED 1 by SegmentedRaftLogCache$LogSegmentList.getTotalCacheSize
2022-07-14 15:51:54,506 [s0-client-thread1] TRACE segmented.SegmentedRaftLogCache (AutoCloseableReadWriteLock.java:logLocking(65)) - s0@group-EF46AB43B6D1: readLock RELEASED 0 by SegmentedRaftLogCache$LogSegmentList.getTotalCacheSize
2022-07-14 15:51:54,506 [s0-client-thread1] DEBUG segmented.SegmentedRaftLogWorker (SegmentedRaftLogWorker.java:addIOTask(270)) - s0@group-EF46AB43B6D1-SegmentedRaftLogWorker adds IO task WriteLog:125: (t:1, i:125), STATEMACHINELOGENTRY, StateMachineLogEntryProto:233@client-64B90517F321
2022-07-14 15:51:54,506 [s0@group-EF46AB43B6D1-SegmentedRaftLogWorker] DEBUG segmented.SegmentedRaftLogWorker (SegmentedRaftLogWorker.java:flushIfNecessary(365)) - s0@group-EF46AB43B6D1-SegmentedRaftLogWorker: flush SegmentedRaftLogOutputStream(/home/runner/work/ratis/ratis/ratis-test/target/test/data/7931f2a6/MiniRaftClusterWithGrpc6c3cfa42/s0/d33854d5-690d-4a13-9a9e-ef46ab43b6d1/current/log_inprogress_0)
2022-07-14 15:51:54,506 [s0@group-EF46AB43B6D1-LeaderStateImpl] TRACE segmented.SegmentedRaftLogCache (AutoCloseableReadWriteLock.java:logLocking(65)) - s0@group-EF46AB43B6D1: readLock ACQUIRED 1 by SegmentedRaftLogCache.getStartIndex
2022-07-14 15:51:54,506 [s0@group-EF46AB43B6D1-LeaderStateImpl] TRACE segmented.SegmentedRaftLogCache (AutoCloseableReadWriteLock.java:logLocking(65)) -   s0@group-EF46AB43B6D1: readLock ACQUIRED 2 by SegmentedRaftLogCache$LogSegmentList.isEmpty
2022-07-14 15:51:54,507 [s0@group-EF46AB43B6D1-LeaderStateImpl] TRACE segmented.SegmentedRaftLogCache (AutoCloseableReadWriteLock.java:logLocking(65)) -   s0@group-EF46AB43B6D1: readLock RELEASED 1 by SegmentedRaftLogCache$LogSegmentList.isEmpty
2022-07-14 15:51:54,507 [s0@group-EF46AB43B6D1-LeaderStateImpl] TRACE segmented.SegmentedRaftLogCache (AutoCloseableReadWriteLock.java:logLocking(65)) - s0@group-EF46AB43B6D1: readLock RELEASED 0 by SegmentedRaftLogCache.getStartIndex
2022-07-14 15:51:54,507 [s0@group-EF46AB43B6D1-LeaderStateImpl] TRACE segmented.SegmentedRaftLogCache (AutoCloseableReadWriteLock.java:logLocking(65)) - s0@group-EF46AB43B6D1: readLock ACQUIRED 1 by SegmentedRaftLogCache.getEndIndex
2022-07-14 15:51:54,507 [s0@group-EF46AB43B6D1-LeaderStateImpl] TRACE segmented.SegmentedRaftLogCache (AutoCloseableReadWriteLock.java:logLocking(65)) - s0@group-EF46AB43B6D1: readLock RELEASED 0 by SegmentedRaftLogCache.getEndIndex
2022-07-14 15:51:54,507 [s0@group-EF46AB43B6D1-LeaderStateImpl] TRACE segmented.SegmentedRaftLogCache (AutoCloseableReadWriteLock.java:logLocking(65)) - s0@group-EF46AB43B6D1: readLock ACQUIRED 1 by SegmentedRaftLogCache$LogSegmentList.getTermIndex
2022-07-14 15:51:54,507 [s0@group-EF46AB43B6D1-LeaderStateImpl] TRACE segmented.SegmentedRaftLogCache (AutoCloseableReadWriteLock.java:logLocking(65)) - s0@group-EF46AB43B6D1: readLock RELEASED 0 by SegmentedRaftLogCache$LogSegmentList.getTermIndex
2022-07-14 15:51:54,507 [s0@group-EF46AB43B6D1-LeaderStateImpl] TRACE segmented.SegmentedRaftLogCache (AutoCloseableReadWriteLock.java:logLocking(65)) - s0@group-EF46AB43B6D1: readLock ACQUIRED 1 by SegmentedRaftLogCache.getStartIndex
2022-07-14 15:51:54,507 [s0@group-EF46AB43B6D1-LeaderStateImpl] TRACE segmented.SegmentedRaftLogCache (AutoCloseableReadWriteLock.java:logLocking(65)) -   s0@group-EF46AB43B6D1: readLock ACQUIRED 2 by SegmentedRaftLogCache$LogSegmentList.isEmpty
2022-07-14 15:51:54,507 [s0@group-EF46AB43B6D1-LeaderStateImpl] TRACE segmented.SegmentedRaftLogCache (AutoCloseableReadWriteLock.java:logLocking(65)) -   s0@group-EF46AB43B6D1: readLock RELEASED 1 by SegmentedRaftLogCache$LogSegmentList.isEmpty
2022-07-14 15:51:54,507 [s0@group-EF46AB43B6D1-LeaderStateImpl] TRACE segmented.SegmentedRaftLogCache (AutoCloseableReadWriteLock.java:logLocking(65)) - s0@group-EF46AB43B6D1: readLock RELEASED 0 by SegmentedRaftLogCache.getStartIndex
2022-07-14 15:51:54,507 [s0@group-EF46AB43B6D1-LeaderStateImpl] TRACE segmented.SegmentedRaftLogCache (AutoCloseableReadWriteLock.java:logLocking(65)) - s0@group-EF46AB43B6D1: readLock ACQUIRED 1 by SegmentedRaftLogCache.getEndIndex
2022-07-14 15:51:54,507 [s0@group-EF46AB43B6D1-LeaderStateImpl] TRACE segmented.SegmentedRaftLogCache (AutoCloseableReadWriteLock.java:logLocking(65)) - s0@group-EF46AB43B6D1: readLock RELEASED 0 by SegmentedRaftLogCache.getEndIndex
2022-07-14 15:51:54,508 [s0@group-EF46AB43B6D1-LeaderStateImpl] TRACE segmented.SegmentedRaftLogCache (AutoCloseableReadWriteLock.java:logLocking(65)) - s0@group-EF46AB43B6D1: readLock ACQUIRED 1 by SegmentedRaftLogCache$LogSegmentList.getTermIndex
2022-07-14 15:51:54,508 [s0@group-EF46AB43B6D1-LeaderStateImpl] TRACE segmented.SegmentedRaftLogCache (AutoCloseableReadWriteLock.java:logLocking(65)) - s0@group-EF46AB43B6D1: readLock RELEASED 0 by SegmentedRaftLogCache$LogSegmentList.getTermIndex
2022-07-14 15:51:54,508 [s0@group-EF46AB43B6D1-LeaderStateImpl] TRACE segmented.SegmentedRaftLogCache (AutoCloseableReadWriteLock.java:logLocking(65)) - s0@group-EF46AB43B6D1: readLock ACQUIRED 1 by SegmentedRaftLogCache.getLastTermIndex
2022-07-14 15:51:54,508 [s0@group-EF46AB43B6D1-StateMachineUpdater] INFO  statemachine.SimpleStateMachine4Testing (SimpleStateMachine4Testing.java:put(204)) - s0: put 125, m62 -> (t:1, i:125), STATEMACHINELOGENTRY, 233@client-64B90517F321
2022-07-14 15:51:54,508 [s0@group-EF46AB43B6D1-LeaderStateImpl] TRACE segmented.SegmentedRaftLogCache (AutoCloseableReadWriteLock.java:logLocking(65)) - s0@group-EF46AB43B6D1: readLock RELEASED 0 by SegmentedRaftLogCache.getLastTermIndex
2022-07-14 15:51:54,508 [s0@group-EF46AB43B6D1-LeaderStateImpl] TRACE segmented.SegmentedRaftLogCache (AutoCloseableReadWriteLock.java:logLocking(65)) - s0@group-EF46AB43B6D1: readLock ACQUIRED 1 by SegmentedRaftLogCache$LogSegmentList.countCached
2022-07-14 15:51:54,509 [s0@group-EF46AB43B6D1-LeaderStateImpl] TRACE segmented.SegmentedRaftLogCache (AutoCloseableReadWriteLock.java:logLocking(65)) - s0@group-EF46AB43B6D1: readLock RELEASED 0 by SegmentedRaftLogCache$LogSegmentList.countCached
2022-07-14 15:51:54,509 [s0@group-EF46AB43B6D1-LeaderStateImpl] TRACE segmented.SegmentedRaftLogCache (AutoCloseableReadWriteLock.java:logLocking(65)) - s0@group-EF46AB43B6D1: readLock ACQUIRED 1 by SegmentedRaftLogCache$LogSegmentList.getTotalCacheSize
2022-07-14 15:51:54,509 [s0@group-EF46AB43B6D1-LeaderStateImpl] TRACE segmented.SegmentedRaftLogCache (AutoCloseableReadWriteLock.java:logLocking(65)) - s0@group-EF46AB43B6D1: readLock RELEASED 0 by SegmentedRaftLogCache$LogSegmentList.getTotalCacheSize
2022-07-14 15:51:54,509 [s0@group-EF46AB43B6D1-LeaderStateImpl] DEBUG segmented.SegmentedRaftLogWorker (SegmentedRaftLogWorker.java:addIOTask(270)) - s0@group-EF46AB43B6D1-SegmentedRaftLogWorker adds IO task WriteLog:126: (t:1, i:126), METADATAENTRY(c:125)
2022-07-14 15:51:54,509 [s0@group-EF46AB43B6D1-SegmentedRaftLogWorker] DEBUG segmented.SegmentedRaftLogWorker (SegmentedRaftLogWorker.java:flushIfNecessary(365)) - s0@group-EF46AB43B6D1-SegmentedRaftLogWorker: flush SegmentedRaftLogOutputStream(/home/runner/work/ratis/ratis/ratis-test/target/test/data/7931f2a6/MiniRaftClusterWithGrpc6c3cfa42/s0/d33854d5-690d-4a13-9a9e-ef46ab43b6d1/current/log_inprogress_0)
2022-07-14 15:51:54,509 [s0-client-thread1] TRACE segmented.SegmentedRaftLogCache (AutoCloseableReadWriteLock.java:logLocking(65)) - s0@group-EF46AB43B6D1: readLock ACQUIRED 1 by SegmentedRaftLogCache.getLastTermIndex
2022-07-14 15:51:54,510 [s0-client-thread1] TRACE segmented.SegmentedRaftLogCache (AutoCloseableReadWriteLock.java:logLocking(65)) - s0@group-EF46AB43B6D1: readLock RELEASED 0 by SegmentedRaftLogCache.getLastTermIndex
2022-07-14 15:51:54,510 [s0-client-thread1] TRACE segmented.SegmentedRaftLogCache (AutoCloseableReadWriteLock.java:logLocking(65)) - s0@group-EF46AB43B6D1: readLock ACQUIRED 1 by SegmentedRaftLogCache.getLastTermIndex
2022-07-14 15:51:54,510 [s0-client-thread1] TRACE segmented.SegmentedRaftLogCache (AutoCloseableReadWriteLock.java:logLocking(65)) - s0@group-EF46AB43B6D1: readLock RELEASED 0 by SegmentedRaftLogCache.getLastTermIndex
2022-07-14 15:51:54,510 [s0-client-thread1] TRACE segmented.SegmentedRaftLogCache (AutoCloseableReadWriteLock.java:logLocking(65)) - s0@group-EF46AB43B6D1: readLock ACQUIRED 1 by SegmentedRaftLogCache$LogSegmentList.countCached
2022-07-14 15:51:54,510 [s0-client-thread1] TRACE segmented.SegmentedRaftLogCache (AutoCloseableReadWriteLock.java:logLocking(65)) - s0@group-EF46AB43B6D1: readLock RELEASED 0 by SegmentedRaftLogCache$LogSegmentList.countCached
2022-07-14 15:51:54,510 [s0-client-thread1] TRACE segmented.SegmentedRaftLogCache (AutoCloseableReadWriteLock.java:logLocking(65)) - s0@group-EF46AB43B6D1: readLock ACQUIRED 1 by SegmentedRaftLogCache$LogSegmentList.getTotalCacheSize
2022-07-14 15:51:54,510 [s0-client-thread1] TRACE segmented.SegmentedRaftLogCache (AutoCloseableReadWriteLock.java:logLocking(65)) - s0@group-EF46AB43B6D1: readLock RELEASED 0 by SegmentedRaftLogCache$LogSegmentList.getTotalCacheSize
2022-07-14 15:51:54,510 [s0-client-thread1] DEBUG segmented.SegmentedRaftLogWorker (SegmentedRaftLogWorker.java:addIOTask(270)) - s0@group-EF46AB43B6D1-SegmentedRaftLogWorker adds IO task WriteLog:127: (t:1, i:127), STATEMACHINELOGENTRY, StateMachineLogEntryProto:234@client-64B90517F321
2022-07-14 15:51:54,510 [s0@group-EF46AB43B6D1-SegmentedRaftLogWorker] DEBUG segmented.SegmentedRaftLogWorker (SegmentedRaftLogWorker.java:flushIfNecessary(365)) - s0@group-EF46AB43B6D1-SegmentedRaftLogWorker: flush SegmentedRaftLogOutputStream(/home/runner/work/ratis/ratis/ratis-test/target/test/data/7931f2a6/MiniRaftClusterWithGrpc6c3cfa42/s0/d33854d5-690d-4a13-9a9e-ef46ab43b6d1/current/log_inprogress_0)
2022-07-14 15:51:54,510 [s0@group-EF46AB43B6D1-LeaderStateImpl] TRACE segmented.SegmentedRaftLogCache (AutoCloseableReadWriteLock.java:logLocking(65)) - s0@group-EF46AB43B6D1: readLock ACQUIRED 1 by SegmentedRaftLogCache.getStartIndex
2022-07-14 15:51:54,510 [s0@group-EF46AB43B6D1-LeaderStateImpl] TRACE segmented.SegmentedRaftLogCache (AutoCloseableReadWriteLock.java:logLocking(65)) -   s0@group-EF46AB43B6D1: readLock ACQUIRED 2 by SegmentedRaftLogCache$LogSegmentList.isEmpty
2022-07-14 15:51:54,510 [s0@group-EF46AB43B6D1-LeaderStateImpl] TRACE segmented.SegmentedRaftLogCache (AutoCloseableReadWriteLock.java:logLocking(65)) -   s0@group-EF46AB43B6D1: readLock RELEASED 1 by SegmentedRaftLogCache$LogSegmentList.isEmpty
2022-07-14 15:51:54,510 [s0@group-EF46AB43B6D1-LeaderStateImpl] TRACE segmented.SegmentedRaftLogCache (AutoCloseableReadWriteLock.java:logLocking(65)) - s0@group-EF46AB43B6D1: readLock RELEASED 0 by SegmentedRaftLogCache.getStartIndex
2022-07-14 15:51:54,510 [s0@group-EF46AB43B6D1-LeaderStateImpl] TRACE segmented.SegmentedRaftLogCache (AutoCloseableReadWriteLock.java:logLocking(65)) - s0@group-EF46AB43B6D1: readLock ACQUIRED 1 by SegmentedRaftLogCache.getEndIndex
2022-07-14 15:51:54,510 [s0@group-EF46AB43B6D1-LeaderStateImpl] TRACE segmented.SegmentedRaftLogCache (AutoCloseableReadWriteLock.java:logLocking(65)) - s0@group-EF46AB43B6D1: readLock RELEASED 0 by SegmentedRaftLogCache.getEndIndex
2022-07-14 15:51:54,510 [s0@group-EF46AB43B6D1-LeaderStateImpl] TRACE segmented.SegmentedRaftLogCache (AutoCloseableReadWriteLock.java:logLocking(65)) - s0@group-EF46AB43B6D1: readLock ACQUIRED 1 by SegmentedRaftLogCache$LogSegmentList.getTermIndex
2022-07-14 15:51:54,510 [s0@group-EF46AB43B6D1-LeaderStateImpl] TRACE segmented.SegmentedRaftLogCache (AutoCloseableReadWriteLock.java:logLocking(65)) - s0@group-EF46AB43B6D1: readLock RELEASED 0 by SegmentedRaftLogCache$LogSegmentList.getTermIndex
2022-07-14 15:51:54,511 [s0@group-EF46AB43B6D1-LeaderStateImpl] TRACE segmented.SegmentedRaftLogCache (AutoCloseableReadWriteLock.java:logLocking(65)) - s0@group-EF46AB43B6D1: readLock ACQUIRED 1 by SegmentedRaftLogCache.getStartIndex
2022-07-14 15:51:54,511 [s0@group-EF46AB43B6D1-LeaderStateImpl] TRACE segmented.SegmentedRaftLogCache (AutoCloseableReadWriteLock.java:logLocking(65)) -   s0@group-EF46AB43B6D1: readLock ACQUIRED 2 by SegmentedRaftLogCache$LogSegmentList.isEmpty
2022-07-14 15:51:54,511 [s0@group-EF46AB43B6D1-LeaderStateImpl] TRACE segmented.SegmentedRaftLogCache (AutoCloseableReadWriteLock.java:logLocking(65)) -   s0@group-EF46AB43B6D1: readLock RELEASED 1 by SegmentedRaftLogCache$LogSegmentList.isEmpty
2022-07-14 15:51:54,511 [s0@group-EF46AB43B6D1-LeaderStateImpl] TRACE segmented.SegmentedRaftLogCache (AutoCloseableReadWriteLock.java:logLocking(65)) - s0@group-EF46AB43B6D1: readLock RELEASED 0 by SegmentedRaftLogCache.getStartIndex
2022-07-14 15:51:54,511 [s0@group-EF46AB43B6D1-LeaderStateImpl] TRACE segmented.SegmentedRaftLogCache (AutoCloseableReadWriteLock.java:logLocking(65)) - s0@group-EF46AB43B6D1: readLock ACQUIRED 1 by SegmentedRaftLogCache.getEndIndex
2022-07-14 15:51:54,511 [s0@group-EF46AB43B6D1-LeaderStateImpl] TRACE segmented.SegmentedRaftLogCache (AutoCloseableReadWriteLock.java:logLocking(65)) - s0@group-EF46AB43B6D1: readLock RELEASED 0 by SegmentedRaftLogCache.getEndIndex
2022-07-14 15:51:54,511 [s0@group-EF46AB43B6D1-LeaderStateImpl] TRACE segmented.SegmentedRaftLogCache (AutoCloseableReadWriteLock.java:logLocking(65)) - s0@group-EF46AB43B6D1: readLock ACQUIRED 1 by SegmentedRaftLogCache$LogSegmentList.getTermIndex
2022-07-14 15:51:54,511 [s0@group-EF46AB43B6D1-LeaderStateImpl] TRACE segmented.SegmentedRaftLogCache (AutoCloseableReadWriteLock.java:logLocking(65)) - s0@group-EF46AB43B6D1: readLock RELEASED 0 by SegmentedRaftLogCache$LogSegmentList.getTermIndex
2022-07-14 15:51:54,511 [s0@group-EF46AB43B6D1-LeaderStateImpl] TRACE segmented.SegmentedRaftLogCache (AutoCloseableReadWriteLock.java:logLocking(65)) - s0@group-EF46AB43B6D1: readLock ACQUIRED 1 by SegmentedRaftLogCache.getLastTermIndex
2022-07-14 15:51:54,511 [s0@group-EF46AB43B6D1-LeaderStateImpl] TRACE segmented.SegmentedRaftLogCache (AutoCloseableReadWriteLock.java:logLocking(65)) - s0@group-EF46AB43B6D1: readLock RELEASED 0 by SegmentedRaftLogCache.getLastTermIndex
2022-07-14 15:51:54,511 [s0@group-EF46AB43B6D1-StateMachineUpdater] INFO  statemachine.SimpleStateMachine4Testing (SimpleStateMachine4Testing.java:put(204)) - s0: put 127, m63 -> (t:1, i:127), STATEMACHINELOGENTRY, 234@client-64B90517F321
2022-07-14 15:51:54,511 [s0@group-EF46AB43B6D1-LeaderStateImpl] TRACE segmented.SegmentedRaftLogCache (AutoCloseableReadWriteLock.java:logLocking(65)) - s0@group-EF46AB43B6D1: readLock ACQUIRED 1 by SegmentedRaftLogCache$LogSegmentList.countCached
2022-07-14 15:51:54,512 [s0@group-EF46AB43B6D1-LeaderStateImpl] TRACE segmented.SegmentedRaftLogCache (AutoCloseableReadWriteLock.java:logLocking(65)) - s0@group-EF46AB43B6D1: readLock RELEASED 0 by SegmentedRaftLogCache$LogSegmentList.countCached
2022-07-14 15:51:54,512 [s0@group-EF46AB43B6D1-LeaderStateImpl] TRACE segmented.SegmentedRaftLogCache (AutoCloseableReadWriteLock.java:logLocking(65)) - s0@group-EF46AB43B6D1: readLock ACQUIRED 1 by SegmentedRaftLogCache$LogSegmentList.getTotalCacheSize
2022-07-14 15:51:54,512 [s0@group-EF46AB43B6D1-LeaderStateImpl] TRACE segmented.SegmentedRaftLogCache (AutoCloseableReadWriteLock.java:logLocking(65)) - s0@group-EF46AB43B6D1: readLock RELEASED 0 by SegmentedRaftLogCache$LogSegmentList.getTotalCacheSize
2022-07-14 15:51:54,512 [s0@group-EF46AB43B6D1-LeaderStateImpl] DEBUG segmented.SegmentedRaftLogWorker (SegmentedRaftLogWorker.java:addIOTask(270)) - s0@group-EF46AB43B6D1-SegmentedRaftLogWorker adds IO task WriteLog:128: (t:1, i:128), METADATAENTRY(c:127)
2022-07-14 15:51:54,512 [s0@group-EF46AB43B6D1-SegmentedRaftLogWorker] DEBUG segmented.SegmentedRaftLogWorker (SegmentedRaftLogWorker.java:flushIfNecessary(365)) - s0@group-EF46AB43B6D1-SegmentedRaftLogWorker: flush SegmentedRaftLogOutputStream(/home/runner/work/ratis/ratis/ratis-test/target/test/data/7931f2a6/MiniRaftClusterWithGrpc6c3cfa42/s0/d33854d5-690d-4a13-9a9e-ef46ab43b6d1/current/log_inprogress_0)
2022-07-14 15:51:54,513 [s0-client-thread1] TRACE segmented.SegmentedRaftLogCache (AutoCloseableReadWriteLock.java:logLocking(65)) - s0@group-EF46AB43B6D1: readLock ACQUIRED 1 by SegmentedRaftLogCache.getLastTermIndex
2022-07-14 15:51:54,513 [s0-client-thread1] TRACE segmented.SegmentedRaftLogCache (AutoCloseableReadWriteLock.java:logLocking(65)) - s0@group-EF46AB43B6D1: readLock RELEASED 0 by SegmentedRaftLogCache.getLastTermIndex
2022-07-14 15:51:54,513 [s0-client-thread1] TRACE segmented.SegmentedRaftLogCache (AutoCloseableReadWriteLock.java:logLocking(65)) - s0@group-EF46AB43B6D1: readLock ACQUIRED 1 by SegmentedRaftLogCache.getLastTermIndex
2022-07-14 15:51:54,513 [s0-client-thread1] TRACE segmented.SegmentedRaftLogCache (AutoCloseableReadWriteLock.java:logLocking(65)) - s0@group-EF46AB43B6D1: readLock RELEASED 0 by SegmentedRaftLogCache.getLastTermIndex
2022-07-14 15:51:54,513 [s0-client-thread1] TRACE segmented.SegmentedRaftLogCache (AutoCloseableReadWriteLock.java:logLocking(65)) - s0@group-EF46AB43B6D1: readLock ACQUIRED 1 by SegmentedRaftLogCache$LogSegmentList.countCached
2022-07-14 15:51:54,513 [s0-client-thread1] TRACE segmented.SegmentedRaftLogCache (AutoCloseableReadWriteLock.java:logLocking(65)) - s0@group-EF46AB43B6D1: readLock RELEASED 0 by SegmentedRaftLogCache$LogSegmentList.countCached
2022-07-14 15:51:54,513 [s0-client-thread1] TRACE segmented.SegmentedRaftLogCache (AutoCloseableReadWriteLock.java:logLocking(65)) - s0@group-EF46AB43B6D1: readLock ACQUIRED 1 by SegmentedRaftLogCache$LogSegmentList.getTotalCacheSize
2022-07-14 15:51:54,513 [s0-client-thread1] TRACE segmented.SegmentedRaftLogCache (AutoCloseableReadWriteLock.java:logLocking(65)) - s0@group-EF46AB43B6D1: readLock RELEASED 0 by SegmentedRaftLogCache$LogSegmentList.getTotalCacheSize
2022-07-14 15:51:54,513 [s0-client-thread1] DEBUG segmented.SegmentedRaftLogWorker (SegmentedRaftLogWorker.java:addIOTask(270)) - s0@group-EF46AB43B6D1-SegmentedRaftLogWorker adds IO task WriteLog:129: (t:1, i:129), STATEMACHINELOGENTRY, StateMachineLogEntryProto:235@client-64B90517F321
2022-07-14 15:51:54,514 [s0@group-EF46AB43B6D1-SegmentedRaftLogWorker] DEBUG segmented.SegmentedRaftLogWorker (SegmentedRaftLogWorker.java:flushIfNecessary(365)) - s0@group-EF46AB43B6D1-SegmentedRaftLogWorker: flush SegmentedRaftLogOutputStream(/home/runner/work/ratis/ratis/ratis-test/target/test/data/7931f2a6/MiniRaftClusterWithGrpc6c3cfa42/s0/d33854d5-690d-4a13-9a9e-ef46ab43b6d1/current/log_inprogress_0)
2022-07-14 15:51:54,514 [s0@group-EF46AB43B6D1-LeaderStateImpl] TRACE segmented.SegmentedRaftLogCache (AutoCloseableReadWriteLock.java:logLocking(65)) - s0@group-EF46AB43B6D1: readLock ACQUIRED 1 by SegmentedRaftLogCache.getStartIndex
2022-07-14 15:51:54,514 [s0@group-EF46AB43B6D1-LeaderStateImpl] TRACE segmented.SegmentedRaftLogCache (AutoCloseableReadWriteLock.java:logLocking(65)) -   s0@group-EF46AB43B6D1: readLock ACQUIRED 2 by SegmentedRaftLogCache$LogSegmentList.isEmpty
2022-07-14 15:51:54,514 [s0@group-EF46AB43B6D1-LeaderStateImpl] TRACE segmented.SegmentedRaftLogCache (AutoCloseableReadWriteLock.java:logLocking(65)) -   s0@group-EF46AB43B6D1: readLock RELEASED 1 by SegmentedRaftLogCache$LogSegmentList.isEmpty
2022-07-14 15:51:54,514 [s0@group-EF46AB43B6D1-LeaderStateImpl] TRACE segmented.SegmentedRaftLogCache (AutoCloseableReadWriteLock.java:logLocking(65)) - s0@group-EF46AB43B6D1: readLock RELEASED 0 by SegmentedRaftLogCache.getStartIndex
2022-07-14 15:51:54,514 [s0@group-EF46AB43B6D1-LeaderStateImpl] TRACE segmented.SegmentedRaftLogCache (AutoCloseableReadWriteLock.java:logLocking(65)) - s0@group-EF46AB43B6D1: readLock ACQUIRED 1 by SegmentedRaftLogCache.getEndIndex
2022-07-14 15:51:54,514 [s0@group-EF46AB43B6D1-LeaderStateImpl] TRACE segmented.SegmentedRaftLogCache (AutoCloseableReadWriteLock.java:logLocking(65)) - s0@group-EF46AB43B6D1: readLock RELEASED 0 by SegmentedRaftLogCache.getEndIndex
2022-07-14 15:51:54,514 [s0@group-EF46AB43B6D1-LeaderStateImpl] TRACE segmented.SegmentedRaftLogCache (AutoCloseableReadWriteLock.java:logLocking(65)) - s0@group-EF46AB43B6D1: readLock ACQUIRED 1 by SegmentedRaftLogCache$LogSegmentList.getTermIndex
2022-07-14 15:51:54,514 [s0@group-EF46AB43B6D1-LeaderStateImpl] TRACE segmented.SegmentedRaftLogCache (AutoCloseableReadWriteLock.java:logLocking(65)) - s0@group-EF46AB43B6D1: readLock RELEASED 0 by SegmentedRaftLogCache$LogSegmentList.getTermIndex
2022-07-14 15:51:54,514 [s0@group-EF46AB43B6D1-LeaderStateImpl] TRACE segmented.SegmentedRaftLogCache (AutoCloseableReadWriteLock.java:logLocking(65)) - s0@group-EF46AB43B6D1: readLock ACQUIRED 1 by SegmentedRaftLogCache.getLastTermIndex
2022-07-14 15:51:54,514 [s0@group-EF46AB43B6D1-LeaderStateImpl] TRACE segmented.SegmentedRaftLogCache (AutoCloseableReadWriteLock.java:logLocking(65)) - s0@group-EF46AB43B6D1: readLock RELEASED 0 by SegmentedRaftLogCache.getLastTermIndex
2022-07-14 15:51:54,514 [s0@group-EF46AB43B6D1-LeaderStateImpl] TRACE segmented.SegmentedRaftLogCache (AutoCloseableReadWriteLock.java:logLocking(65)) - s0@group-EF46AB43B6D1: readLock ACQUIRED 1 by SegmentedRaftLogCache$LogSegmentList.countCached
2022-07-14 15:51:54,514 [s0@group-EF46AB43B6D1-LeaderStateImpl] TRACE segmented.SegmentedRaftLogCache (AutoCloseableReadWriteLock.java:logLocking(65)) - s0@group-EF46AB43B6D1: readLock RELEASED 0 by SegmentedRaftLogCache$LogSegmentList.countCached
2022-07-14 15:51:54,514 [s0@group-EF46AB43B6D1-LeaderStateImpl] TRACE segmented.SegmentedRaftLogCache (AutoCloseableReadWriteLock.java:logLocking(65)) - s0@group-EF46AB43B6D1: readLock ACQUIRED 1 by SegmentedRaftLogCache$LogSegmentList.getTotalCacheSize
2022-07-14 15:51:54,515 [s0@group-EF46AB43B6D1-LeaderStateImpl] TRACE segmented.SegmentedRaftLogCache (AutoCloseableReadWriteLock.java:logLocking(65)) - s0@group-EF46AB43B6D1: readLock RELEASED 0 by SegmentedRaftLogCache$LogSegmentList.getTotalCacheSize
2022-07-14 15:51:54,515 [s0@group-EF46AB43B6D1-LeaderStateImpl] DEBUG segmented.SegmentedRaftLogWorker (SegmentedRaftLogWorker.java:addIOTask(270)) - s0@group-EF46AB43B6D1-SegmentedRaftLogWorker adds IO task WriteLog:130: (t:1, i:130), METADATAENTRY(c:129)
2022-07-14 15:51:54,515 [s0@group-EF46AB43B6D1-SegmentedRaftLogWorker] DEBUG segmented.SegmentedRaftLogWorker (SegmentedRaftLogWorker.java:flushIfNecessary(365)) - s0@group-EF46AB43B6D1-SegmentedRaftLogWorker: flush SegmentedRaftLogOutputStream(/home/runner/work/ratis/ratis/ratis-test/target/test/data/7931f2a6/MiniRaftClusterWithGrpc6c3cfa42/s0/d33854d5-690d-4a13-9a9e-ef46ab43b6d1/current/log_inprogress_0)
2022-07-14 15:51:54,515 [s0@group-EF46AB43B6D1-StateMachineUpdater] INFO  statemachine.SimpleStateMachine4Testing (SimpleStateMachine4Testing.java:put(204)) - s0: put 129, m64 -> (t:1, i:129), STATEMACHINELOGENTRY, 235@client-64B90517F321
2022-07-14 15:51:54,515 [s0@group-EF46AB43B6D1-LeaderStateImpl] TRACE segmented.SegmentedRaftLogCache (AutoCloseableReadWriteLock.java:logLocking(65)) - s0@group-EF46AB43B6D1: readLock ACQUIRED 1 by SegmentedRaftLogCache.getStartIndex
2022-07-14 15:51:54,515 [s0@group-EF46AB43B6D1-LeaderStateImpl] TRACE segmented.SegmentedRaftLogCache (AutoCloseableReadWriteLock.java:logLocking(65)) -   s0@group-EF46AB43B6D1: readLock ACQUIRED 2 by SegmentedRaftLogCache$LogSegmentList.isEmpty
2022-07-14 15:51:54,515 [s0@group-EF46AB43B6D1-LeaderStateImpl] TRACE segmented.SegmentedRaftLogCache (AutoCloseableReadWriteLock.java:logLocking(65)) -   s0@group-EF46AB43B6D1: readLock RELEASED 1 by SegmentedRaftLogCache$LogSegmentList.isEmpty
2022-07-14 15:51:54,515 [s0@group-EF46AB43B6D1-LeaderStateImpl] TRACE segmented.SegmentedRaftLogCache (AutoCloseableReadWriteLock.java:logLocking(65)) - s0@group-EF46AB43B6D1: readLock RELEASED 0 by SegmentedRaftLogCache.getStartIndex
2022-07-14 15:51:54,515 [s0@group-EF46AB43B6D1-LeaderStateImpl] TRACE segmented.SegmentedRaftLogCache (AutoCloseableReadWriteLock.java:logLocking(65)) - s0@group-EF46AB43B6D1: readLock ACQUIRED 1 by SegmentedRaftLogCache.getEndIndex
2022-07-14 15:51:54,515 [s0@group-EF46AB43B6D1-LeaderStateImpl] TRACE segmented.SegmentedRaftLogCache (AutoCloseableReadWriteLock.java:logLocking(65)) - s0@group-EF46AB43B6D1: readLock RELEASED 0 by SegmentedRaftLogCache.getEndIndex
2022-07-14 15:51:54,515 [s0@group-EF46AB43B6D1-LeaderStateImpl] TRACE segmented.SegmentedRaftLogCache (AutoCloseableReadWriteLock.java:logLocking(65)) - s0@group-EF46AB43B6D1: readLock ACQUIRED 1 by SegmentedRaftLogCache$LogSegmentList.getTermIndex
2022-07-14 15:51:54,515 [s0@group-EF46AB43B6D1-LeaderStateImpl] TRACE segmented.SegmentedRaftLogCache (AutoCloseableReadWriteLock.java:logLocking(65)) - s0@group-EF46AB43B6D1: readLock RELEASED 0 by SegmentedRaftLogCache$LogSegmentList.getTermIndex
2022-07-14 15:51:54,516 [s0-client-thread1] TRACE segmented.SegmentedRaftLogCache (AutoCloseableReadWriteLock.java:logLocking(65)) - s0@group-EF46AB43B6D1: readLock ACQUIRED 1 by SegmentedRaftLogCache.getLastTermIndex
2022-07-14 15:51:54,516 [s0-client-thread1] TRACE segmented.SegmentedRaftLogCache (AutoCloseableReadWriteLock.java:logLocking(65)) - s0@group-EF46AB43B6D1: readLock RELEASED 0 by SegmentedRaftLogCache.getLastTermIndex
2022-07-14 15:51:54,516 [s0-client-thread1] TRACE segmented.SegmentedRaftLogCache (AutoCloseableReadWriteLock.java:logLocking(65)) - s0@group-EF46AB43B6D1: readLock ACQUIRED 1 by SegmentedRaftLogCache.getLastTermIndex
2022-07-14 15:51:54,516 [s0-client-thread1] TRACE segmented.SegmentedRaftLogCache (AutoCloseableReadWriteLock.java:logLocking(65)) - s0@group-EF46AB43B6D1: readLock RELEASED 0 by SegmentedRaftLogCache.getLastTermIndex
2022-07-14 15:51:54,516 [s0-client-thread1] TRACE segmented.SegmentedRaftLogCache (AutoCloseableReadWriteLock.java:logLocking(65)) - s0@group-EF46AB43B6D1: readLock ACQUIRED 1 by SegmentedRaftLogCache$LogSegmentList.countCached
2022-07-14 15:51:54,517 [s0-client-thread1] TRACE segmented.SegmentedRaftLogCache (AutoCloseableReadWriteLock.java:logLocking(65)) - s0@group-EF46AB43B6D1: readLock RELEASED 0 by SegmentedRaftLogCache$LogSegmentList.countCached
2022-07-14 15:51:54,517 [s0-client-thread1] TRACE segmented.SegmentedRaftLogCache (AutoCloseableReadWriteLock.java:logLocking(65)) - s0@group-EF46AB43B6D1: readLock ACQUIRED 1 by SegmentedRaftLogCache$LogSegmentList.getTotalCacheSize
2022-07-14 15:51:54,517 [s0-client-thread1] TRACE segmented.SegmentedRaftLogCache (AutoCloseableReadWriteLock.java:logLocking(65)) - s0@group-EF46AB43B6D1: readLock RELEASED 0 by SegmentedRaftLogCache$LogSegmentList.getTotalCacheSize
2022-07-14 15:51:54,517 [s0-client-thread1] DEBUG segmented.SegmentedRaftLogWorker (SegmentedRaftLogWorker.java:addIOTask(270)) - s0@group-EF46AB43B6D1-SegmentedRaftLogWorker adds IO task WriteLog:131: (t:1, i:131), STATEMACHINELOGENTRY, StateMachineLogEntryProto:236@client-64B90517F321
2022-07-14 15:51:54,517 [s0@group-EF46AB43B6D1-SegmentedRaftLogWorker] DEBUG segmented.SegmentedRaftLogWorker (SegmentedRaftLogWorker.java:flushIfNecessary(365)) - s0@group-EF46AB43B6D1-SegmentedRaftLogWorker: flush SegmentedRaftLogOutputStream(/home/runner/work/ratis/ratis/ratis-test/target/test/data/7931f2a6/MiniRaftClusterWithGrpc6c3cfa42/s0/d33854d5-690d-4a13-9a9e-ef46ab43b6d1/current/log_inprogress_0)
2022-07-14 15:51:54,517 [s0@group-EF46AB43B6D1-LeaderStateImpl] TRACE segmented.SegmentedRaftLogCache (AutoCloseableReadWriteLock.java:logLocking(65)) - s0@group-EF46AB43B6D1: readLock ACQUIRED 1 by SegmentedRaftLogCache.getStartIndex
2022-07-14 15:51:54,517 [s0@group-EF46AB43B6D1-LeaderStateImpl] TRACE segmented.SegmentedRaftLogCache (AutoCloseableReadWriteLock.java:logLocking(65)) -   s0@group-EF46AB43B6D1: readLock ACQUIRED 2 by SegmentedRaftLogCache$LogSegmentList.isEmpty
2022-07-14 15:51:54,517 [s0@group-EF46AB43B6D1-LeaderStateImpl] TRACE segmented.SegmentedRaftLogCache (AutoCloseableReadWriteLock.java:logLocking(65)) -   s0@group-EF46AB43B6D1: readLock RELEASED 1 by SegmentedRaftLogCache$LogSegmentList.isEmpty
2022-07-14 15:51:54,517 [s0@group-EF46AB43B6D1-LeaderStateImpl] TRACE segmented.SegmentedRaftLogCache (AutoCloseableReadWriteLock.java:logLocking(65)) - s0@group-EF46AB43B6D1: readLock RELEASED 0 by SegmentedRaftLogCache.getStartIndex
2022-07-14 15:51:54,517 [s0@group-EF46AB43B6D1-LeaderStateImpl] TRACE segmented.SegmentedRaftLogCache (AutoCloseableReadWriteLock.java:logLocking(65)) - s0@group-EF46AB43B6D1: readLock ACQUIRED 1 by SegmentedRaftLogCache.getEndIndex
2022-07-14 15:51:54,517 [s0@group-EF46AB43B6D1-LeaderStateImpl] TRACE segmented.SegmentedRaftLogCache (AutoCloseableReadWriteLock.java:logLocking(65)) - s0@group-EF46AB43B6D1: readLock RELEASED 0 by SegmentedRaftLogCache.getEndIndex
2022-07-14 15:51:54,517 [s0@group-EF46AB43B6D1-LeaderStateImpl] TRACE segmented.SegmentedRaftLogCache (AutoCloseableReadWriteLock.java:logLocking(65)) - s0@group-EF46AB43B6D1: readLock ACQUIRED 1 by SegmentedRaftLogCache$LogSegmentList.getTermIndex
2022-07-14 15:51:54,517 [s0@group-EF46AB43B6D1-LeaderStateImpl] TRACE segmented.SegmentedRaftLogCache (AutoCloseableReadWriteLock.java:logLocking(65)) - s0@group-EF46AB43B6D1: readLock RELEASED 0 by SegmentedRaftLogCache$LogSegmentList.getTermIndex
2022-07-14 15:51:54,517 [s0@group-EF46AB43B6D1-StateMachineUpdater] INFO  statemachine.SimpleStateMachine4Testing (SimpleStateMachine4Testing.java:put(204)) - s0: put 131, m65 -> (t:1, i:131), STATEMACHINELOGENTRY, 236@client-64B90517F321
2022-07-14 15:51:54,518 [s0@group-EF46AB43B6D1-LeaderStateImpl] TRACE segmented.SegmentedRaftLogCache (AutoCloseableReadWriteLock.java:logLocking(65)) - s0@group-EF46AB43B6D1: readLock ACQUIRED 1 by SegmentedRaftLogCache.getLastTermIndex
2022-07-14 15:51:54,518 [s0@group-EF46AB43B6D1-LeaderStateImpl] TRACE segmented.SegmentedRaftLogCache (AutoCloseableReadWriteLock.java:logLocking(65)) - s0@group-EF46AB43B6D1: readLock RELEASED 0 by SegmentedRaftLogCache.getLastTermIndex
2022-07-14 15:51:54,518 [s0@group-EF46AB43B6D1-LeaderStateImpl] TRACE segmented.SegmentedRaftLogCache (AutoCloseableReadWriteLock.java:logLocking(65)) - s0@group-EF46AB43B6D1: readLock ACQUIRED 1 by SegmentedRaftLogCache$LogSegmentList.countCached
2022-07-14 15:51:54,518 [s0@group-EF46AB43B6D1-LeaderStateImpl] TRACE segmented.SegmentedRaftLogCache (AutoCloseableReadWriteLock.java:logLocking(65)) - s0@group-EF46AB43B6D1: readLock RELEASED 0 by SegmentedRaftLogCache$LogSegmentList.countCached
2022-07-14 15:51:54,518 [s0@group-EF46AB43B6D1-LeaderStateImpl] TRACE segmented.SegmentedRaftLogCache (AutoCloseableReadWriteLock.java:logLocking(65)) - s0@group-EF46AB43B6D1: readLock ACQUIRED 1 by SegmentedRaftLogCache$LogSegmentList.getTotalCacheSize
2022-07-14 15:51:54,518 [s0@group-EF46AB43B6D1-LeaderStateImpl] TRACE segmented.SegmentedRaftLogCache (AutoCloseableReadWriteLock.java:logLocking(65)) - s0@group-EF46AB43B6D1: readLock RELEASED 0 by SegmentedRaftLogCache$LogSegmentList.getTotalCacheSize
2022-07-14 15:51:54,519 [s0@group-EF46AB43B6D1-LeaderStateImpl] DEBUG segmented.SegmentedRaftLogWorker (SegmentedRaftLogWorker.java:addIOTask(270)) - s0@group-EF46AB43B6D1-SegmentedRaftLogWorker adds IO task WriteLog:132: (t:1, i:132), METADATAENTRY(c:131)
2022-07-14 15:51:54,519 [s0@group-EF46AB43B6D1-SegmentedRaftLogWorker] DEBUG segmented.SegmentedRaftLogWorker (SegmentedRaftLogWorker.java:flushIfNecessary(365)) - s0@group-EF46AB43B6D1-SegmentedRaftLogWorker: flush SegmentedRaftLogOutputStream(/home/runner/work/ratis/ratis/ratis-test/target/test/data/7931f2a6/MiniRaftClusterWithGrpc6c3cfa42/s0/d33854d5-690d-4a13-9a9e-ef46ab43b6d1/current/log_inprogress_0)
2022-07-14 15:51:54,519 [s0-client-thread1] TRACE segmented.SegmentedRaftLogCache (AutoCloseableReadWriteLock.java:logLocking(65)) - s0@group-EF46AB43B6D1: readLock ACQUIRED 1 by SegmentedRaftLogCache.getLastTermIndex
2022-07-14 15:51:54,519 [s0-client-thread1] TRACE segmented.SegmentedRaftLogCache (AutoCloseableReadWriteLock.java:logLocking(65)) - s0@group-EF46AB43B6D1: readLock RELEASED 0 by SegmentedRaftLogCache.getLastTermIndex
2022-07-14 15:51:54,519 [s0-client-thread1] TRACE segmented.SegmentedRaftLogCache (AutoCloseableReadWriteLock.java:logLocking(65)) - s0@group-EF46AB43B6D1: readLock ACQUIRED 1 by SegmentedRaftLogCache.getLastTermIndex
2022-07-14 15:51:54,519 [s0-client-thread1] TRACE segmented.SegmentedRaftLogCache (AutoCloseableReadWriteLock.java:logLocking(65)) - s0@group-EF46AB43B6D1: readLock RELEASED 0 by SegmentedRaftLogCache.getLastTermIndex
2022-07-14 15:51:54,519 [s0-client-thread1] TRACE segmented.SegmentedRaftLogCache (AutoCloseableReadWriteLock.java:logLocking(65)) - s0@group-EF46AB43B6D1: readLock ACQUIRED 1 by SegmentedRaftLogCache$LogSegmentList.countCached
2022-07-14 15:51:54,519 [s0-client-thread1] TRACE segmented.SegmentedRaftLogCache (AutoCloseableReadWriteLock.java:logLocking(65)) - s0@group-EF46AB43B6D1: readLock RELEASED 0 by SegmentedRaftLogCache$LogSegmentList.countCached
2022-07-14 15:51:54,519 [s0-client-thread1] TRACE segmented.SegmentedRaftLogCache (AutoCloseableReadWriteLock.java:logLocking(65)) - s0@group-EF46AB43B6D1: readLock ACQUIRED 1 by SegmentedRaftLogCache$LogSegmentList.getTotalCacheSize
2022-07-14 15:51:54,519 [s0-client-thread1] TRACE segmented.SegmentedRaftLogCache (AutoCloseableReadWriteLock.java:logLocking(65)) - s0@group-EF46AB43B6D1: readLock RELEASED 0 by SegmentedRaftLogCache$LogSegmentList.getTotalCacheSize
2022-07-14 15:51:54,519 [s0-client-thread1] DEBUG segmented.SegmentedRaftLogWorker (SegmentedRaftLogWorker.java:addIOTask(270)) - s0@group-EF46AB43B6D1-SegmentedRaftLogWorker adds IO task WriteLog:133: (t:1, i:133), STATEMACHINELOGENTRY, StateMachineLogEntryProto:237@client-64B90517F321
2022-07-14 15:51:54,519 [s0@group-EF46AB43B6D1-SegmentedRaftLogWorker] DEBUG segmented.SegmentedRaftLogWorker (SegmentedRaftLogWorker.java:flushIfNecessary(365)) - s0@group-EF46AB43B6D1-SegmentedRaftLogWorker: flush SegmentedRaftLogOutputStream(/home/runner/work/ratis/ratis/ratis-test/target/test/data/7931f2a6/MiniRaftClusterWithGrpc6c3cfa42/s0/d33854d5-690d-4a13-9a9e-ef46ab43b6d1/current/log_inprogress_0)
2022-07-14 15:51:54,519 [s0@group-EF46AB43B6D1-LeaderStateImpl] TRACE segmented.SegmentedRaftLogCache (AutoCloseableReadWriteLock.java:logLocking(65)) - s0@group-EF46AB43B6D1: readLock ACQUIRED 1 by SegmentedRaftLogCache.getStartIndex
2022-07-14 15:51:54,519 [s0@group-EF46AB43B6D1-LeaderStateImpl] TRACE segmented.SegmentedRaftLogCache (AutoCloseableReadWriteLock.java:logLocking(65)) -   s0@group-EF46AB43B6D1: readLock ACQUIRED 2 by SegmentedRaftLogCache$LogSegmentList.isEmpty
2022-07-14 15:51:54,519 [s0@group-EF46AB43B6D1-LeaderStateImpl] TRACE segmented.SegmentedRaftLogCache (AutoCloseableReadWriteLock.java:logLocking(65)) -   s0@group-EF46AB43B6D1: readLock RELEASED 1 by SegmentedRaftLogCache$LogSegmentList.isEmpty
2022-07-14 15:51:54,519 [s0@group-EF46AB43B6D1-LeaderStateImpl] TRACE segmented.SegmentedRaftLogCache (AutoCloseableReadWriteLock.java:logLocking(65)) - s0@group-EF46AB43B6D1: readLock RELEASED 0 by SegmentedRaftLogCache.getStartIndex
2022-07-14 15:51:54,519 [s0@group-EF46AB43B6D1-LeaderStateImpl] TRACE segmented.SegmentedRaftLogCache (AutoCloseableReadWriteLock.java:logLocking(65)) - s0@group-EF46AB43B6D1: readLock ACQUIRED 1 by SegmentedRaftLogCache.getEndIndex
2022-07-14 15:51:54,519 [s0@group-EF46AB43B6D1-LeaderStateImpl] TRACE segmented.SegmentedRaftLogCache (AutoCloseableReadWriteLock.java:logLocking(65)) - s0@group-EF46AB43B6D1: readLock RELEASED 0 by SegmentedRaftLogCache.getEndIndex
2022-07-14 15:51:54,520 [s0@group-EF46AB43B6D1-LeaderStateImpl] TRACE segmented.SegmentedRaftLogCache (AutoCloseableReadWriteLock.java:logLocking(65)) - s0@group-EF46AB43B6D1: readLock ACQUIRED 1 by SegmentedRaftLogCache$LogSegmentList.getTermIndex
2022-07-14 15:51:54,520 [s0@group-EF46AB43B6D1-LeaderStateImpl] TRACE segmented.SegmentedRaftLogCache (AutoCloseableReadWriteLock.java:logLocking(65)) - s0@group-EF46AB43B6D1: readLock RELEASED 0 by SegmentedRaftLogCache$LogSegmentList.getTermIndex
2022-07-14 15:51:54,520 [s0@group-EF46AB43B6D1-LeaderStateImpl] TRACE segmented.SegmentedRaftLogCache (AutoCloseableReadWriteLock.java:logLocking(65)) - s0@group-EF46AB43B6D1: readLock ACQUIRED 1 by SegmentedRaftLogCache.getStartIndex
2022-07-14 15:51:54,520 [s0@group-EF46AB43B6D1-LeaderStateImpl] TRACE segmented.SegmentedRaftLogCache (AutoCloseableReadWriteLock.java:logLocking(65)) -   s0@group-EF46AB43B6D1: readLock ACQUIRED 2 by SegmentedRaftLogCache$LogSegmentList.isEmpty
2022-07-14 15:51:54,520 [s0@group-EF46AB43B6D1-LeaderStateImpl] TRACE segmented.SegmentedRaftLogCache (AutoCloseableReadWriteLock.java:logLocking(65)) -   s0@group-EF46AB43B6D1: readLock RELEASED 1 by SegmentedRaftLogCache$LogSegmentList.isEmpty
2022-07-14 15:51:54,520 [s0@group-EF46AB43B6D1-LeaderStateImpl] TRACE segmented.SegmentedRaftLogCache (AutoCloseableReadWriteLock.java:logLocking(65)) - s0@group-EF46AB43B6D1: readLock RELEASED 0 by SegmentedRaftLogCache.getStartIndex
2022-07-14 15:51:54,520 [s0@group-EF46AB43B6D1-LeaderStateImpl] TRACE segmented.SegmentedRaftLogCache (AutoCloseableReadWriteLock.java:logLocking(65)) - s0@group-EF46AB43B6D1: readLock ACQUIRED 1 by SegmentedRaftLogCache.getEndIndex
2022-07-14 15:51:54,520 [s0@group-EF46AB43B6D1-LeaderStateImpl] TRACE segmented.SegmentedRaftLogCache (AutoCloseableReadWriteLock.java:logLocking(65)) - s0@group-EF46AB43B6D1: readLock RELEASED 0 by SegmentedRaftLogCache.getEndIndex
2022-07-14 15:51:54,520 [s0@group-EF46AB43B6D1-LeaderStateImpl] TRACE segmented.SegmentedRaftLogCache (AutoCloseableReadWriteLock.java:logLocking(65)) - s0@group-EF46AB43B6D1: readLock ACQUIRED 1 by SegmentedRaftLogCache$LogSegmentList.getTermIndex
2022-07-14 15:51:54,520 [s0@group-EF46AB43B6D1-LeaderStateImpl] TRACE segmented.SegmentedRaftLogCache (AutoCloseableReadWriteLock.java:logLocking(65)) - s0@group-EF46AB43B6D1: readLock RELEASED 0 by SegmentedRaftLogCache$LogSegmentList.getTermIndex
2022-07-14 15:51:54,520 [s0@group-EF46AB43B6D1-StateMachineUpdater] INFO  statemachine.SimpleStateMachine4Testing (SimpleStateMachine4Testing.java:put(204)) - s0: put 133, m66 -> (t:1, i:133), STATEMACHINELOGENTRY, 237@client-64B90517F321
2022-07-14 15:51:54,520 [s0@group-EF46AB43B6D1-LeaderStateImpl] TRACE segmented.SegmentedRaftLogCache (AutoCloseableReadWriteLock.java:logLocking(65)) - s0@group-EF46AB43B6D1: readLock ACQUIRED 1 by SegmentedRaftLogCache.getLastTermIndex
2022-07-14 15:51:54,520 [s0@group-EF46AB43B6D1-LeaderStateImpl] TRACE segmented.SegmentedRaftLogCache (AutoCloseableReadWriteLock.java:logLocking(65)) - s0@group-EF46AB43B6D1: readLock RELEASED 0 by SegmentedRaftLogCache.getLastTermIndex
2022-07-14 15:51:54,520 [s0@group-EF46AB43B6D1-LeaderStateImpl] TRACE segmented.SegmentedRaftLogCache (AutoCloseableReadWriteLock.java:logLocking(65)) - s0@group-EF46AB43B6D1: readLock ACQUIRED 1 by SegmentedRaftLogCache$LogSegmentList.countCached
2022-07-14 15:51:54,520 [s0@group-EF46AB43B6D1-LeaderStateImpl] TRACE segmented.SegmentedRaftLogCache (AutoCloseableReadWriteLock.java:logLocking(65)) - s0@group-EF46AB43B6D1: readLock RELEASED 0 by SegmentedRaftLogCache$LogSegmentList.countCached
2022-07-14 15:51:54,520 [s0@group-EF46AB43B6D1-LeaderStateImpl] TRACE segmented.SegmentedRaftLogCache (AutoCloseableReadWriteLock.java:logLocking(65)) - s0@group-EF46AB43B6D1: readLock ACQUIRED 1 by SegmentedRaftLogCache$LogSegmentList.getTotalCacheSize
2022-07-14 15:51:54,520 [s0@group-EF46AB43B6D1-LeaderStateImpl] TRACE segmented.SegmentedRaftLogCache (AutoCloseableReadWriteLock.java:logLocking(65)) - s0@group-EF46AB43B6D1: readLock RELEASED 0 by SegmentedRaftLogCache$LogSegmentList.getTotalCacheSize
2022-07-14 15:51:54,520 [s0@group-EF46AB43B6D1-LeaderStateImpl] DEBUG segmented.SegmentedRaftLogWorker (SegmentedRaftLogWorker.java:addIOTask(270)) - s0@group-EF46AB43B6D1-SegmentedRaftLogWorker adds IO task WriteLog:134: (t:1, i:134), METADATAENTRY(c:133)
2022-07-14 15:51:54,521 [s0@group-EF46AB43B6D1-SegmentedRaftLogWorker] DEBUG segmented.SegmentedRaftLogWorker (SegmentedRaftLogWorker.java:flushIfNecessary(365)) - s0@group-EF46AB43B6D1-SegmentedRaftLogWorker: flush SegmentedRaftLogOutputStream(/home/runner/work/ratis/ratis/ratis-test/target/test/data/7931f2a6/MiniRaftClusterWithGrpc6c3cfa42/s0/d33854d5-690d-4a13-9a9e-ef46ab43b6d1/current/log_inprogress_0)
2022-07-14 15:51:54,521 [s0-client-thread1] TRACE segmented.SegmentedRaftLogCache (AutoCloseableReadWriteLock.java:logLocking(65)) - s0@group-EF46AB43B6D1: readLock ACQUIRED 1 by SegmentedRaftLogCache.getLastTermIndex
2022-07-14 15:51:54,521 [s0-client-thread1] TRACE segmented.SegmentedRaftLogCache (AutoCloseableReadWriteLock.java:logLocking(65)) - s0@group-EF46AB43B6D1: readLock RELEASED 0 by SegmentedRaftLogCache.getLastTermIndex
2022-07-14 15:51:54,522 [s0-client-thread1] TRACE segmented.SegmentedRaftLogCache (AutoCloseableReadWriteLock.java:logLocking(65)) - s0@group-EF46AB43B6D1: readLock ACQUIRED 1 by SegmentedRaftLogCache.getLastTermIndex
2022-07-14 15:51:54,522 [s0-client-thread1] TRACE segmented.SegmentedRaftLogCache (AutoCloseableReadWriteLock.java:logLocking(65)) - s0@group-EF46AB43B6D1: readLock RELEASED 0 by SegmentedRaftLogCache.getLastTermIndex
2022-07-14 15:51:54,522 [s0-client-thread1] TRACE segmented.SegmentedRaftLogCache (AutoCloseableReadWriteLock.java:logLocking(65)) - s0@group-EF46AB43B6D1: readLock ACQUIRED 1 by SegmentedRaftLogCache$LogSegmentList.countCached
2022-07-14 15:51:54,522 [s0-client-thread1] TRACE segmented.SegmentedRaftLogCache (AutoCloseableReadWriteLock.java:logLocking(65)) - s0@group-EF46AB43B6D1: readLock RELEASED 0 by SegmentedRaftLogCache$LogSegmentList.countCached
2022-07-14 15:51:54,522 [s0-client-thread1] TRACE segmented.SegmentedRaftLogCache (AutoCloseableReadWriteLock.java:logLocking(65)) - s0@group-EF46AB43B6D1: readLock ACQUIRED 1 by SegmentedRaftLogCache$LogSegmentList.getTotalCacheSize
2022-07-14 15:51:54,522 [s0-client-thread1] TRACE segmented.SegmentedRaftLogCache (AutoCloseableReadWriteLock.java:logLocking(65)) - s0@group-EF46AB43B6D1: readLock RELEASED 0 by SegmentedRaftLogCache$LogSegmentList.getTotalCacheSize
2022-07-14 15:51:54,522 [s0-client-thread1] DEBUG segmented.SegmentedRaftLogWorker (SegmentedRaftLogWorker.java:addIOTask(270)) - s0@group-EF46AB43B6D1-SegmentedRaftLogWorker adds IO task WriteLog:135: (t:1, i:135), STATEMACHINELOGENTRY, StateMachineLogEntryProto:238@client-64B90517F321
2022-07-14 15:51:54,522 [s0@group-EF46AB43B6D1-SegmentedRaftLogWorker] DEBUG segmented.SegmentedRaftLogWorker (SegmentedRaftLogWorker.java:flushIfNecessary(365)) - s0@group-EF46AB43B6D1-SegmentedRaftLogWorker: flush SegmentedRaftLogOutputStream(/home/runner/work/ratis/ratis/ratis-test/target/test/data/7931f2a6/MiniRaftClusterWithGrpc6c3cfa42/s0/d33854d5-690d-4a13-9a9e-ef46ab43b6d1/current/log_inprogress_0)
2022-07-14 15:51:54,522 [s0@group-EF46AB43B6D1-LeaderStateImpl] TRACE segmented.SegmentedRaftLogCache (AutoCloseableReadWriteLock.java:logLocking(65)) - s0@group-EF46AB43B6D1: readLock ACQUIRED 1 by SegmentedRaftLogCache.getStartIndex
2022-07-14 15:51:54,522 [s0@group-EF46AB43B6D1-LeaderStateImpl] TRACE segmented.SegmentedRaftLogCache (AutoCloseableReadWriteLock.java:logLocking(65)) -   s0@group-EF46AB43B6D1: readLock ACQUIRED 2 by SegmentedRaftLogCache$LogSegmentList.isEmpty
2022-07-14 15:51:54,522 [s0@group-EF46AB43B6D1-LeaderStateImpl] TRACE segmented.SegmentedRaftLogCache (AutoCloseableReadWriteLock.java:logLocking(65)) -   s0@group-EF46AB43B6D1: readLock RELEASED 1 by SegmentedRaftLogCache$LogSegmentList.isEmpty
2022-07-14 15:51:54,522 [s0@group-EF46AB43B6D1-LeaderStateImpl] TRACE segmented.SegmentedRaftLogCache (AutoCloseableReadWriteLock.java:logLocking(65)) - s0@group-EF46AB43B6D1: readLock RELEASED 0 by SegmentedRaftLogCache.getStartIndex
2022-07-14 15:51:54,522 [s0@group-EF46AB43B6D1-LeaderStateImpl] TRACE segmented.SegmentedRaftLogCache (AutoCloseableReadWriteLock.java:logLocking(65)) - s0@group-EF46AB43B6D1: readLock ACQUIRED 1 by SegmentedRaftLogCache.getEndIndex
2022-07-14 15:51:54,522 [s0@group-EF46AB43B6D1-LeaderStateImpl] TRACE segmented.SegmentedRaftLogCache (AutoCloseableReadWriteLock.java:logLocking(65)) - s0@group-EF46AB43B6D1: readLock RELEASED 0 by SegmentedRaftLogCache.getEndIndex
2022-07-14 15:51:54,522 [s0@group-EF46AB43B6D1-LeaderStateImpl] TRACE segmented.SegmentedRaftLogCache (AutoCloseableReadWriteLock.java:logLocking(65)) - s0@group-EF46AB43B6D1: readLock ACQUIRED 1 by SegmentedRaftLogCache$LogSegmentList.getTermIndex
2022-07-14 15:51:54,522 [s0@group-EF46AB43B6D1-LeaderStateImpl] TRACE segmented.SegmentedRaftLogCache (AutoCloseableReadWriteLock.java:logLocking(65)) - s0@group-EF46AB43B6D1: readLock RELEASED 0 by SegmentedRaftLogCache$LogSegmentList.getTermIndex
2022-07-14 15:51:54,522 [s0@group-EF46AB43B6D1-LeaderStateImpl] TRACE segmented.SegmentedRaftLogCache (AutoCloseableReadWriteLock.java:logLocking(65)) - s0@group-EF46AB43B6D1: readLock ACQUIRED 1 by SegmentedRaftLogCache.getStartIndex
2022-07-14 15:51:54,522 [s0@group-EF46AB43B6D1-LeaderStateImpl] TRACE segmented.SegmentedRaftLogCache (AutoCloseableReadWriteLock.java:logLocking(65)) -   s0@group-EF46AB43B6D1: readLock ACQUIRED 2 by SegmentedRaftLogCache$LogSegmentList.isEmpty
2022-07-14 15:51:54,522 [s0@group-EF46AB43B6D1-LeaderStateImpl] TRACE segmented.SegmentedRaftLogCache (AutoCloseableReadWriteLock.java:logLocking(65)) -   s0@group-EF46AB43B6D1: readLock RELEASED 1 by SegmentedRaftLogCache$LogSegmentList.isEmpty
2022-07-14 15:51:54,522 [s0@group-EF46AB43B6D1-LeaderStateImpl] TRACE segmented.SegmentedRaftLogCache (AutoCloseableReadWriteLock.java:logLocking(65)) - s0@group-EF46AB43B6D1: readLock RELEASED 0 by SegmentedRaftLogCache.getStartIndex
2022-07-14 15:51:54,522 [s0@group-EF46AB43B6D1-LeaderStateImpl] TRACE segmented.SegmentedRaftLogCache (AutoCloseableReadWriteLock.java:logLocking(65)) - s0@group-EF46AB43B6D1: readLock ACQUIRED 1 by SegmentedRaftLogCache.getEndIndex
2022-07-14 15:51:54,523 [s0@group-EF46AB43B6D1-LeaderStateImpl] TRACE segmented.SegmentedRaftLogCache (AutoCloseableReadWriteLock.java:logLocking(65)) - s0@group-EF46AB43B6D1: readLock RELEASED 0 by SegmentedRaftLogCache.getEndIndex
2022-07-14 15:51:54,523 [s0@group-EF46AB43B6D1-LeaderStateImpl] TRACE segmented.SegmentedRaftLogCache (AutoCloseableReadWriteLock.java:logLocking(65)) - s0@group-EF46AB43B6D1: readLock ACQUIRED 1 by SegmentedRaftLogCache$LogSegmentList.getTermIndex
2022-07-14 15:51:54,523 [s0@group-EF46AB43B6D1-LeaderStateImpl] TRACE segmented.SegmentedRaftLogCache (AutoCloseableReadWriteLock.java:logLocking(65)) - s0@group-EF46AB43B6D1: readLock RELEASED 0 by SegmentedRaftLogCache$LogSegmentList.getTermIndex
2022-07-14 15:51:54,523 [s0@group-EF46AB43B6D1-StateMachineUpdater] INFO  statemachine.SimpleStateMachine4Testing (SimpleStateMachine4Testing.java:put(204)) - s0: put 135, m67 -> (t:1, i:135), STATEMACHINELOGENTRY, 238@client-64B90517F321
2022-07-14 15:51:54,524 [s0@group-EF46AB43B6D1-LeaderStateImpl] TRACE segmented.SegmentedRaftLogCache (AutoCloseableReadWriteLock.java:logLocking(65)) - s0@group-EF46AB43B6D1: readLock ACQUIRED 1 by SegmentedRaftLogCache.getLastTermIndex
2022-07-14 15:51:54,524 [s0@group-EF46AB43B6D1-LeaderStateImpl] TRACE segmented.SegmentedRaftLogCache (AutoCloseableReadWriteLock.java:logLocking(65)) - s0@group-EF46AB43B6D1: readLock RELEASED 0 by SegmentedRaftLogCache.getLastTermIndex
2022-07-14 15:51:54,524 [s0@group-EF46AB43B6D1-LeaderStateImpl] TRACE segmented.SegmentedRaftLogCache (AutoCloseableReadWriteLock.java:logLocking(65)) - s0@group-EF46AB43B6D1: readLock ACQUIRED 1 by SegmentedRaftLogCache$LogSegmentList.countCached
2022-07-14 15:51:54,524 [s0@group-EF46AB43B6D1-LeaderStateImpl] TRACE segmented.SegmentedRaftLogCache (AutoCloseableReadWriteLock.java:logLocking(65)) - s0@group-EF46AB43B6D1: readLock RELEASED 0 by SegmentedRaftLogCache$LogSegmentList.countCached
2022-07-14 15:51:54,525 [s0@group-EF46AB43B6D1-LeaderStateImpl] TRACE segmented.SegmentedRaftLogCache (AutoCloseableReadWriteLock.java:logLocking(65)) - s0@group-EF46AB43B6D1: readLock ACQUIRED 1 by SegmentedRaftLogCache$LogSegmentList.getTotalCacheSize
2022-07-14 15:51:54,525 [s0@group-EF46AB43B6D1-LeaderStateImpl] TRACE segmented.SegmentedRaftLogCache (AutoCloseableReadWriteLock.java:logLocking(65)) - s0@group-EF46AB43B6D1: readLock RELEASED 0 by SegmentedRaftLogCache$LogSegmentList.getTotalCacheSize
2022-07-14 15:51:54,525 [s0@group-EF46AB43B6D1-LeaderStateImpl] DEBUG segmented.SegmentedRaftLogWorker (SegmentedRaftLogWorker.java:addIOTask(270)) - s0@group-EF46AB43B6D1-SegmentedRaftLogWorker adds IO task WriteLog:136: (t:1, i:136), METADATAENTRY(c:135)
2022-07-14 15:51:54,525 [s0@group-EF46AB43B6D1-SegmentedRaftLogWorker] DEBUG segmented.SegmentedRaftLogWorker (SegmentedRaftLogWorker.java:flushIfNecessary(365)) - s0@group-EF46AB43B6D1-SegmentedRaftLogWorker: flush SegmentedRaftLogOutputStream(/home/runner/work/ratis/ratis/ratis-test/target/test/data/7931f2a6/MiniRaftClusterWithGrpc6c3cfa42/s0/d33854d5-690d-4a13-9a9e-ef46ab43b6d1/current/log_inprogress_0)
2022-07-14 15:51:54,525 [s0-client-thread1] TRACE segmented.SegmentedRaftLogCache (AutoCloseableReadWriteLock.java:logLocking(65)) - s0@group-EF46AB43B6D1: readLock ACQUIRED 1 by SegmentedRaftLogCache.getLastTermIndex
2022-07-14 15:51:54,525 [s0-client-thread1] TRACE segmented.SegmentedRaftLogCache (AutoCloseableReadWriteLock.java:logLocking(65)) - s0@group-EF46AB43B6D1: readLock RELEASED 0 by SegmentedRaftLogCache.getLastTermIndex
2022-07-14 15:51:54,525 [s0-client-thread1] TRACE segmented.SegmentedRaftLogCache (AutoCloseableReadWriteLock.java:logLocking(65)) - s0@group-EF46AB43B6D1: readLock ACQUIRED 1 by SegmentedRaftLogCache.getLastTermIndex
2022-07-14 15:51:54,525 [s0-client-thread1] TRACE segmented.SegmentedRaftLogCache (AutoCloseableReadWriteLock.java:logLocking(65)) - s0@group-EF46AB43B6D1: readLock RELEASED 0 by SegmentedRaftLogCache.getLastTermIndex
2022-07-14 15:51:54,525 [s0-client-thread1] TRACE segmented.SegmentedRaftLogCache (AutoCloseableReadWriteLock.java:logLocking(65)) - s0@group-EF46AB43B6D1: readLock ACQUIRED 1 by SegmentedRaftLogCache$LogSegmentList.countCached
2022-07-14 15:51:54,525 [s0-client-thread1] TRACE segmented.SegmentedRaftLogCache (AutoCloseableReadWriteLock.java:logLocking(65)) - s0@group-EF46AB43B6D1: readLock RELEASED 0 by SegmentedRaftLogCache$LogSegmentList.countCached
2022-07-14 15:51:54,525 [s0-client-thread1] TRACE segmented.SegmentedRaftLogCache (AutoCloseableReadWriteLock.java:logLocking(65)) - s0@group-EF46AB43B6D1: readLock ACQUIRED 1 by SegmentedRaftLogCache$LogSegmentList.getTotalCacheSize
2022-07-14 15:51:54,525 [s0-client-thread1] TRACE segmented.SegmentedRaftLogCache (AutoCloseableReadWriteLock.java:logLocking(65)) - s0@group-EF46AB43B6D1: readLock RELEASED 0 by SegmentedRaftLogCache$LogSegmentList.getTotalCacheSize
2022-07-14 15:51:54,525 [s0-client-thread1] DEBUG segmented.SegmentedRaftLogWorker (SegmentedRaftLogWorker.java:addIOTask(270)) - s0@group-EF46AB43B6D1-SegmentedRaftLogWorker adds IO task WriteLog:137: (t:1, i:137), STATEMACHINELOGENTRY, StateMachineLogEntryProto:239@client-64B90517F321
2022-07-14 15:51:54,525 [s0@group-EF46AB43B6D1-SegmentedRaftLogWorker] DEBUG segmented.SegmentedRaftLogWorker (SegmentedRaftLogWorker.java:flushIfNecessary(365)) - s0@group-EF46AB43B6D1-SegmentedRaftLogWorker: flush SegmentedRaftLogOutputStream(/home/runner/work/ratis/ratis/ratis-test/target/test/data/7931f2a6/MiniRaftClusterWithGrpc6c3cfa42/s0/d33854d5-690d-4a13-9a9e-ef46ab43b6d1/current/log_inprogress_0)
2022-07-14 15:51:54,525 [s0@group-EF46AB43B6D1-LeaderStateImpl] TRACE segmented.SegmentedRaftLogCache (AutoCloseableReadWriteLock.java:logLocking(65)) - s0@group-EF46AB43B6D1: readLock ACQUIRED 1 by SegmentedRaftLogCache.getStartIndex
2022-07-14 15:51:54,526 [s0@group-EF46AB43B6D1-LeaderStateImpl] TRACE segmented.SegmentedRaftLogCache (AutoCloseableReadWriteLock.java:logLocking(65)) -   s0@group-EF46AB43B6D1: readLock ACQUIRED 2 by SegmentedRaftLogCache$LogSegmentList.isEmpty
2022-07-14 15:51:54,526 [s0@group-EF46AB43B6D1-LeaderStateImpl] TRACE segmented.SegmentedRaftLogCache (AutoCloseableReadWriteLock.java:logLocking(65)) -   s0@group-EF46AB43B6D1: readLock RELEASED 1 by SegmentedRaftLogCache$LogSegmentList.isEmpty
2022-07-14 15:51:54,526 [s0@group-EF46AB43B6D1-LeaderStateImpl] TRACE segmented.SegmentedRaftLogCache (AutoCloseableReadWriteLock.java:logLocking(65)) - s0@group-EF46AB43B6D1: readLock RELEASED 0 by SegmentedRaftLogCache.getStartIndex
2022-07-14 15:51:54,526 [s0@group-EF46AB43B6D1-LeaderStateImpl] TRACE segmented.SegmentedRaftLogCache (AutoCloseableReadWriteLock.java:logLocking(65)) - s0@group-EF46AB43B6D1: readLock ACQUIRED 1 by SegmentedRaftLogCache.getEndIndex
2022-07-14 15:51:54,526 [s0@group-EF46AB43B6D1-LeaderStateImpl] TRACE segmented.SegmentedRaftLogCache (AutoCloseableReadWriteLock.java:logLocking(65)) - s0@group-EF46AB43B6D1: readLock RELEASED 0 by SegmentedRaftLogCache.getEndIndex
2022-07-14 15:51:54,526 [s0@group-EF46AB43B6D1-LeaderStateImpl] TRACE segmented.SegmentedRaftLogCache (AutoCloseableReadWriteLock.java:logLocking(65)) - s0@group-EF46AB43B6D1: readLock ACQUIRED 1 by SegmentedRaftLogCache$LogSegmentList.getTermIndex
2022-07-14 15:51:54,526 [s0@group-EF46AB43B6D1-LeaderStateImpl] TRACE segmented.SegmentedRaftLogCache (AutoCloseableReadWriteLock.java:logLocking(65)) - s0@group-EF46AB43B6D1: readLock RELEASED 0 by SegmentedRaftLogCache$LogSegmentList.getTermIndex
2022-07-14 15:51:54,526 [s0@group-EF46AB43B6D1-LeaderStateImpl] TRACE segmented.SegmentedRaftLogCache (AutoCloseableReadWriteLock.java:logLocking(65)) - s0@group-EF46AB43B6D1: readLock ACQUIRED 1 by SegmentedRaftLogCache.getStartIndex
2022-07-14 15:51:54,526 [s0@group-EF46AB43B6D1-LeaderStateImpl] TRACE segmented.SegmentedRaftLogCache (AutoCloseableReadWriteLock.java:logLocking(65)) -   s0@group-EF46AB43B6D1: readLock ACQUIRED 2 by SegmentedRaftLogCache$LogSegmentList.isEmpty
2022-07-14 15:51:54,526 [s0@group-EF46AB43B6D1-LeaderStateImpl] TRACE segmented.SegmentedRaftLogCache (AutoCloseableReadWriteLock.java:logLocking(65)) -   s0@group-EF46AB43B6D1: readLock RELEASED 1 by SegmentedRaftLogCache$LogSegmentList.isEmpty
2022-07-14 15:51:54,526 [s0@group-EF46AB43B6D1-LeaderStateImpl] TRACE segmented.SegmentedRaftLogCache (AutoCloseableReadWriteLock.java:logLocking(65)) - s0@group-EF46AB43B6D1: readLock RELEASED 0 by SegmentedRaftLogCache.getStartIndex
2022-07-14 15:51:54,526 [s0@group-EF46AB43B6D1-LeaderStateImpl] TRACE segmented.SegmentedRaftLogCache (AutoCloseableReadWriteLock.java:logLocking(65)) - s0@group-EF46AB43B6D1: readLock ACQUIRED 1 by SegmentedRaftLogCache.getEndIndex
2022-07-14 15:51:54,526 [s0@group-EF46AB43B6D1-LeaderStateImpl] TRACE segmented.SegmentedRaftLogCache (AutoCloseableReadWriteLock.java:logLocking(65)) - s0@group-EF46AB43B6D1: readLock RELEASED 0 by SegmentedRaftLogCache.getEndIndex
2022-07-14 15:51:54,526 [s0@group-EF46AB43B6D1-LeaderStateImpl] TRACE segmented.SegmentedRaftLogCache (AutoCloseableReadWriteLock.java:logLocking(65)) - s0@group-EF46AB43B6D1: readLock ACQUIRED 1 by SegmentedRaftLogCache$LogSegmentList.getTermIndex
2022-07-14 15:51:54,526 [s0@group-EF46AB43B6D1-LeaderStateImpl] TRACE segmented.SegmentedRaftLogCache (AutoCloseableReadWriteLock.java:logLocking(65)) - s0@group-EF46AB43B6D1: readLock RELEASED 0 by SegmentedRaftLogCache$LogSegmentList.getTermIndex
2022-07-14 15:51:54,526 [s0@group-EF46AB43B6D1-StateMachineUpdater] INFO  statemachine.SimpleStateMachine4Testing (SimpleStateMachine4Testing.java:put(204)) - s0: put 137, m68 -> (t:1, i:137), STATEMACHINELOGENTRY, 239@client-64B90517F321
2022-07-14 15:51:54,526 [s0@group-EF46AB43B6D1-LeaderStateImpl] TRACE segmented.SegmentedRaftLogCache (AutoCloseableReadWriteLock.java:logLocking(65)) - s0@group-EF46AB43B6D1: readLock ACQUIRED 1 by SegmentedRaftLogCache.getLastTermIndex
2022-07-14 15:51:54,526 [s0@group-EF46AB43B6D1-LeaderStateImpl] TRACE segmented.SegmentedRaftLogCache (AutoCloseableReadWriteLock.java:logLocking(65)) - s0@group-EF46AB43B6D1: readLock RELEASED 0 by SegmentedRaftLogCache.getLastTermIndex
2022-07-14 15:51:54,527 [s0@group-EF46AB43B6D1-LeaderStateImpl] TRACE segmented.SegmentedRaftLogCache (AutoCloseableReadWriteLock.java:logLocking(65)) - s0@group-EF46AB43B6D1: readLock ACQUIRED 1 by SegmentedRaftLogCache$LogSegmentList.countCached
2022-07-14 15:51:54,527 [s0@group-EF46AB43B6D1-LeaderStateImpl] TRACE segmented.SegmentedRaftLogCache (AutoCloseableReadWriteLock.java:logLocking(65)) - s0@group-EF46AB43B6D1: readLock RELEASED 0 by SegmentedRaftLogCache$LogSegmentList.countCached
2022-07-14 15:51:54,527 [s0@group-EF46AB43B6D1-LeaderStateImpl] TRACE segmented.SegmentedRaftLogCache (AutoCloseableReadWriteLock.java:logLocking(65)) - s0@group-EF46AB43B6D1: readLock ACQUIRED 1 by SegmentedRaftLogCache$LogSegmentList.getTotalCacheSize
2022-07-14 15:51:54,527 [s0@group-EF46AB43B6D1-LeaderStateImpl] TRACE segmented.SegmentedRaftLogCache (AutoCloseableReadWriteLock.java:logLocking(65)) - s0@group-EF46AB43B6D1: readLock RELEASED 0 by SegmentedRaftLogCache$LogSegmentList.getTotalCacheSize
2022-07-14 15:51:54,527 [s0@group-EF46AB43B6D1-LeaderStateImpl] DEBUG segmented.SegmentedRaftLogWorker (SegmentedRaftLogWorker.java:addIOTask(270)) - s0@group-EF46AB43B6D1-SegmentedRaftLogWorker adds IO task WriteLog:138: (t:1, i:138), METADATAENTRY(c:137)
2022-07-14 15:51:54,527 [s0@group-EF46AB43B6D1-SegmentedRaftLogWorker] DEBUG segmented.SegmentedRaftLogWorker (SegmentedRaftLogWorker.java:flushIfNecessary(365)) - s0@group-EF46AB43B6D1-SegmentedRaftLogWorker: flush SegmentedRaftLogOutputStream(/home/runner/work/ratis/ratis/ratis-test/target/test/data/7931f2a6/MiniRaftClusterWithGrpc6c3cfa42/s0/d33854d5-690d-4a13-9a9e-ef46ab43b6d1/current/log_inprogress_0)
2022-07-14 15:51:54,527 [s0@group-EF46AB43B6D1-LeaderStateImpl] TRACE segmented.SegmentedRaftLogCache (AutoCloseableReadWriteLock.java:logLocking(65)) - s0@group-EF46AB43B6D1: readLock ACQUIRED 1 by SegmentedRaftLogCache.getStartIndex
2022-07-14 15:51:54,527 [s0@group-EF46AB43B6D1-LeaderStateImpl] TRACE segmented.SegmentedRaftLogCache (AutoCloseableReadWriteLock.java:logLocking(65)) -   s0@group-EF46AB43B6D1: readLock ACQUIRED 2 by SegmentedRaftLogCache$LogSegmentList.isEmpty
2022-07-14 15:51:54,527 [s0@group-EF46AB43B6D1-LeaderStateImpl] TRACE segmented.SegmentedRaftLogCache (AutoCloseableReadWriteLock.java:logLocking(65)) -   s0@group-EF46AB43B6D1: readLock RELEASED 1 by SegmentedRaftLogCache$LogSegmentList.isEmpty
2022-07-14 15:51:54,527 [s0@group-EF46AB43B6D1-LeaderStateImpl] TRACE segmented.SegmentedRaftLogCache (AutoCloseableReadWriteLock.java:logLocking(65)) - s0@group-EF46AB43B6D1: readLock RELEASED 0 by SegmentedRaftLogCache.getStartIndex
2022-07-14 15:51:54,527 [s0@group-EF46AB43B6D1-LeaderStateImpl] TRACE segmented.SegmentedRaftLogCache (AutoCloseableReadWriteLock.java:logLocking(65)) - s0@group-EF46AB43B6D1: readLock ACQUIRED 1 by SegmentedRaftLogCache.getEndIndex
2022-07-14 15:51:54,527 [s0@group-EF46AB43B6D1-LeaderStateImpl] TRACE segmented.SegmentedRaftLogCache (AutoCloseableReadWriteLock.java:logLocking(65)) - s0@group-EF46AB43B6D1: readLock RELEASED 0 by SegmentedRaftLogCache.getEndIndex
2022-07-14 15:51:54,527 [s0@group-EF46AB43B6D1-LeaderStateImpl] TRACE segmented.SegmentedRaftLogCache (AutoCloseableReadWriteLock.java:logLocking(65)) - s0@group-EF46AB43B6D1: readLock ACQUIRED 1 by SegmentedRaftLogCache$LogSegmentList.getTermIndex
2022-07-14 15:51:54,527 [s0@group-EF46AB43B6D1-LeaderStateImpl] TRACE segmented.SegmentedRaftLogCache (AutoCloseableReadWriteLock.java:logLocking(65)) - s0@group-EF46AB43B6D1: readLock RELEASED 0 by SegmentedRaftLogCache$LogSegmentList.getTermIndex
2022-07-14 15:51:54,528 [s0-client-thread1] TRACE segmented.SegmentedRaftLogCache (AutoCloseableReadWriteLock.java:logLocking(65)) - s0@group-EF46AB43B6D1: readLock ACQUIRED 1 by SegmentedRaftLogCache.getLastTermIndex
2022-07-14 15:51:54,528 [s0-client-thread1] TRACE segmented.SegmentedRaftLogCache (AutoCloseableReadWriteLock.java:logLocking(65)) - s0@group-EF46AB43B6D1: readLock RELEASED 0 by SegmentedRaftLogCache.getLastTermIndex
2022-07-14 15:51:54,528 [s0-client-thread1] TRACE segmented.SegmentedRaftLogCache (AutoCloseableReadWriteLock.java:logLocking(65)) - s0@group-EF46AB43B6D1: readLock ACQUIRED 1 by SegmentedRaftLogCache.getLastTermIndex
2022-07-14 15:51:54,528 [s0-client-thread1] TRACE segmented.SegmentedRaftLogCache (AutoCloseableReadWriteLock.java:logLocking(65)) - s0@group-EF46AB43B6D1: readLock RELEASED 0 by SegmentedRaftLogCache.getLastTermIndex
2022-07-14 15:51:54,529 [s0-client-thread1] TRACE segmented.SegmentedRaftLogCache (AutoCloseableReadWriteLock.java:logLocking(65)) - s0@group-EF46AB43B6D1: readLock ACQUIRED 1 by SegmentedRaftLogCache$LogSegmentList.countCached
2022-07-14 15:51:54,529 [s0-client-thread1] TRACE segmented.SegmentedRaftLogCache (AutoCloseableReadWriteLock.java:logLocking(65)) - s0@group-EF46AB43B6D1: readLock RELEASED 0 by SegmentedRaftLogCache$LogSegmentList.countCached
2022-07-14 15:51:54,529 [s0-client-thread1] TRACE segmented.SegmentedRaftLogCache (AutoCloseableReadWriteLock.java:logLocking(65)) - s0@group-EF46AB43B6D1: readLock ACQUIRED 1 by SegmentedRaftLogCache$LogSegmentList.getTotalCacheSize
2022-07-14 15:51:54,529 [s0-client-thread1] TRACE segmented.SegmentedRaftLogCache (AutoCloseableReadWriteLock.java:logLocking(65)) - s0@group-EF46AB43B6D1: readLock RELEASED 0 by SegmentedRaftLogCache$LogSegmentList.getTotalCacheSize
2022-07-14 15:51:54,529 [s0-client-thread1] DEBUG segmented.SegmentedRaftLogWorker (SegmentedRaftLogWorker.java:addIOTask(270)) - s0@group-EF46AB43B6D1-SegmentedRaftLogWorker adds IO task WriteLog:139: (t:1, i:139), STATEMACHINELOGENTRY, StateMachineLogEntryProto:240@client-64B90517F321
2022-07-14 15:51:54,529 [s0@group-EF46AB43B6D1-SegmentedRaftLogWorker] DEBUG segmented.SegmentedRaftLogWorker (SegmentedRaftLogWorker.java:flushIfNecessary(365)) - s0@group-EF46AB43B6D1-SegmentedRaftLogWorker: flush SegmentedRaftLogOutputStream(/home/runner/work/ratis/ratis/ratis-test/target/test/data/7931f2a6/MiniRaftClusterWithGrpc6c3cfa42/s0/d33854d5-690d-4a13-9a9e-ef46ab43b6d1/current/log_inprogress_0)
2022-07-14 15:51:54,529 [s0@group-EF46AB43B6D1-LeaderStateImpl] TRACE segmented.SegmentedRaftLogCache (AutoCloseableReadWriteLock.java:logLocking(65)) - s0@group-EF46AB43B6D1: readLock ACQUIRED 1 by SegmentedRaftLogCache.getStartIndex
2022-07-14 15:51:54,529 [s0@group-EF46AB43B6D1-LeaderStateImpl] TRACE segmented.SegmentedRaftLogCache (AutoCloseableReadWriteLock.java:logLocking(65)) -   s0@group-EF46AB43B6D1: readLock ACQUIRED 2 by SegmentedRaftLogCache$LogSegmentList.isEmpty
2022-07-14 15:51:54,529 [s0@group-EF46AB43B6D1-LeaderStateImpl] TRACE segmented.SegmentedRaftLogCache (AutoCloseableReadWriteLock.java:logLocking(65)) -   s0@group-EF46AB43B6D1: readLock RELEASED 1 by SegmentedRaftLogCache$LogSegmentList.isEmpty
2022-07-14 15:51:54,529 [s0@group-EF46AB43B6D1-LeaderStateImpl] TRACE segmented.SegmentedRaftLogCache (AutoCloseableReadWriteLock.java:logLocking(65)) - s0@group-EF46AB43B6D1: readLock RELEASED 0 by SegmentedRaftLogCache.getStartIndex
2022-07-14 15:51:54,529 [s0@group-EF46AB43B6D1-LeaderStateImpl] TRACE segmented.SegmentedRaftLogCache (AutoCloseableReadWriteLock.java:logLocking(65)) - s0@group-EF46AB43B6D1: readLock ACQUIRED 1 by SegmentedRaftLogCache.getEndIndex
2022-07-14 15:51:54,529 [s0@group-EF46AB43B6D1-LeaderStateImpl] TRACE segmented.SegmentedRaftLogCache (AutoCloseableReadWriteLock.java:logLocking(65)) - s0@group-EF46AB43B6D1: readLock RELEASED 0 by SegmentedRaftLogCache.getEndIndex
2022-07-14 15:51:54,529 [s0@group-EF46AB43B6D1-LeaderStateImpl] TRACE segmented.SegmentedRaftLogCache (AutoCloseableReadWriteLock.java:logLocking(65)) - s0@group-EF46AB43B6D1: readLock ACQUIRED 1 by SegmentedRaftLogCache$LogSegmentList.getTermIndex
2022-07-14 15:51:54,529 [s0@group-EF46AB43B6D1-LeaderStateImpl] TRACE segmented.SegmentedRaftLogCache (AutoCloseableReadWriteLock.java:logLocking(65)) - s0@group-EF46AB43B6D1: readLock RELEASED 0 by SegmentedRaftLogCache$LogSegmentList.getTermIndex
2022-07-14 15:51:54,530 [s0@group-EF46AB43B6D1-LeaderStateImpl] TRACE segmented.SegmentedRaftLogCache (AutoCloseableReadWriteLock.java:logLocking(65)) - s0@group-EF46AB43B6D1: readLock ACQUIRED 1 by SegmentedRaftLogCache.getLastTermIndex
2022-07-14 15:51:54,530 [s0@group-EF46AB43B6D1-LeaderStateImpl] TRACE segmented.SegmentedRaftLogCache (AutoCloseableReadWriteLock.java:logLocking(65)) - s0@group-EF46AB43B6D1: readLock RELEASED 0 by SegmentedRaftLogCache.getLastTermIndex
2022-07-14 15:51:54,530 [s0@group-EF46AB43B6D1-LeaderStateImpl] TRACE segmented.SegmentedRaftLogCache (AutoCloseableReadWriteLock.java:logLocking(65)) - s0@group-EF46AB43B6D1: readLock ACQUIRED 1 by SegmentedRaftLogCache$LogSegmentList.countCached
2022-07-14 15:51:54,530 [s0@group-EF46AB43B6D1-LeaderStateImpl] TRACE segmented.SegmentedRaftLogCache (AutoCloseableReadWriteLock.java:logLocking(65)) - s0@group-EF46AB43B6D1: readLock RELEASED 0 by SegmentedRaftLogCache$LogSegmentList.countCached
2022-07-14 15:51:54,530 [s0@group-EF46AB43B6D1-LeaderStateImpl] TRACE segmented.SegmentedRaftLogCache (AutoCloseableReadWriteLock.java:logLocking(65)) - s0@group-EF46AB43B6D1: readLock ACQUIRED 1 by SegmentedRaftLogCache$LogSegmentList.getTotalCacheSize
2022-07-14 15:51:54,530 [s0@group-EF46AB43B6D1-LeaderStateImpl] TRACE segmented.SegmentedRaftLogCache (AutoCloseableReadWriteLock.java:logLocking(65)) - s0@group-EF46AB43B6D1: readLock RELEASED 0 by SegmentedRaftLogCache$LogSegmentList.getTotalCacheSize
2022-07-14 15:51:54,530 [s0@group-EF46AB43B6D1-LeaderStateImpl] DEBUG segmented.SegmentedRaftLogWorker (SegmentedRaftLogWorker.java:addIOTask(270)) - s0@group-EF46AB43B6D1-SegmentedRaftLogWorker adds IO task WriteLog:140: (t:1, i:140), METADATAENTRY(c:139)
2022-07-14 15:51:54,530 [s0@group-EF46AB43B6D1-SegmentedRaftLogWorker] DEBUG segmented.SegmentedRaftLogWorker (SegmentedRaftLogWorker.java:flushIfNecessary(365)) - s0@group-EF46AB43B6D1-SegmentedRaftLogWorker: flush SegmentedRaftLogOutputStream(/home/runner/work/ratis/ratis/ratis-test/target/test/data/7931f2a6/MiniRaftClusterWithGrpc6c3cfa42/s0/d33854d5-690d-4a13-9a9e-ef46ab43b6d1/current/log_inprogress_0)
2022-07-14 15:51:54,530 [s0@group-EF46AB43B6D1-StateMachineUpdater] INFO  statemachine.SimpleStateMachine4Testing (SimpleStateMachine4Testing.java:put(204)) - s0: put 139, m69 -> (t:1, i:139), STATEMACHINELOGENTRY, 240@client-64B90517F321
2022-07-14 15:51:54,530 [s0@group-EF46AB43B6D1-LeaderStateImpl] TRACE segmented.SegmentedRaftLogCache (AutoCloseableReadWriteLock.java:logLocking(65)) - s0@group-EF46AB43B6D1: readLock ACQUIRED 1 by SegmentedRaftLogCache.getStartIndex
2022-07-14 15:51:54,530 [s0@group-EF46AB43B6D1-LeaderStateImpl] TRACE segmented.SegmentedRaftLogCache (AutoCloseableReadWriteLock.java:logLocking(65)) -   s0@group-EF46AB43B6D1: readLock ACQUIRED 2 by SegmentedRaftLogCache$LogSegmentList.isEmpty
2022-07-14 15:51:54,531 [s0@group-EF46AB43B6D1-LeaderStateImpl] TRACE segmented.SegmentedRaftLogCache (AutoCloseableReadWriteLock.java:logLocking(65)) -   s0@group-EF46AB43B6D1: readLock RELEASED 1 by SegmentedRaftLogCache$LogSegmentList.isEmpty
2022-07-14 15:51:54,531 [s0@group-EF46AB43B6D1-LeaderStateImpl] TRACE segmented.SegmentedRaftLogCache (AutoCloseableReadWriteLock.java:logLocking(65)) - s0@group-EF46AB43B6D1: readLock RELEASED 0 by SegmentedRaftLogCache.getStartIndex
2022-07-14 15:51:54,531 [s0@group-EF46AB43B6D1-LeaderStateImpl] TRACE segmented.SegmentedRaftLogCache (AutoCloseableReadWriteLock.java:logLocking(65)) - s0@group-EF46AB43B6D1: readLock ACQUIRED 1 by SegmentedRaftLogCache.getEndIndex
2022-07-14 15:51:54,531 [s0@group-EF46AB43B6D1-LeaderStateImpl] TRACE segmented.SegmentedRaftLogCache (AutoCloseableReadWriteLock.java:logLocking(65)) - s0@group-EF46AB43B6D1: readLock RELEASED 0 by SegmentedRaftLogCache.getEndIndex
2022-07-14 15:51:54,531 [s0@group-EF46AB43B6D1-LeaderStateImpl] TRACE segmented.SegmentedRaftLogCache (AutoCloseableReadWriteLock.java:logLocking(65)) - s0@group-EF46AB43B6D1: readLock ACQUIRED 1 by SegmentedRaftLogCache$LogSegmentList.getTermIndex
2022-07-14 15:51:54,531 [s0@group-EF46AB43B6D1-LeaderStateImpl] TRACE segmented.SegmentedRaftLogCache (AutoCloseableReadWriteLock.java:logLocking(65)) - s0@group-EF46AB43B6D1: readLock RELEASED 0 by SegmentedRaftLogCache$LogSegmentList.getTermIndex
2022-07-14 15:51:54,531 [s0-client-thread1] TRACE segmented.SegmentedRaftLogCache (AutoCloseableReadWriteLock.java:logLocking(65)) - s0@group-EF46AB43B6D1: readLock ACQUIRED 1 by SegmentedRaftLogCache.getLastTermIndex
2022-07-14 15:51:54,532 [s0-client-thread1] TRACE segmented.SegmentedRaftLogCache (AutoCloseableReadWriteLock.java:logLocking(65)) - s0@group-EF46AB43B6D1: readLock RELEASED 0 by SegmentedRaftLogCache.getLastTermIndex
2022-07-14 15:51:54,532 [s0-client-thread1] TRACE segmented.SegmentedRaftLogCache (AutoCloseableReadWriteLock.java:logLocking(65)) - s0@group-EF46AB43B6D1: readLock ACQUIRED 1 by SegmentedRaftLogCache.getLastTermIndex
2022-07-14 15:51:54,532 [s0-client-thread1] TRACE segmented.SegmentedRaftLogCache (AutoCloseableReadWriteLock.java:logLocking(65)) - s0@group-EF46AB43B6D1: readLock RELEASED 0 by SegmentedRaftLogCache.getLastTermIndex
2022-07-14 15:51:54,532 [s0-client-thread1] TRACE segmented.SegmentedRaftLogCache (AutoCloseableReadWriteLock.java:logLocking(65)) - s0@group-EF46AB43B6D1: readLock ACQUIRED 1 by SegmentedRaftLogCache$LogSegmentList.countCached
2022-07-14 15:51:54,532 [s0-client-thread1] TRACE segmented.SegmentedRaftLogCache (AutoCloseableReadWriteLock.java:logLocking(65)) - s0@group-EF46AB43B6D1: readLock RELEASED 0 by SegmentedRaftLogCache$LogSegmentList.countCached
2022-07-14 15:51:54,532 [s0-client-thread1] TRACE segmented.SegmentedRaftLogCache (AutoCloseableReadWriteLock.java:logLocking(65)) - s0@group-EF46AB43B6D1: readLock ACQUIRED 1 by SegmentedRaftLogCache$LogSegmentList.getTotalCacheSize
2022-07-14 15:51:54,532 [s0-client-thread1] TRACE segmented.SegmentedRaftLogCache (AutoCloseableReadWriteLock.java:logLocking(65)) - s0@group-EF46AB43B6D1: readLock RELEASED 0 by SegmentedRaftLogCache$LogSegmentList.getTotalCacheSize
2022-07-14 15:51:54,532 [s0-client-thread1] DEBUG segmented.SegmentedRaftLogWorker (SegmentedRaftLogWorker.java:addIOTask(270)) - s0@group-EF46AB43B6D1-SegmentedRaftLogWorker adds IO task WriteLog:141: (t:1, i:141), STATEMACHINELOGENTRY, StateMachineLogEntryProto:241@client-64B90517F321
2022-07-14 15:51:54,532 [s0@group-EF46AB43B6D1-SegmentedRaftLogWorker] DEBUG segmented.SegmentedRaftLogWorker (SegmentedRaftLogWorker.java:flushIfNecessary(365)) - s0@group-EF46AB43B6D1-SegmentedRaftLogWorker: flush SegmentedRaftLogOutputStream(/home/runner/work/ratis/ratis/ratis-test/target/test/data/7931f2a6/MiniRaftClusterWithGrpc6c3cfa42/s0/d33854d5-690d-4a13-9a9e-ef46ab43b6d1/current/log_inprogress_0)
2022-07-14 15:51:54,532 [s0@group-EF46AB43B6D1-LeaderStateImpl] TRACE segmented.SegmentedRaftLogCache (AutoCloseableReadWriteLock.java:logLocking(65)) - s0@group-EF46AB43B6D1: readLock ACQUIRED 1 by SegmentedRaftLogCache.getStartIndex
2022-07-14 15:51:54,532 [s0@group-EF46AB43B6D1-LeaderStateImpl] TRACE segmented.SegmentedRaftLogCache (AutoCloseableReadWriteLock.java:logLocking(65)) -   s0@group-EF46AB43B6D1: readLock ACQUIRED 2 by SegmentedRaftLogCache$LogSegmentList.isEmpty
2022-07-14 15:51:54,532 [s0@group-EF46AB43B6D1-LeaderStateImpl] TRACE segmented.SegmentedRaftLogCache (AutoCloseableReadWriteLock.java:logLocking(65)) -   s0@group-EF46AB43B6D1: readLock RELEASED 1 by SegmentedRaftLogCache$LogSegmentList.isEmpty
2022-07-14 15:51:54,532 [s0@group-EF46AB43B6D1-LeaderStateImpl] TRACE segmented.SegmentedRaftLogCache (AutoCloseableReadWriteLock.java:logLocking(65)) - s0@group-EF46AB43B6D1: readLock RELEASED 0 by SegmentedRaftLogCache.getStartIndex
2022-07-14 15:51:54,532 [s0@group-EF46AB43B6D1-LeaderStateImpl] TRACE segmented.SegmentedRaftLogCache (AutoCloseableReadWriteLock.java:logLocking(65)) - s0@group-EF46AB43B6D1: readLock ACQUIRED 1 by SegmentedRaftLogCache.getEndIndex
2022-07-14 15:51:54,532 [s0@group-EF46AB43B6D1-LeaderStateImpl] TRACE segmented.SegmentedRaftLogCache (AutoCloseableReadWriteLock.java:logLocking(65)) - s0@group-EF46AB43B6D1: readLock RELEASED 0 by SegmentedRaftLogCache.getEndIndex
2022-07-14 15:51:54,533 [s0@group-EF46AB43B6D1-LeaderStateImpl] TRACE segmented.SegmentedRaftLogCache (AutoCloseableReadWriteLock.java:logLocking(65)) - s0@group-EF46AB43B6D1: readLock ACQUIRED 1 by SegmentedRaftLogCache$LogSegmentList.getTermIndex
2022-07-14 15:51:54,533 [s0@group-EF46AB43B6D1-LeaderStateImpl] TRACE segmented.SegmentedRaftLogCache (AutoCloseableReadWriteLock.java:logLocking(65)) - s0@group-EF46AB43B6D1: readLock RELEASED 0 by SegmentedRaftLogCache$LogSegmentList.getTermIndex
2022-07-14 15:51:54,533 [s0@group-EF46AB43B6D1-LeaderStateImpl] TRACE segmented.SegmentedRaftLogCache (AutoCloseableReadWriteLock.java:logLocking(65)) - s0@group-EF46AB43B6D1: readLock ACQUIRED 1 by SegmentedRaftLogCache.getLastTermIndex
2022-07-14 15:51:54,533 [s0@group-EF46AB43B6D1-LeaderStateImpl] TRACE segmented.SegmentedRaftLogCache (AutoCloseableReadWriteLock.java:logLocking(65)) - s0@group-EF46AB43B6D1: readLock RELEASED 0 by SegmentedRaftLogCache.getLastTermIndex
2022-07-14 15:51:54,533 [s0@group-EF46AB43B6D1-LeaderStateImpl] TRACE segmented.SegmentedRaftLogCache (AutoCloseableReadWriteLock.java:logLocking(65)) - s0@group-EF46AB43B6D1: readLock ACQUIRED 1 by SegmentedRaftLogCache$LogSegmentList.countCached
2022-07-14 15:51:54,533 [s0@group-EF46AB43B6D1-LeaderStateImpl] TRACE segmented.SegmentedRaftLogCache (AutoCloseableReadWriteLock.java:logLocking(65)) - s0@group-EF46AB43B6D1: readLock RELEASED 0 by SegmentedRaftLogCache$LogSegmentList.countCached
2022-07-14 15:51:54,533 [s0@group-EF46AB43B6D1-LeaderStateImpl] TRACE segmented.SegmentedRaftLogCache (AutoCloseableReadWriteLock.java:logLocking(65)) - s0@group-EF46AB43B6D1: readLock ACQUIRED 1 by SegmentedRaftLogCache$LogSegmentList.getTotalCacheSize
2022-07-14 15:51:54,533 [s0@group-EF46AB43B6D1-LeaderStateImpl] TRACE segmented.SegmentedRaftLogCache (AutoCloseableReadWriteLock.java:logLocking(65)) - s0@group-EF46AB43B6D1: readLock RELEASED 0 by SegmentedRaftLogCache$LogSegmentList.getTotalCacheSize
2022-07-14 15:51:54,533 [s0@group-EF46AB43B6D1-LeaderStateImpl] DEBUG segmented.SegmentedRaftLogWorker (SegmentedRaftLogWorker.java:addIOTask(270)) - s0@group-EF46AB43B6D1-SegmentedRaftLogWorker adds IO task WriteLog:142: (t:1, i:142), METADATAENTRY(c:141)
2022-07-14 15:51:54,533 [s0@group-EF46AB43B6D1-SegmentedRaftLogWorker] DEBUG segmented.SegmentedRaftLogWorker (SegmentedRaftLogWorker.java:flushIfNecessary(365)) - s0@group-EF46AB43B6D1-SegmentedRaftLogWorker: flush SegmentedRaftLogOutputStream(/home/runner/work/ratis/ratis/ratis-test/target/test/data/7931f2a6/MiniRaftClusterWithGrpc6c3cfa42/s0/d33854d5-690d-4a13-9a9e-ef46ab43b6d1/current/log_inprogress_0)
2022-07-14 15:51:54,533 [s0@group-EF46AB43B6D1-StateMachineUpdater] INFO  statemachine.SimpleStateMachine4Testing (SimpleStateMachine4Testing.java:put(204)) - s0: put 141, m70 -> (t:1, i:141), STATEMACHINELOGENTRY, 241@client-64B90517F321
2022-07-14 15:51:54,534 [s0@group-EF46AB43B6D1-LeaderStateImpl] TRACE segmented.SegmentedRaftLogCache (AutoCloseableReadWriteLock.java:logLocking(65)) - s0@group-EF46AB43B6D1: readLock ACQUIRED 1 by SegmentedRaftLogCache.getStartIndex
2022-07-14 15:51:54,534 [s0@group-EF46AB43B6D1-LeaderStateImpl] TRACE segmented.SegmentedRaftLogCache (AutoCloseableReadWriteLock.java:logLocking(65)) -   s0@group-EF46AB43B6D1: readLock ACQUIRED 2 by SegmentedRaftLogCache$LogSegmentList.isEmpty
2022-07-14 15:51:54,534 [s0@group-EF46AB43B6D1-LeaderStateImpl] TRACE segmented.SegmentedRaftLogCache (AutoCloseableReadWriteLock.java:logLocking(65)) -   s0@group-EF46AB43B6D1: readLock RELEASED 1 by SegmentedRaftLogCache$LogSegmentList.isEmpty
2022-07-14 15:51:54,534 [s0@group-EF46AB43B6D1-LeaderStateImpl] TRACE segmented.SegmentedRaftLogCache (AutoCloseableReadWriteLock.java:logLocking(65)) - s0@group-EF46AB43B6D1: readLock RELEASED 0 by SegmentedRaftLogCache.getStartIndex
2022-07-14 15:51:54,534 [s0@group-EF46AB43B6D1-LeaderStateImpl] TRACE segmented.SegmentedRaftLogCache (AutoCloseableReadWriteLock.java:logLocking(65)) - s0@group-EF46AB43B6D1: readLock ACQUIRED 1 by SegmentedRaftLogCache.getEndIndex
2022-07-14 15:51:54,534 [s0@group-EF46AB43B6D1-LeaderStateImpl] TRACE segmented.SegmentedRaftLogCache (AutoCloseableReadWriteLock.java:logLocking(65)) - s0@group-EF46AB43B6D1: readLock RELEASED 0 by SegmentedRaftLogCache.getEndIndex
2022-07-14 15:51:54,534 [s0@group-EF46AB43B6D1-LeaderStateImpl] TRACE segmented.SegmentedRaftLogCache (AutoCloseableReadWriteLock.java:logLocking(65)) - s0@group-EF46AB43B6D1: readLock ACQUIRED 1 by SegmentedRaftLogCache$LogSegmentList.getTermIndex
2022-07-14 15:51:54,534 [s0@group-EF46AB43B6D1-LeaderStateImpl] TRACE segmented.SegmentedRaftLogCache (AutoCloseableReadWriteLock.java:logLocking(65)) - s0@group-EF46AB43B6D1: readLock RELEASED 0 by SegmentedRaftLogCache$LogSegmentList.getTermIndex
2022-07-14 15:51:54,535 [s0-client-thread1] TRACE segmented.SegmentedRaftLogCache (AutoCloseableReadWriteLock.java:logLocking(65)) - s0@group-EF46AB43B6D1: readLock ACQUIRED 1 by SegmentedRaftLogCache.getLastTermIndex
2022-07-14 15:51:54,535 [s0-client-thread1] TRACE segmented.SegmentedRaftLogCache (AutoCloseableReadWriteLock.java:logLocking(65)) - s0@group-EF46AB43B6D1: readLock RELEASED 0 by SegmentedRaftLogCache.getLastTermIndex
2022-07-14 15:51:54,535 [s0-client-thread1] TRACE segmented.SegmentedRaftLogCache (AutoCloseableReadWriteLock.java:logLocking(65)) - s0@group-EF46AB43B6D1: readLock ACQUIRED 1 by SegmentedRaftLogCache.getLastTermIndex
2022-07-14 15:51:54,535 [s0-client-thread1] TRACE segmented.SegmentedRaftLogCache (AutoCloseableReadWriteLock.java:logLocking(65)) - s0@group-EF46AB43B6D1: readLock RELEASED 0 by SegmentedRaftLogCache.getLastTermIndex
2022-07-14 15:51:54,535 [s0-client-thread1] TRACE segmented.SegmentedRaftLogCache (AutoCloseableReadWriteLock.java:logLocking(65)) - s0@group-EF46AB43B6D1: readLock ACQUIRED 1 by SegmentedRaftLogCache$LogSegmentList.countCached
2022-07-14 15:51:54,535 [s0-client-thread1] TRACE segmented.SegmentedRaftLogCache (AutoCloseableReadWriteLock.java:logLocking(65)) - s0@group-EF46AB43B6D1: readLock RELEASED 0 by SegmentedRaftLogCache$LogSegmentList.countCached
2022-07-14 15:51:54,535 [s0-client-thread1] TRACE segmented.SegmentedRaftLogCache (AutoCloseableReadWriteLock.java:logLocking(65)) - s0@group-EF46AB43B6D1: readLock ACQUIRED 1 by SegmentedRaftLogCache$LogSegmentList.getTotalCacheSize
2022-07-14 15:51:54,535 [s0-client-thread1] TRACE segmented.SegmentedRaftLogCache (AutoCloseableReadWriteLock.java:logLocking(65)) - s0@group-EF46AB43B6D1: readLock RELEASED 0 by SegmentedRaftLogCache$LogSegmentList.getTotalCacheSize
2022-07-14 15:51:54,535 [s0-client-thread1] DEBUG segmented.SegmentedRaftLogWorker (SegmentedRaftLogWorker.java:addIOTask(270)) - s0@group-EF46AB43B6D1-SegmentedRaftLogWorker adds IO task WriteLog:143: (t:1, i:143), STATEMACHINELOGENTRY, StateMachineLogEntryProto:242@client-64B90517F321
2022-07-14 15:51:54,535 [s0@group-EF46AB43B6D1-SegmentedRaftLogWorker] DEBUG segmented.SegmentedRaftLogWorker (SegmentedRaftLogWorker.java:flushIfNecessary(365)) - s0@group-EF46AB43B6D1-SegmentedRaftLogWorker: flush SegmentedRaftLogOutputStream(/home/runner/work/ratis/ratis/ratis-test/target/test/data/7931f2a6/MiniRaftClusterWithGrpc6c3cfa42/s0/d33854d5-690d-4a13-9a9e-ef46ab43b6d1/current/log_inprogress_0)
2022-07-14 15:51:54,536 [s0@group-EF46AB43B6D1-LeaderStateImpl] TRACE segmented.SegmentedRaftLogCache (AutoCloseableReadWriteLock.java:logLocking(65)) - s0@group-EF46AB43B6D1: readLock ACQUIRED 1 by SegmentedRaftLogCache.getStartIndex
2022-07-14 15:51:54,536 [s0@group-EF46AB43B6D1-LeaderStateImpl] TRACE segmented.SegmentedRaftLogCache (AutoCloseableReadWriteLock.java:logLocking(65)) -   s0@group-EF46AB43B6D1: readLock ACQUIRED 2 by SegmentedRaftLogCache$LogSegmentList.isEmpty
2022-07-14 15:51:54,536 [s0@group-EF46AB43B6D1-LeaderStateImpl] TRACE segmented.SegmentedRaftLogCache (AutoCloseableReadWriteLock.java:logLocking(65)) -   s0@group-EF46AB43B6D1: readLock RELEASED 1 by SegmentedRaftLogCache$LogSegmentList.isEmpty
2022-07-14 15:51:54,536 [s0@group-EF46AB43B6D1-LeaderStateImpl] TRACE segmented.SegmentedRaftLogCache (AutoCloseableReadWriteLock.java:logLocking(65)) - s0@group-EF46AB43B6D1: readLock RELEASED 0 by SegmentedRaftLogCache.getStartIndex
2022-07-14 15:51:54,536 [s0@group-EF46AB43B6D1-LeaderStateImpl] TRACE segmented.SegmentedRaftLogCache (AutoCloseableReadWriteLock.java:logLocking(65)) - s0@group-EF46AB43B6D1: readLock ACQUIRED 1 by SegmentedRaftLogCache.getEndIndex
2022-07-14 15:51:54,536 [s0@group-EF46AB43B6D1-LeaderStateImpl] TRACE segmented.SegmentedRaftLogCache (AutoCloseableReadWriteLock.java:logLocking(65)) - s0@group-EF46AB43B6D1: readLock RELEASED 0 by SegmentedRaftLogCache.getEndIndex
2022-07-14 15:51:54,536 [s0@group-EF46AB43B6D1-LeaderStateImpl] TRACE segmented.SegmentedRaftLogCache (AutoCloseableReadWriteLock.java:logLocking(65)) - s0@group-EF46AB43B6D1: readLock ACQUIRED 1 by SegmentedRaftLogCache$LogSegmentList.getTermIndex
2022-07-14 15:51:54,536 [s0@group-EF46AB43B6D1-LeaderStateImpl] TRACE segmented.SegmentedRaftLogCache (AutoCloseableReadWriteLock.java:logLocking(65)) - s0@group-EF46AB43B6D1: readLock RELEASED 0 by SegmentedRaftLogCache$LogSegmentList.getTermIndex
2022-07-14 15:51:54,536 [s0@group-EF46AB43B6D1-LeaderStateImpl] TRACE segmented.SegmentedRaftLogCache (AutoCloseableReadWriteLock.java:logLocking(65)) - s0@group-EF46AB43B6D1: readLock ACQUIRED 1 by SegmentedRaftLogCache.getLastTermIndex
2022-07-14 15:51:54,536 [s0@group-EF46AB43B6D1-LeaderStateImpl] TRACE segmented.SegmentedRaftLogCache (AutoCloseableReadWriteLock.java:logLocking(65)) - s0@group-EF46AB43B6D1: readLock RELEASED 0 by SegmentedRaftLogCache.getLastTermIndex
2022-07-14 15:51:54,536 [s0@group-EF46AB43B6D1-LeaderStateImpl] TRACE segmented.SegmentedRaftLogCache (AutoCloseableReadWriteLock.java:logLocking(65)) - s0@group-EF46AB43B6D1: readLock ACQUIRED 1 by SegmentedRaftLogCache$LogSegmentList.countCached
2022-07-14 15:51:54,536 [s0@group-EF46AB43B6D1-LeaderStateImpl] TRACE segmented.SegmentedRaftLogCache (AutoCloseableReadWriteLock.java:logLocking(65)) - s0@group-EF46AB43B6D1: readLock RELEASED 0 by SegmentedRaftLogCache$LogSegmentList.countCached
2022-07-14 15:51:54,536 [s0@group-EF46AB43B6D1-LeaderStateImpl] TRACE segmented.SegmentedRaftLogCache (AutoCloseableReadWriteLock.java:logLocking(65)) - s0@group-EF46AB43B6D1: readLock ACQUIRED 1 by SegmentedRaftLogCache$LogSegmentList.getTotalCacheSize
2022-07-14 15:51:54,536 [s0@group-EF46AB43B6D1-LeaderStateImpl] TRACE segmented.SegmentedRaftLogCache (AutoCloseableReadWriteLock.java:logLocking(65)) - s0@group-EF46AB43B6D1: readLock RELEASED 0 by SegmentedRaftLogCache$LogSegmentList.getTotalCacheSize
2022-07-14 15:51:54,536 [s0@group-EF46AB43B6D1-LeaderStateImpl] DEBUG segmented.SegmentedRaftLogWorker (SegmentedRaftLogWorker.java:addIOTask(270)) - s0@group-EF46AB43B6D1-SegmentedRaftLogWorker adds IO task WriteLog:144: (t:1, i:144), METADATAENTRY(c:143)
2022-07-14 15:51:54,536 [s0@group-EF46AB43B6D1-SegmentedRaftLogWorker] DEBUG segmented.SegmentedRaftLogWorker (SegmentedRaftLogWorker.java:flushIfNecessary(365)) - s0@group-EF46AB43B6D1-SegmentedRaftLogWorker: flush SegmentedRaftLogOutputStream(/home/runner/work/ratis/ratis/ratis-test/target/test/data/7931f2a6/MiniRaftClusterWithGrpc6c3cfa42/s0/d33854d5-690d-4a13-9a9e-ef46ab43b6d1/current/log_inprogress_0)
2022-07-14 15:51:54,537 [s0@group-EF46AB43B6D1-StateMachineUpdater] INFO  statemachine.SimpleStateMachine4Testing (SimpleStateMachine4Testing.java:put(204)) - s0: put 143, m71 -> (t:1, i:143), STATEMACHINELOGENTRY, 242@client-64B90517F321
2022-07-14 15:51:54,537 [s0@group-EF46AB43B6D1-LeaderStateImpl] TRACE segmented.SegmentedRaftLogCache (AutoCloseableReadWriteLock.java:logLocking(65)) - s0@group-EF46AB43B6D1: readLock ACQUIRED 1 by SegmentedRaftLogCache.getStartIndex
2022-07-14 15:51:54,538 [s0@group-EF46AB43B6D1-LeaderStateImpl] TRACE segmented.SegmentedRaftLogCache (AutoCloseableReadWriteLock.java:logLocking(65)) -   s0@group-EF46AB43B6D1: readLock ACQUIRED 2 by SegmentedRaftLogCache$LogSegmentList.isEmpty
2022-07-14 15:51:54,538 [s0@group-EF46AB43B6D1-LeaderStateImpl] TRACE segmented.SegmentedRaftLogCache (AutoCloseableReadWriteLock.java:logLocking(65)) -   s0@group-EF46AB43B6D1: readLock RELEASED 1 by SegmentedRaftLogCache$LogSegmentList.isEmpty
2022-07-14 15:51:54,538 [s0@group-EF46AB43B6D1-LeaderStateImpl] TRACE segmented.SegmentedRaftLogCache (AutoCloseableReadWriteLock.java:logLocking(65)) - s0@group-EF46AB43B6D1: readLock RELEASED 0 by SegmentedRaftLogCache.getStartIndex
2022-07-14 15:51:54,538 [s0@group-EF46AB43B6D1-LeaderStateImpl] TRACE segmented.SegmentedRaftLogCache (AutoCloseableReadWriteLock.java:logLocking(65)) - s0@group-EF46AB43B6D1: readLock ACQUIRED 1 by SegmentedRaftLogCache.getEndIndex
2022-07-14 15:51:54,538 [s0@group-EF46AB43B6D1-LeaderStateImpl] TRACE segmented.SegmentedRaftLogCache (AutoCloseableReadWriteLock.java:logLocking(65)) - s0@group-EF46AB43B6D1: readLock RELEASED 0 by SegmentedRaftLogCache.getEndIndex
2022-07-14 15:51:54,538 [s0@group-EF46AB43B6D1-LeaderStateImpl] TRACE segmented.SegmentedRaftLogCache (AutoCloseableReadWriteLock.java:logLocking(65)) - s0@group-EF46AB43B6D1: readLock ACQUIRED 1 by SegmentedRaftLogCache$LogSegmentList.getTermIndex
2022-07-14 15:51:54,538 [s0@group-EF46AB43B6D1-LeaderStateImpl] TRACE segmented.SegmentedRaftLogCache (AutoCloseableReadWriteLock.java:logLocking(65)) - s0@group-EF46AB43B6D1: readLock RELEASED 0 by SegmentedRaftLogCache$LogSegmentList.getTermIndex
2022-07-14 15:51:54,538 [s0-client-thread1] TRACE segmented.SegmentedRaftLogCache (AutoCloseableReadWriteLock.java:logLocking(65)) - s0@group-EF46AB43B6D1: readLock ACQUIRED 1 by SegmentedRaftLogCache.getLastTermIndex
2022-07-14 15:51:54,539 [s0-client-thread1] TRACE segmented.SegmentedRaftLogCache (AutoCloseableReadWriteLock.java:logLocking(65)) - s0@group-EF46AB43B6D1: readLock RELEASED 0 by SegmentedRaftLogCache.getLastTermIndex
2022-07-14 15:51:54,539 [s0-client-thread1] TRACE segmented.SegmentedRaftLogCache (AutoCloseableReadWriteLock.java:logLocking(65)) - s0@group-EF46AB43B6D1: readLock ACQUIRED 1 by SegmentedRaftLogCache.getLastTermIndex
2022-07-14 15:51:54,539 [s0-client-thread1] TRACE segmented.SegmentedRaftLogCache (AutoCloseableReadWriteLock.java:logLocking(65)) - s0@group-EF46AB43B6D1: readLock RELEASED 0 by SegmentedRaftLogCache.getLastTermIndex
2022-07-14 15:51:54,539 [s0-client-thread1] TRACE segmented.SegmentedRaftLogCache (AutoCloseableReadWriteLock.java:logLocking(65)) - s0@group-EF46AB43B6D1: readLock ACQUIRED 1 by SegmentedRaftLogCache$LogSegmentList.countCached
2022-07-14 15:51:54,539 [s0-client-thread1] TRACE segmented.SegmentedRaftLogCache (AutoCloseableReadWriteLock.java:logLocking(65)) - s0@group-EF46AB43B6D1: readLock RELEASED 0 by SegmentedRaftLogCache$LogSegmentList.countCached
2022-07-14 15:51:54,539 [s0-client-thread1] TRACE segmented.SegmentedRaftLogCache (AutoCloseableReadWriteLock.java:logLocking(65)) - s0@group-EF46AB43B6D1: readLock ACQUIRED 1 by SegmentedRaftLogCache$LogSegmentList.getTotalCacheSize
2022-07-14 15:51:54,539 [s0-client-thread1] TRACE segmented.SegmentedRaftLogCache (AutoCloseableReadWriteLock.java:logLocking(65)) - s0@group-EF46AB43B6D1: readLock RELEASED 0 by SegmentedRaftLogCache$LogSegmentList.getTotalCacheSize
2022-07-14 15:51:54,539 [s0-client-thread1] DEBUG segmented.SegmentedRaftLogWorker (SegmentedRaftLogWorker.java:addIOTask(270)) - s0@group-EF46AB43B6D1-SegmentedRaftLogWorker adds IO task WriteLog:145: (t:1, i:145), STATEMACHINELOGENTRY, StateMachineLogEntryProto:243@client-64B90517F321
2022-07-14 15:51:54,539 [s0@group-EF46AB43B6D1-SegmentedRaftLogWorker] DEBUG segmented.SegmentedRaftLogWorker (SegmentedRaftLogWorker.java:flushIfNecessary(365)) - s0@group-EF46AB43B6D1-SegmentedRaftLogWorker: flush SegmentedRaftLogOutputStream(/home/runner/work/ratis/ratis/ratis-test/target/test/data/7931f2a6/MiniRaftClusterWithGrpc6c3cfa42/s0/d33854d5-690d-4a13-9a9e-ef46ab43b6d1/current/log_inprogress_0)
2022-07-14 15:51:54,539 [s0@group-EF46AB43B6D1-LeaderStateImpl] TRACE segmented.SegmentedRaftLogCache (AutoCloseableReadWriteLock.java:logLocking(65)) - s0@group-EF46AB43B6D1: readLock ACQUIRED 1 by SegmentedRaftLogCache.getStartIndex
2022-07-14 15:51:54,539 [s0@group-EF46AB43B6D1-LeaderStateImpl] TRACE segmented.SegmentedRaftLogCache (AutoCloseableReadWriteLock.java:logLocking(65)) -   s0@group-EF46AB43B6D1: readLock ACQUIRED 2 by SegmentedRaftLogCache$LogSegmentList.isEmpty
2022-07-14 15:51:54,539 [s0@group-EF46AB43B6D1-LeaderStateImpl] TRACE segmented.SegmentedRaftLogCache (AutoCloseableReadWriteLock.java:logLocking(65)) -   s0@group-EF46AB43B6D1: readLock RELEASED 1 by SegmentedRaftLogCache$LogSegmentList.isEmpty
2022-07-14 15:51:54,540 [s0@group-EF46AB43B6D1-LeaderStateImpl] TRACE segmented.SegmentedRaftLogCache (AutoCloseableReadWriteLock.java:logLocking(65)) - s0@group-EF46AB43B6D1: readLock RELEASED 0 by SegmentedRaftLogCache.getStartIndex
2022-07-14 15:51:54,540 [s0@group-EF46AB43B6D1-LeaderStateImpl] TRACE segmented.SegmentedRaftLogCache (AutoCloseableReadWriteLock.java:logLocking(65)) - s0@group-EF46AB43B6D1: readLock ACQUIRED 1 by SegmentedRaftLogCache.getEndIndex
2022-07-14 15:51:54,540 [s0@group-EF46AB43B6D1-LeaderStateImpl] TRACE segmented.SegmentedRaftLogCache (AutoCloseableReadWriteLock.java:logLocking(65)) - s0@group-EF46AB43B6D1: readLock RELEASED 0 by SegmentedRaftLogCache.getEndIndex
2022-07-14 15:51:54,540 [s0@group-EF46AB43B6D1-LeaderStateImpl] TRACE segmented.SegmentedRaftLogCache (AutoCloseableReadWriteLock.java:logLocking(65)) - s0@group-EF46AB43B6D1: readLock ACQUIRED 1 by SegmentedRaftLogCache$LogSegmentList.getTermIndex
2022-07-14 15:51:54,540 [s0@group-EF46AB43B6D1-LeaderStateImpl] TRACE segmented.SegmentedRaftLogCache (AutoCloseableReadWriteLock.java:logLocking(65)) - s0@group-EF46AB43B6D1: readLock RELEASED 0 by SegmentedRaftLogCache$LogSegmentList.getTermIndex
2022-07-14 15:51:54,540 [s0@group-EF46AB43B6D1-LeaderStateImpl] TRACE segmented.SegmentedRaftLogCache (AutoCloseableReadWriteLock.java:logLocking(65)) - s0@group-EF46AB43B6D1: readLock ACQUIRED 1 by SegmentedRaftLogCache.getLastTermIndex
2022-07-14 15:51:54,540 [s0@group-EF46AB43B6D1-LeaderStateImpl] TRACE segmented.SegmentedRaftLogCache (AutoCloseableReadWriteLock.java:logLocking(65)) - s0@group-EF46AB43B6D1: readLock RELEASED 0 by SegmentedRaftLogCache.getLastTermIndex
2022-07-14 15:51:54,540 [s0@group-EF46AB43B6D1-LeaderStateImpl] TRACE segmented.SegmentedRaftLogCache (AutoCloseableReadWriteLock.java:logLocking(65)) - s0@group-EF46AB43B6D1: readLock ACQUIRED 1 by SegmentedRaftLogCache$LogSegmentList.countCached
2022-07-14 15:51:54,540 [s0@group-EF46AB43B6D1-LeaderStateImpl] TRACE segmented.SegmentedRaftLogCache (AutoCloseableReadWriteLock.java:logLocking(65)) - s0@group-EF46AB43B6D1: readLock RELEASED 0 by SegmentedRaftLogCache$LogSegmentList.countCached
2022-07-14 15:51:54,540 [s0@group-EF46AB43B6D1-LeaderStateImpl] TRACE segmented.SegmentedRaftLogCache (AutoCloseableReadWriteLock.java:logLocking(65)) - s0@group-EF46AB43B6D1: readLock ACQUIRED 1 by SegmentedRaftLogCache$LogSegmentList.getTotalCacheSize
2022-07-14 15:51:54,540 [s0@group-EF46AB43B6D1-LeaderStateImpl] TRACE segmented.SegmentedRaftLogCache (AutoCloseableReadWriteLock.java:logLocking(65)) - s0@group-EF46AB43B6D1: readLock RELEASED 0 by SegmentedRaftLogCache$LogSegmentList.getTotalCacheSize
2022-07-14 15:51:54,540 [s0@group-EF46AB43B6D1-LeaderStateImpl] DEBUG segmented.SegmentedRaftLogWorker (SegmentedRaftLogWorker.java:addIOTask(270)) - s0@group-EF46AB43B6D1-SegmentedRaftLogWorker adds IO task WriteLog:146: (t:1, i:146), METADATAENTRY(c:145)
2022-07-14 15:51:54,540 [s0@group-EF46AB43B6D1-SegmentedRaftLogWorker] DEBUG segmented.SegmentedRaftLogWorker (SegmentedRaftLogWorker.java:flushIfNecessary(365)) - s0@group-EF46AB43B6D1-SegmentedRaftLogWorker: flush SegmentedRaftLogOutputStream(/home/runner/work/ratis/ratis/ratis-test/target/test/data/7931f2a6/MiniRaftClusterWithGrpc6c3cfa42/s0/d33854d5-690d-4a13-9a9e-ef46ab43b6d1/current/log_inprogress_0)
2022-07-14 15:51:54,540 [s0@group-EF46AB43B6D1-StateMachineUpdater] INFO  statemachine.SimpleStateMachine4Testing (SimpleStateMachine4Testing.java:put(204)) - s0: put 145, m72 -> (t:1, i:145), STATEMACHINELOGENTRY, 243@client-64B90517F321
2022-07-14 15:51:54,541 [s0@group-EF46AB43B6D1-LeaderStateImpl] TRACE segmented.SegmentedRaftLogCache (AutoCloseableReadWriteLock.java:logLocking(65)) - s0@group-EF46AB43B6D1: readLock ACQUIRED 1 by SegmentedRaftLogCache.getStartIndex
2022-07-14 15:51:54,542 [s0@group-EF46AB43B6D1-LeaderStateImpl] TRACE segmented.SegmentedRaftLogCache (AutoCloseableReadWriteLock.java:logLocking(65)) -   s0@group-EF46AB43B6D1: readLock ACQUIRED 2 by SegmentedRaftLogCache$LogSegmentList.isEmpty
2022-07-14 15:51:54,542 [s0@group-EF46AB43B6D1-LeaderStateImpl] TRACE segmented.SegmentedRaftLogCache (AutoCloseableReadWriteLock.java:logLocking(65)) -   s0@group-EF46AB43B6D1: readLock RELEASED 1 by SegmentedRaftLogCache$LogSegmentList.isEmpty
2022-07-14 15:51:54,542 [s0@group-EF46AB43B6D1-LeaderStateImpl] TRACE segmented.SegmentedRaftLogCache (AutoCloseableReadWriteLock.java:logLocking(65)) - s0@group-EF46AB43B6D1: readLock RELEASED 0 by SegmentedRaftLogCache.getStartIndex
2022-07-14 15:51:54,542 [s0@group-EF46AB43B6D1-LeaderStateImpl] TRACE segmented.SegmentedRaftLogCache (AutoCloseableReadWriteLock.java:logLocking(65)) - s0@group-EF46AB43B6D1: readLock ACQUIRED 1 by SegmentedRaftLogCache.getEndIndex
2022-07-14 15:51:54,542 [s0@group-EF46AB43B6D1-LeaderStateImpl] TRACE segmented.SegmentedRaftLogCache (AutoCloseableReadWriteLock.java:logLocking(65)) - s0@group-EF46AB43B6D1: readLock RELEASED 0 by SegmentedRaftLogCache.getEndIndex
2022-07-14 15:51:54,542 [s0@group-EF46AB43B6D1-LeaderStateImpl] TRACE segmented.SegmentedRaftLogCache (AutoCloseableReadWriteLock.java:logLocking(65)) - s0@group-EF46AB43B6D1: readLock ACQUIRED 1 by SegmentedRaftLogCache$LogSegmentList.getTermIndex
2022-07-14 15:51:54,542 [s0@group-EF46AB43B6D1-LeaderStateImpl] TRACE segmented.SegmentedRaftLogCache (AutoCloseableReadWriteLock.java:logLocking(65)) - s0@group-EF46AB43B6D1: readLock RELEASED 0 by SegmentedRaftLogCache$LogSegmentList.getTermIndex
2022-07-14 15:51:54,542 [s0-client-thread1] TRACE segmented.SegmentedRaftLogCache (AutoCloseableReadWriteLock.java:logLocking(65)) - s0@group-EF46AB43B6D1: readLock ACQUIRED 1 by SegmentedRaftLogCache.getLastTermIndex
2022-07-14 15:51:54,542 [s0-client-thread1] TRACE segmented.SegmentedRaftLogCache (AutoCloseableReadWriteLock.java:logLocking(65)) - s0@group-EF46AB43B6D1: readLock RELEASED 0 by SegmentedRaftLogCache.getLastTermIndex
2022-07-14 15:51:54,542 [s0-client-thread1] TRACE segmented.SegmentedRaftLogCache (AutoCloseableReadWriteLock.java:logLocking(65)) - s0@group-EF46AB43B6D1: readLock ACQUIRED 1 by SegmentedRaftLogCache.getLastTermIndex
2022-07-14 15:51:54,542 [s0-client-thread1] TRACE segmented.SegmentedRaftLogCache (AutoCloseableReadWriteLock.java:logLocking(65)) - s0@group-EF46AB43B6D1: readLock RELEASED 0 by SegmentedRaftLogCache.getLastTermIndex
2022-07-14 15:51:54,542 [s0-client-thread1] TRACE segmented.SegmentedRaftLogCache (AutoCloseableReadWriteLock.java:logLocking(65)) - s0@group-EF46AB43B6D1: readLock ACQUIRED 1 by SegmentedRaftLogCache$LogSegmentList.countCached
2022-07-14 15:51:54,543 [s0-client-thread1] TRACE segmented.SegmentedRaftLogCache (AutoCloseableReadWriteLock.java:logLocking(65)) - s0@group-EF46AB43B6D1: readLock RELEASED 0 by SegmentedRaftLogCache$LogSegmentList.countCached
2022-07-14 15:51:54,543 [s0-client-thread1] TRACE segmented.SegmentedRaftLogCache (AutoCloseableReadWriteLock.java:logLocking(65)) - s0@group-EF46AB43B6D1: readLock ACQUIRED 1 by SegmentedRaftLogCache$LogSegmentList.getTotalCacheSize
2022-07-14 15:51:54,543 [s0-client-thread1] TRACE segmented.SegmentedRaftLogCache (AutoCloseableReadWriteLock.java:logLocking(65)) - s0@group-EF46AB43B6D1: readLock RELEASED 0 by SegmentedRaftLogCache$LogSegmentList.getTotalCacheSize
2022-07-14 15:51:54,543 [s0-client-thread1] DEBUG segmented.SegmentedRaftLogWorker (SegmentedRaftLogWorker.java:addIOTask(270)) - s0@group-EF46AB43B6D1-SegmentedRaftLogWorker adds IO task WriteLog:147: (t:1, i:147), STATEMACHINELOGENTRY, StateMachineLogEntryProto:244@client-64B90517F321
2022-07-14 15:51:54,543 [s0@group-EF46AB43B6D1-SegmentedRaftLogWorker] DEBUG segmented.SegmentedRaftLogWorker (SegmentedRaftLogWorker.java:flushIfNecessary(365)) - s0@group-EF46AB43B6D1-SegmentedRaftLogWorker: flush SegmentedRaftLogOutputStream(/home/runner/work/ratis/ratis/ratis-test/target/test/data/7931f2a6/MiniRaftClusterWithGrpc6c3cfa42/s0/d33854d5-690d-4a13-9a9e-ef46ab43b6d1/current/log_inprogress_0)
2022-07-14 15:51:54,543 [s0@group-EF46AB43B6D1-LeaderStateImpl] TRACE segmented.SegmentedRaftLogCache (AutoCloseableReadWriteLock.java:logLocking(65)) - s0@group-EF46AB43B6D1: readLock ACQUIRED 1 by SegmentedRaftLogCache.getStartIndex
2022-07-14 15:51:54,543 [s0@group-EF46AB43B6D1-LeaderStateImpl] TRACE segmented.SegmentedRaftLogCache (AutoCloseableReadWriteLock.java:logLocking(65)) -   s0@group-EF46AB43B6D1: readLock ACQUIRED 2 by SegmentedRaftLogCache$LogSegmentList.isEmpty
2022-07-14 15:51:54,543 [s0@group-EF46AB43B6D1-LeaderStateImpl] TRACE segmented.SegmentedRaftLogCache (AutoCloseableReadWriteLock.java:logLocking(65)) -   s0@group-EF46AB43B6D1: readLock RELEASED 1 by SegmentedRaftLogCache$LogSegmentList.isEmpty
2022-07-14 15:51:54,543 [s0@group-EF46AB43B6D1-LeaderStateImpl] TRACE segmented.SegmentedRaftLogCache (AutoCloseableReadWriteLock.java:logLocking(65)) - s0@group-EF46AB43B6D1: readLock RELEASED 0 by SegmentedRaftLogCache.getStartIndex
2022-07-14 15:51:54,543 [s0@group-EF46AB43B6D1-LeaderStateImpl] TRACE segmented.SegmentedRaftLogCache (AutoCloseableReadWriteLock.java:logLocking(65)) - s0@group-EF46AB43B6D1: readLock ACQUIRED 1 by SegmentedRaftLogCache.getEndIndex
2022-07-14 15:51:54,543 [s0@group-EF46AB43B6D1-LeaderStateImpl] TRACE segmented.SegmentedRaftLogCache (AutoCloseableReadWriteLock.java:logLocking(65)) - s0@group-EF46AB43B6D1: readLock RELEASED 0 by SegmentedRaftLogCache.getEndIndex
2022-07-14 15:51:54,544 [s0@group-EF46AB43B6D1-LeaderStateImpl] TRACE segmented.SegmentedRaftLogCache (AutoCloseableReadWriteLock.java:logLocking(65)) - s0@group-EF46AB43B6D1: readLock ACQUIRED 1 by SegmentedRaftLogCache$LogSegmentList.getTermIndex
2022-07-14 15:51:54,544 [s0@group-EF46AB43B6D1-LeaderStateImpl] TRACE segmented.SegmentedRaftLogCache (AutoCloseableReadWriteLock.java:logLocking(65)) - s0@group-EF46AB43B6D1: readLock RELEASED 0 by SegmentedRaftLogCache$LogSegmentList.getTermIndex
2022-07-14 15:51:54,544 [s0@group-EF46AB43B6D1-LeaderStateImpl] TRACE segmented.SegmentedRaftLogCache (AutoCloseableReadWriteLock.java:logLocking(65)) - s0@group-EF46AB43B6D1: readLock ACQUIRED 1 by SegmentedRaftLogCache.getLastTermIndex
2022-07-14 15:51:54,544 [s0@group-EF46AB43B6D1-LeaderStateImpl] TRACE segmented.SegmentedRaftLogCache (AutoCloseableReadWriteLock.java:logLocking(65)) - s0@group-EF46AB43B6D1: readLock RELEASED 0 by SegmentedRaftLogCache.getLastTermIndex
2022-07-14 15:51:54,544 [s0@group-EF46AB43B6D1-LeaderStateImpl] TRACE segmented.SegmentedRaftLogCache (AutoCloseableReadWriteLock.java:logLocking(65)) - s0@group-EF46AB43B6D1: readLock ACQUIRED 1 by SegmentedRaftLogCache$LogSegmentList.countCached
2022-07-14 15:51:54,544 [s0@group-EF46AB43B6D1-LeaderStateImpl] TRACE segmented.SegmentedRaftLogCache (AutoCloseableReadWriteLock.java:logLocking(65)) - s0@group-EF46AB43B6D1: readLock RELEASED 0 by SegmentedRaftLogCache$LogSegmentList.countCached
2022-07-14 15:51:54,544 [s0@group-EF46AB43B6D1-LeaderStateImpl] TRACE segmented.SegmentedRaftLogCache (AutoCloseableReadWriteLock.java:logLocking(65)) - s0@group-EF46AB43B6D1: readLock ACQUIRED 1 by SegmentedRaftLogCache$LogSegmentList.getTotalCacheSize
2022-07-14 15:51:54,544 [s0@group-EF46AB43B6D1-LeaderStateImpl] TRACE segmented.SegmentedRaftLogCache (AutoCloseableReadWriteLock.java:logLocking(65)) - s0@group-EF46AB43B6D1: readLock RELEASED 0 by SegmentedRaftLogCache$LogSegmentList.getTotalCacheSize
2022-07-14 15:51:54,544 [s0@group-EF46AB43B6D1-LeaderStateImpl] DEBUG segmented.SegmentedRaftLogWorker (SegmentedRaftLogWorker.java:addIOTask(270)) - s0@group-EF46AB43B6D1-SegmentedRaftLogWorker adds IO task WriteLog:148: (t:1, i:148), METADATAENTRY(c:147)
2022-07-14 15:51:54,544 [s0@group-EF46AB43B6D1-SegmentedRaftLogWorker] DEBUG segmented.SegmentedRaftLogWorker (SegmentedRaftLogWorker.java:flushIfNecessary(365)) - s0@group-EF46AB43B6D1-SegmentedRaftLogWorker: flush SegmentedRaftLogOutputStream(/home/runner/work/ratis/ratis/ratis-test/target/test/data/7931f2a6/MiniRaftClusterWithGrpc6c3cfa42/s0/d33854d5-690d-4a13-9a9e-ef46ab43b6d1/current/log_inprogress_0)
2022-07-14 15:51:54,544 [s0@group-EF46AB43B6D1-StateMachineUpdater] INFO  statemachine.SimpleStateMachine4Testing (SimpleStateMachine4Testing.java:put(204)) - s0: put 147, m73 -> (t:1, i:147), STATEMACHINELOGENTRY, 244@client-64B90517F321
2022-07-14 15:51:54,545 [s0@group-EF46AB43B6D1-LeaderStateImpl] TRACE segmented.SegmentedRaftLogCache (AutoCloseableReadWriteLock.java:logLocking(65)) - s0@group-EF46AB43B6D1: readLock ACQUIRED 1 by SegmentedRaftLogCache.getStartIndex
2022-07-14 15:51:54,545 [s0@group-EF46AB43B6D1-LeaderStateImpl] TRACE segmented.SegmentedRaftLogCache (AutoCloseableReadWriteLock.java:logLocking(65)) -   s0@group-EF46AB43B6D1: readLock ACQUIRED 2 by SegmentedRaftLogCache$LogSegmentList.isEmpty
2022-07-14 15:51:54,545 [s0@group-EF46AB43B6D1-LeaderStateImpl] TRACE segmented.SegmentedRaftLogCache (AutoCloseableReadWriteLock.java:logLocking(65)) -   s0@group-EF46AB43B6D1: readLock RELEASED 1 by SegmentedRaftLogCache$LogSegmentList.isEmpty
2022-07-14 15:51:54,545 [s0@group-EF46AB43B6D1-LeaderStateImpl] TRACE segmented.SegmentedRaftLogCache (AutoCloseableReadWriteLock.java:logLocking(65)) - s0@group-EF46AB43B6D1: readLock RELEASED 0 by SegmentedRaftLogCache.getStartIndex
2022-07-14 15:51:54,545 [s0@group-EF46AB43B6D1-LeaderStateImpl] TRACE segmented.SegmentedRaftLogCache (AutoCloseableReadWriteLock.java:logLocking(65)) - s0@group-EF46AB43B6D1: readLock ACQUIRED 1 by SegmentedRaftLogCache.getEndIndex
2022-07-14 15:51:54,545 [s0@group-EF46AB43B6D1-LeaderStateImpl] TRACE segmented.SegmentedRaftLogCache (AutoCloseableReadWriteLock.java:logLocking(65)) - s0@group-EF46AB43B6D1: readLock RELEASED 0 by SegmentedRaftLogCache.getEndIndex
2022-07-14 15:51:54,545 [s0@group-EF46AB43B6D1-LeaderStateImpl] TRACE segmented.SegmentedRaftLogCache (AutoCloseableReadWriteLock.java:logLocking(65)) - s0@group-EF46AB43B6D1: readLock ACQUIRED 1 by SegmentedRaftLogCache$LogSegmentList.getTermIndex
2022-07-14 15:51:54,545 [s0@group-EF46AB43B6D1-LeaderStateImpl] TRACE segmented.SegmentedRaftLogCache (AutoCloseableReadWriteLock.java:logLocking(65)) - s0@group-EF46AB43B6D1: readLock RELEASED 0 by SegmentedRaftLogCache$LogSegmentList.getTermIndex
2022-07-14 15:51:54,548 [s0-client-thread1] TRACE segmented.SegmentedRaftLogCache (AutoCloseableReadWriteLock.java:logLocking(65)) - s0@group-EF46AB43B6D1: readLock ACQUIRED 1 by SegmentedRaftLogCache.getLastTermIndex
2022-07-14 15:51:54,548 [s0-client-thread1] TRACE segmented.SegmentedRaftLogCache (AutoCloseableReadWriteLock.java:logLocking(65)) - s0@group-EF46AB43B6D1: readLock RELEASED 0 by SegmentedRaftLogCache.getLastTermIndex
2022-07-14 15:51:54,548 [s0-client-thread1] TRACE segmented.SegmentedRaftLogCache (AutoCloseableReadWriteLock.java:logLocking(65)) - s0@group-EF46AB43B6D1: readLock ACQUIRED 1 by SegmentedRaftLogCache.getLastTermIndex
2022-07-14 15:51:54,548 [s0-client-thread1] TRACE segmented.SegmentedRaftLogCache (AutoCloseableReadWriteLock.java:logLocking(65)) - s0@group-EF46AB43B6D1: readLock RELEASED 0 by SegmentedRaftLogCache.getLastTermIndex
2022-07-14 15:51:54,548 [s0-client-thread1] TRACE segmented.SegmentedRaftLogCache (AutoCloseableReadWriteLock.java:logLocking(65)) - s0@group-EF46AB43B6D1: readLock ACQUIRED 1 by SegmentedRaftLogCache$LogSegmentList.countCached
2022-07-14 15:51:54,548 [s0-client-thread1] TRACE segmented.SegmentedRaftLogCache (AutoCloseableReadWriteLock.java:logLocking(65)) - s0@group-EF46AB43B6D1: readLock RELEASED 0 by SegmentedRaftLogCache$LogSegmentList.countCached
2022-07-14 15:51:54,548 [s0-client-thread1] TRACE segmented.SegmentedRaftLogCache (AutoCloseableReadWriteLock.java:logLocking(65)) - s0@group-EF46AB43B6D1: readLock ACQUIRED 1 by SegmentedRaftLogCache$LogSegmentList.getTotalCacheSize
2022-07-14 15:51:54,548 [s0-client-thread1] TRACE segmented.SegmentedRaftLogCache (AutoCloseableReadWriteLock.java:logLocking(65)) - s0@group-EF46AB43B6D1: readLock RELEASED 0 by SegmentedRaftLogCache$LogSegmentList.getTotalCacheSize
2022-07-14 15:51:54,548 [s0-client-thread1] DEBUG segmented.SegmentedRaftLogWorker (SegmentedRaftLogWorker.java:addIOTask(270)) - s0@group-EF46AB43B6D1-SegmentedRaftLogWorker adds IO task WriteLog:149: (t:1, i:149), STATEMACHINELOGENTRY, StateMachineLogEntryProto:245@client-64B90517F321
2022-07-14 15:51:54,548 [s0@group-EF46AB43B6D1-SegmentedRaftLogWorker] DEBUG segmented.SegmentedRaftLogWorker (SegmentedRaftLogWorker.java:flushIfNecessary(365)) - s0@group-EF46AB43B6D1-SegmentedRaftLogWorker: flush SegmentedRaftLogOutputStream(/home/runner/work/ratis/ratis/ratis-test/target/test/data/7931f2a6/MiniRaftClusterWithGrpc6c3cfa42/s0/d33854d5-690d-4a13-9a9e-ef46ab43b6d1/current/log_inprogress_0)
2022-07-14 15:51:54,549 [s0@group-EF46AB43B6D1-LeaderStateImpl] TRACE segmented.SegmentedRaftLogCache (AutoCloseableReadWriteLock.java:logLocking(65)) - s0@group-EF46AB43B6D1: readLock ACQUIRED 1 by SegmentedRaftLogCache.getStartIndex
2022-07-14 15:51:54,549 [s0@group-EF46AB43B6D1-LeaderStateImpl] TRACE segmented.SegmentedRaftLogCache (AutoCloseableReadWriteLock.java:logLocking(65)) -   s0@group-EF46AB43B6D1: readLock ACQUIRED 2 by SegmentedRaftLogCache$LogSegmentList.isEmpty
2022-07-14 15:51:54,549 [s0@group-EF46AB43B6D1-LeaderStateImpl] TRACE segmented.SegmentedRaftLogCache (AutoCloseableReadWriteLock.java:logLocking(65)) -   s0@group-EF46AB43B6D1: readLock RELEASED 1 by SegmentedRaftLogCache$LogSegmentList.isEmpty
2022-07-14 15:51:54,549 [s0@group-EF46AB43B6D1-LeaderStateImpl] TRACE segmented.SegmentedRaftLogCache (AutoCloseableReadWriteLock.java:logLocking(65)) - s0@group-EF46AB43B6D1: readLock RELEASED 0 by SegmentedRaftLogCache.getStartIndex
2022-07-14 15:51:54,549 [s0@group-EF46AB43B6D1-LeaderStateImpl] TRACE segmented.SegmentedRaftLogCache (AutoCloseableReadWriteLock.java:logLocking(65)) - s0@group-EF46AB43B6D1: readLock ACQUIRED 1 by SegmentedRaftLogCache.getEndIndex
2022-07-14 15:51:54,549 [s0@group-EF46AB43B6D1-LeaderStateImpl] TRACE segmented.SegmentedRaftLogCache (AutoCloseableReadWriteLock.java:logLocking(65)) - s0@group-EF46AB43B6D1: readLock RELEASED 0 by SegmentedRaftLogCache.getEndIndex
2022-07-14 15:51:54,549 [s0@group-EF46AB43B6D1-LeaderStateImpl] TRACE segmented.SegmentedRaftLogCache (AutoCloseableReadWriteLock.java:logLocking(65)) - s0@group-EF46AB43B6D1: readLock ACQUIRED 1 by SegmentedRaftLogCache$LogSegmentList.getTermIndex
2022-07-14 15:51:54,549 [s0@group-EF46AB43B6D1-LeaderStateImpl] TRACE segmented.SegmentedRaftLogCache (AutoCloseableReadWriteLock.java:logLocking(65)) - s0@group-EF46AB43B6D1: readLock RELEASED 0 by SegmentedRaftLogCache$LogSegmentList.getTermIndex
2022-07-14 15:51:54,549 [s0@group-EF46AB43B6D1-LeaderStateImpl] TRACE segmented.SegmentedRaftLogCache (AutoCloseableReadWriteLock.java:logLocking(65)) - s0@group-EF46AB43B6D1: readLock ACQUIRED 1 by SegmentedRaftLogCache.getLastTermIndex
2022-07-14 15:51:54,550 [s0@group-EF46AB43B6D1-LeaderStateImpl] TRACE segmented.SegmentedRaftLogCache (AutoCloseableReadWriteLock.java:logLocking(65)) - s0@group-EF46AB43B6D1: readLock RELEASED 0 by SegmentedRaftLogCache.getLastTermIndex
2022-07-14 15:51:54,550 [s0@group-EF46AB43B6D1-LeaderStateImpl] TRACE segmented.SegmentedRaftLogCache (AutoCloseableReadWriteLock.java:logLocking(65)) - s0@group-EF46AB43B6D1: readLock ACQUIRED 1 by SegmentedRaftLogCache$LogSegmentList.countCached
2022-07-14 15:51:54,550 [s0@group-EF46AB43B6D1-LeaderStateImpl] TRACE segmented.SegmentedRaftLogCache (AutoCloseableReadWriteLock.java:logLocking(65)) - s0@group-EF46AB43B6D1: readLock RELEASED 0 by SegmentedRaftLogCache$LogSegmentList.countCached
2022-07-14 15:51:54,550 [s0@group-EF46AB43B6D1-LeaderStateImpl] TRACE segmented.SegmentedRaftLogCache (AutoCloseableReadWriteLock.java:logLocking(65)) - s0@group-EF46AB43B6D1: readLock ACQUIRED 1 by SegmentedRaftLogCache$LogSegmentList.getTotalCacheSize
2022-07-14 15:51:54,550 [s0@group-EF46AB43B6D1-LeaderStateImpl] TRACE segmented.SegmentedRaftLogCache (AutoCloseableReadWriteLock.java:logLocking(65)) - s0@group-EF46AB43B6D1: readLock RELEASED 0 by SegmentedRaftLogCache$LogSegmentList.getTotalCacheSize
2022-07-14 15:51:54,550 [s0@group-EF46AB43B6D1-LeaderStateImpl] DEBUG segmented.SegmentedRaftLogWorker (SegmentedRaftLogWorker.java:addIOTask(270)) - s0@group-EF46AB43B6D1-SegmentedRaftLogWorker adds IO task WriteLog:150: (t:1, i:150), METADATAENTRY(c:149)
2022-07-14 15:51:54,550 [s0@group-EF46AB43B6D1-SegmentedRaftLogWorker] DEBUG segmented.SegmentedRaftLogWorker (SegmentedRaftLogWorker.java:flushIfNecessary(365)) - s0@group-EF46AB43B6D1-SegmentedRaftLogWorker: flush SegmentedRaftLogOutputStream(/home/runner/work/ratis/ratis/ratis-test/target/test/data/7931f2a6/MiniRaftClusterWithGrpc6c3cfa42/s0/d33854d5-690d-4a13-9a9e-ef46ab43b6d1/current/log_inprogress_0)
2022-07-14 15:51:54,550 [s0@group-EF46AB43B6D1-StateMachineUpdater] INFO  statemachine.SimpleStateMachine4Testing (SimpleStateMachine4Testing.java:put(204)) - s0: put 149, m74 -> (t:1, i:149), STATEMACHINELOGENTRY, 245@client-64B90517F321
2022-07-14 15:51:54,551 [s0@group-EF46AB43B6D1-LeaderStateImpl] TRACE segmented.SegmentedRaftLogCache (AutoCloseableReadWriteLock.java:logLocking(65)) - s0@group-EF46AB43B6D1: readLock ACQUIRED 1 by SegmentedRaftLogCache.getStartIndex
2022-07-14 15:51:54,551 [s0@group-EF46AB43B6D1-LeaderStateImpl] TRACE segmented.SegmentedRaftLogCache (AutoCloseableReadWriteLock.java:logLocking(65)) -   s0@group-EF46AB43B6D1: readLock ACQUIRED 2 by SegmentedRaftLogCache$LogSegmentList.isEmpty
2022-07-14 15:51:54,551 [s0@group-EF46AB43B6D1-LeaderStateImpl] TRACE segmented.SegmentedRaftLogCache (AutoCloseableReadWriteLock.java:logLocking(65)) -   s0@group-EF46AB43B6D1: readLock RELEASED 1 by SegmentedRaftLogCache$LogSegmentList.isEmpty
2022-07-14 15:51:54,551 [s0@group-EF46AB43B6D1-LeaderStateImpl] TRACE segmented.SegmentedRaftLogCache (AutoCloseableReadWriteLock.java:logLocking(65)) - s0@group-EF46AB43B6D1: readLock RELEASED 0 by SegmentedRaftLogCache.getStartIndex
2022-07-14 15:51:54,552 [s0@group-EF46AB43B6D1-LeaderStateImpl] TRACE segmented.SegmentedRaftLogCache (AutoCloseableReadWriteLock.java:logLocking(65)) - s0@group-EF46AB43B6D1: readLock ACQUIRED 1 by SegmentedRaftLogCache.getEndIndex
2022-07-14 15:51:54,552 [s0@group-EF46AB43B6D1-LeaderStateImpl] TRACE segmented.SegmentedRaftLogCache (AutoCloseableReadWriteLock.java:logLocking(65)) - s0@group-EF46AB43B6D1: readLock RELEASED 0 by SegmentedRaftLogCache.getEndIndex
2022-07-14 15:51:54,552 [s0@group-EF46AB43B6D1-LeaderStateImpl] TRACE segmented.SegmentedRaftLogCache (AutoCloseableReadWriteLock.java:logLocking(65)) - s0@group-EF46AB43B6D1: readLock ACQUIRED 1 by SegmentedRaftLogCache$LogSegmentList.getTermIndex
2022-07-14 15:51:54,552 [s0@group-EF46AB43B6D1-LeaderStateImpl] TRACE segmented.SegmentedRaftLogCache (AutoCloseableReadWriteLock.java:logLocking(65)) - s0@group-EF46AB43B6D1: readLock RELEASED 0 by SegmentedRaftLogCache$LogSegmentList.getTermIndex
2022-07-14 15:51:54,552 [s0-client-thread1] TRACE segmented.SegmentedRaftLogCache (AutoCloseableReadWriteLock.java:logLocking(65)) - s0@group-EF46AB43B6D1: readLock ACQUIRED 1 by SegmentedRaftLogCache.getLastTermIndex
2022-07-14 15:51:54,552 [s0-client-thread1] TRACE segmented.SegmentedRaftLogCache (AutoCloseableReadWriteLock.java:logLocking(65)) - s0@group-EF46AB43B6D1: readLock RELEASED 0 by SegmentedRaftLogCache.getLastTermIndex
2022-07-14 15:51:54,552 [s0-client-thread1] TRACE segmented.SegmentedRaftLogCache (AutoCloseableReadWriteLock.java:logLocking(65)) - s0@group-EF46AB43B6D1: readLock ACQUIRED 1 by SegmentedRaftLogCache.getLastTermIndex
2022-07-14 15:51:54,552 [s0-client-thread1] TRACE segmented.SegmentedRaftLogCache (AutoCloseableReadWriteLock.java:logLocking(65)) - s0@group-EF46AB43B6D1: readLock RELEASED 0 by SegmentedRaftLogCache.getLastTermIndex
2022-07-14 15:51:54,552 [s0-client-thread1] TRACE segmented.SegmentedRaftLogCache (AutoCloseableReadWriteLock.java:logLocking(65)) - s0@group-EF46AB43B6D1: readLock ACQUIRED 1 by SegmentedRaftLogCache$LogSegmentList.countCached
2022-07-14 15:51:54,552 [s0-client-thread1] TRACE segmented.SegmentedRaftLogCache (AutoCloseableReadWriteLock.java:logLocking(65)) - s0@group-EF46AB43B6D1: readLock RELEASED 0 by SegmentedRaftLogCache$LogSegmentList.countCached
2022-07-14 15:51:54,552 [s0-client-thread1] TRACE segmented.SegmentedRaftLogCache (AutoCloseableReadWriteLock.java:logLocking(65)) - s0@group-EF46AB43B6D1: readLock ACQUIRED 1 by SegmentedRaftLogCache$LogSegmentList.getTotalCacheSize
2022-07-14 15:51:54,552 [s0-client-thread1] TRACE segmented.SegmentedRaftLogCache (AutoCloseableReadWriteLock.java:logLocking(65)) - s0@group-EF46AB43B6D1: readLock RELEASED 0 by SegmentedRaftLogCache$LogSegmentList.getTotalCacheSize
2022-07-14 15:51:54,552 [s0-client-thread1] DEBUG segmented.SegmentedRaftLogWorker (SegmentedRaftLogWorker.java:addIOTask(270)) - s0@group-EF46AB43B6D1-SegmentedRaftLogWorker adds IO task WriteLog:151: (t:1, i:151), STATEMACHINELOGENTRY, StateMachineLogEntryProto:246@client-64B90517F321
2022-07-14 15:51:54,552 [s0@group-EF46AB43B6D1-SegmentedRaftLogWorker] DEBUG segmented.SegmentedRaftLogWorker (SegmentedRaftLogWorker.java:flushIfNecessary(365)) - s0@group-EF46AB43B6D1-SegmentedRaftLogWorker: flush SegmentedRaftLogOutputStream(/home/runner/work/ratis/ratis/ratis-test/target/test/data/7931f2a6/MiniRaftClusterWithGrpc6c3cfa42/s0/d33854d5-690d-4a13-9a9e-ef46ab43b6d1/current/log_inprogress_0)
2022-07-14 15:51:54,553 [s0@group-EF46AB43B6D1-LeaderStateImpl] TRACE segmented.SegmentedRaftLogCache (AutoCloseableReadWriteLock.java:logLocking(65)) - s0@group-EF46AB43B6D1: readLock ACQUIRED 1 by SegmentedRaftLogCache.getStartIndex
2022-07-14 15:51:54,553 [s0@group-EF46AB43B6D1-LeaderStateImpl] TRACE segmented.SegmentedRaftLogCache (AutoCloseableReadWriteLock.java:logLocking(65)) -   s0@group-EF46AB43B6D1: readLock ACQUIRED 2 by SegmentedRaftLogCache$LogSegmentList.isEmpty
2022-07-14 15:51:54,553 [s0@group-EF46AB43B6D1-LeaderStateImpl] TRACE segmented.SegmentedRaftLogCache (AutoCloseableReadWriteLock.java:logLocking(65)) -   s0@group-EF46AB43B6D1: readLock RELEASED 1 by SegmentedRaftLogCache$LogSegmentList.isEmpty
2022-07-14 15:51:54,553 [s0@group-EF46AB43B6D1-LeaderStateImpl] TRACE segmented.SegmentedRaftLogCache (AutoCloseableReadWriteLock.java:logLocking(65)) - s0@group-EF46AB43B6D1: readLock RELEASED 0 by SegmentedRaftLogCache.getStartIndex
2022-07-14 15:51:54,553 [s0@group-EF46AB43B6D1-LeaderStateImpl] TRACE segmented.SegmentedRaftLogCache (AutoCloseableReadWriteLock.java:logLocking(65)) - s0@group-EF46AB43B6D1: readLock ACQUIRED 1 by SegmentedRaftLogCache.getEndIndex
2022-07-14 15:51:54,553 [s0@group-EF46AB43B6D1-LeaderStateImpl] TRACE segmented.SegmentedRaftLogCache (AutoCloseableReadWriteLock.java:logLocking(65)) - s0@group-EF46AB43B6D1: readLock RELEASED 0 by SegmentedRaftLogCache.getEndIndex
2022-07-14 15:51:54,553 [s0@group-EF46AB43B6D1-LeaderStateImpl] TRACE segmented.SegmentedRaftLogCache (AutoCloseableReadWriteLock.java:logLocking(65)) - s0@group-EF46AB43B6D1: readLock ACQUIRED 1 by SegmentedRaftLogCache$LogSegmentList.getTermIndex
2022-07-14 15:51:54,553 [s0@group-EF46AB43B6D1-LeaderStateImpl] TRACE segmented.SegmentedRaftLogCache (AutoCloseableReadWriteLock.java:logLocking(65)) - s0@group-EF46AB43B6D1: readLock RELEASED 0 by SegmentedRaftLogCache$LogSegmentList.getTermIndex
2022-07-14 15:51:54,553 [s0@group-EF46AB43B6D1-LeaderStateImpl] TRACE segmented.SegmentedRaftLogCache (AutoCloseableReadWriteLock.java:logLocking(65)) - s0@group-EF46AB43B6D1: readLock ACQUIRED 1 by SegmentedRaftLogCache.getLastTermIndex
2022-07-14 15:51:54,553 [s0@group-EF46AB43B6D1-LeaderStateImpl] TRACE segmented.SegmentedRaftLogCache (AutoCloseableReadWriteLock.java:logLocking(65)) - s0@group-EF46AB43B6D1: readLock RELEASED 0 by SegmentedRaftLogCache.getLastTermIndex
2022-07-14 15:51:54,553 [s0@group-EF46AB43B6D1-StateMachineUpdater] INFO  statemachine.SimpleStateMachine4Testing (SimpleStateMachine4Testing.java:put(204)) - s0: put 151, m75 -> (t:1, i:151), STATEMACHINELOGENTRY, 246@client-64B90517F321
2022-07-14 15:51:54,553 [s0@group-EF46AB43B6D1-LeaderStateImpl] TRACE segmented.SegmentedRaftLogCache (AutoCloseableReadWriteLock.java:logLocking(65)) - s0@group-EF46AB43B6D1: readLock ACQUIRED 1 by SegmentedRaftLogCache$LogSegmentList.countCached
2022-07-14 15:51:54,553 [s0@group-EF46AB43B6D1-LeaderStateImpl] TRACE segmented.SegmentedRaftLogCache (AutoCloseableReadWriteLock.java:logLocking(65)) - s0@group-EF46AB43B6D1: readLock RELEASED 0 by SegmentedRaftLogCache$LogSegmentList.countCached
2022-07-14 15:51:54,554 [s0@group-EF46AB43B6D1-LeaderStateImpl] TRACE segmented.SegmentedRaftLogCache (AutoCloseableReadWriteLock.java:logLocking(65)) - s0@group-EF46AB43B6D1: readLock ACQUIRED 1 by SegmentedRaftLogCache$LogSegmentList.getTotalCacheSize
2022-07-14 15:51:54,554 [s0@group-EF46AB43B6D1-LeaderStateImpl] TRACE segmented.SegmentedRaftLogCache (AutoCloseableReadWriteLock.java:logLocking(65)) - s0@group-EF46AB43B6D1: readLock RELEASED 0 by SegmentedRaftLogCache$LogSegmentList.getTotalCacheSize
2022-07-14 15:51:54,554 [s0@group-EF46AB43B6D1-LeaderStateImpl] DEBUG segmented.SegmentedRaftLogWorker (SegmentedRaftLogWorker.java:addIOTask(270)) - s0@group-EF46AB43B6D1-SegmentedRaftLogWorker adds IO task WriteLog:152: (t:1, i:152), METADATAENTRY(c:151)
2022-07-14 15:51:54,554 [s0@group-EF46AB43B6D1-SegmentedRaftLogWorker] DEBUG segmented.SegmentedRaftLogWorker (SegmentedRaftLogWorker.java:flushIfNecessary(365)) - s0@group-EF46AB43B6D1-SegmentedRaftLogWorker: flush SegmentedRaftLogOutputStream(/home/runner/work/ratis/ratis/ratis-test/target/test/data/7931f2a6/MiniRaftClusterWithGrpc6c3cfa42/s0/d33854d5-690d-4a13-9a9e-ef46ab43b6d1/current/log_inprogress_0)
2022-07-14 15:51:54,554 [s0@group-EF46AB43B6D1-LeaderStateImpl] TRACE segmented.SegmentedRaftLogCache (AutoCloseableReadWriteLock.java:logLocking(65)) - s0@group-EF46AB43B6D1: readLock ACQUIRED 1 by SegmentedRaftLogCache.getStartIndex
2022-07-14 15:51:54,554 [s0@group-EF46AB43B6D1-LeaderStateImpl] TRACE segmented.SegmentedRaftLogCache (AutoCloseableReadWriteLock.java:logLocking(65)) -   s0@group-EF46AB43B6D1: readLock ACQUIRED 2 by SegmentedRaftLogCache$LogSegmentList.isEmpty
2022-07-14 15:51:54,555 [s0@group-EF46AB43B6D1-LeaderStateImpl] TRACE segmented.SegmentedRaftLogCache (AutoCloseableReadWriteLock.java:logLocking(65)) -   s0@group-EF46AB43B6D1: readLock RELEASED 1 by SegmentedRaftLogCache$LogSegmentList.isEmpty
2022-07-14 15:51:54,555 [s0@group-EF46AB43B6D1-LeaderStateImpl] TRACE segmented.SegmentedRaftLogCache (AutoCloseableReadWriteLock.java:logLocking(65)) - s0@group-EF46AB43B6D1: readLock RELEASED 0 by SegmentedRaftLogCache.getStartIndex
2022-07-14 15:51:54,555 [s0@group-EF46AB43B6D1-LeaderStateImpl] TRACE segmented.SegmentedRaftLogCache (AutoCloseableReadWriteLock.java:logLocking(65)) - s0@group-EF46AB43B6D1: readLock ACQUIRED 1 by SegmentedRaftLogCache.getEndIndex
2022-07-14 15:51:54,555 [s0@group-EF46AB43B6D1-LeaderStateImpl] TRACE segmented.SegmentedRaftLogCache (AutoCloseableReadWriteLock.java:logLocking(65)) - s0@group-EF46AB43B6D1: readLock RELEASED 0 by SegmentedRaftLogCache.getEndIndex
2022-07-14 15:51:54,555 [s0@group-EF46AB43B6D1-LeaderStateImpl] TRACE segmented.SegmentedRaftLogCache (AutoCloseableReadWriteLock.java:logLocking(65)) - s0@group-EF46AB43B6D1: readLock ACQUIRED 1 by SegmentedRaftLogCache$LogSegmentList.getTermIndex
2022-07-14 15:51:54,555 [s0@group-EF46AB43B6D1-LeaderStateImpl] TRACE segmented.SegmentedRaftLogCache (AutoCloseableReadWriteLock.java:logLocking(65)) - s0@group-EF46AB43B6D1: readLock RELEASED 0 by SegmentedRaftLogCache$LogSegmentList.getTermIndex
2022-07-14 15:51:54,555 [s0-client-thread1] TRACE segmented.SegmentedRaftLogCache (AutoCloseableReadWriteLock.java:logLocking(65)) - s0@group-EF46AB43B6D1: readLock ACQUIRED 1 by SegmentedRaftLogCache.getLastTermIndex
2022-07-14 15:51:54,555 [s0-client-thread1] TRACE segmented.SegmentedRaftLogCache (AutoCloseableReadWriteLock.java:logLocking(65)) - s0@group-EF46AB43B6D1: readLock RELEASED 0 by SegmentedRaftLogCache.getLastTermIndex
2022-07-14 15:51:54,555 [s0-client-thread1] TRACE segmented.SegmentedRaftLogCache (AutoCloseableReadWriteLock.java:logLocking(65)) - s0@group-EF46AB43B6D1: readLock ACQUIRED 1 by SegmentedRaftLogCache.getLastTermIndex
2022-07-14 15:51:54,555 [s0-client-thread1] TRACE segmented.SegmentedRaftLogCache (AutoCloseableReadWriteLock.java:logLocking(65)) - s0@group-EF46AB43B6D1: readLock RELEASED 0 by SegmentedRaftLogCache.getLastTermIndex
2022-07-14 15:51:54,555 [s0-client-thread1] TRACE segmented.SegmentedRaftLogCache (AutoCloseableReadWriteLock.java:logLocking(65)) - s0@group-EF46AB43B6D1: readLock ACQUIRED 1 by SegmentedRaftLogCache$LogSegmentList.countCached
2022-07-14 15:51:54,555 [s0-client-thread1] TRACE segmented.SegmentedRaftLogCache (AutoCloseableReadWriteLock.java:logLocking(65)) - s0@group-EF46AB43B6D1: readLock RELEASED 0 by SegmentedRaftLogCache$LogSegmentList.countCached
2022-07-14 15:51:54,555 [s0-client-thread1] TRACE segmented.SegmentedRaftLogCache (AutoCloseableReadWriteLock.java:logLocking(65)) - s0@group-EF46AB43B6D1: readLock ACQUIRED 1 by SegmentedRaftLogCache$LogSegmentList.getTotalCacheSize
2022-07-14 15:51:54,555 [s0-client-thread1] TRACE segmented.SegmentedRaftLogCache (AutoCloseableReadWriteLock.java:logLocking(65)) - s0@group-EF46AB43B6D1: readLock RELEASED 0 by SegmentedRaftLogCache$LogSegmentList.getTotalCacheSize
2022-07-14 15:51:54,556 [s0-client-thread1] DEBUG segmented.SegmentedRaftLogWorker (SegmentedRaftLogWorker.java:addIOTask(270)) - s0@group-EF46AB43B6D1-SegmentedRaftLogWorker adds IO task WriteLog:153: (t:1, i:153), STATEMACHINELOGENTRY, StateMachineLogEntryProto:247@client-64B90517F321
2022-07-14 15:51:54,556 [s0@group-EF46AB43B6D1-SegmentedRaftLogWorker] DEBUG segmented.SegmentedRaftLogWorker (SegmentedRaftLogWorker.java:flushIfNecessary(365)) - s0@group-EF46AB43B6D1-SegmentedRaftLogWorker: flush SegmentedRaftLogOutputStream(/home/runner/work/ratis/ratis/ratis-test/target/test/data/7931f2a6/MiniRaftClusterWithGrpc6c3cfa42/s0/d33854d5-690d-4a13-9a9e-ef46ab43b6d1/current/log_inprogress_0)
2022-07-14 15:51:54,556 [s0@group-EF46AB43B6D1-LeaderStateImpl] TRACE segmented.SegmentedRaftLogCache (AutoCloseableReadWriteLock.java:logLocking(65)) - s0@group-EF46AB43B6D1: readLock ACQUIRED 1 by SegmentedRaftLogCache.getStartIndex
2022-07-14 15:51:54,556 [s0@group-EF46AB43B6D1-LeaderStateImpl] TRACE segmented.SegmentedRaftLogCache (AutoCloseableReadWriteLock.java:logLocking(65)) -   s0@group-EF46AB43B6D1: readLock ACQUIRED 2 by SegmentedRaftLogCache$LogSegmentList.isEmpty
2022-07-14 15:51:54,556 [s0@group-EF46AB43B6D1-LeaderStateImpl] TRACE segmented.SegmentedRaftLogCache (AutoCloseableReadWriteLock.java:logLocking(65)) -   s0@group-EF46AB43B6D1: readLock RELEASED 1 by SegmentedRaftLogCache$LogSegmentList.isEmpty
2022-07-14 15:51:54,556 [s0@group-EF46AB43B6D1-LeaderStateImpl] TRACE segmented.SegmentedRaftLogCache (AutoCloseableReadWriteLock.java:logLocking(65)) - s0@group-EF46AB43B6D1: readLock RELEASED 0 by SegmentedRaftLogCache.getStartIndex
2022-07-14 15:51:54,556 [s0@group-EF46AB43B6D1-LeaderStateImpl] TRACE segmented.SegmentedRaftLogCache (AutoCloseableReadWriteLock.java:logLocking(65)) - s0@group-EF46AB43B6D1: readLock ACQUIRED 1 by SegmentedRaftLogCache.getEndIndex
2022-07-14 15:51:54,556 [s0@group-EF46AB43B6D1-LeaderStateImpl] TRACE segmented.SegmentedRaftLogCache (AutoCloseableReadWriteLock.java:logLocking(65)) - s0@group-EF46AB43B6D1: readLock RELEASED 0 by SegmentedRaftLogCache.getEndIndex
2022-07-14 15:51:54,556 [s0@group-EF46AB43B6D1-LeaderStateImpl] TRACE segmented.SegmentedRaftLogCache (AutoCloseableReadWriteLock.java:logLocking(65)) - s0@group-EF46AB43B6D1: readLock ACQUIRED 1 by SegmentedRaftLogCache$LogSegmentList.getTermIndex
2022-07-14 15:51:54,556 [s0@group-EF46AB43B6D1-LeaderStateImpl] TRACE segmented.SegmentedRaftLogCache (AutoCloseableReadWriteLock.java:logLocking(65)) - s0@group-EF46AB43B6D1: readLock RELEASED 0 by SegmentedRaftLogCache$LogSegmentList.getTermIndex
2022-07-14 15:51:54,558 [s0@group-EF46AB43B6D1-LeaderStateImpl] TRACE segmented.SegmentedRaftLogCache (AutoCloseableReadWriteLock.java:logLocking(65)) - s0@group-EF46AB43B6D1: readLock ACQUIRED 1 by SegmentedRaftLogCache.getLastTermIndex
2022-07-14 15:51:54,558 [s0@group-EF46AB43B6D1-LeaderStateImpl] TRACE segmented.SegmentedRaftLogCache (AutoCloseableReadWriteLock.java:logLocking(65)) - s0@group-EF46AB43B6D1: readLock RELEASED 0 by SegmentedRaftLogCache.getLastTermIndex
2022-07-14 15:51:54,558 [s0@group-EF46AB43B6D1-LeaderStateImpl] TRACE segmented.SegmentedRaftLogCache (AutoCloseableReadWriteLock.java:logLocking(65)) - s0@group-EF46AB43B6D1: readLock ACQUIRED 1 by SegmentedRaftLogCache$LogSegmentList.countCached
2022-07-14 15:51:54,558 [s0@group-EF46AB43B6D1-LeaderStateImpl] TRACE segmented.SegmentedRaftLogCache (AutoCloseableReadWriteLock.java:logLocking(65)) - s0@group-EF46AB43B6D1: readLock RELEASED 0 by SegmentedRaftLogCache$LogSegmentList.countCached
2022-07-14 15:51:54,558 [s0@group-EF46AB43B6D1-LeaderStateImpl] TRACE segmented.SegmentedRaftLogCache (AutoCloseableReadWriteLock.java:logLocking(65)) - s0@group-EF46AB43B6D1: readLock ACQUIRED 1 by SegmentedRaftLogCache$LogSegmentList.getTotalCacheSize
2022-07-14 15:51:54,559 [s0@group-EF46AB43B6D1-LeaderStateImpl] TRACE segmented.SegmentedRaftLogCache (AutoCloseableReadWriteLock.java:logLocking(65)) - s0@group-EF46AB43B6D1: readLock RELEASED 0 by SegmentedRaftLogCache$LogSegmentList.getTotalCacheSize
2022-07-14 15:51:54,559 [s0@group-EF46AB43B6D1-LeaderStateImpl] DEBUG segmented.SegmentedRaftLogWorker (SegmentedRaftLogWorker.java:addIOTask(270)) - s0@group-EF46AB43B6D1-SegmentedRaftLogWorker adds IO task WriteLog:154: (t:1, i:154), METADATAENTRY(c:153)
2022-07-14 15:51:54,559 [s0@group-EF46AB43B6D1-SegmentedRaftLogWorker] DEBUG segmented.SegmentedRaftLogWorker (SegmentedRaftLogWorker.java:flushIfNecessary(365)) - s0@group-EF46AB43B6D1-SegmentedRaftLogWorker: flush SegmentedRaftLogOutputStream(/home/runner/work/ratis/ratis/ratis-test/target/test/data/7931f2a6/MiniRaftClusterWithGrpc6c3cfa42/s0/d33854d5-690d-4a13-9a9e-ef46ab43b6d1/current/log_inprogress_0)
2022-07-14 15:51:54,559 [s0@group-EF46AB43B6D1-StateMachineUpdater] INFO  statemachine.SimpleStateMachine4Testing (SimpleStateMachine4Testing.java:put(204)) - s0: put 153, m76 -> (t:1, i:153), STATEMACHINELOGENTRY, 247@client-64B90517F321
2022-07-14 15:51:54,559 [s0@group-EF46AB43B6D1-LeaderStateImpl] TRACE segmented.SegmentedRaftLogCache (AutoCloseableReadWriteLock.java:logLocking(65)) - s0@group-EF46AB43B6D1: readLock ACQUIRED 1 by SegmentedRaftLogCache.getStartIndex
2022-07-14 15:51:54,560 [s0@group-EF46AB43B6D1-LeaderStateImpl] TRACE segmented.SegmentedRaftLogCache (AutoCloseableReadWriteLock.java:logLocking(65)) -   s0@group-EF46AB43B6D1: readLock ACQUIRED 2 by SegmentedRaftLogCache$LogSegmentList.isEmpty
2022-07-14 15:51:54,560 [s0@group-EF46AB43B6D1-LeaderStateImpl] TRACE segmented.SegmentedRaftLogCache (AutoCloseableReadWriteLock.java:logLocking(65)) -   s0@group-EF46AB43B6D1: readLock RELEASED 1 by SegmentedRaftLogCache$LogSegmentList.isEmpty
2022-07-14 15:51:54,560 [s0@group-EF46AB43B6D1-LeaderStateImpl] TRACE segmented.SegmentedRaftLogCache (AutoCloseableReadWriteLock.java:logLocking(65)) - s0@group-EF46AB43B6D1: readLock RELEASED 0 by SegmentedRaftLogCache.getStartIndex
2022-07-14 15:51:54,560 [s0@group-EF46AB43B6D1-LeaderStateImpl] TRACE segmented.SegmentedRaftLogCache (AutoCloseableReadWriteLock.java:logLocking(65)) - s0@group-EF46AB43B6D1: readLock ACQUIRED 1 by SegmentedRaftLogCache.getEndIndex
2022-07-14 15:51:54,560 [s0@group-EF46AB43B6D1-LeaderStateImpl] TRACE segmented.SegmentedRaftLogCache (AutoCloseableReadWriteLock.java:logLocking(65)) - s0@group-EF46AB43B6D1: readLock RELEASED 0 by SegmentedRaftLogCache.getEndIndex
2022-07-14 15:51:54,560 [s0@group-EF46AB43B6D1-LeaderStateImpl] TRACE segmented.SegmentedRaftLogCache (AutoCloseableReadWriteLock.java:logLocking(65)) - s0@group-EF46AB43B6D1: readLock ACQUIRED 1 by SegmentedRaftLogCache$LogSegmentList.getTermIndex
2022-07-14 15:51:54,560 [s0@group-EF46AB43B6D1-LeaderStateImpl] TRACE segmented.SegmentedRaftLogCache (AutoCloseableReadWriteLock.java:logLocking(65)) - s0@group-EF46AB43B6D1: readLock RELEASED 0 by SegmentedRaftLogCache$LogSegmentList.getTermIndex
2022-07-14 15:51:54,560 [s0-client-thread1] TRACE segmented.SegmentedRaftLogCache (AutoCloseableReadWriteLock.java:logLocking(65)) - s0@group-EF46AB43B6D1: readLock ACQUIRED 1 by SegmentedRaftLogCache.getLastTermIndex
2022-07-14 15:51:54,560 [s0-client-thread1] TRACE segmented.SegmentedRaftLogCache (AutoCloseableReadWriteLock.java:logLocking(65)) - s0@group-EF46AB43B6D1: readLock RELEASED 0 by SegmentedRaftLogCache.getLastTermIndex
2022-07-14 15:51:54,560 [s0-client-thread1] TRACE segmented.SegmentedRaftLogCache (AutoCloseableReadWriteLock.java:logLocking(65)) - s0@group-EF46AB43B6D1: readLock ACQUIRED 1 by SegmentedRaftLogCache.getLastTermIndex
2022-07-14 15:51:54,560 [s0-client-thread1] TRACE segmented.SegmentedRaftLogCache (AutoCloseableReadWriteLock.java:logLocking(65)) - s0@group-EF46AB43B6D1: readLock RELEASED 0 by SegmentedRaftLogCache.getLastTermIndex
2022-07-14 15:51:54,560 [s0-client-thread1] TRACE segmented.SegmentedRaftLogCache (AutoCloseableReadWriteLock.java:logLocking(65)) - s0@group-EF46AB43B6D1: readLock ACQUIRED 1 by SegmentedRaftLogCache$LogSegmentList.countCached
2022-07-14 15:51:54,561 [s0-client-thread1] TRACE segmented.SegmentedRaftLogCache (AutoCloseableReadWriteLock.java:logLocking(65)) - s0@group-EF46AB43B6D1: readLock RELEASED 0 by SegmentedRaftLogCache$LogSegmentList.countCached
2022-07-14 15:51:54,561 [s0-client-thread1] TRACE segmented.SegmentedRaftLogCache (AutoCloseableReadWriteLock.java:logLocking(65)) - s0@group-EF46AB43B6D1: readLock ACQUIRED 1 by SegmentedRaftLogCache$LogSegmentList.getTotalCacheSize
2022-07-14 15:51:54,561 [s0-client-thread1] TRACE segmented.SegmentedRaftLogCache (AutoCloseableReadWriteLock.java:logLocking(65)) - s0@group-EF46AB43B6D1: readLock RELEASED 0 by SegmentedRaftLogCache$LogSegmentList.getTotalCacheSize
2022-07-14 15:51:54,561 [s0-client-thread1] DEBUG segmented.SegmentedRaftLogWorker (SegmentedRaftLogWorker.java:addIOTask(270)) - s0@group-EF46AB43B6D1-SegmentedRaftLogWorker adds IO task WriteLog:155: (t:1, i:155), STATEMACHINELOGENTRY, StateMachineLogEntryProto:248@client-64B90517F321
2022-07-14 15:51:54,561 [s0@group-EF46AB43B6D1-SegmentedRaftLogWorker] DEBUG segmented.SegmentedRaftLogWorker (SegmentedRaftLogWorker.java:flushIfNecessary(365)) - s0@group-EF46AB43B6D1-SegmentedRaftLogWorker: flush SegmentedRaftLogOutputStream(/home/runner/work/ratis/ratis/ratis-test/target/test/data/7931f2a6/MiniRaftClusterWithGrpc6c3cfa42/s0/d33854d5-690d-4a13-9a9e-ef46ab43b6d1/current/log_inprogress_0)
2022-07-14 15:51:54,561 [s0@group-EF46AB43B6D1-LeaderStateImpl] TRACE segmented.SegmentedRaftLogCache (AutoCloseableReadWriteLock.java:logLocking(65)) - s0@group-EF46AB43B6D1: readLock ACQUIRED 1 by SegmentedRaftLogCache.getStartIndex
2022-07-14 15:51:54,561 [s0@group-EF46AB43B6D1-LeaderStateImpl] TRACE segmented.SegmentedRaftLogCache (AutoCloseableReadWriteLock.java:logLocking(65)) -   s0@group-EF46AB43B6D1: readLock ACQUIRED 2 by SegmentedRaftLogCache$LogSegmentList.isEmpty
2022-07-14 15:51:54,561 [s0@group-EF46AB43B6D1-LeaderStateImpl] TRACE segmented.SegmentedRaftLogCache (AutoCloseableReadWriteLock.java:logLocking(65)) -   s0@group-EF46AB43B6D1: readLock RELEASED 1 by SegmentedRaftLogCache$LogSegmentList.isEmpty
2022-07-14 15:51:54,561 [s0@group-EF46AB43B6D1-LeaderStateImpl] TRACE segmented.SegmentedRaftLogCache (AutoCloseableReadWriteLock.java:logLocking(65)) - s0@group-EF46AB43B6D1: readLock RELEASED 0 by SegmentedRaftLogCache.getStartIndex
2022-07-14 15:51:54,561 [s0@group-EF46AB43B6D1-LeaderStateImpl] TRACE segmented.SegmentedRaftLogCache (AutoCloseableReadWriteLock.java:logLocking(65)) - s0@group-EF46AB43B6D1: readLock ACQUIRED 1 by SegmentedRaftLogCache.getEndIndex
2022-07-14 15:51:54,561 [s0@group-EF46AB43B6D1-LeaderStateImpl] TRACE segmented.SegmentedRaftLogCache (AutoCloseableReadWriteLock.java:logLocking(65)) - s0@group-EF46AB43B6D1: readLock RELEASED 0 by SegmentedRaftLogCache.getEndIndex
2022-07-14 15:51:54,561 [s0@group-EF46AB43B6D1-LeaderStateImpl] TRACE segmented.SegmentedRaftLogCache (AutoCloseableReadWriteLock.java:logLocking(65)) - s0@group-EF46AB43B6D1: readLock ACQUIRED 1 by SegmentedRaftLogCache$LogSegmentList.getTermIndex
2022-07-14 15:51:54,561 [s0@group-EF46AB43B6D1-LeaderStateImpl] TRACE segmented.SegmentedRaftLogCache (AutoCloseableReadWriteLock.java:logLocking(65)) - s0@group-EF46AB43B6D1: readLock RELEASED 0 by SegmentedRaftLogCache$LogSegmentList.getTermIndex
2022-07-14 15:51:54,562 [s0@group-EF46AB43B6D1-LeaderStateImpl] TRACE segmented.SegmentedRaftLogCache (AutoCloseableReadWriteLock.java:logLocking(65)) - s0@group-EF46AB43B6D1: readLock ACQUIRED 1 by SegmentedRaftLogCache.getLastTermIndex
2022-07-14 15:51:54,562 [s0@group-EF46AB43B6D1-LeaderStateImpl] TRACE segmented.SegmentedRaftLogCache (AutoCloseableReadWriteLock.java:logLocking(65)) - s0@group-EF46AB43B6D1: readLock RELEASED 0 by SegmentedRaftLogCache.getLastTermIndex
2022-07-14 15:51:54,562 [s0@group-EF46AB43B6D1-LeaderStateImpl] TRACE segmented.SegmentedRaftLogCache (AutoCloseableReadWriteLock.java:logLocking(65)) - s0@group-EF46AB43B6D1: readLock ACQUIRED 1 by SegmentedRaftLogCache$LogSegmentList.countCached
2022-07-14 15:51:54,562 [s0@group-EF46AB43B6D1-LeaderStateImpl] TRACE segmented.SegmentedRaftLogCache (AutoCloseableReadWriteLock.java:logLocking(65)) - s0@group-EF46AB43B6D1: readLock RELEASED 0 by SegmentedRaftLogCache$LogSegmentList.countCached
2022-07-14 15:51:54,562 [s0@group-EF46AB43B6D1-LeaderStateImpl] TRACE segmented.SegmentedRaftLogCache (AutoCloseableReadWriteLock.java:logLocking(65)) - s0@group-EF46AB43B6D1: readLock ACQUIRED 1 by SegmentedRaftLogCache$LogSegmentList.getTotalCacheSize
2022-07-14 15:51:54,562 [s0@group-EF46AB43B6D1-LeaderStateImpl] TRACE segmented.SegmentedRaftLogCache (AutoCloseableReadWriteLock.java:logLocking(65)) - s0@group-EF46AB43B6D1: readLock RELEASED 0 by SegmentedRaftLogCache$LogSegmentList.getTotalCacheSize
2022-07-14 15:51:54,562 [s0@group-EF46AB43B6D1-LeaderStateImpl] DEBUG segmented.SegmentedRaftLogWorker (SegmentedRaftLogWorker.java:addIOTask(270)) - s0@group-EF46AB43B6D1-SegmentedRaftLogWorker adds IO task WriteLog:156: (t:1, i:156), METADATAENTRY(c:155)
2022-07-14 15:51:54,562 [s0@group-EF46AB43B6D1-SegmentedRaftLogWorker] DEBUG segmented.SegmentedRaftLogWorker (SegmentedRaftLogWorker.java:flushIfNecessary(365)) - s0@group-EF46AB43B6D1-SegmentedRaftLogWorker: flush SegmentedRaftLogOutputStream(/home/runner/work/ratis/ratis/ratis-test/target/test/data/7931f2a6/MiniRaftClusterWithGrpc6c3cfa42/s0/d33854d5-690d-4a13-9a9e-ef46ab43b6d1/current/log_inprogress_0)
2022-07-14 15:51:54,562 [s0@group-EF46AB43B6D1-StateMachineUpdater] INFO  statemachine.SimpleStateMachine4Testing (SimpleStateMachine4Testing.java:put(204)) - s0: put 155, m77 -> (t:1, i:155), STATEMACHINELOGENTRY, 248@client-64B90517F321
2022-07-14 15:51:54,562 [s0@group-EF46AB43B6D1-LeaderStateImpl] TRACE segmented.SegmentedRaftLogCache (AutoCloseableReadWriteLock.java:logLocking(65)) - s0@group-EF46AB43B6D1: readLock ACQUIRED 1 by SegmentedRaftLogCache.getStartIndex
2022-07-14 15:51:54,562 [s0@group-EF46AB43B6D1-LeaderStateImpl] TRACE segmented.SegmentedRaftLogCache (AutoCloseableReadWriteLock.java:logLocking(65)) -   s0@group-EF46AB43B6D1: readLock ACQUIRED 2 by SegmentedRaftLogCache$LogSegmentList.isEmpty
2022-07-14 15:51:54,563 [s0@group-EF46AB43B6D1-LeaderStateImpl] TRACE segmented.SegmentedRaftLogCache (AutoCloseableReadWriteLock.java:logLocking(65)) -   s0@group-EF46AB43B6D1: readLock RELEASED 1 by SegmentedRaftLogCache$LogSegmentList.isEmpty
2022-07-14 15:51:54,563 [s0@group-EF46AB43B6D1-LeaderStateImpl] TRACE segmented.SegmentedRaftLogCache (AutoCloseableReadWriteLock.java:logLocking(65)) - s0@group-EF46AB43B6D1: readLock RELEASED 0 by SegmentedRaftLogCache.getStartIndex
2022-07-14 15:51:54,563 [s0@group-EF46AB43B6D1-LeaderStateImpl] TRACE segmented.SegmentedRaftLogCache (AutoCloseableReadWriteLock.java:logLocking(65)) - s0@group-EF46AB43B6D1: readLock ACQUIRED 1 by SegmentedRaftLogCache.getEndIndex
2022-07-14 15:51:54,563 [s0@group-EF46AB43B6D1-LeaderStateImpl] TRACE segmented.SegmentedRaftLogCache (AutoCloseableReadWriteLock.java:logLocking(65)) - s0@group-EF46AB43B6D1: readLock RELEASED 0 by SegmentedRaftLogCache.getEndIndex
2022-07-14 15:51:54,563 [s0@group-EF46AB43B6D1-LeaderStateImpl] TRACE segmented.SegmentedRaftLogCache (AutoCloseableReadWriteLock.java:logLocking(65)) - s0@group-EF46AB43B6D1: readLock ACQUIRED 1 by SegmentedRaftLogCache$LogSegmentList.getTermIndex
2022-07-14 15:51:54,563 [s0@group-EF46AB43B6D1-LeaderStateImpl] TRACE segmented.SegmentedRaftLogCache (AutoCloseableReadWriteLock.java:logLocking(65)) - s0@group-EF46AB43B6D1: readLock RELEASED 0 by SegmentedRaftLogCache$LogSegmentList.getTermIndex
2022-07-14 15:51:54,563 [s0-client-thread1] TRACE segmented.SegmentedRaftLogCache (AutoCloseableReadWriteLock.java:logLocking(65)) - s0@group-EF46AB43B6D1: readLock ACQUIRED 1 by SegmentedRaftLogCache.getLastTermIndex
2022-07-14 15:51:54,564 [s0-client-thread1] TRACE segmented.SegmentedRaftLogCache (AutoCloseableReadWriteLock.java:logLocking(65)) - s0@group-EF46AB43B6D1: readLock RELEASED 0 by SegmentedRaftLogCache.getLastTermIndex
2022-07-14 15:51:54,564 [s0-client-thread1] TRACE segmented.SegmentedRaftLogCache (AutoCloseableReadWriteLock.java:logLocking(65)) - s0@group-EF46AB43B6D1: readLock ACQUIRED 1 by SegmentedRaftLogCache.getLastTermIndex
2022-07-14 15:51:54,564 [s0-client-thread1] TRACE segmented.SegmentedRaftLogCache (AutoCloseableReadWriteLock.java:logLocking(65)) - s0@group-EF46AB43B6D1: readLock RELEASED 0 by SegmentedRaftLogCache.getLastTermIndex
2022-07-14 15:51:54,564 [s0-client-thread1] TRACE segmented.SegmentedRaftLogCache (AutoCloseableReadWriteLock.java:logLocking(65)) - s0@group-EF46AB43B6D1: readLock ACQUIRED 1 by SegmentedRaftLogCache$LogSegmentList.countCached
2022-07-14 15:51:54,564 [s0-client-thread1] TRACE segmented.SegmentedRaftLogCache (AutoCloseableReadWriteLock.java:logLocking(65)) - s0@group-EF46AB43B6D1: readLock RELEASED 0 by SegmentedRaftLogCache$LogSegmentList.countCached
2022-07-14 15:51:54,564 [s0-client-thread1] TRACE segmented.SegmentedRaftLogCache (AutoCloseableReadWriteLock.java:logLocking(65)) - s0@group-EF46AB43B6D1: readLock ACQUIRED 1 by SegmentedRaftLogCache$LogSegmentList.getTotalCacheSize
2022-07-14 15:51:54,564 [s0-client-thread1] TRACE segmented.SegmentedRaftLogCache (AutoCloseableReadWriteLock.java:logLocking(65)) - s0@group-EF46AB43B6D1: readLock RELEASED 0 by SegmentedRaftLogCache$LogSegmentList.getTotalCacheSize
2022-07-14 15:51:54,564 [s0-client-thread1] DEBUG segmented.SegmentedRaftLogWorker (SegmentedRaftLogWorker.java:addIOTask(270)) - s0@group-EF46AB43B6D1-SegmentedRaftLogWorker adds IO task WriteLog:157: (t:1, i:157), STATEMACHINELOGENTRY, StateMachineLogEntryProto:249@client-64B90517F321
2022-07-14 15:51:54,564 [s0@group-EF46AB43B6D1-SegmentedRaftLogWorker] DEBUG segmented.SegmentedRaftLogWorker (SegmentedRaftLogWorker.java:flushIfNecessary(365)) - s0@group-EF46AB43B6D1-SegmentedRaftLogWorker: flush SegmentedRaftLogOutputStream(/home/runner/work/ratis/ratis/ratis-test/target/test/data/7931f2a6/MiniRaftClusterWithGrpc6c3cfa42/s0/d33854d5-690d-4a13-9a9e-ef46ab43b6d1/current/log_inprogress_0)
2022-07-14 15:51:54,564 [s0@group-EF46AB43B6D1-LeaderStateImpl] TRACE segmented.SegmentedRaftLogCache (AutoCloseableReadWriteLock.java:logLocking(65)) - s0@group-EF46AB43B6D1: readLock ACQUIRED 1 by SegmentedRaftLogCache.getStartIndex
2022-07-14 15:51:54,564 [s0@group-EF46AB43B6D1-LeaderStateImpl] TRACE segmented.SegmentedRaftLogCache (AutoCloseableReadWriteLock.java:logLocking(65)) -   s0@group-EF46AB43B6D1: readLock ACQUIRED 2 by SegmentedRaftLogCache$LogSegmentList.isEmpty
2022-07-14 15:51:54,564 [s0@group-EF46AB43B6D1-LeaderStateImpl] TRACE segmented.SegmentedRaftLogCache (AutoCloseableReadWriteLock.java:logLocking(65)) -   s0@group-EF46AB43B6D1: readLock RELEASED 1 by SegmentedRaftLogCache$LogSegmentList.isEmpty
2022-07-14 15:51:54,564 [s0@group-EF46AB43B6D1-LeaderStateImpl] TRACE segmented.SegmentedRaftLogCache (AutoCloseableReadWriteLock.java:logLocking(65)) - s0@group-EF46AB43B6D1: readLock RELEASED 0 by SegmentedRaftLogCache.getStartIndex
2022-07-14 15:51:54,565 [s0@group-EF46AB43B6D1-LeaderStateImpl] TRACE segmented.SegmentedRaftLogCache (AutoCloseableReadWriteLock.java:logLocking(65)) - s0@group-EF46AB43B6D1: readLock ACQUIRED 1 by SegmentedRaftLogCache.getEndIndex
2022-07-14 15:51:54,565 [s0@group-EF46AB43B6D1-LeaderStateImpl] TRACE segmented.SegmentedRaftLogCache (AutoCloseableReadWriteLock.java:logLocking(65)) - s0@group-EF46AB43B6D1: readLock RELEASED 0 by SegmentedRaftLogCache.getEndIndex
2022-07-14 15:51:54,565 [s0@group-EF46AB43B6D1-LeaderStateImpl] TRACE segmented.SegmentedRaftLogCache (AutoCloseableReadWriteLock.java:logLocking(65)) - s0@group-EF46AB43B6D1: readLock ACQUIRED 1 by SegmentedRaftLogCache$LogSegmentList.getTermIndex
2022-07-14 15:51:54,565 [s0@group-EF46AB43B6D1-LeaderStateImpl] TRACE segmented.SegmentedRaftLogCache (AutoCloseableReadWriteLock.java:logLocking(65)) - s0@group-EF46AB43B6D1: readLock RELEASED 0 by SegmentedRaftLogCache$LogSegmentList.getTermIndex
2022-07-14 15:51:54,565 [s0@group-EF46AB43B6D1-LeaderStateImpl] TRACE segmented.SegmentedRaftLogCache (AutoCloseableReadWriteLock.java:logLocking(65)) - s0@group-EF46AB43B6D1: readLock ACQUIRED 1 by SegmentedRaftLogCache.getLastTermIndex
2022-07-14 15:51:54,565 [s0@group-EF46AB43B6D1-LeaderStateImpl] TRACE segmented.SegmentedRaftLogCache (AutoCloseableReadWriteLock.java:logLocking(65)) - s0@group-EF46AB43B6D1: readLock RELEASED 0 by SegmentedRaftLogCache.getLastTermIndex
2022-07-14 15:51:54,565 [s0@group-EF46AB43B6D1-LeaderStateImpl] TRACE segmented.SegmentedRaftLogCache (AutoCloseableReadWriteLock.java:logLocking(65)) - s0@group-EF46AB43B6D1: readLock ACQUIRED 1 by SegmentedRaftLogCache$LogSegmentList.countCached
2022-07-14 15:51:54,565 [s0@group-EF46AB43B6D1-LeaderStateImpl] TRACE segmented.SegmentedRaftLogCache (AutoCloseableReadWriteLock.java:logLocking(65)) - s0@group-EF46AB43B6D1: readLock RELEASED 0 by SegmentedRaftLogCache$LogSegmentList.countCached
2022-07-14 15:51:54,565 [s0@group-EF46AB43B6D1-LeaderStateImpl] TRACE segmented.SegmentedRaftLogCache (AutoCloseableReadWriteLock.java:logLocking(65)) - s0@group-EF46AB43B6D1: readLock ACQUIRED 1 by SegmentedRaftLogCache$LogSegmentList.getTotalCacheSize
2022-07-14 15:51:54,565 [s0@group-EF46AB43B6D1-LeaderStateImpl] TRACE segmented.SegmentedRaftLogCache (AutoCloseableReadWriteLock.java:logLocking(65)) - s0@group-EF46AB43B6D1: readLock RELEASED 0 by SegmentedRaftLogCache$LogSegmentList.getTotalCacheSize
2022-07-14 15:51:54,565 [s0@group-EF46AB43B6D1-LeaderStateImpl] DEBUG segmented.SegmentedRaftLogWorker (SegmentedRaftLogWorker.java:addIOTask(270)) - s0@group-EF46AB43B6D1-SegmentedRaftLogWorker adds IO task WriteLog:158: (t:1, i:158), METADATAENTRY(c:157)
2022-07-14 15:51:54,565 [s0@group-EF46AB43B6D1-SegmentedRaftLogWorker] DEBUG segmented.SegmentedRaftLogWorker (SegmentedRaftLogWorker.java:flushIfNecessary(365)) - s0@group-EF46AB43B6D1-SegmentedRaftLogWorker: flush SegmentedRaftLogOutputStream(/home/runner/work/ratis/ratis/ratis-test/target/test/data/7931f2a6/MiniRaftClusterWithGrpc6c3cfa42/s0/d33854d5-690d-4a13-9a9e-ef46ab43b6d1/current/log_inprogress_0)
2022-07-14 15:51:54,565 [s0@group-EF46AB43B6D1-StateMachineUpdater] INFO  statemachine.SimpleStateMachine4Testing (SimpleStateMachine4Testing.java:put(204)) - s0: put 157, m78 -> (t:1, i:157), STATEMACHINELOGENTRY, 249@client-64B90517F321
2022-07-14 15:51:54,566 [s0@group-EF46AB43B6D1-LeaderStateImpl] TRACE segmented.SegmentedRaftLogCache (AutoCloseableReadWriteLock.java:logLocking(65)) - s0@group-EF46AB43B6D1: readLock ACQUIRED 1 by SegmentedRaftLogCache.getStartIndex
2022-07-14 15:51:54,567 [s0@group-EF46AB43B6D1-LeaderStateImpl] TRACE segmented.SegmentedRaftLogCache (AutoCloseableReadWriteLock.java:logLocking(65)) -   s0@group-EF46AB43B6D1: readLock ACQUIRED 2 by SegmentedRaftLogCache$LogSegmentList.isEmpty
2022-07-14 15:51:54,567 [s0@group-EF46AB43B6D1-LeaderStateImpl] TRACE segmented.SegmentedRaftLogCache (AutoCloseableReadWriteLock.java:logLocking(65)) -   s0@group-EF46AB43B6D1: readLock RELEASED 1 by SegmentedRaftLogCache$LogSegmentList.isEmpty
2022-07-14 15:51:54,567 [s0@group-EF46AB43B6D1-LeaderStateImpl] TRACE segmented.SegmentedRaftLogCache (AutoCloseableReadWriteLock.java:logLocking(65)) - s0@group-EF46AB43B6D1: readLock RELEASED 0 by SegmentedRaftLogCache.getStartIndex
2022-07-14 15:51:54,567 [s0@group-EF46AB43B6D1-LeaderStateImpl] TRACE segmented.SegmentedRaftLogCache (AutoCloseableReadWriteLock.java:logLocking(65)) - s0@group-EF46AB43B6D1: readLock ACQUIRED 1 by SegmentedRaftLogCache.getEndIndex
2022-07-14 15:51:54,567 [s0@group-EF46AB43B6D1-LeaderStateImpl] TRACE segmented.SegmentedRaftLogCache (AutoCloseableReadWriteLock.java:logLocking(65)) - s0@group-EF46AB43B6D1: readLock RELEASED 0 by SegmentedRaftLogCache.getEndIndex
2022-07-14 15:51:54,567 [s0@group-EF46AB43B6D1-LeaderStateImpl] TRACE segmented.SegmentedRaftLogCache (AutoCloseableReadWriteLock.java:logLocking(65)) - s0@group-EF46AB43B6D1: readLock ACQUIRED 1 by SegmentedRaftLogCache$LogSegmentList.getTermIndex
2022-07-14 15:51:54,567 [s0@group-EF46AB43B6D1-LeaderStateImpl] TRACE segmented.SegmentedRaftLogCache (AutoCloseableReadWriteLock.java:logLocking(65)) - s0@group-EF46AB43B6D1: readLock RELEASED 0 by SegmentedRaftLogCache$LogSegmentList.getTermIndex
2022-07-14 15:51:54,567 [s0-client-thread1] TRACE segmented.SegmentedRaftLogCache (AutoCloseableReadWriteLock.java:logLocking(65)) - s0@group-EF46AB43B6D1: readLock ACQUIRED 1 by SegmentedRaftLogCache.getLastTermIndex
2022-07-14 15:51:54,567 [s0-client-thread1] TRACE segmented.SegmentedRaftLogCache (AutoCloseableReadWriteLock.java:logLocking(65)) - s0@group-EF46AB43B6D1: readLock RELEASED 0 by SegmentedRaftLogCache.getLastTermIndex
2022-07-14 15:51:54,567 [s0-client-thread1] TRACE segmented.SegmentedRaftLogCache (AutoCloseableReadWriteLock.java:logLocking(65)) - s0@group-EF46AB43B6D1: readLock ACQUIRED 1 by SegmentedRaftLogCache.getLastTermIndex
2022-07-14 15:51:54,567 [s0-client-thread1] TRACE segmented.SegmentedRaftLogCache (AutoCloseableReadWriteLock.java:logLocking(65)) - s0@group-EF46AB43B6D1: readLock RELEASED 0 by SegmentedRaftLogCache.getLastTermIndex
2022-07-14 15:51:54,567 [s0-client-thread1] TRACE segmented.SegmentedRaftLogCache (AutoCloseableReadWriteLock.java:logLocking(65)) - s0@group-EF46AB43B6D1: readLock ACQUIRED 1 by SegmentedRaftLogCache$LogSegmentList.countCached
2022-07-14 15:51:54,567 [s0-client-thread1] TRACE segmented.SegmentedRaftLogCache (AutoCloseableReadWriteLock.java:logLocking(65)) - s0@group-EF46AB43B6D1: readLock RELEASED 0 by SegmentedRaftLogCache$LogSegmentList.countCached
2022-07-14 15:51:54,567 [s0-client-thread1] TRACE segmented.SegmentedRaftLogCache (AutoCloseableReadWriteLock.java:logLocking(65)) - s0@group-EF46AB43B6D1: readLock ACQUIRED 1 by SegmentedRaftLogCache$LogSegmentList.getTotalCacheSize
2022-07-14 15:51:54,568 [s0-client-thread1] TRACE segmented.SegmentedRaftLogCache (AutoCloseableReadWriteLock.java:logLocking(65)) - s0@group-EF46AB43B6D1: readLock RELEASED 0 by SegmentedRaftLogCache$LogSegmentList.getTotalCacheSize
2022-07-14 15:51:54,568 [s0-client-thread1] DEBUG segmented.SegmentedRaftLogWorker (SegmentedRaftLogWorker.java:addIOTask(270)) - s0@group-EF46AB43B6D1-SegmentedRaftLogWorker adds IO task WriteLog:159: (t:1, i:159), STATEMACHINELOGENTRY, StateMachineLogEntryProto:250@client-64B90517F321
2022-07-14 15:51:54,568 [s0@group-EF46AB43B6D1-SegmentedRaftLogWorker] DEBUG segmented.SegmentedRaftLogWorker (SegmentedRaftLogWorker.java:flushIfNecessary(365)) - s0@group-EF46AB43B6D1-SegmentedRaftLogWorker: flush SegmentedRaftLogOutputStream(/home/runner/work/ratis/ratis/ratis-test/target/test/data/7931f2a6/MiniRaftClusterWithGrpc6c3cfa42/s0/d33854d5-690d-4a13-9a9e-ef46ab43b6d1/current/log_inprogress_0)
2022-07-14 15:51:54,568 [s0@group-EF46AB43B6D1-LeaderStateImpl] TRACE segmented.SegmentedRaftLogCache (AutoCloseableReadWriteLock.java:logLocking(65)) - s0@group-EF46AB43B6D1: readLock ACQUIRED 1 by SegmentedRaftLogCache.getStartIndex
2022-07-14 15:51:54,568 [s0@group-EF46AB43B6D1-LeaderStateImpl] TRACE segmented.SegmentedRaftLogCache (AutoCloseableReadWriteLock.java:logLocking(65)) -   s0@group-EF46AB43B6D1: readLock ACQUIRED 2 by SegmentedRaftLogCache$LogSegmentList.isEmpty
2022-07-14 15:51:54,568 [s0@group-EF46AB43B6D1-LeaderStateImpl] TRACE segmented.SegmentedRaftLogCache (AutoCloseableReadWriteLock.java:logLocking(65)) -   s0@group-EF46AB43B6D1: readLock RELEASED 1 by SegmentedRaftLogCache$LogSegmentList.isEmpty
2022-07-14 15:51:54,568 [s0@group-EF46AB43B6D1-LeaderStateImpl] TRACE segmented.SegmentedRaftLogCache (AutoCloseableReadWriteLock.java:logLocking(65)) - s0@group-EF46AB43B6D1: readLock RELEASED 0 by SegmentedRaftLogCache.getStartIndex
2022-07-14 15:51:54,568 [s0@group-EF46AB43B6D1-LeaderStateImpl] TRACE segmented.SegmentedRaftLogCache (AutoCloseableReadWriteLock.java:logLocking(65)) - s0@group-EF46AB43B6D1: readLock ACQUIRED 1 by SegmentedRaftLogCache.getEndIndex
2022-07-14 15:51:54,568 [s0@group-EF46AB43B6D1-LeaderStateImpl] TRACE segmented.SegmentedRaftLogCache (AutoCloseableReadWriteLock.java:logLocking(65)) - s0@group-EF46AB43B6D1: readLock RELEASED 0 by SegmentedRaftLogCache.getEndIndex
2022-07-14 15:51:54,568 [s0@group-EF46AB43B6D1-LeaderStateImpl] TRACE segmented.SegmentedRaftLogCache (AutoCloseableReadWriteLock.java:logLocking(65)) - s0@group-EF46AB43B6D1: readLock ACQUIRED 1 by SegmentedRaftLogCache$LogSegmentList.getTermIndex
2022-07-14 15:51:54,568 [s0@group-EF46AB43B6D1-LeaderStateImpl] TRACE segmented.SegmentedRaftLogCache (AutoCloseableReadWriteLock.java:logLocking(65)) - s0@group-EF46AB43B6D1: readLock RELEASED 0 by SegmentedRaftLogCache$LogSegmentList.getTermIndex
2022-07-14 15:51:54,568 [s0@group-EF46AB43B6D1-LeaderStateImpl] TRACE segmented.SegmentedRaftLogCache (AutoCloseableReadWriteLock.java:logLocking(65)) - s0@group-EF46AB43B6D1: readLock ACQUIRED 1 by SegmentedRaftLogCache.getLastTermIndex
2022-07-14 15:51:54,569 [s0@group-EF46AB43B6D1-LeaderStateImpl] TRACE segmented.SegmentedRaftLogCache (AutoCloseableReadWriteLock.java:logLocking(65)) - s0@group-EF46AB43B6D1: readLock RELEASED 0 by SegmentedRaftLogCache.getLastTermIndex
2022-07-14 15:51:54,569 [s0@group-EF46AB43B6D1-LeaderStateImpl] TRACE segmented.SegmentedRaftLogCache (AutoCloseableReadWriteLock.java:logLocking(65)) - s0@group-EF46AB43B6D1: readLock ACQUIRED 1 by SegmentedRaftLogCache$LogSegmentList.countCached
2022-07-14 15:51:54,569 [s0@group-EF46AB43B6D1-LeaderStateImpl] TRACE segmented.SegmentedRaftLogCache (AutoCloseableReadWriteLock.java:logLocking(65)) - s0@group-EF46AB43B6D1: readLock RELEASED 0 by SegmentedRaftLogCache$LogSegmentList.countCached
2022-07-14 15:51:54,569 [s0@group-EF46AB43B6D1-LeaderStateImpl] TRACE segmented.SegmentedRaftLogCache (AutoCloseableReadWriteLock.java:logLocking(65)) - s0@group-EF46AB43B6D1: readLock ACQUIRED 1 by SegmentedRaftLogCache$LogSegmentList.getTotalCacheSize
2022-07-14 15:51:54,569 [s0@group-EF46AB43B6D1-LeaderStateImpl] TRACE segmented.SegmentedRaftLogCache (AutoCloseableReadWriteLock.java:logLocking(65)) - s0@group-EF46AB43B6D1: readLock RELEASED 0 by SegmentedRaftLogCache$LogSegmentList.getTotalCacheSize
2022-07-14 15:51:54,569 [s0@group-EF46AB43B6D1-LeaderStateImpl] DEBUG segmented.SegmentedRaftLogWorker (SegmentedRaftLogWorker.java:addIOTask(270)) - s0@group-EF46AB43B6D1-SegmentedRaftLogWorker adds IO task WriteLog:160: (t:1, i:160), METADATAENTRY(c:159)
2022-07-14 15:51:54,569 [s0@group-EF46AB43B6D1-SegmentedRaftLogWorker] DEBUG segmented.SegmentedRaftLogWorker (SegmentedRaftLogWorker.java:flushIfNecessary(365)) - s0@group-EF46AB43B6D1-SegmentedRaftLogWorker: flush SegmentedRaftLogOutputStream(/home/runner/work/ratis/ratis/ratis-test/target/test/data/7931f2a6/MiniRaftClusterWithGrpc6c3cfa42/s0/d33854d5-690d-4a13-9a9e-ef46ab43b6d1/current/log_inprogress_0)
2022-07-14 15:51:54,569 [s0@group-EF46AB43B6D1-StateMachineUpdater] INFO  statemachine.SimpleStateMachine4Testing (SimpleStateMachine4Testing.java:put(204)) - s0: put 159, m79 -> (t:1, i:159), STATEMACHINELOGENTRY, 250@client-64B90517F321
2022-07-14 15:51:54,569 [s0@group-EF46AB43B6D1-LeaderStateImpl] TRACE segmented.SegmentedRaftLogCache (AutoCloseableReadWriteLock.java:logLocking(65)) - s0@group-EF46AB43B6D1: readLock ACQUIRED 1 by SegmentedRaftLogCache.getStartIndex
2022-07-14 15:51:54,569 [s0@group-EF46AB43B6D1-LeaderStateImpl] TRACE segmented.SegmentedRaftLogCache (AutoCloseableReadWriteLock.java:logLocking(65)) -   s0@group-EF46AB43B6D1: readLock ACQUIRED 2 by SegmentedRaftLogCache$LogSegmentList.isEmpty
2022-07-14 15:51:54,570 [s0@group-EF46AB43B6D1-LeaderStateImpl] TRACE segmented.SegmentedRaftLogCache (AutoCloseableReadWriteLock.java:logLocking(65)) -   s0@group-EF46AB43B6D1: readLock RELEASED 1 by SegmentedRaftLogCache$LogSegmentList.isEmpty
2022-07-14 15:51:54,570 [s0@group-EF46AB43B6D1-LeaderStateImpl] TRACE segmented.SegmentedRaftLogCache (AutoCloseableReadWriteLock.java:logLocking(65)) - s0@group-EF46AB43B6D1: readLock RELEASED 0 by SegmentedRaftLogCache.getStartIndex
2022-07-14 15:51:54,570 [s0@group-EF46AB43B6D1-LeaderStateImpl] TRACE segmented.SegmentedRaftLogCache (AutoCloseableReadWriteLock.java:logLocking(65)) - s0@group-EF46AB43B6D1: readLock ACQUIRED 1 by SegmentedRaftLogCache.getEndIndex
2022-07-14 15:51:54,570 [s0@group-EF46AB43B6D1-LeaderStateImpl] TRACE segmented.SegmentedRaftLogCache (AutoCloseableReadWriteLock.java:logLocking(65)) - s0@group-EF46AB43B6D1: readLock RELEASED 0 by SegmentedRaftLogCache.getEndIndex
2022-07-14 15:51:54,570 [s0@group-EF46AB43B6D1-LeaderStateImpl] TRACE segmented.SegmentedRaftLogCache (AutoCloseableReadWriteLock.java:logLocking(65)) - s0@group-EF46AB43B6D1: readLock ACQUIRED 1 by SegmentedRaftLogCache$LogSegmentList.getTermIndex
2022-07-14 15:51:54,570 [s0@group-EF46AB43B6D1-LeaderStateImpl] TRACE segmented.SegmentedRaftLogCache (AutoCloseableReadWriteLock.java:logLocking(65)) - s0@group-EF46AB43B6D1: readLock RELEASED 0 by SegmentedRaftLogCache$LogSegmentList.getTermIndex
2022-07-14 15:51:54,570 [s0-client-thread1] TRACE segmented.SegmentedRaftLogCache (AutoCloseableReadWriteLock.java:logLocking(65)) - s0@group-EF46AB43B6D1: readLock ACQUIRED 1 by SegmentedRaftLogCache.getLastTermIndex
2022-07-14 15:51:54,570 [s0-client-thread1] TRACE segmented.SegmentedRaftLogCache (AutoCloseableReadWriteLock.java:logLocking(65)) - s0@group-EF46AB43B6D1: readLock RELEASED 0 by SegmentedRaftLogCache.getLastTermIndex
2022-07-14 15:51:54,570 [s0-client-thread1] TRACE segmented.SegmentedRaftLogCache (AutoCloseableReadWriteLock.java:logLocking(65)) - s0@group-EF46AB43B6D1: readLock ACQUIRED 1 by SegmentedRaftLogCache.getLastTermIndex
2022-07-14 15:51:54,570 [s0-client-thread1] TRACE segmented.SegmentedRaftLogCache (AutoCloseableReadWriteLock.java:logLocking(65)) - s0@group-EF46AB43B6D1: readLock RELEASED 0 by SegmentedRaftLogCache.getLastTermIndex
2022-07-14 15:51:54,571 [s0-client-thread1] TRACE segmented.SegmentedRaftLogCache (AutoCloseableReadWriteLock.java:logLocking(65)) - s0@group-EF46AB43B6D1: readLock ACQUIRED 1 by SegmentedRaftLogCache$LogSegmentList.countCached
2022-07-14 15:51:54,571 [s0-client-thread1] TRACE segmented.SegmentedRaftLogCache (AutoCloseableReadWriteLock.java:logLocking(65)) - s0@group-EF46AB43B6D1: readLock RELEASED 0 by SegmentedRaftLogCache$LogSegmentList.countCached
2022-07-14 15:51:54,571 [s0-client-thread1] TRACE segmented.SegmentedRaftLogCache (AutoCloseableReadWriteLock.java:logLocking(65)) - s0@group-EF46AB43B6D1: readLock ACQUIRED 1 by SegmentedRaftLogCache$LogSegmentList.getTotalCacheSize
2022-07-14 15:51:54,571 [s0-client-thread1] TRACE segmented.SegmentedRaftLogCache (AutoCloseableReadWriteLock.java:logLocking(65)) - s0@group-EF46AB43B6D1: readLock RELEASED 0 by SegmentedRaftLogCache$LogSegmentList.getTotalCacheSize
2022-07-14 15:51:54,571 [s0-client-thread1] DEBUG segmented.SegmentedRaftLogWorker (SegmentedRaftLogWorker.java:addIOTask(270)) - s0@group-EF46AB43B6D1-SegmentedRaftLogWorker adds IO task WriteLog:161: (t:1, i:161), STATEMACHINELOGENTRY, StateMachineLogEntryProto:251@client-64B90517F321
2022-07-14 15:51:54,571 [s0@group-EF46AB43B6D1-SegmentedRaftLogWorker] DEBUG segmented.SegmentedRaftLogWorker (SegmentedRaftLogWorker.java:flushIfNecessary(365)) - s0@group-EF46AB43B6D1-SegmentedRaftLogWorker: flush SegmentedRaftLogOutputStream(/home/runner/work/ratis/ratis/ratis-test/target/test/data/7931f2a6/MiniRaftClusterWithGrpc6c3cfa42/s0/d33854d5-690d-4a13-9a9e-ef46ab43b6d1/current/log_inprogress_0)
2022-07-14 15:51:54,571 [s0@group-EF46AB43B6D1-LeaderStateImpl] TRACE segmented.SegmentedRaftLogCache (AutoCloseableReadWriteLock.java:logLocking(65)) - s0@group-EF46AB43B6D1: readLock ACQUIRED 1 by SegmentedRaftLogCache.getStartIndex
2022-07-14 15:51:54,571 [s0@group-EF46AB43B6D1-LeaderStateImpl] TRACE segmented.SegmentedRaftLogCache (AutoCloseableReadWriteLock.java:logLocking(65)) -   s0@group-EF46AB43B6D1: readLock ACQUIRED 2 by SegmentedRaftLogCache$LogSegmentList.isEmpty
2022-07-14 15:51:54,571 [s0@group-EF46AB43B6D1-LeaderStateImpl] TRACE segmented.SegmentedRaftLogCache (AutoCloseableReadWriteLock.java:logLocking(65)) -   s0@group-EF46AB43B6D1: readLock RELEASED 1 by SegmentedRaftLogCache$LogSegmentList.isEmpty
2022-07-14 15:51:54,571 [s0@group-EF46AB43B6D1-LeaderStateImpl] TRACE segmented.SegmentedRaftLogCache (AutoCloseableReadWriteLock.java:logLocking(65)) - s0@group-EF46AB43B6D1: readLock RELEASED 0 by SegmentedRaftLogCache.getStartIndex
2022-07-14 15:51:54,571 [s0@group-EF46AB43B6D1-LeaderStateImpl] TRACE segmented.SegmentedRaftLogCache (AutoCloseableReadWriteLock.java:logLocking(65)) - s0@group-EF46AB43B6D1: readLock ACQUIRED 1 by SegmentedRaftLogCache.getEndIndex
2022-07-14 15:51:54,571 [s0@group-EF46AB43B6D1-LeaderStateImpl] TRACE segmented.SegmentedRaftLogCache (AutoCloseableReadWriteLock.java:logLocking(65)) - s0@group-EF46AB43B6D1: readLock RELEASED 0 by SegmentedRaftLogCache.getEndIndex
2022-07-14 15:51:54,571 [s0@group-EF46AB43B6D1-LeaderStateImpl] TRACE segmented.SegmentedRaftLogCache (AutoCloseableReadWriteLock.java:logLocking(65)) - s0@group-EF46AB43B6D1: readLock ACQUIRED 1 by SegmentedRaftLogCache$LogSegmentList.getTermIndex
2022-07-14 15:51:54,571 [s0@group-EF46AB43B6D1-LeaderStateImpl] TRACE segmented.SegmentedRaftLogCache (AutoCloseableReadWriteLock.java:logLocking(65)) - s0@group-EF46AB43B6D1: readLock RELEASED 0 by SegmentedRaftLogCache$LogSegmentList.getTermIndex
2022-07-14 15:51:54,572 [s0@group-EF46AB43B6D1-LeaderStateImpl] TRACE segmented.SegmentedRaftLogCache (AutoCloseableReadWriteLock.java:logLocking(65)) - s0@group-EF46AB43B6D1: readLock ACQUIRED 1 by SegmentedRaftLogCache.getLastTermIndex
2022-07-14 15:51:54,572 [s0@group-EF46AB43B6D1-LeaderStateImpl] TRACE segmented.SegmentedRaftLogCache (AutoCloseableReadWriteLock.java:logLocking(65)) - s0@group-EF46AB43B6D1: readLock RELEASED 0 by SegmentedRaftLogCache.getLastTermIndex
2022-07-14 15:51:54,572 [s0@group-EF46AB43B6D1-LeaderStateImpl] TRACE segmented.SegmentedRaftLogCache (AutoCloseableReadWriteLock.java:logLocking(65)) - s0@group-EF46AB43B6D1: readLock ACQUIRED 1 by SegmentedRaftLogCache$LogSegmentList.countCached
2022-07-14 15:51:54,572 [s0@group-EF46AB43B6D1-LeaderStateImpl] TRACE segmented.SegmentedRaftLogCache (AutoCloseableReadWriteLock.java:logLocking(65)) - s0@group-EF46AB43B6D1: readLock RELEASED 0 by SegmentedRaftLogCache$LogSegmentList.countCached
2022-07-14 15:51:54,572 [s0@group-EF46AB43B6D1-LeaderStateImpl] TRACE segmented.SegmentedRaftLogCache (AutoCloseableReadWriteLock.java:logLocking(65)) - s0@group-EF46AB43B6D1: readLock ACQUIRED 1 by SegmentedRaftLogCache$LogSegmentList.getTotalCacheSize
2022-07-14 15:51:54,572 [s0@group-EF46AB43B6D1-LeaderStateImpl] TRACE segmented.SegmentedRaftLogCache (AutoCloseableReadWriteLock.java:logLocking(65)) - s0@group-EF46AB43B6D1: readLock RELEASED 0 by SegmentedRaftLogCache$LogSegmentList.getTotalCacheSize
2022-07-14 15:51:54,572 [s0@group-EF46AB43B6D1-LeaderStateImpl] DEBUG segmented.SegmentedRaftLogWorker (SegmentedRaftLogWorker.java:addIOTask(270)) - s0@group-EF46AB43B6D1-SegmentedRaftLogWorker adds IO task WriteLog:162: (t:1, i:162), METADATAENTRY(c:161)
2022-07-14 15:51:54,572 [s0@group-EF46AB43B6D1-SegmentedRaftLogWorker] DEBUG segmented.SegmentedRaftLogWorker (SegmentedRaftLogWorker.java:flushIfNecessary(365)) - s0@group-EF46AB43B6D1-SegmentedRaftLogWorker: flush SegmentedRaftLogOutputStream(/home/runner/work/ratis/ratis/ratis-test/target/test/data/7931f2a6/MiniRaftClusterWithGrpc6c3cfa42/s0/d33854d5-690d-4a13-9a9e-ef46ab43b6d1/current/log_inprogress_0)
2022-07-14 15:51:54,572 [s0@group-EF46AB43B6D1-StateMachineUpdater] INFO  statemachine.SimpleStateMachine4Testing (SimpleStateMachine4Testing.java:put(204)) - s0: put 161, m80 -> (t:1, i:161), STATEMACHINELOGENTRY, 251@client-64B90517F321
2022-07-14 15:51:54,572 [s0@group-EF46AB43B6D1-LeaderStateImpl] TRACE segmented.SegmentedRaftLogCache (AutoCloseableReadWriteLock.java:logLocking(65)) - s0@group-EF46AB43B6D1: readLock ACQUIRED 1 by SegmentedRaftLogCache.getStartIndex
2022-07-14 15:51:54,573 [s0@group-EF46AB43B6D1-LeaderStateImpl] TRACE segmented.SegmentedRaftLogCache (AutoCloseableReadWriteLock.java:logLocking(65)) -   s0@group-EF46AB43B6D1: readLock ACQUIRED 2 by SegmentedRaftLogCache$LogSegmentList.isEmpty
2022-07-14 15:51:54,573 [s0@group-EF46AB43B6D1-LeaderStateImpl] TRACE segmented.SegmentedRaftLogCache (AutoCloseableReadWriteLock.java:logLocking(65)) -   s0@group-EF46AB43B6D1: readLock RELEASED 1 by SegmentedRaftLogCache$LogSegmentList.isEmpty
2022-07-14 15:51:54,573 [s0@group-EF46AB43B6D1-LeaderStateImpl] TRACE segmented.SegmentedRaftLogCache (AutoCloseableReadWriteLock.java:logLocking(65)) - s0@group-EF46AB43B6D1: readLock RELEASED 0 by SegmentedRaftLogCache.getStartIndex
2022-07-14 15:51:54,573 [s0@group-EF46AB43B6D1-LeaderStateImpl] TRACE segmented.SegmentedRaftLogCache (AutoCloseableReadWriteLock.java:logLocking(65)) - s0@group-EF46AB43B6D1: readLock ACQUIRED 1 by SegmentedRaftLogCache.getEndIndex
2022-07-14 15:51:54,573 [s0@group-EF46AB43B6D1-LeaderStateImpl] TRACE segmented.SegmentedRaftLogCache (AutoCloseableReadWriteLock.java:logLocking(65)) - s0@group-EF46AB43B6D1: readLock RELEASED 0 by SegmentedRaftLogCache.getEndIndex
2022-07-14 15:51:54,573 [s0@group-EF46AB43B6D1-LeaderStateImpl] TRACE segmented.SegmentedRaftLogCache (AutoCloseableReadWriteLock.java:logLocking(65)) - s0@group-EF46AB43B6D1: readLock ACQUIRED 1 by SegmentedRaftLogCache$LogSegmentList.getTermIndex
2022-07-14 15:51:54,573 [s0@group-EF46AB43B6D1-LeaderStateImpl] TRACE segmented.SegmentedRaftLogCache (AutoCloseableReadWriteLock.java:logLocking(65)) - s0@group-EF46AB43B6D1: readLock RELEASED 0 by SegmentedRaftLogCache$LogSegmentList.getTermIndex
2022-07-14 15:51:54,573 [s0-client-thread1] TRACE segmented.SegmentedRaftLogCache (AutoCloseableReadWriteLock.java:logLocking(65)) - s0@group-EF46AB43B6D1: readLock ACQUIRED 1 by SegmentedRaftLogCache.getLastTermIndex
2022-07-14 15:51:54,573 [s0-client-thread1] TRACE segmented.SegmentedRaftLogCache (AutoCloseableReadWriteLock.java:logLocking(65)) - s0@group-EF46AB43B6D1: readLock RELEASED 0 by SegmentedRaftLogCache.getLastTermIndex
2022-07-14 15:51:54,574 [s0-client-thread1] TRACE segmented.SegmentedRaftLogCache (AutoCloseableReadWriteLock.java:logLocking(65)) - s0@group-EF46AB43B6D1: readLock ACQUIRED 1 by SegmentedRaftLogCache.getLastTermIndex
2022-07-14 15:51:54,574 [s0-client-thread1] TRACE segmented.SegmentedRaftLogCache (AutoCloseableReadWriteLock.java:logLocking(65)) - s0@group-EF46AB43B6D1: readLock RELEASED 0 by SegmentedRaftLogCache.getLastTermIndex
2022-07-14 15:51:54,574 [s0-client-thread1] TRACE segmented.SegmentedRaftLogCache (AutoCloseableReadWriteLock.java:logLocking(65)) - s0@group-EF46AB43B6D1: readLock ACQUIRED 1 by SegmentedRaftLogCache$LogSegmentList.countCached
2022-07-14 15:51:54,574 [s0-client-thread1] TRACE segmented.SegmentedRaftLogCache (AutoCloseableReadWriteLock.java:logLocking(65)) - s0@group-EF46AB43B6D1: readLock RELEASED 0 by SegmentedRaftLogCache$LogSegmentList.countCached
2022-07-14 15:51:54,574 [s0-client-thread1] TRACE segmented.SegmentedRaftLogCache (AutoCloseableReadWriteLock.java:logLocking(65)) - s0@group-EF46AB43B6D1: readLock ACQUIRED 1 by SegmentedRaftLogCache$LogSegmentList.getTotalCacheSize
2022-07-14 15:51:54,574 [s0-client-thread1] TRACE segmented.SegmentedRaftLogCache (AutoCloseableReadWriteLock.java:logLocking(65)) - s0@group-EF46AB43B6D1: readLock RELEASED 0 by SegmentedRaftLogCache$LogSegmentList.getTotalCacheSize
2022-07-14 15:51:54,574 [s0-client-thread1] DEBUG segmented.SegmentedRaftLogWorker (SegmentedRaftLogWorker.java:addIOTask(270)) - s0@group-EF46AB43B6D1-SegmentedRaftLogWorker adds IO task WriteLog:163: (t:1, i:163), STATEMACHINELOGENTRY, StateMachineLogEntryProto:252@client-64B90517F321
2022-07-14 15:51:54,574 [s0@group-EF46AB43B6D1-SegmentedRaftLogWorker] DEBUG segmented.SegmentedRaftLogWorker (SegmentedRaftLogWorker.java:flushIfNecessary(365)) - s0@group-EF46AB43B6D1-SegmentedRaftLogWorker: flush SegmentedRaftLogOutputStream(/home/runner/work/ratis/ratis/ratis-test/target/test/data/7931f2a6/MiniRaftClusterWithGrpc6c3cfa42/s0/d33854d5-690d-4a13-9a9e-ef46ab43b6d1/current/log_inprogress_0)
2022-07-14 15:51:54,574 [s0@group-EF46AB43B6D1-LeaderStateImpl] TRACE segmented.SegmentedRaftLogCache (AutoCloseableReadWriteLock.java:logLocking(65)) - s0@group-EF46AB43B6D1: readLock ACQUIRED 1 by SegmentedRaftLogCache.getStartIndex
2022-07-14 15:51:54,574 [s0@group-EF46AB43B6D1-LeaderStateImpl] TRACE segmented.SegmentedRaftLogCache (AutoCloseableReadWriteLock.java:logLocking(65)) -   s0@group-EF46AB43B6D1: readLock ACQUIRED 2 by SegmentedRaftLogCache$LogSegmentList.isEmpty
2022-07-14 15:51:54,574 [s0@group-EF46AB43B6D1-LeaderStateImpl] TRACE segmented.SegmentedRaftLogCache (AutoCloseableReadWriteLock.java:logLocking(65)) -   s0@group-EF46AB43B6D1: readLock RELEASED 1 by SegmentedRaftLogCache$LogSegmentList.isEmpty
2022-07-14 15:51:54,575 [s0@group-EF46AB43B6D1-LeaderStateImpl] TRACE segmented.SegmentedRaftLogCache (AutoCloseableReadWriteLock.java:logLocking(65)) - s0@group-EF46AB43B6D1: readLock RELEASED 0 by SegmentedRaftLogCache.getStartIndex
2022-07-14 15:51:54,575 [s0@group-EF46AB43B6D1-LeaderStateImpl] TRACE segmented.SegmentedRaftLogCache (AutoCloseableReadWriteLock.java:logLocking(65)) - s0@group-EF46AB43B6D1: readLock ACQUIRED 1 by SegmentedRaftLogCache.getEndIndex
2022-07-14 15:51:54,575 [s0@group-EF46AB43B6D1-LeaderStateImpl] TRACE segmented.SegmentedRaftLogCache (AutoCloseableReadWriteLock.java:logLocking(65)) - s0@group-EF46AB43B6D1: readLock RELEASED 0 by SegmentedRaftLogCache.getEndIndex
2022-07-14 15:51:54,575 [s0@group-EF46AB43B6D1-LeaderStateImpl] TRACE segmented.SegmentedRaftLogCache (AutoCloseableReadWriteLock.java:logLocking(65)) - s0@group-EF46AB43B6D1: readLock ACQUIRED 1 by SegmentedRaftLogCache$LogSegmentList.getTermIndex
2022-07-14 15:51:54,575 [s0@group-EF46AB43B6D1-LeaderStateImpl] TRACE segmented.SegmentedRaftLogCache (AutoCloseableReadWriteLock.java:logLocking(65)) - s0@group-EF46AB43B6D1: readLock RELEASED 0 by SegmentedRaftLogCache$LogSegmentList.getTermIndex
2022-07-14 15:51:54,575 [s0@group-EF46AB43B6D1-LeaderStateImpl] TRACE segmented.SegmentedRaftLogCache (AutoCloseableReadWriteLock.java:logLocking(65)) - s0@group-EF46AB43B6D1: readLock ACQUIRED 1 by SegmentedRaftLogCache.getLastTermIndex
2022-07-14 15:51:54,575 [s0@group-EF46AB43B6D1-LeaderStateImpl] TRACE segmented.SegmentedRaftLogCache (AutoCloseableReadWriteLock.java:logLocking(65)) - s0@group-EF46AB43B6D1: readLock RELEASED 0 by SegmentedRaftLogCache.getLastTermIndex
2022-07-14 15:51:54,575 [s0@group-EF46AB43B6D1-LeaderStateImpl] TRACE segmented.SegmentedRaftLogCache (AutoCloseableReadWriteLock.java:logLocking(65)) - s0@group-EF46AB43B6D1: readLock ACQUIRED 1 by SegmentedRaftLogCache$LogSegmentList.countCached
2022-07-14 15:51:54,575 [s0@group-EF46AB43B6D1-LeaderStateImpl] TRACE segmented.SegmentedRaftLogCache (AutoCloseableReadWriteLock.java:logLocking(65)) - s0@group-EF46AB43B6D1: readLock RELEASED 0 by SegmentedRaftLogCache$LogSegmentList.countCached
2022-07-14 15:51:54,575 [s0@group-EF46AB43B6D1-LeaderStateImpl] TRACE segmented.SegmentedRaftLogCache (AutoCloseableReadWriteLock.java:logLocking(65)) - s0@group-EF46AB43B6D1: readLock ACQUIRED 1 by SegmentedRaftLogCache$LogSegmentList.getTotalCacheSize
2022-07-14 15:51:54,575 [s0@group-EF46AB43B6D1-LeaderStateImpl] TRACE segmented.SegmentedRaftLogCache (AutoCloseableReadWriteLock.java:logLocking(65)) - s0@group-EF46AB43B6D1: readLock RELEASED 0 by SegmentedRaftLogCache$LogSegmentList.getTotalCacheSize
2022-07-14 15:51:54,575 [s0@group-EF46AB43B6D1-LeaderStateImpl] DEBUG segmented.SegmentedRaftLogWorker (SegmentedRaftLogWorker.java:addIOTask(270)) - s0@group-EF46AB43B6D1-SegmentedRaftLogWorker adds IO task WriteLog:164: (t:1, i:164), METADATAENTRY(c:163)
2022-07-14 15:51:54,575 [s0@group-EF46AB43B6D1-SegmentedRaftLogWorker] DEBUG segmented.SegmentedRaftLogWorker (SegmentedRaftLogWorker.java:flushIfNecessary(365)) - s0@group-EF46AB43B6D1-SegmentedRaftLogWorker: flush SegmentedRaftLogOutputStream(/home/runner/work/ratis/ratis/ratis-test/target/test/data/7931f2a6/MiniRaftClusterWithGrpc6c3cfa42/s0/d33854d5-690d-4a13-9a9e-ef46ab43b6d1/current/log_inprogress_0)
2022-07-14 15:51:54,575 [s0@group-EF46AB43B6D1-StateMachineUpdater] INFO  statemachine.SimpleStateMachine4Testing (SimpleStateMachine4Testing.java:put(204)) - s0: put 163, m81 -> (t:1, i:163), STATEMACHINELOGENTRY, 252@client-64B90517F321
2022-07-14 15:51:54,576 [s0@group-EF46AB43B6D1-LeaderStateImpl] TRACE segmented.SegmentedRaftLogCache (AutoCloseableReadWriteLock.java:logLocking(65)) - s0@group-EF46AB43B6D1: readLock ACQUIRED 1 by SegmentedRaftLogCache.getStartIndex
2022-07-14 15:51:54,576 [s0@group-EF46AB43B6D1-LeaderStateImpl] TRACE segmented.SegmentedRaftLogCache (AutoCloseableReadWriteLock.java:logLocking(65)) -   s0@group-EF46AB43B6D1: readLock ACQUIRED 2 by SegmentedRaftLogCache$LogSegmentList.isEmpty
2022-07-14 15:51:54,576 [s0@group-EF46AB43B6D1-LeaderStateImpl] TRACE segmented.SegmentedRaftLogCache (AutoCloseableReadWriteLock.java:logLocking(65)) -   s0@group-EF46AB43B6D1: readLock RELEASED 1 by SegmentedRaftLogCache$LogSegmentList.isEmpty
2022-07-14 15:51:54,576 [s0@group-EF46AB43B6D1-LeaderStateImpl] TRACE segmented.SegmentedRaftLogCache (AutoCloseableReadWriteLock.java:logLocking(65)) - s0@group-EF46AB43B6D1: readLock RELEASED 0 by SegmentedRaftLogCache.getStartIndex
2022-07-14 15:51:54,576 [s0@group-EF46AB43B6D1-LeaderStateImpl] TRACE segmented.SegmentedRaftLogCache (AutoCloseableReadWriteLock.java:logLocking(65)) - s0@group-EF46AB43B6D1: readLock ACQUIRED 1 by SegmentedRaftLogCache.getEndIndex
2022-07-14 15:51:54,576 [s0@group-EF46AB43B6D1-LeaderStateImpl] TRACE segmented.SegmentedRaftLogCache (AutoCloseableReadWriteLock.java:logLocking(65)) - s0@group-EF46AB43B6D1: readLock RELEASED 0 by SegmentedRaftLogCache.getEndIndex
2022-07-14 15:51:54,576 [s0@group-EF46AB43B6D1-LeaderStateImpl] TRACE segmented.SegmentedRaftLogCache (AutoCloseableReadWriteLock.java:logLocking(65)) - s0@group-EF46AB43B6D1: readLock ACQUIRED 1 by SegmentedRaftLogCache$LogSegmentList.getTermIndex
2022-07-14 15:51:54,576 [s0@group-EF46AB43B6D1-LeaderStateImpl] TRACE segmented.SegmentedRaftLogCache (AutoCloseableReadWriteLock.java:logLocking(65)) - s0@group-EF46AB43B6D1: readLock RELEASED 0 by SegmentedRaftLogCache$LogSegmentList.getTermIndex
2022-07-14 15:51:54,577 [s0-client-thread1] TRACE segmented.SegmentedRaftLogCache (AutoCloseableReadWriteLock.java:logLocking(65)) - s0@group-EF46AB43B6D1: readLock ACQUIRED 1 by SegmentedRaftLogCache.getLastTermIndex
2022-07-14 15:51:54,577 [s0-client-thread1] TRACE segmented.SegmentedRaftLogCache (AutoCloseableReadWriteLock.java:logLocking(65)) - s0@group-EF46AB43B6D1: readLock RELEASED 0 by SegmentedRaftLogCache.getLastTermIndex
2022-07-14 15:51:54,577 [s0-client-thread1] TRACE segmented.SegmentedRaftLogCache (AutoCloseableReadWriteLock.java:logLocking(65)) - s0@group-EF46AB43B6D1: readLock ACQUIRED 1 by SegmentedRaftLogCache.getLastTermIndex
2022-07-14 15:51:54,577 [s0-client-thread1] TRACE segmented.SegmentedRaftLogCache (AutoCloseableReadWriteLock.java:logLocking(65)) - s0@group-EF46AB43B6D1: readLock RELEASED 0 by SegmentedRaftLogCache.getLastTermIndex
2022-07-14 15:51:54,577 [s0-client-thread1] TRACE segmented.SegmentedRaftLogCache (AutoCloseableReadWriteLock.java:logLocking(65)) - s0@group-EF46AB43B6D1: readLock ACQUIRED 1 by SegmentedRaftLogCache$LogSegmentList.countCached
2022-07-14 15:51:54,577 [s0-client-thread1] TRACE segmented.SegmentedRaftLogCache (AutoCloseableReadWriteLock.java:logLocking(65)) - s0@group-EF46AB43B6D1: readLock RELEASED 0 by SegmentedRaftLogCache$LogSegmentList.countCached
2022-07-14 15:51:54,577 [s0-client-thread1] TRACE segmented.SegmentedRaftLogCache (AutoCloseableReadWriteLock.java:logLocking(65)) - s0@group-EF46AB43B6D1: readLock ACQUIRED 1 by SegmentedRaftLogCache$LogSegmentList.getTotalCacheSize
2022-07-14 15:51:54,577 [s0-client-thread1] TRACE segmented.SegmentedRaftLogCache (AutoCloseableReadWriteLock.java:logLocking(65)) - s0@group-EF46AB43B6D1: readLock RELEASED 0 by SegmentedRaftLogCache$LogSegmentList.getTotalCacheSize
2022-07-14 15:51:54,577 [s0-client-thread1] DEBUG segmented.SegmentedRaftLogWorker (SegmentedRaftLogWorker.java:addIOTask(270)) - s0@group-EF46AB43B6D1-SegmentedRaftLogWorker adds IO task WriteLog:165: (t:1, i:165), STATEMACHINELOGENTRY, StateMachineLogEntryProto:253@client-64B90517F321
2022-07-14 15:51:54,577 [s0@group-EF46AB43B6D1-SegmentedRaftLogWorker] DEBUG segmented.SegmentedRaftLogWorker (SegmentedRaftLogWorker.java:flushIfNecessary(365)) - s0@group-EF46AB43B6D1-SegmentedRaftLogWorker: flush SegmentedRaftLogOutputStream(/home/runner/work/ratis/ratis/ratis-test/target/test/data/7931f2a6/MiniRaftClusterWithGrpc6c3cfa42/s0/d33854d5-690d-4a13-9a9e-ef46ab43b6d1/current/log_inprogress_0)
2022-07-14 15:51:54,578 [s0@group-EF46AB43B6D1-LeaderStateImpl] TRACE segmented.SegmentedRaftLogCache (AutoCloseableReadWriteLock.java:logLocking(65)) - s0@group-EF46AB43B6D1: readLock ACQUIRED 1 by SegmentedRaftLogCache.getStartIndex
2022-07-14 15:51:54,578 [s0@group-EF46AB43B6D1-LeaderStateImpl] TRACE segmented.SegmentedRaftLogCache (AutoCloseableReadWriteLock.java:logLocking(65)) -   s0@group-EF46AB43B6D1: readLock ACQUIRED 2 by SegmentedRaftLogCache$LogSegmentList.isEmpty
2022-07-14 15:51:54,578 [s0@group-EF46AB43B6D1-LeaderStateImpl] TRACE segmented.SegmentedRaftLogCache (AutoCloseableReadWriteLock.java:logLocking(65)) -   s0@group-EF46AB43B6D1: readLock RELEASED 1 by SegmentedRaftLogCache$LogSegmentList.isEmpty
2022-07-14 15:51:54,578 [s0@group-EF46AB43B6D1-LeaderStateImpl] TRACE segmented.SegmentedRaftLogCache (AutoCloseableReadWriteLock.java:logLocking(65)) - s0@group-EF46AB43B6D1: readLock RELEASED 0 by SegmentedRaftLogCache.getStartIndex
2022-07-14 15:51:54,578 [s0@group-EF46AB43B6D1-LeaderStateImpl] TRACE segmented.SegmentedRaftLogCache (AutoCloseableReadWriteLock.java:logLocking(65)) - s0@group-EF46AB43B6D1: readLock ACQUIRED 1 by SegmentedRaftLogCache.getEndIndex
2022-07-14 15:51:54,578 [s0@group-EF46AB43B6D1-LeaderStateImpl] TRACE segmented.SegmentedRaftLogCache (AutoCloseableReadWriteLock.java:logLocking(65)) - s0@group-EF46AB43B6D1: readLock RELEASED 0 by SegmentedRaftLogCache.getEndIndex
2022-07-14 15:51:54,578 [s0@group-EF46AB43B6D1-LeaderStateImpl] TRACE segmented.SegmentedRaftLogCache (AutoCloseableReadWriteLock.java:logLocking(65)) - s0@group-EF46AB43B6D1: readLock ACQUIRED 1 by SegmentedRaftLogCache$LogSegmentList.getTermIndex
2022-07-14 15:51:54,578 [s0@group-EF46AB43B6D1-LeaderStateImpl] TRACE segmented.SegmentedRaftLogCache (AutoCloseableReadWriteLock.java:logLocking(65)) - s0@group-EF46AB43B6D1: readLock RELEASED 0 by SegmentedRaftLogCache$LogSegmentList.getTermIndex
2022-07-14 15:51:54,578 [s0@group-EF46AB43B6D1-LeaderStateImpl] TRACE segmented.SegmentedRaftLogCache (AutoCloseableReadWriteLock.java:logLocking(65)) - s0@group-EF46AB43B6D1: readLock ACQUIRED 1 by SegmentedRaftLogCache.getLastTermIndex
2022-07-14 15:51:54,578 [s0@group-EF46AB43B6D1-LeaderStateImpl] TRACE segmented.SegmentedRaftLogCache (AutoCloseableReadWriteLock.java:logLocking(65)) - s0@group-EF46AB43B6D1: readLock RELEASED 0 by SegmentedRaftLogCache.getLastTermIndex
2022-07-14 15:51:54,578 [s0@group-EF46AB43B6D1-LeaderStateImpl] TRACE segmented.SegmentedRaftLogCache (AutoCloseableReadWriteLock.java:logLocking(65)) - s0@group-EF46AB43B6D1: readLock ACQUIRED 1 by SegmentedRaftLogCache$LogSegmentList.countCached
2022-07-14 15:51:54,578 [s0@group-EF46AB43B6D1-LeaderStateImpl] TRACE segmented.SegmentedRaftLogCache (AutoCloseableReadWriteLock.java:logLocking(65)) - s0@group-EF46AB43B6D1: readLock RELEASED 0 by SegmentedRaftLogCache$LogSegmentList.countCached
2022-07-14 15:51:54,578 [s0@group-EF46AB43B6D1-LeaderStateImpl] TRACE segmented.SegmentedRaftLogCache (AutoCloseableReadWriteLock.java:logLocking(65)) - s0@group-EF46AB43B6D1: readLock ACQUIRED 1 by SegmentedRaftLogCache$LogSegmentList.getTotalCacheSize
2022-07-14 15:51:54,578 [s0@group-EF46AB43B6D1-LeaderStateImpl] TRACE segmented.SegmentedRaftLogCache (AutoCloseableReadWriteLock.java:logLocking(65)) - s0@group-EF46AB43B6D1: readLock RELEASED 0 by SegmentedRaftLogCache$LogSegmentList.getTotalCacheSize
2022-07-14 15:51:54,579 [s0@group-EF46AB43B6D1-LeaderStateImpl] DEBUG segmented.SegmentedRaftLogWorker (SegmentedRaftLogWorker.java:addIOTask(270)) - s0@group-EF46AB43B6D1-SegmentedRaftLogWorker adds IO task WriteLog:166: (t:1, i:166), METADATAENTRY(c:165)
2022-07-14 15:51:54,579 [s0@group-EF46AB43B6D1-SegmentedRaftLogWorker] DEBUG segmented.SegmentedRaftLogWorker (SegmentedRaftLogWorker.java:flushIfNecessary(365)) - s0@group-EF46AB43B6D1-SegmentedRaftLogWorker: flush SegmentedRaftLogOutputStream(/home/runner/work/ratis/ratis/ratis-test/target/test/data/7931f2a6/MiniRaftClusterWithGrpc6c3cfa42/s0/d33854d5-690d-4a13-9a9e-ef46ab43b6d1/current/log_inprogress_0)
2022-07-14 15:51:54,579 [s0@group-EF46AB43B6D1-StateMachineUpdater] INFO  statemachine.SimpleStateMachine4Testing (SimpleStateMachine4Testing.java:put(204)) - s0: put 165, m82 -> (t:1, i:165), STATEMACHINELOGENTRY, 253@client-64B90517F321
2022-07-14 15:51:54,579 [s0@group-EF46AB43B6D1-LeaderStateImpl] TRACE segmented.SegmentedRaftLogCache (AutoCloseableReadWriteLock.java:logLocking(65)) - s0@group-EF46AB43B6D1: readLock ACQUIRED 1 by SegmentedRaftLogCache.getStartIndex
2022-07-14 15:51:54,579 [s0@group-EF46AB43B6D1-LeaderStateImpl] TRACE segmented.SegmentedRaftLogCache (AutoCloseableReadWriteLock.java:logLocking(65)) -   s0@group-EF46AB43B6D1: readLock ACQUIRED 2 by SegmentedRaftLogCache$LogSegmentList.isEmpty
2022-07-14 15:51:54,579 [s0@group-EF46AB43B6D1-LeaderStateImpl] TRACE segmented.SegmentedRaftLogCache (AutoCloseableReadWriteLock.java:logLocking(65)) -   s0@group-EF46AB43B6D1: readLock RELEASED 1 by SegmentedRaftLogCache$LogSegmentList.isEmpty
2022-07-14 15:51:54,579 [s0@group-EF46AB43B6D1-LeaderStateImpl] TRACE segmented.SegmentedRaftLogCache (AutoCloseableReadWriteLock.java:logLocking(65)) - s0@group-EF46AB43B6D1: readLock RELEASED 0 by SegmentedRaftLogCache.getStartIndex
2022-07-14 15:51:54,579 [s0@group-EF46AB43B6D1-LeaderStateImpl] TRACE segmented.SegmentedRaftLogCache (AutoCloseableReadWriteLock.java:logLocking(65)) - s0@group-EF46AB43B6D1: readLock ACQUIRED 1 by SegmentedRaftLogCache.getEndIndex
2022-07-14 15:51:54,579 [s0@group-EF46AB43B6D1-LeaderStateImpl] TRACE segmented.SegmentedRaftLogCache (AutoCloseableReadWriteLock.java:logLocking(65)) - s0@group-EF46AB43B6D1: readLock RELEASED 0 by SegmentedRaftLogCache.getEndIndex
2022-07-14 15:51:54,579 [s0@group-EF46AB43B6D1-LeaderStateImpl] TRACE segmented.SegmentedRaftLogCache (AutoCloseableReadWriteLock.java:logLocking(65)) - s0@group-EF46AB43B6D1: readLock ACQUIRED 1 by SegmentedRaftLogCache$LogSegmentList.getTermIndex
2022-07-14 15:51:54,579 [s0@group-EF46AB43B6D1-LeaderStateImpl] TRACE segmented.SegmentedRaftLogCache (AutoCloseableReadWriteLock.java:logLocking(65)) - s0@group-EF46AB43B6D1: readLock RELEASED 0 by SegmentedRaftLogCache$LogSegmentList.getTermIndex
2022-07-14 15:51:54,580 [s0-client-thread1] TRACE segmented.SegmentedRaftLogCache (AutoCloseableReadWriteLock.java:logLocking(65)) - s0@group-EF46AB43B6D1: readLock ACQUIRED 1 by SegmentedRaftLogCache.getLastTermIndex
2022-07-14 15:51:54,580 [s0-client-thread1] TRACE segmented.SegmentedRaftLogCache (AutoCloseableReadWriteLock.java:logLocking(65)) - s0@group-EF46AB43B6D1: readLock RELEASED 0 by SegmentedRaftLogCache.getLastTermIndex
2022-07-14 15:51:54,580 [s0-client-thread1] TRACE segmented.SegmentedRaftLogCache (AutoCloseableReadWriteLock.java:logLocking(65)) - s0@group-EF46AB43B6D1: readLock ACQUIRED 1 by SegmentedRaftLogCache.getLastTermIndex
2022-07-14 15:51:54,580 [s0-client-thread1] TRACE segmented.SegmentedRaftLogCache (AutoCloseableReadWriteLock.java:logLocking(65)) - s0@group-EF46AB43B6D1: readLock RELEASED 0 by SegmentedRaftLogCache.getLastTermIndex
2022-07-14 15:51:54,581 [s0-client-thread1] TRACE segmented.SegmentedRaftLogCache (AutoCloseableReadWriteLock.java:logLocking(65)) - s0@group-EF46AB43B6D1: readLock ACQUIRED 1 by SegmentedRaftLogCache$LogSegmentList.countCached
2022-07-14 15:51:54,581 [s0-client-thread1] TRACE segmented.SegmentedRaftLogCache (AutoCloseableReadWriteLock.java:logLocking(65)) - s0@group-EF46AB43B6D1: readLock RELEASED 0 by SegmentedRaftLogCache$LogSegmentList.countCached
2022-07-14 15:51:54,581 [s0-client-thread1] TRACE segmented.SegmentedRaftLogCache (AutoCloseableReadWriteLock.java:logLocking(65)) - s0@group-EF46AB43B6D1: readLock ACQUIRED 1 by SegmentedRaftLogCache$LogSegmentList.getTotalCacheSize
2022-07-14 15:51:54,581 [s0-client-thread1] TRACE segmented.SegmentedRaftLogCache (AutoCloseableReadWriteLock.java:logLocking(65)) - s0@group-EF46AB43B6D1: readLock RELEASED 0 by SegmentedRaftLogCache$LogSegmentList.getTotalCacheSize
2022-07-14 15:51:54,581 [s0-client-thread1] DEBUG segmented.SegmentedRaftLogWorker (SegmentedRaftLogWorker.java:addIOTask(270)) - s0@group-EF46AB43B6D1-SegmentedRaftLogWorker adds IO task WriteLog:167: (t:1, i:167), STATEMACHINELOGENTRY, StateMachineLogEntryProto:254@client-64B90517F321
2022-07-14 15:51:54,581 [s0@group-EF46AB43B6D1-SegmentedRaftLogWorker] DEBUG segmented.SegmentedRaftLogWorker (SegmentedRaftLogWorker.java:flushIfNecessary(365)) - s0@group-EF46AB43B6D1-SegmentedRaftLogWorker: flush SegmentedRaftLogOutputStream(/home/runner/work/ratis/ratis/ratis-test/target/test/data/7931f2a6/MiniRaftClusterWithGrpc6c3cfa42/s0/d33854d5-690d-4a13-9a9e-ef46ab43b6d1/current/log_inprogress_0)
2022-07-14 15:51:54,581 [s0@group-EF46AB43B6D1-LeaderStateImpl] TRACE segmented.SegmentedRaftLogCache (AutoCloseableReadWriteLock.java:logLocking(65)) - s0@group-EF46AB43B6D1: readLock ACQUIRED 1 by SegmentedRaftLogCache.getStartIndex
2022-07-14 15:51:54,581 [s0@group-EF46AB43B6D1-LeaderStateImpl] TRACE segmented.SegmentedRaftLogCache (AutoCloseableReadWriteLock.java:logLocking(65)) -   s0@group-EF46AB43B6D1: readLock ACQUIRED 2 by SegmentedRaftLogCache$LogSegmentList.isEmpty
2022-07-14 15:51:54,581 [s0@group-EF46AB43B6D1-LeaderStateImpl] TRACE segmented.SegmentedRaftLogCache (AutoCloseableReadWriteLock.java:logLocking(65)) -   s0@group-EF46AB43B6D1: readLock RELEASED 1 by SegmentedRaftLogCache$LogSegmentList.isEmpty
2022-07-14 15:51:54,581 [s0@group-EF46AB43B6D1-LeaderStateImpl] TRACE segmented.SegmentedRaftLogCache (AutoCloseableReadWriteLock.java:logLocking(65)) - s0@group-EF46AB43B6D1: readLock RELEASED 0 by SegmentedRaftLogCache.getStartIndex
2022-07-14 15:51:54,581 [s0@group-EF46AB43B6D1-LeaderStateImpl] TRACE segmented.SegmentedRaftLogCache (AutoCloseableReadWriteLock.java:logLocking(65)) - s0@group-EF46AB43B6D1: readLock ACQUIRED 1 by SegmentedRaftLogCache.getEndIndex
2022-07-14 15:51:54,581 [s0@group-EF46AB43B6D1-LeaderStateImpl] TRACE segmented.SegmentedRaftLogCache (AutoCloseableReadWriteLock.java:logLocking(65)) - s0@group-EF46AB43B6D1: readLock RELEASED 0 by SegmentedRaftLogCache.getEndIndex
2022-07-14 15:51:54,582 [s0@group-EF46AB43B6D1-LeaderStateImpl] TRACE segmented.SegmentedRaftLogCache (AutoCloseableReadWriteLock.java:logLocking(65)) - s0@group-EF46AB43B6D1: readLock ACQUIRED 1 by SegmentedRaftLogCache$LogSegmentList.getTermIndex
2022-07-14 15:51:54,582 [s0@group-EF46AB43B6D1-LeaderStateImpl] TRACE segmented.SegmentedRaftLogCache (AutoCloseableReadWriteLock.java:logLocking(65)) - s0@group-EF46AB43B6D1: readLock RELEASED 0 by SegmentedRaftLogCache$LogSegmentList.getTermIndex
2022-07-14 15:51:54,582 [s0@group-EF46AB43B6D1-LeaderStateImpl] TRACE segmented.SegmentedRaftLogCache (AutoCloseableReadWriteLock.java:logLocking(65)) - s0@group-EF46AB43B6D1: readLock ACQUIRED 1 by SegmentedRaftLogCache.getLastTermIndex
2022-07-14 15:51:54,582 [s0@group-EF46AB43B6D1-LeaderStateImpl] TRACE segmented.SegmentedRaftLogCache (AutoCloseableReadWriteLock.java:logLocking(65)) - s0@group-EF46AB43B6D1: readLock RELEASED 0 by SegmentedRaftLogCache.getLastTermIndex
2022-07-14 15:51:54,582 [s0@group-EF46AB43B6D1-StateMachineUpdater] INFO  statemachine.SimpleStateMachine4Testing (SimpleStateMachine4Testing.java:put(204)) - s0: put 167, m83 -> (t:1, i:167), STATEMACHINELOGENTRY, 254@client-64B90517F321
2022-07-14 15:51:54,582 [s0@group-EF46AB43B6D1-LeaderStateImpl] TRACE segmented.SegmentedRaftLogCache (AutoCloseableReadWriteLock.java:logLocking(65)) - s0@group-EF46AB43B6D1: readLock ACQUIRED 1 by SegmentedRaftLogCache$LogSegmentList.countCached
2022-07-14 15:51:54,582 [s0@group-EF46AB43B6D1-LeaderStateImpl] TRACE segmented.SegmentedRaftLogCache (AutoCloseableReadWriteLock.java:logLocking(65)) - s0@group-EF46AB43B6D1: readLock RELEASED 0 by SegmentedRaftLogCache$LogSegmentList.countCached
2022-07-14 15:51:54,582 [s0@group-EF46AB43B6D1-LeaderStateImpl] TRACE segmented.SegmentedRaftLogCache (AutoCloseableReadWriteLock.java:logLocking(65)) - s0@group-EF46AB43B6D1: readLock ACQUIRED 1 by SegmentedRaftLogCache$LogSegmentList.getTotalCacheSize
2022-07-14 15:51:54,583 [s0@group-EF46AB43B6D1-LeaderStateImpl] TRACE segmented.SegmentedRaftLogCache (AutoCloseableReadWriteLock.java:logLocking(65)) - s0@group-EF46AB43B6D1: readLock RELEASED 0 by SegmentedRaftLogCache$LogSegmentList.getTotalCacheSize
2022-07-14 15:51:54,583 [s0@group-EF46AB43B6D1-LeaderStateImpl] DEBUG segmented.SegmentedRaftLogWorker (SegmentedRaftLogWorker.java:addIOTask(270)) - s0@group-EF46AB43B6D1-SegmentedRaftLogWorker adds IO task WriteLog:168: (t:1, i:168), METADATAENTRY(c:167)
2022-07-14 15:51:54,583 [s0@group-EF46AB43B6D1-SegmentedRaftLogWorker] DEBUG segmented.SegmentedRaftLogWorker (SegmentedRaftLogWorker.java:flushIfNecessary(365)) - s0@group-EF46AB43B6D1-SegmentedRaftLogWorker: flush SegmentedRaftLogOutputStream(/home/runner/work/ratis/ratis/ratis-test/target/test/data/7931f2a6/MiniRaftClusterWithGrpc6c3cfa42/s0/d33854d5-690d-4a13-9a9e-ef46ab43b6d1/current/log_inprogress_0)
2022-07-14 15:51:54,584 [s0-client-thread1] TRACE segmented.SegmentedRaftLogCache (AutoCloseableReadWriteLock.java:logLocking(65)) - s0@group-EF46AB43B6D1: readLock ACQUIRED 1 by SegmentedRaftLogCache.getLastTermIndex
2022-07-14 15:51:54,584 [s0-client-thread1] TRACE segmented.SegmentedRaftLogCache (AutoCloseableReadWriteLock.java:logLocking(65)) - s0@group-EF46AB43B6D1: readLock RELEASED 0 by SegmentedRaftLogCache.getLastTermIndex
2022-07-14 15:51:54,584 [s0-client-thread1] TRACE segmented.SegmentedRaftLogCache (AutoCloseableReadWriteLock.java:logLocking(65)) - s0@group-EF46AB43B6D1: readLock ACQUIRED 1 by SegmentedRaftLogCache.getLastTermIndex
2022-07-14 15:51:54,584 [s0-client-thread1] TRACE segmented.SegmentedRaftLogCache (AutoCloseableReadWriteLock.java:logLocking(65)) - s0@group-EF46AB43B6D1: readLock RELEASED 0 by SegmentedRaftLogCache.getLastTermIndex
2022-07-14 15:51:54,584 [s0-client-thread1] TRACE segmented.SegmentedRaftLogCache (AutoCloseableReadWriteLock.java:logLocking(65)) - s0@group-EF46AB43B6D1: readLock ACQUIRED 1 by SegmentedRaftLogCache$LogSegmentList.countCached
2022-07-14 15:51:54,584 [s0-client-thread1] TRACE segmented.SegmentedRaftLogCache (AutoCloseableReadWriteLock.java:logLocking(65)) - s0@group-EF46AB43B6D1: readLock RELEASED 0 by SegmentedRaftLogCache$LogSegmentList.countCached
2022-07-14 15:51:54,584 [s0-client-thread1] TRACE segmented.SegmentedRaftLogCache (AutoCloseableReadWriteLock.java:logLocking(65)) - s0@group-EF46AB43B6D1: readLock ACQUIRED 1 by SegmentedRaftLogCache$LogSegmentList.getTotalCacheSize
2022-07-14 15:51:54,584 [s0-client-thread1] TRACE segmented.SegmentedRaftLogCache (AutoCloseableReadWriteLock.java:logLocking(65)) - s0@group-EF46AB43B6D1: readLock RELEASED 0 by SegmentedRaftLogCache$LogSegmentList.getTotalCacheSize
2022-07-14 15:51:54,584 [s0-client-thread1] DEBUG segmented.SegmentedRaftLogWorker (SegmentedRaftLogWorker.java:addIOTask(270)) - s0@group-EF46AB43B6D1-SegmentedRaftLogWorker adds IO task WriteLog:169: (t:1, i:169), STATEMACHINELOGENTRY, StateMachineLogEntryProto:255@client-64B90517F321
2022-07-14 15:51:54,584 [s0@group-EF46AB43B6D1-SegmentedRaftLogWorker] DEBUG segmented.SegmentedRaftLogWorker (SegmentedRaftLogWorker.java:flushIfNecessary(365)) - s0@group-EF46AB43B6D1-SegmentedRaftLogWorker: flush SegmentedRaftLogOutputStream(/home/runner/work/ratis/ratis/ratis-test/target/test/data/7931f2a6/MiniRaftClusterWithGrpc6c3cfa42/s0/d33854d5-690d-4a13-9a9e-ef46ab43b6d1/current/log_inprogress_0)
2022-07-14 15:51:54,584 [s0@group-EF46AB43B6D1-LeaderStateImpl] TRACE segmented.SegmentedRaftLogCache (AutoCloseableReadWriteLock.java:logLocking(65)) - s0@group-EF46AB43B6D1: readLock ACQUIRED 1 by SegmentedRaftLogCache.getStartIndex
2022-07-14 15:51:54,585 [s0@group-EF46AB43B6D1-LeaderStateImpl] TRACE segmented.SegmentedRaftLogCache (AutoCloseableReadWriteLock.java:logLocking(65)) -   s0@group-EF46AB43B6D1: readLock ACQUIRED 2 by SegmentedRaftLogCache$LogSegmentList.isEmpty
2022-07-14 15:51:54,585 [s0@group-EF46AB43B6D1-LeaderStateImpl] TRACE segmented.SegmentedRaftLogCache (AutoCloseableReadWriteLock.java:logLocking(65)) -   s0@group-EF46AB43B6D1: readLock RELEASED 1 by SegmentedRaftLogCache$LogSegmentList.isEmpty
2022-07-14 15:51:54,585 [s0@group-EF46AB43B6D1-LeaderStateImpl] TRACE segmented.SegmentedRaftLogCache (AutoCloseableReadWriteLock.java:logLocking(65)) - s0@group-EF46AB43B6D1: readLock RELEASED 0 by SegmentedRaftLogCache.getStartIndex
2022-07-14 15:51:54,585 [s0@group-EF46AB43B6D1-LeaderStateImpl] TRACE segmented.SegmentedRaftLogCache (AutoCloseableReadWriteLock.java:logLocking(65)) - s0@group-EF46AB43B6D1: readLock ACQUIRED 1 by SegmentedRaftLogCache.getEndIndex
2022-07-14 15:51:54,585 [s0@group-EF46AB43B6D1-LeaderStateImpl] TRACE segmented.SegmentedRaftLogCache (AutoCloseableReadWriteLock.java:logLocking(65)) - s0@group-EF46AB43B6D1: readLock RELEASED 0 by SegmentedRaftLogCache.getEndIndex
2022-07-14 15:51:54,585 [s0@group-EF46AB43B6D1-LeaderStateImpl] TRACE segmented.SegmentedRaftLogCache (AutoCloseableReadWriteLock.java:logLocking(65)) - s0@group-EF46AB43B6D1: readLock ACQUIRED 1 by SegmentedRaftLogCache$LogSegmentList.getTermIndex
2022-07-14 15:51:54,585 [s0@group-EF46AB43B6D1-LeaderStateImpl] TRACE segmented.SegmentedRaftLogCache (AutoCloseableReadWriteLock.java:logLocking(65)) - s0@group-EF46AB43B6D1: readLock RELEASED 0 by SegmentedRaftLogCache$LogSegmentList.getTermIndex
2022-07-14 15:51:54,585 [s0@group-EF46AB43B6D1-LeaderStateImpl] TRACE segmented.SegmentedRaftLogCache (AutoCloseableReadWriteLock.java:logLocking(65)) - s0@group-EF46AB43B6D1: readLock ACQUIRED 1 by SegmentedRaftLogCache.getStartIndex
2022-07-14 15:51:54,585 [s0@group-EF46AB43B6D1-LeaderStateImpl] TRACE segmented.SegmentedRaftLogCache (AutoCloseableReadWriteLock.java:logLocking(65)) -   s0@group-EF46AB43B6D1: readLock ACQUIRED 2 by SegmentedRaftLogCache$LogSegmentList.isEmpty
2022-07-14 15:51:54,585 [s0@group-EF46AB43B6D1-LeaderStateImpl] TRACE segmented.SegmentedRaftLogCache (AutoCloseableReadWriteLock.java:logLocking(65)) -   s0@group-EF46AB43B6D1: readLock RELEASED 1 by SegmentedRaftLogCache$LogSegmentList.isEmpty
2022-07-14 15:51:54,585 [s0@group-EF46AB43B6D1-LeaderStateImpl] TRACE segmented.SegmentedRaftLogCache (AutoCloseableReadWriteLock.java:logLocking(65)) - s0@group-EF46AB43B6D1: readLock RELEASED 0 by SegmentedRaftLogCache.getStartIndex
2022-07-14 15:51:54,585 [s0@group-EF46AB43B6D1-LeaderStateImpl] TRACE segmented.SegmentedRaftLogCache (AutoCloseableReadWriteLock.java:logLocking(65)) - s0@group-EF46AB43B6D1: readLock ACQUIRED 1 by SegmentedRaftLogCache.getEndIndex
2022-07-14 15:51:54,585 [s0@group-EF46AB43B6D1-LeaderStateImpl] TRACE segmented.SegmentedRaftLogCache (AutoCloseableReadWriteLock.java:logLocking(65)) - s0@group-EF46AB43B6D1: readLock RELEASED 0 by SegmentedRaftLogCache.getEndIndex
2022-07-14 15:51:54,585 [s0@group-EF46AB43B6D1-LeaderStateImpl] TRACE segmented.SegmentedRaftLogCache (AutoCloseableReadWriteLock.java:logLocking(65)) - s0@group-EF46AB43B6D1: readLock ACQUIRED 1 by SegmentedRaftLogCache$LogSegmentList.getTermIndex
2022-07-14 15:51:54,585 [s0@group-EF46AB43B6D1-LeaderStateImpl] TRACE segmented.SegmentedRaftLogCache (AutoCloseableReadWriteLock.java:logLocking(65)) - s0@group-EF46AB43B6D1: readLock RELEASED 0 by SegmentedRaftLogCache$LogSegmentList.getTermIndex
2022-07-14 15:51:54,585 [s0@group-EF46AB43B6D1-LeaderStateImpl] TRACE segmented.SegmentedRaftLogCache (AutoCloseableReadWriteLock.java:logLocking(65)) - s0@group-EF46AB43B6D1: readLock ACQUIRED 1 by SegmentedRaftLogCache.getLastTermIndex
2022-07-14 15:51:54,585 [s0@group-EF46AB43B6D1-LeaderStateImpl] TRACE segmented.SegmentedRaftLogCache (AutoCloseableReadWriteLock.java:logLocking(65)) - s0@group-EF46AB43B6D1: readLock RELEASED 0 by SegmentedRaftLogCache.getLastTermIndex
2022-07-14 15:51:54,585 [s0@group-EF46AB43B6D1-StateMachineUpdater] INFO  statemachine.SimpleStateMachine4Testing (SimpleStateMachine4Testing.java:put(204)) - s0: put 169, m84 -> (t:1, i:169), STATEMACHINELOGENTRY, 255@client-64B90517F321
2022-07-14 15:51:54,585 [s0@group-EF46AB43B6D1-LeaderStateImpl] TRACE segmented.SegmentedRaftLogCache (AutoCloseableReadWriteLock.java:logLocking(65)) - s0@group-EF46AB43B6D1: readLock ACQUIRED 1 by SegmentedRaftLogCache$LogSegmentList.countCached
2022-07-14 15:51:54,586 [s0@group-EF46AB43B6D1-LeaderStateImpl] TRACE segmented.SegmentedRaftLogCache (AutoCloseableReadWriteLock.java:logLocking(65)) - s0@group-EF46AB43B6D1: readLock RELEASED 0 by SegmentedRaftLogCache$LogSegmentList.countCached
2022-07-14 15:51:54,586 [s0@group-EF46AB43B6D1-LeaderStateImpl] TRACE segmented.SegmentedRaftLogCache (AutoCloseableReadWriteLock.java:logLocking(65)) - s0@group-EF46AB43B6D1: readLock ACQUIRED 1 by SegmentedRaftLogCache$LogSegmentList.getTotalCacheSize
2022-07-14 15:51:54,586 [s0@group-EF46AB43B6D1-LeaderStateImpl] TRACE segmented.SegmentedRaftLogCache (AutoCloseableReadWriteLock.java:logLocking(65)) - s0@group-EF46AB43B6D1: readLock RELEASED 0 by SegmentedRaftLogCache$LogSegmentList.getTotalCacheSize
2022-07-14 15:51:54,586 [s0@group-EF46AB43B6D1-LeaderStateImpl] DEBUG segmented.SegmentedRaftLogWorker (SegmentedRaftLogWorker.java:addIOTask(270)) - s0@group-EF46AB43B6D1-SegmentedRaftLogWorker adds IO task WriteLog:170: (t:1, i:170), METADATAENTRY(c:169)
2022-07-14 15:51:54,586 [s0@group-EF46AB43B6D1-SegmentedRaftLogWorker] DEBUG segmented.SegmentedRaftLogWorker (SegmentedRaftLogWorker.java:flushIfNecessary(365)) - s0@group-EF46AB43B6D1-SegmentedRaftLogWorker: flush SegmentedRaftLogOutputStream(/home/runner/work/ratis/ratis/ratis-test/target/test/data/7931f2a6/MiniRaftClusterWithGrpc6c3cfa42/s0/d33854d5-690d-4a13-9a9e-ef46ab43b6d1/current/log_inprogress_0)
2022-07-14 15:51:54,587 [s0@group-EF46AB43B6D1-LeaderStateImpl] TRACE segmented.SegmentedRaftLogCache (AutoCloseableReadWriteLock.java:logLocking(65)) - s0@group-EF46AB43B6D1: readLock ACQUIRED 1 by SegmentedRaftLogCache.getStartIndex
2022-07-14 15:51:54,587 [s0@group-EF46AB43B6D1-LeaderStateImpl] TRACE segmented.SegmentedRaftLogCache (AutoCloseableReadWriteLock.java:logLocking(65)) -   s0@group-EF46AB43B6D1: readLock ACQUIRED 2 by SegmentedRaftLogCache$LogSegmentList.isEmpty
2022-07-14 15:51:54,587 [s0@group-EF46AB43B6D1-LeaderStateImpl] TRACE segmented.SegmentedRaftLogCache (AutoCloseableReadWriteLock.java:logLocking(65)) -   s0@group-EF46AB43B6D1: readLock RELEASED 1 by SegmentedRaftLogCache$LogSegmentList.isEmpty
2022-07-14 15:51:54,587 [s0@group-EF46AB43B6D1-LeaderStateImpl] TRACE segmented.SegmentedRaftLogCache (AutoCloseableReadWriteLock.java:logLocking(65)) - s0@group-EF46AB43B6D1: readLock RELEASED 0 by SegmentedRaftLogCache.getStartIndex
2022-07-14 15:51:54,587 [s0@group-EF46AB43B6D1-LeaderStateImpl] TRACE segmented.SegmentedRaftLogCache (AutoCloseableReadWriteLock.java:logLocking(65)) - s0@group-EF46AB43B6D1: readLock ACQUIRED 1 by SegmentedRaftLogCache.getEndIndex
2022-07-14 15:51:54,587 [s0@group-EF46AB43B6D1-LeaderStateImpl] TRACE segmented.SegmentedRaftLogCache (AutoCloseableReadWriteLock.java:logLocking(65)) - s0@group-EF46AB43B6D1: readLock RELEASED 0 by SegmentedRaftLogCache.getEndIndex
2022-07-14 15:51:54,587 [s0@group-EF46AB43B6D1-LeaderStateImpl] TRACE segmented.SegmentedRaftLogCache (AutoCloseableReadWriteLock.java:logLocking(65)) - s0@group-EF46AB43B6D1: readLock ACQUIRED 1 by SegmentedRaftLogCache$LogSegmentList.getTermIndex
2022-07-14 15:51:54,587 [s0@group-EF46AB43B6D1-LeaderStateImpl] TRACE segmented.SegmentedRaftLogCache (AutoCloseableReadWriteLock.java:logLocking(65)) - s0@group-EF46AB43B6D1: readLock RELEASED 0 by SegmentedRaftLogCache$LogSegmentList.getTermIndex
2022-07-14 15:51:54,588 [s0-client-thread1] TRACE segmented.SegmentedRaftLogCache (AutoCloseableReadWriteLock.java:logLocking(65)) - s0@group-EF46AB43B6D1: readLock ACQUIRED 1 by SegmentedRaftLogCache.getLastTermIndex
2022-07-14 15:51:54,588 [s0-client-thread1] TRACE segmented.SegmentedRaftLogCache (AutoCloseableReadWriteLock.java:logLocking(65)) - s0@group-EF46AB43B6D1: readLock RELEASED 0 by SegmentedRaftLogCache.getLastTermIndex
2022-07-14 15:51:54,588 [s0-client-thread1] TRACE segmented.SegmentedRaftLogCache (AutoCloseableReadWriteLock.java:logLocking(65)) - s0@group-EF46AB43B6D1: readLock ACQUIRED 1 by SegmentedRaftLogCache.getLastTermIndex
2022-07-14 15:51:54,588 [s0-client-thread1] TRACE segmented.SegmentedRaftLogCache (AutoCloseableReadWriteLock.java:logLocking(65)) - s0@group-EF46AB43B6D1: readLock RELEASED 0 by SegmentedRaftLogCache.getLastTermIndex
2022-07-14 15:51:54,588 [s0-client-thread1] TRACE segmented.SegmentedRaftLogCache (AutoCloseableReadWriteLock.java:logLocking(65)) - s0@group-EF46AB43B6D1: readLock ACQUIRED 1 by SegmentedRaftLogCache$LogSegmentList.countCached
2022-07-14 15:51:54,588 [s0-client-thread1] TRACE segmented.SegmentedRaftLogCache (AutoCloseableReadWriteLock.java:logLocking(65)) - s0@group-EF46AB43B6D1: readLock RELEASED 0 by SegmentedRaftLogCache$LogSegmentList.countCached
2022-07-14 15:51:54,588 [s0-client-thread1] TRACE segmented.SegmentedRaftLogCache (AutoCloseableReadWriteLock.java:logLocking(65)) - s0@group-EF46AB43B6D1: readLock ACQUIRED 1 by SegmentedRaftLogCache$LogSegmentList.getTotalCacheSize
2022-07-14 15:51:54,588 [s0-client-thread1] TRACE segmented.SegmentedRaftLogCache (AutoCloseableReadWriteLock.java:logLocking(65)) - s0@group-EF46AB43B6D1: readLock RELEASED 0 by SegmentedRaftLogCache$LogSegmentList.getTotalCacheSize
2022-07-14 15:51:54,588 [s0-client-thread1] DEBUG segmented.SegmentedRaftLogWorker (SegmentedRaftLogWorker.java:addIOTask(270)) - s0@group-EF46AB43B6D1-SegmentedRaftLogWorker adds IO task WriteLog:171: (t:1, i:171), STATEMACHINELOGENTRY, StateMachineLogEntryProto:256@client-64B90517F321
2022-07-14 15:51:54,588 [s0@group-EF46AB43B6D1-SegmentedRaftLogWorker] DEBUG segmented.SegmentedRaftLogWorker (SegmentedRaftLogWorker.java:flushIfNecessary(365)) - s0@group-EF46AB43B6D1-SegmentedRaftLogWorker: flush SegmentedRaftLogOutputStream(/home/runner/work/ratis/ratis/ratis-test/target/test/data/7931f2a6/MiniRaftClusterWithGrpc6c3cfa42/s0/d33854d5-690d-4a13-9a9e-ef46ab43b6d1/current/log_inprogress_0)
2022-07-14 15:51:54,589 [s0@group-EF46AB43B6D1-LeaderStateImpl] TRACE segmented.SegmentedRaftLogCache (AutoCloseableReadWriteLock.java:logLocking(65)) - s0@group-EF46AB43B6D1: readLock ACQUIRED 1 by SegmentedRaftLogCache.getStartIndex
2022-07-14 15:51:54,589 [s0@group-EF46AB43B6D1-LeaderStateImpl] TRACE segmented.SegmentedRaftLogCache (AutoCloseableReadWriteLock.java:logLocking(65)) -   s0@group-EF46AB43B6D1: readLock ACQUIRED 2 by SegmentedRaftLogCache$LogSegmentList.isEmpty
2022-07-14 15:51:54,589 [s0@group-EF46AB43B6D1-LeaderStateImpl] TRACE segmented.SegmentedRaftLogCache (AutoCloseableReadWriteLock.java:logLocking(65)) -   s0@group-EF46AB43B6D1: readLock RELEASED 1 by SegmentedRaftLogCache$LogSegmentList.isEmpty
2022-07-14 15:51:54,589 [s0@group-EF46AB43B6D1-LeaderStateImpl] TRACE segmented.SegmentedRaftLogCache (AutoCloseableReadWriteLock.java:logLocking(65)) - s0@group-EF46AB43B6D1: readLock RELEASED 0 by SegmentedRaftLogCache.getStartIndex
2022-07-14 15:51:54,589 [s0@group-EF46AB43B6D1-LeaderStateImpl] TRACE segmented.SegmentedRaftLogCache (AutoCloseableReadWriteLock.java:logLocking(65)) - s0@group-EF46AB43B6D1: readLock ACQUIRED 1 by SegmentedRaftLogCache.getEndIndex
2022-07-14 15:51:54,589 [s0@group-EF46AB43B6D1-LeaderStateImpl] TRACE segmented.SegmentedRaftLogCache (AutoCloseableReadWriteLock.java:logLocking(65)) - s0@group-EF46AB43B6D1: readLock RELEASED 0 by SegmentedRaftLogCache.getEndIndex
2022-07-14 15:51:54,589 [s0@group-EF46AB43B6D1-LeaderStateImpl] TRACE segmented.SegmentedRaftLogCache (AutoCloseableReadWriteLock.java:logLocking(65)) - s0@group-EF46AB43B6D1: readLock ACQUIRED 1 by SegmentedRaftLogCache$LogSegmentList.getTermIndex
2022-07-14 15:51:54,589 [s0@group-EF46AB43B6D1-LeaderStateImpl] TRACE segmented.SegmentedRaftLogCache (AutoCloseableReadWriteLock.java:logLocking(65)) - s0@group-EF46AB43B6D1: readLock RELEASED 0 by SegmentedRaftLogCache$LogSegmentList.getTermIndex
2022-07-14 15:51:54,589 [s0@group-EF46AB43B6D1-LeaderStateImpl] TRACE segmented.SegmentedRaftLogCache (AutoCloseableReadWriteLock.java:logLocking(65)) - s0@group-EF46AB43B6D1: readLock ACQUIRED 1 by SegmentedRaftLogCache.getLastTermIndex
2022-07-14 15:51:54,589 [s0@group-EF46AB43B6D1-LeaderStateImpl] TRACE segmented.SegmentedRaftLogCache (AutoCloseableReadWriteLock.java:logLocking(65)) - s0@group-EF46AB43B6D1: readLock RELEASED 0 by SegmentedRaftLogCache.getLastTermIndex
2022-07-14 15:51:54,589 [s0@group-EF46AB43B6D1-StateMachineUpdater] INFO  statemachine.SimpleStateMachine4Testing (SimpleStateMachine4Testing.java:put(204)) - s0: put 171, m85 -> (t:1, i:171), STATEMACHINELOGENTRY, 256@client-64B90517F321
2022-07-14 15:51:54,589 [s0@group-EF46AB43B6D1-LeaderStateImpl] TRACE segmented.SegmentedRaftLogCache (AutoCloseableReadWriteLock.java:logLocking(65)) - s0@group-EF46AB43B6D1: readLock ACQUIRED 1 by SegmentedRaftLogCache$LogSegmentList.countCached
2022-07-14 15:51:54,589 [s0@group-EF46AB43B6D1-LeaderStateImpl] TRACE segmented.SegmentedRaftLogCache (AutoCloseableReadWriteLock.java:logLocking(65)) - s0@group-EF46AB43B6D1: readLock RELEASED 0 by SegmentedRaftLogCache$LogSegmentList.countCached
2022-07-14 15:51:54,590 [s0@group-EF46AB43B6D1-LeaderStateImpl] TRACE segmented.SegmentedRaftLogCache (AutoCloseableReadWriteLock.java:logLocking(65)) - s0@group-EF46AB43B6D1: readLock ACQUIRED 1 by SegmentedRaftLogCache$LogSegmentList.getTotalCacheSize
2022-07-14 15:51:54,590 [s0@group-EF46AB43B6D1-LeaderStateImpl] TRACE segmented.SegmentedRaftLogCache (AutoCloseableReadWriteLock.java:logLocking(65)) - s0@group-EF46AB43B6D1: readLock RELEASED 0 by SegmentedRaftLogCache$LogSegmentList.getTotalCacheSize
2022-07-14 15:51:54,590 [s0@group-EF46AB43B6D1-LeaderStateImpl] DEBUG segmented.SegmentedRaftLogWorker (SegmentedRaftLogWorker.java:addIOTask(270)) - s0@group-EF46AB43B6D1-SegmentedRaftLogWorker adds IO task WriteLog:172: (t:1, i:172), METADATAENTRY(c:171)
2022-07-14 15:51:54,590 [s0@group-EF46AB43B6D1-SegmentedRaftLogWorker] DEBUG segmented.SegmentedRaftLogWorker (SegmentedRaftLogWorker.java:flushIfNecessary(365)) - s0@group-EF46AB43B6D1-SegmentedRaftLogWorker: flush SegmentedRaftLogOutputStream(/home/runner/work/ratis/ratis/ratis-test/target/test/data/7931f2a6/MiniRaftClusterWithGrpc6c3cfa42/s0/d33854d5-690d-4a13-9a9e-ef46ab43b6d1/current/log_inprogress_0)
2022-07-14 15:51:54,594 [s0-client-thread1] TRACE segmented.SegmentedRaftLogCache (AutoCloseableReadWriteLock.java:logLocking(65)) - s0@group-EF46AB43B6D1: readLock ACQUIRED 1 by SegmentedRaftLogCache.getLastTermIndex
2022-07-14 15:51:54,594 [s0-client-thread1] TRACE segmented.SegmentedRaftLogCache (AutoCloseableReadWriteLock.java:logLocking(65)) - s0@group-EF46AB43B6D1: readLock RELEASED 0 by SegmentedRaftLogCache.getLastTermIndex
2022-07-14 15:51:54,594 [s0-client-thread1] TRACE segmented.SegmentedRaftLogCache (AutoCloseableReadWriteLock.java:logLocking(65)) - s0@group-EF46AB43B6D1: readLock ACQUIRED 1 by SegmentedRaftLogCache.getLastTermIndex
2022-07-14 15:51:54,594 [s0-client-thread1] TRACE segmented.SegmentedRaftLogCache (AutoCloseableReadWriteLock.java:logLocking(65)) - s0@group-EF46AB43B6D1: readLock RELEASED 0 by SegmentedRaftLogCache.getLastTermIndex
2022-07-14 15:51:54,594 [s0-client-thread1] TRACE segmented.SegmentedRaftLogCache (AutoCloseableReadWriteLock.java:logLocking(65)) - s0@group-EF46AB43B6D1: readLock ACQUIRED 1 by SegmentedRaftLogCache$LogSegmentList.countCached
2022-07-14 15:51:54,594 [s0-client-thread1] TRACE segmented.SegmentedRaftLogCache (AutoCloseableReadWriteLock.java:logLocking(65)) - s0@group-EF46AB43B6D1: readLock RELEASED 0 by SegmentedRaftLogCache$LogSegmentList.countCached
2022-07-14 15:51:54,594 [s0-client-thread1] TRACE segmented.SegmentedRaftLogCache (AutoCloseableReadWriteLock.java:logLocking(65)) - s0@group-EF46AB43B6D1: readLock ACQUIRED 1 by SegmentedRaftLogCache$LogSegmentList.getTotalCacheSize
2022-07-14 15:51:54,594 [s0-client-thread1] TRACE segmented.SegmentedRaftLogCache (AutoCloseableReadWriteLock.java:logLocking(65)) - s0@group-EF46AB43B6D1: readLock RELEASED 0 by SegmentedRaftLogCache$LogSegmentList.getTotalCacheSize
2022-07-14 15:51:54,594 [s0-client-thread1] DEBUG segmented.SegmentedRaftLogWorker (SegmentedRaftLogWorker.java:addIOTask(270)) - s0@group-EF46AB43B6D1-SegmentedRaftLogWorker adds IO task WriteLog:173: (t:1, i:173), STATEMACHINELOGENTRY, StateMachineLogEntryProto:257@client-64B90517F321
2022-07-14 15:51:54,595 [s0@group-EF46AB43B6D1-SegmentedRaftLogWorker] DEBUG segmented.SegmentedRaftLogWorker (SegmentedRaftLogWorker.java:flushIfNecessary(365)) - s0@group-EF46AB43B6D1-SegmentedRaftLogWorker: flush SegmentedRaftLogOutputStream(/home/runner/work/ratis/ratis/ratis-test/target/test/data/7931f2a6/MiniRaftClusterWithGrpc6c3cfa42/s0/d33854d5-690d-4a13-9a9e-ef46ab43b6d1/current/log_inprogress_0)
2022-07-14 15:51:54,595 [s0@group-EF46AB43B6D1-LeaderStateImpl] TRACE segmented.SegmentedRaftLogCache (AutoCloseableReadWriteLock.java:logLocking(65)) - s0@group-EF46AB43B6D1: readLock ACQUIRED 1 by SegmentedRaftLogCache.getStartIndex
2022-07-14 15:51:54,595 [s0@group-EF46AB43B6D1-LeaderStateImpl] TRACE segmented.SegmentedRaftLogCache (AutoCloseableReadWriteLock.java:logLocking(65)) -   s0@group-EF46AB43B6D1: readLock ACQUIRED 2 by SegmentedRaftLogCache$LogSegmentList.isEmpty
2022-07-14 15:51:54,595 [s0@group-EF46AB43B6D1-LeaderStateImpl] TRACE segmented.SegmentedRaftLogCache (AutoCloseableReadWriteLock.java:logLocking(65)) -   s0@group-EF46AB43B6D1: readLock RELEASED 1 by SegmentedRaftLogCache$LogSegmentList.isEmpty
2022-07-14 15:51:54,595 [s0@group-EF46AB43B6D1-LeaderStateImpl] TRACE segmented.SegmentedRaftLogCache (AutoCloseableReadWriteLock.java:logLocking(65)) - s0@group-EF46AB43B6D1: readLock RELEASED 0 by SegmentedRaftLogCache.getStartIndex
2022-07-14 15:51:54,595 [s0@group-EF46AB43B6D1-LeaderStateImpl] TRACE segmented.SegmentedRaftLogCache (AutoCloseableReadWriteLock.java:logLocking(65)) - s0@group-EF46AB43B6D1: readLock ACQUIRED 1 by SegmentedRaftLogCache.getEndIndex
2022-07-14 15:51:54,595 [s0@group-EF46AB43B6D1-LeaderStateImpl] TRACE segmented.SegmentedRaftLogCache (AutoCloseableReadWriteLock.java:logLocking(65)) - s0@group-EF46AB43B6D1: readLock RELEASED 0 by SegmentedRaftLogCache.getEndIndex
2022-07-14 15:51:54,595 [s0@group-EF46AB43B6D1-LeaderStateImpl] TRACE segmented.SegmentedRaftLogCache (AutoCloseableReadWriteLock.java:logLocking(65)) - s0@group-EF46AB43B6D1: readLock ACQUIRED 1 by SegmentedRaftLogCache$LogSegmentList.getTermIndex
2022-07-14 15:51:54,595 [s0@group-EF46AB43B6D1-LeaderStateImpl] TRACE segmented.SegmentedRaftLogCache (AutoCloseableReadWriteLock.java:logLocking(65)) - s0@group-EF46AB43B6D1: readLock RELEASED 0 by SegmentedRaftLogCache$LogSegmentList.getTermIndex
2022-07-14 15:51:54,595 [s0@group-EF46AB43B6D1-LeaderStateImpl] TRACE segmented.SegmentedRaftLogCache (AutoCloseableReadWriteLock.java:logLocking(65)) - s0@group-EF46AB43B6D1: readLock ACQUIRED 1 by SegmentedRaftLogCache.getStartIndex
2022-07-14 15:51:54,595 [s0@group-EF46AB43B6D1-LeaderStateImpl] TRACE segmented.SegmentedRaftLogCache (AutoCloseableReadWriteLock.java:logLocking(65)) -   s0@group-EF46AB43B6D1: readLock ACQUIRED 2 by SegmentedRaftLogCache$LogSegmentList.isEmpty
2022-07-14 15:51:54,595 [s0@group-EF46AB43B6D1-LeaderStateImpl] TRACE segmented.SegmentedRaftLogCache (AutoCloseableReadWriteLock.java:logLocking(65)) -   s0@group-EF46AB43B6D1: readLock RELEASED 1 by SegmentedRaftLogCache$LogSegmentList.isEmpty
2022-07-14 15:51:54,595 [s0@group-EF46AB43B6D1-LeaderStateImpl] TRACE segmented.SegmentedRaftLogCache (AutoCloseableReadWriteLock.java:logLocking(65)) - s0@group-EF46AB43B6D1: readLock RELEASED 0 by SegmentedRaftLogCache.getStartIndex
2022-07-14 15:51:54,595 [s0@group-EF46AB43B6D1-LeaderStateImpl] TRACE segmented.SegmentedRaftLogCache (AutoCloseableReadWriteLock.java:logLocking(65)) - s0@group-EF46AB43B6D1: readLock ACQUIRED 1 by SegmentedRaftLogCache.getEndIndex
2022-07-14 15:51:54,595 [s0@group-EF46AB43B6D1-LeaderStateImpl] TRACE segmented.SegmentedRaftLogCache (AutoCloseableReadWriteLock.java:logLocking(65)) - s0@group-EF46AB43B6D1: readLock RELEASED 0 by SegmentedRaftLogCache.getEndIndex
2022-07-14 15:51:54,596 [s0@group-EF46AB43B6D1-LeaderStateImpl] TRACE segmented.SegmentedRaftLogCache (AutoCloseableReadWriteLock.java:logLocking(65)) - s0@group-EF46AB43B6D1: readLock ACQUIRED 1 by SegmentedRaftLogCache$LogSegmentList.getTermIndex
2022-07-14 15:51:54,596 [s0@group-EF46AB43B6D1-LeaderStateImpl] TRACE segmented.SegmentedRaftLogCache (AutoCloseableReadWriteLock.java:logLocking(65)) - s0@group-EF46AB43B6D1: readLock RELEASED 0 by SegmentedRaftLogCache$LogSegmentList.getTermIndex
2022-07-14 15:51:54,596 [s0@group-EF46AB43B6D1-LeaderStateImpl] TRACE segmented.SegmentedRaftLogCache (AutoCloseableReadWriteLock.java:logLocking(65)) - s0@group-EF46AB43B6D1: readLock ACQUIRED 1 by SegmentedRaftLogCache.getLastTermIndex
2022-07-14 15:51:54,596 [s0@group-EF46AB43B6D1-LeaderStateImpl] TRACE segmented.SegmentedRaftLogCache (AutoCloseableReadWriteLock.java:logLocking(65)) - s0@group-EF46AB43B6D1: readLock RELEASED 0 by SegmentedRaftLogCache.getLastTermIndex
2022-07-14 15:51:54,596 [s0@group-EF46AB43B6D1-StateMachineUpdater] INFO  statemachine.SimpleStateMachine4Testing (SimpleStateMachine4Testing.java:put(204)) - s0: put 173, m86 -> (t:1, i:173), STATEMACHINELOGENTRY, 257@client-64B90517F321
2022-07-14 15:51:54,596 [s0@group-EF46AB43B6D1-LeaderStateImpl] TRACE segmented.SegmentedRaftLogCache (AutoCloseableReadWriteLock.java:logLocking(65)) - s0@group-EF46AB43B6D1: readLock ACQUIRED 1 by SegmentedRaftLogCache$LogSegmentList.countCached
2022-07-14 15:51:54,596 [s0@group-EF46AB43B6D1-LeaderStateImpl] TRACE segmented.SegmentedRaftLogCache (AutoCloseableReadWriteLock.java:logLocking(65)) - s0@group-EF46AB43B6D1: readLock RELEASED 0 by SegmentedRaftLogCache$LogSegmentList.countCached
2022-07-14 15:51:54,597 [s0@group-EF46AB43B6D1-LeaderStateImpl] TRACE segmented.SegmentedRaftLogCache (AutoCloseableReadWriteLock.java:logLocking(65)) - s0@group-EF46AB43B6D1: readLock ACQUIRED 1 by SegmentedRaftLogCache$LogSegmentList.getTotalCacheSize
2022-07-14 15:51:54,597 [s0@group-EF46AB43B6D1-LeaderStateImpl] TRACE segmented.SegmentedRaftLogCache (AutoCloseableReadWriteLock.java:logLocking(65)) - s0@group-EF46AB43B6D1: readLock RELEASED 0 by SegmentedRaftLogCache$LogSegmentList.getTotalCacheSize
2022-07-14 15:51:54,597 [s0@group-EF46AB43B6D1-LeaderStateImpl] DEBUG segmented.SegmentedRaftLogWorker (SegmentedRaftLogWorker.java:addIOTask(270)) - s0@group-EF46AB43B6D1-SegmentedRaftLogWorker adds IO task WriteLog:174: (t:1, i:174), METADATAENTRY(c:173)
2022-07-14 15:51:54,597 [s0@group-EF46AB43B6D1-SegmentedRaftLogWorker] DEBUG segmented.SegmentedRaftLogWorker (SegmentedRaftLogWorker.java:flushIfNecessary(365)) - s0@group-EF46AB43B6D1-SegmentedRaftLogWorker: flush SegmentedRaftLogOutputStream(/home/runner/work/ratis/ratis/ratis-test/target/test/data/7931f2a6/MiniRaftClusterWithGrpc6c3cfa42/s0/d33854d5-690d-4a13-9a9e-ef46ab43b6d1/current/log_inprogress_0)
2022-07-14 15:51:54,598 [s0-client-thread1] TRACE segmented.SegmentedRaftLogCache (AutoCloseableReadWriteLock.java:logLocking(65)) - s0@group-EF46AB43B6D1: readLock ACQUIRED 1 by SegmentedRaftLogCache.getLastTermIndex
2022-07-14 15:51:54,598 [s0-client-thread1] TRACE segmented.SegmentedRaftLogCache (AutoCloseableReadWriteLock.java:logLocking(65)) - s0@group-EF46AB43B6D1: readLock RELEASED 0 by SegmentedRaftLogCache.getLastTermIndex
2022-07-14 15:51:54,598 [s0-client-thread1] TRACE segmented.SegmentedRaftLogCache (AutoCloseableReadWriteLock.java:logLocking(65)) - s0@group-EF46AB43B6D1: readLock ACQUIRED 1 by SegmentedRaftLogCache.getLastTermIndex
2022-07-14 15:51:54,598 [s0-client-thread1] TRACE segmented.SegmentedRaftLogCache (AutoCloseableReadWriteLock.java:logLocking(65)) - s0@group-EF46AB43B6D1: readLock RELEASED 0 by SegmentedRaftLogCache.getLastTermIndex
2022-07-14 15:51:54,598 [s0-client-thread1] TRACE segmented.SegmentedRaftLogCache (AutoCloseableReadWriteLock.java:logLocking(65)) - s0@group-EF46AB43B6D1: readLock ACQUIRED 1 by SegmentedRaftLogCache$LogSegmentList.countCached
2022-07-14 15:51:54,598 [s0-client-thread1] TRACE segmented.SegmentedRaftLogCache (AutoCloseableReadWriteLock.java:logLocking(65)) - s0@group-EF46AB43B6D1: readLock RELEASED 0 by SegmentedRaftLogCache$LogSegmentList.countCached
2022-07-14 15:51:54,598 [s0-client-thread1] TRACE segmented.SegmentedRaftLogCache (AutoCloseableReadWriteLock.java:logLocking(65)) - s0@group-EF46AB43B6D1: readLock ACQUIRED 1 by SegmentedRaftLogCache$LogSegmentList.getTotalCacheSize
2022-07-14 15:51:54,598 [s0-client-thread1] TRACE segmented.SegmentedRaftLogCache (AutoCloseableReadWriteLock.java:logLocking(65)) - s0@group-EF46AB43B6D1: readLock RELEASED 0 by SegmentedRaftLogCache$LogSegmentList.getTotalCacheSize
2022-07-14 15:51:54,598 [s0-client-thread1] DEBUG segmented.SegmentedRaftLogWorker (SegmentedRaftLogWorker.java:addIOTask(270)) - s0@group-EF46AB43B6D1-SegmentedRaftLogWorker adds IO task WriteLog:175: (t:1, i:175), STATEMACHINELOGENTRY, StateMachineLogEntryProto:258@client-64B90517F321
2022-07-14 15:51:54,598 [s0@group-EF46AB43B6D1-SegmentedRaftLogWorker] DEBUG segmented.SegmentedRaftLogWorker (SegmentedRaftLogWorker.java:flushIfNecessary(365)) - s0@group-EF46AB43B6D1-SegmentedRaftLogWorker: flush SegmentedRaftLogOutputStream(/home/runner/work/ratis/ratis/ratis-test/target/test/data/7931f2a6/MiniRaftClusterWithGrpc6c3cfa42/s0/d33854d5-690d-4a13-9a9e-ef46ab43b6d1/current/log_inprogress_0)
2022-07-14 15:51:54,598 [s0@group-EF46AB43B6D1-LeaderStateImpl] TRACE segmented.SegmentedRaftLogCache (AutoCloseableReadWriteLock.java:logLocking(65)) - s0@group-EF46AB43B6D1: readLock ACQUIRED 1 by SegmentedRaftLogCache.getStartIndex
2022-07-14 15:51:54,598 [s0@group-EF46AB43B6D1-LeaderStateImpl] TRACE segmented.SegmentedRaftLogCache (AutoCloseableReadWriteLock.java:logLocking(65)) -   s0@group-EF46AB43B6D1: readLock ACQUIRED 2 by SegmentedRaftLogCache$LogSegmentList.isEmpty
2022-07-14 15:51:54,598 [s0@group-EF46AB43B6D1-LeaderStateImpl] TRACE segmented.SegmentedRaftLogCache (AutoCloseableReadWriteLock.java:logLocking(65)) -   s0@group-EF46AB43B6D1: readLock RELEASED 1 by SegmentedRaftLogCache$LogSegmentList.isEmpty
2022-07-14 15:51:54,599 [s0@group-EF46AB43B6D1-LeaderStateImpl] TRACE segmented.SegmentedRaftLogCache (AutoCloseableReadWriteLock.java:logLocking(65)) - s0@group-EF46AB43B6D1: readLock RELEASED 0 by SegmentedRaftLogCache.getStartIndex
2022-07-14 15:51:54,599 [s0@group-EF46AB43B6D1-LeaderStateImpl] TRACE segmented.SegmentedRaftLogCache (AutoCloseableReadWriteLock.java:logLocking(65)) - s0@group-EF46AB43B6D1: readLock ACQUIRED 1 by SegmentedRaftLogCache.getEndIndex
2022-07-14 15:51:54,599 [s0@group-EF46AB43B6D1-LeaderStateImpl] TRACE segmented.SegmentedRaftLogCache (AutoCloseableReadWriteLock.java:logLocking(65)) - s0@group-EF46AB43B6D1: readLock RELEASED 0 by SegmentedRaftLogCache.getEndIndex
2022-07-14 15:51:54,599 [s0@group-EF46AB43B6D1-LeaderStateImpl] TRACE segmented.SegmentedRaftLogCache (AutoCloseableReadWriteLock.java:logLocking(65)) - s0@group-EF46AB43B6D1: readLock ACQUIRED 1 by SegmentedRaftLogCache$LogSegmentList.getTermIndex
2022-07-14 15:51:54,599 [s0@group-EF46AB43B6D1-LeaderStateImpl] TRACE segmented.SegmentedRaftLogCache (AutoCloseableReadWriteLock.java:logLocking(65)) - s0@group-EF46AB43B6D1: readLock RELEASED 0 by SegmentedRaftLogCache$LogSegmentList.getTermIndex
2022-07-14 15:51:54,599 [s0@group-EF46AB43B6D1-LeaderStateImpl] TRACE segmented.SegmentedRaftLogCache (AutoCloseableReadWriteLock.java:logLocking(65)) - s0@group-EF46AB43B6D1: readLock ACQUIRED 1 by SegmentedRaftLogCache.getStartIndex
2022-07-14 15:51:54,599 [s0@group-EF46AB43B6D1-LeaderStateImpl] TRACE segmented.SegmentedRaftLogCache (AutoCloseableReadWriteLock.java:logLocking(65)) -   s0@group-EF46AB43B6D1: readLock ACQUIRED 2 by SegmentedRaftLogCache$LogSegmentList.isEmpty
2022-07-14 15:51:54,599 [s0@group-EF46AB43B6D1-LeaderStateImpl] TRACE segmented.SegmentedRaftLogCache (AutoCloseableReadWriteLock.java:logLocking(65)) -   s0@group-EF46AB43B6D1: readLock RELEASED 1 by SegmentedRaftLogCache$LogSegmentList.isEmpty
2022-07-14 15:51:54,599 [s0@group-EF46AB43B6D1-LeaderStateImpl] TRACE segmented.SegmentedRaftLogCache (AutoCloseableReadWriteLock.java:logLocking(65)) - s0@group-EF46AB43B6D1: readLock RELEASED 0 by SegmentedRaftLogCache.getStartIndex
2022-07-14 15:51:54,599 [s0@group-EF46AB43B6D1-LeaderStateImpl] TRACE segmented.SegmentedRaftLogCache (AutoCloseableReadWriteLock.java:logLocking(65)) - s0@group-EF46AB43B6D1: readLock ACQUIRED 1 by SegmentedRaftLogCache.getEndIndex
2022-07-14 15:51:54,599 [s0@group-EF46AB43B6D1-LeaderStateImpl] TRACE segmented.SegmentedRaftLogCache (AutoCloseableReadWriteLock.java:logLocking(65)) - s0@group-EF46AB43B6D1: readLock RELEASED 0 by SegmentedRaftLogCache.getEndIndex
2022-07-14 15:51:54,599 [s0@group-EF46AB43B6D1-LeaderStateImpl] TRACE segmented.SegmentedRaftLogCache (AutoCloseableReadWriteLock.java:logLocking(65)) - s0@group-EF46AB43B6D1: readLock ACQUIRED 1 by SegmentedRaftLogCache$LogSegmentList.getTermIndex
2022-07-14 15:51:54,599 [s0@group-EF46AB43B6D1-LeaderStateImpl] TRACE segmented.SegmentedRaftLogCache (AutoCloseableReadWriteLock.java:logLocking(65)) - s0@group-EF46AB43B6D1: readLock RELEASED 0 by SegmentedRaftLogCache$LogSegmentList.getTermIndex
2022-07-14 15:51:54,599 [s0@group-EF46AB43B6D1-StateMachineUpdater] INFO  statemachine.SimpleStateMachine4Testing (SimpleStateMachine4Testing.java:put(204)) - s0: put 175, m87 -> (t:1, i:175), STATEMACHINELOGENTRY, 258@client-64B90517F321
2022-07-14 15:51:54,601 [s0@group-EF46AB43B6D1-LeaderStateImpl] TRACE segmented.SegmentedRaftLogCache (AutoCloseableReadWriteLock.java:logLocking(65)) - s0@group-EF46AB43B6D1: readLock ACQUIRED 1 by SegmentedRaftLogCache.getLastTermIndex
2022-07-14 15:51:54,601 [s0@group-EF46AB43B6D1-LeaderStateImpl] TRACE segmented.SegmentedRaftLogCache (AutoCloseableReadWriteLock.java:logLocking(65)) - s0@group-EF46AB43B6D1: readLock RELEASED 0 by SegmentedRaftLogCache.getLastTermIndex
2022-07-14 15:51:54,601 [s0@group-EF46AB43B6D1-LeaderStateImpl] TRACE segmented.SegmentedRaftLogCache (AutoCloseableReadWriteLock.java:logLocking(65)) - s0@group-EF46AB43B6D1: readLock ACQUIRED 1 by SegmentedRaftLogCache$LogSegmentList.countCached
2022-07-14 15:51:54,601 [s0@group-EF46AB43B6D1-LeaderStateImpl] TRACE segmented.SegmentedRaftLogCache (AutoCloseableReadWriteLock.java:logLocking(65)) - s0@group-EF46AB43B6D1: readLock RELEASED 0 by SegmentedRaftLogCache$LogSegmentList.countCached
2022-07-14 15:51:54,601 [s0@group-EF46AB43B6D1-LeaderStateImpl] TRACE segmented.SegmentedRaftLogCache (AutoCloseableReadWriteLock.java:logLocking(65)) - s0@group-EF46AB43B6D1: readLock ACQUIRED 1 by SegmentedRaftLogCache$LogSegmentList.getTotalCacheSize
2022-07-14 15:51:54,601 [s0@group-EF46AB43B6D1-LeaderStateImpl] TRACE segmented.SegmentedRaftLogCache (AutoCloseableReadWriteLock.java:logLocking(65)) - s0@group-EF46AB43B6D1: readLock RELEASED 0 by SegmentedRaftLogCache$LogSegmentList.getTotalCacheSize
2022-07-14 15:51:54,601 [s0@group-EF46AB43B6D1-LeaderStateImpl] DEBUG segmented.SegmentedRaftLogWorker (SegmentedRaftLogWorker.java:addIOTask(270)) - s0@group-EF46AB43B6D1-SegmentedRaftLogWorker adds IO task WriteLog:176: (t:1, i:176), METADATAENTRY(c:175)
2022-07-14 15:51:54,601 [s0@group-EF46AB43B6D1-SegmentedRaftLogWorker] DEBUG segmented.SegmentedRaftLogWorker (SegmentedRaftLogWorker.java:flushIfNecessary(365)) - s0@group-EF46AB43B6D1-SegmentedRaftLogWorker: flush SegmentedRaftLogOutputStream(/home/runner/work/ratis/ratis/ratis-test/target/test/data/7931f2a6/MiniRaftClusterWithGrpc6c3cfa42/s0/d33854d5-690d-4a13-9a9e-ef46ab43b6d1/current/log_inprogress_0)
2022-07-14 15:51:54,601 [s0-client-thread1] TRACE segmented.SegmentedRaftLogCache (AutoCloseableReadWriteLock.java:logLocking(65)) - s0@group-EF46AB43B6D1: readLock ACQUIRED 1 by SegmentedRaftLogCache.getLastTermIndex
2022-07-14 15:51:54,601 [s0-client-thread1] TRACE segmented.SegmentedRaftLogCache (AutoCloseableReadWriteLock.java:logLocking(65)) - s0@group-EF46AB43B6D1: readLock RELEASED 0 by SegmentedRaftLogCache.getLastTermIndex
2022-07-14 15:51:54,601 [s0-client-thread1] TRACE segmented.SegmentedRaftLogCache (AutoCloseableReadWriteLock.java:logLocking(65)) - s0@group-EF46AB43B6D1: readLock ACQUIRED 1 by SegmentedRaftLogCache.getLastTermIndex
2022-07-14 15:51:54,602 [s0-client-thread1] TRACE segmented.SegmentedRaftLogCache (AutoCloseableReadWriteLock.java:logLocking(65)) - s0@group-EF46AB43B6D1: readLock RELEASED 0 by SegmentedRaftLogCache.getLastTermIndex
2022-07-14 15:51:54,602 [s0-client-thread1] TRACE segmented.SegmentedRaftLogCache (AutoCloseableReadWriteLock.java:logLocking(65)) - s0@group-EF46AB43B6D1: readLock ACQUIRED 1 by SegmentedRaftLogCache$LogSegmentList.countCached
2022-07-14 15:51:54,602 [s0-client-thread1] TRACE segmented.SegmentedRaftLogCache (AutoCloseableReadWriteLock.java:logLocking(65)) - s0@group-EF46AB43B6D1: readLock RELEASED 0 by SegmentedRaftLogCache$LogSegmentList.countCached
2022-07-14 15:51:54,602 [s0-client-thread1] TRACE segmented.SegmentedRaftLogCache (AutoCloseableReadWriteLock.java:logLocking(65)) - s0@group-EF46AB43B6D1: readLock ACQUIRED 1 by SegmentedRaftLogCache$LogSegmentList.getTotalCacheSize
2022-07-14 15:51:54,602 [s0-client-thread1] TRACE segmented.SegmentedRaftLogCache (AutoCloseableReadWriteLock.java:logLocking(65)) - s0@group-EF46AB43B6D1: readLock RELEASED 0 by SegmentedRaftLogCache$LogSegmentList.getTotalCacheSize
2022-07-14 15:51:54,602 [s0-client-thread1] DEBUG segmented.SegmentedRaftLogWorker (SegmentedRaftLogWorker.java:addIOTask(270)) - s0@group-EF46AB43B6D1-SegmentedRaftLogWorker adds IO task WriteLog:177: (t:1, i:177), STATEMACHINELOGENTRY, StateMachineLogEntryProto:259@client-64B90517F321
2022-07-14 15:51:54,602 [s0@group-EF46AB43B6D1-SegmentedRaftLogWorker] DEBUG segmented.SegmentedRaftLogWorker (SegmentedRaftLogWorker.java:flushIfNecessary(365)) - s0@group-EF46AB43B6D1-SegmentedRaftLogWorker: flush SegmentedRaftLogOutputStream(/home/runner/work/ratis/ratis/ratis-test/target/test/data/7931f2a6/MiniRaftClusterWithGrpc6c3cfa42/s0/d33854d5-690d-4a13-9a9e-ef46ab43b6d1/current/log_inprogress_0)
2022-07-14 15:51:54,602 [s0@group-EF46AB43B6D1-LeaderStateImpl] TRACE segmented.SegmentedRaftLogCache (AutoCloseableReadWriteLock.java:logLocking(65)) - s0@group-EF46AB43B6D1: readLock ACQUIRED 1 by SegmentedRaftLogCache.getStartIndex
2022-07-14 15:51:54,602 [s0@group-EF46AB43B6D1-LeaderStateImpl] TRACE segmented.SegmentedRaftLogCache (AutoCloseableReadWriteLock.java:logLocking(65)) -   s0@group-EF46AB43B6D1: readLock ACQUIRED 2 by SegmentedRaftLogCache$LogSegmentList.isEmpty
2022-07-14 15:51:54,602 [s0@group-EF46AB43B6D1-LeaderStateImpl] TRACE segmented.SegmentedRaftLogCache (AutoCloseableReadWriteLock.java:logLocking(65)) -   s0@group-EF46AB43B6D1: readLock RELEASED 1 by SegmentedRaftLogCache$LogSegmentList.isEmpty
2022-07-14 15:51:54,602 [s0@group-EF46AB43B6D1-LeaderStateImpl] TRACE segmented.SegmentedRaftLogCache (AutoCloseableReadWriteLock.java:logLocking(65)) - s0@group-EF46AB43B6D1: readLock RELEASED 0 by SegmentedRaftLogCache.getStartIndex
2022-07-14 15:51:54,602 [s0@group-EF46AB43B6D1-LeaderStateImpl] TRACE segmented.SegmentedRaftLogCache (AutoCloseableReadWriteLock.java:logLocking(65)) - s0@group-EF46AB43B6D1: readLock ACQUIRED 1 by SegmentedRaftLogCache.getEndIndex
2022-07-14 15:51:54,602 [s0@group-EF46AB43B6D1-LeaderStateImpl] TRACE segmented.SegmentedRaftLogCache (AutoCloseableReadWriteLock.java:logLocking(65)) - s0@group-EF46AB43B6D1: readLock RELEASED 0 by SegmentedRaftLogCache.getEndIndex
2022-07-14 15:51:54,602 [s0@group-EF46AB43B6D1-LeaderStateImpl] TRACE segmented.SegmentedRaftLogCache (AutoCloseableReadWriteLock.java:logLocking(65)) - s0@group-EF46AB43B6D1: readLock ACQUIRED 1 by SegmentedRaftLogCache$LogSegmentList.getTermIndex
2022-07-14 15:51:54,602 [s0@group-EF46AB43B6D1-LeaderStateImpl] TRACE segmented.SegmentedRaftLogCache (AutoCloseableReadWriteLock.java:logLocking(65)) - s0@group-EF46AB43B6D1: readLock RELEASED 0 by SegmentedRaftLogCache$LogSegmentList.getTermIndex
2022-07-14 15:51:54,603 [s0@group-EF46AB43B6D1-LeaderStateImpl] TRACE segmented.SegmentedRaftLogCache (AutoCloseableReadWriteLock.java:logLocking(65)) - s0@group-EF46AB43B6D1: readLock ACQUIRED 1 by SegmentedRaftLogCache.getStartIndex
2022-07-14 15:51:54,603 [s0@group-EF46AB43B6D1-LeaderStateImpl] TRACE segmented.SegmentedRaftLogCache (AutoCloseableReadWriteLock.java:logLocking(65)) -   s0@group-EF46AB43B6D1: readLock ACQUIRED 2 by SegmentedRaftLogCache$LogSegmentList.isEmpty
2022-07-14 15:51:54,603 [s0@group-EF46AB43B6D1-LeaderStateImpl] TRACE segmented.SegmentedRaftLogCache (AutoCloseableReadWriteLock.java:logLocking(65)) -   s0@group-EF46AB43B6D1: readLock RELEASED 1 by SegmentedRaftLogCache$LogSegmentList.isEmpty
2022-07-14 15:51:54,603 [s0@group-EF46AB43B6D1-LeaderStateImpl] TRACE segmented.SegmentedRaftLogCache (AutoCloseableReadWriteLock.java:logLocking(65)) - s0@group-EF46AB43B6D1: readLock RELEASED 0 by SegmentedRaftLogCache.getStartIndex
2022-07-14 15:51:54,603 [s0@group-EF46AB43B6D1-LeaderStateImpl] TRACE segmented.SegmentedRaftLogCache (AutoCloseableReadWriteLock.java:logLocking(65)) - s0@group-EF46AB43B6D1: readLock ACQUIRED 1 by SegmentedRaftLogCache.getEndIndex
2022-07-14 15:51:54,603 [s0@group-EF46AB43B6D1-LeaderStateImpl] TRACE segmented.SegmentedRaftLogCache (AutoCloseableReadWriteLock.java:logLocking(65)) - s0@group-EF46AB43B6D1: readLock RELEASED 0 by SegmentedRaftLogCache.getEndIndex
2022-07-14 15:51:54,603 [s0@group-EF46AB43B6D1-LeaderStateImpl] TRACE segmented.SegmentedRaftLogCache (AutoCloseableReadWriteLock.java:logLocking(65)) - s0@group-EF46AB43B6D1: readLock ACQUIRED 1 by SegmentedRaftLogCache$LogSegmentList.getTermIndex
2022-07-14 15:51:54,603 [s0@group-EF46AB43B6D1-LeaderStateImpl] TRACE segmented.SegmentedRaftLogCache (AutoCloseableReadWriteLock.java:logLocking(65)) - s0@group-EF46AB43B6D1: readLock RELEASED 0 by SegmentedRaftLogCache$LogSegmentList.getTermIndex
2022-07-14 15:51:54,603 [s0@group-EF46AB43B6D1-LeaderStateImpl] TRACE segmented.SegmentedRaftLogCache (AutoCloseableReadWriteLock.java:logLocking(65)) - s0@group-EF46AB43B6D1: readLock ACQUIRED 1 by SegmentedRaftLogCache.getLastTermIndex
2022-07-14 15:51:54,603 [s0@group-EF46AB43B6D1-LeaderStateImpl] TRACE segmented.SegmentedRaftLogCache (AutoCloseableReadWriteLock.java:logLocking(65)) - s0@group-EF46AB43B6D1: readLock RELEASED 0 by SegmentedRaftLogCache.getLastTermIndex
2022-07-14 15:51:54,603 [s0@group-EF46AB43B6D1-StateMachineUpdater] INFO  statemachine.SimpleStateMachine4Testing (SimpleStateMachine4Testing.java:put(204)) - s0: put 177, m88 -> (t:1, i:177), STATEMACHINELOGENTRY, 259@client-64B90517F321
2022-07-14 15:51:54,603 [s0@group-EF46AB43B6D1-LeaderStateImpl] TRACE segmented.SegmentedRaftLogCache (AutoCloseableReadWriteLock.java:logLocking(65)) - s0@group-EF46AB43B6D1: readLock ACQUIRED 1 by SegmentedRaftLogCache$LogSegmentList.countCached
2022-07-14 15:51:54,603 [s0@group-EF46AB43B6D1-LeaderStateImpl] TRACE segmented.SegmentedRaftLogCache (AutoCloseableReadWriteLock.java:logLocking(65)) - s0@group-EF46AB43B6D1: readLock RELEASED 0 by SegmentedRaftLogCache$LogSegmentList.countCached
2022-07-14 15:51:54,603 [s0@group-EF46AB43B6D1-LeaderStateImpl] TRACE segmented.SegmentedRaftLogCache (AutoCloseableReadWriteLock.java:logLocking(65)) - s0@group-EF46AB43B6D1: readLock ACQUIRED 1 by SegmentedRaftLogCache$LogSegmentList.getTotalCacheSize
2022-07-14 15:51:54,603 [s0@group-EF46AB43B6D1-LeaderStateImpl] TRACE segmented.SegmentedRaftLogCache (AutoCloseableReadWriteLock.java:logLocking(65)) - s0@group-EF46AB43B6D1: readLock RELEASED 0 by SegmentedRaftLogCache$LogSegmentList.getTotalCacheSize
2022-07-14 15:51:54,604 [s0@group-EF46AB43B6D1-LeaderStateImpl] DEBUG segmented.SegmentedRaftLogWorker (SegmentedRaftLogWorker.java:addIOTask(270)) - s0@group-EF46AB43B6D1-SegmentedRaftLogWorker adds IO task WriteLog:178: (t:1, i:178), METADATAENTRY(c:177)
2022-07-14 15:51:54,604 [s0@group-EF46AB43B6D1-SegmentedRaftLogWorker] DEBUG segmented.SegmentedRaftLogWorker (SegmentedRaftLogWorker.java:flushIfNecessary(365)) - s0@group-EF46AB43B6D1-SegmentedRaftLogWorker: flush SegmentedRaftLogOutputStream(/home/runner/work/ratis/ratis/ratis-test/target/test/data/7931f2a6/MiniRaftClusterWithGrpc6c3cfa42/s0/d33854d5-690d-4a13-9a9e-ef46ab43b6d1/current/log_inprogress_0)
2022-07-14 15:51:54,604 [s0-client-thread1] TRACE segmented.SegmentedRaftLogCache (AutoCloseableReadWriteLock.java:logLocking(65)) - s0@group-EF46AB43B6D1: readLock ACQUIRED 1 by SegmentedRaftLogCache.getLastTermIndex
2022-07-14 15:51:54,604 [s0-client-thread1] TRACE segmented.SegmentedRaftLogCache (AutoCloseableReadWriteLock.java:logLocking(65)) - s0@group-EF46AB43B6D1: readLock RELEASED 0 by SegmentedRaftLogCache.getLastTermIndex
2022-07-14 15:51:54,604 [s0-client-thread1] TRACE segmented.SegmentedRaftLogCache (AutoCloseableReadWriteLock.java:logLocking(65)) - s0@group-EF46AB43B6D1: readLock ACQUIRED 1 by SegmentedRaftLogCache.getLastTermIndex
2022-07-14 15:51:54,604 [s0-client-thread1] TRACE segmented.SegmentedRaftLogCache (AutoCloseableReadWriteLock.java:logLocking(65)) - s0@group-EF46AB43B6D1: readLock RELEASED 0 by SegmentedRaftLogCache.getLastTermIndex
2022-07-14 15:51:54,605 [s0-client-thread1] TRACE segmented.SegmentedRaftLogCache (AutoCloseableReadWriteLock.java:logLocking(65)) - s0@group-EF46AB43B6D1: readLock ACQUIRED 1 by SegmentedRaftLogCache$LogSegmentList.countCached
2022-07-14 15:51:54,605 [s0-client-thread1] TRACE segmented.SegmentedRaftLogCache (AutoCloseableReadWriteLock.java:logLocking(65)) - s0@group-EF46AB43B6D1: readLock RELEASED 0 by SegmentedRaftLogCache$LogSegmentList.countCached
2022-07-14 15:51:54,605 [s0-client-thread1] TRACE segmented.SegmentedRaftLogCache (AutoCloseableReadWriteLock.java:logLocking(65)) - s0@group-EF46AB43B6D1: readLock ACQUIRED 1 by SegmentedRaftLogCache$LogSegmentList.getTotalCacheSize
2022-07-14 15:51:54,605 [s0-client-thread1] TRACE segmented.SegmentedRaftLogCache (AutoCloseableReadWriteLock.java:logLocking(65)) - s0@group-EF46AB43B6D1: readLock RELEASED 0 by SegmentedRaftLogCache$LogSegmentList.getTotalCacheSize
2022-07-14 15:51:54,605 [s0-client-thread1] DEBUG segmented.SegmentedRaftLogWorker (SegmentedRaftLogWorker.java:addIOTask(270)) - s0@group-EF46AB43B6D1-SegmentedRaftLogWorker adds IO task WriteLog:179: (t:1, i:179), STATEMACHINELOGENTRY, StateMachineLogEntryProto:260@client-64B90517F321
2022-07-14 15:51:54,605 [s0@group-EF46AB43B6D1-SegmentedRaftLogWorker] DEBUG segmented.SegmentedRaftLogWorker (SegmentedRaftLogWorker.java:flushIfNecessary(365)) - s0@group-EF46AB43B6D1-SegmentedRaftLogWorker: flush SegmentedRaftLogOutputStream(/home/runner/work/ratis/ratis/ratis-test/target/test/data/7931f2a6/MiniRaftClusterWithGrpc6c3cfa42/s0/d33854d5-690d-4a13-9a9e-ef46ab43b6d1/current/log_inprogress_0)
2022-07-14 15:51:54,605 [s0@group-EF46AB43B6D1-LeaderStateImpl] TRACE segmented.SegmentedRaftLogCache (AutoCloseableReadWriteLock.java:logLocking(65)) - s0@group-EF46AB43B6D1: readLock ACQUIRED 1 by SegmentedRaftLogCache.getStartIndex
2022-07-14 15:51:54,605 [s0@group-EF46AB43B6D1-LeaderStateImpl] TRACE segmented.SegmentedRaftLogCache (AutoCloseableReadWriteLock.java:logLocking(65)) -   s0@group-EF46AB43B6D1: readLock ACQUIRED 2 by SegmentedRaftLogCache$LogSegmentList.isEmpty
2022-07-14 15:51:54,605 [s0@group-EF46AB43B6D1-LeaderStateImpl] TRACE segmented.SegmentedRaftLogCache (AutoCloseableReadWriteLock.java:logLocking(65)) -   s0@group-EF46AB43B6D1: readLock RELEASED 1 by SegmentedRaftLogCache$LogSegmentList.isEmpty
2022-07-14 15:51:54,605 [s0@group-EF46AB43B6D1-LeaderStateImpl] TRACE segmented.SegmentedRaftLogCache (AutoCloseableReadWriteLock.java:logLocking(65)) - s0@group-EF46AB43B6D1: readLock RELEASED 0 by SegmentedRaftLogCache.getStartIndex
2022-07-14 15:51:54,605 [s0@group-EF46AB43B6D1-LeaderStateImpl] TRACE segmented.SegmentedRaftLogCache (AutoCloseableReadWriteLock.java:logLocking(65)) - s0@group-EF46AB43B6D1: readLock ACQUIRED 1 by SegmentedRaftLogCache.getEndIndex
2022-07-14 15:51:54,605 [s0@group-EF46AB43B6D1-LeaderStateImpl] TRACE segmented.SegmentedRaftLogCache (AutoCloseableReadWriteLock.java:logLocking(65)) - s0@group-EF46AB43B6D1: readLock RELEASED 0 by SegmentedRaftLogCache.getEndIndex
2022-07-14 15:51:54,605 [s0@group-EF46AB43B6D1-LeaderStateImpl] TRACE segmented.SegmentedRaftLogCache (AutoCloseableReadWriteLock.java:logLocking(65)) - s0@group-EF46AB43B6D1: readLock ACQUIRED 1 by SegmentedRaftLogCache$LogSegmentList.getTermIndex
2022-07-14 15:51:54,605 [s0@group-EF46AB43B6D1-LeaderStateImpl] TRACE segmented.SegmentedRaftLogCache (AutoCloseableReadWriteLock.java:logLocking(65)) - s0@group-EF46AB43B6D1: readLock RELEASED 0 by SegmentedRaftLogCache$LogSegmentList.getTermIndex
2022-07-14 15:51:54,605 [s0@group-EF46AB43B6D1-LeaderStateImpl] TRACE segmented.SegmentedRaftLogCache (AutoCloseableReadWriteLock.java:logLocking(65)) - s0@group-EF46AB43B6D1: readLock ACQUIRED 1 by SegmentedRaftLogCache.getStartIndex
2022-07-14 15:51:54,605 [s0@group-EF46AB43B6D1-LeaderStateImpl] TRACE segmented.SegmentedRaftLogCache (AutoCloseableReadWriteLock.java:logLocking(65)) -   s0@group-EF46AB43B6D1: readLock ACQUIRED 2 by SegmentedRaftLogCache$LogSegmentList.isEmpty
2022-07-14 15:51:54,605 [s0@group-EF46AB43B6D1-LeaderStateImpl] TRACE segmented.SegmentedRaftLogCache (AutoCloseableReadWriteLock.java:logLocking(65)) -   s0@group-EF46AB43B6D1: readLock RELEASED 1 by SegmentedRaftLogCache$LogSegmentList.isEmpty
2022-07-14 15:51:54,605 [s0@group-EF46AB43B6D1-LeaderStateImpl] TRACE segmented.SegmentedRaftLogCache (AutoCloseableReadWriteLock.java:logLocking(65)) - s0@group-EF46AB43B6D1: readLock RELEASED 0 by SegmentedRaftLogCache.getStartIndex
2022-07-14 15:51:54,605 [s0@group-EF46AB43B6D1-LeaderStateImpl] TRACE segmented.SegmentedRaftLogCache (AutoCloseableReadWriteLock.java:logLocking(65)) - s0@group-EF46AB43B6D1: readLock ACQUIRED 1 by SegmentedRaftLogCache.getEndIndex
2022-07-14 15:51:54,605 [s0@group-EF46AB43B6D1-LeaderStateImpl] TRACE segmented.SegmentedRaftLogCache (AutoCloseableReadWriteLock.java:logLocking(65)) - s0@group-EF46AB43B6D1: readLock RELEASED 0 by SegmentedRaftLogCache.getEndIndex
2022-07-14 15:51:54,606 [s0@group-EF46AB43B6D1-LeaderStateImpl] TRACE segmented.SegmentedRaftLogCache (AutoCloseableReadWriteLock.java:logLocking(65)) - s0@group-EF46AB43B6D1: readLock ACQUIRED 1 by SegmentedRaftLogCache$LogSegmentList.getTermIndex
2022-07-14 15:51:54,606 [s0@group-EF46AB43B6D1-LeaderStateImpl] TRACE segmented.SegmentedRaftLogCache (AutoCloseableReadWriteLock.java:logLocking(65)) - s0@group-EF46AB43B6D1: readLock RELEASED 0 by SegmentedRaftLogCache$LogSegmentList.getTermIndex
2022-07-14 15:51:54,606 [s0@group-EF46AB43B6D1-LeaderStateImpl] TRACE segmented.SegmentedRaftLogCache (AutoCloseableReadWriteLock.java:logLocking(65)) - s0@group-EF46AB43B6D1: readLock ACQUIRED 1 by SegmentedRaftLogCache.getLastTermIndex
2022-07-14 15:51:54,606 [s0@group-EF46AB43B6D1-LeaderStateImpl] TRACE segmented.SegmentedRaftLogCache (AutoCloseableReadWriteLock.java:logLocking(65)) - s0@group-EF46AB43B6D1: readLock RELEASED 0 by SegmentedRaftLogCache.getLastTermIndex
2022-07-14 15:51:54,606 [s0@group-EF46AB43B6D1-LeaderStateImpl] TRACE segmented.SegmentedRaftLogCache (AutoCloseableReadWriteLock.java:logLocking(65)) - s0@group-EF46AB43B6D1: readLock ACQUIRED 1 by SegmentedRaftLogCache$LogSegmentList.countCached
2022-07-14 15:51:54,606 [s0@group-EF46AB43B6D1-LeaderStateImpl] TRACE segmented.SegmentedRaftLogCache (AutoCloseableReadWriteLock.java:logLocking(65)) - s0@group-EF46AB43B6D1: readLock RELEASED 0 by SegmentedRaftLogCache$LogSegmentList.countCached
2022-07-14 15:51:54,606 [s0@group-EF46AB43B6D1-LeaderStateImpl] TRACE segmented.SegmentedRaftLogCache (AutoCloseableReadWriteLock.java:logLocking(65)) - s0@group-EF46AB43B6D1: readLock ACQUIRED 1 by SegmentedRaftLogCache$LogSegmentList.getTotalCacheSize
2022-07-14 15:51:54,606 [s0@group-EF46AB43B6D1-LeaderStateImpl] TRACE segmented.SegmentedRaftLogCache (AutoCloseableReadWriteLock.java:logLocking(65)) - s0@group-EF46AB43B6D1: readLock RELEASED 0 by SegmentedRaftLogCache$LogSegmentList.getTotalCacheSize
2022-07-14 15:51:54,606 [s0@group-EF46AB43B6D1-LeaderStateImpl] DEBUG segmented.SegmentedRaftLogWorker (SegmentedRaftLogWorker.java:addIOTask(270)) - s0@group-EF46AB43B6D1-SegmentedRaftLogWorker adds IO task WriteLog:180: (t:1, i:180), METADATAENTRY(c:179)
2022-07-14 15:51:54,606 [s0@group-EF46AB43B6D1-SegmentedRaftLogWorker] DEBUG segmented.SegmentedRaftLogWorker (SegmentedRaftLogWorker.java:flushIfNecessary(365)) - s0@group-EF46AB43B6D1-SegmentedRaftLogWorker: flush SegmentedRaftLogOutputStream(/home/runner/work/ratis/ratis/ratis-test/target/test/data/7931f2a6/MiniRaftClusterWithGrpc6c3cfa42/s0/d33854d5-690d-4a13-9a9e-ef46ab43b6d1/current/log_inprogress_0)
2022-07-14 15:51:54,606 [s0@group-EF46AB43B6D1-StateMachineUpdater] INFO  statemachine.SimpleStateMachine4Testing (SimpleStateMachine4Testing.java:put(204)) - s0: put 179, m89 -> (t:1, i:179), STATEMACHINELOGENTRY, 260@client-64B90517F321
2022-07-14 15:51:54,607 [s0@group-EF46AB43B6D1-LeaderStateImpl] TRACE segmented.SegmentedRaftLogCache (AutoCloseableReadWriteLock.java:logLocking(65)) - s0@group-EF46AB43B6D1: readLock ACQUIRED 1 by SegmentedRaftLogCache.getStartIndex
2022-07-14 15:51:54,608 [s0@group-EF46AB43B6D1-LeaderStateImpl] TRACE segmented.SegmentedRaftLogCache (AutoCloseableReadWriteLock.java:logLocking(65)) -   s0@group-EF46AB43B6D1: readLock ACQUIRED 2 by SegmentedRaftLogCache$LogSegmentList.isEmpty
2022-07-14 15:51:54,608 [s0@group-EF46AB43B6D1-LeaderStateImpl] TRACE segmented.SegmentedRaftLogCache (AutoCloseableReadWriteLock.java:logLocking(65)) -   s0@group-EF46AB43B6D1: readLock RELEASED 1 by SegmentedRaftLogCache$LogSegmentList.isEmpty
2022-07-14 15:51:54,608 [s0@group-EF46AB43B6D1-LeaderStateImpl] TRACE segmented.SegmentedRaftLogCache (AutoCloseableReadWriteLock.java:logLocking(65)) - s0@group-EF46AB43B6D1: readLock RELEASED 0 by SegmentedRaftLogCache.getStartIndex
2022-07-14 15:51:54,608 [s0@group-EF46AB43B6D1-LeaderStateImpl] TRACE segmented.SegmentedRaftLogCache (AutoCloseableReadWriteLock.java:logLocking(65)) - s0@group-EF46AB43B6D1: readLock ACQUIRED 1 by SegmentedRaftLogCache.getEndIndex
2022-07-14 15:51:54,608 [s0@group-EF46AB43B6D1-LeaderStateImpl] TRACE segmented.SegmentedRaftLogCache (AutoCloseableReadWriteLock.java:logLocking(65)) - s0@group-EF46AB43B6D1: readLock RELEASED 0 by SegmentedRaftLogCache.getEndIndex
2022-07-14 15:51:54,608 [s0@group-EF46AB43B6D1-LeaderStateImpl] TRACE segmented.SegmentedRaftLogCache (AutoCloseableReadWriteLock.java:logLocking(65)) - s0@group-EF46AB43B6D1: readLock ACQUIRED 1 by SegmentedRaftLogCache$LogSegmentList.getTermIndex
2022-07-14 15:51:54,608 [s0@group-EF46AB43B6D1-LeaderStateImpl] TRACE segmented.SegmentedRaftLogCache (AutoCloseableReadWriteLock.java:logLocking(65)) - s0@group-EF46AB43B6D1: readLock RELEASED 0 by SegmentedRaftLogCache$LogSegmentList.getTermIndex
2022-07-14 15:51:54,608 [s0-client-thread1] TRACE segmented.SegmentedRaftLogCache (AutoCloseableReadWriteLock.java:logLocking(65)) - s0@group-EF46AB43B6D1: readLock ACQUIRED 1 by SegmentedRaftLogCache.getLastTermIndex
2022-07-14 15:51:54,608 [s0-client-thread1] TRACE segmented.SegmentedRaftLogCache (AutoCloseableReadWriteLock.java:logLocking(65)) - s0@group-EF46AB43B6D1: readLock RELEASED 0 by SegmentedRaftLogCache.getLastTermIndex
2022-07-14 15:51:54,608 [s0-client-thread1] TRACE segmented.SegmentedRaftLogCache (AutoCloseableReadWriteLock.java:logLocking(65)) - s0@group-EF46AB43B6D1: readLock ACQUIRED 1 by SegmentedRaftLogCache.getLastTermIndex
2022-07-14 15:51:54,608 [s0-client-thread1] TRACE segmented.SegmentedRaftLogCache (AutoCloseableReadWriteLock.java:logLocking(65)) - s0@group-EF46AB43B6D1: readLock RELEASED 0 by SegmentedRaftLogCache.getLastTermIndex
2022-07-14 15:51:54,608 [s0-client-thread1] TRACE segmented.SegmentedRaftLogCache (AutoCloseableReadWriteLock.java:logLocking(65)) - s0@group-EF46AB43B6D1: readLock ACQUIRED 1 by SegmentedRaftLogCache$LogSegmentList.countCached
2022-07-14 15:51:54,608 [s0-client-thread1] TRACE segmented.SegmentedRaftLogCache (AutoCloseableReadWriteLock.java:logLocking(65)) - s0@group-EF46AB43B6D1: readLock RELEASED 0 by SegmentedRaftLogCache$LogSegmentList.countCached
2022-07-14 15:51:54,608 [s0-client-thread1] TRACE segmented.SegmentedRaftLogCache (AutoCloseableReadWriteLock.java:logLocking(65)) - s0@group-EF46AB43B6D1: readLock ACQUIRED 1 by SegmentedRaftLogCache$LogSegmentList.getTotalCacheSize
2022-07-14 15:51:54,608 [s0-client-thread1] TRACE segmented.SegmentedRaftLogCache (AutoCloseableReadWriteLock.java:logLocking(65)) - s0@group-EF46AB43B6D1: readLock RELEASED 0 by SegmentedRaftLogCache$LogSegmentList.getTotalCacheSize
2022-07-14 15:51:54,608 [s0-client-thread1] DEBUG segmented.SegmentedRaftLogWorker (SegmentedRaftLogWorker.java:addIOTask(270)) - s0@group-EF46AB43B6D1-SegmentedRaftLogWorker adds IO task WriteLog:181: (t:1, i:181), STATEMACHINELOGENTRY, StateMachineLogEntryProto:261@client-64B90517F321
2022-07-14 15:51:54,609 [s0@group-EF46AB43B6D1-SegmentedRaftLogWorker] DEBUG segmented.SegmentedRaftLogWorker (SegmentedRaftLogWorker.java:flushIfNecessary(365)) - s0@group-EF46AB43B6D1-SegmentedRaftLogWorker: flush SegmentedRaftLogOutputStream(/home/runner/work/ratis/ratis/ratis-test/target/test/data/7931f2a6/MiniRaftClusterWithGrpc6c3cfa42/s0/d33854d5-690d-4a13-9a9e-ef46ab43b6d1/current/log_inprogress_0)
2022-07-14 15:51:54,609 [s0@group-EF46AB43B6D1-LeaderStateImpl] TRACE segmented.SegmentedRaftLogCache (AutoCloseableReadWriteLock.java:logLocking(65)) - s0@group-EF46AB43B6D1: readLock ACQUIRED 1 by SegmentedRaftLogCache.getStartIndex
2022-07-14 15:51:54,609 [s0@group-EF46AB43B6D1-LeaderStateImpl] TRACE segmented.SegmentedRaftLogCache (AutoCloseableReadWriteLock.java:logLocking(65)) -   s0@group-EF46AB43B6D1: readLock ACQUIRED 2 by SegmentedRaftLogCache$LogSegmentList.isEmpty
2022-07-14 15:51:54,609 [s0@group-EF46AB43B6D1-LeaderStateImpl] TRACE segmented.SegmentedRaftLogCache (AutoCloseableReadWriteLock.java:logLocking(65)) -   s0@group-EF46AB43B6D1: readLock RELEASED 1 by SegmentedRaftLogCache$LogSegmentList.isEmpty
2022-07-14 15:51:54,609 [s0@group-EF46AB43B6D1-LeaderStateImpl] TRACE segmented.SegmentedRaftLogCache (AutoCloseableReadWriteLock.java:logLocking(65)) - s0@group-EF46AB43B6D1: readLock RELEASED 0 by SegmentedRaftLogCache.getStartIndex
2022-07-14 15:51:54,609 [s0@group-EF46AB43B6D1-LeaderStateImpl] TRACE segmented.SegmentedRaftLogCache (AutoCloseableReadWriteLock.java:logLocking(65)) - s0@group-EF46AB43B6D1: readLock ACQUIRED 1 by SegmentedRaftLogCache.getEndIndex
2022-07-14 15:51:54,609 [s0@group-EF46AB43B6D1-LeaderStateImpl] TRACE segmented.SegmentedRaftLogCache (AutoCloseableReadWriteLock.java:logLocking(65)) - s0@group-EF46AB43B6D1: readLock RELEASED 0 by SegmentedRaftLogCache.getEndIndex
2022-07-14 15:51:54,609 [s0@group-EF46AB43B6D1-LeaderStateImpl] TRACE segmented.SegmentedRaftLogCache (AutoCloseableReadWriteLock.java:logLocking(65)) - s0@group-EF46AB43B6D1: readLock ACQUIRED 1 by SegmentedRaftLogCache$LogSegmentList.getTermIndex
2022-07-14 15:51:54,609 [s0@group-EF46AB43B6D1-LeaderStateImpl] TRACE segmented.SegmentedRaftLogCache (AutoCloseableReadWriteLock.java:logLocking(65)) - s0@group-EF46AB43B6D1: readLock RELEASED 0 by SegmentedRaftLogCache$LogSegmentList.getTermIndex
2022-07-14 15:51:54,609 [s0@group-EF46AB43B6D1-LeaderStateImpl] TRACE segmented.SegmentedRaftLogCache (AutoCloseableReadWriteLock.java:logLocking(65)) - s0@group-EF46AB43B6D1: readLock ACQUIRED 1 by SegmentedRaftLogCache.getLastTermIndex
2022-07-14 15:51:54,609 [s0@group-EF46AB43B6D1-LeaderStateImpl] TRACE segmented.SegmentedRaftLogCache (AutoCloseableReadWriteLock.java:logLocking(65)) - s0@group-EF46AB43B6D1: readLock RELEASED 0 by SegmentedRaftLogCache.getLastTermIndex
2022-07-14 15:51:54,609 [s0@group-EF46AB43B6D1-LeaderStateImpl] TRACE segmented.SegmentedRaftLogCache (AutoCloseableReadWriteLock.java:logLocking(65)) - s0@group-EF46AB43B6D1: readLock ACQUIRED 1 by SegmentedRaftLogCache$LogSegmentList.countCached
2022-07-14 15:51:54,609 [s0@group-EF46AB43B6D1-LeaderStateImpl] TRACE segmented.SegmentedRaftLogCache (AutoCloseableReadWriteLock.java:logLocking(65)) - s0@group-EF46AB43B6D1: readLock RELEASED 0 by SegmentedRaftLogCache$LogSegmentList.countCached
2022-07-14 15:51:54,610 [s0@group-EF46AB43B6D1-LeaderStateImpl] TRACE segmented.SegmentedRaftLogCache (AutoCloseableReadWriteLock.java:logLocking(65)) - s0@group-EF46AB43B6D1: readLock ACQUIRED 1 by SegmentedRaftLogCache$LogSegmentList.getTotalCacheSize
2022-07-14 15:51:54,610 [s0@group-EF46AB43B6D1-LeaderStateImpl] TRACE segmented.SegmentedRaftLogCache (AutoCloseableReadWriteLock.java:logLocking(65)) - s0@group-EF46AB43B6D1: readLock RELEASED 0 by SegmentedRaftLogCache$LogSegmentList.getTotalCacheSize
2022-07-14 15:51:54,610 [s0@group-EF46AB43B6D1-LeaderStateImpl] DEBUG segmented.SegmentedRaftLogWorker (SegmentedRaftLogWorker.java:addIOTask(270)) - s0@group-EF46AB43B6D1-SegmentedRaftLogWorker adds IO task WriteLog:182: (t:1, i:182), METADATAENTRY(c:181)
2022-07-14 15:51:54,610 [s0@group-EF46AB43B6D1-SegmentedRaftLogWorker] DEBUG segmented.SegmentedRaftLogWorker (SegmentedRaftLogWorker.java:flushIfNecessary(365)) - s0@group-EF46AB43B6D1-SegmentedRaftLogWorker: flush SegmentedRaftLogOutputStream(/home/runner/work/ratis/ratis/ratis-test/target/test/data/7931f2a6/MiniRaftClusterWithGrpc6c3cfa42/s0/d33854d5-690d-4a13-9a9e-ef46ab43b6d1/current/log_inprogress_0)
2022-07-14 15:51:54,610 [s0@group-EF46AB43B6D1-StateMachineUpdater] INFO  statemachine.SimpleStateMachine4Testing (SimpleStateMachine4Testing.java:put(204)) - s0: put 181, m90 -> (t:1, i:181), STATEMACHINELOGENTRY, 261@client-64B90517F321
2022-07-14 15:51:54,610 [s0@group-EF46AB43B6D1-LeaderStateImpl] TRACE segmented.SegmentedRaftLogCache (AutoCloseableReadWriteLock.java:logLocking(65)) - s0@group-EF46AB43B6D1: readLock ACQUIRED 1 by SegmentedRaftLogCache.getStartIndex
2022-07-14 15:51:54,610 [s0@group-EF46AB43B6D1-LeaderStateImpl] TRACE segmented.SegmentedRaftLogCache (AutoCloseableReadWriteLock.java:logLocking(65)) -   s0@group-EF46AB43B6D1: readLock ACQUIRED 2 by SegmentedRaftLogCache$LogSegmentList.isEmpty
2022-07-14 15:51:54,610 [s0@group-EF46AB43B6D1-LeaderStateImpl] TRACE segmented.SegmentedRaftLogCache (AutoCloseableReadWriteLock.java:logLocking(65)) -   s0@group-EF46AB43B6D1: readLock RELEASED 1 by SegmentedRaftLogCache$LogSegmentList.isEmpty
2022-07-14 15:51:54,610 [s0@group-EF46AB43B6D1-LeaderStateImpl] TRACE segmented.SegmentedRaftLogCache (AutoCloseableReadWriteLock.java:logLocking(65)) - s0@group-EF46AB43B6D1: readLock RELEASED 0 by SegmentedRaftLogCache.getStartIndex
2022-07-14 15:51:54,610 [s0@group-EF46AB43B6D1-LeaderStateImpl] TRACE segmented.SegmentedRaftLogCache (AutoCloseableReadWriteLock.java:logLocking(65)) - s0@group-EF46AB43B6D1: readLock ACQUIRED 1 by SegmentedRaftLogCache.getEndIndex
2022-07-14 15:51:54,610 [s0@group-EF46AB43B6D1-LeaderStateImpl] TRACE segmented.SegmentedRaftLogCache (AutoCloseableReadWriteLock.java:logLocking(65)) - s0@group-EF46AB43B6D1: readLock RELEASED 0 by SegmentedRaftLogCache.getEndIndex
2022-07-14 15:51:54,610 [s0@group-EF46AB43B6D1-LeaderStateImpl] TRACE segmented.SegmentedRaftLogCache (AutoCloseableReadWriteLock.java:logLocking(65)) - s0@group-EF46AB43B6D1: readLock ACQUIRED 1 by SegmentedRaftLogCache$LogSegmentList.getTermIndex
2022-07-14 15:51:54,610 [s0@group-EF46AB43B6D1-LeaderStateImpl] TRACE segmented.SegmentedRaftLogCache (AutoCloseableReadWriteLock.java:logLocking(65)) - s0@group-EF46AB43B6D1: readLock RELEASED 0 by SegmentedRaftLogCache$LogSegmentList.getTermIndex
2022-07-14 15:51:54,611 [s0-client-thread1] TRACE segmented.SegmentedRaftLogCache (AutoCloseableReadWriteLock.java:logLocking(65)) - s0@group-EF46AB43B6D1: readLock ACQUIRED 1 by SegmentedRaftLogCache.getLastTermIndex
2022-07-14 15:51:54,611 [s0-client-thread1] TRACE segmented.SegmentedRaftLogCache (AutoCloseableReadWriteLock.java:logLocking(65)) - s0@group-EF46AB43B6D1: readLock RELEASED 0 by SegmentedRaftLogCache.getLastTermIndex
2022-07-14 15:51:54,611 [s0-client-thread1] TRACE segmented.SegmentedRaftLogCache (AutoCloseableReadWriteLock.java:logLocking(65)) - s0@group-EF46AB43B6D1: readLock ACQUIRED 1 by SegmentedRaftLogCache.getLastTermIndex
2022-07-14 15:51:54,611 [s0-client-thread1] TRACE segmented.SegmentedRaftLogCache (AutoCloseableReadWriteLock.java:logLocking(65)) - s0@group-EF46AB43B6D1: readLock RELEASED 0 by SegmentedRaftLogCache.getLastTermIndex
2022-07-14 15:51:54,611 [s0-client-thread1] TRACE segmented.SegmentedRaftLogCache (AutoCloseableReadWriteLock.java:logLocking(65)) - s0@group-EF46AB43B6D1: readLock ACQUIRED 1 by SegmentedRaftLogCache$LogSegmentList.countCached
2022-07-14 15:51:54,611 [s0-client-thread1] TRACE segmented.SegmentedRaftLogCache (AutoCloseableReadWriteLock.java:logLocking(65)) - s0@group-EF46AB43B6D1: readLock RELEASED 0 by SegmentedRaftLogCache$LogSegmentList.countCached
2022-07-14 15:51:54,612 [s0-client-thread1] TRACE segmented.SegmentedRaftLogCache (AutoCloseableReadWriteLock.java:logLocking(65)) - s0@group-EF46AB43B6D1: readLock ACQUIRED 1 by SegmentedRaftLogCache$LogSegmentList.getTotalCacheSize
2022-07-14 15:51:54,612 [s0-client-thread1] TRACE segmented.SegmentedRaftLogCache (AutoCloseableReadWriteLock.java:logLocking(65)) - s0@group-EF46AB43B6D1: readLock RELEASED 0 by SegmentedRaftLogCache$LogSegmentList.getTotalCacheSize
2022-07-14 15:51:54,612 [s0-client-thread1] DEBUG segmented.SegmentedRaftLogWorker (SegmentedRaftLogWorker.java:addIOTask(270)) - s0@group-EF46AB43B6D1-SegmentedRaftLogWorker adds IO task WriteLog:183: (t:1, i:183), STATEMACHINELOGENTRY, StateMachineLogEntryProto:262@client-64B90517F321
2022-07-14 15:51:54,612 [s0@group-EF46AB43B6D1-SegmentedRaftLogWorker] DEBUG segmented.SegmentedRaftLogWorker (SegmentedRaftLogWorker.java:flushIfNecessary(365)) - s0@group-EF46AB43B6D1-SegmentedRaftLogWorker: flush SegmentedRaftLogOutputStream(/home/runner/work/ratis/ratis/ratis-test/target/test/data/7931f2a6/MiniRaftClusterWithGrpc6c3cfa42/s0/d33854d5-690d-4a13-9a9e-ef46ab43b6d1/current/log_inprogress_0)
2022-07-14 15:51:54,612 [s0@group-EF46AB43B6D1-LeaderStateImpl] TRACE segmented.SegmentedRaftLogCache (AutoCloseableReadWriteLock.java:logLocking(65)) - s0@group-EF46AB43B6D1: readLock ACQUIRED 1 by SegmentedRaftLogCache.getStartIndex
2022-07-14 15:51:54,612 [s0@group-EF46AB43B6D1-LeaderStateImpl] TRACE segmented.SegmentedRaftLogCache (AutoCloseableReadWriteLock.java:logLocking(65)) -   s0@group-EF46AB43B6D1: readLock ACQUIRED 2 by SegmentedRaftLogCache$LogSegmentList.isEmpty
2022-07-14 15:51:54,612 [s0@group-EF46AB43B6D1-LeaderStateImpl] TRACE segmented.SegmentedRaftLogCache (AutoCloseableReadWriteLock.java:logLocking(65)) -   s0@group-EF46AB43B6D1: readLock RELEASED 1 by SegmentedRaftLogCache$LogSegmentList.isEmpty
2022-07-14 15:51:54,612 [s0@group-EF46AB43B6D1-LeaderStateImpl] TRACE segmented.SegmentedRaftLogCache (AutoCloseableReadWriteLock.java:logLocking(65)) - s0@group-EF46AB43B6D1: readLock RELEASED 0 by SegmentedRaftLogCache.getStartIndex
2022-07-14 15:51:54,612 [s0@group-EF46AB43B6D1-LeaderStateImpl] TRACE segmented.SegmentedRaftLogCache (AutoCloseableReadWriteLock.java:logLocking(65)) - s0@group-EF46AB43B6D1: readLock ACQUIRED 1 by SegmentedRaftLogCache.getEndIndex
2022-07-14 15:51:54,612 [s0@group-EF46AB43B6D1-LeaderStateImpl] TRACE segmented.SegmentedRaftLogCache (AutoCloseableReadWriteLock.java:logLocking(65)) - s0@group-EF46AB43B6D1: readLock RELEASED 0 by SegmentedRaftLogCache.getEndIndex
2022-07-14 15:51:54,612 [s0@group-EF46AB43B6D1-LeaderStateImpl] TRACE segmented.SegmentedRaftLogCache (AutoCloseableReadWriteLock.java:logLocking(65)) - s0@group-EF46AB43B6D1: readLock ACQUIRED 1 by SegmentedRaftLogCache$LogSegmentList.getTermIndex
2022-07-14 15:51:54,612 [s0@group-EF46AB43B6D1-LeaderStateImpl] TRACE segmented.SegmentedRaftLogCache (AutoCloseableReadWriteLock.java:logLocking(65)) - s0@group-EF46AB43B6D1: readLock RELEASED 0 by SegmentedRaftLogCache$LogSegmentList.getTermIndex
2022-07-14 15:51:54,612 [s0@group-EF46AB43B6D1-LeaderStateImpl] TRACE segmented.SegmentedRaftLogCache (AutoCloseableReadWriteLock.java:logLocking(65)) - s0@group-EF46AB43B6D1: readLock ACQUIRED 1 by SegmentedRaftLogCache.getLastTermIndex
2022-07-14 15:51:54,613 [s0@group-EF46AB43B6D1-LeaderStateImpl] TRACE segmented.SegmentedRaftLogCache (AutoCloseableReadWriteLock.java:logLocking(65)) - s0@group-EF46AB43B6D1: readLock RELEASED 0 by SegmentedRaftLogCache.getLastTermIndex
2022-07-14 15:51:54,613 [s0@group-EF46AB43B6D1-LeaderStateImpl] TRACE segmented.SegmentedRaftLogCache (AutoCloseableReadWriteLock.java:logLocking(65)) - s0@group-EF46AB43B6D1: readLock ACQUIRED 1 by SegmentedRaftLogCache$LogSegmentList.countCached
2022-07-14 15:51:54,613 [s0@group-EF46AB43B6D1-LeaderStateImpl] TRACE segmented.SegmentedRaftLogCache (AutoCloseableReadWriteLock.java:logLocking(65)) - s0@group-EF46AB43B6D1: readLock RELEASED 0 by SegmentedRaftLogCache$LogSegmentList.countCached
2022-07-14 15:51:54,613 [s0@group-EF46AB43B6D1-LeaderStateImpl] TRACE segmented.SegmentedRaftLogCache (AutoCloseableReadWriteLock.java:logLocking(65)) - s0@group-EF46AB43B6D1: readLock ACQUIRED 1 by SegmentedRaftLogCache$LogSegmentList.getTotalCacheSize
2022-07-14 15:51:54,613 [s0@group-EF46AB43B6D1-LeaderStateImpl] TRACE segmented.SegmentedRaftLogCache (AutoCloseableReadWriteLock.java:logLocking(65)) - s0@group-EF46AB43B6D1: readLock RELEASED 0 by SegmentedRaftLogCache$LogSegmentList.getTotalCacheSize
2022-07-14 15:51:54,613 [s0@group-EF46AB43B6D1-LeaderStateImpl] DEBUG segmented.SegmentedRaftLogWorker (SegmentedRaftLogWorker.java:addIOTask(270)) - s0@group-EF46AB43B6D1-SegmentedRaftLogWorker adds IO task WriteLog:184: (t:1, i:184), METADATAENTRY(c:183)
2022-07-14 15:51:54,613 [s0@group-EF46AB43B6D1-SegmentedRaftLogWorker] DEBUG segmented.SegmentedRaftLogWorker (SegmentedRaftLogWorker.java:flushIfNecessary(365)) - s0@group-EF46AB43B6D1-SegmentedRaftLogWorker: flush SegmentedRaftLogOutputStream(/home/runner/work/ratis/ratis/ratis-test/target/test/data/7931f2a6/MiniRaftClusterWithGrpc6c3cfa42/s0/d33854d5-690d-4a13-9a9e-ef46ab43b6d1/current/log_inprogress_0)
2022-07-14 15:51:54,613 [s0@group-EF46AB43B6D1-StateMachineUpdater] INFO  statemachine.SimpleStateMachine4Testing (SimpleStateMachine4Testing.java:put(204)) - s0: put 183, m91 -> (t:1, i:183), STATEMACHINELOGENTRY, 262@client-64B90517F321
2022-07-14 15:51:54,613 [s0@group-EF46AB43B6D1-LeaderStateImpl] TRACE segmented.SegmentedRaftLogCache (AutoCloseableReadWriteLock.java:logLocking(65)) - s0@group-EF46AB43B6D1: readLock ACQUIRED 1 by SegmentedRaftLogCache.getStartIndex
2022-07-14 15:51:54,613 [s0@group-EF46AB43B6D1-LeaderStateImpl] TRACE segmented.SegmentedRaftLogCache (AutoCloseableReadWriteLock.java:logLocking(65)) -   s0@group-EF46AB43B6D1: readLock ACQUIRED 2 by SegmentedRaftLogCache$LogSegmentList.isEmpty
2022-07-14 15:51:54,613 [s0@group-EF46AB43B6D1-LeaderStateImpl] TRACE segmented.SegmentedRaftLogCache (AutoCloseableReadWriteLock.java:logLocking(65)) -   s0@group-EF46AB43B6D1: readLock RELEASED 1 by SegmentedRaftLogCache$LogSegmentList.isEmpty
2022-07-14 15:51:54,613 [s0@group-EF46AB43B6D1-LeaderStateImpl] TRACE segmented.SegmentedRaftLogCache (AutoCloseableReadWriteLock.java:logLocking(65)) - s0@group-EF46AB43B6D1: readLock RELEASED 0 by SegmentedRaftLogCache.getStartIndex
2022-07-14 15:51:54,613 [s0@group-EF46AB43B6D1-LeaderStateImpl] TRACE segmented.SegmentedRaftLogCache (AutoCloseableReadWriteLock.java:logLocking(65)) - s0@group-EF46AB43B6D1: readLock ACQUIRED 1 by SegmentedRaftLogCache.getEndIndex
2022-07-14 15:51:54,613 [s0@group-EF46AB43B6D1-LeaderStateImpl] TRACE segmented.SegmentedRaftLogCache (AutoCloseableReadWriteLock.java:logLocking(65)) - s0@group-EF46AB43B6D1: readLock RELEASED 0 by SegmentedRaftLogCache.getEndIndex
2022-07-14 15:51:54,614 [s0@group-EF46AB43B6D1-LeaderStateImpl] TRACE segmented.SegmentedRaftLogCache (AutoCloseableReadWriteLock.java:logLocking(65)) - s0@group-EF46AB43B6D1: readLock ACQUIRED 1 by SegmentedRaftLogCache$LogSegmentList.getTermIndex
2022-07-14 15:51:54,614 [s0@group-EF46AB43B6D1-LeaderStateImpl] TRACE segmented.SegmentedRaftLogCache (AutoCloseableReadWriteLock.java:logLocking(65)) - s0@group-EF46AB43B6D1: readLock RELEASED 0 by SegmentedRaftLogCache$LogSegmentList.getTermIndex
2022-07-14 15:51:54,614 [s0-client-thread1] TRACE segmented.SegmentedRaftLogCache (AutoCloseableReadWriteLock.java:logLocking(65)) - s0@group-EF46AB43B6D1: readLock ACQUIRED 1 by SegmentedRaftLogCache.getLastTermIndex
2022-07-14 15:51:54,614 [s0-client-thread1] TRACE segmented.SegmentedRaftLogCache (AutoCloseableReadWriteLock.java:logLocking(65)) - s0@group-EF46AB43B6D1: readLock RELEASED 0 by SegmentedRaftLogCache.getLastTermIndex
2022-07-14 15:51:54,614 [s0-client-thread1] TRACE segmented.SegmentedRaftLogCache (AutoCloseableReadWriteLock.java:logLocking(65)) - s0@group-EF46AB43B6D1: readLock ACQUIRED 1 by SegmentedRaftLogCache.getLastTermIndex
2022-07-14 15:51:54,615 [s0-client-thread1] TRACE segmented.SegmentedRaftLogCache (AutoCloseableReadWriteLock.java:logLocking(65)) - s0@group-EF46AB43B6D1: readLock RELEASED 0 by SegmentedRaftLogCache.getLastTermIndex
2022-07-14 15:51:54,615 [s0-client-thread1] TRACE segmented.SegmentedRaftLogCache (AutoCloseableReadWriteLock.java:logLocking(65)) - s0@group-EF46AB43B6D1: readLock ACQUIRED 1 by SegmentedRaftLogCache$LogSegmentList.countCached
2022-07-14 15:51:54,615 [s0-client-thread1] TRACE segmented.SegmentedRaftLogCache (AutoCloseableReadWriteLock.java:logLocking(65)) - s0@group-EF46AB43B6D1: readLock RELEASED 0 by SegmentedRaftLogCache$LogSegmentList.countCached
2022-07-14 15:51:54,615 [s0-client-thread1] TRACE segmented.SegmentedRaftLogCache (AutoCloseableReadWriteLock.java:logLocking(65)) - s0@group-EF46AB43B6D1: readLock ACQUIRED 1 by SegmentedRaftLogCache$LogSegmentList.getTotalCacheSize
2022-07-14 15:51:54,615 [s0-client-thread1] TRACE segmented.SegmentedRaftLogCache (AutoCloseableReadWriteLock.java:logLocking(65)) - s0@group-EF46AB43B6D1: readLock RELEASED 0 by SegmentedRaftLogCache$LogSegmentList.getTotalCacheSize
2022-07-14 15:51:54,615 [s0-client-thread1] DEBUG segmented.SegmentedRaftLogWorker (SegmentedRaftLogWorker.java:addIOTask(270)) - s0@group-EF46AB43B6D1-SegmentedRaftLogWorker adds IO task WriteLog:185: (t:1, i:185), STATEMACHINELOGENTRY, StateMachineLogEntryProto:263@client-64B90517F321
2022-07-14 15:51:54,615 [s0@group-EF46AB43B6D1-SegmentedRaftLogWorker] DEBUG segmented.SegmentedRaftLogWorker (SegmentedRaftLogWorker.java:flushIfNecessary(365)) - s0@group-EF46AB43B6D1-SegmentedRaftLogWorker: flush SegmentedRaftLogOutputStream(/home/runner/work/ratis/ratis/ratis-test/target/test/data/7931f2a6/MiniRaftClusterWithGrpc6c3cfa42/s0/d33854d5-690d-4a13-9a9e-ef46ab43b6d1/current/log_inprogress_0)
2022-07-14 15:51:54,615 [s0@group-EF46AB43B6D1-LeaderStateImpl] TRACE segmented.SegmentedRaftLogCache (AutoCloseableReadWriteLock.java:logLocking(65)) - s0@group-EF46AB43B6D1: readLock ACQUIRED 1 by SegmentedRaftLogCache.getStartIndex
2022-07-14 15:51:54,615 [s0@group-EF46AB43B6D1-LeaderStateImpl] TRACE segmented.SegmentedRaftLogCache (AutoCloseableReadWriteLock.java:logLocking(65)) -   s0@group-EF46AB43B6D1: readLock ACQUIRED 2 by SegmentedRaftLogCache$LogSegmentList.isEmpty
2022-07-14 15:51:54,615 [s0@group-EF46AB43B6D1-LeaderStateImpl] TRACE segmented.SegmentedRaftLogCache (AutoCloseableReadWriteLock.java:logLocking(65)) -   s0@group-EF46AB43B6D1: readLock RELEASED 1 by SegmentedRaftLogCache$LogSegmentList.isEmpty
2022-07-14 15:51:54,615 [s0@group-EF46AB43B6D1-LeaderStateImpl] TRACE segmented.SegmentedRaftLogCache (AutoCloseableReadWriteLock.java:logLocking(65)) - s0@group-EF46AB43B6D1: readLock RELEASED 0 by SegmentedRaftLogCache.getStartIndex
2022-07-14 15:51:54,615 [s0@group-EF46AB43B6D1-LeaderStateImpl] TRACE segmented.SegmentedRaftLogCache (AutoCloseableReadWriteLock.java:logLocking(65)) - s0@group-EF46AB43B6D1: readLock ACQUIRED 1 by SegmentedRaftLogCache.getEndIndex
2022-07-14 15:51:54,616 [s0@group-EF46AB43B6D1-LeaderStateImpl] TRACE segmented.SegmentedRaftLogCache (AutoCloseableReadWriteLock.java:logLocking(65)) - s0@group-EF46AB43B6D1: readLock RELEASED 0 by SegmentedRaftLogCache.getEndIndex
2022-07-14 15:51:54,616 [s0@group-EF46AB43B6D1-LeaderStateImpl] TRACE segmented.SegmentedRaftLogCache (AutoCloseableReadWriteLock.java:logLocking(65)) - s0@group-EF46AB43B6D1: readLock ACQUIRED 1 by SegmentedRaftLogCache$LogSegmentList.getTermIndex
2022-07-14 15:51:54,616 [s0@group-EF46AB43B6D1-LeaderStateImpl] TRACE segmented.SegmentedRaftLogCache (AutoCloseableReadWriteLock.java:logLocking(65)) - s0@group-EF46AB43B6D1: readLock RELEASED 0 by SegmentedRaftLogCache$LogSegmentList.getTermIndex
2022-07-14 15:51:54,616 [s0@group-EF46AB43B6D1-LeaderStateImpl] TRACE segmented.SegmentedRaftLogCache (AutoCloseableReadWriteLock.java:logLocking(65)) - s0@group-EF46AB43B6D1: readLock ACQUIRED 1 by SegmentedRaftLogCache.getLastTermIndex
2022-07-14 15:51:54,616 [s0@group-EF46AB43B6D1-LeaderStateImpl] TRACE segmented.SegmentedRaftLogCache (AutoCloseableReadWriteLock.java:logLocking(65)) - s0@group-EF46AB43B6D1: readLock RELEASED 0 by SegmentedRaftLogCache.getLastTermIndex
2022-07-14 15:51:54,616 [s0@group-EF46AB43B6D1-LeaderStateImpl] TRACE segmented.SegmentedRaftLogCache (AutoCloseableReadWriteLock.java:logLocking(65)) - s0@group-EF46AB43B6D1: readLock ACQUIRED 1 by SegmentedRaftLogCache$LogSegmentList.countCached
2022-07-14 15:51:54,616 [s0@group-EF46AB43B6D1-LeaderStateImpl] TRACE segmented.SegmentedRaftLogCache (AutoCloseableReadWriteLock.java:logLocking(65)) - s0@group-EF46AB43B6D1: readLock RELEASED 0 by SegmentedRaftLogCache$LogSegmentList.countCached
2022-07-14 15:51:54,616 [s0@group-EF46AB43B6D1-LeaderStateImpl] TRACE segmented.SegmentedRaftLogCache (AutoCloseableReadWriteLock.java:logLocking(65)) - s0@group-EF46AB43B6D1: readLock ACQUIRED 1 by SegmentedRaftLogCache$LogSegmentList.getTotalCacheSize
2022-07-14 15:51:54,616 [s0@group-EF46AB43B6D1-LeaderStateImpl] TRACE segmented.SegmentedRaftLogCache (AutoCloseableReadWriteLock.java:logLocking(65)) - s0@group-EF46AB43B6D1: readLock RELEASED 0 by SegmentedRaftLogCache$LogSegmentList.getTotalCacheSize
2022-07-14 15:51:54,616 [s0@group-EF46AB43B6D1-LeaderStateImpl] DEBUG segmented.SegmentedRaftLogWorker (SegmentedRaftLogWorker.java:addIOTask(270)) - s0@group-EF46AB43B6D1-SegmentedRaftLogWorker adds IO task WriteLog:186: (t:1, i:186), METADATAENTRY(c:185)
2022-07-14 15:51:54,616 [s0@group-EF46AB43B6D1-SegmentedRaftLogWorker] DEBUG segmented.SegmentedRaftLogWorker (SegmentedRaftLogWorker.java:flushIfNecessary(365)) - s0@group-EF46AB43B6D1-SegmentedRaftLogWorker: flush SegmentedRaftLogOutputStream(/home/runner/work/ratis/ratis/ratis-test/target/test/data/7931f2a6/MiniRaftClusterWithGrpc6c3cfa42/s0/d33854d5-690d-4a13-9a9e-ef46ab43b6d1/current/log_inprogress_0)
2022-07-14 15:51:54,616 [s0@group-EF46AB43B6D1-StateMachineUpdater] INFO  statemachine.SimpleStateMachine4Testing (SimpleStateMachine4Testing.java:put(204)) - s0: put 185, m92 -> (t:1, i:185), STATEMACHINELOGENTRY, 263@client-64B90517F321
2022-07-14 15:51:54,616 [s0@group-EF46AB43B6D1-LeaderStateImpl] TRACE segmented.SegmentedRaftLogCache (AutoCloseableReadWriteLock.java:logLocking(65)) - s0@group-EF46AB43B6D1: readLock ACQUIRED 1 by SegmentedRaftLogCache.getStartIndex
2022-07-14 15:51:54,616 [s0@group-EF46AB43B6D1-LeaderStateImpl] TRACE segmented.SegmentedRaftLogCache (AutoCloseableReadWriteLock.java:logLocking(65)) -   s0@group-EF46AB43B6D1: readLock ACQUIRED 2 by SegmentedRaftLogCache$LogSegmentList.isEmpty
2022-07-14 15:51:54,616 [s0@group-EF46AB43B6D1-LeaderStateImpl] TRACE segmented.SegmentedRaftLogCache (AutoCloseableReadWriteLock.java:logLocking(65)) -   s0@group-EF46AB43B6D1: readLock RELEASED 1 by SegmentedRaftLogCache$LogSegmentList.isEmpty
2022-07-14 15:51:54,617 [s0@group-EF46AB43B6D1-LeaderStateImpl] TRACE segmented.SegmentedRaftLogCache (AutoCloseableReadWriteLock.java:logLocking(65)) - s0@group-EF46AB43B6D1: readLock RELEASED 0 by SegmentedRaftLogCache.getStartIndex
2022-07-14 15:51:54,617 [s0@group-EF46AB43B6D1-LeaderStateImpl] TRACE segmented.SegmentedRaftLogCache (AutoCloseableReadWriteLock.java:logLocking(65)) - s0@group-EF46AB43B6D1: readLock ACQUIRED 1 by SegmentedRaftLogCache.getEndIndex
2022-07-14 15:51:54,617 [s0@group-EF46AB43B6D1-LeaderStateImpl] TRACE segmented.SegmentedRaftLogCache (AutoCloseableReadWriteLock.java:logLocking(65)) - s0@group-EF46AB43B6D1: readLock RELEASED 0 by SegmentedRaftLogCache.getEndIndex
2022-07-14 15:51:54,617 [s0@group-EF46AB43B6D1-LeaderStateImpl] TRACE segmented.SegmentedRaftLogCache (AutoCloseableReadWriteLock.java:logLocking(65)) - s0@group-EF46AB43B6D1: readLock ACQUIRED 1 by SegmentedRaftLogCache$LogSegmentList.getTermIndex
2022-07-14 15:51:54,617 [s0@group-EF46AB43B6D1-LeaderStateImpl] TRACE segmented.SegmentedRaftLogCache (AutoCloseableReadWriteLock.java:logLocking(65)) - s0@group-EF46AB43B6D1: readLock RELEASED 0 by SegmentedRaftLogCache$LogSegmentList.getTermIndex
2022-07-14 15:51:54,618 [s0-client-thread1] TRACE segmented.SegmentedRaftLogCache (AutoCloseableReadWriteLock.java:logLocking(65)) - s0@group-EF46AB43B6D1: readLock ACQUIRED 1 by SegmentedRaftLogCache.getLastTermIndex
2022-07-14 15:51:54,618 [s0-client-thread1] TRACE segmented.SegmentedRaftLogCache (AutoCloseableReadWriteLock.java:logLocking(65)) - s0@group-EF46AB43B6D1: readLock RELEASED 0 by SegmentedRaftLogCache.getLastTermIndex
2022-07-14 15:51:54,618 [s0-client-thread1] TRACE segmented.SegmentedRaftLogCache (AutoCloseableReadWriteLock.java:logLocking(65)) - s0@group-EF46AB43B6D1: readLock ACQUIRED 1 by SegmentedRaftLogCache.getLastTermIndex
2022-07-14 15:51:54,618 [s0-client-thread1] TRACE segmented.SegmentedRaftLogCache (AutoCloseableReadWriteLock.java:logLocking(65)) - s0@group-EF46AB43B6D1: readLock RELEASED 0 by SegmentedRaftLogCache.getLastTermIndex
2022-07-14 15:51:54,618 [s0-client-thread1] TRACE segmented.SegmentedRaftLogCache (AutoCloseableReadWriteLock.java:logLocking(65)) - s0@group-EF46AB43B6D1: readLock ACQUIRED 1 by SegmentedRaftLogCache$LogSegmentList.countCached
2022-07-14 15:51:54,618 [s0-client-thread1] TRACE segmented.SegmentedRaftLogCache (AutoCloseableReadWriteLock.java:logLocking(65)) - s0@group-EF46AB43B6D1: readLock RELEASED 0 by SegmentedRaftLogCache$LogSegmentList.countCached
2022-07-14 15:51:54,618 [s0-client-thread1] TRACE segmented.SegmentedRaftLogCache (AutoCloseableReadWriteLock.java:logLocking(65)) - s0@group-EF46AB43B6D1: readLock ACQUIRED 1 by SegmentedRaftLogCache$LogSegmentList.getTotalCacheSize
2022-07-14 15:51:54,618 [s0-client-thread1] TRACE segmented.SegmentedRaftLogCache (AutoCloseableReadWriteLock.java:logLocking(65)) - s0@group-EF46AB43B6D1: readLock RELEASED 0 by SegmentedRaftLogCache$LogSegmentList.getTotalCacheSize
2022-07-14 15:51:54,618 [s0-client-thread1] DEBUG segmented.SegmentedRaftLogWorker (SegmentedRaftLogWorker.java:addIOTask(270)) - s0@group-EF46AB43B6D1-SegmentedRaftLogWorker adds IO task WriteLog:187: (t:1, i:187), STATEMACHINELOGENTRY, StateMachineLogEntryProto:264@client-64B90517F321
2022-07-14 15:51:54,618 [s0@group-EF46AB43B6D1-SegmentedRaftLogWorker] DEBUG segmented.SegmentedRaftLogWorker (SegmentedRaftLogWorker.java:flushIfNecessary(365)) - s0@group-EF46AB43B6D1-SegmentedRaftLogWorker: flush SegmentedRaftLogOutputStream(/home/runner/work/ratis/ratis/ratis-test/target/test/data/7931f2a6/MiniRaftClusterWithGrpc6c3cfa42/s0/d33854d5-690d-4a13-9a9e-ef46ab43b6d1/current/log_inprogress_0)
2022-07-14 15:51:54,619 [s0@group-EF46AB43B6D1-LeaderStateImpl] TRACE segmented.SegmentedRaftLogCache (AutoCloseableReadWriteLock.java:logLocking(65)) - s0@group-EF46AB43B6D1: readLock ACQUIRED 1 by SegmentedRaftLogCache.getStartIndex
2022-07-14 15:51:54,619 [s0@group-EF46AB43B6D1-LeaderStateImpl] TRACE segmented.SegmentedRaftLogCache (AutoCloseableReadWriteLock.java:logLocking(65)) -   s0@group-EF46AB43B6D1: readLock ACQUIRED 2 by SegmentedRaftLogCache$LogSegmentList.isEmpty
2022-07-14 15:51:54,619 [s0@group-EF46AB43B6D1-LeaderStateImpl] TRACE segmented.SegmentedRaftLogCache (AutoCloseableReadWriteLock.java:logLocking(65)) -   s0@group-EF46AB43B6D1: readLock RELEASED 1 by SegmentedRaftLogCache$LogSegmentList.isEmpty
2022-07-14 15:51:54,619 [s0@group-EF46AB43B6D1-LeaderStateImpl] TRACE segmented.SegmentedRaftLogCache (AutoCloseableReadWriteLock.java:logLocking(65)) - s0@group-EF46AB43B6D1: readLock RELEASED 0 by SegmentedRaftLogCache.getStartIndex
2022-07-14 15:51:54,619 [s0@group-EF46AB43B6D1-LeaderStateImpl] TRACE segmented.SegmentedRaftLogCache (AutoCloseableReadWriteLock.java:logLocking(65)) - s0@group-EF46AB43B6D1: readLock ACQUIRED 1 by SegmentedRaftLogCache.getEndIndex
2022-07-14 15:51:54,619 [s0@group-EF46AB43B6D1-LeaderStateImpl] TRACE segmented.SegmentedRaftLogCache (AutoCloseableReadWriteLock.java:logLocking(65)) - s0@group-EF46AB43B6D1: readLock RELEASED 0 by SegmentedRaftLogCache.getEndIndex
2022-07-14 15:51:54,619 [s0@group-EF46AB43B6D1-LeaderStateImpl] TRACE segmented.SegmentedRaftLogCache (AutoCloseableReadWriteLock.java:logLocking(65)) - s0@group-EF46AB43B6D1: readLock ACQUIRED 1 by SegmentedRaftLogCache$LogSegmentList.getTermIndex
2022-07-14 15:51:54,619 [s0@group-EF46AB43B6D1-LeaderStateImpl] TRACE segmented.SegmentedRaftLogCache (AutoCloseableReadWriteLock.java:logLocking(65)) - s0@group-EF46AB43B6D1: readLock RELEASED 0 by SegmentedRaftLogCache$LogSegmentList.getTermIndex
2022-07-14 15:51:54,619 [s0@group-EF46AB43B6D1-LeaderStateImpl] TRACE segmented.SegmentedRaftLogCache (AutoCloseableReadWriteLock.java:logLocking(65)) - s0@group-EF46AB43B6D1: readLock ACQUIRED 1 by SegmentedRaftLogCache.getLastTermIndex
2022-07-14 15:51:54,619 [s0@group-EF46AB43B6D1-LeaderStateImpl] TRACE segmented.SegmentedRaftLogCache (AutoCloseableReadWriteLock.java:logLocking(65)) - s0@group-EF46AB43B6D1: readLock RELEASED 0 by SegmentedRaftLogCache.getLastTermIndex
2022-07-14 15:51:54,619 [s0@group-EF46AB43B6D1-LeaderStateImpl] TRACE segmented.SegmentedRaftLogCache (AutoCloseableReadWriteLock.java:logLocking(65)) - s0@group-EF46AB43B6D1: readLock ACQUIRED 1 by SegmentedRaftLogCache$LogSegmentList.countCached
2022-07-14 15:51:54,619 [s0@group-EF46AB43B6D1-LeaderStateImpl] TRACE segmented.SegmentedRaftLogCache (AutoCloseableReadWriteLock.java:logLocking(65)) - s0@group-EF46AB43B6D1: readLock RELEASED 0 by SegmentedRaftLogCache$LogSegmentList.countCached
2022-07-14 15:51:54,619 [s0@group-EF46AB43B6D1-LeaderStateImpl] TRACE segmented.SegmentedRaftLogCache (AutoCloseableReadWriteLock.java:logLocking(65)) - s0@group-EF46AB43B6D1: readLock ACQUIRED 1 by SegmentedRaftLogCache$LogSegmentList.getTotalCacheSize
2022-07-14 15:51:54,619 [s0@group-EF46AB43B6D1-LeaderStateImpl] TRACE segmented.SegmentedRaftLogCache (AutoCloseableReadWriteLock.java:logLocking(65)) - s0@group-EF46AB43B6D1: readLock RELEASED 0 by SegmentedRaftLogCache$LogSegmentList.getTotalCacheSize
2022-07-14 15:51:54,619 [s0@group-EF46AB43B6D1-LeaderStateImpl] DEBUG segmented.SegmentedRaftLogWorker (SegmentedRaftLogWorker.java:addIOTask(270)) - s0@group-EF46AB43B6D1-SegmentedRaftLogWorker adds IO task WriteLog:188: (t:1, i:188), METADATAENTRY(c:187)
2022-07-14 15:51:54,619 [s0@group-EF46AB43B6D1-SegmentedRaftLogWorker] DEBUG segmented.SegmentedRaftLogWorker (SegmentedRaftLogWorker.java:flushIfNecessary(365)) - s0@group-EF46AB43B6D1-SegmentedRaftLogWorker: flush SegmentedRaftLogOutputStream(/home/runner/work/ratis/ratis/ratis-test/target/test/data/7931f2a6/MiniRaftClusterWithGrpc6c3cfa42/s0/d33854d5-690d-4a13-9a9e-ef46ab43b6d1/current/log_inprogress_0)
2022-07-14 15:51:54,619 [s0@group-EF46AB43B6D1-StateMachineUpdater] INFO  statemachine.SimpleStateMachine4Testing (SimpleStateMachine4Testing.java:put(204)) - s0: put 187, m93 -> (t:1, i:187), STATEMACHINELOGENTRY, 264@client-64B90517F321
2022-07-14 15:51:54,620 [s0@group-EF46AB43B6D1-LeaderStateImpl] TRACE segmented.SegmentedRaftLogCache (AutoCloseableReadWriteLock.java:logLocking(65)) - s0@group-EF46AB43B6D1: readLock ACQUIRED 1 by SegmentedRaftLogCache.getStartIndex
2022-07-14 15:51:54,620 [s0@group-EF46AB43B6D1-LeaderStateImpl] TRACE segmented.SegmentedRaftLogCache (AutoCloseableReadWriteLock.java:logLocking(65)) -   s0@group-EF46AB43B6D1: readLock ACQUIRED 2 by SegmentedRaftLogCache$LogSegmentList.isEmpty
2022-07-14 15:51:54,621 [s0@group-EF46AB43B6D1-LeaderStateImpl] TRACE segmented.SegmentedRaftLogCache (AutoCloseableReadWriteLock.java:logLocking(65)) -   s0@group-EF46AB43B6D1: readLock RELEASED 1 by SegmentedRaftLogCache$LogSegmentList.isEmpty
2022-07-14 15:51:54,621 [s0@group-EF46AB43B6D1-LeaderStateImpl] TRACE segmented.SegmentedRaftLogCache (AutoCloseableReadWriteLock.java:logLocking(65)) - s0@group-EF46AB43B6D1: readLock RELEASED 0 by SegmentedRaftLogCache.getStartIndex
2022-07-14 15:51:54,621 [s0@group-EF46AB43B6D1-LeaderStateImpl] TRACE segmented.SegmentedRaftLogCache (AutoCloseableReadWriteLock.java:logLocking(65)) - s0@group-EF46AB43B6D1: readLock ACQUIRED 1 by SegmentedRaftLogCache.getEndIndex
2022-07-14 15:51:54,621 [s0@group-EF46AB43B6D1-LeaderStateImpl] TRACE segmented.SegmentedRaftLogCache (AutoCloseableReadWriteLock.java:logLocking(65)) - s0@group-EF46AB43B6D1: readLock RELEASED 0 by SegmentedRaftLogCache.getEndIndex
2022-07-14 15:51:54,621 [s0@group-EF46AB43B6D1-LeaderStateImpl] TRACE segmented.SegmentedRaftLogCache (AutoCloseableReadWriteLock.java:logLocking(65)) - s0@group-EF46AB43B6D1: readLock ACQUIRED 1 by SegmentedRaftLogCache$LogSegmentList.getTermIndex
2022-07-14 15:51:54,621 [s0@group-EF46AB43B6D1-LeaderStateImpl] TRACE segmented.SegmentedRaftLogCache (AutoCloseableReadWriteLock.java:logLocking(65)) - s0@group-EF46AB43B6D1: readLock RELEASED 0 by SegmentedRaftLogCache$LogSegmentList.getTermIndex
2022-07-14 15:51:54,622 [s0-client-thread1] TRACE segmented.SegmentedRaftLogCache (AutoCloseableReadWriteLock.java:logLocking(65)) - s0@group-EF46AB43B6D1: readLock ACQUIRED 1 by SegmentedRaftLogCache.getLastTermIndex
2022-07-14 15:51:54,622 [s0-client-thread1] TRACE segmented.SegmentedRaftLogCache (AutoCloseableReadWriteLock.java:logLocking(65)) - s0@group-EF46AB43B6D1: readLock RELEASED 0 by SegmentedRaftLogCache.getLastTermIndex
2022-07-14 15:51:54,622 [s0-client-thread1] TRACE segmented.SegmentedRaftLogCache (AutoCloseableReadWriteLock.java:logLocking(65)) - s0@group-EF46AB43B6D1: readLock ACQUIRED 1 by SegmentedRaftLogCache.getLastTermIndex
2022-07-14 15:51:54,622 [s0-client-thread1] TRACE segmented.SegmentedRaftLogCache (AutoCloseableReadWriteLock.java:logLocking(65)) - s0@group-EF46AB43B6D1: readLock RELEASED 0 by SegmentedRaftLogCache.getLastTermIndex
2022-07-14 15:51:54,622 [s0-client-thread1] TRACE segmented.SegmentedRaftLogCache (AutoCloseableReadWriteLock.java:logLocking(65)) - s0@group-EF46AB43B6D1: readLock ACQUIRED 1 by SegmentedRaftLogCache$LogSegmentList.countCached
2022-07-14 15:51:54,622 [s0-client-thread1] TRACE segmented.SegmentedRaftLogCache (AutoCloseableReadWriteLock.java:logLocking(65)) - s0@group-EF46AB43B6D1: readLock RELEASED 0 by SegmentedRaftLogCache$LogSegmentList.countCached
2022-07-14 15:51:54,622 [s0-client-thread1] TRACE segmented.SegmentedRaftLogCache (AutoCloseableReadWriteLock.java:logLocking(65)) - s0@group-EF46AB43B6D1: readLock ACQUIRED 1 by SegmentedRaftLogCache$LogSegmentList.getTotalCacheSize
2022-07-14 15:51:54,622 [s0-client-thread1] TRACE segmented.SegmentedRaftLogCache (AutoCloseableReadWriteLock.java:logLocking(65)) - s0@group-EF46AB43B6D1: readLock RELEASED 0 by SegmentedRaftLogCache$LogSegmentList.getTotalCacheSize
2022-07-14 15:51:54,622 [s0-client-thread1] DEBUG segmented.SegmentedRaftLogWorker (SegmentedRaftLogWorker.java:addIOTask(270)) - s0@group-EF46AB43B6D1-SegmentedRaftLogWorker adds IO task WriteLog:189: (t:1, i:189), STATEMACHINELOGENTRY, StateMachineLogEntryProto:265@client-64B90517F321
2022-07-14 15:51:54,622 [s0@group-EF46AB43B6D1-SegmentedRaftLogWorker] DEBUG segmented.SegmentedRaftLogWorker (SegmentedRaftLogWorker.java:flushIfNecessary(365)) - s0@group-EF46AB43B6D1-SegmentedRaftLogWorker: flush SegmentedRaftLogOutputStream(/home/runner/work/ratis/ratis/ratis-test/target/test/data/7931f2a6/MiniRaftClusterWithGrpc6c3cfa42/s0/d33854d5-690d-4a13-9a9e-ef46ab43b6d1/current/log_inprogress_0)
2022-07-14 15:51:54,626 [s0@group-EF46AB43B6D1-LeaderStateImpl] TRACE segmented.SegmentedRaftLogCache (AutoCloseableReadWriteLock.java:logLocking(65)) - s0@group-EF46AB43B6D1: readLock ACQUIRED 1 by SegmentedRaftLogCache.getStartIndex
2022-07-14 15:51:54,626 [s0@group-EF46AB43B6D1-LeaderStateImpl] TRACE segmented.SegmentedRaftLogCache (AutoCloseableReadWriteLock.java:logLocking(65)) -   s0@group-EF46AB43B6D1: readLock ACQUIRED 2 by SegmentedRaftLogCache$LogSegmentList.isEmpty
2022-07-14 15:51:54,626 [s0@group-EF46AB43B6D1-LeaderStateImpl] TRACE segmented.SegmentedRaftLogCache (AutoCloseableReadWriteLock.java:logLocking(65)) -   s0@group-EF46AB43B6D1: readLock RELEASED 1 by SegmentedRaftLogCache$LogSegmentList.isEmpty
2022-07-14 15:51:54,626 [s0@group-EF46AB43B6D1-LeaderStateImpl] TRACE segmented.SegmentedRaftLogCache (AutoCloseableReadWriteLock.java:logLocking(65)) - s0@group-EF46AB43B6D1: readLock RELEASED 0 by SegmentedRaftLogCache.getStartIndex
2022-07-14 15:51:54,626 [s0@group-EF46AB43B6D1-LeaderStateImpl] TRACE segmented.SegmentedRaftLogCache (AutoCloseableReadWriteLock.java:logLocking(65)) - s0@group-EF46AB43B6D1: readLock ACQUIRED 1 by SegmentedRaftLogCache.getEndIndex
2022-07-14 15:51:54,626 [s0@group-EF46AB43B6D1-LeaderStateImpl] TRACE segmented.SegmentedRaftLogCache (AutoCloseableReadWriteLock.java:logLocking(65)) - s0@group-EF46AB43B6D1: readLock RELEASED 0 by SegmentedRaftLogCache.getEndIndex
2022-07-14 15:51:54,626 [s0@group-EF46AB43B6D1-LeaderStateImpl] TRACE segmented.SegmentedRaftLogCache (AutoCloseableReadWriteLock.java:logLocking(65)) - s0@group-EF46AB43B6D1: readLock ACQUIRED 1 by SegmentedRaftLogCache$LogSegmentList.getTermIndex
2022-07-14 15:51:54,626 [s0@group-EF46AB43B6D1-LeaderStateImpl] TRACE segmented.SegmentedRaftLogCache (AutoCloseableReadWriteLock.java:logLocking(65)) - s0@group-EF46AB43B6D1: readLock RELEASED 0 by SegmentedRaftLogCache$LogSegmentList.getTermIndex
2022-07-14 15:51:54,626 [s0@group-EF46AB43B6D1-LeaderStateImpl] TRACE segmented.SegmentedRaftLogCache (AutoCloseableReadWriteLock.java:logLocking(65)) - s0@group-EF46AB43B6D1: readLock ACQUIRED 1 by SegmentedRaftLogCache.getLastTermIndex
2022-07-14 15:51:54,626 [s0@group-EF46AB43B6D1-LeaderStateImpl] TRACE segmented.SegmentedRaftLogCache (AutoCloseableReadWriteLock.java:logLocking(65)) - s0@group-EF46AB43B6D1: readLock RELEASED 0 by SegmentedRaftLogCache.getLastTermIndex
2022-07-14 15:51:54,626 [s0@group-EF46AB43B6D1-LeaderStateImpl] TRACE segmented.SegmentedRaftLogCache (AutoCloseableReadWriteLock.java:logLocking(65)) - s0@group-EF46AB43B6D1: readLock ACQUIRED 1 by SegmentedRaftLogCache$LogSegmentList.countCached
2022-07-14 15:51:54,626 [s0@group-EF46AB43B6D1-LeaderStateImpl] TRACE segmented.SegmentedRaftLogCache (AutoCloseableReadWriteLock.java:logLocking(65)) - s0@group-EF46AB43B6D1: readLock RELEASED 0 by SegmentedRaftLogCache$LogSegmentList.countCached
2022-07-14 15:51:54,626 [s0@group-EF46AB43B6D1-LeaderStateImpl] TRACE segmented.SegmentedRaftLogCache (AutoCloseableReadWriteLock.java:logLocking(65)) - s0@group-EF46AB43B6D1: readLock ACQUIRED 1 by SegmentedRaftLogCache$LogSegmentList.getTotalCacheSize
2022-07-14 15:51:54,627 [s0@group-EF46AB43B6D1-LeaderStateImpl] TRACE segmented.SegmentedRaftLogCache (AutoCloseableReadWriteLock.java:logLocking(65)) - s0@group-EF46AB43B6D1: readLock RELEASED 0 by SegmentedRaftLogCache$LogSegmentList.getTotalCacheSize
2022-07-14 15:51:54,627 [s0@group-EF46AB43B6D1-LeaderStateImpl] DEBUG segmented.SegmentedRaftLogWorker (SegmentedRaftLogWorker.java:addIOTask(270)) - s0@group-EF46AB43B6D1-SegmentedRaftLogWorker adds IO task WriteLog:190: (t:1, i:190), METADATAENTRY(c:189)
2022-07-14 15:51:54,627 [s0@group-EF46AB43B6D1-SegmentedRaftLogWorker] DEBUG segmented.SegmentedRaftLogWorker (SegmentedRaftLogWorker.java:flushIfNecessary(365)) - s0@group-EF46AB43B6D1-SegmentedRaftLogWorker: flush SegmentedRaftLogOutputStream(/home/runner/work/ratis/ratis/ratis-test/target/test/data/7931f2a6/MiniRaftClusterWithGrpc6c3cfa42/s0/d33854d5-690d-4a13-9a9e-ef46ab43b6d1/current/log_inprogress_0)
2022-07-14 15:51:54,627 [s0@group-EF46AB43B6D1-StateMachineUpdater] INFO  statemachine.SimpleStateMachine4Testing (SimpleStateMachine4Testing.java:put(204)) - s0: put 189, m94 -> (t:1, i:189), STATEMACHINELOGENTRY, 265@client-64B90517F321
2022-07-14 15:51:54,628 [s0-client-thread1] TRACE segmented.SegmentedRaftLogCache (AutoCloseableReadWriteLock.java:logLocking(65)) - s0@group-EF46AB43B6D1: readLock ACQUIRED 1 by SegmentedRaftLogCache.getLastTermIndex
2022-07-14 15:51:54,628 [s0-client-thread1] TRACE segmented.SegmentedRaftLogCache (AutoCloseableReadWriteLock.java:logLocking(65)) - s0@group-EF46AB43B6D1: readLock RELEASED 0 by SegmentedRaftLogCache.getLastTermIndex
2022-07-14 15:51:54,629 [s0-client-thread1] TRACE segmented.SegmentedRaftLogCache (AutoCloseableReadWriteLock.java:logLocking(65)) - s0@group-EF46AB43B6D1: readLock ACQUIRED 1 by SegmentedRaftLogCache.getLastTermIndex
2022-07-14 15:51:54,629 [s0-client-thread1] TRACE segmented.SegmentedRaftLogCache (AutoCloseableReadWriteLock.java:logLocking(65)) - s0@group-EF46AB43B6D1: readLock RELEASED 0 by SegmentedRaftLogCache.getLastTermIndex
2022-07-14 15:51:54,629 [s0-client-thread1] TRACE segmented.SegmentedRaftLogCache (AutoCloseableReadWriteLock.java:logLocking(65)) - s0@group-EF46AB43B6D1: readLock ACQUIRED 1 by SegmentedRaftLogCache$LogSegmentList.countCached
2022-07-14 15:51:54,629 [s0-client-thread1] TRACE segmented.SegmentedRaftLogCache (AutoCloseableReadWriteLock.java:logLocking(65)) - s0@group-EF46AB43B6D1: readLock RELEASED 0 by SegmentedRaftLogCache$LogSegmentList.countCached
2022-07-14 15:51:54,629 [s0-client-thread1] TRACE segmented.SegmentedRaftLogCache (AutoCloseableReadWriteLock.java:logLocking(65)) - s0@group-EF46AB43B6D1: readLock ACQUIRED 1 by SegmentedRaftLogCache$LogSegmentList.getTotalCacheSize
2022-07-14 15:51:54,629 [s0-client-thread1] TRACE segmented.SegmentedRaftLogCache (AutoCloseableReadWriteLock.java:logLocking(65)) - s0@group-EF46AB43B6D1: readLock RELEASED 0 by SegmentedRaftLogCache$LogSegmentList.getTotalCacheSize
2022-07-14 15:51:54,629 [s0-client-thread1] DEBUG segmented.SegmentedRaftLogWorker (SegmentedRaftLogWorker.java:addIOTask(270)) - s0@group-EF46AB43B6D1-SegmentedRaftLogWorker adds IO task WriteLog:191: (t:1, i:191), STATEMACHINELOGENTRY, StateMachineLogEntryProto:266@client-64B90517F321
2022-07-14 15:51:54,629 [s0@group-EF46AB43B6D1-SegmentedRaftLogWorker] DEBUG segmented.SegmentedRaftLogWorker (SegmentedRaftLogWorker.java:flushIfNecessary(365)) - s0@group-EF46AB43B6D1-SegmentedRaftLogWorker: flush SegmentedRaftLogOutputStream(/home/runner/work/ratis/ratis/ratis-test/target/test/data/7931f2a6/MiniRaftClusterWithGrpc6c3cfa42/s0/d33854d5-690d-4a13-9a9e-ef46ab43b6d1/current/log_inprogress_0)
2022-07-14 15:51:54,631 [s0@group-EF46AB43B6D1-LeaderStateImpl] TRACE segmented.SegmentedRaftLogCache (AutoCloseableReadWriteLock.java:logLocking(65)) - s0@group-EF46AB43B6D1: readLock ACQUIRED 1 by SegmentedRaftLogCache.getStartIndex
2022-07-14 15:51:54,631 [s0@group-EF46AB43B6D1-LeaderStateImpl] TRACE segmented.SegmentedRaftLogCache (AutoCloseableReadWriteLock.java:logLocking(65)) -   s0@group-EF46AB43B6D1: readLock ACQUIRED 2 by SegmentedRaftLogCache$LogSegmentList.isEmpty
2022-07-14 15:51:54,631 [s0@group-EF46AB43B6D1-LeaderStateImpl] TRACE segmented.SegmentedRaftLogCache (AutoCloseableReadWriteLock.java:logLocking(65)) -   s0@group-EF46AB43B6D1: readLock RELEASED 1 by SegmentedRaftLogCache$LogSegmentList.isEmpty
2022-07-14 15:51:54,631 [s0@group-EF46AB43B6D1-LeaderStateImpl] TRACE segmented.SegmentedRaftLogCache (AutoCloseableReadWriteLock.java:logLocking(65)) - s0@group-EF46AB43B6D1: readLock RELEASED 0 by SegmentedRaftLogCache.getStartIndex
2022-07-14 15:51:54,631 [s0@group-EF46AB43B6D1-LeaderStateImpl] TRACE segmented.SegmentedRaftLogCache (AutoCloseableReadWriteLock.java:logLocking(65)) - s0@group-EF46AB43B6D1: readLock ACQUIRED 1 by SegmentedRaftLogCache.getEndIndex
2022-07-14 15:51:54,631 [s0@group-EF46AB43B6D1-LeaderStateImpl] TRACE segmented.SegmentedRaftLogCache (AutoCloseableReadWriteLock.java:logLocking(65)) - s0@group-EF46AB43B6D1: readLock RELEASED 0 by SegmentedRaftLogCache.getEndIndex
2022-07-14 15:51:54,631 [s0@group-EF46AB43B6D1-LeaderStateImpl] TRACE segmented.SegmentedRaftLogCache (AutoCloseableReadWriteLock.java:logLocking(65)) - s0@group-EF46AB43B6D1: readLock ACQUIRED 1 by SegmentedRaftLogCache$LogSegmentList.getTermIndex
2022-07-14 15:51:54,631 [s0@group-EF46AB43B6D1-LeaderStateImpl] TRACE segmented.SegmentedRaftLogCache (AutoCloseableReadWriteLock.java:logLocking(65)) - s0@group-EF46AB43B6D1: readLock RELEASED 0 by SegmentedRaftLogCache$LogSegmentList.getTermIndex
2022-07-14 15:51:54,631 [s0@group-EF46AB43B6D1-StateMachineUpdater] INFO  statemachine.SimpleStateMachine4Testing (SimpleStateMachine4Testing.java:put(204)) - s0: put 191, m95 -> (t:1, i:191), STATEMACHINELOGENTRY, 266@client-64B90517F321
2022-07-14 15:51:54,632 [s0@group-EF46AB43B6D1-LeaderStateImpl] TRACE segmented.SegmentedRaftLogCache (AutoCloseableReadWriteLock.java:logLocking(65)) - s0@group-EF46AB43B6D1: readLock ACQUIRED 1 by SegmentedRaftLogCache.getLastTermIndex
2022-07-14 15:51:54,632 [s0@group-EF46AB43B6D1-LeaderStateImpl] TRACE segmented.SegmentedRaftLogCache (AutoCloseableReadWriteLock.java:logLocking(65)) - s0@group-EF46AB43B6D1: readLock RELEASED 0 by SegmentedRaftLogCache.getLastTermIndex
2022-07-14 15:51:54,632 [s0@group-EF46AB43B6D1-LeaderStateImpl] TRACE segmented.SegmentedRaftLogCache (AutoCloseableReadWriteLock.java:logLocking(65)) - s0@group-EF46AB43B6D1: readLock ACQUIRED 1 by SegmentedRaftLogCache$LogSegmentList.countCached
2022-07-14 15:51:54,632 [s0@group-EF46AB43B6D1-LeaderStateImpl] TRACE segmented.SegmentedRaftLogCache (AutoCloseableReadWriteLock.java:logLocking(65)) - s0@group-EF46AB43B6D1: readLock RELEASED 0 by SegmentedRaftLogCache$LogSegmentList.countCached
2022-07-14 15:51:54,632 [s0@group-EF46AB43B6D1-LeaderStateImpl] TRACE segmented.SegmentedRaftLogCache (AutoCloseableReadWriteLock.java:logLocking(65)) - s0@group-EF46AB43B6D1: readLock ACQUIRED 1 by SegmentedRaftLogCache$LogSegmentList.getTotalCacheSize
2022-07-14 15:51:54,632 [s0@group-EF46AB43B6D1-LeaderStateImpl] TRACE segmented.SegmentedRaftLogCache (AutoCloseableReadWriteLock.java:logLocking(65)) - s0@group-EF46AB43B6D1: readLock RELEASED 0 by SegmentedRaftLogCache$LogSegmentList.getTotalCacheSize
2022-07-14 15:51:54,632 [s0@group-EF46AB43B6D1-LeaderStateImpl] DEBUG segmented.SegmentedRaftLogWorker (SegmentedRaftLogWorker.java:addIOTask(270)) - s0@group-EF46AB43B6D1-SegmentedRaftLogWorker adds IO task WriteLog:192: (t:1, i:192), METADATAENTRY(c:191)
2022-07-14 15:51:54,632 [s0@group-EF46AB43B6D1-SegmentedRaftLogWorker] DEBUG segmented.SegmentedRaftLogWorker (SegmentedRaftLogWorker.java:flushIfNecessary(365)) - s0@group-EF46AB43B6D1-SegmentedRaftLogWorker: flush SegmentedRaftLogOutputStream(/home/runner/work/ratis/ratis/ratis-test/target/test/data/7931f2a6/MiniRaftClusterWithGrpc6c3cfa42/s0/d33854d5-690d-4a13-9a9e-ef46ab43b6d1/current/log_inprogress_0)
2022-07-14 15:51:54,633 [s0@group-EF46AB43B6D1-LeaderStateImpl] TRACE segmented.SegmentedRaftLogCache (AutoCloseableReadWriteLock.java:logLocking(65)) - s0@group-EF46AB43B6D1: readLock ACQUIRED 1 by SegmentedRaftLogCache.getStartIndex
2022-07-14 15:51:54,633 [s0@group-EF46AB43B6D1-LeaderStateImpl] TRACE segmented.SegmentedRaftLogCache (AutoCloseableReadWriteLock.java:logLocking(65)) -   s0@group-EF46AB43B6D1: readLock ACQUIRED 2 by SegmentedRaftLogCache$LogSegmentList.isEmpty
2022-07-14 15:51:54,633 [s0@group-EF46AB43B6D1-LeaderStateImpl] TRACE segmented.SegmentedRaftLogCache (AutoCloseableReadWriteLock.java:logLocking(65)) -   s0@group-EF46AB43B6D1: readLock RELEASED 1 by SegmentedRaftLogCache$LogSegmentList.isEmpty
2022-07-14 15:51:54,633 [s0@group-EF46AB43B6D1-LeaderStateImpl] TRACE segmented.SegmentedRaftLogCache (AutoCloseableReadWriteLock.java:logLocking(65)) - s0@group-EF46AB43B6D1: readLock RELEASED 0 by SegmentedRaftLogCache.getStartIndex
2022-07-14 15:51:54,633 [s0@group-EF46AB43B6D1-LeaderStateImpl] TRACE segmented.SegmentedRaftLogCache (AutoCloseableReadWriteLock.java:logLocking(65)) - s0@group-EF46AB43B6D1: readLock ACQUIRED 1 by SegmentedRaftLogCache.getEndIndex
2022-07-14 15:51:54,633 [s0@group-EF46AB43B6D1-LeaderStateImpl] TRACE segmented.SegmentedRaftLogCache (AutoCloseableReadWriteLock.java:logLocking(65)) - s0@group-EF46AB43B6D1: readLock RELEASED 0 by SegmentedRaftLogCache.getEndIndex
2022-07-14 15:51:54,633 [s0@group-EF46AB43B6D1-LeaderStateImpl] TRACE segmented.SegmentedRaftLogCache (AutoCloseableReadWriteLock.java:logLocking(65)) - s0@group-EF46AB43B6D1: readLock ACQUIRED 1 by SegmentedRaftLogCache$LogSegmentList.getTermIndex
2022-07-14 15:51:54,633 [s0@group-EF46AB43B6D1-LeaderStateImpl] TRACE segmented.SegmentedRaftLogCache (AutoCloseableReadWriteLock.java:logLocking(65)) - s0@group-EF46AB43B6D1: readLock RELEASED 0 by SegmentedRaftLogCache$LogSegmentList.getTermIndex
2022-07-14 15:51:54,636 [s0-client-thread1] TRACE segmented.SegmentedRaftLogCache (AutoCloseableReadWriteLock.java:logLocking(65)) - s0@group-EF46AB43B6D1: readLock ACQUIRED 1 by SegmentedRaftLogCache.getLastTermIndex
2022-07-14 15:51:54,636 [s0-client-thread1] TRACE segmented.SegmentedRaftLogCache (AutoCloseableReadWriteLock.java:logLocking(65)) - s0@group-EF46AB43B6D1: readLock RELEASED 0 by SegmentedRaftLogCache.getLastTermIndex
2022-07-14 15:51:54,636 [s0-client-thread1] TRACE segmented.SegmentedRaftLogCache (AutoCloseableReadWriteLock.java:logLocking(65)) - s0@group-EF46AB43B6D1: readLock ACQUIRED 1 by SegmentedRaftLogCache.getLastTermIndex
2022-07-14 15:51:54,636 [s0-client-thread1] TRACE segmented.SegmentedRaftLogCache (AutoCloseableReadWriteLock.java:logLocking(65)) - s0@group-EF46AB43B6D1: readLock RELEASED 0 by SegmentedRaftLogCache.getLastTermIndex
2022-07-14 15:51:54,636 [s0-client-thread1] TRACE segmented.SegmentedRaftLogCache (AutoCloseableReadWriteLock.java:logLocking(65)) - s0@group-EF46AB43B6D1: readLock ACQUIRED 1 by SegmentedRaftLogCache$LogSegmentList.countCached
2022-07-14 15:51:54,636 [s0-client-thread1] TRACE segmented.SegmentedRaftLogCache (AutoCloseableReadWriteLock.java:logLocking(65)) - s0@group-EF46AB43B6D1: readLock RELEASED 0 by SegmentedRaftLogCache$LogSegmentList.countCached
2022-07-14 15:51:54,636 [s0-client-thread1] TRACE segmented.SegmentedRaftLogCache (AutoCloseableReadWriteLock.java:logLocking(65)) - s0@group-EF46AB43B6D1: readLock ACQUIRED 1 by SegmentedRaftLogCache$LogSegmentList.getTotalCacheSize
2022-07-14 15:51:54,636 [s0-client-thread1] TRACE segmented.SegmentedRaftLogCache (AutoCloseableReadWriteLock.java:logLocking(65)) - s0@group-EF46AB43B6D1: readLock RELEASED 0 by SegmentedRaftLogCache$LogSegmentList.getTotalCacheSize
2022-07-14 15:51:54,636 [s0-client-thread1] DEBUG segmented.SegmentedRaftLogWorker (SegmentedRaftLogWorker.java:addIOTask(270)) - s0@group-EF46AB43B6D1-SegmentedRaftLogWorker adds IO task WriteLog:193: (t:1, i:193), STATEMACHINELOGENTRY, StateMachineLogEntryProto:267@client-64B90517F321
2022-07-14 15:51:54,636 [s0@group-EF46AB43B6D1-SegmentedRaftLogWorker] DEBUG segmented.SegmentedRaftLogWorker (SegmentedRaftLogWorker.java:flushIfNecessary(365)) - s0@group-EF46AB43B6D1-SegmentedRaftLogWorker: flush SegmentedRaftLogOutputStream(/home/runner/work/ratis/ratis/ratis-test/target/test/data/7931f2a6/MiniRaftClusterWithGrpc6c3cfa42/s0/d33854d5-690d-4a13-9a9e-ef46ab43b6d1/current/log_inprogress_0)
2022-07-14 15:51:54,637 [s0@group-EF46AB43B6D1-LeaderStateImpl] TRACE segmented.SegmentedRaftLogCache (AutoCloseableReadWriteLock.java:logLocking(65)) - s0@group-EF46AB43B6D1: readLock ACQUIRED 1 by SegmentedRaftLogCache.getStartIndex
2022-07-14 15:51:54,637 [s0@group-EF46AB43B6D1-LeaderStateImpl] TRACE segmented.SegmentedRaftLogCache (AutoCloseableReadWriteLock.java:logLocking(65)) -   s0@group-EF46AB43B6D1: readLock ACQUIRED 2 by SegmentedRaftLogCache$LogSegmentList.isEmpty
2022-07-14 15:51:54,637 [s0@group-EF46AB43B6D1-LeaderStateImpl] TRACE segmented.SegmentedRaftLogCache (AutoCloseableReadWriteLock.java:logLocking(65)) -   s0@group-EF46AB43B6D1: readLock RELEASED 1 by SegmentedRaftLogCache$LogSegmentList.isEmpty
2022-07-14 15:51:54,637 [s0@group-EF46AB43B6D1-LeaderStateImpl] TRACE segmented.SegmentedRaftLogCache (AutoCloseableReadWriteLock.java:logLocking(65)) - s0@group-EF46AB43B6D1: readLock RELEASED 0 by SegmentedRaftLogCache.getStartIndex
2022-07-14 15:51:54,637 [s0@group-EF46AB43B6D1-LeaderStateImpl] TRACE segmented.SegmentedRaftLogCache (AutoCloseableReadWriteLock.java:logLocking(65)) - s0@group-EF46AB43B6D1: readLock ACQUIRED 1 by SegmentedRaftLogCache.getEndIndex
2022-07-14 15:51:54,637 [s0@group-EF46AB43B6D1-LeaderStateImpl] TRACE segmented.SegmentedRaftLogCache (AutoCloseableReadWriteLock.java:logLocking(65)) - s0@group-EF46AB43B6D1: readLock RELEASED 0 by SegmentedRaftLogCache.getEndIndex
2022-07-14 15:51:54,637 [s0@group-EF46AB43B6D1-LeaderStateImpl] TRACE segmented.SegmentedRaftLogCache (AutoCloseableReadWriteLock.java:logLocking(65)) - s0@group-EF46AB43B6D1: readLock ACQUIRED 1 by SegmentedRaftLogCache$LogSegmentList.getTermIndex
2022-07-14 15:51:54,637 [s0@group-EF46AB43B6D1-LeaderStateImpl] TRACE segmented.SegmentedRaftLogCache (AutoCloseableReadWriteLock.java:logLocking(65)) - s0@group-EF46AB43B6D1: readLock RELEASED 0 by SegmentedRaftLogCache$LogSegmentList.getTermIndex
2022-07-14 15:51:54,637 [s0@group-EF46AB43B6D1-StateMachineUpdater] INFO  statemachine.SimpleStateMachine4Testing (SimpleStateMachine4Testing.java:put(204)) - s0: put 193, m96 -> (t:1, i:193), STATEMACHINELOGENTRY, 267@client-64B90517F321
2022-07-14 15:51:54,637 [s0@group-EF46AB43B6D1-LeaderStateImpl] TRACE segmented.SegmentedRaftLogCache (AutoCloseableReadWriteLock.java:logLocking(65)) - s0@group-EF46AB43B6D1: readLock ACQUIRED 1 by SegmentedRaftLogCache.getLastTermIndex
2022-07-14 15:51:54,637 [s0@group-EF46AB43B6D1-LeaderStateImpl] TRACE segmented.SegmentedRaftLogCache (AutoCloseableReadWriteLock.java:logLocking(65)) - s0@group-EF46AB43B6D1: readLock RELEASED 0 by SegmentedRaftLogCache.getLastTermIndex
2022-07-14 15:51:54,638 [s0@group-EF46AB43B6D1-LeaderStateImpl] TRACE segmented.SegmentedRaftLogCache (AutoCloseableReadWriteLock.java:logLocking(65)) - s0@group-EF46AB43B6D1: readLock ACQUIRED 1 by SegmentedRaftLogCache$LogSegmentList.countCached
2022-07-14 15:51:54,639 [s0@group-EF46AB43B6D1-LeaderStateImpl] TRACE segmented.SegmentedRaftLogCache (AutoCloseableReadWriteLock.java:logLocking(65)) - s0@group-EF46AB43B6D1: readLock RELEASED 0 by SegmentedRaftLogCache$LogSegmentList.countCached
2022-07-14 15:51:54,639 [s0@group-EF46AB43B6D1-LeaderStateImpl] TRACE segmented.SegmentedRaftLogCache (AutoCloseableReadWriteLock.java:logLocking(65)) - s0@group-EF46AB43B6D1: readLock ACQUIRED 1 by SegmentedRaftLogCache$LogSegmentList.getTotalCacheSize
2022-07-14 15:51:54,639 [s0@group-EF46AB43B6D1-LeaderStateImpl] TRACE segmented.SegmentedRaftLogCache (AutoCloseableReadWriteLock.java:logLocking(65)) - s0@group-EF46AB43B6D1: readLock RELEASED 0 by SegmentedRaftLogCache$LogSegmentList.getTotalCacheSize
2022-07-14 15:51:54,639 [s0@group-EF46AB43B6D1-LeaderStateImpl] DEBUG segmented.SegmentedRaftLogWorker (SegmentedRaftLogWorker.java:addIOTask(270)) - s0@group-EF46AB43B6D1-SegmentedRaftLogWorker adds IO task WriteLog:194: (t:1, i:194), METADATAENTRY(c:193)
2022-07-14 15:51:54,639 [s0@group-EF46AB43B6D1-SegmentedRaftLogWorker] DEBUG segmented.SegmentedRaftLogWorker (SegmentedRaftLogWorker.java:flushIfNecessary(365)) - s0@group-EF46AB43B6D1-SegmentedRaftLogWorker: flush SegmentedRaftLogOutputStream(/home/runner/work/ratis/ratis/ratis-test/target/test/data/7931f2a6/MiniRaftClusterWithGrpc6c3cfa42/s0/d33854d5-690d-4a13-9a9e-ef46ab43b6d1/current/log_inprogress_0)
2022-07-14 15:51:54,639 [s0-client-thread1] TRACE segmented.SegmentedRaftLogCache (AutoCloseableReadWriteLock.java:logLocking(65)) - s0@group-EF46AB43B6D1: readLock ACQUIRED 1 by SegmentedRaftLogCache.getLastTermIndex
2022-07-14 15:51:54,639 [s0-client-thread1] TRACE segmented.SegmentedRaftLogCache (AutoCloseableReadWriteLock.java:logLocking(65)) - s0@group-EF46AB43B6D1: readLock RELEASED 0 by SegmentedRaftLogCache.getLastTermIndex
2022-07-14 15:51:54,639 [s0-client-thread1] TRACE segmented.SegmentedRaftLogCache (AutoCloseableReadWriteLock.java:logLocking(65)) - s0@group-EF46AB43B6D1: readLock ACQUIRED 1 by SegmentedRaftLogCache.getLastTermIndex
2022-07-14 15:51:54,639 [s0-client-thread1] TRACE segmented.SegmentedRaftLogCache (AutoCloseableReadWriteLock.java:logLocking(65)) - s0@group-EF46AB43B6D1: readLock RELEASED 0 by SegmentedRaftLogCache.getLastTermIndex
2022-07-14 15:51:54,639 [s0-client-thread1] TRACE segmented.SegmentedRaftLogCache (AutoCloseableReadWriteLock.java:logLocking(65)) - s0@group-EF46AB43B6D1: readLock ACQUIRED 1 by SegmentedRaftLogCache$LogSegmentList.countCached
2022-07-14 15:51:54,640 [s0-client-thread1] TRACE segmented.SegmentedRaftLogCache (AutoCloseableReadWriteLock.java:logLocking(65)) - s0@group-EF46AB43B6D1: readLock RELEASED 0 by SegmentedRaftLogCache$LogSegmentList.countCached
2022-07-14 15:51:54,640 [s0-client-thread1] TRACE segmented.SegmentedRaftLogCache (AutoCloseableReadWriteLock.java:logLocking(65)) - s0@group-EF46AB43B6D1: readLock ACQUIRED 1 by SegmentedRaftLogCache$LogSegmentList.getTotalCacheSize
2022-07-14 15:51:54,640 [s0-client-thread1] TRACE segmented.SegmentedRaftLogCache (AutoCloseableReadWriteLock.java:logLocking(65)) - s0@group-EF46AB43B6D1: readLock RELEASED 0 by SegmentedRaftLogCache$LogSegmentList.getTotalCacheSize
2022-07-14 15:51:54,640 [s0-client-thread1] DEBUG segmented.SegmentedRaftLogWorker (SegmentedRaftLogWorker.java:addIOTask(270)) - s0@group-EF46AB43B6D1-SegmentedRaftLogWorker adds IO task WriteLog:195: (t:1, i:195), STATEMACHINELOGENTRY, StateMachineLogEntryProto:268@client-64B90517F321
2022-07-14 15:51:54,640 [s0@group-EF46AB43B6D1-SegmentedRaftLogWorker] DEBUG segmented.SegmentedRaftLogWorker (SegmentedRaftLogWorker.java:flushIfNecessary(365)) - s0@group-EF46AB43B6D1-SegmentedRaftLogWorker: flush SegmentedRaftLogOutputStream(/home/runner/work/ratis/ratis/ratis-test/target/test/data/7931f2a6/MiniRaftClusterWithGrpc6c3cfa42/s0/d33854d5-690d-4a13-9a9e-ef46ab43b6d1/current/log_inprogress_0)
2022-07-14 15:51:54,640 [s0@group-EF46AB43B6D1-LeaderStateImpl] TRACE segmented.SegmentedRaftLogCache (AutoCloseableReadWriteLock.java:logLocking(65)) - s0@group-EF46AB43B6D1: readLock ACQUIRED 1 by SegmentedRaftLogCache.getStartIndex
2022-07-14 15:51:54,640 [s0@group-EF46AB43B6D1-LeaderStateImpl] TRACE segmented.SegmentedRaftLogCache (AutoCloseableReadWriteLock.java:logLocking(65)) -   s0@group-EF46AB43B6D1: readLock ACQUIRED 2 by SegmentedRaftLogCache$LogSegmentList.isEmpty
2022-07-14 15:51:54,640 [s0@group-EF46AB43B6D1-LeaderStateImpl] TRACE segmented.SegmentedRaftLogCache (AutoCloseableReadWriteLock.java:logLocking(65)) -   s0@group-EF46AB43B6D1: readLock RELEASED 1 by SegmentedRaftLogCache$LogSegmentList.isEmpty
2022-07-14 15:51:54,640 [s0@group-EF46AB43B6D1-LeaderStateImpl] TRACE segmented.SegmentedRaftLogCache (AutoCloseableReadWriteLock.java:logLocking(65)) - s0@group-EF46AB43B6D1: readLock RELEASED 0 by SegmentedRaftLogCache.getStartIndex
2022-07-14 15:51:54,640 [s0@group-EF46AB43B6D1-LeaderStateImpl] TRACE segmented.SegmentedRaftLogCache (AutoCloseableReadWriteLock.java:logLocking(65)) - s0@group-EF46AB43B6D1: readLock ACQUIRED 1 by SegmentedRaftLogCache.getEndIndex
2022-07-14 15:51:54,640 [s0@group-EF46AB43B6D1-LeaderStateImpl] TRACE segmented.SegmentedRaftLogCache (AutoCloseableReadWriteLock.java:logLocking(65)) - s0@group-EF46AB43B6D1: readLock RELEASED 0 by SegmentedRaftLogCache.getEndIndex
2022-07-14 15:51:54,640 [s0@group-EF46AB43B6D1-LeaderStateImpl] TRACE segmented.SegmentedRaftLogCache (AutoCloseableReadWriteLock.java:logLocking(65)) - s0@group-EF46AB43B6D1: readLock ACQUIRED 1 by SegmentedRaftLogCache$LogSegmentList.getTermIndex
2022-07-14 15:51:54,640 [s0@group-EF46AB43B6D1-LeaderStateImpl] TRACE segmented.SegmentedRaftLogCache (AutoCloseableReadWriteLock.java:logLocking(65)) - s0@group-EF46AB43B6D1: readLock RELEASED 0 by SegmentedRaftLogCache$LogSegmentList.getTermIndex
2022-07-14 15:51:54,641 [s0@group-EF46AB43B6D1-StateMachineUpdater] INFO  statemachine.SimpleStateMachine4Testing (SimpleStateMachine4Testing.java:put(204)) - s0: put 195, m97 -> (t:1, i:195), STATEMACHINELOGENTRY, 268@client-64B90517F321
2022-07-14 15:51:54,641 [s0@group-EF46AB43B6D1-LeaderStateImpl] TRACE segmented.SegmentedRaftLogCache (AutoCloseableReadWriteLock.java:logLocking(65)) - s0@group-EF46AB43B6D1: readLock ACQUIRED 1 by SegmentedRaftLogCache.getLastTermIndex
2022-07-14 15:51:54,641 [s0@group-EF46AB43B6D1-LeaderStateImpl] TRACE segmented.SegmentedRaftLogCache (AutoCloseableReadWriteLock.java:logLocking(65)) - s0@group-EF46AB43B6D1: readLock RELEASED 0 by SegmentedRaftLogCache.getLastTermIndex
2022-07-14 15:51:54,642 [s0@group-EF46AB43B6D1-LeaderStateImpl] TRACE segmented.SegmentedRaftLogCache (AutoCloseableReadWriteLock.java:logLocking(65)) - s0@group-EF46AB43B6D1: readLock ACQUIRED 1 by SegmentedRaftLogCache$LogSegmentList.countCached
2022-07-14 15:51:54,642 [s0@group-EF46AB43B6D1-LeaderStateImpl] TRACE segmented.SegmentedRaftLogCache (AutoCloseableReadWriteLock.java:logLocking(65)) - s0@group-EF46AB43B6D1: readLock RELEASED 0 by SegmentedRaftLogCache$LogSegmentList.countCached
2022-07-14 15:51:54,642 [s0@group-EF46AB43B6D1-LeaderStateImpl] TRACE segmented.SegmentedRaftLogCache (AutoCloseableReadWriteLock.java:logLocking(65)) - s0@group-EF46AB43B6D1: readLock ACQUIRED 1 by SegmentedRaftLogCache$LogSegmentList.getTotalCacheSize
2022-07-14 15:51:54,642 [s0@group-EF46AB43B6D1-LeaderStateImpl] TRACE segmented.SegmentedRaftLogCache (AutoCloseableReadWriteLock.java:logLocking(65)) - s0@group-EF46AB43B6D1: readLock RELEASED 0 by SegmentedRaftLogCache$LogSegmentList.getTotalCacheSize
2022-07-14 15:51:54,642 [s0@group-EF46AB43B6D1-LeaderStateImpl] DEBUG segmented.SegmentedRaftLogWorker (SegmentedRaftLogWorker.java:addIOTask(270)) - s0@group-EF46AB43B6D1-SegmentedRaftLogWorker adds IO task WriteLog:196: (t:1, i:196), METADATAENTRY(c:195)
2022-07-14 15:51:54,642 [s0@group-EF46AB43B6D1-SegmentedRaftLogWorker] DEBUG segmented.SegmentedRaftLogWorker (SegmentedRaftLogWorker.java:flushIfNecessary(365)) - s0@group-EF46AB43B6D1-SegmentedRaftLogWorker: flush SegmentedRaftLogOutputStream(/home/runner/work/ratis/ratis/ratis-test/target/test/data/7931f2a6/MiniRaftClusterWithGrpc6c3cfa42/s0/d33854d5-690d-4a13-9a9e-ef46ab43b6d1/current/log_inprogress_0)
2022-07-14 15:51:54,642 [s0-client-thread1] TRACE segmented.SegmentedRaftLogCache (AutoCloseableReadWriteLock.java:logLocking(65)) - s0@group-EF46AB43B6D1: readLock ACQUIRED 1 by SegmentedRaftLogCache.getLastTermIndex
2022-07-14 15:51:54,642 [s0-client-thread1] TRACE segmented.SegmentedRaftLogCache (AutoCloseableReadWriteLock.java:logLocking(65)) - s0@group-EF46AB43B6D1: readLock RELEASED 0 by SegmentedRaftLogCache.getLastTermIndex
2022-07-14 15:51:54,642 [s0-client-thread1] TRACE segmented.SegmentedRaftLogCache (AutoCloseableReadWriteLock.java:logLocking(65)) - s0@group-EF46AB43B6D1: readLock ACQUIRED 1 by SegmentedRaftLogCache.getLastTermIndex
2022-07-14 15:51:54,642 [s0-client-thread1] TRACE segmented.SegmentedRaftLogCache (AutoCloseableReadWriteLock.java:logLocking(65)) - s0@group-EF46AB43B6D1: readLock RELEASED 0 by SegmentedRaftLogCache.getLastTermIndex
2022-07-14 15:51:54,643 [s0-client-thread1] TRACE segmented.SegmentedRaftLogCache (AutoCloseableReadWriteLock.java:logLocking(65)) - s0@group-EF46AB43B6D1: readLock ACQUIRED 1 by SegmentedRaftLogCache$LogSegmentList.countCached
2022-07-14 15:51:54,643 [s0-client-thread1] TRACE segmented.SegmentedRaftLogCache (AutoCloseableReadWriteLock.java:logLocking(65)) - s0@group-EF46AB43B6D1: readLock RELEASED 0 by SegmentedRaftLogCache$LogSegmentList.countCached
2022-07-14 15:51:54,643 [s0-client-thread1] TRACE segmented.SegmentedRaftLogCache (AutoCloseableReadWriteLock.java:logLocking(65)) - s0@group-EF46AB43B6D1: readLock ACQUIRED 1 by SegmentedRaftLogCache$LogSegmentList.getTotalCacheSize
2022-07-14 15:51:54,643 [s0-client-thread1] TRACE segmented.SegmentedRaftLogCache (AutoCloseableReadWriteLock.java:logLocking(65)) - s0@group-EF46AB43B6D1: readLock RELEASED 0 by SegmentedRaftLogCache$LogSegmentList.getTotalCacheSize
2022-07-14 15:51:54,643 [s0-client-thread1] DEBUG segmented.SegmentedRaftLogWorker (SegmentedRaftLogWorker.java:addIOTask(270)) - s0@group-EF46AB43B6D1-SegmentedRaftLogWorker adds IO task WriteLog:197: (t:1, i:197), STATEMACHINELOGENTRY, StateMachineLogEntryProto:269@client-64B90517F321
2022-07-14 15:51:54,643 [s0@group-EF46AB43B6D1-SegmentedRaftLogWorker] DEBUG segmented.SegmentedRaftLogWorker (SegmentedRaftLogWorker.java:flushIfNecessary(365)) - s0@group-EF46AB43B6D1-SegmentedRaftLogWorker: flush SegmentedRaftLogOutputStream(/home/runner/work/ratis/ratis/ratis-test/target/test/data/7931f2a6/MiniRaftClusterWithGrpc6c3cfa42/s0/d33854d5-690d-4a13-9a9e-ef46ab43b6d1/current/log_inprogress_0)
2022-07-14 15:51:54,643 [s0@group-EF46AB43B6D1-LeaderStateImpl] TRACE segmented.SegmentedRaftLogCache (AutoCloseableReadWriteLock.java:logLocking(65)) - s0@group-EF46AB43B6D1: readLock ACQUIRED 1 by SegmentedRaftLogCache.getStartIndex
2022-07-14 15:51:54,643 [s0@group-EF46AB43B6D1-LeaderStateImpl] TRACE segmented.SegmentedRaftLogCache (AutoCloseableReadWriteLock.java:logLocking(65)) -   s0@group-EF46AB43B6D1: readLock ACQUIRED 2 by SegmentedRaftLogCache$LogSegmentList.isEmpty
2022-07-14 15:51:54,643 [s0@group-EF46AB43B6D1-LeaderStateImpl] TRACE segmented.SegmentedRaftLogCache (AutoCloseableReadWriteLock.java:logLocking(65)) -   s0@group-EF46AB43B6D1: readLock RELEASED 1 by SegmentedRaftLogCache$LogSegmentList.isEmpty
2022-07-14 15:51:54,643 [s0@group-EF46AB43B6D1-LeaderStateImpl] TRACE segmented.SegmentedRaftLogCache (AutoCloseableReadWriteLock.java:logLocking(65)) - s0@group-EF46AB43B6D1: readLock RELEASED 0 by SegmentedRaftLogCache.getStartIndex
2022-07-14 15:51:54,643 [s0@group-EF46AB43B6D1-LeaderStateImpl] TRACE segmented.SegmentedRaftLogCache (AutoCloseableReadWriteLock.java:logLocking(65)) - s0@group-EF46AB43B6D1: readLock ACQUIRED 1 by SegmentedRaftLogCache.getEndIndex
2022-07-14 15:51:54,643 [s0@group-EF46AB43B6D1-LeaderStateImpl] TRACE segmented.SegmentedRaftLogCache (AutoCloseableReadWriteLock.java:logLocking(65)) - s0@group-EF46AB43B6D1: readLock RELEASED 0 by SegmentedRaftLogCache.getEndIndex
2022-07-14 15:51:54,643 [s0@group-EF46AB43B6D1-LeaderStateImpl] TRACE segmented.SegmentedRaftLogCache (AutoCloseableReadWriteLock.java:logLocking(65)) - s0@group-EF46AB43B6D1: readLock ACQUIRED 1 by SegmentedRaftLogCache$LogSegmentList.getTermIndex
2022-07-14 15:51:54,644 [s0@group-EF46AB43B6D1-LeaderStateImpl] TRACE segmented.SegmentedRaftLogCache (AutoCloseableReadWriteLock.java:logLocking(65)) - s0@group-EF46AB43B6D1: readLock RELEASED 0 by SegmentedRaftLogCache$LogSegmentList.getTermIndex
2022-07-14 15:51:54,644 [s0@group-EF46AB43B6D1-StateMachineUpdater] INFO  statemachine.SimpleStateMachine4Testing (SimpleStateMachine4Testing.java:put(204)) - s0: put 197, m98 -> (t:1, i:197), STATEMACHINELOGENTRY, 269@client-64B90517F321
2022-07-14 15:51:54,644 [s0@group-EF46AB43B6D1-LeaderStateImpl] TRACE segmented.SegmentedRaftLogCache (AutoCloseableReadWriteLock.java:logLocking(65)) - s0@group-EF46AB43B6D1: readLock ACQUIRED 1 by SegmentedRaftLogCache.getLastTermIndex
2022-07-14 15:51:54,644 [s0@group-EF46AB43B6D1-LeaderStateImpl] TRACE segmented.SegmentedRaftLogCache (AutoCloseableReadWriteLock.java:logLocking(65)) - s0@group-EF46AB43B6D1: readLock RELEASED 0 by SegmentedRaftLogCache.getLastTermIndex
2022-07-14 15:51:54,645 [s0@group-EF46AB43B6D1-LeaderStateImpl] TRACE segmented.SegmentedRaftLogCache (AutoCloseableReadWriteLock.java:logLocking(65)) - s0@group-EF46AB43B6D1: readLock ACQUIRED 1 by SegmentedRaftLogCache$LogSegmentList.countCached
2022-07-14 15:51:54,645 [s0@group-EF46AB43B6D1-LeaderStateImpl] TRACE segmented.SegmentedRaftLogCache (AutoCloseableReadWriteLock.java:logLocking(65)) - s0@group-EF46AB43B6D1: readLock RELEASED 0 by SegmentedRaftLogCache$LogSegmentList.countCached
2022-07-14 15:51:54,645 [s0@group-EF46AB43B6D1-LeaderStateImpl] TRACE segmented.SegmentedRaftLogCache (AutoCloseableReadWriteLock.java:logLocking(65)) - s0@group-EF46AB43B6D1: readLock ACQUIRED 1 by SegmentedRaftLogCache$LogSegmentList.getTotalCacheSize
2022-07-14 15:51:54,645 [s0@group-EF46AB43B6D1-LeaderStateImpl] TRACE segmented.SegmentedRaftLogCache (AutoCloseableReadWriteLock.java:logLocking(65)) - s0@group-EF46AB43B6D1: readLock RELEASED 0 by SegmentedRaftLogCache$LogSegmentList.getTotalCacheSize
2022-07-14 15:51:54,645 [s0@group-EF46AB43B6D1-LeaderStateImpl] DEBUG segmented.SegmentedRaftLogWorker (SegmentedRaftLogWorker.java:addIOTask(270)) - s0@group-EF46AB43B6D1-SegmentedRaftLogWorker adds IO task WriteLog:198: (t:1, i:198), METADATAENTRY(c:197)
2022-07-14 15:51:54,646 [s0@group-EF46AB43B6D1-SegmentedRaftLogWorker] DEBUG segmented.SegmentedRaftLogWorker (SegmentedRaftLogWorker.java:flushIfNecessary(365)) - s0@group-EF46AB43B6D1-SegmentedRaftLogWorker: flush SegmentedRaftLogOutputStream(/home/runner/work/ratis/ratis/ratis-test/target/test/data/7931f2a6/MiniRaftClusterWithGrpc6c3cfa42/s0/d33854d5-690d-4a13-9a9e-ef46ab43b6d1/current/log_inprogress_0)
2022-07-14 15:51:54,646 [s0-client-thread1] TRACE segmented.SegmentedRaftLogCache (AutoCloseableReadWriteLock.java:logLocking(65)) - s0@group-EF46AB43B6D1: readLock ACQUIRED 1 by SegmentedRaftLogCache.getLastTermIndex
2022-07-14 15:51:54,646 [s0-client-thread1] TRACE segmented.SegmentedRaftLogCache (AutoCloseableReadWriteLock.java:logLocking(65)) - s0@group-EF46AB43B6D1: readLock RELEASED 0 by SegmentedRaftLogCache.getLastTermIndex
2022-07-14 15:51:54,646 [s0-client-thread1] TRACE segmented.SegmentedRaftLogCache (AutoCloseableReadWriteLock.java:logLocking(65)) - s0@group-EF46AB43B6D1: readLock ACQUIRED 1 by SegmentedRaftLogCache.getLastTermIndex
2022-07-14 15:51:54,646 [s0-client-thread1] TRACE segmented.SegmentedRaftLogCache (AutoCloseableReadWriteLock.java:logLocking(65)) - s0@group-EF46AB43B6D1: readLock RELEASED 0 by SegmentedRaftLogCache.getLastTermIndex
2022-07-14 15:51:54,646 [s0-client-thread1] TRACE segmented.SegmentedRaftLogCache (AutoCloseableReadWriteLock.java:logLocking(65)) - s0@group-EF46AB43B6D1: readLock ACQUIRED 1 by SegmentedRaftLogCache$LogSegmentList.countCached
2022-07-14 15:51:54,646 [s0-client-thread1] TRACE segmented.SegmentedRaftLogCache (AutoCloseableReadWriteLock.java:logLocking(65)) - s0@group-EF46AB43B6D1: readLock RELEASED 0 by SegmentedRaftLogCache$LogSegmentList.countCached
2022-07-14 15:51:54,646 [s0-client-thread1] TRACE segmented.SegmentedRaftLogCache (AutoCloseableReadWriteLock.java:logLocking(65)) - s0@group-EF46AB43B6D1: readLock ACQUIRED 1 by SegmentedRaftLogCache$LogSegmentList.getTotalCacheSize
2022-07-14 15:51:54,646 [s0-client-thread1] TRACE segmented.SegmentedRaftLogCache (AutoCloseableReadWriteLock.java:logLocking(65)) - s0@group-EF46AB43B6D1: readLock RELEASED 0 by SegmentedRaftLogCache$LogSegmentList.getTotalCacheSize
2022-07-14 15:51:54,646 [s0-client-thread1] DEBUG segmented.SegmentedRaftLogWorker (SegmentedRaftLogWorker.java:addIOTask(270)) - s0@group-EF46AB43B6D1-SegmentedRaftLogWorker adds IO task WriteLog:199: (t:1, i:199), STATEMACHINELOGENTRY, StateMachineLogEntryProto:270@client-64B90517F321
2022-07-14 15:51:54,646 [s0@group-EF46AB43B6D1-SegmentedRaftLogWorker] DEBUG segmented.SegmentedRaftLogWorker (SegmentedRaftLogWorker.java:flushIfNecessary(365)) - s0@group-EF46AB43B6D1-SegmentedRaftLogWorker: flush SegmentedRaftLogOutputStream(/home/runner/work/ratis/ratis/ratis-test/target/test/data/7931f2a6/MiniRaftClusterWithGrpc6c3cfa42/s0/d33854d5-690d-4a13-9a9e-ef46ab43b6d1/current/log_inprogress_0)
2022-07-14 15:51:54,647 [s0@group-EF46AB43B6D1-LeaderStateImpl] TRACE segmented.SegmentedRaftLogCache (AutoCloseableReadWriteLock.java:logLocking(65)) - s0@group-EF46AB43B6D1: readLock ACQUIRED 1 by SegmentedRaftLogCache.getStartIndex
2022-07-14 15:51:54,647 [s0@group-EF46AB43B6D1-LeaderStateImpl] TRACE segmented.SegmentedRaftLogCache (AutoCloseableReadWriteLock.java:logLocking(65)) -   s0@group-EF46AB43B6D1: readLock ACQUIRED 2 by SegmentedRaftLogCache$LogSegmentList.isEmpty
2022-07-14 15:51:54,647 [s0@group-EF46AB43B6D1-LeaderStateImpl] TRACE segmented.SegmentedRaftLogCache (AutoCloseableReadWriteLock.java:logLocking(65)) -   s0@group-EF46AB43B6D1: readLock RELEASED 1 by SegmentedRaftLogCache$LogSegmentList.isEmpty
2022-07-14 15:51:54,647 [s0@group-EF46AB43B6D1-LeaderStateImpl] TRACE segmented.SegmentedRaftLogCache (AutoCloseableReadWriteLock.java:logLocking(65)) - s0@group-EF46AB43B6D1: readLock RELEASED 0 by SegmentedRaftLogCache.getStartIndex
2022-07-14 15:51:54,647 [s0@group-EF46AB43B6D1-LeaderStateImpl] TRACE segmented.SegmentedRaftLogCache (AutoCloseableReadWriteLock.java:logLocking(65)) - s0@group-EF46AB43B6D1: readLock ACQUIRED 1 by SegmentedRaftLogCache.getEndIndex
2022-07-14 15:51:54,647 [s0@group-EF46AB43B6D1-LeaderStateImpl] TRACE segmented.SegmentedRaftLogCache (AutoCloseableReadWriteLock.java:logLocking(65)) - s0@group-EF46AB43B6D1: readLock RELEASED 0 by SegmentedRaftLogCache.getEndIndex
2022-07-14 15:51:54,647 [s0@group-EF46AB43B6D1-LeaderStateImpl] TRACE segmented.SegmentedRaftLogCache (AutoCloseableReadWriteLock.java:logLocking(65)) - s0@group-EF46AB43B6D1: readLock ACQUIRED 1 by SegmentedRaftLogCache$LogSegmentList.getTermIndex
2022-07-14 15:51:54,647 [s0@group-EF46AB43B6D1-LeaderStateImpl] TRACE segmented.SegmentedRaftLogCache (AutoCloseableReadWriteLock.java:logLocking(65)) - s0@group-EF46AB43B6D1: readLock RELEASED 0 by SegmentedRaftLogCache$LogSegmentList.getTermIndex
2022-07-14 15:51:54,647 [s0@group-EF46AB43B6D1-StateMachineUpdater] INFO  statemachine.SimpleStateMachine4Testing (SimpleStateMachine4Testing.java:put(204)) - s0: put 199, m99 -> (t:1, i:199), STATEMACHINELOGENTRY, 270@client-64B90517F321
2022-07-14 15:51:54,649 [s0-client-thread1] INFO  statemachine.SimpleStateMachine4Testing (SimpleStateMachine4Testing.java:query(344)) - query m99
2022-07-14 15:51:54,650 [Time-limited test] INFO  server.RaftServer (RaftServerProxy.java:lambda$close$6(401)) - s0: close
2022-07-14 15:51:54,650 [Time-limited test] INFO  server.RaftServer$Division (RaftServerImpl.java:lambda$close$4(437)) - s0@group-EF46AB43B6D1: shutdown
2022-07-14 15:51:54,651 [Time-limited test] INFO  util.JmxRegister (JmxRegister.java:unregister(73)) - Successfully un-registered JMX Bean with object name Ratis:service=RaftServer,group=group-EF46AB43B6D1,id=s0
2022-07-14 15:51:54,651 [Time-limited test] INFO  impl.RoleInfo (RoleInfo.java:shutdownLeaderState(93)) - s0: shutdown s0@group-EF46AB43B6D1-LeaderStateImpl
2022-07-14 15:51:54,651 [Time-limited test] INFO  impl.PendingRequests (PendingRequests.java:sendNotLeaderResponses(282)) - s0@group-EF46AB43B6D1-PendingRequests: sendNotLeaderResponses
2022-07-14 15:51:54,652 [Time-limited test] INFO  impl.StateMachineUpdater (StateMachineUpdater.java:stopAndJoin(153)) - s0@group-EF46AB43B6D1-StateMachineUpdater: set stopIndex = 199
2022-07-14 15:51:54,652 [Time-limited test] INFO  server.RaftServer$Division (ServerState.java:close(456)) - s0@group-EF46AB43B6D1: closes. applyIndex: 199
2022-07-14 15:51:54,652 [s0@group-EF46AB43B6D1-LeaderStateImpl] TRACE segmented.SegmentedRaftLogCache (AutoCloseableReadWriteLock.java:logLocking(65)) - s0@group-EF46AB43B6D1: readLock ACQUIRED 1 by SegmentedRaftLogCache.getLastTermIndex
2022-07-14 15:51:54,652 [s0@group-EF46AB43B6D1-LeaderStateImpl] TRACE segmented.SegmentedRaftLogCache (AutoCloseableReadWriteLock.java:logLocking(65)) - s0@group-EF46AB43B6D1: readLock RELEASED 0 by SegmentedRaftLogCache.getLastTermIndex
2022-07-14 15:51:54,652 [s0@group-EF46AB43B6D1-LeaderStateImpl] TRACE segmented.SegmentedRaftLogCache (AutoCloseableReadWriteLock.java:logLocking(65)) - s0@group-EF46AB43B6D1: readLock ACQUIRED 1 by SegmentedRaftLogCache$LogSegmentList.countCached
2022-07-14 15:51:54,652 [s0@group-EF46AB43B6D1-LeaderStateImpl] TRACE segmented.SegmentedRaftLogCache (AutoCloseableReadWriteLock.java:logLocking(65)) - s0@group-EF46AB43B6D1: readLock RELEASED 0 by SegmentedRaftLogCache$LogSegmentList.countCached
2022-07-14 15:51:54,653 [s0@group-EF46AB43B6D1-LeaderStateImpl] TRACE segmented.SegmentedRaftLogCache (AutoCloseableReadWriteLock.java:logLocking(65)) - s0@group-EF46AB43B6D1: readLock ACQUIRED 1 by SegmentedRaftLogCache$LogSegmentList.getTotalCacheSize
2022-07-14 15:51:54,653 [s0@group-EF46AB43B6D1-LeaderStateImpl] TRACE segmented.SegmentedRaftLogCache (AutoCloseableReadWriteLock.java:logLocking(65)) - s0@group-EF46AB43B6D1: readLock RELEASED 0 by SegmentedRaftLogCache$LogSegmentList.getTotalCacheSize
2022-07-14 15:51:54,653 [s0@group-EF46AB43B6D1-LeaderStateImpl] DEBUG segmented.SegmentedRaftLogWorker (SegmentedRaftLogWorker.java:addIOTask(270)) - s0@group-EF46AB43B6D1-SegmentedRaftLogWorker adds IO task WriteLog:200: (t:1, i:200), METADATAENTRY(c:199)
2022-07-14 15:51:54,653 [s0@group-EF46AB43B6D1-SegmentedRaftLogWorker] DEBUG segmented.SegmentedRaftLogWorker (SegmentedRaftLogWorker.java:flushIfNecessary(365)) - s0@group-EF46AB43B6D1-SegmentedRaftLogWorker: flush SegmentedRaftLogOutputStream(/home/runner/work/ratis/ratis/ratis-test/target/test/data/7931f2a6/MiniRaftClusterWithGrpc6c3cfa42/s0/d33854d5-690d-4a13-9a9e-ef46ab43b6d1/current/log_inprogress_0)
2022-07-14 15:51:54,653 [Time-limited test] TRACE segmented.SegmentedRaftLogCache (SegmentedRaftLogCache.java:clearOpenSegment(456)) - s0@group-EF46AB43B6D1-SegmentedRaftLogCache: clearOpenSegment log_inprogress_0
2022-07-14 15:51:54,653 [Time-limited test] TRACE segmented.SegmentedRaftLogCache (AutoCloseableReadWriteLock.java:logLocking(65)) - s0@group-EF46AB43B6D1: writeLock ACQUIRED 1 by SegmentedRaftLogCache$LogSegmentList.clear
2022-07-14 15:51:54,653 [Time-limited test] TRACE segmented.SegmentedRaftLogCache (AutoCloseableReadWriteLock.java:logLocking(65)) - s0@group-EF46AB43B6D1: writeLock RELEASED 0 by SegmentedRaftLogCache$LogSegmentList.clear
2022-07-14 15:51:54,653 [s0@group-EF46AB43B6D1-SegmentedRaftLogWorker] INFO  segmented.SegmentedRaftLogWorker (SegmentedRaftLogWorker.java:run(336)) - s0@group-EF46AB43B6D1-SegmentedRaftLogWorker was interrupted, exiting. There are 0 tasks remaining in the queue.
2022-07-14 15:51:54,653 [Time-limited test] INFO  segmented.SegmentedRaftLogWorker (SegmentedRaftLogWorker.java:close(246)) - s0@group-EF46AB43B6D1-SegmentedRaftLogWorker close()
2022-07-14 15:51:54,654 [Time-limited test] INFO  server.GrpcService (GrpcService.java:closeImpl(269)) - s0: shutdown server with port 43475 now
2022-07-14 15:51:54,654 [Time-limited test] INFO  server.GrpcService (GrpcService.java:closeImpl(278)) - s0: shutdown server with port 43475 successfully
2022-07-14 15:51:54,654 [Time-limited test] INFO  server.GrpcService (GrpcService.java:closeImpl(269)) - s0: shutdown server with port 45325 now
2022-07-14 15:51:54,654 [Time-limited test] INFO  server.GrpcService (GrpcService.java:closeImpl(278)) - s0: shutdown server with port 45325 successfully
2022-07-14 15:51:54,654 [Time-limited test] INFO  server.GrpcService (GrpcService.java:closeImpl(269)) - s0: shutdown server with port 34737 now
2022-07-14 15:51:54,655 [Time-limited test] INFO  server.GrpcService (GrpcService.java:closeImpl(278)) - s0: shutdown server with port 34737 successfully
2022-07-14 15:51:54,655 [org.apache.ratis.util.JvmPauseMonitor$$Lambda$286/2097283891@3fefd0b6] INFO  util.JvmPauseMonitor (JvmPauseMonitor.java:run(109)) - JvmPauseMonitor-s0: Stopped
2022-07-14 15:51:54,661 [Time-limited test] INFO  impl.MiniRaftCluster (MiniRaftCluster.java:killServer(487)) - killServer s0
2022-07-14 15:51:54,661 [Time-limited test] INFO  impl.MiniRaftCluster (MiniRaftCluster.java:newRaftServer(348)) - newRaftServer: s0, group-EF46AB43B6D1:[s0|rpc:localhost:43475|admin:localhost:45325|client:localhost:34737|dataStream:localhost:45327|priority:0], format? false
2022-07-14 15:51:54,662 [Time-limited test] INFO  server.RaftServer (ConfUtils.java:logGet(46)) - raft.rpc.type = GRPC (default)
2022-07-14 15:51:54,662 [Time-limited test] INFO  grpc.GrpcConfigKeys (ConfUtils.java:logGet(46)) - raft.grpc.admin.port = 45325 (custom)
2022-07-14 15:51:54,662 [Time-limited test] INFO  grpc.GrpcConfigKeys (ConfUtils.java:logGet(46)) - raft.grpc.client.port = 34737 (custom)
2022-07-14 15:51:54,662 [Time-limited test] INFO  grpc.GrpcConfigKeys (ConfUtils.java:logGet(46)) - raft.grpc.server.port = 43475 (custom)
2022-07-14 15:51:54,662 [Time-limited test] INFO  server.GrpcService (ConfUtils.java:logGet(46)) - raft.grpc.message.size.max = 64MB (=67108864) (default)
2022-07-14 15:51:54,662 [Time-limited test] INFO  server.RaftServerConfigKeys (ConfUtils.java:logGet(46)) - raft.server.log.appender.buffer.byte-limit = 4MB (=4194304) (default)
2022-07-14 15:51:54,663 [Time-limited test] INFO  server.GrpcService (ConfUtils.java:logGet(46)) - raft.grpc.flow.control.window = 1MB (=1048576) (default)
2022-07-14 15:51:54,663 [Time-limited test] INFO  server.RaftServerConfigKeys (ConfUtils.java:logGet(46)) - raft.server.rpc.request.timeout = 3000ms (default)
2022-07-14 15:51:54,663 [Time-limited test] INFO  grpc.GrpcConfigKeys (ConfUtils.java:logGet(46)) - raft.grpc.server.async.request.thread.pool.cached = true (default)
2022-07-14 15:51:54,663 [Time-limited test] INFO  grpc.GrpcConfigKeys (ConfUtils.java:logGet(46)) - raft.grpc.server.async.request.thread.pool.size = 32 (default)
2022-07-14 15:51:54,664 [Time-limited test] INFO  impl.DataStreamServerImpl (ConfUtils.java:logGet(46)) - raft.datastream.type = DISABLED (default)
2022-07-14 15:51:54,664 [Time-limited test] INFO  server.RaftServerConfigKeys (ConfUtils.java:logGet(46)) - raft.server.threadpool.proxy.cached = true (default)
2022-07-14 15:51:54,664 [Time-limited test] INFO  server.RaftServerConfigKeys (ConfUtils.java:logGet(46)) - raft.server.threadpool.proxy.size = 0 (default)
2022-07-14 15:51:54,664 [Time-limited test] INFO  server.RaftServerConfigKeys (ConfUtils.java:logGet(46)) - raft.server.rpc.slowness.timeout = 60s (default)
2022-07-14 15:51:54,664 [Time-limited test] INFO  server.RaftServerConfigKeys (ConfUtils.java:logGet(46)) - raft.server.leaderelection.leader.step-down.wait-time = 10s (default)
2022-07-14 15:51:54,664 [Time-limited test] INFO  server.RaftServerConfigKeys (ConfUtils.java:logGet(46)) - raft.server.storage.dir = [/home/runner/work/ratis/ratis/ratis-test/target/test/data/7931f2a6/MiniRaftClusterWithGrpc6c3cfa42/s0] (custom)
2022-07-14 15:51:54,667 [s0-impl-thread1] INFO  server.RaftServer (RaftServerProxy.java:initGroupDir(247)) - s0: found a subdirectory /home/runner/work/ratis/ratis/ratis-test/target/test/data/7931f2a6/MiniRaftClusterWithGrpc6c3cfa42/s0/d33854d5-690d-4a13-9a9e-ef46ab43b6d1
2022-07-14 15:51:54,667 [Time-limited test] INFO  server.RaftServer (RaftServerProxy.java:addNew(96)) - s0: addNew group-EF46AB43B6D1:[s0|rpc:localhost:43475|admin:localhost:45325|client:localhost:34737|dataStream:localhost:45327|priority:0] returns group-EF46AB43B6D1:java.util.concurrent.CompletableFuture@514d5ce[Not completed]
2022-07-14 15:51:54,668 [pool-52-thread-1] INFO  server.RaftServerConfigKeys (ConfUtils.java:logGet(46)) - raft.server.log.segment.size.max = 8MB (=8388608) (default)
2022-07-14 15:51:54,668 [pool-52-thread-1] INFO  server.RaftServerConfigKeys (ConfUtils.java:logGet(46)) - raft.server.log.preallocated.size = 4MB (=4194304) (default)
2022-07-14 15:51:54,668 [pool-52-thread-1] INFO  server.RaftServerConfigKeys (ConfUtils.java:logGet(46)) - raft.server.log.write.buffer.size = 64KB (=65536) (default)
2022-07-14 15:51:54,668 [pool-52-thread-1] INFO  server.RaftServer$Division (RaftServerImpl.java:<init>(191)) - s0: new RaftServerImpl for group-EF46AB43B6D1:[s0|rpc:localhost:43475|admin:localhost:45325|client:localhost:34737|dataStream:localhost:45327|priority:0] with SimpleStateMachine4Testing:uninitialized
2022-07-14 15:51:54,668 [pool-52-thread-1] INFO  server.RaftServerConfigKeys (ConfUtils.java:logGet(46)) - raft.server.rpc.timeout.min = 150ms (default)
2022-07-14 15:51:54,668 [pool-52-thread-1] INFO  server.RaftServerConfigKeys (ConfUtils.java:logGet(46)) - raft.server.rpc.timeout.max = 300ms (default)
2022-07-14 15:51:54,668 [pool-52-thread-1] INFO  server.RaftServerConfigKeys (ConfUtils.java:logGet(46)) - raft.server.rpc.sleep.time = 25ms (default)
2022-07-14 15:51:54,668 [pool-52-thread-1] INFO  server.RaftServerConfigKeys (ConfUtils.java:logGet(46)) - raft.server.rpc.slowness.timeout = 60s (default)
2022-07-14 15:51:54,668 [pool-52-thread-1] INFO  server.RaftServerConfigKeys (ConfUtils.java:logGet(46)) - raft.server.leaderelection.leader.step-down.wait-time = 10s (default)
2022-07-14 15:51:54,668 [pool-52-thread-1] INFO  server.RaftServerConfigKeys (ConfUtils.java:logGet(46)) - raft.server.sleep.deviation.threshold = 300ms (default)
2022-07-14 15:51:54,668 [pool-52-thread-1] INFO  server.RaftServer$Division (ServerState.java:<init>(109)) - s0@group-EF46AB43B6D1: ConfigurationManager, init=-1: [s0|rpc:localhost:43475|admin:localhost:45325|client:localhost:34737|dataStream:localhost:45327|priority:0], old=null, confs=<EMPTY_MAP>
2022-07-14 15:51:54,668 [pool-52-thread-1] INFO  server.RaftServerConfigKeys (ConfUtils.java:logGet(46)) - raft.server.storage.dir = [/home/runner/work/ratis/ratis/ratis-test/target/test/data/7931f2a6/MiniRaftClusterWithGrpc6c3cfa42/s0] (custom)
2022-07-14 15:51:54,668 [pool-52-thread-1] INFO  server.RaftServerConfigKeys (ConfUtils.java:logGet(46)) - raft.server.log.corruption.policy = EXCEPTION (default)
2022-07-14 15:51:54,669 [pool-52-thread-1] INFO  server.RaftServerConfigKeys (ConfUtils.java:logGet(46)) - raft.server.storage.free-space.min = 0MB (=0) (default)
2022-07-14 15:51:54,669 [pool-52-thread-1] INFO  server.RaftServerConfigKeys (ConfUtils.java:logGet(46)) - raft.server.notification.no-leader.timeout = 60s (default)
2022-07-14 15:51:54,669 [pool-52-thread-1] INFO  server.RaftServerConfigKeys (ConfUtils.java:logGet(46)) - raft.server.retrycache.expirytime = 60s (default)
2022-07-14 15:51:54,669 [pool-52-thread-1] INFO  server.RaftServerConfigKeys (ConfUtils.java:logGet(46)) - raft.server.retrycache.statistics.expirytime = 100μs (default)
2022-07-14 15:51:54,669 [pool-52-thread-1] INFO  server.RaftServerConfigKeys (ConfUtils.java:logGet(46)) - raft.server.log.appender.install.snapshot.enabled = true (default)
2022-07-14 15:51:54,669 [pool-52-thread-1] INFO  server.RaftServerConfigKeys (ConfUtils.java:logGet(46)) - raft.server.threadpool.server.cached = true (default)
2022-07-14 15:51:54,669 [pool-52-thread-1] INFO  server.RaftServerConfigKeys (ConfUtils.java:logGet(46)) - raft.server.threadpool.server.size = 0 (default)
2022-07-14 15:51:54,669 [pool-52-thread-1] INFO  server.RaftServerConfigKeys (ConfUtils.java:logGet(46)) - raft.server.threadpool.client.cached = true (default)
2022-07-14 15:51:54,669 [pool-52-thread-1] INFO  server.RaftServerConfigKeys (ConfUtils.java:logGet(46)) - raft.server.threadpool.client.size = 0 (default)
2022-07-14 15:51:54,670 [s0-impl-thread1] INFO  storage.RaftStorageDirectory (RaftStorageDirectoryImpl.java:tryLock(231)) - Lock on /home/runner/work/ratis/ratis/ratis-test/target/test/data/7931f2a6/MiniRaftClusterWithGrpc6c3cfa42/s0/d33854d5-690d-4a13-9a9e-ef46ab43b6d1/in_use.lock acquired by nodename 2870@fv-az19-88.qshv2cuglvnexe3d5dxh0psqja.cx.internal.cloudapp.net
2022-07-14 15:51:54,670 [s0-impl-thread1] INFO  storage.RaftStorage (RaftStorageImpl.java:analyzeAndRecoverStorage(117)) - Read RaftStorageMetadata{term=1, votedFor=s0} from /home/runner/work/ratis/ratis/ratis-test/target/test/data/7931f2a6/MiniRaftClusterWithGrpc6c3cfa42/s0/d33854d5-690d-4a13-9a9e-ef46ab43b6d1/current/raft-meta
2022-07-14 15:51:54,671 [s0-impl-thread1] INFO  server.RaftServer$Division (ServerState.java:setRaftConf(420)) - s0@group-EF46AB43B6D1: set configuration 0: [s0|rpc:localhost:43475|admin:localhost:45325|client:localhost:34737|dataStream:localhost:45327|priority:0], old=null
2022-07-14 15:51:54,671 [s0-impl-thread1] INFO  statemachine.SimpleStateMachine4Testing (SimpleStateMachine4Testing.java:initialize(212)) - Initializing SimpleStateMachine4Testing:uninitialized
2022-07-14 15:51:54,671 [s0-impl-thread1] INFO  statemachine.SimpleStateMachine4Testing (SimpleStateMachine4Testing.java:loadSnapshot(306)) - The snapshot file null does not exist
2022-07-14 15:51:54,671 [s0-impl-thread1] INFO  server.RaftServerConfigKeys (ConfUtils.java:logGet(46)) - raft.server.log.use.memory = false (default)
2022-07-14 15:51:54,671 [s0-impl-thread1] INFO  server.RaftServerConfigKeys (ConfUtils.java:logGet(46)) - raft.server.log.purge.gap = 1024 (default)
2022-07-14 15:51:54,671 [s0-impl-thread1] INFO  server.RaftServerConfigKeys (ConfUtils.java:logGet(46)) - raft.server.log.appender.buffer.byte-limit = 4MB (=4194304) (default)
2022-07-14 15:51:54,671 [s0-impl-thread1] INFO  server.RaftServerConfigKeys (ConfUtils.java:logGet(46)) - raft.server.log.statemachine.data.read.timeout = 1000ms (default)
2022-07-14 15:51:54,671 [s0-impl-thread1] INFO  server.RaftServerConfigKeys (ConfUtils.java:logGet(46)) - raft.server.log.segment.size.max = 8KB (=8192) (custom)
2022-07-14 15:51:54,671 [s0-impl-thread1] INFO  server.RaftServerConfigKeys (ConfUtils.java:logGet(46)) - raft.server.log.segment.cache.num.max = 6 (default)
2022-07-14 15:51:54,671 [s0-impl-thread1] INFO  server.RaftServerConfigKeys (ConfUtils.java:logGet(46)) - raft.server.log.segment.cache.size.max = 200MB (=209715200) (default)
2022-07-14 15:51:54,671 [s0-impl-thread1] INFO  segmented.SegmentedRaftLogWorker (SegmentedRaftLogWorker.java:<init>(187)) - new s0@group-EF46AB43B6D1-SegmentedRaftLogWorker for RaftStorageImpl:Storage Directory /home/runner/work/ratis/ratis/ratis-test/target/test/data/7931f2a6/MiniRaftClusterWithGrpc6c3cfa42/s0/d33854d5-690d-4a13-9a9e-ef46ab43b6d1
2022-07-14 15:51:54,671 [s0-impl-thread1] INFO  server.RaftServerConfigKeys (ConfUtils.java:logGet(46)) - raft.server.log.queue.byte-limit = 64MB (=67108864) (default)
2022-07-14 15:51:54,671 [s0-impl-thread1] INFO  server.RaftServerConfigKeys (ConfUtils.java:logGet(46)) - raft.server.log.queue.element-limit = 4096 (default)
2022-07-14 15:51:54,671 [s0-impl-thread1] INFO  server.RaftServerConfigKeys (ConfUtils.java:logGet(46)) - raft.server.log.segment.size.max = 8KB (=8192) (custom)
2022-07-14 15:51:54,671 [s0-impl-thread1] INFO  server.RaftServerConfigKeys (ConfUtils.java:logGet(46)) - raft.server.log.preallocated.size = 4MB (=4194304) (default)
2022-07-14 15:51:54,671 [s0-impl-thread1] INFO  server.RaftServerConfigKeys (ConfUtils.java:logGet(46)) - raft.server.log.force.sync.num = 128 (default)
2022-07-14 15:51:54,672 [s0-impl-thread1] INFO  server.RaftServerConfigKeys (ConfUtils.java:logGet(46)) - raft.server.log.statemachine.data.sync = true (default)
2022-07-14 15:51:54,672 [s0-impl-thread1] INFO  server.RaftServerConfigKeys (ConfUtils.java:logGet(46)) - raft.server.log.statemachine.data.sync.timeout = 10s (default)
2022-07-14 15:51:54,672 [s0-impl-thread1] INFO  server.RaftServerConfigKeys (ConfUtils.java:logGet(46)) - raft.server.log.statemachine.data.sync.timeout.retry = -1 (default)
2022-07-14 15:51:54,672 [s0-impl-thread1] INFO  server.RaftServerConfigKeys (ConfUtils.java:logGet(46)) - raft.server.log.write.buffer.size = 64KB (=65536) (default)
2022-07-14 15:51:54,672 [s0-impl-thread1] INFO  server.RaftServerConfigKeys (ConfUtils.java:logGet(46)) - raft.server.log.unsafe-flush.enabled = false (default)
2022-07-14 15:51:54,672 [s0-impl-thread1] INFO  server.RaftServerConfigKeys (ConfUtils.java:logGet(46)) - raft.server.log.statemachine.data.caching.enabled = false (default)
2022-07-14 15:51:54,672 [s0-impl-thread1] INFO  server.RaftServer$Division (ServerState.java:setRaftConf(420)) - s0@group-EF46AB43B6D1: set configuration 0: [s0|rpc:localhost:43475|admin:localhost:45325|client:localhost:34737|dataStream:localhost:45327|priority:0], old=null
2022-07-14 15:51:54,674 [s0-impl-thread1] INFO  segmented.LogSegment (LogSegment.java:loadSegment(173)) - Successfully read 132 entries from segment file /home/runner/work/ratis/ratis/ratis-test/target/test/data/7931f2a6/MiniRaftClusterWithGrpc6c3cfa42/s0/d33854d5-690d-4a13-9a9e-ef46ab43b6d1/current/log_inprogress_0
2022-07-14 15:51:54,674 [s0-impl-thread1] TRACE util.FileUtils (LogUtils.java:runAndLog(49)) - Successfully ran FileOutputStream.getChannel().truncate /home/runner/work/ratis/ratis/ratis-test/target/test/data/7931f2a6/MiniRaftClusterWithGrpc6c3cfa42/s0/d33854d5-690d-4a13-9a9e-ef46ab43b6d1/current/log_inprogress_0 length: 7275 -> 3637
2022-07-14 15:51:54,674 [s0-impl-thread1] TRACE segmented.SegmentedRaftLogCache (AutoCloseableReadWriteLock.java:logLocking(65)) - s0@group-EF46AB43B6D1: readLock ACQUIRED 1 by SegmentedRaftLogCache$LogSegmentList.getLast
2022-07-14 15:51:54,674 [s0-impl-thread1] TRACE segmented.SegmentedRaftLogCache (AutoCloseableReadWriteLock.java:logLocking(65)) - s0@group-EF46AB43B6D1: readLock RELEASED 0 by SegmentedRaftLogCache$LogSegmentList.getLast
2022-07-14 15:51:54,674 [s0-impl-thread1] TRACE segmented.SegmentedRaftLogCache (SegmentedRaftLogCache.java:setOpenSegment(450)) - s0@group-EF46AB43B6D1-SegmentedRaftLogCache: setOpenSegment to log_inprogress_0
2022-07-14 15:51:54,674 [s0-impl-thread1] TRACE segmented.SegmentedRaftLogCache (AutoCloseableReadWriteLock.java:logLocking(65)) - s0@group-EF46AB43B6D1: readLock ACQUIRED 1 by SegmentedRaftLogCache$LogSegmentList.isEmpty
2022-07-14 15:51:54,674 [s0-impl-thread1] TRACE segmented.SegmentedRaftLogCache (AutoCloseableReadWriteLock.java:logLocking(65)) - s0@group-EF46AB43B6D1: readLock RELEASED 0 by SegmentedRaftLogCache$LogSegmentList.isEmpty
2022-07-14 15:51:54,674 [s0-impl-thread1] TRACE segmented.SegmentedRaftLogCache (AutoCloseableReadWriteLock.java:logLocking(65)) - s0@group-EF46AB43B6D1: readLock ACQUIRED 1 by SegmentedRaftLogCache.getEndIndex
2022-07-14 15:51:54,674 [s0-impl-thread1] TRACE segmented.SegmentedRaftLogCache (AutoCloseableReadWriteLock.java:logLocking(65)) - s0@group-EF46AB43B6D1: readLock RELEASED 0 by SegmentedRaftLogCache.getEndIndex
2022-07-14 15:51:54,674 [s0-impl-thread1] TRACE segmented.SegmentedRaftLogCache (AutoCloseableReadWriteLock.java:logLocking(65)) - s0@group-EF46AB43B6D1: readLock ACQUIRED 1 by SegmentedRaftLogCache.getEndIndex
2022-07-14 15:51:54,674 [s0-impl-thread1] TRACE segmented.SegmentedRaftLogCache (AutoCloseableReadWriteLock.java:logLocking(65)) - s0@group-EF46AB43B6D1: readLock RELEASED 0 by SegmentedRaftLogCache.getEndIndex
2022-07-14 15:51:54,674 [s0-impl-thread1] TRACE segmented.SegmentedRaftLogCache (AutoCloseableReadWriteLock.java:logLocking(65)) - s0@group-EF46AB43B6D1: readLock ACQUIRED 1 by SegmentedRaftLogCache.getLastIndexInClosedSegments
2022-07-14 15:51:54,674 [s0-impl-thread1] TRACE segmented.SegmentedRaftLogCache (AutoCloseableReadWriteLock.java:logLocking(65)) -   s0@group-EF46AB43B6D1: readLock ACQUIRED 2 by SegmentedRaftLogCache$LogSegmentList.isEmpty
2022-07-14 15:51:54,674 [s0-impl-thread1] TRACE segmented.SegmentedRaftLogCache (AutoCloseableReadWriteLock.java:logLocking(65)) -   s0@group-EF46AB43B6D1: readLock RELEASED 1 by SegmentedRaftLogCache$LogSegmentList.isEmpty
2022-07-14 15:51:54,674 [s0-impl-thread1] TRACE segmented.SegmentedRaftLogCache (AutoCloseableReadWriteLock.java:logLocking(65)) - s0@group-EF46AB43B6D1: readLock RELEASED 0 by SegmentedRaftLogCache.getLastIndexInClosedSegments
2022-07-14 15:51:54,674 [s0-impl-thread1] INFO  segmented.SegmentedRaftLogWorker (SegmentedRaftLogWorker.java:lambda$new$0(135)) - s0@group-EF46AB43B6D1-SegmentedRaftLogWorker: flushIndex: setUnconditionally 0 -> 131
2022-07-14 15:51:54,674 [s0-impl-thread1] INFO  segmented.SegmentedRaftLogWorker (SegmentedRaftLogWorker.java:lambda$new$0(135)) - s0@group-EF46AB43B6D1-SegmentedRaftLogWorker: safeCacheEvictIndex: setUnconditionally 0 -> -1
2022-07-14 15:51:54,675 [s0-impl-thread1] INFO  raftlog.RaftLog (RaftLogBase.java:lambda$new$0(53)) - s0@group-EF46AB43B6D1-SegmentedRaftLog: commitIndex: updateToMax old=-1, new=129, updated? true
2022-07-14 15:51:54,675 [s0-impl-thread1] TRACE segmented.SegmentedRaftLogCache (AutoCloseableReadWriteLock.java:logLocking(65)) - s0@group-EF46AB43B6D1: readLock ACQUIRED 1 by SegmentedRaftLogCache.getStartIndex
2022-07-14 15:51:54,675 [s0-impl-thread1] TRACE segmented.SegmentedRaftLogCache (AutoCloseableReadWriteLock.java:logLocking(65)) -   s0@group-EF46AB43B6D1: readLock ACQUIRED 2 by SegmentedRaftLogCache$LogSegmentList.isEmpty
2022-07-14 15:51:54,675 [s0-impl-thread1] TRACE segmented.SegmentedRaftLogCache (AutoCloseableReadWriteLock.java:logLocking(65)) -   s0@group-EF46AB43B6D1: readLock RELEASED 1 by SegmentedRaftLogCache$LogSegmentList.isEmpty
2022-07-14 15:51:54,675 [s0-impl-thread1] TRACE segmented.SegmentedRaftLogCache (AutoCloseableReadWriteLock.java:logLocking(65)) - s0@group-EF46AB43B6D1: readLock RELEASED 0 by SegmentedRaftLogCache.getStartIndex
2022-07-14 15:51:54,675 [s0-impl-thread1] INFO  server.RaftServer$Division (RaftServerImpl.java:start(313)) - s0@group-EF46AB43B6D1: start as a follower, conf=0: [s0|rpc:localhost:43475|admin:localhost:45325|client:localhost:34737|dataStream:localhost:45327|priority:0], old=null
2022-07-14 15:51:54,675 [s0-impl-thread1] INFO  server.RaftServer$Division (RaftServerImpl.java:setRole(300)) - s0@group-EF46AB43B6D1: changes role from      null to FOLLOWER at term 1 for startAsFollower
2022-07-14 15:51:54,675 [s0-impl-thread1] INFO  impl.RoleInfo (RoleInfo.java:updateAndGet(139)) - s0: start s0@group-EF46AB43B6D1-FollowerState
2022-07-14 15:51:54,681 [s0-impl-thread1] INFO  util.JmxRegister (JmxRegister.java:tryRegister(44)) - Successfully registered JMX Bean with object name Ratis:service=RaftServer,group=group-EF46AB43B6D1,id=s0
2022-07-14 15:51:54,681 [s0-impl-thread1] INFO  server.RaftServerConfigKeys (ConfUtils.java:logGet(46)) - raft.server.snapshot.auto.trigger.enabled = false (default)
2022-07-14 15:51:54,681 [s0-impl-thread1] INFO  server.RaftServerConfigKeys (ConfUtils.java:logGet(46)) - raft.server.snapshot.retention.file.num = -1 (default)
2022-07-14 15:51:54,682 [s0-impl-thread1] INFO  server.RaftServerConfigKeys (ConfUtils.java:logGet(46)) - raft.server.log.purge.upto.snapshot.index = false (default)
2022-07-14 15:51:54,682 [Time-limited test] INFO  server.RaftServer (RaftServerProxy.java:startImpl(385)) - s0: start RPC server
2022-07-14 15:51:54,682 [Time-limited test] INFO  server.GrpcService (GrpcService.java:startImpl(260)) - s0: GrpcService started, listening on 43475
2022-07-14 15:51:54,683 [Time-limited test] INFO  server.GrpcService (GrpcService.java:startImpl(260)) - s0: GrpcService started, listening on 45325
2022-07-14 15:51:54,683 [Time-limited test] INFO  server.GrpcService (GrpcService.java:startImpl(260)) - s0: GrpcService started, listening on 34737
2022-07-14 15:51:54,683 [s0@group-EF46AB43B6D1-StateMachineUpdater] INFO  statemachine.SimpleStateMachine4Testing (SimpleStateMachine4Testing.java:put(204)) - s0: put 1, m0 -> (t:1, i:1), STATEMACHINELOGENTRY, 171@client-64B90517F321
2022-07-14 15:51:54,684 [s0@group-EF46AB43B6D1-StateMachineUpdater] INFO  statemachine.SimpleStateMachine4Testing (SimpleStateMachine4Testing.java:put(204)) - s0: put 3, m1 -> (t:1, i:3), STATEMACHINELOGENTRY, 172@client-64B90517F321
2022-07-14 15:51:54,684 [s0@group-EF46AB43B6D1-StateMachineUpdater] INFO  statemachine.SimpleStateMachine4Testing (SimpleStateMachine4Testing.java:put(204)) - s0: put 5, m2 -> (t:1, i:5), STATEMACHINELOGENTRY, 173@client-64B90517F321
2022-07-14 15:51:54,684 [s0@group-EF46AB43B6D1-StateMachineUpdater] INFO  statemachine.SimpleStateMachine4Testing (SimpleStateMachine4Testing.java:put(204)) - s0: put 7, m3 -> (t:1, i:7), STATEMACHINELOGENTRY, 174@client-64B90517F321
2022-07-14 15:51:54,684 [s0@group-EF46AB43B6D1-StateMachineUpdater] INFO  statemachine.SimpleStateMachine4Testing (SimpleStateMachine4Testing.java:put(204)) - s0: put 9, m4 -> (t:1, i:9), STATEMACHINELOGENTRY, 175@client-64B90517F321
2022-07-14 15:51:54,684 [s0@group-EF46AB43B6D1-StateMachineUpdater] INFO  statemachine.SimpleStateMachine4Testing (SimpleStateMachine4Testing.java:put(204)) - s0: put 11, m5 -> (t:1, i:11), STATEMACHINELOGENTRY, 176@client-64B90517F321
2022-07-14 15:51:54,684 [s0@group-EF46AB43B6D1-StateMachineUpdater] INFO  statemachine.SimpleStateMachine4Testing (SimpleStateMachine4Testing.java:put(204)) - s0: put 13, m6 -> (t:1, i:13), STATEMACHINELOGENTRY, 177@client-64B90517F321
2022-07-14 15:51:54,684 [s0@group-EF46AB43B6D1-StateMachineUpdater] INFO  statemachine.SimpleStateMachine4Testing (SimpleStateMachine4Testing.java:put(204)) - s0: put 15, m7 -> (t:1, i:15), STATEMACHINELOGENTRY, 178@client-64B90517F321
2022-07-14 15:51:54,684 [s0@group-EF46AB43B6D1-StateMachineUpdater] INFO  statemachine.SimpleStateMachine4Testing (SimpleStateMachine4Testing.java:put(204)) - s0: put 17, m8 -> (t:1, i:17), STATEMACHINELOGENTRY, 179@client-64B90517F321
2022-07-14 15:51:54,685 [s0@group-EF46AB43B6D1-StateMachineUpdater] INFO  statemachine.SimpleStateMachine4Testing (SimpleStateMachine4Testing.java:put(204)) - s0: put 19, m9 -> (t:1, i:19), STATEMACHINELOGENTRY, 180@client-64B90517F321
2022-07-14 15:51:54,685 [s0@group-EF46AB43B6D1-StateMachineUpdater] INFO  statemachine.SimpleStateMachine4Testing (SimpleStateMachine4Testing.java:put(204)) - s0: put 21, m10 -> (t:1, i:21), STATEMACHINELOGENTRY, 181@client-64B90517F321
2022-07-14 15:51:54,685 [s0@group-EF46AB43B6D1-StateMachineUpdater] INFO  statemachine.SimpleStateMachine4Testing (SimpleStateMachine4Testing.java:put(204)) - s0: put 23, m11 -> (t:1, i:23), STATEMACHINELOGENTRY, 182@client-64B90517F321
2022-07-14 15:51:54,685 [s0@group-EF46AB43B6D1-StateMachineUpdater] INFO  statemachine.SimpleStateMachine4Testing (SimpleStateMachine4Testing.java:put(204)) - s0: put 25, m12 -> (t:1, i:25), STATEMACHINELOGENTRY, 183@client-64B90517F321
2022-07-14 15:51:54,687 [Time-limited test] INFO  grpc.TestServerRestartWithGrpc (BaseTest.java:testFailureCase(151)) - run 'last-entry-not-found'
2022-07-14 15:51:54,688 [s0@group-EF46AB43B6D1-StateMachineUpdater] INFO  statemachine.SimpleStateMachine4Testing (SimpleStateMachine4Testing.java:put(204)) - s0: put 27, m13 -> (t:1, i:27), STATEMACHINELOGENTRY, 184@client-64B90517F321
2022-07-14 15:51:54,688 [s0@group-EF46AB43B6D1-StateMachineUpdater] INFO  statemachine.SimpleStateMachine4Testing (SimpleStateMachine4Testing.java:put(204)) - s0: put 29, m14 -> (t:1, i:29), STATEMACHINELOGENTRY, 185@client-64B90517F321
2022-07-14 15:51:54,689 [org.apache.ratis.util.JvmPauseMonitor$$Lambda$286/2097283891@9e18db2] INFO  util.JvmPauseMonitor (JvmPauseMonitor.java:run(103)) - JvmPauseMonitor-s0: Started
2022-07-14 15:51:54,694 [s0@group-EF46AB43B6D1-StateMachineUpdater] INFO  statemachine.SimpleStateMachine4Testing (SimpleStateMachine4Testing.java:put(204)) - s0: put 31, m15 -> (t:1, i:31), STATEMACHINELOGENTRY, 186@client-64B90517F321
2022-07-14 15:51:54,696 [s0@group-EF46AB43B6D1-StateMachineUpdater] INFO  statemachine.SimpleStateMachine4Testing (SimpleStateMachine4Testing.java:put(204)) - s0: put 33, m16 -> (t:1, i:33), STATEMACHINELOGENTRY, 187@client-64B90517F321
2022-07-14 15:51:54,696 [s0@group-EF46AB43B6D1-StateMachineUpdater] INFO  statemachine.SimpleStateMachine4Testing (SimpleStateMachine4Testing.java:put(204)) - s0: put 35, m17 -> (t:1, i:35), STATEMACHINELOGENTRY, 188@client-64B90517F321
2022-07-14 15:51:54,696 [s0@group-EF46AB43B6D1-StateMachineUpdater] INFO  statemachine.SimpleStateMachine4Testing (SimpleStateMachine4Testing.java:put(204)) - s0: put 37, m18 -> (t:1, i:37), STATEMACHINELOGENTRY, 189@client-64B90517F321
2022-07-14 15:51:54,696 [s0@group-EF46AB43B6D1-StateMachineUpdater] INFO  statemachine.SimpleStateMachine4Testing (SimpleStateMachine4Testing.java:put(204)) - s0: put 39, m19 -> (t:1, i:39), STATEMACHINELOGENTRY, 190@client-64B90517F321
2022-07-14 15:51:54,696 [s0@group-EF46AB43B6D1-StateMachineUpdater] INFO  statemachine.SimpleStateMachine4Testing (SimpleStateMachine4Testing.java:put(204)) - s0: put 41, m20 -> (t:1, i:41), STATEMACHINELOGENTRY, 191@client-64B90517F321
2022-07-14 15:51:54,696 [s0@group-EF46AB43B6D1-StateMachineUpdater] INFO  statemachine.SimpleStateMachine4Testing (SimpleStateMachine4Testing.java:put(204)) - s0: put 43, m21 -> (t:1, i:43), STATEMACHINELOGENTRY, 192@client-64B90517F321
2022-07-14 15:51:54,696 [s0@group-EF46AB43B6D1-StateMachineUpdater] INFO  statemachine.SimpleStateMachine4Testing (SimpleStateMachine4Testing.java:put(204)) - s0: put 45, m22 -> (t:1, i:45), STATEMACHINELOGENTRY, 193@client-64B90517F321
2022-07-14 15:51:54,696 [s0@group-EF46AB43B6D1-StateMachineUpdater] INFO  statemachine.SimpleStateMachine4Testing (SimpleStateMachine4Testing.java:put(204)) - s0: put 47, m23 -> (t:1, i:47), STATEMACHINELOGENTRY, 194@client-64B90517F321
2022-07-14 15:51:54,697 [s0@group-EF46AB43B6D1-StateMachineUpdater] INFO  statemachine.SimpleStateMachine4Testing (SimpleStateMachine4Testing.java:put(204)) - s0: put 49, m24 -> (t:1, i:49), STATEMACHINELOGENTRY, 195@client-64B90517F321
2022-07-14 15:51:54,697 [s0@group-EF46AB43B6D1-StateMachineUpdater] INFO  statemachine.SimpleStateMachine4Testing (SimpleStateMachine4Testing.java:put(204)) - s0: put 51, m25 -> (t:1, i:51), STATEMACHINELOGENTRY, 196@client-64B90517F321
2022-07-14 15:51:54,699 [s0@group-EF46AB43B6D1-StateMachineUpdater] INFO  statemachine.SimpleStateMachine4Testing (SimpleStateMachine4Testing.java:put(204)) - s0: put 53, m26 -> (t:1, i:53), STATEMACHINELOGENTRY, 197@client-64B90517F321
2022-07-14 15:51:54,699 [s0@group-EF46AB43B6D1-StateMachineUpdater] INFO  statemachine.SimpleStateMachine4Testing (SimpleStateMachine4Testing.java:put(204)) - s0: put 55, m27 -> (t:1, i:55), STATEMACHINELOGENTRY, 198@client-64B90517F321
2022-07-14 15:51:54,699 [s0@group-EF46AB43B6D1-StateMachineUpdater] INFO  statemachine.SimpleStateMachine4Testing (SimpleStateMachine4Testing.java:put(204)) - s0: put 57, m28 -> (t:1, i:57), STATEMACHINELOGENTRY, 199@client-64B90517F321
2022-07-14 15:51:54,699 [s0@group-EF46AB43B6D1-StateMachineUpdater] INFO  statemachine.SimpleStateMachine4Testing (SimpleStateMachine4Testing.java:put(204)) - s0: put 59, m29 -> (t:1, i:59), STATEMACHINELOGENTRY, 200@client-64B90517F321
2022-07-14 15:51:54,699 [s0@group-EF46AB43B6D1-StateMachineUpdater] INFO  statemachine.SimpleStateMachine4Testing (SimpleStateMachine4Testing.java:put(204)) - s0: put 61, m30 -> (t:1, i:61), STATEMACHINELOGENTRY, 201@client-64B90517F321
2022-07-14 15:51:54,700 [s0@group-EF46AB43B6D1-StateMachineUpdater] INFO  statemachine.SimpleStateMachine4Testing (SimpleStateMachine4Testing.java:put(204)) - s0: put 63, m31 -> (t:1, i:63), STATEMACHINELOGENTRY, 202@client-64B90517F321
2022-07-14 15:51:54,700 [s0@group-EF46AB43B6D1-StateMachineUpdater] INFO  statemachine.SimpleStateMachine4Testing (SimpleStateMachine4Testing.java:put(204)) - s0: put 65, m32 -> (t:1, i:65), STATEMACHINELOGENTRY, 203@client-64B90517F321
2022-07-14 15:51:54,700 [s0@group-EF46AB43B6D1-StateMachineUpdater] INFO  statemachine.SimpleStateMachine4Testing (SimpleStateMachine4Testing.java:put(204)) - s0: put 67, m33 -> (t:1, i:67), STATEMACHINELOGENTRY, 204@client-64B90517F321
2022-07-14 15:51:54,700 [s0@group-EF46AB43B6D1-StateMachineUpdater] INFO  statemachine.SimpleStateMachine4Testing (SimpleStateMachine4Testing.java:put(204)) - s0: put 69, m34 -> (t:1, i:69), STATEMACHINELOGENTRY, 205@client-64B90517F321
2022-07-14 15:51:54,700 [s0@group-EF46AB43B6D1-StateMachineUpdater] INFO  statemachine.SimpleStateMachine4Testing (SimpleStateMachine4Testing.java:put(204)) - s0: put 71, m35 -> (t:1, i:71), STATEMACHINELOGENTRY, 206@client-64B90517F321
2022-07-14 15:51:54,700 [s0@group-EF46AB43B6D1-StateMachineUpdater] INFO  statemachine.SimpleStateMachine4Testing (SimpleStateMachine4Testing.java:put(204)) - s0: put 73, m36 -> (t:1, i:73), STATEMACHINELOGENTRY, 207@client-64B90517F321
2022-07-14 15:51:54,700 [s0@group-EF46AB43B6D1-StateMachineUpdater] INFO  statemachine.SimpleStateMachine4Testing (SimpleStateMachine4Testing.java:put(204)) - s0: put 75, m37 -> (t:1, i:75), STATEMACHINELOGENTRY, 208@client-64B90517F321
2022-07-14 15:51:54,700 [s0@group-EF46AB43B6D1-StateMachineUpdater] INFO  statemachine.SimpleStateMachine4Testing (SimpleStateMachine4Testing.java:put(204)) - s0: put 77, m38 -> (t:1, i:77), STATEMACHINELOGENTRY, 209@client-64B90517F321
2022-07-14 15:51:54,700 [s0@group-EF46AB43B6D1-StateMachineUpdater] INFO  statemachine.SimpleStateMachine4Testing (SimpleStateMachine4Testing.java:put(204)) - s0: put 79, m39 -> (t:1, i:79), STATEMACHINELOGENTRY, 210@client-64B90517F321
2022-07-14 15:51:54,701 [s0@group-EF46AB43B6D1-StateMachineUpdater] INFO  statemachine.SimpleStateMachine4Testing (SimpleStateMachine4Testing.java:put(204)) - s0: put 81, m40 -> (t:1, i:81), STATEMACHINELOGENTRY, 211@client-64B90517F321
2022-07-14 15:51:54,701 [s0@group-EF46AB43B6D1-StateMachineUpdater] INFO  statemachine.SimpleStateMachine4Testing (SimpleStateMachine4Testing.java:put(204)) - s0: put 83, m41 -> (t:1, i:83), STATEMACHINELOGENTRY, 212@client-64B90517F321
2022-07-14 15:51:54,701 [s0@group-EF46AB43B6D1-StateMachineUpdater] INFO  statemachine.SimpleStateMachine4Testing (SimpleStateMachine4Testing.java:put(204)) - s0: put 85, m42 -> (t:1, i:85), STATEMACHINELOGENTRY, 213@client-64B90517F321
2022-07-14 15:51:54,701 [s0@group-EF46AB43B6D1-StateMachineUpdater] INFO  statemachine.SimpleStateMachine4Testing (SimpleStateMachine4Testing.java:put(204)) - s0: put 87, m43 -> (t:1, i:87), STATEMACHINELOGENTRY, 214@client-64B90517F321
2022-07-14 15:51:54,701 [s0@group-EF46AB43B6D1-StateMachineUpdater] INFO  statemachine.SimpleStateMachine4Testing (SimpleStateMachine4Testing.java:put(204)) - s0: put 89, m44 -> (t:1, i:89), STATEMACHINELOGENTRY, 215@client-64B90517F321
2022-07-14 15:51:54,701 [s0@group-EF46AB43B6D1-StateMachineUpdater] INFO  statemachine.SimpleStateMachine4Testing (SimpleStateMachine4Testing.java:put(204)) - s0: put 91, m45 -> (t:1, i:91), STATEMACHINELOGENTRY, 216@client-64B90517F321
2022-07-14 15:51:54,701 [s0@group-EF46AB43B6D1-StateMachineUpdater] INFO  statemachine.SimpleStateMachine4Testing (SimpleStateMachine4Testing.java:put(204)) - s0: put 93, m46 -> (t:1, i:93), STATEMACHINELOGENTRY, 217@client-64B90517F321
2022-07-14 15:51:54,701 [s0@group-EF46AB43B6D1-StateMachineUpdater] INFO  statemachine.SimpleStateMachine4Testing (SimpleStateMachine4Testing.java:put(204)) - s0: put 95, m47 -> (t:1, i:95), STATEMACHINELOGENTRY, 218@client-64B90517F321
2022-07-14 15:51:54,701 [s0@group-EF46AB43B6D1-StateMachineUpdater] INFO  statemachine.SimpleStateMachine4Testing (SimpleStateMachine4Testing.java:put(204)) - s0: put 97, m48 -> (t:1, i:97), STATEMACHINELOGENTRY, 219@client-64B90517F321
2022-07-14 15:51:54,701 [s0@group-EF46AB43B6D1-StateMachineUpdater] INFO  statemachine.SimpleStateMachine4Testing (SimpleStateMachine4Testing.java:put(204)) - s0: put 99, m49 -> (t:1, i:99), STATEMACHINELOGENTRY, 220@client-64B90517F321
2022-07-14 15:51:54,701 [s0@group-EF46AB43B6D1-StateMachineUpdater] INFO  statemachine.SimpleStateMachine4Testing (SimpleStateMachine4Testing.java:put(204)) - s0: put 101, m50 -> (t:1, i:101), STATEMACHINELOGENTRY, 221@client-64B90517F321
2022-07-14 15:51:54,702 [s0@group-EF46AB43B6D1-StateMachineUpdater] INFO  statemachine.SimpleStateMachine4Testing (SimpleStateMachine4Testing.java:put(204)) - s0: put 103, m51 -> (t:1, i:103), STATEMACHINELOGENTRY, 222@client-64B90517F321
2022-07-14 15:51:54,702 [s0@group-EF46AB43B6D1-StateMachineUpdater] INFO  statemachine.SimpleStateMachine4Testing (SimpleStateMachine4Testing.java:put(204)) - s0: put 105, m52 -> (t:1, i:105), STATEMACHINELOGENTRY, 223@client-64B90517F321
2022-07-14 15:51:54,703 [s0@group-EF46AB43B6D1-StateMachineUpdater] INFO  statemachine.SimpleStateMachine4Testing (SimpleStateMachine4Testing.java:put(204)) - s0: put 107, m53 -> (t:1, i:107), STATEMACHINELOGENTRY, 224@client-64B90517F321
2022-07-14 15:51:54,703 [s0@group-EF46AB43B6D1-StateMachineUpdater] INFO  statemachine.SimpleStateMachine4Testing (SimpleStateMachine4Testing.java:put(204)) - s0: put 109, m54 -> (t:1, i:109), STATEMACHINELOGENTRY, 225@client-64B90517F321
2022-07-14 15:51:54,703 [s0@group-EF46AB43B6D1-StateMachineUpdater] INFO  statemachine.SimpleStateMachine4Testing (SimpleStateMachine4Testing.java:put(204)) - s0: put 111, m55 -> (t:1, i:111), STATEMACHINELOGENTRY, 226@client-64B90517F321
2022-07-14 15:51:54,703 [s0@group-EF46AB43B6D1-StateMachineUpdater] INFO  statemachine.SimpleStateMachine4Testing (SimpleStateMachine4Testing.java:put(204)) - s0: put 113, m56 -> (t:1, i:113), STATEMACHINELOGENTRY, 227@client-64B90517F321
2022-07-14 15:51:54,703 [s0@group-EF46AB43B6D1-StateMachineUpdater] INFO  statemachine.SimpleStateMachine4Testing (SimpleStateMachine4Testing.java:put(204)) - s0: put 115, m57 -> (t:1, i:115), STATEMACHINELOGENTRY, 228@client-64B90517F321
2022-07-14 15:51:54,703 [s0@group-EF46AB43B6D1-StateMachineUpdater] INFO  statemachine.SimpleStateMachine4Testing (SimpleStateMachine4Testing.java:put(204)) - s0: put 117, m58 -> (t:1, i:117), STATEMACHINELOGENTRY, 229@client-64B90517F321
2022-07-14 15:51:54,704 [s0@group-EF46AB43B6D1-StateMachineUpdater] INFO  statemachine.SimpleStateMachine4Testing (SimpleStateMachine4Testing.java:put(204)) - s0: put 119, m59 -> (t:1, i:119), STATEMACHINELOGENTRY, 230@client-64B90517F321
2022-07-14 15:51:54,704 [s0@group-EF46AB43B6D1-StateMachineUpdater] INFO  statemachine.SimpleStateMachine4Testing (SimpleStateMachine4Testing.java:put(204)) - s0: put 121, m60 -> (t:1, i:121), STATEMACHINELOGENTRY, 231@client-64B90517F321
2022-07-14 15:51:54,704 [s0@group-EF46AB43B6D1-StateMachineUpdater] INFO  statemachine.SimpleStateMachine4Testing (SimpleStateMachine4Testing.java:put(204)) - s0: put 123, m61 -> (t:1, i:123), STATEMACHINELOGENTRY, 232@client-64B90517F321
2022-07-14 15:51:54,704 [s0@group-EF46AB43B6D1-StateMachineUpdater] INFO  statemachine.SimpleStateMachine4Testing (SimpleStateMachine4Testing.java:put(204)) - s0: put 125, m62 -> (t:1, i:125), STATEMACHINELOGENTRY, 233@client-64B90517F321
2022-07-14 15:51:54,704 [s0@group-EF46AB43B6D1-StateMachineUpdater] INFO  statemachine.SimpleStateMachine4Testing (SimpleStateMachine4Testing.java:put(204)) - s0: put 127, m63 -> (t:1, i:127), STATEMACHINELOGENTRY, 234@client-64B90517F321
2022-07-14 15:51:54,704 [s0@group-EF46AB43B6D1-StateMachineUpdater] INFO  statemachine.SimpleStateMachine4Testing (SimpleStateMachine4Testing.java:put(204)) - s0: put 129, m64 -> (t:1, i:129), STATEMACHINELOGENTRY, 235@client-64B90517F321
2022-07-14 15:51:54,705 [null-request--thread1] INFO  server.GrpcClientProtocolService (GrpcClientProtocolService.java:lambda$processClientRequest$0(284)) - Failed RaftClientRequest:client-0248CA1A04A4->s0@group-EF46AB43B6D1, cid=272, seq=0, RO, Message:6d3939, reply=RaftClientReply:client-0248CA1A04A4->s0@group-EF46AB43B6D1, cid=272, FAILED org.apache.ratis.protocol.exceptions.NotLeaderException: Server s0@group-EF46AB43B6D1 is not the leader, logIndex=0, commits[s0:c129]
2022-07-14 15:51:54,808 [null-request--thread1] INFO  server.GrpcClientProtocolService (GrpcClientProtocolService.java:lambda$processClientRequest$0(284)) - Failed RaftClientRequest:client-0248CA1A04A4->s0@group-EF46AB43B6D1, cid=272, seq=0, RO, Message:6d3939, reply=RaftClientReply:client-0248CA1A04A4->s0@group-EF46AB43B6D1, cid=272, FAILED org.apache.ratis.protocol.exceptions.NotLeaderException: Server s0@group-EF46AB43B6D1 is not the leader, logIndex=0, commits[s0:c129]
2022-07-14 15:51:54,895 [s0@group-EF46AB43B6D1-FollowerState] INFO  impl.FollowerState (FollowerState.java:run(143)) - s0@group-EF46AB43B6D1-FollowerState: change to CANDIDATE, lastRpcElapsedTime:219626726ns, electionTimeout:213ms
2022-07-14 15:51:54,895 [s0@group-EF46AB43B6D1-FollowerState] INFO  impl.RoleInfo (RoleInfo.java:shutdownFollowerState(110)) - s0: shutdown s0@group-EF46AB43B6D1-FollowerState
2022-07-14 15:51:54,895 [s0@group-EF46AB43B6D1-FollowerState] INFO  server.RaftServer$Division (RaftServerImpl.java:setRole(300)) - s0@group-EF46AB43B6D1: changes role from  FOLLOWER to CANDIDATE at term 1 for changeToCandidate
2022-07-14 15:51:54,895 [s0@group-EF46AB43B6D1-FollowerState] INFO  server.RaftServerConfigKeys (ConfUtils.java:logGet(46)) - raft.server.leaderelection.pre-vote = true (default)
2022-07-14 15:51:54,896 [s0@group-EF46AB43B6D1-FollowerState] INFO  impl.RoleInfo (RoleInfo.java:updateAndGet(139)) - s0: start s0@group-EF46AB43B6D1-LeaderElection17
2022-07-14 15:51:54,896 [s0@group-EF46AB43B6D1-LeaderElection17] INFO  impl.LeaderElection (LeaderElection.java:askForVotes(310)) - s0@group-EF46AB43B6D1-LeaderElection17 PRE_VOTE round 0: submit vote requests at term 1 for 0: [s0|rpc:localhost:43475|admin:localhost:45325|client:localhost:34737|dataStream:localhost:45327|priority:0], old=null
2022-07-14 15:51:54,896 [s0@group-EF46AB43B6D1-LeaderElection17] INFO  impl.LeaderElection (LeaderElection.java:askForVotes(312)) - s0@group-EF46AB43B6D1-LeaderElection17 PRE_VOTE round 0: result PASSED (term=1)
2022-07-14 15:51:54,898 [s0@group-EF46AB43B6D1-LeaderElection17] INFO  impl.LeaderElection (LeaderElection.java:askForVotes(310)) - s0@group-EF46AB43B6D1-LeaderElection17 ELECTION round 0: submit vote requests at term 2 for 0: [s0|rpc:localhost:43475|admin:localhost:45325|client:localhost:34737|dataStream:localhost:45327|priority:0], old=null
2022-07-14 15:51:54,898 [s0@group-EF46AB43B6D1-LeaderElection17] INFO  impl.LeaderElection (LeaderElection.java:askForVotes(312)) - s0@group-EF46AB43B6D1-LeaderElection17 ELECTION round 0: result PASSED (term=2)
2022-07-14 15:51:54,898 [s0@group-EF46AB43B6D1-LeaderElection17] INFO  impl.RoleInfo (RoleInfo.java:shutdownLeaderElection(130)) - s0: shutdown s0@group-EF46AB43B6D1-LeaderElection17
2022-07-14 15:51:54,898 [s0@group-EF46AB43B6D1-LeaderElection17] INFO  server.RaftServer$Division (RaftServerImpl.java:setRole(300)) - s0@group-EF46AB43B6D1: changes role from CANDIDATE to LEADER at term 2 for changeToLeader
2022-07-14 15:51:54,898 [s0@group-EF46AB43B6D1-LeaderElection17] INFO  server.RaftServer$Division (ServerState.java:setLeader(304)) - s0@group-EF46AB43B6D1: change Leader from null to s0 at term 2 for becomeLeader, leader elected after 229ms
2022-07-14 15:51:54,898 [s0@group-EF46AB43B6D1-LeaderElection17] INFO  server.RaftServerConfigKeys (ConfUtils.java:logGet(46)) - raft.server.staging.catchup.gap = 1000 (default)
2022-07-14 15:51:54,898 [s0@group-EF46AB43B6D1-LeaderElection17] INFO  server.RaftServerConfigKeys (ConfUtils.java:logGet(46)) - raft.server.write.element-limit = 4096 (default)
2022-07-14 15:51:54,898 [s0@group-EF46AB43B6D1-LeaderElection17] INFO  server.RaftServerConfigKeys (ConfUtils.java:logGet(46)) - raft.server.write.byte-limit = 64MB (=67108864) (default)
2022-07-14 15:51:54,899 [s0@group-EF46AB43B6D1-LeaderElection17] INFO  server.RaftServerConfigKeys (ConfUtils.java:logGet(46)) - raft.server.watch.timeout = 10s (default)
2022-07-14 15:51:54,899 [s0@group-EF46AB43B6D1-LeaderElection17] INFO  server.RaftServerConfigKeys (ConfUtils.java:logGet(46)) - raft.server.watch.timeout.denomination = 1s (default)
2022-07-14 15:51:54,899 [s0@group-EF46AB43B6D1-LeaderElection17] INFO  server.RaftServerConfigKeys (ConfUtils.java:logGet(46)) - raft.server.watch.element-limit = 65536 (default)
2022-07-14 15:51:54,899 [s0@group-EF46AB43B6D1-LeaderElection17] INFO  server.RaftServerConfigKeys (ConfUtils.java:logGet(46)) - raft.server.write.element-limit = 4096 (default)
2022-07-14 15:51:54,899 [s0@group-EF46AB43B6D1-LeaderElection17] INFO  server.RaftServerConfigKeys (ConfUtils.java:logGet(46)) - raft.server.write.follower.gap.ratio.max = -1.0 (default)
2022-07-14 15:51:54,899 [s0@group-EF46AB43B6D1-LeaderElection17] TRACE segmented.SegmentedRaftLogCache (AutoCloseableReadWriteLock.java:logLocking(65)) - s0@group-EF46AB43B6D1: readLock ACQUIRED 1 by SegmentedRaftLogCache.getLastTermIndex
2022-07-14 15:51:54,899 [s0@group-EF46AB43B6D1-LeaderElection17] TRACE segmented.SegmentedRaftLogCache (AutoCloseableReadWriteLock.java:logLocking(65)) - s0@group-EF46AB43B6D1: readLock RELEASED 0 by SegmentedRaftLogCache.getLastTermIndex
2022-07-14 15:51:54,899 [s0@group-EF46AB43B6D1-LeaderElection17] INFO  impl.RoleInfo (RoleInfo.java:updateAndGet(139)) - s0: start s0@group-EF46AB43B6D1-LeaderStateImpl
2022-07-14 15:51:54,899 [s0@group-EF46AB43B6D1-LeaderElection17] TRACE segmented.SegmentedRaftLogCache (AutoCloseableReadWriteLock.java:logLocking(65)) - s0@group-EF46AB43B6D1: readLock ACQUIRED 1 by SegmentedRaftLogCache.getLastTermIndex
2022-07-14 15:51:54,899 [s0@group-EF46AB43B6D1-LeaderElection17] TRACE segmented.SegmentedRaftLogCache (AutoCloseableReadWriteLock.java:logLocking(65)) - s0@group-EF46AB43B6D1: readLock RELEASED 0 by SegmentedRaftLogCache.getLastTermIndex
2022-07-14 15:51:54,900 [s0@group-EF46AB43B6D1-LeaderElection17] TRACE segmented.SegmentedRaftLogCache (AutoCloseableReadWriteLock.java:logLocking(65)) - s0@group-EF46AB43B6D1: readLock ACQUIRED 1 by SegmentedRaftLogCache.computeTruncateIndices
2022-07-14 15:51:54,900 [s0@group-EF46AB43B6D1-LeaderElection17] TRACE segmented.SegmentedRaftLogCache (AutoCloseableReadWriteLock.java:logLocking(65)) -   s0@group-EF46AB43B6D1: readLock ACQUIRED 2 by SegmentedRaftLogCache$LogSegmentList.binarySearch
2022-07-14 15:51:54,900 [s0@group-EF46AB43B6D1-LeaderElection17] TRACE segmented.SegmentedRaftLogCache (AutoCloseableReadWriteLock.java:logLocking(65)) -   s0@group-EF46AB43B6D1: readLock RELEASED 1 by SegmentedRaftLogCache$LogSegmentList.binarySearch
2022-07-14 15:51:54,900 [s0@group-EF46AB43B6D1-LeaderElection17] TRACE segmented.SegmentedRaftLogCache (AutoCloseableReadWriteLock.java:logLocking(65)) -   s0@group-EF46AB43B6D1: readLock ACQUIRED 2 by SegmentedRaftLogCache$LogSegmentList.size
2022-07-14 15:51:54,900 [s0@group-EF46AB43B6D1-LeaderElection17] TRACE segmented.SegmentedRaftLogCache (AutoCloseableReadWriteLock.java:logLocking(65)) -   s0@group-EF46AB43B6D1: readLock RELEASED 1 by SegmentedRaftLogCache$LogSegmentList.size
2022-07-14 15:51:54,900 [s0@group-EF46AB43B6D1-LeaderElection17] TRACE segmented.SegmentedRaftLogCache (AutoCloseableReadWriteLock.java:logLocking(65)) - s0@group-EF46AB43B6D1: readLock RELEASED 0 by SegmentedRaftLogCache.computeTruncateIndices
2022-07-14 15:51:54,900 [s0@group-EF46AB43B6D1-LeaderElection17] DEBUG raftlog.RaftLog (SegmentedRaftLog.java:appendImpl(447)) - truncateIndex=-1, arrayIndex=0
2022-07-14 15:51:54,900 [s0@group-EF46AB43B6D1-LeaderElection17] TRACE segmented.SegmentedRaftLogCache (AutoCloseableReadWriteLock.java:logLocking(65)) - s0@group-EF46AB43B6D1: readLock ACQUIRED 1 by SegmentedRaftLogCache.getLastTermIndex
2022-07-14 15:51:54,900 [s0@group-EF46AB43B6D1-LeaderElection17] TRACE segmented.SegmentedRaftLogCache (AutoCloseableReadWriteLock.java:logLocking(65)) - s0@group-EF46AB43B6D1: readLock RELEASED 0 by SegmentedRaftLogCache.getLastTermIndex
2022-07-14 15:51:54,900 [s0@group-EF46AB43B6D1-LeaderElection17] TRACE segmented.SegmentedRaftLogCache (AutoCloseableReadWriteLock.java:logLocking(65)) - s0@group-EF46AB43B6D1: writeLock ACQUIRED 1 by SegmentedRaftLogCache$LogSegmentList.add
2022-07-14 15:51:54,900 [s0@group-EF46AB43B6D1-LeaderElection17] TRACE segmented.SegmentedRaftLogCache (AutoCloseableReadWriteLock.java:logLocking(65)) - s0@group-EF46AB43B6D1: writeLock RELEASED 0 by SegmentedRaftLogCache$LogSegmentList.add
2022-07-14 15:51:54,900 [s0@group-EF46AB43B6D1-LeaderElection17] TRACE segmented.SegmentedRaftLogCache (SegmentedRaftLogCache.java:clearOpenSegment(456)) - s0@group-EF46AB43B6D1-SegmentedRaftLogCache: clearOpenSegment log-0_131
2022-07-14 15:51:54,900 [s0@group-EF46AB43B6D1-LeaderElection17] TRACE segmented.SegmentedRaftLogCache (SegmentedRaftLogCache.java:setOpenSegment(450)) - s0@group-EF46AB43B6D1-SegmentedRaftLogCache: setOpenSegment to log_inprogress_132
2022-07-14 15:51:54,900 [s0@group-EF46AB43B6D1-LeaderElection17] INFO  segmented.SegmentedRaftLogWorker (SegmentedRaftLogWorker.java:rollLogSegment(430)) - s0@group-EF46AB43B6D1-SegmentedRaftLogWorker: Rolling segment log-0_131 to index:131
2022-07-14 15:51:54,901 [s0@group-EF46AB43B6D1-LeaderElection17] DEBUG segmented.SegmentedRaftLogWorker (SegmentedRaftLogWorker.java:addIOTask(270)) - s0@group-EF46AB43B6D1-SegmentedRaftLogWorker adds IO task FinalizeLogSegment:131: startIndex=0 endIndex=131
2022-07-14 15:51:54,901 [s0@group-EF46AB43B6D1-LeaderElection17] DEBUG segmented.SegmentedRaftLogWorker (SegmentedRaftLogWorker.java:addIOTask(270)) - s0@group-EF46AB43B6D1-SegmentedRaftLogWorker adds IO task StartLogSegment:132
2022-07-14 15:51:54,901 [s0@group-EF46AB43B6D1-LeaderElection17] TRACE segmented.SegmentedRaftLogCache (AutoCloseableReadWriteLock.java:logLocking(65)) - s0@group-EF46AB43B6D1: readLock ACQUIRED 1 by SegmentedRaftLogCache$LogSegmentList.countCached
2022-07-14 15:51:54,901 [s0@group-EF46AB43B6D1-LeaderElection17] TRACE segmented.SegmentedRaftLogCache (AutoCloseableReadWriteLock.java:logLocking(65)) - s0@group-EF46AB43B6D1: readLock RELEASED 0 by SegmentedRaftLogCache$LogSegmentList.countCached
2022-07-14 15:51:54,901 [s0@group-EF46AB43B6D1-LeaderElection17] TRACE segmented.SegmentedRaftLogCache (AutoCloseableReadWriteLock.java:logLocking(65)) - s0@group-EF46AB43B6D1: readLock ACQUIRED 1 by SegmentedRaftLogCache$LogSegmentList.getTotalCacheSize
2022-07-14 15:51:54,901 [s0@group-EF46AB43B6D1-SegmentedRaftLogWorker] TRACE util.FileUtils (LogUtils.java:runAndLog(49)) - Successfully ran Files.move /home/runner/work/ratis/ratis/ratis-test/target/test/data/7931f2a6/MiniRaftClusterWithGrpc6c3cfa42/s0/d33854d5-690d-4a13-9a9e-ef46ab43b6d1/current/log_inprogress_0 to /home/runner/work/ratis/ratis/ratis-test/target/test/data/7931f2a6/MiniRaftClusterWithGrpc6c3cfa42/s0/d33854d5-690d-4a13-9a9e-ef46ab43b6d1/current/log_0-131
2022-07-14 15:51:54,901 [s0@group-EF46AB43B6D1-SegmentedRaftLogWorker] INFO  segmented.SegmentedRaftLogWorker (SegmentedRaftLogWorker.java:execute(586)) - s0@group-EF46AB43B6D1-SegmentedRaftLogWorker: Rolled log segment from /home/runner/work/ratis/ratis/ratis-test/target/test/data/7931f2a6/MiniRaftClusterWithGrpc6c3cfa42/s0/d33854d5-690d-4a13-9a9e-ef46ab43b6d1/current/log_inprogress_0 to /home/runner/work/ratis/ratis/ratis-test/target/test/data/7931f2a6/MiniRaftClusterWithGrpc6c3cfa42/s0/d33854d5-690d-4a13-9a9e-ef46ab43b6d1/current/log_0-131
2022-07-14 15:51:54,901 [s0@group-EF46AB43B6D1-LeaderElection17] TRACE segmented.SegmentedRaftLogCache (AutoCloseableReadWriteLock.java:logLocking(65)) - s0@group-EF46AB43B6D1: readLock RELEASED 0 by SegmentedRaftLogCache$LogSegmentList.getTotalCacheSize
2022-07-14 15:51:54,901 [s0@group-EF46AB43B6D1-LeaderElection17] DEBUG segmented.SegmentedRaftLogWorker (SegmentedRaftLogWorker.java:addIOTask(270)) - s0@group-EF46AB43B6D1-SegmentedRaftLogWorker adds IO task WriteLog:132: (t:2, i:132), CONFIGURATIONENTRY
2022-07-14 15:51:54,902 [s0@group-EF46AB43B6D1-LeaderElection17] INFO  server.RaftServer$Division (ServerState.java:setRaftConf(420)) - s0@group-EF46AB43B6D1: set configuration 132: [s0|rpc:localhost:43475|admin:localhost:45325|client:localhost:34737|dataStream:localhost:45327|priority:0], old=null
2022-07-14 15:51:54,902 [s0@group-EF46AB43B6D1-LeaderStateImpl] TRACE segmented.SegmentedRaftLogCache (AutoCloseableReadWriteLock.java:logLocking(65)) - s0@group-EF46AB43B6D1: readLock ACQUIRED 1 by SegmentedRaftLogCache.getStartIndex
2022-07-14 15:51:54,902 [s0@group-EF46AB43B6D1-SegmentedRaftLogWorker] INFO  segmented.SegmentedRaftLogWorker (SegmentedRaftLogWorker.java:execute(629)) - s0@group-EF46AB43B6D1-SegmentedRaftLogWorker: created new log segment /home/runner/work/ratis/ratis/ratis-test/target/test/data/7931f2a6/MiniRaftClusterWithGrpc6c3cfa42/s0/d33854d5-690d-4a13-9a9e-ef46ab43b6d1/current/log_inprogress_132
2022-07-14 15:51:54,903 [s0@group-EF46AB43B6D1-SegmentedRaftLogWorker] DEBUG segmented.SegmentedRaftLogWorker (SegmentedRaftLogWorker.java:flushIfNecessary(365)) - s0@group-EF46AB43B6D1-SegmentedRaftLogWorker: flush SegmentedRaftLogOutputStream(/home/runner/work/ratis/ratis/ratis-test/target/test/data/7931f2a6/MiniRaftClusterWithGrpc6c3cfa42/s0/d33854d5-690d-4a13-9a9e-ef46ab43b6d1/current/log_inprogress_132)
2022-07-14 15:51:54,903 [s0@group-EF46AB43B6D1-LeaderStateImpl] TRACE segmented.SegmentedRaftLogCache (AutoCloseableReadWriteLock.java:logLocking(65)) -   s0@group-EF46AB43B6D1: readLock ACQUIRED 2 by SegmentedRaftLogCache$LogSegmentList.isEmpty
2022-07-14 15:51:54,903 [s0@group-EF46AB43B6D1-LeaderStateImpl] TRACE segmented.SegmentedRaftLogCache (AutoCloseableReadWriteLock.java:logLocking(65)) -   s0@group-EF46AB43B6D1: readLock RELEASED 1 by SegmentedRaftLogCache$LogSegmentList.isEmpty
2022-07-14 15:51:54,903 [s0@group-EF46AB43B6D1-LeaderStateImpl] TRACE segmented.SegmentedRaftLogCache (AutoCloseableReadWriteLock.java:logLocking(65)) -   s0@group-EF46AB43B6D1: readLock ACQUIRED 2 by SegmentedRaftLogCache$LogSegmentList.get
2022-07-14 15:51:54,903 [s0@group-EF46AB43B6D1-LeaderStateImpl] TRACE segmented.SegmentedRaftLogCache (AutoCloseableReadWriteLock.java:logLocking(65)) -   s0@group-EF46AB43B6D1: readLock RELEASED 1 by SegmentedRaftLogCache$LogSegmentList.get
2022-07-14 15:51:54,903 [s0@group-EF46AB43B6D1-LeaderStateImpl] TRACE segmented.SegmentedRaftLogCache (AutoCloseableReadWriteLock.java:logLocking(65)) - s0@group-EF46AB43B6D1: readLock RELEASED 0 by SegmentedRaftLogCache.getStartIndex
2022-07-14 15:51:54,903 [s0@group-EF46AB43B6D1-LeaderStateImpl] TRACE segmented.SegmentedRaftLogCache (AutoCloseableReadWriteLock.java:logLocking(65)) - s0@group-EF46AB43B6D1: readLock ACQUIRED 1 by SegmentedRaftLogCache.getEndIndex
2022-07-14 15:51:54,903 [s0@group-EF46AB43B6D1-LeaderStateImpl] TRACE segmented.SegmentedRaftLogCache (AutoCloseableReadWriteLock.java:logLocking(65)) - s0@group-EF46AB43B6D1: readLock RELEASED 0 by SegmentedRaftLogCache.getEndIndex
2022-07-14 15:51:54,903 [s0@group-EF46AB43B6D1-LeaderStateImpl] TRACE segmented.SegmentedRaftLogCache (AutoCloseableReadWriteLock.java:logLocking(65)) - s0@group-EF46AB43B6D1: readLock ACQUIRED 1 by SegmentedRaftLogCache$LogSegmentList.getTermIndex
2022-07-14 15:51:54,903 [s0@group-EF46AB43B6D1-LeaderStateImpl] TRACE segmented.SegmentedRaftLogCache (AutoCloseableReadWriteLock.java:logLocking(65)) - s0@group-EF46AB43B6D1: readLock RELEASED 0 by SegmentedRaftLogCache$LogSegmentList.getTermIndex
2022-07-14 15:51:54,903 [s0@group-EF46AB43B6D1-LeaderStateImpl] TRACE segmented.SegmentedRaftLogCache (AutoCloseableReadWriteLock.java:logLocking(65)) - s0@group-EF46AB43B6D1: readLock ACQUIRED 1 by SegmentedRaftLogCache$LogSegmentList.search
2022-07-14 15:51:54,903 [s0@group-EF46AB43B6D1-LeaderStateImpl] TRACE segmented.SegmentedRaftLogCache (AutoCloseableReadWriteLock.java:logLocking(65)) - s0@group-EF46AB43B6D1: readLock RELEASED 0 by SegmentedRaftLogCache$LogSegmentList.search
2022-07-14 15:51:54,903 [s0@group-EF46AB43B6D1-LeaderStateImpl] TRACE segmented.SegmentedRaftLogCache (AutoCloseableReadWriteLock.java:logLocking(65)) - s0@group-EF46AB43B6D1: readLock ACQUIRED 1 by SegmentedRaftLogCache.getStartIndex
2022-07-14 15:51:54,903 [s0@group-EF46AB43B6D1-LeaderStateImpl] TRACE segmented.SegmentedRaftLogCache (AutoCloseableReadWriteLock.java:logLocking(65)) -   s0@group-EF46AB43B6D1: readLock ACQUIRED 2 by SegmentedRaftLogCache$LogSegmentList.isEmpty
2022-07-14 15:51:54,903 [s0@group-EF46AB43B6D1-LeaderStateImpl] TRACE segmented.SegmentedRaftLogCache (AutoCloseableReadWriteLock.java:logLocking(65)) -   s0@group-EF46AB43B6D1: readLock RELEASED 1 by SegmentedRaftLogCache$LogSegmentList.isEmpty
2022-07-14 15:51:54,903 [s0@group-EF46AB43B6D1-LeaderStateImpl] TRACE segmented.SegmentedRaftLogCache (AutoCloseableReadWriteLock.java:logLocking(65)) -   s0@group-EF46AB43B6D1: readLock ACQUIRED 2 by SegmentedRaftLogCache$LogSegmentList.get
2022-07-14 15:51:54,903 [s0@group-EF46AB43B6D1-LeaderStateImpl] TRACE segmented.SegmentedRaftLogCache (AutoCloseableReadWriteLock.java:logLocking(65)) -   s0@group-EF46AB43B6D1: readLock RELEASED 1 by SegmentedRaftLogCache$LogSegmentList.get
2022-07-14 15:51:54,903 [s0@group-EF46AB43B6D1-LeaderStateImpl] TRACE segmented.SegmentedRaftLogCache (AutoCloseableReadWriteLock.java:logLocking(65)) - s0@group-EF46AB43B6D1: readLock RELEASED 0 by SegmentedRaftLogCache.getStartIndex
2022-07-14 15:51:54,904 [s0@group-EF46AB43B6D1-LeaderStateImpl] TRACE segmented.SegmentedRaftLogCache (AutoCloseableReadWriteLock.java:logLocking(65)) - s0@group-EF46AB43B6D1: readLock ACQUIRED 1 by SegmentedRaftLogCache.getEndIndex
2022-07-14 15:51:54,904 [s0@group-EF46AB43B6D1-LeaderStateImpl] TRACE segmented.SegmentedRaftLogCache (AutoCloseableReadWriteLock.java:logLocking(65)) - s0@group-EF46AB43B6D1: readLock RELEASED 0 by SegmentedRaftLogCache.getEndIndex
2022-07-14 15:51:54,904 [s0@group-EF46AB43B6D1-LeaderStateImpl] TRACE segmented.SegmentedRaftLogCache (AutoCloseableReadWriteLock.java:logLocking(65)) - s0@group-EF46AB43B6D1: readLock ACQUIRED 1 by SegmentedRaftLogCache$LogSegmentList.getTermIndex
2022-07-14 15:51:54,904 [s0@group-EF46AB43B6D1-LeaderStateImpl] TRACE segmented.SegmentedRaftLogCache (AutoCloseableReadWriteLock.java:logLocking(65)) - s0@group-EF46AB43B6D1: readLock RELEASED 0 by SegmentedRaftLogCache$LogSegmentList.getTermIndex
2022-07-14 15:51:54,904 [s0@group-EF46AB43B6D1-StateMachineUpdater] TRACE segmented.SegmentedRaftLogCache (AutoCloseableReadWriteLock.java:logLocking(65)) - s0@group-EF46AB43B6D1: readLock ACQUIRED 1 by SegmentedRaftLogCache$LogSegmentList.search
2022-07-14 15:51:54,904 [s0@group-EF46AB43B6D1-StateMachineUpdater] TRACE segmented.SegmentedRaftLogCache (AutoCloseableReadWriteLock.java:logLocking(65)) - s0@group-EF46AB43B6D1: readLock RELEASED 0 by SegmentedRaftLogCache$LogSegmentList.search
2022-07-14 15:51:54,904 [s0@group-EF46AB43B6D1-LeaderStateImpl] TRACE segmented.SegmentedRaftLogCache (AutoCloseableReadWriteLock.java:logLocking(65)) - s0@group-EF46AB43B6D1: readLock ACQUIRED 1 by SegmentedRaftLogCache.getLastTermIndex
2022-07-14 15:51:54,904 [s0@group-EF46AB43B6D1-LeaderStateImpl] TRACE segmented.SegmentedRaftLogCache (AutoCloseableReadWriteLock.java:logLocking(65)) - s0@group-EF46AB43B6D1: readLock RELEASED 0 by SegmentedRaftLogCache.getLastTermIndex
2022-07-14 15:51:54,904 [s0@group-EF46AB43B6D1-LeaderStateImpl] TRACE segmented.SegmentedRaftLogCache (AutoCloseableReadWriteLock.java:logLocking(65)) - s0@group-EF46AB43B6D1: readLock ACQUIRED 1 by SegmentedRaftLogCache$LogSegmentList.countCached
2022-07-14 15:51:54,904 [s0@group-EF46AB43B6D1-LeaderStateImpl] TRACE segmented.SegmentedRaftLogCache (AutoCloseableReadWriteLock.java:logLocking(65)) - s0@group-EF46AB43B6D1: readLock RELEASED 0 by SegmentedRaftLogCache$LogSegmentList.countCached
2022-07-14 15:51:54,904 [s0@group-EF46AB43B6D1-LeaderStateImpl] TRACE segmented.SegmentedRaftLogCache (AutoCloseableReadWriteLock.java:logLocking(65)) - s0@group-EF46AB43B6D1: readLock ACQUIRED 1 by SegmentedRaftLogCache$LogSegmentList.getTotalCacheSize
2022-07-14 15:51:54,904 [s0@group-EF46AB43B6D1-LeaderStateImpl] TRACE segmented.SegmentedRaftLogCache (AutoCloseableReadWriteLock.java:logLocking(65)) - s0@group-EF46AB43B6D1: readLock RELEASED 0 by SegmentedRaftLogCache$LogSegmentList.getTotalCacheSize
2022-07-14 15:51:54,904 [s0@group-EF46AB43B6D1-LeaderStateImpl] DEBUG segmented.SegmentedRaftLogWorker (SegmentedRaftLogWorker.java:addIOTask(270)) - s0@group-EF46AB43B6D1-SegmentedRaftLogWorker adds IO task WriteLog:133: (t:2, i:133), METADATAENTRY(c:132)
2022-07-14 15:51:54,904 [s0@group-EF46AB43B6D1-SegmentedRaftLogWorker] DEBUG segmented.SegmentedRaftLogWorker (SegmentedRaftLogWorker.java:flushIfNecessary(365)) - s0@group-EF46AB43B6D1-SegmentedRaftLogWorker: flush SegmentedRaftLogOutputStream(/home/runner/work/ratis/ratis/ratis-test/target/test/data/7931f2a6/MiniRaftClusterWithGrpc6c3cfa42/s0/d33854d5-690d-4a13-9a9e-ef46ab43b6d1/current/log_inprogress_132)
2022-07-14 15:51:54,904 [s0@group-EF46AB43B6D1-StateMachineUpdater] TRACE segmented.SegmentedRaftLogCache (AutoCloseableReadWriteLock.java:logLocking(65)) - s0@group-EF46AB43B6D1: readLock ACQUIRED 1 by SegmentedRaftLogCache$LogSegmentList.search
2022-07-14 15:51:54,905 [s0@group-EF46AB43B6D1-StateMachineUpdater] TRACE segmented.SegmentedRaftLogCache (AutoCloseableReadWriteLock.java:logLocking(65)) - s0@group-EF46AB43B6D1: readLock RELEASED 0 by SegmentedRaftLogCache$LogSegmentList.search
2022-07-14 15:51:54,905 [s0@group-EF46AB43B6D1-StateMachineUpdater] INFO  statemachine.SimpleStateMachine4Testing (SimpleStateMachine4Testing.java:put(204)) - s0: put 131, m65 -> (t:1, i:131), STATEMACHINELOGENTRY, 236@client-64B90517F321
2022-07-14 15:51:54,905 [s0@group-EF46AB43B6D1-LeaderStateImpl] TRACE segmented.SegmentedRaftLogCache (AutoCloseableReadWriteLock.java:logLocking(65)) - s0@group-EF46AB43B6D1: readLock ACQUIRED 1 by SegmentedRaftLogCache.getStartIndex
2022-07-14 15:51:54,905 [s0@group-EF46AB43B6D1-LeaderStateImpl] TRACE segmented.SegmentedRaftLogCache (AutoCloseableReadWriteLock.java:logLocking(65)) -   s0@group-EF46AB43B6D1: readLock ACQUIRED 2 by SegmentedRaftLogCache$LogSegmentList.isEmpty
2022-07-14 15:51:54,905 [s0@group-EF46AB43B6D1-LeaderStateImpl] TRACE segmented.SegmentedRaftLogCache (AutoCloseableReadWriteLock.java:logLocking(65)) -   s0@group-EF46AB43B6D1: readLock RELEASED 1 by SegmentedRaftLogCache$LogSegmentList.isEmpty
2022-07-14 15:51:54,905 [s0@group-EF46AB43B6D1-LeaderStateImpl] TRACE segmented.SegmentedRaftLogCache (AutoCloseableReadWriteLock.java:logLocking(65)) -   s0@group-EF46AB43B6D1: readLock ACQUIRED 2 by SegmentedRaftLogCache$LogSegmentList.get
2022-07-14 15:51:54,905 [s0@group-EF46AB43B6D1-LeaderStateImpl] TRACE segmented.SegmentedRaftLogCache (AutoCloseableReadWriteLock.java:logLocking(65)) -   s0@group-EF46AB43B6D1: readLock RELEASED 1 by SegmentedRaftLogCache$LogSegmentList.get
2022-07-14 15:51:54,905 [s0@group-EF46AB43B6D1-LeaderStateImpl] TRACE segmented.SegmentedRaftLogCache (AutoCloseableReadWriteLock.java:logLocking(65)) - s0@group-EF46AB43B6D1: readLock RELEASED 0 by SegmentedRaftLogCache.getStartIndex
2022-07-14 15:51:54,905 [s0@group-EF46AB43B6D1-LeaderStateImpl] TRACE segmented.SegmentedRaftLogCache (AutoCloseableReadWriteLock.java:logLocking(65)) - s0@group-EF46AB43B6D1: readLock ACQUIRED 1 by SegmentedRaftLogCache.getEndIndex
2022-07-14 15:51:54,905 [s0@group-EF46AB43B6D1-LeaderStateImpl] TRACE segmented.SegmentedRaftLogCache (AutoCloseableReadWriteLock.java:logLocking(65)) - s0@group-EF46AB43B6D1: readLock RELEASED 0 by SegmentedRaftLogCache.getEndIndex
2022-07-14 15:51:54,905 [s0@group-EF46AB43B6D1-LeaderStateImpl] TRACE segmented.SegmentedRaftLogCache (AutoCloseableReadWriteLock.java:logLocking(65)) - s0@group-EF46AB43B6D1: readLock ACQUIRED 1 by SegmentedRaftLogCache$LogSegmentList.getTermIndex
2022-07-14 15:51:54,905 [s0@group-EF46AB43B6D1-LeaderStateImpl] TRACE segmented.SegmentedRaftLogCache (AutoCloseableReadWriteLock.java:logLocking(65)) - s0@group-EF46AB43B6D1: readLock RELEASED 0 by SegmentedRaftLogCache$LogSegmentList.getTermIndex
2022-07-14 15:51:54,911 [s0-client-thread1] INFO  statemachine.SimpleStateMachine4Testing (SimpleStateMachine4Testing.java:query(344)) - query m99
2022-07-14 15:51:54,912 [null-request--thread1] INFO  server.GrpcClientProtocolService (GrpcClientProtocolService.java:lambda$processClientRequest$0(284)) - Failed RaftClientRequest:client-0248CA1A04A4->s0@group-EF46AB43B6D1, cid=272, seq=0, RO, Message:6d3939, reply=RaftClientReply:client-0248CA1A04A4->s0@group-EF46AB43B6D1, cid=272, FAILED org.apache.ratis.protocol.exceptions.StateMachineException: Failed request Message:6d3939, logIndex=0, commits[s0:c133]
2022-07-14 15:51:54,915 [Time-limited test] INFO  grpc.TestServerRestartWithGrpc (BaseTest.java:assertThrowable(133)) - The test "last-entry-not-found" throws StateMachineException
org.apache.ratis.protocol.exceptions.StateMachineException: java.lang.IndexOutOfBoundsException from Server s0@group-EF46AB43B6D1: s0: LogEntry not found for query m99
	at org.apache.ratis.statemachine.SimpleStateMachine4Testing.query(SimpleStateMachine4Testing.java:349)
	at org.apache.ratis.server.impl.RaftServerImpl.submitClientRequestAsync(RaftServerImpl.java:825)
	at org.apache.ratis.server.impl.RaftServerImpl.lambda$null$12(RaftServerImpl.java:786)
	at org.apache.ratis.util.JavaUtils.callAsUnchecked(JavaUtils.java:115)
	at org.apache.ratis.server.impl.RaftServerImpl.lambda$executeSubmitClientRequestAsync$13(RaftServerImpl.java:786)
	at java.util.concurrent.CompletableFuture$AsyncSupply.run(CompletableFuture.java:1604)
	at java.util.concurrent.ThreadPoolExecutor.runWorker(ThreadPoolExecutor.java:1149)
	at java.util.concurrent.ThreadPoolExecutor$Worker.run(ThreadPoolExecutor.java:624)
	at java.lang.Thread.run(Thread.java:750)
Caused by: java.lang.IndexOutOfBoundsException: s0: LogEntry not found for query m99
	at sun.reflect.NativeConstructorAccessorImpl.newInstance0(Native Method)
	at sun.reflect.NativeConstructorAccessorImpl.newInstance(NativeConstructorAccessorImpl.java:62)
	at sun.reflect.DelegatingConstructorAccessorImpl.newInstance(DelegatingConstructorAccessorImpl.java:45)
	at java.lang.reflect.Constructor.newInstance(Constructor.java:423)
	at org.apache.ratis.util.ReflectionUtils.instantiateException(ReflectionUtils.java:259)
	at org.apache.ratis.client.impl.ClientProtoUtils.toStateMachineException(ClientProtoUtils.java:426)
	at org.apache.ratis.client.impl.ClientProtoUtils.toStateMachineException(ClientProtoUtils.java:412)
	at org.apache.ratis.client.impl.ClientProtoUtils.toRaftClientReply(ClientProtoUtils.java:383)
	at java.util.concurrent.CompletableFuture.uniApply(CompletableFuture.java:616)
	at java.util.concurrent.CompletableFuture$UniApply.tryFire(CompletableFuture.java:591)
	at java.util.concurrent.CompletableFuture.postComplete(CompletableFuture.java:488)
	at java.util.concurrent.CompletableFuture.complete(CompletableFuture.java:1975)
	at org.apache.ratis.grpc.client.GrpcClientRpc$1.onNext(GrpcClientRpc.java:151)
	at org.apache.ratis.grpc.client.GrpcClientRpc$1.onNext(GrpcClientRpc.java:148)
	at org.apache.ratis.thirdparty.io.grpc.stub.ClientCalls$StreamObserverToCallListenerAdapter.onMessage(ClientCalls.java:466)
	at org.apache.ratis.thirdparty.io.grpc.ForwardingClientCallListener.onMessage(ForwardingClientCallListener.java:33)
	at org.apache.ratis.thirdparty.io.grpc.internal.ClientCallImpl$ClientStreamListenerImpl$1MessagesAvailable.runInternal(ClientCallImpl.java:661)
	at org.apache.ratis.thirdparty.io.grpc.internal.ClientCallImpl$ClientStreamListenerImpl$1MessagesAvailable.runInContext(ClientCallImpl.java:646)
	at org.apache.ratis.thirdparty.io.grpc.internal.ContextRunnable.run(ContextRunnable.java:37)
	at org.apache.ratis.thirdparty.io.grpc.internal.SerializingExecutor.run(SerializingExecutor.java:133)
	... 3 more
2022-07-14 15:51:54,916 [Time-limited test] INFO  impl.MiniRaftCluster (MiniRaftCluster.java:shutdown(779)) - ************************************************************** 
2022-07-14 15:51:54,916 [Time-limited test] INFO  impl.MiniRaftCluster (MiniRaftCluster.java:shutdown(780)) - *** 
2022-07-14 15:51:54,916 [Time-limited test] INFO  impl.MiniRaftCluster (MiniRaftCluster.java:shutdown(781)) - ***     Stopping MiniRaftClusterWithGrpc
2022-07-14 15:51:54,916 [Time-limited test] INFO  impl.MiniRaftCluster (MiniRaftCluster.java:shutdown(782)) - *** 
2022-07-14 15:51:54,916 [Time-limited test] INFO  impl.MiniRaftCluster (MiniRaftCluster.java:shutdown(783)) - ************************************************************** 
2022-07-14 15:51:54,917 [Time-limited test] INFO  impl.MiniRaftCluster (MiniRaftCluster.java:shutdown(784)) - printing ALL groups
  s0:  RUNNING    LEADER s0@group-EF46AB43B6D1:t2, leader=s0, voted=s0, raftlog=Memoized:s0@group-EF46AB43B6D1-SegmentedRaftLog:OPENED:c133, conf=132: [s0|rpc:localhost:43475|admin:localhost:45325|client:localhost:34737|dataStream:localhost:45327|priority:0], old=null RUNNING
2022-07-14 15:51:54,917 [java.util.concurrent.ThreadPoolExecutor$Worker@454f9e6e[State = -1, empty queue]] INFO  server.RaftServer (RaftServerProxy.java:lambda$close$6(401)) - s0: close
2022-07-14 15:51:54,917 [java.util.concurrent.ThreadPoolExecutor$Worker@454f9e6e[State = -1, empty queue]] INFO  server.RaftServer$Division (RaftServerImpl.java:lambda$close$4(437)) - s0@group-EF46AB43B6D1: shutdown
2022-07-14 15:51:54,917 [java.util.concurrent.ThreadPoolExecutor$Worker@454f9e6e[State = -1, empty queue]] INFO  util.JmxRegister (JmxRegister.java:unregister(73)) - Successfully un-registered JMX Bean with object name Ratis:service=RaftServer,group=group-EF46AB43B6D1,id=s0
2022-07-14 15:51:54,918 [java.util.concurrent.ThreadPoolExecutor$Worker@454f9e6e[State = -1, empty queue]] INFO  impl.RoleInfo (RoleInfo.java:shutdownLeaderState(93)) - s0: shutdown s0@group-EF46AB43B6D1-LeaderStateImpl
2022-07-14 15:51:54,918 [java.util.concurrent.ThreadPoolExecutor$Worker@454f9e6e[State = -1, empty queue]] INFO  impl.PendingRequests (PendingRequests.java:sendNotLeaderResponses(282)) - s0@group-EF46AB43B6D1-PendingRequests: sendNotLeaderResponses
2022-07-14 15:51:54,918 [java.util.concurrent.ThreadPoolExecutor$Worker@454f9e6e[State = -1, empty queue]] INFO  impl.StateMachineUpdater (StateMachineUpdater.java:stopAndJoin(153)) - s0@group-EF46AB43B6D1-StateMachineUpdater: set stopIndex = 133
2022-07-14 15:51:54,918 [java.util.concurrent.ThreadPoolExecutor$Worker@454f9e6e[State = -1, empty queue]] INFO  server.RaftServer$Division (ServerState.java:close(456)) - s0@group-EF46AB43B6D1: closes. applyIndex: 133
2022-07-14 15:51:54,918 [java.util.concurrent.ThreadPoolExecutor$Worker@454f9e6e[State = -1, empty queue]] TRACE segmented.SegmentedRaftLogCache (SegmentedRaftLogCache.java:clearOpenSegment(456)) - s0@group-EF46AB43B6D1-SegmentedRaftLogCache: clearOpenSegment log_inprogress_132
2022-07-14 15:51:54,919 [java.util.concurrent.ThreadPoolExecutor$Worker@454f9e6e[State = -1, empty queue]] TRACE segmented.SegmentedRaftLogCache (AutoCloseableReadWriteLock.java:logLocking(65)) - s0@group-EF46AB43B6D1: writeLock ACQUIRED 1 by SegmentedRaftLogCache$LogSegmentList.clear
2022-07-14 15:51:54,919 [java.util.concurrent.ThreadPoolExecutor$Worker@454f9e6e[State = -1, empty queue]] TRACE segmented.SegmentedRaftLogCache (AutoCloseableReadWriteLock.java:logLocking(65)) - s0@group-EF46AB43B6D1: writeLock RELEASED 0 by SegmentedRaftLogCache$LogSegmentList.clear
2022-07-14 15:51:54,919 [s0@group-EF46AB43B6D1-SegmentedRaftLogWorker] INFO  segmented.SegmentedRaftLogWorker (SegmentedRaftLogWorker.java:run(336)) - s0@group-EF46AB43B6D1-SegmentedRaftLogWorker was interrupted, exiting. There are 0 tasks remaining in the queue.
2022-07-14 15:51:54,919 [java.util.concurrent.ThreadPoolExecutor$Worker@454f9e6e[State = -1, empty queue]] INFO  segmented.SegmentedRaftLogWorker (SegmentedRaftLogWorker.java:close(246)) - s0@group-EF46AB43B6D1-SegmentedRaftLogWorker close()
2022-07-14 15:51:54,919 [java.util.concurrent.ThreadPoolExecutor$Worker@454f9e6e[State = -1, empty queue]] INFO  server.GrpcService (GrpcService.java:closeImpl(269)) - s0: shutdown server with port 43475 now
2022-07-14 15:51:54,920 [java.util.concurrent.ThreadPoolExecutor$Worker@454f9e6e[State = -1, empty queue]] INFO  server.GrpcService (GrpcService.java:closeImpl(278)) - s0: shutdown server with port 43475 successfully
2022-07-14 15:51:54,920 [java.util.concurrent.ThreadPoolExecutor$Worker@454f9e6e[State = -1, empty queue]] INFO  server.GrpcService (GrpcService.java:closeImpl(269)) - s0: shutdown server with port 45325 now
2022-07-14 15:51:54,920 [java.util.concurrent.ThreadPoolExecutor$Worker@454f9e6e[State = -1, empty queue]] INFO  server.GrpcService (GrpcService.java:closeImpl(278)) - s0: shutdown server with port 45325 successfully
2022-07-14 15:51:54,920 [java.util.concurrent.ThreadPoolExecutor$Worker@454f9e6e[State = -1, empty queue]] INFO  server.GrpcService (GrpcService.java:closeImpl(269)) - s0: shutdown server with port 34737 now
2022-07-14 15:51:54,920 [java.util.concurrent.ThreadPoolExecutor$Worker@454f9e6e[State = -1, empty queue]] INFO  server.GrpcService (GrpcService.java:closeImpl(278)) - s0: shutdown server with port 34737 successfully
2022-07-14 15:51:54,920 [org.apache.ratis.util.JvmPauseMonitor$$Lambda$286/2097283891@9e18db2] INFO  util.JvmPauseMonitor (JvmPauseMonitor.java:run(109)) - JvmPauseMonitor-s0: Stopped
2022-07-14 15:51:54,920 [Time-limited test] INFO  impl.MiniRaftCluster (MiniRaftCluster.java:shutdown(802)) - MiniRaftClusterWithGrpc shutdown completed
]]></system-out>
  </testcase>
</testsuite>